<?xml version="1.0" encoding="UTF-8"?>
<testsuites name="New Registration" time="11133" tests="9" failures="4" errors="0">
   <testsuite name="New Registration" tests="9" failures="4" errors="0" time="11133" timestamp="2018-12-04 09:35:05" hostname="Admin - Win7Test02" id="Test Suites/Workflow/New Registration">
      <properties>
         <property name="deviceName" value=""/>
         <property name="devicePlatform" value=""/>
         <property name="logFolder" value="C:\\Users\\Admin\\Desktop\\PKS\\Perkeso Phase A\\Reports\\Workflow\\New Registration\\20181204_093502"/>
         <property name="logFiles" value="C:\\Users\\Admin\\Desktop\\PKS\\Perkeso Phase A\\Reports\\Workflow\\New Registration\\20181204_093502\\execution0.log, C:\\Users\\Admin\\Desktop\\PKS\\Perkeso Phase A\\Reports\\Workflow\\New Registration\\20181204_093502\\execution1.log, C:\\Users\\Admin\\Desktop\\PKS\\Perkeso Phase A\\Reports\\Workflow\\New Registration\\20181204_093502\\execution2.log"/>
         <property name="attachments" value="C:\\Users\\Admin\\Desktop\\PKS\\Perkeso Phase A\\Reports\\Workflow\\New Registration\\20181204_093502\\1543887753489.png, C:\\Users\\Admin\\Desktop\\PKS\\Perkeso Phase A\\Reports\\Workflow\\New Registration\\20181204_093502\\1543889821729.png, C:\\Users\\Admin\\Desktop\\PKS\\Perkeso Phase A\\Reports\\Workflow\\New Registration\\20181204_093502\\1543889877322.png, C:\\Users\\Admin\\Desktop\\PKS\\Perkeso Phase A\\Reports\\Workflow\\New Registration\\20181204_093502\\1543889921831.png, C:\\Users\\Admin\\Desktop\\PKS\\Perkeso Phase A\\Reports\\Workflow\\New Registration\\20181204_093502\\1543889978615.png, C:\\Users\\Admin\\Desktop\\PKS\\Perkeso Phase A\\Reports\\Workflow\\New Registration\\20181204_093502\\1543890035311.png, C:\\Users\\Admin\\Desktop\\PKS\\Perkeso Phase A\\Reports\\Workflow\\New Registration\\20181204_093502\\1543890091260.png, C:\\Users\\Admin\\Desktop\\PKS\\Perkeso Phase A\\Reports\\Workflow\\New Registration\\20181204_093502\\1543890150646.png, C:\\Users\\Admin\\Desktop\\PKS\\Perkeso Phase A\\Reports\\Workflow\\New Registration\\20181204_093502\\1543890217212.png, C:\\Users\\Admin\\Desktop\\PKS\\Perkeso Phase A\\Reports\\Workflow\\New Registration\\20181204_093502\\1543890262091.png, C:\\Users\\Admin\\Desktop\\PKS\\Perkeso Phase A\\Reports\\Workflow\\New Registration\\20181204_093502\\1543897327600.png, C:\\Users\\Admin\\Desktop\\PKS\\Perkeso Phase A\\Reports\\Workflow\\New Registration\\20181204_093502\\1543898022555.png, C:\\Users\\Admin\\Desktop\\PKS\\Perkeso Phase A\\Reports\\Workflow\\New Registration\\20181204_093502\\1543898058812.png, C:\\Users\\Admin\\Desktop\\PKS\\Perkeso Phase A\\Reports\\Workflow\\New Registration\\20181204_093502\\1543898096030.png, C:\\Users\\Admin\\Desktop\\PKS\\Perkeso Phase A\\Reports\\Workflow\\New Registration\\20181204_093502\\1543898131692.png, C:\\Users\\Admin\\Desktop\\PKS\\Perkeso Phase A\\Reports\\Workflow\\New Registration\\20181204_093502\\1543898166503.png, C:\\Users\\Admin\\Desktop\\PKS\\Perkeso Phase A\\Reports\\Workflow\\New Registration\\20181204_093502\\1543898204967.png, C:\\Users\\Admin\\Desktop\\PKS\\Perkeso Phase A\\Reports\\Workflow\\New Registration\\20181204_093502\\1543898245408.png, C:\\Users\\Admin\\Desktop\\PKS\\Perkeso Phase A\\Reports\\Workflow\\New Registration\\20181204_093502\\1543898279646.png"/>
         <property name="hostName" value="Admin - Win7Test02"/>
         <property name="os" value="Windows 7 64bit"/>
         <property name="katalonVersion" value="5.8.6.1"/>
         <property name="browser" value="Chrome 70.0.3538.110"/>
         <property name="hostAddress" value="10.20.3.72"/>
         <property name="sessionId" value="190c0bd3795606bad6ea779abeb1c363"/>
         <property name="seleniumVersion" value="3.7.1"/>
         <property name="proxyInformation" value="ProxyInformation{proxyOption=NO_PROXY, proxyServerType=HTTP, password=, proxyServerAddress=, proxyServerPort=0}"/>
         <property name="platform" value="Windows 7"/>
      </properties>
      <testcase name="Test Cases/Final Aug 2018 - PKS Automation/Registration Module/Workflow/New Registration - OTC to PKRBO (Incomplete)" classname="Test Cases/Final Aug 2018 - PKS Automation/Registration Module/Workflow/New Registration - OTC to PKRBO (Incomplete)" status="FAILED">
         <failure type="FAILED" message="(Stack trace: com.kms.katalon.core.exception.StepFailedException: Unable to set text 'CRN12201800122963' of object 'Object Repository/Final Object Repo/New Registration - Registration Module Pages/New Reg - OTC to RO/Special Case - All Related Objects/TextBox RefNo in Workbasket' (Root cause: org.openqa.selenium.ElementNotVisibleException: element not interactable
  (Session info: chrome=70.0.3538.110)
  (Driver info: chromedriver=2.43.600210 (68dcf5eebde37173d4027fa8635e332711d2874a),platform=Windows NT 6.1.7601 SP1 x86_64) (WARNING: The server did not provide any stacktrace information)
Command duration or timeout: 0 milliseconds
Build info: version: '3.7.1', revision: '8a0099a', time: '2017-11-06T21:07:36.161Z'
System info: host: 'WIN7TEST02', ip: '10.20.3.72', os.name: 'Windows 7', os.arch: 'amd64', os.version: '6.1', java.version: '1.8.0_181'
Driver info: com.kms.katalon.selenium.driver.CChromeDriver
Capabilities {acceptInsecureCerts: false, acceptSslCerts: false, applicationCacheEnabled: false, browserConnectionEnabled: false, browserName: chrome, chrome: {chromedriverVersion: 2.43.600210 (68dcf5eebde371..., userDataDir: C:\Users\Admin\AppData\Loca...}, cssSelectorsEnabled: true, databaseEnabled: false, goog:chromeOptions: {debuggerAddress: localhost:51470}, handlesAlerts: true, hasTouchScreen: false, javascriptEnabled: true, locationContextEnabled: true, mobileEmulationEnabled: false, nativeEvents: true, networkConnectionEnabled: false, pageLoadStrategy: normal, platform: XP, platformName: XP, rotatable: false, setWindowRect: true, takesHeapSnapshot: true, takesScreenshot: true, unexpectedAlertBehaviour: , unhandledPromptBehavior: , version: 70.0.3538.110, webStorageEnabled: true}
Session ID: 062e92dc1c261346276c0c09e84b6a4c)
	at com.kms.katalon.core.keyword.internal.KeywordMain.stepFailed(KeywordMain.groovy:32)
	at com.kms.katalon.core.webui.keyword.internal.WebUIKeywordMain.stepFailed(WebUIKeywordMain.groovy:65)
	at com.kms.katalon.core.webui.keyword.internal.WebUIKeywordMain.runKeyword(WebUIKeywordMain.groovy:27)
	at com.kms.katalon.core.webui.keyword.builtin.SetTextKeyword.setText(SetTextKeyword.groovy:65)
	at com.kms.katalon.core.webui.keyword.builtin.SetTextKeyword.execute(SetTextKeyword.groovy:37)
	at com.kms.katalon.core.keyword.internal.KeywordExecutor.executeKeywordForPlatform(KeywordExecutor.groovy:53)
	at com.kms.katalon.core.webui.keyword.WebUiBuiltInKeywords.setText(WebUiBuiltInKeywords.groovy:950)
	at com.kms.katalon.core.webui.keyword.WebUiBuiltInKeywords$setText$1.call(Unknown Source)
	at org.codehaus.groovy.runtime.callsite.CallSiteArray.defaultCall(CallSiteArray.java:48)
	at org.codehaus.groovy.runtime.callsite.AbstractCallSite.call(AbstractCallSite.java:113)
	at org.codehaus.groovy.runtime.callsite.AbstractCallSite.call(AbstractCallSite.java:133)
	at Script1541648441303.run(Script1541648441303.groovy:69)
	at com.kms.katalon.core.main.ScriptEngine.run(ScriptEngine.java:183)
	at com.kms.katalon.core.main.ScriptEngine.runScriptAsRawText(ScriptEngine.java:108)
	at com.kms.katalon.core.main.TestCaseExecutor.runScript(TestCaseExecutor.java:294)
	at com.kms.katalon.core.main.TestCaseExecutor.doExecute(TestCaseExecutor.java:285)
	at com.kms.katalon.core.main.TestCaseExecutor.processExecutionPhase(TestCaseExecutor.java:264)
	at com.kms.katalon.core.main.TestCaseExecutor.accessMainPhase(TestCaseExecutor.java:256)
	at com.kms.katalon.core.main.TestCaseExecutor.execute(TestCaseExecutor.java:200)
	at com.kms.katalon.core.main.TestSuiteExecutor.accessTestCaseMainPhase(TestSuiteExecutor.java:129)
	at com.kms.katalon.core.main.TestSuiteExecutor.accessTestSuiteMainPhase(TestSuiteExecutor.java:112)
	at com.kms.katalon.core.main.TestSuiteExecutor.execute(TestSuiteExecutor.java:81)
	at com.kms.katalon.core.main.TestCaseMain.startTestSuite(TestCaseMain.java:142)
	at com.kms.katalon.core.main.TestCaseMain$startTestSuite$0.call(Unknown Source)
	at org.codehaus.groovy.runtime.callsite.CallSiteArray.defaultCall(CallSiteArray.java:48)
	at org.codehaus.groovy.runtime.callsite.AbstractCallSite.call(AbstractCallSite.java:113)
	at org.codehaus.groovy.runtime.callsite.AbstractCallSite.call(AbstractCallSite.java:141)
	at TempTestSuite1543887302996.run(TempTestSuite1543887302996.groovy:36)
	at groovy.lang.GroovyShell.runScriptOrMainOrTestOrRunnable(GroovyShell.java:263)
	at groovy.lang.GroovyShell.run(GroovyShell.java:518)
	at groovy.lang.GroovyShell.run(GroovyShell.java:507)
	at groovy.ui.GroovyMain.processOnce(GroovyMain.java:653)
	at groovy.ui.GroovyMain.run(GroovyMain.java:384)
	at groovy.ui.GroovyMain.process(GroovyMain.java:370)
	at groovy.ui.GroovyMain.processArgs(GroovyMain.java:129)
	at groovy.ui.GroovyMain.main(GroovyMain.java:109)
	at sun.reflect.NativeMethodAccessorImpl.invoke0(Native Method)
	at sun.reflect.NativeMethodAccessorImpl.invoke(NativeMethodAccessorImpl.java:62)
	at sun.reflect.DelegatingMethodAccessorImpl.invoke(DelegatingMethodAccessorImpl.java:43)
	at java.lang.reflect.Method.invoke(Method.java:498)
	at org.codehaus.groovy.tools.GroovyStarter.rootLoader(GroovyStarter.java:109)
	at org.codehaus.groovy.tools.GroovyStarter.main(GroovyStarter.java:131)
)"/>
         <system-out><![CDATA[2018-12-04 09:35:05 - [TEST_CASE][FAILED] - Test Cases/Final Aug 2018 - PKS Automation/Registration Module/Workflow/New Registration - OTC to PKRBO (Incomplete): Test Cases/Final Aug 2018 - PKS Automation/Registration Module/Workflow/New Registration - OTC to PKRBO (Incomplete) FAILED because (of) (Stack trace: com.kms.katalon.core.exception.StepFailedException: Unable to set text 'CRN12201800122963' of object 'Object Repository/Final Object Repo/New Registration - Registration Module Pages/New Reg - OTC to RO/Special Case - All Related Objects/TextBox RefNo in Workbasket' (Root cause: org.openqa.selenium.ElementNotVisibleException: element not interactable
  (Session info: chrome=70.0.3538.110)
  (Driver info: chromedriver=2.43.600210 (68dcf5eebde37173d4027fa8635e332711d2874a),platform=Windows NT 6.1.7601 SP1 x86_64) (WARNING: The server did not provide any stacktrace information)
Command duration or timeout: 0 milliseconds
Build info: version: '3.7.1', revision: '8a0099a', time: '2017-11-06T21:07:36.161Z'
System info: host: 'WIN7TEST02', ip: '10.20.3.72', os.name: 'Windows 7', os.arch: 'amd64', os.version: '6.1', java.version: '1.8.0_181'
Driver info: com.kms.katalon.selenium.driver.CChromeDriver
Capabilities {acceptInsecureCerts: false, acceptSslCerts: false, applicationCacheEnabled: false, browserConnectionEnabled: false, browserName: chrome, chrome: {chromedriverVersion: 2.43.600210 (68dcf5eebde371..., userDataDir: C:\Users\Admin\AppData\Loca...}, cssSelectorsEnabled: true, databaseEnabled: false, goog:chromeOptions: {debuggerAddress: localhost:51470}, handlesAlerts: true, hasTouchScreen: false, javascriptEnabled: true, locationContextEnabled: true, mobileEmulationEnabled: false, nativeEvents: true, networkConnectionEnabled: false, pageLoadStrategy: normal, platform: XP, platformName: XP, rotatable: false, setWindowRect: true, takesHeapSnapshot: true, takesScreenshot: true, unexpectedAlertBehaviour: , unhandledPromptBehavior: , version: 70.0.3538.110, webStorageEnabled: true}
Session ID: 062e92dc1c261346276c0c09e84b6a4c)
	at com.kms.katalon.core.keyword.internal.KeywordMain.stepFailed(KeywordMain.groovy:32)
	at com.kms.katalon.core.webui.keyword.internal.WebUIKeywordMain.stepFailed(WebUIKeywordMain.groovy:65)
	at com.kms.katalon.core.webui.keyword.internal.WebUIKeywordMain.runKeyword(WebUIKeywordMain.groovy:27)
	at com.kms.katalon.core.webui.keyword.builtin.SetTextKeyword.setText(SetTextKeyword.groovy:65)
	at com.kms.katalon.core.webui.keyword.builtin.SetTextKeyword.execute(SetTextKeyword.groovy:37)
	at com.kms.katalon.core.keyword.internal.KeywordExecutor.executeKeywordForPlatform(KeywordExecutor.groovy:53)
	at com.kms.katalon.core.webui.keyword.WebUiBuiltInKeywords.setText(WebUiBuiltInKeywords.groovy:950)
	at com.kms.katalon.core.webui.keyword.WebUiBuiltInKeywords$setText$1.call(Unknown Source)
	at org.codehaus.groovy.runtime.callsite.CallSiteArray.defaultCall(CallSiteArray.java:48)
	at org.codehaus.groovy.runtime.callsite.AbstractCallSite.call(AbstractCallSite.java:113)
	at org.codehaus.groovy.runtime.callsite.AbstractCallSite.call(AbstractCallSite.java:133)
	at Script1541648441303.run(Script1541648441303.groovy:69)
	at com.kms.katalon.core.main.ScriptEngine.run(ScriptEngine.java:183)
	at com.kms.katalon.core.main.ScriptEngine.runScriptAsRawText(ScriptEngine.java:108)
	at com.kms.katalon.core.main.TestCaseExecutor.runScript(TestCaseExecutor.java:294)
	at com.kms.katalon.core.main.TestCaseExecutor.doExecute(TestCaseExecutor.java:285)
	at com.kms.katalon.core.main.TestCaseExecutor.processExecutionPhase(TestCaseExecutor.java:264)
	at com.kms.katalon.core.main.TestCaseExecutor.accessMainPhase(TestCaseExecutor.java:256)
	at com.kms.katalon.core.main.TestCaseExecutor.execute(TestCaseExecutor.java:200)
	at com.kms.katalon.core.main.TestSuiteExecutor.accessTestCaseMainPhase(TestSuiteExecutor.java:129)
	at com.kms.katalon.core.main.TestSuiteExecutor.accessTestSuiteMainPhase(TestSuiteExecutor.java:112)
	at com.kms.katalon.core.main.TestSuiteExecutor.execute(TestSuiteExecutor.java:81)
	at com.kms.katalon.core.main.TestCaseMain.startTestSuite(TestCaseMain.java:142)
	at com.kms.katalon.core.main.TestCaseMain$startTestSuite$0.call(Unknown Source)
	at org.codehaus.groovy.runtime.callsite.CallSiteArray.defaultCall(CallSiteArray.java:48)
	at org.codehaus.groovy.runtime.callsite.AbstractCallSite.call(AbstractCallSite.java:113)
	at org.codehaus.groovy.runtime.callsite.AbstractCallSite.call(AbstractCallSite.java:141)
	at TempTestSuite1543887302996.run(TempTestSuite1543887302996.groovy:36)
	at groovy.lang.GroovyShell.runScriptOrMainOrTestOrRunnable(GroovyShell.java:263)
	at groovy.lang.GroovyShell.run(GroovyShell.java:518)
	at groovy.lang.GroovyShell.run(GroovyShell.java:507)
	at groovy.ui.GroovyMain.processOnce(GroovyMain.java:653)
	at groovy.ui.GroovyMain.run(GroovyMain.java:384)
	at groovy.ui.GroovyMain.process(GroovyMain.java:370)
	at groovy.ui.GroovyMain.processArgs(GroovyMain.java:129)
	at groovy.ui.GroovyMain.main(GroovyMain.java:109)
	at sun.reflect.NativeMethodAccessorImpl.invoke0(Native Method)
	at sun.reflect.NativeMethodAccessorImpl.invoke(NativeMethodAccessorImpl.java:62)
	at sun.reflect.DelegatingMethodAccessorImpl.invoke(DelegatingMethodAccessorImpl.java:43)
	at java.lang.reflect.Method.invoke(Method.java:498)
	at org.codehaus.groovy.tools.GroovyStarter.rootLoader(GroovyStarter.java:109)
	at org.codehaus.groovy.tools.GroovyStarter.main(GroovyStarter.java:131)
)

2018-12-04 09:35:06 - [TEST_STEP][PASSED] - callTestCase: Call Test Case 'Test Cases/Final Aug 2018 - PKS Automation/Registration Module/New Registration/Form 1/Form 1 - Corporation - BHD' successfully

2018-12-04 09:35:06 - [TEST_CASE][PASSED] - Test Cases/Final Aug 2018 - PKS Automation/Registration Module/New Registration/Form 1/Form 1 - Corporation - BHD: Test Cases/Final Aug 2018 - PKS Automation/Registration Module/New Registration/Form 1/Form 1 - Corporation - BHD

2018-12-04 09:35:06 - [TEST_STEP][PASSED] - openBrowser: Browser is opened with url: ''

2018-12-04 09:35:11 - [MESSAGE][PASSED] - Browser is opened with url: ''

2018-12-04 09:35:11 - [TEST_STEP][PASSED] - navigateToUrl: Navigate to 'https://assist2-uat.perkeso.gov.my/login' successfully

2018-12-04 09:35:12 - [MESSAGE][PASSED] - Navigate to 'https://assist2-uat.perkeso.gov.my/login' successfully

2018-12-04 09:35:12 - [TEST_STEP][PASSED] - setText: Text 'johorotc1@gmail.com' is set on object 'Object Repository/Final Object Repo/Login Page/Internal User/Email Address'

2018-12-04 09:35:13 - [MESSAGE][PASSED] - Text 'johorotc1@gmail.com' is set on object 'Object Repository/Final Object Repo/Login Page/Internal User/Email Address'

2018-12-04 09:35:13 - [TEST_STEP][PASSED] - click: Object: 'Object Repository/Final Object Repo/Login Page/Internal User/Next Button' is clicked on

2018-12-04 09:35:13 - [MESSAGE][PASSED] - Object: 'Object Repository/Final Object Repo/Login Page/Internal User/Next Button' is clicked on

2018-12-04 09:35:13 - [TEST_STEP][PASSED] - delay: Delayed 1 second(s)

2018-12-04 09:35:14 - [MESSAGE][PASSED] - Delayed 1 second(s)

2018-12-04 09:35:14 - [TEST_STEP][PASSED] - setEncryptedText: Text ****** has been set on object 'Object Repository/Final Object Repo/Login Page/Internal User/Password'

2018-12-04 09:35:14 - [MESSAGE][PASSED] - Text ****** has been set on object 'Object Repository/Final Object Repo/Login Page/Internal User/Password'

2018-12-04 09:35:14 - [TEST_STEP][PASSED] - click: Object: 'Object Repository/Final Object Repo/Login Page/Internal User/Login Button' is clicked on

2018-12-04 09:35:14 - [MESSAGE][PASSED] - Object: 'Object Repository/Final Object Repo/Login Page/Internal User/Login Button' is clicked on

2018-12-04 09:35:14 - [TEST_STEP][PASSED] - delay: Delayed 1 second(s)

2018-12-04 09:35:15 - [MESSAGE][PASSED] - Delayed 1 second(s)

2018-12-04 09:35:15 - [TEST_STEP][PASSED] - Statement - Try: Delayed 2 second(s)

2018-12-04 09:35:15 - [TEST_STEP][PASSED] - Statement - Checker = false: null

2018-12-04 09:35:15 - [TEST_STEP][PASSED] - Statement - Checker = com.kms.katalon.core.webui.keyword.WebUiBuiltInKeywords.verifyElementHasAttribute(com.kms.katalon.core.testobject.ObjectRepository.findTestObject(Final Object Repo/Landing Page/BM Detecting), "href", 20, OPTIONAL): Object 'Object Repository/Final Object Repo/Landing Page/BM Detecting' has attribute 'href'

2018-12-04 09:35:17 - [MESSAGE][PASSED] - Object 'Object Repository/Final Object Repo/Landing Page/BM Detecting' has attribute 'href'

2018-12-04 09:35:17 - [TEST_STEP][PASSED] - Statement - out.println(Checker): null

2018-12-04 09:35:17 - [TEST_STEP][PASSED] - Statement - If (Checker == false): null

2018-12-04 09:35:17 - [TEST_STEP][PASSED] - Statement - Else: null

2018-12-04 09:35:17 - [TEST_STEP][PASSED] - delay: Delayed 2 second(s)

2018-12-04 09:35:19 - [MESSAGE][PASSED] - Delayed 2 second(s)

2018-12-04 09:35:19 - [TEST_STEP][PASSED] - navigateToUrl: Navigate to 'https://assist2-uat.perkeso.gov.my/web/registration/registration' successfully

2018-12-04 09:35:20 - [MESSAGE][PASSED] - Navigate to 'https://assist2-uat.perkeso.gov.my/web/registration/registration' successfully

2018-12-04 09:35:20 - [TEST_STEP][PASSED] - click: Object: 'Object Repository/Final Object Repo/New Registration - Registration Module Pages/Form 1/AEC - No' is clicked on

2018-12-04 09:35:20 - [MESSAGE][PASSED] - Object: 'Object Repository/Final Object Repo/New Registration - Registration Module Pages/Form 1/AEC - No' is clicked on

2018-12-04 09:35:20 - [TEST_STEP][PASSED] - click: Object: 'Object Repository/Final Object Repo/New Registration - Registration Module Pages/Form 1/Business Entity' is clicked on

2018-12-04 09:35:21 - [MESSAGE][PASSED] - Object: 'Object Repository/Final Object Repo/New Registration - Registration Module Pages/Form 1/Business Entity' is clicked on

2018-12-04 09:35:21 - [TEST_STEP][PASSED] - click: Object: 'Object Repository/Final Object Repo/New Registration - Registration Module Pages/Form 1/Businees Entity - Corporation' is clicked on

2018-12-04 09:35:21 - [MESSAGE][PASSED] - Object: 'Object Repository/Final Object Repo/New Registration - Registration Module Pages/Form 1/Businees Entity - Corporation' is clicked on

2018-12-04 09:35:21 - [TEST_STEP][PASSED] - delay: Delayed 1 second(s)

2018-12-04 09:35:22 - [MESSAGE][PASSED] - Delayed 1 second(s)

2018-12-04 09:35:22 - [TEST_STEP][PASSED] - click: Object: 'Object Repository/Final Object Repo/New Registration - Registration Module Pages/Form 1/Sub Business Entity' is clicked on

2018-12-04 09:35:22 - [MESSAGE][PASSED] - Object: 'Object Repository/Final Object Repo/New Registration - Registration Module Pages/Form 1/Sub Business Entity' is clicked on

2018-12-04 09:35:22 - [TEST_STEP][PASSED] - click: Object: 'Object Repository/Final Object Repo/New Registration - Registration Module Pages/Form 1/Sub Business Entity - Berhad' is clicked on

2018-12-04 09:35:22 - [MESSAGE][PASSED] - Object: 'Object Repository/Final Object Repo/New Registration - Registration Module Pages/Form 1/Sub Business Entity - Berhad' is clicked on

2018-12-04 09:35:22 - [TEST_STEP][PASSED] - delay: Delayed 1 second(s)

2018-12-04 09:35:23 - [MESSAGE][PASSED] - Delayed 1 second(s)

2018-12-04 09:35:23 - [TEST_STEP][PASSED] - setText: Text '123' is set on object 'Object Repository/Final Object Repo/New Registration - Registration Module Pages/Form 1/Registration Number'

2018-12-04 09:35:24 - [MESSAGE][PASSED] - Text '123' is set on object 'Object Repository/Final Object Repo/New Registration - Registration Module Pages/Form 1/Registration Number'

2018-12-04 09:35:24 - [TEST_STEP][PASSED] - click: Object: 'Object Repository/Final Object Repo/New Registration - Registration Module Pages/Form 1/Registred with SSM - Before Feb' is clicked on

2018-12-04 09:35:24 - [MESSAGE][PASSED] - Object: 'Object Repository/Final Object Repo/New Registration - Registration Module Pages/Form 1/Registred with SSM - Before Feb' is clicked on

2018-12-04 09:35:24 - [TEST_STEP][PASSED] - click: Object: 'Object Repository/Final Object Repo/New Registration - Registration Module Pages/Form 1/Registered As a Branch - Yes' is clicked on

2018-12-04 09:35:24 - [MESSAGE][PASSED] - Object: 'Object Repository/Final Object Repo/New Registration - Registration Module Pages/Form 1/Registered As a Branch - Yes' is clicked on

2018-12-04 09:35:24 - [TEST_STEP][PASSED] - click: Object: 'Object Repository/Final Object Repo/New Registration - Registration Module Pages/Form 1/Acknowledgement' is clicked on

2018-12-04 09:35:24 - [MESSAGE][PASSED] - Object: 'Object Repository/Final Object Repo/New Registration - Registration Module Pages/Form 1/Acknowledgement' is clicked on

2018-12-04 09:35:24 - [TEST_STEP][PASSED] - setText: Text 'perkeso' is set on object 'Object Repository/Final Object Repo/New Registration - Registration Module Pages/Form 1/Industry name'

2018-12-04 09:35:25 - [MESSAGE][PASSED] - Text 'perkeso' is set on object 'Object Repository/Final Object Repo/New Registration - Registration Module Pages/Form 1/Industry name'

2018-12-04 09:35:25 - [TEST_STEP][PASSED] - setText: Text 'perkeso1' is set on object 'Object Repository/Final Object Repo/New Registration - Registration Module Pages/Form 1/Postal Address1'

2018-12-04 09:35:25 - [MESSAGE][PASSED] - Text 'perkeso1' is set on object 'Object Repository/Final Object Repo/New Registration - Registration Module Pages/Form 1/Postal Address1'

2018-12-04 09:35:25 - [TEST_STEP][PASSED] - setText: Text 'perkeso2' is set on object 'Object Repository/Final Object Repo/New Registration - Registration Module Pages/Form 1/Postal Address2'

2018-12-04 09:35:26 - [MESSAGE][PASSED] - Text 'perkeso2' is set on object 'Object Repository/Final Object Repo/New Registration - Registration Module Pages/Form 1/Postal Address2'

2018-12-04 09:35:26 - [TEST_STEP][PASSED] - setText: Text 'perkeso3' is set on object 'Object Repository/Final Object Repo/New Registration - Registration Module Pages/Form 1/Postal Address3'

2018-12-04 09:35:26 - [MESSAGE][PASSED] - Text 'perkeso3' is set on object 'Object Repository/Final Object Repo/New Registration - Registration Module Pages/Form 1/Postal Address3'

2018-12-04 09:35:26 - [TEST_STEP][PASSED] - click: Object: 'Object Repository/Final Object Repo/New Registration - Registration Module Pages/Form 1/State' is clicked on

2018-12-04 09:35:26 - [MESSAGE][PASSED] - Object: 'Object Repository/Final Object Repo/New Registration - Registration Module Pages/Form 1/State' is clicked on

2018-12-04 09:35:26 - [TEST_STEP][PASSED] - click: Object: 'Object Repository/Final Object Repo/New Registration - Registration Module Pages/Form 1/State - Johor' is clicked on

2018-12-04 09:35:26 - [MESSAGE][PASSED] - Object: 'Object Repository/Final Object Repo/New Registration - Registration Module Pages/Form 1/State - Johor' is clicked on

2018-12-04 09:35:26 - [TEST_STEP][PASSED] - delay: Delayed 1 second(s)

2018-12-04 09:35:27 - [MESSAGE][PASSED] - Delayed 1 second(s)

2018-12-04 09:35:27 - [TEST_STEP][PASSED] - click: Object: 'Object Repository/Final Object Repo/New Registration - Registration Module Pages/Form 1/City' is clicked on

2018-12-04 09:35:28 - [MESSAGE][PASSED] - Object: 'Object Repository/Final Object Repo/New Registration - Registration Module Pages/Form 1/City' is clicked on

2018-12-04 09:35:28 - [TEST_STEP][PASSED] - setText: Text 'joh' is set on object 'Object Repository/Final Object Repo/New Registration - Registration Module Pages/Form 1/Postcode - 810'

2018-12-04 09:35:28 - [MESSAGE][PASSED] - Text 'joh' is set on object 'Object Repository/Final Object Repo/New Registration - Registration Module Pages/Form 1/Postcode - 810'

2018-12-04 09:35:28 - [TEST_STEP][PASSED] - delay: Delayed 1 second(s)

2018-12-04 09:35:29 - [MESSAGE][PASSED] - Delayed 1 second(s)

2018-12-04 09:35:29 - [TEST_STEP][PASSED] - click: Object: 'Object Repository/Final Object Repo/New Registration - Registration Module Pages/Form 1/City - Johor Bharu' is clicked on

2018-12-04 09:35:29 - [MESSAGE][PASSED] - Object: 'Object Repository/Final Object Repo/New Registration - Registration Module Pages/Form 1/City - Johor Bharu' is clicked on

2018-12-04 09:35:29 - [TEST_STEP][PASSED] - delay: Delayed 1 second(s)

2018-12-04 09:35:30 - [MESSAGE][PASSED] - Delayed 1 second(s)

2018-12-04 09:35:30 - [TEST_STEP][PASSED] - click: Object: 'Object Repository/Final Object Repo/New Registration - Registration Module Pages/Form 1/Postcode' is clicked on

2018-12-04 09:35:30 - [MESSAGE][PASSED] - Object: 'Object Repository/Final Object Repo/New Registration - Registration Module Pages/Form 1/Postcode' is clicked on

2018-12-04 09:35:30 - [TEST_STEP][PASSED] - delay: Delayed 1 second(s)

2018-12-04 09:35:31 - [MESSAGE][PASSED] - Delayed 1 second(s)

2018-12-04 09:35:31 - [TEST_STEP][PASSED] - setText: Text '810' is set on object 'Object Repository/Final Object Repo/New Registration - Registration Module Pages/Form 1/Postcode - 810'

2018-12-04 09:35:31 - [MESSAGE][PASSED] - Text '810' is set on object 'Object Repository/Final Object Repo/New Registration - Registration Module Pages/Form 1/Postcode - 810'

2018-12-04 09:35:31 - [TEST_STEP][PASSED] - delay: Delayed 3 second(s)

2018-12-04 09:35:34 - [MESSAGE][PASSED] - Delayed 3 second(s)

2018-12-04 09:35:34 - [TEST_STEP][PASSED] - click: Object: 'Object Repository/Final Object Repo/New Registration - Registration Module Pages/Form 1/Postcode - 81000' is clicked on

2018-12-04 09:35:35 - [MESSAGE][PASSED] - Object: 'Object Repository/Final Object Repo/New Registration - Registration Module Pages/Form 1/Postcode - 81000' is clicked on

2018-12-04 09:35:35 - [TEST_STEP][PASSED] - delay: Delayed 1 second(s)

2018-12-04 09:35:36 - [MESSAGE][PASSED] - Delayed 1 second(s)

2018-12-04 09:35:36 - [TEST_STEP][PASSED] - setText: Text '100' is set on object 'Object Repository/Final Object Repo/New Registration - Registration Module Pages/Form 1/P.O.BOX'

2018-12-04 09:35:36 - [MESSAGE][PASSED] - Text '100' is set on object 'Object Repository/Final Object Repo/New Registration - Registration Module Pages/Form 1/P.O.BOX'

2018-12-04 09:35:36 - [TEST_STEP][PASSED] - setText: Text '100' is set on object 'Object Repository/Final Object Repo/New Registration - Registration Module Pages/Form 1/Locked Bag No'

2018-12-04 09:35:36 - [MESSAGE][PASSED] - Text '100' is set on object 'Object Repository/Final Object Repo/New Registration - Registration Module Pages/Form 1/Locked Bag No'

2018-12-04 09:35:36 - [TEST_STEP][PASSED] - click: Object: 'Object Repository/Final Object Repo/New Registration - Registration Module Pages/Form 1/SOCSO Office Location' is clicked on

2018-12-04 09:35:36 - [MESSAGE][PASSED] - Object: 'Object Repository/Final Object Repo/New Registration - Registration Module Pages/Form 1/SOCSO Office Location' is clicked on

2018-12-04 09:35:36 - [TEST_STEP][PASSED] - click: Object: 'Object Repository/Final Object Repo/New Registration - Registration Module Pages/Form 1/SOCSO Office Location - Pejabat PERKESO Negeri Johor' is clicked on

2018-12-04 09:35:37 - [MESSAGE][PASSED] - Object: 'Object Repository/Final Object Repo/New Registration - Registration Module Pages/Form 1/SOCSO Office Location - Pejabat PERKESO Negeri Johor' is clicked on

2018-12-04 09:35:37 - [TEST_STEP][PASSED] - delay: Delayed 1 second(s)

2018-12-04 09:35:38 - [MESSAGE][PASSED] - Delayed 1 second(s)

2018-12-04 09:35:38 - [TEST_STEP][PASSED] - check: Object 'Object Repository/Final Object Repo/New Registration - Registration Module Pages/Form 1/Indusrty Address Same As Postal Address' is checked

2018-12-04 09:35:38 - [MESSAGE][PASSED] - Object 'Object Repository/Final Object Repo/New Registration - Registration Module Pages/Form 1/Indusrty Address Same As Postal Address' is checked

2018-12-04 09:35:38 - [TEST_STEP][PASSED] - delay: Delayed 3 second(s)

2018-12-04 09:35:41 - [MESSAGE][PASSED] - Delayed 3 second(s)

2018-12-04 09:35:41 - [TEST_STEP][PASSED] - click: Object: 'Object Repository/Final Object Repo/New Registration - Registration Module Pages/Form 1/Indusry Address Same As Postal Address False' is clicked on

2018-12-04 09:35:41 - [MESSAGE][PASSED] - Object: 'Object Repository/Final Object Repo/New Registration - Registration Module Pages/Form 1/Indusry Address Same As Postal Address False' is clicked on

2018-12-04 09:35:41 - [TEST_STEP][PASSED] - delay: Delayed 1 second(s)

2018-12-04 09:35:42 - [MESSAGE][PASSED] - Delayed 1 second(s)

2018-12-04 09:35:42 - [TEST_STEP][PASSED] - setText: Text 'perkeso1' is set on object 'Object Repository/Final Object Repo/New Registration - Registration Module Pages/Form 1/Industry Address1'

2018-12-04 09:35:43 - [MESSAGE][PASSED] - Text 'perkeso1' is set on object 'Object Repository/Final Object Repo/New Registration - Registration Module Pages/Form 1/Industry Address1'

2018-12-04 09:35:43 - [TEST_STEP][PASSED] - setText: Text 'perkeso2' is set on object 'Object Repository/Final Object Repo/New Registration - Registration Module Pages/Form 1/Industry Address2'

2018-12-04 09:35:43 - [MESSAGE][PASSED] - Text 'perkeso2' is set on object 'Object Repository/Final Object Repo/New Registration - Registration Module Pages/Form 1/Industry Address2'

2018-12-04 09:35:43 - [TEST_STEP][PASSED] - setText: Text 'perkeso3' is set on object 'Object Repository/Final Object Repo/New Registration - Registration Module Pages/Form 1/Industry Address3'

2018-12-04 09:35:43 - [MESSAGE][PASSED] - Text 'perkeso3' is set on object 'Object Repository/Final Object Repo/New Registration - Registration Module Pages/Form 1/Industry Address3'

2018-12-04 09:35:43 - [TEST_STEP][PASSED] - click: Object: 'Object Repository/Final Object Repo/New Registration - Registration Module Pages/Form 1/Industry State' is clicked on

2018-12-04 09:35:44 - [MESSAGE][PASSED] - Object: 'Object Repository/Final Object Repo/New Registration - Registration Module Pages/Form 1/Industry State' is clicked on

2018-12-04 09:35:44 - [TEST_STEP][PASSED] - delay: Delayed 2 second(s)

2018-12-04 09:35:46 - [MESSAGE][PASSED] - Delayed 2 second(s)

2018-12-04 09:35:46 - [TEST_STEP][PASSED] - click: Object: 'Object Repository/Final Object Repo/New Registration - Registration Module Pages/Form 1/Industry State - Johor' is clicked on

2018-12-04 09:35:46 - [MESSAGE][PASSED] - Object: 'Object Repository/Final Object Repo/New Registration - Registration Module Pages/Form 1/Industry State - Johor' is clicked on

2018-12-04 09:35:46 - [TEST_STEP][PASSED] - delay: Delayed 2 second(s)

2018-12-04 09:35:48 - [MESSAGE][PASSED] - Delayed 2 second(s)

2018-12-04 09:35:48 - [TEST_STEP][PASSED] - click: Object: 'Object Repository/Final Object Repo/New Registration - Registration Module Pages/Form 1/Industry Ciry' is clicked on

2018-12-04 09:35:48 - [MESSAGE][PASSED] - Object: 'Object Repository/Final Object Repo/New Registration - Registration Module Pages/Form 1/Industry Ciry' is clicked on

2018-12-04 09:35:48 - [TEST_STEP][PASSED] - setText: Text 'joh' is set on object 'Object Repository/Final Object Repo/New Registration - Registration Module Pages/Form 1/Industry Ciry - joh'

2018-12-04 09:35:48 - [MESSAGE][PASSED] - Text 'joh' is set on object 'Object Repository/Final Object Repo/New Registration - Registration Module Pages/Form 1/Industry Ciry - joh'

2018-12-04 09:35:48 - [TEST_STEP][PASSED] - delay: Delayed 2 second(s)

2018-12-04 09:35:50 - [MESSAGE][PASSED] - Delayed 2 second(s)

2018-12-04 09:35:50 - [TEST_STEP][PASSED] - click: Object: 'Object Repository/Final Object Repo/New Registration - Registration Module Pages/Form 1/Industy State - Johor Bharu' is clicked on

2018-12-04 09:35:50 - [MESSAGE][PASSED] - Object: 'Object Repository/Final Object Repo/New Registration - Registration Module Pages/Form 1/Industy State - Johor Bharu' is clicked on

2018-12-04 09:35:50 - [TEST_STEP][PASSED] - delay: Delayed 1 second(s)

2018-12-04 09:35:51 - [MESSAGE][PASSED] - Delayed 1 second(s)

2018-12-04 09:35:51 - [TEST_STEP][PASSED] - click: Object: 'Object Repository/Final Object Repo/New Registration - Registration Module Pages/Form 1/Indusry PostCode' is clicked on

2018-12-04 09:35:52 - [MESSAGE][PASSED] - Object: 'Object Repository/Final Object Repo/New Registration - Registration Module Pages/Form 1/Indusry PostCode' is clicked on

2018-12-04 09:35:52 - [TEST_STEP][PASSED] - delay: Delayed 1 second(s)

2018-12-04 09:35:53 - [MESSAGE][PASSED] - Delayed 1 second(s)

2018-12-04 09:35:53 - [TEST_STEP][PASSED] - setText: Text '810' is set on object 'Object Repository/Final Object Repo/New Registration - Registration Module Pages/Form 1/Insutry Post Code - 810'

2018-12-04 09:35:53 - [MESSAGE][PASSED] - Text '810' is set on object 'Object Repository/Final Object Repo/New Registration - Registration Module Pages/Form 1/Insutry Post Code - 810'

2018-12-04 09:35:53 - [TEST_STEP][PASSED] - delay: Delayed 1 second(s)

2018-12-04 09:35:54 - [MESSAGE][PASSED] - Delayed 1 second(s)

2018-12-04 09:35:54 - [TEST_STEP][PASSED] - click: Object: 'Object Repository/Final Object Repo/New Registration - Registration Module Pages/Form 1/Insutry Post Code - 81000' is clicked on

2018-12-04 09:35:54 - [MESSAGE][PASSED] - Object: 'Object Repository/Final Object Repo/New Registration - Registration Module Pages/Form 1/Insutry Post Code - 81000' is clicked on

2018-12-04 09:35:54 - [TEST_STEP][PASSED] - delay: Delayed 1 second(s)

2018-12-04 09:35:55 - [MESSAGE][PASSED] - Delayed 1 second(s)

2018-12-04 09:35:55 - [TEST_STEP][PASSED] - setText: Text '100' is set on object 'Object Repository/Final Object Repo/New Registration - Registration Module Pages/Form 1/Industry P.O.BOX'

2018-12-04 09:35:55 - [MESSAGE][PASSED] - Text '100' is set on object 'Object Repository/Final Object Repo/New Registration - Registration Module Pages/Form 1/Industry P.O.BOX'

2018-12-04 09:35:55 - [TEST_STEP][PASSED] - setText: Text '100' is set on object 'Object Repository/Final Object Repo/New Registration - Registration Module Pages/Form 1/Industry Locked Bag No'

2018-12-04 09:35:56 - [MESSAGE][PASSED] - Text '100' is set on object 'Object Repository/Final Object Repo/New Registration - Registration Module Pages/Form 1/Industry Locked Bag No'

2018-12-04 09:35:56 - [TEST_STEP][PASSED] - setText: Text '123456789' is set on object 'Object Repository/Final Object Repo/New Registration - Registration Module Pages/Form 1/Telephone No'

2018-12-04 09:35:56 - [MESSAGE][PASSED] - Text '123456789' is set on object 'Object Repository/Final Object Repo/New Registration - Registration Module Pages/Form 1/Telephone No'

2018-12-04 09:35:56 - [TEST_STEP][PASSED] - setText: Text '123456789' is set on object 'Object Repository/Final Object Repo/New Registration - Registration Module Pages/Form 1/Mobile No'

2018-12-04 09:35:57 - [MESSAGE][PASSED] - Text '123456789' is set on object 'Object Repository/Final Object Repo/New Registration - Registration Module Pages/Form 1/Mobile No'

2018-12-04 09:35:57 - [TEST_STEP][PASSED] - setText: Text '123456789' is set on object 'Object Repository/Final Object Repo/New Registration - Registration Module Pages/Form 1/Fax No'

2018-12-04 09:35:57 - [MESSAGE][PASSED] - Text '123456789' is set on object 'Object Repository/Final Object Repo/New Registration - Registration Module Pages/Form 1/Fax No'

2018-12-04 09:35:57 - [TEST_STEP][PASSED] - click: Object: 'Object Repository/Final Object Repo/New Registration - Registration Module Pages/Form 1/Industry Code' is clicked on

2018-12-04 09:35:57 - [MESSAGE][PASSED] - Object: 'Object Repository/Final Object Repo/New Registration - Registration Module Pages/Form 1/Industry Code' is clicked on

2018-12-04 09:35:57 - [TEST_STEP][PASSED] - click: Object: 'Object Repository/Final Object Repo/New Registration - Registration Module Pages/Form 1/Indudustry Code - Crops and Animal' is clicked on

2018-12-04 09:35:57 - [MESSAGE][PASSED] - Object: 'Object Repository/Final Object Repo/New Registration - Registration Module Pages/Form 1/Indudustry Code - Crops and Animal' is clicked on

2018-12-04 09:35:57 - [TEST_STEP][PASSED] - delay: Delayed 1 second(s)

2018-12-04 09:35:58 - [MESSAGE][PASSED] - Delayed 1 second(s)

2018-12-04 09:35:58 - [TEST_STEP][PASSED] - click: Object: 'Object Repository/Final Object Repo/New Registration - Registration Module Pages/Form 1/Sub Industry Code List' is clicked on

2018-12-04 09:35:59 - [MESSAGE][PASSED] - Object: 'Object Repository/Final Object Repo/New Registration - Registration Module Pages/Form 1/Sub Industry Code List' is clicked on

2018-12-04 09:35:59 - [TEST_STEP][PASSED] - click: Object: 'Object Repository/Final Object Repo/New Registration - Registration Module Pages/Form 1/Sub Industry Code List - Growing of Maize' is clicked on

2018-12-04 09:35:59 - [MESSAGE][PASSED] - Object: 'Object Repository/Final Object Repo/New Registration - Registration Module Pages/Form 1/Sub Industry Code List - Growing of Maize' is clicked on

2018-12-04 09:35:59 - [TEST_STEP][PASSED] - setText: Text 'perkeso123@gmail.com' is set on object 'Object Repository/Final Object Repo/New Registration - Registration Module Pages/Form 1/Email'

2018-12-04 09:36:00 - [MESSAGE][PASSED] - Text 'perkeso123@gmail.com' is set on object 'Object Repository/Final Object Repo/New Registration - Registration Module Pages/Form 1/Email'

2018-12-04 09:36:00 - [TEST_STEP][PASSED] - click: Object: 'Object Repository/Final Object Repo/New Registration - Registration Module Pages/Form 1/Method of Contribution Payment' is clicked on

2018-12-04 09:36:00 - [MESSAGE][PASSED] - Object: 'Object Repository/Final Object Repo/New Registration - Registration Module Pages/Form 1/Method of Contribution Payment' is clicked on

2018-12-04 09:36:00 - [TEST_STEP][PASSED] - click: Object: 'Object Repository/Final Object Repo/New Registration - Registration Module Pages/Form 1/Method of Contribution Payment - Portal' is clicked on

2018-12-04 09:36:00 - [MESSAGE][PASSED] - Object: 'Object Repository/Final Object Repo/New Registration - Registration Module Pages/Form 1/Method of Contribution Payment - Portal' is clicked on

2018-12-04 09:36:00 - [TEST_STEP][PASSED] - click: Object: 'Object Repository/Final Object Repo/New Registration - Registration Module Pages/Form 1/Servide Type' is clicked on

2018-12-04 09:36:00 - [MESSAGE][PASSED] - Object: 'Object Repository/Final Object Repo/New Registration - Registration Module Pages/Form 1/Servide Type' is clicked on

2018-12-04 09:36:00 - [TEST_STEP][PASSED] - click: Object: 'Object Repository/Final Object Repo/New Registration - Registration Module Pages/Form 1/Servide Type - Professional Bodies' is clicked on

2018-12-04 09:36:01 - [MESSAGE][PASSED] - Object: 'Object Repository/Final Object Repo/New Registration - Registration Module Pages/Form 1/Servide Type - Professional Bodies' is clicked on

2018-12-04 09:36:01 - [TEST_STEP][PASSED] - click: Object: 'Object Repository/Final Object Repo/New Registration - Registration Module Pages/Form 1/Industry Venue' is clicked on

2018-12-04 09:36:01 - [MESSAGE][PASSED] - Object: 'Object Repository/Final Object Repo/New Registration - Registration Module Pages/Form 1/Industry Venue' is clicked on

2018-12-04 09:36:01 - [TEST_STEP][PASSED] - click: Object: 'Object Repository/Final Object Repo/New Registration - Registration Module Pages/Form 1/Industry Venue -  PPN JOHOR' is clicked on

2018-12-04 09:36:01 - [MESSAGE][PASSED] - Object: 'Object Repository/Final Object Repo/New Registration - Registration Module Pages/Form 1/Industry Venue -  PPN JOHOR' is clicked on

2018-12-04 09:36:01 - [TEST_STEP][PASSED] - click: Object: 'Object Repository/Final Object Repo/New Registration - Registration Module Pages/Form 1/Save  Continue' is clicked on

2018-12-04 09:36:01 - [MESSAGE][PASSED] - Object: 'Object Repository/Final Object Repo/New Registration - Registration Module Pages/Form 1/Save  Continue' is clicked on

2018-12-04 09:36:01 - [MESSAGE][PASSED] - Call Test Case 'Test Cases/Final Aug 2018 - PKS Automation/Registration Module/New Registration/Form 1/Form 1 - Corporation - BHD' successfully

2018-12-04 09:36:01 - [TEST_STEP][PASSED] - callTestCase: Call Test Case 'Test Cases/Final Aug 2018 - PKS Automation/Registration Module/New Registration/Form 2/Add 1 Eligible - Incomplete' successfully

2018-12-04 09:36:01 - [TEST_CASE][PASSED] - Test Cases/Final Aug 2018 - PKS Automation/Registration Module/New Registration/Form 2/Add 1 Eligible - Incomplete: Test Cases/Final Aug 2018 - PKS Automation/Registration Module/New Registration/Form 2/Add 1 Eligible - Incomplete

2018-12-04 09:36:02 - [TEST_STEP][PASSED] - delay: Delayed 2 second(s)

2018-12-04 09:36:04 - [MESSAGE][PASSED] - Delayed 2 second(s)

2018-12-04 09:36:04 - [TEST_STEP][PASSED] - callTestCase: Call Test Case 'Test Cases/Final Aug 2018 - PKS Automation/Registration Module/New Registration/Form 2/Date Updater' successfully

2018-12-04 09:36:04 - [TEST_CASE][PASSED] - Test Cases/Final Aug 2018 - PKS Automation/Registration Module/New Registration/Form 2/Date Updater: Test Cases/Final Aug 2018 - PKS Automation/Registration Module/New Registration/Form 2/Date Updater

2018-12-04 09:36:04 - [TEST_STEP][PASSED] - Statement - TodayDate = new java.util.Date(): null

2018-12-04 09:36:04 - [TEST_STEP][PASSED] - Statement - CurrentDateNoFilter = new java.text.SimpleDateFormat(): null

2018-12-04 09:36:04 - [TEST_STEP][PASSED] - Statement - CurrentDateNoFilter.applyPattern("MM"): null

2018-12-04 09:36:04 - [TEST_STEP][PASSED] - Statement - monthContainerMatcher = java.lang.Integer.parseInt(CurrentDateNoFilter.format(TodayDate)): null

2018-12-04 09:36:04 - [TEST_STEP][PASSED] - Statement - monthContainerMatcher = monthContainerMatcher - 1: null

2018-12-04 09:36:04 - [TEST_STEP][PASSED] - Statement - CurrentMonth = monthContainerMatcher.toString(): null

2018-12-04 09:36:04 - [TEST_STEP][PASSED] - Statement - CurrentMonth = CurrentMonth: null

2018-12-04 09:36:04 - [TEST_STEP][PASSED] - Statement - CurrentDateNoFilter.applyPattern("yyyy"): null

2018-12-04 09:36:04 - [TEST_STEP][PASSED] - Statement - CurrentYear = CurrentDateNoFilter.format(TodayDate): null

2018-12-04 09:36:04 - [TEST_STEP][PASSED] - Statement - CurrentYear = CurrentYear: null

2018-12-04 09:36:04 - [TEST_STEP][PASSED] - Statement - intCurrentYear = java.lang.Integer.parseInt(CurrentDateNoFilter.format(TodayDate)): null

2018-12-04 09:36:04 - [TEST_STEP][PASSED] - Statement - eighteenYrsAgo = intCurrentYear - 18: null

2018-12-04 09:36:04 - [TEST_STEP][PASSED] - Statement - eighteenYrsBeforeThisYr = eighteenYrsAgo.toString(): null

2018-12-04 09:36:04 - [TEST_STEP][PASSED] - Statement - EighteenYrsBefore = eighteenYrsBeforeThisYr: null

2018-12-04 09:36:04 - [TEST_STEP][PASSED] - Statement - fiftysevenYrsAgo = intCurrentYear - 57: null

2018-12-04 09:36:04 - [TEST_STEP][PASSED] - Statement - fiftysevenYrsBeforeThisYr = fiftysevenYrsAgo.toString(): null

2018-12-04 09:36:04 - [TEST_STEP][PASSED] - Statement - FiftysevenYrsBefore = fiftysevenYrsBeforeThisYr: null

2018-12-04 09:36:04 - [TEST_STEP][PASSED] - Statement - leapYear = false: null

2018-12-04 09:36:04 - [TEST_STEP][PASSED] - Statement - leapYear = intCurrentYear % 4 == 0: null

2018-12-04 09:36:04 - [TEST_STEP][PASSED] - Statement - CurrentDateNoFilter.applyPattern("dd"): null

2018-12-04 09:36:04 - [TEST_STEP][PASSED] - Statement - CurrentDate = CurrentDateNoFilter.format(TodayDate): null

2018-12-04 09:36:04 - [TEST_STEP][PASSED] - Statement - CurrentDate = java.lang.Integer.parseInt(CurrentDate): null

2018-12-04 09:36:04 - [TEST_STEP][PASSED] - Statement - CurrentDate = CurrentDate: null

2018-12-04 09:36:04 - [TEST_STEP][PASSED] - Statement - CurrentDay = java.lang.Integer.parseInt(CurrentDate): null

2018-12-04 09:36:04 - [TEST_STEP][PASSED] - Statement - ConfAdder = <not implemented yet for class: org.codehaus.groovy.ast.expr.EmptyExpression>: null

2018-12-04 09:36:04 - [TEST_STEP][PASSED] - Statement - switch (CurrentDate): null

2018-12-04 09:36:04 - [TEST_STEP][PASSED] - Statement - Default: null

2018-12-04 09:36:04 - [TEST_STEP][PASSED] - Statement - ConfAdder = false: null

2018-12-04 09:36:04 - [TEST_STEP][PASSED] - Statement - Break: null

2018-12-04 09:36:04 - [TEST_STEP][PASSED] - Statement - aDayBefore = <not implemented yet for class: org.codehaus.groovy.ast.expr.EmptyExpression>: null

2018-12-04 09:36:04 - [TEST_STEP][PASSED] - Statement - If (ConfAdder == true): null

2018-12-04 09:36:04 - [TEST_STEP][PASSED] - Statement - Else: null

2018-12-04 09:36:04 - [TEST_STEP][PASSED] - Statement - aDayBefore = 1: null

2018-12-04 09:36:04 - [TEST_STEP][PASSED] - Statement - If (aDayBefore == 1 && CurrentMonth == 11): null

2018-12-04 09:36:04 - [TEST_STEP][PASSED] - Statement - DayBefore = aDayBefore.toString(): null

2018-12-04 09:36:04 - [TEST_STEP][PASSED] - Statement - OneDayBefore = DayBefore: null

2018-12-04 09:36:04 - [MESSAGE][PASSED] - Call Test Case 'Test Cases/Final Aug 2018 - PKS Automation/Registration Module/New Registration/Form 2/Date Updater' successfully

2018-12-04 09:36:04 - [TEST_STEP][PASSED] - Statement - CaseReferenceNo = com.kms.katalon.core.webui.keyword.WebUiBuiltInKeywords.getText(com.kms.katalon.core.testobject.ObjectRepository.findTestObject(Final Object Repo/New Registration - Registration Module Pages/Form 2/RefNo Acquiring)): Text of object 'Object Repository/Final Object Repo/New Registration - Registration Module Pages/Form 2/RefNo Acquiring' is: 'CRN12201800122963'

2018-12-04 09:36:04 - [MESSAGE][PASSED] - Text of object 'Object Repository/Final Object Repo/New Registration - Registration Module Pages/Form 2/RefNo Acquiring' is: 'CRN12201800122963'

2018-12-04 09:36:04 - [TEST_STEP][PASSED] - delay: Delayed 4 second(s)

2018-12-04 09:36:08 - [MESSAGE][PASSED] - Delayed 4 second(s)

2018-12-04 09:36:08 - [TEST_STEP][PASSED] - click: Object: 'Object Repository/Final Object Repo/New Registration - Registration Module Pages/Form 2/Add Employee Button' is clicked on

2018-12-04 09:36:09 - [MESSAGE][PASSED] - Object: 'Object Repository/Final Object Repo/New Registration - Registration Module Pages/Form 2/Add Employee Button' is clicked on

2018-12-04 09:36:09 - [TEST_STEP][PASSED] - delay: Delayed 1 second(s)

2018-12-04 09:36:10 - [MESSAGE][PASSED] - Delayed 1 second(s)

2018-12-04 09:36:10 - [TEST_STEP][PASSED] - setText: Text '010903091984' is set on object 'Object Repository/Final Object Repo/New Registration - Registration Module Pages/Form 2/NRIC Input'

2018-12-04 09:36:10 - [MESSAGE][PASSED] - Text '010903091984' is set on object 'Object Repository/Final Object Repo/New Registration - Registration Module Pages/Form 2/NRIC Input'

2018-12-04 09:36:10 - [TEST_STEP][PASSED] - click: Object: 'Object Repository/Final Object Repo/New Registration - Registration Module Pages/Form 2/button for search for IC' is clicked on

2018-12-04 09:36:10 - [MESSAGE][PASSED] - Object: 'Object Repository/Final Object Repo/New Registration - Registration Module Pages/Form 2/button for search for IC' is clicked on

2018-12-04 09:36:10 - [TEST_STEP][PASSED] - delay: Delayed 2 second(s)

2018-12-04 09:36:12 - [MESSAGE][PASSED] - Delayed 2 second(s)

2018-12-04 09:36:12 - [TEST_STEP][PASSED] - setText: Text 'Automate001 eligible 1' is set on object 'Object Repository/Final Object Repo/New Registration - Registration Module Pages/Form 2/Employee Name Input'

2018-12-04 09:36:13 - [MESSAGE][PASSED] - Text 'Automate001 eligible 1' is set on object 'Object Repository/Final Object Repo/New Registration - Registration Module Pages/Form 2/Employee Name Input'

2018-12-04 09:36:13 - [TEST_STEP][PASSED] - delay: Delayed 2 second(s)

2018-12-04 09:36:15 - [MESSAGE][PASSED] - Delayed 2 second(s)

2018-12-04 09:36:15 - [TEST_STEP][PASSED] - click: Object: 'Object Repository/Final Object Repo/New Registration - Registration Module Pages/Form 2/DatePicker Pop Up' is clicked on

2018-12-04 09:36:15 - [MESSAGE][PASSED] - Object: 'Object Repository/Final Object Repo/New Registration - Registration Module Pages/Form 2/DatePicker Pop Up' is clicked on

2018-12-04 09:36:15 - [TEST_STEP][PASSED] - click: Object: 'Object Repository/Final Object Repo/New Registration - Registration Module Pages/Form 2/DOB Month' is clicked on

2018-12-04 09:36:15 - [MESSAGE][PASSED] - Object: 'Object Repository/Final Object Repo/New Registration - Registration Module Pages/Form 2/DOB Month' is clicked on

2018-12-04 09:36:15 - [TEST_STEP][PASSED] - Statement - CurrentMonth = CurrentMonth: null

2018-12-04 09:36:15 - [TEST_STEP][PASSED] - Statement - selectMonth = new com.kms.katalon.core.testobject.TestObject(): null

2018-12-04 09:36:15 - [TEST_STEP][PASSED] - Statement - selectMonth.addProperty("xpath", EQUALS, "//body/div/div/div/select/option[@value='" + CurrentMonth + "']", true): null

2018-12-04 09:36:15 - [TEST_STEP][PASSED] - click: Object: '' is clicked on

2018-12-04 09:36:15 - [MESSAGE][PASSED] - Object: '' is clicked on

2018-12-04 09:36:15 - [TEST_STEP][PASSED] - click: Object: 'Object Repository/Final Object Repo/New Registration - Registration Module Pages/Form 2/DOB Year' is clicked on

2018-12-04 09:36:16 - [MESSAGE][PASSED] - Object: 'Object Repository/Final Object Repo/New Registration - Registration Module Pages/Form 2/DOB Year' is clicked on

2018-12-04 09:36:16 - [TEST_STEP][PASSED] - Statement - Eyearsbf = EighteenYrsBefore: null

2018-12-04 09:36:16 - [TEST_STEP][PASSED] - Statement - selectYear = new com.kms.katalon.core.testobject.TestObject(): null

2018-12-04 09:36:16 - [TEST_STEP][PASSED] - Statement - selectYear.addProperty("xpath", EQUALS, "//div/div/div/select/option[@value='" + Eyearsbf + "']", true): null

2018-12-04 09:36:16 - [TEST_STEP][PASSED] - click: Object: '' is clicked on

2018-12-04 09:36:16 - [MESSAGE][PASSED] - Object: '' is clicked on

2018-12-04 09:36:16 - [TEST_STEP][PASSED] - Statement - UpdatedSelectDate = com.kms.katalon.core.webui.keyword.WebUiBuiltInKeywords.modifyObjectProperty(com.kms.katalon.core.testobject.ObjectRepository.findTestObject(Final Object Repo/New Registration - Registration Module Pages/Form 2/DOB Date), "xpath", "equals", "//body/div/table/tbody/tr/td/a[text()="" + CurrentDate + ""]", true): Modify property of object successfully

2018-12-04 09:36:16 - [MESSAGE][PASSED] - Modify property of object successfully

2018-12-04 09:36:16 - [TEST_STEP][PASSED] - delay: Delayed 3 second(s)

2018-12-04 09:36:19 - [MESSAGE][PASSED] - Delayed 3 second(s)

2018-12-04 09:36:19 - [TEST_STEP][PASSED] - click: Object: 'Object Repository/Final Object Repo/New Registration - Registration Module Pages/Form 2/DOB Date' is clicked on

2018-12-04 09:36:19 - [MESSAGE][PASSED] - Object: 'Object Repository/Final Object Repo/New Registration - Registration Module Pages/Form 2/DOB Date' is clicked on

2018-12-04 09:36:19 - [TEST_STEP][PASSED] - delay: Delayed 2 second(s)

2018-12-04 09:36:21 - [MESSAGE][PASSED] - Delayed 2 second(s)

2018-12-04 09:36:21 - [TEST_STEP][PASSED] - click: Object: 'Object Repository/Final Object Repo/New Registration - Registration Module Pages/Form 2/EmploymentStartDate Pop Up' is clicked on

2018-12-04 09:36:21 - [MESSAGE][PASSED] - Object: 'Object Repository/Final Object Repo/New Registration - Registration Module Pages/Form 2/EmploymentStartDate Pop Up' is clicked on

2018-12-04 09:36:21 - [TEST_STEP][PASSED] - delay: Delayed 2 second(s)

2018-12-04 09:36:23 - [MESSAGE][PASSED] - Delayed 2 second(s)

2018-12-04 09:36:23 - [TEST_STEP][PASSED] - click: Object: 'Object Repository/Final Object Repo/New Registration - Registration Module Pages/Form 2/Socso Employment StartDate Month' is clicked on

2018-12-04 09:36:23 - [MESSAGE][PASSED] - Object: 'Object Repository/Final Object Repo/New Registration - Registration Module Pages/Form 2/Socso Employment StartDate Month' is clicked on

2018-12-04 09:36:23 - [TEST_STEP][PASSED] - delay: Delayed 1 second(s)

2018-12-04 09:36:24 - [MESSAGE][PASSED] - Delayed 1 second(s)

2018-12-04 09:36:24 - [TEST_STEP][PASSED] - click: Object: 'Object Repository/Final Object Repo/New Registration - Registration Module Pages/Form 2/Select Socso Employement Startdate Month' is clicked on

2018-12-04 09:36:24 - [MESSAGE][PASSED] - Object: 'Object Repository/Final Object Repo/New Registration - Registration Module Pages/Form 2/Select Socso Employement Startdate Month' is clicked on

2018-12-04 09:36:24 - [TEST_STEP][PASSED] - delay: Delayed 2 second(s)

2018-12-04 09:36:26 - [MESSAGE][PASSED] - Delayed 2 second(s)

2018-12-04 09:36:26 - [TEST_STEP][PASSED] - click: Object: 'Object Repository/Final Object Repo/New Registration - Registration Module Pages/Form 2/Socso Employment StartDate Year' is clicked on

2018-12-04 09:36:27 - [MESSAGE][PASSED] - Object: 'Object Repository/Final Object Repo/New Registration - Registration Module Pages/Form 2/Socso Employment StartDate Year' is clicked on

2018-12-04 09:36:27 - [TEST_STEP][PASSED] - delay: Delayed 1 second(s)

2018-12-04 09:36:28 - [MESSAGE][PASSED] - Delayed 1 second(s)

2018-12-04 09:36:28 - [TEST_STEP][PASSED] - click: Object: 'Object Repository/Final Object Repo/New Registration - Registration Module Pages/Form 2/Select Socso Employment Startdate Year' is clicked on

2018-12-04 09:36:28 - [MESSAGE][PASSED] - Object: 'Object Repository/Final Object Repo/New Registration - Registration Module Pages/Form 2/Select Socso Employment Startdate Year' is clicked on

2018-12-04 09:36:28 - [TEST_STEP][PASSED] - delay: Delayed 2 second(s)

2018-12-04 09:36:30 - [MESSAGE][PASSED] - Delayed 2 second(s)

2018-12-04 09:36:30 - [TEST_STEP][PASSED] - click: Object: 'Object Repository/Final Object Repo/New Registration - Registration Module Pages/Form 2/Socso Employment Start Date Day' is clicked on

2018-12-04 09:36:30 - [MESSAGE][PASSED] - Object: 'Object Repository/Final Object Repo/New Registration - Registration Module Pages/Form 2/Socso Employment Start Date Day' is clicked on

2018-12-04 09:36:30 - [TEST_STEP][PASSED] - delay: Delayed 2 second(s)

2018-12-04 09:36:32 - [MESSAGE][PASSED] - Delayed 2 second(s)

2018-12-04 09:36:32 - [TEST_STEP][PASSED] - click: Object: 'Object Repository/Final Object Repo/New Registration - Registration Module Pages/Form 2/Save Button for Add Employee' is clicked on

2018-12-04 09:36:32 - [MESSAGE][PASSED] - Object: 'Object Repository/Final Object Repo/New Registration - Registration Module Pages/Form 2/Save Button for Add Employee' is clicked on

2018-12-04 09:36:32 - [TEST_STEP][PASSED] - delay: Delayed 6 second(s)

2018-12-04 09:36:38 - [MESSAGE][PASSED] - Delayed 6 second(s)

2018-12-04 09:36:38 - [TEST_STEP][PASSED] - click: Object: 'Object Repository/Final Object Repo/New Registration - Registration Module Pages/Form 2/Incomplete Checkbox' is clicked on

2018-12-04 09:36:38 - [MESSAGE][PASSED] - Object: 'Object Repository/Final Object Repo/New Registration - Registration Module Pages/Form 2/Incomplete Checkbox' is clicked on

2018-12-04 09:36:38 - [TEST_STEP][PASSED] - delay: Delayed 2 second(s)

2018-12-04 09:36:40 - [MESSAGE][PASSED] - Delayed 2 second(s)

2018-12-04 09:36:40 - [TEST_STEP][PASSED] - click: Object: 'Object Repository/Final Object Repo/New Registration - Registration Module Pages/Form 2/Save and Continue Form 2' is clicked on

2018-12-04 09:36:41 - [MESSAGE][PASSED] - Object: 'Object Repository/Final Object Repo/New Registration - Registration Module Pages/Form 2/Save and Continue Form 2' is clicked on

2018-12-04 09:36:41 - [MESSAGE][PASSED] - Call Test Case 'Test Cases/Final Aug 2018 - PKS Automation/Registration Module/New Registration/Form 2/Add 1 Eligible - Incomplete' successfully

2018-12-04 09:36:41 - [TEST_STEP][PASSED] - callTestCase: Call Test Case 'Test Cases/Final Aug 2018 - PKS Automation/Registration Module/New Registration/Flow of New Registration/Third Screen - Upload Supporting Doc - Preview' successfully

2018-12-04 09:36:41 - [TEST_CASE][PASSED] - Test Cases/Final Aug 2018 - PKS Automation/Registration Module/New Registration/Flow of New Registration/Third Screen - Upload Supporting Doc - Preview: Test Cases/Final Aug 2018 - PKS Automation/Registration Module/New Registration/Flow of New Registration/Third Screen - Upload Supporting Doc - Preview

2018-12-04 09:36:41 - [TEST_STEP][PASSED] - waitForPageLoad: Wait for page load successfully

2018-12-04 09:36:42 - [MESSAGE][PASSED] - Wait for page load successfully

2018-12-04 09:36:42 - [TEST_STEP][PASSED] - Statement - CaseReferenceNo = com.kms.katalon.core.webui.keyword.WebUiBuiltInKeywords.getText(com.kms.katalon.core.testobject.ObjectRepository.findTestObject(Final Object Repo/New Registration - Registration Module Pages/Third Screen - Upload Supporting Doc- Preview/RefNo Acquiring)): Text of object 'Object Repository/Final Object Repo/New Registration - Registration Module Pages/Third Screen - Upload Supporting Doc- Preview/RefNo Acquiring' is: 'CRN12201800122963'

2018-12-04 09:36:42 - [MESSAGE][PASSED] - Text of object 'Object Repository/Final Object Repo/New Registration - Registration Module Pages/Third Screen - Upload Supporting Doc- Preview/RefNo Acquiring' is: 'CRN12201800122963'

2018-12-04 09:36:42 - [TEST_STEP][PASSED] - delay: Delayed 2 second(s)

2018-12-04 09:36:44 - [MESSAGE][PASSED] - Delayed 2 second(s)

2018-12-04 09:36:44 - [TEST_STEP][PASSED] - callTestCase: Call Test Case 'Test Cases/Final Aug 2018 - PKS Automation/Common/Reference Number Setter' successfully

2018-12-04 09:36:44 - [TEST_CASE][PASSED] - Test Cases/Final Aug 2018 - PKS Automation/Common/Reference Number Setter: Test Cases/Final Aug 2018 - PKS Automation/Common/Reference Number Setter

2018-12-04 09:36:44 - [TEST_STEP][PASSED] - Statement - RefNoOldFile = new java.io.File(C://Users//Admin//Desktop//PKS//Automation Reference Point//KatalonReference.txt): null

2018-12-04 09:36:44 - [TEST_STEP][PASSED] - Statement - RefNoOldFile.delete(): null

2018-12-04 09:36:44 - [TEST_STEP][PASSED] - delay: Delayed 5 second(s)

2018-12-04 09:36:49 - [MESSAGE][PASSED] - Delayed 5 second(s)

2018-12-04 09:36:49 - [TEST_STEP][PASSED] - Statement - RefNo = new java.io.File(C://Users//Admin//Desktop//PKS//Automation Reference Point//KatalonReference.txt): null

2018-12-04 09:36:49 - [TEST_STEP][PASSED] - Statement - f2 = new java.io.FileWriter(RefNo, false): null

2018-12-04 09:36:49 - [TEST_STEP][PASSED] - Statement - f2.write(CaseReferenceNo): null

2018-12-04 09:36:49 - [TEST_STEP][PASSED] - Statement - f2.close(): null

2018-12-04 09:36:49 - [TEST_STEP][PASSED] - Statement - out.println("


" + CaseReferenceNo + "


"): null

2018-12-04 09:36:49 - [MESSAGE][PASSED] - Call Test Case 'Test Cases/Final Aug 2018 - PKS Automation/Common/Reference Number Setter' successfully

2018-12-04 09:36:49 - [TEST_STEP][PASSED] - waitForElementClickable: Object 'Object Repository/Final Object Repo/New Registration - Registration Module Pages/Third Screen - Upload Supporting Doc- Preview/Save n Continue in SIP Employee Listing Page' is clickable

2018-12-04 09:36:49 - [MESSAGE][PASSED] - Object 'Object Repository/Final Object Repo/New Registration - Registration Module Pages/Third Screen - Upload Supporting Doc- Preview/Save n Continue in SIP Employee Listing Page' is clickable

2018-12-04 09:36:49 - [TEST_STEP][PASSED] - click: Object: 'Object Repository/Final Object Repo/New Registration - Registration Module Pages/Third Screen - Upload Supporting Doc- Preview/Save n Continue in SIP Employee Listing Page' is clicked on

2018-12-04 09:36:55 - [MESSAGE][PASSED] - Object: 'Object Repository/Final Object Repo/New Registration - Registration Module Pages/Third Screen - Upload Supporting Doc- Preview/Save n Continue in SIP Employee Listing Page' is clicked on

2018-12-04 09:36:55 - [TEST_STEP][PASSED] - delay: Delayed 7 second(s)

2018-12-04 09:37:02 - [MESSAGE][PASSED] - Delayed 7 second(s)

2018-12-04 09:37:02 - [TEST_STEP][PASSED] - click: Object: 'Object Repository/Final Object Repo/New Registration - Registration Module Pages/Third Screen - Upload Supporting Doc- Preview/Add Document Button' is clicked on

2018-12-04 09:37:02 - [MESSAGE][PASSED] - Object: 'Object Repository/Final Object Repo/New Registration - Registration Module Pages/Third Screen - Upload Supporting Doc- Preview/Add Document Button' is clicked on

2018-12-04 09:37:02 - [TEST_STEP][PASSED] - delay: Delayed 30 second(s)

2018-12-04 09:37:32 - [MESSAGE][PASSED] - Delayed 30 second(s)

2018-12-04 09:37:32 - [TEST_STEP][PASSED] - click: Object: 'Object Repository/Final Object Repo/New Registration - Registration Module Pages/Third Screen - Upload Supporting Doc- Preview/Supporting Doc Please Select Drop Down' is clicked on

2018-12-04 09:37:32 - [MESSAGE][PASSED] - Object: 'Object Repository/Final Object Repo/New Registration - Registration Module Pages/Third Screen - Upload Supporting Doc- Preview/Supporting Doc Please Select Drop Down' is clicked on

2018-12-04 09:37:32 - [TEST_STEP][PASSED] - delay: Delayed 2 second(s)

2018-12-04 09:37:34 - [MESSAGE][PASSED] - Delayed 2 second(s)

2018-12-04 09:37:34 - [TEST_STEP][PASSED] - click: Object: 'Object Repository/Final Object Repo/New Registration - Registration Module Pages/Third Screen - Upload Supporting Doc- Preview/Select to Upload Form 1' is clicked on

2018-12-04 09:37:34 - [MESSAGE][PASSED] - Object: 'Object Repository/Final Object Repo/New Registration - Registration Module Pages/Third Screen - Upload Supporting Doc- Preview/Select to Upload Form 1' is clicked on

2018-12-04 09:37:34 - [TEST_STEP][PASSED] - delay: Delayed 2 second(s)

2018-12-04 09:37:36 - [MESSAGE][PASSED] - Delayed 2 second(s)

2018-12-04 09:37:36 - [TEST_STEP][PASSED] - uploadFile: File 'C:\Users\Public\Pictures\Sample Pictures\Koala.jpg' sent to object: 'Object Repository/Final Object Repo/New Registration - Registration Module Pages/Third Screen - Upload Supporting Doc- Preview/Upload File Adding'

2018-12-04 09:37:36 - [MESSAGE][PASSED] - File 'C:\Users\Public\Pictures\Sample Pictures\Koala.jpg' sent to object: 'Object Repository/Final Object Repo/New Registration - Registration Module Pages/Third Screen - Upload Supporting Doc- Preview/Upload File Adding'

2018-12-04 09:37:36 - [TEST_STEP][PASSED] - delay: Delayed 5 second(s)

2018-12-04 09:37:41 - [MESSAGE][PASSED] - Delayed 5 second(s)

2018-12-04 09:37:41 - [TEST_STEP][PASSED] - click: Object: 'Object Repository/Final Object Repo/New Registration - Registration Module Pages/Third Screen - Upload Supporting Doc- Preview/Inner Form Add Document Button' is clicked on

2018-12-04 09:37:42 - [MESSAGE][PASSED] - Object: 'Object Repository/Final Object Repo/New Registration - Registration Module Pages/Third Screen - Upload Supporting Doc- Preview/Inner Form Add Document Button' is clicked on

2018-12-04 09:37:42 - [TEST_STEP][PASSED] - delay: Delayed 3 second(s)

2018-12-04 09:37:45 - [MESSAGE][PASSED] - Delayed 3 second(s)

2018-12-04 09:37:45 - [TEST_STEP][PASSED] - click: Object: 'Object Repository/Final Object Repo/New Registration - Registration Module Pages/Third Screen - Upload Supporting Doc- Preview/Add Document Button' is clicked on

2018-12-04 09:37:46 - [MESSAGE][PASSED] - Object: 'Object Repository/Final Object Repo/New Registration - Registration Module Pages/Third Screen - Upload Supporting Doc- Preview/Add Document Button' is clicked on

2018-12-04 09:37:46 - [TEST_STEP][PASSED] - delay: Delayed 30 second(s)

2018-12-04 09:38:16 - [MESSAGE][PASSED] - Delayed 30 second(s)

2018-12-04 09:38:16 - [TEST_STEP][PASSED] - click: Object: 'Object Repository/Final Object Repo/New Registration - Registration Module Pages/Third Screen - Upload Supporting Doc- Preview/Supporting Doc Please Select Drop Down' is clicked on

2018-12-04 09:38:16 - [MESSAGE][PASSED] - Object: 'Object Repository/Final Object Repo/New Registration - Registration Module Pages/Third Screen - Upload Supporting Doc- Preview/Supporting Doc Please Select Drop Down' is clicked on

2018-12-04 09:38:16 - [TEST_STEP][PASSED] - delay: Delayed 2 second(s)

2018-12-04 09:38:18 - [MESSAGE][PASSED] - Delayed 2 second(s)

2018-12-04 09:38:18 - [TEST_STEP][PASSED] - click: Object: 'Object Repository/Final Object Repo/New Registration - Registration Module Pages/Third Screen - Upload Supporting Doc- Preview/Select to Upload Form 2' is clicked on

2018-12-04 09:38:18 - [MESSAGE][PASSED] - Object: 'Object Repository/Final Object Repo/New Registration - Registration Module Pages/Third Screen - Upload Supporting Doc- Preview/Select to Upload Form 2' is clicked on

2018-12-04 09:38:18 - [TEST_STEP][PASSED] - delay: Delayed 2 second(s)

2018-12-04 09:38:20 - [MESSAGE][PASSED] - Delayed 2 second(s)

2018-12-04 09:38:20 - [TEST_STEP][PASSED] - uploadFile: File 'C:\Users\Public\Pictures\Sample Pictures\Koala.jpg' sent to object: 'Object Repository/Final Object Repo/New Registration - Registration Module Pages/Third Screen - Upload Supporting Doc- Preview/Upload File Adding'

2018-12-04 09:38:21 - [MESSAGE][PASSED] - File 'C:\Users\Public\Pictures\Sample Pictures\Koala.jpg' sent to object: 'Object Repository/Final Object Repo/New Registration - Registration Module Pages/Third Screen - Upload Supporting Doc- Preview/Upload File Adding'

2018-12-04 09:38:21 - [TEST_STEP][PASSED] - click: Object: 'Object Repository/Final Object Repo/New Registration - Registration Module Pages/Third Screen - Upload Supporting Doc- Preview/Inner Form Add Document Button' is clicked on

2018-12-04 09:38:21 - [MESSAGE][PASSED] - Object: 'Object Repository/Final Object Repo/New Registration - Registration Module Pages/Third Screen - Upload Supporting Doc- Preview/Inner Form Add Document Button' is clicked on

2018-12-04 09:38:21 - [TEST_STEP][PASSED] - delay: Delayed 5 second(s)

2018-12-04 09:38:26 - [MESSAGE][PASSED] - Delayed 5 second(s)

2018-12-04 09:38:26 - [TEST_STEP][PASSED] - click: Object: 'Object Repository/Final Object Repo/New Registration - Registration Module Pages/Third Screen - Upload Supporting Doc- Preview/Add Document Button' is clicked on

2018-12-04 09:38:26 - [MESSAGE][PASSED] - Object: 'Object Repository/Final Object Repo/New Registration - Registration Module Pages/Third Screen - Upload Supporting Doc- Preview/Add Document Button' is clicked on

2018-12-04 09:38:26 - [TEST_STEP][PASSED] - delay: Delayed 30 second(s)

2018-12-04 09:38:56 - [MESSAGE][PASSED] - Delayed 30 second(s)

2018-12-04 09:38:56 - [TEST_STEP][PASSED] - click: Object: 'Object Repository/Final Object Repo/New Registration - Registration Module Pages/Third Screen - Upload Supporting Doc- Preview/Supporting Doc Please Select Drop Down' is clicked on

2018-12-04 09:38:56 - [MESSAGE][PASSED] - Object: 'Object Repository/Final Object Repo/New Registration - Registration Module Pages/Third Screen - Upload Supporting Doc- Preview/Supporting Doc Please Select Drop Down' is clicked on

2018-12-04 09:38:56 - [TEST_STEP][PASSED] - click: Object: 'Object Repository/Final Object Repo/New Registration - Registration Module Pages/Third Screen - Upload Supporting Doc- Preview/Select to Upload Borang SIP 1' is clicked on

2018-12-04 09:38:56 - [MESSAGE][PASSED] - Object: 'Object Repository/Final Object Repo/New Registration - Registration Module Pages/Third Screen - Upload Supporting Doc- Preview/Select to Upload Borang SIP 1' is clicked on

2018-12-04 09:38:56 - [TEST_STEP][PASSED] - delay: Delayed 2 second(s)

2018-12-04 09:38:58 - [MESSAGE][PASSED] - Delayed 2 second(s)

2018-12-04 09:38:58 - [TEST_STEP][PASSED] - uploadFile: File 'C:\Users\Public\Pictures\Sample Pictures\Koala.jpg' sent to object: 'Object Repository/Final Object Repo/New Registration - Registration Module Pages/Third Screen - Upload Supporting Doc- Preview/Upload File Adding'

2018-12-04 09:38:58 - [MESSAGE][PASSED] - File 'C:\Users\Public\Pictures\Sample Pictures\Koala.jpg' sent to object: 'Object Repository/Final Object Repo/New Registration - Registration Module Pages/Third Screen - Upload Supporting Doc- Preview/Upload File Adding'

2018-12-04 09:38:58 - [TEST_STEP][PASSED] - click: Object: 'Object Repository/Final Object Repo/New Registration - Registration Module Pages/Third Screen - Upload Supporting Doc- Preview/Inner Form Add Document Button' is clicked on

2018-12-04 09:38:59 - [MESSAGE][PASSED] - Object: 'Object Repository/Final Object Repo/New Registration - Registration Module Pages/Third Screen - Upload Supporting Doc- Preview/Inner Form Add Document Button' is clicked on

2018-12-04 09:38:59 - [TEST_STEP][PASSED] - delay: Delayed 5 second(s)

2018-12-04 09:39:04 - [MESSAGE][PASSED] - Delayed 5 second(s)

2018-12-04 09:39:04 - [TEST_STEP][PASSED] - click: Object: 'Object Repository/Final Object Repo/New Registration - Registration Module Pages/Third Screen - Upload Supporting Doc- Preview/Add Document Button' is clicked on

2018-12-04 09:39:04 - [MESSAGE][PASSED] - Object: 'Object Repository/Final Object Repo/New Registration - Registration Module Pages/Third Screen - Upload Supporting Doc- Preview/Add Document Button' is clicked on

2018-12-04 09:39:04 - [TEST_STEP][PASSED] - delay: Delayed 30 second(s)

2018-12-04 09:39:34 - [MESSAGE][PASSED] - Delayed 30 second(s)

2018-12-04 09:39:34 - [TEST_STEP][PASSED] - click: Object: 'Object Repository/Final Object Repo/New Registration - Registration Module Pages/Third Screen - Upload Supporting Doc- Preview/Supporting Doc Please Select Drop Down' is clicked on

2018-12-04 09:39:34 - [MESSAGE][PASSED] - Object: 'Object Repository/Final Object Repo/New Registration - Registration Module Pages/Third Screen - Upload Supporting Doc- Preview/Supporting Doc Please Select Drop Down' is clicked on

2018-12-04 09:39:34 - [TEST_STEP][PASSED] - delay: Delayed 3 second(s)

2018-12-04 09:39:37 - [MESSAGE][PASSED] - Delayed 3 second(s)

2018-12-04 09:39:37 - [TEST_STEP][PASSED] - click: Object: 'Object Repository/Final Object Repo/New Registration - Registration Module Pages/Third Screen - Upload Supporting Doc- Preview/Select to Upload Borang SIP 2' is clicked on

2018-12-04 09:39:37 - [MESSAGE][PASSED] - Object: 'Object Repository/Final Object Repo/New Registration - Registration Module Pages/Third Screen - Upload Supporting Doc- Preview/Select to Upload Borang SIP 2' is clicked on

2018-12-04 09:39:37 - [TEST_STEP][PASSED] - delay: Delayed 2 second(s)

2018-12-04 09:39:39 - [MESSAGE][PASSED] - Delayed 2 second(s)

2018-12-04 09:39:39 - [TEST_STEP][PASSED] - uploadFile: File 'C:\Users\Public\Pictures\Sample Pictures\Koala.jpg' sent to object: 'Object Repository/Final Object Repo/New Registration - Registration Module Pages/Third Screen - Upload Supporting Doc- Preview/Upload File Adding'

2018-12-04 09:39:39 - [MESSAGE][PASSED] - File 'C:\Users\Public\Pictures\Sample Pictures\Koala.jpg' sent to object: 'Object Repository/Final Object Repo/New Registration - Registration Module Pages/Third Screen - Upload Supporting Doc- Preview/Upload File Adding'

2018-12-04 09:39:39 - [TEST_STEP][PASSED] - delay: Delayed 5 second(s)

2018-12-04 09:39:44 - [MESSAGE][PASSED] - Delayed 5 second(s)

2018-12-04 09:39:44 - [TEST_STEP][PASSED] - click: Object: 'Object Repository/Final Object Repo/New Registration - Registration Module Pages/Third Screen - Upload Supporting Doc- Preview/Inner Form Add Document Button' is clicked on

2018-12-04 09:39:45 - [MESSAGE][PASSED] - Object: 'Object Repository/Final Object Repo/New Registration - Registration Module Pages/Third Screen - Upload Supporting Doc- Preview/Inner Form Add Document Button' is clicked on

2018-12-04 09:39:45 - [TEST_STEP][PASSED] - delay: Delayed 3 second(s)

2018-12-04 09:39:48 - [MESSAGE][PASSED] - Delayed 3 second(s)

2018-12-04 09:39:48 - [TEST_STEP][PASSED] - waitForElementClickable: Object 'Object Repository/Final Object Repo/New Registration - Registration Module Pages/Third Screen - Upload Supporting Doc- Preview/Save n Continue in Uploading Supporting Doc Page' is clickable

2018-12-04 09:39:49 - [MESSAGE][PASSED] - Object 'Object Repository/Final Object Repo/New Registration - Registration Module Pages/Third Screen - Upload Supporting Doc- Preview/Save n Continue in Uploading Supporting Doc Page' is clickable

2018-12-04 09:39:49 - [TEST_STEP][PASSED] - click: Object: 'Object Repository/Final Object Repo/New Registration - Registration Module Pages/Third Screen - Upload Supporting Doc- Preview/Save n Continue in Uploading Supporting Doc Page' is clicked on

2018-12-04 09:39:49 - [MESSAGE][PASSED] - Object: 'Object Repository/Final Object Repo/New Registration - Registration Module Pages/Third Screen - Upload Supporting Doc- Preview/Save n Continue in Uploading Supporting Doc Page' is clicked on

2018-12-04 09:39:49 - [MESSAGE][PASSED] - Call Test Case 'Test Cases/Final Aug 2018 - PKS Automation/Registration Module/New Registration/Flow of New Registration/Third Screen - Upload Supporting Doc - Preview' successfully

2018-12-04 09:39:49 - [TEST_STEP][PASSED] - callTestCase: Call Test Case 'Test Cases/Final Aug 2018 - PKS Automation/Registration Module/New Registration/Submit and Screenshot/Submit Registration and Screenshot' successfully

2018-12-04 09:39:49 - [TEST_CASE][PASSED] - Test Cases/Final Aug 2018 - PKS Automation/Registration Module/New Registration/Submit and Screenshot/Submit Registration and Screenshot: Test Cases/Final Aug 2018 - PKS Automation/Registration Module/New Registration/Submit and Screenshot/Submit Registration and Screenshot

2018-12-04 09:39:49 - [TEST_STEP][PASSED] - delay: Delayed 6 second(s)

2018-12-04 09:39:55 - [MESSAGE][PASSED] - Delayed 6 second(s)

2018-12-04 09:39:55 - [TEST_STEP][PASSED] - click: Object: 'Object Repository/Final Object Repo/New Registration - Registration Module Pages/Third Screen - Upload Supporting Doc- Preview/Preview Submit Button' is clicked on

2018-12-04 09:39:56 - [MESSAGE][PASSED] - Object: 'Object Repository/Final Object Repo/New Registration - Registration Module Pages/Third Screen - Upload Supporting Doc- Preview/Preview Submit Button' is clicked on

2018-12-04 09:39:56 - [TEST_STEP][PASSED] - delay: Delayed 2 second(s)

2018-12-04 09:39:58 - [MESSAGE][PASSED] - Delayed 2 second(s)

2018-12-04 09:39:58 - [TEST_STEP][PASSED] - click: Object: 'Object Repository/Final Object Repo/New Registration - Registration Module Pages/Third Screen - Upload Supporting Doc- Preview/Preview Submit - Confirm' is clicked on

2018-12-04 09:39:58 - [MESSAGE][PASSED] - Object: 'Object Repository/Final Object Repo/New Registration - Registration Module Pages/Third Screen - Upload Supporting Doc- Preview/Preview Submit - Confirm' is clicked on

2018-12-04 09:39:58 - [TEST_STEP][PASSED] - delay: Delayed 15 second(s)

2018-12-04 09:40:13 - [MESSAGE][PASSED] - Delayed 15 second(s)

2018-12-04 09:40:13 - [TEST_STEP][PASSED] - Statement - driver = com.kms.katalon.core.webui.driver.DriverFactory.getWebDriver(): null

2018-12-04 09:40:13 - [TEST_STEP][PASSED] - Statement - driver.manage().timeouts().implicitlyWait(10, SECONDS): null

2018-12-04 09:40:13 - [TEST_STEP][PASSED] - Statement - PresavePath = KatalonScreenshots: null

2018-12-04 09:40:13 - [TEST_STEP][PASSED] - Statement - pathPrefix = "C:\Users\Public\Pictures\Sample Pictures\Katalon Screenshots\Automate Ending Screen": null

2018-12-04 09:40:13 - [TEST_STEP][PASSED] - Statement - finalPath = <not implemented yet for class: org.codehaus.groovy.ast.expr.EmptyExpression>: null

2018-12-04 09:40:13 - [TEST_STEP][PASSED] - Statement - scrFile = driver.getScreenshotAs(FILE): null

2018-12-04 09:40:13 - [TEST_STEP][PASSED] - Statement - PreSaveFile = new java.io.File(PresavePath): null

2018-12-04 09:40:13 - [TEST_STEP][PASSED] - Statement - counter = 0: null

2018-12-04 09:40:13 - [TEST_STEP][PASSED] - Statement - If (PreSaveFile.exists()): null

2018-12-04 09:40:13 - [TEST_STEP][PASSED] - Statement - While (PreSaveFile.exists()): null

2018-12-04 09:40:13 - [TEST_STEP][PASSED] - Statement - counter = counter + 1: null

2018-12-04 09:40:13 - [TEST_STEP][PASSED] - Statement - PreSaveFile = new java.io.File(((pathPrefix + java.lang.Integer.toString(counter)) + .png)): null

2018-12-04 09:40:13 - [TEST_STEP][PASSED] - Statement - counter = counter + 1: null

2018-12-04 09:40:13 - [TEST_STEP][PASSED] - Statement - PreSaveFile = new java.io.File(((pathPrefix + java.lang.Integer.toString(counter)) + .png)): null

2018-12-04 09:40:13 - [TEST_STEP][PASSED] - Statement - counter = counter + 1: null

2018-12-04 09:40:13 - [TEST_STEP][PASSED] - Statement - PreSaveFile = new java.io.File(((pathPrefix + java.lang.Integer.toString(counter)) + .png)): null

2018-12-04 09:40:13 - [TEST_STEP][PASSED] - Statement - counter = counter + 1: null

2018-12-04 09:40:13 - [TEST_STEP][PASSED] - Statement - PreSaveFile = new java.io.File(((pathPrefix + java.lang.Integer.toString(counter)) + .png)): null

2018-12-04 09:40:13 - [TEST_STEP][PASSED] - Statement - counter = counter + 1: null

2018-12-04 09:40:13 - [TEST_STEP][PASSED] - Statement - PreSaveFile = new java.io.File(((pathPrefix + java.lang.Integer.toString(counter)) + .png)): null

2018-12-04 09:40:13 - [TEST_STEP][PASSED] - Statement - counter = counter + 1: null

2018-12-04 09:40:13 - [TEST_STEP][PASSED] - Statement - PreSaveFile = new java.io.File(((pathPrefix + java.lang.Integer.toString(counter)) + .png)): null

2018-12-04 09:40:13 - [TEST_STEP][PASSED] - Statement - counter = counter + 1: null

2018-12-04 09:40:13 - [TEST_STEP][PASSED] - Statement - PreSaveFile = new java.io.File(((pathPrefix + java.lang.Integer.toString(counter)) + .png)): null

2018-12-04 09:40:13 - [TEST_STEP][PASSED] - Statement - counter = counter + 1: null

2018-12-04 09:40:13 - [TEST_STEP][PASSED] - Statement - PreSaveFile = new java.io.File(((pathPrefix + java.lang.Integer.toString(counter)) + .png)): null

2018-12-04 09:40:13 - [TEST_STEP][PASSED] - Statement - counter = counter + 1: null

2018-12-04 09:40:13 - [TEST_STEP][PASSED] - Statement - PreSaveFile = new java.io.File(((pathPrefix + java.lang.Integer.toString(counter)) + .png)): null

2018-12-04 09:40:13 - [TEST_STEP][PASSED] - Statement - counter = counter + 1: null

2018-12-04 09:40:13 - [TEST_STEP][PASSED] - Statement - PreSaveFile = new java.io.File(((pathPrefix + java.lang.Integer.toString(counter)) + .png)): null

2018-12-04 09:40:13 - [TEST_STEP][PASSED] - Statement - counter = counter + 1: null

2018-12-04 09:40:13 - [TEST_STEP][PASSED] - Statement - PreSaveFile = new java.io.File(((pathPrefix + java.lang.Integer.toString(counter)) + .png)): null

2018-12-04 09:40:13 - [TEST_STEP][PASSED] - Statement - counter = counter + 1: null

2018-12-04 09:40:13 - [TEST_STEP][PASSED] - Statement - PreSaveFile = new java.io.File(((pathPrefix + java.lang.Integer.toString(counter)) + .png)): null

2018-12-04 09:40:13 - [TEST_STEP][PASSED] - Statement - counter = counter + 1: null

2018-12-04 09:40:13 - [TEST_STEP][PASSED] - Statement - PreSaveFile = new java.io.File(((pathPrefix + java.lang.Integer.toString(counter)) + .png)): null

2018-12-04 09:40:13 - [TEST_STEP][PASSED] - Statement - counter = counter + 1: null

2018-12-04 09:40:13 - [TEST_STEP][PASSED] - Statement - PreSaveFile = new java.io.File(((pathPrefix + java.lang.Integer.toString(counter)) + .png)): null

2018-12-04 09:40:13 - [TEST_STEP][PASSED] - Statement - counter = counter + 1: null

2018-12-04 09:40:13 - [TEST_STEP][PASSED] - Statement - PreSaveFile = new java.io.File(((pathPrefix + java.lang.Integer.toString(counter)) + .png)): null

2018-12-04 09:40:14 - [TEST_STEP][PASSED] - Statement - counter = counter + 1: null

2018-12-04 09:40:14 - [TEST_STEP][PASSED] - Statement - PreSaveFile = new java.io.File(((pathPrefix + java.lang.Integer.toString(counter)) + .png)): null

2018-12-04 09:40:14 - [TEST_STEP][PASSED] - Statement - counter = counter + 1: null

2018-12-04 09:40:14 - [TEST_STEP][PASSED] - Statement - PreSaveFile = new java.io.File(((pathPrefix + java.lang.Integer.toString(counter)) + .png)): null

2018-12-04 09:40:14 - [TEST_STEP][PASSED] - Statement - counter = counter + 1: null

2018-12-04 09:40:14 - [TEST_STEP][PASSED] - Statement - PreSaveFile = new java.io.File(((pathPrefix + java.lang.Integer.toString(counter)) + .png)): null

2018-12-04 09:40:14 - [TEST_STEP][PASSED] - Statement - counter = counter + 1: null

2018-12-04 09:40:14 - [TEST_STEP][PASSED] - Statement - PreSaveFile = new java.io.File(((pathPrefix + java.lang.Integer.toString(counter)) + .png)): null

2018-12-04 09:40:14 - [TEST_STEP][PASSED] - Statement - counter = counter + 1: null

2018-12-04 09:40:14 - [TEST_STEP][PASSED] - Statement - PreSaveFile = new java.io.File(((pathPrefix + java.lang.Integer.toString(counter)) + .png)): null

2018-12-04 09:40:14 - [TEST_STEP][PASSED] - Statement - counter = counter + 1: null

2018-12-04 09:40:14 - [TEST_STEP][PASSED] - Statement - PreSaveFile = new java.io.File(((pathPrefix + java.lang.Integer.toString(counter)) + .png)): null

2018-12-04 09:40:14 - [TEST_STEP][PASSED] - Statement - counter = counter + 1: null

2018-12-04 09:40:14 - [TEST_STEP][PASSED] - Statement - PreSaveFile = new java.io.File(((pathPrefix + java.lang.Integer.toString(counter)) + .png)): null

2018-12-04 09:40:14 - [TEST_STEP][PASSED] - Statement - counter = counter + 1: null

2018-12-04 09:40:14 - [TEST_STEP][PASSED] - Statement - PreSaveFile = new java.io.File(((pathPrefix + java.lang.Integer.toString(counter)) + .png)): null

2018-12-04 09:40:14 - [TEST_STEP][PASSED] - Statement - counter = counter + 1: null

2018-12-04 09:40:14 - [TEST_STEP][PASSED] - Statement - PreSaveFile = new java.io.File(((pathPrefix + java.lang.Integer.toString(counter)) + .png)): null

2018-12-04 09:40:14 - [TEST_STEP][PASSED] - Statement - counter = counter + 1: null

2018-12-04 09:40:14 - [TEST_STEP][PASSED] - Statement - PreSaveFile = new java.io.File(((pathPrefix + java.lang.Integer.toString(counter)) + .png)): null

2018-12-04 09:40:14 - [TEST_STEP][PASSED] - Statement - counter = counter + 1: null

2018-12-04 09:40:14 - [TEST_STEP][PASSED] - Statement - PreSaveFile = new java.io.File(((pathPrefix + java.lang.Integer.toString(counter)) + .png)): null

2018-12-04 09:40:14 - [TEST_STEP][PASSED] - Statement - counter = counter + 1: null

2018-12-04 09:40:14 - [TEST_STEP][PASSED] - Statement - PreSaveFile = new java.io.File(((pathPrefix + java.lang.Integer.toString(counter)) + .png)): null

2018-12-04 09:40:14 - [TEST_STEP][PASSED] - Statement - counter = counter + 1: null

2018-12-04 09:40:14 - [TEST_STEP][PASSED] - Statement - PreSaveFile = new java.io.File(((pathPrefix + java.lang.Integer.toString(counter)) + .png)): null

2018-12-04 09:40:14 - [TEST_STEP][PASSED] - Statement - counter = counter + 1: null

2018-12-04 09:40:14 - [TEST_STEP][PASSED] - Statement - PreSaveFile = new java.io.File(((pathPrefix + java.lang.Integer.toString(counter)) + .png)): null

2018-12-04 09:40:14 - [TEST_STEP][PASSED] - Statement - counter = counter + 1: null

2018-12-04 09:40:14 - [TEST_STEP][PASSED] - Statement - PreSaveFile = new java.io.File(((pathPrefix + java.lang.Integer.toString(counter)) + .png)): null

2018-12-04 09:40:14 - [TEST_STEP][PASSED] - Statement - counter = counter + 1: null

2018-12-04 09:40:14 - [TEST_STEP][PASSED] - Statement - PreSaveFile = new java.io.File(((pathPrefix + java.lang.Integer.toString(counter)) + .png)): null

2018-12-04 09:40:14 - [TEST_STEP][PASSED] - Statement - counter = counter + 1: null

2018-12-04 09:40:14 - [TEST_STEP][PASSED] - Statement - PreSaveFile = new java.io.File(((pathPrefix + java.lang.Integer.toString(counter)) + .png)): null

2018-12-04 09:40:14 - [TEST_STEP][PASSED] - Statement - counter = counter + 1: null

2018-12-04 09:40:14 - [TEST_STEP][PASSED] - Statement - PreSaveFile = new java.io.File(((pathPrefix + java.lang.Integer.toString(counter)) + .png)): null

2018-12-04 09:40:15 - [TEST_STEP][PASSED] - Statement - counter = counter + 1: null

2018-12-04 09:40:15 - [TEST_STEP][PASSED] - Statement - PreSaveFile = new java.io.File(((pathPrefix + java.lang.Integer.toString(counter)) + .png)): null

2018-12-04 09:40:15 - [TEST_STEP][PASSED] - Statement - counter = counter + 1: null

2018-12-04 09:40:15 - [TEST_STEP][PASSED] - Statement - PreSaveFile = new java.io.File(((pathPrefix + java.lang.Integer.toString(counter)) + .png)): null

2018-12-04 09:40:15 - [TEST_STEP][PASSED] - Statement - counter = counter + 1: null

2018-12-04 09:40:15 - [TEST_STEP][PASSED] - Statement - PreSaveFile = new java.io.File(((pathPrefix + java.lang.Integer.toString(counter)) + .png)): null

2018-12-04 09:40:15 - [TEST_STEP][PASSED] - Statement - counter = counter + 1: null

2018-12-04 09:40:15 - [TEST_STEP][PASSED] - Statement - PreSaveFile = new java.io.File(((pathPrefix + java.lang.Integer.toString(counter)) + .png)): null

2018-12-04 09:40:15 - [TEST_STEP][PASSED] - Statement - counter = counter + 1: null

2018-12-04 09:40:15 - [TEST_STEP][PASSED] - Statement - PreSaveFile = new java.io.File(((pathPrefix + java.lang.Integer.toString(counter)) + .png)): null

2018-12-04 09:40:15 - [TEST_STEP][PASSED] - Statement - counter = counter + 1: null

2018-12-04 09:40:15 - [TEST_STEP][PASSED] - Statement - PreSaveFile = new java.io.File(((pathPrefix + java.lang.Integer.toString(counter)) + .png)): null

2018-12-04 09:40:15 - [TEST_STEP][PASSED] - Statement - counter = counter + 1: null

2018-12-04 09:40:15 - [TEST_STEP][PASSED] - Statement - PreSaveFile = new java.io.File(((pathPrefix + java.lang.Integer.toString(counter)) + .png)): null

2018-12-04 09:40:15 - [TEST_STEP][PASSED] - Statement - counter = counter + 1: null

2018-12-04 09:40:15 - [TEST_STEP][PASSED] - Statement - PreSaveFile = new java.io.File(((pathPrefix + java.lang.Integer.toString(counter)) + .png)): null

2018-12-04 09:40:15 - [TEST_STEP][PASSED] - Statement - counter = counter + 1: null

2018-12-04 09:40:15 - [TEST_STEP][PASSED] - Statement - PreSaveFile = new java.io.File(((pathPrefix + java.lang.Integer.toString(counter)) + .png)): null

2018-12-04 09:40:15 - [TEST_STEP][PASSED] - Statement - counter = counter + 1: null

2018-12-04 09:40:16 - [TEST_STEP][PASSED] - Statement - PreSaveFile = new java.io.File(((pathPrefix + java.lang.Integer.toString(counter)) + .png)): null

2018-12-04 09:40:16 - [TEST_STEP][PASSED] - Statement - counter = counter + 1: null

2018-12-04 09:40:16 - [TEST_STEP][PASSED] - Statement - PreSaveFile = new java.io.File(((pathPrefix + java.lang.Integer.toString(counter)) + .png)): null

2018-12-04 09:40:16 - [TEST_STEP][PASSED] - Statement - counter = counter + 1: null

2018-12-04 09:40:16 - [TEST_STEP][PASSED] - Statement - PreSaveFile = new java.io.File(((pathPrefix + java.lang.Integer.toString(counter)) + .png)): null

2018-12-04 09:40:16 - [TEST_STEP][PASSED] - Statement - counter = counter + 1: null

2018-12-04 09:40:16 - [TEST_STEP][PASSED] - Statement - PreSaveFile = new java.io.File(((pathPrefix + java.lang.Integer.toString(counter)) + .png)): null

2018-12-04 09:40:16 - [TEST_STEP][PASSED] - Statement - counter = counter + 1: null

2018-12-04 09:40:16 - [TEST_STEP][PASSED] - Statement - PreSaveFile = new java.io.File(((pathPrefix + java.lang.Integer.toString(counter)) + .png)): null

2018-12-04 09:40:16 - [TEST_STEP][PASSED] - Statement - counter = counter + 1: null

2018-12-04 09:40:16 - [TEST_STEP][PASSED] - Statement - PreSaveFile = new java.io.File(((pathPrefix + java.lang.Integer.toString(counter)) + .png)): null

2018-12-04 09:40:16 - [TEST_STEP][PASSED] - Statement - counter = counter + 1: null

2018-12-04 09:40:16 - [TEST_STEP][PASSED] - Statement - PreSaveFile = new java.io.File(((pathPrefix + java.lang.Integer.toString(counter)) + .png)): null

2018-12-04 09:40:16 - [TEST_STEP][PASSED] - Statement - counter = counter + 1: null

2018-12-04 09:40:16 - [TEST_STEP][PASSED] - Statement - PreSaveFile = new java.io.File(((pathPrefix + java.lang.Integer.toString(counter)) + .png)): null

2018-12-04 09:40:16 - [TEST_STEP][PASSED] - Statement - counter = counter + 1: null

2018-12-04 09:40:16 - [TEST_STEP][PASSED] - Statement - PreSaveFile = new java.io.File(((pathPrefix + java.lang.Integer.toString(counter)) + .png)): null

2018-12-04 09:40:16 - [TEST_STEP][PASSED] - Statement - counter = counter + 1: null

2018-12-04 09:40:16 - [TEST_STEP][PASSED] - Statement - PreSaveFile = new java.io.File(((pathPrefix + java.lang.Integer.toString(counter)) + .png)): null

2018-12-04 09:40:16 - [TEST_STEP][PASSED] - Statement - counter = counter + 1: null

2018-12-04 09:40:17 - [TEST_STEP][PASSED] - Statement - PreSaveFile = new java.io.File(((pathPrefix + java.lang.Integer.toString(counter)) + .png)): null

2018-12-04 09:40:17 - [TEST_STEP][PASSED] - Statement - counter = counter + 1: null

2018-12-04 09:40:17 - [TEST_STEP][PASSED] - Statement - PreSaveFile = new java.io.File(((pathPrefix + java.lang.Integer.toString(counter)) + .png)): null

2018-12-04 09:40:17 - [TEST_STEP][PASSED] - Statement - counter = counter + 1: null

2018-12-04 09:40:17 - [TEST_STEP][PASSED] - Statement - PreSaveFile = new java.io.File(((pathPrefix + java.lang.Integer.toString(counter)) + .png)): null

2018-12-04 09:40:17 - [TEST_STEP][PASSED] - Statement - counter = counter + 1: null

2018-12-04 09:40:17 - [TEST_STEP][PASSED] - Statement - PreSaveFile = new java.io.File(((pathPrefix + java.lang.Integer.toString(counter)) + .png)): null

2018-12-04 09:40:17 - [TEST_STEP][PASSED] - Statement - counter = counter + 1: null

2018-12-04 09:40:17 - [TEST_STEP][PASSED] - Statement - PreSaveFile = new java.io.File(((pathPrefix + java.lang.Integer.toString(counter)) + .png)): null

2018-12-04 09:40:17 - [TEST_STEP][PASSED] - Statement - counter = counter + 1: null

2018-12-04 09:40:17 - [TEST_STEP][PASSED] - Statement - PreSaveFile = new java.io.File(((pathPrefix + java.lang.Integer.toString(counter)) + .png)): null

2018-12-04 09:40:17 - [TEST_STEP][PASSED] - Statement - counter = counter + 1: null

2018-12-04 09:40:17 - [TEST_STEP][PASSED] - Statement - PreSaveFile = new java.io.File(((pathPrefix + java.lang.Integer.toString(counter)) + .png)): null

2018-12-04 09:40:17 - [TEST_STEP][PASSED] - Statement - counter = counter + 1: null

2018-12-04 09:40:17 - [TEST_STEP][PASSED] - Statement - PreSaveFile = new java.io.File(((pathPrefix + java.lang.Integer.toString(counter)) + .png)): null

2018-12-04 09:40:17 - [TEST_STEP][PASSED] - Statement - counter = counter + 1: null

2018-12-04 09:40:17 - [TEST_STEP][PASSED] - Statement - PreSaveFile = new java.io.File(((pathPrefix + java.lang.Integer.toString(counter)) + .png)): null

2018-12-04 09:40:17 - [TEST_STEP][PASSED] - Statement - counter = counter + 1: null

2018-12-04 09:40:17 - [TEST_STEP][PASSED] - Statement - PreSaveFile = new java.io.File(((pathPrefix + java.lang.Integer.toString(counter)) + .png)): null

2018-12-04 09:40:18 - [TEST_STEP][PASSED] - Statement - counter = counter + 1: null

2018-12-04 09:40:18 - [TEST_STEP][PASSED] - Statement - PreSaveFile = new java.io.File(((pathPrefix + java.lang.Integer.toString(counter)) + .png)): null

2018-12-04 09:40:18 - [TEST_STEP][PASSED] - Statement - counter = counter + 1: null

2018-12-04 09:40:18 - [TEST_STEP][PASSED] - Statement - PreSaveFile = new java.io.File(((pathPrefix + java.lang.Integer.toString(counter)) + .png)): null

2018-12-04 09:40:18 - [TEST_STEP][PASSED] - Statement - counter = counter + 1: null

2018-12-04 09:40:18 - [TEST_STEP][PASSED] - Statement - PreSaveFile = new java.io.File(((pathPrefix + java.lang.Integer.toString(counter)) + .png)): null

2018-12-04 09:40:18 - [TEST_STEP][PASSED] - Statement - counter = counter + 1: null

2018-12-04 09:40:18 - [TEST_STEP][PASSED] - Statement - PreSaveFile = new java.io.File(((pathPrefix + java.lang.Integer.toString(counter)) + .png)): null

2018-12-04 09:40:18 - [TEST_STEP][PASSED] - Statement - counter = counter + 1: null

2018-12-04 09:40:19 - [TEST_STEP][PASSED] - Statement - PreSaveFile = new java.io.File(((pathPrefix + java.lang.Integer.toString(counter)) + .png)): null

2018-12-04 09:40:19 - [TEST_STEP][PASSED] - Statement - counter = counter + 1: null

2018-12-04 09:40:19 - [TEST_STEP][PASSED] - Statement - PreSaveFile = new java.io.File(((pathPrefix + java.lang.Integer.toString(counter)) + .png)): null

2018-12-04 09:40:19 - [TEST_STEP][PASSED] - Statement - counter = counter + 1: null

2018-12-04 09:40:19 - [TEST_STEP][PASSED] - Statement - PreSaveFile = new java.io.File(((pathPrefix + java.lang.Integer.toString(counter)) + .png)): null

2018-12-04 09:40:19 - [TEST_STEP][PASSED] - Statement - counter = counter + 1: null

2018-12-04 09:40:19 - [TEST_STEP][PASSED] - Statement - PreSaveFile = new java.io.File(((pathPrefix + java.lang.Integer.toString(counter)) + .png)): null

2018-12-04 09:40:19 - [TEST_STEP][PASSED] - Statement - counter = counter + 1: null

2018-12-04 09:40:19 - [TEST_STEP][PASSED] - Statement - PreSaveFile = new java.io.File(((pathPrefix + java.lang.Integer.toString(counter)) + .png)): null

2018-12-04 09:40:19 - [TEST_STEP][PASSED] - Statement - counter = counter + 1: null

2018-12-04 09:40:19 - [TEST_STEP][PASSED] - Statement - PreSaveFile = new java.io.File(((pathPrefix + java.lang.Integer.toString(counter)) + .png)): null

2018-12-04 09:40:19 - [TEST_STEP][PASSED] - Statement - counter = counter + 1: null

2018-12-04 09:40:19 - [TEST_STEP][PASSED] - Statement - PreSaveFile = new java.io.File(((pathPrefix + java.lang.Integer.toString(counter)) + .png)): null

2018-12-04 09:40:19 - [TEST_STEP][PASSED] - Statement - counter = counter + 1: null

2018-12-04 09:40:19 - [TEST_STEP][PASSED] - Statement - PreSaveFile = new java.io.File(((pathPrefix + java.lang.Integer.toString(counter)) + .png)): null

2018-12-04 09:40:19 - [TEST_STEP][PASSED] - Statement - counter = counter + 1: null

2018-12-04 09:40:19 - [TEST_STEP][PASSED] - Statement - PreSaveFile = new java.io.File(((pathPrefix + java.lang.Integer.toString(counter)) + .png)): null

2018-12-04 09:40:19 - [TEST_STEP][PASSED] - Statement - counter = counter + 1: null

2018-12-04 09:40:19 - [TEST_STEP][PASSED] - Statement - PreSaveFile = new java.io.File(((pathPrefix + java.lang.Integer.toString(counter)) + .png)): null

2018-12-04 09:40:19 - [TEST_STEP][PASSED] - Statement - counter = counter + 1: null

2018-12-04 09:40:20 - [TEST_STEP][PASSED] - Statement - PreSaveFile = new java.io.File(((pathPrefix + java.lang.Integer.toString(counter)) + .png)): null

2018-12-04 09:40:20 - [TEST_STEP][PASSED] - Statement - counter = counter + 1: null

2018-12-04 09:40:20 - [TEST_STEP][PASSED] - Statement - PreSaveFile = new java.io.File(((pathPrefix + java.lang.Integer.toString(counter)) + .png)): null

2018-12-04 09:40:20 - [TEST_STEP][PASSED] - Statement - counter = counter + 1: null

2018-12-04 09:40:20 - [TEST_STEP][PASSED] - Statement - PreSaveFile = new java.io.File(((pathPrefix + java.lang.Integer.toString(counter)) + .png)): null

2018-12-04 09:40:20 - [TEST_STEP][PASSED] - Statement - counter = counter + 1: null

2018-12-04 09:40:20 - [TEST_STEP][PASSED] - Statement - PreSaveFile = new java.io.File(((pathPrefix + java.lang.Integer.toString(counter)) + .png)): null

2018-12-04 09:40:20 - [TEST_STEP][PASSED] - Statement - counter = counter + 1: null

2018-12-04 09:40:20 - [TEST_STEP][PASSED] - Statement - PreSaveFile = new java.io.File(((pathPrefix + java.lang.Integer.toString(counter)) + .png)): null

2018-12-04 09:40:21 - [TEST_STEP][PASSED] - Statement - counter = counter + 1: null

2018-12-04 09:40:21 - [TEST_STEP][PASSED] - Statement - PreSaveFile = new java.io.File(((pathPrefix + java.lang.Integer.toString(counter)) + .png)): null

2018-12-04 09:40:21 - [TEST_STEP][PASSED] - Statement - counter = counter + 1: null

2018-12-04 09:40:21 - [TEST_STEP][PASSED] - Statement - PreSaveFile = new java.io.File(((pathPrefix + java.lang.Integer.toString(counter)) + .png)): null

2018-12-04 09:40:21 - [TEST_STEP][PASSED] - Statement - counter = counter + 1: null

2018-12-04 09:40:21 - [TEST_STEP][PASSED] - Statement - PreSaveFile = new java.io.File(((pathPrefix + java.lang.Integer.toString(counter)) + .png)): null

2018-12-04 09:40:21 - [TEST_STEP][PASSED] - Statement - counter = counter + 1: null

2018-12-04 09:40:21 - [TEST_STEP][PASSED] - Statement - PreSaveFile = new java.io.File(((pathPrefix + java.lang.Integer.toString(counter)) + .png)): null

2018-12-04 09:40:21 - [TEST_STEP][PASSED] - Statement - counter = counter + 1: null

2018-12-04 09:40:21 - [TEST_STEP][PASSED] - Statement - PreSaveFile = new java.io.File(((pathPrefix + java.lang.Integer.toString(counter)) + .png)): null

2018-12-04 09:40:21 - [TEST_STEP][PASSED] - Statement - counter = counter + 1: null

2018-12-04 09:40:21 - [TEST_STEP][PASSED] - Statement - PreSaveFile = new java.io.File(((pathPrefix + java.lang.Integer.toString(counter)) + .png)): null

2018-12-04 09:40:21 - [TEST_STEP][PASSED] - Statement - counter = counter + 1: null

2018-12-04 09:40:21 - [TEST_STEP][PASSED] - Statement - PreSaveFile = new java.io.File(((pathPrefix + java.lang.Integer.toString(counter)) + .png)): null

2018-12-04 09:40:21 - [TEST_STEP][PASSED] - Statement - counter = counter + 1: null

2018-12-04 09:40:21 - [TEST_STEP][PASSED] - Statement - PreSaveFile = new java.io.File(((pathPrefix + java.lang.Integer.toString(counter)) + .png)): null

2018-12-04 09:40:21 - [TEST_STEP][PASSED] - Statement - counter = counter + 1: null

2018-12-04 09:40:21 - [TEST_STEP][PASSED] - Statement - PreSaveFile = new java.io.File(((pathPrefix + java.lang.Integer.toString(counter)) + .png)): null

2018-12-04 09:40:21 - [TEST_STEP][PASSED] - Statement - counter = counter + 1: null

2018-12-04 09:40:22 - [TEST_STEP][PASSED] - Statement - PreSaveFile = new java.io.File(((pathPrefix + java.lang.Integer.toString(counter)) + .png)): null

2018-12-04 09:40:22 - [TEST_STEP][PASSED] - Statement - counter = counter + 1: null

2018-12-04 09:40:22 - [TEST_STEP][PASSED] - Statement - PreSaveFile = new java.io.File(((pathPrefix + java.lang.Integer.toString(counter)) + .png)): null

2018-12-04 09:40:22 - [TEST_STEP][PASSED] - Statement - counter = counter + 1: null

2018-12-04 09:40:22 - [TEST_STEP][PASSED] - Statement - PreSaveFile = new java.io.File(((pathPrefix + java.lang.Integer.toString(counter)) + .png)): null

2018-12-04 09:40:22 - [TEST_STEP][PASSED] - Statement - counter = counter + 1: null

2018-12-04 09:40:22 - [TEST_STEP][PASSED] - Statement - PreSaveFile = new java.io.File(((pathPrefix + java.lang.Integer.toString(counter)) + .png)): null

2018-12-04 09:40:22 - [TEST_STEP][PASSED] - Statement - counter = counter + 1: null

2018-12-04 09:40:22 - [TEST_STEP][PASSED] - Statement - PreSaveFile = new java.io.File(((pathPrefix + java.lang.Integer.toString(counter)) + .png)): null

2018-12-04 09:40:22 - [TEST_STEP][PASSED] - Statement - counter = counter + 1: null

2018-12-04 09:40:23 - [TEST_STEP][PASSED] - Statement - PreSaveFile = new java.io.File(((pathPrefix + java.lang.Integer.toString(counter)) + .png)): null

2018-12-04 09:40:23 - [TEST_STEP][PASSED] - Statement - counter = counter + 1: null

2018-12-04 09:40:23 - [TEST_STEP][PASSED] - Statement - PreSaveFile = new java.io.File(((pathPrefix + java.lang.Integer.toString(counter)) + .png)): null

2018-12-04 09:40:23 - [TEST_STEP][PASSED] - Statement - counter = counter + 1: null

2018-12-04 09:40:23 - [TEST_STEP][PASSED] - Statement - PreSaveFile = new java.io.File(((pathPrefix + java.lang.Integer.toString(counter)) + .png)): null

2018-12-04 09:40:23 - [TEST_STEP][PASSED] - Statement - counter = counter + 1: null

2018-12-04 09:40:23 - [TEST_STEP][PASSED] - Statement - PreSaveFile = new java.io.File(((pathPrefix + java.lang.Integer.toString(counter)) + .png)): null

2018-12-04 09:40:23 - [TEST_STEP][PASSED] - Statement - counter = counter + 1: null

2018-12-04 09:40:23 - [TEST_STEP][PASSED] - Statement - PreSaveFile = new java.io.File(((pathPrefix + java.lang.Integer.toString(counter)) + .png)): null

2018-12-04 09:40:23 - [TEST_STEP][PASSED] - Statement - counter = counter + 1: null

2018-12-04 09:40:24 - [TEST_STEP][PASSED] - Statement - PreSaveFile = new java.io.File(((pathPrefix + java.lang.Integer.toString(counter)) + .png)): null

2018-12-04 09:40:24 - [TEST_STEP][PASSED] - Statement - counter = counter + 1: null

2018-12-04 09:40:24 - [TEST_STEP][PASSED] - Statement - PreSaveFile = new java.io.File(((pathPrefix + java.lang.Integer.toString(counter)) + .png)): null

2018-12-04 09:40:24 - [TEST_STEP][PASSED] - Statement - counter = counter + 1: null

2018-12-04 09:40:24 - [TEST_STEP][PASSED] - Statement - PreSaveFile = new java.io.File(((pathPrefix + java.lang.Integer.toString(counter)) + .png)): null

2018-12-04 09:40:24 - [TEST_STEP][PASSED] - Statement - counter = counter + 1: null

2018-12-04 09:40:24 - [TEST_STEP][PASSED] - Statement - PreSaveFile = new java.io.File(((pathPrefix + java.lang.Integer.toString(counter)) + .png)): null

2018-12-04 09:40:24 - [TEST_STEP][PASSED] - Statement - counter = counter + 1: null

2018-12-04 09:40:24 - [TEST_STEP][PASSED] - Statement - PreSaveFile = new java.io.File(((pathPrefix + java.lang.Integer.toString(counter)) + .png)): null

2018-12-04 09:40:24 - [TEST_STEP][PASSED] - Statement - counter = counter + 1: null

2018-12-04 09:40:24 - [TEST_STEP][PASSED] - Statement - PreSaveFile = new java.io.File(((pathPrefix + java.lang.Integer.toString(counter)) + .png)): null

2018-12-04 09:40:24 - [TEST_STEP][PASSED] - Statement - counter = counter + 1: null

2018-12-04 09:40:24 - [TEST_STEP][PASSED] - Statement - PreSaveFile = new java.io.File(((pathPrefix + java.lang.Integer.toString(counter)) + .png)): null

2018-12-04 09:40:24 - [TEST_STEP][PASSED] - Statement - counter = counter + 1: null

2018-12-04 09:40:24 - [TEST_STEP][PASSED] - Statement - PreSaveFile = new java.io.File(((pathPrefix + java.lang.Integer.toString(counter)) + .png)): null

2018-12-04 09:40:24 - [TEST_STEP][PASSED] - Statement - counter = counter + 1: null

2018-12-04 09:40:24 - [TEST_STEP][PASSED] - Statement - PreSaveFile = new java.io.File(((pathPrefix + java.lang.Integer.toString(counter)) + .png)): null

2018-12-04 09:40:24 - [TEST_STEP][PASSED] - Statement - counter = counter + 1: null

2018-12-04 09:40:24 - [TEST_STEP][PASSED] - Statement - PreSaveFile = new java.io.File(((pathPrefix + java.lang.Integer.toString(counter)) + .png)): null

2018-12-04 09:40:25 - [TEST_STEP][PASSED] - Statement - counter = counter + 1: null

2018-12-04 09:40:25 - [TEST_STEP][PASSED] - Statement - PreSaveFile = new java.io.File(((pathPrefix + java.lang.Integer.toString(counter)) + .png)): null

2018-12-04 09:40:25 - [TEST_STEP][PASSED] - Statement - counter = counter + 1: null

2018-12-04 09:40:25 - [TEST_STEP][PASSED] - Statement - PreSaveFile = new java.io.File(((pathPrefix + java.lang.Integer.toString(counter)) + .png)): null

2018-12-04 09:40:25 - [TEST_STEP][PASSED] - Statement - counter = counter + 1: null

2018-12-04 09:40:25 - [TEST_STEP][PASSED] - Statement - PreSaveFile = new java.io.File(((pathPrefix + java.lang.Integer.toString(counter)) + .png)): null

2018-12-04 09:40:25 - [TEST_STEP][PASSED] - Statement - counter = counter + 1: null

2018-12-04 09:40:25 - [TEST_STEP][PASSED] - Statement - PreSaveFile = new java.io.File(((pathPrefix + java.lang.Integer.toString(counter)) + .png)): null

2018-12-04 09:40:25 - [TEST_STEP][PASSED] - Statement - counter = counter + 1: null

2018-12-04 09:40:26 - [TEST_STEP][PASSED] - Statement - PreSaveFile = new java.io.File(((pathPrefix + java.lang.Integer.toString(counter)) + .png)): null

2018-12-04 09:40:26 - [TEST_STEP][PASSED] - Statement - counter = counter + 1: null

2018-12-04 09:40:26 - [TEST_STEP][PASSED] - Statement - PreSaveFile = new java.io.File(((pathPrefix + java.lang.Integer.toString(counter)) + .png)): null

2018-12-04 09:40:26 - [TEST_STEP][PASSED] - Statement - counter = counter + 1: null

2018-12-04 09:40:26 - [TEST_STEP][PASSED] - Statement - PreSaveFile = new java.io.File(((pathPrefix + java.lang.Integer.toString(counter)) + .png)): null

2018-12-04 09:40:26 - [TEST_STEP][PASSED] - Statement - counter = counter + 1: null

2018-12-04 09:40:26 - [TEST_STEP][PASSED] - Statement - PreSaveFile = new java.io.File(((pathPrefix + java.lang.Integer.toString(counter)) + .png)): null

2018-12-04 09:40:26 - [TEST_STEP][PASSED] - Statement - counter = counter + 1: null

2018-12-04 09:40:26 - [TEST_STEP][PASSED] - Statement - PreSaveFile = new java.io.File(((pathPrefix + java.lang.Integer.toString(counter)) + .png)): null

2018-12-04 09:40:26 - [TEST_STEP][PASSED] - Statement - counter = counter + 1: null

2018-12-04 09:40:27 - [TEST_STEP][PASSED] - Statement - PreSaveFile = new java.io.File(((pathPrefix + java.lang.Integer.toString(counter)) + .png)): null

2018-12-04 09:40:27 - [TEST_STEP][PASSED] - Statement - counter = counter + 1: null

2018-12-04 09:40:27 - [TEST_STEP][PASSED] - Statement - PreSaveFile = new java.io.File(((pathPrefix + java.lang.Integer.toString(counter)) + .png)): null

2018-12-04 09:40:27 - [TEST_STEP][PASSED] - Statement - counter = counter + 1: null

2018-12-04 09:40:27 - [TEST_STEP][PASSED] - Statement - PreSaveFile = new java.io.File(((pathPrefix + java.lang.Integer.toString(counter)) + .png)): null

2018-12-04 09:40:27 - [TEST_STEP][PASSED] - Statement - counter = counter + 1: null

2018-12-04 09:40:27 - [TEST_STEP][PASSED] - Statement - PreSaveFile = new java.io.File(((pathPrefix + java.lang.Integer.toString(counter)) + .png)): null

2018-12-04 09:40:27 - [TEST_STEP][PASSED] - Statement - counter = counter + 1: null

2018-12-04 09:40:27 - [TEST_STEP][PASSED] - Statement - PreSaveFile = new java.io.File(((pathPrefix + java.lang.Integer.toString(counter)) + .png)): null

2018-12-04 09:40:27 - [TEST_STEP][PASSED] - Statement - counter = counter + 1: null

2018-12-04 09:40:28 - [TEST_STEP][PASSED] - Statement - PreSaveFile = new java.io.File(((pathPrefix + java.lang.Integer.toString(counter)) + .png)): null

2018-12-04 09:40:28 - [TEST_STEP][PASSED] - Statement - counter = counter + 1: null

2018-12-04 09:40:28 - [TEST_STEP][PASSED] - Statement - PreSaveFile = new java.io.File(((pathPrefix + java.lang.Integer.toString(counter)) + .png)): null

2018-12-04 09:40:28 - [TEST_STEP][PASSED] - Statement - counter = counter + 1: null

2018-12-04 09:40:28 - [TEST_STEP][PASSED] - Statement - PreSaveFile = new java.io.File(((pathPrefix + java.lang.Integer.toString(counter)) + .png)): null

2018-12-04 09:40:28 - [TEST_STEP][PASSED] - Statement - counter = counter + 1: null

2018-12-04 09:40:28 - [TEST_STEP][PASSED] - Statement - PreSaveFile = new java.io.File(((pathPrefix + java.lang.Integer.toString(counter)) + .png)): null

2018-12-04 09:40:28 - [TEST_STEP][PASSED] - Statement - counter = counter + 1: null

2018-12-04 09:40:28 - [TEST_STEP][PASSED] - Statement - PreSaveFile = new java.io.File(((pathPrefix + java.lang.Integer.toString(counter)) + .png)): null

2018-12-04 09:40:29 - [TEST_STEP][PASSED] - Statement - counter = counter + 1: null

2018-12-04 09:40:29 - [TEST_STEP][PASSED] - Statement - PreSaveFile = new java.io.File(((pathPrefix + java.lang.Integer.toString(counter)) + .png)): null

2018-12-04 09:40:29 - [TEST_STEP][PASSED] - Statement - counter = counter + 1: null

2018-12-04 09:40:29 - [TEST_STEP][PASSED] - Statement - PreSaveFile = new java.io.File(((pathPrefix + java.lang.Integer.toString(counter)) + .png)): null

2018-12-04 09:40:29 - [TEST_STEP][PASSED] - Statement - counter = counter + 1: null

2018-12-04 09:40:29 - [TEST_STEP][PASSED] - Statement - PreSaveFile = new java.io.File(((pathPrefix + java.lang.Integer.toString(counter)) + .png)): null

2018-12-04 09:40:29 - [TEST_STEP][PASSED] - Statement - counter = counter + 1: null

2018-12-04 09:40:29 - [TEST_STEP][PASSED] - Statement - PreSaveFile = new java.io.File(((pathPrefix + java.lang.Integer.toString(counter)) + .png)): null

2018-12-04 09:40:29 - [TEST_STEP][PASSED] - Statement - counter = counter + 1: null

2018-12-04 09:40:29 - [TEST_STEP][PASSED] - Statement - PreSaveFile = new java.io.File(((pathPrefix + java.lang.Integer.toString(counter)) + .png)): null

2018-12-04 09:40:30 - [TEST_STEP][PASSED] - Statement - counter = counter + 1: null

2018-12-04 09:40:30 - [TEST_STEP][PASSED] - Statement - PreSaveFile = new java.io.File(((pathPrefix + java.lang.Integer.toString(counter)) + .png)): null

2018-12-04 09:40:30 - [TEST_STEP][PASSED] - Statement - counter = counter + 1: null

2018-12-04 09:40:30 - [TEST_STEP][PASSED] - Statement - PreSaveFile = new java.io.File(((pathPrefix + java.lang.Integer.toString(counter)) + .png)): null

2018-12-04 09:40:30 - [TEST_STEP][PASSED] - Statement - counter = counter + 1: null

2018-12-04 09:40:30 - [TEST_STEP][PASSED] - Statement - PreSaveFile = new java.io.File(((pathPrefix + java.lang.Integer.toString(counter)) + .png)): null

2018-12-04 09:40:30 - [TEST_STEP][PASSED] - Statement - counter = counter + 1: null

2018-12-04 09:40:30 - [TEST_STEP][PASSED] - Statement - PreSaveFile = new java.io.File(((pathPrefix + java.lang.Integer.toString(counter)) + .png)): null

2018-12-04 09:40:30 - [TEST_STEP][PASSED] - Statement - counter = counter + 1: null

2018-12-04 09:40:31 - [TEST_STEP][PASSED] - Statement - PreSaveFile = new java.io.File(((pathPrefix + java.lang.Integer.toString(counter)) + .png)): null

2018-12-04 09:40:31 - [TEST_STEP][PASSED] - Statement - counter = counter + 1: null

2018-12-04 09:40:31 - [TEST_STEP][PASSED] - Statement - PreSaveFile = new java.io.File(((pathPrefix + java.lang.Integer.toString(counter)) + .png)): null

2018-12-04 09:40:31 - [TEST_STEP][PASSED] - Statement - counter = counter + 1: null

2018-12-04 09:40:31 - [TEST_STEP][PASSED] - Statement - PreSaveFile = new java.io.File(((pathPrefix + java.lang.Integer.toString(counter)) + .png)): null

2018-12-04 09:40:31 - [TEST_STEP][PASSED] - Statement - counter = counter + 1: null

2018-12-04 09:40:31 - [TEST_STEP][PASSED] - Statement - PreSaveFile = new java.io.File(((pathPrefix + java.lang.Integer.toString(counter)) + .png)): null

2018-12-04 09:40:31 - [TEST_STEP][PASSED] - Statement - counter = counter + 1: null

2018-12-04 09:40:31 - [TEST_STEP][PASSED] - Statement - PreSaveFile = new java.io.File(((pathPrefix + java.lang.Integer.toString(counter)) + .png)): null

2018-12-04 09:40:31 - [TEST_STEP][PASSED] - Statement - counter = counter + 1: null

2018-12-04 09:40:32 - [TEST_STEP][PASSED] - Statement - PreSaveFile = new java.io.File(((pathPrefix + java.lang.Integer.toString(counter)) + .png)): null

2018-12-04 09:40:32 - [TEST_STEP][PASSED] - Statement - counter = counter + 1: null

2018-12-04 09:40:32 - [TEST_STEP][PASSED] - Statement - PreSaveFile = new java.io.File(((pathPrefix + java.lang.Integer.toString(counter)) + .png)): null

2018-12-04 09:40:32 - [TEST_STEP][PASSED] - Statement - counter = counter + 1: null

2018-12-04 09:40:32 - [TEST_STEP][PASSED] - Statement - PreSaveFile = new java.io.File(((pathPrefix + java.lang.Integer.toString(counter)) + .png)): null

2018-12-04 09:40:32 - [TEST_STEP][PASSED] - Statement - counter = counter + 1: null

2018-12-04 09:40:32 - [TEST_STEP][PASSED] - Statement - PreSaveFile = new java.io.File(((pathPrefix + java.lang.Integer.toString(counter)) + .png)): null

2018-12-04 09:40:32 - [TEST_STEP][PASSED] - Statement - counter = counter + 1: null

2018-12-04 09:40:32 - [TEST_STEP][PASSED] - Statement - PreSaveFile = new java.io.File(((pathPrefix + java.lang.Integer.toString(counter)) + .png)): null

2018-12-04 09:40:32 - [TEST_STEP][PASSED] - Statement - counter = counter + 1: null

2018-12-04 09:40:33 - [TEST_STEP][PASSED] - Statement - PreSaveFile = new java.io.File(((pathPrefix + java.lang.Integer.toString(counter)) + .png)): null

2018-12-04 09:40:33 - [TEST_STEP][PASSED] - Statement - counter = counter + 1: null

2018-12-04 09:40:33 - [TEST_STEP][PASSED] - Statement - PreSaveFile = new java.io.File(((pathPrefix + java.lang.Integer.toString(counter)) + .png)): null

2018-12-04 09:40:33 - [TEST_STEP][PASSED] - Statement - counter = counter + 1: null

2018-12-04 09:40:33 - [TEST_STEP][PASSED] - Statement - PreSaveFile = new java.io.File(((pathPrefix + java.lang.Integer.toString(counter)) + .png)): null

2018-12-04 09:40:33 - [TEST_STEP][PASSED] - Statement - counter = counter + 1: null

2018-12-04 09:40:33 - [TEST_STEP][PASSED] - Statement - PreSaveFile = new java.io.File(((pathPrefix + java.lang.Integer.toString(counter)) + .png)): null

2018-12-04 09:40:33 - [TEST_STEP][PASSED] - Statement - counter = counter + 1: null

2018-12-04 09:40:33 - [TEST_STEP][PASSED] - Statement - PreSaveFile = new java.io.File(((pathPrefix + java.lang.Integer.toString(counter)) + .png)): null

2018-12-04 09:40:35 - [TEST_STEP][PASSED] - Statement - counter = counter + 1: null

2018-12-04 09:40:35 - [TEST_STEP][PASSED] - Statement - PreSaveFile = new java.io.File(((pathPrefix + java.lang.Integer.toString(counter)) + .png)): null

2018-12-04 09:40:35 - [TEST_STEP][PASSED] - Statement - counter = counter + 1: null

2018-12-04 09:40:35 - [TEST_STEP][PASSED] - Statement - PreSaveFile = new java.io.File(((pathPrefix + java.lang.Integer.toString(counter)) + .png)): null

2018-12-04 09:40:35 - [TEST_STEP][PASSED] - Statement - counter = counter + 1: null

2018-12-04 09:40:35 - [TEST_STEP][PASSED] - Statement - PreSaveFile = new java.io.File(((pathPrefix + java.lang.Integer.toString(counter)) + .png)): null

2018-12-04 09:40:35 - [TEST_STEP][PASSED] - Statement - counter = counter + 1: null

2018-12-04 09:40:35 - [TEST_STEP][PASSED] - Statement - PreSaveFile = new java.io.File(((pathPrefix + java.lang.Integer.toString(counter)) + .png)): null

2018-12-04 09:40:35 - [TEST_STEP][PASSED] - Statement - counter = counter + 1: null

2018-12-04 09:40:35 - [TEST_STEP][PASSED] - Statement - PreSaveFile = new java.io.File(((pathPrefix + java.lang.Integer.toString(counter)) + .png)): null

2018-12-04 09:40:36 - [TEST_STEP][PASSED] - Statement - counter = counter + 1: null

2018-12-04 09:40:36 - [TEST_STEP][PASSED] - Statement - PreSaveFile = new java.io.File(((pathPrefix + java.lang.Integer.toString(counter)) + .png)): null

2018-12-04 09:40:36 - [TEST_STEP][PASSED] - Statement - counter = counter + 1: null

2018-12-04 09:40:36 - [TEST_STEP][PASSED] - Statement - PreSaveFile = new java.io.File(((pathPrefix + java.lang.Integer.toString(counter)) + .png)): null

2018-12-04 09:40:36 - [TEST_STEP][PASSED] - Statement - counter = counter + 1: null

2018-12-04 09:40:36 - [TEST_STEP][PASSED] - Statement - PreSaveFile = new java.io.File(((pathPrefix + java.lang.Integer.toString(counter)) + .png)): null

2018-12-04 09:40:36 - [TEST_STEP][PASSED] - Statement - counter = counter + 1: null

2018-12-04 09:40:36 - [TEST_STEP][PASSED] - Statement - PreSaveFile = new java.io.File(((pathPrefix + java.lang.Integer.toString(counter)) + .png)): null

2018-12-04 09:40:36 - [TEST_STEP][PASSED] - Statement - counter = counter + 1: null

2018-12-04 09:40:37 - [TEST_STEP][PASSED] - Statement - PreSaveFile = new java.io.File(((pathPrefix + java.lang.Integer.toString(counter)) + .png)): null

2018-12-04 09:40:37 - [TEST_STEP][PASSED] - Statement - counter = counter + 1: null

2018-12-04 09:40:37 - [TEST_STEP][PASSED] - Statement - PreSaveFile = new java.io.File(((pathPrefix + java.lang.Integer.toString(counter)) + .png)): null

2018-12-04 09:40:37 - [TEST_STEP][PASSED] - Statement - counter = counter + 1: null

2018-12-04 09:40:37 - [TEST_STEP][PASSED] - Statement - PreSaveFile = new java.io.File(((pathPrefix + java.lang.Integer.toString(counter)) + .png)): null

2018-12-04 09:40:37 - [TEST_STEP][PASSED] - Statement - counter = counter + 1: null

2018-12-04 09:40:37 - [TEST_STEP][PASSED] - Statement - PreSaveFile = new java.io.File(((pathPrefix + java.lang.Integer.toString(counter)) + .png)): null

2018-12-04 09:40:37 - [TEST_STEP][PASSED] - Statement - counter = counter + 1: null

2018-12-04 09:40:37 - [TEST_STEP][PASSED] - Statement - PreSaveFile = new java.io.File(((pathPrefix + java.lang.Integer.toString(counter)) + .png)): null

2018-12-04 09:40:37 - [TEST_STEP][PASSED] - Statement - counter = counter + 1: null

2018-12-04 09:40:38 - [TEST_STEP][PASSED] - Statement - PreSaveFile = new java.io.File(((pathPrefix + java.lang.Integer.toString(counter)) + .png)): null

2018-12-04 09:40:38 - [TEST_STEP][PASSED] - Statement - counter = counter + 1: null

2018-12-04 09:40:38 - [TEST_STEP][PASSED] - Statement - PreSaveFile = new java.io.File(((pathPrefix + java.lang.Integer.toString(counter)) + .png)): null

2018-12-04 09:40:38 - [TEST_STEP][PASSED] - Statement - counter = counter + 1: null

2018-12-04 09:40:38 - [TEST_STEP][PASSED] - Statement - PreSaveFile = new java.io.File(((pathPrefix + java.lang.Integer.toString(counter)) + .png)): null

2018-12-04 09:40:38 - [TEST_STEP][PASSED] - Statement - counter = counter + 1: null

2018-12-04 09:40:38 - [TEST_STEP][PASSED] - Statement - PreSaveFile = new java.io.File(((pathPrefix + java.lang.Integer.toString(counter)) + .png)): null

2018-12-04 09:40:38 - [TEST_STEP][PASSED] - Statement - counter = counter + 1: null

2018-12-04 09:40:38 - [TEST_STEP][PASSED] - Statement - PreSaveFile = new java.io.File(((pathPrefix + java.lang.Integer.toString(counter)) + .png)): null

2018-12-04 09:40:38 - [TEST_STEP][PASSED] - Statement - counter = counter + 1: null

2018-12-04 09:40:39 - [TEST_STEP][PASSED] - Statement - PreSaveFile = new java.io.File(((pathPrefix + java.lang.Integer.toString(counter)) + .png)): null

2018-12-04 09:40:39 - [TEST_STEP][PASSED] - Statement - counter = counter + 1: null

2018-12-04 09:40:39 - [TEST_STEP][PASSED] - Statement - PreSaveFile = new java.io.File(((pathPrefix + java.lang.Integer.toString(counter)) + .png)): null

2018-12-04 09:40:39 - [TEST_STEP][PASSED] - Statement - counter = counter + 1: null

2018-12-04 09:40:39 - [TEST_STEP][PASSED] - Statement - PreSaveFile = new java.io.File(((pathPrefix + java.lang.Integer.toString(counter)) + .png)): null

2018-12-04 09:40:39 - [TEST_STEP][PASSED] - Statement - counter = counter + 1: null

2018-12-04 09:40:39 - [TEST_STEP][PASSED] - Statement - PreSaveFile = new java.io.File(((pathPrefix + java.lang.Integer.toString(counter)) + .png)): null

2018-12-04 09:40:39 - [TEST_STEP][PASSED] - Statement - counter = counter + 1: null

2018-12-04 09:40:39 - [TEST_STEP][PASSED] - Statement - PreSaveFile = new java.io.File(((pathPrefix + java.lang.Integer.toString(counter)) + .png)): null

2018-12-04 09:40:41 - [TEST_STEP][PASSED] - Statement - counter = counter + 1: null

2018-12-04 09:40:41 - [TEST_STEP][PASSED] - Statement - PreSaveFile = new java.io.File(((pathPrefix + java.lang.Integer.toString(counter)) + .png)): null

2018-12-04 09:40:41 - [TEST_STEP][PASSED] - Statement - counter = counter + 1: null

2018-12-04 09:40:41 - [TEST_STEP][PASSED] - Statement - PreSaveFile = new java.io.File(((pathPrefix + java.lang.Integer.toString(counter)) + .png)): null

2018-12-04 09:40:41 - [TEST_STEP][PASSED] - Statement - counter = counter + 1: null

2018-12-04 09:40:41 - [TEST_STEP][PASSED] - Statement - PreSaveFile = new java.io.File(((pathPrefix + java.lang.Integer.toString(counter)) + .png)): null

2018-12-04 09:40:41 - [TEST_STEP][PASSED] - Statement - counter = counter + 1: null

2018-12-04 09:40:41 - [TEST_STEP][PASSED] - Statement - PreSaveFile = new java.io.File(((pathPrefix + java.lang.Integer.toString(counter)) + .png)): null

2018-12-04 09:40:41 - [TEST_STEP][PASSED] - Statement - counter = counter + 1: null

2018-12-04 09:40:41 - [TEST_STEP][PASSED] - Statement - PreSaveFile = new java.io.File(((pathPrefix + java.lang.Integer.toString(counter)) + .png)): null

2018-12-04 09:40:42 - [TEST_STEP][PASSED] - Statement - counter = counter + 1: null

2018-12-04 09:40:42 - [TEST_STEP][PASSED] - Statement - PreSaveFile = new java.io.File(((pathPrefix + java.lang.Integer.toString(counter)) + .png)): null

2018-12-04 09:40:42 - [TEST_STEP][PASSED] - Statement - counter = counter + 1: null

2018-12-04 09:40:42 - [TEST_STEP][PASSED] - Statement - PreSaveFile = new java.io.File(((pathPrefix + java.lang.Integer.toString(counter)) + .png)): null

2018-12-04 09:40:42 - [TEST_STEP][PASSED] - Statement - counter = counter + 1: null

2018-12-04 09:40:42 - [TEST_STEP][PASSED] - Statement - PreSaveFile = new java.io.File(((pathPrefix + java.lang.Integer.toString(counter)) + .png)): null

2018-12-04 09:40:42 - [TEST_STEP][PASSED] - Statement - counter = counter + 1: null

2018-12-04 09:40:42 - [TEST_STEP][PASSED] - Statement - PreSaveFile = new java.io.File(((pathPrefix + java.lang.Integer.toString(counter)) + .png)): null

2018-12-04 09:40:42 - [TEST_STEP][PASSED] - Statement - counter = counter + 1: null

2018-12-04 09:40:42 - [TEST_STEP][PASSED] - Statement - PreSaveFile = new java.io.File(((pathPrefix + java.lang.Integer.toString(counter)) + .png)): null

2018-12-04 09:40:43 - [TEST_STEP][PASSED] - Statement - counter = counter + 1: null

2018-12-04 09:40:43 - [TEST_STEP][PASSED] - Statement - PreSaveFile = new java.io.File(((pathPrefix + java.lang.Integer.toString(counter)) + .png)): null

2018-12-04 09:40:43 - [TEST_STEP][PASSED] - Statement - counter = counter + 1: null

2018-12-04 09:40:43 - [TEST_STEP][PASSED] - Statement - PreSaveFile = new java.io.File(((pathPrefix + java.lang.Integer.toString(counter)) + .png)): null

2018-12-04 09:40:43 - [TEST_STEP][PASSED] - Statement - counter = counter + 1: null

2018-12-04 09:40:43 - [TEST_STEP][PASSED] - Statement - PreSaveFile = new java.io.File(((pathPrefix + java.lang.Integer.toString(counter)) + .png)): null

2018-12-04 09:40:43 - [TEST_STEP][PASSED] - Statement - counter = counter + 1: null

2018-12-04 09:40:43 - [TEST_STEP][PASSED] - Statement - PreSaveFile = new java.io.File(((pathPrefix + java.lang.Integer.toString(counter)) + .png)): null

2018-12-04 09:40:43 - [TEST_STEP][PASSED] - Statement - counter = counter + 1: null

2018-12-04 09:40:44 - [TEST_STEP][PASSED] - Statement - PreSaveFile = new java.io.File(((pathPrefix + java.lang.Integer.toString(counter)) + .png)): null

2018-12-04 09:40:44 - [TEST_STEP][PASSED] - Statement - counter = counter + 1: null

2018-12-04 09:40:44 - [TEST_STEP][PASSED] - Statement - PreSaveFile = new java.io.File(((pathPrefix + java.lang.Integer.toString(counter)) + .png)): null

2018-12-04 09:40:44 - [TEST_STEP][PASSED] - Statement - counter = counter + 1: null

2018-12-04 09:40:44 - [TEST_STEP][PASSED] - Statement - PreSaveFile = new java.io.File(((pathPrefix + java.lang.Integer.toString(counter)) + .png)): null

2018-12-04 09:40:44 - [TEST_STEP][PASSED] - Statement - counter = counter + 1: null

2018-12-04 09:40:44 - [TEST_STEP][PASSED] - Statement - PreSaveFile = new java.io.File(((pathPrefix + java.lang.Integer.toString(counter)) + .png)): null

2018-12-04 09:40:44 - [TEST_STEP][PASSED] - Statement - counter = counter + 1: null

2018-12-04 09:40:44 - [TEST_STEP][PASSED] - Statement - PreSaveFile = new java.io.File(((pathPrefix + java.lang.Integer.toString(counter)) + .png)): null

2018-12-04 09:40:44 - [TEST_STEP][PASSED] - Statement - counter = counter + 1: null

2018-12-04 09:40:44 - [TEST_STEP][PASSED] - Statement - PreSaveFile = new java.io.File(((pathPrefix + java.lang.Integer.toString(counter)) + .png)): null

2018-12-04 09:40:44 - [TEST_STEP][PASSED] - Statement - counter = counter + 1: null

2018-12-04 09:40:44 - [TEST_STEP][PASSED] - Statement - PreSaveFile = new java.io.File(((pathPrefix + java.lang.Integer.toString(counter)) + .png)): null

2018-12-04 09:40:44 - [TEST_STEP][PASSED] - Statement - counter = counter + 1: null

2018-12-04 09:40:44 - [TEST_STEP][PASSED] - Statement - PreSaveFile = new java.io.File(((pathPrefix + java.lang.Integer.toString(counter)) + .png)): null

2018-12-04 09:40:44 - [TEST_STEP][PASSED] - Statement - counter = counter + 1: null

2018-12-04 09:40:44 - [TEST_STEP][PASSED] - Statement - PreSaveFile = new java.io.File(((pathPrefix + java.lang.Integer.toString(counter)) + .png)): null

2018-12-04 09:40:44 - [TEST_STEP][PASSED] - Statement - counter = counter + 1: null

2018-12-04 09:40:44 - [TEST_STEP][PASSED] - Statement - PreSaveFile = new java.io.File(((pathPrefix + java.lang.Integer.toString(counter)) + .png)): null

2018-12-04 09:40:45 - [TEST_STEP][PASSED] - Statement - counter = counter + 1: null

2018-12-04 09:40:45 - [TEST_STEP][PASSED] - Statement - PreSaveFile = new java.io.File(((pathPrefix + java.lang.Integer.toString(counter)) + .png)): null

2018-12-04 09:40:45 - [TEST_STEP][PASSED] - Statement - counter = counter + 1: null

2018-12-04 09:40:45 - [TEST_STEP][PASSED] - Statement - PreSaveFile = new java.io.File(((pathPrefix + java.lang.Integer.toString(counter)) + .png)): null

2018-12-04 09:40:45 - [TEST_STEP][PASSED] - Statement - counter = counter + 1: null

2018-12-04 09:40:45 - [TEST_STEP][PASSED] - Statement - PreSaveFile = new java.io.File(((pathPrefix + java.lang.Integer.toString(counter)) + .png)): null

2018-12-04 09:40:45 - [TEST_STEP][PASSED] - Statement - counter = counter + 1: null

2018-12-04 09:40:45 - [TEST_STEP][PASSED] - Statement - PreSaveFile = new java.io.File(((pathPrefix + java.lang.Integer.toString(counter)) + .png)): null

2018-12-04 09:40:45 - [TEST_STEP][PASSED] - Statement - counter = counter + 1: null

2018-12-04 09:40:45 - [TEST_STEP][PASSED] - Statement - PreSaveFile = new java.io.File(((pathPrefix + java.lang.Integer.toString(counter)) + .png)): null

2018-12-04 09:40:47 - [TEST_STEP][PASSED] - Statement - counter = counter + 1: null

2018-12-04 09:40:47 - [TEST_STEP][PASSED] - Statement - PreSaveFile = new java.io.File(((pathPrefix + java.lang.Integer.toString(counter)) + .png)): null

2018-12-04 09:40:47 - [TEST_STEP][PASSED] - Statement - counter = counter + 1: null

2018-12-04 09:40:47 - [TEST_STEP][PASSED] - Statement - PreSaveFile = new java.io.File(((pathPrefix + java.lang.Integer.toString(counter)) + .png)): null

2018-12-04 09:40:47 - [TEST_STEP][PASSED] - Statement - counter = counter + 1: null

2018-12-04 09:40:47 - [TEST_STEP][PASSED] - Statement - PreSaveFile = new java.io.File(((pathPrefix + java.lang.Integer.toString(counter)) + .png)): null

2018-12-04 09:40:47 - [TEST_STEP][PASSED] - Statement - counter = counter + 1: null

2018-12-04 09:40:47 - [TEST_STEP][PASSED] - Statement - PreSaveFile = new java.io.File(((pathPrefix + java.lang.Integer.toString(counter)) + .png)): null

2018-12-04 09:40:47 - [TEST_STEP][PASSED] - Statement - counter = counter + 1: null

2018-12-04 09:40:47 - [TEST_STEP][PASSED] - Statement - PreSaveFile = new java.io.File(((pathPrefix + java.lang.Integer.toString(counter)) + .png)): null

2018-12-04 09:40:48 - [TEST_STEP][PASSED] - Statement - counter = counter + 1: null

2018-12-04 09:40:48 - [TEST_STEP][PASSED] - Statement - PreSaveFile = new java.io.File(((pathPrefix + java.lang.Integer.toString(counter)) + .png)): null

2018-12-04 09:40:48 - [TEST_STEP][PASSED] - Statement - counter = counter + 1: null

2018-12-04 09:40:48 - [TEST_STEP][PASSED] - Statement - PreSaveFile = new java.io.File(((pathPrefix + java.lang.Integer.toString(counter)) + .png)): null

2018-12-04 09:40:48 - [TEST_STEP][PASSED] - Statement - counter = counter + 1: null

2018-12-04 09:40:48 - [TEST_STEP][PASSED] - Statement - PreSaveFile = new java.io.File(((pathPrefix + java.lang.Integer.toString(counter)) + .png)): null

2018-12-04 09:40:48 - [TEST_STEP][PASSED] - Statement - counter = counter + 1: null

2018-12-04 09:40:48 - [TEST_STEP][PASSED] - Statement - PreSaveFile = new java.io.File(((pathPrefix + java.lang.Integer.toString(counter)) + .png)): null

2018-12-04 09:40:48 - [TEST_STEP][PASSED] - Statement - counter = counter + 1: null

2018-12-04 09:40:50 - [TEST_STEP][PASSED] - Statement - PreSaveFile = new java.io.File(((pathPrefix + java.lang.Integer.toString(counter)) + .png)): null

2018-12-04 09:40:50 - [TEST_STEP][PASSED] - Statement - counter = counter + 1: null

2018-12-04 09:40:50 - [TEST_STEP][PASSED] - Statement - PreSaveFile = new java.io.File(((pathPrefix + java.lang.Integer.toString(counter)) + .png)): null

2018-12-04 09:40:50 - [TEST_STEP][PASSED] - Statement - counter = counter + 1: null

2018-12-04 09:40:50 - [TEST_STEP][PASSED] - Statement - PreSaveFile = new java.io.File(((pathPrefix + java.lang.Integer.toString(counter)) + .png)): null

2018-12-04 09:40:50 - [TEST_STEP][PASSED] - Statement - counter = counter + 1: null

2018-12-04 09:40:50 - [TEST_STEP][PASSED] - Statement - PreSaveFile = new java.io.File(((pathPrefix + java.lang.Integer.toString(counter)) + .png)): null

2018-12-04 09:40:50 - [TEST_STEP][PASSED] - Statement - counter = counter + 1: null

2018-12-04 09:40:50 - [TEST_STEP][PASSED] - Statement - PreSaveFile = new java.io.File(((pathPrefix + java.lang.Integer.toString(counter)) + .png)): null

2018-12-04 09:40:50 - [TEST_STEP][PASSED] - Statement - counter = counter + 1: null

2018-12-04 09:40:51 - [TEST_STEP][PASSED] - Statement - PreSaveFile = new java.io.File(((pathPrefix + java.lang.Integer.toString(counter)) + .png)): null

2018-12-04 09:40:51 - [TEST_STEP][PASSED] - Statement - counter = counter + 1: null

2018-12-04 09:40:51 - [TEST_STEP][PASSED] - Statement - PreSaveFile = new java.io.File(((pathPrefix + java.lang.Integer.toString(counter)) + .png)): null

2018-12-04 09:40:51 - [TEST_STEP][PASSED] - Statement - counter = counter + 1: null

2018-12-04 09:40:51 - [TEST_STEP][PASSED] - Statement - PreSaveFile = new java.io.File(((pathPrefix + java.lang.Integer.toString(counter)) + .png)): null

2018-12-04 09:40:51 - [TEST_STEP][PASSED] - Statement - counter = counter + 1: null

2018-12-04 09:40:51 - [TEST_STEP][PASSED] - Statement - PreSaveFile = new java.io.File(((pathPrefix + java.lang.Integer.toString(counter)) + .png)): null

2018-12-04 09:40:51 - [TEST_STEP][PASSED] - Statement - counter = counter + 1: null

2018-12-04 09:40:51 - [TEST_STEP][PASSED] - Statement - PreSaveFile = new java.io.File(((pathPrefix + java.lang.Integer.toString(counter)) + .png)): null

2018-12-04 09:40:52 - [TEST_STEP][PASSED] - Statement - counter = counter + 1: null

2018-12-04 09:40:52 - [TEST_STEP][PASSED] - Statement - PreSaveFile = new java.io.File(((pathPrefix + java.lang.Integer.toString(counter)) + .png)): null

2018-12-04 09:40:52 - [TEST_STEP][PASSED] - Statement - counter = counter + 1: null

2018-12-04 09:40:52 - [TEST_STEP][PASSED] - Statement - PreSaveFile = new java.io.File(((pathPrefix + java.lang.Integer.toString(counter)) + .png)): null

2018-12-04 09:40:52 - [TEST_STEP][PASSED] - Statement - counter = counter + 1: null

2018-12-04 09:40:52 - [TEST_STEP][PASSED] - Statement - PreSaveFile = new java.io.File(((pathPrefix + java.lang.Integer.toString(counter)) + .png)): null

2018-12-04 09:40:52 - [TEST_STEP][PASSED] - Statement - counter = counter + 1: null

2018-12-04 09:40:52 - [TEST_STEP][PASSED] - Statement - PreSaveFile = new java.io.File(((pathPrefix + java.lang.Integer.toString(counter)) + .png)): null

2018-12-04 09:40:52 - [TEST_STEP][PASSED] - Statement - counter = counter + 1: null

2018-12-04 09:40:52 - [TEST_STEP][PASSED] - Statement - PreSaveFile = new java.io.File(((pathPrefix + java.lang.Integer.toString(counter)) + .png)): null

2018-12-04 09:40:54 - [TEST_STEP][PASSED] - Statement - counter = counter + 1: null

2018-12-04 09:40:54 - [TEST_STEP][PASSED] - Statement - PreSaveFile = new java.io.File(((pathPrefix + java.lang.Integer.toString(counter)) + .png)): null

2018-12-04 09:40:54 - [TEST_STEP][PASSED] - Statement - counter = counter + 1: null

2018-12-04 09:40:54 - [TEST_STEP][PASSED] - Statement - PreSaveFile = new java.io.File(((pathPrefix + java.lang.Integer.toString(counter)) + .png)): null

2018-12-04 09:40:54 - [TEST_STEP][PASSED] - Statement - counter = counter + 1: null

2018-12-04 09:40:54 - [TEST_STEP][PASSED] - Statement - PreSaveFile = new java.io.File(((pathPrefix + java.lang.Integer.toString(counter)) + .png)): null

2018-12-04 09:40:54 - [TEST_STEP][PASSED] - Statement - counter = counter + 1: null

2018-12-04 09:40:54 - [TEST_STEP][PASSED] - Statement - PreSaveFile = new java.io.File(((pathPrefix + java.lang.Integer.toString(counter)) + .png)): null

2018-12-04 09:40:54 - [TEST_STEP][PASSED] - Statement - counter = counter + 1: null

2018-12-04 09:40:54 - [TEST_STEP][PASSED] - Statement - PreSaveFile = new java.io.File(((pathPrefix + java.lang.Integer.toString(counter)) + .png)): null

2018-12-04 09:40:55 - [TEST_STEP][PASSED] - Statement - counter = counter + 1: null

2018-12-04 09:40:55 - [TEST_STEP][PASSED] - Statement - PreSaveFile = new java.io.File(((pathPrefix + java.lang.Integer.toString(counter)) + .png)): null

2018-12-04 09:40:55 - [TEST_STEP][PASSED] - Statement - counter = counter + 1: null

2018-12-04 09:40:55 - [TEST_STEP][PASSED] - Statement - PreSaveFile = new java.io.File(((pathPrefix + java.lang.Integer.toString(counter)) + .png)): null

2018-12-04 09:40:55 - [TEST_STEP][PASSED] - Statement - counter = counter + 1: null

2018-12-04 09:40:55 - [TEST_STEP][PASSED] - Statement - PreSaveFile = new java.io.File(((pathPrefix + java.lang.Integer.toString(counter)) + .png)): null

2018-12-04 09:40:55 - [TEST_STEP][PASSED] - Statement - counter = counter + 1: null

2018-12-04 09:40:55 - [TEST_STEP][PASSED] - Statement - PreSaveFile = new java.io.File(((pathPrefix + java.lang.Integer.toString(counter)) + .png)): null

2018-12-04 09:40:55 - [TEST_STEP][PASSED] - Statement - counter = counter + 1: null

2018-12-04 09:40:56 - [TEST_STEP][PASSED] - Statement - PreSaveFile = new java.io.File(((pathPrefix + java.lang.Integer.toString(counter)) + .png)): null

2018-12-04 09:40:56 - [TEST_STEP][PASSED] - Statement - counter = counter + 1: null

2018-12-04 09:40:56 - [TEST_STEP][PASSED] - Statement - PreSaveFile = new java.io.File(((pathPrefix + java.lang.Integer.toString(counter)) + .png)): null

2018-12-04 09:40:56 - [TEST_STEP][PASSED] - Statement - counter = counter + 1: null

2018-12-04 09:40:56 - [TEST_STEP][PASSED] - Statement - PreSaveFile = new java.io.File(((pathPrefix + java.lang.Integer.toString(counter)) + .png)): null

2018-12-04 09:40:56 - [TEST_STEP][PASSED] - Statement - counter = counter + 1: null

2018-12-04 09:40:56 - [TEST_STEP][PASSED] - Statement - PreSaveFile = new java.io.File(((pathPrefix + java.lang.Integer.toString(counter)) + .png)): null

2018-12-04 09:40:56 - [TEST_STEP][PASSED] - Statement - counter = counter + 1: null

2018-12-04 09:40:56 - [TEST_STEP][PASSED] - Statement - PreSaveFile = new java.io.File(((pathPrefix + java.lang.Integer.toString(counter)) + .png)): null

2018-12-04 09:40:56 - [TEST_STEP][PASSED] - Statement - counter = counter + 1: null

2018-12-04 09:40:58 - [TEST_STEP][PASSED] - Statement - PreSaveFile = new java.io.File(((pathPrefix + java.lang.Integer.toString(counter)) + .png)): null

2018-12-04 09:40:58 - [TEST_STEP][PASSED] - Statement - counter = counter + 1: null

2018-12-04 09:40:58 - [TEST_STEP][PASSED] - Statement - PreSaveFile = new java.io.File(((pathPrefix + java.lang.Integer.toString(counter)) + .png)): null

2018-12-04 09:40:58 - [TEST_STEP][PASSED] - Statement - counter = counter + 1: null

2018-12-04 09:40:58 - [TEST_STEP][PASSED] - Statement - PreSaveFile = new java.io.File(((pathPrefix + java.lang.Integer.toString(counter)) + .png)): null

2018-12-04 09:40:58 - [TEST_STEP][PASSED] - Statement - counter = counter + 1: null

2018-12-04 09:40:58 - [TEST_STEP][PASSED] - Statement - PreSaveFile = new java.io.File(((pathPrefix + java.lang.Integer.toString(counter)) + .png)): null

2018-12-04 09:40:58 - [TEST_STEP][PASSED] - Statement - counter = counter + 1: null

2018-12-04 09:40:58 - [TEST_STEP][PASSED] - Statement - PreSaveFile = new java.io.File(((pathPrefix + java.lang.Integer.toString(counter)) + .png)): null

2018-12-04 09:40:59 - [TEST_STEP][PASSED] - Statement - counter = counter + 1: null

2018-12-04 09:40:59 - [TEST_STEP][PASSED] - Statement - PreSaveFile = new java.io.File(((pathPrefix + java.lang.Integer.toString(counter)) + .png)): null

2018-12-04 09:40:59 - [TEST_STEP][PASSED] - Statement - counter = counter + 1: null

2018-12-04 09:40:59 - [TEST_STEP][PASSED] - Statement - PreSaveFile = new java.io.File(((pathPrefix + java.lang.Integer.toString(counter)) + .png)): null

2018-12-04 09:40:59 - [TEST_STEP][PASSED] - Statement - counter = counter + 1: null

2018-12-04 09:40:59 - [TEST_STEP][PASSED] - Statement - PreSaveFile = new java.io.File(((pathPrefix + java.lang.Integer.toString(counter)) + .png)): null

2018-12-04 09:40:59 - [TEST_STEP][PASSED] - Statement - counter = counter + 1: null

2018-12-04 09:40:59 - [TEST_STEP][PASSED] - Statement - PreSaveFile = new java.io.File(((pathPrefix + java.lang.Integer.toString(counter)) + .png)): null

2018-12-04 09:40:59 - [TEST_STEP][PASSED] - Statement - counter = counter + 1: null

2018-12-04 09:40:59 - [TEST_STEP][PASSED] - Statement - PreSaveFile = new java.io.File(((pathPrefix + java.lang.Integer.toString(counter)) + .png)): null

2018-12-04 09:41:01 - [TEST_STEP][PASSED] - Statement - counter = counter + 1: null

2018-12-04 09:41:01 - [TEST_STEP][PASSED] - Statement - PreSaveFile = new java.io.File(((pathPrefix + java.lang.Integer.toString(counter)) + .png)): null

2018-12-04 09:41:01 - [TEST_STEP][PASSED] - Statement - counter = counter + 1: null

2018-12-04 09:41:01 - [TEST_STEP][PASSED] - Statement - PreSaveFile = new java.io.File(((pathPrefix + java.lang.Integer.toString(counter)) + .png)): null

2018-12-04 09:41:01 - [TEST_STEP][PASSED] - Statement - counter = counter + 1: null

2018-12-04 09:41:01 - [TEST_STEP][PASSED] - Statement - PreSaveFile = new java.io.File(((pathPrefix + java.lang.Integer.toString(counter)) + .png)): null

2018-12-04 09:41:01 - [TEST_STEP][PASSED] - Statement - counter = counter + 1: null

2018-12-04 09:41:01 - [TEST_STEP][PASSED] - Statement - PreSaveFile = new java.io.File(((pathPrefix + java.lang.Integer.toString(counter)) + .png)): null

2018-12-04 09:41:01 - [TEST_STEP][PASSED] - Statement - counter = counter + 1: null

2018-12-04 09:41:01 - [TEST_STEP][PASSED] - Statement - PreSaveFile = new java.io.File(((pathPrefix + java.lang.Integer.toString(counter)) + .png)): null

2018-12-04 09:41:02 - [TEST_STEP][PASSED] - Statement - counter = counter + 1: null

2018-12-04 09:41:02 - [TEST_STEP][PASSED] - Statement - PreSaveFile = new java.io.File(((pathPrefix + java.lang.Integer.toString(counter)) + .png)): null

2018-12-04 09:41:02 - [TEST_STEP][PASSED] - Statement - counter = counter + 1: null

2018-12-04 09:41:02 - [TEST_STEP][PASSED] - Statement - PreSaveFile = new java.io.File(((pathPrefix + java.lang.Integer.toString(counter)) + .png)): null

2018-12-04 09:41:02 - [TEST_STEP][PASSED] - Statement - counter = counter + 1: null

2018-12-04 09:41:02 - [TEST_STEP][PASSED] - Statement - PreSaveFile = new java.io.File(((pathPrefix + java.lang.Integer.toString(counter)) + .png)): null

2018-12-04 09:41:02 - [TEST_STEP][PASSED] - Statement - counter = counter + 1: null

2018-12-04 09:41:02 - [TEST_STEP][PASSED] - Statement - PreSaveFile = new java.io.File(((pathPrefix + java.lang.Integer.toString(counter)) + .png)): null

2018-12-04 09:41:02 - [TEST_STEP][PASSED] - Statement - counter = counter + 1: null

2018-12-04 09:41:03 - [TEST_STEP][PASSED] - Statement - PreSaveFile = new java.io.File(((pathPrefix + java.lang.Integer.toString(counter)) + .png)): null

2018-12-04 09:41:03 - [TEST_STEP][PASSED] - Statement - counter = counter + 1: null

2018-12-04 09:41:03 - [TEST_STEP][PASSED] - Statement - PreSaveFile = new java.io.File(((pathPrefix + java.lang.Integer.toString(counter)) + .png)): null

2018-12-04 09:41:03 - [TEST_STEP][PASSED] - Statement - counter = counter + 1: null

2018-12-04 09:41:03 - [TEST_STEP][PASSED] - Statement - PreSaveFile = new java.io.File(((pathPrefix + java.lang.Integer.toString(counter)) + .png)): null

2018-12-04 09:41:03 - [TEST_STEP][PASSED] - Statement - counter = counter + 1: null

2018-12-04 09:41:03 - [TEST_STEP][PASSED] - Statement - PreSaveFile = new java.io.File(((pathPrefix + java.lang.Integer.toString(counter)) + .png)): null

2018-12-04 09:41:03 - [TEST_STEP][PASSED] - Statement - counter = counter + 1: null

2018-12-04 09:41:03 - [TEST_STEP][PASSED] - Statement - PreSaveFile = new java.io.File(((pathPrefix + java.lang.Integer.toString(counter)) + .png)): null

2018-12-04 09:41:03 - [TEST_STEP][PASSED] - Statement - counter = counter + 1: null

2018-12-04 09:41:05 - [TEST_STEP][PASSED] - Statement - PreSaveFile = new java.io.File(((pathPrefix + java.lang.Integer.toString(counter)) + .png)): null

2018-12-04 09:41:05 - [TEST_STEP][PASSED] - Statement - counter = counter + 1: null

2018-12-04 09:41:05 - [TEST_STEP][PASSED] - Statement - PreSaveFile = new java.io.File(((pathPrefix + java.lang.Integer.toString(counter)) + .png)): null

2018-12-04 09:41:05 - [TEST_STEP][PASSED] - Statement - counter = counter + 1: null

2018-12-04 09:41:05 - [TEST_STEP][PASSED] - Statement - PreSaveFile = new java.io.File(((pathPrefix + java.lang.Integer.toString(counter)) + .png)): null

2018-12-04 09:41:05 - [TEST_STEP][PASSED] - Statement - counter = counter + 1: null

2018-12-04 09:41:05 - [TEST_STEP][PASSED] - Statement - PreSaveFile = new java.io.File(((pathPrefix + java.lang.Integer.toString(counter)) + .png)): null

2018-12-04 09:41:05 - [TEST_STEP][PASSED] - Statement - counter = counter + 1: null

2018-12-04 09:41:05 - [TEST_STEP][PASSED] - Statement - PreSaveFile = new java.io.File(((pathPrefix + java.lang.Integer.toString(counter)) + .png)): null

2018-12-04 09:41:07 - [TEST_STEP][PASSED] - Statement - counter = counter + 1: null

2018-12-04 09:41:07 - [TEST_STEP][PASSED] - Statement - PreSaveFile = new java.io.File(((pathPrefix + java.lang.Integer.toString(counter)) + .png)): null

2018-12-04 09:41:07 - [TEST_STEP][PASSED] - Statement - counter = counter + 1: null

2018-12-04 09:41:07 - [TEST_STEP][PASSED] - Statement - PreSaveFile = new java.io.File(((pathPrefix + java.lang.Integer.toString(counter)) + .png)): null

2018-12-04 09:41:07 - [TEST_STEP][PASSED] - Statement - counter = counter + 1: null

2018-12-04 09:41:07 - [TEST_STEP][PASSED] - Statement - PreSaveFile = new java.io.File(((pathPrefix + java.lang.Integer.toString(counter)) + .png)): null

2018-12-04 09:41:07 - [TEST_STEP][PASSED] - Statement - counter = counter + 1: null

2018-12-04 09:41:07 - [TEST_STEP][PASSED] - Statement - PreSaveFile = new java.io.File(((pathPrefix + java.lang.Integer.toString(counter)) + .png)): null

2018-12-04 09:41:07 - [TEST_STEP][PASSED] - Statement - counter = counter + 1: null

2018-12-04 09:41:07 - [TEST_STEP][PASSED] - Statement - PreSaveFile = new java.io.File(((pathPrefix + java.lang.Integer.toString(counter)) + .png)): null

2018-12-04 09:41:08 - [TEST_STEP][PASSED] - Statement - counter = counter + 1: null

2018-12-04 09:41:08 - [TEST_STEP][PASSED] - Statement - PreSaveFile = new java.io.File(((pathPrefix + java.lang.Integer.toString(counter)) + .png)): null

2018-12-04 09:41:08 - [TEST_STEP][PASSED] - Statement - counter = counter + 1: null

2018-12-04 09:41:08 - [TEST_STEP][PASSED] - Statement - PreSaveFile = new java.io.File(((pathPrefix + java.lang.Integer.toString(counter)) + .png)): null

2018-12-04 09:41:08 - [TEST_STEP][PASSED] - Statement - counter = counter + 1: null

2018-12-04 09:41:08 - [TEST_STEP][PASSED] - Statement - PreSaveFile = new java.io.File(((pathPrefix + java.lang.Integer.toString(counter)) + .png)): null

2018-12-04 09:41:08 - [TEST_STEP][PASSED] - Statement - counter = counter + 1: null

2018-12-04 09:41:08 - [TEST_STEP][PASSED] - Statement - PreSaveFile = new java.io.File(((pathPrefix + java.lang.Integer.toString(counter)) + .png)): null

2018-12-04 09:41:08 - [TEST_STEP][PASSED] - Statement - counter = counter + 1: null

2018-12-04 09:41:08 - [TEST_STEP][PASSED] - Statement - PreSaveFile = new java.io.File(((pathPrefix + java.lang.Integer.toString(counter)) + .png)): null

2018-12-04 09:41:10 - [TEST_STEP][PASSED] - Statement - counter = counter + 1: null

2018-12-04 09:41:10 - [TEST_STEP][PASSED] - Statement - PreSaveFile = new java.io.File(((pathPrefix + java.lang.Integer.toString(counter)) + .png)): null

2018-12-04 09:41:10 - [TEST_STEP][PASSED] - Statement - counter = counter + 1: null

2018-12-04 09:41:10 - [TEST_STEP][PASSED] - Statement - PreSaveFile = new java.io.File(((pathPrefix + java.lang.Integer.toString(counter)) + .png)): null

2018-12-04 09:41:10 - [TEST_STEP][PASSED] - Statement - counter = counter + 1: null

2018-12-04 09:41:10 - [TEST_STEP][PASSED] - Statement - PreSaveFile = new java.io.File(((pathPrefix + java.lang.Integer.toString(counter)) + .png)): null

2018-12-04 09:41:10 - [TEST_STEP][PASSED] - Statement - counter = counter + 1: null

2018-12-04 09:41:10 - [TEST_STEP][PASSED] - Statement - PreSaveFile = new java.io.File(((pathPrefix + java.lang.Integer.toString(counter)) + .png)): null

2018-12-04 09:41:10 - [TEST_STEP][PASSED] - Statement - counter = counter + 1: null

2018-12-04 09:41:11 - [TEST_STEP][PASSED] - Statement - PreSaveFile = new java.io.File(((pathPrefix + java.lang.Integer.toString(counter)) + .png)): null

2018-12-04 09:41:11 - [TEST_STEP][PASSED] - Statement - counter = counter + 1: null

2018-12-04 09:41:11 - [TEST_STEP][PASSED] - Statement - PreSaveFile = new java.io.File(((pathPrefix + java.lang.Integer.toString(counter)) + .png)): null

2018-12-04 09:41:11 - [TEST_STEP][PASSED] - Statement - counter = counter + 1: null

2018-12-04 09:41:11 - [TEST_STEP][PASSED] - Statement - PreSaveFile = new java.io.File(((pathPrefix + java.lang.Integer.toString(counter)) + .png)): null

2018-12-04 09:41:11 - [TEST_STEP][PASSED] - Statement - counter = counter + 1: null

2018-12-04 09:41:11 - [TEST_STEP][PASSED] - Statement - PreSaveFile = new java.io.File(((pathPrefix + java.lang.Integer.toString(counter)) + .png)): null

2018-12-04 09:41:11 - [TEST_STEP][PASSED] - Statement - counter = counter + 1: null

2018-12-04 09:41:11 - [TEST_STEP][PASSED] - Statement - PreSaveFile = new java.io.File(((pathPrefix + java.lang.Integer.toString(counter)) + .png)): null

2018-12-04 09:41:11 - [TEST_STEP][PASSED] - Statement - counter = counter + 1: null

2018-12-04 09:41:13 - [TEST_STEP][PASSED] - Statement - PreSaveFile = new java.io.File(((pathPrefix + java.lang.Integer.toString(counter)) + .png)): null

2018-12-04 09:41:13 - [TEST_STEP][PASSED] - Statement - counter = counter + 1: null

2018-12-04 09:41:13 - [TEST_STEP][PASSED] - Statement - PreSaveFile = new java.io.File(((pathPrefix + java.lang.Integer.toString(counter)) + .png)): null

2018-12-04 09:41:13 - [TEST_STEP][PASSED] - Statement - counter = counter + 1: null

2018-12-04 09:41:13 - [TEST_STEP][PASSED] - Statement - PreSaveFile = new java.io.File(((pathPrefix + java.lang.Integer.toString(counter)) + .png)): null

2018-12-04 09:41:13 - [TEST_STEP][PASSED] - Statement - counter = counter + 1: null

2018-12-04 09:41:13 - [TEST_STEP][PASSED] - Statement - PreSaveFile = new java.io.File(((pathPrefix + java.lang.Integer.toString(counter)) + .png)): null

2018-12-04 09:41:13 - [TEST_STEP][PASSED] - Statement - counter = counter + 1: null

2018-12-04 09:41:13 - [TEST_STEP][PASSED] - Statement - PreSaveFile = new java.io.File(((pathPrefix + java.lang.Integer.toString(counter)) + .png)): null

2018-12-04 09:41:15 - [TEST_STEP][PASSED] - Statement - counter = counter + 1: null

2018-12-04 09:41:15 - [TEST_STEP][PASSED] - Statement - PreSaveFile = new java.io.File(((pathPrefix + java.lang.Integer.toString(counter)) + .png)): null

2018-12-04 09:41:15 - [TEST_STEP][PASSED] - Statement - counter = counter + 1: null

2018-12-04 09:41:15 - [TEST_STEP][PASSED] - Statement - PreSaveFile = new java.io.File(((pathPrefix + java.lang.Integer.toString(counter)) + .png)): null

2018-12-04 09:41:15 - [TEST_STEP][PASSED] - Statement - counter = counter + 1: null

2018-12-04 09:41:15 - [TEST_STEP][PASSED] - Statement - PreSaveFile = new java.io.File(((pathPrefix + java.lang.Integer.toString(counter)) + .png)): null

2018-12-04 09:41:15 - [TEST_STEP][PASSED] - Statement - counter = counter + 1: null

2018-12-04 09:41:15 - [TEST_STEP][PASSED] - Statement - PreSaveFile = new java.io.File(((pathPrefix + java.lang.Integer.toString(counter)) + .png)): null

2018-12-04 09:41:15 - [TEST_STEP][PASSED] - Statement - counter = counter + 1: null

2018-12-04 09:41:15 - [TEST_STEP][PASSED] - Statement - PreSaveFile = new java.io.File(((pathPrefix + java.lang.Integer.toString(counter)) + .png)): null

2018-12-04 09:41:16 - [TEST_STEP][PASSED] - Statement - counter = counter + 1: null

2018-12-04 09:41:16 - [TEST_STEP][PASSED] - Statement - PreSaveFile = new java.io.File(((pathPrefix + java.lang.Integer.toString(counter)) + .png)): null

2018-12-04 09:41:16 - [TEST_STEP][PASSED] - Statement - counter = counter + 1: null

2018-12-04 09:41:16 - [TEST_STEP][PASSED] - Statement - PreSaveFile = new java.io.File(((pathPrefix + java.lang.Integer.toString(counter)) + .png)): null

2018-12-04 09:41:16 - [TEST_STEP][PASSED] - Statement - counter = counter + 1: null

2018-12-04 09:41:16 - [TEST_STEP][PASSED] - Statement - PreSaveFile = new java.io.File(((pathPrefix + java.lang.Integer.toString(counter)) + .png)): null

2018-12-04 09:41:16 - [TEST_STEP][PASSED] - Statement - counter = counter + 1: null

2018-12-04 09:41:16 - [TEST_STEP][PASSED] - Statement - PreSaveFile = new java.io.File(((pathPrefix + java.lang.Integer.toString(counter)) + .png)): null

2018-12-04 09:41:16 - [TEST_STEP][PASSED] - Statement - counter = counter + 1: null

2018-12-04 09:41:16 - [TEST_STEP][PASSED] - Statement - PreSaveFile = new java.io.File(((pathPrefix + java.lang.Integer.toString(counter)) + .png)): null

2018-12-04 09:41:18 - [TEST_STEP][PASSED] - Statement - counter = counter + 1: null

2018-12-04 09:41:18 - [TEST_STEP][PASSED] - Statement - PreSaveFile = new java.io.File(((pathPrefix + java.lang.Integer.toString(counter)) + .png)): null

2018-12-04 09:41:18 - [TEST_STEP][PASSED] - Statement - finalPath = pathPrefix + java.lang.Integer.toString(counter) + ".png": null

2018-12-04 09:41:18 - [TEST_STEP][PASSED] - Statement - SaveFile = new java.io.File(finalPath): null

2018-12-04 09:41:18 - [TEST_STEP][PASSED] - Statement - Try: null

2018-12-04 09:41:18 - [TEST_STEP][PASSED] - Statement - org.apache.commons.io.FileUtils.copyFile(scrFile, SaveFile): null

2018-12-04 09:41:18 - [TEST_STEP][PASSED] - Statement - out.println("file kept"): null

2018-12-04 09:41:18 - [TEST_STEP][PASSED] - delay: Delayed 10 second(s)

2018-12-04 09:41:30 - [MESSAGE][PASSED] - Delayed 10 second(s)

2018-12-04 09:41:30 - [MESSAGE][PASSED] - Call Test Case 'Test Cases/Final Aug 2018 - PKS Automation/Registration Module/New Registration/Submit and Screenshot/Submit Registration and Screenshot' successfully

2018-12-04 09:41:30 - [TEST_STEP][PASSED] - callTestCase: Call Test Case 'Test Cases/Final Aug 2018 - PKS Automation/Registration Module/Log Out/log out avoiding katalon tagging' successfully

2018-12-04 09:41:30 - [TEST_CASE][PASSED] - Test Cases/Final Aug 2018 - PKS Automation/Registration Module/Log Out/log out avoiding katalon tagging: Test Cases/Final Aug 2018 - PKS Automation/Registration Module/Log Out/log out avoiding katalon tagging

2018-12-04 09:41:30 - [TEST_STEP][PASSED] - navigateToUrl: Navigate to 'https://assist2-uat.perkeso.gov.my/c/portal/logout' successfully

2018-12-04 09:41:31 - [MESSAGE][PASSED] - Navigate to 'https://assist2-uat.perkeso.gov.my/c/portal/logout' successfully

2018-12-04 09:41:31 - [MESSAGE][PASSED] - Call Test Case 'Test Cases/Final Aug 2018 - PKS Automation/Registration Module/Log Out/log out avoiding katalon tagging' successfully

2018-12-04 09:41:31 - [TEST_STEP][PASSED] - callTestCase: Call Test Case 'Test Cases/Final Aug 2018 - PKS Automation/Common/Workflow Owner Finder' successfully

2018-12-04 09:41:31 - [TEST_CASE][PASSED] - Test Cases/Final Aug 2018 - PKS Automation/Common/Workflow Owner Finder: Test Cases/Final Aug 2018 - PKS Automation/Common/Workflow Owner Finder

2018-12-04 09:41:31 - [TEST_STEP][PASSED] - openBrowser: Browser is opened with url: ''

2018-12-04 09:41:31 - [MESSAGE][WARNING] - A browser is already opened. Closing browser and opening a new one

2018-12-04 09:41:34 - [MESSAGE][PASSED] - Browser is opened with url: ''

2018-12-04 09:41:34 - [TEST_STEP][PASSED] - navigateToUrl: Navigate to 'https://assist2-uat.perkeso.gov.my/login' successfully

2018-12-04 09:41:35 - [MESSAGE][PASSED] - Navigate to 'https://assist2-uat.perkeso.gov.my/login' successfully

2018-12-04 09:41:35 - [TEST_STEP][PASSED] - delay: Delayed 5 second(s)

2018-12-04 09:41:40 - [MESSAGE][PASSED] - Delayed 5 second(s)

2018-12-04 09:41:40 - [TEST_STEP][PASSED] - setText: Text 'test@liferay.com' is set on object 'Object Repository/Final Object Repo/Login Page/Internal User/Email Address'

2018-12-04 09:41:41 - [MESSAGE][PASSED] - Text 'test@liferay.com' is set on object 'Object Repository/Final Object Repo/Login Page/Internal User/Email Address'

2018-12-04 09:41:41 - [TEST_STEP][PASSED] - click: Object: 'Object Repository/Final Object Repo/Login Page/Internal User/Next Button' is clicked on

2018-12-04 09:41:41 - [MESSAGE][PASSED] - Object: 'Object Repository/Final Object Repo/Login Page/Internal User/Next Button' is clicked on

2018-12-04 09:41:41 - [TEST_STEP][PASSED] - delay: Delayed 2 second(s)

2018-12-04 09:41:43 - [MESSAGE][PASSED] - Delayed 2 second(s)

2018-12-04 09:41:43 - [TEST_STEP][PASSED] - setText: Text 'test' is set on object 'Object Repository/Final Object Repo/Login Page/Internal User/Password'

2018-12-04 09:41:43 - [MESSAGE][PASSED] - Text 'test' is set on object 'Object Repository/Final Object Repo/Login Page/Internal User/Password'

2018-12-04 09:41:43 - [TEST_STEP][PASSED] - delay: Delayed 2 second(s)

2018-12-04 09:41:45 - [MESSAGE][PASSED] - Delayed 2 second(s)

2018-12-04 09:41:45 - [TEST_STEP][PASSED] - click: Object: 'Object Repository/Final Object Repo/Login Page/Internal User/Login Button' is clicked on

2018-12-04 09:41:46 - [MESSAGE][PASSED] - Object: 'Object Repository/Final Object Repo/Login Page/Internal User/Login Button' is clicked on

2018-12-04 09:41:46 - [TEST_STEP][PASSED] - Statement - tester = com.kms.katalon.core.testobject.ObjectRepository.findTestObject(Final Object Repo/Landing Page/Select to English): Finding Test Object with id 'Object Repository/Final Object Repo/Landing Page/Select to English'

2018-12-04 09:41:46 - [TEST_STEP][PASSED] - Statement - Try: Delayed 2 second(s)

2018-12-04 09:41:46 - [TEST_STEP][PASSED] - Statement - Checker = com.kms.katalon.core.webui.keyword.WebUiBuiltInKeywords.verifyElementNotPresent(tester, 3): Web element with id: 'Object Repository/Final Object Repo/Landing Page/Select to English' located by 'By.xpath: //a[@class = 'taglib-language-list-text' and @lang = 'en-US' and (contains(text(), 'EN') or contains(., 'EN'))]' is not present after '3' second(s)

2018-12-04 09:41:48 - [MESSAGE][PASSED] - Web element with id: 'Object Repository/Final Object Repo/Landing Page/Select to English' located by 'By.xpath: //a[@class = 'taglib-language-list-text' and @lang = 'en-US' and (contains(text(), 'EN') or contains(., 'EN'))]' is not present after '3' second(s)

2018-12-04 09:41:48 - [TEST_STEP][PASSED] - Statement - If (Checker == false): null

2018-12-04 09:41:48 - [TEST_STEP][PASSED] - delay: Delayed 2 second(s)

2018-12-04 09:41:50 - [MESSAGE][PASSED] - Delayed 2 second(s)

2018-12-04 09:41:50 - [TEST_STEP][PASSED] - delay: Delayed 5 second(s)

2018-12-04 09:41:55 - [MESSAGE][PASSED] - Delayed 5 second(s)

2018-12-04 09:41:55 - [TEST_STEP][PASSED] - mouseOver: Object: 'Object Repository/Final Object Repo/Landing Page/WorkFlow Menu' is hovered

2018-12-04 09:41:55 - [MESSAGE][PASSED] - Object: 'Object Repository/Final Object Repo/Landing Page/WorkFlow Menu' is hovered

2018-12-04 09:41:55 - [TEST_STEP][PASSED] - delay: Delayed 2 second(s)

2018-12-04 09:41:57 - [MESSAGE][PASSED] - Delayed 2 second(s)

2018-12-04 09:41:57 - [TEST_STEP][PASSED] - click: Object: 'Object Repository/Final Object Repo/Landing Page/Select to Workflow Listing' is clicked on

2018-12-04 09:41:58 - [MESSAGE][PASSED] - Object: 'Object Repository/Final Object Repo/Landing Page/Select to Workflow Listing' is clicked on

2018-12-04 09:41:58 - [TEST_STEP][PASSED] - delay: Delayed 2 second(s)

2018-12-04 09:42:00 - [MESSAGE][PASSED] - Delayed 2 second(s)

2018-12-04 09:42:00 - [TEST_STEP][PASSED] - click: Object: 'Object Repository/Final Object Repo/WorkFlow Listing Page/Search Information - To Put Ref No' is clicked on

2018-12-04 09:42:00 - [MESSAGE][PASSED] - Object: 'Object Repository/Final Object Repo/WorkFlow Listing Page/Search Information - To Put Ref No' is clicked on

2018-12-04 09:42:00 - [TEST_STEP][PASSED] - delay: Delayed 2 second(s)

2018-12-04 09:42:02 - [MESSAGE][PASSED] - Delayed 2 second(s)

2018-12-04 09:42:02 - [TEST_STEP][PASSED] - callTestCase: Call Test Case 'Test Cases/Final Aug 2018 - PKS Automation/Common/Reference Number Getter' successfully

2018-12-04 09:42:02 - [TEST_CASE][PASSED] - Test Cases/Final Aug 2018 - PKS Automation/Common/Reference Number Getter: Test Cases/Final Aug 2018 - PKS Automation/Common/Reference Number Getter

2018-12-04 09:42:02 - [TEST_STEP][PASSED] - Statement - Try: null

2018-12-04 09:42:02 - [TEST_STEP][PASSED] - Statement - RefNo = new java.io.File(C://Users//Admin//Desktop//PKS//Automation Reference Point//KatalonReference.txt): null

2018-12-04 09:42:02 - [TEST_STEP][PASSED] - Statement - bufferread = new java.io.BufferedReader(new java.io.FileReader(RefNo)): null

2018-12-04 09:42:02 - [TEST_STEP][PASSED] - Statement - readedVal = bufferread.readLine(): null

2018-12-04 09:42:02 - [TEST_STEP][PASSED] - Statement - out.println(CaseReferenceNo): null

2018-12-04 09:42:02 - [TEST_STEP][PASSED] - Statement - out.println(readedVal): null

2018-12-04 09:42:02 - [TEST_STEP][PASSED] - Statement - CaseReferenceNo = "": null

2018-12-04 09:42:02 - [TEST_STEP][PASSED] - Statement - CaseReferenceNo = readedVal: null

2018-12-04 09:42:02 - [MESSAGE][PASSED] - Call Test Case 'Test Cases/Final Aug 2018 - PKS Automation/Common/Reference Number Getter' successfully

2018-12-04 09:42:02 - [TEST_STEP][PASSED] - setText: Text 'CRN12201800122963' is set on object 'Object Repository/Final Object Repo/WorkFlow Listing Page/Ref No Set Text'

2018-12-04 09:42:03 - [MESSAGE][PASSED] - Text 'CRN12201800122963' is set on object 'Object Repository/Final Object Repo/WorkFlow Listing Page/Ref No Set Text'

2018-12-04 09:42:03 - [TEST_STEP][PASSED] - delay: Delayed 2 second(s)

2018-12-04 09:42:05 - [MESSAGE][PASSED] - Delayed 2 second(s)

2018-12-04 09:42:05 - [TEST_STEP][PASSED] - click: Object: 'Object Repository/Final Object Repo/WorkFlow Listing Page/Search Ref No Search Button' is clicked on

2018-12-04 09:42:05 - [MESSAGE][PASSED] - Object: 'Object Repository/Final Object Repo/WorkFlow Listing Page/Search Ref No Search Button' is clicked on

2018-12-04 09:42:05 - [TEST_STEP][PASSED] - delay: Delayed 6 second(s)

2018-12-04 09:42:11 - [MESSAGE][PASSED] - Delayed 6 second(s)

2018-12-04 09:42:11 - [TEST_STEP][PASSED] - click: Object: 'Object Repository/Final Object Repo/WorkFlow Listing Page/Click Continue Tooltip' is clicked on

2018-12-04 09:42:12 - [MESSAGE][PASSED] - Object: 'Object Repository/Final Object Repo/WorkFlow Listing Page/Click Continue Tooltip' is clicked on

2018-12-04 09:42:12 - [TEST_STEP][PASSED] - delay: Delayed 5 second(s)

2018-12-04 09:42:17 - [MESSAGE][PASSED] - Delayed 5 second(s)

2018-12-04 09:42:17 - [TEST_STEP][PASSED] - doubleClick: Object: 'Object Repository/Final Object Repo/WorkFlow Listing Page/Workflow Found - Listing 1' is double clicked on

2018-12-04 09:42:17 - [MESSAGE][PASSED] - Object: 'Object Repository/Final Object Repo/WorkFlow Listing Page/Workflow Found - Listing 1' is double clicked on

2018-12-04 09:42:17 - [TEST_STEP][PASSED] - Statement - println(OwnerID): null

2018-12-04 09:42:17 - [TEST_STEP][PASSED] - Statement - OwnerID = com.kms.katalon.core.webui.keyword.WebUiBuiltInKeywords.getText(com.kms.katalon.core.testobject.ObjectRepository.findTestObject(Final Object Repo/WorkFlow Listing Page/Workflow Found - Listing 1), STOP_ON_FAILURE): Text of object 'Object Repository/Final Object Repo/WorkFlow Listing Page/Workflow Found - Listing 1' is: 'JOHORpkrbo2'

2018-12-04 09:42:17 - [MESSAGE][PASSED] - Text of object 'Object Repository/Final Object Repo/WorkFlow Listing Page/Workflow Found - Listing 1' is: 'JOHORpkrbo2'

2018-12-04 09:42:17 - [TEST_STEP][PASSED] - Statement - OwnerID = OwnerID.toLowerCase() + "@gmail.com": null

2018-12-04 09:42:17 - [TEST_STEP][PASSED] - Statement - println(OwnerID): null

2018-12-04 09:42:17 - [TEST_STEP][PASSED] - delay: Delayed 2 second(s)

2018-12-04 09:42:19 - [MESSAGE][PASSED] - Delayed 2 second(s)

2018-12-04 09:42:19 - [MESSAGE][PASSED] - Call Test Case 'Test Cases/Final Aug 2018 - PKS Automation/Common/Workflow Owner Finder' successfully

2018-12-04 09:42:19 - [TEST_STEP][PASSED] - callTestCase: Call Test Case 'Test Cases/Final Aug 2018 - PKS Automation/Registration Module/Log Out/log out avoiding katalon tagging' successfully

2018-12-04 09:42:19 - [TEST_CASE][PASSED] - Test Cases/Final Aug 2018 - PKS Automation/Registration Module/Log Out/log out avoiding katalon tagging: Test Cases/Final Aug 2018 - PKS Automation/Registration Module/Log Out/log out avoiding katalon tagging

2018-12-04 09:42:19 - [TEST_STEP][PASSED] - navigateToUrl: Navigate to 'https://assist2-uat.perkeso.gov.my/c/portal/logout' successfully

2018-12-04 09:42:20 - [MESSAGE][PASSED] - Navigate to 'https://assist2-uat.perkeso.gov.my/c/portal/logout' successfully

2018-12-04 09:42:20 - [MESSAGE][PASSED] - Call Test Case 'Test Cases/Final Aug 2018 - PKS Automation/Registration Module/Log Out/log out avoiding katalon tagging' successfully

2018-12-04 09:42:20 - [TEST_STEP][PASSED] - delay: Delayed 2 second(s)

2018-12-04 09:42:22 - [MESSAGE][PASSED] - Delayed 2 second(s)

2018-12-04 09:42:22 - [TEST_STEP][PASSED] - setText: Text 'johorpkrbo2@gmail.com' is set on object 'Object Repository/Final Object Repo/New Registration - Registration Module Pages/Incomplete - PKRBO/Email TextBox'

2018-12-04 09:42:23 - [MESSAGE][PASSED] - Text 'johorpkrbo2@gmail.com' is set on object 'Object Repository/Final Object Repo/New Registration - Registration Module Pages/Incomplete - PKRBO/Email TextBox'

2018-12-04 09:42:23 - [TEST_STEP][PASSED] - click: Object: 'Object Repository/Final Object Repo/New Registration - Registration Module Pages/Incomplete - PKRBO/Next Button' is clicked on

2018-12-04 09:42:23 - [MESSAGE][PASSED] - Object: 'Object Repository/Final Object Repo/New Registration - Registration Module Pages/Incomplete - PKRBO/Next Button' is clicked on

2018-12-04 09:42:23 - [TEST_STEP][PASSED] - delay: Delayed 2 second(s)

2018-12-04 09:42:25 - [MESSAGE][PASSED] - Delayed 2 second(s)

2018-12-04 09:42:25 - [TEST_STEP][PASSED] - setText: Text 'Test1@3456789' is set on object 'Object Repository/Final Object Repo/New Registration - Registration Module Pages/Incomplete - PKRBO/Password TextBox'

2018-12-04 09:42:25 - [MESSAGE][PASSED] - Text 'Test1@3456789' is set on object 'Object Repository/Final Object Repo/New Registration - Registration Module Pages/Incomplete - PKRBO/Password TextBox'

2018-12-04 09:42:25 - [TEST_STEP][PASSED] - delay: Delayed 2 second(s)

2018-12-04 09:42:27 - [MESSAGE][PASSED] - Delayed 2 second(s)

2018-12-04 09:42:27 - [TEST_STEP][PASSED] - click: Object: 'Object Repository/Final Object Repo/New Registration - Registration Module Pages/Incomplete - PKRBO/Login Button' is clicked on

2018-12-04 09:42:28 - [MESSAGE][PASSED] - Object: 'Object Repository/Final Object Repo/New Registration - Registration Module Pages/Incomplete - PKRBO/Login Button' is clicked on

2018-12-04 09:42:28 - [TEST_STEP][PASSED] - Statement - Try: null

2018-12-04 09:42:28 - [TEST_STEP][PASSED] - Statement - Checker = com.kms.katalon.core.webui.keyword.WebUiBuiltInKeywords.verifyElementNotPresent("Final Object Repo/Landing Page/Select to English", 3): null

2018-12-04 09:42:28 - [TEST_STEP][PASSED] - Statement - Catch (Exception e): null

2018-12-04 09:42:28 - [TEST_STEP][PASSED] - Statement - e.printStackTrace(): null

2018-12-04 09:42:28 - [TEST_STEP][PASSED] - delay: Delayed 5 second(s)

2018-12-04 09:42:33 - [MESSAGE][PASSED] - Delayed 5 second(s)

2018-12-04 09:42:33 - [TEST_STEP][PASSED] - click: Object: 'Object Repository/Final Object Repo/New Registration - Registration Module Pages/New Reg - OTC to RO/Special Case - All Related Objects/Expand to Search' is clicked on

2018-12-04 09:42:33 - [MESSAGE][PASSED] - Object: 'Object Repository/Final Object Repo/New Registration - Registration Module Pages/New Reg - OTC to RO/Special Case - All Related Objects/Expand to Search' is clicked on

2018-12-04 09:42:33 - [TEST_STEP][FAILED] - setText: Unable to set text 'CRN12201800122963' of object 'Object Repository/Final Object Repo/New Registration - Registration Module Pages/New Reg - OTC to RO/Special Case - All Related Objects/TextBox RefNo in Workbasket' (Root cause: org.openqa.selenium.ElementNotVisibleException: element not interactable
  (Session info: chrome=70.0.3538.110)
  (Driver info: chromedriver=2.43.600210 (68dcf5eebde37173d4027fa8635e332711d2874a),platform=Windows NT 6.1.7601 SP1 x86_64) (WARNING: The server did not provide any stacktrace information)
Command duration or timeout: 0 milliseconds
Build info: version: '3.7.1', revision: '8a0099a', time: '2017-11-06T21:07:36.161Z'
System info: host: 'WIN7TEST02', ip: '10.20.3.72', os.name: 'Windows 7', os.arch: 'amd64', os.version: '6.1', java.version: '1.8.0_181'
Driver info: com.kms.katalon.selenium.driver.CChromeDriver
Capabilities {acceptInsecureCerts: false, acceptSslCerts: false, applicationCacheEnabled: false, browserConnectionEnabled: false, browserName: chrome, chrome: {chromedriverVersion: 2.43.600210 (68dcf5eebde371..., userDataDir: C:\Users\Admin\AppData\Loca...}, cssSelectorsEnabled: true, databaseEnabled: false, goog:chromeOptions: {debuggerAddress: localhost:51470}, handlesAlerts: true, hasTouchScreen: false, javascriptEnabled: true, locationContextEnabled: true, mobileEmulationEnabled: false, nativeEvents: true, networkConnectionEnabled: false, pageLoadStrategy: normal, platform: XP, platformName: XP, rotatable: false, setWindowRect: true, takesHeapSnapshot: true, takesScreenshot: true, unexpectedAlertBehaviour: , unhandledPromptBehavior: , version: 70.0.3538.110, webStorageEnabled: true}
Session ID: 062e92dc1c261346276c0c09e84b6a4c)

2018-12-04 09:42:33 - [MESSAGE][FAILED] - Unable to set text 'CRN12201800122963' of object 'Object Repository/Final Object Repo/New Registration - Registration Module Pages/New Reg - OTC to RO/Special Case - All Related Objects/TextBox RefNo in Workbasket' (Root cause: org.openqa.selenium.ElementNotVisibleException: element not interactable
  (Session info: chrome=70.0.3538.110)
  (Driver info: chromedriver=2.43.600210 (68dcf5eebde37173d4027fa8635e332711d2874a),platform=Windows NT 6.1.7601 SP1 x86_64) (WARNING: The server did not provide any stacktrace information)
Command duration or timeout: 0 milliseconds
Build info: version: '3.7.1', revision: '8a0099a', time: '2017-11-06T21:07:36.161Z'
System info: host: 'WIN7TEST02', ip: '10.20.3.72', os.name: 'Windows 7', os.arch: 'amd64', os.version: '6.1', java.version: '1.8.0_181'
Driver info: com.kms.katalon.selenium.driver.CChromeDriver
Capabilities {acceptInsecureCerts: false, acceptSslCerts: false, applicationCacheEnabled: false, browserConnectionEnabled: false, browserName: chrome, chrome: {chromedriverVersion: 2.43.600210 (68dcf5eebde371..., userDataDir: C:\Users\Admin\AppData\Loca...}, cssSelectorsEnabled: true, databaseEnabled: false, goog:chromeOptions: {debuggerAddress: localhost:51470}, handlesAlerts: true, hasTouchScreen: false, javascriptEnabled: true, locationContextEnabled: true, mobileEmulationEnabled: false, nativeEvents: true, networkConnectionEnabled: false, pageLoadStrategy: normal, platform: XP, platformName: XP, rotatable: false, setWindowRect: true, takesHeapSnapshot: true, takesScreenshot: true, unexpectedAlertBehaviour: , unhandledPromptBehavior: , version: 70.0.3538.110, webStorageEnabled: true}
Session ID: 062e92dc1c261346276c0c09e84b6a4c)
[[ATTACHMENT|C:\\Users\\Admin\\Desktop\\PKS\\Perkeso Phase A\\Reports\\Workflow\\New Registration\\20181204_093502\\1543887753489.png]]

2018-12-04 09:42:33 - [TEST_STEP][PASSED] - delay: Delayed 2 second(s)

2018-12-04 09:42:35 - [MESSAGE][PASSED] - Delayed 2 second(s)

2018-12-04 09:42:35 - [TEST_STEP][PASSED] - click: Object: 'Object Repository/Final Object Repo/New Registration - Registration Module Pages/New Reg - OTC to RO/Special Case - All Related Objects/Click Search' is clicked on

2018-12-04 09:42:36 - [MESSAGE][PASSED] - Object: 'Object Repository/Final Object Repo/New Registration - Registration Module Pages/New Reg - OTC to RO/Special Case - All Related Objects/Click Search' is clicked on

2018-12-04 09:42:36 - [TEST_STEP][PASSED] - delay: Delayed 2 second(s)

2018-12-04 09:42:38 - [MESSAGE][PASSED] - Delayed 2 second(s)

2018-12-04 09:42:38 - [TEST_STEP][PASSED] - click: Object: 'Object Repository/Final Object Repo/New Registration - Registration Module Pages/New Reg - OTC to RO/Special Case - All Related Objects/Click to Continue Workflow' is clicked on

2018-12-04 09:42:40 - [MESSAGE][PASSED] - Object: 'Object Repository/Final Object Repo/New Registration - Registration Module Pages/New Reg - OTC to RO/Special Case - All Related Objects/Click to Continue Workflow' is clicked on

2018-12-04 09:42:40 - [TEST_STEP][PASSED] - delay: Delayed 5 second(s)

2018-12-04 09:42:45 - [MESSAGE][PASSED] - Delayed 5 second(s)

2018-12-04 09:42:45 - [TEST_STEP][PASSED] - click: Object: 'Object Repository/Final Object Repo/New Registration - Registration Module Pages/Incomplete - PKRBO/Save  Continue Button' is clicked on

2018-12-04 09:42:45 - [MESSAGE][PASSED] - Object: 'Object Repository/Final Object Repo/New Registration - Registration Module Pages/Incomplete - PKRBO/Save  Continue Button' is clicked on

2018-12-04 09:42:45 - [TEST_STEP][PASSED] - delay: Delayed 5 second(s)

2018-12-04 09:42:50 - [MESSAGE][PASSED] - Delayed 5 second(s)

2018-12-04 09:42:50 - [TEST_STEP][PASSED] - click: Object: 'Object Repository/Final Object Repo/New Registration - Registration Module Pages/Form 2/Save and Continue Form 2' is clicked on

2018-12-04 09:42:50 - [MESSAGE][PASSED] - Object: 'Object Repository/Final Object Repo/New Registration - Registration Module Pages/Form 2/Save and Continue Form 2' is clicked on

2018-12-04 09:42:50 - [TEST_STEP][PASSED] - delay: Delayed 4 second(s)

2018-12-04 09:42:54 - [MESSAGE][PASSED] - Delayed 4 second(s)

2018-12-04 09:42:54 - [TEST_STEP][PASSED] - click: Object: 'Object Repository/Final Object Repo/New Registration - Registration Module Pages/Incomplete - PKRBO/Save  Continue Third Screen' is clicked on

2018-12-04 09:43:00 - [MESSAGE][PASSED] - Object: 'Object Repository/Final Object Repo/New Registration - Registration Module Pages/Incomplete - PKRBO/Save  Continue Third Screen' is clicked on

2018-12-04 09:43:00 - [TEST_STEP][PASSED] - delay: Delayed 4 second(s)

2018-12-04 09:43:04 - [MESSAGE][PASSED] - Delayed 4 second(s)

2018-12-04 09:43:04 - [TEST_STEP][PASSED] - click: Object: 'Object Repository/Final Object Repo/New Registration - Registration Module Pages/Incomplete - PKRBO/Save   Continue Supporting Doc Page' is clicked on

2018-12-04 09:43:04 - [MESSAGE][PASSED] - Object: 'Object Repository/Final Object Repo/New Registration - Registration Module Pages/Incomplete - PKRBO/Save   Continue Supporting Doc Page' is clicked on

2018-12-04 09:43:04 - [TEST_STEP][PASSED] - delay: Delayed 4 second(s)

2018-12-04 09:43:08 - [MESSAGE][PASSED] - Delayed 4 second(s)

2018-12-04 09:43:08 - [TEST_STEP][PASSED] - click: Object: 'Object Repository/Final Object Repo/New Registration - Registration Module Pages/Incomplete - PKRBO/Submit Button' is clicked on

2018-12-04 09:43:08 - [MESSAGE][PASSED] - Object: 'Object Repository/Final Object Repo/New Registration - Registration Module Pages/Incomplete - PKRBO/Submit Button' is clicked on

2018-12-04 09:43:08 - [TEST_STEP][PASSED] - delay: Delayed 4 second(s)

2018-12-04 09:43:12 - [MESSAGE][PASSED] - Delayed 4 second(s)

2018-12-04 09:43:12 - [TEST_STEP][PASSED] - click: Object: 'Object Repository/Final Object Repo/New Registration - Registration Module Pages/Incomplete - PKRBO/Confirm Submit Button' is clicked on

2018-12-04 09:43:12 - [MESSAGE][PASSED] - Object: 'Object Repository/Final Object Repo/New Registration - Registration Module Pages/Incomplete - PKRBO/Confirm Submit Button' is clicked on

2018-12-04 09:43:13 - [TEST_STEP][PASSED] - delay: Delayed 30 second(s)

2018-12-04 09:43:43 - [MESSAGE][PASSED] - Delayed 30 second(s)

2018-12-04 09:43:43 - [TEST_STEP][PASSED] - callTestCase: Call Test Case 'Test Cases/Final Aug 2018 - PKS Automation/Common/Screenshoting tool' successfully

2018-12-04 09:43:43 - [TEST_CASE][PASSED] - Test Cases/Final Aug 2018 - PKS Automation/Common/Screenshoting tool: Test Cases/Final Aug 2018 - PKS Automation/Common/Screenshoting tool

2018-12-04 09:43:43 - [TEST_STEP][PASSED] - delay: Delayed 15 second(s)

2018-12-04 09:43:58 - [MESSAGE][PASSED] - Delayed 15 second(s)

2018-12-04 09:43:58 - [TEST_STEP][PASSED] - Statement - driver = com.kms.katalon.core.webui.driver.DriverFactory.getWebDriver(): null

2018-12-04 09:43:58 - [TEST_STEP][PASSED] - Statement - driver.manage().timeouts().implicitlyWait(10, SECONDS): null

2018-12-04 09:43:58 - [TEST_STEP][PASSED] - Statement - PresavePath = KatalonScreenshots: null

2018-12-04 09:43:58 - [TEST_STEP][PASSED] - Statement - pathPrefix = "C:\Users\Public\Pictures\Sample Pictures\Katalon Screenshots\Automate Ending Screen": null

2018-12-04 09:43:58 - [TEST_STEP][PASSED] - Statement - finalPath = <not implemented yet for class: org.codehaus.groovy.ast.expr.EmptyExpression>: null

2018-12-04 09:43:58 - [TEST_STEP][PASSED] - Statement - scrFile = driver.getScreenshotAs(FILE): null

2018-12-04 09:43:58 - [TEST_STEP][PASSED] - Statement - PreSaveFile = new java.io.File(PresavePath): null

2018-12-04 09:43:58 - [TEST_STEP][PASSED] - Statement - counter = 0: null

2018-12-04 09:43:58 - [TEST_STEP][PASSED] - Statement - If (PreSaveFile.exists()): null

2018-12-04 09:43:58 - [TEST_STEP][PASSED] - Statement - While (PreSaveFile.exists()): null

2018-12-04 09:43:58 - [TEST_STEP][PASSED] - Statement - counter = counter + 1: null

2018-12-04 09:43:58 - [TEST_STEP][PASSED] - Statement - PreSaveFile = new java.io.File(((pathPrefix + java.lang.Integer.toString(counter)) + .png)): null

2018-12-04 09:43:58 - [TEST_STEP][PASSED] - Statement - counter = counter + 1: null

2018-12-04 09:43:58 - [TEST_STEP][PASSED] - Statement - PreSaveFile = new java.io.File(((pathPrefix + java.lang.Integer.toString(counter)) + .png)): null

2018-12-04 09:43:58 - [TEST_STEP][PASSED] - Statement - counter = counter + 1: null

2018-12-04 09:43:58 - [TEST_STEP][PASSED] - Statement - PreSaveFile = new java.io.File(((pathPrefix + java.lang.Integer.toString(counter)) + .png)): null

2018-12-04 09:43:58 - [TEST_STEP][PASSED] - Statement - counter = counter + 1: null

2018-12-04 09:43:58 - [TEST_STEP][PASSED] - Statement - PreSaveFile = new java.io.File(((pathPrefix + java.lang.Integer.toString(counter)) + .png)): null

2018-12-04 09:43:58 - [TEST_STEP][PASSED] - Statement - counter = counter + 1: null

2018-12-04 09:43:58 - [TEST_STEP][PASSED] - Statement - PreSaveFile = new java.io.File(((pathPrefix + java.lang.Integer.toString(counter)) + .png)): null

2018-12-04 09:43:58 - [TEST_STEP][PASSED] - Statement - counter = counter + 1: null

2018-12-04 09:43:58 - [TEST_STEP][PASSED] - Statement - PreSaveFile = new java.io.File(((pathPrefix + java.lang.Integer.toString(counter)) + .png)): null

2018-12-04 09:43:58 - [TEST_STEP][PASSED] - Statement - counter = counter + 1: null

2018-12-04 09:43:58 - [TEST_STEP][PASSED] - Statement - PreSaveFile = new java.io.File(((pathPrefix + java.lang.Integer.toString(counter)) + .png)): null

2018-12-04 09:43:58 - [TEST_STEP][PASSED] - Statement - counter = counter + 1: null

2018-12-04 09:43:58 - [TEST_STEP][PASSED] - Statement - PreSaveFile = new java.io.File(((pathPrefix + java.lang.Integer.toString(counter)) + .png)): null

2018-12-04 09:43:58 - [TEST_STEP][PASSED] - Statement - counter = counter + 1: null

2018-12-04 09:43:58 - [TEST_STEP][PASSED] - Statement - PreSaveFile = new java.io.File(((pathPrefix + java.lang.Integer.toString(counter)) + .png)): null

2018-12-04 09:43:58 - [TEST_STEP][PASSED] - Statement - counter = counter + 1: null

2018-12-04 09:43:58 - [TEST_STEP][PASSED] - Statement - PreSaveFile = new java.io.File(((pathPrefix + java.lang.Integer.toString(counter)) + .png)): null

2018-12-04 09:43:58 - [TEST_STEP][PASSED] - Statement - counter = counter + 1: null

2018-12-04 09:43:58 - [TEST_STEP][PASSED] - Statement - PreSaveFile = new java.io.File(((pathPrefix + java.lang.Integer.toString(counter)) + .png)): null

2018-12-04 09:43:58 - [TEST_STEP][PASSED] - Statement - counter = counter + 1: null

2018-12-04 09:43:58 - [TEST_STEP][PASSED] - Statement - PreSaveFile = new java.io.File(((pathPrefix + java.lang.Integer.toString(counter)) + .png)): null

2018-12-04 09:43:58 - [TEST_STEP][PASSED] - Statement - counter = counter + 1: null

2018-12-04 09:43:58 - [TEST_STEP][PASSED] - Statement - PreSaveFile = new java.io.File(((pathPrefix + java.lang.Integer.toString(counter)) + .png)): null

2018-12-04 09:43:58 - [TEST_STEP][PASSED] - Statement - counter = counter + 1: null

2018-12-04 09:43:58 - [TEST_STEP][PASSED] - Statement - PreSaveFile = new java.io.File(((pathPrefix + java.lang.Integer.toString(counter)) + .png)): null

2018-12-04 09:43:58 - [TEST_STEP][PASSED] - Statement - counter = counter + 1: null

2018-12-04 09:43:58 - [TEST_STEP][PASSED] - Statement - PreSaveFile = new java.io.File(((pathPrefix + java.lang.Integer.toString(counter)) + .png)): null

2018-12-04 09:43:58 - [TEST_STEP][PASSED] - Statement - counter = counter + 1: null

2018-12-04 09:43:58 - [TEST_STEP][PASSED] - Statement - PreSaveFile = new java.io.File(((pathPrefix + java.lang.Integer.toString(counter)) + .png)): null

2018-12-04 09:43:58 - [TEST_STEP][PASSED] - Statement - counter = counter + 1: null

2018-12-04 09:43:59 - [TEST_STEP][PASSED] - Statement - PreSaveFile = new java.io.File(((pathPrefix + java.lang.Integer.toString(counter)) + .png)): null

2018-12-04 09:43:59 - [TEST_STEP][PASSED] - Statement - counter = counter + 1: null

2018-12-04 09:43:59 - [TEST_STEP][PASSED] - Statement - PreSaveFile = new java.io.File(((pathPrefix + java.lang.Integer.toString(counter)) + .png)): null

2018-12-04 09:43:59 - [TEST_STEP][PASSED] - Statement - counter = counter + 1: null

2018-12-04 09:43:59 - [TEST_STEP][PASSED] - Statement - PreSaveFile = new java.io.File(((pathPrefix + java.lang.Integer.toString(counter)) + .png)): null

2018-12-04 09:43:59 - [TEST_STEP][PASSED] - Statement - counter = counter + 1: null

2018-12-04 09:43:59 - [TEST_STEP][PASSED] - Statement - PreSaveFile = new java.io.File(((pathPrefix + java.lang.Integer.toString(counter)) + .png)): null

2018-12-04 09:43:59 - [TEST_STEP][PASSED] - Statement - counter = counter + 1: null

2018-12-04 09:43:59 - [TEST_STEP][PASSED] - Statement - PreSaveFile = new java.io.File(((pathPrefix + java.lang.Integer.toString(counter)) + .png)): null

2018-12-04 09:43:59 - [TEST_STEP][PASSED] - Statement - counter = counter + 1: null

2018-12-04 09:43:59 - [TEST_STEP][PASSED] - Statement - PreSaveFile = new java.io.File(((pathPrefix + java.lang.Integer.toString(counter)) + .png)): null

2018-12-04 09:43:59 - [TEST_STEP][PASSED] - Statement - counter = counter + 1: null

2018-12-04 09:43:59 - [TEST_STEP][PASSED] - Statement - PreSaveFile = new java.io.File(((pathPrefix + java.lang.Integer.toString(counter)) + .png)): null

2018-12-04 09:43:59 - [TEST_STEP][PASSED] - Statement - counter = counter + 1: null

2018-12-04 09:43:59 - [TEST_STEP][PASSED] - Statement - PreSaveFile = new java.io.File(((pathPrefix + java.lang.Integer.toString(counter)) + .png)): null

2018-12-04 09:43:59 - [TEST_STEP][PASSED] - Statement - counter = counter + 1: null

2018-12-04 09:43:59 - [TEST_STEP][PASSED] - Statement - PreSaveFile = new java.io.File(((pathPrefix + java.lang.Integer.toString(counter)) + .png)): null

2018-12-04 09:43:59 - [TEST_STEP][PASSED] - Statement - counter = counter + 1: null

2018-12-04 09:43:59 - [TEST_STEP][PASSED] - Statement - PreSaveFile = new java.io.File(((pathPrefix + java.lang.Integer.toString(counter)) + .png)): null

2018-12-04 09:43:59 - [TEST_STEP][PASSED] - Statement - counter = counter + 1: null

2018-12-04 09:43:59 - [TEST_STEP][PASSED] - Statement - PreSaveFile = new java.io.File(((pathPrefix + java.lang.Integer.toString(counter)) + .png)): null

2018-12-04 09:43:59 - [TEST_STEP][PASSED] - Statement - counter = counter + 1: null

2018-12-04 09:43:59 - [TEST_STEP][PASSED] - Statement - PreSaveFile = new java.io.File(((pathPrefix + java.lang.Integer.toString(counter)) + .png)): null

2018-12-04 09:43:59 - [TEST_STEP][PASSED] - Statement - counter = counter + 1: null

2018-12-04 09:44:00 - [TEST_STEP][PASSED] - Statement - PreSaveFile = new java.io.File(((pathPrefix + java.lang.Integer.toString(counter)) + .png)): null

2018-12-04 09:44:00 - [TEST_STEP][PASSED] - Statement - counter = counter + 1: null

2018-12-04 09:44:00 - [TEST_STEP][PASSED] - Statement - PreSaveFile = new java.io.File(((pathPrefix + java.lang.Integer.toString(counter)) + .png)): null

2018-12-04 09:44:00 - [TEST_STEP][PASSED] - Statement - counter = counter + 1: null

2018-12-04 09:44:00 - [TEST_STEP][PASSED] - Statement - PreSaveFile = new java.io.File(((pathPrefix + java.lang.Integer.toString(counter)) + .png)): null

2018-12-04 09:44:00 - [TEST_STEP][PASSED] - Statement - counter = counter + 1: null

2018-12-04 09:44:00 - [TEST_STEP][PASSED] - Statement - PreSaveFile = new java.io.File(((pathPrefix + java.lang.Integer.toString(counter)) + .png)): null

2018-12-04 09:44:00 - [TEST_STEP][PASSED] - Statement - counter = counter + 1: null

2018-12-04 09:44:00 - [TEST_STEP][PASSED] - Statement - PreSaveFile = new java.io.File(((pathPrefix + java.lang.Integer.toString(counter)) + .png)): null

2018-12-04 09:44:00 - [TEST_STEP][PASSED] - Statement - counter = counter + 1: null

2018-12-04 09:44:00 - [TEST_STEP][PASSED] - Statement - PreSaveFile = new java.io.File(((pathPrefix + java.lang.Integer.toString(counter)) + .png)): null

2018-12-04 09:44:00 - [TEST_STEP][PASSED] - Statement - counter = counter + 1: null

2018-12-04 09:44:00 - [TEST_STEP][PASSED] - Statement - PreSaveFile = new java.io.File(((pathPrefix + java.lang.Integer.toString(counter)) + .png)): null

2018-12-04 09:44:00 - [TEST_STEP][PASSED] - Statement - counter = counter + 1: null

2018-12-04 09:44:00 - [TEST_STEP][PASSED] - Statement - PreSaveFile = new java.io.File(((pathPrefix + java.lang.Integer.toString(counter)) + .png)): null

2018-12-04 09:44:00 - [TEST_STEP][PASSED] - Statement - counter = counter + 1: null

2018-12-04 09:44:00 - [TEST_STEP][PASSED] - Statement - PreSaveFile = new java.io.File(((pathPrefix + java.lang.Integer.toString(counter)) + .png)): null

2018-12-04 09:44:00 - [TEST_STEP][PASSED] - Statement - counter = counter + 1: null

2018-12-04 09:44:00 - [TEST_STEP][PASSED] - Statement - PreSaveFile = new java.io.File(((pathPrefix + java.lang.Integer.toString(counter)) + .png)): null

2018-12-04 09:44:01 - [TEST_STEP][PASSED] - Statement - counter = counter + 1: null

2018-12-04 09:44:01 - [TEST_STEP][PASSED] - Statement - PreSaveFile = new java.io.File(((pathPrefix + java.lang.Integer.toString(counter)) + .png)): null

2018-12-04 09:44:01 - [TEST_STEP][PASSED] - Statement - counter = counter + 1: null

2018-12-04 09:44:01 - [TEST_STEP][PASSED] - Statement - PreSaveFile = new java.io.File(((pathPrefix + java.lang.Integer.toString(counter)) + .png)): null

2018-12-04 09:44:01 - [TEST_STEP][PASSED] - Statement - counter = counter + 1: null

2018-12-04 09:44:01 - [TEST_STEP][PASSED] - Statement - PreSaveFile = new java.io.File(((pathPrefix + java.lang.Integer.toString(counter)) + .png)): null

2018-12-04 09:44:01 - [TEST_STEP][PASSED] - Statement - counter = counter + 1: null

2018-12-04 09:44:01 - [TEST_STEP][PASSED] - Statement - PreSaveFile = new java.io.File(((pathPrefix + java.lang.Integer.toString(counter)) + .png)): null

2018-12-04 09:44:01 - [TEST_STEP][PASSED] - Statement - counter = counter + 1: null

2018-12-04 09:44:01 - [TEST_STEP][PASSED] - Statement - PreSaveFile = new java.io.File(((pathPrefix + java.lang.Integer.toString(counter)) + .png)): null

2018-12-04 09:44:01 - [TEST_STEP][PASSED] - Statement - counter = counter + 1: null

2018-12-04 09:44:01 - [TEST_STEP][PASSED] - Statement - PreSaveFile = new java.io.File(((pathPrefix + java.lang.Integer.toString(counter)) + .png)): null

2018-12-04 09:44:01 - [TEST_STEP][PASSED] - Statement - counter = counter + 1: null

2018-12-04 09:44:01 - [TEST_STEP][PASSED] - Statement - PreSaveFile = new java.io.File(((pathPrefix + java.lang.Integer.toString(counter)) + .png)): null

2018-12-04 09:44:01 - [TEST_STEP][PASSED] - Statement - counter = counter + 1: null

2018-12-04 09:44:01 - [TEST_STEP][PASSED] - Statement - PreSaveFile = new java.io.File(((pathPrefix + java.lang.Integer.toString(counter)) + .png)): null

2018-12-04 09:44:01 - [TEST_STEP][PASSED] - Statement - counter = counter + 1: null

2018-12-04 09:44:01 - [TEST_STEP][PASSED] - Statement - PreSaveFile = new java.io.File(((pathPrefix + java.lang.Integer.toString(counter)) + .png)): null

2018-12-04 09:44:01 - [TEST_STEP][PASSED] - Statement - counter = counter + 1: null

2018-12-04 09:44:02 - [TEST_STEP][PASSED] - Statement - PreSaveFile = new java.io.File(((pathPrefix + java.lang.Integer.toString(counter)) + .png)): null

2018-12-04 09:44:02 - [TEST_STEP][PASSED] - Statement - counter = counter + 1: null

2018-12-04 09:44:02 - [TEST_STEP][PASSED] - Statement - PreSaveFile = new java.io.File(((pathPrefix + java.lang.Integer.toString(counter)) + .png)): null

2018-12-04 09:44:02 - [TEST_STEP][PASSED] - Statement - counter = counter + 1: null

2018-12-04 09:44:02 - [TEST_STEP][PASSED] - Statement - PreSaveFile = new java.io.File(((pathPrefix + java.lang.Integer.toString(counter)) + .png)): null

2018-12-04 09:44:02 - [TEST_STEP][PASSED] - Statement - counter = counter + 1: null

2018-12-04 09:44:02 - [TEST_STEP][PASSED] - Statement - PreSaveFile = new java.io.File(((pathPrefix + java.lang.Integer.toString(counter)) + .png)): null

2018-12-04 09:44:02 - [TEST_STEP][PASSED] - Statement - counter = counter + 1: null

2018-12-04 09:44:02 - [TEST_STEP][PASSED] - Statement - PreSaveFile = new java.io.File(((pathPrefix + java.lang.Integer.toString(counter)) + .png)): null

2018-12-04 09:44:02 - [TEST_STEP][PASSED] - Statement - counter = counter + 1: null

2018-12-04 09:44:03 - [TEST_STEP][PASSED] - Statement - PreSaveFile = new java.io.File(((pathPrefix + java.lang.Integer.toString(counter)) + .png)): null

2018-12-04 09:44:03 - [TEST_STEP][PASSED] - Statement - counter = counter + 1: null

2018-12-04 09:44:03 - [TEST_STEP][PASSED] - Statement - PreSaveFile = new java.io.File(((pathPrefix + java.lang.Integer.toString(counter)) + .png)): null

2018-12-04 09:44:03 - [TEST_STEP][PASSED] - Statement - counter = counter + 1: null

2018-12-04 09:44:03 - [TEST_STEP][PASSED] - Statement - PreSaveFile = new java.io.File(((pathPrefix + java.lang.Integer.toString(counter)) + .png)): null

2018-12-04 09:44:03 - [TEST_STEP][PASSED] - Statement - counter = counter + 1: null

2018-12-04 09:44:03 - [TEST_STEP][PASSED] - Statement - PreSaveFile = new java.io.File(((pathPrefix + java.lang.Integer.toString(counter)) + .png)): null

2018-12-04 09:44:03 - [TEST_STEP][PASSED] - Statement - counter = counter + 1: null

2018-12-04 09:44:03 - [TEST_STEP][PASSED] - Statement - PreSaveFile = new java.io.File(((pathPrefix + java.lang.Integer.toString(counter)) + .png)): null

2018-12-04 09:44:04 - [TEST_STEP][PASSED] - Statement - counter = counter + 1: null

2018-12-04 09:44:04 - [TEST_STEP][PASSED] - Statement - PreSaveFile = new java.io.File(((pathPrefix + java.lang.Integer.toString(counter)) + .png)): null

2018-12-04 09:44:04 - [TEST_STEP][PASSED] - Statement - counter = counter + 1: null

2018-12-04 09:44:04 - [TEST_STEP][PASSED] - Statement - PreSaveFile = new java.io.File(((pathPrefix + java.lang.Integer.toString(counter)) + .png)): null

2018-12-04 09:44:04 - [TEST_STEP][PASSED] - Statement - counter = counter + 1: null

2018-12-04 09:44:04 - [TEST_STEP][PASSED] - Statement - PreSaveFile = new java.io.File(((pathPrefix + java.lang.Integer.toString(counter)) + .png)): null

2018-12-04 09:44:04 - [TEST_STEP][PASSED] - Statement - counter = counter + 1: null

2018-12-04 09:44:04 - [TEST_STEP][PASSED] - Statement - PreSaveFile = new java.io.File(((pathPrefix + java.lang.Integer.toString(counter)) + .png)): null

2018-12-04 09:44:04 - [TEST_STEP][PASSED] - Statement - counter = counter + 1: null

2018-12-04 09:44:04 - [TEST_STEP][PASSED] - Statement - PreSaveFile = new java.io.File(((pathPrefix + java.lang.Integer.toString(counter)) + .png)): null

2018-12-04 09:44:04 - [TEST_STEP][PASSED] - Statement - counter = counter + 1: null

2018-12-04 09:44:04 - [TEST_STEP][PASSED] - Statement - PreSaveFile = new java.io.File(((pathPrefix + java.lang.Integer.toString(counter)) + .png)): null

2018-12-04 09:44:04 - [TEST_STEP][PASSED] - Statement - counter = counter + 1: null

2018-12-04 09:44:04 - [TEST_STEP][PASSED] - Statement - PreSaveFile = new java.io.File(((pathPrefix + java.lang.Integer.toString(counter)) + .png)): null

2018-12-04 09:44:04 - [TEST_STEP][PASSED] - Statement - counter = counter + 1: null

2018-12-04 09:44:04 - [TEST_STEP][PASSED] - Statement - PreSaveFile = new java.io.File(((pathPrefix + java.lang.Integer.toString(counter)) + .png)): null

2018-12-04 09:44:04 - [TEST_STEP][PASSED] - Statement - counter = counter + 1: null

2018-12-04 09:44:04 - [TEST_STEP][PASSED] - Statement - PreSaveFile = new java.io.File(((pathPrefix + java.lang.Integer.toString(counter)) + .png)): null

2018-12-04 09:44:04 - [TEST_STEP][PASSED] - Statement - counter = counter + 1: null

2018-12-04 09:44:05 - [TEST_STEP][PASSED] - Statement - PreSaveFile = new java.io.File(((pathPrefix + java.lang.Integer.toString(counter)) + .png)): null

2018-12-04 09:44:05 - [TEST_STEP][PASSED] - Statement - counter = counter + 1: null

2018-12-04 09:44:05 - [TEST_STEP][PASSED] - Statement - PreSaveFile = new java.io.File(((pathPrefix + java.lang.Integer.toString(counter)) + .png)): null

2018-12-04 09:44:05 - [TEST_STEP][PASSED] - Statement - counter = counter + 1: null

2018-12-04 09:44:05 - [TEST_STEP][PASSED] - Statement - PreSaveFile = new java.io.File(((pathPrefix + java.lang.Integer.toString(counter)) + .png)): null

2018-12-04 09:44:05 - [TEST_STEP][PASSED] - Statement - counter = counter + 1: null

2018-12-04 09:44:05 - [TEST_STEP][PASSED] - Statement - PreSaveFile = new java.io.File(((pathPrefix + java.lang.Integer.toString(counter)) + .png)): null

2018-12-04 09:44:05 - [TEST_STEP][PASSED] - Statement - counter = counter + 1: null

2018-12-04 09:44:05 - [TEST_STEP][PASSED] - Statement - PreSaveFile = new java.io.File(((pathPrefix + java.lang.Integer.toString(counter)) + .png)): null

2018-12-04 09:44:05 - [TEST_STEP][PASSED] - Statement - counter = counter + 1: null

2018-12-04 09:44:06 - [TEST_STEP][PASSED] - Statement - PreSaveFile = new java.io.File(((pathPrefix + java.lang.Integer.toString(counter)) + .png)): null

2018-12-04 09:44:06 - [TEST_STEP][PASSED] - Statement - counter = counter + 1: null

2018-12-04 09:44:06 - [TEST_STEP][PASSED] - Statement - PreSaveFile = new java.io.File(((pathPrefix + java.lang.Integer.toString(counter)) + .png)): null

2018-12-04 09:44:06 - [TEST_STEP][PASSED] - Statement - counter = counter + 1: null

2018-12-04 09:44:06 - [TEST_STEP][PASSED] - Statement - PreSaveFile = new java.io.File(((pathPrefix + java.lang.Integer.toString(counter)) + .png)): null

2018-12-04 09:44:06 - [TEST_STEP][PASSED] - Statement - counter = counter + 1: null

2018-12-04 09:44:06 - [TEST_STEP][PASSED] - Statement - PreSaveFile = new java.io.File(((pathPrefix + java.lang.Integer.toString(counter)) + .png)): null

2018-12-04 09:44:06 - [TEST_STEP][PASSED] - Statement - counter = counter + 1: null

2018-12-04 09:44:06 - [TEST_STEP][PASSED] - Statement - PreSaveFile = new java.io.File(((pathPrefix + java.lang.Integer.toString(counter)) + .png)): null

2018-12-04 09:44:06 - [TEST_STEP][PASSED] - Statement - counter = counter + 1: null

2018-12-04 09:44:07 - [TEST_STEP][PASSED] - Statement - PreSaveFile = new java.io.File(((pathPrefix + java.lang.Integer.toString(counter)) + .png)): null

2018-12-04 09:44:07 - [TEST_STEP][PASSED] - Statement - counter = counter + 1: null

2018-12-04 09:44:07 - [TEST_STEP][PASSED] - Statement - PreSaveFile = new java.io.File(((pathPrefix + java.lang.Integer.toString(counter)) + .png)): null

2018-12-04 09:44:07 - [TEST_STEP][PASSED] - Statement - counter = counter + 1: null

2018-12-04 09:44:07 - [TEST_STEP][PASSED] - Statement - PreSaveFile = new java.io.File(((pathPrefix + java.lang.Integer.toString(counter)) + .png)): null

2018-12-04 09:44:07 - [TEST_STEP][PASSED] - Statement - counter = counter + 1: null

2018-12-04 09:44:07 - [TEST_STEP][PASSED] - Statement - PreSaveFile = new java.io.File(((pathPrefix + java.lang.Integer.toString(counter)) + .png)): null

2018-12-04 09:44:07 - [TEST_STEP][PASSED] - Statement - counter = counter + 1: null

2018-12-04 09:44:07 - [TEST_STEP][PASSED] - Statement - PreSaveFile = new java.io.File(((pathPrefix + java.lang.Integer.toString(counter)) + .png)): null

2018-12-04 09:44:08 - [TEST_STEP][PASSED] - Statement - counter = counter + 1: null

2018-12-04 09:44:08 - [TEST_STEP][PASSED] - Statement - PreSaveFile = new java.io.File(((pathPrefix + java.lang.Integer.toString(counter)) + .png)): null

2018-12-04 09:44:08 - [TEST_STEP][PASSED] - Statement - counter = counter + 1: null

2018-12-04 09:44:08 - [TEST_STEP][PASSED] - Statement - PreSaveFile = new java.io.File(((pathPrefix + java.lang.Integer.toString(counter)) + .png)): null

2018-12-04 09:44:08 - [TEST_STEP][PASSED] - Statement - counter = counter + 1: null

2018-12-04 09:44:08 - [TEST_STEP][PASSED] - Statement - PreSaveFile = new java.io.File(((pathPrefix + java.lang.Integer.toString(counter)) + .png)): null

2018-12-04 09:44:08 - [TEST_STEP][PASSED] - Statement - counter = counter + 1: null

2018-12-04 09:44:08 - [TEST_STEP][PASSED] - Statement - PreSaveFile = new java.io.File(((pathPrefix + java.lang.Integer.toString(counter)) + .png)): null

2018-12-04 09:44:08 - [TEST_STEP][PASSED] - Statement - counter = counter + 1: null

2018-12-04 09:44:08 - [TEST_STEP][PASSED] - Statement - PreSaveFile = new java.io.File(((pathPrefix + java.lang.Integer.toString(counter)) + .png)): null

2018-12-04 09:44:08 - [TEST_STEP][PASSED] - Statement - counter = counter + 1: null

2018-12-04 09:44:08 - [TEST_STEP][PASSED] - Statement - PreSaveFile = new java.io.File(((pathPrefix + java.lang.Integer.toString(counter)) + .png)): null

2018-12-04 09:44:08 - [TEST_STEP][PASSED] - Statement - counter = counter + 1: null

2018-12-04 09:44:08 - [TEST_STEP][PASSED] - Statement - PreSaveFile = new java.io.File(((pathPrefix + java.lang.Integer.toString(counter)) + .png)): null

2018-12-04 09:44:08 - [TEST_STEP][PASSED] - Statement - counter = counter + 1: null

2018-12-04 09:44:08 - [TEST_STEP][PASSED] - Statement - PreSaveFile = new java.io.File(((pathPrefix + java.lang.Integer.toString(counter)) + .png)): null

2018-12-04 09:44:08 - [TEST_STEP][PASSED] - Statement - counter = counter + 1: null

2018-12-04 09:44:08 - [TEST_STEP][PASSED] - Statement - PreSaveFile = new java.io.File(((pathPrefix + java.lang.Integer.toString(counter)) + .png)): null

2018-12-04 09:44:08 - [TEST_STEP][PASSED] - Statement - counter = counter + 1: null

2018-12-04 09:44:09 - [TEST_STEP][PASSED] - Statement - PreSaveFile = new java.io.File(((pathPrefix + java.lang.Integer.toString(counter)) + .png)): null

2018-12-04 09:44:09 - [TEST_STEP][PASSED] - Statement - counter = counter + 1: null

2018-12-04 09:44:09 - [TEST_STEP][PASSED] - Statement - PreSaveFile = new java.io.File(((pathPrefix + java.lang.Integer.toString(counter)) + .png)): null

2018-12-04 09:44:09 - [TEST_STEP][PASSED] - Statement - counter = counter + 1: null

2018-12-04 09:44:09 - [TEST_STEP][PASSED] - Statement - PreSaveFile = new java.io.File(((pathPrefix + java.lang.Integer.toString(counter)) + .png)): null

2018-12-04 09:44:09 - [TEST_STEP][PASSED] - Statement - counter = counter + 1: null

2018-12-04 09:44:09 - [TEST_STEP][PASSED] - Statement - PreSaveFile = new java.io.File(((pathPrefix + java.lang.Integer.toString(counter)) + .png)): null

2018-12-04 09:44:09 - [TEST_STEP][PASSED] - Statement - counter = counter + 1: null

2018-12-04 09:44:09 - [TEST_STEP][PASSED] - Statement - PreSaveFile = new java.io.File(((pathPrefix + java.lang.Integer.toString(counter)) + .png)): null

2018-12-04 09:44:09 - [TEST_STEP][PASSED] - Statement - counter = counter + 1: null

2018-12-04 09:44:10 - [TEST_STEP][PASSED] - Statement - PreSaveFile = new java.io.File(((pathPrefix + java.lang.Integer.toString(counter)) + .png)): null

2018-12-04 09:44:10 - [TEST_STEP][PASSED] - Statement - counter = counter + 1: null

2018-12-04 09:44:10 - [TEST_STEP][PASSED] - Statement - PreSaveFile = new java.io.File(((pathPrefix + java.lang.Integer.toString(counter)) + .png)): null

2018-12-04 09:44:10 - [TEST_STEP][PASSED] - Statement - counter = counter + 1: null

2018-12-04 09:44:10 - [TEST_STEP][PASSED] - Statement - PreSaveFile = new java.io.File(((pathPrefix + java.lang.Integer.toString(counter)) + .png)): null

2018-12-04 09:44:10 - [TEST_STEP][PASSED] - Statement - counter = counter + 1: null

2018-12-04 09:44:10 - [TEST_STEP][PASSED] - Statement - PreSaveFile = new java.io.File(((pathPrefix + java.lang.Integer.toString(counter)) + .png)): null

2018-12-04 09:44:10 - [TEST_STEP][PASSED] - Statement - counter = counter + 1: null

2018-12-04 09:44:10 - [TEST_STEP][PASSED] - Statement - PreSaveFile = new java.io.File(((pathPrefix + java.lang.Integer.toString(counter)) + .png)): null

2018-12-04 09:44:10 - [TEST_STEP][PASSED] - Statement - counter = counter + 1: null

2018-12-04 09:44:11 - [TEST_STEP][PASSED] - Statement - PreSaveFile = new java.io.File(((pathPrefix + java.lang.Integer.toString(counter)) + .png)): null

2018-12-04 09:44:11 - [TEST_STEP][PASSED] - Statement - counter = counter + 1: null

2018-12-04 09:44:11 - [TEST_STEP][PASSED] - Statement - PreSaveFile = new java.io.File(((pathPrefix + java.lang.Integer.toString(counter)) + .png)): null

2018-12-04 09:44:11 - [TEST_STEP][PASSED] - Statement - counter = counter + 1: null

2018-12-04 09:44:11 - [TEST_STEP][PASSED] - Statement - PreSaveFile = new java.io.File(((pathPrefix + java.lang.Integer.toString(counter)) + .png)): null

2018-12-04 09:44:11 - [TEST_STEP][PASSED] - Statement - counter = counter + 1: null

2018-12-04 09:44:11 - [TEST_STEP][PASSED] - Statement - PreSaveFile = new java.io.File(((pathPrefix + java.lang.Integer.toString(counter)) + .png)): null

2018-12-04 09:44:11 - [TEST_STEP][PASSED] - Statement - counter = counter + 1: null

2018-12-04 09:44:11 - [TEST_STEP][PASSED] - Statement - PreSaveFile = new java.io.File(((pathPrefix + java.lang.Integer.toString(counter)) + .png)): null

2018-12-04 09:44:12 - [TEST_STEP][PASSED] - Statement - counter = counter + 1: null

2018-12-04 09:44:12 - [TEST_STEP][PASSED] - Statement - PreSaveFile = new java.io.File(((pathPrefix + java.lang.Integer.toString(counter)) + .png)): null

2018-12-04 09:44:12 - [TEST_STEP][PASSED] - Statement - counter = counter + 1: null

2018-12-04 09:44:12 - [TEST_STEP][PASSED] - Statement - PreSaveFile = new java.io.File(((pathPrefix + java.lang.Integer.toString(counter)) + .png)): null

2018-12-04 09:44:12 - [TEST_STEP][PASSED] - Statement - counter = counter + 1: null

2018-12-04 09:44:12 - [TEST_STEP][PASSED] - Statement - PreSaveFile = new java.io.File(((pathPrefix + java.lang.Integer.toString(counter)) + .png)): null

2018-12-04 09:44:12 - [TEST_STEP][PASSED] - Statement - counter = counter + 1: null

2018-12-04 09:44:12 - [TEST_STEP][PASSED] - Statement - PreSaveFile = new java.io.File(((pathPrefix + java.lang.Integer.toString(counter)) + .png)): null

2018-12-04 09:44:12 - [TEST_STEP][PASSED] - Statement - counter = counter + 1: null

2018-12-04 09:44:12 - [TEST_STEP][PASSED] - Statement - PreSaveFile = new java.io.File(((pathPrefix + java.lang.Integer.toString(counter)) + .png)): null

2018-12-04 09:44:13 - [TEST_STEP][PASSED] - Statement - counter = counter + 1: null

2018-12-04 09:44:13 - [TEST_STEP][PASSED] - Statement - PreSaveFile = new java.io.File(((pathPrefix + java.lang.Integer.toString(counter)) + .png)): null

2018-12-04 09:44:13 - [TEST_STEP][PASSED] - Statement - counter = counter + 1: null

2018-12-04 09:44:13 - [TEST_STEP][PASSED] - Statement - PreSaveFile = new java.io.File(((pathPrefix + java.lang.Integer.toString(counter)) + .png)): null

2018-12-04 09:44:13 - [TEST_STEP][PASSED] - Statement - counter = counter + 1: null

2018-12-04 09:44:13 - [TEST_STEP][PASSED] - Statement - PreSaveFile = new java.io.File(((pathPrefix + java.lang.Integer.toString(counter)) + .png)): null

2018-12-04 09:44:13 - [TEST_STEP][PASSED] - Statement - counter = counter + 1: null

2018-12-04 09:44:13 - [TEST_STEP][PASSED] - Statement - PreSaveFile = new java.io.File(((pathPrefix + java.lang.Integer.toString(counter)) + .png)): null

2018-12-04 09:44:13 - [TEST_STEP][PASSED] - Statement - counter = counter + 1: null

2018-12-04 09:44:14 - [TEST_STEP][PASSED] - Statement - PreSaveFile = new java.io.File(((pathPrefix + java.lang.Integer.toString(counter)) + .png)): null

2018-12-04 09:44:14 - [TEST_STEP][PASSED] - Statement - counter = counter + 1: null

2018-12-04 09:44:14 - [TEST_STEP][PASSED] - Statement - PreSaveFile = new java.io.File(((pathPrefix + java.lang.Integer.toString(counter)) + .png)): null

2018-12-04 09:44:14 - [TEST_STEP][PASSED] - Statement - counter = counter + 1: null

2018-12-04 09:44:14 - [TEST_STEP][PASSED] - Statement - PreSaveFile = new java.io.File(((pathPrefix + java.lang.Integer.toString(counter)) + .png)): null

2018-12-04 09:44:14 - [TEST_STEP][PASSED] - Statement - counter = counter + 1: null

2018-12-04 09:44:14 - [TEST_STEP][PASSED] - Statement - PreSaveFile = new java.io.File(((pathPrefix + java.lang.Integer.toString(counter)) + .png)): null

2018-12-04 09:44:14 - [TEST_STEP][PASSED] - Statement - counter = counter + 1: null

2018-12-04 09:44:14 - [TEST_STEP][PASSED] - Statement - PreSaveFile = new java.io.File(((pathPrefix + java.lang.Integer.toString(counter)) + .png)): null

2018-12-04 09:44:14 - [TEST_STEP][PASSED] - Statement - counter = counter + 1: null

2018-12-04 09:44:15 - [TEST_STEP][PASSED] - Statement - PreSaveFile = new java.io.File(((pathPrefix + java.lang.Integer.toString(counter)) + .png)): null

2018-12-04 09:44:15 - [TEST_STEP][PASSED] - Statement - counter = counter + 1: null

2018-12-04 09:44:15 - [TEST_STEP][PASSED] - Statement - PreSaveFile = new java.io.File(((pathPrefix + java.lang.Integer.toString(counter)) + .png)): null

2018-12-04 09:44:15 - [TEST_STEP][PASSED] - Statement - counter = counter + 1: null

2018-12-04 09:44:15 - [TEST_STEP][PASSED] - Statement - PreSaveFile = new java.io.File(((pathPrefix + java.lang.Integer.toString(counter)) + .png)): null

2018-12-04 09:44:15 - [TEST_STEP][PASSED] - Statement - counter = counter + 1: null

2018-12-04 09:44:15 - [TEST_STEP][PASSED] - Statement - PreSaveFile = new java.io.File(((pathPrefix + java.lang.Integer.toString(counter)) + .png)): null

2018-12-04 09:44:15 - [TEST_STEP][PASSED] - Statement - counter = counter + 1: null

2018-12-04 09:44:15 - [TEST_STEP][PASSED] - Statement - PreSaveFile = new java.io.File(((pathPrefix + java.lang.Integer.toString(counter)) + .png)): null

2018-12-04 09:44:15 - [TEST_STEP][PASSED] - Statement - counter = counter + 1: null

2018-12-04 09:44:16 - [TEST_STEP][PASSED] - Statement - PreSaveFile = new java.io.File(((pathPrefix + java.lang.Integer.toString(counter)) + .png)): null

2018-12-04 09:44:16 - [TEST_STEP][PASSED] - Statement - counter = counter + 1: null

2018-12-04 09:44:16 - [TEST_STEP][PASSED] - Statement - PreSaveFile = new java.io.File(((pathPrefix + java.lang.Integer.toString(counter)) + .png)): null

2018-12-04 09:44:16 - [TEST_STEP][PASSED] - Statement - counter = counter + 1: null

2018-12-04 09:44:16 - [TEST_STEP][PASSED] - Statement - PreSaveFile = new java.io.File(((pathPrefix + java.lang.Integer.toString(counter)) + .png)): null

2018-12-04 09:44:16 - [TEST_STEP][PASSED] - Statement - counter = counter + 1: null

2018-12-04 09:44:16 - [TEST_STEP][PASSED] - Statement - PreSaveFile = new java.io.File(((pathPrefix + java.lang.Integer.toString(counter)) + .png)): null

2018-12-04 09:44:16 - [TEST_STEP][PASSED] - Statement - counter = counter + 1: null

2018-12-04 09:44:16 - [TEST_STEP][PASSED] - Statement - PreSaveFile = new java.io.File(((pathPrefix + java.lang.Integer.toString(counter)) + .png)): null

2018-12-04 09:44:17 - [TEST_STEP][PASSED] - Statement - counter = counter + 1: null

2018-12-04 09:44:17 - [TEST_STEP][PASSED] - Statement - PreSaveFile = new java.io.File(((pathPrefix + java.lang.Integer.toString(counter)) + .png)): null

2018-12-04 09:44:17 - [TEST_STEP][PASSED] - Statement - counter = counter + 1: null

2018-12-04 09:44:17 - [TEST_STEP][PASSED] - Statement - PreSaveFile = new java.io.File(((pathPrefix + java.lang.Integer.toString(counter)) + .png)): null

2018-12-04 09:44:17 - [TEST_STEP][PASSED] - Statement - counter = counter + 1: null

2018-12-04 09:44:17 - [TEST_STEP][PASSED] - Statement - PreSaveFile = new java.io.File(((pathPrefix + java.lang.Integer.toString(counter)) + .png)): null

2018-12-04 09:44:17 - [TEST_STEP][PASSED] - Statement - counter = counter + 1: null

2018-12-04 09:44:17 - [TEST_STEP][PASSED] - Statement - PreSaveFile = new java.io.File(((pathPrefix + java.lang.Integer.toString(counter)) + .png)): null

2018-12-04 09:44:17 - [TEST_STEP][PASSED] - Statement - counter = counter + 1: null

2018-12-04 09:44:17 - [TEST_STEP][PASSED] - Statement - PreSaveFile = new java.io.File(((pathPrefix + java.lang.Integer.toString(counter)) + .png)): null

2018-12-04 09:44:18 - [TEST_STEP][PASSED] - Statement - counter = counter + 1: null

2018-12-04 09:44:18 - [TEST_STEP][PASSED] - Statement - PreSaveFile = new java.io.File(((pathPrefix + java.lang.Integer.toString(counter)) + .png)): null

2018-12-04 09:44:18 - [TEST_STEP][PASSED] - Statement - counter = counter + 1: null

2018-12-04 09:44:18 - [TEST_STEP][PASSED] - Statement - PreSaveFile = new java.io.File(((pathPrefix + java.lang.Integer.toString(counter)) + .png)): null

2018-12-04 09:44:18 - [TEST_STEP][PASSED] - Statement - counter = counter + 1: null

2018-12-04 09:44:18 - [TEST_STEP][PASSED] - Statement - PreSaveFile = new java.io.File(((pathPrefix + java.lang.Integer.toString(counter)) + .png)): null

2018-12-04 09:44:18 - [TEST_STEP][PASSED] - Statement - counter = counter + 1: null

2018-12-04 09:44:18 - [TEST_STEP][PASSED] - Statement - PreSaveFile = new java.io.File(((pathPrefix + java.lang.Integer.toString(counter)) + .png)): null

2018-12-04 09:44:18 - [TEST_STEP][PASSED] - Statement - counter = counter + 1: null

2018-12-04 09:44:20 - [TEST_STEP][PASSED] - Statement - PreSaveFile = new java.io.File(((pathPrefix + java.lang.Integer.toString(counter)) + .png)): null

2018-12-04 09:44:20 - [TEST_STEP][PASSED] - Statement - counter = counter + 1: null

2018-12-04 09:44:20 - [TEST_STEP][PASSED] - Statement - PreSaveFile = new java.io.File(((pathPrefix + java.lang.Integer.toString(counter)) + .png)): null

2018-12-04 09:44:20 - [TEST_STEP][PASSED] - Statement - counter = counter + 1: null

2018-12-04 09:44:20 - [TEST_STEP][PASSED] - Statement - PreSaveFile = new java.io.File(((pathPrefix + java.lang.Integer.toString(counter)) + .png)): null

2018-12-04 09:44:20 - [TEST_STEP][PASSED] - Statement - counter = counter + 1: null

2018-12-04 09:44:20 - [TEST_STEP][PASSED] - Statement - PreSaveFile = new java.io.File(((pathPrefix + java.lang.Integer.toString(counter)) + .png)): null

2018-12-04 09:44:20 - [TEST_STEP][PASSED] - Statement - counter = counter + 1: null

2018-12-04 09:44:20 - [TEST_STEP][PASSED] - Statement - PreSaveFile = new java.io.File(((pathPrefix + java.lang.Integer.toString(counter)) + .png)): null

2018-12-04 09:44:20 - [TEST_STEP][PASSED] - Statement - counter = counter + 1: null

2018-12-04 09:44:21 - [TEST_STEP][PASSED] - Statement - PreSaveFile = new java.io.File(((pathPrefix + java.lang.Integer.toString(counter)) + .png)): null

2018-12-04 09:44:21 - [TEST_STEP][PASSED] - Statement - counter = counter + 1: null

2018-12-04 09:44:21 - [TEST_STEP][PASSED] - Statement - PreSaveFile = new java.io.File(((pathPrefix + java.lang.Integer.toString(counter)) + .png)): null

2018-12-04 09:44:21 - [TEST_STEP][PASSED] - Statement - counter = counter + 1: null

2018-12-04 09:44:21 - [TEST_STEP][PASSED] - Statement - PreSaveFile = new java.io.File(((pathPrefix + java.lang.Integer.toString(counter)) + .png)): null

2018-12-04 09:44:21 - [TEST_STEP][PASSED] - Statement - counter = counter + 1: null

2018-12-04 09:44:21 - [TEST_STEP][PASSED] - Statement - PreSaveFile = new java.io.File(((pathPrefix + java.lang.Integer.toString(counter)) + .png)): null

2018-12-04 09:44:21 - [TEST_STEP][PASSED] - Statement - counter = counter + 1: null

2018-12-04 09:44:21 - [TEST_STEP][PASSED] - Statement - PreSaveFile = new java.io.File(((pathPrefix + java.lang.Integer.toString(counter)) + .png)): null

2018-12-04 09:44:21 - [TEST_STEP][PASSED] - Statement - counter = counter + 1: null

2018-12-04 09:44:22 - [TEST_STEP][PASSED] - Statement - PreSaveFile = new java.io.File(((pathPrefix + java.lang.Integer.toString(counter)) + .png)): null

2018-12-04 09:44:22 - [TEST_STEP][PASSED] - Statement - counter = counter + 1: null

2018-12-04 09:44:22 - [TEST_STEP][PASSED] - Statement - PreSaveFile = new java.io.File(((pathPrefix + java.lang.Integer.toString(counter)) + .png)): null

2018-12-04 09:44:22 - [TEST_STEP][PASSED] - Statement - counter = counter + 1: null

2018-12-04 09:44:22 - [TEST_STEP][PASSED] - Statement - PreSaveFile = new java.io.File(((pathPrefix + java.lang.Integer.toString(counter)) + .png)): null

2018-12-04 09:44:22 - [TEST_STEP][PASSED] - Statement - counter = counter + 1: null

2018-12-04 09:44:22 - [TEST_STEP][PASSED] - Statement - PreSaveFile = new java.io.File(((pathPrefix + java.lang.Integer.toString(counter)) + .png)): null

2018-12-04 09:44:22 - [TEST_STEP][PASSED] - Statement - counter = counter + 1: null

2018-12-04 09:44:22 - [TEST_STEP][PASSED] - Statement - PreSaveFile = new java.io.File(((pathPrefix + java.lang.Integer.toString(counter)) + .png)): null

2018-12-04 09:44:23 - [TEST_STEP][PASSED] - Statement - counter = counter + 1: null

2018-12-04 09:44:23 - [TEST_STEP][PASSED] - Statement - PreSaveFile = new java.io.File(((pathPrefix + java.lang.Integer.toString(counter)) + .png)): null

2018-12-04 09:44:23 - [TEST_STEP][PASSED] - Statement - counter = counter + 1: null

2018-12-04 09:44:23 - [TEST_STEP][PASSED] - Statement - PreSaveFile = new java.io.File(((pathPrefix + java.lang.Integer.toString(counter)) + .png)): null

2018-12-04 09:44:23 - [TEST_STEP][PASSED] - Statement - counter = counter + 1: null

2018-12-04 09:44:23 - [TEST_STEP][PASSED] - Statement - PreSaveFile = new java.io.File(((pathPrefix + java.lang.Integer.toString(counter)) + .png)): null

2018-12-04 09:44:23 - [TEST_STEP][PASSED] - Statement - counter = counter + 1: null

2018-12-04 09:44:23 - [TEST_STEP][PASSED] - Statement - PreSaveFile = new java.io.File(((pathPrefix + java.lang.Integer.toString(counter)) + .png)): null

2018-12-04 09:44:23 - [TEST_STEP][PASSED] - Statement - counter = counter + 1: null

2018-12-04 09:44:23 - [TEST_STEP][PASSED] - Statement - PreSaveFile = new java.io.File(((pathPrefix + java.lang.Integer.toString(counter)) + .png)): null

2018-12-04 09:44:24 - [TEST_STEP][PASSED] - Statement - counter = counter + 1: null

2018-12-04 09:44:24 - [TEST_STEP][PASSED] - Statement - PreSaveFile = new java.io.File(((pathPrefix + java.lang.Integer.toString(counter)) + .png)): null

2018-12-04 09:44:24 - [TEST_STEP][PASSED] - Statement - counter = counter + 1: null

2018-12-04 09:44:24 - [TEST_STEP][PASSED] - Statement - PreSaveFile = new java.io.File(((pathPrefix + java.lang.Integer.toString(counter)) + .png)): null

2018-12-04 09:44:24 - [TEST_STEP][PASSED] - Statement - counter = counter + 1: null

2018-12-04 09:44:24 - [TEST_STEP][PASSED] - Statement - PreSaveFile = new java.io.File(((pathPrefix + java.lang.Integer.toString(counter)) + .png)): null

2018-12-04 09:44:24 - [TEST_STEP][PASSED] - Statement - counter = counter + 1: null

2018-12-04 09:44:24 - [TEST_STEP][PASSED] - Statement - PreSaveFile = new java.io.File(((pathPrefix + java.lang.Integer.toString(counter)) + .png)): null

2018-12-04 09:44:24 - [TEST_STEP][PASSED] - Statement - counter = counter + 1: null

2018-12-04 09:44:25 - [TEST_STEP][PASSED] - Statement - PreSaveFile = new java.io.File(((pathPrefix + java.lang.Integer.toString(counter)) + .png)): null

2018-12-04 09:44:25 - [TEST_STEP][PASSED] - Statement - counter = counter + 1: null

2018-12-04 09:44:25 - [TEST_STEP][PASSED] - Statement - PreSaveFile = new java.io.File(((pathPrefix + java.lang.Integer.toString(counter)) + .png)): null

2018-12-04 09:44:25 - [TEST_STEP][PASSED] - Statement - counter = counter + 1: null

2018-12-04 09:44:25 - [TEST_STEP][PASSED] - Statement - PreSaveFile = new java.io.File(((pathPrefix + java.lang.Integer.toString(counter)) + .png)): null

2018-12-04 09:44:25 - [TEST_STEP][PASSED] - Statement - counter = counter + 1: null

2018-12-04 09:44:25 - [TEST_STEP][PASSED] - Statement - PreSaveFile = new java.io.File(((pathPrefix + java.lang.Integer.toString(counter)) + .png)): null

2018-12-04 09:44:25 - [TEST_STEP][PASSED] - Statement - counter = counter + 1: null

2018-12-04 09:44:25 - [TEST_STEP][PASSED] - Statement - PreSaveFile = new java.io.File(((pathPrefix + java.lang.Integer.toString(counter)) + .png)): null

2018-12-04 09:44:25 - [TEST_STEP][PASSED] - Statement - counter = counter + 1: null

2018-12-04 09:44:27 - [TEST_STEP][PASSED] - Statement - PreSaveFile = new java.io.File(((pathPrefix + java.lang.Integer.toString(counter)) + .png)): null

2018-12-04 09:44:27 - [TEST_STEP][PASSED] - Statement - counter = counter + 1: null

2018-12-04 09:44:27 - [TEST_STEP][PASSED] - Statement - PreSaveFile = new java.io.File(((pathPrefix + java.lang.Integer.toString(counter)) + .png)): null

2018-12-04 09:44:27 - [TEST_STEP][PASSED] - Statement - counter = counter + 1: null

2018-12-04 09:44:27 - [TEST_STEP][PASSED] - Statement - PreSaveFile = new java.io.File(((pathPrefix + java.lang.Integer.toString(counter)) + .png)): null

2018-12-04 09:44:27 - [TEST_STEP][PASSED] - Statement - counter = counter + 1: null

2018-12-04 09:44:27 - [TEST_STEP][PASSED] - Statement - PreSaveFile = new java.io.File(((pathPrefix + java.lang.Integer.toString(counter)) + .png)): null

2018-12-04 09:44:27 - [TEST_STEP][PASSED] - Statement - counter = counter + 1: null

2018-12-04 09:44:27 - [TEST_STEP][PASSED] - Statement - PreSaveFile = new java.io.File(((pathPrefix + java.lang.Integer.toString(counter)) + .png)): null

2018-12-04 09:44:27 - [TEST_STEP][PASSED] - Statement - counter = counter + 1: null

2018-12-04 09:44:28 - [TEST_STEP][PASSED] - Statement - PreSaveFile = new java.io.File(((pathPrefix + java.lang.Integer.toString(counter)) + .png)): null

2018-12-04 09:44:28 - [TEST_STEP][PASSED] - Statement - counter = counter + 1: null

2018-12-04 09:44:28 - [TEST_STEP][PASSED] - Statement - PreSaveFile = new java.io.File(((pathPrefix + java.lang.Integer.toString(counter)) + .png)): null

2018-12-04 09:44:28 - [TEST_STEP][PASSED] - Statement - counter = counter + 1: null

2018-12-04 09:44:28 - [TEST_STEP][PASSED] - Statement - PreSaveFile = new java.io.File(((pathPrefix + java.lang.Integer.toString(counter)) + .png)): null

2018-12-04 09:44:28 - [TEST_STEP][PASSED] - Statement - counter = counter + 1: null

2018-12-04 09:44:28 - [TEST_STEP][PASSED] - Statement - PreSaveFile = new java.io.File(((pathPrefix + java.lang.Integer.toString(counter)) + .png)): null

2018-12-04 09:44:28 - [TEST_STEP][PASSED] - Statement - counter = counter + 1: null

2018-12-04 09:44:28 - [TEST_STEP][PASSED] - Statement - PreSaveFile = new java.io.File(((pathPrefix + java.lang.Integer.toString(counter)) + .png)): null

2018-12-04 09:44:28 - [TEST_STEP][PASSED] - Statement - counter = counter + 1: null

2018-12-04 09:44:28 - [TEST_STEP][PASSED] - Statement - PreSaveFile = new java.io.File(((pathPrefix + java.lang.Integer.toString(counter)) + .png)): null

2018-12-04 09:44:28 - [TEST_STEP][PASSED] - Statement - counter = counter + 1: null

2018-12-04 09:44:28 - [TEST_STEP][PASSED] - Statement - PreSaveFile = new java.io.File(((pathPrefix + java.lang.Integer.toString(counter)) + .png)): null

2018-12-04 09:44:28 - [TEST_STEP][PASSED] - Statement - counter = counter + 1: null

2018-12-04 09:44:28 - [TEST_STEP][PASSED] - Statement - PreSaveFile = new java.io.File(((pathPrefix + java.lang.Integer.toString(counter)) + .png)): null

2018-12-04 09:44:28 - [TEST_STEP][PASSED] - Statement - counter = counter + 1: null

2018-12-04 09:44:28 - [TEST_STEP][PASSED] - Statement - PreSaveFile = new java.io.File(((pathPrefix + java.lang.Integer.toString(counter)) + .png)): null

2018-12-04 09:44:28 - [TEST_STEP][PASSED] - Statement - counter = counter + 1: null

2018-12-04 09:44:28 - [TEST_STEP][PASSED] - Statement - PreSaveFile = new java.io.File(((pathPrefix + java.lang.Integer.toString(counter)) + .png)): null

2018-12-04 09:44:29 - [TEST_STEP][PASSED] - Statement - counter = counter + 1: null

2018-12-04 09:44:29 - [TEST_STEP][PASSED] - Statement - PreSaveFile = new java.io.File(((pathPrefix + java.lang.Integer.toString(counter)) + .png)): null

2018-12-04 09:44:29 - [TEST_STEP][PASSED] - Statement - counter = counter + 1: null

2018-12-04 09:44:29 - [TEST_STEP][PASSED] - Statement - PreSaveFile = new java.io.File(((pathPrefix + java.lang.Integer.toString(counter)) + .png)): null

2018-12-04 09:44:29 - [TEST_STEP][PASSED] - Statement - counter = counter + 1: null

2018-12-04 09:44:29 - [TEST_STEP][PASSED] - Statement - PreSaveFile = new java.io.File(((pathPrefix + java.lang.Integer.toString(counter)) + .png)): null

2018-12-04 09:44:29 - [TEST_STEP][PASSED] - Statement - counter = counter + 1: null

2018-12-04 09:44:29 - [TEST_STEP][PASSED] - Statement - PreSaveFile = new java.io.File(((pathPrefix + java.lang.Integer.toString(counter)) + .png)): null

2018-12-04 09:44:29 - [TEST_STEP][PASSED] - Statement - counter = counter + 1: null

2018-12-04 09:44:29 - [TEST_STEP][PASSED] - Statement - PreSaveFile = new java.io.File(((pathPrefix + java.lang.Integer.toString(counter)) + .png)): null

2018-12-04 09:44:31 - [TEST_STEP][PASSED] - Statement - counter = counter + 1: null

2018-12-04 09:44:31 - [TEST_STEP][PASSED] - Statement - PreSaveFile = new java.io.File(((pathPrefix + java.lang.Integer.toString(counter)) + .png)): null

2018-12-04 09:44:31 - [TEST_STEP][PASSED] - Statement - counter = counter + 1: null

2018-12-04 09:44:31 - [TEST_STEP][PASSED] - Statement - PreSaveFile = new java.io.File(((pathPrefix + java.lang.Integer.toString(counter)) + .png)): null

2018-12-04 09:44:31 - [TEST_STEP][PASSED] - Statement - counter = counter + 1: null

2018-12-04 09:44:31 - [TEST_STEP][PASSED] - Statement - PreSaveFile = new java.io.File(((pathPrefix + java.lang.Integer.toString(counter)) + .png)): null

2018-12-04 09:44:31 - [TEST_STEP][PASSED] - Statement - counter = counter + 1: null

2018-12-04 09:44:31 - [TEST_STEP][PASSED] - Statement - PreSaveFile = new java.io.File(((pathPrefix + java.lang.Integer.toString(counter)) + .png)): null

2018-12-04 09:44:31 - [TEST_STEP][PASSED] - Statement - counter = counter + 1: null

2018-12-04 09:44:32 - [TEST_STEP][PASSED] - Statement - PreSaveFile = new java.io.File(((pathPrefix + java.lang.Integer.toString(counter)) + .png)): null

2018-12-04 09:44:32 - [TEST_STEP][PASSED] - Statement - counter = counter + 1: null

2018-12-04 09:44:32 - [TEST_STEP][PASSED] - Statement - PreSaveFile = new java.io.File(((pathPrefix + java.lang.Integer.toString(counter)) + .png)): null

2018-12-04 09:44:32 - [TEST_STEP][PASSED] - Statement - counter = counter + 1: null

2018-12-04 09:44:32 - [TEST_STEP][PASSED] - Statement - PreSaveFile = new java.io.File(((pathPrefix + java.lang.Integer.toString(counter)) + .png)): null

2018-12-04 09:44:32 - [TEST_STEP][PASSED] - Statement - counter = counter + 1: null

2018-12-04 09:44:32 - [TEST_STEP][PASSED] - Statement - PreSaveFile = new java.io.File(((pathPrefix + java.lang.Integer.toString(counter)) + .png)): null

2018-12-04 09:44:32 - [TEST_STEP][PASSED] - Statement - counter = counter + 1: null

2018-12-04 09:44:32 - [TEST_STEP][PASSED] - Statement - PreSaveFile = new java.io.File(((pathPrefix + java.lang.Integer.toString(counter)) + .png)): null

2018-12-04 09:44:32 - [TEST_STEP][PASSED] - Statement - counter = counter + 1: null

2018-12-04 09:44:34 - [TEST_STEP][PASSED] - Statement - PreSaveFile = new java.io.File(((pathPrefix + java.lang.Integer.toString(counter)) + .png)): null

2018-12-04 09:44:34 - [TEST_STEP][PASSED] - Statement - counter = counter + 1: null

2018-12-04 09:44:34 - [TEST_STEP][PASSED] - Statement - PreSaveFile = new java.io.File(((pathPrefix + java.lang.Integer.toString(counter)) + .png)): null

2018-12-04 09:44:34 - [TEST_STEP][PASSED] - Statement - counter = counter + 1: null

2018-12-04 09:44:34 - [TEST_STEP][PASSED] - Statement - PreSaveFile = new java.io.File(((pathPrefix + java.lang.Integer.toString(counter)) + .png)): null

2018-12-04 09:44:34 - [TEST_STEP][PASSED] - Statement - counter = counter + 1: null

2018-12-04 09:44:34 - [TEST_STEP][PASSED] - Statement - PreSaveFile = new java.io.File(((pathPrefix + java.lang.Integer.toString(counter)) + .png)): null

2018-12-04 09:44:34 - [TEST_STEP][PASSED] - Statement - counter = counter + 1: null

2018-12-04 09:44:34 - [TEST_STEP][PASSED] - Statement - PreSaveFile = new java.io.File(((pathPrefix + java.lang.Integer.toString(counter)) + .png)): null

2018-12-04 09:44:35 - [TEST_STEP][PASSED] - Statement - counter = counter + 1: null

2018-12-04 09:44:35 - [TEST_STEP][PASSED] - Statement - PreSaveFile = new java.io.File(((pathPrefix + java.lang.Integer.toString(counter)) + .png)): null

2018-12-04 09:44:35 - [TEST_STEP][PASSED] - Statement - counter = counter + 1: null

2018-12-04 09:44:35 - [TEST_STEP][PASSED] - Statement - PreSaveFile = new java.io.File(((pathPrefix + java.lang.Integer.toString(counter)) + .png)): null

2018-12-04 09:44:35 - [TEST_STEP][PASSED] - Statement - counter = counter + 1: null

2018-12-04 09:44:35 - [TEST_STEP][PASSED] - Statement - PreSaveFile = new java.io.File(((pathPrefix + java.lang.Integer.toString(counter)) + .png)): null

2018-12-04 09:44:35 - [TEST_STEP][PASSED] - Statement - counter = counter + 1: null

2018-12-04 09:44:35 - [TEST_STEP][PASSED] - Statement - PreSaveFile = new java.io.File(((pathPrefix + java.lang.Integer.toString(counter)) + .png)): null

2018-12-04 09:44:35 - [TEST_STEP][PASSED] - Statement - counter = counter + 1: null

2018-12-04 09:44:35 - [TEST_STEP][PASSED] - Statement - PreSaveFile = new java.io.File(((pathPrefix + java.lang.Integer.toString(counter)) + .png)): null

2018-12-04 09:44:36 - [TEST_STEP][PASSED] - Statement - counter = counter + 1: null

2018-12-04 09:44:36 - [TEST_STEP][PASSED] - Statement - PreSaveFile = new java.io.File(((pathPrefix + java.lang.Integer.toString(counter)) + .png)): null

2018-12-04 09:44:36 - [TEST_STEP][PASSED] - Statement - counter = counter + 1: null

2018-12-04 09:44:36 - [TEST_STEP][PASSED] - Statement - PreSaveFile = new java.io.File(((pathPrefix + java.lang.Integer.toString(counter)) + .png)): null

2018-12-04 09:44:36 - [TEST_STEP][PASSED] - Statement - counter = counter + 1: null

2018-12-04 09:44:36 - [TEST_STEP][PASSED] - Statement - PreSaveFile = new java.io.File(((pathPrefix + java.lang.Integer.toString(counter)) + .png)): null

2018-12-04 09:44:36 - [TEST_STEP][PASSED] - Statement - counter = counter + 1: null

2018-12-04 09:44:36 - [TEST_STEP][PASSED] - Statement - PreSaveFile = new java.io.File(((pathPrefix + java.lang.Integer.toString(counter)) + .png)): null

2018-12-04 09:44:36 - [TEST_STEP][PASSED] - Statement - counter = counter + 1: null

2018-12-04 09:44:36 - [TEST_STEP][PASSED] - Statement - PreSaveFile = new java.io.File(((pathPrefix + java.lang.Integer.toString(counter)) + .png)): null

2018-12-04 09:44:37 - [TEST_STEP][PASSED] - Statement - counter = counter + 1: null

2018-12-04 09:44:37 - [TEST_STEP][PASSED] - Statement - PreSaveFile = new java.io.File(((pathPrefix + java.lang.Integer.toString(counter)) + .png)): null

2018-12-04 09:44:37 - [TEST_STEP][PASSED] - Statement - counter = counter + 1: null

2018-12-04 09:44:37 - [TEST_STEP][PASSED] - Statement - PreSaveFile = new java.io.File(((pathPrefix + java.lang.Integer.toString(counter)) + .png)): null

2018-12-04 09:44:37 - [TEST_STEP][PASSED] - Statement - counter = counter + 1: null

2018-12-04 09:44:37 - [TEST_STEP][PASSED] - Statement - PreSaveFile = new java.io.File(((pathPrefix + java.lang.Integer.toString(counter)) + .png)): null

2018-12-04 09:44:37 - [TEST_STEP][PASSED] - Statement - counter = counter + 1: null

2018-12-04 09:44:37 - [TEST_STEP][PASSED] - Statement - PreSaveFile = new java.io.File(((pathPrefix + java.lang.Integer.toString(counter)) + .png)): null

2018-12-04 09:44:37 - [TEST_STEP][PASSED] - Statement - counter = counter + 1: null

2018-12-04 09:44:39 - [TEST_STEP][PASSED] - Statement - PreSaveFile = new java.io.File(((pathPrefix + java.lang.Integer.toString(counter)) + .png)): null

2018-12-04 09:44:39 - [TEST_STEP][PASSED] - Statement - counter = counter + 1: null

2018-12-04 09:44:39 - [TEST_STEP][PASSED] - Statement - PreSaveFile = new java.io.File(((pathPrefix + java.lang.Integer.toString(counter)) + .png)): null

2018-12-04 09:44:39 - [TEST_STEP][PASSED] - Statement - counter = counter + 1: null

2018-12-04 09:44:39 - [TEST_STEP][PASSED] - Statement - PreSaveFile = new java.io.File(((pathPrefix + java.lang.Integer.toString(counter)) + .png)): null

2018-12-04 09:44:39 - [TEST_STEP][PASSED] - Statement - counter = counter + 1: null

2018-12-04 09:44:39 - [TEST_STEP][PASSED] - Statement - PreSaveFile = new java.io.File(((pathPrefix + java.lang.Integer.toString(counter)) + .png)): null

2018-12-04 09:44:39 - [TEST_STEP][PASSED] - Statement - counter = counter + 1: null

2018-12-04 09:44:39 - [TEST_STEP][PASSED] - Statement - PreSaveFile = new java.io.File(((pathPrefix + java.lang.Integer.toString(counter)) + .png)): null

2018-12-04 09:44:39 - [TEST_STEP][PASSED] - Statement - counter = counter + 1: null

2018-12-04 09:44:41 - [TEST_STEP][PASSED] - Statement - PreSaveFile = new java.io.File(((pathPrefix + java.lang.Integer.toString(counter)) + .png)): null

2018-12-04 09:44:41 - [TEST_STEP][PASSED] - Statement - counter = counter + 1: null

2018-12-04 09:44:41 - [TEST_STEP][PASSED] - Statement - PreSaveFile = new java.io.File(((pathPrefix + java.lang.Integer.toString(counter)) + .png)): null

2018-12-04 09:44:41 - [TEST_STEP][PASSED] - Statement - counter = counter + 1: null

2018-12-04 09:44:41 - [TEST_STEP][PASSED] - Statement - PreSaveFile = new java.io.File(((pathPrefix + java.lang.Integer.toString(counter)) + .png)): null

2018-12-04 09:44:41 - [TEST_STEP][PASSED] - Statement - counter = counter + 1: null

2018-12-04 09:44:41 - [TEST_STEP][PASSED] - Statement - PreSaveFile = new java.io.File(((pathPrefix + java.lang.Integer.toString(counter)) + .png)): null

2018-12-04 09:44:41 - [TEST_STEP][PASSED] - Statement - counter = counter + 1: null

2018-12-04 09:44:41 - [TEST_STEP][PASSED] - Statement - PreSaveFile = new java.io.File(((pathPrefix + java.lang.Integer.toString(counter)) + .png)): null

2018-12-04 09:44:42 - [TEST_STEP][PASSED] - Statement - counter = counter + 1: null

2018-12-04 09:44:42 - [TEST_STEP][PASSED] - Statement - PreSaveFile = new java.io.File(((pathPrefix + java.lang.Integer.toString(counter)) + .png)): null

2018-12-04 09:44:42 - [TEST_STEP][PASSED] - Statement - counter = counter + 1: null

2018-12-04 09:44:42 - [TEST_STEP][PASSED] - Statement - PreSaveFile = new java.io.File(((pathPrefix + java.lang.Integer.toString(counter)) + .png)): null

2018-12-04 09:44:42 - [TEST_STEP][PASSED] - Statement - counter = counter + 1: null

2018-12-04 09:44:42 - [TEST_STEP][PASSED] - Statement - PreSaveFile = new java.io.File(((pathPrefix + java.lang.Integer.toString(counter)) + .png)): null

2018-12-04 09:44:42 - [TEST_STEP][PASSED] - Statement - counter = counter + 1: null

2018-12-04 09:44:42 - [TEST_STEP][PASSED] - Statement - PreSaveFile = new java.io.File(((pathPrefix + java.lang.Integer.toString(counter)) + .png)): null

2018-12-04 09:44:42 - [TEST_STEP][PASSED] - Statement - counter = counter + 1: null

2018-12-04 09:44:42 - [TEST_STEP][PASSED] - Statement - PreSaveFile = new java.io.File(((pathPrefix + java.lang.Integer.toString(counter)) + .png)): null

2018-12-04 09:44:43 - [TEST_STEP][PASSED] - Statement - counter = counter + 1: null

2018-12-04 09:44:43 - [TEST_STEP][PASSED] - Statement - PreSaveFile = new java.io.File(((pathPrefix + java.lang.Integer.toString(counter)) + .png)): null

2018-12-04 09:44:43 - [TEST_STEP][PASSED] - Statement - counter = counter + 1: null

2018-12-04 09:44:43 - [TEST_STEP][PASSED] - Statement - PreSaveFile = new java.io.File(((pathPrefix + java.lang.Integer.toString(counter)) + .png)): null

2018-12-04 09:44:43 - [TEST_STEP][PASSED] - Statement - counter = counter + 1: null

2018-12-04 09:44:43 - [TEST_STEP][PASSED] - Statement - PreSaveFile = new java.io.File(((pathPrefix + java.lang.Integer.toString(counter)) + .png)): null

2018-12-04 09:44:43 - [TEST_STEP][PASSED] - Statement - counter = counter + 1: null

2018-12-04 09:44:43 - [TEST_STEP][PASSED] - Statement - PreSaveFile = new java.io.File(((pathPrefix + java.lang.Integer.toString(counter)) + .png)): null

2018-12-04 09:44:43 - [TEST_STEP][PASSED] - Statement - counter = counter + 1: null

2018-12-04 09:44:43 - [TEST_STEP][PASSED] - Statement - PreSaveFile = new java.io.File(((pathPrefix + java.lang.Integer.toString(counter)) + .png)): null

2018-12-04 09:44:45 - [TEST_STEP][PASSED] - Statement - counter = counter + 1: null

2018-12-04 09:44:45 - [TEST_STEP][PASSED] - Statement - PreSaveFile = new java.io.File(((pathPrefix + java.lang.Integer.toString(counter)) + .png)): null

2018-12-04 09:44:45 - [TEST_STEP][PASSED] - Statement - counter = counter + 1: null

2018-12-04 09:44:45 - [TEST_STEP][PASSED] - Statement - PreSaveFile = new java.io.File(((pathPrefix + java.lang.Integer.toString(counter)) + .png)): null

2018-12-04 09:44:45 - [TEST_STEP][PASSED] - Statement - counter = counter + 1: null

2018-12-04 09:44:45 - [TEST_STEP][PASSED] - Statement - PreSaveFile = new java.io.File(((pathPrefix + java.lang.Integer.toString(counter)) + .png)): null

2018-12-04 09:44:45 - [TEST_STEP][PASSED] - Statement - counter = counter + 1: null

2018-12-04 09:44:45 - [TEST_STEP][PASSED] - Statement - PreSaveFile = new java.io.File(((pathPrefix + java.lang.Integer.toString(counter)) + .png)): null

2018-12-04 09:44:45 - [TEST_STEP][PASSED] - Statement - counter = counter + 1: null

2018-12-04 09:44:46 - [TEST_STEP][PASSED] - Statement - PreSaveFile = new java.io.File(((pathPrefix + java.lang.Integer.toString(counter)) + .png)): null

2018-12-04 09:44:46 - [TEST_STEP][PASSED] - Statement - counter = counter + 1: null

2018-12-04 09:44:46 - [TEST_STEP][PASSED] - Statement - PreSaveFile = new java.io.File(((pathPrefix + java.lang.Integer.toString(counter)) + .png)): null

2018-12-04 09:44:46 - [TEST_STEP][PASSED] - Statement - counter = counter + 1: null

2018-12-04 09:44:46 - [TEST_STEP][PASSED] - Statement - PreSaveFile = new java.io.File(((pathPrefix + java.lang.Integer.toString(counter)) + .png)): null

2018-12-04 09:44:46 - [TEST_STEP][PASSED] - Statement - counter = counter + 1: null

2018-12-04 09:44:46 - [TEST_STEP][PASSED] - Statement - PreSaveFile = new java.io.File(((pathPrefix + java.lang.Integer.toString(counter)) + .png)): null

2018-12-04 09:44:46 - [TEST_STEP][PASSED] - Statement - counter = counter + 1: null

2018-12-04 09:44:46 - [TEST_STEP][PASSED] - Statement - PreSaveFile = new java.io.File(((pathPrefix + java.lang.Integer.toString(counter)) + .png)): null

2018-12-04 09:44:46 - [TEST_STEP][PASSED] - Statement - counter = counter + 1: null

2018-12-04 09:44:47 - [TEST_STEP][PASSED] - Statement - PreSaveFile = new java.io.File(((pathPrefix + java.lang.Integer.toString(counter)) + .png)): null

2018-12-04 09:44:47 - [TEST_STEP][PASSED] - Statement - counter = counter + 1: null

2018-12-04 09:44:47 - [TEST_STEP][PASSED] - Statement - PreSaveFile = new java.io.File(((pathPrefix + java.lang.Integer.toString(counter)) + .png)): null

2018-12-04 09:44:47 - [TEST_STEP][PASSED] - Statement - counter = counter + 1: null

2018-12-04 09:44:47 - [TEST_STEP][PASSED] - Statement - PreSaveFile = new java.io.File(((pathPrefix + java.lang.Integer.toString(counter)) + .png)): null

2018-12-04 09:44:47 - [TEST_STEP][PASSED] - Statement - counter = counter + 1: null

2018-12-04 09:44:47 - [TEST_STEP][PASSED] - Statement - PreSaveFile = new java.io.File(((pathPrefix + java.lang.Integer.toString(counter)) + .png)): null

2018-12-04 09:44:47 - [TEST_STEP][PASSED] - Statement - counter = counter + 1: null

2018-12-04 09:44:47 - [TEST_STEP][PASSED] - Statement - PreSaveFile = new java.io.File(((pathPrefix + java.lang.Integer.toString(counter)) + .png)): null

2018-12-04 09:44:48 - [TEST_STEP][PASSED] - Statement - counter = counter + 1: null

2018-12-04 09:44:48 - [TEST_STEP][PASSED] - Statement - PreSaveFile = new java.io.File(((pathPrefix + java.lang.Integer.toString(counter)) + .png)): null

2018-12-04 09:44:48 - [TEST_STEP][PASSED] - Statement - counter = counter + 1: null

2018-12-04 09:44:48 - [TEST_STEP][PASSED] - Statement - PreSaveFile = new java.io.File(((pathPrefix + java.lang.Integer.toString(counter)) + .png)): null

2018-12-04 09:44:48 - [TEST_STEP][PASSED] - Statement - counter = counter + 1: null

2018-12-04 09:44:48 - [TEST_STEP][PASSED] - Statement - PreSaveFile = new java.io.File(((pathPrefix + java.lang.Integer.toString(counter)) + .png)): null

2018-12-04 09:44:48 - [TEST_STEP][PASSED] - Statement - counter = counter + 1: null

2018-12-04 09:44:48 - [TEST_STEP][PASSED] - Statement - PreSaveFile = new java.io.File(((pathPrefix + java.lang.Integer.toString(counter)) + .png)): null

2018-12-04 09:44:48 - [TEST_STEP][PASSED] - Statement - counter = counter + 1: null

2018-12-04 09:44:48 - [TEST_STEP][PASSED] - Statement - PreSaveFile = new java.io.File(((pathPrefix + java.lang.Integer.toString(counter)) + .png)): null

2018-12-04 09:44:50 - [TEST_STEP][PASSED] - Statement - counter = counter + 1: null

2018-12-04 09:44:50 - [TEST_STEP][PASSED] - Statement - PreSaveFile = new java.io.File(((pathPrefix + java.lang.Integer.toString(counter)) + .png)): null

2018-12-04 09:44:50 - [TEST_STEP][PASSED] - Statement - counter = counter + 1: null

2018-12-04 09:44:50 - [TEST_STEP][PASSED] - Statement - PreSaveFile = new java.io.File(((pathPrefix + java.lang.Integer.toString(counter)) + .png)): null

2018-12-04 09:44:50 - [TEST_STEP][PASSED] - Statement - counter = counter + 1: null

2018-12-04 09:44:50 - [TEST_STEP][PASSED] - Statement - PreSaveFile = new java.io.File(((pathPrefix + java.lang.Integer.toString(counter)) + .png)): null

2018-12-04 09:44:50 - [TEST_STEP][PASSED] - Statement - counter = counter + 1: null

2018-12-04 09:44:50 - [TEST_STEP][PASSED] - Statement - PreSaveFile = new java.io.File(((pathPrefix + java.lang.Integer.toString(counter)) + .png)): null

2018-12-04 09:44:50 - [TEST_STEP][PASSED] - Statement - counter = counter + 1: null

2018-12-04 09:44:50 - [TEST_STEP][PASSED] - Statement - PreSaveFile = new java.io.File(((pathPrefix + java.lang.Integer.toString(counter)) + .png)): null

2018-12-04 09:44:51 - [TEST_STEP][PASSED] - Statement - counter = counter + 1: null

2018-12-04 09:44:51 - [TEST_STEP][PASSED] - Statement - PreSaveFile = new java.io.File(((pathPrefix + java.lang.Integer.toString(counter)) + .png)): null

2018-12-04 09:44:51 - [TEST_STEP][PASSED] - Statement - counter = counter + 1: null

2018-12-04 09:44:51 - [TEST_STEP][PASSED] - Statement - PreSaveFile = new java.io.File(((pathPrefix + java.lang.Integer.toString(counter)) + .png)): null

2018-12-04 09:44:51 - [TEST_STEP][PASSED] - Statement - counter = counter + 1: null

2018-12-04 09:44:51 - [TEST_STEP][PASSED] - Statement - PreSaveFile = new java.io.File(((pathPrefix + java.lang.Integer.toString(counter)) + .png)): null

2018-12-04 09:44:51 - [TEST_STEP][PASSED] - Statement - counter = counter + 1: null

2018-12-04 09:44:51 - [TEST_STEP][PASSED] - Statement - PreSaveFile = new java.io.File(((pathPrefix + java.lang.Integer.toString(counter)) + .png)): null

2018-12-04 09:44:51 - [TEST_STEP][PASSED] - Statement - counter = counter + 1: null

2018-12-04 09:44:53 - [TEST_STEP][PASSED] - Statement - PreSaveFile = new java.io.File(((pathPrefix + java.lang.Integer.toString(counter)) + .png)): null

2018-12-04 09:44:53 - [TEST_STEP][PASSED] - Statement - counter = counter + 1: null

2018-12-04 09:44:53 - [TEST_STEP][PASSED] - Statement - PreSaveFile = new java.io.File(((pathPrefix + java.lang.Integer.toString(counter)) + .png)): null

2018-12-04 09:44:53 - [TEST_STEP][PASSED] - Statement - counter = counter + 1: null

2018-12-04 09:44:53 - [TEST_STEP][PASSED] - Statement - PreSaveFile = new java.io.File(((pathPrefix + java.lang.Integer.toString(counter)) + .png)): null

2018-12-04 09:44:53 - [TEST_STEP][PASSED] - Statement - counter = counter + 1: null

2018-12-04 09:44:53 - [TEST_STEP][PASSED] - Statement - PreSaveFile = new java.io.File(((pathPrefix + java.lang.Integer.toString(counter)) + .png)): null

2018-12-04 09:44:53 - [TEST_STEP][PASSED] - Statement - counter = counter + 1: null

2018-12-04 09:44:53 - [TEST_STEP][PASSED] - Statement - PreSaveFile = new java.io.File(((pathPrefix + java.lang.Integer.toString(counter)) + .png)): null

2018-12-04 09:44:53 - [TEST_STEP][PASSED] - Statement - counter = counter + 1: null

2018-12-04 09:44:54 - [TEST_STEP][PASSED] - Statement - PreSaveFile = new java.io.File(((pathPrefix + java.lang.Integer.toString(counter)) + .png)): null

2018-12-04 09:44:54 - [TEST_STEP][PASSED] - Statement - counter = counter + 1: null

2018-12-04 09:44:54 - [TEST_STEP][PASSED] - Statement - PreSaveFile = new java.io.File(((pathPrefix + java.lang.Integer.toString(counter)) + .png)): null

2018-12-04 09:44:54 - [TEST_STEP][PASSED] - Statement - counter = counter + 1: null

2018-12-04 09:44:54 - [TEST_STEP][PASSED] - Statement - PreSaveFile = new java.io.File(((pathPrefix + java.lang.Integer.toString(counter)) + .png)): null

2018-12-04 09:44:54 - [TEST_STEP][PASSED] - Statement - counter = counter + 1: null

2018-12-04 09:44:54 - [TEST_STEP][PASSED] - Statement - PreSaveFile = new java.io.File(((pathPrefix + java.lang.Integer.toString(counter)) + .png)): null

2018-12-04 09:44:54 - [TEST_STEP][PASSED] - Statement - counter = counter + 1: null

2018-12-04 09:44:54 - [TEST_STEP][PASSED] - Statement - PreSaveFile = new java.io.File(((pathPrefix + java.lang.Integer.toString(counter)) + .png)): null

2018-12-04 09:44:55 - [TEST_STEP][PASSED] - Statement - counter = counter + 1: null

2018-12-04 09:44:55 - [TEST_STEP][PASSED] - Statement - PreSaveFile = new java.io.File(((pathPrefix + java.lang.Integer.toString(counter)) + .png)): null

2018-12-04 09:44:55 - [TEST_STEP][PASSED] - Statement - counter = counter + 1: null

2018-12-04 09:44:55 - [TEST_STEP][PASSED] - Statement - PreSaveFile = new java.io.File(((pathPrefix + java.lang.Integer.toString(counter)) + .png)): null

2018-12-04 09:44:55 - [TEST_STEP][PASSED] - Statement - counter = counter + 1: null

2018-12-04 09:44:55 - [TEST_STEP][PASSED] - Statement - PreSaveFile = new java.io.File(((pathPrefix + java.lang.Integer.toString(counter)) + .png)): null

2018-12-04 09:44:55 - [TEST_STEP][PASSED] - Statement - counter = counter + 1: null

2018-12-04 09:44:55 - [TEST_STEP][PASSED] - Statement - PreSaveFile = new java.io.File(((pathPrefix + java.lang.Integer.toString(counter)) + .png)): null

2018-12-04 09:44:55 - [TEST_STEP][PASSED] - Statement - counter = counter + 1: null

2018-12-04 09:44:55 - [TEST_STEP][PASSED] - Statement - PreSaveFile = new java.io.File(((pathPrefix + java.lang.Integer.toString(counter)) + .png)): null

2018-12-04 09:44:57 - [TEST_STEP][PASSED] - Statement - counter = counter + 1: null

2018-12-04 09:44:57 - [TEST_STEP][PASSED] - Statement - PreSaveFile = new java.io.File(((pathPrefix + java.lang.Integer.toString(counter)) + .png)): null

2018-12-04 09:44:57 - [TEST_STEP][PASSED] - Statement - counter = counter + 1: null

2018-12-04 09:44:57 - [TEST_STEP][PASSED] - Statement - PreSaveFile = new java.io.File(((pathPrefix + java.lang.Integer.toString(counter)) + .png)): null

2018-12-04 09:44:57 - [TEST_STEP][PASSED] - Statement - counter = counter + 1: null

2018-12-04 09:44:57 - [TEST_STEP][PASSED] - Statement - PreSaveFile = new java.io.File(((pathPrefix + java.lang.Integer.toString(counter)) + .png)): null

2018-12-04 09:44:57 - [TEST_STEP][PASSED] - Statement - counter = counter + 1: null

2018-12-04 09:44:57 - [TEST_STEP][PASSED] - Statement - PreSaveFile = new java.io.File(((pathPrefix + java.lang.Integer.toString(counter)) + .png)): null

2018-12-04 09:44:57 - [TEST_STEP][PASSED] - Statement - counter = counter + 1: null

2018-12-04 09:44:57 - [TEST_STEP][PASSED] - Statement - PreSaveFile = new java.io.File(((pathPrefix + java.lang.Integer.toString(counter)) + .png)): null

2018-12-04 09:44:59 - [TEST_STEP][PASSED] - Statement - counter = counter + 1: null

2018-12-04 09:44:59 - [TEST_STEP][PASSED] - Statement - PreSaveFile = new java.io.File(((pathPrefix + java.lang.Integer.toString(counter)) + .png)): null

2018-12-04 09:44:59 - [TEST_STEP][PASSED] - Statement - counter = counter + 1: null

2018-12-04 09:44:59 - [TEST_STEP][PASSED] - Statement - PreSaveFile = new java.io.File(((pathPrefix + java.lang.Integer.toString(counter)) + .png)): null

2018-12-04 09:44:59 - [TEST_STEP][PASSED] - Statement - counter = counter + 1: null

2018-12-04 09:44:59 - [TEST_STEP][PASSED] - Statement - PreSaveFile = new java.io.File(((pathPrefix + java.lang.Integer.toString(counter)) + .png)): null

2018-12-04 09:44:59 - [TEST_STEP][PASSED] - Statement - counter = counter + 1: null

2018-12-04 09:44:59 - [TEST_STEP][PASSED] - Statement - PreSaveFile = new java.io.File(((pathPrefix + java.lang.Integer.toString(counter)) + .png)): null

2018-12-04 09:44:59 - [TEST_STEP][PASSED] - Statement - counter = counter + 1: null

2018-12-04 09:45:00 - [TEST_STEP][PASSED] - Statement - PreSaveFile = new java.io.File(((pathPrefix + java.lang.Integer.toString(counter)) + .png)): null

2018-12-04 09:45:00 - [TEST_STEP][PASSED] - Statement - counter = counter + 1: null

2018-12-04 09:45:00 - [TEST_STEP][PASSED] - Statement - PreSaveFile = new java.io.File(((pathPrefix + java.lang.Integer.toString(counter)) + .png)): null

2018-12-04 09:45:00 - [TEST_STEP][PASSED] - Statement - counter = counter + 1: null

2018-12-04 09:45:00 - [TEST_STEP][PASSED] - Statement - PreSaveFile = new java.io.File(((pathPrefix + java.lang.Integer.toString(counter)) + .png)): null

2018-12-04 09:45:00 - [TEST_STEP][PASSED] - Statement - counter = counter + 1: null

2018-12-04 09:45:00 - [TEST_STEP][PASSED] - Statement - PreSaveFile = new java.io.File(((pathPrefix + java.lang.Integer.toString(counter)) + .png)): null

2018-12-04 09:45:00 - [TEST_STEP][PASSED] - Statement - counter = counter + 1: null

2018-12-04 09:45:00 - [TEST_STEP][PASSED] - Statement - PreSaveFile = new java.io.File(((pathPrefix + java.lang.Integer.toString(counter)) + .png)): null

2018-12-04 09:45:00 - [TEST_STEP][PASSED] - Statement - counter = counter + 1: null

2018-12-04 09:45:02 - [TEST_STEP][PASSED] - Statement - PreSaveFile = new java.io.File(((pathPrefix + java.lang.Integer.toString(counter)) + .png)): null

2018-12-04 09:45:02 - [TEST_STEP][PASSED] - Statement - counter = counter + 1: null

2018-12-04 09:45:02 - [TEST_STEP][PASSED] - Statement - PreSaveFile = new java.io.File(((pathPrefix + java.lang.Integer.toString(counter)) + .png)): null

2018-12-04 09:45:02 - [TEST_STEP][PASSED] - Statement - counter = counter + 1: null

2018-12-04 09:45:02 - [TEST_STEP][PASSED] - Statement - PreSaveFile = new java.io.File(((pathPrefix + java.lang.Integer.toString(counter)) + .png)): null

2018-12-04 09:45:02 - [TEST_STEP][PASSED] - Statement - counter = counter + 1: null

2018-12-04 09:45:02 - [TEST_STEP][PASSED] - Statement - PreSaveFile = new java.io.File(((pathPrefix + java.lang.Integer.toString(counter)) + .png)): null

2018-12-04 09:45:02 - [TEST_STEP][PASSED] - Statement - counter = counter + 1: null

2018-12-04 09:45:02 - [TEST_STEP][PASSED] - Statement - PreSaveFile = new java.io.File(((pathPrefix + java.lang.Integer.toString(counter)) + .png)): null

2018-12-04 09:45:04 - [TEST_STEP][PASSED] - Statement - counter = counter + 1: null

2018-12-04 09:45:04 - [TEST_STEP][PASSED] - Statement - PreSaveFile = new java.io.File(((pathPrefix + java.lang.Integer.toString(counter)) + .png)): null

2018-12-04 09:45:04 - [TEST_STEP][PASSED] - Statement - counter = counter + 1: null

2018-12-04 09:45:04 - [TEST_STEP][PASSED] - Statement - PreSaveFile = new java.io.File(((pathPrefix + java.lang.Integer.toString(counter)) + .png)): null

2018-12-04 09:45:04 - [TEST_STEP][PASSED] - Statement - counter = counter + 1: null

2018-12-04 09:45:04 - [TEST_STEP][PASSED] - Statement - PreSaveFile = new java.io.File(((pathPrefix + java.lang.Integer.toString(counter)) + .png)): null

2018-12-04 09:45:04 - [TEST_STEP][PASSED] - Statement - counter = counter + 1: null

2018-12-04 09:45:04 - [TEST_STEP][PASSED] - Statement - PreSaveFile = new java.io.File(((pathPrefix + java.lang.Integer.toString(counter)) + .png)): null

2018-12-04 09:45:04 - [TEST_STEP][PASSED] - Statement - counter = counter + 1: null

2018-12-04 09:45:04 - [TEST_STEP][PASSED] - Statement - PreSaveFile = new java.io.File(((pathPrefix + java.lang.Integer.toString(counter)) + .png)): null

2018-12-04 09:45:05 - [TEST_STEP][PASSED] - Statement - counter = counter + 1: null

2018-12-04 09:45:05 - [TEST_STEP][PASSED] - Statement - PreSaveFile = new java.io.File(((pathPrefix + java.lang.Integer.toString(counter)) + .png)): null

2018-12-04 09:45:05 - [TEST_STEP][PASSED] - Statement - counter = counter + 1: null

2018-12-04 09:45:05 - [TEST_STEP][PASSED] - Statement - PreSaveFile = new java.io.File(((pathPrefix + java.lang.Integer.toString(counter)) + .png)): null

2018-12-04 09:45:05 - [TEST_STEP][PASSED] - Statement - counter = counter + 1: null

2018-12-04 09:45:05 - [TEST_STEP][PASSED] - Statement - PreSaveFile = new java.io.File(((pathPrefix + java.lang.Integer.toString(counter)) + .png)): null

2018-12-04 09:45:05 - [TEST_STEP][PASSED] - Statement - counter = counter + 1: null

2018-12-04 09:45:05 - [TEST_STEP][PASSED] - Statement - PreSaveFile = new java.io.File(((pathPrefix + java.lang.Integer.toString(counter)) + .png)): null

2018-12-04 09:45:05 - [TEST_STEP][PASSED] - Statement - counter = counter + 1: null

2018-12-04 09:45:05 - [TEST_STEP][PASSED] - Statement - PreSaveFile = new java.io.File(((pathPrefix + java.lang.Integer.toString(counter)) + .png)): null

2018-12-04 09:45:07 - [TEST_STEP][PASSED] - Statement - counter = counter + 1: null

2018-12-04 09:45:07 - [TEST_STEP][PASSED] - Statement - PreSaveFile = new java.io.File(((pathPrefix + java.lang.Integer.toString(counter)) + .png)): null

2018-12-04 09:45:07 - [TEST_STEP][PASSED] - Statement - counter = counter + 1: null

2018-12-04 09:45:07 - [TEST_STEP][PASSED] - Statement - PreSaveFile = new java.io.File(((pathPrefix + java.lang.Integer.toString(counter)) + .png)): null

2018-12-04 09:45:07 - [TEST_STEP][PASSED] - Statement - finalPath = pathPrefix + java.lang.Integer.toString(counter) + ".png": null

2018-12-04 09:45:07 - [TEST_STEP][PASSED] - Statement - SaveFile = new java.io.File(finalPath): null

2018-12-04 09:45:07 - [TEST_STEP][PASSED] - Statement - Try: null

2018-12-04 09:45:07 - [TEST_STEP][PASSED] - Statement - org.apache.commons.io.FileUtils.copyFile(scrFile, SaveFile): null

2018-12-04 09:45:08 - [TEST_STEP][PASSED] - Statement - out.println("file kept"): null

2018-12-04 09:45:08 - [TEST_STEP][PASSED] - delay: Delayed 10 second(s)

2018-12-04 09:45:18 - [MESSAGE][PASSED] - Delayed 10 second(s)

2018-12-04 09:45:18 - [MESSAGE][PASSED] - Call Test Case 'Test Cases/Final Aug 2018 - PKS Automation/Common/Screenshoting tool' successfully

2018-12-04 09:45:18 - [TEST_STEP][PASSED] - callTestCase: Call Test Case 'Test Cases/Final Aug 2018 - PKS Automation/Registration Module/Log Out/log out avoiding katalon tagging' successfully

2018-12-04 09:45:18 - [TEST_CASE][PASSED] - Test Cases/Final Aug 2018 - PKS Automation/Registration Module/Log Out/log out avoiding katalon tagging: Test Cases/Final Aug 2018 - PKS Automation/Registration Module/Log Out/log out avoiding katalon tagging

2018-12-04 09:45:18 - [TEST_STEP][PASSED] - navigateToUrl: Navigate to 'https://assist2-uat.perkeso.gov.my/c/portal/logout' successfully

2018-12-04 09:45:19 - [MESSAGE][PASSED] - Navigate to 'https://assist2-uat.perkeso.gov.my/c/portal/logout' successfully

2018-12-04 09:45:19 - [MESSAGE][PASSED] - Call Test Case 'Test Cases/Final Aug 2018 - PKS Automation/Registration Module/Log Out/log out avoiding katalon tagging' successfully]]></system-out>
         <system-err><![CDATA[2018-12-04 09:35:05 - [TEST_CASE][FAILED] - Test Cases/Final Aug 2018 - PKS Automation/Registration Module/Workflow/New Registration - OTC to PKRBO (Incomplete): Test Cases/Final Aug 2018 - PKS Automation/Registration Module/Workflow/New Registration - OTC to PKRBO (Incomplete) FAILED because (of) (Stack trace: com.kms.katalon.core.exception.StepFailedException: Unable to set text 'CRN12201800122963' of object 'Object Repository/Final Object Repo/New Registration - Registration Module Pages/New Reg - OTC to RO/Special Case - All Related Objects/TextBox RefNo in Workbasket' (Root cause: org.openqa.selenium.ElementNotVisibleException: element not interactable
  (Session info: chrome=70.0.3538.110)
  (Driver info: chromedriver=2.43.600210 (68dcf5eebde37173d4027fa8635e332711d2874a),platform=Windows NT 6.1.7601 SP1 x86_64) (WARNING: The server did not provide any stacktrace information)
Command duration or timeout: 0 milliseconds
Build info: version: '3.7.1', revision: '8a0099a', time: '2017-11-06T21:07:36.161Z'
System info: host: 'WIN7TEST02', ip: '10.20.3.72', os.name: 'Windows 7', os.arch: 'amd64', os.version: '6.1', java.version: '1.8.0_181'
Driver info: com.kms.katalon.selenium.driver.CChromeDriver
Capabilities {acceptInsecureCerts: false, acceptSslCerts: false, applicationCacheEnabled: false, browserConnectionEnabled: false, browserName: chrome, chrome: {chromedriverVersion: 2.43.600210 (68dcf5eebde371..., userDataDir: C:\Users\Admin\AppData\Loca...}, cssSelectorsEnabled: true, databaseEnabled: false, goog:chromeOptions: {debuggerAddress: localhost:51470}, handlesAlerts: true, hasTouchScreen: false, javascriptEnabled: true, locationContextEnabled: true, mobileEmulationEnabled: false, nativeEvents: true, networkConnectionEnabled: false, pageLoadStrategy: normal, platform: XP, platformName: XP, rotatable: false, setWindowRect: true, takesHeapSnapshot: true, takesScreenshot: true, unexpectedAlertBehaviour: , unhandledPromptBehavior: , version: 70.0.3538.110, webStorageEnabled: true}
Session ID: 062e92dc1c261346276c0c09e84b6a4c)
	at com.kms.katalon.core.keyword.internal.KeywordMain.stepFailed(KeywordMain.groovy:32)
	at com.kms.katalon.core.webui.keyword.internal.WebUIKeywordMain.stepFailed(WebUIKeywordMain.groovy:65)
	at com.kms.katalon.core.webui.keyword.internal.WebUIKeywordMain.runKeyword(WebUIKeywordMain.groovy:27)
	at com.kms.katalon.core.webui.keyword.builtin.SetTextKeyword.setText(SetTextKeyword.groovy:65)
	at com.kms.katalon.core.webui.keyword.builtin.SetTextKeyword.execute(SetTextKeyword.groovy:37)
	at com.kms.katalon.core.keyword.internal.KeywordExecutor.executeKeywordForPlatform(KeywordExecutor.groovy:53)
	at com.kms.katalon.core.webui.keyword.WebUiBuiltInKeywords.setText(WebUiBuiltInKeywords.groovy:950)
	at com.kms.katalon.core.webui.keyword.WebUiBuiltInKeywords$setText$1.call(Unknown Source)
	at org.codehaus.groovy.runtime.callsite.CallSiteArray.defaultCall(CallSiteArray.java:48)
	at org.codehaus.groovy.runtime.callsite.AbstractCallSite.call(AbstractCallSite.java:113)
	at org.codehaus.groovy.runtime.callsite.AbstractCallSite.call(AbstractCallSite.java:133)
	at Script1541648441303.run(Script1541648441303.groovy:69)
	at com.kms.katalon.core.main.ScriptEngine.run(ScriptEngine.java:183)
	at com.kms.katalon.core.main.ScriptEngine.runScriptAsRawText(ScriptEngine.java:108)
	at com.kms.katalon.core.main.TestCaseExecutor.runScript(TestCaseExecutor.java:294)
	at com.kms.katalon.core.main.TestCaseExecutor.doExecute(TestCaseExecutor.java:285)
	at com.kms.katalon.core.main.TestCaseExecutor.processExecutionPhase(TestCaseExecutor.java:264)
	at com.kms.katalon.core.main.TestCaseExecutor.accessMainPhase(TestCaseExecutor.java:256)
	at com.kms.katalon.core.main.TestCaseExecutor.execute(TestCaseExecutor.java:200)
	at com.kms.katalon.core.main.TestSuiteExecutor.accessTestCaseMainPhase(TestSuiteExecutor.java:129)
	at com.kms.katalon.core.main.TestSuiteExecutor.accessTestSuiteMainPhase(TestSuiteExecutor.java:112)
	at com.kms.katalon.core.main.TestSuiteExecutor.execute(TestSuiteExecutor.java:81)
	at com.kms.katalon.core.main.TestCaseMain.startTestSuite(TestCaseMain.java:142)
	at com.kms.katalon.core.main.TestCaseMain$startTestSuite$0.call(Unknown Source)
	at org.codehaus.groovy.runtime.callsite.CallSiteArray.defaultCall(CallSiteArray.java:48)
	at org.codehaus.groovy.runtime.callsite.AbstractCallSite.call(AbstractCallSite.java:113)
	at org.codehaus.groovy.runtime.callsite.AbstractCallSite.call(AbstractCallSite.java:141)
	at TempTestSuite1543887302996.run(TempTestSuite1543887302996.groovy:36)
	at groovy.lang.GroovyShell.runScriptOrMainOrTestOrRunnable(GroovyShell.java:263)
	at groovy.lang.GroovyShell.run(GroovyShell.java:518)
	at groovy.lang.GroovyShell.run(GroovyShell.java:507)
	at groovy.ui.GroovyMain.processOnce(GroovyMain.java:653)
	at groovy.ui.GroovyMain.run(GroovyMain.java:384)
	at groovy.ui.GroovyMain.process(GroovyMain.java:370)
	at groovy.ui.GroovyMain.processArgs(GroovyMain.java:129)
	at groovy.ui.GroovyMain.main(GroovyMain.java:109)
	at sun.reflect.NativeMethodAccessorImpl.invoke0(Native Method)
	at sun.reflect.NativeMethodAccessorImpl.invoke(NativeMethodAccessorImpl.java:62)
	at sun.reflect.DelegatingMethodAccessorImpl.invoke(DelegatingMethodAccessorImpl.java:43)
	at java.lang.reflect.Method.invoke(Method.java:498)
	at org.codehaus.groovy.tools.GroovyStarter.rootLoader(GroovyStarter.java:109)
	at org.codehaus.groovy.tools.GroovyStarter.main(GroovyStarter.java:131)
)]]></system-err>
      </testcase>
      <testcase name="Test Cases/Final Aug 2018 - PKS Automation/Registration Module/Workflow/New Registration/Case OTC to RO - Query - Submit" classname="Test Cases/Final Aug 2018 - PKS Automation/Registration Module/Workflow/New Registration/Case OTC to RO - Query - Submit" status="PASSED">
         <system-out><![CDATA[2018-12-04 09:45:19 - [TEST_CASE][PASSED] - Test Cases/Final Aug 2018 - PKS Automation/Registration Module/Workflow/New Registration/Case OTC to RO - Query - Submit: Test Cases/Final Aug 2018 - PKS Automation/Registration Module/Workflow/New Registration/Case OTC to RO - Query - Submit

2018-12-04 09:45:19 - [TEST_STEP][PASSED] - callTestCase: Call Test Case 'Test Cases/Final Aug 2018 - PKS Automation/Registration Module/Workflow/New Registration/Template/Special Case - OTC - Form 1' successfully

2018-12-04 09:45:19 - [TEST_CASE][PASSED] - Test Cases/Final Aug 2018 - PKS Automation/Registration Module/Workflow/New Registration/Template/Special Case - OTC - Form 1: Test Cases/Final Aug 2018 - PKS Automation/Registration Module/Workflow/New Registration/Template/Special Case - OTC - Form 1

2018-12-04 09:45:19 - [TEST_STEP][PASSED] - openBrowser: Browser is opened with url: ''

2018-12-04 09:45:19 - [MESSAGE][WARNING] - A browser is already opened. Closing browser and opening a new one

2018-12-04 09:45:22 - [MESSAGE][PASSED] - Browser is opened with url: ''

2018-12-04 09:45:22 - [TEST_STEP][PASSED] - navigateToUrl: Navigate to 'https://assist2-uat.perkeso.gov.my/login' successfully

2018-12-04 09:45:24 - [MESSAGE][PASSED] - Navigate to 'https://assist2-uat.perkeso.gov.my/login' successfully

2018-12-04 09:45:24 - [TEST_STEP][PASSED] - delay: Delayed 2 second(s)

2018-12-04 09:45:26 - [MESSAGE][PASSED] - Delayed 2 second(s)

2018-12-04 09:45:26 - [TEST_STEP][PASSED] - setText: Text 'klotc2@gmail.com' is set on object 'Object Repository/Final Object Repo/Login Page/Internal User/Email Address'

2018-12-04 09:45:26 - [MESSAGE][PASSED] - Text 'klotc2@gmail.com' is set on object 'Object Repository/Final Object Repo/Login Page/Internal User/Email Address'

2018-12-04 09:45:26 - [TEST_STEP][PASSED] - click: Object: 'Object Repository/Final Object Repo/Login Page/Internal User/Next Button' is clicked on

2018-12-04 09:45:26 - [MESSAGE][PASSED] - Object: 'Object Repository/Final Object Repo/Login Page/Internal User/Next Button' is clicked on

2018-12-04 09:45:26 - [TEST_STEP][PASSED] - delay: Delayed 2 second(s)

2018-12-04 09:45:28 - [MESSAGE][PASSED] - Delayed 2 second(s)

2018-12-04 09:45:28 - [TEST_STEP][PASSED] - setText: Text 'Test1@3456789' is set on object 'Object Repository/Final Object Repo/Login Page/Internal User/Password'

2018-12-04 09:45:29 - [MESSAGE][PASSED] - Text 'Test1@3456789' is set on object 'Object Repository/Final Object Repo/Login Page/Internal User/Password'

2018-12-04 09:45:29 - [TEST_STEP][PASSED] - delay: Delayed 2 second(s)

2018-12-04 09:45:31 - [MESSAGE][PASSED] - Delayed 2 second(s)

2018-12-04 09:45:31 - [TEST_STEP][PASSED] - click: Object: 'Object Repository/Final Object Repo/Login Page/Internal User/Login Button' is clicked on

2018-12-04 09:45:31 - [MESSAGE][PASSED] - Object: 'Object Repository/Final Object Repo/Login Page/Internal User/Login Button' is clicked on

2018-12-04 09:45:31 - [TEST_STEP][PASSED] - Statement - Try: null

2018-12-04 09:45:31 - [TEST_STEP][PASSED] - Statement - Checker = com.kms.katalon.core.webui.keyword.WebUiBuiltInKeywords.verifyElementNotPresent("Final Object Repo/Landing Page/Select to English", 3): null

2018-12-04 09:45:31 - [TEST_STEP][PASSED] - Statement - Catch (Exception e): null

2018-12-04 09:45:31 - [TEST_STEP][PASSED] - Statement - e.printStackTrace(): null

2018-12-04 09:45:31 - [TEST_STEP][PASSED] - delay: Delayed 5 second(s)

2018-12-04 09:45:36 - [MESSAGE][PASSED] - Delayed 5 second(s)

2018-12-04 09:45:36 - [TEST_STEP][PASSED] - click: Object: 'Object Repository/Final Object Repo/Landing Page/My Sites Drop Down' is clicked on

2018-12-04 09:45:36 - [MESSAGE][PASSED] - Object: 'Object Repository/Final Object Repo/Landing Page/My Sites Drop Down' is clicked on

2018-12-04 09:45:36 - [TEST_STEP][PASSED] - click: Object: 'Object Repository/Final Object Repo/Landing Page/Select to Registration Module' is clicked on

2018-12-04 09:45:37 - [MESSAGE][PASSED] - Object: 'Object Repository/Final Object Repo/Landing Page/Select to Registration Module' is clicked on

2018-12-04 09:45:37 - [TEST_STEP][PASSED] - click: Object: 'Object Repository/Final Object Repo/Landing Page/Registration Button' is clicked on

2018-12-04 09:45:40 - [MESSAGE][PASSED] - Object: 'Object Repository/Final Object Repo/Landing Page/Registration Button' is clicked on

2018-12-04 09:45:40 - [TEST_STEP][PASSED] - delay: Delayed 2 second(s)

2018-12-04 09:45:42 - [MESSAGE][PASSED] - Delayed 2 second(s)

2018-12-04 09:45:42 - [TEST_STEP][PASSED] - click: Object: 'Object Repository/Final Object Repo/New Registration - Registration Module Pages/New Reg - OTC to RO/Special Case - OTC - Form 1/AEC NO' is clicked on

2018-12-04 09:45:42 - [MESSAGE][PASSED] - Object: 'Object Repository/Final Object Repo/New Registration - Registration Module Pages/New Reg - OTC to RO/Special Case - OTC - Form 1/AEC NO' is clicked on

2018-12-04 09:45:42 - [TEST_STEP][PASSED] - click: Object: 'Object Repository/Final Object Repo/New Registration - Registration Module Pages/New Reg - OTC to RO/Special Case - OTC - Form 1/Business Entity - Please Select' is clicked on

2018-12-04 09:45:42 - [MESSAGE][PASSED] - Object: 'Object Repository/Final Object Repo/New Registration - Registration Module Pages/New Reg - OTC to RO/Special Case - OTC - Form 1/Business Entity - Please Select' is clicked on

2018-12-04 09:45:42 - [TEST_STEP][PASSED] - click: Object: 'Object Repository/Final Object Repo/New Registration - Registration Module Pages/New Reg - OTC to RO/Special Case - OTC - Form 1/Selected - Corporation' is clicked on

2018-12-04 09:45:42 - [MESSAGE][PASSED] - Object: 'Object Repository/Final Object Repo/New Registration - Registration Module Pages/New Reg - OTC to RO/Special Case - OTC - Form 1/Selected - Corporation' is clicked on

2018-12-04 09:45:42 - [TEST_STEP][PASSED] - delay: Delayed 2 second(s)

2018-12-04 09:45:44 - [MESSAGE][PASSED] - Delayed 2 second(s)

2018-12-04 09:45:44 - [TEST_STEP][PASSED] - click: Object: 'Object Repository/Final Object Repo/New Registration - Registration Module Pages/New Reg - OTC to RO/Special Case - OTC - Form 1/Sub Business Entity - Please Select' is clicked on

2018-12-04 09:45:44 - [MESSAGE][PASSED] - Object: 'Object Repository/Final Object Repo/New Registration - Registration Module Pages/New Reg - OTC to RO/Special Case - OTC - Form 1/Sub Business Entity - Please Select' is clicked on

2018-12-04 09:45:44 - [TEST_STEP][PASSED] - delay: Delayed 2 second(s)

2018-12-04 09:45:46 - [MESSAGE][PASSED] - Delayed 2 second(s)

2018-12-04 09:45:46 - [TEST_STEP][PASSED] - click: Object: 'Object Repository/Final Object Repo/New Registration - Registration Module Pages/New Reg - OTC to RO/Special Case - OTC - Form 1/Selected - Sendirian Berhad' is clicked on

2018-12-04 09:45:47 - [MESSAGE][PASSED] - Object: 'Object Repository/Final Object Repo/New Registration - Registration Module Pages/New Reg - OTC to RO/Special Case - OTC - Form 1/Selected - Sendirian Berhad' is clicked on

2018-12-04 09:45:47 - [TEST_STEP][PASSED] - setText: Text 'AUTOMATE001' is set on object 'Object Repository/Final Object Repo/New Registration - Registration Module Pages/New Reg - OTC to RO/Special Case - OTC - Form 1/Input BRN Number'

2018-12-04 09:45:47 - [MESSAGE][PASSED] - Text 'AUTOMATE001' is set on object 'Object Repository/Final Object Repo/New Registration - Registration Module Pages/New Reg - OTC to RO/Special Case - OTC - Form 1/Input BRN Number'

2018-12-04 09:45:47 - [TEST_STEP][PASSED] - delay: Delayed 2 second(s)

2018-12-04 09:45:49 - [MESSAGE][PASSED] - Delayed 2 second(s)

2018-12-04 09:45:49 - [TEST_STEP][PASSED] - click: Object: 'Object Repository/Final Object Repo/New Registration - Registration Module Pages/New Reg - OTC to RO/Special Case - OTC - Form 1/BRN Search' is clicked on

2018-12-04 09:45:49 - [MESSAGE][PASSED] - Object: 'Object Repository/Final Object Repo/New Registration - Registration Module Pages/New Reg - OTC to RO/Special Case - OTC - Form 1/BRN Search' is clicked on

2018-12-04 09:45:49 - [TEST_STEP][PASSED] - delay: Delayed 4 second(s)

2018-12-04 09:45:53 - [MESSAGE][PASSED] - Delayed 4 second(s)

2018-12-04 09:45:53 - [TEST_STEP][PASSED] - click: Object: 'Object Repository/Final Object Repo/New Registration - Registration Module Pages/New Reg - OTC to RO/Special Case - OTC - Form 1/Registered with SSM - After Feb 2017' is clicked on

2018-12-04 09:45:54 - [MESSAGE][PASSED] - Object: 'Object Repository/Final Object Repo/New Registration - Registration Module Pages/New Reg - OTC to RO/Special Case - OTC - Form 1/Registered with SSM - After Feb 2017' is clicked on

2018-12-04 09:45:54 - [TEST_STEP][PASSED] - delay: Delayed 2 second(s)

2018-12-04 09:45:56 - [MESSAGE][PASSED] - Delayed 2 second(s)

2018-12-04 09:45:56 - [TEST_STEP][PASSED] - click: Object: 'Object Repository/Final Object Repo/New Registration - Registration Module Pages/New Reg - OTC to RO/Special Case - OTC - Form 1/Registering As A Branch - No' is clicked on

2018-12-04 09:45:56 - [MESSAGE][PASSED] - Object: 'Object Repository/Final Object Repo/New Registration - Registration Module Pages/New Reg - OTC to RO/Special Case - OTC - Form 1/Registering As A Branch - No' is clicked on

2018-12-04 09:45:56 - [TEST_STEP][PASSED] - click: Object: 'Object Repository/Final Object Repo/New Registration - Registration Module Pages/New Reg - OTC to RO/Special Case - OTC - Form 1/Acknowledgement Ticked' is clicked on

2018-12-04 09:45:56 - [MESSAGE][PASSED] - Object: 'Object Repository/Final Object Repo/New Registration - Registration Module Pages/New Reg - OTC to RO/Special Case - OTC - Form 1/Acknowledgement Ticked' is clicked on

2018-12-04 09:45:56 - [TEST_STEP][PASSED] - click: Object: 'Object Repository/Final Object Repo/New Registration - Registration Module Pages/New Reg - OTC to RO/Special Case - OTC - Form 1/Submit Button' is clicked on

2018-12-04 09:45:56 - [MESSAGE][PASSED] - Object: 'Object Repository/Final Object Repo/New Registration - Registration Module Pages/New Reg - OTC to RO/Special Case - OTC - Form 1/Submit Button' is clicked on

2018-12-04 09:45:56 - [TEST_STEP][PASSED] - delay: Delayed 2 second(s)

2018-12-04 09:45:58 - [MESSAGE][PASSED] - Delayed 2 second(s)

2018-12-04 09:45:58 - [TEST_STEP][PASSED] - click: Object: 'Object Repository/Final Object Repo/New Registration - Registration Module Pages/New Reg - OTC to RO/Special Case - OTC - Form 1/Confirm No Flagging as Branch' is clicked on

2018-12-04 09:45:58 - [MESSAGE][PASSED] - Object: 'Object Repository/Final Object Repo/New Registration - Registration Module Pages/New Reg - OTC to RO/Special Case - OTC - Form 1/Confirm No Flagging as Branch' is clicked on

2018-12-04 09:45:58 - [MESSAGE][PASSED] - Call Test Case 'Test Cases/Final Aug 2018 - PKS Automation/Registration Module/Workflow/New Registration/Template/Special Case - OTC - Form 1' successfully

2018-12-04 09:45:58 - [TEST_STEP][PASSED] - callTestCase: Call Test Case 'Test Cases/Final Aug 2018 - PKS Automation/Registration Module/New Registration/Form 2/Add 1 Eligible' successfully

2018-12-04 09:45:58 - [TEST_CASE][PASSED] - Test Cases/Final Aug 2018 - PKS Automation/Registration Module/New Registration/Form 2/Add 1 Eligible: Test Cases/Final Aug 2018 - PKS Automation/Registration Module/New Registration/Form 2/Add 1 Eligible

2018-12-04 09:45:59 - [TEST_STEP][PASSED] - delay: Delayed 2 second(s)

2018-12-04 09:46:01 - [MESSAGE][PASSED] - Delayed 2 second(s)

2018-12-04 09:46:01 - [TEST_STEP][PASSED] - callTestCase: Call Test Case 'Test Cases/Final Aug 2018 - PKS Automation/Registration Module/New Registration/Form 2/Date Updater' successfully

2018-12-04 09:46:01 - [TEST_CASE][PASSED] - Test Cases/Final Aug 2018 - PKS Automation/Registration Module/New Registration/Form 2/Date Updater: Test Cases/Final Aug 2018 - PKS Automation/Registration Module/New Registration/Form 2/Date Updater

2018-12-04 09:46:01 - [TEST_STEP][PASSED] - Statement - TodayDate = new java.util.Date(): null

2018-12-04 09:46:01 - [TEST_STEP][PASSED] - Statement - CurrentDateNoFilter = new java.text.SimpleDateFormat(): null

2018-12-04 09:46:01 - [TEST_STEP][PASSED] - Statement - CurrentDateNoFilter.applyPattern("MM"): null

2018-12-04 09:46:01 - [TEST_STEP][PASSED] - Statement - monthContainerMatcher = java.lang.Integer.parseInt(CurrentDateNoFilter.format(TodayDate)): null

2018-12-04 09:46:01 - [TEST_STEP][PASSED] - Statement - monthContainerMatcher = monthContainerMatcher - 1: null

2018-12-04 09:46:01 - [TEST_STEP][PASSED] - Statement - CurrentMonth = monthContainerMatcher.toString(): null

2018-12-04 09:46:01 - [TEST_STEP][PASSED] - Statement - CurrentMonth = CurrentMonth: null

2018-12-04 09:46:01 - [TEST_STEP][PASSED] - Statement - CurrentDateNoFilter.applyPattern("yyyy"): null

2018-12-04 09:46:01 - [TEST_STEP][PASSED] - Statement - CurrentYear = CurrentDateNoFilter.format(TodayDate): null

2018-12-04 09:46:01 - [TEST_STEP][PASSED] - Statement - CurrentYear = CurrentYear: null

2018-12-04 09:46:01 - [TEST_STEP][PASSED] - Statement - intCurrentYear = java.lang.Integer.parseInt(CurrentDateNoFilter.format(TodayDate)): null

2018-12-04 09:46:01 - [TEST_STEP][PASSED] - Statement - eighteenYrsAgo = intCurrentYear - 18: null

2018-12-04 09:46:01 - [TEST_STEP][PASSED] - Statement - eighteenYrsBeforeThisYr = eighteenYrsAgo.toString(): null

2018-12-04 09:46:01 - [TEST_STEP][PASSED] - Statement - EighteenYrsBefore = eighteenYrsBeforeThisYr: null

2018-12-04 09:46:01 - [TEST_STEP][PASSED] - Statement - fiftysevenYrsAgo = intCurrentYear - 57: null

2018-12-04 09:46:01 - [TEST_STEP][PASSED] - Statement - fiftysevenYrsBeforeThisYr = fiftysevenYrsAgo.toString(): null

2018-12-04 09:46:01 - [TEST_STEP][PASSED] - Statement - FiftysevenYrsBefore = fiftysevenYrsBeforeThisYr: null

2018-12-04 09:46:01 - [TEST_STEP][PASSED] - Statement - leapYear = false: null

2018-12-04 09:46:01 - [TEST_STEP][PASSED] - Statement - leapYear = intCurrentYear % 4 == 0: null

2018-12-04 09:46:01 - [TEST_STEP][PASSED] - Statement - CurrentDateNoFilter.applyPattern("dd"): null

2018-12-04 09:46:01 - [TEST_STEP][PASSED] - Statement - CurrentDate = CurrentDateNoFilter.format(TodayDate): null

2018-12-04 09:46:01 - [TEST_STEP][PASSED] - Statement - CurrentDate = java.lang.Integer.parseInt(CurrentDate): null

2018-12-04 09:46:01 - [TEST_STEP][PASSED] - Statement - CurrentDate = CurrentDate: null

2018-12-04 09:46:01 - [TEST_STEP][PASSED] - Statement - CurrentDay = java.lang.Integer.parseInt(CurrentDate): null

2018-12-04 09:46:01 - [TEST_STEP][PASSED] - Statement - ConfAdder = <not implemented yet for class: org.codehaus.groovy.ast.expr.EmptyExpression>: null

2018-12-04 09:46:01 - [TEST_STEP][PASSED] - Statement - switch (CurrentDate): null

2018-12-04 09:46:01 - [TEST_STEP][PASSED] - Statement - Default: null

2018-12-04 09:46:01 - [TEST_STEP][PASSED] - Statement - ConfAdder = false: null

2018-12-04 09:46:01 - [TEST_STEP][PASSED] - Statement - Break: null

2018-12-04 09:46:01 - [TEST_STEP][PASSED] - Statement - aDayBefore = <not implemented yet for class: org.codehaus.groovy.ast.expr.EmptyExpression>: null

2018-12-04 09:46:01 - [TEST_STEP][PASSED] - Statement - If (ConfAdder == true): null

2018-12-04 09:46:01 - [TEST_STEP][PASSED] - Statement - Else: null

2018-12-04 09:46:01 - [TEST_STEP][PASSED] - Statement - aDayBefore = 1: null

2018-12-04 09:46:01 - [TEST_STEP][PASSED] - Statement - If (aDayBefore == 1 && CurrentMonth == 11): null

2018-12-04 09:46:01 - [TEST_STEP][PASSED] - Statement - DayBefore = aDayBefore.toString(): null

2018-12-04 09:46:01 - [TEST_STEP][PASSED] - Statement - OneDayBefore = DayBefore: null

2018-12-04 09:46:01 - [MESSAGE][PASSED] - Call Test Case 'Test Cases/Final Aug 2018 - PKS Automation/Registration Module/New Registration/Form 2/Date Updater' successfully

2018-12-04 09:46:01 - [TEST_STEP][PASSED] - delay: Delayed 1 second(s)

2018-12-04 09:46:02 - [MESSAGE][PASSED] - Delayed 1 second(s)

2018-12-04 09:46:02 - [TEST_STEP][PASSED] - Statement - CaseReferenceNo = com.kms.katalon.core.webui.keyword.WebUiBuiltInKeywords.getText(com.kms.katalon.core.testobject.ObjectRepository.findTestObject(Final Object Repo/New Registration - Registration Module Pages/Form 2/RefNo Acquiring)): Text of object 'Object Repository/Final Object Repo/New Registration - Registration Module Pages/Form 2/RefNo Acquiring' is: 'CRN12201800122964'

2018-12-04 09:46:02 - [MESSAGE][PASSED] - Text of object 'Object Repository/Final Object Repo/New Registration - Registration Module Pages/Form 2/RefNo Acquiring' is: 'CRN12201800122964'

2018-12-04 09:46:02 - [TEST_STEP][PASSED] - delay: Delayed 1 second(s)

2018-12-04 09:46:03 - [MESSAGE][PASSED] - Delayed 1 second(s)

2018-12-04 09:46:03 - [TEST_STEP][PASSED] - click: Object: 'Object Repository/Final Object Repo/New Registration - Registration Module Pages/Form 2/Add Employee Button' is clicked on

2018-12-04 09:46:04 - [MESSAGE][PASSED] - Object: 'Object Repository/Final Object Repo/New Registration - Registration Module Pages/Form 2/Add Employee Button' is clicked on

2018-12-04 09:46:04 - [TEST_STEP][PASSED] - delay: Delayed 1 second(s)

2018-12-04 09:46:05 - [MESSAGE][PASSED] - Delayed 1 second(s)

2018-12-04 09:46:05 - [TEST_STEP][PASSED] - setText: Text '010903091963' is set on object 'Object Repository/Final Object Repo/New Registration - Registration Module Pages/Form 2/NRIC Input'

2018-12-04 09:46:05 - [MESSAGE][PASSED] - Text '010903091963' is set on object 'Object Repository/Final Object Repo/New Registration - Registration Module Pages/Form 2/NRIC Input'

2018-12-04 09:46:05 - [TEST_STEP][PASSED] - click: Object: 'Object Repository/Final Object Repo/New Registration - Registration Module Pages/Form 2/button for search for IC' is clicked on

2018-12-04 09:46:05 - [MESSAGE][PASSED] - Object: 'Object Repository/Final Object Repo/New Registration - Registration Module Pages/Form 2/button for search for IC' is clicked on

2018-12-04 09:46:05 - [TEST_STEP][PASSED] - delay: Delayed 2 second(s)

2018-12-04 09:46:07 - [MESSAGE][PASSED] - Delayed 2 second(s)

2018-12-04 09:46:07 - [TEST_STEP][PASSED] - setText: Text 'Automate001 eligible 1' is set on object 'Object Repository/Final Object Repo/New Registration - Registration Module Pages/Form 2/Employee Name Input'

2018-12-04 09:46:08 - [MESSAGE][PASSED] - Text 'Automate001 eligible 1' is set on object 'Object Repository/Final Object Repo/New Registration - Registration Module Pages/Form 2/Employee Name Input'

2018-12-04 09:46:08 - [TEST_STEP][PASSED] - delay: Delayed 2 second(s)

2018-12-04 09:46:10 - [MESSAGE][PASSED] - Delayed 2 second(s)

2018-12-04 09:46:10 - [TEST_STEP][PASSED] - click: Object: 'Object Repository/Final Object Repo/New Registration - Registration Module Pages/Form 2/DatePicker Pop Up' is clicked on

2018-12-04 09:46:10 - [MESSAGE][PASSED] - Object: 'Object Repository/Final Object Repo/New Registration - Registration Module Pages/Form 2/DatePicker Pop Up' is clicked on

2018-12-04 09:46:10 - [TEST_STEP][PASSED] - click: Object: 'Object Repository/Final Object Repo/New Registration - Registration Module Pages/Form 2/DOB Month' is clicked on

2018-12-04 09:46:10 - [MESSAGE][PASSED] - Object: 'Object Repository/Final Object Repo/New Registration - Registration Module Pages/Form 2/DOB Month' is clicked on

2018-12-04 09:46:10 - [TEST_STEP][PASSED] - Statement - CurrentMonth = CurrentMonth: null

2018-12-04 09:46:10 - [TEST_STEP][PASSED] - Statement - selectMonth = new com.kms.katalon.core.testobject.TestObject(): null

2018-12-04 09:46:10 - [TEST_STEP][PASSED] - Statement - selectMonth.addProperty("xpath", EQUALS, "//body/div/div/div/select/option[@value='" + CurrentMonth + "']", true): null

2018-12-04 09:46:10 - [TEST_STEP][PASSED] - click: Object: '' is clicked on

2018-12-04 09:46:10 - [MESSAGE][PASSED] - Object: '' is clicked on

2018-12-04 09:46:10 - [TEST_STEP][PASSED] - click: Object: 'Object Repository/Final Object Repo/New Registration - Registration Module Pages/Form 2/DOB Year' is clicked on

2018-12-04 09:46:11 - [MESSAGE][PASSED] - Object: 'Object Repository/Final Object Repo/New Registration - Registration Module Pages/Form 2/DOB Year' is clicked on

2018-12-04 09:46:11 - [TEST_STEP][PASSED] - Statement - Eyearsbf = EighteenYrsBefore: null

2018-12-04 09:46:11 - [TEST_STEP][PASSED] - Statement - selectYear = new com.kms.katalon.core.testobject.TestObject(): null

2018-12-04 09:46:11 - [TEST_STEP][PASSED] - Statement - selectYear.addProperty("xpath", EQUALS, "//div/div/div/select/option[@value='" + Eyearsbf + "']", true): null

2018-12-04 09:46:11 - [TEST_STEP][PASSED] - click: Object: '' is clicked on

2018-12-04 09:46:11 - [MESSAGE][PASSED] - Object: '' is clicked on

2018-12-04 09:46:11 - [TEST_STEP][PASSED] - Statement - UpdatedSelectDate = com.kms.katalon.core.webui.keyword.WebUiBuiltInKeywords.modifyObjectProperty(com.kms.katalon.core.testobject.ObjectRepository.findTestObject(Final Object Repo/New Registration - Registration Module Pages/Form 2/DOB Date), "xpath", "equals", "//body/div/table/tbody/tr/td/a[text()="" + CurrentDate + ""]", true): Modify property of object successfully

2018-12-04 09:46:11 - [MESSAGE][PASSED] - Modify property of object successfully

2018-12-04 09:46:11 - [TEST_STEP][PASSED] - delay: Delayed 3 second(s)

2018-12-04 09:46:14 - [MESSAGE][PASSED] - Delayed 3 second(s)

2018-12-04 09:46:14 - [TEST_STEP][PASSED] - click: Object: 'Object Repository/Final Object Repo/New Registration - Registration Module Pages/Form 2/DOB Date' is clicked on

2018-12-04 09:46:14 - [MESSAGE][PASSED] - Object: 'Object Repository/Final Object Repo/New Registration - Registration Module Pages/Form 2/DOB Date' is clicked on

2018-12-04 09:46:14 - [TEST_STEP][PASSED] - delay: Delayed 2 second(s)

2018-12-04 09:46:16 - [MESSAGE][PASSED] - Delayed 2 second(s)

2018-12-04 09:46:16 - [TEST_STEP][PASSED] - click: Object: 'Object Repository/Final Object Repo/New Registration - Registration Module Pages/Form 2/EmploymentStartDate Pop Up' is clicked on

2018-12-04 09:46:16 - [MESSAGE][PASSED] - Object: 'Object Repository/Final Object Repo/New Registration - Registration Module Pages/Form 2/EmploymentStartDate Pop Up' is clicked on

2018-12-04 09:46:16 - [TEST_STEP][PASSED] - delay: Delayed 2 second(s)

2018-12-04 09:46:18 - [MESSAGE][PASSED] - Delayed 2 second(s)

2018-12-04 09:46:18 - [TEST_STEP][PASSED] - click: Object: 'Object Repository/Final Object Repo/New Registration - Registration Module Pages/Form 2/Socso Employment StartDate Month' is clicked on

2018-12-04 09:46:18 - [MESSAGE][PASSED] - Object: 'Object Repository/Final Object Repo/New Registration - Registration Module Pages/Form 2/Socso Employment StartDate Month' is clicked on

2018-12-04 09:46:18 - [TEST_STEP][PASSED] - delay: Delayed 1 second(s)

2018-12-04 09:46:19 - [MESSAGE][PASSED] - Delayed 1 second(s)

2018-12-04 09:46:19 - [TEST_STEP][PASSED] - click: Object: 'Object Repository/Final Object Repo/New Registration - Registration Module Pages/Form 2/Select Socso Employement Startdate Month' is clicked on

2018-12-04 09:46:20 - [MESSAGE][PASSED] - Object: 'Object Repository/Final Object Repo/New Registration - Registration Module Pages/Form 2/Select Socso Employement Startdate Month' is clicked on

2018-12-04 09:46:20 - [TEST_STEP][PASSED] - delay: Delayed 2 second(s)

2018-12-04 09:46:22 - [MESSAGE][PASSED] - Delayed 2 second(s)

2018-12-04 09:46:22 - [TEST_STEP][PASSED] - click: Object: 'Object Repository/Final Object Repo/New Registration - Registration Module Pages/Form 2/Socso Employment StartDate Year' is clicked on

2018-12-04 09:46:22 - [MESSAGE][PASSED] - Object: 'Object Repository/Final Object Repo/New Registration - Registration Module Pages/Form 2/Socso Employment StartDate Year' is clicked on

2018-12-04 09:46:22 - [TEST_STEP][PASSED] - delay: Delayed 1 second(s)

2018-12-04 09:46:23 - [MESSAGE][PASSED] - Delayed 1 second(s)

2018-12-04 09:46:23 - [TEST_STEP][PASSED] - click: Object: 'Object Repository/Final Object Repo/New Registration - Registration Module Pages/Form 2/Select Socso Employment Startdate Year' is clicked on

2018-12-04 09:46:23 - [MESSAGE][PASSED] - Object: 'Object Repository/Final Object Repo/New Registration - Registration Module Pages/Form 2/Select Socso Employment Startdate Year' is clicked on

2018-12-04 09:46:23 - [TEST_STEP][PASSED] - delay: Delayed 2 second(s)

2018-12-04 09:46:25 - [MESSAGE][PASSED] - Delayed 2 second(s)

2018-12-04 09:46:25 - [TEST_STEP][PASSED] - click: Object: 'Object Repository/Final Object Repo/New Registration - Registration Module Pages/Form 2/Socso Employment Start Date Day' is clicked on

2018-12-04 09:46:25 - [MESSAGE][PASSED] - Object: 'Object Repository/Final Object Repo/New Registration - Registration Module Pages/Form 2/Socso Employment Start Date Day' is clicked on

2018-12-04 09:46:25 - [TEST_STEP][PASSED] - delay: Delayed 2 second(s)

2018-12-04 09:46:27 - [MESSAGE][PASSED] - Delayed 2 second(s)

2018-12-04 09:46:27 - [TEST_STEP][PASSED] - click: Object: 'Object Repository/Final Object Repo/New Registration - Registration Module Pages/Form 2/Save Button for Add Employee' is clicked on

2018-12-04 09:46:27 - [MESSAGE][PASSED] - Object: 'Object Repository/Final Object Repo/New Registration - Registration Module Pages/Form 2/Save Button for Add Employee' is clicked on

2018-12-04 09:46:27 - [TEST_STEP][PASSED] - delay: Delayed 6 second(s)

2018-12-04 09:46:33 - [MESSAGE][PASSED] - Delayed 6 second(s)

2018-12-04 09:46:33 - [TEST_STEP][PASSED] - click: Object: 'Object Repository/Final Object Repo/New Registration - Registration Module Pages/Form 2/Save and Continue Form 2' is clicked on

2018-12-04 09:46:34 - [MESSAGE][PASSED] - Object: 'Object Repository/Final Object Repo/New Registration - Registration Module Pages/Form 2/Save and Continue Form 2' is clicked on

2018-12-04 09:46:34 - [MESSAGE][PASSED] - Call Test Case 'Test Cases/Final Aug 2018 - PKS Automation/Registration Module/New Registration/Form 2/Add 1 Eligible' successfully

2018-12-04 09:46:34 - [TEST_STEP][PASSED] - callTestCase: Call Test Case 'Test Cases/Final Aug 2018 - PKS Automation/Registration Module/New Registration/Flow of New Registration/Third Screen - Upload Supporting Doc - Preview' successfully

2018-12-04 09:46:34 - [TEST_CASE][PASSED] - Test Cases/Final Aug 2018 - PKS Automation/Registration Module/New Registration/Flow of New Registration/Third Screen - Upload Supporting Doc - Preview: Test Cases/Final Aug 2018 - PKS Automation/Registration Module/New Registration/Flow of New Registration/Third Screen - Upload Supporting Doc - Preview

2018-12-04 09:46:34 - [TEST_STEP][PASSED] - waitForPageLoad: Wait for page load successfully

2018-12-04 09:46:35 - [MESSAGE][PASSED] - Wait for page load successfully

2018-12-04 09:46:35 - [TEST_STEP][PASSED] - Statement - CaseReferenceNo = com.kms.katalon.core.webui.keyword.WebUiBuiltInKeywords.getText(com.kms.katalon.core.testobject.ObjectRepository.findTestObject(Final Object Repo/New Registration - Registration Module Pages/Third Screen - Upload Supporting Doc- Preview/RefNo Acquiring)): Text of object 'Object Repository/Final Object Repo/New Registration - Registration Module Pages/Third Screen - Upload Supporting Doc- Preview/RefNo Acquiring' is: 'CRN12201800122964'

2018-12-04 09:46:36 - [MESSAGE][PASSED] - Text of object 'Object Repository/Final Object Repo/New Registration - Registration Module Pages/Third Screen - Upload Supporting Doc- Preview/RefNo Acquiring' is: 'CRN12201800122964'

2018-12-04 09:46:36 - [TEST_STEP][PASSED] - delay: Delayed 2 second(s)

2018-12-04 09:46:38 - [MESSAGE][PASSED] - Delayed 2 second(s)

2018-12-04 09:46:38 - [TEST_STEP][PASSED] - callTestCase: Call Test Case 'Test Cases/Final Aug 2018 - PKS Automation/Common/Reference Number Setter' successfully

2018-12-04 09:46:38 - [TEST_CASE][PASSED] - Test Cases/Final Aug 2018 - PKS Automation/Common/Reference Number Setter: Test Cases/Final Aug 2018 - PKS Automation/Common/Reference Number Setter

2018-12-04 09:46:38 - [TEST_STEP][PASSED] - Statement - RefNoOldFile = new java.io.File(C://Users//Admin//Desktop//PKS//Automation Reference Point//KatalonReference.txt): null

2018-12-04 09:46:38 - [TEST_STEP][PASSED] - Statement - RefNoOldFile.delete(): null

2018-12-04 09:46:38 - [TEST_STEP][PASSED] - delay: Delayed 5 second(s)

2018-12-04 09:46:43 - [MESSAGE][PASSED] - Delayed 5 second(s)

2018-12-04 09:46:43 - [TEST_STEP][PASSED] - Statement - RefNo = new java.io.File(C://Users//Admin//Desktop//PKS//Automation Reference Point//KatalonReference.txt): null

2018-12-04 09:46:43 - [TEST_STEP][PASSED] - Statement - f2 = new java.io.FileWriter(RefNo, false): null

2018-12-04 09:46:43 - [TEST_STEP][PASSED] - Statement - f2.write(CaseReferenceNo): null

2018-12-04 09:46:43 - [TEST_STEP][PASSED] - Statement - f2.close(): null

2018-12-04 09:46:43 - [TEST_STEP][PASSED] - Statement - out.println("


" + CaseReferenceNo + "


"): null

2018-12-04 09:46:43 - [MESSAGE][PASSED] - Call Test Case 'Test Cases/Final Aug 2018 - PKS Automation/Common/Reference Number Setter' successfully

2018-12-04 09:46:43 - [TEST_STEP][PASSED] - waitForElementClickable: Object 'Object Repository/Final Object Repo/New Registration - Registration Module Pages/Third Screen - Upload Supporting Doc- Preview/Save n Continue in SIP Employee Listing Page' is clickable

2018-12-04 09:46:43 - [MESSAGE][PASSED] - Object 'Object Repository/Final Object Repo/New Registration - Registration Module Pages/Third Screen - Upload Supporting Doc- Preview/Save n Continue in SIP Employee Listing Page' is clickable

2018-12-04 09:46:43 - [TEST_STEP][PASSED] - click: Object: 'Object Repository/Final Object Repo/New Registration - Registration Module Pages/Third Screen - Upload Supporting Doc- Preview/Save n Continue in SIP Employee Listing Page' is clicked on

2018-12-04 09:46:48 - [MESSAGE][PASSED] - Object: 'Object Repository/Final Object Repo/New Registration - Registration Module Pages/Third Screen - Upload Supporting Doc- Preview/Save n Continue in SIP Employee Listing Page' is clicked on

2018-12-04 09:46:48 - [TEST_STEP][PASSED] - delay: Delayed 7 second(s)

2018-12-04 09:46:55 - [MESSAGE][PASSED] - Delayed 7 second(s)

2018-12-04 09:46:55 - [TEST_STEP][PASSED] - click: Object: 'Object Repository/Final Object Repo/New Registration - Registration Module Pages/Third Screen - Upload Supporting Doc- Preview/Add Document Button' is clicked on

2018-12-04 09:46:56 - [MESSAGE][PASSED] - Object: 'Object Repository/Final Object Repo/New Registration - Registration Module Pages/Third Screen - Upload Supporting Doc- Preview/Add Document Button' is clicked on

2018-12-04 09:46:56 - [TEST_STEP][PASSED] - delay: Delayed 30 second(s)

2018-12-04 09:47:26 - [MESSAGE][PASSED] - Delayed 30 second(s)

2018-12-04 09:47:26 - [TEST_STEP][PASSED] - click: Object: 'Object Repository/Final Object Repo/New Registration - Registration Module Pages/Third Screen - Upload Supporting Doc- Preview/Supporting Doc Please Select Drop Down' is clicked on

2018-12-04 09:47:26 - [MESSAGE][PASSED] - Object: 'Object Repository/Final Object Repo/New Registration - Registration Module Pages/Third Screen - Upload Supporting Doc- Preview/Supporting Doc Please Select Drop Down' is clicked on

2018-12-04 09:47:26 - [TEST_STEP][PASSED] - delay: Delayed 2 second(s)

2018-12-04 09:47:28 - [MESSAGE][PASSED] - Delayed 2 second(s)

2018-12-04 09:47:28 - [TEST_STEP][PASSED] - click: Object: 'Object Repository/Final Object Repo/New Registration - Registration Module Pages/Third Screen - Upload Supporting Doc- Preview/Select to Upload Form 1' is clicked on

2018-12-04 09:47:28 - [MESSAGE][PASSED] - Object: 'Object Repository/Final Object Repo/New Registration - Registration Module Pages/Third Screen - Upload Supporting Doc- Preview/Select to Upload Form 1' is clicked on

2018-12-04 09:47:28 - [TEST_STEP][PASSED] - delay: Delayed 2 second(s)

2018-12-04 09:47:30 - [MESSAGE][PASSED] - Delayed 2 second(s)

2018-12-04 09:47:30 - [TEST_STEP][PASSED] - uploadFile: File 'C:\Users\Public\Pictures\Sample Pictures\Koala.jpg' sent to object: 'Object Repository/Final Object Repo/New Registration - Registration Module Pages/Third Screen - Upload Supporting Doc- Preview/Upload File Adding'

2018-12-04 09:47:30 - [MESSAGE][PASSED] - File 'C:\Users\Public\Pictures\Sample Pictures\Koala.jpg' sent to object: 'Object Repository/Final Object Repo/New Registration - Registration Module Pages/Third Screen - Upload Supporting Doc- Preview/Upload File Adding'

2018-12-04 09:47:30 - [TEST_STEP][PASSED] - delay: Delayed 5 second(s)

2018-12-04 09:47:35 - [MESSAGE][PASSED] - Delayed 5 second(s)

2018-12-04 09:47:35 - [TEST_STEP][PASSED] - click: Object: 'Object Repository/Final Object Repo/New Registration - Registration Module Pages/Third Screen - Upload Supporting Doc- Preview/Inner Form Add Document Button' is clicked on

2018-12-04 09:47:35 - [MESSAGE][PASSED] - Object: 'Object Repository/Final Object Repo/New Registration - Registration Module Pages/Third Screen - Upload Supporting Doc- Preview/Inner Form Add Document Button' is clicked on

2018-12-04 09:47:35 - [TEST_STEP][PASSED] - delay: Delayed 3 second(s)

2018-12-04 09:47:38 - [MESSAGE][PASSED] - Delayed 3 second(s)

2018-12-04 09:47:38 - [TEST_STEP][PASSED] - click: Object: 'Object Repository/Final Object Repo/New Registration - Registration Module Pages/Third Screen - Upload Supporting Doc- Preview/Add Document Button' is clicked on

2018-12-04 09:47:40 - [MESSAGE][PASSED] - Object: 'Object Repository/Final Object Repo/New Registration - Registration Module Pages/Third Screen - Upload Supporting Doc- Preview/Add Document Button' is clicked on

2018-12-04 09:47:40 - [TEST_STEP][PASSED] - delay: Delayed 30 second(s)

2018-12-04 09:48:10 - [MESSAGE][PASSED] - Delayed 30 second(s)

2018-12-04 09:48:10 - [TEST_STEP][PASSED] - click: Object: 'Object Repository/Final Object Repo/New Registration - Registration Module Pages/Third Screen - Upload Supporting Doc- Preview/Supporting Doc Please Select Drop Down' is clicked on

2018-12-04 09:48:10 - [MESSAGE][PASSED] - Object: 'Object Repository/Final Object Repo/New Registration - Registration Module Pages/Third Screen - Upload Supporting Doc- Preview/Supporting Doc Please Select Drop Down' is clicked on

2018-12-04 09:48:10 - [TEST_STEP][PASSED] - delay: Delayed 2 second(s)

2018-12-04 09:48:12 - [MESSAGE][PASSED] - Delayed 2 second(s)

2018-12-04 09:48:12 - [TEST_STEP][PASSED] - click: Object: 'Object Repository/Final Object Repo/New Registration - Registration Module Pages/Third Screen - Upload Supporting Doc- Preview/Select to Upload Form 2' is clicked on

2018-12-04 09:48:12 - [MESSAGE][PASSED] - Object: 'Object Repository/Final Object Repo/New Registration - Registration Module Pages/Third Screen - Upload Supporting Doc- Preview/Select to Upload Form 2' is clicked on

2018-12-04 09:48:12 - [TEST_STEP][PASSED] - delay: Delayed 2 second(s)

2018-12-04 09:48:14 - [MESSAGE][PASSED] - Delayed 2 second(s)

2018-12-04 09:48:14 - [TEST_STEP][PASSED] - uploadFile: File 'C:\Users\Public\Pictures\Sample Pictures\Koala.jpg' sent to object: 'Object Repository/Final Object Repo/New Registration - Registration Module Pages/Third Screen - Upload Supporting Doc- Preview/Upload File Adding'

2018-12-04 09:48:14 - [MESSAGE][PASSED] - File 'C:\Users\Public\Pictures\Sample Pictures\Koala.jpg' sent to object: 'Object Repository/Final Object Repo/New Registration - Registration Module Pages/Third Screen - Upload Supporting Doc- Preview/Upload File Adding'

2018-12-04 09:48:14 - [TEST_STEP][PASSED] - click: Object: 'Object Repository/Final Object Repo/New Registration - Registration Module Pages/Third Screen - Upload Supporting Doc- Preview/Inner Form Add Document Button' is clicked on

2018-12-04 09:48:14 - [MESSAGE][PASSED] - Object: 'Object Repository/Final Object Repo/New Registration - Registration Module Pages/Third Screen - Upload Supporting Doc- Preview/Inner Form Add Document Button' is clicked on

2018-12-04 09:48:14 - [TEST_STEP][PASSED] - delay: Delayed 5 second(s)

2018-12-04 09:48:19 - [MESSAGE][PASSED] - Delayed 5 second(s)

2018-12-04 09:48:19 - [TEST_STEP][PASSED] - click: Object: 'Object Repository/Final Object Repo/New Registration - Registration Module Pages/Third Screen - Upload Supporting Doc- Preview/Add Document Button' is clicked on

2018-12-04 09:48:20 - [MESSAGE][PASSED] - Object: 'Object Repository/Final Object Repo/New Registration - Registration Module Pages/Third Screen - Upload Supporting Doc- Preview/Add Document Button' is clicked on

2018-12-04 09:48:20 - [TEST_STEP][PASSED] - delay: Delayed 30 second(s)

2018-12-04 09:48:50 - [MESSAGE][PASSED] - Delayed 30 second(s)

2018-12-04 09:48:50 - [TEST_STEP][PASSED] - click: Object: 'Object Repository/Final Object Repo/New Registration - Registration Module Pages/Third Screen - Upload Supporting Doc- Preview/Supporting Doc Please Select Drop Down' is clicked on

2018-12-04 09:48:50 - [MESSAGE][PASSED] - Object: 'Object Repository/Final Object Repo/New Registration - Registration Module Pages/Third Screen - Upload Supporting Doc- Preview/Supporting Doc Please Select Drop Down' is clicked on

2018-12-04 09:48:50 - [TEST_STEP][PASSED] - click: Object: 'Object Repository/Final Object Repo/New Registration - Registration Module Pages/Third Screen - Upload Supporting Doc- Preview/Select to Upload Borang SIP 1' is clicked on

2018-12-04 09:48:50 - [MESSAGE][PASSED] - Object: 'Object Repository/Final Object Repo/New Registration - Registration Module Pages/Third Screen - Upload Supporting Doc- Preview/Select to Upload Borang SIP 1' is clicked on

2018-12-04 09:48:50 - [TEST_STEP][PASSED] - delay: Delayed 2 second(s)

2018-12-04 09:48:52 - [MESSAGE][PASSED] - Delayed 2 second(s)

2018-12-04 09:48:52 - [TEST_STEP][PASSED] - uploadFile: File 'C:\Users\Public\Pictures\Sample Pictures\Koala.jpg' sent to object: 'Object Repository/Final Object Repo/New Registration - Registration Module Pages/Third Screen - Upload Supporting Doc- Preview/Upload File Adding'

2018-12-04 09:48:52 - [MESSAGE][PASSED] - File 'C:\Users\Public\Pictures\Sample Pictures\Koala.jpg' sent to object: 'Object Repository/Final Object Repo/New Registration - Registration Module Pages/Third Screen - Upload Supporting Doc- Preview/Upload File Adding'

2018-12-04 09:48:52 - [TEST_STEP][PASSED] - click: Object: 'Object Repository/Final Object Repo/New Registration - Registration Module Pages/Third Screen - Upload Supporting Doc- Preview/Inner Form Add Document Button' is clicked on

2018-12-04 09:48:52 - [MESSAGE][PASSED] - Object: 'Object Repository/Final Object Repo/New Registration - Registration Module Pages/Third Screen - Upload Supporting Doc- Preview/Inner Form Add Document Button' is clicked on

2018-12-04 09:48:52 - [TEST_STEP][PASSED] - delay: Delayed 5 second(s)

2018-12-04 09:48:57 - [MESSAGE][PASSED] - Delayed 5 second(s)

2018-12-04 09:48:57 - [TEST_STEP][PASSED] - click: Object: 'Object Repository/Final Object Repo/New Registration - Registration Module Pages/Third Screen - Upload Supporting Doc- Preview/Add Document Button' is clicked on

2018-12-04 09:48:58 - [MESSAGE][PASSED] - Object: 'Object Repository/Final Object Repo/New Registration - Registration Module Pages/Third Screen - Upload Supporting Doc- Preview/Add Document Button' is clicked on

2018-12-04 09:48:58 - [TEST_STEP][PASSED] - delay: Delayed 30 second(s)

2018-12-04 09:49:28 - [MESSAGE][PASSED] - Delayed 30 second(s)

2018-12-04 09:49:28 - [TEST_STEP][PASSED] - click: Object: 'Object Repository/Final Object Repo/New Registration - Registration Module Pages/Third Screen - Upload Supporting Doc- Preview/Supporting Doc Please Select Drop Down' is clicked on

2018-12-04 09:49:28 - [MESSAGE][PASSED] - Object: 'Object Repository/Final Object Repo/New Registration - Registration Module Pages/Third Screen - Upload Supporting Doc- Preview/Supporting Doc Please Select Drop Down' is clicked on

2018-12-04 09:49:28 - [TEST_STEP][PASSED] - delay: Delayed 3 second(s)

2018-12-04 09:49:31 - [MESSAGE][PASSED] - Delayed 3 second(s)

2018-12-04 09:49:31 - [TEST_STEP][PASSED] - click: Object: 'Object Repository/Final Object Repo/New Registration - Registration Module Pages/Third Screen - Upload Supporting Doc- Preview/Select to Upload Borang SIP 2' is clicked on

2018-12-04 09:49:31 - [MESSAGE][PASSED] - Object: 'Object Repository/Final Object Repo/New Registration - Registration Module Pages/Third Screen - Upload Supporting Doc- Preview/Select to Upload Borang SIP 2' is clicked on

2018-12-04 09:49:31 - [TEST_STEP][PASSED] - delay: Delayed 2 second(s)

2018-12-04 09:49:33 - [MESSAGE][PASSED] - Delayed 2 second(s)

2018-12-04 09:49:33 - [TEST_STEP][PASSED] - uploadFile: File 'C:\Users\Public\Pictures\Sample Pictures\Koala.jpg' sent to object: 'Object Repository/Final Object Repo/New Registration - Registration Module Pages/Third Screen - Upload Supporting Doc- Preview/Upload File Adding'

2018-12-04 09:49:33 - [MESSAGE][PASSED] - File 'C:\Users\Public\Pictures\Sample Pictures\Koala.jpg' sent to object: 'Object Repository/Final Object Repo/New Registration - Registration Module Pages/Third Screen - Upload Supporting Doc- Preview/Upload File Adding'

2018-12-04 09:49:33 - [TEST_STEP][PASSED] - delay: Delayed 5 second(s)

2018-12-04 09:49:38 - [MESSAGE][PASSED] - Delayed 5 second(s)

2018-12-04 09:49:38 - [TEST_STEP][PASSED] - click: Object: 'Object Repository/Final Object Repo/New Registration - Registration Module Pages/Third Screen - Upload Supporting Doc- Preview/Inner Form Add Document Button' is clicked on

2018-12-04 09:49:38 - [MESSAGE][PASSED] - Object: 'Object Repository/Final Object Repo/New Registration - Registration Module Pages/Third Screen - Upload Supporting Doc- Preview/Inner Form Add Document Button' is clicked on

2018-12-04 09:49:38 - [TEST_STEP][PASSED] - delay: Delayed 3 second(s)

2018-12-04 09:49:41 - [MESSAGE][PASSED] - Delayed 3 second(s)

2018-12-04 09:49:41 - [TEST_STEP][PASSED] - waitForElementClickable: Object 'Object Repository/Final Object Repo/New Registration - Registration Module Pages/Third Screen - Upload Supporting Doc- Preview/Save n Continue in Uploading Supporting Doc Page' is clickable

2018-12-04 09:49:42 - [MESSAGE][PASSED] - Object 'Object Repository/Final Object Repo/New Registration - Registration Module Pages/Third Screen - Upload Supporting Doc- Preview/Save n Continue in Uploading Supporting Doc Page' is clickable

2018-12-04 09:49:42 - [TEST_STEP][PASSED] - click: Object: 'Object Repository/Final Object Repo/New Registration - Registration Module Pages/Third Screen - Upload Supporting Doc- Preview/Save n Continue in Uploading Supporting Doc Page' is clicked on

2018-12-04 09:49:43 - [MESSAGE][PASSED] - Object: 'Object Repository/Final Object Repo/New Registration - Registration Module Pages/Third Screen - Upload Supporting Doc- Preview/Save n Continue in Uploading Supporting Doc Page' is clicked on

2018-12-04 09:49:43 - [MESSAGE][PASSED] - Call Test Case 'Test Cases/Final Aug 2018 - PKS Automation/Registration Module/New Registration/Flow of New Registration/Third Screen - Upload Supporting Doc - Preview' successfully

2018-12-04 09:49:43 - [TEST_STEP][PASSED] - callTestCase: Call Test Case 'Test Cases/Final Aug 2018 - PKS Automation/Registration Module/New Registration/Submit and Screenshot/Submit Registration and Screenshot' successfully

2018-12-04 09:49:43 - [TEST_CASE][PASSED] - Test Cases/Final Aug 2018 - PKS Automation/Registration Module/New Registration/Submit and Screenshot/Submit Registration and Screenshot: Test Cases/Final Aug 2018 - PKS Automation/Registration Module/New Registration/Submit and Screenshot/Submit Registration and Screenshot

2018-12-04 09:49:43 - [TEST_STEP][PASSED] - delay: Delayed 6 second(s)

2018-12-04 09:49:49 - [MESSAGE][PASSED] - Delayed 6 second(s)

2018-12-04 09:49:49 - [TEST_STEP][PASSED] - click: Object: 'Object Repository/Final Object Repo/New Registration - Registration Module Pages/Third Screen - Upload Supporting Doc- Preview/Preview Submit Button' is clicked on

2018-12-04 09:49:49 - [MESSAGE][PASSED] - Object: 'Object Repository/Final Object Repo/New Registration - Registration Module Pages/Third Screen - Upload Supporting Doc- Preview/Preview Submit Button' is clicked on

2018-12-04 09:49:49 - [TEST_STEP][PASSED] - delay: Delayed 2 second(s)

2018-12-04 09:49:51 - [MESSAGE][PASSED] - Delayed 2 second(s)

2018-12-04 09:49:51 - [TEST_STEP][PASSED] - click: Object: 'Object Repository/Final Object Repo/New Registration - Registration Module Pages/Third Screen - Upload Supporting Doc- Preview/Preview Submit - Confirm' is clicked on

2018-12-04 09:49:51 - [MESSAGE][PASSED] - Object: 'Object Repository/Final Object Repo/New Registration - Registration Module Pages/Third Screen - Upload Supporting Doc- Preview/Preview Submit - Confirm' is clicked on

2018-12-04 09:49:51 - [TEST_STEP][PASSED] - delay: Delayed 15 second(s)

2018-12-04 09:50:06 - [MESSAGE][PASSED] - Delayed 15 second(s)

2018-12-04 09:50:06 - [TEST_STEP][PASSED] - Statement - driver = com.kms.katalon.core.webui.driver.DriverFactory.getWebDriver(): null

2018-12-04 09:50:06 - [TEST_STEP][PASSED] - Statement - driver.manage().timeouts().implicitlyWait(10, SECONDS): null

2018-12-04 09:50:06 - [TEST_STEP][PASSED] - Statement - PresavePath = KatalonScreenshots: null

2018-12-04 09:50:06 - [TEST_STEP][PASSED] - Statement - pathPrefix = "C:\Users\Public\Pictures\Sample Pictures\Katalon Screenshots\Automate Ending Screen": null

2018-12-04 09:50:06 - [TEST_STEP][PASSED] - Statement - finalPath = <not implemented yet for class: org.codehaus.groovy.ast.expr.EmptyExpression>: null

2018-12-04 09:50:06 - [TEST_STEP][PASSED] - Statement - scrFile = driver.getScreenshotAs(FILE): null

2018-12-04 09:50:06 - [TEST_STEP][PASSED] - Statement - PreSaveFile = new java.io.File(PresavePath): null

2018-12-04 09:50:06 - [TEST_STEP][PASSED] - Statement - counter = 0: null

2018-12-04 09:50:06 - [TEST_STEP][PASSED] - Statement - If (PreSaveFile.exists()): null

2018-12-04 09:50:06 - [TEST_STEP][PASSED] - Statement - While (PreSaveFile.exists()): null

2018-12-04 09:50:06 - [TEST_STEP][PASSED] - Statement - counter = counter + 1: null

2018-12-04 09:50:06 - [TEST_STEP][PASSED] - Statement - PreSaveFile = new java.io.File(((pathPrefix + java.lang.Integer.toString(counter)) + .png)): null

2018-12-04 09:50:06 - [TEST_STEP][PASSED] - Statement - counter = counter + 1: null

2018-12-04 09:50:06 - [TEST_STEP][PASSED] - Statement - PreSaveFile = new java.io.File(((pathPrefix + java.lang.Integer.toString(counter)) + .png)): null

2018-12-04 09:50:06 - [TEST_STEP][PASSED] - Statement - counter = counter + 1: null

2018-12-04 09:50:06 - [TEST_STEP][PASSED] - Statement - PreSaveFile = new java.io.File(((pathPrefix + java.lang.Integer.toString(counter)) + .png)): null

2018-12-04 09:50:06 - [TEST_STEP][PASSED] - Statement - counter = counter + 1: null

2018-12-04 09:50:06 - [TEST_STEP][PASSED] - Statement - PreSaveFile = new java.io.File(((pathPrefix + java.lang.Integer.toString(counter)) + .png)): null

2018-12-04 09:50:06 - [TEST_STEP][PASSED] - Statement - counter = counter + 1: null

2018-12-04 09:50:06 - [TEST_STEP][PASSED] - Statement - PreSaveFile = new java.io.File(((pathPrefix + java.lang.Integer.toString(counter)) + .png)): null

2018-12-04 09:50:06 - [TEST_STEP][PASSED] - Statement - counter = counter + 1: null

2018-12-04 09:50:06 - [TEST_STEP][PASSED] - Statement - PreSaveFile = new java.io.File(((pathPrefix + java.lang.Integer.toString(counter)) + .png)): null

2018-12-04 09:50:06 - [TEST_STEP][PASSED] - Statement - counter = counter + 1: null

2018-12-04 09:50:06 - [TEST_STEP][PASSED] - Statement - PreSaveFile = new java.io.File(((pathPrefix + java.lang.Integer.toString(counter)) + .png)): null

2018-12-04 09:50:06 - [TEST_STEP][PASSED] - Statement - counter = counter + 1: null

2018-12-04 09:50:06 - [TEST_STEP][PASSED] - Statement - PreSaveFile = new java.io.File(((pathPrefix + java.lang.Integer.toString(counter)) + .png)): null

2018-12-04 09:50:06 - [TEST_STEP][PASSED] - Statement - counter = counter + 1: null

2018-12-04 09:50:06 - [TEST_STEP][PASSED] - Statement - PreSaveFile = new java.io.File(((pathPrefix + java.lang.Integer.toString(counter)) + .png)): null

2018-12-04 09:50:06 - [TEST_STEP][PASSED] - Statement - counter = counter + 1: null

2018-12-04 09:50:06 - [TEST_STEP][PASSED] - Statement - PreSaveFile = new java.io.File(((pathPrefix + java.lang.Integer.toString(counter)) + .png)): null

2018-12-04 09:50:06 - [TEST_STEP][PASSED] - Statement - counter = counter + 1: null

2018-12-04 09:50:06 - [TEST_STEP][PASSED] - Statement - PreSaveFile = new java.io.File(((pathPrefix + java.lang.Integer.toString(counter)) + .png)): null

2018-12-04 09:50:06 - [TEST_STEP][PASSED] - Statement - counter = counter + 1: null

2018-12-04 09:50:06 - [TEST_STEP][PASSED] - Statement - PreSaveFile = new java.io.File(((pathPrefix + java.lang.Integer.toString(counter)) + .png)): null

2018-12-04 09:50:06 - [TEST_STEP][PASSED] - Statement - counter = counter + 1: null

2018-12-04 09:50:06 - [TEST_STEP][PASSED] - Statement - PreSaveFile = new java.io.File(((pathPrefix + java.lang.Integer.toString(counter)) + .png)): null

2018-12-04 09:50:06 - [TEST_STEP][PASSED] - Statement - counter = counter + 1: null

2018-12-04 09:50:06 - [TEST_STEP][PASSED] - Statement - PreSaveFile = new java.io.File(((pathPrefix + java.lang.Integer.toString(counter)) + .png)): null

2018-12-04 09:50:06 - [TEST_STEP][PASSED] - Statement - counter = counter + 1: null

2018-12-04 09:50:06 - [TEST_STEP][PASSED] - Statement - PreSaveFile = new java.io.File(((pathPrefix + java.lang.Integer.toString(counter)) + .png)): null

2018-12-04 09:50:06 - [TEST_STEP][PASSED] - Statement - counter = counter + 1: null

2018-12-04 09:50:06 - [TEST_STEP][PASSED] - Statement - PreSaveFile = new java.io.File(((pathPrefix + java.lang.Integer.toString(counter)) + .png)): null

2018-12-04 09:50:06 - [TEST_STEP][PASSED] - Statement - counter = counter + 1: null

2018-12-04 09:50:07 - [TEST_STEP][PASSED] - Statement - PreSaveFile = new java.io.File(((pathPrefix + java.lang.Integer.toString(counter)) + .png)): null

2018-12-04 09:50:07 - [TEST_STEP][PASSED] - Statement - counter = counter + 1: null

2018-12-04 09:50:07 - [TEST_STEP][PASSED] - Statement - PreSaveFile = new java.io.File(((pathPrefix + java.lang.Integer.toString(counter)) + .png)): null

2018-12-04 09:50:07 - [TEST_STEP][PASSED] - Statement - counter = counter + 1: null

2018-12-04 09:50:07 - [TEST_STEP][PASSED] - Statement - PreSaveFile = new java.io.File(((pathPrefix + java.lang.Integer.toString(counter)) + .png)): null

2018-12-04 09:50:07 - [TEST_STEP][PASSED] - Statement - counter = counter + 1: null

2018-12-04 09:50:07 - [TEST_STEP][PASSED] - Statement - PreSaveFile = new java.io.File(((pathPrefix + java.lang.Integer.toString(counter)) + .png)): null

2018-12-04 09:50:07 - [TEST_STEP][PASSED] - Statement - counter = counter + 1: null

2018-12-04 09:50:07 - [TEST_STEP][PASSED] - Statement - PreSaveFile = new java.io.File(((pathPrefix + java.lang.Integer.toString(counter)) + .png)): null

2018-12-04 09:50:07 - [TEST_STEP][PASSED] - Statement - counter = counter + 1: null

2018-12-04 09:50:07 - [TEST_STEP][PASSED] - Statement - PreSaveFile = new java.io.File(((pathPrefix + java.lang.Integer.toString(counter)) + .png)): null

2018-12-04 09:50:07 - [TEST_STEP][PASSED] - Statement - counter = counter + 1: null

2018-12-04 09:50:07 - [TEST_STEP][PASSED] - Statement - PreSaveFile = new java.io.File(((pathPrefix + java.lang.Integer.toString(counter)) + .png)): null

2018-12-04 09:50:07 - [TEST_STEP][PASSED] - Statement - counter = counter + 1: null

2018-12-04 09:50:07 - [TEST_STEP][PASSED] - Statement - PreSaveFile = new java.io.File(((pathPrefix + java.lang.Integer.toString(counter)) + .png)): null

2018-12-04 09:50:07 - [TEST_STEP][PASSED] - Statement - counter = counter + 1: null

2018-12-04 09:50:07 - [TEST_STEP][PASSED] - Statement - PreSaveFile = new java.io.File(((pathPrefix + java.lang.Integer.toString(counter)) + .png)): null

2018-12-04 09:50:07 - [TEST_STEP][PASSED] - Statement - counter = counter + 1: null

2018-12-04 09:50:07 - [TEST_STEP][PASSED] - Statement - PreSaveFile = new java.io.File(((pathPrefix + java.lang.Integer.toString(counter)) + .png)): null

2018-12-04 09:50:07 - [TEST_STEP][PASSED] - Statement - counter = counter + 1: null

2018-12-04 09:50:07 - [TEST_STEP][PASSED] - Statement - PreSaveFile = new java.io.File(((pathPrefix + java.lang.Integer.toString(counter)) + .png)): null

2018-12-04 09:50:07 - [TEST_STEP][PASSED] - Statement - counter = counter + 1: null

2018-12-04 09:50:08 - [TEST_STEP][PASSED] - Statement - PreSaveFile = new java.io.File(((pathPrefix + java.lang.Integer.toString(counter)) + .png)): null

2018-12-04 09:50:08 - [TEST_STEP][PASSED] - Statement - counter = counter + 1: null

2018-12-04 09:50:08 - [TEST_STEP][PASSED] - Statement - PreSaveFile = new java.io.File(((pathPrefix + java.lang.Integer.toString(counter)) + .png)): null

2018-12-04 09:50:08 - [TEST_STEP][PASSED] - Statement - counter = counter + 1: null

2018-12-04 09:50:08 - [TEST_STEP][PASSED] - Statement - PreSaveFile = new java.io.File(((pathPrefix + java.lang.Integer.toString(counter)) + .png)): null

2018-12-04 09:50:08 - [TEST_STEP][PASSED] - Statement - counter = counter + 1: null

2018-12-04 09:50:08 - [TEST_STEP][PASSED] - Statement - PreSaveFile = new java.io.File(((pathPrefix + java.lang.Integer.toString(counter)) + .png)): null

2018-12-04 09:50:08 - [TEST_STEP][PASSED] - Statement - counter = counter + 1: null

2018-12-04 09:50:08 - [TEST_STEP][PASSED] - Statement - PreSaveFile = new java.io.File(((pathPrefix + java.lang.Integer.toString(counter)) + .png)): null

2018-12-04 09:50:08 - [TEST_STEP][PASSED] - Statement - counter = counter + 1: null

2018-12-04 09:50:09 - [TEST_STEP][PASSED] - Statement - PreSaveFile = new java.io.File(((pathPrefix + java.lang.Integer.toString(counter)) + .png)): null

2018-12-04 09:50:09 - [TEST_STEP][PASSED] - Statement - counter = counter + 1: null

2018-12-04 09:50:09 - [TEST_STEP][PASSED] - Statement - PreSaveFile = new java.io.File(((pathPrefix + java.lang.Integer.toString(counter)) + .png)): null

2018-12-04 09:50:09 - [TEST_STEP][PASSED] - Statement - counter = counter + 1: null

2018-12-04 09:50:09 - [TEST_STEP][PASSED] - Statement - PreSaveFile = new java.io.File(((pathPrefix + java.lang.Integer.toString(counter)) + .png)): null

2018-12-04 09:50:09 - [TEST_STEP][PASSED] - Statement - counter = counter + 1: null

2018-12-04 09:50:09 - [TEST_STEP][PASSED] - Statement - PreSaveFile = new java.io.File(((pathPrefix + java.lang.Integer.toString(counter)) + .png)): null

2018-12-04 09:50:09 - [TEST_STEP][PASSED] - Statement - counter = counter + 1: null

2018-12-04 09:50:09 - [TEST_STEP][PASSED] - Statement - PreSaveFile = new java.io.File(((pathPrefix + java.lang.Integer.toString(counter)) + .png)): null

2018-12-04 09:50:09 - [TEST_STEP][PASSED] - Statement - counter = counter + 1: null

2018-12-04 09:50:09 - [TEST_STEP][PASSED] - Statement - PreSaveFile = new java.io.File(((pathPrefix + java.lang.Integer.toString(counter)) + .png)): null

2018-12-04 09:50:09 - [TEST_STEP][PASSED] - Statement - counter = counter + 1: null

2018-12-04 09:50:09 - [TEST_STEP][PASSED] - Statement - PreSaveFile = new java.io.File(((pathPrefix + java.lang.Integer.toString(counter)) + .png)): null

2018-12-04 09:50:09 - [TEST_STEP][PASSED] - Statement - counter = counter + 1: null

2018-12-04 09:50:09 - [TEST_STEP][PASSED] - Statement - PreSaveFile = new java.io.File(((pathPrefix + java.lang.Integer.toString(counter)) + .png)): null

2018-12-04 09:50:09 - [TEST_STEP][PASSED] - Statement - counter = counter + 1: null

2018-12-04 09:50:09 - [TEST_STEP][PASSED] - Statement - PreSaveFile = new java.io.File(((pathPrefix + java.lang.Integer.toString(counter)) + .png)): null

2018-12-04 09:50:09 - [TEST_STEP][PASSED] - Statement - counter = counter + 1: null

2018-12-04 09:50:09 - [TEST_STEP][PASSED] - Statement - PreSaveFile = new java.io.File(((pathPrefix + java.lang.Integer.toString(counter)) + .png)): null

2018-12-04 09:50:10 - [TEST_STEP][PASSED] - Statement - counter = counter + 1: null

2018-12-04 09:50:10 - [TEST_STEP][PASSED] - Statement - PreSaveFile = new java.io.File(((pathPrefix + java.lang.Integer.toString(counter)) + .png)): null

2018-12-04 09:50:10 - [TEST_STEP][PASSED] - Statement - counter = counter + 1: null

2018-12-04 09:50:10 - [TEST_STEP][PASSED] - Statement - PreSaveFile = new java.io.File(((pathPrefix + java.lang.Integer.toString(counter)) + .png)): null

2018-12-04 09:50:10 - [TEST_STEP][PASSED] - Statement - counter = counter + 1: null

2018-12-04 09:50:10 - [TEST_STEP][PASSED] - Statement - PreSaveFile = new java.io.File(((pathPrefix + java.lang.Integer.toString(counter)) + .png)): null

2018-12-04 09:50:10 - [TEST_STEP][PASSED] - Statement - counter = counter + 1: null

2018-12-04 09:50:10 - [TEST_STEP][PASSED] - Statement - PreSaveFile = new java.io.File(((pathPrefix + java.lang.Integer.toString(counter)) + .png)): null

2018-12-04 09:50:10 - [TEST_STEP][PASSED] - Statement - counter = counter + 1: null

2018-12-04 09:50:10 - [TEST_STEP][PASSED] - Statement - PreSaveFile = new java.io.File(((pathPrefix + java.lang.Integer.toString(counter)) + .png)): null

2018-12-04 09:50:10 - [TEST_STEP][PASSED] - Statement - counter = counter + 1: null

2018-12-04 09:50:10 - [TEST_STEP][PASSED] - Statement - PreSaveFile = new java.io.File(((pathPrefix + java.lang.Integer.toString(counter)) + .png)): null

2018-12-04 09:50:10 - [TEST_STEP][PASSED] - Statement - counter = counter + 1: null

2018-12-04 09:50:10 - [TEST_STEP][PASSED] - Statement - PreSaveFile = new java.io.File(((pathPrefix + java.lang.Integer.toString(counter)) + .png)): null

2018-12-04 09:50:10 - [TEST_STEP][PASSED] - Statement - counter = counter + 1: null

2018-12-04 09:50:10 - [TEST_STEP][PASSED] - Statement - PreSaveFile = new java.io.File(((pathPrefix + java.lang.Integer.toString(counter)) + .png)): null

2018-12-04 09:50:10 - [TEST_STEP][PASSED] - Statement - counter = counter + 1: null

2018-12-04 09:50:10 - [TEST_STEP][PASSED] - Statement - PreSaveFile = new java.io.File(((pathPrefix + java.lang.Integer.toString(counter)) + .png)): null

2018-12-04 09:50:10 - [TEST_STEP][PASSED] - Statement - counter = counter + 1: null

2018-12-04 09:50:11 - [TEST_STEP][PASSED] - Statement - PreSaveFile = new java.io.File(((pathPrefix + java.lang.Integer.toString(counter)) + .png)): null

2018-12-04 09:50:11 - [TEST_STEP][PASSED] - Statement - counter = counter + 1: null

2018-12-04 09:50:11 - [TEST_STEP][PASSED] - Statement - PreSaveFile = new java.io.File(((pathPrefix + java.lang.Integer.toString(counter)) + .png)): null

2018-12-04 09:50:11 - [TEST_STEP][PASSED] - Statement - counter = counter + 1: null

2018-12-04 09:50:11 - [TEST_STEP][PASSED] - Statement - PreSaveFile = new java.io.File(((pathPrefix + java.lang.Integer.toString(counter)) + .png)): null

2018-12-04 09:50:11 - [TEST_STEP][PASSED] - Statement - counter = counter + 1: null

2018-12-04 09:50:11 - [TEST_STEP][PASSED] - Statement - PreSaveFile = new java.io.File(((pathPrefix + java.lang.Integer.toString(counter)) + .png)): null

2018-12-04 09:50:11 - [TEST_STEP][PASSED] - Statement - counter = counter + 1: null

2018-12-04 09:50:11 - [TEST_STEP][PASSED] - Statement - PreSaveFile = new java.io.File(((pathPrefix + java.lang.Integer.toString(counter)) + .png)): null

2018-12-04 09:50:11 - [TEST_STEP][PASSED] - Statement - counter = counter + 1: null

2018-12-04 09:50:12 - [TEST_STEP][PASSED] - Statement - PreSaveFile = new java.io.File(((pathPrefix + java.lang.Integer.toString(counter)) + .png)): null

2018-12-04 09:50:12 - [TEST_STEP][PASSED] - Statement - counter = counter + 1: null

2018-12-04 09:50:12 - [TEST_STEP][PASSED] - Statement - PreSaveFile = new java.io.File(((pathPrefix + java.lang.Integer.toString(counter)) + .png)): null

2018-12-04 09:50:12 - [TEST_STEP][PASSED] - Statement - counter = counter + 1: null

2018-12-04 09:50:12 - [TEST_STEP][PASSED] - Statement - PreSaveFile = new java.io.File(((pathPrefix + java.lang.Integer.toString(counter)) + .png)): null

2018-12-04 09:50:12 - [TEST_STEP][PASSED] - Statement - counter = counter + 1: null

2018-12-04 09:50:12 - [TEST_STEP][PASSED] - Statement - PreSaveFile = new java.io.File(((pathPrefix + java.lang.Integer.toString(counter)) + .png)): null

2018-12-04 09:50:12 - [TEST_STEP][PASSED] - Statement - counter = counter + 1: null

2018-12-04 09:50:12 - [TEST_STEP][PASSED] - Statement - PreSaveFile = new java.io.File(((pathPrefix + java.lang.Integer.toString(counter)) + .png)): null

2018-12-04 09:50:12 - [TEST_STEP][PASSED] - Statement - counter = counter + 1: null

2018-12-04 09:50:13 - [TEST_STEP][PASSED] - Statement - PreSaveFile = new java.io.File(((pathPrefix + java.lang.Integer.toString(counter)) + .png)): null

2018-12-04 09:50:13 - [TEST_STEP][PASSED] - Statement - counter = counter + 1: null

2018-12-04 09:50:13 - [TEST_STEP][PASSED] - Statement - PreSaveFile = new java.io.File(((pathPrefix + java.lang.Integer.toString(counter)) + .png)): null

2018-12-04 09:50:13 - [TEST_STEP][PASSED] - Statement - counter = counter + 1: null

2018-12-04 09:50:13 - [TEST_STEP][PASSED] - Statement - PreSaveFile = new java.io.File(((pathPrefix + java.lang.Integer.toString(counter)) + .png)): null

2018-12-04 09:50:13 - [TEST_STEP][PASSED] - Statement - counter = counter + 1: null

2018-12-04 09:50:13 - [TEST_STEP][PASSED] - Statement - PreSaveFile = new java.io.File(((pathPrefix + java.lang.Integer.toString(counter)) + .png)): null

2018-12-04 09:50:13 - [TEST_STEP][PASSED] - Statement - counter = counter + 1: null

2018-12-04 09:50:13 - [TEST_STEP][PASSED] - Statement - PreSaveFile = new java.io.File(((pathPrefix + java.lang.Integer.toString(counter)) + .png)): null

2018-12-04 09:50:14 - [TEST_STEP][PASSED] - Statement - counter = counter + 1: null

2018-12-04 09:50:14 - [TEST_STEP][PASSED] - Statement - PreSaveFile = new java.io.File(((pathPrefix + java.lang.Integer.toString(counter)) + .png)): null

2018-12-04 09:50:14 - [TEST_STEP][PASSED] - Statement - counter = counter + 1: null

2018-12-04 09:50:14 - [TEST_STEP][PASSED] - Statement - PreSaveFile = new java.io.File(((pathPrefix + java.lang.Integer.toString(counter)) + .png)): null

2018-12-04 09:50:14 - [TEST_STEP][PASSED] - Statement - counter = counter + 1: null

2018-12-04 09:50:14 - [TEST_STEP][PASSED] - Statement - PreSaveFile = new java.io.File(((pathPrefix + java.lang.Integer.toString(counter)) + .png)): null

2018-12-04 09:50:14 - [TEST_STEP][PASSED] - Statement - counter = counter + 1: null

2018-12-04 09:50:14 - [TEST_STEP][PASSED] - Statement - PreSaveFile = new java.io.File(((pathPrefix + java.lang.Integer.toString(counter)) + .png)): null

2018-12-04 09:50:14 - [TEST_STEP][PASSED] - Statement - counter = counter + 1: null

2018-12-04 09:50:14 - [TEST_STEP][PASSED] - Statement - PreSaveFile = new java.io.File(((pathPrefix + java.lang.Integer.toString(counter)) + .png)): null

2018-12-04 09:50:14 - [TEST_STEP][PASSED] - Statement - counter = counter + 1: null

2018-12-04 09:50:14 - [TEST_STEP][PASSED] - Statement - PreSaveFile = new java.io.File(((pathPrefix + java.lang.Integer.toString(counter)) + .png)): null

2018-12-04 09:50:14 - [TEST_STEP][PASSED] - Statement - counter = counter + 1: null

2018-12-04 09:50:14 - [TEST_STEP][PASSED] - Statement - PreSaveFile = new java.io.File(((pathPrefix + java.lang.Integer.toString(counter)) + .png)): null

2018-12-04 09:50:14 - [TEST_STEP][PASSED] - Statement - counter = counter + 1: null

2018-12-04 09:50:14 - [TEST_STEP][PASSED] - Statement - PreSaveFile = new java.io.File(((pathPrefix + java.lang.Integer.toString(counter)) + .png)): null

2018-12-04 09:50:14 - [TEST_STEP][PASSED] - Statement - counter = counter + 1: null

2018-12-04 09:50:14 - [TEST_STEP][PASSED] - Statement - PreSaveFile = new java.io.File(((pathPrefix + java.lang.Integer.toString(counter)) + .png)): null

2018-12-04 09:50:14 - [TEST_STEP][PASSED] - Statement - counter = counter + 1: null

2018-12-04 09:50:15 - [TEST_STEP][PASSED] - Statement - PreSaveFile = new java.io.File(((pathPrefix + java.lang.Integer.toString(counter)) + .png)): null

2018-12-04 09:50:15 - [TEST_STEP][PASSED] - Statement - counter = counter + 1: null

2018-12-04 09:50:15 - [TEST_STEP][PASSED] - Statement - PreSaveFile = new java.io.File(((pathPrefix + java.lang.Integer.toString(counter)) + .png)): null

2018-12-04 09:50:15 - [TEST_STEP][PASSED] - Statement - counter = counter + 1: null

2018-12-04 09:50:15 - [TEST_STEP][PASSED] - Statement - PreSaveFile = new java.io.File(((pathPrefix + java.lang.Integer.toString(counter)) + .png)): null

2018-12-04 09:50:15 - [TEST_STEP][PASSED] - Statement - counter = counter + 1: null

2018-12-04 09:50:15 - [TEST_STEP][PASSED] - Statement - PreSaveFile = new java.io.File(((pathPrefix + java.lang.Integer.toString(counter)) + .png)): null

2018-12-04 09:50:15 - [TEST_STEP][PASSED] - Statement - counter = counter + 1: null

2018-12-04 09:50:15 - [TEST_STEP][PASSED] - Statement - PreSaveFile = new java.io.File(((pathPrefix + java.lang.Integer.toString(counter)) + .png)): null

2018-12-04 09:50:15 - [TEST_STEP][PASSED] - Statement - counter = counter + 1: null

2018-12-04 09:50:16 - [TEST_STEP][PASSED] - Statement - PreSaveFile = new java.io.File(((pathPrefix + java.lang.Integer.toString(counter)) + .png)): null

2018-12-04 09:50:16 - [TEST_STEP][PASSED] - Statement - counter = counter + 1: null

2018-12-04 09:50:16 - [TEST_STEP][PASSED] - Statement - PreSaveFile = new java.io.File(((pathPrefix + java.lang.Integer.toString(counter)) + .png)): null

2018-12-04 09:50:16 - [TEST_STEP][PASSED] - Statement - counter = counter + 1: null

2018-12-04 09:50:16 - [TEST_STEP][PASSED] - Statement - PreSaveFile = new java.io.File(((pathPrefix + java.lang.Integer.toString(counter)) + .png)): null

2018-12-04 09:50:16 - [TEST_STEP][PASSED] - Statement - counter = counter + 1: null

2018-12-04 09:50:16 - [TEST_STEP][PASSED] - Statement - PreSaveFile = new java.io.File(((pathPrefix + java.lang.Integer.toString(counter)) + .png)): null

2018-12-04 09:50:16 - [TEST_STEP][PASSED] - Statement - counter = counter + 1: null

2018-12-04 09:50:16 - [TEST_STEP][PASSED] - Statement - PreSaveFile = new java.io.File(((pathPrefix + java.lang.Integer.toString(counter)) + .png)): null

2018-12-04 09:50:16 - [TEST_STEP][PASSED] - Statement - counter = counter + 1: null

2018-12-04 09:50:17 - [TEST_STEP][PASSED] - Statement - PreSaveFile = new java.io.File(((pathPrefix + java.lang.Integer.toString(counter)) + .png)): null

2018-12-04 09:50:17 - [TEST_STEP][PASSED] - Statement - counter = counter + 1: null

2018-12-04 09:50:17 - [TEST_STEP][PASSED] - Statement - PreSaveFile = new java.io.File(((pathPrefix + java.lang.Integer.toString(counter)) + .png)): null

2018-12-04 09:50:17 - [TEST_STEP][PASSED] - Statement - counter = counter + 1: null

2018-12-04 09:50:17 - [TEST_STEP][PASSED] - Statement - PreSaveFile = new java.io.File(((pathPrefix + java.lang.Integer.toString(counter)) + .png)): null

2018-12-04 09:50:17 - [TEST_STEP][PASSED] - Statement - counter = counter + 1: null

2018-12-04 09:50:17 - [TEST_STEP][PASSED] - Statement - PreSaveFile = new java.io.File(((pathPrefix + java.lang.Integer.toString(counter)) + .png)): null

2018-12-04 09:50:17 - [TEST_STEP][PASSED] - Statement - counter = counter + 1: null

2018-12-04 09:50:17 - [TEST_STEP][PASSED] - Statement - PreSaveFile = new java.io.File(((pathPrefix + java.lang.Integer.toString(counter)) + .png)): null

2018-12-04 09:50:18 - [TEST_STEP][PASSED] - Statement - counter = counter + 1: null

2018-12-04 09:50:18 - [TEST_STEP][PASSED] - Statement - PreSaveFile = new java.io.File(((pathPrefix + java.lang.Integer.toString(counter)) + .png)): null

2018-12-04 09:50:18 - [TEST_STEP][PASSED] - Statement - counter = counter + 1: null

2018-12-04 09:50:18 - [TEST_STEP][PASSED] - Statement - PreSaveFile = new java.io.File(((pathPrefix + java.lang.Integer.toString(counter)) + .png)): null

2018-12-04 09:50:18 - [TEST_STEP][PASSED] - Statement - counter = counter + 1: null

2018-12-04 09:50:18 - [TEST_STEP][PASSED] - Statement - PreSaveFile = new java.io.File(((pathPrefix + java.lang.Integer.toString(counter)) + .png)): null

2018-12-04 09:50:18 - [TEST_STEP][PASSED] - Statement - counter = counter + 1: null

2018-12-04 09:50:18 - [TEST_STEP][PASSED] - Statement - PreSaveFile = new java.io.File(((pathPrefix + java.lang.Integer.toString(counter)) + .png)): null

2018-12-04 09:50:18 - [TEST_STEP][PASSED] - Statement - counter = counter + 1: null

2018-12-04 09:50:18 - [TEST_STEP][PASSED] - Statement - PreSaveFile = new java.io.File(((pathPrefix + java.lang.Integer.toString(counter)) + .png)): null

2018-12-04 09:50:19 - [TEST_STEP][PASSED] - Statement - counter = counter + 1: null

2018-12-04 09:50:19 - [TEST_STEP][PASSED] - Statement - PreSaveFile = new java.io.File(((pathPrefix + java.lang.Integer.toString(counter)) + .png)): null

2018-12-04 09:50:19 - [TEST_STEP][PASSED] - Statement - counter = counter + 1: null

2018-12-04 09:50:19 - [TEST_STEP][PASSED] - Statement - PreSaveFile = new java.io.File(((pathPrefix + java.lang.Integer.toString(counter)) + .png)): null

2018-12-04 09:50:19 - [TEST_STEP][PASSED] - Statement - counter = counter + 1: null

2018-12-04 09:50:19 - [TEST_STEP][PASSED] - Statement - PreSaveFile = new java.io.File(((pathPrefix + java.lang.Integer.toString(counter)) + .png)): null

2018-12-04 09:50:19 - [TEST_STEP][PASSED] - Statement - counter = counter + 1: null

2018-12-04 09:50:19 - [TEST_STEP][PASSED] - Statement - PreSaveFile = new java.io.File(((pathPrefix + java.lang.Integer.toString(counter)) + .png)): null

2018-12-04 09:50:19 - [TEST_STEP][PASSED] - Statement - counter = counter + 1: null

2018-12-04 09:50:20 - [TEST_STEP][PASSED] - Statement - PreSaveFile = new java.io.File(((pathPrefix + java.lang.Integer.toString(counter)) + .png)): null

2018-12-04 09:50:20 - [TEST_STEP][PASSED] - Statement - counter = counter + 1: null

2018-12-04 09:50:20 - [TEST_STEP][PASSED] - Statement - PreSaveFile = new java.io.File(((pathPrefix + java.lang.Integer.toString(counter)) + .png)): null

2018-12-04 09:50:20 - [TEST_STEP][PASSED] - Statement - counter = counter + 1: null

2018-12-04 09:50:20 - [TEST_STEP][PASSED] - Statement - PreSaveFile = new java.io.File(((pathPrefix + java.lang.Integer.toString(counter)) + .png)): null

2018-12-04 09:50:20 - [TEST_STEP][PASSED] - Statement - counter = counter + 1: null

2018-12-04 09:50:20 - [TEST_STEP][PASSED] - Statement - PreSaveFile = new java.io.File(((pathPrefix + java.lang.Integer.toString(counter)) + .png)): null

2018-12-04 09:50:20 - [TEST_STEP][PASSED] - Statement - counter = counter + 1: null

2018-12-04 09:50:20 - [TEST_STEP][PASSED] - Statement - PreSaveFile = new java.io.File(((pathPrefix + java.lang.Integer.toString(counter)) + .png)): null

2018-12-04 09:50:20 - [TEST_STEP][PASSED] - Statement - counter = counter + 1: null

2018-12-04 09:50:20 - [TEST_STEP][PASSED] - Statement - PreSaveFile = new java.io.File(((pathPrefix + java.lang.Integer.toString(counter)) + .png)): null

2018-12-04 09:50:20 - [TEST_STEP][PASSED] - Statement - counter = counter + 1: null

2018-12-04 09:50:20 - [TEST_STEP][PASSED] - Statement - PreSaveFile = new java.io.File(((pathPrefix + java.lang.Integer.toString(counter)) + .png)): null

2018-12-04 09:50:20 - [TEST_STEP][PASSED] - Statement - counter = counter + 1: null

2018-12-04 09:50:20 - [TEST_STEP][PASSED] - Statement - PreSaveFile = new java.io.File(((pathPrefix + java.lang.Integer.toString(counter)) + .png)): null

2018-12-04 09:50:20 - [TEST_STEP][PASSED] - Statement - counter = counter + 1: null

2018-12-04 09:50:20 - [TEST_STEP][PASSED] - Statement - PreSaveFile = new java.io.File(((pathPrefix + java.lang.Integer.toString(counter)) + .png)): null

2018-12-04 09:50:20 - [TEST_STEP][PASSED] - Statement - counter = counter + 1: null

2018-12-04 09:50:20 - [TEST_STEP][PASSED] - Statement - PreSaveFile = new java.io.File(((pathPrefix + java.lang.Integer.toString(counter)) + .png)): null

2018-12-04 09:50:20 - [TEST_STEP][PASSED] - Statement - counter = counter + 1: null

2018-12-04 09:50:21 - [TEST_STEP][PASSED] - Statement - PreSaveFile = new java.io.File(((pathPrefix + java.lang.Integer.toString(counter)) + .png)): null

2018-12-04 09:50:21 - [TEST_STEP][PASSED] - Statement - counter = counter + 1: null

2018-12-04 09:50:21 - [TEST_STEP][PASSED] - Statement - PreSaveFile = new java.io.File(((pathPrefix + java.lang.Integer.toString(counter)) + .png)): null

2018-12-04 09:50:21 - [TEST_STEP][PASSED] - Statement - counter = counter + 1: null

2018-12-04 09:50:21 - [TEST_STEP][PASSED] - Statement - PreSaveFile = new java.io.File(((pathPrefix + java.lang.Integer.toString(counter)) + .png)): null

2018-12-04 09:50:21 - [TEST_STEP][PASSED] - Statement - counter = counter + 1: null

2018-12-04 09:50:21 - [TEST_STEP][PASSED] - Statement - PreSaveFile = new java.io.File(((pathPrefix + java.lang.Integer.toString(counter)) + .png)): null

2018-12-04 09:50:21 - [TEST_STEP][PASSED] - Statement - counter = counter + 1: null

2018-12-04 09:50:21 - [TEST_STEP][PASSED] - Statement - PreSaveFile = new java.io.File(((pathPrefix + java.lang.Integer.toString(counter)) + .png)): null

2018-12-04 09:50:22 - [TEST_STEP][PASSED] - Statement - counter = counter + 1: null

2018-12-04 09:50:22 - [TEST_STEP][PASSED] - Statement - PreSaveFile = new java.io.File(((pathPrefix + java.lang.Integer.toString(counter)) + .png)): null

2018-12-04 09:50:22 - [TEST_STEP][PASSED] - Statement - counter = counter + 1: null

2018-12-04 09:50:22 - [TEST_STEP][PASSED] - Statement - PreSaveFile = new java.io.File(((pathPrefix + java.lang.Integer.toString(counter)) + .png)): null

2018-12-04 09:50:22 - [TEST_STEP][PASSED] - Statement - counter = counter + 1: null

2018-12-04 09:50:22 - [TEST_STEP][PASSED] - Statement - PreSaveFile = new java.io.File(((pathPrefix + java.lang.Integer.toString(counter)) + .png)): null

2018-12-04 09:50:22 - [TEST_STEP][PASSED] - Statement - counter = counter + 1: null

2018-12-04 09:50:22 - [TEST_STEP][PASSED] - Statement - PreSaveFile = new java.io.File(((pathPrefix + java.lang.Integer.toString(counter)) + .png)): null

2018-12-04 09:50:22 - [TEST_STEP][PASSED] - Statement - counter = counter + 1: null

2018-12-04 09:50:22 - [TEST_STEP][PASSED] - Statement - PreSaveFile = new java.io.File(((pathPrefix + java.lang.Integer.toString(counter)) + .png)): null

2018-12-04 09:50:23 - [TEST_STEP][PASSED] - Statement - counter = counter + 1: null

2018-12-04 09:50:23 - [TEST_STEP][PASSED] - Statement - PreSaveFile = new java.io.File(((pathPrefix + java.lang.Integer.toString(counter)) + .png)): null

2018-12-04 09:50:23 - [TEST_STEP][PASSED] - Statement - counter = counter + 1: null

2018-12-04 09:50:23 - [TEST_STEP][PASSED] - Statement - PreSaveFile = new java.io.File(((pathPrefix + java.lang.Integer.toString(counter)) + .png)): null

2018-12-04 09:50:23 - [TEST_STEP][PASSED] - Statement - counter = counter + 1: null

2018-12-04 09:50:23 - [TEST_STEP][PASSED] - Statement - PreSaveFile = new java.io.File(((pathPrefix + java.lang.Integer.toString(counter)) + .png)): null

2018-12-04 09:50:23 - [TEST_STEP][PASSED] - Statement - counter = counter + 1: null

2018-12-04 09:50:23 - [TEST_STEP][PASSED] - Statement - PreSaveFile = new java.io.File(((pathPrefix + java.lang.Integer.toString(counter)) + .png)): null

2018-12-04 09:50:23 - [TEST_STEP][PASSED] - Statement - counter = counter + 1: null

2018-12-04 09:50:25 - [TEST_STEP][PASSED] - Statement - PreSaveFile = new java.io.File(((pathPrefix + java.lang.Integer.toString(counter)) + .png)): null

2018-12-04 09:50:25 - [TEST_STEP][PASSED] - Statement - counter = counter + 1: null

2018-12-04 09:50:25 - [TEST_STEP][PASSED] - Statement - PreSaveFile = new java.io.File(((pathPrefix + java.lang.Integer.toString(counter)) + .png)): null

2018-12-04 09:50:25 - [TEST_STEP][PASSED] - Statement - counter = counter + 1: null

2018-12-04 09:50:25 - [TEST_STEP][PASSED] - Statement - PreSaveFile = new java.io.File(((pathPrefix + java.lang.Integer.toString(counter)) + .png)): null

2018-12-04 09:50:25 - [TEST_STEP][PASSED] - Statement - counter = counter + 1: null

2018-12-04 09:50:25 - [TEST_STEP][PASSED] - Statement - PreSaveFile = new java.io.File(((pathPrefix + java.lang.Integer.toString(counter)) + .png)): null

2018-12-04 09:50:25 - [TEST_STEP][PASSED] - Statement - counter = counter + 1: null

2018-12-04 09:50:25 - [TEST_STEP][PASSED] - Statement - PreSaveFile = new java.io.File(((pathPrefix + java.lang.Integer.toString(counter)) + .png)): null

2018-12-04 09:50:25 - [TEST_STEP][PASSED] - Statement - counter = counter + 1: null

2018-12-04 09:50:26 - [TEST_STEP][PASSED] - Statement - PreSaveFile = new java.io.File(((pathPrefix + java.lang.Integer.toString(counter)) + .png)): null

2018-12-04 09:50:26 - [TEST_STEP][PASSED] - Statement - counter = counter + 1: null

2018-12-04 09:50:26 - [TEST_STEP][PASSED] - Statement - PreSaveFile = new java.io.File(((pathPrefix + java.lang.Integer.toString(counter)) + .png)): null

2018-12-04 09:50:26 - [TEST_STEP][PASSED] - Statement - counter = counter + 1: null

2018-12-04 09:50:26 - [TEST_STEP][PASSED] - Statement - PreSaveFile = new java.io.File(((pathPrefix + java.lang.Integer.toString(counter)) + .png)): null

2018-12-04 09:50:26 - [TEST_STEP][PASSED] - Statement - counter = counter + 1: null

2018-12-04 09:50:26 - [TEST_STEP][PASSED] - Statement - PreSaveFile = new java.io.File(((pathPrefix + java.lang.Integer.toString(counter)) + .png)): null

2018-12-04 09:50:26 - [TEST_STEP][PASSED] - Statement - counter = counter + 1: null

2018-12-04 09:50:26 - [TEST_STEP][PASSED] - Statement - PreSaveFile = new java.io.File(((pathPrefix + java.lang.Integer.toString(counter)) + .png)): null

2018-12-04 09:50:26 - [TEST_STEP][PASSED] - Statement - counter = counter + 1: null

2018-12-04 09:50:27 - [TEST_STEP][PASSED] - Statement - PreSaveFile = new java.io.File(((pathPrefix + java.lang.Integer.toString(counter)) + .png)): null

2018-12-04 09:50:27 - [TEST_STEP][PASSED] - Statement - counter = counter + 1: null

2018-12-04 09:50:27 - [TEST_STEP][PASSED] - Statement - PreSaveFile = new java.io.File(((pathPrefix + java.lang.Integer.toString(counter)) + .png)): null

2018-12-04 09:50:27 - [TEST_STEP][PASSED] - Statement - counter = counter + 1: null

2018-12-04 09:50:27 - [TEST_STEP][PASSED] - Statement - PreSaveFile = new java.io.File(((pathPrefix + java.lang.Integer.toString(counter)) + .png)): null

2018-12-04 09:50:27 - [TEST_STEP][PASSED] - Statement - counter = counter + 1: null

2018-12-04 09:50:27 - [TEST_STEP][PASSED] - Statement - PreSaveFile = new java.io.File(((pathPrefix + java.lang.Integer.toString(counter)) + .png)): null

2018-12-04 09:50:27 - [TEST_STEP][PASSED] - Statement - counter = counter + 1: null

2018-12-04 09:50:27 - [TEST_STEP][PASSED] - Statement - PreSaveFile = new java.io.File(((pathPrefix + java.lang.Integer.toString(counter)) + .png)): null

2018-12-04 09:50:28 - [TEST_STEP][PASSED] - Statement - counter = counter + 1: null

2018-12-04 09:50:28 - [TEST_STEP][PASSED] - Statement - PreSaveFile = new java.io.File(((pathPrefix + java.lang.Integer.toString(counter)) + .png)): null

2018-12-04 09:50:28 - [TEST_STEP][PASSED] - Statement - counter = counter + 1: null

2018-12-04 09:50:28 - [TEST_STEP][PASSED] - Statement - PreSaveFile = new java.io.File(((pathPrefix + java.lang.Integer.toString(counter)) + .png)): null

2018-12-04 09:50:28 - [TEST_STEP][PASSED] - Statement - counter = counter + 1: null

2018-12-04 09:50:28 - [TEST_STEP][PASSED] - Statement - PreSaveFile = new java.io.File(((pathPrefix + java.lang.Integer.toString(counter)) + .png)): null

2018-12-04 09:50:28 - [TEST_STEP][PASSED] - Statement - counter = counter + 1: null

2018-12-04 09:50:28 - [TEST_STEP][PASSED] - Statement - PreSaveFile = new java.io.File(((pathPrefix + java.lang.Integer.toString(counter)) + .png)): null

2018-12-04 09:50:28 - [TEST_STEP][PASSED] - Statement - counter = counter + 1: null

2018-12-04 09:50:28 - [TEST_STEP][PASSED] - Statement - PreSaveFile = new java.io.File(((pathPrefix + java.lang.Integer.toString(counter)) + .png)): null

2018-12-04 09:50:30 - [TEST_STEP][PASSED] - Statement - counter = counter + 1: null

2018-12-04 09:50:30 - [TEST_STEP][PASSED] - Statement - PreSaveFile = new java.io.File(((pathPrefix + java.lang.Integer.toString(counter)) + .png)): null

2018-12-04 09:50:30 - [TEST_STEP][PASSED] - Statement - counter = counter + 1: null

2018-12-04 09:50:30 - [TEST_STEP][PASSED] - Statement - PreSaveFile = new java.io.File(((pathPrefix + java.lang.Integer.toString(counter)) + .png)): null

2018-12-04 09:50:30 - [TEST_STEP][PASSED] - Statement - counter = counter + 1: null

2018-12-04 09:50:30 - [TEST_STEP][PASSED] - Statement - PreSaveFile = new java.io.File(((pathPrefix + java.lang.Integer.toString(counter)) + .png)): null

2018-12-04 09:50:30 - [TEST_STEP][PASSED] - Statement - counter = counter + 1: null

2018-12-04 09:50:30 - [TEST_STEP][PASSED] - Statement - PreSaveFile = new java.io.File(((pathPrefix + java.lang.Integer.toString(counter)) + .png)): null

2018-12-04 09:50:30 - [TEST_STEP][PASSED] - Statement - counter = counter + 1: null

2018-12-04 09:50:31 - [TEST_STEP][PASSED] - Statement - PreSaveFile = new java.io.File(((pathPrefix + java.lang.Integer.toString(counter)) + .png)): null

2018-12-04 09:50:31 - [TEST_STEP][PASSED] - Statement - counter = counter + 1: null

2018-12-04 09:50:31 - [TEST_STEP][PASSED] - Statement - PreSaveFile = new java.io.File(((pathPrefix + java.lang.Integer.toString(counter)) + .png)): null

2018-12-04 09:50:31 - [TEST_STEP][PASSED] - Statement - counter = counter + 1: null

2018-12-04 09:50:31 - [TEST_STEP][PASSED] - Statement - PreSaveFile = new java.io.File(((pathPrefix + java.lang.Integer.toString(counter)) + .png)): null

2018-12-04 09:50:31 - [TEST_STEP][PASSED] - Statement - counter = counter + 1: null

2018-12-04 09:50:31 - [TEST_STEP][PASSED] - Statement - PreSaveFile = new java.io.File(((pathPrefix + java.lang.Integer.toString(counter)) + .png)): null

2018-12-04 09:50:31 - [TEST_STEP][PASSED] - Statement - counter = counter + 1: null

2018-12-04 09:50:31 - [TEST_STEP][PASSED] - Statement - PreSaveFile = new java.io.File(((pathPrefix + java.lang.Integer.toString(counter)) + .png)): null

2018-12-04 09:50:31 - [TEST_STEP][PASSED] - Statement - counter = counter + 1: null

2018-12-04 09:50:32 - [TEST_STEP][PASSED] - Statement - PreSaveFile = new java.io.File(((pathPrefix + java.lang.Integer.toString(counter)) + .png)): null

2018-12-04 09:50:32 - [TEST_STEP][PASSED] - Statement - counter = counter + 1: null

2018-12-04 09:50:32 - [TEST_STEP][PASSED] - Statement - PreSaveFile = new java.io.File(((pathPrefix + java.lang.Integer.toString(counter)) + .png)): null

2018-12-04 09:50:32 - [TEST_STEP][PASSED] - Statement - counter = counter + 1: null

2018-12-04 09:50:32 - [TEST_STEP][PASSED] - Statement - PreSaveFile = new java.io.File(((pathPrefix + java.lang.Integer.toString(counter)) + .png)): null

2018-12-04 09:50:32 - [TEST_STEP][PASSED] - Statement - counter = counter + 1: null

2018-12-04 09:50:32 - [TEST_STEP][PASSED] - Statement - PreSaveFile = new java.io.File(((pathPrefix + java.lang.Integer.toString(counter)) + .png)): null

2018-12-04 09:50:32 - [TEST_STEP][PASSED] - Statement - counter = counter + 1: null

2018-12-04 09:50:32 - [TEST_STEP][PASSED] - Statement - PreSaveFile = new java.io.File(((pathPrefix + java.lang.Integer.toString(counter)) + .png)): null

2018-12-04 09:50:32 - [TEST_STEP][PASSED] - Statement - counter = counter + 1: null

2018-12-04 09:50:33 - [TEST_STEP][PASSED] - Statement - PreSaveFile = new java.io.File(((pathPrefix + java.lang.Integer.toString(counter)) + .png)): null

2018-12-04 09:50:33 - [TEST_STEP][PASSED] - Statement - counter = counter + 1: null

2018-12-04 09:50:33 - [TEST_STEP][PASSED] - Statement - PreSaveFile = new java.io.File(((pathPrefix + java.lang.Integer.toString(counter)) + .png)): null

2018-12-04 09:50:33 - [TEST_STEP][PASSED] - Statement - counter = counter + 1: null

2018-12-04 09:50:33 - [TEST_STEP][PASSED] - Statement - PreSaveFile = new java.io.File(((pathPrefix + java.lang.Integer.toString(counter)) + .png)): null

2018-12-04 09:50:33 - [TEST_STEP][PASSED] - Statement - counter = counter + 1: null

2018-12-04 09:50:33 - [TEST_STEP][PASSED] - Statement - PreSaveFile = new java.io.File(((pathPrefix + java.lang.Integer.toString(counter)) + .png)): null

2018-12-04 09:50:33 - [TEST_STEP][PASSED] - Statement - counter = counter + 1: null

2018-12-04 09:50:33 - [TEST_STEP][PASSED] - Statement - PreSaveFile = new java.io.File(((pathPrefix + java.lang.Integer.toString(counter)) + .png)): null

2018-12-04 09:50:34 - [TEST_STEP][PASSED] - Statement - counter = counter + 1: null

2018-12-04 09:50:34 - [TEST_STEP][PASSED] - Statement - PreSaveFile = new java.io.File(((pathPrefix + java.lang.Integer.toString(counter)) + .png)): null

2018-12-04 09:50:34 - [TEST_STEP][PASSED] - Statement - counter = counter + 1: null

2018-12-04 09:50:34 - [TEST_STEP][PASSED] - Statement - PreSaveFile = new java.io.File(((pathPrefix + java.lang.Integer.toString(counter)) + .png)): null

2018-12-04 09:50:34 - [TEST_STEP][PASSED] - Statement - counter = counter + 1: null

2018-12-04 09:50:34 - [TEST_STEP][PASSED] - Statement - PreSaveFile = new java.io.File(((pathPrefix + java.lang.Integer.toString(counter)) + .png)): null

2018-12-04 09:50:34 - [TEST_STEP][PASSED] - Statement - counter = counter + 1: null

2018-12-04 09:50:34 - [TEST_STEP][PASSED] - Statement - PreSaveFile = new java.io.File(((pathPrefix + java.lang.Integer.toString(counter)) + .png)): null

2018-12-04 09:50:34 - [TEST_STEP][PASSED] - Statement - counter = counter + 1: null

2018-12-04 09:50:34 - [TEST_STEP][PASSED] - Statement - PreSaveFile = new java.io.File(((pathPrefix + java.lang.Integer.toString(counter)) + .png)): null

2018-12-04 09:50:35 - [TEST_STEP][PASSED] - Statement - counter = counter + 1: null

2018-12-04 09:50:35 - [TEST_STEP][PASSED] - Statement - PreSaveFile = new java.io.File(((pathPrefix + java.lang.Integer.toString(counter)) + .png)): null

2018-12-04 09:50:35 - [TEST_STEP][PASSED] - Statement - counter = counter + 1: null

2018-12-04 09:50:35 - [TEST_STEP][PASSED] - Statement - PreSaveFile = new java.io.File(((pathPrefix + java.lang.Integer.toString(counter)) + .png)): null

2018-12-04 09:50:35 - [TEST_STEP][PASSED] - Statement - counter = counter + 1: null

2018-12-04 09:50:35 - [TEST_STEP][PASSED] - Statement - PreSaveFile = new java.io.File(((pathPrefix + java.lang.Integer.toString(counter)) + .png)): null

2018-12-04 09:50:35 - [TEST_STEP][PASSED] - Statement - counter = counter + 1: null

2018-12-04 09:50:35 - [TEST_STEP][PASSED] - Statement - PreSaveFile = new java.io.File(((pathPrefix + java.lang.Integer.toString(counter)) + .png)): null

2018-12-04 09:50:35 - [TEST_STEP][PASSED] - Statement - counter = counter + 1: null

2018-12-04 09:50:36 - [TEST_STEP][PASSED] - Statement - PreSaveFile = new java.io.File(((pathPrefix + java.lang.Integer.toString(counter)) + .png)): null

2018-12-04 09:50:36 - [TEST_STEP][PASSED] - Statement - counter = counter + 1: null

2018-12-04 09:50:36 - [TEST_STEP][PASSED] - Statement - PreSaveFile = new java.io.File(((pathPrefix + java.lang.Integer.toString(counter)) + .png)): null

2018-12-04 09:50:36 - [TEST_STEP][PASSED] - Statement - counter = counter + 1: null

2018-12-04 09:50:36 - [TEST_STEP][PASSED] - Statement - PreSaveFile = new java.io.File(((pathPrefix + java.lang.Integer.toString(counter)) + .png)): null

2018-12-04 09:50:36 - [TEST_STEP][PASSED] - Statement - counter = counter + 1: null

2018-12-04 09:50:36 - [TEST_STEP][PASSED] - Statement - PreSaveFile = new java.io.File(((pathPrefix + java.lang.Integer.toString(counter)) + .png)): null

2018-12-04 09:50:36 - [TEST_STEP][PASSED] - Statement - counter = counter + 1: null

2018-12-04 09:50:36 - [TEST_STEP][PASSED] - Statement - PreSaveFile = new java.io.File(((pathPrefix + java.lang.Integer.toString(counter)) + .png)): null

2018-12-04 09:50:36 - [TEST_STEP][PASSED] - Statement - counter = counter + 1: null

2018-12-04 09:50:37 - [TEST_STEP][PASSED] - Statement - PreSaveFile = new java.io.File(((pathPrefix + java.lang.Integer.toString(counter)) + .png)): null

2018-12-04 09:50:37 - [TEST_STEP][PASSED] - Statement - counter = counter + 1: null

2018-12-04 09:50:37 - [TEST_STEP][PASSED] - Statement - PreSaveFile = new java.io.File(((pathPrefix + java.lang.Integer.toString(counter)) + .png)): null

2018-12-04 09:50:37 - [TEST_STEP][PASSED] - Statement - counter = counter + 1: null

2018-12-04 09:50:37 - [TEST_STEP][PASSED] - Statement - PreSaveFile = new java.io.File(((pathPrefix + java.lang.Integer.toString(counter)) + .png)): null

2018-12-04 09:50:37 - [TEST_STEP][PASSED] - Statement - counter = counter + 1: null

2018-12-04 09:50:37 - [TEST_STEP][PASSED] - Statement - PreSaveFile = new java.io.File(((pathPrefix + java.lang.Integer.toString(counter)) + .png)): null

2018-12-04 09:50:37 - [TEST_STEP][PASSED] - Statement - counter = counter + 1: null

2018-12-04 09:50:37 - [TEST_STEP][PASSED] - Statement - PreSaveFile = new java.io.File(((pathPrefix + java.lang.Integer.toString(counter)) + .png)): null

2018-12-04 09:50:37 - [TEST_STEP][PASSED] - Statement - counter = counter + 1: null

2018-12-04 09:50:38 - [TEST_STEP][PASSED] - Statement - PreSaveFile = new java.io.File(((pathPrefix + java.lang.Integer.toString(counter)) + .png)): null

2018-12-04 09:50:38 - [TEST_STEP][PASSED] - Statement - counter = counter + 1: null

2018-12-04 09:50:38 - [TEST_STEP][PASSED] - Statement - PreSaveFile = new java.io.File(((pathPrefix + java.lang.Integer.toString(counter)) + .png)): null

2018-12-04 09:50:38 - [TEST_STEP][PASSED] - Statement - counter = counter + 1: null

2018-12-04 09:50:38 - [TEST_STEP][PASSED] - Statement - PreSaveFile = new java.io.File(((pathPrefix + java.lang.Integer.toString(counter)) + .png)): null

2018-12-04 09:50:38 - [TEST_STEP][PASSED] - Statement - counter = counter + 1: null

2018-12-04 09:50:38 - [TEST_STEP][PASSED] - Statement - PreSaveFile = new java.io.File(((pathPrefix + java.lang.Integer.toString(counter)) + .png)): null

2018-12-04 09:50:38 - [TEST_STEP][PASSED] - Statement - counter = counter + 1: null

2018-12-04 09:50:38 - [TEST_STEP][PASSED] - Statement - PreSaveFile = new java.io.File(((pathPrefix + java.lang.Integer.toString(counter)) + .png)): null

2018-12-04 09:50:40 - [TEST_STEP][PASSED] - Statement - counter = counter + 1: null

2018-12-04 09:50:40 - [TEST_STEP][PASSED] - Statement - PreSaveFile = new java.io.File(((pathPrefix + java.lang.Integer.toString(counter)) + .png)): null

2018-12-04 09:50:40 - [TEST_STEP][PASSED] - Statement - counter = counter + 1: null

2018-12-04 09:50:40 - [TEST_STEP][PASSED] - Statement - PreSaveFile = new java.io.File(((pathPrefix + java.lang.Integer.toString(counter)) + .png)): null

2018-12-04 09:50:40 - [TEST_STEP][PASSED] - Statement - counter = counter + 1: null

2018-12-04 09:50:40 - [TEST_STEP][PASSED] - Statement - PreSaveFile = new java.io.File(((pathPrefix + java.lang.Integer.toString(counter)) + .png)): null

2018-12-04 09:50:40 - [TEST_STEP][PASSED] - Statement - counter = counter + 1: null

2018-12-04 09:50:40 - [TEST_STEP][PASSED] - Statement - PreSaveFile = new java.io.File(((pathPrefix + java.lang.Integer.toString(counter)) + .png)): null

2018-12-04 09:50:40 - [TEST_STEP][PASSED] - Statement - counter = counter + 1: null

2018-12-04 09:50:40 - [TEST_STEP][PASSED] - Statement - PreSaveFile = new java.io.File(((pathPrefix + java.lang.Integer.toString(counter)) + .png)): null

2018-12-04 09:50:41 - [TEST_STEP][PASSED] - Statement - counter = counter + 1: null

2018-12-04 09:50:41 - [TEST_STEP][PASSED] - Statement - PreSaveFile = new java.io.File(((pathPrefix + java.lang.Integer.toString(counter)) + .png)): null

2018-12-04 09:50:41 - [TEST_STEP][PASSED] - Statement - counter = counter + 1: null

2018-12-04 09:50:41 - [TEST_STEP][PASSED] - Statement - PreSaveFile = new java.io.File(((pathPrefix + java.lang.Integer.toString(counter)) + .png)): null

2018-12-04 09:50:41 - [TEST_STEP][PASSED] - Statement - counter = counter + 1: null

2018-12-04 09:50:41 - [TEST_STEP][PASSED] - Statement - PreSaveFile = new java.io.File(((pathPrefix + java.lang.Integer.toString(counter)) + .png)): null

2018-12-04 09:50:41 - [TEST_STEP][PASSED] - Statement - counter = counter + 1: null

2018-12-04 09:50:41 - [TEST_STEP][PASSED] - Statement - PreSaveFile = new java.io.File(((pathPrefix + java.lang.Integer.toString(counter)) + .png)): null

2018-12-04 09:50:41 - [TEST_STEP][PASSED] - Statement - counter = counter + 1: null

2018-12-04 09:50:41 - [TEST_STEP][PASSED] - Statement - PreSaveFile = new java.io.File(((pathPrefix + java.lang.Integer.toString(counter)) + .png)): null

2018-12-04 09:50:43 - [TEST_STEP][PASSED] - Statement - counter = counter + 1: null

2018-12-04 09:50:43 - [TEST_STEP][PASSED] - Statement - PreSaveFile = new java.io.File(((pathPrefix + java.lang.Integer.toString(counter)) + .png)): null

2018-12-04 09:50:43 - [TEST_STEP][PASSED] - Statement - counter = counter + 1: null

2018-12-04 09:50:43 - [TEST_STEP][PASSED] - Statement - PreSaveFile = new java.io.File(((pathPrefix + java.lang.Integer.toString(counter)) + .png)): null

2018-12-04 09:50:43 - [TEST_STEP][PASSED] - Statement - counter = counter + 1: null

2018-12-04 09:50:43 - [TEST_STEP][PASSED] - Statement - PreSaveFile = new java.io.File(((pathPrefix + java.lang.Integer.toString(counter)) + .png)): null

2018-12-04 09:50:43 - [TEST_STEP][PASSED] - Statement - counter = counter + 1: null

2018-12-04 09:50:43 - [TEST_STEP][PASSED] - Statement - PreSaveFile = new java.io.File(((pathPrefix + java.lang.Integer.toString(counter)) + .png)): null

2018-12-04 09:50:43 - [TEST_STEP][PASSED] - Statement - counter = counter + 1: null

2018-12-04 09:50:44 - [TEST_STEP][PASSED] - Statement - PreSaveFile = new java.io.File(((pathPrefix + java.lang.Integer.toString(counter)) + .png)): null

2018-12-04 09:50:44 - [TEST_STEP][PASSED] - Statement - counter = counter + 1: null

2018-12-04 09:50:44 - [TEST_STEP][PASSED] - Statement - PreSaveFile = new java.io.File(((pathPrefix + java.lang.Integer.toString(counter)) + .png)): null

2018-12-04 09:50:44 - [TEST_STEP][PASSED] - Statement - counter = counter + 1: null

2018-12-04 09:50:44 - [TEST_STEP][PASSED] - Statement - PreSaveFile = new java.io.File(((pathPrefix + java.lang.Integer.toString(counter)) + .png)): null

2018-12-04 09:50:44 - [TEST_STEP][PASSED] - Statement - counter = counter + 1: null

2018-12-04 09:50:44 - [TEST_STEP][PASSED] - Statement - PreSaveFile = new java.io.File(((pathPrefix + java.lang.Integer.toString(counter)) + .png)): null

2018-12-04 09:50:44 - [TEST_STEP][PASSED] - Statement - counter = counter + 1: null

2018-12-04 09:50:44 - [TEST_STEP][PASSED] - Statement - PreSaveFile = new java.io.File(((pathPrefix + java.lang.Integer.toString(counter)) + .png)): null

2018-12-04 09:50:44 - [TEST_STEP][PASSED] - Statement - counter = counter + 1: null

2018-12-04 09:50:45 - [TEST_STEP][PASSED] - Statement - PreSaveFile = new java.io.File(((pathPrefix + java.lang.Integer.toString(counter)) + .png)): null

2018-12-04 09:50:45 - [TEST_STEP][PASSED] - Statement - counter = counter + 1: null

2018-12-04 09:50:45 - [TEST_STEP][PASSED] - Statement - PreSaveFile = new java.io.File(((pathPrefix + java.lang.Integer.toString(counter)) + .png)): null

2018-12-04 09:50:45 - [TEST_STEP][PASSED] - Statement - counter = counter + 1: null

2018-12-04 09:50:45 - [TEST_STEP][PASSED] - Statement - PreSaveFile = new java.io.File(((pathPrefix + java.lang.Integer.toString(counter)) + .png)): null

2018-12-04 09:50:45 - [TEST_STEP][PASSED] - Statement - counter = counter + 1: null

2018-12-04 09:50:45 - [TEST_STEP][PASSED] - Statement - PreSaveFile = new java.io.File(((pathPrefix + java.lang.Integer.toString(counter)) + .png)): null

2018-12-04 09:50:45 - [TEST_STEP][PASSED] - Statement - counter = counter + 1: null

2018-12-04 09:50:45 - [TEST_STEP][PASSED] - Statement - PreSaveFile = new java.io.File(((pathPrefix + java.lang.Integer.toString(counter)) + .png)): null

2018-12-04 09:50:46 - [TEST_STEP][PASSED] - Statement - counter = counter + 1: null

2018-12-04 09:50:46 - [TEST_STEP][PASSED] - Statement - PreSaveFile = new java.io.File(((pathPrefix + java.lang.Integer.toString(counter)) + .png)): null

2018-12-04 09:50:46 - [TEST_STEP][PASSED] - Statement - counter = counter + 1: null

2018-12-04 09:50:46 - [TEST_STEP][PASSED] - Statement - PreSaveFile = new java.io.File(((pathPrefix + java.lang.Integer.toString(counter)) + .png)): null

2018-12-04 09:50:46 - [TEST_STEP][PASSED] - Statement - counter = counter + 1: null

2018-12-04 09:50:46 - [TEST_STEP][PASSED] - Statement - PreSaveFile = new java.io.File(((pathPrefix + java.lang.Integer.toString(counter)) + .png)): null

2018-12-04 09:50:46 - [TEST_STEP][PASSED] - Statement - counter = counter + 1: null

2018-12-04 09:50:46 - [TEST_STEP][PASSED] - Statement - PreSaveFile = new java.io.File(((pathPrefix + java.lang.Integer.toString(counter)) + .png)): null

2018-12-04 09:50:46 - [TEST_STEP][PASSED] - Statement - counter = counter + 1: null

2018-12-04 09:50:46 - [TEST_STEP][PASSED] - Statement - PreSaveFile = new java.io.File(((pathPrefix + java.lang.Integer.toString(counter)) + .png)): null

2018-12-04 09:50:48 - [TEST_STEP][PASSED] - Statement - counter = counter + 1: null

2018-12-04 09:50:48 - [TEST_STEP][PASSED] - Statement - PreSaveFile = new java.io.File(((pathPrefix + java.lang.Integer.toString(counter)) + .png)): null

2018-12-04 09:50:48 - [TEST_STEP][PASSED] - Statement - counter = counter + 1: null

2018-12-04 09:50:48 - [TEST_STEP][PASSED] - Statement - PreSaveFile = new java.io.File(((pathPrefix + java.lang.Integer.toString(counter)) + .png)): null

2018-12-04 09:50:48 - [TEST_STEP][PASSED] - Statement - counter = counter + 1: null

2018-12-04 09:50:48 - [TEST_STEP][PASSED] - Statement - PreSaveFile = new java.io.File(((pathPrefix + java.lang.Integer.toString(counter)) + .png)): null

2018-12-04 09:50:48 - [TEST_STEP][PASSED] - Statement - counter = counter + 1: null

2018-12-04 09:50:48 - [TEST_STEP][PASSED] - Statement - PreSaveFile = new java.io.File(((pathPrefix + java.lang.Integer.toString(counter)) + .png)): null

2018-12-04 09:50:48 - [TEST_STEP][PASSED] - Statement - counter = counter + 1: null

2018-12-04 09:50:48 - [TEST_STEP][PASSED] - Statement - PreSaveFile = new java.io.File(((pathPrefix + java.lang.Integer.toString(counter)) + .png)): null

2018-12-04 09:50:49 - [TEST_STEP][PASSED] - Statement - counter = counter + 1: null

2018-12-04 09:50:49 - [TEST_STEP][PASSED] - Statement - PreSaveFile = new java.io.File(((pathPrefix + java.lang.Integer.toString(counter)) + .png)): null

2018-12-04 09:50:49 - [TEST_STEP][PASSED] - Statement - counter = counter + 1: null

2018-12-04 09:50:49 - [TEST_STEP][PASSED] - Statement - PreSaveFile = new java.io.File(((pathPrefix + java.lang.Integer.toString(counter)) + .png)): null

2018-12-04 09:50:49 - [TEST_STEP][PASSED] - Statement - counter = counter + 1: null

2018-12-04 09:50:49 - [TEST_STEP][PASSED] - Statement - PreSaveFile = new java.io.File(((pathPrefix + java.lang.Integer.toString(counter)) + .png)): null

2018-12-04 09:50:49 - [TEST_STEP][PASSED] - Statement - counter = counter + 1: null

2018-12-04 09:50:49 - [TEST_STEP][PASSED] - Statement - PreSaveFile = new java.io.File(((pathPrefix + java.lang.Integer.toString(counter)) + .png)): null

2018-12-04 09:50:49 - [TEST_STEP][PASSED] - Statement - counter = counter + 1: null

2018-12-04 09:50:50 - [TEST_STEP][PASSED] - Statement - PreSaveFile = new java.io.File(((pathPrefix + java.lang.Integer.toString(counter)) + .png)): null

2018-12-04 09:50:50 - [TEST_STEP][PASSED] - Statement - counter = counter + 1: null

2018-12-04 09:50:50 - [TEST_STEP][PASSED] - Statement - PreSaveFile = new java.io.File(((pathPrefix + java.lang.Integer.toString(counter)) + .png)): null

2018-12-04 09:50:50 - [TEST_STEP][PASSED] - Statement - counter = counter + 1: null

2018-12-04 09:50:50 - [TEST_STEP][PASSED] - Statement - PreSaveFile = new java.io.File(((pathPrefix + java.lang.Integer.toString(counter)) + .png)): null

2018-12-04 09:50:50 - [TEST_STEP][PASSED] - Statement - counter = counter + 1: null

2018-12-04 09:50:50 - [TEST_STEP][PASSED] - Statement - PreSaveFile = new java.io.File(((pathPrefix + java.lang.Integer.toString(counter)) + .png)): null

2018-12-04 09:50:50 - [TEST_STEP][PASSED] - Statement - counter = counter + 1: null

2018-12-04 09:50:50 - [TEST_STEP][PASSED] - Statement - PreSaveFile = new java.io.File(((pathPrefix + java.lang.Integer.toString(counter)) + .png)): null

2018-12-04 09:50:50 - [TEST_STEP][PASSED] - Statement - counter = counter + 1: null

2018-12-04 09:50:51 - [TEST_STEP][PASSED] - Statement - PreSaveFile = new java.io.File(((pathPrefix + java.lang.Integer.toString(counter)) + .png)): null

2018-12-04 09:50:51 - [TEST_STEP][PASSED] - Statement - counter = counter + 1: null

2018-12-04 09:50:51 - [TEST_STEP][PASSED] - Statement - PreSaveFile = new java.io.File(((pathPrefix + java.lang.Integer.toString(counter)) + .png)): null

2018-12-04 09:50:51 - [TEST_STEP][PASSED] - Statement - counter = counter + 1: null

2018-12-04 09:50:51 - [TEST_STEP][PASSED] - Statement - PreSaveFile = new java.io.File(((pathPrefix + java.lang.Integer.toString(counter)) + .png)): null

2018-12-04 09:50:51 - [TEST_STEP][PASSED] - Statement - counter = counter + 1: null

2018-12-04 09:50:51 - [TEST_STEP][PASSED] - Statement - PreSaveFile = new java.io.File(((pathPrefix + java.lang.Integer.toString(counter)) + .png)): null

2018-12-04 09:50:51 - [TEST_STEP][PASSED] - Statement - counter = counter + 1: null

2018-12-04 09:50:51 - [TEST_STEP][PASSED] - Statement - PreSaveFile = new java.io.File(((pathPrefix + java.lang.Integer.toString(counter)) + .png)): null

2018-12-04 09:50:53 - [TEST_STEP][PASSED] - Statement - counter = counter + 1: null

2018-12-04 09:50:53 - [TEST_STEP][PASSED] - Statement - PreSaveFile = new java.io.File(((pathPrefix + java.lang.Integer.toString(counter)) + .png)): null

2018-12-04 09:50:53 - [TEST_STEP][PASSED] - Statement - counter = counter + 1: null

2018-12-04 09:50:53 - [TEST_STEP][PASSED] - Statement - PreSaveFile = new java.io.File(((pathPrefix + java.lang.Integer.toString(counter)) + .png)): null

2018-12-04 09:50:53 - [TEST_STEP][PASSED] - Statement - counter = counter + 1: null

2018-12-04 09:50:53 - [TEST_STEP][PASSED] - Statement - PreSaveFile = new java.io.File(((pathPrefix + java.lang.Integer.toString(counter)) + .png)): null

2018-12-04 09:50:53 - [TEST_STEP][PASSED] - Statement - counter = counter + 1: null

2018-12-04 09:50:53 - [TEST_STEP][PASSED] - Statement - PreSaveFile = new java.io.File(((pathPrefix + java.lang.Integer.toString(counter)) + .png)): null

2018-12-04 09:50:53 - [TEST_STEP][PASSED] - Statement - counter = counter + 1: null

2018-12-04 09:50:53 - [TEST_STEP][PASSED] - Statement - PreSaveFile = new java.io.File(((pathPrefix + java.lang.Integer.toString(counter)) + .png)): null

2018-12-04 09:50:54 - [TEST_STEP][PASSED] - Statement - counter = counter + 1: null

2018-12-04 09:50:54 - [TEST_STEP][PASSED] - Statement - PreSaveFile = new java.io.File(((pathPrefix + java.lang.Integer.toString(counter)) + .png)): null

2018-12-04 09:50:54 - [TEST_STEP][PASSED] - Statement - counter = counter + 1: null

2018-12-04 09:50:54 - [TEST_STEP][PASSED] - Statement - PreSaveFile = new java.io.File(((pathPrefix + java.lang.Integer.toString(counter)) + .png)): null

2018-12-04 09:50:54 - [TEST_STEP][PASSED] - Statement - counter = counter + 1: null

2018-12-04 09:50:54 - [TEST_STEP][PASSED] - Statement - PreSaveFile = new java.io.File(((pathPrefix + java.lang.Integer.toString(counter)) + .png)): null

2018-12-04 09:50:54 - [TEST_STEP][PASSED] - Statement - counter = counter + 1: null

2018-12-04 09:50:54 - [TEST_STEP][PASSED] - Statement - PreSaveFile = new java.io.File(((pathPrefix + java.lang.Integer.toString(counter)) + .png)): null

2018-12-04 09:50:54 - [TEST_STEP][PASSED] - Statement - counter = counter + 1: null

2018-12-04 09:50:54 - [TEST_STEP][PASSED] - Statement - PreSaveFile = new java.io.File(((pathPrefix + java.lang.Integer.toString(counter)) + .png)): null

2018-12-04 09:50:55 - [TEST_STEP][PASSED] - Statement - counter = counter + 1: null

2018-12-04 09:50:55 - [TEST_STEP][PASSED] - Statement - PreSaveFile = new java.io.File(((pathPrefix + java.lang.Integer.toString(counter)) + .png)): null

2018-12-04 09:50:55 - [TEST_STEP][PASSED] - Statement - counter = counter + 1: null

2018-12-04 09:50:55 - [TEST_STEP][PASSED] - Statement - PreSaveFile = new java.io.File(((pathPrefix + java.lang.Integer.toString(counter)) + .png)): null

2018-12-04 09:50:55 - [TEST_STEP][PASSED] - Statement - counter = counter + 1: null

2018-12-04 09:50:55 - [TEST_STEP][PASSED] - Statement - PreSaveFile = new java.io.File(((pathPrefix + java.lang.Integer.toString(counter)) + .png)): null

2018-12-04 09:50:55 - [TEST_STEP][PASSED] - Statement - counter = counter + 1: null

2018-12-04 09:50:55 - [TEST_STEP][PASSED] - Statement - PreSaveFile = new java.io.File(((pathPrefix + java.lang.Integer.toString(counter)) + .png)): null

2018-12-04 09:50:55 - [TEST_STEP][PASSED] - Statement - counter = counter + 1: null

2018-12-04 09:50:56 - [TEST_STEP][PASSED] - Statement - PreSaveFile = new java.io.File(((pathPrefix + java.lang.Integer.toString(counter)) + .png)): null

2018-12-04 09:50:56 - [TEST_STEP][PASSED] - Statement - counter = counter + 1: null

2018-12-04 09:50:56 - [TEST_STEP][PASSED] - Statement - PreSaveFile = new java.io.File(((pathPrefix + java.lang.Integer.toString(counter)) + .png)): null

2018-12-04 09:50:56 - [TEST_STEP][PASSED] - Statement - counter = counter + 1: null

2018-12-04 09:50:56 - [TEST_STEP][PASSED] - Statement - PreSaveFile = new java.io.File(((pathPrefix + java.lang.Integer.toString(counter)) + .png)): null

2018-12-04 09:50:56 - [TEST_STEP][PASSED] - Statement - counter = counter + 1: null

2018-12-04 09:50:56 - [TEST_STEP][PASSED] - Statement - PreSaveFile = new java.io.File(((pathPrefix + java.lang.Integer.toString(counter)) + .png)): null

2018-12-04 09:50:56 - [TEST_STEP][PASSED] - Statement - counter = counter + 1: null

2018-12-04 09:50:56 - [TEST_STEP][PASSED] - Statement - PreSaveFile = new java.io.File(((pathPrefix + java.lang.Integer.toString(counter)) + .png)): null

2018-12-04 09:50:56 - [TEST_STEP][PASSED] - Statement - counter = counter + 1: null

2018-12-04 09:50:58 - [TEST_STEP][PASSED] - Statement - PreSaveFile = new java.io.File(((pathPrefix + java.lang.Integer.toString(counter)) + .png)): null

2018-12-04 09:50:58 - [TEST_STEP][PASSED] - Statement - counter = counter + 1: null

2018-12-04 09:50:58 - [TEST_STEP][PASSED] - Statement - PreSaveFile = new java.io.File(((pathPrefix + java.lang.Integer.toString(counter)) + .png)): null

2018-12-04 09:50:58 - [TEST_STEP][PASSED] - Statement - counter = counter + 1: null

2018-12-04 09:50:58 - [TEST_STEP][PASSED] - Statement - PreSaveFile = new java.io.File(((pathPrefix + java.lang.Integer.toString(counter)) + .png)): null

2018-12-04 09:50:58 - [TEST_STEP][PASSED] - Statement - counter = counter + 1: null

2018-12-04 09:50:58 - [TEST_STEP][PASSED] - Statement - PreSaveFile = new java.io.File(((pathPrefix + java.lang.Integer.toString(counter)) + .png)): null

2018-12-04 09:50:58 - [TEST_STEP][PASSED] - Statement - counter = counter + 1: null

2018-12-04 09:50:58 - [TEST_STEP][PASSED] - Statement - PreSaveFile = new java.io.File(((pathPrefix + java.lang.Integer.toString(counter)) + .png)): null

2018-12-04 09:50:59 - [TEST_STEP][PASSED] - Statement - counter = counter + 1: null

2018-12-04 09:50:59 - [TEST_STEP][PASSED] - Statement - PreSaveFile = new java.io.File(((pathPrefix + java.lang.Integer.toString(counter)) + .png)): null

2018-12-04 09:50:59 - [TEST_STEP][PASSED] - Statement - counter = counter + 1: null

2018-12-04 09:50:59 - [TEST_STEP][PASSED] - Statement - PreSaveFile = new java.io.File(((pathPrefix + java.lang.Integer.toString(counter)) + .png)): null

2018-12-04 09:50:59 - [TEST_STEP][PASSED] - Statement - counter = counter + 1: null

2018-12-04 09:50:59 - [TEST_STEP][PASSED] - Statement - PreSaveFile = new java.io.File(((pathPrefix + java.lang.Integer.toString(counter)) + .png)): null

2018-12-04 09:50:59 - [TEST_STEP][PASSED] - Statement - counter = counter + 1: null

2018-12-04 09:50:59 - [TEST_STEP][PASSED] - Statement - PreSaveFile = new java.io.File(((pathPrefix + java.lang.Integer.toString(counter)) + .png)): null

2018-12-04 09:50:59 - [TEST_STEP][PASSED] - Statement - counter = counter + 1: null

2018-12-04 09:50:59 - [TEST_STEP][PASSED] - Statement - PreSaveFile = new java.io.File(((pathPrefix + java.lang.Integer.toString(counter)) + .png)): null

2018-12-04 09:51:00 - [TEST_STEP][PASSED] - Statement - counter = counter + 1: null

2018-12-04 09:51:00 - [TEST_STEP][PASSED] - Statement - PreSaveFile = new java.io.File(((pathPrefix + java.lang.Integer.toString(counter)) + .png)): null

2018-12-04 09:51:00 - [TEST_STEP][PASSED] - Statement - counter = counter + 1: null

2018-12-04 09:51:00 - [TEST_STEP][PASSED] - Statement - PreSaveFile = new java.io.File(((pathPrefix + java.lang.Integer.toString(counter)) + .png)): null

2018-12-04 09:51:00 - [TEST_STEP][PASSED] - Statement - counter = counter + 1: null

2018-12-04 09:51:00 - [TEST_STEP][PASSED] - Statement - PreSaveFile = new java.io.File(((pathPrefix + java.lang.Integer.toString(counter)) + .png)): null

2018-12-04 09:51:00 - [TEST_STEP][PASSED] - Statement - counter = counter + 1: null

2018-12-04 09:51:00 - [TEST_STEP][PASSED] - Statement - PreSaveFile = new java.io.File(((pathPrefix + java.lang.Integer.toString(counter)) + .png)): null

2018-12-04 09:51:00 - [TEST_STEP][PASSED] - Statement - counter = counter + 1: null

2018-12-04 09:51:00 - [TEST_STEP][PASSED] - Statement - PreSaveFile = new java.io.File(((pathPrefix + java.lang.Integer.toString(counter)) + .png)): null

2018-12-04 09:51:02 - [TEST_STEP][PASSED] - Statement - counter = counter + 1: null

2018-12-04 09:51:02 - [TEST_STEP][PASSED] - Statement - PreSaveFile = new java.io.File(((pathPrefix + java.lang.Integer.toString(counter)) + .png)): null

2018-12-04 09:51:02 - [TEST_STEP][PASSED] - Statement - counter = counter + 1: null

2018-12-04 09:51:02 - [TEST_STEP][PASSED] - Statement - PreSaveFile = new java.io.File(((pathPrefix + java.lang.Integer.toString(counter)) + .png)): null

2018-12-04 09:51:02 - [TEST_STEP][PASSED] - Statement - counter = counter + 1: null

2018-12-04 09:51:02 - [TEST_STEP][PASSED] - Statement - PreSaveFile = new java.io.File(((pathPrefix + java.lang.Integer.toString(counter)) + .png)): null

2018-12-04 09:51:02 - [TEST_STEP][PASSED] - Statement - counter = counter + 1: null

2018-12-04 09:51:02 - [TEST_STEP][PASSED] - Statement - PreSaveFile = new java.io.File(((pathPrefix + java.lang.Integer.toString(counter)) + .png)): null

2018-12-04 09:51:02 - [TEST_STEP][PASSED] - Statement - counter = counter + 1: null

2018-12-04 09:51:04 - [TEST_STEP][PASSED] - Statement - PreSaveFile = new java.io.File(((pathPrefix + java.lang.Integer.toString(counter)) + .png)): null

2018-12-04 09:51:04 - [TEST_STEP][PASSED] - Statement - counter = counter + 1: null

2018-12-04 09:51:04 - [TEST_STEP][PASSED] - Statement - PreSaveFile = new java.io.File(((pathPrefix + java.lang.Integer.toString(counter)) + .png)): null

2018-12-04 09:51:04 - [TEST_STEP][PASSED] - Statement - counter = counter + 1: null

2018-12-04 09:51:04 - [TEST_STEP][PASSED] - Statement - PreSaveFile = new java.io.File(((pathPrefix + java.lang.Integer.toString(counter)) + .png)): null

2018-12-04 09:51:04 - [TEST_STEP][PASSED] - Statement - counter = counter + 1: null

2018-12-04 09:51:04 - [TEST_STEP][PASSED] - Statement - PreSaveFile = new java.io.File(((pathPrefix + java.lang.Integer.toString(counter)) + .png)): null

2018-12-04 09:51:04 - [TEST_STEP][PASSED] - Statement - counter = counter + 1: null

2018-12-04 09:51:04 - [TEST_STEP][PASSED] - Statement - PreSaveFile = new java.io.File(((pathPrefix + java.lang.Integer.toString(counter)) + .png)): null

2018-12-04 09:51:04 - [TEST_STEP][PASSED] - Statement - counter = counter + 1: null

2018-12-04 09:51:05 - [TEST_STEP][PASSED] - Statement - PreSaveFile = new java.io.File(((pathPrefix + java.lang.Integer.toString(counter)) + .png)): null

2018-12-04 09:51:05 - [TEST_STEP][PASSED] - Statement - counter = counter + 1: null

2018-12-04 09:51:05 - [TEST_STEP][PASSED] - Statement - PreSaveFile = new java.io.File(((pathPrefix + java.lang.Integer.toString(counter)) + .png)): null

2018-12-04 09:51:05 - [TEST_STEP][PASSED] - Statement - counter = counter + 1: null

2018-12-04 09:51:05 - [TEST_STEP][PASSED] - Statement - PreSaveFile = new java.io.File(((pathPrefix + java.lang.Integer.toString(counter)) + .png)): null

2018-12-04 09:51:05 - [TEST_STEP][PASSED] - Statement - counter = counter + 1: null

2018-12-04 09:51:05 - [TEST_STEP][PASSED] - Statement - PreSaveFile = new java.io.File(((pathPrefix + java.lang.Integer.toString(counter)) + .png)): null

2018-12-04 09:51:05 - [TEST_STEP][PASSED] - Statement - counter = counter + 1: null

2018-12-04 09:51:05 - [TEST_STEP][PASSED] - Statement - PreSaveFile = new java.io.File(((pathPrefix + java.lang.Integer.toString(counter)) + .png)): null

2018-12-04 09:51:06 - [TEST_STEP][PASSED] - Statement - counter = counter + 1: null

2018-12-04 09:51:06 - [TEST_STEP][PASSED] - Statement - PreSaveFile = new java.io.File(((pathPrefix + java.lang.Integer.toString(counter)) + .png)): null

2018-12-04 09:51:06 - [TEST_STEP][PASSED] - Statement - counter = counter + 1: null

2018-12-04 09:51:06 - [TEST_STEP][PASSED] - Statement - PreSaveFile = new java.io.File(((pathPrefix + java.lang.Integer.toString(counter)) + .png)): null

2018-12-04 09:51:06 - [TEST_STEP][PASSED] - Statement - counter = counter + 1: null

2018-12-04 09:51:06 - [TEST_STEP][PASSED] - Statement - PreSaveFile = new java.io.File(((pathPrefix + java.lang.Integer.toString(counter)) + .png)): null

2018-12-04 09:51:06 - [TEST_STEP][PASSED] - Statement - counter = counter + 1: null

2018-12-04 09:51:06 - [TEST_STEP][PASSED] - Statement - PreSaveFile = new java.io.File(((pathPrefix + java.lang.Integer.toString(counter)) + .png)): null

2018-12-04 09:51:06 - [TEST_STEP][PASSED] - Statement - counter = counter + 1: null

2018-12-04 09:51:06 - [TEST_STEP][PASSED] - Statement - PreSaveFile = new java.io.File(((pathPrefix + java.lang.Integer.toString(counter)) + .png)): null

2018-12-04 09:51:08 - [TEST_STEP][PASSED] - Statement - counter = counter + 1: null

2018-12-04 09:51:08 - [TEST_STEP][PASSED] - Statement - PreSaveFile = new java.io.File(((pathPrefix + java.lang.Integer.toString(counter)) + .png)): null

2018-12-04 09:51:08 - [TEST_STEP][PASSED] - Statement - counter = counter + 1: null

2018-12-04 09:51:08 - [TEST_STEP][PASSED] - Statement - PreSaveFile = new java.io.File(((pathPrefix + java.lang.Integer.toString(counter)) + .png)): null

2018-12-04 09:51:08 - [TEST_STEP][PASSED] - Statement - counter = counter + 1: null

2018-12-04 09:51:08 - [TEST_STEP][PASSED] - Statement - PreSaveFile = new java.io.File(((pathPrefix + java.lang.Integer.toString(counter)) + .png)): null

2018-12-04 09:51:08 - [TEST_STEP][PASSED] - Statement - counter = counter + 1: null

2018-12-04 09:51:08 - [TEST_STEP][PASSED] - Statement - PreSaveFile = new java.io.File(((pathPrefix + java.lang.Integer.toString(counter)) + .png)): null

2018-12-04 09:51:08 - [TEST_STEP][PASSED] - Statement - counter = counter + 1: null

2018-12-04 09:51:08 - [TEST_STEP][PASSED] - Statement - PreSaveFile = new java.io.File(((pathPrefix + java.lang.Integer.toString(counter)) + .png)): null

2018-12-04 09:51:09 - [TEST_STEP][PASSED] - Statement - counter = counter + 1: null

2018-12-04 09:51:09 - [TEST_STEP][PASSED] - Statement - PreSaveFile = new java.io.File(((pathPrefix + java.lang.Integer.toString(counter)) + .png)): null

2018-12-04 09:51:09 - [TEST_STEP][PASSED] - Statement - counter = counter + 1: null

2018-12-04 09:51:09 - [TEST_STEP][PASSED] - Statement - PreSaveFile = new java.io.File(((pathPrefix + java.lang.Integer.toString(counter)) + .png)): null

2018-12-04 09:51:09 - [TEST_STEP][PASSED] - Statement - counter = counter + 1: null

2018-12-04 09:51:09 - [TEST_STEP][PASSED] - Statement - PreSaveFile = new java.io.File(((pathPrefix + java.lang.Integer.toString(counter)) + .png)): null

2018-12-04 09:51:09 - [TEST_STEP][PASSED] - Statement - counter = counter + 1: null

2018-12-04 09:51:09 - [TEST_STEP][PASSED] - Statement - PreSaveFile = new java.io.File(((pathPrefix + java.lang.Integer.toString(counter)) + .png)): null

2018-12-04 09:51:09 - [TEST_STEP][PASSED] - Statement - counter = counter + 1: null

2018-12-04 09:51:11 - [TEST_STEP][PASSED] - Statement - PreSaveFile = new java.io.File(((pathPrefix + java.lang.Integer.toString(counter)) + .png)): null

2018-12-04 09:51:11 - [TEST_STEP][PASSED] - Statement - counter = counter + 1: null

2018-12-04 09:51:11 - [TEST_STEP][PASSED] - Statement - PreSaveFile = new java.io.File(((pathPrefix + java.lang.Integer.toString(counter)) + .png)): null

2018-12-04 09:51:11 - [TEST_STEP][PASSED] - Statement - counter = counter + 1: null

2018-12-04 09:51:11 - [TEST_STEP][PASSED] - Statement - PreSaveFile = new java.io.File(((pathPrefix + java.lang.Integer.toString(counter)) + .png)): null

2018-12-04 09:51:11 - [TEST_STEP][PASSED] - Statement - counter = counter + 1: null

2018-12-04 09:51:11 - [TEST_STEP][PASSED] - Statement - PreSaveFile = new java.io.File(((pathPrefix + java.lang.Integer.toString(counter)) + .png)): null

2018-12-04 09:51:11 - [TEST_STEP][PASSED] - Statement - counter = counter + 1: null

2018-12-04 09:51:11 - [TEST_STEP][PASSED] - Statement - PreSaveFile = new java.io.File(((pathPrefix + java.lang.Integer.toString(counter)) + .png)): null

2018-12-04 09:51:11 - [TEST_STEP][PASSED] - Statement - counter = counter + 1: null

2018-12-04 09:51:13 - [TEST_STEP][PASSED] - Statement - PreSaveFile = new java.io.File(((pathPrefix + java.lang.Integer.toString(counter)) + .png)): null

2018-12-04 09:51:13 - [TEST_STEP][PASSED] - Statement - counter = counter + 1: null

2018-12-04 09:51:13 - [TEST_STEP][PASSED] - Statement - PreSaveFile = new java.io.File(((pathPrefix + java.lang.Integer.toString(counter)) + .png)): null

2018-12-04 09:51:13 - [TEST_STEP][PASSED] - Statement - counter = counter + 1: null

2018-12-04 09:51:13 - [TEST_STEP][PASSED] - Statement - PreSaveFile = new java.io.File(((pathPrefix + java.lang.Integer.toString(counter)) + .png)): null

2018-12-04 09:51:13 - [TEST_STEP][PASSED] - Statement - counter = counter + 1: null

2018-12-04 09:51:13 - [TEST_STEP][PASSED] - Statement - PreSaveFile = new java.io.File(((pathPrefix + java.lang.Integer.toString(counter)) + .png)): null

2018-12-04 09:51:13 - [TEST_STEP][PASSED] - Statement - counter = counter + 1: null

2018-12-04 09:51:13 - [TEST_STEP][PASSED] - Statement - PreSaveFile = new java.io.File(((pathPrefix + java.lang.Integer.toString(counter)) + .png)): null

2018-12-04 09:51:14 - [TEST_STEP][PASSED] - Statement - counter = counter + 1: null

2018-12-04 09:51:14 - [TEST_STEP][PASSED] - Statement - PreSaveFile = new java.io.File(((pathPrefix + java.lang.Integer.toString(counter)) + .png)): null

2018-12-04 09:51:14 - [TEST_STEP][PASSED] - Statement - counter = counter + 1: null

2018-12-04 09:51:14 - [TEST_STEP][PASSED] - Statement - PreSaveFile = new java.io.File(((pathPrefix + java.lang.Integer.toString(counter)) + .png)): null

2018-12-04 09:51:14 - [TEST_STEP][PASSED] - Statement - counter = counter + 1: null

2018-12-04 09:51:14 - [TEST_STEP][PASSED] - Statement - PreSaveFile = new java.io.File(((pathPrefix + java.lang.Integer.toString(counter)) + .png)): null

2018-12-04 09:51:14 - [TEST_STEP][PASSED] - Statement - counter = counter + 1: null

2018-12-04 09:51:14 - [TEST_STEP][PASSED] - Statement - PreSaveFile = new java.io.File(((pathPrefix + java.lang.Integer.toString(counter)) + .png)): null

2018-12-04 09:51:14 - [TEST_STEP][PASSED] - Statement - finalPath = pathPrefix + java.lang.Integer.toString(counter) + ".png": null

2018-12-04 09:51:15 - [TEST_STEP][PASSED] - Statement - SaveFile = new java.io.File(finalPath): null

2018-12-04 09:51:15 - [TEST_STEP][PASSED] - Statement - Try: null

2018-12-04 09:51:15 - [TEST_STEP][PASSED] - Statement - org.apache.commons.io.FileUtils.copyFile(scrFile, SaveFile): null

2018-12-04 09:51:15 - [TEST_STEP][PASSED] - Statement - out.println("file kept"): null

2018-12-04 09:51:15 - [TEST_STEP][PASSED] - delay: Delayed 10 second(s)

2018-12-04 09:51:25 - [MESSAGE][PASSED] - Delayed 10 second(s)

2018-12-04 09:51:25 - [MESSAGE][PASSED] - Call Test Case 'Test Cases/Final Aug 2018 - PKS Automation/Registration Module/New Registration/Submit and Screenshot/Submit Registration and Screenshot' successfully

2018-12-04 09:51:25 - [TEST_STEP][PASSED] - callTestCase: Call Test Case 'Test Cases/Final Aug 2018 - PKS Automation/Registration Module/Log Out/log out avoiding katalon tagging' successfully

2018-12-04 09:51:25 - [TEST_CASE][PASSED] - Test Cases/Final Aug 2018 - PKS Automation/Registration Module/Log Out/log out avoiding katalon tagging: Test Cases/Final Aug 2018 - PKS Automation/Registration Module/Log Out/log out avoiding katalon tagging

2018-12-04 09:51:25 - [TEST_STEP][PASSED] - navigateToUrl: Navigate to 'https://assist2-uat.perkeso.gov.my/c/portal/logout' successfully

2018-12-04 09:51:26 - [MESSAGE][PASSED] - Navigate to 'https://assist2-uat.perkeso.gov.my/c/portal/logout' successfully

2018-12-04 09:51:26 - [MESSAGE][PASSED] - Call Test Case 'Test Cases/Final Aug 2018 - PKS Automation/Registration Module/Log Out/log out avoiding katalon tagging' successfully

2018-12-04 09:51:26 - [TEST_STEP][PASSED] - callTestCase: Call Test Case 'Test Cases/Final Aug 2018 - PKS Automation/Common/Workflow Owner Finder' successfully

2018-12-04 09:51:26 - [TEST_CASE][PASSED] - Test Cases/Final Aug 2018 - PKS Automation/Common/Workflow Owner Finder: Test Cases/Final Aug 2018 - PKS Automation/Common/Workflow Owner Finder

2018-12-04 09:51:26 - [TEST_STEP][PASSED] - openBrowser: Browser is opened with url: ''

2018-12-04 09:51:26 - [MESSAGE][WARNING] - A browser is already opened. Closing browser and opening a new one

2018-12-04 09:51:29 - [MESSAGE][PASSED] - Browser is opened with url: ''

2018-12-04 09:51:29 - [TEST_STEP][PASSED] - navigateToUrl: Navigate to 'https://assist2-uat.perkeso.gov.my/login' successfully

2018-12-04 09:51:30 - [MESSAGE][PASSED] - Navigate to 'https://assist2-uat.perkeso.gov.my/login' successfully

2018-12-04 09:51:30 - [TEST_STEP][PASSED] - delay: Delayed 5 second(s)

2018-12-04 09:51:35 - [MESSAGE][PASSED] - Delayed 5 second(s)

2018-12-04 09:51:35 - [TEST_STEP][PASSED] - setText: Text 'test@liferay.com' is set on object 'Object Repository/Final Object Repo/Login Page/Internal User/Email Address'

2018-12-04 09:51:36 - [MESSAGE][PASSED] - Text 'test@liferay.com' is set on object 'Object Repository/Final Object Repo/Login Page/Internal User/Email Address'

2018-12-04 09:51:36 - [TEST_STEP][PASSED] - click: Object: 'Object Repository/Final Object Repo/Login Page/Internal User/Next Button' is clicked on

2018-12-04 09:51:36 - [MESSAGE][PASSED] - Object: 'Object Repository/Final Object Repo/Login Page/Internal User/Next Button' is clicked on

2018-12-04 09:51:36 - [TEST_STEP][PASSED] - delay: Delayed 2 second(s)

2018-12-04 09:51:38 - [MESSAGE][PASSED] - Delayed 2 second(s)

2018-12-04 09:51:38 - [TEST_STEP][PASSED] - setText: Text 'test' is set on object 'Object Repository/Final Object Repo/Login Page/Internal User/Password'

2018-12-04 09:51:38 - [MESSAGE][PASSED] - Text 'test' is set on object 'Object Repository/Final Object Repo/Login Page/Internal User/Password'

2018-12-04 09:51:38 - [TEST_STEP][PASSED] - delay: Delayed 2 second(s)

2018-12-04 09:51:40 - [MESSAGE][PASSED] - Delayed 2 second(s)

2018-12-04 09:51:40 - [TEST_STEP][PASSED] - click: Object: 'Object Repository/Final Object Repo/Login Page/Internal User/Login Button' is clicked on

2018-12-04 09:51:40 - [MESSAGE][PASSED] - Object: 'Object Repository/Final Object Repo/Login Page/Internal User/Login Button' is clicked on

2018-12-04 09:51:40 - [TEST_STEP][PASSED] - Statement - tester = com.kms.katalon.core.testobject.ObjectRepository.findTestObject(Final Object Repo/Landing Page/Select to English): Finding Test Object with id 'Object Repository/Final Object Repo/Landing Page/Select to English'

2018-12-04 09:51:40 - [TEST_STEP][PASSED] - Statement - Try: Delayed 2 second(s)

2018-12-04 09:51:40 - [TEST_STEP][PASSED] - Statement - Checker = com.kms.katalon.core.webui.keyword.WebUiBuiltInKeywords.verifyElementNotPresent(tester, 3): Web element with id: 'Object Repository/Final Object Repo/Landing Page/Select to English' located by 'By.xpath: //a[@class = 'taglib-language-list-text' and @lang = 'en-US' and (contains(text(), 'EN') or contains(., 'EN'))]' is not present after '3' second(s)

2018-12-04 09:51:42 - [MESSAGE][PASSED] - Web element with id: 'Object Repository/Final Object Repo/Landing Page/Select to English' located by 'By.xpath: //a[@class = 'taglib-language-list-text' and @lang = 'en-US' and (contains(text(), 'EN') or contains(., 'EN'))]' is not present after '3' second(s)

2018-12-04 09:51:42 - [TEST_STEP][PASSED] - Statement - If (Checker == false): null

2018-12-04 09:51:42 - [TEST_STEP][PASSED] - delay: Delayed 2 second(s)

2018-12-04 09:51:44 - [MESSAGE][PASSED] - Delayed 2 second(s)

2018-12-04 09:51:44 - [TEST_STEP][PASSED] - delay: Delayed 5 second(s)

2018-12-04 09:51:49 - [MESSAGE][PASSED] - Delayed 5 second(s)

2018-12-04 09:51:49 - [TEST_STEP][PASSED] - mouseOver: Object: 'Object Repository/Final Object Repo/Landing Page/WorkFlow Menu' is hovered

2018-12-04 09:51:49 - [MESSAGE][PASSED] - Object: 'Object Repository/Final Object Repo/Landing Page/WorkFlow Menu' is hovered

2018-12-04 09:51:49 - [TEST_STEP][PASSED] - delay: Delayed 2 second(s)

2018-12-04 09:51:51 - [MESSAGE][PASSED] - Delayed 2 second(s)

2018-12-04 09:51:51 - [TEST_STEP][PASSED] - click: Object: 'Object Repository/Final Object Repo/Landing Page/Select to Workflow Listing' is clicked on

2018-12-04 09:51:53 - [MESSAGE][PASSED] - Object: 'Object Repository/Final Object Repo/Landing Page/Select to Workflow Listing' is clicked on

2018-12-04 09:51:53 - [TEST_STEP][PASSED] - delay: Delayed 2 second(s)

2018-12-04 09:51:55 - [MESSAGE][PASSED] - Delayed 2 second(s)

2018-12-04 09:51:55 - [TEST_STEP][PASSED] - click: Object: 'Object Repository/Final Object Repo/WorkFlow Listing Page/Search Information - To Put Ref No' is clicked on

2018-12-04 09:51:55 - [MESSAGE][PASSED] - Object: 'Object Repository/Final Object Repo/WorkFlow Listing Page/Search Information - To Put Ref No' is clicked on

2018-12-04 09:51:55 - [TEST_STEP][PASSED] - delay: Delayed 2 second(s)

2018-12-04 09:51:57 - [MESSAGE][PASSED] - Delayed 2 second(s)

2018-12-04 09:51:57 - [TEST_STEP][PASSED] - callTestCase: Call Test Case 'Test Cases/Final Aug 2018 - PKS Automation/Common/Reference Number Getter' successfully

2018-12-04 09:51:57 - [TEST_CASE][PASSED] - Test Cases/Final Aug 2018 - PKS Automation/Common/Reference Number Getter: Test Cases/Final Aug 2018 - PKS Automation/Common/Reference Number Getter

2018-12-04 09:51:57 - [TEST_STEP][PASSED] - Statement - Try: null

2018-12-04 09:51:57 - [TEST_STEP][PASSED] - Statement - RefNo = new java.io.File(C://Users//Admin//Desktop//PKS//Automation Reference Point//KatalonReference.txt): null

2018-12-04 09:51:57 - [TEST_STEP][PASSED] - Statement - bufferread = new java.io.BufferedReader(new java.io.FileReader(RefNo)): null

2018-12-04 09:51:57 - [TEST_STEP][PASSED] - Statement - readedVal = bufferread.readLine(): null

2018-12-04 09:51:57 - [TEST_STEP][PASSED] - Statement - out.println(CaseReferenceNo): null

2018-12-04 09:51:57 - [TEST_STEP][PASSED] - Statement - out.println(readedVal): null

2018-12-04 09:51:57 - [TEST_STEP][PASSED] - Statement - CaseReferenceNo = "": null

2018-12-04 09:51:57 - [TEST_STEP][PASSED] - Statement - CaseReferenceNo = readedVal: null

2018-12-04 09:51:57 - [MESSAGE][PASSED] - Call Test Case 'Test Cases/Final Aug 2018 - PKS Automation/Common/Reference Number Getter' successfully

2018-12-04 09:51:57 - [TEST_STEP][PASSED] - setText: Text 'CRN12201800122964' is set on object 'Object Repository/Final Object Repo/WorkFlow Listing Page/Ref No Set Text'

2018-12-04 09:51:57 - [MESSAGE][PASSED] - Text 'CRN12201800122964' is set on object 'Object Repository/Final Object Repo/WorkFlow Listing Page/Ref No Set Text'

2018-12-04 09:51:57 - [TEST_STEP][PASSED] - delay: Delayed 2 second(s)

2018-12-04 09:51:59 - [MESSAGE][PASSED] - Delayed 2 second(s)

2018-12-04 09:51:59 - [TEST_STEP][PASSED] - click: Object: 'Object Repository/Final Object Repo/WorkFlow Listing Page/Search Ref No Search Button' is clicked on

2018-12-04 09:52:00 - [MESSAGE][PASSED] - Object: 'Object Repository/Final Object Repo/WorkFlow Listing Page/Search Ref No Search Button' is clicked on

2018-12-04 09:52:00 - [TEST_STEP][PASSED] - delay: Delayed 6 second(s)

2018-12-04 09:52:06 - [MESSAGE][PASSED] - Delayed 6 second(s)

2018-12-04 09:52:06 - [TEST_STEP][PASSED] - click: Object: 'Object Repository/Final Object Repo/WorkFlow Listing Page/Click Continue Tooltip' is clicked on

2018-12-04 09:52:07 - [MESSAGE][PASSED] - Object: 'Object Repository/Final Object Repo/WorkFlow Listing Page/Click Continue Tooltip' is clicked on

2018-12-04 09:52:07 - [TEST_STEP][PASSED] - delay: Delayed 5 second(s)

2018-12-04 09:52:12 - [MESSAGE][PASSED] - Delayed 5 second(s)

2018-12-04 09:52:12 - [TEST_STEP][PASSED] - doubleClick: Object: 'Object Repository/Final Object Repo/WorkFlow Listing Page/Workflow Found - Listing 1' is double clicked on

2018-12-04 09:52:12 - [MESSAGE][PASSED] - Object: 'Object Repository/Final Object Repo/WorkFlow Listing Page/Workflow Found - Listing 1' is double clicked on

2018-12-04 09:52:12 - [TEST_STEP][PASSED] - Statement - println(OwnerID): null

2018-12-04 09:52:12 - [TEST_STEP][PASSED] - Statement - OwnerID = com.kms.katalon.core.webui.keyword.WebUiBuiltInKeywords.getText(com.kms.katalon.core.testobject.ObjectRepository.findTestObject(Final Object Repo/WorkFlow Listing Page/Workflow Found - Listing 1), STOP_ON_FAILURE): Text of object 'Object Repository/Final Object Repo/WorkFlow Listing Page/Workflow Found - Listing 1' is: 'JOHORro1'

2018-12-04 09:52:12 - [MESSAGE][PASSED] - Text of object 'Object Repository/Final Object Repo/WorkFlow Listing Page/Workflow Found - Listing 1' is: 'JOHORro1'

2018-12-04 09:52:12 - [TEST_STEP][PASSED] - Statement - OwnerID = OwnerID.toLowerCase() + "@gmail.com": null

2018-12-04 09:52:12 - [TEST_STEP][PASSED] - Statement - println(OwnerID): null

2018-12-04 09:52:12 - [TEST_STEP][PASSED] - delay: Delayed 2 second(s)

2018-12-04 09:52:14 - [MESSAGE][PASSED] - Delayed 2 second(s)

2018-12-04 09:52:14 - [MESSAGE][PASSED] - Call Test Case 'Test Cases/Final Aug 2018 - PKS Automation/Common/Workflow Owner Finder' successfully

2018-12-04 09:52:14 - [TEST_STEP][PASSED] - callTestCase: Call Test Case 'Test Cases/Final Aug 2018 - PKS Automation/Registration Module/Log Out/log out avoiding katalon tagging' successfully

2018-12-04 09:52:14 - [TEST_CASE][PASSED] - Test Cases/Final Aug 2018 - PKS Automation/Registration Module/Log Out/log out avoiding katalon tagging: Test Cases/Final Aug 2018 - PKS Automation/Registration Module/Log Out/log out avoiding katalon tagging

2018-12-04 09:52:14 - [TEST_STEP][PASSED] - navigateToUrl: Navigate to 'https://assist2-uat.perkeso.gov.my/c/portal/logout' successfully

2018-12-04 09:52:15 - [MESSAGE][PASSED] - Navigate to 'https://assist2-uat.perkeso.gov.my/c/portal/logout' successfully

2018-12-04 09:52:15 - [MESSAGE][PASSED] - Call Test Case 'Test Cases/Final Aug 2018 - PKS Automation/Registration Module/Log Out/log out avoiding katalon tagging' successfully

2018-12-04 09:52:15 - [TEST_STEP][PASSED] - delay: Delayed 2 second(s)

2018-12-04 09:52:17 - [MESSAGE][PASSED] - Delayed 2 second(s)

2018-12-04 09:52:17 - [TEST_STEP][PASSED] - setText: Text 'johorro1@gmail.com' is set on object 'Object Repository/Final Object Repo/New Registration - Registration Module Pages/New Reg - OTC to RO/Special Case - All Related Objects/Email TextBox'

2018-12-04 09:52:17 - [MESSAGE][PASSED] - Text 'johorro1@gmail.com' is set on object 'Object Repository/Final Object Repo/New Registration - Registration Module Pages/New Reg - OTC to RO/Special Case - All Related Objects/Email TextBox'

2018-12-04 09:52:17 - [TEST_STEP][PASSED] - click: Object: 'Object Repository/Final Object Repo/New Registration - Registration Module Pages/New Reg - OTC to RO/Special Case - All Related Objects/Next Button' is clicked on

2018-12-04 09:52:17 - [MESSAGE][PASSED] - Object: 'Object Repository/Final Object Repo/New Registration - Registration Module Pages/New Reg - OTC to RO/Special Case - All Related Objects/Next Button' is clicked on

2018-12-04 09:52:17 - [TEST_STEP][PASSED] - delay: Delayed 2 second(s)

2018-12-04 09:52:19 - [MESSAGE][PASSED] - Delayed 2 second(s)

2018-12-04 09:52:19 - [TEST_STEP][PASSED] - setText: Text 'Test1@3456789' is set on object 'Object Repository/Final Object Repo/New Registration - Registration Module Pages/New Reg - OTC to RO/Special Case - All Related Objects/Password TextBox'

2018-12-04 09:52:20 - [MESSAGE][PASSED] - Text 'Test1@3456789' is set on object 'Object Repository/Final Object Repo/New Registration - Registration Module Pages/New Reg - OTC to RO/Special Case - All Related Objects/Password TextBox'

2018-12-04 09:52:20 - [TEST_STEP][PASSED] - delay: Delayed 2 second(s)

2018-12-04 09:52:22 - [MESSAGE][PASSED] - Delayed 2 second(s)

2018-12-04 09:52:22 - [TEST_STEP][PASSED] - click: Object: 'Object Repository/Final Object Repo/New Registration - Registration Module Pages/New Reg - OTC to RO/Special Case - All Related Objects/Login Button' is clicked on

2018-12-04 09:52:22 - [MESSAGE][PASSED] - Object: 'Object Repository/Final Object Repo/New Registration - Registration Module Pages/New Reg - OTC to RO/Special Case - All Related Objects/Login Button' is clicked on

2018-12-04 09:52:22 - [TEST_STEP][PASSED] - delay: Delayed 2 second(s)

2018-12-04 09:52:24 - [MESSAGE][PASSED] - Delayed 2 second(s)

2018-12-04 09:52:24 - [TEST_STEP][PASSED] - Statement - Try: null

2018-12-04 09:52:24 - [TEST_STEP][PASSED] - Statement - Checker = com.kms.katalon.core.webui.keyword.WebUiBuiltInKeywords.verifyElementNotPresent("Final Object Repo/Landing Page/Select to English", 3): null

2018-12-04 09:52:24 - [TEST_STEP][PASSED] - Statement - Catch (Exception e): null

2018-12-04 09:52:24 - [TEST_STEP][PASSED] - Statement - e.printStackTrace(): null

2018-12-04 09:52:24 - [TEST_STEP][PASSED] - click: Object: 'Object Repository/Final Object Repo/New Registration - Registration Module Pages/New Reg - OTC to RO/Special Case - All Related Objects/Expand to Search' is clicked on

2018-12-04 09:52:24 - [MESSAGE][PASSED] - Object: 'Object Repository/Final Object Repo/New Registration - Registration Module Pages/New Reg - OTC to RO/Special Case - All Related Objects/Expand to Search' is clicked on

2018-12-04 09:52:24 - [TEST_STEP][PASSED] - setText: Text 'CRN12201800122964' is set on object 'Object Repository/Final Object Repo/New Registration - Registration Module Pages/New Reg - OTC to RO/Special Case - All Related Objects/TextBox RefNo in Workbasket'

2018-12-04 09:52:25 - [MESSAGE][PASSED] - Text 'CRN12201800122964' is set on object 'Object Repository/Final Object Repo/New Registration - Registration Module Pages/New Reg - OTC to RO/Special Case - All Related Objects/TextBox RefNo in Workbasket'

2018-12-04 09:52:25 - [TEST_STEP][PASSED] - delay: Delayed 2 second(s)

2018-12-04 09:52:27 - [MESSAGE][PASSED] - Delayed 2 second(s)

2018-12-04 09:52:27 - [TEST_STEP][PASSED] - click: Object: 'Object Repository/Final Object Repo/New Registration - Registration Module Pages/New Reg - OTC to RO/Special Case - All Related Objects/Click Search' is clicked on

2018-12-04 09:52:27 - [MESSAGE][PASSED] - Object: 'Object Repository/Final Object Repo/New Registration - Registration Module Pages/New Reg - OTC to RO/Special Case - All Related Objects/Click Search' is clicked on

2018-12-04 09:52:27 - [TEST_STEP][PASSED] - delay: Delayed 2 second(s)

2018-12-04 09:52:29 - [MESSAGE][PASSED] - Delayed 2 second(s)

2018-12-04 09:52:29 - [TEST_STEP][PASSED] - click: Object: 'Object Repository/Final Object Repo/New Registration - Registration Module Pages/New Reg - OTC to RO/Special Case - All Related Objects/Click to Continue Workflow' is clicked on

2018-12-04 09:52:33 - [MESSAGE][PASSED] - Object: 'Object Repository/Final Object Repo/New Registration - Registration Module Pages/New Reg - OTC to RO/Special Case - All Related Objects/Click to Continue Workflow' is clicked on

2018-12-04 09:52:33 - [TEST_STEP][PASSED] - delay: Delayed 2 second(s)

2018-12-04 09:52:35 - [MESSAGE][PASSED] - Delayed 2 second(s)

2018-12-04 09:52:35 - [TEST_STEP][PASSED] - click: Object: 'Object Repository/Final Object Repo/New Registration - Registration Module Pages/New Reg - OTC to RO/Special Case - All Related Objects/Continue Button in verifying case' is clicked on

2018-12-04 09:52:36 - [MESSAGE][PASSED] - Object: 'Object Repository/Final Object Repo/New Registration - Registration Module Pages/New Reg - OTC to RO/Special Case - All Related Objects/Continue Button in verifying case' is clicked on

2018-12-04 09:52:36 - [TEST_STEP][PASSED] - delay: Delayed 2 second(s)

2018-12-04 09:52:38 - [MESSAGE][PASSED] - Delayed 2 second(s)

2018-12-04 09:52:38 - [TEST_STEP][PASSED] - click: Object: 'Object Repository/Final Object Repo/New Registration - Registration Module Pages/Form 1/Registered As a Branch - Yes' is clicked on

2018-12-04 09:52:39 - [MESSAGE][PASSED] - Object: 'Object Repository/Final Object Repo/New Registration - Registration Module Pages/Form 1/Registered As a Branch - Yes' is clicked on

2018-12-04 09:52:39 - [TEST_STEP][PASSED] - delay: Delayed 2 second(s)

2018-12-04 09:52:41 - [MESSAGE][PASSED] - Delayed 2 second(s)

2018-12-04 09:52:41 - [TEST_STEP][PASSED] - click: Object: 'Object Repository/Final Object Repo/New Registration - Registration Module Pages/New Reg - OTC to RO/Special Case - All Related Objects/Form 1 Save n Continue' is clicked on

2018-12-04 09:52:41 - [MESSAGE][PASSED] - Object: 'Object Repository/Final Object Repo/New Registration - Registration Module Pages/New Reg - OTC to RO/Special Case - All Related Objects/Form 1 Save n Continue' is clicked on

2018-12-04 09:52:41 - [TEST_STEP][PASSED] - delay: Delayed 2 second(s)

2018-12-04 09:52:43 - [MESSAGE][PASSED] - Delayed 2 second(s)

2018-12-04 09:52:43 - [TEST_STEP][PASSED] - click: Object: 'Object Repository/Final Object Repo/New Registration - Registration Module Pages/New Reg - OTC to RO/Special Case - All Related Objects/Form 2 Save n Continue' is clicked on

2018-12-04 09:52:43 - [MESSAGE][PASSED] - Object: 'Object Repository/Final Object Repo/New Registration - Registration Module Pages/New Reg - OTC to RO/Special Case - All Related Objects/Form 2 Save n Continue' is clicked on

2018-12-04 09:52:43 - [TEST_STEP][PASSED] - delay: Delayed 2 second(s)

2018-12-04 09:52:45 - [MESSAGE][PASSED] - Delayed 2 second(s)

2018-12-04 09:52:45 - [TEST_STEP][PASSED] - click: Object: 'Object Repository/Final Object Repo/New Registration - Registration Module Pages/New Reg - OTC to RO/Special Case - All Related Objects/Third Screen Save n Continue' is clicked on

2018-12-04 09:52:50 - [MESSAGE][PASSED] - Object: 'Object Repository/Final Object Repo/New Registration - Registration Module Pages/New Reg - OTC to RO/Special Case - All Related Objects/Third Screen Save n Continue' is clicked on

2018-12-04 09:52:50 - [TEST_STEP][PASSED] - delay: Delayed 5 second(s)

2018-12-04 09:52:55 - [MESSAGE][PASSED] - Delayed 5 second(s)

2018-12-04 09:52:55 - [TEST_STEP][PASSED] - setText: Text 'Query case' is set on object 'Object Repository/Final Object Repo/New Registration - Registration Module Pages/New Reg - OTC to RO/Special Case - All Related Objects/Query Text Input'

2018-12-04 09:52:55 - [MESSAGE][PASSED] - Text 'Query case' is set on object 'Object Repository/Final Object Repo/New Registration - Registration Module Pages/New Reg - OTC to RO/Special Case - All Related Objects/Query Text Input'

2018-12-04 09:52:55 - [TEST_STEP][PASSED] - delay: Delayed 5 second(s)

2018-12-04 09:53:00 - [MESSAGE][PASSED] - Delayed 5 second(s)

2018-12-04 09:53:00 - [TEST_STEP][PASSED] - click: Object: 'Object Repository/Final Object Repo/New Registration - Registration Module Pages/New Reg - OTC to RO/Special Case - All Related Objects/Upload Doc Page Save n Continue' is clicked on

2018-12-04 09:53:01 - [MESSAGE][PASSED] - Object: 'Object Repository/Final Object Repo/New Registration - Registration Module Pages/New Reg - OTC to RO/Special Case - All Related Objects/Upload Doc Page Save n Continue' is clicked on

2018-12-04 09:53:01 - [TEST_STEP][PASSED] - click: Object: 'Object Repository/Final Object Repo/New Registration - Registration Module Pages/New Reg - OTC to RO/Special Case - All Related Objects/Query Button' is clicked on

2018-12-04 09:53:06 - [MESSAGE][PASSED] - Object: 'Object Repository/Final Object Repo/New Registration - Registration Module Pages/New Reg - OTC to RO/Special Case - All Related Objects/Query Button' is clicked on

2018-12-04 09:53:06 - [TEST_STEP][PASSED] - click: Object: 'Object Repository/Final Object Repo/New Registration - Registration Module Pages/New Reg - OTC to RO/Special Case - All Related Objects/Confirm to Query' is clicked on

2018-12-04 09:53:07 - [MESSAGE][PASSED] - Object: 'Object Repository/Final Object Repo/New Registration - Registration Module Pages/New Reg - OTC to RO/Special Case - All Related Objects/Confirm to Query' is clicked on

2018-12-04 09:53:07 - [TEST_STEP][PASSED] - callTestCase: Call Test Case 'Test Cases/Final Aug 2018 - PKS Automation/Registration Module/Log Out/log out avoiding katalon tagging' successfully

2018-12-04 09:53:07 - [TEST_CASE][PASSED] - Test Cases/Final Aug 2018 - PKS Automation/Registration Module/Log Out/log out avoiding katalon tagging: Test Cases/Final Aug 2018 - PKS Automation/Registration Module/Log Out/log out avoiding katalon tagging

2018-12-04 09:53:07 - [TEST_STEP][PASSED] - navigateToUrl: Navigate to 'https://assist2-uat.perkeso.gov.my/c/portal/logout' successfully

2018-12-04 09:53:15 - [MESSAGE][PASSED] - Navigate to 'https://assist2-uat.perkeso.gov.my/c/portal/logout' successfully

2018-12-04 09:53:15 - [MESSAGE][PASSED] - Call Test Case 'Test Cases/Final Aug 2018 - PKS Automation/Registration Module/Log Out/log out avoiding katalon tagging' successfully

2018-12-04 09:53:15 - [TEST_STEP][PASSED] - delay: Delayed 2 second(s)

2018-12-04 09:53:17 - [MESSAGE][PASSED] - Delayed 2 second(s)

2018-12-04 09:53:17 - [TEST_STEP][PASSED] - setText: Text 'klotc2@gmail.com' is set on object 'Object Repository/Final Object Repo/Login Page/Internal User/Email Address'

2018-12-04 09:53:17 - [MESSAGE][PASSED] - Text 'klotc2@gmail.com' is set on object 'Object Repository/Final Object Repo/Login Page/Internal User/Email Address'

2018-12-04 09:53:17 - [TEST_STEP][PASSED] - click: Object: 'Object Repository/Final Object Repo/Login Page/Internal User/Next Button' is clicked on

2018-12-04 09:53:18 - [MESSAGE][PASSED] - Object: 'Object Repository/Final Object Repo/Login Page/Internal User/Next Button' is clicked on

2018-12-04 09:53:18 - [TEST_STEP][PASSED] - delay: Delayed 2 second(s)

2018-12-04 09:53:20 - [MESSAGE][PASSED] - Delayed 2 second(s)

2018-12-04 09:53:20 - [TEST_STEP][PASSED] - setText: Text 'Test1@3456789' is set on object 'Object Repository/Final Object Repo/Login Page/Internal User/Password'

2018-12-04 09:53:20 - [MESSAGE][PASSED] - Text 'Test1@3456789' is set on object 'Object Repository/Final Object Repo/Login Page/Internal User/Password'

2018-12-04 09:53:20 - [TEST_STEP][PASSED] - delay: Delayed 2 second(s)

2018-12-04 09:53:22 - [MESSAGE][PASSED] - Delayed 2 second(s)

2018-12-04 09:53:22 - [TEST_STEP][PASSED] - click: Object: 'Object Repository/Final Object Repo/Login Page/Internal User/Login Button' is clicked on

2018-12-04 09:53:22 - [MESSAGE][PASSED] - Object: 'Object Repository/Final Object Repo/Login Page/Internal User/Login Button' is clicked on

2018-12-04 09:53:22 - [TEST_STEP][PASSED] - delay: Delayed 2 second(s)

2018-12-04 09:53:24 - [MESSAGE][PASSED] - Delayed 2 second(s)

2018-12-04 09:53:24 - [TEST_STEP][PASSED] - Statement - Try: null

2018-12-04 09:53:24 - [TEST_STEP][PASSED] - Statement - Checker = com.kms.katalon.core.webui.keyword.WebUiBuiltInKeywords.verifyElementNotPresent("PKS_SIP_Updated_RegModule/Attempt/Page_MyASSIST - ASSIST/Select to English", 3): null

2018-12-04 09:53:24 - [TEST_STEP][PASSED] - Statement - Catch (Exception e): null

2018-12-04 09:53:24 - [TEST_STEP][PASSED] - Statement - e.printStackTrace(): null

2018-12-04 09:53:24 - [TEST_STEP][PASSED] - delay: Delayed 4 second(s)

2018-12-04 09:53:28 - [MESSAGE][PASSED] - Delayed 4 second(s)

2018-12-04 09:53:28 - [TEST_STEP][PASSED] - click: Object: 'Object Repository/Final Object Repo/Landing Page/My Sites Drop Down' is clicked on

2018-12-04 09:53:28 - [MESSAGE][PASSED] - Object: 'Object Repository/Final Object Repo/Landing Page/My Sites Drop Down' is clicked on

2018-12-04 09:53:28 - [TEST_STEP][PASSED] - click: Object: 'Object Repository/Final Object Repo/Landing Page/Select to Registration Module' is clicked on

2018-12-04 09:53:29 - [MESSAGE][PASSED] - Object: 'Object Repository/Final Object Repo/Landing Page/Select to Registration Module' is clicked on

2018-12-04 09:53:29 - [TEST_STEP][PASSED] - delay: Delayed 2 second(s)

2018-12-04 09:53:31 - [MESSAGE][PASSED] - Delayed 2 second(s)

2018-12-04 09:53:31 - [TEST_STEP][PASSED] - mouseOver: Object: 'Object Repository/Final Object Repo/New Registration - Registration Module Pages/New Reg - OTC to RO/Special Case - All Related Objects/Hover Over Search Drop Down' is hovered

2018-12-04 09:53:31 - [MESSAGE][PASSED] - Object: 'Object Repository/Final Object Repo/New Registration - Registration Module Pages/New Reg - OTC to RO/Special Case - All Related Objects/Hover Over Search Drop Down' is hovered

2018-12-04 09:53:31 - [TEST_STEP][PASSED] - click: Object: 'Object Repository/Final Object Repo/New Registration - Registration Module Pages/New Reg - OTC to RO/Special Case - All Related Objects/Select Search Pending Case' is clicked on

2018-12-04 09:53:32 - [MESSAGE][PASSED] - Object: 'Object Repository/Final Object Repo/New Registration - Registration Module Pages/New Reg - OTC to RO/Special Case - All Related Objects/Select Search Pending Case' is clicked on

2018-12-04 09:53:32 - [TEST_STEP][PASSED] - click: Object: 'Object Repository/Final Object Repo/New Registration - Registration Module Pages/New Reg - OTC to RO/Special Case - All Related Objects/Select Searching Method (Employer Code)' is clicked on

2018-12-04 09:53:32 - [MESSAGE][PASSED] - Object: 'Object Repository/Final Object Repo/New Registration - Registration Module Pages/New Reg - OTC to RO/Special Case - All Related Objects/Select Searching Method (Employer Code)' is clicked on

2018-12-04 09:53:32 - [TEST_STEP][PASSED] - click: Object: 'Object Repository/Final Object Repo/New Registration - Registration Module Pages/New Reg - OTC to RO/Special Case - All Related Objects/Select Searching Method to Reference ID' is clicked on

2018-12-04 09:53:33 - [MESSAGE][PASSED] - Object: 'Object Repository/Final Object Repo/New Registration - Registration Module Pages/New Reg - OTC to RO/Special Case - All Related Objects/Select Searching Method to Reference ID' is clicked on

2018-12-04 09:53:33 - [TEST_STEP][PASSED] - setText: Text 'CRN12201800122964' is set on object 'Object Repository/Final Object Repo/New Registration - Registration Module Pages/New Reg - OTC to RO/Special Case - All Related Objects/Pending Case Ref NO'

2018-12-04 09:53:33 - [MESSAGE][PASSED] - Text 'CRN12201800122964' is set on object 'Object Repository/Final Object Repo/New Registration - Registration Module Pages/New Reg - OTC to RO/Special Case - All Related Objects/Pending Case Ref NO'

2018-12-04 09:53:33 - [TEST_STEP][PASSED] - click: Object: 'Object Repository/Final Object Repo/New Registration - Registration Module Pages/New Reg - OTC to RO/Special Case - All Related Objects/Search Pending Case Based on Ref No' is clicked on

2018-12-04 09:53:33 - [MESSAGE][PASSED] - Object: 'Object Repository/Final Object Repo/New Registration - Registration Module Pages/New Reg - OTC to RO/Special Case - All Related Objects/Search Pending Case Based on Ref No' is clicked on

2018-12-04 09:53:33 - [TEST_STEP][PASSED] - click: Object: 'Object Repository/Final Object Repo/New Registration - Registration Module Pages/New Reg - OTC to RO/Special Case - All Related Objects/Action Button after found case' is clicked on

2018-12-04 09:53:36 - [MESSAGE][PASSED] - Object: 'Object Repository/Final Object Repo/New Registration - Registration Module Pages/New Reg - OTC to RO/Special Case - All Related Objects/Action Button after found case' is clicked on

2018-12-04 09:53:36 - [TEST_STEP][PASSED] - click: Object: 'Object Repository/Final Object Repo/New Registration - Registration Module Pages/New Reg - OTC to RO/Special Case - All Related Objects/Next Button in Pending Case Form 1' is clicked on

2018-12-04 09:53:37 - [MESSAGE][PASSED] - Object: 'Object Repository/Final Object Repo/New Registration - Registration Module Pages/New Reg - OTC to RO/Special Case - All Related Objects/Next Button in Pending Case Form 1' is clicked on

2018-12-04 09:53:37 - [TEST_STEP][PASSED] - click: Object: 'Object Repository/Final Object Repo/New Registration - Registration Module Pages/New Reg - OTC to RO/Special Case - All Related Objects/Next Button in Pending Case Form 2' is clicked on

2018-12-04 09:53:38 - [MESSAGE][PASSED] - Object: 'Object Repository/Final Object Repo/New Registration - Registration Module Pages/New Reg - OTC to RO/Special Case - All Related Objects/Next Button in Pending Case Form 2' is clicked on

2018-12-04 09:53:38 - [TEST_STEP][PASSED] - click: Object: 'Object Repository/Final Object Repo/New Registration - Registration Module Pages/New Reg - OTC to RO/Special Case - All Related Objects/Next Button in Third Screen' is clicked on

2018-12-04 09:53:41 - [MESSAGE][PASSED] - Object: 'Object Repository/Final Object Repo/New Registration - Registration Module Pages/New Reg - OTC to RO/Special Case - All Related Objects/Next Button in Third Screen' is clicked on

2018-12-04 09:53:41 - [TEST_STEP][PASSED] - click: Object: 'Object Repository/Final Object Repo/New Registration - Registration Module Pages/New Reg - OTC to RO/Special Case - All Related Objects/Add Document for Pending Case' is clicked on

2018-12-04 09:53:41 - [MESSAGE][PASSED] - Object: 'Object Repository/Final Object Repo/New Registration - Registration Module Pages/New Reg - OTC to RO/Special Case - All Related Objects/Add Document for Pending Case' is clicked on

2018-12-04 09:53:41 - [TEST_STEP][PASSED] - click: Object: 'Object Repository/Final Object Repo/New Registration - Registration Module Pages/New Reg - OTC to RO/Special Case - All Related Objects/Upload Pending Doc - Please Select' is clicked on

2018-12-04 09:53:44 - [MESSAGE][PASSED] - Object: 'Object Repository/Final Object Repo/New Registration - Registration Module Pages/New Reg - OTC to RO/Special Case - All Related Objects/Upload Pending Doc - Please Select' is clicked on

2018-12-04 09:53:44 - [TEST_STEP][PASSED] - click: Object: 'Object Repository/Final Object Repo/New Registration - Registration Module Pages/New Reg - OTC to RO/Special Case - All Related Objects/Select to Others to Upload' is clicked on

2018-12-04 09:53:44 - [MESSAGE][PASSED] - Object: 'Object Repository/Final Object Repo/New Registration - Registration Module Pages/New Reg - OTC to RO/Special Case - All Related Objects/Select to Others to Upload' is clicked on

2018-12-04 09:53:44 - [TEST_STEP][PASSED] - uploadFile: File 'C:\Users\Public\Pictures\Sample Pictures\Koala.jpg' sent to object: 'Object Repository/Final Object Repo/New Registration - Registration Module Pages/New Reg - OTC to RO/Special Case - All Related Objects/Uploading Pending Case Action'

2018-12-04 09:53:44 - [MESSAGE][PASSED] - File 'C:\Users\Public\Pictures\Sample Pictures\Koala.jpg' sent to object: 'Object Repository/Final Object Repo/New Registration - Registration Module Pages/New Reg - OTC to RO/Special Case - All Related Objects/Uploading Pending Case Action'

2018-12-04 09:53:44 - [TEST_STEP][PASSED] - click: Object: 'Object Repository/Final Object Repo/New Registration - Registration Module Pages/New Reg - OTC to RO/Special Case - All Related Objects/Inner form Add Document Button Pending Case' is clicked on

2018-12-04 09:53:44 - [MESSAGE][PASSED] - Object: 'Object Repository/Final Object Repo/New Registration - Registration Module Pages/New Reg - OTC to RO/Special Case - All Related Objects/Inner form Add Document Button Pending Case' is clicked on

2018-12-04 09:53:44 - [TEST_STEP][PASSED] - click: Object: 'Object Repository/Final Object Repo/New Registration - Registration Module Pages/New Reg - OTC to RO/Special Case - All Related Objects/Pending Case Exit' is clicked on

2018-12-04 09:54:00 - [MESSAGE][PASSED] - Object: 'Object Repository/Final Object Repo/New Registration - Registration Module Pages/New Reg - OTC to RO/Special Case - All Related Objects/Pending Case Exit' is clicked on

2018-12-04 09:54:00 - [TEST_STEP][PASSED] - callTestCase: Call Test Case 'Test Cases/Final Aug 2018 - PKS Automation/Registration Module/Log Out/log out avoiding katalon tagging' successfully

2018-12-04 09:54:00 - [TEST_CASE][PASSED] - Test Cases/Final Aug 2018 - PKS Automation/Registration Module/Log Out/log out avoiding katalon tagging: Test Cases/Final Aug 2018 - PKS Automation/Registration Module/Log Out/log out avoiding katalon tagging

2018-12-04 09:54:00 - [TEST_STEP][PASSED] - navigateToUrl: Navigate to 'https://assist2-uat.perkeso.gov.my/c/portal/logout' successfully

2018-12-04 09:54:00 - [MESSAGE][PASSED] - Navigate to 'https://assist2-uat.perkeso.gov.my/c/portal/logout' successfully

2018-12-04 09:54:00 - [MESSAGE][PASSED] - Call Test Case 'Test Cases/Final Aug 2018 - PKS Automation/Registration Module/Log Out/log out avoiding katalon tagging' successfully

2018-12-04 09:54:00 - [TEST_STEP][PASSED] - callTestCase: Call Test Case 'Test Cases/Final Aug 2018 - PKS Automation/Common/Workflow Owner Finder' successfully

2018-12-04 09:54:00 - [TEST_CASE][PASSED] - Test Cases/Final Aug 2018 - PKS Automation/Common/Workflow Owner Finder: Test Cases/Final Aug 2018 - PKS Automation/Common/Workflow Owner Finder

2018-12-04 09:54:00 - [TEST_STEP][PASSED] - openBrowser: Browser is opened with url: ''

2018-12-04 09:54:00 - [MESSAGE][WARNING] - A browser is already opened. Closing browser and opening a new one

2018-12-04 09:54:03 - [MESSAGE][PASSED] - Browser is opened with url: ''

2018-12-04 09:54:03 - [TEST_STEP][PASSED] - navigateToUrl: Navigate to 'https://assist2-uat.perkeso.gov.my/login' successfully

2018-12-04 09:54:05 - [MESSAGE][PASSED] - Navigate to 'https://assist2-uat.perkeso.gov.my/login' successfully

2018-12-04 09:54:05 - [TEST_STEP][PASSED] - delay: Delayed 5 second(s)

2018-12-04 09:54:10 - [MESSAGE][PASSED] - Delayed 5 second(s)

2018-12-04 09:54:10 - [TEST_STEP][PASSED] - setText: Text 'test@liferay.com' is set on object 'Object Repository/Final Object Repo/Login Page/Internal User/Email Address'

2018-12-04 09:54:10 - [MESSAGE][PASSED] - Text 'test@liferay.com' is set on object 'Object Repository/Final Object Repo/Login Page/Internal User/Email Address'

2018-12-04 09:54:10 - [TEST_STEP][PASSED] - click: Object: 'Object Repository/Final Object Repo/Login Page/Internal User/Next Button' is clicked on

2018-12-04 09:54:10 - [MESSAGE][PASSED] - Object: 'Object Repository/Final Object Repo/Login Page/Internal User/Next Button' is clicked on

2018-12-04 09:54:10 - [TEST_STEP][PASSED] - delay: Delayed 2 second(s)

2018-12-04 09:54:12 - [MESSAGE][PASSED] - Delayed 2 second(s)

2018-12-04 09:54:12 - [TEST_STEP][PASSED] - setText: Text 'test' is set on object 'Object Repository/Final Object Repo/Login Page/Internal User/Password'

2018-12-04 09:54:12 - [MESSAGE][PASSED] - Text 'test' is set on object 'Object Repository/Final Object Repo/Login Page/Internal User/Password'

2018-12-04 09:54:12 - [TEST_STEP][PASSED] - delay: Delayed 2 second(s)

2018-12-04 09:54:14 - [MESSAGE][PASSED] - Delayed 2 second(s)

2018-12-04 09:54:14 - [TEST_STEP][PASSED] - click: Object: 'Object Repository/Final Object Repo/Login Page/Internal User/Login Button' is clicked on

2018-12-04 09:54:15 - [MESSAGE][PASSED] - Object: 'Object Repository/Final Object Repo/Login Page/Internal User/Login Button' is clicked on

2018-12-04 09:54:15 - [TEST_STEP][PASSED] - Statement - tester = com.kms.katalon.core.testobject.ObjectRepository.findTestObject(Final Object Repo/Landing Page/Select to English): Finding Test Object with id 'Object Repository/Final Object Repo/Landing Page/Select to English'

2018-12-04 09:54:15 - [TEST_STEP][PASSED] - Statement - Try: Delayed 2 second(s)

2018-12-04 09:54:15 - [TEST_STEP][PASSED] - Statement - Checker = com.kms.katalon.core.webui.keyword.WebUiBuiltInKeywords.verifyElementNotPresent(tester, 3): Web element with id: 'Object Repository/Final Object Repo/Landing Page/Select to English' located by 'By.xpath: //a[@class = 'taglib-language-list-text' and @lang = 'en-US' and (contains(text(), 'EN') or contains(., 'EN'))]' is not present after '3' second(s)

2018-12-04 09:54:16 - [MESSAGE][PASSED] - Web element with id: 'Object Repository/Final Object Repo/Landing Page/Select to English' located by 'By.xpath: //a[@class = 'taglib-language-list-text' and @lang = 'en-US' and (contains(text(), 'EN') or contains(., 'EN'))]' is not present after '3' second(s)

2018-12-04 09:54:16 - [TEST_STEP][PASSED] - Statement - If (Checker == false): null

2018-12-04 09:54:16 - [TEST_STEP][PASSED] - delay: Delayed 2 second(s)

2018-12-04 09:54:19 - [MESSAGE][PASSED] - Delayed 2 second(s)

2018-12-04 09:54:19 - [TEST_STEP][PASSED] - delay: Delayed 5 second(s)

2018-12-04 09:54:24 - [MESSAGE][PASSED] - Delayed 5 second(s)

2018-12-04 09:54:24 - [TEST_STEP][PASSED] - mouseOver: Object: 'Object Repository/Final Object Repo/Landing Page/WorkFlow Menu' is hovered

2018-12-04 09:54:24 - [MESSAGE][PASSED] - Object: 'Object Repository/Final Object Repo/Landing Page/WorkFlow Menu' is hovered

2018-12-04 09:54:24 - [TEST_STEP][PASSED] - delay: Delayed 2 second(s)

2018-12-04 09:54:26 - [MESSAGE][PASSED] - Delayed 2 second(s)

2018-12-04 09:54:26 - [TEST_STEP][PASSED] - click: Object: 'Object Repository/Final Object Repo/Landing Page/Select to Workflow Listing' is clicked on

2018-12-04 09:54:27 - [MESSAGE][PASSED] - Object: 'Object Repository/Final Object Repo/Landing Page/Select to Workflow Listing' is clicked on

2018-12-04 09:54:27 - [TEST_STEP][PASSED] - delay: Delayed 2 second(s)

2018-12-04 09:54:29 - [MESSAGE][PASSED] - Delayed 2 second(s)

2018-12-04 09:54:29 - [TEST_STEP][PASSED] - click: Object: 'Object Repository/Final Object Repo/WorkFlow Listing Page/Search Information - To Put Ref No' is clicked on

2018-12-04 09:54:29 - [MESSAGE][PASSED] - Object: 'Object Repository/Final Object Repo/WorkFlow Listing Page/Search Information - To Put Ref No' is clicked on

2018-12-04 09:54:29 - [TEST_STEP][PASSED] - delay: Delayed 2 second(s)

2018-12-04 09:54:31 - [MESSAGE][PASSED] - Delayed 2 second(s)

2018-12-04 09:54:31 - [TEST_STEP][PASSED] - callTestCase: Call Test Case 'Test Cases/Final Aug 2018 - PKS Automation/Common/Reference Number Getter' successfully

2018-12-04 09:54:31 - [TEST_CASE][PASSED] - Test Cases/Final Aug 2018 - PKS Automation/Common/Reference Number Getter: Test Cases/Final Aug 2018 - PKS Automation/Common/Reference Number Getter

2018-12-04 09:54:31 - [TEST_STEP][PASSED] - Statement - Try: null

2018-12-04 09:54:31 - [TEST_STEP][PASSED] - Statement - RefNo = new java.io.File(C://Users//Admin//Desktop//PKS//Automation Reference Point//KatalonReference.txt): null

2018-12-04 09:54:31 - [TEST_STEP][PASSED] - Statement - bufferread = new java.io.BufferedReader(new java.io.FileReader(RefNo)): null

2018-12-04 09:54:31 - [TEST_STEP][PASSED] - Statement - readedVal = bufferread.readLine(): null

2018-12-04 09:54:31 - [TEST_STEP][PASSED] - Statement - out.println(CaseReferenceNo): null

2018-12-04 09:54:31 - [TEST_STEP][PASSED] - Statement - out.println(readedVal): null

2018-12-04 09:54:31 - [TEST_STEP][PASSED] - Statement - CaseReferenceNo = "": null

2018-12-04 09:54:31 - [TEST_STEP][PASSED] - Statement - CaseReferenceNo = readedVal: null

2018-12-04 09:54:31 - [MESSAGE][PASSED] - Call Test Case 'Test Cases/Final Aug 2018 - PKS Automation/Common/Reference Number Getter' successfully

2018-12-04 09:54:31 - [TEST_STEP][PASSED] - setText: Text 'CRN12201800122964' is set on object 'Object Repository/Final Object Repo/WorkFlow Listing Page/Ref No Set Text'

2018-12-04 09:54:31 - [MESSAGE][PASSED] - Text 'CRN12201800122964' is set on object 'Object Repository/Final Object Repo/WorkFlow Listing Page/Ref No Set Text'

2018-12-04 09:54:31 - [TEST_STEP][PASSED] - delay: Delayed 2 second(s)

2018-12-04 09:54:33 - [MESSAGE][PASSED] - Delayed 2 second(s)

2018-12-04 09:54:33 - [TEST_STEP][PASSED] - click: Object: 'Object Repository/Final Object Repo/WorkFlow Listing Page/Search Ref No Search Button' is clicked on

2018-12-04 09:54:34 - [MESSAGE][PASSED] - Object: 'Object Repository/Final Object Repo/WorkFlow Listing Page/Search Ref No Search Button' is clicked on

2018-12-04 09:54:34 - [TEST_STEP][PASSED] - delay: Delayed 6 second(s)

2018-12-04 09:54:40 - [MESSAGE][PASSED] - Delayed 6 second(s)

2018-12-04 09:54:40 - [TEST_STEP][PASSED] - click: Object: 'Object Repository/Final Object Repo/WorkFlow Listing Page/Click Continue Tooltip' is clicked on

2018-12-04 09:54:41 - [MESSAGE][PASSED] - Object: 'Object Repository/Final Object Repo/WorkFlow Listing Page/Click Continue Tooltip' is clicked on

2018-12-04 09:54:41 - [TEST_STEP][PASSED] - delay: Delayed 5 second(s)

2018-12-04 09:54:46 - [MESSAGE][PASSED] - Delayed 5 second(s)

2018-12-04 09:54:46 - [TEST_STEP][PASSED] - doubleClick: Object: 'Object Repository/Final Object Repo/WorkFlow Listing Page/Workflow Found - Listing 1' is double clicked on

2018-12-04 09:54:46 - [MESSAGE][PASSED] - Object: 'Object Repository/Final Object Repo/WorkFlow Listing Page/Workflow Found - Listing 1' is double clicked on

2018-12-04 09:54:46 - [TEST_STEP][PASSED] - Statement - println(OwnerID): null

2018-12-04 09:54:46 - [TEST_STEP][PASSED] - Statement - OwnerID = com.kms.katalon.core.webui.keyword.WebUiBuiltInKeywords.getText(com.kms.katalon.core.testobject.ObjectRepository.findTestObject(Final Object Repo/WorkFlow Listing Page/Workflow Found - Listing 1), STOP_ON_FAILURE): Text of object 'Object Repository/Final Object Repo/WorkFlow Listing Page/Workflow Found - Listing 1' is: 'JOHORro1'

2018-12-04 09:54:46 - [MESSAGE][PASSED] - Text of object 'Object Repository/Final Object Repo/WorkFlow Listing Page/Workflow Found - Listing 1' is: 'JOHORro1'

2018-12-04 09:54:46 - [TEST_STEP][PASSED] - Statement - OwnerID = OwnerID.toLowerCase() + "@gmail.com": null

2018-12-04 09:54:46 - [TEST_STEP][PASSED] - Statement - println(OwnerID): null

2018-12-04 09:54:46 - [TEST_STEP][PASSED] - delay: Delayed 2 second(s)

2018-12-04 09:54:48 - [MESSAGE][PASSED] - Delayed 2 second(s)

2018-12-04 09:54:48 - [MESSAGE][PASSED] - Call Test Case 'Test Cases/Final Aug 2018 - PKS Automation/Common/Workflow Owner Finder' successfully

2018-12-04 09:54:48 - [TEST_STEP][PASSED] - callTestCase: Call Test Case 'Test Cases/Final Aug 2018 - PKS Automation/Registration Module/Log Out/log out avoiding katalon tagging' successfully

2018-12-04 09:54:48 - [TEST_CASE][PASSED] - Test Cases/Final Aug 2018 - PKS Automation/Registration Module/Log Out/log out avoiding katalon tagging: Test Cases/Final Aug 2018 - PKS Automation/Registration Module/Log Out/log out avoiding katalon tagging

2018-12-04 09:54:48 - [TEST_STEP][PASSED] - navigateToUrl: Navigate to 'https://assist2-uat.perkeso.gov.my/c/portal/logout' successfully

2018-12-04 09:54:49 - [MESSAGE][PASSED] - Navigate to 'https://assist2-uat.perkeso.gov.my/c/portal/logout' successfully

2018-12-04 09:54:49 - [MESSAGE][PASSED] - Call Test Case 'Test Cases/Final Aug 2018 - PKS Automation/Registration Module/Log Out/log out avoiding katalon tagging' successfully

2018-12-04 09:54:49 - [TEST_STEP][PASSED] - delay: Delayed 2 second(s)

2018-12-04 09:54:51 - [MESSAGE][PASSED] - Delayed 2 second(s)

2018-12-04 09:54:51 - [TEST_STEP][PASSED] - setText: Text 'johorro1@gmail.com' is set on object 'Object Repository/Final Object Repo/Login Page/Internal User/Email Address'

2018-12-04 09:54:51 - [MESSAGE][PASSED] - Text 'johorro1@gmail.com' is set on object 'Object Repository/Final Object Repo/Login Page/Internal User/Email Address'

2018-12-04 09:54:51 - [TEST_STEP][PASSED] - click: Object: 'Object Repository/Final Object Repo/Login Page/Internal User/Next Button' is clicked on

2018-12-04 09:54:51 - [MESSAGE][PASSED] - Object: 'Object Repository/Final Object Repo/Login Page/Internal User/Next Button' is clicked on

2018-12-04 09:54:51 - [TEST_STEP][PASSED] - delay: Delayed 2 second(s)

2018-12-04 09:54:53 - [MESSAGE][PASSED] - Delayed 2 second(s)

2018-12-04 09:54:53 - [TEST_STEP][PASSED] - setText: Text 'Test1@3456789' is set on object 'Object Repository/Final Object Repo/Login Page/Internal User/Password'

2018-12-04 09:54:54 - [MESSAGE][PASSED] - Text 'Test1@3456789' is set on object 'Object Repository/Final Object Repo/Login Page/Internal User/Password'

2018-12-04 09:54:54 - [TEST_STEP][PASSED] - delay: Delayed 2 second(s)

2018-12-04 09:54:56 - [MESSAGE][PASSED] - Delayed 2 second(s)

2018-12-04 09:54:56 - [TEST_STEP][PASSED] - click: Object: 'Object Repository/Final Object Repo/Login Page/Internal User/Login Button' is clicked on

2018-12-04 09:54:56 - [MESSAGE][PASSED] - Object: 'Object Repository/Final Object Repo/Login Page/Internal User/Login Button' is clicked on

2018-12-04 09:54:56 - [TEST_STEP][PASSED] - delay: Delayed 2 second(s)

2018-12-04 09:54:58 - [MESSAGE][PASSED] - Delayed 2 second(s)

2018-12-04 09:54:58 - [TEST_STEP][PASSED] - Statement - Try: null

2018-12-04 09:54:58 - [TEST_STEP][PASSED] - Statement - Checker = com.kms.katalon.core.webui.keyword.WebUiBuiltInKeywords.verifyElementNotPresent("Final Object Repo/Landing Page/Select to English", 3): null

2018-12-04 09:54:58 - [TEST_STEP][PASSED] - Statement - Catch (Exception e): null

2018-12-04 09:54:58 - [TEST_STEP][PASSED] - Statement - e.printStackTrace(): null

2018-12-04 09:54:58 - [TEST_STEP][PASSED] - click: Object: 'Object Repository/Final Object Repo/New Registration - Registration Module Pages/New Reg - OTC to RO/Special Case - All Related Objects/Expand to Search' is clicked on

2018-12-04 09:54:58 - [MESSAGE][PASSED] - Object: 'Object Repository/Final Object Repo/New Registration - Registration Module Pages/New Reg - OTC to RO/Special Case - All Related Objects/Expand to Search' is clicked on

2018-12-04 09:54:58 - [TEST_STEP][PASSED] - callTestCase: Call Test Case 'Test Cases/Final Aug 2018 - PKS Automation/Common/Reference Number Getter' successfully

2018-12-04 09:54:58 - [TEST_CASE][PASSED] - Test Cases/Final Aug 2018 - PKS Automation/Common/Reference Number Getter: Test Cases/Final Aug 2018 - PKS Automation/Common/Reference Number Getter

2018-12-04 09:54:58 - [TEST_STEP][PASSED] - Statement - Try: null

2018-12-04 09:54:58 - [TEST_STEP][PASSED] - Statement - RefNo = new java.io.File(C://Users//Admin//Desktop//PKS//Automation Reference Point//KatalonReference.txt): null

2018-12-04 09:54:58 - [TEST_STEP][PASSED] - Statement - bufferread = new java.io.BufferedReader(new java.io.FileReader(RefNo)): null

2018-12-04 09:54:58 - [TEST_STEP][PASSED] - Statement - readedVal = bufferread.readLine(): null

2018-12-04 09:54:58 - [TEST_STEP][PASSED] - Statement - out.println(CaseReferenceNo): null

2018-12-04 09:54:58 - [TEST_STEP][PASSED] - Statement - out.println(readedVal): null

2018-12-04 09:54:58 - [TEST_STEP][PASSED] - Statement - CaseReferenceNo = "": null

2018-12-04 09:54:58 - [TEST_STEP][PASSED] - Statement - CaseReferenceNo = readedVal: null

2018-12-04 09:54:58 - [MESSAGE][PASSED] - Call Test Case 'Test Cases/Final Aug 2018 - PKS Automation/Common/Reference Number Getter' successfully

2018-12-04 09:54:58 - [TEST_STEP][PASSED] - setText: Text 'CRN12201800122964' is set on object 'Object Repository/Final Object Repo/New Registration - Registration Module Pages/New Reg - OTC to RO/Special Case - All Related Objects/TextBox RefNo in Workbasket'

2018-12-04 09:54:59 - [MESSAGE][PASSED] - Text 'CRN12201800122964' is set on object 'Object Repository/Final Object Repo/New Registration - Registration Module Pages/New Reg - OTC to RO/Special Case - All Related Objects/TextBox RefNo in Workbasket'

2018-12-04 09:54:59 - [TEST_STEP][PASSED] - delay: Delayed 2 second(s)

2018-12-04 09:55:01 - [MESSAGE][PASSED] - Delayed 2 second(s)

2018-12-04 09:55:01 - [TEST_STEP][PASSED] - click: Object: 'Object Repository/Final Object Repo/New Registration - Registration Module Pages/New Reg - OTC to RO/Special Case - All Related Objects/Click Search' is clicked on

2018-12-04 09:55:01 - [MESSAGE][PASSED] - Object: 'Object Repository/Final Object Repo/New Registration - Registration Module Pages/New Reg - OTC to RO/Special Case - All Related Objects/Click Search' is clicked on

2018-12-04 09:55:01 - [TEST_STEP][PASSED] - delay: Delayed 2 second(s)

2018-12-04 09:55:03 - [MESSAGE][PASSED] - Delayed 2 second(s)

2018-12-04 09:55:03 - [TEST_STEP][PASSED] - click: Object: 'Object Repository/Final Object Repo/New Registration - Registration Module Pages/New Reg - OTC to RO/Special Case - All Related Objects/Click to Continue Workflow' is clicked on

2018-12-04 09:55:06 - [MESSAGE][PASSED] - Object: 'Object Repository/Final Object Repo/New Registration - Registration Module Pages/New Reg - OTC to RO/Special Case - All Related Objects/Click to Continue Workflow' is clicked on

2018-12-04 09:55:06 - [TEST_STEP][PASSED] - delay: Delayed 2 second(s)

2018-12-04 09:55:08 - [MESSAGE][PASSED] - Delayed 2 second(s)

2018-12-04 09:55:08 - [TEST_STEP][PASSED] - click: Object: 'Object Repository/Final Object Repo/New Registration - Registration Module Pages/New Reg - OTC to RO/Special Case - All Related Objects/Continue Button in verifying case' is clicked on

2018-12-04 09:55:10 - [MESSAGE][PASSED] - Object: 'Object Repository/Final Object Repo/New Registration - Registration Module Pages/New Reg - OTC to RO/Special Case - All Related Objects/Continue Button in verifying case' is clicked on

2018-12-04 09:55:10 - [TEST_STEP][PASSED] - delay: Delayed 2 second(s)

2018-12-04 09:55:12 - [MESSAGE][PASSED] - Delayed 2 second(s)

2018-12-04 09:55:12 - [TEST_STEP][PASSED] - click: Object: 'Object Repository/Final Object Repo/New Registration - Registration Module Pages/New Reg - OTC to RO/Special Case - All Related Objects/Form 1 Save n Continue' is clicked on

2018-12-04 09:55:13 - [MESSAGE][PASSED] - Object: 'Object Repository/Final Object Repo/New Registration - Registration Module Pages/New Reg - OTC to RO/Special Case - All Related Objects/Form 1 Save n Continue' is clicked on

2018-12-04 09:55:13 - [TEST_STEP][PASSED] - delay: Delayed 2 second(s)

2018-12-04 09:55:15 - [MESSAGE][PASSED] - Delayed 2 second(s)

2018-12-04 09:55:15 - [TEST_STEP][PASSED] - click: Object: 'Object Repository/Final Object Repo/New Registration - Registration Module Pages/New Reg - OTC to RO/Special Case - All Related Objects/Form 2 Save n Continue' is clicked on

2018-12-04 09:55:15 - [MESSAGE][PASSED] - Object: 'Object Repository/Final Object Repo/New Registration - Registration Module Pages/New Reg - OTC to RO/Special Case - All Related Objects/Form 2 Save n Continue' is clicked on

2018-12-04 09:55:15 - [TEST_STEP][PASSED] - delay: Delayed 2 second(s)

2018-12-04 09:55:17 - [MESSAGE][PASSED] - Delayed 2 second(s)

2018-12-04 09:55:17 - [TEST_STEP][PASSED] - click: Object: 'Object Repository/Final Object Repo/New Registration - Registration Module Pages/New Reg - OTC to RO/Special Case - All Related Objects/Third Screen Save n Continue' is clicked on

2018-12-04 09:55:22 - [MESSAGE][PASSED] - Object: 'Object Repository/Final Object Repo/New Registration - Registration Module Pages/New Reg - OTC to RO/Special Case - All Related Objects/Third Screen Save n Continue' is clicked on

2018-12-04 09:55:22 - [TEST_STEP][PASSED] - delay: Delayed 5 second(s)

2018-12-04 09:55:27 - [MESSAGE][PASSED] - Delayed 5 second(s)

2018-12-04 09:55:27 - [TEST_STEP][PASSED] - click: Object: 'Object Repository/Final Object Repo/New Registration - Registration Module Pages/New Reg - OTC to RO/Special Case - All Related Objects/Upload Doc Page Save n Continue' is clicked on

2018-12-04 09:55:27 - [MESSAGE][PASSED] - Object: 'Object Repository/Final Object Repo/New Registration - Registration Module Pages/New Reg - OTC to RO/Special Case - All Related Objects/Upload Doc Page Save n Continue' is clicked on

2018-12-04 09:55:27 - [TEST_STEP][PASSED] - delay: Delayed 5 second(s)

2018-12-04 09:55:32 - [MESSAGE][PASSED] - Delayed 5 second(s)

2018-12-04 09:55:32 - [TEST_STEP][PASSED] - callTestCase: Call Test Case 'Test Cases/Final Aug 2018 - PKS Automation/Registration Module/New Registration/Submit and Screenshot/Submit Registration and Screenshot' successfully

2018-12-04 09:55:32 - [TEST_CASE][PASSED] - Test Cases/Final Aug 2018 - PKS Automation/Registration Module/New Registration/Submit and Screenshot/Submit Registration and Screenshot: Test Cases/Final Aug 2018 - PKS Automation/Registration Module/New Registration/Submit and Screenshot/Submit Registration and Screenshot

2018-12-04 09:55:32 - [TEST_STEP][PASSED] - delay: Delayed 6 second(s)

2018-12-04 09:55:38 - [MESSAGE][PASSED] - Delayed 6 second(s)

2018-12-04 09:55:38 - [TEST_STEP][PASSED] - click: Object: 'Object Repository/Final Object Repo/New Registration - Registration Module Pages/Third Screen - Upload Supporting Doc- Preview/Preview Submit Button' is clicked on

2018-12-04 09:55:39 - [MESSAGE][PASSED] - Object: 'Object Repository/Final Object Repo/New Registration - Registration Module Pages/Third Screen - Upload Supporting Doc- Preview/Preview Submit Button' is clicked on

2018-12-04 09:55:39 - [TEST_STEP][PASSED] - delay: Delayed 2 second(s)

2018-12-04 09:55:41 - [MESSAGE][PASSED] - Delayed 2 second(s)

2018-12-04 09:55:41 - [TEST_STEP][PASSED] - click: Object: 'Object Repository/Final Object Repo/New Registration - Registration Module Pages/Third Screen - Upload Supporting Doc- Preview/Preview Submit - Confirm' is clicked on

2018-12-04 09:55:41 - [MESSAGE][PASSED] - Object: 'Object Repository/Final Object Repo/New Registration - Registration Module Pages/Third Screen - Upload Supporting Doc- Preview/Preview Submit - Confirm' is clicked on

2018-12-04 09:55:41 - [TEST_STEP][PASSED] - delay: Delayed 15 second(s)

2018-12-04 09:55:56 - [MESSAGE][PASSED] - Delayed 15 second(s)

2018-12-04 09:55:56 - [TEST_STEP][PASSED] - Statement - driver = com.kms.katalon.core.webui.driver.DriverFactory.getWebDriver(): null

2018-12-04 09:55:56 - [TEST_STEP][PASSED] - Statement - driver.manage().timeouts().implicitlyWait(10, SECONDS): null

2018-12-04 09:55:56 - [TEST_STEP][PASSED] - Statement - PresavePath = KatalonScreenshots: null

2018-12-04 09:55:56 - [TEST_STEP][PASSED] - Statement - pathPrefix = "C:\Users\Public\Pictures\Sample Pictures\Katalon Screenshots\Automate Ending Screen": null

2018-12-04 09:55:56 - [TEST_STEP][PASSED] - Statement - finalPath = <not implemented yet for class: org.codehaus.groovy.ast.expr.EmptyExpression>: null

2018-12-04 09:55:56 - [TEST_STEP][PASSED] - Statement - scrFile = driver.getScreenshotAs(FILE): null

2018-12-04 09:55:56 - [TEST_STEP][PASSED] - Statement - PreSaveFile = new java.io.File(PresavePath): null

2018-12-04 09:55:56 - [TEST_STEP][PASSED] - Statement - counter = 0: null

2018-12-04 09:55:56 - [TEST_STEP][PASSED] - Statement - If (PreSaveFile.exists()): null

2018-12-04 09:55:56 - [TEST_STEP][PASSED] - Statement - While (PreSaveFile.exists()): null

2018-12-04 09:55:56 - [TEST_STEP][PASSED] - Statement - counter = counter + 1: null

2018-12-04 09:55:56 - [TEST_STEP][PASSED] - Statement - PreSaveFile = new java.io.File(((pathPrefix + java.lang.Integer.toString(counter)) + .png)): null

2018-12-04 09:55:56 - [TEST_STEP][PASSED] - Statement - counter = counter + 1: null

2018-12-04 09:55:56 - [TEST_STEP][PASSED] - Statement - PreSaveFile = new java.io.File(((pathPrefix + java.lang.Integer.toString(counter)) + .png)): null

2018-12-04 09:55:56 - [TEST_STEP][PASSED] - Statement - counter = counter + 1: null

2018-12-04 09:55:56 - [TEST_STEP][PASSED] - Statement - PreSaveFile = new java.io.File(((pathPrefix + java.lang.Integer.toString(counter)) + .png)): null

2018-12-04 09:55:56 - [TEST_STEP][PASSED] - Statement - counter = counter + 1: null

2018-12-04 09:55:56 - [TEST_STEP][PASSED] - Statement - PreSaveFile = new java.io.File(((pathPrefix + java.lang.Integer.toString(counter)) + .png)): null

2018-12-04 09:55:56 - [TEST_STEP][PASSED] - Statement - counter = counter + 1: null

2018-12-04 09:55:56 - [TEST_STEP][PASSED] - Statement - PreSaveFile = new java.io.File(((pathPrefix + java.lang.Integer.toString(counter)) + .png)): null

2018-12-04 09:55:56 - [TEST_STEP][PASSED] - Statement - counter = counter + 1: null

2018-12-04 09:55:56 - [TEST_STEP][PASSED] - Statement - PreSaveFile = new java.io.File(((pathPrefix + java.lang.Integer.toString(counter)) + .png)): null

2018-12-04 09:55:56 - [TEST_STEP][PASSED] - Statement - counter = counter + 1: null

2018-12-04 09:55:56 - [TEST_STEP][PASSED] - Statement - PreSaveFile = new java.io.File(((pathPrefix + java.lang.Integer.toString(counter)) + .png)): null

2018-12-04 09:55:56 - [TEST_STEP][PASSED] - Statement - counter = counter + 1: null

2018-12-04 09:55:56 - [TEST_STEP][PASSED] - Statement - PreSaveFile = new java.io.File(((pathPrefix + java.lang.Integer.toString(counter)) + .png)): null

2018-12-04 09:55:56 - [TEST_STEP][PASSED] - Statement - counter = counter + 1: null

2018-12-04 09:55:56 - [TEST_STEP][PASSED] - Statement - PreSaveFile = new java.io.File(((pathPrefix + java.lang.Integer.toString(counter)) + .png)): null

2018-12-04 09:55:56 - [TEST_STEP][PASSED] - Statement - counter = counter + 1: null

2018-12-04 09:55:56 - [TEST_STEP][PASSED] - Statement - PreSaveFile = new java.io.File(((pathPrefix + java.lang.Integer.toString(counter)) + .png)): null

2018-12-04 09:55:56 - [TEST_STEP][PASSED] - Statement - counter = counter + 1: null

2018-12-04 09:55:56 - [TEST_STEP][PASSED] - Statement - PreSaveFile = new java.io.File(((pathPrefix + java.lang.Integer.toString(counter)) + .png)): null

2018-12-04 09:55:56 - [TEST_STEP][PASSED] - Statement - counter = counter + 1: null

2018-12-04 09:55:56 - [TEST_STEP][PASSED] - Statement - PreSaveFile = new java.io.File(((pathPrefix + java.lang.Integer.toString(counter)) + .png)): null

2018-12-04 09:55:56 - [TEST_STEP][PASSED] - Statement - counter = counter + 1: null

2018-12-04 09:55:56 - [TEST_STEP][PASSED] - Statement - PreSaveFile = new java.io.File(((pathPrefix + java.lang.Integer.toString(counter)) + .png)): null

2018-12-04 09:55:56 - [TEST_STEP][PASSED] - Statement - counter = counter + 1: null

2018-12-04 09:55:56 - [TEST_STEP][PASSED] - Statement - PreSaveFile = new java.io.File(((pathPrefix + java.lang.Integer.toString(counter)) + .png)): null

2018-12-04 09:55:56 - [TEST_STEP][PASSED] - Statement - counter = counter + 1: null

2018-12-04 09:55:56 - [TEST_STEP][PASSED] - Statement - PreSaveFile = new java.io.File(((pathPrefix + java.lang.Integer.toString(counter)) + .png)): null

2018-12-04 09:55:56 - [TEST_STEP][PASSED] - Statement - counter = counter + 1: null

2018-12-04 09:55:56 - [TEST_STEP][PASSED] - Statement - PreSaveFile = new java.io.File(((pathPrefix + java.lang.Integer.toString(counter)) + .png)): null

2018-12-04 09:55:56 - [TEST_STEP][PASSED] - Statement - counter = counter + 1: null

2018-12-04 09:55:57 - [TEST_STEP][PASSED] - Statement - PreSaveFile = new java.io.File(((pathPrefix + java.lang.Integer.toString(counter)) + .png)): null

2018-12-04 09:55:57 - [TEST_STEP][PASSED] - Statement - counter = counter + 1: null

2018-12-04 09:55:57 - [TEST_STEP][PASSED] - Statement - PreSaveFile = new java.io.File(((pathPrefix + java.lang.Integer.toString(counter)) + .png)): null

2018-12-04 09:55:59 - [TEST_STEP][PASSED] - Statement - counter = counter + 1: null

2018-12-04 09:55:59 - [TEST_STEP][PASSED] - Statement - PreSaveFile = new java.io.File(((pathPrefix + java.lang.Integer.toString(counter)) + .png)): null

2018-12-04 09:55:59 - [TEST_STEP][PASSED] - Statement - counter = counter + 1: null

2018-12-04 09:55:59 - [TEST_STEP][PASSED] - Statement - PreSaveFile = new java.io.File(((pathPrefix + java.lang.Integer.toString(counter)) + .png)): null

2018-12-04 09:55:59 - [TEST_STEP][PASSED] - Statement - counter = counter + 1: null

2018-12-04 09:55:59 - [TEST_STEP][PASSED] - Statement - PreSaveFile = new java.io.File(((pathPrefix + java.lang.Integer.toString(counter)) + .png)): null

2018-12-04 09:55:59 - [TEST_STEP][PASSED] - Statement - counter = counter + 1: null

2018-12-04 09:55:59 - [TEST_STEP][PASSED] - Statement - PreSaveFile = new java.io.File(((pathPrefix + java.lang.Integer.toString(counter)) + .png)): null

2018-12-04 09:55:59 - [TEST_STEP][PASSED] - Statement - counter = counter + 1: null

2018-12-04 09:55:59 - [TEST_STEP][PASSED] - Statement - PreSaveFile = new java.io.File(((pathPrefix + java.lang.Integer.toString(counter)) + .png)): null

2018-12-04 09:55:59 - [TEST_STEP][PASSED] - Statement - counter = counter + 1: null

2018-12-04 09:55:59 - [TEST_STEP][PASSED] - Statement - PreSaveFile = new java.io.File(((pathPrefix + java.lang.Integer.toString(counter)) + .png)): null

2018-12-04 09:55:59 - [TEST_STEP][PASSED] - Statement - counter = counter + 1: null

2018-12-04 09:55:59 - [TEST_STEP][PASSED] - Statement - PreSaveFile = new java.io.File(((pathPrefix + java.lang.Integer.toString(counter)) + .png)): null

2018-12-04 09:55:59 - [TEST_STEP][PASSED] - Statement - counter = counter + 1: null

2018-12-04 09:55:59 - [TEST_STEP][PASSED] - Statement - PreSaveFile = new java.io.File(((pathPrefix + java.lang.Integer.toString(counter)) + .png)): null

2018-12-04 09:55:59 - [TEST_STEP][PASSED] - Statement - counter = counter + 1: null

2018-12-04 09:55:59 - [TEST_STEP][PASSED] - Statement - PreSaveFile = new java.io.File(((pathPrefix + java.lang.Integer.toString(counter)) + .png)): null

2018-12-04 09:55:59 - [TEST_STEP][PASSED] - Statement - counter = counter + 1: null

2018-12-04 09:55:59 - [TEST_STEP][PASSED] - Statement - PreSaveFile = new java.io.File(((pathPrefix + java.lang.Integer.toString(counter)) + .png)): null

2018-12-04 09:55:59 - [TEST_STEP][PASSED] - Statement - counter = counter + 1: null

2018-12-04 09:55:59 - [TEST_STEP][PASSED] - Statement - PreSaveFile = new java.io.File(((pathPrefix + java.lang.Integer.toString(counter)) + .png)): null

2018-12-04 09:55:59 - [TEST_STEP][PASSED] - Statement - counter = counter + 1: null

2018-12-04 09:55:59 - [TEST_STEP][PASSED] - Statement - PreSaveFile = new java.io.File(((pathPrefix + java.lang.Integer.toString(counter)) + .png)): null

2018-12-04 09:55:59 - [TEST_STEP][PASSED] - Statement - counter = counter + 1: null

2018-12-04 09:55:59 - [TEST_STEP][PASSED] - Statement - PreSaveFile = new java.io.File(((pathPrefix + java.lang.Integer.toString(counter)) + .png)): null

2018-12-04 09:55:59 - [TEST_STEP][PASSED] - Statement - counter = counter + 1: null

2018-12-04 09:55:59 - [TEST_STEP][PASSED] - Statement - PreSaveFile = new java.io.File(((pathPrefix + java.lang.Integer.toString(counter)) + .png)): null

2018-12-04 09:55:59 - [TEST_STEP][PASSED] - Statement - counter = counter + 1: null

2018-12-04 09:56:00 - [TEST_STEP][PASSED] - Statement - PreSaveFile = new java.io.File(((pathPrefix + java.lang.Integer.toString(counter)) + .png)): null

2018-12-04 09:56:01 - [TEST_STEP][PASSED] - Statement - counter = counter + 1: null

2018-12-04 09:56:01 - [TEST_STEP][PASSED] - Statement - PreSaveFile = new java.io.File(((pathPrefix + java.lang.Integer.toString(counter)) + .png)): null

2018-12-04 09:56:01 - [TEST_STEP][PASSED] - Statement - counter = counter + 1: null

2018-12-04 09:56:01 - [TEST_STEP][PASSED] - Statement - PreSaveFile = new java.io.File(((pathPrefix + java.lang.Integer.toString(counter)) + .png)): null

2018-12-04 09:56:01 - [TEST_STEP][PASSED] - Statement - counter = counter + 1: null

2018-12-04 09:56:01 - [TEST_STEP][PASSED] - Statement - PreSaveFile = new java.io.File(((pathPrefix + java.lang.Integer.toString(counter)) + .png)): null

2018-12-04 09:56:01 - [TEST_STEP][PASSED] - Statement - counter = counter + 1: null

2018-12-04 09:56:01 - [TEST_STEP][PASSED] - Statement - PreSaveFile = new java.io.File(((pathPrefix + java.lang.Integer.toString(counter)) + .png)): null

2018-12-04 09:56:01 - [TEST_STEP][PASSED] - Statement - counter = counter + 1: null

2018-12-04 09:56:02 - [TEST_STEP][PASSED] - Statement - PreSaveFile = new java.io.File(((pathPrefix + java.lang.Integer.toString(counter)) + .png)): null

2018-12-04 09:56:02 - [TEST_STEP][PASSED] - Statement - counter = counter + 1: null

2018-12-04 09:56:02 - [TEST_STEP][PASSED] - Statement - PreSaveFile = new java.io.File(((pathPrefix + java.lang.Integer.toString(counter)) + .png)): null

2018-12-04 09:56:02 - [TEST_STEP][PASSED] - Statement - counter = counter + 1: null

2018-12-04 09:56:02 - [TEST_STEP][PASSED] - Statement - PreSaveFile = new java.io.File(((pathPrefix + java.lang.Integer.toString(counter)) + .png)): null

2018-12-04 09:56:02 - [TEST_STEP][PASSED] - Statement - counter = counter + 1: null

2018-12-04 09:56:02 - [TEST_STEP][PASSED] - Statement - PreSaveFile = new java.io.File(((pathPrefix + java.lang.Integer.toString(counter)) + .png)): null

2018-12-04 09:56:02 - [TEST_STEP][PASSED] - Statement - counter = counter + 1: null

2018-12-04 09:56:02 - [TEST_STEP][PASSED] - Statement - PreSaveFile = new java.io.File(((pathPrefix + java.lang.Integer.toString(counter)) + .png)): null

2018-12-04 09:56:02 - [TEST_STEP][PASSED] - Statement - counter = counter + 1: null

2018-12-04 09:56:02 - [TEST_STEP][PASSED] - Statement - PreSaveFile = new java.io.File(((pathPrefix + java.lang.Integer.toString(counter)) + .png)): null

2018-12-04 09:56:02 - [TEST_STEP][PASSED] - Statement - counter = counter + 1: null

2018-12-04 09:56:02 - [TEST_STEP][PASSED] - Statement - PreSaveFile = new java.io.File(((pathPrefix + java.lang.Integer.toString(counter)) + .png)): null

2018-12-04 09:56:02 - [TEST_STEP][PASSED] - Statement - counter = counter + 1: null

2018-12-04 09:56:02 - [TEST_STEP][PASSED] - Statement - PreSaveFile = new java.io.File(((pathPrefix + java.lang.Integer.toString(counter)) + .png)): null

2018-12-04 09:56:02 - [TEST_STEP][PASSED] - Statement - counter = counter + 1: null

2018-12-04 09:56:02 - [TEST_STEP][PASSED] - Statement - PreSaveFile = new java.io.File(((pathPrefix + java.lang.Integer.toString(counter)) + .png)): null

2018-12-04 09:56:02 - [TEST_STEP][PASSED] - Statement - counter = counter + 1: null

2018-12-04 09:56:02 - [TEST_STEP][PASSED] - Statement - PreSaveFile = new java.io.File(((pathPrefix + java.lang.Integer.toString(counter)) + .png)): null

2018-12-04 09:56:03 - [TEST_STEP][PASSED] - Statement - counter = counter + 1: null

2018-12-04 09:56:03 - [TEST_STEP][PASSED] - Statement - PreSaveFile = new java.io.File(((pathPrefix + java.lang.Integer.toString(counter)) + .png)): null

2018-12-04 09:56:03 - [TEST_STEP][PASSED] - Statement - counter = counter + 1: null

2018-12-04 09:56:03 - [TEST_STEP][PASSED] - Statement - PreSaveFile = new java.io.File(((pathPrefix + java.lang.Integer.toString(counter)) + .png)): null

2018-12-04 09:56:03 - [TEST_STEP][PASSED] - Statement - counter = counter + 1: null

2018-12-04 09:56:03 - [TEST_STEP][PASSED] - Statement - PreSaveFile = new java.io.File(((pathPrefix + java.lang.Integer.toString(counter)) + .png)): null

2018-12-04 09:56:03 - [TEST_STEP][PASSED] - Statement - counter = counter + 1: null

2018-12-04 09:56:03 - [TEST_STEP][PASSED] - Statement - PreSaveFile = new java.io.File(((pathPrefix + java.lang.Integer.toString(counter)) + .png)): null

2018-12-04 09:56:03 - [TEST_STEP][PASSED] - Statement - counter = counter + 1: null

2018-12-04 09:56:03 - [TEST_STEP][PASSED] - Statement - PreSaveFile = new java.io.File(((pathPrefix + java.lang.Integer.toString(counter)) + .png)): null

2018-12-04 09:56:04 - [TEST_STEP][PASSED] - Statement - counter = counter + 1: null

2018-12-04 09:56:04 - [TEST_STEP][PASSED] - Statement - PreSaveFile = new java.io.File(((pathPrefix + java.lang.Integer.toString(counter)) + .png)): null

2018-12-04 09:56:04 - [TEST_STEP][PASSED] - Statement - counter = counter + 1: null

2018-12-04 09:56:04 - [TEST_STEP][PASSED] - Statement - PreSaveFile = new java.io.File(((pathPrefix + java.lang.Integer.toString(counter)) + .png)): null

2018-12-04 09:56:04 - [TEST_STEP][PASSED] - Statement - counter = counter + 1: null

2018-12-04 09:56:04 - [TEST_STEP][PASSED] - Statement - PreSaveFile = new java.io.File(((pathPrefix + java.lang.Integer.toString(counter)) + .png)): null

2018-12-04 09:56:04 - [TEST_STEP][PASSED] - Statement - counter = counter + 1: null

2018-12-04 09:56:04 - [TEST_STEP][PASSED] - Statement - PreSaveFile = new java.io.File(((pathPrefix + java.lang.Integer.toString(counter)) + .png)): null

2018-12-04 09:56:04 - [TEST_STEP][PASSED] - Statement - counter = counter + 1: null

2018-12-04 09:56:05 - [TEST_STEP][PASSED] - Statement - PreSaveFile = new java.io.File(((pathPrefix + java.lang.Integer.toString(counter)) + .png)): null

2018-12-04 09:56:05 - [TEST_STEP][PASSED] - Statement - counter = counter + 1: null

2018-12-04 09:56:05 - [TEST_STEP][PASSED] - Statement - PreSaveFile = new java.io.File(((pathPrefix + java.lang.Integer.toString(counter)) + .png)): null

2018-12-04 09:56:05 - [TEST_STEP][PASSED] - Statement - counter = counter + 1: null

2018-12-04 09:56:05 - [TEST_STEP][PASSED] - Statement - PreSaveFile = new java.io.File(((pathPrefix + java.lang.Integer.toString(counter)) + .png)): null

2018-12-04 09:56:05 - [TEST_STEP][PASSED] - Statement - counter = counter + 1: null

2018-12-04 09:56:05 - [TEST_STEP][PASSED] - Statement - PreSaveFile = new java.io.File(((pathPrefix + java.lang.Integer.toString(counter)) + .png)): null

2018-12-04 09:56:05 - [TEST_STEP][PASSED] - Statement - counter = counter + 1: null

2018-12-04 09:56:05 - [TEST_STEP][PASSED] - Statement - PreSaveFile = new java.io.File(((pathPrefix + java.lang.Integer.toString(counter)) + .png)): null

2018-12-04 09:56:05 - [TEST_STEP][PASSED] - Statement - counter = counter + 1: null

2018-12-04 09:56:06 - [TEST_STEP][PASSED] - Statement - PreSaveFile = new java.io.File(((pathPrefix + java.lang.Integer.toString(counter)) + .png)): null

2018-12-04 09:56:06 - [TEST_STEP][PASSED] - Statement - counter = counter + 1: null

2018-12-04 09:56:06 - [TEST_STEP][PASSED] - Statement - PreSaveFile = new java.io.File(((pathPrefix + java.lang.Integer.toString(counter)) + .png)): null

2018-12-04 09:56:06 - [TEST_STEP][PASSED] - Statement - counter = counter + 1: null

2018-12-04 09:56:06 - [TEST_STEP][PASSED] - Statement - PreSaveFile = new java.io.File(((pathPrefix + java.lang.Integer.toString(counter)) + .png)): null

2018-12-04 09:56:06 - [TEST_STEP][PASSED] - Statement - counter = counter + 1: null

2018-12-04 09:56:06 - [TEST_STEP][PASSED] - Statement - PreSaveFile = new java.io.File(((pathPrefix + java.lang.Integer.toString(counter)) + .png)): null

2018-12-04 09:56:06 - [TEST_STEP][PASSED] - Statement - counter = counter + 1: null

2018-12-04 09:56:06 - [TEST_STEP][PASSED] - Statement - PreSaveFile = new java.io.File(((pathPrefix + java.lang.Integer.toString(counter)) + .png)): null

2018-12-04 09:56:06 - [TEST_STEP][PASSED] - Statement - counter = counter + 1: null

2018-12-04 09:56:07 - [TEST_STEP][PASSED] - Statement - PreSaveFile = new java.io.File(((pathPrefix + java.lang.Integer.toString(counter)) + .png)): null

2018-12-04 09:56:07 - [TEST_STEP][PASSED] - Statement - counter = counter + 1: null

2018-12-04 09:56:07 - [TEST_STEP][PASSED] - Statement - PreSaveFile = new java.io.File(((pathPrefix + java.lang.Integer.toString(counter)) + .png)): null

2018-12-04 09:56:07 - [TEST_STEP][PASSED] - Statement - counter = counter + 1: null

2018-12-04 09:56:07 - [TEST_STEP][PASSED] - Statement - PreSaveFile = new java.io.File(((pathPrefix + java.lang.Integer.toString(counter)) + .png)): null

2018-12-04 09:56:07 - [TEST_STEP][PASSED] - Statement - counter = counter + 1: null

2018-12-04 09:56:07 - [TEST_STEP][PASSED] - Statement - PreSaveFile = new java.io.File(((pathPrefix + java.lang.Integer.toString(counter)) + .png)): null

2018-12-04 09:56:07 - [TEST_STEP][PASSED] - Statement - counter = counter + 1: null

2018-12-04 09:56:07 - [TEST_STEP][PASSED] - Statement - PreSaveFile = new java.io.File(((pathPrefix + java.lang.Integer.toString(counter)) + .png)): null

2018-12-04 09:56:08 - [TEST_STEP][PASSED] - Statement - counter = counter + 1: null

2018-12-04 09:56:08 - [TEST_STEP][PASSED] - Statement - PreSaveFile = new java.io.File(((pathPrefix + java.lang.Integer.toString(counter)) + .png)): null

2018-12-04 09:56:08 - [TEST_STEP][PASSED] - Statement - counter = counter + 1: null

2018-12-04 09:56:08 - [TEST_STEP][PASSED] - Statement - PreSaveFile = new java.io.File(((pathPrefix + java.lang.Integer.toString(counter)) + .png)): null

2018-12-04 09:56:08 - [TEST_STEP][PASSED] - Statement - counter = counter + 1: null

2018-12-04 09:56:08 - [TEST_STEP][PASSED] - Statement - PreSaveFile = new java.io.File(((pathPrefix + java.lang.Integer.toString(counter)) + .png)): null

2018-12-04 09:56:08 - [TEST_STEP][PASSED] - Statement - counter = counter + 1: null

2018-12-04 09:56:08 - [TEST_STEP][PASSED] - Statement - PreSaveFile = new java.io.File(((pathPrefix + java.lang.Integer.toString(counter)) + .png)): null

2018-12-04 09:56:08 - [TEST_STEP][PASSED] - Statement - counter = counter + 1: null

2018-12-04 09:56:08 - [TEST_STEP][PASSED] - Statement - PreSaveFile = new java.io.File(((pathPrefix + java.lang.Integer.toString(counter)) + .png)): null

2018-12-04 09:56:10 - [TEST_STEP][PASSED] - Statement - counter = counter + 1: null

2018-12-04 09:56:10 - [TEST_STEP][PASSED] - Statement - PreSaveFile = new java.io.File(((pathPrefix + java.lang.Integer.toString(counter)) + .png)): null

2018-12-04 09:56:10 - [TEST_STEP][PASSED] - Statement - counter = counter + 1: null

2018-12-04 09:56:10 - [TEST_STEP][PASSED] - Statement - PreSaveFile = new java.io.File(((pathPrefix + java.lang.Integer.toString(counter)) + .png)): null

2018-12-04 09:56:10 - [TEST_STEP][PASSED] - Statement - counter = counter + 1: null

2018-12-04 09:56:10 - [TEST_STEP][PASSED] - Statement - PreSaveFile = new java.io.File(((pathPrefix + java.lang.Integer.toString(counter)) + .png)): null

2018-12-04 09:56:10 - [TEST_STEP][PASSED] - Statement - counter = counter + 1: null

2018-12-04 09:56:10 - [TEST_STEP][PASSED] - Statement - PreSaveFile = new java.io.File(((pathPrefix + java.lang.Integer.toString(counter)) + .png)): null

2018-12-04 09:56:10 - [TEST_STEP][PASSED] - Statement - counter = counter + 1: null

2018-12-04 09:56:11 - [TEST_STEP][PASSED] - Statement - PreSaveFile = new java.io.File(((pathPrefix + java.lang.Integer.toString(counter)) + .png)): null

2018-12-04 09:56:11 - [TEST_STEP][PASSED] - Statement - counter = counter + 1: null

2018-12-04 09:56:11 - [TEST_STEP][PASSED] - Statement - PreSaveFile = new java.io.File(((pathPrefix + java.lang.Integer.toString(counter)) + .png)): null

2018-12-04 09:56:11 - [TEST_STEP][PASSED] - Statement - counter = counter + 1: null

2018-12-04 09:56:11 - [TEST_STEP][PASSED] - Statement - PreSaveFile = new java.io.File(((pathPrefix + java.lang.Integer.toString(counter)) + .png)): null

2018-12-04 09:56:11 - [TEST_STEP][PASSED] - Statement - counter = counter + 1: null

2018-12-04 09:56:11 - [TEST_STEP][PASSED] - Statement - PreSaveFile = new java.io.File(((pathPrefix + java.lang.Integer.toString(counter)) + .png)): null

2018-12-04 09:56:11 - [TEST_STEP][PASSED] - Statement - counter = counter + 1: null

2018-12-04 09:56:11 - [TEST_STEP][PASSED] - Statement - PreSaveFile = new java.io.File(((pathPrefix + java.lang.Integer.toString(counter)) + .png)): null

2018-12-04 09:56:11 - [TEST_STEP][PASSED] - Statement - counter = counter + 1: null

2018-12-04 09:56:12 - [TEST_STEP][PASSED] - Statement - PreSaveFile = new java.io.File(((pathPrefix + java.lang.Integer.toString(counter)) + .png)): null

2018-12-04 09:56:12 - [TEST_STEP][PASSED] - Statement - counter = counter + 1: null

2018-12-04 09:56:12 - [TEST_STEP][PASSED] - Statement - PreSaveFile = new java.io.File(((pathPrefix + java.lang.Integer.toString(counter)) + .png)): null

2018-12-04 09:56:12 - [TEST_STEP][PASSED] - Statement - counter = counter + 1: null

2018-12-04 09:56:12 - [TEST_STEP][PASSED] - Statement - PreSaveFile = new java.io.File(((pathPrefix + java.lang.Integer.toString(counter)) + .png)): null

2018-12-04 09:56:12 - [TEST_STEP][PASSED] - Statement - counter = counter + 1: null

2018-12-04 09:56:12 - [TEST_STEP][PASSED] - Statement - PreSaveFile = new java.io.File(((pathPrefix + java.lang.Integer.toString(counter)) + .png)): null

2018-12-04 09:56:12 - [TEST_STEP][PASSED] - Statement - counter = counter + 1: null

2018-12-04 09:56:12 - [TEST_STEP][PASSED] - Statement - PreSaveFile = new java.io.File(((pathPrefix + java.lang.Integer.toString(counter)) + .png)): null

2018-12-04 09:56:12 - [TEST_STEP][PASSED] - Statement - counter = counter + 1: null

2018-12-04 09:56:13 - [TEST_STEP][PASSED] - Statement - PreSaveFile = new java.io.File(((pathPrefix + java.lang.Integer.toString(counter)) + .png)): null

2018-12-04 09:56:13 - [TEST_STEP][PASSED] - Statement - counter = counter + 1: null

2018-12-04 09:56:13 - [TEST_STEP][PASSED] - Statement - PreSaveFile = new java.io.File(((pathPrefix + java.lang.Integer.toString(counter)) + .png)): null

2018-12-04 09:56:13 - [TEST_STEP][PASSED] - Statement - counter = counter + 1: null

2018-12-04 09:56:13 - [TEST_STEP][PASSED] - Statement - PreSaveFile = new java.io.File(((pathPrefix + java.lang.Integer.toString(counter)) + .png)): null

2018-12-04 09:56:13 - [TEST_STEP][PASSED] - Statement - counter = counter + 1: null

2018-12-04 09:56:13 - [TEST_STEP][PASSED] - Statement - PreSaveFile = new java.io.File(((pathPrefix + java.lang.Integer.toString(counter)) + .png)): null

2018-12-04 09:56:13 - [TEST_STEP][PASSED] - Statement - counter = counter + 1: null

2018-12-04 09:56:13 - [TEST_STEP][PASSED] - Statement - PreSaveFile = new java.io.File(((pathPrefix + java.lang.Integer.toString(counter)) + .png)): null

2018-12-04 09:56:14 - [TEST_STEP][PASSED] - Statement - counter = counter + 1: null

2018-12-04 09:56:14 - [TEST_STEP][PASSED] - Statement - PreSaveFile = new java.io.File(((pathPrefix + java.lang.Integer.toString(counter)) + .png)): null

2018-12-04 09:56:14 - [TEST_STEP][PASSED] - Statement - counter = counter + 1: null

2018-12-04 09:56:14 - [TEST_STEP][PASSED] - Statement - PreSaveFile = new java.io.File(((pathPrefix + java.lang.Integer.toString(counter)) + .png)): null

2018-12-04 09:56:14 - [TEST_STEP][PASSED] - Statement - counter = counter + 1: null

2018-12-04 09:56:14 - [TEST_STEP][PASSED] - Statement - PreSaveFile = new java.io.File(((pathPrefix + java.lang.Integer.toString(counter)) + .png)): null

2018-12-04 09:56:14 - [TEST_STEP][PASSED] - Statement - counter = counter + 1: null

2018-12-04 09:56:14 - [TEST_STEP][PASSED] - Statement - PreSaveFile = new java.io.File(((pathPrefix + java.lang.Integer.toString(counter)) + .png)): null

2018-12-04 09:56:14 - [TEST_STEP][PASSED] - Statement - counter = counter + 1: null

2018-12-04 09:56:14 - [TEST_STEP][PASSED] - Statement - PreSaveFile = new java.io.File(((pathPrefix + java.lang.Integer.toString(counter)) + .png)): null

2018-12-04 09:56:16 - [TEST_STEP][PASSED] - Statement - counter = counter + 1: null

2018-12-04 09:56:16 - [TEST_STEP][PASSED] - Statement - PreSaveFile = new java.io.File(((pathPrefix + java.lang.Integer.toString(counter)) + .png)): null

2018-12-04 09:56:16 - [TEST_STEP][PASSED] - Statement - counter = counter + 1: null

2018-12-04 09:56:16 - [TEST_STEP][PASSED] - Statement - PreSaveFile = new java.io.File(((pathPrefix + java.lang.Integer.toString(counter)) + .png)): null

2018-12-04 09:56:16 - [TEST_STEP][PASSED] - Statement - counter = counter + 1: null

2018-12-04 09:56:16 - [TEST_STEP][PASSED] - Statement - PreSaveFile = new java.io.File(((pathPrefix + java.lang.Integer.toString(counter)) + .png)): null

2018-12-04 09:56:16 - [TEST_STEP][PASSED] - Statement - counter = counter + 1: null

2018-12-04 09:56:16 - [TEST_STEP][PASSED] - Statement - PreSaveFile = new java.io.File(((pathPrefix + java.lang.Integer.toString(counter)) + .png)): null

2018-12-04 09:56:16 - [TEST_STEP][PASSED] - Statement - counter = counter + 1: null

2018-12-04 09:56:17 - [TEST_STEP][PASSED] - Statement - PreSaveFile = new java.io.File(((pathPrefix + java.lang.Integer.toString(counter)) + .png)): null

2018-12-04 09:56:17 - [TEST_STEP][PASSED] - Statement - counter = counter + 1: null

2018-12-04 09:56:17 - [TEST_STEP][PASSED] - Statement - PreSaveFile = new java.io.File(((pathPrefix + java.lang.Integer.toString(counter)) + .png)): null

2018-12-04 09:56:17 - [TEST_STEP][PASSED] - Statement - counter = counter + 1: null

2018-12-04 09:56:17 - [TEST_STEP][PASSED] - Statement - PreSaveFile = new java.io.File(((pathPrefix + java.lang.Integer.toString(counter)) + .png)): null

2018-12-04 09:56:17 - [TEST_STEP][PASSED] - Statement - counter = counter + 1: null

2018-12-04 09:56:17 - [TEST_STEP][PASSED] - Statement - PreSaveFile = new java.io.File(((pathPrefix + java.lang.Integer.toString(counter)) + .png)): null

2018-12-04 09:56:17 - [TEST_STEP][PASSED] - Statement - counter = counter + 1: null

2018-12-04 09:56:17 - [TEST_STEP][PASSED] - Statement - PreSaveFile = new java.io.File(((pathPrefix + java.lang.Integer.toString(counter)) + .png)): null

2018-12-04 09:56:17 - [TEST_STEP][PASSED] - Statement - counter = counter + 1: null

2018-12-04 09:56:18 - [TEST_STEP][PASSED] - Statement - PreSaveFile = new java.io.File(((pathPrefix + java.lang.Integer.toString(counter)) + .png)): null

2018-12-04 09:56:18 - [TEST_STEP][PASSED] - Statement - counter = counter + 1: null

2018-12-04 09:56:18 - [TEST_STEP][PASSED] - Statement - PreSaveFile = new java.io.File(((pathPrefix + java.lang.Integer.toString(counter)) + .png)): null

2018-12-04 09:56:18 - [TEST_STEP][PASSED] - Statement - counter = counter + 1: null

2018-12-04 09:56:18 - [TEST_STEP][PASSED] - Statement - PreSaveFile = new java.io.File(((pathPrefix + java.lang.Integer.toString(counter)) + .png)): null

2018-12-04 09:56:18 - [TEST_STEP][PASSED] - Statement - counter = counter + 1: null

2018-12-04 09:56:18 - [TEST_STEP][PASSED] - Statement - PreSaveFile = new java.io.File(((pathPrefix + java.lang.Integer.toString(counter)) + .png)): null

2018-12-04 09:56:18 - [TEST_STEP][PASSED] - Statement - counter = counter + 1: null

2018-12-04 09:56:18 - [TEST_STEP][PASSED] - Statement - PreSaveFile = new java.io.File(((pathPrefix + java.lang.Integer.toString(counter)) + .png)): null

2018-12-04 09:56:18 - [TEST_STEP][PASSED] - Statement - counter = counter + 1: null

2018-12-04 09:56:19 - [TEST_STEP][PASSED] - Statement - PreSaveFile = new java.io.File(((pathPrefix + java.lang.Integer.toString(counter)) + .png)): null

2018-12-04 09:56:19 - [TEST_STEP][PASSED] - Statement - counter = counter + 1: null

2018-12-04 09:56:19 - [TEST_STEP][PASSED] - Statement - PreSaveFile = new java.io.File(((pathPrefix + java.lang.Integer.toString(counter)) + .png)): null

2018-12-04 09:56:19 - [TEST_STEP][PASSED] - Statement - counter = counter + 1: null

2018-12-04 09:56:19 - [TEST_STEP][PASSED] - Statement - PreSaveFile = new java.io.File(((pathPrefix + java.lang.Integer.toString(counter)) + .png)): null

2018-12-04 09:56:19 - [TEST_STEP][PASSED] - Statement - counter = counter + 1: null

2018-12-04 09:56:19 - [TEST_STEP][PASSED] - Statement - PreSaveFile = new java.io.File(((pathPrefix + java.lang.Integer.toString(counter)) + .png)): null

2018-12-04 09:56:19 - [TEST_STEP][PASSED] - Statement - counter = counter + 1: null

2018-12-04 09:56:19 - [TEST_STEP][PASSED] - Statement - PreSaveFile = new java.io.File(((pathPrefix + java.lang.Integer.toString(counter)) + .png)): null

2018-12-04 09:56:20 - [TEST_STEP][PASSED] - Statement - counter = counter + 1: null

2018-12-04 09:56:20 - [TEST_STEP][PASSED] - Statement - PreSaveFile = new java.io.File(((pathPrefix + java.lang.Integer.toString(counter)) + .png)): null

2018-12-04 09:56:20 - [TEST_STEP][PASSED] - Statement - counter = counter + 1: null

2018-12-04 09:56:20 - [TEST_STEP][PASSED] - Statement - PreSaveFile = new java.io.File(((pathPrefix + java.lang.Integer.toString(counter)) + .png)): null

2018-12-04 09:56:20 - [TEST_STEP][PASSED] - Statement - counter = counter + 1: null

2018-12-04 09:56:20 - [TEST_STEP][PASSED] - Statement - PreSaveFile = new java.io.File(((pathPrefix + java.lang.Integer.toString(counter)) + .png)): null

2018-12-04 09:56:20 - [TEST_STEP][PASSED] - Statement - counter = counter + 1: null

2018-12-04 09:56:20 - [TEST_STEP][PASSED] - Statement - PreSaveFile = new java.io.File(((pathPrefix + java.lang.Integer.toString(counter)) + .png)): null

2018-12-04 09:56:20 - [TEST_STEP][PASSED] - Statement - counter = counter + 1: null

2018-12-04 09:56:20 - [TEST_STEP][PASSED] - Statement - PreSaveFile = new java.io.File(((pathPrefix + java.lang.Integer.toString(counter)) + .png)): null

2018-12-04 09:56:21 - [TEST_STEP][PASSED] - Statement - counter = counter + 1: null

2018-12-04 09:56:21 - [TEST_STEP][PASSED] - Statement - PreSaveFile = new java.io.File(((pathPrefix + java.lang.Integer.toString(counter)) + .png)): null

2018-12-04 09:56:21 - [TEST_STEP][PASSED] - Statement - counter = counter + 1: null

2018-12-04 09:56:21 - [TEST_STEP][PASSED] - Statement - PreSaveFile = new java.io.File(((pathPrefix + java.lang.Integer.toString(counter)) + .png)): null

2018-12-04 09:56:21 - [TEST_STEP][PASSED] - Statement - counter = counter + 1: null

2018-12-04 09:56:21 - [TEST_STEP][PASSED] - Statement - PreSaveFile = new java.io.File(((pathPrefix + java.lang.Integer.toString(counter)) + .png)): null

2018-12-04 09:56:21 - [TEST_STEP][PASSED] - Statement - counter = counter + 1: null

2018-12-04 09:56:21 - [TEST_STEP][PASSED] - Statement - PreSaveFile = new java.io.File(((pathPrefix + java.lang.Integer.toString(counter)) + .png)): null

2018-12-04 09:56:21 - [TEST_STEP][PASSED] - Statement - counter = counter + 1: null

2018-12-04 09:56:22 - [TEST_STEP][PASSED] - Statement - PreSaveFile = new java.io.File(((pathPrefix + java.lang.Integer.toString(counter)) + .png)): null

2018-12-04 09:56:22 - [TEST_STEP][PASSED] - Statement - counter = counter + 1: null

2018-12-04 09:56:22 - [TEST_STEP][PASSED] - Statement - PreSaveFile = new java.io.File(((pathPrefix + java.lang.Integer.toString(counter)) + .png)): null

2018-12-04 09:56:22 - [TEST_STEP][PASSED] - Statement - counter = counter + 1: null

2018-12-04 09:56:22 - [TEST_STEP][PASSED] - Statement - PreSaveFile = new java.io.File(((pathPrefix + java.lang.Integer.toString(counter)) + .png)): null

2018-12-04 09:56:22 - [TEST_STEP][PASSED] - Statement - counter = counter + 1: null

2018-12-04 09:56:22 - [TEST_STEP][PASSED] - Statement - PreSaveFile = new java.io.File(((pathPrefix + java.lang.Integer.toString(counter)) + .png)): null

2018-12-04 09:56:22 - [TEST_STEP][PASSED] - Statement - counter = counter + 1: null

2018-12-04 09:56:22 - [TEST_STEP][PASSED] - Statement - PreSaveFile = new java.io.File(((pathPrefix + java.lang.Integer.toString(counter)) + .png)): null

2018-12-04 09:56:22 - [TEST_STEP][PASSED] - Statement - counter = counter + 1: null

2018-12-04 09:56:24 - [TEST_STEP][PASSED] - Statement - PreSaveFile = new java.io.File(((pathPrefix + java.lang.Integer.toString(counter)) + .png)): null

2018-12-04 09:56:24 - [TEST_STEP][PASSED] - Statement - counter = counter + 1: null

2018-12-04 09:56:24 - [TEST_STEP][PASSED] - Statement - PreSaveFile = new java.io.File(((pathPrefix + java.lang.Integer.toString(counter)) + .png)): null

2018-12-04 09:56:24 - [TEST_STEP][PASSED] - Statement - counter = counter + 1: null

2018-12-04 09:56:24 - [TEST_STEP][PASSED] - Statement - PreSaveFile = new java.io.File(((pathPrefix + java.lang.Integer.toString(counter)) + .png)): null

2018-12-04 09:56:24 - [TEST_STEP][PASSED] - Statement - counter = counter + 1: null

2018-12-04 09:56:24 - [TEST_STEP][PASSED] - Statement - PreSaveFile = new java.io.File(((pathPrefix + java.lang.Integer.toString(counter)) + .png)): null

2018-12-04 09:56:24 - [TEST_STEP][PASSED] - Statement - counter = counter + 1: null

2018-12-04 09:56:24 - [TEST_STEP][PASSED] - Statement - PreSaveFile = new java.io.File(((pathPrefix + java.lang.Integer.toString(counter)) + .png)): null

2018-12-04 09:56:24 - [TEST_STEP][PASSED] - Statement - counter = counter + 1: null

2018-12-04 09:56:26 - [TEST_STEP][PASSED] - Statement - PreSaveFile = new java.io.File(((pathPrefix + java.lang.Integer.toString(counter)) + .png)): null

2018-12-04 09:56:26 - [TEST_STEP][PASSED] - Statement - counter = counter + 1: null

2018-12-04 09:56:26 - [TEST_STEP][PASSED] - Statement - PreSaveFile = new java.io.File(((pathPrefix + java.lang.Integer.toString(counter)) + .png)): null

2018-12-04 09:56:26 - [TEST_STEP][PASSED] - Statement - counter = counter + 1: null

2018-12-04 09:56:26 - [TEST_STEP][PASSED] - Statement - PreSaveFile = new java.io.File(((pathPrefix + java.lang.Integer.toString(counter)) + .png)): null

2018-12-04 09:56:26 - [TEST_STEP][PASSED] - Statement - counter = counter + 1: null

2018-12-04 09:56:26 - [TEST_STEP][PASSED] - Statement - PreSaveFile = new java.io.File(((pathPrefix + java.lang.Integer.toString(counter)) + .png)): null

2018-12-04 09:56:26 - [TEST_STEP][PASSED] - Statement - counter = counter + 1: null

2018-12-04 09:56:26 - [TEST_STEP][PASSED] - Statement - PreSaveFile = new java.io.File(((pathPrefix + java.lang.Integer.toString(counter)) + .png)): null

2018-12-04 09:56:27 - [TEST_STEP][PASSED] - Statement - counter = counter + 1: null

2018-12-04 09:56:27 - [TEST_STEP][PASSED] - Statement - PreSaveFile = new java.io.File(((pathPrefix + java.lang.Integer.toString(counter)) + .png)): null

2018-12-04 09:56:27 - [TEST_STEP][PASSED] - Statement - counter = counter + 1: null

2018-12-04 09:56:27 - [TEST_STEP][PASSED] - Statement - PreSaveFile = new java.io.File(((pathPrefix + java.lang.Integer.toString(counter)) + .png)): null

2018-12-04 09:56:27 - [TEST_STEP][PASSED] - Statement - counter = counter + 1: null

2018-12-04 09:56:27 - [TEST_STEP][PASSED] - Statement - PreSaveFile = new java.io.File(((pathPrefix + java.lang.Integer.toString(counter)) + .png)): null

2018-12-04 09:56:27 - [TEST_STEP][PASSED] - Statement - counter = counter + 1: null

2018-12-04 09:56:27 - [TEST_STEP][PASSED] - Statement - PreSaveFile = new java.io.File(((pathPrefix + java.lang.Integer.toString(counter)) + .png)): null

2018-12-04 09:56:27 - [TEST_STEP][PASSED] - Statement - counter = counter + 1: null

2018-12-04 09:56:27 - [TEST_STEP][PASSED] - Statement - PreSaveFile = new java.io.File(((pathPrefix + java.lang.Integer.toString(counter)) + .png)): null

2018-12-04 09:56:28 - [TEST_STEP][PASSED] - Statement - counter = counter + 1: null

2018-12-04 09:56:28 - [TEST_STEP][PASSED] - Statement - PreSaveFile = new java.io.File(((pathPrefix + java.lang.Integer.toString(counter)) + .png)): null

2018-12-04 09:56:28 - [TEST_STEP][PASSED] - Statement - counter = counter + 1: null

2018-12-04 09:56:28 - [TEST_STEP][PASSED] - Statement - PreSaveFile = new java.io.File(((pathPrefix + java.lang.Integer.toString(counter)) + .png)): null

2018-12-04 09:56:28 - [TEST_STEP][PASSED] - Statement - counter = counter + 1: null

2018-12-04 09:56:28 - [TEST_STEP][PASSED] - Statement - PreSaveFile = new java.io.File(((pathPrefix + java.lang.Integer.toString(counter)) + .png)): null

2018-12-04 09:56:28 - [TEST_STEP][PASSED] - Statement - counter = counter + 1: null

2018-12-04 09:56:28 - [TEST_STEP][PASSED] - Statement - PreSaveFile = new java.io.File(((pathPrefix + java.lang.Integer.toString(counter)) + .png)): null

2018-12-04 09:56:28 - [TEST_STEP][PASSED] - Statement - counter = counter + 1: null

2018-12-04 09:56:29 - [TEST_STEP][PASSED] - Statement - PreSaveFile = new java.io.File(((pathPrefix + java.lang.Integer.toString(counter)) + .png)): null

2018-12-04 09:56:29 - [TEST_STEP][PASSED] - Statement - counter = counter + 1: null

2018-12-04 09:56:29 - [TEST_STEP][PASSED] - Statement - PreSaveFile = new java.io.File(((pathPrefix + java.lang.Integer.toString(counter)) + .png)): null

2018-12-04 09:56:29 - [TEST_STEP][PASSED] - Statement - counter = counter + 1: null

2018-12-04 09:56:29 - [TEST_STEP][PASSED] - Statement - PreSaveFile = new java.io.File(((pathPrefix + java.lang.Integer.toString(counter)) + .png)): null

2018-12-04 09:56:29 - [TEST_STEP][PASSED] - Statement - counter = counter + 1: null

2018-12-04 09:56:29 - [TEST_STEP][PASSED] - Statement - PreSaveFile = new java.io.File(((pathPrefix + java.lang.Integer.toString(counter)) + .png)): null

2018-12-04 09:56:29 - [TEST_STEP][PASSED] - Statement - counter = counter + 1: null

2018-12-04 09:56:29 - [TEST_STEP][PASSED] - Statement - PreSaveFile = new java.io.File(((pathPrefix + java.lang.Integer.toString(counter)) + .png)): null

2018-12-04 09:56:29 - [TEST_STEP][PASSED] - Statement - counter = counter + 1: null

2018-12-04 09:56:31 - [TEST_STEP][PASSED] - Statement - PreSaveFile = new java.io.File(((pathPrefix + java.lang.Integer.toString(counter)) + .png)): null

2018-12-04 09:56:31 - [TEST_STEP][PASSED] - Statement - counter = counter + 1: null

2018-12-04 09:56:31 - [TEST_STEP][PASSED] - Statement - PreSaveFile = new java.io.File(((pathPrefix + java.lang.Integer.toString(counter)) + .png)): null

2018-12-04 09:56:31 - [TEST_STEP][PASSED] - Statement - counter = counter + 1: null

2018-12-04 09:56:31 - [TEST_STEP][PASSED] - Statement - PreSaveFile = new java.io.File(((pathPrefix + java.lang.Integer.toString(counter)) + .png)): null

2018-12-04 09:56:31 - [TEST_STEP][PASSED] - Statement - counter = counter + 1: null

2018-12-04 09:56:31 - [TEST_STEP][PASSED] - Statement - PreSaveFile = new java.io.File(((pathPrefix + java.lang.Integer.toString(counter)) + .png)): null

2018-12-04 09:56:31 - [TEST_STEP][PASSED] - Statement - counter = counter + 1: null

2018-12-04 09:56:31 - [TEST_STEP][PASSED] - Statement - PreSaveFile = new java.io.File(((pathPrefix + java.lang.Integer.toString(counter)) + .png)): null

2018-12-04 09:56:31 - [TEST_STEP][PASSED] - Statement - counter = counter + 1: null

2018-12-04 09:56:32 - [TEST_STEP][PASSED] - Statement - PreSaveFile = new java.io.File(((pathPrefix + java.lang.Integer.toString(counter)) + .png)): null

2018-12-04 09:56:32 - [TEST_STEP][PASSED] - Statement - counter = counter + 1: null

2018-12-04 09:56:32 - [TEST_STEP][PASSED] - Statement - PreSaveFile = new java.io.File(((pathPrefix + java.lang.Integer.toString(counter)) + .png)): null

2018-12-04 09:56:32 - [TEST_STEP][PASSED] - Statement - counter = counter + 1: null

2018-12-04 09:56:32 - [TEST_STEP][PASSED] - Statement - PreSaveFile = new java.io.File(((pathPrefix + java.lang.Integer.toString(counter)) + .png)): null

2018-12-04 09:56:32 - [TEST_STEP][PASSED] - Statement - counter = counter + 1: null

2018-12-04 09:56:32 - [TEST_STEP][PASSED] - Statement - PreSaveFile = new java.io.File(((pathPrefix + java.lang.Integer.toString(counter)) + .png)): null

2018-12-04 09:56:32 - [TEST_STEP][PASSED] - Statement - counter = counter + 1: null

2018-12-04 09:56:32 - [TEST_STEP][PASSED] - Statement - PreSaveFile = new java.io.File(((pathPrefix + java.lang.Integer.toString(counter)) + .png)): null

2018-12-04 09:56:34 - [TEST_STEP][PASSED] - Statement - counter = counter + 1: null

2018-12-04 09:56:34 - [TEST_STEP][PASSED] - Statement - PreSaveFile = new java.io.File(((pathPrefix + java.lang.Integer.toString(counter)) + .png)): null

2018-12-04 09:56:34 - [TEST_STEP][PASSED] - Statement - counter = counter + 1: null

2018-12-04 09:56:34 - [TEST_STEP][PASSED] - Statement - PreSaveFile = new java.io.File(((pathPrefix + java.lang.Integer.toString(counter)) + .png)): null

2018-12-04 09:56:34 - [TEST_STEP][PASSED] - Statement - counter = counter + 1: null

2018-12-04 09:56:34 - [TEST_STEP][PASSED] - Statement - PreSaveFile = new java.io.File(((pathPrefix + java.lang.Integer.toString(counter)) + .png)): null

2018-12-04 09:56:34 - [TEST_STEP][PASSED] - Statement - counter = counter + 1: null

2018-12-04 09:56:34 - [TEST_STEP][PASSED] - Statement - PreSaveFile = new java.io.File(((pathPrefix + java.lang.Integer.toString(counter)) + .png)): null

2018-12-04 09:56:34 - [TEST_STEP][PASSED] - Statement - counter = counter + 1: null

2018-12-04 09:56:34 - [TEST_STEP][PASSED] - Statement - PreSaveFile = new java.io.File(((pathPrefix + java.lang.Integer.toString(counter)) + .png)): null

2018-12-04 09:56:36 - [TEST_STEP][PASSED] - Statement - counter = counter + 1: null

2018-12-04 09:56:36 - [TEST_STEP][PASSED] - Statement - PreSaveFile = new java.io.File(((pathPrefix + java.lang.Integer.toString(counter)) + .png)): null

2018-12-04 09:56:36 - [TEST_STEP][PASSED] - Statement - counter = counter + 1: null

2018-12-04 09:56:36 - [TEST_STEP][PASSED] - Statement - PreSaveFile = new java.io.File(((pathPrefix + java.lang.Integer.toString(counter)) + .png)): null

2018-12-04 09:56:36 - [TEST_STEP][PASSED] - Statement - counter = counter + 1: null

2018-12-04 09:56:36 - [TEST_STEP][PASSED] - Statement - PreSaveFile = new java.io.File(((pathPrefix + java.lang.Integer.toString(counter)) + .png)): null

2018-12-04 09:56:36 - [TEST_STEP][PASSED] - Statement - counter = counter + 1: null

2018-12-04 09:56:36 - [TEST_STEP][PASSED] - Statement - PreSaveFile = new java.io.File(((pathPrefix + java.lang.Integer.toString(counter)) + .png)): null

2018-12-04 09:56:36 - [TEST_STEP][PASSED] - Statement - counter = counter + 1: null

2018-12-04 09:56:37 - [TEST_STEP][PASSED] - Statement - PreSaveFile = new java.io.File(((pathPrefix + java.lang.Integer.toString(counter)) + .png)): null

2018-12-04 09:56:37 - [TEST_STEP][PASSED] - Statement - counter = counter + 1: null

2018-12-04 09:56:37 - [TEST_STEP][PASSED] - Statement - PreSaveFile = new java.io.File(((pathPrefix + java.lang.Integer.toString(counter)) + .png)): null

2018-12-04 09:56:37 - [TEST_STEP][PASSED] - Statement - counter = counter + 1: null

2018-12-04 09:56:37 - [TEST_STEP][PASSED] - Statement - PreSaveFile = new java.io.File(((pathPrefix + java.lang.Integer.toString(counter)) + .png)): null

2018-12-04 09:56:37 - [TEST_STEP][PASSED] - Statement - counter = counter + 1: null

2018-12-04 09:56:37 - [TEST_STEP][PASSED] - Statement - PreSaveFile = new java.io.File(((pathPrefix + java.lang.Integer.toString(counter)) + .png)): null

2018-12-04 09:56:37 - [TEST_STEP][PASSED] - Statement - counter = counter + 1: null

2018-12-04 09:56:37 - [TEST_STEP][PASSED] - Statement - PreSaveFile = new java.io.File(((pathPrefix + java.lang.Integer.toString(counter)) + .png)): null

2018-12-04 09:56:37 - [TEST_STEP][PASSED] - Statement - counter = counter + 1: null

2018-12-04 09:56:38 - [TEST_STEP][PASSED] - Statement - PreSaveFile = new java.io.File(((pathPrefix + java.lang.Integer.toString(counter)) + .png)): null

2018-12-04 09:56:38 - [TEST_STEP][PASSED] - Statement - counter = counter + 1: null

2018-12-04 09:56:38 - [TEST_STEP][PASSED] - Statement - PreSaveFile = new java.io.File(((pathPrefix + java.lang.Integer.toString(counter)) + .png)): null

2018-12-04 09:56:38 - [TEST_STEP][PASSED] - Statement - counter = counter + 1: null

2018-12-04 09:56:38 - [TEST_STEP][PASSED] - Statement - PreSaveFile = new java.io.File(((pathPrefix + java.lang.Integer.toString(counter)) + .png)): null

2018-12-04 09:56:38 - [TEST_STEP][PASSED] - Statement - counter = counter + 1: null

2018-12-04 09:56:38 - [TEST_STEP][PASSED] - Statement - PreSaveFile = new java.io.File(((pathPrefix + java.lang.Integer.toString(counter)) + .png)): null

2018-12-04 09:56:38 - [TEST_STEP][PASSED] - Statement - counter = counter + 1: null

2018-12-04 09:56:38 - [TEST_STEP][PASSED] - Statement - PreSaveFile = new java.io.File(((pathPrefix + java.lang.Integer.toString(counter)) + .png)): null

2018-12-04 09:56:38 - [TEST_STEP][PASSED] - Statement - counter = counter + 1: null

2018-12-04 09:56:40 - [TEST_STEP][PASSED] - Statement - PreSaveFile = new java.io.File(((pathPrefix + java.lang.Integer.toString(counter)) + .png)): null

2018-12-04 09:56:40 - [TEST_STEP][PASSED] - Statement - counter = counter + 1: null

2018-12-04 09:56:40 - [TEST_STEP][PASSED] - Statement - PreSaveFile = new java.io.File(((pathPrefix + java.lang.Integer.toString(counter)) + .png)): null

2018-12-04 09:56:40 - [TEST_STEP][PASSED] - Statement - counter = counter + 1: null

2018-12-04 09:56:40 - [TEST_STEP][PASSED] - Statement - PreSaveFile = new java.io.File(((pathPrefix + java.lang.Integer.toString(counter)) + .png)): null

2018-12-04 09:56:40 - [TEST_STEP][PASSED] - Statement - counter = counter + 1: null

2018-12-04 09:56:40 - [TEST_STEP][PASSED] - Statement - PreSaveFile = new java.io.File(((pathPrefix + java.lang.Integer.toString(counter)) + .png)): null

2018-12-04 09:56:40 - [TEST_STEP][PASSED] - Statement - counter = counter + 1: null

2018-12-04 09:56:40 - [TEST_STEP][PASSED] - Statement - PreSaveFile = new java.io.File(((pathPrefix + java.lang.Integer.toString(counter)) + .png)): null

2018-12-04 09:56:41 - [TEST_STEP][PASSED] - Statement - counter = counter + 1: null

2018-12-04 09:56:41 - [TEST_STEP][PASSED] - Statement - PreSaveFile = new java.io.File(((pathPrefix + java.lang.Integer.toString(counter)) + .png)): null

2018-12-04 09:56:41 - [TEST_STEP][PASSED] - Statement - counter = counter + 1: null

2018-12-04 09:56:41 - [TEST_STEP][PASSED] - Statement - PreSaveFile = new java.io.File(((pathPrefix + java.lang.Integer.toString(counter)) + .png)): null

2018-12-04 09:56:41 - [TEST_STEP][PASSED] - Statement - counter = counter + 1: null

2018-12-04 09:56:41 - [TEST_STEP][PASSED] - Statement - PreSaveFile = new java.io.File(((pathPrefix + java.lang.Integer.toString(counter)) + .png)): null

2018-12-04 09:56:41 - [TEST_STEP][PASSED] - Statement - counter = counter + 1: null

2018-12-04 09:56:41 - [TEST_STEP][PASSED] - Statement - PreSaveFile = new java.io.File(((pathPrefix + java.lang.Integer.toString(counter)) + .png)): null

2018-12-04 09:56:41 - [TEST_STEP][PASSED] - Statement - counter = counter + 1: null

2018-12-04 09:56:41 - [TEST_STEP][PASSED] - Statement - PreSaveFile = new java.io.File(((pathPrefix + java.lang.Integer.toString(counter)) + .png)): null

2018-12-04 09:56:43 - [TEST_STEP][PASSED] - Statement - counter = counter + 1: null

2018-12-04 09:56:43 - [TEST_STEP][PASSED] - Statement - PreSaveFile = new java.io.File(((pathPrefix + java.lang.Integer.toString(counter)) + .png)): null

2018-12-04 09:56:43 - [TEST_STEP][PASSED] - Statement - counter = counter + 1: null

2018-12-04 09:56:43 - [TEST_STEP][PASSED] - Statement - PreSaveFile = new java.io.File(((pathPrefix + java.lang.Integer.toString(counter)) + .png)): null

2018-12-04 09:56:43 - [TEST_STEP][PASSED] - Statement - counter = counter + 1: null

2018-12-04 09:56:43 - [TEST_STEP][PASSED] - Statement - PreSaveFile = new java.io.File(((pathPrefix + java.lang.Integer.toString(counter)) + .png)): null

2018-12-04 09:56:43 - [TEST_STEP][PASSED] - Statement - counter = counter + 1: null

2018-12-04 09:56:43 - [TEST_STEP][PASSED] - Statement - PreSaveFile = new java.io.File(((pathPrefix + java.lang.Integer.toString(counter)) + .png)): null

2018-12-04 09:56:43 - [TEST_STEP][PASSED] - Statement - counter = counter + 1: null

2018-12-04 09:56:43 - [TEST_STEP][PASSED] - Statement - PreSaveFile = new java.io.File(((pathPrefix + java.lang.Integer.toString(counter)) + .png)): null

2018-12-04 09:56:44 - [TEST_STEP][PASSED] - Statement - counter = counter + 1: null

2018-12-04 09:56:44 - [TEST_STEP][PASSED] - Statement - PreSaveFile = new java.io.File(((pathPrefix + java.lang.Integer.toString(counter)) + .png)): null

2018-12-04 09:56:44 - [TEST_STEP][PASSED] - Statement - counter = counter + 1: null

2018-12-04 09:56:44 - [TEST_STEP][PASSED] - Statement - PreSaveFile = new java.io.File(((pathPrefix + java.lang.Integer.toString(counter)) + .png)): null

2018-12-04 09:56:44 - [TEST_STEP][PASSED] - Statement - counter = counter + 1: null

2018-12-04 09:56:44 - [TEST_STEP][PASSED] - Statement - PreSaveFile = new java.io.File(((pathPrefix + java.lang.Integer.toString(counter)) + .png)): null

2018-12-04 09:56:44 - [TEST_STEP][PASSED] - Statement - counter = counter + 1: null

2018-12-04 09:56:44 - [TEST_STEP][PASSED] - Statement - PreSaveFile = new java.io.File(((pathPrefix + java.lang.Integer.toString(counter)) + .png)): null

2018-12-04 09:56:44 - [TEST_STEP][PASSED] - Statement - counter = counter + 1: null

2018-12-04 09:56:45 - [TEST_STEP][PASSED] - Statement - PreSaveFile = new java.io.File(((pathPrefix + java.lang.Integer.toString(counter)) + .png)): null

2018-12-04 09:56:45 - [TEST_STEP][PASSED] - Statement - counter = counter + 1: null

2018-12-04 09:56:45 - [TEST_STEP][PASSED] - Statement - PreSaveFile = new java.io.File(((pathPrefix + java.lang.Integer.toString(counter)) + .png)): null

2018-12-04 09:56:45 - [TEST_STEP][PASSED] - Statement - counter = counter + 1: null

2018-12-04 09:56:45 - [TEST_STEP][PASSED] - Statement - PreSaveFile = new java.io.File(((pathPrefix + java.lang.Integer.toString(counter)) + .png)): null

2018-12-04 09:56:45 - [TEST_STEP][PASSED] - Statement - counter = counter + 1: null

2018-12-04 09:56:45 - [TEST_STEP][PASSED] - Statement - PreSaveFile = new java.io.File(((pathPrefix + java.lang.Integer.toString(counter)) + .png)): null

2018-12-04 09:56:45 - [TEST_STEP][PASSED] - Statement - counter = counter + 1: null

2018-12-04 09:56:45 - [TEST_STEP][PASSED] - Statement - PreSaveFile = new java.io.File(((pathPrefix + java.lang.Integer.toString(counter)) + .png)): null

2018-12-04 09:56:45 - [TEST_STEP][PASSED] - Statement - counter = counter + 1: null

2018-12-04 09:56:47 - [TEST_STEP][PASSED] - Statement - PreSaveFile = new java.io.File(((pathPrefix + java.lang.Integer.toString(counter)) + .png)): null

2018-12-04 09:56:47 - [TEST_STEP][PASSED] - Statement - counter = counter + 1: null

2018-12-04 09:56:47 - [TEST_STEP][PASSED] - Statement - PreSaveFile = new java.io.File(((pathPrefix + java.lang.Integer.toString(counter)) + .png)): null

2018-12-04 09:56:47 - [TEST_STEP][PASSED] - Statement - counter = counter + 1: null

2018-12-04 09:56:47 - [TEST_STEP][PASSED] - Statement - PreSaveFile = new java.io.File(((pathPrefix + java.lang.Integer.toString(counter)) + .png)): null

2018-12-04 09:56:47 - [TEST_STEP][PASSED] - Statement - counter = counter + 1: null

2018-12-04 09:56:47 - [TEST_STEP][PASSED] - Statement - PreSaveFile = new java.io.File(((pathPrefix + java.lang.Integer.toString(counter)) + .png)): null

2018-12-04 09:56:47 - [TEST_STEP][PASSED] - Statement - counter = counter + 1: null

2018-12-04 09:56:47 - [TEST_STEP][PASSED] - Statement - PreSaveFile = new java.io.File(((pathPrefix + java.lang.Integer.toString(counter)) + .png)): null

2018-12-04 09:56:48 - [TEST_STEP][PASSED] - Statement - counter = counter + 1: null

2018-12-04 09:56:48 - [TEST_STEP][PASSED] - Statement - PreSaveFile = new java.io.File(((pathPrefix + java.lang.Integer.toString(counter)) + .png)): null

2018-12-04 09:56:48 - [TEST_STEP][PASSED] - Statement - counter = counter + 1: null

2018-12-04 09:56:48 - [TEST_STEP][PASSED] - Statement - PreSaveFile = new java.io.File(((pathPrefix + java.lang.Integer.toString(counter)) + .png)): null

2018-12-04 09:56:48 - [TEST_STEP][PASSED] - Statement - counter = counter + 1: null

2018-12-04 09:56:48 - [TEST_STEP][PASSED] - Statement - PreSaveFile = new java.io.File(((pathPrefix + java.lang.Integer.toString(counter)) + .png)): null

2018-12-04 09:56:48 - [TEST_STEP][PASSED] - Statement - counter = counter + 1: null

2018-12-04 09:56:48 - [TEST_STEP][PASSED] - Statement - PreSaveFile = new java.io.File(((pathPrefix + java.lang.Integer.toString(counter)) + .png)): null

2018-12-04 09:56:48 - [TEST_STEP][PASSED] - Statement - counter = counter + 1: null

2018-12-04 09:56:48 - [TEST_STEP][PASSED] - Statement - PreSaveFile = new java.io.File(((pathPrefix + java.lang.Integer.toString(counter)) + .png)): null

2018-12-04 09:56:49 - [TEST_STEP][PASSED] - Statement - counter = counter + 1: null

2018-12-04 09:56:49 - [TEST_STEP][PASSED] - Statement - PreSaveFile = new java.io.File(((pathPrefix + java.lang.Integer.toString(counter)) + .png)): null

2018-12-04 09:56:49 - [TEST_STEP][PASSED] - Statement - counter = counter + 1: null

2018-12-04 09:56:49 - [TEST_STEP][PASSED] - Statement - PreSaveFile = new java.io.File(((pathPrefix + java.lang.Integer.toString(counter)) + .png)): null

2018-12-04 09:56:49 - [TEST_STEP][PASSED] - Statement - counter = counter + 1: null

2018-12-04 09:56:49 - [TEST_STEP][PASSED] - Statement - PreSaveFile = new java.io.File(((pathPrefix + java.lang.Integer.toString(counter)) + .png)): null

2018-12-04 09:56:49 - [TEST_STEP][PASSED] - Statement - counter = counter + 1: null

2018-12-04 09:56:49 - [TEST_STEP][PASSED] - Statement - PreSaveFile = new java.io.File(((pathPrefix + java.lang.Integer.toString(counter)) + .png)): null

2018-12-04 09:56:49 - [TEST_STEP][PASSED] - Statement - counter = counter + 1: null

2018-12-04 09:56:49 - [TEST_STEP][PASSED] - Statement - PreSaveFile = new java.io.File(((pathPrefix + java.lang.Integer.toString(counter)) + .png)): null

2018-12-04 09:56:51 - [TEST_STEP][PASSED] - Statement - counter = counter + 1: null

2018-12-04 09:56:51 - [TEST_STEP][PASSED] - Statement - PreSaveFile = new java.io.File(((pathPrefix + java.lang.Integer.toString(counter)) + .png)): null

2018-12-04 09:56:51 - [TEST_STEP][PASSED] - Statement - counter = counter + 1: null

2018-12-04 09:56:51 - [TEST_STEP][PASSED] - Statement - PreSaveFile = new java.io.File(((pathPrefix + java.lang.Integer.toString(counter)) + .png)): null

2018-12-04 09:56:51 - [TEST_STEP][PASSED] - Statement - counter = counter + 1: null

2018-12-04 09:56:51 - [TEST_STEP][PASSED] - Statement - PreSaveFile = new java.io.File(((pathPrefix + java.lang.Integer.toString(counter)) + .png)): null

2018-12-04 09:56:51 - [TEST_STEP][PASSED] - Statement - counter = counter + 1: null

2018-12-04 09:56:51 - [TEST_STEP][PASSED] - Statement - PreSaveFile = new java.io.File(((pathPrefix + java.lang.Integer.toString(counter)) + .png)): null

2018-12-04 09:56:51 - [TEST_STEP][PASSED] - Statement - counter = counter + 1: null

2018-12-04 09:56:52 - [TEST_STEP][PASSED] - Statement - PreSaveFile = new java.io.File(((pathPrefix + java.lang.Integer.toString(counter)) + .png)): null

2018-12-04 09:56:52 - [TEST_STEP][PASSED] - Statement - counter = counter + 1: null

2018-12-04 09:56:52 - [TEST_STEP][PASSED] - Statement - PreSaveFile = new java.io.File(((pathPrefix + java.lang.Integer.toString(counter)) + .png)): null

2018-12-04 09:56:52 - [TEST_STEP][PASSED] - Statement - counter = counter + 1: null

2018-12-04 09:56:52 - [TEST_STEP][PASSED] - Statement - PreSaveFile = new java.io.File(((pathPrefix + java.lang.Integer.toString(counter)) + .png)): null

2018-12-04 09:56:52 - [TEST_STEP][PASSED] - Statement - counter = counter + 1: null

2018-12-04 09:56:52 - [TEST_STEP][PASSED] - Statement - PreSaveFile = new java.io.File(((pathPrefix + java.lang.Integer.toString(counter)) + .png)): null

2018-12-04 09:56:52 - [TEST_STEP][PASSED] - Statement - counter = counter + 1: null

2018-12-04 09:56:52 - [TEST_STEP][PASSED] - Statement - PreSaveFile = new java.io.File(((pathPrefix + java.lang.Integer.toString(counter)) + .png)): null

2018-12-04 09:56:52 - [TEST_STEP][PASSED] - Statement - counter = counter + 1: null

2018-12-04 09:56:54 - [TEST_STEP][PASSED] - Statement - PreSaveFile = new java.io.File(((pathPrefix + java.lang.Integer.toString(counter)) + .png)): null

2018-12-04 09:56:54 - [TEST_STEP][PASSED] - Statement - counter = counter + 1: null

2018-12-04 09:56:54 - [TEST_STEP][PASSED] - Statement - PreSaveFile = new java.io.File(((pathPrefix + java.lang.Integer.toString(counter)) + .png)): null

2018-12-04 09:56:54 - [TEST_STEP][PASSED] - Statement - counter = counter + 1: null

2018-12-04 09:56:54 - [TEST_STEP][PASSED] - Statement - PreSaveFile = new java.io.File(((pathPrefix + java.lang.Integer.toString(counter)) + .png)): null

2018-12-04 09:56:54 - [TEST_STEP][PASSED] - Statement - counter = counter + 1: null

2018-12-04 09:56:54 - [TEST_STEP][PASSED] - Statement - PreSaveFile = new java.io.File(((pathPrefix + java.lang.Integer.toString(counter)) + .png)): null

2018-12-04 09:56:54 - [TEST_STEP][PASSED] - Statement - counter = counter + 1: null

2018-12-04 09:56:54 - [TEST_STEP][PASSED] - Statement - PreSaveFile = new java.io.File(((pathPrefix + java.lang.Integer.toString(counter)) + .png)): null

2018-12-04 09:56:55 - [TEST_STEP][PASSED] - Statement - counter = counter + 1: null

2018-12-04 09:56:55 - [TEST_STEP][PASSED] - Statement - PreSaveFile = new java.io.File(((pathPrefix + java.lang.Integer.toString(counter)) + .png)): null

2018-12-04 09:56:55 - [TEST_STEP][PASSED] - Statement - counter = counter + 1: null

2018-12-04 09:56:55 - [TEST_STEP][PASSED] - Statement - PreSaveFile = new java.io.File(((pathPrefix + java.lang.Integer.toString(counter)) + .png)): null

2018-12-04 09:56:55 - [TEST_STEP][PASSED] - Statement - counter = counter + 1: null

2018-12-04 09:56:55 - [TEST_STEP][PASSED] - Statement - PreSaveFile = new java.io.File(((pathPrefix + java.lang.Integer.toString(counter)) + .png)): null

2018-12-04 09:56:55 - [TEST_STEP][PASSED] - Statement - counter = counter + 1: null

2018-12-04 09:56:55 - [TEST_STEP][PASSED] - Statement - PreSaveFile = new java.io.File(((pathPrefix + java.lang.Integer.toString(counter)) + .png)): null

2018-12-04 09:56:55 - [TEST_STEP][PASSED] - Statement - counter = counter + 1: null

2018-12-04 09:56:55 - [TEST_STEP][PASSED] - Statement - PreSaveFile = new java.io.File(((pathPrefix + java.lang.Integer.toString(counter)) + .png)): null

2018-12-04 09:56:56 - [TEST_STEP][PASSED] - Statement - counter = counter + 1: null

2018-12-04 09:56:56 - [TEST_STEP][PASSED] - Statement - PreSaveFile = new java.io.File(((pathPrefix + java.lang.Integer.toString(counter)) + .png)): null

2018-12-04 09:56:56 - [TEST_STEP][PASSED] - Statement - counter = counter + 1: null

2018-12-04 09:56:56 - [TEST_STEP][PASSED] - Statement - PreSaveFile = new java.io.File(((pathPrefix + java.lang.Integer.toString(counter)) + .png)): null

2018-12-04 09:56:56 - [TEST_STEP][PASSED] - Statement - counter = counter + 1: null

2018-12-04 09:56:56 - [TEST_STEP][PASSED] - Statement - PreSaveFile = new java.io.File(((pathPrefix + java.lang.Integer.toString(counter)) + .png)): null

2018-12-04 09:56:56 - [TEST_STEP][PASSED] - Statement - counter = counter + 1: null

2018-12-04 09:56:56 - [TEST_STEP][PASSED] - Statement - PreSaveFile = new java.io.File(((pathPrefix + java.lang.Integer.toString(counter)) + .png)): null

2018-12-04 09:56:56 - [TEST_STEP][PASSED] - Statement - counter = counter + 1: null

2018-12-04 09:56:56 - [TEST_STEP][PASSED] - Statement - PreSaveFile = new java.io.File(((pathPrefix + java.lang.Integer.toString(counter)) + .png)): null

2018-12-04 09:56:58 - [TEST_STEP][PASSED] - Statement - counter = counter + 1: null

2018-12-04 09:56:58 - [TEST_STEP][PASSED] - Statement - PreSaveFile = new java.io.File(((pathPrefix + java.lang.Integer.toString(counter)) + .png)): null

2018-12-04 09:56:58 - [TEST_STEP][PASSED] - Statement - counter = counter + 1: null

2018-12-04 09:56:58 - [TEST_STEP][PASSED] - Statement - PreSaveFile = new java.io.File(((pathPrefix + java.lang.Integer.toString(counter)) + .png)): null

2018-12-04 09:56:58 - [TEST_STEP][PASSED] - Statement - counter = counter + 1: null

2018-12-04 09:56:58 - [TEST_STEP][PASSED] - Statement - PreSaveFile = new java.io.File(((pathPrefix + java.lang.Integer.toString(counter)) + .png)): null

2018-12-04 09:56:58 - [TEST_STEP][PASSED] - Statement - counter = counter + 1: null

2018-12-04 09:56:58 - [TEST_STEP][PASSED] - Statement - PreSaveFile = new java.io.File(((pathPrefix + java.lang.Integer.toString(counter)) + .png)): null

2018-12-04 09:56:58 - [TEST_STEP][PASSED] - Statement - counter = counter + 1: null

2018-12-04 09:56:59 - [TEST_STEP][PASSED] - Statement - PreSaveFile = new java.io.File(((pathPrefix + java.lang.Integer.toString(counter)) + .png)): null

2018-12-04 09:56:59 - [TEST_STEP][PASSED] - Statement - counter = counter + 1: null

2018-12-04 09:56:59 - [TEST_STEP][PASSED] - Statement - PreSaveFile = new java.io.File(((pathPrefix + java.lang.Integer.toString(counter)) + .png)): null

2018-12-04 09:56:59 - [TEST_STEP][PASSED] - Statement - counter = counter + 1: null

2018-12-04 09:56:59 - [TEST_STEP][PASSED] - Statement - PreSaveFile = new java.io.File(((pathPrefix + java.lang.Integer.toString(counter)) + .png)): null

2018-12-04 09:56:59 - [TEST_STEP][PASSED] - Statement - counter = counter + 1: null

2018-12-04 09:56:59 - [TEST_STEP][PASSED] - Statement - PreSaveFile = new java.io.File(((pathPrefix + java.lang.Integer.toString(counter)) + .png)): null

2018-12-04 09:56:59 - [TEST_STEP][PASSED] - Statement - counter = counter + 1: null

2018-12-04 09:56:59 - [TEST_STEP][PASSED] - Statement - PreSaveFile = new java.io.File(((pathPrefix + java.lang.Integer.toString(counter)) + .png)): null

2018-12-04 09:56:59 - [TEST_STEP][PASSED] - Statement - counter = counter + 1: null

2018-12-04 09:57:01 - [TEST_STEP][PASSED] - Statement - PreSaveFile = new java.io.File(((pathPrefix + java.lang.Integer.toString(counter)) + .png)): null

2018-12-04 09:57:01 - [TEST_STEP][PASSED] - Statement - counter = counter + 1: null

2018-12-04 09:57:01 - [TEST_STEP][PASSED] - Statement - PreSaveFile = new java.io.File(((pathPrefix + java.lang.Integer.toString(counter)) + .png)): null

2018-12-04 09:57:01 - [TEST_STEP][PASSED] - Statement - counter = counter + 1: null

2018-12-04 09:57:01 - [TEST_STEP][PASSED] - Statement - PreSaveFile = new java.io.File(((pathPrefix + java.lang.Integer.toString(counter)) + .png)): null

2018-12-04 09:57:01 - [TEST_STEP][PASSED] - Statement - counter = counter + 1: null

2018-12-04 09:57:01 - [TEST_STEP][PASSED] - Statement - PreSaveFile = new java.io.File(((pathPrefix + java.lang.Integer.toString(counter)) + .png)): null

2018-12-04 09:57:01 - [TEST_STEP][PASSED] - Statement - counter = counter + 1: null

2018-12-04 09:57:01 - [TEST_STEP][PASSED] - Statement - PreSaveFile = new java.io.File(((pathPrefix + java.lang.Integer.toString(counter)) + .png)): null

2018-12-04 09:57:02 - [TEST_STEP][PASSED] - Statement - counter = counter + 1: null

2018-12-04 09:57:02 - [TEST_STEP][PASSED] - Statement - PreSaveFile = new java.io.File(((pathPrefix + java.lang.Integer.toString(counter)) + .png)): null

2018-12-04 09:57:02 - [TEST_STEP][PASSED] - Statement - counter = counter + 1: null

2018-12-04 09:57:02 - [TEST_STEP][PASSED] - Statement - PreSaveFile = new java.io.File(((pathPrefix + java.lang.Integer.toString(counter)) + .png)): null

2018-12-04 09:57:02 - [TEST_STEP][PASSED] - Statement - counter = counter + 1: null

2018-12-04 09:57:02 - [TEST_STEP][PASSED] - Statement - PreSaveFile = new java.io.File(((pathPrefix + java.lang.Integer.toString(counter)) + .png)): null

2018-12-04 09:57:02 - [TEST_STEP][PASSED] - Statement - counter = counter + 1: null

2018-12-04 09:57:02 - [TEST_STEP][PASSED] - Statement - PreSaveFile = new java.io.File(((pathPrefix + java.lang.Integer.toString(counter)) + .png)): null

2018-12-04 09:57:02 - [TEST_STEP][PASSED] - Statement - counter = counter + 1: null

2018-12-04 09:57:02 - [TEST_STEP][PASSED] - Statement - PreSaveFile = new java.io.File(((pathPrefix + java.lang.Integer.toString(counter)) + .png)): null

2018-12-04 09:57:04 - [TEST_STEP][PASSED] - Statement - counter = counter + 1: null

2018-12-04 09:57:04 - [TEST_STEP][PASSED] - Statement - PreSaveFile = new java.io.File(((pathPrefix + java.lang.Integer.toString(counter)) + .png)): null

2018-12-04 09:57:04 - [TEST_STEP][PASSED] - Statement - counter = counter + 1: null

2018-12-04 09:57:04 - [TEST_STEP][PASSED] - Statement - PreSaveFile = new java.io.File(((pathPrefix + java.lang.Integer.toString(counter)) + .png)): null

2018-12-04 09:57:04 - [TEST_STEP][PASSED] - Statement - counter = counter + 1: null

2018-12-04 09:57:04 - [TEST_STEP][PASSED] - Statement - PreSaveFile = new java.io.File(((pathPrefix + java.lang.Integer.toString(counter)) + .png)): null

2018-12-04 09:57:04 - [TEST_STEP][PASSED] - Statement - counter = counter + 1: null

2018-12-04 09:57:04 - [TEST_STEP][PASSED] - Statement - PreSaveFile = new java.io.File(((pathPrefix + java.lang.Integer.toString(counter)) + .png)): null

2018-12-04 09:57:04 - [TEST_STEP][PASSED] - Statement - counter = counter + 1: null

2018-12-04 09:57:04 - [TEST_STEP][PASSED] - Statement - PreSaveFile = new java.io.File(((pathPrefix + java.lang.Integer.toString(counter)) + .png)): null

2018-12-04 09:57:05 - [TEST_STEP][PASSED] - Statement - counter = counter + 1: null

2018-12-04 09:57:05 - [TEST_STEP][PASSED] - Statement - PreSaveFile = new java.io.File(((pathPrefix + java.lang.Integer.toString(counter)) + .png)): null

2018-12-04 09:57:05 - [TEST_STEP][PASSED] - Statement - counter = counter + 1: null

2018-12-04 09:57:05 - [TEST_STEP][PASSED] - Statement - PreSaveFile = new java.io.File(((pathPrefix + java.lang.Integer.toString(counter)) + .png)): null

2018-12-04 09:57:05 - [TEST_STEP][PASSED] - Statement - counter = counter + 1: null

2018-12-04 09:57:05 - [TEST_STEP][PASSED] - Statement - PreSaveFile = new java.io.File(((pathPrefix + java.lang.Integer.toString(counter)) + .png)): null

2018-12-04 09:57:05 - [TEST_STEP][PASSED] - Statement - counter = counter + 1: null

2018-12-04 09:57:05 - [TEST_STEP][PASSED] - Statement - PreSaveFile = new java.io.File(((pathPrefix + java.lang.Integer.toString(counter)) + .png)): null

2018-12-04 09:57:05 - [TEST_STEP][PASSED] - Statement - counter = counter + 1: null

2018-12-04 09:57:07 - [TEST_STEP][PASSED] - Statement - PreSaveFile = new java.io.File(((pathPrefix + java.lang.Integer.toString(counter)) + .png)): null

2018-12-04 09:57:07 - [TEST_STEP][PASSED] - Statement - counter = counter + 1: null

2018-12-04 09:57:07 - [TEST_STEP][PASSED] - Statement - PreSaveFile = new java.io.File(((pathPrefix + java.lang.Integer.toString(counter)) + .png)): null

2018-12-04 09:57:07 - [TEST_STEP][PASSED] - Statement - counter = counter + 1: null

2018-12-04 09:57:07 - [TEST_STEP][PASSED] - Statement - PreSaveFile = new java.io.File(((pathPrefix + java.lang.Integer.toString(counter)) + .png)): null

2018-12-04 09:57:07 - [TEST_STEP][PASSED] - Statement - counter = counter + 1: null

2018-12-04 09:57:07 - [TEST_STEP][PASSED] - Statement - PreSaveFile = new java.io.File(((pathPrefix + java.lang.Integer.toString(counter)) + .png)): null

2018-12-04 09:57:07 - [TEST_STEP][PASSED] - Statement - counter = counter + 1: null

2018-12-04 09:57:07 - [TEST_STEP][PASSED] - Statement - PreSaveFile = new java.io.File(((pathPrefix + java.lang.Integer.toString(counter)) + .png)): null

2018-12-04 09:57:07 - [TEST_STEP][PASSED] - Statement - counter = counter + 1: null

2018-12-04 09:57:08 - [TEST_STEP][PASSED] - Statement - PreSaveFile = new java.io.File(((pathPrefix + java.lang.Integer.toString(counter)) + .png)): null

2018-12-04 09:57:08 - [TEST_STEP][PASSED] - Statement - counter = counter + 1: null

2018-12-04 09:57:08 - [TEST_STEP][PASSED] - Statement - PreSaveFile = new java.io.File(((pathPrefix + java.lang.Integer.toString(counter)) + .png)): null

2018-12-04 09:57:08 - [TEST_STEP][PASSED] - Statement - counter = counter + 1: null

2018-12-04 09:57:08 - [TEST_STEP][PASSED] - Statement - PreSaveFile = new java.io.File(((pathPrefix + java.lang.Integer.toString(counter)) + .png)): null

2018-12-04 09:57:08 - [TEST_STEP][PASSED] - Statement - counter = counter + 1: null

2018-12-04 09:57:08 - [TEST_STEP][PASSED] - Statement - PreSaveFile = new java.io.File(((pathPrefix + java.lang.Integer.toString(counter)) + .png)): null

2018-12-04 09:57:08 - [TEST_STEP][PASSED] - Statement - counter = counter + 1: null

2018-12-04 09:57:08 - [TEST_STEP][PASSED] - Statement - PreSaveFile = new java.io.File(((pathPrefix + java.lang.Integer.toString(counter)) + .png)): null

2018-12-04 09:57:10 - [TEST_STEP][PASSED] - Statement - counter = counter + 1: null

2018-12-04 09:57:10 - [TEST_STEP][PASSED] - Statement - PreSaveFile = new java.io.File(((pathPrefix + java.lang.Integer.toString(counter)) + .png)): null

2018-12-04 09:57:10 - [TEST_STEP][PASSED] - Statement - counter = counter + 1: null

2018-12-04 09:57:10 - [TEST_STEP][PASSED] - Statement - PreSaveFile = new java.io.File(((pathPrefix + java.lang.Integer.toString(counter)) + .png)): null

2018-12-04 09:57:10 - [TEST_STEP][PASSED] - Statement - counter = counter + 1: null

2018-12-04 09:57:10 - [TEST_STEP][PASSED] - Statement - PreSaveFile = new java.io.File(((pathPrefix + java.lang.Integer.toString(counter)) + .png)): null

2018-12-04 09:57:10 - [TEST_STEP][PASSED] - Statement - counter = counter + 1: null

2018-12-04 09:57:10 - [TEST_STEP][PASSED] - Statement - PreSaveFile = new java.io.File(((pathPrefix + java.lang.Integer.toString(counter)) + .png)): null

2018-12-04 09:57:10 - [TEST_STEP][PASSED] - Statement - counter = counter + 1: null

2018-12-04 09:57:10 - [TEST_STEP][PASSED] - Statement - PreSaveFile = new java.io.File(((pathPrefix + java.lang.Integer.toString(counter)) + .png)): null

2018-12-04 09:57:12 - [TEST_STEP][PASSED] - Statement - counter = counter + 1: null

2018-12-04 09:57:12 - [TEST_STEP][PASSED] - Statement - PreSaveFile = new java.io.File(((pathPrefix + java.lang.Integer.toString(counter)) + .png)): null

2018-12-04 09:57:12 - [TEST_STEP][PASSED] - Statement - counter = counter + 1: null

2018-12-04 09:57:12 - [TEST_STEP][PASSED] - Statement - PreSaveFile = new java.io.File(((pathPrefix + java.lang.Integer.toString(counter)) + .png)): null

2018-12-04 09:57:12 - [TEST_STEP][PASSED] - Statement - counter = counter + 1: null

2018-12-04 09:57:12 - [TEST_STEP][PASSED] - Statement - PreSaveFile = new java.io.File(((pathPrefix + java.lang.Integer.toString(counter)) + .png)): null

2018-12-04 09:57:12 - [TEST_STEP][PASSED] - Statement - counter = counter + 1: null

2018-12-04 09:57:12 - [TEST_STEP][PASSED] - Statement - PreSaveFile = new java.io.File(((pathPrefix + java.lang.Integer.toString(counter)) + .png)): null

2018-12-04 09:57:12 - [TEST_STEP][PASSED] - Statement - counter = counter + 1: null

2018-12-04 09:57:12 - [TEST_STEP][PASSED] - Statement - PreSaveFile = new java.io.File(((pathPrefix + java.lang.Integer.toString(counter)) + .png)): null

2018-12-04 09:57:14 - [TEST_STEP][PASSED] - Statement - counter = counter + 1: null

2018-12-04 09:57:14 - [TEST_STEP][PASSED] - Statement - PreSaveFile = new java.io.File(((pathPrefix + java.lang.Integer.toString(counter)) + .png)): null

2018-12-04 09:57:14 - [TEST_STEP][PASSED] - Statement - counter = counter + 1: null

2018-12-04 09:57:14 - [TEST_STEP][PASSED] - Statement - PreSaveFile = new java.io.File(((pathPrefix + java.lang.Integer.toString(counter)) + .png)): null

2018-12-04 09:57:14 - [TEST_STEP][PASSED] - Statement - counter = counter + 1: null

2018-12-04 09:57:14 - [TEST_STEP][PASSED] - Statement - PreSaveFile = new java.io.File(((pathPrefix + java.lang.Integer.toString(counter)) + .png)): null

2018-12-04 09:57:14 - [TEST_STEP][PASSED] - Statement - counter = counter + 1: null

2018-12-04 09:57:14 - [TEST_STEP][PASSED] - Statement - PreSaveFile = new java.io.File(((pathPrefix + java.lang.Integer.toString(counter)) + .png)): null

2018-12-04 09:57:14 - [TEST_STEP][PASSED] - Statement - counter = counter + 1: null

2018-12-04 09:57:16 - [TEST_STEP][PASSED] - Statement - PreSaveFile = new java.io.File(((pathPrefix + java.lang.Integer.toString(counter)) + .png)): null

2018-12-04 09:57:16 - [TEST_STEP][PASSED] - Statement - counter = counter + 1: null

2018-12-04 09:57:16 - [TEST_STEP][PASSED] - Statement - PreSaveFile = new java.io.File(((pathPrefix + java.lang.Integer.toString(counter)) + .png)): null

2018-12-04 09:57:16 - [TEST_STEP][PASSED] - Statement - counter = counter + 1: null

2018-12-04 09:57:16 - [TEST_STEP][PASSED] - Statement - PreSaveFile = new java.io.File(((pathPrefix + java.lang.Integer.toString(counter)) + .png)): null

2018-12-04 09:57:16 - [TEST_STEP][PASSED] - Statement - counter = counter + 1: null

2018-12-04 09:57:16 - [TEST_STEP][PASSED] - Statement - PreSaveFile = new java.io.File(((pathPrefix + java.lang.Integer.toString(counter)) + .png)): null

2018-12-04 09:57:16 - [TEST_STEP][PASSED] - Statement - counter = counter + 1: null

2018-12-04 09:57:16 - [TEST_STEP][PASSED] - Statement - PreSaveFile = new java.io.File(((pathPrefix + java.lang.Integer.toString(counter)) + .png)): null

2018-12-04 09:57:16 - [TEST_STEP][PASSED] - Statement - counter = counter + 1: null

2018-12-04 09:57:18 - [TEST_STEP][PASSED] - Statement - PreSaveFile = new java.io.File(((pathPrefix + java.lang.Integer.toString(counter)) + .png)): null

2018-12-04 09:57:18 - [TEST_STEP][PASSED] - Statement - counter = counter + 1: null

2018-12-04 09:57:18 - [TEST_STEP][PASSED] - Statement - PreSaveFile = new java.io.File(((pathPrefix + java.lang.Integer.toString(counter)) + .png)): null

2018-12-04 09:57:18 - [TEST_STEP][PASSED] - Statement - counter = counter + 1: null

2018-12-04 09:57:18 - [TEST_STEP][PASSED] - Statement - PreSaveFile = new java.io.File(((pathPrefix + java.lang.Integer.toString(counter)) + .png)): null

2018-12-04 09:57:18 - [TEST_STEP][PASSED] - Statement - counter = counter + 1: null

2018-12-04 09:57:18 - [TEST_STEP][PASSED] - Statement - PreSaveFile = new java.io.File(((pathPrefix + java.lang.Integer.toString(counter)) + .png)): null

2018-12-04 09:57:18 - [TEST_STEP][PASSED] - Statement - counter = counter + 1: null

2018-12-04 09:57:18 - [TEST_STEP][PASSED] - Statement - PreSaveFile = new java.io.File(((pathPrefix + java.lang.Integer.toString(counter)) + .png)): null

2018-12-04 09:57:19 - [TEST_STEP][PASSED] - Statement - finalPath = pathPrefix + java.lang.Integer.toString(counter) + ".png": null

2018-12-04 09:57:19 - [TEST_STEP][PASSED] - Statement - SaveFile = new java.io.File(finalPath): null

2018-12-04 09:57:19 - [TEST_STEP][PASSED] - Statement - Try: null

2018-12-04 09:57:19 - [TEST_STEP][PASSED] - Statement - org.apache.commons.io.FileUtils.copyFile(scrFile, SaveFile): null

2018-12-04 09:57:19 - [TEST_STEP][PASSED] - Statement - out.println("file kept"): null

2018-12-04 09:57:19 - [TEST_STEP][PASSED] - delay: Delayed 10 second(s)

2018-12-04 09:57:29 - [MESSAGE][PASSED] - Delayed 10 second(s)

2018-12-04 09:57:29 - [MESSAGE][PASSED] - Call Test Case 'Test Cases/Final Aug 2018 - PKS Automation/Registration Module/New Registration/Submit and Screenshot/Submit Registration and Screenshot' successfully]]></system-out>
         <system-err><![CDATA[]]></system-err>
      </testcase>
      <testcase name="Test Cases/Final Aug 2018 - PKS Automation/Registration Module/Workflow/New Registration/Case OTC to RO - RO Submit" classname="Test Cases/Final Aug 2018 - PKS Automation/Registration Module/Workflow/New Registration/Case OTC to RO - RO Submit" status="PASSED">
         <system-out><![CDATA[2018-12-04 09:57:29 - [TEST_CASE][PASSED] - Test Cases/Final Aug 2018 - PKS Automation/Registration Module/Workflow/New Registration/Case OTC to RO - RO Submit: Test Cases/Final Aug 2018 - PKS Automation/Registration Module/Workflow/New Registration/Case OTC to RO - RO Submit

2018-12-04 09:57:30 - [TEST_STEP][PASSED] - callTestCase: Call Test Case 'Test Cases/Final Aug 2018 - PKS Automation/Registration Module/Workflow/New Registration/Template/Special Case - OTC - Form 1' successfully

2018-12-04 09:57:30 - [TEST_CASE][PASSED] - Test Cases/Final Aug 2018 - PKS Automation/Registration Module/Workflow/New Registration/Template/Special Case - OTC - Form 1: Test Cases/Final Aug 2018 - PKS Automation/Registration Module/Workflow/New Registration/Template/Special Case - OTC - Form 1

2018-12-04 09:57:30 - [TEST_STEP][PASSED] - openBrowser: Browser is opened with url: ''

2018-12-04 09:57:30 - [MESSAGE][WARNING] - A browser is already opened. Closing browser and opening a new one

2018-12-04 09:57:33 - [MESSAGE][PASSED] - Browser is opened with url: ''

2018-12-04 09:57:33 - [TEST_STEP][PASSED] - navigateToUrl: Navigate to 'https://assist2-uat.perkeso.gov.my/login' successfully

2018-12-04 09:57:34 - [MESSAGE][PASSED] - Navigate to 'https://assist2-uat.perkeso.gov.my/login' successfully

2018-12-04 09:57:34 - [TEST_STEP][PASSED] - delay: Delayed 2 second(s)

2018-12-04 09:57:36 - [MESSAGE][PASSED] - Delayed 2 second(s)

2018-12-04 09:57:36 - [TEST_STEP][PASSED] - setText: Text 'klotc2@gmail.com' is set on object 'Object Repository/Final Object Repo/Login Page/Internal User/Email Address'

2018-12-04 09:57:36 - [MESSAGE][PASSED] - Text 'klotc2@gmail.com' is set on object 'Object Repository/Final Object Repo/Login Page/Internal User/Email Address'

2018-12-04 09:57:36 - [TEST_STEP][PASSED] - click: Object: 'Object Repository/Final Object Repo/Login Page/Internal User/Next Button' is clicked on

2018-12-04 09:57:37 - [MESSAGE][PASSED] - Object: 'Object Repository/Final Object Repo/Login Page/Internal User/Next Button' is clicked on

2018-12-04 09:57:37 - [TEST_STEP][PASSED] - delay: Delayed 2 second(s)

2018-12-04 09:57:39 - [MESSAGE][PASSED] - Delayed 2 second(s)

2018-12-04 09:57:39 - [TEST_STEP][PASSED] - setText: Text 'Test1@3456789' is set on object 'Object Repository/Final Object Repo/Login Page/Internal User/Password'

2018-12-04 09:57:39 - [MESSAGE][PASSED] - Text 'Test1@3456789' is set on object 'Object Repository/Final Object Repo/Login Page/Internal User/Password'

2018-12-04 09:57:39 - [TEST_STEP][PASSED] - delay: Delayed 2 second(s)

2018-12-04 09:57:41 - [MESSAGE][PASSED] - Delayed 2 second(s)

2018-12-04 09:57:41 - [TEST_STEP][PASSED] - click: Object: 'Object Repository/Final Object Repo/Login Page/Internal User/Login Button' is clicked on

2018-12-04 09:57:41 - [MESSAGE][PASSED] - Object: 'Object Repository/Final Object Repo/Login Page/Internal User/Login Button' is clicked on

2018-12-04 09:57:41 - [TEST_STEP][PASSED] - Statement - Try: null

2018-12-04 09:57:41 - [TEST_STEP][PASSED] - Statement - Checker = com.kms.katalon.core.webui.keyword.WebUiBuiltInKeywords.verifyElementNotPresent("Final Object Repo/Landing Page/Select to English", 3): null

2018-12-04 09:57:41 - [TEST_STEP][PASSED] - Statement - Catch (Exception e): null

2018-12-04 09:57:41 - [TEST_STEP][PASSED] - Statement - e.printStackTrace(): null

2018-12-04 09:57:41 - [TEST_STEP][PASSED] - delay: Delayed 5 second(s)

2018-12-04 09:57:46 - [MESSAGE][PASSED] - Delayed 5 second(s)

2018-12-04 09:57:46 - [TEST_STEP][PASSED] - click: Object: 'Object Repository/Final Object Repo/Landing Page/My Sites Drop Down' is clicked on

2018-12-04 09:57:46 - [MESSAGE][PASSED] - Object: 'Object Repository/Final Object Repo/Landing Page/My Sites Drop Down' is clicked on

2018-12-04 09:57:46 - [TEST_STEP][PASSED] - click: Object: 'Object Repository/Final Object Repo/Landing Page/Select to Registration Module' is clicked on

2018-12-04 09:57:47 - [MESSAGE][PASSED] - Object: 'Object Repository/Final Object Repo/Landing Page/Select to Registration Module' is clicked on

2018-12-04 09:57:47 - [TEST_STEP][PASSED] - click: Object: 'Object Repository/Final Object Repo/Landing Page/Registration Button' is clicked on

2018-12-04 09:57:49 - [MESSAGE][PASSED] - Object: 'Object Repository/Final Object Repo/Landing Page/Registration Button' is clicked on

2018-12-04 09:57:49 - [TEST_STEP][PASSED] - delay: Delayed 2 second(s)

2018-12-04 09:57:51 - [MESSAGE][PASSED] - Delayed 2 second(s)

2018-12-04 09:57:51 - [TEST_STEP][PASSED] - click: Object: 'Object Repository/Final Object Repo/New Registration - Registration Module Pages/New Reg - OTC to RO/Special Case - OTC - Form 1/AEC NO' is clicked on

2018-12-04 09:57:51 - [MESSAGE][PASSED] - Object: 'Object Repository/Final Object Repo/New Registration - Registration Module Pages/New Reg - OTC to RO/Special Case - OTC - Form 1/AEC NO' is clicked on

2018-12-04 09:57:51 - [TEST_STEP][PASSED] - click: Object: 'Object Repository/Final Object Repo/New Registration - Registration Module Pages/New Reg - OTC to RO/Special Case - OTC - Form 1/Business Entity - Please Select' is clicked on

2018-12-04 09:57:51 - [MESSAGE][PASSED] - Object: 'Object Repository/Final Object Repo/New Registration - Registration Module Pages/New Reg - OTC to RO/Special Case - OTC - Form 1/Business Entity - Please Select' is clicked on

2018-12-04 09:57:51 - [TEST_STEP][PASSED] - click: Object: 'Object Repository/Final Object Repo/New Registration - Registration Module Pages/New Reg - OTC to RO/Special Case - OTC - Form 1/Selected - Corporation' is clicked on

2018-12-04 09:57:51 - [MESSAGE][PASSED] - Object: 'Object Repository/Final Object Repo/New Registration - Registration Module Pages/New Reg - OTC to RO/Special Case - OTC - Form 1/Selected - Corporation' is clicked on

2018-12-04 09:57:51 - [TEST_STEP][PASSED] - delay: Delayed 2 second(s)

2018-12-04 09:57:53 - [MESSAGE][PASSED] - Delayed 2 second(s)

2018-12-04 09:57:53 - [TEST_STEP][PASSED] - click: Object: 'Object Repository/Final Object Repo/New Registration - Registration Module Pages/New Reg - OTC to RO/Special Case - OTC - Form 1/Sub Business Entity - Please Select' is clicked on

2018-12-04 09:57:53 - [MESSAGE][PASSED] - Object: 'Object Repository/Final Object Repo/New Registration - Registration Module Pages/New Reg - OTC to RO/Special Case - OTC - Form 1/Sub Business Entity - Please Select' is clicked on

2018-12-04 09:57:53 - [TEST_STEP][PASSED] - delay: Delayed 2 second(s)

2018-12-04 09:57:55 - [MESSAGE][PASSED] - Delayed 2 second(s)

2018-12-04 09:57:55 - [TEST_STEP][PASSED] - click: Object: 'Object Repository/Final Object Repo/New Registration - Registration Module Pages/New Reg - OTC to RO/Special Case - OTC - Form 1/Selected - Sendirian Berhad' is clicked on

2018-12-04 09:57:56 - [MESSAGE][PASSED] - Object: 'Object Repository/Final Object Repo/New Registration - Registration Module Pages/New Reg - OTC to RO/Special Case - OTC - Form 1/Selected - Sendirian Berhad' is clicked on

2018-12-04 09:57:56 - [TEST_STEP][PASSED] - setText: Text 'AUTOMATE001' is set on object 'Object Repository/Final Object Repo/New Registration - Registration Module Pages/New Reg - OTC to RO/Special Case - OTC - Form 1/Input BRN Number'

2018-12-04 09:57:56 - [MESSAGE][PASSED] - Text 'AUTOMATE001' is set on object 'Object Repository/Final Object Repo/New Registration - Registration Module Pages/New Reg - OTC to RO/Special Case - OTC - Form 1/Input BRN Number'

2018-12-04 09:57:56 - [TEST_STEP][PASSED] - delay: Delayed 2 second(s)

2018-12-04 09:57:58 - [MESSAGE][PASSED] - Delayed 2 second(s)

2018-12-04 09:57:58 - [TEST_STEP][PASSED] - click: Object: 'Object Repository/Final Object Repo/New Registration - Registration Module Pages/New Reg - OTC to RO/Special Case - OTC - Form 1/BRN Search' is clicked on

2018-12-04 09:57:58 - [MESSAGE][PASSED] - Object: 'Object Repository/Final Object Repo/New Registration - Registration Module Pages/New Reg - OTC to RO/Special Case - OTC - Form 1/BRN Search' is clicked on

2018-12-04 09:57:58 - [TEST_STEP][PASSED] - delay: Delayed 4 second(s)

2018-12-04 09:58:02 - [MESSAGE][PASSED] - Delayed 4 second(s)

2018-12-04 09:58:02 - [TEST_STEP][PASSED] - click: Object: 'Object Repository/Final Object Repo/New Registration - Registration Module Pages/New Reg - OTC to RO/Special Case - OTC - Form 1/Registered with SSM - After Feb 2017' is clicked on

2018-12-04 09:58:03 - [MESSAGE][PASSED] - Object: 'Object Repository/Final Object Repo/New Registration - Registration Module Pages/New Reg - OTC to RO/Special Case - OTC - Form 1/Registered with SSM - After Feb 2017' is clicked on

2018-12-04 09:58:03 - [TEST_STEP][PASSED] - delay: Delayed 2 second(s)

2018-12-04 09:58:05 - [MESSAGE][PASSED] - Delayed 2 second(s)

2018-12-04 09:58:05 - [TEST_STEP][PASSED] - click: Object: 'Object Repository/Final Object Repo/New Registration - Registration Module Pages/New Reg - OTC to RO/Special Case - OTC - Form 1/Registering As A Branch - No' is clicked on

2018-12-04 09:58:05 - [MESSAGE][PASSED] - Object: 'Object Repository/Final Object Repo/New Registration - Registration Module Pages/New Reg - OTC to RO/Special Case - OTC - Form 1/Registering As A Branch - No' is clicked on

2018-12-04 09:58:05 - [TEST_STEP][PASSED] - click: Object: 'Object Repository/Final Object Repo/New Registration - Registration Module Pages/New Reg - OTC to RO/Special Case - OTC - Form 1/Acknowledgement Ticked' is clicked on

2018-12-04 09:58:05 - [MESSAGE][PASSED] - Object: 'Object Repository/Final Object Repo/New Registration - Registration Module Pages/New Reg - OTC to RO/Special Case - OTC - Form 1/Acknowledgement Ticked' is clicked on

2018-12-04 09:58:05 - [TEST_STEP][PASSED] - click: Object: 'Object Repository/Final Object Repo/New Registration - Registration Module Pages/New Reg - OTC to RO/Special Case - OTC - Form 1/Submit Button' is clicked on

2018-12-04 09:58:05 - [MESSAGE][PASSED] - Object: 'Object Repository/Final Object Repo/New Registration - Registration Module Pages/New Reg - OTC to RO/Special Case - OTC - Form 1/Submit Button' is clicked on

2018-12-04 09:58:05 - [TEST_STEP][PASSED] - delay: Delayed 2 second(s)

2018-12-04 09:58:07 - [MESSAGE][PASSED] - Delayed 2 second(s)

2018-12-04 09:58:07 - [TEST_STEP][PASSED] - click: Object: 'Object Repository/Final Object Repo/New Registration - Registration Module Pages/New Reg - OTC to RO/Special Case - OTC - Form 1/Confirm No Flagging as Branch' is clicked on

2018-12-04 09:58:07 - [MESSAGE][PASSED] - Object: 'Object Repository/Final Object Repo/New Registration - Registration Module Pages/New Reg - OTC to RO/Special Case - OTC - Form 1/Confirm No Flagging as Branch' is clicked on

2018-12-04 09:58:07 - [MESSAGE][PASSED] - Call Test Case 'Test Cases/Final Aug 2018 - PKS Automation/Registration Module/Workflow/New Registration/Template/Special Case - OTC - Form 1' successfully

2018-12-04 09:58:07 - [TEST_STEP][PASSED] - callTestCase: Call Test Case 'Test Cases/Final Aug 2018 - PKS Automation/Registration Module/New Registration/Form 2/Add 1 Eligible' successfully

2018-12-04 09:58:07 - [TEST_CASE][PASSED] - Test Cases/Final Aug 2018 - PKS Automation/Registration Module/New Registration/Form 2/Add 1 Eligible: Test Cases/Final Aug 2018 - PKS Automation/Registration Module/New Registration/Form 2/Add 1 Eligible

2018-12-04 09:58:07 - [TEST_STEP][PASSED] - delay: Delayed 2 second(s)

2018-12-04 09:58:09 - [MESSAGE][PASSED] - Delayed 2 second(s)

2018-12-04 09:58:09 - [TEST_STEP][PASSED] - callTestCase: Call Test Case 'Test Cases/Final Aug 2018 - PKS Automation/Registration Module/New Registration/Form 2/Date Updater' successfully

2018-12-04 09:58:09 - [TEST_CASE][PASSED] - Test Cases/Final Aug 2018 - PKS Automation/Registration Module/New Registration/Form 2/Date Updater: Test Cases/Final Aug 2018 - PKS Automation/Registration Module/New Registration/Form 2/Date Updater

2018-12-04 09:58:09 - [TEST_STEP][PASSED] - Statement - TodayDate = new java.util.Date(): null

2018-12-04 09:58:09 - [TEST_STEP][PASSED] - Statement - CurrentDateNoFilter = new java.text.SimpleDateFormat(): null

2018-12-04 09:58:09 - [TEST_STEP][PASSED] - Statement - CurrentDateNoFilter.applyPattern("MM"): null

2018-12-04 09:58:09 - [TEST_STEP][PASSED] - Statement - monthContainerMatcher = java.lang.Integer.parseInt(CurrentDateNoFilter.format(TodayDate)): null

2018-12-04 09:58:09 - [TEST_STEP][PASSED] - Statement - monthContainerMatcher = monthContainerMatcher - 1: null

2018-12-04 09:58:09 - [TEST_STEP][PASSED] - Statement - CurrentMonth = monthContainerMatcher.toString(): null

2018-12-04 09:58:09 - [TEST_STEP][PASSED] - Statement - CurrentMonth = CurrentMonth: null

2018-12-04 09:58:09 - [TEST_STEP][PASSED] - Statement - CurrentDateNoFilter.applyPattern("yyyy"): null

2018-12-04 09:58:09 - [TEST_STEP][PASSED] - Statement - CurrentYear = CurrentDateNoFilter.format(TodayDate): null

2018-12-04 09:58:09 - [TEST_STEP][PASSED] - Statement - CurrentYear = CurrentYear: null

2018-12-04 09:58:09 - [TEST_STEP][PASSED] - Statement - intCurrentYear = java.lang.Integer.parseInt(CurrentDateNoFilter.format(TodayDate)): null

2018-12-04 09:58:09 - [TEST_STEP][PASSED] - Statement - eighteenYrsAgo = intCurrentYear - 18: null

2018-12-04 09:58:09 - [TEST_STEP][PASSED] - Statement - eighteenYrsBeforeThisYr = eighteenYrsAgo.toString(): null

2018-12-04 09:58:09 - [TEST_STEP][PASSED] - Statement - EighteenYrsBefore = eighteenYrsBeforeThisYr: null

2018-12-04 09:58:09 - [TEST_STEP][PASSED] - Statement - fiftysevenYrsAgo = intCurrentYear - 57: null

2018-12-04 09:58:09 - [TEST_STEP][PASSED] - Statement - fiftysevenYrsBeforeThisYr = fiftysevenYrsAgo.toString(): null

2018-12-04 09:58:09 - [TEST_STEP][PASSED] - Statement - FiftysevenYrsBefore = fiftysevenYrsBeforeThisYr: null

2018-12-04 09:58:09 - [TEST_STEP][PASSED] - Statement - leapYear = false: null

2018-12-04 09:58:09 - [TEST_STEP][PASSED] - Statement - leapYear = intCurrentYear % 4 == 0: null

2018-12-04 09:58:09 - [TEST_STEP][PASSED] - Statement - CurrentDateNoFilter.applyPattern("dd"): null

2018-12-04 09:58:09 - [TEST_STEP][PASSED] - Statement - CurrentDate = CurrentDateNoFilter.format(TodayDate): null

2018-12-04 09:58:09 - [TEST_STEP][PASSED] - Statement - CurrentDate = java.lang.Integer.parseInt(CurrentDate): null

2018-12-04 09:58:09 - [TEST_STEP][PASSED] - Statement - CurrentDate = CurrentDate: null

2018-12-04 09:58:09 - [TEST_STEP][PASSED] - Statement - CurrentDay = java.lang.Integer.parseInt(CurrentDate): null

2018-12-04 09:58:09 - [TEST_STEP][PASSED] - Statement - ConfAdder = <not implemented yet for class: org.codehaus.groovy.ast.expr.EmptyExpression>: null

2018-12-04 09:58:09 - [TEST_STEP][PASSED] - Statement - switch (CurrentDate): null

2018-12-04 09:58:09 - [TEST_STEP][PASSED] - Statement - Default: null

2018-12-04 09:58:09 - [TEST_STEP][PASSED] - Statement - ConfAdder = false: null

2018-12-04 09:58:09 - [TEST_STEP][PASSED] - Statement - Break: null

2018-12-04 09:58:09 - [TEST_STEP][PASSED] - Statement - aDayBefore = <not implemented yet for class: org.codehaus.groovy.ast.expr.EmptyExpression>: null

2018-12-04 09:58:09 - [TEST_STEP][PASSED] - Statement - If (ConfAdder == true): null

2018-12-04 09:58:09 - [TEST_STEP][PASSED] - Statement - Else: null

2018-12-04 09:58:09 - [TEST_STEP][PASSED] - Statement - aDayBefore = 1: null

2018-12-04 09:58:09 - [TEST_STEP][PASSED] - Statement - If (aDayBefore == 1 && CurrentMonth == 11): null

2018-12-04 09:58:09 - [TEST_STEP][PASSED] - Statement - DayBefore = aDayBefore.toString(): null

2018-12-04 09:58:09 - [TEST_STEP][PASSED] - Statement - OneDayBefore = DayBefore: null

2018-12-04 09:58:10 - [MESSAGE][PASSED] - Call Test Case 'Test Cases/Final Aug 2018 - PKS Automation/Registration Module/New Registration/Form 2/Date Updater' successfully

2018-12-04 09:58:10 - [TEST_STEP][PASSED] - delay: Delayed 1 second(s)

2018-12-04 09:58:11 - [MESSAGE][PASSED] - Delayed 1 second(s)

2018-12-04 09:58:11 - [TEST_STEP][PASSED] - Statement - CaseReferenceNo = com.kms.katalon.core.webui.keyword.WebUiBuiltInKeywords.getText(com.kms.katalon.core.testobject.ObjectRepository.findTestObject(Final Object Repo/New Registration - Registration Module Pages/Form 2/RefNo Acquiring)): Text of object 'Object Repository/Final Object Repo/New Registration - Registration Module Pages/Form 2/RefNo Acquiring' is: 'CRN12201800122965'

2018-12-04 09:58:11 - [MESSAGE][PASSED] - Text of object 'Object Repository/Final Object Repo/New Registration - Registration Module Pages/Form 2/RefNo Acquiring' is: 'CRN12201800122965'

2018-12-04 09:58:11 - [TEST_STEP][PASSED] - delay: Delayed 1 second(s)

2018-12-04 09:58:12 - [MESSAGE][PASSED] - Delayed 1 second(s)

2018-12-04 09:58:12 - [TEST_STEP][PASSED] - click: Object: 'Object Repository/Final Object Repo/New Registration - Registration Module Pages/Form 2/Add Employee Button' is clicked on

2018-12-04 09:58:12 - [MESSAGE][PASSED] - Object: 'Object Repository/Final Object Repo/New Registration - Registration Module Pages/Form 2/Add Employee Button' is clicked on

2018-12-04 09:58:12 - [TEST_STEP][PASSED] - delay: Delayed 1 second(s)

2018-12-04 09:58:13 - [MESSAGE][PASSED] - Delayed 1 second(s)

2018-12-04 09:58:13 - [TEST_STEP][PASSED] - setText: Text '010903091963' is set on object 'Object Repository/Final Object Repo/New Registration - Registration Module Pages/Form 2/NRIC Input'

2018-12-04 09:58:14 - [MESSAGE][PASSED] - Text '010903091963' is set on object 'Object Repository/Final Object Repo/New Registration - Registration Module Pages/Form 2/NRIC Input'

2018-12-04 09:58:14 - [TEST_STEP][PASSED] - click: Object: 'Object Repository/Final Object Repo/New Registration - Registration Module Pages/Form 2/button for search for IC' is clicked on

2018-12-04 09:58:14 - [MESSAGE][PASSED] - Object: 'Object Repository/Final Object Repo/New Registration - Registration Module Pages/Form 2/button for search for IC' is clicked on

2018-12-04 09:58:14 - [TEST_STEP][PASSED] - delay: Delayed 2 second(s)

2018-12-04 09:58:16 - [MESSAGE][PASSED] - Delayed 2 second(s)

2018-12-04 09:58:16 - [TEST_STEP][PASSED] - setText: Text 'Automate001 eligible 1' is set on object 'Object Repository/Final Object Repo/New Registration - Registration Module Pages/Form 2/Employee Name Input'

2018-12-04 09:58:16 - [MESSAGE][PASSED] - Text 'Automate001 eligible 1' is set on object 'Object Repository/Final Object Repo/New Registration - Registration Module Pages/Form 2/Employee Name Input'

2018-12-04 09:58:16 - [TEST_STEP][PASSED] - delay: Delayed 2 second(s)

2018-12-04 09:58:18 - [MESSAGE][PASSED] - Delayed 2 second(s)

2018-12-04 09:58:18 - [TEST_STEP][PASSED] - click: Object: 'Object Repository/Final Object Repo/New Registration - Registration Module Pages/Form 2/DatePicker Pop Up' is clicked on

2018-12-04 09:58:19 - [MESSAGE][PASSED] - Object: 'Object Repository/Final Object Repo/New Registration - Registration Module Pages/Form 2/DatePicker Pop Up' is clicked on

2018-12-04 09:58:19 - [TEST_STEP][PASSED] - click: Object: 'Object Repository/Final Object Repo/New Registration - Registration Module Pages/Form 2/DOB Month' is clicked on

2018-12-04 09:58:19 - [MESSAGE][PASSED] - Object: 'Object Repository/Final Object Repo/New Registration - Registration Module Pages/Form 2/DOB Month' is clicked on

2018-12-04 09:58:19 - [TEST_STEP][PASSED] - Statement - CurrentMonth = CurrentMonth: null

2018-12-04 09:58:19 - [TEST_STEP][PASSED] - Statement - selectMonth = new com.kms.katalon.core.testobject.TestObject(): null

2018-12-04 09:58:19 - [TEST_STEP][PASSED] - Statement - selectMonth.addProperty("xpath", EQUALS, "//body/div/div/div/select/option[@value='" + CurrentMonth + "']", true): null

2018-12-04 09:58:19 - [TEST_STEP][PASSED] - click: Object: '' is clicked on

2018-12-04 09:58:19 - [MESSAGE][PASSED] - Object: '' is clicked on

2018-12-04 09:58:19 - [TEST_STEP][PASSED] - click: Object: 'Object Repository/Final Object Repo/New Registration - Registration Module Pages/Form 2/DOB Year' is clicked on

2018-12-04 09:58:19 - [MESSAGE][PASSED] - Object: 'Object Repository/Final Object Repo/New Registration - Registration Module Pages/Form 2/DOB Year' is clicked on

2018-12-04 09:58:19 - [TEST_STEP][PASSED] - Statement - Eyearsbf = EighteenYrsBefore: null

2018-12-04 09:58:19 - [TEST_STEP][PASSED] - Statement - selectYear = new com.kms.katalon.core.testobject.TestObject(): null

2018-12-04 09:58:19 - [TEST_STEP][PASSED] - Statement - selectYear.addProperty("xpath", EQUALS, "//div/div/div/select/option[@value='" + Eyearsbf + "']", true): null

2018-12-04 09:58:19 - [TEST_STEP][PASSED] - click: Object: '' is clicked on

2018-12-04 09:58:19 - [MESSAGE][PASSED] - Object: '' is clicked on

2018-12-04 09:58:19 - [TEST_STEP][PASSED] - Statement - UpdatedSelectDate = com.kms.katalon.core.webui.keyword.WebUiBuiltInKeywords.modifyObjectProperty(com.kms.katalon.core.testobject.ObjectRepository.findTestObject(Final Object Repo/New Registration - Registration Module Pages/Form 2/DOB Date), "xpath", "equals", "//body/div/table/tbody/tr/td/a[text()="" + CurrentDate + ""]", true): Modify property of object successfully

2018-12-04 09:58:19 - [MESSAGE][PASSED] - Modify property of object successfully

2018-12-04 09:58:19 - [TEST_STEP][PASSED] - delay: Delayed 3 second(s)

2018-12-04 09:58:22 - [MESSAGE][PASSED] - Delayed 3 second(s)

2018-12-04 09:58:22 - [TEST_STEP][PASSED] - click: Object: 'Object Repository/Final Object Repo/New Registration - Registration Module Pages/Form 2/DOB Date' is clicked on

2018-12-04 09:58:22 - [MESSAGE][PASSED] - Object: 'Object Repository/Final Object Repo/New Registration - Registration Module Pages/Form 2/DOB Date' is clicked on

2018-12-04 09:58:22 - [TEST_STEP][PASSED] - delay: Delayed 2 second(s)

2018-12-04 09:58:24 - [MESSAGE][PASSED] - Delayed 2 second(s)

2018-12-04 09:58:24 - [TEST_STEP][PASSED] - click: Object: 'Object Repository/Final Object Repo/New Registration - Registration Module Pages/Form 2/EmploymentStartDate Pop Up' is clicked on

2018-12-04 09:58:25 - [MESSAGE][PASSED] - Object: 'Object Repository/Final Object Repo/New Registration - Registration Module Pages/Form 2/EmploymentStartDate Pop Up' is clicked on

2018-12-04 09:58:25 - [TEST_STEP][PASSED] - delay: Delayed 2 second(s)

2018-12-04 09:58:27 - [MESSAGE][PASSED] - Delayed 2 second(s)

2018-12-04 09:58:27 - [TEST_STEP][PASSED] - click: Object: 'Object Repository/Final Object Repo/New Registration - Registration Module Pages/Form 2/Socso Employment StartDate Month' is clicked on

2018-12-04 09:58:27 - [MESSAGE][PASSED] - Object: 'Object Repository/Final Object Repo/New Registration - Registration Module Pages/Form 2/Socso Employment StartDate Month' is clicked on

2018-12-04 09:58:27 - [TEST_STEP][PASSED] - delay: Delayed 1 second(s)

2018-12-04 09:58:28 - [MESSAGE][PASSED] - Delayed 1 second(s)

2018-12-04 09:58:28 - [TEST_STEP][PASSED] - click: Object: 'Object Repository/Final Object Repo/New Registration - Registration Module Pages/Form 2/Select Socso Employement Startdate Month' is clicked on

2018-12-04 09:58:28 - [MESSAGE][PASSED] - Object: 'Object Repository/Final Object Repo/New Registration - Registration Module Pages/Form 2/Select Socso Employement Startdate Month' is clicked on

2018-12-04 09:58:28 - [TEST_STEP][PASSED] - delay: Delayed 2 second(s)

2018-12-04 09:58:30 - [MESSAGE][PASSED] - Delayed 2 second(s)

2018-12-04 09:58:30 - [TEST_STEP][PASSED] - click: Object: 'Object Repository/Final Object Repo/New Registration - Registration Module Pages/Form 2/Socso Employment StartDate Year' is clicked on

2018-12-04 09:58:30 - [MESSAGE][PASSED] - Object: 'Object Repository/Final Object Repo/New Registration - Registration Module Pages/Form 2/Socso Employment StartDate Year' is clicked on

2018-12-04 09:58:30 - [TEST_STEP][PASSED] - delay: Delayed 1 second(s)

2018-12-04 09:58:31 - [MESSAGE][PASSED] - Delayed 1 second(s)

2018-12-04 09:58:31 - [TEST_STEP][PASSED] - click: Object: 'Object Repository/Final Object Repo/New Registration - Registration Module Pages/Form 2/Select Socso Employment Startdate Year' is clicked on

2018-12-04 09:58:31 - [MESSAGE][PASSED] - Object: 'Object Repository/Final Object Repo/New Registration - Registration Module Pages/Form 2/Select Socso Employment Startdate Year' is clicked on

2018-12-04 09:58:31 - [TEST_STEP][PASSED] - delay: Delayed 2 second(s)

2018-12-04 09:58:33 - [MESSAGE][PASSED] - Delayed 2 second(s)

2018-12-04 09:58:33 - [TEST_STEP][PASSED] - click: Object: 'Object Repository/Final Object Repo/New Registration - Registration Module Pages/Form 2/Socso Employment Start Date Day' is clicked on

2018-12-04 09:58:34 - [MESSAGE][PASSED] - Object: 'Object Repository/Final Object Repo/New Registration - Registration Module Pages/Form 2/Socso Employment Start Date Day' is clicked on

2018-12-04 09:58:34 - [TEST_STEP][PASSED] - delay: Delayed 2 second(s)

2018-12-04 09:58:36 - [MESSAGE][PASSED] - Delayed 2 second(s)

2018-12-04 09:58:36 - [TEST_STEP][PASSED] - click: Object: 'Object Repository/Final Object Repo/New Registration - Registration Module Pages/Form 2/Save Button for Add Employee' is clicked on

2018-12-04 09:58:36 - [MESSAGE][PASSED] - Object: 'Object Repository/Final Object Repo/New Registration - Registration Module Pages/Form 2/Save Button for Add Employee' is clicked on

2018-12-04 09:58:36 - [TEST_STEP][PASSED] - delay: Delayed 6 second(s)

2018-12-04 09:58:42 - [MESSAGE][PASSED] - Delayed 6 second(s)

2018-12-04 09:58:42 - [TEST_STEP][PASSED] - click: Object: 'Object Repository/Final Object Repo/New Registration - Registration Module Pages/Form 2/Save and Continue Form 2' is clicked on

2018-12-04 09:58:42 - [MESSAGE][PASSED] - Object: 'Object Repository/Final Object Repo/New Registration - Registration Module Pages/Form 2/Save and Continue Form 2' is clicked on

2018-12-04 09:58:42 - [MESSAGE][PASSED] - Call Test Case 'Test Cases/Final Aug 2018 - PKS Automation/Registration Module/New Registration/Form 2/Add 1 Eligible' successfully

2018-12-04 09:58:42 - [TEST_STEP][PASSED] - callTestCase: Call Test Case 'Test Cases/Final Aug 2018 - PKS Automation/Registration Module/New Registration/Flow of New Registration/Third Screen - Upload Supporting Doc - Preview' successfully

2018-12-04 09:58:42 - [TEST_CASE][PASSED] - Test Cases/Final Aug 2018 - PKS Automation/Registration Module/New Registration/Flow of New Registration/Third Screen - Upload Supporting Doc - Preview: Test Cases/Final Aug 2018 - PKS Automation/Registration Module/New Registration/Flow of New Registration/Third Screen - Upload Supporting Doc - Preview

2018-12-04 09:58:42 - [TEST_STEP][PASSED] - waitForPageLoad: Wait for page load successfully

2018-12-04 09:58:43 - [MESSAGE][PASSED] - Wait for page load successfully

2018-12-04 09:58:43 - [TEST_STEP][PASSED] - Statement - CaseReferenceNo = com.kms.katalon.core.webui.keyword.WebUiBuiltInKeywords.getText(com.kms.katalon.core.testobject.ObjectRepository.findTestObject(Final Object Repo/New Registration - Registration Module Pages/Third Screen - Upload Supporting Doc- Preview/RefNo Acquiring)): Text of object 'Object Repository/Final Object Repo/New Registration - Registration Module Pages/Third Screen - Upload Supporting Doc- Preview/RefNo Acquiring' is: 'CRN12201800122965'

2018-12-04 09:58:43 - [MESSAGE][PASSED] - Text of object 'Object Repository/Final Object Repo/New Registration - Registration Module Pages/Third Screen - Upload Supporting Doc- Preview/RefNo Acquiring' is: 'CRN12201800122965'

2018-12-04 09:58:43 - [TEST_STEP][PASSED] - delay: Delayed 2 second(s)

2018-12-04 09:58:45 - [MESSAGE][PASSED] - Delayed 2 second(s)

2018-12-04 09:58:45 - [TEST_STEP][PASSED] - callTestCase: Call Test Case 'Test Cases/Final Aug 2018 - PKS Automation/Common/Reference Number Setter' successfully

2018-12-04 09:58:45 - [TEST_CASE][PASSED] - Test Cases/Final Aug 2018 - PKS Automation/Common/Reference Number Setter: Test Cases/Final Aug 2018 - PKS Automation/Common/Reference Number Setter

2018-12-04 09:58:45 - [TEST_STEP][PASSED] - Statement - RefNoOldFile = new java.io.File(C://Users//Admin//Desktop//PKS//Automation Reference Point//KatalonReference.txt): null

2018-12-04 09:58:45 - [TEST_STEP][PASSED] - Statement - RefNoOldFile.delete(): null

2018-12-04 09:58:45 - [TEST_STEP][PASSED] - delay: Delayed 5 second(s)

2018-12-04 09:58:50 - [MESSAGE][PASSED] - Delayed 5 second(s)

2018-12-04 09:58:50 - [TEST_STEP][PASSED] - Statement - RefNo = new java.io.File(C://Users//Admin//Desktop//PKS//Automation Reference Point//KatalonReference.txt): null

2018-12-04 09:58:50 - [TEST_STEP][PASSED] - Statement - f2 = new java.io.FileWriter(RefNo, false): null

2018-12-04 09:58:50 - [TEST_STEP][PASSED] - Statement - f2.write(CaseReferenceNo): null

2018-12-04 09:58:50 - [TEST_STEP][PASSED] - Statement - f2.close(): null

2018-12-04 09:58:50 - [TEST_STEP][PASSED] - Statement - out.println("


" + CaseReferenceNo + "


"): null

2018-12-04 09:58:50 - [MESSAGE][PASSED] - Call Test Case 'Test Cases/Final Aug 2018 - PKS Automation/Common/Reference Number Setter' successfully

2018-12-04 09:58:50 - [TEST_STEP][PASSED] - waitForElementClickable: Object 'Object Repository/Final Object Repo/New Registration - Registration Module Pages/Third Screen - Upload Supporting Doc- Preview/Save n Continue in SIP Employee Listing Page' is clickable

2018-12-04 09:58:50 - [MESSAGE][PASSED] - Object 'Object Repository/Final Object Repo/New Registration - Registration Module Pages/Third Screen - Upload Supporting Doc- Preview/Save n Continue in SIP Employee Listing Page' is clickable

2018-12-04 09:58:50 - [TEST_STEP][PASSED] - click: Object: 'Object Repository/Final Object Repo/New Registration - Registration Module Pages/Third Screen - Upload Supporting Doc- Preview/Save n Continue in SIP Employee Listing Page' is clicked on

2018-12-04 09:58:55 - [MESSAGE][PASSED] - Object: 'Object Repository/Final Object Repo/New Registration - Registration Module Pages/Third Screen - Upload Supporting Doc- Preview/Save n Continue in SIP Employee Listing Page' is clicked on

2018-12-04 09:58:55 - [TEST_STEP][PASSED] - delay: Delayed 7 second(s)

2018-12-04 09:59:02 - [MESSAGE][PASSED] - Delayed 7 second(s)

2018-12-04 09:59:02 - [TEST_STEP][PASSED] - click: Object: 'Object Repository/Final Object Repo/New Registration - Registration Module Pages/Third Screen - Upload Supporting Doc- Preview/Add Document Button' is clicked on

2018-12-04 09:59:02 - [MESSAGE][PASSED] - Object: 'Object Repository/Final Object Repo/New Registration - Registration Module Pages/Third Screen - Upload Supporting Doc- Preview/Add Document Button' is clicked on

2018-12-04 09:59:02 - [TEST_STEP][PASSED] - delay: Delayed 30 second(s)

2018-12-04 09:59:32 - [MESSAGE][PASSED] - Delayed 30 second(s)

2018-12-04 09:59:32 - [TEST_STEP][PASSED] - click: Object: 'Object Repository/Final Object Repo/New Registration - Registration Module Pages/Third Screen - Upload Supporting Doc- Preview/Supporting Doc Please Select Drop Down' is clicked on

2018-12-04 09:59:33 - [MESSAGE][PASSED] - Object: 'Object Repository/Final Object Repo/New Registration - Registration Module Pages/Third Screen - Upload Supporting Doc- Preview/Supporting Doc Please Select Drop Down' is clicked on

2018-12-04 09:59:33 - [TEST_STEP][PASSED] - delay: Delayed 2 second(s)

2018-12-04 09:59:35 - [MESSAGE][PASSED] - Delayed 2 second(s)

2018-12-04 09:59:35 - [TEST_STEP][PASSED] - click: Object: 'Object Repository/Final Object Repo/New Registration - Registration Module Pages/Third Screen - Upload Supporting Doc- Preview/Select to Upload Form 1' is clicked on

2018-12-04 09:59:35 - [MESSAGE][PASSED] - Object: 'Object Repository/Final Object Repo/New Registration - Registration Module Pages/Third Screen - Upload Supporting Doc- Preview/Select to Upload Form 1' is clicked on

2018-12-04 09:59:35 - [TEST_STEP][PASSED] - delay: Delayed 2 second(s)

2018-12-04 09:59:37 - [MESSAGE][PASSED] - Delayed 2 second(s)

2018-12-04 09:59:37 - [TEST_STEP][PASSED] - uploadFile: File 'C:\Users\Public\Pictures\Sample Pictures\Koala.jpg' sent to object: 'Object Repository/Final Object Repo/New Registration - Registration Module Pages/Third Screen - Upload Supporting Doc- Preview/Upload File Adding'

2018-12-04 09:59:37 - [MESSAGE][PASSED] - File 'C:\Users\Public\Pictures\Sample Pictures\Koala.jpg' sent to object: 'Object Repository/Final Object Repo/New Registration - Registration Module Pages/Third Screen - Upload Supporting Doc- Preview/Upload File Adding'

2018-12-04 09:59:37 - [TEST_STEP][PASSED] - delay: Delayed 5 second(s)

2018-12-04 09:59:42 - [MESSAGE][PASSED] - Delayed 5 second(s)

2018-12-04 09:59:42 - [TEST_STEP][PASSED] - click: Object: 'Object Repository/Final Object Repo/New Registration - Registration Module Pages/Third Screen - Upload Supporting Doc- Preview/Inner Form Add Document Button' is clicked on

2018-12-04 09:59:42 - [MESSAGE][PASSED] - Object: 'Object Repository/Final Object Repo/New Registration - Registration Module Pages/Third Screen - Upload Supporting Doc- Preview/Inner Form Add Document Button' is clicked on

2018-12-04 09:59:42 - [TEST_STEP][PASSED] - delay: Delayed 3 second(s)

2018-12-04 09:59:45 - [MESSAGE][PASSED] - Delayed 3 second(s)

2018-12-04 09:59:45 - [TEST_STEP][PASSED] - click: Object: 'Object Repository/Final Object Repo/New Registration - Registration Module Pages/Third Screen - Upload Supporting Doc- Preview/Add Document Button' is clicked on

2018-12-04 09:59:57 - [MESSAGE][PASSED] - Object: 'Object Repository/Final Object Repo/New Registration - Registration Module Pages/Third Screen - Upload Supporting Doc- Preview/Add Document Button' is clicked on

2018-12-04 09:59:57 - [TEST_STEP][PASSED] - delay: Delayed 30 second(s)

2018-12-04 10:00:27 - [MESSAGE][PASSED] - Delayed 30 second(s)

2018-12-04 10:00:27 - [TEST_STEP][PASSED] - click: Object: 'Object Repository/Final Object Repo/New Registration - Registration Module Pages/Third Screen - Upload Supporting Doc- Preview/Supporting Doc Please Select Drop Down' is clicked on

2018-12-04 10:00:27 - [MESSAGE][PASSED] - Object: 'Object Repository/Final Object Repo/New Registration - Registration Module Pages/Third Screen - Upload Supporting Doc- Preview/Supporting Doc Please Select Drop Down' is clicked on

2018-12-04 10:00:27 - [TEST_STEP][PASSED] - delay: Delayed 2 second(s)

2018-12-04 10:00:29 - [MESSAGE][PASSED] - Delayed 2 second(s)

2018-12-04 10:00:29 - [TEST_STEP][PASSED] - click: Object: 'Object Repository/Final Object Repo/New Registration - Registration Module Pages/Third Screen - Upload Supporting Doc- Preview/Select to Upload Form 2' is clicked on

2018-12-04 10:00:29 - [MESSAGE][PASSED] - Object: 'Object Repository/Final Object Repo/New Registration - Registration Module Pages/Third Screen - Upload Supporting Doc- Preview/Select to Upload Form 2' is clicked on

2018-12-04 10:00:29 - [TEST_STEP][PASSED] - delay: Delayed 2 second(s)

2018-12-04 10:00:31 - [MESSAGE][PASSED] - Delayed 2 second(s)

2018-12-04 10:00:31 - [TEST_STEP][PASSED] - uploadFile: File 'C:\Users\Public\Pictures\Sample Pictures\Koala.jpg' sent to object: 'Object Repository/Final Object Repo/New Registration - Registration Module Pages/Third Screen - Upload Supporting Doc- Preview/Upload File Adding'

2018-12-04 10:00:31 - [MESSAGE][PASSED] - File 'C:\Users\Public\Pictures\Sample Pictures\Koala.jpg' sent to object: 'Object Repository/Final Object Repo/New Registration - Registration Module Pages/Third Screen - Upload Supporting Doc- Preview/Upload File Adding'

2018-12-04 10:00:31 - [TEST_STEP][PASSED] - click: Object: 'Object Repository/Final Object Repo/New Registration - Registration Module Pages/Third Screen - Upload Supporting Doc- Preview/Inner Form Add Document Button' is clicked on

2018-12-04 10:00:31 - [MESSAGE][PASSED] - Object: 'Object Repository/Final Object Repo/New Registration - Registration Module Pages/Third Screen - Upload Supporting Doc- Preview/Inner Form Add Document Button' is clicked on

2018-12-04 10:00:31 - [TEST_STEP][PASSED] - delay: Delayed 5 second(s)

2018-12-04 10:00:36 - [MESSAGE][PASSED] - Delayed 5 second(s)

2018-12-04 10:00:36 - [TEST_STEP][PASSED] - click: Object: 'Object Repository/Final Object Repo/New Registration - Registration Module Pages/Third Screen - Upload Supporting Doc- Preview/Add Document Button' is clicked on

2018-12-04 10:00:37 - [MESSAGE][PASSED] - Object: 'Object Repository/Final Object Repo/New Registration - Registration Module Pages/Third Screen - Upload Supporting Doc- Preview/Add Document Button' is clicked on

2018-12-04 10:00:37 - [TEST_STEP][PASSED] - delay: Delayed 30 second(s)

2018-12-04 10:01:07 - [MESSAGE][PASSED] - Delayed 30 second(s)

2018-12-04 10:01:07 - [TEST_STEP][PASSED] - click: Object: 'Object Repository/Final Object Repo/New Registration - Registration Module Pages/Third Screen - Upload Supporting Doc- Preview/Supporting Doc Please Select Drop Down' is clicked on

2018-12-04 10:01:07 - [MESSAGE][PASSED] - Object: 'Object Repository/Final Object Repo/New Registration - Registration Module Pages/Third Screen - Upload Supporting Doc- Preview/Supporting Doc Please Select Drop Down' is clicked on

2018-12-04 10:01:07 - [TEST_STEP][PASSED] - click: Object: 'Object Repository/Final Object Repo/New Registration - Registration Module Pages/Third Screen - Upload Supporting Doc- Preview/Select to Upload Borang SIP 1' is clicked on

2018-12-04 10:01:07 - [MESSAGE][PASSED] - Object: 'Object Repository/Final Object Repo/New Registration - Registration Module Pages/Third Screen - Upload Supporting Doc- Preview/Select to Upload Borang SIP 1' is clicked on

2018-12-04 10:01:07 - [TEST_STEP][PASSED] - delay: Delayed 2 second(s)

2018-12-04 10:01:09 - [MESSAGE][PASSED] - Delayed 2 second(s)

2018-12-04 10:01:09 - [TEST_STEP][PASSED] - uploadFile: File 'C:\Users\Public\Pictures\Sample Pictures\Koala.jpg' sent to object: 'Object Repository/Final Object Repo/New Registration - Registration Module Pages/Third Screen - Upload Supporting Doc- Preview/Upload File Adding'

2018-12-04 10:01:09 - [MESSAGE][PASSED] - File 'C:\Users\Public\Pictures\Sample Pictures\Koala.jpg' sent to object: 'Object Repository/Final Object Repo/New Registration - Registration Module Pages/Third Screen - Upload Supporting Doc- Preview/Upload File Adding'

2018-12-04 10:01:09 - [TEST_STEP][PASSED] - click: Object: 'Object Repository/Final Object Repo/New Registration - Registration Module Pages/Third Screen - Upload Supporting Doc- Preview/Inner Form Add Document Button' is clicked on

2018-12-04 10:01:09 - [MESSAGE][PASSED] - Object: 'Object Repository/Final Object Repo/New Registration - Registration Module Pages/Third Screen - Upload Supporting Doc- Preview/Inner Form Add Document Button' is clicked on

2018-12-04 10:01:09 - [TEST_STEP][PASSED] - delay: Delayed 5 second(s)

2018-12-04 10:01:14 - [MESSAGE][PASSED] - Delayed 5 second(s)

2018-12-04 10:01:14 - [TEST_STEP][PASSED] - click: Object: 'Object Repository/Final Object Repo/New Registration - Registration Module Pages/Third Screen - Upload Supporting Doc- Preview/Add Document Button' is clicked on

2018-12-04 10:01:15 - [MESSAGE][PASSED] - Object: 'Object Repository/Final Object Repo/New Registration - Registration Module Pages/Third Screen - Upload Supporting Doc- Preview/Add Document Button' is clicked on

2018-12-04 10:01:15 - [TEST_STEP][PASSED] - delay: Delayed 30 second(s)

2018-12-04 10:01:45 - [MESSAGE][PASSED] - Delayed 30 second(s)

2018-12-04 10:01:45 - [TEST_STEP][PASSED] - click: Object: 'Object Repository/Final Object Repo/New Registration - Registration Module Pages/Third Screen - Upload Supporting Doc- Preview/Supporting Doc Please Select Drop Down' is clicked on

2018-12-04 10:01:45 - [MESSAGE][PASSED] - Object: 'Object Repository/Final Object Repo/New Registration - Registration Module Pages/Third Screen - Upload Supporting Doc- Preview/Supporting Doc Please Select Drop Down' is clicked on

2018-12-04 10:01:45 - [TEST_STEP][PASSED] - delay: Delayed 3 second(s)

2018-12-04 10:01:48 - [MESSAGE][PASSED] - Delayed 3 second(s)

2018-12-04 10:01:48 - [TEST_STEP][PASSED] - click: Object: 'Object Repository/Final Object Repo/New Registration - Registration Module Pages/Third Screen - Upload Supporting Doc- Preview/Select to Upload Borang SIP 2' is clicked on

2018-12-04 10:01:48 - [MESSAGE][PASSED] - Object: 'Object Repository/Final Object Repo/New Registration - Registration Module Pages/Third Screen - Upload Supporting Doc- Preview/Select to Upload Borang SIP 2' is clicked on

2018-12-04 10:01:48 - [TEST_STEP][PASSED] - delay: Delayed 2 second(s)

2018-12-04 10:01:50 - [MESSAGE][PASSED] - Delayed 2 second(s)

2018-12-04 10:01:50 - [TEST_STEP][PASSED] - uploadFile: File 'C:\Users\Public\Pictures\Sample Pictures\Koala.jpg' sent to object: 'Object Repository/Final Object Repo/New Registration - Registration Module Pages/Third Screen - Upload Supporting Doc- Preview/Upload File Adding'

2018-12-04 10:01:50 - [MESSAGE][PASSED] - File 'C:\Users\Public\Pictures\Sample Pictures\Koala.jpg' sent to object: 'Object Repository/Final Object Repo/New Registration - Registration Module Pages/Third Screen - Upload Supporting Doc- Preview/Upload File Adding'

2018-12-04 10:01:50 - [TEST_STEP][PASSED] - delay: Delayed 5 second(s)

2018-12-04 10:01:55 - [MESSAGE][PASSED] - Delayed 5 second(s)

2018-12-04 10:01:55 - [TEST_STEP][PASSED] - click: Object: 'Object Repository/Final Object Repo/New Registration - Registration Module Pages/Third Screen - Upload Supporting Doc- Preview/Inner Form Add Document Button' is clicked on

2018-12-04 10:01:55 - [MESSAGE][PASSED] - Object: 'Object Repository/Final Object Repo/New Registration - Registration Module Pages/Third Screen - Upload Supporting Doc- Preview/Inner Form Add Document Button' is clicked on

2018-12-04 10:01:55 - [TEST_STEP][PASSED] - delay: Delayed 3 second(s)

2018-12-04 10:01:58 - [MESSAGE][PASSED] - Delayed 3 second(s)

2018-12-04 10:01:58 - [TEST_STEP][PASSED] - waitForElementClickable: Object 'Object Repository/Final Object Repo/New Registration - Registration Module Pages/Third Screen - Upload Supporting Doc- Preview/Save n Continue in Uploading Supporting Doc Page' is clickable

2018-12-04 10:01:59 - [MESSAGE][PASSED] - Object 'Object Repository/Final Object Repo/New Registration - Registration Module Pages/Third Screen - Upload Supporting Doc- Preview/Save n Continue in Uploading Supporting Doc Page' is clickable

2018-12-04 10:01:59 - [TEST_STEP][PASSED] - click: Object: 'Object Repository/Final Object Repo/New Registration - Registration Module Pages/Third Screen - Upload Supporting Doc- Preview/Save n Continue in Uploading Supporting Doc Page' is clicked on

2018-12-04 10:02:00 - [MESSAGE][PASSED] - Object: 'Object Repository/Final Object Repo/New Registration - Registration Module Pages/Third Screen - Upload Supporting Doc- Preview/Save n Continue in Uploading Supporting Doc Page' is clicked on

2018-12-04 10:02:00 - [MESSAGE][PASSED] - Call Test Case 'Test Cases/Final Aug 2018 - PKS Automation/Registration Module/New Registration/Flow of New Registration/Third Screen - Upload Supporting Doc - Preview' successfully

2018-12-04 10:02:00 - [TEST_STEP][PASSED] - callTestCase: Call Test Case 'Test Cases/Final Aug 2018 - PKS Automation/Registration Module/New Registration/Submit and Screenshot/Submit Registration and Screenshot' successfully

2018-12-04 10:02:00 - [TEST_CASE][PASSED] - Test Cases/Final Aug 2018 - PKS Automation/Registration Module/New Registration/Submit and Screenshot/Submit Registration and Screenshot: Test Cases/Final Aug 2018 - PKS Automation/Registration Module/New Registration/Submit and Screenshot/Submit Registration and Screenshot

2018-12-04 10:02:00 - [TEST_STEP][PASSED] - delay: Delayed 6 second(s)

2018-12-04 10:02:06 - [MESSAGE][PASSED] - Delayed 6 second(s)

2018-12-04 10:02:06 - [TEST_STEP][PASSED] - click: Object: 'Object Repository/Final Object Repo/New Registration - Registration Module Pages/Third Screen - Upload Supporting Doc- Preview/Preview Submit Button' is clicked on

2018-12-04 10:02:06 - [MESSAGE][PASSED] - Object: 'Object Repository/Final Object Repo/New Registration - Registration Module Pages/Third Screen - Upload Supporting Doc- Preview/Preview Submit Button' is clicked on

2018-12-04 10:02:06 - [TEST_STEP][PASSED] - delay: Delayed 2 second(s)

2018-12-04 10:02:08 - [MESSAGE][PASSED] - Delayed 2 second(s)

2018-12-04 10:02:08 - [TEST_STEP][PASSED] - click: Object: 'Object Repository/Final Object Repo/New Registration - Registration Module Pages/Third Screen - Upload Supporting Doc- Preview/Preview Submit - Confirm' is clicked on

2018-12-04 10:02:08 - [MESSAGE][PASSED] - Object: 'Object Repository/Final Object Repo/New Registration - Registration Module Pages/Third Screen - Upload Supporting Doc- Preview/Preview Submit - Confirm' is clicked on

2018-12-04 10:02:08 - [TEST_STEP][PASSED] - delay: Delayed 15 second(s)

2018-12-04 10:02:23 - [MESSAGE][PASSED] - Delayed 15 second(s)

2018-12-04 10:02:23 - [TEST_STEP][PASSED] - Statement - driver = com.kms.katalon.core.webui.driver.DriverFactory.getWebDriver(): null

2018-12-04 10:02:23 - [TEST_STEP][PASSED] - Statement - driver.manage().timeouts().implicitlyWait(10, SECONDS): null

2018-12-04 10:02:23 - [TEST_STEP][PASSED] - Statement - PresavePath = KatalonScreenshots: null

2018-12-04 10:02:23 - [TEST_STEP][PASSED] - Statement - pathPrefix = "C:\Users\Public\Pictures\Sample Pictures\Katalon Screenshots\Automate Ending Screen": null

2018-12-04 10:02:23 - [TEST_STEP][PASSED] - Statement - finalPath = <not implemented yet for class: org.codehaus.groovy.ast.expr.EmptyExpression>: null

2018-12-04 10:02:23 - [TEST_STEP][PASSED] - Statement - scrFile = driver.getScreenshotAs(FILE): null

2018-12-04 10:02:23 - [TEST_STEP][PASSED] - Statement - PreSaveFile = new java.io.File(PresavePath): null

2018-12-04 10:02:23 - [TEST_STEP][PASSED] - Statement - counter = 0: null

2018-12-04 10:02:23 - [TEST_STEP][PASSED] - Statement - If (PreSaveFile.exists()): null

2018-12-04 10:02:23 - [TEST_STEP][PASSED] - Statement - While (PreSaveFile.exists()): null

2018-12-04 10:02:23 - [TEST_STEP][PASSED] - Statement - counter = counter + 1: null

2018-12-04 10:02:23 - [TEST_STEP][PASSED] - Statement - PreSaveFile = new java.io.File(((pathPrefix + java.lang.Integer.toString(counter)) + .png)): null

2018-12-04 10:02:23 - [TEST_STEP][PASSED] - Statement - counter = counter + 1: null

2018-12-04 10:02:23 - [TEST_STEP][PASSED] - Statement - PreSaveFile = new java.io.File(((pathPrefix + java.lang.Integer.toString(counter)) + .png)): null

2018-12-04 10:02:23 - [TEST_STEP][PASSED] - Statement - counter = counter + 1: null

2018-12-04 10:02:23 - [TEST_STEP][PASSED] - Statement - PreSaveFile = new java.io.File(((pathPrefix + java.lang.Integer.toString(counter)) + .png)): null

2018-12-04 10:02:23 - [TEST_STEP][PASSED] - Statement - counter = counter + 1: null

2018-12-04 10:02:23 - [TEST_STEP][PASSED] - Statement - PreSaveFile = new java.io.File(((pathPrefix + java.lang.Integer.toString(counter)) + .png)): null

2018-12-04 10:02:23 - [TEST_STEP][PASSED] - Statement - counter = counter + 1: null

2018-12-04 10:02:23 - [TEST_STEP][PASSED] - Statement - PreSaveFile = new java.io.File(((pathPrefix + java.lang.Integer.toString(counter)) + .png)): null

2018-12-04 10:02:23 - [TEST_STEP][PASSED] - Statement - counter = counter + 1: null

2018-12-04 10:02:23 - [TEST_STEP][PASSED] - Statement - PreSaveFile = new java.io.File(((pathPrefix + java.lang.Integer.toString(counter)) + .png)): null

2018-12-04 10:02:23 - [TEST_STEP][PASSED] - Statement - counter = counter + 1: null

2018-12-04 10:02:23 - [TEST_STEP][PASSED] - Statement - PreSaveFile = new java.io.File(((pathPrefix + java.lang.Integer.toString(counter)) + .png)): null

2018-12-04 10:02:23 - [TEST_STEP][PASSED] - Statement - counter = counter + 1: null

2018-12-04 10:02:23 - [TEST_STEP][PASSED] - Statement - PreSaveFile = new java.io.File(((pathPrefix + java.lang.Integer.toString(counter)) + .png)): null

2018-12-04 10:02:23 - [TEST_STEP][PASSED] - Statement - counter = counter + 1: null

2018-12-04 10:02:23 - [TEST_STEP][PASSED] - Statement - PreSaveFile = new java.io.File(((pathPrefix + java.lang.Integer.toString(counter)) + .png)): null

2018-12-04 10:02:23 - [TEST_STEP][PASSED] - Statement - counter = counter + 1: null

2018-12-04 10:02:23 - [TEST_STEP][PASSED] - Statement - PreSaveFile = new java.io.File(((pathPrefix + java.lang.Integer.toString(counter)) + .png)): null

2018-12-04 10:02:23 - [TEST_STEP][PASSED] - Statement - counter = counter + 1: null

2018-12-04 10:02:23 - [TEST_STEP][PASSED] - Statement - PreSaveFile = new java.io.File(((pathPrefix + java.lang.Integer.toString(counter)) + .png)): null

2018-12-04 10:02:23 - [TEST_STEP][PASSED] - Statement - counter = counter + 1: null

2018-12-04 10:02:23 - [TEST_STEP][PASSED] - Statement - PreSaveFile = new java.io.File(((pathPrefix + java.lang.Integer.toString(counter)) + .png)): null

2018-12-04 10:02:23 - [TEST_STEP][PASSED] - Statement - counter = counter + 1: null

2018-12-04 10:02:23 - [TEST_STEP][PASSED] - Statement - PreSaveFile = new java.io.File(((pathPrefix + java.lang.Integer.toString(counter)) + .png)): null

2018-12-04 10:02:23 - [TEST_STEP][PASSED] - Statement - counter = counter + 1: null

2018-12-04 10:02:23 - [TEST_STEP][PASSED] - Statement - PreSaveFile = new java.io.File(((pathPrefix + java.lang.Integer.toString(counter)) + .png)): null

2018-12-04 10:02:23 - [TEST_STEP][PASSED] - Statement - counter = counter + 1: null

2018-12-04 10:02:23 - [TEST_STEP][PASSED] - Statement - PreSaveFile = new java.io.File(((pathPrefix + java.lang.Integer.toString(counter)) + .png)): null

2018-12-04 10:02:23 - [TEST_STEP][PASSED] - Statement - counter = counter + 1: null

2018-12-04 10:02:23 - [TEST_STEP][PASSED] - Statement - PreSaveFile = new java.io.File(((pathPrefix + java.lang.Integer.toString(counter)) + .png)): null

2018-12-04 10:02:24 - [TEST_STEP][PASSED] - Statement - counter = counter + 1: null

2018-12-04 10:02:24 - [TEST_STEP][PASSED] - Statement - PreSaveFile = new java.io.File(((pathPrefix + java.lang.Integer.toString(counter)) + .png)): null

2018-12-04 10:02:24 - [TEST_STEP][PASSED] - Statement - counter = counter + 1: null

2018-12-04 10:02:24 - [TEST_STEP][PASSED] - Statement - PreSaveFile = new java.io.File(((pathPrefix + java.lang.Integer.toString(counter)) + .png)): null

2018-12-04 10:02:24 - [TEST_STEP][PASSED] - Statement - counter = counter + 1: null

2018-12-04 10:02:24 - [TEST_STEP][PASSED] - Statement - PreSaveFile = new java.io.File(((pathPrefix + java.lang.Integer.toString(counter)) + .png)): null

2018-12-04 10:02:24 - [TEST_STEP][PASSED] - Statement - counter = counter + 1: null

2018-12-04 10:02:24 - [TEST_STEP][PASSED] - Statement - PreSaveFile = new java.io.File(((pathPrefix + java.lang.Integer.toString(counter)) + .png)): null

2018-12-04 10:02:24 - [TEST_STEP][PASSED] - Statement - counter = counter + 1: null

2018-12-04 10:02:24 - [TEST_STEP][PASSED] - Statement - PreSaveFile = new java.io.File(((pathPrefix + java.lang.Integer.toString(counter)) + .png)): null

2018-12-04 10:02:24 - [TEST_STEP][PASSED] - Statement - counter = counter + 1: null

2018-12-04 10:02:24 - [TEST_STEP][PASSED] - Statement - PreSaveFile = new java.io.File(((pathPrefix + java.lang.Integer.toString(counter)) + .png)): null

2018-12-04 10:02:24 - [TEST_STEP][PASSED] - Statement - counter = counter + 1: null

2018-12-04 10:02:24 - [TEST_STEP][PASSED] - Statement - PreSaveFile = new java.io.File(((pathPrefix + java.lang.Integer.toString(counter)) + .png)): null

2018-12-04 10:02:24 - [TEST_STEP][PASSED] - Statement - counter = counter + 1: null

2018-12-04 10:02:24 - [TEST_STEP][PASSED] - Statement - PreSaveFile = new java.io.File(((pathPrefix + java.lang.Integer.toString(counter)) + .png)): null

2018-12-04 10:02:25 - [TEST_STEP][PASSED] - Statement - counter = counter + 1: null

2018-12-04 10:02:25 - [TEST_STEP][PASSED] - Statement - PreSaveFile = new java.io.File(((pathPrefix + java.lang.Integer.toString(counter)) + .png)): null

2018-12-04 10:02:25 - [TEST_STEP][PASSED] - Statement - counter = counter + 1: null

2018-12-04 10:02:25 - [TEST_STEP][PASSED] - Statement - PreSaveFile = new java.io.File(((pathPrefix + java.lang.Integer.toString(counter)) + .png)): null

2018-12-04 10:02:25 - [TEST_STEP][PASSED] - Statement - counter = counter + 1: null

2018-12-04 10:02:25 - [TEST_STEP][PASSED] - Statement - PreSaveFile = new java.io.File(((pathPrefix + java.lang.Integer.toString(counter)) + .png)): null

2018-12-04 10:02:25 - [TEST_STEP][PASSED] - Statement - counter = counter + 1: null

2018-12-04 10:02:25 - [TEST_STEP][PASSED] - Statement - PreSaveFile = new java.io.File(((pathPrefix + java.lang.Integer.toString(counter)) + .png)): null

2018-12-04 10:02:25 - [TEST_STEP][PASSED] - Statement - counter = counter + 1: null

2018-12-04 10:02:25 - [TEST_STEP][PASSED] - Statement - PreSaveFile = new java.io.File(((pathPrefix + java.lang.Integer.toString(counter)) + .png)): null

2018-12-04 10:02:25 - [TEST_STEP][PASSED] - Statement - counter = counter + 1: null

2018-12-04 10:02:25 - [TEST_STEP][PASSED] - Statement - PreSaveFile = new java.io.File(((pathPrefix + java.lang.Integer.toString(counter)) + .png)): null

2018-12-04 10:02:25 - [TEST_STEP][PASSED] - Statement - counter = counter + 1: null

2018-12-04 10:02:25 - [TEST_STEP][PASSED] - Statement - PreSaveFile = new java.io.File(((pathPrefix + java.lang.Integer.toString(counter)) + .png)): null

2018-12-04 10:02:25 - [TEST_STEP][PASSED] - Statement - counter = counter + 1: null

2018-12-04 10:02:25 - [TEST_STEP][PASSED] - Statement - PreSaveFile = new java.io.File(((pathPrefix + java.lang.Integer.toString(counter)) + .png)): null

2018-12-04 10:02:25 - [TEST_STEP][PASSED] - Statement - counter = counter + 1: null

2018-12-04 10:02:25 - [TEST_STEP][PASSED] - Statement - PreSaveFile = new java.io.File(((pathPrefix + java.lang.Integer.toString(counter)) + .png)): null

2018-12-04 10:02:25 - [TEST_STEP][PASSED] - Statement - counter = counter + 1: null

2018-12-04 10:02:25 - [TEST_STEP][PASSED] - Statement - PreSaveFile = new java.io.File(((pathPrefix + java.lang.Integer.toString(counter)) + .png)): null

2018-12-04 10:02:25 - [TEST_STEP][PASSED] - Statement - counter = counter + 1: null

2018-12-04 10:02:25 - [TEST_STEP][PASSED] - Statement - PreSaveFile = new java.io.File(((pathPrefix + java.lang.Integer.toString(counter)) + .png)): null

2018-12-04 10:02:25 - [TEST_STEP][PASSED] - Statement - counter = counter + 1: null

2018-12-04 10:02:25 - [TEST_STEP][PASSED] - Statement - PreSaveFile = new java.io.File(((pathPrefix + java.lang.Integer.toString(counter)) + .png)): null

2018-12-04 10:02:25 - [TEST_STEP][PASSED] - Statement - counter = counter + 1: null

2018-12-04 10:02:25 - [TEST_STEP][PASSED] - Statement - PreSaveFile = new java.io.File(((pathPrefix + java.lang.Integer.toString(counter)) + .png)): null

2018-12-04 10:02:25 - [TEST_STEP][PASSED] - Statement - counter = counter + 1: null

2018-12-04 10:02:26 - [TEST_STEP][PASSED] - Statement - PreSaveFile = new java.io.File(((pathPrefix + java.lang.Integer.toString(counter)) + .png)): null

2018-12-04 10:02:26 - [TEST_STEP][PASSED] - Statement - counter = counter + 1: null

2018-12-04 10:02:26 - [TEST_STEP][PASSED] - Statement - PreSaveFile = new java.io.File(((pathPrefix + java.lang.Integer.toString(counter)) + .png)): null

2018-12-04 10:02:26 - [TEST_STEP][PASSED] - Statement - counter = counter + 1: null

2018-12-04 10:02:26 - [TEST_STEP][PASSED] - Statement - PreSaveFile = new java.io.File(((pathPrefix + java.lang.Integer.toString(counter)) + .png)): null

2018-12-04 10:02:26 - [TEST_STEP][PASSED] - Statement - counter = counter + 1: null

2018-12-04 10:02:26 - [TEST_STEP][PASSED] - Statement - PreSaveFile = new java.io.File(((pathPrefix + java.lang.Integer.toString(counter)) + .png)): null

2018-12-04 10:02:26 - [TEST_STEP][PASSED] - Statement - counter = counter + 1: null

2018-12-04 10:02:26 - [TEST_STEP][PASSED] - Statement - PreSaveFile = new java.io.File(((pathPrefix + java.lang.Integer.toString(counter)) + .png)): null

2018-12-04 10:02:27 - [TEST_STEP][PASSED] - Statement - counter = counter + 1: null

2018-12-04 10:02:27 - [TEST_STEP][PASSED] - Statement - PreSaveFile = new java.io.File(((pathPrefix + java.lang.Integer.toString(counter)) + .png)): null

2018-12-04 10:02:27 - [TEST_STEP][PASSED] - Statement - counter = counter + 1: null

2018-12-04 10:02:27 - [TEST_STEP][PASSED] - Statement - PreSaveFile = new java.io.File(((pathPrefix + java.lang.Integer.toString(counter)) + .png)): null

2018-12-04 10:02:27 - [TEST_STEP][PASSED] - Statement - counter = counter + 1: null

2018-12-04 10:02:27 - [TEST_STEP][PASSED] - Statement - PreSaveFile = new java.io.File(((pathPrefix + java.lang.Integer.toString(counter)) + .png)): null

2018-12-04 10:02:27 - [TEST_STEP][PASSED] - Statement - counter = counter + 1: null

2018-12-04 10:02:27 - [TEST_STEP][PASSED] - Statement - PreSaveFile = new java.io.File(((pathPrefix + java.lang.Integer.toString(counter)) + .png)): null

2018-12-04 10:02:27 - [TEST_STEP][PASSED] - Statement - counter = counter + 1: null

2018-12-04 10:02:27 - [TEST_STEP][PASSED] - Statement - PreSaveFile = new java.io.File(((pathPrefix + java.lang.Integer.toString(counter)) + .png)): null

2018-12-04 10:02:27 - [TEST_STEP][PASSED] - Statement - counter = counter + 1: null

2018-12-04 10:02:27 - [TEST_STEP][PASSED] - Statement - PreSaveFile = new java.io.File(((pathPrefix + java.lang.Integer.toString(counter)) + .png)): null

2018-12-04 10:02:27 - [TEST_STEP][PASSED] - Statement - counter = counter + 1: null

2018-12-04 10:02:27 - [TEST_STEP][PASSED] - Statement - PreSaveFile = new java.io.File(((pathPrefix + java.lang.Integer.toString(counter)) + .png)): null

2018-12-04 10:02:27 - [TEST_STEP][PASSED] - Statement - counter = counter + 1: null

2018-12-04 10:02:27 - [TEST_STEP][PASSED] - Statement - PreSaveFile = new java.io.File(((pathPrefix + java.lang.Integer.toString(counter)) + .png)): null

2018-12-04 10:02:27 - [TEST_STEP][PASSED] - Statement - counter = counter + 1: null

2018-12-04 10:02:27 - [TEST_STEP][PASSED] - Statement - PreSaveFile = new java.io.File(((pathPrefix + java.lang.Integer.toString(counter)) + .png)): null

2018-12-04 10:02:27 - [TEST_STEP][PASSED] - Statement - counter = counter + 1: null

2018-12-04 10:02:28 - [TEST_STEP][PASSED] - Statement - PreSaveFile = new java.io.File(((pathPrefix + java.lang.Integer.toString(counter)) + .png)): null

2018-12-04 10:02:28 - [TEST_STEP][PASSED] - Statement - counter = counter + 1: null

2018-12-04 10:02:28 - [TEST_STEP][PASSED] - Statement - PreSaveFile = new java.io.File(((pathPrefix + java.lang.Integer.toString(counter)) + .png)): null

2018-12-04 10:02:28 - [TEST_STEP][PASSED] - Statement - counter = counter + 1: null

2018-12-04 10:02:28 - [TEST_STEP][PASSED] - Statement - PreSaveFile = new java.io.File(((pathPrefix + java.lang.Integer.toString(counter)) + .png)): null

2018-12-04 10:02:28 - [TEST_STEP][PASSED] - Statement - counter = counter + 1: null

2018-12-04 10:02:28 - [TEST_STEP][PASSED] - Statement - PreSaveFile = new java.io.File(((pathPrefix + java.lang.Integer.toString(counter)) + .png)): null

2018-12-04 10:02:28 - [TEST_STEP][PASSED] - Statement - counter = counter + 1: null

2018-12-04 10:02:28 - [TEST_STEP][PASSED] - Statement - PreSaveFile = new java.io.File(((pathPrefix + java.lang.Integer.toString(counter)) + .png)): null

2018-12-04 10:02:28 - [TEST_STEP][PASSED] - Statement - counter = counter + 1: null

2018-12-04 10:02:29 - [TEST_STEP][PASSED] - Statement - PreSaveFile = new java.io.File(((pathPrefix + java.lang.Integer.toString(counter)) + .png)): null

2018-12-04 10:02:29 - [TEST_STEP][PASSED] - Statement - counter = counter + 1: null

2018-12-04 10:02:29 - [TEST_STEP][PASSED] - Statement - PreSaveFile = new java.io.File(((pathPrefix + java.lang.Integer.toString(counter)) + .png)): null

2018-12-04 10:02:29 - [TEST_STEP][PASSED] - Statement - counter = counter + 1: null

2018-12-04 10:02:29 - [TEST_STEP][PASSED] - Statement - PreSaveFile = new java.io.File(((pathPrefix + java.lang.Integer.toString(counter)) + .png)): null

2018-12-04 10:02:29 - [TEST_STEP][PASSED] - Statement - counter = counter + 1: null

2018-12-04 10:02:29 - [TEST_STEP][PASSED] - Statement - PreSaveFile = new java.io.File(((pathPrefix + java.lang.Integer.toString(counter)) + .png)): null

2018-12-04 10:02:29 - [TEST_STEP][PASSED] - Statement - counter = counter + 1: null

2018-12-04 10:02:29 - [TEST_STEP][PASSED] - Statement - PreSaveFile = new java.io.File(((pathPrefix + java.lang.Integer.toString(counter)) + .png)): null

2018-12-04 10:02:29 - [TEST_STEP][PASSED] - Statement - counter = counter + 1: null

2018-12-04 10:02:30 - [TEST_STEP][PASSED] - Statement - PreSaveFile = new java.io.File(((pathPrefix + java.lang.Integer.toString(counter)) + .png)): null

2018-12-04 10:02:30 - [TEST_STEP][PASSED] - Statement - counter = counter + 1: null

2018-12-04 10:02:30 - [TEST_STEP][PASSED] - Statement - PreSaveFile = new java.io.File(((pathPrefix + java.lang.Integer.toString(counter)) + .png)): null

2018-12-04 10:02:30 - [TEST_STEP][PASSED] - Statement - counter = counter + 1: null

2018-12-04 10:02:30 - [TEST_STEP][PASSED] - Statement - PreSaveFile = new java.io.File(((pathPrefix + java.lang.Integer.toString(counter)) + .png)): null

2018-12-04 10:02:30 - [TEST_STEP][PASSED] - Statement - counter = counter + 1: null

2018-12-04 10:02:30 - [TEST_STEP][PASSED] - Statement - PreSaveFile = new java.io.File(((pathPrefix + java.lang.Integer.toString(counter)) + .png)): null

2018-12-04 10:02:30 - [TEST_STEP][PASSED] - Statement - counter = counter + 1: null

2018-12-04 10:02:30 - [TEST_STEP][PASSED] - Statement - PreSaveFile = new java.io.File(((pathPrefix + java.lang.Integer.toString(counter)) + .png)): null

2018-12-04 10:02:31 - [TEST_STEP][PASSED] - Statement - counter = counter + 1: null

2018-12-04 10:02:31 - [TEST_STEP][PASSED] - Statement - PreSaveFile = new java.io.File(((pathPrefix + java.lang.Integer.toString(counter)) + .png)): null

2018-12-04 10:02:31 - [TEST_STEP][PASSED] - Statement - counter = counter + 1: null

2018-12-04 10:02:31 - [TEST_STEP][PASSED] - Statement - PreSaveFile = new java.io.File(((pathPrefix + java.lang.Integer.toString(counter)) + .png)): null

2018-12-04 10:02:31 - [TEST_STEP][PASSED] - Statement - counter = counter + 1: null

2018-12-04 10:02:31 - [TEST_STEP][PASSED] - Statement - PreSaveFile = new java.io.File(((pathPrefix + java.lang.Integer.toString(counter)) + .png)): null

2018-12-04 10:02:31 - [TEST_STEP][PASSED] - Statement - counter = counter + 1: null

2018-12-04 10:02:31 - [TEST_STEP][PASSED] - Statement - PreSaveFile = new java.io.File(((pathPrefix + java.lang.Integer.toString(counter)) + .png)): null

2018-12-04 10:02:31 - [TEST_STEP][PASSED] - Statement - counter = counter + 1: null

2018-12-04 10:02:31 - [TEST_STEP][PASSED] - Statement - PreSaveFile = new java.io.File(((pathPrefix + java.lang.Integer.toString(counter)) + .png)): null

2018-12-04 10:02:31 - [TEST_STEP][PASSED] - Statement - counter = counter + 1: null

2018-12-04 10:02:31 - [TEST_STEP][PASSED] - Statement - PreSaveFile = new java.io.File(((pathPrefix + java.lang.Integer.toString(counter)) + .png)): null

2018-12-04 10:02:31 - [TEST_STEP][PASSED] - Statement - counter = counter + 1: null

2018-12-04 10:02:31 - [TEST_STEP][PASSED] - Statement - PreSaveFile = new java.io.File(((pathPrefix + java.lang.Integer.toString(counter)) + .png)): null

2018-12-04 10:02:31 - [TEST_STEP][PASSED] - Statement - counter = counter + 1: null

2018-12-04 10:02:31 - [TEST_STEP][PASSED] - Statement - PreSaveFile = new java.io.File(((pathPrefix + java.lang.Integer.toString(counter)) + .png)): null

2018-12-04 10:02:31 - [TEST_STEP][PASSED] - Statement - counter = counter + 1: null

2018-12-04 10:02:31 - [TEST_STEP][PASSED] - Statement - PreSaveFile = new java.io.File(((pathPrefix + java.lang.Integer.toString(counter)) + .png)): null

2018-12-04 10:02:31 - [TEST_STEP][PASSED] - Statement - counter = counter + 1: null

2018-12-04 10:02:32 - [TEST_STEP][PASSED] - Statement - PreSaveFile = new java.io.File(((pathPrefix + java.lang.Integer.toString(counter)) + .png)): null

2018-12-04 10:02:32 - [TEST_STEP][PASSED] - Statement - counter = counter + 1: null

2018-12-04 10:02:32 - [TEST_STEP][PASSED] - Statement - PreSaveFile = new java.io.File(((pathPrefix + java.lang.Integer.toString(counter)) + .png)): null

2018-12-04 10:02:32 - [TEST_STEP][PASSED] - Statement - counter = counter + 1: null

2018-12-04 10:02:32 - [TEST_STEP][PASSED] - Statement - PreSaveFile = new java.io.File(((pathPrefix + java.lang.Integer.toString(counter)) + .png)): null

2018-12-04 10:02:32 - [TEST_STEP][PASSED] - Statement - counter = counter + 1: null

2018-12-04 10:02:32 - [TEST_STEP][PASSED] - Statement - PreSaveFile = new java.io.File(((pathPrefix + java.lang.Integer.toString(counter)) + .png)): null

2018-12-04 10:02:32 - [TEST_STEP][PASSED] - Statement - counter = counter + 1: null

2018-12-04 10:02:32 - [TEST_STEP][PASSED] - Statement - PreSaveFile = new java.io.File(((pathPrefix + java.lang.Integer.toString(counter)) + .png)): null

2018-12-04 10:02:32 - [TEST_STEP][PASSED] - Statement - counter = counter + 1: null

2018-12-04 10:02:33 - [TEST_STEP][PASSED] - Statement - PreSaveFile = new java.io.File(((pathPrefix + java.lang.Integer.toString(counter)) + .png)): null

2018-12-04 10:02:33 - [TEST_STEP][PASSED] - Statement - counter = counter + 1: null

2018-12-04 10:02:33 - [TEST_STEP][PASSED] - Statement - PreSaveFile = new java.io.File(((pathPrefix + java.lang.Integer.toString(counter)) + .png)): null

2018-12-04 10:02:33 - [TEST_STEP][PASSED] - Statement - counter = counter + 1: null

2018-12-04 10:02:33 - [TEST_STEP][PASSED] - Statement - PreSaveFile = new java.io.File(((pathPrefix + java.lang.Integer.toString(counter)) + .png)): null

2018-12-04 10:02:33 - [TEST_STEP][PASSED] - Statement - counter = counter + 1: null

2018-12-04 10:02:33 - [TEST_STEP][PASSED] - Statement - PreSaveFile = new java.io.File(((pathPrefix + java.lang.Integer.toString(counter)) + .png)): null

2018-12-04 10:02:33 - [TEST_STEP][PASSED] - Statement - counter = counter + 1: null

2018-12-04 10:02:33 - [TEST_STEP][PASSED] - Statement - PreSaveFile = new java.io.File(((pathPrefix + java.lang.Integer.toString(counter)) + .png)): null

2018-12-04 10:02:34 - [TEST_STEP][PASSED] - Statement - counter = counter + 1: null

2018-12-04 10:02:34 - [TEST_STEP][PASSED] - Statement - PreSaveFile = new java.io.File(((pathPrefix + java.lang.Integer.toString(counter)) + .png)): null

2018-12-04 10:02:34 - [TEST_STEP][PASSED] - Statement - counter = counter + 1: null

2018-12-04 10:02:34 - [TEST_STEP][PASSED] - Statement - PreSaveFile = new java.io.File(((pathPrefix + java.lang.Integer.toString(counter)) + .png)): null

2018-12-04 10:02:34 - [TEST_STEP][PASSED] - Statement - counter = counter + 1: null

2018-12-04 10:02:34 - [TEST_STEP][PASSED] - Statement - PreSaveFile = new java.io.File(((pathPrefix + java.lang.Integer.toString(counter)) + .png)): null

2018-12-04 10:02:34 - [TEST_STEP][PASSED] - Statement - counter = counter + 1: null

2018-12-04 10:02:34 - [TEST_STEP][PASSED] - Statement - PreSaveFile = new java.io.File(((pathPrefix + java.lang.Integer.toString(counter)) + .png)): null

2018-12-04 10:02:34 - [TEST_STEP][PASSED] - Statement - counter = counter + 1: null

2018-12-04 10:02:35 - [TEST_STEP][PASSED] - Statement - PreSaveFile = new java.io.File(((pathPrefix + java.lang.Integer.toString(counter)) + .png)): null

2018-12-04 10:02:35 - [TEST_STEP][PASSED] - Statement - counter = counter + 1: null

2018-12-04 10:02:35 - [TEST_STEP][PASSED] - Statement - PreSaveFile = new java.io.File(((pathPrefix + java.lang.Integer.toString(counter)) + .png)): null

2018-12-04 10:02:35 - [TEST_STEP][PASSED] - Statement - counter = counter + 1: null

2018-12-04 10:02:35 - [TEST_STEP][PASSED] - Statement - PreSaveFile = new java.io.File(((pathPrefix + java.lang.Integer.toString(counter)) + .png)): null

2018-12-04 10:02:35 - [TEST_STEP][PASSED] - Statement - counter = counter + 1: null

2018-12-04 10:02:35 - [TEST_STEP][PASSED] - Statement - PreSaveFile = new java.io.File(((pathPrefix + java.lang.Integer.toString(counter)) + .png)): null

2018-12-04 10:02:35 - [TEST_STEP][PASSED] - Statement - counter = counter + 1: null

2018-12-04 10:02:35 - [TEST_STEP][PASSED] - Statement - PreSaveFile = new java.io.File(((pathPrefix + java.lang.Integer.toString(counter)) + .png)): null

2018-12-04 10:02:35 - [TEST_STEP][PASSED] - Statement - counter = counter + 1: null

2018-12-04 10:02:36 - [TEST_STEP][PASSED] - Statement - PreSaveFile = new java.io.File(((pathPrefix + java.lang.Integer.toString(counter)) + .png)): null

2018-12-04 10:02:36 - [TEST_STEP][PASSED] - Statement - counter = counter + 1: null

2018-12-04 10:02:36 - [TEST_STEP][PASSED] - Statement - PreSaveFile = new java.io.File(((pathPrefix + java.lang.Integer.toString(counter)) + .png)): null

2018-12-04 10:02:36 - [TEST_STEP][PASSED] - Statement - counter = counter + 1: null

2018-12-04 10:02:36 - [TEST_STEP][PASSED] - Statement - PreSaveFile = new java.io.File(((pathPrefix + java.lang.Integer.toString(counter)) + .png)): null

2018-12-04 10:02:36 - [TEST_STEP][PASSED] - Statement - counter = counter + 1: null

2018-12-04 10:02:36 - [TEST_STEP][PASSED] - Statement - PreSaveFile = new java.io.File(((pathPrefix + java.lang.Integer.toString(counter)) + .png)): null

2018-12-04 10:02:36 - [TEST_STEP][PASSED] - Statement - counter = counter + 1: null

2018-12-04 10:02:36 - [TEST_STEP][PASSED] - Statement - PreSaveFile = new java.io.File(((pathPrefix + java.lang.Integer.toString(counter)) + .png)): null

2018-12-04 10:02:36 - [TEST_STEP][PASSED] - Statement - counter = counter + 1: null

2018-12-04 10:02:37 - [TEST_STEP][PASSED] - Statement - PreSaveFile = new java.io.File(((pathPrefix + java.lang.Integer.toString(counter)) + .png)): null

2018-12-04 10:02:37 - [TEST_STEP][PASSED] - Statement - counter = counter + 1: null

2018-12-04 10:02:37 - [TEST_STEP][PASSED] - Statement - PreSaveFile = new java.io.File(((pathPrefix + java.lang.Integer.toString(counter)) + .png)): null

2018-12-04 10:02:37 - [TEST_STEP][PASSED] - Statement - counter = counter + 1: null

2018-12-04 10:02:37 - [TEST_STEP][PASSED] - Statement - PreSaveFile = new java.io.File(((pathPrefix + java.lang.Integer.toString(counter)) + .png)): null

2018-12-04 10:02:37 - [TEST_STEP][PASSED] - Statement - counter = counter + 1: null

2018-12-04 10:02:37 - [TEST_STEP][PASSED] - Statement - PreSaveFile = new java.io.File(((pathPrefix + java.lang.Integer.toString(counter)) + .png)): null

2018-12-04 10:02:37 - [TEST_STEP][PASSED] - Statement - counter = counter + 1: null

2018-12-04 10:02:37 - [TEST_STEP][PASSED] - Statement - PreSaveFile = new java.io.File(((pathPrefix + java.lang.Integer.toString(counter)) + .png)): null

2018-12-04 10:02:37 - [TEST_STEP][PASSED] - Statement - counter = counter + 1: null

2018-12-04 10:02:37 - [TEST_STEP][PASSED] - Statement - PreSaveFile = new java.io.File(((pathPrefix + java.lang.Integer.toString(counter)) + .png)): null

2018-12-04 10:02:37 - [TEST_STEP][PASSED] - Statement - counter = counter + 1: null

2018-12-04 10:02:37 - [TEST_STEP][PASSED] - Statement - PreSaveFile = new java.io.File(((pathPrefix + java.lang.Integer.toString(counter)) + .png)): null

2018-12-04 10:02:37 - [TEST_STEP][PASSED] - Statement - counter = counter + 1: null

2018-12-04 10:02:37 - [TEST_STEP][PASSED] - Statement - PreSaveFile = new java.io.File(((pathPrefix + java.lang.Integer.toString(counter)) + .png)): null

2018-12-04 10:02:37 - [TEST_STEP][PASSED] - Statement - counter = counter + 1: null

2018-12-04 10:02:37 - [TEST_STEP][PASSED] - Statement - PreSaveFile = new java.io.File(((pathPrefix + java.lang.Integer.toString(counter)) + .png)): null

2018-12-04 10:02:37 - [TEST_STEP][PASSED] - Statement - counter = counter + 1: null

2018-12-04 10:02:37 - [TEST_STEP][PASSED] - Statement - PreSaveFile = new java.io.File(((pathPrefix + java.lang.Integer.toString(counter)) + .png)): null

2018-12-04 10:02:38 - [TEST_STEP][PASSED] - Statement - counter = counter + 1: null

2018-12-04 10:02:38 - [TEST_STEP][PASSED] - Statement - PreSaveFile = new java.io.File(((pathPrefix + java.lang.Integer.toString(counter)) + .png)): null

2018-12-04 10:02:38 - [TEST_STEP][PASSED] - Statement - counter = counter + 1: null

2018-12-04 10:02:38 - [TEST_STEP][PASSED] - Statement - PreSaveFile = new java.io.File(((pathPrefix + java.lang.Integer.toString(counter)) + .png)): null

2018-12-04 10:02:38 - [TEST_STEP][PASSED] - Statement - counter = counter + 1: null

2018-12-04 10:02:38 - [TEST_STEP][PASSED] - Statement - PreSaveFile = new java.io.File(((pathPrefix + java.lang.Integer.toString(counter)) + .png)): null

2018-12-04 10:02:38 - [TEST_STEP][PASSED] - Statement - counter = counter + 1: null

2018-12-04 10:02:38 - [TEST_STEP][PASSED] - Statement - PreSaveFile = new java.io.File(((pathPrefix + java.lang.Integer.toString(counter)) + .png)): null

2018-12-04 10:02:38 - [TEST_STEP][PASSED] - Statement - counter = counter + 1: null

2018-12-04 10:02:39 - [TEST_STEP][PASSED] - Statement - PreSaveFile = new java.io.File(((pathPrefix + java.lang.Integer.toString(counter)) + .png)): null

2018-12-04 10:02:39 - [TEST_STEP][PASSED] - Statement - counter = counter + 1: null

2018-12-04 10:02:39 - [TEST_STEP][PASSED] - Statement - PreSaveFile = new java.io.File(((pathPrefix + java.lang.Integer.toString(counter)) + .png)): null

2018-12-04 10:02:39 - [TEST_STEP][PASSED] - Statement - counter = counter + 1: null

2018-12-04 10:02:39 - [TEST_STEP][PASSED] - Statement - PreSaveFile = new java.io.File(((pathPrefix + java.lang.Integer.toString(counter)) + .png)): null

2018-12-04 10:02:39 - [TEST_STEP][PASSED] - Statement - counter = counter + 1: null

2018-12-04 10:02:39 - [TEST_STEP][PASSED] - Statement - PreSaveFile = new java.io.File(((pathPrefix + java.lang.Integer.toString(counter)) + .png)): null

2018-12-04 10:02:39 - [TEST_STEP][PASSED] - Statement - counter = counter + 1: null

2018-12-04 10:02:39 - [TEST_STEP][PASSED] - Statement - PreSaveFile = new java.io.File(((pathPrefix + java.lang.Integer.toString(counter)) + .png)): null

2018-12-04 10:02:39 - [TEST_STEP][PASSED] - Statement - counter = counter + 1: null

2018-12-04 10:02:41 - [TEST_STEP][PASSED] - Statement - PreSaveFile = new java.io.File(((pathPrefix + java.lang.Integer.toString(counter)) + .png)): null

2018-12-04 10:02:41 - [TEST_STEP][PASSED] - Statement - counter = counter + 1: null

2018-12-04 10:02:41 - [TEST_STEP][PASSED] - Statement - PreSaveFile = new java.io.File(((pathPrefix + java.lang.Integer.toString(counter)) + .png)): null

2018-12-04 10:02:41 - [TEST_STEP][PASSED] - Statement - counter = counter + 1: null

2018-12-04 10:02:41 - [TEST_STEP][PASSED] - Statement - PreSaveFile = new java.io.File(((pathPrefix + java.lang.Integer.toString(counter)) + .png)): null

2018-12-04 10:02:41 - [TEST_STEP][PASSED] - Statement - counter = counter + 1: null

2018-12-04 10:02:41 - [TEST_STEP][PASSED] - Statement - PreSaveFile = new java.io.File(((pathPrefix + java.lang.Integer.toString(counter)) + .png)): null

2018-12-04 10:02:41 - [TEST_STEP][PASSED] - Statement - counter = counter + 1: null

2018-12-04 10:02:41 - [TEST_STEP][PASSED] - Statement - PreSaveFile = new java.io.File(((pathPrefix + java.lang.Integer.toString(counter)) + .png)): null

2018-12-04 10:02:41 - [TEST_STEP][PASSED] - Statement - counter = counter + 1: null

2018-12-04 10:02:42 - [TEST_STEP][PASSED] - Statement - PreSaveFile = new java.io.File(((pathPrefix + java.lang.Integer.toString(counter)) + .png)): null

2018-12-04 10:02:42 - [TEST_STEP][PASSED] - Statement - counter = counter + 1: null

2018-12-04 10:02:42 - [TEST_STEP][PASSED] - Statement - PreSaveFile = new java.io.File(((pathPrefix + java.lang.Integer.toString(counter)) + .png)): null

2018-12-04 10:02:42 - [TEST_STEP][PASSED] - Statement - counter = counter + 1: null

2018-12-04 10:02:42 - [TEST_STEP][PASSED] - Statement - PreSaveFile = new java.io.File(((pathPrefix + java.lang.Integer.toString(counter)) + .png)): null

2018-12-04 10:02:42 - [TEST_STEP][PASSED] - Statement - counter = counter + 1: null

2018-12-04 10:02:42 - [TEST_STEP][PASSED] - Statement - PreSaveFile = new java.io.File(((pathPrefix + java.lang.Integer.toString(counter)) + .png)): null

2018-12-04 10:02:42 - [TEST_STEP][PASSED] - Statement - counter = counter + 1: null

2018-12-04 10:02:42 - [TEST_STEP][PASSED] - Statement - PreSaveFile = new java.io.File(((pathPrefix + java.lang.Integer.toString(counter)) + .png)): null

2018-12-04 10:02:43 - [TEST_STEP][PASSED] - Statement - counter = counter + 1: null

2018-12-04 10:02:43 - [TEST_STEP][PASSED] - Statement - PreSaveFile = new java.io.File(((pathPrefix + java.lang.Integer.toString(counter)) + .png)): null

2018-12-04 10:02:43 - [TEST_STEP][PASSED] - Statement - counter = counter + 1: null

2018-12-04 10:02:43 - [TEST_STEP][PASSED] - Statement - PreSaveFile = new java.io.File(((pathPrefix + java.lang.Integer.toString(counter)) + .png)): null

2018-12-04 10:02:43 - [TEST_STEP][PASSED] - Statement - counter = counter + 1: null

2018-12-04 10:02:43 - [TEST_STEP][PASSED] - Statement - PreSaveFile = new java.io.File(((pathPrefix + java.lang.Integer.toString(counter)) + .png)): null

2018-12-04 10:02:43 - [TEST_STEP][PASSED] - Statement - counter = counter + 1: null

2018-12-04 10:02:43 - [TEST_STEP][PASSED] - Statement - PreSaveFile = new java.io.File(((pathPrefix + java.lang.Integer.toString(counter)) + .png)): null

2018-12-04 10:02:43 - [TEST_STEP][PASSED] - Statement - counter = counter + 1: null

2018-12-04 10:02:43 - [TEST_STEP][PASSED] - Statement - PreSaveFile = new java.io.File(((pathPrefix + java.lang.Integer.toString(counter)) + .png)): null

2018-12-04 10:02:44 - [TEST_STEP][PASSED] - Statement - counter = counter + 1: null

2018-12-04 10:02:44 - [TEST_STEP][PASSED] - Statement - PreSaveFile = new java.io.File(((pathPrefix + java.lang.Integer.toString(counter)) + .png)): null

2018-12-04 10:02:44 - [TEST_STEP][PASSED] - Statement - counter = counter + 1: null

2018-12-04 10:02:44 - [TEST_STEP][PASSED] - Statement - PreSaveFile = new java.io.File(((pathPrefix + java.lang.Integer.toString(counter)) + .png)): null

2018-12-04 10:02:44 - [TEST_STEP][PASSED] - Statement - counter = counter + 1: null

2018-12-04 10:02:44 - [TEST_STEP][PASSED] - Statement - PreSaveFile = new java.io.File(((pathPrefix + java.lang.Integer.toString(counter)) + .png)): null

2018-12-04 10:02:44 - [TEST_STEP][PASSED] - Statement - counter = counter + 1: null

2018-12-04 10:02:44 - [TEST_STEP][PASSED] - Statement - PreSaveFile = new java.io.File(((pathPrefix + java.lang.Integer.toString(counter)) + .png)): null

2018-12-04 10:02:44 - [TEST_STEP][PASSED] - Statement - counter = counter + 1: null

2018-12-04 10:02:45 - [TEST_STEP][PASSED] - Statement - PreSaveFile = new java.io.File(((pathPrefix + java.lang.Integer.toString(counter)) + .png)): null

2018-12-04 10:02:45 - [TEST_STEP][PASSED] - Statement - counter = counter + 1: null

2018-12-04 10:02:45 - [TEST_STEP][PASSED] - Statement - PreSaveFile = new java.io.File(((pathPrefix + java.lang.Integer.toString(counter)) + .png)): null

2018-12-04 10:02:45 - [TEST_STEP][PASSED] - Statement - counter = counter + 1: null

2018-12-04 10:02:45 - [TEST_STEP][PASSED] - Statement - PreSaveFile = new java.io.File(((pathPrefix + java.lang.Integer.toString(counter)) + .png)): null

2018-12-04 10:02:45 - [TEST_STEP][PASSED] - Statement - counter = counter + 1: null

2018-12-04 10:02:45 - [TEST_STEP][PASSED] - Statement - PreSaveFile = new java.io.File(((pathPrefix + java.lang.Integer.toString(counter)) + .png)): null

2018-12-04 10:02:45 - [TEST_STEP][PASSED] - Statement - counter = counter + 1: null

2018-12-04 10:02:45 - [TEST_STEP][PASSED] - Statement - PreSaveFile = new java.io.File(((pathPrefix + java.lang.Integer.toString(counter)) + .png)): null

2018-12-04 10:02:45 - [TEST_STEP][PASSED] - Statement - counter = counter + 1: null

2018-12-04 10:02:47 - [TEST_STEP][PASSED] - Statement - PreSaveFile = new java.io.File(((pathPrefix + java.lang.Integer.toString(counter)) + .png)): null

2018-12-04 10:02:47 - [TEST_STEP][PASSED] - Statement - counter = counter + 1: null

2018-12-04 10:02:47 - [TEST_STEP][PASSED] - Statement - PreSaveFile = new java.io.File(((pathPrefix + java.lang.Integer.toString(counter)) + .png)): null

2018-12-04 10:02:47 - [TEST_STEP][PASSED] - Statement - counter = counter + 1: null

2018-12-04 10:02:47 - [TEST_STEP][PASSED] - Statement - PreSaveFile = new java.io.File(((pathPrefix + java.lang.Integer.toString(counter)) + .png)): null

2018-12-04 10:02:47 - [TEST_STEP][PASSED] - Statement - counter = counter + 1: null

2018-12-04 10:02:47 - [TEST_STEP][PASSED] - Statement - PreSaveFile = new java.io.File(((pathPrefix + java.lang.Integer.toString(counter)) + .png)): null

2018-12-04 10:02:47 - [TEST_STEP][PASSED] - Statement - counter = counter + 1: null

2018-12-04 10:02:47 - [TEST_STEP][PASSED] - Statement - PreSaveFile = new java.io.File(((pathPrefix + java.lang.Integer.toString(counter)) + .png)): null

2018-12-04 10:02:47 - [TEST_STEP][PASSED] - Statement - counter = counter + 1: null

2018-12-04 10:02:48 - [TEST_STEP][PASSED] - Statement - PreSaveFile = new java.io.File(((pathPrefix + java.lang.Integer.toString(counter)) + .png)): null

2018-12-04 10:02:48 - [TEST_STEP][PASSED] - Statement - counter = counter + 1: null

2018-12-04 10:02:48 - [TEST_STEP][PASSED] - Statement - PreSaveFile = new java.io.File(((pathPrefix + java.lang.Integer.toString(counter)) + .png)): null

2018-12-04 10:02:48 - [TEST_STEP][PASSED] - Statement - counter = counter + 1: null

2018-12-04 10:02:48 - [TEST_STEP][PASSED] - Statement - PreSaveFile = new java.io.File(((pathPrefix + java.lang.Integer.toString(counter)) + .png)): null

2018-12-04 10:02:48 - [TEST_STEP][PASSED] - Statement - counter = counter + 1: null

2018-12-04 10:02:48 - [TEST_STEP][PASSED] - Statement - PreSaveFile = new java.io.File(((pathPrefix + java.lang.Integer.toString(counter)) + .png)): null

2018-12-04 10:02:48 - [TEST_STEP][PASSED] - Statement - counter = counter + 1: null

2018-12-04 10:02:48 - [TEST_STEP][PASSED] - Statement - PreSaveFile = new java.io.File(((pathPrefix + java.lang.Integer.toString(counter)) + .png)): null

2018-12-04 10:02:49 - [TEST_STEP][PASSED] - Statement - counter = counter + 1: null

2018-12-04 10:02:49 - [TEST_STEP][PASSED] - Statement - PreSaveFile = new java.io.File(((pathPrefix + java.lang.Integer.toString(counter)) + .png)): null

2018-12-04 10:02:49 - [TEST_STEP][PASSED] - Statement - counter = counter + 1: null

2018-12-04 10:02:49 - [TEST_STEP][PASSED] - Statement - PreSaveFile = new java.io.File(((pathPrefix + java.lang.Integer.toString(counter)) + .png)): null

2018-12-04 10:02:49 - [TEST_STEP][PASSED] - Statement - counter = counter + 1: null

2018-12-04 10:02:49 - [TEST_STEP][PASSED] - Statement - PreSaveFile = new java.io.File(((pathPrefix + java.lang.Integer.toString(counter)) + .png)): null

2018-12-04 10:02:49 - [TEST_STEP][PASSED] - Statement - counter = counter + 1: null

2018-12-04 10:02:49 - [TEST_STEP][PASSED] - Statement - PreSaveFile = new java.io.File(((pathPrefix + java.lang.Integer.toString(counter)) + .png)): null

2018-12-04 10:02:49 - [TEST_STEP][PASSED] - Statement - counter = counter + 1: null

2018-12-04 10:02:50 - [TEST_STEP][PASSED] - Statement - PreSaveFile = new java.io.File(((pathPrefix + java.lang.Integer.toString(counter)) + .png)): null

2018-12-04 10:02:50 - [TEST_STEP][PASSED] - Statement - counter = counter + 1: null

2018-12-04 10:02:50 - [TEST_STEP][PASSED] - Statement - PreSaveFile = new java.io.File(((pathPrefix + java.lang.Integer.toString(counter)) + .png)): null

2018-12-04 10:02:50 - [TEST_STEP][PASSED] - Statement - counter = counter + 1: null

2018-12-04 10:02:50 - [TEST_STEP][PASSED] - Statement - PreSaveFile = new java.io.File(((pathPrefix + java.lang.Integer.toString(counter)) + .png)): null

2018-12-04 10:02:50 - [TEST_STEP][PASSED] - Statement - counter = counter + 1: null

2018-12-04 10:02:50 - [TEST_STEP][PASSED] - Statement - PreSaveFile = new java.io.File(((pathPrefix + java.lang.Integer.toString(counter)) + .png)): null

2018-12-04 10:02:50 - [TEST_STEP][PASSED] - Statement - counter = counter + 1: null

2018-12-04 10:02:50 - [TEST_STEP][PASSED] - Statement - PreSaveFile = new java.io.File(((pathPrefix + java.lang.Integer.toString(counter)) + .png)): null

2018-12-04 10:02:50 - [TEST_STEP][PASSED] - Statement - counter = counter + 1: null

2018-12-04 10:02:51 - [TEST_STEP][PASSED] - Statement - PreSaveFile = new java.io.File(((pathPrefix + java.lang.Integer.toString(counter)) + .png)): null

2018-12-04 10:02:51 - [TEST_STEP][PASSED] - Statement - counter = counter + 1: null

2018-12-04 10:02:51 - [TEST_STEP][PASSED] - Statement - PreSaveFile = new java.io.File(((pathPrefix + java.lang.Integer.toString(counter)) + .png)): null

2018-12-04 10:02:51 - [TEST_STEP][PASSED] - Statement - counter = counter + 1: null

2018-12-04 10:02:51 - [TEST_STEP][PASSED] - Statement - PreSaveFile = new java.io.File(((pathPrefix + java.lang.Integer.toString(counter)) + .png)): null

2018-12-04 10:02:51 - [TEST_STEP][PASSED] - Statement - counter = counter + 1: null

2018-12-04 10:02:51 - [TEST_STEP][PASSED] - Statement - PreSaveFile = new java.io.File(((pathPrefix + java.lang.Integer.toString(counter)) + .png)): null

2018-12-04 10:02:51 - [TEST_STEP][PASSED] - Statement - counter = counter + 1: null

2018-12-04 10:02:51 - [TEST_STEP][PASSED] - Statement - PreSaveFile = new java.io.File(((pathPrefix + java.lang.Integer.toString(counter)) + .png)): null

2018-12-04 10:02:51 - [TEST_STEP][PASSED] - Statement - counter = counter + 1: null

2018-12-04 10:02:52 - [TEST_STEP][PASSED] - Statement - PreSaveFile = new java.io.File(((pathPrefix + java.lang.Integer.toString(counter)) + .png)): null

2018-12-04 10:02:52 - [TEST_STEP][PASSED] - Statement - counter = counter + 1: null

2018-12-04 10:02:52 - [TEST_STEP][PASSED] - Statement - PreSaveFile = new java.io.File(((pathPrefix + java.lang.Integer.toString(counter)) + .png)): null

2018-12-04 10:02:52 - [TEST_STEP][PASSED] - Statement - counter = counter + 1: null

2018-12-04 10:02:52 - [TEST_STEP][PASSED] - Statement - PreSaveFile = new java.io.File(((pathPrefix + java.lang.Integer.toString(counter)) + .png)): null

2018-12-04 10:02:52 - [TEST_STEP][PASSED] - Statement - counter = counter + 1: null

2018-12-04 10:02:52 - [TEST_STEP][PASSED] - Statement - PreSaveFile = new java.io.File(((pathPrefix + java.lang.Integer.toString(counter)) + .png)): null

2018-12-04 10:02:52 - [TEST_STEP][PASSED] - Statement - counter = counter + 1: null

2018-12-04 10:02:52 - [TEST_STEP][PASSED] - Statement - PreSaveFile = new java.io.File(((pathPrefix + java.lang.Integer.toString(counter)) + .png)): null

2018-12-04 10:02:52 - [TEST_STEP][PASSED] - Statement - counter = counter + 1: null

2018-12-04 10:02:54 - [TEST_STEP][PASSED] - Statement - PreSaveFile = new java.io.File(((pathPrefix + java.lang.Integer.toString(counter)) + .png)): null

2018-12-04 10:02:54 - [TEST_STEP][PASSED] - Statement - counter = counter + 1: null

2018-12-04 10:02:54 - [TEST_STEP][PASSED] - Statement - PreSaveFile = new java.io.File(((pathPrefix + java.lang.Integer.toString(counter)) + .png)): null

2018-12-04 10:02:54 - [TEST_STEP][PASSED] - Statement - counter = counter + 1: null

2018-12-04 10:02:54 - [TEST_STEP][PASSED] - Statement - PreSaveFile = new java.io.File(((pathPrefix + java.lang.Integer.toString(counter)) + .png)): null

2018-12-04 10:02:54 - [TEST_STEP][PASSED] - Statement - counter = counter + 1: null

2018-12-04 10:02:54 - [TEST_STEP][PASSED] - Statement - PreSaveFile = new java.io.File(((pathPrefix + java.lang.Integer.toString(counter)) + .png)): null

2018-12-04 10:02:54 - [TEST_STEP][PASSED] - Statement - counter = counter + 1: null

2018-12-04 10:02:54 - [TEST_STEP][PASSED] - Statement - PreSaveFile = new java.io.File(((pathPrefix + java.lang.Integer.toString(counter)) + .png)): null

2018-12-04 10:02:55 - [TEST_STEP][PASSED] - Statement - counter = counter + 1: null

2018-12-04 10:02:55 - [TEST_STEP][PASSED] - Statement - PreSaveFile = new java.io.File(((pathPrefix + java.lang.Integer.toString(counter)) + .png)): null

2018-12-04 10:02:55 - [TEST_STEP][PASSED] - Statement - counter = counter + 1: null

2018-12-04 10:02:55 - [TEST_STEP][PASSED] - Statement - PreSaveFile = new java.io.File(((pathPrefix + java.lang.Integer.toString(counter)) + .png)): null

2018-12-04 10:02:55 - [TEST_STEP][PASSED] - Statement - counter = counter + 1: null

2018-12-04 10:02:55 - [TEST_STEP][PASSED] - Statement - PreSaveFile = new java.io.File(((pathPrefix + java.lang.Integer.toString(counter)) + .png)): null

2018-12-04 10:02:55 - [TEST_STEP][PASSED] - Statement - counter = counter + 1: null

2018-12-04 10:02:55 - [TEST_STEP][PASSED] - Statement - PreSaveFile = new java.io.File(((pathPrefix + java.lang.Integer.toString(counter)) + .png)): null

2018-12-04 10:02:55 - [TEST_STEP][PASSED] - Statement - counter = counter + 1: null

2018-12-04 10:02:57 - [TEST_STEP][PASSED] - Statement - PreSaveFile = new java.io.File(((pathPrefix + java.lang.Integer.toString(counter)) + .png)): null

2018-12-04 10:02:57 - [TEST_STEP][PASSED] - Statement - counter = counter + 1: null

2018-12-04 10:02:57 - [TEST_STEP][PASSED] - Statement - PreSaveFile = new java.io.File(((pathPrefix + java.lang.Integer.toString(counter)) + .png)): null

2018-12-04 10:02:57 - [TEST_STEP][PASSED] - Statement - counter = counter + 1: null

2018-12-04 10:02:57 - [TEST_STEP][PASSED] - Statement - PreSaveFile = new java.io.File(((pathPrefix + java.lang.Integer.toString(counter)) + .png)): null

2018-12-04 10:02:57 - [TEST_STEP][PASSED] - Statement - counter = counter + 1: null

2018-12-04 10:02:57 - [TEST_STEP][PASSED] - Statement - PreSaveFile = new java.io.File(((pathPrefix + java.lang.Integer.toString(counter)) + .png)): null

2018-12-04 10:02:57 - [TEST_STEP][PASSED] - Statement - counter = counter + 1: null

2018-12-04 10:02:57 - [TEST_STEP][PASSED] - Statement - PreSaveFile = new java.io.File(((pathPrefix + java.lang.Integer.toString(counter)) + .png)): null

2018-12-04 10:02:57 - [TEST_STEP][PASSED] - Statement - counter = counter + 1: null

2018-12-04 10:02:58 - [TEST_STEP][PASSED] - Statement - PreSaveFile = new java.io.File(((pathPrefix + java.lang.Integer.toString(counter)) + .png)): null

2018-12-04 10:02:58 - [TEST_STEP][PASSED] - Statement - counter = counter + 1: null

2018-12-04 10:02:58 - [TEST_STEP][PASSED] - Statement - PreSaveFile = new java.io.File(((pathPrefix + java.lang.Integer.toString(counter)) + .png)): null

2018-12-04 10:02:58 - [TEST_STEP][PASSED] - Statement - counter = counter + 1: null

2018-12-04 10:02:58 - [TEST_STEP][PASSED] - Statement - PreSaveFile = new java.io.File(((pathPrefix + java.lang.Integer.toString(counter)) + .png)): null

2018-12-04 10:02:58 - [TEST_STEP][PASSED] - Statement - counter = counter + 1: null

2018-12-04 10:02:58 - [TEST_STEP][PASSED] - Statement - PreSaveFile = new java.io.File(((pathPrefix + java.lang.Integer.toString(counter)) + .png)): null

2018-12-04 10:02:58 - [TEST_STEP][PASSED] - Statement - counter = counter + 1: null

2018-12-04 10:02:58 - [TEST_STEP][PASSED] - Statement - PreSaveFile = new java.io.File(((pathPrefix + java.lang.Integer.toString(counter)) + .png)): null

2018-12-04 10:02:58 - [TEST_STEP][PASSED] - Statement - counter = counter + 1: null

2018-12-04 10:03:00 - [TEST_STEP][PASSED] - Statement - PreSaveFile = new java.io.File(((pathPrefix + java.lang.Integer.toString(counter)) + .png)): null

2018-12-04 10:03:00 - [TEST_STEP][PASSED] - Statement - counter = counter + 1: null

2018-12-04 10:03:00 - [TEST_STEP][PASSED] - Statement - PreSaveFile = new java.io.File(((pathPrefix + java.lang.Integer.toString(counter)) + .png)): null

2018-12-04 10:03:00 - [TEST_STEP][PASSED] - Statement - counter = counter + 1: null

2018-12-04 10:03:00 - [TEST_STEP][PASSED] - Statement - PreSaveFile = new java.io.File(((pathPrefix + java.lang.Integer.toString(counter)) + .png)): null

2018-12-04 10:03:00 - [TEST_STEP][PASSED] - Statement - counter = counter + 1: null

2018-12-04 10:03:00 - [TEST_STEP][PASSED] - Statement - PreSaveFile = new java.io.File(((pathPrefix + java.lang.Integer.toString(counter)) + .png)): null

2018-12-04 10:03:00 - [TEST_STEP][PASSED] - Statement - counter = counter + 1: null

2018-12-04 10:03:00 - [TEST_STEP][PASSED] - Statement - PreSaveFile = new java.io.File(((pathPrefix + java.lang.Integer.toString(counter)) + .png)): null

2018-12-04 10:03:01 - [TEST_STEP][PASSED] - Statement - counter = counter + 1: null

2018-12-04 10:03:01 - [TEST_STEP][PASSED] - Statement - PreSaveFile = new java.io.File(((pathPrefix + java.lang.Integer.toString(counter)) + .png)): null

2018-12-04 10:03:01 - [TEST_STEP][PASSED] - Statement - counter = counter + 1: null

2018-12-04 10:03:01 - [TEST_STEP][PASSED] - Statement - PreSaveFile = new java.io.File(((pathPrefix + java.lang.Integer.toString(counter)) + .png)): null

2018-12-04 10:03:01 - [TEST_STEP][PASSED] - Statement - counter = counter + 1: null

2018-12-04 10:03:01 - [TEST_STEP][PASSED] - Statement - PreSaveFile = new java.io.File(((pathPrefix + java.lang.Integer.toString(counter)) + .png)): null

2018-12-04 10:03:01 - [TEST_STEP][PASSED] - Statement - counter = counter + 1: null

2018-12-04 10:03:01 - [TEST_STEP][PASSED] - Statement - PreSaveFile = new java.io.File(((pathPrefix + java.lang.Integer.toString(counter)) + .png)): null

2018-12-04 10:03:01 - [TEST_STEP][PASSED] - Statement - counter = counter + 1: null

2018-12-04 10:03:01 - [TEST_STEP][PASSED] - Statement - PreSaveFile = new java.io.File(((pathPrefix + java.lang.Integer.toString(counter)) + .png)): null

2018-12-04 10:03:02 - [TEST_STEP][PASSED] - Statement - counter = counter + 1: null

2018-12-04 10:03:02 - [TEST_STEP][PASSED] - Statement - PreSaveFile = new java.io.File(((pathPrefix + java.lang.Integer.toString(counter)) + .png)): null

2018-12-04 10:03:02 - [TEST_STEP][PASSED] - Statement - counter = counter + 1: null

2018-12-04 10:03:02 - [TEST_STEP][PASSED] - Statement - PreSaveFile = new java.io.File(((pathPrefix + java.lang.Integer.toString(counter)) + .png)): null

2018-12-04 10:03:02 - [TEST_STEP][PASSED] - Statement - counter = counter + 1: null

2018-12-04 10:03:02 - [TEST_STEP][PASSED] - Statement - PreSaveFile = new java.io.File(((pathPrefix + java.lang.Integer.toString(counter)) + .png)): null

2018-12-04 10:03:02 - [TEST_STEP][PASSED] - Statement - counter = counter + 1: null

2018-12-04 10:03:02 - [TEST_STEP][PASSED] - Statement - PreSaveFile = new java.io.File(((pathPrefix + java.lang.Integer.toString(counter)) + .png)): null

2018-12-04 10:03:02 - [TEST_STEP][PASSED] - Statement - counter = counter + 1: null

2018-12-04 10:03:04 - [TEST_STEP][PASSED] - Statement - PreSaveFile = new java.io.File(((pathPrefix + java.lang.Integer.toString(counter)) + .png)): null

2018-12-04 10:03:04 - [TEST_STEP][PASSED] - Statement - counter = counter + 1: null

2018-12-04 10:03:04 - [TEST_STEP][PASSED] - Statement - PreSaveFile = new java.io.File(((pathPrefix + java.lang.Integer.toString(counter)) + .png)): null

2018-12-04 10:03:04 - [TEST_STEP][PASSED] - Statement - counter = counter + 1: null

2018-12-04 10:03:04 - [TEST_STEP][PASSED] - Statement - PreSaveFile = new java.io.File(((pathPrefix + java.lang.Integer.toString(counter)) + .png)): null

2018-12-04 10:03:04 - [TEST_STEP][PASSED] - Statement - counter = counter + 1: null

2018-12-04 10:03:04 - [TEST_STEP][PASSED] - Statement - PreSaveFile = new java.io.File(((pathPrefix + java.lang.Integer.toString(counter)) + .png)): null

2018-12-04 10:03:04 - [TEST_STEP][PASSED] - Statement - counter = counter + 1: null

2018-12-04 10:03:04 - [TEST_STEP][PASSED] - Statement - PreSaveFile = new java.io.File(((pathPrefix + java.lang.Integer.toString(counter)) + .png)): null

2018-12-04 10:03:04 - [TEST_STEP][PASSED] - Statement - counter = counter + 1: null

2018-12-04 10:03:05 - [TEST_STEP][PASSED] - Statement - PreSaveFile = new java.io.File(((pathPrefix + java.lang.Integer.toString(counter)) + .png)): null

2018-12-04 10:03:05 - [TEST_STEP][PASSED] - Statement - counter = counter + 1: null

2018-12-04 10:03:05 - [TEST_STEP][PASSED] - Statement - PreSaveFile = new java.io.File(((pathPrefix + java.lang.Integer.toString(counter)) + .png)): null

2018-12-04 10:03:05 - [TEST_STEP][PASSED] - Statement - counter = counter + 1: null

2018-12-04 10:03:05 - [TEST_STEP][PASSED] - Statement - PreSaveFile = new java.io.File(((pathPrefix + java.lang.Integer.toString(counter)) + .png)): null

2018-12-04 10:03:05 - [TEST_STEP][PASSED] - Statement - counter = counter + 1: null

2018-12-04 10:03:05 - [TEST_STEP][PASSED] - Statement - PreSaveFile = new java.io.File(((pathPrefix + java.lang.Integer.toString(counter)) + .png)): null

2018-12-04 10:03:05 - [TEST_STEP][PASSED] - Statement - counter = counter + 1: null

2018-12-04 10:03:05 - [TEST_STEP][PASSED] - Statement - PreSaveFile = new java.io.File(((pathPrefix + java.lang.Integer.toString(counter)) + .png)): null

2018-12-04 10:03:05 - [TEST_STEP][PASSED] - Statement - counter = counter + 1: null

2018-12-04 10:03:06 - [TEST_STEP][PASSED] - Statement - PreSaveFile = new java.io.File(((pathPrefix + java.lang.Integer.toString(counter)) + .png)): null

2018-12-04 10:03:06 - [TEST_STEP][PASSED] - Statement - counter = counter + 1: null

2018-12-04 10:03:06 - [TEST_STEP][PASSED] - Statement - PreSaveFile = new java.io.File(((pathPrefix + java.lang.Integer.toString(counter)) + .png)): null

2018-12-04 10:03:06 - [TEST_STEP][PASSED] - Statement - counter = counter + 1: null

2018-12-04 10:03:06 - [TEST_STEP][PASSED] - Statement - PreSaveFile = new java.io.File(((pathPrefix + java.lang.Integer.toString(counter)) + .png)): null

2018-12-04 10:03:06 - [TEST_STEP][PASSED] - Statement - counter = counter + 1: null

2018-12-04 10:03:06 - [TEST_STEP][PASSED] - Statement - PreSaveFile = new java.io.File(((pathPrefix + java.lang.Integer.toString(counter)) + .png)): null

2018-12-04 10:03:06 - [TEST_STEP][PASSED] - Statement - counter = counter + 1: null

2018-12-04 10:03:06 - [TEST_STEP][PASSED] - Statement - PreSaveFile = new java.io.File(((pathPrefix + java.lang.Integer.toString(counter)) + .png)): null

2018-12-04 10:03:08 - [TEST_STEP][PASSED] - Statement - counter = counter + 1: null

2018-12-04 10:03:08 - [TEST_STEP][PASSED] - Statement - PreSaveFile = new java.io.File(((pathPrefix + java.lang.Integer.toString(counter)) + .png)): null

2018-12-04 10:03:08 - [TEST_STEP][PASSED] - Statement - counter = counter + 1: null

2018-12-04 10:03:08 - [TEST_STEP][PASSED] - Statement - PreSaveFile = new java.io.File(((pathPrefix + java.lang.Integer.toString(counter)) + .png)): null

2018-12-04 10:03:08 - [TEST_STEP][PASSED] - Statement - counter = counter + 1: null

2018-12-04 10:03:08 - [TEST_STEP][PASSED] - Statement - PreSaveFile = new java.io.File(((pathPrefix + java.lang.Integer.toString(counter)) + .png)): null

2018-12-04 10:03:08 - [TEST_STEP][PASSED] - Statement - counter = counter + 1: null

2018-12-04 10:03:08 - [TEST_STEP][PASSED] - Statement - PreSaveFile = new java.io.File(((pathPrefix + java.lang.Integer.toString(counter)) + .png)): null

2018-12-04 10:03:08 - [TEST_STEP][PASSED] - Statement - counter = counter + 1: null

2018-12-04 10:03:09 - [TEST_STEP][PASSED] - Statement - PreSaveFile = new java.io.File(((pathPrefix + java.lang.Integer.toString(counter)) + .png)): null

2018-12-04 10:03:09 - [TEST_STEP][PASSED] - Statement - counter = counter + 1: null

2018-12-04 10:03:09 - [TEST_STEP][PASSED] - Statement - PreSaveFile = new java.io.File(((pathPrefix + java.lang.Integer.toString(counter)) + .png)): null

2018-12-04 10:03:09 - [TEST_STEP][PASSED] - Statement - counter = counter + 1: null

2018-12-04 10:03:09 - [TEST_STEP][PASSED] - Statement - PreSaveFile = new java.io.File(((pathPrefix + java.lang.Integer.toString(counter)) + .png)): null

2018-12-04 10:03:09 - [TEST_STEP][PASSED] - Statement - counter = counter + 1: null

2018-12-04 10:03:09 - [TEST_STEP][PASSED] - Statement - PreSaveFile = new java.io.File(((pathPrefix + java.lang.Integer.toString(counter)) + .png)): null

2018-12-04 10:03:09 - [TEST_STEP][PASSED] - Statement - counter = counter + 1: null

2018-12-04 10:03:09 - [TEST_STEP][PASSED] - Statement - PreSaveFile = new java.io.File(((pathPrefix + java.lang.Integer.toString(counter)) + .png)): null

2018-12-04 10:03:09 - [TEST_STEP][PASSED] - Statement - counter = counter + 1: null

2018-12-04 10:03:11 - [TEST_STEP][PASSED] - Statement - PreSaveFile = new java.io.File(((pathPrefix + java.lang.Integer.toString(counter)) + .png)): null

2018-12-04 10:03:11 - [TEST_STEP][PASSED] - Statement - counter = counter + 1: null

2018-12-04 10:03:12 - [TEST_STEP][PASSED] - Statement - PreSaveFile = new java.io.File(((pathPrefix + java.lang.Integer.toString(counter)) + .png)): null

2018-12-04 10:03:12 - [TEST_STEP][PASSED] - Statement - counter = counter + 1: null

2018-12-04 10:03:12 - [TEST_STEP][PASSED] - Statement - PreSaveFile = new java.io.File(((pathPrefix + java.lang.Integer.toString(counter)) + .png)): null

2018-12-04 10:03:12 - [TEST_STEP][PASSED] - Statement - counter = counter + 1: null

2018-12-04 10:03:12 - [TEST_STEP][PASSED] - Statement - PreSaveFile = new java.io.File(((pathPrefix + java.lang.Integer.toString(counter)) + .png)): null

2018-12-04 10:03:12 - [TEST_STEP][PASSED] - Statement - counter = counter + 1: null

2018-12-04 10:03:12 - [TEST_STEP][PASSED] - Statement - PreSaveFile = new java.io.File(((pathPrefix + java.lang.Integer.toString(counter)) + .png)): null

2018-12-04 10:03:12 - [TEST_STEP][PASSED] - Statement - counter = counter + 1: null

2018-12-04 10:03:12 - [TEST_STEP][PASSED] - Statement - PreSaveFile = new java.io.File(((pathPrefix + java.lang.Integer.toString(counter)) + .png)): null

2018-12-04 10:03:13 - [TEST_STEP][PASSED] - Statement - counter = counter + 1: null

2018-12-04 10:03:13 - [TEST_STEP][PASSED] - Statement - PreSaveFile = new java.io.File(((pathPrefix + java.lang.Integer.toString(counter)) + .png)): null

2018-12-04 10:03:13 - [TEST_STEP][PASSED] - Statement - counter = counter + 1: null

2018-12-04 10:03:13 - [TEST_STEP][PASSED] - Statement - PreSaveFile = new java.io.File(((pathPrefix + java.lang.Integer.toString(counter)) + .png)): null

2018-12-04 10:03:13 - [TEST_STEP][PASSED] - Statement - counter = counter + 1: null

2018-12-04 10:03:13 - [TEST_STEP][PASSED] - Statement - PreSaveFile = new java.io.File(((pathPrefix + java.lang.Integer.toString(counter)) + .png)): null

2018-12-04 10:03:13 - [TEST_STEP][PASSED] - Statement - counter = counter + 1: null

2018-12-04 10:03:13 - [TEST_STEP][PASSED] - Statement - PreSaveFile = new java.io.File(((pathPrefix + java.lang.Integer.toString(counter)) + .png)): null

2018-12-04 10:03:13 - [TEST_STEP][PASSED] - Statement - counter = counter + 1: null

2018-12-04 10:03:13 - [TEST_STEP][PASSED] - Statement - PreSaveFile = new java.io.File(((pathPrefix + java.lang.Integer.toString(counter)) + .png)): null

2018-12-04 10:03:13 - [TEST_STEP][PASSED] - Statement - counter = counter + 1: null

2018-12-04 10:03:13 - [TEST_STEP][PASSED] - Statement - PreSaveFile = new java.io.File(((pathPrefix + java.lang.Integer.toString(counter)) + .png)): null

2018-12-04 10:03:13 - [TEST_STEP][PASSED] - Statement - counter = counter + 1: null

2018-12-04 10:03:13 - [TEST_STEP][PASSED] - Statement - PreSaveFile = new java.io.File(((pathPrefix + java.lang.Integer.toString(counter)) + .png)): null

2018-12-04 10:03:13 - [TEST_STEP][PASSED] - Statement - counter = counter + 1: null

2018-12-04 10:03:13 - [TEST_STEP][PASSED] - Statement - PreSaveFile = new java.io.File(((pathPrefix + java.lang.Integer.toString(counter)) + .png)): null

2018-12-04 10:03:13 - [TEST_STEP][PASSED] - Statement - counter = counter + 1: null

2018-12-04 10:03:13 - [TEST_STEP][PASSED] - Statement - PreSaveFile = new java.io.File(((pathPrefix + java.lang.Integer.toString(counter)) + .png)): null

2018-12-04 10:03:13 - [TEST_STEP][PASSED] - Statement - counter = counter + 1: null

2018-12-04 10:03:15 - [TEST_STEP][PASSED] - Statement - PreSaveFile = new java.io.File(((pathPrefix + java.lang.Integer.toString(counter)) + .png)): null

2018-12-04 10:03:15 - [TEST_STEP][PASSED] - Statement - counter = counter + 1: null

2018-12-04 10:03:15 - [TEST_STEP][PASSED] - Statement - PreSaveFile = new java.io.File(((pathPrefix + java.lang.Integer.toString(counter)) + .png)): null

2018-12-04 10:03:15 - [TEST_STEP][PASSED] - Statement - counter = counter + 1: null

2018-12-04 10:03:15 - [TEST_STEP][PASSED] - Statement - PreSaveFile = new java.io.File(((pathPrefix + java.lang.Integer.toString(counter)) + .png)): null

2018-12-04 10:03:15 - [TEST_STEP][PASSED] - Statement - counter = counter + 1: null

2018-12-04 10:03:15 - [TEST_STEP][PASSED] - Statement - PreSaveFile = new java.io.File(((pathPrefix + java.lang.Integer.toString(counter)) + .png)): null

2018-12-04 10:03:15 - [TEST_STEP][PASSED] - Statement - counter = counter + 1: null

2018-12-04 10:03:15 - [TEST_STEP][PASSED] - Statement - PreSaveFile = new java.io.File(((pathPrefix + java.lang.Integer.toString(counter)) + .png)): null

2018-12-04 10:03:15 - [TEST_STEP][PASSED] - Statement - counter = counter + 1: null

2018-12-04 10:03:16 - [TEST_STEP][PASSED] - Statement - PreSaveFile = new java.io.File(((pathPrefix + java.lang.Integer.toString(counter)) + .png)): null

2018-12-04 10:03:16 - [TEST_STEP][PASSED] - Statement - counter = counter + 1: null

2018-12-04 10:03:16 - [TEST_STEP][PASSED] - Statement - PreSaveFile = new java.io.File(((pathPrefix + java.lang.Integer.toString(counter)) + .png)): null

2018-12-04 10:03:16 - [TEST_STEP][PASSED] - Statement - counter = counter + 1: null

2018-12-04 10:03:16 - [TEST_STEP][PASSED] - Statement - PreSaveFile = new java.io.File(((pathPrefix + java.lang.Integer.toString(counter)) + .png)): null

2018-12-04 10:03:16 - [TEST_STEP][PASSED] - Statement - counter = counter + 1: null

2018-12-04 10:03:16 - [TEST_STEP][PASSED] - Statement - PreSaveFile = new java.io.File(((pathPrefix + java.lang.Integer.toString(counter)) + .png)): null

2018-12-04 10:03:16 - [TEST_STEP][PASSED] - Statement - counter = counter + 1: null

2018-12-04 10:03:16 - [TEST_STEP][PASSED] - Statement - PreSaveFile = new java.io.File(((pathPrefix + java.lang.Integer.toString(counter)) + .png)): null

2018-12-04 10:03:16 - [TEST_STEP][PASSED] - Statement - counter = counter + 1: null

2018-12-04 10:03:18 - [TEST_STEP][PASSED] - Statement - PreSaveFile = new java.io.File(((pathPrefix + java.lang.Integer.toString(counter)) + .png)): null

2018-12-04 10:03:18 - [TEST_STEP][PASSED] - Statement - counter = counter + 1: null

2018-12-04 10:03:18 - [TEST_STEP][PASSED] - Statement - PreSaveFile = new java.io.File(((pathPrefix + java.lang.Integer.toString(counter)) + .png)): null

2018-12-04 10:03:18 - [TEST_STEP][PASSED] - Statement - counter = counter + 1: null

2018-12-04 10:03:18 - [TEST_STEP][PASSED] - Statement - PreSaveFile = new java.io.File(((pathPrefix + java.lang.Integer.toString(counter)) + .png)): null

2018-12-04 10:03:18 - [TEST_STEP][PASSED] - Statement - counter = counter + 1: null

2018-12-04 10:03:18 - [TEST_STEP][PASSED] - Statement - PreSaveFile = new java.io.File(((pathPrefix + java.lang.Integer.toString(counter)) + .png)): null

2018-12-04 10:03:18 - [TEST_STEP][PASSED] - Statement - counter = counter + 1: null

2018-12-04 10:03:18 - [TEST_STEP][PASSED] - Statement - PreSaveFile = new java.io.File(((pathPrefix + java.lang.Integer.toString(counter)) + .png)): null

2018-12-04 10:03:19 - [TEST_STEP][PASSED] - Statement - counter = counter + 1: null

2018-12-04 10:03:19 - [TEST_STEP][PASSED] - Statement - PreSaveFile = new java.io.File(((pathPrefix + java.lang.Integer.toString(counter)) + .png)): null

2018-12-04 10:03:19 - [TEST_STEP][PASSED] - Statement - counter = counter + 1: null

2018-12-04 10:03:19 - [TEST_STEP][PASSED] - Statement - PreSaveFile = new java.io.File(((pathPrefix + java.lang.Integer.toString(counter)) + .png)): null

2018-12-04 10:03:19 - [TEST_STEP][PASSED] - Statement - counter = counter + 1: null

2018-12-04 10:03:19 - [TEST_STEP][PASSED] - Statement - PreSaveFile = new java.io.File(((pathPrefix + java.lang.Integer.toString(counter)) + .png)): null

2018-12-04 10:03:19 - [TEST_STEP][PASSED] - Statement - counter = counter + 1: null

2018-12-04 10:03:19 - [TEST_STEP][PASSED] - Statement - PreSaveFile = new java.io.File(((pathPrefix + java.lang.Integer.toString(counter)) + .png)): null

2018-12-04 10:03:19 - [TEST_STEP][PASSED] - Statement - counter = counter + 1: null

2018-12-04 10:03:20 - [TEST_STEP][PASSED] - Statement - PreSaveFile = new java.io.File(((pathPrefix + java.lang.Integer.toString(counter)) + .png)): null

2018-12-04 10:03:20 - [TEST_STEP][PASSED] - Statement - counter = counter + 1: null

2018-12-04 10:03:20 - [TEST_STEP][PASSED] - Statement - PreSaveFile = new java.io.File(((pathPrefix + java.lang.Integer.toString(counter)) + .png)): null

2018-12-04 10:03:20 - [TEST_STEP][PASSED] - Statement - counter = counter + 1: null

2018-12-04 10:03:20 - [TEST_STEP][PASSED] - Statement - PreSaveFile = new java.io.File(((pathPrefix + java.lang.Integer.toString(counter)) + .png)): null

2018-12-04 10:03:20 - [TEST_STEP][PASSED] - Statement - counter = counter + 1: null

2018-12-04 10:03:20 - [TEST_STEP][PASSED] - Statement - PreSaveFile = new java.io.File(((pathPrefix + java.lang.Integer.toString(counter)) + .png)): null

2018-12-04 10:03:20 - [TEST_STEP][PASSED] - Statement - counter = counter + 1: null

2018-12-04 10:03:20 - [TEST_STEP][PASSED] - Statement - PreSaveFile = new java.io.File(((pathPrefix + java.lang.Integer.toString(counter)) + .png)): null

2018-12-04 10:03:20 - [TEST_STEP][PASSED] - Statement - counter = counter + 1: null

2018-12-04 10:03:22 - [TEST_STEP][PASSED] - Statement - PreSaveFile = new java.io.File(((pathPrefix + java.lang.Integer.toString(counter)) + .png)): null

2018-12-04 10:03:22 - [TEST_STEP][PASSED] - Statement - counter = counter + 1: null

2018-12-04 10:03:22 - [TEST_STEP][PASSED] - Statement - PreSaveFile = new java.io.File(((pathPrefix + java.lang.Integer.toString(counter)) + .png)): null

2018-12-04 10:03:22 - [TEST_STEP][PASSED] - Statement - counter = counter + 1: null

2018-12-04 10:03:22 - [TEST_STEP][PASSED] - Statement - PreSaveFile = new java.io.File(((pathPrefix + java.lang.Integer.toString(counter)) + .png)): null

2018-12-04 10:03:22 - [TEST_STEP][PASSED] - Statement - counter = counter + 1: null

2018-12-04 10:03:22 - [TEST_STEP][PASSED] - Statement - PreSaveFile = new java.io.File(((pathPrefix + java.lang.Integer.toString(counter)) + .png)): null

2018-12-04 10:03:22 - [TEST_STEP][PASSED] - Statement - counter = counter + 1: null

2018-12-04 10:03:22 - [TEST_STEP][PASSED] - Statement - PreSaveFile = new java.io.File(((pathPrefix + java.lang.Integer.toString(counter)) + .png)): null

2018-12-04 10:03:22 - [TEST_STEP][PASSED] - Statement - counter = counter + 1: null

2018-12-04 10:03:24 - [TEST_STEP][PASSED] - Statement - PreSaveFile = new java.io.File(((pathPrefix + java.lang.Integer.toString(counter)) + .png)): null

2018-12-04 10:03:24 - [TEST_STEP][PASSED] - Statement - counter = counter + 1: null

2018-12-04 10:03:24 - [TEST_STEP][PASSED] - Statement - PreSaveFile = new java.io.File(((pathPrefix + java.lang.Integer.toString(counter)) + .png)): null

2018-12-04 10:03:24 - [TEST_STEP][PASSED] - Statement - counter = counter + 1: null

2018-12-04 10:03:24 - [TEST_STEP][PASSED] - Statement - PreSaveFile = new java.io.File(((pathPrefix + java.lang.Integer.toString(counter)) + .png)): null

2018-12-04 10:03:24 - [TEST_STEP][PASSED] - Statement - counter = counter + 1: null

2018-12-04 10:03:24 - [TEST_STEP][PASSED] - Statement - PreSaveFile = new java.io.File(((pathPrefix + java.lang.Integer.toString(counter)) + .png)): null

2018-12-04 10:03:24 - [TEST_STEP][PASSED] - Statement - counter = counter + 1: null

2018-12-04 10:03:24 - [TEST_STEP][PASSED] - Statement - PreSaveFile = new java.io.File(((pathPrefix + java.lang.Integer.toString(counter)) + .png)): null

2018-12-04 10:03:24 - [TEST_STEP][PASSED] - Statement - counter = counter + 1: null

2018-12-04 10:03:26 - [TEST_STEP][PASSED] - Statement - PreSaveFile = new java.io.File(((pathPrefix + java.lang.Integer.toString(counter)) + .png)): null

2018-12-04 10:03:26 - [TEST_STEP][PASSED] - Statement - counter = counter + 1: null

2018-12-04 10:03:26 - [TEST_STEP][PASSED] - Statement - PreSaveFile = new java.io.File(((pathPrefix + java.lang.Integer.toString(counter)) + .png)): null

2018-12-04 10:03:26 - [TEST_STEP][PASSED] - Statement - counter = counter + 1: null

2018-12-04 10:03:26 - [TEST_STEP][PASSED] - Statement - PreSaveFile = new java.io.File(((pathPrefix + java.lang.Integer.toString(counter)) + .png)): null

2018-12-04 10:03:26 - [TEST_STEP][PASSED] - Statement - counter = counter + 1: null

2018-12-04 10:03:26 - [TEST_STEP][PASSED] - Statement - PreSaveFile = new java.io.File(((pathPrefix + java.lang.Integer.toString(counter)) + .png)): null

2018-12-04 10:03:26 - [TEST_STEP][PASSED] - Statement - counter = counter + 1: null

2018-12-04 10:03:26 - [TEST_STEP][PASSED] - Statement - PreSaveFile = new java.io.File(((pathPrefix + java.lang.Integer.toString(counter)) + .png)): null

2018-12-04 10:03:28 - [TEST_STEP][PASSED] - Statement - counter = counter + 1: null

2018-12-04 10:03:28 - [TEST_STEP][PASSED] - Statement - PreSaveFile = new java.io.File(((pathPrefix + java.lang.Integer.toString(counter)) + .png)): null

2018-12-04 10:03:28 - [TEST_STEP][PASSED] - Statement - counter = counter + 1: null

2018-12-04 10:03:28 - [TEST_STEP][PASSED] - Statement - PreSaveFile = new java.io.File(((pathPrefix + java.lang.Integer.toString(counter)) + .png)): null

2018-12-04 10:03:28 - [TEST_STEP][PASSED] - Statement - counter = counter + 1: null

2018-12-04 10:03:28 - [TEST_STEP][PASSED] - Statement - PreSaveFile = new java.io.File(((pathPrefix + java.lang.Integer.toString(counter)) + .png)): null

2018-12-04 10:03:28 - [TEST_STEP][PASSED] - Statement - counter = counter + 1: null

2018-12-04 10:03:28 - [TEST_STEP][PASSED] - Statement - PreSaveFile = new java.io.File(((pathPrefix + java.lang.Integer.toString(counter)) + .png)): null

2018-12-04 10:03:28 - [TEST_STEP][PASSED] - Statement - counter = counter + 1: null

2018-12-04 10:03:29 - [TEST_STEP][PASSED] - Statement - PreSaveFile = new java.io.File(((pathPrefix + java.lang.Integer.toString(counter)) + .png)): null

2018-12-04 10:03:29 - [TEST_STEP][PASSED] - Statement - counter = counter + 1: null

2018-12-04 10:03:29 - [TEST_STEP][PASSED] - Statement - PreSaveFile = new java.io.File(((pathPrefix + java.lang.Integer.toString(counter)) + .png)): null

2018-12-04 10:03:29 - [TEST_STEP][PASSED] - Statement - counter = counter + 1: null

2018-12-04 10:03:29 - [TEST_STEP][PASSED] - Statement - PreSaveFile = new java.io.File(((pathPrefix + java.lang.Integer.toString(counter)) + .png)): null

2018-12-04 10:03:29 - [TEST_STEP][PASSED] - Statement - counter = counter + 1: null

2018-12-04 10:03:29 - [TEST_STEP][PASSED] - Statement - PreSaveFile = new java.io.File(((pathPrefix + java.lang.Integer.toString(counter)) + .png)): null

2018-12-04 10:03:29 - [TEST_STEP][PASSED] - Statement - counter = counter + 1: null

2018-12-04 10:03:29 - [TEST_STEP][PASSED] - Statement - PreSaveFile = new java.io.File(((pathPrefix + java.lang.Integer.toString(counter)) + .png)): null

2018-12-04 10:03:29 - [TEST_STEP][PASSED] - Statement - counter = counter + 1: null

2018-12-04 10:03:30 - [TEST_STEP][PASSED] - Statement - PreSaveFile = new java.io.File(((pathPrefix + java.lang.Integer.toString(counter)) + .png)): null

2018-12-04 10:03:30 - [TEST_STEP][PASSED] - Statement - counter = counter + 1: null

2018-12-04 10:03:30 - [TEST_STEP][PASSED] - Statement - PreSaveFile = new java.io.File(((pathPrefix + java.lang.Integer.toString(counter)) + .png)): null

2018-12-04 10:03:30 - [TEST_STEP][PASSED] - Statement - counter = counter + 1: null

2018-12-04 10:03:30 - [TEST_STEP][PASSED] - Statement - PreSaveFile = new java.io.File(((pathPrefix + java.lang.Integer.toString(counter)) + .png)): null

2018-12-04 10:03:30 - [TEST_STEP][PASSED] - Statement - counter = counter + 1: null

2018-12-04 10:03:30 - [TEST_STEP][PASSED] - Statement - PreSaveFile = new java.io.File(((pathPrefix + java.lang.Integer.toString(counter)) + .png)): null

2018-12-04 10:03:30 - [TEST_STEP][PASSED] - Statement - counter = counter + 1: null

2018-12-04 10:03:30 - [TEST_STEP][PASSED] - Statement - PreSaveFile = new java.io.File(((pathPrefix + java.lang.Integer.toString(counter)) + .png)): null

2018-12-04 10:03:30 - [TEST_STEP][PASSED] - Statement - counter = counter + 1: null

2018-12-04 10:03:31 - [TEST_STEP][PASSED] - Statement - PreSaveFile = new java.io.File(((pathPrefix + java.lang.Integer.toString(counter)) + .png)): null

2018-12-04 10:03:31 - [TEST_STEP][PASSED] - Statement - counter = counter + 1: null

2018-12-04 10:03:31 - [TEST_STEP][PASSED] - Statement - PreSaveFile = new java.io.File(((pathPrefix + java.lang.Integer.toString(counter)) + .png)): null

2018-12-04 10:03:31 - [TEST_STEP][PASSED] - Statement - counter = counter + 1: null

2018-12-04 10:03:31 - [TEST_STEP][PASSED] - Statement - PreSaveFile = new java.io.File(((pathPrefix + java.lang.Integer.toString(counter)) + .png)): null

2018-12-04 10:03:31 - [TEST_STEP][PASSED] - Statement - counter = counter + 1: null

2018-12-04 10:03:31 - [TEST_STEP][PASSED] - Statement - PreSaveFile = new java.io.File(((pathPrefix + java.lang.Integer.toString(counter)) + .png)): null

2018-12-04 10:03:31 - [TEST_STEP][PASSED] - Statement - counter = counter + 1: null

2018-12-04 10:03:31 - [TEST_STEP][PASSED] - Statement - PreSaveFile = new java.io.File(((pathPrefix + java.lang.Integer.toString(counter)) + .png)): null

2018-12-04 10:03:33 - [TEST_STEP][PASSED] - Statement - counter = counter + 1: null

2018-12-04 10:03:33 - [TEST_STEP][PASSED] - Statement - PreSaveFile = new java.io.File(((pathPrefix + java.lang.Integer.toString(counter)) + .png)): null

2018-12-04 10:03:33 - [TEST_STEP][PASSED] - Statement - counter = counter + 1: null

2018-12-04 10:03:33 - [TEST_STEP][PASSED] - Statement - PreSaveFile = new java.io.File(((pathPrefix + java.lang.Integer.toString(counter)) + .png)): null

2018-12-04 10:03:33 - [TEST_STEP][PASSED] - Statement - counter = counter + 1: null

2018-12-04 10:03:33 - [TEST_STEP][PASSED] - Statement - PreSaveFile = new java.io.File(((pathPrefix + java.lang.Integer.toString(counter)) + .png)): null

2018-12-04 10:03:33 - [TEST_STEP][PASSED] - Statement - counter = counter + 1: null

2018-12-04 10:03:33 - [TEST_STEP][PASSED] - Statement - PreSaveFile = new java.io.File(((pathPrefix + java.lang.Integer.toString(counter)) + .png)): null

2018-12-04 10:03:33 - [TEST_STEP][PASSED] - Statement - counter = counter + 1: null

2018-12-04 10:03:33 - [TEST_STEP][PASSED] - Statement - PreSaveFile = new java.io.File(((pathPrefix + java.lang.Integer.toString(counter)) + .png)): null

2018-12-04 10:03:34 - [TEST_STEP][PASSED] - Statement - counter = counter + 1: null

2018-12-04 10:03:34 - [TEST_STEP][PASSED] - Statement - PreSaveFile = new java.io.File(((pathPrefix + java.lang.Integer.toString(counter)) + .png)): null

2018-12-04 10:03:34 - [TEST_STEP][PASSED] - Statement - counter = counter + 1: null

2018-12-04 10:03:34 - [TEST_STEP][PASSED] - Statement - PreSaveFile = new java.io.File(((pathPrefix + java.lang.Integer.toString(counter)) + .png)): null

2018-12-04 10:03:34 - [TEST_STEP][PASSED] - Statement - counter = counter + 1: null

2018-12-04 10:03:34 - [TEST_STEP][PASSED] - Statement - PreSaveFile = new java.io.File(((pathPrefix + java.lang.Integer.toString(counter)) + .png)): null

2018-12-04 10:03:34 - [TEST_STEP][PASSED] - Statement - counter = counter + 1: null

2018-12-04 10:03:34 - [TEST_STEP][PASSED] - Statement - PreSaveFile = new java.io.File(((pathPrefix + java.lang.Integer.toString(counter)) + .png)): null

2018-12-04 10:03:34 - [TEST_STEP][PASSED] - Statement - counter = counter + 1: null

2018-12-04 10:03:35 - [TEST_STEP][PASSED] - Statement - PreSaveFile = new java.io.File(((pathPrefix + java.lang.Integer.toString(counter)) + .png)): null

2018-12-04 10:03:35 - [TEST_STEP][PASSED] - Statement - counter = counter + 1: null

2018-12-04 10:03:35 - [TEST_STEP][PASSED] - Statement - PreSaveFile = new java.io.File(((pathPrefix + java.lang.Integer.toString(counter)) + .png)): null

2018-12-04 10:03:35 - [TEST_STEP][PASSED] - Statement - finalPath = pathPrefix + java.lang.Integer.toString(counter) + ".png": null

2018-12-04 10:03:35 - [TEST_STEP][PASSED] - Statement - SaveFile = new java.io.File(finalPath): null

2018-12-04 10:03:35 - [TEST_STEP][PASSED] - Statement - Try: null

2018-12-04 10:03:35 - [TEST_STEP][PASSED] - Statement - org.apache.commons.io.FileUtils.copyFile(scrFile, SaveFile): null

2018-12-04 10:03:35 - [TEST_STEP][PASSED] - Statement - out.println("file kept"): null

2018-12-04 10:03:35 - [TEST_STEP][PASSED] - delay: Delayed 10 second(s)

2018-12-04 10:03:47 - [MESSAGE][PASSED] - Delayed 10 second(s)

2018-12-04 10:03:47 - [MESSAGE][PASSED] - Call Test Case 'Test Cases/Final Aug 2018 - PKS Automation/Registration Module/New Registration/Submit and Screenshot/Submit Registration and Screenshot' successfully

2018-12-04 10:03:47 - [TEST_STEP][PASSED] - callTestCase: Call Test Case 'Test Cases/Final Aug 2018 - PKS Automation/Registration Module/Log Out/log out avoiding katalon tagging' successfully

2018-12-04 10:03:47 - [TEST_CASE][PASSED] - Test Cases/Final Aug 2018 - PKS Automation/Registration Module/Log Out/log out avoiding katalon tagging: Test Cases/Final Aug 2018 - PKS Automation/Registration Module/Log Out/log out avoiding katalon tagging

2018-12-04 10:03:47 - [TEST_STEP][PASSED] - navigateToUrl: Navigate to 'https://assist2-uat.perkeso.gov.my/c/portal/logout' successfully

2018-12-04 10:03:48 - [MESSAGE][PASSED] - Navigate to 'https://assist2-uat.perkeso.gov.my/c/portal/logout' successfully

2018-12-04 10:03:48 - [MESSAGE][PASSED] - Call Test Case 'Test Cases/Final Aug 2018 - PKS Automation/Registration Module/Log Out/log out avoiding katalon tagging' successfully

2018-12-04 10:03:48 - [TEST_STEP][PASSED] - callTestCase: Call Test Case 'Test Cases/Final Aug 2018 - PKS Automation/Common/Workflow Owner Finder' successfully

2018-12-04 10:03:48 - [TEST_CASE][PASSED] - Test Cases/Final Aug 2018 - PKS Automation/Common/Workflow Owner Finder: Test Cases/Final Aug 2018 - PKS Automation/Common/Workflow Owner Finder

2018-12-04 10:03:48 - [TEST_STEP][PASSED] - openBrowser: Browser is opened with url: ''

2018-12-04 10:03:48 - [MESSAGE][WARNING] - A browser is already opened. Closing browser and opening a new one

2018-12-04 10:03:51 - [MESSAGE][PASSED] - Browser is opened with url: ''

2018-12-04 10:03:51 - [TEST_STEP][PASSED] - navigateToUrl: Navigate to 'https://assist2-uat.perkeso.gov.my/login' successfully

2018-12-04 10:03:52 - [MESSAGE][PASSED] - Navigate to 'https://assist2-uat.perkeso.gov.my/login' successfully

2018-12-04 10:03:52 - [TEST_STEP][PASSED] - delay: Delayed 5 second(s)

2018-12-04 10:03:57 - [MESSAGE][PASSED] - Delayed 5 second(s)

2018-12-04 10:03:57 - [TEST_STEP][PASSED] - setText: Text 'test@liferay.com' is set on object 'Object Repository/Final Object Repo/Login Page/Internal User/Email Address'

2018-12-04 10:03:58 - [MESSAGE][PASSED] - Text 'test@liferay.com' is set on object 'Object Repository/Final Object Repo/Login Page/Internal User/Email Address'

2018-12-04 10:03:58 - [TEST_STEP][PASSED] - click: Object: 'Object Repository/Final Object Repo/Login Page/Internal User/Next Button' is clicked on

2018-12-04 10:03:58 - [MESSAGE][PASSED] - Object: 'Object Repository/Final Object Repo/Login Page/Internal User/Next Button' is clicked on

2018-12-04 10:03:58 - [TEST_STEP][PASSED] - delay: Delayed 2 second(s)

2018-12-04 10:04:00 - [MESSAGE][PASSED] - Delayed 2 second(s)

2018-12-04 10:04:00 - [TEST_STEP][PASSED] - setText: Text 'test' is set on object 'Object Repository/Final Object Repo/Login Page/Internal User/Password'

2018-12-04 10:04:00 - [MESSAGE][PASSED] - Text 'test' is set on object 'Object Repository/Final Object Repo/Login Page/Internal User/Password'

2018-12-04 10:04:00 - [TEST_STEP][PASSED] - delay: Delayed 2 second(s)

2018-12-04 10:04:02 - [MESSAGE][PASSED] - Delayed 2 second(s)

2018-12-04 10:04:02 - [TEST_STEP][PASSED] - click: Object: 'Object Repository/Final Object Repo/Login Page/Internal User/Login Button' is clicked on

2018-12-04 10:04:02 - [MESSAGE][PASSED] - Object: 'Object Repository/Final Object Repo/Login Page/Internal User/Login Button' is clicked on

2018-12-04 10:04:02 - [TEST_STEP][PASSED] - Statement - tester = com.kms.katalon.core.testobject.ObjectRepository.findTestObject(Final Object Repo/Landing Page/Select to English): Finding Test Object with id 'Object Repository/Final Object Repo/Landing Page/Select to English'

2018-12-04 10:04:02 - [TEST_STEP][PASSED] - Statement - Try: Delayed 2 second(s)

2018-12-04 10:04:02 - [TEST_STEP][PASSED] - Statement - Checker = com.kms.katalon.core.webui.keyword.WebUiBuiltInKeywords.verifyElementNotPresent(tester, 3): Web element with id: 'Object Repository/Final Object Repo/Landing Page/Select to English' located by 'By.xpath: //a[@class = 'taglib-language-list-text' and @lang = 'en-US' and (contains(text(), 'EN') or contains(., 'EN'))]' is not present after '3' second(s)

2018-12-04 10:04:04 - [MESSAGE][PASSED] - Web element with id: 'Object Repository/Final Object Repo/Landing Page/Select to English' located by 'By.xpath: //a[@class = 'taglib-language-list-text' and @lang = 'en-US' and (contains(text(), 'EN') or contains(., 'EN'))]' is not present after '3' second(s)

2018-12-04 10:04:04 - [TEST_STEP][PASSED] - Statement - If (Checker == false): null

2018-12-04 10:04:04 - [TEST_STEP][PASSED] - delay: Delayed 2 second(s)

2018-12-04 10:04:06 - [MESSAGE][PASSED] - Delayed 2 second(s)

2018-12-04 10:04:06 - [TEST_STEP][PASSED] - delay: Delayed 5 second(s)

2018-12-04 10:04:11 - [MESSAGE][PASSED] - Delayed 5 second(s)

2018-12-04 10:04:11 - [TEST_STEP][PASSED] - mouseOver: Object: 'Object Repository/Final Object Repo/Landing Page/WorkFlow Menu' is hovered

2018-12-04 10:04:11 - [MESSAGE][PASSED] - Object: 'Object Repository/Final Object Repo/Landing Page/WorkFlow Menu' is hovered

2018-12-04 10:04:11 - [TEST_STEP][PASSED] - delay: Delayed 2 second(s)

2018-12-04 10:04:13 - [MESSAGE][PASSED] - Delayed 2 second(s)

2018-12-04 10:04:13 - [TEST_STEP][PASSED] - click: Object: 'Object Repository/Final Object Repo/Landing Page/Select to Workflow Listing' is clicked on

2018-12-04 10:04:15 - [MESSAGE][PASSED] - Object: 'Object Repository/Final Object Repo/Landing Page/Select to Workflow Listing' is clicked on

2018-12-04 10:04:15 - [TEST_STEP][PASSED] - delay: Delayed 2 second(s)

2018-12-04 10:04:17 - [MESSAGE][PASSED] - Delayed 2 second(s)

2018-12-04 10:04:17 - [TEST_STEP][PASSED] - click: Object: 'Object Repository/Final Object Repo/WorkFlow Listing Page/Search Information - To Put Ref No' is clicked on

2018-12-04 10:04:17 - [MESSAGE][PASSED] - Object: 'Object Repository/Final Object Repo/WorkFlow Listing Page/Search Information - To Put Ref No' is clicked on

2018-12-04 10:04:17 - [TEST_STEP][PASSED] - delay: Delayed 2 second(s)

2018-12-04 10:04:19 - [MESSAGE][PASSED] - Delayed 2 second(s)

2018-12-04 10:04:19 - [TEST_STEP][PASSED] - callTestCase: Call Test Case 'Test Cases/Final Aug 2018 - PKS Automation/Common/Reference Number Getter' successfully

2018-12-04 10:04:19 - [TEST_CASE][PASSED] - Test Cases/Final Aug 2018 - PKS Automation/Common/Reference Number Getter: Test Cases/Final Aug 2018 - PKS Automation/Common/Reference Number Getter

2018-12-04 10:04:19 - [TEST_STEP][PASSED] - Statement - Try: null

2018-12-04 10:04:19 - [TEST_STEP][PASSED] - Statement - RefNo = new java.io.File(C://Users//Admin//Desktop//PKS//Automation Reference Point//KatalonReference.txt): null

2018-12-04 10:04:19 - [TEST_STEP][PASSED] - Statement - bufferread = new java.io.BufferedReader(new java.io.FileReader(RefNo)): null

2018-12-04 10:04:19 - [TEST_STEP][PASSED] - Statement - readedVal = bufferread.readLine(): null

2018-12-04 10:04:19 - [TEST_STEP][PASSED] - Statement - out.println(CaseReferenceNo): null

2018-12-04 10:04:19 - [TEST_STEP][PASSED] - Statement - out.println(readedVal): null

2018-12-04 10:04:19 - [TEST_STEP][PASSED] - Statement - CaseReferenceNo = "": null

2018-12-04 10:04:19 - [TEST_STEP][PASSED] - Statement - CaseReferenceNo = readedVal: null

2018-12-04 10:04:19 - [MESSAGE][PASSED] - Call Test Case 'Test Cases/Final Aug 2018 - PKS Automation/Common/Reference Number Getter' successfully

2018-12-04 10:04:19 - [TEST_STEP][PASSED] - setText: Text 'CRN12201800122965' is set on object 'Object Repository/Final Object Repo/WorkFlow Listing Page/Ref No Set Text'

2018-12-04 10:04:19 - [MESSAGE][PASSED] - Text 'CRN12201800122965' is set on object 'Object Repository/Final Object Repo/WorkFlow Listing Page/Ref No Set Text'

2018-12-04 10:04:19 - [TEST_STEP][PASSED] - delay: Delayed 2 second(s)

2018-12-04 10:04:21 - [MESSAGE][PASSED] - Delayed 2 second(s)

2018-12-04 10:04:21 - [TEST_STEP][PASSED] - click: Object: 'Object Repository/Final Object Repo/WorkFlow Listing Page/Search Ref No Search Button' is clicked on

2018-12-04 10:04:22 - [MESSAGE][PASSED] - Object: 'Object Repository/Final Object Repo/WorkFlow Listing Page/Search Ref No Search Button' is clicked on

2018-12-04 10:04:22 - [TEST_STEP][PASSED] - delay: Delayed 6 second(s)

2018-12-04 10:04:28 - [MESSAGE][PASSED] - Delayed 6 second(s)

2018-12-04 10:04:28 - [TEST_STEP][PASSED] - click: Object: 'Object Repository/Final Object Repo/WorkFlow Listing Page/Click Continue Tooltip' is clicked on

2018-12-04 10:04:29 - [MESSAGE][PASSED] - Object: 'Object Repository/Final Object Repo/WorkFlow Listing Page/Click Continue Tooltip' is clicked on

2018-12-04 10:04:29 - [TEST_STEP][PASSED] - delay: Delayed 5 second(s)

2018-12-04 10:04:34 - [MESSAGE][PASSED] - Delayed 5 second(s)

2018-12-04 10:04:34 - [TEST_STEP][PASSED] - doubleClick: Object: 'Object Repository/Final Object Repo/WorkFlow Listing Page/Workflow Found - Listing 1' is double clicked on

2018-12-04 10:04:34 - [MESSAGE][PASSED] - Object: 'Object Repository/Final Object Repo/WorkFlow Listing Page/Workflow Found - Listing 1' is double clicked on

2018-12-04 10:04:34 - [TEST_STEP][PASSED] - Statement - println(OwnerID): null

2018-12-04 10:04:34 - [TEST_STEP][PASSED] - Statement - OwnerID = com.kms.katalon.core.webui.keyword.WebUiBuiltInKeywords.getText(com.kms.katalon.core.testobject.ObjectRepository.findTestObject(Final Object Repo/WorkFlow Listing Page/Workflow Found - Listing 1), STOP_ON_FAILURE): Text of object 'Object Repository/Final Object Repo/WorkFlow Listing Page/Workflow Found - Listing 1' is: 'JOHORro2'

2018-12-04 10:04:34 - [MESSAGE][PASSED] - Text of object 'Object Repository/Final Object Repo/WorkFlow Listing Page/Workflow Found - Listing 1' is: 'JOHORro2'

2018-12-04 10:04:34 - [TEST_STEP][PASSED] - Statement - OwnerID = OwnerID.toLowerCase() + "@gmail.com": null

2018-12-04 10:04:34 - [TEST_STEP][PASSED] - Statement - println(OwnerID): null

2018-12-04 10:04:34 - [TEST_STEP][PASSED] - delay: Delayed 2 second(s)

2018-12-04 10:04:36 - [MESSAGE][PASSED] - Delayed 2 second(s)

2018-12-04 10:04:36 - [MESSAGE][PASSED] - Call Test Case 'Test Cases/Final Aug 2018 - PKS Automation/Common/Workflow Owner Finder' successfully

2018-12-04 10:04:36 - [TEST_STEP][PASSED] - callTestCase: Call Test Case 'Test Cases/Final Aug 2018 - PKS Automation/Registration Module/Log Out/log out avoiding katalon tagging' successfully

2018-12-04 10:04:36 - [TEST_CASE][PASSED] - Test Cases/Final Aug 2018 - PKS Automation/Registration Module/Log Out/log out avoiding katalon tagging: Test Cases/Final Aug 2018 - PKS Automation/Registration Module/Log Out/log out avoiding katalon tagging

2018-12-04 10:04:36 - [TEST_STEP][PASSED] - navigateToUrl: Navigate to 'https://assist2-uat.perkeso.gov.my/c/portal/logout' successfully

2018-12-04 10:04:37 - [MESSAGE][PASSED] - Navigate to 'https://assist2-uat.perkeso.gov.my/c/portal/logout' successfully

2018-12-04 10:04:37 - [MESSAGE][PASSED] - Call Test Case 'Test Cases/Final Aug 2018 - PKS Automation/Registration Module/Log Out/log out avoiding katalon tagging' successfully

2018-12-04 10:04:37 - [TEST_STEP][PASSED] - delay: Delayed 2 second(s)

2018-12-04 10:04:39 - [MESSAGE][PASSED] - Delayed 2 second(s)

2018-12-04 10:04:39 - [TEST_STEP][PASSED] - setText: Text 'johorro2@gmail.com' is set on object 'Object Repository/Final Object Repo/New Registration - Registration Module Pages/New Reg - OTC to RO/Special Case - All Related Objects/Email TextBox'

2018-12-04 10:04:39 - [MESSAGE][PASSED] - Text 'johorro2@gmail.com' is set on object 'Object Repository/Final Object Repo/New Registration - Registration Module Pages/New Reg - OTC to RO/Special Case - All Related Objects/Email TextBox'

2018-12-04 10:04:39 - [TEST_STEP][PASSED] - click: Object: 'Object Repository/Final Object Repo/New Registration - Registration Module Pages/New Reg - OTC to RO/Special Case - All Related Objects/Next Button' is clicked on

2018-12-04 10:04:40 - [MESSAGE][PASSED] - Object: 'Object Repository/Final Object Repo/New Registration - Registration Module Pages/New Reg - OTC to RO/Special Case - All Related Objects/Next Button' is clicked on

2018-12-04 10:04:40 - [TEST_STEP][PASSED] - delay: Delayed 2 second(s)

2018-12-04 10:04:42 - [MESSAGE][PASSED] - Delayed 2 second(s)

2018-12-04 10:04:42 - [TEST_STEP][PASSED] - setText: Text 'Test1@3456789' is set on object 'Object Repository/Final Object Repo/New Registration - Registration Module Pages/New Reg - OTC to RO/Special Case - All Related Objects/Password TextBox'

2018-12-04 10:04:42 - [MESSAGE][PASSED] - Text 'Test1@3456789' is set on object 'Object Repository/Final Object Repo/New Registration - Registration Module Pages/New Reg - OTC to RO/Special Case - All Related Objects/Password TextBox'

2018-12-04 10:04:42 - [TEST_STEP][PASSED] - delay: Delayed 2 second(s)

2018-12-04 10:04:44 - [MESSAGE][PASSED] - Delayed 2 second(s)

2018-12-04 10:04:44 - [TEST_STEP][PASSED] - click: Object: 'Object Repository/Final Object Repo/New Registration - Registration Module Pages/New Reg - OTC to RO/Special Case - All Related Objects/Login Button' is clicked on

2018-12-04 10:04:44 - [MESSAGE][PASSED] - Object: 'Object Repository/Final Object Repo/New Registration - Registration Module Pages/New Reg - OTC to RO/Special Case - All Related Objects/Login Button' is clicked on

2018-12-04 10:04:44 - [TEST_STEP][PASSED] - delay: Delayed 2 second(s)

2018-12-04 10:04:46 - [MESSAGE][PASSED] - Delayed 2 second(s)

2018-12-04 10:04:46 - [TEST_STEP][PASSED] - Statement - Try: null

2018-12-04 10:04:46 - [TEST_STEP][PASSED] - Statement - Checker = com.kms.katalon.core.webui.keyword.WebUiBuiltInKeywords.verifyElementNotPresent("Final Object Repo/Landing Page/Select to English", 3): null

2018-12-04 10:04:46 - [TEST_STEP][PASSED] - Statement - Catch (Exception e): null

2018-12-04 10:04:46 - [TEST_STEP][PASSED] - Statement - e.printStackTrace(): null

2018-12-04 10:04:46 - [TEST_STEP][PASSED] - click: Object: 'Object Repository/Final Object Repo/New Registration - Registration Module Pages/New Reg - OTC to RO/Special Case - All Related Objects/Expand to Search' is clicked on

2018-12-04 10:04:46 - [MESSAGE][PASSED] - Object: 'Object Repository/Final Object Repo/New Registration - Registration Module Pages/New Reg - OTC to RO/Special Case - All Related Objects/Expand to Search' is clicked on

2018-12-04 10:04:46 - [TEST_STEP][PASSED] - setText: Text 'CRN12201800122965' is set on object 'Object Repository/Final Object Repo/New Registration - Registration Module Pages/New Reg - OTC to RO/Special Case - All Related Objects/TextBox RefNo in Workbasket'

2018-12-04 10:04:47 - [MESSAGE][PASSED] - Text 'CRN12201800122965' is set on object 'Object Repository/Final Object Repo/New Registration - Registration Module Pages/New Reg - OTC to RO/Special Case - All Related Objects/TextBox RefNo in Workbasket'

2018-12-04 10:04:47 - [TEST_STEP][PASSED] - delay: Delayed 2 second(s)

2018-12-04 10:04:49 - [MESSAGE][PASSED] - Delayed 2 second(s)

2018-12-04 10:04:49 - [TEST_STEP][PASSED] - click: Object: 'Object Repository/Final Object Repo/New Registration - Registration Module Pages/New Reg - OTC to RO/Special Case - All Related Objects/Click Search' is clicked on

2018-12-04 10:04:49 - [MESSAGE][PASSED] - Object: 'Object Repository/Final Object Repo/New Registration - Registration Module Pages/New Reg - OTC to RO/Special Case - All Related Objects/Click Search' is clicked on

2018-12-04 10:04:49 - [TEST_STEP][PASSED] - delay: Delayed 2 second(s)

2018-12-04 10:04:51 - [MESSAGE][PASSED] - Delayed 2 second(s)

2018-12-04 10:04:51 - [TEST_STEP][PASSED] - click: Object: 'Object Repository/Final Object Repo/New Registration - Registration Module Pages/New Reg - OTC to RO/Special Case - All Related Objects/Click to Continue Workflow' is clicked on

2018-12-04 10:04:55 - [MESSAGE][PASSED] - Object: 'Object Repository/Final Object Repo/New Registration - Registration Module Pages/New Reg - OTC to RO/Special Case - All Related Objects/Click to Continue Workflow' is clicked on

2018-12-04 10:04:55 - [TEST_STEP][PASSED] - delay: Delayed 2 second(s)

2018-12-04 10:04:57 - [MESSAGE][PASSED] - Delayed 2 second(s)

2018-12-04 10:04:57 - [TEST_STEP][PASSED] - click: Object: 'Object Repository/Final Object Repo/New Registration - Registration Module Pages/New Reg - OTC to RO/Special Case - All Related Objects/Continue Button in verifying case' is clicked on

2018-12-04 10:04:59 - [MESSAGE][PASSED] - Object: 'Object Repository/Final Object Repo/New Registration - Registration Module Pages/New Reg - OTC to RO/Special Case - All Related Objects/Continue Button in verifying case' is clicked on

2018-12-04 10:04:59 - [TEST_STEP][PASSED] - delay: Delayed 2 second(s)

2018-12-04 10:05:01 - [MESSAGE][PASSED] - Delayed 2 second(s)

2018-12-04 10:05:01 - [TEST_STEP][PASSED] - click: Object: 'Object Repository/Final Object Repo/New Registration - Registration Module Pages/Form 1/Registered As a Branch - Yes' is clicked on

2018-12-04 10:05:01 - [MESSAGE][PASSED] - Object: 'Object Repository/Final Object Repo/New Registration - Registration Module Pages/Form 1/Registered As a Branch - Yes' is clicked on

2018-12-04 10:05:01 - [TEST_STEP][PASSED] - delay: Delayed 2 second(s)

2018-12-04 10:05:03 - [MESSAGE][PASSED] - Delayed 2 second(s)

2018-12-04 10:05:03 - [TEST_STEP][PASSED] - click: Object: 'Object Repository/Final Object Repo/New Registration - Registration Module Pages/New Reg - OTC to RO/Special Case - All Related Objects/Form 1 Save n Continue' is clicked on

2018-12-04 10:05:03 - [MESSAGE][PASSED] - Object: 'Object Repository/Final Object Repo/New Registration - Registration Module Pages/New Reg - OTC to RO/Special Case - All Related Objects/Form 1 Save n Continue' is clicked on

2018-12-04 10:05:03 - [TEST_STEP][PASSED] - delay: Delayed 2 second(s)

2018-12-04 10:05:05 - [MESSAGE][PASSED] - Delayed 2 second(s)

2018-12-04 10:05:05 - [TEST_STEP][PASSED] - click: Object: 'Object Repository/Final Object Repo/New Registration - Registration Module Pages/New Reg - OTC to RO/Special Case - All Related Objects/Form 2 Save n Continue' is clicked on

2018-12-04 10:05:05 - [MESSAGE][PASSED] - Object: 'Object Repository/Final Object Repo/New Registration - Registration Module Pages/New Reg - OTC to RO/Special Case - All Related Objects/Form 2 Save n Continue' is clicked on

2018-12-04 10:05:05 - [TEST_STEP][PASSED] - delay: Delayed 2 second(s)

2018-12-04 10:05:07 - [MESSAGE][PASSED] - Delayed 2 second(s)

2018-12-04 10:05:07 - [TEST_STEP][PASSED] - click: Object: 'Object Repository/Final Object Repo/New Registration - Registration Module Pages/New Reg - OTC to RO/Special Case - All Related Objects/Third Screen Save n Continue' is clicked on

2018-12-04 10:05:13 - [MESSAGE][PASSED] - Object: 'Object Repository/Final Object Repo/New Registration - Registration Module Pages/New Reg - OTC to RO/Special Case - All Related Objects/Third Screen Save n Continue' is clicked on

2018-12-04 10:05:13 - [TEST_STEP][PASSED] - delay: Delayed 5 second(s)

2018-12-04 10:05:18 - [MESSAGE][PASSED] - Delayed 5 second(s)

2018-12-04 10:05:18 - [TEST_STEP][PASSED] - click: Object: 'Object Repository/Final Object Repo/New Registration - Registration Module Pages/New Reg - OTC to RO/Special Case - All Related Objects/Upload Doc Page Save n Continue' is clicked on

2018-12-04 10:05:18 - [MESSAGE][PASSED] - Object: 'Object Repository/Final Object Repo/New Registration - Registration Module Pages/New Reg - OTC to RO/Special Case - All Related Objects/Upload Doc Page Save n Continue' is clicked on

2018-12-04 10:05:18 - [TEST_STEP][PASSED] - callTestCase: Call Test Case 'Test Cases/Final Aug 2018 - PKS Automation/Registration Module/New Registration/Submit and Screenshot/Submit Registration and Screenshot' successfully

2018-12-04 10:05:18 - [TEST_CASE][PASSED] - Test Cases/Final Aug 2018 - PKS Automation/Registration Module/New Registration/Submit and Screenshot/Submit Registration and Screenshot: Test Cases/Final Aug 2018 - PKS Automation/Registration Module/New Registration/Submit and Screenshot/Submit Registration and Screenshot

2018-12-04 10:05:18 - [TEST_STEP][PASSED] - delay: Delayed 6 second(s)

2018-12-04 10:05:24 - [MESSAGE][PASSED] - Delayed 6 second(s)

2018-12-04 10:05:24 - [TEST_STEP][PASSED] - click: Object: 'Object Repository/Final Object Repo/New Registration - Registration Module Pages/Third Screen - Upload Supporting Doc- Preview/Preview Submit Button' is clicked on

2018-12-04 10:05:24 - [MESSAGE][PASSED] - Object: 'Object Repository/Final Object Repo/New Registration - Registration Module Pages/Third Screen - Upload Supporting Doc- Preview/Preview Submit Button' is clicked on

2018-12-04 10:05:24 - [TEST_STEP][PASSED] - delay: Delayed 2 second(s)

2018-12-04 10:05:26 - [MESSAGE][PASSED] - Delayed 2 second(s)

2018-12-04 10:05:26 - [TEST_STEP][PASSED] - click: Object: 'Object Repository/Final Object Repo/New Registration - Registration Module Pages/Third Screen - Upload Supporting Doc- Preview/Preview Submit - Confirm' is clicked on

2018-12-04 10:05:26 - [MESSAGE][PASSED] - Object: 'Object Repository/Final Object Repo/New Registration - Registration Module Pages/Third Screen - Upload Supporting Doc- Preview/Preview Submit - Confirm' is clicked on

2018-12-04 10:05:26 - [TEST_STEP][PASSED] - delay: Delayed 15 second(s)

2018-12-04 10:05:41 - [MESSAGE][PASSED] - Delayed 15 second(s)

2018-12-04 10:05:41 - [TEST_STEP][PASSED] - Statement - driver = com.kms.katalon.core.webui.driver.DriverFactory.getWebDriver(): null

2018-12-04 10:05:41 - [TEST_STEP][PASSED] - Statement - driver.manage().timeouts().implicitlyWait(10, SECONDS): null

2018-12-04 10:05:41 - [TEST_STEP][PASSED] - Statement - PresavePath = KatalonScreenshots: null

2018-12-04 10:05:41 - [TEST_STEP][PASSED] - Statement - pathPrefix = "C:\Users\Public\Pictures\Sample Pictures\Katalon Screenshots\Automate Ending Screen": null

2018-12-04 10:05:41 - [TEST_STEP][PASSED] - Statement - finalPath = <not implemented yet for class: org.codehaus.groovy.ast.expr.EmptyExpression>: null

2018-12-04 10:05:41 - [TEST_STEP][PASSED] - Statement - scrFile = driver.getScreenshotAs(FILE): null

2018-12-04 10:05:42 - [TEST_STEP][PASSED] - Statement - PreSaveFile = new java.io.File(PresavePath): null

2018-12-04 10:05:42 - [TEST_STEP][PASSED] - Statement - counter = 0: null

2018-12-04 10:05:42 - [TEST_STEP][PASSED] - Statement - If (PreSaveFile.exists()): null

2018-12-04 10:05:42 - [TEST_STEP][PASSED] - Statement - While (PreSaveFile.exists()): null

2018-12-04 10:05:42 - [TEST_STEP][PASSED] - Statement - counter = counter + 1: null

2018-12-04 10:05:42 - [TEST_STEP][PASSED] - Statement - PreSaveFile = new java.io.File(((pathPrefix + java.lang.Integer.toString(counter)) + .png)): null

2018-12-04 10:05:42 - [TEST_STEP][PASSED] - Statement - counter = counter + 1: null

2018-12-04 10:05:42 - [TEST_STEP][PASSED] - Statement - PreSaveFile = new java.io.File(((pathPrefix + java.lang.Integer.toString(counter)) + .png)): null

2018-12-04 10:05:42 - [TEST_STEP][PASSED] - Statement - counter = counter + 1: null

2018-12-04 10:05:42 - [TEST_STEP][PASSED] - Statement - PreSaveFile = new java.io.File(((pathPrefix + java.lang.Integer.toString(counter)) + .png)): null

2018-12-04 10:05:42 - [TEST_STEP][PASSED] - Statement - counter = counter + 1: null

2018-12-04 10:05:42 - [TEST_STEP][PASSED] - Statement - PreSaveFile = new java.io.File(((pathPrefix + java.lang.Integer.toString(counter)) + .png)): null

2018-12-04 10:05:42 - [TEST_STEP][PASSED] - Statement - counter = counter + 1: null

2018-12-04 10:05:42 - [TEST_STEP][PASSED] - Statement - PreSaveFile = new java.io.File(((pathPrefix + java.lang.Integer.toString(counter)) + .png)): null

2018-12-04 10:05:42 - [TEST_STEP][PASSED] - Statement - counter = counter + 1: null

2018-12-04 10:05:42 - [TEST_STEP][PASSED] - Statement - PreSaveFile = new java.io.File(((pathPrefix + java.lang.Integer.toString(counter)) + .png)): null

2018-12-04 10:05:42 - [TEST_STEP][PASSED] - Statement - counter = counter + 1: null

2018-12-04 10:05:42 - [TEST_STEP][PASSED] - Statement - PreSaveFile = new java.io.File(((pathPrefix + java.lang.Integer.toString(counter)) + .png)): null

2018-12-04 10:05:42 - [TEST_STEP][PASSED] - Statement - counter = counter + 1: null

2018-12-04 10:05:42 - [TEST_STEP][PASSED] - Statement - PreSaveFile = new java.io.File(((pathPrefix + java.lang.Integer.toString(counter)) + .png)): null

2018-12-04 10:05:42 - [TEST_STEP][PASSED] - Statement - counter = counter + 1: null

2018-12-04 10:05:42 - [TEST_STEP][PASSED] - Statement - PreSaveFile = new java.io.File(((pathPrefix + java.lang.Integer.toString(counter)) + .png)): null

2018-12-04 10:05:42 - [TEST_STEP][PASSED] - Statement - counter = counter + 1: null

2018-12-04 10:05:42 - [TEST_STEP][PASSED] - Statement - PreSaveFile = new java.io.File(((pathPrefix + java.lang.Integer.toString(counter)) + .png)): null

2018-12-04 10:05:42 - [TEST_STEP][PASSED] - Statement - counter = counter + 1: null

2018-12-04 10:05:42 - [TEST_STEP][PASSED] - Statement - PreSaveFile = new java.io.File(((pathPrefix + java.lang.Integer.toString(counter)) + .png)): null

2018-12-04 10:05:42 - [TEST_STEP][PASSED] - Statement - counter = counter + 1: null

2018-12-04 10:05:42 - [TEST_STEP][PASSED] - Statement - PreSaveFile = new java.io.File(((pathPrefix + java.lang.Integer.toString(counter)) + .png)): null

2018-12-04 10:05:42 - [TEST_STEP][PASSED] - Statement - counter = counter + 1: null

2018-12-04 10:05:42 - [TEST_STEP][PASSED] - Statement - PreSaveFile = new java.io.File(((pathPrefix + java.lang.Integer.toString(counter)) + .png)): null

2018-12-04 10:05:42 - [TEST_STEP][PASSED] - Statement - counter = counter + 1: null

2018-12-04 10:05:42 - [TEST_STEP][PASSED] - Statement - PreSaveFile = new java.io.File(((pathPrefix + java.lang.Integer.toString(counter)) + .png)): null

2018-12-04 10:05:42 - [TEST_STEP][PASSED] - Statement - counter = counter + 1: null

2018-12-04 10:05:42 - [TEST_STEP][PASSED] - Statement - PreSaveFile = new java.io.File(((pathPrefix + java.lang.Integer.toString(counter)) + .png)): null

2018-12-04 10:05:42 - [TEST_STEP][PASSED] - Statement - counter = counter + 1: null

2018-12-04 10:05:42 - [TEST_STEP][PASSED] - Statement - PreSaveFile = new java.io.File(((pathPrefix + java.lang.Integer.toString(counter)) + .png)): null

2018-12-04 10:05:42 - [TEST_STEP][PASSED] - Statement - counter = counter + 1: null

2018-12-04 10:05:42 - [TEST_STEP][PASSED] - Statement - PreSaveFile = new java.io.File(((pathPrefix + java.lang.Integer.toString(counter)) + .png)): null

2018-12-04 10:05:42 - [TEST_STEP][PASSED] - Statement - counter = counter + 1: null

2018-12-04 10:05:42 - [TEST_STEP][PASSED] - Statement - PreSaveFile = new java.io.File(((pathPrefix + java.lang.Integer.toString(counter)) + .png)): null

2018-12-04 10:05:42 - [TEST_STEP][PASSED] - Statement - counter = counter + 1: null

2018-12-04 10:05:42 - [TEST_STEP][PASSED] - Statement - PreSaveFile = new java.io.File(((pathPrefix + java.lang.Integer.toString(counter)) + .png)): null

2018-12-04 10:05:43 - [TEST_STEP][PASSED] - Statement - counter = counter + 1: null

2018-12-04 10:05:43 - [TEST_STEP][PASSED] - Statement - PreSaveFile = new java.io.File(((pathPrefix + java.lang.Integer.toString(counter)) + .png)): null

2018-12-04 10:05:43 - [TEST_STEP][PASSED] - Statement - counter = counter + 1: null

2018-12-04 10:05:43 - [TEST_STEP][PASSED] - Statement - PreSaveFile = new java.io.File(((pathPrefix + java.lang.Integer.toString(counter)) + .png)): null

2018-12-04 10:05:43 - [TEST_STEP][PASSED] - Statement - counter = counter + 1: null

2018-12-04 10:05:43 - [TEST_STEP][PASSED] - Statement - PreSaveFile = new java.io.File(((pathPrefix + java.lang.Integer.toString(counter)) + .png)): null

2018-12-04 10:05:43 - [TEST_STEP][PASSED] - Statement - counter = counter + 1: null

2018-12-04 10:05:43 - [TEST_STEP][PASSED] - Statement - PreSaveFile = new java.io.File(((pathPrefix + java.lang.Integer.toString(counter)) + .png)): null

2018-12-04 10:05:43 - [TEST_STEP][PASSED] - Statement - counter = counter + 1: null

2018-12-04 10:05:43 - [TEST_STEP][PASSED] - Statement - PreSaveFile = new java.io.File(((pathPrefix + java.lang.Integer.toString(counter)) + .png)): null

2018-12-04 10:05:43 - [TEST_STEP][PASSED] - Statement - counter = counter + 1: null

2018-12-04 10:05:43 - [TEST_STEP][PASSED] - Statement - PreSaveFile = new java.io.File(((pathPrefix + java.lang.Integer.toString(counter)) + .png)): null

2018-12-04 10:05:43 - [TEST_STEP][PASSED] - Statement - counter = counter + 1: null

2018-12-04 10:05:43 - [TEST_STEP][PASSED] - Statement - PreSaveFile = new java.io.File(((pathPrefix + java.lang.Integer.toString(counter)) + .png)): null

2018-12-04 10:05:43 - [TEST_STEP][PASSED] - Statement - counter = counter + 1: null

2018-12-04 10:05:43 - [TEST_STEP][PASSED] - Statement - PreSaveFile = new java.io.File(((pathPrefix + java.lang.Integer.toString(counter)) + .png)): null

2018-12-04 10:05:43 - [TEST_STEP][PASSED] - Statement - counter = counter + 1: null

2018-12-04 10:05:43 - [TEST_STEP][PASSED] - Statement - PreSaveFile = new java.io.File(((pathPrefix + java.lang.Integer.toString(counter)) + .png)): null

2018-12-04 10:05:44 - [TEST_STEP][PASSED] - Statement - counter = counter + 1: null

2018-12-04 10:05:44 - [TEST_STEP][PASSED] - Statement - PreSaveFile = new java.io.File(((pathPrefix + java.lang.Integer.toString(counter)) + .png)): null

2018-12-04 10:05:44 - [TEST_STEP][PASSED] - Statement - counter = counter + 1: null

2018-12-04 10:05:44 - [TEST_STEP][PASSED] - Statement - PreSaveFile = new java.io.File(((pathPrefix + java.lang.Integer.toString(counter)) + .png)): null

2018-12-04 10:05:44 - [TEST_STEP][PASSED] - Statement - counter = counter + 1: null

2018-12-04 10:05:44 - [TEST_STEP][PASSED] - Statement - PreSaveFile = new java.io.File(((pathPrefix + java.lang.Integer.toString(counter)) + .png)): null

2018-12-04 10:05:44 - [TEST_STEP][PASSED] - Statement - counter = counter + 1: null

2018-12-04 10:05:44 - [TEST_STEP][PASSED] - Statement - PreSaveFile = new java.io.File(((pathPrefix + java.lang.Integer.toString(counter)) + .png)): null

2018-12-04 10:05:44 - [TEST_STEP][PASSED] - Statement - counter = counter + 1: null

2018-12-04 10:05:44 - [TEST_STEP][PASSED] - Statement - PreSaveFile = new java.io.File(((pathPrefix + java.lang.Integer.toString(counter)) + .png)): null

2018-12-04 10:05:44 - [TEST_STEP][PASSED] - Statement - counter = counter + 1: null

2018-12-04 10:05:44 - [TEST_STEP][PASSED] - Statement - PreSaveFile = new java.io.File(((pathPrefix + java.lang.Integer.toString(counter)) + .png)): null

2018-12-04 10:05:44 - [TEST_STEP][PASSED] - Statement - counter = counter + 1: null

2018-12-04 10:05:44 - [TEST_STEP][PASSED] - Statement - PreSaveFile = new java.io.File(((pathPrefix + java.lang.Integer.toString(counter)) + .png)): null

2018-12-04 10:05:44 - [TEST_STEP][PASSED] - Statement - counter = counter + 1: null

2018-12-04 10:05:44 - [TEST_STEP][PASSED] - Statement - PreSaveFile = new java.io.File(((pathPrefix + java.lang.Integer.toString(counter)) + .png)): null

2018-12-04 10:05:44 - [TEST_STEP][PASSED] - Statement - counter = counter + 1: null

2018-12-04 10:05:44 - [TEST_STEP][PASSED] - Statement - PreSaveFile = new java.io.File(((pathPrefix + java.lang.Integer.toString(counter)) + .png)): null

2018-12-04 10:05:44 - [TEST_STEP][PASSED] - Statement - counter = counter + 1: null

2018-12-04 10:05:45 - [TEST_STEP][PASSED] - Statement - PreSaveFile = new java.io.File(((pathPrefix + java.lang.Integer.toString(counter)) + .png)): null

2018-12-04 10:05:45 - [TEST_STEP][PASSED] - Statement - counter = counter + 1: null

2018-12-04 10:05:45 - [TEST_STEP][PASSED] - Statement - PreSaveFile = new java.io.File(((pathPrefix + java.lang.Integer.toString(counter)) + .png)): null

2018-12-04 10:05:45 - [TEST_STEP][PASSED] - Statement - counter = counter + 1: null

2018-12-04 10:05:45 - [TEST_STEP][PASSED] - Statement - PreSaveFile = new java.io.File(((pathPrefix + java.lang.Integer.toString(counter)) + .png)): null

2018-12-04 10:05:45 - [TEST_STEP][PASSED] - Statement - counter = counter + 1: null

2018-12-04 10:05:45 - [TEST_STEP][PASSED] - Statement - PreSaveFile = new java.io.File(((pathPrefix + java.lang.Integer.toString(counter)) + .png)): null

2018-12-04 10:05:45 - [TEST_STEP][PASSED] - Statement - counter = counter + 1: null

2018-12-04 10:05:45 - [TEST_STEP][PASSED] - Statement - PreSaveFile = new java.io.File(((pathPrefix + java.lang.Integer.toString(counter)) + .png)): null

2018-12-04 10:05:45 - [TEST_STEP][PASSED] - Statement - counter = counter + 1: null

2018-12-04 10:05:46 - [TEST_STEP][PASSED] - Statement - PreSaveFile = new java.io.File(((pathPrefix + java.lang.Integer.toString(counter)) + .png)): null

2018-12-04 10:05:46 - [TEST_STEP][PASSED] - Statement - counter = counter + 1: null

2018-12-04 10:05:46 - [TEST_STEP][PASSED] - Statement - PreSaveFile = new java.io.File(((pathPrefix + java.lang.Integer.toString(counter)) + .png)): null

2018-12-04 10:05:46 - [TEST_STEP][PASSED] - Statement - counter = counter + 1: null

2018-12-04 10:05:46 - [TEST_STEP][PASSED] - Statement - PreSaveFile = new java.io.File(((pathPrefix + java.lang.Integer.toString(counter)) + .png)): null

2018-12-04 10:05:46 - [TEST_STEP][PASSED] - Statement - counter = counter + 1: null

2018-12-04 10:05:46 - [TEST_STEP][PASSED] - Statement - PreSaveFile = new java.io.File(((pathPrefix + java.lang.Integer.toString(counter)) + .png)): null

2018-12-04 10:05:46 - [TEST_STEP][PASSED] - Statement - counter = counter + 1: null

2018-12-04 10:05:46 - [TEST_STEP][PASSED] - Statement - PreSaveFile = new java.io.File(((pathPrefix + java.lang.Integer.toString(counter)) + .png)): null

2018-12-04 10:05:47 - [TEST_STEP][PASSED] - Statement - counter = counter + 1: null

2018-12-04 10:05:47 - [TEST_STEP][PASSED] - Statement - PreSaveFile = new java.io.File(((pathPrefix + java.lang.Integer.toString(counter)) + .png)): null

2018-12-04 10:05:47 - [TEST_STEP][PASSED] - Statement - counter = counter + 1: null

2018-12-04 10:05:47 - [TEST_STEP][PASSED] - Statement - PreSaveFile = new java.io.File(((pathPrefix + java.lang.Integer.toString(counter)) + .png)): null

2018-12-04 10:05:47 - [TEST_STEP][PASSED] - Statement - counter = counter + 1: null

2018-12-04 10:05:47 - [TEST_STEP][PASSED] - Statement - PreSaveFile = new java.io.File(((pathPrefix + java.lang.Integer.toString(counter)) + .png)): null

2018-12-04 10:05:47 - [TEST_STEP][PASSED] - Statement - counter = counter + 1: null

2018-12-04 10:05:47 - [TEST_STEP][PASSED] - Statement - PreSaveFile = new java.io.File(((pathPrefix + java.lang.Integer.toString(counter)) + .png)): null

2018-12-04 10:05:47 - [TEST_STEP][PASSED] - Statement - counter = counter + 1: null

2018-12-04 10:05:48 - [TEST_STEP][PASSED] - Statement - PreSaveFile = new java.io.File(((pathPrefix + java.lang.Integer.toString(counter)) + .png)): null

2018-12-04 10:05:48 - [TEST_STEP][PASSED] - Statement - counter = counter + 1: null

2018-12-04 10:05:48 - [TEST_STEP][PASSED] - Statement - PreSaveFile = new java.io.File(((pathPrefix + java.lang.Integer.toString(counter)) + .png)): null

2018-12-04 10:05:48 - [TEST_STEP][PASSED] - Statement - counter = counter + 1: null

2018-12-04 10:05:48 - [TEST_STEP][PASSED] - Statement - PreSaveFile = new java.io.File(((pathPrefix + java.lang.Integer.toString(counter)) + .png)): null

2018-12-04 10:05:48 - [TEST_STEP][PASSED] - Statement - counter = counter + 1: null

2018-12-04 10:05:48 - [TEST_STEP][PASSED] - Statement - PreSaveFile = new java.io.File(((pathPrefix + java.lang.Integer.toString(counter)) + .png)): null

2018-12-04 10:05:48 - [TEST_STEP][PASSED] - Statement - counter = counter + 1: null

2018-12-04 10:05:48 - [TEST_STEP][PASSED] - Statement - PreSaveFile = new java.io.File(((pathPrefix + java.lang.Integer.toString(counter)) + .png)): null

2018-12-04 10:05:48 - [TEST_STEP][PASSED] - Statement - counter = counter + 1: null

2018-12-04 10:05:48 - [TEST_STEP][PASSED] - Statement - PreSaveFile = new java.io.File(((pathPrefix + java.lang.Integer.toString(counter)) + .png)): null

2018-12-04 10:05:48 - [TEST_STEP][PASSED] - Statement - counter = counter + 1: null

2018-12-04 10:05:48 - [TEST_STEP][PASSED] - Statement - PreSaveFile = new java.io.File(((pathPrefix + java.lang.Integer.toString(counter)) + .png)): null

2018-12-04 10:05:48 - [TEST_STEP][PASSED] - Statement - counter = counter + 1: null

2018-12-04 10:05:48 - [TEST_STEP][PASSED] - Statement - PreSaveFile = new java.io.File(((pathPrefix + java.lang.Integer.toString(counter)) + .png)): null

2018-12-04 10:05:48 - [TEST_STEP][PASSED] - Statement - counter = counter + 1: null

2018-12-04 10:05:48 - [TEST_STEP][PASSED] - Statement - PreSaveFile = new java.io.File(((pathPrefix + java.lang.Integer.toString(counter)) + .png)): null

2018-12-04 10:05:48 - [TEST_STEP][PASSED] - Statement - counter = counter + 1: null

2018-12-04 10:05:48 - [TEST_STEP][PASSED] - Statement - PreSaveFile = new java.io.File(((pathPrefix + java.lang.Integer.toString(counter)) + .png)): null

2018-12-04 10:05:48 - [TEST_STEP][PASSED] - Statement - counter = counter + 1: null

2018-12-04 10:05:49 - [TEST_STEP][PASSED] - Statement - PreSaveFile = new java.io.File(((pathPrefix + java.lang.Integer.toString(counter)) + .png)): null

2018-12-04 10:05:49 - [TEST_STEP][PASSED] - Statement - counter = counter + 1: null

2018-12-04 10:05:49 - [TEST_STEP][PASSED] - Statement - PreSaveFile = new java.io.File(((pathPrefix + java.lang.Integer.toString(counter)) + .png)): null

2018-12-04 10:05:49 - [TEST_STEP][PASSED] - Statement - counter = counter + 1: null

2018-12-04 10:05:49 - [TEST_STEP][PASSED] - Statement - PreSaveFile = new java.io.File(((pathPrefix + java.lang.Integer.toString(counter)) + .png)): null

2018-12-04 10:05:49 - [TEST_STEP][PASSED] - Statement - counter = counter + 1: null

2018-12-04 10:05:49 - [TEST_STEP][PASSED] - Statement - PreSaveFile = new java.io.File(((pathPrefix + java.lang.Integer.toString(counter)) + .png)): null

2018-12-04 10:05:49 - [TEST_STEP][PASSED] - Statement - counter = counter + 1: null

2018-12-04 10:05:49 - [TEST_STEP][PASSED] - Statement - PreSaveFile = new java.io.File(((pathPrefix + java.lang.Integer.toString(counter)) + .png)): null

2018-12-04 10:05:49 - [TEST_STEP][PASSED] - Statement - counter = counter + 1: null

2018-12-04 10:05:50 - [TEST_STEP][PASSED] - Statement - PreSaveFile = new java.io.File(((pathPrefix + java.lang.Integer.toString(counter)) + .png)): null

2018-12-04 10:05:50 - [TEST_STEP][PASSED] - Statement - counter = counter + 1: null

2018-12-04 10:05:50 - [TEST_STEP][PASSED] - Statement - PreSaveFile = new java.io.File(((pathPrefix + java.lang.Integer.toString(counter)) + .png)): null

2018-12-04 10:05:50 - [TEST_STEP][PASSED] - Statement - counter = counter + 1: null

2018-12-04 10:05:50 - [TEST_STEP][PASSED] - Statement - PreSaveFile = new java.io.File(((pathPrefix + java.lang.Integer.toString(counter)) + .png)): null

2018-12-04 10:05:50 - [TEST_STEP][PASSED] - Statement - counter = counter + 1: null

2018-12-04 10:05:50 - [TEST_STEP][PASSED] - Statement - PreSaveFile = new java.io.File(((pathPrefix + java.lang.Integer.toString(counter)) + .png)): null

2018-12-04 10:05:50 - [TEST_STEP][PASSED] - Statement - counter = counter + 1: null

2018-12-04 10:05:50 - [TEST_STEP][PASSED] - Statement - PreSaveFile = new java.io.File(((pathPrefix + java.lang.Integer.toString(counter)) + .png)): null

2018-12-04 10:05:51 - [TEST_STEP][PASSED] - Statement - counter = counter + 1: null

2018-12-04 10:05:51 - [TEST_STEP][PASSED] - Statement - PreSaveFile = new java.io.File(((pathPrefix + java.lang.Integer.toString(counter)) + .png)): null

2018-12-04 10:05:51 - [TEST_STEP][PASSED] - Statement - counter = counter + 1: null

2018-12-04 10:05:51 - [TEST_STEP][PASSED] - Statement - PreSaveFile = new java.io.File(((pathPrefix + java.lang.Integer.toString(counter)) + .png)): null

2018-12-04 10:05:51 - [TEST_STEP][PASSED] - Statement - counter = counter + 1: null

2018-12-04 10:05:51 - [TEST_STEP][PASSED] - Statement - PreSaveFile = new java.io.File(((pathPrefix + java.lang.Integer.toString(counter)) + .png)): null

2018-12-04 10:05:51 - [TEST_STEP][PASSED] - Statement - counter = counter + 1: null

2018-12-04 10:05:51 - [TEST_STEP][PASSED] - Statement - PreSaveFile = new java.io.File(((pathPrefix + java.lang.Integer.toString(counter)) + .png)): null

2018-12-04 10:05:51 - [TEST_STEP][PASSED] - Statement - counter = counter + 1: null

2018-12-04 10:05:52 - [TEST_STEP][PASSED] - Statement - PreSaveFile = new java.io.File(((pathPrefix + java.lang.Integer.toString(counter)) + .png)): null

2018-12-04 10:05:52 - [TEST_STEP][PASSED] - Statement - counter = counter + 1: null

2018-12-04 10:05:52 - [TEST_STEP][PASSED] - Statement - PreSaveFile = new java.io.File(((pathPrefix + java.lang.Integer.toString(counter)) + .png)): null

2018-12-04 10:05:52 - [TEST_STEP][PASSED] - Statement - counter = counter + 1: null

2018-12-04 10:05:52 - [TEST_STEP][PASSED] - Statement - PreSaveFile = new java.io.File(((pathPrefix + java.lang.Integer.toString(counter)) + .png)): null

2018-12-04 10:05:52 - [TEST_STEP][PASSED] - Statement - counter = counter + 1: null

2018-12-04 10:05:52 - [TEST_STEP][PASSED] - Statement - PreSaveFile = new java.io.File(((pathPrefix + java.lang.Integer.toString(counter)) + .png)): null

2018-12-04 10:05:52 - [TEST_STEP][PASSED] - Statement - counter = counter + 1: null

2018-12-04 10:05:52 - [TEST_STEP][PASSED] - Statement - PreSaveFile = new java.io.File(((pathPrefix + java.lang.Integer.toString(counter)) + .png)): null

2018-12-04 10:05:52 - [TEST_STEP][PASSED] - Statement - counter = counter + 1: null

2018-12-04 10:05:53 - [TEST_STEP][PASSED] - Statement - PreSaveFile = new java.io.File(((pathPrefix + java.lang.Integer.toString(counter)) + .png)): null

2018-12-04 10:05:53 - [TEST_STEP][PASSED] - Statement - counter = counter + 1: null

2018-12-04 10:05:53 - [TEST_STEP][PASSED] - Statement - PreSaveFile = new java.io.File(((pathPrefix + java.lang.Integer.toString(counter)) + .png)): null

2018-12-04 10:05:53 - [TEST_STEP][PASSED] - Statement - counter = counter + 1: null

2018-12-04 10:05:53 - [TEST_STEP][PASSED] - Statement - PreSaveFile = new java.io.File(((pathPrefix + java.lang.Integer.toString(counter)) + .png)): null

2018-12-04 10:05:53 - [TEST_STEP][PASSED] - Statement - counter = counter + 1: null

2018-12-04 10:05:53 - [TEST_STEP][PASSED] - Statement - PreSaveFile = new java.io.File(((pathPrefix + java.lang.Integer.toString(counter)) + .png)): null

2018-12-04 10:05:53 - [TEST_STEP][PASSED] - Statement - counter = counter + 1: null

2018-12-04 10:05:53 - [TEST_STEP][PASSED] - Statement - PreSaveFile = new java.io.File(((pathPrefix + java.lang.Integer.toString(counter)) + .png)): null

2018-12-04 10:05:53 - [TEST_STEP][PASSED] - Statement - counter = counter + 1: null

2018-12-04 10:05:54 - [TEST_STEP][PASSED] - Statement - PreSaveFile = new java.io.File(((pathPrefix + java.lang.Integer.toString(counter)) + .png)): null

2018-12-04 10:05:54 - [TEST_STEP][PASSED] - Statement - counter = counter + 1: null

2018-12-04 10:05:54 - [TEST_STEP][PASSED] - Statement - PreSaveFile = new java.io.File(((pathPrefix + java.lang.Integer.toString(counter)) + .png)): null

2018-12-04 10:05:54 - [TEST_STEP][PASSED] - Statement - counter = counter + 1: null

2018-12-04 10:05:54 - [TEST_STEP][PASSED] - Statement - PreSaveFile = new java.io.File(((pathPrefix + java.lang.Integer.toString(counter)) + .png)): null

2018-12-04 10:05:54 - [TEST_STEP][PASSED] - Statement - counter = counter + 1: null

2018-12-04 10:05:54 - [TEST_STEP][PASSED] - Statement - PreSaveFile = new java.io.File(((pathPrefix + java.lang.Integer.toString(counter)) + .png)): null

2018-12-04 10:05:54 - [TEST_STEP][PASSED] - Statement - counter = counter + 1: null

2018-12-04 10:05:54 - [TEST_STEP][PASSED] - Statement - PreSaveFile = new java.io.File(((pathPrefix + java.lang.Integer.toString(counter)) + .png)): null

2018-12-04 10:05:55 - [TEST_STEP][PASSED] - Statement - counter = counter + 1: null

2018-12-04 10:05:55 - [TEST_STEP][PASSED] - Statement - PreSaveFile = new java.io.File(((pathPrefix + java.lang.Integer.toString(counter)) + .png)): null

2018-12-04 10:05:55 - [TEST_STEP][PASSED] - Statement - counter = counter + 1: null

2018-12-04 10:05:55 - [TEST_STEP][PASSED] - Statement - PreSaveFile = new java.io.File(((pathPrefix + java.lang.Integer.toString(counter)) + .png)): null

2018-12-04 10:05:55 - [TEST_STEP][PASSED] - Statement - counter = counter + 1: null

2018-12-04 10:05:55 - [TEST_STEP][PASSED] - Statement - PreSaveFile = new java.io.File(((pathPrefix + java.lang.Integer.toString(counter)) + .png)): null

2018-12-04 10:05:55 - [TEST_STEP][PASSED] - Statement - counter = counter + 1: null

2018-12-04 10:05:55 - [TEST_STEP][PASSED] - Statement - PreSaveFile = new java.io.File(((pathPrefix + java.lang.Integer.toString(counter)) + .png)): null

2018-12-04 10:05:55 - [TEST_STEP][PASSED] - Statement - counter = counter + 1: null

2018-12-04 10:05:55 - [TEST_STEP][PASSED] - Statement - PreSaveFile = new java.io.File(((pathPrefix + java.lang.Integer.toString(counter)) + .png)): null

2018-12-04 10:05:56 - [TEST_STEP][PASSED] - Statement - counter = counter + 1: null

2018-12-04 10:05:56 - [TEST_STEP][PASSED] - Statement - PreSaveFile = new java.io.File(((pathPrefix + java.lang.Integer.toString(counter)) + .png)): null

2018-12-04 10:05:56 - [TEST_STEP][PASSED] - Statement - counter = counter + 1: null

2018-12-04 10:05:56 - [TEST_STEP][PASSED] - Statement - PreSaveFile = new java.io.File(((pathPrefix + java.lang.Integer.toString(counter)) + .png)): null

2018-12-04 10:05:56 - [TEST_STEP][PASSED] - Statement - counter = counter + 1: null

2018-12-04 10:05:56 - [TEST_STEP][PASSED] - Statement - PreSaveFile = new java.io.File(((pathPrefix + java.lang.Integer.toString(counter)) + .png)): null

2018-12-04 10:05:56 - [TEST_STEP][PASSED] - Statement - counter = counter + 1: null

2018-12-04 10:05:56 - [TEST_STEP][PASSED] - Statement - PreSaveFile = new java.io.File(((pathPrefix + java.lang.Integer.toString(counter)) + .png)): null

2018-12-04 10:05:56 - [TEST_STEP][PASSED] - Statement - counter = counter + 1: null

2018-12-04 10:05:57 - [TEST_STEP][PASSED] - Statement - PreSaveFile = new java.io.File(((pathPrefix + java.lang.Integer.toString(counter)) + .png)): null

2018-12-04 10:05:57 - [TEST_STEP][PASSED] - Statement - counter = counter + 1: null

2018-12-04 10:05:57 - [TEST_STEP][PASSED] - Statement - PreSaveFile = new java.io.File(((pathPrefix + java.lang.Integer.toString(counter)) + .png)): null

2018-12-04 10:05:57 - [TEST_STEP][PASSED] - Statement - counter = counter + 1: null

2018-12-04 10:05:57 - [TEST_STEP][PASSED] - Statement - PreSaveFile = new java.io.File(((pathPrefix + java.lang.Integer.toString(counter)) + .png)): null

2018-12-04 10:05:57 - [TEST_STEP][PASSED] - Statement - counter = counter + 1: null

2018-12-04 10:05:57 - [TEST_STEP][PASSED] - Statement - PreSaveFile = new java.io.File(((pathPrefix + java.lang.Integer.toString(counter)) + .png)): null

2018-12-04 10:05:57 - [TEST_STEP][PASSED] - Statement - counter = counter + 1: null

2018-12-04 10:05:57 - [TEST_STEP][PASSED] - Statement - PreSaveFile = new java.io.File(((pathPrefix + java.lang.Integer.toString(counter)) + .png)): null

2018-12-04 10:05:57 - [TEST_STEP][PASSED] - Statement - counter = counter + 1: null

2018-12-04 10:05:59 - [TEST_STEP][PASSED] - Statement - PreSaveFile = new java.io.File(((pathPrefix + java.lang.Integer.toString(counter)) + .png)): null

2018-12-04 10:05:59 - [TEST_STEP][PASSED] - Statement - counter = counter + 1: null

2018-12-04 10:05:59 - [TEST_STEP][PASSED] - Statement - PreSaveFile = new java.io.File(((pathPrefix + java.lang.Integer.toString(counter)) + .png)): null

2018-12-04 10:05:59 - [TEST_STEP][PASSED] - Statement - counter = counter + 1: null

2018-12-04 10:05:59 - [TEST_STEP][PASSED] - Statement - PreSaveFile = new java.io.File(((pathPrefix + java.lang.Integer.toString(counter)) + .png)): null

2018-12-04 10:05:59 - [TEST_STEP][PASSED] - Statement - counter = counter + 1: null

2018-12-04 10:05:59 - [TEST_STEP][PASSED] - Statement - PreSaveFile = new java.io.File(((pathPrefix + java.lang.Integer.toString(counter)) + .png)): null

2018-12-04 10:05:59 - [TEST_STEP][PASSED] - Statement - counter = counter + 1: null

2018-12-04 10:05:59 - [TEST_STEP][PASSED] - Statement - PreSaveFile = new java.io.File(((pathPrefix + java.lang.Integer.toString(counter)) + .png)): null

2018-12-04 10:05:59 - [TEST_STEP][PASSED] - Statement - counter = counter + 1: null

2018-12-04 10:06:00 - [TEST_STEP][PASSED] - Statement - PreSaveFile = new java.io.File(((pathPrefix + java.lang.Integer.toString(counter)) + .png)): null

2018-12-04 10:06:00 - [TEST_STEP][PASSED] - Statement - counter = counter + 1: null

2018-12-04 10:06:00 - [TEST_STEP][PASSED] - Statement - PreSaveFile = new java.io.File(((pathPrefix + java.lang.Integer.toString(counter)) + .png)): null

2018-12-04 10:06:00 - [TEST_STEP][PASSED] - Statement - counter = counter + 1: null

2018-12-04 10:06:00 - [TEST_STEP][PASSED] - Statement - PreSaveFile = new java.io.File(((pathPrefix + java.lang.Integer.toString(counter)) + .png)): null

2018-12-04 10:06:00 - [TEST_STEP][PASSED] - Statement - counter = counter + 1: null

2018-12-04 10:06:00 - [TEST_STEP][PASSED] - Statement - PreSaveFile = new java.io.File(((pathPrefix + java.lang.Integer.toString(counter)) + .png)): null

2018-12-04 10:06:00 - [TEST_STEP][PASSED] - Statement - counter = counter + 1: null

2018-12-04 10:06:00 - [TEST_STEP][PASSED] - Statement - PreSaveFile = new java.io.File(((pathPrefix + java.lang.Integer.toString(counter)) + .png)): null

2018-12-04 10:06:01 - [TEST_STEP][PASSED] - Statement - counter = counter + 1: null

2018-12-04 10:06:01 - [TEST_STEP][PASSED] - Statement - PreSaveFile = new java.io.File(((pathPrefix + java.lang.Integer.toString(counter)) + .png)): null

2018-12-04 10:06:01 - [TEST_STEP][PASSED] - Statement - counter = counter + 1: null

2018-12-04 10:06:01 - [TEST_STEP][PASSED] - Statement - PreSaveFile = new java.io.File(((pathPrefix + java.lang.Integer.toString(counter)) + .png)): null

2018-12-04 10:06:01 - [TEST_STEP][PASSED] - Statement - counter = counter + 1: null

2018-12-04 10:06:01 - [TEST_STEP][PASSED] - Statement - PreSaveFile = new java.io.File(((pathPrefix + java.lang.Integer.toString(counter)) + .png)): null

2018-12-04 10:06:01 - [TEST_STEP][PASSED] - Statement - counter = counter + 1: null

2018-12-04 10:06:01 - [TEST_STEP][PASSED] - Statement - PreSaveFile = new java.io.File(((pathPrefix + java.lang.Integer.toString(counter)) + .png)): null

2018-12-04 10:06:01 - [TEST_STEP][PASSED] - Statement - counter = counter + 1: null

2018-12-04 10:06:02 - [TEST_STEP][PASSED] - Statement - PreSaveFile = new java.io.File(((pathPrefix + java.lang.Integer.toString(counter)) + .png)): null

2018-12-04 10:06:02 - [TEST_STEP][PASSED] - Statement - counter = counter + 1: null

2018-12-04 10:06:02 - [TEST_STEP][PASSED] - Statement - PreSaveFile = new java.io.File(((pathPrefix + java.lang.Integer.toString(counter)) + .png)): null

2018-12-04 10:06:02 - [TEST_STEP][PASSED] - Statement - counter = counter + 1: null

2018-12-04 10:06:02 - [TEST_STEP][PASSED] - Statement - PreSaveFile = new java.io.File(((pathPrefix + java.lang.Integer.toString(counter)) + .png)): null

2018-12-04 10:06:02 - [TEST_STEP][PASSED] - Statement - counter = counter + 1: null

2018-12-04 10:06:02 - [TEST_STEP][PASSED] - Statement - PreSaveFile = new java.io.File(((pathPrefix + java.lang.Integer.toString(counter)) + .png)): null

2018-12-04 10:06:02 - [TEST_STEP][PASSED] - Statement - counter = counter + 1: null

2018-12-04 10:06:02 - [TEST_STEP][PASSED] - Statement - PreSaveFile = new java.io.File(((pathPrefix + java.lang.Integer.toString(counter)) + .png)): null

2018-12-04 10:06:02 - [TEST_STEP][PASSED] - Statement - counter = counter + 1: null

2018-12-04 10:06:03 - [TEST_STEP][PASSED] - Statement - PreSaveFile = new java.io.File(((pathPrefix + java.lang.Integer.toString(counter)) + .png)): null

2018-12-04 10:06:03 - [TEST_STEP][PASSED] - Statement - counter = counter + 1: null

2018-12-04 10:06:03 - [TEST_STEP][PASSED] - Statement - PreSaveFile = new java.io.File(((pathPrefix + java.lang.Integer.toString(counter)) + .png)): null

2018-12-04 10:06:03 - [TEST_STEP][PASSED] - Statement - counter = counter + 1: null

2018-12-04 10:06:03 - [TEST_STEP][PASSED] - Statement - PreSaveFile = new java.io.File(((pathPrefix + java.lang.Integer.toString(counter)) + .png)): null

2018-12-04 10:06:03 - [TEST_STEP][PASSED] - Statement - counter = counter + 1: null

2018-12-04 10:06:03 - [TEST_STEP][PASSED] - Statement - PreSaveFile = new java.io.File(((pathPrefix + java.lang.Integer.toString(counter)) + .png)): null

2018-12-04 10:06:03 - [TEST_STEP][PASSED] - Statement - counter = counter + 1: null

2018-12-04 10:06:03 - [TEST_STEP][PASSED] - Statement - PreSaveFile = new java.io.File(((pathPrefix + java.lang.Integer.toString(counter)) + .png)): null

2018-12-04 10:06:03 - [TEST_STEP][PASSED] - Statement - counter = counter + 1: null

2018-12-04 10:06:05 - [TEST_STEP][PASSED] - Statement - PreSaveFile = new java.io.File(((pathPrefix + java.lang.Integer.toString(counter)) + .png)): null

2018-12-04 10:06:05 - [TEST_STEP][PASSED] - Statement - counter = counter + 1: null

2018-12-04 10:06:05 - [TEST_STEP][PASSED] - Statement - PreSaveFile = new java.io.File(((pathPrefix + java.lang.Integer.toString(counter)) + .png)): null

2018-12-04 10:06:05 - [TEST_STEP][PASSED] - Statement - counter = counter + 1: null

2018-12-04 10:06:05 - [TEST_STEP][PASSED] - Statement - PreSaveFile = new java.io.File(((pathPrefix + java.lang.Integer.toString(counter)) + .png)): null

2018-12-04 10:06:05 - [TEST_STEP][PASSED] - Statement - counter = counter + 1: null

2018-12-04 10:06:05 - [TEST_STEP][PASSED] - Statement - PreSaveFile = new java.io.File(((pathPrefix + java.lang.Integer.toString(counter)) + .png)): null

2018-12-04 10:06:05 - [TEST_STEP][PASSED] - Statement - counter = counter + 1: null

2018-12-04 10:06:05 - [TEST_STEP][PASSED] - Statement - PreSaveFile = new java.io.File(((pathPrefix + java.lang.Integer.toString(counter)) + .png)): null

2018-12-04 10:06:05 - [TEST_STEP][PASSED] - Statement - counter = counter + 1: null

2018-12-04 10:06:06 - [TEST_STEP][PASSED] - Statement - PreSaveFile = new java.io.File(((pathPrefix + java.lang.Integer.toString(counter)) + .png)): null

2018-12-04 10:06:06 - [TEST_STEP][PASSED] - Statement - counter = counter + 1: null

2018-12-04 10:06:06 - [TEST_STEP][PASSED] - Statement - PreSaveFile = new java.io.File(((pathPrefix + java.lang.Integer.toString(counter)) + .png)): null

2018-12-04 10:06:06 - [TEST_STEP][PASSED] - Statement - counter = counter + 1: null

2018-12-04 10:06:06 - [TEST_STEP][PASSED] - Statement - PreSaveFile = new java.io.File(((pathPrefix + java.lang.Integer.toString(counter)) + .png)): null

2018-12-04 10:06:06 - [TEST_STEP][PASSED] - Statement - counter = counter + 1: null

2018-12-04 10:06:06 - [TEST_STEP][PASSED] - Statement - PreSaveFile = new java.io.File(((pathPrefix + java.lang.Integer.toString(counter)) + .png)): null

2018-12-04 10:06:06 - [TEST_STEP][PASSED] - Statement - counter = counter + 1: null

2018-12-04 10:06:06 - [TEST_STEP][PASSED] - Statement - PreSaveFile = new java.io.File(((pathPrefix + java.lang.Integer.toString(counter)) + .png)): null

2018-12-04 10:06:07 - [TEST_STEP][PASSED] - Statement - counter = counter + 1: null

2018-12-04 10:06:07 - [TEST_STEP][PASSED] - Statement - PreSaveFile = new java.io.File(((pathPrefix + java.lang.Integer.toString(counter)) + .png)): null

2018-12-04 10:06:07 - [TEST_STEP][PASSED] - Statement - counter = counter + 1: null

2018-12-04 10:06:07 - [TEST_STEP][PASSED] - Statement - PreSaveFile = new java.io.File(((pathPrefix + java.lang.Integer.toString(counter)) + .png)): null

2018-12-04 10:06:07 - [TEST_STEP][PASSED] - Statement - counter = counter + 1: null

2018-12-04 10:06:07 - [TEST_STEP][PASSED] - Statement - PreSaveFile = new java.io.File(((pathPrefix + java.lang.Integer.toString(counter)) + .png)): null

2018-12-04 10:06:07 - [TEST_STEP][PASSED] - Statement - counter = counter + 1: null

2018-12-04 10:06:07 - [TEST_STEP][PASSED] - Statement - PreSaveFile = new java.io.File(((pathPrefix + java.lang.Integer.toString(counter)) + .png)): null

2018-12-04 10:06:07 - [TEST_STEP][PASSED] - Statement - counter = counter + 1: null

2018-12-04 10:06:09 - [TEST_STEP][PASSED] - Statement - PreSaveFile = new java.io.File(((pathPrefix + java.lang.Integer.toString(counter)) + .png)): null

2018-12-04 10:06:09 - [TEST_STEP][PASSED] - Statement - counter = counter + 1: null

2018-12-04 10:06:09 - [TEST_STEP][PASSED] - Statement - PreSaveFile = new java.io.File(((pathPrefix + java.lang.Integer.toString(counter)) + .png)): null

2018-12-04 10:06:09 - [TEST_STEP][PASSED] - Statement - counter = counter + 1: null

2018-12-04 10:06:09 - [TEST_STEP][PASSED] - Statement - PreSaveFile = new java.io.File(((pathPrefix + java.lang.Integer.toString(counter)) + .png)): null

2018-12-04 10:06:09 - [TEST_STEP][PASSED] - Statement - counter = counter + 1: null

2018-12-04 10:06:09 - [TEST_STEP][PASSED] - Statement - PreSaveFile = new java.io.File(((pathPrefix + java.lang.Integer.toString(counter)) + .png)): null

2018-12-04 10:06:09 - [TEST_STEP][PASSED] - Statement - counter = counter + 1: null

2018-12-04 10:06:09 - [TEST_STEP][PASSED] - Statement - PreSaveFile = new java.io.File(((pathPrefix + java.lang.Integer.toString(counter)) + .png)): null

2018-12-04 10:06:09 - [TEST_STEP][PASSED] - Statement - counter = counter + 1: null

2018-12-04 10:06:10 - [TEST_STEP][PASSED] - Statement - PreSaveFile = new java.io.File(((pathPrefix + java.lang.Integer.toString(counter)) + .png)): null

2018-12-04 10:06:10 - [TEST_STEP][PASSED] - Statement - counter = counter + 1: null

2018-12-04 10:06:10 - [TEST_STEP][PASSED] - Statement - PreSaveFile = new java.io.File(((pathPrefix + java.lang.Integer.toString(counter)) + .png)): null

2018-12-04 10:06:10 - [TEST_STEP][PASSED] - Statement - counter = counter + 1: null

2018-12-04 10:06:10 - [TEST_STEP][PASSED] - Statement - PreSaveFile = new java.io.File(((pathPrefix + java.lang.Integer.toString(counter)) + .png)): null

2018-12-04 10:06:10 - [TEST_STEP][PASSED] - Statement - counter = counter + 1: null

2018-12-04 10:06:10 - [TEST_STEP][PASSED] - Statement - PreSaveFile = new java.io.File(((pathPrefix + java.lang.Integer.toString(counter)) + .png)): null

2018-12-04 10:06:10 - [TEST_STEP][PASSED] - Statement - counter = counter + 1: null

2018-12-04 10:06:10 - [TEST_STEP][PASSED] - Statement - PreSaveFile = new java.io.File(((pathPrefix + java.lang.Integer.toString(counter)) + .png)): null

2018-12-04 10:06:10 - [TEST_STEP][PASSED] - Statement - counter = counter + 1: null

2018-12-04 10:06:11 - [TEST_STEP][PASSED] - Statement - PreSaveFile = new java.io.File(((pathPrefix + java.lang.Integer.toString(counter)) + .png)): null

2018-12-04 10:06:11 - [TEST_STEP][PASSED] - Statement - counter = counter + 1: null

2018-12-04 10:06:11 - [TEST_STEP][PASSED] - Statement - PreSaveFile = new java.io.File(((pathPrefix + java.lang.Integer.toString(counter)) + .png)): null

2018-12-04 10:06:11 - [TEST_STEP][PASSED] - Statement - counter = counter + 1: null

2018-12-04 10:06:11 - [TEST_STEP][PASSED] - Statement - PreSaveFile = new java.io.File(((pathPrefix + java.lang.Integer.toString(counter)) + .png)): null

2018-12-04 10:06:11 - [TEST_STEP][PASSED] - Statement - counter = counter + 1: null

2018-12-04 10:06:11 - [TEST_STEP][PASSED] - Statement - PreSaveFile = new java.io.File(((pathPrefix + java.lang.Integer.toString(counter)) + .png)): null

2018-12-04 10:06:11 - [TEST_STEP][PASSED] - Statement - counter = counter + 1: null

2018-12-04 10:06:11 - [TEST_STEP][PASSED] - Statement - PreSaveFile = new java.io.File(((pathPrefix + java.lang.Integer.toString(counter)) + .png)): null

2018-12-04 10:06:12 - [TEST_STEP][PASSED] - Statement - counter = counter + 1: null

2018-12-04 10:06:12 - [TEST_STEP][PASSED] - Statement - PreSaveFile = new java.io.File(((pathPrefix + java.lang.Integer.toString(counter)) + .png)): null

2018-12-04 10:06:12 - [TEST_STEP][PASSED] - Statement - counter = counter + 1: null

2018-12-04 10:06:12 - [TEST_STEP][PASSED] - Statement - PreSaveFile = new java.io.File(((pathPrefix + java.lang.Integer.toString(counter)) + .png)): null

2018-12-04 10:06:12 - [TEST_STEP][PASSED] - Statement - counter = counter + 1: null

2018-12-04 10:06:12 - [TEST_STEP][PASSED] - Statement - PreSaveFile = new java.io.File(((pathPrefix + java.lang.Integer.toString(counter)) + .png)): null

2018-12-04 10:06:12 - [TEST_STEP][PASSED] - Statement - counter = counter + 1: null

2018-12-04 10:06:12 - [TEST_STEP][PASSED] - Statement - PreSaveFile = new java.io.File(((pathPrefix + java.lang.Integer.toString(counter)) + .png)): null

2018-12-04 10:06:12 - [TEST_STEP][PASSED] - Statement - counter = counter + 1: null

2018-12-04 10:06:12 - [TEST_STEP][PASSED] - Statement - PreSaveFile = new java.io.File(((pathPrefix + java.lang.Integer.toString(counter)) + .png)): null

2018-12-04 10:06:14 - [TEST_STEP][PASSED] - Statement - counter = counter + 1: null

2018-12-04 10:06:14 - [TEST_STEP][PASSED] - Statement - PreSaveFile = new java.io.File(((pathPrefix + java.lang.Integer.toString(counter)) + .png)): null

2018-12-04 10:06:14 - [TEST_STEP][PASSED] - Statement - counter = counter + 1: null

2018-12-04 10:06:14 - [TEST_STEP][PASSED] - Statement - PreSaveFile = new java.io.File(((pathPrefix + java.lang.Integer.toString(counter)) + .png)): null

2018-12-04 10:06:14 - [TEST_STEP][PASSED] - Statement - counter = counter + 1: null

2018-12-04 10:06:14 - [TEST_STEP][PASSED] - Statement - PreSaveFile = new java.io.File(((pathPrefix + java.lang.Integer.toString(counter)) + .png)): null

2018-12-04 10:06:14 - [TEST_STEP][PASSED] - Statement - counter = counter + 1: null

2018-12-04 10:06:14 - [TEST_STEP][PASSED] - Statement - PreSaveFile = new java.io.File(((pathPrefix + java.lang.Integer.toString(counter)) + .png)): null

2018-12-04 10:06:14 - [TEST_STEP][PASSED] - Statement - counter = counter + 1: null

2018-12-04 10:06:15 - [TEST_STEP][PASSED] - Statement - PreSaveFile = new java.io.File(((pathPrefix + java.lang.Integer.toString(counter)) + .png)): null

2018-12-04 10:06:15 - [TEST_STEP][PASSED] - Statement - counter = counter + 1: null

2018-12-04 10:06:15 - [TEST_STEP][PASSED] - Statement - PreSaveFile = new java.io.File(((pathPrefix + java.lang.Integer.toString(counter)) + .png)): null

2018-12-04 10:06:15 - [TEST_STEP][PASSED] - Statement - counter = counter + 1: null

2018-12-04 10:06:15 - [TEST_STEP][PASSED] - Statement - PreSaveFile = new java.io.File(((pathPrefix + java.lang.Integer.toString(counter)) + .png)): null

2018-12-04 10:06:15 - [TEST_STEP][PASSED] - Statement - counter = counter + 1: null

2018-12-04 10:06:15 - [TEST_STEP][PASSED] - Statement - PreSaveFile = new java.io.File(((pathPrefix + java.lang.Integer.toString(counter)) + .png)): null

2018-12-04 10:06:15 - [TEST_STEP][PASSED] - Statement - counter = counter + 1: null

2018-12-04 10:06:15 - [TEST_STEP][PASSED] - Statement - PreSaveFile = new java.io.File(((pathPrefix + java.lang.Integer.toString(counter)) + .png)): null

2018-12-04 10:06:15 - [TEST_STEP][PASSED] - Statement - counter = counter + 1: null

2018-12-04 10:06:16 - [TEST_STEP][PASSED] - Statement - PreSaveFile = new java.io.File(((pathPrefix + java.lang.Integer.toString(counter)) + .png)): null

2018-12-04 10:06:16 - [TEST_STEP][PASSED] - Statement - counter = counter + 1: null

2018-12-04 10:06:16 - [TEST_STEP][PASSED] - Statement - PreSaveFile = new java.io.File(((pathPrefix + java.lang.Integer.toString(counter)) + .png)): null

2018-12-04 10:06:16 - [TEST_STEP][PASSED] - Statement - counter = counter + 1: null

2018-12-04 10:06:16 - [TEST_STEP][PASSED] - Statement - PreSaveFile = new java.io.File(((pathPrefix + java.lang.Integer.toString(counter)) + .png)): null

2018-12-04 10:06:16 - [TEST_STEP][PASSED] - Statement - counter = counter + 1: null

2018-12-04 10:06:16 - [TEST_STEP][PASSED] - Statement - PreSaveFile = new java.io.File(((pathPrefix + java.lang.Integer.toString(counter)) + .png)): null

2018-12-04 10:06:16 - [TEST_STEP][PASSED] - Statement - counter = counter + 1: null

2018-12-04 10:06:16 - [TEST_STEP][PASSED] - Statement - PreSaveFile = new java.io.File(((pathPrefix + java.lang.Integer.toString(counter)) + .png)): null

2018-12-04 10:06:16 - [TEST_STEP][PASSED] - Statement - counter = counter + 1: null

2018-12-04 10:06:18 - [TEST_STEP][PASSED] - Statement - PreSaveFile = new java.io.File(((pathPrefix + java.lang.Integer.toString(counter)) + .png)): null

2018-12-04 10:06:18 - [TEST_STEP][PASSED] - Statement - counter = counter + 1: null

2018-12-04 10:06:18 - [TEST_STEP][PASSED] - Statement - PreSaveFile = new java.io.File(((pathPrefix + java.lang.Integer.toString(counter)) + .png)): null

2018-12-04 10:06:18 - [TEST_STEP][PASSED] - Statement - counter = counter + 1: null

2018-12-04 10:06:18 - [TEST_STEP][PASSED] - Statement - PreSaveFile = new java.io.File(((pathPrefix + java.lang.Integer.toString(counter)) + .png)): null

2018-12-04 10:06:18 - [TEST_STEP][PASSED] - Statement - counter = counter + 1: null

2018-12-04 10:06:18 - [TEST_STEP][PASSED] - Statement - PreSaveFile = new java.io.File(((pathPrefix + java.lang.Integer.toString(counter)) + .png)): null

2018-12-04 10:06:18 - [TEST_STEP][PASSED] - Statement - counter = counter + 1: null

2018-12-04 10:06:18 - [TEST_STEP][PASSED] - Statement - PreSaveFile = new java.io.File(((pathPrefix + java.lang.Integer.toString(counter)) + .png)): null

2018-12-04 10:06:19 - [TEST_STEP][PASSED] - Statement - counter = counter + 1: null

2018-12-04 10:06:19 - [TEST_STEP][PASSED] - Statement - PreSaveFile = new java.io.File(((pathPrefix + java.lang.Integer.toString(counter)) + .png)): null

2018-12-04 10:06:19 - [TEST_STEP][PASSED] - Statement - counter = counter + 1: null

2018-12-04 10:06:19 - [TEST_STEP][PASSED] - Statement - PreSaveFile = new java.io.File(((pathPrefix + java.lang.Integer.toString(counter)) + .png)): null

2018-12-04 10:06:19 - [TEST_STEP][PASSED] - Statement - counter = counter + 1: null

2018-12-04 10:06:19 - [TEST_STEP][PASSED] - Statement - PreSaveFile = new java.io.File(((pathPrefix + java.lang.Integer.toString(counter)) + .png)): null

2018-12-04 10:06:19 - [TEST_STEP][PASSED] - Statement - counter = counter + 1: null

2018-12-04 10:06:19 - [TEST_STEP][PASSED] - Statement - PreSaveFile = new java.io.File(((pathPrefix + java.lang.Integer.toString(counter)) + .png)): null

2018-12-04 10:06:19 - [TEST_STEP][PASSED] - Statement - counter = counter + 1: null

2018-12-04 10:06:21 - [TEST_STEP][PASSED] - Statement - PreSaveFile = new java.io.File(((pathPrefix + java.lang.Integer.toString(counter)) + .png)): null

2018-12-04 10:06:21 - [TEST_STEP][PASSED] - Statement - counter = counter + 1: null

2018-12-04 10:06:21 - [TEST_STEP][PASSED] - Statement - PreSaveFile = new java.io.File(((pathPrefix + java.lang.Integer.toString(counter)) + .png)): null

2018-12-04 10:06:21 - [TEST_STEP][PASSED] - Statement - counter = counter + 1: null

2018-12-04 10:06:21 - [TEST_STEP][PASSED] - Statement - PreSaveFile = new java.io.File(((pathPrefix + java.lang.Integer.toString(counter)) + .png)): null

2018-12-04 10:06:21 - [TEST_STEP][PASSED] - Statement - counter = counter + 1: null

2018-12-04 10:06:21 - [TEST_STEP][PASSED] - Statement - PreSaveFile = new java.io.File(((pathPrefix + java.lang.Integer.toString(counter)) + .png)): null

2018-12-04 10:06:21 - [TEST_STEP][PASSED] - Statement - counter = counter + 1: null

2018-12-04 10:06:21 - [TEST_STEP][PASSED] - Statement - PreSaveFile = new java.io.File(((pathPrefix + java.lang.Integer.toString(counter)) + .png)): null

2018-12-04 10:06:21 - [TEST_STEP][PASSED] - Statement - counter = counter + 1: null

2018-12-04 10:06:22 - [TEST_STEP][PASSED] - Statement - PreSaveFile = new java.io.File(((pathPrefix + java.lang.Integer.toString(counter)) + .png)): null

2018-12-04 10:06:22 - [TEST_STEP][PASSED] - Statement - counter = counter + 1: null

2018-12-04 10:06:22 - [TEST_STEP][PASSED] - Statement - PreSaveFile = new java.io.File(((pathPrefix + java.lang.Integer.toString(counter)) + .png)): null

2018-12-04 10:06:22 - [TEST_STEP][PASSED] - Statement - counter = counter + 1: null

2018-12-04 10:06:22 - [TEST_STEP][PASSED] - Statement - PreSaveFile = new java.io.File(((pathPrefix + java.lang.Integer.toString(counter)) + .png)): null

2018-12-04 10:06:22 - [TEST_STEP][PASSED] - Statement - counter = counter + 1: null

2018-12-04 10:06:22 - [TEST_STEP][PASSED] - Statement - PreSaveFile = new java.io.File(((pathPrefix + java.lang.Integer.toString(counter)) + .png)): null

2018-12-04 10:06:22 - [TEST_STEP][PASSED] - Statement - counter = counter + 1: null

2018-12-04 10:06:22 - [TEST_STEP][PASSED] - Statement - PreSaveFile = new java.io.File(((pathPrefix + java.lang.Integer.toString(counter)) + .png)): null

2018-12-04 10:06:22 - [TEST_STEP][PASSED] - Statement - counter = counter + 1: null

2018-12-04 10:06:23 - [TEST_STEP][PASSED] - Statement - PreSaveFile = new java.io.File(((pathPrefix + java.lang.Integer.toString(counter)) + .png)): null

2018-12-04 10:06:23 - [TEST_STEP][PASSED] - Statement - counter = counter + 1: null

2018-12-04 10:06:23 - [TEST_STEP][PASSED] - Statement - PreSaveFile = new java.io.File(((pathPrefix + java.lang.Integer.toString(counter)) + .png)): null

2018-12-04 10:06:23 - [TEST_STEP][PASSED] - Statement - counter = counter + 1: null

2018-12-04 10:06:23 - [TEST_STEP][PASSED] - Statement - PreSaveFile = new java.io.File(((pathPrefix + java.lang.Integer.toString(counter)) + .png)): null

2018-12-04 10:06:23 - [TEST_STEP][PASSED] - Statement - counter = counter + 1: null

2018-12-04 10:06:23 - [TEST_STEP][PASSED] - Statement - PreSaveFile = new java.io.File(((pathPrefix + java.lang.Integer.toString(counter)) + .png)): null

2018-12-04 10:06:23 - [TEST_STEP][PASSED] - Statement - counter = counter + 1: null

2018-12-04 10:06:23 - [TEST_STEP][PASSED] - Statement - PreSaveFile = new java.io.File(((pathPrefix + java.lang.Integer.toString(counter)) + .png)): null

2018-12-04 10:06:23 - [TEST_STEP][PASSED] - Statement - counter = counter + 1: null

2018-12-04 10:06:25 - [TEST_STEP][PASSED] - Statement - PreSaveFile = new java.io.File(((pathPrefix + java.lang.Integer.toString(counter)) + .png)): null

2018-12-04 10:06:25 - [TEST_STEP][PASSED] - Statement - counter = counter + 1: null

2018-12-04 10:06:25 - [TEST_STEP][PASSED] - Statement - PreSaveFile = new java.io.File(((pathPrefix + java.lang.Integer.toString(counter)) + .png)): null

2018-12-04 10:06:25 - [TEST_STEP][PASSED] - Statement - counter = counter + 1: null

2018-12-04 10:06:25 - [TEST_STEP][PASSED] - Statement - PreSaveFile = new java.io.File(((pathPrefix + java.lang.Integer.toString(counter)) + .png)): null

2018-12-04 10:06:25 - [TEST_STEP][PASSED] - Statement - counter = counter + 1: null

2018-12-04 10:06:25 - [TEST_STEP][PASSED] - Statement - PreSaveFile = new java.io.File(((pathPrefix + java.lang.Integer.toString(counter)) + .png)): null

2018-12-04 10:06:25 - [TEST_STEP][PASSED] - Statement - counter = counter + 1: null

2018-12-04 10:06:25 - [TEST_STEP][PASSED] - Statement - PreSaveFile = new java.io.File(((pathPrefix + java.lang.Integer.toString(counter)) + .png)): null

2018-12-04 10:06:27 - [TEST_STEP][PASSED] - Statement - counter = counter + 1: null

2018-12-04 10:06:27 - [TEST_STEP][PASSED] - Statement - PreSaveFile = new java.io.File(((pathPrefix + java.lang.Integer.toString(counter)) + .png)): null

2018-12-04 10:06:27 - [TEST_STEP][PASSED] - Statement - counter = counter + 1: null

2018-12-04 10:06:27 - [TEST_STEP][PASSED] - Statement - PreSaveFile = new java.io.File(((pathPrefix + java.lang.Integer.toString(counter)) + .png)): null

2018-12-04 10:06:27 - [TEST_STEP][PASSED] - Statement - counter = counter + 1: null

2018-12-04 10:06:27 - [TEST_STEP][PASSED] - Statement - PreSaveFile = new java.io.File(((pathPrefix + java.lang.Integer.toString(counter)) + .png)): null

2018-12-04 10:06:27 - [TEST_STEP][PASSED] - Statement - counter = counter + 1: null

2018-12-04 10:06:27 - [TEST_STEP][PASSED] - Statement - PreSaveFile = new java.io.File(((pathPrefix + java.lang.Integer.toString(counter)) + .png)): null

2018-12-04 10:06:27 - [TEST_STEP][PASSED] - Statement - counter = counter + 1: null

2018-12-04 10:06:28 - [TEST_STEP][PASSED] - Statement - PreSaveFile = new java.io.File(((pathPrefix + java.lang.Integer.toString(counter)) + .png)): null

2018-12-04 10:06:28 - [TEST_STEP][PASSED] - Statement - counter = counter + 1: null

2018-12-04 10:06:28 - [TEST_STEP][PASSED] - Statement - PreSaveFile = new java.io.File(((pathPrefix + java.lang.Integer.toString(counter)) + .png)): null

2018-12-04 10:06:28 - [TEST_STEP][PASSED] - Statement - counter = counter + 1: null

2018-12-04 10:06:28 - [TEST_STEP][PASSED] - Statement - PreSaveFile = new java.io.File(((pathPrefix + java.lang.Integer.toString(counter)) + .png)): null

2018-12-04 10:06:28 - [TEST_STEP][PASSED] - Statement - counter = counter + 1: null

2018-12-04 10:06:28 - [TEST_STEP][PASSED] - Statement - PreSaveFile = new java.io.File(((pathPrefix + java.lang.Integer.toString(counter)) + .png)): null

2018-12-04 10:06:28 - [TEST_STEP][PASSED] - Statement - counter = counter + 1: null

2018-12-04 10:06:28 - [TEST_STEP][PASSED] - Statement - PreSaveFile = new java.io.File(((pathPrefix + java.lang.Integer.toString(counter)) + .png)): null

2018-12-04 10:06:28 - [TEST_STEP][PASSED] - Statement - counter = counter + 1: null

2018-12-04 10:06:29 - [TEST_STEP][PASSED] - Statement - PreSaveFile = new java.io.File(((pathPrefix + java.lang.Integer.toString(counter)) + .png)): null

2018-12-04 10:06:29 - [TEST_STEP][PASSED] - Statement - counter = counter + 1: null

2018-12-04 10:06:29 - [TEST_STEP][PASSED] - Statement - PreSaveFile = new java.io.File(((pathPrefix + java.lang.Integer.toString(counter)) + .png)): null

2018-12-04 10:06:29 - [TEST_STEP][PASSED] - Statement - counter = counter + 1: null

2018-12-04 10:06:29 - [TEST_STEP][PASSED] - Statement - PreSaveFile = new java.io.File(((pathPrefix + java.lang.Integer.toString(counter)) + .png)): null

2018-12-04 10:06:29 - [TEST_STEP][PASSED] - Statement - counter = counter + 1: null

2018-12-04 10:06:29 - [TEST_STEP][PASSED] - Statement - PreSaveFile = new java.io.File(((pathPrefix + java.lang.Integer.toString(counter)) + .png)): null

2018-12-04 10:06:29 - [TEST_STEP][PASSED] - Statement - counter = counter + 1: null

2018-12-04 10:06:29 - [TEST_STEP][PASSED] - Statement - PreSaveFile = new java.io.File(((pathPrefix + java.lang.Integer.toString(counter)) + .png)): null

2018-12-04 10:06:29 - [TEST_STEP][PASSED] - Statement - counter = counter + 1: null

2018-12-04 10:06:30 - [TEST_STEP][PASSED] - Statement - PreSaveFile = new java.io.File(((pathPrefix + java.lang.Integer.toString(counter)) + .png)): null

2018-12-04 10:06:30 - [TEST_STEP][PASSED] - Statement - counter = counter + 1: null

2018-12-04 10:06:30 - [TEST_STEP][PASSED] - Statement - PreSaveFile = new java.io.File(((pathPrefix + java.lang.Integer.toString(counter)) + .png)): null

2018-12-04 10:06:30 - [TEST_STEP][PASSED] - Statement - counter = counter + 1: null

2018-12-04 10:06:30 - [TEST_STEP][PASSED] - Statement - PreSaveFile = new java.io.File(((pathPrefix + java.lang.Integer.toString(counter)) + .png)): null

2018-12-04 10:06:30 - [TEST_STEP][PASSED] - Statement - counter = counter + 1: null

2018-12-04 10:06:30 - [TEST_STEP][PASSED] - Statement - PreSaveFile = new java.io.File(((pathPrefix + java.lang.Integer.toString(counter)) + .png)): null

2018-12-04 10:06:30 - [TEST_STEP][PASSED] - Statement - counter = counter + 1: null

2018-12-04 10:06:30 - [TEST_STEP][PASSED] - Statement - PreSaveFile = new java.io.File(((pathPrefix + java.lang.Integer.toString(counter)) + .png)): null

2018-12-04 10:06:32 - [TEST_STEP][PASSED] - Statement - counter = counter + 1: null

2018-12-04 10:06:32 - [TEST_STEP][PASSED] - Statement - PreSaveFile = new java.io.File(((pathPrefix + java.lang.Integer.toString(counter)) + .png)): null

2018-12-04 10:06:32 - [TEST_STEP][PASSED] - Statement - counter = counter + 1: null

2018-12-04 10:06:32 - [TEST_STEP][PASSED] - Statement - PreSaveFile = new java.io.File(((pathPrefix + java.lang.Integer.toString(counter)) + .png)): null

2018-12-04 10:06:32 - [TEST_STEP][PASSED] - Statement - counter = counter + 1: null

2018-12-04 10:06:32 - [TEST_STEP][PASSED] - Statement - PreSaveFile = new java.io.File(((pathPrefix + java.lang.Integer.toString(counter)) + .png)): null

2018-12-04 10:06:32 - [TEST_STEP][PASSED] - Statement - counter = counter + 1: null

2018-12-04 10:06:32 - [TEST_STEP][PASSED] - Statement - PreSaveFile = new java.io.File(((pathPrefix + java.lang.Integer.toString(counter)) + .png)): null

2018-12-04 10:06:32 - [TEST_STEP][PASSED] - Statement - counter = counter + 1: null

2018-12-04 10:06:32 - [TEST_STEP][PASSED] - Statement - PreSaveFile = new java.io.File(((pathPrefix + java.lang.Integer.toString(counter)) + .png)): null

2018-12-04 10:06:33 - [TEST_STEP][PASSED] - Statement - counter = counter + 1: null

2018-12-04 10:06:33 - [TEST_STEP][PASSED] - Statement - PreSaveFile = new java.io.File(((pathPrefix + java.lang.Integer.toString(counter)) + .png)): null

2018-12-04 10:06:33 - [TEST_STEP][PASSED] - Statement - counter = counter + 1: null

2018-12-04 10:06:33 - [TEST_STEP][PASSED] - Statement - PreSaveFile = new java.io.File(((pathPrefix + java.lang.Integer.toString(counter)) + .png)): null

2018-12-04 10:06:33 - [TEST_STEP][PASSED] - Statement - counter = counter + 1: null

2018-12-04 10:06:33 - [TEST_STEP][PASSED] - Statement - PreSaveFile = new java.io.File(((pathPrefix + java.lang.Integer.toString(counter)) + .png)): null

2018-12-04 10:06:33 - [TEST_STEP][PASSED] - Statement - counter = counter + 1: null

2018-12-04 10:06:33 - [TEST_STEP][PASSED] - Statement - PreSaveFile = new java.io.File(((pathPrefix + java.lang.Integer.toString(counter)) + .png)): null

2018-12-04 10:06:33 - [TEST_STEP][PASSED] - Statement - counter = counter + 1: null

2018-12-04 10:06:35 - [TEST_STEP][PASSED] - Statement - PreSaveFile = new java.io.File(((pathPrefix + java.lang.Integer.toString(counter)) + .png)): null

2018-12-04 10:06:35 - [TEST_STEP][PASSED] - Statement - counter = counter + 1: null

2018-12-04 10:06:35 - [TEST_STEP][PASSED] - Statement - PreSaveFile = new java.io.File(((pathPrefix + java.lang.Integer.toString(counter)) + .png)): null

2018-12-04 10:06:35 - [TEST_STEP][PASSED] - Statement - counter = counter + 1: null

2018-12-04 10:06:35 - [TEST_STEP][PASSED] - Statement - PreSaveFile = new java.io.File(((pathPrefix + java.lang.Integer.toString(counter)) + .png)): null

2018-12-04 10:06:35 - [TEST_STEP][PASSED] - Statement - counter = counter + 1: null

2018-12-04 10:06:35 - [TEST_STEP][PASSED] - Statement - PreSaveFile = new java.io.File(((pathPrefix + java.lang.Integer.toString(counter)) + .png)): null

2018-12-04 10:06:35 - [TEST_STEP][PASSED] - Statement - counter = counter + 1: null

2018-12-04 10:06:35 - [TEST_STEP][PASSED] - Statement - PreSaveFile = new java.io.File(((pathPrefix + java.lang.Integer.toString(counter)) + .png)): null

2018-12-04 10:06:35 - [TEST_STEP][PASSED] - Statement - counter = counter + 1: null

2018-12-04 10:06:37 - [TEST_STEP][PASSED] - Statement - PreSaveFile = new java.io.File(((pathPrefix + java.lang.Integer.toString(counter)) + .png)): null

2018-12-04 10:06:37 - [TEST_STEP][PASSED] - Statement - counter = counter + 1: null

2018-12-04 10:06:37 - [TEST_STEP][PASSED] - Statement - PreSaveFile = new java.io.File(((pathPrefix + java.lang.Integer.toString(counter)) + .png)): null

2018-12-04 10:06:37 - [TEST_STEP][PASSED] - Statement - counter = counter + 1: null

2018-12-04 10:06:37 - [TEST_STEP][PASSED] - Statement - PreSaveFile = new java.io.File(((pathPrefix + java.lang.Integer.toString(counter)) + .png)): null

2018-12-04 10:06:37 - [TEST_STEP][PASSED] - Statement - counter = counter + 1: null

2018-12-04 10:06:37 - [TEST_STEP][PASSED] - Statement - PreSaveFile = new java.io.File(((pathPrefix + java.lang.Integer.toString(counter)) + .png)): null

2018-12-04 10:06:37 - [TEST_STEP][PASSED] - Statement - counter = counter + 1: null

2018-12-04 10:06:37 - [TEST_STEP][PASSED] - Statement - PreSaveFile = new java.io.File(((pathPrefix + java.lang.Integer.toString(counter)) + .png)): null

2018-12-04 10:06:37 - [TEST_STEP][PASSED] - Statement - counter = counter + 1: null

2018-12-04 10:06:39 - [TEST_STEP][PASSED] - Statement - PreSaveFile = new java.io.File(((pathPrefix + java.lang.Integer.toString(counter)) + .png)): null

2018-12-04 10:06:39 - [TEST_STEP][PASSED] - Statement - counter = counter + 1: null

2018-12-04 10:06:39 - [TEST_STEP][PASSED] - Statement - PreSaveFile = new java.io.File(((pathPrefix + java.lang.Integer.toString(counter)) + .png)): null

2018-12-04 10:06:39 - [TEST_STEP][PASSED] - Statement - counter = counter + 1: null

2018-12-04 10:06:39 - [TEST_STEP][PASSED] - Statement - PreSaveFile = new java.io.File(((pathPrefix + java.lang.Integer.toString(counter)) + .png)): null

2018-12-04 10:06:39 - [TEST_STEP][PASSED] - Statement - counter = counter + 1: null

2018-12-04 10:06:39 - [TEST_STEP][PASSED] - Statement - PreSaveFile = new java.io.File(((pathPrefix + java.lang.Integer.toString(counter)) + .png)): null

2018-12-04 10:06:39 - [TEST_STEP][PASSED] - Statement - counter = counter + 1: null

2018-12-04 10:06:39 - [TEST_STEP][PASSED] - Statement - PreSaveFile = new java.io.File(((pathPrefix + java.lang.Integer.toString(counter)) + .png)): null

2018-12-04 10:06:40 - [TEST_STEP][PASSED] - Statement - counter = counter + 1: null

2018-12-04 10:06:40 - [TEST_STEP][PASSED] - Statement - PreSaveFile = new java.io.File(((pathPrefix + java.lang.Integer.toString(counter)) + .png)): null

2018-12-04 10:06:40 - [TEST_STEP][PASSED] - Statement - counter = counter + 1: null

2018-12-04 10:06:40 - [TEST_STEP][PASSED] - Statement - PreSaveFile = new java.io.File(((pathPrefix + java.lang.Integer.toString(counter)) + .png)): null

2018-12-04 10:06:40 - [TEST_STEP][PASSED] - Statement - counter = counter + 1: null

2018-12-04 10:06:40 - [TEST_STEP][PASSED] - Statement - PreSaveFile = new java.io.File(((pathPrefix + java.lang.Integer.toString(counter)) + .png)): null

2018-12-04 10:06:40 - [TEST_STEP][PASSED] - Statement - counter = counter + 1: null

2018-12-04 10:06:40 - [TEST_STEP][PASSED] - Statement - PreSaveFile = new java.io.File(((pathPrefix + java.lang.Integer.toString(counter)) + .png)): null

2018-12-04 10:06:40 - [TEST_STEP][PASSED] - Statement - counter = counter + 1: null

2018-12-04 10:06:42 - [TEST_STEP][PASSED] - Statement - PreSaveFile = new java.io.File(((pathPrefix + java.lang.Integer.toString(counter)) + .png)): null

2018-12-04 10:06:42 - [TEST_STEP][PASSED] - Statement - counter = counter + 1: null

2018-12-04 10:06:42 - [TEST_STEP][PASSED] - Statement - PreSaveFile = new java.io.File(((pathPrefix + java.lang.Integer.toString(counter)) + .png)): null

2018-12-04 10:06:42 - [TEST_STEP][PASSED] - Statement - counter = counter + 1: null

2018-12-04 10:06:42 - [TEST_STEP][PASSED] - Statement - PreSaveFile = new java.io.File(((pathPrefix + java.lang.Integer.toString(counter)) + .png)): null

2018-12-04 10:06:42 - [TEST_STEP][PASSED] - Statement - counter = counter + 1: null

2018-12-04 10:06:42 - [TEST_STEP][PASSED] - Statement - PreSaveFile = new java.io.File(((pathPrefix + java.lang.Integer.toString(counter)) + .png)): null

2018-12-04 10:06:42 - [TEST_STEP][PASSED] - Statement - counter = counter + 1: null

2018-12-04 10:06:42 - [TEST_STEP][PASSED] - Statement - PreSaveFile = new java.io.File(((pathPrefix + java.lang.Integer.toString(counter)) + .png)): null

2018-12-04 10:06:42 - [TEST_STEP][PASSED] - Statement - counter = counter + 1: null

2018-12-04 10:06:43 - [TEST_STEP][PASSED] - Statement - PreSaveFile = new java.io.File(((pathPrefix + java.lang.Integer.toString(counter)) + .png)): null

2018-12-04 10:06:43 - [TEST_STEP][PASSED] - Statement - counter = counter + 1: null

2018-12-04 10:06:43 - [TEST_STEP][PASSED] - Statement - PreSaveFile = new java.io.File(((pathPrefix + java.lang.Integer.toString(counter)) + .png)): null

2018-12-04 10:06:43 - [TEST_STEP][PASSED] - Statement - counter = counter + 1: null

2018-12-04 10:06:43 - [TEST_STEP][PASSED] - Statement - PreSaveFile = new java.io.File(((pathPrefix + java.lang.Integer.toString(counter)) + .png)): null

2018-12-04 10:06:43 - [TEST_STEP][PASSED] - Statement - counter = counter + 1: null

2018-12-04 10:06:43 - [TEST_STEP][PASSED] - Statement - PreSaveFile = new java.io.File(((pathPrefix + java.lang.Integer.toString(counter)) + .png)): null

2018-12-04 10:06:43 - [TEST_STEP][PASSED] - Statement - counter = counter + 1: null

2018-12-04 10:06:43 - [TEST_STEP][PASSED] - Statement - PreSaveFile = new java.io.File(((pathPrefix + java.lang.Integer.toString(counter)) + .png)): null

2018-12-04 10:06:43 - [TEST_STEP][PASSED] - Statement - counter = counter + 1: null

2018-12-04 10:06:45 - [TEST_STEP][PASSED] - Statement - PreSaveFile = new java.io.File(((pathPrefix + java.lang.Integer.toString(counter)) + .png)): null

2018-12-04 10:06:45 - [TEST_STEP][PASSED] - Statement - counter = counter + 1: null

2018-12-04 10:06:45 - [TEST_STEP][PASSED] - Statement - PreSaveFile = new java.io.File(((pathPrefix + java.lang.Integer.toString(counter)) + .png)): null

2018-12-04 10:06:45 - [TEST_STEP][PASSED] - Statement - counter = counter + 1: null

2018-12-04 10:06:45 - [TEST_STEP][PASSED] - Statement - PreSaveFile = new java.io.File(((pathPrefix + java.lang.Integer.toString(counter)) + .png)): null

2018-12-04 10:06:45 - [TEST_STEP][PASSED] - Statement - counter = counter + 1: null

2018-12-04 10:06:45 - [TEST_STEP][PASSED] - Statement - PreSaveFile = new java.io.File(((pathPrefix + java.lang.Integer.toString(counter)) + .png)): null

2018-12-04 10:06:45 - [TEST_STEP][PASSED] - Statement - counter = counter + 1: null

2018-12-04 10:06:45 - [TEST_STEP][PASSED] - Statement - PreSaveFile = new java.io.File(((pathPrefix + java.lang.Integer.toString(counter)) + .png)): null

2018-12-04 10:06:45 - [TEST_STEP][PASSED] - Statement - counter = counter + 1: null

2018-12-04 10:06:47 - [TEST_STEP][PASSED] - Statement - PreSaveFile = new java.io.File(((pathPrefix + java.lang.Integer.toString(counter)) + .png)): null

2018-12-04 10:06:47 - [TEST_STEP][PASSED] - Statement - counter = counter + 1: null

2018-12-04 10:06:47 - [TEST_STEP][PASSED] - Statement - PreSaveFile = new java.io.File(((pathPrefix + java.lang.Integer.toString(counter)) + .png)): null

2018-12-04 10:06:47 - [TEST_STEP][PASSED] - Statement - counter = counter + 1: null

2018-12-04 10:06:47 - [TEST_STEP][PASSED] - Statement - PreSaveFile = new java.io.File(((pathPrefix + java.lang.Integer.toString(counter)) + .png)): null

2018-12-04 10:06:47 - [TEST_STEP][PASSED] - Statement - counter = counter + 1: null

2018-12-04 10:06:47 - [TEST_STEP][PASSED] - Statement - PreSaveFile = new java.io.File(((pathPrefix + java.lang.Integer.toString(counter)) + .png)): null

2018-12-04 10:06:47 - [TEST_STEP][PASSED] - Statement - counter = counter + 1: null

2018-12-04 10:06:47 - [TEST_STEP][PASSED] - Statement - PreSaveFile = new java.io.File(((pathPrefix + java.lang.Integer.toString(counter)) + .png)): null

2018-12-04 10:06:48 - [TEST_STEP][PASSED] - Statement - counter = counter + 1: null

2018-12-04 10:06:48 - [TEST_STEP][PASSED] - Statement - PreSaveFile = new java.io.File(((pathPrefix + java.lang.Integer.toString(counter)) + .png)): null

2018-12-04 10:06:48 - [TEST_STEP][PASSED] - Statement - counter = counter + 1: null

2018-12-04 10:06:48 - [TEST_STEP][PASSED] - Statement - PreSaveFile = new java.io.File(((pathPrefix + java.lang.Integer.toString(counter)) + .png)): null

2018-12-04 10:06:48 - [TEST_STEP][PASSED] - Statement - counter = counter + 1: null

2018-12-04 10:06:48 - [TEST_STEP][PASSED] - Statement - PreSaveFile = new java.io.File(((pathPrefix + java.lang.Integer.toString(counter)) + .png)): null

2018-12-04 10:06:48 - [TEST_STEP][PASSED] - Statement - counter = counter + 1: null

2018-12-04 10:06:48 - [TEST_STEP][PASSED] - Statement - PreSaveFile = new java.io.File(((pathPrefix + java.lang.Integer.toString(counter)) + .png)): null

2018-12-04 10:06:48 - [TEST_STEP][PASSED] - Statement - counter = counter + 1: null

2018-12-04 10:06:49 - [TEST_STEP][PASSED] - Statement - PreSaveFile = new java.io.File(((pathPrefix + java.lang.Integer.toString(counter)) + .png)): null

2018-12-04 10:06:49 - [TEST_STEP][PASSED] - Statement - counter = counter + 1: null

2018-12-04 10:06:49 - [TEST_STEP][PASSED] - Statement - PreSaveFile = new java.io.File(((pathPrefix + java.lang.Integer.toString(counter)) + .png)): null

2018-12-04 10:06:49 - [TEST_STEP][PASSED] - Statement - counter = counter + 1: null

2018-12-04 10:06:49 - [TEST_STEP][PASSED] - Statement - PreSaveFile = new java.io.File(((pathPrefix + java.lang.Integer.toString(counter)) + .png)): null

2018-12-04 10:06:49 - [TEST_STEP][PASSED] - Statement - counter = counter + 1: null

2018-12-04 10:06:49 - [TEST_STEP][PASSED] - Statement - PreSaveFile = new java.io.File(((pathPrefix + java.lang.Integer.toString(counter)) + .png)): null

2018-12-04 10:06:49 - [TEST_STEP][PASSED] - Statement - counter = counter + 1: null

2018-12-04 10:06:49 - [TEST_STEP][PASSED] - Statement - PreSaveFile = new java.io.File(((pathPrefix + java.lang.Integer.toString(counter)) + .png)): null

2018-12-04 10:06:49 - [TEST_STEP][PASSED] - Statement - counter = counter + 1: null

2018-12-04 10:06:51 - [TEST_STEP][PASSED] - Statement - PreSaveFile = new java.io.File(((pathPrefix + java.lang.Integer.toString(counter)) + .png)): null

2018-12-04 10:06:51 - [TEST_STEP][PASSED] - Statement - counter = counter + 1: null

2018-12-04 10:06:51 - [TEST_STEP][PASSED] - Statement - PreSaveFile = new java.io.File(((pathPrefix + java.lang.Integer.toString(counter)) + .png)): null

2018-12-04 10:06:51 - [TEST_STEP][PASSED] - Statement - counter = counter + 1: null

2018-12-04 10:06:51 - [TEST_STEP][PASSED] - Statement - PreSaveFile = new java.io.File(((pathPrefix + java.lang.Integer.toString(counter)) + .png)): null

2018-12-04 10:06:51 - [TEST_STEP][PASSED] - Statement - counter = counter + 1: null

2018-12-04 10:06:51 - [TEST_STEP][PASSED] - Statement - PreSaveFile = new java.io.File(((pathPrefix + java.lang.Integer.toString(counter)) + .png)): null

2018-12-04 10:06:51 - [TEST_STEP][PASSED] - Statement - counter = counter + 1: null

2018-12-04 10:06:51 - [TEST_STEP][PASSED] - Statement - PreSaveFile = new java.io.File(((pathPrefix + java.lang.Integer.toString(counter)) + .png)): null

2018-12-04 10:06:51 - [TEST_STEP][PASSED] - Statement - counter = counter + 1: null

2018-12-04 10:06:52 - [TEST_STEP][PASSED] - Statement - PreSaveFile = new java.io.File(((pathPrefix + java.lang.Integer.toString(counter)) + .png)): null

2018-12-04 10:06:52 - [TEST_STEP][PASSED] - Statement - counter = counter + 1: null

2018-12-04 10:06:52 - [TEST_STEP][PASSED] - Statement - PreSaveFile = new java.io.File(((pathPrefix + java.lang.Integer.toString(counter)) + .png)): null

2018-12-04 10:06:52 - [TEST_STEP][PASSED] - Statement - counter = counter + 1: null

2018-12-04 10:06:52 - [TEST_STEP][PASSED] - Statement - PreSaveFile = new java.io.File(((pathPrefix + java.lang.Integer.toString(counter)) + .png)): null

2018-12-04 10:06:52 - [TEST_STEP][PASSED] - Statement - counter = counter + 1: null

2018-12-04 10:06:52 - [TEST_STEP][PASSED] - Statement - PreSaveFile = new java.io.File(((pathPrefix + java.lang.Integer.toString(counter)) + .png)): null

2018-12-04 10:06:52 - [TEST_STEP][PASSED] - Statement - counter = counter + 1: null

2018-12-04 10:06:52 - [TEST_STEP][PASSED] - Statement - PreSaveFile = new java.io.File(((pathPrefix + java.lang.Integer.toString(counter)) + .png)): null

2018-12-04 10:06:54 - [TEST_STEP][PASSED] - Statement - counter = counter + 1: null

2018-12-04 10:06:54 - [TEST_STEP][PASSED] - Statement - PreSaveFile = new java.io.File(((pathPrefix + java.lang.Integer.toString(counter)) + .png)): null

2018-12-04 10:06:54 - [TEST_STEP][PASSED] - Statement - counter = counter + 1: null

2018-12-04 10:06:54 - [TEST_STEP][PASSED] - Statement - PreSaveFile = new java.io.File(((pathPrefix + java.lang.Integer.toString(counter)) + .png)): null

2018-12-04 10:06:54 - [TEST_STEP][PASSED] - Statement - counter = counter + 1: null

2018-12-04 10:06:54 - [TEST_STEP][PASSED] - Statement - PreSaveFile = new java.io.File(((pathPrefix + java.lang.Integer.toString(counter)) + .png)): null

2018-12-04 10:06:54 - [TEST_STEP][PASSED] - Statement - counter = counter + 1: null

2018-12-04 10:06:54 - [TEST_STEP][PASSED] - Statement - PreSaveFile = new java.io.File(((pathPrefix + java.lang.Integer.toString(counter)) + .png)): null

2018-12-04 10:06:54 - [TEST_STEP][PASSED] - Statement - counter = counter + 1: null

2018-12-04 10:06:54 - [TEST_STEP][PASSED] - Statement - PreSaveFile = new java.io.File(((pathPrefix + java.lang.Integer.toString(counter)) + .png)): null

2018-12-04 10:06:56 - [TEST_STEP][PASSED] - Statement - counter = counter + 1: null

2018-12-04 10:06:56 - [TEST_STEP][PASSED] - Statement - PreSaveFile = new java.io.File(((pathPrefix + java.lang.Integer.toString(counter)) + .png)): null

2018-12-04 10:06:56 - [TEST_STEP][PASSED] - Statement - counter = counter + 1: null

2018-12-04 10:06:56 - [TEST_STEP][PASSED] - Statement - PreSaveFile = new java.io.File(((pathPrefix + java.lang.Integer.toString(counter)) + .png)): null

2018-12-04 10:06:56 - [TEST_STEP][PASSED] - Statement - counter = counter + 1: null

2018-12-04 10:06:56 - [TEST_STEP][PASSED] - Statement - PreSaveFile = new java.io.File(((pathPrefix + java.lang.Integer.toString(counter)) + .png)): null

2018-12-04 10:06:56 - [TEST_STEP][PASSED] - Statement - counter = counter + 1: null

2018-12-04 10:06:56 - [TEST_STEP][PASSED] - Statement - PreSaveFile = new java.io.File(((pathPrefix + java.lang.Integer.toString(counter)) + .png)): null

2018-12-04 10:06:56 - [TEST_STEP][PASSED] - Statement - counter = counter + 1: null

2018-12-04 10:06:57 - [TEST_STEP][PASSED] - Statement - PreSaveFile = new java.io.File(((pathPrefix + java.lang.Integer.toString(counter)) + .png)): null

2018-12-04 10:06:57 - [TEST_STEP][PASSED] - Statement - counter = counter + 1: null

2018-12-04 10:06:57 - [TEST_STEP][PASSED] - Statement - PreSaveFile = new java.io.File(((pathPrefix + java.lang.Integer.toString(counter)) + .png)): null

2018-12-04 10:06:57 - [TEST_STEP][PASSED] - Statement - counter = counter + 1: null

2018-12-04 10:06:57 - [TEST_STEP][PASSED] - Statement - PreSaveFile = new java.io.File(((pathPrefix + java.lang.Integer.toString(counter)) + .png)): null

2018-12-04 10:06:57 - [TEST_STEP][PASSED] - Statement - counter = counter + 1: null

2018-12-04 10:06:57 - [TEST_STEP][PASSED] - Statement - PreSaveFile = new java.io.File(((pathPrefix + java.lang.Integer.toString(counter)) + .png)): null

2018-12-04 10:06:57 - [TEST_STEP][PASSED] - Statement - counter = counter + 1: null

2018-12-04 10:06:57 - [TEST_STEP][PASSED] - Statement - PreSaveFile = new java.io.File(((pathPrefix + java.lang.Integer.toString(counter)) + .png)): null

2018-12-04 10:06:57 - [TEST_STEP][PASSED] - Statement - counter = counter + 1: null

2018-12-04 10:06:59 - [TEST_STEP][PASSED] - Statement - PreSaveFile = new java.io.File(((pathPrefix + java.lang.Integer.toString(counter)) + .png)): null

2018-12-04 10:06:59 - [TEST_STEP][PASSED] - Statement - counter = counter + 1: null

2018-12-04 10:06:59 - [TEST_STEP][PASSED] - Statement - PreSaveFile = new java.io.File(((pathPrefix + java.lang.Integer.toString(counter)) + .png)): null

2018-12-04 10:06:59 - [TEST_STEP][PASSED] - Statement - counter = counter + 1: null

2018-12-04 10:06:59 - [TEST_STEP][PASSED] - Statement - PreSaveFile = new java.io.File(((pathPrefix + java.lang.Integer.toString(counter)) + .png)): null

2018-12-04 10:06:59 - [TEST_STEP][PASSED] - Statement - counter = counter + 1: null

2018-12-04 10:06:59 - [TEST_STEP][PASSED] - Statement - PreSaveFile = new java.io.File(((pathPrefix + java.lang.Integer.toString(counter)) + .png)): null

2018-12-04 10:06:59 - [TEST_STEP][PASSED] - Statement - counter = counter + 1: null

2018-12-04 10:06:59 - [TEST_STEP][PASSED] - Statement - PreSaveFile = new java.io.File(((pathPrefix + java.lang.Integer.toString(counter)) + .png)): null

2018-12-04 10:06:59 - [TEST_STEP][PASSED] - Statement - counter = counter + 1: null

2018-12-04 10:07:00 - [TEST_STEP][PASSED] - Statement - PreSaveFile = new java.io.File(((pathPrefix + java.lang.Integer.toString(counter)) + .png)): null

2018-12-04 10:07:00 - [TEST_STEP][PASSED] - Statement - counter = counter + 1: null

2018-12-04 10:07:00 - [TEST_STEP][PASSED] - Statement - PreSaveFile = new java.io.File(((pathPrefix + java.lang.Integer.toString(counter)) + .png)): null

2018-12-04 10:07:00 - [TEST_STEP][PASSED] - Statement - counter = counter + 1: null

2018-12-04 10:07:00 - [TEST_STEP][PASSED] - Statement - PreSaveFile = new java.io.File(((pathPrefix + java.lang.Integer.toString(counter)) + .png)): null

2018-12-04 10:07:00 - [TEST_STEP][PASSED] - Statement - finalPath = pathPrefix + java.lang.Integer.toString(counter) + ".png": null

2018-12-04 10:07:00 - [TEST_STEP][PASSED] - Statement - SaveFile = new java.io.File(finalPath): null

2018-12-04 10:07:00 - [TEST_STEP][PASSED] - Statement - Try: null

2018-12-04 10:07:00 - [TEST_STEP][PASSED] - Statement - org.apache.commons.io.FileUtils.copyFile(scrFile, SaveFile): null

2018-12-04 10:07:02 - [TEST_STEP][PASSED] - Statement - out.println("file kept"): null

2018-12-04 10:07:02 - [TEST_STEP][PASSED] - delay: Delayed 10 second(s)

2018-12-04 10:07:12 - [MESSAGE][PASSED] - Delayed 10 second(s)

2018-12-04 10:07:12 - [MESSAGE][PASSED] - Call Test Case 'Test Cases/Final Aug 2018 - PKS Automation/Registration Module/New Registration/Submit and Screenshot/Submit Registration and Screenshot' successfully]]></system-out>
         <system-err><![CDATA[]]></system-err>
      </testcase>
      <testcase name="Test Cases/Final Aug 2018 - PKS Automation/Registration Module/Workflow/New Registration/Case OTC to RO - RO Under Enforcement" classname="Test Cases/Final Aug 2018 - PKS Automation/Registration Module/Workflow/New Registration/Case OTC to RO - RO Under Enforcement" status="FAILED">
         <failure type="FAILED" message="(Stack trace: com.kms.katalon.core.exception.StepFailedException: Unable to click on object 'Object Repository/Final Object Repo/New Registration - Registration Module Pages/New Reg - OTC to RO/Special Case - All Related Objects/Click to Continue Workflow' (Root cause: org.openqa.selenium.StaleElementReferenceException: stale element reference: element is not attached to the page document
  (Session info: chrome=70.0.3538.110)
  (Driver info: chromedriver=2.43.600210 (68dcf5eebde37173d4027fa8635e332711d2874a),platform=Windows NT 6.1.7601 SP1 x86_64) (WARNING: The server did not provide any stacktrace information)
Command duration or timeout: 0 milliseconds
For documentation on this error, please visit: http://seleniumhq.org/exceptions/stale_element_reference.html
Build info: version: '3.7.1', revision: '8a0099a', time: '2017-11-06T21:07:36.161Z'
System info: host: 'WIN7TEST02', ip: '10.20.3.72', os.name: 'Windows 7', os.arch: 'amd64', os.version: '6.1', java.version: '1.8.0_181'
Driver info: com.kms.katalon.selenium.driver.CChromeDriver
Capabilities {acceptInsecureCerts: false, acceptSslCerts: false, applicationCacheEnabled: false, browserConnectionEnabled: false, browserName: chrome, chrome: {chromedriverVersion: 2.43.600210 (68dcf5eebde371..., userDataDir: C:\Users\Admin\AppData\Loca...}, cssSelectorsEnabled: true, databaseEnabled: false, goog:chromeOptions: {debuggerAddress: localhost:51819}, handlesAlerts: true, hasTouchScreen: false, javascriptEnabled: true, locationContextEnabled: true, mobileEmulationEnabled: false, nativeEvents: true, networkConnectionEnabled: false, pageLoadStrategy: normal, platform: XP, platformName: XP, rotatable: false, setWindowRect: true, takesHeapSnapshot: true, takesScreenshot: true, unexpectedAlertBehaviour: , unhandledPromptBehavior: , version: 70.0.3538.110, webStorageEnabled: true}
Session ID: 2b3a6ff8348a4dc6afa1017d92a67d4b)
	at com.kms.katalon.core.keyword.internal.KeywordMain.stepFailed(KeywordMain.groovy:32)
	at com.kms.katalon.core.webui.keyword.internal.WebUIKeywordMain.stepFailed(WebUIKeywordMain.groovy:65)
	at com.kms.katalon.core.webui.keyword.internal.WebUIKeywordMain.runKeyword(WebUIKeywordMain.groovy:27)
	at com.kms.katalon.core.webui.keyword.builtin.ClickKeyword.click(ClickKeyword.groovy:86)
	at com.kms.katalon.core.webui.keyword.builtin.ClickKeyword.execute(ClickKeyword.groovy:67)
	at com.kms.katalon.core.keyword.internal.KeywordExecutor.executeKeywordForPlatform(KeywordExecutor.groovy:53)
	at com.kms.katalon.core.webui.keyword.WebUiBuiltInKeywords.click(WebUiBuiltInKeywords.groovy:616)
	at com.kms.katalon.core.webui.keyword.WebUiBuiltInKeywords$click$2.call(Unknown Source)
	at org.codehaus.groovy.runtime.callsite.CallSiteArray.defaultCall(CallSiteArray.java:48)
	at org.codehaus.groovy.runtime.callsite.AbstractCallSite.call(AbstractCallSite.java:113)
	at org.codehaus.groovy.runtime.callsite.AbstractCallSite.call(AbstractCallSite.java:125)
	at Script1535599319727.run(Script1535599319727.groovy:159)
	at com.kms.katalon.core.main.ScriptEngine.run(ScriptEngine.java:183)
	at com.kms.katalon.core.main.ScriptEngine.runScriptAsRawText(ScriptEngine.java:108)
	at com.kms.katalon.core.main.TestCaseExecutor.runScript(TestCaseExecutor.java:294)
	at com.kms.katalon.core.main.TestCaseExecutor.doExecute(TestCaseExecutor.java:285)
	at com.kms.katalon.core.main.TestCaseExecutor.processExecutionPhase(TestCaseExecutor.java:264)
	at com.kms.katalon.core.main.TestCaseExecutor.accessMainPhase(TestCaseExecutor.java:256)
	at com.kms.katalon.core.main.TestCaseExecutor.execute(TestCaseExecutor.java:200)
	at com.kms.katalon.core.main.TestSuiteExecutor.accessTestCaseMainPhase(TestSuiteExecutor.java:129)
	at com.kms.katalon.core.main.TestSuiteExecutor.accessTestSuiteMainPhase(TestSuiteExecutor.java:112)
	at com.kms.katalon.core.main.TestSuiteExecutor.execute(TestSuiteExecutor.java:81)
	at com.kms.katalon.core.main.TestCaseMain.startTestSuite(TestCaseMain.java:142)
	at com.kms.katalon.core.main.TestCaseMain$startTestSuite$0.call(Unknown Source)
	at org.codehaus.groovy.runtime.callsite.CallSiteArray.defaultCall(CallSiteArray.java:48)
	at org.codehaus.groovy.runtime.callsite.AbstractCallSite.call(AbstractCallSite.java:113)
	at org.codehaus.groovy.runtime.callsite.AbstractCallSite.call(AbstractCallSite.java:141)
	at TempTestSuite1543887302996.run(TempTestSuite1543887302996.groovy:36)
	at groovy.lang.GroovyShell.runScriptOrMainOrTestOrRunnable(GroovyShell.java:263)
	at groovy.lang.GroovyShell.run(GroovyShell.java:518)
	at groovy.lang.GroovyShell.run(GroovyShell.java:507)
	at groovy.ui.GroovyMain.processOnce(GroovyMain.java:653)
	at groovy.ui.GroovyMain.run(GroovyMain.java:384)
	at groovy.ui.GroovyMain.process(GroovyMain.java:370)
	at groovy.ui.GroovyMain.processArgs(GroovyMain.java:129)
	at groovy.ui.GroovyMain.main(GroovyMain.java:109)
	at sun.reflect.NativeMethodAccessorImpl.invoke0(Native Method)
	at sun.reflect.NativeMethodAccessorImpl.invoke(NativeMethodAccessorImpl.java:62)
	at sun.reflect.DelegatingMethodAccessorImpl.invoke(DelegatingMethodAccessorImpl.java:43)
	at java.lang.reflect.Method.invoke(Method.java:498)
	at org.codehaus.groovy.tools.GroovyStarter.rootLoader(GroovyStarter.java:109)
	at org.codehaus.groovy.tools.GroovyStarter.main(GroovyStarter.java:131)
)"/>
         <system-out><![CDATA[2018-12-04 10:07:12 - [TEST_CASE][FAILED] - Test Cases/Final Aug 2018 - PKS Automation/Registration Module/Workflow/New Registration/Case OTC to RO - RO Under Enforcement: Test Cases/Final Aug 2018 - PKS Automation/Registration Module/Workflow/New Registration/Case OTC to RO - RO Under Enforcement FAILED because (of) (Stack trace: com.kms.katalon.core.exception.StepFailedException: Unable to click on object 'Object Repository/Final Object Repo/New Registration - Registration Module Pages/New Reg - OTC to RO/Special Case - All Related Objects/Click to Continue Workflow' (Root cause: org.openqa.selenium.StaleElementReferenceException: stale element reference: element is not attached to the page document
  (Session info: chrome=70.0.3538.110)
  (Driver info: chromedriver=2.43.600210 (68dcf5eebde37173d4027fa8635e332711d2874a),platform=Windows NT 6.1.7601 SP1 x86_64) (WARNING: The server did not provide any stacktrace information)
Command duration or timeout: 0 milliseconds
For documentation on this error, please visit: http://seleniumhq.org/exceptions/stale_element_reference.html
Build info: version: '3.7.1', revision: '8a0099a', time: '2017-11-06T21:07:36.161Z'
System info: host: 'WIN7TEST02', ip: '10.20.3.72', os.name: 'Windows 7', os.arch: 'amd64', os.version: '6.1', java.version: '1.8.0_181'
Driver info: com.kms.katalon.selenium.driver.CChromeDriver
Capabilities {acceptInsecureCerts: false, acceptSslCerts: false, applicationCacheEnabled: false, browserConnectionEnabled: false, browserName: chrome, chrome: {chromedriverVersion: 2.43.600210 (68dcf5eebde371..., userDataDir: C:\Users\Admin\AppData\Loca...}, cssSelectorsEnabled: true, databaseEnabled: false, goog:chromeOptions: {debuggerAddress: localhost:51819}, handlesAlerts: true, hasTouchScreen: false, javascriptEnabled: true, locationContextEnabled: true, mobileEmulationEnabled: false, nativeEvents: true, networkConnectionEnabled: false, pageLoadStrategy: normal, platform: XP, platformName: XP, rotatable: false, setWindowRect: true, takesHeapSnapshot: true, takesScreenshot: true, unexpectedAlertBehaviour: , unhandledPromptBehavior: , version: 70.0.3538.110, webStorageEnabled: true}
Session ID: 2b3a6ff8348a4dc6afa1017d92a67d4b)
	at com.kms.katalon.core.keyword.internal.KeywordMain.stepFailed(KeywordMain.groovy:32)
	at com.kms.katalon.core.webui.keyword.internal.WebUIKeywordMain.stepFailed(WebUIKeywordMain.groovy:65)
	at com.kms.katalon.core.webui.keyword.internal.WebUIKeywordMain.runKeyword(WebUIKeywordMain.groovy:27)
	at com.kms.katalon.core.webui.keyword.builtin.ClickKeyword.click(ClickKeyword.groovy:86)
	at com.kms.katalon.core.webui.keyword.builtin.ClickKeyword.execute(ClickKeyword.groovy:67)
	at com.kms.katalon.core.keyword.internal.KeywordExecutor.executeKeywordForPlatform(KeywordExecutor.groovy:53)
	at com.kms.katalon.core.webui.keyword.WebUiBuiltInKeywords.click(WebUiBuiltInKeywords.groovy:616)
	at com.kms.katalon.core.webui.keyword.WebUiBuiltInKeywords$click$2.call(Unknown Source)
	at org.codehaus.groovy.runtime.callsite.CallSiteArray.defaultCall(CallSiteArray.java:48)
	at org.codehaus.groovy.runtime.callsite.AbstractCallSite.call(AbstractCallSite.java:113)
	at org.codehaus.groovy.runtime.callsite.AbstractCallSite.call(AbstractCallSite.java:125)
	at Script1535599319727.run(Script1535599319727.groovy:159)
	at com.kms.katalon.core.main.ScriptEngine.run(ScriptEngine.java:183)
	at com.kms.katalon.core.main.ScriptEngine.runScriptAsRawText(ScriptEngine.java:108)
	at com.kms.katalon.core.main.TestCaseExecutor.runScript(TestCaseExecutor.java:294)
	at com.kms.katalon.core.main.TestCaseExecutor.doExecute(TestCaseExecutor.java:285)
	at com.kms.katalon.core.main.TestCaseExecutor.processExecutionPhase(TestCaseExecutor.java:264)
	at com.kms.katalon.core.main.TestCaseExecutor.accessMainPhase(TestCaseExecutor.java:256)
	at com.kms.katalon.core.main.TestCaseExecutor.execute(TestCaseExecutor.java:200)
	at com.kms.katalon.core.main.TestSuiteExecutor.accessTestCaseMainPhase(TestSuiteExecutor.java:129)
	at com.kms.katalon.core.main.TestSuiteExecutor.accessTestSuiteMainPhase(TestSuiteExecutor.java:112)
	at com.kms.katalon.core.main.TestSuiteExecutor.execute(TestSuiteExecutor.java:81)
	at com.kms.katalon.core.main.TestCaseMain.startTestSuite(TestCaseMain.java:142)
	at com.kms.katalon.core.main.TestCaseMain$startTestSuite$0.call(Unknown Source)
	at org.codehaus.groovy.runtime.callsite.CallSiteArray.defaultCall(CallSiteArray.java:48)
	at org.codehaus.groovy.runtime.callsite.AbstractCallSite.call(AbstractCallSite.java:113)
	at org.codehaus.groovy.runtime.callsite.AbstractCallSite.call(AbstractCallSite.java:141)
	at TempTestSuite1543887302996.run(TempTestSuite1543887302996.groovy:36)
	at groovy.lang.GroovyShell.runScriptOrMainOrTestOrRunnable(GroovyShell.java:263)
	at groovy.lang.GroovyShell.run(GroovyShell.java:518)
	at groovy.lang.GroovyShell.run(GroovyShell.java:507)
	at groovy.ui.GroovyMain.processOnce(GroovyMain.java:653)
	at groovy.ui.GroovyMain.run(GroovyMain.java:384)
	at groovy.ui.GroovyMain.process(GroovyMain.java:370)
	at groovy.ui.GroovyMain.processArgs(GroovyMain.java:129)
	at groovy.ui.GroovyMain.main(GroovyMain.java:109)
	at sun.reflect.NativeMethodAccessorImpl.invoke0(Native Method)
	at sun.reflect.NativeMethodAccessorImpl.invoke(NativeMethodAccessorImpl.java:62)
	at sun.reflect.DelegatingMethodAccessorImpl.invoke(DelegatingMethodAccessorImpl.java:43)
	at java.lang.reflect.Method.invoke(Method.java:498)
	at org.codehaus.groovy.tools.GroovyStarter.rootLoader(GroovyStarter.java:109)
	at org.codehaus.groovy.tools.GroovyStarter.main(GroovyStarter.java:131)
)

2018-12-04 10:07:12 - [TEST_STEP][PASSED] - callTestCase: Call Test Case 'Test Cases/Final Aug 2018 - PKS Automation/Registration Module/Workflow/New Registration/Template/Special Case - OTC - Form 1' successfully

2018-12-04 10:07:12 - [TEST_CASE][PASSED] - Test Cases/Final Aug 2018 - PKS Automation/Registration Module/Workflow/New Registration/Template/Special Case - OTC - Form 1: Test Cases/Final Aug 2018 - PKS Automation/Registration Module/Workflow/New Registration/Template/Special Case - OTC - Form 1

2018-12-04 10:07:12 - [TEST_STEP][PASSED] - openBrowser: Browser is opened with url: ''

2018-12-04 10:07:12 - [MESSAGE][WARNING] - A browser is already opened. Closing browser and opening a new one

2018-12-04 10:07:16 - [MESSAGE][PASSED] - Browser is opened with url: ''

2018-12-04 10:07:16 - [TEST_STEP][PASSED] - navigateToUrl: Navigate to 'https://assist2-uat.perkeso.gov.my/login' successfully

2018-12-04 10:07:17 - [MESSAGE][PASSED] - Navigate to 'https://assist2-uat.perkeso.gov.my/login' successfully

2018-12-04 10:07:17 - [TEST_STEP][PASSED] - delay: Delayed 2 second(s)

2018-12-04 10:07:19 - [MESSAGE][PASSED] - Delayed 2 second(s)

2018-12-04 10:07:19 - [TEST_STEP][PASSED] - setText: Text 'klotc2@gmail.com' is set on object 'Object Repository/Final Object Repo/Login Page/Internal User/Email Address'

2018-12-04 10:07:20 - [MESSAGE][PASSED] - Text 'klotc2@gmail.com' is set on object 'Object Repository/Final Object Repo/Login Page/Internal User/Email Address'

2018-12-04 10:07:20 - [TEST_STEP][PASSED] - click: Object: 'Object Repository/Final Object Repo/Login Page/Internal User/Next Button' is clicked on

2018-12-04 10:07:20 - [MESSAGE][PASSED] - Object: 'Object Repository/Final Object Repo/Login Page/Internal User/Next Button' is clicked on

2018-12-04 10:07:20 - [TEST_STEP][PASSED] - delay: Delayed 2 second(s)

2018-12-04 10:07:22 - [MESSAGE][PASSED] - Delayed 2 second(s)

2018-12-04 10:07:22 - [TEST_STEP][PASSED] - setText: Text 'Test1@3456789' is set on object 'Object Repository/Final Object Repo/Login Page/Internal User/Password'

2018-12-04 10:07:22 - [MESSAGE][PASSED] - Text 'Test1@3456789' is set on object 'Object Repository/Final Object Repo/Login Page/Internal User/Password'

2018-12-04 10:07:22 - [TEST_STEP][PASSED] - delay: Delayed 2 second(s)

2018-12-04 10:07:24 - [MESSAGE][PASSED] - Delayed 2 second(s)

2018-12-04 10:07:24 - [TEST_STEP][PASSED] - click: Object: 'Object Repository/Final Object Repo/Login Page/Internal User/Login Button' is clicked on

2018-12-04 10:07:24 - [MESSAGE][PASSED] - Object: 'Object Repository/Final Object Repo/Login Page/Internal User/Login Button' is clicked on

2018-12-04 10:07:24 - [TEST_STEP][PASSED] - Statement - Try: null

2018-12-04 10:07:24 - [TEST_STEP][PASSED] - Statement - Checker = com.kms.katalon.core.webui.keyword.WebUiBuiltInKeywords.verifyElementNotPresent("Final Object Repo/Landing Page/Select to English", 3): null

2018-12-04 10:07:24 - [TEST_STEP][PASSED] - Statement - Catch (Exception e): null

2018-12-04 10:07:24 - [TEST_STEP][PASSED] - Statement - e.printStackTrace(): null

2018-12-04 10:07:24 - [TEST_STEP][PASSED] - delay: Delayed 5 second(s)

2018-12-04 10:07:29 - [MESSAGE][PASSED] - Delayed 5 second(s)

2018-12-04 10:07:29 - [TEST_STEP][PASSED] - click: Object: 'Object Repository/Final Object Repo/Landing Page/My Sites Drop Down' is clicked on

2018-12-04 10:07:30 - [MESSAGE][PASSED] - Object: 'Object Repository/Final Object Repo/Landing Page/My Sites Drop Down' is clicked on

2018-12-04 10:07:30 - [TEST_STEP][PASSED] - click: Object: 'Object Repository/Final Object Repo/Landing Page/Select to Registration Module' is clicked on

2018-12-04 10:07:31 - [MESSAGE][PASSED] - Object: 'Object Repository/Final Object Repo/Landing Page/Select to Registration Module' is clicked on

2018-12-04 10:07:31 - [TEST_STEP][PASSED] - click: Object: 'Object Repository/Final Object Repo/Landing Page/Registration Button' is clicked on

2018-12-04 10:07:32 - [MESSAGE][PASSED] - Object: 'Object Repository/Final Object Repo/Landing Page/Registration Button' is clicked on

2018-12-04 10:07:32 - [TEST_STEP][PASSED] - delay: Delayed 2 second(s)

2018-12-04 10:07:34 - [MESSAGE][PASSED] - Delayed 2 second(s)

2018-12-04 10:07:34 - [TEST_STEP][PASSED] - click: Object: 'Object Repository/Final Object Repo/New Registration - Registration Module Pages/New Reg - OTC to RO/Special Case - OTC - Form 1/AEC NO' is clicked on

2018-12-04 10:07:34 - [MESSAGE][PASSED] - Object: 'Object Repository/Final Object Repo/New Registration - Registration Module Pages/New Reg - OTC to RO/Special Case - OTC - Form 1/AEC NO' is clicked on

2018-12-04 10:07:34 - [TEST_STEP][PASSED] - click: Object: 'Object Repository/Final Object Repo/New Registration - Registration Module Pages/New Reg - OTC to RO/Special Case - OTC - Form 1/Business Entity - Please Select' is clicked on

2018-12-04 10:07:35 - [MESSAGE][PASSED] - Object: 'Object Repository/Final Object Repo/New Registration - Registration Module Pages/New Reg - OTC to RO/Special Case - OTC - Form 1/Business Entity - Please Select' is clicked on

2018-12-04 10:07:35 - [TEST_STEP][PASSED] - click: Object: 'Object Repository/Final Object Repo/New Registration - Registration Module Pages/New Reg - OTC to RO/Special Case - OTC - Form 1/Selected - Corporation' is clicked on

2018-12-04 10:07:35 - [MESSAGE][PASSED] - Object: 'Object Repository/Final Object Repo/New Registration - Registration Module Pages/New Reg - OTC to RO/Special Case - OTC - Form 1/Selected - Corporation' is clicked on

2018-12-04 10:07:35 - [TEST_STEP][PASSED] - delay: Delayed 2 second(s)

2018-12-04 10:07:37 - [MESSAGE][PASSED] - Delayed 2 second(s)

2018-12-04 10:07:37 - [TEST_STEP][PASSED] - click: Object: 'Object Repository/Final Object Repo/New Registration - Registration Module Pages/New Reg - OTC to RO/Special Case - OTC - Form 1/Sub Business Entity - Please Select' is clicked on

2018-12-04 10:07:37 - [MESSAGE][PASSED] - Object: 'Object Repository/Final Object Repo/New Registration - Registration Module Pages/New Reg - OTC to RO/Special Case - OTC - Form 1/Sub Business Entity - Please Select' is clicked on

2018-12-04 10:07:37 - [TEST_STEP][PASSED] - delay: Delayed 2 second(s)

2018-12-04 10:07:39 - [MESSAGE][PASSED] - Delayed 2 second(s)

2018-12-04 10:07:39 - [TEST_STEP][PASSED] - click: Object: 'Object Repository/Final Object Repo/New Registration - Registration Module Pages/New Reg - OTC to RO/Special Case - OTC - Form 1/Selected - Sendirian Berhad' is clicked on

2018-12-04 10:07:39 - [MESSAGE][PASSED] - Object: 'Object Repository/Final Object Repo/New Registration - Registration Module Pages/New Reg - OTC to RO/Special Case - OTC - Form 1/Selected - Sendirian Berhad' is clicked on

2018-12-04 10:07:39 - [TEST_STEP][PASSED] - setText: Text 'AUTOMATE001' is set on object 'Object Repository/Final Object Repo/New Registration - Registration Module Pages/New Reg - OTC to RO/Special Case - OTC - Form 1/Input BRN Number'

2018-12-04 10:07:40 - [MESSAGE][PASSED] - Text 'AUTOMATE001' is set on object 'Object Repository/Final Object Repo/New Registration - Registration Module Pages/New Reg - OTC to RO/Special Case - OTC - Form 1/Input BRN Number'

2018-12-04 10:07:40 - [TEST_STEP][PASSED] - delay: Delayed 2 second(s)

2018-12-04 10:07:42 - [MESSAGE][PASSED] - Delayed 2 second(s)

2018-12-04 10:07:42 - [TEST_STEP][PASSED] - click: Object: 'Object Repository/Final Object Repo/New Registration - Registration Module Pages/New Reg - OTC to RO/Special Case - OTC - Form 1/BRN Search' is clicked on

2018-12-04 10:07:42 - [MESSAGE][PASSED] - Object: 'Object Repository/Final Object Repo/New Registration - Registration Module Pages/New Reg - OTC to RO/Special Case - OTC - Form 1/BRN Search' is clicked on

2018-12-04 10:07:42 - [TEST_STEP][PASSED] - delay: Delayed 4 second(s)

2018-12-04 10:07:46 - [MESSAGE][PASSED] - Delayed 4 second(s)

2018-12-04 10:07:46 - [TEST_STEP][PASSED] - click: Object: 'Object Repository/Final Object Repo/New Registration - Registration Module Pages/New Reg - OTC to RO/Special Case - OTC - Form 1/Registered with SSM - After Feb 2017' is clicked on

2018-12-04 10:07:46 - [MESSAGE][PASSED] - Object: 'Object Repository/Final Object Repo/New Registration - Registration Module Pages/New Reg - OTC to RO/Special Case - OTC - Form 1/Registered with SSM - After Feb 2017' is clicked on

2018-12-04 10:07:46 - [TEST_STEP][PASSED] - delay: Delayed 2 second(s)

2018-12-04 10:07:48 - [MESSAGE][PASSED] - Delayed 2 second(s)

2018-12-04 10:07:48 - [TEST_STEP][PASSED] - click: Object: 'Object Repository/Final Object Repo/New Registration - Registration Module Pages/New Reg - OTC to RO/Special Case - OTC - Form 1/Registering As A Branch - No' is clicked on

2018-12-04 10:07:48 - [MESSAGE][PASSED] - Object: 'Object Repository/Final Object Repo/New Registration - Registration Module Pages/New Reg - OTC to RO/Special Case - OTC - Form 1/Registering As A Branch - No' is clicked on

2018-12-04 10:07:48 - [TEST_STEP][PASSED] - click: Object: 'Object Repository/Final Object Repo/New Registration - Registration Module Pages/New Reg - OTC to RO/Special Case - OTC - Form 1/Acknowledgement Ticked' is clicked on

2018-12-04 10:07:49 - [MESSAGE][PASSED] - Object: 'Object Repository/Final Object Repo/New Registration - Registration Module Pages/New Reg - OTC to RO/Special Case - OTC - Form 1/Acknowledgement Ticked' is clicked on

2018-12-04 10:07:49 - [TEST_STEP][PASSED] - click: Object: 'Object Repository/Final Object Repo/New Registration - Registration Module Pages/New Reg - OTC to RO/Special Case - OTC - Form 1/Submit Button' is clicked on

2018-12-04 10:07:49 - [MESSAGE][PASSED] - Object: 'Object Repository/Final Object Repo/New Registration - Registration Module Pages/New Reg - OTC to RO/Special Case - OTC - Form 1/Submit Button' is clicked on

2018-12-04 10:07:49 - [TEST_STEP][PASSED] - delay: Delayed 2 second(s)

2018-12-04 10:07:51 - [MESSAGE][PASSED] - Delayed 2 second(s)

2018-12-04 10:07:51 - [TEST_STEP][PASSED] - click: Object: 'Object Repository/Final Object Repo/New Registration - Registration Module Pages/New Reg - OTC to RO/Special Case - OTC - Form 1/Confirm No Flagging as Branch' is clicked on

2018-12-04 10:07:51 - [MESSAGE][PASSED] - Object: 'Object Repository/Final Object Repo/New Registration - Registration Module Pages/New Reg - OTC to RO/Special Case - OTC - Form 1/Confirm No Flagging as Branch' is clicked on

2018-12-04 10:07:51 - [MESSAGE][PASSED] - Call Test Case 'Test Cases/Final Aug 2018 - PKS Automation/Registration Module/Workflow/New Registration/Template/Special Case - OTC - Form 1' successfully

2018-12-04 10:07:51 - [TEST_STEP][PASSED] - callTestCase: Call Test Case 'Test Cases/Final Aug 2018 - PKS Automation/Registration Module/New Registration/Form 2/Add 1 Eligible' successfully

2018-12-04 10:07:51 - [TEST_CASE][PASSED] - Test Cases/Final Aug 2018 - PKS Automation/Registration Module/New Registration/Form 2/Add 1 Eligible: Test Cases/Final Aug 2018 - PKS Automation/Registration Module/New Registration/Form 2/Add 1 Eligible

2018-12-04 10:07:51 - [TEST_STEP][PASSED] - delay: Delayed 2 second(s)

2018-12-04 10:07:53 - [MESSAGE][PASSED] - Delayed 2 second(s)

2018-12-04 10:07:53 - [TEST_STEP][PASSED] - callTestCase: Call Test Case 'Test Cases/Final Aug 2018 - PKS Automation/Registration Module/New Registration/Form 2/Date Updater' successfully

2018-12-04 10:07:53 - [TEST_CASE][PASSED] - Test Cases/Final Aug 2018 - PKS Automation/Registration Module/New Registration/Form 2/Date Updater: Test Cases/Final Aug 2018 - PKS Automation/Registration Module/New Registration/Form 2/Date Updater

2018-12-04 10:07:53 - [TEST_STEP][PASSED] - Statement - TodayDate = new java.util.Date(): null

2018-12-04 10:07:53 - [TEST_STEP][PASSED] - Statement - CurrentDateNoFilter = new java.text.SimpleDateFormat(): null

2018-12-04 10:07:53 - [TEST_STEP][PASSED] - Statement - CurrentDateNoFilter.applyPattern("MM"): null

2018-12-04 10:07:53 - [TEST_STEP][PASSED] - Statement - monthContainerMatcher = java.lang.Integer.parseInt(CurrentDateNoFilter.format(TodayDate)): null

2018-12-04 10:07:53 - [TEST_STEP][PASSED] - Statement - monthContainerMatcher = monthContainerMatcher - 1: null

2018-12-04 10:07:53 - [TEST_STEP][PASSED] - Statement - CurrentMonth = monthContainerMatcher.toString(): null

2018-12-04 10:07:53 - [TEST_STEP][PASSED] - Statement - CurrentMonth = CurrentMonth: null

2018-12-04 10:07:53 - [TEST_STEP][PASSED] - Statement - CurrentDateNoFilter.applyPattern("yyyy"): null

2018-12-04 10:07:53 - [TEST_STEP][PASSED] - Statement - CurrentYear = CurrentDateNoFilter.format(TodayDate): null

2018-12-04 10:07:53 - [TEST_STEP][PASSED] - Statement - CurrentYear = CurrentYear: null

2018-12-04 10:07:53 - [TEST_STEP][PASSED] - Statement - intCurrentYear = java.lang.Integer.parseInt(CurrentDateNoFilter.format(TodayDate)): null

2018-12-04 10:07:53 - [TEST_STEP][PASSED] - Statement - eighteenYrsAgo = intCurrentYear - 18: null

2018-12-04 10:07:53 - [TEST_STEP][PASSED] - Statement - eighteenYrsBeforeThisYr = eighteenYrsAgo.toString(): null

2018-12-04 10:07:53 - [TEST_STEP][PASSED] - Statement - EighteenYrsBefore = eighteenYrsBeforeThisYr: null

2018-12-04 10:07:53 - [TEST_STEP][PASSED] - Statement - fiftysevenYrsAgo = intCurrentYear - 57: null

2018-12-04 10:07:53 - [TEST_STEP][PASSED] - Statement - fiftysevenYrsBeforeThisYr = fiftysevenYrsAgo.toString(): null

2018-12-04 10:07:53 - [TEST_STEP][PASSED] - Statement - FiftysevenYrsBefore = fiftysevenYrsBeforeThisYr: null

2018-12-04 10:07:53 - [TEST_STEP][PASSED] - Statement - leapYear = false: null

2018-12-04 10:07:53 - [TEST_STEP][PASSED] - Statement - leapYear = intCurrentYear % 4 == 0: null

2018-12-04 10:07:53 - [TEST_STEP][PASSED] - Statement - CurrentDateNoFilter.applyPattern("dd"): null

2018-12-04 10:07:53 - [TEST_STEP][PASSED] - Statement - CurrentDate = CurrentDateNoFilter.format(TodayDate): null

2018-12-04 10:07:53 - [TEST_STEP][PASSED] - Statement - CurrentDate = java.lang.Integer.parseInt(CurrentDate): null

2018-12-04 10:07:53 - [TEST_STEP][PASSED] - Statement - CurrentDate = CurrentDate: null

2018-12-04 10:07:53 - [TEST_STEP][PASSED] - Statement - CurrentDay = java.lang.Integer.parseInt(CurrentDate): null

2018-12-04 10:07:53 - [TEST_STEP][PASSED] - Statement - ConfAdder = <not implemented yet for class: org.codehaus.groovy.ast.expr.EmptyExpression>: null

2018-12-04 10:07:53 - [TEST_STEP][PASSED] - Statement - switch (CurrentDate): null

2018-12-04 10:07:53 - [TEST_STEP][PASSED] - Statement - Default: null

2018-12-04 10:07:53 - [TEST_STEP][PASSED] - Statement - ConfAdder = false: null

2018-12-04 10:07:53 - [TEST_STEP][PASSED] - Statement - Break: null

2018-12-04 10:07:53 - [TEST_STEP][PASSED] - Statement - aDayBefore = <not implemented yet for class: org.codehaus.groovy.ast.expr.EmptyExpression>: null

2018-12-04 10:07:53 - [TEST_STEP][PASSED] - Statement - If (ConfAdder == true): null

2018-12-04 10:07:53 - [TEST_STEP][PASSED] - Statement - Else: null

2018-12-04 10:07:53 - [TEST_STEP][PASSED] - Statement - aDayBefore = 1: null

2018-12-04 10:07:53 - [TEST_STEP][PASSED] - Statement - If (aDayBefore == 1 && CurrentMonth == 11): null

2018-12-04 10:07:53 - [TEST_STEP][PASSED] - Statement - DayBefore = aDayBefore.toString(): null

2018-12-04 10:07:53 - [TEST_STEP][PASSED] - Statement - OneDayBefore = DayBefore: null

2018-12-04 10:07:54 - [MESSAGE][PASSED] - Call Test Case 'Test Cases/Final Aug 2018 - PKS Automation/Registration Module/New Registration/Form 2/Date Updater' successfully

2018-12-04 10:07:54 - [TEST_STEP][PASSED] - delay: Delayed 1 second(s)

2018-12-04 10:07:55 - [MESSAGE][PASSED] - Delayed 1 second(s)

2018-12-04 10:07:55 - [TEST_STEP][PASSED] - Statement - CaseReferenceNo = com.kms.katalon.core.webui.keyword.WebUiBuiltInKeywords.getText(com.kms.katalon.core.testobject.ObjectRepository.findTestObject(Final Object Repo/New Registration - Registration Module Pages/Form 2/RefNo Acquiring)): Text of object 'Object Repository/Final Object Repo/New Registration - Registration Module Pages/Form 2/RefNo Acquiring' is: 'CRN12201800122966'

2018-12-04 10:07:55 - [MESSAGE][PASSED] - Text of object 'Object Repository/Final Object Repo/New Registration - Registration Module Pages/Form 2/RefNo Acquiring' is: 'CRN12201800122966'

2018-12-04 10:07:55 - [TEST_STEP][PASSED] - delay: Delayed 1 second(s)

2018-12-04 10:07:56 - [MESSAGE][PASSED] - Delayed 1 second(s)

2018-12-04 10:07:56 - [TEST_STEP][PASSED] - click: Object: 'Object Repository/Final Object Repo/New Registration - Registration Module Pages/Form 2/Add Employee Button' is clicked on

2018-12-04 10:07:56 - [MESSAGE][PASSED] - Object: 'Object Repository/Final Object Repo/New Registration - Registration Module Pages/Form 2/Add Employee Button' is clicked on

2018-12-04 10:07:56 - [TEST_STEP][PASSED] - delay: Delayed 1 second(s)

2018-12-04 10:07:57 - [MESSAGE][PASSED] - Delayed 1 second(s)

2018-12-04 10:07:57 - [TEST_STEP][PASSED] - setText: Text '010903091963' is set on object 'Object Repository/Final Object Repo/New Registration - Registration Module Pages/Form 2/NRIC Input'

2018-12-04 10:07:57 - [MESSAGE][PASSED] - Text '010903091963' is set on object 'Object Repository/Final Object Repo/New Registration - Registration Module Pages/Form 2/NRIC Input'

2018-12-04 10:07:57 - [TEST_STEP][PASSED] - click: Object: 'Object Repository/Final Object Repo/New Registration - Registration Module Pages/Form 2/button for search for IC' is clicked on

2018-12-04 10:07:57 - [MESSAGE][PASSED] - Object: 'Object Repository/Final Object Repo/New Registration - Registration Module Pages/Form 2/button for search for IC' is clicked on

2018-12-04 10:07:57 - [TEST_STEP][PASSED] - delay: Delayed 2 second(s)

2018-12-04 10:07:59 - [MESSAGE][PASSED] - Delayed 2 second(s)

2018-12-04 10:07:59 - [TEST_STEP][PASSED] - setText: Text 'Automate001 eligible 1' is set on object 'Object Repository/Final Object Repo/New Registration - Registration Module Pages/Form 2/Employee Name Input'

2018-12-04 10:08:00 - [MESSAGE][PASSED] - Text 'Automate001 eligible 1' is set on object 'Object Repository/Final Object Repo/New Registration - Registration Module Pages/Form 2/Employee Name Input'

2018-12-04 10:08:00 - [TEST_STEP][PASSED] - delay: Delayed 2 second(s)

2018-12-04 10:08:02 - [MESSAGE][PASSED] - Delayed 2 second(s)

2018-12-04 10:08:02 - [TEST_STEP][PASSED] - click: Object: 'Object Repository/Final Object Repo/New Registration - Registration Module Pages/Form 2/DatePicker Pop Up' is clicked on

2018-12-04 10:08:02 - [MESSAGE][PASSED] - Object: 'Object Repository/Final Object Repo/New Registration - Registration Module Pages/Form 2/DatePicker Pop Up' is clicked on

2018-12-04 10:08:02 - [TEST_STEP][PASSED] - click: Object: 'Object Repository/Final Object Repo/New Registration - Registration Module Pages/Form 2/DOB Month' is clicked on

2018-12-04 10:08:03 - [MESSAGE][PASSED] - Object: 'Object Repository/Final Object Repo/New Registration - Registration Module Pages/Form 2/DOB Month' is clicked on

2018-12-04 10:08:03 - [TEST_STEP][PASSED] - Statement - CurrentMonth = CurrentMonth: null

2018-12-04 10:08:03 - [TEST_STEP][PASSED] - Statement - selectMonth = new com.kms.katalon.core.testobject.TestObject(): null

2018-12-04 10:08:03 - [TEST_STEP][PASSED] - Statement - selectMonth.addProperty("xpath", EQUALS, "//body/div/div/div/select/option[@value='" + CurrentMonth + "']", true): null

2018-12-04 10:08:03 - [TEST_STEP][PASSED] - click: Object: '' is clicked on

2018-12-04 10:08:03 - [MESSAGE][PASSED] - Object: '' is clicked on

2018-12-04 10:08:03 - [TEST_STEP][PASSED] - click: Object: 'Object Repository/Final Object Repo/New Registration - Registration Module Pages/Form 2/DOB Year' is clicked on

2018-12-04 10:08:03 - [MESSAGE][PASSED] - Object: 'Object Repository/Final Object Repo/New Registration - Registration Module Pages/Form 2/DOB Year' is clicked on

2018-12-04 10:08:03 - [TEST_STEP][PASSED] - Statement - Eyearsbf = EighteenYrsBefore: null

2018-12-04 10:08:03 - [TEST_STEP][PASSED] - Statement - selectYear = new com.kms.katalon.core.testobject.TestObject(): null

2018-12-04 10:08:03 - [TEST_STEP][PASSED] - Statement - selectYear.addProperty("xpath", EQUALS, "//div/div/div/select/option[@value='" + Eyearsbf + "']", true): null

2018-12-04 10:08:03 - [TEST_STEP][PASSED] - click: Object: '' is clicked on

2018-12-04 10:08:03 - [MESSAGE][PASSED] - Object: '' is clicked on

2018-12-04 10:08:03 - [TEST_STEP][PASSED] - Statement - UpdatedSelectDate = com.kms.katalon.core.webui.keyword.WebUiBuiltInKeywords.modifyObjectProperty(com.kms.katalon.core.testobject.ObjectRepository.findTestObject(Final Object Repo/New Registration - Registration Module Pages/Form 2/DOB Date), "xpath", "equals", "//body/div/table/tbody/tr/td/a[text()="" + CurrentDate + ""]", true): Modify property of object successfully

2018-12-04 10:08:03 - [MESSAGE][PASSED] - Modify property of object successfully

2018-12-04 10:08:03 - [TEST_STEP][PASSED] - delay: Delayed 3 second(s)

2018-12-04 10:08:06 - [MESSAGE][PASSED] - Delayed 3 second(s)

2018-12-04 10:08:06 - [TEST_STEP][PASSED] - click: Object: 'Object Repository/Final Object Repo/New Registration - Registration Module Pages/Form 2/DOB Date' is clicked on

2018-12-04 10:08:06 - [MESSAGE][PASSED] - Object: 'Object Repository/Final Object Repo/New Registration - Registration Module Pages/Form 2/DOB Date' is clicked on

2018-12-04 10:08:06 - [TEST_STEP][PASSED] - delay: Delayed 2 second(s)

2018-12-04 10:08:08 - [MESSAGE][PASSED] - Delayed 2 second(s)

2018-12-04 10:08:08 - [TEST_STEP][PASSED] - click: Object: 'Object Repository/Final Object Repo/New Registration - Registration Module Pages/Form 2/EmploymentStartDate Pop Up' is clicked on

2018-12-04 10:08:08 - [MESSAGE][PASSED] - Object: 'Object Repository/Final Object Repo/New Registration - Registration Module Pages/Form 2/EmploymentStartDate Pop Up' is clicked on

2018-12-04 10:08:08 - [TEST_STEP][PASSED] - delay: Delayed 2 second(s)

2018-12-04 10:08:10 - [MESSAGE][PASSED] - Delayed 2 second(s)

2018-12-04 10:08:10 - [TEST_STEP][PASSED] - click: Object: 'Object Repository/Final Object Repo/New Registration - Registration Module Pages/Form 2/Socso Employment StartDate Month' is clicked on

2018-12-04 10:08:11 - [MESSAGE][PASSED] - Object: 'Object Repository/Final Object Repo/New Registration - Registration Module Pages/Form 2/Socso Employment StartDate Month' is clicked on

2018-12-04 10:08:11 - [TEST_STEP][PASSED] - delay: Delayed 1 second(s)

2018-12-04 10:08:12 - [MESSAGE][PASSED] - Delayed 1 second(s)

2018-12-04 10:08:12 - [TEST_STEP][PASSED] - click: Object: 'Object Repository/Final Object Repo/New Registration - Registration Module Pages/Form 2/Select Socso Employement Startdate Month' is clicked on

2018-12-04 10:08:12 - [MESSAGE][PASSED] - Object: 'Object Repository/Final Object Repo/New Registration - Registration Module Pages/Form 2/Select Socso Employement Startdate Month' is clicked on

2018-12-04 10:08:12 - [TEST_STEP][PASSED] - delay: Delayed 2 second(s)

2018-12-04 10:08:14 - [MESSAGE][PASSED] - Delayed 2 second(s)

2018-12-04 10:08:14 - [TEST_STEP][PASSED] - click: Object: 'Object Repository/Final Object Repo/New Registration - Registration Module Pages/Form 2/Socso Employment StartDate Year' is clicked on

2018-12-04 10:08:14 - [MESSAGE][PASSED] - Object: 'Object Repository/Final Object Repo/New Registration - Registration Module Pages/Form 2/Socso Employment StartDate Year' is clicked on

2018-12-04 10:08:14 - [TEST_STEP][PASSED] - delay: Delayed 1 second(s)

2018-12-04 10:08:15 - [MESSAGE][PASSED] - Delayed 1 second(s)

2018-12-04 10:08:15 - [TEST_STEP][PASSED] - click: Object: 'Object Repository/Final Object Repo/New Registration - Registration Module Pages/Form 2/Select Socso Employment Startdate Year' is clicked on

2018-12-04 10:08:15 - [MESSAGE][PASSED] - Object: 'Object Repository/Final Object Repo/New Registration - Registration Module Pages/Form 2/Select Socso Employment Startdate Year' is clicked on

2018-12-04 10:08:15 - [TEST_STEP][PASSED] - delay: Delayed 2 second(s)

2018-12-04 10:08:17 - [MESSAGE][PASSED] - Delayed 2 second(s)

2018-12-04 10:08:17 - [TEST_STEP][PASSED] - click: Object: 'Object Repository/Final Object Repo/New Registration - Registration Module Pages/Form 2/Socso Employment Start Date Day' is clicked on

2018-12-04 10:08:17 - [MESSAGE][PASSED] - Object: 'Object Repository/Final Object Repo/New Registration - Registration Module Pages/Form 2/Socso Employment Start Date Day' is clicked on

2018-12-04 10:08:17 - [TEST_STEP][PASSED] - delay: Delayed 2 second(s)

2018-12-04 10:08:19 - [MESSAGE][PASSED] - Delayed 2 second(s)

2018-12-04 10:08:19 - [TEST_STEP][PASSED] - click: Object: 'Object Repository/Final Object Repo/New Registration - Registration Module Pages/Form 2/Save Button for Add Employee' is clicked on

2018-12-04 10:08:20 - [MESSAGE][PASSED] - Object: 'Object Repository/Final Object Repo/New Registration - Registration Module Pages/Form 2/Save Button for Add Employee' is clicked on

2018-12-04 10:08:20 - [TEST_STEP][PASSED] - delay: Delayed 6 second(s)

2018-12-04 10:08:26 - [MESSAGE][PASSED] - Delayed 6 second(s)

2018-12-04 10:08:26 - [TEST_STEP][PASSED] - click: Object: 'Object Repository/Final Object Repo/New Registration - Registration Module Pages/Form 2/Save and Continue Form 2' is clicked on

2018-12-04 10:08:26 - [MESSAGE][PASSED] - Object: 'Object Repository/Final Object Repo/New Registration - Registration Module Pages/Form 2/Save and Continue Form 2' is clicked on

2018-12-04 10:08:26 - [MESSAGE][PASSED] - Call Test Case 'Test Cases/Final Aug 2018 - PKS Automation/Registration Module/New Registration/Form 2/Add 1 Eligible' successfully

2018-12-04 10:08:26 - [TEST_STEP][PASSED] - callTestCase: Call Test Case 'Test Cases/Final Aug 2018 - PKS Automation/Registration Module/New Registration/Flow of New Registration/Third Screen - Upload Supporting Doc - Preview' successfully

2018-12-04 10:08:26 - [TEST_CASE][PASSED] - Test Cases/Final Aug 2018 - PKS Automation/Registration Module/New Registration/Flow of New Registration/Third Screen - Upload Supporting Doc - Preview: Test Cases/Final Aug 2018 - PKS Automation/Registration Module/New Registration/Flow of New Registration/Third Screen - Upload Supporting Doc - Preview

2018-12-04 10:08:26 - [TEST_STEP][PASSED] - waitForPageLoad: Wait for page load successfully

2018-12-04 10:08:27 - [MESSAGE][PASSED] - Wait for page load successfully

2018-12-04 10:08:27 - [TEST_STEP][PASSED] - Statement - CaseReferenceNo = com.kms.katalon.core.webui.keyword.WebUiBuiltInKeywords.getText(com.kms.katalon.core.testobject.ObjectRepository.findTestObject(Final Object Repo/New Registration - Registration Module Pages/Third Screen - Upload Supporting Doc- Preview/RefNo Acquiring)): Text of object 'Object Repository/Final Object Repo/New Registration - Registration Module Pages/Third Screen - Upload Supporting Doc- Preview/RefNo Acquiring' is: 'CRN12201800122966'

2018-12-04 10:08:27 - [MESSAGE][PASSED] - Text of object 'Object Repository/Final Object Repo/New Registration - Registration Module Pages/Third Screen - Upload Supporting Doc- Preview/RefNo Acquiring' is: 'CRN12201800122966'

2018-12-04 10:08:27 - [TEST_STEP][PASSED] - delay: Delayed 2 second(s)

2018-12-04 10:08:29 - [MESSAGE][PASSED] - Delayed 2 second(s)

2018-12-04 10:08:29 - [TEST_STEP][PASSED] - callTestCase: Call Test Case 'Test Cases/Final Aug 2018 - PKS Automation/Common/Reference Number Setter' successfully

2018-12-04 10:08:29 - [TEST_CASE][PASSED] - Test Cases/Final Aug 2018 - PKS Automation/Common/Reference Number Setter: Test Cases/Final Aug 2018 - PKS Automation/Common/Reference Number Setter

2018-12-04 10:08:29 - [TEST_STEP][PASSED] - Statement - RefNoOldFile = new java.io.File(C://Users//Admin//Desktop//PKS//Automation Reference Point//KatalonReference.txt): null

2018-12-04 10:08:29 - [TEST_STEP][PASSED] - Statement - RefNoOldFile.delete(): null

2018-12-04 10:08:29 - [TEST_STEP][PASSED] - delay: Delayed 5 second(s)

2018-12-04 10:08:34 - [MESSAGE][PASSED] - Delayed 5 second(s)

2018-12-04 10:08:34 - [TEST_STEP][PASSED] - Statement - RefNo = new java.io.File(C://Users//Admin//Desktop//PKS//Automation Reference Point//KatalonReference.txt): null

2018-12-04 10:08:34 - [TEST_STEP][PASSED] - Statement - f2 = new java.io.FileWriter(RefNo, false): null

2018-12-04 10:08:34 - [TEST_STEP][PASSED] - Statement - f2.write(CaseReferenceNo): null

2018-12-04 10:08:34 - [TEST_STEP][PASSED] - Statement - f2.close(): null

2018-12-04 10:08:34 - [TEST_STEP][PASSED] - Statement - out.println("


" + CaseReferenceNo + "


"): null

2018-12-04 10:08:34 - [MESSAGE][PASSED] - Call Test Case 'Test Cases/Final Aug 2018 - PKS Automation/Common/Reference Number Setter' successfully

2018-12-04 10:08:34 - [TEST_STEP][PASSED] - waitForElementClickable: Object 'Object Repository/Final Object Repo/New Registration - Registration Module Pages/Third Screen - Upload Supporting Doc- Preview/Save n Continue in SIP Employee Listing Page' is clickable

2018-12-04 10:08:34 - [MESSAGE][PASSED] - Object 'Object Repository/Final Object Repo/New Registration - Registration Module Pages/Third Screen - Upload Supporting Doc- Preview/Save n Continue in SIP Employee Listing Page' is clickable

2018-12-04 10:08:34 - [TEST_STEP][PASSED] - click: Object: 'Object Repository/Final Object Repo/New Registration - Registration Module Pages/Third Screen - Upload Supporting Doc- Preview/Save n Continue in SIP Employee Listing Page' is clicked on

2018-12-04 10:08:39 - [MESSAGE][PASSED] - Object: 'Object Repository/Final Object Repo/New Registration - Registration Module Pages/Third Screen - Upload Supporting Doc- Preview/Save n Continue in SIP Employee Listing Page' is clicked on

2018-12-04 10:08:39 - [TEST_STEP][PASSED] - delay: Delayed 7 second(s)

2018-12-04 10:08:46 - [MESSAGE][PASSED] - Delayed 7 second(s)

2018-12-04 10:08:46 - [TEST_STEP][PASSED] - click: Object: 'Object Repository/Final Object Repo/New Registration - Registration Module Pages/Third Screen - Upload Supporting Doc- Preview/Add Document Button' is clicked on

2018-12-04 10:08:47 - [MESSAGE][PASSED] - Object: 'Object Repository/Final Object Repo/New Registration - Registration Module Pages/Third Screen - Upload Supporting Doc- Preview/Add Document Button' is clicked on

2018-12-04 10:08:47 - [TEST_STEP][PASSED] - delay: Delayed 30 second(s)

2018-12-04 10:09:17 - [MESSAGE][PASSED] - Delayed 30 second(s)

2018-12-04 10:09:17 - [TEST_STEP][PASSED] - click: Object: 'Object Repository/Final Object Repo/New Registration - Registration Module Pages/Third Screen - Upload Supporting Doc- Preview/Supporting Doc Please Select Drop Down' is clicked on

2018-12-04 10:09:17 - [MESSAGE][PASSED] - Object: 'Object Repository/Final Object Repo/New Registration - Registration Module Pages/Third Screen - Upload Supporting Doc- Preview/Supporting Doc Please Select Drop Down' is clicked on

2018-12-04 10:09:17 - [TEST_STEP][PASSED] - delay: Delayed 2 second(s)

2018-12-04 10:09:19 - [MESSAGE][PASSED] - Delayed 2 second(s)

2018-12-04 10:09:19 - [TEST_STEP][PASSED] - click: Object: 'Object Repository/Final Object Repo/New Registration - Registration Module Pages/Third Screen - Upload Supporting Doc- Preview/Select to Upload Form 1' is clicked on

2018-12-04 10:09:19 - [MESSAGE][PASSED] - Object: 'Object Repository/Final Object Repo/New Registration - Registration Module Pages/Third Screen - Upload Supporting Doc- Preview/Select to Upload Form 1' is clicked on

2018-12-04 10:09:19 - [TEST_STEP][PASSED] - delay: Delayed 2 second(s)

2018-12-04 10:09:21 - [MESSAGE][PASSED] - Delayed 2 second(s)

2018-12-04 10:09:21 - [TEST_STEP][PASSED] - uploadFile: File 'C:\Users\Public\Pictures\Sample Pictures\Koala.jpg' sent to object: 'Object Repository/Final Object Repo/New Registration - Registration Module Pages/Third Screen - Upload Supporting Doc- Preview/Upload File Adding'

2018-12-04 10:09:21 - [MESSAGE][PASSED] - File 'C:\Users\Public\Pictures\Sample Pictures\Koala.jpg' sent to object: 'Object Repository/Final Object Repo/New Registration - Registration Module Pages/Third Screen - Upload Supporting Doc- Preview/Upload File Adding'

2018-12-04 10:09:21 - [TEST_STEP][PASSED] - delay: Delayed 5 second(s)

2018-12-04 10:09:26 - [MESSAGE][PASSED] - Delayed 5 second(s)

2018-12-04 10:09:26 - [TEST_STEP][PASSED] - click: Object: 'Object Repository/Final Object Repo/New Registration - Registration Module Pages/Third Screen - Upload Supporting Doc- Preview/Inner Form Add Document Button' is clicked on

2018-12-04 10:09:26 - [MESSAGE][PASSED] - Object: 'Object Repository/Final Object Repo/New Registration - Registration Module Pages/Third Screen - Upload Supporting Doc- Preview/Inner Form Add Document Button' is clicked on

2018-12-04 10:09:26 - [TEST_STEP][PASSED] - delay: Delayed 3 second(s)

2018-12-04 10:09:29 - [MESSAGE][PASSED] - Delayed 3 second(s)

2018-12-04 10:09:29 - [TEST_STEP][PASSED] - click: Object: 'Object Repository/Final Object Repo/New Registration - Registration Module Pages/Third Screen - Upload Supporting Doc- Preview/Add Document Button' is clicked on

2018-12-04 10:09:31 - [MESSAGE][PASSED] - Object: 'Object Repository/Final Object Repo/New Registration - Registration Module Pages/Third Screen - Upload Supporting Doc- Preview/Add Document Button' is clicked on

2018-12-04 10:09:31 - [TEST_STEP][PASSED] - delay: Delayed 30 second(s)

2018-12-04 10:10:01 - [MESSAGE][PASSED] - Delayed 30 second(s)

2018-12-04 10:10:01 - [TEST_STEP][PASSED] - click: Object: 'Object Repository/Final Object Repo/New Registration - Registration Module Pages/Third Screen - Upload Supporting Doc- Preview/Supporting Doc Please Select Drop Down' is clicked on

2018-12-04 10:10:01 - [MESSAGE][PASSED] - Object: 'Object Repository/Final Object Repo/New Registration - Registration Module Pages/Third Screen - Upload Supporting Doc- Preview/Supporting Doc Please Select Drop Down' is clicked on

2018-12-04 10:10:01 - [TEST_STEP][PASSED] - delay: Delayed 2 second(s)

2018-12-04 10:10:03 - [MESSAGE][PASSED] - Delayed 2 second(s)

2018-12-04 10:10:03 - [TEST_STEP][PASSED] - click: Object: 'Object Repository/Final Object Repo/New Registration - Registration Module Pages/Third Screen - Upload Supporting Doc- Preview/Select to Upload Form 2' is clicked on

2018-12-04 10:10:03 - [MESSAGE][PASSED] - Object: 'Object Repository/Final Object Repo/New Registration - Registration Module Pages/Third Screen - Upload Supporting Doc- Preview/Select to Upload Form 2' is clicked on

2018-12-04 10:10:03 - [TEST_STEP][PASSED] - delay: Delayed 2 second(s)

2018-12-04 10:10:05 - [MESSAGE][PASSED] - Delayed 2 second(s)

2018-12-04 10:10:05 - [TEST_STEP][PASSED] - uploadFile: File 'C:\Users\Public\Pictures\Sample Pictures\Koala.jpg' sent to object: 'Object Repository/Final Object Repo/New Registration - Registration Module Pages/Third Screen - Upload Supporting Doc- Preview/Upload File Adding'

2018-12-04 10:10:05 - [MESSAGE][PASSED] - File 'C:\Users\Public\Pictures\Sample Pictures\Koala.jpg' sent to object: 'Object Repository/Final Object Repo/New Registration - Registration Module Pages/Third Screen - Upload Supporting Doc- Preview/Upload File Adding'

2018-12-04 10:10:05 - [TEST_STEP][PASSED] - click: Object: 'Object Repository/Final Object Repo/New Registration - Registration Module Pages/Third Screen - Upload Supporting Doc- Preview/Inner Form Add Document Button' is clicked on

2018-12-04 10:10:05 - [MESSAGE][PASSED] - Object: 'Object Repository/Final Object Repo/New Registration - Registration Module Pages/Third Screen - Upload Supporting Doc- Preview/Inner Form Add Document Button' is clicked on

2018-12-04 10:10:05 - [TEST_STEP][PASSED] - delay: Delayed 5 second(s)

2018-12-04 10:10:10 - [MESSAGE][PASSED] - Delayed 5 second(s)

2018-12-04 10:10:10 - [TEST_STEP][PASSED] - click: Object: 'Object Repository/Final Object Repo/New Registration - Registration Module Pages/Third Screen - Upload Supporting Doc- Preview/Add Document Button' is clicked on

2018-12-04 10:10:10 - [MESSAGE][PASSED] - Object: 'Object Repository/Final Object Repo/New Registration - Registration Module Pages/Third Screen - Upload Supporting Doc- Preview/Add Document Button' is clicked on

2018-12-04 10:10:10 - [TEST_STEP][PASSED] - delay: Delayed 30 second(s)

2018-12-04 10:10:40 - [MESSAGE][PASSED] - Delayed 30 second(s)

2018-12-04 10:10:40 - [TEST_STEP][PASSED] - click: Object: 'Object Repository/Final Object Repo/New Registration - Registration Module Pages/Third Screen - Upload Supporting Doc- Preview/Supporting Doc Please Select Drop Down' is clicked on

2018-12-04 10:10:41 - [MESSAGE][PASSED] - Object: 'Object Repository/Final Object Repo/New Registration - Registration Module Pages/Third Screen - Upload Supporting Doc- Preview/Supporting Doc Please Select Drop Down' is clicked on

2018-12-04 10:10:41 - [TEST_STEP][PASSED] - click: Object: 'Object Repository/Final Object Repo/New Registration - Registration Module Pages/Third Screen - Upload Supporting Doc- Preview/Select to Upload Borang SIP 1' is clicked on

2018-12-04 10:10:41 - [MESSAGE][PASSED] - Object: 'Object Repository/Final Object Repo/New Registration - Registration Module Pages/Third Screen - Upload Supporting Doc- Preview/Select to Upload Borang SIP 1' is clicked on

2018-12-04 10:10:41 - [TEST_STEP][PASSED] - delay: Delayed 2 second(s)

2018-12-04 10:10:43 - [MESSAGE][PASSED] - Delayed 2 second(s)

2018-12-04 10:10:43 - [TEST_STEP][PASSED] - uploadFile: File 'C:\Users\Public\Pictures\Sample Pictures\Koala.jpg' sent to object: 'Object Repository/Final Object Repo/New Registration - Registration Module Pages/Third Screen - Upload Supporting Doc- Preview/Upload File Adding'

2018-12-04 10:10:43 - [MESSAGE][PASSED] - File 'C:\Users\Public\Pictures\Sample Pictures\Koala.jpg' sent to object: 'Object Repository/Final Object Repo/New Registration - Registration Module Pages/Third Screen - Upload Supporting Doc- Preview/Upload File Adding'

2018-12-04 10:10:43 - [TEST_STEP][PASSED] - click: Object: 'Object Repository/Final Object Repo/New Registration - Registration Module Pages/Third Screen - Upload Supporting Doc- Preview/Inner Form Add Document Button' is clicked on

2018-12-04 10:10:43 - [MESSAGE][PASSED] - Object: 'Object Repository/Final Object Repo/New Registration - Registration Module Pages/Third Screen - Upload Supporting Doc- Preview/Inner Form Add Document Button' is clicked on

2018-12-04 10:10:43 - [TEST_STEP][PASSED] - delay: Delayed 5 second(s)

2018-12-04 10:10:48 - [MESSAGE][PASSED] - Delayed 5 second(s)

2018-12-04 10:10:48 - [TEST_STEP][PASSED] - click: Object: 'Object Repository/Final Object Repo/New Registration - Registration Module Pages/Third Screen - Upload Supporting Doc- Preview/Add Document Button' is clicked on

2018-12-04 10:10:48 - [MESSAGE][PASSED] - Object: 'Object Repository/Final Object Repo/New Registration - Registration Module Pages/Third Screen - Upload Supporting Doc- Preview/Add Document Button' is clicked on

2018-12-04 10:10:48 - [TEST_STEP][PASSED] - delay: Delayed 30 second(s)

2018-12-04 10:11:18 - [MESSAGE][PASSED] - Delayed 30 second(s)

2018-12-04 10:11:18 - [TEST_STEP][PASSED] - click: Object: 'Object Repository/Final Object Repo/New Registration - Registration Module Pages/Third Screen - Upload Supporting Doc- Preview/Supporting Doc Please Select Drop Down' is clicked on

2018-12-04 10:11:19 - [MESSAGE][PASSED] - Object: 'Object Repository/Final Object Repo/New Registration - Registration Module Pages/Third Screen - Upload Supporting Doc- Preview/Supporting Doc Please Select Drop Down' is clicked on

2018-12-04 10:11:19 - [TEST_STEP][PASSED] - delay: Delayed 3 second(s)

2018-12-04 10:11:22 - [MESSAGE][PASSED] - Delayed 3 second(s)

2018-12-04 10:11:22 - [TEST_STEP][PASSED] - click: Object: 'Object Repository/Final Object Repo/New Registration - Registration Module Pages/Third Screen - Upload Supporting Doc- Preview/Select to Upload Borang SIP 2' is clicked on

2018-12-04 10:11:22 - [MESSAGE][PASSED] - Object: 'Object Repository/Final Object Repo/New Registration - Registration Module Pages/Third Screen - Upload Supporting Doc- Preview/Select to Upload Borang SIP 2' is clicked on

2018-12-04 10:11:22 - [TEST_STEP][PASSED] - delay: Delayed 2 second(s)

2018-12-04 10:11:24 - [MESSAGE][PASSED] - Delayed 2 second(s)

2018-12-04 10:11:24 - [TEST_STEP][PASSED] - uploadFile: File 'C:\Users\Public\Pictures\Sample Pictures\Koala.jpg' sent to object: 'Object Repository/Final Object Repo/New Registration - Registration Module Pages/Third Screen - Upload Supporting Doc- Preview/Upload File Adding'

2018-12-04 10:11:24 - [MESSAGE][PASSED] - File 'C:\Users\Public\Pictures\Sample Pictures\Koala.jpg' sent to object: 'Object Repository/Final Object Repo/New Registration - Registration Module Pages/Third Screen - Upload Supporting Doc- Preview/Upload File Adding'

2018-12-04 10:11:24 - [TEST_STEP][PASSED] - delay: Delayed 5 second(s)

2018-12-04 10:11:29 - [MESSAGE][PASSED] - Delayed 5 second(s)

2018-12-04 10:11:29 - [TEST_STEP][PASSED] - click: Object: 'Object Repository/Final Object Repo/New Registration - Registration Module Pages/Third Screen - Upload Supporting Doc- Preview/Inner Form Add Document Button' is clicked on

2018-12-04 10:11:29 - [MESSAGE][PASSED] - Object: 'Object Repository/Final Object Repo/New Registration - Registration Module Pages/Third Screen - Upload Supporting Doc- Preview/Inner Form Add Document Button' is clicked on

2018-12-04 10:11:29 - [TEST_STEP][PASSED] - delay: Delayed 3 second(s)

2018-12-04 10:11:32 - [MESSAGE][PASSED] - Delayed 3 second(s)

2018-12-04 10:11:32 - [TEST_STEP][PASSED] - waitForElementClickable: Object 'Object Repository/Final Object Repo/New Registration - Registration Module Pages/Third Screen - Upload Supporting Doc- Preview/Save n Continue in Uploading Supporting Doc Page' is clickable

2018-12-04 10:11:33 - [MESSAGE][PASSED] - Object 'Object Repository/Final Object Repo/New Registration - Registration Module Pages/Third Screen - Upload Supporting Doc- Preview/Save n Continue in Uploading Supporting Doc Page' is clickable

2018-12-04 10:11:33 - [TEST_STEP][PASSED] - click: Object: 'Object Repository/Final Object Repo/New Registration - Registration Module Pages/Third Screen - Upload Supporting Doc- Preview/Save n Continue in Uploading Supporting Doc Page' is clicked on

2018-12-04 10:11:33 - [MESSAGE][PASSED] - Object: 'Object Repository/Final Object Repo/New Registration - Registration Module Pages/Third Screen - Upload Supporting Doc- Preview/Save n Continue in Uploading Supporting Doc Page' is clicked on

2018-12-04 10:11:33 - [MESSAGE][PASSED] - Call Test Case 'Test Cases/Final Aug 2018 - PKS Automation/Registration Module/New Registration/Flow of New Registration/Third Screen - Upload Supporting Doc - Preview' successfully

2018-12-04 10:11:33 - [TEST_STEP][PASSED] - callTestCase: Call Test Case 'Test Cases/Final Aug 2018 - PKS Automation/Registration Module/New Registration/Submit and Screenshot/Submit Registration and Screenshot' successfully

2018-12-04 10:11:33 - [TEST_CASE][PASSED] - Test Cases/Final Aug 2018 - PKS Automation/Registration Module/New Registration/Submit and Screenshot/Submit Registration and Screenshot: Test Cases/Final Aug 2018 - PKS Automation/Registration Module/New Registration/Submit and Screenshot/Submit Registration and Screenshot

2018-12-04 10:11:33 - [TEST_STEP][PASSED] - delay: Delayed 6 second(s)

2018-12-04 10:11:39 - [MESSAGE][PASSED] - Delayed 6 second(s)

2018-12-04 10:11:39 - [TEST_STEP][PASSED] - click: Object: 'Object Repository/Final Object Repo/New Registration - Registration Module Pages/Third Screen - Upload Supporting Doc- Preview/Preview Submit Button' is clicked on

2018-12-04 10:11:39 - [MESSAGE][PASSED] - Object: 'Object Repository/Final Object Repo/New Registration - Registration Module Pages/Third Screen - Upload Supporting Doc- Preview/Preview Submit Button' is clicked on

2018-12-04 10:11:39 - [TEST_STEP][PASSED] - delay: Delayed 2 second(s)

2018-12-04 10:11:41 - [MESSAGE][PASSED] - Delayed 2 second(s)

2018-12-04 10:11:41 - [TEST_STEP][PASSED] - click: Object: 'Object Repository/Final Object Repo/New Registration - Registration Module Pages/Third Screen - Upload Supporting Doc- Preview/Preview Submit - Confirm' is clicked on

2018-12-04 10:11:42 - [MESSAGE][PASSED] - Object: 'Object Repository/Final Object Repo/New Registration - Registration Module Pages/Third Screen - Upload Supporting Doc- Preview/Preview Submit - Confirm' is clicked on

2018-12-04 10:11:42 - [TEST_STEP][PASSED] - delay: Delayed 15 second(s)

2018-12-04 10:11:57 - [MESSAGE][PASSED] - Delayed 15 second(s)

2018-12-04 10:11:57 - [TEST_STEP][PASSED] - Statement - driver = com.kms.katalon.core.webui.driver.DriverFactory.getWebDriver(): null

2018-12-04 10:11:57 - [TEST_STEP][PASSED] - Statement - driver.manage().timeouts().implicitlyWait(10, SECONDS): null

2018-12-04 10:11:57 - [TEST_STEP][PASSED] - Statement - PresavePath = KatalonScreenshots: null

2018-12-04 10:11:57 - [TEST_STEP][PASSED] - Statement - pathPrefix = "C:\Users\Public\Pictures\Sample Pictures\Katalon Screenshots\Automate Ending Screen": null

2018-12-04 10:11:57 - [TEST_STEP][PASSED] - Statement - finalPath = <not implemented yet for class: org.codehaus.groovy.ast.expr.EmptyExpression>: null

2018-12-04 10:11:57 - [TEST_STEP][PASSED] - Statement - scrFile = driver.getScreenshotAs(FILE): null

2018-12-04 10:11:57 - [TEST_STEP][PASSED] - Statement - PreSaveFile = new java.io.File(PresavePath): null

2018-12-04 10:11:57 - [TEST_STEP][PASSED] - Statement - counter = 0: null

2018-12-04 10:11:57 - [TEST_STEP][PASSED] - Statement - If (PreSaveFile.exists()): null

2018-12-04 10:11:57 - [TEST_STEP][PASSED] - Statement - While (PreSaveFile.exists()): null

2018-12-04 10:11:57 - [TEST_STEP][PASSED] - Statement - counter = counter + 1: null

2018-12-04 10:11:57 - [TEST_STEP][PASSED] - Statement - PreSaveFile = new java.io.File(((pathPrefix + java.lang.Integer.toString(counter)) + .png)): null

2018-12-04 10:11:57 - [TEST_STEP][PASSED] - Statement - counter = counter + 1: null

2018-12-04 10:11:57 - [TEST_STEP][PASSED] - Statement - PreSaveFile = new java.io.File(((pathPrefix + java.lang.Integer.toString(counter)) + .png)): null

2018-12-04 10:11:57 - [TEST_STEP][PASSED] - Statement - counter = counter + 1: null

2018-12-04 10:11:57 - [TEST_STEP][PASSED] - Statement - PreSaveFile = new java.io.File(((pathPrefix + java.lang.Integer.toString(counter)) + .png)): null

2018-12-04 10:11:57 - [TEST_STEP][PASSED] - Statement - counter = counter + 1: null

2018-12-04 10:11:57 - [TEST_STEP][PASSED] - Statement - PreSaveFile = new java.io.File(((pathPrefix + java.lang.Integer.toString(counter)) + .png)): null

2018-12-04 10:11:57 - [TEST_STEP][PASSED] - Statement - counter = counter + 1: null

2018-12-04 10:11:57 - [TEST_STEP][PASSED] - Statement - PreSaveFile = new java.io.File(((pathPrefix + java.lang.Integer.toString(counter)) + .png)): null

2018-12-04 10:11:57 - [TEST_STEP][PASSED] - Statement - counter = counter + 1: null

2018-12-04 10:11:57 - [TEST_STEP][PASSED] - Statement - PreSaveFile = new java.io.File(((pathPrefix + java.lang.Integer.toString(counter)) + .png)): null

2018-12-04 10:11:57 - [TEST_STEP][PASSED] - Statement - counter = counter + 1: null

2018-12-04 10:11:57 - [TEST_STEP][PASSED] - Statement - PreSaveFile = new java.io.File(((pathPrefix + java.lang.Integer.toString(counter)) + .png)): null

2018-12-04 10:11:57 - [TEST_STEP][PASSED] - Statement - counter = counter + 1: null

2018-12-04 10:11:57 - [TEST_STEP][PASSED] - Statement - PreSaveFile = new java.io.File(((pathPrefix + java.lang.Integer.toString(counter)) + .png)): null

2018-12-04 10:11:57 - [TEST_STEP][PASSED] - Statement - counter = counter + 1: null

2018-12-04 10:11:57 - [TEST_STEP][PASSED] - Statement - PreSaveFile = new java.io.File(((pathPrefix + java.lang.Integer.toString(counter)) + .png)): null

2018-12-04 10:11:57 - [TEST_STEP][PASSED] - Statement - counter = counter + 1: null

2018-12-04 10:11:57 - [TEST_STEP][PASSED] - Statement - PreSaveFile = new java.io.File(((pathPrefix + java.lang.Integer.toString(counter)) + .png)): null

2018-12-04 10:11:57 - [TEST_STEP][PASSED] - Statement - counter = counter + 1: null

2018-12-04 10:11:57 - [TEST_STEP][PASSED] - Statement - PreSaveFile = new java.io.File(((pathPrefix + java.lang.Integer.toString(counter)) + .png)): null

2018-12-04 10:11:57 - [TEST_STEP][PASSED] - Statement - counter = counter + 1: null

2018-12-04 10:11:57 - [TEST_STEP][PASSED] - Statement - PreSaveFile = new java.io.File(((pathPrefix + java.lang.Integer.toString(counter)) + .png)): null

2018-12-04 10:11:57 - [TEST_STEP][PASSED] - Statement - counter = counter + 1: null

2018-12-04 10:11:57 - [TEST_STEP][PASSED] - Statement - PreSaveFile = new java.io.File(((pathPrefix + java.lang.Integer.toString(counter)) + .png)): null

2018-12-04 10:11:57 - [TEST_STEP][PASSED] - Statement - counter = counter + 1: null

2018-12-04 10:11:57 - [TEST_STEP][PASSED] - Statement - PreSaveFile = new java.io.File(((pathPrefix + java.lang.Integer.toString(counter)) + .png)): null

2018-12-04 10:11:57 - [TEST_STEP][PASSED] - Statement - counter = counter + 1: null

2018-12-04 10:11:57 - [TEST_STEP][PASSED] - Statement - PreSaveFile = new java.io.File(((pathPrefix + java.lang.Integer.toString(counter)) + .png)): null

2018-12-04 10:11:57 - [TEST_STEP][PASSED] - Statement - counter = counter + 1: null

2018-12-04 10:11:57 - [TEST_STEP][PASSED] - Statement - PreSaveFile = new java.io.File(((pathPrefix + java.lang.Integer.toString(counter)) + .png)): null

2018-12-04 10:11:58 - [TEST_STEP][PASSED] - Statement - counter = counter + 1: null

2018-12-04 10:11:58 - [TEST_STEP][PASSED] - Statement - PreSaveFile = new java.io.File(((pathPrefix + java.lang.Integer.toString(counter)) + .png)): null

2018-12-04 10:11:58 - [TEST_STEP][PASSED] - Statement - counter = counter + 1: null

2018-12-04 10:11:58 - [TEST_STEP][PASSED] - Statement - PreSaveFile = new java.io.File(((pathPrefix + java.lang.Integer.toString(counter)) + .png)): null

2018-12-04 10:11:58 - [TEST_STEP][PASSED] - Statement - counter = counter + 1: null

2018-12-04 10:11:58 - [TEST_STEP][PASSED] - Statement - PreSaveFile = new java.io.File(((pathPrefix + java.lang.Integer.toString(counter)) + .png)): null

2018-12-04 10:11:58 - [TEST_STEP][PASSED] - Statement - counter = counter + 1: null

2018-12-04 10:11:58 - [TEST_STEP][PASSED] - Statement - PreSaveFile = new java.io.File(((pathPrefix + java.lang.Integer.toString(counter)) + .png)): null

2018-12-04 10:11:58 - [TEST_STEP][PASSED] - Statement - counter = counter + 1: null

2018-12-04 10:11:58 - [TEST_STEP][PASSED] - Statement - PreSaveFile = new java.io.File(((pathPrefix + java.lang.Integer.toString(counter)) + .png)): null

2018-12-04 10:11:58 - [TEST_STEP][PASSED] - Statement - counter = counter + 1: null

2018-12-04 10:11:58 - [TEST_STEP][PASSED] - Statement - PreSaveFile = new java.io.File(((pathPrefix + java.lang.Integer.toString(counter)) + .png)): null

2018-12-04 10:11:58 - [TEST_STEP][PASSED] - Statement - counter = counter + 1: null

2018-12-04 10:11:58 - [TEST_STEP][PASSED] - Statement - PreSaveFile = new java.io.File(((pathPrefix + java.lang.Integer.toString(counter)) + .png)): null

2018-12-04 10:11:58 - [TEST_STEP][PASSED] - Statement - counter = counter + 1: null

2018-12-04 10:11:58 - [TEST_STEP][PASSED] - Statement - PreSaveFile = new java.io.File(((pathPrefix + java.lang.Integer.toString(counter)) + .png)): null

2018-12-04 10:11:58 - [TEST_STEP][PASSED] - Statement - counter = counter + 1: null

2018-12-04 10:11:58 - [TEST_STEP][PASSED] - Statement - PreSaveFile = new java.io.File(((pathPrefix + java.lang.Integer.toString(counter)) + .png)): null

2018-12-04 10:11:58 - [TEST_STEP][PASSED] - Statement - counter = counter + 1: null

2018-12-04 10:11:58 - [TEST_STEP][PASSED] - Statement - PreSaveFile = new java.io.File(((pathPrefix + java.lang.Integer.toString(counter)) + .png)): null

2018-12-04 10:11:58 - [TEST_STEP][PASSED] - Statement - counter = counter + 1: null

2018-12-04 10:11:58 - [TEST_STEP][PASSED] - Statement - PreSaveFile = new java.io.File(((pathPrefix + java.lang.Integer.toString(counter)) + .png)): null

2018-12-04 10:11:58 - [TEST_STEP][PASSED] - Statement - counter = counter + 1: null

2018-12-04 10:11:58 - [TEST_STEP][PASSED] - Statement - PreSaveFile = new java.io.File(((pathPrefix + java.lang.Integer.toString(counter)) + .png)): null

2018-12-04 10:11:58 - [TEST_STEP][PASSED] - Statement - counter = counter + 1: null

2018-12-04 10:11:58 - [TEST_STEP][PASSED] - Statement - PreSaveFile = new java.io.File(((pathPrefix + java.lang.Integer.toString(counter)) + .png)): null

2018-12-04 10:11:58 - [TEST_STEP][PASSED] - Statement - counter = counter + 1: null

2018-12-04 10:11:58 - [TEST_STEP][PASSED] - Statement - PreSaveFile = new java.io.File(((pathPrefix + java.lang.Integer.toString(counter)) + .png)): null

2018-12-04 10:11:58 - [TEST_STEP][PASSED] - Statement - counter = counter + 1: null

2018-12-04 10:11:58 - [TEST_STEP][PASSED] - Statement - PreSaveFile = new java.io.File(((pathPrefix + java.lang.Integer.toString(counter)) + .png)): null

2018-12-04 10:11:58 - [TEST_STEP][PASSED] - Statement - counter = counter + 1: null

2018-12-04 10:11:58 - [TEST_STEP][PASSED] - Statement - PreSaveFile = new java.io.File(((pathPrefix + java.lang.Integer.toString(counter)) + .png)): null

2018-12-04 10:11:58 - [TEST_STEP][PASSED] - Statement - counter = counter + 1: null

2018-12-04 10:11:59 - [TEST_STEP][PASSED] - Statement - PreSaveFile = new java.io.File(((pathPrefix + java.lang.Integer.toString(counter)) + .png)): null

2018-12-04 10:11:59 - [TEST_STEP][PASSED] - Statement - counter = counter + 1: null

2018-12-04 10:11:59 - [TEST_STEP][PASSED] - Statement - PreSaveFile = new java.io.File(((pathPrefix + java.lang.Integer.toString(counter)) + .png)): null

2018-12-04 10:11:59 - [TEST_STEP][PASSED] - Statement - counter = counter + 1: null

2018-12-04 10:11:59 - [TEST_STEP][PASSED] - Statement - PreSaveFile = new java.io.File(((pathPrefix + java.lang.Integer.toString(counter)) + .png)): null

2018-12-04 10:11:59 - [TEST_STEP][PASSED] - Statement - counter = counter + 1: null

2018-12-04 10:11:59 - [TEST_STEP][PASSED] - Statement - PreSaveFile = new java.io.File(((pathPrefix + java.lang.Integer.toString(counter)) + .png)): null

2018-12-04 10:11:59 - [TEST_STEP][PASSED] - Statement - counter = counter + 1: null

2018-12-04 10:11:59 - [TEST_STEP][PASSED] - Statement - PreSaveFile = new java.io.File(((pathPrefix + java.lang.Integer.toString(counter)) + .png)): null

2018-12-04 10:11:59 - [TEST_STEP][PASSED] - Statement - counter = counter + 1: null

2018-12-04 10:12:00 - [TEST_STEP][PASSED] - Statement - PreSaveFile = new java.io.File(((pathPrefix + java.lang.Integer.toString(counter)) + .png)): null

2018-12-04 10:12:00 - [TEST_STEP][PASSED] - Statement - counter = counter + 1: null

2018-12-04 10:12:00 - [TEST_STEP][PASSED] - Statement - PreSaveFile = new java.io.File(((pathPrefix + java.lang.Integer.toString(counter)) + .png)): null

2018-12-04 10:12:00 - [TEST_STEP][PASSED] - Statement - counter = counter + 1: null

2018-12-04 10:12:00 - [TEST_STEP][PASSED] - Statement - PreSaveFile = new java.io.File(((pathPrefix + java.lang.Integer.toString(counter)) + .png)): null

2018-12-04 10:12:00 - [TEST_STEP][PASSED] - Statement - counter = counter + 1: null

2018-12-04 10:12:00 - [TEST_STEP][PASSED] - Statement - PreSaveFile = new java.io.File(((pathPrefix + java.lang.Integer.toString(counter)) + .png)): null

2018-12-04 10:12:00 - [TEST_STEP][PASSED] - Statement - counter = counter + 1: null

2018-12-04 10:12:00 - [TEST_STEP][PASSED] - Statement - PreSaveFile = new java.io.File(((pathPrefix + java.lang.Integer.toString(counter)) + .png)): null

2018-12-04 10:12:00 - [TEST_STEP][PASSED] - Statement - counter = counter + 1: null

2018-12-04 10:12:00 - [TEST_STEP][PASSED] - Statement - PreSaveFile = new java.io.File(((pathPrefix + java.lang.Integer.toString(counter)) + .png)): null

2018-12-04 10:12:00 - [TEST_STEP][PASSED] - Statement - counter = counter + 1: null

2018-12-04 10:12:00 - [TEST_STEP][PASSED] - Statement - PreSaveFile = new java.io.File(((pathPrefix + java.lang.Integer.toString(counter)) + .png)): null

2018-12-04 10:12:00 - [TEST_STEP][PASSED] - Statement - counter = counter + 1: null

2018-12-04 10:12:00 - [TEST_STEP][PASSED] - Statement - PreSaveFile = new java.io.File(((pathPrefix + java.lang.Integer.toString(counter)) + .png)): null

2018-12-04 10:12:00 - [TEST_STEP][PASSED] - Statement - counter = counter + 1: null

2018-12-04 10:12:00 - [TEST_STEP][PASSED] - Statement - PreSaveFile = new java.io.File(((pathPrefix + java.lang.Integer.toString(counter)) + .png)): null

2018-12-04 10:12:00 - [TEST_STEP][PASSED] - Statement - counter = counter + 1: null

2018-12-04 10:12:00 - [TEST_STEP][PASSED] - Statement - PreSaveFile = new java.io.File(((pathPrefix + java.lang.Integer.toString(counter)) + .png)): null

2018-12-04 10:12:01 - [TEST_STEP][PASSED] - Statement - counter = counter + 1: null

2018-12-04 10:12:01 - [TEST_STEP][PASSED] - Statement - PreSaveFile = new java.io.File(((pathPrefix + java.lang.Integer.toString(counter)) + .png)): null

2018-12-04 10:12:01 - [TEST_STEP][PASSED] - Statement - counter = counter + 1: null

2018-12-04 10:12:01 - [TEST_STEP][PASSED] - Statement - PreSaveFile = new java.io.File(((pathPrefix + java.lang.Integer.toString(counter)) + .png)): null

2018-12-04 10:12:01 - [TEST_STEP][PASSED] - Statement - counter = counter + 1: null

2018-12-04 10:12:01 - [TEST_STEP][PASSED] - Statement - PreSaveFile = new java.io.File(((pathPrefix + java.lang.Integer.toString(counter)) + .png)): null

2018-12-04 10:12:01 - [TEST_STEP][PASSED] - Statement - counter = counter + 1: null

2018-12-04 10:12:01 - [TEST_STEP][PASSED] - Statement - PreSaveFile = new java.io.File(((pathPrefix + java.lang.Integer.toString(counter)) + .png)): null

2018-12-04 10:12:01 - [TEST_STEP][PASSED] - Statement - counter = counter + 1: null

2018-12-04 10:12:02 - [TEST_STEP][PASSED] - Statement - PreSaveFile = new java.io.File(((pathPrefix + java.lang.Integer.toString(counter)) + .png)): null

2018-12-04 10:12:02 - [TEST_STEP][PASSED] - Statement - counter = counter + 1: null

2018-12-04 10:12:02 - [TEST_STEP][PASSED] - Statement - PreSaveFile = new java.io.File(((pathPrefix + java.lang.Integer.toString(counter)) + .png)): null

2018-12-04 10:12:02 - [TEST_STEP][PASSED] - Statement - counter = counter + 1: null

2018-12-04 10:12:02 - [TEST_STEP][PASSED] - Statement - PreSaveFile = new java.io.File(((pathPrefix + java.lang.Integer.toString(counter)) + .png)): null

2018-12-04 10:12:02 - [TEST_STEP][PASSED] - Statement - counter = counter + 1: null

2018-12-04 10:12:02 - [TEST_STEP][PASSED] - Statement - PreSaveFile = new java.io.File(((pathPrefix + java.lang.Integer.toString(counter)) + .png)): null

2018-12-04 10:12:02 - [TEST_STEP][PASSED] - Statement - counter = counter + 1: null

2018-12-04 10:12:02 - [TEST_STEP][PASSED] - Statement - PreSaveFile = new java.io.File(((pathPrefix + java.lang.Integer.toString(counter)) + .png)): null

2018-12-04 10:12:02 - [TEST_STEP][PASSED] - Statement - counter = counter + 1: null

2018-12-04 10:12:03 - [TEST_STEP][PASSED] - Statement - PreSaveFile = new java.io.File(((pathPrefix + java.lang.Integer.toString(counter)) + .png)): null

2018-12-04 10:12:03 - [TEST_STEP][PASSED] - Statement - counter = counter + 1: null

2018-12-04 10:12:03 - [TEST_STEP][PASSED] - Statement - PreSaveFile = new java.io.File(((pathPrefix + java.lang.Integer.toString(counter)) + .png)): null

2018-12-04 10:12:03 - [TEST_STEP][PASSED] - Statement - counter = counter + 1: null

2018-12-04 10:12:03 - [TEST_STEP][PASSED] - Statement - PreSaveFile = new java.io.File(((pathPrefix + java.lang.Integer.toString(counter)) + .png)): null

2018-12-04 10:12:03 - [TEST_STEP][PASSED] - Statement - counter = counter + 1: null

2018-12-04 10:12:03 - [TEST_STEP][PASSED] - Statement - PreSaveFile = new java.io.File(((pathPrefix + java.lang.Integer.toString(counter)) + .png)): null

2018-12-04 10:12:03 - [TEST_STEP][PASSED] - Statement - counter = counter + 1: null

2018-12-04 10:12:03 - [TEST_STEP][PASSED] - Statement - PreSaveFile = new java.io.File(((pathPrefix + java.lang.Integer.toString(counter)) + .png)): null

2018-12-04 10:12:03 - [TEST_STEP][PASSED] - Statement - counter = counter + 1: null

2018-12-04 10:12:03 - [TEST_STEP][PASSED] - Statement - PreSaveFile = new java.io.File(((pathPrefix + java.lang.Integer.toString(counter)) + .png)): null

2018-12-04 10:12:03 - [TEST_STEP][PASSED] - Statement - counter = counter + 1: null

2018-12-04 10:12:03 - [TEST_STEP][PASSED] - Statement - PreSaveFile = new java.io.File(((pathPrefix + java.lang.Integer.toString(counter)) + .png)): null

2018-12-04 10:12:03 - [TEST_STEP][PASSED] - Statement - counter = counter + 1: null

2018-12-04 10:12:03 - [TEST_STEP][PASSED] - Statement - PreSaveFile = new java.io.File(((pathPrefix + java.lang.Integer.toString(counter)) + .png)): null

2018-12-04 10:12:03 - [TEST_STEP][PASSED] - Statement - counter = counter + 1: null

2018-12-04 10:12:03 - [TEST_STEP][PASSED] - Statement - PreSaveFile = new java.io.File(((pathPrefix + java.lang.Integer.toString(counter)) + .png)): null

2018-12-04 10:12:03 - [TEST_STEP][PASSED] - Statement - counter = counter + 1: null

2018-12-04 10:12:03 - [TEST_STEP][PASSED] - Statement - PreSaveFile = new java.io.File(((pathPrefix + java.lang.Integer.toString(counter)) + .png)): null

2018-12-04 10:12:03 - [TEST_STEP][PASSED] - Statement - counter = counter + 1: null

2018-12-04 10:12:04 - [TEST_STEP][PASSED] - Statement - PreSaveFile = new java.io.File(((pathPrefix + java.lang.Integer.toString(counter)) + .png)): null

2018-12-04 10:12:04 - [TEST_STEP][PASSED] - Statement - counter = counter + 1: null

2018-12-04 10:12:04 - [TEST_STEP][PASSED] - Statement - PreSaveFile = new java.io.File(((pathPrefix + java.lang.Integer.toString(counter)) + .png)): null

2018-12-04 10:12:04 - [TEST_STEP][PASSED] - Statement - counter = counter + 1: null

2018-12-04 10:12:04 - [TEST_STEP][PASSED] - Statement - PreSaveFile = new java.io.File(((pathPrefix + java.lang.Integer.toString(counter)) + .png)): null

2018-12-04 10:12:04 - [TEST_STEP][PASSED] - Statement - counter = counter + 1: null

2018-12-04 10:12:04 - [TEST_STEP][PASSED] - Statement - PreSaveFile = new java.io.File(((pathPrefix + java.lang.Integer.toString(counter)) + .png)): null

2018-12-04 10:12:04 - [TEST_STEP][PASSED] - Statement - counter = counter + 1: null

2018-12-04 10:12:04 - [TEST_STEP][PASSED] - Statement - PreSaveFile = new java.io.File(((pathPrefix + java.lang.Integer.toString(counter)) + .png)): null

2018-12-04 10:12:05 - [TEST_STEP][PASSED] - Statement - counter = counter + 1: null

2018-12-04 10:12:05 - [TEST_STEP][PASSED] - Statement - PreSaveFile = new java.io.File(((pathPrefix + java.lang.Integer.toString(counter)) + .png)): null

2018-12-04 10:12:05 - [TEST_STEP][PASSED] - Statement - counter = counter + 1: null

2018-12-04 10:12:05 - [TEST_STEP][PASSED] - Statement - PreSaveFile = new java.io.File(((pathPrefix + java.lang.Integer.toString(counter)) + .png)): null

2018-12-04 10:12:05 - [TEST_STEP][PASSED] - Statement - counter = counter + 1: null

2018-12-04 10:12:05 - [TEST_STEP][PASSED] - Statement - PreSaveFile = new java.io.File(((pathPrefix + java.lang.Integer.toString(counter)) + .png)): null

2018-12-04 10:12:05 - [TEST_STEP][PASSED] - Statement - counter = counter + 1: null

2018-12-04 10:12:05 - [TEST_STEP][PASSED] - Statement - PreSaveFile = new java.io.File(((pathPrefix + java.lang.Integer.toString(counter)) + .png)): null

2018-12-04 10:12:05 - [TEST_STEP][PASSED] - Statement - counter = counter + 1: null

2018-12-04 10:12:06 - [TEST_STEP][PASSED] - Statement - PreSaveFile = new java.io.File(((pathPrefix + java.lang.Integer.toString(counter)) + .png)): null

2018-12-04 10:12:06 - [TEST_STEP][PASSED] - Statement - counter = counter + 1: null

2018-12-04 10:12:06 - [TEST_STEP][PASSED] - Statement - PreSaveFile = new java.io.File(((pathPrefix + java.lang.Integer.toString(counter)) + .png)): null

2018-12-04 10:12:06 - [TEST_STEP][PASSED] - Statement - counter = counter + 1: null

2018-12-04 10:12:06 - [TEST_STEP][PASSED] - Statement - PreSaveFile = new java.io.File(((pathPrefix + java.lang.Integer.toString(counter)) + .png)): null

2018-12-04 10:12:06 - [TEST_STEP][PASSED] - Statement - counter = counter + 1: null

2018-12-04 10:12:06 - [TEST_STEP][PASSED] - Statement - PreSaveFile = new java.io.File(((pathPrefix + java.lang.Integer.toString(counter)) + .png)): null

2018-12-04 10:12:06 - [TEST_STEP][PASSED] - Statement - counter = counter + 1: null

2018-12-04 10:12:06 - [TEST_STEP][PASSED] - Statement - PreSaveFile = new java.io.File(((pathPrefix + java.lang.Integer.toString(counter)) + .png)): null

2018-12-04 10:12:06 - [TEST_STEP][PASSED] - Statement - counter = counter + 1: null

2018-12-04 10:12:07 - [TEST_STEP][PASSED] - Statement - PreSaveFile = new java.io.File(((pathPrefix + java.lang.Integer.toString(counter)) + .png)): null

2018-12-04 10:12:07 - [TEST_STEP][PASSED] - Statement - counter = counter + 1: null

2018-12-04 10:12:07 - [TEST_STEP][PASSED] - Statement - PreSaveFile = new java.io.File(((pathPrefix + java.lang.Integer.toString(counter)) + .png)): null

2018-12-04 10:12:07 - [TEST_STEP][PASSED] - Statement - counter = counter + 1: null

2018-12-04 10:12:07 - [TEST_STEP][PASSED] - Statement - PreSaveFile = new java.io.File(((pathPrefix + java.lang.Integer.toString(counter)) + .png)): null

2018-12-04 10:12:07 - [TEST_STEP][PASSED] - Statement - counter = counter + 1: null

2018-12-04 10:12:07 - [TEST_STEP][PASSED] - Statement - PreSaveFile = new java.io.File(((pathPrefix + java.lang.Integer.toString(counter)) + .png)): null

2018-12-04 10:12:07 - [TEST_STEP][PASSED] - Statement - counter = counter + 1: null

2018-12-04 10:12:07 - [TEST_STEP][PASSED] - Statement - PreSaveFile = new java.io.File(((pathPrefix + java.lang.Integer.toString(counter)) + .png)): null

2018-12-04 10:12:07 - [TEST_STEP][PASSED] - Statement - counter = counter + 1: null

2018-12-04 10:12:08 - [TEST_STEP][PASSED] - Statement - PreSaveFile = new java.io.File(((pathPrefix + java.lang.Integer.toString(counter)) + .png)): null

2018-12-04 10:12:08 - [TEST_STEP][PASSED] - Statement - counter = counter + 1: null

2018-12-04 10:12:08 - [TEST_STEP][PASSED] - Statement - PreSaveFile = new java.io.File(((pathPrefix + java.lang.Integer.toString(counter)) + .png)): null

2018-12-04 10:12:08 - [TEST_STEP][PASSED] - Statement - counter = counter + 1: null

2018-12-04 10:12:08 - [TEST_STEP][PASSED] - Statement - PreSaveFile = new java.io.File(((pathPrefix + java.lang.Integer.toString(counter)) + .png)): null

2018-12-04 10:12:08 - [TEST_STEP][PASSED] - Statement - counter = counter + 1: null

2018-12-04 10:12:08 - [TEST_STEP][PASSED] - Statement - PreSaveFile = new java.io.File(((pathPrefix + java.lang.Integer.toString(counter)) + .png)): null

2018-12-04 10:12:08 - [TEST_STEP][PASSED] - Statement - counter = counter + 1: null

2018-12-04 10:12:08 - [TEST_STEP][PASSED] - Statement - PreSaveFile = new java.io.File(((pathPrefix + java.lang.Integer.toString(counter)) + .png)): null

2018-12-04 10:12:08 - [TEST_STEP][PASSED] - Statement - counter = counter + 1: null

2018-12-04 10:12:08 - [TEST_STEP][PASSED] - Statement - PreSaveFile = new java.io.File(((pathPrefix + java.lang.Integer.toString(counter)) + .png)): null

2018-12-04 10:12:08 - [TEST_STEP][PASSED] - Statement - counter = counter + 1: null

2018-12-04 10:12:08 - [TEST_STEP][PASSED] - Statement - PreSaveFile = new java.io.File(((pathPrefix + java.lang.Integer.toString(counter)) + .png)): null

2018-12-04 10:12:08 - [TEST_STEP][PASSED] - Statement - counter = counter + 1: null

2018-12-04 10:12:08 - [TEST_STEP][PASSED] - Statement - PreSaveFile = new java.io.File(((pathPrefix + java.lang.Integer.toString(counter)) + .png)): null

2018-12-04 10:12:08 - [TEST_STEP][PASSED] - Statement - counter = counter + 1: null

2018-12-04 10:12:08 - [TEST_STEP][PASSED] - Statement - PreSaveFile = new java.io.File(((pathPrefix + java.lang.Integer.toString(counter)) + .png)): null

2018-12-04 10:12:08 - [TEST_STEP][PASSED] - Statement - counter = counter + 1: null

2018-12-04 10:12:08 - [TEST_STEP][PASSED] - Statement - PreSaveFile = new java.io.File(((pathPrefix + java.lang.Integer.toString(counter)) + .png)): null

2018-12-04 10:12:09 - [TEST_STEP][PASSED] - Statement - counter = counter + 1: null

2018-12-04 10:12:09 - [TEST_STEP][PASSED] - Statement - PreSaveFile = new java.io.File(((pathPrefix + java.lang.Integer.toString(counter)) + .png)): null

2018-12-04 10:12:09 - [TEST_STEP][PASSED] - Statement - counter = counter + 1: null

2018-12-04 10:12:09 - [TEST_STEP][PASSED] - Statement - PreSaveFile = new java.io.File(((pathPrefix + java.lang.Integer.toString(counter)) + .png)): null

2018-12-04 10:12:09 - [TEST_STEP][PASSED] - Statement - counter = counter + 1: null

2018-12-04 10:12:09 - [TEST_STEP][PASSED] - Statement - PreSaveFile = new java.io.File(((pathPrefix + java.lang.Integer.toString(counter)) + .png)): null

2018-12-04 10:12:09 - [TEST_STEP][PASSED] - Statement - counter = counter + 1: null

2018-12-04 10:12:09 - [TEST_STEP][PASSED] - Statement - PreSaveFile = new java.io.File(((pathPrefix + java.lang.Integer.toString(counter)) + .png)): null

2018-12-04 10:12:09 - [TEST_STEP][PASSED] - Statement - counter = counter + 1: null

2018-12-04 10:12:10 - [TEST_STEP][PASSED] - Statement - PreSaveFile = new java.io.File(((pathPrefix + java.lang.Integer.toString(counter)) + .png)): null

2018-12-04 10:12:10 - [TEST_STEP][PASSED] - Statement - counter = counter + 1: null

2018-12-04 10:12:10 - [TEST_STEP][PASSED] - Statement - PreSaveFile = new java.io.File(((pathPrefix + java.lang.Integer.toString(counter)) + .png)): null

2018-12-04 10:12:10 - [TEST_STEP][PASSED] - Statement - counter = counter + 1: null

2018-12-04 10:12:10 - [TEST_STEP][PASSED] - Statement - PreSaveFile = new java.io.File(((pathPrefix + java.lang.Integer.toString(counter)) + .png)): null

2018-12-04 10:12:10 - [TEST_STEP][PASSED] - Statement - counter = counter + 1: null

2018-12-04 10:12:10 - [TEST_STEP][PASSED] - Statement - PreSaveFile = new java.io.File(((pathPrefix + java.lang.Integer.toString(counter)) + .png)): null

2018-12-04 10:12:10 - [TEST_STEP][PASSED] - Statement - counter = counter + 1: null

2018-12-04 10:12:10 - [TEST_STEP][PASSED] - Statement - PreSaveFile = new java.io.File(((pathPrefix + java.lang.Integer.toString(counter)) + .png)): null

2018-12-04 10:12:10 - [TEST_STEP][PASSED] - Statement - counter = counter + 1: null

2018-12-04 10:12:11 - [TEST_STEP][PASSED] - Statement - PreSaveFile = new java.io.File(((pathPrefix + java.lang.Integer.toString(counter)) + .png)): null

2018-12-04 10:12:11 - [TEST_STEP][PASSED] - Statement - counter = counter + 1: null

2018-12-04 10:12:11 - [TEST_STEP][PASSED] - Statement - PreSaveFile = new java.io.File(((pathPrefix + java.lang.Integer.toString(counter)) + .png)): null

2018-12-04 10:12:11 - [TEST_STEP][PASSED] - Statement - counter = counter + 1: null

2018-12-04 10:12:11 - [TEST_STEP][PASSED] - Statement - PreSaveFile = new java.io.File(((pathPrefix + java.lang.Integer.toString(counter)) + .png)): null

2018-12-04 10:12:11 - [TEST_STEP][PASSED] - Statement - counter = counter + 1: null

2018-12-04 10:12:11 - [TEST_STEP][PASSED] - Statement - PreSaveFile = new java.io.File(((pathPrefix + java.lang.Integer.toString(counter)) + .png)): null

2018-12-04 10:12:11 - [TEST_STEP][PASSED] - Statement - counter = counter + 1: null

2018-12-04 10:12:11 - [TEST_STEP][PASSED] - Statement - PreSaveFile = new java.io.File(((pathPrefix + java.lang.Integer.toString(counter)) + .png)): null

2018-12-04 10:12:11 - [TEST_STEP][PASSED] - Statement - counter = counter + 1: null

2018-12-04 10:12:12 - [TEST_STEP][PASSED] - Statement - PreSaveFile = new java.io.File(((pathPrefix + java.lang.Integer.toString(counter)) + .png)): null

2018-12-04 10:12:12 - [TEST_STEP][PASSED] - Statement - counter = counter + 1: null

2018-12-04 10:12:12 - [TEST_STEP][PASSED] - Statement - PreSaveFile = new java.io.File(((pathPrefix + java.lang.Integer.toString(counter)) + .png)): null

2018-12-04 10:12:12 - [TEST_STEP][PASSED] - Statement - counter = counter + 1: null

2018-12-04 10:12:12 - [TEST_STEP][PASSED] - Statement - PreSaveFile = new java.io.File(((pathPrefix + java.lang.Integer.toString(counter)) + .png)): null

2018-12-04 10:12:12 - [TEST_STEP][PASSED] - Statement - counter = counter + 1: null

2018-12-04 10:12:12 - [TEST_STEP][PASSED] - Statement - PreSaveFile = new java.io.File(((pathPrefix + java.lang.Integer.toString(counter)) + .png)): null

2018-12-04 10:12:12 - [TEST_STEP][PASSED] - Statement - counter = counter + 1: null

2018-12-04 10:12:12 - [TEST_STEP][PASSED] - Statement - PreSaveFile = new java.io.File(((pathPrefix + java.lang.Integer.toString(counter)) + .png)): null

2018-12-04 10:12:13 - [TEST_STEP][PASSED] - Statement - counter = counter + 1: null

2018-12-04 10:12:13 - [TEST_STEP][PASSED] - Statement - PreSaveFile = new java.io.File(((pathPrefix + java.lang.Integer.toString(counter)) + .png)): null

2018-12-04 10:12:13 - [TEST_STEP][PASSED] - Statement - counter = counter + 1: null

2018-12-04 10:12:13 - [TEST_STEP][PASSED] - Statement - PreSaveFile = new java.io.File(((pathPrefix + java.lang.Integer.toString(counter)) + .png)): null

2018-12-04 10:12:13 - [TEST_STEP][PASSED] - Statement - counter = counter + 1: null

2018-12-04 10:12:13 - [TEST_STEP][PASSED] - Statement - PreSaveFile = new java.io.File(((pathPrefix + java.lang.Integer.toString(counter)) + .png)): null

2018-12-04 10:12:13 - [TEST_STEP][PASSED] - Statement - counter = counter + 1: null

2018-12-04 10:12:13 - [TEST_STEP][PASSED] - Statement - PreSaveFile = new java.io.File(((pathPrefix + java.lang.Integer.toString(counter)) + .png)): null

2018-12-04 10:12:13 - [TEST_STEP][PASSED] - Statement - counter = counter + 1: null

2018-12-04 10:12:14 - [TEST_STEP][PASSED] - Statement - PreSaveFile = new java.io.File(((pathPrefix + java.lang.Integer.toString(counter)) + .png)): null

2018-12-04 10:12:14 - [TEST_STEP][PASSED] - Statement - counter = counter + 1: null

2018-12-04 10:12:14 - [TEST_STEP][PASSED] - Statement - PreSaveFile = new java.io.File(((pathPrefix + java.lang.Integer.toString(counter)) + .png)): null

2018-12-04 10:12:14 - [TEST_STEP][PASSED] - Statement - counter = counter + 1: null

2018-12-04 10:12:14 - [TEST_STEP][PASSED] - Statement - PreSaveFile = new java.io.File(((pathPrefix + java.lang.Integer.toString(counter)) + .png)): null

2018-12-04 10:12:14 - [TEST_STEP][PASSED] - Statement - counter = counter + 1: null

2018-12-04 10:12:14 - [TEST_STEP][PASSED] - Statement - PreSaveFile = new java.io.File(((pathPrefix + java.lang.Integer.toString(counter)) + .png)): null

2018-12-04 10:12:14 - [TEST_STEP][PASSED] - Statement - counter = counter + 1: null

2018-12-04 10:12:14 - [TEST_STEP][PASSED] - Statement - PreSaveFile = new java.io.File(((pathPrefix + java.lang.Integer.toString(counter)) + .png)): null

2018-12-04 10:12:14 - [TEST_STEP][PASSED] - Statement - counter = counter + 1: null

2018-12-04 10:12:15 - [TEST_STEP][PASSED] - Statement - PreSaveFile = new java.io.File(((pathPrefix + java.lang.Integer.toString(counter)) + .png)): null

2018-12-04 10:12:15 - [TEST_STEP][PASSED] - Statement - counter = counter + 1: null

2018-12-04 10:12:15 - [TEST_STEP][PASSED] - Statement - PreSaveFile = new java.io.File(((pathPrefix + java.lang.Integer.toString(counter)) + .png)): null

2018-12-04 10:12:15 - [TEST_STEP][PASSED] - Statement - counter = counter + 1: null

2018-12-04 10:12:15 - [TEST_STEP][PASSED] - Statement - PreSaveFile = new java.io.File(((pathPrefix + java.lang.Integer.toString(counter)) + .png)): null

2018-12-04 10:12:15 - [TEST_STEP][PASSED] - Statement - counter = counter + 1: null

2018-12-04 10:12:15 - [TEST_STEP][PASSED] - Statement - PreSaveFile = new java.io.File(((pathPrefix + java.lang.Integer.toString(counter)) + .png)): null

2018-12-04 10:12:15 - [TEST_STEP][PASSED] - Statement - counter = counter + 1: null

2018-12-04 10:12:15 - [TEST_STEP][PASSED] - Statement - PreSaveFile = new java.io.File(((pathPrefix + java.lang.Integer.toString(counter)) + .png)): null

2018-12-04 10:12:15 - [TEST_STEP][PASSED] - Statement - counter = counter + 1: null

2018-12-04 10:12:17 - [TEST_STEP][PASSED] - Statement - PreSaveFile = new java.io.File(((pathPrefix + java.lang.Integer.toString(counter)) + .png)): null

2018-12-04 10:12:17 - [TEST_STEP][PASSED] - Statement - counter = counter + 1: null

2018-12-04 10:12:17 - [TEST_STEP][PASSED] - Statement - PreSaveFile = new java.io.File(((pathPrefix + java.lang.Integer.toString(counter)) + .png)): null

2018-12-04 10:12:17 - [TEST_STEP][PASSED] - Statement - counter = counter + 1: null

2018-12-04 10:12:17 - [TEST_STEP][PASSED] - Statement - PreSaveFile = new java.io.File(((pathPrefix + java.lang.Integer.toString(counter)) + .png)): null

2018-12-04 10:12:17 - [TEST_STEP][PASSED] - Statement - counter = counter + 1: null

2018-12-04 10:12:17 - [TEST_STEP][PASSED] - Statement - PreSaveFile = new java.io.File(((pathPrefix + java.lang.Integer.toString(counter)) + .png)): null

2018-12-04 10:12:17 - [TEST_STEP][PASSED] - Statement - counter = counter + 1: null

2018-12-04 10:12:17 - [TEST_STEP][PASSED] - Statement - PreSaveFile = new java.io.File(((pathPrefix + java.lang.Integer.toString(counter)) + .png)): null

2018-12-04 10:12:17 - [TEST_STEP][PASSED] - Statement - counter = counter + 1: null

2018-12-04 10:12:18 - [TEST_STEP][PASSED] - Statement - PreSaveFile = new java.io.File(((pathPrefix + java.lang.Integer.toString(counter)) + .png)): null

2018-12-04 10:12:18 - [TEST_STEP][PASSED] - Statement - counter = counter + 1: null

2018-12-04 10:12:18 - [TEST_STEP][PASSED] - Statement - PreSaveFile = new java.io.File(((pathPrefix + java.lang.Integer.toString(counter)) + .png)): null

2018-12-04 10:12:18 - [TEST_STEP][PASSED] - Statement - counter = counter + 1: null

2018-12-04 10:12:18 - [TEST_STEP][PASSED] - Statement - PreSaveFile = new java.io.File(((pathPrefix + java.lang.Integer.toString(counter)) + .png)): null

2018-12-04 10:12:18 - [TEST_STEP][PASSED] - Statement - counter = counter + 1: null

2018-12-04 10:12:18 - [TEST_STEP][PASSED] - Statement - PreSaveFile = new java.io.File(((pathPrefix + java.lang.Integer.toString(counter)) + .png)): null

2018-12-04 10:12:18 - [TEST_STEP][PASSED] - Statement - counter = counter + 1: null

2018-12-04 10:12:18 - [TEST_STEP][PASSED] - Statement - PreSaveFile = new java.io.File(((pathPrefix + java.lang.Integer.toString(counter)) + .png)): null

2018-12-04 10:12:19 - [TEST_STEP][PASSED] - Statement - counter = counter + 1: null

2018-12-04 10:12:19 - [TEST_STEP][PASSED] - Statement - PreSaveFile = new java.io.File(((pathPrefix + java.lang.Integer.toString(counter)) + .png)): null

2018-12-04 10:12:19 - [TEST_STEP][PASSED] - Statement - counter = counter + 1: null

2018-12-04 10:12:19 - [TEST_STEP][PASSED] - Statement - PreSaveFile = new java.io.File(((pathPrefix + java.lang.Integer.toString(counter)) + .png)): null

2018-12-04 10:12:19 - [TEST_STEP][PASSED] - Statement - counter = counter + 1: null

2018-12-04 10:12:19 - [TEST_STEP][PASSED] - Statement - PreSaveFile = new java.io.File(((pathPrefix + java.lang.Integer.toString(counter)) + .png)): null

2018-12-04 10:12:19 - [TEST_STEP][PASSED] - Statement - counter = counter + 1: null

2018-12-04 10:12:19 - [TEST_STEP][PASSED] - Statement - PreSaveFile = new java.io.File(((pathPrefix + java.lang.Integer.toString(counter)) + .png)): null

2018-12-04 10:12:19 - [TEST_STEP][PASSED] - Statement - counter = counter + 1: null

2018-12-04 10:12:20 - [TEST_STEP][PASSED] - Statement - PreSaveFile = new java.io.File(((pathPrefix + java.lang.Integer.toString(counter)) + .png)): null

2018-12-04 10:12:20 - [TEST_STEP][PASSED] - Statement - counter = counter + 1: null

2018-12-04 10:12:20 - [TEST_STEP][PASSED] - Statement - PreSaveFile = new java.io.File(((pathPrefix + java.lang.Integer.toString(counter)) + .png)): null

2018-12-04 10:12:20 - [TEST_STEP][PASSED] - Statement - counter = counter + 1: null

2018-12-04 10:12:20 - [TEST_STEP][PASSED] - Statement - PreSaveFile = new java.io.File(((pathPrefix + java.lang.Integer.toString(counter)) + .png)): null

2018-12-04 10:12:20 - [TEST_STEP][PASSED] - Statement - counter = counter + 1: null

2018-12-04 10:12:20 - [TEST_STEP][PASSED] - Statement - PreSaveFile = new java.io.File(((pathPrefix + java.lang.Integer.toString(counter)) + .png)): null

2018-12-04 10:12:20 - [TEST_STEP][PASSED] - Statement - counter = counter + 1: null

2018-12-04 10:12:20 - [TEST_STEP][PASSED] - Statement - PreSaveFile = new java.io.File(((pathPrefix + java.lang.Integer.toString(counter)) + .png)): null

2018-12-04 10:12:20 - [TEST_STEP][PASSED] - Statement - counter = counter + 1: null

2018-12-04 10:12:21 - [TEST_STEP][PASSED] - Statement - PreSaveFile = new java.io.File(((pathPrefix + java.lang.Integer.toString(counter)) + .png)): null

2018-12-04 10:12:21 - [TEST_STEP][PASSED] - Statement - counter = counter + 1: null

2018-12-04 10:12:21 - [TEST_STEP][PASSED] - Statement - PreSaveFile = new java.io.File(((pathPrefix + java.lang.Integer.toString(counter)) + .png)): null

2018-12-04 10:12:21 - [TEST_STEP][PASSED] - Statement - counter = counter + 1: null

2018-12-04 10:12:21 - [TEST_STEP][PASSED] - Statement - PreSaveFile = new java.io.File(((pathPrefix + java.lang.Integer.toString(counter)) + .png)): null

2018-12-04 10:12:21 - [TEST_STEP][PASSED] - Statement - counter = counter + 1: null

2018-12-04 10:12:21 - [TEST_STEP][PASSED] - Statement - PreSaveFile = new java.io.File(((pathPrefix + java.lang.Integer.toString(counter)) + .png)): null

2018-12-04 10:12:21 - [TEST_STEP][PASSED] - Statement - counter = counter + 1: null

2018-12-04 10:12:21 - [TEST_STEP][PASSED] - Statement - PreSaveFile = new java.io.File(((pathPrefix + java.lang.Integer.toString(counter)) + .png)): null

2018-12-04 10:12:21 - [TEST_STEP][PASSED] - Statement - counter = counter + 1: null

2018-12-04 10:12:22 - [TEST_STEP][PASSED] - Statement - PreSaveFile = new java.io.File(((pathPrefix + java.lang.Integer.toString(counter)) + .png)): null

2018-12-04 10:12:22 - [TEST_STEP][PASSED] - Statement - counter = counter + 1: null

2018-12-04 10:12:22 - [TEST_STEP][PASSED] - Statement - PreSaveFile = new java.io.File(((pathPrefix + java.lang.Integer.toString(counter)) + .png)): null

2018-12-04 10:12:22 - [TEST_STEP][PASSED] - Statement - counter = counter + 1: null

2018-12-04 10:12:22 - [TEST_STEP][PASSED] - Statement - PreSaveFile = new java.io.File(((pathPrefix + java.lang.Integer.toString(counter)) + .png)): null

2018-12-04 10:12:22 - [TEST_STEP][PASSED] - Statement - counter = counter + 1: null

2018-12-04 10:12:22 - [TEST_STEP][PASSED] - Statement - PreSaveFile = new java.io.File(((pathPrefix + java.lang.Integer.toString(counter)) + .png)): null

2018-12-04 10:12:22 - [TEST_STEP][PASSED] - Statement - counter = counter + 1: null

2018-12-04 10:12:22 - [TEST_STEP][PASSED] - Statement - PreSaveFile = new java.io.File(((pathPrefix + java.lang.Integer.toString(counter)) + .png)): null

2018-12-04 10:12:23 - [TEST_STEP][PASSED] - Statement - counter = counter + 1: null

2018-12-04 10:12:23 - [TEST_STEP][PASSED] - Statement - PreSaveFile = new java.io.File(((pathPrefix + java.lang.Integer.toString(counter)) + .png)): null

2018-12-04 10:12:23 - [TEST_STEP][PASSED] - Statement - counter = counter + 1: null

2018-12-04 10:12:23 - [TEST_STEP][PASSED] - Statement - PreSaveFile = new java.io.File(((pathPrefix + java.lang.Integer.toString(counter)) + .png)): null

2018-12-04 10:12:23 - [TEST_STEP][PASSED] - Statement - counter = counter + 1: null

2018-12-04 10:12:23 - [TEST_STEP][PASSED] - Statement - PreSaveFile = new java.io.File(((pathPrefix + java.lang.Integer.toString(counter)) + .png)): null

2018-12-04 10:12:23 - [TEST_STEP][PASSED] - Statement - counter = counter + 1: null

2018-12-04 10:12:23 - [TEST_STEP][PASSED] - Statement - PreSaveFile = new java.io.File(((pathPrefix + java.lang.Integer.toString(counter)) + .png)): null

2018-12-04 10:12:23 - [TEST_STEP][PASSED] - Statement - counter = counter + 1: null

2018-12-04 10:12:23 - [TEST_STEP][PASSED] - Statement - PreSaveFile = new java.io.File(((pathPrefix + java.lang.Integer.toString(counter)) + .png)): null

2018-12-04 10:12:24 - [TEST_STEP][PASSED] - Statement - counter = counter + 1: null

2018-12-04 10:12:24 - [TEST_STEP][PASSED] - Statement - PreSaveFile = new java.io.File(((pathPrefix + java.lang.Integer.toString(counter)) + .png)): null

2018-12-04 10:12:24 - [TEST_STEP][PASSED] - Statement - counter = counter + 1: null

2018-12-04 10:12:24 - [TEST_STEP][PASSED] - Statement - PreSaveFile = new java.io.File(((pathPrefix + java.lang.Integer.toString(counter)) + .png)): null

2018-12-04 10:12:24 - [TEST_STEP][PASSED] - Statement - counter = counter + 1: null

2018-12-04 10:12:24 - [TEST_STEP][PASSED] - Statement - PreSaveFile = new java.io.File(((pathPrefix + java.lang.Integer.toString(counter)) + .png)): null

2018-12-04 10:12:24 - [TEST_STEP][PASSED] - Statement - counter = counter + 1: null

2018-12-04 10:12:24 - [TEST_STEP][PASSED] - Statement - PreSaveFile = new java.io.File(((pathPrefix + java.lang.Integer.toString(counter)) + .png)): null

2018-12-04 10:12:24 - [TEST_STEP][PASSED] - Statement - counter = counter + 1: null

2018-12-04 10:12:26 - [TEST_STEP][PASSED] - Statement - PreSaveFile = new java.io.File(((pathPrefix + java.lang.Integer.toString(counter)) + .png)): null

2018-12-04 10:12:26 - [TEST_STEP][PASSED] - Statement - counter = counter + 1: null

2018-12-04 10:12:26 - [TEST_STEP][PASSED] - Statement - PreSaveFile = new java.io.File(((pathPrefix + java.lang.Integer.toString(counter)) + .png)): null

2018-12-04 10:12:26 - [TEST_STEP][PASSED] - Statement - counter = counter + 1: null

2018-12-04 10:12:26 - [TEST_STEP][PASSED] - Statement - PreSaveFile = new java.io.File(((pathPrefix + java.lang.Integer.toString(counter)) + .png)): null

2018-12-04 10:12:26 - [TEST_STEP][PASSED] - Statement - counter = counter + 1: null

2018-12-04 10:12:26 - [TEST_STEP][PASSED] - Statement - PreSaveFile = new java.io.File(((pathPrefix + java.lang.Integer.toString(counter)) + .png)): null

2018-12-04 10:12:26 - [TEST_STEP][PASSED] - Statement - counter = counter + 1: null

2018-12-04 10:12:26 - [TEST_STEP][PASSED] - Statement - PreSaveFile = new java.io.File(((pathPrefix + java.lang.Integer.toString(counter)) + .png)): null

2018-12-04 10:12:26 - [TEST_STEP][PASSED] - Statement - counter = counter + 1: null

2018-12-04 10:12:26 - [TEST_STEP][PASSED] - Statement - PreSaveFile = new java.io.File(((pathPrefix + java.lang.Integer.toString(counter)) + .png)): null

2018-12-04 10:12:26 - [TEST_STEP][PASSED] - Statement - counter = counter + 1: null

2018-12-04 10:12:26 - [TEST_STEP][PASSED] - Statement - PreSaveFile = new java.io.File(((pathPrefix + java.lang.Integer.toString(counter)) + .png)): null

2018-12-04 10:12:26 - [TEST_STEP][PASSED] - Statement - counter = counter + 1: null

2018-12-04 10:12:26 - [TEST_STEP][PASSED] - Statement - PreSaveFile = new java.io.File(((pathPrefix + java.lang.Integer.toString(counter)) + .png)): null

2018-12-04 10:12:26 - [TEST_STEP][PASSED] - Statement - counter = counter + 1: null

2018-12-04 10:12:26 - [TEST_STEP][PASSED] - Statement - PreSaveFile = new java.io.File(((pathPrefix + java.lang.Integer.toString(counter)) + .png)): null

2018-12-04 10:12:26 - [TEST_STEP][PASSED] - Statement - counter = counter + 1: null

2018-12-04 10:12:26 - [TEST_STEP][PASSED] - Statement - PreSaveFile = new java.io.File(((pathPrefix + java.lang.Integer.toString(counter)) + .png)): null

2018-12-04 10:12:26 - [TEST_STEP][PASSED] - Statement - counter = counter + 1: null

2018-12-04 10:12:28 - [TEST_STEP][PASSED] - Statement - PreSaveFile = new java.io.File(((pathPrefix + java.lang.Integer.toString(counter)) + .png)): null

2018-12-04 10:12:28 - [TEST_STEP][PASSED] - Statement - counter = counter + 1: null

2018-12-04 10:12:28 - [TEST_STEP][PASSED] - Statement - PreSaveFile = new java.io.File(((pathPrefix + java.lang.Integer.toString(counter)) + .png)): null

2018-12-04 10:12:28 - [TEST_STEP][PASSED] - Statement - counter = counter + 1: null

2018-12-04 10:12:28 - [TEST_STEP][PASSED] - Statement - PreSaveFile = new java.io.File(((pathPrefix + java.lang.Integer.toString(counter)) + .png)): null

2018-12-04 10:12:28 - [TEST_STEP][PASSED] - Statement - counter = counter + 1: null

2018-12-04 10:12:28 - [TEST_STEP][PASSED] - Statement - PreSaveFile = new java.io.File(((pathPrefix + java.lang.Integer.toString(counter)) + .png)): null

2018-12-04 10:12:28 - [TEST_STEP][PASSED] - Statement - counter = counter + 1: null

2018-12-04 10:12:28 - [TEST_STEP][PASSED] - Statement - PreSaveFile = new java.io.File(((pathPrefix + java.lang.Integer.toString(counter)) + .png)): null

2018-12-04 10:12:29 - [TEST_STEP][PASSED] - Statement - counter = counter + 1: null

2018-12-04 10:12:29 - [TEST_STEP][PASSED] - Statement - PreSaveFile = new java.io.File(((pathPrefix + java.lang.Integer.toString(counter)) + .png)): null

2018-12-04 10:12:29 - [TEST_STEP][PASSED] - Statement - counter = counter + 1: null

2018-12-04 10:12:29 - [TEST_STEP][PASSED] - Statement - PreSaveFile = new java.io.File(((pathPrefix + java.lang.Integer.toString(counter)) + .png)): null

2018-12-04 10:12:29 - [TEST_STEP][PASSED] - Statement - counter = counter + 1: null

2018-12-04 10:12:29 - [TEST_STEP][PASSED] - Statement - PreSaveFile = new java.io.File(((pathPrefix + java.lang.Integer.toString(counter)) + .png)): null

2018-12-04 10:12:29 - [TEST_STEP][PASSED] - Statement - counter = counter + 1: null

2018-12-04 10:12:29 - [TEST_STEP][PASSED] - Statement - PreSaveFile = new java.io.File(((pathPrefix + java.lang.Integer.toString(counter)) + .png)): null

2018-12-04 10:12:29 - [TEST_STEP][PASSED] - Statement - counter = counter + 1: null

2018-12-04 10:12:31 - [TEST_STEP][PASSED] - Statement - PreSaveFile = new java.io.File(((pathPrefix + java.lang.Integer.toString(counter)) + .png)): null

2018-12-04 10:12:31 - [TEST_STEP][PASSED] - Statement - counter = counter + 1: null

2018-12-04 10:12:31 - [TEST_STEP][PASSED] - Statement - PreSaveFile = new java.io.File(((pathPrefix + java.lang.Integer.toString(counter)) + .png)): null

2018-12-04 10:12:31 - [TEST_STEP][PASSED] - Statement - counter = counter + 1: null

2018-12-04 10:12:31 - [TEST_STEP][PASSED] - Statement - PreSaveFile = new java.io.File(((pathPrefix + java.lang.Integer.toString(counter)) + .png)): null

2018-12-04 10:12:31 - [TEST_STEP][PASSED] - Statement - counter = counter + 1: null

2018-12-04 10:12:31 - [TEST_STEP][PASSED] - Statement - PreSaveFile = new java.io.File(((pathPrefix + java.lang.Integer.toString(counter)) + .png)): null

2018-12-04 10:12:31 - [TEST_STEP][PASSED] - Statement - counter = counter + 1: null

2018-12-04 10:12:31 - [TEST_STEP][PASSED] - Statement - PreSaveFile = new java.io.File(((pathPrefix + java.lang.Integer.toString(counter)) + .png)): null

2018-12-04 10:12:31 - [TEST_STEP][PASSED] - Statement - counter = counter + 1: null

2018-12-04 10:12:32 - [TEST_STEP][PASSED] - Statement - PreSaveFile = new java.io.File(((pathPrefix + java.lang.Integer.toString(counter)) + .png)): null

2018-12-04 10:12:32 - [TEST_STEP][PASSED] - Statement - counter = counter + 1: null

2018-12-04 10:12:32 - [TEST_STEP][PASSED] - Statement - PreSaveFile = new java.io.File(((pathPrefix + java.lang.Integer.toString(counter)) + .png)): null

2018-12-04 10:12:32 - [TEST_STEP][PASSED] - Statement - counter = counter + 1: null

2018-12-04 10:12:32 - [TEST_STEP][PASSED] - Statement - PreSaveFile = new java.io.File(((pathPrefix + java.lang.Integer.toString(counter)) + .png)): null

2018-12-04 10:12:32 - [TEST_STEP][PASSED] - Statement - counter = counter + 1: null

2018-12-04 10:12:32 - [TEST_STEP][PASSED] - Statement - PreSaveFile = new java.io.File(((pathPrefix + java.lang.Integer.toString(counter)) + .png)): null

2018-12-04 10:12:32 - [TEST_STEP][PASSED] - Statement - counter = counter + 1: null

2018-12-04 10:12:32 - [TEST_STEP][PASSED] - Statement - PreSaveFile = new java.io.File(((pathPrefix + java.lang.Integer.toString(counter)) + .png)): null

2018-12-04 10:12:32 - [TEST_STEP][PASSED] - Statement - counter = counter + 1: null

2018-12-04 10:12:34 - [TEST_STEP][PASSED] - Statement - PreSaveFile = new java.io.File(((pathPrefix + java.lang.Integer.toString(counter)) + .png)): null

2018-12-04 10:12:34 - [TEST_STEP][PASSED] - Statement - counter = counter + 1: null

2018-12-04 10:12:34 - [TEST_STEP][PASSED] - Statement - PreSaveFile = new java.io.File(((pathPrefix + java.lang.Integer.toString(counter)) + .png)): null

2018-12-04 10:12:34 - [TEST_STEP][PASSED] - Statement - counter = counter + 1: null

2018-12-04 10:12:34 - [TEST_STEP][PASSED] - Statement - PreSaveFile = new java.io.File(((pathPrefix + java.lang.Integer.toString(counter)) + .png)): null

2018-12-04 10:12:34 - [TEST_STEP][PASSED] - Statement - counter = counter + 1: null

2018-12-04 10:12:34 - [TEST_STEP][PASSED] - Statement - PreSaveFile = new java.io.File(((pathPrefix + java.lang.Integer.toString(counter)) + .png)): null

2018-12-04 10:12:34 - [TEST_STEP][PASSED] - Statement - counter = counter + 1: null

2018-12-04 10:12:34 - [TEST_STEP][PASSED] - Statement - PreSaveFile = new java.io.File(((pathPrefix + java.lang.Integer.toString(counter)) + .png)): null

2018-12-04 10:12:34 - [TEST_STEP][PASSED] - Statement - counter = counter + 1: null

2018-12-04 10:12:35 - [TEST_STEP][PASSED] - Statement - PreSaveFile = new java.io.File(((pathPrefix + java.lang.Integer.toString(counter)) + .png)): null

2018-12-04 10:12:35 - [TEST_STEP][PASSED] - Statement - counter = counter + 1: null

2018-12-04 10:12:35 - [TEST_STEP][PASSED] - Statement - PreSaveFile = new java.io.File(((pathPrefix + java.lang.Integer.toString(counter)) + .png)): null

2018-12-04 10:12:35 - [TEST_STEP][PASSED] - Statement - counter = counter + 1: null

2018-12-04 10:12:35 - [TEST_STEP][PASSED] - Statement - PreSaveFile = new java.io.File(((pathPrefix + java.lang.Integer.toString(counter)) + .png)): null

2018-12-04 10:12:35 - [TEST_STEP][PASSED] - Statement - counter = counter + 1: null

2018-12-04 10:12:35 - [TEST_STEP][PASSED] - Statement - PreSaveFile = new java.io.File(((pathPrefix + java.lang.Integer.toString(counter)) + .png)): null

2018-12-04 10:12:35 - [TEST_STEP][PASSED] - Statement - counter = counter + 1: null

2018-12-04 10:12:35 - [TEST_STEP][PASSED] - Statement - PreSaveFile = new java.io.File(((pathPrefix + java.lang.Integer.toString(counter)) + .png)): null

2018-12-04 10:12:36 - [TEST_STEP][PASSED] - Statement - counter = counter + 1: null

2018-12-04 10:12:36 - [TEST_STEP][PASSED] - Statement - PreSaveFile = new java.io.File(((pathPrefix + java.lang.Integer.toString(counter)) + .png)): null

2018-12-04 10:12:36 - [TEST_STEP][PASSED] - Statement - counter = counter + 1: null

2018-12-04 10:12:36 - [TEST_STEP][PASSED] - Statement - PreSaveFile = new java.io.File(((pathPrefix + java.lang.Integer.toString(counter)) + .png)): null

2018-12-04 10:12:36 - [TEST_STEP][PASSED] - Statement - counter = counter + 1: null

2018-12-04 10:12:36 - [TEST_STEP][PASSED] - Statement - PreSaveFile = new java.io.File(((pathPrefix + java.lang.Integer.toString(counter)) + .png)): null

2018-12-04 10:12:36 - [TEST_STEP][PASSED] - Statement - counter = counter + 1: null

2018-12-04 10:12:36 - [TEST_STEP][PASSED] - Statement - PreSaveFile = new java.io.File(((pathPrefix + java.lang.Integer.toString(counter)) + .png)): null

2018-12-04 10:12:36 - [TEST_STEP][PASSED] - Statement - counter = counter + 1: null

2018-12-04 10:12:37 - [TEST_STEP][PASSED] - Statement - PreSaveFile = new java.io.File(((pathPrefix + java.lang.Integer.toString(counter)) + .png)): null

2018-12-04 10:12:37 - [TEST_STEP][PASSED] - Statement - counter = counter + 1: null

2018-12-04 10:12:37 - [TEST_STEP][PASSED] - Statement - PreSaveFile = new java.io.File(((pathPrefix + java.lang.Integer.toString(counter)) + .png)): null

2018-12-04 10:12:37 - [TEST_STEP][PASSED] - Statement - counter = counter + 1: null

2018-12-04 10:12:37 - [TEST_STEP][PASSED] - Statement - PreSaveFile = new java.io.File(((pathPrefix + java.lang.Integer.toString(counter)) + .png)): null

2018-12-04 10:12:37 - [TEST_STEP][PASSED] - Statement - counter = counter + 1: null

2018-12-04 10:12:37 - [TEST_STEP][PASSED] - Statement - PreSaveFile = new java.io.File(((pathPrefix + java.lang.Integer.toString(counter)) + .png)): null

2018-12-04 10:12:37 - [TEST_STEP][PASSED] - Statement - counter = counter + 1: null

2018-12-04 10:12:37 - [TEST_STEP][PASSED] - Statement - PreSaveFile = new java.io.File(((pathPrefix + java.lang.Integer.toString(counter)) + .png)): null

2018-12-04 10:12:37 - [TEST_STEP][PASSED] - Statement - counter = counter + 1: null

2018-12-04 10:12:39 - [TEST_STEP][PASSED] - Statement - PreSaveFile = new java.io.File(((pathPrefix + java.lang.Integer.toString(counter)) + .png)): null

2018-12-04 10:12:39 - [TEST_STEP][PASSED] - Statement - counter = counter + 1: null

2018-12-04 10:12:39 - [TEST_STEP][PASSED] - Statement - PreSaveFile = new java.io.File(((pathPrefix + java.lang.Integer.toString(counter)) + .png)): null

2018-12-04 10:12:39 - [TEST_STEP][PASSED] - Statement - counter = counter + 1: null

2018-12-04 10:12:39 - [TEST_STEP][PASSED] - Statement - PreSaveFile = new java.io.File(((pathPrefix + java.lang.Integer.toString(counter)) + .png)): null

2018-12-04 10:12:39 - [TEST_STEP][PASSED] - Statement - counter = counter + 1: null

2018-12-04 10:12:39 - [TEST_STEP][PASSED] - Statement - PreSaveFile = new java.io.File(((pathPrefix + java.lang.Integer.toString(counter)) + .png)): null

2018-12-04 10:12:39 - [TEST_STEP][PASSED] - Statement - counter = counter + 1: null

2018-12-04 10:12:39 - [TEST_STEP][PASSED] - Statement - PreSaveFile = new java.io.File(((pathPrefix + java.lang.Integer.toString(counter)) + .png)): null

2018-12-04 10:12:39 - [TEST_STEP][PASSED] - Statement - counter = counter + 1: null

2018-12-04 10:12:40 - [TEST_STEP][PASSED] - Statement - PreSaveFile = new java.io.File(((pathPrefix + java.lang.Integer.toString(counter)) + .png)): null

2018-12-04 10:12:40 - [TEST_STEP][PASSED] - Statement - counter = counter + 1: null

2018-12-04 10:12:40 - [TEST_STEP][PASSED] - Statement - PreSaveFile = new java.io.File(((pathPrefix + java.lang.Integer.toString(counter)) + .png)): null

2018-12-04 10:12:40 - [TEST_STEP][PASSED] - Statement - counter = counter + 1: null

2018-12-04 10:12:40 - [TEST_STEP][PASSED] - Statement - PreSaveFile = new java.io.File(((pathPrefix + java.lang.Integer.toString(counter)) + .png)): null

2018-12-04 10:12:40 - [TEST_STEP][PASSED] - Statement - counter = counter + 1: null

2018-12-04 10:12:40 - [TEST_STEP][PASSED] - Statement - PreSaveFile = new java.io.File(((pathPrefix + java.lang.Integer.toString(counter)) + .png)): null

2018-12-04 10:12:40 - [TEST_STEP][PASSED] - Statement - counter = counter + 1: null

2018-12-04 10:12:40 - [TEST_STEP][PASSED] - Statement - PreSaveFile = new java.io.File(((pathPrefix + java.lang.Integer.toString(counter)) + .png)): null

2018-12-04 10:12:41 - [TEST_STEP][PASSED] - Statement - counter = counter + 1: null

2018-12-04 10:12:41 - [TEST_STEP][PASSED] - Statement - PreSaveFile = new java.io.File(((pathPrefix + java.lang.Integer.toString(counter)) + .png)): null

2018-12-04 10:12:41 - [TEST_STEP][PASSED] - Statement - counter = counter + 1: null

2018-12-04 10:12:41 - [TEST_STEP][PASSED] - Statement - PreSaveFile = new java.io.File(((pathPrefix + java.lang.Integer.toString(counter)) + .png)): null

2018-12-04 10:12:41 - [TEST_STEP][PASSED] - Statement - counter = counter + 1: null

2018-12-04 10:12:41 - [TEST_STEP][PASSED] - Statement - PreSaveFile = new java.io.File(((pathPrefix + java.lang.Integer.toString(counter)) + .png)): null

2018-12-04 10:12:41 - [TEST_STEP][PASSED] - Statement - counter = counter + 1: null

2018-12-04 10:12:41 - [TEST_STEP][PASSED] - Statement - PreSaveFile = new java.io.File(((pathPrefix + java.lang.Integer.toString(counter)) + .png)): null

2018-12-04 10:12:41 - [TEST_STEP][PASSED] - Statement - counter = counter + 1: null

2018-12-04 10:12:41 - [TEST_STEP][PASSED] - Statement - PreSaveFile = new java.io.File(((pathPrefix + java.lang.Integer.toString(counter)) + .png)): null

2018-12-04 10:12:42 - [TEST_STEP][PASSED] - Statement - counter = counter + 1: null

2018-12-04 10:12:42 - [TEST_STEP][PASSED] - Statement - PreSaveFile = new java.io.File(((pathPrefix + java.lang.Integer.toString(counter)) + .png)): null

2018-12-04 10:12:42 - [TEST_STEP][PASSED] - Statement - counter = counter + 1: null

2018-12-04 10:12:42 - [TEST_STEP][PASSED] - Statement - PreSaveFile = new java.io.File(((pathPrefix + java.lang.Integer.toString(counter)) + .png)): null

2018-12-04 10:12:42 - [TEST_STEP][PASSED] - Statement - counter = counter + 1: null

2018-12-04 10:12:42 - [TEST_STEP][PASSED] - Statement - PreSaveFile = new java.io.File(((pathPrefix + java.lang.Integer.toString(counter)) + .png)): null

2018-12-04 10:12:42 - [TEST_STEP][PASSED] - Statement - counter = counter + 1: null

2018-12-04 10:12:42 - [TEST_STEP][PASSED] - Statement - PreSaveFile = new java.io.File(((pathPrefix + java.lang.Integer.toString(counter)) + .png)): null

2018-12-04 10:12:42 - [TEST_STEP][PASSED] - Statement - counter = counter + 1: null

2018-12-04 10:12:44 - [TEST_STEP][PASSED] - Statement - PreSaveFile = new java.io.File(((pathPrefix + java.lang.Integer.toString(counter)) + .png)): null

2018-12-04 10:12:44 - [TEST_STEP][PASSED] - Statement - counter = counter + 1: null

2018-12-04 10:12:44 - [TEST_STEP][PASSED] - Statement - PreSaveFile = new java.io.File(((pathPrefix + java.lang.Integer.toString(counter)) + .png)): null

2018-12-04 10:12:44 - [TEST_STEP][PASSED] - Statement - counter = counter + 1: null

2018-12-04 10:12:44 - [TEST_STEP][PASSED] - Statement - PreSaveFile = new java.io.File(((pathPrefix + java.lang.Integer.toString(counter)) + .png)): null

2018-12-04 10:12:44 - [TEST_STEP][PASSED] - Statement - counter = counter + 1: null

2018-12-04 10:12:44 - [TEST_STEP][PASSED] - Statement - PreSaveFile = new java.io.File(((pathPrefix + java.lang.Integer.toString(counter)) + .png)): null

2018-12-04 10:12:44 - [TEST_STEP][PASSED] - Statement - counter = counter + 1: null

2018-12-04 10:12:44 - [TEST_STEP][PASSED] - Statement - PreSaveFile = new java.io.File(((pathPrefix + java.lang.Integer.toString(counter)) + .png)): null

2018-12-04 10:12:44 - [TEST_STEP][PASSED] - Statement - counter = counter + 1: null

2018-12-04 10:12:45 - [TEST_STEP][PASSED] - Statement - PreSaveFile = new java.io.File(((pathPrefix + java.lang.Integer.toString(counter)) + .png)): null

2018-12-04 10:12:45 - [TEST_STEP][PASSED] - Statement - counter = counter + 1: null

2018-12-04 10:12:45 - [TEST_STEP][PASSED] - Statement - PreSaveFile = new java.io.File(((pathPrefix + java.lang.Integer.toString(counter)) + .png)): null

2018-12-04 10:12:45 - [TEST_STEP][PASSED] - Statement - counter = counter + 1: null

2018-12-04 10:12:45 - [TEST_STEP][PASSED] - Statement - PreSaveFile = new java.io.File(((pathPrefix + java.lang.Integer.toString(counter)) + .png)): null

2018-12-04 10:12:45 - [TEST_STEP][PASSED] - Statement - counter = counter + 1: null

2018-12-04 10:12:45 - [TEST_STEP][PASSED] - Statement - PreSaveFile = new java.io.File(((pathPrefix + java.lang.Integer.toString(counter)) + .png)): null

2018-12-04 10:12:45 - [TEST_STEP][PASSED] - Statement - counter = counter + 1: null

2018-12-04 10:12:45 - [TEST_STEP][PASSED] - Statement - PreSaveFile = new java.io.File(((pathPrefix + java.lang.Integer.toString(counter)) + .png)): null

2018-12-04 10:12:45 - [TEST_STEP][PASSED] - Statement - counter = counter + 1: null

2018-12-04 10:12:47 - [TEST_STEP][PASSED] - Statement - PreSaveFile = new java.io.File(((pathPrefix + java.lang.Integer.toString(counter)) + .png)): null

2018-12-04 10:12:47 - [TEST_STEP][PASSED] - Statement - counter = counter + 1: null

2018-12-04 10:12:47 - [TEST_STEP][PASSED] - Statement - PreSaveFile = new java.io.File(((pathPrefix + java.lang.Integer.toString(counter)) + .png)): null

2018-12-04 10:12:47 - [TEST_STEP][PASSED] - Statement - counter = counter + 1: null

2018-12-04 10:12:47 - [TEST_STEP][PASSED] - Statement - PreSaveFile = new java.io.File(((pathPrefix + java.lang.Integer.toString(counter)) + .png)): null

2018-12-04 10:12:47 - [TEST_STEP][PASSED] - Statement - counter = counter + 1: null

2018-12-04 10:12:47 - [TEST_STEP][PASSED] - Statement - PreSaveFile = new java.io.File(((pathPrefix + java.lang.Integer.toString(counter)) + .png)): null

2018-12-04 10:12:47 - [TEST_STEP][PASSED] - Statement - counter = counter + 1: null

2018-12-04 10:12:47 - [TEST_STEP][PASSED] - Statement - PreSaveFile = new java.io.File(((pathPrefix + java.lang.Integer.toString(counter)) + .png)): null

2018-12-04 10:12:48 - [TEST_STEP][PASSED] - Statement - counter = counter + 1: null

2018-12-04 10:12:48 - [TEST_STEP][PASSED] - Statement - PreSaveFile = new java.io.File(((pathPrefix + java.lang.Integer.toString(counter)) + .png)): null

2018-12-04 10:12:48 - [TEST_STEP][PASSED] - Statement - counter = counter + 1: null

2018-12-04 10:12:48 - [TEST_STEP][PASSED] - Statement - PreSaveFile = new java.io.File(((pathPrefix + java.lang.Integer.toString(counter)) + .png)): null

2018-12-04 10:12:48 - [TEST_STEP][PASSED] - Statement - counter = counter + 1: null

2018-12-04 10:12:48 - [TEST_STEP][PASSED] - Statement - PreSaveFile = new java.io.File(((pathPrefix + java.lang.Integer.toString(counter)) + .png)): null

2018-12-04 10:12:48 - [TEST_STEP][PASSED] - Statement - counter = counter + 1: null

2018-12-04 10:12:48 - [TEST_STEP][PASSED] - Statement - PreSaveFile = new java.io.File(((pathPrefix + java.lang.Integer.toString(counter)) + .png)): null

2018-12-04 10:12:48 - [TEST_STEP][PASSED] - Statement - counter = counter + 1: null

2018-12-04 10:12:49 - [TEST_STEP][PASSED] - Statement - PreSaveFile = new java.io.File(((pathPrefix + java.lang.Integer.toString(counter)) + .png)): null

2018-12-04 10:12:49 - [TEST_STEP][PASSED] - Statement - counter = counter + 1: null

2018-12-04 10:12:49 - [TEST_STEP][PASSED] - Statement - PreSaveFile = new java.io.File(((pathPrefix + java.lang.Integer.toString(counter)) + .png)): null

2018-12-04 10:12:49 - [TEST_STEP][PASSED] - Statement - counter = counter + 1: null

2018-12-04 10:12:49 - [TEST_STEP][PASSED] - Statement - PreSaveFile = new java.io.File(((pathPrefix + java.lang.Integer.toString(counter)) + .png)): null

2018-12-04 10:12:49 - [TEST_STEP][PASSED] - Statement - counter = counter + 1: null

2018-12-04 10:12:49 - [TEST_STEP][PASSED] - Statement - PreSaveFile = new java.io.File(((pathPrefix + java.lang.Integer.toString(counter)) + .png)): null

2018-12-04 10:12:49 - [TEST_STEP][PASSED] - Statement - counter = counter + 1: null

2018-12-04 10:12:49 - [TEST_STEP][PASSED] - Statement - PreSaveFile = new java.io.File(((pathPrefix + java.lang.Integer.toString(counter)) + .png)): null

2018-12-04 10:12:49 - [TEST_STEP][PASSED] - Statement - counter = counter + 1: null

2018-12-04 10:12:50 - [TEST_STEP][PASSED] - Statement - PreSaveFile = new java.io.File(((pathPrefix + java.lang.Integer.toString(counter)) + .png)): null

2018-12-04 10:12:50 - [TEST_STEP][PASSED] - Statement - counter = counter + 1: null

2018-12-04 10:12:50 - [TEST_STEP][PASSED] - Statement - PreSaveFile = new java.io.File(((pathPrefix + java.lang.Integer.toString(counter)) + .png)): null

2018-12-04 10:12:50 - [TEST_STEP][PASSED] - Statement - counter = counter + 1: null

2018-12-04 10:12:50 - [TEST_STEP][PASSED] - Statement - PreSaveFile = new java.io.File(((pathPrefix + java.lang.Integer.toString(counter)) + .png)): null

2018-12-04 10:12:50 - [TEST_STEP][PASSED] - Statement - counter = counter + 1: null

2018-12-04 10:12:50 - [TEST_STEP][PASSED] - Statement - PreSaveFile = new java.io.File(((pathPrefix + java.lang.Integer.toString(counter)) + .png)): null

2018-12-04 10:12:50 - [TEST_STEP][PASSED] - Statement - counter = counter + 1: null

2018-12-04 10:12:50 - [TEST_STEP][PASSED] - Statement - PreSaveFile = new java.io.File(((pathPrefix + java.lang.Integer.toString(counter)) + .png)): null

2018-12-04 10:12:50 - [TEST_STEP][PASSED] - Statement - counter = counter + 1: null

2018-12-04 10:12:52 - [TEST_STEP][PASSED] - Statement - PreSaveFile = new java.io.File(((pathPrefix + java.lang.Integer.toString(counter)) + .png)): null

2018-12-04 10:12:52 - [TEST_STEP][PASSED] - Statement - counter = counter + 1: null

2018-12-04 10:12:52 - [TEST_STEP][PASSED] - Statement - PreSaveFile = new java.io.File(((pathPrefix + java.lang.Integer.toString(counter)) + .png)): null

2018-12-04 10:12:52 - [TEST_STEP][PASSED] - Statement - counter = counter + 1: null

2018-12-04 10:12:52 - [TEST_STEP][PASSED] - Statement - PreSaveFile = new java.io.File(((pathPrefix + java.lang.Integer.toString(counter)) + .png)): null

2018-12-04 10:12:52 - [TEST_STEP][PASSED] - Statement - counter = counter + 1: null

2018-12-04 10:12:52 - [TEST_STEP][PASSED] - Statement - PreSaveFile = new java.io.File(((pathPrefix + java.lang.Integer.toString(counter)) + .png)): null

2018-12-04 10:12:52 - [TEST_STEP][PASSED] - Statement - counter = counter + 1: null

2018-12-04 10:12:52 - [TEST_STEP][PASSED] - Statement - PreSaveFile = new java.io.File(((pathPrefix + java.lang.Integer.toString(counter)) + .png)): null

2018-12-04 10:12:52 - [TEST_STEP][PASSED] - Statement - counter = counter + 1: null

2018-12-04 10:12:54 - [TEST_STEP][PASSED] - Statement - PreSaveFile = new java.io.File(((pathPrefix + java.lang.Integer.toString(counter)) + .png)): null

2018-12-04 10:12:54 - [TEST_STEP][PASSED] - Statement - counter = counter + 1: null

2018-12-04 10:12:54 - [TEST_STEP][PASSED] - Statement - PreSaveFile = new java.io.File(((pathPrefix + java.lang.Integer.toString(counter)) + .png)): null

2018-12-04 10:12:54 - [TEST_STEP][PASSED] - Statement - counter = counter + 1: null

2018-12-04 10:12:54 - [TEST_STEP][PASSED] - Statement - PreSaveFile = new java.io.File(((pathPrefix + java.lang.Integer.toString(counter)) + .png)): null

2018-12-04 10:12:54 - [TEST_STEP][PASSED] - Statement - counter = counter + 1: null

2018-12-04 10:12:54 - [TEST_STEP][PASSED] - Statement - PreSaveFile = new java.io.File(((pathPrefix + java.lang.Integer.toString(counter)) + .png)): null

2018-12-04 10:12:54 - [TEST_STEP][PASSED] - Statement - counter = counter + 1: null

2018-12-04 10:12:54 - [TEST_STEP][PASSED] - Statement - PreSaveFile = new java.io.File(((pathPrefix + java.lang.Integer.toString(counter)) + .png)): null

2018-12-04 10:12:55 - [TEST_STEP][PASSED] - Statement - counter = counter + 1: null

2018-12-04 10:12:55 - [TEST_STEP][PASSED] - Statement - PreSaveFile = new java.io.File(((pathPrefix + java.lang.Integer.toString(counter)) + .png)): null

2018-12-04 10:12:55 - [TEST_STEP][PASSED] - Statement - counter = counter + 1: null

2018-12-04 10:12:55 - [TEST_STEP][PASSED] - Statement - PreSaveFile = new java.io.File(((pathPrefix + java.lang.Integer.toString(counter)) + .png)): null

2018-12-04 10:12:55 - [TEST_STEP][PASSED] - Statement - counter = counter + 1: null

2018-12-04 10:12:55 - [TEST_STEP][PASSED] - Statement - PreSaveFile = new java.io.File(((pathPrefix + java.lang.Integer.toString(counter)) + .png)): null

2018-12-04 10:12:55 - [TEST_STEP][PASSED] - Statement - counter = counter + 1: null

2018-12-04 10:12:55 - [TEST_STEP][PASSED] - Statement - PreSaveFile = new java.io.File(((pathPrefix + java.lang.Integer.toString(counter)) + .png)): null

2018-12-04 10:12:55 - [TEST_STEP][PASSED] - Statement - counter = counter + 1: null

2018-12-04 10:12:57 - [TEST_STEP][PASSED] - Statement - PreSaveFile = new java.io.File(((pathPrefix + java.lang.Integer.toString(counter)) + .png)): null

2018-12-04 10:12:57 - [TEST_STEP][PASSED] - Statement - counter = counter + 1: null

2018-12-04 10:12:57 - [TEST_STEP][PASSED] - Statement - PreSaveFile = new java.io.File(((pathPrefix + java.lang.Integer.toString(counter)) + .png)): null

2018-12-04 10:12:57 - [TEST_STEP][PASSED] - Statement - counter = counter + 1: null

2018-12-04 10:12:57 - [TEST_STEP][PASSED] - Statement - PreSaveFile = new java.io.File(((pathPrefix + java.lang.Integer.toString(counter)) + .png)): null

2018-12-04 10:12:57 - [TEST_STEP][PASSED] - Statement - counter = counter + 1: null

2018-12-04 10:12:57 - [TEST_STEP][PASSED] - Statement - PreSaveFile = new java.io.File(((pathPrefix + java.lang.Integer.toString(counter)) + .png)): null

2018-12-04 10:12:57 - [TEST_STEP][PASSED] - Statement - counter = counter + 1: null

2018-12-04 10:12:57 - [TEST_STEP][PASSED] - Statement - PreSaveFile = new java.io.File(((pathPrefix + java.lang.Integer.toString(counter)) + .png)): null

2018-12-04 10:12:57 - [TEST_STEP][PASSED] - Statement - counter = counter + 1: null

2018-12-04 10:12:58 - [TEST_STEP][PASSED] - Statement - PreSaveFile = new java.io.File(((pathPrefix + java.lang.Integer.toString(counter)) + .png)): null

2018-12-04 10:12:58 - [TEST_STEP][PASSED] - Statement - counter = counter + 1: null

2018-12-04 10:12:58 - [TEST_STEP][PASSED] - Statement - PreSaveFile = new java.io.File(((pathPrefix + java.lang.Integer.toString(counter)) + .png)): null

2018-12-04 10:12:58 - [TEST_STEP][PASSED] - Statement - counter = counter + 1: null

2018-12-04 10:12:58 - [TEST_STEP][PASSED] - Statement - PreSaveFile = new java.io.File(((pathPrefix + java.lang.Integer.toString(counter)) + .png)): null

2018-12-04 10:12:58 - [TEST_STEP][PASSED] - Statement - counter = counter + 1: null

2018-12-04 10:12:58 - [TEST_STEP][PASSED] - Statement - PreSaveFile = new java.io.File(((pathPrefix + java.lang.Integer.toString(counter)) + .png)): null

2018-12-04 10:12:58 - [TEST_STEP][PASSED] - Statement - counter = counter + 1: null

2018-12-04 10:12:58 - [TEST_STEP][PASSED] - Statement - PreSaveFile = new java.io.File(((pathPrefix + java.lang.Integer.toString(counter)) + .png)): null

2018-12-04 10:12:58 - [TEST_STEP][PASSED] - Statement - counter = counter + 1: null

2018-12-04 10:12:59 - [TEST_STEP][PASSED] - Statement - PreSaveFile = new java.io.File(((pathPrefix + java.lang.Integer.toString(counter)) + .png)): null

2018-12-04 10:12:59 - [TEST_STEP][PASSED] - Statement - counter = counter + 1: null

2018-12-04 10:12:59 - [TEST_STEP][PASSED] - Statement - PreSaveFile = new java.io.File(((pathPrefix + java.lang.Integer.toString(counter)) + .png)): null

2018-12-04 10:12:59 - [TEST_STEP][PASSED] - Statement - counter = counter + 1: null

2018-12-04 10:12:59 - [TEST_STEP][PASSED] - Statement - PreSaveFile = new java.io.File(((pathPrefix + java.lang.Integer.toString(counter)) + .png)): null

2018-12-04 10:12:59 - [TEST_STEP][PASSED] - Statement - counter = counter + 1: null

2018-12-04 10:12:59 - [TEST_STEP][PASSED] - Statement - PreSaveFile = new java.io.File(((pathPrefix + java.lang.Integer.toString(counter)) + .png)): null

2018-12-04 10:12:59 - [TEST_STEP][PASSED] - Statement - counter = counter + 1: null

2018-12-04 10:12:59 - [TEST_STEP][PASSED] - Statement - PreSaveFile = new java.io.File(((pathPrefix + java.lang.Integer.toString(counter)) + .png)): null

2018-12-04 10:13:01 - [TEST_STEP][PASSED] - Statement - counter = counter + 1: null

2018-12-04 10:13:01 - [TEST_STEP][PASSED] - Statement - PreSaveFile = new java.io.File(((pathPrefix + java.lang.Integer.toString(counter)) + .png)): null

2018-12-04 10:13:01 - [TEST_STEP][PASSED] - Statement - counter = counter + 1: null

2018-12-04 10:13:01 - [TEST_STEP][PASSED] - Statement - PreSaveFile = new java.io.File(((pathPrefix + java.lang.Integer.toString(counter)) + .png)): null

2018-12-04 10:13:01 - [TEST_STEP][PASSED] - Statement - counter = counter + 1: null

2018-12-04 10:13:01 - [TEST_STEP][PASSED] - Statement - PreSaveFile = new java.io.File(((pathPrefix + java.lang.Integer.toString(counter)) + .png)): null

2018-12-04 10:13:01 - [TEST_STEP][PASSED] - Statement - counter = counter + 1: null

2018-12-04 10:13:01 - [TEST_STEP][PASSED] - Statement - PreSaveFile = new java.io.File(((pathPrefix + java.lang.Integer.toString(counter)) + .png)): null

2018-12-04 10:13:01 - [TEST_STEP][PASSED] - Statement - counter = counter + 1: null

2018-12-04 10:13:01 - [TEST_STEP][PASSED] - Statement - PreSaveFile = new java.io.File(((pathPrefix + java.lang.Integer.toString(counter)) + .png)): null

2018-12-04 10:13:02 - [TEST_STEP][PASSED] - Statement - counter = counter + 1: null

2018-12-04 10:13:02 - [TEST_STEP][PASSED] - Statement - PreSaveFile = new java.io.File(((pathPrefix + java.lang.Integer.toString(counter)) + .png)): null

2018-12-04 10:13:02 - [TEST_STEP][PASSED] - Statement - counter = counter + 1: null

2018-12-04 10:13:02 - [TEST_STEP][PASSED] - Statement - PreSaveFile = new java.io.File(((pathPrefix + java.lang.Integer.toString(counter)) + .png)): null

2018-12-04 10:13:02 - [TEST_STEP][PASSED] - Statement - counter = counter + 1: null

2018-12-04 10:13:02 - [TEST_STEP][PASSED] - Statement - PreSaveFile = new java.io.File(((pathPrefix + java.lang.Integer.toString(counter)) + .png)): null

2018-12-04 10:13:02 - [TEST_STEP][PASSED] - Statement - counter = counter + 1: null

2018-12-04 10:13:02 - [TEST_STEP][PASSED] - Statement - PreSaveFile = new java.io.File(((pathPrefix + java.lang.Integer.toString(counter)) + .png)): null

2018-12-04 10:13:02 - [TEST_STEP][PASSED] - Statement - counter = counter + 1: null

2018-12-04 10:13:04 - [TEST_STEP][PASSED] - Statement - PreSaveFile = new java.io.File(((pathPrefix + java.lang.Integer.toString(counter)) + .png)): null

2018-12-04 10:13:04 - [TEST_STEP][PASSED] - Statement - counter = counter + 1: null

2018-12-04 10:13:04 - [TEST_STEP][PASSED] - Statement - PreSaveFile = new java.io.File(((pathPrefix + java.lang.Integer.toString(counter)) + .png)): null

2018-12-04 10:13:04 - [TEST_STEP][PASSED] - Statement - counter = counter + 1: null

2018-12-04 10:13:04 - [TEST_STEP][PASSED] - Statement - PreSaveFile = new java.io.File(((pathPrefix + java.lang.Integer.toString(counter)) + .png)): null

2018-12-04 10:13:04 - [TEST_STEP][PASSED] - Statement - counter = counter + 1: null

2018-12-04 10:13:04 - [TEST_STEP][PASSED] - Statement - PreSaveFile = new java.io.File(((pathPrefix + java.lang.Integer.toString(counter)) + .png)): null

2018-12-04 10:13:04 - [TEST_STEP][PASSED] - Statement - counter = counter + 1: null

2018-12-04 10:13:04 - [TEST_STEP][PASSED] - Statement - PreSaveFile = new java.io.File(((pathPrefix + java.lang.Integer.toString(counter)) + .png)): null

2018-12-04 10:13:04 - [TEST_STEP][PASSED] - Statement - counter = counter + 1: null

2018-12-04 10:13:05 - [TEST_STEP][PASSED] - Statement - PreSaveFile = new java.io.File(((pathPrefix + java.lang.Integer.toString(counter)) + .png)): null

2018-12-04 10:13:05 - [TEST_STEP][PASSED] - Statement - counter = counter + 1: null

2018-12-04 10:13:05 - [TEST_STEP][PASSED] - Statement - PreSaveFile = new java.io.File(((pathPrefix + java.lang.Integer.toString(counter)) + .png)): null

2018-12-04 10:13:05 - [TEST_STEP][PASSED] - Statement - counter = counter + 1: null

2018-12-04 10:13:05 - [TEST_STEP][PASSED] - Statement - PreSaveFile = new java.io.File(((pathPrefix + java.lang.Integer.toString(counter)) + .png)): null

2018-12-04 10:13:05 - [TEST_STEP][PASSED] - Statement - counter = counter + 1: null

2018-12-04 10:13:05 - [TEST_STEP][PASSED] - Statement - PreSaveFile = new java.io.File(((pathPrefix + java.lang.Integer.toString(counter)) + .png)): null

2018-12-04 10:13:05 - [TEST_STEP][PASSED] - Statement - counter = counter + 1: null

2018-12-04 10:13:05 - [TEST_STEP][PASSED] - Statement - PreSaveFile = new java.io.File(((pathPrefix + java.lang.Integer.toString(counter)) + .png)): null

2018-12-04 10:13:05 - [TEST_STEP][PASSED] - Statement - counter = counter + 1: null

2018-12-04 10:13:07 - [TEST_STEP][PASSED] - Statement - PreSaveFile = new java.io.File(((pathPrefix + java.lang.Integer.toString(counter)) + .png)): null

2018-12-04 10:13:07 - [TEST_STEP][PASSED] - Statement - counter = counter + 1: null

2018-12-04 10:13:07 - [TEST_STEP][PASSED] - Statement - PreSaveFile = new java.io.File(((pathPrefix + java.lang.Integer.toString(counter)) + .png)): null

2018-12-04 10:13:07 - [TEST_STEP][PASSED] - Statement - counter = counter + 1: null

2018-12-04 10:13:07 - [TEST_STEP][PASSED] - Statement - PreSaveFile = new java.io.File(((pathPrefix + java.lang.Integer.toString(counter)) + .png)): null

2018-12-04 10:13:07 - [TEST_STEP][PASSED] - Statement - counter = counter + 1: null

2018-12-04 10:13:07 - [TEST_STEP][PASSED] - Statement - PreSaveFile = new java.io.File(((pathPrefix + java.lang.Integer.toString(counter)) + .png)): null

2018-12-04 10:13:07 - [TEST_STEP][PASSED] - Statement - finalPath = pathPrefix + java.lang.Integer.toString(counter) + ".png": null

2018-12-04 10:13:08 - [TEST_STEP][PASSED] - Statement - SaveFile = new java.io.File(finalPath): null

2018-12-04 10:13:08 - [TEST_STEP][PASSED] - Statement - Try: null

2018-12-04 10:13:08 - [TEST_STEP][PASSED] - Statement - org.apache.commons.io.FileUtils.copyFile(scrFile, SaveFile): null

2018-12-04 10:13:08 - [TEST_STEP][PASSED] - Statement - out.println("file kept"): null

2018-12-04 10:13:08 - [TEST_STEP][PASSED] - delay: Delayed 10 second(s)

2018-12-04 10:13:18 - [MESSAGE][PASSED] - Delayed 10 second(s)

2018-12-04 10:13:18 - [MESSAGE][PASSED] - Call Test Case 'Test Cases/Final Aug 2018 - PKS Automation/Registration Module/New Registration/Submit and Screenshot/Submit Registration and Screenshot' successfully

2018-12-04 10:13:18 - [TEST_STEP][PASSED] - callTestCase: Call Test Case 'Test Cases/Final Aug 2018 - PKS Automation/Registration Module/Log Out/log out avoiding katalon tagging' successfully

2018-12-04 10:13:18 - [TEST_CASE][PASSED] - Test Cases/Final Aug 2018 - PKS Automation/Registration Module/Log Out/log out avoiding katalon tagging: Test Cases/Final Aug 2018 - PKS Automation/Registration Module/Log Out/log out avoiding katalon tagging

2018-12-04 10:13:18 - [TEST_STEP][PASSED] - navigateToUrl: Navigate to 'https://assist2-uat.perkeso.gov.my/c/portal/logout' successfully

2018-12-04 10:13:19 - [MESSAGE][PASSED] - Navigate to 'https://assist2-uat.perkeso.gov.my/c/portal/logout' successfully

2018-12-04 10:13:19 - [MESSAGE][PASSED] - Call Test Case 'Test Cases/Final Aug 2018 - PKS Automation/Registration Module/Log Out/log out avoiding katalon tagging' successfully

2018-12-04 10:13:19 - [TEST_STEP][PASSED] - callTestCase: Call Test Case 'Test Cases/Final Aug 2018 - PKS Automation/Common/Workflow Owner Finder' successfully

2018-12-04 10:13:19 - [TEST_CASE][PASSED] - Test Cases/Final Aug 2018 - PKS Automation/Common/Workflow Owner Finder: Test Cases/Final Aug 2018 - PKS Automation/Common/Workflow Owner Finder

2018-12-04 10:13:19 - [TEST_STEP][PASSED] - openBrowser: Browser is opened with url: ''

2018-12-04 10:13:19 - [MESSAGE][WARNING] - A browser is already opened. Closing browser and opening a new one

2018-12-04 10:13:23 - [MESSAGE][PASSED] - Browser is opened with url: ''

2018-12-04 10:13:23 - [TEST_STEP][PASSED] - navigateToUrl: Navigate to 'https://assist2-uat.perkeso.gov.my/login' successfully

2018-12-04 10:13:24 - [MESSAGE][PASSED] - Navigate to 'https://assist2-uat.perkeso.gov.my/login' successfully

2018-12-04 10:13:24 - [TEST_STEP][PASSED] - delay: Delayed 5 second(s)

2018-12-04 10:13:29 - [MESSAGE][PASSED] - Delayed 5 second(s)

2018-12-04 10:13:29 - [TEST_STEP][PASSED] - setText: Text 'test@liferay.com' is set on object 'Object Repository/Final Object Repo/Login Page/Internal User/Email Address'

2018-12-04 10:13:29 - [MESSAGE][PASSED] - Text 'test@liferay.com' is set on object 'Object Repository/Final Object Repo/Login Page/Internal User/Email Address'

2018-12-04 10:13:29 - [TEST_STEP][PASSED] - click: Object: 'Object Repository/Final Object Repo/Login Page/Internal User/Next Button' is clicked on

2018-12-04 10:13:29 - [MESSAGE][PASSED] - Object: 'Object Repository/Final Object Repo/Login Page/Internal User/Next Button' is clicked on

2018-12-04 10:13:29 - [TEST_STEP][PASSED] - delay: Delayed 2 second(s)

2018-12-04 10:13:31 - [MESSAGE][PASSED] - Delayed 2 second(s)

2018-12-04 10:13:31 - [TEST_STEP][PASSED] - setText: Text 'test' is set on object 'Object Repository/Final Object Repo/Login Page/Internal User/Password'

2018-12-04 10:13:31 - [MESSAGE][PASSED] - Text 'test' is set on object 'Object Repository/Final Object Repo/Login Page/Internal User/Password'

2018-12-04 10:13:31 - [TEST_STEP][PASSED] - delay: Delayed 2 second(s)

2018-12-04 10:13:33 - [MESSAGE][PASSED] - Delayed 2 second(s)

2018-12-04 10:13:33 - [TEST_STEP][PASSED] - click: Object: 'Object Repository/Final Object Repo/Login Page/Internal User/Login Button' is clicked on

2018-12-04 10:13:34 - [MESSAGE][PASSED] - Object: 'Object Repository/Final Object Repo/Login Page/Internal User/Login Button' is clicked on

2018-12-04 10:13:34 - [TEST_STEP][PASSED] - Statement - tester = com.kms.katalon.core.testobject.ObjectRepository.findTestObject(Final Object Repo/Landing Page/Select to English): Finding Test Object with id 'Object Repository/Final Object Repo/Landing Page/Select to English'

2018-12-04 10:13:34 - [TEST_STEP][PASSED] - Statement - Try: Delayed 2 second(s)

2018-12-04 10:13:34 - [TEST_STEP][PASSED] - Statement - Checker = com.kms.katalon.core.webui.keyword.WebUiBuiltInKeywords.verifyElementNotPresent(tester, 3): Web element with id: 'Object Repository/Final Object Repo/Landing Page/Select to English' located by 'By.xpath: //a[@class = 'taglib-language-list-text' and @lang = 'en-US' and (contains(text(), 'EN') or contains(., 'EN'))]' is not present after '3' second(s)

2018-12-04 10:13:36 - [MESSAGE][PASSED] - Web element with id: 'Object Repository/Final Object Repo/Landing Page/Select to English' located by 'By.xpath: //a[@class = 'taglib-language-list-text' and @lang = 'en-US' and (contains(text(), 'EN') or contains(., 'EN'))]' is not present after '3' second(s)

2018-12-04 10:13:36 - [TEST_STEP][PASSED] - Statement - If (Checker == false): null

2018-12-04 10:13:36 - [TEST_STEP][PASSED] - delay: Delayed 2 second(s)

2018-12-04 10:13:38 - [MESSAGE][PASSED] - Delayed 2 second(s)

2018-12-04 10:13:38 - [TEST_STEP][PASSED] - delay: Delayed 5 second(s)

2018-12-04 10:13:43 - [MESSAGE][PASSED] - Delayed 5 second(s)

2018-12-04 10:13:43 - [TEST_STEP][PASSED] - mouseOver: Object: 'Object Repository/Final Object Repo/Landing Page/WorkFlow Menu' is hovered

2018-12-04 10:13:43 - [MESSAGE][PASSED] - Object: 'Object Repository/Final Object Repo/Landing Page/WorkFlow Menu' is hovered

2018-12-04 10:13:43 - [TEST_STEP][PASSED] - delay: Delayed 2 second(s)

2018-12-04 10:13:45 - [MESSAGE][PASSED] - Delayed 2 second(s)

2018-12-04 10:13:45 - [TEST_STEP][PASSED] - click: Object: 'Object Repository/Final Object Repo/Landing Page/Select to Workflow Listing' is clicked on

2018-12-04 10:13:46 - [MESSAGE][PASSED] - Object: 'Object Repository/Final Object Repo/Landing Page/Select to Workflow Listing' is clicked on

2018-12-04 10:13:46 - [TEST_STEP][PASSED] - delay: Delayed 2 second(s)

2018-12-04 10:13:48 - [MESSAGE][PASSED] - Delayed 2 second(s)

2018-12-04 10:13:48 - [TEST_STEP][PASSED] - click: Object: 'Object Repository/Final Object Repo/WorkFlow Listing Page/Search Information - To Put Ref No' is clicked on

2018-12-04 10:13:48 - [MESSAGE][PASSED] - Object: 'Object Repository/Final Object Repo/WorkFlow Listing Page/Search Information - To Put Ref No' is clicked on

2018-12-04 10:13:48 - [TEST_STEP][PASSED] - delay: Delayed 2 second(s)

2018-12-04 10:13:50 - [MESSAGE][PASSED] - Delayed 2 second(s)

2018-12-04 10:13:50 - [TEST_STEP][PASSED] - callTestCase: Call Test Case 'Test Cases/Final Aug 2018 - PKS Automation/Common/Reference Number Getter' successfully

2018-12-04 10:13:50 - [TEST_CASE][PASSED] - Test Cases/Final Aug 2018 - PKS Automation/Common/Reference Number Getter: Test Cases/Final Aug 2018 - PKS Automation/Common/Reference Number Getter

2018-12-04 10:13:50 - [TEST_STEP][PASSED] - Statement - Try: null

2018-12-04 10:13:50 - [TEST_STEP][PASSED] - Statement - RefNo = new java.io.File(C://Users//Admin//Desktop//PKS//Automation Reference Point//KatalonReference.txt): null

2018-12-04 10:13:50 - [TEST_STEP][PASSED] - Statement - bufferread = new java.io.BufferedReader(new java.io.FileReader(RefNo)): null

2018-12-04 10:13:50 - [TEST_STEP][PASSED] - Statement - readedVal = bufferread.readLine(): null

2018-12-04 10:13:50 - [TEST_STEP][PASSED] - Statement - out.println(CaseReferenceNo): null

2018-12-04 10:13:50 - [TEST_STEP][PASSED] - Statement - out.println(readedVal): null

2018-12-04 10:13:50 - [TEST_STEP][PASSED] - Statement - CaseReferenceNo = "": null

2018-12-04 10:13:50 - [TEST_STEP][PASSED] - Statement - CaseReferenceNo = readedVal: null

2018-12-04 10:13:50 - [MESSAGE][PASSED] - Call Test Case 'Test Cases/Final Aug 2018 - PKS Automation/Common/Reference Number Getter' successfully

2018-12-04 10:13:50 - [TEST_STEP][PASSED] - setText: Text 'CRN12201800122966' is set on object 'Object Repository/Final Object Repo/WorkFlow Listing Page/Ref No Set Text'

2018-12-04 10:13:51 - [MESSAGE][PASSED] - Text 'CRN12201800122966' is set on object 'Object Repository/Final Object Repo/WorkFlow Listing Page/Ref No Set Text'

2018-12-04 10:13:51 - [TEST_STEP][PASSED] - delay: Delayed 2 second(s)

2018-12-04 10:13:53 - [MESSAGE][PASSED] - Delayed 2 second(s)

2018-12-04 10:13:53 - [TEST_STEP][PASSED] - click: Object: 'Object Repository/Final Object Repo/WorkFlow Listing Page/Search Ref No Search Button' is clicked on

2018-12-04 10:13:53 - [MESSAGE][PASSED] - Object: 'Object Repository/Final Object Repo/WorkFlow Listing Page/Search Ref No Search Button' is clicked on

2018-12-04 10:13:53 - [TEST_STEP][PASSED] - delay: Delayed 6 second(s)

2018-12-04 10:13:59 - [MESSAGE][PASSED] - Delayed 6 second(s)

2018-12-04 10:13:59 - [TEST_STEP][PASSED] - click: Object: 'Object Repository/Final Object Repo/WorkFlow Listing Page/Click Continue Tooltip' is clicked on

2018-12-04 10:14:00 - [MESSAGE][PASSED] - Object: 'Object Repository/Final Object Repo/WorkFlow Listing Page/Click Continue Tooltip' is clicked on

2018-12-04 10:14:00 - [TEST_STEP][PASSED] - delay: Delayed 5 second(s)

2018-12-04 10:14:05 - [MESSAGE][PASSED] - Delayed 5 second(s)

2018-12-04 10:14:05 - [TEST_STEP][PASSED] - doubleClick: Object: 'Object Repository/Final Object Repo/WorkFlow Listing Page/Workflow Found - Listing 1' is double clicked on

2018-12-04 10:14:05 - [MESSAGE][PASSED] - Object: 'Object Repository/Final Object Repo/WorkFlow Listing Page/Workflow Found - Listing 1' is double clicked on

2018-12-04 10:14:05 - [TEST_STEP][PASSED] - Statement - println(OwnerID): null

2018-12-04 10:14:05 - [TEST_STEP][PASSED] - Statement - OwnerID = com.kms.katalon.core.webui.keyword.WebUiBuiltInKeywords.getText(com.kms.katalon.core.testobject.ObjectRepository.findTestObject(Final Object Repo/WorkFlow Listing Page/Workflow Found - Listing 1), STOP_ON_FAILURE): Text of object 'Object Repository/Final Object Repo/WorkFlow Listing Page/Workflow Found - Listing 1' is: 'JOHORro3'

2018-12-04 10:14:05 - [MESSAGE][PASSED] - Text of object 'Object Repository/Final Object Repo/WorkFlow Listing Page/Workflow Found - Listing 1' is: 'JOHORro3'

2018-12-04 10:14:05 - [TEST_STEP][PASSED] - Statement - OwnerID = OwnerID.toLowerCase() + "@gmail.com": null

2018-12-04 10:14:05 - [TEST_STEP][PASSED] - Statement - println(OwnerID): null

2018-12-04 10:14:05 - [TEST_STEP][PASSED] - delay: Delayed 2 second(s)

2018-12-04 10:14:07 - [MESSAGE][PASSED] - Delayed 2 second(s)

2018-12-04 10:14:07 - [MESSAGE][PASSED] - Call Test Case 'Test Cases/Final Aug 2018 - PKS Automation/Common/Workflow Owner Finder' successfully

2018-12-04 10:14:07 - [TEST_STEP][PASSED] - callTestCase: Call Test Case 'Test Cases/Final Aug 2018 - PKS Automation/Registration Module/Log Out/log out avoiding katalon tagging' successfully

2018-12-04 10:14:07 - [TEST_CASE][PASSED] - Test Cases/Final Aug 2018 - PKS Automation/Registration Module/Log Out/log out avoiding katalon tagging: Test Cases/Final Aug 2018 - PKS Automation/Registration Module/Log Out/log out avoiding katalon tagging

2018-12-04 10:14:07 - [TEST_STEP][PASSED] - navigateToUrl: Navigate to 'https://assist2-uat.perkeso.gov.my/c/portal/logout' successfully

2018-12-04 10:14:08 - [MESSAGE][PASSED] - Navigate to 'https://assist2-uat.perkeso.gov.my/c/portal/logout' successfully

2018-12-04 10:14:08 - [MESSAGE][PASSED] - Call Test Case 'Test Cases/Final Aug 2018 - PKS Automation/Registration Module/Log Out/log out avoiding katalon tagging' successfully

2018-12-04 10:14:08 - [TEST_STEP][PASSED] - delay: Delayed 2 second(s)

2018-12-04 10:14:10 - [MESSAGE][PASSED] - Delayed 2 second(s)

2018-12-04 10:14:10 - [TEST_STEP][PASSED] - setText: Text 'johorro3@gmail.com' is set on object 'Object Repository/Final Object Repo/New Registration - Registration Module Pages/New Reg - OTC to RO/Special Case - All Related Objects/Email TextBox'

2018-12-04 10:14:10 - [MESSAGE][PASSED] - Text 'johorro3@gmail.com' is set on object 'Object Repository/Final Object Repo/New Registration - Registration Module Pages/New Reg - OTC to RO/Special Case - All Related Objects/Email TextBox'

2018-12-04 10:14:10 - [TEST_STEP][PASSED] - click: Object: 'Object Repository/Final Object Repo/New Registration - Registration Module Pages/New Reg - OTC to RO/Special Case - All Related Objects/Next Button' is clicked on

2018-12-04 10:14:11 - [MESSAGE][PASSED] - Object: 'Object Repository/Final Object Repo/New Registration - Registration Module Pages/New Reg - OTC to RO/Special Case - All Related Objects/Next Button' is clicked on

2018-12-04 10:14:11 - [TEST_STEP][PASSED] - delay: Delayed 2 second(s)

2018-12-04 10:14:13 - [MESSAGE][PASSED] - Delayed 2 second(s)

2018-12-04 10:14:13 - [TEST_STEP][PASSED] - setText: Text 'Test1@3456789' is set on object 'Object Repository/Final Object Repo/New Registration - Registration Module Pages/New Reg - OTC to RO/Special Case - All Related Objects/Password TextBox'

2018-12-04 10:14:13 - [MESSAGE][PASSED] - Text 'Test1@3456789' is set on object 'Object Repository/Final Object Repo/New Registration - Registration Module Pages/New Reg - OTC to RO/Special Case - All Related Objects/Password TextBox'

2018-12-04 10:14:13 - [TEST_STEP][PASSED] - delay: Delayed 2 second(s)

2018-12-04 10:14:15 - [MESSAGE][PASSED] - Delayed 2 second(s)

2018-12-04 10:14:15 - [TEST_STEP][PASSED] - click: Object: 'Object Repository/Final Object Repo/New Registration - Registration Module Pages/New Reg - OTC to RO/Special Case - All Related Objects/Login Button' is clicked on

2018-12-04 10:14:15 - [MESSAGE][PASSED] - Object: 'Object Repository/Final Object Repo/New Registration - Registration Module Pages/New Reg - OTC to RO/Special Case - All Related Objects/Login Button' is clicked on

2018-12-04 10:14:15 - [TEST_STEP][PASSED] - delay: Delayed 2 second(s)

2018-12-04 10:14:17 - [MESSAGE][PASSED] - Delayed 2 second(s)

2018-12-04 10:14:17 - [TEST_STEP][PASSED] - Statement - Try: null

2018-12-04 10:14:17 - [TEST_STEP][PASSED] - Statement - Checker = com.kms.katalon.core.webui.keyword.WebUiBuiltInKeywords.verifyElementNotPresent("Final Object Repo/Landing Page/Select to English", 3): null

2018-12-04 10:14:17 - [TEST_STEP][PASSED] - Statement - Catch (Exception e): null

2018-12-04 10:14:17 - [TEST_STEP][PASSED] - Statement - e.printStackTrace(): null

2018-12-04 10:14:17 - [TEST_STEP][PASSED] - click: Object: 'Object Repository/Final Object Repo/New Registration - Registration Module Pages/New Reg - OTC to RO/Special Case - All Related Objects/Expand to Search' is clicked on

2018-12-04 10:14:17 - [MESSAGE][PASSED] - Object: 'Object Repository/Final Object Repo/New Registration - Registration Module Pages/New Reg - OTC to RO/Special Case - All Related Objects/Expand to Search' is clicked on

2018-12-04 10:14:17 - [TEST_STEP][PASSED] - setText: Text 'CRN12201800122966' is set on object 'Object Repository/Final Object Repo/New Registration - Registration Module Pages/New Reg - OTC to RO/Special Case - All Related Objects/TextBox RefNo in Workbasket'

2018-12-04 10:14:18 - [MESSAGE][PASSED] - Text 'CRN12201800122966' is set on object 'Object Repository/Final Object Repo/New Registration - Registration Module Pages/New Reg - OTC to RO/Special Case - All Related Objects/TextBox RefNo in Workbasket'

2018-12-04 10:14:18 - [TEST_STEP][PASSED] - delay: Delayed 2 second(s)

2018-12-04 10:14:20 - [MESSAGE][PASSED] - Delayed 2 second(s)

2018-12-04 10:14:20 - [TEST_STEP][PASSED] - click: Object: 'Object Repository/Final Object Repo/New Registration - Registration Module Pages/New Reg - OTC to RO/Special Case - All Related Objects/Click Search' is clicked on

2018-12-04 10:14:20 - [MESSAGE][PASSED] - Object: 'Object Repository/Final Object Repo/New Registration - Registration Module Pages/New Reg - OTC to RO/Special Case - All Related Objects/Click Search' is clicked on

2018-12-04 10:14:20 - [TEST_STEP][PASSED] - delay: Delayed 2 second(s)

2018-12-04 10:14:22 - [MESSAGE][PASSED] - Delayed 2 second(s)

2018-12-04 10:14:22 - [TEST_STEP][PASSED] - click: Object: 'Object Repository/Final Object Repo/New Registration - Registration Module Pages/New Reg - OTC to RO/Special Case - All Related Objects/Click to Continue Workflow' is clicked on

2018-12-04 10:14:25 - [MESSAGE][PASSED] - Object: 'Object Repository/Final Object Repo/New Registration - Registration Module Pages/New Reg - OTC to RO/Special Case - All Related Objects/Click to Continue Workflow' is clicked on

2018-12-04 10:14:25 - [TEST_STEP][PASSED] - delay: Delayed 2 second(s)

2018-12-04 10:14:27 - [MESSAGE][PASSED] - Delayed 2 second(s)

2018-12-04 10:14:27 - [TEST_STEP][PASSED] - click: Object: 'Object Repository/Final Object Repo/New Registration - Registration Module Pages/New Reg - OTC to RO/Special Case - All Related Objects/Continue Button in verifying case' is clicked on

2018-12-04 10:14:29 - [MESSAGE][PASSED] - Object: 'Object Repository/Final Object Repo/New Registration - Registration Module Pages/New Reg - OTC to RO/Special Case - All Related Objects/Continue Button in verifying case' is clicked on

2018-12-04 10:14:29 - [TEST_STEP][PASSED] - delay: Delayed 2 second(s)

2018-12-04 10:14:31 - [MESSAGE][PASSED] - Delayed 2 second(s)

2018-12-04 10:14:31 - [TEST_STEP][PASSED] - click: Object: 'Object Repository/Final Object Repo/New Registration - Registration Module Pages/Form 1/Registered As a Branch - Yes' is clicked on

2018-12-04 10:14:31 - [MESSAGE][PASSED] - Object: 'Object Repository/Final Object Repo/New Registration - Registration Module Pages/Form 1/Registered As a Branch - Yes' is clicked on

2018-12-04 10:14:31 - [TEST_STEP][PASSED] - delay: Delayed 2 second(s)

2018-12-04 10:14:33 - [MESSAGE][PASSED] - Delayed 2 second(s)

2018-12-04 10:14:33 - [TEST_STEP][PASSED] - click: Object: 'Object Repository/Final Object Repo/New Registration - Registration Module Pages/New Reg - OTC to RO/Special Case - All Related Objects/Form 1 Save n Continue' is clicked on

2018-12-04 10:14:33 - [MESSAGE][PASSED] - Object: 'Object Repository/Final Object Repo/New Registration - Registration Module Pages/New Reg - OTC to RO/Special Case - All Related Objects/Form 1 Save n Continue' is clicked on

2018-12-04 10:14:33 - [TEST_STEP][PASSED] - delay: Delayed 2 second(s)

2018-12-04 10:14:35 - [MESSAGE][PASSED] - Delayed 2 second(s)

2018-12-04 10:14:35 - [TEST_STEP][PASSED] - click: Object: 'Object Repository/Final Object Repo/New Registration - Registration Module Pages/New Reg - OTC to RO/Special Case - All Related Objects/Form 2 Save n Continue' is clicked on

2018-12-04 10:14:36 - [MESSAGE][PASSED] - Object: 'Object Repository/Final Object Repo/New Registration - Registration Module Pages/New Reg - OTC to RO/Special Case - All Related Objects/Form 2 Save n Continue' is clicked on

2018-12-04 10:14:36 - [TEST_STEP][PASSED] - delay: Delayed 2 second(s)

2018-12-04 10:14:38 - [MESSAGE][PASSED] - Delayed 2 second(s)

2018-12-04 10:14:38 - [TEST_STEP][PASSED] - click: Object: 'Object Repository/Final Object Repo/New Registration - Registration Module Pages/New Reg - OTC to RO/Special Case - All Related Objects/Third Screen Save n Continue' is clicked on

2018-12-04 10:14:43 - [MESSAGE][PASSED] - Object: 'Object Repository/Final Object Repo/New Registration - Registration Module Pages/New Reg - OTC to RO/Special Case - All Related Objects/Third Screen Save n Continue' is clicked on

2018-12-04 10:14:43 - [TEST_STEP][PASSED] - delay: Delayed 5 second(s)

2018-12-04 10:14:48 - [MESSAGE][PASSED] - Delayed 5 second(s)

2018-12-04 10:14:48 - [TEST_STEP][PASSED] - click: Object: 'Object Repository/Final Object Repo/New Registration - Registration Module Pages/New Reg - OTC to RO/Special Case - All Related Objects/Upload Doc Page Save n Continue' is clicked on

2018-12-04 10:14:48 - [MESSAGE][PASSED] - Object: 'Object Repository/Final Object Repo/New Registration - Registration Module Pages/New Reg - OTC to RO/Special Case - All Related Objects/Upload Doc Page Save n Continue' is clicked on

2018-12-04 10:14:48 - [TEST_STEP][PASSED] - delay: Delayed 5 second(s)

2018-12-04 10:14:53 - [MESSAGE][PASSED] - Delayed 5 second(s)

2018-12-04 10:14:53 - [TEST_STEP][PASSED] - click: Object: 'Object Repository/Final Object Repo/New Registration - Registration Module Pages/New Reg - OTC to RO/Special Case - All Related Objects/Under Enforcement Button at Preview Screen of RO' is clicked on

2018-12-04 10:14:53 - [MESSAGE][PASSED] - Object: 'Object Repository/Final Object Repo/New Registration - Registration Module Pages/New Reg - OTC to RO/Special Case - All Related Objects/Under Enforcement Button at Preview Screen of RO' is clicked on

2018-12-04 10:14:53 - [TEST_STEP][PASSED] - delay: Delayed 5 second(s)

2018-12-04 10:14:58 - [MESSAGE][PASSED] - Delayed 5 second(s)

2018-12-04 10:14:58 - [TEST_STEP][PASSED] - click: Object: 'Object Repository/Final Object Repo/New Registration - Registration Module Pages/New Reg - OTC to RO/Special Case - All Related Objects/Under Enforcement - inner form' is clicked on

2018-12-04 10:14:58 - [MESSAGE][PASSED] - Object: 'Object Repository/Final Object Repo/New Registration - Registration Module Pages/New Reg - OTC to RO/Special Case - All Related Objects/Under Enforcement - inner form' is clicked on

2018-12-04 10:14:58 - [TEST_STEP][PASSED] - callTestCase: Call Test Case 'Test Cases/Final Aug 2018 - PKS Automation/Common/Screenshoting tool' successfully

2018-12-04 10:14:58 - [TEST_CASE][PASSED] - Test Cases/Final Aug 2018 - PKS Automation/Common/Screenshoting tool: Test Cases/Final Aug 2018 - PKS Automation/Common/Screenshoting tool

2018-12-04 10:14:58 - [TEST_STEP][PASSED] - delay: Delayed 15 second(s)

2018-12-04 10:15:13 - [MESSAGE][PASSED] - Delayed 15 second(s)

2018-12-04 10:15:13 - [TEST_STEP][PASSED] - Statement - driver = com.kms.katalon.core.webui.driver.DriverFactory.getWebDriver(): null

2018-12-04 10:15:13 - [TEST_STEP][PASSED] - Statement - driver.manage().timeouts().implicitlyWait(10, SECONDS): null

2018-12-04 10:15:13 - [TEST_STEP][PASSED] - Statement - PresavePath = KatalonScreenshots: null

2018-12-04 10:15:13 - [TEST_STEP][PASSED] - Statement - pathPrefix = "C:\Users\Public\Pictures\Sample Pictures\Katalon Screenshots\Automate Ending Screen": null

2018-12-04 10:15:13 - [TEST_STEP][PASSED] - Statement - finalPath = <not implemented yet for class: org.codehaus.groovy.ast.expr.EmptyExpression>: null

2018-12-04 10:15:13 - [TEST_STEP][PASSED] - Statement - scrFile = driver.getScreenshotAs(FILE): null

2018-12-04 10:15:14 - [TEST_STEP][PASSED] - Statement - PreSaveFile = new java.io.File(PresavePath): null

2018-12-04 10:15:14 - [TEST_STEP][PASSED] - Statement - counter = 0: null

2018-12-04 10:15:14 - [TEST_STEP][PASSED] - Statement - If (PreSaveFile.exists()): null

2018-12-04 10:15:14 - [TEST_STEP][PASSED] - Statement - While (PreSaveFile.exists()): null

2018-12-04 10:15:14 - [TEST_STEP][PASSED] - Statement - counter = counter + 1: null

2018-12-04 10:15:14 - [TEST_STEP][PASSED] - Statement - PreSaveFile = new java.io.File(((pathPrefix + java.lang.Integer.toString(counter)) + .png)): null

2018-12-04 10:15:14 - [TEST_STEP][PASSED] - Statement - counter = counter + 1: null

2018-12-04 10:15:14 - [TEST_STEP][PASSED] - Statement - PreSaveFile = new java.io.File(((pathPrefix + java.lang.Integer.toString(counter)) + .png)): null

2018-12-04 10:15:14 - [TEST_STEP][PASSED] - Statement - counter = counter + 1: null

2018-12-04 10:15:14 - [TEST_STEP][PASSED] - Statement - PreSaveFile = new java.io.File(((pathPrefix + java.lang.Integer.toString(counter)) + .png)): null

2018-12-04 10:15:14 - [TEST_STEP][PASSED] - Statement - counter = counter + 1: null

2018-12-04 10:15:14 - [TEST_STEP][PASSED] - Statement - PreSaveFile = new java.io.File(((pathPrefix + java.lang.Integer.toString(counter)) + .png)): null

2018-12-04 10:15:14 - [TEST_STEP][PASSED] - Statement - counter = counter + 1: null

2018-12-04 10:15:14 - [TEST_STEP][PASSED] - Statement - PreSaveFile = new java.io.File(((pathPrefix + java.lang.Integer.toString(counter)) + .png)): null

2018-12-04 10:15:14 - [TEST_STEP][PASSED] - Statement - counter = counter + 1: null

2018-12-04 10:15:14 - [TEST_STEP][PASSED] - Statement - PreSaveFile = new java.io.File(((pathPrefix + java.lang.Integer.toString(counter)) + .png)): null

2018-12-04 10:15:14 - [TEST_STEP][PASSED] - Statement - counter = counter + 1: null

2018-12-04 10:15:14 - [TEST_STEP][PASSED] - Statement - PreSaveFile = new java.io.File(((pathPrefix + java.lang.Integer.toString(counter)) + .png)): null

2018-12-04 10:15:14 - [TEST_STEP][PASSED] - Statement - counter = counter + 1: null

2018-12-04 10:15:14 - [TEST_STEP][PASSED] - Statement - PreSaveFile = new java.io.File(((pathPrefix + java.lang.Integer.toString(counter)) + .png)): null

2018-12-04 10:15:14 - [TEST_STEP][PASSED] - Statement - counter = counter + 1: null

2018-12-04 10:15:14 - [TEST_STEP][PASSED] - Statement - PreSaveFile = new java.io.File(((pathPrefix + java.lang.Integer.toString(counter)) + .png)): null

2018-12-04 10:15:14 - [TEST_STEP][PASSED] - Statement - counter = counter + 1: null

2018-12-04 10:15:14 - [TEST_STEP][PASSED] - Statement - PreSaveFile = new java.io.File(((pathPrefix + java.lang.Integer.toString(counter)) + .png)): null

2018-12-04 10:15:14 - [TEST_STEP][PASSED] - Statement - counter = counter + 1: null

2018-12-04 10:15:14 - [TEST_STEP][PASSED] - Statement - PreSaveFile = new java.io.File(((pathPrefix + java.lang.Integer.toString(counter)) + .png)): null

2018-12-04 10:15:14 - [TEST_STEP][PASSED] - Statement - counter = counter + 1: null

2018-12-04 10:15:14 - [TEST_STEP][PASSED] - Statement - PreSaveFile = new java.io.File(((pathPrefix + java.lang.Integer.toString(counter)) + .png)): null

2018-12-04 10:15:14 - [TEST_STEP][PASSED] - Statement - counter = counter + 1: null

2018-12-04 10:15:14 - [TEST_STEP][PASSED] - Statement - PreSaveFile = new java.io.File(((pathPrefix + java.lang.Integer.toString(counter)) + .png)): null

2018-12-04 10:15:14 - [TEST_STEP][PASSED] - Statement - counter = counter + 1: null

2018-12-04 10:15:14 - [TEST_STEP][PASSED] - Statement - PreSaveFile = new java.io.File(((pathPrefix + java.lang.Integer.toString(counter)) + .png)): null

2018-12-04 10:15:14 - [TEST_STEP][PASSED] - Statement - counter = counter + 1: null

2018-12-04 10:15:14 - [TEST_STEP][PASSED] - Statement - PreSaveFile = new java.io.File(((pathPrefix + java.lang.Integer.toString(counter)) + .png)): null

2018-12-04 10:15:14 - [TEST_STEP][PASSED] - Statement - counter = counter + 1: null

2018-12-04 10:15:14 - [TEST_STEP][PASSED] - Statement - PreSaveFile = new java.io.File(((pathPrefix + java.lang.Integer.toString(counter)) + .png)): null

2018-12-04 10:15:14 - [TEST_STEP][PASSED] - Statement - counter = counter + 1: null

2018-12-04 10:15:14 - [TEST_STEP][PASSED] - Statement - PreSaveFile = new java.io.File(((pathPrefix + java.lang.Integer.toString(counter)) + .png)): null

2018-12-04 10:15:15 - [TEST_STEP][PASSED] - Statement - counter = counter + 1: null

2018-12-04 10:15:15 - [TEST_STEP][PASSED] - Statement - PreSaveFile = new java.io.File(((pathPrefix + java.lang.Integer.toString(counter)) + .png)): null

2018-12-04 10:15:15 - [TEST_STEP][PASSED] - Statement - counter = counter + 1: null

2018-12-04 10:15:15 - [TEST_STEP][PASSED] - Statement - PreSaveFile = new java.io.File(((pathPrefix + java.lang.Integer.toString(counter)) + .png)): null

2018-12-04 10:15:15 - [TEST_STEP][PASSED] - Statement - counter = counter + 1: null

2018-12-04 10:15:15 - [TEST_STEP][PASSED] - Statement - PreSaveFile = new java.io.File(((pathPrefix + java.lang.Integer.toString(counter)) + .png)): null

2018-12-04 10:15:15 - [TEST_STEP][PASSED] - Statement - counter = counter + 1: null

2018-12-04 10:15:15 - [TEST_STEP][PASSED] - Statement - PreSaveFile = new java.io.File(((pathPrefix + java.lang.Integer.toString(counter)) + .png)): null

2018-12-04 10:15:15 - [TEST_STEP][PASSED] - Statement - counter = counter + 1: null

2018-12-04 10:15:15 - [TEST_STEP][PASSED] - Statement - PreSaveFile = new java.io.File(((pathPrefix + java.lang.Integer.toString(counter)) + .png)): null

2018-12-04 10:15:15 - [TEST_STEP][PASSED] - Statement - counter = counter + 1: null

2018-12-04 10:15:15 - [TEST_STEP][PASSED] - Statement - PreSaveFile = new java.io.File(((pathPrefix + java.lang.Integer.toString(counter)) + .png)): null

2018-12-04 10:15:15 - [TEST_STEP][PASSED] - Statement - counter = counter + 1: null

2018-12-04 10:15:15 - [TEST_STEP][PASSED] - Statement - PreSaveFile = new java.io.File(((pathPrefix + java.lang.Integer.toString(counter)) + .png)): null

2018-12-04 10:15:15 - [TEST_STEP][PASSED] - Statement - counter = counter + 1: null

2018-12-04 10:15:15 - [TEST_STEP][PASSED] - Statement - PreSaveFile = new java.io.File(((pathPrefix + java.lang.Integer.toString(counter)) + .png)): null

2018-12-04 10:15:15 - [TEST_STEP][PASSED] - Statement - counter = counter + 1: null

2018-12-04 10:15:15 - [TEST_STEP][PASSED] - Statement - PreSaveFile = new java.io.File(((pathPrefix + java.lang.Integer.toString(counter)) + .png)): null

2018-12-04 10:15:15 - [TEST_STEP][PASSED] - Statement - counter = counter + 1: null

2018-12-04 10:15:15 - [TEST_STEP][PASSED] - Statement - PreSaveFile = new java.io.File(((pathPrefix + java.lang.Integer.toString(counter)) + .png)): null

2018-12-04 10:15:15 - [TEST_STEP][PASSED] - Statement - counter = counter + 1: null

2018-12-04 10:15:15 - [TEST_STEP][PASSED] - Statement - PreSaveFile = new java.io.File(((pathPrefix + java.lang.Integer.toString(counter)) + .png)): null

2018-12-04 10:15:16 - [TEST_STEP][PASSED] - Statement - counter = counter + 1: null

2018-12-04 10:15:16 - [TEST_STEP][PASSED] - Statement - PreSaveFile = new java.io.File(((pathPrefix + java.lang.Integer.toString(counter)) + .png)): null

2018-12-04 10:15:16 - [TEST_STEP][PASSED] - Statement - counter = counter + 1: null

2018-12-04 10:15:16 - [TEST_STEP][PASSED] - Statement - PreSaveFile = new java.io.File(((pathPrefix + java.lang.Integer.toString(counter)) + .png)): null

2018-12-04 10:15:16 - [TEST_STEP][PASSED] - Statement - counter = counter + 1: null

2018-12-04 10:15:16 - [TEST_STEP][PASSED] - Statement - PreSaveFile = new java.io.File(((pathPrefix + java.lang.Integer.toString(counter)) + .png)): null

2018-12-04 10:15:16 - [TEST_STEP][PASSED] - Statement - counter = counter + 1: null

2018-12-04 10:15:16 - [TEST_STEP][PASSED] - Statement - PreSaveFile = new java.io.File(((pathPrefix + java.lang.Integer.toString(counter)) + .png)): null

2018-12-04 10:15:16 - [TEST_STEP][PASSED] - Statement - counter = counter + 1: null

2018-12-04 10:15:17 - [TEST_STEP][PASSED] - Statement - PreSaveFile = new java.io.File(((pathPrefix + java.lang.Integer.toString(counter)) + .png)): null

2018-12-04 10:15:17 - [TEST_STEP][PASSED] - Statement - counter = counter + 1: null

2018-12-04 10:15:17 - [TEST_STEP][PASSED] - Statement - PreSaveFile = new java.io.File(((pathPrefix + java.lang.Integer.toString(counter)) + .png)): null

2018-12-04 10:15:17 - [TEST_STEP][PASSED] - Statement - counter = counter + 1: null

2018-12-04 10:15:17 - [TEST_STEP][PASSED] - Statement - PreSaveFile = new java.io.File(((pathPrefix + java.lang.Integer.toString(counter)) + .png)): null

2018-12-04 10:15:17 - [TEST_STEP][PASSED] - Statement - counter = counter + 1: null

2018-12-04 10:15:17 - [TEST_STEP][PASSED] - Statement - PreSaveFile = new java.io.File(((pathPrefix + java.lang.Integer.toString(counter)) + .png)): null

2018-12-04 10:15:17 - [TEST_STEP][PASSED] - Statement - counter = counter + 1: null

2018-12-04 10:15:17 - [TEST_STEP][PASSED] - Statement - PreSaveFile = new java.io.File(((pathPrefix + java.lang.Integer.toString(counter)) + .png)): null

2018-12-04 10:15:17 - [TEST_STEP][PASSED] - Statement - counter = counter + 1: null

2018-12-04 10:15:18 - [TEST_STEP][PASSED] - Statement - PreSaveFile = new java.io.File(((pathPrefix + java.lang.Integer.toString(counter)) + .png)): null

2018-12-04 10:15:18 - [TEST_STEP][PASSED] - Statement - counter = counter + 1: null

2018-12-04 10:15:18 - [TEST_STEP][PASSED] - Statement - PreSaveFile = new java.io.File(((pathPrefix + java.lang.Integer.toString(counter)) + .png)): null

2018-12-04 10:15:18 - [TEST_STEP][PASSED] - Statement - counter = counter + 1: null

2018-12-04 10:15:18 - [TEST_STEP][PASSED] - Statement - PreSaveFile = new java.io.File(((pathPrefix + java.lang.Integer.toString(counter)) + .png)): null

2018-12-04 10:15:18 - [TEST_STEP][PASSED] - Statement - counter = counter + 1: null

2018-12-04 10:15:18 - [TEST_STEP][PASSED] - Statement - PreSaveFile = new java.io.File(((pathPrefix + java.lang.Integer.toString(counter)) + .png)): null

2018-12-04 10:15:18 - [TEST_STEP][PASSED] - Statement - counter = counter + 1: null

2018-12-04 10:15:18 - [TEST_STEP][PASSED] - Statement - PreSaveFile = new java.io.File(((pathPrefix + java.lang.Integer.toString(counter)) + .png)): null

2018-12-04 10:15:18 - [TEST_STEP][PASSED] - Statement - counter = counter + 1: null

2018-12-04 10:15:18 - [TEST_STEP][PASSED] - Statement - PreSaveFile = new java.io.File(((pathPrefix + java.lang.Integer.toString(counter)) + .png)): null

2018-12-04 10:15:18 - [TEST_STEP][PASSED] - Statement - counter = counter + 1: null

2018-12-04 10:15:18 - [TEST_STEP][PASSED] - Statement - PreSaveFile = new java.io.File(((pathPrefix + java.lang.Integer.toString(counter)) + .png)): null

2018-12-04 10:15:18 - [TEST_STEP][PASSED] - Statement - counter = counter + 1: null

2018-12-04 10:15:18 - [TEST_STEP][PASSED] - Statement - PreSaveFile = new java.io.File(((pathPrefix + java.lang.Integer.toString(counter)) + .png)): null

2018-12-04 10:15:18 - [TEST_STEP][PASSED] - Statement - counter = counter + 1: null

2018-12-04 10:15:18 - [TEST_STEP][PASSED] - Statement - PreSaveFile = new java.io.File(((pathPrefix + java.lang.Integer.toString(counter)) + .png)): null

2018-12-04 10:15:18 - [TEST_STEP][PASSED] - Statement - counter = counter + 1: null

2018-12-04 10:15:18 - [TEST_STEP][PASSED] - Statement - PreSaveFile = new java.io.File(((pathPrefix + java.lang.Integer.toString(counter)) + .png)): null

2018-12-04 10:15:19 - [TEST_STEP][PASSED] - Statement - counter = counter + 1: null

2018-12-04 10:15:19 - [TEST_STEP][PASSED] - Statement - PreSaveFile = new java.io.File(((pathPrefix + java.lang.Integer.toString(counter)) + .png)): null

2018-12-04 10:15:19 - [TEST_STEP][PASSED] - Statement - counter = counter + 1: null

2018-12-04 10:15:19 - [TEST_STEP][PASSED] - Statement - PreSaveFile = new java.io.File(((pathPrefix + java.lang.Integer.toString(counter)) + .png)): null

2018-12-04 10:15:19 - [TEST_STEP][PASSED] - Statement - counter = counter + 1: null

2018-12-04 10:15:19 - [TEST_STEP][PASSED] - Statement - PreSaveFile = new java.io.File(((pathPrefix + java.lang.Integer.toString(counter)) + .png)): null

2018-12-04 10:15:19 - [TEST_STEP][PASSED] - Statement - counter = counter + 1: null

2018-12-04 10:15:19 - [TEST_STEP][PASSED] - Statement - PreSaveFile = new java.io.File(((pathPrefix + java.lang.Integer.toString(counter)) + .png)): null

2018-12-04 10:15:19 - [TEST_STEP][PASSED] - Statement - counter = counter + 1: null

2018-12-04 10:15:20 - [TEST_STEP][PASSED] - Statement - PreSaveFile = new java.io.File(((pathPrefix + java.lang.Integer.toString(counter)) + .png)): null

2018-12-04 10:15:20 - [TEST_STEP][PASSED] - Statement - counter = counter + 1: null

2018-12-04 10:15:20 - [TEST_STEP][PASSED] - Statement - PreSaveFile = new java.io.File(((pathPrefix + java.lang.Integer.toString(counter)) + .png)): null

2018-12-04 10:15:20 - [TEST_STEP][PASSED] - Statement - counter = counter + 1: null

2018-12-04 10:15:20 - [TEST_STEP][PASSED] - Statement - PreSaveFile = new java.io.File(((pathPrefix + java.lang.Integer.toString(counter)) + .png)): null

2018-12-04 10:15:20 - [TEST_STEP][PASSED] - Statement - counter = counter + 1: null

2018-12-04 10:15:20 - [TEST_STEP][PASSED] - Statement - PreSaveFile = new java.io.File(((pathPrefix + java.lang.Integer.toString(counter)) + .png)): null

2018-12-04 10:15:20 - [TEST_STEP][PASSED] - Statement - counter = counter + 1: null

2018-12-04 10:15:20 - [TEST_STEP][PASSED] - Statement - PreSaveFile = new java.io.File(((pathPrefix + java.lang.Integer.toString(counter)) + .png)): null

2018-12-04 10:15:20 - [TEST_STEP][PASSED] - Statement - counter = counter + 1: null

2018-12-04 10:15:21 - [TEST_STEP][PASSED] - Statement - PreSaveFile = new java.io.File(((pathPrefix + java.lang.Integer.toString(counter)) + .png)): null

2018-12-04 10:15:21 - [TEST_STEP][PASSED] - Statement - counter = counter + 1: null

2018-12-04 10:15:21 - [TEST_STEP][PASSED] - Statement - PreSaveFile = new java.io.File(((pathPrefix + java.lang.Integer.toString(counter)) + .png)): null

2018-12-04 10:15:21 - [TEST_STEP][PASSED] - Statement - counter = counter + 1: null

2018-12-04 10:15:21 - [TEST_STEP][PASSED] - Statement - PreSaveFile = new java.io.File(((pathPrefix + java.lang.Integer.toString(counter)) + .png)): null

2018-12-04 10:15:21 - [TEST_STEP][PASSED] - Statement - counter = counter + 1: null

2018-12-04 10:15:21 - [TEST_STEP][PASSED] - Statement - PreSaveFile = new java.io.File(((pathPrefix + java.lang.Integer.toString(counter)) + .png)): null

2018-12-04 10:15:21 - [TEST_STEP][PASSED] - Statement - counter = counter + 1: null

2018-12-04 10:15:21 - [TEST_STEP][PASSED] - Statement - PreSaveFile = new java.io.File(((pathPrefix + java.lang.Integer.toString(counter)) + .png)): null

2018-12-04 10:15:21 - [TEST_STEP][PASSED] - Statement - counter = counter + 1: null

2018-12-04 10:15:22 - [TEST_STEP][PASSED] - Statement - PreSaveFile = new java.io.File(((pathPrefix + java.lang.Integer.toString(counter)) + .png)): null

2018-12-04 10:15:22 - [TEST_STEP][PASSED] - Statement - counter = counter + 1: null

2018-12-04 10:15:22 - [TEST_STEP][PASSED] - Statement - PreSaveFile = new java.io.File(((pathPrefix + java.lang.Integer.toString(counter)) + .png)): null

2018-12-04 10:15:22 - [TEST_STEP][PASSED] - Statement - counter = counter + 1: null

2018-12-04 10:15:22 - [TEST_STEP][PASSED] - Statement - PreSaveFile = new java.io.File(((pathPrefix + java.lang.Integer.toString(counter)) + .png)): null

2018-12-04 10:15:22 - [TEST_STEP][PASSED] - Statement - counter = counter + 1: null

2018-12-04 10:15:22 - [TEST_STEP][PASSED] - Statement - PreSaveFile = new java.io.File(((pathPrefix + java.lang.Integer.toString(counter)) + .png)): null

2018-12-04 10:15:22 - [TEST_STEP][PASSED] - Statement - counter = counter + 1: null

2018-12-04 10:15:22 - [TEST_STEP][PASSED] - Statement - PreSaveFile = new java.io.File(((pathPrefix + java.lang.Integer.toString(counter)) + .png)): null

2018-12-04 10:15:22 - [TEST_STEP][PASSED] - Statement - counter = counter + 1: null

2018-12-04 10:15:23 - [TEST_STEP][PASSED] - Statement - PreSaveFile = new java.io.File(((pathPrefix + java.lang.Integer.toString(counter)) + .png)): null

2018-12-04 10:15:23 - [TEST_STEP][PASSED] - Statement - counter = counter + 1: null

2018-12-04 10:15:23 - [TEST_STEP][PASSED] - Statement - PreSaveFile = new java.io.File(((pathPrefix + java.lang.Integer.toString(counter)) + .png)): null

2018-12-04 10:15:23 - [TEST_STEP][PASSED] - Statement - counter = counter + 1: null

2018-12-04 10:15:23 - [TEST_STEP][PASSED] - Statement - PreSaveFile = new java.io.File(((pathPrefix + java.lang.Integer.toString(counter)) + .png)): null

2018-12-04 10:15:23 - [TEST_STEP][PASSED] - Statement - counter = counter + 1: null

2018-12-04 10:15:23 - [TEST_STEP][PASSED] - Statement - PreSaveFile = new java.io.File(((pathPrefix + java.lang.Integer.toString(counter)) + .png)): null

2018-12-04 10:15:23 - [TEST_STEP][PASSED] - Statement - counter = counter + 1: null

2018-12-04 10:15:23 - [TEST_STEP][PASSED] - Statement - PreSaveFile = new java.io.File(((pathPrefix + java.lang.Integer.toString(counter)) + .png)): null

2018-12-04 10:15:24 - [TEST_STEP][PASSED] - Statement - counter = counter + 1: null

2018-12-04 10:15:24 - [TEST_STEP][PASSED] - Statement - PreSaveFile = new java.io.File(((pathPrefix + java.lang.Integer.toString(counter)) + .png)): null

2018-12-04 10:15:24 - [TEST_STEP][PASSED] - Statement - counter = counter + 1: null

2018-12-04 10:15:24 - [TEST_STEP][PASSED] - Statement - PreSaveFile = new java.io.File(((pathPrefix + java.lang.Integer.toString(counter)) + .png)): null

2018-12-04 10:15:24 - [TEST_STEP][PASSED] - Statement - counter = counter + 1: null

2018-12-04 10:15:24 - [TEST_STEP][PASSED] - Statement - PreSaveFile = new java.io.File(((pathPrefix + java.lang.Integer.toString(counter)) + .png)): null

2018-12-04 10:15:24 - [TEST_STEP][PASSED] - Statement - counter = counter + 1: null

2018-12-04 10:15:24 - [TEST_STEP][PASSED] - Statement - PreSaveFile = new java.io.File(((pathPrefix + java.lang.Integer.toString(counter)) + .png)): null

2018-12-04 10:15:24 - [TEST_STEP][PASSED] - Statement - counter = counter + 1: null

2018-12-04 10:15:25 - [TEST_STEP][PASSED] - Statement - PreSaveFile = new java.io.File(((pathPrefix + java.lang.Integer.toString(counter)) + .png)): null

2018-12-04 10:15:25 - [TEST_STEP][PASSED] - Statement - counter = counter + 1: null

2018-12-04 10:15:25 - [TEST_STEP][PASSED] - Statement - PreSaveFile = new java.io.File(((pathPrefix + java.lang.Integer.toString(counter)) + .png)): null

2018-12-04 10:15:25 - [TEST_STEP][PASSED] - Statement - counter = counter + 1: null

2018-12-04 10:15:25 - [TEST_STEP][PASSED] - Statement - PreSaveFile = new java.io.File(((pathPrefix + java.lang.Integer.toString(counter)) + .png)): null

2018-12-04 10:15:25 - [TEST_STEP][PASSED] - Statement - counter = counter + 1: null

2018-12-04 10:15:25 - [TEST_STEP][PASSED] - Statement - PreSaveFile = new java.io.File(((pathPrefix + java.lang.Integer.toString(counter)) + .png)): null

2018-12-04 10:15:25 - [TEST_STEP][PASSED] - Statement - counter = counter + 1: null

2018-12-04 10:15:25 - [TEST_STEP][PASSED] - Statement - PreSaveFile = new java.io.File(((pathPrefix + java.lang.Integer.toString(counter)) + .png)): null

2018-12-04 10:15:25 - [TEST_STEP][PASSED] - Statement - counter = counter + 1: null

2018-12-04 10:15:26 - [TEST_STEP][PASSED] - Statement - PreSaveFile = new java.io.File(((pathPrefix + java.lang.Integer.toString(counter)) + .png)): null

2018-12-04 10:15:26 - [TEST_STEP][PASSED] - Statement - counter = counter + 1: null

2018-12-04 10:15:26 - [TEST_STEP][PASSED] - Statement - PreSaveFile = new java.io.File(((pathPrefix + java.lang.Integer.toString(counter)) + .png)): null

2018-12-04 10:15:26 - [TEST_STEP][PASSED] - Statement - counter = counter + 1: null

2018-12-04 10:15:26 - [TEST_STEP][PASSED] - Statement - PreSaveFile = new java.io.File(((pathPrefix + java.lang.Integer.toString(counter)) + .png)): null

2018-12-04 10:15:26 - [TEST_STEP][PASSED] - Statement - counter = counter + 1: null

2018-12-04 10:15:26 - [TEST_STEP][PASSED] - Statement - PreSaveFile = new java.io.File(((pathPrefix + java.lang.Integer.toString(counter)) + .png)): null

2018-12-04 10:15:26 - [TEST_STEP][PASSED] - Statement - counter = counter + 1: null

2018-12-04 10:15:26 - [TEST_STEP][PASSED] - Statement - PreSaveFile = new java.io.File(((pathPrefix + java.lang.Integer.toString(counter)) + .png)): null

2018-12-04 10:15:26 - [TEST_STEP][PASSED] - Statement - counter = counter + 1: null

2018-12-04 10:15:26 - [TEST_STEP][PASSED] - Statement - PreSaveFile = new java.io.File(((pathPrefix + java.lang.Integer.toString(counter)) + .png)): null

2018-12-04 10:15:26 - [TEST_STEP][PASSED] - Statement - counter = counter + 1: null

2018-12-04 10:15:26 - [TEST_STEP][PASSED] - Statement - PreSaveFile = new java.io.File(((pathPrefix + java.lang.Integer.toString(counter)) + .png)): null

2018-12-04 10:15:26 - [TEST_STEP][PASSED] - Statement - counter = counter + 1: null

2018-12-04 10:15:26 - [TEST_STEP][PASSED] - Statement - PreSaveFile = new java.io.File(((pathPrefix + java.lang.Integer.toString(counter)) + .png)): null

2018-12-04 10:15:26 - [TEST_STEP][PASSED] - Statement - counter = counter + 1: null

2018-12-04 10:15:26 - [TEST_STEP][PASSED] - Statement - PreSaveFile = new java.io.File(((pathPrefix + java.lang.Integer.toString(counter)) + .png)): null

2018-12-04 10:15:26 - [TEST_STEP][PASSED] - Statement - counter = counter + 1: null

2018-12-04 10:15:26 - [TEST_STEP][PASSED] - Statement - PreSaveFile = new java.io.File(((pathPrefix + java.lang.Integer.toString(counter)) + .png)): null

2018-12-04 10:15:27 - [TEST_STEP][PASSED] - Statement - counter = counter + 1: null

2018-12-04 10:15:27 - [TEST_STEP][PASSED] - Statement - PreSaveFile = new java.io.File(((pathPrefix + java.lang.Integer.toString(counter)) + .png)): null

2018-12-04 10:15:27 - [TEST_STEP][PASSED] - Statement - counter = counter + 1: null

2018-12-04 10:15:27 - [TEST_STEP][PASSED] - Statement - PreSaveFile = new java.io.File(((pathPrefix + java.lang.Integer.toString(counter)) + .png)): null

2018-12-04 10:15:27 - [TEST_STEP][PASSED] - Statement - counter = counter + 1: null

2018-12-04 10:15:27 - [TEST_STEP][PASSED] - Statement - PreSaveFile = new java.io.File(((pathPrefix + java.lang.Integer.toString(counter)) + .png)): null

2018-12-04 10:15:27 - [TEST_STEP][PASSED] - Statement - counter = counter + 1: null

2018-12-04 10:15:27 - [TEST_STEP][PASSED] - Statement - PreSaveFile = new java.io.File(((pathPrefix + java.lang.Integer.toString(counter)) + .png)): null

2018-12-04 10:15:27 - [TEST_STEP][PASSED] - Statement - counter = counter + 1: null

2018-12-04 10:15:27 - [TEST_STEP][PASSED] - Statement - PreSaveFile = new java.io.File(((pathPrefix + java.lang.Integer.toString(counter)) + .png)): null

2018-12-04 10:15:28 - [TEST_STEP][PASSED] - Statement - counter = counter + 1: null

2018-12-04 10:15:28 - [TEST_STEP][PASSED] - Statement - PreSaveFile = new java.io.File(((pathPrefix + java.lang.Integer.toString(counter)) + .png)): null

2018-12-04 10:15:28 - [TEST_STEP][PASSED] - Statement - counter = counter + 1: null

2018-12-04 10:15:28 - [TEST_STEP][PASSED] - Statement - PreSaveFile = new java.io.File(((pathPrefix + java.lang.Integer.toString(counter)) + .png)): null

2018-12-04 10:15:28 - [TEST_STEP][PASSED] - Statement - counter = counter + 1: null

2018-12-04 10:15:28 - [TEST_STEP][PASSED] - Statement - PreSaveFile = new java.io.File(((pathPrefix + java.lang.Integer.toString(counter)) + .png)): null

2018-12-04 10:15:28 - [TEST_STEP][PASSED] - Statement - counter = counter + 1: null

2018-12-04 10:15:28 - [TEST_STEP][PASSED] - Statement - PreSaveFile = new java.io.File(((pathPrefix + java.lang.Integer.toString(counter)) + .png)): null

2018-12-04 10:15:28 - [TEST_STEP][PASSED] - Statement - counter = counter + 1: null

2018-12-04 10:15:29 - [TEST_STEP][PASSED] - Statement - PreSaveFile = new java.io.File(((pathPrefix + java.lang.Integer.toString(counter)) + .png)): null

2018-12-04 10:15:29 - [TEST_STEP][PASSED] - Statement - counter = counter + 1: null

2018-12-04 10:15:29 - [TEST_STEP][PASSED] - Statement - PreSaveFile = new java.io.File(((pathPrefix + java.lang.Integer.toString(counter)) + .png)): null

2018-12-04 10:15:29 - [TEST_STEP][PASSED] - Statement - counter = counter + 1: null

2018-12-04 10:15:29 - [TEST_STEP][PASSED] - Statement - PreSaveFile = new java.io.File(((pathPrefix + java.lang.Integer.toString(counter)) + .png)): null

2018-12-04 10:15:29 - [TEST_STEP][PASSED] - Statement - counter = counter + 1: null

2018-12-04 10:15:29 - [TEST_STEP][PASSED] - Statement - PreSaveFile = new java.io.File(((pathPrefix + java.lang.Integer.toString(counter)) + .png)): null

2018-12-04 10:15:29 - [TEST_STEP][PASSED] - Statement - counter = counter + 1: null

2018-12-04 10:15:29 - [TEST_STEP][PASSED] - Statement - PreSaveFile = new java.io.File(((pathPrefix + java.lang.Integer.toString(counter)) + .png)): null

2018-12-04 10:15:29 - [TEST_STEP][PASSED] - Statement - counter = counter + 1: null

2018-12-04 10:15:31 - [TEST_STEP][PASSED] - Statement - PreSaveFile = new java.io.File(((pathPrefix + java.lang.Integer.toString(counter)) + .png)): null

2018-12-04 10:15:31 - [TEST_STEP][PASSED] - Statement - counter = counter + 1: null

2018-12-04 10:15:31 - [TEST_STEP][PASSED] - Statement - PreSaveFile = new java.io.File(((pathPrefix + java.lang.Integer.toString(counter)) + .png)): null

2018-12-04 10:15:31 - [TEST_STEP][PASSED] - Statement - counter = counter + 1: null

2018-12-04 10:15:31 - [TEST_STEP][PASSED] - Statement - PreSaveFile = new java.io.File(((pathPrefix + java.lang.Integer.toString(counter)) + .png)): null

2018-12-04 10:15:31 - [TEST_STEP][PASSED] - Statement - counter = counter + 1: null

2018-12-04 10:15:31 - [TEST_STEP][PASSED] - Statement - PreSaveFile = new java.io.File(((pathPrefix + java.lang.Integer.toString(counter)) + .png)): null

2018-12-04 10:15:31 - [TEST_STEP][PASSED] - Statement - counter = counter + 1: null

2018-12-04 10:15:31 - [TEST_STEP][PASSED] - Statement - PreSaveFile = new java.io.File(((pathPrefix + java.lang.Integer.toString(counter)) + .png)): null

2018-12-04 10:15:31 - [TEST_STEP][PASSED] - Statement - counter = counter + 1: null

2018-12-04 10:15:32 - [TEST_STEP][PASSED] - Statement - PreSaveFile = new java.io.File(((pathPrefix + java.lang.Integer.toString(counter)) + .png)): null

2018-12-04 10:15:32 - [TEST_STEP][PASSED] - Statement - counter = counter + 1: null

2018-12-04 10:15:32 - [TEST_STEP][PASSED] - Statement - PreSaveFile = new java.io.File(((pathPrefix + java.lang.Integer.toString(counter)) + .png)): null

2018-12-04 10:15:32 - [TEST_STEP][PASSED] - Statement - counter = counter + 1: null

2018-12-04 10:15:32 - [TEST_STEP][PASSED] - Statement - PreSaveFile = new java.io.File(((pathPrefix + java.lang.Integer.toString(counter)) + .png)): null

2018-12-04 10:15:32 - [TEST_STEP][PASSED] - Statement - counter = counter + 1: null

2018-12-04 10:15:32 - [TEST_STEP][PASSED] - Statement - PreSaveFile = new java.io.File(((pathPrefix + java.lang.Integer.toString(counter)) + .png)): null

2018-12-04 10:15:32 - [TEST_STEP][PASSED] - Statement - counter = counter + 1: null

2018-12-04 10:15:32 - [TEST_STEP][PASSED] - Statement - PreSaveFile = new java.io.File(((pathPrefix + java.lang.Integer.toString(counter)) + .png)): null

2018-12-04 10:15:33 - [TEST_STEP][PASSED] - Statement - counter = counter + 1: null

2018-12-04 10:15:33 - [TEST_STEP][PASSED] - Statement - PreSaveFile = new java.io.File(((pathPrefix + java.lang.Integer.toString(counter)) + .png)): null

2018-12-04 10:15:33 - [TEST_STEP][PASSED] - Statement - counter = counter + 1: null

2018-12-04 10:15:33 - [TEST_STEP][PASSED] - Statement - PreSaveFile = new java.io.File(((pathPrefix + java.lang.Integer.toString(counter)) + .png)): null

2018-12-04 10:15:33 - [TEST_STEP][PASSED] - Statement - counter = counter + 1: null

2018-12-04 10:15:33 - [TEST_STEP][PASSED] - Statement - PreSaveFile = new java.io.File(((pathPrefix + java.lang.Integer.toString(counter)) + .png)): null

2018-12-04 10:15:33 - [TEST_STEP][PASSED] - Statement - counter = counter + 1: null

2018-12-04 10:15:33 - [TEST_STEP][PASSED] - Statement - PreSaveFile = new java.io.File(((pathPrefix + java.lang.Integer.toString(counter)) + .png)): null

2018-12-04 10:15:33 - [TEST_STEP][PASSED] - Statement - counter = counter + 1: null

2018-12-04 10:15:34 - [TEST_STEP][PASSED] - Statement - PreSaveFile = new java.io.File(((pathPrefix + java.lang.Integer.toString(counter)) + .png)): null

2018-12-04 10:15:34 - [TEST_STEP][PASSED] - Statement - counter = counter + 1: null

2018-12-04 10:15:34 - [TEST_STEP][PASSED] - Statement - PreSaveFile = new java.io.File(((pathPrefix + java.lang.Integer.toString(counter)) + .png)): null

2018-12-04 10:15:34 - [TEST_STEP][PASSED] - Statement - counter = counter + 1: null

2018-12-04 10:15:34 - [TEST_STEP][PASSED] - Statement - PreSaveFile = new java.io.File(((pathPrefix + java.lang.Integer.toString(counter)) + .png)): null

2018-12-04 10:15:34 - [TEST_STEP][PASSED] - Statement - counter = counter + 1: null

2018-12-04 10:15:34 - [TEST_STEP][PASSED] - Statement - PreSaveFile = new java.io.File(((pathPrefix + java.lang.Integer.toString(counter)) + .png)): null

2018-12-04 10:15:34 - [TEST_STEP][PASSED] - Statement - counter = counter + 1: null

2018-12-04 10:15:34 - [TEST_STEP][PASSED] - Statement - PreSaveFile = new java.io.File(((pathPrefix + java.lang.Integer.toString(counter)) + .png)): null

2018-12-04 10:15:34 - [TEST_STEP][PASSED] - Statement - counter = counter + 1: null

2018-12-04 10:15:36 - [TEST_STEP][PASSED] - Statement - PreSaveFile = new java.io.File(((pathPrefix + java.lang.Integer.toString(counter)) + .png)): null

2018-12-04 10:15:36 - [TEST_STEP][PASSED] - Statement - counter = counter + 1: null

2018-12-04 10:15:36 - [TEST_STEP][PASSED] - Statement - PreSaveFile = new java.io.File(((pathPrefix + java.lang.Integer.toString(counter)) + .png)): null

2018-12-04 10:15:36 - [TEST_STEP][PASSED] - Statement - counter = counter + 1: null

2018-12-04 10:15:36 - [TEST_STEP][PASSED] - Statement - PreSaveFile = new java.io.File(((pathPrefix + java.lang.Integer.toString(counter)) + .png)): null

2018-12-04 10:15:36 - [TEST_STEP][PASSED] - Statement - counter = counter + 1: null

2018-12-04 10:15:36 - [TEST_STEP][PASSED] - Statement - PreSaveFile = new java.io.File(((pathPrefix + java.lang.Integer.toString(counter)) + .png)): null

2018-12-04 10:15:36 - [TEST_STEP][PASSED] - Statement - counter = counter + 1: null

2018-12-04 10:15:36 - [TEST_STEP][PASSED] - Statement - PreSaveFile = new java.io.File(((pathPrefix + java.lang.Integer.toString(counter)) + .png)): null

2018-12-04 10:15:36 - [TEST_STEP][PASSED] - Statement - counter = counter + 1: null

2018-12-04 10:15:37 - [TEST_STEP][PASSED] - Statement - PreSaveFile = new java.io.File(((pathPrefix + java.lang.Integer.toString(counter)) + .png)): null

2018-12-04 10:15:37 - [TEST_STEP][PASSED] - Statement - counter = counter + 1: null

2018-12-04 10:15:37 - [TEST_STEP][PASSED] - Statement - PreSaveFile = new java.io.File(((pathPrefix + java.lang.Integer.toString(counter)) + .png)): null

2018-12-04 10:15:37 - [TEST_STEP][PASSED] - Statement - counter = counter + 1: null

2018-12-04 10:15:37 - [TEST_STEP][PASSED] - Statement - PreSaveFile = new java.io.File(((pathPrefix + java.lang.Integer.toString(counter)) + .png)): null

2018-12-04 10:15:37 - [TEST_STEP][PASSED] - Statement - counter = counter + 1: null

2018-12-04 10:15:37 - [TEST_STEP][PASSED] - Statement - PreSaveFile = new java.io.File(((pathPrefix + java.lang.Integer.toString(counter)) + .png)): null

2018-12-04 10:15:37 - [TEST_STEP][PASSED] - Statement - counter = counter + 1: null

2018-12-04 10:15:37 - [TEST_STEP][PASSED] - Statement - PreSaveFile = new java.io.File(((pathPrefix + java.lang.Integer.toString(counter)) + .png)): null

2018-12-04 10:15:37 - [TEST_STEP][PASSED] - Statement - counter = counter + 1: null

2018-12-04 10:15:38 - [TEST_STEP][PASSED] - Statement - PreSaveFile = new java.io.File(((pathPrefix + java.lang.Integer.toString(counter)) + .png)): null

2018-12-04 10:15:38 - [TEST_STEP][PASSED] - Statement - counter = counter + 1: null

2018-12-04 10:15:38 - [TEST_STEP][PASSED] - Statement - PreSaveFile = new java.io.File(((pathPrefix + java.lang.Integer.toString(counter)) + .png)): null

2018-12-04 10:15:38 - [TEST_STEP][PASSED] - Statement - counter = counter + 1: null

2018-12-04 10:15:38 - [TEST_STEP][PASSED] - Statement - PreSaveFile = new java.io.File(((pathPrefix + java.lang.Integer.toString(counter)) + .png)): null

2018-12-04 10:15:38 - [TEST_STEP][PASSED] - Statement - counter = counter + 1: null

2018-12-04 10:15:38 - [TEST_STEP][PASSED] - Statement - PreSaveFile = new java.io.File(((pathPrefix + java.lang.Integer.toString(counter)) + .png)): null

2018-12-04 10:15:38 - [TEST_STEP][PASSED] - Statement - counter = counter + 1: null

2018-12-04 10:15:38 - [TEST_STEP][PASSED] - Statement - PreSaveFile = new java.io.File(((pathPrefix + java.lang.Integer.toString(counter)) + .png)): null

2018-12-04 10:15:39 - [TEST_STEP][PASSED] - Statement - counter = counter + 1: null

2018-12-04 10:15:39 - [TEST_STEP][PASSED] - Statement - PreSaveFile = new java.io.File(((pathPrefix + java.lang.Integer.toString(counter)) + .png)): null

2018-12-04 10:15:39 - [TEST_STEP][PASSED] - Statement - counter = counter + 1: null

2018-12-04 10:15:39 - [TEST_STEP][PASSED] - Statement - PreSaveFile = new java.io.File(((pathPrefix + java.lang.Integer.toString(counter)) + .png)): null

2018-12-04 10:15:39 - [TEST_STEP][PASSED] - Statement - counter = counter + 1: null

2018-12-04 10:15:39 - [TEST_STEP][PASSED] - Statement - PreSaveFile = new java.io.File(((pathPrefix + java.lang.Integer.toString(counter)) + .png)): null

2018-12-04 10:15:39 - [TEST_STEP][PASSED] - Statement - counter = counter + 1: null

2018-12-04 10:15:39 - [TEST_STEP][PASSED] - Statement - PreSaveFile = new java.io.File(((pathPrefix + java.lang.Integer.toString(counter)) + .png)): null

2018-12-04 10:15:39 - [TEST_STEP][PASSED] - Statement - counter = counter + 1: null

2018-12-04 10:15:41 - [TEST_STEP][PASSED] - Statement - PreSaveFile = new java.io.File(((pathPrefix + java.lang.Integer.toString(counter)) + .png)): null

2018-12-04 10:15:41 - [TEST_STEP][PASSED] - Statement - counter = counter + 1: null

2018-12-04 10:15:41 - [TEST_STEP][PASSED] - Statement - PreSaveFile = new java.io.File(((pathPrefix + java.lang.Integer.toString(counter)) + .png)): null

2018-12-04 10:15:41 - [TEST_STEP][PASSED] - Statement - counter = counter + 1: null

2018-12-04 10:15:41 - [TEST_STEP][PASSED] - Statement - PreSaveFile = new java.io.File(((pathPrefix + java.lang.Integer.toString(counter)) + .png)): null

2018-12-04 10:15:41 - [TEST_STEP][PASSED] - Statement - counter = counter + 1: null

2018-12-04 10:15:41 - [TEST_STEP][PASSED] - Statement - PreSaveFile = new java.io.File(((pathPrefix + java.lang.Integer.toString(counter)) + .png)): null

2018-12-04 10:15:41 - [TEST_STEP][PASSED] - Statement - counter = counter + 1: null

2018-12-04 10:15:41 - [TEST_STEP][PASSED] - Statement - PreSaveFile = new java.io.File(((pathPrefix + java.lang.Integer.toString(counter)) + .png)): null

2018-12-04 10:15:41 - [TEST_STEP][PASSED] - Statement - counter = counter + 1: null

2018-12-04 10:15:42 - [TEST_STEP][PASSED] - Statement - PreSaveFile = new java.io.File(((pathPrefix + java.lang.Integer.toString(counter)) + .png)): null

2018-12-04 10:15:42 - [TEST_STEP][PASSED] - Statement - counter = counter + 1: null

2018-12-04 10:15:42 - [TEST_STEP][PASSED] - Statement - PreSaveFile = new java.io.File(((pathPrefix + java.lang.Integer.toString(counter)) + .png)): null

2018-12-04 10:15:42 - [TEST_STEP][PASSED] - Statement - counter = counter + 1: null

2018-12-04 10:15:42 - [TEST_STEP][PASSED] - Statement - PreSaveFile = new java.io.File(((pathPrefix + java.lang.Integer.toString(counter)) + .png)): null

2018-12-04 10:15:42 - [TEST_STEP][PASSED] - Statement - counter = counter + 1: null

2018-12-04 10:15:42 - [TEST_STEP][PASSED] - Statement - PreSaveFile = new java.io.File(((pathPrefix + java.lang.Integer.toString(counter)) + .png)): null

2018-12-04 10:15:42 - [TEST_STEP][PASSED] - Statement - counter = counter + 1: null

2018-12-04 10:15:42 - [TEST_STEP][PASSED] - Statement - PreSaveFile = new java.io.File(((pathPrefix + java.lang.Integer.toString(counter)) + .png)): null

2018-12-04 10:15:42 - [TEST_STEP][PASSED] - Statement - counter = counter + 1: null

2018-12-04 10:15:43 - [TEST_STEP][PASSED] - Statement - PreSaveFile = new java.io.File(((pathPrefix + java.lang.Integer.toString(counter)) + .png)): null

2018-12-04 10:15:43 - [TEST_STEP][PASSED] - Statement - counter = counter + 1: null

2018-12-04 10:15:43 - [TEST_STEP][PASSED] - Statement - PreSaveFile = new java.io.File(((pathPrefix + java.lang.Integer.toString(counter)) + .png)): null

2018-12-04 10:15:43 - [TEST_STEP][PASSED] - Statement - counter = counter + 1: null

2018-12-04 10:15:43 - [TEST_STEP][PASSED] - Statement - PreSaveFile = new java.io.File(((pathPrefix + java.lang.Integer.toString(counter)) + .png)): null

2018-12-04 10:15:43 - [TEST_STEP][PASSED] - Statement - counter = counter + 1: null

2018-12-04 10:15:43 - [TEST_STEP][PASSED] - Statement - PreSaveFile = new java.io.File(((pathPrefix + java.lang.Integer.toString(counter)) + .png)): null

2018-12-04 10:15:43 - [TEST_STEP][PASSED] - Statement - counter = counter + 1: null

2018-12-04 10:15:43 - [TEST_STEP][PASSED] - Statement - PreSaveFile = new java.io.File(((pathPrefix + java.lang.Integer.toString(counter)) + .png)): null

2018-12-04 10:15:45 - [TEST_STEP][PASSED] - Statement - counter = counter + 1: null

2018-12-04 10:15:45 - [TEST_STEP][PASSED] - Statement - PreSaveFile = new java.io.File(((pathPrefix + java.lang.Integer.toString(counter)) + .png)): null

2018-12-04 10:15:45 - [TEST_STEP][PASSED] - Statement - counter = counter + 1: null

2018-12-04 10:15:45 - [TEST_STEP][PASSED] - Statement - PreSaveFile = new java.io.File(((pathPrefix + java.lang.Integer.toString(counter)) + .png)): null

2018-12-04 10:15:45 - [TEST_STEP][PASSED] - Statement - counter = counter + 1: null

2018-12-04 10:15:45 - [TEST_STEP][PASSED] - Statement - PreSaveFile = new java.io.File(((pathPrefix + java.lang.Integer.toString(counter)) + .png)): null

2018-12-04 10:15:45 - [TEST_STEP][PASSED] - Statement - counter = counter + 1: null

2018-12-04 10:15:45 - [TEST_STEP][PASSED] - Statement - PreSaveFile = new java.io.File(((pathPrefix + java.lang.Integer.toString(counter)) + .png)): null

2018-12-04 10:15:45 - [TEST_STEP][PASSED] - Statement - counter = counter + 1: null

2018-12-04 10:15:45 - [TEST_STEP][PASSED] - Statement - PreSaveFile = new java.io.File(((pathPrefix + java.lang.Integer.toString(counter)) + .png)): null

2018-12-04 10:15:46 - [TEST_STEP][PASSED] - Statement - counter = counter + 1: null

2018-12-04 10:15:46 - [TEST_STEP][PASSED] - Statement - PreSaveFile = new java.io.File(((pathPrefix + java.lang.Integer.toString(counter)) + .png)): null

2018-12-04 10:15:46 - [TEST_STEP][PASSED] - Statement - counter = counter + 1: null

2018-12-04 10:15:46 - [TEST_STEP][PASSED] - Statement - PreSaveFile = new java.io.File(((pathPrefix + java.lang.Integer.toString(counter)) + .png)): null

2018-12-04 10:15:46 - [TEST_STEP][PASSED] - Statement - counter = counter + 1: null

2018-12-04 10:15:46 - [TEST_STEP][PASSED] - Statement - PreSaveFile = new java.io.File(((pathPrefix + java.lang.Integer.toString(counter)) + .png)): null

2018-12-04 10:15:46 - [TEST_STEP][PASSED] - Statement - counter = counter + 1: null

2018-12-04 10:15:46 - [TEST_STEP][PASSED] - Statement - PreSaveFile = new java.io.File(((pathPrefix + java.lang.Integer.toString(counter)) + .png)): null

2018-12-04 10:15:46 - [TEST_STEP][PASSED] - Statement - counter = counter + 1: null

2018-12-04 10:15:47 - [TEST_STEP][PASSED] - Statement - PreSaveFile = new java.io.File(((pathPrefix + java.lang.Integer.toString(counter)) + .png)): null

2018-12-04 10:15:47 - [TEST_STEP][PASSED] - Statement - counter = counter + 1: null

2018-12-04 10:15:47 - [TEST_STEP][PASSED] - Statement - PreSaveFile = new java.io.File(((pathPrefix + java.lang.Integer.toString(counter)) + .png)): null

2018-12-04 10:15:47 - [TEST_STEP][PASSED] - Statement - counter = counter + 1: null

2018-12-04 10:15:47 - [TEST_STEP][PASSED] - Statement - PreSaveFile = new java.io.File(((pathPrefix + java.lang.Integer.toString(counter)) + .png)): null

2018-12-04 10:15:47 - [TEST_STEP][PASSED] - Statement - counter = counter + 1: null

2018-12-04 10:15:47 - [TEST_STEP][PASSED] - Statement - PreSaveFile = new java.io.File(((pathPrefix + java.lang.Integer.toString(counter)) + .png)): null

2018-12-04 10:15:47 - [TEST_STEP][PASSED] - Statement - counter = counter + 1: null

2018-12-04 10:15:47 - [TEST_STEP][PASSED] - Statement - PreSaveFile = new java.io.File(((pathPrefix + java.lang.Integer.toString(counter)) + .png)): null

2018-12-04 10:15:47 - [TEST_STEP][PASSED] - Statement - counter = counter + 1: null

2018-12-04 10:15:49 - [TEST_STEP][PASSED] - Statement - PreSaveFile = new java.io.File(((pathPrefix + java.lang.Integer.toString(counter)) + .png)): null

2018-12-04 10:15:49 - [TEST_STEP][PASSED] - Statement - counter = counter + 1: null

2018-12-04 10:15:49 - [TEST_STEP][PASSED] - Statement - PreSaveFile = new java.io.File(((pathPrefix + java.lang.Integer.toString(counter)) + .png)): null

2018-12-04 10:15:49 - [TEST_STEP][PASSED] - Statement - counter = counter + 1: null

2018-12-04 10:15:49 - [TEST_STEP][PASSED] - Statement - PreSaveFile = new java.io.File(((pathPrefix + java.lang.Integer.toString(counter)) + .png)): null

2018-12-04 10:15:49 - [TEST_STEP][PASSED] - Statement - counter = counter + 1: null

2018-12-04 10:15:49 - [TEST_STEP][PASSED] - Statement - PreSaveFile = new java.io.File(((pathPrefix + java.lang.Integer.toString(counter)) + .png)): null

2018-12-04 10:15:49 - [TEST_STEP][PASSED] - Statement - counter = counter + 1: null

2018-12-04 10:15:49 - [TEST_STEP][PASSED] - Statement - PreSaveFile = new java.io.File(((pathPrefix + java.lang.Integer.toString(counter)) + .png)): null

2018-12-04 10:15:49 - [TEST_STEP][PASSED] - Statement - counter = counter + 1: null

2018-12-04 10:15:50 - [TEST_STEP][PASSED] - Statement - PreSaveFile = new java.io.File(((pathPrefix + java.lang.Integer.toString(counter)) + .png)): null

2018-12-04 10:15:50 - [TEST_STEP][PASSED] - Statement - counter = counter + 1: null

2018-12-04 10:15:50 - [TEST_STEP][PASSED] - Statement - PreSaveFile = new java.io.File(((pathPrefix + java.lang.Integer.toString(counter)) + .png)): null

2018-12-04 10:15:50 - [TEST_STEP][PASSED] - Statement - counter = counter + 1: null

2018-12-04 10:15:50 - [TEST_STEP][PASSED] - Statement - PreSaveFile = new java.io.File(((pathPrefix + java.lang.Integer.toString(counter)) + .png)): null

2018-12-04 10:15:50 - [TEST_STEP][PASSED] - Statement - counter = counter + 1: null

2018-12-04 10:15:50 - [TEST_STEP][PASSED] - Statement - PreSaveFile = new java.io.File(((pathPrefix + java.lang.Integer.toString(counter)) + .png)): null

2018-12-04 10:15:50 - [TEST_STEP][PASSED] - Statement - counter = counter + 1: null

2018-12-04 10:15:50 - [TEST_STEP][PASSED] - Statement - PreSaveFile = new java.io.File(((pathPrefix + java.lang.Integer.toString(counter)) + .png)): null

2018-12-04 10:15:51 - [TEST_STEP][PASSED] - Statement - counter = counter + 1: null

2018-12-04 10:15:51 - [TEST_STEP][PASSED] - Statement - PreSaveFile = new java.io.File(((pathPrefix + java.lang.Integer.toString(counter)) + .png)): null

2018-12-04 10:15:51 - [TEST_STEP][PASSED] - Statement - counter = counter + 1: null

2018-12-04 10:15:51 - [TEST_STEP][PASSED] - Statement - PreSaveFile = new java.io.File(((pathPrefix + java.lang.Integer.toString(counter)) + .png)): null

2018-12-04 10:15:51 - [TEST_STEP][PASSED] - Statement - counter = counter + 1: null

2018-12-04 10:15:51 - [TEST_STEP][PASSED] - Statement - PreSaveFile = new java.io.File(((pathPrefix + java.lang.Integer.toString(counter)) + .png)): null

2018-12-04 10:15:51 - [TEST_STEP][PASSED] - Statement - counter = counter + 1: null

2018-12-04 10:15:51 - [TEST_STEP][PASSED] - Statement - PreSaveFile = new java.io.File(((pathPrefix + java.lang.Integer.toString(counter)) + .png)): null

2018-12-04 10:15:51 - [TEST_STEP][PASSED] - Statement - counter = counter + 1: null

2018-12-04 10:15:53 - [TEST_STEP][PASSED] - Statement - PreSaveFile = new java.io.File(((pathPrefix + java.lang.Integer.toString(counter)) + .png)): null

2018-12-04 10:15:53 - [TEST_STEP][PASSED] - Statement - counter = counter + 1: null

2018-12-04 10:15:53 - [TEST_STEP][PASSED] - Statement - PreSaveFile = new java.io.File(((pathPrefix + java.lang.Integer.toString(counter)) + .png)): null

2018-12-04 10:15:53 - [TEST_STEP][PASSED] - Statement - counter = counter + 1: null

2018-12-04 10:15:53 - [TEST_STEP][PASSED] - Statement - PreSaveFile = new java.io.File(((pathPrefix + java.lang.Integer.toString(counter)) + .png)): null

2018-12-04 10:15:53 - [TEST_STEP][PASSED] - Statement - counter = counter + 1: null

2018-12-04 10:15:53 - [TEST_STEP][PASSED] - Statement - PreSaveFile = new java.io.File(((pathPrefix + java.lang.Integer.toString(counter)) + .png)): null

2018-12-04 10:15:53 - [TEST_STEP][PASSED] - Statement - counter = counter + 1: null

2018-12-04 10:15:53 - [TEST_STEP][PASSED] - Statement - PreSaveFile = new java.io.File(((pathPrefix + java.lang.Integer.toString(counter)) + .png)): null

2018-12-04 10:15:53 - [TEST_STEP][PASSED] - Statement - counter = counter + 1: null

2018-12-04 10:15:54 - [TEST_STEP][PASSED] - Statement - PreSaveFile = new java.io.File(((pathPrefix + java.lang.Integer.toString(counter)) + .png)): null

2018-12-04 10:15:54 - [TEST_STEP][PASSED] - Statement - counter = counter + 1: null

2018-12-04 10:15:54 - [TEST_STEP][PASSED] - Statement - PreSaveFile = new java.io.File(((pathPrefix + java.lang.Integer.toString(counter)) + .png)): null

2018-12-04 10:15:54 - [TEST_STEP][PASSED] - Statement - counter = counter + 1: null

2018-12-04 10:15:54 - [TEST_STEP][PASSED] - Statement - PreSaveFile = new java.io.File(((pathPrefix + java.lang.Integer.toString(counter)) + .png)): null

2018-12-04 10:15:54 - [TEST_STEP][PASSED] - Statement - counter = counter + 1: null

2018-12-04 10:15:54 - [TEST_STEP][PASSED] - Statement - PreSaveFile = new java.io.File(((pathPrefix + java.lang.Integer.toString(counter)) + .png)): null

2018-12-04 10:15:54 - [TEST_STEP][PASSED] - Statement - counter = counter + 1: null

2018-12-04 10:15:54 - [TEST_STEP][PASSED] - Statement - PreSaveFile = new java.io.File(((pathPrefix + java.lang.Integer.toString(counter)) + .png)): null

2018-12-04 10:15:54 - [TEST_STEP][PASSED] - Statement - counter = counter + 1: null

2018-12-04 10:15:56 - [TEST_STEP][PASSED] - Statement - PreSaveFile = new java.io.File(((pathPrefix + java.lang.Integer.toString(counter)) + .png)): null

2018-12-04 10:15:56 - [TEST_STEP][PASSED] - Statement - counter = counter + 1: null

2018-12-04 10:15:56 - [TEST_STEP][PASSED] - Statement - PreSaveFile = new java.io.File(((pathPrefix + java.lang.Integer.toString(counter)) + .png)): null

2018-12-04 10:15:56 - [TEST_STEP][PASSED] - Statement - counter = counter + 1: null

2018-12-04 10:15:56 - [TEST_STEP][PASSED] - Statement - PreSaveFile = new java.io.File(((pathPrefix + java.lang.Integer.toString(counter)) + .png)): null

2018-12-04 10:15:56 - [TEST_STEP][PASSED] - Statement - counter = counter + 1: null

2018-12-04 10:15:56 - [TEST_STEP][PASSED] - Statement - PreSaveFile = new java.io.File(((pathPrefix + java.lang.Integer.toString(counter)) + .png)): null

2018-12-04 10:15:56 - [TEST_STEP][PASSED] - Statement - counter = counter + 1: null

2018-12-04 10:15:56 - [TEST_STEP][PASSED] - Statement - PreSaveFile = new java.io.File(((pathPrefix + java.lang.Integer.toString(counter)) + .png)): null

2018-12-04 10:15:56 - [TEST_STEP][PASSED] - Statement - counter = counter + 1: null

2018-12-04 10:15:58 - [TEST_STEP][PASSED] - Statement - PreSaveFile = new java.io.File(((pathPrefix + java.lang.Integer.toString(counter)) + .png)): null

2018-12-04 10:15:58 - [TEST_STEP][PASSED] - Statement - counter = counter + 1: null

2018-12-04 10:15:58 - [TEST_STEP][PASSED] - Statement - PreSaveFile = new java.io.File(((pathPrefix + java.lang.Integer.toString(counter)) + .png)): null

2018-12-04 10:15:58 - [TEST_STEP][PASSED] - Statement - counter = counter + 1: null

2018-12-04 10:15:58 - [TEST_STEP][PASSED] - Statement - PreSaveFile = new java.io.File(((pathPrefix + java.lang.Integer.toString(counter)) + .png)): null

2018-12-04 10:15:58 - [TEST_STEP][PASSED] - Statement - counter = counter + 1: null

2018-12-04 10:15:58 - [TEST_STEP][PASSED] - Statement - PreSaveFile = new java.io.File(((pathPrefix + java.lang.Integer.toString(counter)) + .png)): null

2018-12-04 10:15:58 - [TEST_STEP][PASSED] - Statement - counter = counter + 1: null

2018-12-04 10:15:58 - [TEST_STEP][PASSED] - Statement - PreSaveFile = new java.io.File(((pathPrefix + java.lang.Integer.toString(counter)) + .png)): null

2018-12-04 10:15:59 - [TEST_STEP][PASSED] - Statement - counter = counter + 1: null

2018-12-04 10:15:59 - [TEST_STEP][PASSED] - Statement - PreSaveFile = new java.io.File(((pathPrefix + java.lang.Integer.toString(counter)) + .png)): null

2018-12-04 10:15:59 - [TEST_STEP][PASSED] - Statement - counter = counter + 1: null

2018-12-04 10:15:59 - [TEST_STEP][PASSED] - Statement - PreSaveFile = new java.io.File(((pathPrefix + java.lang.Integer.toString(counter)) + .png)): null

2018-12-04 10:15:59 - [TEST_STEP][PASSED] - Statement - counter = counter + 1: null

2018-12-04 10:15:59 - [TEST_STEP][PASSED] - Statement - PreSaveFile = new java.io.File(((pathPrefix + java.lang.Integer.toString(counter)) + .png)): null

2018-12-04 10:15:59 - [TEST_STEP][PASSED] - Statement - counter = counter + 1: null

2018-12-04 10:15:59 - [TEST_STEP][PASSED] - Statement - PreSaveFile = new java.io.File(((pathPrefix + java.lang.Integer.toString(counter)) + .png)): null

2018-12-04 10:15:59 - [TEST_STEP][PASSED] - Statement - counter = counter + 1: null

2018-12-04 10:16:01 - [TEST_STEP][PASSED] - Statement - PreSaveFile = new java.io.File(((pathPrefix + java.lang.Integer.toString(counter)) + .png)): null

2018-12-04 10:16:01 - [TEST_STEP][PASSED] - Statement - counter = counter + 1: null

2018-12-04 10:16:01 - [TEST_STEP][PASSED] - Statement - PreSaveFile = new java.io.File(((pathPrefix + java.lang.Integer.toString(counter)) + .png)): null

2018-12-04 10:16:01 - [TEST_STEP][PASSED] - Statement - counter = counter + 1: null

2018-12-04 10:16:01 - [TEST_STEP][PASSED] - Statement - PreSaveFile = new java.io.File(((pathPrefix + java.lang.Integer.toString(counter)) + .png)): null

2018-12-04 10:16:01 - [TEST_STEP][PASSED] - Statement - counter = counter + 1: null

2018-12-04 10:16:01 - [TEST_STEP][PASSED] - Statement - PreSaveFile = new java.io.File(((pathPrefix + java.lang.Integer.toString(counter)) + .png)): null

2018-12-04 10:16:01 - [TEST_STEP][PASSED] - Statement - counter = counter + 1: null

2018-12-04 10:16:01 - [TEST_STEP][PASSED] - Statement - PreSaveFile = new java.io.File(((pathPrefix + java.lang.Integer.toString(counter)) + .png)): null

2018-12-04 10:16:01 - [TEST_STEP][PASSED] - Statement - counter = counter + 1: null

2018-12-04 10:16:02 - [TEST_STEP][PASSED] - Statement - PreSaveFile = new java.io.File(((pathPrefix + java.lang.Integer.toString(counter)) + .png)): null

2018-12-04 10:16:02 - [TEST_STEP][PASSED] - Statement - counter = counter + 1: null

2018-12-04 10:16:02 - [TEST_STEP][PASSED] - Statement - PreSaveFile = new java.io.File(((pathPrefix + java.lang.Integer.toString(counter)) + .png)): null

2018-12-04 10:16:02 - [TEST_STEP][PASSED] - Statement - counter = counter + 1: null

2018-12-04 10:16:02 - [TEST_STEP][PASSED] - Statement - PreSaveFile = new java.io.File(((pathPrefix + java.lang.Integer.toString(counter)) + .png)): null

2018-12-04 10:16:02 - [TEST_STEP][PASSED] - Statement - counter = counter + 1: null

2018-12-04 10:16:02 - [TEST_STEP][PASSED] - Statement - PreSaveFile = new java.io.File(((pathPrefix + java.lang.Integer.toString(counter)) + .png)): null

2018-12-04 10:16:02 - [TEST_STEP][PASSED] - Statement - counter = counter + 1: null

2018-12-04 10:16:02 - [TEST_STEP][PASSED] - Statement - PreSaveFile = new java.io.File(((pathPrefix + java.lang.Integer.toString(counter)) + .png)): null

2018-12-04 10:16:02 - [TEST_STEP][PASSED] - Statement - counter = counter + 1: null

2018-12-04 10:16:04 - [TEST_STEP][PASSED] - Statement - PreSaveFile = new java.io.File(((pathPrefix + java.lang.Integer.toString(counter)) + .png)): null

2018-12-04 10:16:04 - [TEST_STEP][PASSED] - Statement - counter = counter + 1: null

2018-12-04 10:16:04 - [TEST_STEP][PASSED] - Statement - PreSaveFile = new java.io.File(((pathPrefix + java.lang.Integer.toString(counter)) + .png)): null

2018-12-04 10:16:04 - [TEST_STEP][PASSED] - Statement - counter = counter + 1: null

2018-12-04 10:16:04 - [TEST_STEP][PASSED] - Statement - PreSaveFile = new java.io.File(((pathPrefix + java.lang.Integer.toString(counter)) + .png)): null

2018-12-04 10:16:04 - [TEST_STEP][PASSED] - Statement - counter = counter + 1: null

2018-12-04 10:16:04 - [TEST_STEP][PASSED] - Statement - PreSaveFile = new java.io.File(((pathPrefix + java.lang.Integer.toString(counter)) + .png)): null

2018-12-04 10:16:04 - [TEST_STEP][PASSED] - Statement - counter = counter + 1: null

2018-12-04 10:16:04 - [TEST_STEP][PASSED] - Statement - PreSaveFile = new java.io.File(((pathPrefix + java.lang.Integer.toString(counter)) + .png)): null

2018-12-04 10:16:05 - [TEST_STEP][PASSED] - Statement - counter = counter + 1: null

2018-12-04 10:16:05 - [TEST_STEP][PASSED] - Statement - PreSaveFile = new java.io.File(((pathPrefix + java.lang.Integer.toString(counter)) + .png)): null

2018-12-04 10:16:05 - [TEST_STEP][PASSED] - Statement - counter = counter + 1: null

2018-12-04 10:16:05 - [TEST_STEP][PASSED] - Statement - PreSaveFile = new java.io.File(((pathPrefix + java.lang.Integer.toString(counter)) + .png)): null

2018-12-04 10:16:05 - [TEST_STEP][PASSED] - Statement - counter = counter + 1: null

2018-12-04 10:16:05 - [TEST_STEP][PASSED] - Statement - PreSaveFile = new java.io.File(((pathPrefix + java.lang.Integer.toString(counter)) + .png)): null

2018-12-04 10:16:05 - [TEST_STEP][PASSED] - Statement - counter = counter + 1: null

2018-12-04 10:16:05 - [TEST_STEP][PASSED] - Statement - PreSaveFile = new java.io.File(((pathPrefix + java.lang.Integer.toString(counter)) + .png)): null

2018-12-04 10:16:05 - [TEST_STEP][PASSED] - Statement - counter = counter + 1: null

2018-12-04 10:16:05 - [TEST_STEP][PASSED] - Statement - PreSaveFile = new java.io.File(((pathPrefix + java.lang.Integer.toString(counter)) + .png)): null

2018-12-04 10:16:07 - [TEST_STEP][PASSED] - Statement - counter = counter + 1: null

2018-12-04 10:16:07 - [TEST_STEP][PASSED] - Statement - PreSaveFile = new java.io.File(((pathPrefix + java.lang.Integer.toString(counter)) + .png)): null

2018-12-04 10:16:07 - [TEST_STEP][PASSED] - Statement - counter = counter + 1: null

2018-12-04 10:16:07 - [TEST_STEP][PASSED] - Statement - PreSaveFile = new java.io.File(((pathPrefix + java.lang.Integer.toString(counter)) + .png)): null

2018-12-04 10:16:07 - [TEST_STEP][PASSED] - Statement - counter = counter + 1: null

2018-12-04 10:16:07 - [TEST_STEP][PASSED] - Statement - PreSaveFile = new java.io.File(((pathPrefix + java.lang.Integer.toString(counter)) + .png)): null

2018-12-04 10:16:07 - [TEST_STEP][PASSED] - Statement - counter = counter + 1: null

2018-12-04 10:16:07 - [TEST_STEP][PASSED] - Statement - PreSaveFile = new java.io.File(((pathPrefix + java.lang.Integer.toString(counter)) + .png)): null

2018-12-04 10:16:07 - [TEST_STEP][PASSED] - Statement - counter = counter + 1: null

2018-12-04 10:16:08 - [TEST_STEP][PASSED] - Statement - PreSaveFile = new java.io.File(((pathPrefix + java.lang.Integer.toString(counter)) + .png)): null

2018-12-04 10:16:08 - [TEST_STEP][PASSED] - Statement - counter = counter + 1: null

2018-12-04 10:16:08 - [TEST_STEP][PASSED] - Statement - PreSaveFile = new java.io.File(((pathPrefix + java.lang.Integer.toString(counter)) + .png)): null

2018-12-04 10:16:08 - [TEST_STEP][PASSED] - Statement - counter = counter + 1: null

2018-12-04 10:16:08 - [TEST_STEP][PASSED] - Statement - PreSaveFile = new java.io.File(((pathPrefix + java.lang.Integer.toString(counter)) + .png)): null

2018-12-04 10:16:08 - [TEST_STEP][PASSED] - Statement - counter = counter + 1: null

2018-12-04 10:16:08 - [TEST_STEP][PASSED] - Statement - PreSaveFile = new java.io.File(((pathPrefix + java.lang.Integer.toString(counter)) + .png)): null

2018-12-04 10:16:08 - [TEST_STEP][PASSED] - Statement - counter = counter + 1: null

2018-12-04 10:16:08 - [TEST_STEP][PASSED] - Statement - PreSaveFile = new java.io.File(((pathPrefix + java.lang.Integer.toString(counter)) + .png)): null

2018-12-04 10:16:08 - [TEST_STEP][PASSED] - Statement - counter = counter + 1: null

2018-12-04 10:16:10 - [TEST_STEP][PASSED] - Statement - PreSaveFile = new java.io.File(((pathPrefix + java.lang.Integer.toString(counter)) + .png)): null

2018-12-04 10:16:10 - [TEST_STEP][PASSED] - Statement - counter = counter + 1: null

2018-12-04 10:16:10 - [TEST_STEP][PASSED] - Statement - PreSaveFile = new java.io.File(((pathPrefix + java.lang.Integer.toString(counter)) + .png)): null

2018-12-04 10:16:10 - [TEST_STEP][PASSED] - Statement - counter = counter + 1: null

2018-12-04 10:16:10 - [TEST_STEP][PASSED] - Statement - PreSaveFile = new java.io.File(((pathPrefix + java.lang.Integer.toString(counter)) + .png)): null

2018-12-04 10:16:10 - [TEST_STEP][PASSED] - Statement - counter = counter + 1: null

2018-12-04 10:16:10 - [TEST_STEP][PASSED] - Statement - PreSaveFile = new java.io.File(((pathPrefix + java.lang.Integer.toString(counter)) + .png)): null

2018-12-04 10:16:10 - [TEST_STEP][PASSED] - Statement - counter = counter + 1: null

2018-12-04 10:16:10 - [TEST_STEP][PASSED] - Statement - PreSaveFile = new java.io.File(((pathPrefix + java.lang.Integer.toString(counter)) + .png)): null

2018-12-04 10:16:10 - [TEST_STEP][PASSED] - Statement - counter = counter + 1: null

2018-12-04 10:16:12 - [TEST_STEP][PASSED] - Statement - PreSaveFile = new java.io.File(((pathPrefix + java.lang.Integer.toString(counter)) + .png)): null

2018-12-04 10:16:12 - [TEST_STEP][PASSED] - Statement - counter = counter + 1: null

2018-12-04 10:16:12 - [TEST_STEP][PASSED] - Statement - PreSaveFile = new java.io.File(((pathPrefix + java.lang.Integer.toString(counter)) + .png)): null

2018-12-04 10:16:12 - [TEST_STEP][PASSED] - Statement - counter = counter + 1: null

2018-12-04 10:16:12 - [TEST_STEP][PASSED] - Statement - PreSaveFile = new java.io.File(((pathPrefix + java.lang.Integer.toString(counter)) + .png)): null

2018-12-04 10:16:12 - [TEST_STEP][PASSED] - Statement - counter = counter + 1: null

2018-12-04 10:16:12 - [TEST_STEP][PASSED] - Statement - PreSaveFile = new java.io.File(((pathPrefix + java.lang.Integer.toString(counter)) + .png)): null

2018-12-04 10:16:12 - [TEST_STEP][PASSED] - Statement - counter = counter + 1: null

2018-12-04 10:16:12 - [TEST_STEP][PASSED] - Statement - PreSaveFile = new java.io.File(((pathPrefix + java.lang.Integer.toString(counter)) + .png)): null

2018-12-04 10:16:14 - [TEST_STEP][PASSED] - Statement - counter = counter + 1: null

2018-12-04 10:16:14 - [TEST_STEP][PASSED] - Statement - PreSaveFile = new java.io.File(((pathPrefix + java.lang.Integer.toString(counter)) + .png)): null

2018-12-04 10:16:14 - [TEST_STEP][PASSED] - Statement - counter = counter + 1: null

2018-12-04 10:16:14 - [TEST_STEP][PASSED] - Statement - PreSaveFile = new java.io.File(((pathPrefix + java.lang.Integer.toString(counter)) + .png)): null

2018-12-04 10:16:14 - [TEST_STEP][PASSED] - Statement - counter = counter + 1: null

2018-12-04 10:16:14 - [TEST_STEP][PASSED] - Statement - PreSaveFile = new java.io.File(((pathPrefix + java.lang.Integer.toString(counter)) + .png)): null

2018-12-04 10:16:14 - [TEST_STEP][PASSED] - Statement - counter = counter + 1: null

2018-12-04 10:16:14 - [TEST_STEP][PASSED] - Statement - PreSaveFile = new java.io.File(((pathPrefix + java.lang.Integer.toString(counter)) + .png)): null

2018-12-04 10:16:14 - [TEST_STEP][PASSED] - Statement - counter = counter + 1: null

2018-12-04 10:16:16 - [TEST_STEP][PASSED] - Statement - PreSaveFile = new java.io.File(((pathPrefix + java.lang.Integer.toString(counter)) + .png)): null

2018-12-04 10:16:16 - [TEST_STEP][PASSED] - Statement - counter = counter + 1: null

2018-12-04 10:16:16 - [TEST_STEP][PASSED] - Statement - PreSaveFile = new java.io.File(((pathPrefix + java.lang.Integer.toString(counter)) + .png)): null

2018-12-04 10:16:16 - [TEST_STEP][PASSED] - Statement - counter = counter + 1: null

2018-12-04 10:16:16 - [TEST_STEP][PASSED] - Statement - PreSaveFile = new java.io.File(((pathPrefix + java.lang.Integer.toString(counter)) + .png)): null

2018-12-04 10:16:16 - [TEST_STEP][PASSED] - Statement - counter = counter + 1: null

2018-12-04 10:16:16 - [TEST_STEP][PASSED] - Statement - PreSaveFile = new java.io.File(((pathPrefix + java.lang.Integer.toString(counter)) + .png)): null

2018-12-04 10:16:16 - [TEST_STEP][PASSED] - Statement - counter = counter + 1: null

2018-12-04 10:16:16 - [TEST_STEP][PASSED] - Statement - PreSaveFile = new java.io.File(((pathPrefix + java.lang.Integer.toString(counter)) + .png)): null

2018-12-04 10:16:16 - [TEST_STEP][PASSED] - Statement - counter = counter + 1: null

2018-12-04 10:16:17 - [TEST_STEP][PASSED] - Statement - PreSaveFile = new java.io.File(((pathPrefix + java.lang.Integer.toString(counter)) + .png)): null

2018-12-04 10:16:17 - [TEST_STEP][PASSED] - Statement - counter = counter + 1: null

2018-12-04 10:16:17 - [TEST_STEP][PASSED] - Statement - PreSaveFile = new java.io.File(((pathPrefix + java.lang.Integer.toString(counter)) + .png)): null

2018-12-04 10:16:17 - [TEST_STEP][PASSED] - Statement - counter = counter + 1: null

2018-12-04 10:16:17 - [TEST_STEP][PASSED] - Statement - PreSaveFile = new java.io.File(((pathPrefix + java.lang.Integer.toString(counter)) + .png)): null

2018-12-04 10:16:17 - [TEST_STEP][PASSED] - Statement - counter = counter + 1: null

2018-12-04 10:16:17 - [TEST_STEP][PASSED] - Statement - PreSaveFile = new java.io.File(((pathPrefix + java.lang.Integer.toString(counter)) + .png)): null

2018-12-04 10:16:17 - [TEST_STEP][PASSED] - Statement - counter = counter + 1: null

2018-12-04 10:16:17 - [TEST_STEP][PASSED] - Statement - PreSaveFile = new java.io.File(((pathPrefix + java.lang.Integer.toString(counter)) + .png)): null

2018-12-04 10:16:17 - [TEST_STEP][PASSED] - Statement - counter = counter + 1: null

2018-12-04 10:16:19 - [TEST_STEP][PASSED] - Statement - PreSaveFile = new java.io.File(((pathPrefix + java.lang.Integer.toString(counter)) + .png)): null

2018-12-04 10:16:19 - [TEST_STEP][PASSED] - Statement - counter = counter + 1: null

2018-12-04 10:16:19 - [TEST_STEP][PASSED] - Statement - PreSaveFile = new java.io.File(((pathPrefix + java.lang.Integer.toString(counter)) + .png)): null

2018-12-04 10:16:19 - [TEST_STEP][PASSED] - Statement - counter = counter + 1: null

2018-12-04 10:16:19 - [TEST_STEP][PASSED] - Statement - PreSaveFile = new java.io.File(((pathPrefix + java.lang.Integer.toString(counter)) + .png)): null

2018-12-04 10:16:19 - [TEST_STEP][PASSED] - Statement - counter = counter + 1: null

2018-12-04 10:16:19 - [TEST_STEP][PASSED] - Statement - PreSaveFile = new java.io.File(((pathPrefix + java.lang.Integer.toString(counter)) + .png)): null

2018-12-04 10:16:19 - [TEST_STEP][PASSED] - Statement - counter = counter + 1: null

2018-12-04 10:16:19 - [TEST_STEP][PASSED] - Statement - PreSaveFile = new java.io.File(((pathPrefix + java.lang.Integer.toString(counter)) + .png)): null

2018-12-04 10:16:19 - [TEST_STEP][PASSED] - Statement - counter = counter + 1: null

2018-12-04 10:16:20 - [TEST_STEP][PASSED] - Statement - PreSaveFile = new java.io.File(((pathPrefix + java.lang.Integer.toString(counter)) + .png)): null

2018-12-04 10:16:20 - [TEST_STEP][PASSED] - Statement - counter = counter + 1: null

2018-12-04 10:16:20 - [TEST_STEP][PASSED] - Statement - PreSaveFile = new java.io.File(((pathPrefix + java.lang.Integer.toString(counter)) + .png)): null

2018-12-04 10:16:20 - [TEST_STEP][PASSED] - Statement - counter = counter + 1: null

2018-12-04 10:16:20 - [TEST_STEP][PASSED] - Statement - PreSaveFile = new java.io.File(((pathPrefix + java.lang.Integer.toString(counter)) + .png)): null

2018-12-04 10:16:20 - [TEST_STEP][PASSED] - Statement - counter = counter + 1: null

2018-12-04 10:16:20 - [TEST_STEP][PASSED] - Statement - PreSaveFile = new java.io.File(((pathPrefix + java.lang.Integer.toString(counter)) + .png)): null

2018-12-04 10:16:20 - [TEST_STEP][PASSED] - Statement - counter = counter + 1: null

2018-12-04 10:16:20 - [TEST_STEP][PASSED] - Statement - PreSaveFile = new java.io.File(((pathPrefix + java.lang.Integer.toString(counter)) + .png)): null

2018-12-04 10:16:22 - [TEST_STEP][PASSED] - Statement - counter = counter + 1: null

2018-12-04 10:16:22 - [TEST_STEP][PASSED] - Statement - PreSaveFile = new java.io.File(((pathPrefix + java.lang.Integer.toString(counter)) + .png)): null

2018-12-04 10:16:22 - [TEST_STEP][PASSED] - Statement - counter = counter + 1: null

2018-12-04 10:16:22 - [TEST_STEP][PASSED] - Statement - PreSaveFile = new java.io.File(((pathPrefix + java.lang.Integer.toString(counter)) + .png)): null

2018-12-04 10:16:22 - [TEST_STEP][PASSED] - Statement - counter = counter + 1: null

2018-12-04 10:16:22 - [TEST_STEP][PASSED] - Statement - PreSaveFile = new java.io.File(((pathPrefix + java.lang.Integer.toString(counter)) + .png)): null

2018-12-04 10:16:22 - [TEST_STEP][PASSED] - Statement - counter = counter + 1: null

2018-12-04 10:16:22 - [TEST_STEP][PASSED] - Statement - PreSaveFile = new java.io.File(((pathPrefix + java.lang.Integer.toString(counter)) + .png)): null

2018-12-04 10:16:22 - [TEST_STEP][PASSED] - Statement - counter = counter + 1: null

2018-12-04 10:16:24 - [TEST_STEP][PASSED] - Statement - PreSaveFile = new java.io.File(((pathPrefix + java.lang.Integer.toString(counter)) + .png)): null

2018-12-04 10:16:24 - [TEST_STEP][PASSED] - Statement - counter = counter + 1: null

2018-12-04 10:16:24 - [TEST_STEP][PASSED] - Statement - PreSaveFile = new java.io.File(((pathPrefix + java.lang.Integer.toString(counter)) + .png)): null

2018-12-04 10:16:24 - [TEST_STEP][PASSED] - Statement - counter = counter + 1: null

2018-12-04 10:16:24 - [TEST_STEP][PASSED] - Statement - PreSaveFile = new java.io.File(((pathPrefix + java.lang.Integer.toString(counter)) + .png)): null

2018-12-04 10:16:24 - [TEST_STEP][PASSED] - Statement - counter = counter + 1: null

2018-12-04 10:16:24 - [TEST_STEP][PASSED] - Statement - PreSaveFile = new java.io.File(((pathPrefix + java.lang.Integer.toString(counter)) + .png)): null

2018-12-04 10:16:24 - [TEST_STEP][PASSED] - Statement - counter = counter + 1: null

2018-12-04 10:16:24 - [TEST_STEP][PASSED] - Statement - PreSaveFile = new java.io.File(((pathPrefix + java.lang.Integer.toString(counter)) + .png)): null

2018-12-04 10:16:24 - [TEST_STEP][PASSED] - Statement - counter = counter + 1: null

2018-12-04 10:16:26 - [TEST_STEP][PASSED] - Statement - PreSaveFile = new java.io.File(((pathPrefix + java.lang.Integer.toString(counter)) + .png)): null

2018-12-04 10:16:26 - [TEST_STEP][PASSED] - Statement - counter = counter + 1: null

2018-12-04 10:16:26 - [TEST_STEP][PASSED] - Statement - PreSaveFile = new java.io.File(((pathPrefix + java.lang.Integer.toString(counter)) + .png)): null

2018-12-04 10:16:26 - [TEST_STEP][PASSED] - Statement - counter = counter + 1: null

2018-12-04 10:16:26 - [TEST_STEP][PASSED] - Statement - PreSaveFile = new java.io.File(((pathPrefix + java.lang.Integer.toString(counter)) + .png)): null

2018-12-04 10:16:26 - [TEST_STEP][PASSED] - Statement - counter = counter + 1: null

2018-12-04 10:16:26 - [TEST_STEP][PASSED] - Statement - PreSaveFile = new java.io.File(((pathPrefix + java.lang.Integer.toString(counter)) + .png)): null

2018-12-04 10:16:26 - [TEST_STEP][PASSED] - Statement - counter = counter + 1: null

2018-12-04 10:16:26 - [TEST_STEP][PASSED] - Statement - PreSaveFile = new java.io.File(((pathPrefix + java.lang.Integer.toString(counter)) + .png)): null

2018-12-04 10:16:26 - [TEST_STEP][PASSED] - Statement - counter = counter + 1: null

2018-12-04 10:16:27 - [TEST_STEP][PASSED] - Statement - PreSaveFile = new java.io.File(((pathPrefix + java.lang.Integer.toString(counter)) + .png)): null

2018-12-04 10:16:27 - [TEST_STEP][PASSED] - Statement - counter = counter + 1: null

2018-12-04 10:16:27 - [TEST_STEP][PASSED] - Statement - PreSaveFile = new java.io.File(((pathPrefix + java.lang.Integer.toString(counter)) + .png)): null

2018-12-04 10:16:27 - [TEST_STEP][PASSED] - Statement - counter = counter + 1: null

2018-12-04 10:16:27 - [TEST_STEP][PASSED] - Statement - PreSaveFile = new java.io.File(((pathPrefix + java.lang.Integer.toString(counter)) + .png)): null

2018-12-04 10:16:27 - [TEST_STEP][PASSED] - Statement - counter = counter + 1: null

2018-12-04 10:16:27 - [TEST_STEP][PASSED] - Statement - PreSaveFile = new java.io.File(((pathPrefix + java.lang.Integer.toString(counter)) + .png)): null

2018-12-04 10:16:27 - [TEST_STEP][PASSED] - Statement - counter = counter + 1: null

2018-12-04 10:16:27 - [TEST_STEP][PASSED] - Statement - PreSaveFile = new java.io.File(((pathPrefix + java.lang.Integer.toString(counter)) + .png)): null

2018-12-04 10:16:29 - [TEST_STEP][PASSED] - Statement - counter = counter + 1: null

2018-12-04 10:16:29 - [TEST_STEP][PASSED] - Statement - PreSaveFile = new java.io.File(((pathPrefix + java.lang.Integer.toString(counter)) + .png)): null

2018-12-04 10:16:29 - [TEST_STEP][PASSED] - Statement - counter = counter + 1: null

2018-12-04 10:16:29 - [TEST_STEP][PASSED] - Statement - PreSaveFile = new java.io.File(((pathPrefix + java.lang.Integer.toString(counter)) + .png)): null

2018-12-04 10:16:29 - [TEST_STEP][PASSED] - Statement - counter = counter + 1: null

2018-12-04 10:16:29 - [TEST_STEP][PASSED] - Statement - PreSaveFile = new java.io.File(((pathPrefix + java.lang.Integer.toString(counter)) + .png)): null

2018-12-04 10:16:29 - [TEST_STEP][PASSED] - Statement - counter = counter + 1: null

2018-12-04 10:16:29 - [TEST_STEP][PASSED] - Statement - PreSaveFile = new java.io.File(((pathPrefix + java.lang.Integer.toString(counter)) + .png)): null

2018-12-04 10:16:29 - [TEST_STEP][PASSED] - Statement - counter = counter + 1: null

2018-12-04 10:16:29 - [TEST_STEP][PASSED] - Statement - PreSaveFile = new java.io.File(((pathPrefix + java.lang.Integer.toString(counter)) + .png)): null

2018-12-04 10:16:30 - [TEST_STEP][PASSED] - Statement - counter = counter + 1: null

2018-12-04 10:16:30 - [TEST_STEP][PASSED] - Statement - PreSaveFile = new java.io.File(((pathPrefix + java.lang.Integer.toString(counter)) + .png)): null

2018-12-04 10:16:30 - [TEST_STEP][PASSED] - Statement - counter = counter + 1: null

2018-12-04 10:16:30 - [TEST_STEP][PASSED] - Statement - PreSaveFile = new java.io.File(((pathPrefix + java.lang.Integer.toString(counter)) + .png)): null

2018-12-04 10:16:30 - [TEST_STEP][PASSED] - Statement - counter = counter + 1: null

2018-12-04 10:16:30 - [TEST_STEP][PASSED] - Statement - PreSaveFile = new java.io.File(((pathPrefix + java.lang.Integer.toString(counter)) + .png)): null

2018-12-04 10:16:30 - [TEST_STEP][PASSED] - Statement - counter = counter + 1: null

2018-12-04 10:16:30 - [TEST_STEP][PASSED] - Statement - PreSaveFile = new java.io.File(((pathPrefix + java.lang.Integer.toString(counter)) + .png)): null

2018-12-04 10:16:30 - [TEST_STEP][PASSED] - Statement - counter = counter + 1: null

2018-12-04 10:16:32 - [TEST_STEP][PASSED] - Statement - PreSaveFile = new java.io.File(((pathPrefix + java.lang.Integer.toString(counter)) + .png)): null

2018-12-04 10:16:32 - [TEST_STEP][PASSED] - Statement - counter = counter + 1: null

2018-12-04 10:16:32 - [TEST_STEP][PASSED] - Statement - PreSaveFile = new java.io.File(((pathPrefix + java.lang.Integer.toString(counter)) + .png)): null

2018-12-04 10:16:32 - [TEST_STEP][PASSED] - Statement - counter = counter + 1: null

2018-12-04 10:16:32 - [TEST_STEP][PASSED] - Statement - PreSaveFile = new java.io.File(((pathPrefix + java.lang.Integer.toString(counter)) + .png)): null

2018-12-04 10:16:32 - [TEST_STEP][PASSED] - Statement - counter = counter + 1: null

2018-12-04 10:16:32 - [TEST_STEP][PASSED] - Statement - PreSaveFile = new java.io.File(((pathPrefix + java.lang.Integer.toString(counter)) + .png)): null

2018-12-04 10:16:32 - [TEST_STEP][PASSED] - Statement - counter = counter + 1: null

2018-12-04 10:16:32 - [TEST_STEP][PASSED] - Statement - PreSaveFile = new java.io.File(((pathPrefix + java.lang.Integer.toString(counter)) + .png)): null

2018-12-04 10:16:32 - [TEST_STEP][PASSED] - Statement - counter = counter + 1: null

2018-12-04 10:16:34 - [TEST_STEP][PASSED] - Statement - PreSaveFile = new java.io.File(((pathPrefix + java.lang.Integer.toString(counter)) + .png)): null

2018-12-04 10:16:34 - [TEST_STEP][PASSED] - Statement - counter = counter + 1: null

2018-12-04 10:16:34 - [TEST_STEP][PASSED] - Statement - PreSaveFile = new java.io.File(((pathPrefix + java.lang.Integer.toString(counter)) + .png)): null

2018-12-04 10:16:34 - [TEST_STEP][PASSED] - Statement - counter = counter + 1: null

2018-12-04 10:16:34 - [TEST_STEP][PASSED] - Statement - PreSaveFile = new java.io.File(((pathPrefix + java.lang.Integer.toString(counter)) + .png)): null

2018-12-04 10:16:34 - [TEST_STEP][PASSED] - Statement - counter = counter + 1: null

2018-12-04 10:16:34 - [TEST_STEP][PASSED] - Statement - PreSaveFile = new java.io.File(((pathPrefix + java.lang.Integer.toString(counter)) + .png)): null

2018-12-04 10:16:34 - [TEST_STEP][PASSED] - Statement - counter = counter + 1: null

2018-12-04 10:16:34 - [TEST_STEP][PASSED] - Statement - PreSaveFile = new java.io.File(((pathPrefix + java.lang.Integer.toString(counter)) + .png)): null

2018-12-04 10:16:34 - [TEST_STEP][PASSED] - Statement - counter = counter + 1: null

2018-12-04 10:16:35 - [TEST_STEP][PASSED] - Statement - PreSaveFile = new java.io.File(((pathPrefix + java.lang.Integer.toString(counter)) + .png)): null

2018-12-04 10:16:35 - [TEST_STEP][PASSED] - Statement - counter = counter + 1: null

2018-12-04 10:16:35 - [TEST_STEP][PASSED] - Statement - PreSaveFile = new java.io.File(((pathPrefix + java.lang.Integer.toString(counter)) + .png)): null

2018-12-04 10:16:35 - [TEST_STEP][PASSED] - Statement - counter = counter + 1: null

2018-12-04 10:16:35 - [TEST_STEP][PASSED] - Statement - PreSaveFile = new java.io.File(((pathPrefix + java.lang.Integer.toString(counter)) + .png)): null

2018-12-04 10:16:35 - [TEST_STEP][PASSED] - Statement - counter = counter + 1: null

2018-12-04 10:16:35 - [TEST_STEP][PASSED] - Statement - PreSaveFile = new java.io.File(((pathPrefix + java.lang.Integer.toString(counter)) + .png)): null

2018-12-04 10:16:35 - [TEST_STEP][PASSED] - Statement - counter = counter + 1: null

2018-12-04 10:16:35 - [TEST_STEP][PASSED] - Statement - PreSaveFile = new java.io.File(((pathPrefix + java.lang.Integer.toString(counter)) + .png)): null

2018-12-04 10:16:37 - [TEST_STEP][PASSED] - Statement - finalPath = pathPrefix + java.lang.Integer.toString(counter) + ".png": null

2018-12-04 10:16:37 - [TEST_STEP][PASSED] - Statement - SaveFile = new java.io.File(finalPath): null

2018-12-04 10:16:37 - [TEST_STEP][PASSED] - Statement - Try: null

2018-12-04 10:16:37 - [TEST_STEP][PASSED] - Statement - org.apache.commons.io.FileUtils.copyFile(scrFile, SaveFile): null

2018-12-04 10:16:37 - [TEST_STEP][PASSED] - Statement - out.println("file kept"): null

2018-12-04 10:16:37 - [TEST_STEP][PASSED] - delay: Delayed 10 second(s)

2018-12-04 10:16:47 - [MESSAGE][PASSED] - Delayed 10 second(s)

2018-12-04 10:16:47 - [MESSAGE][PASSED] - Call Test Case 'Test Cases/Final Aug 2018 - PKS Automation/Common/Screenshoting tool' successfully

2018-12-04 10:16:47 - [TEST_STEP][PASSED] - callTestCase: Call Test Case 'Test Cases/Final Aug 2018 - PKS Automation/Registration Module/Log Out/log out avoiding katalon tagging' successfully

2018-12-04 10:16:47 - [TEST_CASE][PASSED] - Test Cases/Final Aug 2018 - PKS Automation/Registration Module/Log Out/log out avoiding katalon tagging: Test Cases/Final Aug 2018 - PKS Automation/Registration Module/Log Out/log out avoiding katalon tagging

2018-12-04 10:16:47 - [TEST_STEP][PASSED] - navigateToUrl: Navigate to 'https://assist2-uat.perkeso.gov.my/c/portal/logout' successfully

2018-12-04 10:16:48 - [MESSAGE][PASSED] - Navigate to 'https://assist2-uat.perkeso.gov.my/c/portal/logout' successfully

2018-12-04 10:16:48 - [MESSAGE][PASSED] - Call Test Case 'Test Cases/Final Aug 2018 - PKS Automation/Registration Module/Log Out/log out avoiding katalon tagging' successfully

2018-12-04 10:16:48 - [TEST_STEP][PASSED] - delay: Delayed 2 second(s)

2018-12-04 10:16:50 - [MESSAGE][PASSED] - Delayed 2 second(s)

2018-12-04 10:16:50 - [TEST_STEP][PASSED] - setText: Text 'johorro3@gmail.com' is set on object 'Object Repository/Final Object Repo/New Registration - Registration Module Pages/New Reg - OTC to RO/Special Case - All Related Objects/Email TextBox'

2018-12-04 10:16:51 - [MESSAGE][PASSED] - Text 'johorro3@gmail.com' is set on object 'Object Repository/Final Object Repo/New Registration - Registration Module Pages/New Reg - OTC to RO/Special Case - All Related Objects/Email TextBox'

2018-12-04 10:16:51 - [TEST_STEP][PASSED] - click: Object: 'Object Repository/Final Object Repo/New Registration - Registration Module Pages/New Reg - OTC to RO/Special Case - All Related Objects/Next Button' is clicked on

2018-12-04 10:16:51 - [MESSAGE][PASSED] - Object: 'Object Repository/Final Object Repo/New Registration - Registration Module Pages/New Reg - OTC to RO/Special Case - All Related Objects/Next Button' is clicked on

2018-12-04 10:16:51 - [TEST_STEP][PASSED] - delay: Delayed 2 second(s)

2018-12-04 10:16:53 - [MESSAGE][PASSED] - Delayed 2 second(s)

2018-12-04 10:16:53 - [TEST_STEP][PASSED] - setText: Text 'Test1@3456789' is set on object 'Object Repository/Final Object Repo/New Registration - Registration Module Pages/New Reg - OTC to RO/Special Case - All Related Objects/Password TextBox'

2018-12-04 10:16:53 - [MESSAGE][PASSED] - Text 'Test1@3456789' is set on object 'Object Repository/Final Object Repo/New Registration - Registration Module Pages/New Reg - OTC to RO/Special Case - All Related Objects/Password TextBox'

2018-12-04 10:16:53 - [TEST_STEP][PASSED] - delay: Delayed 2 second(s)

2018-12-04 10:16:55 - [MESSAGE][PASSED] - Delayed 2 second(s)

2018-12-04 10:16:55 - [TEST_STEP][PASSED] - click: Object: 'Object Repository/Final Object Repo/New Registration - Registration Module Pages/New Reg - OTC to RO/Special Case - All Related Objects/Login Button' is clicked on

2018-12-04 10:16:55 - [MESSAGE][PASSED] - Object: 'Object Repository/Final Object Repo/New Registration - Registration Module Pages/New Reg - OTC to RO/Special Case - All Related Objects/Login Button' is clicked on

2018-12-04 10:16:55 - [TEST_STEP][PASSED] - delay: Delayed 2 second(s)

2018-12-04 10:16:57 - [MESSAGE][PASSED] - Delayed 2 second(s)

2018-12-04 10:16:57 - [TEST_STEP][PASSED] - Statement - Try: null

2018-12-04 10:16:57 - [TEST_STEP][PASSED] - Statement - Checker = com.kms.katalon.core.webui.keyword.WebUiBuiltInKeywords.verifyElementNotPresent("Final Object Repo/Landing Page/Select to English", 3): null

2018-12-04 10:16:57 - [TEST_STEP][PASSED] - Statement - Catch (Exception e): null

2018-12-04 10:16:57 - [TEST_STEP][PASSED] - Statement - e.printStackTrace(): null

2018-12-04 10:16:57 - [TEST_STEP][PASSED] - click: Object: 'Object Repository/Final Object Repo/New Registration - Registration Module Pages/New Reg - OTC to RO/Special Case - All Related Objects/Expand to Search' is clicked on

2018-12-04 10:16:58 - [MESSAGE][PASSED] - Object: 'Object Repository/Final Object Repo/New Registration - Registration Module Pages/New Reg - OTC to RO/Special Case - All Related Objects/Expand to Search' is clicked on

2018-12-04 10:16:58 - [TEST_STEP][PASSED] - setText: Text 'CRN12201800122966' is set on object 'Object Repository/Final Object Repo/New Registration - Registration Module Pages/New Reg - OTC to RO/Special Case - All Related Objects/TextBox RefNo in Workbasket'

2018-12-04 10:16:58 - [MESSAGE][PASSED] - Text 'CRN12201800122966' is set on object 'Object Repository/Final Object Repo/New Registration - Registration Module Pages/New Reg - OTC to RO/Special Case - All Related Objects/TextBox RefNo in Workbasket'

2018-12-04 10:16:58 - [TEST_STEP][PASSED] - delay: Delayed 2 second(s)

2018-12-04 10:17:00 - [MESSAGE][PASSED] - Delayed 2 second(s)

2018-12-04 10:17:00 - [TEST_STEP][PASSED] - click: Object: 'Object Repository/Final Object Repo/New Registration - Registration Module Pages/New Reg - OTC to RO/Special Case - All Related Objects/Click Search' is clicked on

2018-12-04 10:17:00 - [MESSAGE][PASSED] - Object: 'Object Repository/Final Object Repo/New Registration - Registration Module Pages/New Reg - OTC to RO/Special Case - All Related Objects/Click Search' is clicked on

2018-12-04 10:17:00 - [TEST_STEP][FAILED] - click: Unable to click on object 'Object Repository/Final Object Repo/New Registration - Registration Module Pages/New Reg - OTC to RO/Special Case - All Related Objects/Click to Continue Workflow' (Root cause: org.openqa.selenium.StaleElementReferenceException: stale element reference: element is not attached to the page document
  (Session info: chrome=70.0.3538.110)
  (Driver info: chromedriver=2.43.600210 (68dcf5eebde37173d4027fa8635e332711d2874a),platform=Windows NT 6.1.7601 SP1 x86_64) (WARNING: The server did not provide any stacktrace information)
Command duration or timeout: 0 milliseconds
For documentation on this error, please visit: http://seleniumhq.org/exceptions/stale_element_reference.html
Build info: version: '3.7.1', revision: '8a0099a', time: '2017-11-06T21:07:36.161Z'
System info: host: 'WIN7TEST02', ip: '10.20.3.72', os.name: 'Windows 7', os.arch: 'amd64', os.version: '6.1', java.version: '1.8.0_181'
Driver info: com.kms.katalon.selenium.driver.CChromeDriver
Capabilities {acceptInsecureCerts: false, acceptSslCerts: false, applicationCacheEnabled: false, browserConnectionEnabled: false, browserName: chrome, chrome: {chromedriverVersion: 2.43.600210 (68dcf5eebde371..., userDataDir: C:\Users\Admin\AppData\Loca...}, cssSelectorsEnabled: true, databaseEnabled: false, goog:chromeOptions: {debuggerAddress: localhost:51819}, handlesAlerts: true, hasTouchScreen: false, javascriptEnabled: true, locationContextEnabled: true, mobileEmulationEnabled: false, nativeEvents: true, networkConnectionEnabled: false, pageLoadStrategy: normal, platform: XP, platformName: XP, rotatable: false, setWindowRect: true, takesHeapSnapshot: true, takesScreenshot: true, unexpectedAlertBehaviour: , unhandledPromptBehavior: , version: 70.0.3538.110, webStorageEnabled: true}
Session ID: 2b3a6ff8348a4dc6afa1017d92a67d4b)

2018-12-04 10:17:02 - [MESSAGE][FAILED] - Unable to click on object 'Object Repository/Final Object Repo/New Registration - Registration Module Pages/New Reg - OTC to RO/Special Case - All Related Objects/Click to Continue Workflow' (Root cause: org.openqa.selenium.StaleElementReferenceException: stale element reference: element is not attached to the page document
  (Session info: chrome=70.0.3538.110)
  (Driver info: chromedriver=2.43.600210 (68dcf5eebde37173d4027fa8635e332711d2874a),platform=Windows NT 6.1.7601 SP1 x86_64) (WARNING: The server did not provide any stacktrace information)
Command duration or timeout: 0 milliseconds
For documentation on this error, please visit: http://seleniumhq.org/exceptions/stale_element_reference.html
Build info: version: '3.7.1', revision: '8a0099a', time: '2017-11-06T21:07:36.161Z'
System info: host: 'WIN7TEST02', ip: '10.20.3.72', os.name: 'Windows 7', os.arch: 'amd64', os.version: '6.1', java.version: '1.8.0_181'
Driver info: com.kms.katalon.selenium.driver.CChromeDriver
Capabilities {acceptInsecureCerts: false, acceptSslCerts: false, applicationCacheEnabled: false, browserConnectionEnabled: false, browserName: chrome, chrome: {chromedriverVersion: 2.43.600210 (68dcf5eebde371..., userDataDir: C:\Users\Admin\AppData\Loca...}, cssSelectorsEnabled: true, databaseEnabled: false, goog:chromeOptions: {debuggerAddress: localhost:51819}, handlesAlerts: true, hasTouchScreen: false, javascriptEnabled: true, locationContextEnabled: true, mobileEmulationEnabled: false, nativeEvents: true, networkConnectionEnabled: false, pageLoadStrategy: normal, platform: XP, platformName: XP, rotatable: false, setWindowRect: true, takesHeapSnapshot: true, takesScreenshot: true, unexpectedAlertBehaviour: , unhandledPromptBehavior: , version: 70.0.3538.110, webStorageEnabled: true}
Session ID: 2b3a6ff8348a4dc6afa1017d92a67d4b)
[[ATTACHMENT|C:\\Users\\Admin\\Desktop\\PKS\\Perkeso Phase A\\Reports\\Workflow\\New Registration\\20181204_093502\\1543889821729.png]]

2018-12-04 10:17:02 - [TEST_STEP][PASSED] - delay: Delayed 2 second(s)

2018-12-04 10:17:04 - [MESSAGE][PASSED] - Delayed 2 second(s)

2018-12-04 10:17:04 - [TEST_STEP][FAILED] - click: Unable to click on object 'Object Repository/Final Object Repo/New Registration - Registration Module Pages/New Reg - OTC to RO/Special Case - All Related Objects/Continue Button in verifying case' (Root cause: com.kms.katalon.core.webui.exception.WebElementNotFoundException: Web element with id: 'Object Repository/Final Object Repo/New Registration - Registration Module Pages/New Reg - OTC to RO/Special Case - All Related Objects/Continue Button in verifying case' located by 'By.xpath: //a[(text() = ' CONTINUE	
						' or . = ' CONTINUE	
						')]' not found)

2018-12-04 10:17:57 - [MESSAGE][FAILED] - Unable to click on object 'Object Repository/Final Object Repo/New Registration - Registration Module Pages/New Reg - OTC to RO/Special Case - All Related Objects/Continue Button in verifying case' (Root cause: com.kms.katalon.core.webui.exception.WebElementNotFoundException: Web element with id: 'Object Repository/Final Object Repo/New Registration - Registration Module Pages/New Reg - OTC to RO/Special Case - All Related Objects/Continue Button in verifying case' located by 'By.xpath: //a[(text() = ' CONTINUE	
						' or . = ' CONTINUE	
						')]' not found)
[[ATTACHMENT|C:\\Users\\Admin\\Desktop\\PKS\\Perkeso Phase A\\Reports\\Workflow\\New Registration\\20181204_093502\\1543889877322.png]]

2018-12-04 10:17:57 - [TEST_STEP][PASSED] - delay: Delayed 2 second(s)

2018-12-04 10:17:59 - [MESSAGE][PASSED] - Delayed 2 second(s)

2018-12-04 10:17:59 - [TEST_STEP][FAILED] - click: Unable to click on object 'Object Repository/Final Object Repo/New Registration - Registration Module Pages/Form 1/Registered As a Branch - Yes' (Root cause: com.kms.katalon.core.webui.exception.WebElementNotFoundException: Web element with id: 'Object Repository/Final Object Repo/New Registration - Registration Module Pages/Form 1/Registered As a Branch - Yes' located by 'By.xpath: //input[@id = '_newreg_WAR_registrationportlet_isBranchYes' and @name = '_newreg_WAR_registrationportlet_dto.registeredAsABranch' and @type = 'radio']' not found)

2018-12-04 10:18:42 - [MESSAGE][FAILED] - Unable to click on object 'Object Repository/Final Object Repo/New Registration - Registration Module Pages/Form 1/Registered As a Branch - Yes' (Root cause: com.kms.katalon.core.webui.exception.WebElementNotFoundException: Web element with id: 'Object Repository/Final Object Repo/New Registration - Registration Module Pages/Form 1/Registered As a Branch - Yes' located by 'By.xpath: //input[@id = '_newreg_WAR_registrationportlet_isBranchYes' and @name = '_newreg_WAR_registrationportlet_dto.registeredAsABranch' and @type = 'radio']' not found)
[[ATTACHMENT|C:\\Users\\Admin\\Desktop\\PKS\\Perkeso Phase A\\Reports\\Workflow\\New Registration\\20181204_093502\\1543889921831.png]]

2018-12-04 10:18:42 - [TEST_STEP][PASSED] - delay: Delayed 2 second(s)

2018-12-04 10:18:44 - [MESSAGE][PASSED] - Delayed 2 second(s)

2018-12-04 10:18:44 - [TEST_STEP][FAILED] - click: Unable to click on object 'Object Repository/Final Object Repo/New Registration - Registration Module Pages/New Reg - OTC to RO/Special Case - All Related Objects/Form 1 Save n Continue' (Root cause: com.kms.katalon.core.webui.exception.WebElementNotFoundException: Web element with id: 'Object Repository/Final Object Repo/New Registration - Registration Module Pages/New Reg - OTC to RO/Special Case - All Related Objects/Form 1 Save n Continue' located by 'By.xpath: //a[@id = 'newegfSubmit' and (text() = ' 
							SAVE & CONTINUE	
						' or . = ' 
							SAVE & CONTINUE	
						')]' not found)

2018-12-04 10:19:39 - [MESSAGE][FAILED] - Unable to click on object 'Object Repository/Final Object Repo/New Registration - Registration Module Pages/New Reg - OTC to RO/Special Case - All Related Objects/Form 1 Save n Continue' (Root cause: com.kms.katalon.core.webui.exception.WebElementNotFoundException: Web element with id: 'Object Repository/Final Object Repo/New Registration - Registration Module Pages/New Reg - OTC to RO/Special Case - All Related Objects/Form 1 Save n Continue' located by 'By.xpath: //a[@id = 'newegfSubmit' and (text() = ' 
							SAVE & CONTINUE	
						' or . = ' 
							SAVE & CONTINUE	
						')]' not found)
[[ATTACHMENT|C:\\Users\\Admin\\Desktop\\PKS\\Perkeso Phase A\\Reports\\Workflow\\New Registration\\20181204_093502\\1543889978615.png]]

2018-12-04 10:19:39 - [TEST_STEP][PASSED] - delay: Delayed 2 second(s)

2018-12-04 10:19:41 - [MESSAGE][PASSED] - Delayed 2 second(s)

2018-12-04 10:19:41 - [TEST_STEP][FAILED] - click: Unable to click on object 'Object Repository/Final Object Repo/New Registration - Registration Module Pages/New Reg - OTC to RO/Special Case - All Related Objects/Form 2 Save n Continue' (Root cause: com.kms.katalon.core.webui.exception.WebElementNotFoundException: Web element with id: 'Object Repository/Final Object Repo/New Registration - Registration Module Pages/New Reg - OTC to RO/Special Case - All Related Objects/Form 2 Save n Continue' located by 'By.xpath: //a[@targets = 'baseMsgDivId' and (text() = ' SAVE & CONTINUE	
				' or . = ' SAVE & CONTINUE	
				')]' not found)

2018-12-04 10:20:35 - [MESSAGE][FAILED] - Unable to click on object 'Object Repository/Final Object Repo/New Registration - Registration Module Pages/New Reg - OTC to RO/Special Case - All Related Objects/Form 2 Save n Continue' (Root cause: com.kms.katalon.core.webui.exception.WebElementNotFoundException: Web element with id: 'Object Repository/Final Object Repo/New Registration - Registration Module Pages/New Reg - OTC to RO/Special Case - All Related Objects/Form 2 Save n Continue' located by 'By.xpath: //a[@targets = 'baseMsgDivId' and (text() = ' SAVE & CONTINUE	
				' or . = ' SAVE & CONTINUE	
				')]' not found)
[[ATTACHMENT|C:\\Users\\Admin\\Desktop\\PKS\\Perkeso Phase A\\Reports\\Workflow\\New Registration\\20181204_093502\\1543890035311.png]]

2018-12-04 10:20:35 - [TEST_STEP][PASSED] - delay: Delayed 2 second(s)

2018-12-04 10:20:37 - [MESSAGE][PASSED] - Delayed 2 second(s)

2018-12-04 10:20:37 - [TEST_STEP][FAILED] - click: Unable to click on object 'Object Repository/Final Object Repo/New Registration - Registration Module Pages/New Reg - OTC to RO/Special Case - All Related Objects/Third Screen Save n Continue' (Root cause: com.kms.katalon.core.webui.exception.WebElementNotFoundException: Web element with id: 'Object Repository/Final Object Repo/New Registration - Registration Module Pages/New Reg - OTC to RO/Special Case - All Related Objects/Third Screen Save n Continue' located by 'By.xpath: //a[@targets = 'baseMsgDivId' and (text() = ' SAVE & CONTINUE	
				' or . = ' SAVE & CONTINUE	
				')]' not found)

2018-12-04 10:21:31 - [MESSAGE][FAILED] - Unable to click on object 'Object Repository/Final Object Repo/New Registration - Registration Module Pages/New Reg - OTC to RO/Special Case - All Related Objects/Third Screen Save n Continue' (Root cause: com.kms.katalon.core.webui.exception.WebElementNotFoundException: Web element with id: 'Object Repository/Final Object Repo/New Registration - Registration Module Pages/New Reg - OTC to RO/Special Case - All Related Objects/Third Screen Save n Continue' located by 'By.xpath: //a[@targets = 'baseMsgDivId' and (text() = ' SAVE & CONTINUE	
				' or . = ' SAVE & CONTINUE	
				')]' not found)
[[ATTACHMENT|C:\\Users\\Admin\\Desktop\\PKS\\Perkeso Phase A\\Reports\\Workflow\\New Registration\\20181204_093502\\1543890091260.png]]

2018-12-04 10:21:31 - [TEST_STEP][PASSED] - delay: Delayed 5 second(s)

2018-12-04 10:21:36 - [MESSAGE][PASSED] - Delayed 5 second(s)

2018-12-04 10:21:36 - [TEST_STEP][FAILED] - click: Unable to click on object 'Object Repository/Final Object Repo/New Registration - Registration Module Pages/New Reg - OTC to RO/Special Case - All Related Objects/Upload Doc Page Save n Continue' (Root cause: com.kms.katalon.core.webui.exception.WebElementNotFoundException: Web element with id: 'Object Repository/Final Object Repo/New Registration - Registration Module Pages/New Reg - OTC to RO/Special Case - All Related Objects/Upload Doc Page Save n Continue' located by 'By.xpath: //a[@id = '_newreg_WAR_registrationportlet_saveNContinueFormBtnId' and (text() = '
									SAVE & CONTINUE	
				                ' or . = '
									SAVE & CONTINUE	
				                ')]' not found)

2018-12-04 10:22:30 - [MESSAGE][FAILED] - Unable to click on object 'Object Repository/Final Object Repo/New Registration - Registration Module Pages/New Reg - OTC to RO/Special Case - All Related Objects/Upload Doc Page Save n Continue' (Root cause: com.kms.katalon.core.webui.exception.WebElementNotFoundException: Web element with id: 'Object Repository/Final Object Repo/New Registration - Registration Module Pages/New Reg - OTC to RO/Special Case - All Related Objects/Upload Doc Page Save n Continue' located by 'By.xpath: //a[@id = '_newreg_WAR_registrationportlet_saveNContinueFormBtnId' and (text() = '
									SAVE & CONTINUE	
				                ' or . = '
									SAVE & CONTINUE	
				                ')]' not found)
[[ATTACHMENT|C:\\Users\\Admin\\Desktop\\PKS\\Perkeso Phase A\\Reports\\Workflow\\New Registration\\20181204_093502\\1543890150646.png]]

2018-12-04 10:22:30 - [TEST_STEP][PASSED] - delay: Delayed 5 second(s)

2018-12-04 10:22:35 - [MESSAGE][PASSED] - Delayed 5 second(s)

2018-12-04 10:22:35 - [TEST_STEP][FAILED] - callTestCase: Unable to call Test Case with id 'Test Cases/Final Aug 2018 - PKS Automation/Registration Module/New Registration/Submit and Screenshot/Submit Registration and Screenshot' (Root cause: Call Test Case 'Test Cases/Final Aug 2018 - PKS Automation/Registration Module/New Registration/Submit and Screenshot/Submit Registration and Screenshot' failed)

2018-12-04 10:22:36 - [TEST_CASE][FAILED] - Test Cases/Final Aug 2018 - PKS Automation/Registration Module/New Registration/Submit and Screenshot/Submit Registration and Screenshot: Test Cases/Final Aug 2018 - PKS Automation/Registration Module/New Registration/Submit and Screenshot/Submit Registration and Screenshot FAILED because (of) (Stack trace: com.kms.katalon.core.exception.StepFailedException: Unable to click on object 'Object Repository/Final Object Repo/New Registration - Registration Module Pages/Third Screen - Upload Supporting Doc- Preview/Preview Submit Button' (Root cause: com.kms.katalon.core.webui.exception.WebElementNotFoundException: Web element with id: 'Object Repository/Final Object Repo/New Registration - Registration Module Pages/Third Screen - Upload Supporting Doc- Preview/Preview Submit Button' located by 'By.xpath: //a[@popupvalidatesubmit = 'true' and @class = 'btn btn-lg blueBtn col-md-2 pull-right browserIdBtn' and (text() = ' SUBMIT
					' or . = ' SUBMIT
					')]' not found)
	at com.kms.katalon.core.keyword.internal.KeywordMain.stepFailed(KeywordMain.groovy:32)
	at com.kms.katalon.core.webui.keyword.internal.WebUIKeywordMain.stepFailed(WebUIKeywordMain.groovy:65)
	at com.kms.katalon.core.webui.keyword.internal.WebUIKeywordMain.runKeyword(WebUIKeywordMain.groovy:27)
	at com.kms.katalon.core.webui.keyword.builtin.ClickKeyword.click(ClickKeyword.groovy:86)
	at com.kms.katalon.core.webui.keyword.builtin.ClickKeyword.execute(ClickKeyword.groovy:67)
	at com.kms.katalon.core.keyword.internal.KeywordExecutor.executeKeywordForPlatform(KeywordExecutor.groovy:53)
	at com.kms.katalon.core.webui.keyword.WebUiBuiltInKeywords.click(WebUiBuiltInKeywords.groovy:616)
	at com.kms.katalon.core.webui.keyword.WebUiBuiltInKeywords$click$2.call(Unknown Source)
	at Script1534476274484.run(Script1534476274484.groovy:32)
	at com.kms.katalon.core.main.ScriptEngine.run(ScriptEngine.java:183)
	at com.kms.katalon.core.main.ScriptEngine.runScriptAsRawText(ScriptEngine.java:108)
	at com.kms.katalon.core.main.TestCaseExecutor.runScript(TestCaseExecutor.java:294)
	at com.kms.katalon.core.main.TestCaseExecutor.doExecute(TestCaseExecutor.java:285)
	at com.kms.katalon.core.main.TestCaseExecutor.processExecutionPhase(TestCaseExecutor.java:264)
	at com.kms.katalon.core.main.TestCaseExecutor.accessMainPhase(TestCaseExecutor.java:256)
	at com.kms.katalon.core.main.TestCaseExecutor.execute(TestCaseExecutor.java:200)
	at com.kms.katalon.core.main.TestCaseMain.runTestCase(TestCaseMain.java:99)
	at com.kms.katalon.core.keyword.builtin.CallTestCaseKeyword$_callTestCase_closure1.doCall(CallTestCaseKeyword.groovy:60)
	at com.kms.katalon.core.keyword.builtin.CallTestCaseKeyword$_callTestCase_closure1.call(CallTestCaseKeyword.groovy)
	at com.kms.katalon.core.keyword.internal.KeywordMain.runKeyword(KeywordMain.groovy:54)
	at com.kms.katalon.core.keyword.builtin.CallTestCaseKeyword.callTestCase(CallTestCaseKeyword.groovy:81)
	at com.kms.katalon.core.keyword.builtin.CallTestCaseKeyword.execute(CallTestCaseKeyword.groovy:45)
	at com.kms.katalon.core.keyword.internal.KeywordExecutor.executeKeywordForPlatform(KeywordExecutor.groovy:53)
	at com.kms.katalon.core.keyword.BuiltinKeywords.callTestCase(BuiltinKeywords.groovy:334)
	at sun.reflect.GeneratedMethodAccessor13.invoke(Unknown Source)
	at sun.reflect.DelegatingMethodAccessorImpl.invoke(DelegatingMethodAccessorImpl.java:43)
	at java.lang.reflect.Method.invoke(Method.java:498)
	at org.codehaus.groovy.reflection.CachedMethod.invoke(CachedMethod.java:93)
	at groovy.lang.MetaMethod.doMethodInvoke(MetaMethod.java:325)
	at groovy.lang.MetaClassImpl.invokeStaticMethod(MetaClassImpl.java:1469)
	at org.codehaus.groovy.runtime.callsite.StaticMetaClassSite.call(StaticMetaClassSite.java:53)
	at org.codehaus.groovy.runtime.callsite.CallSiteArray.defaultCall(CallSiteArray.java:48)
	at org.codehaus.groovy.runtime.callsite.AbstractCallSite.call(AbstractCallSite.java:113)
	at org.codehaus.groovy.runtime.callsite.AbstractCallSite.call(AbstractCallSite.java:141)
	at Script1535599319727.run(Script1535599319727.groovy:187)
	at com.kms.katalon.core.main.ScriptEngine.run(ScriptEngine.java:183)
	at com.kms.katalon.core.main.ScriptEngine.runScriptAsRawText(ScriptEngine.java:108)
	at com.kms.katalon.core.main.TestCaseExecutor.runScript(TestCaseExecutor.java:294)
	at com.kms.katalon.core.main.TestCaseExecutor.doExecute(TestCaseExecutor.java:285)
	at com.kms.katalon.core.main.TestCaseExecutor.processExecutionPhase(TestCaseExecutor.java:264)
	at com.kms.katalon.core.main.TestCaseExecutor.accessMainPhase(TestCaseExecutor.java:256)
	at com.kms.katalon.core.main.TestCaseExecutor.execute(TestCaseExecutor.java:200)
	at com.kms.katalon.core.main.TestSuiteExecutor.accessTestCaseMainPhase(TestSuiteExecutor.java:129)
	at com.kms.katalon.core.main.TestSuiteExecutor.accessTestSuiteMainPhase(TestSuiteExecutor.java:112)
	at com.kms.katalon.core.main.TestSuiteExecutor.execute(TestSuiteExecutor.java:81)
	at com.kms.katalon.core.main.TestCaseMain.startTestSuite(TestCaseMain.java:142)
	at com.kms.katalon.core.main.TestCaseMain$startTestSuite$0.call(Unknown Source)
	at org.codehaus.groovy.runtime.callsite.CallSiteArray.defaultCall(CallSiteArray.java:48)
	at org.codehaus.groovy.runtime.callsite.AbstractCallSite.call(AbstractCallSite.java:113)
	at org.codehaus.groovy.runtime.callsite.AbstractCallSite.call(AbstractCallSite.java:141)
	at TempTestSuite1543887302996.run(TempTestSuite1543887302996.groovy:36)
	at groovy.lang.GroovyShell.runScriptOrMainOrTestOrRunnable(GroovyShell.java:263)
	at groovy.lang.GroovyShell.run(GroovyShell.java:518)
	at groovy.lang.GroovyShell.run(GroovyShell.java:507)
	at groovy.ui.GroovyMain.processOnce(GroovyMain.java:653)
	at groovy.ui.GroovyMain.run(GroovyMain.java:384)
	at groovy.ui.GroovyMain.process(GroovyMain.java:370)
	at groovy.ui.GroovyMain.processArgs(GroovyMain.java:129)
	at groovy.ui.GroovyMain.main(GroovyMain.java:109)
	at sun.reflect.NativeMethodAccessorImpl.invoke0(Native Method)
	at sun.reflect.NativeMethodAccessorImpl.invoke(NativeMethodAccessorImpl.java:62)
	at sun.reflect.DelegatingMethodAccessorImpl.invoke(DelegatingMethodAccessorImpl.java:43)
	at java.lang.reflect.Method.invoke(Method.java:498)
	at org.codehaus.groovy.tools.GroovyStarter.rootLoader(GroovyStarter.java:109)
	at org.codehaus.groovy.tools.GroovyStarter.main(GroovyStarter.java:131)
)

2018-12-04 10:22:36 - [TEST_STEP][PASSED] - delay: Delayed 6 second(s)

2018-12-04 10:22:42 - [MESSAGE][PASSED] - Delayed 6 second(s)

2018-12-04 10:22:42 - [TEST_STEP][FAILED] - click: Unable to click on object 'Object Repository/Final Object Repo/New Registration - Registration Module Pages/Third Screen - Upload Supporting Doc- Preview/Preview Submit Button' (Root cause: com.kms.katalon.core.webui.exception.WebElementNotFoundException: Web element with id: 'Object Repository/Final Object Repo/New Registration - Registration Module Pages/Third Screen - Upload Supporting Doc- Preview/Preview Submit Button' located by 'By.xpath: //a[@popupvalidatesubmit = 'true' and @class = 'btn btn-lg blueBtn col-md-2 pull-right browserIdBtn' and (text() = ' SUBMIT
					' or . = ' SUBMIT
					')]' not found)

2018-12-04 10:23:37 - [MESSAGE][FAILED] - Unable to click on object 'Object Repository/Final Object Repo/New Registration - Registration Module Pages/Third Screen - Upload Supporting Doc- Preview/Preview Submit Button' (Root cause: com.kms.katalon.core.webui.exception.WebElementNotFoundException: Web element with id: 'Object Repository/Final Object Repo/New Registration - Registration Module Pages/Third Screen - Upload Supporting Doc- Preview/Preview Submit Button' located by 'By.xpath: //a[@popupvalidatesubmit = 'true' and @class = 'btn btn-lg blueBtn col-md-2 pull-right browserIdBtn' and (text() = ' SUBMIT
					' or . = ' SUBMIT
					')]' not found)
[[ATTACHMENT|C:\\Users\\Admin\\Desktop\\PKS\\Perkeso Phase A\\Reports\\Workflow\\New Registration\\20181204_093502\\1543890217212.png]]

2018-12-04 10:23:37 - [TEST_STEP][PASSED] - delay: Delayed 2 second(s)

2018-12-04 10:23:39 - [MESSAGE][PASSED] - Delayed 2 second(s)

2018-12-04 10:23:39 - [TEST_STEP][FAILED] - click: Unable to click on object 'Object Repository/Final Object Repo/New Registration - Registration Module Pages/Third Screen - Upload Supporting Doc- Preview/Preview Submit - Confirm' (Root cause: com.kms.katalon.core.webui.exception.WebElementNotFoundException: Web element with id: 'Object Repository/Final Object Repo/New Registration - Registration Module Pages/Third Screen - Upload Supporting Doc- Preview/Preview Submit - Confirm' located by 'By.xpath: //span[@id = 'confirmword' and (text() = 'CONFIRM' or . = 'CONFIRM')]' not found)

2018-12-04 10:24:22 - [MESSAGE][FAILED] - Unable to click on object 'Object Repository/Final Object Repo/New Registration - Registration Module Pages/Third Screen - Upload Supporting Doc- Preview/Preview Submit - Confirm' (Root cause: com.kms.katalon.core.webui.exception.WebElementNotFoundException: Web element with id: 'Object Repository/Final Object Repo/New Registration - Registration Module Pages/Third Screen - Upload Supporting Doc- Preview/Preview Submit - Confirm' located by 'By.xpath: //span[@id = 'confirmword' and (text() = 'CONFIRM' or . = 'CONFIRM')]' not found)
[[ATTACHMENT|C:\\Users\\Admin\\Desktop\\PKS\\Perkeso Phase A\\Reports\\Workflow\\New Registration\\20181204_093502\\1543890262091.png]]

2018-12-04 10:24:22 - [TEST_STEP][PASSED] - delay: Delayed 15 second(s)

2018-12-04 10:24:37 - [MESSAGE][PASSED] - Delayed 15 second(s)

2018-12-04 10:24:37 - [TEST_STEP][PASSED] - Statement - driver = com.kms.katalon.core.webui.driver.DriverFactory.getWebDriver(): null

2018-12-04 10:24:37 - [TEST_STEP][PASSED] - Statement - driver.manage().timeouts().implicitlyWait(10, SECONDS): null

2018-12-04 10:24:37 - [TEST_STEP][PASSED] - Statement - PresavePath = KatalonScreenshots: null

2018-12-04 10:24:37 - [TEST_STEP][PASSED] - Statement - pathPrefix = "C:\Users\Public\Pictures\Sample Pictures\Katalon Screenshots\Automate Ending Screen": null

2018-12-04 10:24:37 - [TEST_STEP][PASSED] - Statement - finalPath = <not implemented yet for class: org.codehaus.groovy.ast.expr.EmptyExpression>: null

2018-12-04 10:24:37 - [TEST_STEP][PASSED] - Statement - scrFile = driver.getScreenshotAs(FILE): null

2018-12-04 10:24:37 - [TEST_STEP][PASSED] - Statement - PreSaveFile = new java.io.File(PresavePath): null

2018-12-04 10:24:37 - [TEST_STEP][PASSED] - Statement - counter = 0: null

2018-12-04 10:24:37 - [TEST_STEP][PASSED] - Statement - If (PreSaveFile.exists()): null

2018-12-04 10:24:37 - [TEST_STEP][PASSED] - Statement - While (PreSaveFile.exists()): null

2018-12-04 10:24:37 - [TEST_STEP][PASSED] - Statement - counter = counter + 1: null

2018-12-04 10:24:37 - [TEST_STEP][PASSED] - Statement - PreSaveFile = new java.io.File(((pathPrefix + java.lang.Integer.toString(counter)) + .png)): null

2018-12-04 10:24:37 - [TEST_STEP][PASSED] - Statement - counter = counter + 1: null

2018-12-04 10:24:37 - [TEST_STEP][PASSED] - Statement - PreSaveFile = new java.io.File(((pathPrefix + java.lang.Integer.toString(counter)) + .png)): null

2018-12-04 10:24:37 - [TEST_STEP][PASSED] - Statement - counter = counter + 1: null

2018-12-04 10:24:37 - [TEST_STEP][PASSED] - Statement - PreSaveFile = new java.io.File(((pathPrefix + java.lang.Integer.toString(counter)) + .png)): null

2018-12-04 10:24:37 - [TEST_STEP][PASSED] - Statement - counter = counter + 1: null

2018-12-04 10:24:37 - [TEST_STEP][PASSED] - Statement - PreSaveFile = new java.io.File(((pathPrefix + java.lang.Integer.toString(counter)) + .png)): null

2018-12-04 10:24:37 - [TEST_STEP][PASSED] - Statement - counter = counter + 1: null

2018-12-04 10:24:37 - [TEST_STEP][PASSED] - Statement - PreSaveFile = new java.io.File(((pathPrefix + java.lang.Integer.toString(counter)) + .png)): null

2018-12-04 10:24:37 - [TEST_STEP][PASSED] - Statement - counter = counter + 1: null

2018-12-04 10:24:37 - [TEST_STEP][PASSED] - Statement - PreSaveFile = new java.io.File(((pathPrefix + java.lang.Integer.toString(counter)) + .png)): null

2018-12-04 10:24:37 - [TEST_STEP][PASSED] - Statement - counter = counter + 1: null

2018-12-04 10:24:37 - [TEST_STEP][PASSED] - Statement - PreSaveFile = new java.io.File(((pathPrefix + java.lang.Integer.toString(counter)) + .png)): null

2018-12-04 10:24:37 - [TEST_STEP][PASSED] - Statement - counter = counter + 1: null

2018-12-04 10:24:38 - [TEST_STEP][PASSED] - Statement - PreSaveFile = new java.io.File(((pathPrefix + java.lang.Integer.toString(counter)) + .png)): null

2018-12-04 10:24:38 - [TEST_STEP][PASSED] - Statement - counter = counter + 1: null

2018-12-04 10:24:38 - [TEST_STEP][PASSED] - Statement - PreSaveFile = new java.io.File(((pathPrefix + java.lang.Integer.toString(counter)) + .png)): null

2018-12-04 10:24:38 - [TEST_STEP][PASSED] - Statement - counter = counter + 1: null

2018-12-04 10:24:38 - [TEST_STEP][PASSED] - Statement - PreSaveFile = new java.io.File(((pathPrefix + java.lang.Integer.toString(counter)) + .png)): null

2018-12-04 10:24:38 - [TEST_STEP][PASSED] - Statement - counter = counter + 1: null

2018-12-04 10:24:38 - [TEST_STEP][PASSED] - Statement - PreSaveFile = new java.io.File(((pathPrefix + java.lang.Integer.toString(counter)) + .png)): null

2018-12-04 10:24:38 - [TEST_STEP][PASSED] - Statement - counter = counter + 1: null

2018-12-04 10:24:38 - [TEST_STEP][PASSED] - Statement - PreSaveFile = new java.io.File(((pathPrefix + java.lang.Integer.toString(counter)) + .png)): null

2018-12-04 10:24:38 - [TEST_STEP][PASSED] - Statement - counter = counter + 1: null

2018-12-04 10:24:38 - [TEST_STEP][PASSED] - Statement - PreSaveFile = new java.io.File(((pathPrefix + java.lang.Integer.toString(counter)) + .png)): null

2018-12-04 10:24:38 - [TEST_STEP][PASSED] - Statement - counter = counter + 1: null

2018-12-04 10:24:38 - [TEST_STEP][PASSED] - Statement - PreSaveFile = new java.io.File(((pathPrefix + java.lang.Integer.toString(counter)) + .png)): null

2018-12-04 10:24:38 - [TEST_STEP][PASSED] - Statement - counter = counter + 1: null

2018-12-04 10:24:38 - [TEST_STEP][PASSED] - Statement - PreSaveFile = new java.io.File(((pathPrefix + java.lang.Integer.toString(counter)) + .png)): null

2018-12-04 10:24:38 - [TEST_STEP][PASSED] - Statement - counter = counter + 1: null

2018-12-04 10:24:38 - [TEST_STEP][PASSED] - Statement - PreSaveFile = new java.io.File(((pathPrefix + java.lang.Integer.toString(counter)) + .png)): null

2018-12-04 10:24:38 - [TEST_STEP][PASSED] - Statement - counter = counter + 1: null

2018-12-04 10:24:38 - [TEST_STEP][PASSED] - Statement - PreSaveFile = new java.io.File(((pathPrefix + java.lang.Integer.toString(counter)) + .png)): null

2018-12-04 10:24:38 - [TEST_STEP][PASSED] - Statement - counter = counter + 1: null

2018-12-04 10:24:38 - [TEST_STEP][PASSED] - Statement - PreSaveFile = new java.io.File(((pathPrefix + java.lang.Integer.toString(counter)) + .png)): null

2018-12-04 10:24:39 - [TEST_STEP][PASSED] - Statement - counter = counter + 1: null

2018-12-04 10:24:39 - [TEST_STEP][PASSED] - Statement - PreSaveFile = new java.io.File(((pathPrefix + java.lang.Integer.toString(counter)) + .png)): null

2018-12-04 10:24:39 - [TEST_STEP][PASSED] - Statement - counter = counter + 1: null

2018-12-04 10:24:39 - [TEST_STEP][PASSED] - Statement - PreSaveFile = new java.io.File(((pathPrefix + java.lang.Integer.toString(counter)) + .png)): null

2018-12-04 10:24:39 - [TEST_STEP][PASSED] - Statement - counter = counter + 1: null

2018-12-04 10:24:39 - [TEST_STEP][PASSED] - Statement - PreSaveFile = new java.io.File(((pathPrefix + java.lang.Integer.toString(counter)) + .png)): null

2018-12-04 10:24:39 - [TEST_STEP][PASSED] - Statement - counter = counter + 1: null

2018-12-04 10:24:39 - [TEST_STEP][PASSED] - Statement - PreSaveFile = new java.io.File(((pathPrefix + java.lang.Integer.toString(counter)) + .png)): null

2018-12-04 10:24:39 - [TEST_STEP][PASSED] - Statement - counter = counter + 1: null

2018-12-04 10:24:40 - [TEST_STEP][PASSED] - Statement - PreSaveFile = new java.io.File(((pathPrefix + java.lang.Integer.toString(counter)) + .png)): null

2018-12-04 10:24:40 - [TEST_STEP][PASSED] - Statement - counter = counter + 1: null

2018-12-04 10:24:40 - [TEST_STEP][PASSED] - Statement - PreSaveFile = new java.io.File(((pathPrefix + java.lang.Integer.toString(counter)) + .png)): null

2018-12-04 10:24:40 - [TEST_STEP][PASSED] - Statement - counter = counter + 1: null

2018-12-04 10:24:40 - [TEST_STEP][PASSED] - Statement - PreSaveFile = new java.io.File(((pathPrefix + java.lang.Integer.toString(counter)) + .png)): null

2018-12-04 10:24:40 - [TEST_STEP][PASSED] - Statement - counter = counter + 1: null

2018-12-04 10:24:40 - [TEST_STEP][PASSED] - Statement - PreSaveFile = new java.io.File(((pathPrefix + java.lang.Integer.toString(counter)) + .png)): null

2018-12-04 10:24:40 - [TEST_STEP][PASSED] - Statement - counter = counter + 1: null

2018-12-04 10:24:40 - [TEST_STEP][PASSED] - Statement - PreSaveFile = new java.io.File(((pathPrefix + java.lang.Integer.toString(counter)) + .png)): null

2018-12-04 10:24:40 - [TEST_STEP][PASSED] - Statement - counter = counter + 1: null

2018-12-04 10:24:41 - [TEST_STEP][PASSED] - Statement - PreSaveFile = new java.io.File(((pathPrefix + java.lang.Integer.toString(counter)) + .png)): null

2018-12-04 10:24:41 - [TEST_STEP][PASSED] - Statement - counter = counter + 1: null

2018-12-04 10:24:41 - [TEST_STEP][PASSED] - Statement - PreSaveFile = new java.io.File(((pathPrefix + java.lang.Integer.toString(counter)) + .png)): null

2018-12-04 10:24:41 - [TEST_STEP][PASSED] - Statement - counter = counter + 1: null

2018-12-04 10:24:41 - [TEST_STEP][PASSED] - Statement - PreSaveFile = new java.io.File(((pathPrefix + java.lang.Integer.toString(counter)) + .png)): null

2018-12-04 10:24:41 - [TEST_STEP][PASSED] - Statement - counter = counter + 1: null

2018-12-04 10:24:41 - [TEST_STEP][PASSED] - Statement - PreSaveFile = new java.io.File(((pathPrefix + java.lang.Integer.toString(counter)) + .png)): null

2018-12-04 10:24:41 - [TEST_STEP][PASSED] - Statement - counter = counter + 1: null

2018-12-04 10:24:41 - [TEST_STEP][PASSED] - Statement - PreSaveFile = new java.io.File(((pathPrefix + java.lang.Integer.toString(counter)) + .png)): null

2018-12-04 10:24:41 - [TEST_STEP][PASSED] - Statement - counter = counter + 1: null

2018-12-04 10:24:42 - [TEST_STEP][PASSED] - Statement - PreSaveFile = new java.io.File(((pathPrefix + java.lang.Integer.toString(counter)) + .png)): null

2018-12-04 10:24:42 - [TEST_STEP][PASSED] - Statement - counter = counter + 1: null

2018-12-04 10:24:42 - [TEST_STEP][PASSED] - Statement - PreSaveFile = new java.io.File(((pathPrefix + java.lang.Integer.toString(counter)) + .png)): null

2018-12-04 10:24:42 - [TEST_STEP][PASSED] - Statement - counter = counter + 1: null

2018-12-04 10:24:42 - [TEST_STEP][PASSED] - Statement - PreSaveFile = new java.io.File(((pathPrefix + java.lang.Integer.toString(counter)) + .png)): null

2018-12-04 10:24:42 - [TEST_STEP][PASSED] - Statement - counter = counter + 1: null

2018-12-04 10:24:42 - [TEST_STEP][PASSED] - Statement - PreSaveFile = new java.io.File(((pathPrefix + java.lang.Integer.toString(counter)) + .png)): null

2018-12-04 10:24:42 - [TEST_STEP][PASSED] - Statement - counter = counter + 1: null

2018-12-04 10:24:42 - [TEST_STEP][PASSED] - Statement - PreSaveFile = new java.io.File(((pathPrefix + java.lang.Integer.toString(counter)) + .png)): null

2018-12-04 10:24:43 - [TEST_STEP][PASSED] - Statement - counter = counter + 1: null

2018-12-04 10:24:43 - [TEST_STEP][PASSED] - Statement - PreSaveFile = new java.io.File(((pathPrefix + java.lang.Integer.toString(counter)) + .png)): null

2018-12-04 10:24:43 - [TEST_STEP][PASSED] - Statement - counter = counter + 1: null

2018-12-04 10:24:43 - [TEST_STEP][PASSED] - Statement - PreSaveFile = new java.io.File(((pathPrefix + java.lang.Integer.toString(counter)) + .png)): null

2018-12-04 10:24:43 - [TEST_STEP][PASSED] - Statement - counter = counter + 1: null

2018-12-04 10:24:43 - [TEST_STEP][PASSED] - Statement - PreSaveFile = new java.io.File(((pathPrefix + java.lang.Integer.toString(counter)) + .png)): null

2018-12-04 10:24:43 - [TEST_STEP][PASSED] - Statement - counter = counter + 1: null

2018-12-04 10:24:43 - [TEST_STEP][PASSED] - Statement - PreSaveFile = new java.io.File(((pathPrefix + java.lang.Integer.toString(counter)) + .png)): null

2018-12-04 10:24:43 - [TEST_STEP][PASSED] - Statement - counter = counter + 1: null

2018-12-04 10:24:45 - [TEST_STEP][PASSED] - Statement - PreSaveFile = new java.io.File(((pathPrefix + java.lang.Integer.toString(counter)) + .png)): null

2018-12-04 10:24:45 - [TEST_STEP][PASSED] - Statement - counter = counter + 1: null

2018-12-04 10:24:45 - [TEST_STEP][PASSED] - Statement - PreSaveFile = new java.io.File(((pathPrefix + java.lang.Integer.toString(counter)) + .png)): null

2018-12-04 10:24:45 - [TEST_STEP][PASSED] - Statement - counter = counter + 1: null

2018-12-04 10:24:45 - [TEST_STEP][PASSED] - Statement - PreSaveFile = new java.io.File(((pathPrefix + java.lang.Integer.toString(counter)) + .png)): null

2018-12-04 10:24:45 - [TEST_STEP][PASSED] - Statement - counter = counter + 1: null

2018-12-04 10:24:45 - [TEST_STEP][PASSED] - Statement - PreSaveFile = new java.io.File(((pathPrefix + java.lang.Integer.toString(counter)) + .png)): null

2018-12-04 10:24:45 - [TEST_STEP][PASSED] - Statement - counter = counter + 1: null

2018-12-04 10:24:45 - [TEST_STEP][PASSED] - Statement - PreSaveFile = new java.io.File(((pathPrefix + java.lang.Integer.toString(counter)) + .png)): null

2018-12-04 10:24:45 - [TEST_STEP][PASSED] - Statement - counter = counter + 1: null

2018-12-04 10:24:46 - [TEST_STEP][PASSED] - Statement - PreSaveFile = new java.io.File(((pathPrefix + java.lang.Integer.toString(counter)) + .png)): null

2018-12-04 10:24:46 - [TEST_STEP][PASSED] - Statement - counter = counter + 1: null

2018-12-04 10:24:46 - [TEST_STEP][PASSED] - Statement - PreSaveFile = new java.io.File(((pathPrefix + java.lang.Integer.toString(counter)) + .png)): null

2018-12-04 10:24:46 - [TEST_STEP][PASSED] - Statement - counter = counter + 1: null

2018-12-04 10:24:46 - [TEST_STEP][PASSED] - Statement - PreSaveFile = new java.io.File(((pathPrefix + java.lang.Integer.toString(counter)) + .png)): null

2018-12-04 10:24:46 - [TEST_STEP][PASSED] - Statement - counter = counter + 1: null

2018-12-04 10:24:46 - [TEST_STEP][PASSED] - Statement - PreSaveFile = new java.io.File(((pathPrefix + java.lang.Integer.toString(counter)) + .png)): null

2018-12-04 10:24:46 - [TEST_STEP][PASSED] - Statement - counter = counter + 1: null

2018-12-04 10:24:46 - [TEST_STEP][PASSED] - Statement - PreSaveFile = new java.io.File(((pathPrefix + java.lang.Integer.toString(counter)) + .png)): null

2018-12-04 10:24:46 - [TEST_STEP][PASSED] - Statement - counter = counter + 1: null

2018-12-04 10:24:47 - [TEST_STEP][PASSED] - Statement - PreSaveFile = new java.io.File(((pathPrefix + java.lang.Integer.toString(counter)) + .png)): null

2018-12-04 10:24:47 - [TEST_STEP][PASSED] - Statement - counter = counter + 1: null

2018-12-04 10:24:47 - [TEST_STEP][PASSED] - Statement - PreSaveFile = new java.io.File(((pathPrefix + java.lang.Integer.toString(counter)) + .png)): null

2018-12-04 10:24:47 - [TEST_STEP][PASSED] - Statement - counter = counter + 1: null

2018-12-04 10:24:47 - [TEST_STEP][PASSED] - Statement - PreSaveFile = new java.io.File(((pathPrefix + java.lang.Integer.toString(counter)) + .png)): null

2018-12-04 10:24:47 - [TEST_STEP][PASSED] - Statement - counter = counter + 1: null

2018-12-04 10:24:47 - [TEST_STEP][PASSED] - Statement - PreSaveFile = new java.io.File(((pathPrefix + java.lang.Integer.toString(counter)) + .png)): null

2018-12-04 10:24:47 - [TEST_STEP][PASSED] - Statement - counter = counter + 1: null

2018-12-04 10:24:47 - [TEST_STEP][PASSED] - Statement - PreSaveFile = new java.io.File(((pathPrefix + java.lang.Integer.toString(counter)) + .png)): null

2018-12-04 10:24:47 - [TEST_STEP][PASSED] - Statement - counter = counter + 1: null

2018-12-04 10:24:48 - [TEST_STEP][PASSED] - Statement - PreSaveFile = new java.io.File(((pathPrefix + java.lang.Integer.toString(counter)) + .png)): null

2018-12-04 10:24:48 - [TEST_STEP][PASSED] - Statement - counter = counter + 1: null

2018-12-04 10:24:48 - [TEST_STEP][PASSED] - Statement - PreSaveFile = new java.io.File(((pathPrefix + java.lang.Integer.toString(counter)) + .png)): null

2018-12-04 10:24:48 - [TEST_STEP][PASSED] - Statement - counter = counter + 1: null

2018-12-04 10:24:48 - [TEST_STEP][PASSED] - Statement - PreSaveFile = new java.io.File(((pathPrefix + java.lang.Integer.toString(counter)) + .png)): null

2018-12-04 10:24:48 - [TEST_STEP][PASSED] - Statement - counter = counter + 1: null

2018-12-04 10:24:48 - [TEST_STEP][PASSED] - Statement - PreSaveFile = new java.io.File(((pathPrefix + java.lang.Integer.toString(counter)) + .png)): null

2018-12-04 10:24:48 - [TEST_STEP][PASSED] - Statement - counter = counter + 1: null

2018-12-04 10:24:48 - [TEST_STEP][PASSED] - Statement - PreSaveFile = new java.io.File(((pathPrefix + java.lang.Integer.toString(counter)) + .png)): null

2018-12-04 10:24:50 - [TEST_STEP][PASSED] - Statement - counter = counter + 1: null

2018-12-04 10:24:50 - [TEST_STEP][PASSED] - Statement - PreSaveFile = new java.io.File(((pathPrefix + java.lang.Integer.toString(counter)) + .png)): null

2018-12-04 10:24:50 - [TEST_STEP][PASSED] - Statement - counter = counter + 1: null

2018-12-04 10:24:50 - [TEST_STEP][PASSED] - Statement - PreSaveFile = new java.io.File(((pathPrefix + java.lang.Integer.toString(counter)) + .png)): null

2018-12-04 10:24:50 - [TEST_STEP][PASSED] - Statement - counter = counter + 1: null

2018-12-04 10:24:50 - [TEST_STEP][PASSED] - Statement - PreSaveFile = new java.io.File(((pathPrefix + java.lang.Integer.toString(counter)) + .png)): null

2018-12-04 10:24:50 - [TEST_STEP][PASSED] - Statement - counter = counter + 1: null

2018-12-04 10:24:50 - [TEST_STEP][PASSED] - Statement - PreSaveFile = new java.io.File(((pathPrefix + java.lang.Integer.toString(counter)) + .png)): null

2018-12-04 10:24:50 - [TEST_STEP][PASSED] - Statement - counter = counter + 1: null

2018-12-04 10:24:51 - [TEST_STEP][PASSED] - Statement - PreSaveFile = new java.io.File(((pathPrefix + java.lang.Integer.toString(counter)) + .png)): null

2018-12-04 10:24:51 - [TEST_STEP][PASSED] - Statement - counter = counter + 1: null

2018-12-04 10:24:51 - [TEST_STEP][PASSED] - Statement - PreSaveFile = new java.io.File(((pathPrefix + java.lang.Integer.toString(counter)) + .png)): null

2018-12-04 10:24:51 - [TEST_STEP][PASSED] - Statement - counter = counter + 1: null

2018-12-04 10:24:51 - [TEST_STEP][PASSED] - Statement - PreSaveFile = new java.io.File(((pathPrefix + java.lang.Integer.toString(counter)) + .png)): null

2018-12-04 10:24:51 - [TEST_STEP][PASSED] - Statement - counter = counter + 1: null

2018-12-04 10:24:51 - [TEST_STEP][PASSED] - Statement - PreSaveFile = new java.io.File(((pathPrefix + java.lang.Integer.toString(counter)) + .png)): null

2018-12-04 10:24:51 - [TEST_STEP][PASSED] - Statement - counter = counter + 1: null

2018-12-04 10:24:51 - [TEST_STEP][PASSED] - Statement - PreSaveFile = new java.io.File(((pathPrefix + java.lang.Integer.toString(counter)) + .png)): null

2018-12-04 10:24:51 - [TEST_STEP][PASSED] - Statement - counter = counter + 1: null

2018-12-04 10:24:53 - [TEST_STEP][PASSED] - Statement - PreSaveFile = new java.io.File(((pathPrefix + java.lang.Integer.toString(counter)) + .png)): null

2018-12-04 10:24:53 - [TEST_STEP][PASSED] - Statement - counter = counter + 1: null

2018-12-04 10:24:53 - [TEST_STEP][PASSED] - Statement - PreSaveFile = new java.io.File(((pathPrefix + java.lang.Integer.toString(counter)) + .png)): null

2018-12-04 10:24:53 - [TEST_STEP][PASSED] - Statement - counter = counter + 1: null

2018-12-04 10:24:53 - [TEST_STEP][PASSED] - Statement - PreSaveFile = new java.io.File(((pathPrefix + java.lang.Integer.toString(counter)) + .png)): null

2018-12-04 10:24:53 - [TEST_STEP][PASSED] - Statement - counter = counter + 1: null

2018-12-04 10:24:53 - [TEST_STEP][PASSED] - Statement - PreSaveFile = new java.io.File(((pathPrefix + java.lang.Integer.toString(counter)) + .png)): null

2018-12-04 10:24:53 - [TEST_STEP][PASSED] - Statement - counter = counter + 1: null

2018-12-04 10:24:53 - [TEST_STEP][PASSED] - Statement - PreSaveFile = new java.io.File(((pathPrefix + java.lang.Integer.toString(counter)) + .png)): null

2018-12-04 10:24:53 - [TEST_STEP][PASSED] - Statement - counter = counter + 1: null

2018-12-04 10:24:54 - [TEST_STEP][PASSED] - Statement - PreSaveFile = new java.io.File(((pathPrefix + java.lang.Integer.toString(counter)) + .png)): null

2018-12-04 10:24:54 - [TEST_STEP][PASSED] - Statement - counter = counter + 1: null

2018-12-04 10:24:54 - [TEST_STEP][PASSED] - Statement - PreSaveFile = new java.io.File(((pathPrefix + java.lang.Integer.toString(counter)) + .png)): null

2018-12-04 10:24:54 - [TEST_STEP][PASSED] - Statement - counter = counter + 1: null

2018-12-04 10:24:54 - [TEST_STEP][PASSED] - Statement - PreSaveFile = new java.io.File(((pathPrefix + java.lang.Integer.toString(counter)) + .png)): null

2018-12-04 10:24:54 - [TEST_STEP][PASSED] - Statement - counter = counter + 1: null

2018-12-04 10:24:54 - [TEST_STEP][PASSED] - Statement - PreSaveFile = new java.io.File(((pathPrefix + java.lang.Integer.toString(counter)) + .png)): null

2018-12-04 10:24:54 - [TEST_STEP][PASSED] - Statement - counter = counter + 1: null

2018-12-04 10:24:54 - [TEST_STEP][PASSED] - Statement - PreSaveFile = new java.io.File(((pathPrefix + java.lang.Integer.toString(counter)) + .png)): null

2018-12-04 10:24:56 - [TEST_STEP][PASSED] - Statement - counter = counter + 1: null

2018-12-04 10:24:56 - [TEST_STEP][PASSED] - Statement - PreSaveFile = new java.io.File(((pathPrefix + java.lang.Integer.toString(counter)) + .png)): null

2018-12-04 10:24:56 - [TEST_STEP][PASSED] - Statement - counter = counter + 1: null

2018-12-04 10:24:56 - [TEST_STEP][PASSED] - Statement - PreSaveFile = new java.io.File(((pathPrefix + java.lang.Integer.toString(counter)) + .png)): null

2018-12-04 10:24:56 - [TEST_STEP][PASSED] - Statement - counter = counter + 1: null

2018-12-04 10:24:56 - [TEST_STEP][PASSED] - Statement - PreSaveFile = new java.io.File(((pathPrefix + java.lang.Integer.toString(counter)) + .png)): null

2018-12-04 10:24:56 - [TEST_STEP][PASSED] - Statement - counter = counter + 1: null

2018-12-04 10:24:56 - [TEST_STEP][PASSED] - Statement - PreSaveFile = new java.io.File(((pathPrefix + java.lang.Integer.toString(counter)) + .png)): null

2018-12-04 10:24:56 - [TEST_STEP][PASSED] - Statement - counter = counter + 1: null

2018-12-04 10:24:56 - [TEST_STEP][PASSED] - Statement - PreSaveFile = new java.io.File(((pathPrefix + java.lang.Integer.toString(counter)) + .png)): null

2018-12-04 10:24:57 - [TEST_STEP][PASSED] - Statement - counter = counter + 1: null

2018-12-04 10:24:57 - [TEST_STEP][PASSED] - Statement - PreSaveFile = new java.io.File(((pathPrefix + java.lang.Integer.toString(counter)) + .png)): null

2018-12-04 10:24:57 - [TEST_STEP][PASSED] - Statement - counter = counter + 1: null

2018-12-04 10:24:57 - [TEST_STEP][PASSED] - Statement - PreSaveFile = new java.io.File(((pathPrefix + java.lang.Integer.toString(counter)) + .png)): null

2018-12-04 10:24:57 - [TEST_STEP][PASSED] - Statement - counter = counter + 1: null

2018-12-04 10:24:57 - [TEST_STEP][PASSED] - Statement - PreSaveFile = new java.io.File(((pathPrefix + java.lang.Integer.toString(counter)) + .png)): null

2018-12-04 10:24:57 - [TEST_STEP][PASSED] - Statement - counter = counter + 1: null

2018-12-04 10:24:57 - [TEST_STEP][PASSED] - Statement - PreSaveFile = new java.io.File(((pathPrefix + java.lang.Integer.toString(counter)) + .png)): null

2018-12-04 10:24:57 - [TEST_STEP][PASSED] - Statement - counter = counter + 1: null

2018-12-04 10:24:59 - [TEST_STEP][PASSED] - Statement - PreSaveFile = new java.io.File(((pathPrefix + java.lang.Integer.toString(counter)) + .png)): null

2018-12-04 10:24:59 - [TEST_STEP][PASSED] - Statement - counter = counter + 1: null

2018-12-04 10:24:59 - [TEST_STEP][PASSED] - Statement - PreSaveFile = new java.io.File(((pathPrefix + java.lang.Integer.toString(counter)) + .png)): null

2018-12-04 10:24:59 - [TEST_STEP][PASSED] - Statement - counter = counter + 1: null

2018-12-04 10:24:59 - [TEST_STEP][PASSED] - Statement - PreSaveFile = new java.io.File(((pathPrefix + java.lang.Integer.toString(counter)) + .png)): null

2018-12-04 10:24:59 - [TEST_STEP][PASSED] - Statement - counter = counter + 1: null

2018-12-04 10:24:59 - [TEST_STEP][PASSED] - Statement - PreSaveFile = new java.io.File(((pathPrefix + java.lang.Integer.toString(counter)) + .png)): null

2018-12-04 10:24:59 - [TEST_STEP][PASSED] - Statement - counter = counter + 1: null

2018-12-04 10:24:59 - [TEST_STEP][PASSED] - Statement - PreSaveFile = new java.io.File(((pathPrefix + java.lang.Integer.toString(counter)) + .png)): null

2018-12-04 10:24:59 - [TEST_STEP][PASSED] - Statement - counter = counter + 1: null

2018-12-04 10:25:00 - [TEST_STEP][PASSED] - Statement - PreSaveFile = new java.io.File(((pathPrefix + java.lang.Integer.toString(counter)) + .png)): null

2018-12-04 10:25:00 - [TEST_STEP][PASSED] - Statement - counter = counter + 1: null

2018-12-04 10:25:00 - [TEST_STEP][PASSED] - Statement - PreSaveFile = new java.io.File(((pathPrefix + java.lang.Integer.toString(counter)) + .png)): null

2018-12-04 10:25:00 - [TEST_STEP][PASSED] - Statement - counter = counter + 1: null

2018-12-04 10:25:00 - [TEST_STEP][PASSED] - Statement - PreSaveFile = new java.io.File(((pathPrefix + java.lang.Integer.toString(counter)) + .png)): null

2018-12-04 10:25:00 - [TEST_STEP][PASSED] - Statement - counter = counter + 1: null

2018-12-04 10:25:00 - [TEST_STEP][PASSED] - Statement - PreSaveFile = new java.io.File(((pathPrefix + java.lang.Integer.toString(counter)) + .png)): null

2018-12-04 10:25:00 - [TEST_STEP][PASSED] - Statement - counter = counter + 1: null

2018-12-04 10:25:00 - [TEST_STEP][PASSED] - Statement - PreSaveFile = new java.io.File(((pathPrefix + java.lang.Integer.toString(counter)) + .png)): null

2018-12-04 10:25:00 - [TEST_STEP][PASSED] - Statement - counter = counter + 1: null

2018-12-04 10:25:01 - [TEST_STEP][PASSED] - Statement - PreSaveFile = new java.io.File(((pathPrefix + java.lang.Integer.toString(counter)) + .png)): null

2018-12-04 10:25:01 - [TEST_STEP][PASSED] - Statement - counter = counter + 1: null

2018-12-04 10:25:01 - [TEST_STEP][PASSED] - Statement - PreSaveFile = new java.io.File(((pathPrefix + java.lang.Integer.toString(counter)) + .png)): null

2018-12-04 10:25:01 - [TEST_STEP][PASSED] - Statement - counter = counter + 1: null

2018-12-04 10:25:01 - [TEST_STEP][PASSED] - Statement - PreSaveFile = new java.io.File(((pathPrefix + java.lang.Integer.toString(counter)) + .png)): null

2018-12-04 10:25:01 - [TEST_STEP][PASSED] - Statement - counter = counter + 1: null

2018-12-04 10:25:01 - [TEST_STEP][PASSED] - Statement - PreSaveFile = new java.io.File(((pathPrefix + java.lang.Integer.toString(counter)) + .png)): null

2018-12-04 10:25:01 - [TEST_STEP][PASSED] - Statement - counter = counter + 1: null

2018-12-04 10:25:01 - [TEST_STEP][PASSED] - Statement - PreSaveFile = new java.io.File(((pathPrefix + java.lang.Integer.toString(counter)) + .png)): null

2018-12-04 10:25:03 - [TEST_STEP][PASSED] - Statement - counter = counter + 1: null

2018-12-04 10:25:03 - [TEST_STEP][PASSED] - Statement - PreSaveFile = new java.io.File(((pathPrefix + java.lang.Integer.toString(counter)) + .png)): null

2018-12-04 10:25:03 - [TEST_STEP][PASSED] - Statement - counter = counter + 1: null

2018-12-04 10:25:03 - [TEST_STEP][PASSED] - Statement - PreSaveFile = new java.io.File(((pathPrefix + java.lang.Integer.toString(counter)) + .png)): null

2018-12-04 10:25:03 - [TEST_STEP][PASSED] - Statement - counter = counter + 1: null

2018-12-04 10:25:03 - [TEST_STEP][PASSED] - Statement - PreSaveFile = new java.io.File(((pathPrefix + java.lang.Integer.toString(counter)) + .png)): null

2018-12-04 10:25:03 - [TEST_STEP][PASSED] - Statement - counter = counter + 1: null

2018-12-04 10:25:03 - [TEST_STEP][PASSED] - Statement - PreSaveFile = new java.io.File(((pathPrefix + java.lang.Integer.toString(counter)) + .png)): null

2018-12-04 10:25:03 - [TEST_STEP][PASSED] - Statement - counter = counter + 1: null

2018-12-04 10:25:05 - [TEST_STEP][PASSED] - Statement - PreSaveFile = new java.io.File(((pathPrefix + java.lang.Integer.toString(counter)) + .png)): null

2018-12-04 10:25:05 - [TEST_STEP][PASSED] - Statement - counter = counter + 1: null

2018-12-04 10:25:05 - [TEST_STEP][PASSED] - Statement - PreSaveFile = new java.io.File(((pathPrefix + java.lang.Integer.toString(counter)) + .png)): null

2018-12-04 10:25:05 - [TEST_STEP][PASSED] - Statement - counter = counter + 1: null

2018-12-04 10:25:05 - [TEST_STEP][PASSED] - Statement - PreSaveFile = new java.io.File(((pathPrefix + java.lang.Integer.toString(counter)) + .png)): null

2018-12-04 10:25:05 - [TEST_STEP][PASSED] - Statement - counter = counter + 1: null

2018-12-04 10:25:05 - [TEST_STEP][PASSED] - Statement - PreSaveFile = new java.io.File(((pathPrefix + java.lang.Integer.toString(counter)) + .png)): null

2018-12-04 10:25:05 - [TEST_STEP][PASSED] - Statement - counter = counter + 1: null

2018-12-04 10:25:05 - [TEST_STEP][PASSED] - Statement - PreSaveFile = new java.io.File(((pathPrefix + java.lang.Integer.toString(counter)) + .png)): null

2018-12-04 10:25:05 - [TEST_STEP][PASSED] - Statement - counter = counter + 1: null

2018-12-04 10:25:06 - [TEST_STEP][PASSED] - Statement - PreSaveFile = new java.io.File(((pathPrefix + java.lang.Integer.toString(counter)) + .png)): null

2018-12-04 10:25:06 - [TEST_STEP][PASSED] - Statement - counter = counter + 1: null

2018-12-04 10:25:07 - [TEST_STEP][PASSED] - Statement - PreSaveFile = new java.io.File(((pathPrefix + java.lang.Integer.toString(counter)) + .png)): null

2018-12-04 10:25:07 - [TEST_STEP][PASSED] - Statement - counter = counter + 1: null

2018-12-04 10:25:07 - [TEST_STEP][PASSED] - Statement - PreSaveFile = new java.io.File(((pathPrefix + java.lang.Integer.toString(counter)) + .png)): null

2018-12-04 10:25:07 - [TEST_STEP][PASSED] - Statement - counter = counter + 1: null

2018-12-04 10:25:07 - [TEST_STEP][PASSED] - Statement - PreSaveFile = new java.io.File(((pathPrefix + java.lang.Integer.toString(counter)) + .png)): null

2018-12-04 10:25:07 - [TEST_STEP][PASSED] - Statement - counter = counter + 1: null

2018-12-04 10:25:07 - [TEST_STEP][PASSED] - Statement - PreSaveFile = new java.io.File(((pathPrefix + java.lang.Integer.toString(counter)) + .png)): null

2018-12-04 10:25:07 - [TEST_STEP][PASSED] - Statement - counter = counter + 1: null

2018-12-04 10:25:07 - [TEST_STEP][PASSED] - Statement - PreSaveFile = new java.io.File(((pathPrefix + java.lang.Integer.toString(counter)) + .png)): null

2018-12-04 10:25:07 - [TEST_STEP][PASSED] - Statement - counter = counter + 1: null

2018-12-04 10:25:08 - [TEST_STEP][PASSED] - Statement - PreSaveFile = new java.io.File(((pathPrefix + java.lang.Integer.toString(counter)) + .png)): null

2018-12-04 10:25:08 - [TEST_STEP][PASSED] - Statement - counter = counter + 1: null

2018-12-04 10:25:08 - [TEST_STEP][PASSED] - Statement - PreSaveFile = new java.io.File(((pathPrefix + java.lang.Integer.toString(counter)) + .png)): null

2018-12-04 10:25:08 - [TEST_STEP][PASSED] - Statement - counter = counter + 1: null

2018-12-04 10:25:08 - [TEST_STEP][PASSED] - Statement - PreSaveFile = new java.io.File(((pathPrefix + java.lang.Integer.toString(counter)) + .png)): null

2018-12-04 10:25:08 - [TEST_STEP][PASSED] - Statement - counter = counter + 1: null

2018-12-04 10:25:08 - [TEST_STEP][PASSED] - Statement - PreSaveFile = new java.io.File(((pathPrefix + java.lang.Integer.toString(counter)) + .png)): null

2018-12-04 10:25:08 - [TEST_STEP][PASSED] - Statement - counter = counter + 1: null

2018-12-04 10:25:08 - [TEST_STEP][PASSED] - Statement - PreSaveFile = new java.io.File(((pathPrefix + java.lang.Integer.toString(counter)) + .png)): null

2018-12-04 10:25:09 - [TEST_STEP][PASSED] - Statement - counter = counter + 1: null

2018-12-04 10:25:09 - [TEST_STEP][PASSED] - Statement - PreSaveFile = new java.io.File(((pathPrefix + java.lang.Integer.toString(counter)) + .png)): null

2018-12-04 10:25:09 - [TEST_STEP][PASSED] - Statement - counter = counter + 1: null

2018-12-04 10:25:09 - [TEST_STEP][PASSED] - Statement - PreSaveFile = new java.io.File(((pathPrefix + java.lang.Integer.toString(counter)) + .png)): null

2018-12-04 10:25:09 - [TEST_STEP][PASSED] - Statement - counter = counter + 1: null

2018-12-04 10:25:09 - [TEST_STEP][PASSED] - Statement - PreSaveFile = new java.io.File(((pathPrefix + java.lang.Integer.toString(counter)) + .png)): null

2018-12-04 10:25:09 - [TEST_STEP][PASSED] - Statement - counter = counter + 1: null

2018-12-04 10:25:09 - [TEST_STEP][PASSED] - Statement - PreSaveFile = new java.io.File(((pathPrefix + java.lang.Integer.toString(counter)) + .png)): null

2018-12-04 10:25:09 - [TEST_STEP][PASSED] - Statement - counter = counter + 1: null

2018-12-04 10:25:11 - [TEST_STEP][PASSED] - Statement - PreSaveFile = new java.io.File(((pathPrefix + java.lang.Integer.toString(counter)) + .png)): null

2018-12-04 10:25:11 - [TEST_STEP][PASSED] - Statement - counter = counter + 1: null

2018-12-04 10:25:11 - [TEST_STEP][PASSED] - Statement - PreSaveFile = new java.io.File(((pathPrefix + java.lang.Integer.toString(counter)) + .png)): null

2018-12-04 10:25:11 - [TEST_STEP][PASSED] - Statement - counter = counter + 1: null

2018-12-04 10:25:11 - [TEST_STEP][PASSED] - Statement - PreSaveFile = new java.io.File(((pathPrefix + java.lang.Integer.toString(counter)) + .png)): null

2018-12-04 10:25:11 - [TEST_STEP][PASSED] - Statement - counter = counter + 1: null

2018-12-04 10:25:11 - [TEST_STEP][PASSED] - Statement - PreSaveFile = new java.io.File(((pathPrefix + java.lang.Integer.toString(counter)) + .png)): null

2018-12-04 10:25:11 - [TEST_STEP][PASSED] - Statement - counter = counter + 1: null

2018-12-04 10:25:11 - [TEST_STEP][PASSED] - Statement - PreSaveFile = new java.io.File(((pathPrefix + java.lang.Integer.toString(counter)) + .png)): null

2018-12-04 10:25:11 - [TEST_STEP][PASSED] - Statement - counter = counter + 1: null

2018-12-04 10:25:12 - [TEST_STEP][PASSED] - Statement - PreSaveFile = new java.io.File(((pathPrefix + java.lang.Integer.toString(counter)) + .png)): null

2018-12-04 10:25:12 - [TEST_STEP][PASSED] - Statement - counter = counter + 1: null

2018-12-04 10:25:12 - [TEST_STEP][PASSED] - Statement - PreSaveFile = new java.io.File(((pathPrefix + java.lang.Integer.toString(counter)) + .png)): null

2018-12-04 10:25:12 - [TEST_STEP][PASSED] - Statement - counter = counter + 1: null

2018-12-04 10:25:12 - [TEST_STEP][PASSED] - Statement - PreSaveFile = new java.io.File(((pathPrefix + java.lang.Integer.toString(counter)) + .png)): null

2018-12-04 10:25:12 - [TEST_STEP][PASSED] - Statement - counter = counter + 1: null

2018-12-04 10:25:12 - [TEST_STEP][PASSED] - Statement - PreSaveFile = new java.io.File(((pathPrefix + java.lang.Integer.toString(counter)) + .png)): null

2018-12-04 10:25:12 - [TEST_STEP][PASSED] - Statement - counter = counter + 1: null

2018-12-04 10:25:12 - [TEST_STEP][PASSED] - Statement - PreSaveFile = new java.io.File(((pathPrefix + java.lang.Integer.toString(counter)) + .png)): null

2018-12-04 10:25:12 - [TEST_STEP][PASSED] - Statement - counter = counter + 1: null

2018-12-04 10:25:13 - [TEST_STEP][PASSED] - Statement - PreSaveFile = new java.io.File(((pathPrefix + java.lang.Integer.toString(counter)) + .png)): null

2018-12-04 10:25:13 - [TEST_STEP][PASSED] - Statement - counter = counter + 1: null

2018-12-04 10:25:13 - [TEST_STEP][PASSED] - Statement - PreSaveFile = new java.io.File(((pathPrefix + java.lang.Integer.toString(counter)) + .png)): null

2018-12-04 10:25:13 - [TEST_STEP][PASSED] - Statement - counter = counter + 1: null

2018-12-04 10:25:13 - [TEST_STEP][PASSED] - Statement - PreSaveFile = new java.io.File(((pathPrefix + java.lang.Integer.toString(counter)) + .png)): null

2018-12-04 10:25:13 - [TEST_STEP][PASSED] - Statement - counter = counter + 1: null

2018-12-04 10:25:13 - [TEST_STEP][PASSED] - Statement - PreSaveFile = new java.io.File(((pathPrefix + java.lang.Integer.toString(counter)) + .png)): null

2018-12-04 10:25:13 - [TEST_STEP][PASSED] - Statement - counter = counter + 1: null

2018-12-04 10:25:13 - [TEST_STEP][PASSED] - Statement - PreSaveFile = new java.io.File(((pathPrefix + java.lang.Integer.toString(counter)) + .png)): null

2018-12-04 10:25:15 - [TEST_STEP][PASSED] - Statement - counter = counter + 1: null

2018-12-04 10:25:15 - [TEST_STEP][PASSED] - Statement - PreSaveFile = new java.io.File(((pathPrefix + java.lang.Integer.toString(counter)) + .png)): null

2018-12-04 10:25:15 - [TEST_STEP][PASSED] - Statement - counter = counter + 1: null

2018-12-04 10:25:15 - [TEST_STEP][PASSED] - Statement - PreSaveFile = new java.io.File(((pathPrefix + java.lang.Integer.toString(counter)) + .png)): null

2018-12-04 10:25:15 - [TEST_STEP][PASSED] - Statement - counter = counter + 1: null

2018-12-04 10:25:15 - [TEST_STEP][PASSED] - Statement - PreSaveFile = new java.io.File(((pathPrefix + java.lang.Integer.toString(counter)) + .png)): null

2018-12-04 10:25:15 - [TEST_STEP][PASSED] - Statement - counter = counter + 1: null

2018-12-04 10:25:15 - [TEST_STEP][PASSED] - Statement - PreSaveFile = new java.io.File(((pathPrefix + java.lang.Integer.toString(counter)) + .png)): null

2018-12-04 10:25:15 - [TEST_STEP][PASSED] - Statement - counter = counter + 1: null

2018-12-04 10:25:17 - [TEST_STEP][PASSED] - Statement - PreSaveFile = new java.io.File(((pathPrefix + java.lang.Integer.toString(counter)) + .png)): null

2018-12-04 10:25:17 - [TEST_STEP][PASSED] - Statement - counter = counter + 1: null

2018-12-04 10:25:17 - [TEST_STEP][PASSED] - Statement - PreSaveFile = new java.io.File(((pathPrefix + java.lang.Integer.toString(counter)) + .png)): null

2018-12-04 10:25:17 - [TEST_STEP][PASSED] - Statement - counter = counter + 1: null

2018-12-04 10:25:17 - [TEST_STEP][PASSED] - Statement - PreSaveFile = new java.io.File(((pathPrefix + java.lang.Integer.toString(counter)) + .png)): null

2018-12-04 10:25:17 - [TEST_STEP][PASSED] - Statement - counter = counter + 1: null

2018-12-04 10:25:17 - [TEST_STEP][PASSED] - Statement - PreSaveFile = new java.io.File(((pathPrefix + java.lang.Integer.toString(counter)) + .png)): null

2018-12-04 10:25:17 - [TEST_STEP][PASSED] - Statement - counter = counter + 1: null

2018-12-04 10:25:17 - [TEST_STEP][PASSED] - Statement - PreSaveFile = new java.io.File(((pathPrefix + java.lang.Integer.toString(counter)) + .png)): null

2018-12-04 10:25:17 - [TEST_STEP][PASSED] - Statement - counter = counter + 1: null

2018-12-04 10:25:19 - [TEST_STEP][PASSED] - Statement - PreSaveFile = new java.io.File(((pathPrefix + java.lang.Integer.toString(counter)) + .png)): null

2018-12-04 10:25:19 - [TEST_STEP][PASSED] - Statement - counter = counter + 1: null

2018-12-04 10:25:19 - [TEST_STEP][PASSED] - Statement - PreSaveFile = new java.io.File(((pathPrefix + java.lang.Integer.toString(counter)) + .png)): null

2018-12-04 10:25:19 - [TEST_STEP][PASSED] - Statement - counter = counter + 1: null

2018-12-04 10:25:19 - [TEST_STEP][PASSED] - Statement - PreSaveFile = new java.io.File(((pathPrefix + java.lang.Integer.toString(counter)) + .png)): null

2018-12-04 10:25:19 - [TEST_STEP][PASSED] - Statement - counter = counter + 1: null

2018-12-04 10:25:19 - [TEST_STEP][PASSED] - Statement - PreSaveFile = new java.io.File(((pathPrefix + java.lang.Integer.toString(counter)) + .png)): null

2018-12-04 10:25:19 - [TEST_STEP][PASSED] - Statement - counter = counter + 1: null

2018-12-04 10:25:19 - [TEST_STEP][PASSED] - Statement - PreSaveFile = new java.io.File(((pathPrefix + java.lang.Integer.toString(counter)) + .png)): null

2018-12-04 10:25:19 - [TEST_STEP][PASSED] - Statement - counter = counter + 1: null

2018-12-04 10:25:20 - [TEST_STEP][PASSED] - Statement - PreSaveFile = new java.io.File(((pathPrefix + java.lang.Integer.toString(counter)) + .png)): null

2018-12-04 10:25:20 - [TEST_STEP][PASSED] - Statement - counter = counter + 1: null

2018-12-04 10:25:20 - [TEST_STEP][PASSED] - Statement - PreSaveFile = new java.io.File(((pathPrefix + java.lang.Integer.toString(counter)) + .png)): null

2018-12-04 10:25:20 - [TEST_STEP][PASSED] - Statement - counter = counter + 1: null

2018-12-04 10:25:20 - [TEST_STEP][PASSED] - Statement - PreSaveFile = new java.io.File(((pathPrefix + java.lang.Integer.toString(counter)) + .png)): null

2018-12-04 10:25:20 - [TEST_STEP][PASSED] - Statement - counter = counter + 1: null

2018-12-04 10:25:20 - [TEST_STEP][PASSED] - Statement - PreSaveFile = new java.io.File(((pathPrefix + java.lang.Integer.toString(counter)) + .png)): null

2018-12-04 10:25:20 - [TEST_STEP][PASSED] - Statement - counter = counter + 1: null

2018-12-04 10:25:20 - [TEST_STEP][PASSED] - Statement - PreSaveFile = new java.io.File(((pathPrefix + java.lang.Integer.toString(counter)) + .png)): null

2018-12-04 10:25:20 - [TEST_STEP][PASSED] - Statement - counter = counter + 1: null

2018-12-04 10:25:22 - [TEST_STEP][PASSED] - Statement - PreSaveFile = new java.io.File(((pathPrefix + java.lang.Integer.toString(counter)) + .png)): null

2018-12-04 10:25:22 - [TEST_STEP][PASSED] - Statement - counter = counter + 1: null

2018-12-04 10:25:22 - [TEST_STEP][PASSED] - Statement - PreSaveFile = new java.io.File(((pathPrefix + java.lang.Integer.toString(counter)) + .png)): null

2018-12-04 10:25:22 - [TEST_STEP][PASSED] - Statement - counter = counter + 1: null

2018-12-04 10:25:22 - [TEST_STEP][PASSED] - Statement - PreSaveFile = new java.io.File(((pathPrefix + java.lang.Integer.toString(counter)) + .png)): null

2018-12-04 10:25:22 - [TEST_STEP][PASSED] - Statement - counter = counter + 1: null

2018-12-04 10:25:22 - [TEST_STEP][PASSED] - Statement - PreSaveFile = new java.io.File(((pathPrefix + java.lang.Integer.toString(counter)) + .png)): null

2018-12-04 10:25:22 - [TEST_STEP][PASSED] - Statement - counter = counter + 1: null

2018-12-04 10:25:22 - [TEST_STEP][PASSED] - Statement - PreSaveFile = new java.io.File(((pathPrefix + java.lang.Integer.toString(counter)) + .png)): null

2018-12-04 10:25:24 - [TEST_STEP][PASSED] - Statement - counter = counter + 1: null

2018-12-04 10:25:24 - [TEST_STEP][PASSED] - Statement - PreSaveFile = new java.io.File(((pathPrefix + java.lang.Integer.toString(counter)) + .png)): null

2018-12-04 10:25:24 - [TEST_STEP][PASSED] - Statement - counter = counter + 1: null

2018-12-04 10:25:24 - [TEST_STEP][PASSED] - Statement - PreSaveFile = new java.io.File(((pathPrefix + java.lang.Integer.toString(counter)) + .png)): null

2018-12-04 10:25:24 - [TEST_STEP][PASSED] - Statement - counter = counter + 1: null

2018-12-04 10:25:24 - [TEST_STEP][PASSED] - Statement - PreSaveFile = new java.io.File(((pathPrefix + java.lang.Integer.toString(counter)) + .png)): null

2018-12-04 10:25:24 - [TEST_STEP][PASSED] - Statement - counter = counter + 1: null

2018-12-04 10:25:24 - [TEST_STEP][PASSED] - Statement - PreSaveFile = new java.io.File(((pathPrefix + java.lang.Integer.toString(counter)) + .png)): null

2018-12-04 10:25:24 - [TEST_STEP][PASSED] - Statement - counter = counter + 1: null

2018-12-04 10:25:25 - [TEST_STEP][PASSED] - Statement - PreSaveFile = new java.io.File(((pathPrefix + java.lang.Integer.toString(counter)) + .png)): null

2018-12-04 10:25:25 - [TEST_STEP][PASSED] - Statement - counter = counter + 1: null

2018-12-04 10:25:25 - [TEST_STEP][PASSED] - Statement - PreSaveFile = new java.io.File(((pathPrefix + java.lang.Integer.toString(counter)) + .png)): null

2018-12-04 10:25:25 - [TEST_STEP][PASSED] - Statement - counter = counter + 1: null

2018-12-04 10:25:25 - [TEST_STEP][PASSED] - Statement - PreSaveFile = new java.io.File(((pathPrefix + java.lang.Integer.toString(counter)) + .png)): null

2018-12-04 10:25:25 - [TEST_STEP][PASSED] - Statement - counter = counter + 1: null

2018-12-04 10:25:25 - [TEST_STEP][PASSED] - Statement - PreSaveFile = new java.io.File(((pathPrefix + java.lang.Integer.toString(counter)) + .png)): null

2018-12-04 10:25:25 - [TEST_STEP][PASSED] - Statement - counter = counter + 1: null

2018-12-04 10:25:25 - [TEST_STEP][PASSED] - Statement - PreSaveFile = new java.io.File(((pathPrefix + java.lang.Integer.toString(counter)) + .png)): null

2018-12-04 10:25:25 - [TEST_STEP][PASSED] - Statement - counter = counter + 1: null

2018-12-04 10:25:27 - [TEST_STEP][PASSED] - Statement - PreSaveFile = new java.io.File(((pathPrefix + java.lang.Integer.toString(counter)) + .png)): null

2018-12-04 10:25:27 - [TEST_STEP][PASSED] - Statement - counter = counter + 1: null

2018-12-04 10:25:27 - [TEST_STEP][PASSED] - Statement - PreSaveFile = new java.io.File(((pathPrefix + java.lang.Integer.toString(counter)) + .png)): null

2018-12-04 10:25:27 - [TEST_STEP][PASSED] - Statement - counter = counter + 1: null

2018-12-04 10:25:27 - [TEST_STEP][PASSED] - Statement - PreSaveFile = new java.io.File(((pathPrefix + java.lang.Integer.toString(counter)) + .png)): null

2018-12-04 10:25:27 - [TEST_STEP][PASSED] - Statement - counter = counter + 1: null

2018-12-04 10:25:27 - [TEST_STEP][PASSED] - Statement - PreSaveFile = new java.io.File(((pathPrefix + java.lang.Integer.toString(counter)) + .png)): null

2018-12-04 10:25:27 - [TEST_STEP][PASSED] - Statement - counter = counter + 1: null

2018-12-04 10:25:27 - [TEST_STEP][PASSED] - Statement - PreSaveFile = new java.io.File(((pathPrefix + java.lang.Integer.toString(counter)) + .png)): null

2018-12-04 10:25:27 - [TEST_STEP][PASSED] - Statement - counter = counter + 1: null

2018-12-04 10:25:29 - [TEST_STEP][PASSED] - Statement - PreSaveFile = new java.io.File(((pathPrefix + java.lang.Integer.toString(counter)) + .png)): null

2018-12-04 10:25:29 - [TEST_STEP][PASSED] - Statement - counter = counter + 1: null

2018-12-04 10:25:29 - [TEST_STEP][PASSED] - Statement - PreSaveFile = new java.io.File(((pathPrefix + java.lang.Integer.toString(counter)) + .png)): null

2018-12-04 10:25:29 - [TEST_STEP][PASSED] - Statement - counter = counter + 1: null

2018-12-04 10:25:29 - [TEST_STEP][PASSED] - Statement - PreSaveFile = new java.io.File(((pathPrefix + java.lang.Integer.toString(counter)) + .png)): null

2018-12-04 10:25:29 - [TEST_STEP][PASSED] - Statement - counter = counter + 1: null

2018-12-04 10:25:29 - [TEST_STEP][PASSED] - Statement - PreSaveFile = new java.io.File(((pathPrefix + java.lang.Integer.toString(counter)) + .png)): null

2018-12-04 10:25:29 - [TEST_STEP][PASSED] - Statement - counter = counter + 1: null

2018-12-04 10:25:29 - [TEST_STEP][PASSED] - Statement - PreSaveFile = new java.io.File(((pathPrefix + java.lang.Integer.toString(counter)) + .png)): null

2018-12-04 10:25:31 - [TEST_STEP][PASSED] - Statement - counter = counter + 1: null

2018-12-04 10:25:31 - [TEST_STEP][PASSED] - Statement - PreSaveFile = new java.io.File(((pathPrefix + java.lang.Integer.toString(counter)) + .png)): null

2018-12-04 10:25:31 - [TEST_STEP][PASSED] - Statement - counter = counter + 1: null

2018-12-04 10:25:31 - [TEST_STEP][PASSED] - Statement - PreSaveFile = new java.io.File(((pathPrefix + java.lang.Integer.toString(counter)) + .png)): null

2018-12-04 10:25:31 - [TEST_STEP][PASSED] - Statement - counter = counter + 1: null

2018-12-04 10:25:31 - [TEST_STEP][PASSED] - Statement - PreSaveFile = new java.io.File(((pathPrefix + java.lang.Integer.toString(counter)) + .png)): null

2018-12-04 10:25:31 - [TEST_STEP][PASSED] - Statement - counter = counter + 1: null

2018-12-04 10:25:31 - [TEST_STEP][PASSED] - Statement - PreSaveFile = new java.io.File(((pathPrefix + java.lang.Integer.toString(counter)) + .png)): null

2018-12-04 10:25:31 - [TEST_STEP][PASSED] - Statement - counter = counter + 1: null

2018-12-04 10:25:31 - [TEST_STEP][PASSED] - Statement - PreSaveFile = new java.io.File(((pathPrefix + java.lang.Integer.toString(counter)) + .png)): null

2018-12-04 10:25:33 - [TEST_STEP][PASSED] - Statement - counter = counter + 1: null

2018-12-04 10:25:33 - [TEST_STEP][PASSED] - Statement - PreSaveFile = new java.io.File(((pathPrefix + java.lang.Integer.toString(counter)) + .png)): null

2018-12-04 10:25:33 - [TEST_STEP][PASSED] - Statement - counter = counter + 1: null

2018-12-04 10:25:33 - [TEST_STEP][PASSED] - Statement - PreSaveFile = new java.io.File(((pathPrefix + java.lang.Integer.toString(counter)) + .png)): null

2018-12-04 10:25:33 - [TEST_STEP][PASSED] - Statement - counter = counter + 1: null

2018-12-04 10:25:33 - [TEST_STEP][PASSED] - Statement - PreSaveFile = new java.io.File(((pathPrefix + java.lang.Integer.toString(counter)) + .png)): null

2018-12-04 10:25:33 - [TEST_STEP][PASSED] - Statement - counter = counter + 1: null

2018-12-04 10:25:33 - [TEST_STEP][PASSED] - Statement - PreSaveFile = new java.io.File(((pathPrefix + java.lang.Integer.toString(counter)) + .png)): null

2018-12-04 10:25:33 - [TEST_STEP][PASSED] - Statement - counter = counter + 1: null

2018-12-04 10:25:34 - [TEST_STEP][PASSED] - Statement - PreSaveFile = new java.io.File(((pathPrefix + java.lang.Integer.toString(counter)) + .png)): null

2018-12-04 10:25:34 - [TEST_STEP][PASSED] - Statement - counter = counter + 1: null

2018-12-04 10:25:34 - [TEST_STEP][PASSED] - Statement - PreSaveFile = new java.io.File(((pathPrefix + java.lang.Integer.toString(counter)) + .png)): null

2018-12-04 10:25:34 - [TEST_STEP][PASSED] - Statement - counter = counter + 1: null

2018-12-04 10:25:34 - [TEST_STEP][PASSED] - Statement - PreSaveFile = new java.io.File(((pathPrefix + java.lang.Integer.toString(counter)) + .png)): null

2018-12-04 10:25:34 - [TEST_STEP][PASSED] - Statement - counter = counter + 1: null

2018-12-04 10:25:34 - [TEST_STEP][PASSED] - Statement - PreSaveFile = new java.io.File(((pathPrefix + java.lang.Integer.toString(counter)) + .png)): null

2018-12-04 10:25:34 - [TEST_STEP][PASSED] - Statement - counter = counter + 1: null

2018-12-04 10:25:34 - [TEST_STEP][PASSED] - Statement - PreSaveFile = new java.io.File(((pathPrefix + java.lang.Integer.toString(counter)) + .png)): null

2018-12-04 10:25:34 - [TEST_STEP][PASSED] - Statement - counter = counter + 1: null

2018-12-04 10:25:36 - [TEST_STEP][PASSED] - Statement - PreSaveFile = new java.io.File(((pathPrefix + java.lang.Integer.toString(counter)) + .png)): null

2018-12-04 10:25:36 - [TEST_STEP][PASSED] - Statement - counter = counter + 1: null

2018-12-04 10:25:36 - [TEST_STEP][PASSED] - Statement - PreSaveFile = new java.io.File(((pathPrefix + java.lang.Integer.toString(counter)) + .png)): null

2018-12-04 10:25:36 - [TEST_STEP][PASSED] - Statement - counter = counter + 1: null

2018-12-04 10:25:36 - [TEST_STEP][PASSED] - Statement - PreSaveFile = new java.io.File(((pathPrefix + java.lang.Integer.toString(counter)) + .png)): null

2018-12-04 10:25:36 - [TEST_STEP][PASSED] - Statement - counter = counter + 1: null

2018-12-04 10:25:36 - [TEST_STEP][PASSED] - Statement - PreSaveFile = new java.io.File(((pathPrefix + java.lang.Integer.toString(counter)) + .png)): null

2018-12-04 10:25:36 - [TEST_STEP][PASSED] - Statement - counter = counter + 1: null

2018-12-04 10:25:36 - [TEST_STEP][PASSED] - Statement - PreSaveFile = new java.io.File(((pathPrefix + java.lang.Integer.toString(counter)) + .png)): null

2018-12-04 10:25:36 - [TEST_STEP][PASSED] - Statement - counter = counter + 1: null

2018-12-04 10:25:38 - [TEST_STEP][PASSED] - Statement - PreSaveFile = new java.io.File(((pathPrefix + java.lang.Integer.toString(counter)) + .png)): null

2018-12-04 10:25:38 - [TEST_STEP][PASSED] - Statement - counter = counter + 1: null

2018-12-04 10:25:38 - [TEST_STEP][PASSED] - Statement - PreSaveFile = new java.io.File(((pathPrefix + java.lang.Integer.toString(counter)) + .png)): null

2018-12-04 10:25:38 - [TEST_STEP][PASSED] - Statement - counter = counter + 1: null

2018-12-04 10:25:38 - [TEST_STEP][PASSED] - Statement - PreSaveFile = new java.io.File(((pathPrefix + java.lang.Integer.toString(counter)) + .png)): null

2018-12-04 10:25:38 - [TEST_STEP][PASSED] - Statement - counter = counter + 1: null

2018-12-04 10:25:38 - [TEST_STEP][PASSED] - Statement - PreSaveFile = new java.io.File(((pathPrefix + java.lang.Integer.toString(counter)) + .png)): null

2018-12-04 10:25:38 - [TEST_STEP][PASSED] - Statement - counter = counter + 1: null

2018-12-04 10:25:38 - [TEST_STEP][PASSED] - Statement - PreSaveFile = new java.io.File(((pathPrefix + java.lang.Integer.toString(counter)) + .png)): null

2018-12-04 10:25:39 - [TEST_STEP][PASSED] - Statement - counter = counter + 1: null

2018-12-04 10:25:39 - [TEST_STEP][PASSED] - Statement - PreSaveFile = new java.io.File(((pathPrefix + java.lang.Integer.toString(counter)) + .png)): null

2018-12-04 10:25:39 - [TEST_STEP][PASSED] - Statement - counter = counter + 1: null

2018-12-04 10:25:39 - [TEST_STEP][PASSED] - Statement - PreSaveFile = new java.io.File(((pathPrefix + java.lang.Integer.toString(counter)) + .png)): null

2018-12-04 10:25:39 - [TEST_STEP][PASSED] - Statement - counter = counter + 1: null

2018-12-04 10:25:39 - [TEST_STEP][PASSED] - Statement - PreSaveFile = new java.io.File(((pathPrefix + java.lang.Integer.toString(counter)) + .png)): null

2018-12-04 10:25:39 - [TEST_STEP][PASSED] - Statement - counter = counter + 1: null

2018-12-04 10:25:39 - [TEST_STEP][PASSED] - Statement - PreSaveFile = new java.io.File(((pathPrefix + java.lang.Integer.toString(counter)) + .png)): null

2018-12-04 10:25:39 - [TEST_STEP][PASSED] - Statement - counter = counter + 1: null

2018-12-04 10:25:41 - [TEST_STEP][PASSED] - Statement - PreSaveFile = new java.io.File(((pathPrefix + java.lang.Integer.toString(counter)) + .png)): null

2018-12-04 10:25:41 - [TEST_STEP][PASSED] - Statement - counter = counter + 1: null

2018-12-04 10:25:41 - [TEST_STEP][PASSED] - Statement - PreSaveFile = new java.io.File(((pathPrefix + java.lang.Integer.toString(counter)) + .png)): null

2018-12-04 10:25:41 - [TEST_STEP][PASSED] - Statement - counter = counter + 1: null

2018-12-04 10:25:41 - [TEST_STEP][PASSED] - Statement - PreSaveFile = new java.io.File(((pathPrefix + java.lang.Integer.toString(counter)) + .png)): null

2018-12-04 10:25:41 - [TEST_STEP][PASSED] - Statement - counter = counter + 1: null

2018-12-04 10:25:41 - [TEST_STEP][PASSED] - Statement - PreSaveFile = new java.io.File(((pathPrefix + java.lang.Integer.toString(counter)) + .png)): null

2018-12-04 10:25:41 - [TEST_STEP][PASSED] - Statement - counter = counter + 1: null

2018-12-04 10:25:41 - [TEST_STEP][PASSED] - Statement - PreSaveFile = new java.io.File(((pathPrefix + java.lang.Integer.toString(counter)) + .png)): null

2018-12-04 10:25:41 - [TEST_STEP][PASSED] - Statement - counter = counter + 1: null

2018-12-04 10:25:43 - [TEST_STEP][PASSED] - Statement - PreSaveFile = new java.io.File(((pathPrefix + java.lang.Integer.toString(counter)) + .png)): null

2018-12-04 10:25:43 - [TEST_STEP][PASSED] - Statement - counter = counter + 1: null

2018-12-04 10:25:43 - [TEST_STEP][PASSED] - Statement - PreSaveFile = new java.io.File(((pathPrefix + java.lang.Integer.toString(counter)) + .png)): null

2018-12-04 10:25:43 - [TEST_STEP][PASSED] - Statement - counter = counter + 1: null

2018-12-04 10:25:43 - [TEST_STEP][PASSED] - Statement - PreSaveFile = new java.io.File(((pathPrefix + java.lang.Integer.toString(counter)) + .png)): null

2018-12-04 10:25:43 - [TEST_STEP][PASSED] - Statement - counter = counter + 1: null

2018-12-04 10:25:43 - [TEST_STEP][PASSED] - Statement - PreSaveFile = new java.io.File(((pathPrefix + java.lang.Integer.toString(counter)) + .png)): null

2018-12-04 10:25:43 - [TEST_STEP][PASSED] - Statement - counter = counter + 1: null

2018-12-04 10:25:43 - [TEST_STEP][PASSED] - Statement - PreSaveFile = new java.io.File(((pathPrefix + java.lang.Integer.toString(counter)) + .png)): null

2018-12-04 10:25:43 - [TEST_STEP][PASSED] - Statement - counter = counter + 1: null

2018-12-04 10:25:45 - [TEST_STEP][PASSED] - Statement - PreSaveFile = new java.io.File(((pathPrefix + java.lang.Integer.toString(counter)) + .png)): null

2018-12-04 10:25:45 - [TEST_STEP][PASSED] - Statement - counter = counter + 1: null

2018-12-04 10:25:45 - [TEST_STEP][PASSED] - Statement - PreSaveFile = new java.io.File(((pathPrefix + java.lang.Integer.toString(counter)) + .png)): null

2018-12-04 10:25:45 - [TEST_STEP][PASSED] - Statement - counter = counter + 1: null

2018-12-04 10:25:45 - [TEST_STEP][PASSED] - Statement - PreSaveFile = new java.io.File(((pathPrefix + java.lang.Integer.toString(counter)) + .png)): null

2018-12-04 10:25:45 - [TEST_STEP][PASSED] - Statement - counter = counter + 1: null

2018-12-04 10:25:45 - [TEST_STEP][PASSED] - Statement - PreSaveFile = new java.io.File(((pathPrefix + java.lang.Integer.toString(counter)) + .png)): null

2018-12-04 10:25:45 - [TEST_STEP][PASSED] - Statement - counter = counter + 1: null

2018-12-04 10:25:45 - [TEST_STEP][PASSED] - Statement - PreSaveFile = new java.io.File(((pathPrefix + java.lang.Integer.toString(counter)) + .png)): null

2018-12-04 10:25:45 - [TEST_STEP][PASSED] - Statement - counter = counter + 1: null

2018-12-04 10:25:47 - [TEST_STEP][PASSED] - Statement - PreSaveFile = new java.io.File(((pathPrefix + java.lang.Integer.toString(counter)) + .png)): null

2018-12-04 10:25:47 - [TEST_STEP][PASSED] - Statement - counter = counter + 1: null

2018-12-04 10:25:47 - [TEST_STEP][PASSED] - Statement - PreSaveFile = new java.io.File(((pathPrefix + java.lang.Integer.toString(counter)) + .png)): null

2018-12-04 10:25:47 - [TEST_STEP][PASSED] - Statement - counter = counter + 1: null

2018-12-04 10:25:47 - [TEST_STEP][PASSED] - Statement - PreSaveFile = new java.io.File(((pathPrefix + java.lang.Integer.toString(counter)) + .png)): null

2018-12-04 10:25:47 - [TEST_STEP][PASSED] - Statement - counter = counter + 1: null

2018-12-04 10:25:47 - [TEST_STEP][PASSED] - Statement - PreSaveFile = new java.io.File(((pathPrefix + java.lang.Integer.toString(counter)) + .png)): null

2018-12-04 10:25:47 - [TEST_STEP][PASSED] - Statement - counter = counter + 1: null

2018-12-04 10:25:47 - [TEST_STEP][PASSED] - Statement - PreSaveFile = new java.io.File(((pathPrefix + java.lang.Integer.toString(counter)) + .png)): null

2018-12-04 10:25:49 - [TEST_STEP][PASSED] - Statement - counter = counter + 1: null

2018-12-04 10:25:49 - [TEST_STEP][PASSED] - Statement - PreSaveFile = new java.io.File(((pathPrefix + java.lang.Integer.toString(counter)) + .png)): null

2018-12-04 10:25:49 - [TEST_STEP][PASSED] - Statement - counter = counter + 1: null

2018-12-04 10:25:49 - [TEST_STEP][PASSED] - Statement - PreSaveFile = new java.io.File(((pathPrefix + java.lang.Integer.toString(counter)) + .png)): null

2018-12-04 10:25:49 - [TEST_STEP][PASSED] - Statement - counter = counter + 1: null

2018-12-04 10:25:49 - [TEST_STEP][PASSED] - Statement - PreSaveFile = new java.io.File(((pathPrefix + java.lang.Integer.toString(counter)) + .png)): null

2018-12-04 10:25:49 - [TEST_STEP][PASSED] - Statement - counter = counter + 1: null

2018-12-04 10:25:49 - [TEST_STEP][PASSED] - Statement - PreSaveFile = new java.io.File(((pathPrefix + java.lang.Integer.toString(counter)) + .png)): null

2018-12-04 10:25:49 - [TEST_STEP][PASSED] - Statement - counter = counter + 1: null

2018-12-04 10:25:50 - [TEST_STEP][PASSED] - Statement - PreSaveFile = new java.io.File(((pathPrefix + java.lang.Integer.toString(counter)) + .png)): null

2018-12-04 10:25:50 - [TEST_STEP][PASSED] - Statement - counter = counter + 1: null

2018-12-04 10:25:50 - [TEST_STEP][PASSED] - Statement - PreSaveFile = new java.io.File(((pathPrefix + java.lang.Integer.toString(counter)) + .png)): null

2018-12-04 10:25:50 - [TEST_STEP][PASSED] - Statement - counter = counter + 1: null

2018-12-04 10:25:50 - [TEST_STEP][PASSED] - Statement - PreSaveFile = new java.io.File(((pathPrefix + java.lang.Integer.toString(counter)) + .png)): null

2018-12-04 10:25:50 - [TEST_STEP][PASSED] - Statement - counter = counter + 1: null

2018-12-04 10:25:50 - [TEST_STEP][PASSED] - Statement - PreSaveFile = new java.io.File(((pathPrefix + java.lang.Integer.toString(counter)) + .png)): null

2018-12-04 10:25:50 - [TEST_STEP][PASSED] - Statement - counter = counter + 1: null

2018-12-04 10:25:50 - [TEST_STEP][PASSED] - Statement - PreSaveFile = new java.io.File(((pathPrefix + java.lang.Integer.toString(counter)) + .png)): null

2018-12-04 10:25:50 - [TEST_STEP][PASSED] - Statement - counter = counter + 1: null

2018-12-04 10:25:53 - [TEST_STEP][PASSED] - Statement - PreSaveFile = new java.io.File(((pathPrefix + java.lang.Integer.toString(counter)) + .png)): null

2018-12-04 10:25:53 - [TEST_STEP][PASSED] - Statement - counter = counter + 1: null

2018-12-04 10:25:53 - [TEST_STEP][PASSED] - Statement - PreSaveFile = new java.io.File(((pathPrefix + java.lang.Integer.toString(counter)) + .png)): null

2018-12-04 10:25:53 - [TEST_STEP][PASSED] - Statement - counter = counter + 1: null

2018-12-04 10:25:53 - [TEST_STEP][PASSED] - Statement - PreSaveFile = new java.io.File(((pathPrefix + java.lang.Integer.toString(counter)) + .png)): null

2018-12-04 10:25:53 - [TEST_STEP][PASSED] - Statement - counter = counter + 1: null

2018-12-04 10:25:53 - [TEST_STEP][PASSED] - Statement - PreSaveFile = new java.io.File(((pathPrefix + java.lang.Integer.toString(counter)) + .png)): null

2018-12-04 10:25:53 - [TEST_STEP][PASSED] - Statement - counter = counter + 1: null

2018-12-04 10:25:53 - [TEST_STEP][PASSED] - Statement - PreSaveFile = new java.io.File(((pathPrefix + java.lang.Integer.toString(counter)) + .png)): null

2018-12-04 10:25:53 - [TEST_STEP][PASSED] - Statement - counter = counter + 1: null

2018-12-04 10:25:55 - [TEST_STEP][PASSED] - Statement - PreSaveFile = new java.io.File(((pathPrefix + java.lang.Integer.toString(counter)) + .png)): null

2018-12-04 10:25:55 - [TEST_STEP][PASSED] - Statement - counter = counter + 1: null

2018-12-04 10:25:55 - [TEST_STEP][PASSED] - Statement - PreSaveFile = new java.io.File(((pathPrefix + java.lang.Integer.toString(counter)) + .png)): null

2018-12-04 10:25:55 - [TEST_STEP][PASSED] - Statement - counter = counter + 1: null

2018-12-04 10:25:55 - [TEST_STEP][PASSED] - Statement - PreSaveFile = new java.io.File(((pathPrefix + java.lang.Integer.toString(counter)) + .png)): null

2018-12-04 10:25:55 - [TEST_STEP][PASSED] - Statement - counter = counter + 1: null

2018-12-04 10:25:55 - [TEST_STEP][PASSED] - Statement - PreSaveFile = new java.io.File(((pathPrefix + java.lang.Integer.toString(counter)) + .png)): null

2018-12-04 10:25:55 - [TEST_STEP][PASSED] - Statement - counter = counter + 1: null

2018-12-04 10:25:55 - [TEST_STEP][PASSED] - Statement - PreSaveFile = new java.io.File(((pathPrefix + java.lang.Integer.toString(counter)) + .png)): null

2018-12-04 10:25:57 - [TEST_STEP][PASSED] - Statement - counter = counter + 1: null

2018-12-04 10:25:57 - [TEST_STEP][PASSED] - Statement - PreSaveFile = new java.io.File(((pathPrefix + java.lang.Integer.toString(counter)) + .png)): null

2018-12-04 10:25:57 - [TEST_STEP][PASSED] - Statement - counter = counter + 1: null

2018-12-04 10:25:57 - [TEST_STEP][PASSED] - Statement - PreSaveFile = new java.io.File(((pathPrefix + java.lang.Integer.toString(counter)) + .png)): null

2018-12-04 10:25:57 - [TEST_STEP][PASSED] - Statement - counter = counter + 1: null

2018-12-04 10:25:57 - [TEST_STEP][PASSED] - Statement - PreSaveFile = new java.io.File(((pathPrefix + java.lang.Integer.toString(counter)) + .png)): null

2018-12-04 10:25:57 - [TEST_STEP][PASSED] - Statement - counter = counter + 1: null

2018-12-04 10:25:57 - [TEST_STEP][PASSED] - Statement - PreSaveFile = new java.io.File(((pathPrefix + java.lang.Integer.toString(counter)) + .png)): null

2018-12-04 10:25:57 - [TEST_STEP][PASSED] - Statement - counter = counter + 1: null

2018-12-04 10:25:57 - [TEST_STEP][PASSED] - Statement - PreSaveFile = new java.io.File(((pathPrefix + java.lang.Integer.toString(counter)) + .png)): null

2018-12-04 10:25:59 - [TEST_STEP][PASSED] - Statement - counter = counter + 1: null

2018-12-04 10:25:59 - [TEST_STEP][PASSED] - Statement - PreSaveFile = new java.io.File(((pathPrefix + java.lang.Integer.toString(counter)) + .png)): null

2018-12-04 10:25:59 - [TEST_STEP][PASSED] - Statement - counter = counter + 1: null

2018-12-04 10:25:59 - [TEST_STEP][PASSED] - Statement - PreSaveFile = new java.io.File(((pathPrefix + java.lang.Integer.toString(counter)) + .png)): null

2018-12-04 10:25:59 - [TEST_STEP][PASSED] - Statement - counter = counter + 1: null

2018-12-04 10:25:59 - [TEST_STEP][PASSED] - Statement - PreSaveFile = new java.io.File(((pathPrefix + java.lang.Integer.toString(counter)) + .png)): null

2018-12-04 10:25:59 - [TEST_STEP][PASSED] - Statement - counter = counter + 1: null

2018-12-04 10:25:59 - [TEST_STEP][PASSED] - Statement - PreSaveFile = new java.io.File(((pathPrefix + java.lang.Integer.toString(counter)) + .png)): null

2018-12-04 10:25:59 - [TEST_STEP][PASSED] - Statement - counter = counter + 1: null

2018-12-04 10:26:00 - [TEST_STEP][PASSED] - Statement - PreSaveFile = new java.io.File(((pathPrefix + java.lang.Integer.toString(counter)) + .png)): null

2018-12-04 10:26:00 - [TEST_STEP][PASSED] - Statement - counter = counter + 1: null

2018-12-04 10:26:00 - [TEST_STEP][PASSED] - Statement - PreSaveFile = new java.io.File(((pathPrefix + java.lang.Integer.toString(counter)) + .png)): null

2018-12-04 10:26:00 - [TEST_STEP][PASSED] - Statement - counter = counter + 1: null

2018-12-04 10:26:00 - [TEST_STEP][PASSED] - Statement - PreSaveFile = new java.io.File(((pathPrefix + java.lang.Integer.toString(counter)) + .png)): null

2018-12-04 10:26:00 - [TEST_STEP][PASSED] - Statement - counter = counter + 1: null

2018-12-04 10:26:00 - [TEST_STEP][PASSED] - Statement - PreSaveFile = new java.io.File(((pathPrefix + java.lang.Integer.toString(counter)) + .png)): null

2018-12-04 10:26:00 - [TEST_STEP][PASSED] - Statement - counter = counter + 1: null

2018-12-04 10:26:00 - [TEST_STEP][PASSED] - Statement - PreSaveFile = new java.io.File(((pathPrefix + java.lang.Integer.toString(counter)) + .png)): null

2018-12-04 10:26:00 - [TEST_STEP][PASSED] - Statement - counter = counter + 1: null

2018-12-04 10:26:02 - [TEST_STEP][PASSED] - Statement - PreSaveFile = new java.io.File(((pathPrefix + java.lang.Integer.toString(counter)) + .png)): null

2018-12-04 10:26:02 - [TEST_STEP][PASSED] - Statement - counter = counter + 1: null

2018-12-04 10:26:02 - [TEST_STEP][PASSED] - Statement - PreSaveFile = new java.io.File(((pathPrefix + java.lang.Integer.toString(counter)) + .png)): null

2018-12-04 10:26:02 - [TEST_STEP][PASSED] - Statement - counter = counter + 1: null

2018-12-04 10:26:02 - [TEST_STEP][PASSED] - Statement - PreSaveFile = new java.io.File(((pathPrefix + java.lang.Integer.toString(counter)) + .png)): null

2018-12-04 10:26:02 - [TEST_STEP][PASSED] - Statement - counter = counter + 1: null

2018-12-04 10:26:02 - [TEST_STEP][PASSED] - Statement - PreSaveFile = new java.io.File(((pathPrefix + java.lang.Integer.toString(counter)) + .png)): null

2018-12-04 10:26:02 - [TEST_STEP][PASSED] - Statement - counter = counter + 1: null

2018-12-04 10:26:02 - [TEST_STEP][PASSED] - Statement - PreSaveFile = new java.io.File(((pathPrefix + java.lang.Integer.toString(counter)) + .png)): null

2018-12-04 10:26:02 - [TEST_STEP][PASSED] - Statement - counter = counter + 1: null

2018-12-04 10:26:04 - [TEST_STEP][PASSED] - Statement - PreSaveFile = new java.io.File(((pathPrefix + java.lang.Integer.toString(counter)) + .png)): null

2018-12-04 10:26:04 - [TEST_STEP][PASSED] - Statement - counter = counter + 1: null

2018-12-04 10:26:04 - [TEST_STEP][PASSED] - Statement - PreSaveFile = new java.io.File(((pathPrefix + java.lang.Integer.toString(counter)) + .png)): null

2018-12-04 10:26:04 - [TEST_STEP][PASSED] - Statement - counter = counter + 1: null

2018-12-04 10:26:04 - [TEST_STEP][PASSED] - Statement - PreSaveFile = new java.io.File(((pathPrefix + java.lang.Integer.toString(counter)) + .png)): null

2018-12-04 10:26:04 - [TEST_STEP][PASSED] - Statement - counter = counter + 1: null

2018-12-04 10:26:04 - [TEST_STEP][PASSED] - Statement - PreSaveFile = new java.io.File(((pathPrefix + java.lang.Integer.toString(counter)) + .png)): null

2018-12-04 10:26:04 - [TEST_STEP][PASSED] - Statement - counter = counter + 1: null

2018-12-04 10:26:04 - [TEST_STEP][PASSED] - Statement - PreSaveFile = new java.io.File(((pathPrefix + java.lang.Integer.toString(counter)) + .png)): null

2018-12-04 10:26:06 - [TEST_STEP][PASSED] - Statement - counter = counter + 1: null

2018-12-04 10:26:06 - [TEST_STEP][PASSED] - Statement - PreSaveFile = new java.io.File(((pathPrefix + java.lang.Integer.toString(counter)) + .png)): null

2018-12-04 10:26:06 - [TEST_STEP][PASSED] - Statement - counter = counter + 1: null

2018-12-04 10:26:06 - [TEST_STEP][PASSED] - Statement - PreSaveFile = new java.io.File(((pathPrefix + java.lang.Integer.toString(counter)) + .png)): null

2018-12-04 10:26:06 - [TEST_STEP][PASSED] - Statement - counter = counter + 1: null

2018-12-04 10:26:06 - [TEST_STEP][PASSED] - Statement - PreSaveFile = new java.io.File(((pathPrefix + java.lang.Integer.toString(counter)) + .png)): null

2018-12-04 10:26:06 - [TEST_STEP][PASSED] - Statement - counter = counter + 1: null

2018-12-04 10:26:06 - [TEST_STEP][PASSED] - Statement - PreSaveFile = new java.io.File(((pathPrefix + java.lang.Integer.toString(counter)) + .png)): null

2018-12-04 10:26:06 - [TEST_STEP][PASSED] - Statement - counter = counter + 1: null

2018-12-04 10:26:08 - [TEST_STEP][PASSED] - Statement - PreSaveFile = new java.io.File(((pathPrefix + java.lang.Integer.toString(counter)) + .png)): null

2018-12-04 10:26:08 - [TEST_STEP][PASSED] - Statement - counter = counter + 1: null

2018-12-04 10:26:08 - [TEST_STEP][PASSED] - Statement - PreSaveFile = new java.io.File(((pathPrefix + java.lang.Integer.toString(counter)) + .png)): null

2018-12-04 10:26:08 - [TEST_STEP][PASSED] - Statement - counter = counter + 1: null

2018-12-04 10:26:08 - [TEST_STEP][PASSED] - Statement - PreSaveFile = new java.io.File(((pathPrefix + java.lang.Integer.toString(counter)) + .png)): null

2018-12-04 10:26:08 - [TEST_STEP][PASSED] - Statement - counter = counter + 1: null

2018-12-04 10:26:08 - [TEST_STEP][PASSED] - Statement - PreSaveFile = new java.io.File(((pathPrefix + java.lang.Integer.toString(counter)) + .png)): null

2018-12-04 10:26:08 - [TEST_STEP][PASSED] - Statement - counter = counter + 1: null

2018-12-04 10:26:08 - [TEST_STEP][PASSED] - Statement - PreSaveFile = new java.io.File(((pathPrefix + java.lang.Integer.toString(counter)) + .png)): null

2018-12-04 10:26:08 - [TEST_STEP][PASSED] - Statement - counter = counter + 1: null

2018-12-04 10:26:11 - [TEST_STEP][PASSED] - Statement - PreSaveFile = new java.io.File(((pathPrefix + java.lang.Integer.toString(counter)) + .png)): null

2018-12-04 10:26:11 - [TEST_STEP][PASSED] - Statement - counter = counter + 1: null

2018-12-04 10:26:11 - [TEST_STEP][PASSED] - Statement - PreSaveFile = new java.io.File(((pathPrefix + java.lang.Integer.toString(counter)) + .png)): null

2018-12-04 10:26:11 - [TEST_STEP][PASSED] - Statement - counter = counter + 1: null

2018-12-04 10:26:11 - [TEST_STEP][PASSED] - Statement - PreSaveFile = new java.io.File(((pathPrefix + java.lang.Integer.toString(counter)) + .png)): null

2018-12-04 10:26:11 - [TEST_STEP][PASSED] - Statement - counter = counter + 1: null

2018-12-04 10:26:11 - [TEST_STEP][PASSED] - Statement - PreSaveFile = new java.io.File(((pathPrefix + java.lang.Integer.toString(counter)) + .png)): null

2018-12-04 10:26:11 - [TEST_STEP][PASSED] - Statement - counter = counter + 1: null

2018-12-04 10:26:11 - [TEST_STEP][PASSED] - Statement - PreSaveFile = new java.io.File(((pathPrefix + java.lang.Integer.toString(counter)) + .png)): null

2018-12-04 10:26:11 - [TEST_STEP][PASSED] - Statement - counter = counter + 1: null

2018-12-04 10:26:13 - [TEST_STEP][PASSED] - Statement - PreSaveFile = new java.io.File(((pathPrefix + java.lang.Integer.toString(counter)) + .png)): null

2018-12-04 10:26:13 - [TEST_STEP][PASSED] - Statement - counter = counter + 1: null

2018-12-04 10:26:13 - [TEST_STEP][PASSED] - Statement - PreSaveFile = new java.io.File(((pathPrefix + java.lang.Integer.toString(counter)) + .png)): null

2018-12-04 10:26:13 - [TEST_STEP][PASSED] - Statement - counter = counter + 1: null

2018-12-04 10:26:13 - [TEST_STEP][PASSED] - Statement - PreSaveFile = new java.io.File(((pathPrefix + java.lang.Integer.toString(counter)) + .png)): null

2018-12-04 10:26:13 - [TEST_STEP][PASSED] - Statement - counter = counter + 1: null

2018-12-04 10:26:13 - [TEST_STEP][PASSED] - Statement - PreSaveFile = new java.io.File(((pathPrefix + java.lang.Integer.toString(counter)) + .png)): null

2018-12-04 10:26:13 - [TEST_STEP][PASSED] - Statement - counter = counter + 1: null

2018-12-04 10:26:13 - [TEST_STEP][PASSED] - Statement - PreSaveFile = new java.io.File(((pathPrefix + java.lang.Integer.toString(counter)) + .png)): null

2018-12-04 10:26:13 - [TEST_STEP][PASSED] - Statement - counter = counter + 1: null

2018-12-04 10:26:15 - [TEST_STEP][PASSED] - Statement - PreSaveFile = new java.io.File(((pathPrefix + java.lang.Integer.toString(counter)) + .png)): null

2018-12-04 10:26:15 - [TEST_STEP][PASSED] - Statement - counter = counter + 1: null

2018-12-04 10:26:15 - [TEST_STEP][PASSED] - Statement - PreSaveFile = new java.io.File(((pathPrefix + java.lang.Integer.toString(counter)) + .png)): null

2018-12-04 10:26:15 - [TEST_STEP][PASSED] - Statement - counter = counter + 1: null

2018-12-04 10:26:15 - [TEST_STEP][PASSED] - Statement - PreSaveFile = new java.io.File(((pathPrefix + java.lang.Integer.toString(counter)) + .png)): null

2018-12-04 10:26:15 - [TEST_STEP][PASSED] - Statement - counter = counter + 1: null

2018-12-04 10:26:15 - [TEST_STEP][PASSED] - Statement - PreSaveFile = new java.io.File(((pathPrefix + java.lang.Integer.toString(counter)) + .png)): null

2018-12-04 10:26:15 - [TEST_STEP][PASSED] - Statement - counter = counter + 1: null

2018-12-04 10:26:15 - [TEST_STEP][PASSED] - Statement - PreSaveFile = new java.io.File(((pathPrefix + java.lang.Integer.toString(counter)) + .png)): null

2018-12-04 10:26:17 - [TEST_STEP][PASSED] - Statement - counter = counter + 1: null

2018-12-04 10:26:17 - [TEST_STEP][PASSED] - Statement - PreSaveFile = new java.io.File(((pathPrefix + java.lang.Integer.toString(counter)) + .png)): null

2018-12-04 10:26:17 - [TEST_STEP][PASSED] - Statement - counter = counter + 1: null

2018-12-04 10:26:17 - [TEST_STEP][PASSED] - Statement - PreSaveFile = new java.io.File(((pathPrefix + java.lang.Integer.toString(counter)) + .png)): null

2018-12-04 10:26:17 - [TEST_STEP][PASSED] - Statement - counter = counter + 1: null

2018-12-04 10:26:17 - [TEST_STEP][PASSED] - Statement - PreSaveFile = new java.io.File(((pathPrefix + java.lang.Integer.toString(counter)) + .png)): null

2018-12-04 10:26:17 - [TEST_STEP][PASSED] - Statement - counter = counter + 1: null

2018-12-04 10:26:17 - [TEST_STEP][PASSED] - Statement - PreSaveFile = new java.io.File(((pathPrefix + java.lang.Integer.toString(counter)) + .png)): null

2018-12-04 10:26:17 - [TEST_STEP][PASSED] - Statement - counter = counter + 1: null

2018-12-04 10:26:19 - [TEST_STEP][PASSED] - Statement - PreSaveFile = new java.io.File(((pathPrefix + java.lang.Integer.toString(counter)) + .png)): null

2018-12-04 10:26:19 - [TEST_STEP][PASSED] - Statement - counter = counter + 1: null

2018-12-04 10:26:19 - [TEST_STEP][PASSED] - Statement - PreSaveFile = new java.io.File(((pathPrefix + java.lang.Integer.toString(counter)) + .png)): null

2018-12-04 10:26:19 - [TEST_STEP][PASSED] - Statement - counter = counter + 1: null

2018-12-04 10:26:19 - [TEST_STEP][PASSED] - Statement - PreSaveFile = new java.io.File(((pathPrefix + java.lang.Integer.toString(counter)) + .png)): null

2018-12-04 10:26:19 - [TEST_STEP][PASSED] - Statement - counter = counter + 1: null

2018-12-04 10:26:19 - [TEST_STEP][PASSED] - Statement - PreSaveFile = new java.io.File(((pathPrefix + java.lang.Integer.toString(counter)) + .png)): null

2018-12-04 10:26:19 - [TEST_STEP][PASSED] - Statement - counter = counter + 1: null

2018-12-04 10:26:19 - [TEST_STEP][PASSED] - Statement - PreSaveFile = new java.io.File(((pathPrefix + java.lang.Integer.toString(counter)) + .png)): null

2018-12-04 10:26:19 - [TEST_STEP][PASSED] - Statement - counter = counter + 1: null

2018-12-04 10:26:21 - [TEST_STEP][PASSED] - Statement - PreSaveFile = new java.io.File(((pathPrefix + java.lang.Integer.toString(counter)) + .png)): null

2018-12-04 10:26:21 - [TEST_STEP][PASSED] - Statement - counter = counter + 1: null

2018-12-04 10:26:21 - [TEST_STEP][PASSED] - Statement - PreSaveFile = new java.io.File(((pathPrefix + java.lang.Integer.toString(counter)) + .png)): null

2018-12-04 10:26:21 - [TEST_STEP][PASSED] - Statement - counter = counter + 1: null

2018-12-04 10:26:21 - [TEST_STEP][PASSED] - Statement - PreSaveFile = new java.io.File(((pathPrefix + java.lang.Integer.toString(counter)) + .png)): null

2018-12-04 10:26:21 - [TEST_STEP][PASSED] - Statement - counter = counter + 1: null

2018-12-04 10:26:21 - [TEST_STEP][PASSED] - Statement - PreSaveFile = new java.io.File(((pathPrefix + java.lang.Integer.toString(counter)) + .png)): null

2018-12-04 10:26:21 - [TEST_STEP][PASSED] - Statement - counter = counter + 1: null

2018-12-04 10:26:21 - [TEST_STEP][PASSED] - Statement - PreSaveFile = new java.io.File(((pathPrefix + java.lang.Integer.toString(counter)) + .png)): null

2018-12-04 10:26:21 - [TEST_STEP][PASSED] - Statement - counter = counter + 1: null

2018-12-04 10:26:24 - [TEST_STEP][PASSED] - Statement - PreSaveFile = new java.io.File(((pathPrefix + java.lang.Integer.toString(counter)) + .png)): null

2018-12-04 10:26:24 - [TEST_STEP][PASSED] - Statement - finalPath = pathPrefix + java.lang.Integer.toString(counter) + ".png": null

2018-12-04 10:26:24 - [TEST_STEP][PASSED] - Statement - SaveFile = new java.io.File(finalPath): null

2018-12-04 10:26:24 - [TEST_STEP][PASSED] - Statement - Try: null

2018-12-04 10:26:24 - [TEST_STEP][PASSED] - Statement - org.apache.commons.io.FileUtils.copyFile(scrFile, SaveFile): null

2018-12-04 10:26:24 - [TEST_STEP][PASSED] - Statement - out.println("file kept"): null

2018-12-04 10:26:24 - [TEST_STEP][PASSED] - delay: Delayed 10 second(s)

2018-12-04 10:26:34 - [MESSAGE][PASSED] - Delayed 10 second(s)

2018-12-04 10:26:34 - [MESSAGE][FAILED] - Unable to call Test Case with id 'Test Cases/Final Aug 2018 - PKS Automation/Registration Module/New Registration/Submit and Screenshot/Submit Registration and Screenshot' (Root cause: Call Test Case 'Test Cases/Final Aug 2018 - PKS Automation/Registration Module/New Registration/Submit and Screenshot/Submit Registration and Screenshot' failed)]]></system-out>
         <system-err><![CDATA[2018-12-04 10:07:12 - [TEST_CASE][FAILED] - Test Cases/Final Aug 2018 - PKS Automation/Registration Module/Workflow/New Registration/Case OTC to RO - RO Under Enforcement: Test Cases/Final Aug 2018 - PKS Automation/Registration Module/Workflow/New Registration/Case OTC to RO - RO Under Enforcement FAILED because (of) (Stack trace: com.kms.katalon.core.exception.StepFailedException: Unable to click on object 'Object Repository/Final Object Repo/New Registration - Registration Module Pages/New Reg - OTC to RO/Special Case - All Related Objects/Click to Continue Workflow' (Root cause: org.openqa.selenium.StaleElementReferenceException: stale element reference: element is not attached to the page document
  (Session info: chrome=70.0.3538.110)
  (Driver info: chromedriver=2.43.600210 (68dcf5eebde37173d4027fa8635e332711d2874a),platform=Windows NT 6.1.7601 SP1 x86_64) (WARNING: The server did not provide any stacktrace information)
Command duration or timeout: 0 milliseconds
For documentation on this error, please visit: http://seleniumhq.org/exceptions/stale_element_reference.html
Build info: version: '3.7.1', revision: '8a0099a', time: '2017-11-06T21:07:36.161Z'
System info: host: 'WIN7TEST02', ip: '10.20.3.72', os.name: 'Windows 7', os.arch: 'amd64', os.version: '6.1', java.version: '1.8.0_181'
Driver info: com.kms.katalon.selenium.driver.CChromeDriver
Capabilities {acceptInsecureCerts: false, acceptSslCerts: false, applicationCacheEnabled: false, browserConnectionEnabled: false, browserName: chrome, chrome: {chromedriverVersion: 2.43.600210 (68dcf5eebde371..., userDataDir: C:\Users\Admin\AppData\Loca...}, cssSelectorsEnabled: true, databaseEnabled: false, goog:chromeOptions: {debuggerAddress: localhost:51819}, handlesAlerts: true, hasTouchScreen: false, javascriptEnabled: true, locationContextEnabled: true, mobileEmulationEnabled: false, nativeEvents: true, networkConnectionEnabled: false, pageLoadStrategy: normal, platform: XP, platformName: XP, rotatable: false, setWindowRect: true, takesHeapSnapshot: true, takesScreenshot: true, unexpectedAlertBehaviour: , unhandledPromptBehavior: , version: 70.0.3538.110, webStorageEnabled: true}
Session ID: 2b3a6ff8348a4dc6afa1017d92a67d4b)
	at com.kms.katalon.core.keyword.internal.KeywordMain.stepFailed(KeywordMain.groovy:32)
	at com.kms.katalon.core.webui.keyword.internal.WebUIKeywordMain.stepFailed(WebUIKeywordMain.groovy:65)
	at com.kms.katalon.core.webui.keyword.internal.WebUIKeywordMain.runKeyword(WebUIKeywordMain.groovy:27)
	at com.kms.katalon.core.webui.keyword.builtin.ClickKeyword.click(ClickKeyword.groovy:86)
	at com.kms.katalon.core.webui.keyword.builtin.ClickKeyword.execute(ClickKeyword.groovy:67)
	at com.kms.katalon.core.keyword.internal.KeywordExecutor.executeKeywordForPlatform(KeywordExecutor.groovy:53)
	at com.kms.katalon.core.webui.keyword.WebUiBuiltInKeywords.click(WebUiBuiltInKeywords.groovy:616)
	at com.kms.katalon.core.webui.keyword.WebUiBuiltInKeywords$click$2.call(Unknown Source)
	at org.codehaus.groovy.runtime.callsite.CallSiteArray.defaultCall(CallSiteArray.java:48)
	at org.codehaus.groovy.runtime.callsite.AbstractCallSite.call(AbstractCallSite.java:113)
	at org.codehaus.groovy.runtime.callsite.AbstractCallSite.call(AbstractCallSite.java:125)
	at Script1535599319727.run(Script1535599319727.groovy:159)
	at com.kms.katalon.core.main.ScriptEngine.run(ScriptEngine.java:183)
	at com.kms.katalon.core.main.ScriptEngine.runScriptAsRawText(ScriptEngine.java:108)
	at com.kms.katalon.core.main.TestCaseExecutor.runScript(TestCaseExecutor.java:294)
	at com.kms.katalon.core.main.TestCaseExecutor.doExecute(TestCaseExecutor.java:285)
	at com.kms.katalon.core.main.TestCaseExecutor.processExecutionPhase(TestCaseExecutor.java:264)
	at com.kms.katalon.core.main.TestCaseExecutor.accessMainPhase(TestCaseExecutor.java:256)
	at com.kms.katalon.core.main.TestCaseExecutor.execute(TestCaseExecutor.java:200)
	at com.kms.katalon.core.main.TestSuiteExecutor.accessTestCaseMainPhase(TestSuiteExecutor.java:129)
	at com.kms.katalon.core.main.TestSuiteExecutor.accessTestSuiteMainPhase(TestSuiteExecutor.java:112)
	at com.kms.katalon.core.main.TestSuiteExecutor.execute(TestSuiteExecutor.java:81)
	at com.kms.katalon.core.main.TestCaseMain.startTestSuite(TestCaseMain.java:142)
	at com.kms.katalon.core.main.TestCaseMain$startTestSuite$0.call(Unknown Source)
	at org.codehaus.groovy.runtime.callsite.CallSiteArray.defaultCall(CallSiteArray.java:48)
	at org.codehaus.groovy.runtime.callsite.AbstractCallSite.call(AbstractCallSite.java:113)
	at org.codehaus.groovy.runtime.callsite.AbstractCallSite.call(AbstractCallSite.java:141)
	at TempTestSuite1543887302996.run(TempTestSuite1543887302996.groovy:36)
	at groovy.lang.GroovyShell.runScriptOrMainOrTestOrRunnable(GroovyShell.java:263)
	at groovy.lang.GroovyShell.run(GroovyShell.java:518)
	at groovy.lang.GroovyShell.run(GroovyShell.java:507)
	at groovy.ui.GroovyMain.processOnce(GroovyMain.java:653)
	at groovy.ui.GroovyMain.run(GroovyMain.java:384)
	at groovy.ui.GroovyMain.process(GroovyMain.java:370)
	at groovy.ui.GroovyMain.processArgs(GroovyMain.java:129)
	at groovy.ui.GroovyMain.main(GroovyMain.java:109)
	at sun.reflect.NativeMethodAccessorImpl.invoke0(Native Method)
	at sun.reflect.NativeMethodAccessorImpl.invoke(NativeMethodAccessorImpl.java:62)
	at sun.reflect.DelegatingMethodAccessorImpl.invoke(DelegatingMethodAccessorImpl.java:43)
	at java.lang.reflect.Method.invoke(Method.java:498)
	at org.codehaus.groovy.tools.GroovyStarter.rootLoader(GroovyStarter.java:109)
	at org.codehaus.groovy.tools.GroovyStarter.main(GroovyStarter.java:131)
)]]></system-err>
      </testcase>
      <testcase name="Test Cases/Final Aug 2018 - PKS Automation/Registration Module/Workflow/New Registration/Case PKR BO to RO - Query - Submit" classname="Test Cases/Final Aug 2018 - PKS Automation/Registration Module/Workflow/New Registration/Case PKR BO to RO - Query - Submit" status="PASSED">
         <system-out><![CDATA[2018-12-04 10:26:34 - [TEST_CASE][PASSED] - Test Cases/Final Aug 2018 - PKS Automation/Registration Module/Workflow/New Registration/Case PKR BO to RO - Query - Submit: Test Cases/Final Aug 2018 - PKS Automation/Registration Module/Workflow/New Registration/Case PKR BO to RO - Query - Submit

2018-12-04 10:26:34 - [TEST_STEP][PASSED] - callTestCase: Call Test Case 'Test Cases/Final Aug 2018 - PKS Automation/Registration Module/Workflow/New Registration/Template/Special Case - PKR BO - Form 1' successfully

2018-12-04 10:26:34 - [TEST_CASE][PASSED] - Test Cases/Final Aug 2018 - PKS Automation/Registration Module/Workflow/New Registration/Template/Special Case - PKR BO - Form 1: Test Cases/Final Aug 2018 - PKS Automation/Registration Module/Workflow/New Registration/Template/Special Case - PKR BO - Form 1

2018-12-04 10:26:34 - [TEST_STEP][PASSED] - openBrowser: Browser is opened with url: ''

2018-12-04 10:26:34 - [MESSAGE][WARNING] - A browser is already opened. Closing browser and opening a new one

2018-12-04 10:26:37 - [MESSAGE][PASSED] - Browser is opened with url: ''

2018-12-04 10:26:37 - [TEST_STEP][PASSED] - navigateToUrl: Navigate to 'https://assist2-uat.perkeso.gov.my/login' successfully

2018-12-04 10:26:39 - [MESSAGE][PASSED] - Navigate to 'https://assist2-uat.perkeso.gov.my/login' successfully

2018-12-04 10:26:39 - [TEST_STEP][PASSED] - delay: Delayed 2 second(s)

2018-12-04 10:26:41 - [MESSAGE][PASSED] - Delayed 2 second(s)

2018-12-04 10:26:41 - [TEST_STEP][PASSED] - setText: Text 'klpkrbo2@gmail.com' is set on object 'Object Repository/Final Object Repo/Login Page/Internal User/Email Address'

2018-12-04 10:26:41 - [MESSAGE][PASSED] - Text 'klpkrbo2@gmail.com' is set on object 'Object Repository/Final Object Repo/Login Page/Internal User/Email Address'

2018-12-04 10:26:41 - [TEST_STEP][PASSED] - click: Object: 'Object Repository/Final Object Repo/Login Page/Internal User/Next Button' is clicked on

2018-12-04 10:26:41 - [MESSAGE][PASSED] - Object: 'Object Repository/Final Object Repo/Login Page/Internal User/Next Button' is clicked on

2018-12-04 10:26:41 - [TEST_STEP][PASSED] - delay: Delayed 2 second(s)

2018-12-04 10:26:43 - [MESSAGE][PASSED] - Delayed 2 second(s)

2018-12-04 10:26:43 - [TEST_STEP][PASSED] - setText: Text 'Test1@3456789' is set on object 'Object Repository/Final Object Repo/Login Page/Internal User/Password'

2018-12-04 10:26:43 - [MESSAGE][PASSED] - Text 'Test1@3456789' is set on object 'Object Repository/Final Object Repo/Login Page/Internal User/Password'

2018-12-04 10:26:43 - [TEST_STEP][PASSED] - delay: Delayed 2 second(s)

2018-12-04 10:26:45 - [MESSAGE][PASSED] - Delayed 2 second(s)

2018-12-04 10:26:45 - [TEST_STEP][PASSED] - click: Object: 'Object Repository/Final Object Repo/Login Page/Internal User/Login Button' is clicked on

2018-12-04 10:26:46 - [MESSAGE][PASSED] - Object: 'Object Repository/Final Object Repo/Login Page/Internal User/Login Button' is clicked on

2018-12-04 10:26:46 - [TEST_STEP][PASSED] - Statement - Try: null

2018-12-04 10:26:46 - [TEST_STEP][PASSED] - Statement - Checker = com.kms.katalon.core.webui.keyword.WebUiBuiltInKeywords.verifyElementNotPresent("Final Object Repo/Landing Page/Select to English", 3): null

2018-12-04 10:26:46 - [TEST_STEP][PASSED] - Statement - Catch (Exception e): null

2018-12-04 10:26:46 - [TEST_STEP][PASSED] - Statement - e.printStackTrace(): null

2018-12-04 10:26:46 - [TEST_STEP][PASSED] - delay: Delayed 5 second(s)

2018-12-04 10:26:51 - [MESSAGE][PASSED] - Delayed 5 second(s)

2018-12-04 10:26:51 - [TEST_STEP][PASSED] - click: Object: 'Object Repository/Final Object Repo/Landing Page/My Sites Drop Down' is clicked on

2018-12-04 10:26:51 - [MESSAGE][PASSED] - Object: 'Object Repository/Final Object Repo/Landing Page/My Sites Drop Down' is clicked on

2018-12-04 10:26:51 - [TEST_STEP][PASSED] - click: Object: 'Object Repository/Final Object Repo/Landing Page/Select to Registration Module' is clicked on

2018-12-04 10:26:52 - [MESSAGE][PASSED] - Object: 'Object Repository/Final Object Repo/Landing Page/Select to Registration Module' is clicked on

2018-12-04 10:26:52 - [TEST_STEP][PASSED] - click: Object: 'Object Repository/Final Object Repo/Landing Page/Registration Button' is clicked on

2018-12-04 10:26:53 - [MESSAGE][PASSED] - Object: 'Object Repository/Final Object Repo/Landing Page/Registration Button' is clicked on

2018-12-04 10:26:53 - [TEST_STEP][PASSED] - delay: Delayed 2 second(s)

2018-12-04 10:26:55 - [MESSAGE][PASSED] - Delayed 2 second(s)

2018-12-04 10:26:55 - [TEST_STEP][PASSED] - click: Object: 'Object Repository/Final Object Repo/New Registration - Registration Module Pages/New Reg - OTC to RO/Special Case - OTC - Form 1/AEC NO' is clicked on

2018-12-04 10:26:56 - [MESSAGE][PASSED] - Object: 'Object Repository/Final Object Repo/New Registration - Registration Module Pages/New Reg - OTC to RO/Special Case - OTC - Form 1/AEC NO' is clicked on

2018-12-04 10:26:56 - [TEST_STEP][PASSED] - click: Object: 'Object Repository/Final Object Repo/New Registration - Registration Module Pages/New Reg - OTC to RO/Special Case - OTC - Form 1/Business Entity - Please Select' is clicked on

2018-12-04 10:26:56 - [MESSAGE][PASSED] - Object: 'Object Repository/Final Object Repo/New Registration - Registration Module Pages/New Reg - OTC to RO/Special Case - OTC - Form 1/Business Entity - Please Select' is clicked on

2018-12-04 10:26:56 - [TEST_STEP][PASSED] - click: Object: 'Object Repository/Final Object Repo/New Registration - Registration Module Pages/New Reg - OTC to RO/Special Case - OTC - Form 1/Selected - Corporation' is clicked on

2018-12-04 10:26:56 - [MESSAGE][PASSED] - Object: 'Object Repository/Final Object Repo/New Registration - Registration Module Pages/New Reg - OTC to RO/Special Case - OTC - Form 1/Selected - Corporation' is clicked on

2018-12-04 10:26:56 - [TEST_STEP][PASSED] - delay: Delayed 2 second(s)

2018-12-04 10:26:58 - [MESSAGE][PASSED] - Delayed 2 second(s)

2018-12-04 10:26:58 - [TEST_STEP][PASSED] - click: Object: 'Object Repository/Final Object Repo/New Registration - Registration Module Pages/New Reg - OTC to RO/Special Case - OTC - Form 1/Sub Business Entity - Please Select' is clicked on

2018-12-04 10:26:58 - [MESSAGE][PASSED] - Object: 'Object Repository/Final Object Repo/New Registration - Registration Module Pages/New Reg - OTC to RO/Special Case - OTC - Form 1/Sub Business Entity - Please Select' is clicked on

2018-12-04 10:26:58 - [TEST_STEP][PASSED] - delay: Delayed 2 second(s)

2018-12-04 10:27:00 - [MESSAGE][PASSED] - Delayed 2 second(s)

2018-12-04 10:27:00 - [TEST_STEP][PASSED] - click: Object: 'Object Repository/Final Object Repo/New Registration - Registration Module Pages/New Reg - OTC to RO/Special Case - OTC - Form 1/Selected - Sendirian Berhad' is clicked on

2018-12-04 10:27:00 - [MESSAGE][PASSED] - Object: 'Object Repository/Final Object Repo/New Registration - Registration Module Pages/New Reg - OTC to RO/Special Case - OTC - Form 1/Selected - Sendirian Berhad' is clicked on

2018-12-04 10:27:00 - [TEST_STEP][PASSED] - setText: Text 'AUTOMATE001' is set on object 'Object Repository/Final Object Repo/New Registration - Registration Module Pages/New Reg - OTC to RO/Special Case - OTC - Form 1/Input BRN Number'

2018-12-04 10:27:01 - [MESSAGE][PASSED] - Text 'AUTOMATE001' is set on object 'Object Repository/Final Object Repo/New Registration - Registration Module Pages/New Reg - OTC to RO/Special Case - OTC - Form 1/Input BRN Number'

2018-12-04 10:27:01 - [TEST_STEP][PASSED] - delay: Delayed 2 second(s)

2018-12-04 10:27:03 - [MESSAGE][PASSED] - Delayed 2 second(s)

2018-12-04 10:27:03 - [TEST_STEP][PASSED] - click: Object: 'Object Repository/Final Object Repo/New Registration - Registration Module Pages/New Reg - OTC to RO/Special Case - OTC - Form 1/BRN Search' is clicked on

2018-12-04 10:27:03 - [MESSAGE][PASSED] - Object: 'Object Repository/Final Object Repo/New Registration - Registration Module Pages/New Reg - OTC to RO/Special Case - OTC - Form 1/BRN Search' is clicked on

2018-12-04 10:27:03 - [TEST_STEP][PASSED] - delay: Delayed 4 second(s)

2018-12-04 10:27:07 - [MESSAGE][PASSED] - Delayed 4 second(s)

2018-12-04 10:27:07 - [TEST_STEP][PASSED] - click: Object: 'Object Repository/Final Object Repo/New Registration - Registration Module Pages/New Reg - OTC to RO/Special Case - OTC - Form 1/Registered with SSM - After Feb 2017' is clicked on

2018-12-04 10:27:07 - [MESSAGE][PASSED] - Object: 'Object Repository/Final Object Repo/New Registration - Registration Module Pages/New Reg - OTC to RO/Special Case - OTC - Form 1/Registered with SSM - After Feb 2017' is clicked on

2018-12-04 10:27:07 - [TEST_STEP][PASSED] - delay: Delayed 2 second(s)

2018-12-04 10:27:09 - [MESSAGE][PASSED] - Delayed 2 second(s)

2018-12-04 10:27:09 - [TEST_STEP][PASSED] - click: Object: 'Object Repository/Final Object Repo/New Registration - Registration Module Pages/New Reg - OTC to RO/Special Case - OTC - Form 1/Registering As A Branch - No' is clicked on

2018-12-04 10:27:09 - [MESSAGE][PASSED] - Object: 'Object Repository/Final Object Repo/New Registration - Registration Module Pages/New Reg - OTC to RO/Special Case - OTC - Form 1/Registering As A Branch - No' is clicked on

2018-12-04 10:27:09 - [TEST_STEP][PASSED] - click: Object: 'Object Repository/Final Object Repo/New Registration - Registration Module Pages/New Reg - OTC to RO/Special Case - OTC - Form 1/Acknowledgement Ticked' is clicked on

2018-12-04 10:27:10 - [MESSAGE][PASSED] - Object: 'Object Repository/Final Object Repo/New Registration - Registration Module Pages/New Reg - OTC to RO/Special Case - OTC - Form 1/Acknowledgement Ticked' is clicked on

2018-12-04 10:27:10 - [TEST_STEP][PASSED] - click: Object: 'Object Repository/Final Object Repo/New Registration - Registration Module Pages/New Reg - OTC to RO/Special Case - OTC - Form 1/Submit Button' is clicked on

2018-12-04 10:27:10 - [MESSAGE][PASSED] - Object: 'Object Repository/Final Object Repo/New Registration - Registration Module Pages/New Reg - OTC to RO/Special Case - OTC - Form 1/Submit Button' is clicked on

2018-12-04 10:27:10 - [TEST_STEP][PASSED] - delay: Delayed 2 second(s)

2018-12-04 10:27:12 - [MESSAGE][PASSED] - Delayed 2 second(s)

2018-12-04 10:27:12 - [TEST_STEP][PASSED] - click: Object: 'Object Repository/Final Object Repo/New Registration - Registration Module Pages/New Reg - OTC to RO/Special Case - OTC - Form 1/Confirm No Flagging as Branch' is clicked on

2018-12-04 10:27:12 - [MESSAGE][PASSED] - Object: 'Object Repository/Final Object Repo/New Registration - Registration Module Pages/New Reg - OTC to RO/Special Case - OTC - Form 1/Confirm No Flagging as Branch' is clicked on

2018-12-04 10:27:12 - [MESSAGE][PASSED] - Call Test Case 'Test Cases/Final Aug 2018 - PKS Automation/Registration Module/Workflow/New Registration/Template/Special Case - PKR BO - Form 1' successfully

2018-12-04 10:27:12 - [TEST_STEP][PASSED] - callTestCase: Call Test Case 'Test Cases/Final Aug 2018 - PKS Automation/Registration Module/New Registration/Form 2/Add 1 Eligible' successfully

2018-12-04 10:27:12 - [TEST_CASE][PASSED] - Test Cases/Final Aug 2018 - PKS Automation/Registration Module/New Registration/Form 2/Add 1 Eligible: Test Cases/Final Aug 2018 - PKS Automation/Registration Module/New Registration/Form 2/Add 1 Eligible

2018-12-04 10:27:12 - [TEST_STEP][PASSED] - delay: Delayed 2 second(s)

2018-12-04 10:27:14 - [MESSAGE][PASSED] - Delayed 2 second(s)

2018-12-04 10:27:14 - [TEST_STEP][PASSED] - callTestCase: Call Test Case 'Test Cases/Final Aug 2018 - PKS Automation/Registration Module/New Registration/Form 2/Date Updater' successfully

2018-12-04 10:27:14 - [TEST_CASE][PASSED] - Test Cases/Final Aug 2018 - PKS Automation/Registration Module/New Registration/Form 2/Date Updater: Test Cases/Final Aug 2018 - PKS Automation/Registration Module/New Registration/Form 2/Date Updater

2018-12-04 10:27:14 - [TEST_STEP][PASSED] - Statement - TodayDate = new java.util.Date(): null

2018-12-04 10:27:14 - [TEST_STEP][PASSED] - Statement - CurrentDateNoFilter = new java.text.SimpleDateFormat(): null

2018-12-04 10:27:14 - [TEST_STEP][PASSED] - Statement - CurrentDateNoFilter.applyPattern("MM"): null

2018-12-04 10:27:14 - [TEST_STEP][PASSED] - Statement - monthContainerMatcher = java.lang.Integer.parseInt(CurrentDateNoFilter.format(TodayDate)): null

2018-12-04 10:27:14 - [TEST_STEP][PASSED] - Statement - monthContainerMatcher = monthContainerMatcher - 1: null

2018-12-04 10:27:14 - [TEST_STEP][PASSED] - Statement - CurrentMonth = monthContainerMatcher.toString(): null

2018-12-04 10:27:14 - [TEST_STEP][PASSED] - Statement - CurrentMonth = CurrentMonth: null

2018-12-04 10:27:14 - [TEST_STEP][PASSED] - Statement - CurrentDateNoFilter.applyPattern("yyyy"): null

2018-12-04 10:27:14 - [TEST_STEP][PASSED] - Statement - CurrentYear = CurrentDateNoFilter.format(TodayDate): null

2018-12-04 10:27:14 - [TEST_STEP][PASSED] - Statement - CurrentYear = CurrentYear: null

2018-12-04 10:27:14 - [TEST_STEP][PASSED] - Statement - intCurrentYear = java.lang.Integer.parseInt(CurrentDateNoFilter.format(TodayDate)): null

2018-12-04 10:27:14 - [TEST_STEP][PASSED] - Statement - eighteenYrsAgo = intCurrentYear - 18: null

2018-12-04 10:27:14 - [TEST_STEP][PASSED] - Statement - eighteenYrsBeforeThisYr = eighteenYrsAgo.toString(): null

2018-12-04 10:27:14 - [TEST_STEP][PASSED] - Statement - EighteenYrsBefore = eighteenYrsBeforeThisYr: null

2018-12-04 10:27:14 - [TEST_STEP][PASSED] - Statement - fiftysevenYrsAgo = intCurrentYear - 57: null

2018-12-04 10:27:14 - [TEST_STEP][PASSED] - Statement - fiftysevenYrsBeforeThisYr = fiftysevenYrsAgo.toString(): null

2018-12-04 10:27:14 - [TEST_STEP][PASSED] - Statement - FiftysevenYrsBefore = fiftysevenYrsBeforeThisYr: null

2018-12-04 10:27:14 - [TEST_STEP][PASSED] - Statement - leapYear = false: null

2018-12-04 10:27:14 - [TEST_STEP][PASSED] - Statement - leapYear = intCurrentYear % 4 == 0: null

2018-12-04 10:27:14 - [TEST_STEP][PASSED] - Statement - CurrentDateNoFilter.applyPattern("dd"): null

2018-12-04 10:27:14 - [TEST_STEP][PASSED] - Statement - CurrentDate = CurrentDateNoFilter.format(TodayDate): null

2018-12-04 10:27:14 - [TEST_STEP][PASSED] - Statement - CurrentDate = java.lang.Integer.parseInt(CurrentDate): null

2018-12-04 10:27:14 - [TEST_STEP][PASSED] - Statement - CurrentDate = CurrentDate: null

2018-12-04 10:27:14 - [TEST_STEP][PASSED] - Statement - CurrentDay = java.lang.Integer.parseInt(CurrentDate): null

2018-12-04 10:27:14 - [TEST_STEP][PASSED] - Statement - ConfAdder = <not implemented yet for class: org.codehaus.groovy.ast.expr.EmptyExpression>: null

2018-12-04 10:27:14 - [TEST_STEP][PASSED] - Statement - switch (CurrentDate): null

2018-12-04 10:27:14 - [TEST_STEP][PASSED] - Statement - Default: null

2018-12-04 10:27:14 - [TEST_STEP][PASSED] - Statement - ConfAdder = false: null

2018-12-04 10:27:14 - [TEST_STEP][PASSED] - Statement - Break: null

2018-12-04 10:27:14 - [TEST_STEP][PASSED] - Statement - aDayBefore = <not implemented yet for class: org.codehaus.groovy.ast.expr.EmptyExpression>: null

2018-12-04 10:27:14 - [TEST_STEP][PASSED] - Statement - If (ConfAdder == true): null

2018-12-04 10:27:14 - [TEST_STEP][PASSED] - Statement - Else: null

2018-12-04 10:27:14 - [TEST_STEP][PASSED] - Statement - aDayBefore = 1: null

2018-12-04 10:27:14 - [TEST_STEP][PASSED] - Statement - If (aDayBefore == 1 && CurrentMonth == 11): null

2018-12-04 10:27:14 - [TEST_STEP][PASSED] - Statement - DayBefore = aDayBefore.toString(): null

2018-12-04 10:27:14 - [TEST_STEP][PASSED] - Statement - OneDayBefore = DayBefore: null

2018-12-04 10:27:15 - [MESSAGE][PASSED] - Call Test Case 'Test Cases/Final Aug 2018 - PKS Automation/Registration Module/New Registration/Form 2/Date Updater' successfully

2018-12-04 10:27:15 - [TEST_STEP][PASSED] - delay: Delayed 1 second(s)

2018-12-04 10:27:16 - [MESSAGE][PASSED] - Delayed 1 second(s)

2018-12-04 10:27:16 - [TEST_STEP][PASSED] - Statement - CaseReferenceNo = com.kms.katalon.core.webui.keyword.WebUiBuiltInKeywords.getText(com.kms.katalon.core.testobject.ObjectRepository.findTestObject(Final Object Repo/New Registration - Registration Module Pages/Form 2/RefNo Acquiring)): Text of object 'Object Repository/Final Object Repo/New Registration - Registration Module Pages/Form 2/RefNo Acquiring' is: 'CRN12201800122967'

2018-12-04 10:27:17 - [MESSAGE][PASSED] - Text of object 'Object Repository/Final Object Repo/New Registration - Registration Module Pages/Form 2/RefNo Acquiring' is: 'CRN12201800122967'

2018-12-04 10:27:17 - [TEST_STEP][PASSED] - delay: Delayed 1 second(s)

2018-12-04 10:27:18 - [MESSAGE][PASSED] - Delayed 1 second(s)

2018-12-04 10:27:18 - [TEST_STEP][PASSED] - click: Object: 'Object Repository/Final Object Repo/New Registration - Registration Module Pages/Form 2/Add Employee Button' is clicked on

2018-12-04 10:27:18 - [MESSAGE][PASSED] - Object: 'Object Repository/Final Object Repo/New Registration - Registration Module Pages/Form 2/Add Employee Button' is clicked on

2018-12-04 10:27:18 - [TEST_STEP][PASSED] - delay: Delayed 1 second(s)

2018-12-04 10:27:19 - [MESSAGE][PASSED] - Delayed 1 second(s)

2018-12-04 10:27:19 - [TEST_STEP][PASSED] - setText: Text '010903091963' is set on object 'Object Repository/Final Object Repo/New Registration - Registration Module Pages/Form 2/NRIC Input'

2018-12-04 10:27:19 - [MESSAGE][PASSED] - Text '010903091963' is set on object 'Object Repository/Final Object Repo/New Registration - Registration Module Pages/Form 2/NRIC Input'

2018-12-04 10:27:19 - [TEST_STEP][PASSED] - click: Object: 'Object Repository/Final Object Repo/New Registration - Registration Module Pages/Form 2/button for search for IC' is clicked on

2018-12-04 10:27:19 - [MESSAGE][PASSED] - Object: 'Object Repository/Final Object Repo/New Registration - Registration Module Pages/Form 2/button for search for IC' is clicked on

2018-12-04 10:27:19 - [TEST_STEP][PASSED] - delay: Delayed 2 second(s)

2018-12-04 10:27:21 - [MESSAGE][PASSED] - Delayed 2 second(s)

2018-12-04 10:27:21 - [TEST_STEP][PASSED] - setText: Text 'Automate001 eligible 1' is set on object 'Object Repository/Final Object Repo/New Registration - Registration Module Pages/Form 2/Employee Name Input'

2018-12-04 10:27:22 - [MESSAGE][PASSED] - Text 'Automate001 eligible 1' is set on object 'Object Repository/Final Object Repo/New Registration - Registration Module Pages/Form 2/Employee Name Input'

2018-12-04 10:27:22 - [TEST_STEP][PASSED] - delay: Delayed 2 second(s)

2018-12-04 10:27:24 - [MESSAGE][PASSED] - Delayed 2 second(s)

2018-12-04 10:27:24 - [TEST_STEP][PASSED] - click: Object: 'Object Repository/Final Object Repo/New Registration - Registration Module Pages/Form 2/DatePicker Pop Up' is clicked on

2018-12-04 10:27:24 - [MESSAGE][PASSED] - Object: 'Object Repository/Final Object Repo/New Registration - Registration Module Pages/Form 2/DatePicker Pop Up' is clicked on

2018-12-04 10:27:24 - [TEST_STEP][PASSED] - click: Object: 'Object Repository/Final Object Repo/New Registration - Registration Module Pages/Form 2/DOB Month' is clicked on

2018-12-04 10:27:24 - [MESSAGE][PASSED] - Object: 'Object Repository/Final Object Repo/New Registration - Registration Module Pages/Form 2/DOB Month' is clicked on

2018-12-04 10:27:24 - [TEST_STEP][PASSED] - Statement - CurrentMonth = CurrentMonth: null

2018-12-04 10:27:24 - [TEST_STEP][PASSED] - Statement - selectMonth = new com.kms.katalon.core.testobject.TestObject(): null

2018-12-04 10:27:24 - [TEST_STEP][PASSED] - Statement - selectMonth.addProperty("xpath", EQUALS, "//body/div/div/div/select/option[@value='" + CurrentMonth + "']", true): null

2018-12-04 10:27:24 - [TEST_STEP][PASSED] - click: Object: '' is clicked on

2018-12-04 10:27:24 - [MESSAGE][PASSED] - Object: '' is clicked on

2018-12-04 10:27:24 - [TEST_STEP][PASSED] - click: Object: 'Object Repository/Final Object Repo/New Registration - Registration Module Pages/Form 2/DOB Year' is clicked on

2018-12-04 10:27:25 - [MESSAGE][PASSED] - Object: 'Object Repository/Final Object Repo/New Registration - Registration Module Pages/Form 2/DOB Year' is clicked on

2018-12-04 10:27:25 - [TEST_STEP][PASSED] - Statement - Eyearsbf = EighteenYrsBefore: null

2018-12-04 10:27:25 - [TEST_STEP][PASSED] - Statement - selectYear = new com.kms.katalon.core.testobject.TestObject(): null

2018-12-04 10:27:25 - [TEST_STEP][PASSED] - Statement - selectYear.addProperty("xpath", EQUALS, "//div/div/div/select/option[@value='" + Eyearsbf + "']", true): null

2018-12-04 10:27:25 - [TEST_STEP][PASSED] - click: Object: '' is clicked on

2018-12-04 10:27:25 - [MESSAGE][PASSED] - Object: '' is clicked on

2018-12-04 10:27:25 - [TEST_STEP][PASSED] - Statement - UpdatedSelectDate = com.kms.katalon.core.webui.keyword.WebUiBuiltInKeywords.modifyObjectProperty(com.kms.katalon.core.testobject.ObjectRepository.findTestObject(Final Object Repo/New Registration - Registration Module Pages/Form 2/DOB Date), "xpath", "equals", "//body/div/table/tbody/tr/td/a[text()="" + CurrentDate + ""]", true): Modify property of object successfully

2018-12-04 10:27:25 - [MESSAGE][PASSED] - Modify property of object successfully

2018-12-04 10:27:25 - [TEST_STEP][PASSED] - delay: Delayed 3 second(s)

2018-12-04 10:27:28 - [MESSAGE][PASSED] - Delayed 3 second(s)

2018-12-04 10:27:28 - [TEST_STEP][PASSED] - click: Object: 'Object Repository/Final Object Repo/New Registration - Registration Module Pages/Form 2/DOB Date' is clicked on

2018-12-04 10:27:28 - [MESSAGE][PASSED] - Object: 'Object Repository/Final Object Repo/New Registration - Registration Module Pages/Form 2/DOB Date' is clicked on

2018-12-04 10:27:28 - [TEST_STEP][PASSED] - delay: Delayed 2 second(s)

2018-12-04 10:27:30 - [MESSAGE][PASSED] - Delayed 2 second(s)

2018-12-04 10:27:30 - [TEST_STEP][PASSED] - click: Object: 'Object Repository/Final Object Repo/New Registration - Registration Module Pages/Form 2/EmploymentStartDate Pop Up' is clicked on

2018-12-04 10:27:30 - [MESSAGE][PASSED] - Object: 'Object Repository/Final Object Repo/New Registration - Registration Module Pages/Form 2/EmploymentStartDate Pop Up' is clicked on

2018-12-04 10:27:30 - [TEST_STEP][PASSED] - delay: Delayed 2 second(s)

2018-12-04 10:27:32 - [MESSAGE][PASSED] - Delayed 2 second(s)

2018-12-04 10:27:32 - [TEST_STEP][PASSED] - click: Object: 'Object Repository/Final Object Repo/New Registration - Registration Module Pages/Form 2/Socso Employment StartDate Month' is clicked on

2018-12-04 10:27:32 - [MESSAGE][PASSED] - Object: 'Object Repository/Final Object Repo/New Registration - Registration Module Pages/Form 2/Socso Employment StartDate Month' is clicked on

2018-12-04 10:27:32 - [TEST_STEP][PASSED] - delay: Delayed 1 second(s)

2018-12-04 10:27:33 - [MESSAGE][PASSED] - Delayed 1 second(s)

2018-12-04 10:27:33 - [TEST_STEP][PASSED] - click: Object: 'Object Repository/Final Object Repo/New Registration - Registration Module Pages/Form 2/Select Socso Employement Startdate Month' is clicked on

2018-12-04 10:27:34 - [MESSAGE][PASSED] - Object: 'Object Repository/Final Object Repo/New Registration - Registration Module Pages/Form 2/Select Socso Employement Startdate Month' is clicked on

2018-12-04 10:27:34 - [TEST_STEP][PASSED] - delay: Delayed 2 second(s)

2018-12-04 10:27:36 - [MESSAGE][PASSED] - Delayed 2 second(s)

2018-12-04 10:27:36 - [TEST_STEP][PASSED] - click: Object: 'Object Repository/Final Object Repo/New Registration - Registration Module Pages/Form 2/Socso Employment StartDate Year' is clicked on

2018-12-04 10:27:36 - [MESSAGE][PASSED] - Object: 'Object Repository/Final Object Repo/New Registration - Registration Module Pages/Form 2/Socso Employment StartDate Year' is clicked on

2018-12-04 10:27:36 - [TEST_STEP][PASSED] - delay: Delayed 1 second(s)

2018-12-04 10:27:37 - [MESSAGE][PASSED] - Delayed 1 second(s)

2018-12-04 10:27:37 - [TEST_STEP][PASSED] - click: Object: 'Object Repository/Final Object Repo/New Registration - Registration Module Pages/Form 2/Select Socso Employment Startdate Year' is clicked on

2018-12-04 10:27:37 - [MESSAGE][PASSED] - Object: 'Object Repository/Final Object Repo/New Registration - Registration Module Pages/Form 2/Select Socso Employment Startdate Year' is clicked on

2018-12-04 10:27:37 - [TEST_STEP][PASSED] - delay: Delayed 2 second(s)

2018-12-04 10:27:39 - [MESSAGE][PASSED] - Delayed 2 second(s)

2018-12-04 10:27:39 - [TEST_STEP][PASSED] - click: Object: 'Object Repository/Final Object Repo/New Registration - Registration Module Pages/Form 2/Socso Employment Start Date Day' is clicked on

2018-12-04 10:27:39 - [MESSAGE][PASSED] - Object: 'Object Repository/Final Object Repo/New Registration - Registration Module Pages/Form 2/Socso Employment Start Date Day' is clicked on

2018-12-04 10:27:39 - [TEST_STEP][PASSED] - delay: Delayed 2 second(s)

2018-12-04 10:27:41 - [MESSAGE][PASSED] - Delayed 2 second(s)

2018-12-04 10:27:41 - [TEST_STEP][PASSED] - click: Object: 'Object Repository/Final Object Repo/New Registration - Registration Module Pages/Form 2/Save Button for Add Employee' is clicked on

2018-12-04 10:27:41 - [MESSAGE][PASSED] - Object: 'Object Repository/Final Object Repo/New Registration - Registration Module Pages/Form 2/Save Button for Add Employee' is clicked on

2018-12-04 10:27:41 - [TEST_STEP][PASSED] - delay: Delayed 6 second(s)

2018-12-04 10:27:47 - [MESSAGE][PASSED] - Delayed 6 second(s)

2018-12-04 10:27:47 - [TEST_STEP][PASSED] - click: Object: 'Object Repository/Final Object Repo/New Registration - Registration Module Pages/Form 2/Save and Continue Form 2' is clicked on

2018-12-04 10:27:48 - [MESSAGE][PASSED] - Object: 'Object Repository/Final Object Repo/New Registration - Registration Module Pages/Form 2/Save and Continue Form 2' is clicked on

2018-12-04 10:27:48 - [MESSAGE][PASSED] - Call Test Case 'Test Cases/Final Aug 2018 - PKS Automation/Registration Module/New Registration/Form 2/Add 1 Eligible' successfully

2018-12-04 10:27:48 - [TEST_STEP][PASSED] - callTestCase: Call Test Case 'Test Cases/Final Aug 2018 - PKS Automation/Registration Module/New Registration/Flow of New Registration/Third Screen - Upload Supporting Doc - Preview' successfully

2018-12-04 10:27:48 - [TEST_CASE][PASSED] - Test Cases/Final Aug 2018 - PKS Automation/Registration Module/New Registration/Flow of New Registration/Third Screen - Upload Supporting Doc - Preview: Test Cases/Final Aug 2018 - PKS Automation/Registration Module/New Registration/Flow of New Registration/Third Screen - Upload Supporting Doc - Preview

2018-12-04 10:27:48 - [TEST_STEP][PASSED] - waitForPageLoad: Wait for page load successfully

2018-12-04 10:27:48 - [MESSAGE][PASSED] - Wait for page load successfully

2018-12-04 10:27:48 - [TEST_STEP][PASSED] - Statement - CaseReferenceNo = com.kms.katalon.core.webui.keyword.WebUiBuiltInKeywords.getText(com.kms.katalon.core.testobject.ObjectRepository.findTestObject(Final Object Repo/New Registration - Registration Module Pages/Third Screen - Upload Supporting Doc- Preview/RefNo Acquiring)): Text of object 'Object Repository/Final Object Repo/New Registration - Registration Module Pages/Third Screen - Upload Supporting Doc- Preview/RefNo Acquiring' is: 'CRN12201800122967'

2018-12-04 10:27:49 - [MESSAGE][PASSED] - Text of object 'Object Repository/Final Object Repo/New Registration - Registration Module Pages/Third Screen - Upload Supporting Doc- Preview/RefNo Acquiring' is: 'CRN12201800122967'

2018-12-04 10:27:49 - [TEST_STEP][PASSED] - delay: Delayed 2 second(s)

2018-12-04 10:27:51 - [MESSAGE][PASSED] - Delayed 2 second(s)

2018-12-04 10:27:51 - [TEST_STEP][PASSED] - callTestCase: Call Test Case 'Test Cases/Final Aug 2018 - PKS Automation/Common/Reference Number Setter' successfully

2018-12-04 10:27:51 - [TEST_CASE][PASSED] - Test Cases/Final Aug 2018 - PKS Automation/Common/Reference Number Setter: Test Cases/Final Aug 2018 - PKS Automation/Common/Reference Number Setter

2018-12-04 10:27:51 - [TEST_STEP][PASSED] - Statement - RefNoOldFile = new java.io.File(C://Users//Admin//Desktop//PKS//Automation Reference Point//KatalonReference.txt): null

2018-12-04 10:27:51 - [TEST_STEP][PASSED] - Statement - RefNoOldFile.delete(): null

2018-12-04 10:27:51 - [TEST_STEP][PASSED] - delay: Delayed 5 second(s)

2018-12-04 10:27:56 - [MESSAGE][PASSED] - Delayed 5 second(s)

2018-12-04 10:27:56 - [TEST_STEP][PASSED] - Statement - RefNo = new java.io.File(C://Users//Admin//Desktop//PKS//Automation Reference Point//KatalonReference.txt): null

2018-12-04 10:27:56 - [TEST_STEP][PASSED] - Statement - f2 = new java.io.FileWriter(RefNo, false): null

2018-12-04 10:27:56 - [TEST_STEP][PASSED] - Statement - f2.write(CaseReferenceNo): null

2018-12-04 10:27:56 - [TEST_STEP][PASSED] - Statement - f2.close(): null

2018-12-04 10:27:56 - [TEST_STEP][PASSED] - Statement - out.println("


" + CaseReferenceNo + "


"): null

2018-12-04 10:27:56 - [MESSAGE][PASSED] - Call Test Case 'Test Cases/Final Aug 2018 - PKS Automation/Common/Reference Number Setter' successfully

2018-12-04 10:27:56 - [TEST_STEP][PASSED] - waitForElementClickable: Object 'Object Repository/Final Object Repo/New Registration - Registration Module Pages/Third Screen - Upload Supporting Doc- Preview/Save n Continue in SIP Employee Listing Page' is clickable

2018-12-04 10:27:56 - [MESSAGE][PASSED] - Object 'Object Repository/Final Object Repo/New Registration - Registration Module Pages/Third Screen - Upload Supporting Doc- Preview/Save n Continue in SIP Employee Listing Page' is clickable

2018-12-04 10:27:56 - [TEST_STEP][PASSED] - click: Object: 'Object Repository/Final Object Repo/New Registration - Registration Module Pages/Third Screen - Upload Supporting Doc- Preview/Save n Continue in SIP Employee Listing Page' is clicked on

2018-12-04 10:28:01 - [MESSAGE][PASSED] - Object: 'Object Repository/Final Object Repo/New Registration - Registration Module Pages/Third Screen - Upload Supporting Doc- Preview/Save n Continue in SIP Employee Listing Page' is clicked on

2018-12-04 10:28:01 - [TEST_STEP][PASSED] - delay: Delayed 7 second(s)

2018-12-04 10:28:08 - [MESSAGE][PASSED] - Delayed 7 second(s)

2018-12-04 10:28:08 - [TEST_STEP][PASSED] - click: Object: 'Object Repository/Final Object Repo/New Registration - Registration Module Pages/Third Screen - Upload Supporting Doc- Preview/Add Document Button' is clicked on

2018-12-04 10:28:08 - [MESSAGE][PASSED] - Object: 'Object Repository/Final Object Repo/New Registration - Registration Module Pages/Third Screen - Upload Supporting Doc- Preview/Add Document Button' is clicked on

2018-12-04 10:28:08 - [TEST_STEP][PASSED] - delay: Delayed 30 second(s)

2018-12-04 10:28:38 - [MESSAGE][PASSED] - Delayed 30 second(s)

2018-12-04 10:28:38 - [TEST_STEP][PASSED] - click: Object: 'Object Repository/Final Object Repo/New Registration - Registration Module Pages/Third Screen - Upload Supporting Doc- Preview/Supporting Doc Please Select Drop Down' is clicked on

2018-12-04 10:28:39 - [MESSAGE][PASSED] - Object: 'Object Repository/Final Object Repo/New Registration - Registration Module Pages/Third Screen - Upload Supporting Doc- Preview/Supporting Doc Please Select Drop Down' is clicked on

2018-12-04 10:28:39 - [TEST_STEP][PASSED] - delay: Delayed 2 second(s)

2018-12-04 10:28:41 - [MESSAGE][PASSED] - Delayed 2 second(s)

2018-12-04 10:28:41 - [TEST_STEP][PASSED] - click: Object: 'Object Repository/Final Object Repo/New Registration - Registration Module Pages/Third Screen - Upload Supporting Doc- Preview/Select to Upload Form 1' is clicked on

2018-12-04 10:28:41 - [MESSAGE][PASSED] - Object: 'Object Repository/Final Object Repo/New Registration - Registration Module Pages/Third Screen - Upload Supporting Doc- Preview/Select to Upload Form 1' is clicked on

2018-12-04 10:28:41 - [TEST_STEP][PASSED] - delay: Delayed 2 second(s)

2018-12-04 10:28:43 - [MESSAGE][PASSED] - Delayed 2 second(s)

2018-12-04 10:28:43 - [TEST_STEP][PASSED] - uploadFile: File 'C:\Users\Public\Pictures\Sample Pictures\Koala.jpg' sent to object: 'Object Repository/Final Object Repo/New Registration - Registration Module Pages/Third Screen - Upload Supporting Doc- Preview/Upload File Adding'

2018-12-04 10:28:43 - [MESSAGE][PASSED] - File 'C:\Users\Public\Pictures\Sample Pictures\Koala.jpg' sent to object: 'Object Repository/Final Object Repo/New Registration - Registration Module Pages/Third Screen - Upload Supporting Doc- Preview/Upload File Adding'

2018-12-04 10:28:43 - [TEST_STEP][PASSED] - delay: Delayed 5 second(s)

2018-12-04 10:28:48 - [MESSAGE][PASSED] - Delayed 5 second(s)

2018-12-04 10:28:48 - [TEST_STEP][PASSED] - click: Object: 'Object Repository/Final Object Repo/New Registration - Registration Module Pages/Third Screen - Upload Supporting Doc- Preview/Inner Form Add Document Button' is clicked on

2018-12-04 10:28:48 - [MESSAGE][PASSED] - Object: 'Object Repository/Final Object Repo/New Registration - Registration Module Pages/Third Screen - Upload Supporting Doc- Preview/Inner Form Add Document Button' is clicked on

2018-12-04 10:28:48 - [TEST_STEP][PASSED] - delay: Delayed 3 second(s)

2018-12-04 10:28:51 - [MESSAGE][PASSED] - Delayed 3 second(s)

2018-12-04 10:28:51 - [TEST_STEP][PASSED] - click: Object: 'Object Repository/Final Object Repo/New Registration - Registration Module Pages/Third Screen - Upload Supporting Doc- Preview/Add Document Button' is clicked on

2018-12-04 10:28:53 - [MESSAGE][PASSED] - Object: 'Object Repository/Final Object Repo/New Registration - Registration Module Pages/Third Screen - Upload Supporting Doc- Preview/Add Document Button' is clicked on

2018-12-04 10:28:53 - [TEST_STEP][PASSED] - delay: Delayed 30 second(s)

2018-12-04 10:29:23 - [MESSAGE][PASSED] - Delayed 30 second(s)

2018-12-04 10:29:23 - [TEST_STEP][PASSED] - click: Object: 'Object Repository/Final Object Repo/New Registration - Registration Module Pages/Third Screen - Upload Supporting Doc- Preview/Supporting Doc Please Select Drop Down' is clicked on

2018-12-04 10:29:23 - [MESSAGE][PASSED] - Object: 'Object Repository/Final Object Repo/New Registration - Registration Module Pages/Third Screen - Upload Supporting Doc- Preview/Supporting Doc Please Select Drop Down' is clicked on

2018-12-04 10:29:23 - [TEST_STEP][PASSED] - delay: Delayed 2 second(s)

2018-12-04 10:29:25 - [MESSAGE][PASSED] - Delayed 2 second(s)

2018-12-04 10:29:25 - [TEST_STEP][PASSED] - click: Object: 'Object Repository/Final Object Repo/New Registration - Registration Module Pages/Third Screen - Upload Supporting Doc- Preview/Select to Upload Form 2' is clicked on

2018-12-04 10:29:25 - [MESSAGE][PASSED] - Object: 'Object Repository/Final Object Repo/New Registration - Registration Module Pages/Third Screen - Upload Supporting Doc- Preview/Select to Upload Form 2' is clicked on

2018-12-04 10:29:25 - [TEST_STEP][PASSED] - delay: Delayed 2 second(s)

2018-12-04 10:29:27 - [MESSAGE][PASSED] - Delayed 2 second(s)

2018-12-04 10:29:27 - [TEST_STEP][PASSED] - uploadFile: File 'C:\Users\Public\Pictures\Sample Pictures\Koala.jpg' sent to object: 'Object Repository/Final Object Repo/New Registration - Registration Module Pages/Third Screen - Upload Supporting Doc- Preview/Upload File Adding'

2018-12-04 10:29:27 - [MESSAGE][PASSED] - File 'C:\Users\Public\Pictures\Sample Pictures\Koala.jpg' sent to object: 'Object Repository/Final Object Repo/New Registration - Registration Module Pages/Third Screen - Upload Supporting Doc- Preview/Upload File Adding'

2018-12-04 10:29:27 - [TEST_STEP][PASSED] - click: Object: 'Object Repository/Final Object Repo/New Registration - Registration Module Pages/Third Screen - Upload Supporting Doc- Preview/Inner Form Add Document Button' is clicked on

2018-12-04 10:29:27 - [MESSAGE][PASSED] - Object: 'Object Repository/Final Object Repo/New Registration - Registration Module Pages/Third Screen - Upload Supporting Doc- Preview/Inner Form Add Document Button' is clicked on

2018-12-04 10:29:27 - [TEST_STEP][PASSED] - delay: Delayed 5 second(s)

2018-12-04 10:29:32 - [MESSAGE][PASSED] - Delayed 5 second(s)

2018-12-04 10:29:32 - [TEST_STEP][PASSED] - click: Object: 'Object Repository/Final Object Repo/New Registration - Registration Module Pages/Third Screen - Upload Supporting Doc- Preview/Add Document Button' is clicked on

2018-12-04 10:29:33 - [MESSAGE][PASSED] - Object: 'Object Repository/Final Object Repo/New Registration - Registration Module Pages/Third Screen - Upload Supporting Doc- Preview/Add Document Button' is clicked on

2018-12-04 10:29:33 - [TEST_STEP][PASSED] - delay: Delayed 30 second(s)

2018-12-04 10:30:03 - [MESSAGE][PASSED] - Delayed 30 second(s)

2018-12-04 10:30:03 - [TEST_STEP][PASSED] - click: Object: 'Object Repository/Final Object Repo/New Registration - Registration Module Pages/Third Screen - Upload Supporting Doc- Preview/Supporting Doc Please Select Drop Down' is clicked on

2018-12-04 10:30:03 - [MESSAGE][PASSED] - Object: 'Object Repository/Final Object Repo/New Registration - Registration Module Pages/Third Screen - Upload Supporting Doc- Preview/Supporting Doc Please Select Drop Down' is clicked on

2018-12-04 10:30:03 - [TEST_STEP][PASSED] - click: Object: 'Object Repository/Final Object Repo/New Registration - Registration Module Pages/Third Screen - Upload Supporting Doc- Preview/Select to Upload Borang SIP 1' is clicked on

2018-12-04 10:30:03 - [MESSAGE][PASSED] - Object: 'Object Repository/Final Object Repo/New Registration - Registration Module Pages/Third Screen - Upload Supporting Doc- Preview/Select to Upload Borang SIP 1' is clicked on

2018-12-04 10:30:03 - [TEST_STEP][PASSED] - delay: Delayed 2 second(s)

2018-12-04 10:30:05 - [MESSAGE][PASSED] - Delayed 2 second(s)

2018-12-04 10:30:05 - [TEST_STEP][PASSED] - uploadFile: File 'C:\Users\Public\Pictures\Sample Pictures\Koala.jpg' sent to object: 'Object Repository/Final Object Repo/New Registration - Registration Module Pages/Third Screen - Upload Supporting Doc- Preview/Upload File Adding'

2018-12-04 10:30:05 - [MESSAGE][PASSED] - File 'C:\Users\Public\Pictures\Sample Pictures\Koala.jpg' sent to object: 'Object Repository/Final Object Repo/New Registration - Registration Module Pages/Third Screen - Upload Supporting Doc- Preview/Upload File Adding'

2018-12-04 10:30:05 - [TEST_STEP][PASSED] - click: Object: 'Object Repository/Final Object Repo/New Registration - Registration Module Pages/Third Screen - Upload Supporting Doc- Preview/Inner Form Add Document Button' is clicked on

2018-12-04 10:30:05 - [MESSAGE][PASSED] - Object: 'Object Repository/Final Object Repo/New Registration - Registration Module Pages/Third Screen - Upload Supporting Doc- Preview/Inner Form Add Document Button' is clicked on

2018-12-04 10:30:05 - [TEST_STEP][PASSED] - delay: Delayed 5 second(s)

2018-12-04 10:30:10 - [MESSAGE][PASSED] - Delayed 5 second(s)

2018-12-04 10:30:10 - [TEST_STEP][PASSED] - click: Object: 'Object Repository/Final Object Repo/New Registration - Registration Module Pages/Third Screen - Upload Supporting Doc- Preview/Add Document Button' is clicked on

2018-12-04 10:30:11 - [MESSAGE][PASSED] - Object: 'Object Repository/Final Object Repo/New Registration - Registration Module Pages/Third Screen - Upload Supporting Doc- Preview/Add Document Button' is clicked on

2018-12-04 10:30:11 - [TEST_STEP][PASSED] - delay: Delayed 30 second(s)

2018-12-04 10:30:41 - [MESSAGE][PASSED] - Delayed 30 second(s)

2018-12-04 10:30:41 - [TEST_STEP][PASSED] - click: Object: 'Object Repository/Final Object Repo/New Registration - Registration Module Pages/Third Screen - Upload Supporting Doc- Preview/Supporting Doc Please Select Drop Down' is clicked on

2018-12-04 10:30:41 - [MESSAGE][PASSED] - Object: 'Object Repository/Final Object Repo/New Registration - Registration Module Pages/Third Screen - Upload Supporting Doc- Preview/Supporting Doc Please Select Drop Down' is clicked on

2018-12-04 10:30:41 - [TEST_STEP][PASSED] - delay: Delayed 3 second(s)

2018-12-04 10:30:44 - [MESSAGE][PASSED] - Delayed 3 second(s)

2018-12-04 10:30:44 - [TEST_STEP][PASSED] - click: Object: 'Object Repository/Final Object Repo/New Registration - Registration Module Pages/Third Screen - Upload Supporting Doc- Preview/Select to Upload Borang SIP 2' is clicked on

2018-12-04 10:30:44 - [MESSAGE][PASSED] - Object: 'Object Repository/Final Object Repo/New Registration - Registration Module Pages/Third Screen - Upload Supporting Doc- Preview/Select to Upload Borang SIP 2' is clicked on

2018-12-04 10:30:44 - [TEST_STEP][PASSED] - delay: Delayed 2 second(s)

2018-12-04 10:30:46 - [MESSAGE][PASSED] - Delayed 2 second(s)

2018-12-04 10:30:46 - [TEST_STEP][PASSED] - uploadFile: File 'C:\Users\Public\Pictures\Sample Pictures\Koala.jpg' sent to object: 'Object Repository/Final Object Repo/New Registration - Registration Module Pages/Third Screen - Upload Supporting Doc- Preview/Upload File Adding'

2018-12-04 10:30:46 - [MESSAGE][PASSED] - File 'C:\Users\Public\Pictures\Sample Pictures\Koala.jpg' sent to object: 'Object Repository/Final Object Repo/New Registration - Registration Module Pages/Third Screen - Upload Supporting Doc- Preview/Upload File Adding'

2018-12-04 10:30:46 - [TEST_STEP][PASSED] - delay: Delayed 5 second(s)

2018-12-04 10:30:51 - [MESSAGE][PASSED] - Delayed 5 second(s)

2018-12-04 10:30:51 - [TEST_STEP][PASSED] - click: Object: 'Object Repository/Final Object Repo/New Registration - Registration Module Pages/Third Screen - Upload Supporting Doc- Preview/Inner Form Add Document Button' is clicked on

2018-12-04 10:30:51 - [MESSAGE][PASSED] - Object: 'Object Repository/Final Object Repo/New Registration - Registration Module Pages/Third Screen - Upload Supporting Doc- Preview/Inner Form Add Document Button' is clicked on

2018-12-04 10:30:51 - [TEST_STEP][PASSED] - delay: Delayed 3 second(s)

2018-12-04 10:30:54 - [MESSAGE][PASSED] - Delayed 3 second(s)

2018-12-04 10:30:54 - [TEST_STEP][PASSED] - waitForElementClickable: Object 'Object Repository/Final Object Repo/New Registration - Registration Module Pages/Third Screen - Upload Supporting Doc- Preview/Save n Continue in Uploading Supporting Doc Page' is clickable

2018-12-04 10:30:56 - [MESSAGE][PASSED] - Object 'Object Repository/Final Object Repo/New Registration - Registration Module Pages/Third Screen - Upload Supporting Doc- Preview/Save n Continue in Uploading Supporting Doc Page' is clickable

2018-12-04 10:30:56 - [TEST_STEP][PASSED] - click: Object: 'Object Repository/Final Object Repo/New Registration - Registration Module Pages/Third Screen - Upload Supporting Doc- Preview/Save n Continue in Uploading Supporting Doc Page' is clicked on

2018-12-04 10:30:56 - [MESSAGE][PASSED] - Object: 'Object Repository/Final Object Repo/New Registration - Registration Module Pages/Third Screen - Upload Supporting Doc- Preview/Save n Continue in Uploading Supporting Doc Page' is clicked on

2018-12-04 10:30:56 - [MESSAGE][PASSED] - Call Test Case 'Test Cases/Final Aug 2018 - PKS Automation/Registration Module/New Registration/Flow of New Registration/Third Screen - Upload Supporting Doc - Preview' successfully

2018-12-04 10:30:56 - [TEST_STEP][PASSED] - callTestCase: Call Test Case 'Test Cases/Final Aug 2018 - PKS Automation/Registration Module/New Registration/Submit and Screenshot/Submit Registration and Screenshot' successfully

2018-12-04 10:30:56 - [TEST_CASE][PASSED] - Test Cases/Final Aug 2018 - PKS Automation/Registration Module/New Registration/Submit and Screenshot/Submit Registration and Screenshot: Test Cases/Final Aug 2018 - PKS Automation/Registration Module/New Registration/Submit and Screenshot/Submit Registration and Screenshot

2018-12-04 10:30:56 - [TEST_STEP][PASSED] - delay: Delayed 6 second(s)

2018-12-04 10:31:02 - [MESSAGE][PASSED] - Delayed 6 second(s)

2018-12-04 10:31:02 - [TEST_STEP][PASSED] - click: Object: 'Object Repository/Final Object Repo/New Registration - Registration Module Pages/Third Screen - Upload Supporting Doc- Preview/Preview Submit Button' is clicked on

2018-12-04 10:31:02 - [MESSAGE][PASSED] - Object: 'Object Repository/Final Object Repo/New Registration - Registration Module Pages/Third Screen - Upload Supporting Doc- Preview/Preview Submit Button' is clicked on

2018-12-04 10:31:02 - [TEST_STEP][PASSED] - delay: Delayed 2 second(s)

2018-12-04 10:31:04 - [MESSAGE][PASSED] - Delayed 2 second(s)

2018-12-04 10:31:04 - [TEST_STEP][PASSED] - click: Object: 'Object Repository/Final Object Repo/New Registration - Registration Module Pages/Third Screen - Upload Supporting Doc- Preview/Preview Submit - Confirm' is clicked on

2018-12-04 10:31:04 - [MESSAGE][PASSED] - Object: 'Object Repository/Final Object Repo/New Registration - Registration Module Pages/Third Screen - Upload Supporting Doc- Preview/Preview Submit - Confirm' is clicked on

2018-12-04 10:31:04 - [TEST_STEP][PASSED] - delay: Delayed 15 second(s)

2018-12-04 10:31:19 - [MESSAGE][PASSED] - Delayed 15 second(s)

2018-12-04 10:31:19 - [TEST_STEP][PASSED] - Statement - driver = com.kms.katalon.core.webui.driver.DriverFactory.getWebDriver(): null

2018-12-04 10:31:19 - [TEST_STEP][PASSED] - Statement - driver.manage().timeouts().implicitlyWait(10, SECONDS): null

2018-12-04 10:31:19 - [TEST_STEP][PASSED] - Statement - PresavePath = KatalonScreenshots: null

2018-12-04 10:31:19 - [TEST_STEP][PASSED] - Statement - pathPrefix = "C:\Users\Public\Pictures\Sample Pictures\Katalon Screenshots\Automate Ending Screen": null

2018-12-04 10:31:19 - [TEST_STEP][PASSED] - Statement - finalPath = <not implemented yet for class: org.codehaus.groovy.ast.expr.EmptyExpression>: null

2018-12-04 10:31:19 - [TEST_STEP][PASSED] - Statement - scrFile = driver.getScreenshotAs(FILE): null

2018-12-04 10:31:20 - [TEST_STEP][PASSED] - Statement - PreSaveFile = new java.io.File(PresavePath): null

2018-12-04 10:31:20 - [TEST_STEP][PASSED] - Statement - counter = 0: null

2018-12-04 10:31:20 - [TEST_STEP][PASSED] - Statement - If (PreSaveFile.exists()): null

2018-12-04 10:31:20 - [TEST_STEP][PASSED] - Statement - While (PreSaveFile.exists()): null

2018-12-04 10:31:20 - [TEST_STEP][PASSED] - Statement - counter = counter + 1: null

2018-12-04 10:31:20 - [TEST_STEP][PASSED] - Statement - PreSaveFile = new java.io.File(((pathPrefix + java.lang.Integer.toString(counter)) + .png)): null

2018-12-04 10:31:20 - [TEST_STEP][PASSED] - Statement - counter = counter + 1: null

2018-12-04 10:31:20 - [TEST_STEP][PASSED] - Statement - PreSaveFile = new java.io.File(((pathPrefix + java.lang.Integer.toString(counter)) + .png)): null

2018-12-04 10:31:20 - [TEST_STEP][PASSED] - Statement - counter = counter + 1: null

2018-12-04 10:31:20 - [TEST_STEP][PASSED] - Statement - PreSaveFile = new java.io.File(((pathPrefix + java.lang.Integer.toString(counter)) + .png)): null

2018-12-04 10:31:20 - [TEST_STEP][PASSED] - Statement - counter = counter + 1: null

2018-12-04 10:31:20 - [TEST_STEP][PASSED] - Statement - PreSaveFile = new java.io.File(((pathPrefix + java.lang.Integer.toString(counter)) + .png)): null

2018-12-04 10:31:20 - [TEST_STEP][PASSED] - Statement - counter = counter + 1: null

2018-12-04 10:31:20 - [TEST_STEP][PASSED] - Statement - PreSaveFile = new java.io.File(((pathPrefix + java.lang.Integer.toString(counter)) + .png)): null

2018-12-04 10:31:20 - [TEST_STEP][PASSED] - Statement - counter = counter + 1: null

2018-12-04 10:31:20 - [TEST_STEP][PASSED] - Statement - PreSaveFile = new java.io.File(((pathPrefix + java.lang.Integer.toString(counter)) + .png)): null

2018-12-04 10:31:20 - [TEST_STEP][PASSED] - Statement - counter = counter + 1: null

2018-12-04 10:31:20 - [TEST_STEP][PASSED] - Statement - PreSaveFile = new java.io.File(((pathPrefix + java.lang.Integer.toString(counter)) + .png)): null

2018-12-04 10:31:20 - [TEST_STEP][PASSED] - Statement - counter = counter + 1: null

2018-12-04 10:31:20 - [TEST_STEP][PASSED] - Statement - PreSaveFile = new java.io.File(((pathPrefix + java.lang.Integer.toString(counter)) + .png)): null

2018-12-04 10:31:20 - [TEST_STEP][PASSED] - Statement - counter = counter + 1: null

2018-12-04 10:31:20 - [TEST_STEP][PASSED] - Statement - PreSaveFile = new java.io.File(((pathPrefix + java.lang.Integer.toString(counter)) + .png)): null

2018-12-04 10:31:20 - [TEST_STEP][PASSED] - Statement - counter = counter + 1: null

2018-12-04 10:31:20 - [TEST_STEP][PASSED] - Statement - PreSaveFile = new java.io.File(((pathPrefix + java.lang.Integer.toString(counter)) + .png)): null

2018-12-04 10:31:20 - [TEST_STEP][PASSED] - Statement - counter = counter + 1: null

2018-12-04 10:31:20 - [TEST_STEP][PASSED] - Statement - PreSaveFile = new java.io.File(((pathPrefix + java.lang.Integer.toString(counter)) + .png)): null

2018-12-04 10:31:20 - [TEST_STEP][PASSED] - Statement - counter = counter + 1: null

2018-12-04 10:31:20 - [TEST_STEP][PASSED] - Statement - PreSaveFile = new java.io.File(((pathPrefix + java.lang.Integer.toString(counter)) + .png)): null

2018-12-04 10:31:20 - [TEST_STEP][PASSED] - Statement - counter = counter + 1: null

2018-12-04 10:31:20 - [TEST_STEP][PASSED] - Statement - PreSaveFile = new java.io.File(((pathPrefix + java.lang.Integer.toString(counter)) + .png)): null

2018-12-04 10:31:20 - [TEST_STEP][PASSED] - Statement - counter = counter + 1: null

2018-12-04 10:31:20 - [TEST_STEP][PASSED] - Statement - PreSaveFile = new java.io.File(((pathPrefix + java.lang.Integer.toString(counter)) + .png)): null

2018-12-04 10:31:20 - [TEST_STEP][PASSED] - Statement - counter = counter + 1: null

2018-12-04 10:31:20 - [TEST_STEP][PASSED] - Statement - PreSaveFile = new java.io.File(((pathPrefix + java.lang.Integer.toString(counter)) + .png)): null

2018-12-04 10:31:20 - [TEST_STEP][PASSED] - Statement - counter = counter + 1: null

2018-12-04 10:31:20 - [TEST_STEP][PASSED] - Statement - PreSaveFile = new java.io.File(((pathPrefix + java.lang.Integer.toString(counter)) + .png)): null

2018-12-04 10:31:21 - [TEST_STEP][PASSED] - Statement - counter = counter + 1: null

2018-12-04 10:31:21 - [TEST_STEP][PASSED] - Statement - PreSaveFile = new java.io.File(((pathPrefix + java.lang.Integer.toString(counter)) + .png)): null

2018-12-04 10:31:21 - [TEST_STEP][PASSED] - Statement - counter = counter + 1: null

2018-12-04 10:31:21 - [TEST_STEP][PASSED] - Statement - PreSaveFile = new java.io.File(((pathPrefix + java.lang.Integer.toString(counter)) + .png)): null

2018-12-04 10:31:21 - [TEST_STEP][PASSED] - Statement - counter = counter + 1: null

2018-12-04 10:31:22 - [TEST_STEP][PASSED] - Statement - PreSaveFile = new java.io.File(((pathPrefix + java.lang.Integer.toString(counter)) + .png)): null

2018-12-04 10:31:22 - [TEST_STEP][PASSED] - Statement - counter = counter + 1: null

2018-12-04 10:31:22 - [TEST_STEP][PASSED] - Statement - PreSaveFile = new java.io.File(((pathPrefix + java.lang.Integer.toString(counter)) + .png)): null

2018-12-04 10:31:22 - [TEST_STEP][PASSED] - Statement - counter = counter + 1: null

2018-12-04 10:31:22 - [TEST_STEP][PASSED] - Statement - PreSaveFile = new java.io.File(((pathPrefix + java.lang.Integer.toString(counter)) + .png)): null

2018-12-04 10:31:22 - [TEST_STEP][PASSED] - Statement - counter = counter + 1: null

2018-12-04 10:31:22 - [TEST_STEP][PASSED] - Statement - PreSaveFile = new java.io.File(((pathPrefix + java.lang.Integer.toString(counter)) + .png)): null

2018-12-04 10:31:22 - [TEST_STEP][PASSED] - Statement - counter = counter + 1: null

2018-12-04 10:31:22 - [TEST_STEP][PASSED] - Statement - PreSaveFile = new java.io.File(((pathPrefix + java.lang.Integer.toString(counter)) + .png)): null

2018-12-04 10:31:23 - [TEST_STEP][PASSED] - Statement - counter = counter + 1: null

2018-12-04 10:31:23 - [TEST_STEP][PASSED] - Statement - PreSaveFile = new java.io.File(((pathPrefix + java.lang.Integer.toString(counter)) + .png)): null

2018-12-04 10:31:23 - [TEST_STEP][PASSED] - Statement - counter = counter + 1: null

2018-12-04 10:31:23 - [TEST_STEP][PASSED] - Statement - PreSaveFile = new java.io.File(((pathPrefix + java.lang.Integer.toString(counter)) + .png)): null

2018-12-04 10:31:23 - [TEST_STEP][PASSED] - Statement - counter = counter + 1: null

2018-12-04 10:31:23 - [TEST_STEP][PASSED] - Statement - PreSaveFile = new java.io.File(((pathPrefix + java.lang.Integer.toString(counter)) + .png)): null

2018-12-04 10:31:23 - [TEST_STEP][PASSED] - Statement - counter = counter + 1: null

2018-12-04 10:31:23 - [TEST_STEP][PASSED] - Statement - PreSaveFile = new java.io.File(((pathPrefix + java.lang.Integer.toString(counter)) + .png)): null

2018-12-04 10:31:23 - [TEST_STEP][PASSED] - Statement - counter = counter + 1: null

2018-12-04 10:31:23 - [TEST_STEP][PASSED] - Statement - PreSaveFile = new java.io.File(((pathPrefix + java.lang.Integer.toString(counter)) + .png)): null

2018-12-04 10:31:24 - [TEST_STEP][PASSED] - Statement - counter = counter + 1: null

2018-12-04 10:31:24 - [TEST_STEP][PASSED] - Statement - PreSaveFile = new java.io.File(((pathPrefix + java.lang.Integer.toString(counter)) + .png)): null

2018-12-04 10:31:24 - [TEST_STEP][PASSED] - Statement - counter = counter + 1: null

2018-12-04 10:31:24 - [TEST_STEP][PASSED] - Statement - PreSaveFile = new java.io.File(((pathPrefix + java.lang.Integer.toString(counter)) + .png)): null

2018-12-04 10:31:24 - [TEST_STEP][PASSED] - Statement - counter = counter + 1: null

2018-12-04 10:31:24 - [TEST_STEP][PASSED] - Statement - PreSaveFile = new java.io.File(((pathPrefix + java.lang.Integer.toString(counter)) + .png)): null

2018-12-04 10:31:24 - [TEST_STEP][PASSED] - Statement - counter = counter + 1: null

2018-12-04 10:31:24 - [TEST_STEP][PASSED] - Statement - PreSaveFile = new java.io.File(((pathPrefix + java.lang.Integer.toString(counter)) + .png)): null

2018-12-04 10:31:24 - [TEST_STEP][PASSED] - Statement - counter = counter + 1: null

2018-12-04 10:31:25 - [TEST_STEP][PASSED] - Statement - PreSaveFile = new java.io.File(((pathPrefix + java.lang.Integer.toString(counter)) + .png)): null

2018-12-04 10:31:25 - [TEST_STEP][PASSED] - Statement - counter = counter + 1: null

2018-12-04 10:31:25 - [TEST_STEP][PASSED] - Statement - PreSaveFile = new java.io.File(((pathPrefix + java.lang.Integer.toString(counter)) + .png)): null

2018-12-04 10:31:25 - [TEST_STEP][PASSED] - Statement - counter = counter + 1: null

2018-12-04 10:31:25 - [TEST_STEP][PASSED] - Statement - PreSaveFile = new java.io.File(((pathPrefix + java.lang.Integer.toString(counter)) + .png)): null

2018-12-04 10:31:25 - [TEST_STEP][PASSED] - Statement - counter = counter + 1: null

2018-12-04 10:31:25 - [TEST_STEP][PASSED] - Statement - PreSaveFile = new java.io.File(((pathPrefix + java.lang.Integer.toString(counter)) + .png)): null

2018-12-04 10:31:25 - [TEST_STEP][PASSED] - Statement - counter = counter + 1: null

2018-12-04 10:31:25 - [TEST_STEP][PASSED] - Statement - PreSaveFile = new java.io.File(((pathPrefix + java.lang.Integer.toString(counter)) + .png)): null

2018-12-04 10:31:25 - [TEST_STEP][PASSED] - Statement - counter = counter + 1: null

2018-12-04 10:31:26 - [TEST_STEP][PASSED] - Statement - PreSaveFile = new java.io.File(((pathPrefix + java.lang.Integer.toString(counter)) + .png)): null

2018-12-04 10:31:26 - [TEST_STEP][PASSED] - Statement - counter = counter + 1: null

2018-12-04 10:31:26 - [TEST_STEP][PASSED] - Statement - PreSaveFile = new java.io.File(((pathPrefix + java.lang.Integer.toString(counter)) + .png)): null

2018-12-04 10:31:26 - [TEST_STEP][PASSED] - Statement - counter = counter + 1: null

2018-12-04 10:31:26 - [TEST_STEP][PASSED] - Statement - PreSaveFile = new java.io.File(((pathPrefix + java.lang.Integer.toString(counter)) + .png)): null

2018-12-04 10:31:26 - [TEST_STEP][PASSED] - Statement - counter = counter + 1: null

2018-12-04 10:31:26 - [TEST_STEP][PASSED] - Statement - PreSaveFile = new java.io.File(((pathPrefix + java.lang.Integer.toString(counter)) + .png)): null

2018-12-04 10:31:26 - [TEST_STEP][PASSED] - Statement - counter = counter + 1: null

2018-12-04 10:31:26 - [TEST_STEP][PASSED] - Statement - PreSaveFile = new java.io.File(((pathPrefix + java.lang.Integer.toString(counter)) + .png)): null

2018-12-04 10:31:26 - [TEST_STEP][PASSED] - Statement - counter = counter + 1: null

2018-12-04 10:31:27 - [TEST_STEP][PASSED] - Statement - PreSaveFile = new java.io.File(((pathPrefix + java.lang.Integer.toString(counter)) + .png)): null

2018-12-04 10:31:27 - [TEST_STEP][PASSED] - Statement - counter = counter + 1: null

2018-12-04 10:31:27 - [TEST_STEP][PASSED] - Statement - PreSaveFile = new java.io.File(((pathPrefix + java.lang.Integer.toString(counter)) + .png)): null

2018-12-04 10:31:27 - [TEST_STEP][PASSED] - Statement - counter = counter + 1: null

2018-12-04 10:31:27 - [TEST_STEP][PASSED] - Statement - PreSaveFile = new java.io.File(((pathPrefix + java.lang.Integer.toString(counter)) + .png)): null

2018-12-04 10:31:27 - [TEST_STEP][PASSED] - Statement - counter = counter + 1: null

2018-12-04 10:31:27 - [TEST_STEP][PASSED] - Statement - PreSaveFile = new java.io.File(((pathPrefix + java.lang.Integer.toString(counter)) + .png)): null

2018-12-04 10:31:27 - [TEST_STEP][PASSED] - Statement - counter = counter + 1: null

2018-12-04 10:31:27 - [TEST_STEP][PASSED] - Statement - PreSaveFile = new java.io.File(((pathPrefix + java.lang.Integer.toString(counter)) + .png)): null

2018-12-04 10:31:28 - [TEST_STEP][PASSED] - Statement - counter = counter + 1: null

2018-12-04 10:31:28 - [TEST_STEP][PASSED] - Statement - PreSaveFile = new java.io.File(((pathPrefix + java.lang.Integer.toString(counter)) + .png)): null

2018-12-04 10:31:28 - [TEST_STEP][PASSED] - Statement - counter = counter + 1: null

2018-12-04 10:31:28 - [TEST_STEP][PASSED] - Statement - PreSaveFile = new java.io.File(((pathPrefix + java.lang.Integer.toString(counter)) + .png)): null

2018-12-04 10:31:28 - [TEST_STEP][PASSED] - Statement - counter = counter + 1: null

2018-12-04 10:31:28 - [TEST_STEP][PASSED] - Statement - PreSaveFile = new java.io.File(((pathPrefix + java.lang.Integer.toString(counter)) + .png)): null

2018-12-04 10:31:28 - [TEST_STEP][PASSED] - Statement - counter = counter + 1: null

2018-12-04 10:31:28 - [TEST_STEP][PASSED] - Statement - PreSaveFile = new java.io.File(((pathPrefix + java.lang.Integer.toString(counter)) + .png)): null

2018-12-04 10:31:28 - [TEST_STEP][PASSED] - Statement - counter = counter + 1: null

2018-12-04 10:31:30 - [TEST_STEP][PASSED] - Statement - PreSaveFile = new java.io.File(((pathPrefix + java.lang.Integer.toString(counter)) + .png)): null

2018-12-04 10:31:30 - [TEST_STEP][PASSED] - Statement - counter = counter + 1: null

2018-12-04 10:31:30 - [TEST_STEP][PASSED] - Statement - PreSaveFile = new java.io.File(((pathPrefix + java.lang.Integer.toString(counter)) + .png)): null

2018-12-04 10:31:30 - [TEST_STEP][PASSED] - Statement - counter = counter + 1: null

2018-12-04 10:31:30 - [TEST_STEP][PASSED] - Statement - PreSaveFile = new java.io.File(((pathPrefix + java.lang.Integer.toString(counter)) + .png)): null

2018-12-04 10:31:30 - [TEST_STEP][PASSED] - Statement - counter = counter + 1: null

2018-12-04 10:31:30 - [TEST_STEP][PASSED] - Statement - PreSaveFile = new java.io.File(((pathPrefix + java.lang.Integer.toString(counter)) + .png)): null

2018-12-04 10:31:30 - [TEST_STEP][PASSED] - Statement - counter = counter + 1: null

2018-12-04 10:31:30 - [TEST_STEP][PASSED] - Statement - PreSaveFile = new java.io.File(((pathPrefix + java.lang.Integer.toString(counter)) + .png)): null

2018-12-04 10:31:30 - [TEST_STEP][PASSED] - Statement - counter = counter + 1: null

2018-12-04 10:31:31 - [TEST_STEP][PASSED] - Statement - PreSaveFile = new java.io.File(((pathPrefix + java.lang.Integer.toString(counter)) + .png)): null

2018-12-04 10:31:31 - [TEST_STEP][PASSED] - Statement - counter = counter + 1: null

2018-12-04 10:31:31 - [TEST_STEP][PASSED] - Statement - PreSaveFile = new java.io.File(((pathPrefix + java.lang.Integer.toString(counter)) + .png)): null

2018-12-04 10:31:31 - [TEST_STEP][PASSED] - Statement - counter = counter + 1: null

2018-12-04 10:31:31 - [TEST_STEP][PASSED] - Statement - PreSaveFile = new java.io.File(((pathPrefix + java.lang.Integer.toString(counter)) + .png)): null

2018-12-04 10:31:31 - [TEST_STEP][PASSED] - Statement - counter = counter + 1: null

2018-12-04 10:31:31 - [TEST_STEP][PASSED] - Statement - PreSaveFile = new java.io.File(((pathPrefix + java.lang.Integer.toString(counter)) + .png)): null

2018-12-04 10:31:31 - [TEST_STEP][PASSED] - Statement - counter = counter + 1: null

2018-12-04 10:31:31 - [TEST_STEP][PASSED] - Statement - PreSaveFile = new java.io.File(((pathPrefix + java.lang.Integer.toString(counter)) + .png)): null

2018-12-04 10:31:31 - [TEST_STEP][PASSED] - Statement - counter = counter + 1: null

2018-12-04 10:31:32 - [TEST_STEP][PASSED] - Statement - PreSaveFile = new java.io.File(((pathPrefix + java.lang.Integer.toString(counter)) + .png)): null

2018-12-04 10:31:32 - [TEST_STEP][PASSED] - Statement - counter = counter + 1: null

2018-12-04 10:31:32 - [TEST_STEP][PASSED] - Statement - PreSaveFile = new java.io.File(((pathPrefix + java.lang.Integer.toString(counter)) + .png)): null

2018-12-04 10:31:32 - [TEST_STEP][PASSED] - Statement - counter = counter + 1: null

2018-12-04 10:31:32 - [TEST_STEP][PASSED] - Statement - PreSaveFile = new java.io.File(((pathPrefix + java.lang.Integer.toString(counter)) + .png)): null

2018-12-04 10:31:32 - [TEST_STEP][PASSED] - Statement - counter = counter + 1: null

2018-12-04 10:31:32 - [TEST_STEP][PASSED] - Statement - PreSaveFile = new java.io.File(((pathPrefix + java.lang.Integer.toString(counter)) + .png)): null

2018-12-04 10:31:32 - [TEST_STEP][PASSED] - Statement - counter = counter + 1: null

2018-12-04 10:31:32 - [TEST_STEP][PASSED] - Statement - PreSaveFile = new java.io.File(((pathPrefix + java.lang.Integer.toString(counter)) + .png)): null

2018-12-04 10:31:32 - [TEST_STEP][PASSED] - Statement - counter = counter + 1: null

2018-12-04 10:31:34 - [TEST_STEP][PASSED] - Statement - PreSaveFile = new java.io.File(((pathPrefix + java.lang.Integer.toString(counter)) + .png)): null

2018-12-04 10:31:34 - [TEST_STEP][PASSED] - Statement - counter = counter + 1: null

2018-12-04 10:31:34 - [TEST_STEP][PASSED] - Statement - PreSaveFile = new java.io.File(((pathPrefix + java.lang.Integer.toString(counter)) + .png)): null

2018-12-04 10:31:34 - [TEST_STEP][PASSED] - Statement - counter = counter + 1: null

2018-12-04 10:31:34 - [TEST_STEP][PASSED] - Statement - PreSaveFile = new java.io.File(((pathPrefix + java.lang.Integer.toString(counter)) + .png)): null

2018-12-04 10:31:34 - [TEST_STEP][PASSED] - Statement - counter = counter + 1: null

2018-12-04 10:31:34 - [TEST_STEP][PASSED] - Statement - PreSaveFile = new java.io.File(((pathPrefix + java.lang.Integer.toString(counter)) + .png)): null

2018-12-04 10:31:34 - [TEST_STEP][PASSED] - Statement - counter = counter + 1: null

2018-12-04 10:31:34 - [TEST_STEP][PASSED] - Statement - PreSaveFile = new java.io.File(((pathPrefix + java.lang.Integer.toString(counter)) + .png)): null

2018-12-04 10:31:35 - [TEST_STEP][PASSED] - Statement - counter = counter + 1: null

2018-12-04 10:31:35 - [TEST_STEP][PASSED] - Statement - PreSaveFile = new java.io.File(((pathPrefix + java.lang.Integer.toString(counter)) + .png)): null

2018-12-04 10:31:35 - [TEST_STEP][PASSED] - Statement - counter = counter + 1: null

2018-12-04 10:31:35 - [TEST_STEP][PASSED] - Statement - PreSaveFile = new java.io.File(((pathPrefix + java.lang.Integer.toString(counter)) + .png)): null

2018-12-04 10:31:35 - [TEST_STEP][PASSED] - Statement - counter = counter + 1: null

2018-12-04 10:31:35 - [TEST_STEP][PASSED] - Statement - PreSaveFile = new java.io.File(((pathPrefix + java.lang.Integer.toString(counter)) + .png)): null

2018-12-04 10:31:35 - [TEST_STEP][PASSED] - Statement - counter = counter + 1: null

2018-12-04 10:31:35 - [TEST_STEP][PASSED] - Statement - PreSaveFile = new java.io.File(((pathPrefix + java.lang.Integer.toString(counter)) + .png)): null

2018-12-04 10:31:35 - [TEST_STEP][PASSED] - Statement - counter = counter + 1: null

2018-12-04 10:31:36 - [TEST_STEP][PASSED] - Statement - PreSaveFile = new java.io.File(((pathPrefix + java.lang.Integer.toString(counter)) + .png)): null

2018-12-04 10:31:36 - [TEST_STEP][PASSED] - Statement - counter = counter + 1: null

2018-12-04 10:31:36 - [TEST_STEP][PASSED] - Statement - PreSaveFile = new java.io.File(((pathPrefix + java.lang.Integer.toString(counter)) + .png)): null

2018-12-04 10:31:36 - [TEST_STEP][PASSED] - Statement - counter = counter + 1: null

2018-12-04 10:31:36 - [TEST_STEP][PASSED] - Statement - PreSaveFile = new java.io.File(((pathPrefix + java.lang.Integer.toString(counter)) + .png)): null

2018-12-04 10:31:36 - [TEST_STEP][PASSED] - Statement - counter = counter + 1: null

2018-12-04 10:31:36 - [TEST_STEP][PASSED] - Statement - PreSaveFile = new java.io.File(((pathPrefix + java.lang.Integer.toString(counter)) + .png)): null

2018-12-04 10:31:36 - [TEST_STEP][PASSED] - Statement - counter = counter + 1: null

2018-12-04 10:31:36 - [TEST_STEP][PASSED] - Statement - PreSaveFile = new java.io.File(((pathPrefix + java.lang.Integer.toString(counter)) + .png)): null

2018-12-04 10:31:36 - [TEST_STEP][PASSED] - Statement - counter = counter + 1: null

2018-12-04 10:31:37 - [TEST_STEP][PASSED] - Statement - PreSaveFile = new java.io.File(((pathPrefix + java.lang.Integer.toString(counter)) + .png)): null

2018-12-04 10:31:37 - [TEST_STEP][PASSED] - Statement - counter = counter + 1: null

2018-12-04 10:31:37 - [TEST_STEP][PASSED] - Statement - PreSaveFile = new java.io.File(((pathPrefix + java.lang.Integer.toString(counter)) + .png)): null

2018-12-04 10:31:37 - [TEST_STEP][PASSED] - Statement - counter = counter + 1: null

2018-12-04 10:31:37 - [TEST_STEP][PASSED] - Statement - PreSaveFile = new java.io.File(((pathPrefix + java.lang.Integer.toString(counter)) + .png)): null

2018-12-04 10:31:37 - [TEST_STEP][PASSED] - Statement - counter = counter + 1: null

2018-12-04 10:31:37 - [TEST_STEP][PASSED] - Statement - PreSaveFile = new java.io.File(((pathPrefix + java.lang.Integer.toString(counter)) + .png)): null

2018-12-04 10:31:37 - [TEST_STEP][PASSED] - Statement - counter = counter + 1: null

2018-12-04 10:31:37 - [TEST_STEP][PASSED] - Statement - PreSaveFile = new java.io.File(((pathPrefix + java.lang.Integer.toString(counter)) + .png)): null

2018-12-04 10:31:37 - [TEST_STEP][PASSED] - Statement - counter = counter + 1: null

2018-12-04 10:31:39 - [TEST_STEP][PASSED] - Statement - PreSaveFile = new java.io.File(((pathPrefix + java.lang.Integer.toString(counter)) + .png)): null

2018-12-04 10:31:39 - [TEST_STEP][PASSED] - Statement - counter = counter + 1: null

2018-12-04 10:31:39 - [TEST_STEP][PASSED] - Statement - PreSaveFile = new java.io.File(((pathPrefix + java.lang.Integer.toString(counter)) + .png)): null

2018-12-04 10:31:39 - [TEST_STEP][PASSED] - Statement - counter = counter + 1: null

2018-12-04 10:31:39 - [TEST_STEP][PASSED] - Statement - PreSaveFile = new java.io.File(((pathPrefix + java.lang.Integer.toString(counter)) + .png)): null

2018-12-04 10:31:39 - [TEST_STEP][PASSED] - Statement - counter = counter + 1: null

2018-12-04 10:31:39 - [TEST_STEP][PASSED] - Statement - PreSaveFile = new java.io.File(((pathPrefix + java.lang.Integer.toString(counter)) + .png)): null

2018-12-04 10:31:39 - [TEST_STEP][PASSED] - Statement - counter = counter + 1: null

2018-12-04 10:31:39 - [TEST_STEP][PASSED] - Statement - PreSaveFile = new java.io.File(((pathPrefix + java.lang.Integer.toString(counter)) + .png)): null

2018-12-04 10:31:40 - [TEST_STEP][PASSED] - Statement - counter = counter + 1: null

2018-12-04 10:31:40 - [TEST_STEP][PASSED] - Statement - PreSaveFile = new java.io.File(((pathPrefix + java.lang.Integer.toString(counter)) + .png)): null

2018-12-04 10:31:40 - [TEST_STEP][PASSED] - Statement - counter = counter + 1: null

2018-12-04 10:31:40 - [TEST_STEP][PASSED] - Statement - PreSaveFile = new java.io.File(((pathPrefix + java.lang.Integer.toString(counter)) + .png)): null

2018-12-04 10:31:40 - [TEST_STEP][PASSED] - Statement - counter = counter + 1: null

2018-12-04 10:31:40 - [TEST_STEP][PASSED] - Statement - PreSaveFile = new java.io.File(((pathPrefix + java.lang.Integer.toString(counter)) + .png)): null

2018-12-04 10:31:40 - [TEST_STEP][PASSED] - Statement - counter = counter + 1: null

2018-12-04 10:31:40 - [TEST_STEP][PASSED] - Statement - PreSaveFile = new java.io.File(((pathPrefix + java.lang.Integer.toString(counter)) + .png)): null

2018-12-04 10:31:40 - [TEST_STEP][PASSED] - Statement - counter = counter + 1: null

2018-12-04 10:31:40 - [TEST_STEP][PASSED] - Statement - PreSaveFile = new java.io.File(((pathPrefix + java.lang.Integer.toString(counter)) + .png)): null

2018-12-04 10:31:42 - [TEST_STEP][PASSED] - Statement - counter = counter + 1: null

2018-12-04 10:31:42 - [TEST_STEP][PASSED] - Statement - PreSaveFile = new java.io.File(((pathPrefix + java.lang.Integer.toString(counter)) + .png)): null

2018-12-04 10:31:42 - [TEST_STEP][PASSED] - Statement - counter = counter + 1: null

2018-12-04 10:31:42 - [TEST_STEP][PASSED] - Statement - PreSaveFile = new java.io.File(((pathPrefix + java.lang.Integer.toString(counter)) + .png)): null

2018-12-04 10:31:42 - [TEST_STEP][PASSED] - Statement - counter = counter + 1: null

2018-12-04 10:31:42 - [TEST_STEP][PASSED] - Statement - PreSaveFile = new java.io.File(((pathPrefix + java.lang.Integer.toString(counter)) + .png)): null

2018-12-04 10:31:42 - [TEST_STEP][PASSED] - Statement - counter = counter + 1: null

2018-12-04 10:31:42 - [TEST_STEP][PASSED] - Statement - PreSaveFile = new java.io.File(((pathPrefix + java.lang.Integer.toString(counter)) + .png)): null

2018-12-04 10:31:42 - [TEST_STEP][PASSED] - Statement - counter = counter + 1: null

2018-12-04 10:31:44 - [TEST_STEP][PASSED] - Statement - PreSaveFile = new java.io.File(((pathPrefix + java.lang.Integer.toString(counter)) + .png)): null

2018-12-04 10:31:44 - [TEST_STEP][PASSED] - Statement - counter = counter + 1: null

2018-12-04 10:31:44 - [TEST_STEP][PASSED] - Statement - PreSaveFile = new java.io.File(((pathPrefix + java.lang.Integer.toString(counter)) + .png)): null

2018-12-04 10:31:44 - [TEST_STEP][PASSED] - Statement - counter = counter + 1: null

2018-12-04 10:31:44 - [TEST_STEP][PASSED] - Statement - PreSaveFile = new java.io.File(((pathPrefix + java.lang.Integer.toString(counter)) + .png)): null

2018-12-04 10:31:44 - [TEST_STEP][PASSED] - Statement - counter = counter + 1: null

2018-12-04 10:31:44 - [TEST_STEP][PASSED] - Statement - PreSaveFile = new java.io.File(((pathPrefix + java.lang.Integer.toString(counter)) + .png)): null

2018-12-04 10:31:44 - [TEST_STEP][PASSED] - Statement - counter = counter + 1: null

2018-12-04 10:31:44 - [TEST_STEP][PASSED] - Statement - PreSaveFile = new java.io.File(((pathPrefix + java.lang.Integer.toString(counter)) + .png)): null

2018-12-04 10:31:44 - [TEST_STEP][PASSED] - Statement - counter = counter + 1: null

2018-12-04 10:31:45 - [TEST_STEP][PASSED] - Statement - PreSaveFile = new java.io.File(((pathPrefix + java.lang.Integer.toString(counter)) + .png)): null

2018-12-04 10:31:45 - [TEST_STEP][PASSED] - Statement - counter = counter + 1: null

2018-12-04 10:31:45 - [TEST_STEP][PASSED] - Statement - PreSaveFile = new java.io.File(((pathPrefix + java.lang.Integer.toString(counter)) + .png)): null

2018-12-04 10:31:45 - [TEST_STEP][PASSED] - Statement - counter = counter + 1: null

2018-12-04 10:31:45 - [TEST_STEP][PASSED] - Statement - PreSaveFile = new java.io.File(((pathPrefix + java.lang.Integer.toString(counter)) + .png)): null

2018-12-04 10:31:45 - [TEST_STEP][PASSED] - Statement - counter = counter + 1: null

2018-12-04 10:31:45 - [TEST_STEP][PASSED] - Statement - PreSaveFile = new java.io.File(((pathPrefix + java.lang.Integer.toString(counter)) + .png)): null

2018-12-04 10:31:45 - [TEST_STEP][PASSED] - Statement - counter = counter + 1: null

2018-12-04 10:31:45 - [TEST_STEP][PASSED] - Statement - PreSaveFile = new java.io.File(((pathPrefix + java.lang.Integer.toString(counter)) + .png)): null

2018-12-04 10:31:45 - [TEST_STEP][PASSED] - Statement - counter = counter + 1: null

2018-12-04 10:31:46 - [TEST_STEP][PASSED] - Statement - PreSaveFile = new java.io.File(((pathPrefix + java.lang.Integer.toString(counter)) + .png)): null

2018-12-04 10:31:46 - [TEST_STEP][PASSED] - Statement - counter = counter + 1: null

2018-12-04 10:31:46 - [TEST_STEP][PASSED] - Statement - PreSaveFile = new java.io.File(((pathPrefix + java.lang.Integer.toString(counter)) + .png)): null

2018-12-04 10:31:46 - [TEST_STEP][PASSED] - Statement - counter = counter + 1: null

2018-12-04 10:31:46 - [TEST_STEP][PASSED] - Statement - PreSaveFile = new java.io.File(((pathPrefix + java.lang.Integer.toString(counter)) + .png)): null

2018-12-04 10:31:46 - [TEST_STEP][PASSED] - Statement - counter = counter + 1: null

2018-12-04 10:31:46 - [TEST_STEP][PASSED] - Statement - PreSaveFile = new java.io.File(((pathPrefix + java.lang.Integer.toString(counter)) + .png)): null

2018-12-04 10:31:46 - [TEST_STEP][PASSED] - Statement - counter = counter + 1: null

2018-12-04 10:31:46 - [TEST_STEP][PASSED] - Statement - PreSaveFile = new java.io.File(((pathPrefix + java.lang.Integer.toString(counter)) + .png)): null

2018-12-04 10:31:48 - [TEST_STEP][PASSED] - Statement - counter = counter + 1: null

2018-12-04 10:31:48 - [TEST_STEP][PASSED] - Statement - PreSaveFile = new java.io.File(((pathPrefix + java.lang.Integer.toString(counter)) + .png)): null

2018-12-04 10:31:48 - [TEST_STEP][PASSED] - Statement - counter = counter + 1: null

2018-12-04 10:31:48 - [TEST_STEP][PASSED] - Statement - PreSaveFile = new java.io.File(((pathPrefix + java.lang.Integer.toString(counter)) + .png)): null

2018-12-04 10:31:48 - [TEST_STEP][PASSED] - Statement - counter = counter + 1: null

2018-12-04 10:31:48 - [TEST_STEP][PASSED] - Statement - PreSaveFile = new java.io.File(((pathPrefix + java.lang.Integer.toString(counter)) + .png)): null

2018-12-04 10:31:48 - [TEST_STEP][PASSED] - Statement - counter = counter + 1: null

2018-12-04 10:31:48 - [TEST_STEP][PASSED] - Statement - PreSaveFile = new java.io.File(((pathPrefix + java.lang.Integer.toString(counter)) + .png)): null

2018-12-04 10:31:48 - [TEST_STEP][PASSED] - Statement - counter = counter + 1: null

2018-12-04 10:31:49 - [TEST_STEP][PASSED] - Statement - PreSaveFile = new java.io.File(((pathPrefix + java.lang.Integer.toString(counter)) + .png)): null

2018-12-04 10:31:49 - [TEST_STEP][PASSED] - Statement - counter = counter + 1: null

2018-12-04 10:31:49 - [TEST_STEP][PASSED] - Statement - PreSaveFile = new java.io.File(((pathPrefix + java.lang.Integer.toString(counter)) + .png)): null

2018-12-04 10:31:49 - [TEST_STEP][PASSED] - Statement - counter = counter + 1: null

2018-12-04 10:31:49 - [TEST_STEP][PASSED] - Statement - PreSaveFile = new java.io.File(((pathPrefix + java.lang.Integer.toString(counter)) + .png)): null

2018-12-04 10:31:49 - [TEST_STEP][PASSED] - Statement - counter = counter + 1: null

2018-12-04 10:31:49 - [TEST_STEP][PASSED] - Statement - PreSaveFile = new java.io.File(((pathPrefix + java.lang.Integer.toString(counter)) + .png)): null

2018-12-04 10:31:49 - [TEST_STEP][PASSED] - Statement - counter = counter + 1: null

2018-12-04 10:31:49 - [TEST_STEP][PASSED] - Statement - PreSaveFile = new java.io.File(((pathPrefix + java.lang.Integer.toString(counter)) + .png)): null

2018-12-04 10:31:49 - [TEST_STEP][PASSED] - Statement - counter = counter + 1: null

2018-12-04 10:31:51 - [TEST_STEP][PASSED] - Statement - PreSaveFile = new java.io.File(((pathPrefix + java.lang.Integer.toString(counter)) + .png)): null

2018-12-04 10:31:51 - [TEST_STEP][PASSED] - Statement - counter = counter + 1: null

2018-12-04 10:31:51 - [TEST_STEP][PASSED] - Statement - PreSaveFile = new java.io.File(((pathPrefix + java.lang.Integer.toString(counter)) + .png)): null

2018-12-04 10:31:51 - [TEST_STEP][PASSED] - Statement - counter = counter + 1: null

2018-12-04 10:31:51 - [TEST_STEP][PASSED] - Statement - PreSaveFile = new java.io.File(((pathPrefix + java.lang.Integer.toString(counter)) + .png)): null

2018-12-04 10:31:51 - [TEST_STEP][PASSED] - Statement - counter = counter + 1: null

2018-12-04 10:31:51 - [TEST_STEP][PASSED] - Statement - PreSaveFile = new java.io.File(((pathPrefix + java.lang.Integer.toString(counter)) + .png)): null

2018-12-04 10:31:51 - [TEST_STEP][PASSED] - Statement - counter = counter + 1: null

2018-12-04 10:31:51 - [TEST_STEP][PASSED] - Statement - PreSaveFile = new java.io.File(((pathPrefix + java.lang.Integer.toString(counter)) + .png)): null

2018-12-04 10:31:51 - [TEST_STEP][PASSED] - Statement - counter = counter + 1: null

2018-12-04 10:31:53 - [TEST_STEP][PASSED] - Statement - PreSaveFile = new java.io.File(((pathPrefix + java.lang.Integer.toString(counter)) + .png)): null

2018-12-04 10:31:53 - [TEST_STEP][PASSED] - Statement - counter = counter + 1: null

2018-12-04 10:31:53 - [TEST_STEP][PASSED] - Statement - PreSaveFile = new java.io.File(((pathPrefix + java.lang.Integer.toString(counter)) + .png)): null

2018-12-04 10:31:53 - [TEST_STEP][PASSED] - Statement - counter = counter + 1: null

2018-12-04 10:31:53 - [TEST_STEP][PASSED] - Statement - PreSaveFile = new java.io.File(((pathPrefix + java.lang.Integer.toString(counter)) + .png)): null

2018-12-04 10:31:53 - [TEST_STEP][PASSED] - Statement - counter = counter + 1: null

2018-12-04 10:31:53 - [TEST_STEP][PASSED] - Statement - PreSaveFile = new java.io.File(((pathPrefix + java.lang.Integer.toString(counter)) + .png)): null

2018-12-04 10:31:53 - [TEST_STEP][PASSED] - Statement - counter = counter + 1: null

2018-12-04 10:31:53 - [TEST_STEP][PASSED] - Statement - PreSaveFile = new java.io.File(((pathPrefix + java.lang.Integer.toString(counter)) + .png)): null

2018-12-04 10:31:53 - [TEST_STEP][PASSED] - Statement - counter = counter + 1: null

2018-12-04 10:31:54 - [TEST_STEP][PASSED] - Statement - PreSaveFile = new java.io.File(((pathPrefix + java.lang.Integer.toString(counter)) + .png)): null

2018-12-04 10:31:54 - [TEST_STEP][PASSED] - Statement - counter = counter + 1: null

2018-12-04 10:31:54 - [TEST_STEP][PASSED] - Statement - PreSaveFile = new java.io.File(((pathPrefix + java.lang.Integer.toString(counter)) + .png)): null

2018-12-04 10:31:54 - [TEST_STEP][PASSED] - Statement - counter = counter + 1: null

2018-12-04 10:31:54 - [TEST_STEP][PASSED] - Statement - PreSaveFile = new java.io.File(((pathPrefix + java.lang.Integer.toString(counter)) + .png)): null

2018-12-04 10:31:54 - [TEST_STEP][PASSED] - Statement - counter = counter + 1: null

2018-12-04 10:31:54 - [TEST_STEP][PASSED] - Statement - PreSaveFile = new java.io.File(((pathPrefix + java.lang.Integer.toString(counter)) + .png)): null

2018-12-04 10:31:54 - [TEST_STEP][PASSED] - Statement - counter = counter + 1: null

2018-12-04 10:31:54 - [TEST_STEP][PASSED] - Statement - PreSaveFile = new java.io.File(((pathPrefix + java.lang.Integer.toString(counter)) + .png)): null

2018-12-04 10:31:56 - [TEST_STEP][PASSED] - Statement - counter = counter + 1: null

2018-12-04 10:31:56 - [TEST_STEP][PASSED] - Statement - PreSaveFile = new java.io.File(((pathPrefix + java.lang.Integer.toString(counter)) + .png)): null

2018-12-04 10:31:56 - [TEST_STEP][PASSED] - Statement - counter = counter + 1: null

2018-12-04 10:31:56 - [TEST_STEP][PASSED] - Statement - PreSaveFile = new java.io.File(((pathPrefix + java.lang.Integer.toString(counter)) + .png)): null

2018-12-04 10:31:56 - [TEST_STEP][PASSED] - Statement - counter = counter + 1: null

2018-12-04 10:31:56 - [TEST_STEP][PASSED] - Statement - PreSaveFile = new java.io.File(((pathPrefix + java.lang.Integer.toString(counter)) + .png)): null

2018-12-04 10:31:56 - [TEST_STEP][PASSED] - Statement - counter = counter + 1: null

2018-12-04 10:31:56 - [TEST_STEP][PASSED] - Statement - PreSaveFile = new java.io.File(((pathPrefix + java.lang.Integer.toString(counter)) + .png)): null

2018-12-04 10:31:56 - [TEST_STEP][PASSED] - Statement - counter = counter + 1: null

2018-12-04 10:31:57 - [TEST_STEP][PASSED] - Statement - PreSaveFile = new java.io.File(((pathPrefix + java.lang.Integer.toString(counter)) + .png)): null

2018-12-04 10:31:57 - [TEST_STEP][PASSED] - Statement - counter = counter + 1: null

2018-12-04 10:31:57 - [TEST_STEP][PASSED] - Statement - PreSaveFile = new java.io.File(((pathPrefix + java.lang.Integer.toString(counter)) + .png)): null

2018-12-04 10:31:57 - [TEST_STEP][PASSED] - Statement - counter = counter + 1: null

2018-12-04 10:31:57 - [TEST_STEP][PASSED] - Statement - PreSaveFile = new java.io.File(((pathPrefix + java.lang.Integer.toString(counter)) + .png)): null

2018-12-04 10:31:57 - [TEST_STEP][PASSED] - Statement - counter = counter + 1: null

2018-12-04 10:31:57 - [TEST_STEP][PASSED] - Statement - PreSaveFile = new java.io.File(((pathPrefix + java.lang.Integer.toString(counter)) + .png)): null

2018-12-04 10:31:57 - [TEST_STEP][PASSED] - Statement - counter = counter + 1: null

2018-12-04 10:31:57 - [TEST_STEP][PASSED] - Statement - PreSaveFile = new java.io.File(((pathPrefix + java.lang.Integer.toString(counter)) + .png)): null

2018-12-04 10:31:57 - [TEST_STEP][PASSED] - Statement - counter = counter + 1: null

2018-12-04 10:31:59 - [TEST_STEP][PASSED] - Statement - PreSaveFile = new java.io.File(((pathPrefix + java.lang.Integer.toString(counter)) + .png)): null

2018-12-04 10:31:59 - [TEST_STEP][PASSED] - Statement - counter = counter + 1: null

2018-12-04 10:31:59 - [TEST_STEP][PASSED] - Statement - PreSaveFile = new java.io.File(((pathPrefix + java.lang.Integer.toString(counter)) + .png)): null

2018-12-04 10:31:59 - [TEST_STEP][PASSED] - Statement - counter = counter + 1: null

2018-12-04 10:31:59 - [TEST_STEP][PASSED] - Statement - PreSaveFile = new java.io.File(((pathPrefix + java.lang.Integer.toString(counter)) + .png)): null

2018-12-04 10:31:59 - [TEST_STEP][PASSED] - Statement - counter = counter + 1: null

2018-12-04 10:31:59 - [TEST_STEP][PASSED] - Statement - PreSaveFile = new java.io.File(((pathPrefix + java.lang.Integer.toString(counter)) + .png)): null

2018-12-04 10:31:59 - [TEST_STEP][PASSED] - Statement - counter = counter + 1: null

2018-12-04 10:31:59 - [TEST_STEP][PASSED] - Statement - PreSaveFile = new java.io.File(((pathPrefix + java.lang.Integer.toString(counter)) + .png)): null

2018-12-04 10:31:59 - [TEST_STEP][PASSED] - Statement - counter = counter + 1: null

2018-12-04 10:32:01 - [TEST_STEP][PASSED] - Statement - PreSaveFile = new java.io.File(((pathPrefix + java.lang.Integer.toString(counter)) + .png)): null

2018-12-04 10:32:01 - [TEST_STEP][PASSED] - Statement - counter = counter + 1: null

2018-12-04 10:32:01 - [TEST_STEP][PASSED] - Statement - PreSaveFile = new java.io.File(((pathPrefix + java.lang.Integer.toString(counter)) + .png)): null

2018-12-04 10:32:01 - [TEST_STEP][PASSED] - Statement - counter = counter + 1: null

2018-12-04 10:32:01 - [TEST_STEP][PASSED] - Statement - PreSaveFile = new java.io.File(((pathPrefix + java.lang.Integer.toString(counter)) + .png)): null

2018-12-04 10:32:01 - [TEST_STEP][PASSED] - Statement - counter = counter + 1: null

2018-12-04 10:32:01 - [TEST_STEP][PASSED] - Statement - PreSaveFile = new java.io.File(((pathPrefix + java.lang.Integer.toString(counter)) + .png)): null

2018-12-04 10:32:01 - [TEST_STEP][PASSED] - Statement - counter = counter + 1: null

2018-12-04 10:32:01 - [TEST_STEP][PASSED] - Statement - PreSaveFile = new java.io.File(((pathPrefix + java.lang.Integer.toString(counter)) + .png)): null

2018-12-04 10:32:02 - [TEST_STEP][PASSED] - Statement - counter = counter + 1: null

2018-12-04 10:32:02 - [TEST_STEP][PASSED] - Statement - PreSaveFile = new java.io.File(((pathPrefix + java.lang.Integer.toString(counter)) + .png)): null

2018-12-04 10:32:02 - [TEST_STEP][PASSED] - Statement - counter = counter + 1: null

2018-12-04 10:32:02 - [TEST_STEP][PASSED] - Statement - PreSaveFile = new java.io.File(((pathPrefix + java.lang.Integer.toString(counter)) + .png)): null

2018-12-04 10:32:02 - [TEST_STEP][PASSED] - Statement - counter = counter + 1: null

2018-12-04 10:32:02 - [TEST_STEP][PASSED] - Statement - PreSaveFile = new java.io.File(((pathPrefix + java.lang.Integer.toString(counter)) + .png)): null

2018-12-04 10:32:02 - [TEST_STEP][PASSED] - Statement - counter = counter + 1: null

2018-12-04 10:32:02 - [TEST_STEP][PASSED] - Statement - PreSaveFile = new java.io.File(((pathPrefix + java.lang.Integer.toString(counter)) + .png)): null

2018-12-04 10:32:02 - [TEST_STEP][PASSED] - Statement - counter = counter + 1: null

2018-12-04 10:32:02 - [TEST_STEP][PASSED] - Statement - PreSaveFile = new java.io.File(((pathPrefix + java.lang.Integer.toString(counter)) + .png)): null

2018-12-04 10:32:04 - [TEST_STEP][PASSED] - Statement - counter = counter + 1: null

2018-12-04 10:32:04 - [TEST_STEP][PASSED] - Statement - PreSaveFile = new java.io.File(((pathPrefix + java.lang.Integer.toString(counter)) + .png)): null

2018-12-04 10:32:04 - [TEST_STEP][PASSED] - Statement - counter = counter + 1: null

2018-12-04 10:32:04 - [TEST_STEP][PASSED] - Statement - PreSaveFile = new java.io.File(((pathPrefix + java.lang.Integer.toString(counter)) + .png)): null

2018-12-04 10:32:04 - [TEST_STEP][PASSED] - Statement - counter = counter + 1: null

2018-12-04 10:32:04 - [TEST_STEP][PASSED] - Statement - PreSaveFile = new java.io.File(((pathPrefix + java.lang.Integer.toString(counter)) + .png)): null

2018-12-04 10:32:04 - [TEST_STEP][PASSED] - Statement - counter = counter + 1: null

2018-12-04 10:32:04 - [TEST_STEP][PASSED] - Statement - PreSaveFile = new java.io.File(((pathPrefix + java.lang.Integer.toString(counter)) + .png)): null

2018-12-04 10:32:04 - [TEST_STEP][PASSED] - Statement - counter = counter + 1: null

2018-12-04 10:32:05 - [TEST_STEP][PASSED] - Statement - PreSaveFile = new java.io.File(((pathPrefix + java.lang.Integer.toString(counter)) + .png)): null

2018-12-04 10:32:05 - [TEST_STEP][PASSED] - Statement - counter = counter + 1: null

2018-12-04 10:32:05 - [TEST_STEP][PASSED] - Statement - PreSaveFile = new java.io.File(((pathPrefix + java.lang.Integer.toString(counter)) + .png)): null

2018-12-04 10:32:05 - [TEST_STEP][PASSED] - Statement - counter = counter + 1: null

2018-12-04 10:32:05 - [TEST_STEP][PASSED] - Statement - PreSaveFile = new java.io.File(((pathPrefix + java.lang.Integer.toString(counter)) + .png)): null

2018-12-04 10:32:05 - [TEST_STEP][PASSED] - Statement - counter = counter + 1: null

2018-12-04 10:32:05 - [TEST_STEP][PASSED] - Statement - PreSaveFile = new java.io.File(((pathPrefix + java.lang.Integer.toString(counter)) + .png)): null

2018-12-04 10:32:05 - [TEST_STEP][PASSED] - Statement - counter = counter + 1: null

2018-12-04 10:32:05 - [TEST_STEP][PASSED] - Statement - PreSaveFile = new java.io.File(((pathPrefix + java.lang.Integer.toString(counter)) + .png)): null

2018-12-04 10:32:05 - [TEST_STEP][PASSED] - Statement - counter = counter + 1: null

2018-12-04 10:32:07 - [TEST_STEP][PASSED] - Statement - PreSaveFile = new java.io.File(((pathPrefix + java.lang.Integer.toString(counter)) + .png)): null

2018-12-04 10:32:07 - [TEST_STEP][PASSED] - Statement - counter = counter + 1: null

2018-12-04 10:32:07 - [TEST_STEP][PASSED] - Statement - PreSaveFile = new java.io.File(((pathPrefix + java.lang.Integer.toString(counter)) + .png)): null

2018-12-04 10:32:07 - [TEST_STEP][PASSED] - Statement - counter = counter + 1: null

2018-12-04 10:32:07 - [TEST_STEP][PASSED] - Statement - PreSaveFile = new java.io.File(((pathPrefix + java.lang.Integer.toString(counter)) + .png)): null

2018-12-04 10:32:07 - [TEST_STEP][PASSED] - Statement - counter = counter + 1: null

2018-12-04 10:32:07 - [TEST_STEP][PASSED] - Statement - PreSaveFile = new java.io.File(((pathPrefix + java.lang.Integer.toString(counter)) + .png)): null

2018-12-04 10:32:07 - [TEST_STEP][PASSED] - Statement - counter = counter + 1: null

2018-12-04 10:32:07 - [TEST_STEP][PASSED] - Statement - PreSaveFile = new java.io.File(((pathPrefix + java.lang.Integer.toString(counter)) + .png)): null

2018-12-04 10:32:07 - [TEST_STEP][PASSED] - Statement - counter = counter + 1: null

2018-12-04 10:32:09 - [TEST_STEP][PASSED] - Statement - PreSaveFile = new java.io.File(((pathPrefix + java.lang.Integer.toString(counter)) + .png)): null

2018-12-04 10:32:09 - [TEST_STEP][PASSED] - Statement - counter = counter + 1: null

2018-12-04 10:32:09 - [TEST_STEP][PASSED] - Statement - PreSaveFile = new java.io.File(((pathPrefix + java.lang.Integer.toString(counter)) + .png)): null

2018-12-04 10:32:09 - [TEST_STEP][PASSED] - Statement - counter = counter + 1: null

2018-12-04 10:32:09 - [TEST_STEP][PASSED] - Statement - PreSaveFile = new java.io.File(((pathPrefix + java.lang.Integer.toString(counter)) + .png)): null

2018-12-04 10:32:09 - [TEST_STEP][PASSED] - Statement - counter = counter + 1: null

2018-12-04 10:32:09 - [TEST_STEP][PASSED] - Statement - PreSaveFile = new java.io.File(((pathPrefix + java.lang.Integer.toString(counter)) + .png)): null

2018-12-04 10:32:09 - [TEST_STEP][PASSED] - Statement - counter = counter + 1: null

2018-12-04 10:32:09 - [TEST_STEP][PASSED] - Statement - PreSaveFile = new java.io.File(((pathPrefix + java.lang.Integer.toString(counter)) + .png)): null

2018-12-04 10:32:10 - [TEST_STEP][PASSED] - Statement - counter = counter + 1: null

2018-12-04 10:32:10 - [TEST_STEP][PASSED] - Statement - PreSaveFile = new java.io.File(((pathPrefix + java.lang.Integer.toString(counter)) + .png)): null

2018-12-04 10:32:10 - [TEST_STEP][PASSED] - Statement - counter = counter + 1: null

2018-12-04 10:32:10 - [TEST_STEP][PASSED] - Statement - PreSaveFile = new java.io.File(((pathPrefix + java.lang.Integer.toString(counter)) + .png)): null

2018-12-04 10:32:10 - [TEST_STEP][PASSED] - Statement - counter = counter + 1: null

2018-12-04 10:32:10 - [TEST_STEP][PASSED] - Statement - PreSaveFile = new java.io.File(((pathPrefix + java.lang.Integer.toString(counter)) + .png)): null

2018-12-04 10:32:10 - [TEST_STEP][PASSED] - Statement - counter = counter + 1: null

2018-12-04 10:32:10 - [TEST_STEP][PASSED] - Statement - PreSaveFile = new java.io.File(((pathPrefix + java.lang.Integer.toString(counter)) + .png)): null

2018-12-04 10:32:10 - [TEST_STEP][PASSED] - Statement - counter = counter + 1: null

2018-12-04 10:32:12 - [TEST_STEP][PASSED] - Statement - PreSaveFile = new java.io.File(((pathPrefix + java.lang.Integer.toString(counter)) + .png)): null

2018-12-04 10:32:12 - [TEST_STEP][PASSED] - Statement - counter = counter + 1: null

2018-12-04 10:32:12 - [TEST_STEP][PASSED] - Statement - PreSaveFile = new java.io.File(((pathPrefix + java.lang.Integer.toString(counter)) + .png)): null

2018-12-04 10:32:12 - [TEST_STEP][PASSED] - Statement - counter = counter + 1: null

2018-12-04 10:32:12 - [TEST_STEP][PASSED] - Statement - PreSaveFile = new java.io.File(((pathPrefix + java.lang.Integer.toString(counter)) + .png)): null

2018-12-04 10:32:12 - [TEST_STEP][PASSED] - Statement - counter = counter + 1: null

2018-12-04 10:32:12 - [TEST_STEP][PASSED] - Statement - PreSaveFile = new java.io.File(((pathPrefix + java.lang.Integer.toString(counter)) + .png)): null

2018-12-04 10:32:12 - [TEST_STEP][PASSED] - Statement - counter = counter + 1: null

2018-12-04 10:32:12 - [TEST_STEP][PASSED] - Statement - PreSaveFile = new java.io.File(((pathPrefix + java.lang.Integer.toString(counter)) + .png)): null

2018-12-04 10:32:12 - [TEST_STEP][PASSED] - Statement - counter = counter + 1: null

2018-12-04 10:32:14 - [TEST_STEP][PASSED] - Statement - PreSaveFile = new java.io.File(((pathPrefix + java.lang.Integer.toString(counter)) + .png)): null

2018-12-04 10:32:14 - [TEST_STEP][PASSED] - Statement - counter = counter + 1: null

2018-12-04 10:32:14 - [TEST_STEP][PASSED] - Statement - PreSaveFile = new java.io.File(((pathPrefix + java.lang.Integer.toString(counter)) + .png)): null

2018-12-04 10:32:14 - [TEST_STEP][PASSED] - Statement - counter = counter + 1: null

2018-12-04 10:32:14 - [TEST_STEP][PASSED] - Statement - PreSaveFile = new java.io.File(((pathPrefix + java.lang.Integer.toString(counter)) + .png)): null

2018-12-04 10:32:14 - [TEST_STEP][PASSED] - Statement - counter = counter + 1: null

2018-12-04 10:32:14 - [TEST_STEP][PASSED] - Statement - PreSaveFile = new java.io.File(((pathPrefix + java.lang.Integer.toString(counter)) + .png)): null

2018-12-04 10:32:14 - [TEST_STEP][PASSED] - Statement - counter = counter + 1: null

2018-12-04 10:32:14 - [TEST_STEP][PASSED] - Statement - PreSaveFile = new java.io.File(((pathPrefix + java.lang.Integer.toString(counter)) + .png)): null

2018-12-04 10:32:14 - [TEST_STEP][PASSED] - Statement - counter = counter + 1: null

2018-12-04 10:32:15 - [TEST_STEP][PASSED] - Statement - PreSaveFile = new java.io.File(((pathPrefix + java.lang.Integer.toString(counter)) + .png)): null

2018-12-04 10:32:15 - [TEST_STEP][PASSED] - Statement - counter = counter + 1: null

2018-12-04 10:32:15 - [TEST_STEP][PASSED] - Statement - PreSaveFile = new java.io.File(((pathPrefix + java.lang.Integer.toString(counter)) + .png)): null

2018-12-04 10:32:15 - [TEST_STEP][PASSED] - Statement - counter = counter + 1: null

2018-12-04 10:32:15 - [TEST_STEP][PASSED] - Statement - PreSaveFile = new java.io.File(((pathPrefix + java.lang.Integer.toString(counter)) + .png)): null

2018-12-04 10:32:15 - [TEST_STEP][PASSED] - Statement - counter = counter + 1: null

2018-12-04 10:32:15 - [TEST_STEP][PASSED] - Statement - PreSaveFile = new java.io.File(((pathPrefix + java.lang.Integer.toString(counter)) + .png)): null

2018-12-04 10:32:15 - [TEST_STEP][PASSED] - Statement - counter = counter + 1: null

2018-12-04 10:32:15 - [TEST_STEP][PASSED] - Statement - PreSaveFile = new java.io.File(((pathPrefix + java.lang.Integer.toString(counter)) + .png)): null

2018-12-04 10:32:15 - [TEST_STEP][PASSED] - Statement - counter = counter + 1: null

2018-12-04 10:32:17 - [TEST_STEP][PASSED] - Statement - PreSaveFile = new java.io.File(((pathPrefix + java.lang.Integer.toString(counter)) + .png)): null

2018-12-04 10:32:17 - [TEST_STEP][PASSED] - Statement - counter = counter + 1: null

2018-12-04 10:32:17 - [TEST_STEP][PASSED] - Statement - PreSaveFile = new java.io.File(((pathPrefix + java.lang.Integer.toString(counter)) + .png)): null

2018-12-04 10:32:17 - [TEST_STEP][PASSED] - Statement - counter = counter + 1: null

2018-12-04 10:32:17 - [TEST_STEP][PASSED] - Statement - PreSaveFile = new java.io.File(((pathPrefix + java.lang.Integer.toString(counter)) + .png)): null

2018-12-04 10:32:17 - [TEST_STEP][PASSED] - Statement - counter = counter + 1: null

2018-12-04 10:32:17 - [TEST_STEP][PASSED] - Statement - PreSaveFile = new java.io.File(((pathPrefix + java.lang.Integer.toString(counter)) + .png)): null

2018-12-04 10:32:17 - [TEST_STEP][PASSED] - Statement - counter = counter + 1: null

2018-12-04 10:32:17 - [TEST_STEP][PASSED] - Statement - PreSaveFile = new java.io.File(((pathPrefix + java.lang.Integer.toString(counter)) + .png)): null

2018-12-04 10:32:19 - [TEST_STEP][PASSED] - Statement - counter = counter + 1: null

2018-12-04 10:32:19 - [TEST_STEP][PASSED] - Statement - PreSaveFile = new java.io.File(((pathPrefix + java.lang.Integer.toString(counter)) + .png)): null

2018-12-04 10:32:19 - [TEST_STEP][PASSED] - Statement - counter = counter + 1: null

2018-12-04 10:32:19 - [TEST_STEP][PASSED] - Statement - PreSaveFile = new java.io.File(((pathPrefix + java.lang.Integer.toString(counter)) + .png)): null

2018-12-04 10:32:19 - [TEST_STEP][PASSED] - Statement - counter = counter + 1: null

2018-12-04 10:32:19 - [TEST_STEP][PASSED] - Statement - PreSaveFile = new java.io.File(((pathPrefix + java.lang.Integer.toString(counter)) + .png)): null

2018-12-04 10:32:19 - [TEST_STEP][PASSED] - Statement - counter = counter + 1: null

2018-12-04 10:32:19 - [TEST_STEP][PASSED] - Statement - PreSaveFile = new java.io.File(((pathPrefix + java.lang.Integer.toString(counter)) + .png)): null

2018-12-04 10:32:19 - [TEST_STEP][PASSED] - Statement - counter = counter + 1: null

2018-12-04 10:32:20 - [TEST_STEP][PASSED] - Statement - PreSaveFile = new java.io.File(((pathPrefix + java.lang.Integer.toString(counter)) + .png)): null

2018-12-04 10:32:20 - [TEST_STEP][PASSED] - Statement - counter = counter + 1: null

2018-12-04 10:32:20 - [TEST_STEP][PASSED] - Statement - PreSaveFile = new java.io.File(((pathPrefix + java.lang.Integer.toString(counter)) + .png)): null

2018-12-04 10:32:20 - [TEST_STEP][PASSED] - Statement - counter = counter + 1: null

2018-12-04 10:32:20 - [TEST_STEP][PASSED] - Statement - PreSaveFile = new java.io.File(((pathPrefix + java.lang.Integer.toString(counter)) + .png)): null

2018-12-04 10:32:20 - [TEST_STEP][PASSED] - Statement - counter = counter + 1: null

2018-12-04 10:32:20 - [TEST_STEP][PASSED] - Statement - PreSaveFile = new java.io.File(((pathPrefix + java.lang.Integer.toString(counter)) + .png)): null

2018-12-04 10:32:20 - [TEST_STEP][PASSED] - Statement - counter = counter + 1: null

2018-12-04 10:32:20 - [TEST_STEP][PASSED] - Statement - PreSaveFile = new java.io.File(((pathPrefix + java.lang.Integer.toString(counter)) + .png)): null

2018-12-04 10:32:20 - [TEST_STEP][PASSED] - Statement - counter = counter + 1: null

2018-12-04 10:32:22 - [TEST_STEP][PASSED] - Statement - PreSaveFile = new java.io.File(((pathPrefix + java.lang.Integer.toString(counter)) + .png)): null

2018-12-04 10:32:22 - [TEST_STEP][PASSED] - Statement - counter = counter + 1: null

2018-12-04 10:32:22 - [TEST_STEP][PASSED] - Statement - PreSaveFile = new java.io.File(((pathPrefix + java.lang.Integer.toString(counter)) + .png)): null

2018-12-04 10:32:22 - [TEST_STEP][PASSED] - Statement - counter = counter + 1: null

2018-12-04 10:32:22 - [TEST_STEP][PASSED] - Statement - PreSaveFile = new java.io.File(((pathPrefix + java.lang.Integer.toString(counter)) + .png)): null

2018-12-04 10:32:22 - [TEST_STEP][PASSED] - Statement - counter = counter + 1: null

2018-12-04 10:32:22 - [TEST_STEP][PASSED] - Statement - PreSaveFile = new java.io.File(((pathPrefix + java.lang.Integer.toString(counter)) + .png)): null

2018-12-04 10:32:22 - [TEST_STEP][PASSED] - Statement - counter = counter + 1: null

2018-12-04 10:32:22 - [TEST_STEP][PASSED] - Statement - PreSaveFile = new java.io.File(((pathPrefix + java.lang.Integer.toString(counter)) + .png)): null

2018-12-04 10:32:22 - [TEST_STEP][PASSED] - Statement - counter = counter + 1: null

2018-12-04 10:32:23 - [TEST_STEP][PASSED] - Statement - PreSaveFile = new java.io.File(((pathPrefix + java.lang.Integer.toString(counter)) + .png)): null

2018-12-04 10:32:23 - [TEST_STEP][PASSED] - Statement - counter = counter + 1: null

2018-12-04 10:32:23 - [TEST_STEP][PASSED] - Statement - PreSaveFile = new java.io.File(((pathPrefix + java.lang.Integer.toString(counter)) + .png)): null

2018-12-04 10:32:23 - [TEST_STEP][PASSED] - Statement - counter = counter + 1: null

2018-12-04 10:32:23 - [TEST_STEP][PASSED] - Statement - PreSaveFile = new java.io.File(((pathPrefix + java.lang.Integer.toString(counter)) + .png)): null

2018-12-04 10:32:23 - [TEST_STEP][PASSED] - Statement - counter = counter + 1: null

2018-12-04 10:32:23 - [TEST_STEP][PASSED] - Statement - PreSaveFile = new java.io.File(((pathPrefix + java.lang.Integer.toString(counter)) + .png)): null

2018-12-04 10:32:23 - [TEST_STEP][PASSED] - Statement - counter = counter + 1: null

2018-12-04 10:32:23 - [TEST_STEP][PASSED] - Statement - PreSaveFile = new java.io.File(((pathPrefix + java.lang.Integer.toString(counter)) + .png)): null

2018-12-04 10:32:25 - [TEST_STEP][PASSED] - Statement - counter = counter + 1: null

2018-12-04 10:32:25 - [TEST_STEP][PASSED] - Statement - PreSaveFile = new java.io.File(((pathPrefix + java.lang.Integer.toString(counter)) + .png)): null

2018-12-04 10:32:25 - [TEST_STEP][PASSED] - Statement - counter = counter + 1: null

2018-12-04 10:32:25 - [TEST_STEP][PASSED] - Statement - PreSaveFile = new java.io.File(((pathPrefix + java.lang.Integer.toString(counter)) + .png)): null

2018-12-04 10:32:25 - [TEST_STEP][PASSED] - Statement - counter = counter + 1: null

2018-12-04 10:32:25 - [TEST_STEP][PASSED] - Statement - PreSaveFile = new java.io.File(((pathPrefix + java.lang.Integer.toString(counter)) + .png)): null

2018-12-04 10:32:25 - [TEST_STEP][PASSED] - Statement - counter = counter + 1: null

2018-12-04 10:32:25 - [TEST_STEP][PASSED] - Statement - PreSaveFile = new java.io.File(((pathPrefix + java.lang.Integer.toString(counter)) + .png)): null

2018-12-04 10:32:25 - [TEST_STEP][PASSED] - Statement - counter = counter + 1: null

2018-12-04 10:32:25 - [TEST_STEP][PASSED] - Statement - PreSaveFile = new java.io.File(((pathPrefix + java.lang.Integer.toString(counter)) + .png)): null

2018-12-04 10:32:26 - [TEST_STEP][PASSED] - Statement - counter = counter + 1: null

2018-12-04 10:32:26 - [TEST_STEP][PASSED] - Statement - PreSaveFile = new java.io.File(((pathPrefix + java.lang.Integer.toString(counter)) + .png)): null

2018-12-04 10:32:26 - [TEST_STEP][PASSED] - Statement - counter = counter + 1: null

2018-12-04 10:32:26 - [TEST_STEP][PASSED] - Statement - PreSaveFile = new java.io.File(((pathPrefix + java.lang.Integer.toString(counter)) + .png)): null

2018-12-04 10:32:26 - [TEST_STEP][PASSED] - Statement - counter = counter + 1: null

2018-12-04 10:32:26 - [TEST_STEP][PASSED] - Statement - PreSaveFile = new java.io.File(((pathPrefix + java.lang.Integer.toString(counter)) + .png)): null

2018-12-04 10:32:26 - [TEST_STEP][PASSED] - Statement - counter = counter + 1: null

2018-12-04 10:32:26 - [TEST_STEP][PASSED] - Statement - PreSaveFile = new java.io.File(((pathPrefix + java.lang.Integer.toString(counter)) + .png)): null

2018-12-04 10:32:26 - [TEST_STEP][PASSED] - Statement - counter = counter + 1: null

2018-12-04 10:32:28 - [TEST_STEP][PASSED] - Statement - PreSaveFile = new java.io.File(((pathPrefix + java.lang.Integer.toString(counter)) + .png)): null

2018-12-04 10:32:28 - [TEST_STEP][PASSED] - Statement - counter = counter + 1: null

2018-12-04 10:32:28 - [TEST_STEP][PASSED] - Statement - PreSaveFile = new java.io.File(((pathPrefix + java.lang.Integer.toString(counter)) + .png)): null

2018-12-04 10:32:28 - [TEST_STEP][PASSED] - Statement - counter = counter + 1: null

2018-12-04 10:32:28 - [TEST_STEP][PASSED] - Statement - PreSaveFile = new java.io.File(((pathPrefix + java.lang.Integer.toString(counter)) + .png)): null

2018-12-04 10:32:28 - [TEST_STEP][PASSED] - Statement - counter = counter + 1: null

2018-12-04 10:32:28 - [TEST_STEP][PASSED] - Statement - PreSaveFile = new java.io.File(((pathPrefix + java.lang.Integer.toString(counter)) + .png)): null

2018-12-04 10:32:28 - [TEST_STEP][PASSED] - Statement - counter = counter + 1: null

2018-12-04 10:32:28 - [TEST_STEP][PASSED] - Statement - PreSaveFile = new java.io.File(((pathPrefix + java.lang.Integer.toString(counter)) + .png)): null

2018-12-04 10:32:28 - [TEST_STEP][PASSED] - Statement - counter = counter + 1: null

2018-12-04 10:32:30 - [TEST_STEP][PASSED] - Statement - PreSaveFile = new java.io.File(((pathPrefix + java.lang.Integer.toString(counter)) + .png)): null

2018-12-04 10:32:30 - [TEST_STEP][PASSED] - Statement - counter = counter + 1: null

2018-12-04 10:32:30 - [TEST_STEP][PASSED] - Statement - PreSaveFile = new java.io.File(((pathPrefix + java.lang.Integer.toString(counter)) + .png)): null

2018-12-04 10:32:30 - [TEST_STEP][PASSED] - Statement - counter = counter + 1: null

2018-12-04 10:32:30 - [TEST_STEP][PASSED] - Statement - PreSaveFile = new java.io.File(((pathPrefix + java.lang.Integer.toString(counter)) + .png)): null

2018-12-04 10:32:30 - [TEST_STEP][PASSED] - Statement - counter = counter + 1: null

2018-12-04 10:32:30 - [TEST_STEP][PASSED] - Statement - PreSaveFile = new java.io.File(((pathPrefix + java.lang.Integer.toString(counter)) + .png)): null

2018-12-04 10:32:30 - [TEST_STEP][PASSED] - Statement - counter = counter + 1: null

2018-12-04 10:32:30 - [TEST_STEP][PASSED] - Statement - PreSaveFile = new java.io.File(((pathPrefix + java.lang.Integer.toString(counter)) + .png)): null

2018-12-04 10:32:30 - [TEST_STEP][PASSED] - Statement - counter = counter + 1: null

2018-12-04 10:32:32 - [TEST_STEP][PASSED] - Statement - PreSaveFile = new java.io.File(((pathPrefix + java.lang.Integer.toString(counter)) + .png)): null

2018-12-04 10:32:32 - [TEST_STEP][PASSED] - Statement - counter = counter + 1: null

2018-12-04 10:32:32 - [TEST_STEP][PASSED] - Statement - PreSaveFile = new java.io.File(((pathPrefix + java.lang.Integer.toString(counter)) + .png)): null

2018-12-04 10:32:32 - [TEST_STEP][PASSED] - Statement - counter = counter + 1: null

2018-12-04 10:32:32 - [TEST_STEP][PASSED] - Statement - PreSaveFile = new java.io.File(((pathPrefix + java.lang.Integer.toString(counter)) + .png)): null

2018-12-04 10:32:32 - [TEST_STEP][PASSED] - Statement - counter = counter + 1: null

2018-12-04 10:32:32 - [TEST_STEP][PASSED] - Statement - PreSaveFile = new java.io.File(((pathPrefix + java.lang.Integer.toString(counter)) + .png)): null

2018-12-04 10:32:32 - [TEST_STEP][PASSED] - Statement - counter = counter + 1: null

2018-12-04 10:32:32 - [TEST_STEP][PASSED] - Statement - PreSaveFile = new java.io.File(((pathPrefix + java.lang.Integer.toString(counter)) + .png)): null

2018-12-04 10:32:34 - [TEST_STEP][PASSED] - Statement - counter = counter + 1: null

2018-12-04 10:32:34 - [TEST_STEP][PASSED] - Statement - PreSaveFile = new java.io.File(((pathPrefix + java.lang.Integer.toString(counter)) + .png)): null

2018-12-04 10:32:34 - [TEST_STEP][PASSED] - Statement - counter = counter + 1: null

2018-12-04 10:32:34 - [TEST_STEP][PASSED] - Statement - PreSaveFile = new java.io.File(((pathPrefix + java.lang.Integer.toString(counter)) + .png)): null

2018-12-04 10:32:34 - [TEST_STEP][PASSED] - Statement - counter = counter + 1: null

2018-12-04 10:32:34 - [TEST_STEP][PASSED] - Statement - PreSaveFile = new java.io.File(((pathPrefix + java.lang.Integer.toString(counter)) + .png)): null

2018-12-04 10:32:34 - [TEST_STEP][PASSED] - Statement - counter = counter + 1: null

2018-12-04 10:32:34 - [TEST_STEP][PASSED] - Statement - PreSaveFile = new java.io.File(((pathPrefix + java.lang.Integer.toString(counter)) + .png)): null

2018-12-04 10:32:34 - [TEST_STEP][PASSED] - Statement - counter = counter + 1: null

2018-12-04 10:32:36 - [TEST_STEP][PASSED] - Statement - PreSaveFile = new java.io.File(((pathPrefix + java.lang.Integer.toString(counter)) + .png)): null

2018-12-04 10:32:36 - [TEST_STEP][PASSED] - Statement - counter = counter + 1: null

2018-12-04 10:32:36 - [TEST_STEP][PASSED] - Statement - PreSaveFile = new java.io.File(((pathPrefix + java.lang.Integer.toString(counter)) + .png)): null

2018-12-04 10:32:36 - [TEST_STEP][PASSED] - Statement - counter = counter + 1: null

2018-12-04 10:32:36 - [TEST_STEP][PASSED] - Statement - PreSaveFile = new java.io.File(((pathPrefix + java.lang.Integer.toString(counter)) + .png)): null

2018-12-04 10:32:36 - [TEST_STEP][PASSED] - Statement - counter = counter + 1: null

2018-12-04 10:32:36 - [TEST_STEP][PASSED] - Statement - PreSaveFile = new java.io.File(((pathPrefix + java.lang.Integer.toString(counter)) + .png)): null

2018-12-04 10:32:36 - [TEST_STEP][PASSED] - Statement - counter = counter + 1: null

2018-12-04 10:32:36 - [TEST_STEP][PASSED] - Statement - PreSaveFile = new java.io.File(((pathPrefix + java.lang.Integer.toString(counter)) + .png)): null

2018-12-04 10:32:36 - [TEST_STEP][PASSED] - Statement - counter = counter + 1: null

2018-12-04 10:32:38 - [TEST_STEP][PASSED] - Statement - PreSaveFile = new java.io.File(((pathPrefix + java.lang.Integer.toString(counter)) + .png)): null

2018-12-04 10:32:38 - [TEST_STEP][PASSED] - Statement - counter = counter + 1: null

2018-12-04 10:32:38 - [TEST_STEP][PASSED] - Statement - PreSaveFile = new java.io.File(((pathPrefix + java.lang.Integer.toString(counter)) + .png)): null

2018-12-04 10:32:38 - [TEST_STEP][PASSED] - Statement - counter = counter + 1: null

2018-12-04 10:32:38 - [TEST_STEP][PASSED] - Statement - PreSaveFile = new java.io.File(((pathPrefix + java.lang.Integer.toString(counter)) + .png)): null

2018-12-04 10:32:38 - [TEST_STEP][PASSED] - Statement - counter = counter + 1: null

2018-12-04 10:32:38 - [TEST_STEP][PASSED] - Statement - PreSaveFile = new java.io.File(((pathPrefix + java.lang.Integer.toString(counter)) + .png)): null

2018-12-04 10:32:38 - [TEST_STEP][PASSED] - Statement - counter = counter + 1: null

2018-12-04 10:32:38 - [TEST_STEP][PASSED] - Statement - PreSaveFile = new java.io.File(((pathPrefix + java.lang.Integer.toString(counter)) + .png)): null

2018-12-04 10:32:38 - [TEST_STEP][PASSED] - Statement - counter = counter + 1: null

2018-12-04 10:32:40 - [TEST_STEP][PASSED] - Statement - PreSaveFile = new java.io.File(((pathPrefix + java.lang.Integer.toString(counter)) + .png)): null

2018-12-04 10:32:40 - [TEST_STEP][PASSED] - Statement - counter = counter + 1: null

2018-12-04 10:32:40 - [TEST_STEP][PASSED] - Statement - PreSaveFile = new java.io.File(((pathPrefix + java.lang.Integer.toString(counter)) + .png)): null

2018-12-04 10:32:40 - [TEST_STEP][PASSED] - Statement - counter = counter + 1: null

2018-12-04 10:32:40 - [TEST_STEP][PASSED] - Statement - PreSaveFile = new java.io.File(((pathPrefix + java.lang.Integer.toString(counter)) + .png)): null

2018-12-04 10:32:40 - [TEST_STEP][PASSED] - Statement - counter = counter + 1: null

2018-12-04 10:32:40 - [TEST_STEP][PASSED] - Statement - PreSaveFile = new java.io.File(((pathPrefix + java.lang.Integer.toString(counter)) + .png)): null

2018-12-04 10:32:40 - [TEST_STEP][PASSED] - Statement - counter = counter + 1: null

2018-12-04 10:32:40 - [TEST_STEP][PASSED] - Statement - PreSaveFile = new java.io.File(((pathPrefix + java.lang.Integer.toString(counter)) + .png)): null

2018-12-04 10:32:40 - [TEST_STEP][PASSED] - Statement - counter = counter + 1: null

2018-12-04 10:32:42 - [TEST_STEP][PASSED] - Statement - PreSaveFile = new java.io.File(((pathPrefix + java.lang.Integer.toString(counter)) + .png)): null

2018-12-04 10:32:42 - [TEST_STEP][PASSED] - Statement - counter = counter + 1: null

2018-12-04 10:32:42 - [TEST_STEP][PASSED] - Statement - PreSaveFile = new java.io.File(((pathPrefix + java.lang.Integer.toString(counter)) + .png)): null

2018-12-04 10:32:42 - [TEST_STEP][PASSED] - Statement - counter = counter + 1: null

2018-12-04 10:32:42 - [TEST_STEP][PASSED] - Statement - PreSaveFile = new java.io.File(((pathPrefix + java.lang.Integer.toString(counter)) + .png)): null

2018-12-04 10:32:42 - [TEST_STEP][PASSED] - Statement - counter = counter + 1: null

2018-12-04 10:32:42 - [TEST_STEP][PASSED] - Statement - PreSaveFile = new java.io.File(((pathPrefix + java.lang.Integer.toString(counter)) + .png)): null

2018-12-04 10:32:42 - [TEST_STEP][PASSED] - Statement - counter = counter + 1: null

2018-12-04 10:32:42 - [TEST_STEP][PASSED] - Statement - PreSaveFile = new java.io.File(((pathPrefix + java.lang.Integer.toString(counter)) + .png)): null

2018-12-04 10:32:44 - [TEST_STEP][PASSED] - Statement - counter = counter + 1: null

2018-12-04 10:32:44 - [TEST_STEP][PASSED] - Statement - PreSaveFile = new java.io.File(((pathPrefix + java.lang.Integer.toString(counter)) + .png)): null

2018-12-04 10:32:44 - [TEST_STEP][PASSED] - Statement - counter = counter + 1: null

2018-12-04 10:32:44 - [TEST_STEP][PASSED] - Statement - PreSaveFile = new java.io.File(((pathPrefix + java.lang.Integer.toString(counter)) + .png)): null

2018-12-04 10:32:44 - [TEST_STEP][PASSED] - Statement - counter = counter + 1: null

2018-12-04 10:32:44 - [TEST_STEP][PASSED] - Statement - PreSaveFile = new java.io.File(((pathPrefix + java.lang.Integer.toString(counter)) + .png)): null

2018-12-04 10:32:44 - [TEST_STEP][PASSED] - Statement - counter = counter + 1: null

2018-12-04 10:32:44 - [TEST_STEP][PASSED] - Statement - PreSaveFile = new java.io.File(((pathPrefix + java.lang.Integer.toString(counter)) + .png)): null

2018-12-04 10:32:44 - [TEST_STEP][PASSED] - Statement - counter = counter + 1: null

2018-12-04 10:32:46 - [TEST_STEP][PASSED] - Statement - PreSaveFile = new java.io.File(((pathPrefix + java.lang.Integer.toString(counter)) + .png)): null

2018-12-04 10:32:46 - [TEST_STEP][PASSED] - Statement - counter = counter + 1: null

2018-12-04 10:32:46 - [TEST_STEP][PASSED] - Statement - PreSaveFile = new java.io.File(((pathPrefix + java.lang.Integer.toString(counter)) + .png)): null

2018-12-04 10:32:46 - [TEST_STEP][PASSED] - Statement - counter = counter + 1: null

2018-12-04 10:32:46 - [TEST_STEP][PASSED] - Statement - PreSaveFile = new java.io.File(((pathPrefix + java.lang.Integer.toString(counter)) + .png)): null

2018-12-04 10:32:46 - [TEST_STEP][PASSED] - Statement - counter = counter + 1: null

2018-12-04 10:32:46 - [TEST_STEP][PASSED] - Statement - PreSaveFile = new java.io.File(((pathPrefix + java.lang.Integer.toString(counter)) + .png)): null

2018-12-04 10:32:46 - [TEST_STEP][PASSED] - Statement - counter = counter + 1: null

2018-12-04 10:32:46 - [TEST_STEP][PASSED] - Statement - PreSaveFile = new java.io.File(((pathPrefix + java.lang.Integer.toString(counter)) + .png)): null

2018-12-04 10:32:46 - [TEST_STEP][PASSED] - Statement - counter = counter + 1: null

2018-12-04 10:32:48 - [TEST_STEP][PASSED] - Statement - PreSaveFile = new java.io.File(((pathPrefix + java.lang.Integer.toString(counter)) + .png)): null

2018-12-04 10:32:48 - [TEST_STEP][PASSED] - Statement - counter = counter + 1: null

2018-12-04 10:32:48 - [TEST_STEP][PASSED] - Statement - PreSaveFile = new java.io.File(((pathPrefix + java.lang.Integer.toString(counter)) + .png)): null

2018-12-04 10:32:48 - [TEST_STEP][PASSED] - Statement - counter = counter + 1: null

2018-12-04 10:32:48 - [TEST_STEP][PASSED] - Statement - PreSaveFile = new java.io.File(((pathPrefix + java.lang.Integer.toString(counter)) + .png)): null

2018-12-04 10:32:48 - [TEST_STEP][PASSED] - Statement - counter = counter + 1: null

2018-12-04 10:32:48 - [TEST_STEP][PASSED] - Statement - PreSaveFile = new java.io.File(((pathPrefix + java.lang.Integer.toString(counter)) + .png)): null

2018-12-04 10:32:48 - [TEST_STEP][PASSED] - Statement - counter = counter + 1: null

2018-12-04 10:32:48 - [TEST_STEP][PASSED] - Statement - PreSaveFile = new java.io.File(((pathPrefix + java.lang.Integer.toString(counter)) + .png)): null

2018-12-04 10:32:48 - [TEST_STEP][PASSED] - Statement - counter = counter + 1: null

2018-12-04 10:32:51 - [TEST_STEP][PASSED] - Statement - PreSaveFile = new java.io.File(((pathPrefix + java.lang.Integer.toString(counter)) + .png)): null

2018-12-04 10:32:51 - [TEST_STEP][PASSED] - Statement - counter = counter + 1: null

2018-12-04 10:32:51 - [TEST_STEP][PASSED] - Statement - PreSaveFile = new java.io.File(((pathPrefix + java.lang.Integer.toString(counter)) + .png)): null

2018-12-04 10:32:51 - [TEST_STEP][PASSED] - Statement - counter = counter + 1: null

2018-12-04 10:32:51 - [TEST_STEP][PASSED] - Statement - PreSaveFile = new java.io.File(((pathPrefix + java.lang.Integer.toString(counter)) + .png)): null

2018-12-04 10:32:51 - [TEST_STEP][PASSED] - Statement - counter = counter + 1: null

2018-12-04 10:32:51 - [TEST_STEP][PASSED] - Statement - PreSaveFile = new java.io.File(((pathPrefix + java.lang.Integer.toString(counter)) + .png)): null

2018-12-04 10:32:51 - [TEST_STEP][PASSED] - Statement - counter = counter + 1: null

2018-12-04 10:32:51 - [TEST_STEP][PASSED] - Statement - PreSaveFile = new java.io.File(((pathPrefix + java.lang.Integer.toString(counter)) + .png)): null

2018-12-04 10:32:53 - [TEST_STEP][PASSED] - Statement - counter = counter + 1: null

2018-12-04 10:32:53 - [TEST_STEP][PASSED] - Statement - PreSaveFile = new java.io.File(((pathPrefix + java.lang.Integer.toString(counter)) + .png)): null

2018-12-04 10:32:53 - [TEST_STEP][PASSED] - Statement - counter = counter + 1: null

2018-12-04 10:32:53 - [TEST_STEP][PASSED] - Statement - PreSaveFile = new java.io.File(((pathPrefix + java.lang.Integer.toString(counter)) + .png)): null

2018-12-04 10:32:53 - [TEST_STEP][PASSED] - Statement - counter = counter + 1: null

2018-12-04 10:32:53 - [TEST_STEP][PASSED] - Statement - PreSaveFile = new java.io.File(((pathPrefix + java.lang.Integer.toString(counter)) + .png)): null

2018-12-04 10:32:53 - [TEST_STEP][PASSED] - Statement - counter = counter + 1: null

2018-12-04 10:32:53 - [TEST_STEP][PASSED] - Statement - PreSaveFile = new java.io.File(((pathPrefix + java.lang.Integer.toString(counter)) + .png)): null

2018-12-04 10:32:53 - [TEST_STEP][PASSED] - Statement - counter = counter + 1: null

2018-12-04 10:32:53 - [TEST_STEP][PASSED] - Statement - PreSaveFile = new java.io.File(((pathPrefix + java.lang.Integer.toString(counter)) + .png)): null

2018-12-04 10:32:55 - [TEST_STEP][PASSED] - Statement - counter = counter + 1: null

2018-12-04 10:32:55 - [TEST_STEP][PASSED] - Statement - PreSaveFile = new java.io.File(((pathPrefix + java.lang.Integer.toString(counter)) + .png)): null

2018-12-04 10:32:55 - [TEST_STEP][PASSED] - Statement - counter = counter + 1: null

2018-12-04 10:32:55 - [TEST_STEP][PASSED] - Statement - PreSaveFile = new java.io.File(((pathPrefix + java.lang.Integer.toString(counter)) + .png)): null

2018-12-04 10:32:55 - [TEST_STEP][PASSED] - Statement - counter = counter + 1: null

2018-12-04 10:32:55 - [TEST_STEP][PASSED] - Statement - PreSaveFile = new java.io.File(((pathPrefix + java.lang.Integer.toString(counter)) + .png)): null

2018-12-04 10:32:55 - [TEST_STEP][PASSED] - Statement - counter = counter + 1: null

2018-12-04 10:32:55 - [TEST_STEP][PASSED] - Statement - PreSaveFile = new java.io.File(((pathPrefix + java.lang.Integer.toString(counter)) + .png)): null

2018-12-04 10:32:55 - [TEST_STEP][PASSED] - Statement - counter = counter + 1: null

2018-12-04 10:32:57 - [TEST_STEP][PASSED] - Statement - PreSaveFile = new java.io.File(((pathPrefix + java.lang.Integer.toString(counter)) + .png)): null

2018-12-04 10:32:57 - [TEST_STEP][PASSED] - Statement - counter = counter + 1: null

2018-12-04 10:32:57 - [TEST_STEP][PASSED] - Statement - PreSaveFile = new java.io.File(((pathPrefix + java.lang.Integer.toString(counter)) + .png)): null

2018-12-04 10:32:57 - [TEST_STEP][PASSED] - Statement - counter = counter + 1: null

2018-12-04 10:32:57 - [TEST_STEP][PASSED] - Statement - PreSaveFile = new java.io.File(((pathPrefix + java.lang.Integer.toString(counter)) + .png)): null

2018-12-04 10:32:57 - [TEST_STEP][PASSED] - Statement - counter = counter + 1: null

2018-12-04 10:32:57 - [TEST_STEP][PASSED] - Statement - PreSaveFile = new java.io.File(((pathPrefix + java.lang.Integer.toString(counter)) + .png)): null

2018-12-04 10:32:57 - [TEST_STEP][PASSED] - Statement - counter = counter + 1: null

2018-12-04 10:32:57 - [TEST_STEP][PASSED] - Statement - PreSaveFile = new java.io.File(((pathPrefix + java.lang.Integer.toString(counter)) + .png)): null

2018-12-04 10:32:57 - [TEST_STEP][PASSED] - Statement - counter = counter + 1: null

2018-12-04 10:32:59 - [TEST_STEP][PASSED] - Statement - PreSaveFile = new java.io.File(((pathPrefix + java.lang.Integer.toString(counter)) + .png)): null

2018-12-04 10:32:59 - [TEST_STEP][PASSED] - Statement - counter = counter + 1: null

2018-12-04 10:32:59 - [TEST_STEP][PASSED] - Statement - PreSaveFile = new java.io.File(((pathPrefix + java.lang.Integer.toString(counter)) + .png)): null

2018-12-04 10:32:59 - [TEST_STEP][PASSED] - Statement - counter = counter + 1: null

2018-12-04 10:32:59 - [TEST_STEP][PASSED] - Statement - PreSaveFile = new java.io.File(((pathPrefix + java.lang.Integer.toString(counter)) + .png)): null

2018-12-04 10:32:59 - [TEST_STEP][PASSED] - Statement - counter = counter + 1: null

2018-12-04 10:32:59 - [TEST_STEP][PASSED] - Statement - PreSaveFile = new java.io.File(((pathPrefix + java.lang.Integer.toString(counter)) + .png)): null

2018-12-04 10:32:59 - [TEST_STEP][PASSED] - Statement - counter = counter + 1: null

2018-12-04 10:32:59 - [TEST_STEP][PASSED] - Statement - PreSaveFile = new java.io.File(((pathPrefix + java.lang.Integer.toString(counter)) + .png)): null

2018-12-04 10:32:59 - [TEST_STEP][PASSED] - Statement - counter = counter + 1: null

2018-12-04 10:33:02 - [TEST_STEP][PASSED] - Statement - PreSaveFile = new java.io.File(((pathPrefix + java.lang.Integer.toString(counter)) + .png)): null

2018-12-04 10:33:02 - [TEST_STEP][PASSED] - Statement - counter = counter + 1: null

2018-12-04 10:33:02 - [TEST_STEP][PASSED] - Statement - PreSaveFile = new java.io.File(((pathPrefix + java.lang.Integer.toString(counter)) + .png)): null

2018-12-04 10:33:02 - [TEST_STEP][PASSED] - Statement - counter = counter + 1: null

2018-12-04 10:33:02 - [TEST_STEP][PASSED] - Statement - PreSaveFile = new java.io.File(((pathPrefix + java.lang.Integer.toString(counter)) + .png)): null

2018-12-04 10:33:02 - [TEST_STEP][PASSED] - Statement - counter = counter + 1: null

2018-12-04 10:33:02 - [TEST_STEP][PASSED] - Statement - PreSaveFile = new java.io.File(((pathPrefix + java.lang.Integer.toString(counter)) + .png)): null

2018-12-04 10:33:02 - [TEST_STEP][PASSED] - Statement - counter = counter + 1: null

2018-12-04 10:33:02 - [TEST_STEP][PASSED] - Statement - PreSaveFile = new java.io.File(((pathPrefix + java.lang.Integer.toString(counter)) + .png)): null

2018-12-04 10:33:04 - [TEST_STEP][PASSED] - Statement - counter = counter + 1: null

2018-12-04 10:33:04 - [TEST_STEP][PASSED] - Statement - PreSaveFile = new java.io.File(((pathPrefix + java.lang.Integer.toString(counter)) + .png)): null

2018-12-04 10:33:04 - [TEST_STEP][PASSED] - Statement - counter = counter + 1: null

2018-12-04 10:33:04 - [TEST_STEP][PASSED] - Statement - PreSaveFile = new java.io.File(((pathPrefix + java.lang.Integer.toString(counter)) + .png)): null

2018-12-04 10:33:04 - [TEST_STEP][PASSED] - Statement - finalPath = pathPrefix + java.lang.Integer.toString(counter) + ".png": null

2018-12-04 10:33:04 - [TEST_STEP][PASSED] - Statement - SaveFile = new java.io.File(finalPath): null

2018-12-04 10:33:04 - [TEST_STEP][PASSED] - Statement - Try: null

2018-12-04 10:33:04 - [TEST_STEP][PASSED] - Statement - org.apache.commons.io.FileUtils.copyFile(scrFile, SaveFile): null

2018-12-04 10:33:04 - [TEST_STEP][PASSED] - Statement - out.println("file kept"): null

2018-12-04 10:33:06 - [TEST_STEP][PASSED] - delay: Delayed 10 second(s)

2018-12-04 10:33:16 - [MESSAGE][PASSED] - Delayed 10 second(s)

2018-12-04 10:33:16 - [MESSAGE][PASSED] - Call Test Case 'Test Cases/Final Aug 2018 - PKS Automation/Registration Module/New Registration/Submit and Screenshot/Submit Registration and Screenshot' successfully

2018-12-04 10:33:16 - [TEST_STEP][PASSED] - callTestCase: Call Test Case 'Test Cases/Final Aug 2018 - PKS Automation/Registration Module/Log Out/log out avoiding katalon tagging' successfully

2018-12-04 10:33:16 - [TEST_CASE][PASSED] - Test Cases/Final Aug 2018 - PKS Automation/Registration Module/Log Out/log out avoiding katalon tagging: Test Cases/Final Aug 2018 - PKS Automation/Registration Module/Log Out/log out avoiding katalon tagging

2018-12-04 10:33:16 - [TEST_STEP][PASSED] - navigateToUrl: Navigate to 'https://assist2-uat.perkeso.gov.my/c/portal/logout' successfully

2018-12-04 10:33:17 - [MESSAGE][PASSED] - Navigate to 'https://assist2-uat.perkeso.gov.my/c/portal/logout' successfully

2018-12-04 10:33:17 - [MESSAGE][PASSED] - Call Test Case 'Test Cases/Final Aug 2018 - PKS Automation/Registration Module/Log Out/log out avoiding katalon tagging' successfully

2018-12-04 10:33:17 - [TEST_STEP][PASSED] - callTestCase: Call Test Case 'Test Cases/Final Aug 2018 - PKS Automation/Common/Workflow Owner Finder' successfully

2018-12-04 10:33:17 - [TEST_CASE][PASSED] - Test Cases/Final Aug 2018 - PKS Automation/Common/Workflow Owner Finder: Test Cases/Final Aug 2018 - PKS Automation/Common/Workflow Owner Finder

2018-12-04 10:33:17 - [TEST_STEP][PASSED] - openBrowser: Browser is opened with url: ''

2018-12-04 10:33:17 - [MESSAGE][WARNING] - A browser is already opened. Closing browser and opening a new one

2018-12-04 10:33:20 - [MESSAGE][PASSED] - Browser is opened with url: ''

2018-12-04 10:33:20 - [TEST_STEP][PASSED] - navigateToUrl: Navigate to 'https://assist2-uat.perkeso.gov.my/login' successfully

2018-12-04 10:33:21 - [MESSAGE][PASSED] - Navigate to 'https://assist2-uat.perkeso.gov.my/login' successfully

2018-12-04 10:33:21 - [TEST_STEP][PASSED] - delay: Delayed 5 second(s)

2018-12-04 10:33:26 - [MESSAGE][PASSED] - Delayed 5 second(s)

2018-12-04 10:33:26 - [TEST_STEP][PASSED] - setText: Text 'test@liferay.com' is set on object 'Object Repository/Final Object Repo/Login Page/Internal User/Email Address'

2018-12-04 10:33:27 - [MESSAGE][PASSED] - Text 'test@liferay.com' is set on object 'Object Repository/Final Object Repo/Login Page/Internal User/Email Address'

2018-12-04 10:33:27 - [TEST_STEP][PASSED] - click: Object: 'Object Repository/Final Object Repo/Login Page/Internal User/Next Button' is clicked on

2018-12-04 10:33:27 - [MESSAGE][PASSED] - Object: 'Object Repository/Final Object Repo/Login Page/Internal User/Next Button' is clicked on

2018-12-04 10:33:27 - [TEST_STEP][PASSED] - delay: Delayed 2 second(s)

2018-12-04 10:33:29 - [MESSAGE][PASSED] - Delayed 2 second(s)

2018-12-04 10:33:29 - [TEST_STEP][PASSED] - setText: Text 'test' is set on object 'Object Repository/Final Object Repo/Login Page/Internal User/Password'

2018-12-04 10:33:29 - [MESSAGE][PASSED] - Text 'test' is set on object 'Object Repository/Final Object Repo/Login Page/Internal User/Password'

2018-12-04 10:33:29 - [TEST_STEP][PASSED] - delay: Delayed 2 second(s)

2018-12-04 10:33:31 - [MESSAGE][PASSED] - Delayed 2 second(s)

2018-12-04 10:33:31 - [TEST_STEP][PASSED] - click: Object: 'Object Repository/Final Object Repo/Login Page/Internal User/Login Button' is clicked on

2018-12-04 10:33:31 - [MESSAGE][PASSED] - Object: 'Object Repository/Final Object Repo/Login Page/Internal User/Login Button' is clicked on

2018-12-04 10:33:31 - [TEST_STEP][PASSED] - Statement - tester = com.kms.katalon.core.testobject.ObjectRepository.findTestObject(Final Object Repo/Landing Page/Select to English): Finding Test Object with id 'Object Repository/Final Object Repo/Landing Page/Select to English'

2018-12-04 10:33:31 - [TEST_STEP][PASSED] - Statement - Try: Delayed 2 second(s)

2018-12-04 10:33:31 - [TEST_STEP][PASSED] - Statement - Checker = com.kms.katalon.core.webui.keyword.WebUiBuiltInKeywords.verifyElementNotPresent(tester, 3): Web element with id: 'Object Repository/Final Object Repo/Landing Page/Select to English' located by 'By.xpath: //a[@class = 'taglib-language-list-text' and @lang = 'en-US' and (contains(text(), 'EN') or contains(., 'EN'))]' is not present after '3' second(s)

2018-12-04 10:33:33 - [MESSAGE][PASSED] - Web element with id: 'Object Repository/Final Object Repo/Landing Page/Select to English' located by 'By.xpath: //a[@class = 'taglib-language-list-text' and @lang = 'en-US' and (contains(text(), 'EN') or contains(., 'EN'))]' is not present after '3' second(s)

2018-12-04 10:33:33 - [TEST_STEP][PASSED] - Statement - If (Checker == false): null

2018-12-04 10:33:33 - [TEST_STEP][PASSED] - delay: Delayed 2 second(s)

2018-12-04 10:33:35 - [MESSAGE][PASSED] - Delayed 2 second(s)

2018-12-04 10:33:35 - [TEST_STEP][PASSED] - delay: Delayed 5 second(s)

2018-12-04 10:33:40 - [MESSAGE][PASSED] - Delayed 5 second(s)

2018-12-04 10:33:40 - [TEST_STEP][PASSED] - mouseOver: Object: 'Object Repository/Final Object Repo/Landing Page/WorkFlow Menu' is hovered

2018-12-04 10:33:40 - [MESSAGE][PASSED] - Object: 'Object Repository/Final Object Repo/Landing Page/WorkFlow Menu' is hovered

2018-12-04 10:33:40 - [TEST_STEP][PASSED] - delay: Delayed 2 second(s)

2018-12-04 10:33:42 - [MESSAGE][PASSED] - Delayed 2 second(s)

2018-12-04 10:33:42 - [TEST_STEP][PASSED] - click: Object: 'Object Repository/Final Object Repo/Landing Page/Select to Workflow Listing' is clicked on

2018-12-04 10:33:44 - [MESSAGE][PASSED] - Object: 'Object Repository/Final Object Repo/Landing Page/Select to Workflow Listing' is clicked on

2018-12-04 10:33:44 - [TEST_STEP][PASSED] - delay: Delayed 2 second(s)

2018-12-04 10:33:46 - [MESSAGE][PASSED] - Delayed 2 second(s)

2018-12-04 10:33:46 - [TEST_STEP][PASSED] - click: Object: 'Object Repository/Final Object Repo/WorkFlow Listing Page/Search Information - To Put Ref No' is clicked on

2018-12-04 10:33:46 - [MESSAGE][PASSED] - Object: 'Object Repository/Final Object Repo/WorkFlow Listing Page/Search Information - To Put Ref No' is clicked on

2018-12-04 10:33:46 - [TEST_STEP][PASSED] - delay: Delayed 2 second(s)

2018-12-04 10:33:48 - [MESSAGE][PASSED] - Delayed 2 second(s)

2018-12-04 10:33:48 - [TEST_STEP][PASSED] - callTestCase: Call Test Case 'Test Cases/Final Aug 2018 - PKS Automation/Common/Reference Number Getter' successfully

2018-12-04 10:33:48 - [TEST_CASE][PASSED] - Test Cases/Final Aug 2018 - PKS Automation/Common/Reference Number Getter: Test Cases/Final Aug 2018 - PKS Automation/Common/Reference Number Getter

2018-12-04 10:33:48 - [TEST_STEP][PASSED] - Statement - Try: null

2018-12-04 10:33:48 - [TEST_STEP][PASSED] - Statement - RefNo = new java.io.File(C://Users//Admin//Desktop//PKS//Automation Reference Point//KatalonReference.txt): null

2018-12-04 10:33:48 - [TEST_STEP][PASSED] - Statement - bufferread = new java.io.BufferedReader(new java.io.FileReader(RefNo)): null

2018-12-04 10:33:48 - [TEST_STEP][PASSED] - Statement - readedVal = bufferread.readLine(): null

2018-12-04 10:33:48 - [TEST_STEP][PASSED] - Statement - out.println(CaseReferenceNo): null

2018-12-04 10:33:48 - [TEST_STEP][PASSED] - Statement - out.println(readedVal): null

2018-12-04 10:33:48 - [TEST_STEP][PASSED] - Statement - CaseReferenceNo = "": null

2018-12-04 10:33:48 - [TEST_STEP][PASSED] - Statement - CaseReferenceNo = readedVal: null

2018-12-04 10:33:48 - [MESSAGE][PASSED] - Call Test Case 'Test Cases/Final Aug 2018 - PKS Automation/Common/Reference Number Getter' successfully

2018-12-04 10:33:48 - [TEST_STEP][PASSED] - setText: Text 'CRN12201800122967' is set on object 'Object Repository/Final Object Repo/WorkFlow Listing Page/Ref No Set Text'

2018-12-04 10:33:48 - [MESSAGE][PASSED] - Text 'CRN12201800122967' is set on object 'Object Repository/Final Object Repo/WorkFlow Listing Page/Ref No Set Text'

2018-12-04 10:33:48 - [TEST_STEP][PASSED] - delay: Delayed 2 second(s)

2018-12-04 10:33:50 - [MESSAGE][PASSED] - Delayed 2 second(s)

2018-12-04 10:33:50 - [TEST_STEP][PASSED] - click: Object: 'Object Repository/Final Object Repo/WorkFlow Listing Page/Search Ref No Search Button' is clicked on

2018-12-04 10:33:51 - [MESSAGE][PASSED] - Object: 'Object Repository/Final Object Repo/WorkFlow Listing Page/Search Ref No Search Button' is clicked on

2018-12-04 10:33:51 - [TEST_STEP][PASSED] - delay: Delayed 6 second(s)

2018-12-04 10:33:57 - [MESSAGE][PASSED] - Delayed 6 second(s)

2018-12-04 10:33:57 - [TEST_STEP][PASSED] - click: Object: 'Object Repository/Final Object Repo/WorkFlow Listing Page/Click Continue Tooltip' is clicked on

2018-12-04 10:33:58 - [MESSAGE][PASSED] - Object: 'Object Repository/Final Object Repo/WorkFlow Listing Page/Click Continue Tooltip' is clicked on

2018-12-04 10:33:58 - [TEST_STEP][PASSED] - delay: Delayed 5 second(s)

2018-12-04 10:34:03 - [MESSAGE][PASSED] - Delayed 5 second(s)

2018-12-04 10:34:03 - [TEST_STEP][PASSED] - doubleClick: Object: 'Object Repository/Final Object Repo/WorkFlow Listing Page/Workflow Found - Listing 1' is double clicked on

2018-12-04 10:34:03 - [MESSAGE][PASSED] - Object: 'Object Repository/Final Object Repo/WorkFlow Listing Page/Workflow Found - Listing 1' is double clicked on

2018-12-04 10:34:03 - [TEST_STEP][PASSED] - Statement - println(OwnerID): null

2018-12-04 10:34:03 - [TEST_STEP][PASSED] - Statement - OwnerID = com.kms.katalon.core.webui.keyword.WebUiBuiltInKeywords.getText(com.kms.katalon.core.testobject.ObjectRepository.findTestObject(Final Object Repo/WorkFlow Listing Page/Workflow Found - Listing 1), STOP_ON_FAILURE): Text of object 'Object Repository/Final Object Repo/WorkFlow Listing Page/Workflow Found - Listing 1' is: 'JOHORro1'

2018-12-04 10:34:03 - [MESSAGE][PASSED] - Text of object 'Object Repository/Final Object Repo/WorkFlow Listing Page/Workflow Found - Listing 1' is: 'JOHORro1'

2018-12-04 10:34:03 - [TEST_STEP][PASSED] - Statement - OwnerID = OwnerID.toLowerCase() + "@gmail.com": null

2018-12-04 10:34:03 - [TEST_STEP][PASSED] - Statement - println(OwnerID): null

2018-12-04 10:34:03 - [TEST_STEP][PASSED] - delay: Delayed 2 second(s)

2018-12-04 10:34:05 - [MESSAGE][PASSED] - Delayed 2 second(s)

2018-12-04 10:34:05 - [MESSAGE][PASSED] - Call Test Case 'Test Cases/Final Aug 2018 - PKS Automation/Common/Workflow Owner Finder' successfully

2018-12-04 10:34:05 - [TEST_STEP][PASSED] - callTestCase: Call Test Case 'Test Cases/Final Aug 2018 - PKS Automation/Registration Module/Log Out/log out avoiding katalon tagging' successfully

2018-12-04 10:34:05 - [TEST_CASE][PASSED] - Test Cases/Final Aug 2018 - PKS Automation/Registration Module/Log Out/log out avoiding katalon tagging: Test Cases/Final Aug 2018 - PKS Automation/Registration Module/Log Out/log out avoiding katalon tagging

2018-12-04 10:34:05 - [TEST_STEP][PASSED] - navigateToUrl: Navigate to 'https://assist2-uat.perkeso.gov.my/c/portal/logout' successfully

2018-12-04 10:34:06 - [MESSAGE][PASSED] - Navigate to 'https://assist2-uat.perkeso.gov.my/c/portal/logout' successfully

2018-12-04 10:34:06 - [MESSAGE][PASSED] - Call Test Case 'Test Cases/Final Aug 2018 - PKS Automation/Registration Module/Log Out/log out avoiding katalon tagging' successfully

2018-12-04 10:34:06 - [TEST_STEP][PASSED] - delay: Delayed 2 second(s)

2018-12-04 10:34:08 - [MESSAGE][PASSED] - Delayed 2 second(s)

2018-12-04 10:34:08 - [TEST_STEP][PASSED] - setText: Text 'johorro1@gmail.com' is set on object 'Object Repository/Final Object Repo/New Registration - Registration Module Pages/New Reg - OTC to RO/Special Case - All Related Objects/Email TextBox'

2018-12-04 10:34:08 - [MESSAGE][PASSED] - Text 'johorro1@gmail.com' is set on object 'Object Repository/Final Object Repo/New Registration - Registration Module Pages/New Reg - OTC to RO/Special Case - All Related Objects/Email TextBox'

2018-12-04 10:34:08 - [TEST_STEP][PASSED] - click: Object: 'Object Repository/Final Object Repo/New Registration - Registration Module Pages/New Reg - OTC to RO/Special Case - All Related Objects/Next Button' is clicked on

2018-12-04 10:34:09 - [MESSAGE][PASSED] - Object: 'Object Repository/Final Object Repo/New Registration - Registration Module Pages/New Reg - OTC to RO/Special Case - All Related Objects/Next Button' is clicked on

2018-12-04 10:34:09 - [TEST_STEP][PASSED] - delay: Delayed 2 second(s)

2018-12-04 10:34:11 - [MESSAGE][PASSED] - Delayed 2 second(s)

2018-12-04 10:34:11 - [TEST_STEP][PASSED] - setText: Text 'Test1@3456789' is set on object 'Object Repository/Final Object Repo/New Registration - Registration Module Pages/New Reg - OTC to RO/Special Case - All Related Objects/Password TextBox'

2018-12-04 10:34:11 - [MESSAGE][PASSED] - Text 'Test1@3456789' is set on object 'Object Repository/Final Object Repo/New Registration - Registration Module Pages/New Reg - OTC to RO/Special Case - All Related Objects/Password TextBox'

2018-12-04 10:34:11 - [TEST_STEP][PASSED] - delay: Delayed 2 second(s)

2018-12-04 10:34:13 - [MESSAGE][PASSED] - Delayed 2 second(s)

2018-12-04 10:34:13 - [TEST_STEP][PASSED] - click: Object: 'Object Repository/Final Object Repo/New Registration - Registration Module Pages/New Reg - OTC to RO/Special Case - All Related Objects/Login Button' is clicked on

2018-12-04 10:34:13 - [MESSAGE][PASSED] - Object: 'Object Repository/Final Object Repo/New Registration - Registration Module Pages/New Reg - OTC to RO/Special Case - All Related Objects/Login Button' is clicked on

2018-12-04 10:34:13 - [TEST_STEP][PASSED] - delay: Delayed 2 second(s)

2018-12-04 10:34:15 - [MESSAGE][PASSED] - Delayed 2 second(s)

2018-12-04 10:34:15 - [TEST_STEP][PASSED] - Statement - Try: null

2018-12-04 10:34:15 - [TEST_STEP][PASSED] - Statement - Checker = com.kms.katalon.core.webui.keyword.WebUiBuiltInKeywords.verifyElementNotPresent("Final Object Repo/Landing Page/Select to English", 3): null

2018-12-04 10:34:15 - [TEST_STEP][PASSED] - Statement - Catch (Exception e): null

2018-12-04 10:34:15 - [TEST_STEP][PASSED] - Statement - e.printStackTrace(): null

2018-12-04 10:34:15 - [TEST_STEP][PASSED] - click: Object: 'Object Repository/Final Object Repo/New Registration - Registration Module Pages/New Reg - OTC to RO/Special Case - All Related Objects/Expand to Search' is clicked on

2018-12-04 10:34:15 - [MESSAGE][PASSED] - Object: 'Object Repository/Final Object Repo/New Registration - Registration Module Pages/New Reg - OTC to RO/Special Case - All Related Objects/Expand to Search' is clicked on

2018-12-04 10:34:15 - [TEST_STEP][PASSED] - setText: Text 'CRN12201800122967' is set on object 'Object Repository/Final Object Repo/New Registration - Registration Module Pages/New Reg - OTC to RO/Special Case - All Related Objects/TextBox RefNo in Workbasket'

2018-12-04 10:34:16 - [MESSAGE][PASSED] - Text 'CRN12201800122967' is set on object 'Object Repository/Final Object Repo/New Registration - Registration Module Pages/New Reg - OTC to RO/Special Case - All Related Objects/TextBox RefNo in Workbasket'

2018-12-04 10:34:16 - [TEST_STEP][PASSED] - delay: Delayed 2 second(s)

2018-12-04 10:34:18 - [MESSAGE][PASSED] - Delayed 2 second(s)

2018-12-04 10:34:18 - [TEST_STEP][PASSED] - click: Object: 'Object Repository/Final Object Repo/New Registration - Registration Module Pages/New Reg - OTC to RO/Special Case - All Related Objects/Click Search' is clicked on

2018-12-04 10:34:18 - [MESSAGE][PASSED] - Object: 'Object Repository/Final Object Repo/New Registration - Registration Module Pages/New Reg - OTC to RO/Special Case - All Related Objects/Click Search' is clicked on

2018-12-04 10:34:18 - [TEST_STEP][PASSED] - delay: Delayed 2 second(s)

2018-12-04 10:34:20 - [MESSAGE][PASSED] - Delayed 2 second(s)

2018-12-04 10:34:20 - [TEST_STEP][PASSED] - click: Object: 'Object Repository/Final Object Repo/New Registration - Registration Module Pages/New Reg - OTC to RO/Special Case - All Related Objects/Click to Continue Workflow' is clicked on

2018-12-04 10:34:23 - [MESSAGE][PASSED] - Object: 'Object Repository/Final Object Repo/New Registration - Registration Module Pages/New Reg - OTC to RO/Special Case - All Related Objects/Click to Continue Workflow' is clicked on

2018-12-04 10:34:23 - [TEST_STEP][PASSED] - delay: Delayed 2 second(s)

2018-12-04 10:34:25 - [MESSAGE][PASSED] - Delayed 2 second(s)

2018-12-04 10:34:25 - [TEST_STEP][PASSED] - click: Object: 'Object Repository/Final Object Repo/New Registration - Registration Module Pages/New Reg - OTC to RO/Special Case - All Related Objects/Continue Button in verifying case' is clicked on

2018-12-04 10:34:27 - [MESSAGE][PASSED] - Object: 'Object Repository/Final Object Repo/New Registration - Registration Module Pages/New Reg - OTC to RO/Special Case - All Related Objects/Continue Button in verifying case' is clicked on

2018-12-04 10:34:27 - [TEST_STEP][PASSED] - delay: Delayed 2 second(s)

2018-12-04 10:34:29 - [MESSAGE][PASSED] - Delayed 2 second(s)

2018-12-04 10:34:29 - [TEST_STEP][PASSED] - click: Object: 'Object Repository/Final Object Repo/New Registration - Registration Module Pages/Form 1/Registered As a Branch - Yes' is clicked on

2018-12-04 10:34:30 - [MESSAGE][PASSED] - Object: 'Object Repository/Final Object Repo/New Registration - Registration Module Pages/Form 1/Registered As a Branch - Yes' is clicked on

2018-12-04 10:34:30 - [TEST_STEP][PASSED] - delay: Delayed 2 second(s)

2018-12-04 10:34:32 - [MESSAGE][PASSED] - Delayed 2 second(s)

2018-12-04 10:34:32 - [TEST_STEP][PASSED] - click: Object: 'Object Repository/Final Object Repo/New Registration - Registration Module Pages/New Reg - OTC to RO/Special Case - All Related Objects/Form 1 Save n Continue' is clicked on

2018-12-04 10:34:32 - [MESSAGE][PASSED] - Object: 'Object Repository/Final Object Repo/New Registration - Registration Module Pages/New Reg - OTC to RO/Special Case - All Related Objects/Form 1 Save n Continue' is clicked on

2018-12-04 10:34:32 - [TEST_STEP][PASSED] - delay: Delayed 2 second(s)

2018-12-04 10:34:34 - [MESSAGE][PASSED] - Delayed 2 second(s)

2018-12-04 10:34:34 - [TEST_STEP][PASSED] - click: Object: 'Object Repository/Final Object Repo/New Registration - Registration Module Pages/New Reg - OTC to RO/Special Case - All Related Objects/Form 2 Save n Continue' is clicked on

2018-12-04 10:34:34 - [MESSAGE][PASSED] - Object: 'Object Repository/Final Object Repo/New Registration - Registration Module Pages/New Reg - OTC to RO/Special Case - All Related Objects/Form 2 Save n Continue' is clicked on

2018-12-04 10:34:34 - [TEST_STEP][PASSED] - delay: Delayed 2 second(s)

2018-12-04 10:34:36 - [MESSAGE][PASSED] - Delayed 2 second(s)

2018-12-04 10:34:36 - [TEST_STEP][PASSED] - click: Object: 'Object Repository/Final Object Repo/New Registration - Registration Module Pages/New Reg - OTC to RO/Special Case - All Related Objects/Third Screen Save n Continue' is clicked on

2018-12-04 10:34:41 - [MESSAGE][PASSED] - Object: 'Object Repository/Final Object Repo/New Registration - Registration Module Pages/New Reg - OTC to RO/Special Case - All Related Objects/Third Screen Save n Continue' is clicked on

2018-12-04 10:34:41 - [TEST_STEP][PASSED] - delay: Delayed 5 second(s)

2018-12-04 10:34:46 - [MESSAGE][PASSED] - Delayed 5 second(s)

2018-12-04 10:34:46 - [TEST_STEP][PASSED] - setText: Text 'Query case' is set on object 'Object Repository/Final Object Repo/New Registration - Registration Module Pages/New Reg - OTC to RO/Special Case - All Related Objects/Query Text Input'

2018-12-04 10:34:47 - [MESSAGE][PASSED] - Text 'Query case' is set on object 'Object Repository/Final Object Repo/New Registration - Registration Module Pages/New Reg - OTC to RO/Special Case - All Related Objects/Query Text Input'

2018-12-04 10:34:47 - [TEST_STEP][PASSED] - delay: Delayed 5 second(s)

2018-12-04 10:34:52 - [MESSAGE][PASSED] - Delayed 5 second(s)

2018-12-04 10:34:52 - [TEST_STEP][PASSED] - click: Object: 'Object Repository/Final Object Repo/New Registration - Registration Module Pages/New Reg - OTC to RO/Special Case - All Related Objects/Upload Doc Page Save n Continue' is clicked on

2018-12-04 10:34:52 - [MESSAGE][PASSED] - Object: 'Object Repository/Final Object Repo/New Registration - Registration Module Pages/New Reg - OTC to RO/Special Case - All Related Objects/Upload Doc Page Save n Continue' is clicked on

2018-12-04 10:34:52 - [TEST_STEP][PASSED] - click: Object: 'Object Repository/Final Object Repo/New Registration - Registration Module Pages/New Reg - OTC to RO/Special Case - All Related Objects/Query Button' is clicked on

2018-12-04 10:34:57 - [MESSAGE][PASSED] - Object: 'Object Repository/Final Object Repo/New Registration - Registration Module Pages/New Reg - OTC to RO/Special Case - All Related Objects/Query Button' is clicked on

2018-12-04 10:34:57 - [TEST_STEP][PASSED] - click: Object: 'Object Repository/Final Object Repo/New Registration - Registration Module Pages/New Reg - OTC to RO/Special Case - All Related Objects/Confirm to Query' is clicked on

2018-12-04 10:34:57 - [MESSAGE][PASSED] - Object: 'Object Repository/Final Object Repo/New Registration - Registration Module Pages/New Reg - OTC to RO/Special Case - All Related Objects/Confirm to Query' is clicked on

2018-12-04 10:34:57 - [TEST_STEP][PASSED] - callTestCase: Call Test Case 'Test Cases/Final Aug 2018 - PKS Automation/Registration Module/Log Out/log out avoiding katalon tagging' successfully

2018-12-04 10:34:57 - [TEST_CASE][PASSED] - Test Cases/Final Aug 2018 - PKS Automation/Registration Module/Log Out/log out avoiding katalon tagging: Test Cases/Final Aug 2018 - PKS Automation/Registration Module/Log Out/log out avoiding katalon tagging

2018-12-04 10:34:57 - [TEST_STEP][PASSED] - navigateToUrl: Navigate to 'https://assist2-uat.perkeso.gov.my/c/portal/logout' successfully

2018-12-04 10:35:05 - [MESSAGE][PASSED] - Navigate to 'https://assist2-uat.perkeso.gov.my/c/portal/logout' successfully

2018-12-04 10:35:05 - [MESSAGE][PASSED] - Call Test Case 'Test Cases/Final Aug 2018 - PKS Automation/Registration Module/Log Out/log out avoiding katalon tagging' successfully

2018-12-04 10:35:05 - [TEST_STEP][PASSED] - delay: Delayed 2 second(s)

2018-12-04 10:35:07 - [MESSAGE][PASSED] - Delayed 2 second(s)

2018-12-04 10:35:07 - [TEST_STEP][PASSED] - setText: Text 'klotc2@gmail.com' is set on object 'Object Repository/Final Object Repo/Login Page/Internal User/Email Address'

2018-12-04 10:35:07 - [MESSAGE][PASSED] - Text 'klotc2@gmail.com' is set on object 'Object Repository/Final Object Repo/Login Page/Internal User/Email Address'

2018-12-04 10:35:07 - [TEST_STEP][PASSED] - click: Object: 'Object Repository/Final Object Repo/Login Page/Internal User/Next Button' is clicked on

2018-12-04 10:35:08 - [MESSAGE][PASSED] - Object: 'Object Repository/Final Object Repo/Login Page/Internal User/Next Button' is clicked on

2018-12-04 10:35:08 - [TEST_STEP][PASSED] - delay: Delayed 2 second(s)

2018-12-04 10:35:10 - [MESSAGE][PASSED] - Delayed 2 second(s)

2018-12-04 10:35:10 - [TEST_STEP][PASSED] - setText: Text 'Test1@3456789' is set on object 'Object Repository/Final Object Repo/Login Page/Internal User/Password'

2018-12-04 10:35:10 - [MESSAGE][PASSED] - Text 'Test1@3456789' is set on object 'Object Repository/Final Object Repo/Login Page/Internal User/Password'

2018-12-04 10:35:10 - [TEST_STEP][PASSED] - delay: Delayed 2 second(s)

2018-12-04 10:35:12 - [MESSAGE][PASSED] - Delayed 2 second(s)

2018-12-04 10:35:12 - [TEST_STEP][PASSED] - click: Object: 'Object Repository/Final Object Repo/Login Page/Internal User/Login Button' is clicked on

2018-12-04 10:35:12 - [MESSAGE][PASSED] - Object: 'Object Repository/Final Object Repo/Login Page/Internal User/Login Button' is clicked on

2018-12-04 10:35:12 - [TEST_STEP][PASSED] - delay: Delayed 2 second(s)

2018-12-04 10:35:14 - [MESSAGE][PASSED] - Delayed 2 second(s)

2018-12-04 10:35:14 - [TEST_STEP][PASSED] - Statement - Try: null

2018-12-04 10:35:14 - [TEST_STEP][PASSED] - Statement - Checker = com.kms.katalon.core.webui.keyword.WebUiBuiltInKeywords.verifyElementNotPresent("PKS_SIP_Updated_RegModule/Attempt/Page_MyASSIST - ASSIST/Select to English", 3): null

2018-12-04 10:35:14 - [TEST_STEP][PASSED] - Statement - Catch (Exception e): null

2018-12-04 10:35:14 - [TEST_STEP][PASSED] - Statement - e.printStackTrace(): null

2018-12-04 10:35:14 - [TEST_STEP][PASSED] - delay: Delayed 4 second(s)

2018-12-04 10:35:18 - [MESSAGE][PASSED] - Delayed 4 second(s)

2018-12-04 10:35:18 - [TEST_STEP][PASSED] - click: Object: 'Object Repository/Final Object Repo/Landing Page/My Sites Drop Down' is clicked on

2018-12-04 10:35:18 - [MESSAGE][PASSED] - Object: 'Object Repository/Final Object Repo/Landing Page/My Sites Drop Down' is clicked on

2018-12-04 10:35:18 - [TEST_STEP][PASSED] - click: Object: 'Object Repository/Final Object Repo/Landing Page/Select to Registration Module' is clicked on

2018-12-04 10:35:19 - [MESSAGE][PASSED] - Object: 'Object Repository/Final Object Repo/Landing Page/Select to Registration Module' is clicked on

2018-12-04 10:35:19 - [TEST_STEP][PASSED] - delay: Delayed 2 second(s)

2018-12-04 10:35:21 - [MESSAGE][PASSED] - Delayed 2 second(s)

2018-12-04 10:35:21 - [TEST_STEP][PASSED] - mouseOver: Object: 'Object Repository/Final Object Repo/New Registration - Registration Module Pages/New Reg - OTC to RO/Special Case - All Related Objects/Hover Over Search Drop Down' is hovered

2018-12-04 10:35:21 - [MESSAGE][PASSED] - Object: 'Object Repository/Final Object Repo/New Registration - Registration Module Pages/New Reg - OTC to RO/Special Case - All Related Objects/Hover Over Search Drop Down' is hovered

2018-12-04 10:35:21 - [TEST_STEP][PASSED] - click: Object: 'Object Repository/Final Object Repo/New Registration - Registration Module Pages/New Reg - OTC to RO/Special Case - All Related Objects/Select Search Pending Case' is clicked on

2018-12-04 10:35:22 - [MESSAGE][PASSED] - Object: 'Object Repository/Final Object Repo/New Registration - Registration Module Pages/New Reg - OTC to RO/Special Case - All Related Objects/Select Search Pending Case' is clicked on

2018-12-04 10:35:22 - [TEST_STEP][PASSED] - click: Object: 'Object Repository/Final Object Repo/New Registration - Registration Module Pages/New Reg - OTC to RO/Special Case - All Related Objects/Select Searching Method (Employer Code)' is clicked on

2018-12-04 10:35:22 - [MESSAGE][PASSED] - Object: 'Object Repository/Final Object Repo/New Registration - Registration Module Pages/New Reg - OTC to RO/Special Case - All Related Objects/Select Searching Method (Employer Code)' is clicked on

2018-12-04 10:35:22 - [TEST_STEP][PASSED] - click: Object: 'Object Repository/Final Object Repo/New Registration - Registration Module Pages/New Reg - OTC to RO/Special Case - All Related Objects/Select Searching Method to Reference ID' is clicked on

2018-12-04 10:35:23 - [MESSAGE][PASSED] - Object: 'Object Repository/Final Object Repo/New Registration - Registration Module Pages/New Reg - OTC to RO/Special Case - All Related Objects/Select Searching Method to Reference ID' is clicked on

2018-12-04 10:35:23 - [TEST_STEP][PASSED] - setText: Text 'CRN12201800122967' is set on object 'Object Repository/Final Object Repo/New Registration - Registration Module Pages/New Reg - OTC to RO/Special Case - All Related Objects/Pending Case Ref NO'

2018-12-04 10:35:23 - [MESSAGE][PASSED] - Text 'CRN12201800122967' is set on object 'Object Repository/Final Object Repo/New Registration - Registration Module Pages/New Reg - OTC to RO/Special Case - All Related Objects/Pending Case Ref NO'

2018-12-04 10:35:23 - [TEST_STEP][PASSED] - click: Object: 'Object Repository/Final Object Repo/New Registration - Registration Module Pages/New Reg - OTC to RO/Special Case - All Related Objects/Search Pending Case Based on Ref No' is clicked on

2018-12-04 10:35:23 - [MESSAGE][PASSED] - Object: 'Object Repository/Final Object Repo/New Registration - Registration Module Pages/New Reg - OTC to RO/Special Case - All Related Objects/Search Pending Case Based on Ref No' is clicked on

2018-12-04 10:35:23 - [TEST_STEP][PASSED] - click: Object: 'Object Repository/Final Object Repo/New Registration - Registration Module Pages/New Reg - OTC to RO/Special Case - All Related Objects/Action Button after found case' is clicked on

2018-12-04 10:35:26 - [MESSAGE][PASSED] - Object: 'Object Repository/Final Object Repo/New Registration - Registration Module Pages/New Reg - OTC to RO/Special Case - All Related Objects/Action Button after found case' is clicked on

2018-12-04 10:35:26 - [TEST_STEP][PASSED] - click: Object: 'Object Repository/Final Object Repo/New Registration - Registration Module Pages/New Reg - OTC to RO/Special Case - All Related Objects/Next Button in Pending Case Form 1' is clicked on

2018-12-04 10:35:27 - [MESSAGE][PASSED] - Object: 'Object Repository/Final Object Repo/New Registration - Registration Module Pages/New Reg - OTC to RO/Special Case - All Related Objects/Next Button in Pending Case Form 1' is clicked on

2018-12-04 10:35:27 - [TEST_STEP][PASSED] - click: Object: 'Object Repository/Final Object Repo/New Registration - Registration Module Pages/New Reg - OTC to RO/Special Case - All Related Objects/Next Button in Pending Case Form 2' is clicked on

2018-12-04 10:35:28 - [MESSAGE][PASSED] - Object: 'Object Repository/Final Object Repo/New Registration - Registration Module Pages/New Reg - OTC to RO/Special Case - All Related Objects/Next Button in Pending Case Form 2' is clicked on

2018-12-04 10:35:28 - [TEST_STEP][PASSED] - click: Object: 'Object Repository/Final Object Repo/New Registration - Registration Module Pages/New Reg - OTC to RO/Special Case - All Related Objects/Next Button in Third Screen' is clicked on

2018-12-04 10:35:31 - [MESSAGE][PASSED] - Object: 'Object Repository/Final Object Repo/New Registration - Registration Module Pages/New Reg - OTC to RO/Special Case - All Related Objects/Next Button in Third Screen' is clicked on

2018-12-04 10:35:31 - [TEST_STEP][PASSED] - click: Object: 'Object Repository/Final Object Repo/New Registration - Registration Module Pages/New Reg - OTC to RO/Special Case - All Related Objects/Add Document for Pending Case' is clicked on

2018-12-04 10:35:31 - [MESSAGE][PASSED] - Object: 'Object Repository/Final Object Repo/New Registration - Registration Module Pages/New Reg - OTC to RO/Special Case - All Related Objects/Add Document for Pending Case' is clicked on

2018-12-04 10:35:31 - [TEST_STEP][PASSED] - delay: Delayed 2 second(s)

2018-12-04 10:35:33 - [MESSAGE][PASSED] - Delayed 2 second(s)

2018-12-04 10:35:33 - [TEST_STEP][PASSED] - click: Object: 'Object Repository/Final Object Repo/New Registration - Registration Module Pages/New Reg - OTC to RO/Special Case - All Related Objects/Upload Pending Doc - Please Select' is clicked on

2018-12-04 10:35:35 - [MESSAGE][PASSED] - Object: 'Object Repository/Final Object Repo/New Registration - Registration Module Pages/New Reg - OTC to RO/Special Case - All Related Objects/Upload Pending Doc - Please Select' is clicked on

2018-12-04 10:35:35 - [TEST_STEP][PASSED] - click: Object: 'Object Repository/Final Object Repo/New Registration - Registration Module Pages/New Reg - OTC to RO/Special Case - All Related Objects/Select to Others to Upload' is clicked on

2018-12-04 10:35:35 - [MESSAGE][PASSED] - Object: 'Object Repository/Final Object Repo/New Registration - Registration Module Pages/New Reg - OTC to RO/Special Case - All Related Objects/Select to Others to Upload' is clicked on

2018-12-04 10:35:35 - [TEST_STEP][PASSED] - delay: Delayed 2 second(s)

2018-12-04 10:35:37 - [MESSAGE][PASSED] - Delayed 2 second(s)

2018-12-04 10:35:37 - [TEST_STEP][PASSED] - uploadFile: File 'C:\Users\Public\Pictures\Sample Pictures\Koala.jpg' sent to object: 'Object Repository/Final Object Repo/New Registration - Registration Module Pages/New Reg - OTC to RO/Special Case - All Related Objects/Uploading Pending Case Action'

2018-12-04 10:35:37 - [MESSAGE][PASSED] - File 'C:\Users\Public\Pictures\Sample Pictures\Koala.jpg' sent to object: 'Object Repository/Final Object Repo/New Registration - Registration Module Pages/New Reg - OTC to RO/Special Case - All Related Objects/Uploading Pending Case Action'

2018-12-04 10:35:37 - [TEST_STEP][PASSED] - click: Object: 'Object Repository/Final Object Repo/New Registration - Registration Module Pages/New Reg - OTC to RO/Special Case - All Related Objects/Inner form Add Document Button Pending Case' is clicked on

2018-12-04 10:35:37 - [MESSAGE][PASSED] - Object: 'Object Repository/Final Object Repo/New Registration - Registration Module Pages/New Reg - OTC to RO/Special Case - All Related Objects/Inner form Add Document Button Pending Case' is clicked on

2018-12-04 10:35:37 - [TEST_STEP][PASSED] - click: Object: 'Object Repository/Final Object Repo/New Registration - Registration Module Pages/New Reg - OTC to RO/Special Case - All Related Objects/Pending Case Exit' is clicked on

2018-12-04 10:35:52 - [MESSAGE][PASSED] - Object: 'Object Repository/Final Object Repo/New Registration - Registration Module Pages/New Reg - OTC to RO/Special Case - All Related Objects/Pending Case Exit' is clicked on

2018-12-04 10:35:52 - [TEST_STEP][PASSED] - callTestCase: Call Test Case 'Test Cases/Final Aug 2018 - PKS Automation/Registration Module/Log Out/log out avoiding katalon tagging' successfully

2018-12-04 10:35:52 - [TEST_CASE][PASSED] - Test Cases/Final Aug 2018 - PKS Automation/Registration Module/Log Out/log out avoiding katalon tagging: Test Cases/Final Aug 2018 - PKS Automation/Registration Module/Log Out/log out avoiding katalon tagging

2018-12-04 10:35:52 - [TEST_STEP][PASSED] - navigateToUrl: Navigate to 'https://assist2-uat.perkeso.gov.my/c/portal/logout' successfully

2018-12-04 10:35:53 - [MESSAGE][PASSED] - Navigate to 'https://assist2-uat.perkeso.gov.my/c/portal/logout' successfully

2018-12-04 10:35:53 - [MESSAGE][PASSED] - Call Test Case 'Test Cases/Final Aug 2018 - PKS Automation/Registration Module/Log Out/log out avoiding katalon tagging' successfully

2018-12-04 10:35:53 - [TEST_STEP][PASSED] - delay: Delayed 2 second(s)

2018-12-04 10:35:55 - [MESSAGE][PASSED] - Delayed 2 second(s)

2018-12-04 10:35:55 - [TEST_STEP][PASSED] - callTestCase: Call Test Case 'Test Cases/Final Aug 2018 - PKS Automation/Common/Workflow Owner Finder' successfully

2018-12-04 10:35:55 - [TEST_CASE][PASSED] - Test Cases/Final Aug 2018 - PKS Automation/Common/Workflow Owner Finder: Test Cases/Final Aug 2018 - PKS Automation/Common/Workflow Owner Finder

2018-12-04 10:35:55 - [TEST_STEP][PASSED] - openBrowser: Browser is opened with url: ''

2018-12-04 10:35:55 - [MESSAGE][WARNING] - A browser is already opened. Closing browser and opening a new one

2018-12-04 10:35:58 - [MESSAGE][PASSED] - Browser is opened with url: ''

2018-12-04 10:35:58 - [TEST_STEP][PASSED] - navigateToUrl: Navigate to 'https://assist2-uat.perkeso.gov.my/login' successfully

2018-12-04 10:35:59 - [MESSAGE][PASSED] - Navigate to 'https://assist2-uat.perkeso.gov.my/login' successfully

2018-12-04 10:35:59 - [TEST_STEP][PASSED] - delay: Delayed 5 second(s)

2018-12-04 10:36:04 - [MESSAGE][PASSED] - Delayed 5 second(s)

2018-12-04 10:36:04 - [TEST_STEP][PASSED] - setText: Text 'test@liferay.com' is set on object 'Object Repository/Final Object Repo/Login Page/Internal User/Email Address'

2018-12-04 10:36:05 - [MESSAGE][PASSED] - Text 'test@liferay.com' is set on object 'Object Repository/Final Object Repo/Login Page/Internal User/Email Address'

2018-12-04 10:36:05 - [TEST_STEP][PASSED] - click: Object: 'Object Repository/Final Object Repo/Login Page/Internal User/Next Button' is clicked on

2018-12-04 10:36:05 - [MESSAGE][PASSED] - Object: 'Object Repository/Final Object Repo/Login Page/Internal User/Next Button' is clicked on

2018-12-04 10:36:05 - [TEST_STEP][PASSED] - delay: Delayed 2 second(s)

2018-12-04 10:36:07 - [MESSAGE][PASSED] - Delayed 2 second(s)

2018-12-04 10:36:07 - [TEST_STEP][PASSED] - setText: Text 'test' is set on object 'Object Repository/Final Object Repo/Login Page/Internal User/Password'

2018-12-04 10:36:07 - [MESSAGE][PASSED] - Text 'test' is set on object 'Object Repository/Final Object Repo/Login Page/Internal User/Password'

2018-12-04 10:36:07 - [TEST_STEP][PASSED] - delay: Delayed 2 second(s)

2018-12-04 10:36:09 - [MESSAGE][PASSED] - Delayed 2 second(s)

2018-12-04 10:36:09 - [TEST_STEP][PASSED] - click: Object: 'Object Repository/Final Object Repo/Login Page/Internal User/Login Button' is clicked on

2018-12-04 10:36:09 - [MESSAGE][PASSED] - Object: 'Object Repository/Final Object Repo/Login Page/Internal User/Login Button' is clicked on

2018-12-04 10:36:09 - [TEST_STEP][PASSED] - Statement - tester = com.kms.katalon.core.testobject.ObjectRepository.findTestObject(Final Object Repo/Landing Page/Select to English): Finding Test Object with id 'Object Repository/Final Object Repo/Landing Page/Select to English'

2018-12-04 10:36:09 - [TEST_STEP][PASSED] - Statement - Try: Delayed 2 second(s)

2018-12-04 10:36:09 - [TEST_STEP][PASSED] - Statement - Checker = com.kms.katalon.core.webui.keyword.WebUiBuiltInKeywords.verifyElementNotPresent(tester, 3): Web element with id: 'Object Repository/Final Object Repo/Landing Page/Select to English' located by 'By.xpath: //a[@class = 'taglib-language-list-text' and @lang = 'en-US' and (contains(text(), 'EN') or contains(., 'EN'))]' is not present after '3' second(s)

2018-12-04 10:36:11 - [MESSAGE][PASSED] - Web element with id: 'Object Repository/Final Object Repo/Landing Page/Select to English' located by 'By.xpath: //a[@class = 'taglib-language-list-text' and @lang = 'en-US' and (contains(text(), 'EN') or contains(., 'EN'))]' is not present after '3' second(s)

2018-12-04 10:36:11 - [TEST_STEP][PASSED] - Statement - If (Checker == false): null

2018-12-04 10:36:11 - [TEST_STEP][PASSED] - delay: Delayed 2 second(s)

2018-12-04 10:36:13 - [MESSAGE][PASSED] - Delayed 2 second(s)

2018-12-04 10:36:13 - [TEST_STEP][PASSED] - delay: Delayed 5 second(s)

2018-12-04 10:36:18 - [MESSAGE][PASSED] - Delayed 5 second(s)

2018-12-04 10:36:18 - [TEST_STEP][PASSED] - mouseOver: Object: 'Object Repository/Final Object Repo/Landing Page/WorkFlow Menu' is hovered

2018-12-04 10:36:18 - [MESSAGE][PASSED] - Object: 'Object Repository/Final Object Repo/Landing Page/WorkFlow Menu' is hovered

2018-12-04 10:36:18 - [TEST_STEP][PASSED] - delay: Delayed 2 second(s)

2018-12-04 10:36:20 - [MESSAGE][PASSED] - Delayed 2 second(s)

2018-12-04 10:36:20 - [TEST_STEP][PASSED] - click: Object: 'Object Repository/Final Object Repo/Landing Page/Select to Workflow Listing' is clicked on

2018-12-04 10:36:22 - [MESSAGE][PASSED] - Object: 'Object Repository/Final Object Repo/Landing Page/Select to Workflow Listing' is clicked on

2018-12-04 10:36:22 - [TEST_STEP][PASSED] - delay: Delayed 2 second(s)

2018-12-04 10:36:24 - [MESSAGE][PASSED] - Delayed 2 second(s)

2018-12-04 10:36:24 - [TEST_STEP][PASSED] - click: Object: 'Object Repository/Final Object Repo/WorkFlow Listing Page/Search Information - To Put Ref No' is clicked on

2018-12-04 10:36:24 - [MESSAGE][PASSED] - Object: 'Object Repository/Final Object Repo/WorkFlow Listing Page/Search Information - To Put Ref No' is clicked on

2018-12-04 10:36:24 - [TEST_STEP][PASSED] - delay: Delayed 2 second(s)

2018-12-04 10:36:26 - [MESSAGE][PASSED] - Delayed 2 second(s)

2018-12-04 10:36:26 - [TEST_STEP][PASSED] - callTestCase: Call Test Case 'Test Cases/Final Aug 2018 - PKS Automation/Common/Reference Number Getter' successfully

2018-12-04 10:36:26 - [TEST_CASE][PASSED] - Test Cases/Final Aug 2018 - PKS Automation/Common/Reference Number Getter: Test Cases/Final Aug 2018 - PKS Automation/Common/Reference Number Getter

2018-12-04 10:36:26 - [TEST_STEP][PASSED] - Statement - Try: null

2018-12-04 10:36:26 - [TEST_STEP][PASSED] - Statement - RefNo = new java.io.File(C://Users//Admin//Desktop//PKS//Automation Reference Point//KatalonReference.txt): null

2018-12-04 10:36:26 - [TEST_STEP][PASSED] - Statement - bufferread = new java.io.BufferedReader(new java.io.FileReader(RefNo)): null

2018-12-04 10:36:26 - [TEST_STEP][PASSED] - Statement - readedVal = bufferread.readLine(): null

2018-12-04 10:36:26 - [TEST_STEP][PASSED] - Statement - out.println(CaseReferenceNo): null

2018-12-04 10:36:26 - [TEST_STEP][PASSED] - Statement - out.println(readedVal): null

2018-12-04 10:36:26 - [TEST_STEP][PASSED] - Statement - CaseReferenceNo = "": null

2018-12-04 10:36:26 - [TEST_STEP][PASSED] - Statement - CaseReferenceNo = readedVal: null

2018-12-04 10:36:26 - [MESSAGE][PASSED] - Call Test Case 'Test Cases/Final Aug 2018 - PKS Automation/Common/Reference Number Getter' successfully

2018-12-04 10:36:26 - [TEST_STEP][PASSED] - setText: Text 'CRN12201800122967' is set on object 'Object Repository/Final Object Repo/WorkFlow Listing Page/Ref No Set Text'

2018-12-04 10:36:26 - [MESSAGE][PASSED] - Text 'CRN12201800122967' is set on object 'Object Repository/Final Object Repo/WorkFlow Listing Page/Ref No Set Text'

2018-12-04 10:36:26 - [TEST_STEP][PASSED] - delay: Delayed 2 second(s)

2018-12-04 10:36:28 - [MESSAGE][PASSED] - Delayed 2 second(s)

2018-12-04 10:36:28 - [TEST_STEP][PASSED] - click: Object: 'Object Repository/Final Object Repo/WorkFlow Listing Page/Search Ref No Search Button' is clicked on

2018-12-04 10:36:28 - [MESSAGE][PASSED] - Object: 'Object Repository/Final Object Repo/WorkFlow Listing Page/Search Ref No Search Button' is clicked on

2018-12-04 10:36:28 - [TEST_STEP][PASSED] - delay: Delayed 6 second(s)

2018-12-04 10:36:34 - [MESSAGE][PASSED] - Delayed 6 second(s)

2018-12-04 10:36:34 - [TEST_STEP][PASSED] - click: Object: 'Object Repository/Final Object Repo/WorkFlow Listing Page/Click Continue Tooltip' is clicked on

2018-12-04 10:36:35 - [MESSAGE][PASSED] - Object: 'Object Repository/Final Object Repo/WorkFlow Listing Page/Click Continue Tooltip' is clicked on

2018-12-04 10:36:35 - [TEST_STEP][PASSED] - delay: Delayed 5 second(s)

2018-12-04 10:36:41 - [MESSAGE][PASSED] - Delayed 5 second(s)

2018-12-04 10:36:41 - [TEST_STEP][PASSED] - doubleClick: Object: 'Object Repository/Final Object Repo/WorkFlow Listing Page/Workflow Found - Listing 1' is double clicked on

2018-12-04 10:36:41 - [MESSAGE][PASSED] - Object: 'Object Repository/Final Object Repo/WorkFlow Listing Page/Workflow Found - Listing 1' is double clicked on

2018-12-04 10:36:41 - [TEST_STEP][PASSED] - Statement - println(OwnerID): null

2018-12-04 10:36:41 - [TEST_STEP][PASSED] - Statement - OwnerID = com.kms.katalon.core.webui.keyword.WebUiBuiltInKeywords.getText(com.kms.katalon.core.testobject.ObjectRepository.findTestObject(Final Object Repo/WorkFlow Listing Page/Workflow Found - Listing 1), STOP_ON_FAILURE): Text of object 'Object Repository/Final Object Repo/WorkFlow Listing Page/Workflow Found - Listing 1' is: 'JOHORro1'

2018-12-04 10:36:41 - [MESSAGE][PASSED] - Text of object 'Object Repository/Final Object Repo/WorkFlow Listing Page/Workflow Found - Listing 1' is: 'JOHORro1'

2018-12-04 10:36:41 - [TEST_STEP][PASSED] - Statement - OwnerID = OwnerID.toLowerCase() + "@gmail.com": null

2018-12-04 10:36:41 - [TEST_STEP][PASSED] - Statement - println(OwnerID): null

2018-12-04 10:36:41 - [TEST_STEP][PASSED] - delay: Delayed 2 second(s)

2018-12-04 10:36:43 - [MESSAGE][PASSED] - Delayed 2 second(s)

2018-12-04 10:36:43 - [MESSAGE][PASSED] - Call Test Case 'Test Cases/Final Aug 2018 - PKS Automation/Common/Workflow Owner Finder' successfully

2018-12-04 10:36:43 - [TEST_STEP][PASSED] - callTestCase: Call Test Case 'Test Cases/Final Aug 2018 - PKS Automation/Registration Module/Log Out/log out avoiding katalon tagging' successfully

2018-12-04 10:36:43 - [TEST_CASE][PASSED] - Test Cases/Final Aug 2018 - PKS Automation/Registration Module/Log Out/log out avoiding katalon tagging: Test Cases/Final Aug 2018 - PKS Automation/Registration Module/Log Out/log out avoiding katalon tagging

2018-12-04 10:36:43 - [TEST_STEP][PASSED] - navigateToUrl: Navigate to 'https://assist2-uat.perkeso.gov.my/c/portal/logout' successfully

2018-12-04 10:36:44 - [MESSAGE][PASSED] - Navigate to 'https://assist2-uat.perkeso.gov.my/c/portal/logout' successfully

2018-12-04 10:36:44 - [MESSAGE][PASSED] - Call Test Case 'Test Cases/Final Aug 2018 - PKS Automation/Registration Module/Log Out/log out avoiding katalon tagging' successfully

2018-12-04 10:36:44 - [TEST_STEP][PASSED] - delay: Delayed 2 second(s)

2018-12-04 10:36:46 - [MESSAGE][PASSED] - Delayed 2 second(s)

2018-12-04 10:36:46 - [TEST_STEP][PASSED] - setText: Text 'johorro1@gmail.com' is set on object 'Object Repository/Final Object Repo/Login Page/Internal User/Email Address'

2018-12-04 10:36:46 - [MESSAGE][PASSED] - Text 'johorro1@gmail.com' is set on object 'Object Repository/Final Object Repo/Login Page/Internal User/Email Address'

2018-12-04 10:36:46 - [TEST_STEP][PASSED] - click: Object: 'Object Repository/Final Object Repo/Login Page/Internal User/Next Button' is clicked on

2018-12-04 10:36:46 - [MESSAGE][PASSED] - Object: 'Object Repository/Final Object Repo/Login Page/Internal User/Next Button' is clicked on

2018-12-04 10:36:46 - [TEST_STEP][PASSED] - delay: Delayed 2 second(s)

2018-12-04 10:36:48 - [MESSAGE][PASSED] - Delayed 2 second(s)

2018-12-04 10:36:48 - [TEST_STEP][PASSED] - setText: Text 'Test1@3456789' is set on object 'Object Repository/Final Object Repo/Login Page/Internal User/Password'

2018-12-04 10:36:49 - [MESSAGE][PASSED] - Text 'Test1@3456789' is set on object 'Object Repository/Final Object Repo/Login Page/Internal User/Password'

2018-12-04 10:36:49 - [TEST_STEP][PASSED] - delay: Delayed 2 second(s)

2018-12-04 10:36:51 - [MESSAGE][PASSED] - Delayed 2 second(s)

2018-12-04 10:36:51 - [TEST_STEP][PASSED] - click: Object: 'Object Repository/Final Object Repo/Login Page/Internal User/Login Button' is clicked on

2018-12-04 10:36:51 - [MESSAGE][PASSED] - Object: 'Object Repository/Final Object Repo/Login Page/Internal User/Login Button' is clicked on

2018-12-04 10:36:51 - [TEST_STEP][PASSED] - delay: Delayed 2 second(s)

2018-12-04 10:36:53 - [MESSAGE][PASSED] - Delayed 2 second(s)

2018-12-04 10:36:53 - [TEST_STEP][PASSED] - Statement - Try: null

2018-12-04 10:36:53 - [TEST_STEP][PASSED] - Statement - Checker = com.kms.katalon.core.webui.keyword.WebUiBuiltInKeywords.verifyElementNotPresent("Final Object Repo/Landing Page/Select to English", 3): null

2018-12-04 10:36:53 - [TEST_STEP][PASSED] - Statement - Catch (Exception e): null

2018-12-04 10:36:53 - [TEST_STEP][PASSED] - Statement - e.printStackTrace(): null

2018-12-04 10:36:53 - [TEST_STEP][PASSED] - click: Object: 'Object Repository/Final Object Repo/New Registration - Registration Module Pages/New Reg - OTC to RO/Special Case - All Related Objects/Expand to Search' is clicked on

2018-12-04 10:36:53 - [MESSAGE][PASSED] - Object: 'Object Repository/Final Object Repo/New Registration - Registration Module Pages/New Reg - OTC to RO/Special Case - All Related Objects/Expand to Search' is clicked on

2018-12-04 10:36:53 - [TEST_STEP][PASSED] - callTestCase: Call Test Case 'Test Cases/Final Aug 2018 - PKS Automation/Common/Reference Number Getter' successfully

2018-12-04 10:36:53 - [TEST_CASE][PASSED] - Test Cases/Final Aug 2018 - PKS Automation/Common/Reference Number Getter: Test Cases/Final Aug 2018 - PKS Automation/Common/Reference Number Getter

2018-12-04 10:36:53 - [TEST_STEP][PASSED] - Statement - Try: null

2018-12-04 10:36:53 - [TEST_STEP][PASSED] - Statement - RefNo = new java.io.File(C://Users//Admin//Desktop//PKS//Automation Reference Point//KatalonReference.txt): null

2018-12-04 10:36:53 - [TEST_STEP][PASSED] - Statement - bufferread = new java.io.BufferedReader(new java.io.FileReader(RefNo)): null

2018-12-04 10:36:53 - [TEST_STEP][PASSED] - Statement - readedVal = bufferread.readLine(): null

2018-12-04 10:36:53 - [TEST_STEP][PASSED] - Statement - out.println(CaseReferenceNo): null

2018-12-04 10:36:53 - [TEST_STEP][PASSED] - Statement - out.println(readedVal): null

2018-12-04 10:36:53 - [TEST_STEP][PASSED] - Statement - CaseReferenceNo = "": null

2018-12-04 10:36:53 - [TEST_STEP][PASSED] - Statement - CaseReferenceNo = readedVal: null

2018-12-04 10:36:53 - [MESSAGE][PASSED] - Call Test Case 'Test Cases/Final Aug 2018 - PKS Automation/Common/Reference Number Getter' successfully

2018-12-04 10:36:53 - [TEST_STEP][PASSED] - setText: Text 'CRN12201800122967' is set on object 'Object Repository/Final Object Repo/New Registration - Registration Module Pages/New Reg - OTC to RO/Special Case - All Related Objects/TextBox RefNo in Workbasket'

2018-12-04 10:36:55 - [MESSAGE][PASSED] - Text 'CRN12201800122967' is set on object 'Object Repository/Final Object Repo/New Registration - Registration Module Pages/New Reg - OTC to RO/Special Case - All Related Objects/TextBox RefNo in Workbasket'

2018-12-04 10:36:55 - [TEST_STEP][PASSED] - delay: Delayed 2 second(s)

2018-12-04 10:36:57 - [MESSAGE][PASSED] - Delayed 2 second(s)

2018-12-04 10:36:57 - [TEST_STEP][PASSED] - click: Object: 'Object Repository/Final Object Repo/New Registration - Registration Module Pages/New Reg - OTC to RO/Special Case - All Related Objects/Click Search' is clicked on

2018-12-04 10:36:57 - [MESSAGE][PASSED] - Object: 'Object Repository/Final Object Repo/New Registration - Registration Module Pages/New Reg - OTC to RO/Special Case - All Related Objects/Click Search' is clicked on

2018-12-04 10:36:57 - [TEST_STEP][PASSED] - delay: Delayed 2 second(s)

2018-12-04 10:36:59 - [MESSAGE][PASSED] - Delayed 2 second(s)

2018-12-04 10:36:59 - [TEST_STEP][PASSED] - click: Object: 'Object Repository/Final Object Repo/New Registration - Registration Module Pages/New Reg - OTC to RO/Special Case - All Related Objects/Click to Continue Workflow' is clicked on

2018-12-04 10:37:02 - [MESSAGE][PASSED] - Object: 'Object Repository/Final Object Repo/New Registration - Registration Module Pages/New Reg - OTC to RO/Special Case - All Related Objects/Click to Continue Workflow' is clicked on

2018-12-04 10:37:02 - [TEST_STEP][PASSED] - delay: Delayed 2 second(s)

2018-12-04 10:37:04 - [MESSAGE][PASSED] - Delayed 2 second(s)

2018-12-04 10:37:04 - [TEST_STEP][PASSED] - click: Object: 'Object Repository/Final Object Repo/New Registration - Registration Module Pages/New Reg - OTC to RO/Special Case - All Related Objects/Continue Button in verifying case' is clicked on

2018-12-04 10:37:06 - [MESSAGE][PASSED] - Object: 'Object Repository/Final Object Repo/New Registration - Registration Module Pages/New Reg - OTC to RO/Special Case - All Related Objects/Continue Button in verifying case' is clicked on

2018-12-04 10:37:06 - [TEST_STEP][PASSED] - delay: Delayed 2 second(s)

2018-12-04 10:37:08 - [MESSAGE][PASSED] - Delayed 2 second(s)

2018-12-04 10:37:08 - [TEST_STEP][PASSED] - click: Object: 'Object Repository/Final Object Repo/New Registration - Registration Module Pages/New Reg - OTC to RO/Special Case - All Related Objects/Form 1 Save n Continue' is clicked on

2018-12-04 10:37:09 - [MESSAGE][PASSED] - Object: 'Object Repository/Final Object Repo/New Registration - Registration Module Pages/New Reg - OTC to RO/Special Case - All Related Objects/Form 1 Save n Continue' is clicked on

2018-12-04 10:37:09 - [TEST_STEP][PASSED] - delay: Delayed 2 second(s)

2018-12-04 10:37:11 - [MESSAGE][PASSED] - Delayed 2 second(s)

2018-12-04 10:37:11 - [TEST_STEP][PASSED] - click: Object: 'Object Repository/Final Object Repo/New Registration - Registration Module Pages/New Reg - OTC to RO/Special Case - All Related Objects/Form 2 Save n Continue' is clicked on

2018-12-04 10:37:11 - [MESSAGE][PASSED] - Object: 'Object Repository/Final Object Repo/New Registration - Registration Module Pages/New Reg - OTC to RO/Special Case - All Related Objects/Form 2 Save n Continue' is clicked on

2018-12-04 10:37:11 - [TEST_STEP][PASSED] - delay: Delayed 2 second(s)

2018-12-04 10:37:13 - [MESSAGE][PASSED] - Delayed 2 second(s)

2018-12-04 10:37:13 - [TEST_STEP][PASSED] - click: Object: 'Object Repository/Final Object Repo/New Registration - Registration Module Pages/New Reg - OTC to RO/Special Case - All Related Objects/Third Screen Save n Continue' is clicked on

2018-12-04 10:37:18 - [MESSAGE][PASSED] - Object: 'Object Repository/Final Object Repo/New Registration - Registration Module Pages/New Reg - OTC to RO/Special Case - All Related Objects/Third Screen Save n Continue' is clicked on

2018-12-04 10:37:18 - [TEST_STEP][PASSED] - delay: Delayed 5 second(s)

2018-12-04 10:37:23 - [MESSAGE][PASSED] - Delayed 5 second(s)

2018-12-04 10:37:23 - [TEST_STEP][PASSED] - click: Object: 'Object Repository/Final Object Repo/New Registration - Registration Module Pages/New Reg - OTC to RO/Special Case - All Related Objects/Upload Doc Page Save n Continue' is clicked on

2018-12-04 10:37:23 - [MESSAGE][PASSED] - Object: 'Object Repository/Final Object Repo/New Registration - Registration Module Pages/New Reg - OTC to RO/Special Case - All Related Objects/Upload Doc Page Save n Continue' is clicked on

2018-12-04 10:37:23 - [TEST_STEP][PASSED] - delay: Delayed 5 second(s)

2018-12-04 10:37:28 - [MESSAGE][PASSED] - Delayed 5 second(s)

2018-12-04 10:37:28 - [TEST_STEP][PASSED] - callTestCase: Call Test Case 'Test Cases/Final Aug 2018 - PKS Automation/Registration Module/New Registration/Submit and Screenshot/Submit Registration and Screenshot' successfully

2018-12-04 10:37:28 - [TEST_CASE][PASSED] - Test Cases/Final Aug 2018 - PKS Automation/Registration Module/New Registration/Submit and Screenshot/Submit Registration and Screenshot: Test Cases/Final Aug 2018 - PKS Automation/Registration Module/New Registration/Submit and Screenshot/Submit Registration and Screenshot

2018-12-04 10:37:28 - [TEST_STEP][PASSED] - delay: Delayed 6 second(s)

2018-12-04 10:37:34 - [MESSAGE][PASSED] - Delayed 6 second(s)

2018-12-04 10:37:34 - [TEST_STEP][PASSED] - click: Object: 'Object Repository/Final Object Repo/New Registration - Registration Module Pages/Third Screen - Upload Supporting Doc- Preview/Preview Submit Button' is clicked on

2018-12-04 10:37:35 - [MESSAGE][PASSED] - Object: 'Object Repository/Final Object Repo/New Registration - Registration Module Pages/Third Screen - Upload Supporting Doc- Preview/Preview Submit Button' is clicked on

2018-12-04 10:37:35 - [TEST_STEP][PASSED] - delay: Delayed 2 second(s)

2018-12-04 10:37:37 - [MESSAGE][PASSED] - Delayed 2 second(s)

2018-12-04 10:37:37 - [TEST_STEP][PASSED] - click: Object: 'Object Repository/Final Object Repo/New Registration - Registration Module Pages/Third Screen - Upload Supporting Doc- Preview/Preview Submit - Confirm' is clicked on

2018-12-04 10:37:37 - [MESSAGE][PASSED] - Object: 'Object Repository/Final Object Repo/New Registration - Registration Module Pages/Third Screen - Upload Supporting Doc- Preview/Preview Submit - Confirm' is clicked on

2018-12-04 10:37:37 - [TEST_STEP][PASSED] - delay: Delayed 15 second(s)

2018-12-04 10:37:52 - [MESSAGE][PASSED] - Delayed 15 second(s)

2018-12-04 10:37:52 - [TEST_STEP][PASSED] - Statement - driver = com.kms.katalon.core.webui.driver.DriverFactory.getWebDriver(): null

2018-12-04 10:37:52 - [TEST_STEP][PASSED] - Statement - driver.manage().timeouts().implicitlyWait(10, SECONDS): null

2018-12-04 10:37:52 - [TEST_STEP][PASSED] - Statement - PresavePath = KatalonScreenshots: null

2018-12-04 10:37:52 - [TEST_STEP][PASSED] - Statement - pathPrefix = "C:\Users\Public\Pictures\Sample Pictures\Katalon Screenshots\Automate Ending Screen": null

2018-12-04 10:37:52 - [TEST_STEP][PASSED] - Statement - finalPath = <not implemented yet for class: org.codehaus.groovy.ast.expr.EmptyExpression>: null

2018-12-04 10:37:52 - [TEST_STEP][PASSED] - Statement - scrFile = driver.getScreenshotAs(FILE): null

2018-12-04 10:37:52 - [TEST_STEP][PASSED] - Statement - PreSaveFile = new java.io.File(PresavePath): null

2018-12-04 10:37:52 - [TEST_STEP][PASSED] - Statement - counter = 0: null

2018-12-04 10:37:52 - [TEST_STEP][PASSED] - Statement - If (PreSaveFile.exists()): null

2018-12-04 10:37:52 - [TEST_STEP][PASSED] - Statement - While (PreSaveFile.exists()): null

2018-12-04 10:37:52 - [TEST_STEP][PASSED] - Statement - counter = counter + 1: null

2018-12-04 10:37:52 - [TEST_STEP][PASSED] - Statement - PreSaveFile = new java.io.File(((pathPrefix + java.lang.Integer.toString(counter)) + .png)): null

2018-12-04 10:37:52 - [TEST_STEP][PASSED] - Statement - counter = counter + 1: null

2018-12-04 10:37:52 - [TEST_STEP][PASSED] - Statement - PreSaveFile = new java.io.File(((pathPrefix + java.lang.Integer.toString(counter)) + .png)): null

2018-12-04 10:37:52 - [TEST_STEP][PASSED] - Statement - counter = counter + 1: null

2018-12-04 10:37:52 - [TEST_STEP][PASSED] - Statement - PreSaveFile = new java.io.File(((pathPrefix + java.lang.Integer.toString(counter)) + .png)): null

2018-12-04 10:37:52 - [TEST_STEP][PASSED] - Statement - counter = counter + 1: null

2018-12-04 10:37:52 - [TEST_STEP][PASSED] - Statement - PreSaveFile = new java.io.File(((pathPrefix + java.lang.Integer.toString(counter)) + .png)): null

2018-12-04 10:37:52 - [TEST_STEP][PASSED] - Statement - counter = counter + 1: null

2018-12-04 10:37:52 - [TEST_STEP][PASSED] - Statement - PreSaveFile = new java.io.File(((pathPrefix + java.lang.Integer.toString(counter)) + .png)): null

2018-12-04 10:37:52 - [TEST_STEP][PASSED] - Statement - counter = counter + 1: null

2018-12-04 10:37:52 - [TEST_STEP][PASSED] - Statement - PreSaveFile = new java.io.File(((pathPrefix + java.lang.Integer.toString(counter)) + .png)): null

2018-12-04 10:37:52 - [TEST_STEP][PASSED] - Statement - counter = counter + 1: null

2018-12-04 10:37:52 - [TEST_STEP][PASSED] - Statement - PreSaveFile = new java.io.File(((pathPrefix + java.lang.Integer.toString(counter)) + .png)): null

2018-12-04 10:37:52 - [TEST_STEP][PASSED] - Statement - counter = counter + 1: null

2018-12-04 10:37:52 - [TEST_STEP][PASSED] - Statement - PreSaveFile = new java.io.File(((pathPrefix + java.lang.Integer.toString(counter)) + .png)): null

2018-12-04 10:37:52 - [TEST_STEP][PASSED] - Statement - counter = counter + 1: null

2018-12-04 10:37:52 - [TEST_STEP][PASSED] - Statement - PreSaveFile = new java.io.File(((pathPrefix + java.lang.Integer.toString(counter)) + .png)): null

2018-12-04 10:37:52 - [TEST_STEP][PASSED] - Statement - counter = counter + 1: null

2018-12-04 10:37:52 - [TEST_STEP][PASSED] - Statement - PreSaveFile = new java.io.File(((pathPrefix + java.lang.Integer.toString(counter)) + .png)): null

2018-12-04 10:37:52 - [TEST_STEP][PASSED] - Statement - counter = counter + 1: null

2018-12-04 10:37:52 - [TEST_STEP][PASSED] - Statement - PreSaveFile = new java.io.File(((pathPrefix + java.lang.Integer.toString(counter)) + .png)): null

2018-12-04 10:37:52 - [TEST_STEP][PASSED] - Statement - counter = counter + 1: null

2018-12-04 10:37:52 - [TEST_STEP][PASSED] - Statement - PreSaveFile = new java.io.File(((pathPrefix + java.lang.Integer.toString(counter)) + .png)): null

2018-12-04 10:37:52 - [TEST_STEP][PASSED] - Statement - counter = counter + 1: null

2018-12-04 10:37:52 - [TEST_STEP][PASSED] - Statement - PreSaveFile = new java.io.File(((pathPrefix + java.lang.Integer.toString(counter)) + .png)): null

2018-12-04 10:37:52 - [TEST_STEP][PASSED] - Statement - counter = counter + 1: null

2018-12-04 10:37:52 - [TEST_STEP][PASSED] - Statement - PreSaveFile = new java.io.File(((pathPrefix + java.lang.Integer.toString(counter)) + .png)): null

2018-12-04 10:37:53 - [TEST_STEP][PASSED] - Statement - counter = counter + 1: null

2018-12-04 10:37:53 - [TEST_STEP][PASSED] - Statement - PreSaveFile = new java.io.File(((pathPrefix + java.lang.Integer.toString(counter)) + .png)): null

2018-12-04 10:37:54 - [TEST_STEP][PASSED] - Statement - counter = counter + 1: null

2018-12-04 10:37:54 - [TEST_STEP][PASSED] - Statement - PreSaveFile = new java.io.File(((pathPrefix + java.lang.Integer.toString(counter)) + .png)): null

2018-12-04 10:37:54 - [TEST_STEP][PASSED] - Statement - counter = counter + 1: null

2018-12-04 10:37:55 - [TEST_STEP][PASSED] - Statement - PreSaveFile = new java.io.File(((pathPrefix + java.lang.Integer.toString(counter)) + .png)): null

2018-12-04 10:37:55 - [TEST_STEP][PASSED] - Statement - counter = counter + 1: null

2018-12-04 10:37:55 - [TEST_STEP][PASSED] - Statement - PreSaveFile = new java.io.File(((pathPrefix + java.lang.Integer.toString(counter)) + .png)): null

2018-12-04 10:37:55 - [TEST_STEP][PASSED] - Statement - counter = counter + 1: null

2018-12-04 10:37:55 - [TEST_STEP][PASSED] - Statement - PreSaveFile = new java.io.File(((pathPrefix + java.lang.Integer.toString(counter)) + .png)): null

2018-12-04 10:37:55 - [TEST_STEP][PASSED] - Statement - counter = counter + 1: null

2018-12-04 10:37:55 - [TEST_STEP][PASSED] - Statement - PreSaveFile = new java.io.File(((pathPrefix + java.lang.Integer.toString(counter)) + .png)): null

2018-12-04 10:37:55 - [TEST_STEP][PASSED] - Statement - counter = counter + 1: null

2018-12-04 10:37:55 - [TEST_STEP][PASSED] - Statement - PreSaveFile = new java.io.File(((pathPrefix + java.lang.Integer.toString(counter)) + .png)): null

2018-12-04 10:37:55 - [TEST_STEP][PASSED] - Statement - counter = counter + 1: null

2018-12-04 10:37:56 - [TEST_STEP][PASSED] - Statement - PreSaveFile = new java.io.File(((pathPrefix + java.lang.Integer.toString(counter)) + .png)): null

2018-12-04 10:37:56 - [TEST_STEP][PASSED] - Statement - counter = counter + 1: null

2018-12-04 10:37:56 - [TEST_STEP][PASSED] - Statement - PreSaveFile = new java.io.File(((pathPrefix + java.lang.Integer.toString(counter)) + .png)): null

2018-12-04 10:37:56 - [TEST_STEP][PASSED] - Statement - counter = counter + 1: null

2018-12-04 10:37:56 - [TEST_STEP][PASSED] - Statement - PreSaveFile = new java.io.File(((pathPrefix + java.lang.Integer.toString(counter)) + .png)): null

2018-12-04 10:37:56 - [TEST_STEP][PASSED] - Statement - counter = counter + 1: null

2018-12-04 10:37:56 - [TEST_STEP][PASSED] - Statement - PreSaveFile = new java.io.File(((pathPrefix + java.lang.Integer.toString(counter)) + .png)): null

2018-12-04 10:37:56 - [TEST_STEP][PASSED] - Statement - counter = counter + 1: null

2018-12-04 10:37:56 - [TEST_STEP][PASSED] - Statement - PreSaveFile = new java.io.File(((pathPrefix + java.lang.Integer.toString(counter)) + .png)): null

2018-12-04 10:37:57 - [TEST_STEP][PASSED] - Statement - counter = counter + 1: null

2018-12-04 10:37:57 - [TEST_STEP][PASSED] - Statement - PreSaveFile = new java.io.File(((pathPrefix + java.lang.Integer.toString(counter)) + .png)): null

2018-12-04 10:37:57 - [TEST_STEP][PASSED] - Statement - counter = counter + 1: null

2018-12-04 10:37:57 - [TEST_STEP][PASSED] - Statement - PreSaveFile = new java.io.File(((pathPrefix + java.lang.Integer.toString(counter)) + .png)): null

2018-12-04 10:37:57 - [TEST_STEP][PASSED] - Statement - counter = counter + 1: null

2018-12-04 10:37:57 - [TEST_STEP][PASSED] - Statement - PreSaveFile = new java.io.File(((pathPrefix + java.lang.Integer.toString(counter)) + .png)): null

2018-12-04 10:37:57 - [TEST_STEP][PASSED] - Statement - counter = counter + 1: null

2018-12-04 10:37:57 - [TEST_STEP][PASSED] - Statement - PreSaveFile = new java.io.File(((pathPrefix + java.lang.Integer.toString(counter)) + .png)): null

2018-12-04 10:37:57 - [TEST_STEP][PASSED] - Statement - counter = counter + 1: null

2018-12-04 10:37:59 - [TEST_STEP][PASSED] - Statement - PreSaveFile = new java.io.File(((pathPrefix + java.lang.Integer.toString(counter)) + .png)): null

2018-12-04 10:37:59 - [TEST_STEP][PASSED] - Statement - counter = counter + 1: null

2018-12-04 10:37:59 - [TEST_STEP][PASSED] - Statement - PreSaveFile = new java.io.File(((pathPrefix + java.lang.Integer.toString(counter)) + .png)): null

2018-12-04 10:37:59 - [TEST_STEP][PASSED] - Statement - counter = counter + 1: null

2018-12-04 10:37:59 - [TEST_STEP][PASSED] - Statement - PreSaveFile = new java.io.File(((pathPrefix + java.lang.Integer.toString(counter)) + .png)): null

2018-12-04 10:37:59 - [TEST_STEP][PASSED] - Statement - counter = counter + 1: null

2018-12-04 10:37:59 - [TEST_STEP][PASSED] - Statement - PreSaveFile = new java.io.File(((pathPrefix + java.lang.Integer.toString(counter)) + .png)): null

2018-12-04 10:37:59 - [TEST_STEP][PASSED] - Statement - counter = counter + 1: null

2018-12-04 10:37:59 - [TEST_STEP][PASSED] - Statement - PreSaveFile = new java.io.File(((pathPrefix + java.lang.Integer.toString(counter)) + .png)): null

2018-12-04 10:37:59 - [TEST_STEP][PASSED] - Statement - counter = counter + 1: null

2018-12-04 10:38:00 - [TEST_STEP][PASSED] - Statement - PreSaveFile = new java.io.File(((pathPrefix + java.lang.Integer.toString(counter)) + .png)): null

2018-12-04 10:38:00 - [TEST_STEP][PASSED] - Statement - counter = counter + 1: null

2018-12-04 10:38:00 - [TEST_STEP][PASSED] - Statement - PreSaveFile = new java.io.File(((pathPrefix + java.lang.Integer.toString(counter)) + .png)): null

2018-12-04 10:38:00 - [TEST_STEP][PASSED] - Statement - counter = counter + 1: null

2018-12-04 10:38:00 - [TEST_STEP][PASSED] - Statement - PreSaveFile = new java.io.File(((pathPrefix + java.lang.Integer.toString(counter)) + .png)): null

2018-12-04 10:38:00 - [TEST_STEP][PASSED] - Statement - counter = counter + 1: null

2018-12-04 10:38:00 - [TEST_STEP][PASSED] - Statement - PreSaveFile = new java.io.File(((pathPrefix + java.lang.Integer.toString(counter)) + .png)): null

2018-12-04 10:38:00 - [TEST_STEP][PASSED] - Statement - counter = counter + 1: null

2018-12-04 10:38:00 - [TEST_STEP][PASSED] - Statement - PreSaveFile = new java.io.File(((pathPrefix + java.lang.Integer.toString(counter)) + .png)): null

2018-12-04 10:38:00 - [TEST_STEP][PASSED] - Statement - counter = counter + 1: null

2018-12-04 10:38:01 - [TEST_STEP][PASSED] - Statement - PreSaveFile = new java.io.File(((pathPrefix + java.lang.Integer.toString(counter)) + .png)): null

2018-12-04 10:38:01 - [TEST_STEP][PASSED] - Statement - counter = counter + 1: null

2018-12-04 10:38:01 - [TEST_STEP][PASSED] - Statement - PreSaveFile = new java.io.File(((pathPrefix + java.lang.Integer.toString(counter)) + .png)): null

2018-12-04 10:38:01 - [TEST_STEP][PASSED] - Statement - counter = counter + 1: null

2018-12-04 10:38:01 - [TEST_STEP][PASSED] - Statement - PreSaveFile = new java.io.File(((pathPrefix + java.lang.Integer.toString(counter)) + .png)): null

2018-12-04 10:38:01 - [TEST_STEP][PASSED] - Statement - counter = counter + 1: null

2018-12-04 10:38:01 - [TEST_STEP][PASSED] - Statement - PreSaveFile = new java.io.File(((pathPrefix + java.lang.Integer.toString(counter)) + .png)): null

2018-12-04 10:38:01 - [TEST_STEP][PASSED] - Statement - counter = counter + 1: null

2018-12-04 10:38:01 - [TEST_STEP][PASSED] - Statement - PreSaveFile = new java.io.File(((pathPrefix + java.lang.Integer.toString(counter)) + .png)): null

2018-12-04 10:38:03 - [TEST_STEP][PASSED] - Statement - counter = counter + 1: null

2018-12-04 10:38:03 - [TEST_STEP][PASSED] - Statement - PreSaveFile = new java.io.File(((pathPrefix + java.lang.Integer.toString(counter)) + .png)): null

2018-12-04 10:38:03 - [TEST_STEP][PASSED] - Statement - counter = counter + 1: null

2018-12-04 10:38:03 - [TEST_STEP][PASSED] - Statement - PreSaveFile = new java.io.File(((pathPrefix + java.lang.Integer.toString(counter)) + .png)): null

2018-12-04 10:38:03 - [TEST_STEP][PASSED] - Statement - counter = counter + 1: null

2018-12-04 10:38:03 - [TEST_STEP][PASSED] - Statement - PreSaveFile = new java.io.File(((pathPrefix + java.lang.Integer.toString(counter)) + .png)): null

2018-12-04 10:38:03 - [TEST_STEP][PASSED] - Statement - counter = counter + 1: null

2018-12-04 10:38:03 - [TEST_STEP][PASSED] - Statement - PreSaveFile = new java.io.File(((pathPrefix + java.lang.Integer.toString(counter)) + .png)): null

2018-12-04 10:38:03 - [TEST_STEP][PASSED] - Statement - counter = counter + 1: null

2018-12-04 10:38:04 - [TEST_STEP][PASSED] - Statement - PreSaveFile = new java.io.File(((pathPrefix + java.lang.Integer.toString(counter)) + .png)): null

2018-12-04 10:38:04 - [TEST_STEP][PASSED] - Statement - counter = counter + 1: null

2018-12-04 10:38:04 - [TEST_STEP][PASSED] - Statement - PreSaveFile = new java.io.File(((pathPrefix + java.lang.Integer.toString(counter)) + .png)): null

2018-12-04 10:38:04 - [TEST_STEP][PASSED] - Statement - counter = counter + 1: null

2018-12-04 10:38:04 - [TEST_STEP][PASSED] - Statement - PreSaveFile = new java.io.File(((pathPrefix + java.lang.Integer.toString(counter)) + .png)): null

2018-12-04 10:38:04 - [TEST_STEP][PASSED] - Statement - counter = counter + 1: null

2018-12-04 10:38:04 - [TEST_STEP][PASSED] - Statement - PreSaveFile = new java.io.File(((pathPrefix + java.lang.Integer.toString(counter)) + .png)): null

2018-12-04 10:38:04 - [TEST_STEP][PASSED] - Statement - counter = counter + 1: null

2018-12-04 10:38:04 - [TEST_STEP][PASSED] - Statement - PreSaveFile = new java.io.File(((pathPrefix + java.lang.Integer.toString(counter)) + .png)): null

2018-12-04 10:38:04 - [TEST_STEP][PASSED] - Statement - counter = counter + 1: null

2018-12-04 10:38:06 - [TEST_STEP][PASSED] - Statement - PreSaveFile = new java.io.File(((pathPrefix + java.lang.Integer.toString(counter)) + .png)): null

2018-12-04 10:38:06 - [TEST_STEP][PASSED] - Statement - counter = counter + 1: null

2018-12-04 10:38:06 - [TEST_STEP][PASSED] - Statement - PreSaveFile = new java.io.File(((pathPrefix + java.lang.Integer.toString(counter)) + .png)): null

2018-12-04 10:38:06 - [TEST_STEP][PASSED] - Statement - counter = counter + 1: null

2018-12-04 10:38:06 - [TEST_STEP][PASSED] - Statement - PreSaveFile = new java.io.File(((pathPrefix + java.lang.Integer.toString(counter)) + .png)): null

2018-12-04 10:38:06 - [TEST_STEP][PASSED] - Statement - counter = counter + 1: null

2018-12-04 10:38:06 - [TEST_STEP][PASSED] - Statement - PreSaveFile = new java.io.File(((pathPrefix + java.lang.Integer.toString(counter)) + .png)): null

2018-12-04 10:38:06 - [TEST_STEP][PASSED] - Statement - counter = counter + 1: null

2018-12-04 10:38:06 - [TEST_STEP][PASSED] - Statement - PreSaveFile = new java.io.File(((pathPrefix + java.lang.Integer.toString(counter)) + .png)): null

2018-12-04 10:38:06 - [TEST_STEP][PASSED] - Statement - counter = counter + 1: null

2018-12-04 10:38:08 - [TEST_STEP][PASSED] - Statement - PreSaveFile = new java.io.File(((pathPrefix + java.lang.Integer.toString(counter)) + .png)): null

2018-12-04 10:38:08 - [TEST_STEP][PASSED] - Statement - counter = counter + 1: null

2018-12-04 10:38:08 - [TEST_STEP][PASSED] - Statement - PreSaveFile = new java.io.File(((pathPrefix + java.lang.Integer.toString(counter)) + .png)): null

2018-12-04 10:38:08 - [TEST_STEP][PASSED] - Statement - counter = counter + 1: null

2018-12-04 10:38:08 - [TEST_STEP][PASSED] - Statement - PreSaveFile = new java.io.File(((pathPrefix + java.lang.Integer.toString(counter)) + .png)): null

2018-12-04 10:38:08 - [TEST_STEP][PASSED] - Statement - counter = counter + 1: null

2018-12-04 10:38:08 - [TEST_STEP][PASSED] - Statement - PreSaveFile = new java.io.File(((pathPrefix + java.lang.Integer.toString(counter)) + .png)): null

2018-12-04 10:38:08 - [TEST_STEP][PASSED] - Statement - counter = counter + 1: null

2018-12-04 10:38:08 - [TEST_STEP][PASSED] - Statement - PreSaveFile = new java.io.File(((pathPrefix + java.lang.Integer.toString(counter)) + .png)): null

2018-12-04 10:38:08 - [TEST_STEP][PASSED] - Statement - counter = counter + 1: null

2018-12-04 10:38:09 - [TEST_STEP][PASSED] - Statement - PreSaveFile = new java.io.File(((pathPrefix + java.lang.Integer.toString(counter)) + .png)): null

2018-12-04 10:38:09 - [TEST_STEP][PASSED] - Statement - counter = counter + 1: null

2018-12-04 10:38:09 - [TEST_STEP][PASSED] - Statement - PreSaveFile = new java.io.File(((pathPrefix + java.lang.Integer.toString(counter)) + .png)): null

2018-12-04 10:38:09 - [TEST_STEP][PASSED] - Statement - counter = counter + 1: null

2018-12-04 10:38:09 - [TEST_STEP][PASSED] - Statement - PreSaveFile = new java.io.File(((pathPrefix + java.lang.Integer.toString(counter)) + .png)): null

2018-12-04 10:38:09 - [TEST_STEP][PASSED] - Statement - counter = counter + 1: null

2018-12-04 10:38:09 - [TEST_STEP][PASSED] - Statement - PreSaveFile = new java.io.File(((pathPrefix + java.lang.Integer.toString(counter)) + .png)): null

2018-12-04 10:38:09 - [TEST_STEP][PASSED] - Statement - counter = counter + 1: null

2018-12-04 10:38:09 - [TEST_STEP][PASSED] - Statement - PreSaveFile = new java.io.File(((pathPrefix + java.lang.Integer.toString(counter)) + .png)): null

2018-12-04 10:38:11 - [TEST_STEP][PASSED] - Statement - counter = counter + 1: null

2018-12-04 10:38:11 - [TEST_STEP][PASSED] - Statement - PreSaveFile = new java.io.File(((pathPrefix + java.lang.Integer.toString(counter)) + .png)): null

2018-12-04 10:38:11 - [TEST_STEP][PASSED] - Statement - counter = counter + 1: null

2018-12-04 10:38:11 - [TEST_STEP][PASSED] - Statement - PreSaveFile = new java.io.File(((pathPrefix + java.lang.Integer.toString(counter)) + .png)): null

2018-12-04 10:38:11 - [TEST_STEP][PASSED] - Statement - counter = counter + 1: null

2018-12-04 10:38:11 - [TEST_STEP][PASSED] - Statement - PreSaveFile = new java.io.File(((pathPrefix + java.lang.Integer.toString(counter)) + .png)): null

2018-12-04 10:38:11 - [TEST_STEP][PASSED] - Statement - counter = counter + 1: null

2018-12-04 10:38:11 - [TEST_STEP][PASSED] - Statement - PreSaveFile = new java.io.File(((pathPrefix + java.lang.Integer.toString(counter)) + .png)): null

2018-12-04 10:38:11 - [TEST_STEP][PASSED] - Statement - counter = counter + 1: null

2018-12-04 10:38:12 - [TEST_STEP][PASSED] - Statement - PreSaveFile = new java.io.File(((pathPrefix + java.lang.Integer.toString(counter)) + .png)): null

2018-12-04 10:38:12 - [TEST_STEP][PASSED] - Statement - counter = counter + 1: null

2018-12-04 10:38:12 - [TEST_STEP][PASSED] - Statement - PreSaveFile = new java.io.File(((pathPrefix + java.lang.Integer.toString(counter)) + .png)): null

2018-12-04 10:38:12 - [TEST_STEP][PASSED] - Statement - counter = counter + 1: null

2018-12-04 10:38:12 - [TEST_STEP][PASSED] - Statement - PreSaveFile = new java.io.File(((pathPrefix + java.lang.Integer.toString(counter)) + .png)): null

2018-12-04 10:38:12 - [TEST_STEP][PASSED] - Statement - counter = counter + 1: null

2018-12-04 10:38:12 - [TEST_STEP][PASSED] - Statement - PreSaveFile = new java.io.File(((pathPrefix + java.lang.Integer.toString(counter)) + .png)): null

2018-12-04 10:38:12 - [TEST_STEP][PASSED] - Statement - counter = counter + 1: null

2018-12-04 10:38:12 - [TEST_STEP][PASSED] - Statement - PreSaveFile = new java.io.File(((pathPrefix + java.lang.Integer.toString(counter)) + .png)): null

2018-12-04 10:38:12 - [TEST_STEP][PASSED] - Statement - counter = counter + 1: null

2018-12-04 10:38:14 - [TEST_STEP][PASSED] - Statement - PreSaveFile = new java.io.File(((pathPrefix + java.lang.Integer.toString(counter)) + .png)): null

2018-12-04 10:38:14 - [TEST_STEP][PASSED] - Statement - counter = counter + 1: null

2018-12-04 10:38:14 - [TEST_STEP][PASSED] - Statement - PreSaveFile = new java.io.File(((pathPrefix + java.lang.Integer.toString(counter)) + .png)): null

2018-12-04 10:38:14 - [TEST_STEP][PASSED] - Statement - counter = counter + 1: null

2018-12-04 10:38:14 - [TEST_STEP][PASSED] - Statement - PreSaveFile = new java.io.File(((pathPrefix + java.lang.Integer.toString(counter)) + .png)): null

2018-12-04 10:38:14 - [TEST_STEP][PASSED] - Statement - counter = counter + 1: null

2018-12-04 10:38:14 - [TEST_STEP][PASSED] - Statement - PreSaveFile = new java.io.File(((pathPrefix + java.lang.Integer.toString(counter)) + .png)): null

2018-12-04 10:38:14 - [TEST_STEP][PASSED] - Statement - counter = counter + 1: null

2018-12-04 10:38:14 - [TEST_STEP][PASSED] - Statement - PreSaveFile = new java.io.File(((pathPrefix + java.lang.Integer.toString(counter)) + .png)): null

2018-12-04 10:38:14 - [TEST_STEP][PASSED] - Statement - counter = counter + 1: null

2018-12-04 10:38:16 - [TEST_STEP][PASSED] - Statement - PreSaveFile = new java.io.File(((pathPrefix + java.lang.Integer.toString(counter)) + .png)): null

2018-12-04 10:38:16 - [TEST_STEP][PASSED] - Statement - counter = counter + 1: null

2018-12-04 10:38:16 - [TEST_STEP][PASSED] - Statement - PreSaveFile = new java.io.File(((pathPrefix + java.lang.Integer.toString(counter)) + .png)): null

2018-12-04 10:38:16 - [TEST_STEP][PASSED] - Statement - counter = counter + 1: null

2018-12-04 10:38:16 - [TEST_STEP][PASSED] - Statement - PreSaveFile = new java.io.File(((pathPrefix + java.lang.Integer.toString(counter)) + .png)): null

2018-12-04 10:38:16 - [TEST_STEP][PASSED] - Statement - counter = counter + 1: null

2018-12-04 10:38:16 - [TEST_STEP][PASSED] - Statement - PreSaveFile = new java.io.File(((pathPrefix + java.lang.Integer.toString(counter)) + .png)): null

2018-12-04 10:38:16 - [TEST_STEP][PASSED] - Statement - counter = counter + 1: null

2018-12-04 10:38:16 - [TEST_STEP][PASSED] - Statement - PreSaveFile = new java.io.File(((pathPrefix + java.lang.Integer.toString(counter)) + .png)): null

2018-12-04 10:38:17 - [TEST_STEP][PASSED] - Statement - counter = counter + 1: null

2018-12-04 10:38:17 - [TEST_STEP][PASSED] - Statement - PreSaveFile = new java.io.File(((pathPrefix + java.lang.Integer.toString(counter)) + .png)): null

2018-12-04 10:38:17 - [TEST_STEP][PASSED] - Statement - counter = counter + 1: null

2018-12-04 10:38:17 - [TEST_STEP][PASSED] - Statement - PreSaveFile = new java.io.File(((pathPrefix + java.lang.Integer.toString(counter)) + .png)): null

2018-12-04 10:38:17 - [TEST_STEP][PASSED] - Statement - counter = counter + 1: null

2018-12-04 10:38:17 - [TEST_STEP][PASSED] - Statement - PreSaveFile = new java.io.File(((pathPrefix + java.lang.Integer.toString(counter)) + .png)): null

2018-12-04 10:38:17 - [TEST_STEP][PASSED] - Statement - counter = counter + 1: null

2018-12-04 10:38:17 - [TEST_STEP][PASSED] - Statement - PreSaveFile = new java.io.File(((pathPrefix + java.lang.Integer.toString(counter)) + .png)): null

2018-12-04 10:38:17 - [TEST_STEP][PASSED] - Statement - counter = counter + 1: null

2018-12-04 10:38:17 - [TEST_STEP][PASSED] - Statement - PreSaveFile = new java.io.File(((pathPrefix + java.lang.Integer.toString(counter)) + .png)): null

2018-12-04 10:38:19 - [TEST_STEP][PASSED] - Statement - counter = counter + 1: null

2018-12-04 10:38:19 - [TEST_STEP][PASSED] - Statement - PreSaveFile = new java.io.File(((pathPrefix + java.lang.Integer.toString(counter)) + .png)): null

2018-12-04 10:38:19 - [TEST_STEP][PASSED] - Statement - counter = counter + 1: null

2018-12-04 10:38:19 - [TEST_STEP][PASSED] - Statement - PreSaveFile = new java.io.File(((pathPrefix + java.lang.Integer.toString(counter)) + .png)): null

2018-12-04 10:38:19 - [TEST_STEP][PASSED] - Statement - counter = counter + 1: null

2018-12-04 10:38:19 - [TEST_STEP][PASSED] - Statement - PreSaveFile = new java.io.File(((pathPrefix + java.lang.Integer.toString(counter)) + .png)): null

2018-12-04 10:38:19 - [TEST_STEP][PASSED] - Statement - counter = counter + 1: null

2018-12-04 10:38:19 - [TEST_STEP][PASSED] - Statement - PreSaveFile = new java.io.File(((pathPrefix + java.lang.Integer.toString(counter)) + .png)): null

2018-12-04 10:38:19 - [TEST_STEP][PASSED] - Statement - counter = counter + 1: null

2018-12-04 10:38:20 - [TEST_STEP][PASSED] - Statement - PreSaveFile = new java.io.File(((pathPrefix + java.lang.Integer.toString(counter)) + .png)): null

2018-12-04 10:38:20 - [TEST_STEP][PASSED] - Statement - counter = counter + 1: null

2018-12-04 10:38:20 - [TEST_STEP][PASSED] - Statement - PreSaveFile = new java.io.File(((pathPrefix + java.lang.Integer.toString(counter)) + .png)): null

2018-12-04 10:38:20 - [TEST_STEP][PASSED] - Statement - counter = counter + 1: null

2018-12-04 10:38:20 - [TEST_STEP][PASSED] - Statement - PreSaveFile = new java.io.File(((pathPrefix + java.lang.Integer.toString(counter)) + .png)): null

2018-12-04 10:38:20 - [TEST_STEP][PASSED] - Statement - counter = counter + 1: null

2018-12-04 10:38:20 - [TEST_STEP][PASSED] - Statement - PreSaveFile = new java.io.File(((pathPrefix + java.lang.Integer.toString(counter)) + .png)): null

2018-12-04 10:38:20 - [TEST_STEP][PASSED] - Statement - counter = counter + 1: null

2018-12-04 10:38:20 - [TEST_STEP][PASSED] - Statement - PreSaveFile = new java.io.File(((pathPrefix + java.lang.Integer.toString(counter)) + .png)): null

2018-12-04 10:38:20 - [TEST_STEP][PASSED] - Statement - counter = counter + 1: null

2018-12-04 10:38:22 - [TEST_STEP][PASSED] - Statement - PreSaveFile = new java.io.File(((pathPrefix + java.lang.Integer.toString(counter)) + .png)): null

2018-12-04 10:38:22 - [TEST_STEP][PASSED] - Statement - counter = counter + 1: null

2018-12-04 10:38:22 - [TEST_STEP][PASSED] - Statement - PreSaveFile = new java.io.File(((pathPrefix + java.lang.Integer.toString(counter)) + .png)): null

2018-12-04 10:38:22 - [TEST_STEP][PASSED] - Statement - counter = counter + 1: null

2018-12-04 10:38:22 - [TEST_STEP][PASSED] - Statement - PreSaveFile = new java.io.File(((pathPrefix + java.lang.Integer.toString(counter)) + .png)): null

2018-12-04 10:38:22 - [TEST_STEP][PASSED] - Statement - counter = counter + 1: null

2018-12-04 10:38:22 - [TEST_STEP][PASSED] - Statement - PreSaveFile = new java.io.File(((pathPrefix + java.lang.Integer.toString(counter)) + .png)): null

2018-12-04 10:38:22 - [TEST_STEP][PASSED] - Statement - counter = counter + 1: null

2018-12-04 10:38:22 - [TEST_STEP][PASSED] - Statement - PreSaveFile = new java.io.File(((pathPrefix + java.lang.Integer.toString(counter)) + .png)): null

2018-12-04 10:38:22 - [TEST_STEP][PASSED] - Statement - counter = counter + 1: null

2018-12-04 10:38:24 - [TEST_STEP][PASSED] - Statement - PreSaveFile = new java.io.File(((pathPrefix + java.lang.Integer.toString(counter)) + .png)): null

2018-12-04 10:38:24 - [TEST_STEP][PASSED] - Statement - counter = counter + 1: null

2018-12-04 10:38:24 - [TEST_STEP][PASSED] - Statement - PreSaveFile = new java.io.File(((pathPrefix + java.lang.Integer.toString(counter)) + .png)): null

2018-12-04 10:38:24 - [TEST_STEP][PASSED] - Statement - counter = counter + 1: null

2018-12-04 10:38:24 - [TEST_STEP][PASSED] - Statement - PreSaveFile = new java.io.File(((pathPrefix + java.lang.Integer.toString(counter)) + .png)): null

2018-12-04 10:38:24 - [TEST_STEP][PASSED] - Statement - counter = counter + 1: null

2018-12-04 10:38:24 - [TEST_STEP][PASSED] - Statement - PreSaveFile = new java.io.File(((pathPrefix + java.lang.Integer.toString(counter)) + .png)): null

2018-12-04 10:38:24 - [TEST_STEP][PASSED] - Statement - counter = counter + 1: null

2018-12-04 10:38:24 - [TEST_STEP][PASSED] - Statement - PreSaveFile = new java.io.File(((pathPrefix + java.lang.Integer.toString(counter)) + .png)): null

2018-12-04 10:38:26 - [TEST_STEP][PASSED] - Statement - counter = counter + 1: null

2018-12-04 10:38:26 - [TEST_STEP][PASSED] - Statement - PreSaveFile = new java.io.File(((pathPrefix + java.lang.Integer.toString(counter)) + .png)): null

2018-12-04 10:38:26 - [TEST_STEP][PASSED] - Statement - counter = counter + 1: null

2018-12-04 10:38:26 - [TEST_STEP][PASSED] - Statement - PreSaveFile = new java.io.File(((pathPrefix + java.lang.Integer.toString(counter)) + .png)): null

2018-12-04 10:38:26 - [TEST_STEP][PASSED] - Statement - counter = counter + 1: null

2018-12-04 10:38:26 - [TEST_STEP][PASSED] - Statement - PreSaveFile = new java.io.File(((pathPrefix + java.lang.Integer.toString(counter)) + .png)): null

2018-12-04 10:38:26 - [TEST_STEP][PASSED] - Statement - counter = counter + 1: null

2018-12-04 10:38:26 - [TEST_STEP][PASSED] - Statement - PreSaveFile = new java.io.File(((pathPrefix + java.lang.Integer.toString(counter)) + .png)): null

2018-12-04 10:38:26 - [TEST_STEP][PASSED] - Statement - counter = counter + 1: null

2018-12-04 10:38:28 - [TEST_STEP][PASSED] - Statement - PreSaveFile = new java.io.File(((pathPrefix + java.lang.Integer.toString(counter)) + .png)): null

2018-12-04 10:38:28 - [TEST_STEP][PASSED] - Statement - counter = counter + 1: null

2018-12-04 10:38:28 - [TEST_STEP][PASSED] - Statement - PreSaveFile = new java.io.File(((pathPrefix + java.lang.Integer.toString(counter)) + .png)): null

2018-12-04 10:38:28 - [TEST_STEP][PASSED] - Statement - counter = counter + 1: null

2018-12-04 10:38:28 - [TEST_STEP][PASSED] - Statement - PreSaveFile = new java.io.File(((pathPrefix + java.lang.Integer.toString(counter)) + .png)): null

2018-12-04 10:38:28 - [TEST_STEP][PASSED] - Statement - counter = counter + 1: null

2018-12-04 10:38:28 - [TEST_STEP][PASSED] - Statement - PreSaveFile = new java.io.File(((pathPrefix + java.lang.Integer.toString(counter)) + .png)): null

2018-12-04 10:38:28 - [TEST_STEP][PASSED] - Statement - counter = counter + 1: null

2018-12-04 10:38:28 - [TEST_STEP][PASSED] - Statement - PreSaveFile = new java.io.File(((pathPrefix + java.lang.Integer.toString(counter)) + .png)): null

2018-12-04 10:38:28 - [TEST_STEP][PASSED] - Statement - counter = counter + 1: null

2018-12-04 10:38:29 - [TEST_STEP][PASSED] - Statement - PreSaveFile = new java.io.File(((pathPrefix + java.lang.Integer.toString(counter)) + .png)): null

2018-12-04 10:38:29 - [TEST_STEP][PASSED] - Statement - counter = counter + 1: null

2018-12-04 10:38:29 - [TEST_STEP][PASSED] - Statement - PreSaveFile = new java.io.File(((pathPrefix + java.lang.Integer.toString(counter)) + .png)): null

2018-12-04 10:38:29 - [TEST_STEP][PASSED] - Statement - counter = counter + 1: null

2018-12-04 10:38:29 - [TEST_STEP][PASSED] - Statement - PreSaveFile = new java.io.File(((pathPrefix + java.lang.Integer.toString(counter)) + .png)): null

2018-12-04 10:38:29 - [TEST_STEP][PASSED] - Statement - counter = counter + 1: null

2018-12-04 10:38:29 - [TEST_STEP][PASSED] - Statement - PreSaveFile = new java.io.File(((pathPrefix + java.lang.Integer.toString(counter)) + .png)): null

2018-12-04 10:38:29 - [TEST_STEP][PASSED] - Statement - counter = counter + 1: null

2018-12-04 10:38:29 - [TEST_STEP][PASSED] - Statement - PreSaveFile = new java.io.File(((pathPrefix + java.lang.Integer.toString(counter)) + .png)): null

2018-12-04 10:38:29 - [TEST_STEP][PASSED] - Statement - counter = counter + 1: null

2018-12-04 10:38:31 - [TEST_STEP][PASSED] - Statement - PreSaveFile = new java.io.File(((pathPrefix + java.lang.Integer.toString(counter)) + .png)): null

2018-12-04 10:38:31 - [TEST_STEP][PASSED] - Statement - counter = counter + 1: null

2018-12-04 10:38:31 - [TEST_STEP][PASSED] - Statement - PreSaveFile = new java.io.File(((pathPrefix + java.lang.Integer.toString(counter)) + .png)): null

2018-12-04 10:38:31 - [TEST_STEP][PASSED] - Statement - counter = counter + 1: null

2018-12-04 10:38:31 - [TEST_STEP][PASSED] - Statement - PreSaveFile = new java.io.File(((pathPrefix + java.lang.Integer.toString(counter)) + .png)): null

2018-12-04 10:38:31 - [TEST_STEP][PASSED] - Statement - counter = counter + 1: null

2018-12-04 10:38:31 - [TEST_STEP][PASSED] - Statement - PreSaveFile = new java.io.File(((pathPrefix + java.lang.Integer.toString(counter)) + .png)): null

2018-12-04 10:38:31 - [TEST_STEP][PASSED] - Statement - counter = counter + 1: null

2018-12-04 10:38:31 - [TEST_STEP][PASSED] - Statement - PreSaveFile = new java.io.File(((pathPrefix + java.lang.Integer.toString(counter)) + .png)): null

2018-12-04 10:38:31 - [TEST_STEP][PASSED] - Statement - counter = counter + 1: null

2018-12-04 10:38:33 - [TEST_STEP][PASSED] - Statement - PreSaveFile = new java.io.File(((pathPrefix + java.lang.Integer.toString(counter)) + .png)): null

2018-12-04 10:38:33 - [TEST_STEP][PASSED] - Statement - counter = counter + 1: null

2018-12-04 10:38:33 - [TEST_STEP][PASSED] - Statement - PreSaveFile = new java.io.File(((pathPrefix + java.lang.Integer.toString(counter)) + .png)): null

2018-12-04 10:38:33 - [TEST_STEP][PASSED] - Statement - counter = counter + 1: null

2018-12-04 10:38:33 - [TEST_STEP][PASSED] - Statement - PreSaveFile = new java.io.File(((pathPrefix + java.lang.Integer.toString(counter)) + .png)): null

2018-12-04 10:38:33 - [TEST_STEP][PASSED] - Statement - counter = counter + 1: null

2018-12-04 10:38:33 - [TEST_STEP][PASSED] - Statement - PreSaveFile = new java.io.File(((pathPrefix + java.lang.Integer.toString(counter)) + .png)): null

2018-12-04 10:38:33 - [TEST_STEP][PASSED] - Statement - counter = counter + 1: null

2018-12-04 10:38:33 - [TEST_STEP][PASSED] - Statement - PreSaveFile = new java.io.File(((pathPrefix + java.lang.Integer.toString(counter)) + .png)): null

2018-12-04 10:38:35 - [TEST_STEP][PASSED] - Statement - counter = counter + 1: null

2018-12-04 10:38:35 - [TEST_STEP][PASSED] - Statement - PreSaveFile = new java.io.File(((pathPrefix + java.lang.Integer.toString(counter)) + .png)): null

2018-12-04 10:38:35 - [TEST_STEP][PASSED] - Statement - counter = counter + 1: null

2018-12-04 10:38:35 - [TEST_STEP][PASSED] - Statement - PreSaveFile = new java.io.File(((pathPrefix + java.lang.Integer.toString(counter)) + .png)): null

2018-12-04 10:38:35 - [TEST_STEP][PASSED] - Statement - counter = counter + 1: null

2018-12-04 10:38:35 - [TEST_STEP][PASSED] - Statement - PreSaveFile = new java.io.File(((pathPrefix + java.lang.Integer.toString(counter)) + .png)): null

2018-12-04 10:38:35 - [TEST_STEP][PASSED] - Statement - counter = counter + 1: null

2018-12-04 10:38:35 - [TEST_STEP][PASSED] - Statement - PreSaveFile = new java.io.File(((pathPrefix + java.lang.Integer.toString(counter)) + .png)): null

2018-12-04 10:38:35 - [TEST_STEP][PASSED] - Statement - counter = counter + 1: null

2018-12-04 10:38:36 - [TEST_STEP][PASSED] - Statement - PreSaveFile = new java.io.File(((pathPrefix + java.lang.Integer.toString(counter)) + .png)): null

2018-12-04 10:38:36 - [TEST_STEP][PASSED] - Statement - counter = counter + 1: null

2018-12-04 10:38:36 - [TEST_STEP][PASSED] - Statement - PreSaveFile = new java.io.File(((pathPrefix + java.lang.Integer.toString(counter)) + .png)): null

2018-12-04 10:38:36 - [TEST_STEP][PASSED] - Statement - counter = counter + 1: null

2018-12-04 10:38:36 - [TEST_STEP][PASSED] - Statement - PreSaveFile = new java.io.File(((pathPrefix + java.lang.Integer.toString(counter)) + .png)): null

2018-12-04 10:38:36 - [TEST_STEP][PASSED] - Statement - counter = counter + 1: null

2018-12-04 10:38:36 - [TEST_STEP][PASSED] - Statement - PreSaveFile = new java.io.File(((pathPrefix + java.lang.Integer.toString(counter)) + .png)): null

2018-12-04 10:38:36 - [TEST_STEP][PASSED] - Statement - counter = counter + 1: null

2018-12-04 10:38:36 - [TEST_STEP][PASSED] - Statement - PreSaveFile = new java.io.File(((pathPrefix + java.lang.Integer.toString(counter)) + .png)): null

2018-12-04 10:38:36 - [TEST_STEP][PASSED] - Statement - counter = counter + 1: null

2018-12-04 10:38:38 - [TEST_STEP][PASSED] - Statement - PreSaveFile = new java.io.File(((pathPrefix + java.lang.Integer.toString(counter)) + .png)): null

2018-12-04 10:38:38 - [TEST_STEP][PASSED] - Statement - counter = counter + 1: null

2018-12-04 10:38:38 - [TEST_STEP][PASSED] - Statement - PreSaveFile = new java.io.File(((pathPrefix + java.lang.Integer.toString(counter)) + .png)): null

2018-12-04 10:38:38 - [TEST_STEP][PASSED] - Statement - counter = counter + 1: null

2018-12-04 10:38:38 - [TEST_STEP][PASSED] - Statement - PreSaveFile = new java.io.File(((pathPrefix + java.lang.Integer.toString(counter)) + .png)): null

2018-12-04 10:38:38 - [TEST_STEP][PASSED] - Statement - counter = counter + 1: null

2018-12-04 10:38:38 - [TEST_STEP][PASSED] - Statement - PreSaveFile = new java.io.File(((pathPrefix + java.lang.Integer.toString(counter)) + .png)): null

2018-12-04 10:38:38 - [TEST_STEP][PASSED] - Statement - counter = counter + 1: null

2018-12-04 10:38:38 - [TEST_STEP][PASSED] - Statement - PreSaveFile = new java.io.File(((pathPrefix + java.lang.Integer.toString(counter)) + .png)): null

2018-12-04 10:38:38 - [TEST_STEP][PASSED] - Statement - counter = counter + 1: null

2018-12-04 10:38:40 - [TEST_STEP][PASSED] - Statement - PreSaveFile = new java.io.File(((pathPrefix + java.lang.Integer.toString(counter)) + .png)): null

2018-12-04 10:38:40 - [TEST_STEP][PASSED] - Statement - counter = counter + 1: null

2018-12-04 10:38:40 - [TEST_STEP][PASSED] - Statement - PreSaveFile = new java.io.File(((pathPrefix + java.lang.Integer.toString(counter)) + .png)): null

2018-12-04 10:38:40 - [TEST_STEP][PASSED] - Statement - counter = counter + 1: null

2018-12-04 10:38:40 - [TEST_STEP][PASSED] - Statement - PreSaveFile = new java.io.File(((pathPrefix + java.lang.Integer.toString(counter)) + .png)): null

2018-12-04 10:38:40 - [TEST_STEP][PASSED] - Statement - counter = counter + 1: null

2018-12-04 10:38:40 - [TEST_STEP][PASSED] - Statement - PreSaveFile = new java.io.File(((pathPrefix + java.lang.Integer.toString(counter)) + .png)): null

2018-12-04 10:38:40 - [TEST_STEP][PASSED] - Statement - counter = counter + 1: null

2018-12-04 10:38:40 - [TEST_STEP][PASSED] - Statement - PreSaveFile = new java.io.File(((pathPrefix + java.lang.Integer.toString(counter)) + .png)): null

2018-12-04 10:38:41 - [TEST_STEP][PASSED] - Statement - counter = counter + 1: null

2018-12-04 10:38:41 - [TEST_STEP][PASSED] - Statement - PreSaveFile = new java.io.File(((pathPrefix + java.lang.Integer.toString(counter)) + .png)): null

2018-12-04 10:38:41 - [TEST_STEP][PASSED] - Statement - counter = counter + 1: null

2018-12-04 10:38:41 - [TEST_STEP][PASSED] - Statement - PreSaveFile = new java.io.File(((pathPrefix + java.lang.Integer.toString(counter)) + .png)): null

2018-12-04 10:38:41 - [TEST_STEP][PASSED] - Statement - counter = counter + 1: null

2018-12-04 10:38:41 - [TEST_STEP][PASSED] - Statement - PreSaveFile = new java.io.File(((pathPrefix + java.lang.Integer.toString(counter)) + .png)): null

2018-12-04 10:38:41 - [TEST_STEP][PASSED] - Statement - counter = counter + 1: null

2018-12-04 10:38:41 - [TEST_STEP][PASSED] - Statement - PreSaveFile = new java.io.File(((pathPrefix + java.lang.Integer.toString(counter)) + .png)): null

2018-12-04 10:38:41 - [TEST_STEP][PASSED] - Statement - counter = counter + 1: null

2018-12-04 10:38:41 - [TEST_STEP][PASSED] - Statement - PreSaveFile = new java.io.File(((pathPrefix + java.lang.Integer.toString(counter)) + .png)): null

2018-12-04 10:38:43 - [TEST_STEP][PASSED] - Statement - counter = counter + 1: null

2018-12-04 10:38:43 - [TEST_STEP][PASSED] - Statement - PreSaveFile = new java.io.File(((pathPrefix + java.lang.Integer.toString(counter)) + .png)): null

2018-12-04 10:38:43 - [TEST_STEP][PASSED] - Statement - counter = counter + 1: null

2018-12-04 10:38:43 - [TEST_STEP][PASSED] - Statement - PreSaveFile = new java.io.File(((pathPrefix + java.lang.Integer.toString(counter)) + .png)): null

2018-12-04 10:38:43 - [TEST_STEP][PASSED] - Statement - counter = counter + 1: null

2018-12-04 10:38:43 - [TEST_STEP][PASSED] - Statement - PreSaveFile = new java.io.File(((pathPrefix + java.lang.Integer.toString(counter)) + .png)): null

2018-12-04 10:38:43 - [TEST_STEP][PASSED] - Statement - counter = counter + 1: null

2018-12-04 10:38:43 - [TEST_STEP][PASSED] - Statement - PreSaveFile = new java.io.File(((pathPrefix + java.lang.Integer.toString(counter)) + .png)): null

2018-12-04 10:38:43 - [TEST_STEP][PASSED] - Statement - counter = counter + 1: null

2018-12-04 10:38:45 - [TEST_STEP][PASSED] - Statement - PreSaveFile = new java.io.File(((pathPrefix + java.lang.Integer.toString(counter)) + .png)): null

2018-12-04 10:38:45 - [TEST_STEP][PASSED] - Statement - counter = counter + 1: null

2018-12-04 10:38:45 - [TEST_STEP][PASSED] - Statement - PreSaveFile = new java.io.File(((pathPrefix + java.lang.Integer.toString(counter)) + .png)): null

2018-12-04 10:38:45 - [TEST_STEP][PASSED] - Statement - counter = counter + 1: null

2018-12-04 10:38:45 - [TEST_STEP][PASSED] - Statement - PreSaveFile = new java.io.File(((pathPrefix + java.lang.Integer.toString(counter)) + .png)): null

2018-12-04 10:38:45 - [TEST_STEP][PASSED] - Statement - counter = counter + 1: null

2018-12-04 10:38:45 - [TEST_STEP][PASSED] - Statement - PreSaveFile = new java.io.File(((pathPrefix + java.lang.Integer.toString(counter)) + .png)): null

2018-12-04 10:38:45 - [TEST_STEP][PASSED] - Statement - counter = counter + 1: null

2018-12-04 10:38:45 - [TEST_STEP][PASSED] - Statement - PreSaveFile = new java.io.File(((pathPrefix + java.lang.Integer.toString(counter)) + .png)): null

2018-12-04 10:38:45 - [TEST_STEP][PASSED] - Statement - counter = counter + 1: null

2018-12-04 10:38:47 - [TEST_STEP][PASSED] - Statement - PreSaveFile = new java.io.File(((pathPrefix + java.lang.Integer.toString(counter)) + .png)): null

2018-12-04 10:38:47 - [TEST_STEP][PASSED] - Statement - counter = counter + 1: null

2018-12-04 10:38:47 - [TEST_STEP][PASSED] - Statement - PreSaveFile = new java.io.File(((pathPrefix + java.lang.Integer.toString(counter)) + .png)): null

2018-12-04 10:38:47 - [TEST_STEP][PASSED] - Statement - counter = counter + 1: null

2018-12-04 10:38:47 - [TEST_STEP][PASSED] - Statement - PreSaveFile = new java.io.File(((pathPrefix + java.lang.Integer.toString(counter)) + .png)): null

2018-12-04 10:38:47 - [TEST_STEP][PASSED] - Statement - counter = counter + 1: null

2018-12-04 10:38:47 - [TEST_STEP][PASSED] - Statement - PreSaveFile = new java.io.File(((pathPrefix + java.lang.Integer.toString(counter)) + .png)): null

2018-12-04 10:38:47 - [TEST_STEP][PASSED] - Statement - counter = counter + 1: null

2018-12-04 10:38:47 - [TEST_STEP][PASSED] - Statement - PreSaveFile = new java.io.File(((pathPrefix + java.lang.Integer.toString(counter)) + .png)): null

2018-12-04 10:38:47 - [TEST_STEP][PASSED] - Statement - counter = counter + 1: null

2018-12-04 10:38:49 - [TEST_STEP][PASSED] - Statement - PreSaveFile = new java.io.File(((pathPrefix + java.lang.Integer.toString(counter)) + .png)): null

2018-12-04 10:38:49 - [TEST_STEP][PASSED] - Statement - counter = counter + 1: null

2018-12-04 10:38:49 - [TEST_STEP][PASSED] - Statement - PreSaveFile = new java.io.File(((pathPrefix + java.lang.Integer.toString(counter)) + .png)): null

2018-12-04 10:38:49 - [TEST_STEP][PASSED] - Statement - counter = counter + 1: null

2018-12-04 10:38:49 - [TEST_STEP][PASSED] - Statement - PreSaveFile = new java.io.File(((pathPrefix + java.lang.Integer.toString(counter)) + .png)): null

2018-12-04 10:38:49 - [TEST_STEP][PASSED] - Statement - counter = counter + 1: null

2018-12-04 10:38:49 - [TEST_STEP][PASSED] - Statement - PreSaveFile = new java.io.File(((pathPrefix + java.lang.Integer.toString(counter)) + .png)): null

2018-12-04 10:38:49 - [TEST_STEP][PASSED] - Statement - counter = counter + 1: null

2018-12-04 10:38:49 - [TEST_STEP][PASSED] - Statement - PreSaveFile = new java.io.File(((pathPrefix + java.lang.Integer.toString(counter)) + .png)): null

2018-12-04 10:38:51 - [TEST_STEP][PASSED] - Statement - counter = counter + 1: null

2018-12-04 10:38:51 - [TEST_STEP][PASSED] - Statement - PreSaveFile = new java.io.File(((pathPrefix + java.lang.Integer.toString(counter)) + .png)): null

2018-12-04 10:38:51 - [TEST_STEP][PASSED] - Statement - counter = counter + 1: null

2018-12-04 10:38:51 - [TEST_STEP][PASSED] - Statement - PreSaveFile = new java.io.File(((pathPrefix + java.lang.Integer.toString(counter)) + .png)): null

2018-12-04 10:38:51 - [TEST_STEP][PASSED] - Statement - counter = counter + 1: null

2018-12-04 10:38:51 - [TEST_STEP][PASSED] - Statement - PreSaveFile = new java.io.File(((pathPrefix + java.lang.Integer.toString(counter)) + .png)): null

2018-12-04 10:38:51 - [TEST_STEP][PASSED] - Statement - counter = counter + 1: null

2018-12-04 10:38:51 - [TEST_STEP][PASSED] - Statement - PreSaveFile = new java.io.File(((pathPrefix + java.lang.Integer.toString(counter)) + .png)): null

2018-12-04 10:38:51 - [TEST_STEP][PASSED] - Statement - counter = counter + 1: null

2018-12-04 10:38:53 - [TEST_STEP][PASSED] - Statement - PreSaveFile = new java.io.File(((pathPrefix + java.lang.Integer.toString(counter)) + .png)): null

2018-12-04 10:38:53 - [TEST_STEP][PASSED] - Statement - counter = counter + 1: null

2018-12-04 10:38:53 - [TEST_STEP][PASSED] - Statement - PreSaveFile = new java.io.File(((pathPrefix + java.lang.Integer.toString(counter)) + .png)): null

2018-12-04 10:38:53 - [TEST_STEP][PASSED] - Statement - counter = counter + 1: null

2018-12-04 10:38:53 - [TEST_STEP][PASSED] - Statement - PreSaveFile = new java.io.File(((pathPrefix + java.lang.Integer.toString(counter)) + .png)): null

2018-12-04 10:38:53 - [TEST_STEP][PASSED] - Statement - counter = counter + 1: null

2018-12-04 10:38:53 - [TEST_STEP][PASSED] - Statement - PreSaveFile = new java.io.File(((pathPrefix + java.lang.Integer.toString(counter)) + .png)): null

2018-12-04 10:38:53 - [TEST_STEP][PASSED] - Statement - counter = counter + 1: null

2018-12-04 10:38:53 - [TEST_STEP][PASSED] - Statement - PreSaveFile = new java.io.File(((pathPrefix + java.lang.Integer.toString(counter)) + .png)): null

2018-12-04 10:38:53 - [TEST_STEP][PASSED] - Statement - counter = counter + 1: null

2018-12-04 10:38:55 - [TEST_STEP][PASSED] - Statement - PreSaveFile = new java.io.File(((pathPrefix + java.lang.Integer.toString(counter)) + .png)): null

2018-12-04 10:38:55 - [TEST_STEP][PASSED] - Statement - counter = counter + 1: null

2018-12-04 10:38:55 - [TEST_STEP][PASSED] - Statement - PreSaveFile = new java.io.File(((pathPrefix + java.lang.Integer.toString(counter)) + .png)): null

2018-12-04 10:38:55 - [TEST_STEP][PASSED] - Statement - counter = counter + 1: null

2018-12-04 10:38:55 - [TEST_STEP][PASSED] - Statement - PreSaveFile = new java.io.File(((pathPrefix + java.lang.Integer.toString(counter)) + .png)): null

2018-12-04 10:38:55 - [TEST_STEP][PASSED] - Statement - counter = counter + 1: null

2018-12-04 10:38:55 - [TEST_STEP][PASSED] - Statement - PreSaveFile = new java.io.File(((pathPrefix + java.lang.Integer.toString(counter)) + .png)): null

2018-12-04 10:38:55 - [TEST_STEP][PASSED] - Statement - counter = counter + 1: null

2018-12-04 10:38:55 - [TEST_STEP][PASSED] - Statement - PreSaveFile = new java.io.File(((pathPrefix + java.lang.Integer.toString(counter)) + .png)): null

2018-12-04 10:38:55 - [TEST_STEP][PASSED] - Statement - counter = counter + 1: null

2018-12-04 10:38:57 - [TEST_STEP][PASSED] - Statement - PreSaveFile = new java.io.File(((pathPrefix + java.lang.Integer.toString(counter)) + .png)): null

2018-12-04 10:38:57 - [TEST_STEP][PASSED] - Statement - counter = counter + 1: null

2018-12-04 10:38:57 - [TEST_STEP][PASSED] - Statement - PreSaveFile = new java.io.File(((pathPrefix + java.lang.Integer.toString(counter)) + .png)): null

2018-12-04 10:38:57 - [TEST_STEP][PASSED] - Statement - counter = counter + 1: null

2018-12-04 10:38:57 - [TEST_STEP][PASSED] - Statement - PreSaveFile = new java.io.File(((pathPrefix + java.lang.Integer.toString(counter)) + .png)): null

2018-12-04 10:38:57 - [TEST_STEP][PASSED] - Statement - counter = counter + 1: null

2018-12-04 10:38:57 - [TEST_STEP][PASSED] - Statement - PreSaveFile = new java.io.File(((pathPrefix + java.lang.Integer.toString(counter)) + .png)): null

2018-12-04 10:38:57 - [TEST_STEP][PASSED] - Statement - counter = counter + 1: null

2018-12-04 10:38:57 - [TEST_STEP][PASSED] - Statement - PreSaveFile = new java.io.File(((pathPrefix + java.lang.Integer.toString(counter)) + .png)): null

2018-12-04 10:38:57 - [TEST_STEP][PASSED] - Statement - counter = counter + 1: null

2018-12-04 10:38:59 - [TEST_STEP][PASSED] - Statement - PreSaveFile = new java.io.File(((pathPrefix + java.lang.Integer.toString(counter)) + .png)): null

2018-12-04 10:38:59 - [TEST_STEP][PASSED] - Statement - counter = counter + 1: null

2018-12-04 10:38:59 - [TEST_STEP][PASSED] - Statement - PreSaveFile = new java.io.File(((pathPrefix + java.lang.Integer.toString(counter)) + .png)): null

2018-12-04 10:38:59 - [TEST_STEP][PASSED] - Statement - counter = counter + 1: null

2018-12-04 10:38:59 - [TEST_STEP][PASSED] - Statement - PreSaveFile = new java.io.File(((pathPrefix + java.lang.Integer.toString(counter)) + .png)): null

2018-12-04 10:38:59 - [TEST_STEP][PASSED] - Statement - counter = counter + 1: null

2018-12-04 10:38:59 - [TEST_STEP][PASSED] - Statement - PreSaveFile = new java.io.File(((pathPrefix + java.lang.Integer.toString(counter)) + .png)): null

2018-12-04 10:38:59 - [TEST_STEP][PASSED] - Statement - counter = counter + 1: null

2018-12-04 10:38:59 - [TEST_STEP][PASSED] - Statement - PreSaveFile = new java.io.File(((pathPrefix + java.lang.Integer.toString(counter)) + .png)): null

2018-12-04 10:39:01 - [TEST_STEP][PASSED] - Statement - counter = counter + 1: null

2018-12-04 10:39:01 - [TEST_STEP][PASSED] - Statement - PreSaveFile = new java.io.File(((pathPrefix + java.lang.Integer.toString(counter)) + .png)): null

2018-12-04 10:39:01 - [TEST_STEP][PASSED] - Statement - counter = counter + 1: null

2018-12-04 10:39:01 - [TEST_STEP][PASSED] - Statement - PreSaveFile = new java.io.File(((pathPrefix + java.lang.Integer.toString(counter)) + .png)): null

2018-12-04 10:39:01 - [TEST_STEP][PASSED] - Statement - counter = counter + 1: null

2018-12-04 10:39:01 - [TEST_STEP][PASSED] - Statement - PreSaveFile = new java.io.File(((pathPrefix + java.lang.Integer.toString(counter)) + .png)): null

2018-12-04 10:39:01 - [TEST_STEP][PASSED] - Statement - counter = counter + 1: null

2018-12-04 10:39:01 - [TEST_STEP][PASSED] - Statement - PreSaveFile = new java.io.File(((pathPrefix + java.lang.Integer.toString(counter)) + .png)): null

2018-12-04 10:39:01 - [TEST_STEP][PASSED] - Statement - counter = counter + 1: null

2018-12-04 10:39:03 - [TEST_STEP][PASSED] - Statement - PreSaveFile = new java.io.File(((pathPrefix + java.lang.Integer.toString(counter)) + .png)): null

2018-12-04 10:39:03 - [TEST_STEP][PASSED] - Statement - counter = counter + 1: null

2018-12-04 10:39:03 - [TEST_STEP][PASSED] - Statement - PreSaveFile = new java.io.File(((pathPrefix + java.lang.Integer.toString(counter)) + .png)): null

2018-12-04 10:39:03 - [TEST_STEP][PASSED] - Statement - counter = counter + 1: null

2018-12-04 10:39:03 - [TEST_STEP][PASSED] - Statement - PreSaveFile = new java.io.File(((pathPrefix + java.lang.Integer.toString(counter)) + .png)): null

2018-12-04 10:39:03 - [TEST_STEP][PASSED] - Statement - counter = counter + 1: null

2018-12-04 10:39:03 - [TEST_STEP][PASSED] - Statement - PreSaveFile = new java.io.File(((pathPrefix + java.lang.Integer.toString(counter)) + .png)): null

2018-12-04 10:39:03 - [TEST_STEP][PASSED] - Statement - counter = counter + 1: null

2018-12-04 10:39:03 - [TEST_STEP][PASSED] - Statement - PreSaveFile = new java.io.File(((pathPrefix + java.lang.Integer.toString(counter)) + .png)): null

2018-12-04 10:39:03 - [TEST_STEP][PASSED] - Statement - counter = counter + 1: null

2018-12-04 10:39:05 - [TEST_STEP][PASSED] - Statement - PreSaveFile = new java.io.File(((pathPrefix + java.lang.Integer.toString(counter)) + .png)): null

2018-12-04 10:39:05 - [TEST_STEP][PASSED] - Statement - counter = counter + 1: null

2018-12-04 10:39:05 - [TEST_STEP][PASSED] - Statement - PreSaveFile = new java.io.File(((pathPrefix + java.lang.Integer.toString(counter)) + .png)): null

2018-12-04 10:39:05 - [TEST_STEP][PASSED] - Statement - counter = counter + 1: null

2018-12-04 10:39:05 - [TEST_STEP][PASSED] - Statement - PreSaveFile = new java.io.File(((pathPrefix + java.lang.Integer.toString(counter)) + .png)): null

2018-12-04 10:39:05 - [TEST_STEP][PASSED] - Statement - counter = counter + 1: null

2018-12-04 10:39:05 - [TEST_STEP][PASSED] - Statement - PreSaveFile = new java.io.File(((pathPrefix + java.lang.Integer.toString(counter)) + .png)): null

2018-12-04 10:39:05 - [TEST_STEP][PASSED] - Statement - counter = counter + 1: null

2018-12-04 10:39:05 - [TEST_STEP][PASSED] - Statement - PreSaveFile = new java.io.File(((pathPrefix + java.lang.Integer.toString(counter)) + .png)): null

2018-12-04 10:39:05 - [TEST_STEP][PASSED] - Statement - counter = counter + 1: null

2018-12-04 10:39:07 - [TEST_STEP][PASSED] - Statement - PreSaveFile = new java.io.File(((pathPrefix + java.lang.Integer.toString(counter)) + .png)): null

2018-12-04 10:39:07 - [TEST_STEP][PASSED] - Statement - counter = counter + 1: null

2018-12-04 10:39:07 - [TEST_STEP][PASSED] - Statement - PreSaveFile = new java.io.File(((pathPrefix + java.lang.Integer.toString(counter)) + .png)): null

2018-12-04 10:39:07 - [TEST_STEP][PASSED] - Statement - counter = counter + 1: null

2018-12-04 10:39:07 - [TEST_STEP][PASSED] - Statement - PreSaveFile = new java.io.File(((pathPrefix + java.lang.Integer.toString(counter)) + .png)): null

2018-12-04 10:39:07 - [TEST_STEP][PASSED] - Statement - counter = counter + 1: null

2018-12-04 10:39:07 - [TEST_STEP][PASSED] - Statement - PreSaveFile = new java.io.File(((pathPrefix + java.lang.Integer.toString(counter)) + .png)): null

2018-12-04 10:39:07 - [TEST_STEP][PASSED] - Statement - counter = counter + 1: null

2018-12-04 10:39:07 - [TEST_STEP][PASSED] - Statement - PreSaveFile = new java.io.File(((pathPrefix + java.lang.Integer.toString(counter)) + .png)): null

2018-12-04 10:39:09 - [TEST_STEP][PASSED] - Statement - counter = counter + 1: null

2018-12-04 10:39:09 - [TEST_STEP][PASSED] - Statement - PreSaveFile = new java.io.File(((pathPrefix + java.lang.Integer.toString(counter)) + .png)): null

2018-12-04 10:39:09 - [TEST_STEP][PASSED] - Statement - counter = counter + 1: null

2018-12-04 10:39:09 - [TEST_STEP][PASSED] - Statement - PreSaveFile = new java.io.File(((pathPrefix + java.lang.Integer.toString(counter)) + .png)): null

2018-12-04 10:39:09 - [TEST_STEP][PASSED] - Statement - counter = counter + 1: null

2018-12-04 10:39:09 - [TEST_STEP][PASSED] - Statement - PreSaveFile = new java.io.File(((pathPrefix + java.lang.Integer.toString(counter)) + .png)): null

2018-12-04 10:39:09 - [TEST_STEP][PASSED] - Statement - counter = counter + 1: null

2018-12-04 10:39:09 - [TEST_STEP][PASSED] - Statement - PreSaveFile = new java.io.File(((pathPrefix + java.lang.Integer.toString(counter)) + .png)): null

2018-12-04 10:39:09 - [TEST_STEP][PASSED] - Statement - counter = counter + 1: null

2018-12-04 10:39:09 - [TEST_STEP][PASSED] - Statement - PreSaveFile = new java.io.File(((pathPrefix + java.lang.Integer.toString(counter)) + .png)): null

2018-12-04 10:39:11 - [TEST_STEP][PASSED] - Statement - counter = counter + 1: null

2018-12-04 10:39:11 - [TEST_STEP][PASSED] - Statement - PreSaveFile = new java.io.File(((pathPrefix + java.lang.Integer.toString(counter)) + .png)): null

2018-12-04 10:39:11 - [TEST_STEP][PASSED] - Statement - counter = counter + 1: null

2018-12-04 10:39:11 - [TEST_STEP][PASSED] - Statement - PreSaveFile = new java.io.File(((pathPrefix + java.lang.Integer.toString(counter)) + .png)): null

2018-12-04 10:39:11 - [TEST_STEP][PASSED] - Statement - counter = counter + 1: null

2018-12-04 10:39:11 - [TEST_STEP][PASSED] - Statement - PreSaveFile = new java.io.File(((pathPrefix + java.lang.Integer.toString(counter)) + .png)): null

2018-12-04 10:39:11 - [TEST_STEP][PASSED] - Statement - counter = counter + 1: null

2018-12-04 10:39:11 - [TEST_STEP][PASSED] - Statement - PreSaveFile = new java.io.File(((pathPrefix + java.lang.Integer.toString(counter)) + .png)): null

2018-12-04 10:39:11 - [TEST_STEP][PASSED] - Statement - counter = counter + 1: null

2018-12-04 10:39:13 - [TEST_STEP][PASSED] - Statement - PreSaveFile = new java.io.File(((pathPrefix + java.lang.Integer.toString(counter)) + .png)): null

2018-12-04 10:39:13 - [TEST_STEP][PASSED] - Statement - counter = counter + 1: null

2018-12-04 10:39:13 - [TEST_STEP][PASSED] - Statement - PreSaveFile = new java.io.File(((pathPrefix + java.lang.Integer.toString(counter)) + .png)): null

2018-12-04 10:39:13 - [TEST_STEP][PASSED] - Statement - counter = counter + 1: null

2018-12-04 10:39:13 - [TEST_STEP][PASSED] - Statement - PreSaveFile = new java.io.File(((pathPrefix + java.lang.Integer.toString(counter)) + .png)): null

2018-12-04 10:39:13 - [TEST_STEP][PASSED] - Statement - counter = counter + 1: null

2018-12-04 10:39:13 - [TEST_STEP][PASSED] - Statement - PreSaveFile = new java.io.File(((pathPrefix + java.lang.Integer.toString(counter)) + .png)): null

2018-12-04 10:39:13 - [TEST_STEP][PASSED] - Statement - counter = counter + 1: null

2018-12-04 10:39:13 - [TEST_STEP][PASSED] - Statement - PreSaveFile = new java.io.File(((pathPrefix + java.lang.Integer.toString(counter)) + .png)): null

2018-12-04 10:39:13 - [TEST_STEP][PASSED] - Statement - counter = counter + 1: null

2018-12-04 10:39:15 - [TEST_STEP][PASSED] - Statement - PreSaveFile = new java.io.File(((pathPrefix + java.lang.Integer.toString(counter)) + .png)): null

2018-12-04 10:39:15 - [TEST_STEP][PASSED] - Statement - counter = counter + 1: null

2018-12-04 10:39:15 - [TEST_STEP][PASSED] - Statement - PreSaveFile = new java.io.File(((pathPrefix + java.lang.Integer.toString(counter)) + .png)): null

2018-12-04 10:39:15 - [TEST_STEP][PASSED] - Statement - counter = counter + 1: null

2018-12-04 10:39:15 - [TEST_STEP][PASSED] - Statement - PreSaveFile = new java.io.File(((pathPrefix + java.lang.Integer.toString(counter)) + .png)): null

2018-12-04 10:39:15 - [TEST_STEP][PASSED] - Statement - counter = counter + 1: null

2018-12-04 10:39:15 - [TEST_STEP][PASSED] - Statement - PreSaveFile = new java.io.File(((pathPrefix + java.lang.Integer.toString(counter)) + .png)): null

2018-12-04 10:39:15 - [TEST_STEP][PASSED] - Statement - counter = counter + 1: null

2018-12-04 10:39:15 - [TEST_STEP][PASSED] - Statement - PreSaveFile = new java.io.File(((pathPrefix + java.lang.Integer.toString(counter)) + .png)): null

2018-12-04 10:39:15 - [TEST_STEP][PASSED] - Statement - counter = counter + 1: null

2018-12-04 10:39:17 - [TEST_STEP][PASSED] - Statement - PreSaveFile = new java.io.File(((pathPrefix + java.lang.Integer.toString(counter)) + .png)): null

2018-12-04 10:39:17 - [TEST_STEP][PASSED] - Statement - counter = counter + 1: null

2018-12-04 10:39:17 - [TEST_STEP][PASSED] - Statement - PreSaveFile = new java.io.File(((pathPrefix + java.lang.Integer.toString(counter)) + .png)): null

2018-12-04 10:39:17 - [TEST_STEP][PASSED] - Statement - counter = counter + 1: null

2018-12-04 10:39:17 - [TEST_STEP][PASSED] - Statement - PreSaveFile = new java.io.File(((pathPrefix + java.lang.Integer.toString(counter)) + .png)): null

2018-12-04 10:39:17 - [TEST_STEP][PASSED] - Statement - counter = counter + 1: null

2018-12-04 10:39:17 - [TEST_STEP][PASSED] - Statement - PreSaveFile = new java.io.File(((pathPrefix + java.lang.Integer.toString(counter)) + .png)): null

2018-12-04 10:39:17 - [TEST_STEP][PASSED] - Statement - counter = counter + 1: null

2018-12-04 10:39:17 - [TEST_STEP][PASSED] - Statement - PreSaveFile = new java.io.File(((pathPrefix + java.lang.Integer.toString(counter)) + .png)): null

2018-12-04 10:39:19 - [TEST_STEP][PASSED] - Statement - counter = counter + 1: null

2018-12-04 10:39:19 - [TEST_STEP][PASSED] - Statement - PreSaveFile = new java.io.File(((pathPrefix + java.lang.Integer.toString(counter)) + .png)): null

2018-12-04 10:39:19 - [TEST_STEP][PASSED] - Statement - counter = counter + 1: null

2018-12-04 10:39:19 - [TEST_STEP][PASSED] - Statement - PreSaveFile = new java.io.File(((pathPrefix + java.lang.Integer.toString(counter)) + .png)): null

2018-12-04 10:39:19 - [TEST_STEP][PASSED] - Statement - counter = counter + 1: null

2018-12-04 10:39:19 - [TEST_STEP][PASSED] - Statement - PreSaveFile = new java.io.File(((pathPrefix + java.lang.Integer.toString(counter)) + .png)): null

2018-12-04 10:39:19 - [TEST_STEP][PASSED] - Statement - counter = counter + 1: null

2018-12-04 10:39:19 - [TEST_STEP][PASSED] - Statement - PreSaveFile = new java.io.File(((pathPrefix + java.lang.Integer.toString(counter)) + .png)): null

2018-12-04 10:39:19 - [TEST_STEP][PASSED] - Statement - counter = counter + 1: null

2018-12-04 10:39:21 - [TEST_STEP][PASSED] - Statement - PreSaveFile = new java.io.File(((pathPrefix + java.lang.Integer.toString(counter)) + .png)): null

2018-12-04 10:39:21 - [TEST_STEP][PASSED] - Statement - counter = counter + 1: null

2018-12-04 10:39:21 - [TEST_STEP][PASSED] - Statement - PreSaveFile = new java.io.File(((pathPrefix + java.lang.Integer.toString(counter)) + .png)): null

2018-12-04 10:39:21 - [TEST_STEP][PASSED] - Statement - counter = counter + 1: null

2018-12-04 10:39:21 - [TEST_STEP][PASSED] - Statement - PreSaveFile = new java.io.File(((pathPrefix + java.lang.Integer.toString(counter)) + .png)): null

2018-12-04 10:39:21 - [TEST_STEP][PASSED] - Statement - counter = counter + 1: null

2018-12-04 10:39:21 - [TEST_STEP][PASSED] - Statement - PreSaveFile = new java.io.File(((pathPrefix + java.lang.Integer.toString(counter)) + .png)): null

2018-12-04 10:39:21 - [TEST_STEP][PASSED] - Statement - counter = counter + 1: null

2018-12-04 10:39:21 - [TEST_STEP][PASSED] - Statement - PreSaveFile = new java.io.File(((pathPrefix + java.lang.Integer.toString(counter)) + .png)): null

2018-12-04 10:39:21 - [TEST_STEP][PASSED] - Statement - counter = counter + 1: null

2018-12-04 10:39:23 - [TEST_STEP][PASSED] - Statement - PreSaveFile = new java.io.File(((pathPrefix + java.lang.Integer.toString(counter)) + .png)): null

2018-12-04 10:39:23 - [TEST_STEP][PASSED] - Statement - counter = counter + 1: null

2018-12-04 10:39:23 - [TEST_STEP][PASSED] - Statement - PreSaveFile = new java.io.File(((pathPrefix + java.lang.Integer.toString(counter)) + .png)): null

2018-12-04 10:39:23 - [TEST_STEP][PASSED] - Statement - counter = counter + 1: null

2018-12-04 10:39:23 - [TEST_STEP][PASSED] - Statement - PreSaveFile = new java.io.File(((pathPrefix + java.lang.Integer.toString(counter)) + .png)): null

2018-12-04 10:39:23 - [TEST_STEP][PASSED] - Statement - counter = counter + 1: null

2018-12-04 10:39:23 - [TEST_STEP][PASSED] - Statement - PreSaveFile = new java.io.File(((pathPrefix + java.lang.Integer.toString(counter)) + .png)): null

2018-12-04 10:39:23 - [TEST_STEP][PASSED] - Statement - counter = counter + 1: null

2018-12-04 10:39:23 - [TEST_STEP][PASSED] - Statement - PreSaveFile = new java.io.File(((pathPrefix + java.lang.Integer.toString(counter)) + .png)): null

2018-12-04 10:39:23 - [TEST_STEP][PASSED] - Statement - counter = counter + 1: null

2018-12-04 10:39:25 - [TEST_STEP][PASSED] - Statement - PreSaveFile = new java.io.File(((pathPrefix + java.lang.Integer.toString(counter)) + .png)): null

2018-12-04 10:39:25 - [TEST_STEP][PASSED] - Statement - counter = counter + 1: null

2018-12-04 10:39:25 - [TEST_STEP][PASSED] - Statement - PreSaveFile = new java.io.File(((pathPrefix + java.lang.Integer.toString(counter)) + .png)): null

2018-12-04 10:39:25 - [TEST_STEP][PASSED] - Statement - counter = counter + 1: null

2018-12-04 10:39:25 - [TEST_STEP][PASSED] - Statement - PreSaveFile = new java.io.File(((pathPrefix + java.lang.Integer.toString(counter)) + .png)): null

2018-12-04 10:39:25 - [TEST_STEP][PASSED] - Statement - counter = counter + 1: null

2018-12-04 10:39:25 - [TEST_STEP][PASSED] - Statement - PreSaveFile = new java.io.File(((pathPrefix + java.lang.Integer.toString(counter)) + .png)): null

2018-12-04 10:39:25 - [TEST_STEP][PASSED] - Statement - counter = counter + 1: null

2018-12-04 10:39:25 - [TEST_STEP][PASSED] - Statement - PreSaveFile = new java.io.File(((pathPrefix + java.lang.Integer.toString(counter)) + .png)): null

2018-12-04 10:39:25 - [TEST_STEP][PASSED] - Statement - counter = counter + 1: null

2018-12-04 10:39:27 - [TEST_STEP][PASSED] - Statement - PreSaveFile = new java.io.File(((pathPrefix + java.lang.Integer.toString(counter)) + .png)): null

2018-12-04 10:39:27 - [TEST_STEP][PASSED] - Statement - counter = counter + 1: null

2018-12-04 10:39:27 - [TEST_STEP][PASSED] - Statement - PreSaveFile = new java.io.File(((pathPrefix + java.lang.Integer.toString(counter)) + .png)): null

2018-12-04 10:39:27 - [TEST_STEP][PASSED] - Statement - counter = counter + 1: null

2018-12-04 10:39:27 - [TEST_STEP][PASSED] - Statement - PreSaveFile = new java.io.File(((pathPrefix + java.lang.Integer.toString(counter)) + .png)): null

2018-12-04 10:39:27 - [TEST_STEP][PASSED] - Statement - counter = counter + 1: null

2018-12-04 10:39:27 - [TEST_STEP][PASSED] - Statement - PreSaveFile = new java.io.File(((pathPrefix + java.lang.Integer.toString(counter)) + .png)): null

2018-12-04 10:39:27 - [TEST_STEP][PASSED] - Statement - counter = counter + 1: null

2018-12-04 10:39:27 - [TEST_STEP][PASSED] - Statement - PreSaveFile = new java.io.File(((pathPrefix + java.lang.Integer.toString(counter)) + .png)): null

2018-12-04 10:39:30 - [TEST_STEP][PASSED] - Statement - counter = counter + 1: null

2018-12-04 10:39:30 - [TEST_STEP][PASSED] - Statement - PreSaveFile = new java.io.File(((pathPrefix + java.lang.Integer.toString(counter)) + .png)): null

2018-12-04 10:39:30 - [TEST_STEP][PASSED] - Statement - counter = counter + 1: null

2018-12-04 10:39:30 - [TEST_STEP][PASSED] - Statement - PreSaveFile = new java.io.File(((pathPrefix + java.lang.Integer.toString(counter)) + .png)): null

2018-12-04 10:39:30 - [TEST_STEP][PASSED] - Statement - counter = counter + 1: null

2018-12-04 10:39:30 - [TEST_STEP][PASSED] - Statement - PreSaveFile = new java.io.File(((pathPrefix + java.lang.Integer.toString(counter)) + .png)): null

2018-12-04 10:39:30 - [TEST_STEP][PASSED] - Statement - counter = counter + 1: null

2018-12-04 10:39:30 - [TEST_STEP][PASSED] - Statement - PreSaveFile = new java.io.File(((pathPrefix + java.lang.Integer.toString(counter)) + .png)): null

2018-12-04 10:39:30 - [TEST_STEP][PASSED] - Statement - counter = counter + 1: null

2018-12-04 10:39:32 - [TEST_STEP][PASSED] - Statement - PreSaveFile = new java.io.File(((pathPrefix + java.lang.Integer.toString(counter)) + .png)): null

2018-12-04 10:39:32 - [TEST_STEP][PASSED] - Statement - counter = counter + 1: null

2018-12-04 10:39:32 - [TEST_STEP][PASSED] - Statement - PreSaveFile = new java.io.File(((pathPrefix + java.lang.Integer.toString(counter)) + .png)): null

2018-12-04 10:39:32 - [TEST_STEP][PASSED] - Statement - counter = counter + 1: null

2018-12-04 10:39:32 - [TEST_STEP][PASSED] - Statement - PreSaveFile = new java.io.File(((pathPrefix + java.lang.Integer.toString(counter)) + .png)): null

2018-12-04 10:39:32 - [TEST_STEP][PASSED] - Statement - counter = counter + 1: null

2018-12-04 10:39:32 - [TEST_STEP][PASSED] - Statement - PreSaveFile = new java.io.File(((pathPrefix + java.lang.Integer.toString(counter)) + .png)): null

2018-12-04 10:39:32 - [TEST_STEP][PASSED] - Statement - counter = counter + 1: null

2018-12-04 10:39:32 - [TEST_STEP][PASSED] - Statement - PreSaveFile = new java.io.File(((pathPrefix + java.lang.Integer.toString(counter)) + .png)): null

2018-12-04 10:39:32 - [TEST_STEP][PASSED] - Statement - counter = counter + 1: null

2018-12-04 10:39:34 - [TEST_STEP][PASSED] - Statement - PreSaveFile = new java.io.File(((pathPrefix + java.lang.Integer.toString(counter)) + .png)): null

2018-12-04 10:39:34 - [TEST_STEP][PASSED] - Statement - counter = counter + 1: null

2018-12-04 10:39:34 - [TEST_STEP][PASSED] - Statement - PreSaveFile = new java.io.File(((pathPrefix + java.lang.Integer.toString(counter)) + .png)): null

2018-12-04 10:39:34 - [TEST_STEP][PASSED] - Statement - counter = counter + 1: null

2018-12-04 10:39:34 - [TEST_STEP][PASSED] - Statement - PreSaveFile = new java.io.File(((pathPrefix + java.lang.Integer.toString(counter)) + .png)): null

2018-12-04 10:39:34 - [TEST_STEP][PASSED] - Statement - counter = counter + 1: null

2018-12-04 10:39:34 - [TEST_STEP][PASSED] - Statement - PreSaveFile = new java.io.File(((pathPrefix + java.lang.Integer.toString(counter)) + .png)): null

2018-12-04 10:39:34 - [TEST_STEP][PASSED] - Statement - counter = counter + 1: null

2018-12-04 10:39:34 - [TEST_STEP][PASSED] - Statement - PreSaveFile = new java.io.File(((pathPrefix + java.lang.Integer.toString(counter)) + .png)): null

2018-12-04 10:39:34 - [TEST_STEP][PASSED] - Statement - counter = counter + 1: null

2018-12-04 10:39:36 - [TEST_STEP][PASSED] - Statement - PreSaveFile = new java.io.File(((pathPrefix + java.lang.Integer.toString(counter)) + .png)): null

2018-12-04 10:39:36 - [TEST_STEP][PASSED] - Statement - counter = counter + 1: null

2018-12-04 10:39:36 - [TEST_STEP][PASSED] - Statement - PreSaveFile = new java.io.File(((pathPrefix + java.lang.Integer.toString(counter)) + .png)): null

2018-12-04 10:39:36 - [TEST_STEP][PASSED] - Statement - counter = counter + 1: null

2018-12-04 10:39:36 - [TEST_STEP][PASSED] - Statement - PreSaveFile = new java.io.File(((pathPrefix + java.lang.Integer.toString(counter)) + .png)): null

2018-12-04 10:39:36 - [TEST_STEP][PASSED] - Statement - counter = counter + 1: null

2018-12-04 10:39:36 - [TEST_STEP][PASSED] - Statement - PreSaveFile = new java.io.File(((pathPrefix + java.lang.Integer.toString(counter)) + .png)): null

2018-12-04 10:39:36 - [TEST_STEP][PASSED] - Statement - counter = counter + 1: null

2018-12-04 10:39:36 - [TEST_STEP][PASSED] - Statement - PreSaveFile = new java.io.File(((pathPrefix + java.lang.Integer.toString(counter)) + .png)): null

2018-12-04 10:39:39 - [TEST_STEP][PASSED] - Statement - counter = counter + 1: null

2018-12-04 10:39:39 - [TEST_STEP][PASSED] - Statement - PreSaveFile = new java.io.File(((pathPrefix + java.lang.Integer.toString(counter)) + .png)): null

2018-12-04 10:39:39 - [TEST_STEP][PASSED] - Statement - counter = counter + 1: null

2018-12-04 10:39:39 - [TEST_STEP][PASSED] - Statement - PreSaveFile = new java.io.File(((pathPrefix + java.lang.Integer.toString(counter)) + .png)): null

2018-12-04 10:39:39 - [TEST_STEP][PASSED] - Statement - counter = counter + 1: null

2018-12-04 10:39:39 - [TEST_STEP][PASSED] - Statement - PreSaveFile = new java.io.File(((pathPrefix + java.lang.Integer.toString(counter)) + .png)): null

2018-12-04 10:39:39 - [TEST_STEP][PASSED] - Statement - counter = counter + 1: null

2018-12-04 10:39:39 - [TEST_STEP][PASSED] - Statement - PreSaveFile = new java.io.File(((pathPrefix + java.lang.Integer.toString(counter)) + .png)): null

2018-12-04 10:39:39 - [TEST_STEP][PASSED] - Statement - counter = counter + 1: null

2018-12-04 10:39:39 - [TEST_STEP][PASSED] - Statement - PreSaveFile = new java.io.File(((pathPrefix + java.lang.Integer.toString(counter)) + .png)): null

2018-12-04 10:39:41 - [TEST_STEP][PASSED] - Statement - counter = counter + 1: null

2018-12-04 10:39:41 - [TEST_STEP][PASSED] - Statement - PreSaveFile = new java.io.File(((pathPrefix + java.lang.Integer.toString(counter)) + .png)): null

2018-12-04 10:39:41 - [TEST_STEP][PASSED] - Statement - counter = counter + 1: null

2018-12-04 10:39:41 - [TEST_STEP][PASSED] - Statement - PreSaveFile = new java.io.File(((pathPrefix + java.lang.Integer.toString(counter)) + .png)): null

2018-12-04 10:39:41 - [TEST_STEP][PASSED] - Statement - counter = counter + 1: null

2018-12-04 10:39:41 - [TEST_STEP][PASSED] - Statement - PreSaveFile = new java.io.File(((pathPrefix + java.lang.Integer.toString(counter)) + .png)): null

2018-12-04 10:39:41 - [TEST_STEP][PASSED] - Statement - counter = counter + 1: null

2018-12-04 10:39:41 - [TEST_STEP][PASSED] - Statement - PreSaveFile = new java.io.File(((pathPrefix + java.lang.Integer.toString(counter)) + .png)): null

2018-12-04 10:39:41 - [TEST_STEP][PASSED] - Statement - counter = counter + 1: null

2018-12-04 10:39:44 - [TEST_STEP][PASSED] - Statement - PreSaveFile = new java.io.File(((pathPrefix + java.lang.Integer.toString(counter)) + .png)): null

2018-12-04 10:39:44 - [TEST_STEP][PASSED] - Statement - counter = counter + 1: null

2018-12-04 10:39:44 - [TEST_STEP][PASSED] - Statement - PreSaveFile = new java.io.File(((pathPrefix + java.lang.Integer.toString(counter)) + .png)): null

2018-12-04 10:39:44 - [TEST_STEP][PASSED] - Statement - counter = counter + 1: null

2018-12-04 10:39:44 - [TEST_STEP][PASSED] - Statement - PreSaveFile = new java.io.File(((pathPrefix + java.lang.Integer.toString(counter)) + .png)): null

2018-12-04 10:39:44 - [TEST_STEP][PASSED] - Statement - counter = counter + 1: null

2018-12-04 10:39:44 - [TEST_STEP][PASSED] - Statement - PreSaveFile = new java.io.File(((pathPrefix + java.lang.Integer.toString(counter)) + .png)): null

2018-12-04 10:39:44 - [TEST_STEP][PASSED] - Statement - counter = counter + 1: null

2018-12-04 10:39:44 - [TEST_STEP][PASSED] - Statement - PreSaveFile = new java.io.File(((pathPrefix + java.lang.Integer.toString(counter)) + .png)): null

2018-12-04 10:39:44 - [TEST_STEP][PASSED] - Statement - counter = counter + 1: null

2018-12-04 10:39:46 - [TEST_STEP][PASSED] - Statement - PreSaveFile = new java.io.File(((pathPrefix + java.lang.Integer.toString(counter)) + .png)): null

2018-12-04 10:39:46 - [TEST_STEP][PASSED] - Statement - counter = counter + 1: null

2018-12-04 10:39:46 - [TEST_STEP][PASSED] - Statement - PreSaveFile = new java.io.File(((pathPrefix + java.lang.Integer.toString(counter)) + .png)): null

2018-12-04 10:39:46 - [TEST_STEP][PASSED] - Statement - counter = counter + 1: null

2018-12-04 10:39:46 - [TEST_STEP][PASSED] - Statement - PreSaveFile = new java.io.File(((pathPrefix + java.lang.Integer.toString(counter)) + .png)): null

2018-12-04 10:39:46 - [TEST_STEP][PASSED] - Statement - counter = counter + 1: null

2018-12-04 10:39:46 - [TEST_STEP][PASSED] - Statement - PreSaveFile = new java.io.File(((pathPrefix + java.lang.Integer.toString(counter)) + .png)): null

2018-12-04 10:39:46 - [TEST_STEP][PASSED] - Statement - counter = counter + 1: null

2018-12-04 10:39:46 - [TEST_STEP][PASSED] - Statement - PreSaveFile = new java.io.File(((pathPrefix + java.lang.Integer.toString(counter)) + .png)): null

2018-12-04 10:39:46 - [TEST_STEP][PASSED] - Statement - counter = counter + 1: null

2018-12-04 10:39:48 - [TEST_STEP][PASSED] - Statement - PreSaveFile = new java.io.File(((pathPrefix + java.lang.Integer.toString(counter)) + .png)): null

2018-12-04 10:39:48 - [TEST_STEP][PASSED] - Statement - counter = counter + 1: null

2018-12-04 10:39:48 - [TEST_STEP][PASSED] - Statement - PreSaveFile = new java.io.File(((pathPrefix + java.lang.Integer.toString(counter)) + .png)): null

2018-12-04 10:39:48 - [TEST_STEP][PASSED] - Statement - counter = counter + 1: null

2018-12-04 10:39:48 - [TEST_STEP][PASSED] - Statement - PreSaveFile = new java.io.File(((pathPrefix + java.lang.Integer.toString(counter)) + .png)): null

2018-12-04 10:39:48 - [TEST_STEP][PASSED] - Statement - counter = counter + 1: null

2018-12-04 10:39:48 - [TEST_STEP][PASSED] - Statement - PreSaveFile = new java.io.File(((pathPrefix + java.lang.Integer.toString(counter)) + .png)): null

2018-12-04 10:39:48 - [TEST_STEP][PASSED] - Statement - counter = counter + 1: null

2018-12-04 10:39:48 - [TEST_STEP][PASSED] - Statement - PreSaveFile = new java.io.File(((pathPrefix + java.lang.Integer.toString(counter)) + .png)): null

2018-12-04 10:39:51 - [TEST_STEP][PASSED] - Statement - counter = counter + 1: null

2018-12-04 10:39:51 - [TEST_STEP][PASSED] - Statement - PreSaveFile = new java.io.File(((pathPrefix + java.lang.Integer.toString(counter)) + .png)): null

2018-12-04 10:39:51 - [TEST_STEP][PASSED] - Statement - counter = counter + 1: null

2018-12-04 10:39:51 - [TEST_STEP][PASSED] - Statement - PreSaveFile = new java.io.File(((pathPrefix + java.lang.Integer.toString(counter)) + .png)): null

2018-12-04 10:39:51 - [TEST_STEP][PASSED] - Statement - counter = counter + 1: null

2018-12-04 10:39:51 - [TEST_STEP][PASSED] - Statement - PreSaveFile = new java.io.File(((pathPrefix + java.lang.Integer.toString(counter)) + .png)): null

2018-12-04 10:39:51 - [TEST_STEP][PASSED] - Statement - counter = counter + 1: null

2018-12-04 10:39:51 - [TEST_STEP][PASSED] - Statement - PreSaveFile = new java.io.File(((pathPrefix + java.lang.Integer.toString(counter)) + .png)): null

2018-12-04 10:39:51 - [TEST_STEP][PASSED] - Statement - counter = counter + 1: null

2018-12-04 10:39:53 - [TEST_STEP][PASSED] - Statement - PreSaveFile = new java.io.File(((pathPrefix + java.lang.Integer.toString(counter)) + .png)): null

2018-12-04 10:39:53 - [TEST_STEP][PASSED] - Statement - finalPath = pathPrefix + java.lang.Integer.toString(counter) + ".png": null

2018-12-04 10:39:53 - [TEST_STEP][PASSED] - Statement - SaveFile = new java.io.File(finalPath): null

2018-12-04 10:39:53 - [TEST_STEP][PASSED] - Statement - Try: null

2018-12-04 10:39:53 - [TEST_STEP][PASSED] - Statement - org.apache.commons.io.FileUtils.copyFile(scrFile, SaveFile): null

2018-12-04 10:39:53 - [TEST_STEP][PASSED] - Statement - out.println("file kept"): null

2018-12-04 10:39:53 - [TEST_STEP][PASSED] - delay: Delayed 10 second(s)

2018-12-04 10:40:03 - [MESSAGE][PASSED] - Delayed 10 second(s)

2018-12-04 10:40:03 - [MESSAGE][PASSED] - Call Test Case 'Test Cases/Final Aug 2018 - PKS Automation/Registration Module/New Registration/Submit and Screenshot/Submit Registration and Screenshot' successfully]]></system-out>
         <system-err><![CDATA[]]></system-err>
      </testcase>
      <testcase name="Test Cases/Final Aug 2018 - PKS Automation/Registration Module/Workflow/New Registration/Case PKR BO to RO - RO Submit" classname="Test Cases/Final Aug 2018 - PKS Automation/Registration Module/Workflow/New Registration/Case PKR BO to RO - RO Submit" status="PASSED">
         <system-out><![CDATA[2018-12-04 10:40:03 - [TEST_CASE][PASSED] - Test Cases/Final Aug 2018 - PKS Automation/Registration Module/Workflow/New Registration/Case PKR BO to RO - RO Submit: Test Cases/Final Aug 2018 - PKS Automation/Registration Module/Workflow/New Registration/Case PKR BO to RO - RO Submit

2018-12-04 10:40:04 - [TEST_STEP][PASSED] - callTestCase: Call Test Case 'Test Cases/Final Aug 2018 - PKS Automation/Registration Module/Workflow/New Registration/Template/Special Case - PKR BO - Form 1' successfully

2018-12-04 10:40:04 - [TEST_CASE][PASSED] - Test Cases/Final Aug 2018 - PKS Automation/Registration Module/Workflow/New Registration/Template/Special Case - PKR BO - Form 1: Test Cases/Final Aug 2018 - PKS Automation/Registration Module/Workflow/New Registration/Template/Special Case - PKR BO - Form 1

2018-12-04 10:40:04 - [TEST_STEP][PASSED] - openBrowser: Browser is opened with url: ''

2018-12-04 10:40:04 - [MESSAGE][WARNING] - A browser is already opened. Closing browser and opening a new one

2018-12-04 10:40:07 - [MESSAGE][PASSED] - Browser is opened with url: ''

2018-12-04 10:40:07 - [TEST_STEP][PASSED] - navigateToUrl: Navigate to 'https://assist2-uat.perkeso.gov.my/login' successfully

2018-12-04 10:40:08 - [MESSAGE][PASSED] - Navigate to 'https://assist2-uat.perkeso.gov.my/login' successfully

2018-12-04 10:40:08 - [TEST_STEP][PASSED] - delay: Delayed 2 second(s)

2018-12-04 10:40:10 - [MESSAGE][PASSED] - Delayed 2 second(s)

2018-12-04 10:40:10 - [TEST_STEP][PASSED] - setText: Text 'klpkrbo2@gmail.com' is set on object 'Object Repository/Final Object Repo/Login Page/Internal User/Email Address'

2018-12-04 10:40:10 - [MESSAGE][PASSED] - Text 'klpkrbo2@gmail.com' is set on object 'Object Repository/Final Object Repo/Login Page/Internal User/Email Address'

2018-12-04 10:40:10 - [TEST_STEP][PASSED] - click: Object: 'Object Repository/Final Object Repo/Login Page/Internal User/Next Button' is clicked on

2018-12-04 10:40:10 - [MESSAGE][PASSED] - Object: 'Object Repository/Final Object Repo/Login Page/Internal User/Next Button' is clicked on

2018-12-04 10:40:10 - [TEST_STEP][PASSED] - delay: Delayed 2 second(s)

2018-12-04 10:40:12 - [MESSAGE][PASSED] - Delayed 2 second(s)

2018-12-04 10:40:12 - [TEST_STEP][PASSED] - setText: Text 'Test1@3456789' is set on object 'Object Repository/Final Object Repo/Login Page/Internal User/Password'

2018-12-04 10:40:13 - [MESSAGE][PASSED] - Text 'Test1@3456789' is set on object 'Object Repository/Final Object Repo/Login Page/Internal User/Password'

2018-12-04 10:40:13 - [TEST_STEP][PASSED] - delay: Delayed 2 second(s)

2018-12-04 10:40:15 - [MESSAGE][PASSED] - Delayed 2 second(s)

2018-12-04 10:40:15 - [TEST_STEP][PASSED] - click: Object: 'Object Repository/Final Object Repo/Login Page/Internal User/Login Button' is clicked on

2018-12-04 10:40:15 - [MESSAGE][PASSED] - Object: 'Object Repository/Final Object Repo/Login Page/Internal User/Login Button' is clicked on

2018-12-04 10:40:15 - [TEST_STEP][PASSED] - Statement - Try: null

2018-12-04 10:40:15 - [TEST_STEP][PASSED] - Statement - Checker = com.kms.katalon.core.webui.keyword.WebUiBuiltInKeywords.verifyElementNotPresent("Final Object Repo/Landing Page/Select to English", 3): null

2018-12-04 10:40:15 - [TEST_STEP][PASSED] - Statement - Catch (Exception e): null

2018-12-04 10:40:15 - [TEST_STEP][PASSED] - Statement - e.printStackTrace(): null

2018-12-04 10:40:15 - [TEST_STEP][PASSED] - delay: Delayed 5 second(s)

2018-12-04 10:40:20 - [MESSAGE][PASSED] - Delayed 5 second(s)

2018-12-04 10:40:20 - [TEST_STEP][PASSED] - click: Object: 'Object Repository/Final Object Repo/Landing Page/My Sites Drop Down' is clicked on

2018-12-04 10:40:20 - [MESSAGE][PASSED] - Object: 'Object Repository/Final Object Repo/Landing Page/My Sites Drop Down' is clicked on

2018-12-04 10:40:20 - [TEST_STEP][PASSED] - click: Object: 'Object Repository/Final Object Repo/Landing Page/Select to Registration Module' is clicked on

2018-12-04 10:40:21 - [MESSAGE][PASSED] - Object: 'Object Repository/Final Object Repo/Landing Page/Select to Registration Module' is clicked on

2018-12-04 10:40:21 - [TEST_STEP][PASSED] - click: Object: 'Object Repository/Final Object Repo/Landing Page/Registration Button' is clicked on

2018-12-04 10:40:23 - [MESSAGE][PASSED] - Object: 'Object Repository/Final Object Repo/Landing Page/Registration Button' is clicked on

2018-12-04 10:40:23 - [TEST_STEP][PASSED] - delay: Delayed 2 second(s)

2018-12-04 10:40:25 - [MESSAGE][PASSED] - Delayed 2 second(s)

2018-12-04 10:40:25 - [TEST_STEP][PASSED] - click: Object: 'Object Repository/Final Object Repo/New Registration - Registration Module Pages/New Reg - OTC to RO/Special Case - OTC - Form 1/AEC NO' is clicked on

2018-12-04 10:40:25 - [MESSAGE][PASSED] - Object: 'Object Repository/Final Object Repo/New Registration - Registration Module Pages/New Reg - OTC to RO/Special Case - OTC - Form 1/AEC NO' is clicked on

2018-12-04 10:40:25 - [TEST_STEP][PASSED] - click: Object: 'Object Repository/Final Object Repo/New Registration - Registration Module Pages/New Reg - OTC to RO/Special Case - OTC - Form 1/Business Entity - Please Select' is clicked on

2018-12-04 10:40:25 - [MESSAGE][PASSED] - Object: 'Object Repository/Final Object Repo/New Registration - Registration Module Pages/New Reg - OTC to RO/Special Case - OTC - Form 1/Business Entity - Please Select' is clicked on

2018-12-04 10:40:25 - [TEST_STEP][PASSED] - click: Object: 'Object Repository/Final Object Repo/New Registration - Registration Module Pages/New Reg - OTC to RO/Special Case - OTC - Form 1/Selected - Corporation' is clicked on

2018-12-04 10:40:25 - [MESSAGE][PASSED] - Object: 'Object Repository/Final Object Repo/New Registration - Registration Module Pages/New Reg - OTC to RO/Special Case - OTC - Form 1/Selected - Corporation' is clicked on

2018-12-04 10:40:25 - [TEST_STEP][PASSED] - delay: Delayed 2 second(s)

2018-12-04 10:40:27 - [MESSAGE][PASSED] - Delayed 2 second(s)

2018-12-04 10:40:27 - [TEST_STEP][PASSED] - click: Object: 'Object Repository/Final Object Repo/New Registration - Registration Module Pages/New Reg - OTC to RO/Special Case - OTC - Form 1/Sub Business Entity - Please Select' is clicked on

2018-12-04 10:40:28 - [MESSAGE][PASSED] - Object: 'Object Repository/Final Object Repo/New Registration - Registration Module Pages/New Reg - OTC to RO/Special Case - OTC - Form 1/Sub Business Entity - Please Select' is clicked on

2018-12-04 10:40:28 - [TEST_STEP][PASSED] - delay: Delayed 2 second(s)

2018-12-04 10:40:30 - [MESSAGE][PASSED] - Delayed 2 second(s)

2018-12-04 10:40:30 - [TEST_STEP][PASSED] - click: Object: 'Object Repository/Final Object Repo/New Registration - Registration Module Pages/New Reg - OTC to RO/Special Case - OTC - Form 1/Selected - Sendirian Berhad' is clicked on

2018-12-04 10:40:30 - [MESSAGE][PASSED] - Object: 'Object Repository/Final Object Repo/New Registration - Registration Module Pages/New Reg - OTC to RO/Special Case - OTC - Form 1/Selected - Sendirian Berhad' is clicked on

2018-12-04 10:40:30 - [TEST_STEP][PASSED] - setText: Text 'AUTOMATE001' is set on object 'Object Repository/Final Object Repo/New Registration - Registration Module Pages/New Reg - OTC to RO/Special Case - OTC - Form 1/Input BRN Number'

2018-12-04 10:40:30 - [MESSAGE][PASSED] - Text 'AUTOMATE001' is set on object 'Object Repository/Final Object Repo/New Registration - Registration Module Pages/New Reg - OTC to RO/Special Case - OTC - Form 1/Input BRN Number'

2018-12-04 10:40:30 - [TEST_STEP][PASSED] - delay: Delayed 2 second(s)

2018-12-04 10:40:32 - [MESSAGE][PASSED] - Delayed 2 second(s)

2018-12-04 10:40:32 - [TEST_STEP][PASSED] - click: Object: 'Object Repository/Final Object Repo/New Registration - Registration Module Pages/New Reg - OTC to RO/Special Case - OTC - Form 1/BRN Search' is clicked on

2018-12-04 10:40:33 - [MESSAGE][PASSED] - Object: 'Object Repository/Final Object Repo/New Registration - Registration Module Pages/New Reg - OTC to RO/Special Case - OTC - Form 1/BRN Search' is clicked on

2018-12-04 10:40:33 - [TEST_STEP][PASSED] - delay: Delayed 4 second(s)

2018-12-04 10:40:37 - [MESSAGE][PASSED] - Delayed 4 second(s)

2018-12-04 10:40:37 - [TEST_STEP][PASSED] - click: Object: 'Object Repository/Final Object Repo/New Registration - Registration Module Pages/New Reg - OTC to RO/Special Case - OTC - Form 1/Registered with SSM - After Feb 2017' is clicked on

2018-12-04 10:40:37 - [MESSAGE][PASSED] - Object: 'Object Repository/Final Object Repo/New Registration - Registration Module Pages/New Reg - OTC to RO/Special Case - OTC - Form 1/Registered with SSM - After Feb 2017' is clicked on

2018-12-04 10:40:37 - [TEST_STEP][PASSED] - delay: Delayed 2 second(s)

2018-12-04 10:40:39 - [MESSAGE][PASSED] - Delayed 2 second(s)

2018-12-04 10:40:39 - [TEST_STEP][PASSED] - click: Object: 'Object Repository/Final Object Repo/New Registration - Registration Module Pages/New Reg - OTC to RO/Special Case - OTC - Form 1/Registering As A Branch - No' is clicked on

2018-12-04 10:40:39 - [MESSAGE][PASSED] - Object: 'Object Repository/Final Object Repo/New Registration - Registration Module Pages/New Reg - OTC to RO/Special Case - OTC - Form 1/Registering As A Branch - No' is clicked on

2018-12-04 10:40:39 - [TEST_STEP][PASSED] - click: Object: 'Object Repository/Final Object Repo/New Registration - Registration Module Pages/New Reg - OTC to RO/Special Case - OTC - Form 1/Acknowledgement Ticked' is clicked on

2018-12-04 10:40:39 - [MESSAGE][PASSED] - Object: 'Object Repository/Final Object Repo/New Registration - Registration Module Pages/New Reg - OTC to RO/Special Case - OTC - Form 1/Acknowledgement Ticked' is clicked on

2018-12-04 10:40:39 - [TEST_STEP][PASSED] - click: Object: 'Object Repository/Final Object Repo/New Registration - Registration Module Pages/New Reg - OTC to RO/Special Case - OTC - Form 1/Submit Button' is clicked on

2018-12-04 10:40:39 - [MESSAGE][PASSED] - Object: 'Object Repository/Final Object Repo/New Registration - Registration Module Pages/New Reg - OTC to RO/Special Case - OTC - Form 1/Submit Button' is clicked on

2018-12-04 10:40:39 - [TEST_STEP][PASSED] - delay: Delayed 2 second(s)

2018-12-04 10:40:41 - [MESSAGE][PASSED] - Delayed 2 second(s)

2018-12-04 10:40:41 - [TEST_STEP][PASSED] - click: Object: 'Object Repository/Final Object Repo/New Registration - Registration Module Pages/New Reg - OTC to RO/Special Case - OTC - Form 1/Confirm No Flagging as Branch' is clicked on

2018-12-04 10:40:41 - [MESSAGE][PASSED] - Object: 'Object Repository/Final Object Repo/New Registration - Registration Module Pages/New Reg - OTC to RO/Special Case - OTC - Form 1/Confirm No Flagging as Branch' is clicked on

2018-12-04 10:40:41 - [MESSAGE][PASSED] - Call Test Case 'Test Cases/Final Aug 2018 - PKS Automation/Registration Module/Workflow/New Registration/Template/Special Case - PKR BO - Form 1' successfully

2018-12-04 10:40:41 - [TEST_STEP][PASSED] - callTestCase: Call Test Case 'Test Cases/Final Aug 2018 - PKS Automation/Registration Module/New Registration/Form 2/Add 1 Eligible' successfully

2018-12-04 10:40:41 - [TEST_CASE][PASSED] - Test Cases/Final Aug 2018 - PKS Automation/Registration Module/New Registration/Form 2/Add 1 Eligible: Test Cases/Final Aug 2018 - PKS Automation/Registration Module/New Registration/Form 2/Add 1 Eligible

2018-12-04 10:40:42 - [TEST_STEP][PASSED] - delay: Delayed 2 second(s)

2018-12-04 10:40:44 - [MESSAGE][PASSED] - Delayed 2 second(s)

2018-12-04 10:40:44 - [TEST_STEP][PASSED] - callTestCase: Call Test Case 'Test Cases/Final Aug 2018 - PKS Automation/Registration Module/New Registration/Form 2/Date Updater' successfully

2018-12-04 10:40:44 - [TEST_CASE][PASSED] - Test Cases/Final Aug 2018 - PKS Automation/Registration Module/New Registration/Form 2/Date Updater: Test Cases/Final Aug 2018 - PKS Automation/Registration Module/New Registration/Form 2/Date Updater

2018-12-04 10:40:44 - [TEST_STEP][PASSED] - Statement - TodayDate = new java.util.Date(): null

2018-12-04 10:40:44 - [TEST_STEP][PASSED] - Statement - CurrentDateNoFilter = new java.text.SimpleDateFormat(): null

2018-12-04 10:40:44 - [TEST_STEP][PASSED] - Statement - CurrentDateNoFilter.applyPattern("MM"): null

2018-12-04 10:40:44 - [TEST_STEP][PASSED] - Statement - monthContainerMatcher = java.lang.Integer.parseInt(CurrentDateNoFilter.format(TodayDate)): null

2018-12-04 10:40:44 - [TEST_STEP][PASSED] - Statement - monthContainerMatcher = monthContainerMatcher - 1: null

2018-12-04 10:40:44 - [TEST_STEP][PASSED] - Statement - CurrentMonth = monthContainerMatcher.toString(): null

2018-12-04 10:40:44 - [TEST_STEP][PASSED] - Statement - CurrentMonth = CurrentMonth: null

2018-12-04 10:40:44 - [TEST_STEP][PASSED] - Statement - CurrentDateNoFilter.applyPattern("yyyy"): null

2018-12-04 10:40:44 - [TEST_STEP][PASSED] - Statement - CurrentYear = CurrentDateNoFilter.format(TodayDate): null

2018-12-04 10:40:44 - [TEST_STEP][PASSED] - Statement - CurrentYear = CurrentYear: null

2018-12-04 10:40:44 - [TEST_STEP][PASSED] - Statement - intCurrentYear = java.lang.Integer.parseInt(CurrentDateNoFilter.format(TodayDate)): null

2018-12-04 10:40:44 - [TEST_STEP][PASSED] - Statement - eighteenYrsAgo = intCurrentYear - 18: null

2018-12-04 10:40:44 - [TEST_STEP][PASSED] - Statement - eighteenYrsBeforeThisYr = eighteenYrsAgo.toString(): null

2018-12-04 10:40:44 - [TEST_STEP][PASSED] - Statement - EighteenYrsBefore = eighteenYrsBeforeThisYr: null

2018-12-04 10:40:44 - [TEST_STEP][PASSED] - Statement - fiftysevenYrsAgo = intCurrentYear - 57: null

2018-12-04 10:40:44 - [TEST_STEP][PASSED] - Statement - fiftysevenYrsBeforeThisYr = fiftysevenYrsAgo.toString(): null

2018-12-04 10:40:44 - [TEST_STEP][PASSED] - Statement - FiftysevenYrsBefore = fiftysevenYrsBeforeThisYr: null

2018-12-04 10:40:44 - [TEST_STEP][PASSED] - Statement - leapYear = false: null

2018-12-04 10:40:44 - [TEST_STEP][PASSED] - Statement - leapYear = intCurrentYear % 4 == 0: null

2018-12-04 10:40:44 - [TEST_STEP][PASSED] - Statement - CurrentDateNoFilter.applyPattern("dd"): null

2018-12-04 10:40:44 - [TEST_STEP][PASSED] - Statement - CurrentDate = CurrentDateNoFilter.format(TodayDate): null

2018-12-04 10:40:44 - [TEST_STEP][PASSED] - Statement - CurrentDate = java.lang.Integer.parseInt(CurrentDate): null

2018-12-04 10:40:44 - [TEST_STEP][PASSED] - Statement - CurrentDate = CurrentDate: null

2018-12-04 10:40:44 - [TEST_STEP][PASSED] - Statement - CurrentDay = java.lang.Integer.parseInt(CurrentDate): null

2018-12-04 10:40:44 - [TEST_STEP][PASSED] - Statement - ConfAdder = <not implemented yet for class: org.codehaus.groovy.ast.expr.EmptyExpression>: null

2018-12-04 10:40:44 - [TEST_STEP][PASSED] - Statement - switch (CurrentDate): null

2018-12-04 10:40:44 - [TEST_STEP][PASSED] - Statement - Default: null

2018-12-04 10:40:44 - [TEST_STEP][PASSED] - Statement - ConfAdder = false: null

2018-12-04 10:40:44 - [TEST_STEP][PASSED] - Statement - Break: null

2018-12-04 10:40:44 - [TEST_STEP][PASSED] - Statement - aDayBefore = <not implemented yet for class: org.codehaus.groovy.ast.expr.EmptyExpression>: null

2018-12-04 10:40:44 - [TEST_STEP][PASSED] - Statement - If (ConfAdder == true): null

2018-12-04 10:40:44 - [TEST_STEP][PASSED] - Statement - Else: null

2018-12-04 10:40:44 - [TEST_STEP][PASSED] - Statement - aDayBefore = 1: null

2018-12-04 10:40:44 - [TEST_STEP][PASSED] - Statement - If (aDayBefore == 1 && CurrentMonth == 11): null

2018-12-04 10:40:44 - [TEST_STEP][PASSED] - Statement - DayBefore = aDayBefore.toString(): null

2018-12-04 10:40:44 - [TEST_STEP][PASSED] - Statement - OneDayBefore = DayBefore: null

2018-12-04 10:40:45 - [MESSAGE][PASSED] - Call Test Case 'Test Cases/Final Aug 2018 - PKS Automation/Registration Module/New Registration/Form 2/Date Updater' successfully

2018-12-04 10:40:45 - [TEST_STEP][PASSED] - delay: Delayed 1 second(s)

2018-12-04 10:40:46 - [MESSAGE][PASSED] - Delayed 1 second(s)

2018-12-04 10:40:46 - [TEST_STEP][PASSED] - Statement - CaseReferenceNo = com.kms.katalon.core.webui.keyword.WebUiBuiltInKeywords.getText(com.kms.katalon.core.testobject.ObjectRepository.findTestObject(Final Object Repo/New Registration - Registration Module Pages/Form 2/RefNo Acquiring)): Text of object 'Object Repository/Final Object Repo/New Registration - Registration Module Pages/Form 2/RefNo Acquiring' is: 'CRN12201800122968'

2018-12-04 10:40:46 - [MESSAGE][PASSED] - Text of object 'Object Repository/Final Object Repo/New Registration - Registration Module Pages/Form 2/RefNo Acquiring' is: 'CRN12201800122968'

2018-12-04 10:40:46 - [TEST_STEP][PASSED] - delay: Delayed 1 second(s)

2018-12-04 10:40:47 - [MESSAGE][PASSED] - Delayed 1 second(s)

2018-12-04 10:40:47 - [TEST_STEP][PASSED] - click: Object: 'Object Repository/Final Object Repo/New Registration - Registration Module Pages/Form 2/Add Employee Button' is clicked on

2018-12-04 10:40:47 - [MESSAGE][PASSED] - Object: 'Object Repository/Final Object Repo/New Registration - Registration Module Pages/Form 2/Add Employee Button' is clicked on

2018-12-04 10:40:47 - [TEST_STEP][PASSED] - delay: Delayed 1 second(s)

2018-12-04 10:40:48 - [MESSAGE][PASSED] - Delayed 1 second(s)

2018-12-04 10:40:48 - [TEST_STEP][PASSED] - setText: Text '010903091963' is set on object 'Object Repository/Final Object Repo/New Registration - Registration Module Pages/Form 2/NRIC Input'

2018-12-04 10:40:49 - [MESSAGE][PASSED] - Text '010903091963' is set on object 'Object Repository/Final Object Repo/New Registration - Registration Module Pages/Form 2/NRIC Input'

2018-12-04 10:40:49 - [TEST_STEP][PASSED] - click: Object: 'Object Repository/Final Object Repo/New Registration - Registration Module Pages/Form 2/button for search for IC' is clicked on

2018-12-04 10:40:49 - [MESSAGE][PASSED] - Object: 'Object Repository/Final Object Repo/New Registration - Registration Module Pages/Form 2/button for search for IC' is clicked on

2018-12-04 10:40:49 - [TEST_STEP][PASSED] - delay: Delayed 2 second(s)

2018-12-04 10:40:51 - [MESSAGE][PASSED] - Delayed 2 second(s)

2018-12-04 10:40:51 - [TEST_STEP][PASSED] - setText: Text 'Automate001 eligible 1' is set on object 'Object Repository/Final Object Repo/New Registration - Registration Module Pages/Form 2/Employee Name Input'

2018-12-04 10:40:51 - [MESSAGE][PASSED] - Text 'Automate001 eligible 1' is set on object 'Object Repository/Final Object Repo/New Registration - Registration Module Pages/Form 2/Employee Name Input'

2018-12-04 10:40:51 - [TEST_STEP][PASSED] - delay: Delayed 2 second(s)

2018-12-04 10:40:53 - [MESSAGE][PASSED] - Delayed 2 second(s)

2018-12-04 10:40:53 - [TEST_STEP][PASSED] - click: Object: 'Object Repository/Final Object Repo/New Registration - Registration Module Pages/Form 2/DatePicker Pop Up' is clicked on

2018-12-04 10:40:54 - [MESSAGE][PASSED] - Object: 'Object Repository/Final Object Repo/New Registration - Registration Module Pages/Form 2/DatePicker Pop Up' is clicked on

2018-12-04 10:40:54 - [TEST_STEP][PASSED] - click: Object: 'Object Repository/Final Object Repo/New Registration - Registration Module Pages/Form 2/DOB Month' is clicked on

2018-12-04 10:40:54 - [MESSAGE][PASSED] - Object: 'Object Repository/Final Object Repo/New Registration - Registration Module Pages/Form 2/DOB Month' is clicked on

2018-12-04 10:40:54 - [TEST_STEP][PASSED] - Statement - CurrentMonth = CurrentMonth: null

2018-12-04 10:40:54 - [TEST_STEP][PASSED] - Statement - selectMonth = new com.kms.katalon.core.testobject.TestObject(): null

2018-12-04 10:40:54 - [TEST_STEP][PASSED] - Statement - selectMonth.addProperty("xpath", EQUALS, "//body/div/div/div/select/option[@value='" + CurrentMonth + "']", true): null

2018-12-04 10:40:54 - [TEST_STEP][PASSED] - click: Object: '' is clicked on

2018-12-04 10:40:54 - [MESSAGE][PASSED] - Object: '' is clicked on

2018-12-04 10:40:54 - [TEST_STEP][PASSED] - click: Object: 'Object Repository/Final Object Repo/New Registration - Registration Module Pages/Form 2/DOB Year' is clicked on

2018-12-04 10:40:54 - [MESSAGE][PASSED] - Object: 'Object Repository/Final Object Repo/New Registration - Registration Module Pages/Form 2/DOB Year' is clicked on

2018-12-04 10:40:54 - [TEST_STEP][PASSED] - Statement - Eyearsbf = EighteenYrsBefore: null

2018-12-04 10:40:54 - [TEST_STEP][PASSED] - Statement - selectYear = new com.kms.katalon.core.testobject.TestObject(): null

2018-12-04 10:40:54 - [TEST_STEP][PASSED] - Statement - selectYear.addProperty("xpath", EQUALS, "//div/div/div/select/option[@value='" + Eyearsbf + "']", true): null

2018-12-04 10:40:54 - [TEST_STEP][PASSED] - click: Object: '' is clicked on

2018-12-04 10:40:54 - [MESSAGE][PASSED] - Object: '' is clicked on

2018-12-04 10:40:54 - [TEST_STEP][PASSED] - Statement - UpdatedSelectDate = com.kms.katalon.core.webui.keyword.WebUiBuiltInKeywords.modifyObjectProperty(com.kms.katalon.core.testobject.ObjectRepository.findTestObject(Final Object Repo/New Registration - Registration Module Pages/Form 2/DOB Date), "xpath", "equals", "//body/div/table/tbody/tr/td/a[text()="" + CurrentDate + ""]", true): Modify property of object successfully

2018-12-04 10:40:54 - [MESSAGE][PASSED] - Modify property of object successfully

2018-12-04 10:40:54 - [TEST_STEP][PASSED] - delay: Delayed 3 second(s)

2018-12-04 10:40:57 - [MESSAGE][PASSED] - Delayed 3 second(s)

2018-12-04 10:40:57 - [TEST_STEP][PASSED] - click: Object: 'Object Repository/Final Object Repo/New Registration - Registration Module Pages/Form 2/DOB Date' is clicked on

2018-12-04 10:40:58 - [MESSAGE][PASSED] - Object: 'Object Repository/Final Object Repo/New Registration - Registration Module Pages/Form 2/DOB Date' is clicked on

2018-12-04 10:40:58 - [TEST_STEP][PASSED] - delay: Delayed 2 second(s)

2018-12-04 10:41:00 - [MESSAGE][PASSED] - Delayed 2 second(s)

2018-12-04 10:41:00 - [TEST_STEP][PASSED] - click: Object: 'Object Repository/Final Object Repo/New Registration - Registration Module Pages/Form 2/EmploymentStartDate Pop Up' is clicked on

2018-12-04 10:41:00 - [MESSAGE][PASSED] - Object: 'Object Repository/Final Object Repo/New Registration - Registration Module Pages/Form 2/EmploymentStartDate Pop Up' is clicked on

2018-12-04 10:41:00 - [TEST_STEP][PASSED] - delay: Delayed 2 second(s)

2018-12-04 10:41:02 - [MESSAGE][PASSED] - Delayed 2 second(s)

2018-12-04 10:41:02 - [TEST_STEP][PASSED] - click: Object: 'Object Repository/Final Object Repo/New Registration - Registration Module Pages/Form 2/Socso Employment StartDate Month' is clicked on

2018-12-04 10:41:02 - [MESSAGE][PASSED] - Object: 'Object Repository/Final Object Repo/New Registration - Registration Module Pages/Form 2/Socso Employment StartDate Month' is clicked on

2018-12-04 10:41:02 - [TEST_STEP][PASSED] - delay: Delayed 1 second(s)

2018-12-04 10:41:03 - [MESSAGE][PASSED] - Delayed 1 second(s)

2018-12-04 10:41:03 - [TEST_STEP][PASSED] - click: Object: 'Object Repository/Final Object Repo/New Registration - Registration Module Pages/Form 2/Select Socso Employement Startdate Month' is clicked on

2018-12-04 10:41:03 - [MESSAGE][PASSED] - Object: 'Object Repository/Final Object Repo/New Registration - Registration Module Pages/Form 2/Select Socso Employement Startdate Month' is clicked on

2018-12-04 10:41:03 - [TEST_STEP][PASSED] - delay: Delayed 2 second(s)

2018-12-04 10:41:05 - [MESSAGE][PASSED] - Delayed 2 second(s)

2018-12-04 10:41:05 - [TEST_STEP][PASSED] - click: Object: 'Object Repository/Final Object Repo/New Registration - Registration Module Pages/Form 2/Socso Employment StartDate Year' is clicked on

2018-12-04 10:41:05 - [MESSAGE][PASSED] - Object: 'Object Repository/Final Object Repo/New Registration - Registration Module Pages/Form 2/Socso Employment StartDate Year' is clicked on

2018-12-04 10:41:05 - [TEST_STEP][PASSED] - delay: Delayed 1 second(s)

2018-12-04 10:41:06 - [MESSAGE][PASSED] - Delayed 1 second(s)

2018-12-04 10:41:06 - [TEST_STEP][PASSED] - click: Object: 'Object Repository/Final Object Repo/New Registration - Registration Module Pages/Form 2/Select Socso Employment Startdate Year' is clicked on

2018-12-04 10:41:07 - [MESSAGE][PASSED] - Object: 'Object Repository/Final Object Repo/New Registration - Registration Module Pages/Form 2/Select Socso Employment Startdate Year' is clicked on

2018-12-04 10:41:07 - [TEST_STEP][PASSED] - delay: Delayed 2 second(s)

2018-12-04 10:41:09 - [MESSAGE][PASSED] - Delayed 2 second(s)

2018-12-04 10:41:09 - [TEST_STEP][PASSED] - click: Object: 'Object Repository/Final Object Repo/New Registration - Registration Module Pages/Form 2/Socso Employment Start Date Day' is clicked on

2018-12-04 10:41:09 - [MESSAGE][PASSED] - Object: 'Object Repository/Final Object Repo/New Registration - Registration Module Pages/Form 2/Socso Employment Start Date Day' is clicked on

2018-12-04 10:41:09 - [TEST_STEP][PASSED] - delay: Delayed 2 second(s)

2018-12-04 10:41:11 - [MESSAGE][PASSED] - Delayed 2 second(s)

2018-12-04 10:41:11 - [TEST_STEP][PASSED] - click: Object: 'Object Repository/Final Object Repo/New Registration - Registration Module Pages/Form 2/Save Button for Add Employee' is clicked on

2018-12-04 10:41:11 - [MESSAGE][PASSED] - Object: 'Object Repository/Final Object Repo/New Registration - Registration Module Pages/Form 2/Save Button for Add Employee' is clicked on

2018-12-04 10:41:11 - [TEST_STEP][PASSED] - delay: Delayed 6 second(s)

2018-12-04 10:41:17 - [MESSAGE][PASSED] - Delayed 6 second(s)

2018-12-04 10:41:17 - [TEST_STEP][PASSED] - click: Object: 'Object Repository/Final Object Repo/New Registration - Registration Module Pages/Form 2/Save and Continue Form 2' is clicked on

2018-12-04 10:41:17 - [MESSAGE][PASSED] - Object: 'Object Repository/Final Object Repo/New Registration - Registration Module Pages/Form 2/Save and Continue Form 2' is clicked on

2018-12-04 10:41:17 - [MESSAGE][PASSED] - Call Test Case 'Test Cases/Final Aug 2018 - PKS Automation/Registration Module/New Registration/Form 2/Add 1 Eligible' successfully

2018-12-04 10:41:17 - [TEST_STEP][PASSED] - callTestCase: Call Test Case 'Test Cases/Final Aug 2018 - PKS Automation/Registration Module/New Registration/Flow of New Registration/Third Screen - Upload Supporting Doc - Preview' successfully

2018-12-04 10:41:17 - [TEST_CASE][PASSED] - Test Cases/Final Aug 2018 - PKS Automation/Registration Module/New Registration/Flow of New Registration/Third Screen - Upload Supporting Doc - Preview: Test Cases/Final Aug 2018 - PKS Automation/Registration Module/New Registration/Flow of New Registration/Third Screen - Upload Supporting Doc - Preview

2018-12-04 10:41:17 - [TEST_STEP][PASSED] - waitForPageLoad: Wait for page load successfully

2018-12-04 10:41:18 - [MESSAGE][PASSED] - Wait for page load successfully

2018-12-04 10:41:18 - [TEST_STEP][PASSED] - Statement - CaseReferenceNo = com.kms.katalon.core.webui.keyword.WebUiBuiltInKeywords.getText(com.kms.katalon.core.testobject.ObjectRepository.findTestObject(Final Object Repo/New Registration - Registration Module Pages/Third Screen - Upload Supporting Doc- Preview/RefNo Acquiring)): Text of object 'Object Repository/Final Object Repo/New Registration - Registration Module Pages/Third Screen - Upload Supporting Doc- Preview/RefNo Acquiring' is: 'CRN12201800122968'

2018-12-04 10:41:18 - [MESSAGE][PASSED] - Text of object 'Object Repository/Final Object Repo/New Registration - Registration Module Pages/Third Screen - Upload Supporting Doc- Preview/RefNo Acquiring' is: 'CRN12201800122968'

2018-12-04 10:41:18 - [TEST_STEP][PASSED] - delay: Delayed 2 second(s)

2018-12-04 10:41:20 - [MESSAGE][PASSED] - Delayed 2 second(s)

2018-12-04 10:41:20 - [TEST_STEP][PASSED] - callTestCase: Call Test Case 'Test Cases/Final Aug 2018 - PKS Automation/Common/Reference Number Setter' successfully

2018-12-04 10:41:20 - [TEST_CASE][PASSED] - Test Cases/Final Aug 2018 - PKS Automation/Common/Reference Number Setter: Test Cases/Final Aug 2018 - PKS Automation/Common/Reference Number Setter

2018-12-04 10:41:20 - [TEST_STEP][PASSED] - Statement - RefNoOldFile = new java.io.File(C://Users//Admin//Desktop//PKS//Automation Reference Point//KatalonReference.txt): null

2018-12-04 10:41:20 - [TEST_STEP][PASSED] - Statement - RefNoOldFile.delete(): null

2018-12-04 10:41:20 - [TEST_STEP][PASSED] - delay: Delayed 5 second(s)

2018-12-04 10:41:25 - [MESSAGE][PASSED] - Delayed 5 second(s)

2018-12-04 10:41:25 - [TEST_STEP][PASSED] - Statement - RefNo = new java.io.File(C://Users//Admin//Desktop//PKS//Automation Reference Point//KatalonReference.txt): null

2018-12-04 10:41:25 - [TEST_STEP][PASSED] - Statement - f2 = new java.io.FileWriter(RefNo, false): null

2018-12-04 10:41:25 - [TEST_STEP][PASSED] - Statement - f2.write(CaseReferenceNo): null

2018-12-04 10:41:25 - [TEST_STEP][PASSED] - Statement - f2.close(): null

2018-12-04 10:41:25 - [TEST_STEP][PASSED] - Statement - out.println("


" + CaseReferenceNo + "


"): null

2018-12-04 10:41:25 - [MESSAGE][PASSED] - Call Test Case 'Test Cases/Final Aug 2018 - PKS Automation/Common/Reference Number Setter' successfully

2018-12-04 10:41:25 - [TEST_STEP][PASSED] - waitForElementClickable: Object 'Object Repository/Final Object Repo/New Registration - Registration Module Pages/Third Screen - Upload Supporting Doc- Preview/Save n Continue in SIP Employee Listing Page' is clickable

2018-12-04 10:41:25 - [MESSAGE][PASSED] - Object 'Object Repository/Final Object Repo/New Registration - Registration Module Pages/Third Screen - Upload Supporting Doc- Preview/Save n Continue in SIP Employee Listing Page' is clickable

2018-12-04 10:41:25 - [TEST_STEP][PASSED] - click: Object: 'Object Repository/Final Object Repo/New Registration - Registration Module Pages/Third Screen - Upload Supporting Doc- Preview/Save n Continue in SIP Employee Listing Page' is clicked on

2018-12-04 10:41:31 - [MESSAGE][PASSED] - Object: 'Object Repository/Final Object Repo/New Registration - Registration Module Pages/Third Screen - Upload Supporting Doc- Preview/Save n Continue in SIP Employee Listing Page' is clicked on

2018-12-04 10:41:31 - [TEST_STEP][PASSED] - delay: Delayed 7 second(s)

2018-12-04 10:41:38 - [MESSAGE][PASSED] - Delayed 7 second(s)

2018-12-04 10:41:38 - [TEST_STEP][PASSED] - click: Object: 'Object Repository/Final Object Repo/New Registration - Registration Module Pages/Third Screen - Upload Supporting Doc- Preview/Add Document Button' is clicked on

2018-12-04 10:41:38 - [MESSAGE][PASSED] - Object: 'Object Repository/Final Object Repo/New Registration - Registration Module Pages/Third Screen - Upload Supporting Doc- Preview/Add Document Button' is clicked on

2018-12-04 10:41:38 - [TEST_STEP][PASSED] - delay: Delayed 30 second(s)

2018-12-04 10:42:08 - [MESSAGE][PASSED] - Delayed 30 second(s)

2018-12-04 10:42:08 - [TEST_STEP][PASSED] - click: Object: 'Object Repository/Final Object Repo/New Registration - Registration Module Pages/Third Screen - Upload Supporting Doc- Preview/Supporting Doc Please Select Drop Down' is clicked on

2018-12-04 10:42:08 - [MESSAGE][PASSED] - Object: 'Object Repository/Final Object Repo/New Registration - Registration Module Pages/Third Screen - Upload Supporting Doc- Preview/Supporting Doc Please Select Drop Down' is clicked on

2018-12-04 10:42:08 - [TEST_STEP][PASSED] - delay: Delayed 2 second(s)

2018-12-04 10:42:10 - [MESSAGE][PASSED] - Delayed 2 second(s)

2018-12-04 10:42:10 - [TEST_STEP][PASSED] - click: Object: 'Object Repository/Final Object Repo/New Registration - Registration Module Pages/Third Screen - Upload Supporting Doc- Preview/Select to Upload Form 1' is clicked on

2018-12-04 10:42:11 - [MESSAGE][PASSED] - Object: 'Object Repository/Final Object Repo/New Registration - Registration Module Pages/Third Screen - Upload Supporting Doc- Preview/Select to Upload Form 1' is clicked on

2018-12-04 10:42:11 - [TEST_STEP][PASSED] - delay: Delayed 2 second(s)

2018-12-04 10:42:13 - [MESSAGE][PASSED] - Delayed 2 second(s)

2018-12-04 10:42:13 - [TEST_STEP][PASSED] - uploadFile: File 'C:\Users\Public\Pictures\Sample Pictures\Koala.jpg' sent to object: 'Object Repository/Final Object Repo/New Registration - Registration Module Pages/Third Screen - Upload Supporting Doc- Preview/Upload File Adding'

2018-12-04 10:42:13 - [MESSAGE][PASSED] - File 'C:\Users\Public\Pictures\Sample Pictures\Koala.jpg' sent to object: 'Object Repository/Final Object Repo/New Registration - Registration Module Pages/Third Screen - Upload Supporting Doc- Preview/Upload File Adding'

2018-12-04 10:42:13 - [TEST_STEP][PASSED] - delay: Delayed 5 second(s)

2018-12-04 10:42:18 - [MESSAGE][PASSED] - Delayed 5 second(s)

2018-12-04 10:42:18 - [TEST_STEP][PASSED] - click: Object: 'Object Repository/Final Object Repo/New Registration - Registration Module Pages/Third Screen - Upload Supporting Doc- Preview/Inner Form Add Document Button' is clicked on

2018-12-04 10:42:18 - [MESSAGE][PASSED] - Object: 'Object Repository/Final Object Repo/New Registration - Registration Module Pages/Third Screen - Upload Supporting Doc- Preview/Inner Form Add Document Button' is clicked on

2018-12-04 10:42:18 - [TEST_STEP][PASSED] - delay: Delayed 3 second(s)

2018-12-04 10:42:21 - [MESSAGE][PASSED] - Delayed 3 second(s)

2018-12-04 10:42:21 - [TEST_STEP][PASSED] - click: Object: 'Object Repository/Final Object Repo/New Registration - Registration Module Pages/Third Screen - Upload Supporting Doc- Preview/Add Document Button' is clicked on

2018-12-04 10:42:22 - [MESSAGE][PASSED] - Object: 'Object Repository/Final Object Repo/New Registration - Registration Module Pages/Third Screen - Upload Supporting Doc- Preview/Add Document Button' is clicked on

2018-12-04 10:42:22 - [TEST_STEP][PASSED] - delay: Delayed 30 second(s)

2018-12-04 10:42:52 - [MESSAGE][PASSED] - Delayed 30 second(s)

2018-12-04 10:42:52 - [TEST_STEP][PASSED] - click: Object: 'Object Repository/Final Object Repo/New Registration - Registration Module Pages/Third Screen - Upload Supporting Doc- Preview/Supporting Doc Please Select Drop Down' is clicked on

2018-12-04 10:42:53 - [MESSAGE][PASSED] - Object: 'Object Repository/Final Object Repo/New Registration - Registration Module Pages/Third Screen - Upload Supporting Doc- Preview/Supporting Doc Please Select Drop Down' is clicked on

2018-12-04 10:42:53 - [TEST_STEP][PASSED] - delay: Delayed 2 second(s)

2018-12-04 10:42:55 - [MESSAGE][PASSED] - Delayed 2 second(s)

2018-12-04 10:42:55 - [TEST_STEP][PASSED] - click: Object: 'Object Repository/Final Object Repo/New Registration - Registration Module Pages/Third Screen - Upload Supporting Doc- Preview/Select to Upload Form 2' is clicked on

2018-12-04 10:42:55 - [MESSAGE][PASSED] - Object: 'Object Repository/Final Object Repo/New Registration - Registration Module Pages/Third Screen - Upload Supporting Doc- Preview/Select to Upload Form 2' is clicked on

2018-12-04 10:42:55 - [TEST_STEP][PASSED] - delay: Delayed 2 second(s)

2018-12-04 10:42:57 - [MESSAGE][PASSED] - Delayed 2 second(s)

2018-12-04 10:42:57 - [TEST_STEP][PASSED] - uploadFile: File 'C:\Users\Public\Pictures\Sample Pictures\Koala.jpg' sent to object: 'Object Repository/Final Object Repo/New Registration - Registration Module Pages/Third Screen - Upload Supporting Doc- Preview/Upload File Adding'

2018-12-04 10:42:57 - [MESSAGE][PASSED] - File 'C:\Users\Public\Pictures\Sample Pictures\Koala.jpg' sent to object: 'Object Repository/Final Object Repo/New Registration - Registration Module Pages/Third Screen - Upload Supporting Doc- Preview/Upload File Adding'

2018-12-04 10:42:57 - [TEST_STEP][PASSED] - click: Object: 'Object Repository/Final Object Repo/New Registration - Registration Module Pages/Third Screen - Upload Supporting Doc- Preview/Inner Form Add Document Button' is clicked on

2018-12-04 10:42:57 - [MESSAGE][PASSED] - Object: 'Object Repository/Final Object Repo/New Registration - Registration Module Pages/Third Screen - Upload Supporting Doc- Preview/Inner Form Add Document Button' is clicked on

2018-12-04 10:42:57 - [TEST_STEP][PASSED] - delay: Delayed 5 second(s)

2018-12-04 10:43:02 - [MESSAGE][PASSED] - Delayed 5 second(s)

2018-12-04 10:43:02 - [TEST_STEP][PASSED] - click: Object: 'Object Repository/Final Object Repo/New Registration - Registration Module Pages/Third Screen - Upload Supporting Doc- Preview/Add Document Button' is clicked on

2018-12-04 10:43:02 - [MESSAGE][PASSED] - Object: 'Object Repository/Final Object Repo/New Registration - Registration Module Pages/Third Screen - Upload Supporting Doc- Preview/Add Document Button' is clicked on

2018-12-04 10:43:02 - [TEST_STEP][PASSED] - delay: Delayed 30 second(s)

2018-12-04 10:43:32 - [MESSAGE][PASSED] - Delayed 30 second(s)

2018-12-04 10:43:32 - [TEST_STEP][PASSED] - click: Object: 'Object Repository/Final Object Repo/New Registration - Registration Module Pages/Third Screen - Upload Supporting Doc- Preview/Supporting Doc Please Select Drop Down' is clicked on

2018-12-04 10:43:33 - [MESSAGE][PASSED] - Object: 'Object Repository/Final Object Repo/New Registration - Registration Module Pages/Third Screen - Upload Supporting Doc- Preview/Supporting Doc Please Select Drop Down' is clicked on

2018-12-04 10:43:33 - [TEST_STEP][PASSED] - click: Object: 'Object Repository/Final Object Repo/New Registration - Registration Module Pages/Third Screen - Upload Supporting Doc- Preview/Select to Upload Borang SIP 1' is clicked on

2018-12-04 10:43:33 - [MESSAGE][PASSED] - Object: 'Object Repository/Final Object Repo/New Registration - Registration Module Pages/Third Screen - Upload Supporting Doc- Preview/Select to Upload Borang SIP 1' is clicked on

2018-12-04 10:43:33 - [TEST_STEP][PASSED] - delay: Delayed 2 second(s)

2018-12-04 10:43:35 - [MESSAGE][PASSED] - Delayed 2 second(s)

2018-12-04 10:43:35 - [TEST_STEP][PASSED] - uploadFile: File 'C:\Users\Public\Pictures\Sample Pictures\Koala.jpg' sent to object: 'Object Repository/Final Object Repo/New Registration - Registration Module Pages/Third Screen - Upload Supporting Doc- Preview/Upload File Adding'

2018-12-04 10:43:35 - [MESSAGE][PASSED] - File 'C:\Users\Public\Pictures\Sample Pictures\Koala.jpg' sent to object: 'Object Repository/Final Object Repo/New Registration - Registration Module Pages/Third Screen - Upload Supporting Doc- Preview/Upload File Adding'

2018-12-04 10:43:35 - [TEST_STEP][PASSED] - click: Object: 'Object Repository/Final Object Repo/New Registration - Registration Module Pages/Third Screen - Upload Supporting Doc- Preview/Inner Form Add Document Button' is clicked on

2018-12-04 10:43:35 - [MESSAGE][PASSED] - Object: 'Object Repository/Final Object Repo/New Registration - Registration Module Pages/Third Screen - Upload Supporting Doc- Preview/Inner Form Add Document Button' is clicked on

2018-12-04 10:43:35 - [TEST_STEP][PASSED] - delay: Delayed 5 second(s)

2018-12-04 10:43:40 - [MESSAGE][PASSED] - Delayed 5 second(s)

2018-12-04 10:43:40 - [TEST_STEP][PASSED] - click: Object: 'Object Repository/Final Object Repo/New Registration - Registration Module Pages/Third Screen - Upload Supporting Doc- Preview/Add Document Button' is clicked on

2018-12-04 10:43:40 - [MESSAGE][PASSED] - Object: 'Object Repository/Final Object Repo/New Registration - Registration Module Pages/Third Screen - Upload Supporting Doc- Preview/Add Document Button' is clicked on

2018-12-04 10:43:40 - [TEST_STEP][PASSED] - delay: Delayed 30 second(s)

2018-12-04 10:44:10 - [MESSAGE][PASSED] - Delayed 30 second(s)

2018-12-04 10:44:10 - [TEST_STEP][PASSED] - click: Object: 'Object Repository/Final Object Repo/New Registration - Registration Module Pages/Third Screen - Upload Supporting Doc- Preview/Supporting Doc Please Select Drop Down' is clicked on

2018-12-04 10:44:10 - [MESSAGE][PASSED] - Object: 'Object Repository/Final Object Repo/New Registration - Registration Module Pages/Third Screen - Upload Supporting Doc- Preview/Supporting Doc Please Select Drop Down' is clicked on

2018-12-04 10:44:10 - [TEST_STEP][PASSED] - delay: Delayed 3 second(s)

2018-12-04 10:44:13 - [MESSAGE][PASSED] - Delayed 3 second(s)

2018-12-04 10:44:13 - [TEST_STEP][PASSED] - click: Object: 'Object Repository/Final Object Repo/New Registration - Registration Module Pages/Third Screen - Upload Supporting Doc- Preview/Select to Upload Borang SIP 2' is clicked on

2018-12-04 10:44:14 - [MESSAGE][PASSED] - Object: 'Object Repository/Final Object Repo/New Registration - Registration Module Pages/Third Screen - Upload Supporting Doc- Preview/Select to Upload Borang SIP 2' is clicked on

2018-12-04 10:44:14 - [TEST_STEP][PASSED] - delay: Delayed 2 second(s)

2018-12-04 10:44:16 - [MESSAGE][PASSED] - Delayed 2 second(s)

2018-12-04 10:44:16 - [TEST_STEP][PASSED] - uploadFile: File 'C:\Users\Public\Pictures\Sample Pictures\Koala.jpg' sent to object: 'Object Repository/Final Object Repo/New Registration - Registration Module Pages/Third Screen - Upload Supporting Doc- Preview/Upload File Adding'

2018-12-04 10:44:16 - [MESSAGE][PASSED] - File 'C:\Users\Public\Pictures\Sample Pictures\Koala.jpg' sent to object: 'Object Repository/Final Object Repo/New Registration - Registration Module Pages/Third Screen - Upload Supporting Doc- Preview/Upload File Adding'

2018-12-04 10:44:16 - [TEST_STEP][PASSED] - delay: Delayed 5 second(s)

2018-12-04 10:44:21 - [MESSAGE][PASSED] - Delayed 5 second(s)

2018-12-04 10:44:21 - [TEST_STEP][PASSED] - click: Object: 'Object Repository/Final Object Repo/New Registration - Registration Module Pages/Third Screen - Upload Supporting Doc- Preview/Inner Form Add Document Button' is clicked on

2018-12-04 10:44:21 - [MESSAGE][PASSED] - Object: 'Object Repository/Final Object Repo/New Registration - Registration Module Pages/Third Screen - Upload Supporting Doc- Preview/Inner Form Add Document Button' is clicked on

2018-12-04 10:44:21 - [TEST_STEP][PASSED] - delay: Delayed 3 second(s)

2018-12-04 10:44:24 - [MESSAGE][PASSED] - Delayed 3 second(s)

2018-12-04 10:44:24 - [TEST_STEP][PASSED] - waitForElementClickable: Object 'Object Repository/Final Object Repo/New Registration - Registration Module Pages/Third Screen - Upload Supporting Doc- Preview/Save n Continue in Uploading Supporting Doc Page' is clickable

2018-12-04 10:44:25 - [MESSAGE][PASSED] - Object 'Object Repository/Final Object Repo/New Registration - Registration Module Pages/Third Screen - Upload Supporting Doc- Preview/Save n Continue in Uploading Supporting Doc Page' is clickable

2018-12-04 10:44:25 - [TEST_STEP][PASSED] - click: Object: 'Object Repository/Final Object Repo/New Registration - Registration Module Pages/Third Screen - Upload Supporting Doc- Preview/Save n Continue in Uploading Supporting Doc Page' is clicked on

2018-12-04 10:44:25 - [MESSAGE][PASSED] - Object: 'Object Repository/Final Object Repo/New Registration - Registration Module Pages/Third Screen - Upload Supporting Doc- Preview/Save n Continue in Uploading Supporting Doc Page' is clicked on

2018-12-04 10:44:25 - [MESSAGE][PASSED] - Call Test Case 'Test Cases/Final Aug 2018 - PKS Automation/Registration Module/New Registration/Flow of New Registration/Third Screen - Upload Supporting Doc - Preview' successfully

2018-12-04 10:44:25 - [TEST_STEP][PASSED] - callTestCase: Call Test Case 'Test Cases/Final Aug 2018 - PKS Automation/Registration Module/New Registration/Submit and Screenshot/Submit Registration and Screenshot' successfully

2018-12-04 10:44:25 - [TEST_CASE][PASSED] - Test Cases/Final Aug 2018 - PKS Automation/Registration Module/New Registration/Submit and Screenshot/Submit Registration and Screenshot: Test Cases/Final Aug 2018 - PKS Automation/Registration Module/New Registration/Submit and Screenshot/Submit Registration and Screenshot

2018-12-04 10:44:25 - [TEST_STEP][PASSED] - delay: Delayed 6 second(s)

2018-12-04 10:44:31 - [MESSAGE][PASSED] - Delayed 6 second(s)

2018-12-04 10:44:31 - [TEST_STEP][PASSED] - click: Object: 'Object Repository/Final Object Repo/New Registration - Registration Module Pages/Third Screen - Upload Supporting Doc- Preview/Preview Submit Button' is clicked on

2018-12-04 10:44:32 - [MESSAGE][PASSED] - Object: 'Object Repository/Final Object Repo/New Registration - Registration Module Pages/Third Screen - Upload Supporting Doc- Preview/Preview Submit Button' is clicked on

2018-12-04 10:44:32 - [TEST_STEP][PASSED] - delay: Delayed 2 second(s)

2018-12-04 10:44:34 - [MESSAGE][PASSED] - Delayed 2 second(s)

2018-12-04 10:44:34 - [TEST_STEP][PASSED] - click: Object: 'Object Repository/Final Object Repo/New Registration - Registration Module Pages/Third Screen - Upload Supporting Doc- Preview/Preview Submit - Confirm' is clicked on

2018-12-04 10:44:34 - [MESSAGE][PASSED] - Object: 'Object Repository/Final Object Repo/New Registration - Registration Module Pages/Third Screen - Upload Supporting Doc- Preview/Preview Submit - Confirm' is clicked on

2018-12-04 10:44:34 - [TEST_STEP][PASSED] - delay: Delayed 15 second(s)

2018-12-04 10:44:49 - [MESSAGE][PASSED] - Delayed 15 second(s)

2018-12-04 10:44:49 - [TEST_STEP][PASSED] - Statement - driver = com.kms.katalon.core.webui.driver.DriverFactory.getWebDriver(): null

2018-12-04 10:44:49 - [TEST_STEP][PASSED] - Statement - driver.manage().timeouts().implicitlyWait(10, SECONDS): null

2018-12-04 10:44:49 - [TEST_STEP][PASSED] - Statement - PresavePath = KatalonScreenshots: null

2018-12-04 10:44:49 - [TEST_STEP][PASSED] - Statement - pathPrefix = "C:\Users\Public\Pictures\Sample Pictures\Katalon Screenshots\Automate Ending Screen": null

2018-12-04 10:44:49 - [TEST_STEP][PASSED] - Statement - finalPath = <not implemented yet for class: org.codehaus.groovy.ast.expr.EmptyExpression>: null

2018-12-04 10:44:49 - [TEST_STEP][PASSED] - Statement - scrFile = driver.getScreenshotAs(FILE): null

2018-12-04 10:44:49 - [TEST_STEP][PASSED] - Statement - PreSaveFile = new java.io.File(PresavePath): null

2018-12-04 10:44:49 - [TEST_STEP][PASSED] - Statement - counter = 0: null

2018-12-04 10:44:49 - [TEST_STEP][PASSED] - Statement - If (PreSaveFile.exists()): null

2018-12-04 10:44:49 - [TEST_STEP][PASSED] - Statement - While (PreSaveFile.exists()): null

2018-12-04 10:44:49 - [TEST_STEP][PASSED] - Statement - counter = counter + 1: null

2018-12-04 10:44:49 - [TEST_STEP][PASSED] - Statement - PreSaveFile = new java.io.File(((pathPrefix + java.lang.Integer.toString(counter)) + .png)): null

2018-12-04 10:44:49 - [TEST_STEP][PASSED] - Statement - counter = counter + 1: null

2018-12-04 10:44:49 - [TEST_STEP][PASSED] - Statement - PreSaveFile = new java.io.File(((pathPrefix + java.lang.Integer.toString(counter)) + .png)): null

2018-12-04 10:44:49 - [TEST_STEP][PASSED] - Statement - counter = counter + 1: null

2018-12-04 10:44:49 - [TEST_STEP][PASSED] - Statement - PreSaveFile = new java.io.File(((pathPrefix + java.lang.Integer.toString(counter)) + .png)): null

2018-12-04 10:44:49 - [TEST_STEP][PASSED] - Statement - counter = counter + 1: null

2018-12-04 10:44:49 - [TEST_STEP][PASSED] - Statement - PreSaveFile = new java.io.File(((pathPrefix + java.lang.Integer.toString(counter)) + .png)): null

2018-12-04 10:44:49 - [TEST_STEP][PASSED] - Statement - counter = counter + 1: null

2018-12-04 10:44:49 - [TEST_STEP][PASSED] - Statement - PreSaveFile = new java.io.File(((pathPrefix + java.lang.Integer.toString(counter)) + .png)): null

2018-12-04 10:44:49 - [TEST_STEP][PASSED] - Statement - counter = counter + 1: null

2018-12-04 10:44:49 - [TEST_STEP][PASSED] - Statement - PreSaveFile = new java.io.File(((pathPrefix + java.lang.Integer.toString(counter)) + .png)): null

2018-12-04 10:44:49 - [TEST_STEP][PASSED] - Statement - counter = counter + 1: null

2018-12-04 10:44:49 - [TEST_STEP][PASSED] - Statement - PreSaveFile = new java.io.File(((pathPrefix + java.lang.Integer.toString(counter)) + .png)): null

2018-12-04 10:44:49 - [TEST_STEP][PASSED] - Statement - counter = counter + 1: null

2018-12-04 10:44:50 - [TEST_STEP][PASSED] - Statement - PreSaveFile = new java.io.File(((pathPrefix + java.lang.Integer.toString(counter)) + .png)): null

2018-12-04 10:44:50 - [TEST_STEP][PASSED] - Statement - counter = counter + 1: null

2018-12-04 10:44:50 - [TEST_STEP][PASSED] - Statement - PreSaveFile = new java.io.File(((pathPrefix + java.lang.Integer.toString(counter)) + .png)): null

2018-12-04 10:44:50 - [TEST_STEP][PASSED] - Statement - counter = counter + 1: null

2018-12-04 10:44:50 - [TEST_STEP][PASSED] - Statement - PreSaveFile = new java.io.File(((pathPrefix + java.lang.Integer.toString(counter)) + .png)): null

2018-12-04 10:44:50 - [TEST_STEP][PASSED] - Statement - counter = counter + 1: null

2018-12-04 10:44:50 - [TEST_STEP][PASSED] - Statement - PreSaveFile = new java.io.File(((pathPrefix + java.lang.Integer.toString(counter)) + .png)): null

2018-12-04 10:44:50 - [TEST_STEP][PASSED] - Statement - counter = counter + 1: null

2018-12-04 10:44:50 - [TEST_STEP][PASSED] - Statement - PreSaveFile = new java.io.File(((pathPrefix + java.lang.Integer.toString(counter)) + .png)): null

2018-12-04 10:44:50 - [TEST_STEP][PASSED] - Statement - counter = counter + 1: null

2018-12-04 10:44:50 - [TEST_STEP][PASSED] - Statement - PreSaveFile = new java.io.File(((pathPrefix + java.lang.Integer.toString(counter)) + .png)): null

2018-12-04 10:44:50 - [TEST_STEP][PASSED] - Statement - counter = counter + 1: null

2018-12-04 10:44:50 - [TEST_STEP][PASSED] - Statement - PreSaveFile = new java.io.File(((pathPrefix + java.lang.Integer.toString(counter)) + .png)): null

2018-12-04 10:44:50 - [TEST_STEP][PASSED] - Statement - counter = counter + 1: null

2018-12-04 10:44:50 - [TEST_STEP][PASSED] - Statement - PreSaveFile = new java.io.File(((pathPrefix + java.lang.Integer.toString(counter)) + .png)): null

2018-12-04 10:44:50 - [TEST_STEP][PASSED] - Statement - counter = counter + 1: null

2018-12-04 10:44:50 - [TEST_STEP][PASSED] - Statement - PreSaveFile = new java.io.File(((pathPrefix + java.lang.Integer.toString(counter)) + .png)): null

2018-12-04 10:44:50 - [TEST_STEP][PASSED] - Statement - counter = counter + 1: null

2018-12-04 10:44:50 - [TEST_STEP][PASSED] - Statement - PreSaveFile = new java.io.File(((pathPrefix + java.lang.Integer.toString(counter)) + .png)): null

2018-12-04 10:44:51 - [TEST_STEP][PASSED] - Statement - counter = counter + 1: null

2018-12-04 10:44:51 - [TEST_STEP][PASSED] - Statement - PreSaveFile = new java.io.File(((pathPrefix + java.lang.Integer.toString(counter)) + .png)): null

2018-12-04 10:44:51 - [TEST_STEP][PASSED] - Statement - counter = counter + 1: null

2018-12-04 10:44:52 - [TEST_STEP][PASSED] - Statement - PreSaveFile = new java.io.File(((pathPrefix + java.lang.Integer.toString(counter)) + .png)): null

2018-12-04 10:44:52 - [TEST_STEP][PASSED] - Statement - counter = counter + 1: null

2018-12-04 10:44:52 - [TEST_STEP][PASSED] - Statement - PreSaveFile = new java.io.File(((pathPrefix + java.lang.Integer.toString(counter)) + .png)): null

2018-12-04 10:44:52 - [TEST_STEP][PASSED] - Statement - counter = counter + 1: null

2018-12-04 10:44:52 - [TEST_STEP][PASSED] - Statement - PreSaveFile = new java.io.File(((pathPrefix + java.lang.Integer.toString(counter)) + .png)): null

2018-12-04 10:44:52 - [TEST_STEP][PASSED] - Statement - counter = counter + 1: null

2018-12-04 10:44:52 - [TEST_STEP][PASSED] - Statement - PreSaveFile = new java.io.File(((pathPrefix + java.lang.Integer.toString(counter)) + .png)): null

2018-12-04 10:44:52 - [TEST_STEP][PASSED] - Statement - counter = counter + 1: null

2018-12-04 10:44:52 - [TEST_STEP][PASSED] - Statement - PreSaveFile = new java.io.File(((pathPrefix + java.lang.Integer.toString(counter)) + .png)): null

2018-12-04 10:44:53 - [TEST_STEP][PASSED] - Statement - counter = counter + 1: null

2018-12-04 10:44:53 - [TEST_STEP][PASSED] - Statement - PreSaveFile = new java.io.File(((pathPrefix + java.lang.Integer.toString(counter)) + .png)): null

2018-12-04 10:44:53 - [TEST_STEP][PASSED] - Statement - counter = counter + 1: null

2018-12-04 10:44:53 - [TEST_STEP][PASSED] - Statement - PreSaveFile = new java.io.File(((pathPrefix + java.lang.Integer.toString(counter)) + .png)): null

2018-12-04 10:44:53 - [TEST_STEP][PASSED] - Statement - counter = counter + 1: null

2018-12-04 10:44:53 - [TEST_STEP][PASSED] - Statement - PreSaveFile = new java.io.File(((pathPrefix + java.lang.Integer.toString(counter)) + .png)): null

2018-12-04 10:44:53 - [TEST_STEP][PASSED] - Statement - counter = counter + 1: null

2018-12-04 10:44:53 - [TEST_STEP][PASSED] - Statement - PreSaveFile = new java.io.File(((pathPrefix + java.lang.Integer.toString(counter)) + .png)): null

2018-12-04 10:44:53 - [TEST_STEP][PASSED] - Statement - counter = counter + 1: null

2018-12-04 10:44:53 - [TEST_STEP][PASSED] - Statement - PreSaveFile = new java.io.File(((pathPrefix + java.lang.Integer.toString(counter)) + .png)): null

2018-12-04 10:44:53 - [TEST_STEP][PASSED] - Statement - counter = counter + 1: null

2018-12-04 10:44:53 - [TEST_STEP][PASSED] - Statement - PreSaveFile = new java.io.File(((pathPrefix + java.lang.Integer.toString(counter)) + .png)): null

2018-12-04 10:44:53 - [TEST_STEP][PASSED] - Statement - counter = counter + 1: null

2018-12-04 10:44:53 - [TEST_STEP][PASSED] - Statement - PreSaveFile = new java.io.File(((pathPrefix + java.lang.Integer.toString(counter)) + .png)): null

2018-12-04 10:44:53 - [TEST_STEP][PASSED] - Statement - counter = counter + 1: null

2018-12-04 10:44:53 - [TEST_STEP][PASSED] - Statement - PreSaveFile = new java.io.File(((pathPrefix + java.lang.Integer.toString(counter)) + .png)): null

2018-12-04 10:44:53 - [TEST_STEP][PASSED] - Statement - counter = counter + 1: null

2018-12-04 10:44:53 - [TEST_STEP][PASSED] - Statement - PreSaveFile = new java.io.File(((pathPrefix + java.lang.Integer.toString(counter)) + .png)): null

2018-12-04 10:44:53 - [TEST_STEP][PASSED] - Statement - counter = counter + 1: null

2018-12-04 10:44:54 - [TEST_STEP][PASSED] - Statement - PreSaveFile = new java.io.File(((pathPrefix + java.lang.Integer.toString(counter)) + .png)): null

2018-12-04 10:44:54 - [TEST_STEP][PASSED] - Statement - counter = counter + 1: null

2018-12-04 10:44:54 - [TEST_STEP][PASSED] - Statement - PreSaveFile = new java.io.File(((pathPrefix + java.lang.Integer.toString(counter)) + .png)): null

2018-12-04 10:44:54 - [TEST_STEP][PASSED] - Statement - counter = counter + 1: null

2018-12-04 10:44:54 - [TEST_STEP][PASSED] - Statement - PreSaveFile = new java.io.File(((pathPrefix + java.lang.Integer.toString(counter)) + .png)): null

2018-12-04 10:44:54 - [TEST_STEP][PASSED] - Statement - counter = counter + 1: null

2018-12-04 10:44:54 - [TEST_STEP][PASSED] - Statement - PreSaveFile = new java.io.File(((pathPrefix + java.lang.Integer.toString(counter)) + .png)): null

2018-12-04 10:44:54 - [TEST_STEP][PASSED] - Statement - counter = counter + 1: null

2018-12-04 10:44:54 - [TEST_STEP][PASSED] - Statement - PreSaveFile = new java.io.File(((pathPrefix + java.lang.Integer.toString(counter)) + .png)): null

2018-12-04 10:44:54 - [TEST_STEP][PASSED] - Statement - counter = counter + 1: null

2018-12-04 10:44:55 - [TEST_STEP][PASSED] - Statement - PreSaveFile = new java.io.File(((pathPrefix + java.lang.Integer.toString(counter)) + .png)): null

2018-12-04 10:44:55 - [TEST_STEP][PASSED] - Statement - counter = counter + 1: null

2018-12-04 10:44:55 - [TEST_STEP][PASSED] - Statement - PreSaveFile = new java.io.File(((pathPrefix + java.lang.Integer.toString(counter)) + .png)): null

2018-12-04 10:44:55 - [TEST_STEP][PASSED] - Statement - counter = counter + 1: null

2018-12-04 10:44:55 - [TEST_STEP][PASSED] - Statement - PreSaveFile = new java.io.File(((pathPrefix + java.lang.Integer.toString(counter)) + .png)): null

2018-12-04 10:44:55 - [TEST_STEP][PASSED] - Statement - counter = counter + 1: null

2018-12-04 10:44:55 - [TEST_STEP][PASSED] - Statement - PreSaveFile = new java.io.File(((pathPrefix + java.lang.Integer.toString(counter)) + .png)): null

2018-12-04 10:44:55 - [TEST_STEP][PASSED] - Statement - counter = counter + 1: null

2018-12-04 10:44:55 - [TEST_STEP][PASSED] - Statement - PreSaveFile = new java.io.File(((pathPrefix + java.lang.Integer.toString(counter)) + .png)): null

2018-12-04 10:44:56 - [TEST_STEP][PASSED] - Statement - counter = counter + 1: null

2018-12-04 10:44:56 - [TEST_STEP][PASSED] - Statement - PreSaveFile = new java.io.File(((pathPrefix + java.lang.Integer.toString(counter)) + .png)): null

2018-12-04 10:44:56 - [TEST_STEP][PASSED] - Statement - counter = counter + 1: null

2018-12-04 10:44:56 - [TEST_STEP][PASSED] - Statement - PreSaveFile = new java.io.File(((pathPrefix + java.lang.Integer.toString(counter)) + .png)): null

2018-12-04 10:44:56 - [TEST_STEP][PASSED] - Statement - counter = counter + 1: null

2018-12-04 10:44:56 - [TEST_STEP][PASSED] - Statement - PreSaveFile = new java.io.File(((pathPrefix + java.lang.Integer.toString(counter)) + .png)): null

2018-12-04 10:44:56 - [TEST_STEP][PASSED] - Statement - counter = counter + 1: null

2018-12-04 10:44:56 - [TEST_STEP][PASSED] - Statement - PreSaveFile = new java.io.File(((pathPrefix + java.lang.Integer.toString(counter)) + .png)): null

2018-12-04 10:44:56 - [TEST_STEP][PASSED] - Statement - counter = counter + 1: null

2018-12-04 10:44:58 - [TEST_STEP][PASSED] - Statement - PreSaveFile = new java.io.File(((pathPrefix + java.lang.Integer.toString(counter)) + .png)): null

2018-12-04 10:44:58 - [TEST_STEP][PASSED] - Statement - counter = counter + 1: null

2018-12-04 10:44:58 - [TEST_STEP][PASSED] - Statement - PreSaveFile = new java.io.File(((pathPrefix + java.lang.Integer.toString(counter)) + .png)): null

2018-12-04 10:44:58 - [TEST_STEP][PASSED] - Statement - counter = counter + 1: null

2018-12-04 10:44:58 - [TEST_STEP][PASSED] - Statement - PreSaveFile = new java.io.File(((pathPrefix + java.lang.Integer.toString(counter)) + .png)): null

2018-12-04 10:44:58 - [TEST_STEP][PASSED] - Statement - counter = counter + 1: null

2018-12-04 10:44:58 - [TEST_STEP][PASSED] - Statement - PreSaveFile = new java.io.File(((pathPrefix + java.lang.Integer.toString(counter)) + .png)): null

2018-12-04 10:44:58 - [TEST_STEP][PASSED] - Statement - counter = counter + 1: null

2018-12-04 10:44:58 - [TEST_STEP][PASSED] - Statement - PreSaveFile = new java.io.File(((pathPrefix + java.lang.Integer.toString(counter)) + .png)): null

2018-12-04 10:44:58 - [TEST_STEP][PASSED] - Statement - counter = counter + 1: null

2018-12-04 10:44:59 - [TEST_STEP][PASSED] - Statement - PreSaveFile = new java.io.File(((pathPrefix + java.lang.Integer.toString(counter)) + .png)): null

2018-12-04 10:44:59 - [TEST_STEP][PASSED] - Statement - counter = counter + 1: null

2018-12-04 10:44:59 - [TEST_STEP][PASSED] - Statement - PreSaveFile = new java.io.File(((pathPrefix + java.lang.Integer.toString(counter)) + .png)): null

2018-12-04 10:44:59 - [TEST_STEP][PASSED] - Statement - counter = counter + 1: null

2018-12-04 10:44:59 - [TEST_STEP][PASSED] - Statement - PreSaveFile = new java.io.File(((pathPrefix + java.lang.Integer.toString(counter)) + .png)): null

2018-12-04 10:44:59 - [TEST_STEP][PASSED] - Statement - counter = counter + 1: null

2018-12-04 10:44:59 - [TEST_STEP][PASSED] - Statement - PreSaveFile = new java.io.File(((pathPrefix + java.lang.Integer.toString(counter)) + .png)): null

2018-12-04 10:44:59 - [TEST_STEP][PASSED] - Statement - counter = counter + 1: null

2018-12-04 10:44:59 - [TEST_STEP][PASSED] - Statement - PreSaveFile = new java.io.File(((pathPrefix + java.lang.Integer.toString(counter)) + .png)): null

2018-12-04 10:44:59 - [TEST_STEP][PASSED] - Statement - counter = counter + 1: null

2018-12-04 10:45:01 - [TEST_STEP][PASSED] - Statement - PreSaveFile = new java.io.File(((pathPrefix + java.lang.Integer.toString(counter)) + .png)): null

2018-12-04 10:45:01 - [TEST_STEP][PASSED] - Statement - counter = counter + 1: null

2018-12-04 10:45:01 - [TEST_STEP][PASSED] - Statement - PreSaveFile = new java.io.File(((pathPrefix + java.lang.Integer.toString(counter)) + .png)): null

2018-12-04 10:45:01 - [TEST_STEP][PASSED] - Statement - counter = counter + 1: null

2018-12-04 10:45:01 - [TEST_STEP][PASSED] - Statement - PreSaveFile = new java.io.File(((pathPrefix + java.lang.Integer.toString(counter)) + .png)): null

2018-12-04 10:45:01 - [TEST_STEP][PASSED] - Statement - counter = counter + 1: null

2018-12-04 10:45:01 - [TEST_STEP][PASSED] - Statement - PreSaveFile = new java.io.File(((pathPrefix + java.lang.Integer.toString(counter)) + .png)): null

2018-12-04 10:45:01 - [TEST_STEP][PASSED] - Statement - counter = counter + 1: null

2018-12-04 10:45:01 - [TEST_STEP][PASSED] - Statement - PreSaveFile = new java.io.File(((pathPrefix + java.lang.Integer.toString(counter)) + .png)): null

2018-12-04 10:45:01 - [TEST_STEP][PASSED] - Statement - counter = counter + 1: null

2018-12-04 10:45:02 - [TEST_STEP][PASSED] - Statement - PreSaveFile = new java.io.File(((pathPrefix + java.lang.Integer.toString(counter)) + .png)): null

2018-12-04 10:45:02 - [TEST_STEP][PASSED] - Statement - counter = counter + 1: null

2018-12-04 10:45:02 - [TEST_STEP][PASSED] - Statement - PreSaveFile = new java.io.File(((pathPrefix + java.lang.Integer.toString(counter)) + .png)): null

2018-12-04 10:45:02 - [TEST_STEP][PASSED] - Statement - counter = counter + 1: null

2018-12-04 10:45:02 - [TEST_STEP][PASSED] - Statement - PreSaveFile = new java.io.File(((pathPrefix + java.lang.Integer.toString(counter)) + .png)): null

2018-12-04 10:45:02 - [TEST_STEP][PASSED] - Statement - counter = counter + 1: null

2018-12-04 10:45:02 - [TEST_STEP][PASSED] - Statement - PreSaveFile = new java.io.File(((pathPrefix + java.lang.Integer.toString(counter)) + .png)): null

2018-12-04 10:45:02 - [TEST_STEP][PASSED] - Statement - counter = counter + 1: null

2018-12-04 10:45:02 - [TEST_STEP][PASSED] - Statement - PreSaveFile = new java.io.File(((pathPrefix + java.lang.Integer.toString(counter)) + .png)): null

2018-12-04 10:45:03 - [TEST_STEP][PASSED] - Statement - counter = counter + 1: null

2018-12-04 10:45:03 - [TEST_STEP][PASSED] - Statement - PreSaveFile = new java.io.File(((pathPrefix + java.lang.Integer.toString(counter)) + .png)): null

2018-12-04 10:45:03 - [TEST_STEP][PASSED] - Statement - counter = counter + 1: null

2018-12-04 10:45:03 - [TEST_STEP][PASSED] - Statement - PreSaveFile = new java.io.File(((pathPrefix + java.lang.Integer.toString(counter)) + .png)): null

2018-12-04 10:45:03 - [TEST_STEP][PASSED] - Statement - counter = counter + 1: null

2018-12-04 10:45:03 - [TEST_STEP][PASSED] - Statement - PreSaveFile = new java.io.File(((pathPrefix + java.lang.Integer.toString(counter)) + .png)): null

2018-12-04 10:45:03 - [TEST_STEP][PASSED] - Statement - counter = counter + 1: null

2018-12-04 10:45:03 - [TEST_STEP][PASSED] - Statement - PreSaveFile = new java.io.File(((pathPrefix + java.lang.Integer.toString(counter)) + .png)): null

2018-12-04 10:45:03 - [TEST_STEP][PASSED] - Statement - counter = counter + 1: null

2018-12-04 10:45:04 - [TEST_STEP][PASSED] - Statement - PreSaveFile = new java.io.File(((pathPrefix + java.lang.Integer.toString(counter)) + .png)): null

2018-12-04 10:45:04 - [TEST_STEP][PASSED] - Statement - counter = counter + 1: null

2018-12-04 10:45:04 - [TEST_STEP][PASSED] - Statement - PreSaveFile = new java.io.File(((pathPrefix + java.lang.Integer.toString(counter)) + .png)): null

2018-12-04 10:45:04 - [TEST_STEP][PASSED] - Statement - counter = counter + 1: null

2018-12-04 10:45:04 - [TEST_STEP][PASSED] - Statement - PreSaveFile = new java.io.File(((pathPrefix + java.lang.Integer.toString(counter)) + .png)): null

2018-12-04 10:45:04 - [TEST_STEP][PASSED] - Statement - counter = counter + 1: null

2018-12-04 10:45:04 - [TEST_STEP][PASSED] - Statement - PreSaveFile = new java.io.File(((pathPrefix + java.lang.Integer.toString(counter)) + .png)): null

2018-12-04 10:45:04 - [TEST_STEP][PASSED] - Statement - counter = counter + 1: null

2018-12-04 10:45:04 - [TEST_STEP][PASSED] - Statement - PreSaveFile = new java.io.File(((pathPrefix + java.lang.Integer.toString(counter)) + .png)): null

2018-12-04 10:45:04 - [TEST_STEP][PASSED] - Statement - counter = counter + 1: null

2018-12-04 10:45:06 - [TEST_STEP][PASSED] - Statement - PreSaveFile = new java.io.File(((pathPrefix + java.lang.Integer.toString(counter)) + .png)): null

2018-12-04 10:45:06 - [TEST_STEP][PASSED] - Statement - counter = counter + 1: null

2018-12-04 10:45:06 - [TEST_STEP][PASSED] - Statement - PreSaveFile = new java.io.File(((pathPrefix + java.lang.Integer.toString(counter)) + .png)): null

2018-12-04 10:45:06 - [TEST_STEP][PASSED] - Statement - counter = counter + 1: null

2018-12-04 10:45:06 - [TEST_STEP][PASSED] - Statement - PreSaveFile = new java.io.File(((pathPrefix + java.lang.Integer.toString(counter)) + .png)): null

2018-12-04 10:45:06 - [TEST_STEP][PASSED] - Statement - counter = counter + 1: null

2018-12-04 10:45:06 - [TEST_STEP][PASSED] - Statement - PreSaveFile = new java.io.File(((pathPrefix + java.lang.Integer.toString(counter)) + .png)): null

2018-12-04 10:45:06 - [TEST_STEP][PASSED] - Statement - counter = counter + 1: null

2018-12-04 10:45:06 - [TEST_STEP][PASSED] - Statement - PreSaveFile = new java.io.File(((pathPrefix + java.lang.Integer.toString(counter)) + .png)): null

2018-12-04 10:45:06 - [TEST_STEP][PASSED] - Statement - counter = counter + 1: null

2018-12-04 10:45:07 - [TEST_STEP][PASSED] - Statement - PreSaveFile = new java.io.File(((pathPrefix + java.lang.Integer.toString(counter)) + .png)): null

2018-12-04 10:45:07 - [TEST_STEP][PASSED] - Statement - counter = counter + 1: null

2018-12-04 10:45:07 - [TEST_STEP][PASSED] - Statement - PreSaveFile = new java.io.File(((pathPrefix + java.lang.Integer.toString(counter)) + .png)): null

2018-12-04 10:45:07 - [TEST_STEP][PASSED] - Statement - counter = counter + 1: null

2018-12-04 10:45:07 - [TEST_STEP][PASSED] - Statement - PreSaveFile = new java.io.File(((pathPrefix + java.lang.Integer.toString(counter)) + .png)): null

2018-12-04 10:45:07 - [TEST_STEP][PASSED] - Statement - counter = counter + 1: null

2018-12-04 10:45:07 - [TEST_STEP][PASSED] - Statement - PreSaveFile = new java.io.File(((pathPrefix + java.lang.Integer.toString(counter)) + .png)): null

2018-12-04 10:45:07 - [TEST_STEP][PASSED] - Statement - counter = counter + 1: null

2018-12-04 10:45:07 - [TEST_STEP][PASSED] - Statement - PreSaveFile = new java.io.File(((pathPrefix + java.lang.Integer.toString(counter)) + .png)): null

2018-12-04 10:45:09 - [TEST_STEP][PASSED] - Statement - counter = counter + 1: null

2018-12-04 10:45:09 - [TEST_STEP][PASSED] - Statement - PreSaveFile = new java.io.File(((pathPrefix + java.lang.Integer.toString(counter)) + .png)): null

2018-12-04 10:45:09 - [TEST_STEP][PASSED] - Statement - counter = counter + 1: null

2018-12-04 10:45:09 - [TEST_STEP][PASSED] - Statement - PreSaveFile = new java.io.File(((pathPrefix + java.lang.Integer.toString(counter)) + .png)): null

2018-12-04 10:45:09 - [TEST_STEP][PASSED] - Statement - counter = counter + 1: null

2018-12-04 10:45:09 - [TEST_STEP][PASSED] - Statement - PreSaveFile = new java.io.File(((pathPrefix + java.lang.Integer.toString(counter)) + .png)): null

2018-12-04 10:45:09 - [TEST_STEP][PASSED] - Statement - counter = counter + 1: null

2018-12-04 10:45:09 - [TEST_STEP][PASSED] - Statement - PreSaveFile = new java.io.File(((pathPrefix + java.lang.Integer.toString(counter)) + .png)): null

2018-12-04 10:45:09 - [TEST_STEP][PASSED] - Statement - counter = counter + 1: null

2018-12-04 10:45:11 - [TEST_STEP][PASSED] - Statement - PreSaveFile = new java.io.File(((pathPrefix + java.lang.Integer.toString(counter)) + .png)): null

2018-12-04 10:45:11 - [TEST_STEP][PASSED] - Statement - counter = counter + 1: null

2018-12-04 10:45:11 - [TEST_STEP][PASSED] - Statement - PreSaveFile = new java.io.File(((pathPrefix + java.lang.Integer.toString(counter)) + .png)): null

2018-12-04 10:45:11 - [TEST_STEP][PASSED] - Statement - counter = counter + 1: null

2018-12-04 10:45:11 - [TEST_STEP][PASSED] - Statement - PreSaveFile = new java.io.File(((pathPrefix + java.lang.Integer.toString(counter)) + .png)): null

2018-12-04 10:45:11 - [TEST_STEP][PASSED] - Statement - counter = counter + 1: null

2018-12-04 10:45:11 - [TEST_STEP][PASSED] - Statement - PreSaveFile = new java.io.File(((pathPrefix + java.lang.Integer.toString(counter)) + .png)): null

2018-12-04 10:45:11 - [TEST_STEP][PASSED] - Statement - counter = counter + 1: null

2018-12-04 10:45:11 - [TEST_STEP][PASSED] - Statement - PreSaveFile = new java.io.File(((pathPrefix + java.lang.Integer.toString(counter)) + .png)): null

2018-12-04 10:45:11 - [TEST_STEP][PASSED] - Statement - counter = counter + 1: null

2018-12-04 10:45:13 - [TEST_STEP][PASSED] - Statement - PreSaveFile = new java.io.File(((pathPrefix + java.lang.Integer.toString(counter)) + .png)): null

2018-12-04 10:45:13 - [TEST_STEP][PASSED] - Statement - counter = counter + 1: null

2018-12-04 10:45:13 - [TEST_STEP][PASSED] - Statement - PreSaveFile = new java.io.File(((pathPrefix + java.lang.Integer.toString(counter)) + .png)): null

2018-12-04 10:45:13 - [TEST_STEP][PASSED] - Statement - counter = counter + 1: null

2018-12-04 10:45:13 - [TEST_STEP][PASSED] - Statement - PreSaveFile = new java.io.File(((pathPrefix + java.lang.Integer.toString(counter)) + .png)): null

2018-12-04 10:45:13 - [TEST_STEP][PASSED] - Statement - counter = counter + 1: null

2018-12-04 10:45:13 - [TEST_STEP][PASSED] - Statement - PreSaveFile = new java.io.File(((pathPrefix + java.lang.Integer.toString(counter)) + .png)): null

2018-12-04 10:45:13 - [TEST_STEP][PASSED] - Statement - counter = counter + 1: null

2018-12-04 10:45:13 - [TEST_STEP][PASSED] - Statement - PreSaveFile = new java.io.File(((pathPrefix + java.lang.Integer.toString(counter)) + .png)): null

2018-12-04 10:45:13 - [TEST_STEP][PASSED] - Statement - counter = counter + 1: null

2018-12-04 10:45:14 - [TEST_STEP][PASSED] - Statement - PreSaveFile = new java.io.File(((pathPrefix + java.lang.Integer.toString(counter)) + .png)): null

2018-12-04 10:45:14 - [TEST_STEP][PASSED] - Statement - counter = counter + 1: null

2018-12-04 10:45:14 - [TEST_STEP][PASSED] - Statement - PreSaveFile = new java.io.File(((pathPrefix + java.lang.Integer.toString(counter)) + .png)): null

2018-12-04 10:45:14 - [TEST_STEP][PASSED] - Statement - counter = counter + 1: null

2018-12-04 10:45:14 - [TEST_STEP][PASSED] - Statement - PreSaveFile = new java.io.File(((pathPrefix + java.lang.Integer.toString(counter)) + .png)): null

2018-12-04 10:45:14 - [TEST_STEP][PASSED] - Statement - counter = counter + 1: null

2018-12-04 10:45:14 - [TEST_STEP][PASSED] - Statement - PreSaveFile = new java.io.File(((pathPrefix + java.lang.Integer.toString(counter)) + .png)): null

2018-12-04 10:45:14 - [TEST_STEP][PASSED] - Statement - counter = counter + 1: null

2018-12-04 10:45:14 - [TEST_STEP][PASSED] - Statement - PreSaveFile = new java.io.File(((pathPrefix + java.lang.Integer.toString(counter)) + .png)): null

2018-12-04 10:45:14 - [TEST_STEP][PASSED] - Statement - counter = counter + 1: null

2018-12-04 10:45:15 - [TEST_STEP][PASSED] - Statement - PreSaveFile = new java.io.File(((pathPrefix + java.lang.Integer.toString(counter)) + .png)): null

2018-12-04 10:45:15 - [TEST_STEP][PASSED] - Statement - counter = counter + 1: null

2018-12-04 10:45:15 - [TEST_STEP][PASSED] - Statement - PreSaveFile = new java.io.File(((pathPrefix + java.lang.Integer.toString(counter)) + .png)): null

2018-12-04 10:45:15 - [TEST_STEP][PASSED] - Statement - counter = counter + 1: null

2018-12-04 10:45:15 - [TEST_STEP][PASSED] - Statement - PreSaveFile = new java.io.File(((pathPrefix + java.lang.Integer.toString(counter)) + .png)): null

2018-12-04 10:45:15 - [TEST_STEP][PASSED] - Statement - counter = counter + 1: null

2018-12-04 10:45:15 - [TEST_STEP][PASSED] - Statement - PreSaveFile = new java.io.File(((pathPrefix + java.lang.Integer.toString(counter)) + .png)): null

2018-12-04 10:45:15 - [TEST_STEP][PASSED] - Statement - counter = counter + 1: null

2018-12-04 10:45:15 - [TEST_STEP][PASSED] - Statement - PreSaveFile = new java.io.File(((pathPrefix + java.lang.Integer.toString(counter)) + .png)): null

2018-12-04 10:45:17 - [TEST_STEP][PASSED] - Statement - counter = counter + 1: null

2018-12-04 10:45:17 - [TEST_STEP][PASSED] - Statement - PreSaveFile = new java.io.File(((pathPrefix + java.lang.Integer.toString(counter)) + .png)): null

2018-12-04 10:45:17 - [TEST_STEP][PASSED] - Statement - counter = counter + 1: null

2018-12-04 10:45:17 - [TEST_STEP][PASSED] - Statement - PreSaveFile = new java.io.File(((pathPrefix + java.lang.Integer.toString(counter)) + .png)): null

2018-12-04 10:45:17 - [TEST_STEP][PASSED] - Statement - counter = counter + 1: null

2018-12-04 10:45:17 - [TEST_STEP][PASSED] - Statement - PreSaveFile = new java.io.File(((pathPrefix + java.lang.Integer.toString(counter)) + .png)): null

2018-12-04 10:45:17 - [TEST_STEP][PASSED] - Statement - counter = counter + 1: null

2018-12-04 10:45:17 - [TEST_STEP][PASSED] - Statement - PreSaveFile = new java.io.File(((pathPrefix + java.lang.Integer.toString(counter)) + .png)): null

2018-12-04 10:45:17 - [TEST_STEP][PASSED] - Statement - counter = counter + 1: null

2018-12-04 10:45:18 - [TEST_STEP][PASSED] - Statement - PreSaveFile = new java.io.File(((pathPrefix + java.lang.Integer.toString(counter)) + .png)): null

2018-12-04 10:45:18 - [TEST_STEP][PASSED] - Statement - counter = counter + 1: null

2018-12-04 10:45:18 - [TEST_STEP][PASSED] - Statement - PreSaveFile = new java.io.File(((pathPrefix + java.lang.Integer.toString(counter)) + .png)): null

2018-12-04 10:45:18 - [TEST_STEP][PASSED] - Statement - counter = counter + 1: null

2018-12-04 10:45:18 - [TEST_STEP][PASSED] - Statement - PreSaveFile = new java.io.File(((pathPrefix + java.lang.Integer.toString(counter)) + .png)): null

2018-12-04 10:45:18 - [TEST_STEP][PASSED] - Statement - counter = counter + 1: null

2018-12-04 10:45:18 - [TEST_STEP][PASSED] - Statement - PreSaveFile = new java.io.File(((pathPrefix + java.lang.Integer.toString(counter)) + .png)): null

2018-12-04 10:45:18 - [TEST_STEP][PASSED] - Statement - counter = counter + 1: null

2018-12-04 10:45:18 - [TEST_STEP][PASSED] - Statement - PreSaveFile = new java.io.File(((pathPrefix + java.lang.Integer.toString(counter)) + .png)): null

2018-12-04 10:45:18 - [TEST_STEP][PASSED] - Statement - counter = counter + 1: null

2018-12-04 10:45:20 - [TEST_STEP][PASSED] - Statement - PreSaveFile = new java.io.File(((pathPrefix + java.lang.Integer.toString(counter)) + .png)): null

2018-12-04 10:45:20 - [TEST_STEP][PASSED] - Statement - counter = counter + 1: null

2018-12-04 10:45:20 - [TEST_STEP][PASSED] - Statement - PreSaveFile = new java.io.File(((pathPrefix + java.lang.Integer.toString(counter)) + .png)): null

2018-12-04 10:45:20 - [TEST_STEP][PASSED] - Statement - counter = counter + 1: null

2018-12-04 10:45:20 - [TEST_STEP][PASSED] - Statement - PreSaveFile = new java.io.File(((pathPrefix + java.lang.Integer.toString(counter)) + .png)): null

2018-12-04 10:45:20 - [TEST_STEP][PASSED] - Statement - counter = counter + 1: null

2018-12-04 10:45:20 - [TEST_STEP][PASSED] - Statement - PreSaveFile = new java.io.File(((pathPrefix + java.lang.Integer.toString(counter)) + .png)): null

2018-12-04 10:45:20 - [TEST_STEP][PASSED] - Statement - counter = counter + 1: null

2018-12-04 10:45:20 - [TEST_STEP][PASSED] - Statement - PreSaveFile = new java.io.File(((pathPrefix + java.lang.Integer.toString(counter)) + .png)): null

2018-12-04 10:45:20 - [TEST_STEP][PASSED] - Statement - counter = counter + 1: null

2018-12-04 10:45:21 - [TEST_STEP][PASSED] - Statement - PreSaveFile = new java.io.File(((pathPrefix + java.lang.Integer.toString(counter)) + .png)): null

2018-12-04 10:45:21 - [TEST_STEP][PASSED] - Statement - counter = counter + 1: null

2018-12-04 10:45:21 - [TEST_STEP][PASSED] - Statement - PreSaveFile = new java.io.File(((pathPrefix + java.lang.Integer.toString(counter)) + .png)): null

2018-12-04 10:45:21 - [TEST_STEP][PASSED] - Statement - counter = counter + 1: null

2018-12-04 10:45:21 - [TEST_STEP][PASSED] - Statement - PreSaveFile = new java.io.File(((pathPrefix + java.lang.Integer.toString(counter)) + .png)): null

2018-12-04 10:45:21 - [TEST_STEP][PASSED] - Statement - counter = counter + 1: null

2018-12-04 10:45:21 - [TEST_STEP][PASSED] - Statement - PreSaveFile = new java.io.File(((pathPrefix + java.lang.Integer.toString(counter)) + .png)): null

2018-12-04 10:45:21 - [TEST_STEP][PASSED] - Statement - counter = counter + 1: null

2018-12-04 10:45:21 - [TEST_STEP][PASSED] - Statement - PreSaveFile = new java.io.File(((pathPrefix + java.lang.Integer.toString(counter)) + .png)): null

2018-12-04 10:45:23 - [TEST_STEP][PASSED] - Statement - counter = counter + 1: null

2018-12-04 10:45:23 - [TEST_STEP][PASSED] - Statement - PreSaveFile = new java.io.File(((pathPrefix + java.lang.Integer.toString(counter)) + .png)): null

2018-12-04 10:45:23 - [TEST_STEP][PASSED] - Statement - counter = counter + 1: null

2018-12-04 10:45:23 - [TEST_STEP][PASSED] - Statement - PreSaveFile = new java.io.File(((pathPrefix + java.lang.Integer.toString(counter)) + .png)): null

2018-12-04 10:45:23 - [TEST_STEP][PASSED] - Statement - counter = counter + 1: null

2018-12-04 10:45:23 - [TEST_STEP][PASSED] - Statement - PreSaveFile = new java.io.File(((pathPrefix + java.lang.Integer.toString(counter)) + .png)): null

2018-12-04 10:45:23 - [TEST_STEP][PASSED] - Statement - counter = counter + 1: null

2018-12-04 10:45:23 - [TEST_STEP][PASSED] - Statement - PreSaveFile = new java.io.File(((pathPrefix + java.lang.Integer.toString(counter)) + .png)): null

2018-12-04 10:45:23 - [TEST_STEP][PASSED] - Statement - counter = counter + 1: null

2018-12-04 10:45:23 - [TEST_STEP][PASSED] - Statement - PreSaveFile = new java.io.File(((pathPrefix + java.lang.Integer.toString(counter)) + .png)): null

2018-12-04 10:45:24 - [TEST_STEP][PASSED] - Statement - counter = counter + 1: null

2018-12-04 10:45:24 - [TEST_STEP][PASSED] - Statement - PreSaveFile = new java.io.File(((pathPrefix + java.lang.Integer.toString(counter)) + .png)): null

2018-12-04 10:45:24 - [TEST_STEP][PASSED] - Statement - counter = counter + 1: null

2018-12-04 10:45:24 - [TEST_STEP][PASSED] - Statement - PreSaveFile = new java.io.File(((pathPrefix + java.lang.Integer.toString(counter)) + .png)): null

2018-12-04 10:45:24 - [TEST_STEP][PASSED] - Statement - counter = counter + 1: null

2018-12-04 10:45:24 - [TEST_STEP][PASSED] - Statement - PreSaveFile = new java.io.File(((pathPrefix + java.lang.Integer.toString(counter)) + .png)): null

2018-12-04 10:45:24 - [TEST_STEP][PASSED] - Statement - counter = counter + 1: null

2018-12-04 10:45:24 - [TEST_STEP][PASSED] - Statement - PreSaveFile = new java.io.File(((pathPrefix + java.lang.Integer.toString(counter)) + .png)): null

2018-12-04 10:45:24 - [TEST_STEP][PASSED] - Statement - counter = counter + 1: null

2018-12-04 10:45:26 - [TEST_STEP][PASSED] - Statement - PreSaveFile = new java.io.File(((pathPrefix + java.lang.Integer.toString(counter)) + .png)): null

2018-12-04 10:45:26 - [TEST_STEP][PASSED] - Statement - counter = counter + 1: null

2018-12-04 10:45:26 - [TEST_STEP][PASSED] - Statement - PreSaveFile = new java.io.File(((pathPrefix + java.lang.Integer.toString(counter)) + .png)): null

2018-12-04 10:45:26 - [TEST_STEP][PASSED] - Statement - counter = counter + 1: null

2018-12-04 10:45:26 - [TEST_STEP][PASSED] - Statement - PreSaveFile = new java.io.File(((pathPrefix + java.lang.Integer.toString(counter)) + .png)): null

2018-12-04 10:45:26 - [TEST_STEP][PASSED] - Statement - counter = counter + 1: null

2018-12-04 10:45:26 - [TEST_STEP][PASSED] - Statement - PreSaveFile = new java.io.File(((pathPrefix + java.lang.Integer.toString(counter)) + .png)): null

2018-12-04 10:45:26 - [TEST_STEP][PASSED] - Statement - counter = counter + 1: null

2018-12-04 10:45:26 - [TEST_STEP][PASSED] - Statement - PreSaveFile = new java.io.File(((pathPrefix + java.lang.Integer.toString(counter)) + .png)): null

2018-12-04 10:45:26 - [TEST_STEP][PASSED] - Statement - counter = counter + 1: null

2018-12-04 10:45:28 - [TEST_STEP][PASSED] - Statement - PreSaveFile = new java.io.File(((pathPrefix + java.lang.Integer.toString(counter)) + .png)): null

2018-12-04 10:45:28 - [TEST_STEP][PASSED] - Statement - counter = counter + 1: null

2018-12-04 10:45:28 - [TEST_STEP][PASSED] - Statement - PreSaveFile = new java.io.File(((pathPrefix + java.lang.Integer.toString(counter)) + .png)): null

2018-12-04 10:45:28 - [TEST_STEP][PASSED] - Statement - counter = counter + 1: null

2018-12-04 10:45:28 - [TEST_STEP][PASSED] - Statement - PreSaveFile = new java.io.File(((pathPrefix + java.lang.Integer.toString(counter)) + .png)): null

2018-12-04 10:45:28 - [TEST_STEP][PASSED] - Statement - counter = counter + 1: null

2018-12-04 10:45:28 - [TEST_STEP][PASSED] - Statement - PreSaveFile = new java.io.File(((pathPrefix + java.lang.Integer.toString(counter)) + .png)): null

2018-12-04 10:45:28 - [TEST_STEP][PASSED] - Statement - counter = counter + 1: null

2018-12-04 10:45:28 - [TEST_STEP][PASSED] - Statement - PreSaveFile = new java.io.File(((pathPrefix + java.lang.Integer.toString(counter)) + .png)): null

2018-12-04 10:45:28 - [TEST_STEP][PASSED] - Statement - counter = counter + 1: null

2018-12-04 10:45:29 - [TEST_STEP][PASSED] - Statement - PreSaveFile = new java.io.File(((pathPrefix + java.lang.Integer.toString(counter)) + .png)): null

2018-12-04 10:45:29 - [TEST_STEP][PASSED] - Statement - counter = counter + 1: null

2018-12-04 10:45:29 - [TEST_STEP][PASSED] - Statement - PreSaveFile = new java.io.File(((pathPrefix + java.lang.Integer.toString(counter)) + .png)): null

2018-12-04 10:45:29 - [TEST_STEP][PASSED] - Statement - counter = counter + 1: null

2018-12-04 10:45:29 - [TEST_STEP][PASSED] - Statement - PreSaveFile = new java.io.File(((pathPrefix + java.lang.Integer.toString(counter)) + .png)): null

2018-12-04 10:45:29 - [TEST_STEP][PASSED] - Statement - counter = counter + 1: null

2018-12-04 10:45:29 - [TEST_STEP][PASSED] - Statement - PreSaveFile = new java.io.File(((pathPrefix + java.lang.Integer.toString(counter)) + .png)): null

2018-12-04 10:45:29 - [TEST_STEP][PASSED] - Statement - counter = counter + 1: null

2018-12-04 10:45:29 - [TEST_STEP][PASSED] - Statement - PreSaveFile = new java.io.File(((pathPrefix + java.lang.Integer.toString(counter)) + .png)): null

2018-12-04 10:45:30 - [TEST_STEP][PASSED] - Statement - counter = counter + 1: null

2018-12-04 10:45:30 - [TEST_STEP][PASSED] - Statement - PreSaveFile = new java.io.File(((pathPrefix + java.lang.Integer.toString(counter)) + .png)): null

2018-12-04 10:45:30 - [TEST_STEP][PASSED] - Statement - counter = counter + 1: null

2018-12-04 10:45:30 - [TEST_STEP][PASSED] - Statement - PreSaveFile = new java.io.File(((pathPrefix + java.lang.Integer.toString(counter)) + .png)): null

2018-12-04 10:45:30 - [TEST_STEP][PASSED] - Statement - counter = counter + 1: null

2018-12-04 10:45:30 - [TEST_STEP][PASSED] - Statement - PreSaveFile = new java.io.File(((pathPrefix + java.lang.Integer.toString(counter)) + .png)): null

2018-12-04 10:45:30 - [TEST_STEP][PASSED] - Statement - counter = counter + 1: null

2018-12-04 10:45:30 - [TEST_STEP][PASSED] - Statement - PreSaveFile = new java.io.File(((pathPrefix + java.lang.Integer.toString(counter)) + .png)): null

2018-12-04 10:45:30 - [TEST_STEP][PASSED] - Statement - counter = counter + 1: null

2018-12-04 10:45:32 - [TEST_STEP][PASSED] - Statement - PreSaveFile = new java.io.File(((pathPrefix + java.lang.Integer.toString(counter)) + .png)): null

2018-12-04 10:45:32 - [TEST_STEP][PASSED] - Statement - counter = counter + 1: null

2018-12-04 10:45:32 - [TEST_STEP][PASSED] - Statement - PreSaveFile = new java.io.File(((pathPrefix + java.lang.Integer.toString(counter)) + .png)): null

2018-12-04 10:45:32 - [TEST_STEP][PASSED] - Statement - counter = counter + 1: null

2018-12-04 10:45:32 - [TEST_STEP][PASSED] - Statement - PreSaveFile = new java.io.File(((pathPrefix + java.lang.Integer.toString(counter)) + .png)): null

2018-12-04 10:45:32 - [TEST_STEP][PASSED] - Statement - counter = counter + 1: null

2018-12-04 10:45:32 - [TEST_STEP][PASSED] - Statement - PreSaveFile = new java.io.File(((pathPrefix + java.lang.Integer.toString(counter)) + .png)): null

2018-12-04 10:45:32 - [TEST_STEP][PASSED] - Statement - counter = counter + 1: null

2018-12-04 10:45:32 - [TEST_STEP][PASSED] - Statement - PreSaveFile = new java.io.File(((pathPrefix + java.lang.Integer.toString(counter)) + .png)): null

2018-12-04 10:45:32 - [TEST_STEP][PASSED] - Statement - counter = counter + 1: null

2018-12-04 10:45:34 - [TEST_STEP][PASSED] - Statement - PreSaveFile = new java.io.File(((pathPrefix + java.lang.Integer.toString(counter)) + .png)): null

2018-12-04 10:45:34 - [TEST_STEP][PASSED] - Statement - counter = counter + 1: null

2018-12-04 10:45:34 - [TEST_STEP][PASSED] - Statement - PreSaveFile = new java.io.File(((pathPrefix + java.lang.Integer.toString(counter)) + .png)): null

2018-12-04 10:45:34 - [TEST_STEP][PASSED] - Statement - counter = counter + 1: null

2018-12-04 10:45:34 - [TEST_STEP][PASSED] - Statement - PreSaveFile = new java.io.File(((pathPrefix + java.lang.Integer.toString(counter)) + .png)): null

2018-12-04 10:45:34 - [TEST_STEP][PASSED] - Statement - counter = counter + 1: null

2018-12-04 10:45:34 - [TEST_STEP][PASSED] - Statement - PreSaveFile = new java.io.File(((pathPrefix + java.lang.Integer.toString(counter)) + .png)): null

2018-12-04 10:45:34 - [TEST_STEP][PASSED] - Statement - counter = counter + 1: null

2018-12-04 10:45:34 - [TEST_STEP][PASSED] - Statement - PreSaveFile = new java.io.File(((pathPrefix + java.lang.Integer.toString(counter)) + .png)): null

2018-12-04 10:45:34 - [TEST_STEP][PASSED] - Statement - counter = counter + 1: null

2018-12-04 10:45:35 - [TEST_STEP][PASSED] - Statement - PreSaveFile = new java.io.File(((pathPrefix + java.lang.Integer.toString(counter)) + .png)): null

2018-12-04 10:45:35 - [TEST_STEP][PASSED] - Statement - counter = counter + 1: null

2018-12-04 10:45:35 - [TEST_STEP][PASSED] - Statement - PreSaveFile = new java.io.File(((pathPrefix + java.lang.Integer.toString(counter)) + .png)): null

2018-12-04 10:45:35 - [TEST_STEP][PASSED] - Statement - counter = counter + 1: null

2018-12-04 10:45:35 - [TEST_STEP][PASSED] - Statement - PreSaveFile = new java.io.File(((pathPrefix + java.lang.Integer.toString(counter)) + .png)): null

2018-12-04 10:45:35 - [TEST_STEP][PASSED] - Statement - counter = counter + 1: null

2018-12-04 10:45:35 - [TEST_STEP][PASSED] - Statement - PreSaveFile = new java.io.File(((pathPrefix + java.lang.Integer.toString(counter)) + .png)): null

2018-12-04 10:45:35 - [TEST_STEP][PASSED] - Statement - counter = counter + 1: null

2018-12-04 10:45:35 - [TEST_STEP][PASSED] - Statement - PreSaveFile = new java.io.File(((pathPrefix + java.lang.Integer.toString(counter)) + .png)): null

2018-12-04 10:45:35 - [TEST_STEP][PASSED] - Statement - counter = counter + 1: null

2018-12-04 10:45:37 - [TEST_STEP][PASSED] - Statement - PreSaveFile = new java.io.File(((pathPrefix + java.lang.Integer.toString(counter)) + .png)): null

2018-12-04 10:45:37 - [TEST_STEP][PASSED] - Statement - counter = counter + 1: null

2018-12-04 10:45:37 - [TEST_STEP][PASSED] - Statement - PreSaveFile = new java.io.File(((pathPrefix + java.lang.Integer.toString(counter)) + .png)): null

2018-12-04 10:45:37 - [TEST_STEP][PASSED] - Statement - counter = counter + 1: null

2018-12-04 10:45:37 - [TEST_STEP][PASSED] - Statement - PreSaveFile = new java.io.File(((pathPrefix + java.lang.Integer.toString(counter)) + .png)): null

2018-12-04 10:45:37 - [TEST_STEP][PASSED] - Statement - counter = counter + 1: null

2018-12-04 10:45:37 - [TEST_STEP][PASSED] - Statement - PreSaveFile = new java.io.File(((pathPrefix + java.lang.Integer.toString(counter)) + .png)): null

2018-12-04 10:45:37 - [TEST_STEP][PASSED] - Statement - counter = counter + 1: null

2018-12-04 10:45:37 - [TEST_STEP][PASSED] - Statement - PreSaveFile = new java.io.File(((pathPrefix + java.lang.Integer.toString(counter)) + .png)): null

2018-12-04 10:45:38 - [TEST_STEP][PASSED] - Statement - counter = counter + 1: null

2018-12-04 10:45:38 - [TEST_STEP][PASSED] - Statement - PreSaveFile = new java.io.File(((pathPrefix + java.lang.Integer.toString(counter)) + .png)): null

2018-12-04 10:45:38 - [TEST_STEP][PASSED] - Statement - counter = counter + 1: null

2018-12-04 10:45:38 - [TEST_STEP][PASSED] - Statement - PreSaveFile = new java.io.File(((pathPrefix + java.lang.Integer.toString(counter)) + .png)): null

2018-12-04 10:45:38 - [TEST_STEP][PASSED] - Statement - counter = counter + 1: null

2018-12-04 10:45:38 - [TEST_STEP][PASSED] - Statement - PreSaveFile = new java.io.File(((pathPrefix + java.lang.Integer.toString(counter)) + .png)): null

2018-12-04 10:45:38 - [TEST_STEP][PASSED] - Statement - counter = counter + 1: null

2018-12-04 10:45:38 - [TEST_STEP][PASSED] - Statement - PreSaveFile = new java.io.File(((pathPrefix + java.lang.Integer.toString(counter)) + .png)): null

2018-12-04 10:45:38 - [TEST_STEP][PASSED] - Statement - counter = counter + 1: null

2018-12-04 10:45:40 - [TEST_STEP][PASSED] - Statement - PreSaveFile = new java.io.File(((pathPrefix + java.lang.Integer.toString(counter)) + .png)): null

2018-12-04 10:45:40 - [TEST_STEP][PASSED] - Statement - counter = counter + 1: null

2018-12-04 10:45:40 - [TEST_STEP][PASSED] - Statement - PreSaveFile = new java.io.File(((pathPrefix + java.lang.Integer.toString(counter)) + .png)): null

2018-12-04 10:45:40 - [TEST_STEP][PASSED] - Statement - counter = counter + 1: null

2018-12-04 10:45:40 - [TEST_STEP][PASSED] - Statement - PreSaveFile = new java.io.File(((pathPrefix + java.lang.Integer.toString(counter)) + .png)): null

2018-12-04 10:45:40 - [TEST_STEP][PASSED] - Statement - counter = counter + 1: null

2018-12-04 10:45:40 - [TEST_STEP][PASSED] - Statement - PreSaveFile = new java.io.File(((pathPrefix + java.lang.Integer.toString(counter)) + .png)): null

2018-12-04 10:45:40 - [TEST_STEP][PASSED] - Statement - counter = counter + 1: null

2018-12-04 10:45:40 - [TEST_STEP][PASSED] - Statement - PreSaveFile = new java.io.File(((pathPrefix + java.lang.Integer.toString(counter)) + .png)): null

2018-12-04 10:45:40 - [TEST_STEP][PASSED] - Statement - counter = counter + 1: null

2018-12-04 10:45:41 - [TEST_STEP][PASSED] - Statement - PreSaveFile = new java.io.File(((pathPrefix + java.lang.Integer.toString(counter)) + .png)): null

2018-12-04 10:45:41 - [TEST_STEP][PASSED] - Statement - counter = counter + 1: null

2018-12-04 10:45:41 - [TEST_STEP][PASSED] - Statement - PreSaveFile = new java.io.File(((pathPrefix + java.lang.Integer.toString(counter)) + .png)): null

2018-12-04 10:45:41 - [TEST_STEP][PASSED] - Statement - counter = counter + 1: null

2018-12-04 10:45:41 - [TEST_STEP][PASSED] - Statement - PreSaveFile = new java.io.File(((pathPrefix + java.lang.Integer.toString(counter)) + .png)): null

2018-12-04 10:45:41 - [TEST_STEP][PASSED] - Statement - counter = counter + 1: null

2018-12-04 10:45:41 - [TEST_STEP][PASSED] - Statement - PreSaveFile = new java.io.File(((pathPrefix + java.lang.Integer.toString(counter)) + .png)): null

2018-12-04 10:45:41 - [TEST_STEP][PASSED] - Statement - counter = counter + 1: null

2018-12-04 10:45:41 - [TEST_STEP][PASSED] - Statement - PreSaveFile = new java.io.File(((pathPrefix + java.lang.Integer.toString(counter)) + .png)): null

2018-12-04 10:45:41 - [TEST_STEP][PASSED] - Statement - counter = counter + 1: null

2018-12-04 10:45:43 - [TEST_STEP][PASSED] - Statement - PreSaveFile = new java.io.File(((pathPrefix + java.lang.Integer.toString(counter)) + .png)): null

2018-12-04 10:45:43 - [TEST_STEP][PASSED] - Statement - counter = counter + 1: null

2018-12-04 10:45:43 - [TEST_STEP][PASSED] - Statement - PreSaveFile = new java.io.File(((pathPrefix + java.lang.Integer.toString(counter)) + .png)): null

2018-12-04 10:45:43 - [TEST_STEP][PASSED] - Statement - counter = counter + 1: null

2018-12-04 10:45:43 - [TEST_STEP][PASSED] - Statement - PreSaveFile = new java.io.File(((pathPrefix + java.lang.Integer.toString(counter)) + .png)): null

2018-12-04 10:45:43 - [TEST_STEP][PASSED] - Statement - counter = counter + 1: null

2018-12-04 10:45:43 - [TEST_STEP][PASSED] - Statement - PreSaveFile = new java.io.File(((pathPrefix + java.lang.Integer.toString(counter)) + .png)): null

2018-12-04 10:45:43 - [TEST_STEP][PASSED] - Statement - counter = counter + 1: null

2018-12-04 10:45:43 - [TEST_STEP][PASSED] - Statement - PreSaveFile = new java.io.File(((pathPrefix + java.lang.Integer.toString(counter)) + .png)): null

2018-12-04 10:45:44 - [TEST_STEP][PASSED] - Statement - counter = counter + 1: null

2018-12-04 10:45:44 - [TEST_STEP][PASSED] - Statement - PreSaveFile = new java.io.File(((pathPrefix + java.lang.Integer.toString(counter)) + .png)): null

2018-12-04 10:45:44 - [TEST_STEP][PASSED] - Statement - counter = counter + 1: null

2018-12-04 10:45:44 - [TEST_STEP][PASSED] - Statement - PreSaveFile = new java.io.File(((pathPrefix + java.lang.Integer.toString(counter)) + .png)): null

2018-12-04 10:45:44 - [TEST_STEP][PASSED] - Statement - counter = counter + 1: null

2018-12-04 10:45:44 - [TEST_STEP][PASSED] - Statement - PreSaveFile = new java.io.File(((pathPrefix + java.lang.Integer.toString(counter)) + .png)): null

2018-12-04 10:45:44 - [TEST_STEP][PASSED] - Statement - counter = counter + 1: null

2018-12-04 10:45:44 - [TEST_STEP][PASSED] - Statement - PreSaveFile = new java.io.File(((pathPrefix + java.lang.Integer.toString(counter)) + .png)): null

2018-12-04 10:45:44 - [TEST_STEP][PASSED] - Statement - counter = counter + 1: null

2018-12-04 10:45:44 - [TEST_STEP][PASSED] - Statement - PreSaveFile = new java.io.File(((pathPrefix + java.lang.Integer.toString(counter)) + .png)): null

2018-12-04 10:45:46 - [TEST_STEP][PASSED] - Statement - counter = counter + 1: null

2018-12-04 10:45:46 - [TEST_STEP][PASSED] - Statement - PreSaveFile = new java.io.File(((pathPrefix + java.lang.Integer.toString(counter)) + .png)): null

2018-12-04 10:45:46 - [TEST_STEP][PASSED] - Statement - counter = counter + 1: null

2018-12-04 10:45:46 - [TEST_STEP][PASSED] - Statement - PreSaveFile = new java.io.File(((pathPrefix + java.lang.Integer.toString(counter)) + .png)): null

2018-12-04 10:45:46 - [TEST_STEP][PASSED] - Statement - counter = counter + 1: null

2018-12-04 10:45:46 - [TEST_STEP][PASSED] - Statement - PreSaveFile = new java.io.File(((pathPrefix + java.lang.Integer.toString(counter)) + .png)): null

2018-12-04 10:45:46 - [TEST_STEP][PASSED] - Statement - counter = counter + 1: null

2018-12-04 10:45:46 - [TEST_STEP][PASSED] - Statement - PreSaveFile = new java.io.File(((pathPrefix + java.lang.Integer.toString(counter)) + .png)): null

2018-12-04 10:45:46 - [TEST_STEP][PASSED] - Statement - counter = counter + 1: null

2018-12-04 10:45:48 - [TEST_STEP][PASSED] - Statement - PreSaveFile = new java.io.File(((pathPrefix + java.lang.Integer.toString(counter)) + .png)): null

2018-12-04 10:45:48 - [TEST_STEP][PASSED] - Statement - counter = counter + 1: null

2018-12-04 10:45:48 - [TEST_STEP][PASSED] - Statement - PreSaveFile = new java.io.File(((pathPrefix + java.lang.Integer.toString(counter)) + .png)): null

2018-12-04 10:45:48 - [TEST_STEP][PASSED] - Statement - counter = counter + 1: null

2018-12-04 10:45:48 - [TEST_STEP][PASSED] - Statement - PreSaveFile = new java.io.File(((pathPrefix + java.lang.Integer.toString(counter)) + .png)): null

2018-12-04 10:45:48 - [TEST_STEP][PASSED] - Statement - counter = counter + 1: null

2018-12-04 10:45:48 - [TEST_STEP][PASSED] - Statement - PreSaveFile = new java.io.File(((pathPrefix + java.lang.Integer.toString(counter)) + .png)): null

2018-12-04 10:45:48 - [TEST_STEP][PASSED] - Statement - counter = counter + 1: null

2018-12-04 10:45:48 - [TEST_STEP][PASSED] - Statement - PreSaveFile = new java.io.File(((pathPrefix + java.lang.Integer.toString(counter)) + .png)): null

2018-12-04 10:45:48 - [TEST_STEP][PASSED] - Statement - counter = counter + 1: null

2018-12-04 10:45:49 - [TEST_STEP][PASSED] - Statement - PreSaveFile = new java.io.File(((pathPrefix + java.lang.Integer.toString(counter)) + .png)): null

2018-12-04 10:45:49 - [TEST_STEP][PASSED] - Statement - counter = counter + 1: null

2018-12-04 10:45:49 - [TEST_STEP][PASSED] - Statement - PreSaveFile = new java.io.File(((pathPrefix + java.lang.Integer.toString(counter)) + .png)): null

2018-12-04 10:45:49 - [TEST_STEP][PASSED] - Statement - counter = counter + 1: null

2018-12-04 10:45:49 - [TEST_STEP][PASSED] - Statement - PreSaveFile = new java.io.File(((pathPrefix + java.lang.Integer.toString(counter)) + .png)): null

2018-12-04 10:45:49 - [TEST_STEP][PASSED] - Statement - counter = counter + 1: null

2018-12-04 10:45:49 - [TEST_STEP][PASSED] - Statement - PreSaveFile = new java.io.File(((pathPrefix + java.lang.Integer.toString(counter)) + .png)): null

2018-12-04 10:45:49 - [TEST_STEP][PASSED] - Statement - counter = counter + 1: null

2018-12-04 10:45:49 - [TEST_STEP][PASSED] - Statement - PreSaveFile = new java.io.File(((pathPrefix + java.lang.Integer.toString(counter)) + .png)): null

2018-12-04 10:45:49 - [TEST_STEP][PASSED] - Statement - counter = counter + 1: null

2018-12-04 10:45:51 - [TEST_STEP][PASSED] - Statement - PreSaveFile = new java.io.File(((pathPrefix + java.lang.Integer.toString(counter)) + .png)): null

2018-12-04 10:45:51 - [TEST_STEP][PASSED] - Statement - counter = counter + 1: null

2018-12-04 10:45:51 - [TEST_STEP][PASSED] - Statement - PreSaveFile = new java.io.File(((pathPrefix + java.lang.Integer.toString(counter)) + .png)): null

2018-12-04 10:45:51 - [TEST_STEP][PASSED] - Statement - counter = counter + 1: null

2018-12-04 10:45:51 - [TEST_STEP][PASSED] - Statement - PreSaveFile = new java.io.File(((pathPrefix + java.lang.Integer.toString(counter)) + .png)): null

2018-12-04 10:45:51 - [TEST_STEP][PASSED] - Statement - counter = counter + 1: null

2018-12-04 10:45:51 - [TEST_STEP][PASSED] - Statement - PreSaveFile = new java.io.File(((pathPrefix + java.lang.Integer.toString(counter)) + .png)): null

2018-12-04 10:45:51 - [TEST_STEP][PASSED] - Statement - counter = counter + 1: null

2018-12-04 10:45:51 - [TEST_STEP][PASSED] - Statement - PreSaveFile = new java.io.File(((pathPrefix + java.lang.Integer.toString(counter)) + .png)): null

2018-12-04 10:45:54 - [TEST_STEP][PASSED] - Statement - counter = counter + 1: null

2018-12-04 10:45:54 - [TEST_STEP][PASSED] - Statement - PreSaveFile = new java.io.File(((pathPrefix + java.lang.Integer.toString(counter)) + .png)): null

2018-12-04 10:45:54 - [TEST_STEP][PASSED] - Statement - counter = counter + 1: null

2018-12-04 10:45:54 - [TEST_STEP][PASSED] - Statement - PreSaveFile = new java.io.File(((pathPrefix + java.lang.Integer.toString(counter)) + .png)): null

2018-12-04 10:45:54 - [TEST_STEP][PASSED] - Statement - counter = counter + 1: null

2018-12-04 10:45:54 - [TEST_STEP][PASSED] - Statement - PreSaveFile = new java.io.File(((pathPrefix + java.lang.Integer.toString(counter)) + .png)): null

2018-12-04 10:45:54 - [TEST_STEP][PASSED] - Statement - counter = counter + 1: null

2018-12-04 10:45:54 - [TEST_STEP][PASSED] - Statement - PreSaveFile = new java.io.File(((pathPrefix + java.lang.Integer.toString(counter)) + .png)): null

2018-12-04 10:45:54 - [TEST_STEP][PASSED] - Statement - counter = counter + 1: null

2018-12-04 10:45:55 - [TEST_STEP][PASSED] - Statement - PreSaveFile = new java.io.File(((pathPrefix + java.lang.Integer.toString(counter)) + .png)): null

2018-12-04 10:45:55 - [TEST_STEP][PASSED] - Statement - counter = counter + 1: null

2018-12-04 10:45:55 - [TEST_STEP][PASSED] - Statement - PreSaveFile = new java.io.File(((pathPrefix + java.lang.Integer.toString(counter)) + .png)): null

2018-12-04 10:45:55 - [TEST_STEP][PASSED] - Statement - counter = counter + 1: null

2018-12-04 10:45:55 - [TEST_STEP][PASSED] - Statement - PreSaveFile = new java.io.File(((pathPrefix + java.lang.Integer.toString(counter)) + .png)): null

2018-12-04 10:45:55 - [TEST_STEP][PASSED] - Statement - counter = counter + 1: null

2018-12-04 10:45:55 - [TEST_STEP][PASSED] - Statement - PreSaveFile = new java.io.File(((pathPrefix + java.lang.Integer.toString(counter)) + .png)): null

2018-12-04 10:45:55 - [TEST_STEP][PASSED] - Statement - counter = counter + 1: null

2018-12-04 10:45:55 - [TEST_STEP][PASSED] - Statement - PreSaveFile = new java.io.File(((pathPrefix + java.lang.Integer.toString(counter)) + .png)): null

2018-12-04 10:45:55 - [TEST_STEP][PASSED] - Statement - counter = counter + 1: null

2018-12-04 10:45:57 - [TEST_STEP][PASSED] - Statement - PreSaveFile = new java.io.File(((pathPrefix + java.lang.Integer.toString(counter)) + .png)): null

2018-12-04 10:45:57 - [TEST_STEP][PASSED] - Statement - counter = counter + 1: null

2018-12-04 10:45:59 - [TEST_STEP][PASSED] - Statement - PreSaveFile = new java.io.File(((pathPrefix + java.lang.Integer.toString(counter)) + .png)): null

2018-12-04 10:45:59 - [TEST_STEP][PASSED] - Statement - counter = counter + 1: null

2018-12-04 10:45:59 - [TEST_STEP][PASSED] - Statement - PreSaveFile = new java.io.File(((pathPrefix + java.lang.Integer.toString(counter)) + .png)): null

2018-12-04 10:45:59 - [TEST_STEP][PASSED] - Statement - counter = counter + 1: null

2018-12-04 10:45:59 - [TEST_STEP][PASSED] - Statement - PreSaveFile = new java.io.File(((pathPrefix + java.lang.Integer.toString(counter)) + .png)): null

2018-12-04 10:45:59 - [TEST_STEP][PASSED] - Statement - counter = counter + 1: null

2018-12-04 10:45:59 - [TEST_STEP][PASSED] - Statement - PreSaveFile = new java.io.File(((pathPrefix + java.lang.Integer.toString(counter)) + .png)): null

2018-12-04 10:45:59 - [TEST_STEP][PASSED] - Statement - counter = counter + 1: null

2018-12-04 10:45:59 - [TEST_STEP][PASSED] - Statement - PreSaveFile = new java.io.File(((pathPrefix + java.lang.Integer.toString(counter)) + .png)): null

2018-12-04 10:45:59 - [TEST_STEP][PASSED] - Statement - counter = counter + 1: null

2018-12-04 10:45:59 - [TEST_STEP][PASSED] - Statement - PreSaveFile = new java.io.File(((pathPrefix + java.lang.Integer.toString(counter)) + .png)): null

2018-12-04 10:45:59 - [TEST_STEP][PASSED] - Statement - counter = counter + 1: null

2018-12-04 10:45:59 - [TEST_STEP][PASSED] - Statement - PreSaveFile = new java.io.File(((pathPrefix + java.lang.Integer.toString(counter)) + .png)): null

2018-12-04 10:45:59 - [TEST_STEP][PASSED] - Statement - counter = counter + 1: null

2018-12-04 10:45:59 - [TEST_STEP][PASSED] - Statement - PreSaveFile = new java.io.File(((pathPrefix + java.lang.Integer.toString(counter)) + .png)): null

2018-12-04 10:45:59 - [TEST_STEP][PASSED] - Statement - counter = counter + 1: null

2018-12-04 10:45:59 - [TEST_STEP][PASSED] - Statement - PreSaveFile = new java.io.File(((pathPrefix + java.lang.Integer.toString(counter)) + .png)): null

2018-12-04 10:45:59 - [TEST_STEP][PASSED] - Statement - counter = counter + 1: null

2018-12-04 10:45:59 - [TEST_STEP][PASSED] - Statement - PreSaveFile = new java.io.File(((pathPrefix + java.lang.Integer.toString(counter)) + .png)): null

2018-12-04 10:46:01 - [TEST_STEP][PASSED] - Statement - counter = counter + 1: null

2018-12-04 10:46:01 - [TEST_STEP][PASSED] - Statement - PreSaveFile = new java.io.File(((pathPrefix + java.lang.Integer.toString(counter)) + .png)): null

2018-12-04 10:46:01 - [TEST_STEP][PASSED] - Statement - counter = counter + 1: null

2018-12-04 10:46:01 - [TEST_STEP][PASSED] - Statement - PreSaveFile = new java.io.File(((pathPrefix + java.lang.Integer.toString(counter)) + .png)): null

2018-12-04 10:46:01 - [TEST_STEP][PASSED] - Statement - counter = counter + 1: null

2018-12-04 10:46:01 - [TEST_STEP][PASSED] - Statement - PreSaveFile = new java.io.File(((pathPrefix + java.lang.Integer.toString(counter)) + .png)): null

2018-12-04 10:46:01 - [TEST_STEP][PASSED] - Statement - counter = counter + 1: null

2018-12-04 10:46:01 - [TEST_STEP][PASSED] - Statement - PreSaveFile = new java.io.File(((pathPrefix + java.lang.Integer.toString(counter)) + .png)): null

2018-12-04 10:46:01 - [TEST_STEP][PASSED] - Statement - counter = counter + 1: null

2018-12-04 10:46:03 - [TEST_STEP][PASSED] - Statement - PreSaveFile = new java.io.File(((pathPrefix + java.lang.Integer.toString(counter)) + .png)): null

2018-12-04 10:46:03 - [TEST_STEP][PASSED] - Statement - counter = counter + 1: null

2018-12-04 10:46:03 - [TEST_STEP][PASSED] - Statement - PreSaveFile = new java.io.File(((pathPrefix + java.lang.Integer.toString(counter)) + .png)): null

2018-12-04 10:46:03 - [TEST_STEP][PASSED] - Statement - counter = counter + 1: null

2018-12-04 10:46:03 - [TEST_STEP][PASSED] - Statement - PreSaveFile = new java.io.File(((pathPrefix + java.lang.Integer.toString(counter)) + .png)): null

2018-12-04 10:46:03 - [TEST_STEP][PASSED] - Statement - counter = counter + 1: null

2018-12-04 10:46:03 - [TEST_STEP][PASSED] - Statement - PreSaveFile = new java.io.File(((pathPrefix + java.lang.Integer.toString(counter)) + .png)): null

2018-12-04 10:46:03 - [TEST_STEP][PASSED] - Statement - counter = counter + 1: null

2018-12-04 10:46:03 - [TEST_STEP][PASSED] - Statement - PreSaveFile = new java.io.File(((pathPrefix + java.lang.Integer.toString(counter)) + .png)): null

2018-12-04 10:46:03 - [TEST_STEP][PASSED] - Statement - counter = counter + 1: null

2018-12-04 10:46:05 - [TEST_STEP][PASSED] - Statement - PreSaveFile = new java.io.File(((pathPrefix + java.lang.Integer.toString(counter)) + .png)): null

2018-12-04 10:46:05 - [TEST_STEP][PASSED] - Statement - counter = counter + 1: null

2018-12-04 10:46:05 - [TEST_STEP][PASSED] - Statement - PreSaveFile = new java.io.File(((pathPrefix + java.lang.Integer.toString(counter)) + .png)): null

2018-12-04 10:46:05 - [TEST_STEP][PASSED] - Statement - counter = counter + 1: null

2018-12-04 10:46:05 - [TEST_STEP][PASSED] - Statement - PreSaveFile = new java.io.File(((pathPrefix + java.lang.Integer.toString(counter)) + .png)): null

2018-12-04 10:46:05 - [TEST_STEP][PASSED] - Statement - counter = counter + 1: null

2018-12-04 10:46:05 - [TEST_STEP][PASSED] - Statement - PreSaveFile = new java.io.File(((pathPrefix + java.lang.Integer.toString(counter)) + .png)): null

2018-12-04 10:46:05 - [TEST_STEP][PASSED] - Statement - counter = counter + 1: null

2018-12-04 10:46:05 - [TEST_STEP][PASSED] - Statement - PreSaveFile = new java.io.File(((pathPrefix + java.lang.Integer.toString(counter)) + .png)): null

2018-12-04 10:46:05 - [TEST_STEP][PASSED] - Statement - counter = counter + 1: null

2018-12-04 10:46:07 - [TEST_STEP][PASSED] - Statement - PreSaveFile = new java.io.File(((pathPrefix + java.lang.Integer.toString(counter)) + .png)): null

2018-12-04 10:46:07 - [TEST_STEP][PASSED] - Statement - counter = counter + 1: null

2018-12-04 10:46:07 - [TEST_STEP][PASSED] - Statement - PreSaveFile = new java.io.File(((pathPrefix + java.lang.Integer.toString(counter)) + .png)): null

2018-12-04 10:46:07 - [TEST_STEP][PASSED] - Statement - counter = counter + 1: null

2018-12-04 10:46:07 - [TEST_STEP][PASSED] - Statement - PreSaveFile = new java.io.File(((pathPrefix + java.lang.Integer.toString(counter)) + .png)): null

2018-12-04 10:46:07 - [TEST_STEP][PASSED] - Statement - counter = counter + 1: null

2018-12-04 10:46:07 - [TEST_STEP][PASSED] - Statement - PreSaveFile = new java.io.File(((pathPrefix + java.lang.Integer.toString(counter)) + .png)): null

2018-12-04 10:46:07 - [TEST_STEP][PASSED] - Statement - counter = counter + 1: null

2018-12-04 10:46:07 - [TEST_STEP][PASSED] - Statement - PreSaveFile = new java.io.File(((pathPrefix + java.lang.Integer.toString(counter)) + .png)): null

2018-12-04 10:46:09 - [TEST_STEP][PASSED] - Statement - counter = counter + 1: null

2018-12-04 10:46:09 - [TEST_STEP][PASSED] - Statement - PreSaveFile = new java.io.File(((pathPrefix + java.lang.Integer.toString(counter)) + .png)): null

2018-12-04 10:46:09 - [TEST_STEP][PASSED] - Statement - counter = counter + 1: null

2018-12-04 10:46:09 - [TEST_STEP][PASSED] - Statement - PreSaveFile = new java.io.File(((pathPrefix + java.lang.Integer.toString(counter)) + .png)): null

2018-12-04 10:46:09 - [TEST_STEP][PASSED] - Statement - counter = counter + 1: null

2018-12-04 10:46:09 - [TEST_STEP][PASSED] - Statement - PreSaveFile = new java.io.File(((pathPrefix + java.lang.Integer.toString(counter)) + .png)): null

2018-12-04 10:46:09 - [TEST_STEP][PASSED] - Statement - counter = counter + 1: null

2018-12-04 10:46:09 - [TEST_STEP][PASSED] - Statement - PreSaveFile = new java.io.File(((pathPrefix + java.lang.Integer.toString(counter)) + .png)): null

2018-12-04 10:46:09 - [TEST_STEP][PASSED] - Statement - counter = counter + 1: null

2018-12-04 10:46:10 - [TEST_STEP][PASSED] - Statement - PreSaveFile = new java.io.File(((pathPrefix + java.lang.Integer.toString(counter)) + .png)): null

2018-12-04 10:46:10 - [TEST_STEP][PASSED] - Statement - counter = counter + 1: null

2018-12-04 10:46:10 - [TEST_STEP][PASSED] - Statement - PreSaveFile = new java.io.File(((pathPrefix + java.lang.Integer.toString(counter)) + .png)): null

2018-12-04 10:46:10 - [TEST_STEP][PASSED] - Statement - counter = counter + 1: null

2018-12-04 10:46:10 - [TEST_STEP][PASSED] - Statement - PreSaveFile = new java.io.File(((pathPrefix + java.lang.Integer.toString(counter)) + .png)): null

2018-12-04 10:46:10 - [TEST_STEP][PASSED] - Statement - counter = counter + 1: null

2018-12-04 10:46:10 - [TEST_STEP][PASSED] - Statement - PreSaveFile = new java.io.File(((pathPrefix + java.lang.Integer.toString(counter)) + .png)): null

2018-12-04 10:46:10 - [TEST_STEP][PASSED] - Statement - counter = counter + 1: null

2018-12-04 10:46:10 - [TEST_STEP][PASSED] - Statement - PreSaveFile = new java.io.File(((pathPrefix + java.lang.Integer.toString(counter)) + .png)): null

2018-12-04 10:46:10 - [TEST_STEP][PASSED] - Statement - counter = counter + 1: null

2018-12-04 10:46:13 - [TEST_STEP][PASSED] - Statement - PreSaveFile = new java.io.File(((pathPrefix + java.lang.Integer.toString(counter)) + .png)): null

2018-12-04 10:46:13 - [TEST_STEP][PASSED] - Statement - counter = counter + 1: null

2018-12-04 10:46:13 - [TEST_STEP][PASSED] - Statement - PreSaveFile = new java.io.File(((pathPrefix + java.lang.Integer.toString(counter)) + .png)): null

2018-12-04 10:46:13 - [TEST_STEP][PASSED] - Statement - counter = counter + 1: null

2018-12-04 10:46:13 - [TEST_STEP][PASSED] - Statement - PreSaveFile = new java.io.File(((pathPrefix + java.lang.Integer.toString(counter)) + .png)): null

2018-12-04 10:46:13 - [TEST_STEP][PASSED] - Statement - counter = counter + 1: null

2018-12-04 10:46:13 - [TEST_STEP][PASSED] - Statement - PreSaveFile = new java.io.File(((pathPrefix + java.lang.Integer.toString(counter)) + .png)): null

2018-12-04 10:46:13 - [TEST_STEP][PASSED] - Statement - counter = counter + 1: null

2018-12-04 10:46:13 - [TEST_STEP][PASSED] - Statement - PreSaveFile = new java.io.File(((pathPrefix + java.lang.Integer.toString(counter)) + .png)): null

2018-12-04 10:46:13 - [TEST_STEP][PASSED] - Statement - counter = counter + 1: null

2018-12-04 10:46:15 - [TEST_STEP][PASSED] - Statement - PreSaveFile = new java.io.File(((pathPrefix + java.lang.Integer.toString(counter)) + .png)): null

2018-12-04 10:46:15 - [TEST_STEP][PASSED] - Statement - counter = counter + 1: null

2018-12-04 10:46:15 - [TEST_STEP][PASSED] - Statement - PreSaveFile = new java.io.File(((pathPrefix + java.lang.Integer.toString(counter)) + .png)): null

2018-12-04 10:46:15 - [TEST_STEP][PASSED] - Statement - counter = counter + 1: null

2018-12-04 10:46:15 - [TEST_STEP][PASSED] - Statement - PreSaveFile = new java.io.File(((pathPrefix + java.lang.Integer.toString(counter)) + .png)): null

2018-12-04 10:46:15 - [TEST_STEP][PASSED] - Statement - counter = counter + 1: null

2018-12-04 10:46:15 - [TEST_STEP][PASSED] - Statement - PreSaveFile = new java.io.File(((pathPrefix + java.lang.Integer.toString(counter)) + .png)): null

2018-12-04 10:46:15 - [TEST_STEP][PASSED] - Statement - counter = counter + 1: null

2018-12-04 10:46:15 - [TEST_STEP][PASSED] - Statement - PreSaveFile = new java.io.File(((pathPrefix + java.lang.Integer.toString(counter)) + .png)): null

2018-12-04 10:46:15 - [TEST_STEP][PASSED] - Statement - counter = counter + 1: null

2018-12-04 10:46:17 - [TEST_STEP][PASSED] - Statement - PreSaveFile = new java.io.File(((pathPrefix + java.lang.Integer.toString(counter)) + .png)): null

2018-12-04 10:46:17 - [TEST_STEP][PASSED] - Statement - counter = counter + 1: null

2018-12-04 10:46:17 - [TEST_STEP][PASSED] - Statement - PreSaveFile = new java.io.File(((pathPrefix + java.lang.Integer.toString(counter)) + .png)): null

2018-12-04 10:46:17 - [TEST_STEP][PASSED] - Statement - counter = counter + 1: null

2018-12-04 10:46:17 - [TEST_STEP][PASSED] - Statement - PreSaveFile = new java.io.File(((pathPrefix + java.lang.Integer.toString(counter)) + .png)): null

2018-12-04 10:46:17 - [TEST_STEP][PASSED] - Statement - counter = counter + 1: null

2018-12-04 10:46:17 - [TEST_STEP][PASSED] - Statement - PreSaveFile = new java.io.File(((pathPrefix + java.lang.Integer.toString(counter)) + .png)): null

2018-12-04 10:46:17 - [TEST_STEP][PASSED] - Statement - counter = counter + 1: null

2018-12-04 10:46:17 - [TEST_STEP][PASSED] - Statement - PreSaveFile = new java.io.File(((pathPrefix + java.lang.Integer.toString(counter)) + .png)): null

2018-12-04 10:46:19 - [TEST_STEP][PASSED] - Statement - counter = counter + 1: null

2018-12-04 10:46:19 - [TEST_STEP][PASSED] - Statement - PreSaveFile = new java.io.File(((pathPrefix + java.lang.Integer.toString(counter)) + .png)): null

2018-12-04 10:46:19 - [TEST_STEP][PASSED] - Statement - counter = counter + 1: null

2018-12-04 10:46:19 - [TEST_STEP][PASSED] - Statement - PreSaveFile = new java.io.File(((pathPrefix + java.lang.Integer.toString(counter)) + .png)): null

2018-12-04 10:46:19 - [TEST_STEP][PASSED] - Statement - counter = counter + 1: null

2018-12-04 10:46:19 - [TEST_STEP][PASSED] - Statement - PreSaveFile = new java.io.File(((pathPrefix + java.lang.Integer.toString(counter)) + .png)): null

2018-12-04 10:46:19 - [TEST_STEP][PASSED] - Statement - counter = counter + 1: null

2018-12-04 10:46:19 - [TEST_STEP][PASSED] - Statement - PreSaveFile = new java.io.File(((pathPrefix + java.lang.Integer.toString(counter)) + .png)): null

2018-12-04 10:46:19 - [TEST_STEP][PASSED] - Statement - counter = counter + 1: null

2018-12-04 10:46:21 - [TEST_STEP][PASSED] - Statement - PreSaveFile = new java.io.File(((pathPrefix + java.lang.Integer.toString(counter)) + .png)): null

2018-12-04 10:46:21 - [TEST_STEP][PASSED] - Statement - counter = counter + 1: null

2018-12-04 10:46:21 - [TEST_STEP][PASSED] - Statement - PreSaveFile = new java.io.File(((pathPrefix + java.lang.Integer.toString(counter)) + .png)): null

2018-12-04 10:46:21 - [TEST_STEP][PASSED] - Statement - counter = counter + 1: null

2018-12-04 10:46:21 - [TEST_STEP][PASSED] - Statement - PreSaveFile = new java.io.File(((pathPrefix + java.lang.Integer.toString(counter)) + .png)): null

2018-12-04 10:46:21 - [TEST_STEP][PASSED] - Statement - counter = counter + 1: null

2018-12-04 10:46:21 - [TEST_STEP][PASSED] - Statement - PreSaveFile = new java.io.File(((pathPrefix + java.lang.Integer.toString(counter)) + .png)): null

2018-12-04 10:46:21 - [TEST_STEP][PASSED] - Statement - counter = counter + 1: null

2018-12-04 10:46:21 - [TEST_STEP][PASSED] - Statement - PreSaveFile = new java.io.File(((pathPrefix + java.lang.Integer.toString(counter)) + .png)): null

2018-12-04 10:46:21 - [TEST_STEP][PASSED] - Statement - counter = counter + 1: null

2018-12-04 10:46:23 - [TEST_STEP][PASSED] - Statement - PreSaveFile = new java.io.File(((pathPrefix + java.lang.Integer.toString(counter)) + .png)): null

2018-12-04 10:46:23 - [TEST_STEP][PASSED] - Statement - counter = counter + 1: null

2018-12-04 10:46:23 - [TEST_STEP][PASSED] - Statement - PreSaveFile = new java.io.File(((pathPrefix + java.lang.Integer.toString(counter)) + .png)): null

2018-12-04 10:46:23 - [TEST_STEP][PASSED] - Statement - counter = counter + 1: null

2018-12-04 10:46:23 - [TEST_STEP][PASSED] - Statement - PreSaveFile = new java.io.File(((pathPrefix + java.lang.Integer.toString(counter)) + .png)): null

2018-12-04 10:46:23 - [TEST_STEP][PASSED] - Statement - counter = counter + 1: null

2018-12-04 10:46:23 - [TEST_STEP][PASSED] - Statement - PreSaveFile = new java.io.File(((pathPrefix + java.lang.Integer.toString(counter)) + .png)): null

2018-12-04 10:46:23 - [TEST_STEP][PASSED] - Statement - counter = counter + 1: null

2018-12-04 10:46:23 - [TEST_STEP][PASSED] - Statement - PreSaveFile = new java.io.File(((pathPrefix + java.lang.Integer.toString(counter)) + .png)): null

2018-12-04 10:46:23 - [TEST_STEP][PASSED] - Statement - counter = counter + 1: null

2018-12-04 10:46:24 - [TEST_STEP][PASSED] - Statement - PreSaveFile = new java.io.File(((pathPrefix + java.lang.Integer.toString(counter)) + .png)): null

2018-12-04 10:46:24 - [TEST_STEP][PASSED] - Statement - counter = counter + 1: null

2018-12-04 10:46:24 - [TEST_STEP][PASSED] - Statement - PreSaveFile = new java.io.File(((pathPrefix + java.lang.Integer.toString(counter)) + .png)): null

2018-12-04 10:46:24 - [TEST_STEP][PASSED] - Statement - counter = counter + 1: null

2018-12-04 10:46:24 - [TEST_STEP][PASSED] - Statement - PreSaveFile = new java.io.File(((pathPrefix + java.lang.Integer.toString(counter)) + .png)): null

2018-12-04 10:46:24 - [TEST_STEP][PASSED] - Statement - counter = counter + 1: null

2018-12-04 10:46:24 - [TEST_STEP][PASSED] - Statement - PreSaveFile = new java.io.File(((pathPrefix + java.lang.Integer.toString(counter)) + .png)): null

2018-12-04 10:46:24 - [TEST_STEP][PASSED] - Statement - counter = counter + 1: null

2018-12-04 10:46:24 - [TEST_STEP][PASSED] - Statement - PreSaveFile = new java.io.File(((pathPrefix + java.lang.Integer.toString(counter)) + .png)): null

2018-12-04 10:46:26 - [TEST_STEP][PASSED] - Statement - counter = counter + 1: null

2018-12-04 10:46:26 - [TEST_STEP][PASSED] - Statement - PreSaveFile = new java.io.File(((pathPrefix + java.lang.Integer.toString(counter)) + .png)): null

2018-12-04 10:46:26 - [TEST_STEP][PASSED] - Statement - counter = counter + 1: null

2018-12-04 10:46:26 - [TEST_STEP][PASSED] - Statement - PreSaveFile = new java.io.File(((pathPrefix + java.lang.Integer.toString(counter)) + .png)): null

2018-12-04 10:46:26 - [TEST_STEP][PASSED] - Statement - counter = counter + 1: null

2018-12-04 10:46:26 - [TEST_STEP][PASSED] - Statement - PreSaveFile = new java.io.File(((pathPrefix + java.lang.Integer.toString(counter)) + .png)): null

2018-12-04 10:46:26 - [TEST_STEP][PASSED] - Statement - counter = counter + 1: null

2018-12-04 10:46:26 - [TEST_STEP][PASSED] - Statement - PreSaveFile = new java.io.File(((pathPrefix + java.lang.Integer.toString(counter)) + .png)): null

2018-12-04 10:46:26 - [TEST_STEP][PASSED] - Statement - counter = counter + 1: null

2018-12-04 10:46:26 - [TEST_STEP][PASSED] - Statement - PreSaveFile = new java.io.File(((pathPrefix + java.lang.Integer.toString(counter)) + .png)): null

2018-12-04 10:46:28 - [TEST_STEP][PASSED] - Statement - counter = counter + 1: null

2018-12-04 10:46:28 - [TEST_STEP][PASSED] - Statement - PreSaveFile = new java.io.File(((pathPrefix + java.lang.Integer.toString(counter)) + .png)): null

2018-12-04 10:46:28 - [TEST_STEP][PASSED] - Statement - counter = counter + 1: null

2018-12-04 10:46:28 - [TEST_STEP][PASSED] - Statement - PreSaveFile = new java.io.File(((pathPrefix + java.lang.Integer.toString(counter)) + .png)): null

2018-12-04 10:46:28 - [TEST_STEP][PASSED] - Statement - counter = counter + 1: null

2018-12-04 10:46:28 - [TEST_STEP][PASSED] - Statement - PreSaveFile = new java.io.File(((pathPrefix + java.lang.Integer.toString(counter)) + .png)): null

2018-12-04 10:46:28 - [TEST_STEP][PASSED] - Statement - counter = counter + 1: null

2018-12-04 10:46:28 - [TEST_STEP][PASSED] - Statement - PreSaveFile = new java.io.File(((pathPrefix + java.lang.Integer.toString(counter)) + .png)): null

2018-12-04 10:46:28 - [TEST_STEP][PASSED] - Statement - counter = counter + 1: null

2018-12-04 10:46:30 - [TEST_STEP][PASSED] - Statement - PreSaveFile = new java.io.File(((pathPrefix + java.lang.Integer.toString(counter)) + .png)): null

2018-12-04 10:46:30 - [TEST_STEP][PASSED] - Statement - counter = counter + 1: null

2018-12-04 10:46:30 - [TEST_STEP][PASSED] - Statement - PreSaveFile = new java.io.File(((pathPrefix + java.lang.Integer.toString(counter)) + .png)): null

2018-12-04 10:46:30 - [TEST_STEP][PASSED] - Statement - counter = counter + 1: null

2018-12-04 10:46:30 - [TEST_STEP][PASSED] - Statement - PreSaveFile = new java.io.File(((pathPrefix + java.lang.Integer.toString(counter)) + .png)): null

2018-12-04 10:46:30 - [TEST_STEP][PASSED] - Statement - counter = counter + 1: null

2018-12-04 10:46:30 - [TEST_STEP][PASSED] - Statement - PreSaveFile = new java.io.File(((pathPrefix + java.lang.Integer.toString(counter)) + .png)): null

2018-12-04 10:46:30 - [TEST_STEP][PASSED] - Statement - counter = counter + 1: null

2018-12-04 10:46:30 - [TEST_STEP][PASSED] - Statement - PreSaveFile = new java.io.File(((pathPrefix + java.lang.Integer.toString(counter)) + .png)): null

2018-12-04 10:46:30 - [TEST_STEP][PASSED] - Statement - counter = counter + 1: null

2018-12-04 10:46:32 - [TEST_STEP][PASSED] - Statement - PreSaveFile = new java.io.File(((pathPrefix + java.lang.Integer.toString(counter)) + .png)): null

2018-12-04 10:46:32 - [TEST_STEP][PASSED] - Statement - counter = counter + 1: null

2018-12-04 10:46:32 - [TEST_STEP][PASSED] - Statement - PreSaveFile = new java.io.File(((pathPrefix + java.lang.Integer.toString(counter)) + .png)): null

2018-12-04 10:46:32 - [TEST_STEP][PASSED] - Statement - counter = counter + 1: null

2018-12-04 10:46:32 - [TEST_STEP][PASSED] - Statement - PreSaveFile = new java.io.File(((pathPrefix + java.lang.Integer.toString(counter)) + .png)): null

2018-12-04 10:46:32 - [TEST_STEP][PASSED] - Statement - counter = counter + 1: null

2018-12-04 10:46:32 - [TEST_STEP][PASSED] - Statement - PreSaveFile = new java.io.File(((pathPrefix + java.lang.Integer.toString(counter)) + .png)): null

2018-12-04 10:46:32 - [TEST_STEP][PASSED] - Statement - finalPath = pathPrefix + java.lang.Integer.toString(counter) + ".png": null

2018-12-04 10:46:32 - [TEST_STEP][PASSED] - Statement - SaveFile = new java.io.File(finalPath): null

2018-12-04 10:46:34 - [TEST_STEP][PASSED] - Statement - Try: null

2018-12-04 10:46:34 - [TEST_STEP][PASSED] - Statement - org.apache.commons.io.FileUtils.copyFile(scrFile, SaveFile): null

2018-12-04 10:46:34 - [TEST_STEP][PASSED] - Statement - out.println("file kept"): null

2018-12-04 10:46:34 - [TEST_STEP][PASSED] - delay: Delayed 10 second(s)

2018-12-04 10:46:44 - [MESSAGE][PASSED] - Delayed 10 second(s)

2018-12-04 10:46:44 - [MESSAGE][PASSED] - Call Test Case 'Test Cases/Final Aug 2018 - PKS Automation/Registration Module/New Registration/Submit and Screenshot/Submit Registration and Screenshot' successfully

2018-12-04 10:46:44 - [TEST_STEP][PASSED] - callTestCase: Call Test Case 'Test Cases/Final Aug 2018 - PKS Automation/Registration Module/Log Out/log out avoiding katalon tagging' successfully

2018-12-04 10:46:44 - [TEST_CASE][PASSED] - Test Cases/Final Aug 2018 - PKS Automation/Registration Module/Log Out/log out avoiding katalon tagging: Test Cases/Final Aug 2018 - PKS Automation/Registration Module/Log Out/log out avoiding katalon tagging

2018-12-04 10:46:44 - [TEST_STEP][PASSED] - navigateToUrl: Navigate to 'https://assist2-uat.perkeso.gov.my/c/portal/logout' successfully

2018-12-04 10:46:45 - [MESSAGE][PASSED] - Navigate to 'https://assist2-uat.perkeso.gov.my/c/portal/logout' successfully

2018-12-04 10:46:45 - [MESSAGE][PASSED] - Call Test Case 'Test Cases/Final Aug 2018 - PKS Automation/Registration Module/Log Out/log out avoiding katalon tagging' successfully

2018-12-04 10:46:45 - [TEST_STEP][PASSED] - callTestCase: Call Test Case 'Test Cases/Final Aug 2018 - PKS Automation/Common/Workflow Owner Finder' successfully

2018-12-04 10:46:45 - [TEST_CASE][PASSED] - Test Cases/Final Aug 2018 - PKS Automation/Common/Workflow Owner Finder: Test Cases/Final Aug 2018 - PKS Automation/Common/Workflow Owner Finder

2018-12-04 10:46:45 - [TEST_STEP][PASSED] - openBrowser: Browser is opened with url: ''

2018-12-04 10:46:45 - [MESSAGE][WARNING] - A browser is already opened. Closing browser and opening a new one

2018-12-04 10:46:48 - [MESSAGE][PASSED] - Browser is opened with url: ''

2018-12-04 10:46:48 - [TEST_STEP][PASSED] - navigateToUrl: Navigate to 'https://assist2-uat.perkeso.gov.my/login' successfully

2018-12-04 10:46:50 - [MESSAGE][PASSED] - Navigate to 'https://assist2-uat.perkeso.gov.my/login' successfully

2018-12-04 10:46:50 - [TEST_STEP][PASSED] - delay: Delayed 5 second(s)

2018-12-04 10:46:55 - [MESSAGE][PASSED] - Delayed 5 second(s)

2018-12-04 10:46:55 - [TEST_STEP][PASSED] - setText: Text 'test@liferay.com' is set on object 'Object Repository/Final Object Repo/Login Page/Internal User/Email Address'

2018-12-04 10:46:55 - [MESSAGE][PASSED] - Text 'test@liferay.com' is set on object 'Object Repository/Final Object Repo/Login Page/Internal User/Email Address'

2018-12-04 10:46:55 - [TEST_STEP][PASSED] - click: Object: 'Object Repository/Final Object Repo/Login Page/Internal User/Next Button' is clicked on

2018-12-04 10:46:55 - [MESSAGE][PASSED] - Object: 'Object Repository/Final Object Repo/Login Page/Internal User/Next Button' is clicked on

2018-12-04 10:46:55 - [TEST_STEP][PASSED] - delay: Delayed 2 second(s)

2018-12-04 10:46:57 - [MESSAGE][PASSED] - Delayed 2 second(s)

2018-12-04 10:46:57 - [TEST_STEP][PASSED] - setText: Text 'test' is set on object 'Object Repository/Final Object Repo/Login Page/Internal User/Password'

2018-12-04 10:46:58 - [MESSAGE][PASSED] - Text 'test' is set on object 'Object Repository/Final Object Repo/Login Page/Internal User/Password'

2018-12-04 10:46:58 - [TEST_STEP][PASSED] - delay: Delayed 2 second(s)

2018-12-04 10:47:00 - [MESSAGE][PASSED] - Delayed 2 second(s)

2018-12-04 10:47:00 - [TEST_STEP][PASSED] - click: Object: 'Object Repository/Final Object Repo/Login Page/Internal User/Login Button' is clicked on

2018-12-04 10:47:00 - [MESSAGE][PASSED] - Object: 'Object Repository/Final Object Repo/Login Page/Internal User/Login Button' is clicked on

2018-12-04 10:47:00 - [TEST_STEP][PASSED] - Statement - tester = com.kms.katalon.core.testobject.ObjectRepository.findTestObject(Final Object Repo/Landing Page/Select to English): Finding Test Object with id 'Object Repository/Final Object Repo/Landing Page/Select to English'

2018-12-04 10:47:00 - [TEST_STEP][PASSED] - Statement - Try: Delayed 2 second(s)

2018-12-04 10:47:00 - [TEST_STEP][PASSED] - Statement - Checker = com.kms.katalon.core.webui.keyword.WebUiBuiltInKeywords.verifyElementNotPresent(tester, 3): Web element with id: 'Object Repository/Final Object Repo/Landing Page/Select to English' located by 'By.xpath: //a[@class = 'taglib-language-list-text' and @lang = 'en-US' and (contains(text(), 'EN') or contains(., 'EN'))]' is not present after '3' second(s)

2018-12-04 10:47:02 - [MESSAGE][PASSED] - Web element with id: 'Object Repository/Final Object Repo/Landing Page/Select to English' located by 'By.xpath: //a[@class = 'taglib-language-list-text' and @lang = 'en-US' and (contains(text(), 'EN') or contains(., 'EN'))]' is not present after '3' second(s)

2018-12-04 10:47:02 - [TEST_STEP][PASSED] - Statement - If (Checker == false): null

2018-12-04 10:47:02 - [TEST_STEP][PASSED] - delay: Delayed 2 second(s)

2018-12-04 10:47:04 - [MESSAGE][PASSED] - Delayed 2 second(s)

2018-12-04 10:47:04 - [TEST_STEP][PASSED] - delay: Delayed 5 second(s)

2018-12-04 10:47:09 - [MESSAGE][PASSED] - Delayed 5 second(s)

2018-12-04 10:47:09 - [TEST_STEP][PASSED] - mouseOver: Object: 'Object Repository/Final Object Repo/Landing Page/WorkFlow Menu' is hovered

2018-12-04 10:47:09 - [MESSAGE][PASSED] - Object: 'Object Repository/Final Object Repo/Landing Page/WorkFlow Menu' is hovered

2018-12-04 10:47:09 - [TEST_STEP][PASSED] - delay: Delayed 2 second(s)

2018-12-04 10:47:11 - [MESSAGE][PASSED] - Delayed 2 second(s)

2018-12-04 10:47:11 - [TEST_STEP][PASSED] - click: Object: 'Object Repository/Final Object Repo/Landing Page/Select to Workflow Listing' is clicked on

2018-12-04 10:47:12 - [MESSAGE][PASSED] - Object: 'Object Repository/Final Object Repo/Landing Page/Select to Workflow Listing' is clicked on

2018-12-04 10:47:12 - [TEST_STEP][PASSED] - delay: Delayed 2 second(s)

2018-12-04 10:47:14 - [MESSAGE][PASSED] - Delayed 2 second(s)

2018-12-04 10:47:14 - [TEST_STEP][PASSED] - click: Object: 'Object Repository/Final Object Repo/WorkFlow Listing Page/Search Information - To Put Ref No' is clicked on

2018-12-04 10:47:14 - [MESSAGE][PASSED] - Object: 'Object Repository/Final Object Repo/WorkFlow Listing Page/Search Information - To Put Ref No' is clicked on

2018-12-04 10:47:14 - [TEST_STEP][PASSED] - delay: Delayed 2 second(s)

2018-12-04 10:47:16 - [MESSAGE][PASSED] - Delayed 2 second(s)

2018-12-04 10:47:16 - [TEST_STEP][PASSED] - callTestCase: Call Test Case 'Test Cases/Final Aug 2018 - PKS Automation/Common/Reference Number Getter' successfully

2018-12-04 10:47:17 - [TEST_CASE][PASSED] - Test Cases/Final Aug 2018 - PKS Automation/Common/Reference Number Getter: Test Cases/Final Aug 2018 - PKS Automation/Common/Reference Number Getter

2018-12-04 10:47:17 - [TEST_STEP][PASSED] - Statement - Try: null

2018-12-04 10:47:17 - [TEST_STEP][PASSED] - Statement - RefNo = new java.io.File(C://Users//Admin//Desktop//PKS//Automation Reference Point//KatalonReference.txt): null

2018-12-04 10:47:17 - [TEST_STEP][PASSED] - Statement - bufferread = new java.io.BufferedReader(new java.io.FileReader(RefNo)): null

2018-12-04 10:47:17 - [TEST_STEP][PASSED] - Statement - readedVal = bufferread.readLine(): null

2018-12-04 10:47:17 - [TEST_STEP][PASSED] - Statement - out.println(CaseReferenceNo): null

2018-12-04 10:47:17 - [TEST_STEP][PASSED] - Statement - out.println(readedVal): null

2018-12-04 10:47:17 - [TEST_STEP][PASSED] - Statement - CaseReferenceNo = "": null

2018-12-04 10:47:17 - [TEST_STEP][PASSED] - Statement - CaseReferenceNo = readedVal: null

2018-12-04 10:47:17 - [MESSAGE][PASSED] - Call Test Case 'Test Cases/Final Aug 2018 - PKS Automation/Common/Reference Number Getter' successfully

2018-12-04 10:47:17 - [TEST_STEP][PASSED] - setText: Text 'CRN12201800122968' is set on object 'Object Repository/Final Object Repo/WorkFlow Listing Page/Ref No Set Text'

2018-12-04 10:47:17 - [MESSAGE][PASSED] - Text 'CRN12201800122968' is set on object 'Object Repository/Final Object Repo/WorkFlow Listing Page/Ref No Set Text'

2018-12-04 10:47:17 - [TEST_STEP][PASSED] - delay: Delayed 2 second(s)

2018-12-04 10:47:19 - [MESSAGE][PASSED] - Delayed 2 second(s)

2018-12-04 10:47:19 - [TEST_STEP][PASSED] - click: Object: 'Object Repository/Final Object Repo/WorkFlow Listing Page/Search Ref No Search Button' is clicked on

2018-12-04 10:47:19 - [MESSAGE][PASSED] - Object: 'Object Repository/Final Object Repo/WorkFlow Listing Page/Search Ref No Search Button' is clicked on

2018-12-04 10:47:19 - [TEST_STEP][PASSED] - delay: Delayed 6 second(s)

2018-12-04 10:47:25 - [MESSAGE][PASSED] - Delayed 6 second(s)

2018-12-04 10:47:25 - [TEST_STEP][PASSED] - click: Object: 'Object Repository/Final Object Repo/WorkFlow Listing Page/Click Continue Tooltip' is clicked on

2018-12-04 10:47:26 - [MESSAGE][PASSED] - Object: 'Object Repository/Final Object Repo/WorkFlow Listing Page/Click Continue Tooltip' is clicked on

2018-12-04 10:47:26 - [TEST_STEP][PASSED] - delay: Delayed 5 second(s)

2018-12-04 10:47:31 - [MESSAGE][PASSED] - Delayed 5 second(s)

2018-12-04 10:47:31 - [TEST_STEP][PASSED] - doubleClick: Object: 'Object Repository/Final Object Repo/WorkFlow Listing Page/Workflow Found - Listing 1' is double clicked on

2018-12-04 10:47:31 - [MESSAGE][PASSED] - Object: 'Object Repository/Final Object Repo/WorkFlow Listing Page/Workflow Found - Listing 1' is double clicked on

2018-12-04 10:47:31 - [TEST_STEP][PASSED] - Statement - println(OwnerID): null

2018-12-04 10:47:31 - [TEST_STEP][PASSED] - Statement - OwnerID = com.kms.katalon.core.webui.keyword.WebUiBuiltInKeywords.getText(com.kms.katalon.core.testobject.ObjectRepository.findTestObject(Final Object Repo/WorkFlow Listing Page/Workflow Found - Listing 1), STOP_ON_FAILURE): Text of object 'Object Repository/Final Object Repo/WorkFlow Listing Page/Workflow Found - Listing 1' is: 'JOHORro2'

2018-12-04 10:47:31 - [MESSAGE][PASSED] - Text of object 'Object Repository/Final Object Repo/WorkFlow Listing Page/Workflow Found - Listing 1' is: 'JOHORro2'

2018-12-04 10:47:31 - [TEST_STEP][PASSED] - Statement - OwnerID = OwnerID.toLowerCase() + "@gmail.com": null

2018-12-04 10:47:31 - [TEST_STEP][PASSED] - Statement - println(OwnerID): null

2018-12-04 10:47:31 - [TEST_STEP][PASSED] - delay: Delayed 2 second(s)

2018-12-04 10:47:33 - [MESSAGE][PASSED] - Delayed 2 second(s)

2018-12-04 10:47:33 - [MESSAGE][PASSED] - Call Test Case 'Test Cases/Final Aug 2018 - PKS Automation/Common/Workflow Owner Finder' successfully

2018-12-04 10:47:33 - [TEST_STEP][PASSED] - callTestCase: Call Test Case 'Test Cases/Final Aug 2018 - PKS Automation/Registration Module/Log Out/log out avoiding katalon tagging' successfully

2018-12-04 10:47:34 - [TEST_CASE][PASSED] - Test Cases/Final Aug 2018 - PKS Automation/Registration Module/Log Out/log out avoiding katalon tagging: Test Cases/Final Aug 2018 - PKS Automation/Registration Module/Log Out/log out avoiding katalon tagging

2018-12-04 10:47:34 - [TEST_STEP][PASSED] - navigateToUrl: Navigate to 'https://assist2-uat.perkeso.gov.my/c/portal/logout' successfully

2018-12-04 10:47:34 - [MESSAGE][PASSED] - Navigate to 'https://assist2-uat.perkeso.gov.my/c/portal/logout' successfully

2018-12-04 10:47:34 - [MESSAGE][PASSED] - Call Test Case 'Test Cases/Final Aug 2018 - PKS Automation/Registration Module/Log Out/log out avoiding katalon tagging' successfully

2018-12-04 10:47:34 - [TEST_STEP][PASSED] - delay: Delayed 2 second(s)

2018-12-04 10:47:36 - [MESSAGE][PASSED] - Delayed 2 second(s)

2018-12-04 10:47:36 - [TEST_STEP][PASSED] - setText: Text 'johorro2@gmail.com' is set on object 'Object Repository/Final Object Repo/New Registration - Registration Module Pages/New Reg - OTC to RO/Special Case - All Related Objects/Email TextBox'

2018-12-04 10:47:37 - [MESSAGE][PASSED] - Text 'johorro2@gmail.com' is set on object 'Object Repository/Final Object Repo/New Registration - Registration Module Pages/New Reg - OTC to RO/Special Case - All Related Objects/Email TextBox'

2018-12-04 10:47:37 - [TEST_STEP][PASSED] - click: Object: 'Object Repository/Final Object Repo/New Registration - Registration Module Pages/New Reg - OTC to RO/Special Case - All Related Objects/Next Button' is clicked on

2018-12-04 10:47:37 - [MESSAGE][PASSED] - Object: 'Object Repository/Final Object Repo/New Registration - Registration Module Pages/New Reg - OTC to RO/Special Case - All Related Objects/Next Button' is clicked on

2018-12-04 10:47:37 - [TEST_STEP][PASSED] - delay: Delayed 2 second(s)

2018-12-04 10:47:39 - [MESSAGE][PASSED] - Delayed 2 second(s)

2018-12-04 10:47:39 - [TEST_STEP][PASSED] - setText: Text 'Test1@3456789' is set on object 'Object Repository/Final Object Repo/New Registration - Registration Module Pages/New Reg - OTC to RO/Special Case - All Related Objects/Password TextBox'

2018-12-04 10:47:39 - [MESSAGE][PASSED] - Text 'Test1@3456789' is set on object 'Object Repository/Final Object Repo/New Registration - Registration Module Pages/New Reg - OTC to RO/Special Case - All Related Objects/Password TextBox'

2018-12-04 10:47:39 - [TEST_STEP][PASSED] - delay: Delayed 2 second(s)

2018-12-04 10:47:41 - [MESSAGE][PASSED] - Delayed 2 second(s)

2018-12-04 10:47:41 - [TEST_STEP][PASSED] - click: Object: 'Object Repository/Final Object Repo/New Registration - Registration Module Pages/New Reg - OTC to RO/Special Case - All Related Objects/Login Button' is clicked on

2018-12-04 10:47:42 - [MESSAGE][PASSED] - Object: 'Object Repository/Final Object Repo/New Registration - Registration Module Pages/New Reg - OTC to RO/Special Case - All Related Objects/Login Button' is clicked on

2018-12-04 10:47:42 - [TEST_STEP][PASSED] - delay: Delayed 2 second(s)

2018-12-04 10:47:44 - [MESSAGE][PASSED] - Delayed 2 second(s)

2018-12-04 10:47:44 - [TEST_STEP][PASSED] - Statement - Try: null

2018-12-04 10:47:44 - [TEST_STEP][PASSED] - Statement - Checker = com.kms.katalon.core.webui.keyword.WebUiBuiltInKeywords.verifyElementNotPresent("Final Object Repo/Landing Page/Select to English", 3): null

2018-12-04 10:47:44 - [TEST_STEP][PASSED] - Statement - Catch (Exception e): null

2018-12-04 10:47:44 - [TEST_STEP][PASSED] - Statement - e.printStackTrace(): null

2018-12-04 10:47:44 - [TEST_STEP][PASSED] - click: Object: 'Object Repository/Final Object Repo/New Registration - Registration Module Pages/New Reg - OTC to RO/Special Case - All Related Objects/Expand to Search' is clicked on

2018-12-04 10:47:44 - [MESSAGE][PASSED] - Object: 'Object Repository/Final Object Repo/New Registration - Registration Module Pages/New Reg - OTC to RO/Special Case - All Related Objects/Expand to Search' is clicked on

2018-12-04 10:47:44 - [TEST_STEP][PASSED] - setText: Text 'CRN12201800122968' is set on object 'Object Repository/Final Object Repo/New Registration - Registration Module Pages/New Reg - OTC to RO/Special Case - All Related Objects/TextBox RefNo in Workbasket'

2018-12-04 10:47:44 - [MESSAGE][PASSED] - Text 'CRN12201800122968' is set on object 'Object Repository/Final Object Repo/New Registration - Registration Module Pages/New Reg - OTC to RO/Special Case - All Related Objects/TextBox RefNo in Workbasket'

2018-12-04 10:47:44 - [TEST_STEP][PASSED] - delay: Delayed 2 second(s)

2018-12-04 10:47:46 - [MESSAGE][PASSED] - Delayed 2 second(s)

2018-12-04 10:47:46 - [TEST_STEP][PASSED] - click: Object: 'Object Repository/Final Object Repo/New Registration - Registration Module Pages/New Reg - OTC to RO/Special Case - All Related Objects/Click Search' is clicked on

2018-12-04 10:47:46 - [MESSAGE][PASSED] - Object: 'Object Repository/Final Object Repo/New Registration - Registration Module Pages/New Reg - OTC to RO/Special Case - All Related Objects/Click Search' is clicked on

2018-12-04 10:47:46 - [TEST_STEP][PASSED] - delay: Delayed 2 second(s)

2018-12-04 10:47:48 - [MESSAGE][PASSED] - Delayed 2 second(s)

2018-12-04 10:47:48 - [TEST_STEP][PASSED] - click: Object: 'Object Repository/Final Object Repo/New Registration - Registration Module Pages/New Reg - OTC to RO/Special Case - All Related Objects/Click to Continue Workflow' is clicked on

2018-12-04 10:47:52 - [MESSAGE][PASSED] - Object: 'Object Repository/Final Object Repo/New Registration - Registration Module Pages/New Reg - OTC to RO/Special Case - All Related Objects/Click to Continue Workflow' is clicked on

2018-12-04 10:47:52 - [TEST_STEP][PASSED] - delay: Delayed 2 second(s)

2018-12-04 10:47:54 - [MESSAGE][PASSED] - Delayed 2 second(s)

2018-12-04 10:47:54 - [TEST_STEP][PASSED] - click: Object: 'Object Repository/Final Object Repo/New Registration - Registration Module Pages/New Reg - OTC to RO/Special Case - All Related Objects/Continue Button in verifying case' is clicked on

2018-12-04 10:47:56 - [MESSAGE][PASSED] - Object: 'Object Repository/Final Object Repo/New Registration - Registration Module Pages/New Reg - OTC to RO/Special Case - All Related Objects/Continue Button in verifying case' is clicked on

2018-12-04 10:47:56 - [TEST_STEP][PASSED] - delay: Delayed 2 second(s)

2018-12-04 10:47:58 - [MESSAGE][PASSED] - Delayed 2 second(s)

2018-12-04 10:47:58 - [TEST_STEP][PASSED] - click: Object: 'Object Repository/Final Object Repo/New Registration - Registration Module Pages/Form 1/Registered As a Branch - Yes' is clicked on

2018-12-04 10:47:58 - [MESSAGE][PASSED] - Object: 'Object Repository/Final Object Repo/New Registration - Registration Module Pages/Form 1/Registered As a Branch - Yes' is clicked on

2018-12-04 10:47:58 - [TEST_STEP][PASSED] - delay: Delayed 2 second(s)

2018-12-04 10:48:00 - [MESSAGE][PASSED] - Delayed 2 second(s)

2018-12-04 10:48:00 - [TEST_STEP][PASSED] - click: Object: 'Object Repository/Final Object Repo/New Registration - Registration Module Pages/New Reg - OTC to RO/Special Case - All Related Objects/Form 1 Save n Continue' is clicked on

2018-12-04 10:48:00 - [MESSAGE][PASSED] - Object: 'Object Repository/Final Object Repo/New Registration - Registration Module Pages/New Reg - OTC to RO/Special Case - All Related Objects/Form 1 Save n Continue' is clicked on

2018-12-04 10:48:00 - [TEST_STEP][PASSED] - delay: Delayed 2 second(s)

2018-12-04 10:48:02 - [MESSAGE][PASSED] - Delayed 2 second(s)

2018-12-04 10:48:02 - [TEST_STEP][PASSED] - click: Object: 'Object Repository/Final Object Repo/New Registration - Registration Module Pages/New Reg - OTC to RO/Special Case - All Related Objects/Form 2 Save n Continue' is clicked on

2018-12-04 10:48:02 - [MESSAGE][PASSED] - Object: 'Object Repository/Final Object Repo/New Registration - Registration Module Pages/New Reg - OTC to RO/Special Case - All Related Objects/Form 2 Save n Continue' is clicked on

2018-12-04 10:48:02 - [TEST_STEP][PASSED] - delay: Delayed 2 second(s)

2018-12-04 10:48:04 - [MESSAGE][PASSED] - Delayed 2 second(s)

2018-12-04 10:48:04 - [TEST_STEP][PASSED] - click: Object: 'Object Repository/Final Object Repo/New Registration - Registration Module Pages/New Reg - OTC to RO/Special Case - All Related Objects/Third Screen Save n Continue' is clicked on

2018-12-04 10:48:10 - [MESSAGE][PASSED] - Object: 'Object Repository/Final Object Repo/New Registration - Registration Module Pages/New Reg - OTC to RO/Special Case - All Related Objects/Third Screen Save n Continue' is clicked on

2018-12-04 10:48:10 - [TEST_STEP][PASSED] - delay: Delayed 5 second(s)

2018-12-04 10:48:15 - [MESSAGE][PASSED] - Delayed 5 second(s)

2018-12-04 10:48:15 - [TEST_STEP][PASSED] - click: Object: 'Object Repository/Final Object Repo/New Registration - Registration Module Pages/New Reg - OTC to RO/Special Case - All Related Objects/Upload Doc Page Save n Continue' is clicked on

2018-12-04 10:48:15 - [MESSAGE][PASSED] - Object: 'Object Repository/Final Object Repo/New Registration - Registration Module Pages/New Reg - OTC to RO/Special Case - All Related Objects/Upload Doc Page Save n Continue' is clicked on

2018-12-04 10:48:15 - [TEST_STEP][PASSED] - callTestCase: Call Test Case 'Test Cases/Final Aug 2018 - PKS Automation/Registration Module/New Registration/Submit and Screenshot/Submit Registration and Screenshot' successfully

2018-12-04 10:48:15 - [TEST_CASE][PASSED] - Test Cases/Final Aug 2018 - PKS Automation/Registration Module/New Registration/Submit and Screenshot/Submit Registration and Screenshot: Test Cases/Final Aug 2018 - PKS Automation/Registration Module/New Registration/Submit and Screenshot/Submit Registration and Screenshot

2018-12-04 10:48:15 - [TEST_STEP][PASSED] - delay: Delayed 6 second(s)

2018-12-04 10:48:21 - [MESSAGE][PASSED] - Delayed 6 second(s)

2018-12-04 10:48:21 - [TEST_STEP][PASSED] - click: Object: 'Object Repository/Final Object Repo/New Registration - Registration Module Pages/Third Screen - Upload Supporting Doc- Preview/Preview Submit Button' is clicked on

2018-12-04 10:48:21 - [MESSAGE][PASSED] - Object: 'Object Repository/Final Object Repo/New Registration - Registration Module Pages/Third Screen - Upload Supporting Doc- Preview/Preview Submit Button' is clicked on

2018-12-04 10:48:21 - [TEST_STEP][PASSED] - delay: Delayed 2 second(s)

2018-12-04 10:48:23 - [MESSAGE][PASSED] - Delayed 2 second(s)

2018-12-04 10:48:23 - [TEST_STEP][PASSED] - click: Object: 'Object Repository/Final Object Repo/New Registration - Registration Module Pages/Third Screen - Upload Supporting Doc- Preview/Preview Submit - Confirm' is clicked on

2018-12-04 10:48:24 - [MESSAGE][PASSED] - Object: 'Object Repository/Final Object Repo/New Registration - Registration Module Pages/Third Screen - Upload Supporting Doc- Preview/Preview Submit - Confirm' is clicked on

2018-12-04 10:48:24 - [TEST_STEP][PASSED] - delay: Delayed 15 second(s)

2018-12-04 10:48:39 - [MESSAGE][PASSED] - Delayed 15 second(s)

2018-12-04 10:48:39 - [TEST_STEP][PASSED] - Statement - driver = com.kms.katalon.core.webui.driver.DriverFactory.getWebDriver(): null

2018-12-04 10:48:39 - [TEST_STEP][PASSED] - Statement - driver.manage().timeouts().implicitlyWait(10, SECONDS): null

2018-12-04 10:48:39 - [TEST_STEP][PASSED] - Statement - PresavePath = KatalonScreenshots: null

2018-12-04 10:48:39 - [TEST_STEP][PASSED] - Statement - pathPrefix = "C:\Users\Public\Pictures\Sample Pictures\Katalon Screenshots\Automate Ending Screen": null

2018-12-04 10:48:39 - [TEST_STEP][PASSED] - Statement - finalPath = <not implemented yet for class: org.codehaus.groovy.ast.expr.EmptyExpression>: null

2018-12-04 10:48:39 - [TEST_STEP][PASSED] - Statement - scrFile = driver.getScreenshotAs(FILE): null

2018-12-04 10:48:39 - [TEST_STEP][PASSED] - Statement - PreSaveFile = new java.io.File(PresavePath): null

2018-12-04 10:48:39 - [TEST_STEP][PASSED] - Statement - counter = 0: null

2018-12-04 10:48:39 - [TEST_STEP][PASSED] - Statement - If (PreSaveFile.exists()): null

2018-12-04 10:48:39 - [TEST_STEP][PASSED] - Statement - While (PreSaveFile.exists()): null

2018-12-04 10:48:39 - [TEST_STEP][PASSED] - Statement - counter = counter + 1: null

2018-12-04 10:48:39 - [TEST_STEP][PASSED] - Statement - PreSaveFile = new java.io.File(((pathPrefix + java.lang.Integer.toString(counter)) + .png)): null

2018-12-04 10:48:39 - [TEST_STEP][PASSED] - Statement - counter = counter + 1: null

2018-12-04 10:48:39 - [TEST_STEP][PASSED] - Statement - PreSaveFile = new java.io.File(((pathPrefix + java.lang.Integer.toString(counter)) + .png)): null

2018-12-04 10:48:39 - [TEST_STEP][PASSED] - Statement - counter = counter + 1: null

2018-12-04 10:48:39 - [TEST_STEP][PASSED] - Statement - PreSaveFile = new java.io.File(((pathPrefix + java.lang.Integer.toString(counter)) + .png)): null

2018-12-04 10:48:39 - [TEST_STEP][PASSED] - Statement - counter = counter + 1: null

2018-12-04 10:48:39 - [TEST_STEP][PASSED] - Statement - PreSaveFile = new java.io.File(((pathPrefix + java.lang.Integer.toString(counter)) + .png)): null

2018-12-04 10:48:39 - [TEST_STEP][PASSED] - Statement - counter = counter + 1: null

2018-12-04 10:48:39 - [TEST_STEP][PASSED] - Statement - PreSaveFile = new java.io.File(((pathPrefix + java.lang.Integer.toString(counter)) + .png)): null

2018-12-04 10:48:39 - [TEST_STEP][PASSED] - Statement - counter = counter + 1: null

2018-12-04 10:48:39 - [TEST_STEP][PASSED] - Statement - PreSaveFile = new java.io.File(((pathPrefix + java.lang.Integer.toString(counter)) + .png)): null

2018-12-04 10:48:39 - [TEST_STEP][PASSED] - Statement - counter = counter + 1: null

2018-12-04 10:48:39 - [TEST_STEP][PASSED] - Statement - PreSaveFile = new java.io.File(((pathPrefix + java.lang.Integer.toString(counter)) + .png)): null

2018-12-04 10:48:39 - [TEST_STEP][PASSED] - Statement - counter = counter + 1: null

2018-12-04 10:48:39 - [TEST_STEP][PASSED] - Statement - PreSaveFile = new java.io.File(((pathPrefix + java.lang.Integer.toString(counter)) + .png)): null

2018-12-04 10:48:39 - [TEST_STEP][PASSED] - Statement - counter = counter + 1: null

2018-12-04 10:48:39 - [TEST_STEP][PASSED] - Statement - PreSaveFile = new java.io.File(((pathPrefix + java.lang.Integer.toString(counter)) + .png)): null

2018-12-04 10:48:39 - [TEST_STEP][PASSED] - Statement - counter = counter + 1: null

2018-12-04 10:48:39 - [TEST_STEP][PASSED] - Statement - PreSaveFile = new java.io.File(((pathPrefix + java.lang.Integer.toString(counter)) + .png)): null

2018-12-04 10:48:39 - [TEST_STEP][PASSED] - Statement - counter = counter + 1: null

2018-12-04 10:48:39 - [TEST_STEP][PASSED] - Statement - PreSaveFile = new java.io.File(((pathPrefix + java.lang.Integer.toString(counter)) + .png)): null

2018-12-04 10:48:39 - [TEST_STEP][PASSED] - Statement - counter = counter + 1: null

2018-12-04 10:48:39 - [TEST_STEP][PASSED] - Statement - PreSaveFile = new java.io.File(((pathPrefix + java.lang.Integer.toString(counter)) + .png)): null

2018-12-04 10:48:39 - [TEST_STEP][PASSED] - Statement - counter = counter + 1: null

2018-12-04 10:48:39 - [TEST_STEP][PASSED] - Statement - PreSaveFile = new java.io.File(((pathPrefix + java.lang.Integer.toString(counter)) + .png)): null

2018-12-04 10:48:39 - [TEST_STEP][PASSED] - Statement - counter = counter + 1: null

2018-12-04 10:48:39 - [TEST_STEP][PASSED] - Statement - PreSaveFile = new java.io.File(((pathPrefix + java.lang.Integer.toString(counter)) + .png)): null

2018-12-04 10:48:41 - [TEST_STEP][PASSED] - Statement - counter = counter + 1: null

2018-12-04 10:48:41 - [TEST_STEP][PASSED] - Statement - PreSaveFile = new java.io.File(((pathPrefix + java.lang.Integer.toString(counter)) + .png)): null

2018-12-04 10:48:41 - [TEST_STEP][PASSED] - Statement - counter = counter + 1: null

2018-12-04 10:48:41 - [TEST_STEP][PASSED] - Statement - PreSaveFile = new java.io.File(((pathPrefix + java.lang.Integer.toString(counter)) + .png)): null

2018-12-04 10:48:41 - [TEST_STEP][PASSED] - Statement - counter = counter + 1: null

2018-12-04 10:48:41 - [TEST_STEP][PASSED] - Statement - PreSaveFile = new java.io.File(((pathPrefix + java.lang.Integer.toString(counter)) + .png)): null

2018-12-04 10:48:41 - [TEST_STEP][PASSED] - Statement - counter = counter + 1: null

2018-12-04 10:48:41 - [TEST_STEP][PASSED] - Statement - PreSaveFile = new java.io.File(((pathPrefix + java.lang.Integer.toString(counter)) + .png)): null

2018-12-04 10:48:41 - [TEST_STEP][PASSED] - Statement - counter = counter + 1: null

2018-12-04 10:48:41 - [TEST_STEP][PASSED] - Statement - PreSaveFile = new java.io.File(((pathPrefix + java.lang.Integer.toString(counter)) + .png)): null

2018-12-04 10:48:41 - [TEST_STEP][PASSED] - Statement - counter = counter + 1: null

2018-12-04 10:48:41 - [TEST_STEP][PASSED] - Statement - PreSaveFile = new java.io.File(((pathPrefix + java.lang.Integer.toString(counter)) + .png)): null

2018-12-04 10:48:41 - [TEST_STEP][PASSED] - Statement - counter = counter + 1: null

2018-12-04 10:48:41 - [TEST_STEP][PASSED] - Statement - PreSaveFile = new java.io.File(((pathPrefix + java.lang.Integer.toString(counter)) + .png)): null

2018-12-04 10:48:41 - [TEST_STEP][PASSED] - Statement - counter = counter + 1: null

2018-12-04 10:48:42 - [TEST_STEP][PASSED] - Statement - PreSaveFile = new java.io.File(((pathPrefix + java.lang.Integer.toString(counter)) + .png)): null

2018-12-04 10:48:42 - [TEST_STEP][PASSED] - Statement - counter = counter + 1: null

2018-12-04 10:48:42 - [TEST_STEP][PASSED] - Statement - PreSaveFile = new java.io.File(((pathPrefix + java.lang.Integer.toString(counter)) + .png)): null

2018-12-04 10:48:42 - [TEST_STEP][PASSED] - Statement - counter = counter + 1: null

2018-12-04 10:48:42 - [TEST_STEP][PASSED] - Statement - PreSaveFile = new java.io.File(((pathPrefix + java.lang.Integer.toString(counter)) + .png)): null

2018-12-04 10:48:42 - [TEST_STEP][PASSED] - Statement - counter = counter + 1: null

2018-12-04 10:48:42 - [TEST_STEP][PASSED] - Statement - PreSaveFile = new java.io.File(((pathPrefix + java.lang.Integer.toString(counter)) + .png)): null

2018-12-04 10:48:42 - [TEST_STEP][PASSED] - Statement - counter = counter + 1: null

2018-12-04 10:48:42 - [TEST_STEP][PASSED] - Statement - PreSaveFile = new java.io.File(((pathPrefix + java.lang.Integer.toString(counter)) + .png)): null

2018-12-04 10:48:43 - [TEST_STEP][PASSED] - Statement - counter = counter + 1: null

2018-12-04 10:48:43 - [TEST_STEP][PASSED] - Statement - PreSaveFile = new java.io.File(((pathPrefix + java.lang.Integer.toString(counter)) + .png)): null

2018-12-04 10:48:43 - [TEST_STEP][PASSED] - Statement - counter = counter + 1: null

2018-12-04 10:48:43 - [TEST_STEP][PASSED] - Statement - PreSaveFile = new java.io.File(((pathPrefix + java.lang.Integer.toString(counter)) + .png)): null

2018-12-04 10:48:43 - [TEST_STEP][PASSED] - Statement - counter = counter + 1: null

2018-12-04 10:48:43 - [TEST_STEP][PASSED] - Statement - PreSaveFile = new java.io.File(((pathPrefix + java.lang.Integer.toString(counter)) + .png)): null

2018-12-04 10:48:43 - [TEST_STEP][PASSED] - Statement - counter = counter + 1: null

2018-12-04 10:48:43 - [TEST_STEP][PASSED] - Statement - PreSaveFile = new java.io.File(((pathPrefix + java.lang.Integer.toString(counter)) + .png)): null

2018-12-04 10:48:43 - [TEST_STEP][PASSED] - Statement - counter = counter + 1: null

2018-12-04 10:48:45 - [TEST_STEP][PASSED] - Statement - PreSaveFile = new java.io.File(((pathPrefix + java.lang.Integer.toString(counter)) + .png)): null

2018-12-04 10:48:45 - [TEST_STEP][PASSED] - Statement - counter = counter + 1: null

2018-12-04 10:48:45 - [TEST_STEP][PASSED] - Statement - PreSaveFile = new java.io.File(((pathPrefix + java.lang.Integer.toString(counter)) + .png)): null

2018-12-04 10:48:45 - [TEST_STEP][PASSED] - Statement - counter = counter + 1: null

2018-12-04 10:48:45 - [TEST_STEP][PASSED] - Statement - PreSaveFile = new java.io.File(((pathPrefix + java.lang.Integer.toString(counter)) + .png)): null

2018-12-04 10:48:45 - [TEST_STEP][PASSED] - Statement - counter = counter + 1: null

2018-12-04 10:48:45 - [TEST_STEP][PASSED] - Statement - PreSaveFile = new java.io.File(((pathPrefix + java.lang.Integer.toString(counter)) + .png)): null

2018-12-04 10:48:45 - [TEST_STEP][PASSED] - Statement - counter = counter + 1: null

2018-12-04 10:48:45 - [TEST_STEP][PASSED] - Statement - PreSaveFile = new java.io.File(((pathPrefix + java.lang.Integer.toString(counter)) + .png)): null

2018-12-04 10:48:45 - [TEST_STEP][PASSED] - Statement - counter = counter + 1: null

2018-12-04 10:48:46 - [TEST_STEP][PASSED] - Statement - PreSaveFile = new java.io.File(((pathPrefix + java.lang.Integer.toString(counter)) + .png)): null

2018-12-04 10:48:46 - [TEST_STEP][PASSED] - Statement - counter = counter + 1: null

2018-12-04 10:48:46 - [TEST_STEP][PASSED] - Statement - PreSaveFile = new java.io.File(((pathPrefix + java.lang.Integer.toString(counter)) + .png)): null

2018-12-04 10:48:46 - [TEST_STEP][PASSED] - Statement - counter = counter + 1: null

2018-12-04 10:48:46 - [TEST_STEP][PASSED] - Statement - PreSaveFile = new java.io.File(((pathPrefix + java.lang.Integer.toString(counter)) + .png)): null

2018-12-04 10:48:46 - [TEST_STEP][PASSED] - Statement - counter = counter + 1: null

2018-12-04 10:48:46 - [TEST_STEP][PASSED] - Statement - PreSaveFile = new java.io.File(((pathPrefix + java.lang.Integer.toString(counter)) + .png)): null

2018-12-04 10:48:46 - [TEST_STEP][PASSED] - Statement - counter = counter + 1: null

2018-12-04 10:48:46 - [TEST_STEP][PASSED] - Statement - PreSaveFile = new java.io.File(((pathPrefix + java.lang.Integer.toString(counter)) + .png)): null

2018-12-04 10:48:46 - [TEST_STEP][PASSED] - Statement - counter = counter + 1: null

2018-12-04 10:48:48 - [TEST_STEP][PASSED] - Statement - PreSaveFile = new java.io.File(((pathPrefix + java.lang.Integer.toString(counter)) + .png)): null

2018-12-04 10:48:48 - [TEST_STEP][PASSED] - Statement - counter = counter + 1: null

2018-12-04 10:48:48 - [TEST_STEP][PASSED] - Statement - PreSaveFile = new java.io.File(((pathPrefix + java.lang.Integer.toString(counter)) + .png)): null

2018-12-04 10:48:48 - [TEST_STEP][PASSED] - Statement - counter = counter + 1: null

2018-12-04 10:48:48 - [TEST_STEP][PASSED] - Statement - PreSaveFile = new java.io.File(((pathPrefix + java.lang.Integer.toString(counter)) + .png)): null

2018-12-04 10:48:48 - [TEST_STEP][PASSED] - Statement - counter = counter + 1: null

2018-12-04 10:48:48 - [TEST_STEP][PASSED] - Statement - PreSaveFile = new java.io.File(((pathPrefix + java.lang.Integer.toString(counter)) + .png)): null

2018-12-04 10:48:48 - [TEST_STEP][PASSED] - Statement - counter = counter + 1: null

2018-12-04 10:48:48 - [TEST_STEP][PASSED] - Statement - PreSaveFile = new java.io.File(((pathPrefix + java.lang.Integer.toString(counter)) + .png)): null

2018-12-04 10:48:50 - [TEST_STEP][PASSED] - Statement - counter = counter + 1: null

2018-12-04 10:48:50 - [TEST_STEP][PASSED] - Statement - PreSaveFile = new java.io.File(((pathPrefix + java.lang.Integer.toString(counter)) + .png)): null

2018-12-04 10:48:50 - [TEST_STEP][PASSED] - Statement - counter = counter + 1: null

2018-12-04 10:48:50 - [TEST_STEP][PASSED] - Statement - PreSaveFile = new java.io.File(((pathPrefix + java.lang.Integer.toString(counter)) + .png)): null

2018-12-04 10:48:50 - [TEST_STEP][PASSED] - Statement - counter = counter + 1: null

2018-12-04 10:48:50 - [TEST_STEP][PASSED] - Statement - PreSaveFile = new java.io.File(((pathPrefix + java.lang.Integer.toString(counter)) + .png)): null

2018-12-04 10:48:50 - [TEST_STEP][PASSED] - Statement - counter = counter + 1: null

2018-12-04 10:48:50 - [TEST_STEP][PASSED] - Statement - PreSaveFile = new java.io.File(((pathPrefix + java.lang.Integer.toString(counter)) + .png)): null

2018-12-04 10:48:50 - [TEST_STEP][PASSED] - Statement - counter = counter + 1: null

2018-12-04 10:48:51 - [TEST_STEP][PASSED] - Statement - PreSaveFile = new java.io.File(((pathPrefix + java.lang.Integer.toString(counter)) + .png)): null

2018-12-04 10:48:51 - [TEST_STEP][PASSED] - Statement - counter = counter + 1: null

2018-12-04 10:48:51 - [TEST_STEP][PASSED] - Statement - PreSaveFile = new java.io.File(((pathPrefix + java.lang.Integer.toString(counter)) + .png)): null

2018-12-04 10:48:51 - [TEST_STEP][PASSED] - Statement - counter = counter + 1: null

2018-12-04 10:48:51 - [TEST_STEP][PASSED] - Statement - PreSaveFile = new java.io.File(((pathPrefix + java.lang.Integer.toString(counter)) + .png)): null

2018-12-04 10:48:51 - [TEST_STEP][PASSED] - Statement - counter = counter + 1: null

2018-12-04 10:48:51 - [TEST_STEP][PASSED] - Statement - PreSaveFile = new java.io.File(((pathPrefix + java.lang.Integer.toString(counter)) + .png)): null

2018-12-04 10:48:51 - [TEST_STEP][PASSED] - Statement - counter = counter + 1: null

2018-12-04 10:48:51 - [TEST_STEP][PASSED] - Statement - PreSaveFile = new java.io.File(((pathPrefix + java.lang.Integer.toString(counter)) + .png)): null

2018-12-04 10:48:51 - [TEST_STEP][PASSED] - Statement - counter = counter + 1: null

2018-12-04 10:48:52 - [TEST_STEP][PASSED] - Statement - PreSaveFile = new java.io.File(((pathPrefix + java.lang.Integer.toString(counter)) + .png)): null

2018-12-04 10:48:52 - [TEST_STEP][PASSED] - Statement - counter = counter + 1: null

2018-12-04 10:48:52 - [TEST_STEP][PASSED] - Statement - PreSaveFile = new java.io.File(((pathPrefix + java.lang.Integer.toString(counter)) + .png)): null

2018-12-04 10:48:52 - [TEST_STEP][PASSED] - Statement - counter = counter + 1: null

2018-12-04 10:48:52 - [TEST_STEP][PASSED] - Statement - PreSaveFile = new java.io.File(((pathPrefix + java.lang.Integer.toString(counter)) + .png)): null

2018-12-04 10:48:52 - [TEST_STEP][PASSED] - Statement - counter = counter + 1: null

2018-12-04 10:48:52 - [TEST_STEP][PASSED] - Statement - PreSaveFile = new java.io.File(((pathPrefix + java.lang.Integer.toString(counter)) + .png)): null

2018-12-04 10:48:52 - [TEST_STEP][PASSED] - Statement - counter = counter + 1: null

2018-12-04 10:48:52 - [TEST_STEP][PASSED] - Statement - PreSaveFile = new java.io.File(((pathPrefix + java.lang.Integer.toString(counter)) + .png)): null

2018-12-04 10:48:52 - [TEST_STEP][PASSED] - Statement - counter = counter + 1: null

2018-12-04 10:48:53 - [TEST_STEP][PASSED] - Statement - PreSaveFile = new java.io.File(((pathPrefix + java.lang.Integer.toString(counter)) + .png)): null

2018-12-04 10:48:53 - [TEST_STEP][PASSED] - Statement - counter = counter + 1: null

2018-12-04 10:48:53 - [TEST_STEP][PASSED] - Statement - PreSaveFile = new java.io.File(((pathPrefix + java.lang.Integer.toString(counter)) + .png)): null

2018-12-04 10:48:53 - [TEST_STEP][PASSED] - Statement - counter = counter + 1: null

2018-12-04 10:48:53 - [TEST_STEP][PASSED] - Statement - PreSaveFile = new java.io.File(((pathPrefix + java.lang.Integer.toString(counter)) + .png)): null

2018-12-04 10:48:53 - [TEST_STEP][PASSED] - Statement - counter = counter + 1: null

2018-12-04 10:48:53 - [TEST_STEP][PASSED] - Statement - PreSaveFile = new java.io.File(((pathPrefix + java.lang.Integer.toString(counter)) + .png)): null

2018-12-04 10:48:53 - [TEST_STEP][PASSED] - Statement - counter = counter + 1: null

2018-12-04 10:48:53 - [TEST_STEP][PASSED] - Statement - PreSaveFile = new java.io.File(((pathPrefix + java.lang.Integer.toString(counter)) + .png)): null

2018-12-04 10:48:53 - [TEST_STEP][PASSED] - Statement - counter = counter + 1: null

2018-12-04 10:48:55 - [TEST_STEP][PASSED] - Statement - PreSaveFile = new java.io.File(((pathPrefix + java.lang.Integer.toString(counter)) + .png)): null

2018-12-04 10:48:55 - [TEST_STEP][PASSED] - Statement - counter = counter + 1: null

2018-12-04 10:48:55 - [TEST_STEP][PASSED] - Statement - PreSaveFile = new java.io.File(((pathPrefix + java.lang.Integer.toString(counter)) + .png)): null

2018-12-04 10:48:55 - [TEST_STEP][PASSED] - Statement - counter = counter + 1: null

2018-12-04 10:48:55 - [TEST_STEP][PASSED] - Statement - PreSaveFile = new java.io.File(((pathPrefix + java.lang.Integer.toString(counter)) + .png)): null

2018-12-04 10:48:55 - [TEST_STEP][PASSED] - Statement - counter = counter + 1: null

2018-12-04 10:48:55 - [TEST_STEP][PASSED] - Statement - PreSaveFile = new java.io.File(((pathPrefix + java.lang.Integer.toString(counter)) + .png)): null

2018-12-04 10:48:55 - [TEST_STEP][PASSED] - Statement - counter = counter + 1: null

2018-12-04 10:48:55 - [TEST_STEP][PASSED] - Statement - PreSaveFile = new java.io.File(((pathPrefix + java.lang.Integer.toString(counter)) + .png)): null

2018-12-04 10:48:56 - [TEST_STEP][PASSED] - Statement - counter = counter + 1: null

2018-12-04 10:48:56 - [TEST_STEP][PASSED] - Statement - PreSaveFile = new java.io.File(((pathPrefix + java.lang.Integer.toString(counter)) + .png)): null

2018-12-04 10:48:56 - [TEST_STEP][PASSED] - Statement - counter = counter + 1: null

2018-12-04 10:48:56 - [TEST_STEP][PASSED] - Statement - PreSaveFile = new java.io.File(((pathPrefix + java.lang.Integer.toString(counter)) + .png)): null

2018-12-04 10:48:56 - [TEST_STEP][PASSED] - Statement - counter = counter + 1: null

2018-12-04 10:48:56 - [TEST_STEP][PASSED] - Statement - PreSaveFile = new java.io.File(((pathPrefix + java.lang.Integer.toString(counter)) + .png)): null

2018-12-04 10:48:56 - [TEST_STEP][PASSED] - Statement - counter = counter + 1: null

2018-12-04 10:48:56 - [TEST_STEP][PASSED] - Statement - PreSaveFile = new java.io.File(((pathPrefix + java.lang.Integer.toString(counter)) + .png)): null

2018-12-04 10:48:56 - [TEST_STEP][PASSED] - Statement - counter = counter + 1: null

2018-12-04 10:48:57 - [TEST_STEP][PASSED] - Statement - PreSaveFile = new java.io.File(((pathPrefix + java.lang.Integer.toString(counter)) + .png)): null

2018-12-04 10:48:57 - [TEST_STEP][PASSED] - Statement - counter = counter + 1: null

2018-12-04 10:48:57 - [TEST_STEP][PASSED] - Statement - PreSaveFile = new java.io.File(((pathPrefix + java.lang.Integer.toString(counter)) + .png)): null

2018-12-04 10:48:57 - [TEST_STEP][PASSED] - Statement - counter = counter + 1: null

2018-12-04 10:48:57 - [TEST_STEP][PASSED] - Statement - PreSaveFile = new java.io.File(((pathPrefix + java.lang.Integer.toString(counter)) + .png)): null

2018-12-04 10:48:57 - [TEST_STEP][PASSED] - Statement - counter = counter + 1: null

2018-12-04 10:48:57 - [TEST_STEP][PASSED] - Statement - PreSaveFile = new java.io.File(((pathPrefix + java.lang.Integer.toString(counter)) + .png)): null

2018-12-04 10:48:57 - [TEST_STEP][PASSED] - Statement - counter = counter + 1: null

2018-12-04 10:48:57 - [TEST_STEP][PASSED] - Statement - PreSaveFile = new java.io.File(((pathPrefix + java.lang.Integer.toString(counter)) + .png)): null

2018-12-04 10:48:57 - [TEST_STEP][PASSED] - Statement - counter = counter + 1: null

2018-12-04 10:48:59 - [TEST_STEP][PASSED] - Statement - PreSaveFile = new java.io.File(((pathPrefix + java.lang.Integer.toString(counter)) + .png)): null

2018-12-04 10:48:59 - [TEST_STEP][PASSED] - Statement - counter = counter + 1: null

2018-12-04 10:48:59 - [TEST_STEP][PASSED] - Statement - PreSaveFile = new java.io.File(((pathPrefix + java.lang.Integer.toString(counter)) + .png)): null

2018-12-04 10:48:59 - [TEST_STEP][PASSED] - Statement - counter = counter + 1: null

2018-12-04 10:48:59 - [TEST_STEP][PASSED] - Statement - PreSaveFile = new java.io.File(((pathPrefix + java.lang.Integer.toString(counter)) + .png)): null

2018-12-04 10:48:59 - [TEST_STEP][PASSED] - Statement - counter = counter + 1: null

2018-12-04 10:48:59 - [TEST_STEP][PASSED] - Statement - PreSaveFile = new java.io.File(((pathPrefix + java.lang.Integer.toString(counter)) + .png)): null

2018-12-04 10:48:59 - [TEST_STEP][PASSED] - Statement - counter = counter + 1: null

2018-12-04 10:48:59 - [TEST_STEP][PASSED] - Statement - PreSaveFile = new java.io.File(((pathPrefix + java.lang.Integer.toString(counter)) + .png)): null

2018-12-04 10:48:59 - [TEST_STEP][PASSED] - Statement - counter = counter + 1: null

2018-12-04 10:49:01 - [TEST_STEP][PASSED] - Statement - PreSaveFile = new java.io.File(((pathPrefix + java.lang.Integer.toString(counter)) + .png)): null

2018-12-04 10:49:01 - [TEST_STEP][PASSED] - Statement - counter = counter + 1: null

2018-12-04 10:49:01 - [TEST_STEP][PASSED] - Statement - PreSaveFile = new java.io.File(((pathPrefix + java.lang.Integer.toString(counter)) + .png)): null

2018-12-04 10:49:01 - [TEST_STEP][PASSED] - Statement - counter = counter + 1: null

2018-12-04 10:49:01 - [TEST_STEP][PASSED] - Statement - PreSaveFile = new java.io.File(((pathPrefix + java.lang.Integer.toString(counter)) + .png)): null

2018-12-04 10:49:01 - [TEST_STEP][PASSED] - Statement - counter = counter + 1: null

2018-12-04 10:49:01 - [TEST_STEP][PASSED] - Statement - PreSaveFile = new java.io.File(((pathPrefix + java.lang.Integer.toString(counter)) + .png)): null

2018-12-04 10:49:01 - [TEST_STEP][PASSED] - Statement - counter = counter + 1: null

2018-12-04 10:49:01 - [TEST_STEP][PASSED] - Statement - PreSaveFile = new java.io.File(((pathPrefix + java.lang.Integer.toString(counter)) + .png)): null

2018-12-04 10:49:02 - [TEST_STEP][PASSED] - Statement - counter = counter + 1: null

2018-12-04 10:49:02 - [TEST_STEP][PASSED] - Statement - PreSaveFile = new java.io.File(((pathPrefix + java.lang.Integer.toString(counter)) + .png)): null

2018-12-04 10:49:02 - [TEST_STEP][PASSED] - Statement - counter = counter + 1: null

2018-12-04 10:49:02 - [TEST_STEP][PASSED] - Statement - PreSaveFile = new java.io.File(((pathPrefix + java.lang.Integer.toString(counter)) + .png)): null

2018-12-04 10:49:02 - [TEST_STEP][PASSED] - Statement - counter = counter + 1: null

2018-12-04 10:49:02 - [TEST_STEP][PASSED] - Statement - PreSaveFile = new java.io.File(((pathPrefix + java.lang.Integer.toString(counter)) + .png)): null

2018-12-04 10:49:02 - [TEST_STEP][PASSED] - Statement - counter = counter + 1: null

2018-12-04 10:49:02 - [TEST_STEP][PASSED] - Statement - PreSaveFile = new java.io.File(((pathPrefix + java.lang.Integer.toString(counter)) + .png)): null

2018-12-04 10:49:02 - [TEST_STEP][PASSED] - Statement - counter = counter + 1: null

2018-12-04 10:49:02 - [TEST_STEP][PASSED] - Statement - PreSaveFile = new java.io.File(((pathPrefix + java.lang.Integer.toString(counter)) + .png)): null

2018-12-04 10:49:03 - [TEST_STEP][PASSED] - Statement - counter = counter + 1: null

2018-12-04 10:49:03 - [TEST_STEP][PASSED] - Statement - PreSaveFile = new java.io.File(((pathPrefix + java.lang.Integer.toString(counter)) + .png)): null

2018-12-04 10:49:03 - [TEST_STEP][PASSED] - Statement - counter = counter + 1: null

2018-12-04 10:49:03 - [TEST_STEP][PASSED] - Statement - PreSaveFile = new java.io.File(((pathPrefix + java.lang.Integer.toString(counter)) + .png)): null

2018-12-04 10:49:03 - [TEST_STEP][PASSED] - Statement - counter = counter + 1: null

2018-12-04 10:49:03 - [TEST_STEP][PASSED] - Statement - PreSaveFile = new java.io.File(((pathPrefix + java.lang.Integer.toString(counter)) + .png)): null

2018-12-04 10:49:03 - [TEST_STEP][PASSED] - Statement - counter = counter + 1: null

2018-12-04 10:49:03 - [TEST_STEP][PASSED] - Statement - PreSaveFile = new java.io.File(((pathPrefix + java.lang.Integer.toString(counter)) + .png)): null

2018-12-04 10:49:03 - [TEST_STEP][PASSED] - Statement - counter = counter + 1: null

2018-12-04 10:49:05 - [TEST_STEP][PASSED] - Statement - PreSaveFile = new java.io.File(((pathPrefix + java.lang.Integer.toString(counter)) + .png)): null

2018-12-04 10:49:05 - [TEST_STEP][PASSED] - Statement - counter = counter + 1: null

2018-12-04 10:49:05 - [TEST_STEP][PASSED] - Statement - PreSaveFile = new java.io.File(((pathPrefix + java.lang.Integer.toString(counter)) + .png)): null

2018-12-04 10:49:05 - [TEST_STEP][PASSED] - Statement - counter = counter + 1: null

2018-12-04 10:49:05 - [TEST_STEP][PASSED] - Statement - PreSaveFile = new java.io.File(((pathPrefix + java.lang.Integer.toString(counter)) + .png)): null

2018-12-04 10:49:05 - [TEST_STEP][PASSED] - Statement - counter = counter + 1: null

2018-12-04 10:49:05 - [TEST_STEP][PASSED] - Statement - PreSaveFile = new java.io.File(((pathPrefix + java.lang.Integer.toString(counter)) + .png)): null

2018-12-04 10:49:05 - [TEST_STEP][PASSED] - Statement - counter = counter + 1: null

2018-12-04 10:49:05 - [TEST_STEP][PASSED] - Statement - PreSaveFile = new java.io.File(((pathPrefix + java.lang.Integer.toString(counter)) + .png)): null

2018-12-04 10:49:05 - [TEST_STEP][PASSED] - Statement - counter = counter + 1: null

2018-12-04 10:49:06 - [TEST_STEP][PASSED] - Statement - PreSaveFile = new java.io.File(((pathPrefix + java.lang.Integer.toString(counter)) + .png)): null

2018-12-04 10:49:06 - [TEST_STEP][PASSED] - Statement - counter = counter + 1: null

2018-12-04 10:49:06 - [TEST_STEP][PASSED] - Statement - PreSaveFile = new java.io.File(((pathPrefix + java.lang.Integer.toString(counter)) + .png)): null

2018-12-04 10:49:06 - [TEST_STEP][PASSED] - Statement - counter = counter + 1: null

2018-12-04 10:49:06 - [TEST_STEP][PASSED] - Statement - PreSaveFile = new java.io.File(((pathPrefix + java.lang.Integer.toString(counter)) + .png)): null

2018-12-04 10:49:06 - [TEST_STEP][PASSED] - Statement - counter = counter + 1: null

2018-12-04 10:49:06 - [TEST_STEP][PASSED] - Statement - PreSaveFile = new java.io.File(((pathPrefix + java.lang.Integer.toString(counter)) + .png)): null

2018-12-04 10:49:06 - [TEST_STEP][PASSED] - Statement - counter = counter + 1: null

2018-12-04 10:49:06 - [TEST_STEP][PASSED] - Statement - PreSaveFile = new java.io.File(((pathPrefix + java.lang.Integer.toString(counter)) + .png)): null

2018-12-04 10:49:06 - [TEST_STEP][PASSED] - Statement - counter = counter + 1: null

2018-12-04 10:49:08 - [TEST_STEP][PASSED] - Statement - PreSaveFile = new java.io.File(((pathPrefix + java.lang.Integer.toString(counter)) + .png)): null

2018-12-04 10:49:08 - [TEST_STEP][PASSED] - Statement - counter = counter + 1: null

2018-12-04 10:49:08 - [TEST_STEP][PASSED] - Statement - PreSaveFile = new java.io.File(((pathPrefix + java.lang.Integer.toString(counter)) + .png)): null

2018-12-04 10:49:08 - [TEST_STEP][PASSED] - Statement - counter = counter + 1: null

2018-12-04 10:49:08 - [TEST_STEP][PASSED] - Statement - PreSaveFile = new java.io.File(((pathPrefix + java.lang.Integer.toString(counter)) + .png)): null

2018-12-04 10:49:08 - [TEST_STEP][PASSED] - Statement - counter = counter + 1: null

2018-12-04 10:49:08 - [TEST_STEP][PASSED] - Statement - PreSaveFile = new java.io.File(((pathPrefix + java.lang.Integer.toString(counter)) + .png)): null

2018-12-04 10:49:08 - [TEST_STEP][PASSED] - Statement - counter = counter + 1: null

2018-12-04 10:49:08 - [TEST_STEP][PASSED] - Statement - PreSaveFile = new java.io.File(((pathPrefix + java.lang.Integer.toString(counter)) + .png)): null

2018-12-04 10:49:09 - [TEST_STEP][PASSED] - Statement - counter = counter + 1: null

2018-12-04 10:49:09 - [TEST_STEP][PASSED] - Statement - PreSaveFile = new java.io.File(((pathPrefix + java.lang.Integer.toString(counter)) + .png)): null

2018-12-04 10:49:09 - [TEST_STEP][PASSED] - Statement - counter = counter + 1: null

2018-12-04 10:49:09 - [TEST_STEP][PASSED] - Statement - PreSaveFile = new java.io.File(((pathPrefix + java.lang.Integer.toString(counter)) + .png)): null

2018-12-04 10:49:09 - [TEST_STEP][PASSED] - Statement - counter = counter + 1: null

2018-12-04 10:49:09 - [TEST_STEP][PASSED] - Statement - PreSaveFile = new java.io.File(((pathPrefix + java.lang.Integer.toString(counter)) + .png)): null

2018-12-04 10:49:09 - [TEST_STEP][PASSED] - Statement - counter = counter + 1: null

2018-12-04 10:49:09 - [TEST_STEP][PASSED] - Statement - PreSaveFile = new java.io.File(((pathPrefix + java.lang.Integer.toString(counter)) + .png)): null

2018-12-04 10:49:09 - [TEST_STEP][PASSED] - Statement - counter = counter + 1: null

2018-12-04 10:49:11 - [TEST_STEP][PASSED] - Statement - PreSaveFile = new java.io.File(((pathPrefix + java.lang.Integer.toString(counter)) + .png)): null

2018-12-04 10:49:11 - [TEST_STEP][PASSED] - Statement - counter = counter + 1: null

2018-12-04 10:49:11 - [TEST_STEP][PASSED] - Statement - PreSaveFile = new java.io.File(((pathPrefix + java.lang.Integer.toString(counter)) + .png)): null

2018-12-04 10:49:11 - [TEST_STEP][PASSED] - Statement - counter = counter + 1: null

2018-12-04 10:49:11 - [TEST_STEP][PASSED] - Statement - PreSaveFile = new java.io.File(((pathPrefix + java.lang.Integer.toString(counter)) + .png)): null

2018-12-04 10:49:11 - [TEST_STEP][PASSED] - Statement - counter = counter + 1: null

2018-12-04 10:49:11 - [TEST_STEP][PASSED] - Statement - PreSaveFile = new java.io.File(((pathPrefix + java.lang.Integer.toString(counter)) + .png)): null

2018-12-04 10:49:11 - [TEST_STEP][PASSED] - Statement - counter = counter + 1: null

2018-12-04 10:49:11 - [TEST_STEP][PASSED] - Statement - PreSaveFile = new java.io.File(((pathPrefix + java.lang.Integer.toString(counter)) + .png)): null

2018-12-04 10:49:11 - [TEST_STEP][PASSED] - Statement - counter = counter + 1: null

2018-12-04 10:49:13 - [TEST_STEP][PASSED] - Statement - PreSaveFile = new java.io.File(((pathPrefix + java.lang.Integer.toString(counter)) + .png)): null

2018-12-04 10:49:13 - [TEST_STEP][PASSED] - Statement - counter = counter + 1: null

2018-12-04 10:49:13 - [TEST_STEP][PASSED] - Statement - PreSaveFile = new java.io.File(((pathPrefix + java.lang.Integer.toString(counter)) + .png)): null

2018-12-04 10:49:13 - [TEST_STEP][PASSED] - Statement - counter = counter + 1: null

2018-12-04 10:49:13 - [TEST_STEP][PASSED] - Statement - PreSaveFile = new java.io.File(((pathPrefix + java.lang.Integer.toString(counter)) + .png)): null

2018-12-04 10:49:13 - [TEST_STEP][PASSED] - Statement - counter = counter + 1: null

2018-12-04 10:49:13 - [TEST_STEP][PASSED] - Statement - PreSaveFile = new java.io.File(((pathPrefix + java.lang.Integer.toString(counter)) + .png)): null

2018-12-04 10:49:13 - [TEST_STEP][PASSED] - Statement - counter = counter + 1: null

2018-12-04 10:49:13 - [TEST_STEP][PASSED] - Statement - PreSaveFile = new java.io.File(((pathPrefix + java.lang.Integer.toString(counter)) + .png)): null

2018-12-04 10:49:13 - [TEST_STEP][PASSED] - Statement - counter = counter + 1: null

2018-12-04 10:49:14 - [TEST_STEP][PASSED] - Statement - PreSaveFile = new java.io.File(((pathPrefix + java.lang.Integer.toString(counter)) + .png)): null

2018-12-04 10:49:14 - [TEST_STEP][PASSED] - Statement - counter = counter + 1: null

2018-12-04 10:49:14 - [TEST_STEP][PASSED] - Statement - PreSaveFile = new java.io.File(((pathPrefix + java.lang.Integer.toString(counter)) + .png)): null

2018-12-04 10:49:14 - [TEST_STEP][PASSED] - Statement - counter = counter + 1: null

2018-12-04 10:49:14 - [TEST_STEP][PASSED] - Statement - PreSaveFile = new java.io.File(((pathPrefix + java.lang.Integer.toString(counter)) + .png)): null

2018-12-04 10:49:14 - [TEST_STEP][PASSED] - Statement - counter = counter + 1: null

2018-12-04 10:49:14 - [TEST_STEP][PASSED] - Statement - PreSaveFile = new java.io.File(((pathPrefix + java.lang.Integer.toString(counter)) + .png)): null

2018-12-04 10:49:14 - [TEST_STEP][PASSED] - Statement - counter = counter + 1: null

2018-12-04 10:49:14 - [TEST_STEP][PASSED] - Statement - PreSaveFile = new java.io.File(((pathPrefix + java.lang.Integer.toString(counter)) + .png)): null

2018-12-04 10:49:14 - [TEST_STEP][PASSED] - Statement - counter = counter + 1: null

2018-12-04 10:49:16 - [TEST_STEP][PASSED] - Statement - PreSaveFile = new java.io.File(((pathPrefix + java.lang.Integer.toString(counter)) + .png)): null

2018-12-04 10:49:16 - [TEST_STEP][PASSED] - Statement - counter = counter + 1: null

2018-12-04 10:49:16 - [TEST_STEP][PASSED] - Statement - PreSaveFile = new java.io.File(((pathPrefix + java.lang.Integer.toString(counter)) + .png)): null

2018-12-04 10:49:16 - [TEST_STEP][PASSED] - Statement - counter = counter + 1: null

2018-12-04 10:49:16 - [TEST_STEP][PASSED] - Statement - PreSaveFile = new java.io.File(((pathPrefix + java.lang.Integer.toString(counter)) + .png)): null

2018-12-04 10:49:16 - [TEST_STEP][PASSED] - Statement - counter = counter + 1: null

2018-12-04 10:49:16 - [TEST_STEP][PASSED] - Statement - PreSaveFile = new java.io.File(((pathPrefix + java.lang.Integer.toString(counter)) + .png)): null

2018-12-04 10:49:16 - [TEST_STEP][PASSED] - Statement - counter = counter + 1: null

2018-12-04 10:49:16 - [TEST_STEP][PASSED] - Statement - PreSaveFile = new java.io.File(((pathPrefix + java.lang.Integer.toString(counter)) + .png)): null

2018-12-04 10:49:18 - [TEST_STEP][PASSED] - Statement - counter = counter + 1: null

2018-12-04 10:49:18 - [TEST_STEP][PASSED] - Statement - PreSaveFile = new java.io.File(((pathPrefix + java.lang.Integer.toString(counter)) + .png)): null

2018-12-04 10:49:18 - [TEST_STEP][PASSED] - Statement - counter = counter + 1: null

2018-12-04 10:49:18 - [TEST_STEP][PASSED] - Statement - PreSaveFile = new java.io.File(((pathPrefix + java.lang.Integer.toString(counter)) + .png)): null

2018-12-04 10:49:18 - [TEST_STEP][PASSED] - Statement - counter = counter + 1: null

2018-12-04 10:49:18 - [TEST_STEP][PASSED] - Statement - PreSaveFile = new java.io.File(((pathPrefix + java.lang.Integer.toString(counter)) + .png)): null

2018-12-04 10:49:18 - [TEST_STEP][PASSED] - Statement - counter = counter + 1: null

2018-12-04 10:49:18 - [TEST_STEP][PASSED] - Statement - PreSaveFile = new java.io.File(((pathPrefix + java.lang.Integer.toString(counter)) + .png)): null

2018-12-04 10:49:18 - [TEST_STEP][PASSED] - Statement - counter = counter + 1: null

2018-12-04 10:49:19 - [TEST_STEP][PASSED] - Statement - PreSaveFile = new java.io.File(((pathPrefix + java.lang.Integer.toString(counter)) + .png)): null

2018-12-04 10:49:19 - [TEST_STEP][PASSED] - Statement - counter = counter + 1: null

2018-12-04 10:49:19 - [TEST_STEP][PASSED] - Statement - PreSaveFile = new java.io.File(((pathPrefix + java.lang.Integer.toString(counter)) + .png)): null

2018-12-04 10:49:19 - [TEST_STEP][PASSED] - Statement - counter = counter + 1: null

2018-12-04 10:49:19 - [TEST_STEP][PASSED] - Statement - PreSaveFile = new java.io.File(((pathPrefix + java.lang.Integer.toString(counter)) + .png)): null

2018-12-04 10:49:19 - [TEST_STEP][PASSED] - Statement - counter = counter + 1: null

2018-12-04 10:49:19 - [TEST_STEP][PASSED] - Statement - PreSaveFile = new java.io.File(((pathPrefix + java.lang.Integer.toString(counter)) + .png)): null

2018-12-04 10:49:19 - [TEST_STEP][PASSED] - Statement - counter = counter + 1: null

2018-12-04 10:49:19 - [TEST_STEP][PASSED] - Statement - PreSaveFile = new java.io.File(((pathPrefix + java.lang.Integer.toString(counter)) + .png)): null

2018-12-04 10:49:19 - [TEST_STEP][PASSED] - Statement - counter = counter + 1: null

2018-12-04 10:49:21 - [TEST_STEP][PASSED] - Statement - PreSaveFile = new java.io.File(((pathPrefix + java.lang.Integer.toString(counter)) + .png)): null

2018-12-04 10:49:21 - [TEST_STEP][PASSED] - Statement - counter = counter + 1: null

2018-12-04 10:49:21 - [TEST_STEP][PASSED] - Statement - PreSaveFile = new java.io.File(((pathPrefix + java.lang.Integer.toString(counter)) + .png)): null

2018-12-04 10:49:21 - [TEST_STEP][PASSED] - Statement - counter = counter + 1: null

2018-12-04 10:49:21 - [TEST_STEP][PASSED] - Statement - PreSaveFile = new java.io.File(((pathPrefix + java.lang.Integer.toString(counter)) + .png)): null

2018-12-04 10:49:21 - [TEST_STEP][PASSED] - Statement - counter = counter + 1: null

2018-12-04 10:49:21 - [TEST_STEP][PASSED] - Statement - PreSaveFile = new java.io.File(((pathPrefix + java.lang.Integer.toString(counter)) + .png)): null

2018-12-04 10:49:21 - [TEST_STEP][PASSED] - Statement - counter = counter + 1: null

2018-12-04 10:49:21 - [TEST_STEP][PASSED] - Statement - PreSaveFile = new java.io.File(((pathPrefix + java.lang.Integer.toString(counter)) + .png)): null

2018-12-04 10:49:21 - [TEST_STEP][PASSED] - Statement - counter = counter + 1: null

2018-12-04 10:49:22 - [TEST_STEP][PASSED] - Statement - PreSaveFile = new java.io.File(((pathPrefix + java.lang.Integer.toString(counter)) + .png)): null

2018-12-04 10:49:22 - [TEST_STEP][PASSED] - Statement - counter = counter + 1: null

2018-12-04 10:49:22 - [TEST_STEP][PASSED] - Statement - PreSaveFile = new java.io.File(((pathPrefix + java.lang.Integer.toString(counter)) + .png)): null

2018-12-04 10:49:22 - [TEST_STEP][PASSED] - Statement - counter = counter + 1: null

2018-12-04 10:49:22 - [TEST_STEP][PASSED] - Statement - PreSaveFile = new java.io.File(((pathPrefix + java.lang.Integer.toString(counter)) + .png)): null

2018-12-04 10:49:22 - [TEST_STEP][PASSED] - Statement - counter = counter + 1: null

2018-12-04 10:49:22 - [TEST_STEP][PASSED] - Statement - PreSaveFile = new java.io.File(((pathPrefix + java.lang.Integer.toString(counter)) + .png)): null

2018-12-04 10:49:22 - [TEST_STEP][PASSED] - Statement - counter = counter + 1: null

2018-12-04 10:49:22 - [TEST_STEP][PASSED] - Statement - PreSaveFile = new java.io.File(((pathPrefix + java.lang.Integer.toString(counter)) + .png)): null

2018-12-04 10:49:24 - [TEST_STEP][PASSED] - Statement - counter = counter + 1: null

2018-12-04 10:49:24 - [TEST_STEP][PASSED] - Statement - PreSaveFile = new java.io.File(((pathPrefix + java.lang.Integer.toString(counter)) + .png)): null

2018-12-04 10:49:24 - [TEST_STEP][PASSED] - Statement - counter = counter + 1: null

2018-12-04 10:49:24 - [TEST_STEP][PASSED] - Statement - PreSaveFile = new java.io.File(((pathPrefix + java.lang.Integer.toString(counter)) + .png)): null

2018-12-04 10:49:24 - [TEST_STEP][PASSED] - Statement - counter = counter + 1: null

2018-12-04 10:49:24 - [TEST_STEP][PASSED] - Statement - PreSaveFile = new java.io.File(((pathPrefix + java.lang.Integer.toString(counter)) + .png)): null

2018-12-04 10:49:24 - [TEST_STEP][PASSED] - Statement - counter = counter + 1: null

2018-12-04 10:49:24 - [TEST_STEP][PASSED] - Statement - PreSaveFile = new java.io.File(((pathPrefix + java.lang.Integer.toString(counter)) + .png)): null

2018-12-04 10:49:24 - [TEST_STEP][PASSED] - Statement - counter = counter + 1: null

2018-12-04 10:49:24 - [TEST_STEP][PASSED] - Statement - PreSaveFile = new java.io.File(((pathPrefix + java.lang.Integer.toString(counter)) + .png)): null

2018-12-04 10:49:26 - [TEST_STEP][PASSED] - Statement - counter = counter + 1: null

2018-12-04 10:49:26 - [TEST_STEP][PASSED] - Statement - PreSaveFile = new java.io.File(((pathPrefix + java.lang.Integer.toString(counter)) + .png)): null

2018-12-04 10:49:26 - [TEST_STEP][PASSED] - Statement - counter = counter + 1: null

2018-12-04 10:49:26 - [TEST_STEP][PASSED] - Statement - PreSaveFile = new java.io.File(((pathPrefix + java.lang.Integer.toString(counter)) + .png)): null

2018-12-04 10:49:26 - [TEST_STEP][PASSED] - Statement - counter = counter + 1: null

2018-12-04 10:49:26 - [TEST_STEP][PASSED] - Statement - PreSaveFile = new java.io.File(((pathPrefix + java.lang.Integer.toString(counter)) + .png)): null

2018-12-04 10:49:26 - [TEST_STEP][PASSED] - Statement - counter = counter + 1: null

2018-12-04 10:49:26 - [TEST_STEP][PASSED] - Statement - PreSaveFile = new java.io.File(((pathPrefix + java.lang.Integer.toString(counter)) + .png)): null

2018-12-04 10:49:26 - [TEST_STEP][PASSED] - Statement - counter = counter + 1: null

2018-12-04 10:49:28 - [TEST_STEP][PASSED] - Statement - PreSaveFile = new java.io.File(((pathPrefix + java.lang.Integer.toString(counter)) + .png)): null

2018-12-04 10:49:28 - [TEST_STEP][PASSED] - Statement - counter = counter + 1: null

2018-12-04 10:49:28 - [TEST_STEP][PASSED] - Statement - PreSaveFile = new java.io.File(((pathPrefix + java.lang.Integer.toString(counter)) + .png)): null

2018-12-04 10:49:28 - [TEST_STEP][PASSED] - Statement - counter = counter + 1: null

2018-12-04 10:49:28 - [TEST_STEP][PASSED] - Statement - PreSaveFile = new java.io.File(((pathPrefix + java.lang.Integer.toString(counter)) + .png)): null

2018-12-04 10:49:28 - [TEST_STEP][PASSED] - Statement - counter = counter + 1: null

2018-12-04 10:49:28 - [TEST_STEP][PASSED] - Statement - PreSaveFile = new java.io.File(((pathPrefix + java.lang.Integer.toString(counter)) + .png)): null

2018-12-04 10:49:28 - [TEST_STEP][PASSED] - Statement - counter = counter + 1: null

2018-12-04 10:49:28 - [TEST_STEP][PASSED] - Statement - PreSaveFile = new java.io.File(((pathPrefix + java.lang.Integer.toString(counter)) + .png)): null

2018-12-04 10:49:28 - [TEST_STEP][PASSED] - Statement - counter = counter + 1: null

2018-12-04 10:49:30 - [TEST_STEP][PASSED] - Statement - PreSaveFile = new java.io.File(((pathPrefix + java.lang.Integer.toString(counter)) + .png)): null

2018-12-04 10:49:30 - [TEST_STEP][PASSED] - Statement - counter = counter + 1: null

2018-12-04 10:49:30 - [TEST_STEP][PASSED] - Statement - PreSaveFile = new java.io.File(((pathPrefix + java.lang.Integer.toString(counter)) + .png)): null

2018-12-04 10:49:30 - [TEST_STEP][PASSED] - Statement - counter = counter + 1: null

2018-12-04 10:49:30 - [TEST_STEP][PASSED] - Statement - PreSaveFile = new java.io.File(((pathPrefix + java.lang.Integer.toString(counter)) + .png)): null

2018-12-04 10:49:30 - [TEST_STEP][PASSED] - Statement - counter = counter + 1: null

2018-12-04 10:49:30 - [TEST_STEP][PASSED] - Statement - PreSaveFile = new java.io.File(((pathPrefix + java.lang.Integer.toString(counter)) + .png)): null

2018-12-04 10:49:30 - [TEST_STEP][PASSED] - Statement - counter = counter + 1: null

2018-12-04 10:49:30 - [TEST_STEP][PASSED] - Statement - PreSaveFile = new java.io.File(((pathPrefix + java.lang.Integer.toString(counter)) + .png)): null

2018-12-04 10:49:30 - [TEST_STEP][PASSED] - Statement - counter = counter + 1: null

2018-12-04 10:49:32 - [TEST_STEP][PASSED] - Statement - PreSaveFile = new java.io.File(((pathPrefix + java.lang.Integer.toString(counter)) + .png)): null

2018-12-04 10:49:32 - [TEST_STEP][PASSED] - Statement - counter = counter + 1: null

2018-12-04 10:49:32 - [TEST_STEP][PASSED] - Statement - PreSaveFile = new java.io.File(((pathPrefix + java.lang.Integer.toString(counter)) + .png)): null

2018-12-04 10:49:32 - [TEST_STEP][PASSED] - Statement - counter = counter + 1: null

2018-12-04 10:49:32 - [TEST_STEP][PASSED] - Statement - PreSaveFile = new java.io.File(((pathPrefix + java.lang.Integer.toString(counter)) + .png)): null

2018-12-04 10:49:32 - [TEST_STEP][PASSED] - Statement - counter = counter + 1: null

2018-12-04 10:49:32 - [TEST_STEP][PASSED] - Statement - PreSaveFile = new java.io.File(((pathPrefix + java.lang.Integer.toString(counter)) + .png)): null

2018-12-04 10:49:32 - [TEST_STEP][PASSED] - Statement - counter = counter + 1: null

2018-12-04 10:49:32 - [TEST_STEP][PASSED] - Statement - PreSaveFile = new java.io.File(((pathPrefix + java.lang.Integer.toString(counter)) + .png)): null

2018-12-04 10:49:34 - [TEST_STEP][PASSED] - Statement - counter = counter + 1: null

2018-12-04 10:49:34 - [TEST_STEP][PASSED] - Statement - PreSaveFile = new java.io.File(((pathPrefix + java.lang.Integer.toString(counter)) + .png)): null

2018-12-04 10:49:34 - [TEST_STEP][PASSED] - Statement - counter = counter + 1: null

2018-12-04 10:49:34 - [TEST_STEP][PASSED] - Statement - PreSaveFile = new java.io.File(((pathPrefix + java.lang.Integer.toString(counter)) + .png)): null

2018-12-04 10:49:34 - [TEST_STEP][PASSED] - Statement - counter = counter + 1: null

2018-12-04 10:49:34 - [TEST_STEP][PASSED] - Statement - PreSaveFile = new java.io.File(((pathPrefix + java.lang.Integer.toString(counter)) + .png)): null

2018-12-04 10:49:34 - [TEST_STEP][PASSED] - Statement - counter = counter + 1: null

2018-12-04 10:49:34 - [TEST_STEP][PASSED] - Statement - PreSaveFile = new java.io.File(((pathPrefix + java.lang.Integer.toString(counter)) + .png)): null

2018-12-04 10:49:34 - [TEST_STEP][PASSED] - Statement - counter = counter + 1: null

2018-12-04 10:49:37 - [TEST_STEP][PASSED] - Statement - PreSaveFile = new java.io.File(((pathPrefix + java.lang.Integer.toString(counter)) + .png)): null

2018-12-04 10:49:37 - [TEST_STEP][PASSED] - Statement - counter = counter + 1: null

2018-12-04 10:49:37 - [TEST_STEP][PASSED] - Statement - PreSaveFile = new java.io.File(((pathPrefix + java.lang.Integer.toString(counter)) + .png)): null

2018-12-04 10:49:37 - [TEST_STEP][PASSED] - Statement - counter = counter + 1: null

2018-12-04 10:49:37 - [TEST_STEP][PASSED] - Statement - PreSaveFile = new java.io.File(((pathPrefix + java.lang.Integer.toString(counter)) + .png)): null

2018-12-04 10:49:37 - [TEST_STEP][PASSED] - Statement - counter = counter + 1: null

2018-12-04 10:49:37 - [TEST_STEP][PASSED] - Statement - PreSaveFile = new java.io.File(((pathPrefix + java.lang.Integer.toString(counter)) + .png)): null

2018-12-04 10:49:37 - [TEST_STEP][PASSED] - Statement - counter = counter + 1: null

2018-12-04 10:49:37 - [TEST_STEP][PASSED] - Statement - PreSaveFile = new java.io.File(((pathPrefix + java.lang.Integer.toString(counter)) + .png)): null

2018-12-04 10:49:37 - [TEST_STEP][PASSED] - Statement - counter = counter + 1: null

2018-12-04 10:49:39 - [TEST_STEP][PASSED] - Statement - PreSaveFile = new java.io.File(((pathPrefix + java.lang.Integer.toString(counter)) + .png)): null

2018-12-04 10:49:39 - [TEST_STEP][PASSED] - Statement - counter = counter + 1: null

2018-12-04 10:49:39 - [TEST_STEP][PASSED] - Statement - PreSaveFile = new java.io.File(((pathPrefix + java.lang.Integer.toString(counter)) + .png)): null

2018-12-04 10:49:39 - [TEST_STEP][PASSED] - Statement - counter = counter + 1: null

2018-12-04 10:49:39 - [TEST_STEP][PASSED] - Statement - PreSaveFile = new java.io.File(((pathPrefix + java.lang.Integer.toString(counter)) + .png)): null

2018-12-04 10:49:39 - [TEST_STEP][PASSED] - Statement - counter = counter + 1: null

2018-12-04 10:49:39 - [TEST_STEP][PASSED] - Statement - PreSaveFile = new java.io.File(((pathPrefix + java.lang.Integer.toString(counter)) + .png)): null

2018-12-04 10:49:39 - [TEST_STEP][PASSED] - Statement - counter = counter + 1: null

2018-12-04 10:49:39 - [TEST_STEP][PASSED] - Statement - PreSaveFile = new java.io.File(((pathPrefix + java.lang.Integer.toString(counter)) + .png)): null

2018-12-04 10:49:39 - [TEST_STEP][PASSED] - Statement - counter = counter + 1: null

2018-12-04 10:49:41 - [TEST_STEP][PASSED] - Statement - PreSaveFile = new java.io.File(((pathPrefix + java.lang.Integer.toString(counter)) + .png)): null

2018-12-04 10:49:41 - [TEST_STEP][PASSED] - Statement - counter = counter + 1: null

2018-12-04 10:49:41 - [TEST_STEP][PASSED] - Statement - PreSaveFile = new java.io.File(((pathPrefix + java.lang.Integer.toString(counter)) + .png)): null

2018-12-04 10:49:41 - [TEST_STEP][PASSED] - Statement - counter = counter + 1: null

2018-12-04 10:49:41 - [TEST_STEP][PASSED] - Statement - PreSaveFile = new java.io.File(((pathPrefix + java.lang.Integer.toString(counter)) + .png)): null

2018-12-04 10:49:41 - [TEST_STEP][PASSED] - Statement - counter = counter + 1: null

2018-12-04 10:49:41 - [TEST_STEP][PASSED] - Statement - PreSaveFile = new java.io.File(((pathPrefix + java.lang.Integer.toString(counter)) + .png)): null

2018-12-04 10:49:41 - [TEST_STEP][PASSED] - Statement - counter = counter + 1: null

2018-12-04 10:49:41 - [TEST_STEP][PASSED] - Statement - PreSaveFile = new java.io.File(((pathPrefix + java.lang.Integer.toString(counter)) + .png)): null

2018-12-04 10:49:41 - [TEST_STEP][PASSED] - Statement - counter = counter + 1: null

2018-12-04 10:49:43 - [TEST_STEP][PASSED] - Statement - PreSaveFile = new java.io.File(((pathPrefix + java.lang.Integer.toString(counter)) + .png)): null

2018-12-04 10:49:43 - [TEST_STEP][PASSED] - Statement - counter = counter + 1: null

2018-12-04 10:49:43 - [TEST_STEP][PASSED] - Statement - PreSaveFile = new java.io.File(((pathPrefix + java.lang.Integer.toString(counter)) + .png)): null

2018-12-04 10:49:43 - [TEST_STEP][PASSED] - Statement - counter = counter + 1: null

2018-12-04 10:49:43 - [TEST_STEP][PASSED] - Statement - PreSaveFile = new java.io.File(((pathPrefix + java.lang.Integer.toString(counter)) + .png)): null

2018-12-04 10:49:43 - [TEST_STEP][PASSED] - Statement - counter = counter + 1: null

2018-12-04 10:49:43 - [TEST_STEP][PASSED] - Statement - PreSaveFile = new java.io.File(((pathPrefix + java.lang.Integer.toString(counter)) + .png)): null

2018-12-04 10:49:43 - [TEST_STEP][PASSED] - Statement - counter = counter + 1: null

2018-12-04 10:49:43 - [TEST_STEP][PASSED] - Statement - PreSaveFile = new java.io.File(((pathPrefix + java.lang.Integer.toString(counter)) + .png)): null

2018-12-04 10:49:45 - [TEST_STEP][PASSED] - Statement - counter = counter + 1: null

2018-12-04 10:49:45 - [TEST_STEP][PASSED] - Statement - PreSaveFile = new java.io.File(((pathPrefix + java.lang.Integer.toString(counter)) + .png)): null

2018-12-04 10:49:45 - [TEST_STEP][PASSED] - Statement - counter = counter + 1: null

2018-12-04 10:49:45 - [TEST_STEP][PASSED] - Statement - PreSaveFile = new java.io.File(((pathPrefix + java.lang.Integer.toString(counter)) + .png)): null

2018-12-04 10:49:45 - [TEST_STEP][PASSED] - Statement - counter = counter + 1: null

2018-12-04 10:49:45 - [TEST_STEP][PASSED] - Statement - PreSaveFile = new java.io.File(((pathPrefix + java.lang.Integer.toString(counter)) + .png)): null

2018-12-04 10:49:45 - [TEST_STEP][PASSED] - Statement - counter = counter + 1: null

2018-12-04 10:49:45 - [TEST_STEP][PASSED] - Statement - PreSaveFile = new java.io.File(((pathPrefix + java.lang.Integer.toString(counter)) + .png)): null

2018-12-04 10:49:45 - [TEST_STEP][PASSED] - Statement - counter = counter + 1: null

2018-12-04 10:49:47 - [TEST_STEP][PASSED] - Statement - PreSaveFile = new java.io.File(((pathPrefix + java.lang.Integer.toString(counter)) + .png)): null

2018-12-04 10:49:47 - [TEST_STEP][PASSED] - Statement - counter = counter + 1: null

2018-12-04 10:49:47 - [TEST_STEP][PASSED] - Statement - PreSaveFile = new java.io.File(((pathPrefix + java.lang.Integer.toString(counter)) + .png)): null

2018-12-04 10:49:47 - [TEST_STEP][PASSED] - Statement - counter = counter + 1: null

2018-12-04 10:49:47 - [TEST_STEP][PASSED] - Statement - PreSaveFile = new java.io.File(((pathPrefix + java.lang.Integer.toString(counter)) + .png)): null

2018-12-04 10:49:47 - [TEST_STEP][PASSED] - Statement - counter = counter + 1: null

2018-12-04 10:49:47 - [TEST_STEP][PASSED] - Statement - PreSaveFile = new java.io.File(((pathPrefix + java.lang.Integer.toString(counter)) + .png)): null

2018-12-04 10:49:47 - [TEST_STEP][PASSED] - Statement - counter = counter + 1: null

2018-12-04 10:49:47 - [TEST_STEP][PASSED] - Statement - PreSaveFile = new java.io.File(((pathPrefix + java.lang.Integer.toString(counter)) + .png)): null

2018-12-04 10:49:47 - [TEST_STEP][PASSED] - Statement - counter = counter + 1: null

2018-12-04 10:49:49 - [TEST_STEP][PASSED] - Statement - PreSaveFile = new java.io.File(((pathPrefix + java.lang.Integer.toString(counter)) + .png)): null

2018-12-04 10:49:49 - [TEST_STEP][PASSED] - Statement - counter = counter + 1: null

2018-12-04 10:49:49 - [TEST_STEP][PASSED] - Statement - PreSaveFile = new java.io.File(((pathPrefix + java.lang.Integer.toString(counter)) + .png)): null

2018-12-04 10:49:49 - [TEST_STEP][PASSED] - Statement - counter = counter + 1: null

2018-12-04 10:49:49 - [TEST_STEP][PASSED] - Statement - PreSaveFile = new java.io.File(((pathPrefix + java.lang.Integer.toString(counter)) + .png)): null

2018-12-04 10:49:49 - [TEST_STEP][PASSED] - Statement - counter = counter + 1: null

2018-12-04 10:49:49 - [TEST_STEP][PASSED] - Statement - PreSaveFile = new java.io.File(((pathPrefix + java.lang.Integer.toString(counter)) + .png)): null

2018-12-04 10:49:49 - [TEST_STEP][PASSED] - Statement - counter = counter + 1: null

2018-12-04 10:49:49 - [TEST_STEP][PASSED] - Statement - PreSaveFile = new java.io.File(((pathPrefix + java.lang.Integer.toString(counter)) + .png)): null

2018-12-04 10:49:49 - [TEST_STEP][PASSED] - Statement - counter = counter + 1: null

2018-12-04 10:49:51 - [TEST_STEP][PASSED] - Statement - PreSaveFile = new java.io.File(((pathPrefix + java.lang.Integer.toString(counter)) + .png)): null

2018-12-04 10:49:51 - [TEST_STEP][PASSED] - Statement - counter = counter + 1: null

2018-12-04 10:49:51 - [TEST_STEP][PASSED] - Statement - PreSaveFile = new java.io.File(((pathPrefix + java.lang.Integer.toString(counter)) + .png)): null

2018-12-04 10:49:51 - [TEST_STEP][PASSED] - Statement - counter = counter + 1: null

2018-12-04 10:49:51 - [TEST_STEP][PASSED] - Statement - PreSaveFile = new java.io.File(((pathPrefix + java.lang.Integer.toString(counter)) + .png)): null

2018-12-04 10:49:51 - [TEST_STEP][PASSED] - Statement - counter = counter + 1: null

2018-12-04 10:49:51 - [TEST_STEP][PASSED] - Statement - PreSaveFile = new java.io.File(((pathPrefix + java.lang.Integer.toString(counter)) + .png)): null

2018-12-04 10:49:51 - [TEST_STEP][PASSED] - Statement - counter = counter + 1: null

2018-12-04 10:49:51 - [TEST_STEP][PASSED] - Statement - PreSaveFile = new java.io.File(((pathPrefix + java.lang.Integer.toString(counter)) + .png)): null

2018-12-04 10:49:53 - [TEST_STEP][PASSED] - Statement - counter = counter + 1: null

2018-12-04 10:49:53 - [TEST_STEP][PASSED] - Statement - PreSaveFile = new java.io.File(((pathPrefix + java.lang.Integer.toString(counter)) + .png)): null

2018-12-04 10:49:53 - [TEST_STEP][PASSED] - Statement - counter = counter + 1: null

2018-12-04 10:49:53 - [TEST_STEP][PASSED] - Statement - PreSaveFile = new java.io.File(((pathPrefix + java.lang.Integer.toString(counter)) + .png)): null

2018-12-04 10:49:53 - [TEST_STEP][PASSED] - Statement - counter = counter + 1: null

2018-12-04 10:49:53 - [TEST_STEP][PASSED] - Statement - PreSaveFile = new java.io.File(((pathPrefix + java.lang.Integer.toString(counter)) + .png)): null

2018-12-04 10:49:53 - [TEST_STEP][PASSED] - Statement - counter = counter + 1: null

2018-12-04 10:49:53 - [TEST_STEP][PASSED] - Statement - PreSaveFile = new java.io.File(((pathPrefix + java.lang.Integer.toString(counter)) + .png)): null

2018-12-04 10:49:53 - [TEST_STEP][PASSED] - Statement - counter = counter + 1: null

2018-12-04 10:49:53 - [TEST_STEP][PASSED] - Statement - PreSaveFile = new java.io.File(((pathPrefix + java.lang.Integer.toString(counter)) + .png)): null

2018-12-04 10:49:55 - [TEST_STEP][PASSED] - Statement - counter = counter + 1: null

2018-12-04 10:49:55 - [TEST_STEP][PASSED] - Statement - PreSaveFile = new java.io.File(((pathPrefix + java.lang.Integer.toString(counter)) + .png)): null

2018-12-04 10:49:55 - [TEST_STEP][PASSED] - Statement - counter = counter + 1: null

2018-12-04 10:49:55 - [TEST_STEP][PASSED] - Statement - PreSaveFile = new java.io.File(((pathPrefix + java.lang.Integer.toString(counter)) + .png)): null

2018-12-04 10:49:55 - [TEST_STEP][PASSED] - Statement - counter = counter + 1: null

2018-12-04 10:49:55 - [TEST_STEP][PASSED] - Statement - PreSaveFile = new java.io.File(((pathPrefix + java.lang.Integer.toString(counter)) + .png)): null

2018-12-04 10:49:55 - [TEST_STEP][PASSED] - Statement - counter = counter + 1: null

2018-12-04 10:49:55 - [TEST_STEP][PASSED] - Statement - PreSaveFile = new java.io.File(((pathPrefix + java.lang.Integer.toString(counter)) + .png)): null

2018-12-04 10:49:55 - [TEST_STEP][PASSED] - Statement - counter = counter + 1: null

2018-12-04 10:49:57 - [TEST_STEP][PASSED] - Statement - PreSaveFile = new java.io.File(((pathPrefix + java.lang.Integer.toString(counter)) + .png)): null

2018-12-04 10:49:57 - [TEST_STEP][PASSED] - Statement - counter = counter + 1: null

2018-12-04 10:49:57 - [TEST_STEP][PASSED] - Statement - PreSaveFile = new java.io.File(((pathPrefix + java.lang.Integer.toString(counter)) + .png)): null

2018-12-04 10:49:57 - [TEST_STEP][PASSED] - Statement - counter = counter + 1: null

2018-12-04 10:49:57 - [TEST_STEP][PASSED] - Statement - PreSaveFile = new java.io.File(((pathPrefix + java.lang.Integer.toString(counter)) + .png)): null

2018-12-04 10:49:57 - [TEST_STEP][PASSED] - Statement - counter = counter + 1: null

2018-12-04 10:49:57 - [TEST_STEP][PASSED] - Statement - PreSaveFile = new java.io.File(((pathPrefix + java.lang.Integer.toString(counter)) + .png)): null

2018-12-04 10:49:57 - [TEST_STEP][PASSED] - Statement - counter = counter + 1: null

2018-12-04 10:49:57 - [TEST_STEP][PASSED] - Statement - PreSaveFile = new java.io.File(((pathPrefix + java.lang.Integer.toString(counter)) + .png)): null

2018-12-04 10:49:57 - [TEST_STEP][PASSED] - Statement - counter = counter + 1: null

2018-12-04 10:49:59 - [TEST_STEP][PASSED] - Statement - PreSaveFile = new java.io.File(((pathPrefix + java.lang.Integer.toString(counter)) + .png)): null

2018-12-04 10:49:59 - [TEST_STEP][PASSED] - Statement - counter = counter + 1: null

2018-12-04 10:49:59 - [TEST_STEP][PASSED] - Statement - PreSaveFile = new java.io.File(((pathPrefix + java.lang.Integer.toString(counter)) + .png)): null

2018-12-04 10:49:59 - [TEST_STEP][PASSED] - Statement - counter = counter + 1: null

2018-12-04 10:49:59 - [TEST_STEP][PASSED] - Statement - PreSaveFile = new java.io.File(((pathPrefix + java.lang.Integer.toString(counter)) + .png)): null

2018-12-04 10:49:59 - [TEST_STEP][PASSED] - Statement - counter = counter + 1: null

2018-12-04 10:49:59 - [TEST_STEP][PASSED] - Statement - PreSaveFile = new java.io.File(((pathPrefix + java.lang.Integer.toString(counter)) + .png)): null

2018-12-04 10:49:59 - [TEST_STEP][PASSED] - Statement - counter = counter + 1: null

2018-12-04 10:49:59 - [TEST_STEP][PASSED] - Statement - PreSaveFile = new java.io.File(((pathPrefix + java.lang.Integer.toString(counter)) + .png)): null

2018-12-04 10:49:59 - [TEST_STEP][PASSED] - Statement - counter = counter + 1: null

2018-12-04 10:50:01 - [TEST_STEP][PASSED] - Statement - PreSaveFile = new java.io.File(((pathPrefix + java.lang.Integer.toString(counter)) + .png)): null

2018-12-04 10:50:01 - [TEST_STEP][PASSED] - Statement - counter = counter + 1: null

2018-12-04 10:50:01 - [TEST_STEP][PASSED] - Statement - PreSaveFile = new java.io.File(((pathPrefix + java.lang.Integer.toString(counter)) + .png)): null

2018-12-04 10:50:01 - [TEST_STEP][PASSED] - Statement - counter = counter + 1: null

2018-12-04 10:50:01 - [TEST_STEP][PASSED] - Statement - PreSaveFile = new java.io.File(((pathPrefix + java.lang.Integer.toString(counter)) + .png)): null

2018-12-04 10:50:01 - [TEST_STEP][PASSED] - Statement - counter = counter + 1: null

2018-12-04 10:50:01 - [TEST_STEP][PASSED] - Statement - PreSaveFile = new java.io.File(((pathPrefix + java.lang.Integer.toString(counter)) + .png)): null

2018-12-04 10:50:01 - [TEST_STEP][PASSED] - Statement - counter = counter + 1: null

2018-12-04 10:50:01 - [TEST_STEP][PASSED] - Statement - PreSaveFile = new java.io.File(((pathPrefix + java.lang.Integer.toString(counter)) + .png)): null

2018-12-04 10:50:04 - [TEST_STEP][PASSED] - Statement - counter = counter + 1: null

2018-12-04 10:50:04 - [TEST_STEP][PASSED] - Statement - PreSaveFile = new java.io.File(((pathPrefix + java.lang.Integer.toString(counter)) + .png)): null

2018-12-04 10:50:04 - [TEST_STEP][PASSED] - Statement - counter = counter + 1: null

2018-12-04 10:50:04 - [TEST_STEP][PASSED] - Statement - PreSaveFile = new java.io.File(((pathPrefix + java.lang.Integer.toString(counter)) + .png)): null

2018-12-04 10:50:04 - [TEST_STEP][PASSED] - Statement - counter = counter + 1: null

2018-12-04 10:50:04 - [TEST_STEP][PASSED] - Statement - PreSaveFile = new java.io.File(((pathPrefix + java.lang.Integer.toString(counter)) + .png)): null

2018-12-04 10:50:04 - [TEST_STEP][PASSED] - Statement - counter = counter + 1: null

2018-12-04 10:50:04 - [TEST_STEP][PASSED] - Statement - PreSaveFile = new java.io.File(((pathPrefix + java.lang.Integer.toString(counter)) + .png)): null

2018-12-04 10:50:04 - [TEST_STEP][PASSED] - Statement - counter = counter + 1: null

2018-12-04 10:50:06 - [TEST_STEP][PASSED] - Statement - PreSaveFile = new java.io.File(((pathPrefix + java.lang.Integer.toString(counter)) + .png)): null

2018-12-04 10:50:06 - [TEST_STEP][PASSED] - Statement - counter = counter + 1: null

2018-12-04 10:50:06 - [TEST_STEP][PASSED] - Statement - PreSaveFile = new java.io.File(((pathPrefix + java.lang.Integer.toString(counter)) + .png)): null

2018-12-04 10:50:06 - [TEST_STEP][PASSED] - Statement - counter = counter + 1: null

2018-12-04 10:50:06 - [TEST_STEP][PASSED] - Statement - PreSaveFile = new java.io.File(((pathPrefix + java.lang.Integer.toString(counter)) + .png)): null

2018-12-04 10:50:06 - [TEST_STEP][PASSED] - Statement - counter = counter + 1: null

2018-12-04 10:50:06 - [TEST_STEP][PASSED] - Statement - PreSaveFile = new java.io.File(((pathPrefix + java.lang.Integer.toString(counter)) + .png)): null

2018-12-04 10:50:06 - [TEST_STEP][PASSED] - Statement - counter = counter + 1: null

2018-12-04 10:50:06 - [TEST_STEP][PASSED] - Statement - PreSaveFile = new java.io.File(((pathPrefix + java.lang.Integer.toString(counter)) + .png)): null

2018-12-04 10:50:06 - [TEST_STEP][PASSED] - Statement - counter = counter + 1: null

2018-12-04 10:50:07 - [TEST_STEP][PASSED] - Statement - PreSaveFile = new java.io.File(((pathPrefix + java.lang.Integer.toString(counter)) + .png)): null

2018-12-04 10:50:07 - [TEST_STEP][PASSED] - Statement - counter = counter + 1: null

2018-12-04 10:50:07 - [TEST_STEP][PASSED] - Statement - PreSaveFile = new java.io.File(((pathPrefix + java.lang.Integer.toString(counter)) + .png)): null

2018-12-04 10:50:07 - [TEST_STEP][PASSED] - Statement - counter = counter + 1: null

2018-12-04 10:50:07 - [TEST_STEP][PASSED] - Statement - PreSaveFile = new java.io.File(((pathPrefix + java.lang.Integer.toString(counter)) + .png)): null

2018-12-04 10:50:07 - [TEST_STEP][PASSED] - Statement - counter = counter + 1: null

2018-12-04 10:50:07 - [TEST_STEP][PASSED] - Statement - PreSaveFile = new java.io.File(((pathPrefix + java.lang.Integer.toString(counter)) + .png)): null

2018-12-04 10:50:07 - [TEST_STEP][PASSED] - Statement - counter = counter + 1: null

2018-12-04 10:50:07 - [TEST_STEP][PASSED] - Statement - PreSaveFile = new java.io.File(((pathPrefix + java.lang.Integer.toString(counter)) + .png)): null

2018-12-04 10:50:07 - [TEST_STEP][PASSED] - Statement - counter = counter + 1: null

2018-12-04 10:50:09 - [TEST_STEP][PASSED] - Statement - PreSaveFile = new java.io.File(((pathPrefix + java.lang.Integer.toString(counter)) + .png)): null

2018-12-04 10:50:09 - [TEST_STEP][PASSED] - Statement - counter = counter + 1: null

2018-12-04 10:50:09 - [TEST_STEP][PASSED] - Statement - PreSaveFile = new java.io.File(((pathPrefix + java.lang.Integer.toString(counter)) + .png)): null

2018-12-04 10:50:09 - [TEST_STEP][PASSED] - Statement - counter = counter + 1: null

2018-12-04 10:50:09 - [TEST_STEP][PASSED] - Statement - PreSaveFile = new java.io.File(((pathPrefix + java.lang.Integer.toString(counter)) + .png)): null

2018-12-04 10:50:09 - [TEST_STEP][PASSED] - Statement - counter = counter + 1: null

2018-12-04 10:50:09 - [TEST_STEP][PASSED] - Statement - PreSaveFile = new java.io.File(((pathPrefix + java.lang.Integer.toString(counter)) + .png)): null

2018-12-04 10:50:09 - [TEST_STEP][PASSED] - Statement - counter = counter + 1: null

2018-12-04 10:50:09 - [TEST_STEP][PASSED] - Statement - PreSaveFile = new java.io.File(((pathPrefix + java.lang.Integer.toString(counter)) + .png)): null

2018-12-04 10:50:09 - [TEST_STEP][PASSED] - Statement - counter = counter + 1: null

2018-12-04 10:50:11 - [TEST_STEP][PASSED] - Statement - PreSaveFile = new java.io.File(((pathPrefix + java.lang.Integer.toString(counter)) + .png)): null

2018-12-04 10:50:11 - [TEST_STEP][PASSED] - Statement - counter = counter + 1: null

2018-12-04 10:50:11 - [TEST_STEP][PASSED] - Statement - PreSaveFile = new java.io.File(((pathPrefix + java.lang.Integer.toString(counter)) + .png)): null

2018-12-04 10:50:11 - [TEST_STEP][PASSED] - Statement - counter = counter + 1: null

2018-12-04 10:50:11 - [TEST_STEP][PASSED] - Statement - PreSaveFile = new java.io.File(((pathPrefix + java.lang.Integer.toString(counter)) + .png)): null

2018-12-04 10:50:11 - [TEST_STEP][PASSED] - Statement - counter = counter + 1: null

2018-12-04 10:50:11 - [TEST_STEP][PASSED] - Statement - PreSaveFile = new java.io.File(((pathPrefix + java.lang.Integer.toString(counter)) + .png)): null

2018-12-04 10:50:11 - [TEST_STEP][PASSED] - Statement - counter = counter + 1: null

2018-12-04 10:50:11 - [TEST_STEP][PASSED] - Statement - PreSaveFile = new java.io.File(((pathPrefix + java.lang.Integer.toString(counter)) + .png)): null

2018-12-04 10:50:13 - [TEST_STEP][PASSED] - Statement - counter = counter + 1: null

2018-12-04 10:50:13 - [TEST_STEP][PASSED] - Statement - PreSaveFile = new java.io.File(((pathPrefix + java.lang.Integer.toString(counter)) + .png)): null

2018-12-04 10:50:13 - [TEST_STEP][PASSED] - Statement - counter = counter + 1: null

2018-12-04 10:50:13 - [TEST_STEP][PASSED] - Statement - PreSaveFile = new java.io.File(((pathPrefix + java.lang.Integer.toString(counter)) + .png)): null

2018-12-04 10:50:13 - [TEST_STEP][PASSED] - Statement - counter = counter + 1: null

2018-12-04 10:50:13 - [TEST_STEP][PASSED] - Statement - PreSaveFile = new java.io.File(((pathPrefix + java.lang.Integer.toString(counter)) + .png)): null

2018-12-04 10:50:13 - [TEST_STEP][PASSED] - Statement - counter = counter + 1: null

2018-12-04 10:50:13 - [TEST_STEP][PASSED] - Statement - PreSaveFile = new java.io.File(((pathPrefix + java.lang.Integer.toString(counter)) + .png)): null

2018-12-04 10:50:13 - [TEST_STEP][PASSED] - Statement - counter = counter + 1: null

2018-12-04 10:50:15 - [TEST_STEP][PASSED] - Statement - PreSaveFile = new java.io.File(((pathPrefix + java.lang.Integer.toString(counter)) + .png)): null

2018-12-04 10:50:15 - [TEST_STEP][PASSED] - Statement - counter = counter + 1: null

2018-12-04 10:50:15 - [TEST_STEP][PASSED] - Statement - PreSaveFile = new java.io.File(((pathPrefix + java.lang.Integer.toString(counter)) + .png)): null

2018-12-04 10:50:15 - [TEST_STEP][PASSED] - Statement - counter = counter + 1: null

2018-12-04 10:50:15 - [TEST_STEP][PASSED] - Statement - PreSaveFile = new java.io.File(((pathPrefix + java.lang.Integer.toString(counter)) + .png)): null

2018-12-04 10:50:15 - [TEST_STEP][PASSED] - Statement - counter = counter + 1: null

2018-12-04 10:50:15 - [TEST_STEP][PASSED] - Statement - PreSaveFile = new java.io.File(((pathPrefix + java.lang.Integer.toString(counter)) + .png)): null

2018-12-04 10:50:15 - [TEST_STEP][PASSED] - Statement - counter = counter + 1: null

2018-12-04 10:50:15 - [TEST_STEP][PASSED] - Statement - PreSaveFile = new java.io.File(((pathPrefix + java.lang.Integer.toString(counter)) + .png)): null

2018-12-04 10:50:15 - [TEST_STEP][PASSED] - Statement - counter = counter + 1: null

2018-12-04 10:50:17 - [TEST_STEP][PASSED] - Statement - PreSaveFile = new java.io.File(((pathPrefix + java.lang.Integer.toString(counter)) + .png)): null

2018-12-04 10:50:17 - [TEST_STEP][PASSED] - Statement - counter = counter + 1: null

2018-12-04 10:50:17 - [TEST_STEP][PASSED] - Statement - PreSaveFile = new java.io.File(((pathPrefix + java.lang.Integer.toString(counter)) + .png)): null

2018-12-04 10:50:17 - [TEST_STEP][PASSED] - Statement - counter = counter + 1: null

2018-12-04 10:50:17 - [TEST_STEP][PASSED] - Statement - PreSaveFile = new java.io.File(((pathPrefix + java.lang.Integer.toString(counter)) + .png)): null

2018-12-04 10:50:17 - [TEST_STEP][PASSED] - Statement - counter = counter + 1: null

2018-12-04 10:50:17 - [TEST_STEP][PASSED] - Statement - PreSaveFile = new java.io.File(((pathPrefix + java.lang.Integer.toString(counter)) + .png)): null

2018-12-04 10:50:17 - [TEST_STEP][PASSED] - Statement - counter = counter + 1: null

2018-12-04 10:50:17 - [TEST_STEP][PASSED] - Statement - PreSaveFile = new java.io.File(((pathPrefix + java.lang.Integer.toString(counter)) + .png)): null

2018-12-04 10:50:17 - [TEST_STEP][PASSED] - Statement - counter = counter + 1: null

2018-12-04 10:50:19 - [TEST_STEP][PASSED] - Statement - PreSaveFile = new java.io.File(((pathPrefix + java.lang.Integer.toString(counter)) + .png)): null

2018-12-04 10:50:19 - [TEST_STEP][PASSED] - Statement - counter = counter + 1: null

2018-12-04 10:50:19 - [TEST_STEP][PASSED] - Statement - PreSaveFile = new java.io.File(((pathPrefix + java.lang.Integer.toString(counter)) + .png)): null

2018-12-04 10:50:19 - [TEST_STEP][PASSED] - Statement - counter = counter + 1: null

2018-12-04 10:50:19 - [TEST_STEP][PASSED] - Statement - PreSaveFile = new java.io.File(((pathPrefix + java.lang.Integer.toString(counter)) + .png)): null

2018-12-04 10:50:19 - [TEST_STEP][PASSED] - Statement - counter = counter + 1: null

2018-12-04 10:50:19 - [TEST_STEP][PASSED] - Statement - PreSaveFile = new java.io.File(((pathPrefix + java.lang.Integer.toString(counter)) + .png)): null

2018-12-04 10:50:19 - [TEST_STEP][PASSED] - Statement - counter = counter + 1: null

2018-12-04 10:50:19 - [TEST_STEP][PASSED] - Statement - PreSaveFile = new java.io.File(((pathPrefix + java.lang.Integer.toString(counter)) + .png)): null

2018-12-04 10:50:21 - [TEST_STEP][PASSED] - Statement - counter = counter + 1: null

2018-12-04 10:50:21 - [TEST_STEP][PASSED] - Statement - PreSaveFile = new java.io.File(((pathPrefix + java.lang.Integer.toString(counter)) + .png)): null

2018-12-04 10:50:21 - [TEST_STEP][PASSED] - Statement - counter = counter + 1: null

2018-12-04 10:50:21 - [TEST_STEP][PASSED] - Statement - PreSaveFile = new java.io.File(((pathPrefix + java.lang.Integer.toString(counter)) + .png)): null

2018-12-04 10:50:21 - [TEST_STEP][PASSED] - Statement - counter = counter + 1: null

2018-12-04 10:50:21 - [TEST_STEP][PASSED] - Statement - PreSaveFile = new java.io.File(((pathPrefix + java.lang.Integer.toString(counter)) + .png)): null

2018-12-04 10:50:21 - [TEST_STEP][PASSED] - Statement - counter = counter + 1: null

2018-12-04 10:50:21 - [TEST_STEP][PASSED] - Statement - PreSaveFile = new java.io.File(((pathPrefix + java.lang.Integer.toString(counter)) + .png)): null

2018-12-04 10:50:21 - [TEST_STEP][PASSED] - Statement - counter = counter + 1: null

2018-12-04 10:50:21 - [TEST_STEP][PASSED] - Statement - PreSaveFile = new java.io.File(((pathPrefix + java.lang.Integer.toString(counter)) + .png)): null

2018-12-04 10:50:23 - [TEST_STEP][PASSED] - Statement - counter = counter + 1: null

2018-12-04 10:50:23 - [TEST_STEP][PASSED] - Statement - PreSaveFile = new java.io.File(((pathPrefix + java.lang.Integer.toString(counter)) + .png)): null

2018-12-04 10:50:23 - [TEST_STEP][PASSED] - Statement - counter = counter + 1: null

2018-12-04 10:50:23 - [TEST_STEP][PASSED] - Statement - PreSaveFile = new java.io.File(((pathPrefix + java.lang.Integer.toString(counter)) + .png)): null

2018-12-04 10:50:23 - [TEST_STEP][PASSED] - Statement - counter = counter + 1: null

2018-12-04 10:50:23 - [TEST_STEP][PASSED] - Statement - PreSaveFile = new java.io.File(((pathPrefix + java.lang.Integer.toString(counter)) + .png)): null

2018-12-04 10:50:23 - [TEST_STEP][PASSED] - Statement - counter = counter + 1: null

2018-12-04 10:50:23 - [TEST_STEP][PASSED] - Statement - PreSaveFile = new java.io.File(((pathPrefix + java.lang.Integer.toString(counter)) + .png)): null

2018-12-04 10:50:23 - [TEST_STEP][PASSED] - Statement - counter = counter + 1: null

2018-12-04 10:50:25 - [TEST_STEP][PASSED] - Statement - PreSaveFile = new java.io.File(((pathPrefix + java.lang.Integer.toString(counter)) + .png)): null

2018-12-04 10:50:25 - [TEST_STEP][PASSED] - Statement - counter = counter + 1: null

2018-12-04 10:50:25 - [TEST_STEP][PASSED] - Statement - PreSaveFile = new java.io.File(((pathPrefix + java.lang.Integer.toString(counter)) + .png)): null

2018-12-04 10:50:25 - [TEST_STEP][PASSED] - Statement - counter = counter + 1: null

2018-12-04 10:50:25 - [TEST_STEP][PASSED] - Statement - PreSaveFile = new java.io.File(((pathPrefix + java.lang.Integer.toString(counter)) + .png)): null

2018-12-04 10:50:25 - [TEST_STEP][PASSED] - Statement - counter = counter + 1: null

2018-12-04 10:50:25 - [TEST_STEP][PASSED] - Statement - PreSaveFile = new java.io.File(((pathPrefix + java.lang.Integer.toString(counter)) + .png)): null

2018-12-04 10:50:25 - [TEST_STEP][PASSED] - Statement - counter = counter + 1: null

2018-12-04 10:50:25 - [TEST_STEP][PASSED] - Statement - PreSaveFile = new java.io.File(((pathPrefix + java.lang.Integer.toString(counter)) + .png)): null

2018-12-04 10:50:25 - [TEST_STEP][PASSED] - Statement - counter = counter + 1: null

2018-12-04 10:50:27 - [TEST_STEP][PASSED] - Statement - PreSaveFile = new java.io.File(((pathPrefix + java.lang.Integer.toString(counter)) + .png)): null

2018-12-04 10:50:27 - [TEST_STEP][PASSED] - Statement - counter = counter + 1: null

2018-12-04 10:50:27 - [TEST_STEP][PASSED] - Statement - PreSaveFile = new java.io.File(((pathPrefix + java.lang.Integer.toString(counter)) + .png)): null

2018-12-04 10:50:27 - [TEST_STEP][PASSED] - Statement - counter = counter + 1: null

2018-12-04 10:50:27 - [TEST_STEP][PASSED] - Statement - PreSaveFile = new java.io.File(((pathPrefix + java.lang.Integer.toString(counter)) + .png)): null

2018-12-04 10:50:27 - [TEST_STEP][PASSED] - Statement - counter = counter + 1: null

2018-12-04 10:50:27 - [TEST_STEP][PASSED] - Statement - PreSaveFile = new java.io.File(((pathPrefix + java.lang.Integer.toString(counter)) + .png)): null

2018-12-04 10:50:27 - [TEST_STEP][PASSED] - Statement - counter = counter + 1: null

2018-12-04 10:50:27 - [TEST_STEP][PASSED] - Statement - PreSaveFile = new java.io.File(((pathPrefix + java.lang.Integer.toString(counter)) + .png)): null

2018-12-04 10:50:27 - [TEST_STEP][PASSED] - Statement - counter = counter + 1: null

2018-12-04 10:50:30 - [TEST_STEP][PASSED] - Statement - PreSaveFile = new java.io.File(((pathPrefix + java.lang.Integer.toString(counter)) + .png)): null

2018-12-04 10:50:30 - [TEST_STEP][PASSED] - Statement - counter = counter + 1: null

2018-12-04 10:50:30 - [TEST_STEP][PASSED] - Statement - PreSaveFile = new java.io.File(((pathPrefix + java.lang.Integer.toString(counter)) + .png)): null

2018-12-04 10:50:30 - [TEST_STEP][PASSED] - Statement - counter = counter + 1: null

2018-12-04 10:50:30 - [TEST_STEP][PASSED] - Statement - PreSaveFile = new java.io.File(((pathPrefix + java.lang.Integer.toString(counter)) + .png)): null

2018-12-04 10:50:30 - [TEST_STEP][PASSED] - Statement - counter = counter + 1: null

2018-12-04 10:50:30 - [TEST_STEP][PASSED] - Statement - PreSaveFile = new java.io.File(((pathPrefix + java.lang.Integer.toString(counter)) + .png)): null

2018-12-04 10:50:30 - [TEST_STEP][PASSED] - Statement - counter = counter + 1: null

2018-12-04 10:50:30 - [TEST_STEP][PASSED] - Statement - PreSaveFile = new java.io.File(((pathPrefix + java.lang.Integer.toString(counter)) + .png)): null

2018-12-04 10:50:32 - [TEST_STEP][PASSED] - Statement - counter = counter + 1: null

2018-12-04 10:50:32 - [TEST_STEP][PASSED] - Statement - PreSaveFile = new java.io.File(((pathPrefix + java.lang.Integer.toString(counter)) + .png)): null

2018-12-04 10:50:32 - [TEST_STEP][PASSED] - Statement - counter = counter + 1: null

2018-12-04 10:50:32 - [TEST_STEP][PASSED] - Statement - PreSaveFile = new java.io.File(((pathPrefix + java.lang.Integer.toString(counter)) + .png)): null

2018-12-04 10:50:32 - [TEST_STEP][PASSED] - Statement - counter = counter + 1: null

2018-12-04 10:50:32 - [TEST_STEP][PASSED] - Statement - PreSaveFile = new java.io.File(((pathPrefix + java.lang.Integer.toString(counter)) + .png)): null

2018-12-04 10:50:32 - [TEST_STEP][PASSED] - Statement - counter = counter + 1: null

2018-12-04 10:50:32 - [TEST_STEP][PASSED] - Statement - PreSaveFile = new java.io.File(((pathPrefix + java.lang.Integer.toString(counter)) + .png)): null

2018-12-04 10:50:32 - [TEST_STEP][PASSED] - Statement - counter = counter + 1: null

2018-12-04 10:50:35 - [TEST_STEP][PASSED] - Statement - PreSaveFile = new java.io.File(((pathPrefix + java.lang.Integer.toString(counter)) + .png)): null

2018-12-04 10:50:35 - [TEST_STEP][PASSED] - Statement - counter = counter + 1: null

2018-12-04 10:50:35 - [TEST_STEP][PASSED] - Statement - PreSaveFile = new java.io.File(((pathPrefix + java.lang.Integer.toString(counter)) + .png)): null

2018-12-04 10:50:35 - [TEST_STEP][PASSED] - Statement - counter = counter + 1: null

2018-12-04 10:50:35 - [TEST_STEP][PASSED] - Statement - PreSaveFile = new java.io.File(((pathPrefix + java.lang.Integer.toString(counter)) + .png)): null

2018-12-04 10:50:35 - [TEST_STEP][PASSED] - Statement - finalPath = pathPrefix + java.lang.Integer.toString(counter) + ".png": null

2018-12-04 10:50:35 - [TEST_STEP][PASSED] - Statement - SaveFile = new java.io.File(finalPath): null

2018-12-04 10:50:35 - [TEST_STEP][PASSED] - Statement - Try: null

2018-12-04 10:50:35 - [TEST_STEP][PASSED] - Statement - org.apache.commons.io.FileUtils.copyFile(scrFile, SaveFile): null

2018-12-04 10:50:35 - [TEST_STEP][PASSED] - Statement - out.println("file kept"): null

2018-12-04 10:50:37 - [TEST_STEP][PASSED] - delay: Delayed 10 second(s)

2018-12-04 10:50:47 - [MESSAGE][PASSED] - Delayed 10 second(s)

2018-12-04 10:50:47 - [MESSAGE][PASSED] - Call Test Case 'Test Cases/Final Aug 2018 - PKS Automation/Registration Module/New Registration/Submit and Screenshot/Submit Registration and Screenshot' successfully]]></system-out>
         <system-err><![CDATA[]]></system-err>
      </testcase>
      <testcase name="Test Cases/Final Aug 2018 - PKS Automation/Registration Module/Workflow/New Registration/Case PKR BO to RO - RO Under Enforcement" classname="Test Cases/Final Aug 2018 - PKS Automation/Registration Module/Workflow/New Registration/Case PKR BO to RO - RO Under Enforcement" status="PASSED">
         <system-out><![CDATA[2018-12-04 10:50:47 - [TEST_CASE][PASSED] - Test Cases/Final Aug 2018 - PKS Automation/Registration Module/Workflow/New Registration/Case PKR BO to RO - RO Under Enforcement: Test Cases/Final Aug 2018 - PKS Automation/Registration Module/Workflow/New Registration/Case PKR BO to RO - RO Under Enforcement

2018-12-04 10:50:48 - [TEST_STEP][PASSED] - callTestCase: Call Test Case 'Test Cases/Final Aug 2018 - PKS Automation/Registration Module/Workflow/New Registration/Template/Special Case - PKR BO - Form 1' successfully

2018-12-04 10:50:48 - [TEST_CASE][PASSED] - Test Cases/Final Aug 2018 - PKS Automation/Registration Module/Workflow/New Registration/Template/Special Case - PKR BO - Form 1: Test Cases/Final Aug 2018 - PKS Automation/Registration Module/Workflow/New Registration/Template/Special Case - PKR BO - Form 1

2018-12-04 10:50:48 - [TEST_STEP][PASSED] - openBrowser: Browser is opened with url: ''

2018-12-04 10:50:48 - [MESSAGE][WARNING] - A browser is already opened. Closing browser and opening a new one

2018-12-04 10:50:51 - [MESSAGE][PASSED] - Browser is opened with url: ''

2018-12-04 10:50:51 - [TEST_STEP][PASSED] - navigateToUrl: Navigate to 'https://assist2-uat.perkeso.gov.my/login' successfully

2018-12-04 10:50:52 - [MESSAGE][PASSED] - Navigate to 'https://assist2-uat.perkeso.gov.my/login' successfully

2018-12-04 10:50:52 - [TEST_STEP][PASSED] - delay: Delayed 2 second(s)

2018-12-04 10:50:54 - [MESSAGE][PASSED] - Delayed 2 second(s)

2018-12-04 10:50:54 - [TEST_STEP][PASSED] - setText: Text 'klpkrbo2@gmail.com' is set on object 'Object Repository/Final Object Repo/Login Page/Internal User/Email Address'

2018-12-04 10:50:54 - [MESSAGE][PASSED] - Text 'klpkrbo2@gmail.com' is set on object 'Object Repository/Final Object Repo/Login Page/Internal User/Email Address'

2018-12-04 10:50:54 - [TEST_STEP][PASSED] - click: Object: 'Object Repository/Final Object Repo/Login Page/Internal User/Next Button' is clicked on

2018-12-04 10:50:55 - [MESSAGE][PASSED] - Object: 'Object Repository/Final Object Repo/Login Page/Internal User/Next Button' is clicked on

2018-12-04 10:50:55 - [TEST_STEP][PASSED] - delay: Delayed 2 second(s)

2018-12-04 10:50:57 - [MESSAGE][PASSED] - Delayed 2 second(s)

2018-12-04 10:50:57 - [TEST_STEP][PASSED] - setText: Text 'Test1@3456789' is set on object 'Object Repository/Final Object Repo/Login Page/Internal User/Password'

2018-12-04 10:50:57 - [MESSAGE][PASSED] - Text 'Test1@3456789' is set on object 'Object Repository/Final Object Repo/Login Page/Internal User/Password'

2018-12-04 10:50:57 - [TEST_STEP][PASSED] - delay: Delayed 2 second(s)

2018-12-04 10:50:59 - [MESSAGE][PASSED] - Delayed 2 second(s)

2018-12-04 10:50:59 - [TEST_STEP][PASSED] - click: Object: 'Object Repository/Final Object Repo/Login Page/Internal User/Login Button' is clicked on

2018-12-04 10:50:59 - [MESSAGE][PASSED] - Object: 'Object Repository/Final Object Repo/Login Page/Internal User/Login Button' is clicked on

2018-12-04 10:50:59 - [TEST_STEP][PASSED] - Statement - Try: null

2018-12-04 10:50:59 - [TEST_STEP][PASSED] - Statement - Checker = com.kms.katalon.core.webui.keyword.WebUiBuiltInKeywords.verifyElementNotPresent("Final Object Repo/Landing Page/Select to English", 3): null

2018-12-04 10:50:59 - [TEST_STEP][PASSED] - Statement - Catch (Exception e): null

2018-12-04 10:50:59 - [TEST_STEP][PASSED] - Statement - e.printStackTrace(): null

2018-12-04 10:50:59 - [TEST_STEP][PASSED] - delay: Delayed 5 second(s)

2018-12-04 10:51:04 - [MESSAGE][PASSED] - Delayed 5 second(s)

2018-12-04 10:51:04 - [TEST_STEP][PASSED] - click: Object: 'Object Repository/Final Object Repo/Landing Page/My Sites Drop Down' is clicked on

2018-12-04 10:51:04 - [MESSAGE][PASSED] - Object: 'Object Repository/Final Object Repo/Landing Page/My Sites Drop Down' is clicked on

2018-12-04 10:51:04 - [TEST_STEP][PASSED] - click: Object: 'Object Repository/Final Object Repo/Landing Page/Select to Registration Module' is clicked on

2018-12-04 10:51:05 - [MESSAGE][PASSED] - Object: 'Object Repository/Final Object Repo/Landing Page/Select to Registration Module' is clicked on

2018-12-04 10:51:05 - [TEST_STEP][PASSED] - click: Object: 'Object Repository/Final Object Repo/Landing Page/Registration Button' is clicked on

2018-12-04 10:51:07 - [MESSAGE][PASSED] - Object: 'Object Repository/Final Object Repo/Landing Page/Registration Button' is clicked on

2018-12-04 10:51:07 - [TEST_STEP][PASSED] - delay: Delayed 2 second(s)

2018-12-04 10:51:09 - [MESSAGE][PASSED] - Delayed 2 second(s)

2018-12-04 10:51:09 - [TEST_STEP][PASSED] - click: Object: 'Object Repository/Final Object Repo/New Registration - Registration Module Pages/New Reg - OTC to RO/Special Case - OTC - Form 1/AEC NO' is clicked on

2018-12-04 10:51:09 - [MESSAGE][PASSED] - Object: 'Object Repository/Final Object Repo/New Registration - Registration Module Pages/New Reg - OTC to RO/Special Case - OTC - Form 1/AEC NO' is clicked on

2018-12-04 10:51:09 - [TEST_STEP][PASSED] - click: Object: 'Object Repository/Final Object Repo/New Registration - Registration Module Pages/New Reg - OTC to RO/Special Case - OTC - Form 1/Business Entity - Please Select' is clicked on

2018-12-04 10:51:09 - [MESSAGE][PASSED] - Object: 'Object Repository/Final Object Repo/New Registration - Registration Module Pages/New Reg - OTC to RO/Special Case - OTC - Form 1/Business Entity - Please Select' is clicked on

2018-12-04 10:51:09 - [TEST_STEP][PASSED] - click: Object: 'Object Repository/Final Object Repo/New Registration - Registration Module Pages/New Reg - OTC to RO/Special Case - OTC - Form 1/Selected - Corporation' is clicked on

2018-12-04 10:51:09 - [MESSAGE][PASSED] - Object: 'Object Repository/Final Object Repo/New Registration - Registration Module Pages/New Reg - OTC to RO/Special Case - OTC - Form 1/Selected - Corporation' is clicked on

2018-12-04 10:51:09 - [TEST_STEP][PASSED] - delay: Delayed 2 second(s)

2018-12-04 10:51:11 - [MESSAGE][PASSED] - Delayed 2 second(s)

2018-12-04 10:51:11 - [TEST_STEP][PASSED] - click: Object: 'Object Repository/Final Object Repo/New Registration - Registration Module Pages/New Reg - OTC to RO/Special Case - OTC - Form 1/Sub Business Entity - Please Select' is clicked on

2018-12-04 10:51:11 - [MESSAGE][PASSED] - Object: 'Object Repository/Final Object Repo/New Registration - Registration Module Pages/New Reg - OTC to RO/Special Case - OTC - Form 1/Sub Business Entity - Please Select' is clicked on

2018-12-04 10:51:11 - [TEST_STEP][PASSED] - delay: Delayed 2 second(s)

2018-12-04 10:51:14 - [MESSAGE][PASSED] - Delayed 2 second(s)

2018-12-04 10:51:14 - [TEST_STEP][PASSED] - click: Object: 'Object Repository/Final Object Repo/New Registration - Registration Module Pages/New Reg - OTC to RO/Special Case - OTC - Form 1/Selected - Sendirian Berhad' is clicked on

2018-12-04 10:51:14 - [MESSAGE][PASSED] - Object: 'Object Repository/Final Object Repo/New Registration - Registration Module Pages/New Reg - OTC to RO/Special Case - OTC - Form 1/Selected - Sendirian Berhad' is clicked on

2018-12-04 10:51:14 - [TEST_STEP][PASSED] - setText: Text 'AUTOMATE001' is set on object 'Object Repository/Final Object Repo/New Registration - Registration Module Pages/New Reg - OTC to RO/Special Case - OTC - Form 1/Input BRN Number'

2018-12-04 10:51:14 - [MESSAGE][PASSED] - Text 'AUTOMATE001' is set on object 'Object Repository/Final Object Repo/New Registration - Registration Module Pages/New Reg - OTC to RO/Special Case - OTC - Form 1/Input BRN Number'

2018-12-04 10:51:14 - [TEST_STEP][PASSED] - delay: Delayed 2 second(s)

2018-12-04 10:51:16 - [MESSAGE][PASSED] - Delayed 2 second(s)

2018-12-04 10:51:16 - [TEST_STEP][PASSED] - click: Object: 'Object Repository/Final Object Repo/New Registration - Registration Module Pages/New Reg - OTC to RO/Special Case - OTC - Form 1/BRN Search' is clicked on

2018-12-04 10:51:17 - [MESSAGE][PASSED] - Object: 'Object Repository/Final Object Repo/New Registration - Registration Module Pages/New Reg - OTC to RO/Special Case - OTC - Form 1/BRN Search' is clicked on

2018-12-04 10:51:17 - [TEST_STEP][PASSED] - delay: Delayed 4 second(s)

2018-12-04 10:51:21 - [MESSAGE][PASSED] - Delayed 4 second(s)

2018-12-04 10:51:21 - [TEST_STEP][PASSED] - click: Object: 'Object Repository/Final Object Repo/New Registration - Registration Module Pages/New Reg - OTC to RO/Special Case - OTC - Form 1/Registered with SSM - After Feb 2017' is clicked on

2018-12-04 10:51:21 - [MESSAGE][PASSED] - Object: 'Object Repository/Final Object Repo/New Registration - Registration Module Pages/New Reg - OTC to RO/Special Case - OTC - Form 1/Registered with SSM - After Feb 2017' is clicked on

2018-12-04 10:51:21 - [TEST_STEP][PASSED] - delay: Delayed 2 second(s)

2018-12-04 10:51:23 - [MESSAGE][PASSED] - Delayed 2 second(s)

2018-12-04 10:51:23 - [TEST_STEP][PASSED] - click: Object: 'Object Repository/Final Object Repo/New Registration - Registration Module Pages/New Reg - OTC to RO/Special Case - OTC - Form 1/Registering As A Branch - No' is clicked on

2018-12-04 10:51:23 - [MESSAGE][PASSED] - Object: 'Object Repository/Final Object Repo/New Registration - Registration Module Pages/New Reg - OTC to RO/Special Case - OTC - Form 1/Registering As A Branch - No' is clicked on

2018-12-04 10:51:23 - [TEST_STEP][PASSED] - click: Object: 'Object Repository/Final Object Repo/New Registration - Registration Module Pages/New Reg - OTC to RO/Special Case - OTC - Form 1/Acknowledgement Ticked' is clicked on

2018-12-04 10:51:23 - [MESSAGE][PASSED] - Object: 'Object Repository/Final Object Repo/New Registration - Registration Module Pages/New Reg - OTC to RO/Special Case - OTC - Form 1/Acknowledgement Ticked' is clicked on

2018-12-04 10:51:23 - [TEST_STEP][PASSED] - click: Object: 'Object Repository/Final Object Repo/New Registration - Registration Module Pages/New Reg - OTC to RO/Special Case - OTC - Form 1/Submit Button' is clicked on

2018-12-04 10:51:23 - [MESSAGE][PASSED] - Object: 'Object Repository/Final Object Repo/New Registration - Registration Module Pages/New Reg - OTC to RO/Special Case - OTC - Form 1/Submit Button' is clicked on

2018-12-04 10:51:23 - [TEST_STEP][PASSED] - delay: Delayed 2 second(s)

2018-12-04 10:51:25 - [MESSAGE][PASSED] - Delayed 2 second(s)

2018-12-04 10:51:25 - [TEST_STEP][PASSED] - click: Object: 'Object Repository/Final Object Repo/New Registration - Registration Module Pages/New Reg - OTC to RO/Special Case - OTC - Form 1/Confirm No Flagging as Branch' is clicked on

2018-12-04 10:51:25 - [MESSAGE][PASSED] - Object: 'Object Repository/Final Object Repo/New Registration - Registration Module Pages/New Reg - OTC to RO/Special Case - OTC - Form 1/Confirm No Flagging as Branch' is clicked on

2018-12-04 10:51:25 - [MESSAGE][PASSED] - Call Test Case 'Test Cases/Final Aug 2018 - PKS Automation/Registration Module/Workflow/New Registration/Template/Special Case - PKR BO - Form 1' successfully

2018-12-04 10:51:25 - [TEST_STEP][PASSED] - callTestCase: Call Test Case 'Test Cases/Final Aug 2018 - PKS Automation/Registration Module/New Registration/Form 2/Add 1 Eligible' successfully

2018-12-04 10:51:25 - [TEST_CASE][PASSED] - Test Cases/Final Aug 2018 - PKS Automation/Registration Module/New Registration/Form 2/Add 1 Eligible: Test Cases/Final Aug 2018 - PKS Automation/Registration Module/New Registration/Form 2/Add 1 Eligible

2018-12-04 10:51:25 - [TEST_STEP][PASSED] - delay: Delayed 2 second(s)

2018-12-04 10:51:27 - [MESSAGE][PASSED] - Delayed 2 second(s)

2018-12-04 10:51:27 - [TEST_STEP][PASSED] - callTestCase: Call Test Case 'Test Cases/Final Aug 2018 - PKS Automation/Registration Module/New Registration/Form 2/Date Updater' successfully

2018-12-04 10:51:28 - [TEST_CASE][PASSED] - Test Cases/Final Aug 2018 - PKS Automation/Registration Module/New Registration/Form 2/Date Updater: Test Cases/Final Aug 2018 - PKS Automation/Registration Module/New Registration/Form 2/Date Updater

2018-12-04 10:51:28 - [TEST_STEP][PASSED] - Statement - TodayDate = new java.util.Date(): null

2018-12-04 10:51:28 - [TEST_STEP][PASSED] - Statement - CurrentDateNoFilter = new java.text.SimpleDateFormat(): null

2018-12-04 10:51:28 - [TEST_STEP][PASSED] - Statement - CurrentDateNoFilter.applyPattern("MM"): null

2018-12-04 10:51:28 - [TEST_STEP][PASSED] - Statement - monthContainerMatcher = java.lang.Integer.parseInt(CurrentDateNoFilter.format(TodayDate)): null

2018-12-04 10:51:28 - [TEST_STEP][PASSED] - Statement - monthContainerMatcher = monthContainerMatcher - 1: null

2018-12-04 10:51:28 - [TEST_STEP][PASSED] - Statement - CurrentMonth = monthContainerMatcher.toString(): null

2018-12-04 10:51:28 - [TEST_STEP][PASSED] - Statement - CurrentMonth = CurrentMonth: null

2018-12-04 10:51:28 - [TEST_STEP][PASSED] - Statement - CurrentDateNoFilter.applyPattern("yyyy"): null

2018-12-04 10:51:28 - [TEST_STEP][PASSED] - Statement - CurrentYear = CurrentDateNoFilter.format(TodayDate): null

2018-12-04 10:51:28 - [TEST_STEP][PASSED] - Statement - CurrentYear = CurrentYear: null

2018-12-04 10:51:28 - [TEST_STEP][PASSED] - Statement - intCurrentYear = java.lang.Integer.parseInt(CurrentDateNoFilter.format(TodayDate)): null

2018-12-04 10:51:28 - [TEST_STEP][PASSED] - Statement - eighteenYrsAgo = intCurrentYear - 18: null

2018-12-04 10:51:28 - [TEST_STEP][PASSED] - Statement - eighteenYrsBeforeThisYr = eighteenYrsAgo.toString(): null

2018-12-04 10:51:28 - [TEST_STEP][PASSED] - Statement - EighteenYrsBefore = eighteenYrsBeforeThisYr: null

2018-12-04 10:51:28 - [TEST_STEP][PASSED] - Statement - fiftysevenYrsAgo = intCurrentYear - 57: null

2018-12-04 10:51:28 - [TEST_STEP][PASSED] - Statement - fiftysevenYrsBeforeThisYr = fiftysevenYrsAgo.toString(): null

2018-12-04 10:51:28 - [TEST_STEP][PASSED] - Statement - FiftysevenYrsBefore = fiftysevenYrsBeforeThisYr: null

2018-12-04 10:51:28 - [TEST_STEP][PASSED] - Statement - leapYear = false: null

2018-12-04 10:51:28 - [TEST_STEP][PASSED] - Statement - leapYear = intCurrentYear % 4 == 0: null

2018-12-04 10:51:28 - [TEST_STEP][PASSED] - Statement - CurrentDateNoFilter.applyPattern("dd"): null

2018-12-04 10:51:28 - [TEST_STEP][PASSED] - Statement - CurrentDate = CurrentDateNoFilter.format(TodayDate): null

2018-12-04 10:51:28 - [TEST_STEP][PASSED] - Statement - CurrentDate = java.lang.Integer.parseInt(CurrentDate): null

2018-12-04 10:51:28 - [TEST_STEP][PASSED] - Statement - CurrentDate = CurrentDate: null

2018-12-04 10:51:28 - [TEST_STEP][PASSED] - Statement - CurrentDay = java.lang.Integer.parseInt(CurrentDate): null

2018-12-04 10:51:28 - [TEST_STEP][PASSED] - Statement - ConfAdder = <not implemented yet for class: org.codehaus.groovy.ast.expr.EmptyExpression>: null

2018-12-04 10:51:28 - [TEST_STEP][PASSED] - Statement - switch (CurrentDate): null

2018-12-04 10:51:28 - [TEST_STEP][PASSED] - Statement - Default: null

2018-12-04 10:51:28 - [TEST_STEP][PASSED] - Statement - ConfAdder = false: null

2018-12-04 10:51:28 - [TEST_STEP][PASSED] - Statement - Break: null

2018-12-04 10:51:28 - [TEST_STEP][PASSED] - Statement - aDayBefore = <not implemented yet for class: org.codehaus.groovy.ast.expr.EmptyExpression>: null

2018-12-04 10:51:28 - [TEST_STEP][PASSED] - Statement - If (ConfAdder == true): null

2018-12-04 10:51:28 - [TEST_STEP][PASSED] - Statement - Else: null

2018-12-04 10:51:28 - [TEST_STEP][PASSED] - Statement - aDayBefore = 1: null

2018-12-04 10:51:28 - [TEST_STEP][PASSED] - Statement - If (aDayBefore == 1 && CurrentMonth == 11): null

2018-12-04 10:51:28 - [TEST_STEP][PASSED] - Statement - DayBefore = aDayBefore.toString(): null

2018-12-04 10:51:28 - [TEST_STEP][PASSED] - Statement - OneDayBefore = DayBefore: null

2018-12-04 10:51:29 - [MESSAGE][PASSED] - Call Test Case 'Test Cases/Final Aug 2018 - PKS Automation/Registration Module/New Registration/Form 2/Date Updater' successfully

2018-12-04 10:51:29 - [TEST_STEP][PASSED] - delay: Delayed 1 second(s)

2018-12-04 10:51:30 - [MESSAGE][PASSED] - Delayed 1 second(s)

2018-12-04 10:51:30 - [TEST_STEP][PASSED] - Statement - CaseReferenceNo = com.kms.katalon.core.webui.keyword.WebUiBuiltInKeywords.getText(com.kms.katalon.core.testobject.ObjectRepository.findTestObject(Final Object Repo/New Registration - Registration Module Pages/Form 2/RefNo Acquiring)): Text of object 'Object Repository/Final Object Repo/New Registration - Registration Module Pages/Form 2/RefNo Acquiring' is: 'CRN12201800122969'

2018-12-04 10:51:30 - [MESSAGE][PASSED] - Text of object 'Object Repository/Final Object Repo/New Registration - Registration Module Pages/Form 2/RefNo Acquiring' is: 'CRN12201800122969'

2018-12-04 10:51:30 - [TEST_STEP][PASSED] - delay: Delayed 1 second(s)

2018-12-04 10:51:31 - [MESSAGE][PASSED] - Delayed 1 second(s)

2018-12-04 10:51:31 - [TEST_STEP][PASSED] - click: Object: 'Object Repository/Final Object Repo/New Registration - Registration Module Pages/Form 2/Add Employee Button' is clicked on

2018-12-04 10:51:31 - [MESSAGE][PASSED] - Object: 'Object Repository/Final Object Repo/New Registration - Registration Module Pages/Form 2/Add Employee Button' is clicked on

2018-12-04 10:51:31 - [TEST_STEP][PASSED] - delay: Delayed 1 second(s)

2018-12-04 10:51:32 - [MESSAGE][PASSED] - Delayed 1 second(s)

2018-12-04 10:51:32 - [TEST_STEP][PASSED] - setText: Text '010903091963' is set on object 'Object Repository/Final Object Repo/New Registration - Registration Module Pages/Form 2/NRIC Input'

2018-12-04 10:51:33 - [MESSAGE][PASSED] - Text '010903091963' is set on object 'Object Repository/Final Object Repo/New Registration - Registration Module Pages/Form 2/NRIC Input'

2018-12-04 10:51:33 - [TEST_STEP][PASSED] - click: Object: 'Object Repository/Final Object Repo/New Registration - Registration Module Pages/Form 2/button for search for IC' is clicked on

2018-12-04 10:51:33 - [MESSAGE][PASSED] - Object: 'Object Repository/Final Object Repo/New Registration - Registration Module Pages/Form 2/button for search for IC' is clicked on

2018-12-04 10:51:33 - [TEST_STEP][PASSED] - delay: Delayed 2 second(s)

2018-12-04 10:51:35 - [MESSAGE][PASSED] - Delayed 2 second(s)

2018-12-04 10:51:35 - [TEST_STEP][PASSED] - setText: Text 'Automate001 eligible 1' is set on object 'Object Repository/Final Object Repo/New Registration - Registration Module Pages/Form 2/Employee Name Input'

2018-12-04 10:51:35 - [MESSAGE][PASSED] - Text 'Automate001 eligible 1' is set on object 'Object Repository/Final Object Repo/New Registration - Registration Module Pages/Form 2/Employee Name Input'

2018-12-04 10:51:35 - [TEST_STEP][PASSED] - delay: Delayed 2 second(s)

2018-12-04 10:51:37 - [MESSAGE][PASSED] - Delayed 2 second(s)

2018-12-04 10:51:37 - [TEST_STEP][PASSED] - click: Object: 'Object Repository/Final Object Repo/New Registration - Registration Module Pages/Form 2/DatePicker Pop Up' is clicked on

2018-12-04 10:51:38 - [MESSAGE][PASSED] - Object: 'Object Repository/Final Object Repo/New Registration - Registration Module Pages/Form 2/DatePicker Pop Up' is clicked on

2018-12-04 10:51:38 - [TEST_STEP][PASSED] - click: Object: 'Object Repository/Final Object Repo/New Registration - Registration Module Pages/Form 2/DOB Month' is clicked on

2018-12-04 10:51:38 - [MESSAGE][PASSED] - Object: 'Object Repository/Final Object Repo/New Registration - Registration Module Pages/Form 2/DOB Month' is clicked on

2018-12-04 10:51:38 - [TEST_STEP][PASSED] - Statement - CurrentMonth = CurrentMonth: null

2018-12-04 10:51:38 - [TEST_STEP][PASSED] - Statement - selectMonth = new com.kms.katalon.core.testobject.TestObject(): null

2018-12-04 10:51:38 - [TEST_STEP][PASSED] - Statement - selectMonth.addProperty("xpath", EQUALS, "//body/div/div/div/select/option[@value='" + CurrentMonth + "']", true): null

2018-12-04 10:51:38 - [TEST_STEP][PASSED] - click: Object: '' is clicked on

2018-12-04 10:51:38 - [MESSAGE][PASSED] - Object: '' is clicked on

2018-12-04 10:51:38 - [TEST_STEP][PASSED] - click: Object: 'Object Repository/Final Object Repo/New Registration - Registration Module Pages/Form 2/DOB Year' is clicked on

2018-12-04 10:51:38 - [MESSAGE][PASSED] - Object: 'Object Repository/Final Object Repo/New Registration - Registration Module Pages/Form 2/DOB Year' is clicked on

2018-12-04 10:51:38 - [TEST_STEP][PASSED] - Statement - Eyearsbf = EighteenYrsBefore: null

2018-12-04 10:51:38 - [TEST_STEP][PASSED] - Statement - selectYear = new com.kms.katalon.core.testobject.TestObject(): null

2018-12-04 10:51:38 - [TEST_STEP][PASSED] - Statement - selectYear.addProperty("xpath", EQUALS, "//div/div/div/select/option[@value='" + Eyearsbf + "']", true): null

2018-12-04 10:51:38 - [TEST_STEP][PASSED] - click: Object: '' is clicked on

2018-12-04 10:51:38 - [MESSAGE][PASSED] - Object: '' is clicked on

2018-12-04 10:51:38 - [TEST_STEP][PASSED] - Statement - UpdatedSelectDate = com.kms.katalon.core.webui.keyword.WebUiBuiltInKeywords.modifyObjectProperty(com.kms.katalon.core.testobject.ObjectRepository.findTestObject(Final Object Repo/New Registration - Registration Module Pages/Form 2/DOB Date), "xpath", "equals", "//body/div/table/tbody/tr/td/a[text()="" + CurrentDate + ""]", true): Modify property of object successfully

2018-12-04 10:51:38 - [MESSAGE][PASSED] - Modify property of object successfully

2018-12-04 10:51:38 - [TEST_STEP][PASSED] - delay: Delayed 3 second(s)

2018-12-04 10:51:41 - [MESSAGE][PASSED] - Delayed 3 second(s)

2018-12-04 10:51:41 - [TEST_STEP][PASSED] - click: Object: 'Object Repository/Final Object Repo/New Registration - Registration Module Pages/Form 2/DOB Date' is clicked on

2018-12-04 10:51:42 - [MESSAGE][PASSED] - Object: 'Object Repository/Final Object Repo/New Registration - Registration Module Pages/Form 2/DOB Date' is clicked on

2018-12-04 10:51:42 - [TEST_STEP][PASSED] - delay: Delayed 2 second(s)

2018-12-04 10:51:44 - [MESSAGE][PASSED] - Delayed 2 second(s)

2018-12-04 10:51:44 - [TEST_STEP][PASSED] - click: Object: 'Object Repository/Final Object Repo/New Registration - Registration Module Pages/Form 2/EmploymentStartDate Pop Up' is clicked on

2018-12-04 10:51:44 - [MESSAGE][PASSED] - Object: 'Object Repository/Final Object Repo/New Registration - Registration Module Pages/Form 2/EmploymentStartDate Pop Up' is clicked on

2018-12-04 10:51:44 - [TEST_STEP][PASSED] - delay: Delayed 2 second(s)

2018-12-04 10:51:46 - [MESSAGE][PASSED] - Delayed 2 second(s)

2018-12-04 10:51:46 - [TEST_STEP][PASSED] - click: Object: 'Object Repository/Final Object Repo/New Registration - Registration Module Pages/Form 2/Socso Employment StartDate Month' is clicked on

2018-12-04 10:51:46 - [MESSAGE][PASSED] - Object: 'Object Repository/Final Object Repo/New Registration - Registration Module Pages/Form 2/Socso Employment StartDate Month' is clicked on

2018-12-04 10:51:46 - [TEST_STEP][PASSED] - delay: Delayed 1 second(s)

2018-12-04 10:51:47 - [MESSAGE][PASSED] - Delayed 1 second(s)

2018-12-04 10:51:47 - [TEST_STEP][PASSED] - click: Object: 'Object Repository/Final Object Repo/New Registration - Registration Module Pages/Form 2/Select Socso Employement Startdate Month' is clicked on

2018-12-04 10:51:47 - [MESSAGE][PASSED] - Object: 'Object Repository/Final Object Repo/New Registration - Registration Module Pages/Form 2/Select Socso Employement Startdate Month' is clicked on

2018-12-04 10:51:47 - [TEST_STEP][PASSED] - delay: Delayed 2 second(s)

2018-12-04 10:51:49 - [MESSAGE][PASSED] - Delayed 2 second(s)

2018-12-04 10:51:49 - [TEST_STEP][PASSED] - click: Object: 'Object Repository/Final Object Repo/New Registration - Registration Module Pages/Form 2/Socso Employment StartDate Year' is clicked on

2018-12-04 10:51:49 - [MESSAGE][PASSED] - Object: 'Object Repository/Final Object Repo/New Registration - Registration Module Pages/Form 2/Socso Employment StartDate Year' is clicked on

2018-12-04 10:51:49 - [TEST_STEP][PASSED] - delay: Delayed 1 second(s)

2018-12-04 10:51:50 - [MESSAGE][PASSED] - Delayed 1 second(s)

2018-12-04 10:51:50 - [TEST_STEP][PASSED] - click: Object: 'Object Repository/Final Object Repo/New Registration - Registration Module Pages/Form 2/Select Socso Employment Startdate Year' is clicked on

2018-12-04 10:51:51 - [MESSAGE][PASSED] - Object: 'Object Repository/Final Object Repo/New Registration - Registration Module Pages/Form 2/Select Socso Employment Startdate Year' is clicked on

2018-12-04 10:51:51 - [TEST_STEP][PASSED] - delay: Delayed 2 second(s)

2018-12-04 10:51:53 - [MESSAGE][PASSED] - Delayed 2 second(s)

2018-12-04 10:51:53 - [TEST_STEP][PASSED] - click: Object: 'Object Repository/Final Object Repo/New Registration - Registration Module Pages/Form 2/Socso Employment Start Date Day' is clicked on

2018-12-04 10:51:53 - [MESSAGE][PASSED] - Object: 'Object Repository/Final Object Repo/New Registration - Registration Module Pages/Form 2/Socso Employment Start Date Day' is clicked on

2018-12-04 10:51:53 - [TEST_STEP][PASSED] - delay: Delayed 2 second(s)

2018-12-04 10:51:55 - [MESSAGE][PASSED] - Delayed 2 second(s)

2018-12-04 10:51:55 - [TEST_STEP][PASSED] - click: Object: 'Object Repository/Final Object Repo/New Registration - Registration Module Pages/Form 2/Save Button for Add Employee' is clicked on

2018-12-04 10:51:55 - [MESSAGE][PASSED] - Object: 'Object Repository/Final Object Repo/New Registration - Registration Module Pages/Form 2/Save Button for Add Employee' is clicked on

2018-12-04 10:51:55 - [TEST_STEP][PASSED] - delay: Delayed 6 second(s)

2018-12-04 10:52:01 - [MESSAGE][PASSED] - Delayed 6 second(s)

2018-12-04 10:52:01 - [TEST_STEP][PASSED] - click: Object: 'Object Repository/Final Object Repo/New Registration - Registration Module Pages/Form 2/Save and Continue Form 2' is clicked on

2018-12-04 10:52:01 - [MESSAGE][PASSED] - Object: 'Object Repository/Final Object Repo/New Registration - Registration Module Pages/Form 2/Save and Continue Form 2' is clicked on

2018-12-04 10:52:01 - [MESSAGE][PASSED] - Call Test Case 'Test Cases/Final Aug 2018 - PKS Automation/Registration Module/New Registration/Form 2/Add 1 Eligible' successfully

2018-12-04 10:52:01 - [TEST_STEP][PASSED] - callTestCase: Call Test Case 'Test Cases/Final Aug 2018 - PKS Automation/Registration Module/New Registration/Flow of New Registration/Third Screen - Upload Supporting Doc - Preview' successfully

2018-12-04 10:52:01 - [TEST_CASE][PASSED] - Test Cases/Final Aug 2018 - PKS Automation/Registration Module/New Registration/Flow of New Registration/Third Screen - Upload Supporting Doc - Preview: Test Cases/Final Aug 2018 - PKS Automation/Registration Module/New Registration/Flow of New Registration/Third Screen - Upload Supporting Doc - Preview

2018-12-04 10:52:01 - [TEST_STEP][PASSED] - waitForPageLoad: Wait for page load successfully

2018-12-04 10:52:02 - [MESSAGE][PASSED] - Wait for page load successfully

2018-12-04 10:52:02 - [TEST_STEP][PASSED] - Statement - CaseReferenceNo = com.kms.katalon.core.webui.keyword.WebUiBuiltInKeywords.getText(com.kms.katalon.core.testobject.ObjectRepository.findTestObject(Final Object Repo/New Registration - Registration Module Pages/Third Screen - Upload Supporting Doc- Preview/RefNo Acquiring)): Text of object 'Object Repository/Final Object Repo/New Registration - Registration Module Pages/Third Screen - Upload Supporting Doc- Preview/RefNo Acquiring' is: 'CRN12201800122969'

2018-12-04 10:52:02 - [MESSAGE][PASSED] - Text of object 'Object Repository/Final Object Repo/New Registration - Registration Module Pages/Third Screen - Upload Supporting Doc- Preview/RefNo Acquiring' is: 'CRN12201800122969'

2018-12-04 10:52:02 - [TEST_STEP][PASSED] - delay: Delayed 2 second(s)

2018-12-04 10:52:04 - [MESSAGE][PASSED] - Delayed 2 second(s)

2018-12-04 10:52:04 - [TEST_STEP][PASSED] - callTestCase: Call Test Case 'Test Cases/Final Aug 2018 - PKS Automation/Common/Reference Number Setter' successfully

2018-12-04 10:52:04 - [TEST_CASE][PASSED] - Test Cases/Final Aug 2018 - PKS Automation/Common/Reference Number Setter: Test Cases/Final Aug 2018 - PKS Automation/Common/Reference Number Setter

2018-12-04 10:52:04 - [TEST_STEP][PASSED] - Statement - RefNoOldFile = new java.io.File(C://Users//Admin//Desktop//PKS//Automation Reference Point//KatalonReference.txt): null

2018-12-04 10:52:04 - [TEST_STEP][PASSED] - Statement - RefNoOldFile.delete(): null

2018-12-04 10:52:04 - [TEST_STEP][PASSED] - delay: Delayed 5 second(s)

2018-12-04 10:52:09 - [MESSAGE][PASSED] - Delayed 5 second(s)

2018-12-04 10:52:09 - [TEST_STEP][PASSED] - Statement - RefNo = new java.io.File(C://Users//Admin//Desktop//PKS//Automation Reference Point//KatalonReference.txt): null

2018-12-04 10:52:09 - [TEST_STEP][PASSED] - Statement - f2 = new java.io.FileWriter(RefNo, false): null

2018-12-04 10:52:09 - [TEST_STEP][PASSED] - Statement - f2.write(CaseReferenceNo): null

2018-12-04 10:52:09 - [TEST_STEP][PASSED] - Statement - f2.close(): null

2018-12-04 10:52:09 - [TEST_STEP][PASSED] - Statement - out.println("


" + CaseReferenceNo + "


"): null

2018-12-04 10:52:09 - [MESSAGE][PASSED] - Call Test Case 'Test Cases/Final Aug 2018 - PKS Automation/Common/Reference Number Setter' successfully

2018-12-04 10:52:09 - [TEST_STEP][PASSED] - waitForElementClickable: Object 'Object Repository/Final Object Repo/New Registration - Registration Module Pages/Third Screen - Upload Supporting Doc- Preview/Save n Continue in SIP Employee Listing Page' is clickable

2018-12-04 10:52:09 - [MESSAGE][PASSED] - Object 'Object Repository/Final Object Repo/New Registration - Registration Module Pages/Third Screen - Upload Supporting Doc- Preview/Save n Continue in SIP Employee Listing Page' is clickable

2018-12-04 10:52:09 - [TEST_STEP][PASSED] - click: Object: 'Object Repository/Final Object Repo/New Registration - Registration Module Pages/Third Screen - Upload Supporting Doc- Preview/Save n Continue in SIP Employee Listing Page' is clicked on

2018-12-04 10:52:25 - [MESSAGE][PASSED] - Object: 'Object Repository/Final Object Repo/New Registration - Registration Module Pages/Third Screen - Upload Supporting Doc- Preview/Save n Continue in SIP Employee Listing Page' is clicked on

2018-12-04 10:52:25 - [TEST_STEP][PASSED] - delay: Delayed 7 second(s)

2018-12-04 10:52:32 - [MESSAGE][PASSED] - Delayed 7 second(s)

2018-12-04 10:52:32 - [TEST_STEP][PASSED] - click: Object: 'Object Repository/Final Object Repo/New Registration - Registration Module Pages/Third Screen - Upload Supporting Doc- Preview/Add Document Button' is clicked on

2018-12-04 10:52:32 - [MESSAGE][PASSED] - Object: 'Object Repository/Final Object Repo/New Registration - Registration Module Pages/Third Screen - Upload Supporting Doc- Preview/Add Document Button' is clicked on

2018-12-04 10:52:32 - [TEST_STEP][PASSED] - delay: Delayed 30 second(s)

2018-12-04 10:53:02 - [MESSAGE][PASSED] - Delayed 30 second(s)

2018-12-04 10:53:02 - [TEST_STEP][PASSED] - click: Object: 'Object Repository/Final Object Repo/New Registration - Registration Module Pages/Third Screen - Upload Supporting Doc- Preview/Supporting Doc Please Select Drop Down' is clicked on

2018-12-04 10:53:02 - [MESSAGE][PASSED] - Object: 'Object Repository/Final Object Repo/New Registration - Registration Module Pages/Third Screen - Upload Supporting Doc- Preview/Supporting Doc Please Select Drop Down' is clicked on

2018-12-04 10:53:02 - [TEST_STEP][PASSED] - delay: Delayed 2 second(s)

2018-12-04 10:53:04 - [MESSAGE][PASSED] - Delayed 2 second(s)

2018-12-04 10:53:04 - [TEST_STEP][PASSED] - click: Object: 'Object Repository/Final Object Repo/New Registration - Registration Module Pages/Third Screen - Upload Supporting Doc- Preview/Select to Upload Form 1' is clicked on

2018-12-04 10:53:04 - [MESSAGE][PASSED] - Object: 'Object Repository/Final Object Repo/New Registration - Registration Module Pages/Third Screen - Upload Supporting Doc- Preview/Select to Upload Form 1' is clicked on

2018-12-04 10:53:04 - [TEST_STEP][PASSED] - delay: Delayed 2 second(s)

2018-12-04 10:53:06 - [MESSAGE][PASSED] - Delayed 2 second(s)

2018-12-04 10:53:06 - [TEST_STEP][PASSED] - uploadFile: File 'C:\Users\Public\Pictures\Sample Pictures\Koala.jpg' sent to object: 'Object Repository/Final Object Repo/New Registration - Registration Module Pages/Third Screen - Upload Supporting Doc- Preview/Upload File Adding'

2018-12-04 10:53:06 - [MESSAGE][PASSED] - File 'C:\Users\Public\Pictures\Sample Pictures\Koala.jpg' sent to object: 'Object Repository/Final Object Repo/New Registration - Registration Module Pages/Third Screen - Upload Supporting Doc- Preview/Upload File Adding'

2018-12-04 10:53:06 - [TEST_STEP][PASSED] - delay: Delayed 5 second(s)

2018-12-04 10:53:11 - [MESSAGE][PASSED] - Delayed 5 second(s)

2018-12-04 10:53:11 - [TEST_STEP][PASSED] - click: Object: 'Object Repository/Final Object Repo/New Registration - Registration Module Pages/Third Screen - Upload Supporting Doc- Preview/Inner Form Add Document Button' is clicked on

2018-12-04 10:53:11 - [MESSAGE][PASSED] - Object: 'Object Repository/Final Object Repo/New Registration - Registration Module Pages/Third Screen - Upload Supporting Doc- Preview/Inner Form Add Document Button' is clicked on

2018-12-04 10:53:11 - [TEST_STEP][PASSED] - delay: Delayed 3 second(s)

2018-12-04 10:53:14 - [MESSAGE][PASSED] - Delayed 3 second(s)

2018-12-04 10:53:14 - [TEST_STEP][PASSED] - click: Object: 'Object Repository/Final Object Repo/New Registration - Registration Module Pages/Third Screen - Upload Supporting Doc- Preview/Add Document Button' is clicked on

2018-12-04 10:53:16 - [MESSAGE][PASSED] - Object: 'Object Repository/Final Object Repo/New Registration - Registration Module Pages/Third Screen - Upload Supporting Doc- Preview/Add Document Button' is clicked on

2018-12-04 10:53:16 - [TEST_STEP][PASSED] - delay: Delayed 30 second(s)

2018-12-04 10:53:46 - [MESSAGE][PASSED] - Delayed 30 second(s)

2018-12-04 10:53:46 - [TEST_STEP][PASSED] - click: Object: 'Object Repository/Final Object Repo/New Registration - Registration Module Pages/Third Screen - Upload Supporting Doc- Preview/Supporting Doc Please Select Drop Down' is clicked on

2018-12-04 10:53:46 - [MESSAGE][PASSED] - Object: 'Object Repository/Final Object Repo/New Registration - Registration Module Pages/Third Screen - Upload Supporting Doc- Preview/Supporting Doc Please Select Drop Down' is clicked on

2018-12-04 10:53:46 - [TEST_STEP][PASSED] - delay: Delayed 2 second(s)

2018-12-04 10:53:48 - [MESSAGE][PASSED] - Delayed 2 second(s)

2018-12-04 10:53:48 - [TEST_STEP][PASSED] - click: Object: 'Object Repository/Final Object Repo/New Registration - Registration Module Pages/Third Screen - Upload Supporting Doc- Preview/Select to Upload Form 2' is clicked on

2018-12-04 10:53:48 - [MESSAGE][PASSED] - Object: 'Object Repository/Final Object Repo/New Registration - Registration Module Pages/Third Screen - Upload Supporting Doc- Preview/Select to Upload Form 2' is clicked on

2018-12-04 10:53:48 - [TEST_STEP][PASSED] - delay: Delayed 2 second(s)

2018-12-04 10:53:50 - [MESSAGE][PASSED] - Delayed 2 second(s)

2018-12-04 10:53:50 - [TEST_STEP][PASSED] - uploadFile: File 'C:\Users\Public\Pictures\Sample Pictures\Koala.jpg' sent to object: 'Object Repository/Final Object Repo/New Registration - Registration Module Pages/Third Screen - Upload Supporting Doc- Preview/Upload File Adding'

2018-12-04 10:53:50 - [MESSAGE][PASSED] - File 'C:\Users\Public\Pictures\Sample Pictures\Koala.jpg' sent to object: 'Object Repository/Final Object Repo/New Registration - Registration Module Pages/Third Screen - Upload Supporting Doc- Preview/Upload File Adding'

2018-12-04 10:53:50 - [TEST_STEP][PASSED] - click: Object: 'Object Repository/Final Object Repo/New Registration - Registration Module Pages/Third Screen - Upload Supporting Doc- Preview/Inner Form Add Document Button' is clicked on

2018-12-04 10:53:51 - [MESSAGE][PASSED] - Object: 'Object Repository/Final Object Repo/New Registration - Registration Module Pages/Third Screen - Upload Supporting Doc- Preview/Inner Form Add Document Button' is clicked on

2018-12-04 10:53:51 - [TEST_STEP][PASSED] - delay: Delayed 5 second(s)

2018-12-04 10:53:56 - [MESSAGE][PASSED] - Delayed 5 second(s)

2018-12-04 10:53:56 - [TEST_STEP][PASSED] - click: Object: 'Object Repository/Final Object Repo/New Registration - Registration Module Pages/Third Screen - Upload Supporting Doc- Preview/Add Document Button' is clicked on

2018-12-04 10:53:56 - [MESSAGE][PASSED] - Object: 'Object Repository/Final Object Repo/New Registration - Registration Module Pages/Third Screen - Upload Supporting Doc- Preview/Add Document Button' is clicked on

2018-12-04 10:53:56 - [TEST_STEP][PASSED] - delay: Delayed 30 second(s)

2018-12-04 10:54:26 - [MESSAGE][PASSED] - Delayed 30 second(s)

2018-12-04 10:54:26 - [TEST_STEP][PASSED] - click: Object: 'Object Repository/Final Object Repo/New Registration - Registration Module Pages/Third Screen - Upload Supporting Doc- Preview/Supporting Doc Please Select Drop Down' is clicked on

2018-12-04 10:54:26 - [MESSAGE][PASSED] - Object: 'Object Repository/Final Object Repo/New Registration - Registration Module Pages/Third Screen - Upload Supporting Doc- Preview/Supporting Doc Please Select Drop Down' is clicked on

2018-12-04 10:54:26 - [TEST_STEP][PASSED] - click: Object: 'Object Repository/Final Object Repo/New Registration - Registration Module Pages/Third Screen - Upload Supporting Doc- Preview/Select to Upload Borang SIP 1' is clicked on

2018-12-04 10:54:26 - [MESSAGE][PASSED] - Object: 'Object Repository/Final Object Repo/New Registration - Registration Module Pages/Third Screen - Upload Supporting Doc- Preview/Select to Upload Borang SIP 1' is clicked on

2018-12-04 10:54:26 - [TEST_STEP][PASSED] - delay: Delayed 2 second(s)

2018-12-04 10:54:28 - [MESSAGE][PASSED] - Delayed 2 second(s)

2018-12-04 10:54:28 - [TEST_STEP][PASSED] - uploadFile: File 'C:\Users\Public\Pictures\Sample Pictures\Koala.jpg' sent to object: 'Object Repository/Final Object Repo/New Registration - Registration Module Pages/Third Screen - Upload Supporting Doc- Preview/Upload File Adding'

2018-12-04 10:54:28 - [MESSAGE][PASSED] - File 'C:\Users\Public\Pictures\Sample Pictures\Koala.jpg' sent to object: 'Object Repository/Final Object Repo/New Registration - Registration Module Pages/Third Screen - Upload Supporting Doc- Preview/Upload File Adding'

2018-12-04 10:54:28 - [TEST_STEP][PASSED] - click: Object: 'Object Repository/Final Object Repo/New Registration - Registration Module Pages/Third Screen - Upload Supporting Doc- Preview/Inner Form Add Document Button' is clicked on

2018-12-04 10:54:29 - [MESSAGE][PASSED] - Object: 'Object Repository/Final Object Repo/New Registration - Registration Module Pages/Third Screen - Upload Supporting Doc- Preview/Inner Form Add Document Button' is clicked on

2018-12-04 10:54:29 - [TEST_STEP][PASSED] - delay: Delayed 5 second(s)

2018-12-04 10:54:34 - [MESSAGE][PASSED] - Delayed 5 second(s)

2018-12-04 10:54:34 - [TEST_STEP][PASSED] - click: Object: 'Object Repository/Final Object Repo/New Registration - Registration Module Pages/Third Screen - Upload Supporting Doc- Preview/Add Document Button' is clicked on

2018-12-04 10:54:34 - [MESSAGE][PASSED] - Object: 'Object Repository/Final Object Repo/New Registration - Registration Module Pages/Third Screen - Upload Supporting Doc- Preview/Add Document Button' is clicked on

2018-12-04 10:54:34 - [TEST_STEP][PASSED] - delay: Delayed 30 second(s)

2018-12-04 10:55:04 - [MESSAGE][PASSED] - Delayed 30 second(s)

2018-12-04 10:55:04 - [TEST_STEP][PASSED] - click: Object: 'Object Repository/Final Object Repo/New Registration - Registration Module Pages/Third Screen - Upload Supporting Doc- Preview/Supporting Doc Please Select Drop Down' is clicked on

2018-12-04 10:55:04 - [MESSAGE][PASSED] - Object: 'Object Repository/Final Object Repo/New Registration - Registration Module Pages/Third Screen - Upload Supporting Doc- Preview/Supporting Doc Please Select Drop Down' is clicked on

2018-12-04 10:55:04 - [TEST_STEP][PASSED] - delay: Delayed 3 second(s)

2018-12-04 10:55:07 - [MESSAGE][PASSED] - Delayed 3 second(s)

2018-12-04 10:55:07 - [TEST_STEP][PASSED] - click: Object: 'Object Repository/Final Object Repo/New Registration - Registration Module Pages/Third Screen - Upload Supporting Doc- Preview/Select to Upload Borang SIP 2' is clicked on

2018-12-04 10:55:07 - [MESSAGE][PASSED] - Object: 'Object Repository/Final Object Repo/New Registration - Registration Module Pages/Third Screen - Upload Supporting Doc- Preview/Select to Upload Borang SIP 2' is clicked on

2018-12-04 10:55:07 - [TEST_STEP][PASSED] - delay: Delayed 2 second(s)

2018-12-04 10:55:09 - [MESSAGE][PASSED] - Delayed 2 second(s)

2018-12-04 10:55:09 - [TEST_STEP][PASSED] - uploadFile: File 'C:\Users\Public\Pictures\Sample Pictures\Koala.jpg' sent to object: 'Object Repository/Final Object Repo/New Registration - Registration Module Pages/Third Screen - Upload Supporting Doc- Preview/Upload File Adding'

2018-12-04 10:55:09 - [MESSAGE][PASSED] - File 'C:\Users\Public\Pictures\Sample Pictures\Koala.jpg' sent to object: 'Object Repository/Final Object Repo/New Registration - Registration Module Pages/Third Screen - Upload Supporting Doc- Preview/Upload File Adding'

2018-12-04 10:55:09 - [TEST_STEP][PASSED] - delay: Delayed 5 second(s)

2018-12-04 10:55:14 - [MESSAGE][PASSED] - Delayed 5 second(s)

2018-12-04 10:55:14 - [TEST_STEP][PASSED] - click: Object: 'Object Repository/Final Object Repo/New Registration - Registration Module Pages/Third Screen - Upload Supporting Doc- Preview/Inner Form Add Document Button' is clicked on

2018-12-04 10:55:14 - [MESSAGE][PASSED] - Object: 'Object Repository/Final Object Repo/New Registration - Registration Module Pages/Third Screen - Upload Supporting Doc- Preview/Inner Form Add Document Button' is clicked on

2018-12-04 10:55:14 - [TEST_STEP][PASSED] - delay: Delayed 3 second(s)

2018-12-04 10:55:17 - [MESSAGE][PASSED] - Delayed 3 second(s)

2018-12-04 10:55:17 - [TEST_STEP][PASSED] - waitForElementClickable: Object 'Object Repository/Final Object Repo/New Registration - Registration Module Pages/Third Screen - Upload Supporting Doc- Preview/Save n Continue in Uploading Supporting Doc Page' is clickable

2018-12-04 10:55:18 - [MESSAGE][PASSED] - Object 'Object Repository/Final Object Repo/New Registration - Registration Module Pages/Third Screen - Upload Supporting Doc- Preview/Save n Continue in Uploading Supporting Doc Page' is clickable

2018-12-04 10:55:18 - [TEST_STEP][PASSED] - click: Object: 'Object Repository/Final Object Repo/New Registration - Registration Module Pages/Third Screen - Upload Supporting Doc- Preview/Save n Continue in Uploading Supporting Doc Page' is clicked on

2018-12-04 10:55:18 - [MESSAGE][PASSED] - Object: 'Object Repository/Final Object Repo/New Registration - Registration Module Pages/Third Screen - Upload Supporting Doc- Preview/Save n Continue in Uploading Supporting Doc Page' is clicked on

2018-12-04 10:55:18 - [MESSAGE][PASSED] - Call Test Case 'Test Cases/Final Aug 2018 - PKS Automation/Registration Module/New Registration/Flow of New Registration/Third Screen - Upload Supporting Doc - Preview' successfully

2018-12-04 10:55:18 - [TEST_STEP][PASSED] - callTestCase: Call Test Case 'Test Cases/Final Aug 2018 - PKS Automation/Registration Module/New Registration/Submit and Screenshot/Submit Registration and Screenshot' successfully

2018-12-04 10:55:18 - [TEST_CASE][PASSED] - Test Cases/Final Aug 2018 - PKS Automation/Registration Module/New Registration/Submit and Screenshot/Submit Registration and Screenshot: Test Cases/Final Aug 2018 - PKS Automation/Registration Module/New Registration/Submit and Screenshot/Submit Registration and Screenshot

2018-12-04 10:55:18 - [TEST_STEP][PASSED] - delay: Delayed 6 second(s)

2018-12-04 10:55:24 - [MESSAGE][PASSED] - Delayed 6 second(s)

2018-12-04 10:55:24 - [TEST_STEP][PASSED] - click: Object: 'Object Repository/Final Object Repo/New Registration - Registration Module Pages/Third Screen - Upload Supporting Doc- Preview/Preview Submit Button' is clicked on

2018-12-04 10:55:25 - [MESSAGE][PASSED] - Object: 'Object Repository/Final Object Repo/New Registration - Registration Module Pages/Third Screen - Upload Supporting Doc- Preview/Preview Submit Button' is clicked on

2018-12-04 10:55:25 - [TEST_STEP][PASSED] - delay: Delayed 2 second(s)

2018-12-04 10:55:27 - [MESSAGE][PASSED] - Delayed 2 second(s)

2018-12-04 10:55:27 - [TEST_STEP][PASSED] - click: Object: 'Object Repository/Final Object Repo/New Registration - Registration Module Pages/Third Screen - Upload Supporting Doc- Preview/Preview Submit - Confirm' is clicked on

2018-12-04 10:55:27 - [MESSAGE][PASSED] - Object: 'Object Repository/Final Object Repo/New Registration - Registration Module Pages/Third Screen - Upload Supporting Doc- Preview/Preview Submit - Confirm' is clicked on

2018-12-04 10:55:27 - [TEST_STEP][PASSED] - delay: Delayed 15 second(s)

2018-12-04 10:55:42 - [MESSAGE][PASSED] - Delayed 15 second(s)

2018-12-04 10:55:42 - [TEST_STEP][PASSED] - Statement - driver = com.kms.katalon.core.webui.driver.DriverFactory.getWebDriver(): null

2018-12-04 10:55:42 - [TEST_STEP][PASSED] - Statement - driver.manage().timeouts().implicitlyWait(10, SECONDS): null

2018-12-04 10:55:42 - [TEST_STEP][PASSED] - Statement - PresavePath = KatalonScreenshots: null

2018-12-04 10:55:42 - [TEST_STEP][PASSED] - Statement - pathPrefix = "C:\Users\Public\Pictures\Sample Pictures\Katalon Screenshots\Automate Ending Screen": null

2018-12-04 10:55:42 - [TEST_STEP][PASSED] - Statement - finalPath = <not implemented yet for class: org.codehaus.groovy.ast.expr.EmptyExpression>: null

2018-12-04 10:55:42 - [TEST_STEP][PASSED] - Statement - scrFile = driver.getScreenshotAs(FILE): null

2018-12-04 10:55:42 - [TEST_STEP][PASSED] - Statement - PreSaveFile = new java.io.File(PresavePath): null

2018-12-04 10:55:42 - [TEST_STEP][PASSED] - Statement - counter = 0: null

2018-12-04 10:55:42 - [TEST_STEP][PASSED] - Statement - If (PreSaveFile.exists()): null

2018-12-04 10:55:42 - [TEST_STEP][PASSED] - Statement - While (PreSaveFile.exists()): null

2018-12-04 10:55:42 - [TEST_STEP][PASSED] - Statement - counter = counter + 1: null

2018-12-04 10:55:42 - [TEST_STEP][PASSED] - Statement - PreSaveFile = new java.io.File(((pathPrefix + java.lang.Integer.toString(counter)) + .png)): null

2018-12-04 10:55:42 - [TEST_STEP][PASSED] - Statement - counter = counter + 1: null

2018-12-04 10:55:42 - [TEST_STEP][PASSED] - Statement - PreSaveFile = new java.io.File(((pathPrefix + java.lang.Integer.toString(counter)) + .png)): null

2018-12-04 10:55:42 - [TEST_STEP][PASSED] - Statement - counter = counter + 1: null

2018-12-04 10:55:42 - [TEST_STEP][PASSED] - Statement - PreSaveFile = new java.io.File(((pathPrefix + java.lang.Integer.toString(counter)) + .png)): null

2018-12-04 10:55:42 - [TEST_STEP][PASSED] - Statement - counter = counter + 1: null

2018-12-04 10:55:42 - [TEST_STEP][PASSED] - Statement - PreSaveFile = new java.io.File(((pathPrefix + java.lang.Integer.toString(counter)) + .png)): null

2018-12-04 10:55:42 - [TEST_STEP][PASSED] - Statement - counter = counter + 1: null

2018-12-04 10:55:42 - [TEST_STEP][PASSED] - Statement - PreSaveFile = new java.io.File(((pathPrefix + java.lang.Integer.toString(counter)) + .png)): null

2018-12-04 10:55:42 - [TEST_STEP][PASSED] - Statement - counter = counter + 1: null

2018-12-04 10:55:42 - [TEST_STEP][PASSED] - Statement - PreSaveFile = new java.io.File(((pathPrefix + java.lang.Integer.toString(counter)) + .png)): null

2018-12-04 10:55:42 - [TEST_STEP][PASSED] - Statement - counter = counter + 1: null

2018-12-04 10:55:42 - [TEST_STEP][PASSED] - Statement - PreSaveFile = new java.io.File(((pathPrefix + java.lang.Integer.toString(counter)) + .png)): null

2018-12-04 10:55:42 - [TEST_STEP][PASSED] - Statement - counter = counter + 1: null

2018-12-04 10:55:42 - [TEST_STEP][PASSED] - Statement - PreSaveFile = new java.io.File(((pathPrefix + java.lang.Integer.toString(counter)) + .png)): null

2018-12-04 10:55:42 - [TEST_STEP][PASSED] - Statement - counter = counter + 1: null

2018-12-04 10:55:42 - [TEST_STEP][PASSED] - Statement - PreSaveFile = new java.io.File(((pathPrefix + java.lang.Integer.toString(counter)) + .png)): null

2018-12-04 10:55:42 - [TEST_STEP][PASSED] - Statement - counter = counter + 1: null

2018-12-04 10:55:42 - [TEST_STEP][PASSED] - Statement - PreSaveFile = new java.io.File(((pathPrefix + java.lang.Integer.toString(counter)) + .png)): null

2018-12-04 10:55:42 - [TEST_STEP][PASSED] - Statement - counter = counter + 1: null

2018-12-04 10:55:42 - [TEST_STEP][PASSED] - Statement - PreSaveFile = new java.io.File(((pathPrefix + java.lang.Integer.toString(counter)) + .png)): null

2018-12-04 10:55:42 - [TEST_STEP][PASSED] - Statement - counter = counter + 1: null

2018-12-04 10:55:42 - [TEST_STEP][PASSED] - Statement - PreSaveFile = new java.io.File(((pathPrefix + java.lang.Integer.toString(counter)) + .png)): null

2018-12-04 10:55:42 - [TEST_STEP][PASSED] - Statement - counter = counter + 1: null

2018-12-04 10:55:42 - [TEST_STEP][PASSED] - Statement - PreSaveFile = new java.io.File(((pathPrefix + java.lang.Integer.toString(counter)) + .png)): null

2018-12-04 10:55:42 - [TEST_STEP][PASSED] - Statement - counter = counter + 1: null

2018-12-04 10:55:42 - [TEST_STEP][PASSED] - Statement - PreSaveFile = new java.io.File(((pathPrefix + java.lang.Integer.toString(counter)) + .png)): null

2018-12-04 10:55:43 - [TEST_STEP][PASSED] - Statement - counter = counter + 1: null

2018-12-04 10:55:43 - [TEST_STEP][PASSED] - Statement - PreSaveFile = new java.io.File(((pathPrefix + java.lang.Integer.toString(counter)) + .png)): null

2018-12-04 10:55:43 - [TEST_STEP][PASSED] - Statement - counter = counter + 1: null

2018-12-04 10:55:43 - [TEST_STEP][PASSED] - Statement - PreSaveFile = new java.io.File(((pathPrefix + java.lang.Integer.toString(counter)) + .png)): null

2018-12-04 10:55:43 - [TEST_STEP][PASSED] - Statement - counter = counter + 1: null

2018-12-04 10:55:45 - [TEST_STEP][PASSED] - Statement - PreSaveFile = new java.io.File(((pathPrefix + java.lang.Integer.toString(counter)) + .png)): null

2018-12-04 10:55:45 - [TEST_STEP][PASSED] - Statement - counter = counter + 1: null

2018-12-04 10:55:45 - [TEST_STEP][PASSED] - Statement - PreSaveFile = new java.io.File(((pathPrefix + java.lang.Integer.toString(counter)) + .png)): null

2018-12-04 10:55:45 - [TEST_STEP][PASSED] - Statement - counter = counter + 1: null

2018-12-04 10:55:45 - [TEST_STEP][PASSED] - Statement - PreSaveFile = new java.io.File(((pathPrefix + java.lang.Integer.toString(counter)) + .png)): null

2018-12-04 10:55:45 - [TEST_STEP][PASSED] - Statement - counter = counter + 1: null

2018-12-04 10:55:45 - [TEST_STEP][PASSED] - Statement - PreSaveFile = new java.io.File(((pathPrefix + java.lang.Integer.toString(counter)) + .png)): null

2018-12-04 10:55:45 - [TEST_STEP][PASSED] - Statement - counter = counter + 1: null

2018-12-04 10:55:45 - [TEST_STEP][PASSED] - Statement - PreSaveFile = new java.io.File(((pathPrefix + java.lang.Integer.toString(counter)) + .png)): null

2018-12-04 10:55:45 - [TEST_STEP][PASSED] - Statement - counter = counter + 1: null

2018-12-04 10:55:45 - [TEST_STEP][PASSED] - Statement - PreSaveFile = new java.io.File(((pathPrefix + java.lang.Integer.toString(counter)) + .png)): null

2018-12-04 10:55:45 - [TEST_STEP][PASSED] - Statement - counter = counter + 1: null

2018-12-04 10:55:45 - [TEST_STEP][PASSED] - Statement - PreSaveFile = new java.io.File(((pathPrefix + java.lang.Integer.toString(counter)) + .png)): null

2018-12-04 10:55:45 - [TEST_STEP][PASSED] - Statement - counter = counter + 1: null

2018-12-04 10:55:45 - [TEST_STEP][PASSED] - Statement - PreSaveFile = new java.io.File(((pathPrefix + java.lang.Integer.toString(counter)) + .png)): null

2018-12-04 10:55:45 - [TEST_STEP][PASSED] - Statement - counter = counter + 1: null

2018-12-04 10:55:45 - [TEST_STEP][PASSED] - Statement - PreSaveFile = new java.io.File(((pathPrefix + java.lang.Integer.toString(counter)) + .png)): null

2018-12-04 10:55:45 - [TEST_STEP][PASSED] - Statement - counter = counter + 1: null

2018-12-04 10:55:45 - [TEST_STEP][PASSED] - Statement - PreSaveFile = new java.io.File(((pathPrefix + java.lang.Integer.toString(counter)) + .png)): null

2018-12-04 10:55:46 - [TEST_STEP][PASSED] - Statement - counter = counter + 1: null

2018-12-04 10:55:46 - [TEST_STEP][PASSED] - Statement - PreSaveFile = new java.io.File(((pathPrefix + java.lang.Integer.toString(counter)) + .png)): null

2018-12-04 10:55:46 - [TEST_STEP][PASSED] - Statement - counter = counter + 1: null

2018-12-04 10:55:46 - [TEST_STEP][PASSED] - Statement - PreSaveFile = new java.io.File(((pathPrefix + java.lang.Integer.toString(counter)) + .png)): null

2018-12-04 10:55:46 - [TEST_STEP][PASSED] - Statement - counter = counter + 1: null

2018-12-04 10:55:46 - [TEST_STEP][PASSED] - Statement - PreSaveFile = new java.io.File(((pathPrefix + java.lang.Integer.toString(counter)) + .png)): null

2018-12-04 10:55:46 - [TEST_STEP][PASSED] - Statement - counter = counter + 1: null

2018-12-04 10:55:46 - [TEST_STEP][PASSED] - Statement - PreSaveFile = new java.io.File(((pathPrefix + java.lang.Integer.toString(counter)) + .png)): null

2018-12-04 10:55:46 - [TEST_STEP][PASSED] - Statement - counter = counter + 1: null

2018-12-04 10:55:47 - [TEST_STEP][PASSED] - Statement - PreSaveFile = new java.io.File(((pathPrefix + java.lang.Integer.toString(counter)) + .png)): null

2018-12-04 10:55:47 - [TEST_STEP][PASSED] - Statement - counter = counter + 1: null

2018-12-04 10:55:47 - [TEST_STEP][PASSED] - Statement - PreSaveFile = new java.io.File(((pathPrefix + java.lang.Integer.toString(counter)) + .png)): null

2018-12-04 10:55:47 - [TEST_STEP][PASSED] - Statement - counter = counter + 1: null

2018-12-04 10:55:47 - [TEST_STEP][PASSED] - Statement - PreSaveFile = new java.io.File(((pathPrefix + java.lang.Integer.toString(counter)) + .png)): null

2018-12-04 10:55:47 - [TEST_STEP][PASSED] - Statement - counter = counter + 1: null

2018-12-04 10:55:47 - [TEST_STEP][PASSED] - Statement - PreSaveFile = new java.io.File(((pathPrefix + java.lang.Integer.toString(counter)) + .png)): null

2018-12-04 10:55:47 - [TEST_STEP][PASSED] - Statement - counter = counter + 1: null

2018-12-04 10:55:47 - [TEST_STEP][PASSED] - Statement - PreSaveFile = new java.io.File(((pathPrefix + java.lang.Integer.toString(counter)) + .png)): null

2018-12-04 10:55:47 - [TEST_STEP][PASSED] - Statement - counter = counter + 1: null

2018-12-04 10:55:48 - [TEST_STEP][PASSED] - Statement - PreSaveFile = new java.io.File(((pathPrefix + java.lang.Integer.toString(counter)) + .png)): null

2018-12-04 10:55:48 - [TEST_STEP][PASSED] - Statement - counter = counter + 1: null

2018-12-04 10:55:48 - [TEST_STEP][PASSED] - Statement - PreSaveFile = new java.io.File(((pathPrefix + java.lang.Integer.toString(counter)) + .png)): null

2018-12-04 10:55:48 - [TEST_STEP][PASSED] - Statement - counter = counter + 1: null

2018-12-04 10:55:48 - [TEST_STEP][PASSED] - Statement - PreSaveFile = new java.io.File(((pathPrefix + java.lang.Integer.toString(counter)) + .png)): null

2018-12-04 10:55:48 - [TEST_STEP][PASSED] - Statement - counter = counter + 1: null

2018-12-04 10:55:48 - [TEST_STEP][PASSED] - Statement - PreSaveFile = new java.io.File(((pathPrefix + java.lang.Integer.toString(counter)) + .png)): null

2018-12-04 10:55:48 - [TEST_STEP][PASSED] - Statement - counter = counter + 1: null

2018-12-04 10:55:48 - [TEST_STEP][PASSED] - Statement - PreSaveFile = new java.io.File(((pathPrefix + java.lang.Integer.toString(counter)) + .png)): null

2018-12-04 10:55:48 - [TEST_STEP][PASSED] - Statement - counter = counter + 1: null

2018-12-04 10:55:50 - [TEST_STEP][PASSED] - Statement - PreSaveFile = new java.io.File(((pathPrefix + java.lang.Integer.toString(counter)) + .png)): null

2018-12-04 10:55:50 - [TEST_STEP][PASSED] - Statement - counter = counter + 1: null

2018-12-04 10:55:50 - [TEST_STEP][PASSED] - Statement - PreSaveFile = new java.io.File(((pathPrefix + java.lang.Integer.toString(counter)) + .png)): null

2018-12-04 10:55:50 - [TEST_STEP][PASSED] - Statement - counter = counter + 1: null

2018-12-04 10:55:50 - [TEST_STEP][PASSED] - Statement - PreSaveFile = new java.io.File(((pathPrefix + java.lang.Integer.toString(counter)) + .png)): null

2018-12-04 10:55:50 - [TEST_STEP][PASSED] - Statement - counter = counter + 1: null

2018-12-04 10:55:50 - [TEST_STEP][PASSED] - Statement - PreSaveFile = new java.io.File(((pathPrefix + java.lang.Integer.toString(counter)) + .png)): null

2018-12-04 10:55:50 - [TEST_STEP][PASSED] - Statement - counter = counter + 1: null

2018-12-04 10:55:50 - [TEST_STEP][PASSED] - Statement - PreSaveFile = new java.io.File(((pathPrefix + java.lang.Integer.toString(counter)) + .png)): null

2018-12-04 10:55:51 - [TEST_STEP][PASSED] - Statement - counter = counter + 1: null

2018-12-04 10:55:51 - [TEST_STEP][PASSED] - Statement - PreSaveFile = new java.io.File(((pathPrefix + java.lang.Integer.toString(counter)) + .png)): null

2018-12-04 10:55:51 - [TEST_STEP][PASSED] - Statement - counter = counter + 1: null

2018-12-04 10:55:51 - [TEST_STEP][PASSED] - Statement - PreSaveFile = new java.io.File(((pathPrefix + java.lang.Integer.toString(counter)) + .png)): null

2018-12-04 10:55:51 - [TEST_STEP][PASSED] - Statement - counter = counter + 1: null

2018-12-04 10:55:51 - [TEST_STEP][PASSED] - Statement - PreSaveFile = new java.io.File(((pathPrefix + java.lang.Integer.toString(counter)) + .png)): null

2018-12-04 10:55:51 - [TEST_STEP][PASSED] - Statement - counter = counter + 1: null

2018-12-04 10:55:51 - [TEST_STEP][PASSED] - Statement - PreSaveFile = new java.io.File(((pathPrefix + java.lang.Integer.toString(counter)) + .png)): null

2018-12-04 10:55:51 - [TEST_STEP][PASSED] - Statement - counter = counter + 1: null

2018-12-04 10:55:53 - [TEST_STEP][PASSED] - Statement - PreSaveFile = new java.io.File(((pathPrefix + java.lang.Integer.toString(counter)) + .png)): null

2018-12-04 10:55:53 - [TEST_STEP][PASSED] - Statement - counter = counter + 1: null

2018-12-04 10:55:53 - [TEST_STEP][PASSED] - Statement - PreSaveFile = new java.io.File(((pathPrefix + java.lang.Integer.toString(counter)) + .png)): null

2018-12-04 10:55:53 - [TEST_STEP][PASSED] - Statement - counter = counter + 1: null

2018-12-04 10:55:53 - [TEST_STEP][PASSED] - Statement - PreSaveFile = new java.io.File(((pathPrefix + java.lang.Integer.toString(counter)) + .png)): null

2018-12-04 10:55:53 - [TEST_STEP][PASSED] - Statement - counter = counter + 1: null

2018-12-04 10:55:53 - [TEST_STEP][PASSED] - Statement - PreSaveFile = new java.io.File(((pathPrefix + java.lang.Integer.toString(counter)) + .png)): null

2018-12-04 10:55:53 - [TEST_STEP][PASSED] - Statement - counter = counter + 1: null

2018-12-04 10:55:53 - [TEST_STEP][PASSED] - Statement - PreSaveFile = new java.io.File(((pathPrefix + java.lang.Integer.toString(counter)) + .png)): null

2018-12-04 10:55:53 - [TEST_STEP][PASSED] - Statement - counter = counter + 1: null

2018-12-04 10:55:54 - [TEST_STEP][PASSED] - Statement - PreSaveFile = new java.io.File(((pathPrefix + java.lang.Integer.toString(counter)) + .png)): null

2018-12-04 10:55:54 - [TEST_STEP][PASSED] - Statement - counter = counter + 1: null

2018-12-04 10:55:54 - [TEST_STEP][PASSED] - Statement - PreSaveFile = new java.io.File(((pathPrefix + java.lang.Integer.toString(counter)) + .png)): null

2018-12-04 10:55:54 - [TEST_STEP][PASSED] - Statement - counter = counter + 1: null

2018-12-04 10:55:54 - [TEST_STEP][PASSED] - Statement - PreSaveFile = new java.io.File(((pathPrefix + java.lang.Integer.toString(counter)) + .png)): null

2018-12-04 10:55:54 - [TEST_STEP][PASSED] - Statement - counter = counter + 1: null

2018-12-04 10:55:54 - [TEST_STEP][PASSED] - Statement - PreSaveFile = new java.io.File(((pathPrefix + java.lang.Integer.toString(counter)) + .png)): null

2018-12-04 10:55:54 - [TEST_STEP][PASSED] - Statement - counter = counter + 1: null

2018-12-04 10:55:54 - [TEST_STEP][PASSED] - Statement - PreSaveFile = new java.io.File(((pathPrefix + java.lang.Integer.toString(counter)) + .png)): null

2018-12-04 10:55:54 - [TEST_STEP][PASSED] - Statement - counter = counter + 1: null

2018-12-04 10:55:56 - [TEST_STEP][PASSED] - Statement - PreSaveFile = new java.io.File(((pathPrefix + java.lang.Integer.toString(counter)) + .png)): null

2018-12-04 10:55:56 - [TEST_STEP][PASSED] - Statement - counter = counter + 1: null

2018-12-04 10:55:56 - [TEST_STEP][PASSED] - Statement - PreSaveFile = new java.io.File(((pathPrefix + java.lang.Integer.toString(counter)) + .png)): null

2018-12-04 10:55:56 - [TEST_STEP][PASSED] - Statement - counter = counter + 1: null

2018-12-04 10:55:56 - [TEST_STEP][PASSED] - Statement - PreSaveFile = new java.io.File(((pathPrefix + java.lang.Integer.toString(counter)) + .png)): null

2018-12-04 10:55:56 - [TEST_STEP][PASSED] - Statement - counter = counter + 1: null

2018-12-04 10:55:56 - [TEST_STEP][PASSED] - Statement - PreSaveFile = new java.io.File(((pathPrefix + java.lang.Integer.toString(counter)) + .png)): null

2018-12-04 10:55:56 - [TEST_STEP][PASSED] - Statement - counter = counter + 1: null

2018-12-04 10:55:56 - [TEST_STEP][PASSED] - Statement - PreSaveFile = new java.io.File(((pathPrefix + java.lang.Integer.toString(counter)) + .png)): null

2018-12-04 10:55:56 - [TEST_STEP][PASSED] - Statement - counter = counter + 1: null

2018-12-04 10:55:57 - [TEST_STEP][PASSED] - Statement - PreSaveFile = new java.io.File(((pathPrefix + java.lang.Integer.toString(counter)) + .png)): null

2018-12-04 10:55:57 - [TEST_STEP][PASSED] - Statement - counter = counter + 1: null

2018-12-04 10:55:57 - [TEST_STEP][PASSED] - Statement - PreSaveFile = new java.io.File(((pathPrefix + java.lang.Integer.toString(counter)) + .png)): null

2018-12-04 10:55:57 - [TEST_STEP][PASSED] - Statement - counter = counter + 1: null

2018-12-04 10:55:57 - [TEST_STEP][PASSED] - Statement - PreSaveFile = new java.io.File(((pathPrefix + java.lang.Integer.toString(counter)) + .png)): null

2018-12-04 10:55:57 - [TEST_STEP][PASSED] - Statement - counter = counter + 1: null

2018-12-04 10:55:57 - [TEST_STEP][PASSED] - Statement - PreSaveFile = new java.io.File(((pathPrefix + java.lang.Integer.toString(counter)) + .png)): null

2018-12-04 10:55:57 - [TEST_STEP][PASSED] - Statement - counter = counter + 1: null

2018-12-04 10:55:57 - [TEST_STEP][PASSED] - Statement - PreSaveFile = new java.io.File(((pathPrefix + java.lang.Integer.toString(counter)) + .png)): null

2018-12-04 10:55:58 - [TEST_STEP][PASSED] - Statement - counter = counter + 1: null

2018-12-04 10:55:58 - [TEST_STEP][PASSED] - Statement - PreSaveFile = new java.io.File(((pathPrefix + java.lang.Integer.toString(counter)) + .png)): null

2018-12-04 10:55:58 - [TEST_STEP][PASSED] - Statement - counter = counter + 1: null

2018-12-04 10:55:58 - [TEST_STEP][PASSED] - Statement - PreSaveFile = new java.io.File(((pathPrefix + java.lang.Integer.toString(counter)) + .png)): null

2018-12-04 10:55:58 - [TEST_STEP][PASSED] - Statement - counter = counter + 1: null

2018-12-04 10:55:58 - [TEST_STEP][PASSED] - Statement - PreSaveFile = new java.io.File(((pathPrefix + java.lang.Integer.toString(counter)) + .png)): null

2018-12-04 10:55:58 - [TEST_STEP][PASSED] - Statement - counter = counter + 1: null

2018-12-04 10:55:58 - [TEST_STEP][PASSED] - Statement - PreSaveFile = new java.io.File(((pathPrefix + java.lang.Integer.toString(counter)) + .png)): null

2018-12-04 10:55:58 - [TEST_STEP][PASSED] - Statement - counter = counter + 1: null

2018-12-04 10:55:59 - [TEST_STEP][PASSED] - Statement - PreSaveFile = new java.io.File(((pathPrefix + java.lang.Integer.toString(counter)) + .png)): null

2018-12-04 10:55:59 - [TEST_STEP][PASSED] - Statement - counter = counter + 1: null

2018-12-04 10:55:59 - [TEST_STEP][PASSED] - Statement - PreSaveFile = new java.io.File(((pathPrefix + java.lang.Integer.toString(counter)) + .png)): null

2018-12-04 10:55:59 - [TEST_STEP][PASSED] - Statement - counter = counter + 1: null

2018-12-04 10:55:59 - [TEST_STEP][PASSED] - Statement - PreSaveFile = new java.io.File(((pathPrefix + java.lang.Integer.toString(counter)) + .png)): null

2018-12-04 10:55:59 - [TEST_STEP][PASSED] - Statement - counter = counter + 1: null

2018-12-04 10:55:59 - [TEST_STEP][PASSED] - Statement - PreSaveFile = new java.io.File(((pathPrefix + java.lang.Integer.toString(counter)) + .png)): null

2018-12-04 10:55:59 - [TEST_STEP][PASSED] - Statement - counter = counter + 1: null

2018-12-04 10:55:59 - [TEST_STEP][PASSED] - Statement - PreSaveFile = new java.io.File(((pathPrefix + java.lang.Integer.toString(counter)) + .png)): null

2018-12-04 10:55:59 - [TEST_STEP][PASSED] - Statement - counter = counter + 1: null

2018-12-04 10:56:00 - [TEST_STEP][PASSED] - Statement - PreSaveFile = new java.io.File(((pathPrefix + java.lang.Integer.toString(counter)) + .png)): null

2018-12-04 10:56:00 - [TEST_STEP][PASSED] - Statement - counter = counter + 1: null

2018-12-04 10:56:00 - [TEST_STEP][PASSED] - Statement - PreSaveFile = new java.io.File(((pathPrefix + java.lang.Integer.toString(counter)) + .png)): null

2018-12-04 10:56:00 - [TEST_STEP][PASSED] - Statement - counter = counter + 1: null

2018-12-04 10:56:00 - [TEST_STEP][PASSED] - Statement - PreSaveFile = new java.io.File(((pathPrefix + java.lang.Integer.toString(counter)) + .png)): null

2018-12-04 10:56:00 - [TEST_STEP][PASSED] - Statement - counter = counter + 1: null

2018-12-04 10:56:00 - [TEST_STEP][PASSED] - Statement - PreSaveFile = new java.io.File(((pathPrefix + java.lang.Integer.toString(counter)) + .png)): null

2018-12-04 10:56:00 - [TEST_STEP][PASSED] - Statement - counter = counter + 1: null

2018-12-04 10:56:00 - [TEST_STEP][PASSED] - Statement - PreSaveFile = new java.io.File(((pathPrefix + java.lang.Integer.toString(counter)) + .png)): null

2018-12-04 10:56:00 - [TEST_STEP][PASSED] - Statement - counter = counter + 1: null

2018-12-04 10:56:02 - [TEST_STEP][PASSED] - Statement - PreSaveFile = new java.io.File(((pathPrefix + java.lang.Integer.toString(counter)) + .png)): null

2018-12-04 10:56:02 - [TEST_STEP][PASSED] - Statement - counter = counter + 1: null

2018-12-04 10:56:02 - [TEST_STEP][PASSED] - Statement - PreSaveFile = new java.io.File(((pathPrefix + java.lang.Integer.toString(counter)) + .png)): null

2018-12-04 10:56:02 - [TEST_STEP][PASSED] - Statement - counter = counter + 1: null

2018-12-04 10:56:02 - [TEST_STEP][PASSED] - Statement - PreSaveFile = new java.io.File(((pathPrefix + java.lang.Integer.toString(counter)) + .png)): null

2018-12-04 10:56:02 - [TEST_STEP][PASSED] - Statement - counter = counter + 1: null

2018-12-04 10:56:02 - [TEST_STEP][PASSED] - Statement - PreSaveFile = new java.io.File(((pathPrefix + java.lang.Integer.toString(counter)) + .png)): null

2018-12-04 10:56:02 - [TEST_STEP][PASSED] - Statement - counter = counter + 1: null

2018-12-04 10:56:02 - [TEST_STEP][PASSED] - Statement - PreSaveFile = new java.io.File(((pathPrefix + java.lang.Integer.toString(counter)) + .png)): null

2018-12-04 10:56:04 - [TEST_STEP][PASSED] - Statement - counter = counter + 1: null

2018-12-04 10:56:04 - [TEST_STEP][PASSED] - Statement - PreSaveFile = new java.io.File(((pathPrefix + java.lang.Integer.toString(counter)) + .png)): null

2018-12-04 10:56:04 - [TEST_STEP][PASSED] - Statement - counter = counter + 1: null

2018-12-04 10:56:04 - [TEST_STEP][PASSED] - Statement - PreSaveFile = new java.io.File(((pathPrefix + java.lang.Integer.toString(counter)) + .png)): null

2018-12-04 10:56:04 - [TEST_STEP][PASSED] - Statement - counter = counter + 1: null

2018-12-04 10:56:04 - [TEST_STEP][PASSED] - Statement - PreSaveFile = new java.io.File(((pathPrefix + java.lang.Integer.toString(counter)) + .png)): null

2018-12-04 10:56:04 - [TEST_STEP][PASSED] - Statement - counter = counter + 1: null

2018-12-04 10:56:04 - [TEST_STEP][PASSED] - Statement - PreSaveFile = new java.io.File(((pathPrefix + java.lang.Integer.toString(counter)) + .png)): null

2018-12-04 10:56:04 - [TEST_STEP][PASSED] - Statement - counter = counter + 1: null

2018-12-04 10:56:04 - [TEST_STEP][PASSED] - Statement - PreSaveFile = new java.io.File(((pathPrefix + java.lang.Integer.toString(counter)) + .png)): null

2018-12-04 10:56:05 - [TEST_STEP][PASSED] - Statement - counter = counter + 1: null

2018-12-04 10:56:05 - [TEST_STEP][PASSED] - Statement - PreSaveFile = new java.io.File(((pathPrefix + java.lang.Integer.toString(counter)) + .png)): null

2018-12-04 10:56:05 - [TEST_STEP][PASSED] - Statement - counter = counter + 1: null

2018-12-04 10:56:05 - [TEST_STEP][PASSED] - Statement - PreSaveFile = new java.io.File(((pathPrefix + java.lang.Integer.toString(counter)) + .png)): null

2018-12-04 10:56:05 - [TEST_STEP][PASSED] - Statement - counter = counter + 1: null

2018-12-04 10:56:05 - [TEST_STEP][PASSED] - Statement - PreSaveFile = new java.io.File(((pathPrefix + java.lang.Integer.toString(counter)) + .png)): null

2018-12-04 10:56:05 - [TEST_STEP][PASSED] - Statement - counter = counter + 1: null

2018-12-04 10:56:05 - [TEST_STEP][PASSED] - Statement - PreSaveFile = new java.io.File(((pathPrefix + java.lang.Integer.toString(counter)) + .png)): null

2018-12-04 10:56:05 - [TEST_STEP][PASSED] - Statement - counter = counter + 1: null

2018-12-04 10:56:07 - [TEST_STEP][PASSED] - Statement - PreSaveFile = new java.io.File(((pathPrefix + java.lang.Integer.toString(counter)) + .png)): null

2018-12-04 10:56:07 - [TEST_STEP][PASSED] - Statement - counter = counter + 1: null

2018-12-04 10:56:07 - [TEST_STEP][PASSED] - Statement - PreSaveFile = new java.io.File(((pathPrefix + java.lang.Integer.toString(counter)) + .png)): null

2018-12-04 10:56:07 - [TEST_STEP][PASSED] - Statement - counter = counter + 1: null

2018-12-04 10:56:07 - [TEST_STEP][PASSED] - Statement - PreSaveFile = new java.io.File(((pathPrefix + java.lang.Integer.toString(counter)) + .png)): null

2018-12-04 10:56:07 - [TEST_STEP][PASSED] - Statement - counter = counter + 1: null

2018-12-04 10:56:07 - [TEST_STEP][PASSED] - Statement - PreSaveFile = new java.io.File(((pathPrefix + java.lang.Integer.toString(counter)) + .png)): null

2018-12-04 10:56:07 - [TEST_STEP][PASSED] - Statement - counter = counter + 1: null

2018-12-04 10:56:07 - [TEST_STEP][PASSED] - Statement - PreSaveFile = new java.io.File(((pathPrefix + java.lang.Integer.toString(counter)) + .png)): null

2018-12-04 10:56:07 - [TEST_STEP][PASSED] - Statement - counter = counter + 1: null

2018-12-04 10:56:08 - [TEST_STEP][PASSED] - Statement - PreSaveFile = new java.io.File(((pathPrefix + java.lang.Integer.toString(counter)) + .png)): null

2018-12-04 10:56:08 - [TEST_STEP][PASSED] - Statement - counter = counter + 1: null

2018-12-04 10:56:08 - [TEST_STEP][PASSED] - Statement - PreSaveFile = new java.io.File(((pathPrefix + java.lang.Integer.toString(counter)) + .png)): null

2018-12-04 10:56:08 - [TEST_STEP][PASSED] - Statement - counter = counter + 1: null

2018-12-04 10:56:08 - [TEST_STEP][PASSED] - Statement - PreSaveFile = new java.io.File(((pathPrefix + java.lang.Integer.toString(counter)) + .png)): null

2018-12-04 10:56:08 - [TEST_STEP][PASSED] - Statement - counter = counter + 1: null

2018-12-04 10:56:08 - [TEST_STEP][PASSED] - Statement - PreSaveFile = new java.io.File(((pathPrefix + java.lang.Integer.toString(counter)) + .png)): null

2018-12-04 10:56:08 - [TEST_STEP][PASSED] - Statement - counter = counter + 1: null

2018-12-04 10:56:08 - [TEST_STEP][PASSED] - Statement - PreSaveFile = new java.io.File(((pathPrefix + java.lang.Integer.toString(counter)) + .png)): null

2018-12-04 10:56:08 - [TEST_STEP][PASSED] - Statement - counter = counter + 1: null

2018-12-04 10:56:09 - [TEST_STEP][PASSED] - Statement - PreSaveFile = new java.io.File(((pathPrefix + java.lang.Integer.toString(counter)) + .png)): null

2018-12-04 10:56:09 - [TEST_STEP][PASSED] - Statement - counter = counter + 1: null

2018-12-04 10:56:09 - [TEST_STEP][PASSED] - Statement - PreSaveFile = new java.io.File(((pathPrefix + java.lang.Integer.toString(counter)) + .png)): null

2018-12-04 10:56:09 - [TEST_STEP][PASSED] - Statement - counter = counter + 1: null

2018-12-04 10:56:09 - [TEST_STEP][PASSED] - Statement - PreSaveFile = new java.io.File(((pathPrefix + java.lang.Integer.toString(counter)) + .png)): null

2018-12-04 10:56:09 - [TEST_STEP][PASSED] - Statement - counter = counter + 1: null

2018-12-04 10:56:09 - [TEST_STEP][PASSED] - Statement - PreSaveFile = new java.io.File(((pathPrefix + java.lang.Integer.toString(counter)) + .png)): null

2018-12-04 10:56:09 - [TEST_STEP][PASSED] - Statement - counter = counter + 1: null

2018-12-04 10:56:09 - [TEST_STEP][PASSED] - Statement - PreSaveFile = new java.io.File(((pathPrefix + java.lang.Integer.toString(counter)) + .png)): null

2018-12-04 10:56:11 - [TEST_STEP][PASSED] - Statement - counter = counter + 1: null

2018-12-04 10:56:11 - [TEST_STEP][PASSED] - Statement - PreSaveFile = new java.io.File(((pathPrefix + java.lang.Integer.toString(counter)) + .png)): null

2018-12-04 10:56:11 - [TEST_STEP][PASSED] - Statement - counter = counter + 1: null

2018-12-04 10:56:11 - [TEST_STEP][PASSED] - Statement - PreSaveFile = new java.io.File(((pathPrefix + java.lang.Integer.toString(counter)) + .png)): null

2018-12-04 10:56:11 - [TEST_STEP][PASSED] - Statement - counter = counter + 1: null

2018-12-04 10:56:11 - [TEST_STEP][PASSED] - Statement - PreSaveFile = new java.io.File(((pathPrefix + java.lang.Integer.toString(counter)) + .png)): null

2018-12-04 10:56:11 - [TEST_STEP][PASSED] - Statement - counter = counter + 1: null

2018-12-04 10:56:11 - [TEST_STEP][PASSED] - Statement - PreSaveFile = new java.io.File(((pathPrefix + java.lang.Integer.toString(counter)) + .png)): null

2018-12-04 10:56:11 - [TEST_STEP][PASSED] - Statement - counter = counter + 1: null

2018-12-04 10:56:12 - [TEST_STEP][PASSED] - Statement - PreSaveFile = new java.io.File(((pathPrefix + java.lang.Integer.toString(counter)) + .png)): null

2018-12-04 10:56:12 - [TEST_STEP][PASSED] - Statement - counter = counter + 1: null

2018-12-04 10:56:12 - [TEST_STEP][PASSED] - Statement - PreSaveFile = new java.io.File(((pathPrefix + java.lang.Integer.toString(counter)) + .png)): null

2018-12-04 10:56:12 - [TEST_STEP][PASSED] - Statement - counter = counter + 1: null

2018-12-04 10:56:12 - [TEST_STEP][PASSED] - Statement - PreSaveFile = new java.io.File(((pathPrefix + java.lang.Integer.toString(counter)) + .png)): null

2018-12-04 10:56:12 - [TEST_STEP][PASSED] - Statement - counter = counter + 1: null

2018-12-04 10:56:12 - [TEST_STEP][PASSED] - Statement - PreSaveFile = new java.io.File(((pathPrefix + java.lang.Integer.toString(counter)) + .png)): null

2018-12-04 10:56:12 - [TEST_STEP][PASSED] - Statement - counter = counter + 1: null

2018-12-04 10:56:12 - [TEST_STEP][PASSED] - Statement - PreSaveFile = new java.io.File(((pathPrefix + java.lang.Integer.toString(counter)) + .png)): null

2018-12-04 10:56:12 - [TEST_STEP][PASSED] - Statement - counter = counter + 1: null

2018-12-04 10:56:13 - [TEST_STEP][PASSED] - Statement - PreSaveFile = new java.io.File(((pathPrefix + java.lang.Integer.toString(counter)) + .png)): null

2018-12-04 10:56:13 - [TEST_STEP][PASSED] - Statement - counter = counter + 1: null

2018-12-04 10:56:13 - [TEST_STEP][PASSED] - Statement - PreSaveFile = new java.io.File(((pathPrefix + java.lang.Integer.toString(counter)) + .png)): null

2018-12-04 10:56:13 - [TEST_STEP][PASSED] - Statement - counter = counter + 1: null

2018-12-04 10:56:13 - [TEST_STEP][PASSED] - Statement - PreSaveFile = new java.io.File(((pathPrefix + java.lang.Integer.toString(counter)) + .png)): null

2018-12-04 10:56:13 - [TEST_STEP][PASSED] - Statement - counter = counter + 1: null

2018-12-04 10:56:13 - [TEST_STEP][PASSED] - Statement - PreSaveFile = new java.io.File(((pathPrefix + java.lang.Integer.toString(counter)) + .png)): null

2018-12-04 10:56:13 - [TEST_STEP][PASSED] - Statement - counter = counter + 1: null

2018-12-04 10:56:13 - [TEST_STEP][PASSED] - Statement - PreSaveFile = new java.io.File(((pathPrefix + java.lang.Integer.toString(counter)) + .png)): null

2018-12-04 10:56:13 - [TEST_STEP][PASSED] - Statement - counter = counter + 1: null

2018-12-04 10:56:15 - [TEST_STEP][PASSED] - Statement - PreSaveFile = new java.io.File(((pathPrefix + java.lang.Integer.toString(counter)) + .png)): null

2018-12-04 10:56:15 - [TEST_STEP][PASSED] - Statement - counter = counter + 1: null

2018-12-04 10:56:15 - [TEST_STEP][PASSED] - Statement - PreSaveFile = new java.io.File(((pathPrefix + java.lang.Integer.toString(counter)) + .png)): null

2018-12-04 10:56:15 - [TEST_STEP][PASSED] - Statement - counter = counter + 1: null

2018-12-04 10:56:15 - [TEST_STEP][PASSED] - Statement - PreSaveFile = new java.io.File(((pathPrefix + java.lang.Integer.toString(counter)) + .png)): null

2018-12-04 10:56:15 - [TEST_STEP][PASSED] - Statement - counter = counter + 1: null

2018-12-04 10:56:15 - [TEST_STEP][PASSED] - Statement - PreSaveFile = new java.io.File(((pathPrefix + java.lang.Integer.toString(counter)) + .png)): null

2018-12-04 10:56:15 - [TEST_STEP][PASSED] - Statement - counter = counter + 1: null

2018-12-04 10:56:15 - [TEST_STEP][PASSED] - Statement - PreSaveFile = new java.io.File(((pathPrefix + java.lang.Integer.toString(counter)) + .png)): null

2018-12-04 10:56:15 - [TEST_STEP][PASSED] - Statement - counter = counter + 1: null

2018-12-04 10:56:16 - [TEST_STEP][PASSED] - Statement - PreSaveFile = new java.io.File(((pathPrefix + java.lang.Integer.toString(counter)) + .png)): null

2018-12-04 10:56:16 - [TEST_STEP][PASSED] - Statement - counter = counter + 1: null

2018-12-04 10:56:16 - [TEST_STEP][PASSED] - Statement - PreSaveFile = new java.io.File(((pathPrefix + java.lang.Integer.toString(counter)) + .png)): null

2018-12-04 10:56:16 - [TEST_STEP][PASSED] - Statement - counter = counter + 1: null

2018-12-04 10:56:16 - [TEST_STEP][PASSED] - Statement - PreSaveFile = new java.io.File(((pathPrefix + java.lang.Integer.toString(counter)) + .png)): null

2018-12-04 10:56:16 - [TEST_STEP][PASSED] - Statement - counter = counter + 1: null

2018-12-04 10:56:16 - [TEST_STEP][PASSED] - Statement - PreSaveFile = new java.io.File(((pathPrefix + java.lang.Integer.toString(counter)) + .png)): null

2018-12-04 10:56:16 - [TEST_STEP][PASSED] - Statement - counter = counter + 1: null

2018-12-04 10:56:16 - [TEST_STEP][PASSED] - Statement - PreSaveFile = new java.io.File(((pathPrefix + java.lang.Integer.toString(counter)) + .png)): null

2018-12-04 10:56:18 - [TEST_STEP][PASSED] - Statement - counter = counter + 1: null

2018-12-04 10:56:18 - [TEST_STEP][PASSED] - Statement - PreSaveFile = new java.io.File(((pathPrefix + java.lang.Integer.toString(counter)) + .png)): null

2018-12-04 10:56:18 - [TEST_STEP][PASSED] - Statement - counter = counter + 1: null

2018-12-04 10:56:18 - [TEST_STEP][PASSED] - Statement - PreSaveFile = new java.io.File(((pathPrefix + java.lang.Integer.toString(counter)) + .png)): null

2018-12-04 10:56:18 - [TEST_STEP][PASSED] - Statement - counter = counter + 1: null

2018-12-04 10:56:18 - [TEST_STEP][PASSED] - Statement - PreSaveFile = new java.io.File(((pathPrefix + java.lang.Integer.toString(counter)) + .png)): null

2018-12-04 10:56:18 - [TEST_STEP][PASSED] - Statement - counter = counter + 1: null

2018-12-04 10:56:18 - [TEST_STEP][PASSED] - Statement - PreSaveFile = new java.io.File(((pathPrefix + java.lang.Integer.toString(counter)) + .png)): null

2018-12-04 10:56:18 - [TEST_STEP][PASSED] - Statement - counter = counter + 1: null

2018-12-04 10:56:20 - [TEST_STEP][PASSED] - Statement - PreSaveFile = new java.io.File(((pathPrefix + java.lang.Integer.toString(counter)) + .png)): null

2018-12-04 10:56:20 - [TEST_STEP][PASSED] - Statement - counter = counter + 1: null

2018-12-04 10:56:20 - [TEST_STEP][PASSED] - Statement - PreSaveFile = new java.io.File(((pathPrefix + java.lang.Integer.toString(counter)) + .png)): null

2018-12-04 10:56:20 - [TEST_STEP][PASSED] - Statement - counter = counter + 1: null

2018-12-04 10:56:20 - [TEST_STEP][PASSED] - Statement - PreSaveFile = new java.io.File(((pathPrefix + java.lang.Integer.toString(counter)) + .png)): null

2018-12-04 10:56:20 - [TEST_STEP][PASSED] - Statement - counter = counter + 1: null

2018-12-04 10:56:20 - [TEST_STEP][PASSED] - Statement - PreSaveFile = new java.io.File(((pathPrefix + java.lang.Integer.toString(counter)) + .png)): null

2018-12-04 10:56:20 - [TEST_STEP][PASSED] - Statement - counter = counter + 1: null

2018-12-04 10:56:20 - [TEST_STEP][PASSED] - Statement - PreSaveFile = new java.io.File(((pathPrefix + java.lang.Integer.toString(counter)) + .png)): null

2018-12-04 10:56:20 - [TEST_STEP][PASSED] - Statement - counter = counter + 1: null

2018-12-04 10:56:21 - [TEST_STEP][PASSED] - Statement - PreSaveFile = new java.io.File(((pathPrefix + java.lang.Integer.toString(counter)) + .png)): null

2018-12-04 10:56:21 - [TEST_STEP][PASSED] - Statement - counter = counter + 1: null

2018-12-04 10:56:21 - [TEST_STEP][PASSED] - Statement - PreSaveFile = new java.io.File(((pathPrefix + java.lang.Integer.toString(counter)) + .png)): null

2018-12-04 10:56:21 - [TEST_STEP][PASSED] - Statement - counter = counter + 1: null

2018-12-04 10:56:21 - [TEST_STEP][PASSED] - Statement - PreSaveFile = new java.io.File(((pathPrefix + java.lang.Integer.toString(counter)) + .png)): null

2018-12-04 10:56:21 - [TEST_STEP][PASSED] - Statement - counter = counter + 1: null

2018-12-04 10:56:21 - [TEST_STEP][PASSED] - Statement - PreSaveFile = new java.io.File(((pathPrefix + java.lang.Integer.toString(counter)) + .png)): null

2018-12-04 10:56:21 - [TEST_STEP][PASSED] - Statement - counter = counter + 1: null

2018-12-04 10:56:21 - [TEST_STEP][PASSED] - Statement - PreSaveFile = new java.io.File(((pathPrefix + java.lang.Integer.toString(counter)) + .png)): null

2018-12-04 10:56:21 - [TEST_STEP][PASSED] - Statement - counter = counter + 1: null

2018-12-04 10:56:22 - [TEST_STEP][PASSED] - Statement - PreSaveFile = new java.io.File(((pathPrefix + java.lang.Integer.toString(counter)) + .png)): null

2018-12-04 10:56:22 - [TEST_STEP][PASSED] - Statement - counter = counter + 1: null

2018-12-04 10:56:22 - [TEST_STEP][PASSED] - Statement - PreSaveFile = new java.io.File(((pathPrefix + java.lang.Integer.toString(counter)) + .png)): null

2018-12-04 10:56:22 - [TEST_STEP][PASSED] - Statement - counter = counter + 1: null

2018-12-04 10:56:22 - [TEST_STEP][PASSED] - Statement - PreSaveFile = new java.io.File(((pathPrefix + java.lang.Integer.toString(counter)) + .png)): null

2018-12-04 10:56:22 - [TEST_STEP][PASSED] - Statement - counter = counter + 1: null

2018-12-04 10:56:22 - [TEST_STEP][PASSED] - Statement - PreSaveFile = new java.io.File(((pathPrefix + java.lang.Integer.toString(counter)) + .png)): null

2018-12-04 10:56:22 - [TEST_STEP][PASSED] - Statement - counter = counter + 1: null

2018-12-04 10:56:22 - [TEST_STEP][PASSED] - Statement - PreSaveFile = new java.io.File(((pathPrefix + java.lang.Integer.toString(counter)) + .png)): null

2018-12-04 10:56:24 - [TEST_STEP][PASSED] - Statement - counter = counter + 1: null

2018-12-04 10:56:24 - [TEST_STEP][PASSED] - Statement - PreSaveFile = new java.io.File(((pathPrefix + java.lang.Integer.toString(counter)) + .png)): null

2018-12-04 10:56:24 - [TEST_STEP][PASSED] - Statement - counter = counter + 1: null

2018-12-04 10:56:24 - [TEST_STEP][PASSED] - Statement - PreSaveFile = new java.io.File(((pathPrefix + java.lang.Integer.toString(counter)) + .png)): null

2018-12-04 10:56:24 - [TEST_STEP][PASSED] - Statement - counter = counter + 1: null

2018-12-04 10:56:24 - [TEST_STEP][PASSED] - Statement - PreSaveFile = new java.io.File(((pathPrefix + java.lang.Integer.toString(counter)) + .png)): null

2018-12-04 10:56:24 - [TEST_STEP][PASSED] - Statement - counter = counter + 1: null

2018-12-04 10:56:24 - [TEST_STEP][PASSED] - Statement - PreSaveFile = new java.io.File(((pathPrefix + java.lang.Integer.toString(counter)) + .png)): null

2018-12-04 10:56:24 - [TEST_STEP][PASSED] - Statement - counter = counter + 1: null

2018-12-04 10:56:24 - [TEST_STEP][PASSED] - Statement - PreSaveFile = new java.io.File(((pathPrefix + java.lang.Integer.toString(counter)) + .png)): null

2018-12-04 10:56:26 - [TEST_STEP][PASSED] - Statement - counter = counter + 1: null

2018-12-04 10:56:26 - [TEST_STEP][PASSED] - Statement - PreSaveFile = new java.io.File(((pathPrefix + java.lang.Integer.toString(counter)) + .png)): null

2018-12-04 10:56:26 - [TEST_STEP][PASSED] - Statement - counter = counter + 1: null

2018-12-04 10:56:26 - [TEST_STEP][PASSED] - Statement - PreSaveFile = new java.io.File(((pathPrefix + java.lang.Integer.toString(counter)) + .png)): null

2018-12-04 10:56:26 - [TEST_STEP][PASSED] - Statement - counter = counter + 1: null

2018-12-04 10:56:26 - [TEST_STEP][PASSED] - Statement - PreSaveFile = new java.io.File(((pathPrefix + java.lang.Integer.toString(counter)) + .png)): null

2018-12-04 10:56:26 - [TEST_STEP][PASSED] - Statement - counter = counter + 1: null

2018-12-04 10:56:26 - [TEST_STEP][PASSED] - Statement - PreSaveFile = new java.io.File(((pathPrefix + java.lang.Integer.toString(counter)) + .png)): null

2018-12-04 10:56:26 - [TEST_STEP][PASSED] - Statement - counter = counter + 1: null

2018-12-04 10:56:27 - [TEST_STEP][PASSED] - Statement - PreSaveFile = new java.io.File(((pathPrefix + java.lang.Integer.toString(counter)) + .png)): null

2018-12-04 10:56:27 - [TEST_STEP][PASSED] - Statement - counter = counter + 1: null

2018-12-04 10:56:27 - [TEST_STEP][PASSED] - Statement - PreSaveFile = new java.io.File(((pathPrefix + java.lang.Integer.toString(counter)) + .png)): null

2018-12-04 10:56:27 - [TEST_STEP][PASSED] - Statement - counter = counter + 1: null

2018-12-04 10:56:27 - [TEST_STEP][PASSED] - Statement - PreSaveFile = new java.io.File(((pathPrefix + java.lang.Integer.toString(counter)) + .png)): null

2018-12-04 10:56:27 - [TEST_STEP][PASSED] - Statement - counter = counter + 1: null

2018-12-04 10:56:27 - [TEST_STEP][PASSED] - Statement - PreSaveFile = new java.io.File(((pathPrefix + java.lang.Integer.toString(counter)) + .png)): null

2018-12-04 10:56:27 - [TEST_STEP][PASSED] - Statement - counter = counter + 1: null

2018-12-04 10:56:27 - [TEST_STEP][PASSED] - Statement - PreSaveFile = new java.io.File(((pathPrefix + java.lang.Integer.toString(counter)) + .png)): null

2018-12-04 10:56:27 - [TEST_STEP][PASSED] - Statement - counter = counter + 1: null

2018-12-04 10:56:29 - [TEST_STEP][PASSED] - Statement - PreSaveFile = new java.io.File(((pathPrefix + java.lang.Integer.toString(counter)) + .png)): null

2018-12-04 10:56:29 - [TEST_STEP][PASSED] - Statement - counter = counter + 1: null

2018-12-04 10:56:29 - [TEST_STEP][PASSED] - Statement - PreSaveFile = new java.io.File(((pathPrefix + java.lang.Integer.toString(counter)) + .png)): null

2018-12-04 10:56:29 - [TEST_STEP][PASSED] - Statement - counter = counter + 1: null

2018-12-04 10:56:29 - [TEST_STEP][PASSED] - Statement - PreSaveFile = new java.io.File(((pathPrefix + java.lang.Integer.toString(counter)) + .png)): null

2018-12-04 10:56:29 - [TEST_STEP][PASSED] - Statement - counter = counter + 1: null

2018-12-04 10:56:29 - [TEST_STEP][PASSED] - Statement - PreSaveFile = new java.io.File(((pathPrefix + java.lang.Integer.toString(counter)) + .png)): null

2018-12-04 10:56:29 - [TEST_STEP][PASSED] - Statement - counter = counter + 1: null

2018-12-04 10:56:29 - [TEST_STEP][PASSED] - Statement - PreSaveFile = new java.io.File(((pathPrefix + java.lang.Integer.toString(counter)) + .png)): null

2018-12-04 10:56:29 - [TEST_STEP][PASSED] - Statement - counter = counter + 1: null

2018-12-04 10:56:30 - [TEST_STEP][PASSED] - Statement - PreSaveFile = new java.io.File(((pathPrefix + java.lang.Integer.toString(counter)) + .png)): null

2018-12-04 10:56:30 - [TEST_STEP][PASSED] - Statement - counter = counter + 1: null

2018-12-04 10:56:30 - [TEST_STEP][PASSED] - Statement - PreSaveFile = new java.io.File(((pathPrefix + java.lang.Integer.toString(counter)) + .png)): null

2018-12-04 10:56:30 - [TEST_STEP][PASSED] - Statement - counter = counter + 1: null

2018-12-04 10:56:30 - [TEST_STEP][PASSED] - Statement - PreSaveFile = new java.io.File(((pathPrefix + java.lang.Integer.toString(counter)) + .png)): null

2018-12-04 10:56:30 - [TEST_STEP][PASSED] - Statement - counter = counter + 1: null

2018-12-04 10:56:30 - [TEST_STEP][PASSED] - Statement - PreSaveFile = new java.io.File(((pathPrefix + java.lang.Integer.toString(counter)) + .png)): null

2018-12-04 10:56:30 - [TEST_STEP][PASSED] - Statement - counter = counter + 1: null

2018-12-04 10:56:30 - [TEST_STEP][PASSED] - Statement - PreSaveFile = new java.io.File(((pathPrefix + java.lang.Integer.toString(counter)) + .png)): null

2018-12-04 10:56:32 - [TEST_STEP][PASSED] - Statement - counter = counter + 1: null

2018-12-04 10:56:32 - [TEST_STEP][PASSED] - Statement - PreSaveFile = new java.io.File(((pathPrefix + java.lang.Integer.toString(counter)) + .png)): null

2018-12-04 10:56:32 - [TEST_STEP][PASSED] - Statement - counter = counter + 1: null

2018-12-04 10:56:32 - [TEST_STEP][PASSED] - Statement - PreSaveFile = new java.io.File(((pathPrefix + java.lang.Integer.toString(counter)) + .png)): null

2018-12-04 10:56:32 - [TEST_STEP][PASSED] - Statement - counter = counter + 1: null

2018-12-04 10:56:32 - [TEST_STEP][PASSED] - Statement - PreSaveFile = new java.io.File(((pathPrefix + java.lang.Integer.toString(counter)) + .png)): null

2018-12-04 10:56:32 - [TEST_STEP][PASSED] - Statement - counter = counter + 1: null

2018-12-04 10:56:32 - [TEST_STEP][PASSED] - Statement - PreSaveFile = new java.io.File(((pathPrefix + java.lang.Integer.toString(counter)) + .png)): null

2018-12-04 10:56:32 - [TEST_STEP][PASSED] - Statement - counter = counter + 1: null

2018-12-04 10:56:33 - [TEST_STEP][PASSED] - Statement - PreSaveFile = new java.io.File(((pathPrefix + java.lang.Integer.toString(counter)) + .png)): null

2018-12-04 10:56:33 - [TEST_STEP][PASSED] - Statement - counter = counter + 1: null

2018-12-04 10:56:33 - [TEST_STEP][PASSED] - Statement - PreSaveFile = new java.io.File(((pathPrefix + java.lang.Integer.toString(counter)) + .png)): null

2018-12-04 10:56:33 - [TEST_STEP][PASSED] - Statement - counter = counter + 1: null

2018-12-04 10:56:33 - [TEST_STEP][PASSED] - Statement - PreSaveFile = new java.io.File(((pathPrefix + java.lang.Integer.toString(counter)) + .png)): null

2018-12-04 10:56:33 - [TEST_STEP][PASSED] - Statement - counter = counter + 1: null

2018-12-04 10:56:33 - [TEST_STEP][PASSED] - Statement - PreSaveFile = new java.io.File(((pathPrefix + java.lang.Integer.toString(counter)) + .png)): null

2018-12-04 10:56:33 - [TEST_STEP][PASSED] - Statement - counter = counter + 1: null

2018-12-04 10:56:33 - [TEST_STEP][PASSED] - Statement - PreSaveFile = new java.io.File(((pathPrefix + java.lang.Integer.toString(counter)) + .png)): null

2018-12-04 10:56:33 - [TEST_STEP][PASSED] - Statement - counter = counter + 1: null

2018-12-04 10:56:35 - [TEST_STEP][PASSED] - Statement - PreSaveFile = new java.io.File(((pathPrefix + java.lang.Integer.toString(counter)) + .png)): null

2018-12-04 10:56:35 - [TEST_STEP][PASSED] - Statement - counter = counter + 1: null

2018-12-04 10:56:35 - [TEST_STEP][PASSED] - Statement - PreSaveFile = new java.io.File(((pathPrefix + java.lang.Integer.toString(counter)) + .png)): null

2018-12-04 10:56:35 - [TEST_STEP][PASSED] - Statement - counter = counter + 1: null

2018-12-04 10:56:35 - [TEST_STEP][PASSED] - Statement - PreSaveFile = new java.io.File(((pathPrefix + java.lang.Integer.toString(counter)) + .png)): null

2018-12-04 10:56:35 - [TEST_STEP][PASSED] - Statement - counter = counter + 1: null

2018-12-04 10:56:35 - [TEST_STEP][PASSED] - Statement - PreSaveFile = new java.io.File(((pathPrefix + java.lang.Integer.toString(counter)) + .png)): null

2018-12-04 10:56:35 - [TEST_STEP][PASSED] - Statement - counter = counter + 1: null

2018-12-04 10:56:35 - [TEST_STEP][PASSED] - Statement - PreSaveFile = new java.io.File(((pathPrefix + java.lang.Integer.toString(counter)) + .png)): null

2018-12-04 10:56:35 - [TEST_STEP][PASSED] - Statement - counter = counter + 1: null

2018-12-04 10:56:36 - [TEST_STEP][PASSED] - Statement - PreSaveFile = new java.io.File(((pathPrefix + java.lang.Integer.toString(counter)) + .png)): null

2018-12-04 10:56:36 - [TEST_STEP][PASSED] - Statement - counter = counter + 1: null

2018-12-04 10:56:36 - [TEST_STEP][PASSED] - Statement - PreSaveFile = new java.io.File(((pathPrefix + java.lang.Integer.toString(counter)) + .png)): null

2018-12-04 10:56:36 - [TEST_STEP][PASSED] - Statement - counter = counter + 1: null

2018-12-04 10:56:36 - [TEST_STEP][PASSED] - Statement - PreSaveFile = new java.io.File(((pathPrefix + java.lang.Integer.toString(counter)) + .png)): null

2018-12-04 10:56:36 - [TEST_STEP][PASSED] - Statement - counter = counter + 1: null

2018-12-04 10:56:36 - [TEST_STEP][PASSED] - Statement - PreSaveFile = new java.io.File(((pathPrefix + java.lang.Integer.toString(counter)) + .png)): null

2018-12-04 10:56:36 - [TEST_STEP][PASSED] - Statement - counter = counter + 1: null

2018-12-04 10:56:36 - [TEST_STEP][PASSED] - Statement - PreSaveFile = new java.io.File(((pathPrefix + java.lang.Integer.toString(counter)) + .png)): null

2018-12-04 10:56:36 - [TEST_STEP][PASSED] - Statement - counter = counter + 1: null

2018-12-04 10:56:38 - [TEST_STEP][PASSED] - Statement - PreSaveFile = new java.io.File(((pathPrefix + java.lang.Integer.toString(counter)) + .png)): null

2018-12-04 10:56:38 - [TEST_STEP][PASSED] - Statement - counter = counter + 1: null

2018-12-04 10:56:38 - [TEST_STEP][PASSED] - Statement - PreSaveFile = new java.io.File(((pathPrefix + java.lang.Integer.toString(counter)) + .png)): null

2018-12-04 10:56:38 - [TEST_STEP][PASSED] - Statement - counter = counter + 1: null

2018-12-04 10:56:38 - [TEST_STEP][PASSED] - Statement - PreSaveFile = new java.io.File(((pathPrefix + java.lang.Integer.toString(counter)) + .png)): null

2018-12-04 10:56:38 - [TEST_STEP][PASSED] - Statement - counter = counter + 1: null

2018-12-04 10:56:38 - [TEST_STEP][PASSED] - Statement - PreSaveFile = new java.io.File(((pathPrefix + java.lang.Integer.toString(counter)) + .png)): null

2018-12-04 10:56:38 - [TEST_STEP][PASSED] - Statement - counter = counter + 1: null

2018-12-04 10:56:38 - [TEST_STEP][PASSED] - Statement - PreSaveFile = new java.io.File(((pathPrefix + java.lang.Integer.toString(counter)) + .png)): null

2018-12-04 10:56:40 - [TEST_STEP][PASSED] - Statement - counter = counter + 1: null

2018-12-04 10:56:40 - [TEST_STEP][PASSED] - Statement - PreSaveFile = new java.io.File(((pathPrefix + java.lang.Integer.toString(counter)) + .png)): null

2018-12-04 10:56:40 - [TEST_STEP][PASSED] - Statement - counter = counter + 1: null

2018-12-04 10:56:40 - [TEST_STEP][PASSED] - Statement - PreSaveFile = new java.io.File(((pathPrefix + java.lang.Integer.toString(counter)) + .png)): null

2018-12-04 10:56:40 - [TEST_STEP][PASSED] - Statement - counter = counter + 1: null

2018-12-04 10:56:40 - [TEST_STEP][PASSED] - Statement - PreSaveFile = new java.io.File(((pathPrefix + java.lang.Integer.toString(counter)) + .png)): null

2018-12-04 10:56:40 - [TEST_STEP][PASSED] - Statement - counter = counter + 1: null

2018-12-04 10:56:40 - [TEST_STEP][PASSED] - Statement - PreSaveFile = new java.io.File(((pathPrefix + java.lang.Integer.toString(counter)) + .png)): null

2018-12-04 10:56:40 - [TEST_STEP][PASSED] - Statement - counter = counter + 1: null

2018-12-04 10:56:41 - [TEST_STEP][PASSED] - Statement - PreSaveFile = new java.io.File(((pathPrefix + java.lang.Integer.toString(counter)) + .png)): null

2018-12-04 10:56:41 - [TEST_STEP][PASSED] - Statement - counter = counter + 1: null

2018-12-04 10:56:41 - [TEST_STEP][PASSED] - Statement - PreSaveFile = new java.io.File(((pathPrefix + java.lang.Integer.toString(counter)) + .png)): null

2018-12-04 10:56:41 - [TEST_STEP][PASSED] - Statement - counter = counter + 1: null

2018-12-04 10:56:41 - [TEST_STEP][PASSED] - Statement - PreSaveFile = new java.io.File(((pathPrefix + java.lang.Integer.toString(counter)) + .png)): null

2018-12-04 10:56:41 - [TEST_STEP][PASSED] - Statement - counter = counter + 1: null

2018-12-04 10:56:41 - [TEST_STEP][PASSED] - Statement - PreSaveFile = new java.io.File(((pathPrefix + java.lang.Integer.toString(counter)) + .png)): null

2018-12-04 10:56:41 - [TEST_STEP][PASSED] - Statement - counter = counter + 1: null

2018-12-04 10:56:41 - [TEST_STEP][PASSED] - Statement - PreSaveFile = new java.io.File(((pathPrefix + java.lang.Integer.toString(counter)) + .png)): null

2018-12-04 10:56:41 - [TEST_STEP][PASSED] - Statement - counter = counter + 1: null

2018-12-04 10:56:44 - [TEST_STEP][PASSED] - Statement - PreSaveFile = new java.io.File(((pathPrefix + java.lang.Integer.toString(counter)) + .png)): null

2018-12-04 10:56:44 - [TEST_STEP][PASSED] - Statement - counter = counter + 1: null

2018-12-04 10:56:44 - [TEST_STEP][PASSED] - Statement - PreSaveFile = new java.io.File(((pathPrefix + java.lang.Integer.toString(counter)) + .png)): null

2018-12-04 10:56:44 - [TEST_STEP][PASSED] - Statement - counter = counter + 1: null

2018-12-04 10:56:44 - [TEST_STEP][PASSED] - Statement - PreSaveFile = new java.io.File(((pathPrefix + java.lang.Integer.toString(counter)) + .png)): null

2018-12-04 10:56:44 - [TEST_STEP][PASSED] - Statement - counter = counter + 1: null

2018-12-04 10:56:44 - [TEST_STEP][PASSED] - Statement - PreSaveFile = new java.io.File(((pathPrefix + java.lang.Integer.toString(counter)) + .png)): null

2018-12-04 10:56:44 - [TEST_STEP][PASSED] - Statement - counter = counter + 1: null

2018-12-04 10:56:44 - [TEST_STEP][PASSED] - Statement - PreSaveFile = new java.io.File(((pathPrefix + java.lang.Integer.toString(counter)) + .png)): null

2018-12-04 10:56:44 - [TEST_STEP][PASSED] - Statement - counter = counter + 1: null

2018-12-04 10:56:46 - [TEST_STEP][PASSED] - Statement - PreSaveFile = new java.io.File(((pathPrefix + java.lang.Integer.toString(counter)) + .png)): null

2018-12-04 10:56:46 - [TEST_STEP][PASSED] - Statement - counter = counter + 1: null

2018-12-04 10:56:46 - [TEST_STEP][PASSED] - Statement - PreSaveFile = new java.io.File(((pathPrefix + java.lang.Integer.toString(counter)) + .png)): null

2018-12-04 10:56:46 - [TEST_STEP][PASSED] - Statement - counter = counter + 1: null

2018-12-04 10:56:46 - [TEST_STEP][PASSED] - Statement - PreSaveFile = new java.io.File(((pathPrefix + java.lang.Integer.toString(counter)) + .png)): null

2018-12-04 10:56:46 - [TEST_STEP][PASSED] - Statement - counter = counter + 1: null

2018-12-04 10:56:46 - [TEST_STEP][PASSED] - Statement - PreSaveFile = new java.io.File(((pathPrefix + java.lang.Integer.toString(counter)) + .png)): null

2018-12-04 10:56:46 - [TEST_STEP][PASSED] - Statement - counter = counter + 1: null

2018-12-04 10:56:46 - [TEST_STEP][PASSED] - Statement - PreSaveFile = new java.io.File(((pathPrefix + java.lang.Integer.toString(counter)) + .png)): null

2018-12-04 10:56:48 - [TEST_STEP][PASSED] - Statement - counter = counter + 1: null

2018-12-04 10:56:48 - [TEST_STEP][PASSED] - Statement - PreSaveFile = new java.io.File(((pathPrefix + java.lang.Integer.toString(counter)) + .png)): null

2018-12-04 10:56:48 - [TEST_STEP][PASSED] - Statement - counter = counter + 1: null

2018-12-04 10:56:48 - [TEST_STEP][PASSED] - Statement - PreSaveFile = new java.io.File(((pathPrefix + java.lang.Integer.toString(counter)) + .png)): null

2018-12-04 10:56:48 - [TEST_STEP][PASSED] - Statement - counter = counter + 1: null

2018-12-04 10:56:48 - [TEST_STEP][PASSED] - Statement - PreSaveFile = new java.io.File(((pathPrefix + java.lang.Integer.toString(counter)) + .png)): null

2018-12-04 10:56:48 - [TEST_STEP][PASSED] - Statement - counter = counter + 1: null

2018-12-04 10:56:48 - [TEST_STEP][PASSED] - Statement - PreSaveFile = new java.io.File(((pathPrefix + java.lang.Integer.toString(counter)) + .png)): null

2018-12-04 10:56:48 - [TEST_STEP][PASSED] - Statement - counter = counter + 1: null

2018-12-04 10:56:48 - [TEST_STEP][PASSED] - Statement - PreSaveFile = new java.io.File(((pathPrefix + java.lang.Integer.toString(counter)) + .png)): null

2018-12-04 10:56:49 - [TEST_STEP][PASSED] - Statement - counter = counter + 1: null

2018-12-04 10:56:49 - [TEST_STEP][PASSED] - Statement - PreSaveFile = new java.io.File(((pathPrefix + java.lang.Integer.toString(counter)) + .png)): null

2018-12-04 10:56:49 - [TEST_STEP][PASSED] - Statement - counter = counter + 1: null

2018-12-04 10:56:49 - [TEST_STEP][PASSED] - Statement - PreSaveFile = new java.io.File(((pathPrefix + java.lang.Integer.toString(counter)) + .png)): null

2018-12-04 10:56:49 - [TEST_STEP][PASSED] - Statement - counter = counter + 1: null

2018-12-04 10:56:49 - [TEST_STEP][PASSED] - Statement - PreSaveFile = new java.io.File(((pathPrefix + java.lang.Integer.toString(counter)) + .png)): null

2018-12-04 10:56:49 - [TEST_STEP][PASSED] - Statement - counter = counter + 1: null

2018-12-04 10:56:49 - [TEST_STEP][PASSED] - Statement - PreSaveFile = new java.io.File(((pathPrefix + java.lang.Integer.toString(counter)) + .png)): null

2018-12-04 10:56:49 - [TEST_STEP][PASSED] - Statement - counter = counter + 1: null

2018-12-04 10:56:51 - [TEST_STEP][PASSED] - Statement - PreSaveFile = new java.io.File(((pathPrefix + java.lang.Integer.toString(counter)) + .png)): null

2018-12-04 10:56:51 - [TEST_STEP][PASSED] - Statement - counter = counter + 1: null

2018-12-04 10:56:51 - [TEST_STEP][PASSED] - Statement - PreSaveFile = new java.io.File(((pathPrefix + java.lang.Integer.toString(counter)) + .png)): null

2018-12-04 10:56:51 - [TEST_STEP][PASSED] - Statement - counter = counter + 1: null

2018-12-04 10:56:51 - [TEST_STEP][PASSED] - Statement - PreSaveFile = new java.io.File(((pathPrefix + java.lang.Integer.toString(counter)) + .png)): null

2018-12-04 10:56:51 - [TEST_STEP][PASSED] - Statement - counter = counter + 1: null

2018-12-04 10:56:51 - [TEST_STEP][PASSED] - Statement - PreSaveFile = new java.io.File(((pathPrefix + java.lang.Integer.toString(counter)) + .png)): null

2018-12-04 10:56:51 - [TEST_STEP][PASSED] - Statement - counter = counter + 1: null

2018-12-04 10:56:51 - [TEST_STEP][PASSED] - Statement - PreSaveFile = new java.io.File(((pathPrefix + java.lang.Integer.toString(counter)) + .png)): null

2018-12-04 10:56:51 - [TEST_STEP][PASSED] - Statement - counter = counter + 1: null

2018-12-04 10:56:53 - [TEST_STEP][PASSED] - Statement - PreSaveFile = new java.io.File(((pathPrefix + java.lang.Integer.toString(counter)) + .png)): null

2018-12-04 10:56:53 - [TEST_STEP][PASSED] - Statement - counter = counter + 1: null

2018-12-04 10:56:53 - [TEST_STEP][PASSED] - Statement - PreSaveFile = new java.io.File(((pathPrefix + java.lang.Integer.toString(counter)) + .png)): null

2018-12-04 10:56:53 - [TEST_STEP][PASSED] - Statement - counter = counter + 1: null

2018-12-04 10:56:53 - [TEST_STEP][PASSED] - Statement - PreSaveFile = new java.io.File(((pathPrefix + java.lang.Integer.toString(counter)) + .png)): null

2018-12-04 10:56:53 - [TEST_STEP][PASSED] - Statement - counter = counter + 1: null

2018-12-04 10:56:53 - [TEST_STEP][PASSED] - Statement - PreSaveFile = new java.io.File(((pathPrefix + java.lang.Integer.toString(counter)) + .png)): null

2018-12-04 10:56:53 - [TEST_STEP][PASSED] - Statement - counter = counter + 1: null

2018-12-04 10:56:53 - [TEST_STEP][PASSED] - Statement - PreSaveFile = new java.io.File(((pathPrefix + java.lang.Integer.toString(counter)) + .png)): null

2018-12-04 10:56:53 - [TEST_STEP][PASSED] - Statement - counter = counter + 1: null

2018-12-04 10:56:55 - [TEST_STEP][PASSED] - Statement - PreSaveFile = new java.io.File(((pathPrefix + java.lang.Integer.toString(counter)) + .png)): null

2018-12-04 10:56:55 - [TEST_STEP][PASSED] - Statement - counter = counter + 1: null

2018-12-04 10:56:55 - [TEST_STEP][PASSED] - Statement - PreSaveFile = new java.io.File(((pathPrefix + java.lang.Integer.toString(counter)) + .png)): null

2018-12-04 10:56:55 - [TEST_STEP][PASSED] - Statement - counter = counter + 1: null

2018-12-04 10:56:55 - [TEST_STEP][PASSED] - Statement - PreSaveFile = new java.io.File(((pathPrefix + java.lang.Integer.toString(counter)) + .png)): null

2018-12-04 10:56:55 - [TEST_STEP][PASSED] - Statement - counter = counter + 1: null

2018-12-04 10:56:55 - [TEST_STEP][PASSED] - Statement - PreSaveFile = new java.io.File(((pathPrefix + java.lang.Integer.toString(counter)) + .png)): null

2018-12-04 10:56:55 - [TEST_STEP][PASSED] - Statement - counter = counter + 1: null

2018-12-04 10:56:55 - [TEST_STEP][PASSED] - Statement - PreSaveFile = new java.io.File(((pathPrefix + java.lang.Integer.toString(counter)) + .png)): null

2018-12-04 10:56:57 - [TEST_STEP][PASSED] - Statement - counter = counter + 1: null

2018-12-04 10:56:57 - [TEST_STEP][PASSED] - Statement - PreSaveFile = new java.io.File(((pathPrefix + java.lang.Integer.toString(counter)) + .png)): null

2018-12-04 10:56:57 - [TEST_STEP][PASSED] - Statement - counter = counter + 1: null

2018-12-04 10:56:57 - [TEST_STEP][PASSED] - Statement - PreSaveFile = new java.io.File(((pathPrefix + java.lang.Integer.toString(counter)) + .png)): null

2018-12-04 10:56:57 - [TEST_STEP][PASSED] - Statement - counter = counter + 1: null

2018-12-04 10:56:57 - [TEST_STEP][PASSED] - Statement - PreSaveFile = new java.io.File(((pathPrefix + java.lang.Integer.toString(counter)) + .png)): null

2018-12-04 10:56:57 - [TEST_STEP][PASSED] - Statement - counter = counter + 1: null

2018-12-04 10:56:57 - [TEST_STEP][PASSED] - Statement - PreSaveFile = new java.io.File(((pathPrefix + java.lang.Integer.toString(counter)) + .png)): null

2018-12-04 10:56:57 - [TEST_STEP][PASSED] - Statement - counter = counter + 1: null

2018-12-04 10:56:59 - [TEST_STEP][PASSED] - Statement - PreSaveFile = new java.io.File(((pathPrefix + java.lang.Integer.toString(counter)) + .png)): null

2018-12-04 10:56:59 - [TEST_STEP][PASSED] - Statement - counter = counter + 1: null

2018-12-04 10:56:59 - [TEST_STEP][PASSED] - Statement - PreSaveFile = new java.io.File(((pathPrefix + java.lang.Integer.toString(counter)) + .png)): null

2018-12-04 10:56:59 - [TEST_STEP][PASSED] - Statement - counter = counter + 1: null

2018-12-04 10:56:59 - [TEST_STEP][PASSED] - Statement - PreSaveFile = new java.io.File(((pathPrefix + java.lang.Integer.toString(counter)) + .png)): null

2018-12-04 10:56:59 - [TEST_STEP][PASSED] - Statement - counter = counter + 1: null

2018-12-04 10:56:59 - [TEST_STEP][PASSED] - Statement - PreSaveFile = new java.io.File(((pathPrefix + java.lang.Integer.toString(counter)) + .png)): null

2018-12-04 10:56:59 - [TEST_STEP][PASSED] - Statement - counter = counter + 1: null

2018-12-04 10:56:59 - [TEST_STEP][PASSED] - Statement - PreSaveFile = new java.io.File(((pathPrefix + java.lang.Integer.toString(counter)) + .png)): null

2018-12-04 10:56:59 - [TEST_STEP][PASSED] - Statement - counter = counter + 1: null

2018-12-04 10:57:01 - [TEST_STEP][PASSED] - Statement - PreSaveFile = new java.io.File(((pathPrefix + java.lang.Integer.toString(counter)) + .png)): null

2018-12-04 10:57:01 - [TEST_STEP][PASSED] - Statement - counter = counter + 1: null

2018-12-04 10:57:01 - [TEST_STEP][PASSED] - Statement - PreSaveFile = new java.io.File(((pathPrefix + java.lang.Integer.toString(counter)) + .png)): null

2018-12-04 10:57:01 - [TEST_STEP][PASSED] - Statement - counter = counter + 1: null

2018-12-04 10:57:01 - [TEST_STEP][PASSED] - Statement - PreSaveFile = new java.io.File(((pathPrefix + java.lang.Integer.toString(counter)) + .png)): null

2018-12-04 10:57:01 - [TEST_STEP][PASSED] - Statement - counter = counter + 1: null

2018-12-04 10:57:01 - [TEST_STEP][PASSED] - Statement - PreSaveFile = new java.io.File(((pathPrefix + java.lang.Integer.toString(counter)) + .png)): null

2018-12-04 10:57:01 - [TEST_STEP][PASSED] - Statement - counter = counter + 1: null

2018-12-04 10:57:01 - [TEST_STEP][PASSED] - Statement - PreSaveFile = new java.io.File(((pathPrefix + java.lang.Integer.toString(counter)) + .png)): null

2018-12-04 10:57:01 - [TEST_STEP][PASSED] - Statement - counter = counter + 1: null

2018-12-04 10:57:03 - [TEST_STEP][PASSED] - Statement - PreSaveFile = new java.io.File(((pathPrefix + java.lang.Integer.toString(counter)) + .png)): null

2018-12-04 10:57:03 - [TEST_STEP][PASSED] - Statement - counter = counter + 1: null

2018-12-04 10:57:03 - [TEST_STEP][PASSED] - Statement - PreSaveFile = new java.io.File(((pathPrefix + java.lang.Integer.toString(counter)) + .png)): null

2018-12-04 10:57:03 - [TEST_STEP][PASSED] - Statement - counter = counter + 1: null

2018-12-04 10:57:03 - [TEST_STEP][PASSED] - Statement - PreSaveFile = new java.io.File(((pathPrefix + java.lang.Integer.toString(counter)) + .png)): null

2018-12-04 10:57:03 - [TEST_STEP][PASSED] - Statement - counter = counter + 1: null

2018-12-04 10:57:03 - [TEST_STEP][PASSED] - Statement - PreSaveFile = new java.io.File(((pathPrefix + java.lang.Integer.toString(counter)) + .png)): null

2018-12-04 10:57:03 - [TEST_STEP][PASSED] - Statement - counter = counter + 1: null

2018-12-04 10:57:03 - [TEST_STEP][PASSED] - Statement - PreSaveFile = new java.io.File(((pathPrefix + java.lang.Integer.toString(counter)) + .png)): null

2018-12-04 10:57:03 - [TEST_STEP][PASSED] - Statement - counter = counter + 1: null

2018-12-04 10:57:05 - [TEST_STEP][PASSED] - Statement - PreSaveFile = new java.io.File(((pathPrefix + java.lang.Integer.toString(counter)) + .png)): null

2018-12-04 10:57:05 - [TEST_STEP][PASSED] - Statement - counter = counter + 1: null

2018-12-04 10:57:05 - [TEST_STEP][PASSED] - Statement - PreSaveFile = new java.io.File(((pathPrefix + java.lang.Integer.toString(counter)) + .png)): null

2018-12-04 10:57:05 - [TEST_STEP][PASSED] - Statement - counter = counter + 1: null

2018-12-04 10:57:05 - [TEST_STEP][PASSED] - Statement - PreSaveFile = new java.io.File(((pathPrefix + java.lang.Integer.toString(counter)) + .png)): null

2018-12-04 10:57:05 - [TEST_STEP][PASSED] - Statement - counter = counter + 1: null

2018-12-04 10:57:05 - [TEST_STEP][PASSED] - Statement - PreSaveFile = new java.io.File(((pathPrefix + java.lang.Integer.toString(counter)) + .png)): null

2018-12-04 10:57:05 - [TEST_STEP][PASSED] - Statement - counter = counter + 1: null

2018-12-04 10:57:05 - [TEST_STEP][PASSED] - Statement - PreSaveFile = new java.io.File(((pathPrefix + java.lang.Integer.toString(counter)) + .png)): null

2018-12-04 10:57:07 - [TEST_STEP][PASSED] - Statement - counter = counter + 1: null

2018-12-04 10:57:07 - [TEST_STEP][PASSED] - Statement - PreSaveFile = new java.io.File(((pathPrefix + java.lang.Integer.toString(counter)) + .png)): null

2018-12-04 10:57:07 - [TEST_STEP][PASSED] - Statement - counter = counter + 1: null

2018-12-04 10:57:07 - [TEST_STEP][PASSED] - Statement - PreSaveFile = new java.io.File(((pathPrefix + java.lang.Integer.toString(counter)) + .png)): null

2018-12-04 10:57:07 - [TEST_STEP][PASSED] - Statement - counter = counter + 1: null

2018-12-04 10:57:07 - [TEST_STEP][PASSED] - Statement - PreSaveFile = new java.io.File(((pathPrefix + java.lang.Integer.toString(counter)) + .png)): null

2018-12-04 10:57:07 - [TEST_STEP][PASSED] - Statement - counter = counter + 1: null

2018-12-04 10:57:07 - [TEST_STEP][PASSED] - Statement - PreSaveFile = new java.io.File(((pathPrefix + java.lang.Integer.toString(counter)) + .png)): null

2018-12-04 10:57:07 - [TEST_STEP][PASSED] - Statement - counter = counter + 1: null

2018-12-04 10:57:09 - [TEST_STEP][PASSED] - Statement - PreSaveFile = new java.io.File(((pathPrefix + java.lang.Integer.toString(counter)) + .png)): null

2018-12-04 10:57:09 - [TEST_STEP][PASSED] - Statement - counter = counter + 1: null

2018-12-04 10:57:09 - [TEST_STEP][PASSED] - Statement - PreSaveFile = new java.io.File(((pathPrefix + java.lang.Integer.toString(counter)) + .png)): null

2018-12-04 10:57:09 - [TEST_STEP][PASSED] - Statement - counter = counter + 1: null

2018-12-04 10:57:09 - [TEST_STEP][PASSED] - Statement - PreSaveFile = new java.io.File(((pathPrefix + java.lang.Integer.toString(counter)) + .png)): null

2018-12-04 10:57:09 - [TEST_STEP][PASSED] - Statement - counter = counter + 1: null

2018-12-04 10:57:09 - [TEST_STEP][PASSED] - Statement - PreSaveFile = new java.io.File(((pathPrefix + java.lang.Integer.toString(counter)) + .png)): null

2018-12-04 10:57:09 - [TEST_STEP][PASSED] - Statement - counter = counter + 1: null

2018-12-04 10:57:09 - [TEST_STEP][PASSED] - Statement - PreSaveFile = new java.io.File(((pathPrefix + java.lang.Integer.toString(counter)) + .png)): null

2018-12-04 10:57:09 - [TEST_STEP][PASSED] - Statement - counter = counter + 1: null

2018-12-04 10:57:11 - [TEST_STEP][PASSED] - Statement - PreSaveFile = new java.io.File(((pathPrefix + java.lang.Integer.toString(counter)) + .png)): null

2018-12-04 10:57:11 - [TEST_STEP][PASSED] - Statement - counter = counter + 1: null

2018-12-04 10:57:11 - [TEST_STEP][PASSED] - Statement - PreSaveFile = new java.io.File(((pathPrefix + java.lang.Integer.toString(counter)) + .png)): null

2018-12-04 10:57:11 - [TEST_STEP][PASSED] - Statement - counter = counter + 1: null

2018-12-04 10:57:11 - [TEST_STEP][PASSED] - Statement - PreSaveFile = new java.io.File(((pathPrefix + java.lang.Integer.toString(counter)) + .png)): null

2018-12-04 10:57:11 - [TEST_STEP][PASSED] - Statement - counter = counter + 1: null

2018-12-04 10:57:11 - [TEST_STEP][PASSED] - Statement - PreSaveFile = new java.io.File(((pathPrefix + java.lang.Integer.toString(counter)) + .png)): null

2018-12-04 10:57:11 - [TEST_STEP][PASSED] - Statement - counter = counter + 1: null

2018-12-04 10:57:11 - [TEST_STEP][PASSED] - Statement - PreSaveFile = new java.io.File(((pathPrefix + java.lang.Integer.toString(counter)) + .png)): null

2018-12-04 10:57:11 - [TEST_STEP][PASSED] - Statement - counter = counter + 1: null

2018-12-04 10:57:13 - [TEST_STEP][PASSED] - Statement - PreSaveFile = new java.io.File(((pathPrefix + java.lang.Integer.toString(counter)) + .png)): null

2018-12-04 10:57:13 - [TEST_STEP][PASSED] - Statement - counter = counter + 1: null

2018-12-04 10:57:13 - [TEST_STEP][PASSED] - Statement - PreSaveFile = new java.io.File(((pathPrefix + java.lang.Integer.toString(counter)) + .png)): null

2018-12-04 10:57:13 - [TEST_STEP][PASSED] - Statement - counter = counter + 1: null

2018-12-04 10:57:13 - [TEST_STEP][PASSED] - Statement - PreSaveFile = new java.io.File(((pathPrefix + java.lang.Integer.toString(counter)) + .png)): null

2018-12-04 10:57:13 - [TEST_STEP][PASSED] - Statement - counter = counter + 1: null

2018-12-04 10:57:13 - [TEST_STEP][PASSED] - Statement - PreSaveFile = new java.io.File(((pathPrefix + java.lang.Integer.toString(counter)) + .png)): null

2018-12-04 10:57:13 - [TEST_STEP][PASSED] - Statement - counter = counter + 1: null

2018-12-04 10:57:13 - [TEST_STEP][PASSED] - Statement - PreSaveFile = new java.io.File(((pathPrefix + java.lang.Integer.toString(counter)) + .png)): null

2018-12-04 10:57:15 - [TEST_STEP][PASSED] - Statement - counter = counter + 1: null

2018-12-04 10:57:15 - [TEST_STEP][PASSED] - Statement - PreSaveFile = new java.io.File(((pathPrefix + java.lang.Integer.toString(counter)) + .png)): null

2018-12-04 10:57:15 - [TEST_STEP][PASSED] - Statement - counter = counter + 1: null

2018-12-04 10:57:15 - [TEST_STEP][PASSED] - Statement - PreSaveFile = new java.io.File(((pathPrefix + java.lang.Integer.toString(counter)) + .png)): null

2018-12-04 10:57:15 - [TEST_STEP][PASSED] - Statement - counter = counter + 1: null

2018-12-04 10:57:15 - [TEST_STEP][PASSED] - Statement - PreSaveFile = new java.io.File(((pathPrefix + java.lang.Integer.toString(counter)) + .png)): null

2018-12-04 10:57:15 - [TEST_STEP][PASSED] - Statement - counter = counter + 1: null

2018-12-04 10:57:15 - [TEST_STEP][PASSED] - Statement - PreSaveFile = new java.io.File(((pathPrefix + java.lang.Integer.toString(counter)) + .png)): null

2018-12-04 10:57:15 - [TEST_STEP][PASSED] - Statement - counter = counter + 1: null

2018-12-04 10:57:15 - [TEST_STEP][PASSED] - Statement - PreSaveFile = new java.io.File(((pathPrefix + java.lang.Integer.toString(counter)) + .png)): null

2018-12-04 10:57:17 - [TEST_STEP][PASSED] - Statement - counter = counter + 1: null

2018-12-04 10:57:17 - [TEST_STEP][PASSED] - Statement - PreSaveFile = new java.io.File(((pathPrefix + java.lang.Integer.toString(counter)) + .png)): null

2018-12-04 10:57:17 - [TEST_STEP][PASSED] - Statement - counter = counter + 1: null

2018-12-04 10:57:17 - [TEST_STEP][PASSED] - Statement - PreSaveFile = new java.io.File(((pathPrefix + java.lang.Integer.toString(counter)) + .png)): null

2018-12-04 10:57:17 - [TEST_STEP][PASSED] - Statement - counter = counter + 1: null

2018-12-04 10:57:17 - [TEST_STEP][PASSED] - Statement - PreSaveFile = new java.io.File(((pathPrefix + java.lang.Integer.toString(counter)) + .png)): null

2018-12-04 10:57:17 - [TEST_STEP][PASSED] - Statement - counter = counter + 1: null

2018-12-04 10:57:17 - [TEST_STEP][PASSED] - Statement - PreSaveFile = new java.io.File(((pathPrefix + java.lang.Integer.toString(counter)) + .png)): null

2018-12-04 10:57:17 - [TEST_STEP][PASSED] - Statement - counter = counter + 1: null

2018-12-04 10:57:19 - [TEST_STEP][PASSED] - Statement - PreSaveFile = new java.io.File(((pathPrefix + java.lang.Integer.toString(counter)) + .png)): null

2018-12-04 10:57:19 - [TEST_STEP][PASSED] - Statement - counter = counter + 1: null

2018-12-04 10:57:19 - [TEST_STEP][PASSED] - Statement - PreSaveFile = new java.io.File(((pathPrefix + java.lang.Integer.toString(counter)) + .png)): null

2018-12-04 10:57:19 - [TEST_STEP][PASSED] - Statement - counter = counter + 1: null

2018-12-04 10:57:19 - [TEST_STEP][PASSED] - Statement - PreSaveFile = new java.io.File(((pathPrefix + java.lang.Integer.toString(counter)) + .png)): null

2018-12-04 10:57:19 - [TEST_STEP][PASSED] - Statement - counter = counter + 1: null

2018-12-04 10:57:19 - [TEST_STEP][PASSED] - Statement - PreSaveFile = new java.io.File(((pathPrefix + java.lang.Integer.toString(counter)) + .png)): null

2018-12-04 10:57:19 - [TEST_STEP][PASSED] - Statement - counter = counter + 1: null

2018-12-04 10:57:19 - [TEST_STEP][PASSED] - Statement - PreSaveFile = new java.io.File(((pathPrefix + java.lang.Integer.toString(counter)) + .png)): null

2018-12-04 10:57:19 - [TEST_STEP][PASSED] - Statement - counter = counter + 1: null

2018-12-04 10:57:21 - [TEST_STEP][PASSED] - Statement - PreSaveFile = new java.io.File(((pathPrefix + java.lang.Integer.toString(counter)) + .png)): null

2018-12-04 10:57:21 - [TEST_STEP][PASSED] - Statement - counter = counter + 1: null

2018-12-04 10:57:21 - [TEST_STEP][PASSED] - Statement - PreSaveFile = new java.io.File(((pathPrefix + java.lang.Integer.toString(counter)) + .png)): null

2018-12-04 10:57:21 - [TEST_STEP][PASSED] - Statement - counter = counter + 1: null

2018-12-04 10:57:21 - [TEST_STEP][PASSED] - Statement - PreSaveFile = new java.io.File(((pathPrefix + java.lang.Integer.toString(counter)) + .png)): null

2018-12-04 10:57:21 - [TEST_STEP][PASSED] - Statement - counter = counter + 1: null

2018-12-04 10:57:21 - [TEST_STEP][PASSED] - Statement - PreSaveFile = new java.io.File(((pathPrefix + java.lang.Integer.toString(counter)) + .png)): null

2018-12-04 10:57:21 - [TEST_STEP][PASSED] - Statement - counter = counter + 1: null

2018-12-04 10:57:21 - [TEST_STEP][PASSED] - Statement - PreSaveFile = new java.io.File(((pathPrefix + java.lang.Integer.toString(counter)) + .png)): null

2018-12-04 10:57:21 - [TEST_STEP][PASSED] - Statement - counter = counter + 1: null

2018-12-04 10:57:23 - [TEST_STEP][PASSED] - Statement - PreSaveFile = new java.io.File(((pathPrefix + java.lang.Integer.toString(counter)) + .png)): null

2018-12-04 10:57:23 - [TEST_STEP][PASSED] - Statement - counter = counter + 1: null

2018-12-04 10:57:23 - [TEST_STEP][PASSED] - Statement - PreSaveFile = new java.io.File(((pathPrefix + java.lang.Integer.toString(counter)) + .png)): null

2018-12-04 10:57:23 - [TEST_STEP][PASSED] - Statement - counter = counter + 1: null

2018-12-04 10:57:23 - [TEST_STEP][PASSED] - Statement - PreSaveFile = new java.io.File(((pathPrefix + java.lang.Integer.toString(counter)) + .png)): null

2018-12-04 10:57:23 - [TEST_STEP][PASSED] - Statement - counter = counter + 1: null

2018-12-04 10:57:23 - [TEST_STEP][PASSED] - Statement - PreSaveFile = new java.io.File(((pathPrefix + java.lang.Integer.toString(counter)) + .png)): null

2018-12-04 10:57:23 - [TEST_STEP][PASSED] - Statement - counter = counter + 1: null

2018-12-04 10:57:23 - [TEST_STEP][PASSED] - Statement - PreSaveFile = new java.io.File(((pathPrefix + java.lang.Integer.toString(counter)) + .png)): null

2018-12-04 10:57:25 - [TEST_STEP][PASSED] - Statement - counter = counter + 1: null

2018-12-04 10:57:25 - [TEST_STEP][PASSED] - Statement - PreSaveFile = new java.io.File(((pathPrefix + java.lang.Integer.toString(counter)) + .png)): null

2018-12-04 10:57:25 - [TEST_STEP][PASSED] - Statement - counter = counter + 1: null

2018-12-04 10:57:25 - [TEST_STEP][PASSED] - Statement - PreSaveFile = new java.io.File(((pathPrefix + java.lang.Integer.toString(counter)) + .png)): null

2018-12-04 10:57:25 - [TEST_STEP][PASSED] - Statement - counter = counter + 1: null

2018-12-04 10:57:25 - [TEST_STEP][PASSED] - Statement - PreSaveFile = new java.io.File(((pathPrefix + java.lang.Integer.toString(counter)) + .png)): null

2018-12-04 10:57:25 - [TEST_STEP][PASSED] - Statement - counter = counter + 1: null

2018-12-04 10:57:25 - [TEST_STEP][PASSED] - Statement - PreSaveFile = new java.io.File(((pathPrefix + java.lang.Integer.toString(counter)) + .png)): null

2018-12-04 10:57:25 - [TEST_STEP][PASSED] - Statement - counter = counter + 1: null

2018-12-04 10:57:27 - [TEST_STEP][PASSED] - Statement - PreSaveFile = new java.io.File(((pathPrefix + java.lang.Integer.toString(counter)) + .png)): null

2018-12-04 10:57:27 - [TEST_STEP][PASSED] - Statement - counter = counter + 1: null

2018-12-04 10:57:27 - [TEST_STEP][PASSED] - Statement - PreSaveFile = new java.io.File(((pathPrefix + java.lang.Integer.toString(counter)) + .png)): null

2018-12-04 10:57:27 - [TEST_STEP][PASSED] - Statement - counter = counter + 1: null

2018-12-04 10:57:27 - [TEST_STEP][PASSED] - Statement - PreSaveFile = new java.io.File(((pathPrefix + java.lang.Integer.toString(counter)) + .png)): null

2018-12-04 10:57:27 - [TEST_STEP][PASSED] - Statement - counter = counter + 1: null

2018-12-04 10:57:27 - [TEST_STEP][PASSED] - Statement - PreSaveFile = new java.io.File(((pathPrefix + java.lang.Integer.toString(counter)) + .png)): null

2018-12-04 10:57:27 - [TEST_STEP][PASSED] - Statement - finalPath = pathPrefix + java.lang.Integer.toString(counter) + ".png": null

2018-12-04 10:57:27 - [TEST_STEP][PASSED] - Statement - SaveFile = new java.io.File(finalPath): null

2018-12-04 10:57:27 - [TEST_STEP][PASSED] - Statement - Try: null

2018-12-04 10:57:29 - [TEST_STEP][PASSED] - Statement - org.apache.commons.io.FileUtils.copyFile(scrFile, SaveFile): null

2018-12-04 10:57:29 - [TEST_STEP][PASSED] - Statement - out.println("file kept"): null

2018-12-04 10:57:29 - [TEST_STEP][PASSED] - delay: Delayed 10 second(s)

2018-12-04 10:57:39 - [MESSAGE][PASSED] - Delayed 10 second(s)

2018-12-04 10:57:39 - [MESSAGE][PASSED] - Call Test Case 'Test Cases/Final Aug 2018 - PKS Automation/Registration Module/New Registration/Submit and Screenshot/Submit Registration and Screenshot' successfully

2018-12-04 10:57:39 - [TEST_STEP][PASSED] - callTestCase: Call Test Case 'Test Cases/Final Aug 2018 - PKS Automation/Registration Module/Log Out/log out avoiding katalon tagging' successfully

2018-12-04 10:57:39 - [TEST_CASE][PASSED] - Test Cases/Final Aug 2018 - PKS Automation/Registration Module/Log Out/log out avoiding katalon tagging: Test Cases/Final Aug 2018 - PKS Automation/Registration Module/Log Out/log out avoiding katalon tagging

2018-12-04 10:57:39 - [TEST_STEP][PASSED] - navigateToUrl: Navigate to 'https://assist2-uat.perkeso.gov.my/c/portal/logout' successfully

2018-12-04 10:57:40 - [MESSAGE][PASSED] - Navigate to 'https://assist2-uat.perkeso.gov.my/c/portal/logout' successfully

2018-12-04 10:57:40 - [MESSAGE][PASSED] - Call Test Case 'Test Cases/Final Aug 2018 - PKS Automation/Registration Module/Log Out/log out avoiding katalon tagging' successfully

2018-12-04 10:57:40 - [TEST_STEP][PASSED] - callTestCase: Call Test Case 'Test Cases/Final Aug 2018 - PKS Automation/Common/Workflow Owner Finder' successfully

2018-12-04 10:57:41 - [TEST_CASE][PASSED] - Test Cases/Final Aug 2018 - PKS Automation/Common/Workflow Owner Finder: Test Cases/Final Aug 2018 - PKS Automation/Common/Workflow Owner Finder

2018-12-04 10:57:41 - [TEST_STEP][PASSED] - openBrowser: Browser is opened with url: ''

2018-12-04 10:57:41 - [MESSAGE][WARNING] - A browser is already opened. Closing browser and opening a new one

2018-12-04 10:57:44 - [MESSAGE][PASSED] - Browser is opened with url: ''

2018-12-04 10:57:44 - [TEST_STEP][PASSED] - navigateToUrl: Navigate to 'https://assist2-uat.perkeso.gov.my/login' successfully

2018-12-04 10:57:45 - [MESSAGE][PASSED] - Navigate to 'https://assist2-uat.perkeso.gov.my/login' successfully

2018-12-04 10:57:45 - [TEST_STEP][PASSED] - delay: Delayed 5 second(s)

2018-12-04 10:57:50 - [MESSAGE][PASSED] - Delayed 5 second(s)

2018-12-04 10:57:50 - [TEST_STEP][PASSED] - setText: Text 'test@liferay.com' is set on object 'Object Repository/Final Object Repo/Login Page/Internal User/Email Address'

2018-12-04 10:57:50 - [MESSAGE][PASSED] - Text 'test@liferay.com' is set on object 'Object Repository/Final Object Repo/Login Page/Internal User/Email Address'

2018-12-04 10:57:50 - [TEST_STEP][PASSED] - click: Object: 'Object Repository/Final Object Repo/Login Page/Internal User/Next Button' is clicked on

2018-12-04 10:57:50 - [MESSAGE][PASSED] - Object: 'Object Repository/Final Object Repo/Login Page/Internal User/Next Button' is clicked on

2018-12-04 10:57:50 - [TEST_STEP][PASSED] - delay: Delayed 2 second(s)

2018-12-04 10:57:52 - [MESSAGE][PASSED] - Delayed 2 second(s)

2018-12-04 10:57:52 - [TEST_STEP][PASSED] - setText: Text 'test' is set on object 'Object Repository/Final Object Repo/Login Page/Internal User/Password'

2018-12-04 10:57:52 - [MESSAGE][PASSED] - Text 'test' is set on object 'Object Repository/Final Object Repo/Login Page/Internal User/Password'

2018-12-04 10:57:52 - [TEST_STEP][PASSED] - delay: Delayed 2 second(s)

2018-12-04 10:57:54 - [MESSAGE][PASSED] - Delayed 2 second(s)

2018-12-04 10:57:54 - [TEST_STEP][PASSED] - click: Object: 'Object Repository/Final Object Repo/Login Page/Internal User/Login Button' is clicked on

2018-12-04 10:57:55 - [MESSAGE][PASSED] - Object: 'Object Repository/Final Object Repo/Login Page/Internal User/Login Button' is clicked on

2018-12-04 10:57:55 - [TEST_STEP][PASSED] - Statement - tester = com.kms.katalon.core.testobject.ObjectRepository.findTestObject(Final Object Repo/Landing Page/Select to English): Finding Test Object with id 'Object Repository/Final Object Repo/Landing Page/Select to English'

2018-12-04 10:57:55 - [TEST_STEP][PASSED] - Statement - Try: Delayed 2 second(s)

2018-12-04 10:57:55 - [TEST_STEP][PASSED] - Statement - Checker = com.kms.katalon.core.webui.keyword.WebUiBuiltInKeywords.verifyElementNotPresent(tester, 3): Web element with id: 'Object Repository/Final Object Repo/Landing Page/Select to English' located by 'By.xpath: //a[@class = 'taglib-language-list-text' and @lang = 'en-US' and (contains(text(), 'EN') or contains(., 'EN'))]' is not present after '3' second(s)

2018-12-04 10:57:57 - [MESSAGE][PASSED] - Web element with id: 'Object Repository/Final Object Repo/Landing Page/Select to English' located by 'By.xpath: //a[@class = 'taglib-language-list-text' and @lang = 'en-US' and (contains(text(), 'EN') or contains(., 'EN'))]' is not present after '3' second(s)

2018-12-04 10:57:57 - [TEST_STEP][PASSED] - Statement - If (Checker == false): null

2018-12-04 10:57:57 - [TEST_STEP][PASSED] - delay: Delayed 2 second(s)

2018-12-04 10:57:59 - [MESSAGE][PASSED] - Delayed 2 second(s)

2018-12-04 10:57:59 - [TEST_STEP][PASSED] - delay: Delayed 5 second(s)

2018-12-04 10:58:04 - [MESSAGE][PASSED] - Delayed 5 second(s)

2018-12-04 10:58:04 - [TEST_STEP][PASSED] - mouseOver: Object: 'Object Repository/Final Object Repo/Landing Page/WorkFlow Menu' is hovered

2018-12-04 10:58:04 - [MESSAGE][PASSED] - Object: 'Object Repository/Final Object Repo/Landing Page/WorkFlow Menu' is hovered

2018-12-04 10:58:04 - [TEST_STEP][PASSED] - delay: Delayed 2 second(s)

2018-12-04 10:58:06 - [MESSAGE][PASSED] - Delayed 2 second(s)

2018-12-04 10:58:06 - [TEST_STEP][PASSED] - click: Object: 'Object Repository/Final Object Repo/Landing Page/Select to Workflow Listing' is clicked on

2018-12-04 10:58:07 - [MESSAGE][PASSED] - Object: 'Object Repository/Final Object Repo/Landing Page/Select to Workflow Listing' is clicked on

2018-12-04 10:58:07 - [TEST_STEP][PASSED] - delay: Delayed 2 second(s)

2018-12-04 10:58:09 - [MESSAGE][PASSED] - Delayed 2 second(s)

2018-12-04 10:58:09 - [TEST_STEP][PASSED] - click: Object: 'Object Repository/Final Object Repo/WorkFlow Listing Page/Search Information - To Put Ref No' is clicked on

2018-12-04 10:58:09 - [MESSAGE][PASSED] - Object: 'Object Repository/Final Object Repo/WorkFlow Listing Page/Search Information - To Put Ref No' is clicked on

2018-12-04 10:58:09 - [TEST_STEP][PASSED] - delay: Delayed 2 second(s)

2018-12-04 10:58:11 - [MESSAGE][PASSED] - Delayed 2 second(s)

2018-12-04 10:58:11 - [TEST_STEP][PASSED] - callTestCase: Call Test Case 'Test Cases/Final Aug 2018 - PKS Automation/Common/Reference Number Getter' successfully

2018-12-04 10:58:11 - [TEST_CASE][PASSED] - Test Cases/Final Aug 2018 - PKS Automation/Common/Reference Number Getter: Test Cases/Final Aug 2018 - PKS Automation/Common/Reference Number Getter

2018-12-04 10:58:11 - [TEST_STEP][PASSED] - Statement - Try: null

2018-12-04 10:58:11 - [TEST_STEP][PASSED] - Statement - RefNo = new java.io.File(C://Users//Admin//Desktop//PKS//Automation Reference Point//KatalonReference.txt): null

2018-12-04 10:58:11 - [TEST_STEP][PASSED] - Statement - bufferread = new java.io.BufferedReader(new java.io.FileReader(RefNo)): null

2018-12-04 10:58:11 - [TEST_STEP][PASSED] - Statement - readedVal = bufferread.readLine(): null

2018-12-04 10:58:11 - [TEST_STEP][PASSED] - Statement - out.println(CaseReferenceNo): null

2018-12-04 10:58:11 - [TEST_STEP][PASSED] - Statement - out.println(readedVal): null

2018-12-04 10:58:11 - [TEST_STEP][PASSED] - Statement - CaseReferenceNo = "": null

2018-12-04 10:58:11 - [TEST_STEP][PASSED] - Statement - CaseReferenceNo = readedVal: null

2018-12-04 10:58:11 - [MESSAGE][PASSED] - Call Test Case 'Test Cases/Final Aug 2018 - PKS Automation/Common/Reference Number Getter' successfully

2018-12-04 10:58:11 - [TEST_STEP][PASSED] - setText: Text 'CRN12201800122969' is set on object 'Object Repository/Final Object Repo/WorkFlow Listing Page/Ref No Set Text'

2018-12-04 10:58:12 - [MESSAGE][PASSED] - Text 'CRN12201800122969' is set on object 'Object Repository/Final Object Repo/WorkFlow Listing Page/Ref No Set Text'

2018-12-04 10:58:12 - [TEST_STEP][PASSED] - delay: Delayed 2 second(s)

2018-12-04 10:58:14 - [MESSAGE][PASSED] - Delayed 2 second(s)

2018-12-04 10:58:14 - [TEST_STEP][PASSED] - click: Object: 'Object Repository/Final Object Repo/WorkFlow Listing Page/Search Ref No Search Button' is clicked on

2018-12-04 10:58:14 - [MESSAGE][PASSED] - Object: 'Object Repository/Final Object Repo/WorkFlow Listing Page/Search Ref No Search Button' is clicked on

2018-12-04 10:58:14 - [TEST_STEP][PASSED] - delay: Delayed 6 second(s)

2018-12-04 10:58:20 - [MESSAGE][PASSED] - Delayed 6 second(s)

2018-12-04 10:58:20 - [TEST_STEP][PASSED] - click: Object: 'Object Repository/Final Object Repo/WorkFlow Listing Page/Click Continue Tooltip' is clicked on

2018-12-04 10:58:21 - [MESSAGE][PASSED] - Object: 'Object Repository/Final Object Repo/WorkFlow Listing Page/Click Continue Tooltip' is clicked on

2018-12-04 10:58:21 - [TEST_STEP][PASSED] - delay: Delayed 5 second(s)

2018-12-04 10:58:26 - [MESSAGE][PASSED] - Delayed 5 second(s)

2018-12-04 10:58:26 - [TEST_STEP][PASSED] - doubleClick: Object: 'Object Repository/Final Object Repo/WorkFlow Listing Page/Workflow Found - Listing 1' is double clicked on

2018-12-04 10:58:26 - [MESSAGE][PASSED] - Object: 'Object Repository/Final Object Repo/WorkFlow Listing Page/Workflow Found - Listing 1' is double clicked on

2018-12-04 10:58:26 - [TEST_STEP][PASSED] - Statement - println(OwnerID): null

2018-12-04 10:58:26 - [TEST_STEP][PASSED] - Statement - OwnerID = com.kms.katalon.core.webui.keyword.WebUiBuiltInKeywords.getText(com.kms.katalon.core.testobject.ObjectRepository.findTestObject(Final Object Repo/WorkFlow Listing Page/Workflow Found - Listing 1), STOP_ON_FAILURE): Text of object 'Object Repository/Final Object Repo/WorkFlow Listing Page/Workflow Found - Listing 1' is: 'JOHORro3'

2018-12-04 10:58:26 - [MESSAGE][PASSED] - Text of object 'Object Repository/Final Object Repo/WorkFlow Listing Page/Workflow Found - Listing 1' is: 'JOHORro3'

2018-12-04 10:58:26 - [TEST_STEP][PASSED] - Statement - OwnerID = OwnerID.toLowerCase() + "@gmail.com": null

2018-12-04 10:58:26 - [TEST_STEP][PASSED] - Statement - println(OwnerID): null

2018-12-04 10:58:26 - [TEST_STEP][PASSED] - delay: Delayed 2 second(s)

2018-12-04 10:58:28 - [MESSAGE][PASSED] - Delayed 2 second(s)

2018-12-04 10:58:28 - [MESSAGE][PASSED] - Call Test Case 'Test Cases/Final Aug 2018 - PKS Automation/Common/Workflow Owner Finder' successfully

2018-12-04 10:58:28 - [TEST_STEP][PASSED] - callTestCase: Call Test Case 'Test Cases/Final Aug 2018 - PKS Automation/Registration Module/Log Out/log out avoiding katalon tagging' successfully

2018-12-04 10:58:28 - [TEST_CASE][PASSED] - Test Cases/Final Aug 2018 - PKS Automation/Registration Module/Log Out/log out avoiding katalon tagging: Test Cases/Final Aug 2018 - PKS Automation/Registration Module/Log Out/log out avoiding katalon tagging

2018-12-04 10:58:28 - [TEST_STEP][PASSED] - navigateToUrl: Navigate to 'https://assist2-uat.perkeso.gov.my/c/portal/logout' successfully

2018-12-04 10:58:29 - [MESSAGE][PASSED] - Navigate to 'https://assist2-uat.perkeso.gov.my/c/portal/logout' successfully

2018-12-04 10:58:29 - [MESSAGE][PASSED] - Call Test Case 'Test Cases/Final Aug 2018 - PKS Automation/Registration Module/Log Out/log out avoiding katalon tagging' successfully

2018-12-04 10:58:29 - [TEST_STEP][PASSED] - delay: Delayed 2 second(s)

2018-12-04 10:58:31 - [MESSAGE][PASSED] - Delayed 2 second(s)

2018-12-04 10:58:31 - [TEST_STEP][PASSED] - setText: Text 'johorro3@gmail.com' is set on object 'Object Repository/Final Object Repo/New Registration - Registration Module Pages/New Reg - OTC to RO/Special Case - All Related Objects/Email TextBox'

2018-12-04 10:58:31 - [MESSAGE][PASSED] - Text 'johorro3@gmail.com' is set on object 'Object Repository/Final Object Repo/New Registration - Registration Module Pages/New Reg - OTC to RO/Special Case - All Related Objects/Email TextBox'

2018-12-04 10:58:31 - [TEST_STEP][PASSED] - click: Object: 'Object Repository/Final Object Repo/New Registration - Registration Module Pages/New Reg - OTC to RO/Special Case - All Related Objects/Next Button' is clicked on

2018-12-04 10:58:32 - [MESSAGE][PASSED] - Object: 'Object Repository/Final Object Repo/New Registration - Registration Module Pages/New Reg - OTC to RO/Special Case - All Related Objects/Next Button' is clicked on

2018-12-04 10:58:32 - [TEST_STEP][PASSED] - delay: Delayed 2 second(s)

2018-12-04 10:58:34 - [MESSAGE][PASSED] - Delayed 2 second(s)

2018-12-04 10:58:34 - [TEST_STEP][PASSED] - setText: Text 'Test1@3456789' is set on object 'Object Repository/Final Object Repo/New Registration - Registration Module Pages/New Reg - OTC to RO/Special Case - All Related Objects/Password TextBox'

2018-12-04 10:58:34 - [MESSAGE][PASSED] - Text 'Test1@3456789' is set on object 'Object Repository/Final Object Repo/New Registration - Registration Module Pages/New Reg - OTC to RO/Special Case - All Related Objects/Password TextBox'

2018-12-04 10:58:34 - [TEST_STEP][PASSED] - delay: Delayed 2 second(s)

2018-12-04 10:58:36 - [MESSAGE][PASSED] - Delayed 2 second(s)

2018-12-04 10:58:36 - [TEST_STEP][PASSED] - click: Object: 'Object Repository/Final Object Repo/New Registration - Registration Module Pages/New Reg - OTC to RO/Special Case - All Related Objects/Login Button' is clicked on

2018-12-04 10:58:36 - [MESSAGE][PASSED] - Object: 'Object Repository/Final Object Repo/New Registration - Registration Module Pages/New Reg - OTC to RO/Special Case - All Related Objects/Login Button' is clicked on

2018-12-04 10:58:36 - [TEST_STEP][PASSED] - delay: Delayed 2 second(s)

2018-12-04 10:58:38 - [MESSAGE][PASSED] - Delayed 2 second(s)

2018-12-04 10:58:38 - [TEST_STEP][PASSED] - Statement - Try: null

2018-12-04 10:58:38 - [TEST_STEP][PASSED] - Statement - Checker = com.kms.katalon.core.webui.keyword.WebUiBuiltInKeywords.verifyElementNotPresent("Final Object Repo/Landing Page/Select to English", 3): null

2018-12-04 10:58:38 - [TEST_STEP][PASSED] - Statement - Catch (Exception e): null

2018-12-04 10:58:38 - [TEST_STEP][PASSED] - Statement - e.printStackTrace(): null

2018-12-04 10:58:38 - [TEST_STEP][PASSED] - click: Object: 'Object Repository/Final Object Repo/New Registration - Registration Module Pages/New Reg - OTC to RO/Special Case - All Related Objects/Expand to Search' is clicked on

2018-12-04 10:58:38 - [MESSAGE][PASSED] - Object: 'Object Repository/Final Object Repo/New Registration - Registration Module Pages/New Reg - OTC to RO/Special Case - All Related Objects/Expand to Search' is clicked on

2018-12-04 10:58:38 - [TEST_STEP][PASSED] - setText: Text 'CRN12201800122969' is set on object 'Object Repository/Final Object Repo/New Registration - Registration Module Pages/New Reg - OTC to RO/Special Case - All Related Objects/TextBox RefNo in Workbasket'

2018-12-04 10:58:39 - [MESSAGE][PASSED] - Text 'CRN12201800122969' is set on object 'Object Repository/Final Object Repo/New Registration - Registration Module Pages/New Reg - OTC to RO/Special Case - All Related Objects/TextBox RefNo in Workbasket'

2018-12-04 10:58:39 - [TEST_STEP][PASSED] - delay: Delayed 2 second(s)

2018-12-04 10:58:41 - [MESSAGE][PASSED] - Delayed 2 second(s)

2018-12-04 10:58:41 - [TEST_STEP][PASSED] - click: Object: 'Object Repository/Final Object Repo/New Registration - Registration Module Pages/New Reg - OTC to RO/Special Case - All Related Objects/Click Search' is clicked on

2018-12-04 10:58:41 - [MESSAGE][PASSED] - Object: 'Object Repository/Final Object Repo/New Registration - Registration Module Pages/New Reg - OTC to RO/Special Case - All Related Objects/Click Search' is clicked on

2018-12-04 10:58:41 - [TEST_STEP][PASSED] - delay: Delayed 2 second(s)

2018-12-04 10:58:43 - [MESSAGE][PASSED] - Delayed 2 second(s)

2018-12-04 10:58:43 - [TEST_STEP][PASSED] - click: Object: 'Object Repository/Final Object Repo/New Registration - Registration Module Pages/New Reg - OTC to RO/Special Case - All Related Objects/Click to Continue Workflow' is clicked on

2018-12-04 10:58:46 - [MESSAGE][PASSED] - Object: 'Object Repository/Final Object Repo/New Registration - Registration Module Pages/New Reg - OTC to RO/Special Case - All Related Objects/Click to Continue Workflow' is clicked on

2018-12-04 10:58:46 - [TEST_STEP][PASSED] - delay: Delayed 2 second(s)

2018-12-04 10:58:48 - [MESSAGE][PASSED] - Delayed 2 second(s)

2018-12-04 10:58:48 - [TEST_STEP][PASSED] - click: Object: 'Object Repository/Final Object Repo/New Registration - Registration Module Pages/New Reg - OTC to RO/Special Case - All Related Objects/Continue Button in verifying case' is clicked on

2018-12-04 10:58:50 - [MESSAGE][PASSED] - Object: 'Object Repository/Final Object Repo/New Registration - Registration Module Pages/New Reg - OTC to RO/Special Case - All Related Objects/Continue Button in verifying case' is clicked on

2018-12-04 10:58:50 - [TEST_STEP][PASSED] - delay: Delayed 2 second(s)

2018-12-04 10:58:52 - [MESSAGE][PASSED] - Delayed 2 second(s)

2018-12-04 10:58:52 - [TEST_STEP][PASSED] - click: Object: 'Object Repository/Final Object Repo/New Registration - Registration Module Pages/Form 1/Registered As a Branch - Yes' is clicked on

2018-12-04 10:58:52 - [MESSAGE][PASSED] - Object: 'Object Repository/Final Object Repo/New Registration - Registration Module Pages/Form 1/Registered As a Branch - Yes' is clicked on

2018-12-04 10:58:52 - [TEST_STEP][PASSED] - delay: Delayed 2 second(s)

2018-12-04 10:58:54 - [MESSAGE][PASSED] - Delayed 2 second(s)

2018-12-04 10:58:54 - [TEST_STEP][PASSED] - click: Object: 'Object Repository/Final Object Repo/New Registration - Registration Module Pages/New Reg - OTC to RO/Special Case - All Related Objects/Form 1 Save n Continue' is clicked on

2018-12-04 10:58:54 - [MESSAGE][PASSED] - Object: 'Object Repository/Final Object Repo/New Registration - Registration Module Pages/New Reg - OTC to RO/Special Case - All Related Objects/Form 1 Save n Continue' is clicked on

2018-12-04 10:58:54 - [TEST_STEP][PASSED] - delay: Delayed 2 second(s)

2018-12-04 10:58:56 - [MESSAGE][PASSED] - Delayed 2 second(s)

2018-12-04 10:58:56 - [TEST_STEP][PASSED] - click: Object: 'Object Repository/Final Object Repo/New Registration - Registration Module Pages/New Reg - OTC to RO/Special Case - All Related Objects/Form 2 Save n Continue' is clicked on

2018-12-04 10:58:57 - [MESSAGE][PASSED] - Object: 'Object Repository/Final Object Repo/New Registration - Registration Module Pages/New Reg - OTC to RO/Special Case - All Related Objects/Form 2 Save n Continue' is clicked on

2018-12-04 10:58:57 - [TEST_STEP][PASSED] - delay: Delayed 2 second(s)

2018-12-04 10:58:59 - [MESSAGE][PASSED] - Delayed 2 second(s)

2018-12-04 10:58:59 - [TEST_STEP][PASSED] - click: Object: 'Object Repository/Final Object Repo/New Registration - Registration Module Pages/New Reg - OTC to RO/Special Case - All Related Objects/Third Screen Save n Continue' is clicked on

2018-12-04 10:59:04 - [MESSAGE][PASSED] - Object: 'Object Repository/Final Object Repo/New Registration - Registration Module Pages/New Reg - OTC to RO/Special Case - All Related Objects/Third Screen Save n Continue' is clicked on

2018-12-04 10:59:04 - [TEST_STEP][PASSED] - delay: Delayed 5 second(s)

2018-12-04 10:59:09 - [MESSAGE][PASSED] - Delayed 5 second(s)

2018-12-04 10:59:09 - [TEST_STEP][PASSED] - click: Object: 'Object Repository/Final Object Repo/New Registration - Registration Module Pages/New Reg - OTC to RO/Special Case - All Related Objects/Upload Doc Page Save n Continue' is clicked on

2018-12-04 10:59:09 - [MESSAGE][PASSED] - Object: 'Object Repository/Final Object Repo/New Registration - Registration Module Pages/New Reg - OTC to RO/Special Case - All Related Objects/Upload Doc Page Save n Continue' is clicked on

2018-12-04 10:59:09 - [TEST_STEP][PASSED] - delay: Delayed 5 second(s)

2018-12-04 10:59:14 - [MESSAGE][PASSED] - Delayed 5 second(s)

2018-12-04 10:59:14 - [TEST_STEP][PASSED] - click: Object: 'Object Repository/Final Object Repo/New Registration - Registration Module Pages/New Reg - OTC to RO/Special Case - All Related Objects/Under Enforcement Button at Preview Screen of RO' is clicked on

2018-12-04 10:59:15 - [MESSAGE][PASSED] - Object: 'Object Repository/Final Object Repo/New Registration - Registration Module Pages/New Reg - OTC to RO/Special Case - All Related Objects/Under Enforcement Button at Preview Screen of RO' is clicked on

2018-12-04 10:59:15 - [TEST_STEP][PASSED] - delay: Delayed 5 second(s)

2018-12-04 10:59:20 - [MESSAGE][PASSED] - Delayed 5 second(s)

2018-12-04 10:59:20 - [TEST_STEP][PASSED] - click: Object: 'Object Repository/Final Object Repo/New Registration - Registration Module Pages/New Reg - OTC to RO/Special Case - All Related Objects/Under Enforcement - inner form' is clicked on

2018-12-04 10:59:20 - [MESSAGE][PASSED] - Object: 'Object Repository/Final Object Repo/New Registration - Registration Module Pages/New Reg - OTC to RO/Special Case - All Related Objects/Under Enforcement - inner form' is clicked on

2018-12-04 10:59:20 - [TEST_STEP][PASSED] - callTestCase: Call Test Case 'Test Cases/Final Aug 2018 - PKS Automation/Common/Screenshoting tool' successfully

2018-12-04 10:59:20 - [TEST_CASE][PASSED] - Test Cases/Final Aug 2018 - PKS Automation/Common/Screenshoting tool: Test Cases/Final Aug 2018 - PKS Automation/Common/Screenshoting tool

2018-12-04 10:59:20 - [TEST_STEP][PASSED] - delay: Delayed 15 second(s)

2018-12-04 10:59:35 - [MESSAGE][PASSED] - Delayed 15 second(s)

2018-12-04 10:59:35 - [TEST_STEP][PASSED] - Statement - driver = com.kms.katalon.core.webui.driver.DriverFactory.getWebDriver(): null

2018-12-04 10:59:35 - [TEST_STEP][PASSED] - Statement - driver.manage().timeouts().implicitlyWait(10, SECONDS): null

2018-12-04 10:59:35 - [TEST_STEP][PASSED] - Statement - PresavePath = KatalonScreenshots: null

2018-12-04 10:59:35 - [TEST_STEP][PASSED] - Statement - pathPrefix = "C:\Users\Public\Pictures\Sample Pictures\Katalon Screenshots\Automate Ending Screen": null

2018-12-04 10:59:35 - [TEST_STEP][PASSED] - Statement - finalPath = <not implemented yet for class: org.codehaus.groovy.ast.expr.EmptyExpression>: null

2018-12-04 10:59:35 - [TEST_STEP][PASSED] - Statement - scrFile = driver.getScreenshotAs(FILE): null

2018-12-04 10:59:35 - [TEST_STEP][PASSED] - Statement - PreSaveFile = new java.io.File(PresavePath): null

2018-12-04 10:59:35 - [TEST_STEP][PASSED] - Statement - counter = 0: null

2018-12-04 10:59:35 - [TEST_STEP][PASSED] - Statement - If (PreSaveFile.exists()): null

2018-12-04 10:59:35 - [TEST_STEP][PASSED] - Statement - While (PreSaveFile.exists()): null

2018-12-04 10:59:35 - [TEST_STEP][PASSED] - Statement - counter = counter + 1: null

2018-12-04 10:59:35 - [TEST_STEP][PASSED] - Statement - PreSaveFile = new java.io.File(((pathPrefix + java.lang.Integer.toString(counter)) + .png)): null

2018-12-04 10:59:35 - [TEST_STEP][PASSED] - Statement - counter = counter + 1: null

2018-12-04 10:59:35 - [TEST_STEP][PASSED] - Statement - PreSaveFile = new java.io.File(((pathPrefix + java.lang.Integer.toString(counter)) + .png)): null

2018-12-04 10:59:35 - [TEST_STEP][PASSED] - Statement - counter = counter + 1: null

2018-12-04 10:59:35 - [TEST_STEP][PASSED] - Statement - PreSaveFile = new java.io.File(((pathPrefix + java.lang.Integer.toString(counter)) + .png)): null

2018-12-04 10:59:35 - [TEST_STEP][PASSED] - Statement - counter = counter + 1: null

2018-12-04 10:59:35 - [TEST_STEP][PASSED] - Statement - PreSaveFile = new java.io.File(((pathPrefix + java.lang.Integer.toString(counter)) + .png)): null

2018-12-04 10:59:35 - [TEST_STEP][PASSED] - Statement - counter = counter + 1: null

2018-12-04 10:59:35 - [TEST_STEP][PASSED] - Statement - PreSaveFile = new java.io.File(((pathPrefix + java.lang.Integer.toString(counter)) + .png)): null

2018-12-04 10:59:35 - [TEST_STEP][PASSED] - Statement - counter = counter + 1: null

2018-12-04 10:59:35 - [TEST_STEP][PASSED] - Statement - PreSaveFile = new java.io.File(((pathPrefix + java.lang.Integer.toString(counter)) + .png)): null

2018-12-04 10:59:35 - [TEST_STEP][PASSED] - Statement - counter = counter + 1: null

2018-12-04 10:59:35 - [TEST_STEP][PASSED] - Statement - PreSaveFile = new java.io.File(((pathPrefix + java.lang.Integer.toString(counter)) + .png)): null

2018-12-04 10:59:35 - [TEST_STEP][PASSED] - Statement - counter = counter + 1: null

2018-12-04 10:59:36 - [TEST_STEP][PASSED] - Statement - PreSaveFile = new java.io.File(((pathPrefix + java.lang.Integer.toString(counter)) + .png)): null

2018-12-04 10:59:36 - [TEST_STEP][PASSED] - Statement - counter = counter + 1: null

2018-12-04 10:59:36 - [TEST_STEP][PASSED] - Statement - PreSaveFile = new java.io.File(((pathPrefix + java.lang.Integer.toString(counter)) + .png)): null

2018-12-04 10:59:36 - [TEST_STEP][PASSED] - Statement - counter = counter + 1: null

2018-12-04 10:59:36 - [TEST_STEP][PASSED] - Statement - PreSaveFile = new java.io.File(((pathPrefix + java.lang.Integer.toString(counter)) + .png)): null

2018-12-04 10:59:36 - [TEST_STEP][PASSED] - Statement - counter = counter + 1: null

2018-12-04 10:59:36 - [TEST_STEP][PASSED] - Statement - PreSaveFile = new java.io.File(((pathPrefix + java.lang.Integer.toString(counter)) + .png)): null

2018-12-04 10:59:36 - [TEST_STEP][PASSED] - Statement - counter = counter + 1: null

2018-12-04 10:59:36 - [TEST_STEP][PASSED] - Statement - PreSaveFile = new java.io.File(((pathPrefix + java.lang.Integer.toString(counter)) + .png)): null

2018-12-04 10:59:36 - [TEST_STEP][PASSED] - Statement - counter = counter + 1: null

2018-12-04 10:59:36 - [TEST_STEP][PASSED] - Statement - PreSaveFile = new java.io.File(((pathPrefix + java.lang.Integer.toString(counter)) + .png)): null

2018-12-04 10:59:36 - [TEST_STEP][PASSED] - Statement - counter = counter + 1: null

2018-12-04 10:59:36 - [TEST_STEP][PASSED] - Statement - PreSaveFile = new java.io.File(((pathPrefix + java.lang.Integer.toString(counter)) + .png)): null

2018-12-04 10:59:36 - [TEST_STEP][PASSED] - Statement - counter = counter + 1: null

2018-12-04 10:59:36 - [TEST_STEP][PASSED] - Statement - PreSaveFile = new java.io.File(((pathPrefix + java.lang.Integer.toString(counter)) + .png)): null

2018-12-04 10:59:36 - [TEST_STEP][PASSED] - Statement - counter = counter + 1: null

2018-12-04 10:59:36 - [TEST_STEP][PASSED] - Statement - PreSaveFile = new java.io.File(((pathPrefix + java.lang.Integer.toString(counter)) + .png)): null

2018-12-04 10:59:36 - [TEST_STEP][PASSED] - Statement - counter = counter + 1: null

2018-12-04 10:59:36 - [TEST_STEP][PASSED] - Statement - PreSaveFile = new java.io.File(((pathPrefix + java.lang.Integer.toString(counter)) + .png)): null

2018-12-04 10:59:37 - [TEST_STEP][PASSED] - Statement - counter = counter + 1: null

2018-12-04 10:59:37 - [TEST_STEP][PASSED] - Statement - PreSaveFile = new java.io.File(((pathPrefix + java.lang.Integer.toString(counter)) + .png)): null

2018-12-04 10:59:37 - [TEST_STEP][PASSED] - Statement - counter = counter + 1: null

2018-12-04 10:59:37 - [TEST_STEP][PASSED] - Statement - PreSaveFile = new java.io.File(((pathPrefix + java.lang.Integer.toString(counter)) + .png)): null

2018-12-04 10:59:37 - [TEST_STEP][PASSED] - Statement - counter = counter + 1: null

2018-12-04 10:59:37 - [TEST_STEP][PASSED] - Statement - PreSaveFile = new java.io.File(((pathPrefix + java.lang.Integer.toString(counter)) + .png)): null

2018-12-04 10:59:37 - [TEST_STEP][PASSED] - Statement - counter = counter + 1: null

2018-12-04 10:59:37 - [TEST_STEP][PASSED] - Statement - PreSaveFile = new java.io.File(((pathPrefix + java.lang.Integer.toString(counter)) + .png)): null

2018-12-04 10:59:37 - [TEST_STEP][PASSED] - Statement - counter = counter + 1: null

2018-12-04 10:59:37 - [TEST_STEP][PASSED] - Statement - PreSaveFile = new java.io.File(((pathPrefix + java.lang.Integer.toString(counter)) + .png)): null

2018-12-04 10:59:37 - [TEST_STEP][PASSED] - Statement - counter = counter + 1: null

2018-12-04 10:59:39 - [TEST_STEP][PASSED] - Statement - PreSaveFile = new java.io.File(((pathPrefix + java.lang.Integer.toString(counter)) + .png)): null

2018-12-04 10:59:39 - [TEST_STEP][PASSED] - Statement - counter = counter + 1: null

2018-12-04 10:59:39 - [TEST_STEP][PASSED] - Statement - PreSaveFile = new java.io.File(((pathPrefix + java.lang.Integer.toString(counter)) + .png)): null

2018-12-04 10:59:39 - [TEST_STEP][PASSED] - Statement - counter = counter + 1: null

2018-12-04 10:59:39 - [TEST_STEP][PASSED] - Statement - PreSaveFile = new java.io.File(((pathPrefix + java.lang.Integer.toString(counter)) + .png)): null

2018-12-04 10:59:39 - [TEST_STEP][PASSED] - Statement - counter = counter + 1: null

2018-12-04 10:59:39 - [TEST_STEP][PASSED] - Statement - PreSaveFile = new java.io.File(((pathPrefix + java.lang.Integer.toString(counter)) + .png)): null

2018-12-04 10:59:39 - [TEST_STEP][PASSED] - Statement - counter = counter + 1: null

2018-12-04 10:59:39 - [TEST_STEP][PASSED] - Statement - PreSaveFile = new java.io.File(((pathPrefix + java.lang.Integer.toString(counter)) + .png)): null

2018-12-04 10:59:39 - [TEST_STEP][PASSED] - Statement - counter = counter + 1: null

2018-12-04 10:59:40 - [TEST_STEP][PASSED] - Statement - PreSaveFile = new java.io.File(((pathPrefix + java.lang.Integer.toString(counter)) + .png)): null

2018-12-04 10:59:40 - [TEST_STEP][PASSED] - Statement - counter = counter + 1: null

2018-12-04 10:59:40 - [TEST_STEP][PASSED] - Statement - PreSaveFile = new java.io.File(((pathPrefix + java.lang.Integer.toString(counter)) + .png)): null

2018-12-04 10:59:40 - [TEST_STEP][PASSED] - Statement - counter = counter + 1: null

2018-12-04 10:59:40 - [TEST_STEP][PASSED] - Statement - PreSaveFile = new java.io.File(((pathPrefix + java.lang.Integer.toString(counter)) + .png)): null

2018-12-04 10:59:40 - [TEST_STEP][PASSED] - Statement - counter = counter + 1: null

2018-12-04 10:59:40 - [TEST_STEP][PASSED] - Statement - PreSaveFile = new java.io.File(((pathPrefix + java.lang.Integer.toString(counter)) + .png)): null

2018-12-04 10:59:40 - [TEST_STEP][PASSED] - Statement - counter = counter + 1: null

2018-12-04 10:59:40 - [TEST_STEP][PASSED] - Statement - PreSaveFile = new java.io.File(((pathPrefix + java.lang.Integer.toString(counter)) + .png)): null

2018-12-04 10:59:40 - [TEST_STEP][PASSED] - Statement - counter = counter + 1: null

2018-12-04 10:59:42 - [TEST_STEP][PASSED] - Statement - PreSaveFile = new java.io.File(((pathPrefix + java.lang.Integer.toString(counter)) + .png)): null

2018-12-04 10:59:42 - [TEST_STEP][PASSED] - Statement - counter = counter + 1: null

2018-12-04 10:59:42 - [TEST_STEP][PASSED] - Statement - PreSaveFile = new java.io.File(((pathPrefix + java.lang.Integer.toString(counter)) + .png)): null

2018-12-04 10:59:42 - [TEST_STEP][PASSED] - Statement - counter = counter + 1: null

2018-12-04 10:59:42 - [TEST_STEP][PASSED] - Statement - PreSaveFile = new java.io.File(((pathPrefix + java.lang.Integer.toString(counter)) + .png)): null

2018-12-04 10:59:42 - [TEST_STEP][PASSED] - Statement - counter = counter + 1: null

2018-12-04 10:59:42 - [TEST_STEP][PASSED] - Statement - PreSaveFile = new java.io.File(((pathPrefix + java.lang.Integer.toString(counter)) + .png)): null

2018-12-04 10:59:42 - [TEST_STEP][PASSED] - Statement - counter = counter + 1: null

2018-12-04 10:59:42 - [TEST_STEP][PASSED] - Statement - PreSaveFile = new java.io.File(((pathPrefix + java.lang.Integer.toString(counter)) + .png)): null

2018-12-04 10:59:43 - [TEST_STEP][PASSED] - Statement - counter = counter + 1: null

2018-12-04 10:59:43 - [TEST_STEP][PASSED] - Statement - PreSaveFile = new java.io.File(((pathPrefix + java.lang.Integer.toString(counter)) + .png)): null

2018-12-04 10:59:43 - [TEST_STEP][PASSED] - Statement - counter = counter + 1: null

2018-12-04 10:59:43 - [TEST_STEP][PASSED] - Statement - PreSaveFile = new java.io.File(((pathPrefix + java.lang.Integer.toString(counter)) + .png)): null

2018-12-04 10:59:43 - [TEST_STEP][PASSED] - Statement - counter = counter + 1: null

2018-12-04 10:59:43 - [TEST_STEP][PASSED] - Statement - PreSaveFile = new java.io.File(((pathPrefix + java.lang.Integer.toString(counter)) + .png)): null

2018-12-04 10:59:43 - [TEST_STEP][PASSED] - Statement - counter = counter + 1: null

2018-12-04 10:59:43 - [TEST_STEP][PASSED] - Statement - PreSaveFile = new java.io.File(((pathPrefix + java.lang.Integer.toString(counter)) + .png)): null

2018-12-04 10:59:43 - [TEST_STEP][PASSED] - Statement - counter = counter + 1: null

2018-12-04 10:59:44 - [TEST_STEP][PASSED] - Statement - PreSaveFile = new java.io.File(((pathPrefix + java.lang.Integer.toString(counter)) + .png)): null

2018-12-04 10:59:44 - [TEST_STEP][PASSED] - Statement - counter = counter + 1: null

2018-12-04 10:59:44 - [TEST_STEP][PASSED] - Statement - PreSaveFile = new java.io.File(((pathPrefix + java.lang.Integer.toString(counter)) + .png)): null

2018-12-04 10:59:44 - [TEST_STEP][PASSED] - Statement - counter = counter + 1: null

2018-12-04 10:59:44 - [TEST_STEP][PASSED] - Statement - PreSaveFile = new java.io.File(((pathPrefix + java.lang.Integer.toString(counter)) + .png)): null

2018-12-04 10:59:44 - [TEST_STEP][PASSED] - Statement - counter = counter + 1: null

2018-12-04 10:59:44 - [TEST_STEP][PASSED] - Statement - PreSaveFile = new java.io.File(((pathPrefix + java.lang.Integer.toString(counter)) + .png)): null

2018-12-04 10:59:44 - [TEST_STEP][PASSED] - Statement - counter = counter + 1: null

2018-12-04 10:59:44 - [TEST_STEP][PASSED] - Statement - PreSaveFile = new java.io.File(((pathPrefix + java.lang.Integer.toString(counter)) + .png)): null

2018-12-04 10:59:44 - [TEST_STEP][PASSED] - Statement - counter = counter + 1: null

2018-12-04 10:59:46 - [TEST_STEP][PASSED] - Statement - PreSaveFile = new java.io.File(((pathPrefix + java.lang.Integer.toString(counter)) + .png)): null

2018-12-04 10:59:46 - [TEST_STEP][PASSED] - Statement - counter = counter + 1: null

2018-12-04 10:59:46 - [TEST_STEP][PASSED] - Statement - PreSaveFile = new java.io.File(((pathPrefix + java.lang.Integer.toString(counter)) + .png)): null

2018-12-04 10:59:46 - [TEST_STEP][PASSED] - Statement - counter = counter + 1: null

2018-12-04 10:59:46 - [TEST_STEP][PASSED] - Statement - PreSaveFile = new java.io.File(((pathPrefix + java.lang.Integer.toString(counter)) + .png)): null

2018-12-04 10:59:46 - [TEST_STEP][PASSED] - Statement - counter = counter + 1: null

2018-12-04 10:59:46 - [TEST_STEP][PASSED] - Statement - PreSaveFile = new java.io.File(((pathPrefix + java.lang.Integer.toString(counter)) + .png)): null

2018-12-04 10:59:46 - [TEST_STEP][PASSED] - Statement - counter = counter + 1: null

2018-12-04 10:59:46 - [TEST_STEP][PASSED] - Statement - PreSaveFile = new java.io.File(((pathPrefix + java.lang.Integer.toString(counter)) + .png)): null

2018-12-04 10:59:46 - [TEST_STEP][PASSED] - Statement - counter = counter + 1: null

2018-12-04 10:59:47 - [TEST_STEP][PASSED] - Statement - PreSaveFile = new java.io.File(((pathPrefix + java.lang.Integer.toString(counter)) + .png)): null

2018-12-04 10:59:47 - [TEST_STEP][PASSED] - Statement - counter = counter + 1: null

2018-12-04 10:59:47 - [TEST_STEP][PASSED] - Statement - PreSaveFile = new java.io.File(((pathPrefix + java.lang.Integer.toString(counter)) + .png)): null

2018-12-04 10:59:47 - [TEST_STEP][PASSED] - Statement - counter = counter + 1: null

2018-12-04 10:59:47 - [TEST_STEP][PASSED] - Statement - PreSaveFile = new java.io.File(((pathPrefix + java.lang.Integer.toString(counter)) + .png)): null

2018-12-04 10:59:47 - [TEST_STEP][PASSED] - Statement - counter = counter + 1: null

2018-12-04 10:59:47 - [TEST_STEP][PASSED] - Statement - PreSaveFile = new java.io.File(((pathPrefix + java.lang.Integer.toString(counter)) + .png)): null

2018-12-04 10:59:47 - [TEST_STEP][PASSED] - Statement - counter = counter + 1: null

2018-12-04 10:59:47 - [TEST_STEP][PASSED] - Statement - PreSaveFile = new java.io.File(((pathPrefix + java.lang.Integer.toString(counter)) + .png)): null

2018-12-04 10:59:47 - [TEST_STEP][PASSED] - Statement - counter = counter + 1: null

2018-12-04 10:59:48 - [TEST_STEP][PASSED] - Statement - PreSaveFile = new java.io.File(((pathPrefix + java.lang.Integer.toString(counter)) + .png)): null

2018-12-04 10:59:48 - [TEST_STEP][PASSED] - Statement - counter = counter + 1: null

2018-12-04 10:59:48 - [TEST_STEP][PASSED] - Statement - PreSaveFile = new java.io.File(((pathPrefix + java.lang.Integer.toString(counter)) + .png)): null

2018-12-04 10:59:48 - [TEST_STEP][PASSED] - Statement - counter = counter + 1: null

2018-12-04 10:59:48 - [TEST_STEP][PASSED] - Statement - PreSaveFile = new java.io.File(((pathPrefix + java.lang.Integer.toString(counter)) + .png)): null

2018-12-04 10:59:48 - [TEST_STEP][PASSED] - Statement - counter = counter + 1: null

2018-12-04 10:59:48 - [TEST_STEP][PASSED] - Statement - PreSaveFile = new java.io.File(((pathPrefix + java.lang.Integer.toString(counter)) + .png)): null

2018-12-04 10:59:48 - [TEST_STEP][PASSED] - Statement - counter = counter + 1: null

2018-12-04 10:59:48 - [TEST_STEP][PASSED] - Statement - PreSaveFile = new java.io.File(((pathPrefix + java.lang.Integer.toString(counter)) + .png)): null

2018-12-04 10:59:50 - [TEST_STEP][PASSED] - Statement - counter = counter + 1: null

2018-12-04 10:59:50 - [TEST_STEP][PASSED] - Statement - PreSaveFile = new java.io.File(((pathPrefix + java.lang.Integer.toString(counter)) + .png)): null

2018-12-04 10:59:50 - [TEST_STEP][PASSED] - Statement - counter = counter + 1: null

2018-12-04 10:59:50 - [TEST_STEP][PASSED] - Statement - PreSaveFile = new java.io.File(((pathPrefix + java.lang.Integer.toString(counter)) + .png)): null

2018-12-04 10:59:50 - [TEST_STEP][PASSED] - Statement - counter = counter + 1: null

2018-12-04 10:59:50 - [TEST_STEP][PASSED] - Statement - PreSaveFile = new java.io.File(((pathPrefix + java.lang.Integer.toString(counter)) + .png)): null

2018-12-04 10:59:50 - [TEST_STEP][PASSED] - Statement - counter = counter + 1: null

2018-12-04 10:59:50 - [TEST_STEP][PASSED] - Statement - PreSaveFile = new java.io.File(((pathPrefix + java.lang.Integer.toString(counter)) + .png)): null

2018-12-04 10:59:50 - [TEST_STEP][PASSED] - Statement - counter = counter + 1: null

2018-12-04 10:59:51 - [TEST_STEP][PASSED] - Statement - PreSaveFile = new java.io.File(((pathPrefix + java.lang.Integer.toString(counter)) + .png)): null

2018-12-04 10:59:51 - [TEST_STEP][PASSED] - Statement - counter = counter + 1: null

2018-12-04 10:59:51 - [TEST_STEP][PASSED] - Statement - PreSaveFile = new java.io.File(((pathPrefix + java.lang.Integer.toString(counter)) + .png)): null

2018-12-04 10:59:51 - [TEST_STEP][PASSED] - Statement - counter = counter + 1: null

2018-12-04 10:59:51 - [TEST_STEP][PASSED] - Statement - PreSaveFile = new java.io.File(((pathPrefix + java.lang.Integer.toString(counter)) + .png)): null

2018-12-04 10:59:51 - [TEST_STEP][PASSED] - Statement - counter = counter + 1: null

2018-12-04 10:59:51 - [TEST_STEP][PASSED] - Statement - PreSaveFile = new java.io.File(((pathPrefix + java.lang.Integer.toString(counter)) + .png)): null

2018-12-04 10:59:51 - [TEST_STEP][PASSED] - Statement - counter = counter + 1: null

2018-12-04 10:59:51 - [TEST_STEP][PASSED] - Statement - PreSaveFile = new java.io.File(((pathPrefix + java.lang.Integer.toString(counter)) + .png)): null

2018-12-04 10:59:51 - [TEST_STEP][PASSED] - Statement - counter = counter + 1: null

2018-12-04 10:59:52 - [TEST_STEP][PASSED] - Statement - PreSaveFile = new java.io.File(((pathPrefix + java.lang.Integer.toString(counter)) + .png)): null

2018-12-04 10:59:52 - [TEST_STEP][PASSED] - Statement - counter = counter + 1: null

2018-12-04 10:59:52 - [TEST_STEP][PASSED] - Statement - PreSaveFile = new java.io.File(((pathPrefix + java.lang.Integer.toString(counter)) + .png)): null

2018-12-04 10:59:52 - [TEST_STEP][PASSED] - Statement - counter = counter + 1: null

2018-12-04 10:59:52 - [TEST_STEP][PASSED] - Statement - PreSaveFile = new java.io.File(((pathPrefix + java.lang.Integer.toString(counter)) + .png)): null

2018-12-04 10:59:52 - [TEST_STEP][PASSED] - Statement - counter = counter + 1: null

2018-12-04 10:59:52 - [TEST_STEP][PASSED] - Statement - PreSaveFile = new java.io.File(((pathPrefix + java.lang.Integer.toString(counter)) + .png)): null

2018-12-04 10:59:52 - [TEST_STEP][PASSED] - Statement - counter = counter + 1: null

2018-12-04 10:59:52 - [TEST_STEP][PASSED] - Statement - PreSaveFile = new java.io.File(((pathPrefix + java.lang.Integer.toString(counter)) + .png)): null

2018-12-04 10:59:52 - [TEST_STEP][PASSED] - Statement - counter = counter + 1: null

2018-12-04 10:59:53 - [TEST_STEP][PASSED] - Statement - PreSaveFile = new java.io.File(((pathPrefix + java.lang.Integer.toString(counter)) + .png)): null

2018-12-04 10:59:53 - [TEST_STEP][PASSED] - Statement - counter = counter + 1: null

2018-12-04 10:59:53 - [TEST_STEP][PASSED] - Statement - PreSaveFile = new java.io.File(((pathPrefix + java.lang.Integer.toString(counter)) + .png)): null

2018-12-04 10:59:53 - [TEST_STEP][PASSED] - Statement - counter = counter + 1: null

2018-12-04 10:59:53 - [TEST_STEP][PASSED] - Statement - PreSaveFile = new java.io.File(((pathPrefix + java.lang.Integer.toString(counter)) + .png)): null

2018-12-04 10:59:53 - [TEST_STEP][PASSED] - Statement - counter = counter + 1: null

2018-12-04 10:59:53 - [TEST_STEP][PASSED] - Statement - PreSaveFile = new java.io.File(((pathPrefix + java.lang.Integer.toString(counter)) + .png)): null

2018-12-04 10:59:53 - [TEST_STEP][PASSED] - Statement - counter = counter + 1: null

2018-12-04 10:59:53 - [TEST_STEP][PASSED] - Statement - PreSaveFile = new java.io.File(((pathPrefix + java.lang.Integer.toString(counter)) + .png)): null

2018-12-04 10:59:54 - [TEST_STEP][PASSED] - Statement - counter = counter + 1: null

2018-12-04 10:59:54 - [TEST_STEP][PASSED] - Statement - PreSaveFile = new java.io.File(((pathPrefix + java.lang.Integer.toString(counter)) + .png)): null

2018-12-04 10:59:54 - [TEST_STEP][PASSED] - Statement - counter = counter + 1: null

2018-12-04 10:59:54 - [TEST_STEP][PASSED] - Statement - PreSaveFile = new java.io.File(((pathPrefix + java.lang.Integer.toString(counter)) + .png)): null

2018-12-04 10:59:54 - [TEST_STEP][PASSED] - Statement - counter = counter + 1: null

2018-12-04 10:59:54 - [TEST_STEP][PASSED] - Statement - PreSaveFile = new java.io.File(((pathPrefix + java.lang.Integer.toString(counter)) + .png)): null

2018-12-04 10:59:54 - [TEST_STEP][PASSED] - Statement - counter = counter + 1: null

2018-12-04 10:59:54 - [TEST_STEP][PASSED] - Statement - PreSaveFile = new java.io.File(((pathPrefix + java.lang.Integer.toString(counter)) + .png)): null

2018-12-04 10:59:54 - [TEST_STEP][PASSED] - Statement - counter = counter + 1: null

2018-12-04 10:59:54 - [TEST_STEP][PASSED] - Statement - PreSaveFile = new java.io.File(((pathPrefix + java.lang.Integer.toString(counter)) + .png)): null

2018-12-04 10:59:55 - [TEST_STEP][PASSED] - Statement - counter = counter + 1: null

2018-12-04 10:59:55 - [TEST_STEP][PASSED] - Statement - PreSaveFile = new java.io.File(((pathPrefix + java.lang.Integer.toString(counter)) + .png)): null

2018-12-04 10:59:55 - [TEST_STEP][PASSED] - Statement - counter = counter + 1: null

2018-12-04 10:59:55 - [TEST_STEP][PASSED] - Statement - PreSaveFile = new java.io.File(((pathPrefix + java.lang.Integer.toString(counter)) + .png)): null

2018-12-04 10:59:55 - [TEST_STEP][PASSED] - Statement - counter = counter + 1: null

2018-12-04 10:59:55 - [TEST_STEP][PASSED] - Statement - PreSaveFile = new java.io.File(((pathPrefix + java.lang.Integer.toString(counter)) + .png)): null

2018-12-04 10:59:55 - [TEST_STEP][PASSED] - Statement - counter = counter + 1: null

2018-12-04 10:59:55 - [TEST_STEP][PASSED] - Statement - PreSaveFile = new java.io.File(((pathPrefix + java.lang.Integer.toString(counter)) + .png)): null

2018-12-04 10:59:55 - [TEST_STEP][PASSED] - Statement - counter = counter + 1: null

2018-12-04 10:59:56 - [TEST_STEP][PASSED] - Statement - PreSaveFile = new java.io.File(((pathPrefix + java.lang.Integer.toString(counter)) + .png)): null

2018-12-04 10:59:56 - [TEST_STEP][PASSED] - Statement - counter = counter + 1: null

2018-12-04 10:59:56 - [TEST_STEP][PASSED] - Statement - PreSaveFile = new java.io.File(((pathPrefix + java.lang.Integer.toString(counter)) + .png)): null

2018-12-04 10:59:56 - [TEST_STEP][PASSED] - Statement - counter = counter + 1: null

2018-12-04 10:59:56 - [TEST_STEP][PASSED] - Statement - PreSaveFile = new java.io.File(((pathPrefix + java.lang.Integer.toString(counter)) + .png)): null

2018-12-04 10:59:56 - [TEST_STEP][PASSED] - Statement - counter = counter + 1: null

2018-12-04 10:59:56 - [TEST_STEP][PASSED] - Statement - PreSaveFile = new java.io.File(((pathPrefix + java.lang.Integer.toString(counter)) + .png)): null

2018-12-04 10:59:56 - [TEST_STEP][PASSED] - Statement - counter = counter + 1: null

2018-12-04 10:59:56 - [TEST_STEP][PASSED] - Statement - PreSaveFile = new java.io.File(((pathPrefix + java.lang.Integer.toString(counter)) + .png)): null

2018-12-04 10:59:56 - [TEST_STEP][PASSED] - Statement - counter = counter + 1: null

2018-12-04 10:59:58 - [TEST_STEP][PASSED] - Statement - PreSaveFile = new java.io.File(((pathPrefix + java.lang.Integer.toString(counter)) + .png)): null

2018-12-04 10:59:58 - [TEST_STEP][PASSED] - Statement - counter = counter + 1: null

2018-12-04 10:59:58 - [TEST_STEP][PASSED] - Statement - PreSaveFile = new java.io.File(((pathPrefix + java.lang.Integer.toString(counter)) + .png)): null

2018-12-04 10:59:58 - [TEST_STEP][PASSED] - Statement - counter = counter + 1: null

2018-12-04 10:59:58 - [TEST_STEP][PASSED] - Statement - PreSaveFile = new java.io.File(((pathPrefix + java.lang.Integer.toString(counter)) + .png)): null

2018-12-04 10:59:58 - [TEST_STEP][PASSED] - Statement - counter = counter + 1: null

2018-12-04 10:59:58 - [TEST_STEP][PASSED] - Statement - PreSaveFile = new java.io.File(((pathPrefix + java.lang.Integer.toString(counter)) + .png)): null

2018-12-04 10:59:58 - [TEST_STEP][PASSED] - Statement - counter = counter + 1: null

2018-12-04 10:59:58 - [TEST_STEP][PASSED] - Statement - PreSaveFile = new java.io.File(((pathPrefix + java.lang.Integer.toString(counter)) + .png)): null

2018-12-04 10:59:58 - [TEST_STEP][PASSED] - Statement - counter = counter + 1: null

2018-12-04 11:00:00 - [TEST_STEP][PASSED] - Statement - PreSaveFile = new java.io.File(((pathPrefix + java.lang.Integer.toString(counter)) + .png)): null

2018-12-04 11:00:00 - [TEST_STEP][PASSED] - Statement - counter = counter + 1: null

2018-12-04 11:00:00 - [TEST_STEP][PASSED] - Statement - PreSaveFile = new java.io.File(((pathPrefix + java.lang.Integer.toString(counter)) + .png)): null

2018-12-04 11:00:00 - [TEST_STEP][PASSED] - Statement - counter = counter + 1: null

2018-12-04 11:00:00 - [TEST_STEP][PASSED] - Statement - PreSaveFile = new java.io.File(((pathPrefix + java.lang.Integer.toString(counter)) + .png)): null

2018-12-04 11:00:00 - [TEST_STEP][PASSED] - Statement - counter = counter + 1: null

2018-12-04 11:00:00 - [TEST_STEP][PASSED] - Statement - PreSaveFile = new java.io.File(((pathPrefix + java.lang.Integer.toString(counter)) + .png)): null

2018-12-04 11:00:00 - [TEST_STEP][PASSED] - Statement - counter = counter + 1: null

2018-12-04 11:00:00 - [TEST_STEP][PASSED] - Statement - PreSaveFile = new java.io.File(((pathPrefix + java.lang.Integer.toString(counter)) + .png)): null

2018-12-04 11:00:01 - [TEST_STEP][PASSED] - Statement - counter = counter + 1: null

2018-12-04 11:00:01 - [TEST_STEP][PASSED] - Statement - PreSaveFile = new java.io.File(((pathPrefix + java.lang.Integer.toString(counter)) + .png)): null

2018-12-04 11:00:01 - [TEST_STEP][PASSED] - Statement - counter = counter + 1: null

2018-12-04 11:00:01 - [TEST_STEP][PASSED] - Statement - PreSaveFile = new java.io.File(((pathPrefix + java.lang.Integer.toString(counter)) + .png)): null

2018-12-04 11:00:01 - [TEST_STEP][PASSED] - Statement - counter = counter + 1: null

2018-12-04 11:00:01 - [TEST_STEP][PASSED] - Statement - PreSaveFile = new java.io.File(((pathPrefix + java.lang.Integer.toString(counter)) + .png)): null

2018-12-04 11:00:01 - [TEST_STEP][PASSED] - Statement - counter = counter + 1: null

2018-12-04 11:00:01 - [TEST_STEP][PASSED] - Statement - PreSaveFile = new java.io.File(((pathPrefix + java.lang.Integer.toString(counter)) + .png)): null

2018-12-04 11:00:01 - [TEST_STEP][PASSED] - Statement - counter = counter + 1: null

2018-12-04 11:00:02 - [TEST_STEP][PASSED] - Statement - PreSaveFile = new java.io.File(((pathPrefix + java.lang.Integer.toString(counter)) + .png)): null

2018-12-04 11:00:02 - [TEST_STEP][PASSED] - Statement - counter = counter + 1: null

2018-12-04 11:00:02 - [TEST_STEP][PASSED] - Statement - PreSaveFile = new java.io.File(((pathPrefix + java.lang.Integer.toString(counter)) + .png)): null

2018-12-04 11:00:02 - [TEST_STEP][PASSED] - Statement - counter = counter + 1: null

2018-12-04 11:00:02 - [TEST_STEP][PASSED] - Statement - PreSaveFile = new java.io.File(((pathPrefix + java.lang.Integer.toString(counter)) + .png)): null

2018-12-04 11:00:02 - [TEST_STEP][PASSED] - Statement - counter = counter + 1: null

2018-12-04 11:00:02 - [TEST_STEP][PASSED] - Statement - PreSaveFile = new java.io.File(((pathPrefix + java.lang.Integer.toString(counter)) + .png)): null

2018-12-04 11:00:02 - [TEST_STEP][PASSED] - Statement - counter = counter + 1: null

2018-12-04 11:00:02 - [TEST_STEP][PASSED] - Statement - PreSaveFile = new java.io.File(((pathPrefix + java.lang.Integer.toString(counter)) + .png)): null

2018-12-04 11:00:02 - [TEST_STEP][PASSED] - Statement - counter = counter + 1: null

2018-12-04 11:00:04 - [TEST_STEP][PASSED] - Statement - PreSaveFile = new java.io.File(((pathPrefix + java.lang.Integer.toString(counter)) + .png)): null

2018-12-04 11:00:04 - [TEST_STEP][PASSED] - Statement - counter = counter + 1: null

2018-12-04 11:00:05 - [TEST_STEP][PASSED] - Statement - PreSaveFile = new java.io.File(((pathPrefix + java.lang.Integer.toString(counter)) + .png)): null

2018-12-04 11:00:05 - [TEST_STEP][PASSED] - Statement - counter = counter + 1: null

2018-12-04 11:00:05 - [TEST_STEP][PASSED] - Statement - PreSaveFile = new java.io.File(((pathPrefix + java.lang.Integer.toString(counter)) + .png)): null

2018-12-04 11:00:05 - [TEST_STEP][PASSED] - Statement - counter = counter + 1: null

2018-12-04 11:00:05 - [TEST_STEP][PASSED] - Statement - PreSaveFile = new java.io.File(((pathPrefix + java.lang.Integer.toString(counter)) + .png)): null

2018-12-04 11:00:05 - [TEST_STEP][PASSED] - Statement - counter = counter + 1: null

2018-12-04 11:00:05 - [TEST_STEP][PASSED] - Statement - PreSaveFile = new java.io.File(((pathPrefix + java.lang.Integer.toString(counter)) + .png)): null

2018-12-04 11:00:05 - [TEST_STEP][PASSED] - Statement - counter = counter + 1: null

2018-12-04 11:00:05 - [TEST_STEP][PASSED] - Statement - PreSaveFile = new java.io.File(((pathPrefix + java.lang.Integer.toString(counter)) + .png)): null

2018-12-04 11:00:05 - [TEST_STEP][PASSED] - Statement - counter = counter + 1: null

2018-12-04 11:00:05 - [TEST_STEP][PASSED] - Statement - PreSaveFile = new java.io.File(((pathPrefix + java.lang.Integer.toString(counter)) + .png)): null

2018-12-04 11:00:05 - [TEST_STEP][PASSED] - Statement - counter = counter + 1: null

2018-12-04 11:00:05 - [TEST_STEP][PASSED] - Statement - PreSaveFile = new java.io.File(((pathPrefix + java.lang.Integer.toString(counter)) + .png)): null

2018-12-04 11:00:05 - [TEST_STEP][PASSED] - Statement - counter = counter + 1: null

2018-12-04 11:00:05 - [TEST_STEP][PASSED] - Statement - PreSaveFile = new java.io.File(((pathPrefix + java.lang.Integer.toString(counter)) + .png)): null

2018-12-04 11:00:05 - [TEST_STEP][PASSED] - Statement - counter = counter + 1: null

2018-12-04 11:00:05 - [TEST_STEP][PASSED] - Statement - PreSaveFile = new java.io.File(((pathPrefix + java.lang.Integer.toString(counter)) + .png)): null

2018-12-04 11:00:05 - [TEST_STEP][PASSED] - Statement - counter = counter + 1: null

2018-12-04 11:00:05 - [TEST_STEP][PASSED] - Statement - PreSaveFile = new java.io.File(((pathPrefix + java.lang.Integer.toString(counter)) + .png)): null

2018-12-04 11:00:07 - [TEST_STEP][PASSED] - Statement - counter = counter + 1: null

2018-12-04 11:00:07 - [TEST_STEP][PASSED] - Statement - PreSaveFile = new java.io.File(((pathPrefix + java.lang.Integer.toString(counter)) + .png)): null

2018-12-04 11:00:07 - [TEST_STEP][PASSED] - Statement - counter = counter + 1: null

2018-12-04 11:00:07 - [TEST_STEP][PASSED] - Statement - PreSaveFile = new java.io.File(((pathPrefix + java.lang.Integer.toString(counter)) + .png)): null

2018-12-04 11:00:07 - [TEST_STEP][PASSED] - Statement - counter = counter + 1: null

2018-12-04 11:00:07 - [TEST_STEP][PASSED] - Statement - PreSaveFile = new java.io.File(((pathPrefix + java.lang.Integer.toString(counter)) + .png)): null

2018-12-04 11:00:07 - [TEST_STEP][PASSED] - Statement - counter = counter + 1: null

2018-12-04 11:00:07 - [TEST_STEP][PASSED] - Statement - PreSaveFile = new java.io.File(((pathPrefix + java.lang.Integer.toString(counter)) + .png)): null

2018-12-04 11:00:07 - [TEST_STEP][PASSED] - Statement - counter = counter + 1: null

2018-12-04 11:00:08 - [TEST_STEP][PASSED] - Statement - PreSaveFile = new java.io.File(((pathPrefix + java.lang.Integer.toString(counter)) + .png)): null

2018-12-04 11:00:08 - [TEST_STEP][PASSED] - Statement - counter = counter + 1: null

2018-12-04 11:00:08 - [TEST_STEP][PASSED] - Statement - PreSaveFile = new java.io.File(((pathPrefix + java.lang.Integer.toString(counter)) + .png)): null

2018-12-04 11:00:08 - [TEST_STEP][PASSED] - Statement - counter = counter + 1: null

2018-12-04 11:00:08 - [TEST_STEP][PASSED] - Statement - PreSaveFile = new java.io.File(((pathPrefix + java.lang.Integer.toString(counter)) + .png)): null

2018-12-04 11:00:08 - [TEST_STEP][PASSED] - Statement - counter = counter + 1: null

2018-12-04 11:00:08 - [TEST_STEP][PASSED] - Statement - PreSaveFile = new java.io.File(((pathPrefix + java.lang.Integer.toString(counter)) + .png)): null

2018-12-04 11:00:08 - [TEST_STEP][PASSED] - Statement - counter = counter + 1: null

2018-12-04 11:00:08 - [TEST_STEP][PASSED] - Statement - PreSaveFile = new java.io.File(((pathPrefix + java.lang.Integer.toString(counter)) + .png)): null

2018-12-04 11:00:08 - [TEST_STEP][PASSED] - Statement - counter = counter + 1: null

2018-12-04 11:00:10 - [TEST_STEP][PASSED] - Statement - PreSaveFile = new java.io.File(((pathPrefix + java.lang.Integer.toString(counter)) + .png)): null

2018-12-04 11:00:10 - [TEST_STEP][PASSED] - Statement - counter = counter + 1: null

2018-12-04 11:00:10 - [TEST_STEP][PASSED] - Statement - PreSaveFile = new java.io.File(((pathPrefix + java.lang.Integer.toString(counter)) + .png)): null

2018-12-04 11:00:10 - [TEST_STEP][PASSED] - Statement - counter = counter + 1: null

2018-12-04 11:00:10 - [TEST_STEP][PASSED] - Statement - PreSaveFile = new java.io.File(((pathPrefix + java.lang.Integer.toString(counter)) + .png)): null

2018-12-04 11:00:10 - [TEST_STEP][PASSED] - Statement - counter = counter + 1: null

2018-12-04 11:00:10 - [TEST_STEP][PASSED] - Statement - PreSaveFile = new java.io.File(((pathPrefix + java.lang.Integer.toString(counter)) + .png)): null

2018-12-04 11:00:10 - [TEST_STEP][PASSED] - Statement - counter = counter + 1: null

2018-12-04 11:00:10 - [TEST_STEP][PASSED] - Statement - PreSaveFile = new java.io.File(((pathPrefix + java.lang.Integer.toString(counter)) + .png)): null

2018-12-04 11:00:10 - [TEST_STEP][PASSED] - Statement - counter = counter + 1: null

2018-12-04 11:00:11 - [TEST_STEP][PASSED] - Statement - PreSaveFile = new java.io.File(((pathPrefix + java.lang.Integer.toString(counter)) + .png)): null

2018-12-04 11:00:11 - [TEST_STEP][PASSED] - Statement - counter = counter + 1: null

2018-12-04 11:00:11 - [TEST_STEP][PASSED] - Statement - PreSaveFile = new java.io.File(((pathPrefix + java.lang.Integer.toString(counter)) + .png)): null

2018-12-04 11:00:11 - [TEST_STEP][PASSED] - Statement - counter = counter + 1: null

2018-12-04 11:00:11 - [TEST_STEP][PASSED] - Statement - PreSaveFile = new java.io.File(((pathPrefix + java.lang.Integer.toString(counter)) + .png)): null

2018-12-04 11:00:11 - [TEST_STEP][PASSED] - Statement - counter = counter + 1: null

2018-12-04 11:00:11 - [TEST_STEP][PASSED] - Statement - PreSaveFile = new java.io.File(((pathPrefix + java.lang.Integer.toString(counter)) + .png)): null

2018-12-04 11:00:11 - [TEST_STEP][PASSED] - Statement - counter = counter + 1: null

2018-12-04 11:00:11 - [TEST_STEP][PASSED] - Statement - PreSaveFile = new java.io.File(((pathPrefix + java.lang.Integer.toString(counter)) + .png)): null

2018-12-04 11:00:13 - [TEST_STEP][PASSED] - Statement - counter = counter + 1: null

2018-12-04 11:00:13 - [TEST_STEP][PASSED] - Statement - PreSaveFile = new java.io.File(((pathPrefix + java.lang.Integer.toString(counter)) + .png)): null

2018-12-04 11:00:13 - [TEST_STEP][PASSED] - Statement - counter = counter + 1: null

2018-12-04 11:00:13 - [TEST_STEP][PASSED] - Statement - PreSaveFile = new java.io.File(((pathPrefix + java.lang.Integer.toString(counter)) + .png)): null

2018-12-04 11:00:13 - [TEST_STEP][PASSED] - Statement - counter = counter + 1: null

2018-12-04 11:00:13 - [TEST_STEP][PASSED] - Statement - PreSaveFile = new java.io.File(((pathPrefix + java.lang.Integer.toString(counter)) + .png)): null

2018-12-04 11:00:13 - [TEST_STEP][PASSED] - Statement - counter = counter + 1: null

2018-12-04 11:00:13 - [TEST_STEP][PASSED] - Statement - PreSaveFile = new java.io.File(((pathPrefix + java.lang.Integer.toString(counter)) + .png)): null

2018-12-04 11:00:13 - [TEST_STEP][PASSED] - Statement - counter = counter + 1: null

2018-12-04 11:00:14 - [TEST_STEP][PASSED] - Statement - PreSaveFile = new java.io.File(((pathPrefix + java.lang.Integer.toString(counter)) + .png)): null

2018-12-04 11:00:14 - [TEST_STEP][PASSED] - Statement - counter = counter + 1: null

2018-12-04 11:00:14 - [TEST_STEP][PASSED] - Statement - PreSaveFile = new java.io.File(((pathPrefix + java.lang.Integer.toString(counter)) + .png)): null

2018-12-04 11:00:14 - [TEST_STEP][PASSED] - Statement - counter = counter + 1: null

2018-12-04 11:00:14 - [TEST_STEP][PASSED] - Statement - PreSaveFile = new java.io.File(((pathPrefix + java.lang.Integer.toString(counter)) + .png)): null

2018-12-04 11:00:14 - [TEST_STEP][PASSED] - Statement - counter = counter + 1: null

2018-12-04 11:00:14 - [TEST_STEP][PASSED] - Statement - PreSaveFile = new java.io.File(((pathPrefix + java.lang.Integer.toString(counter)) + .png)): null

2018-12-04 11:00:14 - [TEST_STEP][PASSED] - Statement - counter = counter + 1: null

2018-12-04 11:00:14 - [TEST_STEP][PASSED] - Statement - PreSaveFile = new java.io.File(((pathPrefix + java.lang.Integer.toString(counter)) + .png)): null

2018-12-04 11:00:14 - [TEST_STEP][PASSED] - Statement - counter = counter + 1: null

2018-12-04 11:00:16 - [TEST_STEP][PASSED] - Statement - PreSaveFile = new java.io.File(((pathPrefix + java.lang.Integer.toString(counter)) + .png)): null

2018-12-04 11:00:16 - [TEST_STEP][PASSED] - Statement - counter = counter + 1: null

2018-12-04 11:00:16 - [TEST_STEP][PASSED] - Statement - PreSaveFile = new java.io.File(((pathPrefix + java.lang.Integer.toString(counter)) + .png)): null

2018-12-04 11:00:16 - [TEST_STEP][PASSED] - Statement - counter = counter + 1: null

2018-12-04 11:00:16 - [TEST_STEP][PASSED] - Statement - PreSaveFile = new java.io.File(((pathPrefix + java.lang.Integer.toString(counter)) + .png)): null

2018-12-04 11:00:16 - [TEST_STEP][PASSED] - Statement - counter = counter + 1: null

2018-12-04 11:00:16 - [TEST_STEP][PASSED] - Statement - PreSaveFile = new java.io.File(((pathPrefix + java.lang.Integer.toString(counter)) + .png)): null

2018-12-04 11:00:16 - [TEST_STEP][PASSED] - Statement - counter = counter + 1: null

2018-12-04 11:00:16 - [TEST_STEP][PASSED] - Statement - PreSaveFile = new java.io.File(((pathPrefix + java.lang.Integer.toString(counter)) + .png)): null

2018-12-04 11:00:16 - [TEST_STEP][PASSED] - Statement - counter = counter + 1: null

2018-12-04 11:00:17 - [TEST_STEP][PASSED] - Statement - PreSaveFile = new java.io.File(((pathPrefix + java.lang.Integer.toString(counter)) + .png)): null

2018-12-04 11:00:17 - [TEST_STEP][PASSED] - Statement - counter = counter + 1: null

2018-12-04 11:00:17 - [TEST_STEP][PASSED] - Statement - PreSaveFile = new java.io.File(((pathPrefix + java.lang.Integer.toString(counter)) + .png)): null

2018-12-04 11:00:17 - [TEST_STEP][PASSED] - Statement - counter = counter + 1: null

2018-12-04 11:00:17 - [TEST_STEP][PASSED] - Statement - PreSaveFile = new java.io.File(((pathPrefix + java.lang.Integer.toString(counter)) + .png)): null

2018-12-04 11:00:17 - [TEST_STEP][PASSED] - Statement - counter = counter + 1: null

2018-12-04 11:00:17 - [TEST_STEP][PASSED] - Statement - PreSaveFile = new java.io.File(((pathPrefix + java.lang.Integer.toString(counter)) + .png)): null

2018-12-04 11:00:17 - [TEST_STEP][PASSED] - Statement - counter = counter + 1: null

2018-12-04 11:00:17 - [TEST_STEP][PASSED] - Statement - PreSaveFile = new java.io.File(((pathPrefix + java.lang.Integer.toString(counter)) + .png)): null

2018-12-04 11:00:17 - [TEST_STEP][PASSED] - Statement - counter = counter + 1: null

2018-12-04 11:00:19 - [TEST_STEP][PASSED] - Statement - PreSaveFile = new java.io.File(((pathPrefix + java.lang.Integer.toString(counter)) + .png)): null

2018-12-04 11:00:19 - [TEST_STEP][PASSED] - Statement - counter = counter + 1: null

2018-12-04 11:00:19 - [TEST_STEP][PASSED] - Statement - PreSaveFile = new java.io.File(((pathPrefix + java.lang.Integer.toString(counter)) + .png)): null

2018-12-04 11:00:19 - [TEST_STEP][PASSED] - Statement - counter = counter + 1: null

2018-12-04 11:00:19 - [TEST_STEP][PASSED] - Statement - PreSaveFile = new java.io.File(((pathPrefix + java.lang.Integer.toString(counter)) + .png)): null

2018-12-04 11:00:19 - [TEST_STEP][PASSED] - Statement - counter = counter + 1: null

2018-12-04 11:00:19 - [TEST_STEP][PASSED] - Statement - PreSaveFile = new java.io.File(((pathPrefix + java.lang.Integer.toString(counter)) + .png)): null

2018-12-04 11:00:19 - [TEST_STEP][PASSED] - Statement - counter = counter + 1: null

2018-12-04 11:00:19 - [TEST_STEP][PASSED] - Statement - PreSaveFile = new java.io.File(((pathPrefix + java.lang.Integer.toString(counter)) + .png)): null

2018-12-04 11:00:20 - [TEST_STEP][PASSED] - Statement - counter = counter + 1: null

2018-12-04 11:00:20 - [TEST_STEP][PASSED] - Statement - PreSaveFile = new java.io.File(((pathPrefix + java.lang.Integer.toString(counter)) + .png)): null

2018-12-04 11:00:20 - [TEST_STEP][PASSED] - Statement - counter = counter + 1: null

2018-12-04 11:00:20 - [TEST_STEP][PASSED] - Statement - PreSaveFile = new java.io.File(((pathPrefix + java.lang.Integer.toString(counter)) + .png)): null

2018-12-04 11:00:20 - [TEST_STEP][PASSED] - Statement - counter = counter + 1: null

2018-12-04 11:00:20 - [TEST_STEP][PASSED] - Statement - PreSaveFile = new java.io.File(((pathPrefix + java.lang.Integer.toString(counter)) + .png)): null

2018-12-04 11:00:20 - [TEST_STEP][PASSED] - Statement - counter = counter + 1: null

2018-12-04 11:00:20 - [TEST_STEP][PASSED] - Statement - PreSaveFile = new java.io.File(((pathPrefix + java.lang.Integer.toString(counter)) + .png)): null

2018-12-04 11:00:20 - [TEST_STEP][PASSED] - Statement - counter = counter + 1: null

2018-12-04 11:00:22 - [TEST_STEP][PASSED] - Statement - PreSaveFile = new java.io.File(((pathPrefix + java.lang.Integer.toString(counter)) + .png)): null

2018-12-04 11:00:22 - [TEST_STEP][PASSED] - Statement - counter = counter + 1: null

2018-12-04 11:00:22 - [TEST_STEP][PASSED] - Statement - PreSaveFile = new java.io.File(((pathPrefix + java.lang.Integer.toString(counter)) + .png)): null

2018-12-04 11:00:22 - [TEST_STEP][PASSED] - Statement - counter = counter + 1: null

2018-12-04 11:00:22 - [TEST_STEP][PASSED] - Statement - PreSaveFile = new java.io.File(((pathPrefix + java.lang.Integer.toString(counter)) + .png)): null

2018-12-04 11:00:22 - [TEST_STEP][PASSED] - Statement - counter = counter + 1: null

2018-12-04 11:00:22 - [TEST_STEP][PASSED] - Statement - PreSaveFile = new java.io.File(((pathPrefix + java.lang.Integer.toString(counter)) + .png)): null

2018-12-04 11:00:22 - [TEST_STEP][PASSED] - Statement - counter = counter + 1: null

2018-12-04 11:00:22 - [TEST_STEP][PASSED] - Statement - PreSaveFile = new java.io.File(((pathPrefix + java.lang.Integer.toString(counter)) + .png)): null

2018-12-04 11:00:22 - [TEST_STEP][PASSED] - Statement - counter = counter + 1: null

2018-12-04 11:00:24 - [TEST_STEP][PASSED] - Statement - PreSaveFile = new java.io.File(((pathPrefix + java.lang.Integer.toString(counter)) + .png)): null

2018-12-04 11:00:24 - [TEST_STEP][PASSED] - Statement - counter = counter + 1: null

2018-12-04 11:00:24 - [TEST_STEP][PASSED] - Statement - PreSaveFile = new java.io.File(((pathPrefix + java.lang.Integer.toString(counter)) + .png)): null

2018-12-04 11:00:24 - [TEST_STEP][PASSED] - Statement - counter = counter + 1: null

2018-12-04 11:00:24 - [TEST_STEP][PASSED] - Statement - PreSaveFile = new java.io.File(((pathPrefix + java.lang.Integer.toString(counter)) + .png)): null

2018-12-04 11:00:24 - [TEST_STEP][PASSED] - Statement - counter = counter + 1: null

2018-12-04 11:00:24 - [TEST_STEP][PASSED] - Statement - PreSaveFile = new java.io.File(((pathPrefix + java.lang.Integer.toString(counter)) + .png)): null

2018-12-04 11:00:24 - [TEST_STEP][PASSED] - Statement - counter = counter + 1: null

2018-12-04 11:00:24 - [TEST_STEP][PASSED] - Statement - PreSaveFile = new java.io.File(((pathPrefix + java.lang.Integer.toString(counter)) + .png)): null

2018-12-04 11:00:24 - [TEST_STEP][PASSED] - Statement - counter = counter + 1: null

2018-12-04 11:00:26 - [TEST_STEP][PASSED] - Statement - PreSaveFile = new java.io.File(((pathPrefix + java.lang.Integer.toString(counter)) + .png)): null

2018-12-04 11:00:26 - [TEST_STEP][PASSED] - Statement - counter = counter + 1: null

2018-12-04 11:00:26 - [TEST_STEP][PASSED] - Statement - PreSaveFile = new java.io.File(((pathPrefix + java.lang.Integer.toString(counter)) + .png)): null

2018-12-04 11:00:26 - [TEST_STEP][PASSED] - Statement - counter = counter + 1: null

2018-12-04 11:00:26 - [TEST_STEP][PASSED] - Statement - PreSaveFile = new java.io.File(((pathPrefix + java.lang.Integer.toString(counter)) + .png)): null

2018-12-04 11:00:26 - [TEST_STEP][PASSED] - Statement - counter = counter + 1: null

2018-12-04 11:00:26 - [TEST_STEP][PASSED] - Statement - PreSaveFile = new java.io.File(((pathPrefix + java.lang.Integer.toString(counter)) + .png)): null

2018-12-04 11:00:26 - [TEST_STEP][PASSED] - Statement - counter = counter + 1: null

2018-12-04 11:00:26 - [TEST_STEP][PASSED] - Statement - PreSaveFile = new java.io.File(((pathPrefix + java.lang.Integer.toString(counter)) + .png)): null

2018-12-04 11:00:27 - [TEST_STEP][PASSED] - Statement - counter = counter + 1: null

2018-12-04 11:00:27 - [TEST_STEP][PASSED] - Statement - PreSaveFile = new java.io.File(((pathPrefix + java.lang.Integer.toString(counter)) + .png)): null

2018-12-04 11:00:27 - [TEST_STEP][PASSED] - Statement - counter = counter + 1: null

2018-12-04 11:00:27 - [TEST_STEP][PASSED] - Statement - PreSaveFile = new java.io.File(((pathPrefix + java.lang.Integer.toString(counter)) + .png)): null

2018-12-04 11:00:27 - [TEST_STEP][PASSED] - Statement - counter = counter + 1: null

2018-12-04 11:00:27 - [TEST_STEP][PASSED] - Statement - PreSaveFile = new java.io.File(((pathPrefix + java.lang.Integer.toString(counter)) + .png)): null

2018-12-04 11:00:27 - [TEST_STEP][PASSED] - Statement - counter = counter + 1: null

2018-12-04 11:00:27 - [TEST_STEP][PASSED] - Statement - PreSaveFile = new java.io.File(((pathPrefix + java.lang.Integer.toString(counter)) + .png)): null

2018-12-04 11:00:27 - [TEST_STEP][PASSED] - Statement - counter = counter + 1: null

2018-12-04 11:00:27 - [TEST_STEP][PASSED] - Statement - PreSaveFile = new java.io.File(((pathPrefix + java.lang.Integer.toString(counter)) + .png)): null

2018-12-04 11:00:28 - [TEST_STEP][PASSED] - Statement - counter = counter + 1: null

2018-12-04 11:00:28 - [TEST_STEP][PASSED] - Statement - PreSaveFile = new java.io.File(((pathPrefix + java.lang.Integer.toString(counter)) + .png)): null

2018-12-04 11:00:28 - [TEST_STEP][PASSED] - Statement - counter = counter + 1: null

2018-12-04 11:00:28 - [TEST_STEP][PASSED] - Statement - PreSaveFile = new java.io.File(((pathPrefix + java.lang.Integer.toString(counter)) + .png)): null

2018-12-04 11:00:28 - [TEST_STEP][PASSED] - Statement - counter = counter + 1: null

2018-12-04 11:00:28 - [TEST_STEP][PASSED] - Statement - PreSaveFile = new java.io.File(((pathPrefix + java.lang.Integer.toString(counter)) + .png)): null

2018-12-04 11:00:28 - [TEST_STEP][PASSED] - Statement - counter = counter + 1: null

2018-12-04 11:00:28 - [TEST_STEP][PASSED] - Statement - PreSaveFile = new java.io.File(((pathPrefix + java.lang.Integer.toString(counter)) + .png)): null

2018-12-04 11:00:28 - [TEST_STEP][PASSED] - Statement - counter = counter + 1: null

2018-12-04 11:00:30 - [TEST_STEP][PASSED] - Statement - PreSaveFile = new java.io.File(((pathPrefix + java.lang.Integer.toString(counter)) + .png)): null

2018-12-04 11:00:30 - [TEST_STEP][PASSED] - Statement - counter = counter + 1: null

2018-12-04 11:00:30 - [TEST_STEP][PASSED] - Statement - PreSaveFile = new java.io.File(((pathPrefix + java.lang.Integer.toString(counter)) + .png)): null

2018-12-04 11:00:30 - [TEST_STEP][PASSED] - Statement - counter = counter + 1: null

2018-12-04 11:00:30 - [TEST_STEP][PASSED] - Statement - PreSaveFile = new java.io.File(((pathPrefix + java.lang.Integer.toString(counter)) + .png)): null

2018-12-04 11:00:30 - [TEST_STEP][PASSED] - Statement - counter = counter + 1: null

2018-12-04 11:00:30 - [TEST_STEP][PASSED] - Statement - PreSaveFile = new java.io.File(((pathPrefix + java.lang.Integer.toString(counter)) + .png)): null

2018-12-04 11:00:30 - [TEST_STEP][PASSED] - Statement - counter = counter + 1: null

2018-12-04 11:00:30 - [TEST_STEP][PASSED] - Statement - PreSaveFile = new java.io.File(((pathPrefix + java.lang.Integer.toString(counter)) + .png)): null

2018-12-04 11:00:30 - [TEST_STEP][PASSED] - Statement - counter = counter + 1: null

2018-12-04 11:00:31 - [TEST_STEP][PASSED] - Statement - PreSaveFile = new java.io.File(((pathPrefix + java.lang.Integer.toString(counter)) + .png)): null

2018-12-04 11:00:31 - [TEST_STEP][PASSED] - Statement - counter = counter + 1: null

2018-12-04 11:00:31 - [TEST_STEP][PASSED] - Statement - PreSaveFile = new java.io.File(((pathPrefix + java.lang.Integer.toString(counter)) + .png)): null

2018-12-04 11:00:31 - [TEST_STEP][PASSED] - Statement - counter = counter + 1: null

2018-12-04 11:00:31 - [TEST_STEP][PASSED] - Statement - PreSaveFile = new java.io.File(((pathPrefix + java.lang.Integer.toString(counter)) + .png)): null

2018-12-04 11:00:31 - [TEST_STEP][PASSED] - Statement - counter = counter + 1: null

2018-12-04 11:00:31 - [TEST_STEP][PASSED] - Statement - PreSaveFile = new java.io.File(((pathPrefix + java.lang.Integer.toString(counter)) + .png)): null

2018-12-04 11:00:31 - [TEST_STEP][PASSED] - Statement - counter = counter + 1: null

2018-12-04 11:00:31 - [TEST_STEP][PASSED] - Statement - PreSaveFile = new java.io.File(((pathPrefix + java.lang.Integer.toString(counter)) + .png)): null

2018-12-04 11:00:31 - [TEST_STEP][PASSED] - Statement - counter = counter + 1: null

2018-12-04 11:00:33 - [TEST_STEP][PASSED] - Statement - PreSaveFile = new java.io.File(((pathPrefix + java.lang.Integer.toString(counter)) + .png)): null

2018-12-04 11:00:33 - [TEST_STEP][PASSED] - Statement - counter = counter + 1: null

2018-12-04 11:00:33 - [TEST_STEP][PASSED] - Statement - PreSaveFile = new java.io.File(((pathPrefix + java.lang.Integer.toString(counter)) + .png)): null

2018-12-04 11:00:33 - [TEST_STEP][PASSED] - Statement - counter = counter + 1: null

2018-12-04 11:00:33 - [TEST_STEP][PASSED] - Statement - PreSaveFile = new java.io.File(((pathPrefix + java.lang.Integer.toString(counter)) + .png)): null

2018-12-04 11:00:33 - [TEST_STEP][PASSED] - Statement - counter = counter + 1: null

2018-12-04 11:00:33 - [TEST_STEP][PASSED] - Statement - PreSaveFile = new java.io.File(((pathPrefix + java.lang.Integer.toString(counter)) + .png)): null

2018-12-04 11:00:33 - [TEST_STEP][PASSED] - Statement - counter = counter + 1: null

2018-12-04 11:00:33 - [TEST_STEP][PASSED] - Statement - PreSaveFile = new java.io.File(((pathPrefix + java.lang.Integer.toString(counter)) + .png)): null

2018-12-04 11:00:35 - [TEST_STEP][PASSED] - Statement - counter = counter + 1: null

2018-12-04 11:00:35 - [TEST_STEP][PASSED] - Statement - PreSaveFile = new java.io.File(((pathPrefix + java.lang.Integer.toString(counter)) + .png)): null

2018-12-04 11:00:35 - [TEST_STEP][PASSED] - Statement - counter = counter + 1: null

2018-12-04 11:00:35 - [TEST_STEP][PASSED] - Statement - PreSaveFile = new java.io.File(((pathPrefix + java.lang.Integer.toString(counter)) + .png)): null

2018-12-04 11:00:35 - [TEST_STEP][PASSED] - Statement - counter = counter + 1: null

2018-12-04 11:00:35 - [TEST_STEP][PASSED] - Statement - PreSaveFile = new java.io.File(((pathPrefix + java.lang.Integer.toString(counter)) + .png)): null

2018-12-04 11:00:35 - [TEST_STEP][PASSED] - Statement - counter = counter + 1: null

2018-12-04 11:00:35 - [TEST_STEP][PASSED] - Statement - PreSaveFile = new java.io.File(((pathPrefix + java.lang.Integer.toString(counter)) + .png)): null

2018-12-04 11:00:35 - [TEST_STEP][PASSED] - Statement - counter = counter + 1: null

2018-12-04 11:00:37 - [TEST_STEP][PASSED] - Statement - PreSaveFile = new java.io.File(((pathPrefix + java.lang.Integer.toString(counter)) + .png)): null

2018-12-04 11:00:37 - [TEST_STEP][PASSED] - Statement - counter = counter + 1: null

2018-12-04 11:00:37 - [TEST_STEP][PASSED] - Statement - PreSaveFile = new java.io.File(((pathPrefix + java.lang.Integer.toString(counter)) + .png)): null

2018-12-04 11:00:37 - [TEST_STEP][PASSED] - Statement - counter = counter + 1: null

2018-12-04 11:00:37 - [TEST_STEP][PASSED] - Statement - PreSaveFile = new java.io.File(((pathPrefix + java.lang.Integer.toString(counter)) + .png)): null

2018-12-04 11:00:37 - [TEST_STEP][PASSED] - Statement - counter = counter + 1: null

2018-12-04 11:00:37 - [TEST_STEP][PASSED] - Statement - PreSaveFile = new java.io.File(((pathPrefix + java.lang.Integer.toString(counter)) + .png)): null

2018-12-04 11:00:37 - [TEST_STEP][PASSED] - Statement - counter = counter + 1: null

2018-12-04 11:00:37 - [TEST_STEP][PASSED] - Statement - PreSaveFile = new java.io.File(((pathPrefix + java.lang.Integer.toString(counter)) + .png)): null

2018-12-04 11:00:37 - [TEST_STEP][PASSED] - Statement - counter = counter + 1: null

2018-12-04 11:00:38 - [TEST_STEP][PASSED] - Statement - PreSaveFile = new java.io.File(((pathPrefix + java.lang.Integer.toString(counter)) + .png)): null

2018-12-04 11:00:38 - [TEST_STEP][PASSED] - Statement - counter = counter + 1: null

2018-12-04 11:00:38 - [TEST_STEP][PASSED] - Statement - PreSaveFile = new java.io.File(((pathPrefix + java.lang.Integer.toString(counter)) + .png)): null

2018-12-04 11:00:38 - [TEST_STEP][PASSED] - Statement - counter = counter + 1: null

2018-12-04 11:00:38 - [TEST_STEP][PASSED] - Statement - PreSaveFile = new java.io.File(((pathPrefix + java.lang.Integer.toString(counter)) + .png)): null

2018-12-04 11:00:38 - [TEST_STEP][PASSED] - Statement - counter = counter + 1: null

2018-12-04 11:00:38 - [TEST_STEP][PASSED] - Statement - PreSaveFile = new java.io.File(((pathPrefix + java.lang.Integer.toString(counter)) + .png)): null

2018-12-04 11:00:38 - [TEST_STEP][PASSED] - Statement - counter = counter + 1: null

2018-12-04 11:00:38 - [TEST_STEP][PASSED] - Statement - PreSaveFile = new java.io.File(((pathPrefix + java.lang.Integer.toString(counter)) + .png)): null

2018-12-04 11:00:38 - [TEST_STEP][PASSED] - Statement - counter = counter + 1: null

2018-12-04 11:00:40 - [TEST_STEP][PASSED] - Statement - PreSaveFile = new java.io.File(((pathPrefix + java.lang.Integer.toString(counter)) + .png)): null

2018-12-04 11:00:40 - [TEST_STEP][PASSED] - Statement - counter = counter + 1: null

2018-12-04 11:00:40 - [TEST_STEP][PASSED] - Statement - PreSaveFile = new java.io.File(((pathPrefix + java.lang.Integer.toString(counter)) + .png)): null

2018-12-04 11:00:40 - [TEST_STEP][PASSED] - Statement - counter = counter + 1: null

2018-12-04 11:00:40 - [TEST_STEP][PASSED] - Statement - PreSaveFile = new java.io.File(((pathPrefix + java.lang.Integer.toString(counter)) + .png)): null

2018-12-04 11:00:40 - [TEST_STEP][PASSED] - Statement - counter = counter + 1: null

2018-12-04 11:00:40 - [TEST_STEP][PASSED] - Statement - PreSaveFile = new java.io.File(((pathPrefix + java.lang.Integer.toString(counter)) + .png)): null

2018-12-04 11:00:40 - [TEST_STEP][PASSED] - Statement - counter = counter + 1: null

2018-12-04 11:00:40 - [TEST_STEP][PASSED] - Statement - PreSaveFile = new java.io.File(((pathPrefix + java.lang.Integer.toString(counter)) + .png)): null

2018-12-04 11:00:40 - [TEST_STEP][PASSED] - Statement - counter = counter + 1: null

2018-12-04 11:00:42 - [TEST_STEP][PASSED] - Statement - PreSaveFile = new java.io.File(((pathPrefix + java.lang.Integer.toString(counter)) + .png)): null

2018-12-04 11:00:42 - [TEST_STEP][PASSED] - Statement - counter = counter + 1: null

2018-12-04 11:00:42 - [TEST_STEP][PASSED] - Statement - PreSaveFile = new java.io.File(((pathPrefix + java.lang.Integer.toString(counter)) + .png)): null

2018-12-04 11:00:42 - [TEST_STEP][PASSED] - Statement - counter = counter + 1: null

2018-12-04 11:00:42 - [TEST_STEP][PASSED] - Statement - PreSaveFile = new java.io.File(((pathPrefix + java.lang.Integer.toString(counter)) + .png)): null

2018-12-04 11:00:42 - [TEST_STEP][PASSED] - Statement - counter = counter + 1: null

2018-12-04 11:00:42 - [TEST_STEP][PASSED] - Statement - PreSaveFile = new java.io.File(((pathPrefix + java.lang.Integer.toString(counter)) + .png)): null

2018-12-04 11:00:42 - [TEST_STEP][PASSED] - Statement - counter = counter + 1: null

2018-12-04 11:00:42 - [TEST_STEP][PASSED] - Statement - PreSaveFile = new java.io.File(((pathPrefix + java.lang.Integer.toString(counter)) + .png)): null

2018-12-04 11:00:44 - [TEST_STEP][PASSED] - Statement - counter = counter + 1: null

2018-12-04 11:00:44 - [TEST_STEP][PASSED] - Statement - PreSaveFile = new java.io.File(((pathPrefix + java.lang.Integer.toString(counter)) + .png)): null

2018-12-04 11:00:44 - [TEST_STEP][PASSED] - Statement - counter = counter + 1: null

2018-12-04 11:00:44 - [TEST_STEP][PASSED] - Statement - PreSaveFile = new java.io.File(((pathPrefix + java.lang.Integer.toString(counter)) + .png)): null

2018-12-04 11:00:44 - [TEST_STEP][PASSED] - Statement - counter = counter + 1: null

2018-12-04 11:00:44 - [TEST_STEP][PASSED] - Statement - PreSaveFile = new java.io.File(((pathPrefix + java.lang.Integer.toString(counter)) + .png)): null

2018-12-04 11:00:44 - [TEST_STEP][PASSED] - Statement - counter = counter + 1: null

2018-12-04 11:00:44 - [TEST_STEP][PASSED] - Statement - PreSaveFile = new java.io.File(((pathPrefix + java.lang.Integer.toString(counter)) + .png)): null

2018-12-04 11:00:44 - [TEST_STEP][PASSED] - Statement - counter = counter + 1: null

2018-12-04 11:00:46 - [TEST_STEP][PASSED] - Statement - PreSaveFile = new java.io.File(((pathPrefix + java.lang.Integer.toString(counter)) + .png)): null

2018-12-04 11:00:46 - [TEST_STEP][PASSED] - Statement - counter = counter + 1: null

2018-12-04 11:00:46 - [TEST_STEP][PASSED] - Statement - PreSaveFile = new java.io.File(((pathPrefix + java.lang.Integer.toString(counter)) + .png)): null

2018-12-04 11:00:46 - [TEST_STEP][PASSED] - Statement - counter = counter + 1: null

2018-12-04 11:00:46 - [TEST_STEP][PASSED] - Statement - PreSaveFile = new java.io.File(((pathPrefix + java.lang.Integer.toString(counter)) + .png)): null

2018-12-04 11:00:46 - [TEST_STEP][PASSED] - Statement - counter = counter + 1: null

2018-12-04 11:00:46 - [TEST_STEP][PASSED] - Statement - PreSaveFile = new java.io.File(((pathPrefix + java.lang.Integer.toString(counter)) + .png)): null

2018-12-04 11:00:46 - [TEST_STEP][PASSED] - Statement - counter = counter + 1: null

2018-12-04 11:00:46 - [TEST_STEP][PASSED] - Statement - PreSaveFile = new java.io.File(((pathPrefix + java.lang.Integer.toString(counter)) + .png)): null

2018-12-04 11:00:46 - [TEST_STEP][PASSED] - Statement - counter = counter + 1: null

2018-12-04 11:00:48 - [TEST_STEP][PASSED] - Statement - PreSaveFile = new java.io.File(((pathPrefix + java.lang.Integer.toString(counter)) + .png)): null

2018-12-04 11:00:48 - [TEST_STEP][PASSED] - Statement - counter = counter + 1: null

2018-12-04 11:00:48 - [TEST_STEP][PASSED] - Statement - PreSaveFile = new java.io.File(((pathPrefix + java.lang.Integer.toString(counter)) + .png)): null

2018-12-04 11:00:48 - [TEST_STEP][PASSED] - Statement - counter = counter + 1: null

2018-12-04 11:00:48 - [TEST_STEP][PASSED] - Statement - PreSaveFile = new java.io.File(((pathPrefix + java.lang.Integer.toString(counter)) + .png)): null

2018-12-04 11:00:48 - [TEST_STEP][PASSED] - Statement - counter = counter + 1: null

2018-12-04 11:00:48 - [TEST_STEP][PASSED] - Statement - PreSaveFile = new java.io.File(((pathPrefix + java.lang.Integer.toString(counter)) + .png)): null

2018-12-04 11:00:48 - [TEST_STEP][PASSED] - Statement - counter = counter + 1: null

2018-12-04 11:00:48 - [TEST_STEP][PASSED] - Statement - PreSaveFile = new java.io.File(((pathPrefix + java.lang.Integer.toString(counter)) + .png)): null

2018-12-04 11:00:48 - [TEST_STEP][PASSED] - Statement - counter = counter + 1: null

2018-12-04 11:00:50 - [TEST_STEP][PASSED] - Statement - PreSaveFile = new java.io.File(((pathPrefix + java.lang.Integer.toString(counter)) + .png)): null

2018-12-04 11:00:50 - [TEST_STEP][PASSED] - Statement - counter = counter + 1: null

2018-12-04 11:00:50 - [TEST_STEP][PASSED] - Statement - PreSaveFile = new java.io.File(((pathPrefix + java.lang.Integer.toString(counter)) + .png)): null

2018-12-04 11:00:50 - [TEST_STEP][PASSED] - Statement - counter = counter + 1: null

2018-12-04 11:00:50 - [TEST_STEP][PASSED] - Statement - PreSaveFile = new java.io.File(((pathPrefix + java.lang.Integer.toString(counter)) + .png)): null

2018-12-04 11:00:50 - [TEST_STEP][PASSED] - Statement - counter = counter + 1: null

2018-12-04 11:00:50 - [TEST_STEP][PASSED] - Statement - PreSaveFile = new java.io.File(((pathPrefix + java.lang.Integer.toString(counter)) + .png)): null

2018-12-04 11:00:50 - [TEST_STEP][PASSED] - Statement - counter = counter + 1: null

2018-12-04 11:00:50 - [TEST_STEP][PASSED] - Statement - PreSaveFile = new java.io.File(((pathPrefix + java.lang.Integer.toString(counter)) + .png)): null

2018-12-04 11:00:52 - [TEST_STEP][PASSED] - Statement - counter = counter + 1: null

2018-12-04 11:00:52 - [TEST_STEP][PASSED] - Statement - PreSaveFile = new java.io.File(((pathPrefix + java.lang.Integer.toString(counter)) + .png)): null

2018-12-04 11:00:52 - [TEST_STEP][PASSED] - Statement - counter = counter + 1: null

2018-12-04 11:00:52 - [TEST_STEP][PASSED] - Statement - PreSaveFile = new java.io.File(((pathPrefix + java.lang.Integer.toString(counter)) + .png)): null

2018-12-04 11:00:52 - [TEST_STEP][PASSED] - Statement - counter = counter + 1: null

2018-12-04 11:00:52 - [TEST_STEP][PASSED] - Statement - PreSaveFile = new java.io.File(((pathPrefix + java.lang.Integer.toString(counter)) + .png)): null

2018-12-04 11:00:52 - [TEST_STEP][PASSED] - Statement - counter = counter + 1: null

2018-12-04 11:00:52 - [TEST_STEP][PASSED] - Statement - PreSaveFile = new java.io.File(((pathPrefix + java.lang.Integer.toString(counter)) + .png)): null

2018-12-04 11:00:52 - [TEST_STEP][PASSED] - Statement - counter = counter + 1: null

2018-12-04 11:00:52 - [TEST_STEP][PASSED] - Statement - PreSaveFile = new java.io.File(((pathPrefix + java.lang.Integer.toString(counter)) + .png)): null

2018-12-04 11:00:54 - [TEST_STEP][PASSED] - Statement - counter = counter + 1: null

2018-12-04 11:00:54 - [TEST_STEP][PASSED] - Statement - PreSaveFile = new java.io.File(((pathPrefix + java.lang.Integer.toString(counter)) + .png)): null

2018-12-04 11:00:54 - [TEST_STEP][PASSED] - Statement - counter = counter + 1: null

2018-12-04 11:00:54 - [TEST_STEP][PASSED] - Statement - PreSaveFile = new java.io.File(((pathPrefix + java.lang.Integer.toString(counter)) + .png)): null

2018-12-04 11:00:54 - [TEST_STEP][PASSED] - Statement - counter = counter + 1: null

2018-12-04 11:00:54 - [TEST_STEP][PASSED] - Statement - PreSaveFile = new java.io.File(((pathPrefix + java.lang.Integer.toString(counter)) + .png)): null

2018-12-04 11:00:54 - [TEST_STEP][PASSED] - Statement - counter = counter + 1: null

2018-12-04 11:00:54 - [TEST_STEP][PASSED] - Statement - PreSaveFile = new java.io.File(((pathPrefix + java.lang.Integer.toString(counter)) + .png)): null

2018-12-04 11:00:54 - [TEST_STEP][PASSED] - Statement - counter = counter + 1: null

2018-12-04 11:00:56 - [TEST_STEP][PASSED] - Statement - PreSaveFile = new java.io.File(((pathPrefix + java.lang.Integer.toString(counter)) + .png)): null

2018-12-04 11:00:56 - [TEST_STEP][PASSED] - Statement - counter = counter + 1: null

2018-12-04 11:00:56 - [TEST_STEP][PASSED] - Statement - PreSaveFile = new java.io.File(((pathPrefix + java.lang.Integer.toString(counter)) + .png)): null

2018-12-04 11:00:56 - [TEST_STEP][PASSED] - Statement - counter = counter + 1: null

2018-12-04 11:00:56 - [TEST_STEP][PASSED] - Statement - PreSaveFile = new java.io.File(((pathPrefix + java.lang.Integer.toString(counter)) + .png)): null

2018-12-04 11:00:56 - [TEST_STEP][PASSED] - Statement - counter = counter + 1: null

2018-12-04 11:00:56 - [TEST_STEP][PASSED] - Statement - PreSaveFile = new java.io.File(((pathPrefix + java.lang.Integer.toString(counter)) + .png)): null

2018-12-04 11:00:56 - [TEST_STEP][PASSED] - Statement - counter = counter + 1: null

2018-12-04 11:00:56 - [TEST_STEP][PASSED] - Statement - PreSaveFile = new java.io.File(((pathPrefix + java.lang.Integer.toString(counter)) + .png)): null

2018-12-04 11:00:56 - [TEST_STEP][PASSED] - Statement - counter = counter + 1: null

2018-12-04 11:00:58 - [TEST_STEP][PASSED] - Statement - PreSaveFile = new java.io.File(((pathPrefix + java.lang.Integer.toString(counter)) + .png)): null

2018-12-04 11:00:58 - [TEST_STEP][PASSED] - Statement - counter = counter + 1: null

2018-12-04 11:00:58 - [TEST_STEP][PASSED] - Statement - PreSaveFile = new java.io.File(((pathPrefix + java.lang.Integer.toString(counter)) + .png)): null

2018-12-04 11:00:58 - [TEST_STEP][PASSED] - Statement - counter = counter + 1: null

2018-12-04 11:00:58 - [TEST_STEP][PASSED] - Statement - PreSaveFile = new java.io.File(((pathPrefix + java.lang.Integer.toString(counter)) + .png)): null

2018-12-04 11:00:58 - [TEST_STEP][PASSED] - Statement - counter = counter + 1: null

2018-12-04 11:00:58 - [TEST_STEP][PASSED] - Statement - PreSaveFile = new java.io.File(((pathPrefix + java.lang.Integer.toString(counter)) + .png)): null

2018-12-04 11:00:58 - [TEST_STEP][PASSED] - Statement - counter = counter + 1: null

2018-12-04 11:00:58 - [TEST_STEP][PASSED] - Statement - PreSaveFile = new java.io.File(((pathPrefix + java.lang.Integer.toString(counter)) + .png)): null

2018-12-04 11:00:58 - [TEST_STEP][PASSED] - Statement - counter = counter + 1: null

2018-12-04 11:01:00 - [TEST_STEP][PASSED] - Statement - PreSaveFile = new java.io.File(((pathPrefix + java.lang.Integer.toString(counter)) + .png)): null

2018-12-04 11:01:00 - [TEST_STEP][PASSED] - Statement - counter = counter + 1: null

2018-12-04 11:01:00 - [TEST_STEP][PASSED] - Statement - PreSaveFile = new java.io.File(((pathPrefix + java.lang.Integer.toString(counter)) + .png)): null

2018-12-04 11:01:00 - [TEST_STEP][PASSED] - Statement - counter = counter + 1: null

2018-12-04 11:01:00 - [TEST_STEP][PASSED] - Statement - PreSaveFile = new java.io.File(((pathPrefix + java.lang.Integer.toString(counter)) + .png)): null

2018-12-04 11:01:00 - [TEST_STEP][PASSED] - Statement - counter = counter + 1: null

2018-12-04 11:01:00 - [TEST_STEP][PASSED] - Statement - PreSaveFile = new java.io.File(((pathPrefix + java.lang.Integer.toString(counter)) + .png)): null

2018-12-04 11:01:00 - [TEST_STEP][PASSED] - Statement - counter = counter + 1: null

2018-12-04 11:01:00 - [TEST_STEP][PASSED] - Statement - PreSaveFile = new java.io.File(((pathPrefix + java.lang.Integer.toString(counter)) + .png)): null

2018-12-04 11:01:02 - [TEST_STEP][PASSED] - Statement - counter = counter + 1: null

2018-12-04 11:01:02 - [TEST_STEP][PASSED] - Statement - PreSaveFile = new java.io.File(((pathPrefix + java.lang.Integer.toString(counter)) + .png)): null

2018-12-04 11:01:02 - [TEST_STEP][PASSED] - Statement - counter = counter + 1: null

2018-12-04 11:01:02 - [TEST_STEP][PASSED] - Statement - PreSaveFile = new java.io.File(((pathPrefix + java.lang.Integer.toString(counter)) + .png)): null

2018-12-04 11:01:02 - [TEST_STEP][PASSED] - Statement - counter = counter + 1: null

2018-12-04 11:01:02 - [TEST_STEP][PASSED] - Statement - PreSaveFile = new java.io.File(((pathPrefix + java.lang.Integer.toString(counter)) + .png)): null

2018-12-04 11:01:02 - [TEST_STEP][PASSED] - Statement - counter = counter + 1: null

2018-12-04 11:01:02 - [TEST_STEP][PASSED] - Statement - PreSaveFile = new java.io.File(((pathPrefix + java.lang.Integer.toString(counter)) + .png)): null

2018-12-04 11:01:02 - [TEST_STEP][PASSED] - Statement - counter = counter + 1: null

2018-12-04 11:01:04 - [TEST_STEP][PASSED] - Statement - PreSaveFile = new java.io.File(((pathPrefix + java.lang.Integer.toString(counter)) + .png)): null

2018-12-04 11:01:04 - [TEST_STEP][PASSED] - Statement - counter = counter + 1: null

2018-12-04 11:01:04 - [TEST_STEP][PASSED] - Statement - PreSaveFile = new java.io.File(((pathPrefix + java.lang.Integer.toString(counter)) + .png)): null

2018-12-04 11:01:04 - [TEST_STEP][PASSED] - Statement - counter = counter + 1: null

2018-12-04 11:01:04 - [TEST_STEP][PASSED] - Statement - PreSaveFile = new java.io.File(((pathPrefix + java.lang.Integer.toString(counter)) + .png)): null

2018-12-04 11:01:04 - [TEST_STEP][PASSED] - Statement - counter = counter + 1: null

2018-12-04 11:01:04 - [TEST_STEP][PASSED] - Statement - PreSaveFile = new java.io.File(((pathPrefix + java.lang.Integer.toString(counter)) + .png)): null

2018-12-04 11:01:04 - [TEST_STEP][PASSED] - Statement - counter = counter + 1: null

2018-12-04 11:01:04 - [TEST_STEP][PASSED] - Statement - PreSaveFile = new java.io.File(((pathPrefix + java.lang.Integer.toString(counter)) + .png)): null

2018-12-04 11:01:04 - [TEST_STEP][PASSED] - Statement - counter = counter + 1: null

2018-12-04 11:01:06 - [TEST_STEP][PASSED] - Statement - PreSaveFile = new java.io.File(((pathPrefix + java.lang.Integer.toString(counter)) + .png)): null

2018-12-04 11:01:06 - [TEST_STEP][PASSED] - Statement - counter = counter + 1: null

2018-12-04 11:01:06 - [TEST_STEP][PASSED] - Statement - PreSaveFile = new java.io.File(((pathPrefix + java.lang.Integer.toString(counter)) + .png)): null

2018-12-04 11:01:06 - [TEST_STEP][PASSED] - Statement - counter = counter + 1: null

2018-12-04 11:01:06 - [TEST_STEP][PASSED] - Statement - PreSaveFile = new java.io.File(((pathPrefix + java.lang.Integer.toString(counter)) + .png)): null

2018-12-04 11:01:06 - [TEST_STEP][PASSED] - Statement - counter = counter + 1: null

2018-12-04 11:01:06 - [TEST_STEP][PASSED] - Statement - PreSaveFile = new java.io.File(((pathPrefix + java.lang.Integer.toString(counter)) + .png)): null

2018-12-04 11:01:06 - [TEST_STEP][PASSED] - Statement - counter = counter + 1: null

2018-12-04 11:01:06 - [TEST_STEP][PASSED] - Statement - PreSaveFile = new java.io.File(((pathPrefix + java.lang.Integer.toString(counter)) + .png)): null

2018-12-04 11:01:06 - [TEST_STEP][PASSED] - Statement - counter = counter + 1: null

2018-12-04 11:01:09 - [TEST_STEP][PASSED] - Statement - PreSaveFile = new java.io.File(((pathPrefix + java.lang.Integer.toString(counter)) + .png)): null

2018-12-04 11:01:09 - [TEST_STEP][PASSED] - Statement - counter = counter + 1: null

2018-12-04 11:01:09 - [TEST_STEP][PASSED] - Statement - PreSaveFile = new java.io.File(((pathPrefix + java.lang.Integer.toString(counter)) + .png)): null

2018-12-04 11:01:09 - [TEST_STEP][PASSED] - Statement - counter = counter + 1: null

2018-12-04 11:01:09 - [TEST_STEP][PASSED] - Statement - PreSaveFile = new java.io.File(((pathPrefix + java.lang.Integer.toString(counter)) + .png)): null

2018-12-04 11:01:09 - [TEST_STEP][PASSED] - Statement - counter = counter + 1: null

2018-12-04 11:01:09 - [TEST_STEP][PASSED] - Statement - PreSaveFile = new java.io.File(((pathPrefix + java.lang.Integer.toString(counter)) + .png)): null

2018-12-04 11:01:09 - [TEST_STEP][PASSED] - Statement - counter = counter + 1: null

2018-12-04 11:01:09 - [TEST_STEP][PASSED] - Statement - PreSaveFile = new java.io.File(((pathPrefix + java.lang.Integer.toString(counter)) + .png)): null

2018-12-04 11:01:09 - [TEST_STEP][PASSED] - Statement - counter = counter + 1: null

2018-12-04 11:01:11 - [TEST_STEP][PASSED] - Statement - PreSaveFile = new java.io.File(((pathPrefix + java.lang.Integer.toString(counter)) + .png)): null

2018-12-04 11:01:11 - [TEST_STEP][PASSED] - Statement - counter = counter + 1: null

2018-12-04 11:01:11 - [TEST_STEP][PASSED] - Statement - PreSaveFile = new java.io.File(((pathPrefix + java.lang.Integer.toString(counter)) + .png)): null

2018-12-04 11:01:11 - [TEST_STEP][PASSED] - Statement - counter = counter + 1: null

2018-12-04 11:01:11 - [TEST_STEP][PASSED] - Statement - PreSaveFile = new java.io.File(((pathPrefix + java.lang.Integer.toString(counter)) + .png)): null

2018-12-04 11:01:11 - [TEST_STEP][PASSED] - Statement - counter = counter + 1: null

2018-12-04 11:01:11 - [TEST_STEP][PASSED] - Statement - PreSaveFile = new java.io.File(((pathPrefix + java.lang.Integer.toString(counter)) + .png)): null

2018-12-04 11:01:11 - [TEST_STEP][PASSED] - Statement - counter = counter + 1: null

2018-12-04 11:01:11 - [TEST_STEP][PASSED] - Statement - PreSaveFile = new java.io.File(((pathPrefix + java.lang.Integer.toString(counter)) + .png)): null

2018-12-04 11:01:13 - [TEST_STEP][PASSED] - Statement - counter = counter + 1: null

2018-12-04 11:01:13 - [TEST_STEP][PASSED] - Statement - PreSaveFile = new java.io.File(((pathPrefix + java.lang.Integer.toString(counter)) + .png)): null

2018-12-04 11:01:13 - [TEST_STEP][PASSED] - Statement - counter = counter + 1: null

2018-12-04 11:01:13 - [TEST_STEP][PASSED] - Statement - PreSaveFile = new java.io.File(((pathPrefix + java.lang.Integer.toString(counter)) + .png)): null

2018-12-04 11:01:13 - [TEST_STEP][PASSED] - Statement - counter = counter + 1: null

2018-12-04 11:01:13 - [TEST_STEP][PASSED] - Statement - PreSaveFile = new java.io.File(((pathPrefix + java.lang.Integer.toString(counter)) + .png)): null

2018-12-04 11:01:13 - [TEST_STEP][PASSED] - Statement - counter = counter + 1: null

2018-12-04 11:01:13 - [TEST_STEP][PASSED] - Statement - PreSaveFile = new java.io.File(((pathPrefix + java.lang.Integer.toString(counter)) + .png)): null

2018-12-04 11:01:13 - [TEST_STEP][PASSED] - Statement - counter = counter + 1: null

2018-12-04 11:01:15 - [TEST_STEP][PASSED] - Statement - PreSaveFile = new java.io.File(((pathPrefix + java.lang.Integer.toString(counter)) + .png)): null

2018-12-04 11:01:15 - [TEST_STEP][PASSED] - Statement - counter = counter + 1: null

2018-12-04 11:01:15 - [TEST_STEP][PASSED] - Statement - PreSaveFile = new java.io.File(((pathPrefix + java.lang.Integer.toString(counter)) + .png)): null

2018-12-04 11:01:15 - [TEST_STEP][PASSED] - Statement - counter = counter + 1: null

2018-12-04 11:01:15 - [TEST_STEP][PASSED] - Statement - PreSaveFile = new java.io.File(((pathPrefix + java.lang.Integer.toString(counter)) + .png)): null

2018-12-04 11:01:15 - [TEST_STEP][PASSED] - Statement - counter = counter + 1: null

2018-12-04 11:01:15 - [TEST_STEP][PASSED] - Statement - PreSaveFile = new java.io.File(((pathPrefix + java.lang.Integer.toString(counter)) + .png)): null

2018-12-04 11:01:15 - [TEST_STEP][PASSED] - Statement - counter = counter + 1: null

2018-12-04 11:01:15 - [TEST_STEP][PASSED] - Statement - PreSaveFile = new java.io.File(((pathPrefix + java.lang.Integer.toString(counter)) + .png)): null

2018-12-04 11:01:15 - [TEST_STEP][PASSED] - Statement - counter = counter + 1: null

2018-12-04 11:01:16 - [TEST_STEP][PASSED] - Statement - PreSaveFile = new java.io.File(((pathPrefix + java.lang.Integer.toString(counter)) + .png)): null

2018-12-04 11:01:16 - [TEST_STEP][PASSED] - Statement - counter = counter + 1: null

2018-12-04 11:01:16 - [TEST_STEP][PASSED] - Statement - PreSaveFile = new java.io.File(((pathPrefix + java.lang.Integer.toString(counter)) + .png)): null

2018-12-04 11:01:16 - [TEST_STEP][PASSED] - Statement - counter = counter + 1: null

2018-12-04 11:01:16 - [TEST_STEP][PASSED] - Statement - PreSaveFile = new java.io.File(((pathPrefix + java.lang.Integer.toString(counter)) + .png)): null

2018-12-04 11:01:16 - [TEST_STEP][PASSED] - Statement - counter = counter + 1: null

2018-12-04 11:01:16 - [TEST_STEP][PASSED] - Statement - PreSaveFile = new java.io.File(((pathPrefix + java.lang.Integer.toString(counter)) + .png)): null

2018-12-04 11:01:16 - [TEST_STEP][PASSED] - Statement - counter = counter + 1: null

2018-12-04 11:01:16 - [TEST_STEP][PASSED] - Statement - PreSaveFile = new java.io.File(((pathPrefix + java.lang.Integer.toString(counter)) + .png)): null

2018-12-04 11:01:16 - [TEST_STEP][PASSED] - Statement - counter = counter + 1: null

2018-12-04 11:01:18 - [TEST_STEP][PASSED] - Statement - PreSaveFile = new java.io.File(((pathPrefix + java.lang.Integer.toString(counter)) + .png)): null

2018-12-04 11:01:18 - [TEST_STEP][PASSED] - Statement - counter = counter + 1: null

2018-12-04 11:01:18 - [TEST_STEP][PASSED] - Statement - PreSaveFile = new java.io.File(((pathPrefix + java.lang.Integer.toString(counter)) + .png)): null

2018-12-04 11:01:18 - [TEST_STEP][PASSED] - Statement - counter = counter + 1: null

2018-12-04 11:01:18 - [TEST_STEP][PASSED] - Statement - PreSaveFile = new java.io.File(((pathPrefix + java.lang.Integer.toString(counter)) + .png)): null

2018-12-04 11:01:18 - [TEST_STEP][PASSED] - Statement - counter = counter + 1: null

2018-12-04 11:01:18 - [TEST_STEP][PASSED] - Statement - PreSaveFile = new java.io.File(((pathPrefix + java.lang.Integer.toString(counter)) + .png)): null

2018-12-04 11:01:18 - [TEST_STEP][PASSED] - Statement - counter = counter + 1: null

2018-12-04 11:01:18 - [TEST_STEP][PASSED] - Statement - PreSaveFile = new java.io.File(((pathPrefix + java.lang.Integer.toString(counter)) + .png)): null

2018-12-04 11:01:20 - [TEST_STEP][PASSED] - Statement - counter = counter + 1: null

2018-12-04 11:01:20 - [TEST_STEP][PASSED] - Statement - PreSaveFile = new java.io.File(((pathPrefix + java.lang.Integer.toString(counter)) + .png)): null

2018-12-04 11:01:20 - [TEST_STEP][PASSED] - Statement - counter = counter + 1: null

2018-12-04 11:01:20 - [TEST_STEP][PASSED] - Statement - PreSaveFile = new java.io.File(((pathPrefix + java.lang.Integer.toString(counter)) + .png)): null

2018-12-04 11:01:20 - [TEST_STEP][PASSED] - Statement - finalPath = pathPrefix + java.lang.Integer.toString(counter) + ".png": null

2018-12-04 11:01:20 - [TEST_STEP][PASSED] - Statement - SaveFile = new java.io.File(finalPath): null

2018-12-04 11:01:20 - [TEST_STEP][PASSED] - Statement - Try: null

2018-12-04 11:01:20 - [TEST_STEP][PASSED] - Statement - org.apache.commons.io.FileUtils.copyFile(scrFile, SaveFile): null

2018-12-04 11:01:20 - [TEST_STEP][PASSED] - Statement - out.println("file kept"): null

2018-12-04 11:01:23 - [TEST_STEP][PASSED] - delay: Delayed 10 second(s)

2018-12-04 11:01:33 - [MESSAGE][PASSED] - Delayed 10 second(s)

2018-12-04 11:01:33 - [MESSAGE][PASSED] - Call Test Case 'Test Cases/Final Aug 2018 - PKS Automation/Common/Screenshoting tool' successfully

2018-12-04 11:01:33 - [TEST_STEP][PASSED] - callTestCase: Call Test Case 'Test Cases/Final Aug 2018 - PKS Automation/Registration Module/Log Out/log out avoiding katalon tagging' successfully

2018-12-04 11:01:33 - [TEST_CASE][PASSED] - Test Cases/Final Aug 2018 - PKS Automation/Registration Module/Log Out/log out avoiding katalon tagging: Test Cases/Final Aug 2018 - PKS Automation/Registration Module/Log Out/log out avoiding katalon tagging

2018-12-04 11:01:33 - [TEST_STEP][PASSED] - navigateToUrl: Navigate to 'https://assist2-uat.perkeso.gov.my/c/portal/logout' successfully

2018-12-04 11:01:33 - [MESSAGE][PASSED] - Navigate to 'https://assist2-uat.perkeso.gov.my/c/portal/logout' successfully

2018-12-04 11:01:33 - [MESSAGE][PASSED] - Call Test Case 'Test Cases/Final Aug 2018 - PKS Automation/Registration Module/Log Out/log out avoiding katalon tagging' successfully

2018-12-04 11:01:33 - [TEST_STEP][PASSED] - delay: Delayed 2 second(s)

2018-12-04 11:01:35 - [MESSAGE][PASSED] - Delayed 2 second(s)

2018-12-04 11:01:35 - [TEST_STEP][PASSED] - setText: Text 'johorro3@gmail.com' is set on object 'Object Repository/Final Object Repo/New Registration - Registration Module Pages/New Reg - OTC to RO/Special Case - All Related Objects/Email TextBox'

2018-12-04 11:01:36 - [MESSAGE][PASSED] - Text 'johorro3@gmail.com' is set on object 'Object Repository/Final Object Repo/New Registration - Registration Module Pages/New Reg - OTC to RO/Special Case - All Related Objects/Email TextBox'

2018-12-04 11:01:36 - [TEST_STEP][PASSED] - click: Object: 'Object Repository/Final Object Repo/New Registration - Registration Module Pages/New Reg - OTC to RO/Special Case - All Related Objects/Next Button' is clicked on

2018-12-04 11:01:36 - [MESSAGE][PASSED] - Object: 'Object Repository/Final Object Repo/New Registration - Registration Module Pages/New Reg - OTC to RO/Special Case - All Related Objects/Next Button' is clicked on

2018-12-04 11:01:36 - [TEST_STEP][PASSED] - delay: Delayed 2 second(s)

2018-12-04 11:01:38 - [MESSAGE][PASSED] - Delayed 2 second(s)

2018-12-04 11:01:38 - [TEST_STEP][PASSED] - setText: Text 'Test1@3456789' is set on object 'Object Repository/Final Object Repo/New Registration - Registration Module Pages/New Reg - OTC to RO/Special Case - All Related Objects/Password TextBox'

2018-12-04 11:01:38 - [MESSAGE][PASSED] - Text 'Test1@3456789' is set on object 'Object Repository/Final Object Repo/New Registration - Registration Module Pages/New Reg - OTC to RO/Special Case - All Related Objects/Password TextBox'

2018-12-04 11:01:38 - [TEST_STEP][PASSED] - delay: Delayed 2 second(s)

2018-12-04 11:01:40 - [MESSAGE][PASSED] - Delayed 2 second(s)

2018-12-04 11:01:40 - [TEST_STEP][PASSED] - click: Object: 'Object Repository/Final Object Repo/New Registration - Registration Module Pages/New Reg - OTC to RO/Special Case - All Related Objects/Login Button' is clicked on

2018-12-04 11:01:41 - [MESSAGE][PASSED] - Object: 'Object Repository/Final Object Repo/New Registration - Registration Module Pages/New Reg - OTC to RO/Special Case - All Related Objects/Login Button' is clicked on

2018-12-04 11:01:41 - [TEST_STEP][PASSED] - delay: Delayed 2 second(s)

2018-12-04 11:01:43 - [MESSAGE][PASSED] - Delayed 2 second(s)

2018-12-04 11:01:43 - [TEST_STEP][PASSED] - Statement - Try: null

2018-12-04 11:01:43 - [TEST_STEP][PASSED] - Statement - Checker = com.kms.katalon.core.webui.keyword.WebUiBuiltInKeywords.verifyElementNotPresent("Final Object Repo/Landing Page/Select to English", 3): null

2018-12-04 11:01:43 - [TEST_STEP][PASSED] - Statement - Catch (Exception e): null

2018-12-04 11:01:43 - [TEST_STEP][PASSED] - Statement - e.printStackTrace(): null

2018-12-04 11:01:43 - [TEST_STEP][PASSED] - click: Object: 'Object Repository/Final Object Repo/New Registration - Registration Module Pages/New Reg - OTC to RO/Special Case - All Related Objects/Expand to Search' is clicked on

2018-12-04 11:01:43 - [MESSAGE][PASSED] - Object: 'Object Repository/Final Object Repo/New Registration - Registration Module Pages/New Reg - OTC to RO/Special Case - All Related Objects/Expand to Search' is clicked on

2018-12-04 11:01:43 - [TEST_STEP][PASSED] - setText: Text 'CRN12201800122969' is set on object 'Object Repository/Final Object Repo/New Registration - Registration Module Pages/New Reg - OTC to RO/Special Case - All Related Objects/TextBox RefNo in Workbasket'

2018-12-04 11:01:43 - [MESSAGE][PASSED] - Text 'CRN12201800122969' is set on object 'Object Repository/Final Object Repo/New Registration - Registration Module Pages/New Reg - OTC to RO/Special Case - All Related Objects/TextBox RefNo in Workbasket'

2018-12-04 11:01:43 - [TEST_STEP][PASSED] - delay: Delayed 2 second(s)

2018-12-04 11:01:45 - [MESSAGE][PASSED] - Delayed 2 second(s)

2018-12-04 11:01:45 - [TEST_STEP][PASSED] - click: Object: 'Object Repository/Final Object Repo/New Registration - Registration Module Pages/New Reg - OTC to RO/Special Case - All Related Objects/Click Search' is clicked on

2018-12-04 11:01:46 - [MESSAGE][PASSED] - Object: 'Object Repository/Final Object Repo/New Registration - Registration Module Pages/New Reg - OTC to RO/Special Case - All Related Objects/Click Search' is clicked on

2018-12-04 11:01:46 - [TEST_STEP][PASSED] - delay: Delayed 2 second(s)

2018-12-04 11:01:48 - [MESSAGE][PASSED] - Delayed 2 second(s)

2018-12-04 11:01:48 - [TEST_STEP][PASSED] - click: Object: 'Object Repository/Final Object Repo/New Registration - Registration Module Pages/New Reg - OTC to RO/Special Case - All Related Objects/Click to Continue Workflow' is clicked on

2018-12-04 11:01:51 - [MESSAGE][PASSED] - Object: 'Object Repository/Final Object Repo/New Registration - Registration Module Pages/New Reg - OTC to RO/Special Case - All Related Objects/Click to Continue Workflow' is clicked on

2018-12-04 11:01:51 - [TEST_STEP][PASSED] - delay: Delayed 2 second(s)

2018-12-04 11:01:53 - [MESSAGE][PASSED] - Delayed 2 second(s)

2018-12-04 11:01:53 - [TEST_STEP][PASSED] - click: Object: 'Object Repository/Final Object Repo/New Registration - Registration Module Pages/New Reg - OTC to RO/Special Case - All Related Objects/Continue Button in verifying case' is clicked on

2018-12-04 11:01:54 - [MESSAGE][PASSED] - Object: 'Object Repository/Final Object Repo/New Registration - Registration Module Pages/New Reg - OTC to RO/Special Case - All Related Objects/Continue Button in verifying case' is clicked on

2018-12-04 11:01:54 - [TEST_STEP][PASSED] - delay: Delayed 2 second(s)

2018-12-04 11:01:56 - [MESSAGE][PASSED] - Delayed 2 second(s)

2018-12-04 11:01:56 - [TEST_STEP][PASSED] - click: Object: 'Object Repository/Final Object Repo/New Registration - Registration Module Pages/Form 1/Registered As a Branch - Yes' is clicked on

2018-12-04 11:01:57 - [MESSAGE][PASSED] - Object: 'Object Repository/Final Object Repo/New Registration - Registration Module Pages/Form 1/Registered As a Branch - Yes' is clicked on

2018-12-04 11:01:57 - [TEST_STEP][PASSED] - delay: Delayed 2 second(s)

2018-12-04 11:01:59 - [MESSAGE][PASSED] - Delayed 2 second(s)

2018-12-04 11:01:59 - [TEST_STEP][PASSED] - click: Object: 'Object Repository/Final Object Repo/New Registration - Registration Module Pages/New Reg - OTC to RO/Special Case - All Related Objects/Form 1 Save n Continue' is clicked on

2018-12-04 11:01:59 - [MESSAGE][PASSED] - Object: 'Object Repository/Final Object Repo/New Registration - Registration Module Pages/New Reg - OTC to RO/Special Case - All Related Objects/Form 1 Save n Continue' is clicked on

2018-12-04 11:01:59 - [TEST_STEP][PASSED] - delay: Delayed 2 second(s)

2018-12-04 11:02:01 - [MESSAGE][PASSED] - Delayed 2 second(s)

2018-12-04 11:02:01 - [TEST_STEP][PASSED] - click: Object: 'Object Repository/Final Object Repo/New Registration - Registration Module Pages/New Reg - OTC to RO/Special Case - All Related Objects/Form 2 Save n Continue' is clicked on

2018-12-04 11:02:01 - [MESSAGE][PASSED] - Object: 'Object Repository/Final Object Repo/New Registration - Registration Module Pages/New Reg - OTC to RO/Special Case - All Related Objects/Form 2 Save n Continue' is clicked on

2018-12-04 11:02:01 - [TEST_STEP][PASSED] - delay: Delayed 2 second(s)

2018-12-04 11:02:03 - [MESSAGE][PASSED] - Delayed 2 second(s)

2018-12-04 11:02:03 - [TEST_STEP][PASSED] - click: Object: 'Object Repository/Final Object Repo/New Registration - Registration Module Pages/New Reg - OTC to RO/Special Case - All Related Objects/Third Screen Save n Continue' is clicked on

2018-12-04 11:02:08 - [MESSAGE][PASSED] - Object: 'Object Repository/Final Object Repo/New Registration - Registration Module Pages/New Reg - OTC to RO/Special Case - All Related Objects/Third Screen Save n Continue' is clicked on

2018-12-04 11:02:08 - [TEST_STEP][PASSED] - delay: Delayed 5 second(s)

2018-12-04 11:02:13 - [MESSAGE][PASSED] - Delayed 5 second(s)

2018-12-04 11:02:13 - [TEST_STEP][PASSED] - click: Object: 'Object Repository/Final Object Repo/New Registration - Registration Module Pages/New Reg - OTC to RO/Special Case - All Related Objects/Upload Doc Page Save n Continue' is clicked on

2018-12-04 11:02:14 - [MESSAGE][PASSED] - Object: 'Object Repository/Final Object Repo/New Registration - Registration Module Pages/New Reg - OTC to RO/Special Case - All Related Objects/Upload Doc Page Save n Continue' is clicked on

2018-12-04 11:02:14 - [TEST_STEP][PASSED] - delay: Delayed 5 second(s)

2018-12-04 11:02:19 - [MESSAGE][PASSED] - Delayed 5 second(s)

2018-12-04 11:02:19 - [TEST_STEP][PASSED] - callTestCase: Call Test Case 'Test Cases/Final Aug 2018 - PKS Automation/Registration Module/New Registration/Submit and Screenshot/Submit Registration and Screenshot' successfully

2018-12-04 11:02:19 - [TEST_CASE][PASSED] - Test Cases/Final Aug 2018 - PKS Automation/Registration Module/New Registration/Submit and Screenshot/Submit Registration and Screenshot: Test Cases/Final Aug 2018 - PKS Automation/Registration Module/New Registration/Submit and Screenshot/Submit Registration and Screenshot

2018-12-04 11:02:19 - [TEST_STEP][PASSED] - delay: Delayed 6 second(s)

2018-12-04 11:02:25 - [MESSAGE][PASSED] - Delayed 6 second(s)

2018-12-04 11:02:25 - [TEST_STEP][PASSED] - click: Object: 'Object Repository/Final Object Repo/New Registration - Registration Module Pages/Third Screen - Upload Supporting Doc- Preview/Preview Submit Button' is clicked on

2018-12-04 11:02:25 - [MESSAGE][PASSED] - Object: 'Object Repository/Final Object Repo/New Registration - Registration Module Pages/Third Screen - Upload Supporting Doc- Preview/Preview Submit Button' is clicked on

2018-12-04 11:02:25 - [TEST_STEP][PASSED] - delay: Delayed 2 second(s)

2018-12-04 11:02:27 - [MESSAGE][PASSED] - Delayed 2 second(s)

2018-12-04 11:02:27 - [TEST_STEP][PASSED] - click: Object: 'Object Repository/Final Object Repo/New Registration - Registration Module Pages/Third Screen - Upload Supporting Doc- Preview/Preview Submit - Confirm' is clicked on

2018-12-04 11:02:27 - [MESSAGE][PASSED] - Object: 'Object Repository/Final Object Repo/New Registration - Registration Module Pages/Third Screen - Upload Supporting Doc- Preview/Preview Submit - Confirm' is clicked on

2018-12-04 11:02:27 - [TEST_STEP][PASSED] - delay: Delayed 15 second(s)

2018-12-04 11:02:42 - [MESSAGE][PASSED] - Delayed 15 second(s)

2018-12-04 11:02:42 - [TEST_STEP][PASSED] - Statement - driver = com.kms.katalon.core.webui.driver.DriverFactory.getWebDriver(): null

2018-12-04 11:02:42 - [TEST_STEP][PASSED] - Statement - driver.manage().timeouts().implicitlyWait(10, SECONDS): null

2018-12-04 11:02:42 - [TEST_STEP][PASSED] - Statement - PresavePath = KatalonScreenshots: null

2018-12-04 11:02:42 - [TEST_STEP][PASSED] - Statement - pathPrefix = "C:\Users\Public\Pictures\Sample Pictures\Katalon Screenshots\Automate Ending Screen": null

2018-12-04 11:02:42 - [TEST_STEP][PASSED] - Statement - finalPath = <not implemented yet for class: org.codehaus.groovy.ast.expr.EmptyExpression>: null

2018-12-04 11:02:42 - [TEST_STEP][PASSED] - Statement - scrFile = driver.getScreenshotAs(FILE): null

2018-12-04 11:02:42 - [TEST_STEP][PASSED] - Statement - PreSaveFile = new java.io.File(PresavePath): null

2018-12-04 11:02:42 - [TEST_STEP][PASSED] - Statement - counter = 0: null

2018-12-04 11:02:42 - [TEST_STEP][PASSED] - Statement - If (PreSaveFile.exists()): null

2018-12-04 11:02:42 - [TEST_STEP][PASSED] - Statement - While (PreSaveFile.exists()): null

2018-12-04 11:02:42 - [TEST_STEP][PASSED] - Statement - counter = counter + 1: null

2018-12-04 11:02:42 - [TEST_STEP][PASSED] - Statement - PreSaveFile = new java.io.File(((pathPrefix + java.lang.Integer.toString(counter)) + .png)): null

2018-12-04 11:02:42 - [TEST_STEP][PASSED] - Statement - counter = counter + 1: null

2018-12-04 11:02:42 - [TEST_STEP][PASSED] - Statement - PreSaveFile = new java.io.File(((pathPrefix + java.lang.Integer.toString(counter)) + .png)): null

2018-12-04 11:02:42 - [TEST_STEP][PASSED] - Statement - counter = counter + 1: null

2018-12-04 11:02:42 - [TEST_STEP][PASSED] - Statement - PreSaveFile = new java.io.File(((pathPrefix + java.lang.Integer.toString(counter)) + .png)): null

2018-12-04 11:02:42 - [TEST_STEP][PASSED] - Statement - counter = counter + 1: null

2018-12-04 11:02:42 - [TEST_STEP][PASSED] - Statement - PreSaveFile = new java.io.File(((pathPrefix + java.lang.Integer.toString(counter)) + .png)): null

2018-12-04 11:02:42 - [TEST_STEP][PASSED] - Statement - counter = counter + 1: null

2018-12-04 11:02:42 - [TEST_STEP][PASSED] - Statement - PreSaveFile = new java.io.File(((pathPrefix + java.lang.Integer.toString(counter)) + .png)): null

2018-12-04 11:02:42 - [TEST_STEP][PASSED] - Statement - counter = counter + 1: null

2018-12-04 11:02:42 - [TEST_STEP][PASSED] - Statement - PreSaveFile = new java.io.File(((pathPrefix + java.lang.Integer.toString(counter)) + .png)): null

2018-12-04 11:02:42 - [TEST_STEP][PASSED] - Statement - counter = counter + 1: null

2018-12-04 11:02:42 - [TEST_STEP][PASSED] - Statement - PreSaveFile = new java.io.File(((pathPrefix + java.lang.Integer.toString(counter)) + .png)): null

2018-12-04 11:02:42 - [TEST_STEP][PASSED] - Statement - counter = counter + 1: null

2018-12-04 11:02:42 - [TEST_STEP][PASSED] - Statement - PreSaveFile = new java.io.File(((pathPrefix + java.lang.Integer.toString(counter)) + .png)): null

2018-12-04 11:02:42 - [TEST_STEP][PASSED] - Statement - counter = counter + 1: null

2018-12-04 11:02:42 - [TEST_STEP][PASSED] - Statement - PreSaveFile = new java.io.File(((pathPrefix + java.lang.Integer.toString(counter)) + .png)): null

2018-12-04 11:02:42 - [TEST_STEP][PASSED] - Statement - counter = counter + 1: null

2018-12-04 11:02:42 - [TEST_STEP][PASSED] - Statement - PreSaveFile = new java.io.File(((pathPrefix + java.lang.Integer.toString(counter)) + .png)): null

2018-12-04 11:02:42 - [TEST_STEP][PASSED] - Statement - counter = counter + 1: null

2018-12-04 11:02:42 - [TEST_STEP][PASSED] - Statement - PreSaveFile = new java.io.File(((pathPrefix + java.lang.Integer.toString(counter)) + .png)): null

2018-12-04 11:02:42 - [TEST_STEP][PASSED] - Statement - counter = counter + 1: null

2018-12-04 11:02:42 - [TEST_STEP][PASSED] - Statement - PreSaveFile = new java.io.File(((pathPrefix + java.lang.Integer.toString(counter)) + .png)): null

2018-12-04 11:02:42 - [TEST_STEP][PASSED] - Statement - counter = counter + 1: null

2018-12-04 11:02:42 - [TEST_STEP][PASSED] - Statement - PreSaveFile = new java.io.File(((pathPrefix + java.lang.Integer.toString(counter)) + .png)): null

2018-12-04 11:02:42 - [TEST_STEP][PASSED] - Statement - counter = counter + 1: null

2018-12-04 11:02:42 - [TEST_STEP][PASSED] - Statement - PreSaveFile = new java.io.File(((pathPrefix + java.lang.Integer.toString(counter)) + .png)): null

2018-12-04 11:02:43 - [TEST_STEP][PASSED] - Statement - counter = counter + 1: null

2018-12-04 11:02:43 - [TEST_STEP][PASSED] - Statement - PreSaveFile = new java.io.File(((pathPrefix + java.lang.Integer.toString(counter)) + .png)): null

2018-12-04 11:02:44 - [TEST_STEP][PASSED] - Statement - counter = counter + 1: null

2018-12-04 11:02:44 - [TEST_STEP][PASSED] - Statement - PreSaveFile = new java.io.File(((pathPrefix + java.lang.Integer.toString(counter)) + .png)): null

2018-12-04 11:02:44 - [TEST_STEP][PASSED] - Statement - counter = counter + 1: null

2018-12-04 11:02:46 - [TEST_STEP][PASSED] - Statement - PreSaveFile = new java.io.File(((pathPrefix + java.lang.Integer.toString(counter)) + .png)): null

2018-12-04 11:02:46 - [TEST_STEP][PASSED] - Statement - counter = counter + 1: null

2018-12-04 11:02:46 - [TEST_STEP][PASSED] - Statement - PreSaveFile = new java.io.File(((pathPrefix + java.lang.Integer.toString(counter)) + .png)): null

2018-12-04 11:02:46 - [TEST_STEP][PASSED] - Statement - counter = counter + 1: null

2018-12-04 11:02:46 - [TEST_STEP][PASSED] - Statement - PreSaveFile = new java.io.File(((pathPrefix + java.lang.Integer.toString(counter)) + .png)): null

2018-12-04 11:02:46 - [TEST_STEP][PASSED] - Statement - counter = counter + 1: null

2018-12-04 11:02:46 - [TEST_STEP][PASSED] - Statement - PreSaveFile = new java.io.File(((pathPrefix + java.lang.Integer.toString(counter)) + .png)): null

2018-12-04 11:02:46 - [TEST_STEP][PASSED] - Statement - counter = counter + 1: null

2018-12-04 11:02:46 - [TEST_STEP][PASSED] - Statement - PreSaveFile = new java.io.File(((pathPrefix + java.lang.Integer.toString(counter)) + .png)): null

2018-12-04 11:02:46 - [TEST_STEP][PASSED] - Statement - counter = counter + 1: null

2018-12-04 11:02:46 - [TEST_STEP][PASSED] - Statement - PreSaveFile = new java.io.File(((pathPrefix + java.lang.Integer.toString(counter)) + .png)): null

2018-12-04 11:02:46 - [TEST_STEP][PASSED] - Statement - counter = counter + 1: null

2018-12-04 11:02:46 - [TEST_STEP][PASSED] - Statement - PreSaveFile = new java.io.File(((pathPrefix + java.lang.Integer.toString(counter)) + .png)): null

2018-12-04 11:02:46 - [TEST_STEP][PASSED] - Statement - counter = counter + 1: null

2018-12-04 11:02:46 - [TEST_STEP][PASSED] - Statement - PreSaveFile = new java.io.File(((pathPrefix + java.lang.Integer.toString(counter)) + .png)): null

2018-12-04 11:02:46 - [TEST_STEP][PASSED] - Statement - counter = counter + 1: null

2018-12-04 11:02:46 - [TEST_STEP][PASSED] - Statement - PreSaveFile = new java.io.File(((pathPrefix + java.lang.Integer.toString(counter)) + .png)): null

2018-12-04 11:02:46 - [TEST_STEP][PASSED] - Statement - counter = counter + 1: null

2018-12-04 11:02:46 - [TEST_STEP][PASSED] - Statement - PreSaveFile = new java.io.File(((pathPrefix + java.lang.Integer.toString(counter)) + .png)): null

2018-12-04 11:02:48 - [TEST_STEP][PASSED] - Statement - counter = counter + 1: null

2018-12-04 11:02:48 - [TEST_STEP][PASSED] - Statement - PreSaveFile = new java.io.File(((pathPrefix + java.lang.Integer.toString(counter)) + .png)): null

2018-12-04 11:02:48 - [TEST_STEP][PASSED] - Statement - counter = counter + 1: null

2018-12-04 11:02:48 - [TEST_STEP][PASSED] - Statement - PreSaveFile = new java.io.File(((pathPrefix + java.lang.Integer.toString(counter)) + .png)): null

2018-12-04 11:02:48 - [TEST_STEP][PASSED] - Statement - counter = counter + 1: null

2018-12-04 11:02:48 - [TEST_STEP][PASSED] - Statement - PreSaveFile = new java.io.File(((pathPrefix + java.lang.Integer.toString(counter)) + .png)): null

2018-12-04 11:02:48 - [TEST_STEP][PASSED] - Statement - counter = counter + 1: null

2018-12-04 11:02:48 - [TEST_STEP][PASSED] - Statement - PreSaveFile = new java.io.File(((pathPrefix + java.lang.Integer.toString(counter)) + .png)): null

2018-12-04 11:02:48 - [TEST_STEP][PASSED] - Statement - counter = counter + 1: null

2018-12-04 11:02:49 - [TEST_STEP][PASSED] - Statement - PreSaveFile = new java.io.File(((pathPrefix + java.lang.Integer.toString(counter)) + .png)): null

2018-12-04 11:02:49 - [TEST_STEP][PASSED] - Statement - counter = counter + 1: null

2018-12-04 11:02:49 - [TEST_STEP][PASSED] - Statement - PreSaveFile = new java.io.File(((pathPrefix + java.lang.Integer.toString(counter)) + .png)): null

2018-12-04 11:02:49 - [TEST_STEP][PASSED] - Statement - counter = counter + 1: null

2018-12-04 11:02:49 - [TEST_STEP][PASSED] - Statement - PreSaveFile = new java.io.File(((pathPrefix + java.lang.Integer.toString(counter)) + .png)): null

2018-12-04 11:02:49 - [TEST_STEP][PASSED] - Statement - counter = counter + 1: null

2018-12-04 11:02:49 - [TEST_STEP][PASSED] - Statement - PreSaveFile = new java.io.File(((pathPrefix + java.lang.Integer.toString(counter)) + .png)): null

2018-12-04 11:02:49 - [TEST_STEP][PASSED] - Statement - counter = counter + 1: null

2018-12-04 11:02:49 - [TEST_STEP][PASSED] - Statement - PreSaveFile = new java.io.File(((pathPrefix + java.lang.Integer.toString(counter)) + .png)): null

2018-12-04 11:02:49 - [TEST_STEP][PASSED] - Statement - counter = counter + 1: null

2018-12-04 11:02:50 - [TEST_STEP][PASSED] - Statement - PreSaveFile = new java.io.File(((pathPrefix + java.lang.Integer.toString(counter)) + .png)): null

2018-12-04 11:02:50 - [TEST_STEP][PASSED] - Statement - counter = counter + 1: null

2018-12-04 11:02:50 - [TEST_STEP][PASSED] - Statement - PreSaveFile = new java.io.File(((pathPrefix + java.lang.Integer.toString(counter)) + .png)): null

2018-12-04 11:02:50 - [TEST_STEP][PASSED] - Statement - counter = counter + 1: null

2018-12-04 11:02:50 - [TEST_STEP][PASSED] - Statement - PreSaveFile = new java.io.File(((pathPrefix + java.lang.Integer.toString(counter)) + .png)): null

2018-12-04 11:02:50 - [TEST_STEP][PASSED] - Statement - counter = counter + 1: null

2018-12-04 11:02:50 - [TEST_STEP][PASSED] - Statement - PreSaveFile = new java.io.File(((pathPrefix + java.lang.Integer.toString(counter)) + .png)): null

2018-12-04 11:02:50 - [TEST_STEP][PASSED] - Statement - counter = counter + 1: null

2018-12-04 11:02:50 - [TEST_STEP][PASSED] - Statement - PreSaveFile = new java.io.File(((pathPrefix + java.lang.Integer.toString(counter)) + .png)): null

2018-12-04 11:02:50 - [TEST_STEP][PASSED] - Statement - counter = counter + 1: null

2018-12-04 11:02:52 - [TEST_STEP][PASSED] - Statement - PreSaveFile = new java.io.File(((pathPrefix + java.lang.Integer.toString(counter)) + .png)): null

2018-12-04 11:02:52 - [TEST_STEP][PASSED] - Statement - counter = counter + 1: null

2018-12-04 11:02:52 - [TEST_STEP][PASSED] - Statement - PreSaveFile = new java.io.File(((pathPrefix + java.lang.Integer.toString(counter)) + .png)): null

2018-12-04 11:02:52 - [TEST_STEP][PASSED] - Statement - counter = counter + 1: null

2018-12-04 11:02:52 - [TEST_STEP][PASSED] - Statement - PreSaveFile = new java.io.File(((pathPrefix + java.lang.Integer.toString(counter)) + .png)): null

2018-12-04 11:02:52 - [TEST_STEP][PASSED] - Statement - counter = counter + 1: null

2018-12-04 11:02:52 - [TEST_STEP][PASSED] - Statement - PreSaveFile = new java.io.File(((pathPrefix + java.lang.Integer.toString(counter)) + .png)): null

2018-12-04 11:02:52 - [TEST_STEP][PASSED] - Statement - counter = counter + 1: null

2018-12-04 11:02:52 - [TEST_STEP][PASSED] - Statement - PreSaveFile = new java.io.File(((pathPrefix + java.lang.Integer.toString(counter)) + .png)): null

2018-12-04 11:02:53 - [TEST_STEP][PASSED] - Statement - counter = counter + 1: null

2018-12-04 11:02:53 - [TEST_STEP][PASSED] - Statement - PreSaveFile = new java.io.File(((pathPrefix + java.lang.Integer.toString(counter)) + .png)): null

2018-12-04 11:02:53 - [TEST_STEP][PASSED] - Statement - counter = counter + 1: null

2018-12-04 11:02:53 - [TEST_STEP][PASSED] - Statement - PreSaveFile = new java.io.File(((pathPrefix + java.lang.Integer.toString(counter)) + .png)): null

2018-12-04 11:02:53 - [TEST_STEP][PASSED] - Statement - counter = counter + 1: null

2018-12-04 11:02:53 - [TEST_STEP][PASSED] - Statement - PreSaveFile = new java.io.File(((pathPrefix + java.lang.Integer.toString(counter)) + .png)): null

2018-12-04 11:02:53 - [TEST_STEP][PASSED] - Statement - counter = counter + 1: null

2018-12-04 11:02:53 - [TEST_STEP][PASSED] - Statement - PreSaveFile = new java.io.File(((pathPrefix + java.lang.Integer.toString(counter)) + .png)): null

2018-12-04 11:02:53 - [TEST_STEP][PASSED] - Statement - counter = counter + 1: null

2018-12-04 11:02:55 - [TEST_STEP][PASSED] - Statement - PreSaveFile = new java.io.File(((pathPrefix + java.lang.Integer.toString(counter)) + .png)): null

2018-12-04 11:02:55 - [TEST_STEP][PASSED] - Statement - counter = counter + 1: null

2018-12-04 11:02:55 - [TEST_STEP][PASSED] - Statement - PreSaveFile = new java.io.File(((pathPrefix + java.lang.Integer.toString(counter)) + .png)): null

2018-12-04 11:02:55 - [TEST_STEP][PASSED] - Statement - counter = counter + 1: null

2018-12-04 11:02:55 - [TEST_STEP][PASSED] - Statement - PreSaveFile = new java.io.File(((pathPrefix + java.lang.Integer.toString(counter)) + .png)): null

2018-12-04 11:02:55 - [TEST_STEP][PASSED] - Statement - counter = counter + 1: null

2018-12-04 11:02:55 - [TEST_STEP][PASSED] - Statement - PreSaveFile = new java.io.File(((pathPrefix + java.lang.Integer.toString(counter)) + .png)): null

2018-12-04 11:02:55 - [TEST_STEP][PASSED] - Statement - counter = counter + 1: null

2018-12-04 11:02:55 - [TEST_STEP][PASSED] - Statement - PreSaveFile = new java.io.File(((pathPrefix + java.lang.Integer.toString(counter)) + .png)): null

2018-12-04 11:02:55 - [TEST_STEP][PASSED] - Statement - counter = counter + 1: null

2018-12-04 11:02:56 - [TEST_STEP][PASSED] - Statement - PreSaveFile = new java.io.File(((pathPrefix + java.lang.Integer.toString(counter)) + .png)): null

2018-12-04 11:02:56 - [TEST_STEP][PASSED] - Statement - counter = counter + 1: null

2018-12-04 11:02:56 - [TEST_STEP][PASSED] - Statement - PreSaveFile = new java.io.File(((pathPrefix + java.lang.Integer.toString(counter)) + .png)): null

2018-12-04 11:02:56 - [TEST_STEP][PASSED] - Statement - counter = counter + 1: null

2018-12-04 11:02:56 - [TEST_STEP][PASSED] - Statement - PreSaveFile = new java.io.File(((pathPrefix + java.lang.Integer.toString(counter)) + .png)): null

2018-12-04 11:02:56 - [TEST_STEP][PASSED] - Statement - counter = counter + 1: null

2018-12-04 11:02:56 - [TEST_STEP][PASSED] - Statement - PreSaveFile = new java.io.File(((pathPrefix + java.lang.Integer.toString(counter)) + .png)): null

2018-12-04 11:02:56 - [TEST_STEP][PASSED] - Statement - counter = counter + 1: null

2018-12-04 11:02:56 - [TEST_STEP][PASSED] - Statement - PreSaveFile = new java.io.File(((pathPrefix + java.lang.Integer.toString(counter)) + .png)): null

2018-12-04 11:02:56 - [TEST_STEP][PASSED] - Statement - counter = counter + 1: null

2018-12-04 11:02:58 - [TEST_STEP][PASSED] - Statement - PreSaveFile = new java.io.File(((pathPrefix + java.lang.Integer.toString(counter)) + .png)): null

2018-12-04 11:02:58 - [TEST_STEP][PASSED] - Statement - counter = counter + 1: null

2018-12-04 11:02:58 - [TEST_STEP][PASSED] - Statement - PreSaveFile = new java.io.File(((pathPrefix + java.lang.Integer.toString(counter)) + .png)): null

2018-12-04 11:02:58 - [TEST_STEP][PASSED] - Statement - counter = counter + 1: null

2018-12-04 11:02:58 - [TEST_STEP][PASSED] - Statement - PreSaveFile = new java.io.File(((pathPrefix + java.lang.Integer.toString(counter)) + .png)): null

2018-12-04 11:02:58 - [TEST_STEP][PASSED] - Statement - counter = counter + 1: null

2018-12-04 11:02:58 - [TEST_STEP][PASSED] - Statement - PreSaveFile = new java.io.File(((pathPrefix + java.lang.Integer.toString(counter)) + .png)): null

2018-12-04 11:02:58 - [TEST_STEP][PASSED] - Statement - counter = counter + 1: null

2018-12-04 11:02:58 - [TEST_STEP][PASSED] - Statement - PreSaveFile = new java.io.File(((pathPrefix + java.lang.Integer.toString(counter)) + .png)): null

2018-12-04 11:02:58 - [TEST_STEP][PASSED] - Statement - counter = counter + 1: null

2018-12-04 11:02:59 - [TEST_STEP][PASSED] - Statement - PreSaveFile = new java.io.File(((pathPrefix + java.lang.Integer.toString(counter)) + .png)): null

2018-12-04 11:02:59 - [TEST_STEP][PASSED] - Statement - counter = counter + 1: null

2018-12-04 11:02:59 - [TEST_STEP][PASSED] - Statement - PreSaveFile = new java.io.File(((pathPrefix + java.lang.Integer.toString(counter)) + .png)): null

2018-12-04 11:02:59 - [TEST_STEP][PASSED] - Statement - counter = counter + 1: null

2018-12-04 11:02:59 - [TEST_STEP][PASSED] - Statement - PreSaveFile = new java.io.File(((pathPrefix + java.lang.Integer.toString(counter)) + .png)): null

2018-12-04 11:02:59 - [TEST_STEP][PASSED] - Statement - counter = counter + 1: null

2018-12-04 11:02:59 - [TEST_STEP][PASSED] - Statement - PreSaveFile = new java.io.File(((pathPrefix + java.lang.Integer.toString(counter)) + .png)): null

2018-12-04 11:02:59 - [TEST_STEP][PASSED] - Statement - counter = counter + 1: null

2018-12-04 11:02:59 - [TEST_STEP][PASSED] - Statement - PreSaveFile = new java.io.File(((pathPrefix + java.lang.Integer.toString(counter)) + .png)): null

2018-12-04 11:03:00 - [TEST_STEP][PASSED] - Statement - counter = counter + 1: null

2018-12-04 11:03:00 - [TEST_STEP][PASSED] - Statement - PreSaveFile = new java.io.File(((pathPrefix + java.lang.Integer.toString(counter)) + .png)): null

2018-12-04 11:03:00 - [TEST_STEP][PASSED] - Statement - counter = counter + 1: null

2018-12-04 11:03:00 - [TEST_STEP][PASSED] - Statement - PreSaveFile = new java.io.File(((pathPrefix + java.lang.Integer.toString(counter)) + .png)): null

2018-12-04 11:03:00 - [TEST_STEP][PASSED] - Statement - counter = counter + 1: null

2018-12-04 11:03:00 - [TEST_STEP][PASSED] - Statement - PreSaveFile = new java.io.File(((pathPrefix + java.lang.Integer.toString(counter)) + .png)): null

2018-12-04 11:03:00 - [TEST_STEP][PASSED] - Statement - counter = counter + 1: null

2018-12-04 11:03:00 - [TEST_STEP][PASSED] - Statement - PreSaveFile = new java.io.File(((pathPrefix + java.lang.Integer.toString(counter)) + .png)): null

2018-12-04 11:03:00 - [TEST_STEP][PASSED] - Statement - counter = counter + 1: null

2018-12-04 11:03:01 - [TEST_STEP][PASSED] - Statement - PreSaveFile = new java.io.File(((pathPrefix + java.lang.Integer.toString(counter)) + .png)): null

2018-12-04 11:03:01 - [TEST_STEP][PASSED] - Statement - counter = counter + 1: null

2018-12-04 11:03:01 - [TEST_STEP][PASSED] - Statement - PreSaveFile = new java.io.File(((pathPrefix + java.lang.Integer.toString(counter)) + .png)): null

2018-12-04 11:03:01 - [TEST_STEP][PASSED] - Statement - counter = counter + 1: null

2018-12-04 11:03:01 - [TEST_STEP][PASSED] - Statement - PreSaveFile = new java.io.File(((pathPrefix + java.lang.Integer.toString(counter)) + .png)): null

2018-12-04 11:03:01 - [TEST_STEP][PASSED] - Statement - counter = counter + 1: null

2018-12-04 11:03:01 - [TEST_STEP][PASSED] - Statement - PreSaveFile = new java.io.File(((pathPrefix + java.lang.Integer.toString(counter)) + .png)): null

2018-12-04 11:03:01 - [TEST_STEP][PASSED] - Statement - counter = counter + 1: null

2018-12-04 11:03:01 - [TEST_STEP][PASSED] - Statement - PreSaveFile = new java.io.File(((pathPrefix + java.lang.Integer.toString(counter)) + .png)): null

2018-12-04 11:03:01 - [TEST_STEP][PASSED] - Statement - counter = counter + 1: null

2018-12-04 11:03:03 - [TEST_STEP][PASSED] - Statement - PreSaveFile = new java.io.File(((pathPrefix + java.lang.Integer.toString(counter)) + .png)): null

2018-12-04 11:03:03 - [TEST_STEP][PASSED] - Statement - counter = counter + 1: null

2018-12-04 11:03:03 - [TEST_STEP][PASSED] - Statement - PreSaveFile = new java.io.File(((pathPrefix + java.lang.Integer.toString(counter)) + .png)): null

2018-12-04 11:03:03 - [TEST_STEP][PASSED] - Statement - counter = counter + 1: null

2018-12-04 11:03:03 - [TEST_STEP][PASSED] - Statement - PreSaveFile = new java.io.File(((pathPrefix + java.lang.Integer.toString(counter)) + .png)): null

2018-12-04 11:03:03 - [TEST_STEP][PASSED] - Statement - counter = counter + 1: null

2018-12-04 11:03:03 - [TEST_STEP][PASSED] - Statement - PreSaveFile = new java.io.File(((pathPrefix + java.lang.Integer.toString(counter)) + .png)): null

2018-12-04 11:03:03 - [TEST_STEP][PASSED] - Statement - counter = counter + 1: null

2018-12-04 11:03:03 - [TEST_STEP][PASSED] - Statement - PreSaveFile = new java.io.File(((pathPrefix + java.lang.Integer.toString(counter)) + .png)): null

2018-12-04 11:03:03 - [TEST_STEP][PASSED] - Statement - counter = counter + 1: null

2018-12-04 11:03:04 - [TEST_STEP][PASSED] - Statement - PreSaveFile = new java.io.File(((pathPrefix + java.lang.Integer.toString(counter)) + .png)): null

2018-12-04 11:03:04 - [TEST_STEP][PASSED] - Statement - counter = counter + 1: null

2018-12-04 11:03:04 - [TEST_STEP][PASSED] - Statement - PreSaveFile = new java.io.File(((pathPrefix + java.lang.Integer.toString(counter)) + .png)): null

2018-12-04 11:03:04 - [TEST_STEP][PASSED] - Statement - counter = counter + 1: null

2018-12-04 11:03:04 - [TEST_STEP][PASSED] - Statement - PreSaveFile = new java.io.File(((pathPrefix + java.lang.Integer.toString(counter)) + .png)): null

2018-12-04 11:03:04 - [TEST_STEP][PASSED] - Statement - counter = counter + 1: null

2018-12-04 11:03:04 - [TEST_STEP][PASSED] - Statement - PreSaveFile = new java.io.File(((pathPrefix + java.lang.Integer.toString(counter)) + .png)): null

2018-12-04 11:03:04 - [TEST_STEP][PASSED] - Statement - counter = counter + 1: null

2018-12-04 11:03:04 - [TEST_STEP][PASSED] - Statement - PreSaveFile = new java.io.File(((pathPrefix + java.lang.Integer.toString(counter)) + .png)): null

2018-12-04 11:03:05 - [TEST_STEP][PASSED] - Statement - counter = counter + 1: null

2018-12-04 11:03:05 - [TEST_STEP][PASSED] - Statement - PreSaveFile = new java.io.File(((pathPrefix + java.lang.Integer.toString(counter)) + .png)): null

2018-12-04 11:03:05 - [TEST_STEP][PASSED] - Statement - counter = counter + 1: null

2018-12-04 11:03:05 - [TEST_STEP][PASSED] - Statement - PreSaveFile = new java.io.File(((pathPrefix + java.lang.Integer.toString(counter)) + .png)): null

2018-12-04 11:03:05 - [TEST_STEP][PASSED] - Statement - counter = counter + 1: null

2018-12-04 11:03:05 - [TEST_STEP][PASSED] - Statement - PreSaveFile = new java.io.File(((pathPrefix + java.lang.Integer.toString(counter)) + .png)): null

2018-12-04 11:03:05 - [TEST_STEP][PASSED] - Statement - counter = counter + 1: null

2018-12-04 11:03:05 - [TEST_STEP][PASSED] - Statement - PreSaveFile = new java.io.File(((pathPrefix + java.lang.Integer.toString(counter)) + .png)): null

2018-12-04 11:03:05 - [TEST_STEP][PASSED] - Statement - counter = counter + 1: null

2018-12-04 11:03:05 - [TEST_STEP][PASSED] - Statement - PreSaveFile = new java.io.File(((pathPrefix + java.lang.Integer.toString(counter)) + .png)): null

2018-12-04 11:03:07 - [TEST_STEP][PASSED] - Statement - counter = counter + 1: null

2018-12-04 11:03:07 - [TEST_STEP][PASSED] - Statement - PreSaveFile = new java.io.File(((pathPrefix + java.lang.Integer.toString(counter)) + .png)): null

2018-12-04 11:03:07 - [TEST_STEP][PASSED] - Statement - counter = counter + 1: null

2018-12-04 11:03:07 - [TEST_STEP][PASSED] - Statement - PreSaveFile = new java.io.File(((pathPrefix + java.lang.Integer.toString(counter)) + .png)): null

2018-12-04 11:03:07 - [TEST_STEP][PASSED] - Statement - counter = counter + 1: null

2018-12-04 11:03:07 - [TEST_STEP][PASSED] - Statement - PreSaveFile = new java.io.File(((pathPrefix + java.lang.Integer.toString(counter)) + .png)): null

2018-12-04 11:03:07 - [TEST_STEP][PASSED] - Statement - counter = counter + 1: null

2018-12-04 11:03:07 - [TEST_STEP][PASSED] - Statement - PreSaveFile = new java.io.File(((pathPrefix + java.lang.Integer.toString(counter)) + .png)): null

2018-12-04 11:03:07 - [TEST_STEP][PASSED] - Statement - counter = counter + 1: null

2018-12-04 11:03:08 - [TEST_STEP][PASSED] - Statement - PreSaveFile = new java.io.File(((pathPrefix + java.lang.Integer.toString(counter)) + .png)): null

2018-12-04 11:03:08 - [TEST_STEP][PASSED] - Statement - counter = counter + 1: null

2018-12-04 11:03:08 - [TEST_STEP][PASSED] - Statement - PreSaveFile = new java.io.File(((pathPrefix + java.lang.Integer.toString(counter)) + .png)): null

2018-12-04 11:03:08 - [TEST_STEP][PASSED] - Statement - counter = counter + 1: null

2018-12-04 11:03:08 - [TEST_STEP][PASSED] - Statement - PreSaveFile = new java.io.File(((pathPrefix + java.lang.Integer.toString(counter)) + .png)): null

2018-12-04 11:03:08 - [TEST_STEP][PASSED] - Statement - counter = counter + 1: null

2018-12-04 11:03:08 - [TEST_STEP][PASSED] - Statement - PreSaveFile = new java.io.File(((pathPrefix + java.lang.Integer.toString(counter)) + .png)): null

2018-12-04 11:03:08 - [TEST_STEP][PASSED] - Statement - counter = counter + 1: null

2018-12-04 11:03:08 - [TEST_STEP][PASSED] - Statement - PreSaveFile = new java.io.File(((pathPrefix + java.lang.Integer.toString(counter)) + .png)): null

2018-12-04 11:03:08 - [TEST_STEP][PASSED] - Statement - counter = counter + 1: null

2018-12-04 11:03:10 - [TEST_STEP][PASSED] - Statement - PreSaveFile = new java.io.File(((pathPrefix + java.lang.Integer.toString(counter)) + .png)): null

2018-12-04 11:03:10 - [TEST_STEP][PASSED] - Statement - counter = counter + 1: null

2018-12-04 11:03:10 - [TEST_STEP][PASSED] - Statement - PreSaveFile = new java.io.File(((pathPrefix + java.lang.Integer.toString(counter)) + .png)): null

2018-12-04 11:03:10 - [TEST_STEP][PASSED] - Statement - counter = counter + 1: null

2018-12-04 11:03:10 - [TEST_STEP][PASSED] - Statement - PreSaveFile = new java.io.File(((pathPrefix + java.lang.Integer.toString(counter)) + .png)): null

2018-12-04 11:03:10 - [TEST_STEP][PASSED] - Statement - counter = counter + 1: null

2018-12-04 11:03:10 - [TEST_STEP][PASSED] - Statement - PreSaveFile = new java.io.File(((pathPrefix + java.lang.Integer.toString(counter)) + .png)): null

2018-12-04 11:03:10 - [TEST_STEP][PASSED] - Statement - counter = counter + 1: null

2018-12-04 11:03:10 - [TEST_STEP][PASSED] - Statement - PreSaveFile = new java.io.File(((pathPrefix + java.lang.Integer.toString(counter)) + .png)): null

2018-12-04 11:03:10 - [TEST_STEP][PASSED] - Statement - counter = counter + 1: null

2018-12-04 11:03:12 - [TEST_STEP][PASSED] - Statement - PreSaveFile = new java.io.File(((pathPrefix + java.lang.Integer.toString(counter)) + .png)): null

2018-12-04 11:03:12 - [TEST_STEP][PASSED] - Statement - counter = counter + 1: null

2018-12-04 11:03:12 - [TEST_STEP][PASSED] - Statement - PreSaveFile = new java.io.File(((pathPrefix + java.lang.Integer.toString(counter)) + .png)): null

2018-12-04 11:03:12 - [TEST_STEP][PASSED] - Statement - counter = counter + 1: null

2018-12-04 11:03:12 - [TEST_STEP][PASSED] - Statement - PreSaveFile = new java.io.File(((pathPrefix + java.lang.Integer.toString(counter)) + .png)): null

2018-12-04 11:03:12 - [TEST_STEP][PASSED] - Statement - counter = counter + 1: null

2018-12-04 11:03:12 - [TEST_STEP][PASSED] - Statement - PreSaveFile = new java.io.File(((pathPrefix + java.lang.Integer.toString(counter)) + .png)): null

2018-12-04 11:03:12 - [TEST_STEP][PASSED] - Statement - counter = counter + 1: null

2018-12-04 11:03:12 - [TEST_STEP][PASSED] - Statement - PreSaveFile = new java.io.File(((pathPrefix + java.lang.Integer.toString(counter)) + .png)): null

2018-12-04 11:03:13 - [TEST_STEP][PASSED] - Statement - counter = counter + 1: null

2018-12-04 11:03:13 - [TEST_STEP][PASSED] - Statement - PreSaveFile = new java.io.File(((pathPrefix + java.lang.Integer.toString(counter)) + .png)): null

2018-12-04 11:03:13 - [TEST_STEP][PASSED] - Statement - counter = counter + 1: null

2018-12-04 11:03:13 - [TEST_STEP][PASSED] - Statement - PreSaveFile = new java.io.File(((pathPrefix + java.lang.Integer.toString(counter)) + .png)): null

2018-12-04 11:03:13 - [TEST_STEP][PASSED] - Statement - counter = counter + 1: null

2018-12-04 11:03:13 - [TEST_STEP][PASSED] - Statement - PreSaveFile = new java.io.File(((pathPrefix + java.lang.Integer.toString(counter)) + .png)): null

2018-12-04 11:03:13 - [TEST_STEP][PASSED] - Statement - counter = counter + 1: null

2018-12-04 11:03:13 - [TEST_STEP][PASSED] - Statement - PreSaveFile = new java.io.File(((pathPrefix + java.lang.Integer.toString(counter)) + .png)): null

2018-12-04 11:03:13 - [TEST_STEP][PASSED] - Statement - counter = counter + 1: null

2018-12-04 11:03:15 - [TEST_STEP][PASSED] - Statement - PreSaveFile = new java.io.File(((pathPrefix + java.lang.Integer.toString(counter)) + .png)): null

2018-12-04 11:03:15 - [TEST_STEP][PASSED] - Statement - counter = counter + 1: null

2018-12-04 11:03:15 - [TEST_STEP][PASSED] - Statement - PreSaveFile = new java.io.File(((pathPrefix + java.lang.Integer.toString(counter)) + .png)): null

2018-12-04 11:03:15 - [TEST_STEP][PASSED] - Statement - counter = counter + 1: null

2018-12-04 11:03:15 - [TEST_STEP][PASSED] - Statement - PreSaveFile = new java.io.File(((pathPrefix + java.lang.Integer.toString(counter)) + .png)): null

2018-12-04 11:03:15 - [TEST_STEP][PASSED] - Statement - counter = counter + 1: null

2018-12-04 11:03:15 - [TEST_STEP][PASSED] - Statement - PreSaveFile = new java.io.File(((pathPrefix + java.lang.Integer.toString(counter)) + .png)): null

2018-12-04 11:03:15 - [TEST_STEP][PASSED] - Statement - counter = counter + 1: null

2018-12-04 11:03:15 - [TEST_STEP][PASSED] - Statement - PreSaveFile = new java.io.File(((pathPrefix + java.lang.Integer.toString(counter)) + .png)): null

2018-12-04 11:03:15 - [TEST_STEP][PASSED] - Statement - counter = counter + 1: null

2018-12-04 11:03:17 - [TEST_STEP][PASSED] - Statement - PreSaveFile = new java.io.File(((pathPrefix + java.lang.Integer.toString(counter)) + .png)): null

2018-12-04 11:03:17 - [TEST_STEP][PASSED] - Statement - counter = counter + 1: null

2018-12-04 11:03:17 - [TEST_STEP][PASSED] - Statement - PreSaveFile = new java.io.File(((pathPrefix + java.lang.Integer.toString(counter)) + .png)): null

2018-12-04 11:03:17 - [TEST_STEP][PASSED] - Statement - counter = counter + 1: null

2018-12-04 11:03:17 - [TEST_STEP][PASSED] - Statement - PreSaveFile = new java.io.File(((pathPrefix + java.lang.Integer.toString(counter)) + .png)): null

2018-12-04 11:03:17 - [TEST_STEP][PASSED] - Statement - counter = counter + 1: null

2018-12-04 11:03:17 - [TEST_STEP][PASSED] - Statement - PreSaveFile = new java.io.File(((pathPrefix + java.lang.Integer.toString(counter)) + .png)): null

2018-12-04 11:03:17 - [TEST_STEP][PASSED] - Statement - counter = counter + 1: null

2018-12-04 11:03:17 - [TEST_STEP][PASSED] - Statement - PreSaveFile = new java.io.File(((pathPrefix + java.lang.Integer.toString(counter)) + .png)): null

2018-12-04 11:03:17 - [TEST_STEP][PASSED] - Statement - counter = counter + 1: null

2018-12-04 11:03:18 - [TEST_STEP][PASSED] - Statement - PreSaveFile = new java.io.File(((pathPrefix + java.lang.Integer.toString(counter)) + .png)): null

2018-12-04 11:03:18 - [TEST_STEP][PASSED] - Statement - counter = counter + 1: null

2018-12-04 11:03:18 - [TEST_STEP][PASSED] - Statement - PreSaveFile = new java.io.File(((pathPrefix + java.lang.Integer.toString(counter)) + .png)): null

2018-12-04 11:03:18 - [TEST_STEP][PASSED] - Statement - counter = counter + 1: null

2018-12-04 11:03:18 - [TEST_STEP][PASSED] - Statement - PreSaveFile = new java.io.File(((pathPrefix + java.lang.Integer.toString(counter)) + .png)): null

2018-12-04 11:03:18 - [TEST_STEP][PASSED] - Statement - counter = counter + 1: null

2018-12-04 11:03:18 - [TEST_STEP][PASSED] - Statement - PreSaveFile = new java.io.File(((pathPrefix + java.lang.Integer.toString(counter)) + .png)): null

2018-12-04 11:03:18 - [TEST_STEP][PASSED] - Statement - counter = counter + 1: null

2018-12-04 11:03:18 - [TEST_STEP][PASSED] - Statement - PreSaveFile = new java.io.File(((pathPrefix + java.lang.Integer.toString(counter)) + .png)): null

2018-12-04 11:03:18 - [TEST_STEP][PASSED] - Statement - counter = counter + 1: null

2018-12-04 11:03:20 - [TEST_STEP][PASSED] - Statement - PreSaveFile = new java.io.File(((pathPrefix + java.lang.Integer.toString(counter)) + .png)): null

2018-12-04 11:03:20 - [TEST_STEP][PASSED] - Statement - counter = counter + 1: null

2018-12-04 11:03:20 - [TEST_STEP][PASSED] - Statement - PreSaveFile = new java.io.File(((pathPrefix + java.lang.Integer.toString(counter)) + .png)): null

2018-12-04 11:03:20 - [TEST_STEP][PASSED] - Statement - counter = counter + 1: null

2018-12-04 11:03:20 - [TEST_STEP][PASSED] - Statement - PreSaveFile = new java.io.File(((pathPrefix + java.lang.Integer.toString(counter)) + .png)): null

2018-12-04 11:03:20 - [TEST_STEP][PASSED] - Statement - counter = counter + 1: null

2018-12-04 11:03:20 - [TEST_STEP][PASSED] - Statement - PreSaveFile = new java.io.File(((pathPrefix + java.lang.Integer.toString(counter)) + .png)): null

2018-12-04 11:03:20 - [TEST_STEP][PASSED] - Statement - counter = counter + 1: null

2018-12-04 11:03:20 - [TEST_STEP][PASSED] - Statement - PreSaveFile = new java.io.File(((pathPrefix + java.lang.Integer.toString(counter)) + .png)): null

2018-12-04 11:03:22 - [TEST_STEP][PASSED] - Statement - counter = counter + 1: null

2018-12-04 11:03:22 - [TEST_STEP][PASSED] - Statement - PreSaveFile = new java.io.File(((pathPrefix + java.lang.Integer.toString(counter)) + .png)): null

2018-12-04 11:03:22 - [TEST_STEP][PASSED] - Statement - counter = counter + 1: null

2018-12-04 11:03:22 - [TEST_STEP][PASSED] - Statement - PreSaveFile = new java.io.File(((pathPrefix + java.lang.Integer.toString(counter)) + .png)): null

2018-12-04 11:03:22 - [TEST_STEP][PASSED] - Statement - counter = counter + 1: null

2018-12-04 11:03:22 - [TEST_STEP][PASSED] - Statement - PreSaveFile = new java.io.File(((pathPrefix + java.lang.Integer.toString(counter)) + .png)): null

2018-12-04 11:03:22 - [TEST_STEP][PASSED] - Statement - counter = counter + 1: null

2018-12-04 11:03:22 - [TEST_STEP][PASSED] - Statement - PreSaveFile = new java.io.File(((pathPrefix + java.lang.Integer.toString(counter)) + .png)): null

2018-12-04 11:03:22 - [TEST_STEP][PASSED] - Statement - counter = counter + 1: null

2018-12-04 11:03:23 - [TEST_STEP][PASSED] - Statement - PreSaveFile = new java.io.File(((pathPrefix + java.lang.Integer.toString(counter)) + .png)): null

2018-12-04 11:03:23 - [TEST_STEP][PASSED] - Statement - counter = counter + 1: null

2018-12-04 11:03:23 - [TEST_STEP][PASSED] - Statement - PreSaveFile = new java.io.File(((pathPrefix + java.lang.Integer.toString(counter)) + .png)): null

2018-12-04 11:03:23 - [TEST_STEP][PASSED] - Statement - counter = counter + 1: null

2018-12-04 11:03:23 - [TEST_STEP][PASSED] - Statement - PreSaveFile = new java.io.File(((pathPrefix + java.lang.Integer.toString(counter)) + .png)): null

2018-12-04 11:03:23 - [TEST_STEP][PASSED] - Statement - counter = counter + 1: null

2018-12-04 11:03:23 - [TEST_STEP][PASSED] - Statement - PreSaveFile = new java.io.File(((pathPrefix + java.lang.Integer.toString(counter)) + .png)): null

2018-12-04 11:03:23 - [TEST_STEP][PASSED] - Statement - counter = counter + 1: null

2018-12-04 11:03:23 - [TEST_STEP][PASSED] - Statement - PreSaveFile = new java.io.File(((pathPrefix + java.lang.Integer.toString(counter)) + .png)): null

2018-12-04 11:03:23 - [TEST_STEP][PASSED] - Statement - counter = counter + 1: null

2018-12-04 11:03:25 - [TEST_STEP][PASSED] - Statement - PreSaveFile = new java.io.File(((pathPrefix + java.lang.Integer.toString(counter)) + .png)): null

2018-12-04 11:03:25 - [TEST_STEP][PASSED] - Statement - counter = counter + 1: null

2018-12-04 11:03:25 - [TEST_STEP][PASSED] - Statement - PreSaveFile = new java.io.File(((pathPrefix + java.lang.Integer.toString(counter)) + .png)): null

2018-12-04 11:03:25 - [TEST_STEP][PASSED] - Statement - counter = counter + 1: null

2018-12-04 11:03:25 - [TEST_STEP][PASSED] - Statement - PreSaveFile = new java.io.File(((pathPrefix + java.lang.Integer.toString(counter)) + .png)): null

2018-12-04 11:03:25 - [TEST_STEP][PASSED] - Statement - counter = counter + 1: null

2018-12-04 11:03:25 - [TEST_STEP][PASSED] - Statement - PreSaveFile = new java.io.File(((pathPrefix + java.lang.Integer.toString(counter)) + .png)): null

2018-12-04 11:03:25 - [TEST_STEP][PASSED] - Statement - counter = counter + 1: null

2018-12-04 11:03:25 - [TEST_STEP][PASSED] - Statement - PreSaveFile = new java.io.File(((pathPrefix + java.lang.Integer.toString(counter)) + .png)): null

2018-12-04 11:03:25 - [TEST_STEP][PASSED] - Statement - counter = counter + 1: null

2018-12-04 11:03:26 - [TEST_STEP][PASSED] - Statement - PreSaveFile = new java.io.File(((pathPrefix + java.lang.Integer.toString(counter)) + .png)): null

2018-12-04 11:03:26 - [TEST_STEP][PASSED] - Statement - counter = counter + 1: null

2018-12-04 11:03:26 - [TEST_STEP][PASSED] - Statement - PreSaveFile = new java.io.File(((pathPrefix + java.lang.Integer.toString(counter)) + .png)): null

2018-12-04 11:03:26 - [TEST_STEP][PASSED] - Statement - counter = counter + 1: null

2018-12-04 11:03:26 - [TEST_STEP][PASSED] - Statement - PreSaveFile = new java.io.File(((pathPrefix + java.lang.Integer.toString(counter)) + .png)): null

2018-12-04 11:03:26 - [TEST_STEP][PASSED] - Statement - counter = counter + 1: null

2018-12-04 11:03:26 - [TEST_STEP][PASSED] - Statement - PreSaveFile = new java.io.File(((pathPrefix + java.lang.Integer.toString(counter)) + .png)): null

2018-12-04 11:03:26 - [TEST_STEP][PASSED] - Statement - counter = counter + 1: null

2018-12-04 11:03:26 - [TEST_STEP][PASSED] - Statement - PreSaveFile = new java.io.File(((pathPrefix + java.lang.Integer.toString(counter)) + .png)): null

2018-12-04 11:03:28 - [TEST_STEP][PASSED] - Statement - counter = counter + 1: null

2018-12-04 11:03:28 - [TEST_STEP][PASSED] - Statement - PreSaveFile = new java.io.File(((pathPrefix + java.lang.Integer.toString(counter)) + .png)): null

2018-12-04 11:03:28 - [TEST_STEP][PASSED] - Statement - counter = counter + 1: null

2018-12-04 11:03:28 - [TEST_STEP][PASSED] - Statement - PreSaveFile = new java.io.File(((pathPrefix + java.lang.Integer.toString(counter)) + .png)): null

2018-12-04 11:03:28 - [TEST_STEP][PASSED] - Statement - counter = counter + 1: null

2018-12-04 11:03:28 - [TEST_STEP][PASSED] - Statement - PreSaveFile = new java.io.File(((pathPrefix + java.lang.Integer.toString(counter)) + .png)): null

2018-12-04 11:03:28 - [TEST_STEP][PASSED] - Statement - counter = counter + 1: null

2018-12-04 11:03:28 - [TEST_STEP][PASSED] - Statement - PreSaveFile = new java.io.File(((pathPrefix + java.lang.Integer.toString(counter)) + .png)): null

2018-12-04 11:03:28 - [TEST_STEP][PASSED] - Statement - counter = counter + 1: null

2018-12-04 11:03:28 - [TEST_STEP][PASSED] - Statement - PreSaveFile = new java.io.File(((pathPrefix + java.lang.Integer.toString(counter)) + .png)): null

2018-12-04 11:03:30 - [TEST_STEP][PASSED] - Statement - counter = counter + 1: null

2018-12-04 11:03:30 - [TEST_STEP][PASSED] - Statement - PreSaveFile = new java.io.File(((pathPrefix + java.lang.Integer.toString(counter)) + .png)): null

2018-12-04 11:03:30 - [TEST_STEP][PASSED] - Statement - counter = counter + 1: null

2018-12-04 11:03:30 - [TEST_STEP][PASSED] - Statement - PreSaveFile = new java.io.File(((pathPrefix + java.lang.Integer.toString(counter)) + .png)): null

2018-12-04 11:03:30 - [TEST_STEP][PASSED] - Statement - counter = counter + 1: null

2018-12-04 11:03:30 - [TEST_STEP][PASSED] - Statement - PreSaveFile = new java.io.File(((pathPrefix + java.lang.Integer.toString(counter)) + .png)): null

2018-12-04 11:03:30 - [TEST_STEP][PASSED] - Statement - counter = counter + 1: null

2018-12-04 11:03:30 - [TEST_STEP][PASSED] - Statement - PreSaveFile = new java.io.File(((pathPrefix + java.lang.Integer.toString(counter)) + .png)): null

2018-12-04 11:03:30 - [TEST_STEP][PASSED] - Statement - counter = counter + 1: null

2018-12-04 11:03:32 - [TEST_STEP][PASSED] - Statement - PreSaveFile = new java.io.File(((pathPrefix + java.lang.Integer.toString(counter)) + .png)): null

2018-12-04 11:03:32 - [TEST_STEP][PASSED] - Statement - counter = counter + 1: null

2018-12-04 11:03:32 - [TEST_STEP][PASSED] - Statement - PreSaveFile = new java.io.File(((pathPrefix + java.lang.Integer.toString(counter)) + .png)): null

2018-12-04 11:03:32 - [TEST_STEP][PASSED] - Statement - counter = counter + 1: null

2018-12-04 11:03:32 - [TEST_STEP][PASSED] - Statement - PreSaveFile = new java.io.File(((pathPrefix + java.lang.Integer.toString(counter)) + .png)): null

2018-12-04 11:03:32 - [TEST_STEP][PASSED] - Statement - counter = counter + 1: null

2018-12-04 11:03:32 - [TEST_STEP][PASSED] - Statement - PreSaveFile = new java.io.File(((pathPrefix + java.lang.Integer.toString(counter)) + .png)): null

2018-12-04 11:03:32 - [TEST_STEP][PASSED] - Statement - counter = counter + 1: null

2018-12-04 11:03:32 - [TEST_STEP][PASSED] - Statement - PreSaveFile = new java.io.File(((pathPrefix + java.lang.Integer.toString(counter)) + .png)): null

2018-12-04 11:03:32 - [TEST_STEP][PASSED] - Statement - counter = counter + 1: null

2018-12-04 11:03:34 - [TEST_STEP][PASSED] - Statement - PreSaveFile = new java.io.File(((pathPrefix + java.lang.Integer.toString(counter)) + .png)): null

2018-12-04 11:03:34 - [TEST_STEP][PASSED] - Statement - counter = counter + 1: null

2018-12-04 11:03:34 - [TEST_STEP][PASSED] - Statement - PreSaveFile = new java.io.File(((pathPrefix + java.lang.Integer.toString(counter)) + .png)): null

2018-12-04 11:03:34 - [TEST_STEP][PASSED] - Statement - counter = counter + 1: null

2018-12-04 11:03:34 - [TEST_STEP][PASSED] - Statement - PreSaveFile = new java.io.File(((pathPrefix + java.lang.Integer.toString(counter)) + .png)): null

2018-12-04 11:03:34 - [TEST_STEP][PASSED] - Statement - counter = counter + 1: null

2018-12-04 11:03:34 - [TEST_STEP][PASSED] - Statement - PreSaveFile = new java.io.File(((pathPrefix + java.lang.Integer.toString(counter)) + .png)): null

2018-12-04 11:03:34 - [TEST_STEP][PASSED] - Statement - counter = counter + 1: null

2018-12-04 11:03:34 - [TEST_STEP][PASSED] - Statement - PreSaveFile = new java.io.File(((pathPrefix + java.lang.Integer.toString(counter)) + .png)): null

2018-12-04 11:03:34 - [TEST_STEP][PASSED] - Statement - counter = counter + 1: null

2018-12-04 11:03:35 - [TEST_STEP][PASSED] - Statement - PreSaveFile = new java.io.File(((pathPrefix + java.lang.Integer.toString(counter)) + .png)): null

2018-12-04 11:03:35 - [TEST_STEP][PASSED] - Statement - counter = counter + 1: null

2018-12-04 11:03:35 - [TEST_STEP][PASSED] - Statement - PreSaveFile = new java.io.File(((pathPrefix + java.lang.Integer.toString(counter)) + .png)): null

2018-12-04 11:03:35 - [TEST_STEP][PASSED] - Statement - counter = counter + 1: null

2018-12-04 11:03:35 - [TEST_STEP][PASSED] - Statement - PreSaveFile = new java.io.File(((pathPrefix + java.lang.Integer.toString(counter)) + .png)): null

2018-12-04 11:03:35 - [TEST_STEP][PASSED] - Statement - counter = counter + 1: null

2018-12-04 11:03:35 - [TEST_STEP][PASSED] - Statement - PreSaveFile = new java.io.File(((pathPrefix + java.lang.Integer.toString(counter)) + .png)): null

2018-12-04 11:03:35 - [TEST_STEP][PASSED] - Statement - counter = counter + 1: null

2018-12-04 11:03:35 - [TEST_STEP][PASSED] - Statement - PreSaveFile = new java.io.File(((pathPrefix + java.lang.Integer.toString(counter)) + .png)): null

2018-12-04 11:03:37 - [TEST_STEP][PASSED] - Statement - counter = counter + 1: null

2018-12-04 11:03:37 - [TEST_STEP][PASSED] - Statement - PreSaveFile = new java.io.File(((pathPrefix + java.lang.Integer.toString(counter)) + .png)): null

2018-12-04 11:03:37 - [TEST_STEP][PASSED] - Statement - counter = counter + 1: null

2018-12-04 11:03:37 - [TEST_STEP][PASSED] - Statement - PreSaveFile = new java.io.File(((pathPrefix + java.lang.Integer.toString(counter)) + .png)): null

2018-12-04 11:03:37 - [TEST_STEP][PASSED] - Statement - counter = counter + 1: null

2018-12-04 11:03:37 - [TEST_STEP][PASSED] - Statement - PreSaveFile = new java.io.File(((pathPrefix + java.lang.Integer.toString(counter)) + .png)): null

2018-12-04 11:03:37 - [TEST_STEP][PASSED] - Statement - counter = counter + 1: null

2018-12-04 11:03:37 - [TEST_STEP][PASSED] - Statement - PreSaveFile = new java.io.File(((pathPrefix + java.lang.Integer.toString(counter)) + .png)): null

2018-12-04 11:03:37 - [TEST_STEP][PASSED] - Statement - counter = counter + 1: null

2018-12-04 11:03:39 - [TEST_STEP][PASSED] - Statement - PreSaveFile = new java.io.File(((pathPrefix + java.lang.Integer.toString(counter)) + .png)): null

2018-12-04 11:03:39 - [TEST_STEP][PASSED] - Statement - counter = counter + 1: null

2018-12-04 11:03:39 - [TEST_STEP][PASSED] - Statement - PreSaveFile = new java.io.File(((pathPrefix + java.lang.Integer.toString(counter)) + .png)): null

2018-12-04 11:03:39 - [TEST_STEP][PASSED] - Statement - counter = counter + 1: null

2018-12-04 11:03:39 - [TEST_STEP][PASSED] - Statement - PreSaveFile = new java.io.File(((pathPrefix + java.lang.Integer.toString(counter)) + .png)): null

2018-12-04 11:03:39 - [TEST_STEP][PASSED] - Statement - counter = counter + 1: null

2018-12-04 11:03:39 - [TEST_STEP][PASSED] - Statement - PreSaveFile = new java.io.File(((pathPrefix + java.lang.Integer.toString(counter)) + .png)): null

2018-12-04 11:03:39 - [TEST_STEP][PASSED] - Statement - counter = counter + 1: null

2018-12-04 11:03:39 - [TEST_STEP][PASSED] - Statement - PreSaveFile = new java.io.File(((pathPrefix + java.lang.Integer.toString(counter)) + .png)): null

2018-12-04 11:03:39 - [TEST_STEP][PASSED] - Statement - counter = counter + 1: null

2018-12-04 11:03:41 - [TEST_STEP][PASSED] - Statement - PreSaveFile = new java.io.File(((pathPrefix + java.lang.Integer.toString(counter)) + .png)): null

2018-12-04 11:03:41 - [TEST_STEP][PASSED] - Statement - counter = counter + 1: null

2018-12-04 11:03:41 - [TEST_STEP][PASSED] - Statement - PreSaveFile = new java.io.File(((pathPrefix + java.lang.Integer.toString(counter)) + .png)): null

2018-12-04 11:03:41 - [TEST_STEP][PASSED] - Statement - counter = counter + 1: null

2018-12-04 11:03:41 - [TEST_STEP][PASSED] - Statement - PreSaveFile = new java.io.File(((pathPrefix + java.lang.Integer.toString(counter)) + .png)): null

2018-12-04 11:03:41 - [TEST_STEP][PASSED] - Statement - counter = counter + 1: null

2018-12-04 11:03:41 - [TEST_STEP][PASSED] - Statement - PreSaveFile = new java.io.File(((pathPrefix + java.lang.Integer.toString(counter)) + .png)): null

2018-12-04 11:03:41 - [TEST_STEP][PASSED] - Statement - counter = counter + 1: null

2018-12-04 11:03:41 - [TEST_STEP][PASSED] - Statement - PreSaveFile = new java.io.File(((pathPrefix + java.lang.Integer.toString(counter)) + .png)): null

2018-12-04 11:03:41 - [TEST_STEP][PASSED] - Statement - counter = counter + 1: null

2018-12-04 11:03:43 - [TEST_STEP][PASSED] - Statement - PreSaveFile = new java.io.File(((pathPrefix + java.lang.Integer.toString(counter)) + .png)): null

2018-12-04 11:03:43 - [TEST_STEP][PASSED] - Statement - counter = counter + 1: null

2018-12-04 11:03:43 - [TEST_STEP][PASSED] - Statement - PreSaveFile = new java.io.File(((pathPrefix + java.lang.Integer.toString(counter)) + .png)): null

2018-12-04 11:03:43 - [TEST_STEP][PASSED] - Statement - counter = counter + 1: null

2018-12-04 11:03:43 - [TEST_STEP][PASSED] - Statement - PreSaveFile = new java.io.File(((pathPrefix + java.lang.Integer.toString(counter)) + .png)): null

2018-12-04 11:03:43 - [TEST_STEP][PASSED] - Statement - counter = counter + 1: null

2018-12-04 11:03:43 - [TEST_STEP][PASSED] - Statement - PreSaveFile = new java.io.File(((pathPrefix + java.lang.Integer.toString(counter)) + .png)): null

2018-12-04 11:03:43 - [TEST_STEP][PASSED] - Statement - counter = counter + 1: null

2018-12-04 11:03:43 - [TEST_STEP][PASSED] - Statement - PreSaveFile = new java.io.File(((pathPrefix + java.lang.Integer.toString(counter)) + .png)): null

2018-12-04 11:03:43 - [TEST_STEP][PASSED] - Statement - counter = counter + 1: null

2018-12-04 11:03:45 - [TEST_STEP][PASSED] - Statement - PreSaveFile = new java.io.File(((pathPrefix + java.lang.Integer.toString(counter)) + .png)): null

2018-12-04 11:03:45 - [TEST_STEP][PASSED] - Statement - counter = counter + 1: null

2018-12-04 11:03:45 - [TEST_STEP][PASSED] - Statement - PreSaveFile = new java.io.File(((pathPrefix + java.lang.Integer.toString(counter)) + .png)): null

2018-12-04 11:03:45 - [TEST_STEP][PASSED] - Statement - counter = counter + 1: null

2018-12-04 11:03:45 - [TEST_STEP][PASSED] - Statement - PreSaveFile = new java.io.File(((pathPrefix + java.lang.Integer.toString(counter)) + .png)): null

2018-12-04 11:03:45 - [TEST_STEP][PASSED] - Statement - counter = counter + 1: null

2018-12-04 11:03:45 - [TEST_STEP][PASSED] - Statement - PreSaveFile = new java.io.File(((pathPrefix + java.lang.Integer.toString(counter)) + .png)): null

2018-12-04 11:03:45 - [TEST_STEP][PASSED] - Statement - counter = counter + 1: null

2018-12-04 11:03:45 - [TEST_STEP][PASSED] - Statement - PreSaveFile = new java.io.File(((pathPrefix + java.lang.Integer.toString(counter)) + .png)): null

2018-12-04 11:03:46 - [TEST_STEP][PASSED] - Statement - counter = counter + 1: null

2018-12-04 11:03:46 - [TEST_STEP][PASSED] - Statement - PreSaveFile = new java.io.File(((pathPrefix + java.lang.Integer.toString(counter)) + .png)): null

2018-12-04 11:03:46 - [TEST_STEP][PASSED] - Statement - counter = counter + 1: null

2018-12-04 11:03:46 - [TEST_STEP][PASSED] - Statement - PreSaveFile = new java.io.File(((pathPrefix + java.lang.Integer.toString(counter)) + .png)): null

2018-12-04 11:03:46 - [TEST_STEP][PASSED] - Statement - counter = counter + 1: null

2018-12-04 11:03:46 - [TEST_STEP][PASSED] - Statement - PreSaveFile = new java.io.File(((pathPrefix + java.lang.Integer.toString(counter)) + .png)): null

2018-12-04 11:03:46 - [TEST_STEP][PASSED] - Statement - counter = counter + 1: null

2018-12-04 11:03:46 - [TEST_STEP][PASSED] - Statement - PreSaveFile = new java.io.File(((pathPrefix + java.lang.Integer.toString(counter)) + .png)): null

2018-12-04 11:03:46 - [TEST_STEP][PASSED] - Statement - counter = counter + 1: null

2018-12-04 11:03:48 - [TEST_STEP][PASSED] - Statement - PreSaveFile = new java.io.File(((pathPrefix + java.lang.Integer.toString(counter)) + .png)): null

2018-12-04 11:03:48 - [TEST_STEP][PASSED] - Statement - counter = counter + 1: null

2018-12-04 11:03:48 - [TEST_STEP][PASSED] - Statement - PreSaveFile = new java.io.File(((pathPrefix + java.lang.Integer.toString(counter)) + .png)): null

2018-12-04 11:03:48 - [TEST_STEP][PASSED] - Statement - counter = counter + 1: null

2018-12-04 11:03:48 - [TEST_STEP][PASSED] - Statement - PreSaveFile = new java.io.File(((pathPrefix + java.lang.Integer.toString(counter)) + .png)): null

2018-12-04 11:03:48 - [TEST_STEP][PASSED] - Statement - counter = counter + 1: null

2018-12-04 11:03:48 - [TEST_STEP][PASSED] - Statement - PreSaveFile = new java.io.File(((pathPrefix + java.lang.Integer.toString(counter)) + .png)): null

2018-12-04 11:03:48 - [TEST_STEP][PASSED] - Statement - counter = counter + 1: null

2018-12-04 11:03:48 - [TEST_STEP][PASSED] - Statement - PreSaveFile = new java.io.File(((pathPrefix + java.lang.Integer.toString(counter)) + .png)): null

2018-12-04 11:03:48 - [TEST_STEP][PASSED] - Statement - counter = counter + 1: null

2018-12-04 11:03:50 - [TEST_STEP][PASSED] - Statement - PreSaveFile = new java.io.File(((pathPrefix + java.lang.Integer.toString(counter)) + .png)): null

2018-12-04 11:03:50 - [TEST_STEP][PASSED] - Statement - counter = counter + 1: null

2018-12-04 11:03:50 - [TEST_STEP][PASSED] - Statement - PreSaveFile = new java.io.File(((pathPrefix + java.lang.Integer.toString(counter)) + .png)): null

2018-12-04 11:03:50 - [TEST_STEP][PASSED] - Statement - counter = counter + 1: null

2018-12-04 11:03:50 - [TEST_STEP][PASSED] - Statement - PreSaveFile = new java.io.File(((pathPrefix + java.lang.Integer.toString(counter)) + .png)): null

2018-12-04 11:03:50 - [TEST_STEP][PASSED] - Statement - counter = counter + 1: null

2018-12-04 11:03:50 - [TEST_STEP][PASSED] - Statement - PreSaveFile = new java.io.File(((pathPrefix + java.lang.Integer.toString(counter)) + .png)): null

2018-12-04 11:03:50 - [TEST_STEP][PASSED] - Statement - counter = counter + 1: null

2018-12-04 11:03:50 - [TEST_STEP][PASSED] - Statement - PreSaveFile = new java.io.File(((pathPrefix + java.lang.Integer.toString(counter)) + .png)): null

2018-12-04 11:03:50 - [TEST_STEP][PASSED] - Statement - counter = counter + 1: null

2018-12-04 11:03:52 - [TEST_STEP][PASSED] - Statement - PreSaveFile = new java.io.File(((pathPrefix + java.lang.Integer.toString(counter)) + .png)): null

2018-12-04 11:03:52 - [TEST_STEP][PASSED] - Statement - counter = counter + 1: null

2018-12-04 11:03:52 - [TEST_STEP][PASSED] - Statement - PreSaveFile = new java.io.File(((pathPrefix + java.lang.Integer.toString(counter)) + .png)): null

2018-12-04 11:03:52 - [TEST_STEP][PASSED] - Statement - counter = counter + 1: null

2018-12-04 11:03:52 - [TEST_STEP][PASSED] - Statement - PreSaveFile = new java.io.File(((pathPrefix + java.lang.Integer.toString(counter)) + .png)): null

2018-12-04 11:03:52 - [TEST_STEP][PASSED] - Statement - counter = counter + 1: null

2018-12-04 11:03:52 - [TEST_STEP][PASSED] - Statement - PreSaveFile = new java.io.File(((pathPrefix + java.lang.Integer.toString(counter)) + .png)): null

2018-12-04 11:03:52 - [TEST_STEP][PASSED] - Statement - counter = counter + 1: null

2018-12-04 11:03:52 - [TEST_STEP][PASSED] - Statement - PreSaveFile = new java.io.File(((pathPrefix + java.lang.Integer.toString(counter)) + .png)): null

2018-12-04 11:03:54 - [TEST_STEP][PASSED] - Statement - counter = counter + 1: null

2018-12-04 11:03:54 - [TEST_STEP][PASSED] - Statement - PreSaveFile = new java.io.File(((pathPrefix + java.lang.Integer.toString(counter)) + .png)): null

2018-12-04 11:03:54 - [TEST_STEP][PASSED] - Statement - counter = counter + 1: null

2018-12-04 11:03:54 - [TEST_STEP][PASSED] - Statement - PreSaveFile = new java.io.File(((pathPrefix + java.lang.Integer.toString(counter)) + .png)): null

2018-12-04 11:03:54 - [TEST_STEP][PASSED] - Statement - counter = counter + 1: null

2018-12-04 11:03:54 - [TEST_STEP][PASSED] - Statement - PreSaveFile = new java.io.File(((pathPrefix + java.lang.Integer.toString(counter)) + .png)): null

2018-12-04 11:03:54 - [TEST_STEP][PASSED] - Statement - counter = counter + 1: null

2018-12-04 11:03:54 - [TEST_STEP][PASSED] - Statement - PreSaveFile = new java.io.File(((pathPrefix + java.lang.Integer.toString(counter)) + .png)): null

2018-12-04 11:03:54 - [TEST_STEP][PASSED] - Statement - counter = counter + 1: null

2018-12-04 11:03:54 - [TEST_STEP][PASSED] - Statement - PreSaveFile = new java.io.File(((pathPrefix + java.lang.Integer.toString(counter)) + .png)): null

2018-12-04 11:03:56 - [TEST_STEP][PASSED] - Statement - counter = counter + 1: null

2018-12-04 11:03:56 - [TEST_STEP][PASSED] - Statement - PreSaveFile = new java.io.File(((pathPrefix + java.lang.Integer.toString(counter)) + .png)): null

2018-12-04 11:03:56 - [TEST_STEP][PASSED] - Statement - counter = counter + 1: null

2018-12-04 11:03:56 - [TEST_STEP][PASSED] - Statement - PreSaveFile = new java.io.File(((pathPrefix + java.lang.Integer.toString(counter)) + .png)): null

2018-12-04 11:03:56 - [TEST_STEP][PASSED] - Statement - counter = counter + 1: null

2018-12-04 11:03:56 - [TEST_STEP][PASSED] - Statement - PreSaveFile = new java.io.File(((pathPrefix + java.lang.Integer.toString(counter)) + .png)): null

2018-12-04 11:03:56 - [TEST_STEP][PASSED] - Statement - counter = counter + 1: null

2018-12-04 11:03:56 - [TEST_STEP][PASSED] - Statement - PreSaveFile = new java.io.File(((pathPrefix + java.lang.Integer.toString(counter)) + .png)): null

2018-12-04 11:03:56 - [TEST_STEP][PASSED] - Statement - counter = counter + 1: null

2018-12-04 11:03:58 - [TEST_STEP][PASSED] - Statement - PreSaveFile = new java.io.File(((pathPrefix + java.lang.Integer.toString(counter)) + .png)): null

2018-12-04 11:03:58 - [TEST_STEP][PASSED] - Statement - counter = counter + 1: null

2018-12-04 11:03:58 - [TEST_STEP][PASSED] - Statement - PreSaveFile = new java.io.File(((pathPrefix + java.lang.Integer.toString(counter)) + .png)): null

2018-12-04 11:03:58 - [TEST_STEP][PASSED] - Statement - counter = counter + 1: null

2018-12-04 11:03:58 - [TEST_STEP][PASSED] - Statement - PreSaveFile = new java.io.File(((pathPrefix + java.lang.Integer.toString(counter)) + .png)): null

2018-12-04 11:03:58 - [TEST_STEP][PASSED] - Statement - counter = counter + 1: null

2018-12-04 11:03:58 - [TEST_STEP][PASSED] - Statement - PreSaveFile = new java.io.File(((pathPrefix + java.lang.Integer.toString(counter)) + .png)): null

2018-12-04 11:03:58 - [TEST_STEP][PASSED] - Statement - counter = counter + 1: null

2018-12-04 11:03:58 - [TEST_STEP][PASSED] - Statement - PreSaveFile = new java.io.File(((pathPrefix + java.lang.Integer.toString(counter)) + .png)): null

2018-12-04 11:03:58 - [TEST_STEP][PASSED] - Statement - counter = counter + 1: null

2018-12-04 11:04:00 - [TEST_STEP][PASSED] - Statement - PreSaveFile = new java.io.File(((pathPrefix + java.lang.Integer.toString(counter)) + .png)): null

2018-12-04 11:04:00 - [TEST_STEP][PASSED] - Statement - counter = counter + 1: null

2018-12-04 11:04:00 - [TEST_STEP][PASSED] - Statement - PreSaveFile = new java.io.File(((pathPrefix + java.lang.Integer.toString(counter)) + .png)): null

2018-12-04 11:04:00 - [TEST_STEP][PASSED] - Statement - counter = counter + 1: null

2018-12-04 11:04:00 - [TEST_STEP][PASSED] - Statement - PreSaveFile = new java.io.File(((pathPrefix + java.lang.Integer.toString(counter)) + .png)): null

2018-12-04 11:04:00 - [TEST_STEP][PASSED] - Statement - counter = counter + 1: null

2018-12-04 11:04:00 - [TEST_STEP][PASSED] - Statement - PreSaveFile = new java.io.File(((pathPrefix + java.lang.Integer.toString(counter)) + .png)): null

2018-12-04 11:04:00 - [TEST_STEP][PASSED] - Statement - counter = counter + 1: null

2018-12-04 11:04:00 - [TEST_STEP][PASSED] - Statement - PreSaveFile = new java.io.File(((pathPrefix + java.lang.Integer.toString(counter)) + .png)): null

2018-12-04 11:04:00 - [TEST_STEP][PASSED] - Statement - counter = counter + 1: null

2018-12-04 11:04:02 - [TEST_STEP][PASSED] - Statement - PreSaveFile = new java.io.File(((pathPrefix + java.lang.Integer.toString(counter)) + .png)): null

2018-12-04 11:04:02 - [TEST_STEP][PASSED] - Statement - counter = counter + 1: null

2018-12-04 11:04:02 - [TEST_STEP][PASSED] - Statement - PreSaveFile = new java.io.File(((pathPrefix + java.lang.Integer.toString(counter)) + .png)): null

2018-12-04 11:04:02 - [TEST_STEP][PASSED] - Statement - counter = counter + 1: null

2018-12-04 11:04:02 - [TEST_STEP][PASSED] - Statement - PreSaveFile = new java.io.File(((pathPrefix + java.lang.Integer.toString(counter)) + .png)): null

2018-12-04 11:04:02 - [TEST_STEP][PASSED] - Statement - counter = counter + 1: null

2018-12-04 11:04:02 - [TEST_STEP][PASSED] - Statement - PreSaveFile = new java.io.File(((pathPrefix + java.lang.Integer.toString(counter)) + .png)): null

2018-12-04 11:04:02 - [TEST_STEP][PASSED] - Statement - counter = counter + 1: null

2018-12-04 11:04:02 - [TEST_STEP][PASSED] - Statement - PreSaveFile = new java.io.File(((pathPrefix + java.lang.Integer.toString(counter)) + .png)): null

2018-12-04 11:04:04 - [TEST_STEP][PASSED] - Statement - counter = counter + 1: null

2018-12-04 11:04:04 - [TEST_STEP][PASSED] - Statement - PreSaveFile = new java.io.File(((pathPrefix + java.lang.Integer.toString(counter)) + .png)): null

2018-12-04 11:04:04 - [TEST_STEP][PASSED] - Statement - counter = counter + 1: null

2018-12-04 11:04:04 - [TEST_STEP][PASSED] - Statement - PreSaveFile = new java.io.File(((pathPrefix + java.lang.Integer.toString(counter)) + .png)): null

2018-12-04 11:04:04 - [TEST_STEP][PASSED] - Statement - counter = counter + 1: null

2018-12-04 11:04:04 - [TEST_STEP][PASSED] - Statement - PreSaveFile = new java.io.File(((pathPrefix + java.lang.Integer.toString(counter)) + .png)): null

2018-12-04 11:04:04 - [TEST_STEP][PASSED] - Statement - counter = counter + 1: null

2018-12-04 11:04:04 - [TEST_STEP][PASSED] - Statement - PreSaveFile = new java.io.File(((pathPrefix + java.lang.Integer.toString(counter)) + .png)): null

2018-12-04 11:04:04 - [TEST_STEP][PASSED] - Statement - counter = counter + 1: null

2018-12-04 11:04:07 - [TEST_STEP][PASSED] - Statement - PreSaveFile = new java.io.File(((pathPrefix + java.lang.Integer.toString(counter)) + .png)): null

2018-12-04 11:04:07 - [TEST_STEP][PASSED] - Statement - counter = counter + 1: null

2018-12-04 11:04:07 - [TEST_STEP][PASSED] - Statement - PreSaveFile = new java.io.File(((pathPrefix + java.lang.Integer.toString(counter)) + .png)): null

2018-12-04 11:04:07 - [TEST_STEP][PASSED] - Statement - counter = counter + 1: null

2018-12-04 11:04:07 - [TEST_STEP][PASSED] - Statement - PreSaveFile = new java.io.File(((pathPrefix + java.lang.Integer.toString(counter)) + .png)): null

2018-12-04 11:04:07 - [TEST_STEP][PASSED] - Statement - counter = counter + 1: null

2018-12-04 11:04:07 - [TEST_STEP][PASSED] - Statement - PreSaveFile = new java.io.File(((pathPrefix + java.lang.Integer.toString(counter)) + .png)): null

2018-12-04 11:04:07 - [TEST_STEP][PASSED] - Statement - counter = counter + 1: null

2018-12-04 11:04:07 - [TEST_STEP][PASSED] - Statement - PreSaveFile = new java.io.File(((pathPrefix + java.lang.Integer.toString(counter)) + .png)): null

2018-12-04 11:04:07 - [TEST_STEP][PASSED] - Statement - counter = counter + 1: null

2018-12-04 11:04:09 - [TEST_STEP][PASSED] - Statement - PreSaveFile = new java.io.File(((pathPrefix + java.lang.Integer.toString(counter)) + .png)): null

2018-12-04 11:04:09 - [TEST_STEP][PASSED] - Statement - counter = counter + 1: null

2018-12-04 11:04:09 - [TEST_STEP][PASSED] - Statement - PreSaveFile = new java.io.File(((pathPrefix + java.lang.Integer.toString(counter)) + .png)): null

2018-12-04 11:04:09 - [TEST_STEP][PASSED] - Statement - counter = counter + 1: null

2018-12-04 11:04:09 - [TEST_STEP][PASSED] - Statement - PreSaveFile = new java.io.File(((pathPrefix + java.lang.Integer.toString(counter)) + .png)): null

2018-12-04 11:04:09 - [TEST_STEP][PASSED] - Statement - counter = counter + 1: null

2018-12-04 11:04:09 - [TEST_STEP][PASSED] - Statement - PreSaveFile = new java.io.File(((pathPrefix + java.lang.Integer.toString(counter)) + .png)): null

2018-12-04 11:04:09 - [TEST_STEP][PASSED] - Statement - counter = counter + 1: null

2018-12-04 11:04:09 - [TEST_STEP][PASSED] - Statement - PreSaveFile = new java.io.File(((pathPrefix + java.lang.Integer.toString(counter)) + .png)): null

2018-12-04 11:04:09 - [TEST_STEP][PASSED] - Statement - counter = counter + 1: null

2018-12-04 11:04:11 - [TEST_STEP][PASSED] - Statement - PreSaveFile = new java.io.File(((pathPrefix + java.lang.Integer.toString(counter)) + .png)): null

2018-12-04 11:04:11 - [TEST_STEP][PASSED] - Statement - counter = counter + 1: null

2018-12-04 11:04:11 - [TEST_STEP][PASSED] - Statement - PreSaveFile = new java.io.File(((pathPrefix + java.lang.Integer.toString(counter)) + .png)): null

2018-12-04 11:04:11 - [TEST_STEP][PASSED] - Statement - counter = counter + 1: null

2018-12-04 11:04:11 - [TEST_STEP][PASSED] - Statement - PreSaveFile = new java.io.File(((pathPrefix + java.lang.Integer.toString(counter)) + .png)): null

2018-12-04 11:04:11 - [TEST_STEP][PASSED] - Statement - counter = counter + 1: null

2018-12-04 11:04:11 - [TEST_STEP][PASSED] - Statement - PreSaveFile = new java.io.File(((pathPrefix + java.lang.Integer.toString(counter)) + .png)): null

2018-12-04 11:04:11 - [TEST_STEP][PASSED] - Statement - counter = counter + 1: null

2018-12-04 11:04:11 - [TEST_STEP][PASSED] - Statement - PreSaveFile = new java.io.File(((pathPrefix + java.lang.Integer.toString(counter)) + .png)): null

2018-12-04 11:04:11 - [TEST_STEP][PASSED] - Statement - counter = counter + 1: null

2018-12-04 11:04:13 - [TEST_STEP][PASSED] - Statement - PreSaveFile = new java.io.File(((pathPrefix + java.lang.Integer.toString(counter)) + .png)): null

2018-12-04 11:04:13 - [TEST_STEP][PASSED] - Statement - counter = counter + 1: null

2018-12-04 11:04:13 - [TEST_STEP][PASSED] - Statement - PreSaveFile = new java.io.File(((pathPrefix + java.lang.Integer.toString(counter)) + .png)): null

2018-12-04 11:04:13 - [TEST_STEP][PASSED] - Statement - counter = counter + 1: null

2018-12-04 11:04:13 - [TEST_STEP][PASSED] - Statement - PreSaveFile = new java.io.File(((pathPrefix + java.lang.Integer.toString(counter)) + .png)): null

2018-12-04 11:04:13 - [TEST_STEP][PASSED] - Statement - counter = counter + 1: null

2018-12-04 11:04:13 - [TEST_STEP][PASSED] - Statement - PreSaveFile = new java.io.File(((pathPrefix + java.lang.Integer.toString(counter)) + .png)): null

2018-12-04 11:04:13 - [TEST_STEP][PASSED] - Statement - counter = counter + 1: null

2018-12-04 11:04:13 - [TEST_STEP][PASSED] - Statement - PreSaveFile = new java.io.File(((pathPrefix + java.lang.Integer.toString(counter)) + .png)): null

2018-12-04 11:04:15 - [TEST_STEP][PASSED] - Statement - counter = counter + 1: null

2018-12-04 11:04:15 - [TEST_STEP][PASSED] - Statement - PreSaveFile = new java.io.File(((pathPrefix + java.lang.Integer.toString(counter)) + .png)): null

2018-12-04 11:04:15 - [TEST_STEP][PASSED] - Statement - counter = counter + 1: null

2018-12-04 11:04:15 - [TEST_STEP][PASSED] - Statement - PreSaveFile = new java.io.File(((pathPrefix + java.lang.Integer.toString(counter)) + .png)): null

2018-12-04 11:04:15 - [TEST_STEP][PASSED] - Statement - counter = counter + 1: null

2018-12-04 11:04:15 - [TEST_STEP][PASSED] - Statement - PreSaveFile = new java.io.File(((pathPrefix + java.lang.Integer.toString(counter)) + .png)): null

2018-12-04 11:04:15 - [TEST_STEP][PASSED] - Statement - counter = counter + 1: null

2018-12-04 11:04:15 - [TEST_STEP][PASSED] - Statement - PreSaveFile = new java.io.File(((pathPrefix + java.lang.Integer.toString(counter)) + .png)): null

2018-12-04 11:04:15 - [TEST_STEP][PASSED] - Statement - counter = counter + 1: null

2018-12-04 11:04:17 - [TEST_STEP][PASSED] - Statement - PreSaveFile = new java.io.File(((pathPrefix + java.lang.Integer.toString(counter)) + .png)): null

2018-12-04 11:04:17 - [TEST_STEP][PASSED] - Statement - counter = counter + 1: null

2018-12-04 11:04:17 - [TEST_STEP][PASSED] - Statement - PreSaveFile = new java.io.File(((pathPrefix + java.lang.Integer.toString(counter)) + .png)): null

2018-12-04 11:04:17 - [TEST_STEP][PASSED] - Statement - counter = counter + 1: null

2018-12-04 11:04:17 - [TEST_STEP][PASSED] - Statement - PreSaveFile = new java.io.File(((pathPrefix + java.lang.Integer.toString(counter)) + .png)): null

2018-12-04 11:04:17 - [TEST_STEP][PASSED] - Statement - counter = counter + 1: null

2018-12-04 11:04:17 - [TEST_STEP][PASSED] - Statement - PreSaveFile = new java.io.File(((pathPrefix + java.lang.Integer.toString(counter)) + .png)): null

2018-12-04 11:04:17 - [TEST_STEP][PASSED] - Statement - counter = counter + 1: null

2018-12-04 11:04:17 - [TEST_STEP][PASSED] - Statement - PreSaveFile = new java.io.File(((pathPrefix + java.lang.Integer.toString(counter)) + .png)): null

2018-12-04 11:04:17 - [TEST_STEP][PASSED] - Statement - counter = counter + 1: null

2018-12-04 11:04:19 - [TEST_STEP][PASSED] - Statement - PreSaveFile = new java.io.File(((pathPrefix + java.lang.Integer.toString(counter)) + .png)): null

2018-12-04 11:04:19 - [TEST_STEP][PASSED] - Statement - counter = counter + 1: null

2018-12-04 11:04:19 - [TEST_STEP][PASSED] - Statement - PreSaveFile = new java.io.File(((pathPrefix + java.lang.Integer.toString(counter)) + .png)): null

2018-12-04 11:04:19 - [TEST_STEP][PASSED] - Statement - counter = counter + 1: null

2018-12-04 11:04:19 - [TEST_STEP][PASSED] - Statement - PreSaveFile = new java.io.File(((pathPrefix + java.lang.Integer.toString(counter)) + .png)): null

2018-12-04 11:04:19 - [TEST_STEP][PASSED] - Statement - counter = counter + 1: null

2018-12-04 11:04:19 - [TEST_STEP][PASSED] - Statement - PreSaveFile = new java.io.File(((pathPrefix + java.lang.Integer.toString(counter)) + .png)): null

2018-12-04 11:04:19 - [TEST_STEP][PASSED] - Statement - counter = counter + 1: null

2018-12-04 11:04:19 - [TEST_STEP][PASSED] - Statement - PreSaveFile = new java.io.File(((pathPrefix + java.lang.Integer.toString(counter)) + .png)): null

2018-12-04 11:04:19 - [TEST_STEP][PASSED] - Statement - counter = counter + 1: null

2018-12-04 11:04:21 - [TEST_STEP][PASSED] - Statement - PreSaveFile = new java.io.File(((pathPrefix + java.lang.Integer.toString(counter)) + .png)): null

2018-12-04 11:04:21 - [TEST_STEP][PASSED] - Statement - counter = counter + 1: null

2018-12-04 11:04:21 - [TEST_STEP][PASSED] - Statement - PreSaveFile = new java.io.File(((pathPrefix + java.lang.Integer.toString(counter)) + .png)): null

2018-12-04 11:04:21 - [TEST_STEP][PASSED] - Statement - counter = counter + 1: null

2018-12-04 11:04:21 - [TEST_STEP][PASSED] - Statement - PreSaveFile = new java.io.File(((pathPrefix + java.lang.Integer.toString(counter)) + .png)): null

2018-12-04 11:04:21 - [TEST_STEP][PASSED] - Statement - counter = counter + 1: null

2018-12-04 11:04:21 - [TEST_STEP][PASSED] - Statement - PreSaveFile = new java.io.File(((pathPrefix + java.lang.Integer.toString(counter)) + .png)): null

2018-12-04 11:04:21 - [TEST_STEP][PASSED] - Statement - counter = counter + 1: null

2018-12-04 11:04:21 - [TEST_STEP][PASSED] - Statement - PreSaveFile = new java.io.File(((pathPrefix + java.lang.Integer.toString(counter)) + .png)): null

2018-12-04 11:04:22 - [TEST_STEP][PASSED] - Statement - counter = counter + 1: null

2018-12-04 11:04:22 - [TEST_STEP][PASSED] - Statement - PreSaveFile = new java.io.File(((pathPrefix + java.lang.Integer.toString(counter)) + .png)): null

2018-12-04 11:04:22 - [TEST_STEP][PASSED] - Statement - counter = counter + 1: null

2018-12-04 11:04:22 - [TEST_STEP][PASSED] - Statement - PreSaveFile = new java.io.File(((pathPrefix + java.lang.Integer.toString(counter)) + .png)): null

2018-12-04 11:04:22 - [TEST_STEP][PASSED] - Statement - counter = counter + 1: null

2018-12-04 11:04:22 - [TEST_STEP][PASSED] - Statement - PreSaveFile = new java.io.File(((pathPrefix + java.lang.Integer.toString(counter)) + .png)): null

2018-12-04 11:04:22 - [TEST_STEP][PASSED] - Statement - counter = counter + 1: null

2018-12-04 11:04:22 - [TEST_STEP][PASSED] - Statement - PreSaveFile = new java.io.File(((pathPrefix + java.lang.Integer.toString(counter)) + .png)): null

2018-12-04 11:04:22 - [TEST_STEP][PASSED] - Statement - counter = counter + 1: null

2018-12-04 11:04:22 - [TEST_STEP][PASSED] - Statement - PreSaveFile = new java.io.File(((pathPrefix + java.lang.Integer.toString(counter)) + .png)): null

2018-12-04 11:04:24 - [TEST_STEP][PASSED] - Statement - counter = counter + 1: null

2018-12-04 11:04:24 - [TEST_STEP][PASSED] - Statement - PreSaveFile = new java.io.File(((pathPrefix + java.lang.Integer.toString(counter)) + .png)): null

2018-12-04 11:04:24 - [TEST_STEP][PASSED] - Statement - counter = counter + 1: null

2018-12-04 11:04:24 - [TEST_STEP][PASSED] - Statement - PreSaveFile = new java.io.File(((pathPrefix + java.lang.Integer.toString(counter)) + .png)): null

2018-12-04 11:04:24 - [TEST_STEP][PASSED] - Statement - counter = counter + 1: null

2018-12-04 11:04:24 - [TEST_STEP][PASSED] - Statement - PreSaveFile = new java.io.File(((pathPrefix + java.lang.Integer.toString(counter)) + .png)): null

2018-12-04 11:04:24 - [TEST_STEP][PASSED] - Statement - counter = counter + 1: null

2018-12-04 11:04:24 - [TEST_STEP][PASSED] - Statement - PreSaveFile = new java.io.File(((pathPrefix + java.lang.Integer.toString(counter)) + .png)): null

2018-12-04 11:04:24 - [TEST_STEP][PASSED] - Statement - counter = counter + 1: null

2018-12-04 11:04:25 - [TEST_STEP][PASSED] - Statement - PreSaveFile = new java.io.File(((pathPrefix + java.lang.Integer.toString(counter)) + .png)): null

2018-12-04 11:04:25 - [TEST_STEP][PASSED] - Statement - counter = counter + 1: null

2018-12-04 11:04:25 - [TEST_STEP][PASSED] - Statement - PreSaveFile = new java.io.File(((pathPrefix + java.lang.Integer.toString(counter)) + .png)): null

2018-12-04 11:04:25 - [TEST_STEP][PASSED] - Statement - counter = counter + 1: null

2018-12-04 11:04:25 - [TEST_STEP][PASSED] - Statement - PreSaveFile = new java.io.File(((pathPrefix + java.lang.Integer.toString(counter)) + .png)): null

2018-12-04 11:04:25 - [TEST_STEP][PASSED] - Statement - counter = counter + 1: null

2018-12-04 11:04:25 - [TEST_STEP][PASSED] - Statement - PreSaveFile = new java.io.File(((pathPrefix + java.lang.Integer.toString(counter)) + .png)): null

2018-12-04 11:04:25 - [TEST_STEP][PASSED] - Statement - counter = counter + 1: null

2018-12-04 11:04:25 - [TEST_STEP][PASSED] - Statement - PreSaveFile = new java.io.File(((pathPrefix + java.lang.Integer.toString(counter)) + .png)): null

2018-12-04 11:04:25 - [TEST_STEP][PASSED] - Statement - counter = counter + 1: null

2018-12-04 11:04:27 - [TEST_STEP][PASSED] - Statement - PreSaveFile = new java.io.File(((pathPrefix + java.lang.Integer.toString(counter)) + .png)): null

2018-12-04 11:04:27 - [TEST_STEP][PASSED] - Statement - counter = counter + 1: null

2018-12-04 11:04:27 - [TEST_STEP][PASSED] - Statement - PreSaveFile = new java.io.File(((pathPrefix + java.lang.Integer.toString(counter)) + .png)): null

2018-12-04 11:04:27 - [TEST_STEP][PASSED] - Statement - counter = counter + 1: null

2018-12-04 11:04:27 - [TEST_STEP][PASSED] - Statement - PreSaveFile = new java.io.File(((pathPrefix + java.lang.Integer.toString(counter)) + .png)): null

2018-12-04 11:04:27 - [TEST_STEP][PASSED] - Statement - counter = counter + 1: null

2018-12-04 11:04:27 - [TEST_STEP][PASSED] - Statement - PreSaveFile = new java.io.File(((pathPrefix + java.lang.Integer.toString(counter)) + .png)): null

2018-12-04 11:04:27 - [TEST_STEP][PASSED] - Statement - counter = counter + 1: null

2018-12-04 11:04:27 - [TEST_STEP][PASSED] - Statement - PreSaveFile = new java.io.File(((pathPrefix + java.lang.Integer.toString(counter)) + .png)): null

2018-12-04 11:04:27 - [TEST_STEP][PASSED] - Statement - counter = counter + 1: null

2018-12-04 11:04:28 - [TEST_STEP][PASSED] - Statement - PreSaveFile = new java.io.File(((pathPrefix + java.lang.Integer.toString(counter)) + .png)): null

2018-12-04 11:04:28 - [TEST_STEP][PASSED] - Statement - counter = counter + 1: null

2018-12-04 11:04:28 - [TEST_STEP][PASSED] - Statement - PreSaveFile = new java.io.File(((pathPrefix + java.lang.Integer.toString(counter)) + .png)): null

2018-12-04 11:04:28 - [TEST_STEP][PASSED] - Statement - counter = counter + 1: null

2018-12-04 11:04:28 - [TEST_STEP][PASSED] - Statement - PreSaveFile = new java.io.File(((pathPrefix + java.lang.Integer.toString(counter)) + .png)): null

2018-12-04 11:04:28 - [TEST_STEP][PASSED] - Statement - counter = counter + 1: null

2018-12-04 11:04:28 - [TEST_STEP][PASSED] - Statement - PreSaveFile = new java.io.File(((pathPrefix + java.lang.Integer.toString(counter)) + .png)): null

2018-12-04 11:04:28 - [TEST_STEP][PASSED] - Statement - counter = counter + 1: null

2018-12-04 11:04:28 - [TEST_STEP][PASSED] - Statement - PreSaveFile = new java.io.File(((pathPrefix + java.lang.Integer.toString(counter)) + .png)): null

2018-12-04 11:04:30 - [TEST_STEP][PASSED] - Statement - counter = counter + 1: null

2018-12-04 11:04:30 - [TEST_STEP][PASSED] - Statement - PreSaveFile = new java.io.File(((pathPrefix + java.lang.Integer.toString(counter)) + .png)): null

2018-12-04 11:04:30 - [TEST_STEP][PASSED] - Statement - counter = counter + 1: null

2018-12-04 11:04:30 - [TEST_STEP][PASSED] - Statement - PreSaveFile = new java.io.File(((pathPrefix + java.lang.Integer.toString(counter)) + .png)): null

2018-12-04 11:04:30 - [TEST_STEP][PASSED] - Statement - counter = counter + 1: null

2018-12-04 11:04:30 - [TEST_STEP][PASSED] - Statement - PreSaveFile = new java.io.File(((pathPrefix + java.lang.Integer.toString(counter)) + .png)): null

2018-12-04 11:04:30 - [TEST_STEP][PASSED] - Statement - counter = counter + 1: null

2018-12-04 11:04:30 - [TEST_STEP][PASSED] - Statement - PreSaveFile = new java.io.File(((pathPrefix + java.lang.Integer.toString(counter)) + .png)): null

2018-12-04 11:04:30 - [TEST_STEP][PASSED] - Statement - counter = counter + 1: null

2018-12-04 11:04:31 - [TEST_STEP][PASSED] - Statement - PreSaveFile = new java.io.File(((pathPrefix + java.lang.Integer.toString(counter)) + .png)): null

2018-12-04 11:04:31 - [TEST_STEP][PASSED] - Statement - counter = counter + 1: null

2018-12-04 11:04:31 - [TEST_STEP][PASSED] - Statement - PreSaveFile = new java.io.File(((pathPrefix + java.lang.Integer.toString(counter)) + .png)): null

2018-12-04 11:04:31 - [TEST_STEP][PASSED] - Statement - counter = counter + 1: null

2018-12-04 11:04:31 - [TEST_STEP][PASSED] - Statement - PreSaveFile = new java.io.File(((pathPrefix + java.lang.Integer.toString(counter)) + .png)): null

2018-12-04 11:04:31 - [TEST_STEP][PASSED] - Statement - counter = counter + 1: null

2018-12-04 11:04:31 - [TEST_STEP][PASSED] - Statement - PreSaveFile = new java.io.File(((pathPrefix + java.lang.Integer.toString(counter)) + .png)): null

2018-12-04 11:04:31 - [TEST_STEP][PASSED] - Statement - counter = counter + 1: null

2018-12-04 11:04:31 - [TEST_STEP][PASSED] - Statement - PreSaveFile = new java.io.File(((pathPrefix + java.lang.Integer.toString(counter)) + .png)): null

2018-12-04 11:04:31 - [TEST_STEP][PASSED] - Statement - counter = counter + 1: null

2018-12-04 11:04:33 - [TEST_STEP][PASSED] - Statement - PreSaveFile = new java.io.File(((pathPrefix + java.lang.Integer.toString(counter)) + .png)): null

2018-12-04 11:04:33 - [TEST_STEP][PASSED] - Statement - finalPath = pathPrefix + java.lang.Integer.toString(counter) + ".png": null

2018-12-04 11:04:33 - [TEST_STEP][PASSED] - Statement - SaveFile = new java.io.File(finalPath): null

2018-12-04 11:04:33 - [TEST_STEP][PASSED] - Statement - Try: null

2018-12-04 11:04:33 - [TEST_STEP][PASSED] - Statement - org.apache.commons.io.FileUtils.copyFile(scrFile, SaveFile): null

2018-12-04 11:04:33 - [TEST_STEP][PASSED] - Statement - out.println("file kept"): null

2018-12-04 11:04:33 - [TEST_STEP][PASSED] - delay: Delayed 10 second(s)

2018-12-04 11:04:43 - [MESSAGE][PASSED] - Delayed 10 second(s)

2018-12-04 11:04:43 - [MESSAGE][PASSED] - Call Test Case 'Test Cases/Final Aug 2018 - PKS Automation/Registration Module/New Registration/Submit and Screenshot/Submit Registration and Screenshot' successfully

2018-12-04 11:04:43 - [TEST_STEP][PASSED] - callTestCase: Call Test Case 'Test Cases/Final Aug 2018 - PKS Automation/Registration Module/Log Out/log out avoiding katalon tagging' successfully

2018-12-04 11:04:43 - [TEST_CASE][PASSED] - Test Cases/Final Aug 2018 - PKS Automation/Registration Module/Log Out/log out avoiding katalon tagging: Test Cases/Final Aug 2018 - PKS Automation/Registration Module/Log Out/log out avoiding katalon tagging

2018-12-04 11:04:43 - [TEST_STEP][PASSED] - navigateToUrl: Navigate to 'https://assist2-uat.perkeso.gov.my/c/portal/logout' successfully

2018-12-04 11:04:43 - [MESSAGE][PASSED] - Navigate to 'https://assist2-uat.perkeso.gov.my/c/portal/logout' successfully

2018-12-04 11:04:43 - [MESSAGE][PASSED] - Call Test Case 'Test Cases/Final Aug 2018 - PKS Automation/Registration Module/Log Out/log out avoiding katalon tagging' successfully]]></system-out>
         <system-err><![CDATA[]]></system-err>
      </testcase>
      <testcase name="Test Cases/Final Aug 2018 - PKS Automation/Registration Module/Workflow/New Registration/Employer to RO - Query - Submit" classname="Test Cases/Final Aug 2018 - PKS Automation/Registration Module/Workflow/New Registration/Employer to RO - Query - Submit" status="PASSED">
         <system-out><![CDATA[2018-12-04 11:04:43 - [TEST_CASE][PASSED] - Test Cases/Final Aug 2018 - PKS Automation/Registration Module/Workflow/New Registration/Employer to RO - Query - Submit: Test Cases/Final Aug 2018 - PKS Automation/Registration Module/Workflow/New Registration/Employer to RO - Query - Submit

2018-12-04 11:04:44 - [TEST_STEP][PASSED] - callTestCase: Call Test Case 'Test Cases/Final Aug 2018 - PKS Automation/Registration Module/Workflow/New Registration/Template/Special Case - Employer - Form 1' successfully

2018-12-04 11:04:44 - [TEST_CASE][PASSED] - Test Cases/Final Aug 2018 - PKS Automation/Registration Module/Workflow/New Registration/Template/Special Case - Employer - Form 1: Test Cases/Final Aug 2018 - PKS Automation/Registration Module/Workflow/New Registration/Template/Special Case - Employer - Form 1

2018-12-04 11:04:44 - [TEST_STEP][PASSED] - callTestCase: Call Test Case 'Test Cases/Final Aug 2018 - PKS Automation/Create Employer Acc/Create Employer Account' successfully

2018-12-04 11:04:44 - [TEST_CASE][PASSED] - Test Cases/Final Aug 2018 - PKS Automation/Create Employer Acc/Create Employer Account: Test Cases/Final Aug 2018 - PKS Automation/Create Employer Acc/Create Employer Account

2018-12-04 11:04:44 - [TEST_STEP][PASSED] - callTestCase: Call Test Case 'Test Cases/Final Aug 2018 - PKS Automation/Create Employer Acc/Template/Register Employer' successfully

2018-12-04 11:04:44 - [TEST_CASE][PASSED] - Test Cases/Final Aug 2018 - PKS Automation/Create Employer Acc/Template/Register Employer: Test Cases/Final Aug 2018 - PKS Automation/Create Employer Acc/Template/Register Employer

2018-12-04 11:04:45 - [TEST_STEP][PASSED] - openBrowser: Browser is opened with url: ''

2018-12-04 11:04:45 - [MESSAGE][WARNING] - A browser is already opened. Closing browser and opening a new one

2018-12-04 11:04:48 - [MESSAGE][PASSED] - Browser is opened with url: ''

2018-12-04 11:04:48 - [TEST_STEP][PASSED] - navigateToUrl: Navigate to 'https://assist2-uat.perkeso.gov.my/login' successfully

2018-12-04 11:04:49 - [MESSAGE][PASSED] - Navigate to 'https://assist2-uat.perkeso.gov.my/login' successfully

2018-12-04 11:04:49 - [TEST_STEP][PASSED] - setText: Text 'johorotc1@gmail.com' is set on object 'Object Repository/Final Object Repo/Login Page/Internal User/Email Address'

2018-12-04 11:04:49 - [MESSAGE][PASSED] - Text 'johorotc1@gmail.com' is set on object 'Object Repository/Final Object Repo/Login Page/Internal User/Email Address'

2018-12-04 11:04:49 - [TEST_STEP][PASSED] - click: Object: 'Object Repository/Final Object Repo/Login Page/Internal User/Next Button' is clicked on

2018-12-04 11:04:49 - [MESSAGE][PASSED] - Object: 'Object Repository/Final Object Repo/Login Page/Internal User/Next Button' is clicked on

2018-12-04 11:04:49 - [TEST_STEP][PASSED] - delay: Delayed 1 second(s)

2018-12-04 11:04:50 - [MESSAGE][PASSED] - Delayed 1 second(s)

2018-12-04 11:04:50 - [TEST_STEP][PASSED] - setEncryptedText: Text ****** has been set on object 'Object Repository/Final Object Repo/Login Page/Internal User/Password'

2018-12-04 11:04:51 - [MESSAGE][PASSED] - Text ****** has been set on object 'Object Repository/Final Object Repo/Login Page/Internal User/Password'

2018-12-04 11:04:51 - [TEST_STEP][PASSED] - click: Object: 'Object Repository/Final Object Repo/Login Page/Internal User/Login Button' is clicked on

2018-12-04 11:04:51 - [MESSAGE][PASSED] - Object: 'Object Repository/Final Object Repo/Login Page/Internal User/Login Button' is clicked on

2018-12-04 11:04:51 - [TEST_STEP][PASSED] - delay: Delayed 1 second(s)

2018-12-04 11:04:52 - [MESSAGE][PASSED] - Delayed 1 second(s)

2018-12-04 11:04:52 - [TEST_STEP][PASSED] - navigateToUrl: Navigate to 'https://assist2-uat.perkeso.gov.my/web/base/portal-id/registration' successfully

2018-12-04 11:04:54 - [MESSAGE][PASSED] - Navigate to 'https://assist2-uat.perkeso.gov.my/web/base/portal-id/registration' successfully

2018-12-04 11:04:54 - [TEST_STEP][PASSED] - setText: Text 'AUTOMATION EMPLOYER' is set on object 'Object Repository/Final Object Repo/Creating Employer Account/Page_Registration - ASSIST (Base)/Employer Name'

2018-12-04 11:04:55 - [MESSAGE][PASSED] - Text 'AUTOMATION EMPLOYER' is set on object 'Object Repository/Final Object Repo/Creating Employer Account/Page_Registration - ASSIST (Base)/Employer Name'

2018-12-04 11:04:55 - [TEST_STEP][PASSED] - delay: Delayed 2 second(s)

2018-12-04 11:04:57 - [MESSAGE][PASSED] - Delayed 2 second(s)

2018-12-04 11:04:57 - [TEST_STEP][PASSED] - click: Object: 'Object Repository/Final Object Repo/Creating Employer Account/Page_Registration - ASSIST (Base)/Registration Type' is clicked on

2018-12-04 11:04:57 - [MESSAGE][PASSED] - Object: 'Object Repository/Final Object Repo/Creating Employer Account/Page_Registration - ASSIST (Base)/Registration Type' is clicked on

2018-12-04 11:04:57 - [TEST_STEP][PASSED] - delay: Delayed 2 second(s)

2018-12-04 11:04:59 - [MESSAGE][PASSED] - Delayed 2 second(s)

2018-12-04 11:04:59 - [TEST_STEP][PASSED] - click: Object: 'Object Repository/Final Object Repo/Creating Employer Account/Page_Registration - ASSIST (Base)/Registration Type - Registration No' is clicked on

2018-12-04 11:04:59 - [MESSAGE][PASSED] - Object: 'Object Repository/Final Object Repo/Creating Employer Account/Page_Registration - ASSIST (Base)/Registration Type - Registration No' is clicked on

2018-12-04 11:04:59 - [TEST_STEP][PASSED] - delay: Delayed 2 second(s)

2018-12-04 11:05:01 - [MESSAGE][PASSED] - Delayed 2 second(s)

2018-12-04 11:05:01 - [TEST_STEP][PASSED] - setText: Text '1234567890' is set on object 'Object Repository/Final Object Repo/Creating Employer Account/Page_Registration - ASSIST (Base)/Registration Number'

2018-12-04 11:05:02 - [MESSAGE][PASSED] - Text '1234567890' is set on object 'Object Repository/Final Object Repo/Creating Employer Account/Page_Registration - ASSIST (Base)/Registration Number'

2018-12-04 11:05:02 - [TEST_STEP][PASSED] - delay: Delayed 2 second(s)

2018-12-04 11:05:04 - [MESSAGE][PASSED] - Delayed 2 second(s)

2018-12-04 11:05:04 - [TEST_STEP][PASSED] - setText: Text 'ADDRESS 1' is set on object 'Object Repository/Final Object Repo/Creating Employer Account/Page_Registration - ASSIST (Base)/Postal Address 1'

2018-12-04 11:05:04 - [MESSAGE][PASSED] - Text 'ADDRESS 1' is set on object 'Object Repository/Final Object Repo/Creating Employer Account/Page_Registration - ASSIST (Base)/Postal Address 1'

2018-12-04 11:05:04 - [TEST_STEP][PASSED] - setText: Text 'ADDRESS 2' is set on object 'Object Repository/Final Object Repo/Creating Employer Account/Page_Registration - ASSIST (Base)/Postal Address 2'

2018-12-04 11:05:04 - [MESSAGE][PASSED] - Text 'ADDRESS 2' is set on object 'Object Repository/Final Object Repo/Creating Employer Account/Page_Registration - ASSIST (Base)/Postal Address 2'

2018-12-04 11:05:04 - [TEST_STEP][PASSED] - click: Object: 'Object Repository/Final Object Repo/Creating Employer Account/Page_Registration - ASSIST (Base)/State' is clicked on

2018-12-04 11:05:04 - [MESSAGE][PASSED] - Object: 'Object Repository/Final Object Repo/Creating Employer Account/Page_Registration - ASSIST (Base)/State' is clicked on

2018-12-04 11:05:04 - [TEST_STEP][PASSED] - delay: Delayed 2 second(s)

2018-12-04 11:05:06 - [MESSAGE][PASSED] - Delayed 2 second(s)

2018-12-04 11:05:06 - [TEST_STEP][PASSED] - click: Object: 'Object Repository/Final Object Repo/Creating Employer Account/Page_Registration - ASSIST (Base)/State - Johor' is clicked on

2018-12-04 11:05:07 - [MESSAGE][PASSED] - Object: 'Object Repository/Final Object Repo/Creating Employer Account/Page_Registration - ASSIST (Base)/State - Johor' is clicked on

2018-12-04 11:05:07 - [TEST_STEP][PASSED] - delay: Delayed 2 second(s)

2018-12-04 11:05:09 - [MESSAGE][PASSED] - Delayed 2 second(s)

2018-12-04 11:05:09 - [TEST_STEP][PASSED] - click: Object: 'Object Repository/Final Object Repo/Creating Employer Account/Page_Registration - ASSIST (Base)/City' is clicked on

2018-12-04 11:05:09 - [MESSAGE][PASSED] - Object: 'Object Repository/Final Object Repo/Creating Employer Account/Page_Registration - ASSIST (Base)/City' is clicked on

2018-12-04 11:05:09 - [TEST_STEP][PASSED] - delay: Delayed 2 second(s)

2018-12-04 11:05:11 - [MESSAGE][PASSED] - Delayed 2 second(s)

2018-12-04 11:05:11 - [TEST_STEP][PASSED] - setText: Text 'joh' is set on object 'Object Repository/Final Object Repo/Creating Employer Account/Page_Registration - ASSIST (Base)/City - joh'

2018-12-04 11:05:11 - [MESSAGE][PASSED] - Text 'joh' is set on object 'Object Repository/Final Object Repo/Creating Employer Account/Page_Registration - ASSIST (Base)/City - joh'

2018-12-04 11:05:11 - [TEST_STEP][PASSED] - delay: Delayed 2 second(s)

2018-12-04 11:05:13 - [MESSAGE][PASSED] - Delayed 2 second(s)

2018-12-04 11:05:13 - [TEST_STEP][PASSED] - click: Object: 'Object Repository/Final Object Repo/Creating Employer Account/Page_Registration - ASSIST (Base)/City - Johor Bharu' is clicked on

2018-12-04 11:05:13 - [MESSAGE][PASSED] - Object: 'Object Repository/Final Object Repo/Creating Employer Account/Page_Registration - ASSIST (Base)/City - Johor Bharu' is clicked on

2018-12-04 11:05:13 - [TEST_STEP][PASSED] - delay: Delayed 2 second(s)

2018-12-04 11:05:15 - [MESSAGE][PASSED] - Delayed 2 second(s)

2018-12-04 11:05:15 - [TEST_STEP][PASSED] - click: Object: 'Object Repository/Final Object Repo/Creating Employer Account/Page_Registration - ASSIST (Base)/Post Code' is clicked on

2018-12-04 11:05:16 - [MESSAGE][PASSED] - Object: 'Object Repository/Final Object Repo/Creating Employer Account/Page_Registration - ASSIST (Base)/Post Code' is clicked on

2018-12-04 11:05:16 - [TEST_STEP][PASSED] - delay: Delayed 2 second(s)

2018-12-04 11:05:18 - [MESSAGE][PASSED] - Delayed 2 second(s)

2018-12-04 11:05:18 - [TEST_STEP][PASSED] - setText: Text '810' is set on object 'Object Repository/Final Object Repo/Creating Employer Account/Page_Registration - ASSIST (Base)/Post Code - 810'

2018-12-04 11:05:18 - [MESSAGE][PASSED] - Text '810' is set on object 'Object Repository/Final Object Repo/Creating Employer Account/Page_Registration - ASSIST (Base)/Post Code - 810'

2018-12-04 11:05:18 - [TEST_STEP][PASSED] - delay: Delayed 2 second(s)

2018-12-04 11:05:20 - [MESSAGE][PASSED] - Delayed 2 second(s)

2018-12-04 11:05:20 - [TEST_STEP][PASSED] - click: Object: 'Object Repository/Final Object Repo/Creating Employer Account/Page_Registration - ASSIST (Base)/Post Code - 81000' is clicked on

2018-12-04 11:05:20 - [MESSAGE][PASSED] - Object: 'Object Repository/Final Object Repo/Creating Employer Account/Page_Registration - ASSIST (Base)/Post Code - 81000' is clicked on

2018-12-04 11:05:20 - [TEST_STEP][PASSED] - delay: Delayed 2 second(s)

2018-12-04 11:05:22 - [MESSAGE][PASSED] - Delayed 2 second(s)

2018-12-04 11:05:22 - [TEST_STEP][PASSED] - setText: Text 'PERKESO' is set on object 'Object Repository/Final Object Repo/Creating Employer Account/Page_Registration - ASSIST (Base)/Full Name'

2018-12-04 11:05:22 - [MESSAGE][PASSED] - Text 'PERKESO' is set on object 'Object Repository/Final Object Repo/Creating Employer Account/Page_Registration - ASSIST (Base)/Full Name'

2018-12-04 11:05:22 - [TEST_STEP][PASSED] - Statement - rnd = new java.util.Random(): null

2018-12-04 11:05:22 - [TEST_STEP][PASSED] - Statement - snum = rnd.nextInt(899999 + 1) + 100000: null

2018-12-04 11:05:22 - [TEST_STEP][PASSED] - Statement - tnum = rnd.nextInt(899999 + 1) + 100000: null

2018-12-04 11:05:22 - [TEST_STEP][PASSED] - Statement - IC = java.lang.Integer.toString(snum) + java.lang.Integer.toString(tnum): null

2018-12-04 11:05:22 - [TEST_STEP][PASSED] - Statement - out.println(IC): null

2018-12-04 11:05:22 - [TEST_STEP][PASSED] - setText: Text '263260476690' is set on object 'Object Repository/Final Object Repo/Creating Employer Account/Page_Registration - ASSIST (Base)/Identification Number'

2018-12-04 11:05:23 - [MESSAGE][PASSED] - Text '263260476690' is set on object 'Object Repository/Final Object Repo/Creating Employer Account/Page_Registration - ASSIST (Base)/Identification Number'

2018-12-04 11:05:23 - [TEST_STEP][PASSED] - delay: Delayed 2 second(s)

2018-12-04 11:05:25 - [MESSAGE][PASSED] - Delayed 2 second(s)

2018-12-04 11:05:25 - [TEST_STEP][PASSED] - setText: Text '123456789012' is set on object 'Object Repository/Final Object Repo/Creating Employer Account/Page_Registration - ASSIST (Base)/Contact Number'

2018-12-04 11:05:25 - [MESSAGE][PASSED] - Text '123456789012' is set on object 'Object Repository/Final Object Repo/Creating Employer Account/Page_Registration - ASSIST (Base)/Contact Number'

2018-12-04 11:05:25 - [TEST_STEP][PASSED] - Statement - Email = "perkeso" + IC + "@gmail.com": null

2018-12-04 11:05:25 - [TEST_STEP][PASSED] - delay: Delayed 2 second(s)

2018-12-04 11:05:27 - [MESSAGE][PASSED] - Delayed 2 second(s)

2018-12-04 11:05:27 - [TEST_STEP][PASSED] - callTestCase: Call Test Case 'Test Cases/Final Aug 2018 - PKS Automation/Create Employer Acc/Template/Employer Email Settler' successfully

2018-12-04 11:05:27 - [TEST_CASE][PASSED] - Test Cases/Final Aug 2018 - PKS Automation/Create Employer Acc/Template/Employer Email Settler: Test Cases/Final Aug 2018 - PKS Automation/Create Employer Acc/Template/Employer Email Settler

2018-12-04 11:05:27 - [TEST_STEP][PASSED] - Statement - EmpEmailOld = new java.io.File(C://Users//Admin//Desktop//PKS//Automation Reference Point//EmpEmail.txt): null

2018-12-04 11:05:27 - [TEST_STEP][PASSED] - Statement - EmpEmailOld.delete(): null

2018-12-04 11:05:27 - [TEST_STEP][PASSED] - Statement - EmpEmail = new java.io.File(C://Users//Admin//Desktop//PKS//Automation Reference Point//EmpEmail.txt): null

2018-12-04 11:05:27 - [TEST_STEP][PASSED] - Statement - EmpEmail.append(Email): null

2018-12-04 11:05:27 - [TEST_STEP][PASSED] - Statement - out.println(Email): null

2018-12-04 11:05:27 - [MESSAGE][PASSED] - Call Test Case 'Test Cases/Final Aug 2018 - PKS Automation/Create Employer Acc/Template/Employer Email Settler' successfully

2018-12-04 11:05:27 - [TEST_STEP][PASSED] - delay: Delayed 2 second(s)

2018-12-04 11:05:29 - [MESSAGE][PASSED] - Delayed 2 second(s)

2018-12-04 11:05:29 - [TEST_STEP][PASSED] - setText: Text 'perkeso263260476690@gmail.com' is set on object 'Object Repository/Final Object Repo/Creating Employer Account/Page_Registration - ASSIST (Base)/Email'

2018-12-04 11:05:30 - [MESSAGE][PASSED] - Text 'perkeso263260476690@gmail.com' is set on object 'Object Repository/Final Object Repo/Creating Employer Account/Page_Registration - ASSIST (Base)/Email'

2018-12-04 11:05:30 - [TEST_STEP][PASSED] - setText: Text '123' is set on object 'Object Repository/Final Object Repo/Creating Employer Account/Page_Registration - ASSIST (Base)/Security Phase'

2018-12-04 11:05:30 - [MESSAGE][PASSED] - Text '123' is set on object 'Object Repository/Final Object Repo/Creating Employer Account/Page_Registration - ASSIST (Base)/Security Phase'

2018-12-04 11:05:30 - [TEST_STEP][PASSED] - click: Object: 'Object Repository/Final Object Repo/Creating Employer Account/Page_Registration - ASSIST (Base)/Save  Continue' is clicked on

2018-12-04 11:05:31 - [MESSAGE][PASSED] - Object: 'Object Repository/Final Object Repo/Creating Employer Account/Page_Registration - ASSIST (Base)/Save  Continue' is clicked on

2018-12-04 11:05:31 - [TEST_STEP][PASSED] - delay: Delayed 2 second(s)

2018-12-04 11:05:33 - [MESSAGE][PASSED] - Delayed 2 second(s)

2018-12-04 11:05:33 - [TEST_STEP][PASSED] - click: Object: 'Object Repository/Final Object Repo/Creating Employer Account/Page_Registration - ASSIST (Base)/Add Document' is clicked on

2018-12-04 11:05:33 - [MESSAGE][PASSED] - Object: 'Object Repository/Final Object Repo/Creating Employer Account/Page_Registration - ASSIST (Base)/Add Document' is clicked on

2018-12-04 11:05:33 - [TEST_STEP][PASSED] - delay: Delayed 2 second(s)

2018-12-04 11:05:35 - [MESSAGE][PASSED] - Delayed 2 second(s)

2018-12-04 11:05:35 - [TEST_STEP][PASSED] - click: Object: 'Object Repository/Final Object Repo/Creating Employer Account/Page_Registration - ASSIST (Base)/Document Type' is clicked on

2018-12-04 11:05:35 - [MESSAGE][PASSED] - Object: 'Object Repository/Final Object Repo/Creating Employer Account/Page_Registration - ASSIST (Base)/Document Type' is clicked on

2018-12-04 11:05:35 - [TEST_STEP][PASSED] - delay: Delayed 2 second(s)

2018-12-04 11:05:37 - [MESSAGE][PASSED] - Delayed 2 second(s)

2018-12-04 11:05:37 - [TEST_STEP][PASSED] - click: Object: 'Object Repository/Final Object Repo/Creating Employer Account/Page_Registration - ASSIST (Base)/Document Type - Letter of Authorization' is clicked on

2018-12-04 11:05:37 - [MESSAGE][PASSED] - Object: 'Object Repository/Final Object Repo/Creating Employer Account/Page_Registration - ASSIST (Base)/Document Type - Letter of Authorization' is clicked on

2018-12-04 11:05:37 - [TEST_STEP][PASSED] - delay: Delayed 2 second(s)

2018-12-04 11:05:39 - [MESSAGE][PASSED] - Delayed 2 second(s)

2018-12-04 11:05:39 - [TEST_STEP][PASSED] - sendKeys: Keys 'C:\Users\Public\Pictures\Sample Pictures\Koala.jpg' sent to object: 'Object Repository/Final Object Repo/Creating Employer Account/Page_Registration - ASSIST (Base)/Uploading File'

2018-12-04 11:05:39 - [MESSAGE][PASSED] - Keys 'C:\Users\Public\Pictures\Sample Pictures\Koala.jpg' sent to object: 'Object Repository/Final Object Repo/Creating Employer Account/Page_Registration - ASSIST (Base)/Uploading File'

2018-12-04 11:05:39 - [TEST_STEP][PASSED] - delay: Delayed 2 second(s)

2018-12-04 11:05:41 - [MESSAGE][PASSED] - Delayed 2 second(s)

2018-12-04 11:05:41 - [TEST_STEP][PASSED] - click: Object: 'Object Repository/Final Object Repo/Creating Employer Account/Page_Registration - ASSIST (Base)/Add Document in Uploading File' is clicked on

2018-12-04 11:05:42 - [MESSAGE][PASSED] - Object: 'Object Repository/Final Object Repo/Creating Employer Account/Page_Registration - ASSIST (Base)/Add Document in Uploading File' is clicked on

2018-12-04 11:05:42 - [TEST_STEP][PASSED] - delay: Delayed 2 second(s)

2018-12-04 11:05:44 - [MESSAGE][PASSED] - Delayed 2 second(s)

2018-12-04 11:05:44 - [TEST_STEP][PASSED] - click: Object: 'Object Repository/Final Object Repo/Creating Employer Account/Page_Registration - ASSIST (Base)/Save' is clicked on

2018-12-04 11:05:44 - [MESSAGE][PASSED] - Object: 'Object Repository/Final Object Repo/Creating Employer Account/Page_Registration - ASSIST (Base)/Save' is clicked on

2018-12-04 11:05:44 - [TEST_STEP][PASSED] - delay: Delayed 2 second(s)

2018-12-04 11:05:46 - [MESSAGE][PASSED] - Delayed 2 second(s)

2018-12-04 11:05:46 - [TEST_STEP][PASSED] - click: Object: 'Object Repository/Final Object Repo/Creating Employer Account/Page_Registration - ASSIST (Base)/Submit' is clicked on

2018-12-04 11:05:46 - [MESSAGE][PASSED] - Object: 'Object Repository/Final Object Repo/Creating Employer Account/Page_Registration - ASSIST (Base)/Submit' is clicked on

2018-12-04 11:05:46 - [TEST_STEP][PASSED] - delay: Delayed 2 second(s)

2018-12-04 11:05:48 - [MESSAGE][PASSED] - Delayed 2 second(s)

2018-12-04 11:05:48 - [TEST_STEP][PASSED] - click: Object: 'Object Repository/Final Object Repo/Creating Employer Account/Page_Registration - ASSIST (Base)/Confirm' is clicked on

2018-12-04 11:05:48 - [MESSAGE][PASSED] - Object: 'Object Repository/Final Object Repo/Creating Employer Account/Page_Registration - ASSIST (Base)/Confirm' is clicked on

2018-12-04 11:05:48 - [MESSAGE][PASSED] - Call Test Case 'Test Cases/Final Aug 2018 - PKS Automation/Create Employer Acc/Template/Register Employer' successfully

2018-12-04 11:05:48 - [TEST_STEP][PASSED] - delay: Delayed 1 second(s)

2018-12-04 11:05:49 - [MESSAGE][PASSED] - Delayed 1 second(s)

2018-12-04 11:05:49 - [TEST_STEP][PASSED] - navigateToUrl: Navigate to 'https://assist2-uat.perkeso.gov.my/c/portal/logout' successfully

2018-12-04 11:05:53 - [MESSAGE][PASSED] - Navigate to 'https://assist2-uat.perkeso.gov.my/c/portal/logout' successfully

2018-12-04 11:05:53 - [TEST_STEP][PASSED] - delay: Delayed 1 second(s)

2018-12-04 11:05:54 - [MESSAGE][PASSED] - Delayed 1 second(s)

2018-12-04 11:05:54 - [TEST_STEP][PASSED] - callTestCase: Call Test Case 'Test Cases/Final Aug 2018 - PKS Automation/Create Employer Acc/Template/Change Password of Employer' successfully

2018-12-04 11:05:54 - [TEST_CASE][PASSED] - Test Cases/Final Aug 2018 - PKS Automation/Create Employer Acc/Template/Change Password of Employer: Test Cases/Final Aug 2018 - PKS Automation/Create Employer Acc/Template/Change Password of Employer

2018-12-04 11:05:54 - [TEST_STEP][PASSED] - openBrowser: Browser is opened with url: ''

2018-12-04 11:05:54 - [MESSAGE][WARNING] - A browser is already opened. Closing browser and opening a new one

2018-12-04 11:05:57 - [MESSAGE][PASSED] - Browser is opened with url: ''

2018-12-04 11:05:57 - [TEST_STEP][PASSED] - navigateToUrl: Navigate to 'https://assist2-uat.perkeso.gov.my/login' successfully

2018-12-04 11:05:58 - [MESSAGE][PASSED] - Navigate to 'https://assist2-uat.perkeso.gov.my/login' successfully

2018-12-04 11:05:58 - [TEST_STEP][PASSED] - delay: Delayed 5 second(s)

2018-12-04 11:06:03 - [MESSAGE][PASSED] - Delayed 5 second(s)

2018-12-04 11:06:03 - [TEST_STEP][PASSED] - setText: Text 'test@liferay.com' is set on object 'Object Repository/Final Object Repo/Login Page/Internal User/Email Address'

2018-12-04 11:06:03 - [MESSAGE][PASSED] - Text 'test@liferay.com' is set on object 'Object Repository/Final Object Repo/Login Page/Internal User/Email Address'

2018-12-04 11:06:03 - [TEST_STEP][PASSED] - click: Object: 'Object Repository/Final Object Repo/Login Page/Internal User/Next Button' is clicked on

2018-12-04 11:06:04 - [MESSAGE][PASSED] - Object: 'Object Repository/Final Object Repo/Login Page/Internal User/Next Button' is clicked on

2018-12-04 11:06:04 - [TEST_STEP][PASSED] - delay: Delayed 2 second(s)

2018-12-04 11:06:06 - [MESSAGE][PASSED] - Delayed 2 second(s)

2018-12-04 11:06:06 - [TEST_STEP][PASSED] - setText: Text 'test' is set on object 'Object Repository/Final Object Repo/Login Page/Internal User/Password'

2018-12-04 11:06:06 - [MESSAGE][PASSED] - Text 'test' is set on object 'Object Repository/Final Object Repo/Login Page/Internal User/Password'

2018-12-04 11:06:06 - [TEST_STEP][PASSED] - delay: Delayed 2 second(s)

2018-12-04 11:06:08 - [MESSAGE][PASSED] - Delayed 2 second(s)

2018-12-04 11:06:08 - [TEST_STEP][PASSED] - click: Object: 'Object Repository/Final Object Repo/Login Page/Internal User/Login Button' is clicked on

2018-12-04 11:06:08 - [MESSAGE][PASSED] - Object: 'Object Repository/Final Object Repo/Login Page/Internal User/Login Button' is clicked on

2018-12-04 11:06:08 - [TEST_STEP][PASSED] - delay: Delayed 3 second(s)

2018-12-04 11:06:11 - [MESSAGE][PASSED] - Delayed 3 second(s)

2018-12-04 11:06:11 - [TEST_STEP][PASSED] - navigateToUrl: Navigate to 'https://assist2-uat.perkeso.gov.my/group/control_panel/manage?p_p_id=125&p_p_lifecycle=0&p_p_state=maximized&p_p_mode=view&refererPlid=20455&_125_usersListView=flat-users&_125_toolbarItem=view-all-users&_125_saveUsersListView=true&_125_struts_action=%2Fusers_admin%2Fview' successfully

2018-12-04 11:06:16 - [MESSAGE][PASSED] - Navigate to 'https://assist2-uat.perkeso.gov.my/group/control_panel/manage?p_p_id=125&p_p_lifecycle=0&p_p_state=maximized&p_p_mode=view&refererPlid=20455&_125_usersListView=flat-users&_125_toolbarItem=view-all-users&_125_saveUsersListView=true&_125_struts_action=%2Fusers_admin%2Fview' successfully

2018-12-04 11:06:16 - [TEST_STEP][PASSED] - delay: Delayed 3 second(s)

2018-12-04 11:06:19 - [MESSAGE][PASSED] - Delayed 3 second(s)

2018-12-04 11:06:19 - [TEST_STEP][PASSED] - setText: Text 'perkeso263260476690@gmail.com' is set on object 'Object Repository/Final Object Repo/Creating Employer Account/Page_Users and Organizations - ASSIST/Employer name'

2018-12-04 11:06:20 - [MESSAGE][PASSED] - Text 'perkeso263260476690@gmail.com' is set on object 'Object Repository/Final Object Repo/Creating Employer Account/Page_Users and Organizations - ASSIST/Employer name'

2018-12-04 11:06:20 - [TEST_STEP][PASSED] - delay: Delayed 3 second(s)

2018-12-04 11:06:23 - [MESSAGE][PASSED] - Delayed 3 second(s)

2018-12-04 11:06:23 - [TEST_STEP][PASSED] - click: Object: 'Object Repository/Final Object Repo/Creating Employer Account/Page_Users and Organizations - ASSIST/Search' is clicked on

2018-12-04 11:06:23 - [MESSAGE][PASSED] - Object: 'Object Repository/Final Object Repo/Creating Employer Account/Page_Users and Organizations - ASSIST/Search' is clicked on

2018-12-04 11:06:23 - [TEST_STEP][PASSED] - delay: Delayed 3 second(s)

2018-12-04 11:06:26 - [MESSAGE][PASSED] - Delayed 3 second(s)

2018-12-04 11:06:26 - [TEST_STEP][PASSED] - click: Object: 'Object Repository/Final Object Repo/Creating Employer Account/Page_Users and Organizations - ASSIST/Action' is clicked on

2018-12-04 11:06:26 - [MESSAGE][PASSED] - Object: 'Object Repository/Final Object Repo/Creating Employer Account/Page_Users and Organizations - ASSIST/Action' is clicked on

2018-12-04 11:06:26 - [TEST_STEP][PASSED] - delay: Delayed 3 second(s)

2018-12-04 11:06:29 - [MESSAGE][PASSED] - Delayed 3 second(s)

2018-12-04 11:06:29 - [TEST_STEP][PASSED] - click: Object: 'Object Repository/Final Object Repo/Creating Employer Account/Page_Users and Organizations - ASSIST/Edit' is clicked on

2018-12-04 11:06:33 - [MESSAGE][PASSED] - Object: 'Object Repository/Final Object Repo/Creating Employer Account/Page_Users and Organizations - ASSIST/Edit' is clicked on

2018-12-04 11:06:33 - [TEST_STEP][PASSED] - delay: Delayed 3 second(s)

2018-12-04 11:06:36 - [MESSAGE][PASSED] - Delayed 3 second(s)

2018-12-04 11:06:36 - [TEST_STEP][PASSED] - click: Object: 'Object Repository/Final Object Repo/Creating Employer Account/Page_PERKESO - Users and Organizati/a_Password (Modified)' is clicked on

2018-12-04 11:06:36 - [MESSAGE][PASSED] - Object: 'Object Repository/Final Object Repo/Creating Employer Account/Page_PERKESO - Users and Organizati/a_Password (Modified)' is clicked on

2018-12-04 11:06:36 - [TEST_STEP][PASSED] - delay: Delayed 3 second(s)

2018-12-04 11:06:39 - [MESSAGE][PASSED] - Delayed 3 second(s)

2018-12-04 11:06:39 - [TEST_STEP][PASSED] - setEncryptedText: Text ****** has been set on object 'Object Repository/Final Object Repo/Creating Employer Account/Page_PERKESO - Users and Organizati/input__125_password1'

2018-12-04 11:06:39 - [MESSAGE][PASSED] - Text ****** has been set on object 'Object Repository/Final Object Repo/Creating Employer Account/Page_PERKESO - Users and Organizati/input__125_password1'

2018-12-04 11:06:39 - [TEST_STEP][PASSED] - delay: Delayed 3 second(s)

2018-12-04 11:06:42 - [MESSAGE][PASSED] - Delayed 3 second(s)

2018-12-04 11:06:42 - [TEST_STEP][PASSED] - setEncryptedText: Text ****** has been set on object 'Object Repository/Final Object Repo/Creating Employer Account/Page_PERKESO - Users and Organizati/input__125_password2'

2018-12-04 11:06:43 - [MESSAGE][PASSED] - Text ****** has been set on object 'Object Repository/Final Object Repo/Creating Employer Account/Page_PERKESO - Users and Organizati/input__125_password2'

2018-12-04 11:06:43 - [TEST_STEP][PASSED] - delay: Delayed 3 second(s)

2018-12-04 11:06:46 - [MESSAGE][PASSED] - Delayed 3 second(s)

2018-12-04 11:06:46 - [TEST_STEP][PASSED] - click: Object: 'Object Repository/Final Object Repo/Creating Employer Account/Page_PERKESO - Users and Organizati/Save' is clicked on

2018-12-04 11:06:48 - [MESSAGE][PASSED] - Object: 'Object Repository/Final Object Repo/Creating Employer Account/Page_PERKESO - Users and Organizati/Save' is clicked on

2018-12-04 11:06:48 - [MESSAGE][PASSED] - Call Test Case 'Test Cases/Final Aug 2018 - PKS Automation/Create Employer Acc/Template/Change Password of Employer' successfully

2018-12-04 11:06:48 - [TEST_STEP][PASSED] - delay: Delayed 1 second(s)

2018-12-04 11:06:49 - [MESSAGE][PASSED] - Delayed 1 second(s)

2018-12-04 11:06:49 - [TEST_STEP][PASSED] - navigateToUrl: Navigate to 'https://assist2-uat.perkeso.gov.my/c/portal/logout' successfully

2018-12-04 11:06:50 - [MESSAGE][PASSED] - Navigate to 'https://assist2-uat.perkeso.gov.my/c/portal/logout' successfully

2018-12-04 11:06:50 - [TEST_STEP][PASSED] - delay: Delayed 1 second(s)

2018-12-04 11:06:51 - [MESSAGE][PASSED] - Delayed 1 second(s)

2018-12-04 11:06:51 - [TEST_STEP][PASSED] - callTestCase: Call Test Case 'Test Cases/Final Aug 2018 - PKS Automation/Create Employer Acc/Template/Login to Employer Account (First Time)' successfully

2018-12-04 11:06:51 - [TEST_CASE][PASSED] - Test Cases/Final Aug 2018 - PKS Automation/Create Employer Acc/Template/Login to Employer Account (First Time): Test Cases/Final Aug 2018 - PKS Automation/Create Employer Acc/Template/Login to Employer Account (First Time)

2018-12-04 11:06:51 - [TEST_STEP][PASSED] - openBrowser: Browser is opened with url: ''

2018-12-04 11:06:51 - [MESSAGE][WARNING] - A browser is already opened. Closing browser and opening a new one

2018-12-04 11:06:54 - [MESSAGE][PASSED] - Browser is opened with url: ''

2018-12-04 11:06:54 - [TEST_STEP][PASSED] - navigateToUrl: Navigate to 'https://assist2-uat.perkeso.gov.my/employer/login' successfully

2018-12-04 11:06:57 - [MESSAGE][PASSED] - Navigate to 'https://assist2-uat.perkeso.gov.my/employer/login' successfully

2018-12-04 11:06:57 - [TEST_STEP][PASSED] - delay: Delayed 3 second(s)

2018-12-04 11:07:00 - [MESSAGE][PASSED] - Delayed 3 second(s)

2018-12-04 11:07:00 - [TEST_STEP][PASSED] - callTestCase: Call Test Case 'Test Cases/Final Aug 2018 - PKS Automation/Create Employer Acc/Template/Employer Email Getter' successfully

2018-12-04 11:07:00 - [TEST_CASE][PASSED] - Test Cases/Final Aug 2018 - PKS Automation/Create Employer Acc/Template/Employer Email Getter: Test Cases/Final Aug 2018 - PKS Automation/Create Employer Acc/Template/Employer Email Getter

2018-12-04 11:07:00 - [TEST_STEP][PASSED] - Statement - Try: null

2018-12-04 11:07:00 - [TEST_STEP][PASSED] - Statement - EmpEmail = new java.io.File(C://Users//Admin//Desktop//PKS//Automation Reference Point//EmpEmail.txt): null

2018-12-04 11:07:00 - [TEST_STEP][PASSED] - Statement - bufferread = new java.io.BufferedReader(new java.io.FileReader(EmpEmail)): null

2018-12-04 11:07:00 - [TEST_STEP][PASSED] - Statement - readedVal = bufferread.readLine(): null

2018-12-04 11:07:00 - [TEST_STEP][PASSED] - Statement - out.println(readedVal): null

2018-12-04 11:07:00 - [TEST_STEP][PASSED] - Statement - Email = readedVal: null

2018-12-04 11:07:00 - [MESSAGE][PASSED] - Call Test Case 'Test Cases/Final Aug 2018 - PKS Automation/Create Employer Acc/Template/Employer Email Getter' successfully

2018-12-04 11:07:00 - [TEST_STEP][PASSED] - setText: Text 'perkeso263260476690@gmail.com' is set on object 'Object Repository/Final Object Repo/Login Page/External Login Page/Email'

2018-12-04 11:07:01 - [MESSAGE][PASSED] - Text 'perkeso263260476690@gmail.com' is set on object 'Object Repository/Final Object Repo/Login Page/External Login Page/Email'

2018-12-04 11:07:01 - [TEST_STEP][PASSED] - click: Object: 'Object Repository/Final Object Repo/Login Page/External Login Page/Next' is clicked on

2018-12-04 11:07:01 - [MESSAGE][PASSED] - Object: 'Object Repository/Final Object Repo/Login Page/External Login Page/Next' is clicked on

2018-12-04 11:07:01 - [TEST_STEP][PASSED] - delay: Delayed 3 second(s)

2018-12-04 11:07:04 - [MESSAGE][PASSED] - Delayed 3 second(s)

2018-12-04 11:07:04 - [TEST_STEP][PASSED] - setEncryptedText: Text ****** has been set on object 'Object Repository/Final Object Repo/Login Page/External Login Page/Password'

2018-12-04 11:07:04 - [MESSAGE][PASSED] - Text ****** has been set on object 'Object Repository/Final Object Repo/Login Page/External Login Page/Password'

2018-12-04 11:07:04 - [TEST_STEP][PASSED] - click: Object: 'Object Repository/Final Object Repo/Login Page/External Login Page/Login' is clicked on

2018-12-04 11:07:04 - [MESSAGE][PASSED] - Object: 'Object Repository/Final Object Repo/Login Page/External Login Page/Login' is clicked on

2018-12-04 11:07:04 - [TEST_STEP][PASSED] - delay: Delayed 3 second(s)

2018-12-04 11:07:07 - [MESSAGE][PASSED] - Delayed 3 second(s)

2018-12-04 11:07:07 - [TEST_STEP][PASSED] - click: Object: 'Object Repository/Final Object Repo/Creating Employer Account/Page_Terms of Use - ASSIST/button_I Agree' is clicked on

2018-12-04 11:07:09 - [MESSAGE][PASSED] - Object: 'Object Repository/Final Object Repo/Creating Employer Account/Page_Terms of Use - ASSIST/button_I Agree' is clicked on

2018-12-04 11:07:09 - [TEST_STEP][PASSED] - delay: Delayed 2 second(s)

2018-12-04 11:07:11 - [MESSAGE][PASSED] - Delayed 2 second(s)

2018-12-04 11:07:11 - [TEST_STEP][PASSED] - setEncryptedText: Text ****** has been set on object 'Object Repository/Final Object Repo/Creating Employer Account/Page_New Password - ASSIST/input_password1'

2018-12-04 11:07:11 - [MESSAGE][PASSED] - Text ****** has been set on object 'Object Repository/Final Object Repo/Creating Employer Account/Page_New Password - ASSIST/input_password1'

2018-12-04 11:07:11 - [TEST_STEP][PASSED] - setEncryptedText: Text ****** has been set on object 'Object Repository/Final Object Repo/Creating Employer Account/Page_New Password - ASSIST/input_password2'

2018-12-04 11:07:11 - [MESSAGE][PASSED] - Text ****** has been set on object 'Object Repository/Final Object Repo/Creating Employer Account/Page_New Password - ASSIST/input_password2'

2018-12-04 11:07:11 - [TEST_STEP][PASSED] - delay: Delayed 2 second(s)

2018-12-04 11:07:13 - [MESSAGE][PASSED] - Delayed 2 second(s)

2018-12-04 11:07:13 - [TEST_STEP][PASSED] - click: Object: 'Object Repository/Final Object Repo/Creating Employer Account/Page_New Password - ASSIST/Save' is clicked on

2018-12-04 11:07:13 - [MESSAGE][PASSED] - Object: 'Object Repository/Final Object Repo/Creating Employer Account/Page_New Password - ASSIST/Save' is clicked on

2018-12-04 11:07:13 - [TEST_STEP][PASSED] - delay: Delayed 2 second(s)

2018-12-04 11:07:15 - [MESSAGE][PASSED] - Delayed 2 second(s)

2018-12-04 11:07:15 - [TEST_STEP][PASSED] - setText: Text 'test' is set on object 'Object Repository/Final Object Repo/Creating Employer Account/Page_Password Reminder - ASSIST/Reminder Query Answer'

2018-12-04 11:07:16 - [MESSAGE][PASSED] - Text 'test' is set on object 'Object Repository/Final Object Repo/Creating Employer Account/Page_Password Reminder - ASSIST/Reminder Query Answer'

2018-12-04 11:07:16 - [TEST_STEP][PASSED] - delay: Delayed 2 second(s)

2018-12-04 11:07:18 - [MESSAGE][PASSED] - Delayed 2 second(s)

2018-12-04 11:07:18 - [TEST_STEP][PASSED] - doubleClick: Object: 'Object Repository/Final Object Repo/Creating Employer Account/Page_Password Reminder - ASSIST/Save' is double clicked on

2018-12-04 11:07:18 - [MESSAGE][PASSED] - Object: 'Object Repository/Final Object Repo/Creating Employer Account/Page_Password Reminder - ASSIST/Save' is double clicked on

2018-12-04 11:07:18 - [MESSAGE][PASSED] - Call Test Case 'Test Cases/Final Aug 2018 - PKS Automation/Create Employer Acc/Template/Login to Employer Account (First Time)' successfully

2018-12-04 11:07:18 - [MESSAGE][PASSED] - Call Test Case 'Test Cases/Final Aug 2018 - PKS Automation/Create Employer Acc/Create Employer Account' successfully

2018-12-04 11:07:18 - [TEST_STEP][PASSED] - callTestCase: Call Test Case 'Test Cases/Final Aug 2018 - PKS Automation/Registration Module/Log Out/log out avoiding katalon tagging' successfully

2018-12-04 11:07:18 - [TEST_CASE][PASSED] - Test Cases/Final Aug 2018 - PKS Automation/Registration Module/Log Out/log out avoiding katalon tagging: Test Cases/Final Aug 2018 - PKS Automation/Registration Module/Log Out/log out avoiding katalon tagging

2018-12-04 11:07:18 - [TEST_STEP][PASSED] - navigateToUrl: Navigate to 'https://assist2-uat.perkeso.gov.my/c/portal/logout' successfully

2018-12-04 11:07:21 - [MESSAGE][PASSED] - Navigate to 'https://assist2-uat.perkeso.gov.my/c/portal/logout' successfully

2018-12-04 11:07:21 - [MESSAGE][PASSED] - Call Test Case 'Test Cases/Final Aug 2018 - PKS Automation/Registration Module/Log Out/log out avoiding katalon tagging' successfully

2018-12-04 11:07:21 - [TEST_STEP][PASSED] - callTestCase: Call Test Case 'Test Cases/Final Aug 2018 - PKS Automation/Create Employer Acc/Login to Employer Account (Second time)' successfully

2018-12-04 11:07:21 - [TEST_CASE][PASSED] - Test Cases/Final Aug 2018 - PKS Automation/Create Employer Acc/Login to Employer Account (Second time): Test Cases/Final Aug 2018 - PKS Automation/Create Employer Acc/Login to Employer Account (Second time)

2018-12-04 11:07:21 - [TEST_STEP][PASSED] - openBrowser: Browser is opened with url: ''

2018-12-04 11:07:21 - [MESSAGE][WARNING] - A browser is already opened. Closing browser and opening a new one

2018-12-04 11:07:24 - [MESSAGE][PASSED] - Browser is opened with url: ''

2018-12-04 11:07:24 - [TEST_STEP][PASSED] - navigateToUrl: Navigate to 'https://assist2-uat.perkeso.gov.my/employer/login' successfully

2018-12-04 11:07:26 - [MESSAGE][PASSED] - Navigate to 'https://assist2-uat.perkeso.gov.my/employer/login' successfully

2018-12-04 11:07:26 - [TEST_STEP][PASSED] - delay: Delayed 3 second(s)

2018-12-04 11:07:29 - [MESSAGE][PASSED] - Delayed 3 second(s)

2018-12-04 11:07:29 - [TEST_STEP][PASSED] - callTestCase: Call Test Case 'Test Cases/Final Aug 2018 - PKS Automation/Create Employer Acc/Template/Employer Email Getter' successfully

2018-12-04 11:07:29 - [TEST_CASE][PASSED] - Test Cases/Final Aug 2018 - PKS Automation/Create Employer Acc/Template/Employer Email Getter: Test Cases/Final Aug 2018 - PKS Automation/Create Employer Acc/Template/Employer Email Getter

2018-12-04 11:07:29 - [TEST_STEP][PASSED] - Statement - Try: null

2018-12-04 11:07:29 - [TEST_STEP][PASSED] - Statement - EmpEmail = new java.io.File(C://Users//Admin//Desktop//PKS//Automation Reference Point//EmpEmail.txt): null

2018-12-04 11:07:29 - [TEST_STEP][PASSED] - Statement - bufferread = new java.io.BufferedReader(new java.io.FileReader(EmpEmail)): null

2018-12-04 11:07:29 - [TEST_STEP][PASSED] - Statement - readedVal = bufferread.readLine(): null

2018-12-04 11:07:29 - [TEST_STEP][PASSED] - Statement - out.println(readedVal): null

2018-12-04 11:07:29 - [TEST_STEP][PASSED] - Statement - Email = readedVal: null

2018-12-04 11:07:29 - [MESSAGE][PASSED] - Call Test Case 'Test Cases/Final Aug 2018 - PKS Automation/Create Employer Acc/Template/Employer Email Getter' successfully

2018-12-04 11:07:29 - [TEST_STEP][PASSED] - setText: Text 'perkeso263260476690@gmail.com' is set on object 'Object Repository/Final Object Repo/Login Page/External Login Page/Email'

2018-12-04 11:07:29 - [MESSAGE][PASSED] - Text 'perkeso263260476690@gmail.com' is set on object 'Object Repository/Final Object Repo/Login Page/External Login Page/Email'

2018-12-04 11:07:29 - [TEST_STEP][PASSED] - click: Object: 'Object Repository/Final Object Repo/Login Page/External Login Page/Next' is clicked on

2018-12-04 11:07:29 - [MESSAGE][PASSED] - Object: 'Object Repository/Final Object Repo/Login Page/External Login Page/Next' is clicked on

2018-12-04 11:07:29 - [TEST_STEP][PASSED] - delay: Delayed 3 second(s)

2018-12-04 11:07:32 - [MESSAGE][PASSED] - Delayed 3 second(s)

2018-12-04 11:07:32 - [TEST_STEP][PASSED] - setEncryptedText: Text ****** has been set on object 'Object Repository/Final Object Repo/Login Page/External Login Page/Password'

2018-12-04 11:07:33 - [MESSAGE][PASSED] - Text ****** has been set on object 'Object Repository/Final Object Repo/Login Page/External Login Page/Password'

2018-12-04 11:07:33 - [TEST_STEP][PASSED] - click: Object: 'Object Repository/Final Object Repo/Login Page/External Login Page/Login' is clicked on

2018-12-04 11:07:33 - [MESSAGE][PASSED] - Object: 'Object Repository/Final Object Repo/Login Page/External Login Page/Login' is clicked on

2018-12-04 11:07:33 - [TEST_STEP][PASSED] - delay: Delayed 5 second(s)

2018-12-04 11:07:38 - [MESSAGE][PASSED] - Delayed 5 second(s)

2018-12-04 11:07:38 - [MESSAGE][PASSED] - Call Test Case 'Test Cases/Final Aug 2018 - PKS Automation/Create Employer Acc/Login to Employer Account (Second time)' successfully

2018-12-04 11:07:38 - [TEST_STEP][PASSED] - Statement - Try: null

2018-12-04 11:07:38 - [TEST_STEP][PASSED] - Statement - Checker = com.kms.katalon.core.webui.keyword.WebUiBuiltInKeywords.verifyElementNotPresent("Final Object Repo/Landing Page/Select to English", 3): null

2018-12-04 11:07:38 - [TEST_STEP][PASSED] - Statement - Catch (Exception e): null

2018-12-04 11:07:38 - [TEST_STEP][PASSED] - Statement - e.printStackTrace(): null

2018-12-04 11:07:38 - [TEST_STEP][PASSED] - delay: Delayed 5 second(s)

2018-12-04 11:07:43 - [MESSAGE][PASSED] - Delayed 5 second(s)

2018-12-04 11:07:43 - [TEST_STEP][PASSED] - click: Object: 'Object Repository/Final Object Repo/Landing Page/My Sites Drop Down' is clicked on

2018-12-04 11:07:43 - [MESSAGE][PASSED] - Object: 'Object Repository/Final Object Repo/Landing Page/My Sites Drop Down' is clicked on

2018-12-04 11:07:43 - [TEST_STEP][PASSED] - click: Object: 'Object Repository/Final Object Repo/Landing Page/Select to Registration Module' is clicked on

2018-12-04 11:07:45 - [MESSAGE][PASSED] - Object: 'Object Repository/Final Object Repo/Landing Page/Select to Registration Module' is clicked on

2018-12-04 11:07:45 - [TEST_STEP][PASSED] - click: Object: 'Object Repository/Final Object Repo/Landing Page/Registration Button' is clicked on

2018-12-04 11:07:47 - [MESSAGE][PASSED] - Object: 'Object Repository/Final Object Repo/Landing Page/Registration Button' is clicked on

2018-12-04 11:07:47 - [TEST_STEP][PASSED] - delay: Delayed 2 second(s)

2018-12-04 11:07:49 - [MESSAGE][PASSED] - Delayed 2 second(s)

2018-12-04 11:07:49 - [TEST_STEP][PASSED] - click: Object: 'Object Repository/Final Object Repo/New Registration - Registration Module Pages/New Reg - OTC to RO/Special Case - OTC - Form 1/AEC NO' is clicked on

2018-12-04 11:07:49 - [MESSAGE][PASSED] - Object: 'Object Repository/Final Object Repo/New Registration - Registration Module Pages/New Reg - OTC to RO/Special Case - OTC - Form 1/AEC NO' is clicked on

2018-12-04 11:07:49 - [TEST_STEP][PASSED] - click: Object: 'Object Repository/Final Object Repo/New Registration - Registration Module Pages/New Reg - OTC to RO/Special Case - OTC - Form 1/Business Entity - Please Select' is clicked on

2018-12-04 11:07:49 - [MESSAGE][PASSED] - Object: 'Object Repository/Final Object Repo/New Registration - Registration Module Pages/New Reg - OTC to RO/Special Case - OTC - Form 1/Business Entity - Please Select' is clicked on

2018-12-04 11:07:49 - [TEST_STEP][PASSED] - click: Object: 'Object Repository/Final Object Repo/New Registration - Registration Module Pages/New Reg - OTC to RO/Special Case - OTC - Form 1/Selected - Corporation' is clicked on

2018-12-04 11:07:50 - [MESSAGE][PASSED] - Object: 'Object Repository/Final Object Repo/New Registration - Registration Module Pages/New Reg - OTC to RO/Special Case - OTC - Form 1/Selected - Corporation' is clicked on

2018-12-04 11:07:50 - [TEST_STEP][PASSED] - delay: Delayed 2 second(s)

2018-12-04 11:07:52 - [MESSAGE][PASSED] - Delayed 2 second(s)

2018-12-04 11:07:52 - [TEST_STEP][PASSED] - click: Object: 'Object Repository/Final Object Repo/New Registration - Registration Module Pages/New Reg - OTC to RO/Special Case - OTC - Form 1/Sub Business Entity - Please Select' is clicked on

2018-12-04 11:07:52 - [MESSAGE][PASSED] - Object: 'Object Repository/Final Object Repo/New Registration - Registration Module Pages/New Reg - OTC to RO/Special Case - OTC - Form 1/Sub Business Entity - Please Select' is clicked on

2018-12-04 11:07:52 - [TEST_STEP][PASSED] - delay: Delayed 2 second(s)

2018-12-04 11:07:54 - [MESSAGE][PASSED] - Delayed 2 second(s)

2018-12-04 11:07:54 - [TEST_STEP][PASSED] - click: Object: 'Object Repository/Final Object Repo/New Registration - Registration Module Pages/New Reg - OTC to RO/Special Case - OTC - Form 1/Selected - Sendirian Berhad' is clicked on

2018-12-04 11:07:54 - [MESSAGE][PASSED] - Object: 'Object Repository/Final Object Repo/New Registration - Registration Module Pages/New Reg - OTC to RO/Special Case - OTC - Form 1/Selected - Sendirian Berhad' is clicked on

2018-12-04 11:07:54 - [TEST_STEP][PASSED] - setText: Text 'AUTOMATE001' is set on object 'Object Repository/Final Object Repo/New Registration - Registration Module Pages/New Reg - OTC to RO/Special Case - OTC - Form 1/Input BRN Number'

2018-12-04 11:07:55 - [MESSAGE][PASSED] - Text 'AUTOMATE001' is set on object 'Object Repository/Final Object Repo/New Registration - Registration Module Pages/New Reg - OTC to RO/Special Case - OTC - Form 1/Input BRN Number'

2018-12-04 11:07:55 - [TEST_STEP][PASSED] - delay: Delayed 2 second(s)

2018-12-04 11:07:57 - [MESSAGE][PASSED] - Delayed 2 second(s)

2018-12-04 11:07:57 - [TEST_STEP][PASSED] - click: Object: 'Object Repository/Final Object Repo/New Registration - Registration Module Pages/New Reg - OTC to RO/Special Case - OTC - Form 1/BRN Search' is clicked on

2018-12-04 11:07:57 - [MESSAGE][PASSED] - Object: 'Object Repository/Final Object Repo/New Registration - Registration Module Pages/New Reg - OTC to RO/Special Case - OTC - Form 1/BRN Search' is clicked on

2018-12-04 11:07:57 - [TEST_STEP][PASSED] - delay: Delayed 4 second(s)

2018-12-04 11:08:01 - [MESSAGE][PASSED] - Delayed 4 second(s)

2018-12-04 11:08:01 - [TEST_STEP][PASSED] - click: Object: 'Object Repository/Final Object Repo/New Registration - Registration Module Pages/New Reg - OTC to RO/Special Case - OTC - Form 1/Registered with SSM - After Feb 2017' is clicked on

2018-12-04 11:08:01 - [MESSAGE][PASSED] - Object: 'Object Repository/Final Object Repo/New Registration - Registration Module Pages/New Reg - OTC to RO/Special Case - OTC - Form 1/Registered with SSM - After Feb 2017' is clicked on

2018-12-04 11:08:01 - [TEST_STEP][PASSED] - delay: Delayed 2 second(s)

2018-12-04 11:08:03 - [MESSAGE][PASSED] - Delayed 2 second(s)

2018-12-04 11:08:03 - [TEST_STEP][PASSED] - click: Object: 'Object Repository/Final Object Repo/New Registration - Registration Module Pages/New Reg - OTC to RO/Special Case - OTC - Form 1/Registering As A Branch - No' is clicked on

2018-12-04 11:08:03 - [MESSAGE][PASSED] - Object: 'Object Repository/Final Object Repo/New Registration - Registration Module Pages/New Reg - OTC to RO/Special Case - OTC - Form 1/Registering As A Branch - No' is clicked on

2018-12-04 11:08:03 - [TEST_STEP][PASSED] - click: Object: 'Object Repository/Final Object Repo/New Registration - Registration Module Pages/New Reg - OTC to RO/Special Case - OTC - Form 1/Acknowledgement Ticked' is clicked on

2018-12-04 11:08:03 - [MESSAGE][PASSED] - Object: 'Object Repository/Final Object Repo/New Registration - Registration Module Pages/New Reg - OTC to RO/Special Case - OTC - Form 1/Acknowledgement Ticked' is clicked on

2018-12-04 11:08:03 - [TEST_STEP][PASSED] - click: Object: 'Object Repository/Final Object Repo/New Registration - Registration Module Pages/New Reg - OTC to RO/Special Case - OTC - Form 1/Submit Button' is clicked on

2018-12-04 11:08:04 - [MESSAGE][PASSED] - Object: 'Object Repository/Final Object Repo/New Registration - Registration Module Pages/New Reg - OTC to RO/Special Case - OTC - Form 1/Submit Button' is clicked on

2018-12-04 11:08:04 - [TEST_STEP][PASSED] - delay: Delayed 2 second(s)

2018-12-04 11:08:06 - [MESSAGE][PASSED] - Delayed 2 second(s)

2018-12-04 11:08:06 - [TEST_STEP][PASSED] - click: Object: 'Object Repository/Final Object Repo/New Registration - Registration Module Pages/New Reg - OTC to RO/Special Case - OTC - Form 1/Confirm No Flagging as Branch' is clicked on

2018-12-04 11:08:06 - [MESSAGE][PASSED] - Object: 'Object Repository/Final Object Repo/New Registration - Registration Module Pages/New Reg - OTC to RO/Special Case - OTC - Form 1/Confirm No Flagging as Branch' is clicked on

2018-12-04 11:08:06 - [MESSAGE][PASSED] - Call Test Case 'Test Cases/Final Aug 2018 - PKS Automation/Registration Module/Workflow/New Registration/Template/Special Case - Employer - Form 1' successfully

2018-12-04 11:08:06 - [TEST_STEP][PASSED] - callTestCase: Call Test Case 'Test Cases/Final Aug 2018 - PKS Automation/Registration Module/New Registration/Form 2/Add 1 Eligible - Employer Account Use' successfully

2018-12-04 11:08:06 - [TEST_CASE][PASSED] - Test Cases/Final Aug 2018 - PKS Automation/Registration Module/New Registration/Form 2/Add 1 Eligible - Employer Account Use: Test Cases/Final Aug 2018 - PKS Automation/Registration Module/New Registration/Form 2/Add 1 Eligible - Employer Account Use

2018-12-04 11:08:06 - [TEST_STEP][PASSED] - delay: Delayed 2 second(s)

2018-12-04 11:08:08 - [MESSAGE][PASSED] - Delayed 2 second(s)

2018-12-04 11:08:08 - [TEST_STEP][PASSED] - callTestCase: Call Test Case 'Test Cases/Final Aug 2018 - PKS Automation/Registration Module/New Registration/Form 2/Date Updater' successfully

2018-12-04 11:08:08 - [TEST_CASE][PASSED] - Test Cases/Final Aug 2018 - PKS Automation/Registration Module/New Registration/Form 2/Date Updater: Test Cases/Final Aug 2018 - PKS Automation/Registration Module/New Registration/Form 2/Date Updater

2018-12-04 11:08:08 - [TEST_STEP][PASSED] - Statement - TodayDate = new java.util.Date(): null

2018-12-04 11:08:08 - [TEST_STEP][PASSED] - Statement - CurrentDateNoFilter = new java.text.SimpleDateFormat(): null

2018-12-04 11:08:08 - [TEST_STEP][PASSED] - Statement - CurrentDateNoFilter.applyPattern("MM"): null

2018-12-04 11:08:08 - [TEST_STEP][PASSED] - Statement - monthContainerMatcher = java.lang.Integer.parseInt(CurrentDateNoFilter.format(TodayDate)): null

2018-12-04 11:08:08 - [TEST_STEP][PASSED] - Statement - monthContainerMatcher = monthContainerMatcher - 1: null

2018-12-04 11:08:08 - [TEST_STEP][PASSED] - Statement - CurrentMonth = monthContainerMatcher.toString(): null

2018-12-04 11:08:08 - [TEST_STEP][PASSED] - Statement - CurrentMonth = CurrentMonth: null

2018-12-04 11:08:08 - [TEST_STEP][PASSED] - Statement - CurrentDateNoFilter.applyPattern("yyyy"): null

2018-12-04 11:08:08 - [TEST_STEP][PASSED] - Statement - CurrentYear = CurrentDateNoFilter.format(TodayDate): null

2018-12-04 11:08:08 - [TEST_STEP][PASSED] - Statement - CurrentYear = CurrentYear: null

2018-12-04 11:08:08 - [TEST_STEP][PASSED] - Statement - intCurrentYear = java.lang.Integer.parseInt(CurrentDateNoFilter.format(TodayDate)): null

2018-12-04 11:08:08 - [TEST_STEP][PASSED] - Statement - eighteenYrsAgo = intCurrentYear - 18: null

2018-12-04 11:08:08 - [TEST_STEP][PASSED] - Statement - eighteenYrsBeforeThisYr = eighteenYrsAgo.toString(): null

2018-12-04 11:08:08 - [TEST_STEP][PASSED] - Statement - EighteenYrsBefore = eighteenYrsBeforeThisYr: null

2018-12-04 11:08:08 - [TEST_STEP][PASSED] - Statement - fiftysevenYrsAgo = intCurrentYear - 57: null

2018-12-04 11:08:08 - [TEST_STEP][PASSED] - Statement - fiftysevenYrsBeforeThisYr = fiftysevenYrsAgo.toString(): null

2018-12-04 11:08:08 - [TEST_STEP][PASSED] - Statement - FiftysevenYrsBefore = fiftysevenYrsBeforeThisYr: null

2018-12-04 11:08:08 - [TEST_STEP][PASSED] - Statement - leapYear = false: null

2018-12-04 11:08:08 - [TEST_STEP][PASSED] - Statement - leapYear = intCurrentYear % 4 == 0: null

2018-12-04 11:08:08 - [TEST_STEP][PASSED] - Statement - CurrentDateNoFilter.applyPattern("dd"): null

2018-12-04 11:08:08 - [TEST_STEP][PASSED] - Statement - CurrentDate = CurrentDateNoFilter.format(TodayDate): null

2018-12-04 11:08:08 - [TEST_STEP][PASSED] - Statement - CurrentDate = java.lang.Integer.parseInt(CurrentDate): null

2018-12-04 11:08:08 - [TEST_STEP][PASSED] - Statement - CurrentDate = CurrentDate: null

2018-12-04 11:08:08 - [TEST_STEP][PASSED] - Statement - CurrentDay = java.lang.Integer.parseInt(CurrentDate): null

2018-12-04 11:08:08 - [TEST_STEP][PASSED] - Statement - ConfAdder = <not implemented yet for class: org.codehaus.groovy.ast.expr.EmptyExpression>: null

2018-12-04 11:08:08 - [TEST_STEP][PASSED] - Statement - switch (CurrentDate): null

2018-12-04 11:08:08 - [TEST_STEP][PASSED] - Statement - Default: null

2018-12-04 11:08:08 - [TEST_STEP][PASSED] - Statement - ConfAdder = false: null

2018-12-04 11:08:08 - [TEST_STEP][PASSED] - Statement - Break: null

2018-12-04 11:08:08 - [TEST_STEP][PASSED] - Statement - aDayBefore = <not implemented yet for class: org.codehaus.groovy.ast.expr.EmptyExpression>: null

2018-12-04 11:08:08 - [TEST_STEP][PASSED] - Statement - If (ConfAdder == true): null

2018-12-04 11:08:08 - [TEST_STEP][PASSED] - Statement - Else: null

2018-12-04 11:08:08 - [TEST_STEP][PASSED] - Statement - aDayBefore = 1: null

2018-12-04 11:08:08 - [TEST_STEP][PASSED] - Statement - If (aDayBefore == 1 && CurrentMonth == 11): null

2018-12-04 11:08:08 - [TEST_STEP][PASSED] - Statement - DayBefore = aDayBefore.toString(): null

2018-12-04 11:08:08 - [TEST_STEP][PASSED] - Statement - OneDayBefore = DayBefore: null

2018-12-04 11:08:10 - [MESSAGE][PASSED] - Call Test Case 'Test Cases/Final Aug 2018 - PKS Automation/Registration Module/New Registration/Form 2/Date Updater' successfully

2018-12-04 11:08:10 - [TEST_STEP][PASSED] - delay: Delayed 1 second(s)

2018-12-04 11:08:11 - [MESSAGE][PASSED] - Delayed 1 second(s)

2018-12-04 11:08:11 - [TEST_STEP][PASSED] - Statement - CaseReferenceNo = com.kms.katalon.core.webui.keyword.WebUiBuiltInKeywords.getText(com.kms.katalon.core.testobject.ObjectRepository.findTestObject(Final Object Repo/New Registration - Registration Module Pages/Form 2/RefNo Acquiring)): Text of object 'Object Repository/Final Object Repo/New Registration - Registration Module Pages/Form 2/RefNo Acquiring' is: 'CRN12201800122970'

2018-12-04 11:08:11 - [MESSAGE][PASSED] - Text of object 'Object Repository/Final Object Repo/New Registration - Registration Module Pages/Form 2/RefNo Acquiring' is: 'CRN12201800122970'

2018-12-04 11:08:11 - [TEST_STEP][PASSED] - delay: Delayed 1 second(s)

2018-12-04 11:08:12 - [MESSAGE][PASSED] - Delayed 1 second(s)

2018-12-04 11:08:12 - [TEST_STEP][PASSED] - click: Object: 'Object Repository/Final Object Repo/New Registration - Registration Module Pages/Form 2/Add Employee Button' is clicked on

2018-12-04 11:08:12 - [MESSAGE][PASSED] - Object: 'Object Repository/Final Object Repo/New Registration - Registration Module Pages/Form 2/Add Employee Button' is clicked on

2018-12-04 11:08:12 - [TEST_STEP][PASSED] - delay: Delayed 1 second(s)

2018-12-04 11:08:13 - [MESSAGE][PASSED] - Delayed 1 second(s)

2018-12-04 11:08:13 - [TEST_STEP][PASSED] - setText: Text '010903091948' is set on object 'Object Repository/Final Object Repo/New Registration - Registration Module Pages/Form 2/NRIC Input'

2018-12-04 11:08:13 - [MESSAGE][PASSED] - Text '010903091948' is set on object 'Object Repository/Final Object Repo/New Registration - Registration Module Pages/Form 2/NRIC Input'

2018-12-04 11:08:13 - [TEST_STEP][PASSED] - delay: Delayed 2 second(s)

2018-12-04 11:08:15 - [MESSAGE][PASSED] - Delayed 2 second(s)

2018-12-04 11:08:15 - [TEST_STEP][PASSED] - setText: Text 'Automate001 eligible 1' is set on object 'Object Repository/Final Object Repo/New Registration - Registration Module Pages/Form 2/Employee Name Input'

2018-12-04 11:08:16 - [MESSAGE][PASSED] - Text 'Automate001 eligible 1' is set on object 'Object Repository/Final Object Repo/New Registration - Registration Module Pages/Form 2/Employee Name Input'

2018-12-04 11:08:16 - [TEST_STEP][PASSED] - delay: Delayed 2 second(s)

2018-12-04 11:08:18 - [MESSAGE][PASSED] - Delayed 2 second(s)

2018-12-04 11:08:18 - [TEST_STEP][PASSED] - click: Object: 'Object Repository/Final Object Repo/New Registration - Registration Module Pages/Form 2/DatePicker Pop Up' is clicked on

2018-12-04 11:08:18 - [MESSAGE][PASSED] - Object: 'Object Repository/Final Object Repo/New Registration - Registration Module Pages/Form 2/DatePicker Pop Up' is clicked on

2018-12-04 11:08:18 - [TEST_STEP][PASSED] - click: Object: 'Object Repository/Final Object Repo/New Registration - Registration Module Pages/Form 2/DOB Month' is clicked on

2018-12-04 11:08:19 - [MESSAGE][PASSED] - Object: 'Object Repository/Final Object Repo/New Registration - Registration Module Pages/Form 2/DOB Month' is clicked on

2018-12-04 11:08:19 - [TEST_STEP][PASSED] - Statement - CurrentMonth = CurrentMonth: null

2018-12-04 11:08:19 - [TEST_STEP][PASSED] - Statement - selectMonth = new com.kms.katalon.core.testobject.TestObject(): null

2018-12-04 11:08:19 - [TEST_STEP][PASSED] - Statement - selectMonth.addProperty("xpath", EQUALS, "//body/div/div/div/select/option[@value='" + CurrentMonth + "']", true): null

2018-12-04 11:08:19 - [TEST_STEP][PASSED] - click: Object: '' is clicked on

2018-12-04 11:08:19 - [MESSAGE][PASSED] - Object: '' is clicked on

2018-12-04 11:08:19 - [TEST_STEP][PASSED] - click: Object: 'Object Repository/Final Object Repo/New Registration - Registration Module Pages/Form 2/DOB Year' is clicked on

2018-12-04 11:08:19 - [MESSAGE][PASSED] - Object: 'Object Repository/Final Object Repo/New Registration - Registration Module Pages/Form 2/DOB Year' is clicked on

2018-12-04 11:08:19 - [TEST_STEP][PASSED] - Statement - Eyearsbf = EighteenYrsBefore: null

2018-12-04 11:08:19 - [TEST_STEP][PASSED] - Statement - selectYear = new com.kms.katalon.core.testobject.TestObject(): null

2018-12-04 11:08:19 - [TEST_STEP][PASSED] - Statement - selectYear.addProperty("xpath", EQUALS, "//div/div/div/select/option[@value='" + Eyearsbf + "']", true): null

2018-12-04 11:08:19 - [TEST_STEP][PASSED] - click: Object: '' is clicked on

2018-12-04 11:08:19 - [MESSAGE][PASSED] - Object: '' is clicked on

2018-12-04 11:08:19 - [TEST_STEP][PASSED] - Statement - UpdatedSelectDate = com.kms.katalon.core.webui.keyword.WebUiBuiltInKeywords.modifyObjectProperty(com.kms.katalon.core.testobject.ObjectRepository.findTestObject(Final Object Repo/New Registration - Registration Module Pages/Form 2/DOB Date), "xpath", "equals", "//body/div/table/tbody/tr/td/a[text()="" + CurrentDate + ""]", true): Modify property of object successfully

2018-12-04 11:08:19 - [MESSAGE][PASSED] - Modify property of object successfully

2018-12-04 11:08:19 - [TEST_STEP][PASSED] - delay: Delayed 3 second(s)

2018-12-04 11:08:22 - [MESSAGE][PASSED] - Delayed 3 second(s)

2018-12-04 11:08:22 - [TEST_STEP][PASSED] - click: Object: 'Object Repository/Final Object Repo/New Registration - Registration Module Pages/Form 2/DOB Date' is clicked on

2018-12-04 11:08:22 - [MESSAGE][PASSED] - Object: 'Object Repository/Final Object Repo/New Registration - Registration Module Pages/Form 2/DOB Date' is clicked on

2018-12-04 11:08:22 - [TEST_STEP][PASSED] - delay: Delayed 2 second(s)

2018-12-04 11:08:24 - [MESSAGE][PASSED] - Delayed 2 second(s)

2018-12-04 11:08:24 - [TEST_STEP][PASSED] - click: Object: 'Object Repository/Final Object Repo/New Registration - Registration Module Pages/Form 2/EmploymentStartDate Pop Up' is clicked on

2018-12-04 11:08:24 - [MESSAGE][PASSED] - Object: 'Object Repository/Final Object Repo/New Registration - Registration Module Pages/Form 2/EmploymentStartDate Pop Up' is clicked on

2018-12-04 11:08:24 - [TEST_STEP][PASSED] - delay: Delayed 2 second(s)

2018-12-04 11:08:26 - [MESSAGE][PASSED] - Delayed 2 second(s)

2018-12-04 11:08:26 - [TEST_STEP][PASSED] - click: Object: 'Object Repository/Final Object Repo/New Registration - Registration Module Pages/Form 2/Socso Employment StartDate Month' is clicked on

2018-12-04 11:08:27 - [MESSAGE][PASSED] - Object: 'Object Repository/Final Object Repo/New Registration - Registration Module Pages/Form 2/Socso Employment StartDate Month' is clicked on

2018-12-04 11:08:27 - [TEST_STEP][PASSED] - delay: Delayed 1 second(s)

2018-12-04 11:08:28 - [MESSAGE][PASSED] - Delayed 1 second(s)

2018-12-04 11:08:28 - [TEST_STEP][PASSED] - click: Object: 'Object Repository/Final Object Repo/New Registration - Registration Module Pages/Form 2/Select Socso Employement Startdate Month' is clicked on

2018-12-04 11:08:28 - [MESSAGE][PASSED] - Object: 'Object Repository/Final Object Repo/New Registration - Registration Module Pages/Form 2/Select Socso Employement Startdate Month' is clicked on

2018-12-04 11:08:28 - [TEST_STEP][PASSED] - delay: Delayed 2 second(s)

2018-12-04 11:08:30 - [MESSAGE][PASSED] - Delayed 2 second(s)

2018-12-04 11:08:30 - [TEST_STEP][PASSED] - click: Object: 'Object Repository/Final Object Repo/New Registration - Registration Module Pages/Form 2/Socso Employment StartDate Year' is clicked on

2018-12-04 11:08:30 - [MESSAGE][PASSED] - Object: 'Object Repository/Final Object Repo/New Registration - Registration Module Pages/Form 2/Socso Employment StartDate Year' is clicked on

2018-12-04 11:08:30 - [TEST_STEP][PASSED] - delay: Delayed 1 second(s)

2018-12-04 11:08:31 - [MESSAGE][PASSED] - Delayed 1 second(s)

2018-12-04 11:08:31 - [TEST_STEP][PASSED] - click: Object: 'Object Repository/Final Object Repo/New Registration - Registration Module Pages/Form 2/Select Socso Employment Startdate Year' is clicked on

2018-12-04 11:08:31 - [MESSAGE][PASSED] - Object: 'Object Repository/Final Object Repo/New Registration - Registration Module Pages/Form 2/Select Socso Employment Startdate Year' is clicked on

2018-12-04 11:08:31 - [TEST_STEP][PASSED] - delay: Delayed 2 second(s)

2018-12-04 11:08:33 - [MESSAGE][PASSED] - Delayed 2 second(s)

2018-12-04 11:08:33 - [TEST_STEP][PASSED] - click: Object: 'Object Repository/Final Object Repo/New Registration - Registration Module Pages/Form 2/Socso Employment Start Date Day' is clicked on

2018-12-04 11:08:33 - [MESSAGE][PASSED] - Object: 'Object Repository/Final Object Repo/New Registration - Registration Module Pages/Form 2/Socso Employment Start Date Day' is clicked on

2018-12-04 11:08:33 - [TEST_STEP][PASSED] - delay: Delayed 2 second(s)

2018-12-04 11:08:35 - [MESSAGE][PASSED] - Delayed 2 second(s)

2018-12-04 11:08:35 - [TEST_STEP][PASSED] - click: Object: 'Object Repository/Final Object Repo/New Registration - Registration Module Pages/Form 2/Save Button for Add Employee' is clicked on

2018-12-04 11:08:36 - [MESSAGE][PASSED] - Object: 'Object Repository/Final Object Repo/New Registration - Registration Module Pages/Form 2/Save Button for Add Employee' is clicked on

2018-12-04 11:08:36 - [TEST_STEP][PASSED] - delay: Delayed 6 second(s)

2018-12-04 11:08:42 - [MESSAGE][PASSED] - Delayed 6 second(s)

2018-12-04 11:08:42 - [TEST_STEP][PASSED] - click: Object: 'Object Repository/Final Object Repo/New Registration - Registration Module Pages/Form 2/Save and Continue Form 2' is clicked on

2018-12-04 11:08:42 - [MESSAGE][PASSED] - Object: 'Object Repository/Final Object Repo/New Registration - Registration Module Pages/Form 2/Save and Continue Form 2' is clicked on

2018-12-04 11:08:42 - [MESSAGE][PASSED] - Call Test Case 'Test Cases/Final Aug 2018 - PKS Automation/Registration Module/New Registration/Form 2/Add 1 Eligible - Employer Account Use' successfully

2018-12-04 11:08:42 - [TEST_STEP][PASSED] - callTestCase: Call Test Case 'Test Cases/Final Aug 2018 - PKS Automation/Registration Module/New Registration/Flow of New Registration/Third Screen - Upload Supporting Doc - Preview' successfully

2018-12-04 11:08:42 - [TEST_CASE][PASSED] - Test Cases/Final Aug 2018 - PKS Automation/Registration Module/New Registration/Flow of New Registration/Third Screen - Upload Supporting Doc - Preview: Test Cases/Final Aug 2018 - PKS Automation/Registration Module/New Registration/Flow of New Registration/Third Screen - Upload Supporting Doc - Preview

2018-12-04 11:08:42 - [TEST_STEP][PASSED] - waitForPageLoad: Wait for page load successfully

2018-12-04 11:08:43 - [MESSAGE][PASSED] - Wait for page load successfully

2018-12-04 11:08:43 - [TEST_STEP][PASSED] - Statement - CaseReferenceNo = com.kms.katalon.core.webui.keyword.WebUiBuiltInKeywords.getText(com.kms.katalon.core.testobject.ObjectRepository.findTestObject(Final Object Repo/New Registration - Registration Module Pages/Third Screen - Upload Supporting Doc- Preview/RefNo Acquiring)): Text of object 'Object Repository/Final Object Repo/New Registration - Registration Module Pages/Third Screen - Upload Supporting Doc- Preview/RefNo Acquiring' is: 'CRN12201800122970'

2018-12-04 11:08:43 - [MESSAGE][PASSED] - Text of object 'Object Repository/Final Object Repo/New Registration - Registration Module Pages/Third Screen - Upload Supporting Doc- Preview/RefNo Acquiring' is: 'CRN12201800122970'

2018-12-04 11:08:43 - [TEST_STEP][PASSED] - delay: Delayed 2 second(s)

2018-12-04 11:08:45 - [MESSAGE][PASSED] - Delayed 2 second(s)

2018-12-04 11:08:45 - [TEST_STEP][PASSED] - callTestCase: Call Test Case 'Test Cases/Final Aug 2018 - PKS Automation/Common/Reference Number Setter' successfully

2018-12-04 11:08:45 - [TEST_CASE][PASSED] - Test Cases/Final Aug 2018 - PKS Automation/Common/Reference Number Setter: Test Cases/Final Aug 2018 - PKS Automation/Common/Reference Number Setter

2018-12-04 11:08:45 - [TEST_STEP][PASSED] - Statement - RefNoOldFile = new java.io.File(C://Users//Admin//Desktop//PKS//Automation Reference Point//KatalonReference.txt): null

2018-12-04 11:08:45 - [TEST_STEP][PASSED] - Statement - RefNoOldFile.delete(): null

2018-12-04 11:08:45 - [TEST_STEP][PASSED] - delay: Delayed 5 second(s)

2018-12-04 11:08:50 - [MESSAGE][PASSED] - Delayed 5 second(s)

2018-12-04 11:08:50 - [TEST_STEP][PASSED] - Statement - RefNo = new java.io.File(C://Users//Admin//Desktop//PKS//Automation Reference Point//KatalonReference.txt): null

2018-12-04 11:08:50 - [TEST_STEP][PASSED] - Statement - f2 = new java.io.FileWriter(RefNo, false): null

2018-12-04 11:08:50 - [TEST_STEP][PASSED] - Statement - f2.write(CaseReferenceNo): null

2018-12-04 11:08:50 - [TEST_STEP][PASSED] - Statement - f2.close(): null

2018-12-04 11:08:50 - [TEST_STEP][PASSED] - Statement - out.println("


" + CaseReferenceNo + "


"): null

2018-12-04 11:08:50 - [MESSAGE][PASSED] - Call Test Case 'Test Cases/Final Aug 2018 - PKS Automation/Common/Reference Number Setter' successfully

2018-12-04 11:08:50 - [TEST_STEP][PASSED] - waitForElementClickable: Object 'Object Repository/Final Object Repo/New Registration - Registration Module Pages/Third Screen - Upload Supporting Doc- Preview/Save n Continue in SIP Employee Listing Page' is clickable

2018-12-04 11:08:50 - [MESSAGE][PASSED] - Object 'Object Repository/Final Object Repo/New Registration - Registration Module Pages/Third Screen - Upload Supporting Doc- Preview/Save n Continue in SIP Employee Listing Page' is clickable

2018-12-04 11:08:50 - [TEST_STEP][PASSED] - click: Object: 'Object Repository/Final Object Repo/New Registration - Registration Module Pages/Third Screen - Upload Supporting Doc- Preview/Save n Continue in SIP Employee Listing Page' is clicked on

2018-12-04 11:08:55 - [MESSAGE][PASSED] - Object: 'Object Repository/Final Object Repo/New Registration - Registration Module Pages/Third Screen - Upload Supporting Doc- Preview/Save n Continue in SIP Employee Listing Page' is clicked on

2018-12-04 11:08:55 - [TEST_STEP][PASSED] - delay: Delayed 7 second(s)

2018-12-04 11:09:02 - [MESSAGE][PASSED] - Delayed 7 second(s)

2018-12-04 11:09:02 - [TEST_STEP][PASSED] - click: Object: 'Object Repository/Final Object Repo/New Registration - Registration Module Pages/Third Screen - Upload Supporting Doc- Preview/Add Document Button' is clicked on

2018-12-04 11:09:03 - [MESSAGE][PASSED] - Object: 'Object Repository/Final Object Repo/New Registration - Registration Module Pages/Third Screen - Upload Supporting Doc- Preview/Add Document Button' is clicked on

2018-12-04 11:09:03 - [TEST_STEP][PASSED] - delay: Delayed 30 second(s)

2018-12-04 11:09:33 - [MESSAGE][PASSED] - Delayed 30 second(s)

2018-12-04 11:09:33 - [TEST_STEP][PASSED] - click: Object: 'Object Repository/Final Object Repo/New Registration - Registration Module Pages/Third Screen - Upload Supporting Doc- Preview/Supporting Doc Please Select Drop Down' is clicked on

2018-12-04 11:09:33 - [MESSAGE][PASSED] - Object: 'Object Repository/Final Object Repo/New Registration - Registration Module Pages/Third Screen - Upload Supporting Doc- Preview/Supporting Doc Please Select Drop Down' is clicked on

2018-12-04 11:09:33 - [TEST_STEP][PASSED] - delay: Delayed 2 second(s)

2018-12-04 11:09:35 - [MESSAGE][PASSED] - Delayed 2 second(s)

2018-12-04 11:09:35 - [TEST_STEP][PASSED] - click: Object: 'Object Repository/Final Object Repo/New Registration - Registration Module Pages/Third Screen - Upload Supporting Doc- Preview/Select to Upload Form 1' is clicked on

2018-12-04 11:09:35 - [MESSAGE][PASSED] - Object: 'Object Repository/Final Object Repo/New Registration - Registration Module Pages/Third Screen - Upload Supporting Doc- Preview/Select to Upload Form 1' is clicked on

2018-12-04 11:09:35 - [TEST_STEP][PASSED] - delay: Delayed 2 second(s)

2018-12-04 11:09:37 - [MESSAGE][PASSED] - Delayed 2 second(s)

2018-12-04 11:09:37 - [TEST_STEP][PASSED] - uploadFile: File 'C:\Users\Public\Pictures\Sample Pictures\Koala.jpg' sent to object: 'Object Repository/Final Object Repo/New Registration - Registration Module Pages/Third Screen - Upload Supporting Doc- Preview/Upload File Adding'

2018-12-04 11:09:37 - [MESSAGE][PASSED] - File 'C:\Users\Public\Pictures\Sample Pictures\Koala.jpg' sent to object: 'Object Repository/Final Object Repo/New Registration - Registration Module Pages/Third Screen - Upload Supporting Doc- Preview/Upload File Adding'

2018-12-04 11:09:37 - [TEST_STEP][PASSED] - delay: Delayed 5 second(s)

2018-12-04 11:09:42 - [MESSAGE][PASSED] - Delayed 5 second(s)

2018-12-04 11:09:42 - [TEST_STEP][PASSED] - click: Object: 'Object Repository/Final Object Repo/New Registration - Registration Module Pages/Third Screen - Upload Supporting Doc- Preview/Inner Form Add Document Button' is clicked on

2018-12-04 11:09:42 - [MESSAGE][PASSED] - Object: 'Object Repository/Final Object Repo/New Registration - Registration Module Pages/Third Screen - Upload Supporting Doc- Preview/Inner Form Add Document Button' is clicked on

2018-12-04 11:09:42 - [TEST_STEP][PASSED] - delay: Delayed 3 second(s)

2018-12-04 11:09:45 - [MESSAGE][PASSED] - Delayed 3 second(s)

2018-12-04 11:09:45 - [TEST_STEP][PASSED] - click: Object: 'Object Repository/Final Object Repo/New Registration - Registration Module Pages/Third Screen - Upload Supporting Doc- Preview/Add Document Button' is clicked on

2018-12-04 11:09:47 - [MESSAGE][PASSED] - Object: 'Object Repository/Final Object Repo/New Registration - Registration Module Pages/Third Screen - Upload Supporting Doc- Preview/Add Document Button' is clicked on

2018-12-04 11:09:47 - [TEST_STEP][PASSED] - delay: Delayed 30 second(s)

2018-12-04 11:10:17 - [MESSAGE][PASSED] - Delayed 30 second(s)

2018-12-04 11:10:17 - [TEST_STEP][PASSED] - click: Object: 'Object Repository/Final Object Repo/New Registration - Registration Module Pages/Third Screen - Upload Supporting Doc- Preview/Supporting Doc Please Select Drop Down' is clicked on

2018-12-04 11:10:17 - [MESSAGE][PASSED] - Object: 'Object Repository/Final Object Repo/New Registration - Registration Module Pages/Third Screen - Upload Supporting Doc- Preview/Supporting Doc Please Select Drop Down' is clicked on

2018-12-04 11:10:17 - [TEST_STEP][PASSED] - delay: Delayed 2 second(s)

2018-12-04 11:10:19 - [MESSAGE][PASSED] - Delayed 2 second(s)

2018-12-04 11:10:19 - [TEST_STEP][PASSED] - click: Object: 'Object Repository/Final Object Repo/New Registration - Registration Module Pages/Third Screen - Upload Supporting Doc- Preview/Select to Upload Form 2' is clicked on

2018-12-04 11:10:19 - [MESSAGE][PASSED] - Object: 'Object Repository/Final Object Repo/New Registration - Registration Module Pages/Third Screen - Upload Supporting Doc- Preview/Select to Upload Form 2' is clicked on

2018-12-04 11:10:19 - [TEST_STEP][PASSED] - delay: Delayed 2 second(s)

2018-12-04 11:10:21 - [MESSAGE][PASSED] - Delayed 2 second(s)

2018-12-04 11:10:21 - [TEST_STEP][PASSED] - uploadFile: File 'C:\Users\Public\Pictures\Sample Pictures\Koala.jpg' sent to object: 'Object Repository/Final Object Repo/New Registration - Registration Module Pages/Third Screen - Upload Supporting Doc- Preview/Upload File Adding'

2018-12-04 11:10:21 - [MESSAGE][PASSED] - File 'C:\Users\Public\Pictures\Sample Pictures\Koala.jpg' sent to object: 'Object Repository/Final Object Repo/New Registration - Registration Module Pages/Third Screen - Upload Supporting Doc- Preview/Upload File Adding'

2018-12-04 11:10:21 - [TEST_STEP][PASSED] - click: Object: 'Object Repository/Final Object Repo/New Registration - Registration Module Pages/Third Screen - Upload Supporting Doc- Preview/Inner Form Add Document Button' is clicked on

2018-12-04 11:10:21 - [MESSAGE][PASSED] - Object: 'Object Repository/Final Object Repo/New Registration - Registration Module Pages/Third Screen - Upload Supporting Doc- Preview/Inner Form Add Document Button' is clicked on

2018-12-04 11:10:21 - [TEST_STEP][PASSED] - delay: Delayed 5 second(s)

2018-12-04 11:10:26 - [MESSAGE][PASSED] - Delayed 5 second(s)

2018-12-04 11:10:26 - [TEST_STEP][PASSED] - click: Object: 'Object Repository/Final Object Repo/New Registration - Registration Module Pages/Third Screen - Upload Supporting Doc- Preview/Add Document Button' is clicked on

2018-12-04 11:10:27 - [MESSAGE][PASSED] - Object: 'Object Repository/Final Object Repo/New Registration - Registration Module Pages/Third Screen - Upload Supporting Doc- Preview/Add Document Button' is clicked on

2018-12-04 11:10:27 - [TEST_STEP][PASSED] - delay: Delayed 30 second(s)

2018-12-04 11:10:57 - [MESSAGE][PASSED] - Delayed 30 second(s)

2018-12-04 11:10:57 - [TEST_STEP][PASSED] - click: Object: 'Object Repository/Final Object Repo/New Registration - Registration Module Pages/Third Screen - Upload Supporting Doc- Preview/Supporting Doc Please Select Drop Down' is clicked on

2018-12-04 11:10:57 - [MESSAGE][PASSED] - Object: 'Object Repository/Final Object Repo/New Registration - Registration Module Pages/Third Screen - Upload Supporting Doc- Preview/Supporting Doc Please Select Drop Down' is clicked on

2018-12-04 11:10:57 - [TEST_STEP][PASSED] - click: Object: 'Object Repository/Final Object Repo/New Registration - Registration Module Pages/Third Screen - Upload Supporting Doc- Preview/Select to Upload Borang SIP 1' is clicked on

2018-12-04 11:10:57 - [MESSAGE][PASSED] - Object: 'Object Repository/Final Object Repo/New Registration - Registration Module Pages/Third Screen - Upload Supporting Doc- Preview/Select to Upload Borang SIP 1' is clicked on

2018-12-04 11:10:57 - [TEST_STEP][PASSED] - delay: Delayed 2 second(s)

2018-12-04 11:10:59 - [MESSAGE][PASSED] - Delayed 2 second(s)

2018-12-04 11:10:59 - [TEST_STEP][PASSED] - uploadFile: File 'C:\Users\Public\Pictures\Sample Pictures\Koala.jpg' sent to object: 'Object Repository/Final Object Repo/New Registration - Registration Module Pages/Third Screen - Upload Supporting Doc- Preview/Upload File Adding'

2018-12-04 11:10:59 - [MESSAGE][PASSED] - File 'C:\Users\Public\Pictures\Sample Pictures\Koala.jpg' sent to object: 'Object Repository/Final Object Repo/New Registration - Registration Module Pages/Third Screen - Upload Supporting Doc- Preview/Upload File Adding'

2018-12-04 11:10:59 - [TEST_STEP][PASSED] - click: Object: 'Object Repository/Final Object Repo/New Registration - Registration Module Pages/Third Screen - Upload Supporting Doc- Preview/Inner Form Add Document Button' is clicked on

2018-12-04 11:10:59 - [MESSAGE][PASSED] - Object: 'Object Repository/Final Object Repo/New Registration - Registration Module Pages/Third Screen - Upload Supporting Doc- Preview/Inner Form Add Document Button' is clicked on

2018-12-04 11:10:59 - [TEST_STEP][PASSED] - delay: Delayed 5 second(s)

2018-12-04 11:11:04 - [MESSAGE][PASSED] - Delayed 5 second(s)

2018-12-04 11:11:04 - [TEST_STEP][PASSED] - click: Object: 'Object Repository/Final Object Repo/New Registration - Registration Module Pages/Third Screen - Upload Supporting Doc- Preview/Add Document Button' is clicked on

2018-12-04 11:11:05 - [MESSAGE][PASSED] - Object: 'Object Repository/Final Object Repo/New Registration - Registration Module Pages/Third Screen - Upload Supporting Doc- Preview/Add Document Button' is clicked on

2018-12-04 11:11:05 - [TEST_STEP][PASSED] - delay: Delayed 30 second(s)

2018-12-04 11:11:35 - [MESSAGE][PASSED] - Delayed 30 second(s)

2018-12-04 11:11:35 - [TEST_STEP][PASSED] - click: Object: 'Object Repository/Final Object Repo/New Registration - Registration Module Pages/Third Screen - Upload Supporting Doc- Preview/Supporting Doc Please Select Drop Down' is clicked on

2018-12-04 11:11:35 - [MESSAGE][PASSED] - Object: 'Object Repository/Final Object Repo/New Registration - Registration Module Pages/Third Screen - Upload Supporting Doc- Preview/Supporting Doc Please Select Drop Down' is clicked on

2018-12-04 11:11:35 - [TEST_STEP][PASSED] - delay: Delayed 3 second(s)

2018-12-04 11:11:38 - [MESSAGE][PASSED] - Delayed 3 second(s)

2018-12-04 11:11:38 - [TEST_STEP][PASSED] - click: Object: 'Object Repository/Final Object Repo/New Registration - Registration Module Pages/Third Screen - Upload Supporting Doc- Preview/Select to Upload Borang SIP 2' is clicked on

2018-12-04 11:11:38 - [MESSAGE][PASSED] - Object: 'Object Repository/Final Object Repo/New Registration - Registration Module Pages/Third Screen - Upload Supporting Doc- Preview/Select to Upload Borang SIP 2' is clicked on

2018-12-04 11:11:38 - [TEST_STEP][PASSED] - delay: Delayed 2 second(s)

2018-12-04 11:11:40 - [MESSAGE][PASSED] - Delayed 2 second(s)

2018-12-04 11:11:40 - [TEST_STEP][PASSED] - uploadFile: File 'C:\Users\Public\Pictures\Sample Pictures\Koala.jpg' sent to object: 'Object Repository/Final Object Repo/New Registration - Registration Module Pages/Third Screen - Upload Supporting Doc- Preview/Upload File Adding'

2018-12-04 11:11:40 - [MESSAGE][PASSED] - File 'C:\Users\Public\Pictures\Sample Pictures\Koala.jpg' sent to object: 'Object Repository/Final Object Repo/New Registration - Registration Module Pages/Third Screen - Upload Supporting Doc- Preview/Upload File Adding'

2018-12-04 11:11:40 - [TEST_STEP][PASSED] - delay: Delayed 5 second(s)

2018-12-04 11:11:45 - [MESSAGE][PASSED] - Delayed 5 second(s)

2018-12-04 11:11:45 - [TEST_STEP][PASSED] - click: Object: 'Object Repository/Final Object Repo/New Registration - Registration Module Pages/Third Screen - Upload Supporting Doc- Preview/Inner Form Add Document Button' is clicked on

2018-12-04 11:11:45 - [MESSAGE][PASSED] - Object: 'Object Repository/Final Object Repo/New Registration - Registration Module Pages/Third Screen - Upload Supporting Doc- Preview/Inner Form Add Document Button' is clicked on

2018-12-04 11:11:45 - [TEST_STEP][PASSED] - delay: Delayed 3 second(s)

2018-12-04 11:11:48 - [MESSAGE][PASSED] - Delayed 3 second(s)

2018-12-04 11:11:48 - [TEST_STEP][PASSED] - waitForElementClickable: Object 'Object Repository/Final Object Repo/New Registration - Registration Module Pages/Third Screen - Upload Supporting Doc- Preview/Save n Continue in Uploading Supporting Doc Page' is clickable

2018-12-04 11:11:49 - [MESSAGE][PASSED] - Object 'Object Repository/Final Object Repo/New Registration - Registration Module Pages/Third Screen - Upload Supporting Doc- Preview/Save n Continue in Uploading Supporting Doc Page' is clickable

2018-12-04 11:11:49 - [TEST_STEP][PASSED] - click: Object: 'Object Repository/Final Object Repo/New Registration - Registration Module Pages/Third Screen - Upload Supporting Doc- Preview/Save n Continue in Uploading Supporting Doc Page' is clicked on

2018-12-04 11:11:50 - [MESSAGE][PASSED] - Object: 'Object Repository/Final Object Repo/New Registration - Registration Module Pages/Third Screen - Upload Supporting Doc- Preview/Save n Continue in Uploading Supporting Doc Page' is clicked on

2018-12-04 11:11:50 - [MESSAGE][PASSED] - Call Test Case 'Test Cases/Final Aug 2018 - PKS Automation/Registration Module/New Registration/Flow of New Registration/Third Screen - Upload Supporting Doc - Preview' successfully

2018-12-04 11:11:50 - [TEST_STEP][PASSED] - setText: Text 'Tester' is set on object 'Object Repository/Final Object Repo/New Registration - Registration Module Pages/New Reg - OTC to RO/Special Case - All Related Objects/Employer Preview Name'

2018-12-04 11:11:55 - [MESSAGE][PASSED] - Text 'Tester' is set on object 'Object Repository/Final Object Repo/New Registration - Registration Module Pages/New Reg - OTC to RO/Special Case - All Related Objects/Employer Preview Name'

2018-12-04 11:11:55 - [TEST_STEP][PASSED] - click: Object: 'Object Repository/Final Object Repo/New Registration - Registration Module Pages/New Reg - OTC to RO/Special Case - All Related Objects/IC Type Drop Down' is clicked on

2018-12-04 11:11:55 - [MESSAGE][PASSED] - Object: 'Object Repository/Final Object Repo/New Registration - Registration Module Pages/New Reg - OTC to RO/Special Case - All Related Objects/IC Type Drop Down' is clicked on

2018-12-04 11:11:55 - [TEST_STEP][PASSED] - click: Object: 'Object Repository/Final Object Repo/New Registration - Registration Module Pages/New Reg - OTC to RO/Special Case - All Related Objects/Select to NRIC' is clicked on

2018-12-04 11:11:55 - [MESSAGE][PASSED] - Object: 'Object Repository/Final Object Repo/New Registration - Registration Module Pages/New Reg - OTC to RO/Special Case - All Related Objects/Select to NRIC' is clicked on

2018-12-04 11:11:55 - [TEST_STEP][PASSED] - setText: Text '133245561223' is set on object 'Object Repository/Final Object Repo/New Registration - Registration Module Pages/New Reg - OTC to RO/Special Case - All Related Objects/IC Value'

2018-12-04 11:11:56 - [MESSAGE][PASSED] - Text '133245561223' is set on object 'Object Repository/Final Object Repo/New Registration - Registration Module Pages/New Reg - OTC to RO/Special Case - All Related Objects/IC Value'

2018-12-04 11:11:56 - [TEST_STEP][PASSED] - setText: Text 'Auto' is set on object 'Object Repository/Final Object Repo/New Registration - Registration Module Pages/New Reg - OTC to RO/Special Case - All Related Objects/Designation'

2018-12-04 11:11:56 - [MESSAGE][PASSED] - Text 'Auto' is set on object 'Object Repository/Final Object Repo/New Registration - Registration Module Pages/New Reg - OTC to RO/Special Case - All Related Objects/Designation'

2018-12-04 11:11:56 - [TEST_STEP][PASSED] - callTestCase: Call Test Case 'Test Cases/Final Aug 2018 - PKS Automation/Registration Module/New Registration/Submit and Screenshot/Submit Registration and Screenshot' successfully

2018-12-04 11:11:56 - [TEST_CASE][PASSED] - Test Cases/Final Aug 2018 - PKS Automation/Registration Module/New Registration/Submit and Screenshot/Submit Registration and Screenshot: Test Cases/Final Aug 2018 - PKS Automation/Registration Module/New Registration/Submit and Screenshot/Submit Registration and Screenshot

2018-12-04 11:11:56 - [TEST_STEP][PASSED] - delay: Delayed 6 second(s)

2018-12-04 11:12:02 - [MESSAGE][PASSED] - Delayed 6 second(s)

2018-12-04 11:12:02 - [TEST_STEP][PASSED] - click: Object: 'Object Repository/Final Object Repo/New Registration - Registration Module Pages/Third Screen - Upload Supporting Doc- Preview/Preview Submit Button' is clicked on

2018-12-04 11:12:02 - [MESSAGE][PASSED] - Object: 'Object Repository/Final Object Repo/New Registration - Registration Module Pages/Third Screen - Upload Supporting Doc- Preview/Preview Submit Button' is clicked on

2018-12-04 11:12:02 - [TEST_STEP][PASSED] - delay: Delayed 2 second(s)

2018-12-04 11:12:04 - [MESSAGE][PASSED] - Delayed 2 second(s)

2018-12-04 11:12:04 - [TEST_STEP][PASSED] - click: Object: 'Object Repository/Final Object Repo/New Registration - Registration Module Pages/Third Screen - Upload Supporting Doc- Preview/Preview Submit - Confirm' is clicked on

2018-12-04 11:12:04 - [MESSAGE][PASSED] - Object: 'Object Repository/Final Object Repo/New Registration - Registration Module Pages/Third Screen - Upload Supporting Doc- Preview/Preview Submit - Confirm' is clicked on

2018-12-04 11:12:04 - [TEST_STEP][PASSED] - delay: Delayed 15 second(s)

2018-12-04 11:12:19 - [MESSAGE][PASSED] - Delayed 15 second(s)

2018-12-04 11:12:19 - [TEST_STEP][PASSED] - Statement - driver = com.kms.katalon.core.webui.driver.DriverFactory.getWebDriver(): null

2018-12-04 11:12:19 - [TEST_STEP][PASSED] - Statement - driver.manage().timeouts().implicitlyWait(10, SECONDS): null

2018-12-04 11:12:19 - [TEST_STEP][PASSED] - Statement - PresavePath = KatalonScreenshots: null

2018-12-04 11:12:19 - [TEST_STEP][PASSED] - Statement - pathPrefix = "C:\Users\Public\Pictures\Sample Pictures\Katalon Screenshots\Automate Ending Screen": null

2018-12-04 11:12:19 - [TEST_STEP][PASSED] - Statement - finalPath = <not implemented yet for class: org.codehaus.groovy.ast.expr.EmptyExpression>: null

2018-12-04 11:12:19 - [TEST_STEP][PASSED] - Statement - scrFile = driver.getScreenshotAs(FILE): null

2018-12-04 11:12:20 - [TEST_STEP][PASSED] - Statement - PreSaveFile = new java.io.File(PresavePath): null

2018-12-04 11:12:20 - [TEST_STEP][PASSED] - Statement - counter = 0: null

2018-12-04 11:12:20 - [TEST_STEP][PASSED] - Statement - If (PreSaveFile.exists()): null

2018-12-04 11:12:20 - [TEST_STEP][PASSED] - Statement - While (PreSaveFile.exists()): null

2018-12-04 11:12:20 - [TEST_STEP][PASSED] - Statement - counter = counter + 1: null

2018-12-04 11:12:20 - [TEST_STEP][PASSED] - Statement - PreSaveFile = new java.io.File(((pathPrefix + java.lang.Integer.toString(counter)) + .png)): null

2018-12-04 11:12:20 - [TEST_STEP][PASSED] - Statement - counter = counter + 1: null

2018-12-04 11:12:20 - [TEST_STEP][PASSED] - Statement - PreSaveFile = new java.io.File(((pathPrefix + java.lang.Integer.toString(counter)) + .png)): null

2018-12-04 11:12:20 - [TEST_STEP][PASSED] - Statement - counter = counter + 1: null

2018-12-04 11:12:20 - [TEST_STEP][PASSED] - Statement - PreSaveFile = new java.io.File(((pathPrefix + java.lang.Integer.toString(counter)) + .png)): null

2018-12-04 11:12:20 - [TEST_STEP][PASSED] - Statement - counter = counter + 1: null

2018-12-04 11:12:20 - [TEST_STEP][PASSED] - Statement - PreSaveFile = new java.io.File(((pathPrefix + java.lang.Integer.toString(counter)) + .png)): null

2018-12-04 11:12:20 - [TEST_STEP][PASSED] - Statement - counter = counter + 1: null

2018-12-04 11:12:20 - [TEST_STEP][PASSED] - Statement - PreSaveFile = new java.io.File(((pathPrefix + java.lang.Integer.toString(counter)) + .png)): null

2018-12-04 11:12:20 - [TEST_STEP][PASSED] - Statement - counter = counter + 1: null

2018-12-04 11:12:20 - [TEST_STEP][PASSED] - Statement - PreSaveFile = new java.io.File(((pathPrefix + java.lang.Integer.toString(counter)) + .png)): null

2018-12-04 11:12:20 - [TEST_STEP][PASSED] - Statement - counter = counter + 1: null

2018-12-04 11:12:20 - [TEST_STEP][PASSED] - Statement - PreSaveFile = new java.io.File(((pathPrefix + java.lang.Integer.toString(counter)) + .png)): null

2018-12-04 11:12:20 - [TEST_STEP][PASSED] - Statement - counter = counter + 1: null

2018-12-04 11:12:20 - [TEST_STEP][PASSED] - Statement - PreSaveFile = new java.io.File(((pathPrefix + java.lang.Integer.toString(counter)) + .png)): null

2018-12-04 11:12:20 - [TEST_STEP][PASSED] - Statement - counter = counter + 1: null

2018-12-04 11:12:20 - [TEST_STEP][PASSED] - Statement - PreSaveFile = new java.io.File(((pathPrefix + java.lang.Integer.toString(counter)) + .png)): null

2018-12-04 11:12:20 - [TEST_STEP][PASSED] - Statement - counter = counter + 1: null

2018-12-04 11:12:20 - [TEST_STEP][PASSED] - Statement - PreSaveFile = new java.io.File(((pathPrefix + java.lang.Integer.toString(counter)) + .png)): null

2018-12-04 11:12:20 - [TEST_STEP][PASSED] - Statement - counter = counter + 1: null

2018-12-04 11:12:20 - [TEST_STEP][PASSED] - Statement - PreSaveFile = new java.io.File(((pathPrefix + java.lang.Integer.toString(counter)) + .png)): null

2018-12-04 11:12:20 - [TEST_STEP][PASSED] - Statement - counter = counter + 1: null

2018-12-04 11:12:20 - [TEST_STEP][PASSED] - Statement - PreSaveFile = new java.io.File(((pathPrefix + java.lang.Integer.toString(counter)) + .png)): null

2018-12-04 11:12:20 - [TEST_STEP][PASSED] - Statement - counter = counter + 1: null

2018-12-04 11:12:20 - [TEST_STEP][PASSED] - Statement - PreSaveFile = new java.io.File(((pathPrefix + java.lang.Integer.toString(counter)) + .png)): null

2018-12-04 11:12:20 - [TEST_STEP][PASSED] - Statement - counter = counter + 1: null

2018-12-04 11:12:20 - [TEST_STEP][PASSED] - Statement - PreSaveFile = new java.io.File(((pathPrefix + java.lang.Integer.toString(counter)) + .png)): null

2018-12-04 11:12:20 - [TEST_STEP][PASSED] - Statement - counter = counter + 1: null

2018-12-04 11:12:20 - [TEST_STEP][PASSED] - Statement - PreSaveFile = new java.io.File(((pathPrefix + java.lang.Integer.toString(counter)) + .png)): null

2018-12-04 11:12:20 - [TEST_STEP][PASSED] - Statement - counter = counter + 1: null

2018-12-04 11:12:20 - [TEST_STEP][PASSED] - Statement - PreSaveFile = new java.io.File(((pathPrefix + java.lang.Integer.toString(counter)) + .png)): null

2018-12-04 11:12:21 - [TEST_STEP][PASSED] - Statement - counter = counter + 1: null

2018-12-04 11:12:21 - [TEST_STEP][PASSED] - Statement - PreSaveFile = new java.io.File(((pathPrefix + java.lang.Integer.toString(counter)) + .png)): null

2018-12-04 11:12:21 - [TEST_STEP][PASSED] - Statement - counter = counter + 1: null

2018-12-04 11:12:21 - [TEST_STEP][PASSED] - Statement - PreSaveFile = new java.io.File(((pathPrefix + java.lang.Integer.toString(counter)) + .png)): null

2018-12-04 11:12:21 - [TEST_STEP][PASSED] - Statement - counter = counter + 1: null

2018-12-04 11:12:22 - [TEST_STEP][PASSED] - Statement - PreSaveFile = new java.io.File(((pathPrefix + java.lang.Integer.toString(counter)) + .png)): null

2018-12-04 11:12:22 - [TEST_STEP][PASSED] - Statement - counter = counter + 1: null

2018-12-04 11:12:22 - [TEST_STEP][PASSED] - Statement - PreSaveFile = new java.io.File(((pathPrefix + java.lang.Integer.toString(counter)) + .png)): null

2018-12-04 11:12:22 - [TEST_STEP][PASSED] - Statement - counter = counter + 1: null

2018-12-04 11:12:22 - [TEST_STEP][PASSED] - Statement - PreSaveFile = new java.io.File(((pathPrefix + java.lang.Integer.toString(counter)) + .png)): null

2018-12-04 11:12:22 - [TEST_STEP][PASSED] - Statement - counter = counter + 1: null

2018-12-04 11:12:22 - [TEST_STEP][PASSED] - Statement - PreSaveFile = new java.io.File(((pathPrefix + java.lang.Integer.toString(counter)) + .png)): null

2018-12-04 11:12:22 - [TEST_STEP][PASSED] - Statement - counter = counter + 1: null

2018-12-04 11:12:22 - [TEST_STEP][PASSED] - Statement - PreSaveFile = new java.io.File(((pathPrefix + java.lang.Integer.toString(counter)) + .png)): null

2018-12-04 11:12:23 - [TEST_STEP][PASSED] - Statement - counter = counter + 1: null

2018-12-04 11:12:23 - [TEST_STEP][PASSED] - Statement - PreSaveFile = new java.io.File(((pathPrefix + java.lang.Integer.toString(counter)) + .png)): null

2018-12-04 11:12:23 - [TEST_STEP][PASSED] - Statement - counter = counter + 1: null

2018-12-04 11:12:23 - [TEST_STEP][PASSED] - Statement - PreSaveFile = new java.io.File(((pathPrefix + java.lang.Integer.toString(counter)) + .png)): null

2018-12-04 11:12:23 - [TEST_STEP][PASSED] - Statement - counter = counter + 1: null

2018-12-04 11:12:23 - [TEST_STEP][PASSED] - Statement - PreSaveFile = new java.io.File(((pathPrefix + java.lang.Integer.toString(counter)) + .png)): null

2018-12-04 11:12:23 - [TEST_STEP][PASSED] - Statement - counter = counter + 1: null

2018-12-04 11:12:23 - [TEST_STEP][PASSED] - Statement - PreSaveFile = new java.io.File(((pathPrefix + java.lang.Integer.toString(counter)) + .png)): null

2018-12-04 11:12:23 - [TEST_STEP][PASSED] - Statement - counter = counter + 1: null

2018-12-04 11:12:23 - [TEST_STEP][PASSED] - Statement - PreSaveFile = new java.io.File(((pathPrefix + java.lang.Integer.toString(counter)) + .png)): null

2018-12-04 11:12:23 - [TEST_STEP][PASSED] - Statement - counter = counter + 1: null

2018-12-04 11:12:23 - [TEST_STEP][PASSED] - Statement - PreSaveFile = new java.io.File(((pathPrefix + java.lang.Integer.toString(counter)) + .png)): null

2018-12-04 11:12:23 - [TEST_STEP][PASSED] - Statement - counter = counter + 1: null

2018-12-04 11:12:23 - [TEST_STEP][PASSED] - Statement - PreSaveFile = new java.io.File(((pathPrefix + java.lang.Integer.toString(counter)) + .png)): null

2018-12-04 11:12:23 - [TEST_STEP][PASSED] - Statement - counter = counter + 1: null

2018-12-04 11:12:23 - [TEST_STEP][PASSED] - Statement - PreSaveFile = new java.io.File(((pathPrefix + java.lang.Integer.toString(counter)) + .png)): null

2018-12-04 11:12:23 - [TEST_STEP][PASSED] - Statement - counter = counter + 1: null

2018-12-04 11:12:23 - [TEST_STEP][PASSED] - Statement - PreSaveFile = new java.io.File(((pathPrefix + java.lang.Integer.toString(counter)) + .png)): null

2018-12-04 11:12:23 - [TEST_STEP][PASSED] - Statement - counter = counter + 1: null

2018-12-04 11:12:25 - [TEST_STEP][PASSED] - Statement - PreSaveFile = new java.io.File(((pathPrefix + java.lang.Integer.toString(counter)) + .png)): null

2018-12-04 11:12:25 - [TEST_STEP][PASSED] - Statement - counter = counter + 1: null

2018-12-04 11:12:25 - [TEST_STEP][PASSED] - Statement - PreSaveFile = new java.io.File(((pathPrefix + java.lang.Integer.toString(counter)) + .png)): null

2018-12-04 11:12:25 - [TEST_STEP][PASSED] - Statement - counter = counter + 1: null

2018-12-04 11:12:25 - [TEST_STEP][PASSED] - Statement - PreSaveFile = new java.io.File(((pathPrefix + java.lang.Integer.toString(counter)) + .png)): null

2018-12-04 11:12:25 - [TEST_STEP][PASSED] - Statement - counter = counter + 1: null

2018-12-04 11:12:25 - [TEST_STEP][PASSED] - Statement - PreSaveFile = new java.io.File(((pathPrefix + java.lang.Integer.toString(counter)) + .png)): null

2018-12-04 11:12:25 - [TEST_STEP][PASSED] - Statement - counter = counter + 1: null

2018-12-04 11:12:25 - [TEST_STEP][PASSED] - Statement - PreSaveFile = new java.io.File(((pathPrefix + java.lang.Integer.toString(counter)) + .png)): null

2018-12-04 11:12:25 - [TEST_STEP][PASSED] - Statement - counter = counter + 1: null

2018-12-04 11:12:26 - [TEST_STEP][PASSED] - Statement - PreSaveFile = new java.io.File(((pathPrefix + java.lang.Integer.toString(counter)) + .png)): null

2018-12-04 11:12:26 - [TEST_STEP][PASSED] - Statement - counter = counter + 1: null

2018-12-04 11:12:26 - [TEST_STEP][PASSED] - Statement - PreSaveFile = new java.io.File(((pathPrefix + java.lang.Integer.toString(counter)) + .png)): null

2018-12-04 11:12:26 - [TEST_STEP][PASSED] - Statement - counter = counter + 1: null

2018-12-04 11:12:26 - [TEST_STEP][PASSED] - Statement - PreSaveFile = new java.io.File(((pathPrefix + java.lang.Integer.toString(counter)) + .png)): null

2018-12-04 11:12:26 - [TEST_STEP][PASSED] - Statement - counter = counter + 1: null

2018-12-04 11:12:26 - [TEST_STEP][PASSED] - Statement - PreSaveFile = new java.io.File(((pathPrefix + java.lang.Integer.toString(counter)) + .png)): null

2018-12-04 11:12:26 - [TEST_STEP][PASSED] - Statement - counter = counter + 1: null

2018-12-04 11:12:26 - [TEST_STEP][PASSED] - Statement - PreSaveFile = new java.io.File(((pathPrefix + java.lang.Integer.toString(counter)) + .png)): null

2018-12-04 11:12:28 - [TEST_STEP][PASSED] - Statement - counter = counter + 1: null

2018-12-04 11:12:28 - [TEST_STEP][PASSED] - Statement - PreSaveFile = new java.io.File(((pathPrefix + java.lang.Integer.toString(counter)) + .png)): null

2018-12-04 11:12:28 - [TEST_STEP][PASSED] - Statement - counter = counter + 1: null

2018-12-04 11:12:28 - [TEST_STEP][PASSED] - Statement - PreSaveFile = new java.io.File(((pathPrefix + java.lang.Integer.toString(counter)) + .png)): null

2018-12-04 11:12:28 - [TEST_STEP][PASSED] - Statement - counter = counter + 1: null

2018-12-04 11:12:28 - [TEST_STEP][PASSED] - Statement - PreSaveFile = new java.io.File(((pathPrefix + java.lang.Integer.toString(counter)) + .png)): null

2018-12-04 11:12:28 - [TEST_STEP][PASSED] - Statement - counter = counter + 1: null

2018-12-04 11:12:28 - [TEST_STEP][PASSED] - Statement - PreSaveFile = new java.io.File(((pathPrefix + java.lang.Integer.toString(counter)) + .png)): null

2018-12-04 11:12:28 - [TEST_STEP][PASSED] - Statement - counter = counter + 1: null

2018-12-04 11:12:29 - [TEST_STEP][PASSED] - Statement - PreSaveFile = new java.io.File(((pathPrefix + java.lang.Integer.toString(counter)) + .png)): null

2018-12-04 11:12:29 - [TEST_STEP][PASSED] - Statement - counter = counter + 1: null

2018-12-04 11:12:29 - [TEST_STEP][PASSED] - Statement - PreSaveFile = new java.io.File(((pathPrefix + java.lang.Integer.toString(counter)) + .png)): null

2018-12-04 11:12:29 - [TEST_STEP][PASSED] - Statement - counter = counter + 1: null

2018-12-04 11:12:29 - [TEST_STEP][PASSED] - Statement - PreSaveFile = new java.io.File(((pathPrefix + java.lang.Integer.toString(counter)) + .png)): null

2018-12-04 11:12:29 - [TEST_STEP][PASSED] - Statement - counter = counter + 1: null

2018-12-04 11:12:29 - [TEST_STEP][PASSED] - Statement - PreSaveFile = new java.io.File(((pathPrefix + java.lang.Integer.toString(counter)) + .png)): null

2018-12-04 11:12:29 - [TEST_STEP][PASSED] - Statement - counter = counter + 1: null

2018-12-04 11:12:29 - [TEST_STEP][PASSED] - Statement - PreSaveFile = new java.io.File(((pathPrefix + java.lang.Integer.toString(counter)) + .png)): null

2018-12-04 11:12:29 - [TEST_STEP][PASSED] - Statement - counter = counter + 1: null

2018-12-04 11:12:31 - [TEST_STEP][PASSED] - Statement - PreSaveFile = new java.io.File(((pathPrefix + java.lang.Integer.toString(counter)) + .png)): null

2018-12-04 11:12:31 - [TEST_STEP][PASSED] - Statement - counter = counter + 1: null

2018-12-04 11:12:31 - [TEST_STEP][PASSED] - Statement - PreSaveFile = new java.io.File(((pathPrefix + java.lang.Integer.toString(counter)) + .png)): null

2018-12-04 11:12:31 - [TEST_STEP][PASSED] - Statement - counter = counter + 1: null

2018-12-04 11:12:31 - [TEST_STEP][PASSED] - Statement - PreSaveFile = new java.io.File(((pathPrefix + java.lang.Integer.toString(counter)) + .png)): null

2018-12-04 11:12:31 - [TEST_STEP][PASSED] - Statement - counter = counter + 1: null

2018-12-04 11:12:31 - [TEST_STEP][PASSED] - Statement - PreSaveFile = new java.io.File(((pathPrefix + java.lang.Integer.toString(counter)) + .png)): null

2018-12-04 11:12:31 - [TEST_STEP][PASSED] - Statement - counter = counter + 1: null

2018-12-04 11:12:31 - [TEST_STEP][PASSED] - Statement - PreSaveFile = new java.io.File(((pathPrefix + java.lang.Integer.toString(counter)) + .png)): null

2018-12-04 11:12:31 - [TEST_STEP][PASSED] - Statement - counter = counter + 1: null

2018-12-04 11:12:32 - [TEST_STEP][PASSED] - Statement - PreSaveFile = new java.io.File(((pathPrefix + java.lang.Integer.toString(counter)) + .png)): null

2018-12-04 11:12:32 - [TEST_STEP][PASSED] - Statement - counter = counter + 1: null

2018-12-04 11:12:32 - [TEST_STEP][PASSED] - Statement - PreSaveFile = new java.io.File(((pathPrefix + java.lang.Integer.toString(counter)) + .png)): null

2018-12-04 11:12:32 - [TEST_STEP][PASSED] - Statement - counter = counter + 1: null

2018-12-04 11:12:32 - [TEST_STEP][PASSED] - Statement - PreSaveFile = new java.io.File(((pathPrefix + java.lang.Integer.toString(counter)) + .png)): null

2018-12-04 11:12:32 - [TEST_STEP][PASSED] - Statement - counter = counter + 1: null

2018-12-04 11:12:32 - [TEST_STEP][PASSED] - Statement - PreSaveFile = new java.io.File(((pathPrefix + java.lang.Integer.toString(counter)) + .png)): null

2018-12-04 11:12:32 - [TEST_STEP][PASSED] - Statement - counter = counter + 1: null

2018-12-04 11:12:32 - [TEST_STEP][PASSED] - Statement - PreSaveFile = new java.io.File(((pathPrefix + java.lang.Integer.toString(counter)) + .png)): null

2018-12-04 11:12:32 - [TEST_STEP][PASSED] - Statement - counter = counter + 1: null

2018-12-04 11:12:33 - [TEST_STEP][PASSED] - Statement - PreSaveFile = new java.io.File(((pathPrefix + java.lang.Integer.toString(counter)) + .png)): null

2018-12-04 11:12:33 - [TEST_STEP][PASSED] - Statement - counter = counter + 1: null

2018-12-04 11:12:33 - [TEST_STEP][PASSED] - Statement - PreSaveFile = new java.io.File(((pathPrefix + java.lang.Integer.toString(counter)) + .png)): null

2018-12-04 11:12:33 - [TEST_STEP][PASSED] - Statement - counter = counter + 1: null

2018-12-04 11:12:33 - [TEST_STEP][PASSED] - Statement - PreSaveFile = new java.io.File(((pathPrefix + java.lang.Integer.toString(counter)) + .png)): null

2018-12-04 11:12:33 - [TEST_STEP][PASSED] - Statement - counter = counter + 1: null

2018-12-04 11:12:33 - [TEST_STEP][PASSED] - Statement - PreSaveFile = new java.io.File(((pathPrefix + java.lang.Integer.toString(counter)) + .png)): null

2018-12-04 11:12:33 - [TEST_STEP][PASSED] - Statement - counter = counter + 1: null

2018-12-04 11:12:33 - [TEST_STEP][PASSED] - Statement - PreSaveFile = new java.io.File(((pathPrefix + java.lang.Integer.toString(counter)) + .png)): null

2018-12-04 11:12:35 - [TEST_STEP][PASSED] - Statement - counter = counter + 1: null

2018-12-04 11:12:35 - [TEST_STEP][PASSED] - Statement - PreSaveFile = new java.io.File(((pathPrefix + java.lang.Integer.toString(counter)) + .png)): null

2018-12-04 11:12:35 - [TEST_STEP][PASSED] - Statement - counter = counter + 1: null

2018-12-04 11:12:35 - [TEST_STEP][PASSED] - Statement - PreSaveFile = new java.io.File(((pathPrefix + java.lang.Integer.toString(counter)) + .png)): null

2018-12-04 11:12:35 - [TEST_STEP][PASSED] - Statement - counter = counter + 1: null

2018-12-04 11:12:35 - [TEST_STEP][PASSED] - Statement - PreSaveFile = new java.io.File(((pathPrefix + java.lang.Integer.toString(counter)) + .png)): null

2018-12-04 11:12:35 - [TEST_STEP][PASSED] - Statement - counter = counter + 1: null

2018-12-04 11:12:35 - [TEST_STEP][PASSED] - Statement - PreSaveFile = new java.io.File(((pathPrefix + java.lang.Integer.toString(counter)) + .png)): null

2018-12-04 11:12:35 - [TEST_STEP][PASSED] - Statement - counter = counter + 1: null

2018-12-04 11:12:36 - [TEST_STEP][PASSED] - Statement - PreSaveFile = new java.io.File(((pathPrefix + java.lang.Integer.toString(counter)) + .png)): null

2018-12-04 11:12:36 - [TEST_STEP][PASSED] - Statement - counter = counter + 1: null

2018-12-04 11:12:36 - [TEST_STEP][PASSED] - Statement - PreSaveFile = new java.io.File(((pathPrefix + java.lang.Integer.toString(counter)) + .png)): null

2018-12-04 11:12:36 - [TEST_STEP][PASSED] - Statement - counter = counter + 1: null

2018-12-04 11:12:36 - [TEST_STEP][PASSED] - Statement - PreSaveFile = new java.io.File(((pathPrefix + java.lang.Integer.toString(counter)) + .png)): null

2018-12-04 11:12:36 - [TEST_STEP][PASSED] - Statement - counter = counter + 1: null

2018-12-04 11:12:36 - [TEST_STEP][PASSED] - Statement - PreSaveFile = new java.io.File(((pathPrefix + java.lang.Integer.toString(counter)) + .png)): null

2018-12-04 11:12:36 - [TEST_STEP][PASSED] - Statement - counter = counter + 1: null

2018-12-04 11:12:36 - [TEST_STEP][PASSED] - Statement - PreSaveFile = new java.io.File(((pathPrefix + java.lang.Integer.toString(counter)) + .png)): null

2018-12-04 11:12:36 - [TEST_STEP][PASSED] - Statement - counter = counter + 1: null

2018-12-04 11:12:37 - [TEST_STEP][PASSED] - Statement - PreSaveFile = new java.io.File(((pathPrefix + java.lang.Integer.toString(counter)) + .png)): null

2018-12-04 11:12:37 - [TEST_STEP][PASSED] - Statement - counter = counter + 1: null

2018-12-04 11:12:37 - [TEST_STEP][PASSED] - Statement - PreSaveFile = new java.io.File(((pathPrefix + java.lang.Integer.toString(counter)) + .png)): null

2018-12-04 11:12:37 - [TEST_STEP][PASSED] - Statement - counter = counter + 1: null

2018-12-04 11:12:37 - [TEST_STEP][PASSED] - Statement - PreSaveFile = new java.io.File(((pathPrefix + java.lang.Integer.toString(counter)) + .png)): null

2018-12-04 11:12:37 - [TEST_STEP][PASSED] - Statement - counter = counter + 1: null

2018-12-04 11:12:37 - [TEST_STEP][PASSED] - Statement - PreSaveFile = new java.io.File(((pathPrefix + java.lang.Integer.toString(counter)) + .png)): null

2018-12-04 11:12:37 - [TEST_STEP][PASSED] - Statement - counter = counter + 1: null

2018-12-04 11:12:37 - [TEST_STEP][PASSED] - Statement - PreSaveFile = new java.io.File(((pathPrefix + java.lang.Integer.toString(counter)) + .png)): null

2018-12-04 11:12:37 - [TEST_STEP][PASSED] - Statement - counter = counter + 1: null

2018-12-04 11:12:39 - [TEST_STEP][PASSED] - Statement - PreSaveFile = new java.io.File(((pathPrefix + java.lang.Integer.toString(counter)) + .png)): null

2018-12-04 11:12:39 - [TEST_STEP][PASSED] - Statement - counter = counter + 1: null

2018-12-04 11:12:39 - [TEST_STEP][PASSED] - Statement - PreSaveFile = new java.io.File(((pathPrefix + java.lang.Integer.toString(counter)) + .png)): null

2018-12-04 11:12:39 - [TEST_STEP][PASSED] - Statement - counter = counter + 1: null

2018-12-04 11:12:39 - [TEST_STEP][PASSED] - Statement - PreSaveFile = new java.io.File(((pathPrefix + java.lang.Integer.toString(counter)) + .png)): null

2018-12-04 11:12:39 - [TEST_STEP][PASSED] - Statement - counter = counter + 1: null

2018-12-04 11:12:39 - [TEST_STEP][PASSED] - Statement - PreSaveFile = new java.io.File(((pathPrefix + java.lang.Integer.toString(counter)) + .png)): null

2018-12-04 11:12:39 - [TEST_STEP][PASSED] - Statement - counter = counter + 1: null

2018-12-04 11:12:39 - [TEST_STEP][PASSED] - Statement - PreSaveFile = new java.io.File(((pathPrefix + java.lang.Integer.toString(counter)) + .png)): null

2018-12-04 11:12:40 - [TEST_STEP][PASSED] - Statement - counter = counter + 1: null

2018-12-04 11:12:40 - [TEST_STEP][PASSED] - Statement - PreSaveFile = new java.io.File(((pathPrefix + java.lang.Integer.toString(counter)) + .png)): null

2018-12-04 11:12:40 - [TEST_STEP][PASSED] - Statement - counter = counter + 1: null

2018-12-04 11:12:40 - [TEST_STEP][PASSED] - Statement - PreSaveFile = new java.io.File(((pathPrefix + java.lang.Integer.toString(counter)) + .png)): null

2018-12-04 11:12:40 - [TEST_STEP][PASSED] - Statement - counter = counter + 1: null

2018-12-04 11:12:40 - [TEST_STEP][PASSED] - Statement - PreSaveFile = new java.io.File(((pathPrefix + java.lang.Integer.toString(counter)) + .png)): null

2018-12-04 11:12:40 - [TEST_STEP][PASSED] - Statement - counter = counter + 1: null

2018-12-04 11:12:40 - [TEST_STEP][PASSED] - Statement - PreSaveFile = new java.io.File(((pathPrefix + java.lang.Integer.toString(counter)) + .png)): null

2018-12-04 11:12:40 - [TEST_STEP][PASSED] - Statement - counter = counter + 1: null

2018-12-04 11:12:41 - [TEST_STEP][PASSED] - Statement - PreSaveFile = new java.io.File(((pathPrefix + java.lang.Integer.toString(counter)) + .png)): null

2018-12-04 11:12:41 - [TEST_STEP][PASSED] - Statement - counter = counter + 1: null

2018-12-04 11:12:41 - [TEST_STEP][PASSED] - Statement - PreSaveFile = new java.io.File(((pathPrefix + java.lang.Integer.toString(counter)) + .png)): null

2018-12-04 11:12:41 - [TEST_STEP][PASSED] - Statement - counter = counter + 1: null

2018-12-04 11:12:41 - [TEST_STEP][PASSED] - Statement - PreSaveFile = new java.io.File(((pathPrefix + java.lang.Integer.toString(counter)) + .png)): null

2018-12-04 11:12:41 - [TEST_STEP][PASSED] - Statement - counter = counter + 1: null

2018-12-04 11:12:41 - [TEST_STEP][PASSED] - Statement - PreSaveFile = new java.io.File(((pathPrefix + java.lang.Integer.toString(counter)) + .png)): null

2018-12-04 11:12:41 - [TEST_STEP][PASSED] - Statement - counter = counter + 1: null

2018-12-04 11:12:41 - [TEST_STEP][PASSED] - Statement - PreSaveFile = new java.io.File(((pathPrefix + java.lang.Integer.toString(counter)) + .png)): null

2018-12-04 11:12:41 - [TEST_STEP][PASSED] - Statement - counter = counter + 1: null

2018-12-04 11:12:43 - [TEST_STEP][PASSED] - Statement - PreSaveFile = new java.io.File(((pathPrefix + java.lang.Integer.toString(counter)) + .png)): null

2018-12-04 11:12:43 - [TEST_STEP][PASSED] - Statement - counter = counter + 1: null

2018-12-04 11:12:43 - [TEST_STEP][PASSED] - Statement - PreSaveFile = new java.io.File(((pathPrefix + java.lang.Integer.toString(counter)) + .png)): null

2018-12-04 11:12:43 - [TEST_STEP][PASSED] - Statement - counter = counter + 1: null

2018-12-04 11:12:43 - [TEST_STEP][PASSED] - Statement - PreSaveFile = new java.io.File(((pathPrefix + java.lang.Integer.toString(counter)) + .png)): null

2018-12-04 11:12:43 - [TEST_STEP][PASSED] - Statement - counter = counter + 1: null

2018-12-04 11:12:43 - [TEST_STEP][PASSED] - Statement - PreSaveFile = new java.io.File(((pathPrefix + java.lang.Integer.toString(counter)) + .png)): null

2018-12-04 11:12:43 - [TEST_STEP][PASSED] - Statement - counter = counter + 1: null

2018-12-04 11:12:43 - [TEST_STEP][PASSED] - Statement - PreSaveFile = new java.io.File(((pathPrefix + java.lang.Integer.toString(counter)) + .png)): null

2018-12-04 11:12:43 - [TEST_STEP][PASSED] - Statement - counter = counter + 1: null

2018-12-04 11:12:44 - [TEST_STEP][PASSED] - Statement - PreSaveFile = new java.io.File(((pathPrefix + java.lang.Integer.toString(counter)) + .png)): null

2018-12-04 11:12:44 - [TEST_STEP][PASSED] - Statement - counter = counter + 1: null

2018-12-04 11:12:44 - [TEST_STEP][PASSED] - Statement - PreSaveFile = new java.io.File(((pathPrefix + java.lang.Integer.toString(counter)) + .png)): null

2018-12-04 11:12:44 - [TEST_STEP][PASSED] - Statement - counter = counter + 1: null

2018-12-04 11:12:44 - [TEST_STEP][PASSED] - Statement - PreSaveFile = new java.io.File(((pathPrefix + java.lang.Integer.toString(counter)) + .png)): null

2018-12-04 11:12:44 - [TEST_STEP][PASSED] - Statement - counter = counter + 1: null

2018-12-04 11:12:44 - [TEST_STEP][PASSED] - Statement - PreSaveFile = new java.io.File(((pathPrefix + java.lang.Integer.toString(counter)) + .png)): null

2018-12-04 11:12:44 - [TEST_STEP][PASSED] - Statement - counter = counter + 1: null

2018-12-04 11:12:44 - [TEST_STEP][PASSED] - Statement - PreSaveFile = new java.io.File(((pathPrefix + java.lang.Integer.toString(counter)) + .png)): null

2018-12-04 11:12:44 - [TEST_STEP][PASSED] - Statement - counter = counter + 1: null

2018-12-04 11:12:45 - [TEST_STEP][PASSED] - Statement - PreSaveFile = new java.io.File(((pathPrefix + java.lang.Integer.toString(counter)) + .png)): null

2018-12-04 11:12:45 - [TEST_STEP][PASSED] - Statement - counter = counter + 1: null

2018-12-04 11:12:45 - [TEST_STEP][PASSED] - Statement - PreSaveFile = new java.io.File(((pathPrefix + java.lang.Integer.toString(counter)) + .png)): null

2018-12-04 11:12:45 - [TEST_STEP][PASSED] - Statement - counter = counter + 1: null

2018-12-04 11:12:45 - [TEST_STEP][PASSED] - Statement - PreSaveFile = new java.io.File(((pathPrefix + java.lang.Integer.toString(counter)) + .png)): null

2018-12-04 11:12:45 - [TEST_STEP][PASSED] - Statement - counter = counter + 1: null

2018-12-04 11:12:45 - [TEST_STEP][PASSED] - Statement - PreSaveFile = new java.io.File(((pathPrefix + java.lang.Integer.toString(counter)) + .png)): null

2018-12-04 11:12:45 - [TEST_STEP][PASSED] - Statement - counter = counter + 1: null

2018-12-04 11:12:45 - [TEST_STEP][PASSED] - Statement - PreSaveFile = new java.io.File(((pathPrefix + java.lang.Integer.toString(counter)) + .png)): null

2018-12-04 11:12:47 - [TEST_STEP][PASSED] - Statement - counter = counter + 1: null

2018-12-04 11:12:47 - [TEST_STEP][PASSED] - Statement - PreSaveFile = new java.io.File(((pathPrefix + java.lang.Integer.toString(counter)) + .png)): null

2018-12-04 11:12:47 - [TEST_STEP][PASSED] - Statement - counter = counter + 1: null

2018-12-04 11:12:47 - [TEST_STEP][PASSED] - Statement - PreSaveFile = new java.io.File(((pathPrefix + java.lang.Integer.toString(counter)) + .png)): null

2018-12-04 11:12:47 - [TEST_STEP][PASSED] - Statement - counter = counter + 1: null

2018-12-04 11:12:47 - [TEST_STEP][PASSED] - Statement - PreSaveFile = new java.io.File(((pathPrefix + java.lang.Integer.toString(counter)) + .png)): null

2018-12-04 11:12:47 - [TEST_STEP][PASSED] - Statement - counter = counter + 1: null

2018-12-04 11:12:47 - [TEST_STEP][PASSED] - Statement - PreSaveFile = new java.io.File(((pathPrefix + java.lang.Integer.toString(counter)) + .png)): null

2018-12-04 11:12:47 - [TEST_STEP][PASSED] - Statement - counter = counter + 1: null

2018-12-04 11:12:48 - [TEST_STEP][PASSED] - Statement - PreSaveFile = new java.io.File(((pathPrefix + java.lang.Integer.toString(counter)) + .png)): null

2018-12-04 11:12:48 - [TEST_STEP][PASSED] - Statement - counter = counter + 1: null

2018-12-04 11:12:48 - [TEST_STEP][PASSED] - Statement - PreSaveFile = new java.io.File(((pathPrefix + java.lang.Integer.toString(counter)) + .png)): null

2018-12-04 11:12:48 - [TEST_STEP][PASSED] - Statement - counter = counter + 1: null

2018-12-04 11:12:48 - [TEST_STEP][PASSED] - Statement - PreSaveFile = new java.io.File(((pathPrefix + java.lang.Integer.toString(counter)) + .png)): null

2018-12-04 11:12:48 - [TEST_STEP][PASSED] - Statement - counter = counter + 1: null

2018-12-04 11:12:48 - [TEST_STEP][PASSED] - Statement - PreSaveFile = new java.io.File(((pathPrefix + java.lang.Integer.toString(counter)) + .png)): null

2018-12-04 11:12:48 - [TEST_STEP][PASSED] - Statement - counter = counter + 1: null

2018-12-04 11:12:48 - [TEST_STEP][PASSED] - Statement - PreSaveFile = new java.io.File(((pathPrefix + java.lang.Integer.toString(counter)) + .png)): null

2018-12-04 11:12:48 - [TEST_STEP][PASSED] - Statement - counter = counter + 1: null

2018-12-04 11:12:49 - [TEST_STEP][PASSED] - Statement - PreSaveFile = new java.io.File(((pathPrefix + java.lang.Integer.toString(counter)) + .png)): null

2018-12-04 11:12:49 - [TEST_STEP][PASSED] - Statement - counter = counter + 1: null

2018-12-04 11:12:49 - [TEST_STEP][PASSED] - Statement - PreSaveFile = new java.io.File(((pathPrefix + java.lang.Integer.toString(counter)) + .png)): null

2018-12-04 11:12:49 - [TEST_STEP][PASSED] - Statement - counter = counter + 1: null

2018-12-04 11:12:49 - [TEST_STEP][PASSED] - Statement - PreSaveFile = new java.io.File(((pathPrefix + java.lang.Integer.toString(counter)) + .png)): null

2018-12-04 11:12:49 - [TEST_STEP][PASSED] - Statement - counter = counter + 1: null

2018-12-04 11:12:49 - [TEST_STEP][PASSED] - Statement - PreSaveFile = new java.io.File(((pathPrefix + java.lang.Integer.toString(counter)) + .png)): null

2018-12-04 11:12:49 - [TEST_STEP][PASSED] - Statement - counter = counter + 1: null

2018-12-04 11:12:49 - [TEST_STEP][PASSED] - Statement - PreSaveFile = new java.io.File(((pathPrefix + java.lang.Integer.toString(counter)) + .png)): null

2018-12-04 11:12:49 - [TEST_STEP][PASSED] - Statement - counter = counter + 1: null

2018-12-04 11:12:51 - [TEST_STEP][PASSED] - Statement - PreSaveFile = new java.io.File(((pathPrefix + java.lang.Integer.toString(counter)) + .png)): null

2018-12-04 11:12:51 - [TEST_STEP][PASSED] - Statement - counter = counter + 1: null

2018-12-04 11:12:51 - [TEST_STEP][PASSED] - Statement - PreSaveFile = new java.io.File(((pathPrefix + java.lang.Integer.toString(counter)) + .png)): null

2018-12-04 11:12:51 - [TEST_STEP][PASSED] - Statement - counter = counter + 1: null

2018-12-04 11:12:51 - [TEST_STEP][PASSED] - Statement - PreSaveFile = new java.io.File(((pathPrefix + java.lang.Integer.toString(counter)) + .png)): null

2018-12-04 11:12:51 - [TEST_STEP][PASSED] - Statement - counter = counter + 1: null

2018-12-04 11:12:51 - [TEST_STEP][PASSED] - Statement - PreSaveFile = new java.io.File(((pathPrefix + java.lang.Integer.toString(counter)) + .png)): null

2018-12-04 11:12:51 - [TEST_STEP][PASSED] - Statement - counter = counter + 1: null

2018-12-04 11:12:51 - [TEST_STEP][PASSED] - Statement - PreSaveFile = new java.io.File(((pathPrefix + java.lang.Integer.toString(counter)) + .png)): null

2018-12-04 11:12:52 - [TEST_STEP][PASSED] - Statement - counter = counter + 1: null

2018-12-04 11:12:52 - [TEST_STEP][PASSED] - Statement - PreSaveFile = new java.io.File(((pathPrefix + java.lang.Integer.toString(counter)) + .png)): null

2018-12-04 11:12:52 - [TEST_STEP][PASSED] - Statement - counter = counter + 1: null

2018-12-04 11:12:52 - [TEST_STEP][PASSED] - Statement - PreSaveFile = new java.io.File(((pathPrefix + java.lang.Integer.toString(counter)) + .png)): null

2018-12-04 11:12:52 - [TEST_STEP][PASSED] - Statement - counter = counter + 1: null

2018-12-04 11:12:52 - [TEST_STEP][PASSED] - Statement - PreSaveFile = new java.io.File(((pathPrefix + java.lang.Integer.toString(counter)) + .png)): null

2018-12-04 11:12:52 - [TEST_STEP][PASSED] - Statement - counter = counter + 1: null

2018-12-04 11:12:52 - [TEST_STEP][PASSED] - Statement - PreSaveFile = new java.io.File(((pathPrefix + java.lang.Integer.toString(counter)) + .png)): null

2018-12-04 11:12:52 - [TEST_STEP][PASSED] - Statement - counter = counter + 1: null

2018-12-04 11:12:52 - [TEST_STEP][PASSED] - Statement - PreSaveFile = new java.io.File(((pathPrefix + java.lang.Integer.toString(counter)) + .png)): null

2018-12-04 11:12:54 - [TEST_STEP][PASSED] - Statement - counter = counter + 1: null

2018-12-04 11:12:54 - [TEST_STEP][PASSED] - Statement - PreSaveFile = new java.io.File(((pathPrefix + java.lang.Integer.toString(counter)) + .png)): null

2018-12-04 11:12:54 - [TEST_STEP][PASSED] - Statement - counter = counter + 1: null

2018-12-04 11:12:54 - [TEST_STEP][PASSED] - Statement - PreSaveFile = new java.io.File(((pathPrefix + java.lang.Integer.toString(counter)) + .png)): null

2018-12-04 11:12:54 - [TEST_STEP][PASSED] - Statement - counter = counter + 1: null

2018-12-04 11:12:54 - [TEST_STEP][PASSED] - Statement - PreSaveFile = new java.io.File(((pathPrefix + java.lang.Integer.toString(counter)) + .png)): null

2018-12-04 11:12:54 - [TEST_STEP][PASSED] - Statement - counter = counter + 1: null

2018-12-04 11:12:54 - [TEST_STEP][PASSED] - Statement - PreSaveFile = new java.io.File(((pathPrefix + java.lang.Integer.toString(counter)) + .png)): null

2018-12-04 11:12:54 - [TEST_STEP][PASSED] - Statement - counter = counter + 1: null

2018-12-04 11:12:55 - [TEST_STEP][PASSED] - Statement - PreSaveFile = new java.io.File(((pathPrefix + java.lang.Integer.toString(counter)) + .png)): null

2018-12-04 11:12:55 - [TEST_STEP][PASSED] - Statement - counter = counter + 1: null

2018-12-04 11:12:55 - [TEST_STEP][PASSED] - Statement - PreSaveFile = new java.io.File(((pathPrefix + java.lang.Integer.toString(counter)) + .png)): null

2018-12-04 11:12:55 - [TEST_STEP][PASSED] - Statement - counter = counter + 1: null

2018-12-04 11:12:55 - [TEST_STEP][PASSED] - Statement - PreSaveFile = new java.io.File(((pathPrefix + java.lang.Integer.toString(counter)) + .png)): null

2018-12-04 11:12:55 - [TEST_STEP][PASSED] - Statement - counter = counter + 1: null

2018-12-04 11:12:55 - [TEST_STEP][PASSED] - Statement - PreSaveFile = new java.io.File(((pathPrefix + java.lang.Integer.toString(counter)) + .png)): null

2018-12-04 11:12:55 - [TEST_STEP][PASSED] - Statement - counter = counter + 1: null

2018-12-04 11:12:55 - [TEST_STEP][PASSED] - Statement - PreSaveFile = new java.io.File(((pathPrefix + java.lang.Integer.toString(counter)) + .png)): null

2018-12-04 11:12:55 - [TEST_STEP][PASSED] - Statement - counter = counter + 1: null

2018-12-04 11:12:57 - [TEST_STEP][PASSED] - Statement - PreSaveFile = new java.io.File(((pathPrefix + java.lang.Integer.toString(counter)) + .png)): null

2018-12-04 11:12:57 - [TEST_STEP][PASSED] - Statement - counter = counter + 1: null

2018-12-04 11:12:57 - [TEST_STEP][PASSED] - Statement - PreSaveFile = new java.io.File(((pathPrefix + java.lang.Integer.toString(counter)) + .png)): null

2018-12-04 11:12:57 - [TEST_STEP][PASSED] - Statement - counter = counter + 1: null

2018-12-04 11:12:57 - [TEST_STEP][PASSED] - Statement - PreSaveFile = new java.io.File(((pathPrefix + java.lang.Integer.toString(counter)) + .png)): null

2018-12-04 11:12:57 - [TEST_STEP][PASSED] - Statement - counter = counter + 1: null

2018-12-04 11:12:57 - [TEST_STEP][PASSED] - Statement - PreSaveFile = new java.io.File(((pathPrefix + java.lang.Integer.toString(counter)) + .png)): null

2018-12-04 11:12:57 - [TEST_STEP][PASSED] - Statement - counter = counter + 1: null

2018-12-04 11:12:57 - [TEST_STEP][PASSED] - Statement - PreSaveFile = new java.io.File(((pathPrefix + java.lang.Integer.toString(counter)) + .png)): null

2018-12-04 11:12:57 - [TEST_STEP][PASSED] - Statement - counter = counter + 1: null

2018-12-04 11:12:59 - [TEST_STEP][PASSED] - Statement - PreSaveFile = new java.io.File(((pathPrefix + java.lang.Integer.toString(counter)) + .png)): null

2018-12-04 11:12:59 - [TEST_STEP][PASSED] - Statement - counter = counter + 1: null

2018-12-04 11:12:59 - [TEST_STEP][PASSED] - Statement - PreSaveFile = new java.io.File(((pathPrefix + java.lang.Integer.toString(counter)) + .png)): null

2018-12-04 11:12:59 - [TEST_STEP][PASSED] - Statement - counter = counter + 1: null

2018-12-04 11:12:59 - [TEST_STEP][PASSED] - Statement - PreSaveFile = new java.io.File(((pathPrefix + java.lang.Integer.toString(counter)) + .png)): null

2018-12-04 11:12:59 - [TEST_STEP][PASSED] - Statement - counter = counter + 1: null

2018-12-04 11:12:59 - [TEST_STEP][PASSED] - Statement - PreSaveFile = new java.io.File(((pathPrefix + java.lang.Integer.toString(counter)) + .png)): null

2018-12-04 11:12:59 - [TEST_STEP][PASSED] - Statement - counter = counter + 1: null

2018-12-04 11:12:59 - [TEST_STEP][PASSED] - Statement - PreSaveFile = new java.io.File(((pathPrefix + java.lang.Integer.toString(counter)) + .png)): null

2018-12-04 11:13:00 - [TEST_STEP][PASSED] - Statement - counter = counter + 1: null

2018-12-04 11:13:00 - [TEST_STEP][PASSED] - Statement - PreSaveFile = new java.io.File(((pathPrefix + java.lang.Integer.toString(counter)) + .png)): null

2018-12-04 11:13:00 - [TEST_STEP][PASSED] - Statement - counter = counter + 1: null

2018-12-04 11:13:00 - [TEST_STEP][PASSED] - Statement - PreSaveFile = new java.io.File(((pathPrefix + java.lang.Integer.toString(counter)) + .png)): null

2018-12-04 11:13:00 - [TEST_STEP][PASSED] - Statement - counter = counter + 1: null

2018-12-04 11:13:00 - [TEST_STEP][PASSED] - Statement - PreSaveFile = new java.io.File(((pathPrefix + java.lang.Integer.toString(counter)) + .png)): null

2018-12-04 11:13:00 - [TEST_STEP][PASSED] - Statement - counter = counter + 1: null

2018-12-04 11:13:00 - [TEST_STEP][PASSED] - Statement - PreSaveFile = new java.io.File(((pathPrefix + java.lang.Integer.toString(counter)) + .png)): null

2018-12-04 11:13:00 - [TEST_STEP][PASSED] - Statement - counter = counter + 1: null

2018-12-04 11:13:02 - [TEST_STEP][PASSED] - Statement - PreSaveFile = new java.io.File(((pathPrefix + java.lang.Integer.toString(counter)) + .png)): null

2018-12-04 11:13:02 - [TEST_STEP][PASSED] - Statement - counter = counter + 1: null

2018-12-04 11:13:02 - [TEST_STEP][PASSED] - Statement - PreSaveFile = new java.io.File(((pathPrefix + java.lang.Integer.toString(counter)) + .png)): null

2018-12-04 11:13:02 - [TEST_STEP][PASSED] - Statement - counter = counter + 1: null

2018-12-04 11:13:02 - [TEST_STEP][PASSED] - Statement - PreSaveFile = new java.io.File(((pathPrefix + java.lang.Integer.toString(counter)) + .png)): null

2018-12-04 11:13:02 - [TEST_STEP][PASSED] - Statement - counter = counter + 1: null

2018-12-04 11:13:02 - [TEST_STEP][PASSED] - Statement - PreSaveFile = new java.io.File(((pathPrefix + java.lang.Integer.toString(counter)) + .png)): null

2018-12-04 11:13:02 - [TEST_STEP][PASSED] - Statement - counter = counter + 1: null

2018-12-04 11:13:02 - [TEST_STEP][PASSED] - Statement - PreSaveFile = new java.io.File(((pathPrefix + java.lang.Integer.toString(counter)) + .png)): null

2018-12-04 11:13:02 - [TEST_STEP][PASSED] - Statement - counter = counter + 1: null

2018-12-04 11:13:04 - [TEST_STEP][PASSED] - Statement - PreSaveFile = new java.io.File(((pathPrefix + java.lang.Integer.toString(counter)) + .png)): null

2018-12-04 11:13:04 - [TEST_STEP][PASSED] - Statement - counter = counter + 1: null

2018-12-04 11:13:04 - [TEST_STEP][PASSED] - Statement - PreSaveFile = new java.io.File(((pathPrefix + java.lang.Integer.toString(counter)) + .png)): null

2018-12-04 11:13:04 - [TEST_STEP][PASSED] - Statement - counter = counter + 1: null

2018-12-04 11:13:04 - [TEST_STEP][PASSED] - Statement - PreSaveFile = new java.io.File(((pathPrefix + java.lang.Integer.toString(counter)) + .png)): null

2018-12-04 11:13:04 - [TEST_STEP][PASSED] - Statement - counter = counter + 1: null

2018-12-04 11:13:04 - [TEST_STEP][PASSED] - Statement - PreSaveFile = new java.io.File(((pathPrefix + java.lang.Integer.toString(counter)) + .png)): null

2018-12-04 11:13:04 - [TEST_STEP][PASSED] - Statement - counter = counter + 1: null

2018-12-04 11:13:04 - [TEST_STEP][PASSED] - Statement - PreSaveFile = new java.io.File(((pathPrefix + java.lang.Integer.toString(counter)) + .png)): null

2018-12-04 11:13:04 - [TEST_STEP][PASSED] - Statement - counter = counter + 1: null

2018-12-04 11:13:05 - [TEST_STEP][PASSED] - Statement - PreSaveFile = new java.io.File(((pathPrefix + java.lang.Integer.toString(counter)) + .png)): null

2018-12-04 11:13:05 - [TEST_STEP][PASSED] - Statement - counter = counter + 1: null

2018-12-04 11:13:05 - [TEST_STEP][PASSED] - Statement - PreSaveFile = new java.io.File(((pathPrefix + java.lang.Integer.toString(counter)) + .png)): null

2018-12-04 11:13:05 - [TEST_STEP][PASSED] - Statement - counter = counter + 1: null

2018-12-04 11:13:05 - [TEST_STEP][PASSED] - Statement - PreSaveFile = new java.io.File(((pathPrefix + java.lang.Integer.toString(counter)) + .png)): null

2018-12-04 11:13:05 - [TEST_STEP][PASSED] - Statement - counter = counter + 1: null

2018-12-04 11:13:05 - [TEST_STEP][PASSED] - Statement - PreSaveFile = new java.io.File(((pathPrefix + java.lang.Integer.toString(counter)) + .png)): null

2018-12-04 11:13:05 - [TEST_STEP][PASSED] - Statement - counter = counter + 1: null

2018-12-04 11:13:05 - [TEST_STEP][PASSED] - Statement - PreSaveFile = new java.io.File(((pathPrefix + java.lang.Integer.toString(counter)) + .png)): null

2018-12-04 11:13:05 - [TEST_STEP][PASSED] - Statement - counter = counter + 1: null

2018-12-04 11:13:07 - [TEST_STEP][PASSED] - Statement - PreSaveFile = new java.io.File(((pathPrefix + java.lang.Integer.toString(counter)) + .png)): null

2018-12-04 11:13:07 - [TEST_STEP][PASSED] - Statement - counter = counter + 1: null

2018-12-04 11:13:07 - [TEST_STEP][PASSED] - Statement - PreSaveFile = new java.io.File(((pathPrefix + java.lang.Integer.toString(counter)) + .png)): null

2018-12-04 11:13:07 - [TEST_STEP][PASSED] - Statement - counter = counter + 1: null

2018-12-04 11:13:07 - [TEST_STEP][PASSED] - Statement - PreSaveFile = new java.io.File(((pathPrefix + java.lang.Integer.toString(counter)) + .png)): null

2018-12-04 11:13:07 - [TEST_STEP][PASSED] - Statement - counter = counter + 1: null

2018-12-04 11:13:07 - [TEST_STEP][PASSED] - Statement - PreSaveFile = new java.io.File(((pathPrefix + java.lang.Integer.toString(counter)) + .png)): null

2018-12-04 11:13:07 - [TEST_STEP][PASSED] - Statement - counter = counter + 1: null

2018-12-04 11:13:07 - [TEST_STEP][PASSED] - Statement - PreSaveFile = new java.io.File(((pathPrefix + java.lang.Integer.toString(counter)) + .png)): null

2018-12-04 11:13:09 - [TEST_STEP][PASSED] - Statement - counter = counter + 1: null

2018-12-04 11:13:09 - [TEST_STEP][PASSED] - Statement - PreSaveFile = new java.io.File(((pathPrefix + java.lang.Integer.toString(counter)) + .png)): null

2018-12-04 11:13:09 - [TEST_STEP][PASSED] - Statement - counter = counter + 1: null

2018-12-04 11:13:09 - [TEST_STEP][PASSED] - Statement - PreSaveFile = new java.io.File(((pathPrefix + java.lang.Integer.toString(counter)) + .png)): null

2018-12-04 11:13:09 - [TEST_STEP][PASSED] - Statement - counter = counter + 1: null

2018-12-04 11:13:09 - [TEST_STEP][PASSED] - Statement - PreSaveFile = new java.io.File(((pathPrefix + java.lang.Integer.toString(counter)) + .png)): null

2018-12-04 11:13:09 - [TEST_STEP][PASSED] - Statement - counter = counter + 1: null

2018-12-04 11:13:09 - [TEST_STEP][PASSED] - Statement - PreSaveFile = new java.io.File(((pathPrefix + java.lang.Integer.toString(counter)) + .png)): null

2018-12-04 11:13:09 - [TEST_STEP][PASSED] - Statement - counter = counter + 1: null

2018-12-04 11:13:10 - [TEST_STEP][PASSED] - Statement - PreSaveFile = new java.io.File(((pathPrefix + java.lang.Integer.toString(counter)) + .png)): null

2018-12-04 11:13:10 - [TEST_STEP][PASSED] - Statement - counter = counter + 1: null

2018-12-04 11:13:10 - [TEST_STEP][PASSED] - Statement - PreSaveFile = new java.io.File(((pathPrefix + java.lang.Integer.toString(counter)) + .png)): null

2018-12-04 11:13:10 - [TEST_STEP][PASSED] - Statement - counter = counter + 1: null

2018-12-04 11:13:10 - [TEST_STEP][PASSED] - Statement - PreSaveFile = new java.io.File(((pathPrefix + java.lang.Integer.toString(counter)) + .png)): null

2018-12-04 11:13:10 - [TEST_STEP][PASSED] - Statement - counter = counter + 1: null

2018-12-04 11:13:10 - [TEST_STEP][PASSED] - Statement - PreSaveFile = new java.io.File(((pathPrefix + java.lang.Integer.toString(counter)) + .png)): null

2018-12-04 11:13:10 - [TEST_STEP][PASSED] - Statement - counter = counter + 1: null

2018-12-04 11:13:10 - [TEST_STEP][PASSED] - Statement - PreSaveFile = new java.io.File(((pathPrefix + java.lang.Integer.toString(counter)) + .png)): null

2018-12-04 11:13:10 - [TEST_STEP][PASSED] - Statement - counter = counter + 1: null

2018-12-04 11:13:12 - [TEST_STEP][PASSED] - Statement - PreSaveFile = new java.io.File(((pathPrefix + java.lang.Integer.toString(counter)) + .png)): null

2018-12-04 11:13:12 - [TEST_STEP][PASSED] - Statement - counter = counter + 1: null

2018-12-04 11:13:12 - [TEST_STEP][PASSED] - Statement - PreSaveFile = new java.io.File(((pathPrefix + java.lang.Integer.toString(counter)) + .png)): null

2018-12-04 11:13:12 - [TEST_STEP][PASSED] - Statement - counter = counter + 1: null

2018-12-04 11:13:12 - [TEST_STEP][PASSED] - Statement - PreSaveFile = new java.io.File(((pathPrefix + java.lang.Integer.toString(counter)) + .png)): null

2018-12-04 11:13:12 - [TEST_STEP][PASSED] - Statement - counter = counter + 1: null

2018-12-04 11:13:12 - [TEST_STEP][PASSED] - Statement - PreSaveFile = new java.io.File(((pathPrefix + java.lang.Integer.toString(counter)) + .png)): null

2018-12-04 11:13:12 - [TEST_STEP][PASSED] - Statement - counter = counter + 1: null

2018-12-04 11:13:12 - [TEST_STEP][PASSED] - Statement - PreSaveFile = new java.io.File(((pathPrefix + java.lang.Integer.toString(counter)) + .png)): null

2018-12-04 11:13:12 - [TEST_STEP][PASSED] - Statement - counter = counter + 1: null

2018-12-04 11:13:14 - [TEST_STEP][PASSED] - Statement - PreSaveFile = new java.io.File(((pathPrefix + java.lang.Integer.toString(counter)) + .png)): null

2018-12-04 11:13:14 - [TEST_STEP][PASSED] - Statement - counter = counter + 1: null

2018-12-04 11:13:14 - [TEST_STEP][PASSED] - Statement - PreSaveFile = new java.io.File(((pathPrefix + java.lang.Integer.toString(counter)) + .png)): null

2018-12-04 11:13:14 - [TEST_STEP][PASSED] - Statement - counter = counter + 1: null

2018-12-04 11:13:14 - [TEST_STEP][PASSED] - Statement - PreSaveFile = new java.io.File(((pathPrefix + java.lang.Integer.toString(counter)) + .png)): null

2018-12-04 11:13:14 - [TEST_STEP][PASSED] - Statement - counter = counter + 1: null

2018-12-04 11:13:14 - [TEST_STEP][PASSED] - Statement - PreSaveFile = new java.io.File(((pathPrefix + java.lang.Integer.toString(counter)) + .png)): null

2018-12-04 11:13:14 - [TEST_STEP][PASSED] - Statement - counter = counter + 1: null

2018-12-04 11:13:14 - [TEST_STEP][PASSED] - Statement - PreSaveFile = new java.io.File(((pathPrefix + java.lang.Integer.toString(counter)) + .png)): null

2018-12-04 11:13:15 - [TEST_STEP][PASSED] - Statement - counter = counter + 1: null

2018-12-04 11:13:15 - [TEST_STEP][PASSED] - Statement - PreSaveFile = new java.io.File(((pathPrefix + java.lang.Integer.toString(counter)) + .png)): null

2018-12-04 11:13:15 - [TEST_STEP][PASSED] - Statement - counter = counter + 1: null

2018-12-04 11:13:15 - [TEST_STEP][PASSED] - Statement - PreSaveFile = new java.io.File(((pathPrefix + java.lang.Integer.toString(counter)) + .png)): null

2018-12-04 11:13:15 - [TEST_STEP][PASSED] - Statement - counter = counter + 1: null

2018-12-04 11:13:15 - [TEST_STEP][PASSED] - Statement - PreSaveFile = new java.io.File(((pathPrefix + java.lang.Integer.toString(counter)) + .png)): null

2018-12-04 11:13:15 - [TEST_STEP][PASSED] - Statement - counter = counter + 1: null

2018-12-04 11:13:15 - [TEST_STEP][PASSED] - Statement - PreSaveFile = new java.io.File(((pathPrefix + java.lang.Integer.toString(counter)) + .png)): null

2018-12-04 11:13:15 - [TEST_STEP][PASSED] - Statement - counter = counter + 1: null

2018-12-04 11:13:15 - [TEST_STEP][PASSED] - Statement - PreSaveFile = new java.io.File(((pathPrefix + java.lang.Integer.toString(counter)) + .png)): null

2018-12-04 11:13:17 - [TEST_STEP][PASSED] - Statement - counter = counter + 1: null

2018-12-04 11:13:17 - [TEST_STEP][PASSED] - Statement - PreSaveFile = new java.io.File(((pathPrefix + java.lang.Integer.toString(counter)) + .png)): null

2018-12-04 11:13:17 - [TEST_STEP][PASSED] - Statement - counter = counter + 1: null

2018-12-04 11:13:17 - [TEST_STEP][PASSED] - Statement - PreSaveFile = new java.io.File(((pathPrefix + java.lang.Integer.toString(counter)) + .png)): null

2018-12-04 11:13:17 - [TEST_STEP][PASSED] - Statement - counter = counter + 1: null

2018-12-04 11:13:17 - [TEST_STEP][PASSED] - Statement - PreSaveFile = new java.io.File(((pathPrefix + java.lang.Integer.toString(counter)) + .png)): null

2018-12-04 11:13:17 - [TEST_STEP][PASSED] - Statement - counter = counter + 1: null

2018-12-04 11:13:17 - [TEST_STEP][PASSED] - Statement - PreSaveFile = new java.io.File(((pathPrefix + java.lang.Integer.toString(counter)) + .png)): null

2018-12-04 11:13:17 - [TEST_STEP][PASSED] - Statement - counter = counter + 1: null

2018-12-04 11:13:19 - [TEST_STEP][PASSED] - Statement - PreSaveFile = new java.io.File(((pathPrefix + java.lang.Integer.toString(counter)) + .png)): null

2018-12-04 11:13:19 - [TEST_STEP][PASSED] - Statement - counter = counter + 1: null

2018-12-04 11:13:19 - [TEST_STEP][PASSED] - Statement - PreSaveFile = new java.io.File(((pathPrefix + java.lang.Integer.toString(counter)) + .png)): null

2018-12-04 11:13:19 - [TEST_STEP][PASSED] - Statement - counter = counter + 1: null

2018-12-04 11:13:19 - [TEST_STEP][PASSED] - Statement - PreSaveFile = new java.io.File(((pathPrefix + java.lang.Integer.toString(counter)) + .png)): null

2018-12-04 11:13:19 - [TEST_STEP][PASSED] - Statement - counter = counter + 1: null

2018-12-04 11:13:19 - [TEST_STEP][PASSED] - Statement - PreSaveFile = new java.io.File(((pathPrefix + java.lang.Integer.toString(counter)) + .png)): null

2018-12-04 11:13:19 - [TEST_STEP][PASSED] - Statement - counter = counter + 1: null

2018-12-04 11:13:19 - [TEST_STEP][PASSED] - Statement - PreSaveFile = new java.io.File(((pathPrefix + java.lang.Integer.toString(counter)) + .png)): null

2018-12-04 11:13:19 - [TEST_STEP][PASSED] - Statement - counter = counter + 1: null

2018-12-04 11:13:21 - [TEST_STEP][PASSED] - Statement - PreSaveFile = new java.io.File(((pathPrefix + java.lang.Integer.toString(counter)) + .png)): null

2018-12-04 11:13:21 - [TEST_STEP][PASSED] - Statement - counter = counter + 1: null

2018-12-04 11:13:21 - [TEST_STEP][PASSED] - Statement - PreSaveFile = new java.io.File(((pathPrefix + java.lang.Integer.toString(counter)) + .png)): null

2018-12-04 11:13:21 - [TEST_STEP][PASSED] - Statement - counter = counter + 1: null

2018-12-04 11:13:21 - [TEST_STEP][PASSED] - Statement - PreSaveFile = new java.io.File(((pathPrefix + java.lang.Integer.toString(counter)) + .png)): null

2018-12-04 11:13:21 - [TEST_STEP][PASSED] - Statement - counter = counter + 1: null

2018-12-04 11:13:21 - [TEST_STEP][PASSED] - Statement - PreSaveFile = new java.io.File(((pathPrefix + java.lang.Integer.toString(counter)) + .png)): null

2018-12-04 11:13:21 - [TEST_STEP][PASSED] - Statement - counter = counter + 1: null

2018-12-04 11:13:21 - [TEST_STEP][PASSED] - Statement - PreSaveFile = new java.io.File(((pathPrefix + java.lang.Integer.toString(counter)) + .png)): null

2018-12-04 11:13:21 - [TEST_STEP][PASSED] - Statement - counter = counter + 1: null

2018-12-04 11:13:23 - [TEST_STEP][PASSED] - Statement - PreSaveFile = new java.io.File(((pathPrefix + java.lang.Integer.toString(counter)) + .png)): null

2018-12-04 11:13:23 - [TEST_STEP][PASSED] - Statement - counter = counter + 1: null

2018-12-04 11:13:23 - [TEST_STEP][PASSED] - Statement - PreSaveFile = new java.io.File(((pathPrefix + java.lang.Integer.toString(counter)) + .png)): null

2018-12-04 11:13:23 - [TEST_STEP][PASSED] - Statement - counter = counter + 1: null

2018-12-04 11:13:23 - [TEST_STEP][PASSED] - Statement - PreSaveFile = new java.io.File(((pathPrefix + java.lang.Integer.toString(counter)) + .png)): null

2018-12-04 11:13:23 - [TEST_STEP][PASSED] - Statement - counter = counter + 1: null

2018-12-04 11:13:23 - [TEST_STEP][PASSED] - Statement - PreSaveFile = new java.io.File(((pathPrefix + java.lang.Integer.toString(counter)) + .png)): null

2018-12-04 11:13:23 - [TEST_STEP][PASSED] - Statement - counter = counter + 1: null

2018-12-04 11:13:23 - [TEST_STEP][PASSED] - Statement - PreSaveFile = new java.io.File(((pathPrefix + java.lang.Integer.toString(counter)) + .png)): null

2018-12-04 11:13:24 - [TEST_STEP][PASSED] - Statement - counter = counter + 1: null

2018-12-04 11:13:24 - [TEST_STEP][PASSED] - Statement - PreSaveFile = new java.io.File(((pathPrefix + java.lang.Integer.toString(counter)) + .png)): null

2018-12-04 11:13:24 - [TEST_STEP][PASSED] - Statement - counter = counter + 1: null

2018-12-04 11:13:24 - [TEST_STEP][PASSED] - Statement - PreSaveFile = new java.io.File(((pathPrefix + java.lang.Integer.toString(counter)) + .png)): null

2018-12-04 11:13:24 - [TEST_STEP][PASSED] - Statement - counter = counter + 1: null

2018-12-04 11:13:24 - [TEST_STEP][PASSED] - Statement - PreSaveFile = new java.io.File(((pathPrefix + java.lang.Integer.toString(counter)) + .png)): null

2018-12-04 11:13:24 - [TEST_STEP][PASSED] - Statement - counter = counter + 1: null

2018-12-04 11:13:24 - [TEST_STEP][PASSED] - Statement - PreSaveFile = new java.io.File(((pathPrefix + java.lang.Integer.toString(counter)) + .png)): null

2018-12-04 11:13:24 - [TEST_STEP][PASSED] - Statement - counter = counter + 1: null

2018-12-04 11:13:26 - [TEST_STEP][PASSED] - Statement - PreSaveFile = new java.io.File(((pathPrefix + java.lang.Integer.toString(counter)) + .png)): null

2018-12-04 11:13:26 - [TEST_STEP][PASSED] - Statement - counter = counter + 1: null

2018-12-04 11:13:26 - [TEST_STEP][PASSED] - Statement - PreSaveFile = new java.io.File(((pathPrefix + java.lang.Integer.toString(counter)) + .png)): null

2018-12-04 11:13:26 - [TEST_STEP][PASSED] - Statement - counter = counter + 1: null

2018-12-04 11:13:26 - [TEST_STEP][PASSED] - Statement - PreSaveFile = new java.io.File(((pathPrefix + java.lang.Integer.toString(counter)) + .png)): null

2018-12-04 11:13:26 - [TEST_STEP][PASSED] - Statement - counter = counter + 1: null

2018-12-04 11:13:26 - [TEST_STEP][PASSED] - Statement - PreSaveFile = new java.io.File(((pathPrefix + java.lang.Integer.toString(counter)) + .png)): null

2018-12-04 11:13:26 - [TEST_STEP][PASSED] - Statement - counter = counter + 1: null

2018-12-04 11:13:26 - [TEST_STEP][PASSED] - Statement - PreSaveFile = new java.io.File(((pathPrefix + java.lang.Integer.toString(counter)) + .png)): null

2018-12-04 11:13:26 - [TEST_STEP][PASSED] - Statement - counter = counter + 1: null

2018-12-04 11:13:28 - [TEST_STEP][PASSED] - Statement - PreSaveFile = new java.io.File(((pathPrefix + java.lang.Integer.toString(counter)) + .png)): null

2018-12-04 11:13:28 - [TEST_STEP][PASSED] - Statement - counter = counter + 1: null

2018-12-04 11:13:30 - [TEST_STEP][PASSED] - Statement - PreSaveFile = new java.io.File(((pathPrefix + java.lang.Integer.toString(counter)) + .png)): null

2018-12-04 11:13:30 - [TEST_STEP][PASSED] - Statement - counter = counter + 1: null

2018-12-04 11:13:30 - [TEST_STEP][PASSED] - Statement - PreSaveFile = new java.io.File(((pathPrefix + java.lang.Integer.toString(counter)) + .png)): null

2018-12-04 11:13:30 - [TEST_STEP][PASSED] - Statement - counter = counter + 1: null

2018-12-04 11:13:30 - [TEST_STEP][PASSED] - Statement - PreSaveFile = new java.io.File(((pathPrefix + java.lang.Integer.toString(counter)) + .png)): null

2018-12-04 11:13:30 - [TEST_STEP][PASSED] - Statement - counter = counter + 1: null

2018-12-04 11:13:30 - [TEST_STEP][PASSED] - Statement - PreSaveFile = new java.io.File(((pathPrefix + java.lang.Integer.toString(counter)) + .png)): null

2018-12-04 11:13:30 - [TEST_STEP][PASSED] - Statement - counter = counter + 1: null

2018-12-04 11:13:30 - [TEST_STEP][PASSED] - Statement - PreSaveFile = new java.io.File(((pathPrefix + java.lang.Integer.toString(counter)) + .png)): null

2018-12-04 11:13:30 - [TEST_STEP][PASSED] - Statement - counter = counter + 1: null

2018-12-04 11:13:30 - [TEST_STEP][PASSED] - Statement - PreSaveFile = new java.io.File(((pathPrefix + java.lang.Integer.toString(counter)) + .png)): null

2018-12-04 11:13:30 - [TEST_STEP][PASSED] - Statement - counter = counter + 1: null

2018-12-04 11:13:30 - [TEST_STEP][PASSED] - Statement - PreSaveFile = new java.io.File(((pathPrefix + java.lang.Integer.toString(counter)) + .png)): null

2018-12-04 11:13:30 - [TEST_STEP][PASSED] - Statement - counter = counter + 1: null

2018-12-04 11:13:30 - [TEST_STEP][PASSED] - Statement - PreSaveFile = new java.io.File(((pathPrefix + java.lang.Integer.toString(counter)) + .png)): null

2018-12-04 11:13:30 - [TEST_STEP][PASSED] - Statement - counter = counter + 1: null

2018-12-04 11:13:30 - [TEST_STEP][PASSED] - Statement - PreSaveFile = new java.io.File(((pathPrefix + java.lang.Integer.toString(counter)) + .png)): null

2018-12-04 11:13:30 - [TEST_STEP][PASSED] - Statement - counter = counter + 1: null

2018-12-04 11:13:30 - [TEST_STEP][PASSED] - Statement - PreSaveFile = new java.io.File(((pathPrefix + java.lang.Integer.toString(counter)) + .png)): null

2018-12-04 11:13:32 - [TEST_STEP][PASSED] - Statement - counter = counter + 1: null

2018-12-04 11:13:32 - [TEST_STEP][PASSED] - Statement - PreSaveFile = new java.io.File(((pathPrefix + java.lang.Integer.toString(counter)) + .png)): null

2018-12-04 11:13:32 - [TEST_STEP][PASSED] - Statement - counter = counter + 1: null

2018-12-04 11:13:32 - [TEST_STEP][PASSED] - Statement - PreSaveFile = new java.io.File(((pathPrefix + java.lang.Integer.toString(counter)) + .png)): null

2018-12-04 11:13:32 - [TEST_STEP][PASSED] - Statement - counter = counter + 1: null

2018-12-04 11:13:32 - [TEST_STEP][PASSED] - Statement - PreSaveFile = new java.io.File(((pathPrefix + java.lang.Integer.toString(counter)) + .png)): null

2018-12-04 11:13:32 - [TEST_STEP][PASSED] - Statement - counter = counter + 1: null

2018-12-04 11:13:32 - [TEST_STEP][PASSED] - Statement - PreSaveFile = new java.io.File(((pathPrefix + java.lang.Integer.toString(counter)) + .png)): null

2018-12-04 11:13:32 - [TEST_STEP][PASSED] - Statement - counter = counter + 1: null

2018-12-04 11:13:34 - [TEST_STEP][PASSED] - Statement - PreSaveFile = new java.io.File(((pathPrefix + java.lang.Integer.toString(counter)) + .png)): null

2018-12-04 11:13:34 - [TEST_STEP][PASSED] - Statement - counter = counter + 1: null

2018-12-04 11:13:34 - [TEST_STEP][PASSED] - Statement - PreSaveFile = new java.io.File(((pathPrefix + java.lang.Integer.toString(counter)) + .png)): null

2018-12-04 11:13:34 - [TEST_STEP][PASSED] - Statement - counter = counter + 1: null

2018-12-04 11:13:34 - [TEST_STEP][PASSED] - Statement - PreSaveFile = new java.io.File(((pathPrefix + java.lang.Integer.toString(counter)) + .png)): null

2018-12-04 11:13:34 - [TEST_STEP][PASSED] - Statement - counter = counter + 1: null

2018-12-04 11:13:34 - [TEST_STEP][PASSED] - Statement - PreSaveFile = new java.io.File(((pathPrefix + java.lang.Integer.toString(counter)) + .png)): null

2018-12-04 11:13:34 - [TEST_STEP][PASSED] - Statement - counter = counter + 1: null

2018-12-04 11:13:34 - [TEST_STEP][PASSED] - Statement - PreSaveFile = new java.io.File(((pathPrefix + java.lang.Integer.toString(counter)) + .png)): null

2018-12-04 11:13:34 - [TEST_STEP][PASSED] - Statement - counter = counter + 1: null

2018-12-04 11:13:36 - [TEST_STEP][PASSED] - Statement - PreSaveFile = new java.io.File(((pathPrefix + java.lang.Integer.toString(counter)) + .png)): null

2018-12-04 11:13:36 - [TEST_STEP][PASSED] - Statement - counter = counter + 1: null

2018-12-04 11:13:36 - [TEST_STEP][PASSED] - Statement - PreSaveFile = new java.io.File(((pathPrefix + java.lang.Integer.toString(counter)) + .png)): null

2018-12-04 11:13:36 - [TEST_STEP][PASSED] - Statement - counter = counter + 1: null

2018-12-04 11:13:36 - [TEST_STEP][PASSED] - Statement - PreSaveFile = new java.io.File(((pathPrefix + java.lang.Integer.toString(counter)) + .png)): null

2018-12-04 11:13:36 - [TEST_STEP][PASSED] - Statement - counter = counter + 1: null

2018-12-04 11:13:36 - [TEST_STEP][PASSED] - Statement - PreSaveFile = new java.io.File(((pathPrefix + java.lang.Integer.toString(counter)) + .png)): null

2018-12-04 11:13:36 - [TEST_STEP][PASSED] - Statement - counter = counter + 1: null

2018-12-04 11:13:36 - [TEST_STEP][PASSED] - Statement - PreSaveFile = new java.io.File(((pathPrefix + java.lang.Integer.toString(counter)) + .png)): null

2018-12-04 11:13:36 - [TEST_STEP][PASSED] - Statement - counter = counter + 1: null

2018-12-04 11:13:38 - [TEST_STEP][PASSED] - Statement - PreSaveFile = new java.io.File(((pathPrefix + java.lang.Integer.toString(counter)) + .png)): null

2018-12-04 11:13:38 - [TEST_STEP][PASSED] - Statement - counter = counter + 1: null

2018-12-04 11:13:38 - [TEST_STEP][PASSED] - Statement - PreSaveFile = new java.io.File(((pathPrefix + java.lang.Integer.toString(counter)) + .png)): null

2018-12-04 11:13:38 - [TEST_STEP][PASSED] - Statement - counter = counter + 1: null

2018-12-04 11:13:38 - [TEST_STEP][PASSED] - Statement - PreSaveFile = new java.io.File(((pathPrefix + java.lang.Integer.toString(counter)) + .png)): null

2018-12-04 11:13:38 - [TEST_STEP][PASSED] - Statement - counter = counter + 1: null

2018-12-04 11:13:38 - [TEST_STEP][PASSED] - Statement - PreSaveFile = new java.io.File(((pathPrefix + java.lang.Integer.toString(counter)) + .png)): null

2018-12-04 11:13:38 - [TEST_STEP][PASSED] - Statement - counter = counter + 1: null

2018-12-04 11:13:38 - [TEST_STEP][PASSED] - Statement - PreSaveFile = new java.io.File(((pathPrefix + java.lang.Integer.toString(counter)) + .png)): null

2018-12-04 11:13:40 - [TEST_STEP][PASSED] - Statement - counter = counter + 1: null

2018-12-04 11:13:40 - [TEST_STEP][PASSED] - Statement - PreSaveFile = new java.io.File(((pathPrefix + java.lang.Integer.toString(counter)) + .png)): null

2018-12-04 11:13:40 - [TEST_STEP][PASSED] - Statement - counter = counter + 1: null

2018-12-04 11:13:40 - [TEST_STEP][PASSED] - Statement - PreSaveFile = new java.io.File(((pathPrefix + java.lang.Integer.toString(counter)) + .png)): null

2018-12-04 11:13:40 - [TEST_STEP][PASSED] - Statement - counter = counter + 1: null

2018-12-04 11:13:40 - [TEST_STEP][PASSED] - Statement - PreSaveFile = new java.io.File(((pathPrefix + java.lang.Integer.toString(counter)) + .png)): null

2018-12-04 11:13:40 - [TEST_STEP][PASSED] - Statement - counter = counter + 1: null

2018-12-04 11:13:40 - [TEST_STEP][PASSED] - Statement - PreSaveFile = new java.io.File(((pathPrefix + java.lang.Integer.toString(counter)) + .png)): null

2018-12-04 11:13:40 - [TEST_STEP][PASSED] - Statement - counter = counter + 1: null

2018-12-04 11:13:42 - [TEST_STEP][PASSED] - Statement - PreSaveFile = new java.io.File(((pathPrefix + java.lang.Integer.toString(counter)) + .png)): null

2018-12-04 11:13:42 - [TEST_STEP][PASSED] - Statement - counter = counter + 1: null

2018-12-04 11:13:42 - [TEST_STEP][PASSED] - Statement - PreSaveFile = new java.io.File(((pathPrefix + java.lang.Integer.toString(counter)) + .png)): null

2018-12-04 11:13:42 - [TEST_STEP][PASSED] - Statement - counter = counter + 1: null

2018-12-04 11:13:42 - [TEST_STEP][PASSED] - Statement - PreSaveFile = new java.io.File(((pathPrefix + java.lang.Integer.toString(counter)) + .png)): null

2018-12-04 11:13:42 - [TEST_STEP][PASSED] - Statement - counter = counter + 1: null

2018-12-04 11:13:42 - [TEST_STEP][PASSED] - Statement - PreSaveFile = new java.io.File(((pathPrefix + java.lang.Integer.toString(counter)) + .png)): null

2018-12-04 11:13:42 - [TEST_STEP][PASSED] - Statement - counter = counter + 1: null

2018-12-04 11:13:42 - [TEST_STEP][PASSED] - Statement - PreSaveFile = new java.io.File(((pathPrefix + java.lang.Integer.toString(counter)) + .png)): null

2018-12-04 11:13:42 - [TEST_STEP][PASSED] - Statement - counter = counter + 1: null

2018-12-04 11:13:44 - [TEST_STEP][PASSED] - Statement - PreSaveFile = new java.io.File(((pathPrefix + java.lang.Integer.toString(counter)) + .png)): null

2018-12-04 11:13:44 - [TEST_STEP][PASSED] - Statement - counter = counter + 1: null

2018-12-04 11:13:44 - [TEST_STEP][PASSED] - Statement - PreSaveFile = new java.io.File(((pathPrefix + java.lang.Integer.toString(counter)) + .png)): null

2018-12-04 11:13:44 - [TEST_STEP][PASSED] - Statement - counter = counter + 1: null

2018-12-04 11:13:44 - [TEST_STEP][PASSED] - Statement - PreSaveFile = new java.io.File(((pathPrefix + java.lang.Integer.toString(counter)) + .png)): null

2018-12-04 11:13:44 - [TEST_STEP][PASSED] - Statement - counter = counter + 1: null

2018-12-04 11:13:44 - [TEST_STEP][PASSED] - Statement - PreSaveFile = new java.io.File(((pathPrefix + java.lang.Integer.toString(counter)) + .png)): null

2018-12-04 11:13:44 - [TEST_STEP][PASSED] - Statement - counter = counter + 1: null

2018-12-04 11:13:44 - [TEST_STEP][PASSED] - Statement - PreSaveFile = new java.io.File(((pathPrefix + java.lang.Integer.toString(counter)) + .png)): null

2018-12-04 11:13:44 - [TEST_STEP][PASSED] - Statement - counter = counter + 1: null

2018-12-04 11:13:46 - [TEST_STEP][PASSED] - Statement - PreSaveFile = new java.io.File(((pathPrefix + java.lang.Integer.toString(counter)) + .png)): null

2018-12-04 11:13:46 - [TEST_STEP][PASSED] - Statement - counter = counter + 1: null

2018-12-04 11:13:46 - [TEST_STEP][PASSED] - Statement - PreSaveFile = new java.io.File(((pathPrefix + java.lang.Integer.toString(counter)) + .png)): null

2018-12-04 11:13:46 - [TEST_STEP][PASSED] - Statement - counter = counter + 1: null

2018-12-04 11:13:46 - [TEST_STEP][PASSED] - Statement - PreSaveFile = new java.io.File(((pathPrefix + java.lang.Integer.toString(counter)) + .png)): null

2018-12-04 11:13:46 - [TEST_STEP][PASSED] - Statement - counter = counter + 1: null

2018-12-04 11:13:46 - [TEST_STEP][PASSED] - Statement - PreSaveFile = new java.io.File(((pathPrefix + java.lang.Integer.toString(counter)) + .png)): null

2018-12-04 11:13:46 - [TEST_STEP][PASSED] - Statement - counter = counter + 1: null

2018-12-04 11:13:46 - [TEST_STEP][PASSED] - Statement - PreSaveFile = new java.io.File(((pathPrefix + java.lang.Integer.toString(counter)) + .png)): null

2018-12-04 11:13:46 - [TEST_STEP][PASSED] - Statement - counter = counter + 1: null

2018-12-04 11:13:48 - [TEST_STEP][PASSED] - Statement - PreSaveFile = new java.io.File(((pathPrefix + java.lang.Integer.toString(counter)) + .png)): null

2018-12-04 11:13:48 - [TEST_STEP][PASSED] - Statement - counter = counter + 1: null

2018-12-04 11:13:48 - [TEST_STEP][PASSED] - Statement - PreSaveFile = new java.io.File(((pathPrefix + java.lang.Integer.toString(counter)) + .png)): null

2018-12-04 11:13:48 - [TEST_STEP][PASSED] - Statement - counter = counter + 1: null

2018-12-04 11:13:48 - [TEST_STEP][PASSED] - Statement - PreSaveFile = new java.io.File(((pathPrefix + java.lang.Integer.toString(counter)) + .png)): null

2018-12-04 11:13:48 - [TEST_STEP][PASSED] - Statement - counter = counter + 1: null

2018-12-04 11:13:48 - [TEST_STEP][PASSED] - Statement - PreSaveFile = new java.io.File(((pathPrefix + java.lang.Integer.toString(counter)) + .png)): null

2018-12-04 11:13:48 - [TEST_STEP][PASSED] - Statement - counter = counter + 1: null

2018-12-04 11:13:48 - [TEST_STEP][PASSED] - Statement - PreSaveFile = new java.io.File(((pathPrefix + java.lang.Integer.toString(counter)) + .png)): null

2018-12-04 11:13:50 - [TEST_STEP][PASSED] - Statement - counter = counter + 1: null

2018-12-04 11:13:50 - [TEST_STEP][PASSED] - Statement - PreSaveFile = new java.io.File(((pathPrefix + java.lang.Integer.toString(counter)) + .png)): null

2018-12-04 11:13:50 - [TEST_STEP][PASSED] - Statement - counter = counter + 1: null

2018-12-04 11:13:50 - [TEST_STEP][PASSED] - Statement - PreSaveFile = new java.io.File(((pathPrefix + java.lang.Integer.toString(counter)) + .png)): null

2018-12-04 11:13:50 - [TEST_STEP][PASSED] - Statement - counter = counter + 1: null

2018-12-04 11:13:50 - [TEST_STEP][PASSED] - Statement - PreSaveFile = new java.io.File(((pathPrefix + java.lang.Integer.toString(counter)) + .png)): null

2018-12-04 11:13:50 - [TEST_STEP][PASSED] - Statement - counter = counter + 1: null

2018-12-04 11:13:50 - [TEST_STEP][PASSED] - Statement - PreSaveFile = new java.io.File(((pathPrefix + java.lang.Integer.toString(counter)) + .png)): null

2018-12-04 11:13:50 - [TEST_STEP][PASSED] - Statement - counter = counter + 1: null

2018-12-04 11:13:52 - [TEST_STEP][PASSED] - Statement - PreSaveFile = new java.io.File(((pathPrefix + java.lang.Integer.toString(counter)) + .png)): null

2018-12-04 11:13:52 - [TEST_STEP][PASSED] - Statement - counter = counter + 1: null

2018-12-04 11:13:52 - [TEST_STEP][PASSED] - Statement - PreSaveFile = new java.io.File(((pathPrefix + java.lang.Integer.toString(counter)) + .png)): null

2018-12-04 11:13:52 - [TEST_STEP][PASSED] - Statement - counter = counter + 1: null

2018-12-04 11:13:52 - [TEST_STEP][PASSED] - Statement - PreSaveFile = new java.io.File(((pathPrefix + java.lang.Integer.toString(counter)) + .png)): null

2018-12-04 11:13:52 - [TEST_STEP][PASSED] - Statement - counter = counter + 1: null

2018-12-04 11:13:52 - [TEST_STEP][PASSED] - Statement - PreSaveFile = new java.io.File(((pathPrefix + java.lang.Integer.toString(counter)) + .png)): null

2018-12-04 11:13:52 - [TEST_STEP][PASSED] - Statement - counter = counter + 1: null

2018-12-04 11:13:52 - [TEST_STEP][PASSED] - Statement - PreSaveFile = new java.io.File(((pathPrefix + java.lang.Integer.toString(counter)) + .png)): null

2018-12-04 11:13:52 - [TEST_STEP][PASSED] - Statement - counter = counter + 1: null

2018-12-04 11:13:55 - [TEST_STEP][PASSED] - Statement - PreSaveFile = new java.io.File(((pathPrefix + java.lang.Integer.toString(counter)) + .png)): null

2018-12-04 11:13:55 - [TEST_STEP][PASSED] - Statement - counter = counter + 1: null

2018-12-04 11:13:55 - [TEST_STEP][PASSED] - Statement - PreSaveFile = new java.io.File(((pathPrefix + java.lang.Integer.toString(counter)) + .png)): null

2018-12-04 11:13:55 - [TEST_STEP][PASSED] - Statement - counter = counter + 1: null

2018-12-04 11:13:55 - [TEST_STEP][PASSED] - Statement - PreSaveFile = new java.io.File(((pathPrefix + java.lang.Integer.toString(counter)) + .png)): null

2018-12-04 11:13:55 - [TEST_STEP][PASSED] - Statement - counter = counter + 1: null

2018-12-04 11:13:55 - [TEST_STEP][PASSED] - Statement - PreSaveFile = new java.io.File(((pathPrefix + java.lang.Integer.toString(counter)) + .png)): null

2018-12-04 11:13:55 - [TEST_STEP][PASSED] - Statement - counter = counter + 1: null

2018-12-04 11:13:55 - [TEST_STEP][PASSED] - Statement - PreSaveFile = new java.io.File(((pathPrefix + java.lang.Integer.toString(counter)) + .png)): null

2018-12-04 11:13:55 - [TEST_STEP][PASSED] - Statement - counter = counter + 1: null

2018-12-04 11:13:57 - [TEST_STEP][PASSED] - Statement - PreSaveFile = new java.io.File(((pathPrefix + java.lang.Integer.toString(counter)) + .png)): null

2018-12-04 11:13:57 - [TEST_STEP][PASSED] - Statement - counter = counter + 1: null

2018-12-04 11:13:57 - [TEST_STEP][PASSED] - Statement - PreSaveFile = new java.io.File(((pathPrefix + java.lang.Integer.toString(counter)) + .png)): null

2018-12-04 11:13:57 - [TEST_STEP][PASSED] - Statement - counter = counter + 1: null

2018-12-04 11:13:57 - [TEST_STEP][PASSED] - Statement - PreSaveFile = new java.io.File(((pathPrefix + java.lang.Integer.toString(counter)) + .png)): null

2018-12-04 11:13:57 - [TEST_STEP][PASSED] - Statement - counter = counter + 1: null

2018-12-04 11:13:57 - [TEST_STEP][PASSED] - Statement - PreSaveFile = new java.io.File(((pathPrefix + java.lang.Integer.toString(counter)) + .png)): null

2018-12-04 11:13:57 - [TEST_STEP][PASSED] - Statement - counter = counter + 1: null

2018-12-04 11:13:57 - [TEST_STEP][PASSED] - Statement - PreSaveFile = new java.io.File(((pathPrefix + java.lang.Integer.toString(counter)) + .png)): null

2018-12-04 11:13:59 - [TEST_STEP][PASSED] - Statement - counter = counter + 1: null

2018-12-04 11:13:59 - [TEST_STEP][PASSED] - Statement - PreSaveFile = new java.io.File(((pathPrefix + java.lang.Integer.toString(counter)) + .png)): null

2018-12-04 11:13:59 - [TEST_STEP][PASSED] - Statement - counter = counter + 1: null

2018-12-04 11:13:59 - [TEST_STEP][PASSED] - Statement - PreSaveFile = new java.io.File(((pathPrefix + java.lang.Integer.toString(counter)) + .png)): null

2018-12-04 11:13:59 - [TEST_STEP][PASSED] - Statement - counter = counter + 1: null

2018-12-04 11:13:59 - [TEST_STEP][PASSED] - Statement - PreSaveFile = new java.io.File(((pathPrefix + java.lang.Integer.toString(counter)) + .png)): null

2018-12-04 11:13:59 - [TEST_STEP][PASSED] - Statement - counter = counter + 1: null

2018-12-04 11:13:59 - [TEST_STEP][PASSED] - Statement - PreSaveFile = new java.io.File(((pathPrefix + java.lang.Integer.toString(counter)) + .png)): null

2018-12-04 11:13:59 - [TEST_STEP][PASSED] - Statement - counter = counter + 1: null

2018-12-04 11:13:59 - [TEST_STEP][PASSED] - Statement - PreSaveFile = new java.io.File(((pathPrefix + java.lang.Integer.toString(counter)) + .png)): null

2018-12-04 11:14:01 - [TEST_STEP][PASSED] - Statement - counter = counter + 1: null

2018-12-04 11:14:01 - [TEST_STEP][PASSED] - Statement - PreSaveFile = new java.io.File(((pathPrefix + java.lang.Integer.toString(counter)) + .png)): null

2018-12-04 11:14:01 - [TEST_STEP][PASSED] - Statement - counter = counter + 1: null

2018-12-04 11:14:01 - [TEST_STEP][PASSED] - Statement - PreSaveFile = new java.io.File(((pathPrefix + java.lang.Integer.toString(counter)) + .png)): null

2018-12-04 11:14:01 - [TEST_STEP][PASSED] - Statement - counter = counter + 1: null

2018-12-04 11:14:01 - [TEST_STEP][PASSED] - Statement - PreSaveFile = new java.io.File(((pathPrefix + java.lang.Integer.toString(counter)) + .png)): null

2018-12-04 11:14:01 - [TEST_STEP][PASSED] - Statement - counter = counter + 1: null

2018-12-04 11:14:01 - [TEST_STEP][PASSED] - Statement - PreSaveFile = new java.io.File(((pathPrefix + java.lang.Integer.toString(counter)) + .png)): null

2018-12-04 11:14:01 - [TEST_STEP][PASSED] - Statement - counter = counter + 1: null

2018-12-04 11:14:04 - [TEST_STEP][PASSED] - Statement - PreSaveFile = new java.io.File(((pathPrefix + java.lang.Integer.toString(counter)) + .png)): null

2018-12-04 11:14:04 - [TEST_STEP][PASSED] - Statement - counter = counter + 1: null

2018-12-04 11:14:04 - [TEST_STEP][PASSED] - Statement - PreSaveFile = new java.io.File(((pathPrefix + java.lang.Integer.toString(counter)) + .png)): null

2018-12-04 11:14:04 - [TEST_STEP][PASSED] - Statement - counter = counter + 1: null

2018-12-04 11:14:04 - [TEST_STEP][PASSED] - Statement - PreSaveFile = new java.io.File(((pathPrefix + java.lang.Integer.toString(counter)) + .png)): null

2018-12-04 11:14:04 - [TEST_STEP][PASSED] - Statement - counter = counter + 1: null

2018-12-04 11:14:04 - [TEST_STEP][PASSED] - Statement - PreSaveFile = new java.io.File(((pathPrefix + java.lang.Integer.toString(counter)) + .png)): null

2018-12-04 11:14:04 - [TEST_STEP][PASSED] - Statement - counter = counter + 1: null

2018-12-04 11:14:04 - [TEST_STEP][PASSED] - Statement - PreSaveFile = new java.io.File(((pathPrefix + java.lang.Integer.toString(counter)) + .png)): null

2018-12-04 11:14:04 - [TEST_STEP][PASSED] - Statement - counter = counter + 1: null

2018-12-04 11:14:06 - [TEST_STEP][PASSED] - Statement - PreSaveFile = new java.io.File(((pathPrefix + java.lang.Integer.toString(counter)) + .png)): null

2018-12-04 11:14:06 - [TEST_STEP][PASSED] - Statement - counter = counter + 1: null

2018-12-04 11:14:06 - [TEST_STEP][PASSED] - Statement - PreSaveFile = new java.io.File(((pathPrefix + java.lang.Integer.toString(counter)) + .png)): null

2018-12-04 11:14:06 - [TEST_STEP][PASSED] - Statement - counter = counter + 1: null

2018-12-04 11:14:06 - [TEST_STEP][PASSED] - Statement - PreSaveFile = new java.io.File(((pathPrefix + java.lang.Integer.toString(counter)) + .png)): null

2018-12-04 11:14:06 - [TEST_STEP][PASSED] - Statement - counter = counter + 1: null

2018-12-04 11:14:06 - [TEST_STEP][PASSED] - Statement - PreSaveFile = new java.io.File(((pathPrefix + java.lang.Integer.toString(counter)) + .png)): null

2018-12-04 11:14:06 - [TEST_STEP][PASSED] - Statement - counter = counter + 1: null

2018-12-04 11:14:06 - [TEST_STEP][PASSED] - Statement - PreSaveFile = new java.io.File(((pathPrefix + java.lang.Integer.toString(counter)) + .png)): null

2018-12-04 11:14:06 - [TEST_STEP][PASSED] - Statement - counter = counter + 1: null

2018-12-04 11:14:08 - [TEST_STEP][PASSED] - Statement - PreSaveFile = new java.io.File(((pathPrefix + java.lang.Integer.toString(counter)) + .png)): null

2018-12-04 11:14:08 - [TEST_STEP][PASSED] - Statement - counter = counter + 1: null

2018-12-04 11:14:08 - [TEST_STEP][PASSED] - Statement - PreSaveFile = new java.io.File(((pathPrefix + java.lang.Integer.toString(counter)) + .png)): null

2018-12-04 11:14:08 - [TEST_STEP][PASSED] - Statement - counter = counter + 1: null

2018-12-04 11:14:08 - [TEST_STEP][PASSED] - Statement - PreSaveFile = new java.io.File(((pathPrefix + java.lang.Integer.toString(counter)) + .png)): null

2018-12-04 11:14:08 - [TEST_STEP][PASSED] - Statement - counter = counter + 1: null

2018-12-04 11:14:08 - [TEST_STEP][PASSED] - Statement - PreSaveFile = new java.io.File(((pathPrefix + java.lang.Integer.toString(counter)) + .png)): null

2018-12-04 11:14:08 - [TEST_STEP][PASSED] - Statement - finalPath = pathPrefix + java.lang.Integer.toString(counter) + ".png": null

2018-12-04 11:14:10 - [TEST_STEP][PASSED] - Statement - SaveFile = new java.io.File(finalPath): null

2018-12-04 11:14:10 - [TEST_STEP][PASSED] - Statement - Try: null

2018-12-04 11:14:10 - [TEST_STEP][PASSED] - Statement - org.apache.commons.io.FileUtils.copyFile(scrFile, SaveFile): null

2018-12-04 11:14:10 - [TEST_STEP][PASSED] - Statement - out.println("file kept"): null

2018-12-04 11:14:10 - [TEST_STEP][PASSED] - delay: Delayed 10 second(s)

2018-12-04 11:14:20 - [MESSAGE][PASSED] - Delayed 10 second(s)

2018-12-04 11:14:20 - [MESSAGE][PASSED] - Call Test Case 'Test Cases/Final Aug 2018 - PKS Automation/Registration Module/New Registration/Submit and Screenshot/Submit Registration and Screenshot' successfully

2018-12-04 11:14:20 - [TEST_STEP][PASSED] - callTestCase: Call Test Case 'Test Cases/Final Aug 2018 - PKS Automation/Registration Module/Log Out/log out avoiding katalon tagging' successfully

2018-12-04 11:14:20 - [TEST_CASE][PASSED] - Test Cases/Final Aug 2018 - PKS Automation/Registration Module/Log Out/log out avoiding katalon tagging: Test Cases/Final Aug 2018 - PKS Automation/Registration Module/Log Out/log out avoiding katalon tagging

2018-12-04 11:14:20 - [TEST_STEP][PASSED] - navigateToUrl: Navigate to 'https://assist2-uat.perkeso.gov.my/c/portal/logout' successfully

2018-12-04 11:14:21 - [MESSAGE][PASSED] - Navigate to 'https://assist2-uat.perkeso.gov.my/c/portal/logout' successfully

2018-12-04 11:14:21 - [MESSAGE][PASSED] - Call Test Case 'Test Cases/Final Aug 2018 - PKS Automation/Registration Module/Log Out/log out avoiding katalon tagging' successfully

2018-12-04 11:14:21 - [TEST_STEP][PASSED] - callTestCase: Call Test Case 'Test Cases/Final Aug 2018 - PKS Automation/Common/Workflow Owner Finder' successfully

2018-12-04 11:14:21 - [TEST_CASE][PASSED] - Test Cases/Final Aug 2018 - PKS Automation/Common/Workflow Owner Finder: Test Cases/Final Aug 2018 - PKS Automation/Common/Workflow Owner Finder

2018-12-04 11:14:21 - [TEST_STEP][PASSED] - openBrowser: Browser is opened with url: ''

2018-12-04 11:14:21 - [MESSAGE][WARNING] - A browser is already opened. Closing browser and opening a new one

2018-12-04 11:14:24 - [MESSAGE][PASSED] - Browser is opened with url: ''

2018-12-04 11:14:24 - [TEST_STEP][PASSED] - navigateToUrl: Navigate to 'https://assist2-uat.perkeso.gov.my/login' successfully

2018-12-04 11:14:25 - [MESSAGE][PASSED] - Navigate to 'https://assist2-uat.perkeso.gov.my/login' successfully

2018-12-04 11:14:25 - [TEST_STEP][PASSED] - delay: Delayed 5 second(s)

2018-12-04 11:14:30 - [MESSAGE][PASSED] - Delayed 5 second(s)

2018-12-04 11:14:30 - [TEST_STEP][PASSED] - setText: Text 'test@liferay.com' is set on object 'Object Repository/Final Object Repo/Login Page/Internal User/Email Address'

2018-12-04 11:14:31 - [MESSAGE][PASSED] - Text 'test@liferay.com' is set on object 'Object Repository/Final Object Repo/Login Page/Internal User/Email Address'

2018-12-04 11:14:31 - [TEST_STEP][PASSED] - click: Object: 'Object Repository/Final Object Repo/Login Page/Internal User/Next Button' is clicked on

2018-12-04 11:14:31 - [MESSAGE][PASSED] - Object: 'Object Repository/Final Object Repo/Login Page/Internal User/Next Button' is clicked on

2018-12-04 11:14:31 - [TEST_STEP][PASSED] - delay: Delayed 2 second(s)

2018-12-04 11:14:33 - [MESSAGE][PASSED] - Delayed 2 second(s)

2018-12-04 11:14:33 - [TEST_STEP][PASSED] - setText: Text 'test' is set on object 'Object Repository/Final Object Repo/Login Page/Internal User/Password'

2018-12-04 11:14:33 - [MESSAGE][PASSED] - Text 'test' is set on object 'Object Repository/Final Object Repo/Login Page/Internal User/Password'

2018-12-04 11:14:33 - [TEST_STEP][PASSED] - delay: Delayed 2 second(s)

2018-12-04 11:14:35 - [MESSAGE][PASSED] - Delayed 2 second(s)

2018-12-04 11:14:35 - [TEST_STEP][PASSED] - click: Object: 'Object Repository/Final Object Repo/Login Page/Internal User/Login Button' is clicked on

2018-12-04 11:14:35 - [MESSAGE][PASSED] - Object: 'Object Repository/Final Object Repo/Login Page/Internal User/Login Button' is clicked on

2018-12-04 11:14:35 - [TEST_STEP][PASSED] - Statement - tester = com.kms.katalon.core.testobject.ObjectRepository.findTestObject(Final Object Repo/Landing Page/Select to English): Finding Test Object with id 'Object Repository/Final Object Repo/Landing Page/Select to English'

2018-12-04 11:14:35 - [TEST_STEP][PASSED] - Statement - Try: Delayed 2 second(s)

2018-12-04 11:14:35 - [TEST_STEP][PASSED] - Statement - Checker = com.kms.katalon.core.webui.keyword.WebUiBuiltInKeywords.verifyElementNotPresent(tester, 3): Web element with id: 'Object Repository/Final Object Repo/Landing Page/Select to English' located by 'By.xpath: //a[@class = 'taglib-language-list-text' and @lang = 'en-US' and (contains(text(), 'EN') or contains(., 'EN'))]' is not present after '3' second(s)

2018-12-04 11:14:37 - [MESSAGE][PASSED] - Web element with id: 'Object Repository/Final Object Repo/Landing Page/Select to English' located by 'By.xpath: //a[@class = 'taglib-language-list-text' and @lang = 'en-US' and (contains(text(), 'EN') or contains(., 'EN'))]' is not present after '3' second(s)

2018-12-04 11:14:37 - [TEST_STEP][PASSED] - Statement - If (Checker == false): null

2018-12-04 11:14:37 - [TEST_STEP][PASSED] - delay: Delayed 2 second(s)

2018-12-04 11:14:39 - [MESSAGE][PASSED] - Delayed 2 second(s)

2018-12-04 11:14:39 - [TEST_STEP][PASSED] - delay: Delayed 5 second(s)

2018-12-04 11:14:44 - [MESSAGE][PASSED] - Delayed 5 second(s)

2018-12-04 11:14:44 - [TEST_STEP][PASSED] - mouseOver: Object: 'Object Repository/Final Object Repo/Landing Page/WorkFlow Menu' is hovered

2018-12-04 11:14:45 - [MESSAGE][PASSED] - Object: 'Object Repository/Final Object Repo/Landing Page/WorkFlow Menu' is hovered

2018-12-04 11:14:45 - [TEST_STEP][PASSED] - delay: Delayed 2 second(s)

2018-12-04 11:14:47 - [MESSAGE][PASSED] - Delayed 2 second(s)

2018-12-04 11:14:47 - [TEST_STEP][PASSED] - click: Object: 'Object Repository/Final Object Repo/Landing Page/Select to Workflow Listing' is clicked on

2018-12-04 11:14:48 - [MESSAGE][PASSED] - Object: 'Object Repository/Final Object Repo/Landing Page/Select to Workflow Listing' is clicked on

2018-12-04 11:14:48 - [TEST_STEP][PASSED] - delay: Delayed 2 second(s)

2018-12-04 11:14:50 - [MESSAGE][PASSED] - Delayed 2 second(s)

2018-12-04 11:14:50 - [TEST_STEP][PASSED] - click: Object: 'Object Repository/Final Object Repo/WorkFlow Listing Page/Search Information - To Put Ref No' is clicked on

2018-12-04 11:14:50 - [MESSAGE][PASSED] - Object: 'Object Repository/Final Object Repo/WorkFlow Listing Page/Search Information - To Put Ref No' is clicked on

2018-12-04 11:14:50 - [TEST_STEP][PASSED] - delay: Delayed 2 second(s)

2018-12-04 11:14:52 - [MESSAGE][PASSED] - Delayed 2 second(s)

2018-12-04 11:14:52 - [TEST_STEP][PASSED] - callTestCase: Call Test Case 'Test Cases/Final Aug 2018 - PKS Automation/Common/Reference Number Getter' successfully

2018-12-04 11:14:52 - [TEST_CASE][PASSED] - Test Cases/Final Aug 2018 - PKS Automation/Common/Reference Number Getter: Test Cases/Final Aug 2018 - PKS Automation/Common/Reference Number Getter

2018-12-04 11:14:52 - [TEST_STEP][PASSED] - Statement - Try: null

2018-12-04 11:14:52 - [TEST_STEP][PASSED] - Statement - RefNo = new java.io.File(C://Users//Admin//Desktop//PKS//Automation Reference Point//KatalonReference.txt): null

2018-12-04 11:14:52 - [TEST_STEP][PASSED] - Statement - bufferread = new java.io.BufferedReader(new java.io.FileReader(RefNo)): null

2018-12-04 11:14:52 - [TEST_STEP][PASSED] - Statement - readedVal = bufferread.readLine(): null

2018-12-04 11:14:52 - [TEST_STEP][PASSED] - Statement - out.println(CaseReferenceNo): null

2018-12-04 11:14:52 - [TEST_STEP][PASSED] - Statement - out.println(readedVal): null

2018-12-04 11:14:52 - [TEST_STEP][PASSED] - Statement - CaseReferenceNo = "": null

2018-12-04 11:14:52 - [TEST_STEP][PASSED] - Statement - CaseReferenceNo = readedVal: null

2018-12-04 11:14:52 - [MESSAGE][PASSED] - Call Test Case 'Test Cases/Final Aug 2018 - PKS Automation/Common/Reference Number Getter' successfully

2018-12-04 11:14:52 - [TEST_STEP][PASSED] - setText: Text 'CRN12201800122970' is set on object 'Object Repository/Final Object Repo/WorkFlow Listing Page/Ref No Set Text'

2018-12-04 11:14:52 - [MESSAGE][PASSED] - Text 'CRN12201800122970' is set on object 'Object Repository/Final Object Repo/WorkFlow Listing Page/Ref No Set Text'

2018-12-04 11:14:52 - [TEST_STEP][PASSED] - delay: Delayed 2 second(s)

2018-12-04 11:14:54 - [MESSAGE][PASSED] - Delayed 2 second(s)

2018-12-04 11:14:54 - [TEST_STEP][PASSED] - click: Object: 'Object Repository/Final Object Repo/WorkFlow Listing Page/Search Ref No Search Button' is clicked on

2018-12-04 11:14:55 - [MESSAGE][PASSED] - Object: 'Object Repository/Final Object Repo/WorkFlow Listing Page/Search Ref No Search Button' is clicked on

2018-12-04 11:14:55 - [TEST_STEP][PASSED] - delay: Delayed 6 second(s)

2018-12-04 11:15:01 - [MESSAGE][PASSED] - Delayed 6 second(s)

2018-12-04 11:15:01 - [TEST_STEP][PASSED] - click: Object: 'Object Repository/Final Object Repo/WorkFlow Listing Page/Click Continue Tooltip' is clicked on

2018-12-04 11:15:02 - [MESSAGE][PASSED] - Object: 'Object Repository/Final Object Repo/WorkFlow Listing Page/Click Continue Tooltip' is clicked on

2018-12-04 11:15:02 - [TEST_STEP][PASSED] - delay: Delayed 5 second(s)

2018-12-04 11:15:07 - [MESSAGE][PASSED] - Delayed 5 second(s)

2018-12-04 11:15:07 - [TEST_STEP][PASSED] - doubleClick: Object: 'Object Repository/Final Object Repo/WorkFlow Listing Page/Workflow Found - Listing 1' is double clicked on

2018-12-04 11:15:07 - [MESSAGE][PASSED] - Object: 'Object Repository/Final Object Repo/WorkFlow Listing Page/Workflow Found - Listing 1' is double clicked on

2018-12-04 11:15:07 - [TEST_STEP][PASSED] - Statement - println(OwnerID): null

2018-12-04 11:15:07 - [TEST_STEP][PASSED] - Statement - OwnerID = com.kms.katalon.core.webui.keyword.WebUiBuiltInKeywords.getText(com.kms.katalon.core.testobject.ObjectRepository.findTestObject(Final Object Repo/WorkFlow Listing Page/Workflow Found - Listing 1), STOP_ON_FAILURE): Text of object 'Object Repository/Final Object Repo/WorkFlow Listing Page/Workflow Found - Listing 1' is: 'JOHORro1'

2018-12-04 11:15:07 - [MESSAGE][PASSED] - Text of object 'Object Repository/Final Object Repo/WorkFlow Listing Page/Workflow Found - Listing 1' is: 'JOHORro1'

2018-12-04 11:15:07 - [TEST_STEP][PASSED] - Statement - OwnerID = OwnerID.toLowerCase() + "@gmail.com": null

2018-12-04 11:15:07 - [TEST_STEP][PASSED] - Statement - println(OwnerID): null

2018-12-04 11:15:07 - [TEST_STEP][PASSED] - delay: Delayed 2 second(s)

2018-12-04 11:15:09 - [MESSAGE][PASSED] - Delayed 2 second(s)

2018-12-04 11:15:09 - [MESSAGE][PASSED] - Call Test Case 'Test Cases/Final Aug 2018 - PKS Automation/Common/Workflow Owner Finder' successfully

2018-12-04 11:15:09 - [TEST_STEP][PASSED] - callTestCase: Call Test Case 'Test Cases/Final Aug 2018 - PKS Automation/Registration Module/Log Out/log out avoiding katalon tagging' successfully

2018-12-04 11:15:09 - [TEST_CASE][PASSED] - Test Cases/Final Aug 2018 - PKS Automation/Registration Module/Log Out/log out avoiding katalon tagging: Test Cases/Final Aug 2018 - PKS Automation/Registration Module/Log Out/log out avoiding katalon tagging

2018-12-04 11:15:09 - [TEST_STEP][PASSED] - navigateToUrl: Navigate to 'https://assist2-uat.perkeso.gov.my/c/portal/logout' successfully

2018-12-04 11:15:10 - [MESSAGE][PASSED] - Navigate to 'https://assist2-uat.perkeso.gov.my/c/portal/logout' successfully

2018-12-04 11:15:10 - [MESSAGE][PASSED] - Call Test Case 'Test Cases/Final Aug 2018 - PKS Automation/Registration Module/Log Out/log out avoiding katalon tagging' successfully

2018-12-04 11:15:10 - [TEST_STEP][PASSED] - delay: Delayed 2 second(s)

2018-12-04 11:15:12 - [MESSAGE][PASSED] - Delayed 2 second(s)

2018-12-04 11:15:12 - [TEST_STEP][PASSED] - setText: Text 'johorro1@gmail.com' is set on object 'Object Repository/Final Object Repo/New Registration - Registration Module Pages/New Reg - OTC to RO/Special Case - All Related Objects/Email TextBox'

2018-12-04 11:15:12 - [MESSAGE][PASSED] - Text 'johorro1@gmail.com' is set on object 'Object Repository/Final Object Repo/New Registration - Registration Module Pages/New Reg - OTC to RO/Special Case - All Related Objects/Email TextBox'

2018-12-04 11:15:12 - [TEST_STEP][PASSED] - click: Object: 'Object Repository/Final Object Repo/New Registration - Registration Module Pages/New Reg - OTC to RO/Special Case - All Related Objects/Next Button' is clicked on

2018-12-04 11:15:13 - [MESSAGE][PASSED] - Object: 'Object Repository/Final Object Repo/New Registration - Registration Module Pages/New Reg - OTC to RO/Special Case - All Related Objects/Next Button' is clicked on

2018-12-04 11:15:13 - [TEST_STEP][PASSED] - delay: Delayed 2 second(s)

2018-12-04 11:15:15 - [MESSAGE][PASSED] - Delayed 2 second(s)

2018-12-04 11:15:15 - [TEST_STEP][PASSED] - setText: Text 'Test1@3456789' is set on object 'Object Repository/Final Object Repo/New Registration - Registration Module Pages/New Reg - OTC to RO/Special Case - All Related Objects/Password TextBox'

2018-12-04 11:15:15 - [MESSAGE][PASSED] - Text 'Test1@3456789' is set on object 'Object Repository/Final Object Repo/New Registration - Registration Module Pages/New Reg - OTC to RO/Special Case - All Related Objects/Password TextBox'

2018-12-04 11:15:15 - [TEST_STEP][PASSED] - delay: Delayed 2 second(s)

2018-12-04 11:15:17 - [MESSAGE][PASSED] - Delayed 2 second(s)

2018-12-04 11:15:17 - [TEST_STEP][PASSED] - click: Object: 'Object Repository/Final Object Repo/New Registration - Registration Module Pages/New Reg - OTC to RO/Special Case - All Related Objects/Login Button' is clicked on

2018-12-04 11:15:17 - [MESSAGE][PASSED] - Object: 'Object Repository/Final Object Repo/New Registration - Registration Module Pages/New Reg - OTC to RO/Special Case - All Related Objects/Login Button' is clicked on

2018-12-04 11:15:17 - [TEST_STEP][PASSED] - delay: Delayed 2 second(s)

2018-12-04 11:15:19 - [MESSAGE][PASSED] - Delayed 2 second(s)

2018-12-04 11:15:19 - [TEST_STEP][PASSED] - Statement - Try: null

2018-12-04 11:15:19 - [TEST_STEP][PASSED] - Statement - Checker = com.kms.katalon.core.webui.keyword.WebUiBuiltInKeywords.verifyElementNotPresent("Final Object Repo/Landing Page/Select to English", 3): null

2018-12-04 11:15:19 - [TEST_STEP][PASSED] - Statement - Catch (Exception e): null

2018-12-04 11:15:19 - [TEST_STEP][PASSED] - Statement - e.printStackTrace(): null

2018-12-04 11:15:19 - [TEST_STEP][PASSED] - click: Object: 'Object Repository/Final Object Repo/New Registration - Registration Module Pages/New Reg - OTC to RO/Special Case - All Related Objects/Expand to Search' is clicked on

2018-12-04 11:15:19 - [MESSAGE][PASSED] - Object: 'Object Repository/Final Object Repo/New Registration - Registration Module Pages/New Reg - OTC to RO/Special Case - All Related Objects/Expand to Search' is clicked on

2018-12-04 11:15:19 - [TEST_STEP][PASSED] - setText: Text 'CRN12201800122970' is set on object 'Object Repository/Final Object Repo/New Registration - Registration Module Pages/New Reg - OTC to RO/Special Case - All Related Objects/TextBox RefNo in Workbasket'

2018-12-04 11:15:20 - [MESSAGE][PASSED] - Text 'CRN12201800122970' is set on object 'Object Repository/Final Object Repo/New Registration - Registration Module Pages/New Reg - OTC to RO/Special Case - All Related Objects/TextBox RefNo in Workbasket'

2018-12-04 11:15:20 - [TEST_STEP][PASSED] - delay: Delayed 2 second(s)

2018-12-04 11:15:22 - [MESSAGE][PASSED] - Delayed 2 second(s)

2018-12-04 11:15:22 - [TEST_STEP][PASSED] - click: Object: 'Object Repository/Final Object Repo/New Registration - Registration Module Pages/New Reg - OTC to RO/Special Case - All Related Objects/Click Search' is clicked on

2018-12-04 11:15:22 - [MESSAGE][PASSED] - Object: 'Object Repository/Final Object Repo/New Registration - Registration Module Pages/New Reg - OTC to RO/Special Case - All Related Objects/Click Search' is clicked on

2018-12-04 11:15:22 - [TEST_STEP][PASSED] - delay: Delayed 2 second(s)

2018-12-04 11:15:24 - [MESSAGE][PASSED] - Delayed 2 second(s)

2018-12-04 11:15:24 - [TEST_STEP][PASSED] - click: Object: 'Object Repository/Final Object Repo/New Registration - Registration Module Pages/New Reg - OTC to RO/Special Case - All Related Objects/Click to Continue Workflow' is clicked on

2018-12-04 11:15:28 - [MESSAGE][PASSED] - Object: 'Object Repository/Final Object Repo/New Registration - Registration Module Pages/New Reg - OTC to RO/Special Case - All Related Objects/Click to Continue Workflow' is clicked on

2018-12-04 11:15:28 - [TEST_STEP][PASSED] - delay: Delayed 2 second(s)

2018-12-04 11:15:30 - [MESSAGE][PASSED] - Delayed 2 second(s)

2018-12-04 11:15:30 - [TEST_STEP][PASSED] - click: Object: 'Object Repository/Final Object Repo/New Registration - Registration Module Pages/New Reg - OTC to RO/Special Case - All Related Objects/Continue Button in verifying case' is clicked on

2018-12-04 11:15:31 - [MESSAGE][PASSED] - Object: 'Object Repository/Final Object Repo/New Registration - Registration Module Pages/New Reg - OTC to RO/Special Case - All Related Objects/Continue Button in verifying case' is clicked on

2018-12-04 11:15:31 - [TEST_STEP][PASSED] - delay: Delayed 2 second(s)

2018-12-04 11:15:33 - [MESSAGE][PASSED] - Delayed 2 second(s)

2018-12-04 11:15:33 - [TEST_STEP][PASSED] - click: Object: 'Object Repository/Final Object Repo/New Registration - Registration Module Pages/Form 1/Registered As a Branch - Yes' is clicked on

2018-12-04 11:15:34 - [MESSAGE][PASSED] - Object: 'Object Repository/Final Object Repo/New Registration - Registration Module Pages/Form 1/Registered As a Branch - Yes' is clicked on

2018-12-04 11:15:34 - [TEST_STEP][PASSED] - delay: Delayed 2 second(s)

2018-12-04 11:15:36 - [MESSAGE][PASSED] - Delayed 2 second(s)

2018-12-04 11:15:36 - [TEST_STEP][PASSED] - click: Object: 'Object Repository/Final Object Repo/New Registration - Registration Module Pages/New Reg - OTC to RO/Special Case - All Related Objects/Form 1 Save n Continue' is clicked on

2018-12-04 11:15:36 - [MESSAGE][PASSED] - Object: 'Object Repository/Final Object Repo/New Registration - Registration Module Pages/New Reg - OTC to RO/Special Case - All Related Objects/Form 1 Save n Continue' is clicked on

2018-12-04 11:15:36 - [TEST_STEP][PASSED] - delay: Delayed 2 second(s)

2018-12-04 11:15:38 - [MESSAGE][PASSED] - Delayed 2 second(s)

2018-12-04 11:15:38 - [TEST_STEP][PASSED] - click: Object: 'Object Repository/Final Object Repo/New Registration - Registration Module Pages/New Reg - OTC to RO/Special Case - All Related Objects/Form 2 Save n Continue' is clicked on

2018-12-04 11:15:38 - [MESSAGE][PASSED] - Object: 'Object Repository/Final Object Repo/New Registration - Registration Module Pages/New Reg - OTC to RO/Special Case - All Related Objects/Form 2 Save n Continue' is clicked on

2018-12-04 11:15:38 - [TEST_STEP][PASSED] - delay: Delayed 2 second(s)

2018-12-04 11:15:40 - [MESSAGE][PASSED] - Delayed 2 second(s)

2018-12-04 11:15:40 - [TEST_STEP][PASSED] - click: Object: 'Object Repository/Final Object Repo/New Registration - Registration Module Pages/New Reg - OTC to RO/Special Case - All Related Objects/Third Screen Save n Continue' is clicked on

2018-12-04 11:15:45 - [MESSAGE][PASSED] - Object: 'Object Repository/Final Object Repo/New Registration - Registration Module Pages/New Reg - OTC to RO/Special Case - All Related Objects/Third Screen Save n Continue' is clicked on

2018-12-04 11:15:45 - [TEST_STEP][PASSED] - delay: Delayed 5 second(s)

2018-12-04 11:15:50 - [MESSAGE][PASSED] - Delayed 5 second(s)

2018-12-04 11:15:50 - [TEST_STEP][PASSED] - setText: Text 'Query case' is set on object 'Object Repository/Final Object Repo/New Registration - Registration Module Pages/New Reg - OTC to RO/Special Case - All Related Objects/Query Text Input'

2018-12-04 11:15:51 - [MESSAGE][PASSED] - Text 'Query case' is set on object 'Object Repository/Final Object Repo/New Registration - Registration Module Pages/New Reg - OTC to RO/Special Case - All Related Objects/Query Text Input'

2018-12-04 11:15:51 - [TEST_STEP][PASSED] - delay: Delayed 5 second(s)

2018-12-04 11:15:56 - [MESSAGE][PASSED] - Delayed 5 second(s)

2018-12-04 11:15:56 - [TEST_STEP][PASSED] - click: Object: 'Object Repository/Final Object Repo/New Registration - Registration Module Pages/New Reg - OTC to RO/Special Case - All Related Objects/Upload Doc Page Save n Continue' is clicked on

2018-12-04 11:15:56 - [MESSAGE][PASSED] - Object: 'Object Repository/Final Object Repo/New Registration - Registration Module Pages/New Reg - OTC to RO/Special Case - All Related Objects/Upload Doc Page Save n Continue' is clicked on

2018-12-04 11:15:56 - [TEST_STEP][PASSED] - click: Object: 'Object Repository/Final Object Repo/New Registration - Registration Module Pages/New Reg - OTC to RO/Special Case - All Related Objects/Query Button' is clicked on

2018-12-04 11:16:00 - [MESSAGE][PASSED] - Object: 'Object Repository/Final Object Repo/New Registration - Registration Module Pages/New Reg - OTC to RO/Special Case - All Related Objects/Query Button' is clicked on

2018-12-04 11:16:00 - [TEST_STEP][PASSED] - click: Object: 'Object Repository/Final Object Repo/New Registration - Registration Module Pages/New Reg - OTC to RO/Special Case - All Related Objects/Confirm to Query' is clicked on

2018-12-04 11:16:01 - [MESSAGE][PASSED] - Object: 'Object Repository/Final Object Repo/New Registration - Registration Module Pages/New Reg - OTC to RO/Special Case - All Related Objects/Confirm to Query' is clicked on

2018-12-04 11:16:01 - [TEST_STEP][PASSED] - callTestCase: Call Test Case 'Test Cases/Final Aug 2018 - PKS Automation/Registration Module/Log Out/log out avoiding katalon tagging' successfully

2018-12-04 11:16:01 - [TEST_CASE][PASSED] - Test Cases/Final Aug 2018 - PKS Automation/Registration Module/Log Out/log out avoiding katalon tagging: Test Cases/Final Aug 2018 - PKS Automation/Registration Module/Log Out/log out avoiding katalon tagging

2018-12-04 11:16:01 - [TEST_STEP][PASSED] - navigateToUrl: Navigate to 'https://assist2-uat.perkeso.gov.my/c/portal/logout' successfully

2018-12-04 11:16:09 - [MESSAGE][PASSED] - Navigate to 'https://assist2-uat.perkeso.gov.my/c/portal/logout' successfully

2018-12-04 11:16:09 - [MESSAGE][PASSED] - Call Test Case 'Test Cases/Final Aug 2018 - PKS Automation/Registration Module/Log Out/log out avoiding katalon tagging' successfully

2018-12-04 11:16:09 - [TEST_STEP][PASSED] - delay: Delayed 2 second(s)

2018-12-04 11:16:11 - [MESSAGE][PASSED] - Delayed 2 second(s)

2018-12-04 11:16:11 - [TEST_STEP][PASSED] - setText: Text 'klotc2@gmail.com' is set on object 'Object Repository/Final Object Repo/Login Page/Internal User/Email Address'

2018-12-04 11:16:11 - [MESSAGE][PASSED] - Text 'klotc2@gmail.com' is set on object 'Object Repository/Final Object Repo/Login Page/Internal User/Email Address'

2018-12-04 11:16:11 - [TEST_STEP][PASSED] - click: Object: 'Object Repository/Final Object Repo/Login Page/Internal User/Next Button' is clicked on

2018-12-04 11:16:11 - [MESSAGE][PASSED] - Object: 'Object Repository/Final Object Repo/Login Page/Internal User/Next Button' is clicked on

2018-12-04 11:16:11 - [TEST_STEP][PASSED] - delay: Delayed 2 second(s)

2018-12-04 11:16:13 - [MESSAGE][PASSED] - Delayed 2 second(s)

2018-12-04 11:16:13 - [TEST_STEP][PASSED] - setText: Text 'Test1@3456789' is set on object 'Object Repository/Final Object Repo/Login Page/Internal User/Password'

2018-12-04 11:16:14 - [MESSAGE][PASSED] - Text 'Test1@3456789' is set on object 'Object Repository/Final Object Repo/Login Page/Internal User/Password'

2018-12-04 11:16:14 - [TEST_STEP][PASSED] - delay: Delayed 2 second(s)

2018-12-04 11:16:16 - [MESSAGE][PASSED] - Delayed 2 second(s)

2018-12-04 11:16:16 - [TEST_STEP][PASSED] - click: Object: 'Object Repository/Final Object Repo/Login Page/Internal User/Login Button' is clicked on

2018-12-04 11:16:16 - [MESSAGE][PASSED] - Object: 'Object Repository/Final Object Repo/Login Page/Internal User/Login Button' is clicked on

2018-12-04 11:16:16 - [TEST_STEP][PASSED] - delay: Delayed 2 second(s)

2018-12-04 11:16:18 - [MESSAGE][PASSED] - Delayed 2 second(s)

2018-12-04 11:16:18 - [TEST_STEP][PASSED] - Statement - Try: null

2018-12-04 11:16:18 - [TEST_STEP][PASSED] - Statement - Checker = com.kms.katalon.core.webui.keyword.WebUiBuiltInKeywords.verifyElementNotPresent("PKS_SIP_Updated_RegModule/Attempt/Page_MyASSIST - ASSIST/Select to English", 3): null

2018-12-04 11:16:18 - [TEST_STEP][PASSED] - Statement - Catch (Exception e): null

2018-12-04 11:16:18 - [TEST_STEP][PASSED] - Statement - e.printStackTrace(): null

2018-12-04 11:16:18 - [TEST_STEP][PASSED] - delay: Delayed 4 second(s)

2018-12-04 11:16:22 - [MESSAGE][PASSED] - Delayed 4 second(s)

2018-12-04 11:16:22 - [TEST_STEP][PASSED] - click: Object: 'Object Repository/Final Object Repo/Landing Page/My Sites Drop Down' is clicked on

2018-12-04 11:16:22 - [MESSAGE][PASSED] - Object: 'Object Repository/Final Object Repo/Landing Page/My Sites Drop Down' is clicked on

2018-12-04 11:16:22 - [TEST_STEP][PASSED] - click: Object: 'Object Repository/Final Object Repo/Landing Page/Select to Registration Module' is clicked on

2018-12-04 11:16:23 - [MESSAGE][PASSED] - Object: 'Object Repository/Final Object Repo/Landing Page/Select to Registration Module' is clicked on

2018-12-04 11:16:23 - [TEST_STEP][PASSED] - delay: Delayed 2 second(s)

2018-12-04 11:16:25 - [MESSAGE][PASSED] - Delayed 2 second(s)

2018-12-04 11:16:25 - [TEST_STEP][PASSED] - mouseOver: Object: 'Object Repository/Final Object Repo/New Registration - Registration Module Pages/New Reg - OTC to RO/Special Case - All Related Objects/Hover Over Search Drop Down' is hovered

2018-12-04 11:16:25 - [MESSAGE][PASSED] - Object: 'Object Repository/Final Object Repo/New Registration - Registration Module Pages/New Reg - OTC to RO/Special Case - All Related Objects/Hover Over Search Drop Down' is hovered

2018-12-04 11:16:25 - [TEST_STEP][PASSED] - click: Object: 'Object Repository/Final Object Repo/New Registration - Registration Module Pages/New Reg - OTC to RO/Special Case - All Related Objects/Select Search Pending Case' is clicked on

2018-12-04 11:16:26 - [MESSAGE][PASSED] - Object: 'Object Repository/Final Object Repo/New Registration - Registration Module Pages/New Reg - OTC to RO/Special Case - All Related Objects/Select Search Pending Case' is clicked on

2018-12-04 11:16:26 - [TEST_STEP][PASSED] - click: Object: 'Object Repository/Final Object Repo/New Registration - Registration Module Pages/New Reg - OTC to RO/Special Case - All Related Objects/Select Searching Method (Employer Code)' is clicked on

2018-12-04 11:16:26 - [MESSAGE][PASSED] - Object: 'Object Repository/Final Object Repo/New Registration - Registration Module Pages/New Reg - OTC to RO/Special Case - All Related Objects/Select Searching Method (Employer Code)' is clicked on

2018-12-04 11:16:26 - [TEST_STEP][PASSED] - click: Object: 'Object Repository/Final Object Repo/New Registration - Registration Module Pages/New Reg - OTC to RO/Special Case - All Related Objects/Select Searching Method to Reference ID' is clicked on

2018-12-04 11:16:26 - [MESSAGE][PASSED] - Object: 'Object Repository/Final Object Repo/New Registration - Registration Module Pages/New Reg - OTC to RO/Special Case - All Related Objects/Select Searching Method to Reference ID' is clicked on

2018-12-04 11:16:26 - [TEST_STEP][PASSED] - setText: Text 'CRN12201800122970' is set on object 'Object Repository/Final Object Repo/New Registration - Registration Module Pages/New Reg - OTC to RO/Special Case - All Related Objects/Pending Case Ref NO'

2018-12-04 11:16:26 - [MESSAGE][PASSED] - Text 'CRN12201800122970' is set on object 'Object Repository/Final Object Repo/New Registration - Registration Module Pages/New Reg - OTC to RO/Special Case - All Related Objects/Pending Case Ref NO'

2018-12-04 11:16:26 - [TEST_STEP][PASSED] - click: Object: 'Object Repository/Final Object Repo/New Registration - Registration Module Pages/New Reg - OTC to RO/Special Case - All Related Objects/Search Pending Case Based on Ref No' is clicked on

2018-12-04 11:16:27 - [MESSAGE][PASSED] - Object: 'Object Repository/Final Object Repo/New Registration - Registration Module Pages/New Reg - OTC to RO/Special Case - All Related Objects/Search Pending Case Based on Ref No' is clicked on

2018-12-04 11:16:27 - [TEST_STEP][PASSED] - click: Object: 'Object Repository/Final Object Repo/New Registration - Registration Module Pages/New Reg - OTC to RO/Special Case - All Related Objects/Action Button after found case' is clicked on

2018-12-04 11:16:30 - [MESSAGE][PASSED] - Object: 'Object Repository/Final Object Repo/New Registration - Registration Module Pages/New Reg - OTC to RO/Special Case - All Related Objects/Action Button after found case' is clicked on

2018-12-04 11:16:30 - [TEST_STEP][PASSED] - click: Object: 'Object Repository/Final Object Repo/New Registration - Registration Module Pages/New Reg - OTC to RO/Special Case - All Related Objects/Next Button in Pending Case Form 1' is clicked on

2018-12-04 11:16:31 - [MESSAGE][PASSED] - Object: 'Object Repository/Final Object Repo/New Registration - Registration Module Pages/New Reg - OTC to RO/Special Case - All Related Objects/Next Button in Pending Case Form 1' is clicked on

2018-12-04 11:16:31 - [TEST_STEP][PASSED] - click: Object: 'Object Repository/Final Object Repo/New Registration - Registration Module Pages/New Reg - OTC to RO/Special Case - All Related Objects/Next Button in Pending Case Form 2' is clicked on

2018-12-04 11:16:32 - [MESSAGE][PASSED] - Object: 'Object Repository/Final Object Repo/New Registration - Registration Module Pages/New Reg - OTC to RO/Special Case - All Related Objects/Next Button in Pending Case Form 2' is clicked on

2018-12-04 11:16:32 - [TEST_STEP][PASSED] - click: Object: 'Object Repository/Final Object Repo/New Registration - Registration Module Pages/New Reg - OTC to RO/Special Case - All Related Objects/Next Button in Third Screen' is clicked on

2018-12-04 11:16:35 - [MESSAGE][PASSED] - Object: 'Object Repository/Final Object Repo/New Registration - Registration Module Pages/New Reg - OTC to RO/Special Case - All Related Objects/Next Button in Third Screen' is clicked on

2018-12-04 11:16:35 - [TEST_STEP][PASSED] - click: Object: 'Object Repository/Final Object Repo/New Registration - Registration Module Pages/New Reg - OTC to RO/Special Case - All Related Objects/Add Document for Pending Case' is clicked on

2018-12-04 11:16:35 - [MESSAGE][PASSED] - Object: 'Object Repository/Final Object Repo/New Registration - Registration Module Pages/New Reg - OTC to RO/Special Case - All Related Objects/Add Document for Pending Case' is clicked on

2018-12-04 11:16:35 - [TEST_STEP][PASSED] - click: Object: 'Object Repository/Final Object Repo/New Registration - Registration Module Pages/New Reg - OTC to RO/Special Case - All Related Objects/Upload Pending Doc - Please Select' is clicked on

2018-12-04 11:16:38 - [MESSAGE][PASSED] - Object: 'Object Repository/Final Object Repo/New Registration - Registration Module Pages/New Reg - OTC to RO/Special Case - All Related Objects/Upload Pending Doc - Please Select' is clicked on

2018-12-04 11:16:38 - [TEST_STEP][PASSED] - click: Object: 'Object Repository/Final Object Repo/New Registration - Registration Module Pages/New Reg - OTC to RO/Special Case - All Related Objects/Select to Others to Upload' is clicked on

2018-12-04 11:16:38 - [MESSAGE][PASSED] - Object: 'Object Repository/Final Object Repo/New Registration - Registration Module Pages/New Reg - OTC to RO/Special Case - All Related Objects/Select to Others to Upload' is clicked on

2018-12-04 11:16:38 - [TEST_STEP][PASSED] - uploadFile: File 'C:\Users\Public\Pictures\Sample Pictures\Koala.jpg' sent to object: 'Object Repository/Final Object Repo/New Registration - Registration Module Pages/New Reg - OTC to RO/Special Case - All Related Objects/Uploading Pending Case Action'

2018-12-04 11:16:38 - [MESSAGE][PASSED] - File 'C:\Users\Public\Pictures\Sample Pictures\Koala.jpg' sent to object: 'Object Repository/Final Object Repo/New Registration - Registration Module Pages/New Reg - OTC to RO/Special Case - All Related Objects/Uploading Pending Case Action'

2018-12-04 11:16:38 - [TEST_STEP][PASSED] - click: Object: 'Object Repository/Final Object Repo/New Registration - Registration Module Pages/New Reg - OTC to RO/Special Case - All Related Objects/Inner form Add Document Button Pending Case' is clicked on

2018-12-04 11:16:39 - [MESSAGE][PASSED] - Object: 'Object Repository/Final Object Repo/New Registration - Registration Module Pages/New Reg - OTC to RO/Special Case - All Related Objects/Inner form Add Document Button Pending Case' is clicked on

2018-12-04 11:16:39 - [TEST_STEP][PASSED] - click: Object: 'Object Repository/Final Object Repo/New Registration - Registration Module Pages/New Reg - OTC to RO/Special Case - All Related Objects/Pending Case Exit' is clicked on

2018-12-04 11:16:44 - [MESSAGE][PASSED] - Object: 'Object Repository/Final Object Repo/New Registration - Registration Module Pages/New Reg - OTC to RO/Special Case - All Related Objects/Pending Case Exit' is clicked on

2018-12-04 11:16:44 - [TEST_STEP][PASSED] - callTestCase: Call Test Case 'Test Cases/Final Aug 2018 - PKS Automation/Registration Module/Log Out/log out avoiding katalon tagging' successfully

2018-12-04 11:16:44 - [TEST_CASE][PASSED] - Test Cases/Final Aug 2018 - PKS Automation/Registration Module/Log Out/log out avoiding katalon tagging: Test Cases/Final Aug 2018 - PKS Automation/Registration Module/Log Out/log out avoiding katalon tagging

2018-12-04 11:16:44 - [TEST_STEP][PASSED] - navigateToUrl: Navigate to 'https://assist2-uat.perkeso.gov.my/c/portal/logout' successfully

2018-12-04 11:16:45 - [MESSAGE][PASSED] - Navigate to 'https://assist2-uat.perkeso.gov.my/c/portal/logout' successfully

2018-12-04 11:16:45 - [MESSAGE][PASSED] - Call Test Case 'Test Cases/Final Aug 2018 - PKS Automation/Registration Module/Log Out/log out avoiding katalon tagging' successfully

2018-12-04 11:16:45 - [TEST_STEP][PASSED] - callTestCase: Call Test Case 'Test Cases/Final Aug 2018 - PKS Automation/Common/Workflow Owner Finder' successfully

2018-12-04 11:16:45 - [TEST_CASE][PASSED] - Test Cases/Final Aug 2018 - PKS Automation/Common/Workflow Owner Finder: Test Cases/Final Aug 2018 - PKS Automation/Common/Workflow Owner Finder

2018-12-04 11:16:45 - [TEST_STEP][PASSED] - openBrowser: Browser is opened with url: ''

2018-12-04 11:16:45 - [MESSAGE][WARNING] - A browser is already opened. Closing browser and opening a new one

2018-12-04 11:16:48 - [MESSAGE][PASSED] - Browser is opened with url: ''

2018-12-04 11:16:48 - [TEST_STEP][PASSED] - navigateToUrl: Navigate to 'https://assist2-uat.perkeso.gov.my/login' successfully

2018-12-04 11:16:49 - [MESSAGE][PASSED] - Navigate to 'https://assist2-uat.perkeso.gov.my/login' successfully

2018-12-04 11:16:49 - [TEST_STEP][PASSED] - delay: Delayed 5 second(s)

2018-12-04 11:16:54 - [MESSAGE][PASSED] - Delayed 5 second(s)

2018-12-04 11:16:54 - [TEST_STEP][PASSED] - setText: Text 'test@liferay.com' is set on object 'Object Repository/Final Object Repo/Login Page/Internal User/Email Address'

2018-12-04 11:16:54 - [MESSAGE][PASSED] - Text 'test@liferay.com' is set on object 'Object Repository/Final Object Repo/Login Page/Internal User/Email Address'

2018-12-04 11:16:54 - [TEST_STEP][PASSED] - click: Object: 'Object Repository/Final Object Repo/Login Page/Internal User/Next Button' is clicked on

2018-12-04 11:16:55 - [MESSAGE][PASSED] - Object: 'Object Repository/Final Object Repo/Login Page/Internal User/Next Button' is clicked on

2018-12-04 11:16:55 - [TEST_STEP][PASSED] - delay: Delayed 2 second(s)

2018-12-04 11:16:57 - [MESSAGE][PASSED] - Delayed 2 second(s)

2018-12-04 11:16:57 - [TEST_STEP][PASSED] - setText: Text 'test' is set on object 'Object Repository/Final Object Repo/Login Page/Internal User/Password'

2018-12-04 11:16:57 - [MESSAGE][PASSED] - Text 'test' is set on object 'Object Repository/Final Object Repo/Login Page/Internal User/Password'

2018-12-04 11:16:57 - [TEST_STEP][PASSED] - delay: Delayed 2 second(s)

2018-12-04 11:16:59 - [MESSAGE][PASSED] - Delayed 2 second(s)

2018-12-04 11:16:59 - [TEST_STEP][PASSED] - click: Object: 'Object Repository/Final Object Repo/Login Page/Internal User/Login Button' is clicked on

2018-12-04 11:16:59 - [MESSAGE][PASSED] - Object: 'Object Repository/Final Object Repo/Login Page/Internal User/Login Button' is clicked on

2018-12-04 11:16:59 - [TEST_STEP][PASSED] - Statement - tester = com.kms.katalon.core.testobject.ObjectRepository.findTestObject(Final Object Repo/Landing Page/Select to English): Finding Test Object with id 'Object Repository/Final Object Repo/Landing Page/Select to English'

2018-12-04 11:16:59 - [TEST_STEP][PASSED] - Statement - Try: Delayed 2 second(s)

2018-12-04 11:16:59 - [TEST_STEP][PASSED] - Statement - Checker = com.kms.katalon.core.webui.keyword.WebUiBuiltInKeywords.verifyElementNotPresent(tester, 3): Web element with id: 'Object Repository/Final Object Repo/Landing Page/Select to English' located by 'By.xpath: //a[@class = 'taglib-language-list-text' and @lang = 'en-US' and (contains(text(), 'EN') or contains(., 'EN'))]' is not present after '3' second(s)

2018-12-04 11:17:01 - [MESSAGE][PASSED] - Web element with id: 'Object Repository/Final Object Repo/Landing Page/Select to English' located by 'By.xpath: //a[@class = 'taglib-language-list-text' and @lang = 'en-US' and (contains(text(), 'EN') or contains(., 'EN'))]' is not present after '3' second(s)

2018-12-04 11:17:01 - [TEST_STEP][PASSED] - Statement - If (Checker == false): null

2018-12-04 11:17:01 - [TEST_STEP][PASSED] - delay: Delayed 2 second(s)

2018-12-04 11:17:03 - [MESSAGE][PASSED] - Delayed 2 second(s)

2018-12-04 11:17:03 - [TEST_STEP][PASSED] - delay: Delayed 5 second(s)

2018-12-04 11:17:08 - [MESSAGE][PASSED] - Delayed 5 second(s)

2018-12-04 11:17:08 - [TEST_STEP][PASSED] - mouseOver: Object: 'Object Repository/Final Object Repo/Landing Page/WorkFlow Menu' is hovered

2018-12-04 11:17:08 - [MESSAGE][PASSED] - Object: 'Object Repository/Final Object Repo/Landing Page/WorkFlow Menu' is hovered

2018-12-04 11:17:08 - [TEST_STEP][PASSED] - delay: Delayed 2 second(s)

2018-12-04 11:17:10 - [MESSAGE][PASSED] - Delayed 2 second(s)

2018-12-04 11:17:10 - [TEST_STEP][PASSED] - click: Object: 'Object Repository/Final Object Repo/Landing Page/Select to Workflow Listing' is clicked on

2018-12-04 11:17:11 - [MESSAGE][PASSED] - Object: 'Object Repository/Final Object Repo/Landing Page/Select to Workflow Listing' is clicked on

2018-12-04 11:17:11 - [TEST_STEP][PASSED] - delay: Delayed 2 second(s)

2018-12-04 11:17:13 - [MESSAGE][PASSED] - Delayed 2 second(s)

2018-12-04 11:17:13 - [TEST_STEP][PASSED] - click: Object: 'Object Repository/Final Object Repo/WorkFlow Listing Page/Search Information - To Put Ref No' is clicked on

2018-12-04 11:17:13 - [MESSAGE][PASSED] - Object: 'Object Repository/Final Object Repo/WorkFlow Listing Page/Search Information - To Put Ref No' is clicked on

2018-12-04 11:17:13 - [TEST_STEP][PASSED] - delay: Delayed 2 second(s)

2018-12-04 11:17:15 - [MESSAGE][PASSED] - Delayed 2 second(s)

2018-12-04 11:17:15 - [TEST_STEP][PASSED] - callTestCase: Call Test Case 'Test Cases/Final Aug 2018 - PKS Automation/Common/Reference Number Getter' successfully

2018-12-04 11:17:15 - [TEST_CASE][PASSED] - Test Cases/Final Aug 2018 - PKS Automation/Common/Reference Number Getter: Test Cases/Final Aug 2018 - PKS Automation/Common/Reference Number Getter

2018-12-04 11:17:15 - [TEST_STEP][PASSED] - Statement - Try: null

2018-12-04 11:17:15 - [TEST_STEP][PASSED] - Statement - RefNo = new java.io.File(C://Users//Admin//Desktop//PKS//Automation Reference Point//KatalonReference.txt): null

2018-12-04 11:17:15 - [TEST_STEP][PASSED] - Statement - bufferread = new java.io.BufferedReader(new java.io.FileReader(RefNo)): null

2018-12-04 11:17:15 - [TEST_STEP][PASSED] - Statement - readedVal = bufferread.readLine(): null

2018-12-04 11:17:15 - [TEST_STEP][PASSED] - Statement - out.println(CaseReferenceNo): null

2018-12-04 11:17:15 - [TEST_STEP][PASSED] - Statement - out.println(readedVal): null

2018-12-04 11:17:15 - [TEST_STEP][PASSED] - Statement - CaseReferenceNo = "": null

2018-12-04 11:17:15 - [TEST_STEP][PASSED] - Statement - CaseReferenceNo = readedVal: null

2018-12-04 11:17:15 - [MESSAGE][PASSED] - Call Test Case 'Test Cases/Final Aug 2018 - PKS Automation/Common/Reference Number Getter' successfully

2018-12-04 11:17:15 - [TEST_STEP][PASSED] - setText: Text 'CRN12201800122970' is set on object 'Object Repository/Final Object Repo/WorkFlow Listing Page/Ref No Set Text'

2018-12-04 11:17:16 - [MESSAGE][PASSED] - Text 'CRN12201800122970' is set on object 'Object Repository/Final Object Repo/WorkFlow Listing Page/Ref No Set Text'

2018-12-04 11:17:16 - [TEST_STEP][PASSED] - delay: Delayed 2 second(s)

2018-12-04 11:17:18 - [MESSAGE][PASSED] - Delayed 2 second(s)

2018-12-04 11:17:18 - [TEST_STEP][PASSED] - click: Object: 'Object Repository/Final Object Repo/WorkFlow Listing Page/Search Ref No Search Button' is clicked on

2018-12-04 11:17:18 - [MESSAGE][PASSED] - Object: 'Object Repository/Final Object Repo/WorkFlow Listing Page/Search Ref No Search Button' is clicked on

2018-12-04 11:17:18 - [TEST_STEP][PASSED] - delay: Delayed 6 second(s)

2018-12-04 11:17:24 - [MESSAGE][PASSED] - Delayed 6 second(s)

2018-12-04 11:17:24 - [TEST_STEP][PASSED] - click: Object: 'Object Repository/Final Object Repo/WorkFlow Listing Page/Click Continue Tooltip' is clicked on

2018-12-04 11:17:25 - [MESSAGE][PASSED] - Object: 'Object Repository/Final Object Repo/WorkFlow Listing Page/Click Continue Tooltip' is clicked on

2018-12-04 11:17:25 - [TEST_STEP][PASSED] - delay: Delayed 5 second(s)

2018-12-04 11:17:30 - [MESSAGE][PASSED] - Delayed 5 second(s)

2018-12-04 11:17:30 - [TEST_STEP][PASSED] - doubleClick: Object: 'Object Repository/Final Object Repo/WorkFlow Listing Page/Workflow Found - Listing 1' is double clicked on

2018-12-04 11:17:30 - [MESSAGE][PASSED] - Object: 'Object Repository/Final Object Repo/WorkFlow Listing Page/Workflow Found - Listing 1' is double clicked on

2018-12-04 11:17:30 - [TEST_STEP][PASSED] - Statement - println(OwnerID): null

2018-12-04 11:17:30 - [TEST_STEP][PASSED] - Statement - OwnerID = com.kms.katalon.core.webui.keyword.WebUiBuiltInKeywords.getText(com.kms.katalon.core.testobject.ObjectRepository.findTestObject(Final Object Repo/WorkFlow Listing Page/Workflow Found - Listing 1), STOP_ON_FAILURE): Text of object 'Object Repository/Final Object Repo/WorkFlow Listing Page/Workflow Found - Listing 1' is: 'JOHORro1'

2018-12-04 11:17:30 - [MESSAGE][PASSED] - Text of object 'Object Repository/Final Object Repo/WorkFlow Listing Page/Workflow Found - Listing 1' is: 'JOHORro1'

2018-12-04 11:17:30 - [TEST_STEP][PASSED] - Statement - OwnerID = OwnerID.toLowerCase() + "@gmail.com": null

2018-12-04 11:17:30 - [TEST_STEP][PASSED] - Statement - println(OwnerID): null

2018-12-04 11:17:30 - [TEST_STEP][PASSED] - delay: Delayed 2 second(s)

2018-12-04 11:17:32 - [MESSAGE][PASSED] - Delayed 2 second(s)

2018-12-04 11:17:32 - [MESSAGE][PASSED] - Call Test Case 'Test Cases/Final Aug 2018 - PKS Automation/Common/Workflow Owner Finder' successfully

2018-12-04 11:17:32 - [TEST_STEP][PASSED] - callTestCase: Call Test Case 'Test Cases/Final Aug 2018 - PKS Automation/Registration Module/Log Out/log out avoiding katalon tagging' successfully

2018-12-04 11:17:32 - [TEST_CASE][PASSED] - Test Cases/Final Aug 2018 - PKS Automation/Registration Module/Log Out/log out avoiding katalon tagging: Test Cases/Final Aug 2018 - PKS Automation/Registration Module/Log Out/log out avoiding katalon tagging

2018-12-04 11:17:32 - [TEST_STEP][PASSED] - navigateToUrl: Navigate to 'https://assist2-uat.perkeso.gov.my/c/portal/logout' successfully

2018-12-04 11:17:33 - [MESSAGE][PASSED] - Navigate to 'https://assist2-uat.perkeso.gov.my/c/portal/logout' successfully

2018-12-04 11:17:33 - [MESSAGE][PASSED] - Call Test Case 'Test Cases/Final Aug 2018 - PKS Automation/Registration Module/Log Out/log out avoiding katalon tagging' successfully

2018-12-04 11:17:33 - [TEST_STEP][PASSED] - delay: Delayed 2 second(s)

2018-12-04 11:17:35 - [MESSAGE][PASSED] - Delayed 2 second(s)

2018-12-04 11:17:35 - [TEST_STEP][PASSED] - setText: Text 'johorro1@gmail.com' is set on object 'Object Repository/Final Object Repo/Login Page/Internal User/Email Address'

2018-12-04 11:17:36 - [MESSAGE][PASSED] - Text 'johorro1@gmail.com' is set on object 'Object Repository/Final Object Repo/Login Page/Internal User/Email Address'

2018-12-04 11:17:36 - [TEST_STEP][PASSED] - click: Object: 'Object Repository/Final Object Repo/Login Page/Internal User/Next Button' is clicked on

2018-12-04 11:17:36 - [MESSAGE][PASSED] - Object: 'Object Repository/Final Object Repo/Login Page/Internal User/Next Button' is clicked on

2018-12-04 11:17:36 - [TEST_STEP][PASSED] - delay: Delayed 2 second(s)

2018-12-04 11:17:38 - [MESSAGE][PASSED] - Delayed 2 second(s)

2018-12-04 11:17:38 - [TEST_STEP][PASSED] - setText: Text 'Test1@3456789' is set on object 'Object Repository/Final Object Repo/Login Page/Internal User/Password'

2018-12-04 11:17:38 - [MESSAGE][PASSED] - Text 'Test1@3456789' is set on object 'Object Repository/Final Object Repo/Login Page/Internal User/Password'

2018-12-04 11:17:38 - [TEST_STEP][PASSED] - delay: Delayed 2 second(s)

2018-12-04 11:17:40 - [MESSAGE][PASSED] - Delayed 2 second(s)

2018-12-04 11:17:40 - [TEST_STEP][PASSED] - click: Object: 'Object Repository/Final Object Repo/Login Page/Internal User/Login Button' is clicked on

2018-12-04 11:17:40 - [MESSAGE][PASSED] - Object: 'Object Repository/Final Object Repo/Login Page/Internal User/Login Button' is clicked on

2018-12-04 11:17:40 - [TEST_STEP][PASSED] - delay: Delayed 2 second(s)

2018-12-04 11:17:42 - [MESSAGE][PASSED] - Delayed 2 second(s)

2018-12-04 11:17:42 - [TEST_STEP][PASSED] - Statement - Try: null

2018-12-04 11:17:42 - [TEST_STEP][PASSED] - Statement - Checker = com.kms.katalon.core.webui.keyword.WebUiBuiltInKeywords.verifyElementNotPresent("Final Object Repo/Landing Page/Select to English", 3): null

2018-12-04 11:17:42 - [TEST_STEP][PASSED] - Statement - Catch (Exception e): null

2018-12-04 11:17:42 - [TEST_STEP][PASSED] - Statement - e.printStackTrace(): null

2018-12-04 11:17:42 - [TEST_STEP][PASSED] - click: Object: 'Object Repository/Final Object Repo/New Registration - Registration Module Pages/New Reg - OTC to RO/Special Case - All Related Objects/Expand to Search' is clicked on

2018-12-04 11:17:42 - [MESSAGE][PASSED] - Object: 'Object Repository/Final Object Repo/New Registration - Registration Module Pages/New Reg - OTC to RO/Special Case - All Related Objects/Expand to Search' is clicked on

2018-12-04 11:17:42 - [TEST_STEP][PASSED] - callTestCase: Call Test Case 'Test Cases/Final Aug 2018 - PKS Automation/Common/Reference Number Getter' successfully

2018-12-04 11:17:42 - [TEST_CASE][PASSED] - Test Cases/Final Aug 2018 - PKS Automation/Common/Reference Number Getter: Test Cases/Final Aug 2018 - PKS Automation/Common/Reference Number Getter

2018-12-04 11:17:42 - [TEST_STEP][PASSED] - Statement - Try: null

2018-12-04 11:17:42 - [TEST_STEP][PASSED] - Statement - RefNo = new java.io.File(C://Users//Admin//Desktop//PKS//Automation Reference Point//KatalonReference.txt): null

2018-12-04 11:17:42 - [TEST_STEP][PASSED] - Statement - bufferread = new java.io.BufferedReader(new java.io.FileReader(RefNo)): null

2018-12-04 11:17:42 - [TEST_STEP][PASSED] - Statement - readedVal = bufferread.readLine(): null

2018-12-04 11:17:42 - [TEST_STEP][PASSED] - Statement - out.println(CaseReferenceNo): null

2018-12-04 11:17:42 - [TEST_STEP][PASSED] - Statement - out.println(readedVal): null

2018-12-04 11:17:42 - [TEST_STEP][PASSED] - Statement - CaseReferenceNo = "": null

2018-12-04 11:17:42 - [TEST_STEP][PASSED] - Statement - CaseReferenceNo = readedVal: null

2018-12-04 11:17:42 - [MESSAGE][PASSED] - Call Test Case 'Test Cases/Final Aug 2018 - PKS Automation/Common/Reference Number Getter' successfully

2018-12-04 11:17:43 - [TEST_STEP][PASSED] - setText: Text 'CRN12201800122970' is set on object 'Object Repository/Final Object Repo/New Registration - Registration Module Pages/New Reg - OTC to RO/Special Case - All Related Objects/TextBox RefNo in Workbasket'

2018-12-04 11:17:44 - [MESSAGE][PASSED] - Text 'CRN12201800122970' is set on object 'Object Repository/Final Object Repo/New Registration - Registration Module Pages/New Reg - OTC to RO/Special Case - All Related Objects/TextBox RefNo in Workbasket'

2018-12-04 11:17:44 - [TEST_STEP][PASSED] - delay: Delayed 2 second(s)

2018-12-04 11:17:46 - [MESSAGE][PASSED] - Delayed 2 second(s)

2018-12-04 11:17:46 - [TEST_STEP][PASSED] - click: Object: 'Object Repository/Final Object Repo/New Registration - Registration Module Pages/New Reg - OTC to RO/Special Case - All Related Objects/Click Search' is clicked on

2018-12-04 11:17:46 - [MESSAGE][PASSED] - Object: 'Object Repository/Final Object Repo/New Registration - Registration Module Pages/New Reg - OTC to RO/Special Case - All Related Objects/Click Search' is clicked on

2018-12-04 11:17:46 - [TEST_STEP][PASSED] - delay: Delayed 2 second(s)

2018-12-04 11:17:48 - [MESSAGE][PASSED] - Delayed 2 second(s)

2018-12-04 11:17:48 - [TEST_STEP][PASSED] - click: Object: 'Object Repository/Final Object Repo/New Registration - Registration Module Pages/New Reg - OTC to RO/Special Case - All Related Objects/Click to Continue Workflow' is clicked on

2018-12-04 11:17:51 - [MESSAGE][PASSED] - Object: 'Object Repository/Final Object Repo/New Registration - Registration Module Pages/New Reg - OTC to RO/Special Case - All Related Objects/Click to Continue Workflow' is clicked on

2018-12-04 11:17:51 - [TEST_STEP][PASSED] - delay: Delayed 2 second(s)

2018-12-04 11:17:53 - [MESSAGE][PASSED] - Delayed 2 second(s)

2018-12-04 11:17:53 - [TEST_STEP][PASSED] - click: Object: 'Object Repository/Final Object Repo/New Registration - Registration Module Pages/New Reg - OTC to RO/Special Case - All Related Objects/Continue Button in verifying case' is clicked on

2018-12-04 11:17:55 - [MESSAGE][PASSED] - Object: 'Object Repository/Final Object Repo/New Registration - Registration Module Pages/New Reg - OTC to RO/Special Case - All Related Objects/Continue Button in verifying case' is clicked on

2018-12-04 11:17:55 - [TEST_STEP][PASSED] - delay: Delayed 2 second(s)

2018-12-04 11:17:57 - [MESSAGE][PASSED] - Delayed 2 second(s)

2018-12-04 11:17:57 - [TEST_STEP][PASSED] - click: Object: 'Object Repository/Final Object Repo/New Registration - Registration Module Pages/New Reg - OTC to RO/Special Case - All Related Objects/Form 1 Save n Continue' is clicked on

2018-12-04 11:17:57 - [MESSAGE][PASSED] - Object: 'Object Repository/Final Object Repo/New Registration - Registration Module Pages/New Reg - OTC to RO/Special Case - All Related Objects/Form 1 Save n Continue' is clicked on

2018-12-04 11:17:57 - [TEST_STEP][PASSED] - delay: Delayed 2 second(s)

2018-12-04 11:17:59 - [MESSAGE][PASSED] - Delayed 2 second(s)

2018-12-04 11:17:59 - [TEST_STEP][PASSED] - click: Object: 'Object Repository/Final Object Repo/New Registration - Registration Module Pages/New Reg - OTC to RO/Special Case - All Related Objects/Form 2 Save n Continue' is clicked on

2018-12-04 11:18:00 - [MESSAGE][PASSED] - Object: 'Object Repository/Final Object Repo/New Registration - Registration Module Pages/New Reg - OTC to RO/Special Case - All Related Objects/Form 2 Save n Continue' is clicked on

2018-12-04 11:18:00 - [TEST_STEP][PASSED] - delay: Delayed 2 second(s)

2018-12-04 11:18:02 - [MESSAGE][PASSED] - Delayed 2 second(s)

2018-12-04 11:18:02 - [TEST_STEP][PASSED] - click: Object: 'Object Repository/Final Object Repo/New Registration - Registration Module Pages/New Reg - OTC to RO/Special Case - All Related Objects/Third Screen Save n Continue' is clicked on

2018-12-04 11:18:07 - [MESSAGE][PASSED] - Object: 'Object Repository/Final Object Repo/New Registration - Registration Module Pages/New Reg - OTC to RO/Special Case - All Related Objects/Third Screen Save n Continue' is clicked on

2018-12-04 11:18:07 - [TEST_STEP][PASSED] - delay: Delayed 5 second(s)

2018-12-04 11:18:12 - [MESSAGE][PASSED] - Delayed 5 second(s)

2018-12-04 11:18:12 - [TEST_STEP][PASSED] - click: Object: 'Object Repository/Final Object Repo/New Registration - Registration Module Pages/New Reg - OTC to RO/Special Case - All Related Objects/Upload Doc Page Save n Continue' is clicked on

2018-12-04 11:18:12 - [MESSAGE][PASSED] - Object: 'Object Repository/Final Object Repo/New Registration - Registration Module Pages/New Reg - OTC to RO/Special Case - All Related Objects/Upload Doc Page Save n Continue' is clicked on

2018-12-04 11:18:12 - [TEST_STEP][PASSED] - delay: Delayed 5 second(s)

2018-12-04 11:18:17 - [MESSAGE][PASSED] - Delayed 5 second(s)

2018-12-04 11:18:17 - [TEST_STEP][PASSED] - callTestCase: Call Test Case 'Test Cases/Final Aug 2018 - PKS Automation/Registration Module/New Registration/Submit and Screenshot/Submit Registration and Screenshot' successfully

2018-12-04 11:18:17 - [TEST_CASE][PASSED] - Test Cases/Final Aug 2018 - PKS Automation/Registration Module/New Registration/Submit and Screenshot/Submit Registration and Screenshot: Test Cases/Final Aug 2018 - PKS Automation/Registration Module/New Registration/Submit and Screenshot/Submit Registration and Screenshot

2018-12-04 11:18:17 - [TEST_STEP][PASSED] - delay: Delayed 6 second(s)

2018-12-04 11:18:23 - [MESSAGE][PASSED] - Delayed 6 second(s)

2018-12-04 11:18:23 - [TEST_STEP][PASSED] - click: Object: 'Object Repository/Final Object Repo/New Registration - Registration Module Pages/Third Screen - Upload Supporting Doc- Preview/Preview Submit Button' is clicked on

2018-12-04 11:18:23 - [MESSAGE][PASSED] - Object: 'Object Repository/Final Object Repo/New Registration - Registration Module Pages/Third Screen - Upload Supporting Doc- Preview/Preview Submit Button' is clicked on

2018-12-04 11:18:23 - [TEST_STEP][PASSED] - delay: Delayed 2 second(s)

2018-12-04 11:18:25 - [MESSAGE][PASSED] - Delayed 2 second(s)

2018-12-04 11:18:25 - [TEST_STEP][PASSED] - click: Object: 'Object Repository/Final Object Repo/New Registration - Registration Module Pages/Third Screen - Upload Supporting Doc- Preview/Preview Submit - Confirm' is clicked on

2018-12-04 11:18:25 - [MESSAGE][PASSED] - Object: 'Object Repository/Final Object Repo/New Registration - Registration Module Pages/Third Screen - Upload Supporting Doc- Preview/Preview Submit - Confirm' is clicked on

2018-12-04 11:18:25 - [TEST_STEP][PASSED] - delay: Delayed 15 second(s)

2018-12-04 11:18:40 - [MESSAGE][PASSED] - Delayed 15 second(s)

2018-12-04 11:18:40 - [TEST_STEP][PASSED] - Statement - driver = com.kms.katalon.core.webui.driver.DriverFactory.getWebDriver(): null

2018-12-04 11:18:40 - [TEST_STEP][PASSED] - Statement - driver.manage().timeouts().implicitlyWait(10, SECONDS): null

2018-12-04 11:18:40 - [TEST_STEP][PASSED] - Statement - PresavePath = KatalonScreenshots: null

2018-12-04 11:18:40 - [TEST_STEP][PASSED] - Statement - pathPrefix = "C:\Users\Public\Pictures\Sample Pictures\Katalon Screenshots\Automate Ending Screen": null

2018-12-04 11:18:40 - [TEST_STEP][PASSED] - Statement - finalPath = <not implemented yet for class: org.codehaus.groovy.ast.expr.EmptyExpression>: null

2018-12-04 11:18:40 - [TEST_STEP][PASSED] - Statement - scrFile = driver.getScreenshotAs(FILE): null

2018-12-04 11:18:45 - [TEST_STEP][PASSED] - Statement - PreSaveFile = new java.io.File(PresavePath): null

2018-12-04 11:18:45 - [TEST_STEP][PASSED] - Statement - counter = 0: null

2018-12-04 11:18:45 - [TEST_STEP][PASSED] - Statement - If (PreSaveFile.exists()): null

2018-12-04 11:18:45 - [TEST_STEP][PASSED] - Statement - While (PreSaveFile.exists()): null

2018-12-04 11:18:45 - [TEST_STEP][PASSED] - Statement - counter = counter + 1: null

2018-12-04 11:18:45 - [TEST_STEP][PASSED] - Statement - PreSaveFile = new java.io.File(((pathPrefix + java.lang.Integer.toString(counter)) + .png)): null

2018-12-04 11:18:45 - [TEST_STEP][PASSED] - Statement - counter = counter + 1: null

2018-12-04 11:18:45 - [TEST_STEP][PASSED] - Statement - PreSaveFile = new java.io.File(((pathPrefix + java.lang.Integer.toString(counter)) + .png)): null

2018-12-04 11:18:45 - [TEST_STEP][PASSED] - Statement - counter = counter + 1: null

2018-12-04 11:18:45 - [TEST_STEP][PASSED] - Statement - PreSaveFile = new java.io.File(((pathPrefix + java.lang.Integer.toString(counter)) + .png)): null

2018-12-04 11:18:45 - [TEST_STEP][PASSED] - Statement - counter = counter + 1: null

2018-12-04 11:18:45 - [TEST_STEP][PASSED] - Statement - PreSaveFile = new java.io.File(((pathPrefix + java.lang.Integer.toString(counter)) + .png)): null

2018-12-04 11:18:45 - [TEST_STEP][PASSED] - Statement - counter = counter + 1: null

2018-12-04 11:18:45 - [TEST_STEP][PASSED] - Statement - PreSaveFile = new java.io.File(((pathPrefix + java.lang.Integer.toString(counter)) + .png)): null

2018-12-04 11:18:45 - [TEST_STEP][PASSED] - Statement - counter = counter + 1: null

2018-12-04 11:18:45 - [TEST_STEP][PASSED] - Statement - PreSaveFile = new java.io.File(((pathPrefix + java.lang.Integer.toString(counter)) + .png)): null

2018-12-04 11:18:45 - [TEST_STEP][PASSED] - Statement - counter = counter + 1: null

2018-12-04 11:18:45 - [TEST_STEP][PASSED] - Statement - PreSaveFile = new java.io.File(((pathPrefix + java.lang.Integer.toString(counter)) + .png)): null

2018-12-04 11:18:45 - [TEST_STEP][PASSED] - Statement - counter = counter + 1: null

2018-12-04 11:18:45 - [TEST_STEP][PASSED] - Statement - PreSaveFile = new java.io.File(((pathPrefix + java.lang.Integer.toString(counter)) + .png)): null

2018-12-04 11:18:45 - [TEST_STEP][PASSED] - Statement - counter = counter + 1: null

2018-12-04 11:18:45 - [TEST_STEP][PASSED] - Statement - PreSaveFile = new java.io.File(((pathPrefix + java.lang.Integer.toString(counter)) + .png)): null

2018-12-04 11:18:45 - [TEST_STEP][PASSED] - Statement - counter = counter + 1: null

2018-12-04 11:18:45 - [TEST_STEP][PASSED] - Statement - PreSaveFile = new java.io.File(((pathPrefix + java.lang.Integer.toString(counter)) + .png)): null

2018-12-04 11:18:45 - [TEST_STEP][PASSED] - Statement - counter = counter + 1: null

2018-12-04 11:18:45 - [TEST_STEP][PASSED] - Statement - PreSaveFile = new java.io.File(((pathPrefix + java.lang.Integer.toString(counter)) + .png)): null

2018-12-04 11:18:45 - [TEST_STEP][PASSED] - Statement - counter = counter + 1: null

2018-12-04 11:18:45 - [TEST_STEP][PASSED] - Statement - PreSaveFile = new java.io.File(((pathPrefix + java.lang.Integer.toString(counter)) + .png)): null

2018-12-04 11:18:45 - [TEST_STEP][PASSED] - Statement - counter = counter + 1: null

2018-12-04 11:18:45 - [TEST_STEP][PASSED] - Statement - PreSaveFile = new java.io.File(((pathPrefix + java.lang.Integer.toString(counter)) + .png)): null

2018-12-04 11:18:45 - [TEST_STEP][PASSED] - Statement - counter = counter + 1: null

2018-12-04 11:18:45 - [TEST_STEP][PASSED] - Statement - PreSaveFile = new java.io.File(((pathPrefix + java.lang.Integer.toString(counter)) + .png)): null

2018-12-04 11:18:45 - [TEST_STEP][PASSED] - Statement - counter = counter + 1: null

2018-12-04 11:18:45 - [TEST_STEP][PASSED] - Statement - PreSaveFile = new java.io.File(((pathPrefix + java.lang.Integer.toString(counter)) + .png)): null

2018-12-04 11:18:45 - [TEST_STEP][PASSED] - Statement - counter = counter + 1: null

2018-12-04 11:18:45 - [TEST_STEP][PASSED] - Statement - PreSaveFile = new java.io.File(((pathPrefix + java.lang.Integer.toString(counter)) + .png)): null

2018-12-04 11:18:46 - [TEST_STEP][PASSED] - Statement - counter = counter + 1: null

2018-12-04 11:18:46 - [TEST_STEP][PASSED] - Statement - PreSaveFile = new java.io.File(((pathPrefix + java.lang.Integer.toString(counter)) + .png)): null

2018-12-04 11:18:47 - [TEST_STEP][PASSED] - Statement - counter = counter + 1: null

2018-12-04 11:18:47 - [TEST_STEP][PASSED] - Statement - PreSaveFile = new java.io.File(((pathPrefix + java.lang.Integer.toString(counter)) + .png)): null

2018-12-04 11:18:47 - [TEST_STEP][PASSED] - Statement - counter = counter + 1: null

2018-12-04 11:18:48 - [TEST_STEP][PASSED] - Statement - PreSaveFile = new java.io.File(((pathPrefix + java.lang.Integer.toString(counter)) + .png)): null

2018-12-04 11:18:48 - [TEST_STEP][PASSED] - Statement - counter = counter + 1: null

2018-12-04 11:18:48 - [TEST_STEP][PASSED] - Statement - PreSaveFile = new java.io.File(((pathPrefix + java.lang.Integer.toString(counter)) + .png)): null

2018-12-04 11:18:48 - [TEST_STEP][PASSED] - Statement - counter = counter + 1: null

2018-12-04 11:18:48 - [TEST_STEP][PASSED] - Statement - PreSaveFile = new java.io.File(((pathPrefix + java.lang.Integer.toString(counter)) + .png)): null

2018-12-04 11:18:48 - [TEST_STEP][PASSED] - Statement - counter = counter + 1: null

2018-12-04 11:18:48 - [TEST_STEP][PASSED] - Statement - PreSaveFile = new java.io.File(((pathPrefix + java.lang.Integer.toString(counter)) + .png)): null

2018-12-04 11:18:48 - [TEST_STEP][PASSED] - Statement - counter = counter + 1: null

2018-12-04 11:18:48 - [TEST_STEP][PASSED] - Statement - PreSaveFile = new java.io.File(((pathPrefix + java.lang.Integer.toString(counter)) + .png)): null

2018-12-04 11:18:49 - [TEST_STEP][PASSED] - Statement - counter = counter + 1: null

2018-12-04 11:18:49 - [TEST_STEP][PASSED] - Statement - PreSaveFile = new java.io.File(((pathPrefix + java.lang.Integer.toString(counter)) + .png)): null

2018-12-04 11:18:49 - [TEST_STEP][PASSED] - Statement - counter = counter + 1: null

2018-12-04 11:18:49 - [TEST_STEP][PASSED] - Statement - PreSaveFile = new java.io.File(((pathPrefix + java.lang.Integer.toString(counter)) + .png)): null

2018-12-04 11:18:49 - [TEST_STEP][PASSED] - Statement - counter = counter + 1: null

2018-12-04 11:18:49 - [TEST_STEP][PASSED] - Statement - PreSaveFile = new java.io.File(((pathPrefix + java.lang.Integer.toString(counter)) + .png)): null

2018-12-04 11:18:49 - [TEST_STEP][PASSED] - Statement - counter = counter + 1: null

2018-12-04 11:18:49 - [TEST_STEP][PASSED] - Statement - PreSaveFile = new java.io.File(((pathPrefix + java.lang.Integer.toString(counter)) + .png)): null

2018-12-04 11:18:49 - [TEST_STEP][PASSED] - Statement - counter = counter + 1: null

2018-12-04 11:18:49 - [TEST_STEP][PASSED] - Statement - PreSaveFile = new java.io.File(((pathPrefix + java.lang.Integer.toString(counter)) + .png)): null

2018-12-04 11:18:50 - [TEST_STEP][PASSED] - Statement - counter = counter + 1: null

2018-12-04 11:18:50 - [TEST_STEP][PASSED] - Statement - PreSaveFile = new java.io.File(((pathPrefix + java.lang.Integer.toString(counter)) + .png)): null

2018-12-04 11:18:50 - [TEST_STEP][PASSED] - Statement - counter = counter + 1: null

2018-12-04 11:18:50 - [TEST_STEP][PASSED] - Statement - PreSaveFile = new java.io.File(((pathPrefix + java.lang.Integer.toString(counter)) + .png)): null

2018-12-04 11:18:50 - [TEST_STEP][PASSED] - Statement - counter = counter + 1: null

2018-12-04 11:18:50 - [TEST_STEP][PASSED] - Statement - PreSaveFile = new java.io.File(((pathPrefix + java.lang.Integer.toString(counter)) + .png)): null

2018-12-04 11:18:50 - [TEST_STEP][PASSED] - Statement - counter = counter + 1: null

2018-12-04 11:18:50 - [TEST_STEP][PASSED] - Statement - PreSaveFile = new java.io.File(((pathPrefix + java.lang.Integer.toString(counter)) + .png)): null

2018-12-04 11:18:50 - [TEST_STEP][PASSED] - Statement - counter = counter + 1: null

2018-12-04 11:18:51 - [TEST_STEP][PASSED] - Statement - PreSaveFile = new java.io.File(((pathPrefix + java.lang.Integer.toString(counter)) + .png)): null

2018-12-04 11:18:51 - [TEST_STEP][PASSED] - Statement - counter = counter + 1: null

2018-12-04 11:18:51 - [TEST_STEP][PASSED] - Statement - PreSaveFile = new java.io.File(((pathPrefix + java.lang.Integer.toString(counter)) + .png)): null

2018-12-04 11:18:51 - [TEST_STEP][PASSED] - Statement - counter = counter + 1: null

2018-12-04 11:18:51 - [TEST_STEP][PASSED] - Statement - PreSaveFile = new java.io.File(((pathPrefix + java.lang.Integer.toString(counter)) + .png)): null

2018-12-04 11:18:51 - [TEST_STEP][PASSED] - Statement - counter = counter + 1: null

2018-12-04 11:18:51 - [TEST_STEP][PASSED] - Statement - PreSaveFile = new java.io.File(((pathPrefix + java.lang.Integer.toString(counter)) + .png)): null

2018-12-04 11:18:51 - [TEST_STEP][PASSED] - Statement - counter = counter + 1: null

2018-12-04 11:18:51 - [TEST_STEP][PASSED] - Statement - PreSaveFile = new java.io.File(((pathPrefix + java.lang.Integer.toString(counter)) + .png)): null

2018-12-04 11:18:51 - [TEST_STEP][PASSED] - Statement - counter = counter + 1: null

2018-12-04 11:18:52 - [TEST_STEP][PASSED] - Statement - PreSaveFile = new java.io.File(((pathPrefix + java.lang.Integer.toString(counter)) + .png)): null

2018-12-04 11:18:52 - [TEST_STEP][PASSED] - Statement - counter = counter + 1: null

2018-12-04 11:18:52 - [TEST_STEP][PASSED] - Statement - PreSaveFile = new java.io.File(((pathPrefix + java.lang.Integer.toString(counter)) + .png)): null

2018-12-04 11:18:52 - [TEST_STEP][PASSED] - Statement - counter = counter + 1: null

2018-12-04 11:18:52 - [TEST_STEP][PASSED] - Statement - PreSaveFile = new java.io.File(((pathPrefix + java.lang.Integer.toString(counter)) + .png)): null

2018-12-04 11:18:52 - [TEST_STEP][PASSED] - Statement - counter = counter + 1: null

2018-12-04 11:18:52 - [TEST_STEP][PASSED] - Statement - PreSaveFile = new java.io.File(((pathPrefix + java.lang.Integer.toString(counter)) + .png)): null

2018-12-04 11:18:52 - [TEST_STEP][PASSED] - Statement - counter = counter + 1: null

2018-12-04 11:18:52 - [TEST_STEP][PASSED] - Statement - PreSaveFile = new java.io.File(((pathPrefix + java.lang.Integer.toString(counter)) + .png)): null

2018-12-04 11:18:52 - [TEST_STEP][PASSED] - Statement - counter = counter + 1: null

2018-12-04 11:18:53 - [TEST_STEP][PASSED] - Statement - PreSaveFile = new java.io.File(((pathPrefix + java.lang.Integer.toString(counter)) + .png)): null

2018-12-04 11:18:53 - [TEST_STEP][PASSED] - Statement - counter = counter + 1: null

2018-12-04 11:18:53 - [TEST_STEP][PASSED] - Statement - PreSaveFile = new java.io.File(((pathPrefix + java.lang.Integer.toString(counter)) + .png)): null

2018-12-04 11:18:53 - [TEST_STEP][PASSED] - Statement - counter = counter + 1: null

2018-12-04 11:18:53 - [TEST_STEP][PASSED] - Statement - PreSaveFile = new java.io.File(((pathPrefix + java.lang.Integer.toString(counter)) + .png)): null

2018-12-04 11:18:53 - [TEST_STEP][PASSED] - Statement - counter = counter + 1: null

2018-12-04 11:18:53 - [TEST_STEP][PASSED] - Statement - PreSaveFile = new java.io.File(((pathPrefix + java.lang.Integer.toString(counter)) + .png)): null

2018-12-04 11:18:53 - [TEST_STEP][PASSED] - Statement - counter = counter + 1: null

2018-12-04 11:18:53 - [TEST_STEP][PASSED] - Statement - PreSaveFile = new java.io.File(((pathPrefix + java.lang.Integer.toString(counter)) + .png)): null

2018-12-04 11:18:55 - [TEST_STEP][PASSED] - Statement - counter = counter + 1: null

2018-12-04 11:18:55 - [TEST_STEP][PASSED] - Statement - PreSaveFile = new java.io.File(((pathPrefix + java.lang.Integer.toString(counter)) + .png)): null

2018-12-04 11:18:55 - [TEST_STEP][PASSED] - Statement - counter = counter + 1: null

2018-12-04 11:18:55 - [TEST_STEP][PASSED] - Statement - PreSaveFile = new java.io.File(((pathPrefix + java.lang.Integer.toString(counter)) + .png)): null

2018-12-04 11:18:55 - [TEST_STEP][PASSED] - Statement - counter = counter + 1: null

2018-12-04 11:18:55 - [TEST_STEP][PASSED] - Statement - PreSaveFile = new java.io.File(((pathPrefix + java.lang.Integer.toString(counter)) + .png)): null

2018-12-04 11:18:55 - [TEST_STEP][PASSED] - Statement - counter = counter + 1: null

2018-12-04 11:18:55 - [TEST_STEP][PASSED] - Statement - PreSaveFile = new java.io.File(((pathPrefix + java.lang.Integer.toString(counter)) + .png)): null

2018-12-04 11:18:55 - [TEST_STEP][PASSED] - Statement - counter = counter + 1: null

2018-12-04 11:18:56 - [TEST_STEP][PASSED] - Statement - PreSaveFile = new java.io.File(((pathPrefix + java.lang.Integer.toString(counter)) + .png)): null

2018-12-04 11:18:56 - [TEST_STEP][PASSED] - Statement - counter = counter + 1: null

2018-12-04 11:18:56 - [TEST_STEP][PASSED] - Statement - PreSaveFile = new java.io.File(((pathPrefix + java.lang.Integer.toString(counter)) + .png)): null

2018-12-04 11:18:56 - [TEST_STEP][PASSED] - Statement - counter = counter + 1: null

2018-12-04 11:18:56 - [TEST_STEP][PASSED] - Statement - PreSaveFile = new java.io.File(((pathPrefix + java.lang.Integer.toString(counter)) + .png)): null

2018-12-04 11:18:56 - [TEST_STEP][PASSED] - Statement - counter = counter + 1: null

2018-12-04 11:18:56 - [TEST_STEP][PASSED] - Statement - PreSaveFile = new java.io.File(((pathPrefix + java.lang.Integer.toString(counter)) + .png)): null

2018-12-04 11:18:56 - [TEST_STEP][PASSED] - Statement - counter = counter + 1: null

2018-12-04 11:18:56 - [TEST_STEP][PASSED] - Statement - PreSaveFile = new java.io.File(((pathPrefix + java.lang.Integer.toString(counter)) + .png)): null

2018-12-04 11:18:56 - [TEST_STEP][PASSED] - Statement - counter = counter + 1: null

2018-12-04 11:18:58 - [TEST_STEP][PASSED] - Statement - PreSaveFile = new java.io.File(((pathPrefix + java.lang.Integer.toString(counter)) + .png)): null

2018-12-04 11:18:58 - [TEST_STEP][PASSED] - Statement - counter = counter + 1: null

2018-12-04 11:18:58 - [TEST_STEP][PASSED] - Statement - PreSaveFile = new java.io.File(((pathPrefix + java.lang.Integer.toString(counter)) + .png)): null

2018-12-04 11:18:58 - [TEST_STEP][PASSED] - Statement - counter = counter + 1: null

2018-12-04 11:18:58 - [TEST_STEP][PASSED] - Statement - PreSaveFile = new java.io.File(((pathPrefix + java.lang.Integer.toString(counter)) + .png)): null

2018-12-04 11:18:58 - [TEST_STEP][PASSED] - Statement - counter = counter + 1: null

2018-12-04 11:18:58 - [TEST_STEP][PASSED] - Statement - PreSaveFile = new java.io.File(((pathPrefix + java.lang.Integer.toString(counter)) + .png)): null

2018-12-04 11:18:58 - [TEST_STEP][PASSED] - Statement - counter = counter + 1: null

2018-12-04 11:18:58 - [TEST_STEP][PASSED] - Statement - PreSaveFile = new java.io.File(((pathPrefix + java.lang.Integer.toString(counter)) + .png)): null

2018-12-04 11:18:58 - [TEST_STEP][PASSED] - Statement - counter = counter + 1: null

2018-12-04 11:18:59 - [TEST_STEP][PASSED] - Statement - PreSaveFile = new java.io.File(((pathPrefix + java.lang.Integer.toString(counter)) + .png)): null

2018-12-04 11:18:59 - [TEST_STEP][PASSED] - Statement - counter = counter + 1: null

2018-12-04 11:18:59 - [TEST_STEP][PASSED] - Statement - PreSaveFile = new java.io.File(((pathPrefix + java.lang.Integer.toString(counter)) + .png)): null

2018-12-04 11:18:59 - [TEST_STEP][PASSED] - Statement - counter = counter + 1: null

2018-12-04 11:18:59 - [TEST_STEP][PASSED] - Statement - PreSaveFile = new java.io.File(((pathPrefix + java.lang.Integer.toString(counter)) + .png)): null

2018-12-04 11:18:59 - [TEST_STEP][PASSED] - Statement - counter = counter + 1: null

2018-12-04 11:18:59 - [TEST_STEP][PASSED] - Statement - PreSaveFile = new java.io.File(((pathPrefix + java.lang.Integer.toString(counter)) + .png)): null

2018-12-04 11:18:59 - [TEST_STEP][PASSED] - Statement - counter = counter + 1: null

2018-12-04 11:18:59 - [TEST_STEP][PASSED] - Statement - PreSaveFile = new java.io.File(((pathPrefix + java.lang.Integer.toString(counter)) + .png)): null

2018-12-04 11:18:59 - [TEST_STEP][PASSED] - Statement - counter = counter + 1: null

2018-12-04 11:19:01 - [TEST_STEP][PASSED] - Statement - PreSaveFile = new java.io.File(((pathPrefix + java.lang.Integer.toString(counter)) + .png)): null

2018-12-04 11:19:01 - [TEST_STEP][PASSED] - Statement - counter = counter + 1: null

2018-12-04 11:19:01 - [TEST_STEP][PASSED] - Statement - PreSaveFile = new java.io.File(((pathPrefix + java.lang.Integer.toString(counter)) + .png)): null

2018-12-04 11:19:01 - [TEST_STEP][PASSED] - Statement - counter = counter + 1: null

2018-12-04 11:19:01 - [TEST_STEP][PASSED] - Statement - PreSaveFile = new java.io.File(((pathPrefix + java.lang.Integer.toString(counter)) + .png)): null

2018-12-04 11:19:01 - [TEST_STEP][PASSED] - Statement - counter = counter + 1: null

2018-12-04 11:19:01 - [TEST_STEP][PASSED] - Statement - PreSaveFile = new java.io.File(((pathPrefix + java.lang.Integer.toString(counter)) + .png)): null

2018-12-04 11:19:01 - [TEST_STEP][PASSED] - Statement - counter = counter + 1: null

2018-12-04 11:19:01 - [TEST_STEP][PASSED] - Statement - PreSaveFile = new java.io.File(((pathPrefix + java.lang.Integer.toString(counter)) + .png)): null

2018-12-04 11:19:02 - [TEST_STEP][PASSED] - Statement - counter = counter + 1: null

2018-12-04 11:19:02 - [TEST_STEP][PASSED] - Statement - PreSaveFile = new java.io.File(((pathPrefix + java.lang.Integer.toString(counter)) + .png)): null

2018-12-04 11:19:02 - [TEST_STEP][PASSED] - Statement - counter = counter + 1: null

2018-12-04 11:19:02 - [TEST_STEP][PASSED] - Statement - PreSaveFile = new java.io.File(((pathPrefix + java.lang.Integer.toString(counter)) + .png)): null

2018-12-04 11:19:02 - [TEST_STEP][PASSED] - Statement - counter = counter + 1: null

2018-12-04 11:19:02 - [TEST_STEP][PASSED] - Statement - PreSaveFile = new java.io.File(((pathPrefix + java.lang.Integer.toString(counter)) + .png)): null

2018-12-04 11:19:02 - [TEST_STEP][PASSED] - Statement - counter = counter + 1: null

2018-12-04 11:19:02 - [TEST_STEP][PASSED] - Statement - PreSaveFile = new java.io.File(((pathPrefix + java.lang.Integer.toString(counter)) + .png)): null

2018-12-04 11:19:02 - [TEST_STEP][PASSED] - Statement - counter = counter + 1: null

2018-12-04 11:19:04 - [TEST_STEP][PASSED] - Statement - PreSaveFile = new java.io.File(((pathPrefix + java.lang.Integer.toString(counter)) + .png)): null

2018-12-04 11:19:04 - [TEST_STEP][PASSED] - Statement - counter = counter + 1: null

2018-12-04 11:19:04 - [TEST_STEP][PASSED] - Statement - PreSaveFile = new java.io.File(((pathPrefix + java.lang.Integer.toString(counter)) + .png)): null

2018-12-04 11:19:04 - [TEST_STEP][PASSED] - Statement - counter = counter + 1: null

2018-12-04 11:19:04 - [TEST_STEP][PASSED] - Statement - PreSaveFile = new java.io.File(((pathPrefix + java.lang.Integer.toString(counter)) + .png)): null

2018-12-04 11:19:04 - [TEST_STEP][PASSED] - Statement - counter = counter + 1: null

2018-12-04 11:19:04 - [TEST_STEP][PASSED] - Statement - PreSaveFile = new java.io.File(((pathPrefix + java.lang.Integer.toString(counter)) + .png)): null

2018-12-04 11:19:04 - [TEST_STEP][PASSED] - Statement - counter = counter + 1: null

2018-12-04 11:19:04 - [TEST_STEP][PASSED] - Statement - PreSaveFile = new java.io.File(((pathPrefix + java.lang.Integer.toString(counter)) + .png)): null

2018-12-04 11:19:04 - [TEST_STEP][PASSED] - Statement - counter = counter + 1: null

2018-12-04 11:19:05 - [TEST_STEP][PASSED] - Statement - PreSaveFile = new java.io.File(((pathPrefix + java.lang.Integer.toString(counter)) + .png)): null

2018-12-04 11:19:05 - [TEST_STEP][PASSED] - Statement - counter = counter + 1: null

2018-12-04 11:19:05 - [TEST_STEP][PASSED] - Statement - PreSaveFile = new java.io.File(((pathPrefix + java.lang.Integer.toString(counter)) + .png)): null

2018-12-04 11:19:05 - [TEST_STEP][PASSED] - Statement - counter = counter + 1: null

2018-12-04 11:19:05 - [TEST_STEP][PASSED] - Statement - PreSaveFile = new java.io.File(((pathPrefix + java.lang.Integer.toString(counter)) + .png)): null

2018-12-04 11:19:05 - [TEST_STEP][PASSED] - Statement - counter = counter + 1: null

2018-12-04 11:19:05 - [TEST_STEP][PASSED] - Statement - PreSaveFile = new java.io.File(((pathPrefix + java.lang.Integer.toString(counter)) + .png)): null

2018-12-04 11:19:05 - [TEST_STEP][PASSED] - Statement - counter = counter + 1: null

2018-12-04 11:19:05 - [TEST_STEP][PASSED] - Statement - PreSaveFile = new java.io.File(((pathPrefix + java.lang.Integer.toString(counter)) + .png)): null

2018-12-04 11:19:05 - [TEST_STEP][PASSED] - Statement - counter = counter + 1: null

2018-12-04 11:19:07 - [TEST_STEP][PASSED] - Statement - PreSaveFile = new java.io.File(((pathPrefix + java.lang.Integer.toString(counter)) + .png)): null

2018-12-04 11:19:07 - [TEST_STEP][PASSED] - Statement - counter = counter + 1: null

2018-12-04 11:19:07 - [TEST_STEP][PASSED] - Statement - PreSaveFile = new java.io.File(((pathPrefix + java.lang.Integer.toString(counter)) + .png)): null

2018-12-04 11:19:07 - [TEST_STEP][PASSED] - Statement - counter = counter + 1: null

2018-12-04 11:19:07 - [TEST_STEP][PASSED] - Statement - PreSaveFile = new java.io.File(((pathPrefix + java.lang.Integer.toString(counter)) + .png)): null

2018-12-04 11:19:07 - [TEST_STEP][PASSED] - Statement - counter = counter + 1: null

2018-12-04 11:19:07 - [TEST_STEP][PASSED] - Statement - PreSaveFile = new java.io.File(((pathPrefix + java.lang.Integer.toString(counter)) + .png)): null

2018-12-04 11:19:07 - [TEST_STEP][PASSED] - Statement - counter = counter + 1: null

2018-12-04 11:19:07 - [TEST_STEP][PASSED] - Statement - PreSaveFile = new java.io.File(((pathPrefix + java.lang.Integer.toString(counter)) + .png)): null

2018-12-04 11:19:09 - [TEST_STEP][PASSED] - Statement - counter = counter + 1: null

2018-12-04 11:19:09 - [TEST_STEP][PASSED] - Statement - PreSaveFile = new java.io.File(((pathPrefix + java.lang.Integer.toString(counter)) + .png)): null

2018-12-04 11:19:09 - [TEST_STEP][PASSED] - Statement - counter = counter + 1: null

2018-12-04 11:19:09 - [TEST_STEP][PASSED] - Statement - PreSaveFile = new java.io.File(((pathPrefix + java.lang.Integer.toString(counter)) + .png)): null

2018-12-04 11:19:09 - [TEST_STEP][PASSED] - Statement - counter = counter + 1: null

2018-12-04 11:19:09 - [TEST_STEP][PASSED] - Statement - PreSaveFile = new java.io.File(((pathPrefix + java.lang.Integer.toString(counter)) + .png)): null

2018-12-04 11:19:09 - [TEST_STEP][PASSED] - Statement - counter = counter + 1: null

2018-12-04 11:19:09 - [TEST_STEP][PASSED] - Statement - PreSaveFile = new java.io.File(((pathPrefix + java.lang.Integer.toString(counter)) + .png)): null

2018-12-04 11:19:09 - [TEST_STEP][PASSED] - Statement - counter = counter + 1: null

2018-12-04 11:19:09 - [TEST_STEP][PASSED] - Statement - PreSaveFile = new java.io.File(((pathPrefix + java.lang.Integer.toString(counter)) + .png)): null

2018-12-04 11:19:10 - [TEST_STEP][PASSED] - Statement - counter = counter + 1: null

2018-12-04 11:19:10 - [TEST_STEP][PASSED] - Statement - PreSaveFile = new java.io.File(((pathPrefix + java.lang.Integer.toString(counter)) + .png)): null

2018-12-04 11:19:10 - [TEST_STEP][PASSED] - Statement - counter = counter + 1: null

2018-12-04 11:19:10 - [TEST_STEP][PASSED] - Statement - PreSaveFile = new java.io.File(((pathPrefix + java.lang.Integer.toString(counter)) + .png)): null

2018-12-04 11:19:10 - [TEST_STEP][PASSED] - Statement - counter = counter + 1: null

2018-12-04 11:19:10 - [TEST_STEP][PASSED] - Statement - PreSaveFile = new java.io.File(((pathPrefix + java.lang.Integer.toString(counter)) + .png)): null

2018-12-04 11:19:10 - [TEST_STEP][PASSED] - Statement - counter = counter + 1: null

2018-12-04 11:19:10 - [TEST_STEP][PASSED] - Statement - PreSaveFile = new java.io.File(((pathPrefix + java.lang.Integer.toString(counter)) + .png)): null

2018-12-04 11:19:10 - [TEST_STEP][PASSED] - Statement - counter = counter + 1: null

2018-12-04 11:19:12 - [TEST_STEP][PASSED] - Statement - PreSaveFile = new java.io.File(((pathPrefix + java.lang.Integer.toString(counter)) + .png)): null

2018-12-04 11:19:12 - [TEST_STEP][PASSED] - Statement - counter = counter + 1: null

2018-12-04 11:19:12 - [TEST_STEP][PASSED] - Statement - PreSaveFile = new java.io.File(((pathPrefix + java.lang.Integer.toString(counter)) + .png)): null

2018-12-04 11:19:12 - [TEST_STEP][PASSED] - Statement - counter = counter + 1: null

2018-12-04 11:19:12 - [TEST_STEP][PASSED] - Statement - PreSaveFile = new java.io.File(((pathPrefix + java.lang.Integer.toString(counter)) + .png)): null

2018-12-04 11:19:12 - [TEST_STEP][PASSED] - Statement - counter = counter + 1: null

2018-12-04 11:19:12 - [TEST_STEP][PASSED] - Statement - PreSaveFile = new java.io.File(((pathPrefix + java.lang.Integer.toString(counter)) + .png)): null

2018-12-04 11:19:12 - [TEST_STEP][PASSED] - Statement - counter = counter + 1: null

2018-12-04 11:19:12 - [TEST_STEP][PASSED] - Statement - PreSaveFile = new java.io.File(((pathPrefix + java.lang.Integer.toString(counter)) + .png)): null

2018-12-04 11:19:12 - [TEST_STEP][PASSED] - Statement - counter = counter + 1: null

2018-12-04 11:19:15 - [TEST_STEP][PASSED] - Statement - PreSaveFile = new java.io.File(((pathPrefix + java.lang.Integer.toString(counter)) + .png)): null

2018-12-04 11:19:15 - [TEST_STEP][PASSED] - Statement - counter = counter + 1: null

2018-12-04 11:19:15 - [TEST_STEP][PASSED] - Statement - PreSaveFile = new java.io.File(((pathPrefix + java.lang.Integer.toString(counter)) + .png)): null

2018-12-04 11:19:15 - [TEST_STEP][PASSED] - Statement - counter = counter + 1: null

2018-12-04 11:19:15 - [TEST_STEP][PASSED] - Statement - PreSaveFile = new java.io.File(((pathPrefix + java.lang.Integer.toString(counter)) + .png)): null

2018-12-04 11:19:15 - [TEST_STEP][PASSED] - Statement - counter = counter + 1: null

2018-12-04 11:19:15 - [TEST_STEP][PASSED] - Statement - PreSaveFile = new java.io.File(((pathPrefix + java.lang.Integer.toString(counter)) + .png)): null

2018-12-04 11:19:15 - [TEST_STEP][PASSED] - Statement - counter = counter + 1: null

2018-12-04 11:19:15 - [TEST_STEP][PASSED] - Statement - PreSaveFile = new java.io.File(((pathPrefix + java.lang.Integer.toString(counter)) + .png)): null

2018-12-04 11:19:15 - [TEST_STEP][PASSED] - Statement - counter = counter + 1: null

2018-12-04 11:19:17 - [TEST_STEP][PASSED] - Statement - PreSaveFile = new java.io.File(((pathPrefix + java.lang.Integer.toString(counter)) + .png)): null

2018-12-04 11:19:17 - [TEST_STEP][PASSED] - Statement - counter = counter + 1: null

2018-12-04 11:19:17 - [TEST_STEP][PASSED] - Statement - PreSaveFile = new java.io.File(((pathPrefix + java.lang.Integer.toString(counter)) + .png)): null

2018-12-04 11:19:17 - [TEST_STEP][PASSED] - Statement - counter = counter + 1: null

2018-12-04 11:19:17 - [TEST_STEP][PASSED] - Statement - PreSaveFile = new java.io.File(((pathPrefix + java.lang.Integer.toString(counter)) + .png)): null

2018-12-04 11:19:17 - [TEST_STEP][PASSED] - Statement - counter = counter + 1: null

2018-12-04 11:19:17 - [TEST_STEP][PASSED] - Statement - PreSaveFile = new java.io.File(((pathPrefix + java.lang.Integer.toString(counter)) + .png)): null

2018-12-04 11:19:17 - [TEST_STEP][PASSED] - Statement - counter = counter + 1: null

2018-12-04 11:19:17 - [TEST_STEP][PASSED] - Statement - PreSaveFile = new java.io.File(((pathPrefix + java.lang.Integer.toString(counter)) + .png)): null

2018-12-04 11:19:19 - [TEST_STEP][PASSED] - Statement - counter = counter + 1: null

2018-12-04 11:19:19 - [TEST_STEP][PASSED] - Statement - PreSaveFile = new java.io.File(((pathPrefix + java.lang.Integer.toString(counter)) + .png)): null

2018-12-04 11:19:19 - [TEST_STEP][PASSED] - Statement - counter = counter + 1: null

2018-12-04 11:19:19 - [TEST_STEP][PASSED] - Statement - PreSaveFile = new java.io.File(((pathPrefix + java.lang.Integer.toString(counter)) + .png)): null

2018-12-04 11:19:19 - [TEST_STEP][PASSED] - Statement - counter = counter + 1: null

2018-12-04 11:19:19 - [TEST_STEP][PASSED] - Statement - PreSaveFile = new java.io.File(((pathPrefix + java.lang.Integer.toString(counter)) + .png)): null

2018-12-04 11:19:19 - [TEST_STEP][PASSED] - Statement - counter = counter + 1: null

2018-12-04 11:19:19 - [TEST_STEP][PASSED] - Statement - PreSaveFile = new java.io.File(((pathPrefix + java.lang.Integer.toString(counter)) + .png)): null

2018-12-04 11:19:19 - [TEST_STEP][PASSED] - Statement - counter = counter + 1: null

2018-12-04 11:19:20 - [TEST_STEP][PASSED] - Statement - PreSaveFile = new java.io.File(((pathPrefix + java.lang.Integer.toString(counter)) + .png)): null

2018-12-04 11:19:20 - [TEST_STEP][PASSED] - Statement - counter = counter + 1: null

2018-12-04 11:19:20 - [TEST_STEP][PASSED] - Statement - PreSaveFile = new java.io.File(((pathPrefix + java.lang.Integer.toString(counter)) + .png)): null

2018-12-04 11:19:20 - [TEST_STEP][PASSED] - Statement - counter = counter + 1: null

2018-12-04 11:19:20 - [TEST_STEP][PASSED] - Statement - PreSaveFile = new java.io.File(((pathPrefix + java.lang.Integer.toString(counter)) + .png)): null

2018-12-04 11:19:20 - [TEST_STEP][PASSED] - Statement - counter = counter + 1: null

2018-12-04 11:19:20 - [TEST_STEP][PASSED] - Statement - PreSaveFile = new java.io.File(((pathPrefix + java.lang.Integer.toString(counter)) + .png)): null

2018-12-04 11:19:20 - [TEST_STEP][PASSED] - Statement - counter = counter + 1: null

2018-12-04 11:19:20 - [TEST_STEP][PASSED] - Statement - PreSaveFile = new java.io.File(((pathPrefix + java.lang.Integer.toString(counter)) + .png)): null

2018-12-04 11:19:20 - [TEST_STEP][PASSED] - Statement - counter = counter + 1: null

2018-12-04 11:19:22 - [TEST_STEP][PASSED] - Statement - PreSaveFile = new java.io.File(((pathPrefix + java.lang.Integer.toString(counter)) + .png)): null

2018-12-04 11:19:22 - [TEST_STEP][PASSED] - Statement - counter = counter + 1: null

2018-12-04 11:19:22 - [TEST_STEP][PASSED] - Statement - PreSaveFile = new java.io.File(((pathPrefix + java.lang.Integer.toString(counter)) + .png)): null

2018-12-04 11:19:22 - [TEST_STEP][PASSED] - Statement - counter = counter + 1: null

2018-12-04 11:19:22 - [TEST_STEP][PASSED] - Statement - PreSaveFile = new java.io.File(((pathPrefix + java.lang.Integer.toString(counter)) + .png)): null

2018-12-04 11:19:22 - [TEST_STEP][PASSED] - Statement - counter = counter + 1: null

2018-12-04 11:19:22 - [TEST_STEP][PASSED] - Statement - PreSaveFile = new java.io.File(((pathPrefix + java.lang.Integer.toString(counter)) + .png)): null

2018-12-04 11:19:22 - [TEST_STEP][PASSED] - Statement - counter = counter + 1: null

2018-12-04 11:19:22 - [TEST_STEP][PASSED] - Statement - PreSaveFile = new java.io.File(((pathPrefix + java.lang.Integer.toString(counter)) + .png)): null

2018-12-04 11:19:22 - [TEST_STEP][PASSED] - Statement - counter = counter + 1: null

2018-12-04 11:19:24 - [TEST_STEP][PASSED] - Statement - PreSaveFile = new java.io.File(((pathPrefix + java.lang.Integer.toString(counter)) + .png)): null

2018-12-04 11:19:24 - [TEST_STEP][PASSED] - Statement - counter = counter + 1: null

2018-12-04 11:19:24 - [TEST_STEP][PASSED] - Statement - PreSaveFile = new java.io.File(((pathPrefix + java.lang.Integer.toString(counter)) + .png)): null

2018-12-04 11:19:24 - [TEST_STEP][PASSED] - Statement - counter = counter + 1: null

2018-12-04 11:19:24 - [TEST_STEP][PASSED] - Statement - PreSaveFile = new java.io.File(((pathPrefix + java.lang.Integer.toString(counter)) + .png)): null

2018-12-04 11:19:24 - [TEST_STEP][PASSED] - Statement - counter = counter + 1: null

2018-12-04 11:19:24 - [TEST_STEP][PASSED] - Statement - PreSaveFile = new java.io.File(((pathPrefix + java.lang.Integer.toString(counter)) + .png)): null

2018-12-04 11:19:24 - [TEST_STEP][PASSED] - Statement - counter = counter + 1: null

2018-12-04 11:19:24 - [TEST_STEP][PASSED] - Statement - PreSaveFile = new java.io.File(((pathPrefix + java.lang.Integer.toString(counter)) + .png)): null

2018-12-04 11:19:24 - [TEST_STEP][PASSED] - Statement - counter = counter + 1: null

2018-12-04 11:19:26 - [TEST_STEP][PASSED] - Statement - PreSaveFile = new java.io.File(((pathPrefix + java.lang.Integer.toString(counter)) + .png)): null

2018-12-04 11:19:26 - [TEST_STEP][PASSED] - Statement - counter = counter + 1: null

2018-12-04 11:19:26 - [TEST_STEP][PASSED] - Statement - PreSaveFile = new java.io.File(((pathPrefix + java.lang.Integer.toString(counter)) + .png)): null

2018-12-04 11:19:26 - [TEST_STEP][PASSED] - Statement - counter = counter + 1: null

2018-12-04 11:19:26 - [TEST_STEP][PASSED] - Statement - PreSaveFile = new java.io.File(((pathPrefix + java.lang.Integer.toString(counter)) + .png)): null

2018-12-04 11:19:26 - [TEST_STEP][PASSED] - Statement - counter = counter + 1: null

2018-12-04 11:19:26 - [TEST_STEP][PASSED] - Statement - PreSaveFile = new java.io.File(((pathPrefix + java.lang.Integer.toString(counter)) + .png)): null

2018-12-04 11:19:26 - [TEST_STEP][PASSED] - Statement - counter = counter + 1: null

2018-12-04 11:19:26 - [TEST_STEP][PASSED] - Statement - PreSaveFile = new java.io.File(((pathPrefix + java.lang.Integer.toString(counter)) + .png)): null

2018-12-04 11:19:27 - [TEST_STEP][PASSED] - Statement - counter = counter + 1: null

2018-12-04 11:19:27 - [TEST_STEP][PASSED] - Statement - PreSaveFile = new java.io.File(((pathPrefix + java.lang.Integer.toString(counter)) + .png)): null

2018-12-04 11:19:27 - [TEST_STEP][PASSED] - Statement - counter = counter + 1: null

2018-12-04 11:19:27 - [TEST_STEP][PASSED] - Statement - PreSaveFile = new java.io.File(((pathPrefix + java.lang.Integer.toString(counter)) + .png)): null

2018-12-04 11:19:27 - [TEST_STEP][PASSED] - Statement - counter = counter + 1: null

2018-12-04 11:19:27 - [TEST_STEP][PASSED] - Statement - PreSaveFile = new java.io.File(((pathPrefix + java.lang.Integer.toString(counter)) + .png)): null

2018-12-04 11:19:27 - [TEST_STEP][PASSED] - Statement - counter = counter + 1: null

2018-12-04 11:19:27 - [TEST_STEP][PASSED] - Statement - PreSaveFile = new java.io.File(((pathPrefix + java.lang.Integer.toString(counter)) + .png)): null

2018-12-04 11:19:27 - [TEST_STEP][PASSED] - Statement - counter = counter + 1: null

2018-12-04 11:19:29 - [TEST_STEP][PASSED] - Statement - PreSaveFile = new java.io.File(((pathPrefix + java.lang.Integer.toString(counter)) + .png)): null

2018-12-04 11:19:29 - [TEST_STEP][PASSED] - Statement - counter = counter + 1: null

2018-12-04 11:19:29 - [TEST_STEP][PASSED] - Statement - PreSaveFile = new java.io.File(((pathPrefix + java.lang.Integer.toString(counter)) + .png)): null

2018-12-04 11:19:29 - [TEST_STEP][PASSED] - Statement - counter = counter + 1: null

2018-12-04 11:19:29 - [TEST_STEP][PASSED] - Statement - PreSaveFile = new java.io.File(((pathPrefix + java.lang.Integer.toString(counter)) + .png)): null

2018-12-04 11:19:29 - [TEST_STEP][PASSED] - Statement - counter = counter + 1: null

2018-12-04 11:19:29 - [TEST_STEP][PASSED] - Statement - PreSaveFile = new java.io.File(((pathPrefix + java.lang.Integer.toString(counter)) + .png)): null

2018-12-04 11:19:29 - [TEST_STEP][PASSED] - Statement - counter = counter + 1: null

2018-12-04 11:19:29 - [TEST_STEP][PASSED] - Statement - PreSaveFile = new java.io.File(((pathPrefix + java.lang.Integer.toString(counter)) + .png)): null

2018-12-04 11:19:29 - [TEST_STEP][PASSED] - Statement - counter = counter + 1: null

2018-12-04 11:19:31 - [TEST_STEP][PASSED] - Statement - PreSaveFile = new java.io.File(((pathPrefix + java.lang.Integer.toString(counter)) + .png)): null

2018-12-04 11:19:31 - [TEST_STEP][PASSED] - Statement - counter = counter + 1: null

2018-12-04 11:19:31 - [TEST_STEP][PASSED] - Statement - PreSaveFile = new java.io.File(((pathPrefix + java.lang.Integer.toString(counter)) + .png)): null

2018-12-04 11:19:31 - [TEST_STEP][PASSED] - Statement - counter = counter + 1: null

2018-12-04 11:19:31 - [TEST_STEP][PASSED] - Statement - PreSaveFile = new java.io.File(((pathPrefix + java.lang.Integer.toString(counter)) + .png)): null

2018-12-04 11:19:31 - [TEST_STEP][PASSED] - Statement - counter = counter + 1: null

2018-12-04 11:19:31 - [TEST_STEP][PASSED] - Statement - PreSaveFile = new java.io.File(((pathPrefix + java.lang.Integer.toString(counter)) + .png)): null

2018-12-04 11:19:31 - [TEST_STEP][PASSED] - Statement - counter = counter + 1: null

2018-12-04 11:19:31 - [TEST_STEP][PASSED] - Statement - PreSaveFile = new java.io.File(((pathPrefix + java.lang.Integer.toString(counter)) + .png)): null

2018-12-04 11:19:31 - [TEST_STEP][PASSED] - Statement - counter = counter + 1: null

2018-12-04 11:19:33 - [TEST_STEP][PASSED] - Statement - PreSaveFile = new java.io.File(((pathPrefix + java.lang.Integer.toString(counter)) + .png)): null

2018-12-04 11:19:33 - [TEST_STEP][PASSED] - Statement - counter = counter + 1: null

2018-12-04 11:19:33 - [TEST_STEP][PASSED] - Statement - PreSaveFile = new java.io.File(((pathPrefix + java.lang.Integer.toString(counter)) + .png)): null

2018-12-04 11:19:33 - [TEST_STEP][PASSED] - Statement - counter = counter + 1: null

2018-12-04 11:19:33 - [TEST_STEP][PASSED] - Statement - PreSaveFile = new java.io.File(((pathPrefix + java.lang.Integer.toString(counter)) + .png)): null

2018-12-04 11:19:33 - [TEST_STEP][PASSED] - Statement - counter = counter + 1: null

2018-12-04 11:19:33 - [TEST_STEP][PASSED] - Statement - PreSaveFile = new java.io.File(((pathPrefix + java.lang.Integer.toString(counter)) + .png)): null

2018-12-04 11:19:33 - [TEST_STEP][PASSED] - Statement - counter = counter + 1: null

2018-12-04 11:19:33 - [TEST_STEP][PASSED] - Statement - PreSaveFile = new java.io.File(((pathPrefix + java.lang.Integer.toString(counter)) + .png)): null

2018-12-04 11:19:34 - [TEST_STEP][PASSED] - Statement - counter = counter + 1: null

2018-12-04 11:19:34 - [TEST_STEP][PASSED] - Statement - PreSaveFile = new java.io.File(((pathPrefix + java.lang.Integer.toString(counter)) + .png)): null

2018-12-04 11:19:34 - [TEST_STEP][PASSED] - Statement - counter = counter + 1: null

2018-12-04 11:19:34 - [TEST_STEP][PASSED] - Statement - PreSaveFile = new java.io.File(((pathPrefix + java.lang.Integer.toString(counter)) + .png)): null

2018-12-04 11:19:34 - [TEST_STEP][PASSED] - Statement - counter = counter + 1: null

2018-12-04 11:19:34 - [TEST_STEP][PASSED] - Statement - PreSaveFile = new java.io.File(((pathPrefix + java.lang.Integer.toString(counter)) + .png)): null

2018-12-04 11:19:34 - [TEST_STEP][PASSED] - Statement - counter = counter + 1: null

2018-12-04 11:19:34 - [TEST_STEP][PASSED] - Statement - PreSaveFile = new java.io.File(((pathPrefix + java.lang.Integer.toString(counter)) + .png)): null

2018-12-04 11:19:34 - [TEST_STEP][PASSED] - Statement - counter = counter + 1: null

2018-12-04 11:19:34 - [TEST_STEP][PASSED] - Statement - PreSaveFile = new java.io.File(((pathPrefix + java.lang.Integer.toString(counter)) + .png)): null

2018-12-04 11:19:36 - [TEST_STEP][PASSED] - Statement - counter = counter + 1: null

2018-12-04 11:19:36 - [TEST_STEP][PASSED] - Statement - PreSaveFile = new java.io.File(((pathPrefix + java.lang.Integer.toString(counter)) + .png)): null

2018-12-04 11:19:36 - [TEST_STEP][PASSED] - Statement - counter = counter + 1: null

2018-12-04 11:19:36 - [TEST_STEP][PASSED] - Statement - PreSaveFile = new java.io.File(((pathPrefix + java.lang.Integer.toString(counter)) + .png)): null

2018-12-04 11:19:36 - [TEST_STEP][PASSED] - Statement - counter = counter + 1: null

2018-12-04 11:19:36 - [TEST_STEP][PASSED] - Statement - PreSaveFile = new java.io.File(((pathPrefix + java.lang.Integer.toString(counter)) + .png)): null

2018-12-04 11:19:36 - [TEST_STEP][PASSED] - Statement - counter = counter + 1: null

2018-12-04 11:19:36 - [TEST_STEP][PASSED] - Statement - PreSaveFile = new java.io.File(((pathPrefix + java.lang.Integer.toString(counter)) + .png)): null

2018-12-04 11:19:36 - [TEST_STEP][PASSED] - Statement - counter = counter + 1: null

2018-12-04 11:19:38 - [TEST_STEP][PASSED] - Statement - PreSaveFile = new java.io.File(((pathPrefix + java.lang.Integer.toString(counter)) + .png)): null

2018-12-04 11:19:38 - [TEST_STEP][PASSED] - Statement - counter = counter + 1: null

2018-12-04 11:19:38 - [TEST_STEP][PASSED] - Statement - PreSaveFile = new java.io.File(((pathPrefix + java.lang.Integer.toString(counter)) + .png)): null

2018-12-04 11:19:38 - [TEST_STEP][PASSED] - Statement - counter = counter + 1: null

2018-12-04 11:19:38 - [TEST_STEP][PASSED] - Statement - PreSaveFile = new java.io.File(((pathPrefix + java.lang.Integer.toString(counter)) + .png)): null

2018-12-04 11:19:38 - [TEST_STEP][PASSED] - Statement - counter = counter + 1: null

2018-12-04 11:19:38 - [TEST_STEP][PASSED] - Statement - PreSaveFile = new java.io.File(((pathPrefix + java.lang.Integer.toString(counter)) + .png)): null

2018-12-04 11:19:38 - [TEST_STEP][PASSED] - Statement - counter = counter + 1: null

2018-12-04 11:19:38 - [TEST_STEP][PASSED] - Statement - PreSaveFile = new java.io.File(((pathPrefix + java.lang.Integer.toString(counter)) + .png)): null

2018-12-04 11:19:38 - [TEST_STEP][PASSED] - Statement - counter = counter + 1: null

2018-12-04 11:19:39 - [TEST_STEP][PASSED] - Statement - PreSaveFile = new java.io.File(((pathPrefix + java.lang.Integer.toString(counter)) + .png)): null

2018-12-04 11:19:39 - [TEST_STEP][PASSED] - Statement - counter = counter + 1: null

2018-12-04 11:19:39 - [TEST_STEP][PASSED] - Statement - PreSaveFile = new java.io.File(((pathPrefix + java.lang.Integer.toString(counter)) + .png)): null

2018-12-04 11:19:39 - [TEST_STEP][PASSED] - Statement - counter = counter + 1: null

2018-12-04 11:19:39 - [TEST_STEP][PASSED] - Statement - PreSaveFile = new java.io.File(((pathPrefix + java.lang.Integer.toString(counter)) + .png)): null

2018-12-04 11:19:39 - [TEST_STEP][PASSED] - Statement - counter = counter + 1: null

2018-12-04 11:19:39 - [TEST_STEP][PASSED] - Statement - PreSaveFile = new java.io.File(((pathPrefix + java.lang.Integer.toString(counter)) + .png)): null

2018-12-04 11:19:39 - [TEST_STEP][PASSED] - Statement - counter = counter + 1: null

2018-12-04 11:19:39 - [TEST_STEP][PASSED] - Statement - PreSaveFile = new java.io.File(((pathPrefix + java.lang.Integer.toString(counter)) + .png)): null

2018-12-04 11:19:39 - [TEST_STEP][PASSED] - Statement - counter = counter + 1: null

2018-12-04 11:19:41 - [TEST_STEP][PASSED] - Statement - PreSaveFile = new java.io.File(((pathPrefix + java.lang.Integer.toString(counter)) + .png)): null

2018-12-04 11:19:41 - [TEST_STEP][PASSED] - Statement - counter = counter + 1: null

2018-12-04 11:19:41 - [TEST_STEP][PASSED] - Statement - PreSaveFile = new java.io.File(((pathPrefix + java.lang.Integer.toString(counter)) + .png)): null

2018-12-04 11:19:41 - [TEST_STEP][PASSED] - Statement - counter = counter + 1: null

2018-12-04 11:19:41 - [TEST_STEP][PASSED] - Statement - PreSaveFile = new java.io.File(((pathPrefix + java.lang.Integer.toString(counter)) + .png)): null

2018-12-04 11:19:41 - [TEST_STEP][PASSED] - Statement - counter = counter + 1: null

2018-12-04 11:19:41 - [TEST_STEP][PASSED] - Statement - PreSaveFile = new java.io.File(((pathPrefix + java.lang.Integer.toString(counter)) + .png)): null

2018-12-04 11:19:41 - [TEST_STEP][PASSED] - Statement - counter = counter + 1: null

2018-12-04 11:19:41 - [TEST_STEP][PASSED] - Statement - PreSaveFile = new java.io.File(((pathPrefix + java.lang.Integer.toString(counter)) + .png)): null

2018-12-04 11:19:43 - [TEST_STEP][PASSED] - Statement - counter = counter + 1: null

2018-12-04 11:19:43 - [TEST_STEP][PASSED] - Statement - PreSaveFile = new java.io.File(((pathPrefix + java.lang.Integer.toString(counter)) + .png)): null

2018-12-04 11:19:43 - [TEST_STEP][PASSED] - Statement - counter = counter + 1: null

2018-12-04 11:19:43 - [TEST_STEP][PASSED] - Statement - PreSaveFile = new java.io.File(((pathPrefix + java.lang.Integer.toString(counter)) + .png)): null

2018-12-04 11:19:43 - [TEST_STEP][PASSED] - Statement - counter = counter + 1: null

2018-12-04 11:19:43 - [TEST_STEP][PASSED] - Statement - PreSaveFile = new java.io.File(((pathPrefix + java.lang.Integer.toString(counter)) + .png)): null

2018-12-04 11:19:43 - [TEST_STEP][PASSED] - Statement - counter = counter + 1: null

2018-12-04 11:19:43 - [TEST_STEP][PASSED] - Statement - PreSaveFile = new java.io.File(((pathPrefix + java.lang.Integer.toString(counter)) + .png)): null

2018-12-04 11:19:43 - [TEST_STEP][PASSED] - Statement - counter = counter + 1: null

2018-12-04 11:19:45 - [TEST_STEP][PASSED] - Statement - PreSaveFile = new java.io.File(((pathPrefix + java.lang.Integer.toString(counter)) + .png)): null

2018-12-04 11:19:45 - [TEST_STEP][PASSED] - Statement - counter = counter + 1: null

2018-12-04 11:19:45 - [TEST_STEP][PASSED] - Statement - PreSaveFile = new java.io.File(((pathPrefix + java.lang.Integer.toString(counter)) + .png)): null

2018-12-04 11:19:45 - [TEST_STEP][PASSED] - Statement - counter = counter + 1: null

2018-12-04 11:19:45 - [TEST_STEP][PASSED] - Statement - PreSaveFile = new java.io.File(((pathPrefix + java.lang.Integer.toString(counter)) + .png)): null

2018-12-04 11:19:45 - [TEST_STEP][PASSED] - Statement - counter = counter + 1: null

2018-12-04 11:19:45 - [TEST_STEP][PASSED] - Statement - PreSaveFile = new java.io.File(((pathPrefix + java.lang.Integer.toString(counter)) + .png)): null

2018-12-04 11:19:45 - [TEST_STEP][PASSED] - Statement - counter = counter + 1: null

2018-12-04 11:19:45 - [TEST_STEP][PASSED] - Statement - PreSaveFile = new java.io.File(((pathPrefix + java.lang.Integer.toString(counter)) + .png)): null

2018-12-04 11:19:45 - [TEST_STEP][PASSED] - Statement - counter = counter + 1: null

2018-12-04 11:19:47 - [TEST_STEP][PASSED] - Statement - PreSaveFile = new java.io.File(((pathPrefix + java.lang.Integer.toString(counter)) + .png)): null

2018-12-04 11:19:47 - [TEST_STEP][PASSED] - Statement - counter = counter + 1: null

2018-12-04 11:19:47 - [TEST_STEP][PASSED] - Statement - PreSaveFile = new java.io.File(((pathPrefix + java.lang.Integer.toString(counter)) + .png)): null

2018-12-04 11:19:47 - [TEST_STEP][PASSED] - Statement - counter = counter + 1: null

2018-12-04 11:19:47 - [TEST_STEP][PASSED] - Statement - PreSaveFile = new java.io.File(((pathPrefix + java.lang.Integer.toString(counter)) + .png)): null

2018-12-04 11:19:47 - [TEST_STEP][PASSED] - Statement - counter = counter + 1: null

2018-12-04 11:19:47 - [TEST_STEP][PASSED] - Statement - PreSaveFile = new java.io.File(((pathPrefix + java.lang.Integer.toString(counter)) + .png)): null

2018-12-04 11:19:47 - [TEST_STEP][PASSED] - Statement - counter = counter + 1: null

2018-12-04 11:19:47 - [TEST_STEP][PASSED] - Statement - PreSaveFile = new java.io.File(((pathPrefix + java.lang.Integer.toString(counter)) + .png)): null

2018-12-04 11:19:47 - [TEST_STEP][PASSED] - Statement - counter = counter + 1: null

2018-12-04 11:19:49 - [TEST_STEP][PASSED] - Statement - PreSaveFile = new java.io.File(((pathPrefix + java.lang.Integer.toString(counter)) + .png)): null

2018-12-04 11:19:49 - [TEST_STEP][PASSED] - Statement - counter = counter + 1: null

2018-12-04 11:19:49 - [TEST_STEP][PASSED] - Statement - PreSaveFile = new java.io.File(((pathPrefix + java.lang.Integer.toString(counter)) + .png)): null

2018-12-04 11:19:49 - [TEST_STEP][PASSED] - Statement - counter = counter + 1: null

2018-12-04 11:19:49 - [TEST_STEP][PASSED] - Statement - PreSaveFile = new java.io.File(((pathPrefix + java.lang.Integer.toString(counter)) + .png)): null

2018-12-04 11:19:49 - [TEST_STEP][PASSED] - Statement - counter = counter + 1: null

2018-12-04 11:19:49 - [TEST_STEP][PASSED] - Statement - PreSaveFile = new java.io.File(((pathPrefix + java.lang.Integer.toString(counter)) + .png)): null

2018-12-04 11:19:49 - [TEST_STEP][PASSED] - Statement - counter = counter + 1: null

2018-12-04 11:19:49 - [TEST_STEP][PASSED] - Statement - PreSaveFile = new java.io.File(((pathPrefix + java.lang.Integer.toString(counter)) + .png)): null

2018-12-04 11:19:49 - [TEST_STEP][PASSED] - Statement - counter = counter + 1: null

2018-12-04 11:19:51 - [TEST_STEP][PASSED] - Statement - PreSaveFile = new java.io.File(((pathPrefix + java.lang.Integer.toString(counter)) + .png)): null

2018-12-04 11:19:51 - [TEST_STEP][PASSED] - Statement - counter = counter + 1: null

2018-12-04 11:19:51 - [TEST_STEP][PASSED] - Statement - PreSaveFile = new java.io.File(((pathPrefix + java.lang.Integer.toString(counter)) + .png)): null

2018-12-04 11:19:51 - [TEST_STEP][PASSED] - Statement - counter = counter + 1: null

2018-12-04 11:19:51 - [TEST_STEP][PASSED] - Statement - PreSaveFile = new java.io.File(((pathPrefix + java.lang.Integer.toString(counter)) + .png)): null

2018-12-04 11:19:51 - [TEST_STEP][PASSED] - Statement - counter = counter + 1: null

2018-12-04 11:19:51 - [TEST_STEP][PASSED] - Statement - PreSaveFile = new java.io.File(((pathPrefix + java.lang.Integer.toString(counter)) + .png)): null

2018-12-04 11:19:51 - [TEST_STEP][PASSED] - Statement - counter = counter + 1: null

2018-12-04 11:19:51 - [TEST_STEP][PASSED] - Statement - PreSaveFile = new java.io.File(((pathPrefix + java.lang.Integer.toString(counter)) + .png)): null

2018-12-04 11:19:53 - [TEST_STEP][PASSED] - Statement - counter = counter + 1: null

2018-12-04 11:19:53 - [TEST_STEP][PASSED] - Statement - PreSaveFile = new java.io.File(((pathPrefix + java.lang.Integer.toString(counter)) + .png)): null

2018-12-04 11:19:53 - [TEST_STEP][PASSED] - Statement - counter = counter + 1: null

2018-12-04 11:19:53 - [TEST_STEP][PASSED] - Statement - PreSaveFile = new java.io.File(((pathPrefix + java.lang.Integer.toString(counter)) + .png)): null

2018-12-04 11:19:53 - [TEST_STEP][PASSED] - Statement - counter = counter + 1: null

2018-12-04 11:19:53 - [TEST_STEP][PASSED] - Statement - PreSaveFile = new java.io.File(((pathPrefix + java.lang.Integer.toString(counter)) + .png)): null

2018-12-04 11:19:53 - [TEST_STEP][PASSED] - Statement - counter = counter + 1: null

2018-12-04 11:19:53 - [TEST_STEP][PASSED] - Statement - PreSaveFile = new java.io.File(((pathPrefix + java.lang.Integer.toString(counter)) + .png)): null

2018-12-04 11:19:53 - [TEST_STEP][PASSED] - Statement - counter = counter + 1: null

2018-12-04 11:19:55 - [TEST_STEP][PASSED] - Statement - PreSaveFile = new java.io.File(((pathPrefix + java.lang.Integer.toString(counter)) + .png)): null

2018-12-04 11:19:55 - [TEST_STEP][PASSED] - Statement - counter = counter + 1: null

2018-12-04 11:19:55 - [TEST_STEP][PASSED] - Statement - PreSaveFile = new java.io.File(((pathPrefix + java.lang.Integer.toString(counter)) + .png)): null

2018-12-04 11:19:55 - [TEST_STEP][PASSED] - Statement - counter = counter + 1: null

2018-12-04 11:19:55 - [TEST_STEP][PASSED] - Statement - PreSaveFile = new java.io.File(((pathPrefix + java.lang.Integer.toString(counter)) + .png)): null

2018-12-04 11:19:55 - [TEST_STEP][PASSED] - Statement - counter = counter + 1: null

2018-12-04 11:19:55 - [TEST_STEP][PASSED] - Statement - PreSaveFile = new java.io.File(((pathPrefix + java.lang.Integer.toString(counter)) + .png)): null

2018-12-04 11:19:55 - [TEST_STEP][PASSED] - Statement - counter = counter + 1: null

2018-12-04 11:19:55 - [TEST_STEP][PASSED] - Statement - PreSaveFile = new java.io.File(((pathPrefix + java.lang.Integer.toString(counter)) + .png)): null

2018-12-04 11:19:55 - [TEST_STEP][PASSED] - Statement - counter = counter + 1: null

2018-12-04 11:19:57 - [TEST_STEP][PASSED] - Statement - PreSaveFile = new java.io.File(((pathPrefix + java.lang.Integer.toString(counter)) + .png)): null

2018-12-04 11:19:57 - [TEST_STEP][PASSED] - Statement - counter = counter + 1: null

2018-12-04 11:19:57 - [TEST_STEP][PASSED] - Statement - PreSaveFile = new java.io.File(((pathPrefix + java.lang.Integer.toString(counter)) + .png)): null

2018-12-04 11:19:57 - [TEST_STEP][PASSED] - Statement - counter = counter + 1: null

2018-12-04 11:19:57 - [TEST_STEP][PASSED] - Statement - PreSaveFile = new java.io.File(((pathPrefix + java.lang.Integer.toString(counter)) + .png)): null

2018-12-04 11:19:57 - [TEST_STEP][PASSED] - Statement - counter = counter + 1: null

2018-12-04 11:19:57 - [TEST_STEP][PASSED] - Statement - PreSaveFile = new java.io.File(((pathPrefix + java.lang.Integer.toString(counter)) + .png)): null

2018-12-04 11:19:57 - [TEST_STEP][PASSED] - Statement - counter = counter + 1: null

2018-12-04 11:19:57 - [TEST_STEP][PASSED] - Statement - PreSaveFile = new java.io.File(((pathPrefix + java.lang.Integer.toString(counter)) + .png)): null

2018-12-04 11:19:57 - [TEST_STEP][PASSED] - Statement - counter = counter + 1: null

2018-12-04 11:19:59 - [TEST_STEP][PASSED] - Statement - PreSaveFile = new java.io.File(((pathPrefix + java.lang.Integer.toString(counter)) + .png)): null

2018-12-04 11:19:59 - [TEST_STEP][PASSED] - Statement - counter = counter + 1: null

2018-12-04 11:19:59 - [TEST_STEP][PASSED] - Statement - PreSaveFile = new java.io.File(((pathPrefix + java.lang.Integer.toString(counter)) + .png)): null

2018-12-04 11:19:59 - [TEST_STEP][PASSED] - Statement - counter = counter + 1: null

2018-12-04 11:19:59 - [TEST_STEP][PASSED] - Statement - PreSaveFile = new java.io.File(((pathPrefix + java.lang.Integer.toString(counter)) + .png)): null

2018-12-04 11:19:59 - [TEST_STEP][PASSED] - Statement - counter = counter + 1: null

2018-12-04 11:19:59 - [TEST_STEP][PASSED] - Statement - PreSaveFile = new java.io.File(((pathPrefix + java.lang.Integer.toString(counter)) + .png)): null

2018-12-04 11:19:59 - [TEST_STEP][PASSED] - Statement - counter = counter + 1: null

2018-12-04 11:19:59 - [TEST_STEP][PASSED] - Statement - PreSaveFile = new java.io.File(((pathPrefix + java.lang.Integer.toString(counter)) + .png)): null

2018-12-04 11:20:02 - [TEST_STEP][PASSED] - Statement - counter = counter + 1: null

2018-12-04 11:20:02 - [TEST_STEP][PASSED] - Statement - PreSaveFile = new java.io.File(((pathPrefix + java.lang.Integer.toString(counter)) + .png)): null

2018-12-04 11:20:02 - [TEST_STEP][PASSED] - Statement - counter = counter + 1: null

2018-12-04 11:20:02 - [TEST_STEP][PASSED] - Statement - PreSaveFile = new java.io.File(((pathPrefix + java.lang.Integer.toString(counter)) + .png)): null

2018-12-04 11:20:02 - [TEST_STEP][PASSED] - Statement - counter = counter + 1: null

2018-12-04 11:20:02 - [TEST_STEP][PASSED] - Statement - PreSaveFile = new java.io.File(((pathPrefix + java.lang.Integer.toString(counter)) + .png)): null

2018-12-04 11:20:02 - [TEST_STEP][PASSED] - Statement - counter = counter + 1: null

2018-12-04 11:20:02 - [TEST_STEP][PASSED] - Statement - PreSaveFile = new java.io.File(((pathPrefix + java.lang.Integer.toString(counter)) + .png)): null

2018-12-04 11:20:02 - [TEST_STEP][PASSED] - Statement - counter = counter + 1: null

2018-12-04 11:20:02 - [TEST_STEP][PASSED] - Statement - PreSaveFile = new java.io.File(((pathPrefix + java.lang.Integer.toString(counter)) + .png)): null

2018-12-04 11:20:04 - [TEST_STEP][PASSED] - Statement - counter = counter + 1: null

2018-12-04 11:20:04 - [TEST_STEP][PASSED] - Statement - PreSaveFile = new java.io.File(((pathPrefix + java.lang.Integer.toString(counter)) + .png)): null

2018-12-04 11:20:04 - [TEST_STEP][PASSED] - Statement - counter = counter + 1: null

2018-12-04 11:20:04 - [TEST_STEP][PASSED] - Statement - PreSaveFile = new java.io.File(((pathPrefix + java.lang.Integer.toString(counter)) + .png)): null

2018-12-04 11:20:04 - [TEST_STEP][PASSED] - Statement - counter = counter + 1: null

2018-12-04 11:20:04 - [TEST_STEP][PASSED] - Statement - PreSaveFile = new java.io.File(((pathPrefix + java.lang.Integer.toString(counter)) + .png)): null

2018-12-04 11:20:04 - [TEST_STEP][PASSED] - Statement - counter = counter + 1: null

2018-12-04 11:20:04 - [TEST_STEP][PASSED] - Statement - PreSaveFile = new java.io.File(((pathPrefix + java.lang.Integer.toString(counter)) + .png)): null

2018-12-04 11:20:04 - [TEST_STEP][PASSED] - Statement - counter = counter + 1: null

2018-12-04 11:20:06 - [TEST_STEP][PASSED] - Statement - PreSaveFile = new java.io.File(((pathPrefix + java.lang.Integer.toString(counter)) + .png)): null

2018-12-04 11:20:06 - [TEST_STEP][PASSED] - Statement - counter = counter + 1: null

2018-12-04 11:20:06 - [TEST_STEP][PASSED] - Statement - PreSaveFile = new java.io.File(((pathPrefix + java.lang.Integer.toString(counter)) + .png)): null

2018-12-04 11:20:06 - [TEST_STEP][PASSED] - Statement - counter = counter + 1: null

2018-12-04 11:20:06 - [TEST_STEP][PASSED] - Statement - PreSaveFile = new java.io.File(((pathPrefix + java.lang.Integer.toString(counter)) + .png)): null

2018-12-04 11:20:06 - [TEST_STEP][PASSED] - Statement - counter = counter + 1: null

2018-12-04 11:20:06 - [TEST_STEP][PASSED] - Statement - PreSaveFile = new java.io.File(((pathPrefix + java.lang.Integer.toString(counter)) + .png)): null

2018-12-04 11:20:06 - [TEST_STEP][PASSED] - Statement - counter = counter + 1: null

2018-12-04 11:20:06 - [TEST_STEP][PASSED] - Statement - PreSaveFile = new java.io.File(((pathPrefix + java.lang.Integer.toString(counter)) + .png)): null

2018-12-04 11:20:06 - [TEST_STEP][PASSED] - Statement - counter = counter + 1: null

2018-12-04 11:20:08 - [TEST_STEP][PASSED] - Statement - PreSaveFile = new java.io.File(((pathPrefix + java.lang.Integer.toString(counter)) + .png)): null

2018-12-04 11:20:08 - [TEST_STEP][PASSED] - Statement - counter = counter + 1: null

2018-12-04 11:20:08 - [TEST_STEP][PASSED] - Statement - PreSaveFile = new java.io.File(((pathPrefix + java.lang.Integer.toString(counter)) + .png)): null

2018-12-04 11:20:08 - [TEST_STEP][PASSED] - Statement - counter = counter + 1: null

2018-12-04 11:20:08 - [TEST_STEP][PASSED] - Statement - PreSaveFile = new java.io.File(((pathPrefix + java.lang.Integer.toString(counter)) + .png)): null

2018-12-04 11:20:08 - [TEST_STEP][PASSED] - Statement - counter = counter + 1: null

2018-12-04 11:20:08 - [TEST_STEP][PASSED] - Statement - PreSaveFile = new java.io.File(((pathPrefix + java.lang.Integer.toString(counter)) + .png)): null

2018-12-04 11:20:08 - [TEST_STEP][PASSED] - Statement - counter = counter + 1: null

2018-12-04 11:20:08 - [TEST_STEP][PASSED] - Statement - PreSaveFile = new java.io.File(((pathPrefix + java.lang.Integer.toString(counter)) + .png)): null

2018-12-04 11:20:08 - [TEST_STEP][PASSED] - Statement - counter = counter + 1: null

2018-12-04 11:20:10 - [TEST_STEP][PASSED] - Statement - PreSaveFile = new java.io.File(((pathPrefix + java.lang.Integer.toString(counter)) + .png)): null

2018-12-04 11:20:10 - [TEST_STEP][PASSED] - Statement - counter = counter + 1: null

2018-12-04 11:20:10 - [TEST_STEP][PASSED] - Statement - PreSaveFile = new java.io.File(((pathPrefix + java.lang.Integer.toString(counter)) + .png)): null

2018-12-04 11:20:10 - [TEST_STEP][PASSED] - Statement - counter = counter + 1: null

2018-12-04 11:20:10 - [TEST_STEP][PASSED] - Statement - PreSaveFile = new java.io.File(((pathPrefix + java.lang.Integer.toString(counter)) + .png)): null

2018-12-04 11:20:10 - [TEST_STEP][PASSED] - Statement - counter = counter + 1: null

2018-12-04 11:20:10 - [TEST_STEP][PASSED] - Statement - PreSaveFile = new java.io.File(((pathPrefix + java.lang.Integer.toString(counter)) + .png)): null

2018-12-04 11:20:10 - [TEST_STEP][PASSED] - Statement - counter = counter + 1: null

2018-12-04 11:20:10 - [TEST_STEP][PASSED] - Statement - PreSaveFile = new java.io.File(((pathPrefix + java.lang.Integer.toString(counter)) + .png)): null

2018-12-04 11:20:12 - [TEST_STEP][PASSED] - Statement - counter = counter + 1: null

2018-12-04 11:20:12 - [TEST_STEP][PASSED] - Statement - PreSaveFile = new java.io.File(((pathPrefix + java.lang.Integer.toString(counter)) + .png)): null

2018-12-04 11:20:12 - [TEST_STEP][PASSED] - Statement - counter = counter + 1: null

2018-12-04 11:20:12 - [TEST_STEP][PASSED] - Statement - PreSaveFile = new java.io.File(((pathPrefix + java.lang.Integer.toString(counter)) + .png)): null

2018-12-04 11:20:12 - [TEST_STEP][PASSED] - Statement - counter = counter + 1: null

2018-12-04 11:20:12 - [TEST_STEP][PASSED] - Statement - PreSaveFile = new java.io.File(((pathPrefix + java.lang.Integer.toString(counter)) + .png)): null

2018-12-04 11:20:12 - [TEST_STEP][PASSED] - Statement - counter = counter + 1: null

2018-12-04 11:20:12 - [TEST_STEP][PASSED] - Statement - PreSaveFile = new java.io.File(((pathPrefix + java.lang.Integer.toString(counter)) + .png)): null

2018-12-04 11:20:12 - [TEST_STEP][PASSED] - Statement - counter = counter + 1: null

2018-12-04 11:20:14 - [TEST_STEP][PASSED] - Statement - PreSaveFile = new java.io.File(((pathPrefix + java.lang.Integer.toString(counter)) + .png)): null

2018-12-04 11:20:14 - [TEST_STEP][PASSED] - Statement - counter = counter + 1: null

2018-12-04 11:20:14 - [TEST_STEP][PASSED] - Statement - PreSaveFile = new java.io.File(((pathPrefix + java.lang.Integer.toString(counter)) + .png)): null

2018-12-04 11:20:14 - [TEST_STEP][PASSED] - Statement - counter = counter + 1: null

2018-12-04 11:20:14 - [TEST_STEP][PASSED] - Statement - PreSaveFile = new java.io.File(((pathPrefix + java.lang.Integer.toString(counter)) + .png)): null

2018-12-04 11:20:14 - [TEST_STEP][PASSED] - Statement - counter = counter + 1: null

2018-12-04 11:20:14 - [TEST_STEP][PASSED] - Statement - PreSaveFile = new java.io.File(((pathPrefix + java.lang.Integer.toString(counter)) + .png)): null

2018-12-04 11:20:14 - [TEST_STEP][PASSED] - Statement - counter = counter + 1: null

2018-12-04 11:20:14 - [TEST_STEP][PASSED] - Statement - PreSaveFile = new java.io.File(((pathPrefix + java.lang.Integer.toString(counter)) + .png)): null

2018-12-04 11:20:14 - [TEST_STEP][PASSED] - Statement - counter = counter + 1: null

2018-12-04 11:20:17 - [TEST_STEP][PASSED] - Statement - PreSaveFile = new java.io.File(((pathPrefix + java.lang.Integer.toString(counter)) + .png)): null

2018-12-04 11:20:17 - [TEST_STEP][PASSED] - Statement - counter = counter + 1: null

2018-12-04 11:20:17 - [TEST_STEP][PASSED] - Statement - PreSaveFile = new java.io.File(((pathPrefix + java.lang.Integer.toString(counter)) + .png)): null

2018-12-04 11:20:17 - [TEST_STEP][PASSED] - Statement - counter = counter + 1: null

2018-12-04 11:20:17 - [TEST_STEP][PASSED] - Statement - PreSaveFile = new java.io.File(((pathPrefix + java.lang.Integer.toString(counter)) + .png)): null

2018-12-04 11:20:17 - [TEST_STEP][PASSED] - Statement - counter = counter + 1: null

2018-12-04 11:20:17 - [TEST_STEP][PASSED] - Statement - PreSaveFile = new java.io.File(((pathPrefix + java.lang.Integer.toString(counter)) + .png)): null

2018-12-04 11:20:17 - [TEST_STEP][PASSED] - Statement - counter = counter + 1: null

2018-12-04 11:20:17 - [TEST_STEP][PASSED] - Statement - PreSaveFile = new java.io.File(((pathPrefix + java.lang.Integer.toString(counter)) + .png)): null

2018-12-04 11:20:17 - [TEST_STEP][PASSED] - Statement - counter = counter + 1: null

2018-12-04 11:20:18 - [TEST_STEP][PASSED] - Statement - PreSaveFile = new java.io.File(((pathPrefix + java.lang.Integer.toString(counter)) + .png)): null

2018-12-04 11:20:18 - [TEST_STEP][PASSED] - Statement - counter = counter + 1: null

2018-12-04 11:20:18 - [TEST_STEP][PASSED] - Statement - PreSaveFile = new java.io.File(((pathPrefix + java.lang.Integer.toString(counter)) + .png)): null

2018-12-04 11:20:18 - [TEST_STEP][PASSED] - Statement - counter = counter + 1: null

2018-12-04 11:20:18 - [TEST_STEP][PASSED] - Statement - PreSaveFile = new java.io.File(((pathPrefix + java.lang.Integer.toString(counter)) + .png)): null

2018-12-04 11:20:18 - [TEST_STEP][PASSED] - Statement - counter = counter + 1: null

2018-12-04 11:20:18 - [TEST_STEP][PASSED] - Statement - PreSaveFile = new java.io.File(((pathPrefix + java.lang.Integer.toString(counter)) + .png)): null

2018-12-04 11:20:18 - [TEST_STEP][PASSED] - Statement - counter = counter + 1: null

2018-12-04 11:20:18 - [TEST_STEP][PASSED] - Statement - PreSaveFile = new java.io.File(((pathPrefix + java.lang.Integer.toString(counter)) + .png)): null

2018-12-04 11:20:18 - [TEST_STEP][PASSED] - Statement - counter = counter + 1: null

2018-12-04 11:20:20 - [TEST_STEP][PASSED] - Statement - PreSaveFile = new java.io.File(((pathPrefix + java.lang.Integer.toString(counter)) + .png)): null

2018-12-04 11:20:20 - [TEST_STEP][PASSED] - Statement - counter = counter + 1: null

2018-12-04 11:20:20 - [TEST_STEP][PASSED] - Statement - PreSaveFile = new java.io.File(((pathPrefix + java.lang.Integer.toString(counter)) + .png)): null

2018-12-04 11:20:20 - [TEST_STEP][PASSED] - Statement - counter = counter + 1: null

2018-12-04 11:20:20 - [TEST_STEP][PASSED] - Statement - PreSaveFile = new java.io.File(((pathPrefix + java.lang.Integer.toString(counter)) + .png)): null

2018-12-04 11:20:20 - [TEST_STEP][PASSED] - Statement - counter = counter + 1: null

2018-12-04 11:20:20 - [TEST_STEP][PASSED] - Statement - PreSaveFile = new java.io.File(((pathPrefix + java.lang.Integer.toString(counter)) + .png)): null

2018-12-04 11:20:20 - [TEST_STEP][PASSED] - Statement - counter = counter + 1: null

2018-12-04 11:20:20 - [TEST_STEP][PASSED] - Statement - PreSaveFile = new java.io.File(((pathPrefix + java.lang.Integer.toString(counter)) + .png)): null

2018-12-04 11:20:21 - [TEST_STEP][PASSED] - Statement - counter = counter + 1: null

2018-12-04 11:20:21 - [TEST_STEP][PASSED] - Statement - PreSaveFile = new java.io.File(((pathPrefix + java.lang.Integer.toString(counter)) + .png)): null

2018-12-04 11:20:21 - [TEST_STEP][PASSED] - Statement - counter = counter + 1: null

2018-12-04 11:20:21 - [TEST_STEP][PASSED] - Statement - PreSaveFile = new java.io.File(((pathPrefix + java.lang.Integer.toString(counter)) + .png)): null

2018-12-04 11:20:21 - [TEST_STEP][PASSED] - Statement - counter = counter + 1: null

2018-12-04 11:20:21 - [TEST_STEP][PASSED] - Statement - PreSaveFile = new java.io.File(((pathPrefix + java.lang.Integer.toString(counter)) + .png)): null

2018-12-04 11:20:21 - [TEST_STEP][PASSED] - Statement - counter = counter + 1: null

2018-12-04 11:20:21 - [TEST_STEP][PASSED] - Statement - PreSaveFile = new java.io.File(((pathPrefix + java.lang.Integer.toString(counter)) + .png)): null

2018-12-04 11:20:21 - [TEST_STEP][PASSED] - Statement - counter = counter + 1: null

2018-12-04 11:20:23 - [TEST_STEP][PASSED] - Statement - PreSaveFile = new java.io.File(((pathPrefix + java.lang.Integer.toString(counter)) + .png)): null

2018-12-04 11:20:23 - [TEST_STEP][PASSED] - Statement - counter = counter + 1: null

2018-12-04 11:20:23 - [TEST_STEP][PASSED] - Statement - PreSaveFile = new java.io.File(((pathPrefix + java.lang.Integer.toString(counter)) + .png)): null

2018-12-04 11:20:23 - [TEST_STEP][PASSED] - Statement - counter = counter + 1: null

2018-12-04 11:20:23 - [TEST_STEP][PASSED] - Statement - PreSaveFile = new java.io.File(((pathPrefix + java.lang.Integer.toString(counter)) + .png)): null

2018-12-04 11:20:23 - [TEST_STEP][PASSED] - Statement - counter = counter + 1: null

2018-12-04 11:20:23 - [TEST_STEP][PASSED] - Statement - PreSaveFile = new java.io.File(((pathPrefix + java.lang.Integer.toString(counter)) + .png)): null

2018-12-04 11:20:23 - [TEST_STEP][PASSED] - Statement - counter = counter + 1: null

2018-12-04 11:20:23 - [TEST_STEP][PASSED] - Statement - PreSaveFile = new java.io.File(((pathPrefix + java.lang.Integer.toString(counter)) + .png)): null

2018-12-04 11:20:23 - [TEST_STEP][PASSED] - Statement - counter = counter + 1: null

2018-12-04 11:20:25 - [TEST_STEP][PASSED] - Statement - PreSaveFile = new java.io.File(((pathPrefix + java.lang.Integer.toString(counter)) + .png)): null

2018-12-04 11:20:25 - [TEST_STEP][PASSED] - Statement - counter = counter + 1: null

2018-12-04 11:20:25 - [TEST_STEP][PASSED] - Statement - PreSaveFile = new java.io.File(((pathPrefix + java.lang.Integer.toString(counter)) + .png)): null

2018-12-04 11:20:25 - [TEST_STEP][PASSED] - Statement - counter = counter + 1: null

2018-12-04 11:20:25 - [TEST_STEP][PASSED] - Statement - PreSaveFile = new java.io.File(((pathPrefix + java.lang.Integer.toString(counter)) + .png)): null

2018-12-04 11:20:25 - [TEST_STEP][PASSED] - Statement - counter = counter + 1: null

2018-12-04 11:20:25 - [TEST_STEP][PASSED] - Statement - PreSaveFile = new java.io.File(((pathPrefix + java.lang.Integer.toString(counter)) + .png)): null

2018-12-04 11:20:25 - [TEST_STEP][PASSED] - Statement - counter = counter + 1: null

2018-12-04 11:20:25 - [TEST_STEP][PASSED] - Statement - PreSaveFile = new java.io.File(((pathPrefix + java.lang.Integer.toString(counter)) + .png)): null

2018-12-04 11:20:25 - [TEST_STEP][PASSED] - Statement - counter = counter + 1: null

2018-12-04 11:20:27 - [TEST_STEP][PASSED] - Statement - PreSaveFile = new java.io.File(((pathPrefix + java.lang.Integer.toString(counter)) + .png)): null

2018-12-04 11:20:27 - [TEST_STEP][PASSED] - Statement - counter = counter + 1: null

2018-12-04 11:20:27 - [TEST_STEP][PASSED] - Statement - PreSaveFile = new java.io.File(((pathPrefix + java.lang.Integer.toString(counter)) + .png)): null

2018-12-04 11:20:27 - [TEST_STEP][PASSED] - Statement - counter = counter + 1: null

2018-12-04 11:20:27 - [TEST_STEP][PASSED] - Statement - PreSaveFile = new java.io.File(((pathPrefix + java.lang.Integer.toString(counter)) + .png)): null

2018-12-04 11:20:27 - [TEST_STEP][PASSED] - Statement - counter = counter + 1: null

2018-12-04 11:20:27 - [TEST_STEP][PASSED] - Statement - PreSaveFile = new java.io.File(((pathPrefix + java.lang.Integer.toString(counter)) + .png)): null

2018-12-04 11:20:27 - [TEST_STEP][PASSED] - Statement - counter = counter + 1: null

2018-12-04 11:20:27 - [TEST_STEP][PASSED] - Statement - PreSaveFile = new java.io.File(((pathPrefix + java.lang.Integer.toString(counter)) + .png)): null

2018-12-04 11:20:30 - [TEST_STEP][PASSED] - Statement - counter = counter + 1: null

2018-12-04 11:20:30 - [TEST_STEP][PASSED] - Statement - PreSaveFile = new java.io.File(((pathPrefix + java.lang.Integer.toString(counter)) + .png)): null

2018-12-04 11:20:30 - [TEST_STEP][PASSED] - Statement - counter = counter + 1: null

2018-12-04 11:20:30 - [TEST_STEP][PASSED] - Statement - PreSaveFile = new java.io.File(((pathPrefix + java.lang.Integer.toString(counter)) + .png)): null

2018-12-04 11:20:30 - [TEST_STEP][PASSED] - Statement - counter = counter + 1: null

2018-12-04 11:20:30 - [TEST_STEP][PASSED] - Statement - PreSaveFile = new java.io.File(((pathPrefix + java.lang.Integer.toString(counter)) + .png)): null

2018-12-04 11:20:30 - [TEST_STEP][PASSED] - Statement - counter = counter + 1: null

2018-12-04 11:20:30 - [TEST_STEP][PASSED] - Statement - PreSaveFile = new java.io.File(((pathPrefix + java.lang.Integer.toString(counter)) + .png)): null

2018-12-04 11:20:30 - [TEST_STEP][PASSED] - Statement - counter = counter + 1: null

2018-12-04 11:20:30 - [TEST_STEP][PASSED] - Statement - PreSaveFile = new java.io.File(((pathPrefix + java.lang.Integer.toString(counter)) + .png)): null

2018-12-04 11:20:32 - [TEST_STEP][PASSED] - Statement - counter = counter + 1: null

2018-12-04 11:20:32 - [TEST_STEP][PASSED] - Statement - PreSaveFile = new java.io.File(((pathPrefix + java.lang.Integer.toString(counter)) + .png)): null

2018-12-04 11:20:32 - [TEST_STEP][PASSED] - Statement - counter = counter + 1: null

2018-12-04 11:20:32 - [TEST_STEP][PASSED] - Statement - PreSaveFile = new java.io.File(((pathPrefix + java.lang.Integer.toString(counter)) + .png)): null

2018-12-04 11:20:32 - [TEST_STEP][PASSED] - Statement - counter = counter + 1: null

2018-12-04 11:20:32 - [TEST_STEP][PASSED] - Statement - PreSaveFile = new java.io.File(((pathPrefix + java.lang.Integer.toString(counter)) + .png)): null

2018-12-04 11:20:32 - [TEST_STEP][PASSED] - Statement - counter = counter + 1: null

2018-12-04 11:20:32 - [TEST_STEP][PASSED] - Statement - PreSaveFile = new java.io.File(((pathPrefix + java.lang.Integer.toString(counter)) + .png)): null

2018-12-04 11:20:32 - [TEST_STEP][PASSED] - Statement - counter = counter + 1: null

2018-12-04 11:20:35 - [TEST_STEP][PASSED] - Statement - PreSaveFile = new java.io.File(((pathPrefix + java.lang.Integer.toString(counter)) + .png)): null

2018-12-04 11:20:35 - [TEST_STEP][PASSED] - Statement - counter = counter + 1: null

2018-12-04 11:20:35 - [TEST_STEP][PASSED] - Statement - PreSaveFile = new java.io.File(((pathPrefix + java.lang.Integer.toString(counter)) + .png)): null

2018-12-04 11:20:35 - [TEST_STEP][PASSED] - Statement - counter = counter + 1: null

2018-12-04 11:20:35 - [TEST_STEP][PASSED] - Statement - PreSaveFile = new java.io.File(((pathPrefix + java.lang.Integer.toString(counter)) + .png)): null

2018-12-04 11:20:35 - [TEST_STEP][PASSED] - Statement - counter = counter + 1: null

2018-12-04 11:20:35 - [TEST_STEP][PASSED] - Statement - PreSaveFile = new java.io.File(((pathPrefix + java.lang.Integer.toString(counter)) + .png)): null

2018-12-04 11:20:35 - [TEST_STEP][PASSED] - Statement - counter = counter + 1: null

2018-12-04 11:20:35 - [TEST_STEP][PASSED] - Statement - PreSaveFile = new java.io.File(((pathPrefix + java.lang.Integer.toString(counter)) + .png)): null

2018-12-04 11:20:35 - [TEST_STEP][PASSED] - Statement - counter = counter + 1: null

2018-12-04 11:20:37 - [TEST_STEP][PASSED] - Statement - PreSaveFile = new java.io.File(((pathPrefix + java.lang.Integer.toString(counter)) + .png)): null

2018-12-04 11:20:37 - [TEST_STEP][PASSED] - Statement - counter = counter + 1: null

2018-12-04 11:20:37 - [TEST_STEP][PASSED] - Statement - PreSaveFile = new java.io.File(((pathPrefix + java.lang.Integer.toString(counter)) + .png)): null

2018-12-04 11:20:37 - [TEST_STEP][PASSED] - Statement - counter = counter + 1: null

2018-12-04 11:20:37 - [TEST_STEP][PASSED] - Statement - PreSaveFile = new java.io.File(((pathPrefix + java.lang.Integer.toString(counter)) + .png)): null

2018-12-04 11:20:37 - [TEST_STEP][PASSED] - Statement - counter = counter + 1: null

2018-12-04 11:20:37 - [TEST_STEP][PASSED] - Statement - PreSaveFile = new java.io.File(((pathPrefix + java.lang.Integer.toString(counter)) + .png)): null

2018-12-04 11:20:37 - [TEST_STEP][PASSED] - Statement - counter = counter + 1: null

2018-12-04 11:20:37 - [TEST_STEP][PASSED] - Statement - PreSaveFile = new java.io.File(((pathPrefix + java.lang.Integer.toString(counter)) + .png)): null

2018-12-04 11:20:37 - [TEST_STEP][PASSED] - Statement - counter = counter + 1: null

2018-12-04 11:20:39 - [TEST_STEP][PASSED] - Statement - PreSaveFile = new java.io.File(((pathPrefix + java.lang.Integer.toString(counter)) + .png)): null

2018-12-04 11:20:39 - [TEST_STEP][PASSED] - Statement - counter = counter + 1: null

2018-12-04 11:20:39 - [TEST_STEP][PASSED] - Statement - PreSaveFile = new java.io.File(((pathPrefix + java.lang.Integer.toString(counter)) + .png)): null

2018-12-04 11:20:39 - [TEST_STEP][PASSED] - Statement - counter = counter + 1: null

2018-12-04 11:20:39 - [TEST_STEP][PASSED] - Statement - PreSaveFile = new java.io.File(((pathPrefix + java.lang.Integer.toString(counter)) + .png)): null

2018-12-04 11:20:39 - [TEST_STEP][PASSED] - Statement - counter = counter + 1: null

2018-12-04 11:20:39 - [TEST_STEP][PASSED] - Statement - PreSaveFile = new java.io.File(((pathPrefix + java.lang.Integer.toString(counter)) + .png)): null

2018-12-04 11:20:39 - [TEST_STEP][PASSED] - Statement - counter = counter + 1: null

2018-12-04 11:20:39 - [TEST_STEP][PASSED] - Statement - PreSaveFile = new java.io.File(((pathPrefix + java.lang.Integer.toString(counter)) + .png)): null

2018-12-04 11:20:42 - [TEST_STEP][PASSED] - Statement - counter = counter + 1: null

2018-12-04 11:20:42 - [TEST_STEP][PASSED] - Statement - PreSaveFile = new java.io.File(((pathPrefix + java.lang.Integer.toString(counter)) + .png)): null

2018-12-04 11:20:42 - [TEST_STEP][PASSED] - Statement - counter = counter + 1: null

2018-12-04 11:20:42 - [TEST_STEP][PASSED] - Statement - PreSaveFile = new java.io.File(((pathPrefix + java.lang.Integer.toString(counter)) + .png)): null

2018-12-04 11:20:42 - [TEST_STEP][PASSED] - Statement - counter = counter + 1: null

2018-12-04 11:20:42 - [TEST_STEP][PASSED] - Statement - PreSaveFile = new java.io.File(((pathPrefix + java.lang.Integer.toString(counter)) + .png)): null

2018-12-04 11:20:42 - [TEST_STEP][PASSED] - Statement - counter = counter + 1: null

2018-12-04 11:20:42 - [TEST_STEP][PASSED] - Statement - PreSaveFile = new java.io.File(((pathPrefix + java.lang.Integer.toString(counter)) + .png)): null

2018-12-04 11:20:42 - [TEST_STEP][PASSED] - Statement - counter = counter + 1: null

2018-12-04 11:20:44 - [TEST_STEP][PASSED] - Statement - PreSaveFile = new java.io.File(((pathPrefix + java.lang.Integer.toString(counter)) + .png)): null

2018-12-04 11:20:44 - [TEST_STEP][PASSED] - Statement - counter = counter + 1: null

2018-12-04 11:20:44 - [TEST_STEP][PASSED] - Statement - PreSaveFile = new java.io.File(((pathPrefix + java.lang.Integer.toString(counter)) + .png)): null

2018-12-04 11:20:44 - [TEST_STEP][PASSED] - Statement - counter = counter + 1: null

2018-12-04 11:20:44 - [TEST_STEP][PASSED] - Statement - PreSaveFile = new java.io.File(((pathPrefix + java.lang.Integer.toString(counter)) + .png)): null

2018-12-04 11:20:44 - [TEST_STEP][PASSED] - Statement - counter = counter + 1: null

2018-12-04 11:20:44 - [TEST_STEP][PASSED] - Statement - PreSaveFile = new java.io.File(((pathPrefix + java.lang.Integer.toString(counter)) + .png)): null

2018-12-04 11:20:44 - [TEST_STEP][PASSED] - Statement - counter = counter + 1: null

2018-12-04 11:20:44 - [TEST_STEP][PASSED] - Statement - PreSaveFile = new java.io.File(((pathPrefix + java.lang.Integer.toString(counter)) + .png)): null

2018-12-04 11:20:44 - [TEST_STEP][PASSED] - Statement - counter = counter + 1: null

2018-12-04 11:20:47 - [TEST_STEP][PASSED] - Statement - PreSaveFile = new java.io.File(((pathPrefix + java.lang.Integer.toString(counter)) + .png)): null

2018-12-04 11:20:47 - [TEST_STEP][PASSED] - Statement - finalPath = pathPrefix + java.lang.Integer.toString(counter) + ".png": null

2018-12-04 11:20:47 - [TEST_STEP][PASSED] - Statement - SaveFile = new java.io.File(finalPath): null

2018-12-04 11:20:47 - [TEST_STEP][PASSED] - Statement - Try: null

2018-12-04 11:20:47 - [TEST_STEP][PASSED] - Statement - org.apache.commons.io.FileUtils.copyFile(scrFile, SaveFile): null

2018-12-04 11:20:47 - [TEST_STEP][PASSED] - Statement - out.println("file kept"): null

2018-12-04 11:20:47 - [TEST_STEP][PASSED] - delay: Delayed 10 second(s)

2018-12-04 11:20:57 - [MESSAGE][PASSED] - Delayed 10 second(s)

2018-12-04 11:20:57 - [MESSAGE][PASSED] - Call Test Case 'Test Cases/Final Aug 2018 - PKS Automation/Registration Module/New Registration/Submit and Screenshot/Submit Registration and Screenshot' successfully]]></system-out>
         <system-err><![CDATA[]]></system-err>
      </testcase>
      <testcase name="Test Cases/Final Aug 2018 - PKS Automation/Registration Module/Workflow/New Registration/Employer to RO - RO Submit" classname="Test Cases/Final Aug 2018 - PKS Automation/Registration Module/Workflow/New Registration/Employer to RO - RO Submit" status="PASSED">
         <system-out><![CDATA[2018-12-04 11:20:57 - [TEST_CASE][PASSED] - Test Cases/Final Aug 2018 - PKS Automation/Registration Module/Workflow/New Registration/Employer to RO - RO Submit: Test Cases/Final Aug 2018 - PKS Automation/Registration Module/Workflow/New Registration/Employer to RO - RO Submit

2018-12-04 11:20:57 - [TEST_STEP][PASSED] - callTestCase: Call Test Case 'Test Cases/Final Aug 2018 - PKS Automation/Registration Module/Workflow/New Registration/Template/Special Case - Employer - Form 1' successfully

2018-12-04 11:20:57 - [TEST_CASE][PASSED] - Test Cases/Final Aug 2018 - PKS Automation/Registration Module/Workflow/New Registration/Template/Special Case - Employer - Form 1: Test Cases/Final Aug 2018 - PKS Automation/Registration Module/Workflow/New Registration/Template/Special Case - Employer - Form 1

2018-12-04 11:20:57 - [TEST_STEP][PASSED] - callTestCase: Call Test Case 'Test Cases/Final Aug 2018 - PKS Automation/Create Employer Acc/Create Employer Account' successfully

2018-12-04 11:20:57 - [TEST_CASE][PASSED] - Test Cases/Final Aug 2018 - PKS Automation/Create Employer Acc/Create Employer Account: Test Cases/Final Aug 2018 - PKS Automation/Create Employer Acc/Create Employer Account

2018-12-04 11:20:57 - [TEST_STEP][PASSED] - callTestCase: Call Test Case 'Test Cases/Final Aug 2018 - PKS Automation/Create Employer Acc/Template/Register Employer' successfully

2018-12-04 11:20:57 - [TEST_CASE][PASSED] - Test Cases/Final Aug 2018 - PKS Automation/Create Employer Acc/Template/Register Employer: Test Cases/Final Aug 2018 - PKS Automation/Create Employer Acc/Template/Register Employer

2018-12-04 11:20:57 - [TEST_STEP][PASSED] - openBrowser: Browser is opened with url: ''

2018-12-04 11:20:57 - [MESSAGE][WARNING] - A browser is already opened. Closing browser and opening a new one

2018-12-04 11:21:00 - [MESSAGE][PASSED] - Browser is opened with url: ''

2018-12-04 11:21:00 - [TEST_STEP][PASSED] - navigateToUrl: Navigate to 'https://assist2-uat.perkeso.gov.my/login' successfully

2018-12-04 11:21:01 - [MESSAGE][PASSED] - Navigate to 'https://assist2-uat.perkeso.gov.my/login' successfully

2018-12-04 11:21:01 - [TEST_STEP][PASSED] - setText: Text 'johorotc1@gmail.com' is set on object 'Object Repository/Final Object Repo/Login Page/Internal User/Email Address'

2018-12-04 11:21:02 - [MESSAGE][PASSED] - Text 'johorotc1@gmail.com' is set on object 'Object Repository/Final Object Repo/Login Page/Internal User/Email Address'

2018-12-04 11:21:02 - [TEST_STEP][PASSED] - click: Object: 'Object Repository/Final Object Repo/Login Page/Internal User/Next Button' is clicked on

2018-12-04 11:21:02 - [MESSAGE][PASSED] - Object: 'Object Repository/Final Object Repo/Login Page/Internal User/Next Button' is clicked on

2018-12-04 11:21:02 - [TEST_STEP][PASSED] - delay: Delayed 1 second(s)

2018-12-04 11:21:03 - [MESSAGE][PASSED] - Delayed 1 second(s)

2018-12-04 11:21:03 - [TEST_STEP][PASSED] - setEncryptedText: Text ****** has been set on object 'Object Repository/Final Object Repo/Login Page/Internal User/Password'

2018-12-04 11:21:03 - [MESSAGE][PASSED] - Text ****** has been set on object 'Object Repository/Final Object Repo/Login Page/Internal User/Password'

2018-12-04 11:21:03 - [TEST_STEP][PASSED] - click: Object: 'Object Repository/Final Object Repo/Login Page/Internal User/Login Button' is clicked on

2018-12-04 11:21:03 - [MESSAGE][PASSED] - Object: 'Object Repository/Final Object Repo/Login Page/Internal User/Login Button' is clicked on

2018-12-04 11:21:03 - [TEST_STEP][PASSED] - delay: Delayed 1 second(s)

2018-12-04 11:21:04 - [MESSAGE][PASSED] - Delayed 1 second(s)

2018-12-04 11:21:04 - [TEST_STEP][PASSED] - navigateToUrl: Navigate to 'https://assist2-uat.perkeso.gov.my/web/base/portal-id/registration' successfully

2018-12-04 11:21:09 - [MESSAGE][PASSED] - Navigate to 'https://assist2-uat.perkeso.gov.my/web/base/portal-id/registration' successfully

2018-12-04 11:21:09 - [TEST_STEP][PASSED] - setText: Text 'AUTOMATION EMPLOYER' is set on object 'Object Repository/Final Object Repo/Creating Employer Account/Page_Registration - ASSIST (Base)/Employer Name'

2018-12-04 11:21:09 - [MESSAGE][PASSED] - Text 'AUTOMATION EMPLOYER' is set on object 'Object Repository/Final Object Repo/Creating Employer Account/Page_Registration - ASSIST (Base)/Employer Name'

2018-12-04 11:21:09 - [TEST_STEP][PASSED] - delay: Delayed 2 second(s)

2018-12-04 11:21:11 - [MESSAGE][PASSED] - Delayed 2 second(s)

2018-12-04 11:21:11 - [TEST_STEP][PASSED] - click: Object: 'Object Repository/Final Object Repo/Creating Employer Account/Page_Registration - ASSIST (Base)/Registration Type' is clicked on

2018-12-04 11:21:11 - [MESSAGE][PASSED] - Object: 'Object Repository/Final Object Repo/Creating Employer Account/Page_Registration - ASSIST (Base)/Registration Type' is clicked on

2018-12-04 11:21:11 - [TEST_STEP][PASSED] - delay: Delayed 2 second(s)

2018-12-04 11:21:13 - [MESSAGE][PASSED] - Delayed 2 second(s)

2018-12-04 11:21:13 - [TEST_STEP][PASSED] - click: Object: 'Object Repository/Final Object Repo/Creating Employer Account/Page_Registration - ASSIST (Base)/Registration Type - Registration No' is clicked on

2018-12-04 11:21:14 - [MESSAGE][PASSED] - Object: 'Object Repository/Final Object Repo/Creating Employer Account/Page_Registration - ASSIST (Base)/Registration Type - Registration No' is clicked on

2018-12-04 11:21:14 - [TEST_STEP][PASSED] - delay: Delayed 2 second(s)

2018-12-04 11:21:16 - [MESSAGE][PASSED] - Delayed 2 second(s)

2018-12-04 11:21:16 - [TEST_STEP][PASSED] - setText: Text '1234567890' is set on object 'Object Repository/Final Object Repo/Creating Employer Account/Page_Registration - ASSIST (Base)/Registration Number'

2018-12-04 11:21:16 - [MESSAGE][PASSED] - Text '1234567890' is set on object 'Object Repository/Final Object Repo/Creating Employer Account/Page_Registration - ASSIST (Base)/Registration Number'

2018-12-04 11:21:16 - [TEST_STEP][PASSED] - delay: Delayed 2 second(s)

2018-12-04 11:21:18 - [MESSAGE][PASSED] - Delayed 2 second(s)

2018-12-04 11:21:18 - [TEST_STEP][PASSED] - setText: Text 'ADDRESS 1' is set on object 'Object Repository/Final Object Repo/Creating Employer Account/Page_Registration - ASSIST (Base)/Postal Address 1'

2018-12-04 11:21:18 - [MESSAGE][PASSED] - Text 'ADDRESS 1' is set on object 'Object Repository/Final Object Repo/Creating Employer Account/Page_Registration - ASSIST (Base)/Postal Address 1'

2018-12-04 11:21:18 - [TEST_STEP][PASSED] - setText: Text 'ADDRESS 2' is set on object 'Object Repository/Final Object Repo/Creating Employer Account/Page_Registration - ASSIST (Base)/Postal Address 2'

2018-12-04 11:21:19 - [MESSAGE][PASSED] - Text 'ADDRESS 2' is set on object 'Object Repository/Final Object Repo/Creating Employer Account/Page_Registration - ASSIST (Base)/Postal Address 2'

2018-12-04 11:21:19 - [TEST_STEP][PASSED] - click: Object: 'Object Repository/Final Object Repo/Creating Employer Account/Page_Registration - ASSIST (Base)/State' is clicked on

2018-12-04 11:21:19 - [MESSAGE][PASSED] - Object: 'Object Repository/Final Object Repo/Creating Employer Account/Page_Registration - ASSIST (Base)/State' is clicked on

2018-12-04 11:21:19 - [TEST_STEP][PASSED] - delay: Delayed 2 second(s)

2018-12-04 11:21:21 - [MESSAGE][PASSED] - Delayed 2 second(s)

2018-12-04 11:21:21 - [TEST_STEP][PASSED] - click: Object: 'Object Repository/Final Object Repo/Creating Employer Account/Page_Registration - ASSIST (Base)/State - Johor' is clicked on

2018-12-04 11:21:21 - [MESSAGE][PASSED] - Object: 'Object Repository/Final Object Repo/Creating Employer Account/Page_Registration - ASSIST (Base)/State - Johor' is clicked on

2018-12-04 11:21:21 - [TEST_STEP][PASSED] - delay: Delayed 2 second(s)

2018-12-04 11:21:23 - [MESSAGE][PASSED] - Delayed 2 second(s)

2018-12-04 11:21:23 - [TEST_STEP][PASSED] - click: Object: 'Object Repository/Final Object Repo/Creating Employer Account/Page_Registration - ASSIST (Base)/City' is clicked on

2018-12-04 11:21:23 - [MESSAGE][PASSED] - Object: 'Object Repository/Final Object Repo/Creating Employer Account/Page_Registration - ASSIST (Base)/City' is clicked on

2018-12-04 11:21:23 - [TEST_STEP][PASSED] - delay: Delayed 2 second(s)

2018-12-04 11:21:25 - [MESSAGE][PASSED] - Delayed 2 second(s)

2018-12-04 11:21:25 - [TEST_STEP][PASSED] - setText: Text 'joh' is set on object 'Object Repository/Final Object Repo/Creating Employer Account/Page_Registration - ASSIST (Base)/City - joh'

2018-12-04 11:21:26 - [MESSAGE][PASSED] - Text 'joh' is set on object 'Object Repository/Final Object Repo/Creating Employer Account/Page_Registration - ASSIST (Base)/City - joh'

2018-12-04 11:21:26 - [TEST_STEP][PASSED] - delay: Delayed 2 second(s)

2018-12-04 11:21:28 - [MESSAGE][PASSED] - Delayed 2 second(s)

2018-12-04 11:21:28 - [TEST_STEP][PASSED] - click: Object: 'Object Repository/Final Object Repo/Creating Employer Account/Page_Registration - ASSIST (Base)/City - Johor Bharu' is clicked on

2018-12-04 11:21:28 - [MESSAGE][PASSED] - Object: 'Object Repository/Final Object Repo/Creating Employer Account/Page_Registration - ASSIST (Base)/City - Johor Bharu' is clicked on

2018-12-04 11:21:28 - [TEST_STEP][PASSED] - delay: Delayed 2 second(s)

2018-12-04 11:21:30 - [MESSAGE][PASSED] - Delayed 2 second(s)

2018-12-04 11:21:30 - [TEST_STEP][PASSED] - click: Object: 'Object Repository/Final Object Repo/Creating Employer Account/Page_Registration - ASSIST (Base)/Post Code' is clicked on

2018-12-04 11:21:30 - [MESSAGE][PASSED] - Object: 'Object Repository/Final Object Repo/Creating Employer Account/Page_Registration - ASSIST (Base)/Post Code' is clicked on

2018-12-04 11:21:30 - [TEST_STEP][PASSED] - delay: Delayed 2 second(s)

2018-12-04 11:21:32 - [MESSAGE][PASSED] - Delayed 2 second(s)

2018-12-04 11:21:32 - [TEST_STEP][PASSED] - setText: Text '810' is set on object 'Object Repository/Final Object Repo/Creating Employer Account/Page_Registration - ASSIST (Base)/Post Code - 810'

2018-12-04 11:21:32 - [MESSAGE][PASSED] - Text '810' is set on object 'Object Repository/Final Object Repo/Creating Employer Account/Page_Registration - ASSIST (Base)/Post Code - 810'

2018-12-04 11:21:32 - [TEST_STEP][PASSED] - delay: Delayed 2 second(s)

2018-12-04 11:21:34 - [MESSAGE][PASSED] - Delayed 2 second(s)

2018-12-04 11:21:34 - [TEST_STEP][PASSED] - click: Object: 'Object Repository/Final Object Repo/Creating Employer Account/Page_Registration - ASSIST (Base)/Post Code - 81000' is clicked on

2018-12-04 11:21:34 - [MESSAGE][PASSED] - Object: 'Object Repository/Final Object Repo/Creating Employer Account/Page_Registration - ASSIST (Base)/Post Code - 81000' is clicked on

2018-12-04 11:21:34 - [TEST_STEP][PASSED] - delay: Delayed 2 second(s)

2018-12-04 11:21:36 - [MESSAGE][PASSED] - Delayed 2 second(s)

2018-12-04 11:21:36 - [TEST_STEP][PASSED] - setText: Text 'PERKESO' is set on object 'Object Repository/Final Object Repo/Creating Employer Account/Page_Registration - ASSIST (Base)/Full Name'

2018-12-04 11:21:37 - [MESSAGE][PASSED] - Text 'PERKESO' is set on object 'Object Repository/Final Object Repo/Creating Employer Account/Page_Registration - ASSIST (Base)/Full Name'

2018-12-04 11:21:37 - [TEST_STEP][PASSED] - Statement - rnd = new java.util.Random(): null

2018-12-04 11:21:37 - [TEST_STEP][PASSED] - Statement - snum = rnd.nextInt(899999 + 1) + 100000: null

2018-12-04 11:21:37 - [TEST_STEP][PASSED] - Statement - tnum = rnd.nextInt(899999 + 1) + 100000: null

2018-12-04 11:21:37 - [TEST_STEP][PASSED] - Statement - IC = java.lang.Integer.toString(snum) + java.lang.Integer.toString(tnum): null

2018-12-04 11:21:37 - [TEST_STEP][PASSED] - Statement - out.println(IC): null

2018-12-04 11:21:37 - [TEST_STEP][PASSED] - setText: Text '891165596389' is set on object 'Object Repository/Final Object Repo/Creating Employer Account/Page_Registration - ASSIST (Base)/Identification Number'

2018-12-04 11:21:37 - [MESSAGE][PASSED] - Text '891165596389' is set on object 'Object Repository/Final Object Repo/Creating Employer Account/Page_Registration - ASSIST (Base)/Identification Number'

2018-12-04 11:21:37 - [TEST_STEP][PASSED] - delay: Delayed 2 second(s)

2018-12-04 11:21:39 - [MESSAGE][PASSED] - Delayed 2 second(s)

2018-12-04 11:21:39 - [TEST_STEP][PASSED] - setText: Text '123456789012' is set on object 'Object Repository/Final Object Repo/Creating Employer Account/Page_Registration - ASSIST (Base)/Contact Number'

2018-12-04 11:21:40 - [MESSAGE][PASSED] - Text '123456789012' is set on object 'Object Repository/Final Object Repo/Creating Employer Account/Page_Registration - ASSIST (Base)/Contact Number'

2018-12-04 11:21:40 - [TEST_STEP][PASSED] - Statement - Email = "perkeso" + IC + "@gmail.com": null

2018-12-04 11:21:40 - [TEST_STEP][PASSED] - delay: Delayed 2 second(s)

2018-12-04 11:21:42 - [MESSAGE][PASSED] - Delayed 2 second(s)

2018-12-04 11:21:42 - [TEST_STEP][PASSED] - callTestCase: Call Test Case 'Test Cases/Final Aug 2018 - PKS Automation/Create Employer Acc/Template/Employer Email Settler' successfully

2018-12-04 11:21:42 - [TEST_CASE][PASSED] - Test Cases/Final Aug 2018 - PKS Automation/Create Employer Acc/Template/Employer Email Settler: Test Cases/Final Aug 2018 - PKS Automation/Create Employer Acc/Template/Employer Email Settler

2018-12-04 11:21:42 - [TEST_STEP][PASSED] - Statement - EmpEmailOld = new java.io.File(C://Users//Admin//Desktop//PKS//Automation Reference Point//EmpEmail.txt): null

2018-12-04 11:21:42 - [TEST_STEP][PASSED] - Statement - EmpEmailOld.delete(): null

2018-12-04 11:21:42 - [TEST_STEP][PASSED] - Statement - EmpEmail = new java.io.File(C://Users//Admin//Desktop//PKS//Automation Reference Point//EmpEmail.txt): null

2018-12-04 11:21:42 - [TEST_STEP][PASSED] - Statement - EmpEmail.append(Email): null

2018-12-04 11:21:42 - [TEST_STEP][PASSED] - Statement - out.println(Email): null

2018-12-04 11:21:42 - [MESSAGE][PASSED] - Call Test Case 'Test Cases/Final Aug 2018 - PKS Automation/Create Employer Acc/Template/Employer Email Settler' successfully

2018-12-04 11:21:42 - [TEST_STEP][PASSED] - delay: Delayed 2 second(s)

2018-12-04 11:21:44 - [MESSAGE][PASSED] - Delayed 2 second(s)

2018-12-04 11:21:44 - [TEST_STEP][PASSED] - setText: Text 'perkeso891165596389@gmail.com' is set on object 'Object Repository/Final Object Repo/Creating Employer Account/Page_Registration - ASSIST (Base)/Email'

2018-12-04 11:21:44 - [MESSAGE][PASSED] - Text 'perkeso891165596389@gmail.com' is set on object 'Object Repository/Final Object Repo/Creating Employer Account/Page_Registration - ASSIST (Base)/Email'

2018-12-04 11:21:44 - [TEST_STEP][PASSED] - setText: Text '123' is set on object 'Object Repository/Final Object Repo/Creating Employer Account/Page_Registration - ASSIST (Base)/Security Phase'

2018-12-04 11:21:44 - [MESSAGE][PASSED] - Text '123' is set on object 'Object Repository/Final Object Repo/Creating Employer Account/Page_Registration - ASSIST (Base)/Security Phase'

2018-12-04 11:21:44 - [TEST_STEP][PASSED] - click: Object: 'Object Repository/Final Object Repo/Creating Employer Account/Page_Registration - ASSIST (Base)/Save  Continue' is clicked on

2018-12-04 11:21:45 - [MESSAGE][PASSED] - Object: 'Object Repository/Final Object Repo/Creating Employer Account/Page_Registration - ASSIST (Base)/Save  Continue' is clicked on

2018-12-04 11:21:45 - [TEST_STEP][PASSED] - delay: Delayed 2 second(s)

2018-12-04 11:21:47 - [MESSAGE][PASSED] - Delayed 2 second(s)

2018-12-04 11:21:47 - [TEST_STEP][PASSED] - click: Object: 'Object Repository/Final Object Repo/Creating Employer Account/Page_Registration - ASSIST (Base)/Add Document' is clicked on

2018-12-04 11:21:47 - [MESSAGE][PASSED] - Object: 'Object Repository/Final Object Repo/Creating Employer Account/Page_Registration - ASSIST (Base)/Add Document' is clicked on

2018-12-04 11:21:47 - [TEST_STEP][PASSED] - delay: Delayed 2 second(s)

2018-12-04 11:21:49 - [MESSAGE][PASSED] - Delayed 2 second(s)

2018-12-04 11:21:49 - [TEST_STEP][PASSED] - click: Object: 'Object Repository/Final Object Repo/Creating Employer Account/Page_Registration - ASSIST (Base)/Document Type' is clicked on

2018-12-04 11:21:49 - [MESSAGE][PASSED] - Object: 'Object Repository/Final Object Repo/Creating Employer Account/Page_Registration - ASSIST (Base)/Document Type' is clicked on

2018-12-04 11:21:49 - [TEST_STEP][PASSED] - delay: Delayed 2 second(s)

2018-12-04 11:21:51 - [MESSAGE][PASSED] - Delayed 2 second(s)

2018-12-04 11:21:51 - [TEST_STEP][PASSED] - click: Object: 'Object Repository/Final Object Repo/Creating Employer Account/Page_Registration - ASSIST (Base)/Document Type - Letter of Authorization' is clicked on

2018-12-04 11:21:51 - [MESSAGE][PASSED] - Object: 'Object Repository/Final Object Repo/Creating Employer Account/Page_Registration - ASSIST (Base)/Document Type - Letter of Authorization' is clicked on

2018-12-04 11:21:51 - [TEST_STEP][PASSED] - delay: Delayed 2 second(s)

2018-12-04 11:21:53 - [MESSAGE][PASSED] - Delayed 2 second(s)

2018-12-04 11:21:53 - [TEST_STEP][PASSED] - sendKeys: Keys 'C:\Users\Public\Pictures\Sample Pictures\Koala.jpg' sent to object: 'Object Repository/Final Object Repo/Creating Employer Account/Page_Registration - ASSIST (Base)/Uploading File'

2018-12-04 11:21:53 - [MESSAGE][PASSED] - Keys 'C:\Users\Public\Pictures\Sample Pictures\Koala.jpg' sent to object: 'Object Repository/Final Object Repo/Creating Employer Account/Page_Registration - ASSIST (Base)/Uploading File'

2018-12-04 11:21:53 - [TEST_STEP][PASSED] - delay: Delayed 2 second(s)

2018-12-04 11:21:55 - [MESSAGE][PASSED] - Delayed 2 second(s)

2018-12-04 11:21:55 - [TEST_STEP][PASSED] - click: Object: 'Object Repository/Final Object Repo/Creating Employer Account/Page_Registration - ASSIST (Base)/Add Document in Uploading File' is clicked on

2018-12-04 11:21:56 - [MESSAGE][PASSED] - Object: 'Object Repository/Final Object Repo/Creating Employer Account/Page_Registration - ASSIST (Base)/Add Document in Uploading File' is clicked on

2018-12-04 11:21:56 - [TEST_STEP][PASSED] - delay: Delayed 2 second(s)

2018-12-04 11:21:58 - [MESSAGE][PASSED] - Delayed 2 second(s)

2018-12-04 11:21:58 - [TEST_STEP][PASSED] - click: Object: 'Object Repository/Final Object Repo/Creating Employer Account/Page_Registration - ASSIST (Base)/Save' is clicked on

2018-12-04 11:22:07 - [MESSAGE][PASSED] - Object: 'Object Repository/Final Object Repo/Creating Employer Account/Page_Registration - ASSIST (Base)/Save' is clicked on

2018-12-04 11:22:07 - [TEST_STEP][PASSED] - delay: Delayed 2 second(s)

2018-12-04 11:22:09 - [MESSAGE][PASSED] - Delayed 2 second(s)

2018-12-04 11:22:09 - [TEST_STEP][PASSED] - click: Object: 'Object Repository/Final Object Repo/Creating Employer Account/Page_Registration - ASSIST (Base)/Submit' is clicked on

2018-12-04 11:22:09 - [MESSAGE][PASSED] - Object: 'Object Repository/Final Object Repo/Creating Employer Account/Page_Registration - ASSIST (Base)/Submit' is clicked on

2018-12-04 11:22:09 - [TEST_STEP][PASSED] - delay: Delayed 2 second(s)

2018-12-04 11:22:11 - [MESSAGE][PASSED] - Delayed 2 second(s)

2018-12-04 11:22:11 - [TEST_STEP][PASSED] - click: Object: 'Object Repository/Final Object Repo/Creating Employer Account/Page_Registration - ASSIST (Base)/Confirm' is clicked on

2018-12-04 11:22:11 - [MESSAGE][PASSED] - Object: 'Object Repository/Final Object Repo/Creating Employer Account/Page_Registration - ASSIST (Base)/Confirm' is clicked on

2018-12-04 11:22:11 - [MESSAGE][PASSED] - Call Test Case 'Test Cases/Final Aug 2018 - PKS Automation/Create Employer Acc/Template/Register Employer' successfully

2018-12-04 11:22:11 - [TEST_STEP][PASSED] - delay: Delayed 1 second(s)

2018-12-04 11:22:12 - [MESSAGE][PASSED] - Delayed 1 second(s)

2018-12-04 11:22:12 - [TEST_STEP][PASSED] - navigateToUrl: Navigate to 'https://assist2-uat.perkeso.gov.my/c/portal/logout' successfully

2018-12-04 11:22:24 - [MESSAGE][PASSED] - Navigate to 'https://assist2-uat.perkeso.gov.my/c/portal/logout' successfully

2018-12-04 11:22:24 - [TEST_STEP][PASSED] - delay: Delayed 1 second(s)

2018-12-04 11:22:25 - [MESSAGE][PASSED] - Delayed 1 second(s)

2018-12-04 11:22:25 - [TEST_STEP][PASSED] - callTestCase: Call Test Case 'Test Cases/Final Aug 2018 - PKS Automation/Create Employer Acc/Template/Change Password of Employer' successfully

2018-12-04 11:22:25 - [TEST_CASE][PASSED] - Test Cases/Final Aug 2018 - PKS Automation/Create Employer Acc/Template/Change Password of Employer: Test Cases/Final Aug 2018 - PKS Automation/Create Employer Acc/Template/Change Password of Employer

2018-12-04 11:22:25 - [TEST_STEP][PASSED] - openBrowser: Browser is opened with url: ''

2018-12-04 11:22:25 - [MESSAGE][WARNING] - A browser is already opened. Closing browser and opening a new one

2018-12-04 11:22:28 - [MESSAGE][PASSED] - Browser is opened with url: ''

2018-12-04 11:22:28 - [TEST_STEP][PASSED] - navigateToUrl: Navigate to 'https://assist2-uat.perkeso.gov.my/login' successfully

2018-12-04 11:22:29 - [MESSAGE][PASSED] - Navigate to 'https://assist2-uat.perkeso.gov.my/login' successfully

2018-12-04 11:22:29 - [TEST_STEP][PASSED] - delay: Delayed 5 second(s)

2018-12-04 11:22:34 - [MESSAGE][PASSED] - Delayed 5 second(s)

2018-12-04 11:22:34 - [TEST_STEP][PASSED] - setText: Text 'test@liferay.com' is set on object 'Object Repository/Final Object Repo/Login Page/Internal User/Email Address'

2018-12-04 11:22:35 - [MESSAGE][PASSED] - Text 'test@liferay.com' is set on object 'Object Repository/Final Object Repo/Login Page/Internal User/Email Address'

2018-12-04 11:22:35 - [TEST_STEP][PASSED] - click: Object: 'Object Repository/Final Object Repo/Login Page/Internal User/Next Button' is clicked on

2018-12-04 11:22:35 - [MESSAGE][PASSED] - Object: 'Object Repository/Final Object Repo/Login Page/Internal User/Next Button' is clicked on

2018-12-04 11:22:35 - [TEST_STEP][PASSED] - delay: Delayed 2 second(s)

2018-12-04 11:22:37 - [MESSAGE][PASSED] - Delayed 2 second(s)

2018-12-04 11:22:37 - [TEST_STEP][PASSED] - setText: Text 'test' is set on object 'Object Repository/Final Object Repo/Login Page/Internal User/Password'

2018-12-04 11:22:37 - [MESSAGE][PASSED] - Text 'test' is set on object 'Object Repository/Final Object Repo/Login Page/Internal User/Password'

2018-12-04 11:22:37 - [TEST_STEP][PASSED] - delay: Delayed 2 second(s)

2018-12-04 11:22:39 - [MESSAGE][PASSED] - Delayed 2 second(s)

2018-12-04 11:22:39 - [TEST_STEP][PASSED] - click: Object: 'Object Repository/Final Object Repo/Login Page/Internal User/Login Button' is clicked on

2018-12-04 11:22:39 - [MESSAGE][PASSED] - Object: 'Object Repository/Final Object Repo/Login Page/Internal User/Login Button' is clicked on

2018-12-04 11:22:39 - [TEST_STEP][PASSED] - delay: Delayed 3 second(s)

2018-12-04 11:22:42 - [MESSAGE][PASSED] - Delayed 3 second(s)

2018-12-04 11:22:42 - [TEST_STEP][PASSED] - navigateToUrl: Navigate to 'https://assist2-uat.perkeso.gov.my/group/control_panel/manage?p_p_id=125&p_p_lifecycle=0&p_p_state=maximized&p_p_mode=view&refererPlid=20455&_125_usersListView=flat-users&_125_toolbarItem=view-all-users&_125_saveUsersListView=true&_125_struts_action=%2Fusers_admin%2Fview' successfully

2018-12-04 11:22:44 - [MESSAGE][PASSED] - Navigate to 'https://assist2-uat.perkeso.gov.my/group/control_panel/manage?p_p_id=125&p_p_lifecycle=0&p_p_state=maximized&p_p_mode=view&refererPlid=20455&_125_usersListView=flat-users&_125_toolbarItem=view-all-users&_125_saveUsersListView=true&_125_struts_action=%2Fusers_admin%2Fview' successfully

2018-12-04 11:22:44 - [TEST_STEP][PASSED] - delay: Delayed 3 second(s)

2018-12-04 11:22:47 - [MESSAGE][PASSED] - Delayed 3 second(s)

2018-12-04 11:22:47 - [TEST_STEP][PASSED] - setText: Text 'perkeso891165596389@gmail.com' is set on object 'Object Repository/Final Object Repo/Creating Employer Account/Page_Users and Organizations - ASSIST/Employer name'

2018-12-04 11:22:48 - [MESSAGE][PASSED] - Text 'perkeso891165596389@gmail.com' is set on object 'Object Repository/Final Object Repo/Creating Employer Account/Page_Users and Organizations - ASSIST/Employer name'

2018-12-04 11:22:48 - [TEST_STEP][PASSED] - delay: Delayed 3 second(s)

2018-12-04 11:22:51 - [MESSAGE][PASSED] - Delayed 3 second(s)

2018-12-04 11:22:51 - [TEST_STEP][PASSED] - click: Object: 'Object Repository/Final Object Repo/Creating Employer Account/Page_Users and Organizations - ASSIST/Search' is clicked on

2018-12-04 11:22:51 - [MESSAGE][PASSED] - Object: 'Object Repository/Final Object Repo/Creating Employer Account/Page_Users and Organizations - ASSIST/Search' is clicked on

2018-12-04 11:22:51 - [TEST_STEP][PASSED] - delay: Delayed 3 second(s)

2018-12-04 11:22:54 - [MESSAGE][PASSED] - Delayed 3 second(s)

2018-12-04 11:22:54 - [TEST_STEP][PASSED] - click: Object: 'Object Repository/Final Object Repo/Creating Employer Account/Page_Users and Organizations - ASSIST/Action' is clicked on

2018-12-04 11:22:54 - [MESSAGE][PASSED] - Object: 'Object Repository/Final Object Repo/Creating Employer Account/Page_Users and Organizations - ASSIST/Action' is clicked on

2018-12-04 11:22:54 - [TEST_STEP][PASSED] - delay: Delayed 3 second(s)

2018-12-04 11:22:57 - [MESSAGE][PASSED] - Delayed 3 second(s)

2018-12-04 11:22:57 - [TEST_STEP][PASSED] - click: Object: 'Object Repository/Final Object Repo/Creating Employer Account/Page_Users and Organizations - ASSIST/Edit' is clicked on

2018-12-04 11:22:58 - [MESSAGE][PASSED] - Object: 'Object Repository/Final Object Repo/Creating Employer Account/Page_Users and Organizations - ASSIST/Edit' is clicked on

2018-12-04 11:22:58 - [TEST_STEP][PASSED] - delay: Delayed 3 second(s)

2018-12-04 11:23:01 - [MESSAGE][PASSED] - Delayed 3 second(s)

2018-12-04 11:23:01 - [TEST_STEP][PASSED] - click: Object: 'Object Repository/Final Object Repo/Creating Employer Account/Page_PERKESO - Users and Organizati/a_Password (Modified)' is clicked on

2018-12-04 11:23:01 - [MESSAGE][PASSED] - Object: 'Object Repository/Final Object Repo/Creating Employer Account/Page_PERKESO - Users and Organizati/a_Password (Modified)' is clicked on

2018-12-04 11:23:01 - [TEST_STEP][PASSED] - delay: Delayed 3 second(s)

2018-12-04 11:23:04 - [MESSAGE][PASSED] - Delayed 3 second(s)

2018-12-04 11:23:04 - [TEST_STEP][PASSED] - setEncryptedText: Text ****** has been set on object 'Object Repository/Final Object Repo/Creating Employer Account/Page_PERKESO - Users and Organizati/input__125_password1'

2018-12-04 11:23:05 - [MESSAGE][PASSED] - Text ****** has been set on object 'Object Repository/Final Object Repo/Creating Employer Account/Page_PERKESO - Users and Organizati/input__125_password1'

2018-12-04 11:23:05 - [TEST_STEP][PASSED] - delay: Delayed 3 second(s)

2018-12-04 11:23:08 - [MESSAGE][PASSED] - Delayed 3 second(s)

2018-12-04 11:23:08 - [TEST_STEP][PASSED] - setEncryptedText: Text ****** has been set on object 'Object Repository/Final Object Repo/Creating Employer Account/Page_PERKESO - Users and Organizati/input__125_password2'

2018-12-04 11:23:08 - [MESSAGE][PASSED] - Text ****** has been set on object 'Object Repository/Final Object Repo/Creating Employer Account/Page_PERKESO - Users and Organizati/input__125_password2'

2018-12-04 11:23:08 - [TEST_STEP][PASSED] - delay: Delayed 3 second(s)

2018-12-04 11:23:11 - [MESSAGE][PASSED] - Delayed 3 second(s)

2018-12-04 11:23:11 - [TEST_STEP][PASSED] - click: Object: 'Object Repository/Final Object Repo/Creating Employer Account/Page_PERKESO - Users and Organizati/Save' is clicked on

2018-12-04 11:23:13 - [MESSAGE][PASSED] - Object: 'Object Repository/Final Object Repo/Creating Employer Account/Page_PERKESO - Users and Organizati/Save' is clicked on

2018-12-04 11:23:13 - [MESSAGE][PASSED] - Call Test Case 'Test Cases/Final Aug 2018 - PKS Automation/Create Employer Acc/Template/Change Password of Employer' successfully

2018-12-04 11:23:13 - [TEST_STEP][PASSED] - delay: Delayed 1 second(s)

2018-12-04 11:23:14 - [MESSAGE][PASSED] - Delayed 1 second(s)

2018-12-04 11:23:14 - [TEST_STEP][PASSED] - navigateToUrl: Navigate to 'https://assist2-uat.perkeso.gov.my/c/portal/logout' successfully

2018-12-04 11:23:15 - [MESSAGE][PASSED] - Navigate to 'https://assist2-uat.perkeso.gov.my/c/portal/logout' successfully

2018-12-04 11:23:15 - [TEST_STEP][PASSED] - delay: Delayed 1 second(s)

2018-12-04 11:23:16 - [MESSAGE][PASSED] - Delayed 1 second(s)

2018-12-04 11:23:16 - [TEST_STEP][PASSED] - callTestCase: Call Test Case 'Test Cases/Final Aug 2018 - PKS Automation/Create Employer Acc/Template/Login to Employer Account (First Time)' successfully

2018-12-04 11:23:16 - [TEST_CASE][PASSED] - Test Cases/Final Aug 2018 - PKS Automation/Create Employer Acc/Template/Login to Employer Account (First Time): Test Cases/Final Aug 2018 - PKS Automation/Create Employer Acc/Template/Login to Employer Account (First Time)

2018-12-04 11:23:16 - [TEST_STEP][PASSED] - openBrowser: Browser is opened with url: ''

2018-12-04 11:23:16 - [MESSAGE][WARNING] - A browser is already opened. Closing browser and opening a new one

2018-12-04 11:23:19 - [MESSAGE][PASSED] - Browser is opened with url: ''

2018-12-04 11:23:19 - [TEST_STEP][PASSED] - navigateToUrl: Navigate to 'https://assist2-uat.perkeso.gov.my/employer/login' successfully

2018-12-04 11:23:20 - [MESSAGE][PASSED] - Navigate to 'https://assist2-uat.perkeso.gov.my/employer/login' successfully

2018-12-04 11:23:20 - [TEST_STEP][PASSED] - delay: Delayed 3 second(s)

2018-12-04 11:23:23 - [MESSAGE][PASSED] - Delayed 3 second(s)

2018-12-04 11:23:23 - [TEST_STEP][PASSED] - callTestCase: Call Test Case 'Test Cases/Final Aug 2018 - PKS Automation/Create Employer Acc/Template/Employer Email Getter' successfully

2018-12-04 11:23:23 - [TEST_CASE][PASSED] - Test Cases/Final Aug 2018 - PKS Automation/Create Employer Acc/Template/Employer Email Getter: Test Cases/Final Aug 2018 - PKS Automation/Create Employer Acc/Template/Employer Email Getter

2018-12-04 11:23:23 - [TEST_STEP][PASSED] - Statement - Try: null

2018-12-04 11:23:23 - [TEST_STEP][PASSED] - Statement - EmpEmail = new java.io.File(C://Users//Admin//Desktop//PKS//Automation Reference Point//EmpEmail.txt): null

2018-12-04 11:23:23 - [TEST_STEP][PASSED] - Statement - bufferread = new java.io.BufferedReader(new java.io.FileReader(EmpEmail)): null

2018-12-04 11:23:23 - [TEST_STEP][PASSED] - Statement - readedVal = bufferread.readLine(): null

2018-12-04 11:23:23 - [TEST_STEP][PASSED] - Statement - out.println(readedVal): null

2018-12-04 11:23:23 - [TEST_STEP][PASSED] - Statement - Email = readedVal: null

2018-12-04 11:23:23 - [MESSAGE][PASSED] - Call Test Case 'Test Cases/Final Aug 2018 - PKS Automation/Create Employer Acc/Template/Employer Email Getter' successfully

2018-12-04 11:23:23 - [TEST_STEP][PASSED] - setText: Text 'perkeso891165596389@gmail.com' is set on object 'Object Repository/Final Object Repo/Login Page/External Login Page/Email'

2018-12-04 11:23:23 - [MESSAGE][PASSED] - Text 'perkeso891165596389@gmail.com' is set on object 'Object Repository/Final Object Repo/Login Page/External Login Page/Email'

2018-12-04 11:23:23 - [TEST_STEP][PASSED] - click: Object: 'Object Repository/Final Object Repo/Login Page/External Login Page/Next' is clicked on

2018-12-04 11:23:24 - [MESSAGE][PASSED] - Object: 'Object Repository/Final Object Repo/Login Page/External Login Page/Next' is clicked on

2018-12-04 11:23:24 - [TEST_STEP][PASSED] - delay: Delayed 3 second(s)

2018-12-04 11:23:27 - [MESSAGE][PASSED] - Delayed 3 second(s)

2018-12-04 11:23:27 - [TEST_STEP][PASSED] - setEncryptedText: Text ****** has been set on object 'Object Repository/Final Object Repo/Login Page/External Login Page/Password'

2018-12-04 11:23:27 - [MESSAGE][PASSED] - Text ****** has been set on object 'Object Repository/Final Object Repo/Login Page/External Login Page/Password'

2018-12-04 11:23:27 - [TEST_STEP][PASSED] - click: Object: 'Object Repository/Final Object Repo/Login Page/External Login Page/Login' is clicked on

2018-12-04 11:23:27 - [MESSAGE][PASSED] - Object: 'Object Repository/Final Object Repo/Login Page/External Login Page/Login' is clicked on

2018-12-04 11:23:27 - [TEST_STEP][PASSED] - delay: Delayed 3 second(s)

2018-12-04 11:23:30 - [MESSAGE][PASSED] - Delayed 3 second(s)

2018-12-04 11:23:30 - [TEST_STEP][PASSED] - click: Object: 'Object Repository/Final Object Repo/Creating Employer Account/Page_Terms of Use - ASSIST/button_I Agree' is clicked on

2018-12-04 11:23:31 - [MESSAGE][PASSED] - Object: 'Object Repository/Final Object Repo/Creating Employer Account/Page_Terms of Use - ASSIST/button_I Agree' is clicked on

2018-12-04 11:23:31 - [TEST_STEP][PASSED] - delay: Delayed 2 second(s)

2018-12-04 11:23:33 - [MESSAGE][PASSED] - Delayed 2 second(s)

2018-12-04 11:23:33 - [TEST_STEP][PASSED] - setEncryptedText: Text ****** has been set on object 'Object Repository/Final Object Repo/Creating Employer Account/Page_New Password - ASSIST/input_password1'

2018-12-04 11:23:33 - [MESSAGE][PASSED] - Text ****** has been set on object 'Object Repository/Final Object Repo/Creating Employer Account/Page_New Password - ASSIST/input_password1'

2018-12-04 11:23:33 - [TEST_STEP][PASSED] - setEncryptedText: Text ****** has been set on object 'Object Repository/Final Object Repo/Creating Employer Account/Page_New Password - ASSIST/input_password2'

2018-12-04 11:23:34 - [MESSAGE][PASSED] - Text ****** has been set on object 'Object Repository/Final Object Repo/Creating Employer Account/Page_New Password - ASSIST/input_password2'

2018-12-04 11:23:34 - [TEST_STEP][PASSED] - delay: Delayed 2 second(s)

2018-12-04 11:23:36 - [MESSAGE][PASSED] - Delayed 2 second(s)

2018-12-04 11:23:36 - [TEST_STEP][PASSED] - click: Object: 'Object Repository/Final Object Repo/Creating Employer Account/Page_New Password - ASSIST/Save' is clicked on

2018-12-04 11:23:36 - [MESSAGE][PASSED] - Object: 'Object Repository/Final Object Repo/Creating Employer Account/Page_New Password - ASSIST/Save' is clicked on

2018-12-04 11:23:36 - [TEST_STEP][PASSED] - delay: Delayed 2 second(s)

2018-12-04 11:23:38 - [MESSAGE][PASSED] - Delayed 2 second(s)

2018-12-04 11:23:38 - [TEST_STEP][PASSED] - setText: Text 'test' is set on object 'Object Repository/Final Object Repo/Creating Employer Account/Page_Password Reminder - ASSIST/Reminder Query Answer'

2018-12-04 11:23:38 - [MESSAGE][PASSED] - Text 'test' is set on object 'Object Repository/Final Object Repo/Creating Employer Account/Page_Password Reminder - ASSIST/Reminder Query Answer'

2018-12-04 11:23:38 - [TEST_STEP][PASSED] - delay: Delayed 2 second(s)

2018-12-04 11:23:40 - [MESSAGE][PASSED] - Delayed 2 second(s)

2018-12-04 11:23:40 - [TEST_STEP][PASSED] - doubleClick: Object: 'Object Repository/Final Object Repo/Creating Employer Account/Page_Password Reminder - ASSIST/Save' is double clicked on

2018-12-04 11:23:40 - [MESSAGE][PASSED] - Object: 'Object Repository/Final Object Repo/Creating Employer Account/Page_Password Reminder - ASSIST/Save' is double clicked on

2018-12-04 11:23:40 - [MESSAGE][PASSED] - Call Test Case 'Test Cases/Final Aug 2018 - PKS Automation/Create Employer Acc/Template/Login to Employer Account (First Time)' successfully

2018-12-04 11:23:40 - [MESSAGE][PASSED] - Call Test Case 'Test Cases/Final Aug 2018 - PKS Automation/Create Employer Acc/Create Employer Account' successfully

2018-12-04 11:23:40 - [TEST_STEP][PASSED] - callTestCase: Call Test Case 'Test Cases/Final Aug 2018 - PKS Automation/Registration Module/Log Out/log out avoiding katalon tagging' successfully

2018-12-04 11:23:40 - [TEST_CASE][PASSED] - Test Cases/Final Aug 2018 - PKS Automation/Registration Module/Log Out/log out avoiding katalon tagging: Test Cases/Final Aug 2018 - PKS Automation/Registration Module/Log Out/log out avoiding katalon tagging

2018-12-04 11:23:40 - [TEST_STEP][PASSED] - navigateToUrl: Navigate to 'https://assist2-uat.perkeso.gov.my/c/portal/logout' successfully

2018-12-04 11:23:44 - [MESSAGE][PASSED] - Navigate to 'https://assist2-uat.perkeso.gov.my/c/portal/logout' successfully

2018-12-04 11:23:44 - [MESSAGE][PASSED] - Call Test Case 'Test Cases/Final Aug 2018 - PKS Automation/Registration Module/Log Out/log out avoiding katalon tagging' successfully

2018-12-04 11:23:44 - [TEST_STEP][PASSED] - callTestCase: Call Test Case 'Test Cases/Final Aug 2018 - PKS Automation/Create Employer Acc/Login to Employer Account (Second time)' successfully

2018-12-04 11:23:44 - [TEST_CASE][PASSED] - Test Cases/Final Aug 2018 - PKS Automation/Create Employer Acc/Login to Employer Account (Second time): Test Cases/Final Aug 2018 - PKS Automation/Create Employer Acc/Login to Employer Account (Second time)

2018-12-04 11:23:44 - [TEST_STEP][PASSED] - openBrowser: Browser is opened with url: ''

2018-12-04 11:23:44 - [MESSAGE][WARNING] - A browser is already opened. Closing browser and opening a new one

2018-12-04 11:23:47 - [MESSAGE][PASSED] - Browser is opened with url: ''

2018-12-04 11:23:47 - [TEST_STEP][PASSED] - navigateToUrl: Navigate to 'https://assist2-uat.perkeso.gov.my/employer/login' successfully

2018-12-04 11:23:47 - [MESSAGE][PASSED] - Navigate to 'https://assist2-uat.perkeso.gov.my/employer/login' successfully

2018-12-04 11:23:47 - [TEST_STEP][PASSED] - delay: Delayed 3 second(s)

2018-12-04 11:23:50 - [MESSAGE][PASSED] - Delayed 3 second(s)

2018-12-04 11:23:50 - [TEST_STEP][PASSED] - callTestCase: Call Test Case 'Test Cases/Final Aug 2018 - PKS Automation/Create Employer Acc/Template/Employer Email Getter' successfully

2018-12-04 11:23:51 - [TEST_CASE][PASSED] - Test Cases/Final Aug 2018 - PKS Automation/Create Employer Acc/Template/Employer Email Getter: Test Cases/Final Aug 2018 - PKS Automation/Create Employer Acc/Template/Employer Email Getter

2018-12-04 11:23:51 - [TEST_STEP][PASSED] - Statement - Try: null

2018-12-04 11:23:51 - [TEST_STEP][PASSED] - Statement - EmpEmail = new java.io.File(C://Users//Admin//Desktop//PKS//Automation Reference Point//EmpEmail.txt): null

2018-12-04 11:23:51 - [TEST_STEP][PASSED] - Statement - bufferread = new java.io.BufferedReader(new java.io.FileReader(EmpEmail)): null

2018-12-04 11:23:51 - [TEST_STEP][PASSED] - Statement - readedVal = bufferread.readLine(): null

2018-12-04 11:23:51 - [TEST_STEP][PASSED] - Statement - out.println(readedVal): null

2018-12-04 11:23:51 - [TEST_STEP][PASSED] - Statement - Email = readedVal: null

2018-12-04 11:23:51 - [MESSAGE][PASSED] - Call Test Case 'Test Cases/Final Aug 2018 - PKS Automation/Create Employer Acc/Template/Employer Email Getter' successfully

2018-12-04 11:23:51 - [TEST_STEP][PASSED] - setText: Text 'perkeso891165596389@gmail.com' is set on object 'Object Repository/Final Object Repo/Login Page/External Login Page/Email'

2018-12-04 11:23:51 - [MESSAGE][PASSED] - Text 'perkeso891165596389@gmail.com' is set on object 'Object Repository/Final Object Repo/Login Page/External Login Page/Email'

2018-12-04 11:23:51 - [TEST_STEP][PASSED] - click: Object: 'Object Repository/Final Object Repo/Login Page/External Login Page/Next' is clicked on

2018-12-04 11:23:51 - [MESSAGE][PASSED] - Object: 'Object Repository/Final Object Repo/Login Page/External Login Page/Next' is clicked on

2018-12-04 11:23:51 - [TEST_STEP][PASSED] - delay: Delayed 3 second(s)

2018-12-04 11:23:54 - [MESSAGE][PASSED] - Delayed 3 second(s)

2018-12-04 11:23:54 - [TEST_STEP][PASSED] - setEncryptedText: Text ****** has been set on object 'Object Repository/Final Object Repo/Login Page/External Login Page/Password'

2018-12-04 11:23:55 - [MESSAGE][PASSED] - Text ****** has been set on object 'Object Repository/Final Object Repo/Login Page/External Login Page/Password'

2018-12-04 11:23:55 - [TEST_STEP][PASSED] - click: Object: 'Object Repository/Final Object Repo/Login Page/External Login Page/Login' is clicked on

2018-12-04 11:23:55 - [MESSAGE][PASSED] - Object: 'Object Repository/Final Object Repo/Login Page/External Login Page/Login' is clicked on

2018-12-04 11:23:55 - [TEST_STEP][PASSED] - delay: Delayed 5 second(s)

2018-12-04 11:24:00 - [MESSAGE][PASSED] - Delayed 5 second(s)

2018-12-04 11:24:00 - [MESSAGE][PASSED] - Call Test Case 'Test Cases/Final Aug 2018 - PKS Automation/Create Employer Acc/Login to Employer Account (Second time)' successfully

2018-12-04 11:24:00 - [TEST_STEP][PASSED] - Statement - Try: null

2018-12-04 11:24:00 - [TEST_STEP][PASSED] - Statement - Checker = com.kms.katalon.core.webui.keyword.WebUiBuiltInKeywords.verifyElementNotPresent("Final Object Repo/Landing Page/Select to English", 3): null

2018-12-04 11:24:00 - [TEST_STEP][PASSED] - Statement - Catch (Exception e): null

2018-12-04 11:24:00 - [TEST_STEP][PASSED] - Statement - e.printStackTrace(): null

2018-12-04 11:24:00 - [TEST_STEP][PASSED] - delay: Delayed 5 second(s)

2018-12-04 11:24:05 - [MESSAGE][PASSED] - Delayed 5 second(s)

2018-12-04 11:24:05 - [TEST_STEP][PASSED] - click: Object: 'Object Repository/Final Object Repo/Landing Page/My Sites Drop Down' is clicked on

2018-12-04 11:24:05 - [MESSAGE][PASSED] - Object: 'Object Repository/Final Object Repo/Landing Page/My Sites Drop Down' is clicked on

2018-12-04 11:24:05 - [TEST_STEP][PASSED] - click: Object: 'Object Repository/Final Object Repo/Landing Page/Select to Registration Module' is clicked on

2018-12-04 11:24:08 - [MESSAGE][PASSED] - Object: 'Object Repository/Final Object Repo/Landing Page/Select to Registration Module' is clicked on

2018-12-04 11:24:08 - [TEST_STEP][PASSED] - click: Object: 'Object Repository/Final Object Repo/Landing Page/Registration Button' is clicked on

2018-12-04 11:24:09 - [MESSAGE][PASSED] - Object: 'Object Repository/Final Object Repo/Landing Page/Registration Button' is clicked on

2018-12-04 11:24:09 - [TEST_STEP][PASSED] - delay: Delayed 2 second(s)

2018-12-04 11:24:11 - [MESSAGE][PASSED] - Delayed 2 second(s)

2018-12-04 11:24:11 - [TEST_STEP][PASSED] - click: Object: 'Object Repository/Final Object Repo/New Registration - Registration Module Pages/New Reg - OTC to RO/Special Case - OTC - Form 1/AEC NO' is clicked on

2018-12-04 11:24:11 - [MESSAGE][PASSED] - Object: 'Object Repository/Final Object Repo/New Registration - Registration Module Pages/New Reg - OTC to RO/Special Case - OTC - Form 1/AEC NO' is clicked on

2018-12-04 11:24:11 - [TEST_STEP][PASSED] - click: Object: 'Object Repository/Final Object Repo/New Registration - Registration Module Pages/New Reg - OTC to RO/Special Case - OTC - Form 1/Business Entity - Please Select' is clicked on

2018-12-04 11:24:11 - [MESSAGE][PASSED] - Object: 'Object Repository/Final Object Repo/New Registration - Registration Module Pages/New Reg - OTC to RO/Special Case - OTC - Form 1/Business Entity - Please Select' is clicked on

2018-12-04 11:24:11 - [TEST_STEP][PASSED] - click: Object: 'Object Repository/Final Object Repo/New Registration - Registration Module Pages/New Reg - OTC to RO/Special Case - OTC - Form 1/Selected - Corporation' is clicked on

2018-12-04 11:24:12 - [MESSAGE][PASSED] - Object: 'Object Repository/Final Object Repo/New Registration - Registration Module Pages/New Reg - OTC to RO/Special Case - OTC - Form 1/Selected - Corporation' is clicked on

2018-12-04 11:24:12 - [TEST_STEP][PASSED] - delay: Delayed 2 second(s)

2018-12-04 11:24:14 - [MESSAGE][PASSED] - Delayed 2 second(s)

2018-12-04 11:24:14 - [TEST_STEP][PASSED] - click: Object: 'Object Repository/Final Object Repo/New Registration - Registration Module Pages/New Reg - OTC to RO/Special Case - OTC - Form 1/Sub Business Entity - Please Select' is clicked on

2018-12-04 11:24:14 - [MESSAGE][PASSED] - Object: 'Object Repository/Final Object Repo/New Registration - Registration Module Pages/New Reg - OTC to RO/Special Case - OTC - Form 1/Sub Business Entity - Please Select' is clicked on

2018-12-04 11:24:14 - [TEST_STEP][PASSED] - delay: Delayed 2 second(s)

2018-12-04 11:24:16 - [MESSAGE][PASSED] - Delayed 2 second(s)

2018-12-04 11:24:16 - [TEST_STEP][PASSED] - click: Object: 'Object Repository/Final Object Repo/New Registration - Registration Module Pages/New Reg - OTC to RO/Special Case - OTC - Form 1/Selected - Sendirian Berhad' is clicked on

2018-12-04 11:24:16 - [MESSAGE][PASSED] - Object: 'Object Repository/Final Object Repo/New Registration - Registration Module Pages/New Reg - OTC to RO/Special Case - OTC - Form 1/Selected - Sendirian Berhad' is clicked on

2018-12-04 11:24:16 - [TEST_STEP][PASSED] - setText: Text 'AUTOMATE001' is set on object 'Object Repository/Final Object Repo/New Registration - Registration Module Pages/New Reg - OTC to RO/Special Case - OTC - Form 1/Input BRN Number'

2018-12-04 11:24:16 - [MESSAGE][PASSED] - Text 'AUTOMATE001' is set on object 'Object Repository/Final Object Repo/New Registration - Registration Module Pages/New Reg - OTC to RO/Special Case - OTC - Form 1/Input BRN Number'

2018-12-04 11:24:16 - [TEST_STEP][PASSED] - delay: Delayed 2 second(s)

2018-12-04 11:24:18 - [MESSAGE][PASSED] - Delayed 2 second(s)

2018-12-04 11:24:18 - [TEST_STEP][PASSED] - click: Object: 'Object Repository/Final Object Repo/New Registration - Registration Module Pages/New Reg - OTC to RO/Special Case - OTC - Form 1/BRN Search' is clicked on

2018-12-04 11:24:19 - [MESSAGE][PASSED] - Object: 'Object Repository/Final Object Repo/New Registration - Registration Module Pages/New Reg - OTC to RO/Special Case - OTC - Form 1/BRN Search' is clicked on

2018-12-04 11:24:19 - [TEST_STEP][PASSED] - delay: Delayed 4 second(s)

2018-12-04 11:24:23 - [MESSAGE][PASSED] - Delayed 4 second(s)

2018-12-04 11:24:23 - [TEST_STEP][PASSED] - click: Object: 'Object Repository/Final Object Repo/New Registration - Registration Module Pages/New Reg - OTC to RO/Special Case - OTC - Form 1/Registered with SSM - After Feb 2017' is clicked on

2018-12-04 11:24:23 - [MESSAGE][PASSED] - Object: 'Object Repository/Final Object Repo/New Registration - Registration Module Pages/New Reg - OTC to RO/Special Case - OTC - Form 1/Registered with SSM - After Feb 2017' is clicked on

2018-12-04 11:24:23 - [TEST_STEP][PASSED] - delay: Delayed 2 second(s)

2018-12-04 11:24:25 - [MESSAGE][PASSED] - Delayed 2 second(s)

2018-12-04 11:24:25 - [TEST_STEP][PASSED] - click: Object: 'Object Repository/Final Object Repo/New Registration - Registration Module Pages/New Reg - OTC to RO/Special Case - OTC - Form 1/Registering As A Branch - No' is clicked on

2018-12-04 11:24:25 - [MESSAGE][PASSED] - Object: 'Object Repository/Final Object Repo/New Registration - Registration Module Pages/New Reg - OTC to RO/Special Case - OTC - Form 1/Registering As A Branch - No' is clicked on

2018-12-04 11:24:25 - [TEST_STEP][PASSED] - click: Object: 'Object Repository/Final Object Repo/New Registration - Registration Module Pages/New Reg - OTC to RO/Special Case - OTC - Form 1/Acknowledgement Ticked' is clicked on

2018-12-04 11:24:25 - [MESSAGE][PASSED] - Object: 'Object Repository/Final Object Repo/New Registration - Registration Module Pages/New Reg - OTC to RO/Special Case - OTC - Form 1/Acknowledgement Ticked' is clicked on

2018-12-04 11:24:25 - [TEST_STEP][PASSED] - click: Object: 'Object Repository/Final Object Repo/New Registration - Registration Module Pages/New Reg - OTC to RO/Special Case - OTC - Form 1/Submit Button' is clicked on

2018-12-04 11:24:25 - [MESSAGE][PASSED] - Object: 'Object Repository/Final Object Repo/New Registration - Registration Module Pages/New Reg - OTC to RO/Special Case - OTC - Form 1/Submit Button' is clicked on

2018-12-04 11:24:25 - [TEST_STEP][PASSED] - delay: Delayed 2 second(s)

2018-12-04 11:24:27 - [MESSAGE][PASSED] - Delayed 2 second(s)

2018-12-04 11:24:27 - [TEST_STEP][PASSED] - click: Object: 'Object Repository/Final Object Repo/New Registration - Registration Module Pages/New Reg - OTC to RO/Special Case - OTC - Form 1/Confirm No Flagging as Branch' is clicked on

2018-12-04 11:24:28 - [MESSAGE][PASSED] - Object: 'Object Repository/Final Object Repo/New Registration - Registration Module Pages/New Reg - OTC to RO/Special Case - OTC - Form 1/Confirm No Flagging as Branch' is clicked on

2018-12-04 11:24:28 - [MESSAGE][PASSED] - Call Test Case 'Test Cases/Final Aug 2018 - PKS Automation/Registration Module/Workflow/New Registration/Template/Special Case - Employer - Form 1' successfully

2018-12-04 11:24:28 - [TEST_STEP][PASSED] - callTestCase: Call Test Case 'Test Cases/Final Aug 2018 - PKS Automation/Registration Module/New Registration/Form 2/Add 1 Eligible - Employer Account Use' successfully

2018-12-04 11:24:28 - [TEST_CASE][PASSED] - Test Cases/Final Aug 2018 - PKS Automation/Registration Module/New Registration/Form 2/Add 1 Eligible - Employer Account Use: Test Cases/Final Aug 2018 - PKS Automation/Registration Module/New Registration/Form 2/Add 1 Eligible - Employer Account Use

2018-12-04 11:24:28 - [TEST_STEP][PASSED] - delay: Delayed 2 second(s)

2018-12-04 11:24:30 - [MESSAGE][PASSED] - Delayed 2 second(s)

2018-12-04 11:24:30 - [TEST_STEP][PASSED] - callTestCase: Call Test Case 'Test Cases/Final Aug 2018 - PKS Automation/Registration Module/New Registration/Form 2/Date Updater' successfully

2018-12-04 11:24:30 - [TEST_CASE][PASSED] - Test Cases/Final Aug 2018 - PKS Automation/Registration Module/New Registration/Form 2/Date Updater: Test Cases/Final Aug 2018 - PKS Automation/Registration Module/New Registration/Form 2/Date Updater

2018-12-04 11:24:30 - [TEST_STEP][PASSED] - Statement - TodayDate = new java.util.Date(): null

2018-12-04 11:24:30 - [TEST_STEP][PASSED] - Statement - CurrentDateNoFilter = new java.text.SimpleDateFormat(): null

2018-12-04 11:24:30 - [TEST_STEP][PASSED] - Statement - CurrentDateNoFilter.applyPattern("MM"): null

2018-12-04 11:24:30 - [TEST_STEP][PASSED] - Statement - monthContainerMatcher = java.lang.Integer.parseInt(CurrentDateNoFilter.format(TodayDate)): null

2018-12-04 11:24:30 - [TEST_STEP][PASSED] - Statement - monthContainerMatcher = monthContainerMatcher - 1: null

2018-12-04 11:24:30 - [TEST_STEP][PASSED] - Statement - CurrentMonth = monthContainerMatcher.toString(): null

2018-12-04 11:24:30 - [TEST_STEP][PASSED] - Statement - CurrentMonth = CurrentMonth: null

2018-12-04 11:24:30 - [TEST_STEP][PASSED] - Statement - CurrentDateNoFilter.applyPattern("yyyy"): null

2018-12-04 11:24:30 - [TEST_STEP][PASSED] - Statement - CurrentYear = CurrentDateNoFilter.format(TodayDate): null

2018-12-04 11:24:30 - [TEST_STEP][PASSED] - Statement - CurrentYear = CurrentYear: null

2018-12-04 11:24:30 - [TEST_STEP][PASSED] - Statement - intCurrentYear = java.lang.Integer.parseInt(CurrentDateNoFilter.format(TodayDate)): null

2018-12-04 11:24:30 - [TEST_STEP][PASSED] - Statement - eighteenYrsAgo = intCurrentYear - 18: null

2018-12-04 11:24:30 - [TEST_STEP][PASSED] - Statement - eighteenYrsBeforeThisYr = eighteenYrsAgo.toString(): null

2018-12-04 11:24:30 - [TEST_STEP][PASSED] - Statement - EighteenYrsBefore = eighteenYrsBeforeThisYr: null

2018-12-04 11:24:30 - [TEST_STEP][PASSED] - Statement - fiftysevenYrsAgo = intCurrentYear - 57: null

2018-12-04 11:24:30 - [TEST_STEP][PASSED] - Statement - fiftysevenYrsBeforeThisYr = fiftysevenYrsAgo.toString(): null

2018-12-04 11:24:30 - [TEST_STEP][PASSED] - Statement - FiftysevenYrsBefore = fiftysevenYrsBeforeThisYr: null

2018-12-04 11:24:30 - [TEST_STEP][PASSED] - Statement - leapYear = false: null

2018-12-04 11:24:30 - [TEST_STEP][PASSED] - Statement - leapYear = intCurrentYear % 4 == 0: null

2018-12-04 11:24:30 - [TEST_STEP][PASSED] - Statement - CurrentDateNoFilter.applyPattern("dd"): null

2018-12-04 11:24:30 - [TEST_STEP][PASSED] - Statement - CurrentDate = CurrentDateNoFilter.format(TodayDate): null

2018-12-04 11:24:30 - [TEST_STEP][PASSED] - Statement - CurrentDate = java.lang.Integer.parseInt(CurrentDate): null

2018-12-04 11:24:30 - [TEST_STEP][PASSED] - Statement - CurrentDate = CurrentDate: null

2018-12-04 11:24:30 - [TEST_STEP][PASSED] - Statement - CurrentDay = java.lang.Integer.parseInt(CurrentDate): null

2018-12-04 11:24:30 - [TEST_STEP][PASSED] - Statement - ConfAdder = <not implemented yet for class: org.codehaus.groovy.ast.expr.EmptyExpression>: null

2018-12-04 11:24:30 - [TEST_STEP][PASSED] - Statement - switch (CurrentDate): null

2018-12-04 11:24:30 - [TEST_STEP][PASSED] - Statement - Default: null

2018-12-04 11:24:30 - [TEST_STEP][PASSED] - Statement - ConfAdder = false: null

2018-12-04 11:24:30 - [TEST_STEP][PASSED] - Statement - Break: null

2018-12-04 11:24:30 - [TEST_STEP][PASSED] - Statement - aDayBefore = <not implemented yet for class: org.codehaus.groovy.ast.expr.EmptyExpression>: null

2018-12-04 11:24:30 - [TEST_STEP][PASSED] - Statement - If (ConfAdder == true): null

2018-12-04 11:24:30 - [TEST_STEP][PASSED] - Statement - Else: null

2018-12-04 11:24:30 - [TEST_STEP][PASSED] - Statement - aDayBefore = 1: null

2018-12-04 11:24:30 - [TEST_STEP][PASSED] - Statement - If (aDayBefore == 1 && CurrentMonth == 11): null

2018-12-04 11:24:30 - [TEST_STEP][PASSED] - Statement - DayBefore = aDayBefore.toString(): null

2018-12-04 11:24:30 - [TEST_STEP][PASSED] - Statement - OneDayBefore = DayBefore: null

2018-12-04 11:24:31 - [MESSAGE][PASSED] - Call Test Case 'Test Cases/Final Aug 2018 - PKS Automation/Registration Module/New Registration/Form 2/Date Updater' successfully

2018-12-04 11:24:31 - [TEST_STEP][PASSED] - delay: Delayed 1 second(s)

2018-12-04 11:24:32 - [MESSAGE][PASSED] - Delayed 1 second(s)

2018-12-04 11:24:32 - [TEST_STEP][PASSED] - Statement - CaseReferenceNo = com.kms.katalon.core.webui.keyword.WebUiBuiltInKeywords.getText(com.kms.katalon.core.testobject.ObjectRepository.findTestObject(Final Object Repo/New Registration - Registration Module Pages/Form 2/RefNo Acquiring)): Text of object 'Object Repository/Final Object Repo/New Registration - Registration Module Pages/Form 2/RefNo Acquiring' is: 'CRN12201800122971'

2018-12-04 11:24:33 - [MESSAGE][PASSED] - Text of object 'Object Repository/Final Object Repo/New Registration - Registration Module Pages/Form 2/RefNo Acquiring' is: 'CRN12201800122971'

2018-12-04 11:24:33 - [TEST_STEP][PASSED] - delay: Delayed 1 second(s)

2018-12-04 11:24:34 - [MESSAGE][PASSED] - Delayed 1 second(s)

2018-12-04 11:24:34 - [TEST_STEP][PASSED] - click: Object: 'Object Repository/Final Object Repo/New Registration - Registration Module Pages/Form 2/Add Employee Button' is clicked on

2018-12-04 11:24:34 - [MESSAGE][PASSED] - Object: 'Object Repository/Final Object Repo/New Registration - Registration Module Pages/Form 2/Add Employee Button' is clicked on

2018-12-04 11:24:34 - [TEST_STEP][PASSED] - delay: Delayed 1 second(s)

2018-12-04 11:24:35 - [MESSAGE][PASSED] - Delayed 1 second(s)

2018-12-04 11:24:35 - [TEST_STEP][PASSED] - setText: Text '010903091948' is set on object 'Object Repository/Final Object Repo/New Registration - Registration Module Pages/Form 2/NRIC Input'

2018-12-04 11:24:35 - [MESSAGE][PASSED] - Text '010903091948' is set on object 'Object Repository/Final Object Repo/New Registration - Registration Module Pages/Form 2/NRIC Input'

2018-12-04 11:24:35 - [TEST_STEP][PASSED] - delay: Delayed 2 second(s)

2018-12-04 11:24:37 - [MESSAGE][PASSED] - Delayed 2 second(s)

2018-12-04 11:24:37 - [TEST_STEP][PASSED] - setText: Text 'Automate001 eligible 1' is set on object 'Object Repository/Final Object Repo/New Registration - Registration Module Pages/Form 2/Employee Name Input'

2018-12-04 11:24:38 - [MESSAGE][PASSED] - Text 'Automate001 eligible 1' is set on object 'Object Repository/Final Object Repo/New Registration - Registration Module Pages/Form 2/Employee Name Input'

2018-12-04 11:24:38 - [TEST_STEP][PASSED] - delay: Delayed 2 second(s)

2018-12-04 11:24:40 - [MESSAGE][PASSED] - Delayed 2 second(s)

2018-12-04 11:24:40 - [TEST_STEP][PASSED] - click: Object: 'Object Repository/Final Object Repo/New Registration - Registration Module Pages/Form 2/DatePicker Pop Up' is clicked on

2018-12-04 11:24:40 - [MESSAGE][PASSED] - Object: 'Object Repository/Final Object Repo/New Registration - Registration Module Pages/Form 2/DatePicker Pop Up' is clicked on

2018-12-04 11:24:40 - [TEST_STEP][PASSED] - click: Object: 'Object Repository/Final Object Repo/New Registration - Registration Module Pages/Form 2/DOB Month' is clicked on

2018-12-04 11:24:40 - [MESSAGE][PASSED] - Object: 'Object Repository/Final Object Repo/New Registration - Registration Module Pages/Form 2/DOB Month' is clicked on

2018-12-04 11:24:40 - [TEST_STEP][PASSED] - Statement - CurrentMonth = CurrentMonth: null

2018-12-04 11:24:40 - [TEST_STEP][PASSED] - Statement - selectMonth = new com.kms.katalon.core.testobject.TestObject(): null

2018-12-04 11:24:40 - [TEST_STEP][PASSED] - Statement - selectMonth.addProperty("xpath", EQUALS, "//body/div/div/div/select/option[@value='" + CurrentMonth + "']", true): null

2018-12-04 11:24:40 - [TEST_STEP][PASSED] - click: Object: '' is clicked on

2018-12-04 11:24:40 - [MESSAGE][PASSED] - Object: '' is clicked on

2018-12-04 11:24:40 - [TEST_STEP][PASSED] - click: Object: 'Object Repository/Final Object Repo/New Registration - Registration Module Pages/Form 2/DOB Year' is clicked on

2018-12-04 11:24:40 - [MESSAGE][PASSED] - Object: 'Object Repository/Final Object Repo/New Registration - Registration Module Pages/Form 2/DOB Year' is clicked on

2018-12-04 11:24:40 - [TEST_STEP][PASSED] - Statement - Eyearsbf = EighteenYrsBefore: null

2018-12-04 11:24:40 - [TEST_STEP][PASSED] - Statement - selectYear = new com.kms.katalon.core.testobject.TestObject(): null

2018-12-04 11:24:40 - [TEST_STEP][PASSED] - Statement - selectYear.addProperty("xpath", EQUALS, "//div/div/div/select/option[@value='" + Eyearsbf + "']", true): null

2018-12-04 11:24:40 - [TEST_STEP][PASSED] - click: Object: '' is clicked on

2018-12-04 11:24:41 - [MESSAGE][PASSED] - Object: '' is clicked on

2018-12-04 11:24:41 - [TEST_STEP][PASSED] - Statement - UpdatedSelectDate = com.kms.katalon.core.webui.keyword.WebUiBuiltInKeywords.modifyObjectProperty(com.kms.katalon.core.testobject.ObjectRepository.findTestObject(Final Object Repo/New Registration - Registration Module Pages/Form 2/DOB Date), "xpath", "equals", "//body/div/table/tbody/tr/td/a[text()="" + CurrentDate + ""]", true): Modify property of object successfully

2018-12-04 11:24:41 - [MESSAGE][PASSED] - Modify property of object successfully

2018-12-04 11:24:41 - [TEST_STEP][PASSED] - delay: Delayed 3 second(s)

2018-12-04 11:24:44 - [MESSAGE][PASSED] - Delayed 3 second(s)

2018-12-04 11:24:44 - [TEST_STEP][PASSED] - click: Object: 'Object Repository/Final Object Repo/New Registration - Registration Module Pages/Form 2/DOB Date' is clicked on

2018-12-04 11:24:44 - [MESSAGE][PASSED] - Object: 'Object Repository/Final Object Repo/New Registration - Registration Module Pages/Form 2/DOB Date' is clicked on

2018-12-04 11:24:44 - [TEST_STEP][PASSED] - delay: Delayed 2 second(s)

2018-12-04 11:24:46 - [MESSAGE][PASSED] - Delayed 2 second(s)

2018-12-04 11:24:46 - [TEST_STEP][PASSED] - click: Object: 'Object Repository/Final Object Repo/New Registration - Registration Module Pages/Form 2/EmploymentStartDate Pop Up' is clicked on

2018-12-04 11:24:46 - [MESSAGE][PASSED] - Object: 'Object Repository/Final Object Repo/New Registration - Registration Module Pages/Form 2/EmploymentStartDate Pop Up' is clicked on

2018-12-04 11:24:46 - [TEST_STEP][PASSED] - delay: Delayed 2 second(s)

2018-12-04 11:24:48 - [MESSAGE][PASSED] - Delayed 2 second(s)

2018-12-04 11:24:48 - [TEST_STEP][PASSED] - click: Object: 'Object Repository/Final Object Repo/New Registration - Registration Module Pages/Form 2/Socso Employment StartDate Month' is clicked on

2018-12-04 11:24:48 - [MESSAGE][PASSED] - Object: 'Object Repository/Final Object Repo/New Registration - Registration Module Pages/Form 2/Socso Employment StartDate Month' is clicked on

2018-12-04 11:24:48 - [TEST_STEP][PASSED] - delay: Delayed 1 second(s)

2018-12-04 11:24:49 - [MESSAGE][PASSED] - Delayed 1 second(s)

2018-12-04 11:24:49 - [TEST_STEP][PASSED] - click: Object: 'Object Repository/Final Object Repo/New Registration - Registration Module Pages/Form 2/Select Socso Employement Startdate Month' is clicked on

2018-12-04 11:24:49 - [MESSAGE][PASSED] - Object: 'Object Repository/Final Object Repo/New Registration - Registration Module Pages/Form 2/Select Socso Employement Startdate Month' is clicked on

2018-12-04 11:24:49 - [TEST_STEP][PASSED] - delay: Delayed 2 second(s)

2018-12-04 11:24:51 - [MESSAGE][PASSED] - Delayed 2 second(s)

2018-12-04 11:24:51 - [TEST_STEP][PASSED] - click: Object: 'Object Repository/Final Object Repo/New Registration - Registration Module Pages/Form 2/Socso Employment StartDate Year' is clicked on

2018-12-04 11:24:51 - [MESSAGE][PASSED] - Object: 'Object Repository/Final Object Repo/New Registration - Registration Module Pages/Form 2/Socso Employment StartDate Year' is clicked on

2018-12-04 11:24:51 - [TEST_STEP][PASSED] - delay: Delayed 1 second(s)

2018-12-04 11:24:52 - [MESSAGE][PASSED] - Delayed 1 second(s)

2018-12-04 11:24:52 - [TEST_STEP][PASSED] - click: Object: 'Object Repository/Final Object Repo/New Registration - Registration Module Pages/Form 2/Select Socso Employment Startdate Year' is clicked on

2018-12-04 11:24:53 - [MESSAGE][PASSED] - Object: 'Object Repository/Final Object Repo/New Registration - Registration Module Pages/Form 2/Select Socso Employment Startdate Year' is clicked on

2018-12-04 11:24:53 - [TEST_STEP][PASSED] - delay: Delayed 2 second(s)

2018-12-04 11:24:55 - [MESSAGE][PASSED] - Delayed 2 second(s)

2018-12-04 11:24:55 - [TEST_STEP][PASSED] - click: Object: 'Object Repository/Final Object Repo/New Registration - Registration Module Pages/Form 2/Socso Employment Start Date Day' is clicked on

2018-12-04 11:24:55 - [MESSAGE][PASSED] - Object: 'Object Repository/Final Object Repo/New Registration - Registration Module Pages/Form 2/Socso Employment Start Date Day' is clicked on

2018-12-04 11:24:55 - [TEST_STEP][PASSED] - delay: Delayed 2 second(s)

2018-12-04 11:24:57 - [MESSAGE][PASSED] - Delayed 2 second(s)

2018-12-04 11:24:57 - [TEST_STEP][PASSED] - click: Object: 'Object Repository/Final Object Repo/New Registration - Registration Module Pages/Form 2/Save Button for Add Employee' is clicked on

2018-12-04 11:24:57 - [MESSAGE][PASSED] - Object: 'Object Repository/Final Object Repo/New Registration - Registration Module Pages/Form 2/Save Button for Add Employee' is clicked on

2018-12-04 11:24:57 - [TEST_STEP][PASSED] - delay: Delayed 6 second(s)

2018-12-04 11:25:03 - [MESSAGE][PASSED] - Delayed 6 second(s)

2018-12-04 11:25:03 - [TEST_STEP][PASSED] - click: Object: 'Object Repository/Final Object Repo/New Registration - Registration Module Pages/Form 2/Save and Continue Form 2' is clicked on

2018-12-04 11:25:03 - [MESSAGE][PASSED] - Object: 'Object Repository/Final Object Repo/New Registration - Registration Module Pages/Form 2/Save and Continue Form 2' is clicked on

2018-12-04 11:25:03 - [MESSAGE][PASSED] - Call Test Case 'Test Cases/Final Aug 2018 - PKS Automation/Registration Module/New Registration/Form 2/Add 1 Eligible - Employer Account Use' successfully

2018-12-04 11:25:03 - [TEST_STEP][PASSED] - callTestCase: Call Test Case 'Test Cases/Final Aug 2018 - PKS Automation/Registration Module/New Registration/Flow of New Registration/Third Screen - Upload Supporting Doc - Preview' successfully

2018-12-04 11:25:03 - [TEST_CASE][PASSED] - Test Cases/Final Aug 2018 - PKS Automation/Registration Module/New Registration/Flow of New Registration/Third Screen - Upload Supporting Doc - Preview: Test Cases/Final Aug 2018 - PKS Automation/Registration Module/New Registration/Flow of New Registration/Third Screen - Upload Supporting Doc - Preview

2018-12-04 11:25:03 - [TEST_STEP][PASSED] - waitForPageLoad: Wait for page load successfully

2018-12-04 11:25:04 - [MESSAGE][PASSED] - Wait for page load successfully

2018-12-04 11:25:04 - [TEST_STEP][PASSED] - Statement - CaseReferenceNo = com.kms.katalon.core.webui.keyword.WebUiBuiltInKeywords.getText(com.kms.katalon.core.testobject.ObjectRepository.findTestObject(Final Object Repo/New Registration - Registration Module Pages/Third Screen - Upload Supporting Doc- Preview/RefNo Acquiring)): Text of object 'Object Repository/Final Object Repo/New Registration - Registration Module Pages/Third Screen - Upload Supporting Doc- Preview/RefNo Acquiring' is: 'CRN12201800122971'

2018-12-04 11:25:04 - [MESSAGE][PASSED] - Text of object 'Object Repository/Final Object Repo/New Registration - Registration Module Pages/Third Screen - Upload Supporting Doc- Preview/RefNo Acquiring' is: 'CRN12201800122971'

2018-12-04 11:25:04 - [TEST_STEP][PASSED] - delay: Delayed 2 second(s)

2018-12-04 11:25:06 - [MESSAGE][PASSED] - Delayed 2 second(s)

2018-12-04 11:25:06 - [TEST_STEP][PASSED] - callTestCase: Call Test Case 'Test Cases/Final Aug 2018 - PKS Automation/Common/Reference Number Setter' successfully

2018-12-04 11:25:06 - [TEST_CASE][PASSED] - Test Cases/Final Aug 2018 - PKS Automation/Common/Reference Number Setter: Test Cases/Final Aug 2018 - PKS Automation/Common/Reference Number Setter

2018-12-04 11:25:06 - [TEST_STEP][PASSED] - Statement - RefNoOldFile = new java.io.File(C://Users//Admin//Desktop//PKS//Automation Reference Point//KatalonReference.txt): null

2018-12-04 11:25:06 - [TEST_STEP][PASSED] - Statement - RefNoOldFile.delete(): null

2018-12-04 11:25:06 - [TEST_STEP][PASSED] - delay: Delayed 5 second(s)

2018-12-04 11:25:11 - [MESSAGE][PASSED] - Delayed 5 second(s)

2018-12-04 11:25:11 - [TEST_STEP][PASSED] - Statement - RefNo = new java.io.File(C://Users//Admin//Desktop//PKS//Automation Reference Point//KatalonReference.txt): null

2018-12-04 11:25:11 - [TEST_STEP][PASSED] - Statement - f2 = new java.io.FileWriter(RefNo, false): null

2018-12-04 11:25:11 - [TEST_STEP][PASSED] - Statement - f2.write(CaseReferenceNo): null

2018-12-04 11:25:11 - [TEST_STEP][PASSED] - Statement - f2.close(): null

2018-12-04 11:25:11 - [TEST_STEP][PASSED] - Statement - out.println("


" + CaseReferenceNo + "


"): null

2018-12-04 11:25:11 - [MESSAGE][PASSED] - Call Test Case 'Test Cases/Final Aug 2018 - PKS Automation/Common/Reference Number Setter' successfully

2018-12-04 11:25:11 - [TEST_STEP][PASSED] - waitForElementClickable: Object 'Object Repository/Final Object Repo/New Registration - Registration Module Pages/Third Screen - Upload Supporting Doc- Preview/Save n Continue in SIP Employee Listing Page' is clickable

2018-12-04 11:25:11 - [MESSAGE][PASSED] - Object 'Object Repository/Final Object Repo/New Registration - Registration Module Pages/Third Screen - Upload Supporting Doc- Preview/Save n Continue in SIP Employee Listing Page' is clickable

2018-12-04 11:25:11 - [TEST_STEP][PASSED] - click: Object: 'Object Repository/Final Object Repo/New Registration - Registration Module Pages/Third Screen - Upload Supporting Doc- Preview/Save n Continue in SIP Employee Listing Page' is clicked on

2018-12-04 11:25:17 - [MESSAGE][PASSED] - Object: 'Object Repository/Final Object Repo/New Registration - Registration Module Pages/Third Screen - Upload Supporting Doc- Preview/Save n Continue in SIP Employee Listing Page' is clicked on

2018-12-04 11:25:17 - [TEST_STEP][PASSED] - delay: Delayed 7 second(s)

2018-12-04 11:25:24 - [MESSAGE][PASSED] - Delayed 7 second(s)

2018-12-04 11:25:24 - [TEST_STEP][PASSED] - click: Object: 'Object Repository/Final Object Repo/New Registration - Registration Module Pages/Third Screen - Upload Supporting Doc- Preview/Add Document Button' is clicked on

2018-12-04 11:25:24 - [MESSAGE][PASSED] - Object: 'Object Repository/Final Object Repo/New Registration - Registration Module Pages/Third Screen - Upload Supporting Doc- Preview/Add Document Button' is clicked on

2018-12-04 11:25:24 - [TEST_STEP][PASSED] - delay: Delayed 30 second(s)

2018-12-04 11:25:54 - [MESSAGE][PASSED] - Delayed 30 second(s)

2018-12-04 11:25:54 - [TEST_STEP][PASSED] - click: Object: 'Object Repository/Final Object Repo/New Registration - Registration Module Pages/Third Screen - Upload Supporting Doc- Preview/Supporting Doc Please Select Drop Down' is clicked on

2018-12-04 11:25:54 - [MESSAGE][PASSED] - Object: 'Object Repository/Final Object Repo/New Registration - Registration Module Pages/Third Screen - Upload Supporting Doc- Preview/Supporting Doc Please Select Drop Down' is clicked on

2018-12-04 11:25:54 - [TEST_STEP][PASSED] - delay: Delayed 2 second(s)

2018-12-04 11:25:56 - [MESSAGE][PASSED] - Delayed 2 second(s)

2018-12-04 11:25:56 - [TEST_STEP][PASSED] - click: Object: 'Object Repository/Final Object Repo/New Registration - Registration Module Pages/Third Screen - Upload Supporting Doc- Preview/Select to Upload Form 1' is clicked on

2018-12-04 11:25:56 - [MESSAGE][PASSED] - Object: 'Object Repository/Final Object Repo/New Registration - Registration Module Pages/Third Screen - Upload Supporting Doc- Preview/Select to Upload Form 1' is clicked on

2018-12-04 11:25:56 - [TEST_STEP][PASSED] - delay: Delayed 2 second(s)

2018-12-04 11:25:58 - [MESSAGE][PASSED] - Delayed 2 second(s)

2018-12-04 11:25:58 - [TEST_STEP][PASSED] - uploadFile: File 'C:\Users\Public\Pictures\Sample Pictures\Koala.jpg' sent to object: 'Object Repository/Final Object Repo/New Registration - Registration Module Pages/Third Screen - Upload Supporting Doc- Preview/Upload File Adding'

2018-12-04 11:25:58 - [MESSAGE][PASSED] - File 'C:\Users\Public\Pictures\Sample Pictures\Koala.jpg' sent to object: 'Object Repository/Final Object Repo/New Registration - Registration Module Pages/Third Screen - Upload Supporting Doc- Preview/Upload File Adding'

2018-12-04 11:25:58 - [TEST_STEP][PASSED] - delay: Delayed 5 second(s)

2018-12-04 11:26:03 - [MESSAGE][PASSED] - Delayed 5 second(s)

2018-12-04 11:26:03 - [TEST_STEP][PASSED] - click: Object: 'Object Repository/Final Object Repo/New Registration - Registration Module Pages/Third Screen - Upload Supporting Doc- Preview/Inner Form Add Document Button' is clicked on

2018-12-04 11:26:04 - [MESSAGE][PASSED] - Object: 'Object Repository/Final Object Repo/New Registration - Registration Module Pages/Third Screen - Upload Supporting Doc- Preview/Inner Form Add Document Button' is clicked on

2018-12-04 11:26:04 - [TEST_STEP][PASSED] - delay: Delayed 3 second(s)

2018-12-04 11:26:07 - [MESSAGE][PASSED] - Delayed 3 second(s)

2018-12-04 11:26:07 - [TEST_STEP][PASSED] - click: Object: 'Object Repository/Final Object Repo/New Registration - Registration Module Pages/Third Screen - Upload Supporting Doc- Preview/Add Document Button' is clicked on

2018-12-04 11:26:08 - [MESSAGE][PASSED] - Object: 'Object Repository/Final Object Repo/New Registration - Registration Module Pages/Third Screen - Upload Supporting Doc- Preview/Add Document Button' is clicked on

2018-12-04 11:26:08 - [TEST_STEP][PASSED] - delay: Delayed 30 second(s)

2018-12-04 11:26:38 - [MESSAGE][PASSED] - Delayed 30 second(s)

2018-12-04 11:26:38 - [TEST_STEP][PASSED] - click: Object: 'Object Repository/Final Object Repo/New Registration - Registration Module Pages/Third Screen - Upload Supporting Doc- Preview/Supporting Doc Please Select Drop Down' is clicked on

2018-12-04 11:26:38 - [MESSAGE][PASSED] - Object: 'Object Repository/Final Object Repo/New Registration - Registration Module Pages/Third Screen - Upload Supporting Doc- Preview/Supporting Doc Please Select Drop Down' is clicked on

2018-12-04 11:26:38 - [TEST_STEP][PASSED] - delay: Delayed 2 second(s)

2018-12-04 11:26:40 - [MESSAGE][PASSED] - Delayed 2 second(s)

2018-12-04 11:26:40 - [TEST_STEP][PASSED] - click: Object: 'Object Repository/Final Object Repo/New Registration - Registration Module Pages/Third Screen - Upload Supporting Doc- Preview/Select to Upload Form 2' is clicked on

2018-12-04 11:26:40 - [MESSAGE][PASSED] - Object: 'Object Repository/Final Object Repo/New Registration - Registration Module Pages/Third Screen - Upload Supporting Doc- Preview/Select to Upload Form 2' is clicked on

2018-12-04 11:26:40 - [TEST_STEP][PASSED] - delay: Delayed 2 second(s)

2018-12-04 11:26:42 - [MESSAGE][PASSED] - Delayed 2 second(s)

2018-12-04 11:26:42 - [TEST_STEP][PASSED] - uploadFile: File 'C:\Users\Public\Pictures\Sample Pictures\Koala.jpg' sent to object: 'Object Repository/Final Object Repo/New Registration - Registration Module Pages/Third Screen - Upload Supporting Doc- Preview/Upload File Adding'

2018-12-04 11:26:42 - [MESSAGE][PASSED] - File 'C:\Users\Public\Pictures\Sample Pictures\Koala.jpg' sent to object: 'Object Repository/Final Object Repo/New Registration - Registration Module Pages/Third Screen - Upload Supporting Doc- Preview/Upload File Adding'

2018-12-04 11:26:42 - [TEST_STEP][PASSED] - click: Object: 'Object Repository/Final Object Repo/New Registration - Registration Module Pages/Third Screen - Upload Supporting Doc- Preview/Inner Form Add Document Button' is clicked on

2018-12-04 11:26:43 - [MESSAGE][PASSED] - Object: 'Object Repository/Final Object Repo/New Registration - Registration Module Pages/Third Screen - Upload Supporting Doc- Preview/Inner Form Add Document Button' is clicked on

2018-12-04 11:26:43 - [TEST_STEP][PASSED] - delay: Delayed 5 second(s)

2018-12-04 11:26:48 - [MESSAGE][PASSED] - Delayed 5 second(s)

2018-12-04 11:26:48 - [TEST_STEP][PASSED] - click: Object: 'Object Repository/Final Object Repo/New Registration - Registration Module Pages/Third Screen - Upload Supporting Doc- Preview/Add Document Button' is clicked on

2018-12-04 11:26:48 - [MESSAGE][PASSED] - Object: 'Object Repository/Final Object Repo/New Registration - Registration Module Pages/Third Screen - Upload Supporting Doc- Preview/Add Document Button' is clicked on

2018-12-04 11:26:48 - [TEST_STEP][PASSED] - delay: Delayed 30 second(s)

2018-12-04 11:27:18 - [MESSAGE][PASSED] - Delayed 30 second(s)

2018-12-04 11:27:18 - [TEST_STEP][PASSED] - click: Object: 'Object Repository/Final Object Repo/New Registration - Registration Module Pages/Third Screen - Upload Supporting Doc- Preview/Supporting Doc Please Select Drop Down' is clicked on

2018-12-04 11:27:18 - [MESSAGE][PASSED] - Object: 'Object Repository/Final Object Repo/New Registration - Registration Module Pages/Third Screen - Upload Supporting Doc- Preview/Supporting Doc Please Select Drop Down' is clicked on

2018-12-04 11:27:18 - [TEST_STEP][PASSED] - click: Object: 'Object Repository/Final Object Repo/New Registration - Registration Module Pages/Third Screen - Upload Supporting Doc- Preview/Select to Upload Borang SIP 1' is clicked on

2018-12-04 11:27:18 - [MESSAGE][PASSED] - Object: 'Object Repository/Final Object Repo/New Registration - Registration Module Pages/Third Screen - Upload Supporting Doc- Preview/Select to Upload Borang SIP 1' is clicked on

2018-12-04 11:27:18 - [TEST_STEP][PASSED] - delay: Delayed 2 second(s)

2018-12-04 11:27:20 - [MESSAGE][PASSED] - Delayed 2 second(s)

2018-12-04 11:27:20 - [TEST_STEP][PASSED] - uploadFile: File 'C:\Users\Public\Pictures\Sample Pictures\Koala.jpg' sent to object: 'Object Repository/Final Object Repo/New Registration - Registration Module Pages/Third Screen - Upload Supporting Doc- Preview/Upload File Adding'

2018-12-04 11:27:20 - [MESSAGE][PASSED] - File 'C:\Users\Public\Pictures\Sample Pictures\Koala.jpg' sent to object: 'Object Repository/Final Object Repo/New Registration - Registration Module Pages/Third Screen - Upload Supporting Doc- Preview/Upload File Adding'

2018-12-04 11:27:20 - [TEST_STEP][PASSED] - click: Object: 'Object Repository/Final Object Repo/New Registration - Registration Module Pages/Third Screen - Upload Supporting Doc- Preview/Inner Form Add Document Button' is clicked on

2018-12-04 11:27:20 - [MESSAGE][PASSED] - Object: 'Object Repository/Final Object Repo/New Registration - Registration Module Pages/Third Screen - Upload Supporting Doc- Preview/Inner Form Add Document Button' is clicked on

2018-12-04 11:27:20 - [TEST_STEP][PASSED] - delay: Delayed 5 second(s)

2018-12-04 11:27:25 - [MESSAGE][PASSED] - Delayed 5 second(s)

2018-12-04 11:27:25 - [TEST_STEP][PASSED] - click: Object: 'Object Repository/Final Object Repo/New Registration - Registration Module Pages/Third Screen - Upload Supporting Doc- Preview/Add Document Button' is clicked on

2018-12-04 11:27:26 - [MESSAGE][PASSED] - Object: 'Object Repository/Final Object Repo/New Registration - Registration Module Pages/Third Screen - Upload Supporting Doc- Preview/Add Document Button' is clicked on

2018-12-04 11:27:26 - [TEST_STEP][PASSED] - delay: Delayed 30 second(s)

2018-12-04 11:27:56 - [MESSAGE][PASSED] - Delayed 30 second(s)

2018-12-04 11:27:56 - [TEST_STEP][PASSED] - click: Object: 'Object Repository/Final Object Repo/New Registration - Registration Module Pages/Third Screen - Upload Supporting Doc- Preview/Supporting Doc Please Select Drop Down' is clicked on

2018-12-04 11:27:56 - [MESSAGE][PASSED] - Object: 'Object Repository/Final Object Repo/New Registration - Registration Module Pages/Third Screen - Upload Supporting Doc- Preview/Supporting Doc Please Select Drop Down' is clicked on

2018-12-04 11:27:56 - [TEST_STEP][PASSED] - delay: Delayed 3 second(s)

2018-12-04 11:27:59 - [MESSAGE][PASSED] - Delayed 3 second(s)

2018-12-04 11:27:59 - [TEST_STEP][PASSED] - click: Object: 'Object Repository/Final Object Repo/New Registration - Registration Module Pages/Third Screen - Upload Supporting Doc- Preview/Select to Upload Borang SIP 2' is clicked on

2018-12-04 11:27:59 - [MESSAGE][PASSED] - Object: 'Object Repository/Final Object Repo/New Registration - Registration Module Pages/Third Screen - Upload Supporting Doc- Preview/Select to Upload Borang SIP 2' is clicked on

2018-12-04 11:27:59 - [TEST_STEP][PASSED] - delay: Delayed 2 second(s)

2018-12-04 11:28:01 - [MESSAGE][PASSED] - Delayed 2 second(s)

2018-12-04 11:28:01 - [TEST_STEP][PASSED] - uploadFile: File 'C:\Users\Public\Pictures\Sample Pictures\Koala.jpg' sent to object: 'Object Repository/Final Object Repo/New Registration - Registration Module Pages/Third Screen - Upload Supporting Doc- Preview/Upload File Adding'

2018-12-04 11:28:01 - [MESSAGE][PASSED] - File 'C:\Users\Public\Pictures\Sample Pictures\Koala.jpg' sent to object: 'Object Repository/Final Object Repo/New Registration - Registration Module Pages/Third Screen - Upload Supporting Doc- Preview/Upload File Adding'

2018-12-04 11:28:01 - [TEST_STEP][PASSED] - delay: Delayed 5 second(s)

2018-12-04 11:28:06 - [MESSAGE][PASSED] - Delayed 5 second(s)

2018-12-04 11:28:06 - [TEST_STEP][PASSED] - click: Object: 'Object Repository/Final Object Repo/New Registration - Registration Module Pages/Third Screen - Upload Supporting Doc- Preview/Inner Form Add Document Button' is clicked on

2018-12-04 11:28:06 - [MESSAGE][PASSED] - Object: 'Object Repository/Final Object Repo/New Registration - Registration Module Pages/Third Screen - Upload Supporting Doc- Preview/Inner Form Add Document Button' is clicked on

2018-12-04 11:28:06 - [TEST_STEP][PASSED] - delay: Delayed 3 second(s)

2018-12-04 11:28:09 - [MESSAGE][PASSED] - Delayed 3 second(s)

2018-12-04 11:28:09 - [TEST_STEP][PASSED] - waitForElementClickable: Object 'Object Repository/Final Object Repo/New Registration - Registration Module Pages/Third Screen - Upload Supporting Doc- Preview/Save n Continue in Uploading Supporting Doc Page' is clickable

2018-12-04 11:28:10 - [MESSAGE][PASSED] - Object 'Object Repository/Final Object Repo/New Registration - Registration Module Pages/Third Screen - Upload Supporting Doc- Preview/Save n Continue in Uploading Supporting Doc Page' is clickable

2018-12-04 11:28:10 - [TEST_STEP][PASSED] - click: Object: 'Object Repository/Final Object Repo/New Registration - Registration Module Pages/Third Screen - Upload Supporting Doc- Preview/Save n Continue in Uploading Supporting Doc Page' is clicked on

2018-12-04 11:28:11 - [MESSAGE][PASSED] - Object: 'Object Repository/Final Object Repo/New Registration - Registration Module Pages/Third Screen - Upload Supporting Doc- Preview/Save n Continue in Uploading Supporting Doc Page' is clicked on

2018-12-04 11:28:11 - [MESSAGE][PASSED] - Call Test Case 'Test Cases/Final Aug 2018 - PKS Automation/Registration Module/New Registration/Flow of New Registration/Third Screen - Upload Supporting Doc - Preview' successfully

2018-12-04 11:28:11 - [TEST_STEP][PASSED] - setText: Text 'Tester' is set on object 'Object Repository/Final Object Repo/New Registration - Registration Module Pages/New Reg - OTC to RO/Special Case - All Related Objects/Employer Preview Name'

2018-12-04 11:28:15 - [MESSAGE][PASSED] - Text 'Tester' is set on object 'Object Repository/Final Object Repo/New Registration - Registration Module Pages/New Reg - OTC to RO/Special Case - All Related Objects/Employer Preview Name'

2018-12-04 11:28:15 - [TEST_STEP][PASSED] - click: Object: 'Object Repository/Final Object Repo/New Registration - Registration Module Pages/New Reg - OTC to RO/Special Case - All Related Objects/IC Type Drop Down' is clicked on

2018-12-04 11:28:16 - [MESSAGE][PASSED] - Object: 'Object Repository/Final Object Repo/New Registration - Registration Module Pages/New Reg - OTC to RO/Special Case - All Related Objects/IC Type Drop Down' is clicked on

2018-12-04 11:28:16 - [TEST_STEP][PASSED] - click: Object: 'Object Repository/Final Object Repo/New Registration - Registration Module Pages/New Reg - OTC to RO/Special Case - All Related Objects/Select to NRIC' is clicked on

2018-12-04 11:28:16 - [MESSAGE][PASSED] - Object: 'Object Repository/Final Object Repo/New Registration - Registration Module Pages/New Reg - OTC to RO/Special Case - All Related Objects/Select to NRIC' is clicked on

2018-12-04 11:28:16 - [TEST_STEP][PASSED] - setText: Text '133245561223' is set on object 'Object Repository/Final Object Repo/New Registration - Registration Module Pages/New Reg - OTC to RO/Special Case - All Related Objects/IC Value'

2018-12-04 11:28:16 - [MESSAGE][PASSED] - Text '133245561223' is set on object 'Object Repository/Final Object Repo/New Registration - Registration Module Pages/New Reg - OTC to RO/Special Case - All Related Objects/IC Value'

2018-12-04 11:28:16 - [TEST_STEP][PASSED] - setText: Text 'Auto' is set on object 'Object Repository/Final Object Repo/New Registration - Registration Module Pages/New Reg - OTC to RO/Special Case - All Related Objects/Designation'

2018-12-04 11:28:16 - [MESSAGE][PASSED] - Text 'Auto' is set on object 'Object Repository/Final Object Repo/New Registration - Registration Module Pages/New Reg - OTC to RO/Special Case - All Related Objects/Designation'

2018-12-04 11:28:16 - [TEST_STEP][PASSED] - callTestCase: Call Test Case 'Test Cases/Final Aug 2018 - PKS Automation/Registration Module/New Registration/Submit and Screenshot/Submit Registration and Screenshot' successfully

2018-12-04 11:28:16 - [TEST_CASE][PASSED] - Test Cases/Final Aug 2018 - PKS Automation/Registration Module/New Registration/Submit and Screenshot/Submit Registration and Screenshot: Test Cases/Final Aug 2018 - PKS Automation/Registration Module/New Registration/Submit and Screenshot/Submit Registration and Screenshot

2018-12-04 11:28:16 - [TEST_STEP][PASSED] - delay: Delayed 6 second(s)

2018-12-04 11:28:22 - [MESSAGE][PASSED] - Delayed 6 second(s)

2018-12-04 11:28:22 - [TEST_STEP][PASSED] - click: Object: 'Object Repository/Final Object Repo/New Registration - Registration Module Pages/Third Screen - Upload Supporting Doc- Preview/Preview Submit Button' is clicked on

2018-12-04 11:28:23 - [MESSAGE][PASSED] - Object: 'Object Repository/Final Object Repo/New Registration - Registration Module Pages/Third Screen - Upload Supporting Doc- Preview/Preview Submit Button' is clicked on

2018-12-04 11:28:23 - [TEST_STEP][PASSED] - delay: Delayed 2 second(s)

2018-12-04 11:28:25 - [MESSAGE][PASSED] - Delayed 2 second(s)

2018-12-04 11:28:25 - [TEST_STEP][PASSED] - click: Object: 'Object Repository/Final Object Repo/New Registration - Registration Module Pages/Third Screen - Upload Supporting Doc- Preview/Preview Submit - Confirm' is clicked on

2018-12-04 11:28:25 - [MESSAGE][PASSED] - Object: 'Object Repository/Final Object Repo/New Registration - Registration Module Pages/Third Screen - Upload Supporting Doc- Preview/Preview Submit - Confirm' is clicked on

2018-12-04 11:28:25 - [TEST_STEP][PASSED] - delay: Delayed 15 second(s)

2018-12-04 11:28:40 - [MESSAGE][PASSED] - Delayed 15 second(s)

2018-12-04 11:28:40 - [TEST_STEP][PASSED] - Statement - driver = com.kms.katalon.core.webui.driver.DriverFactory.getWebDriver(): null

2018-12-04 11:28:40 - [TEST_STEP][PASSED] - Statement - driver.manage().timeouts().implicitlyWait(10, SECONDS): null

2018-12-04 11:28:40 - [TEST_STEP][PASSED] - Statement - PresavePath = KatalonScreenshots: null

2018-12-04 11:28:40 - [TEST_STEP][PASSED] - Statement - pathPrefix = "C:\Users\Public\Pictures\Sample Pictures\Katalon Screenshots\Automate Ending Screen": null

2018-12-04 11:28:40 - [TEST_STEP][PASSED] - Statement - finalPath = <not implemented yet for class: org.codehaus.groovy.ast.expr.EmptyExpression>: null

2018-12-04 11:28:40 - [TEST_STEP][PASSED] - Statement - scrFile = driver.getScreenshotAs(FILE): null

2018-12-04 11:28:40 - [TEST_STEP][PASSED] - Statement - PreSaveFile = new java.io.File(PresavePath): null

2018-12-04 11:28:40 - [TEST_STEP][PASSED] - Statement - counter = 0: null

2018-12-04 11:28:40 - [TEST_STEP][PASSED] - Statement - If (PreSaveFile.exists()): null

2018-12-04 11:28:40 - [TEST_STEP][PASSED] - Statement - While (PreSaveFile.exists()): null

2018-12-04 11:28:40 - [TEST_STEP][PASSED] - Statement - counter = counter + 1: null

2018-12-04 11:28:40 - [TEST_STEP][PASSED] - Statement - PreSaveFile = new java.io.File(((pathPrefix + java.lang.Integer.toString(counter)) + .png)): null

2018-12-04 11:28:40 - [TEST_STEP][PASSED] - Statement - counter = counter + 1: null

2018-12-04 11:28:40 - [TEST_STEP][PASSED] - Statement - PreSaveFile = new java.io.File(((pathPrefix + java.lang.Integer.toString(counter)) + .png)): null

2018-12-04 11:28:40 - [TEST_STEP][PASSED] - Statement - counter = counter + 1: null

2018-12-04 11:28:40 - [TEST_STEP][PASSED] - Statement - PreSaveFile = new java.io.File(((pathPrefix + java.lang.Integer.toString(counter)) + .png)): null

2018-12-04 11:28:40 - [TEST_STEP][PASSED] - Statement - counter = counter + 1: null

2018-12-04 11:28:40 - [TEST_STEP][PASSED] - Statement - PreSaveFile = new java.io.File(((pathPrefix + java.lang.Integer.toString(counter)) + .png)): null

2018-12-04 11:28:40 - [TEST_STEP][PASSED] - Statement - counter = counter + 1: null

2018-12-04 11:28:40 - [TEST_STEP][PASSED] - Statement - PreSaveFile = new java.io.File(((pathPrefix + java.lang.Integer.toString(counter)) + .png)): null

2018-12-04 11:28:40 - [TEST_STEP][PASSED] - Statement - counter = counter + 1: null

2018-12-04 11:28:40 - [TEST_STEP][PASSED] - Statement - PreSaveFile = new java.io.File(((pathPrefix + java.lang.Integer.toString(counter)) + .png)): null

2018-12-04 11:28:40 - [TEST_STEP][PASSED] - Statement - counter = counter + 1: null

2018-12-04 11:28:40 - [TEST_STEP][PASSED] - Statement - PreSaveFile = new java.io.File(((pathPrefix + java.lang.Integer.toString(counter)) + .png)): null

2018-12-04 11:28:40 - [TEST_STEP][PASSED] - Statement - counter = counter + 1: null

2018-12-04 11:28:41 - [TEST_STEP][PASSED] - Statement - PreSaveFile = new java.io.File(((pathPrefix + java.lang.Integer.toString(counter)) + .png)): null

2018-12-04 11:28:41 - [TEST_STEP][PASSED] - Statement - counter = counter + 1: null

2018-12-04 11:28:41 - [TEST_STEP][PASSED] - Statement - PreSaveFile = new java.io.File(((pathPrefix + java.lang.Integer.toString(counter)) + .png)): null

2018-12-04 11:28:41 - [TEST_STEP][PASSED] - Statement - counter = counter + 1: null

2018-12-04 11:28:41 - [TEST_STEP][PASSED] - Statement - PreSaveFile = new java.io.File(((pathPrefix + java.lang.Integer.toString(counter)) + .png)): null

2018-12-04 11:28:41 - [TEST_STEP][PASSED] - Statement - counter = counter + 1: null

2018-12-04 11:28:41 - [TEST_STEP][PASSED] - Statement - PreSaveFile = new java.io.File(((pathPrefix + java.lang.Integer.toString(counter)) + .png)): null

2018-12-04 11:28:41 - [TEST_STEP][PASSED] - Statement - counter = counter + 1: null

2018-12-04 11:28:41 - [TEST_STEP][PASSED] - Statement - PreSaveFile = new java.io.File(((pathPrefix + java.lang.Integer.toString(counter)) + .png)): null

2018-12-04 11:28:41 - [TEST_STEP][PASSED] - Statement - counter = counter + 1: null

2018-12-04 11:28:41 - [TEST_STEP][PASSED] - Statement - PreSaveFile = new java.io.File(((pathPrefix + java.lang.Integer.toString(counter)) + .png)): null

2018-12-04 11:28:41 - [TEST_STEP][PASSED] - Statement - counter = counter + 1: null

2018-12-04 11:28:41 - [TEST_STEP][PASSED] - Statement - PreSaveFile = new java.io.File(((pathPrefix + java.lang.Integer.toString(counter)) + .png)): null

2018-12-04 11:28:41 - [TEST_STEP][PASSED] - Statement - counter = counter + 1: null

2018-12-04 11:28:41 - [TEST_STEP][PASSED] - Statement - PreSaveFile = new java.io.File(((pathPrefix + java.lang.Integer.toString(counter)) + .png)): null

2018-12-04 11:28:41 - [TEST_STEP][PASSED] - Statement - counter = counter + 1: null

2018-12-04 11:28:41 - [TEST_STEP][PASSED] - Statement - PreSaveFile = new java.io.File(((pathPrefix + java.lang.Integer.toString(counter)) + .png)): null

2018-12-04 11:28:41 - [TEST_STEP][PASSED] - Statement - counter = counter + 1: null

2018-12-04 11:28:41 - [TEST_STEP][PASSED] - Statement - PreSaveFile = new java.io.File(((pathPrefix + java.lang.Integer.toString(counter)) + .png)): null

2018-12-04 11:28:42 - [TEST_STEP][PASSED] - Statement - counter = counter + 1: null

2018-12-04 11:28:42 - [TEST_STEP][PASSED] - Statement - PreSaveFile = new java.io.File(((pathPrefix + java.lang.Integer.toString(counter)) + .png)): null

2018-12-04 11:28:42 - [TEST_STEP][PASSED] - Statement - counter = counter + 1: null

2018-12-04 11:28:43 - [TEST_STEP][PASSED] - Statement - PreSaveFile = new java.io.File(((pathPrefix + java.lang.Integer.toString(counter)) + .png)): null

2018-12-04 11:28:43 - [TEST_STEP][PASSED] - Statement - counter = counter + 1: null

2018-12-04 11:28:43 - [TEST_STEP][PASSED] - Statement - PreSaveFile = new java.io.File(((pathPrefix + java.lang.Integer.toString(counter)) + .png)): null

2018-12-04 11:28:43 - [TEST_STEP][PASSED] - Statement - counter = counter + 1: null

2018-12-04 11:28:43 - [TEST_STEP][PASSED] - Statement - PreSaveFile = new java.io.File(((pathPrefix + java.lang.Integer.toString(counter)) + .png)): null

2018-12-04 11:28:43 - [TEST_STEP][PASSED] - Statement - counter = counter + 1: null

2018-12-04 11:28:43 - [TEST_STEP][PASSED] - Statement - PreSaveFile = new java.io.File(((pathPrefix + java.lang.Integer.toString(counter)) + .png)): null

2018-12-04 11:28:43 - [TEST_STEP][PASSED] - Statement - counter = counter + 1: null

2018-12-04 11:28:43 - [TEST_STEP][PASSED] - Statement - PreSaveFile = new java.io.File(((pathPrefix + java.lang.Integer.toString(counter)) + .png)): null

2018-12-04 11:28:43 - [TEST_STEP][PASSED] - Statement - counter = counter + 1: null

2018-12-04 11:28:43 - [TEST_STEP][PASSED] - Statement - PreSaveFile = new java.io.File(((pathPrefix + java.lang.Integer.toString(counter)) + .png)): null

2018-12-04 11:28:43 - [TEST_STEP][PASSED] - Statement - counter = counter + 1: null

2018-12-04 11:28:43 - [TEST_STEP][PASSED] - Statement - PreSaveFile = new java.io.File(((pathPrefix + java.lang.Integer.toString(counter)) + .png)): null

2018-12-04 11:28:43 - [TEST_STEP][PASSED] - Statement - counter = counter + 1: null

2018-12-04 11:28:43 - [TEST_STEP][PASSED] - Statement - PreSaveFile = new java.io.File(((pathPrefix + java.lang.Integer.toString(counter)) + .png)): null

2018-12-04 11:28:43 - [TEST_STEP][PASSED] - Statement - counter = counter + 1: null

2018-12-04 11:28:43 - [TEST_STEP][PASSED] - Statement - PreSaveFile = new java.io.File(((pathPrefix + java.lang.Integer.toString(counter)) + .png)): null

2018-12-04 11:28:43 - [TEST_STEP][PASSED] - Statement - counter = counter + 1: null

2018-12-04 11:28:43 - [TEST_STEP][PASSED] - Statement - PreSaveFile = new java.io.File(((pathPrefix + java.lang.Integer.toString(counter)) + .png)): null

2018-12-04 11:28:44 - [TEST_STEP][PASSED] - Statement - counter = counter + 1: null

2018-12-04 11:28:44 - [TEST_STEP][PASSED] - Statement - PreSaveFile = new java.io.File(((pathPrefix + java.lang.Integer.toString(counter)) + .png)): null

2018-12-04 11:28:44 - [TEST_STEP][PASSED] - Statement - counter = counter + 1: null

2018-12-04 11:28:44 - [TEST_STEP][PASSED] - Statement - PreSaveFile = new java.io.File(((pathPrefix + java.lang.Integer.toString(counter)) + .png)): null

2018-12-04 11:28:44 - [TEST_STEP][PASSED] - Statement - counter = counter + 1: null

2018-12-04 11:28:44 - [TEST_STEP][PASSED] - Statement - PreSaveFile = new java.io.File(((pathPrefix + java.lang.Integer.toString(counter)) + .png)): null

2018-12-04 11:28:44 - [TEST_STEP][PASSED] - Statement - counter = counter + 1: null

2018-12-04 11:28:44 - [TEST_STEP][PASSED] - Statement - PreSaveFile = new java.io.File(((pathPrefix + java.lang.Integer.toString(counter)) + .png)): null

2018-12-04 11:28:44 - [TEST_STEP][PASSED] - Statement - counter = counter + 1: null

2018-12-04 11:28:45 - [TEST_STEP][PASSED] - Statement - PreSaveFile = new java.io.File(((pathPrefix + java.lang.Integer.toString(counter)) + .png)): null

2018-12-04 11:28:45 - [TEST_STEP][PASSED] - Statement - counter = counter + 1: null

2018-12-04 11:28:45 - [TEST_STEP][PASSED] - Statement - PreSaveFile = new java.io.File(((pathPrefix + java.lang.Integer.toString(counter)) + .png)): null

2018-12-04 11:28:45 - [TEST_STEP][PASSED] - Statement - counter = counter + 1: null

2018-12-04 11:28:45 - [TEST_STEP][PASSED] - Statement - PreSaveFile = new java.io.File(((pathPrefix + java.lang.Integer.toString(counter)) + .png)): null

2018-12-04 11:28:45 - [TEST_STEP][PASSED] - Statement - counter = counter + 1: null

2018-12-04 11:28:45 - [TEST_STEP][PASSED] - Statement - PreSaveFile = new java.io.File(((pathPrefix + java.lang.Integer.toString(counter)) + .png)): null

2018-12-04 11:28:45 - [TEST_STEP][PASSED] - Statement - counter = counter + 1: null

2018-12-04 11:28:45 - [TEST_STEP][PASSED] - Statement - PreSaveFile = new java.io.File(((pathPrefix + java.lang.Integer.toString(counter)) + .png)): null

2018-12-04 11:28:45 - [TEST_STEP][PASSED] - Statement - counter = counter + 1: null

2018-12-04 11:28:47 - [TEST_STEP][PASSED] - Statement - PreSaveFile = new java.io.File(((pathPrefix + java.lang.Integer.toString(counter)) + .png)): null

2018-12-04 11:28:47 - [TEST_STEP][PASSED] - Statement - counter = counter + 1: null

2018-12-04 11:28:47 - [TEST_STEP][PASSED] - Statement - PreSaveFile = new java.io.File(((pathPrefix + java.lang.Integer.toString(counter)) + .png)): null

2018-12-04 11:28:47 - [TEST_STEP][PASSED] - Statement - counter = counter + 1: null

2018-12-04 11:28:47 - [TEST_STEP][PASSED] - Statement - PreSaveFile = new java.io.File(((pathPrefix + java.lang.Integer.toString(counter)) + .png)): null

2018-12-04 11:28:47 - [TEST_STEP][PASSED] - Statement - counter = counter + 1: null

2018-12-04 11:28:47 - [TEST_STEP][PASSED] - Statement - PreSaveFile = new java.io.File(((pathPrefix + java.lang.Integer.toString(counter)) + .png)): null

2018-12-04 11:28:47 - [TEST_STEP][PASSED] - Statement - counter = counter + 1: null

2018-12-04 11:28:47 - [TEST_STEP][PASSED] - Statement - PreSaveFile = new java.io.File(((pathPrefix + java.lang.Integer.toString(counter)) + .png)): null

2018-12-04 11:28:47 - [TEST_STEP][PASSED] - Statement - counter = counter + 1: null

2018-12-04 11:28:48 - [TEST_STEP][PASSED] - Statement - PreSaveFile = new java.io.File(((pathPrefix + java.lang.Integer.toString(counter)) + .png)): null

2018-12-04 11:28:48 - [TEST_STEP][PASSED] - Statement - counter = counter + 1: null

2018-12-04 11:28:48 - [TEST_STEP][PASSED] - Statement - PreSaveFile = new java.io.File(((pathPrefix + java.lang.Integer.toString(counter)) + .png)): null

2018-12-04 11:28:48 - [TEST_STEP][PASSED] - Statement - counter = counter + 1: null

2018-12-04 11:28:48 - [TEST_STEP][PASSED] - Statement - PreSaveFile = new java.io.File(((pathPrefix + java.lang.Integer.toString(counter)) + .png)): null

2018-12-04 11:28:48 - [TEST_STEP][PASSED] - Statement - counter = counter + 1: null

2018-12-04 11:28:48 - [TEST_STEP][PASSED] - Statement - PreSaveFile = new java.io.File(((pathPrefix + java.lang.Integer.toString(counter)) + .png)): null

2018-12-04 11:28:48 - [TEST_STEP][PASSED] - Statement - counter = counter + 1: null

2018-12-04 11:28:48 - [TEST_STEP][PASSED] - Statement - PreSaveFile = new java.io.File(((pathPrefix + java.lang.Integer.toString(counter)) + .png)): null

2018-12-04 11:28:50 - [TEST_STEP][PASSED] - Statement - counter = counter + 1: null

2018-12-04 11:28:50 - [TEST_STEP][PASSED] - Statement - PreSaveFile = new java.io.File(((pathPrefix + java.lang.Integer.toString(counter)) + .png)): null

2018-12-04 11:28:50 - [TEST_STEP][PASSED] - Statement - counter = counter + 1: null

2018-12-04 11:28:50 - [TEST_STEP][PASSED] - Statement - PreSaveFile = new java.io.File(((pathPrefix + java.lang.Integer.toString(counter)) + .png)): null

2018-12-04 11:28:50 - [TEST_STEP][PASSED] - Statement - counter = counter + 1: null

2018-12-04 11:28:50 - [TEST_STEP][PASSED] - Statement - PreSaveFile = new java.io.File(((pathPrefix + java.lang.Integer.toString(counter)) + .png)): null

2018-12-04 11:28:50 - [TEST_STEP][PASSED] - Statement - counter = counter + 1: null

2018-12-04 11:28:50 - [TEST_STEP][PASSED] - Statement - PreSaveFile = new java.io.File(((pathPrefix + java.lang.Integer.toString(counter)) + .png)): null

2018-12-04 11:28:50 - [TEST_STEP][PASSED] - Statement - counter = counter + 1: null

2018-12-04 11:28:51 - [TEST_STEP][PASSED] - Statement - PreSaveFile = new java.io.File(((pathPrefix + java.lang.Integer.toString(counter)) + .png)): null

2018-12-04 11:28:51 - [TEST_STEP][PASSED] - Statement - counter = counter + 1: null

2018-12-04 11:28:51 - [TEST_STEP][PASSED] - Statement - PreSaveFile = new java.io.File(((pathPrefix + java.lang.Integer.toString(counter)) + .png)): null

2018-12-04 11:28:51 - [TEST_STEP][PASSED] - Statement - counter = counter + 1: null

2018-12-04 11:28:51 - [TEST_STEP][PASSED] - Statement - PreSaveFile = new java.io.File(((pathPrefix + java.lang.Integer.toString(counter)) + .png)): null

2018-12-04 11:28:51 - [TEST_STEP][PASSED] - Statement - counter = counter + 1: null

2018-12-04 11:28:51 - [TEST_STEP][PASSED] - Statement - PreSaveFile = new java.io.File(((pathPrefix + java.lang.Integer.toString(counter)) + .png)): null

2018-12-04 11:28:51 - [TEST_STEP][PASSED] - Statement - counter = counter + 1: null

2018-12-04 11:28:51 - [TEST_STEP][PASSED] - Statement - PreSaveFile = new java.io.File(((pathPrefix + java.lang.Integer.toString(counter)) + .png)): null

2018-12-04 11:28:51 - [TEST_STEP][PASSED] - Statement - counter = counter + 1: null

2018-12-04 11:28:53 - [TEST_STEP][PASSED] - Statement - PreSaveFile = new java.io.File(((pathPrefix + java.lang.Integer.toString(counter)) + .png)): null

2018-12-04 11:28:53 - [TEST_STEP][PASSED] - Statement - counter = counter + 1: null

2018-12-04 11:28:53 - [TEST_STEP][PASSED] - Statement - PreSaveFile = new java.io.File(((pathPrefix + java.lang.Integer.toString(counter)) + .png)): null

2018-12-04 11:28:53 - [TEST_STEP][PASSED] - Statement - counter = counter + 1: null

2018-12-04 11:28:53 - [TEST_STEP][PASSED] - Statement - PreSaveFile = new java.io.File(((pathPrefix + java.lang.Integer.toString(counter)) + .png)): null

2018-12-04 11:28:53 - [TEST_STEP][PASSED] - Statement - counter = counter + 1: null

2018-12-04 11:28:53 - [TEST_STEP][PASSED] - Statement - PreSaveFile = new java.io.File(((pathPrefix + java.lang.Integer.toString(counter)) + .png)): null

2018-12-04 11:28:53 - [TEST_STEP][PASSED] - Statement - counter = counter + 1: null

2018-12-04 11:28:53 - [TEST_STEP][PASSED] - Statement - PreSaveFile = new java.io.File(((pathPrefix + java.lang.Integer.toString(counter)) + .png)): null

2018-12-04 11:28:53 - [TEST_STEP][PASSED] - Statement - counter = counter + 1: null

2018-12-04 11:28:54 - [TEST_STEP][PASSED] - Statement - PreSaveFile = new java.io.File(((pathPrefix + java.lang.Integer.toString(counter)) + .png)): null

2018-12-04 11:28:54 - [TEST_STEP][PASSED] - Statement - counter = counter + 1: null

2018-12-04 11:28:54 - [TEST_STEP][PASSED] - Statement - PreSaveFile = new java.io.File(((pathPrefix + java.lang.Integer.toString(counter)) + .png)): null

2018-12-04 11:28:54 - [TEST_STEP][PASSED] - Statement - counter = counter + 1: null

2018-12-04 11:28:54 - [TEST_STEP][PASSED] - Statement - PreSaveFile = new java.io.File(((pathPrefix + java.lang.Integer.toString(counter)) + .png)): null

2018-12-04 11:28:54 - [TEST_STEP][PASSED] - Statement - counter = counter + 1: null

2018-12-04 11:28:54 - [TEST_STEP][PASSED] - Statement - PreSaveFile = new java.io.File(((pathPrefix + java.lang.Integer.toString(counter)) + .png)): null

2018-12-04 11:28:54 - [TEST_STEP][PASSED] - Statement - counter = counter + 1: null

2018-12-04 11:28:54 - [TEST_STEP][PASSED] - Statement - PreSaveFile = new java.io.File(((pathPrefix + java.lang.Integer.toString(counter)) + .png)): null

2018-12-04 11:28:54 - [TEST_STEP][PASSED] - Statement - counter = counter + 1: null

2018-12-04 11:28:55 - [TEST_STEP][PASSED] - Statement - PreSaveFile = new java.io.File(((pathPrefix + java.lang.Integer.toString(counter)) + .png)): null

2018-12-04 11:28:55 - [TEST_STEP][PASSED] - Statement - counter = counter + 1: null

2018-12-04 11:28:55 - [TEST_STEP][PASSED] - Statement - PreSaveFile = new java.io.File(((pathPrefix + java.lang.Integer.toString(counter)) + .png)): null

2018-12-04 11:28:55 - [TEST_STEP][PASSED] - Statement - counter = counter + 1: null

2018-12-04 11:28:55 - [TEST_STEP][PASSED] - Statement - PreSaveFile = new java.io.File(((pathPrefix + java.lang.Integer.toString(counter)) + .png)): null

2018-12-04 11:28:55 - [TEST_STEP][PASSED] - Statement - counter = counter + 1: null

2018-12-04 11:28:55 - [TEST_STEP][PASSED] - Statement - PreSaveFile = new java.io.File(((pathPrefix + java.lang.Integer.toString(counter)) + .png)): null

2018-12-04 11:28:55 - [TEST_STEP][PASSED] - Statement - counter = counter + 1: null

2018-12-04 11:28:55 - [TEST_STEP][PASSED] - Statement - PreSaveFile = new java.io.File(((pathPrefix + java.lang.Integer.toString(counter)) + .png)): null

2018-12-04 11:28:56 - [TEST_STEP][PASSED] - Statement - counter = counter + 1: null

2018-12-04 11:28:56 - [TEST_STEP][PASSED] - Statement - PreSaveFile = new java.io.File(((pathPrefix + java.lang.Integer.toString(counter)) + .png)): null

2018-12-04 11:28:56 - [TEST_STEP][PASSED] - Statement - counter = counter + 1: null

2018-12-04 11:28:56 - [TEST_STEP][PASSED] - Statement - PreSaveFile = new java.io.File(((pathPrefix + java.lang.Integer.toString(counter)) + .png)): null

2018-12-04 11:28:56 - [TEST_STEP][PASSED] - Statement - counter = counter + 1: null

2018-12-04 11:28:56 - [TEST_STEP][PASSED] - Statement - PreSaveFile = new java.io.File(((pathPrefix + java.lang.Integer.toString(counter)) + .png)): null

2018-12-04 11:28:56 - [TEST_STEP][PASSED] - Statement - counter = counter + 1: null

2018-12-04 11:28:56 - [TEST_STEP][PASSED] - Statement - PreSaveFile = new java.io.File(((pathPrefix + java.lang.Integer.toString(counter)) + .png)): null

2018-12-04 11:28:56 - [TEST_STEP][PASSED] - Statement - counter = counter + 1: null

2018-12-04 11:28:57 - [TEST_STEP][PASSED] - Statement - PreSaveFile = new java.io.File(((pathPrefix + java.lang.Integer.toString(counter)) + .png)): null

2018-12-04 11:28:57 - [TEST_STEP][PASSED] - Statement - counter = counter + 1: null

2018-12-04 11:28:57 - [TEST_STEP][PASSED] - Statement - PreSaveFile = new java.io.File(((pathPrefix + java.lang.Integer.toString(counter)) + .png)): null

2018-12-04 11:28:57 - [TEST_STEP][PASSED] - Statement - counter = counter + 1: null

2018-12-04 11:28:57 - [TEST_STEP][PASSED] - Statement - PreSaveFile = new java.io.File(((pathPrefix + java.lang.Integer.toString(counter)) + .png)): null

2018-12-04 11:28:57 - [TEST_STEP][PASSED] - Statement - counter = counter + 1: null

2018-12-04 11:28:57 - [TEST_STEP][PASSED] - Statement - PreSaveFile = new java.io.File(((pathPrefix + java.lang.Integer.toString(counter)) + .png)): null

2018-12-04 11:28:57 - [TEST_STEP][PASSED] - Statement - counter = counter + 1: null

2018-12-04 11:28:57 - [TEST_STEP][PASSED] - Statement - PreSaveFile = new java.io.File(((pathPrefix + java.lang.Integer.toString(counter)) + .png)): null

2018-12-04 11:28:57 - [TEST_STEP][PASSED] - Statement - counter = counter + 1: null

2018-12-04 11:28:59 - [TEST_STEP][PASSED] - Statement - PreSaveFile = new java.io.File(((pathPrefix + java.lang.Integer.toString(counter)) + .png)): null

2018-12-04 11:28:59 - [TEST_STEP][PASSED] - Statement - counter = counter + 1: null

2018-12-04 11:28:59 - [TEST_STEP][PASSED] - Statement - PreSaveFile = new java.io.File(((pathPrefix + java.lang.Integer.toString(counter)) + .png)): null

2018-12-04 11:28:59 - [TEST_STEP][PASSED] - Statement - counter = counter + 1: null

2018-12-04 11:28:59 - [TEST_STEP][PASSED] - Statement - PreSaveFile = new java.io.File(((pathPrefix + java.lang.Integer.toString(counter)) + .png)): null

2018-12-04 11:28:59 - [TEST_STEP][PASSED] - Statement - counter = counter + 1: null

2018-12-04 11:28:59 - [TEST_STEP][PASSED] - Statement - PreSaveFile = new java.io.File(((pathPrefix + java.lang.Integer.toString(counter)) + .png)): null

2018-12-04 11:28:59 - [TEST_STEP][PASSED] - Statement - counter = counter + 1: null

2018-12-04 11:28:59 - [TEST_STEP][PASSED] - Statement - PreSaveFile = new java.io.File(((pathPrefix + java.lang.Integer.toString(counter)) + .png)): null

2018-12-04 11:28:59 - [TEST_STEP][PASSED] - Statement - counter = counter + 1: null

2018-12-04 11:29:00 - [TEST_STEP][PASSED] - Statement - PreSaveFile = new java.io.File(((pathPrefix + java.lang.Integer.toString(counter)) + .png)): null

2018-12-04 11:29:00 - [TEST_STEP][PASSED] - Statement - counter = counter + 1: null

2018-12-04 11:29:00 - [TEST_STEP][PASSED] - Statement - PreSaveFile = new java.io.File(((pathPrefix + java.lang.Integer.toString(counter)) + .png)): null

2018-12-04 11:29:00 - [TEST_STEP][PASSED] - Statement - counter = counter + 1: null

2018-12-04 11:29:00 - [TEST_STEP][PASSED] - Statement - PreSaveFile = new java.io.File(((pathPrefix + java.lang.Integer.toString(counter)) + .png)): null

2018-12-04 11:29:00 - [TEST_STEP][PASSED] - Statement - counter = counter + 1: null

2018-12-04 11:29:00 - [TEST_STEP][PASSED] - Statement - PreSaveFile = new java.io.File(((pathPrefix + java.lang.Integer.toString(counter)) + .png)): null

2018-12-04 11:29:00 - [TEST_STEP][PASSED] - Statement - counter = counter + 1: null

2018-12-04 11:29:00 - [TEST_STEP][PASSED] - Statement - PreSaveFile = new java.io.File(((pathPrefix + java.lang.Integer.toString(counter)) + .png)): null

2018-12-04 11:29:02 - [TEST_STEP][PASSED] - Statement - counter = counter + 1: null

2018-12-04 11:29:02 - [TEST_STEP][PASSED] - Statement - PreSaveFile = new java.io.File(((pathPrefix + java.lang.Integer.toString(counter)) + .png)): null

2018-12-04 11:29:02 - [TEST_STEP][PASSED] - Statement - counter = counter + 1: null

2018-12-04 11:29:02 - [TEST_STEP][PASSED] - Statement - PreSaveFile = new java.io.File(((pathPrefix + java.lang.Integer.toString(counter)) + .png)): null

2018-12-04 11:29:02 - [TEST_STEP][PASSED] - Statement - counter = counter + 1: null

2018-12-04 11:29:02 - [TEST_STEP][PASSED] - Statement - PreSaveFile = new java.io.File(((pathPrefix + java.lang.Integer.toString(counter)) + .png)): null

2018-12-04 11:29:02 - [TEST_STEP][PASSED] - Statement - counter = counter + 1: null

2018-12-04 11:29:02 - [TEST_STEP][PASSED] - Statement - PreSaveFile = new java.io.File(((pathPrefix + java.lang.Integer.toString(counter)) + .png)): null

2018-12-04 11:29:02 - [TEST_STEP][PASSED] - Statement - counter = counter + 1: null

2018-12-04 11:29:02 - [TEST_STEP][PASSED] - Statement - PreSaveFile = new java.io.File(((pathPrefix + java.lang.Integer.toString(counter)) + .png)): null

2018-12-04 11:29:04 - [TEST_STEP][PASSED] - Statement - counter = counter + 1: null

2018-12-04 11:29:04 - [TEST_STEP][PASSED] - Statement - PreSaveFile = new java.io.File(((pathPrefix + java.lang.Integer.toString(counter)) + .png)): null

2018-12-04 11:29:04 - [TEST_STEP][PASSED] - Statement - counter = counter + 1: null

2018-12-04 11:29:04 - [TEST_STEP][PASSED] - Statement - PreSaveFile = new java.io.File(((pathPrefix + java.lang.Integer.toString(counter)) + .png)): null

2018-12-04 11:29:04 - [TEST_STEP][PASSED] - Statement - counter = counter + 1: null

2018-12-04 11:29:04 - [TEST_STEP][PASSED] - Statement - PreSaveFile = new java.io.File(((pathPrefix + java.lang.Integer.toString(counter)) + .png)): null

2018-12-04 11:29:04 - [TEST_STEP][PASSED] - Statement - counter = counter + 1: null

2018-12-04 11:29:04 - [TEST_STEP][PASSED] - Statement - PreSaveFile = new java.io.File(((pathPrefix + java.lang.Integer.toString(counter)) + .png)): null

2018-12-04 11:29:04 - [TEST_STEP][PASSED] - Statement - counter = counter + 1: null

2018-12-04 11:29:05 - [TEST_STEP][PASSED] - Statement - PreSaveFile = new java.io.File(((pathPrefix + java.lang.Integer.toString(counter)) + .png)): null

2018-12-04 11:29:05 - [TEST_STEP][PASSED] - Statement - counter = counter + 1: null

2018-12-04 11:29:05 - [TEST_STEP][PASSED] - Statement - PreSaveFile = new java.io.File(((pathPrefix + java.lang.Integer.toString(counter)) + .png)): null

2018-12-04 11:29:05 - [TEST_STEP][PASSED] - Statement - counter = counter + 1: null

2018-12-04 11:29:05 - [TEST_STEP][PASSED] - Statement - PreSaveFile = new java.io.File(((pathPrefix + java.lang.Integer.toString(counter)) + .png)): null

2018-12-04 11:29:05 - [TEST_STEP][PASSED] - Statement - counter = counter + 1: null

2018-12-04 11:29:05 - [TEST_STEP][PASSED] - Statement - PreSaveFile = new java.io.File(((pathPrefix + java.lang.Integer.toString(counter)) + .png)): null

2018-12-04 11:29:05 - [TEST_STEP][PASSED] - Statement - counter = counter + 1: null

2018-12-04 11:29:05 - [TEST_STEP][PASSED] - Statement - PreSaveFile = new java.io.File(((pathPrefix + java.lang.Integer.toString(counter)) + .png)): null

2018-12-04 11:29:05 - [TEST_STEP][PASSED] - Statement - counter = counter + 1: null

2018-12-04 11:29:07 - [TEST_STEP][PASSED] - Statement - PreSaveFile = new java.io.File(((pathPrefix + java.lang.Integer.toString(counter)) + .png)): null

2018-12-04 11:29:07 - [TEST_STEP][PASSED] - Statement - counter = counter + 1: null

2018-12-04 11:29:07 - [TEST_STEP][PASSED] - Statement - PreSaveFile = new java.io.File(((pathPrefix + java.lang.Integer.toString(counter)) + .png)): null

2018-12-04 11:29:07 - [TEST_STEP][PASSED] - Statement - counter = counter + 1: null

2018-12-04 11:29:07 - [TEST_STEP][PASSED] - Statement - PreSaveFile = new java.io.File(((pathPrefix + java.lang.Integer.toString(counter)) + .png)): null

2018-12-04 11:29:07 - [TEST_STEP][PASSED] - Statement - counter = counter + 1: null

2018-12-04 11:29:07 - [TEST_STEP][PASSED] - Statement - PreSaveFile = new java.io.File(((pathPrefix + java.lang.Integer.toString(counter)) + .png)): null

2018-12-04 11:29:07 - [TEST_STEP][PASSED] - Statement - counter = counter + 1: null

2018-12-04 11:29:07 - [TEST_STEP][PASSED] - Statement - PreSaveFile = new java.io.File(((pathPrefix + java.lang.Integer.toString(counter)) + .png)): null

2018-12-04 11:29:07 - [TEST_STEP][PASSED] - Statement - counter = counter + 1: null

2018-12-04 11:29:08 - [TEST_STEP][PASSED] - Statement - PreSaveFile = new java.io.File(((pathPrefix + java.lang.Integer.toString(counter)) + .png)): null

2018-12-04 11:29:08 - [TEST_STEP][PASSED] - Statement - counter = counter + 1: null

2018-12-04 11:29:08 - [TEST_STEP][PASSED] - Statement - PreSaveFile = new java.io.File(((pathPrefix + java.lang.Integer.toString(counter)) + .png)): null

2018-12-04 11:29:08 - [TEST_STEP][PASSED] - Statement - counter = counter + 1: null

2018-12-04 11:29:08 - [TEST_STEP][PASSED] - Statement - PreSaveFile = new java.io.File(((pathPrefix + java.lang.Integer.toString(counter)) + .png)): null

2018-12-04 11:29:08 - [TEST_STEP][PASSED] - Statement - counter = counter + 1: null

2018-12-04 11:29:08 - [TEST_STEP][PASSED] - Statement - PreSaveFile = new java.io.File(((pathPrefix + java.lang.Integer.toString(counter)) + .png)): null

2018-12-04 11:29:08 - [TEST_STEP][PASSED] - Statement - counter = counter + 1: null

2018-12-04 11:29:08 - [TEST_STEP][PASSED] - Statement - PreSaveFile = new java.io.File(((pathPrefix + java.lang.Integer.toString(counter)) + .png)): null

2018-12-04 11:29:10 - [TEST_STEP][PASSED] - Statement - counter = counter + 1: null

2018-12-04 11:29:10 - [TEST_STEP][PASSED] - Statement - PreSaveFile = new java.io.File(((pathPrefix + java.lang.Integer.toString(counter)) + .png)): null

2018-12-04 11:29:10 - [TEST_STEP][PASSED] - Statement - counter = counter + 1: null

2018-12-04 11:29:10 - [TEST_STEP][PASSED] - Statement - PreSaveFile = new java.io.File(((pathPrefix + java.lang.Integer.toString(counter)) + .png)): null

2018-12-04 11:29:10 - [TEST_STEP][PASSED] - Statement - counter = counter + 1: null

2018-12-04 11:29:10 - [TEST_STEP][PASSED] - Statement - PreSaveFile = new java.io.File(((pathPrefix + java.lang.Integer.toString(counter)) + .png)): null

2018-12-04 11:29:10 - [TEST_STEP][PASSED] - Statement - counter = counter + 1: null

2018-12-04 11:29:10 - [TEST_STEP][PASSED] - Statement - PreSaveFile = new java.io.File(((pathPrefix + java.lang.Integer.toString(counter)) + .png)): null

2018-12-04 11:29:10 - [TEST_STEP][PASSED] - Statement - counter = counter + 1: null

2018-12-04 11:29:11 - [TEST_STEP][PASSED] - Statement - PreSaveFile = new java.io.File(((pathPrefix + java.lang.Integer.toString(counter)) + .png)): null

2018-12-04 11:29:11 - [TEST_STEP][PASSED] - Statement - counter = counter + 1: null

2018-12-04 11:29:11 - [TEST_STEP][PASSED] - Statement - PreSaveFile = new java.io.File(((pathPrefix + java.lang.Integer.toString(counter)) + .png)): null

2018-12-04 11:29:11 - [TEST_STEP][PASSED] - Statement - counter = counter + 1: null

2018-12-04 11:29:11 - [TEST_STEP][PASSED] - Statement - PreSaveFile = new java.io.File(((pathPrefix + java.lang.Integer.toString(counter)) + .png)): null

2018-12-04 11:29:11 - [TEST_STEP][PASSED] - Statement - counter = counter + 1: null

2018-12-04 11:29:11 - [TEST_STEP][PASSED] - Statement - PreSaveFile = new java.io.File(((pathPrefix + java.lang.Integer.toString(counter)) + .png)): null

2018-12-04 11:29:11 - [TEST_STEP][PASSED] - Statement - counter = counter + 1: null

2018-12-04 11:29:11 - [TEST_STEP][PASSED] - Statement - PreSaveFile = new java.io.File(((pathPrefix + java.lang.Integer.toString(counter)) + .png)): null

2018-12-04 11:29:11 - [TEST_STEP][PASSED] - Statement - counter = counter + 1: null

2018-12-04 11:29:13 - [TEST_STEP][PASSED] - Statement - PreSaveFile = new java.io.File(((pathPrefix + java.lang.Integer.toString(counter)) + .png)): null

2018-12-04 11:29:13 - [TEST_STEP][PASSED] - Statement - counter = counter + 1: null

2018-12-04 11:29:13 - [TEST_STEP][PASSED] - Statement - PreSaveFile = new java.io.File(((pathPrefix + java.lang.Integer.toString(counter)) + .png)): null

2018-12-04 11:29:13 - [TEST_STEP][PASSED] - Statement - counter = counter + 1: null

2018-12-04 11:29:13 - [TEST_STEP][PASSED] - Statement - PreSaveFile = new java.io.File(((pathPrefix + java.lang.Integer.toString(counter)) + .png)): null

2018-12-04 11:29:13 - [TEST_STEP][PASSED] - Statement - counter = counter + 1: null

2018-12-04 11:29:13 - [TEST_STEP][PASSED] - Statement - PreSaveFile = new java.io.File(((pathPrefix + java.lang.Integer.toString(counter)) + .png)): null

2018-12-04 11:29:13 - [TEST_STEP][PASSED] - Statement - counter = counter + 1: null

2018-12-04 11:29:13 - [TEST_STEP][PASSED] - Statement - PreSaveFile = new java.io.File(((pathPrefix + java.lang.Integer.toString(counter)) + .png)): null

2018-12-04 11:29:13 - [TEST_STEP][PASSED] - Statement - counter = counter + 1: null

2018-12-04 11:29:14 - [TEST_STEP][PASSED] - Statement - PreSaveFile = new java.io.File(((pathPrefix + java.lang.Integer.toString(counter)) + .png)): null

2018-12-04 11:29:14 - [TEST_STEP][PASSED] - Statement - counter = counter + 1: null

2018-12-04 11:29:14 - [TEST_STEP][PASSED] - Statement - PreSaveFile = new java.io.File(((pathPrefix + java.lang.Integer.toString(counter)) + .png)): null

2018-12-04 11:29:14 - [TEST_STEP][PASSED] - Statement - counter = counter + 1: null

2018-12-04 11:29:14 - [TEST_STEP][PASSED] - Statement - PreSaveFile = new java.io.File(((pathPrefix + java.lang.Integer.toString(counter)) + .png)): null

2018-12-04 11:29:14 - [TEST_STEP][PASSED] - Statement - counter = counter + 1: null

2018-12-04 11:29:14 - [TEST_STEP][PASSED] - Statement - PreSaveFile = new java.io.File(((pathPrefix + java.lang.Integer.toString(counter)) + .png)): null

2018-12-04 11:29:14 - [TEST_STEP][PASSED] - Statement - counter = counter + 1: null

2018-12-04 11:29:14 - [TEST_STEP][PASSED] - Statement - PreSaveFile = new java.io.File(((pathPrefix + java.lang.Integer.toString(counter)) + .png)): null

2018-12-04 11:29:14 - [TEST_STEP][PASSED] - Statement - counter = counter + 1: null

2018-12-04 11:29:16 - [TEST_STEP][PASSED] - Statement - PreSaveFile = new java.io.File(((pathPrefix + java.lang.Integer.toString(counter)) + .png)): null

2018-12-04 11:29:16 - [TEST_STEP][PASSED] - Statement - counter = counter + 1: null

2018-12-04 11:29:16 - [TEST_STEP][PASSED] - Statement - PreSaveFile = new java.io.File(((pathPrefix + java.lang.Integer.toString(counter)) + .png)): null

2018-12-04 11:29:16 - [TEST_STEP][PASSED] - Statement - counter = counter + 1: null

2018-12-04 11:29:16 - [TEST_STEP][PASSED] - Statement - PreSaveFile = new java.io.File(((pathPrefix + java.lang.Integer.toString(counter)) + .png)): null

2018-12-04 11:29:16 - [TEST_STEP][PASSED] - Statement - counter = counter + 1: null

2018-12-04 11:29:16 - [TEST_STEP][PASSED] - Statement - PreSaveFile = new java.io.File(((pathPrefix + java.lang.Integer.toString(counter)) + .png)): null

2018-12-04 11:29:16 - [TEST_STEP][PASSED] - Statement - counter = counter + 1: null

2018-12-04 11:29:16 - [TEST_STEP][PASSED] - Statement - PreSaveFile = new java.io.File(((pathPrefix + java.lang.Integer.toString(counter)) + .png)): null

2018-12-04 11:29:17 - [TEST_STEP][PASSED] - Statement - counter = counter + 1: null

2018-12-04 11:29:17 - [TEST_STEP][PASSED] - Statement - PreSaveFile = new java.io.File(((pathPrefix + java.lang.Integer.toString(counter)) + .png)): null

2018-12-04 11:29:17 - [TEST_STEP][PASSED] - Statement - counter = counter + 1: null

2018-12-04 11:29:17 - [TEST_STEP][PASSED] - Statement - PreSaveFile = new java.io.File(((pathPrefix + java.lang.Integer.toString(counter)) + .png)): null

2018-12-04 11:29:17 - [TEST_STEP][PASSED] - Statement - counter = counter + 1: null

2018-12-04 11:29:17 - [TEST_STEP][PASSED] - Statement - PreSaveFile = new java.io.File(((pathPrefix + java.lang.Integer.toString(counter)) + .png)): null

2018-12-04 11:29:17 - [TEST_STEP][PASSED] - Statement - counter = counter + 1: null

2018-12-04 11:29:17 - [TEST_STEP][PASSED] - Statement - PreSaveFile = new java.io.File(((pathPrefix + java.lang.Integer.toString(counter)) + .png)): null

2018-12-04 11:29:17 - [TEST_STEP][PASSED] - Statement - counter = counter + 1: null

2018-12-04 11:29:19 - [TEST_STEP][PASSED] - Statement - PreSaveFile = new java.io.File(((pathPrefix + java.lang.Integer.toString(counter)) + .png)): null

2018-12-04 11:29:19 - [TEST_STEP][PASSED] - Statement - counter = counter + 1: null

2018-12-04 11:29:19 - [TEST_STEP][PASSED] - Statement - PreSaveFile = new java.io.File(((pathPrefix + java.lang.Integer.toString(counter)) + .png)): null

2018-12-04 11:29:19 - [TEST_STEP][PASSED] - Statement - counter = counter + 1: null

2018-12-04 11:29:19 - [TEST_STEP][PASSED] - Statement - PreSaveFile = new java.io.File(((pathPrefix + java.lang.Integer.toString(counter)) + .png)): null

2018-12-04 11:29:19 - [TEST_STEP][PASSED] - Statement - counter = counter + 1: null

2018-12-04 11:29:19 - [TEST_STEP][PASSED] - Statement - PreSaveFile = new java.io.File(((pathPrefix + java.lang.Integer.toString(counter)) + .png)): null

2018-12-04 11:29:19 - [TEST_STEP][PASSED] - Statement - counter = counter + 1: null

2018-12-04 11:29:19 - [TEST_STEP][PASSED] - Statement - PreSaveFile = new java.io.File(((pathPrefix + java.lang.Integer.toString(counter)) + .png)): null

2018-12-04 11:29:19 - [TEST_STEP][PASSED] - Statement - counter = counter + 1: null

2018-12-04 11:29:20 - [TEST_STEP][PASSED] - Statement - PreSaveFile = new java.io.File(((pathPrefix + java.lang.Integer.toString(counter)) + .png)): null

2018-12-04 11:29:20 - [TEST_STEP][PASSED] - Statement - counter = counter + 1: null

2018-12-04 11:29:20 - [TEST_STEP][PASSED] - Statement - PreSaveFile = new java.io.File(((pathPrefix + java.lang.Integer.toString(counter)) + .png)): null

2018-12-04 11:29:20 - [TEST_STEP][PASSED] - Statement - counter = counter + 1: null

2018-12-04 11:29:20 - [TEST_STEP][PASSED] - Statement - PreSaveFile = new java.io.File(((pathPrefix + java.lang.Integer.toString(counter)) + .png)): null

2018-12-04 11:29:20 - [TEST_STEP][PASSED] - Statement - counter = counter + 1: null

2018-12-04 11:29:20 - [TEST_STEP][PASSED] - Statement - PreSaveFile = new java.io.File(((pathPrefix + java.lang.Integer.toString(counter)) + .png)): null

2018-12-04 11:29:20 - [TEST_STEP][PASSED] - Statement - counter = counter + 1: null

2018-12-04 11:29:20 - [TEST_STEP][PASSED] - Statement - PreSaveFile = new java.io.File(((pathPrefix + java.lang.Integer.toString(counter)) + .png)): null

2018-12-04 11:29:20 - [TEST_STEP][PASSED] - Statement - counter = counter + 1: null

2018-12-04 11:29:22 - [TEST_STEP][PASSED] - Statement - PreSaveFile = new java.io.File(((pathPrefix + java.lang.Integer.toString(counter)) + .png)): null

2018-12-04 11:29:22 - [TEST_STEP][PASSED] - Statement - counter = counter + 1: null

2018-12-04 11:29:22 - [TEST_STEP][PASSED] - Statement - PreSaveFile = new java.io.File(((pathPrefix + java.lang.Integer.toString(counter)) + .png)): null

2018-12-04 11:29:22 - [TEST_STEP][PASSED] - Statement - counter = counter + 1: null

2018-12-04 11:29:22 - [TEST_STEP][PASSED] - Statement - PreSaveFile = new java.io.File(((pathPrefix + java.lang.Integer.toString(counter)) + .png)): null

2018-12-04 11:29:22 - [TEST_STEP][PASSED] - Statement - counter = counter + 1: null

2018-12-04 11:29:22 - [TEST_STEP][PASSED] - Statement - PreSaveFile = new java.io.File(((pathPrefix + java.lang.Integer.toString(counter)) + .png)): null

2018-12-04 11:29:22 - [TEST_STEP][PASSED] - Statement - counter = counter + 1: null

2018-12-04 11:29:22 - [TEST_STEP][PASSED] - Statement - PreSaveFile = new java.io.File(((pathPrefix + java.lang.Integer.toString(counter)) + .png)): null

2018-12-04 11:29:23 - [TEST_STEP][PASSED] - Statement - counter = counter + 1: null

2018-12-04 11:29:23 - [TEST_STEP][PASSED] - Statement - PreSaveFile = new java.io.File(((pathPrefix + java.lang.Integer.toString(counter)) + .png)): null

2018-12-04 11:29:23 - [TEST_STEP][PASSED] - Statement - counter = counter + 1: null

2018-12-04 11:29:23 - [TEST_STEP][PASSED] - Statement - PreSaveFile = new java.io.File(((pathPrefix + java.lang.Integer.toString(counter)) + .png)): null

2018-12-04 11:29:23 - [TEST_STEP][PASSED] - Statement - counter = counter + 1: null

2018-12-04 11:29:23 - [TEST_STEP][PASSED] - Statement - PreSaveFile = new java.io.File(((pathPrefix + java.lang.Integer.toString(counter)) + .png)): null

2018-12-04 11:29:23 - [TEST_STEP][PASSED] - Statement - counter = counter + 1: null

2018-12-04 11:29:23 - [TEST_STEP][PASSED] - Statement - PreSaveFile = new java.io.File(((pathPrefix + java.lang.Integer.toString(counter)) + .png)): null

2018-12-04 11:29:23 - [TEST_STEP][PASSED] - Statement - counter = counter + 1: null

2018-12-04 11:29:23 - [TEST_STEP][PASSED] - Statement - PreSaveFile = new java.io.File(((pathPrefix + java.lang.Integer.toString(counter)) + .png)): null

2018-12-04 11:29:25 - [TEST_STEP][PASSED] - Statement - counter = counter + 1: null

2018-12-04 11:29:25 - [TEST_STEP][PASSED] - Statement - PreSaveFile = new java.io.File(((pathPrefix + java.lang.Integer.toString(counter)) + .png)): null

2018-12-04 11:29:25 - [TEST_STEP][PASSED] - Statement - counter = counter + 1: null

2018-12-04 11:29:25 - [TEST_STEP][PASSED] - Statement - PreSaveFile = new java.io.File(((pathPrefix + java.lang.Integer.toString(counter)) + .png)): null

2018-12-04 11:29:25 - [TEST_STEP][PASSED] - Statement - counter = counter + 1: null

2018-12-04 11:29:25 - [TEST_STEP][PASSED] - Statement - PreSaveFile = new java.io.File(((pathPrefix + java.lang.Integer.toString(counter)) + .png)): null

2018-12-04 11:29:25 - [TEST_STEP][PASSED] - Statement - counter = counter + 1: null

2018-12-04 11:29:25 - [TEST_STEP][PASSED] - Statement - PreSaveFile = new java.io.File(((pathPrefix + java.lang.Integer.toString(counter)) + .png)): null

2018-12-04 11:29:25 - [TEST_STEP][PASSED] - Statement - counter = counter + 1: null

2018-12-04 11:29:27 - [TEST_STEP][PASSED] - Statement - PreSaveFile = new java.io.File(((pathPrefix + java.lang.Integer.toString(counter)) + .png)): null

2018-12-04 11:29:27 - [TEST_STEP][PASSED] - Statement - counter = counter + 1: null

2018-12-04 11:29:27 - [TEST_STEP][PASSED] - Statement - PreSaveFile = new java.io.File(((pathPrefix + java.lang.Integer.toString(counter)) + .png)): null

2018-12-04 11:29:27 - [TEST_STEP][PASSED] - Statement - counter = counter + 1: null

2018-12-04 11:29:27 - [TEST_STEP][PASSED] - Statement - PreSaveFile = new java.io.File(((pathPrefix + java.lang.Integer.toString(counter)) + .png)): null

2018-12-04 11:29:27 - [TEST_STEP][PASSED] - Statement - counter = counter + 1: null

2018-12-04 11:29:27 - [TEST_STEP][PASSED] - Statement - PreSaveFile = new java.io.File(((pathPrefix + java.lang.Integer.toString(counter)) + .png)): null

2018-12-04 11:29:27 - [TEST_STEP][PASSED] - Statement - counter = counter + 1: null

2018-12-04 11:29:27 - [TEST_STEP][PASSED] - Statement - PreSaveFile = new java.io.File(((pathPrefix + java.lang.Integer.toString(counter)) + .png)): null

2018-12-04 11:29:27 - [TEST_STEP][PASSED] - Statement - counter = counter + 1: null

2018-12-04 11:29:28 - [TEST_STEP][PASSED] - Statement - PreSaveFile = new java.io.File(((pathPrefix + java.lang.Integer.toString(counter)) + .png)): null

2018-12-04 11:29:28 - [TEST_STEP][PASSED] - Statement - counter = counter + 1: null

2018-12-04 11:29:28 - [TEST_STEP][PASSED] - Statement - PreSaveFile = new java.io.File(((pathPrefix + java.lang.Integer.toString(counter)) + .png)): null

2018-12-04 11:29:28 - [TEST_STEP][PASSED] - Statement - counter = counter + 1: null

2018-12-04 11:29:28 - [TEST_STEP][PASSED] - Statement - PreSaveFile = new java.io.File(((pathPrefix + java.lang.Integer.toString(counter)) + .png)): null

2018-12-04 11:29:28 - [TEST_STEP][PASSED] - Statement - counter = counter + 1: null

2018-12-04 11:29:28 - [TEST_STEP][PASSED] - Statement - PreSaveFile = new java.io.File(((pathPrefix + java.lang.Integer.toString(counter)) + .png)): null

2018-12-04 11:29:28 - [TEST_STEP][PASSED] - Statement - counter = counter + 1: null

2018-12-04 11:29:28 - [TEST_STEP][PASSED] - Statement - PreSaveFile = new java.io.File(((pathPrefix + java.lang.Integer.toString(counter)) + .png)): null

2018-12-04 11:29:28 - [TEST_STEP][PASSED] - Statement - counter = counter + 1: null

2018-12-04 11:29:29 - [TEST_STEP][PASSED] - Statement - PreSaveFile = new java.io.File(((pathPrefix + java.lang.Integer.toString(counter)) + .png)): null

2018-12-04 11:29:29 - [TEST_STEP][PASSED] - Statement - counter = counter + 1: null

2018-12-04 11:29:29 - [TEST_STEP][PASSED] - Statement - PreSaveFile = new java.io.File(((pathPrefix + java.lang.Integer.toString(counter)) + .png)): null

2018-12-04 11:29:29 - [TEST_STEP][PASSED] - Statement - counter = counter + 1: null

2018-12-04 11:29:29 - [TEST_STEP][PASSED] - Statement - PreSaveFile = new java.io.File(((pathPrefix + java.lang.Integer.toString(counter)) + .png)): null

2018-12-04 11:29:29 - [TEST_STEP][PASSED] - Statement - counter = counter + 1: null

2018-12-04 11:29:29 - [TEST_STEP][PASSED] - Statement - PreSaveFile = new java.io.File(((pathPrefix + java.lang.Integer.toString(counter)) + .png)): null

2018-12-04 11:29:29 - [TEST_STEP][PASSED] - Statement - counter = counter + 1: null

2018-12-04 11:29:29 - [TEST_STEP][PASSED] - Statement - PreSaveFile = new java.io.File(((pathPrefix + java.lang.Integer.toString(counter)) + .png)): null

2018-12-04 11:29:31 - [TEST_STEP][PASSED] - Statement - counter = counter + 1: null

2018-12-04 11:29:31 - [TEST_STEP][PASSED] - Statement - PreSaveFile = new java.io.File(((pathPrefix + java.lang.Integer.toString(counter)) + .png)): null

2018-12-04 11:29:31 - [TEST_STEP][PASSED] - Statement - counter = counter + 1: null

2018-12-04 11:29:31 - [TEST_STEP][PASSED] - Statement - PreSaveFile = new java.io.File(((pathPrefix + java.lang.Integer.toString(counter)) + .png)): null

2018-12-04 11:29:31 - [TEST_STEP][PASSED] - Statement - counter = counter + 1: null

2018-12-04 11:29:31 - [TEST_STEP][PASSED] - Statement - PreSaveFile = new java.io.File(((pathPrefix + java.lang.Integer.toString(counter)) + .png)): null

2018-12-04 11:29:31 - [TEST_STEP][PASSED] - Statement - counter = counter + 1: null

2018-12-04 11:29:31 - [TEST_STEP][PASSED] - Statement - PreSaveFile = new java.io.File(((pathPrefix + java.lang.Integer.toString(counter)) + .png)): null

2018-12-04 11:29:31 - [TEST_STEP][PASSED] - Statement - counter = counter + 1: null

2018-12-04 11:29:33 - [TEST_STEP][PASSED] - Statement - PreSaveFile = new java.io.File(((pathPrefix + java.lang.Integer.toString(counter)) + .png)): null

2018-12-04 11:29:33 - [TEST_STEP][PASSED] - Statement - counter = counter + 1: null

2018-12-04 11:29:33 - [TEST_STEP][PASSED] - Statement - PreSaveFile = new java.io.File(((pathPrefix + java.lang.Integer.toString(counter)) + .png)): null

2018-12-04 11:29:33 - [TEST_STEP][PASSED] - Statement - counter = counter + 1: null

2018-12-04 11:29:33 - [TEST_STEP][PASSED] - Statement - PreSaveFile = new java.io.File(((pathPrefix + java.lang.Integer.toString(counter)) + .png)): null

2018-12-04 11:29:33 - [TEST_STEP][PASSED] - Statement - counter = counter + 1: null

2018-12-04 11:29:33 - [TEST_STEP][PASSED] - Statement - PreSaveFile = new java.io.File(((pathPrefix + java.lang.Integer.toString(counter)) + .png)): null

2018-12-04 11:29:33 - [TEST_STEP][PASSED] - Statement - counter = counter + 1: null

2018-12-04 11:29:33 - [TEST_STEP][PASSED] - Statement - PreSaveFile = new java.io.File(((pathPrefix + java.lang.Integer.toString(counter)) + .png)): null

2018-12-04 11:29:33 - [TEST_STEP][PASSED] - Statement - counter = counter + 1: null

2018-12-04 11:29:35 - [TEST_STEP][PASSED] - Statement - PreSaveFile = new java.io.File(((pathPrefix + java.lang.Integer.toString(counter)) + .png)): null

2018-12-04 11:29:35 - [TEST_STEP][PASSED] - Statement - counter = counter + 1: null

2018-12-04 11:29:35 - [TEST_STEP][PASSED] - Statement - PreSaveFile = new java.io.File(((pathPrefix + java.lang.Integer.toString(counter)) + .png)): null

2018-12-04 11:29:35 - [TEST_STEP][PASSED] - Statement - counter = counter + 1: null

2018-12-04 11:29:35 - [TEST_STEP][PASSED] - Statement - PreSaveFile = new java.io.File(((pathPrefix + java.lang.Integer.toString(counter)) + .png)): null

2018-12-04 11:29:35 - [TEST_STEP][PASSED] - Statement - counter = counter + 1: null

2018-12-04 11:29:35 - [TEST_STEP][PASSED] - Statement - PreSaveFile = new java.io.File(((pathPrefix + java.lang.Integer.toString(counter)) + .png)): null

2018-12-04 11:29:35 - [TEST_STEP][PASSED] - Statement - counter = counter + 1: null

2018-12-04 11:29:35 - [TEST_STEP][PASSED] - Statement - PreSaveFile = new java.io.File(((pathPrefix + java.lang.Integer.toString(counter)) + .png)): null

2018-12-04 11:29:35 - [TEST_STEP][PASSED] - Statement - counter = counter + 1: null

2018-12-04 11:29:36 - [TEST_STEP][PASSED] - Statement - PreSaveFile = new java.io.File(((pathPrefix + java.lang.Integer.toString(counter)) + .png)): null

2018-12-04 11:29:36 - [TEST_STEP][PASSED] - Statement - counter = counter + 1: null

2018-12-04 11:29:36 - [TEST_STEP][PASSED] - Statement - PreSaveFile = new java.io.File(((pathPrefix + java.lang.Integer.toString(counter)) + .png)): null

2018-12-04 11:29:36 - [TEST_STEP][PASSED] - Statement - counter = counter + 1: null

2018-12-04 11:29:36 - [TEST_STEP][PASSED] - Statement - PreSaveFile = new java.io.File(((pathPrefix + java.lang.Integer.toString(counter)) + .png)): null

2018-12-04 11:29:36 - [TEST_STEP][PASSED] - Statement - counter = counter + 1: null

2018-12-04 11:29:36 - [TEST_STEP][PASSED] - Statement - PreSaveFile = new java.io.File(((pathPrefix + java.lang.Integer.toString(counter)) + .png)): null

2018-12-04 11:29:36 - [TEST_STEP][PASSED] - Statement - counter = counter + 1: null

2018-12-04 11:29:36 - [TEST_STEP][PASSED] - Statement - PreSaveFile = new java.io.File(((pathPrefix + java.lang.Integer.toString(counter)) + .png)): null

2018-12-04 11:29:36 - [TEST_STEP][PASSED] - Statement - counter = counter + 1: null

2018-12-04 11:29:37 - [TEST_STEP][PASSED] - Statement - PreSaveFile = new java.io.File(((pathPrefix + java.lang.Integer.toString(counter)) + .png)): null

2018-12-04 11:29:37 - [TEST_STEP][PASSED] - Statement - counter = counter + 1: null

2018-12-04 11:29:37 - [TEST_STEP][PASSED] - Statement - PreSaveFile = new java.io.File(((pathPrefix + java.lang.Integer.toString(counter)) + .png)): null

2018-12-04 11:29:37 - [TEST_STEP][PASSED] - Statement - counter = counter + 1: null

2018-12-04 11:29:37 - [TEST_STEP][PASSED] - Statement - PreSaveFile = new java.io.File(((pathPrefix + java.lang.Integer.toString(counter)) + .png)): null

2018-12-04 11:29:37 - [TEST_STEP][PASSED] - Statement - counter = counter + 1: null

2018-12-04 11:29:37 - [TEST_STEP][PASSED] - Statement - PreSaveFile = new java.io.File(((pathPrefix + java.lang.Integer.toString(counter)) + .png)): null

2018-12-04 11:29:37 - [TEST_STEP][PASSED] - Statement - counter = counter + 1: null

2018-12-04 11:29:37 - [TEST_STEP][PASSED] - Statement - PreSaveFile = new java.io.File(((pathPrefix + java.lang.Integer.toString(counter)) + .png)): null

2018-12-04 11:29:39 - [TEST_STEP][PASSED] - Statement - counter = counter + 1: null

2018-12-04 11:29:39 - [TEST_STEP][PASSED] - Statement - PreSaveFile = new java.io.File(((pathPrefix + java.lang.Integer.toString(counter)) + .png)): null

2018-12-04 11:29:39 - [TEST_STEP][PASSED] - Statement - counter = counter + 1: null

2018-12-04 11:29:39 - [TEST_STEP][PASSED] - Statement - PreSaveFile = new java.io.File(((pathPrefix + java.lang.Integer.toString(counter)) + .png)): null

2018-12-04 11:29:39 - [TEST_STEP][PASSED] - Statement - counter = counter + 1: null

2018-12-04 11:29:39 - [TEST_STEP][PASSED] - Statement - PreSaveFile = new java.io.File(((pathPrefix + java.lang.Integer.toString(counter)) + .png)): null

2018-12-04 11:29:39 - [TEST_STEP][PASSED] - Statement - counter = counter + 1: null

2018-12-04 11:29:39 - [TEST_STEP][PASSED] - Statement - PreSaveFile = new java.io.File(((pathPrefix + java.lang.Integer.toString(counter)) + .png)): null

2018-12-04 11:29:39 - [TEST_STEP][PASSED] - Statement - counter = counter + 1: null

2018-12-04 11:29:40 - [TEST_STEP][PASSED] - Statement - PreSaveFile = new java.io.File(((pathPrefix + java.lang.Integer.toString(counter)) + .png)): null

2018-12-04 11:29:40 - [TEST_STEP][PASSED] - Statement - counter = counter + 1: null

2018-12-04 11:29:40 - [TEST_STEP][PASSED] - Statement - PreSaveFile = new java.io.File(((pathPrefix + java.lang.Integer.toString(counter)) + .png)): null

2018-12-04 11:29:40 - [TEST_STEP][PASSED] - Statement - counter = counter + 1: null

2018-12-04 11:29:40 - [TEST_STEP][PASSED] - Statement - PreSaveFile = new java.io.File(((pathPrefix + java.lang.Integer.toString(counter)) + .png)): null

2018-12-04 11:29:40 - [TEST_STEP][PASSED] - Statement - counter = counter + 1: null

2018-12-04 11:29:40 - [TEST_STEP][PASSED] - Statement - PreSaveFile = new java.io.File(((pathPrefix + java.lang.Integer.toString(counter)) + .png)): null

2018-12-04 11:29:40 - [TEST_STEP][PASSED] - Statement - counter = counter + 1: null

2018-12-04 11:29:40 - [TEST_STEP][PASSED] - Statement - PreSaveFile = new java.io.File(((pathPrefix + java.lang.Integer.toString(counter)) + .png)): null

2018-12-04 11:29:40 - [TEST_STEP][PASSED] - Statement - counter = counter + 1: null

2018-12-04 11:29:41 - [TEST_STEP][PASSED] - Statement - PreSaveFile = new java.io.File(((pathPrefix + java.lang.Integer.toString(counter)) + .png)): null

2018-12-04 11:29:41 - [TEST_STEP][PASSED] - Statement - counter = counter + 1: null

2018-12-04 11:29:41 - [TEST_STEP][PASSED] - Statement - PreSaveFile = new java.io.File(((pathPrefix + java.lang.Integer.toString(counter)) + .png)): null

2018-12-04 11:29:41 - [TEST_STEP][PASSED] - Statement - counter = counter + 1: null

2018-12-04 11:29:41 - [TEST_STEP][PASSED] - Statement - PreSaveFile = new java.io.File(((pathPrefix + java.lang.Integer.toString(counter)) + .png)): null

2018-12-04 11:29:41 - [TEST_STEP][PASSED] - Statement - counter = counter + 1: null

2018-12-04 11:29:41 - [TEST_STEP][PASSED] - Statement - PreSaveFile = new java.io.File(((pathPrefix + java.lang.Integer.toString(counter)) + .png)): null

2018-12-04 11:29:41 - [TEST_STEP][PASSED] - Statement - counter = counter + 1: null

2018-12-04 11:29:41 - [TEST_STEP][PASSED] - Statement - PreSaveFile = new java.io.File(((pathPrefix + java.lang.Integer.toString(counter)) + .png)): null

2018-12-04 11:29:41 - [TEST_STEP][PASSED] - Statement - counter = counter + 1: null

2018-12-04 11:29:43 - [TEST_STEP][PASSED] - Statement - PreSaveFile = new java.io.File(((pathPrefix + java.lang.Integer.toString(counter)) + .png)): null

2018-12-04 11:29:43 - [TEST_STEP][PASSED] - Statement - counter = counter + 1: null

2018-12-04 11:29:43 - [TEST_STEP][PASSED] - Statement - PreSaveFile = new java.io.File(((pathPrefix + java.lang.Integer.toString(counter)) + .png)): null

2018-12-04 11:29:43 - [TEST_STEP][PASSED] - Statement - counter = counter + 1: null

2018-12-04 11:29:43 - [TEST_STEP][PASSED] - Statement - PreSaveFile = new java.io.File(((pathPrefix + java.lang.Integer.toString(counter)) + .png)): null

2018-12-04 11:29:43 - [TEST_STEP][PASSED] - Statement - counter = counter + 1: null

2018-12-04 11:29:43 - [TEST_STEP][PASSED] - Statement - PreSaveFile = new java.io.File(((pathPrefix + java.lang.Integer.toString(counter)) + .png)): null

2018-12-04 11:29:43 - [TEST_STEP][PASSED] - Statement - counter = counter + 1: null

2018-12-04 11:29:43 - [TEST_STEP][PASSED] - Statement - PreSaveFile = new java.io.File(((pathPrefix + java.lang.Integer.toString(counter)) + .png)): null

2018-12-04 11:29:45 - [TEST_STEP][PASSED] - Statement - counter = counter + 1: null

2018-12-04 11:29:45 - [TEST_STEP][PASSED] - Statement - PreSaveFile = new java.io.File(((pathPrefix + java.lang.Integer.toString(counter)) + .png)): null

2018-12-04 11:29:45 - [TEST_STEP][PASSED] - Statement - counter = counter + 1: null

2018-12-04 11:29:45 - [TEST_STEP][PASSED] - Statement - PreSaveFile = new java.io.File(((pathPrefix + java.lang.Integer.toString(counter)) + .png)): null

2018-12-04 11:29:45 - [TEST_STEP][PASSED] - Statement - counter = counter + 1: null

2018-12-04 11:29:45 - [TEST_STEP][PASSED] - Statement - PreSaveFile = new java.io.File(((pathPrefix + java.lang.Integer.toString(counter)) + .png)): null

2018-12-04 11:29:45 - [TEST_STEP][PASSED] - Statement - counter = counter + 1: null

2018-12-04 11:29:45 - [TEST_STEP][PASSED] - Statement - PreSaveFile = new java.io.File(((pathPrefix + java.lang.Integer.toString(counter)) + .png)): null

2018-12-04 11:29:45 - [TEST_STEP][PASSED] - Statement - counter = counter + 1: null

2018-12-04 11:29:45 - [TEST_STEP][PASSED] - Statement - PreSaveFile = new java.io.File(((pathPrefix + java.lang.Integer.toString(counter)) + .png)): null

2018-12-04 11:29:47 - [TEST_STEP][PASSED] - Statement - counter = counter + 1: null

2018-12-04 11:29:47 - [TEST_STEP][PASSED] - Statement - PreSaveFile = new java.io.File(((pathPrefix + java.lang.Integer.toString(counter)) + .png)): null

2018-12-04 11:29:47 - [TEST_STEP][PASSED] - Statement - counter = counter + 1: null

2018-12-04 11:29:47 - [TEST_STEP][PASSED] - Statement - PreSaveFile = new java.io.File(((pathPrefix + java.lang.Integer.toString(counter)) + .png)): null

2018-12-04 11:29:47 - [TEST_STEP][PASSED] - Statement - counter = counter + 1: null

2018-12-04 11:29:47 - [TEST_STEP][PASSED] - Statement - PreSaveFile = new java.io.File(((pathPrefix + java.lang.Integer.toString(counter)) + .png)): null

2018-12-04 11:29:47 - [TEST_STEP][PASSED] - Statement - counter = counter + 1: null

2018-12-04 11:29:47 - [TEST_STEP][PASSED] - Statement - PreSaveFile = new java.io.File(((pathPrefix + java.lang.Integer.toString(counter)) + .png)): null

2018-12-04 11:29:47 - [TEST_STEP][PASSED] - Statement - counter = counter + 1: null

2018-12-04 11:29:49 - [TEST_STEP][PASSED] - Statement - PreSaveFile = new java.io.File(((pathPrefix + java.lang.Integer.toString(counter)) + .png)): null

2018-12-04 11:29:49 - [TEST_STEP][PASSED] - Statement - counter = counter + 1: null

2018-12-04 11:29:49 - [TEST_STEP][PASSED] - Statement - PreSaveFile = new java.io.File(((pathPrefix + java.lang.Integer.toString(counter)) + .png)): null

2018-12-04 11:29:49 - [TEST_STEP][PASSED] - Statement - counter = counter + 1: null

2018-12-04 11:29:49 - [TEST_STEP][PASSED] - Statement - PreSaveFile = new java.io.File(((pathPrefix + java.lang.Integer.toString(counter)) + .png)): null

2018-12-04 11:29:49 - [TEST_STEP][PASSED] - Statement - counter = counter + 1: null

2018-12-04 11:29:49 - [TEST_STEP][PASSED] - Statement - PreSaveFile = new java.io.File(((pathPrefix + java.lang.Integer.toString(counter)) + .png)): null

2018-12-04 11:29:49 - [TEST_STEP][PASSED] - Statement - counter = counter + 1: null

2018-12-04 11:29:49 - [TEST_STEP][PASSED] - Statement - PreSaveFile = new java.io.File(((pathPrefix + java.lang.Integer.toString(counter)) + .png)): null

2018-12-04 11:29:49 - [TEST_STEP][PASSED] - Statement - counter = counter + 1: null

2018-12-04 11:29:51 - [TEST_STEP][PASSED] - Statement - PreSaveFile = new java.io.File(((pathPrefix + java.lang.Integer.toString(counter)) + .png)): null

2018-12-04 11:29:51 - [TEST_STEP][PASSED] - Statement - counter = counter + 1: null

2018-12-04 11:29:51 - [TEST_STEP][PASSED] - Statement - PreSaveFile = new java.io.File(((pathPrefix + java.lang.Integer.toString(counter)) + .png)): null

2018-12-04 11:29:51 - [TEST_STEP][PASSED] - Statement - counter = counter + 1: null

2018-12-04 11:29:51 - [TEST_STEP][PASSED] - Statement - PreSaveFile = new java.io.File(((pathPrefix + java.lang.Integer.toString(counter)) + .png)): null

2018-12-04 11:29:51 - [TEST_STEP][PASSED] - Statement - counter = counter + 1: null

2018-12-04 11:29:51 - [TEST_STEP][PASSED] - Statement - PreSaveFile = new java.io.File(((pathPrefix + java.lang.Integer.toString(counter)) + .png)): null

2018-12-04 11:29:51 - [TEST_STEP][PASSED] - Statement - counter = counter + 1: null

2018-12-04 11:29:51 - [TEST_STEP][PASSED] - Statement - PreSaveFile = new java.io.File(((pathPrefix + java.lang.Integer.toString(counter)) + .png)): null

2018-12-04 11:29:51 - [TEST_STEP][PASSED] - Statement - counter = counter + 1: null

2018-12-04 11:29:52 - [TEST_STEP][PASSED] - Statement - PreSaveFile = new java.io.File(((pathPrefix + java.lang.Integer.toString(counter)) + .png)): null

2018-12-04 11:29:52 - [TEST_STEP][PASSED] - Statement - counter = counter + 1: null

2018-12-04 11:29:52 - [TEST_STEP][PASSED] - Statement - PreSaveFile = new java.io.File(((pathPrefix + java.lang.Integer.toString(counter)) + .png)): null

2018-12-04 11:29:52 - [TEST_STEP][PASSED] - Statement - counter = counter + 1: null

2018-12-04 11:29:52 - [TEST_STEP][PASSED] - Statement - PreSaveFile = new java.io.File(((pathPrefix + java.lang.Integer.toString(counter)) + .png)): null

2018-12-04 11:29:52 - [TEST_STEP][PASSED] - Statement - counter = counter + 1: null

2018-12-04 11:29:52 - [TEST_STEP][PASSED] - Statement - PreSaveFile = new java.io.File(((pathPrefix + java.lang.Integer.toString(counter)) + .png)): null

2018-12-04 11:29:52 - [TEST_STEP][PASSED] - Statement - counter = counter + 1: null

2018-12-04 11:29:52 - [TEST_STEP][PASSED] - Statement - PreSaveFile = new java.io.File(((pathPrefix + java.lang.Integer.toString(counter)) + .png)): null

2018-12-04 11:29:54 - [TEST_STEP][PASSED] - Statement - counter = counter + 1: null

2018-12-04 11:29:54 - [TEST_STEP][PASSED] - Statement - PreSaveFile = new java.io.File(((pathPrefix + java.lang.Integer.toString(counter)) + .png)): null

2018-12-04 11:29:54 - [TEST_STEP][PASSED] - Statement - counter = counter + 1: null

2018-12-04 11:29:54 - [TEST_STEP][PASSED] - Statement - PreSaveFile = new java.io.File(((pathPrefix + java.lang.Integer.toString(counter)) + .png)): null

2018-12-04 11:29:54 - [TEST_STEP][PASSED] - Statement - counter = counter + 1: null

2018-12-04 11:29:54 - [TEST_STEP][PASSED] - Statement - PreSaveFile = new java.io.File(((pathPrefix + java.lang.Integer.toString(counter)) + .png)): null

2018-12-04 11:29:54 - [TEST_STEP][PASSED] - Statement - counter = counter + 1: null

2018-12-04 11:29:54 - [TEST_STEP][PASSED] - Statement - PreSaveFile = new java.io.File(((pathPrefix + java.lang.Integer.toString(counter)) + .png)): null

2018-12-04 11:29:54 - [TEST_STEP][PASSED] - Statement - counter = counter + 1: null

2018-12-04 11:29:56 - [TEST_STEP][PASSED] - Statement - PreSaveFile = new java.io.File(((pathPrefix + java.lang.Integer.toString(counter)) + .png)): null

2018-12-04 11:29:56 - [TEST_STEP][PASSED] - Statement - counter = counter + 1: null

2018-12-04 11:29:56 - [TEST_STEP][PASSED] - Statement - PreSaveFile = new java.io.File(((pathPrefix + java.lang.Integer.toString(counter)) + .png)): null

2018-12-04 11:29:56 - [TEST_STEP][PASSED] - Statement - counter = counter + 1: null

2018-12-04 11:29:56 - [TEST_STEP][PASSED] - Statement - PreSaveFile = new java.io.File(((pathPrefix + java.lang.Integer.toString(counter)) + .png)): null

2018-12-04 11:29:56 - [TEST_STEP][PASSED] - Statement - counter = counter + 1: null

2018-12-04 11:29:56 - [TEST_STEP][PASSED] - Statement - PreSaveFile = new java.io.File(((pathPrefix + java.lang.Integer.toString(counter)) + .png)): null

2018-12-04 11:29:56 - [TEST_STEP][PASSED] - Statement - counter = counter + 1: null

2018-12-04 11:29:56 - [TEST_STEP][PASSED] - Statement - PreSaveFile = new java.io.File(((pathPrefix + java.lang.Integer.toString(counter)) + .png)): null

2018-12-04 11:29:56 - [TEST_STEP][PASSED] - Statement - counter = counter + 1: null

2018-12-04 11:29:58 - [TEST_STEP][PASSED] - Statement - PreSaveFile = new java.io.File(((pathPrefix + java.lang.Integer.toString(counter)) + .png)): null

2018-12-04 11:29:58 - [TEST_STEP][PASSED] - Statement - counter = counter + 1: null

2018-12-04 11:29:58 - [TEST_STEP][PASSED] - Statement - PreSaveFile = new java.io.File(((pathPrefix + java.lang.Integer.toString(counter)) + .png)): null

2018-12-04 11:29:58 - [TEST_STEP][PASSED] - Statement - counter = counter + 1: null

2018-12-04 11:29:58 - [TEST_STEP][PASSED] - Statement - PreSaveFile = new java.io.File(((pathPrefix + java.lang.Integer.toString(counter)) + .png)): null

2018-12-04 11:29:58 - [TEST_STEP][PASSED] - Statement - counter = counter + 1: null

2018-12-04 11:29:58 - [TEST_STEP][PASSED] - Statement - PreSaveFile = new java.io.File(((pathPrefix + java.lang.Integer.toString(counter)) + .png)): null

2018-12-04 11:29:58 - [TEST_STEP][PASSED] - Statement - counter = counter + 1: null

2018-12-04 11:29:58 - [TEST_STEP][PASSED] - Statement - PreSaveFile = new java.io.File(((pathPrefix + java.lang.Integer.toString(counter)) + .png)): null

2018-12-04 11:29:58 - [TEST_STEP][PASSED] - Statement - counter = counter + 1: null

2018-12-04 11:30:00 - [TEST_STEP][PASSED] - Statement - PreSaveFile = new java.io.File(((pathPrefix + java.lang.Integer.toString(counter)) + .png)): null

2018-12-04 11:30:00 - [TEST_STEP][PASSED] - Statement - counter = counter + 1: null

2018-12-04 11:30:00 - [TEST_STEP][PASSED] - Statement - PreSaveFile = new java.io.File(((pathPrefix + java.lang.Integer.toString(counter)) + .png)): null

2018-12-04 11:30:00 - [TEST_STEP][PASSED] - Statement - counter = counter + 1: null

2018-12-04 11:30:00 - [TEST_STEP][PASSED] - Statement - PreSaveFile = new java.io.File(((pathPrefix + java.lang.Integer.toString(counter)) + .png)): null

2018-12-04 11:30:00 - [TEST_STEP][PASSED] - Statement - counter = counter + 1: null

2018-12-04 11:30:00 - [TEST_STEP][PASSED] - Statement - PreSaveFile = new java.io.File(((pathPrefix + java.lang.Integer.toString(counter)) + .png)): null

2018-12-04 11:30:00 - [TEST_STEP][PASSED] - Statement - counter = counter + 1: null

2018-12-04 11:30:00 - [TEST_STEP][PASSED] - Statement - PreSaveFile = new java.io.File(((pathPrefix + java.lang.Integer.toString(counter)) + .png)): null

2018-12-04 11:30:00 - [TEST_STEP][PASSED] - Statement - counter = counter + 1: null

2018-12-04 11:30:02 - [TEST_STEP][PASSED] - Statement - PreSaveFile = new java.io.File(((pathPrefix + java.lang.Integer.toString(counter)) + .png)): null

2018-12-04 11:30:02 - [TEST_STEP][PASSED] - Statement - counter = counter + 1: null

2018-12-04 11:30:02 - [TEST_STEP][PASSED] - Statement - PreSaveFile = new java.io.File(((pathPrefix + java.lang.Integer.toString(counter)) + .png)): null

2018-12-04 11:30:02 - [TEST_STEP][PASSED] - Statement - counter = counter + 1: null

2018-12-04 11:30:02 - [TEST_STEP][PASSED] - Statement - PreSaveFile = new java.io.File(((pathPrefix + java.lang.Integer.toString(counter)) + .png)): null

2018-12-04 11:30:02 - [TEST_STEP][PASSED] - Statement - counter = counter + 1: null

2018-12-04 11:30:02 - [TEST_STEP][PASSED] - Statement - PreSaveFile = new java.io.File(((pathPrefix + java.lang.Integer.toString(counter)) + .png)): null

2018-12-04 11:30:02 - [TEST_STEP][PASSED] - Statement - counter = counter + 1: null

2018-12-04 11:30:02 - [TEST_STEP][PASSED] - Statement - PreSaveFile = new java.io.File(((pathPrefix + java.lang.Integer.toString(counter)) + .png)): null

2018-12-04 11:30:04 - [TEST_STEP][PASSED] - Statement - counter = counter + 1: null

2018-12-04 11:30:04 - [TEST_STEP][PASSED] - Statement - PreSaveFile = new java.io.File(((pathPrefix + java.lang.Integer.toString(counter)) + .png)): null

2018-12-04 11:30:04 - [TEST_STEP][PASSED] - Statement - counter = counter + 1: null

2018-12-04 11:30:04 - [TEST_STEP][PASSED] - Statement - PreSaveFile = new java.io.File(((pathPrefix + java.lang.Integer.toString(counter)) + .png)): null

2018-12-04 11:30:04 - [TEST_STEP][PASSED] - Statement - counter = counter + 1: null

2018-12-04 11:30:04 - [TEST_STEP][PASSED] - Statement - PreSaveFile = new java.io.File(((pathPrefix + java.lang.Integer.toString(counter)) + .png)): null

2018-12-04 11:30:04 - [TEST_STEP][PASSED] - Statement - counter = counter + 1: null

2018-12-04 11:30:04 - [TEST_STEP][PASSED] - Statement - PreSaveFile = new java.io.File(((pathPrefix + java.lang.Integer.toString(counter)) + .png)): null

2018-12-04 11:30:04 - [TEST_STEP][PASSED] - Statement - counter = counter + 1: null

2018-12-04 11:30:06 - [TEST_STEP][PASSED] - Statement - PreSaveFile = new java.io.File(((pathPrefix + java.lang.Integer.toString(counter)) + .png)): null

2018-12-04 11:30:06 - [TEST_STEP][PASSED] - Statement - counter = counter + 1: null

2018-12-04 11:30:06 - [TEST_STEP][PASSED] - Statement - PreSaveFile = new java.io.File(((pathPrefix + java.lang.Integer.toString(counter)) + .png)): null

2018-12-04 11:30:06 - [TEST_STEP][PASSED] - Statement - counter = counter + 1: null

2018-12-04 11:30:06 - [TEST_STEP][PASSED] - Statement - PreSaveFile = new java.io.File(((pathPrefix + java.lang.Integer.toString(counter)) + .png)): null

2018-12-04 11:30:06 - [TEST_STEP][PASSED] - Statement - counter = counter + 1: null

2018-12-04 11:30:06 - [TEST_STEP][PASSED] - Statement - PreSaveFile = new java.io.File(((pathPrefix + java.lang.Integer.toString(counter)) + .png)): null

2018-12-04 11:30:06 - [TEST_STEP][PASSED] - Statement - counter = counter + 1: null

2018-12-04 11:30:06 - [TEST_STEP][PASSED] - Statement - PreSaveFile = new java.io.File(((pathPrefix + java.lang.Integer.toString(counter)) + .png)): null

2018-12-04 11:30:06 - [TEST_STEP][PASSED] - Statement - counter = counter + 1: null

2018-12-04 11:30:08 - [TEST_STEP][PASSED] - Statement - PreSaveFile = new java.io.File(((pathPrefix + java.lang.Integer.toString(counter)) + .png)): null

2018-12-04 11:30:08 - [TEST_STEP][PASSED] - Statement - counter = counter + 1: null

2018-12-04 11:30:08 - [TEST_STEP][PASSED] - Statement - PreSaveFile = new java.io.File(((pathPrefix + java.lang.Integer.toString(counter)) + .png)): null

2018-12-04 11:30:08 - [TEST_STEP][PASSED] - Statement - counter = counter + 1: null

2018-12-04 11:30:08 - [TEST_STEP][PASSED] - Statement - PreSaveFile = new java.io.File(((pathPrefix + java.lang.Integer.toString(counter)) + .png)): null

2018-12-04 11:30:08 - [TEST_STEP][PASSED] - Statement - counter = counter + 1: null

2018-12-04 11:30:08 - [TEST_STEP][PASSED] - Statement - PreSaveFile = new java.io.File(((pathPrefix + java.lang.Integer.toString(counter)) + .png)): null

2018-12-04 11:30:08 - [TEST_STEP][PASSED] - Statement - counter = counter + 1: null

2018-12-04 11:30:08 - [TEST_STEP][PASSED] - Statement - PreSaveFile = new java.io.File(((pathPrefix + java.lang.Integer.toString(counter)) + .png)): null

2018-12-04 11:30:08 - [TEST_STEP][PASSED] - Statement - counter = counter + 1: null

2018-12-04 11:30:10 - [TEST_STEP][PASSED] - Statement - PreSaveFile = new java.io.File(((pathPrefix + java.lang.Integer.toString(counter)) + .png)): null

2018-12-04 11:30:10 - [TEST_STEP][PASSED] - Statement - counter = counter + 1: null

2018-12-04 11:30:10 - [TEST_STEP][PASSED] - Statement - PreSaveFile = new java.io.File(((pathPrefix + java.lang.Integer.toString(counter)) + .png)): null

2018-12-04 11:30:10 - [TEST_STEP][PASSED] - Statement - counter = counter + 1: null

2018-12-04 11:30:10 - [TEST_STEP][PASSED] - Statement - PreSaveFile = new java.io.File(((pathPrefix + java.lang.Integer.toString(counter)) + .png)): null

2018-12-04 11:30:10 - [TEST_STEP][PASSED] - Statement - counter = counter + 1: null

2018-12-04 11:30:10 - [TEST_STEP][PASSED] - Statement - PreSaveFile = new java.io.File(((pathPrefix + java.lang.Integer.toString(counter)) + .png)): null

2018-12-04 11:30:10 - [TEST_STEP][PASSED] - Statement - counter = counter + 1: null

2018-12-04 11:30:10 - [TEST_STEP][PASSED] - Statement - PreSaveFile = new java.io.File(((pathPrefix + java.lang.Integer.toString(counter)) + .png)): null

2018-12-04 11:30:12 - [TEST_STEP][PASSED] - Statement - counter = counter + 1: null

2018-12-04 11:30:12 - [TEST_STEP][PASSED] - Statement - PreSaveFile = new java.io.File(((pathPrefix + java.lang.Integer.toString(counter)) + .png)): null

2018-12-04 11:30:12 - [TEST_STEP][PASSED] - Statement - counter = counter + 1: null

2018-12-04 11:30:12 - [TEST_STEP][PASSED] - Statement - PreSaveFile = new java.io.File(((pathPrefix + java.lang.Integer.toString(counter)) + .png)): null

2018-12-04 11:30:12 - [TEST_STEP][PASSED] - Statement - counter = counter + 1: null

2018-12-04 11:30:12 - [TEST_STEP][PASSED] - Statement - PreSaveFile = new java.io.File(((pathPrefix + java.lang.Integer.toString(counter)) + .png)): null

2018-12-04 11:30:12 - [TEST_STEP][PASSED] - Statement - counter = counter + 1: null

2018-12-04 11:30:12 - [TEST_STEP][PASSED] - Statement - PreSaveFile = new java.io.File(((pathPrefix + java.lang.Integer.toString(counter)) + .png)): null

2018-12-04 11:30:12 - [TEST_STEP][PASSED] - Statement - counter = counter + 1: null

2018-12-04 11:30:12 - [TEST_STEP][PASSED] - Statement - PreSaveFile = new java.io.File(((pathPrefix + java.lang.Integer.toString(counter)) + .png)): null

2018-12-04 11:30:14 - [TEST_STEP][PASSED] - Statement - counter = counter + 1: null

2018-12-04 11:30:14 - [TEST_STEP][PASSED] - Statement - PreSaveFile = new java.io.File(((pathPrefix + java.lang.Integer.toString(counter)) + .png)): null

2018-12-04 11:30:14 - [TEST_STEP][PASSED] - Statement - counter = counter + 1: null

2018-12-04 11:30:14 - [TEST_STEP][PASSED] - Statement - PreSaveFile = new java.io.File(((pathPrefix + java.lang.Integer.toString(counter)) + .png)): null

2018-12-04 11:30:14 - [TEST_STEP][PASSED] - Statement - counter = counter + 1: null

2018-12-04 11:30:14 - [TEST_STEP][PASSED] - Statement - PreSaveFile = new java.io.File(((pathPrefix + java.lang.Integer.toString(counter)) + .png)): null

2018-12-04 11:30:14 - [TEST_STEP][PASSED] - Statement - counter = counter + 1: null

2018-12-04 11:30:14 - [TEST_STEP][PASSED] - Statement - PreSaveFile = new java.io.File(((pathPrefix + java.lang.Integer.toString(counter)) + .png)): null

2018-12-04 11:30:14 - [TEST_STEP][PASSED] - Statement - counter = counter + 1: null

2018-12-04 11:30:16 - [TEST_STEP][PASSED] - Statement - PreSaveFile = new java.io.File(((pathPrefix + java.lang.Integer.toString(counter)) + .png)): null

2018-12-04 11:30:16 - [TEST_STEP][PASSED] - Statement - counter = counter + 1: null

2018-12-04 11:30:16 - [TEST_STEP][PASSED] - Statement - PreSaveFile = new java.io.File(((pathPrefix + java.lang.Integer.toString(counter)) + .png)): null

2018-12-04 11:30:16 - [TEST_STEP][PASSED] - Statement - counter = counter + 1: null

2018-12-04 11:30:16 - [TEST_STEP][PASSED] - Statement - PreSaveFile = new java.io.File(((pathPrefix + java.lang.Integer.toString(counter)) + .png)): null

2018-12-04 11:30:16 - [TEST_STEP][PASSED] - Statement - counter = counter + 1: null

2018-12-04 11:30:16 - [TEST_STEP][PASSED] - Statement - PreSaveFile = new java.io.File(((pathPrefix + java.lang.Integer.toString(counter)) + .png)): null

2018-12-04 11:30:16 - [TEST_STEP][PASSED] - Statement - counter = counter + 1: null

2018-12-04 11:30:16 - [TEST_STEP][PASSED] - Statement - PreSaveFile = new java.io.File(((pathPrefix + java.lang.Integer.toString(counter)) + .png)): null

2018-12-04 11:30:16 - [TEST_STEP][PASSED] - Statement - counter = counter + 1: null

2018-12-04 11:30:18 - [TEST_STEP][PASSED] - Statement - PreSaveFile = new java.io.File(((pathPrefix + java.lang.Integer.toString(counter)) + .png)): null

2018-12-04 11:30:18 - [TEST_STEP][PASSED] - Statement - counter = counter + 1: null

2018-12-04 11:30:18 - [TEST_STEP][PASSED] - Statement - PreSaveFile = new java.io.File(((pathPrefix + java.lang.Integer.toString(counter)) + .png)): null

2018-12-04 11:30:18 - [TEST_STEP][PASSED] - Statement - counter = counter + 1: null

2018-12-04 11:30:18 - [TEST_STEP][PASSED] - Statement - PreSaveFile = new java.io.File(((pathPrefix + java.lang.Integer.toString(counter)) + .png)): null

2018-12-04 11:30:18 - [TEST_STEP][PASSED] - Statement - counter = counter + 1: null

2018-12-04 11:30:18 - [TEST_STEP][PASSED] - Statement - PreSaveFile = new java.io.File(((pathPrefix + java.lang.Integer.toString(counter)) + .png)): null

2018-12-04 11:30:18 - [TEST_STEP][PASSED] - Statement - counter = counter + 1: null

2018-12-04 11:30:18 - [TEST_STEP][PASSED] - Statement - PreSaveFile = new java.io.File(((pathPrefix + java.lang.Integer.toString(counter)) + .png)): null

2018-12-04 11:30:18 - [TEST_STEP][PASSED] - Statement - counter = counter + 1: null

2018-12-04 11:30:20 - [TEST_STEP][PASSED] - Statement - PreSaveFile = new java.io.File(((pathPrefix + java.lang.Integer.toString(counter)) + .png)): null

2018-12-04 11:30:20 - [TEST_STEP][PASSED] - Statement - counter = counter + 1: null

2018-12-04 11:30:20 - [TEST_STEP][PASSED] - Statement - PreSaveFile = new java.io.File(((pathPrefix + java.lang.Integer.toString(counter)) + .png)): null

2018-12-04 11:30:20 - [TEST_STEP][PASSED] - Statement - counter = counter + 1: null

2018-12-04 11:30:20 - [TEST_STEP][PASSED] - Statement - PreSaveFile = new java.io.File(((pathPrefix + java.lang.Integer.toString(counter)) + .png)): null

2018-12-04 11:30:20 - [TEST_STEP][PASSED] - Statement - counter = counter + 1: null

2018-12-04 11:30:20 - [TEST_STEP][PASSED] - Statement - PreSaveFile = new java.io.File(((pathPrefix + java.lang.Integer.toString(counter)) + .png)): null

2018-12-04 11:30:20 - [TEST_STEP][PASSED] - Statement - counter = counter + 1: null

2018-12-04 11:30:20 - [TEST_STEP][PASSED] - Statement - PreSaveFile = new java.io.File(((pathPrefix + java.lang.Integer.toString(counter)) + .png)): null

2018-12-04 11:30:22 - [TEST_STEP][PASSED] - Statement - counter = counter + 1: null

2018-12-04 11:30:22 - [TEST_STEP][PASSED] - Statement - PreSaveFile = new java.io.File(((pathPrefix + java.lang.Integer.toString(counter)) + .png)): null

2018-12-04 11:30:22 - [TEST_STEP][PASSED] - Statement - counter = counter + 1: null

2018-12-04 11:30:22 - [TEST_STEP][PASSED] - Statement - PreSaveFile = new java.io.File(((pathPrefix + java.lang.Integer.toString(counter)) + .png)): null

2018-12-04 11:30:22 - [TEST_STEP][PASSED] - Statement - counter = counter + 1: null

2018-12-04 11:30:22 - [TEST_STEP][PASSED] - Statement - PreSaveFile = new java.io.File(((pathPrefix + java.lang.Integer.toString(counter)) + .png)): null

2018-12-04 11:30:22 - [TEST_STEP][PASSED] - Statement - counter = counter + 1: null

2018-12-04 11:30:22 - [TEST_STEP][PASSED] - Statement - PreSaveFile = new java.io.File(((pathPrefix + java.lang.Integer.toString(counter)) + .png)): null

2018-12-04 11:30:22 - [TEST_STEP][PASSED] - Statement - counter = counter + 1: null

2018-12-04 11:30:24 - [TEST_STEP][PASSED] - Statement - PreSaveFile = new java.io.File(((pathPrefix + java.lang.Integer.toString(counter)) + .png)): null

2018-12-04 11:30:24 - [TEST_STEP][PASSED] - Statement - counter = counter + 1: null

2018-12-04 11:30:24 - [TEST_STEP][PASSED] - Statement - PreSaveFile = new java.io.File(((pathPrefix + java.lang.Integer.toString(counter)) + .png)): null

2018-12-04 11:30:24 - [TEST_STEP][PASSED] - Statement - counter = counter + 1: null

2018-12-04 11:30:24 - [TEST_STEP][PASSED] - Statement - PreSaveFile = new java.io.File(((pathPrefix + java.lang.Integer.toString(counter)) + .png)): null

2018-12-04 11:30:24 - [TEST_STEP][PASSED] - Statement - counter = counter + 1: null

2018-12-04 11:30:24 - [TEST_STEP][PASSED] - Statement - PreSaveFile = new java.io.File(((pathPrefix + java.lang.Integer.toString(counter)) + .png)): null

2018-12-04 11:30:24 - [TEST_STEP][PASSED] - Statement - counter = counter + 1: null

2018-12-04 11:30:24 - [TEST_STEP][PASSED] - Statement - PreSaveFile = new java.io.File(((pathPrefix + java.lang.Integer.toString(counter)) + .png)): null

2018-12-04 11:30:24 - [TEST_STEP][PASSED] - Statement - counter = counter + 1: null

2018-12-04 11:30:26 - [TEST_STEP][PASSED] - Statement - PreSaveFile = new java.io.File(((pathPrefix + java.lang.Integer.toString(counter)) + .png)): null

2018-12-04 11:30:26 - [TEST_STEP][PASSED] - Statement - counter = counter + 1: null

2018-12-04 11:30:26 - [TEST_STEP][PASSED] - Statement - PreSaveFile = new java.io.File(((pathPrefix + java.lang.Integer.toString(counter)) + .png)): null

2018-12-04 11:30:26 - [TEST_STEP][PASSED] - Statement - finalPath = pathPrefix + java.lang.Integer.toString(counter) + ".png": null

2018-12-04 11:30:26 - [TEST_STEP][PASSED] - Statement - SaveFile = new java.io.File(finalPath): null

2018-12-04 11:30:26 - [TEST_STEP][PASSED] - Statement - Try: null

2018-12-04 11:30:26 - [TEST_STEP][PASSED] - Statement - org.apache.commons.io.FileUtils.copyFile(scrFile, SaveFile): null

2018-12-04 11:30:26 - [TEST_STEP][PASSED] - Statement - out.println("file kept"): null

2018-12-04 11:30:26 - [TEST_STEP][PASSED] - delay: Delayed 10 second(s)

2018-12-04 11:30:38 - [MESSAGE][PASSED] - Delayed 10 second(s)

2018-12-04 11:30:38 - [MESSAGE][PASSED] - Call Test Case 'Test Cases/Final Aug 2018 - PKS Automation/Registration Module/New Registration/Submit and Screenshot/Submit Registration and Screenshot' successfully

2018-12-04 11:30:38 - [TEST_STEP][PASSED] - callTestCase: Call Test Case 'Test Cases/Final Aug 2018 - PKS Automation/Registration Module/Log Out/log out avoiding katalon tagging' successfully

2018-12-04 11:30:38 - [TEST_CASE][PASSED] - Test Cases/Final Aug 2018 - PKS Automation/Registration Module/Log Out/log out avoiding katalon tagging: Test Cases/Final Aug 2018 - PKS Automation/Registration Module/Log Out/log out avoiding katalon tagging

2018-12-04 11:30:38 - [TEST_STEP][PASSED] - navigateToUrl: Navigate to 'https://assist2-uat.perkeso.gov.my/c/portal/logout' successfully

2018-12-04 11:30:39 - [MESSAGE][PASSED] - Navigate to 'https://assist2-uat.perkeso.gov.my/c/portal/logout' successfully

2018-12-04 11:30:39 - [MESSAGE][PASSED] - Call Test Case 'Test Cases/Final Aug 2018 - PKS Automation/Registration Module/Log Out/log out avoiding katalon tagging' successfully

2018-12-04 11:30:39 - [TEST_STEP][PASSED] - callTestCase: Call Test Case 'Test Cases/Final Aug 2018 - PKS Automation/Common/Workflow Owner Finder' successfully

2018-12-04 11:30:39 - [TEST_CASE][PASSED] - Test Cases/Final Aug 2018 - PKS Automation/Common/Workflow Owner Finder: Test Cases/Final Aug 2018 - PKS Automation/Common/Workflow Owner Finder

2018-12-04 11:30:39 - [TEST_STEP][PASSED] - openBrowser: Browser is opened with url: ''

2018-12-04 11:30:39 - [MESSAGE][WARNING] - A browser is already opened. Closing browser and opening a new one

2018-12-04 11:30:42 - [MESSAGE][PASSED] - Browser is opened with url: ''

2018-12-04 11:30:42 - [TEST_STEP][PASSED] - navigateToUrl: Navigate to 'https://assist2-uat.perkeso.gov.my/login' successfully

2018-12-04 11:30:43 - [MESSAGE][PASSED] - Navigate to 'https://assist2-uat.perkeso.gov.my/login' successfully

2018-12-04 11:30:43 - [TEST_STEP][PASSED] - delay: Delayed 5 second(s)

2018-12-04 11:30:48 - [MESSAGE][PASSED] - Delayed 5 second(s)

2018-12-04 11:30:48 - [TEST_STEP][PASSED] - setText: Text 'test@liferay.com' is set on object 'Object Repository/Final Object Repo/Login Page/Internal User/Email Address'

2018-12-04 11:30:49 - [MESSAGE][PASSED] - Text 'test@liferay.com' is set on object 'Object Repository/Final Object Repo/Login Page/Internal User/Email Address'

2018-12-04 11:30:49 - [TEST_STEP][PASSED] - click: Object: 'Object Repository/Final Object Repo/Login Page/Internal User/Next Button' is clicked on

2018-12-04 11:30:49 - [MESSAGE][PASSED] - Object: 'Object Repository/Final Object Repo/Login Page/Internal User/Next Button' is clicked on

2018-12-04 11:30:49 - [TEST_STEP][PASSED] - delay: Delayed 2 second(s)

2018-12-04 11:30:51 - [MESSAGE][PASSED] - Delayed 2 second(s)

2018-12-04 11:30:51 - [TEST_STEP][PASSED] - setText: Text 'test' is set on object 'Object Repository/Final Object Repo/Login Page/Internal User/Password'

2018-12-04 11:30:51 - [MESSAGE][PASSED] - Text 'test' is set on object 'Object Repository/Final Object Repo/Login Page/Internal User/Password'

2018-12-04 11:30:51 - [TEST_STEP][PASSED] - delay: Delayed 2 second(s)

2018-12-04 11:30:53 - [MESSAGE][PASSED] - Delayed 2 second(s)

2018-12-04 11:30:53 - [TEST_STEP][PASSED] - click: Object: 'Object Repository/Final Object Repo/Login Page/Internal User/Login Button' is clicked on

2018-12-04 11:30:53 - [MESSAGE][PASSED] - Object: 'Object Repository/Final Object Repo/Login Page/Internal User/Login Button' is clicked on

2018-12-04 11:30:53 - [TEST_STEP][PASSED] - Statement - tester = com.kms.katalon.core.testobject.ObjectRepository.findTestObject(Final Object Repo/Landing Page/Select to English): Finding Test Object with id 'Object Repository/Final Object Repo/Landing Page/Select to English'

2018-12-04 11:30:53 - [TEST_STEP][PASSED] - Statement - Try: Delayed 2 second(s)

2018-12-04 11:30:53 - [TEST_STEP][PASSED] - Statement - Checker = com.kms.katalon.core.webui.keyword.WebUiBuiltInKeywords.verifyElementNotPresent(tester, 3): Web element with id: 'Object Repository/Final Object Repo/Landing Page/Select to English' located by 'By.xpath: //a[@class = 'taglib-language-list-text' and @lang = 'en-US' and (contains(text(), 'EN') or contains(., 'EN'))]' is not present after '3' second(s)

2018-12-04 11:30:55 - [MESSAGE][PASSED] - Web element with id: 'Object Repository/Final Object Repo/Landing Page/Select to English' located by 'By.xpath: //a[@class = 'taglib-language-list-text' and @lang = 'en-US' and (contains(text(), 'EN') or contains(., 'EN'))]' is not present after '3' second(s)

2018-12-04 11:30:55 - [TEST_STEP][PASSED] - Statement - If (Checker == false): null

2018-12-04 11:30:55 - [TEST_STEP][PASSED] - delay: Delayed 2 second(s)

2018-12-04 11:30:57 - [MESSAGE][PASSED] - Delayed 2 second(s)

2018-12-04 11:30:57 - [TEST_STEP][PASSED] - delay: Delayed 5 second(s)

2018-12-04 11:31:02 - [MESSAGE][PASSED] - Delayed 5 second(s)

2018-12-04 11:31:02 - [TEST_STEP][PASSED] - mouseOver: Object: 'Object Repository/Final Object Repo/Landing Page/WorkFlow Menu' is hovered

2018-12-04 11:31:02 - [MESSAGE][PASSED] - Object: 'Object Repository/Final Object Repo/Landing Page/WorkFlow Menu' is hovered

2018-12-04 11:31:02 - [TEST_STEP][PASSED] - delay: Delayed 2 second(s)

2018-12-04 11:31:04 - [MESSAGE][PASSED] - Delayed 2 second(s)

2018-12-04 11:31:04 - [TEST_STEP][PASSED] - click: Object: 'Object Repository/Final Object Repo/Landing Page/Select to Workflow Listing' is clicked on

2018-12-04 11:31:05 - [MESSAGE][PASSED] - Object: 'Object Repository/Final Object Repo/Landing Page/Select to Workflow Listing' is clicked on

2018-12-04 11:31:05 - [TEST_STEP][PASSED] - delay: Delayed 2 second(s)

2018-12-04 11:31:07 - [MESSAGE][PASSED] - Delayed 2 second(s)

2018-12-04 11:31:07 - [TEST_STEP][PASSED] - click: Object: 'Object Repository/Final Object Repo/WorkFlow Listing Page/Search Information - To Put Ref No' is clicked on

2018-12-04 11:31:08 - [MESSAGE][PASSED] - Object: 'Object Repository/Final Object Repo/WorkFlow Listing Page/Search Information - To Put Ref No' is clicked on

2018-12-04 11:31:08 - [TEST_STEP][PASSED] - delay: Delayed 2 second(s)

2018-12-04 11:31:10 - [MESSAGE][PASSED] - Delayed 2 second(s)

2018-12-04 11:31:10 - [TEST_STEP][PASSED] - callTestCase: Call Test Case 'Test Cases/Final Aug 2018 - PKS Automation/Common/Reference Number Getter' successfully

2018-12-04 11:31:10 - [TEST_CASE][PASSED] - Test Cases/Final Aug 2018 - PKS Automation/Common/Reference Number Getter: Test Cases/Final Aug 2018 - PKS Automation/Common/Reference Number Getter

2018-12-04 11:31:10 - [TEST_STEP][PASSED] - Statement - Try: null

2018-12-04 11:31:10 - [TEST_STEP][PASSED] - Statement - RefNo = new java.io.File(C://Users//Admin//Desktop//PKS//Automation Reference Point//KatalonReference.txt): null

2018-12-04 11:31:10 - [TEST_STEP][PASSED] - Statement - bufferread = new java.io.BufferedReader(new java.io.FileReader(RefNo)): null

2018-12-04 11:31:10 - [TEST_STEP][PASSED] - Statement - readedVal = bufferread.readLine(): null

2018-12-04 11:31:10 - [TEST_STEP][PASSED] - Statement - out.println(CaseReferenceNo): null

2018-12-04 11:31:10 - [TEST_STEP][PASSED] - Statement - out.println(readedVal): null

2018-12-04 11:31:10 - [TEST_STEP][PASSED] - Statement - CaseReferenceNo = "": null

2018-12-04 11:31:10 - [TEST_STEP][PASSED] - Statement - CaseReferenceNo = readedVal: null

2018-12-04 11:31:10 - [MESSAGE][PASSED] - Call Test Case 'Test Cases/Final Aug 2018 - PKS Automation/Common/Reference Number Getter' successfully

2018-12-04 11:31:10 - [TEST_STEP][PASSED] - setText: Text 'CRN12201800122971' is set on object 'Object Repository/Final Object Repo/WorkFlow Listing Page/Ref No Set Text'

2018-12-04 11:31:10 - [MESSAGE][PASSED] - Text 'CRN12201800122971' is set on object 'Object Repository/Final Object Repo/WorkFlow Listing Page/Ref No Set Text'

2018-12-04 11:31:10 - [TEST_STEP][PASSED] - delay: Delayed 2 second(s)

2018-12-04 11:31:12 - [MESSAGE][PASSED] - Delayed 2 second(s)

2018-12-04 11:31:12 - [TEST_STEP][PASSED] - click: Object: 'Object Repository/Final Object Repo/WorkFlow Listing Page/Search Ref No Search Button' is clicked on

2018-12-04 11:31:12 - [MESSAGE][PASSED] - Object: 'Object Repository/Final Object Repo/WorkFlow Listing Page/Search Ref No Search Button' is clicked on

2018-12-04 11:31:12 - [TEST_STEP][PASSED] - delay: Delayed 6 second(s)

2018-12-04 11:31:18 - [MESSAGE][PASSED] - Delayed 6 second(s)

2018-12-04 11:31:18 - [TEST_STEP][PASSED] - click: Object: 'Object Repository/Final Object Repo/WorkFlow Listing Page/Click Continue Tooltip' is clicked on

2018-12-04 11:31:19 - [MESSAGE][PASSED] - Object: 'Object Repository/Final Object Repo/WorkFlow Listing Page/Click Continue Tooltip' is clicked on

2018-12-04 11:31:19 - [TEST_STEP][PASSED] - delay: Delayed 5 second(s)

2018-12-04 11:31:24 - [MESSAGE][PASSED] - Delayed 5 second(s)

2018-12-04 11:31:24 - [TEST_STEP][PASSED] - doubleClick: Object: 'Object Repository/Final Object Repo/WorkFlow Listing Page/Workflow Found - Listing 1' is double clicked on

2018-12-04 11:31:24 - [MESSAGE][PASSED] - Object: 'Object Repository/Final Object Repo/WorkFlow Listing Page/Workflow Found - Listing 1' is double clicked on

2018-12-04 11:31:24 - [TEST_STEP][PASSED] - Statement - println(OwnerID): null

2018-12-04 11:31:24 - [TEST_STEP][PASSED] - Statement - OwnerID = com.kms.katalon.core.webui.keyword.WebUiBuiltInKeywords.getText(com.kms.katalon.core.testobject.ObjectRepository.findTestObject(Final Object Repo/WorkFlow Listing Page/Workflow Found - Listing 1), STOP_ON_FAILURE): Text of object 'Object Repository/Final Object Repo/WorkFlow Listing Page/Workflow Found - Listing 1' is: 'JOHORro2'

2018-12-04 11:31:25 - [MESSAGE][PASSED] - Text of object 'Object Repository/Final Object Repo/WorkFlow Listing Page/Workflow Found - Listing 1' is: 'JOHORro2'

2018-12-04 11:31:25 - [TEST_STEP][PASSED] - Statement - OwnerID = OwnerID.toLowerCase() + "@gmail.com": null

2018-12-04 11:31:25 - [TEST_STEP][PASSED] - Statement - println(OwnerID): null

2018-12-04 11:31:25 - [TEST_STEP][PASSED] - delay: Delayed 2 second(s)

2018-12-04 11:31:27 - [MESSAGE][PASSED] - Delayed 2 second(s)

2018-12-04 11:31:27 - [MESSAGE][PASSED] - Call Test Case 'Test Cases/Final Aug 2018 - PKS Automation/Common/Workflow Owner Finder' successfully

2018-12-04 11:31:27 - [TEST_STEP][PASSED] - callTestCase: Call Test Case 'Test Cases/Final Aug 2018 - PKS Automation/Registration Module/Log Out/log out avoiding katalon tagging' successfully

2018-12-04 11:31:27 - [TEST_CASE][PASSED] - Test Cases/Final Aug 2018 - PKS Automation/Registration Module/Log Out/log out avoiding katalon tagging: Test Cases/Final Aug 2018 - PKS Automation/Registration Module/Log Out/log out avoiding katalon tagging

2018-12-04 11:31:27 - [TEST_STEP][PASSED] - navigateToUrl: Navigate to 'https://assist2-uat.perkeso.gov.my/c/portal/logout' successfully

2018-12-04 11:31:28 - [MESSAGE][PASSED] - Navigate to 'https://assist2-uat.perkeso.gov.my/c/portal/logout' successfully

2018-12-04 11:31:28 - [MESSAGE][PASSED] - Call Test Case 'Test Cases/Final Aug 2018 - PKS Automation/Registration Module/Log Out/log out avoiding katalon tagging' successfully

2018-12-04 11:31:28 - [TEST_STEP][PASSED] - delay: Delayed 2 second(s)

2018-12-04 11:31:30 - [MESSAGE][PASSED] - Delayed 2 second(s)

2018-12-04 11:31:30 - [TEST_STEP][PASSED] - setText: Text 'johorro2@gmail.com' is set on object 'Object Repository/Final Object Repo/New Registration - Registration Module Pages/New Reg - OTC to RO/Special Case - All Related Objects/Email TextBox'

2018-12-04 11:31:30 - [MESSAGE][PASSED] - Text 'johorro2@gmail.com' is set on object 'Object Repository/Final Object Repo/New Registration - Registration Module Pages/New Reg - OTC to RO/Special Case - All Related Objects/Email TextBox'

2018-12-04 11:31:30 - [TEST_STEP][PASSED] - click: Object: 'Object Repository/Final Object Repo/New Registration - Registration Module Pages/New Reg - OTC to RO/Special Case - All Related Objects/Next Button' is clicked on

2018-12-04 11:31:30 - [MESSAGE][PASSED] - Object: 'Object Repository/Final Object Repo/New Registration - Registration Module Pages/New Reg - OTC to RO/Special Case - All Related Objects/Next Button' is clicked on

2018-12-04 11:31:30 - [TEST_STEP][PASSED] - delay: Delayed 2 second(s)

2018-12-04 11:31:32 - [MESSAGE][PASSED] - Delayed 2 second(s)

2018-12-04 11:31:32 - [TEST_STEP][PASSED] - setText: Text 'Test1@3456789' is set on object 'Object Repository/Final Object Repo/New Registration - Registration Module Pages/New Reg - OTC to RO/Special Case - All Related Objects/Password TextBox'

2018-12-04 11:31:32 - [MESSAGE][PASSED] - Text 'Test1@3456789' is set on object 'Object Repository/Final Object Repo/New Registration - Registration Module Pages/New Reg - OTC to RO/Special Case - All Related Objects/Password TextBox'

2018-12-04 11:31:32 - [TEST_STEP][PASSED] - delay: Delayed 2 second(s)

2018-12-04 11:31:34 - [MESSAGE][PASSED] - Delayed 2 second(s)

2018-12-04 11:31:34 - [TEST_STEP][PASSED] - click: Object: 'Object Repository/Final Object Repo/New Registration - Registration Module Pages/New Reg - OTC to RO/Special Case - All Related Objects/Login Button' is clicked on

2018-12-04 11:31:35 - [MESSAGE][PASSED] - Object: 'Object Repository/Final Object Repo/New Registration - Registration Module Pages/New Reg - OTC to RO/Special Case - All Related Objects/Login Button' is clicked on

2018-12-04 11:31:35 - [TEST_STEP][PASSED] - delay: Delayed 2 second(s)

2018-12-04 11:31:37 - [MESSAGE][PASSED] - Delayed 2 second(s)

2018-12-04 11:31:37 - [TEST_STEP][PASSED] - Statement - Try: null

2018-12-04 11:31:37 - [TEST_STEP][PASSED] - Statement - Checker = com.kms.katalon.core.webui.keyword.WebUiBuiltInKeywords.verifyElementNotPresent("Final Object Repo/Landing Page/Select to English", 3): null

2018-12-04 11:31:37 - [TEST_STEP][PASSED] - Statement - Catch (Exception e): null

2018-12-04 11:31:37 - [TEST_STEP][PASSED] - Statement - e.printStackTrace(): null

2018-12-04 11:31:37 - [TEST_STEP][PASSED] - click: Object: 'Object Repository/Final Object Repo/New Registration - Registration Module Pages/New Reg - OTC to RO/Special Case - All Related Objects/Expand to Search' is clicked on

2018-12-04 11:31:37 - [MESSAGE][PASSED] - Object: 'Object Repository/Final Object Repo/New Registration - Registration Module Pages/New Reg - OTC to RO/Special Case - All Related Objects/Expand to Search' is clicked on

2018-12-04 11:31:37 - [TEST_STEP][PASSED] - setText: Text 'CRN12201800122971' is set on object 'Object Repository/Final Object Repo/New Registration - Registration Module Pages/New Reg - OTC to RO/Special Case - All Related Objects/TextBox RefNo in Workbasket'

2018-12-04 11:31:37 - [MESSAGE][PASSED] - Text 'CRN12201800122971' is set on object 'Object Repository/Final Object Repo/New Registration - Registration Module Pages/New Reg - OTC to RO/Special Case - All Related Objects/TextBox RefNo in Workbasket'

2018-12-04 11:31:37 - [TEST_STEP][PASSED] - delay: Delayed 2 second(s)

2018-12-04 11:31:39 - [MESSAGE][PASSED] - Delayed 2 second(s)

2018-12-04 11:31:39 - [TEST_STEP][PASSED] - click: Object: 'Object Repository/Final Object Repo/New Registration - Registration Module Pages/New Reg - OTC to RO/Special Case - All Related Objects/Click Search' is clicked on

2018-12-04 11:31:40 - [MESSAGE][PASSED] - Object: 'Object Repository/Final Object Repo/New Registration - Registration Module Pages/New Reg - OTC to RO/Special Case - All Related Objects/Click Search' is clicked on

2018-12-04 11:31:40 - [TEST_STEP][PASSED] - delay: Delayed 2 second(s)

2018-12-04 11:31:42 - [MESSAGE][PASSED] - Delayed 2 second(s)

2018-12-04 11:31:42 - [TEST_STEP][PASSED] - click: Object: 'Object Repository/Final Object Repo/New Registration - Registration Module Pages/New Reg - OTC to RO/Special Case - All Related Objects/Click to Continue Workflow' is clicked on

2018-12-04 11:31:45 - [MESSAGE][PASSED] - Object: 'Object Repository/Final Object Repo/New Registration - Registration Module Pages/New Reg - OTC to RO/Special Case - All Related Objects/Click to Continue Workflow' is clicked on

2018-12-04 11:31:45 - [TEST_STEP][PASSED] - delay: Delayed 2 second(s)

2018-12-04 11:31:47 - [MESSAGE][PASSED] - Delayed 2 second(s)

2018-12-04 11:31:47 - [TEST_STEP][PASSED] - click: Object: 'Object Repository/Final Object Repo/New Registration - Registration Module Pages/New Reg - OTC to RO/Special Case - All Related Objects/Continue Button in verifying case' is clicked on

2018-12-04 11:31:49 - [MESSAGE][PASSED] - Object: 'Object Repository/Final Object Repo/New Registration - Registration Module Pages/New Reg - OTC to RO/Special Case - All Related Objects/Continue Button in verifying case' is clicked on

2018-12-04 11:31:49 - [TEST_STEP][PASSED] - delay: Delayed 2 second(s)

2018-12-04 11:31:51 - [MESSAGE][PASSED] - Delayed 2 second(s)

2018-12-04 11:31:51 - [TEST_STEP][PASSED] - click: Object: 'Object Repository/Final Object Repo/New Registration - Registration Module Pages/Form 1/Registered As a Branch - Yes' is clicked on

2018-12-04 11:31:51 - [MESSAGE][PASSED] - Object: 'Object Repository/Final Object Repo/New Registration - Registration Module Pages/Form 1/Registered As a Branch - Yes' is clicked on

2018-12-04 11:31:51 - [TEST_STEP][PASSED] - delay: Delayed 2 second(s)

2018-12-04 11:31:53 - [MESSAGE][PASSED] - Delayed 2 second(s)

2018-12-04 11:31:53 - [TEST_STEP][PASSED] - click: Object: 'Object Repository/Final Object Repo/New Registration - Registration Module Pages/New Reg - OTC to RO/Special Case - All Related Objects/Form 1 Save n Continue' is clicked on

2018-12-04 11:31:53 - [MESSAGE][PASSED] - Object: 'Object Repository/Final Object Repo/New Registration - Registration Module Pages/New Reg - OTC to RO/Special Case - All Related Objects/Form 1 Save n Continue' is clicked on

2018-12-04 11:31:53 - [TEST_STEP][PASSED] - delay: Delayed 2 second(s)

2018-12-04 11:31:55 - [MESSAGE][PASSED] - Delayed 2 second(s)

2018-12-04 11:31:55 - [TEST_STEP][PASSED] - click: Object: 'Object Repository/Final Object Repo/New Registration - Registration Module Pages/New Reg - OTC to RO/Special Case - All Related Objects/Form 2 Save n Continue' is clicked on

2018-12-04 11:31:55 - [MESSAGE][PASSED] - Object: 'Object Repository/Final Object Repo/New Registration - Registration Module Pages/New Reg - OTC to RO/Special Case - All Related Objects/Form 2 Save n Continue' is clicked on

2018-12-04 11:31:55 - [TEST_STEP][PASSED] - delay: Delayed 2 second(s)

2018-12-04 11:31:57 - [MESSAGE][PASSED] - Delayed 2 second(s)

2018-12-04 11:31:57 - [TEST_STEP][PASSED] - click: Object: 'Object Repository/Final Object Repo/New Registration - Registration Module Pages/New Reg - OTC to RO/Special Case - All Related Objects/Third Screen Save n Continue' is clicked on

2018-12-04 11:32:03 - [MESSAGE][PASSED] - Object: 'Object Repository/Final Object Repo/New Registration - Registration Module Pages/New Reg - OTC to RO/Special Case - All Related Objects/Third Screen Save n Continue' is clicked on

2018-12-04 11:32:03 - [TEST_STEP][PASSED] - delay: Delayed 5 second(s)

2018-12-04 11:32:08 - [MESSAGE][PASSED] - Delayed 5 second(s)

2018-12-04 11:32:08 - [TEST_STEP][PASSED] - click: Object: 'Object Repository/Final Object Repo/New Registration - Registration Module Pages/New Reg - OTC to RO/Special Case - All Related Objects/Upload Doc Page Save n Continue' is clicked on

2018-12-04 11:32:08 - [MESSAGE][PASSED] - Object: 'Object Repository/Final Object Repo/New Registration - Registration Module Pages/New Reg - OTC to RO/Special Case - All Related Objects/Upload Doc Page Save n Continue' is clicked on

2018-12-04 11:32:08 - [TEST_STEP][PASSED] - callTestCase: Call Test Case 'Test Cases/Final Aug 2018 - PKS Automation/Registration Module/New Registration/Submit and Screenshot/Submit Registration and Screenshot' successfully

2018-12-04 11:32:08 - [TEST_CASE][PASSED] - Test Cases/Final Aug 2018 - PKS Automation/Registration Module/New Registration/Submit and Screenshot/Submit Registration and Screenshot: Test Cases/Final Aug 2018 - PKS Automation/Registration Module/New Registration/Submit and Screenshot/Submit Registration and Screenshot

2018-12-04 11:32:08 - [TEST_STEP][PASSED] - delay: Delayed 6 second(s)

2018-12-04 11:32:14 - [MESSAGE][PASSED] - Delayed 6 second(s)

2018-12-04 11:32:14 - [TEST_STEP][PASSED] - click: Object: 'Object Repository/Final Object Repo/New Registration - Registration Module Pages/Third Screen - Upload Supporting Doc- Preview/Preview Submit Button' is clicked on

2018-12-04 11:32:14 - [MESSAGE][PASSED] - Object: 'Object Repository/Final Object Repo/New Registration - Registration Module Pages/Third Screen - Upload Supporting Doc- Preview/Preview Submit Button' is clicked on

2018-12-04 11:32:14 - [TEST_STEP][PASSED] - delay: Delayed 2 second(s)

2018-12-04 11:32:16 - [MESSAGE][PASSED] - Delayed 2 second(s)

2018-12-04 11:32:16 - [TEST_STEP][PASSED] - click: Object: 'Object Repository/Final Object Repo/New Registration - Registration Module Pages/Third Screen - Upload Supporting Doc- Preview/Preview Submit - Confirm' is clicked on

2018-12-04 11:32:16 - [MESSAGE][PASSED] - Object: 'Object Repository/Final Object Repo/New Registration - Registration Module Pages/Third Screen - Upload Supporting Doc- Preview/Preview Submit - Confirm' is clicked on

2018-12-04 11:32:16 - [TEST_STEP][PASSED] - delay: Delayed 15 second(s)

2018-12-04 11:32:31 - [MESSAGE][PASSED] - Delayed 15 second(s)

2018-12-04 11:32:31 - [TEST_STEP][PASSED] - Statement - driver = com.kms.katalon.core.webui.driver.DriverFactory.getWebDriver(): null

2018-12-04 11:32:31 - [TEST_STEP][PASSED] - Statement - driver.manage().timeouts().implicitlyWait(10, SECONDS): null

2018-12-04 11:32:31 - [TEST_STEP][PASSED] - Statement - PresavePath = KatalonScreenshots: null

2018-12-04 11:32:31 - [TEST_STEP][PASSED] - Statement - pathPrefix = "C:\Users\Public\Pictures\Sample Pictures\Katalon Screenshots\Automate Ending Screen": null

2018-12-04 11:32:31 - [TEST_STEP][PASSED] - Statement - finalPath = <not implemented yet for class: org.codehaus.groovy.ast.expr.EmptyExpression>: null

2018-12-04 11:32:31 - [TEST_STEP][PASSED] - Statement - scrFile = driver.getScreenshotAs(FILE): null

2018-12-04 11:32:32 - [TEST_STEP][PASSED] - Statement - PreSaveFile = new java.io.File(PresavePath): null

2018-12-04 11:32:32 - [TEST_STEP][PASSED] - Statement - counter = 0: null

2018-12-04 11:32:32 - [TEST_STEP][PASSED] - Statement - If (PreSaveFile.exists()): null

2018-12-04 11:32:32 - [TEST_STEP][PASSED] - Statement - While (PreSaveFile.exists()): null

2018-12-04 11:32:32 - [TEST_STEP][PASSED] - Statement - counter = counter + 1: null

2018-12-04 11:32:32 - [TEST_STEP][PASSED] - Statement - PreSaveFile = new java.io.File(((pathPrefix + java.lang.Integer.toString(counter)) + .png)): null

2018-12-04 11:32:32 - [TEST_STEP][PASSED] - Statement - counter = counter + 1: null

2018-12-04 11:32:32 - [TEST_STEP][PASSED] - Statement - PreSaveFile = new java.io.File(((pathPrefix + java.lang.Integer.toString(counter)) + .png)): null

2018-12-04 11:32:32 - [TEST_STEP][PASSED] - Statement - counter = counter + 1: null

2018-12-04 11:32:32 - [TEST_STEP][PASSED] - Statement - PreSaveFile = new java.io.File(((pathPrefix + java.lang.Integer.toString(counter)) + .png)): null

2018-12-04 11:32:32 - [TEST_STEP][PASSED] - Statement - counter = counter + 1: null

2018-12-04 11:32:32 - [TEST_STEP][PASSED] - Statement - PreSaveFile = new java.io.File(((pathPrefix + java.lang.Integer.toString(counter)) + .png)): null

2018-12-04 11:32:32 - [TEST_STEP][PASSED] - Statement - counter = counter + 1: null

2018-12-04 11:32:32 - [TEST_STEP][PASSED] - Statement - PreSaveFile = new java.io.File(((pathPrefix + java.lang.Integer.toString(counter)) + .png)): null

2018-12-04 11:32:32 - [TEST_STEP][PASSED] - Statement - counter = counter + 1: null

2018-12-04 11:32:32 - [TEST_STEP][PASSED] - Statement - PreSaveFile = new java.io.File(((pathPrefix + java.lang.Integer.toString(counter)) + .png)): null

2018-12-04 11:32:32 - [TEST_STEP][PASSED] - Statement - counter = counter + 1: null

2018-12-04 11:32:32 - [TEST_STEP][PASSED] - Statement - PreSaveFile = new java.io.File(((pathPrefix + java.lang.Integer.toString(counter)) + .png)): null

2018-12-04 11:32:32 - [TEST_STEP][PASSED] - Statement - counter = counter + 1: null

2018-12-04 11:32:32 - [TEST_STEP][PASSED] - Statement - PreSaveFile = new java.io.File(((pathPrefix + java.lang.Integer.toString(counter)) + .png)): null

2018-12-04 11:32:32 - [TEST_STEP][PASSED] - Statement - counter = counter + 1: null

2018-12-04 11:32:32 - [TEST_STEP][PASSED] - Statement - PreSaveFile = new java.io.File(((pathPrefix + java.lang.Integer.toString(counter)) + .png)): null

2018-12-04 11:32:32 - [TEST_STEP][PASSED] - Statement - counter = counter + 1: null

2018-12-04 11:32:32 - [TEST_STEP][PASSED] - Statement - PreSaveFile = new java.io.File(((pathPrefix + java.lang.Integer.toString(counter)) + .png)): null

2018-12-04 11:32:32 - [TEST_STEP][PASSED] - Statement - counter = counter + 1: null

2018-12-04 11:32:32 - [TEST_STEP][PASSED] - Statement - PreSaveFile = new java.io.File(((pathPrefix + java.lang.Integer.toString(counter)) + .png)): null

2018-12-04 11:32:32 - [TEST_STEP][PASSED] - Statement - counter = counter + 1: null

2018-12-04 11:32:32 - [TEST_STEP][PASSED] - Statement - PreSaveFile = new java.io.File(((pathPrefix + java.lang.Integer.toString(counter)) + .png)): null

2018-12-04 11:32:32 - [TEST_STEP][PASSED] - Statement - counter = counter + 1: null

2018-12-04 11:32:32 - [TEST_STEP][PASSED] - Statement - PreSaveFile = new java.io.File(((pathPrefix + java.lang.Integer.toString(counter)) + .png)): null

2018-12-04 11:32:32 - [TEST_STEP][PASSED] - Statement - counter = counter + 1: null

2018-12-04 11:32:32 - [TEST_STEP][PASSED] - Statement - PreSaveFile = new java.io.File(((pathPrefix + java.lang.Integer.toString(counter)) + .png)): null

2018-12-04 11:32:32 - [TEST_STEP][PASSED] - Statement - counter = counter + 1: null

2018-12-04 11:32:32 - [TEST_STEP][PASSED] - Statement - PreSaveFile = new java.io.File(((pathPrefix + java.lang.Integer.toString(counter)) + .png)): null

2018-12-04 11:32:32 - [TEST_STEP][PASSED] - Statement - counter = counter + 1: null

2018-12-04 11:32:32 - [TEST_STEP][PASSED] - Statement - PreSaveFile = new java.io.File(((pathPrefix + java.lang.Integer.toString(counter)) + .png)): null

2018-12-04 11:32:33 - [TEST_STEP][PASSED] - Statement - counter = counter + 1: null

2018-12-04 11:32:33 - [TEST_STEP][PASSED] - Statement - PreSaveFile = new java.io.File(((pathPrefix + java.lang.Integer.toString(counter)) + .png)): null

2018-12-04 11:32:34 - [TEST_STEP][PASSED] - Statement - counter = counter + 1: null

2018-12-04 11:32:34 - [TEST_STEP][PASSED] - Statement - PreSaveFile = new java.io.File(((pathPrefix + java.lang.Integer.toString(counter)) + .png)): null

2018-12-04 11:32:34 - [TEST_STEP][PASSED] - Statement - counter = counter + 1: null

2018-12-04 11:32:35 - [TEST_STEP][PASSED] - Statement - PreSaveFile = new java.io.File(((pathPrefix + java.lang.Integer.toString(counter)) + .png)): null

2018-12-04 11:32:35 - [TEST_STEP][PASSED] - Statement - counter = counter + 1: null

2018-12-04 11:32:35 - [TEST_STEP][PASSED] - Statement - PreSaveFile = new java.io.File(((pathPrefix + java.lang.Integer.toString(counter)) + .png)): null

2018-12-04 11:32:35 - [TEST_STEP][PASSED] - Statement - counter = counter + 1: null

2018-12-04 11:32:35 - [TEST_STEP][PASSED] - Statement - PreSaveFile = new java.io.File(((pathPrefix + java.lang.Integer.toString(counter)) + .png)): null

2018-12-04 11:32:35 - [TEST_STEP][PASSED] - Statement - counter = counter + 1: null

2018-12-04 11:32:35 - [TEST_STEP][PASSED] - Statement - PreSaveFile = new java.io.File(((pathPrefix + java.lang.Integer.toString(counter)) + .png)): null

2018-12-04 11:32:35 - [TEST_STEP][PASSED] - Statement - counter = counter + 1: null

2018-12-04 11:32:35 - [TEST_STEP][PASSED] - Statement - PreSaveFile = new java.io.File(((pathPrefix + java.lang.Integer.toString(counter)) + .png)): null

2018-12-04 11:32:35 - [TEST_STEP][PASSED] - Statement - counter = counter + 1: null

2018-12-04 11:32:35 - [TEST_STEP][PASSED] - Statement - PreSaveFile = new java.io.File(((pathPrefix + java.lang.Integer.toString(counter)) + .png)): null

2018-12-04 11:32:35 - [TEST_STEP][PASSED] - Statement - counter = counter + 1: null

2018-12-04 11:32:35 - [TEST_STEP][PASSED] - Statement - PreSaveFile = new java.io.File(((pathPrefix + java.lang.Integer.toString(counter)) + .png)): null

2018-12-04 11:32:35 - [TEST_STEP][PASSED] - Statement - counter = counter + 1: null

2018-12-04 11:32:35 - [TEST_STEP][PASSED] - Statement - PreSaveFile = new java.io.File(((pathPrefix + java.lang.Integer.toString(counter)) + .png)): null

2018-12-04 11:32:35 - [TEST_STEP][PASSED] - Statement - counter = counter + 1: null

2018-12-04 11:32:35 - [TEST_STEP][PASSED] - Statement - PreSaveFile = new java.io.File(((pathPrefix + java.lang.Integer.toString(counter)) + .png)): null

2018-12-04 11:32:35 - [TEST_STEP][PASSED] - Statement - counter = counter + 1: null

2018-12-04 11:32:35 - [TEST_STEP][PASSED] - Statement - PreSaveFile = new java.io.File(((pathPrefix + java.lang.Integer.toString(counter)) + .png)): null

2018-12-04 11:32:36 - [TEST_STEP][PASSED] - Statement - counter = counter + 1: null

2018-12-04 11:32:36 - [TEST_STEP][PASSED] - Statement - PreSaveFile = new java.io.File(((pathPrefix + java.lang.Integer.toString(counter)) + .png)): null

2018-12-04 11:32:36 - [TEST_STEP][PASSED] - Statement - counter = counter + 1: null

2018-12-04 11:32:36 - [TEST_STEP][PASSED] - Statement - PreSaveFile = new java.io.File(((pathPrefix + java.lang.Integer.toString(counter)) + .png)): null

2018-12-04 11:32:36 - [TEST_STEP][PASSED] - Statement - counter = counter + 1: null

2018-12-04 11:32:36 - [TEST_STEP][PASSED] - Statement - PreSaveFile = new java.io.File(((pathPrefix + java.lang.Integer.toString(counter)) + .png)): null

2018-12-04 11:32:36 - [TEST_STEP][PASSED] - Statement - counter = counter + 1: null

2018-12-04 11:32:36 - [TEST_STEP][PASSED] - Statement - PreSaveFile = new java.io.File(((pathPrefix + java.lang.Integer.toString(counter)) + .png)): null

2018-12-04 11:32:36 - [TEST_STEP][PASSED] - Statement - counter = counter + 1: null

2018-12-04 11:32:38 - [TEST_STEP][PASSED] - Statement - PreSaveFile = new java.io.File(((pathPrefix + java.lang.Integer.toString(counter)) + .png)): null

2018-12-04 11:32:38 - [TEST_STEP][PASSED] - Statement - counter = counter + 1: null

2018-12-04 11:32:38 - [TEST_STEP][PASSED] - Statement - PreSaveFile = new java.io.File(((pathPrefix + java.lang.Integer.toString(counter)) + .png)): null

2018-12-04 11:32:38 - [TEST_STEP][PASSED] - Statement - counter = counter + 1: null

2018-12-04 11:32:38 - [TEST_STEP][PASSED] - Statement - PreSaveFile = new java.io.File(((pathPrefix + java.lang.Integer.toString(counter)) + .png)): null

2018-12-04 11:32:38 - [TEST_STEP][PASSED] - Statement - counter = counter + 1: null

2018-12-04 11:32:38 - [TEST_STEP][PASSED] - Statement - PreSaveFile = new java.io.File(((pathPrefix + java.lang.Integer.toString(counter)) + .png)): null

2018-12-04 11:32:38 - [TEST_STEP][PASSED] - Statement - counter = counter + 1: null

2018-12-04 11:32:38 - [TEST_STEP][PASSED] - Statement - PreSaveFile = new java.io.File(((pathPrefix + java.lang.Integer.toString(counter)) + .png)): null

2018-12-04 11:32:38 - [TEST_STEP][PASSED] - Statement - counter = counter + 1: null

2018-12-04 11:32:39 - [TEST_STEP][PASSED] - Statement - PreSaveFile = new java.io.File(((pathPrefix + java.lang.Integer.toString(counter)) + .png)): null

2018-12-04 11:32:39 - [TEST_STEP][PASSED] - Statement - counter = counter + 1: null

2018-12-04 11:32:39 - [TEST_STEP][PASSED] - Statement - PreSaveFile = new java.io.File(((pathPrefix + java.lang.Integer.toString(counter)) + .png)): null

2018-12-04 11:32:39 - [TEST_STEP][PASSED] - Statement - counter = counter + 1: null

2018-12-04 11:32:39 - [TEST_STEP][PASSED] - Statement - PreSaveFile = new java.io.File(((pathPrefix + java.lang.Integer.toString(counter)) + .png)): null

2018-12-04 11:32:39 - [TEST_STEP][PASSED] - Statement - counter = counter + 1: null

2018-12-04 11:32:39 - [TEST_STEP][PASSED] - Statement - PreSaveFile = new java.io.File(((pathPrefix + java.lang.Integer.toString(counter)) + .png)): null

2018-12-04 11:32:39 - [TEST_STEP][PASSED] - Statement - counter = counter + 1: null

2018-12-04 11:32:39 - [TEST_STEP][PASSED] - Statement - PreSaveFile = new java.io.File(((pathPrefix + java.lang.Integer.toString(counter)) + .png)): null

2018-12-04 11:32:39 - [TEST_STEP][PASSED] - Statement - counter = counter + 1: null

2018-12-04 11:32:40 - [TEST_STEP][PASSED] - Statement - PreSaveFile = new java.io.File(((pathPrefix + java.lang.Integer.toString(counter)) + .png)): null

2018-12-04 11:32:40 - [TEST_STEP][PASSED] - Statement - counter = counter + 1: null

2018-12-04 11:32:40 - [TEST_STEP][PASSED] - Statement - PreSaveFile = new java.io.File(((pathPrefix + java.lang.Integer.toString(counter)) + .png)): null

2018-12-04 11:32:40 - [TEST_STEP][PASSED] - Statement - counter = counter + 1: null

2018-12-04 11:32:40 - [TEST_STEP][PASSED] - Statement - PreSaveFile = new java.io.File(((pathPrefix + java.lang.Integer.toString(counter)) + .png)): null

2018-12-04 11:32:40 - [TEST_STEP][PASSED] - Statement - counter = counter + 1: null

2018-12-04 11:32:40 - [TEST_STEP][PASSED] - Statement - PreSaveFile = new java.io.File(((pathPrefix + java.lang.Integer.toString(counter)) + .png)): null

2018-12-04 11:32:40 - [TEST_STEP][PASSED] - Statement - counter = counter + 1: null

2018-12-04 11:32:40 - [TEST_STEP][PASSED] - Statement - PreSaveFile = new java.io.File(((pathPrefix + java.lang.Integer.toString(counter)) + .png)): null

2018-12-04 11:32:42 - [TEST_STEP][PASSED] - Statement - counter = counter + 1: null

2018-12-04 11:32:42 - [TEST_STEP][PASSED] - Statement - PreSaveFile = new java.io.File(((pathPrefix + java.lang.Integer.toString(counter)) + .png)): null

2018-12-04 11:32:42 - [TEST_STEP][PASSED] - Statement - counter = counter + 1: null

2018-12-04 11:32:42 - [TEST_STEP][PASSED] - Statement - PreSaveFile = new java.io.File(((pathPrefix + java.lang.Integer.toString(counter)) + .png)): null

2018-12-04 11:32:42 - [TEST_STEP][PASSED] - Statement - counter = counter + 1: null

2018-12-04 11:32:42 - [TEST_STEP][PASSED] - Statement - PreSaveFile = new java.io.File(((pathPrefix + java.lang.Integer.toString(counter)) + .png)): null

2018-12-04 11:32:42 - [TEST_STEP][PASSED] - Statement - counter = counter + 1: null

2018-12-04 11:32:42 - [TEST_STEP][PASSED] - Statement - PreSaveFile = new java.io.File(((pathPrefix + java.lang.Integer.toString(counter)) + .png)): null

2018-12-04 11:32:42 - [TEST_STEP][PASSED] - Statement - counter = counter + 1: null

2018-12-04 11:32:44 - [TEST_STEP][PASSED] - Statement - PreSaveFile = new java.io.File(((pathPrefix + java.lang.Integer.toString(counter)) + .png)): null

2018-12-04 11:32:44 - [TEST_STEP][PASSED] - Statement - counter = counter + 1: null

2018-12-04 11:32:44 - [TEST_STEP][PASSED] - Statement - PreSaveFile = new java.io.File(((pathPrefix + java.lang.Integer.toString(counter)) + .png)): null

2018-12-04 11:32:44 - [TEST_STEP][PASSED] - Statement - counter = counter + 1: null

2018-12-04 11:32:44 - [TEST_STEP][PASSED] - Statement - PreSaveFile = new java.io.File(((pathPrefix + java.lang.Integer.toString(counter)) + .png)): null

2018-12-04 11:32:44 - [TEST_STEP][PASSED] - Statement - counter = counter + 1: null

2018-12-04 11:32:44 - [TEST_STEP][PASSED] - Statement - PreSaveFile = new java.io.File(((pathPrefix + java.lang.Integer.toString(counter)) + .png)): null

2018-12-04 11:32:44 - [TEST_STEP][PASSED] - Statement - counter = counter + 1: null

2018-12-04 11:32:44 - [TEST_STEP][PASSED] - Statement - PreSaveFile = new java.io.File(((pathPrefix + java.lang.Integer.toString(counter)) + .png)): null

2018-12-04 11:32:44 - [TEST_STEP][PASSED] - Statement - counter = counter + 1: null

2018-12-04 11:32:45 - [TEST_STEP][PASSED] - Statement - PreSaveFile = new java.io.File(((pathPrefix + java.lang.Integer.toString(counter)) + .png)): null

2018-12-04 11:32:45 - [TEST_STEP][PASSED] - Statement - counter = counter + 1: null

2018-12-04 11:32:45 - [TEST_STEP][PASSED] - Statement - PreSaveFile = new java.io.File(((pathPrefix + java.lang.Integer.toString(counter)) + .png)): null

2018-12-04 11:32:45 - [TEST_STEP][PASSED] - Statement - counter = counter + 1: null

2018-12-04 11:32:45 - [TEST_STEP][PASSED] - Statement - PreSaveFile = new java.io.File(((pathPrefix + java.lang.Integer.toString(counter)) + .png)): null

2018-12-04 11:32:45 - [TEST_STEP][PASSED] - Statement - counter = counter + 1: null

2018-12-04 11:32:45 - [TEST_STEP][PASSED] - Statement - PreSaveFile = new java.io.File(((pathPrefix + java.lang.Integer.toString(counter)) + .png)): null

2018-12-04 11:32:45 - [TEST_STEP][PASSED] - Statement - counter = counter + 1: null

2018-12-04 11:32:45 - [TEST_STEP][PASSED] - Statement - PreSaveFile = new java.io.File(((pathPrefix + java.lang.Integer.toString(counter)) + .png)): null

2018-12-04 11:32:45 - [TEST_STEP][PASSED] - Statement - counter = counter + 1: null

2018-12-04 11:32:46 - [TEST_STEP][PASSED] - Statement - PreSaveFile = new java.io.File(((pathPrefix + java.lang.Integer.toString(counter)) + .png)): null

2018-12-04 11:32:46 - [TEST_STEP][PASSED] - Statement - counter = counter + 1: null

2018-12-04 11:32:46 - [TEST_STEP][PASSED] - Statement - PreSaveFile = new java.io.File(((pathPrefix + java.lang.Integer.toString(counter)) + .png)): null

2018-12-04 11:32:46 - [TEST_STEP][PASSED] - Statement - counter = counter + 1: null

2018-12-04 11:32:46 - [TEST_STEP][PASSED] - Statement - PreSaveFile = new java.io.File(((pathPrefix + java.lang.Integer.toString(counter)) + .png)): null

2018-12-04 11:32:46 - [TEST_STEP][PASSED] - Statement - counter = counter + 1: null

2018-12-04 11:32:46 - [TEST_STEP][PASSED] - Statement - PreSaveFile = new java.io.File(((pathPrefix + java.lang.Integer.toString(counter)) + .png)): null

2018-12-04 11:32:46 - [TEST_STEP][PASSED] - Statement - counter = counter + 1: null

2018-12-04 11:32:46 - [TEST_STEP][PASSED] - Statement - PreSaveFile = new java.io.File(((pathPrefix + java.lang.Integer.toString(counter)) + .png)): null

2018-12-04 11:32:46 - [TEST_STEP][PASSED] - Statement - counter = counter + 1: null

2018-12-04 11:32:47 - [TEST_STEP][PASSED] - Statement - PreSaveFile = new java.io.File(((pathPrefix + java.lang.Integer.toString(counter)) + .png)): null

2018-12-04 11:32:47 - [TEST_STEP][PASSED] - Statement - counter = counter + 1: null

2018-12-04 11:32:47 - [TEST_STEP][PASSED] - Statement - PreSaveFile = new java.io.File(((pathPrefix + java.lang.Integer.toString(counter)) + .png)): null

2018-12-04 11:32:47 - [TEST_STEP][PASSED] - Statement - counter = counter + 1: null

2018-12-04 11:32:47 - [TEST_STEP][PASSED] - Statement - PreSaveFile = new java.io.File(((pathPrefix + java.lang.Integer.toString(counter)) + .png)): null

2018-12-04 11:32:47 - [TEST_STEP][PASSED] - Statement - counter = counter + 1: null

2018-12-04 11:32:47 - [TEST_STEP][PASSED] - Statement - PreSaveFile = new java.io.File(((pathPrefix + java.lang.Integer.toString(counter)) + .png)): null

2018-12-04 11:32:47 - [TEST_STEP][PASSED] - Statement - counter = counter + 1: null

2018-12-04 11:32:47 - [TEST_STEP][PASSED] - Statement - PreSaveFile = new java.io.File(((pathPrefix + java.lang.Integer.toString(counter)) + .png)): null

2018-12-04 11:32:49 - [TEST_STEP][PASSED] - Statement - counter = counter + 1: null

2018-12-04 11:32:49 - [TEST_STEP][PASSED] - Statement - PreSaveFile = new java.io.File(((pathPrefix + java.lang.Integer.toString(counter)) + .png)): null

2018-12-04 11:32:49 - [TEST_STEP][PASSED] - Statement - counter = counter + 1: null

2018-12-04 11:32:49 - [TEST_STEP][PASSED] - Statement - PreSaveFile = new java.io.File(((pathPrefix + java.lang.Integer.toString(counter)) + .png)): null

2018-12-04 11:32:49 - [TEST_STEP][PASSED] - Statement - counter = counter + 1: null

2018-12-04 11:32:49 - [TEST_STEP][PASSED] - Statement - PreSaveFile = new java.io.File(((pathPrefix + java.lang.Integer.toString(counter)) + .png)): null

2018-12-04 11:32:49 - [TEST_STEP][PASSED] - Statement - counter = counter + 1: null

2018-12-04 11:32:49 - [TEST_STEP][PASSED] - Statement - PreSaveFile = new java.io.File(((pathPrefix + java.lang.Integer.toString(counter)) + .png)): null

2018-12-04 11:32:49 - [TEST_STEP][PASSED] - Statement - counter = counter + 1: null

2018-12-04 11:32:50 - [TEST_STEP][PASSED] - Statement - PreSaveFile = new java.io.File(((pathPrefix + java.lang.Integer.toString(counter)) + .png)): null

2018-12-04 11:32:50 - [TEST_STEP][PASSED] - Statement - counter = counter + 1: null

2018-12-04 11:32:50 - [TEST_STEP][PASSED] - Statement - PreSaveFile = new java.io.File(((pathPrefix + java.lang.Integer.toString(counter)) + .png)): null

2018-12-04 11:32:50 - [TEST_STEP][PASSED] - Statement - counter = counter + 1: null

2018-12-04 11:32:50 - [TEST_STEP][PASSED] - Statement - PreSaveFile = new java.io.File(((pathPrefix + java.lang.Integer.toString(counter)) + .png)): null

2018-12-04 11:32:50 - [TEST_STEP][PASSED] - Statement - counter = counter + 1: null

2018-12-04 11:32:50 - [TEST_STEP][PASSED] - Statement - PreSaveFile = new java.io.File(((pathPrefix + java.lang.Integer.toString(counter)) + .png)): null

2018-12-04 11:32:50 - [TEST_STEP][PASSED] - Statement - counter = counter + 1: null

2018-12-04 11:32:50 - [TEST_STEP][PASSED] - Statement - PreSaveFile = new java.io.File(((pathPrefix + java.lang.Integer.toString(counter)) + .png)): null

2018-12-04 11:32:50 - [TEST_STEP][PASSED] - Statement - counter = counter + 1: null

2018-12-04 11:32:51 - [TEST_STEP][PASSED] - Statement - PreSaveFile = new java.io.File(((pathPrefix + java.lang.Integer.toString(counter)) + .png)): null

2018-12-04 11:32:51 - [TEST_STEP][PASSED] - Statement - counter = counter + 1: null

2018-12-04 11:32:51 - [TEST_STEP][PASSED] - Statement - PreSaveFile = new java.io.File(((pathPrefix + java.lang.Integer.toString(counter)) + .png)): null

2018-12-04 11:32:51 - [TEST_STEP][PASSED] - Statement - counter = counter + 1: null

2018-12-04 11:32:51 - [TEST_STEP][PASSED] - Statement - PreSaveFile = new java.io.File(((pathPrefix + java.lang.Integer.toString(counter)) + .png)): null

2018-12-04 11:32:51 - [TEST_STEP][PASSED] - Statement - counter = counter + 1: null

2018-12-04 11:32:51 - [TEST_STEP][PASSED] - Statement - PreSaveFile = new java.io.File(((pathPrefix + java.lang.Integer.toString(counter)) + .png)): null

2018-12-04 11:32:51 - [TEST_STEP][PASSED] - Statement - counter = counter + 1: null

2018-12-04 11:32:51 - [TEST_STEP][PASSED] - Statement - PreSaveFile = new java.io.File(((pathPrefix + java.lang.Integer.toString(counter)) + .png)): null

2018-12-04 11:32:51 - [TEST_STEP][PASSED] - Statement - counter = counter + 1: null

2018-12-04 11:32:53 - [TEST_STEP][PASSED] - Statement - PreSaveFile = new java.io.File(((pathPrefix + java.lang.Integer.toString(counter)) + .png)): null

2018-12-04 11:32:53 - [TEST_STEP][PASSED] - Statement - counter = counter + 1: null

2018-12-04 11:32:53 - [TEST_STEP][PASSED] - Statement - PreSaveFile = new java.io.File(((pathPrefix + java.lang.Integer.toString(counter)) + .png)): null

2018-12-04 11:32:53 - [TEST_STEP][PASSED] - Statement - counter = counter + 1: null

2018-12-04 11:32:53 - [TEST_STEP][PASSED] - Statement - PreSaveFile = new java.io.File(((pathPrefix + java.lang.Integer.toString(counter)) + .png)): null

2018-12-04 11:32:53 - [TEST_STEP][PASSED] - Statement - counter = counter + 1: null

2018-12-04 11:32:53 - [TEST_STEP][PASSED] - Statement - PreSaveFile = new java.io.File(((pathPrefix + java.lang.Integer.toString(counter)) + .png)): null

2018-12-04 11:32:53 - [TEST_STEP][PASSED] - Statement - counter = counter + 1: null

2018-12-04 11:32:53 - [TEST_STEP][PASSED] - Statement - PreSaveFile = new java.io.File(((pathPrefix + java.lang.Integer.toString(counter)) + .png)): null

2018-12-04 11:32:55 - [TEST_STEP][PASSED] - Statement - counter = counter + 1: null

2018-12-04 11:32:55 - [TEST_STEP][PASSED] - Statement - PreSaveFile = new java.io.File(((pathPrefix + java.lang.Integer.toString(counter)) + .png)): null

2018-12-04 11:32:55 - [TEST_STEP][PASSED] - Statement - counter = counter + 1: null

2018-12-04 11:32:55 - [TEST_STEP][PASSED] - Statement - PreSaveFile = new java.io.File(((pathPrefix + java.lang.Integer.toString(counter)) + .png)): null

2018-12-04 11:32:55 - [TEST_STEP][PASSED] - Statement - counter = counter + 1: null

2018-12-04 11:32:55 - [TEST_STEP][PASSED] - Statement - PreSaveFile = new java.io.File(((pathPrefix + java.lang.Integer.toString(counter)) + .png)): null

2018-12-04 11:32:55 - [TEST_STEP][PASSED] - Statement - counter = counter + 1: null

2018-12-04 11:32:55 - [TEST_STEP][PASSED] - Statement - PreSaveFile = new java.io.File(((pathPrefix + java.lang.Integer.toString(counter)) + .png)): null

2018-12-04 11:32:55 - [TEST_STEP][PASSED] - Statement - counter = counter + 1: null

2018-12-04 11:32:55 - [TEST_STEP][PASSED] - Statement - PreSaveFile = new java.io.File(((pathPrefix + java.lang.Integer.toString(counter)) + .png)): null

2018-12-04 11:32:56 - [TEST_STEP][PASSED] - Statement - counter = counter + 1: null

2018-12-04 11:32:56 - [TEST_STEP][PASSED] - Statement - PreSaveFile = new java.io.File(((pathPrefix + java.lang.Integer.toString(counter)) + .png)): null

2018-12-04 11:32:56 - [TEST_STEP][PASSED] - Statement - counter = counter + 1: null

2018-12-04 11:32:56 - [TEST_STEP][PASSED] - Statement - PreSaveFile = new java.io.File(((pathPrefix + java.lang.Integer.toString(counter)) + .png)): null

2018-12-04 11:32:56 - [TEST_STEP][PASSED] - Statement - counter = counter + 1: null

2018-12-04 11:32:56 - [TEST_STEP][PASSED] - Statement - PreSaveFile = new java.io.File(((pathPrefix + java.lang.Integer.toString(counter)) + .png)): null

2018-12-04 11:32:56 - [TEST_STEP][PASSED] - Statement - counter = counter + 1: null

2018-12-04 11:32:56 - [TEST_STEP][PASSED] - Statement - PreSaveFile = new java.io.File(((pathPrefix + java.lang.Integer.toString(counter)) + .png)): null

2018-12-04 11:32:56 - [TEST_STEP][PASSED] - Statement - counter = counter + 1: null

2018-12-04 11:32:58 - [TEST_STEP][PASSED] - Statement - PreSaveFile = new java.io.File(((pathPrefix + java.lang.Integer.toString(counter)) + .png)): null

2018-12-04 11:32:58 - [TEST_STEP][PASSED] - Statement - counter = counter + 1: null

2018-12-04 11:32:58 - [TEST_STEP][PASSED] - Statement - PreSaveFile = new java.io.File(((pathPrefix + java.lang.Integer.toString(counter)) + .png)): null

2018-12-04 11:32:58 - [TEST_STEP][PASSED] - Statement - counter = counter + 1: null

2018-12-04 11:32:58 - [TEST_STEP][PASSED] - Statement - PreSaveFile = new java.io.File(((pathPrefix + java.lang.Integer.toString(counter)) + .png)): null

2018-12-04 11:32:58 - [TEST_STEP][PASSED] - Statement - counter = counter + 1: null

2018-12-04 11:32:58 - [TEST_STEP][PASSED] - Statement - PreSaveFile = new java.io.File(((pathPrefix + java.lang.Integer.toString(counter)) + .png)): null

2018-12-04 11:32:58 - [TEST_STEP][PASSED] - Statement - counter = counter + 1: null

2018-12-04 11:32:58 - [TEST_STEP][PASSED] - Statement - PreSaveFile = new java.io.File(((pathPrefix + java.lang.Integer.toString(counter)) + .png)): null

2018-12-04 11:32:58 - [TEST_STEP][PASSED] - Statement - counter = counter + 1: null

2018-12-04 11:32:59 - [TEST_STEP][PASSED] - Statement - PreSaveFile = new java.io.File(((pathPrefix + java.lang.Integer.toString(counter)) + .png)): null

2018-12-04 11:32:59 - [TEST_STEP][PASSED] - Statement - counter = counter + 1: null

2018-12-04 11:32:59 - [TEST_STEP][PASSED] - Statement - PreSaveFile = new java.io.File(((pathPrefix + java.lang.Integer.toString(counter)) + .png)): null

2018-12-04 11:32:59 - [TEST_STEP][PASSED] - Statement - counter = counter + 1: null

2018-12-04 11:32:59 - [TEST_STEP][PASSED] - Statement - PreSaveFile = new java.io.File(((pathPrefix + java.lang.Integer.toString(counter)) + .png)): null

2018-12-04 11:32:59 - [TEST_STEP][PASSED] - Statement - counter = counter + 1: null

2018-12-04 11:32:59 - [TEST_STEP][PASSED] - Statement - PreSaveFile = new java.io.File(((pathPrefix + java.lang.Integer.toString(counter)) + .png)): null

2018-12-04 11:32:59 - [TEST_STEP][PASSED] - Statement - counter = counter + 1: null

2018-12-04 11:32:59 - [TEST_STEP][PASSED] - Statement - PreSaveFile = new java.io.File(((pathPrefix + java.lang.Integer.toString(counter)) + .png)): null

2018-12-04 11:32:59 - [TEST_STEP][PASSED] - Statement - counter = counter + 1: null

2018-12-04 11:33:00 - [TEST_STEP][PASSED] - Statement - PreSaveFile = new java.io.File(((pathPrefix + java.lang.Integer.toString(counter)) + .png)): null

2018-12-04 11:33:00 - [TEST_STEP][PASSED] - Statement - counter = counter + 1: null

2018-12-04 11:33:00 - [TEST_STEP][PASSED] - Statement - PreSaveFile = new java.io.File(((pathPrefix + java.lang.Integer.toString(counter)) + .png)): null

2018-12-04 11:33:00 - [TEST_STEP][PASSED] - Statement - counter = counter + 1: null

2018-12-04 11:33:00 - [TEST_STEP][PASSED] - Statement - PreSaveFile = new java.io.File(((pathPrefix + java.lang.Integer.toString(counter)) + .png)): null

2018-12-04 11:33:00 - [TEST_STEP][PASSED] - Statement - counter = counter + 1: null

2018-12-04 11:33:00 - [TEST_STEP][PASSED] - Statement - PreSaveFile = new java.io.File(((pathPrefix + java.lang.Integer.toString(counter)) + .png)): null

2018-12-04 11:33:00 - [TEST_STEP][PASSED] - Statement - counter = counter + 1: null

2018-12-04 11:33:00 - [TEST_STEP][PASSED] - Statement - PreSaveFile = new java.io.File(((pathPrefix + java.lang.Integer.toString(counter)) + .png)): null

2018-12-04 11:33:01 - [TEST_STEP][PASSED] - Statement - counter = counter + 1: null

2018-12-04 11:33:01 - [TEST_STEP][PASSED] - Statement - PreSaveFile = new java.io.File(((pathPrefix + java.lang.Integer.toString(counter)) + .png)): null

2018-12-04 11:33:01 - [TEST_STEP][PASSED] - Statement - counter = counter + 1: null

2018-12-04 11:33:01 - [TEST_STEP][PASSED] - Statement - PreSaveFile = new java.io.File(((pathPrefix + java.lang.Integer.toString(counter)) + .png)): null

2018-12-04 11:33:01 - [TEST_STEP][PASSED] - Statement - counter = counter + 1: null

2018-12-04 11:33:01 - [TEST_STEP][PASSED] - Statement - PreSaveFile = new java.io.File(((pathPrefix + java.lang.Integer.toString(counter)) + .png)): null

2018-12-04 11:33:01 - [TEST_STEP][PASSED] - Statement - counter = counter + 1: null

2018-12-04 11:33:01 - [TEST_STEP][PASSED] - Statement - PreSaveFile = new java.io.File(((pathPrefix + java.lang.Integer.toString(counter)) + .png)): null

2018-12-04 11:33:01 - [TEST_STEP][PASSED] - Statement - counter = counter + 1: null

2018-12-04 11:33:03 - [TEST_STEP][PASSED] - Statement - PreSaveFile = new java.io.File(((pathPrefix + java.lang.Integer.toString(counter)) + .png)): null

2018-12-04 11:33:03 - [TEST_STEP][PASSED] - Statement - counter = counter + 1: null

2018-12-04 11:33:03 - [TEST_STEP][PASSED] - Statement - PreSaveFile = new java.io.File(((pathPrefix + java.lang.Integer.toString(counter)) + .png)): null

2018-12-04 11:33:03 - [TEST_STEP][PASSED] - Statement - counter = counter + 1: null

2018-12-04 11:33:03 - [TEST_STEP][PASSED] - Statement - PreSaveFile = new java.io.File(((pathPrefix + java.lang.Integer.toString(counter)) + .png)): null

2018-12-04 11:33:03 - [TEST_STEP][PASSED] - Statement - counter = counter + 1: null

2018-12-04 11:33:03 - [TEST_STEP][PASSED] - Statement - PreSaveFile = new java.io.File(((pathPrefix + java.lang.Integer.toString(counter)) + .png)): null

2018-12-04 11:33:03 - [TEST_STEP][PASSED] - Statement - counter = counter + 1: null

2018-12-04 11:33:03 - [TEST_STEP][PASSED] - Statement - PreSaveFile = new java.io.File(((pathPrefix + java.lang.Integer.toString(counter)) + .png)): null

2018-12-04 11:33:03 - [TEST_STEP][PASSED] - Statement - counter = counter + 1: null

2018-12-04 11:33:05 - [TEST_STEP][PASSED] - Statement - PreSaveFile = new java.io.File(((pathPrefix + java.lang.Integer.toString(counter)) + .png)): null

2018-12-04 11:33:05 - [TEST_STEP][PASSED] - Statement - counter = counter + 1: null

2018-12-04 11:33:05 - [TEST_STEP][PASSED] - Statement - PreSaveFile = new java.io.File(((pathPrefix + java.lang.Integer.toString(counter)) + .png)): null

2018-12-04 11:33:05 - [TEST_STEP][PASSED] - Statement - counter = counter + 1: null

2018-12-04 11:33:05 - [TEST_STEP][PASSED] - Statement - PreSaveFile = new java.io.File(((pathPrefix + java.lang.Integer.toString(counter)) + .png)): null

2018-12-04 11:33:05 - [TEST_STEP][PASSED] - Statement - counter = counter + 1: null

2018-12-04 11:33:05 - [TEST_STEP][PASSED] - Statement - PreSaveFile = new java.io.File(((pathPrefix + java.lang.Integer.toString(counter)) + .png)): null

2018-12-04 11:33:05 - [TEST_STEP][PASSED] - Statement - counter = counter + 1: null

2018-12-04 11:33:05 - [TEST_STEP][PASSED] - Statement - PreSaveFile = new java.io.File(((pathPrefix + java.lang.Integer.toString(counter)) + .png)): null

2018-12-04 11:33:05 - [TEST_STEP][PASSED] - Statement - counter = counter + 1: null

2018-12-04 11:33:07 - [TEST_STEP][PASSED] - Statement - PreSaveFile = new java.io.File(((pathPrefix + java.lang.Integer.toString(counter)) + .png)): null

2018-12-04 11:33:07 - [TEST_STEP][PASSED] - Statement - counter = counter + 1: null

2018-12-04 11:33:07 - [TEST_STEP][PASSED] - Statement - PreSaveFile = new java.io.File(((pathPrefix + java.lang.Integer.toString(counter)) + .png)): null

2018-12-04 11:33:07 - [TEST_STEP][PASSED] - Statement - counter = counter + 1: null

2018-12-04 11:33:07 - [TEST_STEP][PASSED] - Statement - PreSaveFile = new java.io.File(((pathPrefix + java.lang.Integer.toString(counter)) + .png)): null

2018-12-04 11:33:07 - [TEST_STEP][PASSED] - Statement - counter = counter + 1: null

2018-12-04 11:33:07 - [TEST_STEP][PASSED] - Statement - PreSaveFile = new java.io.File(((pathPrefix + java.lang.Integer.toString(counter)) + .png)): null

2018-12-04 11:33:07 - [TEST_STEP][PASSED] - Statement - counter = counter + 1: null

2018-12-04 11:33:07 - [TEST_STEP][PASSED] - Statement - PreSaveFile = new java.io.File(((pathPrefix + java.lang.Integer.toString(counter)) + .png)): null

2018-12-04 11:33:07 - [TEST_STEP][PASSED] - Statement - counter = counter + 1: null

2018-12-04 11:33:08 - [TEST_STEP][PASSED] - Statement - PreSaveFile = new java.io.File(((pathPrefix + java.lang.Integer.toString(counter)) + .png)): null

2018-12-04 11:33:08 - [TEST_STEP][PASSED] - Statement - counter = counter + 1: null

2018-12-04 11:33:08 - [TEST_STEP][PASSED] - Statement - PreSaveFile = new java.io.File(((pathPrefix + java.lang.Integer.toString(counter)) + .png)): null

2018-12-04 11:33:08 - [TEST_STEP][PASSED] - Statement - counter = counter + 1: null

2018-12-04 11:33:08 - [TEST_STEP][PASSED] - Statement - PreSaveFile = new java.io.File(((pathPrefix + java.lang.Integer.toString(counter)) + .png)): null

2018-12-04 11:33:08 - [TEST_STEP][PASSED] - Statement - counter = counter + 1: null

2018-12-04 11:33:08 - [TEST_STEP][PASSED] - Statement - PreSaveFile = new java.io.File(((pathPrefix + java.lang.Integer.toString(counter)) + .png)): null

2018-12-04 11:33:08 - [TEST_STEP][PASSED] - Statement - counter = counter + 1: null

2018-12-04 11:33:08 - [TEST_STEP][PASSED] - Statement - PreSaveFile = new java.io.File(((pathPrefix + java.lang.Integer.toString(counter)) + .png)): null

2018-12-04 11:33:10 - [TEST_STEP][PASSED] - Statement - counter = counter + 1: null

2018-12-04 11:33:10 - [TEST_STEP][PASSED] - Statement - PreSaveFile = new java.io.File(((pathPrefix + java.lang.Integer.toString(counter)) + .png)): null

2018-12-04 11:33:10 - [TEST_STEP][PASSED] - Statement - counter = counter + 1: null

2018-12-04 11:33:10 - [TEST_STEP][PASSED] - Statement - PreSaveFile = new java.io.File(((pathPrefix + java.lang.Integer.toString(counter)) + .png)): null

2018-12-04 11:33:10 - [TEST_STEP][PASSED] - Statement - counter = counter + 1: null

2018-12-04 11:33:10 - [TEST_STEP][PASSED] - Statement - PreSaveFile = new java.io.File(((pathPrefix + java.lang.Integer.toString(counter)) + .png)): null

2018-12-04 11:33:10 - [TEST_STEP][PASSED] - Statement - counter = counter + 1: null

2018-12-04 11:33:10 - [TEST_STEP][PASSED] - Statement - PreSaveFile = new java.io.File(((pathPrefix + java.lang.Integer.toString(counter)) + .png)): null

2018-12-04 11:33:10 - [TEST_STEP][PASSED] - Statement - counter = counter + 1: null

2018-12-04 11:33:11 - [TEST_STEP][PASSED] - Statement - PreSaveFile = new java.io.File(((pathPrefix + java.lang.Integer.toString(counter)) + .png)): null

2018-12-04 11:33:11 - [TEST_STEP][PASSED] - Statement - counter = counter + 1: null

2018-12-04 11:33:11 - [TEST_STEP][PASSED] - Statement - PreSaveFile = new java.io.File(((pathPrefix + java.lang.Integer.toString(counter)) + .png)): null

2018-12-04 11:33:11 - [TEST_STEP][PASSED] - Statement - counter = counter + 1: null

2018-12-04 11:33:11 - [TEST_STEP][PASSED] - Statement - PreSaveFile = new java.io.File(((pathPrefix + java.lang.Integer.toString(counter)) + .png)): null

2018-12-04 11:33:11 - [TEST_STEP][PASSED] - Statement - counter = counter + 1: null

2018-12-04 11:33:11 - [TEST_STEP][PASSED] - Statement - PreSaveFile = new java.io.File(((pathPrefix + java.lang.Integer.toString(counter)) + .png)): null

2018-12-04 11:33:11 - [TEST_STEP][PASSED] - Statement - counter = counter + 1: null

2018-12-04 11:33:11 - [TEST_STEP][PASSED] - Statement - PreSaveFile = new java.io.File(((pathPrefix + java.lang.Integer.toString(counter)) + .png)): null

2018-12-04 11:33:11 - [TEST_STEP][PASSED] - Statement - counter = counter + 1: null

2018-12-04 11:33:13 - [TEST_STEP][PASSED] - Statement - PreSaveFile = new java.io.File(((pathPrefix + java.lang.Integer.toString(counter)) + .png)): null

2018-12-04 11:33:13 - [TEST_STEP][PASSED] - Statement - counter = counter + 1: null

2018-12-04 11:33:13 - [TEST_STEP][PASSED] - Statement - PreSaveFile = new java.io.File(((pathPrefix + java.lang.Integer.toString(counter)) + .png)): null

2018-12-04 11:33:13 - [TEST_STEP][PASSED] - Statement - counter = counter + 1: null

2018-12-04 11:33:13 - [TEST_STEP][PASSED] - Statement - PreSaveFile = new java.io.File(((pathPrefix + java.lang.Integer.toString(counter)) + .png)): null

2018-12-04 11:33:13 - [TEST_STEP][PASSED] - Statement - counter = counter + 1: null

2018-12-04 11:33:13 - [TEST_STEP][PASSED] - Statement - PreSaveFile = new java.io.File(((pathPrefix + java.lang.Integer.toString(counter)) + .png)): null

2018-12-04 11:33:13 - [TEST_STEP][PASSED] - Statement - counter = counter + 1: null

2018-12-04 11:33:13 - [TEST_STEP][PASSED] - Statement - PreSaveFile = new java.io.File(((pathPrefix + java.lang.Integer.toString(counter)) + .png)): null

2018-12-04 11:33:13 - [TEST_STEP][PASSED] - Statement - counter = counter + 1: null

2018-12-04 11:33:14 - [TEST_STEP][PASSED] - Statement - PreSaveFile = new java.io.File(((pathPrefix + java.lang.Integer.toString(counter)) + .png)): null

2018-12-04 11:33:14 - [TEST_STEP][PASSED] - Statement - counter = counter + 1: null

2018-12-04 11:33:14 - [TEST_STEP][PASSED] - Statement - PreSaveFile = new java.io.File(((pathPrefix + java.lang.Integer.toString(counter)) + .png)): null

2018-12-04 11:33:14 - [TEST_STEP][PASSED] - Statement - counter = counter + 1: null

2018-12-04 11:33:14 - [TEST_STEP][PASSED] - Statement - PreSaveFile = new java.io.File(((pathPrefix + java.lang.Integer.toString(counter)) + .png)): null

2018-12-04 11:33:14 - [TEST_STEP][PASSED] - Statement - counter = counter + 1: null

2018-12-04 11:33:14 - [TEST_STEP][PASSED] - Statement - PreSaveFile = new java.io.File(((pathPrefix + java.lang.Integer.toString(counter)) + .png)): null

2018-12-04 11:33:14 - [TEST_STEP][PASSED] - Statement - counter = counter + 1: null

2018-12-04 11:33:14 - [TEST_STEP][PASSED] - Statement - PreSaveFile = new java.io.File(((pathPrefix + java.lang.Integer.toString(counter)) + .png)): null

2018-12-04 11:33:16 - [TEST_STEP][PASSED] - Statement - counter = counter + 1: null

2018-12-04 11:33:16 - [TEST_STEP][PASSED] - Statement - PreSaveFile = new java.io.File(((pathPrefix + java.lang.Integer.toString(counter)) + .png)): null

2018-12-04 11:33:16 - [TEST_STEP][PASSED] - Statement - counter = counter + 1: null

2018-12-04 11:33:16 - [TEST_STEP][PASSED] - Statement - PreSaveFile = new java.io.File(((pathPrefix + java.lang.Integer.toString(counter)) + .png)): null

2018-12-04 11:33:16 - [TEST_STEP][PASSED] - Statement - counter = counter + 1: null

2018-12-04 11:33:16 - [TEST_STEP][PASSED] - Statement - PreSaveFile = new java.io.File(((pathPrefix + java.lang.Integer.toString(counter)) + .png)): null

2018-12-04 11:33:16 - [TEST_STEP][PASSED] - Statement - counter = counter + 1: null

2018-12-04 11:33:16 - [TEST_STEP][PASSED] - Statement - PreSaveFile = new java.io.File(((pathPrefix + java.lang.Integer.toString(counter)) + .png)): null

2018-12-04 11:33:16 - [TEST_STEP][PASSED] - Statement - counter = counter + 1: null

2018-12-04 11:33:16 - [TEST_STEP][PASSED] - Statement - PreSaveFile = new java.io.File(((pathPrefix + java.lang.Integer.toString(counter)) + .png)): null

2018-12-04 11:33:17 - [TEST_STEP][PASSED] - Statement - counter = counter + 1: null

2018-12-04 11:33:17 - [TEST_STEP][PASSED] - Statement - PreSaveFile = new java.io.File(((pathPrefix + java.lang.Integer.toString(counter)) + .png)): null

2018-12-04 11:33:17 - [TEST_STEP][PASSED] - Statement - counter = counter + 1: null

2018-12-04 11:33:17 - [TEST_STEP][PASSED] - Statement - PreSaveFile = new java.io.File(((pathPrefix + java.lang.Integer.toString(counter)) + .png)): null

2018-12-04 11:33:17 - [TEST_STEP][PASSED] - Statement - counter = counter + 1: null

2018-12-04 11:33:17 - [TEST_STEP][PASSED] - Statement - PreSaveFile = new java.io.File(((pathPrefix + java.lang.Integer.toString(counter)) + .png)): null

2018-12-04 11:33:17 - [TEST_STEP][PASSED] - Statement - counter = counter + 1: null

2018-12-04 11:33:17 - [TEST_STEP][PASSED] - Statement - PreSaveFile = new java.io.File(((pathPrefix + java.lang.Integer.toString(counter)) + .png)): null

2018-12-04 11:33:17 - [TEST_STEP][PASSED] - Statement - counter = counter + 1: null

2018-12-04 11:33:19 - [TEST_STEP][PASSED] - Statement - PreSaveFile = new java.io.File(((pathPrefix + java.lang.Integer.toString(counter)) + .png)): null

2018-12-04 11:33:19 - [TEST_STEP][PASSED] - Statement - counter = counter + 1: null

2018-12-04 11:33:19 - [TEST_STEP][PASSED] - Statement - PreSaveFile = new java.io.File(((pathPrefix + java.lang.Integer.toString(counter)) + .png)): null

2018-12-04 11:33:19 - [TEST_STEP][PASSED] - Statement - counter = counter + 1: null

2018-12-04 11:33:19 - [TEST_STEP][PASSED] - Statement - PreSaveFile = new java.io.File(((pathPrefix + java.lang.Integer.toString(counter)) + .png)): null

2018-12-04 11:33:19 - [TEST_STEP][PASSED] - Statement - counter = counter + 1: null

2018-12-04 11:33:19 - [TEST_STEP][PASSED] - Statement - PreSaveFile = new java.io.File(((pathPrefix + java.lang.Integer.toString(counter)) + .png)): null

2018-12-04 11:33:19 - [TEST_STEP][PASSED] - Statement - counter = counter + 1: null

2018-12-04 11:33:19 - [TEST_STEP][PASSED] - Statement - PreSaveFile = new java.io.File(((pathPrefix + java.lang.Integer.toString(counter)) + .png)): null

2018-12-04 11:33:19 - [TEST_STEP][PASSED] - Statement - counter = counter + 1: null

2018-12-04 11:33:21 - [TEST_STEP][PASSED] - Statement - PreSaveFile = new java.io.File(((pathPrefix + java.lang.Integer.toString(counter)) + .png)): null

2018-12-04 11:33:21 - [TEST_STEP][PASSED] - Statement - counter = counter + 1: null

2018-12-04 11:33:21 - [TEST_STEP][PASSED] - Statement - PreSaveFile = new java.io.File(((pathPrefix + java.lang.Integer.toString(counter)) + .png)): null

2018-12-04 11:33:21 - [TEST_STEP][PASSED] - Statement - counter = counter + 1: null

2018-12-04 11:33:21 - [TEST_STEP][PASSED] - Statement - PreSaveFile = new java.io.File(((pathPrefix + java.lang.Integer.toString(counter)) + .png)): null

2018-12-04 11:33:21 - [TEST_STEP][PASSED] - Statement - counter = counter + 1: null

2018-12-04 11:33:21 - [TEST_STEP][PASSED] - Statement - PreSaveFile = new java.io.File(((pathPrefix + java.lang.Integer.toString(counter)) + .png)): null

2018-12-04 11:33:21 - [TEST_STEP][PASSED] - Statement - counter = counter + 1: null

2018-12-04 11:33:21 - [TEST_STEP][PASSED] - Statement - PreSaveFile = new java.io.File(((pathPrefix + java.lang.Integer.toString(counter)) + .png)): null

2018-12-04 11:33:21 - [TEST_STEP][PASSED] - Statement - counter = counter + 1: null

2018-12-04 11:33:22 - [TEST_STEP][PASSED] - Statement - PreSaveFile = new java.io.File(((pathPrefix + java.lang.Integer.toString(counter)) + .png)): null

2018-12-04 11:33:22 - [TEST_STEP][PASSED] - Statement - counter = counter + 1: null

2018-12-04 11:33:22 - [TEST_STEP][PASSED] - Statement - PreSaveFile = new java.io.File(((pathPrefix + java.lang.Integer.toString(counter)) + .png)): null

2018-12-04 11:33:22 - [TEST_STEP][PASSED] - Statement - counter = counter + 1: null

2018-12-04 11:33:22 - [TEST_STEP][PASSED] - Statement - PreSaveFile = new java.io.File(((pathPrefix + java.lang.Integer.toString(counter)) + .png)): null

2018-12-04 11:33:22 - [TEST_STEP][PASSED] - Statement - counter = counter + 1: null

2018-12-04 11:33:22 - [TEST_STEP][PASSED] - Statement - PreSaveFile = new java.io.File(((pathPrefix + java.lang.Integer.toString(counter)) + .png)): null

2018-12-04 11:33:22 - [TEST_STEP][PASSED] - Statement - counter = counter + 1: null

2018-12-04 11:33:22 - [TEST_STEP][PASSED] - Statement - PreSaveFile = new java.io.File(((pathPrefix + java.lang.Integer.toString(counter)) + .png)): null

2018-12-04 11:33:24 - [TEST_STEP][PASSED] - Statement - counter = counter + 1: null

2018-12-04 11:33:24 - [TEST_STEP][PASSED] - Statement - PreSaveFile = new java.io.File(((pathPrefix + java.lang.Integer.toString(counter)) + .png)): null

2018-12-04 11:33:24 - [TEST_STEP][PASSED] - Statement - counter = counter + 1: null

2018-12-04 11:33:24 - [TEST_STEP][PASSED] - Statement - PreSaveFile = new java.io.File(((pathPrefix + java.lang.Integer.toString(counter)) + .png)): null

2018-12-04 11:33:24 - [TEST_STEP][PASSED] - Statement - counter = counter + 1: null

2018-12-04 11:33:24 - [TEST_STEP][PASSED] - Statement - PreSaveFile = new java.io.File(((pathPrefix + java.lang.Integer.toString(counter)) + .png)): null

2018-12-04 11:33:24 - [TEST_STEP][PASSED] - Statement - counter = counter + 1: null

2018-12-04 11:33:24 - [TEST_STEP][PASSED] - Statement - PreSaveFile = new java.io.File(((pathPrefix + java.lang.Integer.toString(counter)) + .png)): null

2018-12-04 11:33:24 - [TEST_STEP][PASSED] - Statement - counter = counter + 1: null

2018-12-04 11:33:26 - [TEST_STEP][PASSED] - Statement - PreSaveFile = new java.io.File(((pathPrefix + java.lang.Integer.toString(counter)) + .png)): null

2018-12-04 11:33:26 - [TEST_STEP][PASSED] - Statement - counter = counter + 1: null

2018-12-04 11:33:26 - [TEST_STEP][PASSED] - Statement - PreSaveFile = new java.io.File(((pathPrefix + java.lang.Integer.toString(counter)) + .png)): null

2018-12-04 11:33:26 - [TEST_STEP][PASSED] - Statement - counter = counter + 1: null

2018-12-04 11:33:26 - [TEST_STEP][PASSED] - Statement - PreSaveFile = new java.io.File(((pathPrefix + java.lang.Integer.toString(counter)) + .png)): null

2018-12-04 11:33:26 - [TEST_STEP][PASSED] - Statement - counter = counter + 1: null

2018-12-04 11:33:26 - [TEST_STEP][PASSED] - Statement - PreSaveFile = new java.io.File(((pathPrefix + java.lang.Integer.toString(counter)) + .png)): null

2018-12-04 11:33:26 - [TEST_STEP][PASSED] - Statement - counter = counter + 1: null

2018-12-04 11:33:26 - [TEST_STEP][PASSED] - Statement - PreSaveFile = new java.io.File(((pathPrefix + java.lang.Integer.toString(counter)) + .png)): null

2018-12-04 11:33:26 - [TEST_STEP][PASSED] - Statement - counter = counter + 1: null

2018-12-04 11:33:28 - [TEST_STEP][PASSED] - Statement - PreSaveFile = new java.io.File(((pathPrefix + java.lang.Integer.toString(counter)) + .png)): null

2018-12-04 11:33:28 - [TEST_STEP][PASSED] - Statement - counter = counter + 1: null

2018-12-04 11:33:28 - [TEST_STEP][PASSED] - Statement - PreSaveFile = new java.io.File(((pathPrefix + java.lang.Integer.toString(counter)) + .png)): null

2018-12-04 11:33:28 - [TEST_STEP][PASSED] - Statement - counter = counter + 1: null

2018-12-04 11:33:28 - [TEST_STEP][PASSED] - Statement - PreSaveFile = new java.io.File(((pathPrefix + java.lang.Integer.toString(counter)) + .png)): null

2018-12-04 11:33:28 - [TEST_STEP][PASSED] - Statement - counter = counter + 1: null

2018-12-04 11:33:28 - [TEST_STEP][PASSED] - Statement - PreSaveFile = new java.io.File(((pathPrefix + java.lang.Integer.toString(counter)) + .png)): null

2018-12-04 11:33:28 - [TEST_STEP][PASSED] - Statement - counter = counter + 1: null

2018-12-04 11:33:28 - [TEST_STEP][PASSED] - Statement - PreSaveFile = new java.io.File(((pathPrefix + java.lang.Integer.toString(counter)) + .png)): null

2018-12-04 11:33:28 - [TEST_STEP][PASSED] - Statement - counter = counter + 1: null

2018-12-04 11:33:29 - [TEST_STEP][PASSED] - Statement - PreSaveFile = new java.io.File(((pathPrefix + java.lang.Integer.toString(counter)) + .png)): null

2018-12-04 11:33:29 - [TEST_STEP][PASSED] - Statement - counter = counter + 1: null

2018-12-04 11:33:29 - [TEST_STEP][PASSED] - Statement - PreSaveFile = new java.io.File(((pathPrefix + java.lang.Integer.toString(counter)) + .png)): null

2018-12-04 11:33:29 - [TEST_STEP][PASSED] - Statement - counter = counter + 1: null

2018-12-04 11:33:29 - [TEST_STEP][PASSED] - Statement - PreSaveFile = new java.io.File(((pathPrefix + java.lang.Integer.toString(counter)) + .png)): null

2018-12-04 11:33:29 - [TEST_STEP][PASSED] - Statement - counter = counter + 1: null

2018-12-04 11:33:29 - [TEST_STEP][PASSED] - Statement - PreSaveFile = new java.io.File(((pathPrefix + java.lang.Integer.toString(counter)) + .png)): null

2018-12-04 11:33:29 - [TEST_STEP][PASSED] - Statement - counter = counter + 1: null

2018-12-04 11:33:29 - [TEST_STEP][PASSED] - Statement - PreSaveFile = new java.io.File(((pathPrefix + java.lang.Integer.toString(counter)) + .png)): null

2018-12-04 11:33:29 - [TEST_STEP][PASSED] - Statement - counter = counter + 1: null

2018-12-04 11:33:31 - [TEST_STEP][PASSED] - Statement - PreSaveFile = new java.io.File(((pathPrefix + java.lang.Integer.toString(counter)) + .png)): null

2018-12-04 11:33:31 - [TEST_STEP][PASSED] - Statement - counter = counter + 1: null

2018-12-04 11:33:31 - [TEST_STEP][PASSED] - Statement - PreSaveFile = new java.io.File(((pathPrefix + java.lang.Integer.toString(counter)) + .png)): null

2018-12-04 11:33:31 - [TEST_STEP][PASSED] - Statement - counter = counter + 1: null

2018-12-04 11:33:31 - [TEST_STEP][PASSED] - Statement - PreSaveFile = new java.io.File(((pathPrefix + java.lang.Integer.toString(counter)) + .png)): null

2018-12-04 11:33:31 - [TEST_STEP][PASSED] - Statement - counter = counter + 1: null

2018-12-04 11:33:31 - [TEST_STEP][PASSED] - Statement - PreSaveFile = new java.io.File(((pathPrefix + java.lang.Integer.toString(counter)) + .png)): null

2018-12-04 11:33:31 - [TEST_STEP][PASSED] - Statement - counter = counter + 1: null

2018-12-04 11:33:31 - [TEST_STEP][PASSED] - Statement - PreSaveFile = new java.io.File(((pathPrefix + java.lang.Integer.toString(counter)) + .png)): null

2018-12-04 11:33:33 - [TEST_STEP][PASSED] - Statement - counter = counter + 1: null

2018-12-04 11:33:33 - [TEST_STEP][PASSED] - Statement - PreSaveFile = new java.io.File(((pathPrefix + java.lang.Integer.toString(counter)) + .png)): null

2018-12-04 11:33:33 - [TEST_STEP][PASSED] - Statement - counter = counter + 1: null

2018-12-04 11:33:33 - [TEST_STEP][PASSED] - Statement - PreSaveFile = new java.io.File(((pathPrefix + java.lang.Integer.toString(counter)) + .png)): null

2018-12-04 11:33:33 - [TEST_STEP][PASSED] - Statement - counter = counter + 1: null

2018-12-04 11:33:33 - [TEST_STEP][PASSED] - Statement - PreSaveFile = new java.io.File(((pathPrefix + java.lang.Integer.toString(counter)) + .png)): null

2018-12-04 11:33:33 - [TEST_STEP][PASSED] - Statement - counter = counter + 1: null

2018-12-04 11:33:33 - [TEST_STEP][PASSED] - Statement - PreSaveFile = new java.io.File(((pathPrefix + java.lang.Integer.toString(counter)) + .png)): null

2018-12-04 11:33:33 - [TEST_STEP][PASSED] - Statement - counter = counter + 1: null

2018-12-04 11:33:35 - [TEST_STEP][PASSED] - Statement - PreSaveFile = new java.io.File(((pathPrefix + java.lang.Integer.toString(counter)) + .png)): null

2018-12-04 11:33:35 - [TEST_STEP][PASSED] - Statement - counter = counter + 1: null

2018-12-04 11:33:35 - [TEST_STEP][PASSED] - Statement - PreSaveFile = new java.io.File(((pathPrefix + java.lang.Integer.toString(counter)) + .png)): null

2018-12-04 11:33:35 - [TEST_STEP][PASSED] - Statement - counter = counter + 1: null

2018-12-04 11:33:35 - [TEST_STEP][PASSED] - Statement - PreSaveFile = new java.io.File(((pathPrefix + java.lang.Integer.toString(counter)) + .png)): null

2018-12-04 11:33:35 - [TEST_STEP][PASSED] - Statement - counter = counter + 1: null

2018-12-04 11:33:35 - [TEST_STEP][PASSED] - Statement - PreSaveFile = new java.io.File(((pathPrefix + java.lang.Integer.toString(counter)) + .png)): null

2018-12-04 11:33:35 - [TEST_STEP][PASSED] - Statement - counter = counter + 1: null

2018-12-04 11:33:35 - [TEST_STEP][PASSED] - Statement - PreSaveFile = new java.io.File(((pathPrefix + java.lang.Integer.toString(counter)) + .png)): null

2018-12-04 11:33:35 - [TEST_STEP][PASSED] - Statement - counter = counter + 1: null

2018-12-04 11:33:37 - [TEST_STEP][PASSED] - Statement - PreSaveFile = new java.io.File(((pathPrefix + java.lang.Integer.toString(counter)) + .png)): null

2018-12-04 11:33:37 - [TEST_STEP][PASSED] - Statement - counter = counter + 1: null

2018-12-04 11:33:37 - [TEST_STEP][PASSED] - Statement - PreSaveFile = new java.io.File(((pathPrefix + java.lang.Integer.toString(counter)) + .png)): null

2018-12-04 11:33:37 - [TEST_STEP][PASSED] - Statement - counter = counter + 1: null

2018-12-04 11:33:37 - [TEST_STEP][PASSED] - Statement - PreSaveFile = new java.io.File(((pathPrefix + java.lang.Integer.toString(counter)) + .png)): null

2018-12-04 11:33:37 - [TEST_STEP][PASSED] - Statement - counter = counter + 1: null

2018-12-04 11:33:37 - [TEST_STEP][PASSED] - Statement - PreSaveFile = new java.io.File(((pathPrefix + java.lang.Integer.toString(counter)) + .png)): null

2018-12-04 11:33:37 - [TEST_STEP][PASSED] - Statement - counter = counter + 1: null

2018-12-04 11:33:37 - [TEST_STEP][PASSED] - Statement - PreSaveFile = new java.io.File(((pathPrefix + java.lang.Integer.toString(counter)) + .png)): null

2018-12-04 11:33:37 - [TEST_STEP][PASSED] - Statement - counter = counter + 1: null

2018-12-04 11:33:39 - [TEST_STEP][PASSED] - Statement - PreSaveFile = new java.io.File(((pathPrefix + java.lang.Integer.toString(counter)) + .png)): null

2018-12-04 11:33:39 - [TEST_STEP][PASSED] - Statement - counter = counter + 1: null

2018-12-04 11:33:39 - [TEST_STEP][PASSED] - Statement - PreSaveFile = new java.io.File(((pathPrefix + java.lang.Integer.toString(counter)) + .png)): null

2018-12-04 11:33:39 - [TEST_STEP][PASSED] - Statement - counter = counter + 1: null

2018-12-04 11:33:39 - [TEST_STEP][PASSED] - Statement - PreSaveFile = new java.io.File(((pathPrefix + java.lang.Integer.toString(counter)) + .png)): null

2018-12-04 11:33:39 - [TEST_STEP][PASSED] - Statement - counter = counter + 1: null

2018-12-04 11:33:39 - [TEST_STEP][PASSED] - Statement - PreSaveFile = new java.io.File(((pathPrefix + java.lang.Integer.toString(counter)) + .png)): null

2018-12-04 11:33:39 - [TEST_STEP][PASSED] - Statement - counter = counter + 1: null

2018-12-04 11:33:39 - [TEST_STEP][PASSED] - Statement - PreSaveFile = new java.io.File(((pathPrefix + java.lang.Integer.toString(counter)) + .png)): null

2018-12-04 11:33:40 - [TEST_STEP][PASSED] - Statement - counter = counter + 1: null

2018-12-04 11:33:40 - [TEST_STEP][PASSED] - Statement - PreSaveFile = new java.io.File(((pathPrefix + java.lang.Integer.toString(counter)) + .png)): null

2018-12-04 11:33:40 - [TEST_STEP][PASSED] - Statement - counter = counter + 1: null

2018-12-04 11:33:40 - [TEST_STEP][PASSED] - Statement - PreSaveFile = new java.io.File(((pathPrefix + java.lang.Integer.toString(counter)) + .png)): null

2018-12-04 11:33:40 - [TEST_STEP][PASSED] - Statement - counter = counter + 1: null

2018-12-04 11:33:40 - [TEST_STEP][PASSED] - Statement - PreSaveFile = new java.io.File(((pathPrefix + java.lang.Integer.toString(counter)) + .png)): null

2018-12-04 11:33:40 - [TEST_STEP][PASSED] - Statement - counter = counter + 1: null

2018-12-04 11:33:40 - [TEST_STEP][PASSED] - Statement - PreSaveFile = new java.io.File(((pathPrefix + java.lang.Integer.toString(counter)) + .png)): null

2018-12-04 11:33:40 - [TEST_STEP][PASSED] - Statement - counter = counter + 1: null

2018-12-04 11:33:40 - [TEST_STEP][PASSED] - Statement - PreSaveFile = new java.io.File(((pathPrefix + java.lang.Integer.toString(counter)) + .png)): null

2018-12-04 11:33:42 - [TEST_STEP][PASSED] - Statement - counter = counter + 1: null

2018-12-04 11:33:42 - [TEST_STEP][PASSED] - Statement - PreSaveFile = new java.io.File(((pathPrefix + java.lang.Integer.toString(counter)) + .png)): null

2018-12-04 11:33:42 - [TEST_STEP][PASSED] - Statement - counter = counter + 1: null

2018-12-04 11:33:42 - [TEST_STEP][PASSED] - Statement - PreSaveFile = new java.io.File(((pathPrefix + java.lang.Integer.toString(counter)) + .png)): null

2018-12-04 11:33:42 - [TEST_STEP][PASSED] - Statement - counter = counter + 1: null

2018-12-04 11:33:42 - [TEST_STEP][PASSED] - Statement - PreSaveFile = new java.io.File(((pathPrefix + java.lang.Integer.toString(counter)) + .png)): null

2018-12-04 11:33:42 - [TEST_STEP][PASSED] - Statement - counter = counter + 1: null

2018-12-04 11:33:42 - [TEST_STEP][PASSED] - Statement - PreSaveFile = new java.io.File(((pathPrefix + java.lang.Integer.toString(counter)) + .png)): null

2018-12-04 11:33:42 - [TEST_STEP][PASSED] - Statement - counter = counter + 1: null

2018-12-04 11:33:44 - [TEST_STEP][PASSED] - Statement - PreSaveFile = new java.io.File(((pathPrefix + java.lang.Integer.toString(counter)) + .png)): null

2018-12-04 11:33:44 - [TEST_STEP][PASSED] - Statement - counter = counter + 1: null

2018-12-04 11:33:44 - [TEST_STEP][PASSED] - Statement - PreSaveFile = new java.io.File(((pathPrefix + java.lang.Integer.toString(counter)) + .png)): null

2018-12-04 11:33:44 - [TEST_STEP][PASSED] - Statement - counter = counter + 1: null

2018-12-04 11:33:44 - [TEST_STEP][PASSED] - Statement - PreSaveFile = new java.io.File(((pathPrefix + java.lang.Integer.toString(counter)) + .png)): null

2018-12-04 11:33:44 - [TEST_STEP][PASSED] - Statement - counter = counter + 1: null

2018-12-04 11:33:44 - [TEST_STEP][PASSED] - Statement - PreSaveFile = new java.io.File(((pathPrefix + java.lang.Integer.toString(counter)) + .png)): null

2018-12-04 11:33:44 - [TEST_STEP][PASSED] - Statement - counter = counter + 1: null

2018-12-04 11:33:44 - [TEST_STEP][PASSED] - Statement - PreSaveFile = new java.io.File(((pathPrefix + java.lang.Integer.toString(counter)) + .png)): null

2018-12-04 11:33:44 - [TEST_STEP][PASSED] - Statement - counter = counter + 1: null

2018-12-04 11:33:46 - [TEST_STEP][PASSED] - Statement - PreSaveFile = new java.io.File(((pathPrefix + java.lang.Integer.toString(counter)) + .png)): null

2018-12-04 11:33:46 - [TEST_STEP][PASSED] - Statement - counter = counter + 1: null

2018-12-04 11:33:46 - [TEST_STEP][PASSED] - Statement - PreSaveFile = new java.io.File(((pathPrefix + java.lang.Integer.toString(counter)) + .png)): null

2018-12-04 11:33:46 - [TEST_STEP][PASSED] - Statement - counter = counter + 1: null

2018-12-04 11:33:46 - [TEST_STEP][PASSED] - Statement - PreSaveFile = new java.io.File(((pathPrefix + java.lang.Integer.toString(counter)) + .png)): null

2018-12-04 11:33:46 - [TEST_STEP][PASSED] - Statement - counter = counter + 1: null

2018-12-04 11:33:46 - [TEST_STEP][PASSED] - Statement - PreSaveFile = new java.io.File(((pathPrefix + java.lang.Integer.toString(counter)) + .png)): null

2018-12-04 11:33:46 - [TEST_STEP][PASSED] - Statement - counter = counter + 1: null

2018-12-04 11:33:46 - [TEST_STEP][PASSED] - Statement - PreSaveFile = new java.io.File(((pathPrefix + java.lang.Integer.toString(counter)) + .png)): null

2018-12-04 11:33:46 - [TEST_STEP][PASSED] - Statement - counter = counter + 1: null

2018-12-04 11:33:49 - [TEST_STEP][PASSED] - Statement - PreSaveFile = new java.io.File(((pathPrefix + java.lang.Integer.toString(counter)) + .png)): null

2018-12-04 11:33:49 - [TEST_STEP][PASSED] - Statement - counter = counter + 1: null

2018-12-04 11:33:49 - [TEST_STEP][PASSED] - Statement - PreSaveFile = new java.io.File(((pathPrefix + java.lang.Integer.toString(counter)) + .png)): null

2018-12-04 11:33:49 - [TEST_STEP][PASSED] - Statement - counter = counter + 1: null

2018-12-04 11:33:49 - [TEST_STEP][PASSED] - Statement - PreSaveFile = new java.io.File(((pathPrefix + java.lang.Integer.toString(counter)) + .png)): null

2018-12-04 11:33:49 - [TEST_STEP][PASSED] - Statement - counter = counter + 1: null

2018-12-04 11:33:49 - [TEST_STEP][PASSED] - Statement - PreSaveFile = new java.io.File(((pathPrefix + java.lang.Integer.toString(counter)) + .png)): null

2018-12-04 11:33:49 - [TEST_STEP][PASSED] - Statement - counter = counter + 1: null

2018-12-04 11:33:49 - [TEST_STEP][PASSED] - Statement - PreSaveFile = new java.io.File(((pathPrefix + java.lang.Integer.toString(counter)) + .png)): null

2018-12-04 11:33:51 - [TEST_STEP][PASSED] - Statement - counter = counter + 1: null

2018-12-04 11:33:51 - [TEST_STEP][PASSED] - Statement - PreSaveFile = new java.io.File(((pathPrefix + java.lang.Integer.toString(counter)) + .png)): null

2018-12-04 11:33:51 - [TEST_STEP][PASSED] - Statement - counter = counter + 1: null

2018-12-04 11:33:51 - [TEST_STEP][PASSED] - Statement - PreSaveFile = new java.io.File(((pathPrefix + java.lang.Integer.toString(counter)) + .png)): null

2018-12-04 11:33:51 - [TEST_STEP][PASSED] - Statement - counter = counter + 1: null

2018-12-04 11:33:51 - [TEST_STEP][PASSED] - Statement - PreSaveFile = new java.io.File(((pathPrefix + java.lang.Integer.toString(counter)) + .png)): null

2018-12-04 11:33:51 - [TEST_STEP][PASSED] - Statement - counter = counter + 1: null

2018-12-04 11:33:51 - [TEST_STEP][PASSED] - Statement - PreSaveFile = new java.io.File(((pathPrefix + java.lang.Integer.toString(counter)) + .png)): null

2018-12-04 11:33:51 - [TEST_STEP][PASSED] - Statement - counter = counter + 1: null

2018-12-04 11:33:53 - [TEST_STEP][PASSED] - Statement - PreSaveFile = new java.io.File(((pathPrefix + java.lang.Integer.toString(counter)) + .png)): null

2018-12-04 11:33:53 - [TEST_STEP][PASSED] - Statement - counter = counter + 1: null

2018-12-04 11:33:53 - [TEST_STEP][PASSED] - Statement - PreSaveFile = new java.io.File(((pathPrefix + java.lang.Integer.toString(counter)) + .png)): null

2018-12-04 11:33:53 - [TEST_STEP][PASSED] - Statement - counter = counter + 1: null

2018-12-04 11:33:53 - [TEST_STEP][PASSED] - Statement - PreSaveFile = new java.io.File(((pathPrefix + java.lang.Integer.toString(counter)) + .png)): null

2018-12-04 11:33:53 - [TEST_STEP][PASSED] - Statement - counter = counter + 1: null

2018-12-04 11:33:53 - [TEST_STEP][PASSED] - Statement - PreSaveFile = new java.io.File(((pathPrefix + java.lang.Integer.toString(counter)) + .png)): null

2018-12-04 11:33:53 - [TEST_STEP][PASSED] - Statement - counter = counter + 1: null

2018-12-04 11:33:53 - [TEST_STEP][PASSED] - Statement - PreSaveFile = new java.io.File(((pathPrefix + java.lang.Integer.toString(counter)) + .png)): null

2018-12-04 11:33:53 - [TEST_STEP][PASSED] - Statement - counter = counter + 1: null

2018-12-04 11:33:55 - [TEST_STEP][PASSED] - Statement - PreSaveFile = new java.io.File(((pathPrefix + java.lang.Integer.toString(counter)) + .png)): null

2018-12-04 11:33:55 - [TEST_STEP][PASSED] - Statement - counter = counter + 1: null

2018-12-04 11:33:55 - [TEST_STEP][PASSED] - Statement - PreSaveFile = new java.io.File(((pathPrefix + java.lang.Integer.toString(counter)) + .png)): null

2018-12-04 11:33:55 - [TEST_STEP][PASSED] - Statement - counter = counter + 1: null

2018-12-04 11:33:55 - [TEST_STEP][PASSED] - Statement - PreSaveFile = new java.io.File(((pathPrefix + java.lang.Integer.toString(counter)) + .png)): null

2018-12-04 11:33:55 - [TEST_STEP][PASSED] - Statement - counter = counter + 1: null

2018-12-04 11:33:55 - [TEST_STEP][PASSED] - Statement - PreSaveFile = new java.io.File(((pathPrefix + java.lang.Integer.toString(counter)) + .png)): null

2018-12-04 11:33:55 - [TEST_STEP][PASSED] - Statement - counter = counter + 1: null

2018-12-04 11:33:55 - [TEST_STEP][PASSED] - Statement - PreSaveFile = new java.io.File(((pathPrefix + java.lang.Integer.toString(counter)) + .png)): null

2018-12-04 11:33:55 - [TEST_STEP][PASSED] - Statement - counter = counter + 1: null

2018-12-04 11:33:56 - [TEST_STEP][PASSED] - Statement - PreSaveFile = new java.io.File(((pathPrefix + java.lang.Integer.toString(counter)) + .png)): null

2018-12-04 11:33:56 - [TEST_STEP][PASSED] - Statement - counter = counter + 1: null

2018-12-04 11:33:56 - [TEST_STEP][PASSED] - Statement - PreSaveFile = new java.io.File(((pathPrefix + java.lang.Integer.toString(counter)) + .png)): null

2018-12-04 11:33:56 - [TEST_STEP][PASSED] - Statement - counter = counter + 1: null

2018-12-04 11:33:56 - [TEST_STEP][PASSED] - Statement - PreSaveFile = new java.io.File(((pathPrefix + java.lang.Integer.toString(counter)) + .png)): null

2018-12-04 11:33:56 - [TEST_STEP][PASSED] - Statement - counter = counter + 1: null

2018-12-04 11:33:56 - [TEST_STEP][PASSED] - Statement - PreSaveFile = new java.io.File(((pathPrefix + java.lang.Integer.toString(counter)) + .png)): null

2018-12-04 11:33:56 - [TEST_STEP][PASSED] - Statement - counter = counter + 1: null

2018-12-04 11:33:56 - [TEST_STEP][PASSED] - Statement - PreSaveFile = new java.io.File(((pathPrefix + java.lang.Integer.toString(counter)) + .png)): null

2018-12-04 11:33:56 - [TEST_STEP][PASSED] - Statement - counter = counter + 1: null

2018-12-04 11:33:59 - [TEST_STEP][PASSED] - Statement - PreSaveFile = new java.io.File(((pathPrefix + java.lang.Integer.toString(counter)) + .png)): null

2018-12-04 11:33:59 - [TEST_STEP][PASSED] - Statement - counter = counter + 1: null

2018-12-04 11:33:59 - [TEST_STEP][PASSED] - Statement - PreSaveFile = new java.io.File(((pathPrefix + java.lang.Integer.toString(counter)) + .png)): null

2018-12-04 11:33:59 - [TEST_STEP][PASSED] - Statement - counter = counter + 1: null

2018-12-04 11:33:59 - [TEST_STEP][PASSED] - Statement - PreSaveFile = new java.io.File(((pathPrefix + java.lang.Integer.toString(counter)) + .png)): null

2018-12-04 11:33:59 - [TEST_STEP][PASSED] - Statement - counter = counter + 1: null

2018-12-04 11:33:59 - [TEST_STEP][PASSED] - Statement - PreSaveFile = new java.io.File(((pathPrefix + java.lang.Integer.toString(counter)) + .png)): null

2018-12-04 11:33:59 - [TEST_STEP][PASSED] - Statement - counter = counter + 1: null

2018-12-04 11:33:59 - [TEST_STEP][PASSED] - Statement - PreSaveFile = new java.io.File(((pathPrefix + java.lang.Integer.toString(counter)) + .png)): null

2018-12-04 11:34:01 - [TEST_STEP][PASSED] - Statement - counter = counter + 1: null

2018-12-04 11:34:01 - [TEST_STEP][PASSED] - Statement - PreSaveFile = new java.io.File(((pathPrefix + java.lang.Integer.toString(counter)) + .png)): null

2018-12-04 11:34:01 - [TEST_STEP][PASSED] - Statement - counter = counter + 1: null

2018-12-04 11:34:01 - [TEST_STEP][PASSED] - Statement - PreSaveFile = new java.io.File(((pathPrefix + java.lang.Integer.toString(counter)) + .png)): null

2018-12-04 11:34:01 - [TEST_STEP][PASSED] - Statement - counter = counter + 1: null

2018-12-04 11:34:01 - [TEST_STEP][PASSED] - Statement - PreSaveFile = new java.io.File(((pathPrefix + java.lang.Integer.toString(counter)) + .png)): null

2018-12-04 11:34:01 - [TEST_STEP][PASSED] - Statement - counter = counter + 1: null

2018-12-04 11:34:01 - [TEST_STEP][PASSED] - Statement - PreSaveFile = new java.io.File(((pathPrefix + java.lang.Integer.toString(counter)) + .png)): null

2018-12-04 11:34:01 - [TEST_STEP][PASSED] - Statement - counter = counter + 1: null

2018-12-04 11:34:03 - [TEST_STEP][PASSED] - Statement - PreSaveFile = new java.io.File(((pathPrefix + java.lang.Integer.toString(counter)) + .png)): null

2018-12-04 11:34:03 - [TEST_STEP][PASSED] - Statement - counter = counter + 1: null

2018-12-04 11:34:03 - [TEST_STEP][PASSED] - Statement - PreSaveFile = new java.io.File(((pathPrefix + java.lang.Integer.toString(counter)) + .png)): null

2018-12-04 11:34:03 - [TEST_STEP][PASSED] - Statement - counter = counter + 1: null

2018-12-04 11:34:03 - [TEST_STEP][PASSED] - Statement - PreSaveFile = new java.io.File(((pathPrefix + java.lang.Integer.toString(counter)) + .png)): null

2018-12-04 11:34:03 - [TEST_STEP][PASSED] - Statement - counter = counter + 1: null

2018-12-04 11:34:03 - [TEST_STEP][PASSED] - Statement - PreSaveFile = new java.io.File(((pathPrefix + java.lang.Integer.toString(counter)) + .png)): null

2018-12-04 11:34:03 - [TEST_STEP][PASSED] - Statement - counter = counter + 1: null

2018-12-04 11:34:03 - [TEST_STEP][PASSED] - Statement - PreSaveFile = new java.io.File(((pathPrefix + java.lang.Integer.toString(counter)) + .png)): null

2018-12-04 11:34:03 - [TEST_STEP][PASSED] - Statement - counter = counter + 1: null

2018-12-04 11:34:04 - [TEST_STEP][PASSED] - Statement - PreSaveFile = new java.io.File(((pathPrefix + java.lang.Integer.toString(counter)) + .png)): null

2018-12-04 11:34:04 - [TEST_STEP][PASSED] - Statement - counter = counter + 1: null

2018-12-04 11:34:04 - [TEST_STEP][PASSED] - Statement - PreSaveFile = new java.io.File(((pathPrefix + java.lang.Integer.toString(counter)) + .png)): null

2018-12-04 11:34:04 - [TEST_STEP][PASSED] - Statement - counter = counter + 1: null

2018-12-04 11:34:04 - [TEST_STEP][PASSED] - Statement - PreSaveFile = new java.io.File(((pathPrefix + java.lang.Integer.toString(counter)) + .png)): null

2018-12-04 11:34:04 - [TEST_STEP][PASSED] - Statement - counter = counter + 1: null

2018-12-04 11:34:04 - [TEST_STEP][PASSED] - Statement - PreSaveFile = new java.io.File(((pathPrefix + java.lang.Integer.toString(counter)) + .png)): null

2018-12-04 11:34:04 - [TEST_STEP][PASSED] - Statement - counter = counter + 1: null

2018-12-04 11:34:04 - [TEST_STEP][PASSED] - Statement - PreSaveFile = new java.io.File(((pathPrefix + java.lang.Integer.toString(counter)) + .png)): null

2018-12-04 11:34:04 - [TEST_STEP][PASSED] - Statement - counter = counter + 1: null

2018-12-04 11:34:06 - [TEST_STEP][PASSED] - Statement - PreSaveFile = new java.io.File(((pathPrefix + java.lang.Integer.toString(counter)) + .png)): null

2018-12-04 11:34:06 - [TEST_STEP][PASSED] - Statement - counter = counter + 1: null

2018-12-04 11:34:06 - [TEST_STEP][PASSED] - Statement - PreSaveFile = new java.io.File(((pathPrefix + java.lang.Integer.toString(counter)) + .png)): null

2018-12-04 11:34:06 - [TEST_STEP][PASSED] - Statement - counter = counter + 1: null

2018-12-04 11:34:06 - [TEST_STEP][PASSED] - Statement - PreSaveFile = new java.io.File(((pathPrefix + java.lang.Integer.toString(counter)) + .png)): null

2018-12-04 11:34:06 - [TEST_STEP][PASSED] - Statement - counter = counter + 1: null

2018-12-04 11:34:06 - [TEST_STEP][PASSED] - Statement - PreSaveFile = new java.io.File(((pathPrefix + java.lang.Integer.toString(counter)) + .png)): null

2018-12-04 11:34:06 - [TEST_STEP][PASSED] - Statement - counter = counter + 1: null

2018-12-04 11:34:06 - [TEST_STEP][PASSED] - Statement - PreSaveFile = new java.io.File(((pathPrefix + java.lang.Integer.toString(counter)) + .png)): null

2018-12-04 11:34:08 - [TEST_STEP][PASSED] - Statement - counter = counter + 1: null

2018-12-04 11:34:08 - [TEST_STEP][PASSED] - Statement - PreSaveFile = new java.io.File(((pathPrefix + java.lang.Integer.toString(counter)) + .png)): null

2018-12-04 11:34:08 - [TEST_STEP][PASSED] - Statement - counter = counter + 1: null

2018-12-04 11:34:08 - [TEST_STEP][PASSED] - Statement - PreSaveFile = new java.io.File(((pathPrefix + java.lang.Integer.toString(counter)) + .png)): null

2018-12-04 11:34:08 - [TEST_STEP][PASSED] - Statement - counter = counter + 1: null

2018-12-04 11:34:08 - [TEST_STEP][PASSED] - Statement - PreSaveFile = new java.io.File(((pathPrefix + java.lang.Integer.toString(counter)) + .png)): null

2018-12-04 11:34:08 - [TEST_STEP][PASSED] - Statement - counter = counter + 1: null

2018-12-04 11:34:08 - [TEST_STEP][PASSED] - Statement - PreSaveFile = new java.io.File(((pathPrefix + java.lang.Integer.toString(counter)) + .png)): null

2018-12-04 11:34:08 - [TEST_STEP][PASSED] - Statement - counter = counter + 1: null

2018-12-04 11:34:08 - [TEST_STEP][PASSED] - Statement - PreSaveFile = new java.io.File(((pathPrefix + java.lang.Integer.toString(counter)) + .png)): null

2018-12-04 11:34:10 - [TEST_STEP][PASSED] - Statement - counter = counter + 1: null

2018-12-04 11:34:10 - [TEST_STEP][PASSED] - Statement - PreSaveFile = new java.io.File(((pathPrefix + java.lang.Integer.toString(counter)) + .png)): null

2018-12-04 11:34:10 - [TEST_STEP][PASSED] - Statement - counter = counter + 1: null

2018-12-04 11:34:10 - [TEST_STEP][PASSED] - Statement - PreSaveFile = new java.io.File(((pathPrefix + java.lang.Integer.toString(counter)) + .png)): null

2018-12-04 11:34:10 - [TEST_STEP][PASSED] - Statement - counter = counter + 1: null

2018-12-04 11:34:10 - [TEST_STEP][PASSED] - Statement - PreSaveFile = new java.io.File(((pathPrefix + java.lang.Integer.toString(counter)) + .png)): null

2018-12-04 11:34:10 - [TEST_STEP][PASSED] - Statement - counter = counter + 1: null

2018-12-04 11:34:10 - [TEST_STEP][PASSED] - Statement - PreSaveFile = new java.io.File(((pathPrefix + java.lang.Integer.toString(counter)) + .png)): null

2018-12-04 11:34:10 - [TEST_STEP][PASSED] - Statement - counter = counter + 1: null

2018-12-04 11:34:12 - [TEST_STEP][PASSED] - Statement - PreSaveFile = new java.io.File(((pathPrefix + java.lang.Integer.toString(counter)) + .png)): null

2018-12-04 11:34:12 - [TEST_STEP][PASSED] - Statement - counter = counter + 1: null

2018-12-04 11:34:12 - [TEST_STEP][PASSED] - Statement - PreSaveFile = new java.io.File(((pathPrefix + java.lang.Integer.toString(counter)) + .png)): null

2018-12-04 11:34:12 - [TEST_STEP][PASSED] - Statement - counter = counter + 1: null

2018-12-04 11:34:12 - [TEST_STEP][PASSED] - Statement - PreSaveFile = new java.io.File(((pathPrefix + java.lang.Integer.toString(counter)) + .png)): null

2018-12-04 11:34:12 - [TEST_STEP][PASSED] - Statement - counter = counter + 1: null

2018-12-04 11:34:12 - [TEST_STEP][PASSED] - Statement - PreSaveFile = new java.io.File(((pathPrefix + java.lang.Integer.toString(counter)) + .png)): null

2018-12-04 11:34:12 - [TEST_STEP][PASSED] - Statement - counter = counter + 1: null

2018-12-04 11:34:12 - [TEST_STEP][PASSED] - Statement - PreSaveFile = new java.io.File(((pathPrefix + java.lang.Integer.toString(counter)) + .png)): null

2018-12-04 11:34:12 - [TEST_STEP][PASSED] - Statement - counter = counter + 1: null

2018-12-04 11:34:14 - [TEST_STEP][PASSED] - Statement - PreSaveFile = new java.io.File(((pathPrefix + java.lang.Integer.toString(counter)) + .png)): null

2018-12-04 11:34:14 - [TEST_STEP][PASSED] - Statement - counter = counter + 1: null

2018-12-04 11:34:14 - [TEST_STEP][PASSED] - Statement - PreSaveFile = new java.io.File(((pathPrefix + java.lang.Integer.toString(counter)) + .png)): null

2018-12-04 11:34:14 - [TEST_STEP][PASSED] - Statement - counter = counter + 1: null

2018-12-04 11:34:14 - [TEST_STEP][PASSED] - Statement - PreSaveFile = new java.io.File(((pathPrefix + java.lang.Integer.toString(counter)) + .png)): null

2018-12-04 11:34:14 - [TEST_STEP][PASSED] - Statement - counter = counter + 1: null

2018-12-04 11:34:14 - [TEST_STEP][PASSED] - Statement - PreSaveFile = new java.io.File(((pathPrefix + java.lang.Integer.toString(counter)) + .png)): null

2018-12-04 11:34:14 - [TEST_STEP][PASSED] - Statement - counter = counter + 1: null

2018-12-04 11:34:14 - [TEST_STEP][PASSED] - Statement - PreSaveFile = new java.io.File(((pathPrefix + java.lang.Integer.toString(counter)) + .png)): null

2018-12-04 11:34:14 - [TEST_STEP][PASSED] - Statement - counter = counter + 1: null

2018-12-04 11:34:16 - [TEST_STEP][PASSED] - Statement - PreSaveFile = new java.io.File(((pathPrefix + java.lang.Integer.toString(counter)) + .png)): null

2018-12-04 11:34:16 - [TEST_STEP][PASSED] - Statement - counter = counter + 1: null

2018-12-04 11:34:16 - [TEST_STEP][PASSED] - Statement - PreSaveFile = new java.io.File(((pathPrefix + java.lang.Integer.toString(counter)) + .png)): null

2018-12-04 11:34:16 - [TEST_STEP][PASSED] - Statement - counter = counter + 1: null

2018-12-04 11:34:16 - [TEST_STEP][PASSED] - Statement - PreSaveFile = new java.io.File(((pathPrefix + java.lang.Integer.toString(counter)) + .png)): null

2018-12-04 11:34:16 - [TEST_STEP][PASSED] - Statement - counter = counter + 1: null

2018-12-04 11:34:16 - [TEST_STEP][PASSED] - Statement - PreSaveFile = new java.io.File(((pathPrefix + java.lang.Integer.toString(counter)) + .png)): null

2018-12-04 11:34:16 - [TEST_STEP][PASSED] - Statement - counter = counter + 1: null

2018-12-04 11:34:16 - [TEST_STEP][PASSED] - Statement - PreSaveFile = new java.io.File(((pathPrefix + java.lang.Integer.toString(counter)) + .png)): null

2018-12-04 11:34:17 - [TEST_STEP][PASSED] - Statement - counter = counter + 1: null

2018-12-04 11:34:17 - [TEST_STEP][PASSED] - Statement - PreSaveFile = new java.io.File(((pathPrefix + java.lang.Integer.toString(counter)) + .png)): null

2018-12-04 11:34:17 - [TEST_STEP][PASSED] - Statement - counter = counter + 1: null

2018-12-04 11:34:17 - [TEST_STEP][PASSED] - Statement - PreSaveFile = new java.io.File(((pathPrefix + java.lang.Integer.toString(counter)) + .png)): null

2018-12-04 11:34:17 - [TEST_STEP][PASSED] - Statement - counter = counter + 1: null

2018-12-04 11:34:17 - [TEST_STEP][PASSED] - Statement - PreSaveFile = new java.io.File(((pathPrefix + java.lang.Integer.toString(counter)) + .png)): null

2018-12-04 11:34:17 - [TEST_STEP][PASSED] - Statement - counter = counter + 1: null

2018-12-04 11:34:17 - [TEST_STEP][PASSED] - Statement - PreSaveFile = new java.io.File(((pathPrefix + java.lang.Integer.toString(counter)) + .png)): null

2018-12-04 11:34:17 - [TEST_STEP][PASSED] - Statement - counter = counter + 1: null

2018-12-04 11:34:19 - [TEST_STEP][PASSED] - Statement - PreSaveFile = new java.io.File(((pathPrefix + java.lang.Integer.toString(counter)) + .png)): null

2018-12-04 11:34:19 - [TEST_STEP][PASSED] - Statement - counter = counter + 1: null

2018-12-04 11:34:19 - [TEST_STEP][PASSED] - Statement - PreSaveFile = new java.io.File(((pathPrefix + java.lang.Integer.toString(counter)) + .png)): null

2018-12-04 11:34:19 - [TEST_STEP][PASSED] - Statement - counter = counter + 1: null

2018-12-04 11:34:19 - [TEST_STEP][PASSED] - Statement - PreSaveFile = new java.io.File(((pathPrefix + java.lang.Integer.toString(counter)) + .png)): null

2018-12-04 11:34:19 - [TEST_STEP][PASSED] - Statement - counter = counter + 1: null

2018-12-04 11:34:19 - [TEST_STEP][PASSED] - Statement - PreSaveFile = new java.io.File(((pathPrefix + java.lang.Integer.toString(counter)) + .png)): null

2018-12-04 11:34:19 - [TEST_STEP][PASSED] - Statement - counter = counter + 1: null

2018-12-04 11:34:19 - [TEST_STEP][PASSED] - Statement - PreSaveFile = new java.io.File(((pathPrefix + java.lang.Integer.toString(counter)) + .png)): null

2018-12-04 11:34:19 - [TEST_STEP][PASSED] - Statement - counter = counter + 1: null

2018-12-04 11:34:21 - [TEST_STEP][PASSED] - Statement - PreSaveFile = new java.io.File(((pathPrefix + java.lang.Integer.toString(counter)) + .png)): null

2018-12-04 11:34:21 - [TEST_STEP][PASSED] - Statement - counter = counter + 1: null

2018-12-04 11:34:21 - [TEST_STEP][PASSED] - Statement - PreSaveFile = new java.io.File(((pathPrefix + java.lang.Integer.toString(counter)) + .png)): null

2018-12-04 11:34:21 - [TEST_STEP][PASSED] - Statement - counter = counter + 1: null

2018-12-04 11:34:21 - [TEST_STEP][PASSED] - Statement - PreSaveFile = new java.io.File(((pathPrefix + java.lang.Integer.toString(counter)) + .png)): null

2018-12-04 11:34:21 - [TEST_STEP][PASSED] - Statement - finalPath = pathPrefix + java.lang.Integer.toString(counter) + ".png": null

2018-12-04 11:34:21 - [TEST_STEP][PASSED] - Statement - SaveFile = new java.io.File(finalPath): null

2018-12-04 11:34:21 - [TEST_STEP][PASSED] - Statement - Try: null

2018-12-04 11:34:21 - [TEST_STEP][PASSED] - Statement - org.apache.commons.io.FileUtils.copyFile(scrFile, SaveFile): null

2018-12-04 11:34:23 - [TEST_STEP][PASSED] - Statement - out.println("file kept"): null

2018-12-04 11:34:23 - [TEST_STEP][PASSED] - delay: Delayed 10 second(s)

2018-12-04 11:34:33 - [MESSAGE][PASSED] - Delayed 10 second(s)

2018-12-04 11:34:33 - [MESSAGE][PASSED] - Call Test Case 'Test Cases/Final Aug 2018 - PKS Automation/Registration Module/New Registration/Submit and Screenshot/Submit Registration and Screenshot' successfully]]></system-out>
         <system-err><![CDATA[]]></system-err>
      </testcase>
      <testcase name="Test Cases/Final Aug 2018 - PKS Automation/Registration Module/Workflow/New Registration/Employer to RO - RO Under Enforcement" classname="Test Cases/Final Aug 2018 - PKS Automation/Registration Module/Workflow/New Registration/Employer to RO - RO Under Enforcement" status="PASSED">
         <system-out><![CDATA[2018-12-04 11:34:33 - [TEST_CASE][PASSED] - Test Cases/Final Aug 2018 - PKS Automation/Registration Module/Workflow/New Registration/Employer to RO - RO Under Enforcement: Test Cases/Final Aug 2018 - PKS Automation/Registration Module/Workflow/New Registration/Employer to RO - RO Under Enforcement

2018-12-04 11:34:34 - [TEST_STEP][PASSED] - callTestCase: Call Test Case 'Test Cases/Final Aug 2018 - PKS Automation/Registration Module/Workflow/New Registration/Template/Special Case - Employer - Form 1' successfully

2018-12-04 11:34:34 - [TEST_CASE][PASSED] - Test Cases/Final Aug 2018 - PKS Automation/Registration Module/Workflow/New Registration/Template/Special Case - Employer - Form 1: Test Cases/Final Aug 2018 - PKS Automation/Registration Module/Workflow/New Registration/Template/Special Case - Employer - Form 1

2018-12-04 11:34:34 - [TEST_STEP][PASSED] - callTestCase: Call Test Case 'Test Cases/Final Aug 2018 - PKS Automation/Create Employer Acc/Create Employer Account' successfully

2018-12-04 11:34:34 - [TEST_CASE][PASSED] - Test Cases/Final Aug 2018 - PKS Automation/Create Employer Acc/Create Employer Account: Test Cases/Final Aug 2018 - PKS Automation/Create Employer Acc/Create Employer Account

2018-12-04 11:34:34 - [TEST_STEP][PASSED] - callTestCase: Call Test Case 'Test Cases/Final Aug 2018 - PKS Automation/Create Employer Acc/Template/Register Employer' successfully

2018-12-04 11:34:34 - [TEST_CASE][PASSED] - Test Cases/Final Aug 2018 - PKS Automation/Create Employer Acc/Template/Register Employer: Test Cases/Final Aug 2018 - PKS Automation/Create Employer Acc/Template/Register Employer

2018-12-04 11:34:34 - [TEST_STEP][PASSED] - openBrowser: Browser is opened with url: ''

2018-12-04 11:34:34 - [MESSAGE][WARNING] - A browser is already opened. Closing browser and opening a new one

2018-12-04 11:34:37 - [MESSAGE][PASSED] - Browser is opened with url: ''

2018-12-04 11:34:37 - [TEST_STEP][PASSED] - navigateToUrl: Navigate to 'https://assist2-uat.perkeso.gov.my/login' successfully

2018-12-04 11:34:38 - [MESSAGE][PASSED] - Navigate to 'https://assist2-uat.perkeso.gov.my/login' successfully

2018-12-04 11:34:38 - [TEST_STEP][PASSED] - setText: Text 'johorotc1@gmail.com' is set on object 'Object Repository/Final Object Repo/Login Page/Internal User/Email Address'

2018-12-04 11:34:38 - [MESSAGE][PASSED] - Text 'johorotc1@gmail.com' is set on object 'Object Repository/Final Object Repo/Login Page/Internal User/Email Address'

2018-12-04 11:34:38 - [TEST_STEP][PASSED] - click: Object: 'Object Repository/Final Object Repo/Login Page/Internal User/Next Button' is clicked on

2018-12-04 11:34:39 - [MESSAGE][PASSED] - Object: 'Object Repository/Final Object Repo/Login Page/Internal User/Next Button' is clicked on

2018-12-04 11:34:39 - [TEST_STEP][PASSED] - delay: Delayed 1 second(s)

2018-12-04 11:34:40 - [MESSAGE][PASSED] - Delayed 1 second(s)

2018-12-04 11:34:40 - [TEST_STEP][PASSED] - setEncryptedText: Text ****** has been set on object 'Object Repository/Final Object Repo/Login Page/Internal User/Password'

2018-12-04 11:34:40 - [MESSAGE][PASSED] - Text ****** has been set on object 'Object Repository/Final Object Repo/Login Page/Internal User/Password'

2018-12-04 11:34:40 - [TEST_STEP][PASSED] - click: Object: 'Object Repository/Final Object Repo/Login Page/Internal User/Login Button' is clicked on

2018-12-04 11:34:40 - [MESSAGE][PASSED] - Object: 'Object Repository/Final Object Repo/Login Page/Internal User/Login Button' is clicked on

2018-12-04 11:34:40 - [TEST_STEP][PASSED] - delay: Delayed 1 second(s)

2018-12-04 11:34:41 - [MESSAGE][PASSED] - Delayed 1 second(s)

2018-12-04 11:34:41 - [TEST_STEP][PASSED] - navigateToUrl: Navigate to 'https://assist2-uat.perkeso.gov.my/web/base/portal-id/registration' successfully

2018-12-04 11:34:43 - [MESSAGE][PASSED] - Navigate to 'https://assist2-uat.perkeso.gov.my/web/base/portal-id/registration' successfully

2018-12-04 11:34:43 - [TEST_STEP][PASSED] - setText: Text 'AUTOMATION EMPLOYER' is set on object 'Object Repository/Final Object Repo/Creating Employer Account/Page_Registration - ASSIST (Base)/Employer Name'

2018-12-04 11:34:43 - [MESSAGE][PASSED] - Text 'AUTOMATION EMPLOYER' is set on object 'Object Repository/Final Object Repo/Creating Employer Account/Page_Registration - ASSIST (Base)/Employer Name'

2018-12-04 11:34:43 - [TEST_STEP][PASSED] - delay: Delayed 2 second(s)

2018-12-04 11:34:45 - [MESSAGE][PASSED] - Delayed 2 second(s)

2018-12-04 11:34:45 - [TEST_STEP][PASSED] - click: Object: 'Object Repository/Final Object Repo/Creating Employer Account/Page_Registration - ASSIST (Base)/Registration Type' is clicked on

2018-12-04 11:34:46 - [MESSAGE][PASSED] - Object: 'Object Repository/Final Object Repo/Creating Employer Account/Page_Registration - ASSIST (Base)/Registration Type' is clicked on

2018-12-04 11:34:46 - [TEST_STEP][PASSED] - delay: Delayed 2 second(s)

2018-12-04 11:34:48 - [MESSAGE][PASSED] - Delayed 2 second(s)

2018-12-04 11:34:48 - [TEST_STEP][PASSED] - click: Object: 'Object Repository/Final Object Repo/Creating Employer Account/Page_Registration - ASSIST (Base)/Registration Type - Registration No' is clicked on

2018-12-04 11:34:48 - [MESSAGE][PASSED] - Object: 'Object Repository/Final Object Repo/Creating Employer Account/Page_Registration - ASSIST (Base)/Registration Type - Registration No' is clicked on

2018-12-04 11:34:48 - [TEST_STEP][PASSED] - delay: Delayed 2 second(s)

2018-12-04 11:34:50 - [MESSAGE][PASSED] - Delayed 2 second(s)

2018-12-04 11:34:50 - [TEST_STEP][PASSED] - setText: Text '1234567890' is set on object 'Object Repository/Final Object Repo/Creating Employer Account/Page_Registration - ASSIST (Base)/Registration Number'

2018-12-04 11:34:50 - [MESSAGE][PASSED] - Text '1234567890' is set on object 'Object Repository/Final Object Repo/Creating Employer Account/Page_Registration - ASSIST (Base)/Registration Number'

2018-12-04 11:34:50 - [TEST_STEP][PASSED] - delay: Delayed 2 second(s)

2018-12-04 11:34:52 - [MESSAGE][PASSED] - Delayed 2 second(s)

2018-12-04 11:34:52 - [TEST_STEP][PASSED] - setText: Text 'ADDRESS 1' is set on object 'Object Repository/Final Object Repo/Creating Employer Account/Page_Registration - ASSIST (Base)/Postal Address 1'

2018-12-04 11:34:53 - [MESSAGE][PASSED] - Text 'ADDRESS 1' is set on object 'Object Repository/Final Object Repo/Creating Employer Account/Page_Registration - ASSIST (Base)/Postal Address 1'

2018-12-04 11:34:53 - [TEST_STEP][PASSED] - setText: Text 'ADDRESS 2' is set on object 'Object Repository/Final Object Repo/Creating Employer Account/Page_Registration - ASSIST (Base)/Postal Address 2'

2018-12-04 11:34:53 - [MESSAGE][PASSED] - Text 'ADDRESS 2' is set on object 'Object Repository/Final Object Repo/Creating Employer Account/Page_Registration - ASSIST (Base)/Postal Address 2'

2018-12-04 11:34:53 - [TEST_STEP][PASSED] - click: Object: 'Object Repository/Final Object Repo/Creating Employer Account/Page_Registration - ASSIST (Base)/State' is clicked on

2018-12-04 11:34:53 - [MESSAGE][PASSED] - Object: 'Object Repository/Final Object Repo/Creating Employer Account/Page_Registration - ASSIST (Base)/State' is clicked on

2018-12-04 11:34:53 - [TEST_STEP][PASSED] - delay: Delayed 2 second(s)

2018-12-04 11:34:55 - [MESSAGE][PASSED] - Delayed 2 second(s)

2018-12-04 11:34:55 - [TEST_STEP][PASSED] - click: Object: 'Object Repository/Final Object Repo/Creating Employer Account/Page_Registration - ASSIST (Base)/State - Johor' is clicked on

2018-12-04 11:34:56 - [MESSAGE][PASSED] - Object: 'Object Repository/Final Object Repo/Creating Employer Account/Page_Registration - ASSIST (Base)/State - Johor' is clicked on

2018-12-04 11:34:56 - [TEST_STEP][PASSED] - delay: Delayed 2 second(s)

2018-12-04 11:34:58 - [MESSAGE][PASSED] - Delayed 2 second(s)

2018-12-04 11:34:58 - [TEST_STEP][PASSED] - click: Object: 'Object Repository/Final Object Repo/Creating Employer Account/Page_Registration - ASSIST (Base)/City' is clicked on

2018-12-04 11:34:58 - [MESSAGE][PASSED] - Object: 'Object Repository/Final Object Repo/Creating Employer Account/Page_Registration - ASSIST (Base)/City' is clicked on

2018-12-04 11:34:58 - [TEST_STEP][PASSED] - delay: Delayed 2 second(s)

2018-12-04 11:35:00 - [MESSAGE][PASSED] - Delayed 2 second(s)

2018-12-04 11:35:00 - [TEST_STEP][PASSED] - setText: Text 'joh' is set on object 'Object Repository/Final Object Repo/Creating Employer Account/Page_Registration - ASSIST (Base)/City - joh'

2018-12-04 11:35:00 - [MESSAGE][PASSED] - Text 'joh' is set on object 'Object Repository/Final Object Repo/Creating Employer Account/Page_Registration - ASSIST (Base)/City - joh'

2018-12-04 11:35:00 - [TEST_STEP][PASSED] - delay: Delayed 2 second(s)

2018-12-04 11:35:02 - [MESSAGE][PASSED] - Delayed 2 second(s)

2018-12-04 11:35:02 - [TEST_STEP][PASSED] - click: Object: 'Object Repository/Final Object Repo/Creating Employer Account/Page_Registration - ASSIST (Base)/City - Johor Bharu' is clicked on

2018-12-04 11:35:02 - [MESSAGE][PASSED] - Object: 'Object Repository/Final Object Repo/Creating Employer Account/Page_Registration - ASSIST (Base)/City - Johor Bharu' is clicked on

2018-12-04 11:35:02 - [TEST_STEP][PASSED] - delay: Delayed 2 second(s)

2018-12-04 11:35:04 - [MESSAGE][PASSED] - Delayed 2 second(s)

2018-12-04 11:35:04 - [TEST_STEP][PASSED] - click: Object: 'Object Repository/Final Object Repo/Creating Employer Account/Page_Registration - ASSIST (Base)/Post Code' is clicked on

2018-12-04 11:35:04 - [MESSAGE][PASSED] - Object: 'Object Repository/Final Object Repo/Creating Employer Account/Page_Registration - ASSIST (Base)/Post Code' is clicked on

2018-12-04 11:35:04 - [TEST_STEP][PASSED] - delay: Delayed 2 second(s)

2018-12-04 11:35:06 - [MESSAGE][PASSED] - Delayed 2 second(s)

2018-12-04 11:35:06 - [TEST_STEP][PASSED] - setText: Text '810' is set on object 'Object Repository/Final Object Repo/Creating Employer Account/Page_Registration - ASSIST (Base)/Post Code - 810'

2018-12-04 11:35:07 - [MESSAGE][PASSED] - Text '810' is set on object 'Object Repository/Final Object Repo/Creating Employer Account/Page_Registration - ASSIST (Base)/Post Code - 810'

2018-12-04 11:35:07 - [TEST_STEP][PASSED] - delay: Delayed 2 second(s)

2018-12-04 11:35:09 - [MESSAGE][PASSED] - Delayed 2 second(s)

2018-12-04 11:35:09 - [TEST_STEP][PASSED] - click: Object: 'Object Repository/Final Object Repo/Creating Employer Account/Page_Registration - ASSIST (Base)/Post Code - 81000' is clicked on

2018-12-04 11:35:09 - [MESSAGE][PASSED] - Object: 'Object Repository/Final Object Repo/Creating Employer Account/Page_Registration - ASSIST (Base)/Post Code - 81000' is clicked on

2018-12-04 11:35:09 - [TEST_STEP][PASSED] - delay: Delayed 2 second(s)

2018-12-04 11:35:11 - [MESSAGE][PASSED] - Delayed 2 second(s)

2018-12-04 11:35:11 - [TEST_STEP][PASSED] - setText: Text 'PERKESO' is set on object 'Object Repository/Final Object Repo/Creating Employer Account/Page_Registration - ASSIST (Base)/Full Name'

2018-12-04 11:35:11 - [MESSAGE][PASSED] - Text 'PERKESO' is set on object 'Object Repository/Final Object Repo/Creating Employer Account/Page_Registration - ASSIST (Base)/Full Name'

2018-12-04 11:35:11 - [TEST_STEP][PASSED] - Statement - rnd = new java.util.Random(): null

2018-12-04 11:35:11 - [TEST_STEP][PASSED] - Statement - snum = rnd.nextInt(899999 + 1) + 100000: null

2018-12-04 11:35:11 - [TEST_STEP][PASSED] - Statement - tnum = rnd.nextInt(899999 + 1) + 100000: null

2018-12-04 11:35:11 - [TEST_STEP][PASSED] - Statement - IC = java.lang.Integer.toString(snum) + java.lang.Integer.toString(tnum): null

2018-12-04 11:35:11 - [TEST_STEP][PASSED] - Statement - out.println(IC): null

2018-12-04 11:35:11 - [TEST_STEP][PASSED] - setText: Text '524363541791' is set on object 'Object Repository/Final Object Repo/Creating Employer Account/Page_Registration - ASSIST (Base)/Identification Number'

2018-12-04 11:35:11 - [MESSAGE][PASSED] - Text '524363541791' is set on object 'Object Repository/Final Object Repo/Creating Employer Account/Page_Registration - ASSIST (Base)/Identification Number'

2018-12-04 11:35:11 - [TEST_STEP][PASSED] - delay: Delayed 2 second(s)

2018-12-04 11:35:13 - [MESSAGE][PASSED] - Delayed 2 second(s)

2018-12-04 11:35:13 - [TEST_STEP][PASSED] - setText: Text '123456789012' is set on object 'Object Repository/Final Object Repo/Creating Employer Account/Page_Registration - ASSIST (Base)/Contact Number'

2018-12-04 11:35:14 - [MESSAGE][PASSED] - Text '123456789012' is set on object 'Object Repository/Final Object Repo/Creating Employer Account/Page_Registration - ASSIST (Base)/Contact Number'

2018-12-04 11:35:14 - [TEST_STEP][PASSED] - Statement - Email = "perkeso" + IC + "@gmail.com": null

2018-12-04 11:35:14 - [TEST_STEP][PASSED] - delay: Delayed 2 second(s)

2018-12-04 11:35:16 - [MESSAGE][PASSED] - Delayed 2 second(s)

2018-12-04 11:35:16 - [TEST_STEP][PASSED] - callTestCase: Call Test Case 'Test Cases/Final Aug 2018 - PKS Automation/Create Employer Acc/Template/Employer Email Settler' successfully

2018-12-04 11:35:16 - [TEST_CASE][PASSED] - Test Cases/Final Aug 2018 - PKS Automation/Create Employer Acc/Template/Employer Email Settler: Test Cases/Final Aug 2018 - PKS Automation/Create Employer Acc/Template/Employer Email Settler

2018-12-04 11:35:16 - [TEST_STEP][PASSED] - Statement - EmpEmailOld = new java.io.File(C://Users//Admin//Desktop//PKS//Automation Reference Point//EmpEmail.txt): null

2018-12-04 11:35:16 - [TEST_STEP][PASSED] - Statement - EmpEmailOld.delete(): null

2018-12-04 11:35:16 - [TEST_STEP][PASSED] - Statement - EmpEmail = new java.io.File(C://Users//Admin//Desktop//PKS//Automation Reference Point//EmpEmail.txt): null

2018-12-04 11:35:16 - [TEST_STEP][PASSED] - Statement - EmpEmail.append(Email): null

2018-12-04 11:35:16 - [TEST_STEP][PASSED] - Statement - out.println(Email): null

2018-12-04 11:35:16 - [MESSAGE][PASSED] - Call Test Case 'Test Cases/Final Aug 2018 - PKS Automation/Create Employer Acc/Template/Employer Email Settler' successfully

2018-12-04 11:35:16 - [TEST_STEP][PASSED] - delay: Delayed 2 second(s)

2018-12-04 11:35:18 - [MESSAGE][PASSED] - Delayed 2 second(s)

2018-12-04 11:35:18 - [TEST_STEP][PASSED] - setText: Text 'perkeso524363541791@gmail.com' is set on object 'Object Repository/Final Object Repo/Creating Employer Account/Page_Registration - ASSIST (Base)/Email'

2018-12-04 11:35:18 - [MESSAGE][PASSED] - Text 'perkeso524363541791@gmail.com' is set on object 'Object Repository/Final Object Repo/Creating Employer Account/Page_Registration - ASSIST (Base)/Email'

2018-12-04 11:35:18 - [TEST_STEP][PASSED] - setText: Text '123' is set on object 'Object Repository/Final Object Repo/Creating Employer Account/Page_Registration - ASSIST (Base)/Security Phase'

2018-12-04 11:35:19 - [MESSAGE][PASSED] - Text '123' is set on object 'Object Repository/Final Object Repo/Creating Employer Account/Page_Registration - ASSIST (Base)/Security Phase'

2018-12-04 11:35:19 - [TEST_STEP][PASSED] - click: Object: 'Object Repository/Final Object Repo/Creating Employer Account/Page_Registration - ASSIST (Base)/Save  Continue' is clicked on

2018-12-04 11:35:19 - [MESSAGE][PASSED] - Object: 'Object Repository/Final Object Repo/Creating Employer Account/Page_Registration - ASSIST (Base)/Save  Continue' is clicked on

2018-12-04 11:35:19 - [TEST_STEP][PASSED] - delay: Delayed 2 second(s)

2018-12-04 11:35:21 - [MESSAGE][PASSED] - Delayed 2 second(s)

2018-12-04 11:35:21 - [TEST_STEP][PASSED] - click: Object: 'Object Repository/Final Object Repo/Creating Employer Account/Page_Registration - ASSIST (Base)/Add Document' is clicked on

2018-12-04 11:35:21 - [MESSAGE][PASSED] - Object: 'Object Repository/Final Object Repo/Creating Employer Account/Page_Registration - ASSIST (Base)/Add Document' is clicked on

2018-12-04 11:35:21 - [TEST_STEP][PASSED] - delay: Delayed 2 second(s)

2018-12-04 11:35:23 - [MESSAGE][PASSED] - Delayed 2 second(s)

2018-12-04 11:35:23 - [TEST_STEP][PASSED] - click: Object: 'Object Repository/Final Object Repo/Creating Employer Account/Page_Registration - ASSIST (Base)/Document Type' is clicked on

2018-12-04 11:35:23 - [MESSAGE][PASSED] - Object: 'Object Repository/Final Object Repo/Creating Employer Account/Page_Registration - ASSIST (Base)/Document Type' is clicked on

2018-12-04 11:35:23 - [TEST_STEP][PASSED] - delay: Delayed 2 second(s)

2018-12-04 11:35:25 - [MESSAGE][PASSED] - Delayed 2 second(s)

2018-12-04 11:35:25 - [TEST_STEP][PASSED] - click: Object: 'Object Repository/Final Object Repo/Creating Employer Account/Page_Registration - ASSIST (Base)/Document Type - Letter of Authorization' is clicked on

2018-12-04 11:35:26 - [MESSAGE][PASSED] - Object: 'Object Repository/Final Object Repo/Creating Employer Account/Page_Registration - ASSIST (Base)/Document Type - Letter of Authorization' is clicked on

2018-12-04 11:35:26 - [TEST_STEP][PASSED] - delay: Delayed 2 second(s)

2018-12-04 11:35:28 - [MESSAGE][PASSED] - Delayed 2 second(s)

2018-12-04 11:35:28 - [TEST_STEP][PASSED] - sendKeys: Keys 'C:\Users\Public\Pictures\Sample Pictures\Koala.jpg' sent to object: 'Object Repository/Final Object Repo/Creating Employer Account/Page_Registration - ASSIST (Base)/Uploading File'

2018-12-04 11:35:28 - [MESSAGE][PASSED] - Keys 'C:\Users\Public\Pictures\Sample Pictures\Koala.jpg' sent to object: 'Object Repository/Final Object Repo/Creating Employer Account/Page_Registration - ASSIST (Base)/Uploading File'

2018-12-04 11:35:28 - [TEST_STEP][PASSED] - delay: Delayed 2 second(s)

2018-12-04 11:35:30 - [MESSAGE][PASSED] - Delayed 2 second(s)

2018-12-04 11:35:30 - [TEST_STEP][PASSED] - click: Object: 'Object Repository/Final Object Repo/Creating Employer Account/Page_Registration - ASSIST (Base)/Add Document in Uploading File' is clicked on

2018-12-04 11:35:30 - [MESSAGE][PASSED] - Object: 'Object Repository/Final Object Repo/Creating Employer Account/Page_Registration - ASSIST (Base)/Add Document in Uploading File' is clicked on

2018-12-04 11:35:30 - [TEST_STEP][PASSED] - delay: Delayed 2 second(s)

2018-12-04 11:35:32 - [MESSAGE][PASSED] - Delayed 2 second(s)

2018-12-04 11:35:32 - [TEST_STEP][PASSED] - click: Object: 'Object Repository/Final Object Repo/Creating Employer Account/Page_Registration - ASSIST (Base)/Save' is clicked on

2018-12-04 11:35:32 - [MESSAGE][PASSED] - Object: 'Object Repository/Final Object Repo/Creating Employer Account/Page_Registration - ASSIST (Base)/Save' is clicked on

2018-12-04 11:35:32 - [TEST_STEP][PASSED] - delay: Delayed 2 second(s)

2018-12-04 11:35:34 - [MESSAGE][PASSED] - Delayed 2 second(s)

2018-12-04 11:35:34 - [TEST_STEP][PASSED] - click: Object: 'Object Repository/Final Object Repo/Creating Employer Account/Page_Registration - ASSIST (Base)/Submit' is clicked on

2018-12-04 11:35:34 - [MESSAGE][PASSED] - Object: 'Object Repository/Final Object Repo/Creating Employer Account/Page_Registration - ASSIST (Base)/Submit' is clicked on

2018-12-04 11:35:34 - [TEST_STEP][PASSED] - delay: Delayed 2 second(s)

2018-12-04 11:35:36 - [MESSAGE][PASSED] - Delayed 2 second(s)

2018-12-04 11:35:36 - [TEST_STEP][PASSED] - click: Object: 'Object Repository/Final Object Repo/Creating Employer Account/Page_Registration - ASSIST (Base)/Confirm' is clicked on

2018-12-04 11:35:36 - [MESSAGE][PASSED] - Object: 'Object Repository/Final Object Repo/Creating Employer Account/Page_Registration - ASSIST (Base)/Confirm' is clicked on

2018-12-04 11:35:36 - [MESSAGE][PASSED] - Call Test Case 'Test Cases/Final Aug 2018 - PKS Automation/Create Employer Acc/Template/Register Employer' successfully

2018-12-04 11:35:36 - [TEST_STEP][PASSED] - delay: Delayed 1 second(s)

2018-12-04 11:35:37 - [MESSAGE][PASSED] - Delayed 1 second(s)

2018-12-04 11:35:37 - [TEST_STEP][PASSED] - navigateToUrl: Navigate to 'https://assist2-uat.perkeso.gov.my/c/portal/logout' successfully

2018-12-04 11:35:39 - [MESSAGE][PASSED] - Navigate to 'https://assist2-uat.perkeso.gov.my/c/portal/logout' successfully

2018-12-04 11:35:39 - [TEST_STEP][PASSED] - delay: Delayed 1 second(s)

2018-12-04 11:35:40 - [MESSAGE][PASSED] - Delayed 1 second(s)

2018-12-04 11:35:40 - [TEST_STEP][PASSED] - callTestCase: Call Test Case 'Test Cases/Final Aug 2018 - PKS Automation/Create Employer Acc/Template/Change Password of Employer' successfully

2018-12-04 11:35:40 - [TEST_CASE][PASSED] - Test Cases/Final Aug 2018 - PKS Automation/Create Employer Acc/Template/Change Password of Employer: Test Cases/Final Aug 2018 - PKS Automation/Create Employer Acc/Template/Change Password of Employer

2018-12-04 11:35:40 - [TEST_STEP][PASSED] - openBrowser: Browser is opened with url: ''

2018-12-04 11:35:40 - [MESSAGE][WARNING] - A browser is already opened. Closing browser and opening a new one

2018-12-04 11:35:43 - [MESSAGE][PASSED] - Browser is opened with url: ''

2018-12-04 11:35:43 - [TEST_STEP][PASSED] - navigateToUrl: Navigate to 'https://assist2-uat.perkeso.gov.my/login' successfully

2018-12-04 11:35:44 - [MESSAGE][PASSED] - Navigate to 'https://assist2-uat.perkeso.gov.my/login' successfully

2018-12-04 11:35:44 - [TEST_STEP][PASSED] - delay: Delayed 5 second(s)

2018-12-04 11:35:49 - [MESSAGE][PASSED] - Delayed 5 second(s)

2018-12-04 11:35:49 - [TEST_STEP][PASSED] - setText: Text 'test@liferay.com' is set on object 'Object Repository/Final Object Repo/Login Page/Internal User/Email Address'

2018-12-04 11:35:50 - [MESSAGE][PASSED] - Text 'test@liferay.com' is set on object 'Object Repository/Final Object Repo/Login Page/Internal User/Email Address'

2018-12-04 11:35:50 - [TEST_STEP][PASSED] - click: Object: 'Object Repository/Final Object Repo/Login Page/Internal User/Next Button' is clicked on

2018-12-04 11:35:50 - [MESSAGE][PASSED] - Object: 'Object Repository/Final Object Repo/Login Page/Internal User/Next Button' is clicked on

2018-12-04 11:35:50 - [TEST_STEP][PASSED] - delay: Delayed 2 second(s)

2018-12-04 11:35:52 - [MESSAGE][PASSED] - Delayed 2 second(s)

2018-12-04 11:35:52 - [TEST_STEP][PASSED] - setText: Text 'test' is set on object 'Object Repository/Final Object Repo/Login Page/Internal User/Password'

2018-12-04 11:35:52 - [MESSAGE][PASSED] - Text 'test' is set on object 'Object Repository/Final Object Repo/Login Page/Internal User/Password'

2018-12-04 11:35:52 - [TEST_STEP][PASSED] - delay: Delayed 2 second(s)

2018-12-04 11:35:54 - [MESSAGE][PASSED] - Delayed 2 second(s)

2018-12-04 11:35:54 - [TEST_STEP][PASSED] - click: Object: 'Object Repository/Final Object Repo/Login Page/Internal User/Login Button' is clicked on

2018-12-04 11:35:54 - [MESSAGE][PASSED] - Object: 'Object Repository/Final Object Repo/Login Page/Internal User/Login Button' is clicked on

2018-12-04 11:35:54 - [TEST_STEP][PASSED] - delay: Delayed 3 second(s)

2018-12-04 11:35:57 - [MESSAGE][PASSED] - Delayed 3 second(s)

2018-12-04 11:35:57 - [TEST_STEP][PASSED] - navigateToUrl: Navigate to 'https://assist2-uat.perkeso.gov.my/group/control_panel/manage?p_p_id=125&p_p_lifecycle=0&p_p_state=maximized&p_p_mode=view&refererPlid=20455&_125_usersListView=flat-users&_125_toolbarItem=view-all-users&_125_saveUsersListView=true&_125_struts_action=%2Fusers_admin%2Fview' successfully

2018-12-04 11:35:59 - [MESSAGE][PASSED] - Navigate to 'https://assist2-uat.perkeso.gov.my/group/control_panel/manage?p_p_id=125&p_p_lifecycle=0&p_p_state=maximized&p_p_mode=view&refererPlid=20455&_125_usersListView=flat-users&_125_toolbarItem=view-all-users&_125_saveUsersListView=true&_125_struts_action=%2Fusers_admin%2Fview' successfully

2018-12-04 11:35:59 - [TEST_STEP][PASSED] - delay: Delayed 3 second(s)

2018-12-04 11:36:02 - [MESSAGE][PASSED] - Delayed 3 second(s)

2018-12-04 11:36:02 - [TEST_STEP][PASSED] - setText: Text 'perkeso524363541791@gmail.com' is set on object 'Object Repository/Final Object Repo/Creating Employer Account/Page_Users and Organizations - ASSIST/Employer name'

2018-12-04 11:36:02 - [MESSAGE][PASSED] - Text 'perkeso524363541791@gmail.com' is set on object 'Object Repository/Final Object Repo/Creating Employer Account/Page_Users and Organizations - ASSIST/Employer name'

2018-12-04 11:36:02 - [TEST_STEP][PASSED] - delay: Delayed 3 second(s)

2018-12-04 11:36:05 - [MESSAGE][PASSED] - Delayed 3 second(s)

2018-12-04 11:36:05 - [TEST_STEP][PASSED] - click: Object: 'Object Repository/Final Object Repo/Creating Employer Account/Page_Users and Organizations - ASSIST/Search' is clicked on

2018-12-04 11:36:06 - [MESSAGE][PASSED] - Object: 'Object Repository/Final Object Repo/Creating Employer Account/Page_Users and Organizations - ASSIST/Search' is clicked on

2018-12-04 11:36:06 - [TEST_STEP][PASSED] - delay: Delayed 3 second(s)

2018-12-04 11:36:09 - [MESSAGE][PASSED] - Delayed 3 second(s)

2018-12-04 11:36:09 - [TEST_STEP][PASSED] - click: Object: 'Object Repository/Final Object Repo/Creating Employer Account/Page_Users and Organizations - ASSIST/Action' is clicked on

2018-12-04 11:36:09 - [MESSAGE][PASSED] - Object: 'Object Repository/Final Object Repo/Creating Employer Account/Page_Users and Organizations - ASSIST/Action' is clicked on

2018-12-04 11:36:09 - [TEST_STEP][PASSED] - delay: Delayed 3 second(s)

2018-12-04 11:36:12 - [MESSAGE][PASSED] - Delayed 3 second(s)

2018-12-04 11:36:12 - [TEST_STEP][PASSED] - click: Object: 'Object Repository/Final Object Repo/Creating Employer Account/Page_Users and Organizations - ASSIST/Edit' is clicked on

2018-12-04 11:36:13 - [MESSAGE][PASSED] - Object: 'Object Repository/Final Object Repo/Creating Employer Account/Page_Users and Organizations - ASSIST/Edit' is clicked on

2018-12-04 11:36:13 - [TEST_STEP][PASSED] - delay: Delayed 3 second(s)

2018-12-04 11:36:16 - [MESSAGE][PASSED] - Delayed 3 second(s)

2018-12-04 11:36:16 - [TEST_STEP][PASSED] - click: Object: 'Object Repository/Final Object Repo/Creating Employer Account/Page_PERKESO - Users and Organizati/a_Password (Modified)' is clicked on

2018-12-04 11:36:16 - [MESSAGE][PASSED] - Object: 'Object Repository/Final Object Repo/Creating Employer Account/Page_PERKESO - Users and Organizati/a_Password (Modified)' is clicked on

2018-12-04 11:36:16 - [TEST_STEP][PASSED] - delay: Delayed 3 second(s)

2018-12-04 11:36:19 - [MESSAGE][PASSED] - Delayed 3 second(s)

2018-12-04 11:36:19 - [TEST_STEP][PASSED] - setEncryptedText: Text ****** has been set on object 'Object Repository/Final Object Repo/Creating Employer Account/Page_PERKESO - Users and Organizati/input__125_password1'

2018-12-04 11:36:19 - [MESSAGE][PASSED] - Text ****** has been set on object 'Object Repository/Final Object Repo/Creating Employer Account/Page_PERKESO - Users and Organizati/input__125_password1'

2018-12-04 11:36:19 - [TEST_STEP][PASSED] - delay: Delayed 3 second(s)

2018-12-04 11:36:22 - [MESSAGE][PASSED] - Delayed 3 second(s)

2018-12-04 11:36:22 - [TEST_STEP][PASSED] - setEncryptedText: Text ****** has been set on object 'Object Repository/Final Object Repo/Creating Employer Account/Page_PERKESO - Users and Organizati/input__125_password2'

2018-12-04 11:36:23 - [MESSAGE][PASSED] - Text ****** has been set on object 'Object Repository/Final Object Repo/Creating Employer Account/Page_PERKESO - Users and Organizati/input__125_password2'

2018-12-04 11:36:23 - [TEST_STEP][PASSED] - delay: Delayed 3 second(s)

2018-12-04 11:36:26 - [MESSAGE][PASSED] - Delayed 3 second(s)

2018-12-04 11:36:26 - [TEST_STEP][PASSED] - click: Object: 'Object Repository/Final Object Repo/Creating Employer Account/Page_PERKESO - Users and Organizati/Save' is clicked on

2018-12-04 11:36:27 - [MESSAGE][PASSED] - Object: 'Object Repository/Final Object Repo/Creating Employer Account/Page_PERKESO - Users and Organizati/Save' is clicked on

2018-12-04 11:36:27 - [MESSAGE][PASSED] - Call Test Case 'Test Cases/Final Aug 2018 - PKS Automation/Create Employer Acc/Template/Change Password of Employer' successfully

2018-12-04 11:36:27 - [TEST_STEP][PASSED] - delay: Delayed 1 second(s)

2018-12-04 11:36:28 - [MESSAGE][PASSED] - Delayed 1 second(s)

2018-12-04 11:36:28 - [TEST_STEP][PASSED] - navigateToUrl: Navigate to 'https://assist2-uat.perkeso.gov.my/c/portal/logout' successfully

2018-12-04 11:36:29 - [MESSAGE][PASSED] - Navigate to 'https://assist2-uat.perkeso.gov.my/c/portal/logout' successfully

2018-12-04 11:36:29 - [TEST_STEP][PASSED] - delay: Delayed 1 second(s)

2018-12-04 11:36:30 - [MESSAGE][PASSED] - Delayed 1 second(s)

2018-12-04 11:36:30 - [TEST_STEP][PASSED] - callTestCase: Call Test Case 'Test Cases/Final Aug 2018 - PKS Automation/Create Employer Acc/Template/Login to Employer Account (First Time)' successfully

2018-12-04 11:36:30 - [TEST_CASE][PASSED] - Test Cases/Final Aug 2018 - PKS Automation/Create Employer Acc/Template/Login to Employer Account (First Time): Test Cases/Final Aug 2018 - PKS Automation/Create Employer Acc/Template/Login to Employer Account (First Time)

2018-12-04 11:36:30 - [TEST_STEP][PASSED] - openBrowser: Browser is opened with url: ''

2018-12-04 11:36:30 - [MESSAGE][WARNING] - A browser is already opened. Closing browser and opening a new one

2018-12-04 11:36:33 - [MESSAGE][PASSED] - Browser is opened with url: ''

2018-12-04 11:36:33 - [TEST_STEP][PASSED] - navigateToUrl: Navigate to 'https://assist2-uat.perkeso.gov.my/employer/login' successfully

2018-12-04 11:36:34 - [MESSAGE][PASSED] - Navigate to 'https://assist2-uat.perkeso.gov.my/employer/login' successfully

2018-12-04 11:36:34 - [TEST_STEP][PASSED] - delay: Delayed 3 second(s)

2018-12-04 11:36:37 - [MESSAGE][PASSED] - Delayed 3 second(s)

2018-12-04 11:36:37 - [TEST_STEP][PASSED] - callTestCase: Call Test Case 'Test Cases/Final Aug 2018 - PKS Automation/Create Employer Acc/Template/Employer Email Getter' successfully

2018-12-04 11:36:37 - [TEST_CASE][PASSED] - Test Cases/Final Aug 2018 - PKS Automation/Create Employer Acc/Template/Employer Email Getter: Test Cases/Final Aug 2018 - PKS Automation/Create Employer Acc/Template/Employer Email Getter

2018-12-04 11:36:37 - [TEST_STEP][PASSED] - Statement - Try: null

2018-12-04 11:36:37 - [TEST_STEP][PASSED] - Statement - EmpEmail = new java.io.File(C://Users//Admin//Desktop//PKS//Automation Reference Point//EmpEmail.txt): null

2018-12-04 11:36:37 - [TEST_STEP][PASSED] - Statement - bufferread = new java.io.BufferedReader(new java.io.FileReader(EmpEmail)): null

2018-12-04 11:36:37 - [TEST_STEP][PASSED] - Statement - readedVal = bufferread.readLine(): null

2018-12-04 11:36:37 - [TEST_STEP][PASSED] - Statement - out.println(readedVal): null

2018-12-04 11:36:37 - [TEST_STEP][PASSED] - Statement - Email = readedVal: null

2018-12-04 11:36:37 - [MESSAGE][PASSED] - Call Test Case 'Test Cases/Final Aug 2018 - PKS Automation/Create Employer Acc/Template/Employer Email Getter' successfully

2018-12-04 11:36:37 - [TEST_STEP][PASSED] - setText: Text 'perkeso524363541791@gmail.com' is set on object 'Object Repository/Final Object Repo/Login Page/External Login Page/Email'

2018-12-04 11:36:38 - [MESSAGE][PASSED] - Text 'perkeso524363541791@gmail.com' is set on object 'Object Repository/Final Object Repo/Login Page/External Login Page/Email'

2018-12-04 11:36:38 - [TEST_STEP][PASSED] - click: Object: 'Object Repository/Final Object Repo/Login Page/External Login Page/Next' is clicked on

2018-12-04 11:36:38 - [MESSAGE][PASSED] - Object: 'Object Repository/Final Object Repo/Login Page/External Login Page/Next' is clicked on

2018-12-04 11:36:38 - [TEST_STEP][PASSED] - delay: Delayed 3 second(s)

2018-12-04 11:36:41 - [MESSAGE][PASSED] - Delayed 3 second(s)

2018-12-04 11:36:41 - [TEST_STEP][PASSED] - setEncryptedText: Text ****** has been set on object 'Object Repository/Final Object Repo/Login Page/External Login Page/Password'

2018-12-04 11:36:41 - [MESSAGE][PASSED] - Text ****** has been set on object 'Object Repository/Final Object Repo/Login Page/External Login Page/Password'

2018-12-04 11:36:41 - [TEST_STEP][PASSED] - click: Object: 'Object Repository/Final Object Repo/Login Page/External Login Page/Login' is clicked on

2018-12-04 11:36:42 - [MESSAGE][PASSED] - Object: 'Object Repository/Final Object Repo/Login Page/External Login Page/Login' is clicked on

2018-12-04 11:36:42 - [TEST_STEP][PASSED] - delay: Delayed 3 second(s)

2018-12-04 11:36:45 - [MESSAGE][PASSED] - Delayed 3 second(s)

2018-12-04 11:36:45 - [TEST_STEP][PASSED] - click: Object: 'Object Repository/Final Object Repo/Creating Employer Account/Page_Terms of Use - ASSIST/button_I Agree' is clicked on

2018-12-04 11:36:46 - [MESSAGE][PASSED] - Object: 'Object Repository/Final Object Repo/Creating Employer Account/Page_Terms of Use - ASSIST/button_I Agree' is clicked on

2018-12-04 11:36:46 - [TEST_STEP][PASSED] - delay: Delayed 2 second(s)

2018-12-04 11:36:48 - [MESSAGE][PASSED] - Delayed 2 second(s)

2018-12-04 11:36:48 - [TEST_STEP][PASSED] - setEncryptedText: Text ****** has been set on object 'Object Repository/Final Object Repo/Creating Employer Account/Page_New Password - ASSIST/input_password1'

2018-12-04 11:36:48 - [MESSAGE][PASSED] - Text ****** has been set on object 'Object Repository/Final Object Repo/Creating Employer Account/Page_New Password - ASSIST/input_password1'

2018-12-04 11:36:48 - [TEST_STEP][PASSED] - setEncryptedText: Text ****** has been set on object 'Object Repository/Final Object Repo/Creating Employer Account/Page_New Password - ASSIST/input_password2'

2018-12-04 11:36:48 - [MESSAGE][PASSED] - Text ****** has been set on object 'Object Repository/Final Object Repo/Creating Employer Account/Page_New Password - ASSIST/input_password2'

2018-12-04 11:36:48 - [TEST_STEP][PASSED] - delay: Delayed 2 second(s)

2018-12-04 11:36:50 - [MESSAGE][PASSED] - Delayed 2 second(s)

2018-12-04 11:36:50 - [TEST_STEP][PASSED] - click: Object: 'Object Repository/Final Object Repo/Creating Employer Account/Page_New Password - ASSIST/Save' is clicked on

2018-12-04 11:36:50 - [MESSAGE][PASSED] - Object: 'Object Repository/Final Object Repo/Creating Employer Account/Page_New Password - ASSIST/Save' is clicked on

2018-12-04 11:36:50 - [TEST_STEP][PASSED] - delay: Delayed 2 second(s)

2018-12-04 11:36:52 - [MESSAGE][PASSED] - Delayed 2 second(s)

2018-12-04 11:36:52 - [TEST_STEP][PASSED] - setText: Text 'test' is set on object 'Object Repository/Final Object Repo/Creating Employer Account/Page_Password Reminder - ASSIST/Reminder Query Answer'

2018-12-04 11:36:53 - [MESSAGE][PASSED] - Text 'test' is set on object 'Object Repository/Final Object Repo/Creating Employer Account/Page_Password Reminder - ASSIST/Reminder Query Answer'

2018-12-04 11:36:53 - [TEST_STEP][PASSED] - delay: Delayed 2 second(s)

2018-12-04 11:36:55 - [MESSAGE][PASSED] - Delayed 2 second(s)

2018-12-04 11:36:55 - [TEST_STEP][PASSED] - doubleClick: Object: 'Object Repository/Final Object Repo/Creating Employer Account/Page_Password Reminder - ASSIST/Save' is double clicked on

2018-12-04 11:36:55 - [MESSAGE][PASSED] - Object: 'Object Repository/Final Object Repo/Creating Employer Account/Page_Password Reminder - ASSIST/Save' is double clicked on

2018-12-04 11:36:55 - [MESSAGE][PASSED] - Call Test Case 'Test Cases/Final Aug 2018 - PKS Automation/Create Employer Acc/Template/Login to Employer Account (First Time)' successfully

2018-12-04 11:36:55 - [MESSAGE][PASSED] - Call Test Case 'Test Cases/Final Aug 2018 - PKS Automation/Create Employer Acc/Create Employer Account' successfully

2018-12-04 11:36:55 - [TEST_STEP][PASSED] - callTestCase: Call Test Case 'Test Cases/Final Aug 2018 - PKS Automation/Registration Module/Log Out/log out avoiding katalon tagging' successfully

2018-12-04 11:36:55 - [TEST_CASE][PASSED] - Test Cases/Final Aug 2018 - PKS Automation/Registration Module/Log Out/log out avoiding katalon tagging: Test Cases/Final Aug 2018 - PKS Automation/Registration Module/Log Out/log out avoiding katalon tagging

2018-12-04 11:36:55 - [TEST_STEP][PASSED] - navigateToUrl: Navigate to 'https://assist2-uat.perkeso.gov.my/c/portal/logout' successfully

2018-12-04 11:36:58 - [MESSAGE][PASSED] - Navigate to 'https://assist2-uat.perkeso.gov.my/c/portal/logout' successfully

2018-12-04 11:36:58 - [MESSAGE][PASSED] - Call Test Case 'Test Cases/Final Aug 2018 - PKS Automation/Registration Module/Log Out/log out avoiding katalon tagging' successfully

2018-12-04 11:36:58 - [TEST_STEP][PASSED] - callTestCase: Call Test Case 'Test Cases/Final Aug 2018 - PKS Automation/Create Employer Acc/Login to Employer Account (Second time)' successfully

2018-12-04 11:36:58 - [TEST_CASE][PASSED] - Test Cases/Final Aug 2018 - PKS Automation/Create Employer Acc/Login to Employer Account (Second time): Test Cases/Final Aug 2018 - PKS Automation/Create Employer Acc/Login to Employer Account (Second time)

2018-12-04 11:36:58 - [TEST_STEP][PASSED] - openBrowser: Browser is opened with url: ''

2018-12-04 11:36:58 - [MESSAGE][WARNING] - A browser is already opened. Closing browser and opening a new one

2018-12-04 11:37:01 - [MESSAGE][PASSED] - Browser is opened with url: ''

2018-12-04 11:37:01 - [TEST_STEP][PASSED] - navigateToUrl: Navigate to 'https://assist2-uat.perkeso.gov.my/employer/login' successfully

2018-12-04 11:37:02 - [MESSAGE][PASSED] - Navigate to 'https://assist2-uat.perkeso.gov.my/employer/login' successfully

2018-12-04 11:37:02 - [TEST_STEP][PASSED] - delay: Delayed 3 second(s)

2018-12-04 11:37:05 - [MESSAGE][PASSED] - Delayed 3 second(s)

2018-12-04 11:37:05 - [TEST_STEP][PASSED] - callTestCase: Call Test Case 'Test Cases/Final Aug 2018 - PKS Automation/Create Employer Acc/Template/Employer Email Getter' successfully

2018-12-04 11:37:05 - [TEST_CASE][PASSED] - Test Cases/Final Aug 2018 - PKS Automation/Create Employer Acc/Template/Employer Email Getter: Test Cases/Final Aug 2018 - PKS Automation/Create Employer Acc/Template/Employer Email Getter

2018-12-04 11:37:05 - [TEST_STEP][PASSED] - Statement - Try: null

2018-12-04 11:37:05 - [TEST_STEP][PASSED] - Statement - EmpEmail = new java.io.File(C://Users//Admin//Desktop//PKS//Automation Reference Point//EmpEmail.txt): null

2018-12-04 11:37:05 - [TEST_STEP][PASSED] - Statement - bufferread = new java.io.BufferedReader(new java.io.FileReader(EmpEmail)): null

2018-12-04 11:37:05 - [TEST_STEP][PASSED] - Statement - readedVal = bufferread.readLine(): null

2018-12-04 11:37:05 - [TEST_STEP][PASSED] - Statement - out.println(readedVal): null

2018-12-04 11:37:05 - [TEST_STEP][PASSED] - Statement - Email = readedVal: null

2018-12-04 11:37:05 - [MESSAGE][PASSED] - Call Test Case 'Test Cases/Final Aug 2018 - PKS Automation/Create Employer Acc/Template/Employer Email Getter' successfully

2018-12-04 11:37:05 - [TEST_STEP][PASSED] - setText: Text 'perkeso524363541791@gmail.com' is set on object 'Object Repository/Final Object Repo/Login Page/External Login Page/Email'

2018-12-04 11:37:06 - [MESSAGE][PASSED] - Text 'perkeso524363541791@gmail.com' is set on object 'Object Repository/Final Object Repo/Login Page/External Login Page/Email'

2018-12-04 11:37:06 - [TEST_STEP][PASSED] - click: Object: 'Object Repository/Final Object Repo/Login Page/External Login Page/Next' is clicked on

2018-12-04 11:37:06 - [MESSAGE][PASSED] - Object: 'Object Repository/Final Object Repo/Login Page/External Login Page/Next' is clicked on

2018-12-04 11:37:06 - [TEST_STEP][PASSED] - delay: Delayed 3 second(s)

2018-12-04 11:37:09 - [MESSAGE][PASSED] - Delayed 3 second(s)

2018-12-04 11:37:09 - [TEST_STEP][PASSED] - setEncryptedText: Text ****** has been set on object 'Object Repository/Final Object Repo/Login Page/External Login Page/Password'

2018-12-04 11:37:09 - [MESSAGE][PASSED] - Text ****** has been set on object 'Object Repository/Final Object Repo/Login Page/External Login Page/Password'

2018-12-04 11:37:09 - [TEST_STEP][PASSED] - click: Object: 'Object Repository/Final Object Repo/Login Page/External Login Page/Login' is clicked on

2018-12-04 11:37:09 - [MESSAGE][PASSED] - Object: 'Object Repository/Final Object Repo/Login Page/External Login Page/Login' is clicked on

2018-12-04 11:37:09 - [TEST_STEP][PASSED] - delay: Delayed 5 second(s)

2018-12-04 11:37:14 - [MESSAGE][PASSED] - Delayed 5 second(s)

2018-12-04 11:37:14 - [MESSAGE][PASSED] - Call Test Case 'Test Cases/Final Aug 2018 - PKS Automation/Create Employer Acc/Login to Employer Account (Second time)' successfully

2018-12-04 11:37:14 - [TEST_STEP][PASSED] - Statement - Try: null

2018-12-04 11:37:14 - [TEST_STEP][PASSED] - Statement - Checker = com.kms.katalon.core.webui.keyword.WebUiBuiltInKeywords.verifyElementNotPresent("Final Object Repo/Landing Page/Select to English", 3): null

2018-12-04 11:37:14 - [TEST_STEP][PASSED] - Statement - Catch (Exception e): null

2018-12-04 11:37:14 - [TEST_STEP][PASSED] - Statement - e.printStackTrace(): null

2018-12-04 11:37:14 - [TEST_STEP][PASSED] - delay: Delayed 5 second(s)

2018-12-04 11:37:19 - [MESSAGE][PASSED] - Delayed 5 second(s)

2018-12-04 11:37:19 - [TEST_STEP][PASSED] - click: Object: 'Object Repository/Final Object Repo/Landing Page/My Sites Drop Down' is clicked on

2018-12-04 11:37:20 - [MESSAGE][PASSED] - Object: 'Object Repository/Final Object Repo/Landing Page/My Sites Drop Down' is clicked on

2018-12-04 11:37:20 - [TEST_STEP][PASSED] - click: Object: 'Object Repository/Final Object Repo/Landing Page/Select to Registration Module' is clicked on

2018-12-04 11:37:22 - [MESSAGE][PASSED] - Object: 'Object Repository/Final Object Repo/Landing Page/Select to Registration Module' is clicked on

2018-12-04 11:37:22 - [TEST_STEP][PASSED] - click: Object: 'Object Repository/Final Object Repo/Landing Page/Registration Button' is clicked on

2018-12-04 11:37:24 - [MESSAGE][PASSED] - Object: 'Object Repository/Final Object Repo/Landing Page/Registration Button' is clicked on

2018-12-04 11:37:24 - [TEST_STEP][PASSED] - delay: Delayed 2 second(s)

2018-12-04 11:37:26 - [MESSAGE][PASSED] - Delayed 2 second(s)

2018-12-04 11:37:26 - [TEST_STEP][PASSED] - click: Object: 'Object Repository/Final Object Repo/New Registration - Registration Module Pages/New Reg - OTC to RO/Special Case - OTC - Form 1/AEC NO' is clicked on

2018-12-04 11:37:26 - [MESSAGE][PASSED] - Object: 'Object Repository/Final Object Repo/New Registration - Registration Module Pages/New Reg - OTC to RO/Special Case - OTC - Form 1/AEC NO' is clicked on

2018-12-04 11:37:26 - [TEST_STEP][PASSED] - click: Object: 'Object Repository/Final Object Repo/New Registration - Registration Module Pages/New Reg - OTC to RO/Special Case - OTC - Form 1/Business Entity - Please Select' is clicked on

2018-12-04 11:37:26 - [MESSAGE][PASSED] - Object: 'Object Repository/Final Object Repo/New Registration - Registration Module Pages/New Reg - OTC to RO/Special Case - OTC - Form 1/Business Entity - Please Select' is clicked on

2018-12-04 11:37:26 - [TEST_STEP][PASSED] - click: Object: 'Object Repository/Final Object Repo/New Registration - Registration Module Pages/New Reg - OTC to RO/Special Case - OTC - Form 1/Selected - Corporation' is clicked on

2018-12-04 11:37:26 - [MESSAGE][PASSED] - Object: 'Object Repository/Final Object Repo/New Registration - Registration Module Pages/New Reg - OTC to RO/Special Case - OTC - Form 1/Selected - Corporation' is clicked on

2018-12-04 11:37:26 - [TEST_STEP][PASSED] - delay: Delayed 2 second(s)

2018-12-04 11:37:28 - [MESSAGE][PASSED] - Delayed 2 second(s)

2018-12-04 11:37:28 - [TEST_STEP][PASSED] - click: Object: 'Object Repository/Final Object Repo/New Registration - Registration Module Pages/New Reg - OTC to RO/Special Case - OTC - Form 1/Sub Business Entity - Please Select' is clicked on

2018-12-04 11:37:29 - [MESSAGE][PASSED] - Object: 'Object Repository/Final Object Repo/New Registration - Registration Module Pages/New Reg - OTC to RO/Special Case - OTC - Form 1/Sub Business Entity - Please Select' is clicked on

2018-12-04 11:37:29 - [TEST_STEP][PASSED] - delay: Delayed 2 second(s)

2018-12-04 11:37:31 - [MESSAGE][PASSED] - Delayed 2 second(s)

2018-12-04 11:37:31 - [TEST_STEP][PASSED] - click: Object: 'Object Repository/Final Object Repo/New Registration - Registration Module Pages/New Reg - OTC to RO/Special Case - OTC - Form 1/Selected - Sendirian Berhad' is clicked on

2018-12-04 11:37:31 - [MESSAGE][PASSED] - Object: 'Object Repository/Final Object Repo/New Registration - Registration Module Pages/New Reg - OTC to RO/Special Case - OTC - Form 1/Selected - Sendirian Berhad' is clicked on

2018-12-04 11:37:31 - [TEST_STEP][PASSED] - setText: Text 'AUTOMATE001' is set on object 'Object Repository/Final Object Repo/New Registration - Registration Module Pages/New Reg - OTC to RO/Special Case - OTC - Form 1/Input BRN Number'

2018-12-04 11:37:31 - [MESSAGE][PASSED] - Text 'AUTOMATE001' is set on object 'Object Repository/Final Object Repo/New Registration - Registration Module Pages/New Reg - OTC to RO/Special Case - OTC - Form 1/Input BRN Number'

2018-12-04 11:37:31 - [TEST_STEP][PASSED] - delay: Delayed 2 second(s)

2018-12-04 11:37:33 - [MESSAGE][PASSED] - Delayed 2 second(s)

2018-12-04 11:37:33 - [TEST_STEP][PASSED] - click: Object: 'Object Repository/Final Object Repo/New Registration - Registration Module Pages/New Reg - OTC to RO/Special Case - OTC - Form 1/BRN Search' is clicked on

2018-12-04 11:37:34 - [MESSAGE][PASSED] - Object: 'Object Repository/Final Object Repo/New Registration - Registration Module Pages/New Reg - OTC to RO/Special Case - OTC - Form 1/BRN Search' is clicked on

2018-12-04 11:37:34 - [TEST_STEP][PASSED] - delay: Delayed 4 second(s)

2018-12-04 11:37:38 - [MESSAGE][PASSED] - Delayed 4 second(s)

2018-12-04 11:37:38 - [TEST_STEP][PASSED] - click: Object: 'Object Repository/Final Object Repo/New Registration - Registration Module Pages/New Reg - OTC to RO/Special Case - OTC - Form 1/Registered with SSM - After Feb 2017' is clicked on

2018-12-04 11:37:38 - [MESSAGE][PASSED] - Object: 'Object Repository/Final Object Repo/New Registration - Registration Module Pages/New Reg - OTC to RO/Special Case - OTC - Form 1/Registered with SSM - After Feb 2017' is clicked on

2018-12-04 11:37:38 - [TEST_STEP][PASSED] - delay: Delayed 2 second(s)

2018-12-04 11:37:40 - [MESSAGE][PASSED] - Delayed 2 second(s)

2018-12-04 11:37:40 - [TEST_STEP][PASSED] - click: Object: 'Object Repository/Final Object Repo/New Registration - Registration Module Pages/New Reg - OTC to RO/Special Case - OTC - Form 1/Registering As A Branch - No' is clicked on

2018-12-04 11:37:40 - [MESSAGE][PASSED] - Object: 'Object Repository/Final Object Repo/New Registration - Registration Module Pages/New Reg - OTC to RO/Special Case - OTC - Form 1/Registering As A Branch - No' is clicked on

2018-12-04 11:37:40 - [TEST_STEP][PASSED] - click: Object: 'Object Repository/Final Object Repo/New Registration - Registration Module Pages/New Reg - OTC to RO/Special Case - OTC - Form 1/Acknowledgement Ticked' is clicked on

2018-12-04 11:37:40 - [MESSAGE][PASSED] - Object: 'Object Repository/Final Object Repo/New Registration - Registration Module Pages/New Reg - OTC to RO/Special Case - OTC - Form 1/Acknowledgement Ticked' is clicked on

2018-12-04 11:37:40 - [TEST_STEP][PASSED] - click: Object: 'Object Repository/Final Object Repo/New Registration - Registration Module Pages/New Reg - OTC to RO/Special Case - OTC - Form 1/Submit Button' is clicked on

2018-12-04 11:37:40 - [MESSAGE][PASSED] - Object: 'Object Repository/Final Object Repo/New Registration - Registration Module Pages/New Reg - OTC to RO/Special Case - OTC - Form 1/Submit Button' is clicked on

2018-12-04 11:37:40 - [TEST_STEP][PASSED] - delay: Delayed 2 second(s)

2018-12-04 11:37:42 - [MESSAGE][PASSED] - Delayed 2 second(s)

2018-12-04 11:37:42 - [TEST_STEP][PASSED] - click: Object: 'Object Repository/Final Object Repo/New Registration - Registration Module Pages/New Reg - OTC to RO/Special Case - OTC - Form 1/Confirm No Flagging as Branch' is clicked on

2018-12-04 11:37:42 - [MESSAGE][PASSED] - Object: 'Object Repository/Final Object Repo/New Registration - Registration Module Pages/New Reg - OTC to RO/Special Case - OTC - Form 1/Confirm No Flagging as Branch' is clicked on

2018-12-04 11:37:42 - [MESSAGE][PASSED] - Call Test Case 'Test Cases/Final Aug 2018 - PKS Automation/Registration Module/Workflow/New Registration/Template/Special Case - Employer - Form 1' successfully

2018-12-04 11:37:42 - [TEST_STEP][PASSED] - callTestCase: Call Test Case 'Test Cases/Final Aug 2018 - PKS Automation/Registration Module/New Registration/Form 2/Add 1 Eligible - Employer Account Use' successfully

2018-12-04 11:37:42 - [TEST_CASE][PASSED] - Test Cases/Final Aug 2018 - PKS Automation/Registration Module/New Registration/Form 2/Add 1 Eligible - Employer Account Use: Test Cases/Final Aug 2018 - PKS Automation/Registration Module/New Registration/Form 2/Add 1 Eligible - Employer Account Use

2018-12-04 11:37:43 - [TEST_STEP][PASSED] - delay: Delayed 2 second(s)

2018-12-04 11:37:45 - [MESSAGE][PASSED] - Delayed 2 second(s)

2018-12-04 11:37:45 - [TEST_STEP][PASSED] - callTestCase: Call Test Case 'Test Cases/Final Aug 2018 - PKS Automation/Registration Module/New Registration/Form 2/Date Updater' successfully

2018-12-04 11:37:45 - [TEST_CASE][PASSED] - Test Cases/Final Aug 2018 - PKS Automation/Registration Module/New Registration/Form 2/Date Updater: Test Cases/Final Aug 2018 - PKS Automation/Registration Module/New Registration/Form 2/Date Updater

2018-12-04 11:37:45 - [TEST_STEP][PASSED] - Statement - TodayDate = new java.util.Date(): null

2018-12-04 11:37:45 - [TEST_STEP][PASSED] - Statement - CurrentDateNoFilter = new java.text.SimpleDateFormat(): null

2018-12-04 11:37:45 - [TEST_STEP][PASSED] - Statement - CurrentDateNoFilter.applyPattern("MM"): null

2018-12-04 11:37:45 - [TEST_STEP][PASSED] - Statement - monthContainerMatcher = java.lang.Integer.parseInt(CurrentDateNoFilter.format(TodayDate)): null

2018-12-04 11:37:45 - [TEST_STEP][PASSED] - Statement - monthContainerMatcher = monthContainerMatcher - 1: null

2018-12-04 11:37:45 - [TEST_STEP][PASSED] - Statement - CurrentMonth = monthContainerMatcher.toString(): null

2018-12-04 11:37:45 - [TEST_STEP][PASSED] - Statement - CurrentMonth = CurrentMonth: null

2018-12-04 11:37:45 - [TEST_STEP][PASSED] - Statement - CurrentDateNoFilter.applyPattern("yyyy"): null

2018-12-04 11:37:45 - [TEST_STEP][PASSED] - Statement - CurrentYear = CurrentDateNoFilter.format(TodayDate): null

2018-12-04 11:37:45 - [TEST_STEP][PASSED] - Statement - CurrentYear = CurrentYear: null

2018-12-04 11:37:45 - [TEST_STEP][PASSED] - Statement - intCurrentYear = java.lang.Integer.parseInt(CurrentDateNoFilter.format(TodayDate)): null

2018-12-04 11:37:45 - [TEST_STEP][PASSED] - Statement - eighteenYrsAgo = intCurrentYear - 18: null

2018-12-04 11:37:45 - [TEST_STEP][PASSED] - Statement - eighteenYrsBeforeThisYr = eighteenYrsAgo.toString(): null

2018-12-04 11:37:45 - [TEST_STEP][PASSED] - Statement - EighteenYrsBefore = eighteenYrsBeforeThisYr: null

2018-12-04 11:37:45 - [TEST_STEP][PASSED] - Statement - fiftysevenYrsAgo = intCurrentYear - 57: null

2018-12-04 11:37:45 - [TEST_STEP][PASSED] - Statement - fiftysevenYrsBeforeThisYr = fiftysevenYrsAgo.toString(): null

2018-12-04 11:37:45 - [TEST_STEP][PASSED] - Statement - FiftysevenYrsBefore = fiftysevenYrsBeforeThisYr: null

2018-12-04 11:37:45 - [TEST_STEP][PASSED] - Statement - leapYear = false: null

2018-12-04 11:37:45 - [TEST_STEP][PASSED] - Statement - leapYear = intCurrentYear % 4 == 0: null

2018-12-04 11:37:45 - [TEST_STEP][PASSED] - Statement - CurrentDateNoFilter.applyPattern("dd"): null

2018-12-04 11:37:45 - [TEST_STEP][PASSED] - Statement - CurrentDate = CurrentDateNoFilter.format(TodayDate): null

2018-12-04 11:37:45 - [TEST_STEP][PASSED] - Statement - CurrentDate = java.lang.Integer.parseInt(CurrentDate): null

2018-12-04 11:37:45 - [TEST_STEP][PASSED] - Statement - CurrentDate = CurrentDate: null

2018-12-04 11:37:45 - [TEST_STEP][PASSED] - Statement - CurrentDay = java.lang.Integer.parseInt(CurrentDate): null

2018-12-04 11:37:45 - [TEST_STEP][PASSED] - Statement - ConfAdder = <not implemented yet for class: org.codehaus.groovy.ast.expr.EmptyExpression>: null

2018-12-04 11:37:45 - [TEST_STEP][PASSED] - Statement - switch (CurrentDate): null

2018-12-04 11:37:45 - [TEST_STEP][PASSED] - Statement - Default: null

2018-12-04 11:37:45 - [TEST_STEP][PASSED] - Statement - ConfAdder = false: null

2018-12-04 11:37:45 - [TEST_STEP][PASSED] - Statement - Break: null

2018-12-04 11:37:45 - [TEST_STEP][PASSED] - Statement - aDayBefore = <not implemented yet for class: org.codehaus.groovy.ast.expr.EmptyExpression>: null

2018-12-04 11:37:45 - [TEST_STEP][PASSED] - Statement - If (ConfAdder == true): null

2018-12-04 11:37:45 - [TEST_STEP][PASSED] - Statement - Else: null

2018-12-04 11:37:45 - [TEST_STEP][PASSED] - Statement - aDayBefore = 1: null

2018-12-04 11:37:45 - [TEST_STEP][PASSED] - Statement - If (aDayBefore == 1 && CurrentMonth == 11): null

2018-12-04 11:37:45 - [TEST_STEP][PASSED] - Statement - DayBefore = aDayBefore.toString(): null

2018-12-04 11:37:45 - [TEST_STEP][PASSED] - Statement - OneDayBefore = DayBefore: null

2018-12-04 11:37:46 - [MESSAGE][PASSED] - Call Test Case 'Test Cases/Final Aug 2018 - PKS Automation/Registration Module/New Registration/Form 2/Date Updater' successfully

2018-12-04 11:37:46 - [TEST_STEP][PASSED] - delay: Delayed 1 second(s)

2018-12-04 11:37:47 - [MESSAGE][PASSED] - Delayed 1 second(s)

2018-12-04 11:37:47 - [TEST_STEP][PASSED] - Statement - CaseReferenceNo = com.kms.katalon.core.webui.keyword.WebUiBuiltInKeywords.getText(com.kms.katalon.core.testobject.ObjectRepository.findTestObject(Final Object Repo/New Registration - Registration Module Pages/Form 2/RefNo Acquiring)): Text of object 'Object Repository/Final Object Repo/New Registration - Registration Module Pages/Form 2/RefNo Acquiring' is: 'CRN12201800122972'

2018-12-04 11:37:47 - [MESSAGE][PASSED] - Text of object 'Object Repository/Final Object Repo/New Registration - Registration Module Pages/Form 2/RefNo Acquiring' is: 'CRN12201800122972'

2018-12-04 11:37:47 - [TEST_STEP][PASSED] - delay: Delayed 1 second(s)

2018-12-04 11:37:48 - [MESSAGE][PASSED] - Delayed 1 second(s)

2018-12-04 11:37:48 - [TEST_STEP][PASSED] - click: Object: 'Object Repository/Final Object Repo/New Registration - Registration Module Pages/Form 2/Add Employee Button' is clicked on

2018-12-04 11:37:49 - [MESSAGE][PASSED] - Object: 'Object Repository/Final Object Repo/New Registration - Registration Module Pages/Form 2/Add Employee Button' is clicked on

2018-12-04 11:37:49 - [TEST_STEP][PASSED] - delay: Delayed 1 second(s)

2018-12-04 11:37:50 - [MESSAGE][PASSED] - Delayed 1 second(s)

2018-12-04 11:37:50 - [TEST_STEP][PASSED] - setText: Text '010903091948' is set on object 'Object Repository/Final Object Repo/New Registration - Registration Module Pages/Form 2/NRIC Input'

2018-12-04 11:37:50 - [MESSAGE][PASSED] - Text '010903091948' is set on object 'Object Repository/Final Object Repo/New Registration - Registration Module Pages/Form 2/NRIC Input'

2018-12-04 11:37:50 - [TEST_STEP][PASSED] - delay: Delayed 2 second(s)

2018-12-04 11:37:52 - [MESSAGE][PASSED] - Delayed 2 second(s)

2018-12-04 11:37:52 - [TEST_STEP][PASSED] - setText: Text 'Automate001 eligible 1' is set on object 'Object Repository/Final Object Repo/New Registration - Registration Module Pages/Form 2/Employee Name Input'

2018-12-04 11:37:52 - [MESSAGE][PASSED] - Text 'Automate001 eligible 1' is set on object 'Object Repository/Final Object Repo/New Registration - Registration Module Pages/Form 2/Employee Name Input'

2018-12-04 11:37:52 - [TEST_STEP][PASSED] - delay: Delayed 2 second(s)

2018-12-04 11:37:54 - [MESSAGE][PASSED] - Delayed 2 second(s)

2018-12-04 11:37:54 - [TEST_STEP][PASSED] - click: Object: 'Object Repository/Final Object Repo/New Registration - Registration Module Pages/Form 2/DatePicker Pop Up' is clicked on

2018-12-04 11:37:55 - [MESSAGE][PASSED] - Object: 'Object Repository/Final Object Repo/New Registration - Registration Module Pages/Form 2/DatePicker Pop Up' is clicked on

2018-12-04 11:37:55 - [TEST_STEP][PASSED] - click: Object: 'Object Repository/Final Object Repo/New Registration - Registration Module Pages/Form 2/DOB Month' is clicked on

2018-12-04 11:37:55 - [MESSAGE][PASSED] - Object: 'Object Repository/Final Object Repo/New Registration - Registration Module Pages/Form 2/DOB Month' is clicked on

2018-12-04 11:37:55 - [TEST_STEP][PASSED] - Statement - CurrentMonth = CurrentMonth: null

2018-12-04 11:37:55 - [TEST_STEP][PASSED] - Statement - selectMonth = new com.kms.katalon.core.testobject.TestObject(): null

2018-12-04 11:37:55 - [TEST_STEP][PASSED] - Statement - selectMonth.addProperty("xpath", EQUALS, "//body/div/div/div/select/option[@value='" + CurrentMonth + "']", true): null

2018-12-04 11:37:55 - [TEST_STEP][PASSED] - click: Object: '' is clicked on

2018-12-04 11:37:55 - [MESSAGE][PASSED] - Object: '' is clicked on

2018-12-04 11:37:55 - [TEST_STEP][PASSED] - click: Object: 'Object Repository/Final Object Repo/New Registration - Registration Module Pages/Form 2/DOB Year' is clicked on

2018-12-04 11:37:55 - [MESSAGE][PASSED] - Object: 'Object Repository/Final Object Repo/New Registration - Registration Module Pages/Form 2/DOB Year' is clicked on

2018-12-04 11:37:55 - [TEST_STEP][PASSED] - Statement - Eyearsbf = EighteenYrsBefore: null

2018-12-04 11:37:55 - [TEST_STEP][PASSED] - Statement - selectYear = new com.kms.katalon.core.testobject.TestObject(): null

2018-12-04 11:37:55 - [TEST_STEP][PASSED] - Statement - selectYear.addProperty("xpath", EQUALS, "//div/div/div/select/option[@value='" + Eyearsbf + "']", true): null

2018-12-04 11:37:55 - [TEST_STEP][PASSED] - click: Object: '' is clicked on

2018-12-04 11:37:55 - [MESSAGE][PASSED] - Object: '' is clicked on

2018-12-04 11:37:55 - [TEST_STEP][PASSED] - Statement - UpdatedSelectDate = com.kms.katalon.core.webui.keyword.WebUiBuiltInKeywords.modifyObjectProperty(com.kms.katalon.core.testobject.ObjectRepository.findTestObject(Final Object Repo/New Registration - Registration Module Pages/Form 2/DOB Date), "xpath", "equals", "//body/div/table/tbody/tr/td/a[text()="" + CurrentDate + ""]", true): Modify property of object successfully

2018-12-04 11:37:55 - [MESSAGE][PASSED] - Modify property of object successfully

2018-12-04 11:37:55 - [TEST_STEP][PASSED] - delay: Delayed 3 second(s)

2018-12-04 11:37:58 - [MESSAGE][PASSED] - Delayed 3 second(s)

2018-12-04 11:37:58 - [TEST_STEP][PASSED] - click: Object: 'Object Repository/Final Object Repo/New Registration - Registration Module Pages/Form 2/DOB Date' is clicked on

2018-12-04 11:37:58 - [MESSAGE][PASSED] - Object: 'Object Repository/Final Object Repo/New Registration - Registration Module Pages/Form 2/DOB Date' is clicked on

2018-12-04 11:37:58 - [TEST_STEP][PASSED] - delay: Delayed 2 second(s)

2018-12-04 11:38:00 - [MESSAGE][PASSED] - Delayed 2 second(s)

2018-12-04 11:38:00 - [TEST_STEP][PASSED] - click: Object: 'Object Repository/Final Object Repo/New Registration - Registration Module Pages/Form 2/EmploymentStartDate Pop Up' is clicked on

2018-12-04 11:38:01 - [MESSAGE][PASSED] - Object: 'Object Repository/Final Object Repo/New Registration - Registration Module Pages/Form 2/EmploymentStartDate Pop Up' is clicked on

2018-12-04 11:38:01 - [TEST_STEP][PASSED] - delay: Delayed 2 second(s)

2018-12-04 11:38:03 - [MESSAGE][PASSED] - Delayed 2 second(s)

2018-12-04 11:38:03 - [TEST_STEP][PASSED] - click: Object: 'Object Repository/Final Object Repo/New Registration - Registration Module Pages/Form 2/Socso Employment StartDate Month' is clicked on

2018-12-04 11:38:03 - [MESSAGE][PASSED] - Object: 'Object Repository/Final Object Repo/New Registration - Registration Module Pages/Form 2/Socso Employment StartDate Month' is clicked on

2018-12-04 11:38:03 - [TEST_STEP][PASSED] - delay: Delayed 1 second(s)

2018-12-04 11:38:04 - [MESSAGE][PASSED] - Delayed 1 second(s)

2018-12-04 11:38:04 - [TEST_STEP][PASSED] - click: Object: 'Object Repository/Final Object Repo/New Registration - Registration Module Pages/Form 2/Select Socso Employement Startdate Month' is clicked on

2018-12-04 11:38:04 - [MESSAGE][PASSED] - Object: 'Object Repository/Final Object Repo/New Registration - Registration Module Pages/Form 2/Select Socso Employement Startdate Month' is clicked on

2018-12-04 11:38:04 - [TEST_STEP][PASSED] - delay: Delayed 2 second(s)

2018-12-04 11:38:06 - [MESSAGE][PASSED] - Delayed 2 second(s)

2018-12-04 11:38:06 - [TEST_STEP][PASSED] - click: Object: 'Object Repository/Final Object Repo/New Registration - Registration Module Pages/Form 2/Socso Employment StartDate Year' is clicked on

2018-12-04 11:38:06 - [MESSAGE][PASSED] - Object: 'Object Repository/Final Object Repo/New Registration - Registration Module Pages/Form 2/Socso Employment StartDate Year' is clicked on

2018-12-04 11:38:06 - [TEST_STEP][PASSED] - delay: Delayed 1 second(s)

2018-12-04 11:38:07 - [MESSAGE][PASSED] - Delayed 1 second(s)

2018-12-04 11:38:07 - [TEST_STEP][PASSED] - click: Object: 'Object Repository/Final Object Repo/New Registration - Registration Module Pages/Form 2/Select Socso Employment Startdate Year' is clicked on

2018-12-04 11:38:07 - [MESSAGE][PASSED] - Object: 'Object Repository/Final Object Repo/New Registration - Registration Module Pages/Form 2/Select Socso Employment Startdate Year' is clicked on

2018-12-04 11:38:07 - [TEST_STEP][PASSED] - delay: Delayed 2 second(s)

2018-12-04 11:38:09 - [MESSAGE][PASSED] - Delayed 2 second(s)

2018-12-04 11:38:09 - [TEST_STEP][PASSED] - click: Object: 'Object Repository/Final Object Repo/New Registration - Registration Module Pages/Form 2/Socso Employment Start Date Day' is clicked on

2018-12-04 11:38:10 - [MESSAGE][PASSED] - Object: 'Object Repository/Final Object Repo/New Registration - Registration Module Pages/Form 2/Socso Employment Start Date Day' is clicked on

2018-12-04 11:38:10 - [TEST_STEP][PASSED] - delay: Delayed 2 second(s)

2018-12-04 11:38:12 - [MESSAGE][PASSED] - Delayed 2 second(s)

2018-12-04 11:38:12 - [TEST_STEP][PASSED] - click: Object: 'Object Repository/Final Object Repo/New Registration - Registration Module Pages/Form 2/Save Button for Add Employee' is clicked on

2018-12-04 11:38:12 - [MESSAGE][PASSED] - Object: 'Object Repository/Final Object Repo/New Registration - Registration Module Pages/Form 2/Save Button for Add Employee' is clicked on

2018-12-04 11:38:12 - [TEST_STEP][PASSED] - delay: Delayed 6 second(s)

2018-12-04 11:38:18 - [MESSAGE][PASSED] - Delayed 6 second(s)

2018-12-04 11:38:18 - [TEST_STEP][PASSED] - click: Object: 'Object Repository/Final Object Repo/New Registration - Registration Module Pages/Form 2/Save and Continue Form 2' is clicked on

2018-12-04 11:38:18 - [MESSAGE][PASSED] - Object: 'Object Repository/Final Object Repo/New Registration - Registration Module Pages/Form 2/Save and Continue Form 2' is clicked on

2018-12-04 11:38:18 - [MESSAGE][PASSED] - Call Test Case 'Test Cases/Final Aug 2018 - PKS Automation/Registration Module/New Registration/Form 2/Add 1 Eligible - Employer Account Use' successfully

2018-12-04 11:38:18 - [TEST_STEP][PASSED] - callTestCase: Call Test Case 'Test Cases/Final Aug 2018 - PKS Automation/Registration Module/New Registration/Flow of New Registration/Third Screen - Upload Supporting Doc - Preview' successfully

2018-12-04 11:38:18 - [TEST_CASE][PASSED] - Test Cases/Final Aug 2018 - PKS Automation/Registration Module/New Registration/Flow of New Registration/Third Screen - Upload Supporting Doc - Preview: Test Cases/Final Aug 2018 - PKS Automation/Registration Module/New Registration/Flow of New Registration/Third Screen - Upload Supporting Doc - Preview

2018-12-04 11:38:18 - [TEST_STEP][PASSED] - waitForPageLoad: Wait for page load successfully

2018-12-04 11:38:19 - [MESSAGE][PASSED] - Wait for page load successfully

2018-12-04 11:38:19 - [TEST_STEP][PASSED] - Statement - CaseReferenceNo = com.kms.katalon.core.webui.keyword.WebUiBuiltInKeywords.getText(com.kms.katalon.core.testobject.ObjectRepository.findTestObject(Final Object Repo/New Registration - Registration Module Pages/Third Screen - Upload Supporting Doc- Preview/RefNo Acquiring)): Text of object 'Object Repository/Final Object Repo/New Registration - Registration Module Pages/Third Screen - Upload Supporting Doc- Preview/RefNo Acquiring' is: 'CRN12201800122972'

2018-12-04 11:38:19 - [MESSAGE][PASSED] - Text of object 'Object Repository/Final Object Repo/New Registration - Registration Module Pages/Third Screen - Upload Supporting Doc- Preview/RefNo Acquiring' is: 'CRN12201800122972'

2018-12-04 11:38:19 - [TEST_STEP][PASSED] - delay: Delayed 2 second(s)

2018-12-04 11:38:21 - [MESSAGE][PASSED] - Delayed 2 second(s)

2018-12-04 11:38:21 - [TEST_STEP][PASSED] - callTestCase: Call Test Case 'Test Cases/Final Aug 2018 - PKS Automation/Common/Reference Number Setter' successfully

2018-12-04 11:38:21 - [TEST_CASE][PASSED] - Test Cases/Final Aug 2018 - PKS Automation/Common/Reference Number Setter: Test Cases/Final Aug 2018 - PKS Automation/Common/Reference Number Setter

2018-12-04 11:38:21 - [TEST_STEP][PASSED] - Statement - RefNoOldFile = new java.io.File(C://Users//Admin//Desktop//PKS//Automation Reference Point//KatalonReference.txt): null

2018-12-04 11:38:21 - [TEST_STEP][PASSED] - Statement - RefNoOldFile.delete(): null

2018-12-04 11:38:21 - [TEST_STEP][PASSED] - delay: Delayed 5 second(s)

2018-12-04 11:38:26 - [MESSAGE][PASSED] - Delayed 5 second(s)

2018-12-04 11:38:26 - [TEST_STEP][PASSED] - Statement - RefNo = new java.io.File(C://Users//Admin//Desktop//PKS//Automation Reference Point//KatalonReference.txt): null

2018-12-04 11:38:26 - [TEST_STEP][PASSED] - Statement - f2 = new java.io.FileWriter(RefNo, false): null

2018-12-04 11:38:26 - [TEST_STEP][PASSED] - Statement - f2.write(CaseReferenceNo): null

2018-12-04 11:38:26 - [TEST_STEP][PASSED] - Statement - f2.close(): null

2018-12-04 11:38:26 - [TEST_STEP][PASSED] - Statement - out.println("


" + CaseReferenceNo + "


"): null

2018-12-04 11:38:26 - [MESSAGE][PASSED] - Call Test Case 'Test Cases/Final Aug 2018 - PKS Automation/Common/Reference Number Setter' successfully

2018-12-04 11:38:26 - [TEST_STEP][PASSED] - waitForElementClickable: Object 'Object Repository/Final Object Repo/New Registration - Registration Module Pages/Third Screen - Upload Supporting Doc- Preview/Save n Continue in SIP Employee Listing Page' is clickable

2018-12-04 11:38:26 - [MESSAGE][PASSED] - Object 'Object Repository/Final Object Repo/New Registration - Registration Module Pages/Third Screen - Upload Supporting Doc- Preview/Save n Continue in SIP Employee Listing Page' is clickable

2018-12-04 11:38:26 - [TEST_STEP][PASSED] - click: Object: 'Object Repository/Final Object Repo/New Registration - Registration Module Pages/Third Screen - Upload Supporting Doc- Preview/Save n Continue in SIP Employee Listing Page' is clicked on

2018-12-04 11:38:31 - [MESSAGE][PASSED] - Object: 'Object Repository/Final Object Repo/New Registration - Registration Module Pages/Third Screen - Upload Supporting Doc- Preview/Save n Continue in SIP Employee Listing Page' is clicked on

2018-12-04 11:38:31 - [TEST_STEP][PASSED] - delay: Delayed 7 second(s)

2018-12-04 11:38:38 - [MESSAGE][PASSED] - Delayed 7 second(s)

2018-12-04 11:38:38 - [TEST_STEP][PASSED] - click: Object: 'Object Repository/Final Object Repo/New Registration - Registration Module Pages/Third Screen - Upload Supporting Doc- Preview/Add Document Button' is clicked on

2018-12-04 11:38:39 - [MESSAGE][PASSED] - Object: 'Object Repository/Final Object Repo/New Registration - Registration Module Pages/Third Screen - Upload Supporting Doc- Preview/Add Document Button' is clicked on

2018-12-04 11:38:39 - [TEST_STEP][PASSED] - delay: Delayed 30 second(s)

2018-12-04 11:39:09 - [MESSAGE][PASSED] - Delayed 30 second(s)

2018-12-04 11:39:09 - [TEST_STEP][PASSED] - click: Object: 'Object Repository/Final Object Repo/New Registration - Registration Module Pages/Third Screen - Upload Supporting Doc- Preview/Supporting Doc Please Select Drop Down' is clicked on

2018-12-04 11:39:09 - [MESSAGE][PASSED] - Object: 'Object Repository/Final Object Repo/New Registration - Registration Module Pages/Third Screen - Upload Supporting Doc- Preview/Supporting Doc Please Select Drop Down' is clicked on

2018-12-04 11:39:09 - [TEST_STEP][PASSED] - delay: Delayed 2 second(s)

2018-12-04 11:39:11 - [MESSAGE][PASSED] - Delayed 2 second(s)

2018-12-04 11:39:11 - [TEST_STEP][PASSED] - click: Object: 'Object Repository/Final Object Repo/New Registration - Registration Module Pages/Third Screen - Upload Supporting Doc- Preview/Select to Upload Form 1' is clicked on

2018-12-04 11:39:11 - [MESSAGE][PASSED] - Object: 'Object Repository/Final Object Repo/New Registration - Registration Module Pages/Third Screen - Upload Supporting Doc- Preview/Select to Upload Form 1' is clicked on

2018-12-04 11:39:11 - [TEST_STEP][PASSED] - delay: Delayed 2 second(s)

2018-12-04 11:39:13 - [MESSAGE][PASSED] - Delayed 2 second(s)

2018-12-04 11:39:13 - [TEST_STEP][PASSED] - uploadFile: File 'C:\Users\Public\Pictures\Sample Pictures\Koala.jpg' sent to object: 'Object Repository/Final Object Repo/New Registration - Registration Module Pages/Third Screen - Upload Supporting Doc- Preview/Upload File Adding'

2018-12-04 11:39:13 - [MESSAGE][PASSED] - File 'C:\Users\Public\Pictures\Sample Pictures\Koala.jpg' sent to object: 'Object Repository/Final Object Repo/New Registration - Registration Module Pages/Third Screen - Upload Supporting Doc- Preview/Upload File Adding'

2018-12-04 11:39:13 - [TEST_STEP][PASSED] - delay: Delayed 5 second(s)

2018-12-04 11:39:18 - [MESSAGE][PASSED] - Delayed 5 second(s)

2018-12-04 11:39:18 - [TEST_STEP][PASSED] - click: Object: 'Object Repository/Final Object Repo/New Registration - Registration Module Pages/Third Screen - Upload Supporting Doc- Preview/Inner Form Add Document Button' is clicked on

2018-12-04 11:39:18 - [MESSAGE][PASSED] - Object: 'Object Repository/Final Object Repo/New Registration - Registration Module Pages/Third Screen - Upload Supporting Doc- Preview/Inner Form Add Document Button' is clicked on

2018-12-04 11:39:18 - [TEST_STEP][PASSED] - delay: Delayed 3 second(s)

2018-12-04 11:39:21 - [MESSAGE][PASSED] - Delayed 3 second(s)

2018-12-04 11:39:21 - [TEST_STEP][PASSED] - click: Object: 'Object Repository/Final Object Repo/New Registration - Registration Module Pages/Third Screen - Upload Supporting Doc- Preview/Add Document Button' is clicked on

2018-12-04 11:39:23 - [MESSAGE][PASSED] - Object: 'Object Repository/Final Object Repo/New Registration - Registration Module Pages/Third Screen - Upload Supporting Doc- Preview/Add Document Button' is clicked on

2018-12-04 11:39:23 - [TEST_STEP][PASSED] - delay: Delayed 30 second(s)

2018-12-04 11:39:53 - [MESSAGE][PASSED] - Delayed 30 second(s)

2018-12-04 11:39:53 - [TEST_STEP][PASSED] - click: Object: 'Object Repository/Final Object Repo/New Registration - Registration Module Pages/Third Screen - Upload Supporting Doc- Preview/Supporting Doc Please Select Drop Down' is clicked on

2018-12-04 11:39:53 - [MESSAGE][PASSED] - Object: 'Object Repository/Final Object Repo/New Registration - Registration Module Pages/Third Screen - Upload Supporting Doc- Preview/Supporting Doc Please Select Drop Down' is clicked on

2018-12-04 11:39:53 - [TEST_STEP][PASSED] - delay: Delayed 2 second(s)

2018-12-04 11:39:55 - [MESSAGE][PASSED] - Delayed 2 second(s)

2018-12-04 11:39:55 - [TEST_STEP][PASSED] - click: Object: 'Object Repository/Final Object Repo/New Registration - Registration Module Pages/Third Screen - Upload Supporting Doc- Preview/Select to Upload Form 2' is clicked on

2018-12-04 11:39:55 - [MESSAGE][PASSED] - Object: 'Object Repository/Final Object Repo/New Registration - Registration Module Pages/Third Screen - Upload Supporting Doc- Preview/Select to Upload Form 2' is clicked on

2018-12-04 11:39:55 - [TEST_STEP][PASSED] - delay: Delayed 2 second(s)

2018-12-04 11:39:57 - [MESSAGE][PASSED] - Delayed 2 second(s)

2018-12-04 11:39:57 - [TEST_STEP][PASSED] - uploadFile: File 'C:\Users\Public\Pictures\Sample Pictures\Koala.jpg' sent to object: 'Object Repository/Final Object Repo/New Registration - Registration Module Pages/Third Screen - Upload Supporting Doc- Preview/Upload File Adding'

2018-12-04 11:39:57 - [MESSAGE][PASSED] - File 'C:\Users\Public\Pictures\Sample Pictures\Koala.jpg' sent to object: 'Object Repository/Final Object Repo/New Registration - Registration Module Pages/Third Screen - Upload Supporting Doc- Preview/Upload File Adding'

2018-12-04 11:39:57 - [TEST_STEP][PASSED] - click: Object: 'Object Repository/Final Object Repo/New Registration - Registration Module Pages/Third Screen - Upload Supporting Doc- Preview/Inner Form Add Document Button' is clicked on

2018-12-04 11:39:57 - [MESSAGE][PASSED] - Object: 'Object Repository/Final Object Repo/New Registration - Registration Module Pages/Third Screen - Upload Supporting Doc- Preview/Inner Form Add Document Button' is clicked on

2018-12-04 11:39:57 - [TEST_STEP][PASSED] - delay: Delayed 5 second(s)

2018-12-04 11:40:02 - [MESSAGE][PASSED] - Delayed 5 second(s)

2018-12-04 11:40:02 - [TEST_STEP][PASSED] - click: Object: 'Object Repository/Final Object Repo/New Registration - Registration Module Pages/Third Screen - Upload Supporting Doc- Preview/Add Document Button' is clicked on

2018-12-04 11:40:03 - [MESSAGE][PASSED] - Object: 'Object Repository/Final Object Repo/New Registration - Registration Module Pages/Third Screen - Upload Supporting Doc- Preview/Add Document Button' is clicked on

2018-12-04 11:40:03 - [TEST_STEP][PASSED] - delay: Delayed 30 second(s)

2018-12-04 11:40:33 - [MESSAGE][PASSED] - Delayed 30 second(s)

2018-12-04 11:40:33 - [TEST_STEP][PASSED] - click: Object: 'Object Repository/Final Object Repo/New Registration - Registration Module Pages/Third Screen - Upload Supporting Doc- Preview/Supporting Doc Please Select Drop Down' is clicked on

2018-12-04 11:40:33 - [MESSAGE][PASSED] - Object: 'Object Repository/Final Object Repo/New Registration - Registration Module Pages/Third Screen - Upload Supporting Doc- Preview/Supporting Doc Please Select Drop Down' is clicked on

2018-12-04 11:40:33 - [TEST_STEP][PASSED] - click: Object: 'Object Repository/Final Object Repo/New Registration - Registration Module Pages/Third Screen - Upload Supporting Doc- Preview/Select to Upload Borang SIP 1' is clicked on

2018-12-04 11:40:33 - [MESSAGE][PASSED] - Object: 'Object Repository/Final Object Repo/New Registration - Registration Module Pages/Third Screen - Upload Supporting Doc- Preview/Select to Upload Borang SIP 1' is clicked on

2018-12-04 11:40:33 - [TEST_STEP][PASSED] - delay: Delayed 2 second(s)

2018-12-04 11:40:35 - [MESSAGE][PASSED] - Delayed 2 second(s)

2018-12-04 11:40:35 - [TEST_STEP][PASSED] - uploadFile: File 'C:\Users\Public\Pictures\Sample Pictures\Koala.jpg' sent to object: 'Object Repository/Final Object Repo/New Registration - Registration Module Pages/Third Screen - Upload Supporting Doc- Preview/Upload File Adding'

2018-12-04 11:40:35 - [MESSAGE][PASSED] - File 'C:\Users\Public\Pictures\Sample Pictures\Koala.jpg' sent to object: 'Object Repository/Final Object Repo/New Registration - Registration Module Pages/Third Screen - Upload Supporting Doc- Preview/Upload File Adding'

2018-12-04 11:40:35 - [TEST_STEP][PASSED] - click: Object: 'Object Repository/Final Object Repo/New Registration - Registration Module Pages/Third Screen - Upload Supporting Doc- Preview/Inner Form Add Document Button' is clicked on

2018-12-04 11:40:35 - [MESSAGE][PASSED] - Object: 'Object Repository/Final Object Repo/New Registration - Registration Module Pages/Third Screen - Upload Supporting Doc- Preview/Inner Form Add Document Button' is clicked on

2018-12-04 11:40:35 - [TEST_STEP][PASSED] - delay: Delayed 5 second(s)

2018-12-04 11:40:40 - [MESSAGE][PASSED] - Delayed 5 second(s)

2018-12-04 11:40:40 - [TEST_STEP][PASSED] - click: Object: 'Object Repository/Final Object Repo/New Registration - Registration Module Pages/Third Screen - Upload Supporting Doc- Preview/Add Document Button' is clicked on

2018-12-04 11:40:40 - [MESSAGE][PASSED] - Object: 'Object Repository/Final Object Repo/New Registration - Registration Module Pages/Third Screen - Upload Supporting Doc- Preview/Add Document Button' is clicked on

2018-12-04 11:40:40 - [TEST_STEP][PASSED] - delay: Delayed 30 second(s)

2018-12-04 11:41:10 - [MESSAGE][PASSED] - Delayed 30 second(s)

2018-12-04 11:41:10 - [TEST_STEP][PASSED] - click: Object: 'Object Repository/Final Object Repo/New Registration - Registration Module Pages/Third Screen - Upload Supporting Doc- Preview/Supporting Doc Please Select Drop Down' is clicked on

2018-12-04 11:41:11 - [MESSAGE][PASSED] - Object: 'Object Repository/Final Object Repo/New Registration - Registration Module Pages/Third Screen - Upload Supporting Doc- Preview/Supporting Doc Please Select Drop Down' is clicked on

2018-12-04 11:41:11 - [TEST_STEP][PASSED] - delay: Delayed 3 second(s)

2018-12-04 11:41:14 - [MESSAGE][PASSED] - Delayed 3 second(s)

2018-12-04 11:41:14 - [TEST_STEP][PASSED] - click: Object: 'Object Repository/Final Object Repo/New Registration - Registration Module Pages/Third Screen - Upload Supporting Doc- Preview/Select to Upload Borang SIP 2' is clicked on

2018-12-04 11:41:14 - [MESSAGE][PASSED] - Object: 'Object Repository/Final Object Repo/New Registration - Registration Module Pages/Third Screen - Upload Supporting Doc- Preview/Select to Upload Borang SIP 2' is clicked on

2018-12-04 11:41:14 - [TEST_STEP][PASSED] - delay: Delayed 2 second(s)

2018-12-04 11:41:16 - [MESSAGE][PASSED] - Delayed 2 second(s)

2018-12-04 11:41:16 - [TEST_STEP][PASSED] - uploadFile: File 'C:\Users\Public\Pictures\Sample Pictures\Koala.jpg' sent to object: 'Object Repository/Final Object Repo/New Registration - Registration Module Pages/Third Screen - Upload Supporting Doc- Preview/Upload File Adding'

2018-12-04 11:41:16 - [MESSAGE][PASSED] - File 'C:\Users\Public\Pictures\Sample Pictures\Koala.jpg' sent to object: 'Object Repository/Final Object Repo/New Registration - Registration Module Pages/Third Screen - Upload Supporting Doc- Preview/Upload File Adding'

2018-12-04 11:41:16 - [TEST_STEP][PASSED] - delay: Delayed 5 second(s)

2018-12-04 11:41:21 - [MESSAGE][PASSED] - Delayed 5 second(s)

2018-12-04 11:41:21 - [TEST_STEP][PASSED] - click: Object: 'Object Repository/Final Object Repo/New Registration - Registration Module Pages/Third Screen - Upload Supporting Doc- Preview/Inner Form Add Document Button' is clicked on

2018-12-04 11:41:21 - [MESSAGE][PASSED] - Object: 'Object Repository/Final Object Repo/New Registration - Registration Module Pages/Third Screen - Upload Supporting Doc- Preview/Inner Form Add Document Button' is clicked on

2018-12-04 11:41:21 - [TEST_STEP][PASSED] - delay: Delayed 3 second(s)

2018-12-04 11:41:24 - [MESSAGE][PASSED] - Delayed 3 second(s)

2018-12-04 11:41:24 - [TEST_STEP][PASSED] - waitForElementClickable: Object 'Object Repository/Final Object Repo/New Registration - Registration Module Pages/Third Screen - Upload Supporting Doc- Preview/Save n Continue in Uploading Supporting Doc Page' is clickable

2018-12-04 11:41:26 - [MESSAGE][PASSED] - Object 'Object Repository/Final Object Repo/New Registration - Registration Module Pages/Third Screen - Upload Supporting Doc- Preview/Save n Continue in Uploading Supporting Doc Page' is clickable

2018-12-04 11:41:26 - [TEST_STEP][PASSED] - click: Object: 'Object Repository/Final Object Repo/New Registration - Registration Module Pages/Third Screen - Upload Supporting Doc- Preview/Save n Continue in Uploading Supporting Doc Page' is clicked on

2018-12-04 11:41:26 - [MESSAGE][PASSED] - Object: 'Object Repository/Final Object Repo/New Registration - Registration Module Pages/Third Screen - Upload Supporting Doc- Preview/Save n Continue in Uploading Supporting Doc Page' is clicked on

2018-12-04 11:41:26 - [MESSAGE][PASSED] - Call Test Case 'Test Cases/Final Aug 2018 - PKS Automation/Registration Module/New Registration/Flow of New Registration/Third Screen - Upload Supporting Doc - Preview' successfully

2018-12-04 11:41:26 - [TEST_STEP][PASSED] - setText: Text 'Tester' is set on object 'Object Repository/Final Object Repo/New Registration - Registration Module Pages/New Reg - OTC to RO/Special Case - All Related Objects/Employer Preview Name'

2018-12-04 11:41:31 - [MESSAGE][PASSED] - Text 'Tester' is set on object 'Object Repository/Final Object Repo/New Registration - Registration Module Pages/New Reg - OTC to RO/Special Case - All Related Objects/Employer Preview Name'

2018-12-04 11:41:31 - [TEST_STEP][PASSED] - click: Object: 'Object Repository/Final Object Repo/New Registration - Registration Module Pages/New Reg - OTC to RO/Special Case - All Related Objects/IC Type Drop Down' is clicked on

2018-12-04 11:41:31 - [MESSAGE][PASSED] - Object: 'Object Repository/Final Object Repo/New Registration - Registration Module Pages/New Reg - OTC to RO/Special Case - All Related Objects/IC Type Drop Down' is clicked on

2018-12-04 11:41:31 - [TEST_STEP][PASSED] - click: Object: 'Object Repository/Final Object Repo/New Registration - Registration Module Pages/New Reg - OTC to RO/Special Case - All Related Objects/Select to NRIC' is clicked on

2018-12-04 11:41:31 - [MESSAGE][PASSED] - Object: 'Object Repository/Final Object Repo/New Registration - Registration Module Pages/New Reg - OTC to RO/Special Case - All Related Objects/Select to NRIC' is clicked on

2018-12-04 11:41:31 - [TEST_STEP][PASSED] - setText: Text '133245561223' is set on object 'Object Repository/Final Object Repo/New Registration - Registration Module Pages/New Reg - OTC to RO/Special Case - All Related Objects/IC Value'

2018-12-04 11:41:32 - [MESSAGE][PASSED] - Text '133245561223' is set on object 'Object Repository/Final Object Repo/New Registration - Registration Module Pages/New Reg - OTC to RO/Special Case - All Related Objects/IC Value'

2018-12-04 11:41:32 - [TEST_STEP][PASSED] - setText: Text 'Auto' is set on object 'Object Repository/Final Object Repo/New Registration - Registration Module Pages/New Reg - OTC to RO/Special Case - All Related Objects/Designation'

2018-12-04 11:41:32 - [MESSAGE][PASSED] - Text 'Auto' is set on object 'Object Repository/Final Object Repo/New Registration - Registration Module Pages/New Reg - OTC to RO/Special Case - All Related Objects/Designation'

2018-12-04 11:41:32 - [TEST_STEP][PASSED] - callTestCase: Call Test Case 'Test Cases/Final Aug 2018 - PKS Automation/Registration Module/New Registration/Submit and Screenshot/Submit Registration and Screenshot' successfully

2018-12-04 11:41:32 - [TEST_CASE][PASSED] - Test Cases/Final Aug 2018 - PKS Automation/Registration Module/New Registration/Submit and Screenshot/Submit Registration and Screenshot: Test Cases/Final Aug 2018 - PKS Automation/Registration Module/New Registration/Submit and Screenshot/Submit Registration and Screenshot

2018-12-04 11:41:32 - [TEST_STEP][PASSED] - delay: Delayed 6 second(s)

2018-12-04 11:41:38 - [MESSAGE][PASSED] - Delayed 6 second(s)

2018-12-04 11:41:38 - [TEST_STEP][PASSED] - click: Object: 'Object Repository/Final Object Repo/New Registration - Registration Module Pages/Third Screen - Upload Supporting Doc- Preview/Preview Submit Button' is clicked on

2018-12-04 11:41:38 - [MESSAGE][PASSED] - Object: 'Object Repository/Final Object Repo/New Registration - Registration Module Pages/Third Screen - Upload Supporting Doc- Preview/Preview Submit Button' is clicked on

2018-12-04 11:41:38 - [TEST_STEP][PASSED] - delay: Delayed 2 second(s)

2018-12-04 11:41:40 - [MESSAGE][PASSED] - Delayed 2 second(s)

2018-12-04 11:41:40 - [TEST_STEP][PASSED] - click: Object: 'Object Repository/Final Object Repo/New Registration - Registration Module Pages/Third Screen - Upload Supporting Doc- Preview/Preview Submit - Confirm' is clicked on

2018-12-04 11:41:40 - [MESSAGE][PASSED] - Object: 'Object Repository/Final Object Repo/New Registration - Registration Module Pages/Third Screen - Upload Supporting Doc- Preview/Preview Submit - Confirm' is clicked on

2018-12-04 11:41:40 - [TEST_STEP][PASSED] - delay: Delayed 15 second(s)

2018-12-04 11:41:55 - [MESSAGE][PASSED] - Delayed 15 second(s)

2018-12-04 11:41:55 - [TEST_STEP][PASSED] - Statement - driver = com.kms.katalon.core.webui.driver.DriverFactory.getWebDriver(): null

2018-12-04 11:41:55 - [TEST_STEP][PASSED] - Statement - driver.manage().timeouts().implicitlyWait(10, SECONDS): null

2018-12-04 11:41:55 - [TEST_STEP][PASSED] - Statement - PresavePath = KatalonScreenshots: null

2018-12-04 11:41:55 - [TEST_STEP][PASSED] - Statement - pathPrefix = "C:\Users\Public\Pictures\Sample Pictures\Katalon Screenshots\Automate Ending Screen": null

2018-12-04 11:41:55 - [TEST_STEP][PASSED] - Statement - finalPath = <not implemented yet for class: org.codehaus.groovy.ast.expr.EmptyExpression>: null

2018-12-04 11:41:55 - [TEST_STEP][PASSED] - Statement - scrFile = driver.getScreenshotAs(FILE): null

2018-12-04 11:41:56 - [TEST_STEP][PASSED] - Statement - PreSaveFile = new java.io.File(PresavePath): null

2018-12-04 11:41:56 - [TEST_STEP][PASSED] - Statement - counter = 0: null

2018-12-04 11:41:56 - [TEST_STEP][PASSED] - Statement - If (PreSaveFile.exists()): null

2018-12-04 11:41:56 - [TEST_STEP][PASSED] - Statement - While (PreSaveFile.exists()): null

2018-12-04 11:41:56 - [TEST_STEP][PASSED] - Statement - counter = counter + 1: null

2018-12-04 11:41:56 - [TEST_STEP][PASSED] - Statement - PreSaveFile = new java.io.File(((pathPrefix + java.lang.Integer.toString(counter)) + .png)): null

2018-12-04 11:41:56 - [TEST_STEP][PASSED] - Statement - counter = counter + 1: null

2018-12-04 11:41:56 - [TEST_STEP][PASSED] - Statement - PreSaveFile = new java.io.File(((pathPrefix + java.lang.Integer.toString(counter)) + .png)): null

2018-12-04 11:41:56 - [TEST_STEP][PASSED] - Statement - counter = counter + 1: null

2018-12-04 11:41:56 - [TEST_STEP][PASSED] - Statement - PreSaveFile = new java.io.File(((pathPrefix + java.lang.Integer.toString(counter)) + .png)): null

2018-12-04 11:41:56 - [TEST_STEP][PASSED] - Statement - counter = counter + 1: null

2018-12-04 11:41:56 - [TEST_STEP][PASSED] - Statement - PreSaveFile = new java.io.File(((pathPrefix + java.lang.Integer.toString(counter)) + .png)): null

2018-12-04 11:41:56 - [TEST_STEP][PASSED] - Statement - counter = counter + 1: null

2018-12-04 11:41:56 - [TEST_STEP][PASSED] - Statement - PreSaveFile = new java.io.File(((pathPrefix + java.lang.Integer.toString(counter)) + .png)): null

2018-12-04 11:41:56 - [TEST_STEP][PASSED] - Statement - counter = counter + 1: null

2018-12-04 11:41:56 - [TEST_STEP][PASSED] - Statement - PreSaveFile = new java.io.File(((pathPrefix + java.lang.Integer.toString(counter)) + .png)): null

2018-12-04 11:41:56 - [TEST_STEP][PASSED] - Statement - counter = counter + 1: null

2018-12-04 11:41:56 - [TEST_STEP][PASSED] - Statement - PreSaveFile = new java.io.File(((pathPrefix + java.lang.Integer.toString(counter)) + .png)): null

2018-12-04 11:41:56 - [TEST_STEP][PASSED] - Statement - counter = counter + 1: null

2018-12-04 11:41:56 - [TEST_STEP][PASSED] - Statement - PreSaveFile = new java.io.File(((pathPrefix + java.lang.Integer.toString(counter)) + .png)): null

2018-12-04 11:41:56 - [TEST_STEP][PASSED] - Statement - counter = counter + 1: null

2018-12-04 11:41:56 - [TEST_STEP][PASSED] - Statement - PreSaveFile = new java.io.File(((pathPrefix + java.lang.Integer.toString(counter)) + .png)): null

2018-12-04 11:41:56 - [TEST_STEP][PASSED] - Statement - counter = counter + 1: null

2018-12-04 11:41:56 - [TEST_STEP][PASSED] - Statement - PreSaveFile = new java.io.File(((pathPrefix + java.lang.Integer.toString(counter)) + .png)): null

2018-12-04 11:41:56 - [TEST_STEP][PASSED] - Statement - counter = counter + 1: null

2018-12-04 11:41:56 - [TEST_STEP][PASSED] - Statement - PreSaveFile = new java.io.File(((pathPrefix + java.lang.Integer.toString(counter)) + .png)): null

2018-12-04 11:41:56 - [TEST_STEP][PASSED] - Statement - counter = counter + 1: null

2018-12-04 11:41:56 - [TEST_STEP][PASSED] - Statement - PreSaveFile = new java.io.File(((pathPrefix + java.lang.Integer.toString(counter)) + .png)): null

2018-12-04 11:41:56 - [TEST_STEP][PASSED] - Statement - counter = counter + 1: null

2018-12-04 11:41:56 - [TEST_STEP][PASSED] - Statement - PreSaveFile = new java.io.File(((pathPrefix + java.lang.Integer.toString(counter)) + .png)): null

2018-12-04 11:41:56 - [TEST_STEP][PASSED] - Statement - counter = counter + 1: null

2018-12-04 11:41:56 - [TEST_STEP][PASSED] - Statement - PreSaveFile = new java.io.File(((pathPrefix + java.lang.Integer.toString(counter)) + .png)): null

2018-12-04 11:41:56 - [TEST_STEP][PASSED] - Statement - counter = counter + 1: null

2018-12-04 11:41:56 - [TEST_STEP][PASSED] - Statement - PreSaveFile = new java.io.File(((pathPrefix + java.lang.Integer.toString(counter)) + .png)): null

2018-12-04 11:41:56 - [TEST_STEP][PASSED] - Statement - counter = counter + 1: null

2018-12-04 11:41:56 - [TEST_STEP][PASSED] - Statement - PreSaveFile = new java.io.File(((pathPrefix + java.lang.Integer.toString(counter)) + .png)): null

2018-12-04 11:41:57 - [TEST_STEP][PASSED] - Statement - counter = counter + 1: null

2018-12-04 11:41:57 - [TEST_STEP][PASSED] - Statement - PreSaveFile = new java.io.File(((pathPrefix + java.lang.Integer.toString(counter)) + .png)): null

2018-12-04 11:41:57 - [TEST_STEP][PASSED] - Statement - counter = counter + 1: null

2018-12-04 11:41:57 - [TEST_STEP][PASSED] - Statement - PreSaveFile = new java.io.File(((pathPrefix + java.lang.Integer.toString(counter)) + .png)): null

2018-12-04 11:41:57 - [TEST_STEP][PASSED] - Statement - counter = counter + 1: null

2018-12-04 11:41:58 - [TEST_STEP][PASSED] - Statement - PreSaveFile = new java.io.File(((pathPrefix + java.lang.Integer.toString(counter)) + .png)): null

2018-12-04 11:41:58 - [TEST_STEP][PASSED] - Statement - counter = counter + 1: null

2018-12-04 11:41:58 - [TEST_STEP][PASSED] - Statement - PreSaveFile = new java.io.File(((pathPrefix + java.lang.Integer.toString(counter)) + .png)): null

2018-12-04 11:41:58 - [TEST_STEP][PASSED] - Statement - counter = counter + 1: null

2018-12-04 11:41:58 - [TEST_STEP][PASSED] - Statement - PreSaveFile = new java.io.File(((pathPrefix + java.lang.Integer.toString(counter)) + .png)): null

2018-12-04 11:41:58 - [TEST_STEP][PASSED] - Statement - counter = counter + 1: null

2018-12-04 11:41:58 - [TEST_STEP][PASSED] - Statement - PreSaveFile = new java.io.File(((pathPrefix + java.lang.Integer.toString(counter)) + .png)): null

2018-12-04 11:41:58 - [TEST_STEP][PASSED] - Statement - counter = counter + 1: null

2018-12-04 11:41:58 - [TEST_STEP][PASSED] - Statement - PreSaveFile = new java.io.File(((pathPrefix + java.lang.Integer.toString(counter)) + .png)): null

2018-12-04 11:41:59 - [TEST_STEP][PASSED] - Statement - counter = counter + 1: null

2018-12-04 11:41:59 - [TEST_STEP][PASSED] - Statement - PreSaveFile = new java.io.File(((pathPrefix + java.lang.Integer.toString(counter)) + .png)): null

2018-12-04 11:41:59 - [TEST_STEP][PASSED] - Statement - counter = counter + 1: null

2018-12-04 11:41:59 - [TEST_STEP][PASSED] - Statement - PreSaveFile = new java.io.File(((pathPrefix + java.lang.Integer.toString(counter)) + .png)): null

2018-12-04 11:41:59 - [TEST_STEP][PASSED] - Statement - counter = counter + 1: null

2018-12-04 11:41:59 - [TEST_STEP][PASSED] - Statement - PreSaveFile = new java.io.File(((pathPrefix + java.lang.Integer.toString(counter)) + .png)): null

2018-12-04 11:41:59 - [TEST_STEP][PASSED] - Statement - counter = counter + 1: null

2018-12-04 11:41:59 - [TEST_STEP][PASSED] - Statement - PreSaveFile = new java.io.File(((pathPrefix + java.lang.Integer.toString(counter)) + .png)): null

2018-12-04 11:41:59 - [TEST_STEP][PASSED] - Statement - counter = counter + 1: null

2018-12-04 11:41:59 - [TEST_STEP][PASSED] - Statement - PreSaveFile = new java.io.File(((pathPrefix + java.lang.Integer.toString(counter)) + .png)): null

2018-12-04 11:41:59 - [TEST_STEP][PASSED] - Statement - counter = counter + 1: null

2018-12-04 11:41:59 - [TEST_STEP][PASSED] - Statement - PreSaveFile = new java.io.File(((pathPrefix + java.lang.Integer.toString(counter)) + .png)): null

2018-12-04 11:41:59 - [TEST_STEP][PASSED] - Statement - counter = counter + 1: null

2018-12-04 11:41:59 - [TEST_STEP][PASSED] - Statement - PreSaveFile = new java.io.File(((pathPrefix + java.lang.Integer.toString(counter)) + .png)): null

2018-12-04 11:41:59 - [TEST_STEP][PASSED] - Statement - counter = counter + 1: null

2018-12-04 11:41:59 - [TEST_STEP][PASSED] - Statement - PreSaveFile = new java.io.File(((pathPrefix + java.lang.Integer.toString(counter)) + .png)): null

2018-12-04 11:41:59 - [TEST_STEP][PASSED] - Statement - counter = counter + 1: null

2018-12-04 11:41:59 - [TEST_STEP][PASSED] - Statement - PreSaveFile = new java.io.File(((pathPrefix + java.lang.Integer.toString(counter)) + .png)): null

2018-12-04 11:41:59 - [TEST_STEP][PASSED] - Statement - counter = counter + 1: null

2018-12-04 11:42:01 - [TEST_STEP][PASSED] - Statement - PreSaveFile = new java.io.File(((pathPrefix + java.lang.Integer.toString(counter)) + .png)): null

2018-12-04 11:42:01 - [TEST_STEP][PASSED] - Statement - counter = counter + 1: null

2018-12-04 11:42:01 - [TEST_STEP][PASSED] - Statement - PreSaveFile = new java.io.File(((pathPrefix + java.lang.Integer.toString(counter)) + .png)): null

2018-12-04 11:42:01 - [TEST_STEP][PASSED] - Statement - counter = counter + 1: null

2018-12-04 11:42:01 - [TEST_STEP][PASSED] - Statement - PreSaveFile = new java.io.File(((pathPrefix + java.lang.Integer.toString(counter)) + .png)): null

2018-12-04 11:42:01 - [TEST_STEP][PASSED] - Statement - counter = counter + 1: null

2018-12-04 11:42:01 - [TEST_STEP][PASSED] - Statement - PreSaveFile = new java.io.File(((pathPrefix + java.lang.Integer.toString(counter)) + .png)): null

2018-12-04 11:42:01 - [TEST_STEP][PASSED] - Statement - counter = counter + 1: null

2018-12-04 11:42:01 - [TEST_STEP][PASSED] - Statement - PreSaveFile = new java.io.File(((pathPrefix + java.lang.Integer.toString(counter)) + .png)): null

2018-12-04 11:42:01 - [TEST_STEP][PASSED] - Statement - counter = counter + 1: null

2018-12-04 11:42:02 - [TEST_STEP][PASSED] - Statement - PreSaveFile = new java.io.File(((pathPrefix + java.lang.Integer.toString(counter)) + .png)): null

2018-12-04 11:42:02 - [TEST_STEP][PASSED] - Statement - counter = counter + 1: null

2018-12-04 11:42:02 - [TEST_STEP][PASSED] - Statement - PreSaveFile = new java.io.File(((pathPrefix + java.lang.Integer.toString(counter)) + .png)): null

2018-12-04 11:42:02 - [TEST_STEP][PASSED] - Statement - counter = counter + 1: null

2018-12-04 11:42:02 - [TEST_STEP][PASSED] - Statement - PreSaveFile = new java.io.File(((pathPrefix + java.lang.Integer.toString(counter)) + .png)): null

2018-12-04 11:42:02 - [TEST_STEP][PASSED] - Statement - counter = counter + 1: null

2018-12-04 11:42:02 - [TEST_STEP][PASSED] - Statement - PreSaveFile = new java.io.File(((pathPrefix + java.lang.Integer.toString(counter)) + .png)): null

2018-12-04 11:42:02 - [TEST_STEP][PASSED] - Statement - counter = counter + 1: null

2018-12-04 11:42:02 - [TEST_STEP][PASSED] - Statement - PreSaveFile = new java.io.File(((pathPrefix + java.lang.Integer.toString(counter)) + .png)): null

2018-12-04 11:42:04 - [TEST_STEP][PASSED] - Statement - counter = counter + 1: null

2018-12-04 11:42:04 - [TEST_STEP][PASSED] - Statement - PreSaveFile = new java.io.File(((pathPrefix + java.lang.Integer.toString(counter)) + .png)): null

2018-12-04 11:42:04 - [TEST_STEP][PASSED] - Statement - counter = counter + 1: null

2018-12-04 11:42:04 - [TEST_STEP][PASSED] - Statement - PreSaveFile = new java.io.File(((pathPrefix + java.lang.Integer.toString(counter)) + .png)): null

2018-12-04 11:42:04 - [TEST_STEP][PASSED] - Statement - counter = counter + 1: null

2018-12-04 11:42:04 - [TEST_STEP][PASSED] - Statement - PreSaveFile = new java.io.File(((pathPrefix + java.lang.Integer.toString(counter)) + .png)): null

2018-12-04 11:42:04 - [TEST_STEP][PASSED] - Statement - counter = counter + 1: null

2018-12-04 11:42:04 - [TEST_STEP][PASSED] - Statement - PreSaveFile = new java.io.File(((pathPrefix + java.lang.Integer.toString(counter)) + .png)): null

2018-12-04 11:42:04 - [TEST_STEP][PASSED] - Statement - counter = counter + 1: null

2018-12-04 11:42:05 - [TEST_STEP][PASSED] - Statement - PreSaveFile = new java.io.File(((pathPrefix + java.lang.Integer.toString(counter)) + .png)): null

2018-12-04 11:42:05 - [TEST_STEP][PASSED] - Statement - counter = counter + 1: null

2018-12-04 11:42:05 - [TEST_STEP][PASSED] - Statement - PreSaveFile = new java.io.File(((pathPrefix + java.lang.Integer.toString(counter)) + .png)): null

2018-12-04 11:42:05 - [TEST_STEP][PASSED] - Statement - counter = counter + 1: null

2018-12-04 11:42:05 - [TEST_STEP][PASSED] - Statement - PreSaveFile = new java.io.File(((pathPrefix + java.lang.Integer.toString(counter)) + .png)): null

2018-12-04 11:42:05 - [TEST_STEP][PASSED] - Statement - counter = counter + 1: null

2018-12-04 11:42:05 - [TEST_STEP][PASSED] - Statement - PreSaveFile = new java.io.File(((pathPrefix + java.lang.Integer.toString(counter)) + .png)): null

2018-12-04 11:42:05 - [TEST_STEP][PASSED] - Statement - counter = counter + 1: null

2018-12-04 11:42:05 - [TEST_STEP][PASSED] - Statement - PreSaveFile = new java.io.File(((pathPrefix + java.lang.Integer.toString(counter)) + .png)): null

2018-12-04 11:42:05 - [TEST_STEP][PASSED] - Statement - counter = counter + 1: null

2018-12-04 11:42:07 - [TEST_STEP][PASSED] - Statement - PreSaveFile = new java.io.File(((pathPrefix + java.lang.Integer.toString(counter)) + .png)): null

2018-12-04 11:42:07 - [TEST_STEP][PASSED] - Statement - counter = counter + 1: null

2018-12-04 11:42:07 - [TEST_STEP][PASSED] - Statement - PreSaveFile = new java.io.File(((pathPrefix + java.lang.Integer.toString(counter)) + .png)): null

2018-12-04 11:42:07 - [TEST_STEP][PASSED] - Statement - counter = counter + 1: null

2018-12-04 11:42:07 - [TEST_STEP][PASSED] - Statement - PreSaveFile = new java.io.File(((pathPrefix + java.lang.Integer.toString(counter)) + .png)): null

2018-12-04 11:42:07 - [TEST_STEP][PASSED] - Statement - counter = counter + 1: null

2018-12-04 11:42:07 - [TEST_STEP][PASSED] - Statement - PreSaveFile = new java.io.File(((pathPrefix + java.lang.Integer.toString(counter)) + .png)): null

2018-12-04 11:42:07 - [TEST_STEP][PASSED] - Statement - counter = counter + 1: null

2018-12-04 11:42:07 - [TEST_STEP][PASSED] - Statement - PreSaveFile = new java.io.File(((pathPrefix + java.lang.Integer.toString(counter)) + .png)): null

2018-12-04 11:42:07 - [TEST_STEP][PASSED] - Statement - counter = counter + 1: null

2018-12-04 11:42:08 - [TEST_STEP][PASSED] - Statement - PreSaveFile = new java.io.File(((pathPrefix + java.lang.Integer.toString(counter)) + .png)): null

2018-12-04 11:42:08 - [TEST_STEP][PASSED] - Statement - counter = counter + 1: null

2018-12-04 11:42:08 - [TEST_STEP][PASSED] - Statement - PreSaveFile = new java.io.File(((pathPrefix + java.lang.Integer.toString(counter)) + .png)): null

2018-12-04 11:42:08 - [TEST_STEP][PASSED] - Statement - counter = counter + 1: null

2018-12-04 11:42:08 - [TEST_STEP][PASSED] - Statement - PreSaveFile = new java.io.File(((pathPrefix + java.lang.Integer.toString(counter)) + .png)): null

2018-12-04 11:42:08 - [TEST_STEP][PASSED] - Statement - counter = counter + 1: null

2018-12-04 11:42:08 - [TEST_STEP][PASSED] - Statement - PreSaveFile = new java.io.File(((pathPrefix + java.lang.Integer.toString(counter)) + .png)): null

2018-12-04 11:42:08 - [TEST_STEP][PASSED] - Statement - counter = counter + 1: null

2018-12-04 11:42:08 - [TEST_STEP][PASSED] - Statement - PreSaveFile = new java.io.File(((pathPrefix + java.lang.Integer.toString(counter)) + .png)): null

2018-12-04 11:42:08 - [TEST_STEP][PASSED] - Statement - counter = counter + 1: null

2018-12-04 11:42:09 - [TEST_STEP][PASSED] - Statement - PreSaveFile = new java.io.File(((pathPrefix + java.lang.Integer.toString(counter)) + .png)): null

2018-12-04 11:42:09 - [TEST_STEP][PASSED] - Statement - counter = counter + 1: null

2018-12-04 11:42:09 - [TEST_STEP][PASSED] - Statement - PreSaveFile = new java.io.File(((pathPrefix + java.lang.Integer.toString(counter)) + .png)): null

2018-12-04 11:42:09 - [TEST_STEP][PASSED] - Statement - counter = counter + 1: null

2018-12-04 11:42:09 - [TEST_STEP][PASSED] - Statement - PreSaveFile = new java.io.File(((pathPrefix + java.lang.Integer.toString(counter)) + .png)): null

2018-12-04 11:42:09 - [TEST_STEP][PASSED] - Statement - counter = counter + 1: null

2018-12-04 11:42:09 - [TEST_STEP][PASSED] - Statement - PreSaveFile = new java.io.File(((pathPrefix + java.lang.Integer.toString(counter)) + .png)): null

2018-12-04 11:42:09 - [TEST_STEP][PASSED] - Statement - counter = counter + 1: null

2018-12-04 11:42:09 - [TEST_STEP][PASSED] - Statement - PreSaveFile = new java.io.File(((pathPrefix + java.lang.Integer.toString(counter)) + .png)): null

2018-12-04 11:42:10 - [TEST_STEP][PASSED] - Statement - counter = counter + 1: null

2018-12-04 11:42:10 - [TEST_STEP][PASSED] - Statement - PreSaveFile = new java.io.File(((pathPrefix + java.lang.Integer.toString(counter)) + .png)): null

2018-12-04 11:42:10 - [TEST_STEP][PASSED] - Statement - counter = counter + 1: null

2018-12-04 11:42:10 - [TEST_STEP][PASSED] - Statement - PreSaveFile = new java.io.File(((pathPrefix + java.lang.Integer.toString(counter)) + .png)): null

2018-12-04 11:42:10 - [TEST_STEP][PASSED] - Statement - counter = counter + 1: null

2018-12-04 11:42:10 - [TEST_STEP][PASSED] - Statement - PreSaveFile = new java.io.File(((pathPrefix + java.lang.Integer.toString(counter)) + .png)): null

2018-12-04 11:42:10 - [TEST_STEP][PASSED] - Statement - counter = counter + 1: null

2018-12-04 11:42:10 - [TEST_STEP][PASSED] - Statement - PreSaveFile = new java.io.File(((pathPrefix + java.lang.Integer.toString(counter)) + .png)): null

2018-12-04 11:42:10 - [TEST_STEP][PASSED] - Statement - counter = counter + 1: null

2018-12-04 11:42:11 - [TEST_STEP][PASSED] - Statement - PreSaveFile = new java.io.File(((pathPrefix + java.lang.Integer.toString(counter)) + .png)): null

2018-12-04 11:42:11 - [TEST_STEP][PASSED] - Statement - counter = counter + 1: null

2018-12-04 11:42:11 - [TEST_STEP][PASSED] - Statement - PreSaveFile = new java.io.File(((pathPrefix + java.lang.Integer.toString(counter)) + .png)): null

2018-12-04 11:42:11 - [TEST_STEP][PASSED] - Statement - counter = counter + 1: null

2018-12-04 11:42:11 - [TEST_STEP][PASSED] - Statement - PreSaveFile = new java.io.File(((pathPrefix + java.lang.Integer.toString(counter)) + .png)): null

2018-12-04 11:42:11 - [TEST_STEP][PASSED] - Statement - counter = counter + 1: null

2018-12-04 11:42:11 - [TEST_STEP][PASSED] - Statement - PreSaveFile = new java.io.File(((pathPrefix + java.lang.Integer.toString(counter)) + .png)): null

2018-12-04 11:42:11 - [TEST_STEP][PASSED] - Statement - counter = counter + 1: null

2018-12-04 11:42:11 - [TEST_STEP][PASSED] - Statement - PreSaveFile = new java.io.File(((pathPrefix + java.lang.Integer.toString(counter)) + .png)): null

2018-12-04 11:42:11 - [TEST_STEP][PASSED] - Statement - counter = counter + 1: null

2018-12-04 11:42:13 - [TEST_STEP][PASSED] - Statement - PreSaveFile = new java.io.File(((pathPrefix + java.lang.Integer.toString(counter)) + .png)): null

2018-12-04 11:42:13 - [TEST_STEP][PASSED] - Statement - counter = counter + 1: null

2018-12-04 11:42:13 - [TEST_STEP][PASSED] - Statement - PreSaveFile = new java.io.File(((pathPrefix + java.lang.Integer.toString(counter)) + .png)): null

2018-12-04 11:42:13 - [TEST_STEP][PASSED] - Statement - counter = counter + 1: null

2018-12-04 11:42:13 - [TEST_STEP][PASSED] - Statement - PreSaveFile = new java.io.File(((pathPrefix + java.lang.Integer.toString(counter)) + .png)): null

2018-12-04 11:42:13 - [TEST_STEP][PASSED] - Statement - counter = counter + 1: null

2018-12-04 11:42:13 - [TEST_STEP][PASSED] - Statement - PreSaveFile = new java.io.File(((pathPrefix + java.lang.Integer.toString(counter)) + .png)): null

2018-12-04 11:42:13 - [TEST_STEP][PASSED] - Statement - counter = counter + 1: null

2018-12-04 11:42:13 - [TEST_STEP][PASSED] - Statement - PreSaveFile = new java.io.File(((pathPrefix + java.lang.Integer.toString(counter)) + .png)): null

2018-12-04 11:42:13 - [TEST_STEP][PASSED] - Statement - counter = counter + 1: null

2018-12-04 11:42:14 - [TEST_STEP][PASSED] - Statement - PreSaveFile = new java.io.File(((pathPrefix + java.lang.Integer.toString(counter)) + .png)): null

2018-12-04 11:42:14 - [TEST_STEP][PASSED] - Statement - counter = counter + 1: null

2018-12-04 11:42:14 - [TEST_STEP][PASSED] - Statement - PreSaveFile = new java.io.File(((pathPrefix + java.lang.Integer.toString(counter)) + .png)): null

2018-12-04 11:42:14 - [TEST_STEP][PASSED] - Statement - counter = counter + 1: null

2018-12-04 11:42:14 - [TEST_STEP][PASSED] - Statement - PreSaveFile = new java.io.File(((pathPrefix + java.lang.Integer.toString(counter)) + .png)): null

2018-12-04 11:42:14 - [TEST_STEP][PASSED] - Statement - counter = counter + 1: null

2018-12-04 11:42:14 - [TEST_STEP][PASSED] - Statement - PreSaveFile = new java.io.File(((pathPrefix + java.lang.Integer.toString(counter)) + .png)): null

2018-12-04 11:42:14 - [TEST_STEP][PASSED] - Statement - counter = counter + 1: null

2018-12-04 11:42:14 - [TEST_STEP][PASSED] - Statement - PreSaveFile = new java.io.File(((pathPrefix + java.lang.Integer.toString(counter)) + .png)): null

2018-12-04 11:42:15 - [TEST_STEP][PASSED] - Statement - counter = counter + 1: null

2018-12-04 11:42:15 - [TEST_STEP][PASSED] - Statement - PreSaveFile = new java.io.File(((pathPrefix + java.lang.Integer.toString(counter)) + .png)): null

2018-12-04 11:42:15 - [TEST_STEP][PASSED] - Statement - counter = counter + 1: null

2018-12-04 11:42:15 - [TEST_STEP][PASSED] - Statement - PreSaveFile = new java.io.File(((pathPrefix + java.lang.Integer.toString(counter)) + .png)): null

2018-12-04 11:42:15 - [TEST_STEP][PASSED] - Statement - counter = counter + 1: null

2018-12-04 11:42:15 - [TEST_STEP][PASSED] - Statement - PreSaveFile = new java.io.File(((pathPrefix + java.lang.Integer.toString(counter)) + .png)): null

2018-12-04 11:42:15 - [TEST_STEP][PASSED] - Statement - counter = counter + 1: null

2018-12-04 11:42:15 - [TEST_STEP][PASSED] - Statement - PreSaveFile = new java.io.File(((pathPrefix + java.lang.Integer.toString(counter)) + .png)): null

2018-12-04 11:42:15 - [TEST_STEP][PASSED] - Statement - counter = counter + 1: null

2018-12-04 11:42:16 - [TEST_STEP][PASSED] - Statement - PreSaveFile = new java.io.File(((pathPrefix + java.lang.Integer.toString(counter)) + .png)): null

2018-12-04 11:42:16 - [TEST_STEP][PASSED] - Statement - counter = counter + 1: null

2018-12-04 11:42:16 - [TEST_STEP][PASSED] - Statement - PreSaveFile = new java.io.File(((pathPrefix + java.lang.Integer.toString(counter)) + .png)): null

2018-12-04 11:42:16 - [TEST_STEP][PASSED] - Statement - counter = counter + 1: null

2018-12-04 11:42:16 - [TEST_STEP][PASSED] - Statement - PreSaveFile = new java.io.File(((pathPrefix + java.lang.Integer.toString(counter)) + .png)): null

2018-12-04 11:42:16 - [TEST_STEP][PASSED] - Statement - counter = counter + 1: null

2018-12-04 11:42:16 - [TEST_STEP][PASSED] - Statement - PreSaveFile = new java.io.File(((pathPrefix + java.lang.Integer.toString(counter)) + .png)): null

2018-12-04 11:42:16 - [TEST_STEP][PASSED] - Statement - counter = counter + 1: null

2018-12-04 11:42:16 - [TEST_STEP][PASSED] - Statement - PreSaveFile = new java.io.File(((pathPrefix + java.lang.Integer.toString(counter)) + .png)): null

2018-12-04 11:42:16 - [TEST_STEP][PASSED] - Statement - counter = counter + 1: null

2018-12-04 11:42:18 - [TEST_STEP][PASSED] - Statement - PreSaveFile = new java.io.File(((pathPrefix + java.lang.Integer.toString(counter)) + .png)): null

2018-12-04 11:42:18 - [TEST_STEP][PASSED] - Statement - counter = counter + 1: null

2018-12-04 11:42:18 - [TEST_STEP][PASSED] - Statement - PreSaveFile = new java.io.File(((pathPrefix + java.lang.Integer.toString(counter)) + .png)): null

2018-12-04 11:42:18 - [TEST_STEP][PASSED] - Statement - counter = counter + 1: null

2018-12-04 11:42:18 - [TEST_STEP][PASSED] - Statement - PreSaveFile = new java.io.File(((pathPrefix + java.lang.Integer.toString(counter)) + .png)): null

2018-12-04 11:42:18 - [TEST_STEP][PASSED] - Statement - counter = counter + 1: null

2018-12-04 11:42:18 - [TEST_STEP][PASSED] - Statement - PreSaveFile = new java.io.File(((pathPrefix + java.lang.Integer.toString(counter)) + .png)): null

2018-12-04 11:42:18 - [TEST_STEP][PASSED] - Statement - counter = counter + 1: null

2018-12-04 11:42:18 - [TEST_STEP][PASSED] - Statement - PreSaveFile = new java.io.File(((pathPrefix + java.lang.Integer.toString(counter)) + .png)): null

2018-12-04 11:42:18 - [TEST_STEP][PASSED] - Statement - counter = counter + 1: null

2018-12-04 11:42:19 - [TEST_STEP][PASSED] - Statement - PreSaveFile = new java.io.File(((pathPrefix + java.lang.Integer.toString(counter)) + .png)): null

2018-12-04 11:42:19 - [TEST_STEP][PASSED] - Statement - counter = counter + 1: null

2018-12-04 11:42:19 - [TEST_STEP][PASSED] - Statement - PreSaveFile = new java.io.File(((pathPrefix + java.lang.Integer.toString(counter)) + .png)): null

2018-12-04 11:42:19 - [TEST_STEP][PASSED] - Statement - counter = counter + 1: null

2018-12-04 11:42:19 - [TEST_STEP][PASSED] - Statement - PreSaveFile = new java.io.File(((pathPrefix + java.lang.Integer.toString(counter)) + .png)): null

2018-12-04 11:42:19 - [TEST_STEP][PASSED] - Statement - counter = counter + 1: null

2018-12-04 11:42:19 - [TEST_STEP][PASSED] - Statement - PreSaveFile = new java.io.File(((pathPrefix + java.lang.Integer.toString(counter)) + .png)): null

2018-12-04 11:42:19 - [TEST_STEP][PASSED] - Statement - counter = counter + 1: null

2018-12-04 11:42:19 - [TEST_STEP][PASSED] - Statement - PreSaveFile = new java.io.File(((pathPrefix + java.lang.Integer.toString(counter)) + .png)): null

2018-12-04 11:42:19 - [TEST_STEP][PASSED] - Statement - counter = counter + 1: null

2018-12-04 11:42:21 - [TEST_STEP][PASSED] - Statement - PreSaveFile = new java.io.File(((pathPrefix + java.lang.Integer.toString(counter)) + .png)): null

2018-12-04 11:42:21 - [TEST_STEP][PASSED] - Statement - counter = counter + 1: null

2018-12-04 11:42:21 - [TEST_STEP][PASSED] - Statement - PreSaveFile = new java.io.File(((pathPrefix + java.lang.Integer.toString(counter)) + .png)): null

2018-12-04 11:42:21 - [TEST_STEP][PASSED] - Statement - counter = counter + 1: null

2018-12-04 11:42:21 - [TEST_STEP][PASSED] - Statement - PreSaveFile = new java.io.File(((pathPrefix + java.lang.Integer.toString(counter)) + .png)): null

2018-12-04 11:42:21 - [TEST_STEP][PASSED] - Statement - counter = counter + 1: null

2018-12-04 11:42:21 - [TEST_STEP][PASSED] - Statement - PreSaveFile = new java.io.File(((pathPrefix + java.lang.Integer.toString(counter)) + .png)): null

2018-12-04 11:42:21 - [TEST_STEP][PASSED] - Statement - counter = counter + 1: null

2018-12-04 11:42:21 - [TEST_STEP][PASSED] - Statement - PreSaveFile = new java.io.File(((pathPrefix + java.lang.Integer.toString(counter)) + .png)): null

2018-12-04 11:42:22 - [TEST_STEP][PASSED] - Statement - counter = counter + 1: null

2018-12-04 11:42:22 - [TEST_STEP][PASSED] - Statement - PreSaveFile = new java.io.File(((pathPrefix + java.lang.Integer.toString(counter)) + .png)): null

2018-12-04 11:42:22 - [TEST_STEP][PASSED] - Statement - counter = counter + 1: null

2018-12-04 11:42:22 - [TEST_STEP][PASSED] - Statement - PreSaveFile = new java.io.File(((pathPrefix + java.lang.Integer.toString(counter)) + .png)): null

2018-12-04 11:42:22 - [TEST_STEP][PASSED] - Statement - counter = counter + 1: null

2018-12-04 11:42:22 - [TEST_STEP][PASSED] - Statement - PreSaveFile = new java.io.File(((pathPrefix + java.lang.Integer.toString(counter)) + .png)): null

2018-12-04 11:42:22 - [TEST_STEP][PASSED] - Statement - counter = counter + 1: null

2018-12-04 11:42:22 - [TEST_STEP][PASSED] - Statement - PreSaveFile = new java.io.File(((pathPrefix + java.lang.Integer.toString(counter)) + .png)): null

2018-12-04 11:42:22 - [TEST_STEP][PASSED] - Statement - counter = counter + 1: null

2018-12-04 11:42:24 - [TEST_STEP][PASSED] - Statement - PreSaveFile = new java.io.File(((pathPrefix + java.lang.Integer.toString(counter)) + .png)): null

2018-12-04 11:42:24 - [TEST_STEP][PASSED] - Statement - counter = counter + 1: null

2018-12-04 11:42:24 - [TEST_STEP][PASSED] - Statement - PreSaveFile = new java.io.File(((pathPrefix + java.lang.Integer.toString(counter)) + .png)): null

2018-12-04 11:42:24 - [TEST_STEP][PASSED] - Statement - counter = counter + 1: null

2018-12-04 11:42:24 - [TEST_STEP][PASSED] - Statement - PreSaveFile = new java.io.File(((pathPrefix + java.lang.Integer.toString(counter)) + .png)): null

2018-12-04 11:42:24 - [TEST_STEP][PASSED] - Statement - counter = counter + 1: null

2018-12-04 11:42:24 - [TEST_STEP][PASSED] - Statement - PreSaveFile = new java.io.File(((pathPrefix + java.lang.Integer.toString(counter)) + .png)): null

2018-12-04 11:42:24 - [TEST_STEP][PASSED] - Statement - counter = counter + 1: null

2018-12-04 11:42:24 - [TEST_STEP][PASSED] - Statement - PreSaveFile = new java.io.File(((pathPrefix + java.lang.Integer.toString(counter)) + .png)): null

2018-12-04 11:42:24 - [TEST_STEP][PASSED] - Statement - counter = counter + 1: null

2018-12-04 11:42:25 - [TEST_STEP][PASSED] - Statement - PreSaveFile = new java.io.File(((pathPrefix + java.lang.Integer.toString(counter)) + .png)): null

2018-12-04 11:42:25 - [TEST_STEP][PASSED] - Statement - counter = counter + 1: null

2018-12-04 11:42:25 - [TEST_STEP][PASSED] - Statement - PreSaveFile = new java.io.File(((pathPrefix + java.lang.Integer.toString(counter)) + .png)): null

2018-12-04 11:42:25 - [TEST_STEP][PASSED] - Statement - counter = counter + 1: null

2018-12-04 11:42:25 - [TEST_STEP][PASSED] - Statement - PreSaveFile = new java.io.File(((pathPrefix + java.lang.Integer.toString(counter)) + .png)): null

2018-12-04 11:42:25 - [TEST_STEP][PASSED] - Statement - counter = counter + 1: null

2018-12-04 11:42:25 - [TEST_STEP][PASSED] - Statement - PreSaveFile = new java.io.File(((pathPrefix + java.lang.Integer.toString(counter)) + .png)): null

2018-12-04 11:42:25 - [TEST_STEP][PASSED] - Statement - counter = counter + 1: null

2018-12-04 11:42:25 - [TEST_STEP][PASSED] - Statement - PreSaveFile = new java.io.File(((pathPrefix + java.lang.Integer.toString(counter)) + .png)): null

2018-12-04 11:42:25 - [TEST_STEP][PASSED] - Statement - counter = counter + 1: null

2018-12-04 11:42:27 - [TEST_STEP][PASSED] - Statement - PreSaveFile = new java.io.File(((pathPrefix + java.lang.Integer.toString(counter)) + .png)): null

2018-12-04 11:42:27 - [TEST_STEP][PASSED] - Statement - counter = counter + 1: null

2018-12-04 11:42:27 - [TEST_STEP][PASSED] - Statement - PreSaveFile = new java.io.File(((pathPrefix + java.lang.Integer.toString(counter)) + .png)): null

2018-12-04 11:42:27 - [TEST_STEP][PASSED] - Statement - counter = counter + 1: null

2018-12-04 11:42:27 - [TEST_STEP][PASSED] - Statement - PreSaveFile = new java.io.File(((pathPrefix + java.lang.Integer.toString(counter)) + .png)): null

2018-12-04 11:42:27 - [TEST_STEP][PASSED] - Statement - counter = counter + 1: null

2018-12-04 11:42:27 - [TEST_STEP][PASSED] - Statement - PreSaveFile = new java.io.File(((pathPrefix + java.lang.Integer.toString(counter)) + .png)): null

2018-12-04 11:42:27 - [TEST_STEP][PASSED] - Statement - counter = counter + 1: null

2018-12-04 11:42:27 - [TEST_STEP][PASSED] - Statement - PreSaveFile = new java.io.File(((pathPrefix + java.lang.Integer.toString(counter)) + .png)): null

2018-12-04 11:42:28 - [TEST_STEP][PASSED] - Statement - counter = counter + 1: null

2018-12-04 11:42:28 - [TEST_STEP][PASSED] - Statement - PreSaveFile = new java.io.File(((pathPrefix + java.lang.Integer.toString(counter)) + .png)): null

2018-12-04 11:42:28 - [TEST_STEP][PASSED] - Statement - counter = counter + 1: null

2018-12-04 11:42:28 - [TEST_STEP][PASSED] - Statement - PreSaveFile = new java.io.File(((pathPrefix + java.lang.Integer.toString(counter)) + .png)): null

2018-12-04 11:42:28 - [TEST_STEP][PASSED] - Statement - counter = counter + 1: null

2018-12-04 11:42:28 - [TEST_STEP][PASSED] - Statement - PreSaveFile = new java.io.File(((pathPrefix + java.lang.Integer.toString(counter)) + .png)): null

2018-12-04 11:42:28 - [TEST_STEP][PASSED] - Statement - counter = counter + 1: null

2018-12-04 11:42:28 - [TEST_STEP][PASSED] - Statement - PreSaveFile = new java.io.File(((pathPrefix + java.lang.Integer.toString(counter)) + .png)): null

2018-12-04 11:42:28 - [TEST_STEP][PASSED] - Statement - counter = counter + 1: null

2018-12-04 11:42:28 - [TEST_STEP][PASSED] - Statement - PreSaveFile = new java.io.File(((pathPrefix + java.lang.Integer.toString(counter)) + .png)): null

2018-12-04 11:42:30 - [TEST_STEP][PASSED] - Statement - counter = counter + 1: null

2018-12-04 11:42:30 - [TEST_STEP][PASSED] - Statement - PreSaveFile = new java.io.File(((pathPrefix + java.lang.Integer.toString(counter)) + .png)): null

2018-12-04 11:42:30 - [TEST_STEP][PASSED] - Statement - counter = counter + 1: null

2018-12-04 11:42:30 - [TEST_STEP][PASSED] - Statement - PreSaveFile = new java.io.File(((pathPrefix + java.lang.Integer.toString(counter)) + .png)): null

2018-12-04 11:42:30 - [TEST_STEP][PASSED] - Statement - counter = counter + 1: null

2018-12-04 11:42:30 - [TEST_STEP][PASSED] - Statement - PreSaveFile = new java.io.File(((pathPrefix + java.lang.Integer.toString(counter)) + .png)): null

2018-12-04 11:42:30 - [TEST_STEP][PASSED] - Statement - counter = counter + 1: null

2018-12-04 11:42:30 - [TEST_STEP][PASSED] - Statement - PreSaveFile = new java.io.File(((pathPrefix + java.lang.Integer.toString(counter)) + .png)): null

2018-12-04 11:42:30 - [TEST_STEP][PASSED] - Statement - counter = counter + 1: null

2018-12-04 11:42:31 - [TEST_STEP][PASSED] - Statement - PreSaveFile = new java.io.File(((pathPrefix + java.lang.Integer.toString(counter)) + .png)): null

2018-12-04 11:42:31 - [TEST_STEP][PASSED] - Statement - counter = counter + 1: null

2018-12-04 11:42:31 - [TEST_STEP][PASSED] - Statement - PreSaveFile = new java.io.File(((pathPrefix + java.lang.Integer.toString(counter)) + .png)): null

2018-12-04 11:42:31 - [TEST_STEP][PASSED] - Statement - counter = counter + 1: null

2018-12-04 11:42:31 - [TEST_STEP][PASSED] - Statement - PreSaveFile = new java.io.File(((pathPrefix + java.lang.Integer.toString(counter)) + .png)): null

2018-12-04 11:42:31 - [TEST_STEP][PASSED] - Statement - counter = counter + 1: null

2018-12-04 11:42:31 - [TEST_STEP][PASSED] - Statement - PreSaveFile = new java.io.File(((pathPrefix + java.lang.Integer.toString(counter)) + .png)): null

2018-12-04 11:42:31 - [TEST_STEP][PASSED] - Statement - counter = counter + 1: null

2018-12-04 11:42:31 - [TEST_STEP][PASSED] - Statement - PreSaveFile = new java.io.File(((pathPrefix + java.lang.Integer.toString(counter)) + .png)): null

2018-12-04 11:42:31 - [TEST_STEP][PASSED] - Statement - counter = counter + 1: null

2018-12-04 11:42:33 - [TEST_STEP][PASSED] - Statement - PreSaveFile = new java.io.File(((pathPrefix + java.lang.Integer.toString(counter)) + .png)): null

2018-12-04 11:42:33 - [TEST_STEP][PASSED] - Statement - counter = counter + 1: null

2018-12-04 11:42:33 - [TEST_STEP][PASSED] - Statement - PreSaveFile = new java.io.File(((pathPrefix + java.lang.Integer.toString(counter)) + .png)): null

2018-12-04 11:42:33 - [TEST_STEP][PASSED] - Statement - counter = counter + 1: null

2018-12-04 11:42:33 - [TEST_STEP][PASSED] - Statement - PreSaveFile = new java.io.File(((pathPrefix + java.lang.Integer.toString(counter)) + .png)): null

2018-12-04 11:42:33 - [TEST_STEP][PASSED] - Statement - counter = counter + 1: null

2018-12-04 11:42:33 - [TEST_STEP][PASSED] - Statement - PreSaveFile = new java.io.File(((pathPrefix + java.lang.Integer.toString(counter)) + .png)): null

2018-12-04 11:42:33 - [TEST_STEP][PASSED] - Statement - counter = counter + 1: null

2018-12-04 11:42:33 - [TEST_STEP][PASSED] - Statement - PreSaveFile = new java.io.File(((pathPrefix + java.lang.Integer.toString(counter)) + .png)): null

2018-12-04 11:42:33 - [TEST_STEP][PASSED] - Statement - counter = counter + 1: null

2018-12-04 11:42:35 - [TEST_STEP][PASSED] - Statement - PreSaveFile = new java.io.File(((pathPrefix + java.lang.Integer.toString(counter)) + .png)): null

2018-12-04 11:42:35 - [TEST_STEP][PASSED] - Statement - counter = counter + 1: null

2018-12-04 11:42:35 - [TEST_STEP][PASSED] - Statement - PreSaveFile = new java.io.File(((pathPrefix + java.lang.Integer.toString(counter)) + .png)): null

2018-12-04 11:42:35 - [TEST_STEP][PASSED] - Statement - counter = counter + 1: null

2018-12-04 11:42:35 - [TEST_STEP][PASSED] - Statement - PreSaveFile = new java.io.File(((pathPrefix + java.lang.Integer.toString(counter)) + .png)): null

2018-12-04 11:42:35 - [TEST_STEP][PASSED] - Statement - counter = counter + 1: null

2018-12-04 11:42:35 - [TEST_STEP][PASSED] - Statement - PreSaveFile = new java.io.File(((pathPrefix + java.lang.Integer.toString(counter)) + .png)): null

2018-12-04 11:42:35 - [TEST_STEP][PASSED] - Statement - counter = counter + 1: null

2018-12-04 11:42:35 - [TEST_STEP][PASSED] - Statement - PreSaveFile = new java.io.File(((pathPrefix + java.lang.Integer.toString(counter)) + .png)): null

2018-12-04 11:42:36 - [TEST_STEP][PASSED] - Statement - counter = counter + 1: null

2018-12-04 11:42:36 - [TEST_STEP][PASSED] - Statement - PreSaveFile = new java.io.File(((pathPrefix + java.lang.Integer.toString(counter)) + .png)): null

2018-12-04 11:42:36 - [TEST_STEP][PASSED] - Statement - counter = counter + 1: null

2018-12-04 11:42:36 - [TEST_STEP][PASSED] - Statement - PreSaveFile = new java.io.File(((pathPrefix + java.lang.Integer.toString(counter)) + .png)): null

2018-12-04 11:42:36 - [TEST_STEP][PASSED] - Statement - counter = counter + 1: null

2018-12-04 11:42:36 - [TEST_STEP][PASSED] - Statement - PreSaveFile = new java.io.File(((pathPrefix + java.lang.Integer.toString(counter)) + .png)): null

2018-12-04 11:42:36 - [TEST_STEP][PASSED] - Statement - counter = counter + 1: null

2018-12-04 11:42:36 - [TEST_STEP][PASSED] - Statement - PreSaveFile = new java.io.File(((pathPrefix + java.lang.Integer.toString(counter)) + .png)): null

2018-12-04 11:42:36 - [TEST_STEP][PASSED] - Statement - counter = counter + 1: null

2018-12-04 11:42:38 - [TEST_STEP][PASSED] - Statement - PreSaveFile = new java.io.File(((pathPrefix + java.lang.Integer.toString(counter)) + .png)): null

2018-12-04 11:42:38 - [TEST_STEP][PASSED] - Statement - counter = counter + 1: null

2018-12-04 11:42:38 - [TEST_STEP][PASSED] - Statement - PreSaveFile = new java.io.File(((pathPrefix + java.lang.Integer.toString(counter)) + .png)): null

2018-12-04 11:42:38 - [TEST_STEP][PASSED] - Statement - counter = counter + 1: null

2018-12-04 11:42:38 - [TEST_STEP][PASSED] - Statement - PreSaveFile = new java.io.File(((pathPrefix + java.lang.Integer.toString(counter)) + .png)): null

2018-12-04 11:42:38 - [TEST_STEP][PASSED] - Statement - counter = counter + 1: null

2018-12-04 11:42:38 - [TEST_STEP][PASSED] - Statement - PreSaveFile = new java.io.File(((pathPrefix + java.lang.Integer.toString(counter)) + .png)): null

2018-12-04 11:42:38 - [TEST_STEP][PASSED] - Statement - counter = counter + 1: null

2018-12-04 11:42:38 - [TEST_STEP][PASSED] - Statement - PreSaveFile = new java.io.File(((pathPrefix + java.lang.Integer.toString(counter)) + .png)): null

2018-12-04 11:42:38 - [TEST_STEP][PASSED] - Statement - counter = counter + 1: null

2018-12-04 11:42:40 - [TEST_STEP][PASSED] - Statement - PreSaveFile = new java.io.File(((pathPrefix + java.lang.Integer.toString(counter)) + .png)): null

2018-12-04 11:42:40 - [TEST_STEP][PASSED] - Statement - counter = counter + 1: null

2018-12-04 11:42:40 - [TEST_STEP][PASSED] - Statement - PreSaveFile = new java.io.File(((pathPrefix + java.lang.Integer.toString(counter)) + .png)): null

2018-12-04 11:42:40 - [TEST_STEP][PASSED] - Statement - counter = counter + 1: null

2018-12-04 11:42:40 - [TEST_STEP][PASSED] - Statement - PreSaveFile = new java.io.File(((pathPrefix + java.lang.Integer.toString(counter)) + .png)): null

2018-12-04 11:42:40 - [TEST_STEP][PASSED] - Statement - counter = counter + 1: null

2018-12-04 11:42:40 - [TEST_STEP][PASSED] - Statement - PreSaveFile = new java.io.File(((pathPrefix + java.lang.Integer.toString(counter)) + .png)): null

2018-12-04 11:42:40 - [TEST_STEP][PASSED] - Statement - counter = counter + 1: null

2018-12-04 11:42:40 - [TEST_STEP][PASSED] - Statement - PreSaveFile = new java.io.File(((pathPrefix + java.lang.Integer.toString(counter)) + .png)): null

2018-12-04 11:42:40 - [TEST_STEP][PASSED] - Statement - counter = counter + 1: null

2018-12-04 11:42:41 - [TEST_STEP][PASSED] - Statement - PreSaveFile = new java.io.File(((pathPrefix + java.lang.Integer.toString(counter)) + .png)): null

2018-12-04 11:42:41 - [TEST_STEP][PASSED] - Statement - counter = counter + 1: null

2018-12-04 11:42:41 - [TEST_STEP][PASSED] - Statement - PreSaveFile = new java.io.File(((pathPrefix + java.lang.Integer.toString(counter)) + .png)): null

2018-12-04 11:42:41 - [TEST_STEP][PASSED] - Statement - counter = counter + 1: null

2018-12-04 11:42:41 - [TEST_STEP][PASSED] - Statement - PreSaveFile = new java.io.File(((pathPrefix + java.lang.Integer.toString(counter)) + .png)): null

2018-12-04 11:42:41 - [TEST_STEP][PASSED] - Statement - counter = counter + 1: null

2018-12-04 11:42:41 - [TEST_STEP][PASSED] - Statement - PreSaveFile = new java.io.File(((pathPrefix + java.lang.Integer.toString(counter)) + .png)): null

2018-12-04 11:42:41 - [TEST_STEP][PASSED] - Statement - counter = counter + 1: null

2018-12-04 11:42:41 - [TEST_STEP][PASSED] - Statement - PreSaveFile = new java.io.File(((pathPrefix + java.lang.Integer.toString(counter)) + .png)): null

2018-12-04 11:42:41 - [TEST_STEP][PASSED] - Statement - counter = counter + 1: null

2018-12-04 11:42:43 - [TEST_STEP][PASSED] - Statement - PreSaveFile = new java.io.File(((pathPrefix + java.lang.Integer.toString(counter)) + .png)): null

2018-12-04 11:42:43 - [TEST_STEP][PASSED] - Statement - counter = counter + 1: null

2018-12-04 11:42:43 - [TEST_STEP][PASSED] - Statement - PreSaveFile = new java.io.File(((pathPrefix + java.lang.Integer.toString(counter)) + .png)): null

2018-12-04 11:42:43 - [TEST_STEP][PASSED] - Statement - counter = counter + 1: null

2018-12-04 11:42:43 - [TEST_STEP][PASSED] - Statement - PreSaveFile = new java.io.File(((pathPrefix + java.lang.Integer.toString(counter)) + .png)): null

2018-12-04 11:42:43 - [TEST_STEP][PASSED] - Statement - counter = counter + 1: null

2018-12-04 11:42:43 - [TEST_STEP][PASSED] - Statement - PreSaveFile = new java.io.File(((pathPrefix + java.lang.Integer.toString(counter)) + .png)): null

2018-12-04 11:42:43 - [TEST_STEP][PASSED] - Statement - counter = counter + 1: null

2018-12-04 11:42:43 - [TEST_STEP][PASSED] - Statement - PreSaveFile = new java.io.File(((pathPrefix + java.lang.Integer.toString(counter)) + .png)): null

2018-12-04 11:42:44 - [TEST_STEP][PASSED] - Statement - counter = counter + 1: null

2018-12-04 11:42:44 - [TEST_STEP][PASSED] - Statement - PreSaveFile = new java.io.File(((pathPrefix + java.lang.Integer.toString(counter)) + .png)): null

2018-12-04 11:42:44 - [TEST_STEP][PASSED] - Statement - counter = counter + 1: null

2018-12-04 11:42:44 - [TEST_STEP][PASSED] - Statement - PreSaveFile = new java.io.File(((pathPrefix + java.lang.Integer.toString(counter)) + .png)): null

2018-12-04 11:42:44 - [TEST_STEP][PASSED] - Statement - counter = counter + 1: null

2018-12-04 11:42:44 - [TEST_STEP][PASSED] - Statement - PreSaveFile = new java.io.File(((pathPrefix + java.lang.Integer.toString(counter)) + .png)): null

2018-12-04 11:42:44 - [TEST_STEP][PASSED] - Statement - counter = counter + 1: null

2018-12-04 11:42:44 - [TEST_STEP][PASSED] - Statement - PreSaveFile = new java.io.File(((pathPrefix + java.lang.Integer.toString(counter)) + .png)): null

2018-12-04 11:42:44 - [TEST_STEP][PASSED] - Statement - counter = counter + 1: null

2018-12-04 11:42:46 - [TEST_STEP][PASSED] - Statement - PreSaveFile = new java.io.File(((pathPrefix + java.lang.Integer.toString(counter)) + .png)): null

2018-12-04 11:42:46 - [TEST_STEP][PASSED] - Statement - counter = counter + 1: null

2018-12-04 11:42:46 - [TEST_STEP][PASSED] - Statement - PreSaveFile = new java.io.File(((pathPrefix + java.lang.Integer.toString(counter)) + .png)): null

2018-12-04 11:42:46 - [TEST_STEP][PASSED] - Statement - counter = counter + 1: null

2018-12-04 11:42:46 - [TEST_STEP][PASSED] - Statement - PreSaveFile = new java.io.File(((pathPrefix + java.lang.Integer.toString(counter)) + .png)): null

2018-12-04 11:42:46 - [TEST_STEP][PASSED] - Statement - counter = counter + 1: null

2018-12-04 11:42:46 - [TEST_STEP][PASSED] - Statement - PreSaveFile = new java.io.File(((pathPrefix + java.lang.Integer.toString(counter)) + .png)): null

2018-12-04 11:42:46 - [TEST_STEP][PASSED] - Statement - counter = counter + 1: null

2018-12-04 11:42:46 - [TEST_STEP][PASSED] - Statement - PreSaveFile = new java.io.File(((pathPrefix + java.lang.Integer.toString(counter)) + .png)): null

2018-12-04 11:42:46 - [TEST_STEP][PASSED] - Statement - counter = counter + 1: null

2018-12-04 11:42:47 - [TEST_STEP][PASSED] - Statement - PreSaveFile = new java.io.File(((pathPrefix + java.lang.Integer.toString(counter)) + .png)): null

2018-12-04 11:42:47 - [TEST_STEP][PASSED] - Statement - counter = counter + 1: null

2018-12-04 11:42:47 - [TEST_STEP][PASSED] - Statement - PreSaveFile = new java.io.File(((pathPrefix + java.lang.Integer.toString(counter)) + .png)): null

2018-12-04 11:42:47 - [TEST_STEP][PASSED] - Statement - counter = counter + 1: null

2018-12-04 11:42:47 - [TEST_STEP][PASSED] - Statement - PreSaveFile = new java.io.File(((pathPrefix + java.lang.Integer.toString(counter)) + .png)): null

2018-12-04 11:42:47 - [TEST_STEP][PASSED] - Statement - counter = counter + 1: null

2018-12-04 11:42:47 - [TEST_STEP][PASSED] - Statement - PreSaveFile = new java.io.File(((pathPrefix + java.lang.Integer.toString(counter)) + .png)): null

2018-12-04 11:42:47 - [TEST_STEP][PASSED] - Statement - counter = counter + 1: null

2018-12-04 11:42:47 - [TEST_STEP][PASSED] - Statement - PreSaveFile = new java.io.File(((pathPrefix + java.lang.Integer.toString(counter)) + .png)): null

2018-12-04 11:42:47 - [TEST_STEP][PASSED] - Statement - counter = counter + 1: null

2018-12-04 11:42:49 - [TEST_STEP][PASSED] - Statement - PreSaveFile = new java.io.File(((pathPrefix + java.lang.Integer.toString(counter)) + .png)): null

2018-12-04 11:42:49 - [TEST_STEP][PASSED] - Statement - counter = counter + 1: null

2018-12-04 11:42:49 - [TEST_STEP][PASSED] - Statement - PreSaveFile = new java.io.File(((pathPrefix + java.lang.Integer.toString(counter)) + .png)): null

2018-12-04 11:42:49 - [TEST_STEP][PASSED] - Statement - counter = counter + 1: null

2018-12-04 11:42:49 - [TEST_STEP][PASSED] - Statement - PreSaveFile = new java.io.File(((pathPrefix + java.lang.Integer.toString(counter)) + .png)): null

2018-12-04 11:42:49 - [TEST_STEP][PASSED] - Statement - counter = counter + 1: null

2018-12-04 11:42:49 - [TEST_STEP][PASSED] - Statement - PreSaveFile = new java.io.File(((pathPrefix + java.lang.Integer.toString(counter)) + .png)): null

2018-12-04 11:42:49 - [TEST_STEP][PASSED] - Statement - counter = counter + 1: null

2018-12-04 11:42:49 - [TEST_STEP][PASSED] - Statement - PreSaveFile = new java.io.File(((pathPrefix + java.lang.Integer.toString(counter)) + .png)): null

2018-12-04 11:42:51 - [TEST_STEP][PASSED] - Statement - counter = counter + 1: null

2018-12-04 11:42:51 - [TEST_STEP][PASSED] - Statement - PreSaveFile = new java.io.File(((pathPrefix + java.lang.Integer.toString(counter)) + .png)): null

2018-12-04 11:42:51 - [TEST_STEP][PASSED] - Statement - counter = counter + 1: null

2018-12-04 11:42:51 - [TEST_STEP][PASSED] - Statement - PreSaveFile = new java.io.File(((pathPrefix + java.lang.Integer.toString(counter)) + .png)): null

2018-12-04 11:42:51 - [TEST_STEP][PASSED] - Statement - counter = counter + 1: null

2018-12-04 11:42:51 - [TEST_STEP][PASSED] - Statement - PreSaveFile = new java.io.File(((pathPrefix + java.lang.Integer.toString(counter)) + .png)): null

2018-12-04 11:42:51 - [TEST_STEP][PASSED] - Statement - counter = counter + 1: null

2018-12-04 11:42:51 - [TEST_STEP][PASSED] - Statement - PreSaveFile = new java.io.File(((pathPrefix + java.lang.Integer.toString(counter)) + .png)): null

2018-12-04 11:42:51 - [TEST_STEP][PASSED] - Statement - counter = counter + 1: null

2018-12-04 11:42:51 - [TEST_STEP][PASSED] - Statement - PreSaveFile = new java.io.File(((pathPrefix + java.lang.Integer.toString(counter)) + .png)): null

2018-12-04 11:42:52 - [TEST_STEP][PASSED] - Statement - counter = counter + 1: null

2018-12-04 11:42:52 - [TEST_STEP][PASSED] - Statement - PreSaveFile = new java.io.File(((pathPrefix + java.lang.Integer.toString(counter)) + .png)): null

2018-12-04 11:42:52 - [TEST_STEP][PASSED] - Statement - counter = counter + 1: null

2018-12-04 11:42:52 - [TEST_STEP][PASSED] - Statement - PreSaveFile = new java.io.File(((pathPrefix + java.lang.Integer.toString(counter)) + .png)): null

2018-12-04 11:42:52 - [TEST_STEP][PASSED] - Statement - counter = counter + 1: null

2018-12-04 11:42:52 - [TEST_STEP][PASSED] - Statement - PreSaveFile = new java.io.File(((pathPrefix + java.lang.Integer.toString(counter)) + .png)): null

2018-12-04 11:42:52 - [TEST_STEP][PASSED] - Statement - counter = counter + 1: null

2018-12-04 11:42:52 - [TEST_STEP][PASSED] - Statement - PreSaveFile = new java.io.File(((pathPrefix + java.lang.Integer.toString(counter)) + .png)): null

2018-12-04 11:42:52 - [TEST_STEP][PASSED] - Statement - counter = counter + 1: null

2018-12-04 11:42:54 - [TEST_STEP][PASSED] - Statement - PreSaveFile = new java.io.File(((pathPrefix + java.lang.Integer.toString(counter)) + .png)): null

2018-12-04 11:42:54 - [TEST_STEP][PASSED] - Statement - counter = counter + 1: null

2018-12-04 11:42:54 - [TEST_STEP][PASSED] - Statement - PreSaveFile = new java.io.File(((pathPrefix + java.lang.Integer.toString(counter)) + .png)): null

2018-12-04 11:42:54 - [TEST_STEP][PASSED] - Statement - counter = counter + 1: null

2018-12-04 11:42:54 - [TEST_STEP][PASSED] - Statement - PreSaveFile = new java.io.File(((pathPrefix + java.lang.Integer.toString(counter)) + .png)): null

2018-12-04 11:42:54 - [TEST_STEP][PASSED] - Statement - counter = counter + 1: null

2018-12-04 11:42:54 - [TEST_STEP][PASSED] - Statement - PreSaveFile = new java.io.File(((pathPrefix + java.lang.Integer.toString(counter)) + .png)): null

2018-12-04 11:42:54 - [TEST_STEP][PASSED] - Statement - counter = counter + 1: null

2018-12-04 11:42:54 - [TEST_STEP][PASSED] - Statement - PreSaveFile = new java.io.File(((pathPrefix + java.lang.Integer.toString(counter)) + .png)): null

2018-12-04 11:42:54 - [TEST_STEP][PASSED] - Statement - counter = counter + 1: null

2018-12-04 11:42:55 - [TEST_STEP][PASSED] - Statement - PreSaveFile = new java.io.File(((pathPrefix + java.lang.Integer.toString(counter)) + .png)): null

2018-12-04 11:42:55 - [TEST_STEP][PASSED] - Statement - counter = counter + 1: null

2018-12-04 11:42:55 - [TEST_STEP][PASSED] - Statement - PreSaveFile = new java.io.File(((pathPrefix + java.lang.Integer.toString(counter)) + .png)): null

2018-12-04 11:42:55 - [TEST_STEP][PASSED] - Statement - counter = counter + 1: null

2018-12-04 11:42:55 - [TEST_STEP][PASSED] - Statement - PreSaveFile = new java.io.File(((pathPrefix + java.lang.Integer.toString(counter)) + .png)): null

2018-12-04 11:42:55 - [TEST_STEP][PASSED] - Statement - counter = counter + 1: null

2018-12-04 11:42:55 - [TEST_STEP][PASSED] - Statement - PreSaveFile = new java.io.File(((pathPrefix + java.lang.Integer.toString(counter)) + .png)): null

2018-12-04 11:42:55 - [TEST_STEP][PASSED] - Statement - counter = counter + 1: null

2018-12-04 11:42:55 - [TEST_STEP][PASSED] - Statement - PreSaveFile = new java.io.File(((pathPrefix + java.lang.Integer.toString(counter)) + .png)): null

2018-12-04 11:42:55 - [TEST_STEP][PASSED] - Statement - counter = counter + 1: null

2018-12-04 11:42:57 - [TEST_STEP][PASSED] - Statement - PreSaveFile = new java.io.File(((pathPrefix + java.lang.Integer.toString(counter)) + .png)): null

2018-12-04 11:42:57 - [TEST_STEP][PASSED] - Statement - counter = counter + 1: null

2018-12-04 11:42:57 - [TEST_STEP][PASSED] - Statement - PreSaveFile = new java.io.File(((pathPrefix + java.lang.Integer.toString(counter)) + .png)): null

2018-12-04 11:42:57 - [TEST_STEP][PASSED] - Statement - counter = counter + 1: null

2018-12-04 11:42:57 - [TEST_STEP][PASSED] - Statement - PreSaveFile = new java.io.File(((pathPrefix + java.lang.Integer.toString(counter)) + .png)): null

2018-12-04 11:42:57 - [TEST_STEP][PASSED] - Statement - counter = counter + 1: null

2018-12-04 11:42:57 - [TEST_STEP][PASSED] - Statement - PreSaveFile = new java.io.File(((pathPrefix + java.lang.Integer.toString(counter)) + .png)): null

2018-12-04 11:42:57 - [TEST_STEP][PASSED] - Statement - counter = counter + 1: null

2018-12-04 11:42:57 - [TEST_STEP][PASSED] - Statement - PreSaveFile = new java.io.File(((pathPrefix + java.lang.Integer.toString(counter)) + .png)): null

2018-12-04 11:42:59 - [TEST_STEP][PASSED] - Statement - counter = counter + 1: null

2018-12-04 11:42:59 - [TEST_STEP][PASSED] - Statement - PreSaveFile = new java.io.File(((pathPrefix + java.lang.Integer.toString(counter)) + .png)): null

2018-12-04 11:42:59 - [TEST_STEP][PASSED] - Statement - counter = counter + 1: null

2018-12-04 11:42:59 - [TEST_STEP][PASSED] - Statement - PreSaveFile = new java.io.File(((pathPrefix + java.lang.Integer.toString(counter)) + .png)): null

2018-12-04 11:42:59 - [TEST_STEP][PASSED] - Statement - counter = counter + 1: null

2018-12-04 11:42:59 - [TEST_STEP][PASSED] - Statement - PreSaveFile = new java.io.File(((pathPrefix + java.lang.Integer.toString(counter)) + .png)): null

2018-12-04 11:42:59 - [TEST_STEP][PASSED] - Statement - counter = counter + 1: null

2018-12-04 11:42:59 - [TEST_STEP][PASSED] - Statement - PreSaveFile = new java.io.File(((pathPrefix + java.lang.Integer.toString(counter)) + .png)): null

2018-12-04 11:42:59 - [TEST_STEP][PASSED] - Statement - counter = counter + 1: null

2018-12-04 11:43:00 - [TEST_STEP][PASSED] - Statement - PreSaveFile = new java.io.File(((pathPrefix + java.lang.Integer.toString(counter)) + .png)): null

2018-12-04 11:43:00 - [TEST_STEP][PASSED] - Statement - counter = counter + 1: null

2018-12-04 11:43:00 - [TEST_STEP][PASSED] - Statement - PreSaveFile = new java.io.File(((pathPrefix + java.lang.Integer.toString(counter)) + .png)): null

2018-12-04 11:43:00 - [TEST_STEP][PASSED] - Statement - counter = counter + 1: null

2018-12-04 11:43:00 - [TEST_STEP][PASSED] - Statement - PreSaveFile = new java.io.File(((pathPrefix + java.lang.Integer.toString(counter)) + .png)): null

2018-12-04 11:43:00 - [TEST_STEP][PASSED] - Statement - counter = counter + 1: null

2018-12-04 11:43:00 - [TEST_STEP][PASSED] - Statement - PreSaveFile = new java.io.File(((pathPrefix + java.lang.Integer.toString(counter)) + .png)): null

2018-12-04 11:43:00 - [TEST_STEP][PASSED] - Statement - counter = counter + 1: null

2018-12-04 11:43:00 - [TEST_STEP][PASSED] - Statement - PreSaveFile = new java.io.File(((pathPrefix + java.lang.Integer.toString(counter)) + .png)): null

2018-12-04 11:43:00 - [TEST_STEP][PASSED] - Statement - counter = counter + 1: null

2018-12-04 11:43:01 - [TEST_STEP][PASSED] - Statement - PreSaveFile = new java.io.File(((pathPrefix + java.lang.Integer.toString(counter)) + .png)): null

2018-12-04 11:43:01 - [TEST_STEP][PASSED] - Statement - counter = counter + 1: null

2018-12-04 11:43:03 - [TEST_STEP][PASSED] - Statement - PreSaveFile = new java.io.File(((pathPrefix + java.lang.Integer.toString(counter)) + .png)): null

2018-12-04 11:43:03 - [TEST_STEP][PASSED] - Statement - counter = counter + 1: null

2018-12-04 11:43:03 - [TEST_STEP][PASSED] - Statement - PreSaveFile = new java.io.File(((pathPrefix + java.lang.Integer.toString(counter)) + .png)): null

2018-12-04 11:43:03 - [TEST_STEP][PASSED] - Statement - counter = counter + 1: null

2018-12-04 11:43:03 - [TEST_STEP][PASSED] - Statement - PreSaveFile = new java.io.File(((pathPrefix + java.lang.Integer.toString(counter)) + .png)): null

2018-12-04 11:43:03 - [TEST_STEP][PASSED] - Statement - counter = counter + 1: null

2018-12-04 11:43:03 - [TEST_STEP][PASSED] - Statement - PreSaveFile = new java.io.File(((pathPrefix + java.lang.Integer.toString(counter)) + .png)): null

2018-12-04 11:43:03 - [TEST_STEP][PASSED] - Statement - counter = counter + 1: null

2018-12-04 11:43:03 - [TEST_STEP][PASSED] - Statement - PreSaveFile = new java.io.File(((pathPrefix + java.lang.Integer.toString(counter)) + .png)): null

2018-12-04 11:43:03 - [TEST_STEP][PASSED] - Statement - counter = counter + 1: null

2018-12-04 11:43:03 - [TEST_STEP][PASSED] - Statement - PreSaveFile = new java.io.File(((pathPrefix + java.lang.Integer.toString(counter)) + .png)): null

2018-12-04 11:43:03 - [TEST_STEP][PASSED] - Statement - counter = counter + 1: null

2018-12-04 11:43:03 - [TEST_STEP][PASSED] - Statement - PreSaveFile = new java.io.File(((pathPrefix + java.lang.Integer.toString(counter)) + .png)): null

2018-12-04 11:43:03 - [TEST_STEP][PASSED] - Statement - counter = counter + 1: null

2018-12-04 11:43:03 - [TEST_STEP][PASSED] - Statement - PreSaveFile = new java.io.File(((pathPrefix + java.lang.Integer.toString(counter)) + .png)): null

2018-12-04 11:43:03 - [TEST_STEP][PASSED] - Statement - counter = counter + 1: null

2018-12-04 11:43:03 - [TEST_STEP][PASSED] - Statement - PreSaveFile = new java.io.File(((pathPrefix + java.lang.Integer.toString(counter)) + .png)): null

2018-12-04 11:43:03 - [TEST_STEP][PASSED] - Statement - counter = counter + 1: null

2018-12-04 11:43:03 - [TEST_STEP][PASSED] - Statement - PreSaveFile = new java.io.File(((pathPrefix + java.lang.Integer.toString(counter)) + .png)): null

2018-12-04 11:43:05 - [TEST_STEP][PASSED] - Statement - counter = counter + 1: null

2018-12-04 11:43:05 - [TEST_STEP][PASSED] - Statement - PreSaveFile = new java.io.File(((pathPrefix + java.lang.Integer.toString(counter)) + .png)): null

2018-12-04 11:43:05 - [TEST_STEP][PASSED] - Statement - counter = counter + 1: null

2018-12-04 11:43:05 - [TEST_STEP][PASSED] - Statement - PreSaveFile = new java.io.File(((pathPrefix + java.lang.Integer.toString(counter)) + .png)): null

2018-12-04 11:43:05 - [TEST_STEP][PASSED] - Statement - counter = counter + 1: null

2018-12-04 11:43:05 - [TEST_STEP][PASSED] - Statement - PreSaveFile = new java.io.File(((pathPrefix + java.lang.Integer.toString(counter)) + .png)): null

2018-12-04 11:43:05 - [TEST_STEP][PASSED] - Statement - counter = counter + 1: null

2018-12-04 11:43:05 - [TEST_STEP][PASSED] - Statement - PreSaveFile = new java.io.File(((pathPrefix + java.lang.Integer.toString(counter)) + .png)): null

2018-12-04 11:43:05 - [TEST_STEP][PASSED] - Statement - counter = counter + 1: null

2018-12-04 11:43:07 - [TEST_STEP][PASSED] - Statement - PreSaveFile = new java.io.File(((pathPrefix + java.lang.Integer.toString(counter)) + .png)): null

2018-12-04 11:43:07 - [TEST_STEP][PASSED] - Statement - counter = counter + 1: null

2018-12-04 11:43:07 - [TEST_STEP][PASSED] - Statement - PreSaveFile = new java.io.File(((pathPrefix + java.lang.Integer.toString(counter)) + .png)): null

2018-12-04 11:43:07 - [TEST_STEP][PASSED] - Statement - counter = counter + 1: null

2018-12-04 11:43:07 - [TEST_STEP][PASSED] - Statement - PreSaveFile = new java.io.File(((pathPrefix + java.lang.Integer.toString(counter)) + .png)): null

2018-12-04 11:43:07 - [TEST_STEP][PASSED] - Statement - counter = counter + 1: null

2018-12-04 11:43:07 - [TEST_STEP][PASSED] - Statement - PreSaveFile = new java.io.File(((pathPrefix + java.lang.Integer.toString(counter)) + .png)): null

2018-12-04 11:43:07 - [TEST_STEP][PASSED] - Statement - counter = counter + 1: null

2018-12-04 11:43:07 - [TEST_STEP][PASSED] - Statement - PreSaveFile = new java.io.File(((pathPrefix + java.lang.Integer.toString(counter)) + .png)): null

2018-12-04 11:43:07 - [TEST_STEP][PASSED] - Statement - counter = counter + 1: null

2018-12-04 11:43:09 - [TEST_STEP][PASSED] - Statement - PreSaveFile = new java.io.File(((pathPrefix + java.lang.Integer.toString(counter)) + .png)): null

2018-12-04 11:43:09 - [TEST_STEP][PASSED] - Statement - counter = counter + 1: null

2018-12-04 11:43:09 - [TEST_STEP][PASSED] - Statement - PreSaveFile = new java.io.File(((pathPrefix + java.lang.Integer.toString(counter)) + .png)): null

2018-12-04 11:43:09 - [TEST_STEP][PASSED] - Statement - counter = counter + 1: null

2018-12-04 11:43:09 - [TEST_STEP][PASSED] - Statement - PreSaveFile = new java.io.File(((pathPrefix + java.lang.Integer.toString(counter)) + .png)): null

2018-12-04 11:43:09 - [TEST_STEP][PASSED] - Statement - counter = counter + 1: null

2018-12-04 11:43:09 - [TEST_STEP][PASSED] - Statement - PreSaveFile = new java.io.File(((pathPrefix + java.lang.Integer.toString(counter)) + .png)): null

2018-12-04 11:43:09 - [TEST_STEP][PASSED] - Statement - counter = counter + 1: null

2018-12-04 11:43:09 - [TEST_STEP][PASSED] - Statement - PreSaveFile = new java.io.File(((pathPrefix + java.lang.Integer.toString(counter)) + .png)): null

2018-12-04 11:43:09 - [TEST_STEP][PASSED] - Statement - counter = counter + 1: null

2018-12-04 11:43:11 - [TEST_STEP][PASSED] - Statement - PreSaveFile = new java.io.File(((pathPrefix + java.lang.Integer.toString(counter)) + .png)): null

2018-12-04 11:43:11 - [TEST_STEP][PASSED] - Statement - counter = counter + 1: null

2018-12-04 11:43:11 - [TEST_STEP][PASSED] - Statement - PreSaveFile = new java.io.File(((pathPrefix + java.lang.Integer.toString(counter)) + .png)): null

2018-12-04 11:43:11 - [TEST_STEP][PASSED] - Statement - counter = counter + 1: null

2018-12-04 11:43:11 - [TEST_STEP][PASSED] - Statement - PreSaveFile = new java.io.File(((pathPrefix + java.lang.Integer.toString(counter)) + .png)): null

2018-12-04 11:43:11 - [TEST_STEP][PASSED] - Statement - counter = counter + 1: null

2018-12-04 11:43:11 - [TEST_STEP][PASSED] - Statement - PreSaveFile = new java.io.File(((pathPrefix + java.lang.Integer.toString(counter)) + .png)): null

2018-12-04 11:43:11 - [TEST_STEP][PASSED] - Statement - counter = counter + 1: null

2018-12-04 11:43:11 - [TEST_STEP][PASSED] - Statement - PreSaveFile = new java.io.File(((pathPrefix + java.lang.Integer.toString(counter)) + .png)): null

2018-12-04 11:43:13 - [TEST_STEP][PASSED] - Statement - counter = counter + 1: null

2018-12-04 11:43:13 - [TEST_STEP][PASSED] - Statement - PreSaveFile = new java.io.File(((pathPrefix + java.lang.Integer.toString(counter)) + .png)): null

2018-12-04 11:43:13 - [TEST_STEP][PASSED] - Statement - counter = counter + 1: null

2018-12-04 11:43:13 - [TEST_STEP][PASSED] - Statement - PreSaveFile = new java.io.File(((pathPrefix + java.lang.Integer.toString(counter)) + .png)): null

2018-12-04 11:43:13 - [TEST_STEP][PASSED] - Statement - counter = counter + 1: null

2018-12-04 11:43:13 - [TEST_STEP][PASSED] - Statement - PreSaveFile = new java.io.File(((pathPrefix + java.lang.Integer.toString(counter)) + .png)): null

2018-12-04 11:43:13 - [TEST_STEP][PASSED] - Statement - counter = counter + 1: null

2018-12-04 11:43:13 - [TEST_STEP][PASSED] - Statement - PreSaveFile = new java.io.File(((pathPrefix + java.lang.Integer.toString(counter)) + .png)): null

2018-12-04 11:43:13 - [TEST_STEP][PASSED] - Statement - counter = counter + 1: null

2018-12-04 11:43:15 - [TEST_STEP][PASSED] - Statement - PreSaveFile = new java.io.File(((pathPrefix + java.lang.Integer.toString(counter)) + .png)): null

2018-12-04 11:43:15 - [TEST_STEP][PASSED] - Statement - counter = counter + 1: null

2018-12-04 11:43:15 - [TEST_STEP][PASSED] - Statement - PreSaveFile = new java.io.File(((pathPrefix + java.lang.Integer.toString(counter)) + .png)): null

2018-12-04 11:43:15 - [TEST_STEP][PASSED] - Statement - counter = counter + 1: null

2018-12-04 11:43:15 - [TEST_STEP][PASSED] - Statement - PreSaveFile = new java.io.File(((pathPrefix + java.lang.Integer.toString(counter)) + .png)): null

2018-12-04 11:43:15 - [TEST_STEP][PASSED] - Statement - counter = counter + 1: null

2018-12-04 11:43:15 - [TEST_STEP][PASSED] - Statement - PreSaveFile = new java.io.File(((pathPrefix + java.lang.Integer.toString(counter)) + .png)): null

2018-12-04 11:43:15 - [TEST_STEP][PASSED] - Statement - counter = counter + 1: null

2018-12-04 11:43:15 - [TEST_STEP][PASSED] - Statement - PreSaveFile = new java.io.File(((pathPrefix + java.lang.Integer.toString(counter)) + .png)): null

2018-12-04 11:43:15 - [TEST_STEP][PASSED] - Statement - counter = counter + 1: null

2018-12-04 11:43:17 - [TEST_STEP][PASSED] - Statement - PreSaveFile = new java.io.File(((pathPrefix + java.lang.Integer.toString(counter)) + .png)): null

2018-12-04 11:43:17 - [TEST_STEP][PASSED] - Statement - counter = counter + 1: null

2018-12-04 11:43:17 - [TEST_STEP][PASSED] - Statement - PreSaveFile = new java.io.File(((pathPrefix + java.lang.Integer.toString(counter)) + .png)): null

2018-12-04 11:43:17 - [TEST_STEP][PASSED] - Statement - counter = counter + 1: null

2018-12-04 11:43:17 - [TEST_STEP][PASSED] - Statement - PreSaveFile = new java.io.File(((pathPrefix + java.lang.Integer.toString(counter)) + .png)): null

2018-12-04 11:43:17 - [TEST_STEP][PASSED] - Statement - counter = counter + 1: null

2018-12-04 11:43:17 - [TEST_STEP][PASSED] - Statement - PreSaveFile = new java.io.File(((pathPrefix + java.lang.Integer.toString(counter)) + .png)): null

2018-12-04 11:43:17 - [TEST_STEP][PASSED] - Statement - counter = counter + 1: null

2018-12-04 11:43:17 - [TEST_STEP][PASSED] - Statement - PreSaveFile = new java.io.File(((pathPrefix + java.lang.Integer.toString(counter)) + .png)): null

2018-12-04 11:43:17 - [TEST_STEP][PASSED] - Statement - counter = counter + 1: null

2018-12-04 11:43:20 - [TEST_STEP][PASSED] - Statement - PreSaveFile = new java.io.File(((pathPrefix + java.lang.Integer.toString(counter)) + .png)): null

2018-12-04 11:43:20 - [TEST_STEP][PASSED] - Statement - counter = counter + 1: null

2018-12-04 11:43:20 - [TEST_STEP][PASSED] - Statement - PreSaveFile = new java.io.File(((pathPrefix + java.lang.Integer.toString(counter)) + .png)): null

2018-12-04 11:43:20 - [TEST_STEP][PASSED] - Statement - counter = counter + 1: null

2018-12-04 11:43:20 - [TEST_STEP][PASSED] - Statement - PreSaveFile = new java.io.File(((pathPrefix + java.lang.Integer.toString(counter)) + .png)): null

2018-12-04 11:43:20 - [TEST_STEP][PASSED] - Statement - counter = counter + 1: null

2018-12-04 11:43:20 - [TEST_STEP][PASSED] - Statement - PreSaveFile = new java.io.File(((pathPrefix + java.lang.Integer.toString(counter)) + .png)): null

2018-12-04 11:43:20 - [TEST_STEP][PASSED] - Statement - counter = counter + 1: null

2018-12-04 11:43:20 - [TEST_STEP][PASSED] - Statement - PreSaveFile = new java.io.File(((pathPrefix + java.lang.Integer.toString(counter)) + .png)): null

2018-12-04 11:43:20 - [TEST_STEP][PASSED] - Statement - counter = counter + 1: null

2018-12-04 11:43:22 - [TEST_STEP][PASSED] - Statement - PreSaveFile = new java.io.File(((pathPrefix + java.lang.Integer.toString(counter)) + .png)): null

2018-12-04 11:43:22 - [TEST_STEP][PASSED] - Statement - counter = counter + 1: null

2018-12-04 11:43:22 - [TEST_STEP][PASSED] - Statement - PreSaveFile = new java.io.File(((pathPrefix + java.lang.Integer.toString(counter)) + .png)): null

2018-12-04 11:43:22 - [TEST_STEP][PASSED] - Statement - counter = counter + 1: null

2018-12-04 11:43:22 - [TEST_STEP][PASSED] - Statement - PreSaveFile = new java.io.File(((pathPrefix + java.lang.Integer.toString(counter)) + .png)): null

2018-12-04 11:43:22 - [TEST_STEP][PASSED] - Statement - counter = counter + 1: null

2018-12-04 11:43:22 - [TEST_STEP][PASSED] - Statement - PreSaveFile = new java.io.File(((pathPrefix + java.lang.Integer.toString(counter)) + .png)): null

2018-12-04 11:43:22 - [TEST_STEP][PASSED] - Statement - counter = counter + 1: null

2018-12-04 11:43:22 - [TEST_STEP][PASSED] - Statement - PreSaveFile = new java.io.File(((pathPrefix + java.lang.Integer.toString(counter)) + .png)): null

2018-12-04 11:43:24 - [TEST_STEP][PASSED] - Statement - counter = counter + 1: null

2018-12-04 11:43:24 - [TEST_STEP][PASSED] - Statement - PreSaveFile = new java.io.File(((pathPrefix + java.lang.Integer.toString(counter)) + .png)): null

2018-12-04 11:43:24 - [TEST_STEP][PASSED] - Statement - counter = counter + 1: null

2018-12-04 11:43:24 - [TEST_STEP][PASSED] - Statement - PreSaveFile = new java.io.File(((pathPrefix + java.lang.Integer.toString(counter)) + .png)): null

2018-12-04 11:43:24 - [TEST_STEP][PASSED] - Statement - counter = counter + 1: null

2018-12-04 11:43:24 - [TEST_STEP][PASSED] - Statement - PreSaveFile = new java.io.File(((pathPrefix + java.lang.Integer.toString(counter)) + .png)): null

2018-12-04 11:43:24 - [TEST_STEP][PASSED] - Statement - counter = counter + 1: null

2018-12-04 11:43:24 - [TEST_STEP][PASSED] - Statement - PreSaveFile = new java.io.File(((pathPrefix + java.lang.Integer.toString(counter)) + .png)): null

2018-12-04 11:43:24 - [TEST_STEP][PASSED] - Statement - counter = counter + 1: null

2018-12-04 11:43:26 - [TEST_STEP][PASSED] - Statement - PreSaveFile = new java.io.File(((pathPrefix + java.lang.Integer.toString(counter)) + .png)): null

2018-12-04 11:43:26 - [TEST_STEP][PASSED] - Statement - counter = counter + 1: null

2018-12-04 11:43:26 - [TEST_STEP][PASSED] - Statement - PreSaveFile = new java.io.File(((pathPrefix + java.lang.Integer.toString(counter)) + .png)): null

2018-12-04 11:43:26 - [TEST_STEP][PASSED] - Statement - counter = counter + 1: null

2018-12-04 11:43:26 - [TEST_STEP][PASSED] - Statement - PreSaveFile = new java.io.File(((pathPrefix + java.lang.Integer.toString(counter)) + .png)): null

2018-12-04 11:43:26 - [TEST_STEP][PASSED] - Statement - counter = counter + 1: null

2018-12-04 11:43:26 - [TEST_STEP][PASSED] - Statement - PreSaveFile = new java.io.File(((pathPrefix + java.lang.Integer.toString(counter)) + .png)): null

2018-12-04 11:43:26 - [TEST_STEP][PASSED] - Statement - counter = counter + 1: null

2018-12-04 11:43:26 - [TEST_STEP][PASSED] - Statement - PreSaveFile = new java.io.File(((pathPrefix + java.lang.Integer.toString(counter)) + .png)): null

2018-12-04 11:43:26 - [TEST_STEP][PASSED] - Statement - counter = counter + 1: null

2018-12-04 11:43:28 - [TEST_STEP][PASSED] - Statement - PreSaveFile = new java.io.File(((pathPrefix + java.lang.Integer.toString(counter)) + .png)): null

2018-12-04 11:43:28 - [TEST_STEP][PASSED] - Statement - counter = counter + 1: null

2018-12-04 11:43:28 - [TEST_STEP][PASSED] - Statement - PreSaveFile = new java.io.File(((pathPrefix + java.lang.Integer.toString(counter)) + .png)): null

2018-12-04 11:43:28 - [TEST_STEP][PASSED] - Statement - counter = counter + 1: null

2018-12-04 11:43:28 - [TEST_STEP][PASSED] - Statement - PreSaveFile = new java.io.File(((pathPrefix + java.lang.Integer.toString(counter)) + .png)): null

2018-12-04 11:43:28 - [TEST_STEP][PASSED] - Statement - counter = counter + 1: null

2018-12-04 11:43:28 - [TEST_STEP][PASSED] - Statement - PreSaveFile = new java.io.File(((pathPrefix + java.lang.Integer.toString(counter)) + .png)): null

2018-12-04 11:43:28 - [TEST_STEP][PASSED] - Statement - counter = counter + 1: null

2018-12-04 11:43:28 - [TEST_STEP][PASSED] - Statement - PreSaveFile = new java.io.File(((pathPrefix + java.lang.Integer.toString(counter)) + .png)): null

2018-12-04 11:43:28 - [TEST_STEP][PASSED] - Statement - counter = counter + 1: null

2018-12-04 11:43:30 - [TEST_STEP][PASSED] - Statement - PreSaveFile = new java.io.File(((pathPrefix + java.lang.Integer.toString(counter)) + .png)): null

2018-12-04 11:43:30 - [TEST_STEP][PASSED] - Statement - counter = counter + 1: null

2018-12-04 11:43:30 - [TEST_STEP][PASSED] - Statement - PreSaveFile = new java.io.File(((pathPrefix + java.lang.Integer.toString(counter)) + .png)): null

2018-12-04 11:43:30 - [TEST_STEP][PASSED] - Statement - counter = counter + 1: null

2018-12-04 11:43:30 - [TEST_STEP][PASSED] - Statement - PreSaveFile = new java.io.File(((pathPrefix + java.lang.Integer.toString(counter)) + .png)): null

2018-12-04 11:43:30 - [TEST_STEP][PASSED] - Statement - counter = counter + 1: null

2018-12-04 11:43:30 - [TEST_STEP][PASSED] - Statement - PreSaveFile = new java.io.File(((pathPrefix + java.lang.Integer.toString(counter)) + .png)): null

2018-12-04 11:43:30 - [TEST_STEP][PASSED] - Statement - counter = counter + 1: null

2018-12-04 11:43:30 - [TEST_STEP][PASSED] - Statement - PreSaveFile = new java.io.File(((pathPrefix + java.lang.Integer.toString(counter)) + .png)): null

2018-12-04 11:43:32 - [TEST_STEP][PASSED] - Statement - counter = counter + 1: null

2018-12-04 11:43:32 - [TEST_STEP][PASSED] - Statement - PreSaveFile = new java.io.File(((pathPrefix + java.lang.Integer.toString(counter)) + .png)): null

2018-12-04 11:43:32 - [TEST_STEP][PASSED] - Statement - counter = counter + 1: null

2018-12-04 11:43:32 - [TEST_STEP][PASSED] - Statement - PreSaveFile = new java.io.File(((pathPrefix + java.lang.Integer.toString(counter)) + .png)): null

2018-12-04 11:43:32 - [TEST_STEP][PASSED] - Statement - counter = counter + 1: null

2018-12-04 11:43:32 - [TEST_STEP][PASSED] - Statement - PreSaveFile = new java.io.File(((pathPrefix + java.lang.Integer.toString(counter)) + .png)): null

2018-12-04 11:43:32 - [TEST_STEP][PASSED] - Statement - counter = counter + 1: null

2018-12-04 11:43:32 - [TEST_STEP][PASSED] - Statement - PreSaveFile = new java.io.File(((pathPrefix + java.lang.Integer.toString(counter)) + .png)): null

2018-12-04 11:43:32 - [TEST_STEP][PASSED] - Statement - counter = counter + 1: null

2018-12-04 11:43:32 - [TEST_STEP][PASSED] - Statement - PreSaveFile = new java.io.File(((pathPrefix + java.lang.Integer.toString(counter)) + .png)): null

2018-12-04 11:43:35 - [TEST_STEP][PASSED] - Statement - counter = counter + 1: null

2018-12-04 11:43:35 - [TEST_STEP][PASSED] - Statement - PreSaveFile = new java.io.File(((pathPrefix + java.lang.Integer.toString(counter)) + .png)): null

2018-12-04 11:43:35 - [TEST_STEP][PASSED] - Statement - counter = counter + 1: null

2018-12-04 11:43:35 - [TEST_STEP][PASSED] - Statement - PreSaveFile = new java.io.File(((pathPrefix + java.lang.Integer.toString(counter)) + .png)): null

2018-12-04 11:43:35 - [TEST_STEP][PASSED] - Statement - counter = counter + 1: null

2018-12-04 11:43:35 - [TEST_STEP][PASSED] - Statement - PreSaveFile = new java.io.File(((pathPrefix + java.lang.Integer.toString(counter)) + .png)): null

2018-12-04 11:43:35 - [TEST_STEP][PASSED] - Statement - counter = counter + 1: null

2018-12-04 11:43:35 - [TEST_STEP][PASSED] - Statement - PreSaveFile = new java.io.File(((pathPrefix + java.lang.Integer.toString(counter)) + .png)): null

2018-12-04 11:43:35 - [TEST_STEP][PASSED] - Statement - counter = counter + 1: null

2018-12-04 11:43:37 - [TEST_STEP][PASSED] - Statement - PreSaveFile = new java.io.File(((pathPrefix + java.lang.Integer.toString(counter)) + .png)): null

2018-12-04 11:43:37 - [TEST_STEP][PASSED] - Statement - counter = counter + 1: null

2018-12-04 11:43:37 - [TEST_STEP][PASSED] - Statement - PreSaveFile = new java.io.File(((pathPrefix + java.lang.Integer.toString(counter)) + .png)): null

2018-12-04 11:43:37 - [TEST_STEP][PASSED] - Statement - counter = counter + 1: null

2018-12-04 11:43:37 - [TEST_STEP][PASSED] - Statement - PreSaveFile = new java.io.File(((pathPrefix + java.lang.Integer.toString(counter)) + .png)): null

2018-12-04 11:43:37 - [TEST_STEP][PASSED] - Statement - counter = counter + 1: null

2018-12-04 11:43:37 - [TEST_STEP][PASSED] - Statement - PreSaveFile = new java.io.File(((pathPrefix + java.lang.Integer.toString(counter)) + .png)): null

2018-12-04 11:43:37 - [TEST_STEP][PASSED] - Statement - counter = counter + 1: null

2018-12-04 11:43:37 - [TEST_STEP][PASSED] - Statement - PreSaveFile = new java.io.File(((pathPrefix + java.lang.Integer.toString(counter)) + .png)): null

2018-12-04 11:43:37 - [TEST_STEP][PASSED] - Statement - counter = counter + 1: null

2018-12-04 11:43:39 - [TEST_STEP][PASSED] - Statement - PreSaveFile = new java.io.File(((pathPrefix + java.lang.Integer.toString(counter)) + .png)): null

2018-12-04 11:43:39 - [TEST_STEP][PASSED] - Statement - counter = counter + 1: null

2018-12-04 11:43:39 - [TEST_STEP][PASSED] - Statement - PreSaveFile = new java.io.File(((pathPrefix + java.lang.Integer.toString(counter)) + .png)): null

2018-12-04 11:43:39 - [TEST_STEP][PASSED] - Statement - counter = counter + 1: null

2018-12-04 11:43:39 - [TEST_STEP][PASSED] - Statement - PreSaveFile = new java.io.File(((pathPrefix + java.lang.Integer.toString(counter)) + .png)): null

2018-12-04 11:43:39 - [TEST_STEP][PASSED] - Statement - counter = counter + 1: null

2018-12-04 11:43:39 - [TEST_STEP][PASSED] - Statement - PreSaveFile = new java.io.File(((pathPrefix + java.lang.Integer.toString(counter)) + .png)): null

2018-12-04 11:43:39 - [TEST_STEP][PASSED] - Statement - counter = counter + 1: null

2018-12-04 11:43:39 - [TEST_STEP][PASSED] - Statement - PreSaveFile = new java.io.File(((pathPrefix + java.lang.Integer.toString(counter)) + .png)): null

2018-12-04 11:43:39 - [TEST_STEP][PASSED] - Statement - counter = counter + 1: null

2018-12-04 11:43:41 - [TEST_STEP][PASSED] - Statement - PreSaveFile = new java.io.File(((pathPrefix + java.lang.Integer.toString(counter)) + .png)): null

2018-12-04 11:43:41 - [TEST_STEP][PASSED] - Statement - counter = counter + 1: null

2018-12-04 11:43:41 - [TEST_STEP][PASSED] - Statement - PreSaveFile = new java.io.File(((pathPrefix + java.lang.Integer.toString(counter)) + .png)): null

2018-12-04 11:43:41 - [TEST_STEP][PASSED] - Statement - counter = counter + 1: null

2018-12-04 11:43:41 - [TEST_STEP][PASSED] - Statement - PreSaveFile = new java.io.File(((pathPrefix + java.lang.Integer.toString(counter)) + .png)): null

2018-12-04 11:43:41 - [TEST_STEP][PASSED] - Statement - counter = counter + 1: null

2018-12-04 11:43:41 - [TEST_STEP][PASSED] - Statement - PreSaveFile = new java.io.File(((pathPrefix + java.lang.Integer.toString(counter)) + .png)): null

2018-12-04 11:43:41 - [TEST_STEP][PASSED] - Statement - counter = counter + 1: null

2018-12-04 11:43:41 - [TEST_STEP][PASSED] - Statement - PreSaveFile = new java.io.File(((pathPrefix + java.lang.Integer.toString(counter)) + .png)): null

2018-12-04 11:43:43 - [TEST_STEP][PASSED] - Statement - counter = counter + 1: null

2018-12-04 11:43:43 - [TEST_STEP][PASSED] - Statement - PreSaveFile = new java.io.File(((pathPrefix + java.lang.Integer.toString(counter)) + .png)): null

2018-12-04 11:43:43 - [TEST_STEP][PASSED] - Statement - counter = counter + 1: null

2018-12-04 11:43:43 - [TEST_STEP][PASSED] - Statement - PreSaveFile = new java.io.File(((pathPrefix + java.lang.Integer.toString(counter)) + .png)): null

2018-12-04 11:43:43 - [TEST_STEP][PASSED] - Statement - counter = counter + 1: null

2018-12-04 11:43:43 - [TEST_STEP][PASSED] - Statement - PreSaveFile = new java.io.File(((pathPrefix + java.lang.Integer.toString(counter)) + .png)): null

2018-12-04 11:43:43 - [TEST_STEP][PASSED] - Statement - finalPath = pathPrefix + java.lang.Integer.toString(counter) + ".png": null

2018-12-04 11:43:43 - [TEST_STEP][PASSED] - Statement - SaveFile = new java.io.File(finalPath): null

2018-12-04 11:43:43 - [TEST_STEP][PASSED] - Statement - Try: null

2018-12-04 11:43:45 - [TEST_STEP][PASSED] - Statement - org.apache.commons.io.FileUtils.copyFile(scrFile, SaveFile): null

2018-12-04 11:43:45 - [TEST_STEP][PASSED] - Statement - out.println("file kept"): null

2018-12-04 11:43:45 - [TEST_STEP][PASSED] - delay: Delayed 10 second(s)

2018-12-04 11:43:55 - [MESSAGE][PASSED] - Delayed 10 second(s)

2018-12-04 11:43:55 - [MESSAGE][PASSED] - Call Test Case 'Test Cases/Final Aug 2018 - PKS Automation/Registration Module/New Registration/Submit and Screenshot/Submit Registration and Screenshot' successfully

2018-12-04 11:43:55 - [TEST_STEP][PASSED] - callTestCase: Call Test Case 'Test Cases/Final Aug 2018 - PKS Automation/Registration Module/Log Out/log out avoiding katalon tagging' successfully

2018-12-04 11:43:55 - [TEST_CASE][PASSED] - Test Cases/Final Aug 2018 - PKS Automation/Registration Module/Log Out/log out avoiding katalon tagging: Test Cases/Final Aug 2018 - PKS Automation/Registration Module/Log Out/log out avoiding katalon tagging

2018-12-04 11:43:55 - [TEST_STEP][PASSED] - navigateToUrl: Navigate to 'https://assist2-uat.perkeso.gov.my/c/portal/logout' successfully

2018-12-04 11:43:56 - [MESSAGE][PASSED] - Navigate to 'https://assist2-uat.perkeso.gov.my/c/portal/logout' successfully

2018-12-04 11:43:56 - [MESSAGE][PASSED] - Call Test Case 'Test Cases/Final Aug 2018 - PKS Automation/Registration Module/Log Out/log out avoiding katalon tagging' successfully

2018-12-04 11:43:56 - [TEST_STEP][PASSED] - callTestCase: Call Test Case 'Test Cases/Final Aug 2018 - PKS Automation/Common/Workflow Owner Finder' successfully

2018-12-04 11:43:56 - [TEST_CASE][PASSED] - Test Cases/Final Aug 2018 - PKS Automation/Common/Workflow Owner Finder: Test Cases/Final Aug 2018 - PKS Automation/Common/Workflow Owner Finder

2018-12-04 11:43:56 - [TEST_STEP][PASSED] - openBrowser: Browser is opened with url: ''

2018-12-04 11:43:56 - [MESSAGE][WARNING] - A browser is already opened. Closing browser and opening a new one

2018-12-04 11:43:59 - [MESSAGE][PASSED] - Browser is opened with url: ''

2018-12-04 11:43:59 - [TEST_STEP][PASSED] - navigateToUrl: Navigate to 'https://assist2-uat.perkeso.gov.my/login' successfully

2018-12-04 11:44:01 - [MESSAGE][PASSED] - Navigate to 'https://assist2-uat.perkeso.gov.my/login' successfully

2018-12-04 11:44:01 - [TEST_STEP][PASSED] - delay: Delayed 5 second(s)

2018-12-04 11:44:06 - [MESSAGE][PASSED] - Delayed 5 second(s)

2018-12-04 11:44:06 - [TEST_STEP][PASSED] - setText: Text 'test@liferay.com' is set on object 'Object Repository/Final Object Repo/Login Page/Internal User/Email Address'

2018-12-04 11:44:06 - [MESSAGE][PASSED] - Text 'test@liferay.com' is set on object 'Object Repository/Final Object Repo/Login Page/Internal User/Email Address'

2018-12-04 11:44:06 - [TEST_STEP][PASSED] - click: Object: 'Object Repository/Final Object Repo/Login Page/Internal User/Next Button' is clicked on

2018-12-04 11:44:06 - [MESSAGE][PASSED] - Object: 'Object Repository/Final Object Repo/Login Page/Internal User/Next Button' is clicked on

2018-12-04 11:44:06 - [TEST_STEP][PASSED] - delay: Delayed 2 second(s)

2018-12-04 11:44:08 - [MESSAGE][PASSED] - Delayed 2 second(s)

2018-12-04 11:44:08 - [TEST_STEP][PASSED] - setText: Text 'test' is set on object 'Object Repository/Final Object Repo/Login Page/Internal User/Password'

2018-12-04 11:44:08 - [MESSAGE][PASSED] - Text 'test' is set on object 'Object Repository/Final Object Repo/Login Page/Internal User/Password'

2018-12-04 11:44:08 - [TEST_STEP][PASSED] - delay: Delayed 2 second(s)

2018-12-04 11:44:10 - [MESSAGE][PASSED] - Delayed 2 second(s)

2018-12-04 11:44:10 - [TEST_STEP][PASSED] - click: Object: 'Object Repository/Final Object Repo/Login Page/Internal User/Login Button' is clicked on

2018-12-04 11:44:11 - [MESSAGE][PASSED] - Object: 'Object Repository/Final Object Repo/Login Page/Internal User/Login Button' is clicked on

2018-12-04 11:44:11 - [TEST_STEP][PASSED] - Statement - tester = com.kms.katalon.core.testobject.ObjectRepository.findTestObject(Final Object Repo/Landing Page/Select to English): Finding Test Object with id 'Object Repository/Final Object Repo/Landing Page/Select to English'

2018-12-04 11:44:11 - [TEST_STEP][PASSED] - Statement - Try: Delayed 2 second(s)

2018-12-04 11:44:11 - [TEST_STEP][PASSED] - Statement - Checker = com.kms.katalon.core.webui.keyword.WebUiBuiltInKeywords.verifyElementNotPresent(tester, 3): Web element with id: 'Object Repository/Final Object Repo/Landing Page/Select to English' located by 'By.xpath: //a[@class = 'taglib-language-list-text' and @lang = 'en-US' and (contains(text(), 'EN') or contains(., 'EN'))]' is not present after '3' second(s)

2018-12-04 11:44:13 - [MESSAGE][PASSED] - Web element with id: 'Object Repository/Final Object Repo/Landing Page/Select to English' located by 'By.xpath: //a[@class = 'taglib-language-list-text' and @lang = 'en-US' and (contains(text(), 'EN') or contains(., 'EN'))]' is not present after '3' second(s)

2018-12-04 11:44:13 - [TEST_STEP][PASSED] - Statement - If (Checker == false): null

2018-12-04 11:44:13 - [TEST_STEP][PASSED] - delay: Delayed 2 second(s)

2018-12-04 11:44:15 - [MESSAGE][PASSED] - Delayed 2 second(s)

2018-12-04 11:44:15 - [TEST_STEP][PASSED] - delay: Delayed 5 second(s)

2018-12-04 11:44:20 - [MESSAGE][PASSED] - Delayed 5 second(s)

2018-12-04 11:44:20 - [TEST_STEP][PASSED] - mouseOver: Object: 'Object Repository/Final Object Repo/Landing Page/WorkFlow Menu' is hovered

2018-12-04 11:44:20 - [MESSAGE][PASSED] - Object: 'Object Repository/Final Object Repo/Landing Page/WorkFlow Menu' is hovered

2018-12-04 11:44:20 - [TEST_STEP][PASSED] - delay: Delayed 2 second(s)

2018-12-04 11:44:22 - [MESSAGE][PASSED] - Delayed 2 second(s)

2018-12-04 11:44:22 - [TEST_STEP][PASSED] - click: Object: 'Object Repository/Final Object Repo/Landing Page/Select to Workflow Listing' is clicked on

2018-12-04 11:44:23 - [MESSAGE][PASSED] - Object: 'Object Repository/Final Object Repo/Landing Page/Select to Workflow Listing' is clicked on

2018-12-04 11:44:23 - [TEST_STEP][PASSED] - delay: Delayed 2 second(s)

2018-12-04 11:44:25 - [MESSAGE][PASSED] - Delayed 2 second(s)

2018-12-04 11:44:25 - [TEST_STEP][PASSED] - click: Object: 'Object Repository/Final Object Repo/WorkFlow Listing Page/Search Information - To Put Ref No' is clicked on

2018-12-04 11:44:25 - [MESSAGE][PASSED] - Object: 'Object Repository/Final Object Repo/WorkFlow Listing Page/Search Information - To Put Ref No' is clicked on

2018-12-04 11:44:25 - [TEST_STEP][PASSED] - delay: Delayed 2 second(s)

2018-12-04 11:44:27 - [MESSAGE][PASSED] - Delayed 2 second(s)

2018-12-04 11:44:27 - [TEST_STEP][PASSED] - callTestCase: Call Test Case 'Test Cases/Final Aug 2018 - PKS Automation/Common/Reference Number Getter' successfully

2018-12-04 11:44:27 - [TEST_CASE][PASSED] - Test Cases/Final Aug 2018 - PKS Automation/Common/Reference Number Getter: Test Cases/Final Aug 2018 - PKS Automation/Common/Reference Number Getter

2018-12-04 11:44:27 - [TEST_STEP][PASSED] - Statement - Try: null

2018-12-04 11:44:27 - [TEST_STEP][PASSED] - Statement - RefNo = new java.io.File(C://Users//Admin//Desktop//PKS//Automation Reference Point//KatalonReference.txt): null

2018-12-04 11:44:27 - [TEST_STEP][PASSED] - Statement - bufferread = new java.io.BufferedReader(new java.io.FileReader(RefNo)): null

2018-12-04 11:44:27 - [TEST_STEP][PASSED] - Statement - readedVal = bufferread.readLine(): null

2018-12-04 11:44:27 - [TEST_STEP][PASSED] - Statement - out.println(CaseReferenceNo): null

2018-12-04 11:44:27 - [TEST_STEP][PASSED] - Statement - out.println(readedVal): null

2018-12-04 11:44:27 - [TEST_STEP][PASSED] - Statement - CaseReferenceNo = "": null

2018-12-04 11:44:27 - [TEST_STEP][PASSED] - Statement - CaseReferenceNo = readedVal: null

2018-12-04 11:44:27 - [MESSAGE][PASSED] - Call Test Case 'Test Cases/Final Aug 2018 - PKS Automation/Common/Reference Number Getter' successfully

2018-12-04 11:44:27 - [TEST_STEP][PASSED] - setText: Text 'CRN12201800122972' is set on object 'Object Repository/Final Object Repo/WorkFlow Listing Page/Ref No Set Text'

2018-12-04 11:44:28 - [MESSAGE][PASSED] - Text 'CRN12201800122972' is set on object 'Object Repository/Final Object Repo/WorkFlow Listing Page/Ref No Set Text'

2018-12-04 11:44:28 - [TEST_STEP][PASSED] - delay: Delayed 2 second(s)

2018-12-04 11:44:30 - [MESSAGE][PASSED] - Delayed 2 second(s)

2018-12-04 11:44:30 - [TEST_STEP][PASSED] - click: Object: 'Object Repository/Final Object Repo/WorkFlow Listing Page/Search Ref No Search Button' is clicked on

2018-12-04 11:44:30 - [MESSAGE][PASSED] - Object: 'Object Repository/Final Object Repo/WorkFlow Listing Page/Search Ref No Search Button' is clicked on

2018-12-04 11:44:30 - [TEST_STEP][PASSED] - delay: Delayed 6 second(s)

2018-12-04 11:44:36 - [MESSAGE][PASSED] - Delayed 6 second(s)

2018-12-04 11:44:36 - [TEST_STEP][PASSED] - click: Object: 'Object Repository/Final Object Repo/WorkFlow Listing Page/Click Continue Tooltip' is clicked on

2018-12-04 11:44:37 - [MESSAGE][PASSED] - Object: 'Object Repository/Final Object Repo/WorkFlow Listing Page/Click Continue Tooltip' is clicked on

2018-12-04 11:44:37 - [TEST_STEP][PASSED] - delay: Delayed 5 second(s)

2018-12-04 11:44:42 - [MESSAGE][PASSED] - Delayed 5 second(s)

2018-12-04 11:44:42 - [TEST_STEP][PASSED] - doubleClick: Object: 'Object Repository/Final Object Repo/WorkFlow Listing Page/Workflow Found - Listing 1' is double clicked on

2018-12-04 11:44:42 - [MESSAGE][PASSED] - Object: 'Object Repository/Final Object Repo/WorkFlow Listing Page/Workflow Found - Listing 1' is double clicked on

2018-12-04 11:44:42 - [TEST_STEP][PASSED] - Statement - println(OwnerID): null

2018-12-04 11:44:42 - [TEST_STEP][PASSED] - Statement - OwnerID = com.kms.katalon.core.webui.keyword.WebUiBuiltInKeywords.getText(com.kms.katalon.core.testobject.ObjectRepository.findTestObject(Final Object Repo/WorkFlow Listing Page/Workflow Found - Listing 1), STOP_ON_FAILURE): Text of object 'Object Repository/Final Object Repo/WorkFlow Listing Page/Workflow Found - Listing 1' is: 'JOHORro3'

2018-12-04 11:44:42 - [MESSAGE][PASSED] - Text of object 'Object Repository/Final Object Repo/WorkFlow Listing Page/Workflow Found - Listing 1' is: 'JOHORro3'

2018-12-04 11:44:42 - [TEST_STEP][PASSED] - Statement - OwnerID = OwnerID.toLowerCase() + "@gmail.com": null

2018-12-04 11:44:42 - [TEST_STEP][PASSED] - Statement - println(OwnerID): null

2018-12-04 11:44:42 - [TEST_STEP][PASSED] - delay: Delayed 2 second(s)

2018-12-04 11:44:44 - [MESSAGE][PASSED] - Delayed 2 second(s)

2018-12-04 11:44:44 - [MESSAGE][PASSED] - Call Test Case 'Test Cases/Final Aug 2018 - PKS Automation/Common/Workflow Owner Finder' successfully

2018-12-04 11:44:44 - [TEST_STEP][PASSED] - callTestCase: Call Test Case 'Test Cases/Final Aug 2018 - PKS Automation/Registration Module/Log Out/log out avoiding katalon tagging' successfully

2018-12-04 11:44:44 - [TEST_CASE][PASSED] - Test Cases/Final Aug 2018 - PKS Automation/Registration Module/Log Out/log out avoiding katalon tagging: Test Cases/Final Aug 2018 - PKS Automation/Registration Module/Log Out/log out avoiding katalon tagging

2018-12-04 11:44:44 - [TEST_STEP][PASSED] - navigateToUrl: Navigate to 'https://assist2-uat.perkeso.gov.my/c/portal/logout' successfully

2018-12-04 11:44:45 - [MESSAGE][PASSED] - Navigate to 'https://assist2-uat.perkeso.gov.my/c/portal/logout' successfully

2018-12-04 11:44:45 - [MESSAGE][PASSED] - Call Test Case 'Test Cases/Final Aug 2018 - PKS Automation/Registration Module/Log Out/log out avoiding katalon tagging' successfully

2018-12-04 11:44:45 - [TEST_STEP][PASSED] - delay: Delayed 2 second(s)

2018-12-04 11:44:47 - [MESSAGE][PASSED] - Delayed 2 second(s)

2018-12-04 11:44:47 - [TEST_STEP][PASSED] - setText: Text 'johorro3@gmail.com' is set on object 'Object Repository/Final Object Repo/New Registration - Registration Module Pages/New Reg - OTC to RO/Special Case - All Related Objects/Email TextBox'

2018-12-04 11:44:48 - [MESSAGE][PASSED] - Text 'johorro3@gmail.com' is set on object 'Object Repository/Final Object Repo/New Registration - Registration Module Pages/New Reg - OTC to RO/Special Case - All Related Objects/Email TextBox'

2018-12-04 11:44:48 - [TEST_STEP][PASSED] - click: Object: 'Object Repository/Final Object Repo/New Registration - Registration Module Pages/New Reg - OTC to RO/Special Case - All Related Objects/Next Button' is clicked on

2018-12-04 11:44:48 - [MESSAGE][PASSED] - Object: 'Object Repository/Final Object Repo/New Registration - Registration Module Pages/New Reg - OTC to RO/Special Case - All Related Objects/Next Button' is clicked on

2018-12-04 11:44:48 - [TEST_STEP][PASSED] - delay: Delayed 2 second(s)

2018-12-04 11:44:50 - [MESSAGE][PASSED] - Delayed 2 second(s)

2018-12-04 11:44:50 - [TEST_STEP][PASSED] - setText: Text 'Test1@3456789' is set on object 'Object Repository/Final Object Repo/New Registration - Registration Module Pages/New Reg - OTC to RO/Special Case - All Related Objects/Password TextBox'

2018-12-04 11:44:50 - [MESSAGE][PASSED] - Text 'Test1@3456789' is set on object 'Object Repository/Final Object Repo/New Registration - Registration Module Pages/New Reg - OTC to RO/Special Case - All Related Objects/Password TextBox'

2018-12-04 11:44:50 - [TEST_STEP][PASSED] - delay: Delayed 2 second(s)

2018-12-04 11:44:52 - [MESSAGE][PASSED] - Delayed 2 second(s)

2018-12-04 11:44:52 - [TEST_STEP][PASSED] - click: Object: 'Object Repository/Final Object Repo/New Registration - Registration Module Pages/New Reg - OTC to RO/Special Case - All Related Objects/Login Button' is clicked on

2018-12-04 11:44:52 - [MESSAGE][PASSED] - Object: 'Object Repository/Final Object Repo/New Registration - Registration Module Pages/New Reg - OTC to RO/Special Case - All Related Objects/Login Button' is clicked on

2018-12-04 11:44:52 - [TEST_STEP][PASSED] - delay: Delayed 2 second(s)

2018-12-04 11:44:54 - [MESSAGE][PASSED] - Delayed 2 second(s)

2018-12-04 11:44:54 - [TEST_STEP][PASSED] - Statement - Try: null

2018-12-04 11:44:54 - [TEST_STEP][PASSED] - Statement - Checker = com.kms.katalon.core.webui.keyword.WebUiBuiltInKeywords.verifyElementNotPresent("Final Object Repo/Landing Page/Select to English", 3): null

2018-12-04 11:44:54 - [TEST_STEP][PASSED] - Statement - Catch (Exception e): null

2018-12-04 11:44:54 - [TEST_STEP][PASSED] - Statement - e.printStackTrace(): null

2018-12-04 11:44:54 - [TEST_STEP][PASSED] - click: Object: 'Object Repository/Final Object Repo/New Registration - Registration Module Pages/New Reg - OTC to RO/Special Case - All Related Objects/Expand to Search' is clicked on

2018-12-04 11:44:54 - [MESSAGE][PASSED] - Object: 'Object Repository/Final Object Repo/New Registration - Registration Module Pages/New Reg - OTC to RO/Special Case - All Related Objects/Expand to Search' is clicked on

2018-12-04 11:44:54 - [TEST_STEP][PASSED] - setText: Text 'CRN12201800122972' is set on object 'Object Repository/Final Object Repo/New Registration - Registration Module Pages/New Reg - OTC to RO/Special Case - All Related Objects/TextBox RefNo in Workbasket'

2018-12-04 11:44:55 - [MESSAGE][PASSED] - Text 'CRN12201800122972' is set on object 'Object Repository/Final Object Repo/New Registration - Registration Module Pages/New Reg - OTC to RO/Special Case - All Related Objects/TextBox RefNo in Workbasket'

2018-12-04 11:44:55 - [TEST_STEP][PASSED] - delay: Delayed 2 second(s)

2018-12-04 11:44:57 - [MESSAGE][PASSED] - Delayed 2 second(s)

2018-12-04 11:44:57 - [TEST_STEP][PASSED] - click: Object: 'Object Repository/Final Object Repo/New Registration - Registration Module Pages/New Reg - OTC to RO/Special Case - All Related Objects/Click Search' is clicked on

2018-12-04 11:44:57 - [MESSAGE][PASSED] - Object: 'Object Repository/Final Object Repo/New Registration - Registration Module Pages/New Reg - OTC to RO/Special Case - All Related Objects/Click Search' is clicked on

2018-12-04 11:44:57 - [TEST_STEP][PASSED] - delay: Delayed 2 second(s)

2018-12-04 11:44:59 - [MESSAGE][PASSED] - Delayed 2 second(s)

2018-12-04 11:44:59 - [TEST_STEP][PASSED] - click: Object: 'Object Repository/Final Object Repo/New Registration - Registration Module Pages/New Reg - OTC to RO/Special Case - All Related Objects/Click to Continue Workflow' is clicked on

2018-12-04 11:45:02 - [MESSAGE][PASSED] - Object: 'Object Repository/Final Object Repo/New Registration - Registration Module Pages/New Reg - OTC to RO/Special Case - All Related Objects/Click to Continue Workflow' is clicked on

2018-12-04 11:45:02 - [TEST_STEP][PASSED] - delay: Delayed 2 second(s)

2018-12-04 11:45:04 - [MESSAGE][PASSED] - Delayed 2 second(s)

2018-12-04 11:45:04 - [TEST_STEP][PASSED] - click: Object: 'Object Repository/Final Object Repo/New Registration - Registration Module Pages/New Reg - OTC to RO/Special Case - All Related Objects/Continue Button in verifying case' is clicked on

2018-12-04 11:45:06 - [MESSAGE][PASSED] - Object: 'Object Repository/Final Object Repo/New Registration - Registration Module Pages/New Reg - OTC to RO/Special Case - All Related Objects/Continue Button in verifying case' is clicked on

2018-12-04 11:45:06 - [TEST_STEP][PASSED] - delay: Delayed 2 second(s)

2018-12-04 11:45:08 - [MESSAGE][PASSED] - Delayed 2 second(s)

2018-12-04 11:45:08 - [TEST_STEP][PASSED] - click: Object: 'Object Repository/Final Object Repo/New Registration - Registration Module Pages/Form 1/Registered As a Branch - Yes' is clicked on

2018-12-04 11:45:09 - [MESSAGE][PASSED] - Object: 'Object Repository/Final Object Repo/New Registration - Registration Module Pages/Form 1/Registered As a Branch - Yes' is clicked on

2018-12-04 11:45:09 - [TEST_STEP][PASSED] - delay: Delayed 2 second(s)

2018-12-04 11:45:11 - [MESSAGE][PASSED] - Delayed 2 second(s)

2018-12-04 11:45:11 - [TEST_STEP][PASSED] - click: Object: 'Object Repository/Final Object Repo/New Registration - Registration Module Pages/New Reg - OTC to RO/Special Case - All Related Objects/Form 1 Save n Continue' is clicked on

2018-12-04 11:45:11 - [MESSAGE][PASSED] - Object: 'Object Repository/Final Object Repo/New Registration - Registration Module Pages/New Reg - OTC to RO/Special Case - All Related Objects/Form 1 Save n Continue' is clicked on

2018-12-04 11:45:11 - [TEST_STEP][PASSED] - delay: Delayed 2 second(s)

2018-12-04 11:45:13 - [MESSAGE][PASSED] - Delayed 2 second(s)

2018-12-04 11:45:13 - [TEST_STEP][PASSED] - click: Object: 'Object Repository/Final Object Repo/New Registration - Registration Module Pages/New Reg - OTC to RO/Special Case - All Related Objects/Form 2 Save n Continue' is clicked on

2018-12-04 11:45:13 - [MESSAGE][PASSED] - Object: 'Object Repository/Final Object Repo/New Registration - Registration Module Pages/New Reg - OTC to RO/Special Case - All Related Objects/Form 2 Save n Continue' is clicked on

2018-12-04 11:45:13 - [TEST_STEP][PASSED] - delay: Delayed 2 second(s)

2018-12-04 11:45:15 - [MESSAGE][PASSED] - Delayed 2 second(s)

2018-12-04 11:45:15 - [TEST_STEP][PASSED] - click: Object: 'Object Repository/Final Object Repo/New Registration - Registration Module Pages/New Reg - OTC to RO/Special Case - All Related Objects/Third Screen Save n Continue' is clicked on

2018-12-04 11:45:20 - [MESSAGE][PASSED] - Object: 'Object Repository/Final Object Repo/New Registration - Registration Module Pages/New Reg - OTC to RO/Special Case - All Related Objects/Third Screen Save n Continue' is clicked on

2018-12-04 11:45:20 - [TEST_STEP][PASSED] - delay: Delayed 5 second(s)

2018-12-04 11:45:25 - [MESSAGE][PASSED] - Delayed 5 second(s)

2018-12-04 11:45:25 - [TEST_STEP][PASSED] - click: Object: 'Object Repository/Final Object Repo/New Registration - Registration Module Pages/New Reg - OTC to RO/Special Case - All Related Objects/Upload Doc Page Save n Continue' is clicked on

2018-12-04 11:45:25 - [MESSAGE][PASSED] - Object: 'Object Repository/Final Object Repo/New Registration - Registration Module Pages/New Reg - OTC to RO/Special Case - All Related Objects/Upload Doc Page Save n Continue' is clicked on

2018-12-04 11:45:25 - [TEST_STEP][PASSED] - delay: Delayed 5 second(s)

2018-12-04 11:45:30 - [MESSAGE][PASSED] - Delayed 5 second(s)

2018-12-04 11:45:30 - [TEST_STEP][PASSED] - click: Object: 'Object Repository/Final Object Repo/New Registration - Registration Module Pages/New Reg - OTC to RO/Special Case - All Related Objects/Under Enforcement Button at Preview Screen of RO' is clicked on

2018-12-04 11:45:31 - [MESSAGE][PASSED] - Object: 'Object Repository/Final Object Repo/New Registration - Registration Module Pages/New Reg - OTC to RO/Special Case - All Related Objects/Under Enforcement Button at Preview Screen of RO' is clicked on

2018-12-04 11:45:31 - [TEST_STEP][PASSED] - delay: Delayed 5 second(s)

2018-12-04 11:45:36 - [MESSAGE][PASSED] - Delayed 5 second(s)

2018-12-04 11:45:36 - [TEST_STEP][PASSED] - click: Object: 'Object Repository/Final Object Repo/New Registration - Registration Module Pages/New Reg - OTC to RO/Special Case - All Related Objects/Under Enforcement - inner form' is clicked on

2018-12-04 11:45:36 - [MESSAGE][PASSED] - Object: 'Object Repository/Final Object Repo/New Registration - Registration Module Pages/New Reg - OTC to RO/Special Case - All Related Objects/Under Enforcement - inner form' is clicked on

2018-12-04 11:45:36 - [TEST_STEP][PASSED] - callTestCase: Call Test Case 'Test Cases/Final Aug 2018 - PKS Automation/Common/Screenshoting tool' successfully

2018-12-04 11:45:36 - [TEST_CASE][PASSED] - Test Cases/Final Aug 2018 - PKS Automation/Common/Screenshoting tool: Test Cases/Final Aug 2018 - PKS Automation/Common/Screenshoting tool

2018-12-04 11:45:36 - [TEST_STEP][PASSED] - delay: Delayed 15 second(s)

2018-12-04 11:45:51 - [MESSAGE][PASSED] - Delayed 15 second(s)

2018-12-04 11:45:51 - [TEST_STEP][PASSED] - Statement - driver = com.kms.katalon.core.webui.driver.DriverFactory.getWebDriver(): null

2018-12-04 11:45:51 - [TEST_STEP][PASSED] - Statement - driver.manage().timeouts().implicitlyWait(10, SECONDS): null

2018-12-04 11:45:51 - [TEST_STEP][PASSED] - Statement - PresavePath = KatalonScreenshots: null

2018-12-04 11:45:51 - [TEST_STEP][PASSED] - Statement - pathPrefix = "C:\Users\Public\Pictures\Sample Pictures\Katalon Screenshots\Automate Ending Screen": null

2018-12-04 11:45:51 - [TEST_STEP][PASSED] - Statement - finalPath = <not implemented yet for class: org.codehaus.groovy.ast.expr.EmptyExpression>: null

2018-12-04 11:45:51 - [TEST_STEP][PASSED] - Statement - scrFile = driver.getScreenshotAs(FILE): null

2018-12-04 11:45:51 - [TEST_STEP][PASSED] - Statement - PreSaveFile = new java.io.File(PresavePath): null

2018-12-04 11:45:51 - [TEST_STEP][PASSED] - Statement - counter = 0: null

2018-12-04 11:45:51 - [TEST_STEP][PASSED] - Statement - If (PreSaveFile.exists()): null

2018-12-04 11:45:51 - [TEST_STEP][PASSED] - Statement - While (PreSaveFile.exists()): null

2018-12-04 11:45:51 - [TEST_STEP][PASSED] - Statement - counter = counter + 1: null

2018-12-04 11:45:51 - [TEST_STEP][PASSED] - Statement - PreSaveFile = new java.io.File(((pathPrefix + java.lang.Integer.toString(counter)) + .png)): null

2018-12-04 11:45:51 - [TEST_STEP][PASSED] - Statement - counter = counter + 1: null

2018-12-04 11:45:51 - [TEST_STEP][PASSED] - Statement - PreSaveFile = new java.io.File(((pathPrefix + java.lang.Integer.toString(counter)) + .png)): null

2018-12-04 11:45:51 - [TEST_STEP][PASSED] - Statement - counter = counter + 1: null

2018-12-04 11:45:51 - [TEST_STEP][PASSED] - Statement - PreSaveFile = new java.io.File(((pathPrefix + java.lang.Integer.toString(counter)) + .png)): null

2018-12-04 11:45:51 - [TEST_STEP][PASSED] - Statement - counter = counter + 1: null

2018-12-04 11:45:51 - [TEST_STEP][PASSED] - Statement - PreSaveFile = new java.io.File(((pathPrefix + java.lang.Integer.toString(counter)) + .png)): null

2018-12-04 11:45:51 - [TEST_STEP][PASSED] - Statement - counter = counter + 1: null

2018-12-04 11:45:51 - [TEST_STEP][PASSED] - Statement - PreSaveFile = new java.io.File(((pathPrefix + java.lang.Integer.toString(counter)) + .png)): null

2018-12-04 11:45:51 - [TEST_STEP][PASSED] - Statement - counter = counter + 1: null

2018-12-04 11:45:51 - [TEST_STEP][PASSED] - Statement - PreSaveFile = new java.io.File(((pathPrefix + java.lang.Integer.toString(counter)) + .png)): null

2018-12-04 11:45:51 - [TEST_STEP][PASSED] - Statement - counter = counter + 1: null

2018-12-04 11:45:51 - [TEST_STEP][PASSED] - Statement - PreSaveFile = new java.io.File(((pathPrefix + java.lang.Integer.toString(counter)) + .png)): null

2018-12-04 11:45:51 - [TEST_STEP][PASSED] - Statement - counter = counter + 1: null

2018-12-04 11:45:51 - [TEST_STEP][PASSED] - Statement - PreSaveFile = new java.io.File(((pathPrefix + java.lang.Integer.toString(counter)) + .png)): null

2018-12-04 11:45:51 - [TEST_STEP][PASSED] - Statement - counter = counter + 1: null

2018-12-04 11:45:51 - [TEST_STEP][PASSED] - Statement - PreSaveFile = new java.io.File(((pathPrefix + java.lang.Integer.toString(counter)) + .png)): null

2018-12-04 11:45:51 - [TEST_STEP][PASSED] - Statement - counter = counter + 1: null

2018-12-04 11:45:51 - [TEST_STEP][PASSED] - Statement - PreSaveFile = new java.io.File(((pathPrefix + java.lang.Integer.toString(counter)) + .png)): null

2018-12-04 11:45:51 - [TEST_STEP][PASSED] - Statement - counter = counter + 1: null

2018-12-04 11:45:51 - [TEST_STEP][PASSED] - Statement - PreSaveFile = new java.io.File(((pathPrefix + java.lang.Integer.toString(counter)) + .png)): null

2018-12-04 11:45:51 - [TEST_STEP][PASSED] - Statement - counter = counter + 1: null

2018-12-04 11:45:51 - [TEST_STEP][PASSED] - Statement - PreSaveFile = new java.io.File(((pathPrefix + java.lang.Integer.toString(counter)) + .png)): null

2018-12-04 11:45:51 - [TEST_STEP][PASSED] - Statement - counter = counter + 1: null

2018-12-04 11:45:51 - [TEST_STEP][PASSED] - Statement - PreSaveFile = new java.io.File(((pathPrefix + java.lang.Integer.toString(counter)) + .png)): null

2018-12-04 11:45:51 - [TEST_STEP][PASSED] - Statement - counter = counter + 1: null

2018-12-04 11:45:51 - [TEST_STEP][PASSED] - Statement - PreSaveFile = new java.io.File(((pathPrefix + java.lang.Integer.toString(counter)) + .png)): null

2018-12-04 11:45:51 - [TEST_STEP][PASSED] - Statement - counter = counter + 1: null

2018-12-04 11:45:51 - [TEST_STEP][PASSED] - Statement - PreSaveFile = new java.io.File(((pathPrefix + java.lang.Integer.toString(counter)) + .png)): null

2018-12-04 11:45:53 - [TEST_STEP][PASSED] - Statement - counter = counter + 1: null

2018-12-04 11:45:53 - [TEST_STEP][PASSED] - Statement - PreSaveFile = new java.io.File(((pathPrefix + java.lang.Integer.toString(counter)) + .png)): null

2018-12-04 11:45:53 - [TEST_STEP][PASSED] - Statement - counter = counter + 1: null

2018-12-04 11:45:53 - [TEST_STEP][PASSED] - Statement - PreSaveFile = new java.io.File(((pathPrefix + java.lang.Integer.toString(counter)) + .png)): null

2018-12-04 11:45:53 - [TEST_STEP][PASSED] - Statement - counter = counter + 1: null

2018-12-04 11:45:53 - [TEST_STEP][PASSED] - Statement - PreSaveFile = new java.io.File(((pathPrefix + java.lang.Integer.toString(counter)) + .png)): null

2018-12-04 11:45:53 - [TEST_STEP][PASSED] - Statement - counter = counter + 1: null

2018-12-04 11:45:53 - [TEST_STEP][PASSED] - Statement - PreSaveFile = new java.io.File(((pathPrefix + java.lang.Integer.toString(counter)) + .png)): null

2018-12-04 11:45:53 - [TEST_STEP][PASSED] - Statement - counter = counter + 1: null

2018-12-04 11:45:53 - [TEST_STEP][PASSED] - Statement - PreSaveFile = new java.io.File(((pathPrefix + java.lang.Integer.toString(counter)) + .png)): null

2018-12-04 11:45:53 - [TEST_STEP][PASSED] - Statement - counter = counter + 1: null

2018-12-04 11:45:54 - [TEST_STEP][PASSED] - Statement - PreSaveFile = new java.io.File(((pathPrefix + java.lang.Integer.toString(counter)) + .png)): null

2018-12-04 11:45:55 - [TEST_STEP][PASSED] - Statement - counter = counter + 1: null

2018-12-04 11:45:55 - [TEST_STEP][PASSED] - Statement - PreSaveFile = new java.io.File(((pathPrefix + java.lang.Integer.toString(counter)) + .png)): null

2018-12-04 11:45:55 - [TEST_STEP][PASSED] - Statement - counter = counter + 1: null

2018-12-04 11:45:55 - [TEST_STEP][PASSED] - Statement - PreSaveFile = new java.io.File(((pathPrefix + java.lang.Integer.toString(counter)) + .png)): null

2018-12-04 11:45:55 - [TEST_STEP][PASSED] - Statement - counter = counter + 1: null

2018-12-04 11:45:55 - [TEST_STEP][PASSED] - Statement - PreSaveFile = new java.io.File(((pathPrefix + java.lang.Integer.toString(counter)) + .png)): null

2018-12-04 11:45:55 - [TEST_STEP][PASSED] - Statement - counter = counter + 1: null

2018-12-04 11:45:55 - [TEST_STEP][PASSED] - Statement - PreSaveFile = new java.io.File(((pathPrefix + java.lang.Integer.toString(counter)) + .png)): null

2018-12-04 11:45:55 - [TEST_STEP][PASSED] - Statement - counter = counter + 1: null

2018-12-04 11:45:55 - [TEST_STEP][PASSED] - Statement - PreSaveFile = new java.io.File(((pathPrefix + java.lang.Integer.toString(counter)) + .png)): null

2018-12-04 11:45:56 - [TEST_STEP][PASSED] - Statement - counter = counter + 1: null

2018-12-04 11:45:56 - [TEST_STEP][PASSED] - Statement - PreSaveFile = new java.io.File(((pathPrefix + java.lang.Integer.toString(counter)) + .png)): null

2018-12-04 11:45:56 - [TEST_STEP][PASSED] - Statement - counter = counter + 1: null

2018-12-04 11:45:56 - [TEST_STEP][PASSED] - Statement - PreSaveFile = new java.io.File(((pathPrefix + java.lang.Integer.toString(counter)) + .png)): null

2018-12-04 11:45:56 - [TEST_STEP][PASSED] - Statement - counter = counter + 1: null

2018-12-04 11:45:56 - [TEST_STEP][PASSED] - Statement - PreSaveFile = new java.io.File(((pathPrefix + java.lang.Integer.toString(counter)) + .png)): null

2018-12-04 11:45:56 - [TEST_STEP][PASSED] - Statement - counter = counter + 1: null

2018-12-04 11:45:56 - [TEST_STEP][PASSED] - Statement - PreSaveFile = new java.io.File(((pathPrefix + java.lang.Integer.toString(counter)) + .png)): null

2018-12-04 11:45:56 - [TEST_STEP][PASSED] - Statement - counter = counter + 1: null

2018-12-04 11:45:57 - [TEST_STEP][PASSED] - Statement - PreSaveFile = new java.io.File(((pathPrefix + java.lang.Integer.toString(counter)) + .png)): null

2018-12-04 11:45:57 - [TEST_STEP][PASSED] - Statement - counter = counter + 1: null

2018-12-04 11:45:57 - [TEST_STEP][PASSED] - Statement - PreSaveFile = new java.io.File(((pathPrefix + java.lang.Integer.toString(counter)) + .png)): null

2018-12-04 11:45:57 - [TEST_STEP][PASSED] - Statement - counter = counter + 1: null

2018-12-04 11:45:57 - [TEST_STEP][PASSED] - Statement - PreSaveFile = new java.io.File(((pathPrefix + java.lang.Integer.toString(counter)) + .png)): null

2018-12-04 11:45:57 - [TEST_STEP][PASSED] - Statement - counter = counter + 1: null

2018-12-04 11:45:57 - [TEST_STEP][PASSED] - Statement - PreSaveFile = new java.io.File(((pathPrefix + java.lang.Integer.toString(counter)) + .png)): null

2018-12-04 11:45:57 - [TEST_STEP][PASSED] - Statement - counter = counter + 1: null

2018-12-04 11:45:57 - [TEST_STEP][PASSED] - Statement - PreSaveFile = new java.io.File(((pathPrefix + java.lang.Integer.toString(counter)) + .png)): null

2018-12-04 11:45:57 - [TEST_STEP][PASSED] - Statement - counter = counter + 1: null

2018-12-04 11:45:58 - [TEST_STEP][PASSED] - Statement - PreSaveFile = new java.io.File(((pathPrefix + java.lang.Integer.toString(counter)) + .png)): null

2018-12-04 11:45:58 - [TEST_STEP][PASSED] - Statement - counter = counter + 1: null

2018-12-04 11:45:58 - [TEST_STEP][PASSED] - Statement - PreSaveFile = new java.io.File(((pathPrefix + java.lang.Integer.toString(counter)) + .png)): null

2018-12-04 11:45:58 - [TEST_STEP][PASSED] - Statement - counter = counter + 1: null

2018-12-04 11:45:58 - [TEST_STEP][PASSED] - Statement - PreSaveFile = new java.io.File(((pathPrefix + java.lang.Integer.toString(counter)) + .png)): null

2018-12-04 11:45:58 - [TEST_STEP][PASSED] - Statement - counter = counter + 1: null

2018-12-04 11:45:58 - [TEST_STEP][PASSED] - Statement - PreSaveFile = new java.io.File(((pathPrefix + java.lang.Integer.toString(counter)) + .png)): null

2018-12-04 11:45:58 - [TEST_STEP][PASSED] - Statement - counter = counter + 1: null

2018-12-04 11:45:58 - [TEST_STEP][PASSED] - Statement - PreSaveFile = new java.io.File(((pathPrefix + java.lang.Integer.toString(counter)) + .png)): null

2018-12-04 11:45:58 - [TEST_STEP][PASSED] - Statement - counter = counter + 1: null

2018-12-04 11:46:00 - [TEST_STEP][PASSED] - Statement - PreSaveFile = new java.io.File(((pathPrefix + java.lang.Integer.toString(counter)) + .png)): null

2018-12-04 11:46:00 - [TEST_STEP][PASSED] - Statement - counter = counter + 1: null

2018-12-04 11:46:00 - [TEST_STEP][PASSED] - Statement - PreSaveFile = new java.io.File(((pathPrefix + java.lang.Integer.toString(counter)) + .png)): null

2018-12-04 11:46:00 - [TEST_STEP][PASSED] - Statement - counter = counter + 1: null

2018-12-04 11:46:00 - [TEST_STEP][PASSED] - Statement - PreSaveFile = new java.io.File(((pathPrefix + java.lang.Integer.toString(counter)) + .png)): null

2018-12-04 11:46:00 - [TEST_STEP][PASSED] - Statement - counter = counter + 1: null

2018-12-04 11:46:00 - [TEST_STEP][PASSED] - Statement - PreSaveFile = new java.io.File(((pathPrefix + java.lang.Integer.toString(counter)) + .png)): null

2018-12-04 11:46:00 - [TEST_STEP][PASSED] - Statement - counter = counter + 1: null

2018-12-04 11:46:00 - [TEST_STEP][PASSED] - Statement - PreSaveFile = new java.io.File(((pathPrefix + java.lang.Integer.toString(counter)) + .png)): null

2018-12-04 11:46:01 - [TEST_STEP][PASSED] - Statement - counter = counter + 1: null

2018-12-04 11:46:01 - [TEST_STEP][PASSED] - Statement - PreSaveFile = new java.io.File(((pathPrefix + java.lang.Integer.toString(counter)) + .png)): null

2018-12-04 11:46:01 - [TEST_STEP][PASSED] - Statement - counter = counter + 1: null

2018-12-04 11:46:01 - [TEST_STEP][PASSED] - Statement - PreSaveFile = new java.io.File(((pathPrefix + java.lang.Integer.toString(counter)) + .png)): null

2018-12-04 11:46:01 - [TEST_STEP][PASSED] - Statement - counter = counter + 1: null

2018-12-04 11:46:01 - [TEST_STEP][PASSED] - Statement - PreSaveFile = new java.io.File(((pathPrefix + java.lang.Integer.toString(counter)) + .png)): null

2018-12-04 11:46:01 - [TEST_STEP][PASSED] - Statement - counter = counter + 1: null

2018-12-04 11:46:01 - [TEST_STEP][PASSED] - Statement - PreSaveFile = new java.io.File(((pathPrefix + java.lang.Integer.toString(counter)) + .png)): null

2018-12-04 11:46:01 - [TEST_STEP][PASSED] - Statement - counter = counter + 1: null

2018-12-04 11:46:03 - [TEST_STEP][PASSED] - Statement - PreSaveFile = new java.io.File(((pathPrefix + java.lang.Integer.toString(counter)) + .png)): null

2018-12-04 11:46:03 - [TEST_STEP][PASSED] - Statement - counter = counter + 1: null

2018-12-04 11:46:03 - [TEST_STEP][PASSED] - Statement - PreSaveFile = new java.io.File(((pathPrefix + java.lang.Integer.toString(counter)) + .png)): null

2018-12-04 11:46:03 - [TEST_STEP][PASSED] - Statement - counter = counter + 1: null

2018-12-04 11:46:03 - [TEST_STEP][PASSED] - Statement - PreSaveFile = new java.io.File(((pathPrefix + java.lang.Integer.toString(counter)) + .png)): null

2018-12-04 11:46:03 - [TEST_STEP][PASSED] - Statement - counter = counter + 1: null

2018-12-04 11:46:03 - [TEST_STEP][PASSED] - Statement - PreSaveFile = new java.io.File(((pathPrefix + java.lang.Integer.toString(counter)) + .png)): null

2018-12-04 11:46:03 - [TEST_STEP][PASSED] - Statement - counter = counter + 1: null

2018-12-04 11:46:03 - [TEST_STEP][PASSED] - Statement - PreSaveFile = new java.io.File(((pathPrefix + java.lang.Integer.toString(counter)) + .png)): null

2018-12-04 11:46:03 - [TEST_STEP][PASSED] - Statement - counter = counter + 1: null

2018-12-04 11:46:04 - [TEST_STEP][PASSED] - Statement - PreSaveFile = new java.io.File(((pathPrefix + java.lang.Integer.toString(counter)) + .png)): null

2018-12-04 11:46:04 - [TEST_STEP][PASSED] - Statement - counter = counter + 1: null

2018-12-04 11:46:04 - [TEST_STEP][PASSED] - Statement - PreSaveFile = new java.io.File(((pathPrefix + java.lang.Integer.toString(counter)) + .png)): null

2018-12-04 11:46:04 - [TEST_STEP][PASSED] - Statement - counter = counter + 1: null

2018-12-04 11:46:04 - [TEST_STEP][PASSED] - Statement - PreSaveFile = new java.io.File(((pathPrefix + java.lang.Integer.toString(counter)) + .png)): null

2018-12-04 11:46:04 - [TEST_STEP][PASSED] - Statement - counter = counter + 1: null

2018-12-04 11:46:04 - [TEST_STEP][PASSED] - Statement - PreSaveFile = new java.io.File(((pathPrefix + java.lang.Integer.toString(counter)) + .png)): null

2018-12-04 11:46:04 - [TEST_STEP][PASSED] - Statement - counter = counter + 1: null

2018-12-04 11:46:04 - [TEST_STEP][PASSED] - Statement - PreSaveFile = new java.io.File(((pathPrefix + java.lang.Integer.toString(counter)) + .png)): null

2018-12-04 11:46:04 - [TEST_STEP][PASSED] - Statement - counter = counter + 1: null

2018-12-04 11:46:06 - [TEST_STEP][PASSED] - Statement - PreSaveFile = new java.io.File(((pathPrefix + java.lang.Integer.toString(counter)) + .png)): null

2018-12-04 11:46:06 - [TEST_STEP][PASSED] - Statement - counter = counter + 1: null

2018-12-04 11:46:06 - [TEST_STEP][PASSED] - Statement - PreSaveFile = new java.io.File(((pathPrefix + java.lang.Integer.toString(counter)) + .png)): null

2018-12-04 11:46:06 - [TEST_STEP][PASSED] - Statement - counter = counter + 1: null

2018-12-04 11:46:06 - [TEST_STEP][PASSED] - Statement - PreSaveFile = new java.io.File(((pathPrefix + java.lang.Integer.toString(counter)) + .png)): null

2018-12-04 11:46:06 - [TEST_STEP][PASSED] - Statement - counter = counter + 1: null

2018-12-04 11:46:06 - [TEST_STEP][PASSED] - Statement - PreSaveFile = new java.io.File(((pathPrefix + java.lang.Integer.toString(counter)) + .png)): null

2018-12-04 11:46:06 - [TEST_STEP][PASSED] - Statement - counter = counter + 1: null

2018-12-04 11:46:06 - [TEST_STEP][PASSED] - Statement - PreSaveFile = new java.io.File(((pathPrefix + java.lang.Integer.toString(counter)) + .png)): null

2018-12-04 11:46:06 - [TEST_STEP][PASSED] - Statement - counter = counter + 1: null

2018-12-04 11:46:07 - [TEST_STEP][PASSED] - Statement - PreSaveFile = new java.io.File(((pathPrefix + java.lang.Integer.toString(counter)) + .png)): null

2018-12-04 11:46:07 - [TEST_STEP][PASSED] - Statement - counter = counter + 1: null

2018-12-04 11:46:07 - [TEST_STEP][PASSED] - Statement - PreSaveFile = new java.io.File(((pathPrefix + java.lang.Integer.toString(counter)) + .png)): null

2018-12-04 11:46:07 - [TEST_STEP][PASSED] - Statement - counter = counter + 1: null

2018-12-04 11:46:07 - [TEST_STEP][PASSED] - Statement - PreSaveFile = new java.io.File(((pathPrefix + java.lang.Integer.toString(counter)) + .png)): null

2018-12-04 11:46:07 - [TEST_STEP][PASSED] - Statement - counter = counter + 1: null

2018-12-04 11:46:07 - [TEST_STEP][PASSED] - Statement - PreSaveFile = new java.io.File(((pathPrefix + java.lang.Integer.toString(counter)) + .png)): null

2018-12-04 11:46:07 - [TEST_STEP][PASSED] - Statement - counter = counter + 1: null

2018-12-04 11:46:07 - [TEST_STEP][PASSED] - Statement - PreSaveFile = new java.io.File(((pathPrefix + java.lang.Integer.toString(counter)) + .png)): null

2018-12-04 11:46:08 - [TEST_STEP][PASSED] - Statement - counter = counter + 1: null

2018-12-04 11:46:08 - [TEST_STEP][PASSED] - Statement - PreSaveFile = new java.io.File(((pathPrefix + java.lang.Integer.toString(counter)) + .png)): null

2018-12-04 11:46:08 - [TEST_STEP][PASSED] - Statement - counter = counter + 1: null

2018-12-04 11:46:08 - [TEST_STEP][PASSED] - Statement - PreSaveFile = new java.io.File(((pathPrefix + java.lang.Integer.toString(counter)) + .png)): null

2018-12-04 11:46:08 - [TEST_STEP][PASSED] - Statement - counter = counter + 1: null

2018-12-04 11:46:08 - [TEST_STEP][PASSED] - Statement - PreSaveFile = new java.io.File(((pathPrefix + java.lang.Integer.toString(counter)) + .png)): null

2018-12-04 11:46:08 - [TEST_STEP][PASSED] - Statement - counter = counter + 1: null

2018-12-04 11:46:08 - [TEST_STEP][PASSED] - Statement - PreSaveFile = new java.io.File(((pathPrefix + java.lang.Integer.toString(counter)) + .png)): null

2018-12-04 11:46:08 - [TEST_STEP][PASSED] - Statement - counter = counter + 1: null

2018-12-04 11:46:10 - [TEST_STEP][PASSED] - Statement - PreSaveFile = new java.io.File(((pathPrefix + java.lang.Integer.toString(counter)) + .png)): null

2018-12-04 11:46:10 - [TEST_STEP][PASSED] - Statement - counter = counter + 1: null

2018-12-04 11:46:10 - [TEST_STEP][PASSED] - Statement - PreSaveFile = new java.io.File(((pathPrefix + java.lang.Integer.toString(counter)) + .png)): null

2018-12-04 11:46:10 - [TEST_STEP][PASSED] - Statement - counter = counter + 1: null

2018-12-04 11:46:10 - [TEST_STEP][PASSED] - Statement - PreSaveFile = new java.io.File(((pathPrefix + java.lang.Integer.toString(counter)) + .png)): null

2018-12-04 11:46:10 - [TEST_STEP][PASSED] - Statement - counter = counter + 1: null

2018-12-04 11:46:10 - [TEST_STEP][PASSED] - Statement - PreSaveFile = new java.io.File(((pathPrefix + java.lang.Integer.toString(counter)) + .png)): null

2018-12-04 11:46:10 - [TEST_STEP][PASSED] - Statement - counter = counter + 1: null

2018-12-04 11:46:10 - [TEST_STEP][PASSED] - Statement - PreSaveFile = new java.io.File(((pathPrefix + java.lang.Integer.toString(counter)) + .png)): null

2018-12-04 11:46:10 - [TEST_STEP][PASSED] - Statement - counter = counter + 1: null

2018-12-04 11:46:11 - [TEST_STEP][PASSED] - Statement - PreSaveFile = new java.io.File(((pathPrefix + java.lang.Integer.toString(counter)) + .png)): null

2018-12-04 11:46:11 - [TEST_STEP][PASSED] - Statement - counter = counter + 1: null

2018-12-04 11:46:11 - [TEST_STEP][PASSED] - Statement - PreSaveFile = new java.io.File(((pathPrefix + java.lang.Integer.toString(counter)) + .png)): null

2018-12-04 11:46:11 - [TEST_STEP][PASSED] - Statement - counter = counter + 1: null

2018-12-04 11:46:11 - [TEST_STEP][PASSED] - Statement - PreSaveFile = new java.io.File(((pathPrefix + java.lang.Integer.toString(counter)) + .png)): null

2018-12-04 11:46:11 - [TEST_STEP][PASSED] - Statement - counter = counter + 1: null

2018-12-04 11:46:11 - [TEST_STEP][PASSED] - Statement - PreSaveFile = new java.io.File(((pathPrefix + java.lang.Integer.toString(counter)) + .png)): null

2018-12-04 11:46:11 - [TEST_STEP][PASSED] - Statement - counter = counter + 1: null

2018-12-04 11:46:11 - [TEST_STEP][PASSED] - Statement - PreSaveFile = new java.io.File(((pathPrefix + java.lang.Integer.toString(counter)) + .png)): null

2018-12-04 11:46:11 - [TEST_STEP][PASSED] - Statement - counter = counter + 1: null

2018-12-04 11:46:12 - [TEST_STEP][PASSED] - Statement - PreSaveFile = new java.io.File(((pathPrefix + java.lang.Integer.toString(counter)) + .png)): null

2018-12-04 11:46:12 - [TEST_STEP][PASSED] - Statement - counter = counter + 1: null

2018-12-04 11:46:12 - [TEST_STEP][PASSED] - Statement - PreSaveFile = new java.io.File(((pathPrefix + java.lang.Integer.toString(counter)) + .png)): null

2018-12-04 11:46:12 - [TEST_STEP][PASSED] - Statement - counter = counter + 1: null

2018-12-04 11:46:12 - [TEST_STEP][PASSED] - Statement - PreSaveFile = new java.io.File(((pathPrefix + java.lang.Integer.toString(counter)) + .png)): null

2018-12-04 11:46:12 - [TEST_STEP][PASSED] - Statement - counter = counter + 1: null

2018-12-04 11:46:12 - [TEST_STEP][PASSED] - Statement - PreSaveFile = new java.io.File(((pathPrefix + java.lang.Integer.toString(counter)) + .png)): null

2018-12-04 11:46:12 - [TEST_STEP][PASSED] - Statement - counter = counter + 1: null

2018-12-04 11:46:12 - [TEST_STEP][PASSED] - Statement - PreSaveFile = new java.io.File(((pathPrefix + java.lang.Integer.toString(counter)) + .png)): null

2018-12-04 11:46:14 - [TEST_STEP][PASSED] - Statement - counter = counter + 1: null

2018-12-04 11:46:14 - [TEST_STEP][PASSED] - Statement - PreSaveFile = new java.io.File(((pathPrefix + java.lang.Integer.toString(counter)) + .png)): null

2018-12-04 11:46:14 - [TEST_STEP][PASSED] - Statement - counter = counter + 1: null

2018-12-04 11:46:14 - [TEST_STEP][PASSED] - Statement - PreSaveFile = new java.io.File(((pathPrefix + java.lang.Integer.toString(counter)) + .png)): null

2018-12-04 11:46:14 - [TEST_STEP][PASSED] - Statement - counter = counter + 1: null

2018-12-04 11:46:14 - [TEST_STEP][PASSED] - Statement - PreSaveFile = new java.io.File(((pathPrefix + java.lang.Integer.toString(counter)) + .png)): null

2018-12-04 11:46:14 - [TEST_STEP][PASSED] - Statement - counter = counter + 1: null

2018-12-04 11:46:14 - [TEST_STEP][PASSED] - Statement - PreSaveFile = new java.io.File(((pathPrefix + java.lang.Integer.toString(counter)) + .png)): null

2018-12-04 11:46:14 - [TEST_STEP][PASSED] - Statement - counter = counter + 1: null

2018-12-04 11:46:14 - [TEST_STEP][PASSED] - Statement - PreSaveFile = new java.io.File(((pathPrefix + java.lang.Integer.toString(counter)) + .png)): null

2018-12-04 11:46:15 - [TEST_STEP][PASSED] - Statement - counter = counter + 1: null

2018-12-04 11:46:15 - [TEST_STEP][PASSED] - Statement - PreSaveFile = new java.io.File(((pathPrefix + java.lang.Integer.toString(counter)) + .png)): null

2018-12-04 11:46:15 - [TEST_STEP][PASSED] - Statement - counter = counter + 1: null

2018-12-04 11:46:15 - [TEST_STEP][PASSED] - Statement - PreSaveFile = new java.io.File(((pathPrefix + java.lang.Integer.toString(counter)) + .png)): null

2018-12-04 11:46:15 - [TEST_STEP][PASSED] - Statement - counter = counter + 1: null

2018-12-04 11:46:15 - [TEST_STEP][PASSED] - Statement - PreSaveFile = new java.io.File(((pathPrefix + java.lang.Integer.toString(counter)) + .png)): null

2018-12-04 11:46:15 - [TEST_STEP][PASSED] - Statement - counter = counter + 1: null

2018-12-04 11:46:15 - [TEST_STEP][PASSED] - Statement - PreSaveFile = new java.io.File(((pathPrefix + java.lang.Integer.toString(counter)) + .png)): null

2018-12-04 11:46:15 - [TEST_STEP][PASSED] - Statement - counter = counter + 1: null

2018-12-04 11:46:17 - [TEST_STEP][PASSED] - Statement - PreSaveFile = new java.io.File(((pathPrefix + java.lang.Integer.toString(counter)) + .png)): null

2018-12-04 11:46:17 - [TEST_STEP][PASSED] - Statement - counter = counter + 1: null

2018-12-04 11:46:17 - [TEST_STEP][PASSED] - Statement - PreSaveFile = new java.io.File(((pathPrefix + java.lang.Integer.toString(counter)) + .png)): null

2018-12-04 11:46:17 - [TEST_STEP][PASSED] - Statement - counter = counter + 1: null

2018-12-04 11:46:17 - [TEST_STEP][PASSED] - Statement - PreSaveFile = new java.io.File(((pathPrefix + java.lang.Integer.toString(counter)) + .png)): null

2018-12-04 11:46:17 - [TEST_STEP][PASSED] - Statement - counter = counter + 1: null

2018-12-04 11:46:17 - [TEST_STEP][PASSED] - Statement - PreSaveFile = new java.io.File(((pathPrefix + java.lang.Integer.toString(counter)) + .png)): null

2018-12-04 11:46:17 - [TEST_STEP][PASSED] - Statement - counter = counter + 1: null

2018-12-04 11:46:17 - [TEST_STEP][PASSED] - Statement - PreSaveFile = new java.io.File(((pathPrefix + java.lang.Integer.toString(counter)) + .png)): null

2018-12-04 11:46:17 - [TEST_STEP][PASSED] - Statement - counter = counter + 1: null

2018-12-04 11:46:18 - [TEST_STEP][PASSED] - Statement - PreSaveFile = new java.io.File(((pathPrefix + java.lang.Integer.toString(counter)) + .png)): null

2018-12-04 11:46:18 - [TEST_STEP][PASSED] - Statement - counter = counter + 1: null

2018-12-04 11:46:18 - [TEST_STEP][PASSED] - Statement - PreSaveFile = new java.io.File(((pathPrefix + java.lang.Integer.toString(counter)) + .png)): null

2018-12-04 11:46:18 - [TEST_STEP][PASSED] - Statement - counter = counter + 1: null

2018-12-04 11:46:18 - [TEST_STEP][PASSED] - Statement - PreSaveFile = new java.io.File(((pathPrefix + java.lang.Integer.toString(counter)) + .png)): null

2018-12-04 11:46:18 - [TEST_STEP][PASSED] - Statement - counter = counter + 1: null

2018-12-04 11:46:18 - [TEST_STEP][PASSED] - Statement - PreSaveFile = new java.io.File(((pathPrefix + java.lang.Integer.toString(counter)) + .png)): null

2018-12-04 11:46:18 - [TEST_STEP][PASSED] - Statement - counter = counter + 1: null

2018-12-04 11:46:18 - [TEST_STEP][PASSED] - Statement - PreSaveFile = new java.io.File(((pathPrefix + java.lang.Integer.toString(counter)) + .png)): null

2018-12-04 11:46:18 - [TEST_STEP][PASSED] - Statement - counter = counter + 1: null

2018-12-04 11:46:20 - [TEST_STEP][PASSED] - Statement - PreSaveFile = new java.io.File(((pathPrefix + java.lang.Integer.toString(counter)) + .png)): null

2018-12-04 11:46:20 - [TEST_STEP][PASSED] - Statement - counter = counter + 1: null

2018-12-04 11:46:20 - [TEST_STEP][PASSED] - Statement - PreSaveFile = new java.io.File(((pathPrefix + java.lang.Integer.toString(counter)) + .png)): null

2018-12-04 11:46:20 - [TEST_STEP][PASSED] - Statement - counter = counter + 1: null

2018-12-04 11:46:20 - [TEST_STEP][PASSED] - Statement - PreSaveFile = new java.io.File(((pathPrefix + java.lang.Integer.toString(counter)) + .png)): null

2018-12-04 11:46:20 - [TEST_STEP][PASSED] - Statement - counter = counter + 1: null

2018-12-04 11:46:20 - [TEST_STEP][PASSED] - Statement - PreSaveFile = new java.io.File(((pathPrefix + java.lang.Integer.toString(counter)) + .png)): null

2018-12-04 11:46:20 - [TEST_STEP][PASSED] - Statement - counter = counter + 1: null

2018-12-04 11:46:20 - [TEST_STEP][PASSED] - Statement - PreSaveFile = new java.io.File(((pathPrefix + java.lang.Integer.toString(counter)) + .png)): null

2018-12-04 11:46:21 - [TEST_STEP][PASSED] - Statement - counter = counter + 1: null

2018-12-04 11:46:21 - [TEST_STEP][PASSED] - Statement - PreSaveFile = new java.io.File(((pathPrefix + java.lang.Integer.toString(counter)) + .png)): null

2018-12-04 11:46:21 - [TEST_STEP][PASSED] - Statement - counter = counter + 1: null

2018-12-04 11:46:21 - [TEST_STEP][PASSED] - Statement - PreSaveFile = new java.io.File(((pathPrefix + java.lang.Integer.toString(counter)) + .png)): null

2018-12-04 11:46:21 - [TEST_STEP][PASSED] - Statement - counter = counter + 1: null

2018-12-04 11:46:21 - [TEST_STEP][PASSED] - Statement - PreSaveFile = new java.io.File(((pathPrefix + java.lang.Integer.toString(counter)) + .png)): null

2018-12-04 11:46:21 - [TEST_STEP][PASSED] - Statement - counter = counter + 1: null

2018-12-04 11:46:21 - [TEST_STEP][PASSED] - Statement - PreSaveFile = new java.io.File(((pathPrefix + java.lang.Integer.toString(counter)) + .png)): null

2018-12-04 11:46:21 - [TEST_STEP][PASSED] - Statement - counter = counter + 1: null

2018-12-04 11:46:23 - [TEST_STEP][PASSED] - Statement - PreSaveFile = new java.io.File(((pathPrefix + java.lang.Integer.toString(counter)) + .png)): null

2018-12-04 11:46:23 - [TEST_STEP][PASSED] - Statement - counter = counter + 1: null

2018-12-04 11:46:23 - [TEST_STEP][PASSED] - Statement - PreSaveFile = new java.io.File(((pathPrefix + java.lang.Integer.toString(counter)) + .png)): null

2018-12-04 11:46:23 - [TEST_STEP][PASSED] - Statement - counter = counter + 1: null

2018-12-04 11:46:23 - [TEST_STEP][PASSED] - Statement - PreSaveFile = new java.io.File(((pathPrefix + java.lang.Integer.toString(counter)) + .png)): null

2018-12-04 11:46:23 - [TEST_STEP][PASSED] - Statement - counter = counter + 1: null

2018-12-04 11:46:23 - [TEST_STEP][PASSED] - Statement - PreSaveFile = new java.io.File(((pathPrefix + java.lang.Integer.toString(counter)) + .png)): null

2018-12-04 11:46:23 - [TEST_STEP][PASSED] - Statement - counter = counter + 1: null

2018-12-04 11:46:23 - [TEST_STEP][PASSED] - Statement - PreSaveFile = new java.io.File(((pathPrefix + java.lang.Integer.toString(counter)) + .png)): null

2018-12-04 11:46:23 - [TEST_STEP][PASSED] - Statement - counter = counter + 1: null

2018-12-04 11:46:24 - [TEST_STEP][PASSED] - Statement - PreSaveFile = new java.io.File(((pathPrefix + java.lang.Integer.toString(counter)) + .png)): null

2018-12-04 11:46:24 - [TEST_STEP][PASSED] - Statement - counter = counter + 1: null

2018-12-04 11:46:24 - [TEST_STEP][PASSED] - Statement - PreSaveFile = new java.io.File(((pathPrefix + java.lang.Integer.toString(counter)) + .png)): null

2018-12-04 11:46:24 - [TEST_STEP][PASSED] - Statement - counter = counter + 1: null

2018-12-04 11:46:24 - [TEST_STEP][PASSED] - Statement - PreSaveFile = new java.io.File(((pathPrefix + java.lang.Integer.toString(counter)) + .png)): null

2018-12-04 11:46:24 - [TEST_STEP][PASSED] - Statement - counter = counter + 1: null

2018-12-04 11:46:24 - [TEST_STEP][PASSED] - Statement - PreSaveFile = new java.io.File(((pathPrefix + java.lang.Integer.toString(counter)) + .png)): null

2018-12-04 11:46:24 - [TEST_STEP][PASSED] - Statement - counter = counter + 1: null

2018-12-04 11:46:24 - [TEST_STEP][PASSED] - Statement - PreSaveFile = new java.io.File(((pathPrefix + java.lang.Integer.toString(counter)) + .png)): null

2018-12-04 11:46:24 - [TEST_STEP][PASSED] - Statement - counter = counter + 1: null

2018-12-04 11:46:26 - [TEST_STEP][PASSED] - Statement - PreSaveFile = new java.io.File(((pathPrefix + java.lang.Integer.toString(counter)) + .png)): null

2018-12-04 11:46:26 - [TEST_STEP][PASSED] - Statement - counter = counter + 1: null

2018-12-04 11:46:26 - [TEST_STEP][PASSED] - Statement - PreSaveFile = new java.io.File(((pathPrefix + java.lang.Integer.toString(counter)) + .png)): null

2018-12-04 11:46:26 - [TEST_STEP][PASSED] - Statement - counter = counter + 1: null

2018-12-04 11:46:26 - [TEST_STEP][PASSED] - Statement - PreSaveFile = new java.io.File(((pathPrefix + java.lang.Integer.toString(counter)) + .png)): null

2018-12-04 11:46:26 - [TEST_STEP][PASSED] - Statement - counter = counter + 1: null

2018-12-04 11:46:26 - [TEST_STEP][PASSED] - Statement - PreSaveFile = new java.io.File(((pathPrefix + java.lang.Integer.toString(counter)) + .png)): null

2018-12-04 11:46:26 - [TEST_STEP][PASSED] - Statement - counter = counter + 1: null

2018-12-04 11:46:26 - [TEST_STEP][PASSED] - Statement - PreSaveFile = new java.io.File(((pathPrefix + java.lang.Integer.toString(counter)) + .png)): null

2018-12-04 11:46:26 - [TEST_STEP][PASSED] - Statement - counter = counter + 1: null

2018-12-04 11:46:28 - [TEST_STEP][PASSED] - Statement - PreSaveFile = new java.io.File(((pathPrefix + java.lang.Integer.toString(counter)) + .png)): null

2018-12-04 11:46:28 - [TEST_STEP][PASSED] - Statement - counter = counter + 1: null

2018-12-04 11:46:28 - [TEST_STEP][PASSED] - Statement - PreSaveFile = new java.io.File(((pathPrefix + java.lang.Integer.toString(counter)) + .png)): null

2018-12-04 11:46:28 - [TEST_STEP][PASSED] - Statement - counter = counter + 1: null

2018-12-04 11:46:28 - [TEST_STEP][PASSED] - Statement - PreSaveFile = new java.io.File(((pathPrefix + java.lang.Integer.toString(counter)) + .png)): null

2018-12-04 11:46:28 - [TEST_STEP][PASSED] - Statement - counter = counter + 1: null

2018-12-04 11:46:28 - [TEST_STEP][PASSED] - Statement - PreSaveFile = new java.io.File(((pathPrefix + java.lang.Integer.toString(counter)) + .png)): null

2018-12-04 11:46:28 - [TEST_STEP][PASSED] - Statement - counter = counter + 1: null

2018-12-04 11:46:28 - [TEST_STEP][PASSED] - Statement - PreSaveFile = new java.io.File(((pathPrefix + java.lang.Integer.toString(counter)) + .png)): null

2018-12-04 11:46:30 - [TEST_STEP][PASSED] - Statement - counter = counter + 1: null

2018-12-04 11:46:30 - [TEST_STEP][PASSED] - Statement - PreSaveFile = new java.io.File(((pathPrefix + java.lang.Integer.toString(counter)) + .png)): null

2018-12-04 11:46:30 - [TEST_STEP][PASSED] - Statement - counter = counter + 1: null

2018-12-04 11:46:30 - [TEST_STEP][PASSED] - Statement - PreSaveFile = new java.io.File(((pathPrefix + java.lang.Integer.toString(counter)) + .png)): null

2018-12-04 11:46:30 - [TEST_STEP][PASSED] - Statement - counter = counter + 1: null

2018-12-04 11:46:30 - [TEST_STEP][PASSED] - Statement - PreSaveFile = new java.io.File(((pathPrefix + java.lang.Integer.toString(counter)) + .png)): null

2018-12-04 11:46:30 - [TEST_STEP][PASSED] - Statement - counter = counter + 1: null

2018-12-04 11:46:30 - [TEST_STEP][PASSED] - Statement - PreSaveFile = new java.io.File(((pathPrefix + java.lang.Integer.toString(counter)) + .png)): null

2018-12-04 11:46:30 - [TEST_STEP][PASSED] - Statement - counter = counter + 1: null

2018-12-04 11:46:31 - [TEST_STEP][PASSED] - Statement - PreSaveFile = new java.io.File(((pathPrefix + java.lang.Integer.toString(counter)) + .png)): null

2018-12-04 11:46:31 - [TEST_STEP][PASSED] - Statement - counter = counter + 1: null

2018-12-04 11:46:31 - [TEST_STEP][PASSED] - Statement - PreSaveFile = new java.io.File(((pathPrefix + java.lang.Integer.toString(counter)) + .png)): null

2018-12-04 11:46:31 - [TEST_STEP][PASSED] - Statement - counter = counter + 1: null

2018-12-04 11:46:31 - [TEST_STEP][PASSED] - Statement - PreSaveFile = new java.io.File(((pathPrefix + java.lang.Integer.toString(counter)) + .png)): null

2018-12-04 11:46:31 - [TEST_STEP][PASSED] - Statement - counter = counter + 1: null

2018-12-04 11:46:31 - [TEST_STEP][PASSED] - Statement - PreSaveFile = new java.io.File(((pathPrefix + java.lang.Integer.toString(counter)) + .png)): null

2018-12-04 11:46:31 - [TEST_STEP][PASSED] - Statement - counter = counter + 1: null

2018-12-04 11:46:31 - [TEST_STEP][PASSED] - Statement - PreSaveFile = new java.io.File(((pathPrefix + java.lang.Integer.toString(counter)) + .png)): null

2018-12-04 11:46:31 - [TEST_STEP][PASSED] - Statement - counter = counter + 1: null

2018-12-04 11:46:33 - [TEST_STEP][PASSED] - Statement - PreSaveFile = new java.io.File(((pathPrefix + java.lang.Integer.toString(counter)) + .png)): null

2018-12-04 11:46:33 - [TEST_STEP][PASSED] - Statement - counter = counter + 1: null

2018-12-04 11:46:33 - [TEST_STEP][PASSED] - Statement - PreSaveFile = new java.io.File(((pathPrefix + java.lang.Integer.toString(counter)) + .png)): null

2018-12-04 11:46:33 - [TEST_STEP][PASSED] - Statement - counter = counter + 1: null

2018-12-04 11:46:33 - [TEST_STEP][PASSED] - Statement - PreSaveFile = new java.io.File(((pathPrefix + java.lang.Integer.toString(counter)) + .png)): null

2018-12-04 11:46:33 - [TEST_STEP][PASSED] - Statement - counter = counter + 1: null

2018-12-04 11:46:33 - [TEST_STEP][PASSED] - Statement - PreSaveFile = new java.io.File(((pathPrefix + java.lang.Integer.toString(counter)) + .png)): null

2018-12-04 11:46:33 - [TEST_STEP][PASSED] - Statement - counter = counter + 1: null

2018-12-04 11:46:33 - [TEST_STEP][PASSED] - Statement - PreSaveFile = new java.io.File(((pathPrefix + java.lang.Integer.toString(counter)) + .png)): null

2018-12-04 11:46:33 - [TEST_STEP][PASSED] - Statement - counter = counter + 1: null

2018-12-04 11:46:35 - [TEST_STEP][PASSED] - Statement - PreSaveFile = new java.io.File(((pathPrefix + java.lang.Integer.toString(counter)) + .png)): null

2018-12-04 11:46:35 - [TEST_STEP][PASSED] - Statement - counter = counter + 1: null

2018-12-04 11:46:35 - [TEST_STEP][PASSED] - Statement - PreSaveFile = new java.io.File(((pathPrefix + java.lang.Integer.toString(counter)) + .png)): null

2018-12-04 11:46:35 - [TEST_STEP][PASSED] - Statement - counter = counter + 1: null

2018-12-04 11:46:35 - [TEST_STEP][PASSED] - Statement - PreSaveFile = new java.io.File(((pathPrefix + java.lang.Integer.toString(counter)) + .png)): null

2018-12-04 11:46:35 - [TEST_STEP][PASSED] - Statement - counter = counter + 1: null

2018-12-04 11:46:35 - [TEST_STEP][PASSED] - Statement - PreSaveFile = new java.io.File(((pathPrefix + java.lang.Integer.toString(counter)) + .png)): null

2018-12-04 11:46:35 - [TEST_STEP][PASSED] - Statement - counter = counter + 1: null

2018-12-04 11:46:35 - [TEST_STEP][PASSED] - Statement - PreSaveFile = new java.io.File(((pathPrefix + java.lang.Integer.toString(counter)) + .png)): null

2018-12-04 11:46:37 - [TEST_STEP][PASSED] - Statement - counter = counter + 1: null

2018-12-04 11:46:37 - [TEST_STEP][PASSED] - Statement - PreSaveFile = new java.io.File(((pathPrefix + java.lang.Integer.toString(counter)) + .png)): null

2018-12-04 11:46:37 - [TEST_STEP][PASSED] - Statement - counter = counter + 1: null

2018-12-04 11:46:37 - [TEST_STEP][PASSED] - Statement - PreSaveFile = new java.io.File(((pathPrefix + java.lang.Integer.toString(counter)) + .png)): null

2018-12-04 11:46:37 - [TEST_STEP][PASSED] - Statement - counter = counter + 1: null

2018-12-04 11:46:37 - [TEST_STEP][PASSED] - Statement - PreSaveFile = new java.io.File(((pathPrefix + java.lang.Integer.toString(counter)) + .png)): null

2018-12-04 11:46:37 - [TEST_STEP][PASSED] - Statement - counter = counter + 1: null

2018-12-04 11:46:37 - [TEST_STEP][PASSED] - Statement - PreSaveFile = new java.io.File(((pathPrefix + java.lang.Integer.toString(counter)) + .png)): null

2018-12-04 11:46:37 - [TEST_STEP][PASSED] - Statement - counter = counter + 1: null

2018-12-04 11:46:37 - [TEST_STEP][PASSED] - Statement - PreSaveFile = new java.io.File(((pathPrefix + java.lang.Integer.toString(counter)) + .png)): null

2018-12-04 11:46:38 - [TEST_STEP][PASSED] - Statement - counter = counter + 1: null

2018-12-04 11:46:38 - [TEST_STEP][PASSED] - Statement - PreSaveFile = new java.io.File(((pathPrefix + java.lang.Integer.toString(counter)) + .png)): null

2018-12-04 11:46:38 - [TEST_STEP][PASSED] - Statement - counter = counter + 1: null

2018-12-04 11:46:38 - [TEST_STEP][PASSED] - Statement - PreSaveFile = new java.io.File(((pathPrefix + java.lang.Integer.toString(counter)) + .png)): null

2018-12-04 11:46:38 - [TEST_STEP][PASSED] - Statement - counter = counter + 1: null

2018-12-04 11:46:38 - [TEST_STEP][PASSED] - Statement - PreSaveFile = new java.io.File(((pathPrefix + java.lang.Integer.toString(counter)) + .png)): null

2018-12-04 11:46:38 - [TEST_STEP][PASSED] - Statement - counter = counter + 1: null

2018-12-04 11:46:38 - [TEST_STEP][PASSED] - Statement - PreSaveFile = new java.io.File(((pathPrefix + java.lang.Integer.toString(counter)) + .png)): null

2018-12-04 11:46:38 - [TEST_STEP][PASSED] - Statement - counter = counter + 1: null

2018-12-04 11:46:40 - [TEST_STEP][PASSED] - Statement - PreSaveFile = new java.io.File(((pathPrefix + java.lang.Integer.toString(counter)) + .png)): null

2018-12-04 11:46:40 - [TEST_STEP][PASSED] - Statement - counter = counter + 1: null

2018-12-04 11:46:40 - [TEST_STEP][PASSED] - Statement - PreSaveFile = new java.io.File(((pathPrefix + java.lang.Integer.toString(counter)) + .png)): null

2018-12-04 11:46:40 - [TEST_STEP][PASSED] - Statement - counter = counter + 1: null

2018-12-04 11:46:40 - [TEST_STEP][PASSED] - Statement - PreSaveFile = new java.io.File(((pathPrefix + java.lang.Integer.toString(counter)) + .png)): null

2018-12-04 11:46:40 - [TEST_STEP][PASSED] - Statement - counter = counter + 1: null

2018-12-04 11:46:40 - [TEST_STEP][PASSED] - Statement - PreSaveFile = new java.io.File(((pathPrefix + java.lang.Integer.toString(counter)) + .png)): null

2018-12-04 11:46:40 - [TEST_STEP][PASSED] - Statement - counter = counter + 1: null

2018-12-04 11:46:40 - [TEST_STEP][PASSED] - Statement - PreSaveFile = new java.io.File(((pathPrefix + java.lang.Integer.toString(counter)) + .png)): null

2018-12-04 11:46:40 - [TEST_STEP][PASSED] - Statement - counter = counter + 1: null

2018-12-04 11:46:41 - [TEST_STEP][PASSED] - Statement - PreSaveFile = new java.io.File(((pathPrefix + java.lang.Integer.toString(counter)) + .png)): null

2018-12-04 11:46:41 - [TEST_STEP][PASSED] - Statement - counter = counter + 1: null

2018-12-04 11:46:41 - [TEST_STEP][PASSED] - Statement - PreSaveFile = new java.io.File(((pathPrefix + java.lang.Integer.toString(counter)) + .png)): null

2018-12-04 11:46:41 - [TEST_STEP][PASSED] - Statement - counter = counter + 1: null

2018-12-04 11:46:41 - [TEST_STEP][PASSED] - Statement - PreSaveFile = new java.io.File(((pathPrefix + java.lang.Integer.toString(counter)) + .png)): null

2018-12-04 11:46:41 - [TEST_STEP][PASSED] - Statement - counter = counter + 1: null

2018-12-04 11:46:41 - [TEST_STEP][PASSED] - Statement - PreSaveFile = new java.io.File(((pathPrefix + java.lang.Integer.toString(counter)) + .png)): null

2018-12-04 11:46:41 - [TEST_STEP][PASSED] - Statement - counter = counter + 1: null

2018-12-04 11:46:41 - [TEST_STEP][PASSED] - Statement - PreSaveFile = new java.io.File(((pathPrefix + java.lang.Integer.toString(counter)) + .png)): null

2018-12-04 11:46:41 - [TEST_STEP][PASSED] - Statement - counter = counter + 1: null

2018-12-04 11:46:43 - [TEST_STEP][PASSED] - Statement - PreSaveFile = new java.io.File(((pathPrefix + java.lang.Integer.toString(counter)) + .png)): null

2018-12-04 11:46:43 - [TEST_STEP][PASSED] - Statement - counter = counter + 1: null

2018-12-04 11:46:43 - [TEST_STEP][PASSED] - Statement - PreSaveFile = new java.io.File(((pathPrefix + java.lang.Integer.toString(counter)) + .png)): null

2018-12-04 11:46:43 - [TEST_STEP][PASSED] - Statement - counter = counter + 1: null

2018-12-04 11:46:43 - [TEST_STEP][PASSED] - Statement - PreSaveFile = new java.io.File(((pathPrefix + java.lang.Integer.toString(counter)) + .png)): null

2018-12-04 11:46:43 - [TEST_STEP][PASSED] - Statement - counter = counter + 1: null

2018-12-04 11:46:43 - [TEST_STEP][PASSED] - Statement - PreSaveFile = new java.io.File(((pathPrefix + java.lang.Integer.toString(counter)) + .png)): null

2018-12-04 11:46:43 - [TEST_STEP][PASSED] - Statement - counter = counter + 1: null

2018-12-04 11:46:43 - [TEST_STEP][PASSED] - Statement - PreSaveFile = new java.io.File(((pathPrefix + java.lang.Integer.toString(counter)) + .png)): null

2018-12-04 11:46:45 - [TEST_STEP][PASSED] - Statement - counter = counter + 1: null

2018-12-04 11:46:45 - [TEST_STEP][PASSED] - Statement - PreSaveFile = new java.io.File(((pathPrefix + java.lang.Integer.toString(counter)) + .png)): null

2018-12-04 11:46:45 - [TEST_STEP][PASSED] - Statement - counter = counter + 1: null

2018-12-04 11:46:45 - [TEST_STEP][PASSED] - Statement - PreSaveFile = new java.io.File(((pathPrefix + java.lang.Integer.toString(counter)) + .png)): null

2018-12-04 11:46:45 - [TEST_STEP][PASSED] - Statement - counter = counter + 1: null

2018-12-04 11:46:45 - [TEST_STEP][PASSED] - Statement - PreSaveFile = new java.io.File(((pathPrefix + java.lang.Integer.toString(counter)) + .png)): null

2018-12-04 11:46:45 - [TEST_STEP][PASSED] - Statement - counter = counter + 1: null

2018-12-04 11:46:45 - [TEST_STEP][PASSED] - Statement - PreSaveFile = new java.io.File(((pathPrefix + java.lang.Integer.toString(counter)) + .png)): null

2018-12-04 11:46:45 - [TEST_STEP][PASSED] - Statement - counter = counter + 1: null

2018-12-04 11:46:46 - [TEST_STEP][PASSED] - Statement - PreSaveFile = new java.io.File(((pathPrefix + java.lang.Integer.toString(counter)) + .png)): null

2018-12-04 11:46:46 - [TEST_STEP][PASSED] - Statement - counter = counter + 1: null

2018-12-04 11:46:46 - [TEST_STEP][PASSED] - Statement - PreSaveFile = new java.io.File(((pathPrefix + java.lang.Integer.toString(counter)) + .png)): null

2018-12-04 11:46:46 - [TEST_STEP][PASSED] - Statement - counter = counter + 1: null

2018-12-04 11:46:46 - [TEST_STEP][PASSED] - Statement - PreSaveFile = new java.io.File(((pathPrefix + java.lang.Integer.toString(counter)) + .png)): null

2018-12-04 11:46:46 - [TEST_STEP][PASSED] - Statement - counter = counter + 1: null

2018-12-04 11:46:46 - [TEST_STEP][PASSED] - Statement - PreSaveFile = new java.io.File(((pathPrefix + java.lang.Integer.toString(counter)) + .png)): null

2018-12-04 11:46:46 - [TEST_STEP][PASSED] - Statement - counter = counter + 1: null

2018-12-04 11:46:46 - [TEST_STEP][PASSED] - Statement - PreSaveFile = new java.io.File(((pathPrefix + java.lang.Integer.toString(counter)) + .png)): null

2018-12-04 11:46:46 - [TEST_STEP][PASSED] - Statement - counter = counter + 1: null

2018-12-04 11:46:48 - [TEST_STEP][PASSED] - Statement - PreSaveFile = new java.io.File(((pathPrefix + java.lang.Integer.toString(counter)) + .png)): null

2018-12-04 11:46:48 - [TEST_STEP][PASSED] - Statement - counter = counter + 1: null

2018-12-04 11:46:48 - [TEST_STEP][PASSED] - Statement - PreSaveFile = new java.io.File(((pathPrefix + java.lang.Integer.toString(counter)) + .png)): null

2018-12-04 11:46:48 - [TEST_STEP][PASSED] - Statement - counter = counter + 1: null

2018-12-04 11:46:48 - [TEST_STEP][PASSED] - Statement - PreSaveFile = new java.io.File(((pathPrefix + java.lang.Integer.toString(counter)) + .png)): null

2018-12-04 11:46:48 - [TEST_STEP][PASSED] - Statement - counter = counter + 1: null

2018-12-04 11:46:48 - [TEST_STEP][PASSED] - Statement - PreSaveFile = new java.io.File(((pathPrefix + java.lang.Integer.toString(counter)) + .png)): null

2018-12-04 11:46:48 - [TEST_STEP][PASSED] - Statement - counter = counter + 1: null

2018-12-04 11:46:48 - [TEST_STEP][PASSED] - Statement - PreSaveFile = new java.io.File(((pathPrefix + java.lang.Integer.toString(counter)) + .png)): null

2018-12-04 11:46:48 - [TEST_STEP][PASSED] - Statement - counter = counter + 1: null

2018-12-04 11:46:50 - [TEST_STEP][PASSED] - Statement - PreSaveFile = new java.io.File(((pathPrefix + java.lang.Integer.toString(counter)) + .png)): null

2018-12-04 11:46:50 - [TEST_STEP][PASSED] - Statement - counter = counter + 1: null

2018-12-04 11:46:50 - [TEST_STEP][PASSED] - Statement - PreSaveFile = new java.io.File(((pathPrefix + java.lang.Integer.toString(counter)) + .png)): null

2018-12-04 11:46:50 - [TEST_STEP][PASSED] - Statement - counter = counter + 1: null

2018-12-04 11:46:50 - [TEST_STEP][PASSED] - Statement - PreSaveFile = new java.io.File(((pathPrefix + java.lang.Integer.toString(counter)) + .png)): null

2018-12-04 11:46:50 - [TEST_STEP][PASSED] - Statement - counter = counter + 1: null

2018-12-04 11:46:50 - [TEST_STEP][PASSED] - Statement - PreSaveFile = new java.io.File(((pathPrefix + java.lang.Integer.toString(counter)) + .png)): null

2018-12-04 11:46:50 - [TEST_STEP][PASSED] - Statement - counter = counter + 1: null

2018-12-04 11:46:50 - [TEST_STEP][PASSED] - Statement - PreSaveFile = new java.io.File(((pathPrefix + java.lang.Integer.toString(counter)) + .png)): null

2018-12-04 11:46:50 - [TEST_STEP][PASSED] - Statement - counter = counter + 1: null

2018-12-04 11:46:52 - [TEST_STEP][PASSED] - Statement - PreSaveFile = new java.io.File(((pathPrefix + java.lang.Integer.toString(counter)) + .png)): null

2018-12-04 11:46:52 - [TEST_STEP][PASSED] - Statement - counter = counter + 1: null

2018-12-04 11:46:52 - [TEST_STEP][PASSED] - Statement - PreSaveFile = new java.io.File(((pathPrefix + java.lang.Integer.toString(counter)) + .png)): null

2018-12-04 11:46:52 - [TEST_STEP][PASSED] - Statement - counter = counter + 1: null

2018-12-04 11:46:52 - [TEST_STEP][PASSED] - Statement - PreSaveFile = new java.io.File(((pathPrefix + java.lang.Integer.toString(counter)) + .png)): null

2018-12-04 11:46:52 - [TEST_STEP][PASSED] - Statement - counter = counter + 1: null

2018-12-04 11:46:52 - [TEST_STEP][PASSED] - Statement - PreSaveFile = new java.io.File(((pathPrefix + java.lang.Integer.toString(counter)) + .png)): null

2018-12-04 11:46:52 - [TEST_STEP][PASSED] - Statement - counter = counter + 1: null

2018-12-04 11:46:52 - [TEST_STEP][PASSED] - Statement - PreSaveFile = new java.io.File(((pathPrefix + java.lang.Integer.toString(counter)) + .png)): null

2018-12-04 11:46:54 - [TEST_STEP][PASSED] - Statement - counter = counter + 1: null

2018-12-04 11:46:54 - [TEST_STEP][PASSED] - Statement - PreSaveFile = new java.io.File(((pathPrefix + java.lang.Integer.toString(counter)) + .png)): null

2018-12-04 11:46:54 - [TEST_STEP][PASSED] - Statement - counter = counter + 1: null

2018-12-04 11:46:54 - [TEST_STEP][PASSED] - Statement - PreSaveFile = new java.io.File(((pathPrefix + java.lang.Integer.toString(counter)) + .png)): null

2018-12-04 11:46:54 - [TEST_STEP][PASSED] - Statement - counter = counter + 1: null

2018-12-04 11:46:54 - [TEST_STEP][PASSED] - Statement - PreSaveFile = new java.io.File(((pathPrefix + java.lang.Integer.toString(counter)) + .png)): null

2018-12-04 11:46:54 - [TEST_STEP][PASSED] - Statement - counter = counter + 1: null

2018-12-04 11:46:54 - [TEST_STEP][PASSED] - Statement - PreSaveFile = new java.io.File(((pathPrefix + java.lang.Integer.toString(counter)) + .png)): null

2018-12-04 11:46:54 - [TEST_STEP][PASSED] - Statement - counter = counter + 1: null

2018-12-04 11:46:56 - [TEST_STEP][PASSED] - Statement - PreSaveFile = new java.io.File(((pathPrefix + java.lang.Integer.toString(counter)) + .png)): null

2018-12-04 11:46:56 - [TEST_STEP][PASSED] - Statement - counter = counter + 1: null

2018-12-04 11:46:56 - [TEST_STEP][PASSED] - Statement - PreSaveFile = new java.io.File(((pathPrefix + java.lang.Integer.toString(counter)) + .png)): null

2018-12-04 11:46:56 - [TEST_STEP][PASSED] - Statement - counter = counter + 1: null

2018-12-04 11:46:56 - [TEST_STEP][PASSED] - Statement - PreSaveFile = new java.io.File(((pathPrefix + java.lang.Integer.toString(counter)) + .png)): null

2018-12-04 11:46:56 - [TEST_STEP][PASSED] - Statement - counter = counter + 1: null

2018-12-04 11:46:56 - [TEST_STEP][PASSED] - Statement - PreSaveFile = new java.io.File(((pathPrefix + java.lang.Integer.toString(counter)) + .png)): null

2018-12-04 11:46:56 - [TEST_STEP][PASSED] - Statement - counter = counter + 1: null

2018-12-04 11:46:56 - [TEST_STEP][PASSED] - Statement - PreSaveFile = new java.io.File(((pathPrefix + java.lang.Integer.toString(counter)) + .png)): null

2018-12-04 11:46:56 - [TEST_STEP][PASSED] - Statement - counter = counter + 1: null

2018-12-04 11:46:58 - [TEST_STEP][PASSED] - Statement - PreSaveFile = new java.io.File(((pathPrefix + java.lang.Integer.toString(counter)) + .png)): null

2018-12-04 11:46:58 - [TEST_STEP][PASSED] - Statement - counter = counter + 1: null

2018-12-04 11:46:58 - [TEST_STEP][PASSED] - Statement - PreSaveFile = new java.io.File(((pathPrefix + java.lang.Integer.toString(counter)) + .png)): null

2018-12-04 11:46:58 - [TEST_STEP][PASSED] - Statement - counter = counter + 1: null

2018-12-04 11:46:58 - [TEST_STEP][PASSED] - Statement - PreSaveFile = new java.io.File(((pathPrefix + java.lang.Integer.toString(counter)) + .png)): null

2018-12-04 11:46:58 - [TEST_STEP][PASSED] - Statement - counter = counter + 1: null

2018-12-04 11:46:58 - [TEST_STEP][PASSED] - Statement - PreSaveFile = new java.io.File(((pathPrefix + java.lang.Integer.toString(counter)) + .png)): null

2018-12-04 11:46:58 - [TEST_STEP][PASSED] - Statement - counter = counter + 1: null

2018-12-04 11:46:58 - [TEST_STEP][PASSED] - Statement - PreSaveFile = new java.io.File(((pathPrefix + java.lang.Integer.toString(counter)) + .png)): null

2018-12-04 11:46:58 - [TEST_STEP][PASSED] - Statement - counter = counter + 1: null

2018-12-04 11:47:00 - [TEST_STEP][PASSED] - Statement - PreSaveFile = new java.io.File(((pathPrefix + java.lang.Integer.toString(counter)) + .png)): null

2018-12-04 11:47:00 - [TEST_STEP][PASSED] - Statement - counter = counter + 1: null

2018-12-04 11:47:00 - [TEST_STEP][PASSED] - Statement - PreSaveFile = new java.io.File(((pathPrefix + java.lang.Integer.toString(counter)) + .png)): null

2018-12-04 11:47:00 - [TEST_STEP][PASSED] - Statement - counter = counter + 1: null

2018-12-04 11:47:00 - [TEST_STEP][PASSED] - Statement - PreSaveFile = new java.io.File(((pathPrefix + java.lang.Integer.toString(counter)) + .png)): null

2018-12-04 11:47:00 - [TEST_STEP][PASSED] - Statement - counter = counter + 1: null

2018-12-04 11:47:00 - [TEST_STEP][PASSED] - Statement - PreSaveFile = new java.io.File(((pathPrefix + java.lang.Integer.toString(counter)) + .png)): null

2018-12-04 11:47:00 - [TEST_STEP][PASSED] - Statement - counter = counter + 1: null

2018-12-04 11:47:00 - [TEST_STEP][PASSED] - Statement - PreSaveFile = new java.io.File(((pathPrefix + java.lang.Integer.toString(counter)) + .png)): null

2018-12-04 11:47:02 - [TEST_STEP][PASSED] - Statement - counter = counter + 1: null

2018-12-04 11:47:02 - [TEST_STEP][PASSED] - Statement - PreSaveFile = new java.io.File(((pathPrefix + java.lang.Integer.toString(counter)) + .png)): null

2018-12-04 11:47:02 - [TEST_STEP][PASSED] - Statement - counter = counter + 1: null

2018-12-04 11:47:02 - [TEST_STEP][PASSED] - Statement - PreSaveFile = new java.io.File(((pathPrefix + java.lang.Integer.toString(counter)) + .png)): null

2018-12-04 11:47:02 - [TEST_STEP][PASSED] - Statement - counter = counter + 1: null

2018-12-04 11:47:02 - [TEST_STEP][PASSED] - Statement - PreSaveFile = new java.io.File(((pathPrefix + java.lang.Integer.toString(counter)) + .png)): null

2018-12-04 11:47:02 - [TEST_STEP][PASSED] - Statement - counter = counter + 1: null

2018-12-04 11:47:02 - [TEST_STEP][PASSED] - Statement - PreSaveFile = new java.io.File(((pathPrefix + java.lang.Integer.toString(counter)) + .png)): null

2018-12-04 11:47:02 - [TEST_STEP][PASSED] - Statement - counter = counter + 1: null

2018-12-04 11:47:02 - [TEST_STEP][PASSED] - Statement - PreSaveFile = new java.io.File(((pathPrefix + java.lang.Integer.toString(counter)) + .png)): null

2018-12-04 11:47:04 - [TEST_STEP][PASSED] - Statement - counter = counter + 1: null

2018-12-04 11:47:04 - [TEST_STEP][PASSED] - Statement - PreSaveFile = new java.io.File(((pathPrefix + java.lang.Integer.toString(counter)) + .png)): null

2018-12-04 11:47:04 - [TEST_STEP][PASSED] - Statement - counter = counter + 1: null

2018-12-04 11:47:04 - [TEST_STEP][PASSED] - Statement - PreSaveFile = new java.io.File(((pathPrefix + java.lang.Integer.toString(counter)) + .png)): null

2018-12-04 11:47:04 - [TEST_STEP][PASSED] - Statement - counter = counter + 1: null

2018-12-04 11:47:04 - [TEST_STEP][PASSED] - Statement - PreSaveFile = new java.io.File(((pathPrefix + java.lang.Integer.toString(counter)) + .png)): null

2018-12-04 11:47:04 - [TEST_STEP][PASSED] - Statement - counter = counter + 1: null

2018-12-04 11:47:04 - [TEST_STEP][PASSED] - Statement - PreSaveFile = new java.io.File(((pathPrefix + java.lang.Integer.toString(counter)) + .png)): null

2018-12-04 11:47:04 - [TEST_STEP][PASSED] - Statement - counter = counter + 1: null

2018-12-04 11:47:06 - [TEST_STEP][PASSED] - Statement - PreSaveFile = new java.io.File(((pathPrefix + java.lang.Integer.toString(counter)) + .png)): null

2018-12-04 11:47:06 - [TEST_STEP][PASSED] - Statement - counter = counter + 1: null

2018-12-04 11:47:06 - [TEST_STEP][PASSED] - Statement - PreSaveFile = new java.io.File(((pathPrefix + java.lang.Integer.toString(counter)) + .png)): null

2018-12-04 11:47:06 - [TEST_STEP][PASSED] - Statement - counter = counter + 1: null

2018-12-04 11:47:06 - [TEST_STEP][PASSED] - Statement - PreSaveFile = new java.io.File(((pathPrefix + java.lang.Integer.toString(counter)) + .png)): null

2018-12-04 11:47:06 - [TEST_STEP][PASSED] - Statement - counter = counter + 1: null

2018-12-04 11:47:06 - [TEST_STEP][PASSED] - Statement - PreSaveFile = new java.io.File(((pathPrefix + java.lang.Integer.toString(counter)) + .png)): null

2018-12-04 11:47:06 - [TEST_STEP][PASSED] - Statement - counter = counter + 1: null

2018-12-04 11:47:06 - [TEST_STEP][PASSED] - Statement - PreSaveFile = new java.io.File(((pathPrefix + java.lang.Integer.toString(counter)) + .png)): null

2018-12-04 11:47:06 - [TEST_STEP][PASSED] - Statement - counter = counter + 1: null

2018-12-04 11:47:08 - [TEST_STEP][PASSED] - Statement - PreSaveFile = new java.io.File(((pathPrefix + java.lang.Integer.toString(counter)) + .png)): null

2018-12-04 11:47:08 - [TEST_STEP][PASSED] - Statement - counter = counter + 1: null

2018-12-04 11:47:08 - [TEST_STEP][PASSED] - Statement - PreSaveFile = new java.io.File(((pathPrefix + java.lang.Integer.toString(counter)) + .png)): null

2018-12-04 11:47:08 - [TEST_STEP][PASSED] - Statement - counter = counter + 1: null

2018-12-04 11:47:08 - [TEST_STEP][PASSED] - Statement - PreSaveFile = new java.io.File(((pathPrefix + java.lang.Integer.toString(counter)) + .png)): null

2018-12-04 11:47:08 - [TEST_STEP][PASSED] - Statement - counter = counter + 1: null

2018-12-04 11:47:08 - [TEST_STEP][PASSED] - Statement - PreSaveFile = new java.io.File(((pathPrefix + java.lang.Integer.toString(counter)) + .png)): null

2018-12-04 11:47:08 - [TEST_STEP][PASSED] - Statement - counter = counter + 1: null

2018-12-04 11:47:08 - [TEST_STEP][PASSED] - Statement - PreSaveFile = new java.io.File(((pathPrefix + java.lang.Integer.toString(counter)) + .png)): null

2018-12-04 11:47:08 - [TEST_STEP][PASSED] - Statement - counter = counter + 1: null

2018-12-04 11:47:10 - [TEST_STEP][PASSED] - Statement - PreSaveFile = new java.io.File(((pathPrefix + java.lang.Integer.toString(counter)) + .png)): null

2018-12-04 11:47:10 - [TEST_STEP][PASSED] - Statement - counter = counter + 1: null

2018-12-04 11:47:10 - [TEST_STEP][PASSED] - Statement - PreSaveFile = new java.io.File(((pathPrefix + java.lang.Integer.toString(counter)) + .png)): null

2018-12-04 11:47:10 - [TEST_STEP][PASSED] - Statement - counter = counter + 1: null

2018-12-04 11:47:10 - [TEST_STEP][PASSED] - Statement - PreSaveFile = new java.io.File(((pathPrefix + java.lang.Integer.toString(counter)) + .png)): null

2018-12-04 11:47:10 - [TEST_STEP][PASSED] - Statement - counter = counter + 1: null

2018-12-04 11:47:10 - [TEST_STEP][PASSED] - Statement - PreSaveFile = new java.io.File(((pathPrefix + java.lang.Integer.toString(counter)) + .png)): null

2018-12-04 11:47:10 - [TEST_STEP][PASSED] - Statement - counter = counter + 1: null

2018-12-04 11:47:10 - [TEST_STEP][PASSED] - Statement - PreSaveFile = new java.io.File(((pathPrefix + java.lang.Integer.toString(counter)) + .png)): null

2018-12-04 11:47:11 - [TEST_STEP][PASSED] - Statement - counter = counter + 1: null

2018-12-04 11:47:11 - [TEST_STEP][PASSED] - Statement - PreSaveFile = new java.io.File(((pathPrefix + java.lang.Integer.toString(counter)) + .png)): null

2018-12-04 11:47:11 - [TEST_STEP][PASSED] - Statement - counter = counter + 1: null

2018-12-04 11:47:11 - [TEST_STEP][PASSED] - Statement - PreSaveFile = new java.io.File(((pathPrefix + java.lang.Integer.toString(counter)) + .png)): null

2018-12-04 11:47:11 - [TEST_STEP][PASSED] - Statement - counter = counter + 1: null

2018-12-04 11:47:11 - [TEST_STEP][PASSED] - Statement - PreSaveFile = new java.io.File(((pathPrefix + java.lang.Integer.toString(counter)) + .png)): null

2018-12-04 11:47:11 - [TEST_STEP][PASSED] - Statement - counter = counter + 1: null

2018-12-04 11:47:11 - [TEST_STEP][PASSED] - Statement - PreSaveFile = new java.io.File(((pathPrefix + java.lang.Integer.toString(counter)) + .png)): null

2018-12-04 11:47:11 - [TEST_STEP][PASSED] - Statement - counter = counter + 1: null

2018-12-04 11:47:14 - [TEST_STEP][PASSED] - Statement - PreSaveFile = new java.io.File(((pathPrefix + java.lang.Integer.toString(counter)) + .png)): null

2018-12-04 11:47:14 - [TEST_STEP][PASSED] - Statement - counter = counter + 1: null

2018-12-04 11:47:14 - [TEST_STEP][PASSED] - Statement - PreSaveFile = new java.io.File(((pathPrefix + java.lang.Integer.toString(counter)) + .png)): null

2018-12-04 11:47:14 - [TEST_STEP][PASSED] - Statement - counter = counter + 1: null

2018-12-04 11:47:14 - [TEST_STEP][PASSED] - Statement - PreSaveFile = new java.io.File(((pathPrefix + java.lang.Integer.toString(counter)) + .png)): null

2018-12-04 11:47:14 - [TEST_STEP][PASSED] - Statement - counter = counter + 1: null

2018-12-04 11:47:14 - [TEST_STEP][PASSED] - Statement - PreSaveFile = new java.io.File(((pathPrefix + java.lang.Integer.toString(counter)) + .png)): null

2018-12-04 11:47:14 - [TEST_STEP][PASSED] - Statement - counter = counter + 1: null

2018-12-04 11:47:14 - [TEST_STEP][PASSED] - Statement - PreSaveFile = new java.io.File(((pathPrefix + java.lang.Integer.toString(counter)) + .png)): null

2018-12-04 11:47:14 - [TEST_STEP][PASSED] - Statement - counter = counter + 1: null

2018-12-04 11:47:16 - [TEST_STEP][PASSED] - Statement - PreSaveFile = new java.io.File(((pathPrefix + java.lang.Integer.toString(counter)) + .png)): null

2018-12-04 11:47:16 - [TEST_STEP][PASSED] - Statement - counter = counter + 1: null

2018-12-04 11:47:16 - [TEST_STEP][PASSED] - Statement - PreSaveFile = new java.io.File(((pathPrefix + java.lang.Integer.toString(counter)) + .png)): null

2018-12-04 11:47:16 - [TEST_STEP][PASSED] - Statement - counter = counter + 1: null

2018-12-04 11:47:16 - [TEST_STEP][PASSED] - Statement - PreSaveFile = new java.io.File(((pathPrefix + java.lang.Integer.toString(counter)) + .png)): null

2018-12-04 11:47:16 - [TEST_STEP][PASSED] - Statement - counter = counter + 1: null

2018-12-04 11:47:16 - [TEST_STEP][PASSED] - Statement - PreSaveFile = new java.io.File(((pathPrefix + java.lang.Integer.toString(counter)) + .png)): null

2018-12-04 11:47:16 - [TEST_STEP][PASSED] - Statement - counter = counter + 1: null

2018-12-04 11:47:16 - [TEST_STEP][PASSED] - Statement - PreSaveFile = new java.io.File(((pathPrefix + java.lang.Integer.toString(counter)) + .png)): null

2018-12-04 11:47:16 - [TEST_STEP][PASSED] - Statement - counter = counter + 1: null

2018-12-04 11:47:18 - [TEST_STEP][PASSED] - Statement - PreSaveFile = new java.io.File(((pathPrefix + java.lang.Integer.toString(counter)) + .png)): null

2018-12-04 11:47:18 - [TEST_STEP][PASSED] - Statement - counter = counter + 1: null

2018-12-04 11:47:18 - [TEST_STEP][PASSED] - Statement - PreSaveFile = new java.io.File(((pathPrefix + java.lang.Integer.toString(counter)) + .png)): null

2018-12-04 11:47:18 - [TEST_STEP][PASSED] - Statement - counter = counter + 1: null

2018-12-04 11:47:18 - [TEST_STEP][PASSED] - Statement - PreSaveFile = new java.io.File(((pathPrefix + java.lang.Integer.toString(counter)) + .png)): null

2018-12-04 11:47:18 - [TEST_STEP][PASSED] - Statement - counter = counter + 1: null

2018-12-04 11:47:18 - [TEST_STEP][PASSED] - Statement - PreSaveFile = new java.io.File(((pathPrefix + java.lang.Integer.toString(counter)) + .png)): null

2018-12-04 11:47:18 - [TEST_STEP][PASSED] - Statement - counter = counter + 1: null

2018-12-04 11:47:18 - [TEST_STEP][PASSED] - Statement - PreSaveFile = new java.io.File(((pathPrefix + java.lang.Integer.toString(counter)) + .png)): null

2018-12-04 11:47:18 - [TEST_STEP][PASSED] - Statement - counter = counter + 1: null

2018-12-04 11:47:20 - [TEST_STEP][PASSED] - Statement - PreSaveFile = new java.io.File(((pathPrefix + java.lang.Integer.toString(counter)) + .png)): null

2018-12-04 11:47:20 - [TEST_STEP][PASSED] - Statement - counter = counter + 1: null

2018-12-04 11:47:20 - [TEST_STEP][PASSED] - Statement - PreSaveFile = new java.io.File(((pathPrefix + java.lang.Integer.toString(counter)) + .png)): null

2018-12-04 11:47:20 - [TEST_STEP][PASSED] - Statement - counter = counter + 1: null

2018-12-04 11:47:20 - [TEST_STEP][PASSED] - Statement - PreSaveFile = new java.io.File(((pathPrefix + java.lang.Integer.toString(counter)) + .png)): null

2018-12-04 11:47:20 - [TEST_STEP][PASSED] - Statement - counter = counter + 1: null

2018-12-04 11:47:20 - [TEST_STEP][PASSED] - Statement - PreSaveFile = new java.io.File(((pathPrefix + java.lang.Integer.toString(counter)) + .png)): null

2018-12-04 11:47:20 - [TEST_STEP][PASSED] - Statement - counter = counter + 1: null

2018-12-04 11:47:20 - [TEST_STEP][PASSED] - Statement - PreSaveFile = new java.io.File(((pathPrefix + java.lang.Integer.toString(counter)) + .png)): null

2018-12-04 11:47:22 - [TEST_STEP][PASSED] - Statement - counter = counter + 1: null

2018-12-04 11:47:22 - [TEST_STEP][PASSED] - Statement - PreSaveFile = new java.io.File(((pathPrefix + java.lang.Integer.toString(counter)) + .png)): null

2018-12-04 11:47:22 - [TEST_STEP][PASSED] - Statement - counter = counter + 1: null

2018-12-04 11:47:22 - [TEST_STEP][PASSED] - Statement - PreSaveFile = new java.io.File(((pathPrefix + java.lang.Integer.toString(counter)) + .png)): null

2018-12-04 11:47:22 - [TEST_STEP][PASSED] - Statement - counter = counter + 1: null

2018-12-04 11:47:22 - [TEST_STEP][PASSED] - Statement - PreSaveFile = new java.io.File(((pathPrefix + java.lang.Integer.toString(counter)) + .png)): null

2018-12-04 11:47:22 - [TEST_STEP][PASSED] - Statement - counter = counter + 1: null

2018-12-04 11:47:22 - [TEST_STEP][PASSED] - Statement - PreSaveFile = new java.io.File(((pathPrefix + java.lang.Integer.toString(counter)) + .png)): null

2018-12-04 11:47:22 - [TEST_STEP][PASSED] - Statement - counter = counter + 1: null

2018-12-04 11:47:24 - [TEST_STEP][PASSED] - Statement - PreSaveFile = new java.io.File(((pathPrefix + java.lang.Integer.toString(counter)) + .png)): null

2018-12-04 11:47:24 - [TEST_STEP][PASSED] - Statement - counter = counter + 1: null

2018-12-04 11:47:24 - [TEST_STEP][PASSED] - Statement - PreSaveFile = new java.io.File(((pathPrefix + java.lang.Integer.toString(counter)) + .png)): null

2018-12-04 11:47:24 - [TEST_STEP][PASSED] - Statement - counter = counter + 1: null

2018-12-04 11:47:24 - [TEST_STEP][PASSED] - Statement - PreSaveFile = new java.io.File(((pathPrefix + java.lang.Integer.toString(counter)) + .png)): null

2018-12-04 11:47:24 - [TEST_STEP][PASSED] - Statement - counter = counter + 1: null

2018-12-04 11:47:24 - [TEST_STEP][PASSED] - Statement - PreSaveFile = new java.io.File(((pathPrefix + java.lang.Integer.toString(counter)) + .png)): null

2018-12-04 11:47:24 - [TEST_STEP][PASSED] - Statement - counter = counter + 1: null

2018-12-04 11:47:24 - [TEST_STEP][PASSED] - Statement - PreSaveFile = new java.io.File(((pathPrefix + java.lang.Integer.toString(counter)) + .png)): null

2018-12-04 11:47:24 - [TEST_STEP][PASSED] - Statement - counter = counter + 1: null

2018-12-04 11:47:26 - [TEST_STEP][PASSED] - Statement - PreSaveFile = new java.io.File(((pathPrefix + java.lang.Integer.toString(counter)) + .png)): null

2018-12-04 11:47:26 - [TEST_STEP][PASSED] - Statement - counter = counter + 1: null

2018-12-04 11:47:26 - [TEST_STEP][PASSED] - Statement - PreSaveFile = new java.io.File(((pathPrefix + java.lang.Integer.toString(counter)) + .png)): null

2018-12-04 11:47:26 - [TEST_STEP][PASSED] - Statement - counter = counter + 1: null

2018-12-04 11:47:26 - [TEST_STEP][PASSED] - Statement - PreSaveFile = new java.io.File(((pathPrefix + java.lang.Integer.toString(counter)) + .png)): null

2018-12-04 11:47:26 - [TEST_STEP][PASSED] - Statement - counter = counter + 1: null

2018-12-04 11:47:26 - [TEST_STEP][PASSED] - Statement - PreSaveFile = new java.io.File(((pathPrefix + java.lang.Integer.toString(counter)) + .png)): null

2018-12-04 11:47:26 - [TEST_STEP][PASSED] - Statement - counter = counter + 1: null

2018-12-04 11:47:26 - [TEST_STEP][PASSED] - Statement - PreSaveFile = new java.io.File(((pathPrefix + java.lang.Integer.toString(counter)) + .png)): null

2018-12-04 11:47:26 - [TEST_STEP][PASSED] - Statement - counter = counter + 1: null

2018-12-04 11:47:28 - [TEST_STEP][PASSED] - Statement - PreSaveFile = new java.io.File(((pathPrefix + java.lang.Integer.toString(counter)) + .png)): null

2018-12-04 11:47:28 - [TEST_STEP][PASSED] - Statement - counter = counter + 1: null

2018-12-04 11:47:28 - [TEST_STEP][PASSED] - Statement - PreSaveFile = new java.io.File(((pathPrefix + java.lang.Integer.toString(counter)) + .png)): null

2018-12-04 11:47:28 - [TEST_STEP][PASSED] - Statement - counter = counter + 1: null

2018-12-04 11:47:28 - [TEST_STEP][PASSED] - Statement - PreSaveFile = new java.io.File(((pathPrefix + java.lang.Integer.toString(counter)) + .png)): null

2018-12-04 11:47:28 - [TEST_STEP][PASSED] - Statement - counter = counter + 1: null

2018-12-04 11:47:28 - [TEST_STEP][PASSED] - Statement - PreSaveFile = new java.io.File(((pathPrefix + java.lang.Integer.toString(counter)) + .png)): null

2018-12-04 11:47:28 - [TEST_STEP][PASSED] - Statement - counter = counter + 1: null

2018-12-04 11:47:28 - [TEST_STEP][PASSED] - Statement - PreSaveFile = new java.io.File(((pathPrefix + java.lang.Integer.toString(counter)) + .png)): null

2018-12-04 11:47:30 - [TEST_STEP][PASSED] - Statement - counter = counter + 1: null

2018-12-04 11:47:30 - [TEST_STEP][PASSED] - Statement - PreSaveFile = new java.io.File(((pathPrefix + java.lang.Integer.toString(counter)) + .png)): null

2018-12-04 11:47:30 - [TEST_STEP][PASSED] - Statement - counter = counter + 1: null

2018-12-04 11:47:30 - [TEST_STEP][PASSED] - Statement - PreSaveFile = new java.io.File(((pathPrefix + java.lang.Integer.toString(counter)) + .png)): null

2018-12-04 11:47:30 - [TEST_STEP][PASSED] - Statement - counter = counter + 1: null

2018-12-04 11:47:30 - [TEST_STEP][PASSED] - Statement - PreSaveFile = new java.io.File(((pathPrefix + java.lang.Integer.toString(counter)) + .png)): null

2018-12-04 11:47:30 - [TEST_STEP][PASSED] - Statement - counter = counter + 1: null

2018-12-04 11:47:30 - [TEST_STEP][PASSED] - Statement - PreSaveFile = new java.io.File(((pathPrefix + java.lang.Integer.toString(counter)) + .png)): null

2018-12-04 11:47:30 - [TEST_STEP][PASSED] - Statement - counter = counter + 1: null

2018-12-04 11:47:30 - [TEST_STEP][PASSED] - Statement - PreSaveFile = new java.io.File(((pathPrefix + java.lang.Integer.toString(counter)) + .png)): null

2018-12-04 11:47:32 - [TEST_STEP][PASSED] - Statement - counter = counter + 1: null

2018-12-04 11:47:32 - [TEST_STEP][PASSED] - Statement - PreSaveFile = new java.io.File(((pathPrefix + java.lang.Integer.toString(counter)) + .png)): null

2018-12-04 11:47:32 - [TEST_STEP][PASSED] - Statement - counter = counter + 1: null

2018-12-04 11:47:32 - [TEST_STEP][PASSED] - Statement - PreSaveFile = new java.io.File(((pathPrefix + java.lang.Integer.toString(counter)) + .png)): null

2018-12-04 11:47:32 - [TEST_STEP][PASSED] - Statement - counter = counter + 1: null

2018-12-04 11:47:32 - [TEST_STEP][PASSED] - Statement - PreSaveFile = new java.io.File(((pathPrefix + java.lang.Integer.toString(counter)) + .png)): null

2018-12-04 11:47:32 - [TEST_STEP][PASSED] - Statement - counter = counter + 1: null

2018-12-04 11:47:32 - [TEST_STEP][PASSED] - Statement - PreSaveFile = new java.io.File(((pathPrefix + java.lang.Integer.toString(counter)) + .png)): null

2018-12-04 11:47:32 - [TEST_STEP][PASSED] - Statement - counter = counter + 1: null

2018-12-04 11:47:34 - [TEST_STEP][PASSED] - Statement - PreSaveFile = new java.io.File(((pathPrefix + java.lang.Integer.toString(counter)) + .png)): null

2018-12-04 11:47:34 - [TEST_STEP][PASSED] - Statement - counter = counter + 1: null

2018-12-04 11:47:34 - [TEST_STEP][PASSED] - Statement - PreSaveFile = new java.io.File(((pathPrefix + java.lang.Integer.toString(counter)) + .png)): null

2018-12-04 11:47:34 - [TEST_STEP][PASSED] - Statement - counter = counter + 1: null

2018-12-04 11:47:34 - [TEST_STEP][PASSED] - Statement - PreSaveFile = new java.io.File(((pathPrefix + java.lang.Integer.toString(counter)) + .png)): null

2018-12-04 11:47:34 - [TEST_STEP][PASSED] - Statement - counter = counter + 1: null

2018-12-04 11:47:34 - [TEST_STEP][PASSED] - Statement - PreSaveFile = new java.io.File(((pathPrefix + java.lang.Integer.toString(counter)) + .png)): null

2018-12-04 11:47:34 - [TEST_STEP][PASSED] - Statement - counter = counter + 1: null

2018-12-04 11:47:34 - [TEST_STEP][PASSED] - Statement - PreSaveFile = new java.io.File(((pathPrefix + java.lang.Integer.toString(counter)) + .png)): null

2018-12-04 11:47:34 - [TEST_STEP][PASSED] - Statement - counter = counter + 1: null

2018-12-04 11:47:36 - [TEST_STEP][PASSED] - Statement - PreSaveFile = new java.io.File(((pathPrefix + java.lang.Integer.toString(counter)) + .png)): null

2018-12-04 11:47:36 - [TEST_STEP][PASSED] - Statement - counter = counter + 1: null

2018-12-04 11:47:36 - [TEST_STEP][PASSED] - Statement - PreSaveFile = new java.io.File(((pathPrefix + java.lang.Integer.toString(counter)) + .png)): null

2018-12-04 11:47:36 - [TEST_STEP][PASSED] - Statement - counter = counter + 1: null

2018-12-04 11:47:36 - [TEST_STEP][PASSED] - Statement - PreSaveFile = new java.io.File(((pathPrefix + java.lang.Integer.toString(counter)) + .png)): null

2018-12-04 11:47:36 - [TEST_STEP][PASSED] - Statement - counter = counter + 1: null

2018-12-04 11:47:36 - [TEST_STEP][PASSED] - Statement - PreSaveFile = new java.io.File(((pathPrefix + java.lang.Integer.toString(counter)) + .png)): null

2018-12-04 11:47:36 - [TEST_STEP][PASSED] - Statement - counter = counter + 1: null

2018-12-04 11:47:36 - [TEST_STEP][PASSED] - Statement - PreSaveFile = new java.io.File(((pathPrefix + java.lang.Integer.toString(counter)) + .png)): null

2018-12-04 11:47:36 - [TEST_STEP][PASSED] - Statement - counter = counter + 1: null

2018-12-04 11:47:38 - [TEST_STEP][PASSED] - Statement - PreSaveFile = new java.io.File(((pathPrefix + java.lang.Integer.toString(counter)) + .png)): null

2018-12-04 11:47:38 - [TEST_STEP][PASSED] - Statement - counter = counter + 1: null

2018-12-04 11:47:38 - [TEST_STEP][PASSED] - Statement - PreSaveFile = new java.io.File(((pathPrefix + java.lang.Integer.toString(counter)) + .png)): null

2018-12-04 11:47:38 - [TEST_STEP][PASSED] - Statement - counter = counter + 1: null

2018-12-04 11:47:38 - [TEST_STEP][PASSED] - Statement - PreSaveFile = new java.io.File(((pathPrefix + java.lang.Integer.toString(counter)) + .png)): null

2018-12-04 11:47:38 - [TEST_STEP][PASSED] - Statement - counter = counter + 1: null

2018-12-04 11:47:38 - [TEST_STEP][PASSED] - Statement - PreSaveFile = new java.io.File(((pathPrefix + java.lang.Integer.toString(counter)) + .png)): null

2018-12-04 11:47:38 - [TEST_STEP][PASSED] - Statement - counter = counter + 1: null

2018-12-04 11:47:38 - [TEST_STEP][PASSED] - Statement - PreSaveFile = new java.io.File(((pathPrefix + java.lang.Integer.toString(counter)) + .png)): null

2018-12-04 11:47:41 - [TEST_STEP][PASSED] - Statement - counter = counter + 1: null

2018-12-04 11:47:41 - [TEST_STEP][PASSED] - Statement - PreSaveFile = new java.io.File(((pathPrefix + java.lang.Integer.toString(counter)) + .png)): null

2018-12-04 11:47:41 - [TEST_STEP][PASSED] - Statement - counter = counter + 1: null

2018-12-04 11:47:41 - [TEST_STEP][PASSED] - Statement - PreSaveFile = new java.io.File(((pathPrefix + java.lang.Integer.toString(counter)) + .png)): null

2018-12-04 11:47:41 - [TEST_STEP][PASSED] - Statement - counter = counter + 1: null

2018-12-04 11:47:41 - [TEST_STEP][PASSED] - Statement - PreSaveFile = new java.io.File(((pathPrefix + java.lang.Integer.toString(counter)) + .png)): null

2018-12-04 11:47:41 - [TEST_STEP][PASSED] - Statement - counter = counter + 1: null

2018-12-04 11:47:41 - [TEST_STEP][PASSED] - Statement - PreSaveFile = new java.io.File(((pathPrefix + java.lang.Integer.toString(counter)) + .png)): null

2018-12-04 11:47:41 - [TEST_STEP][PASSED] - Statement - counter = counter + 1: null

2018-12-04 11:47:43 - [TEST_STEP][PASSED] - Statement - PreSaveFile = new java.io.File(((pathPrefix + java.lang.Integer.toString(counter)) + .png)): null

2018-12-04 11:47:43 - [TEST_STEP][PASSED] - Statement - counter = counter + 1: null

2018-12-04 11:47:43 - [TEST_STEP][PASSED] - Statement - PreSaveFile = new java.io.File(((pathPrefix + java.lang.Integer.toString(counter)) + .png)): null

2018-12-04 11:47:43 - [TEST_STEP][PASSED] - Statement - counter = counter + 1: null

2018-12-04 11:47:43 - [TEST_STEP][PASSED] - Statement - PreSaveFile = new java.io.File(((pathPrefix + java.lang.Integer.toString(counter)) + .png)): null

2018-12-04 11:47:43 - [TEST_STEP][PASSED] - Statement - counter = counter + 1: null

2018-12-04 11:47:43 - [TEST_STEP][PASSED] - Statement - PreSaveFile = new java.io.File(((pathPrefix + java.lang.Integer.toString(counter)) + .png)): null

2018-12-04 11:47:43 - [TEST_STEP][PASSED] - Statement - counter = counter + 1: null

2018-12-04 11:47:43 - [TEST_STEP][PASSED] - Statement - PreSaveFile = new java.io.File(((pathPrefix + java.lang.Integer.toString(counter)) + .png)): null

2018-12-04 11:47:43 - [TEST_STEP][PASSED] - Statement - counter = counter + 1: null

2018-12-04 11:47:46 - [TEST_STEP][PASSED] - Statement - PreSaveFile = new java.io.File(((pathPrefix + java.lang.Integer.toString(counter)) + .png)): null

2018-12-04 11:47:46 - [TEST_STEP][PASSED] - Statement - counter = counter + 1: null

2018-12-04 11:47:46 - [TEST_STEP][PASSED] - Statement - PreSaveFile = new java.io.File(((pathPrefix + java.lang.Integer.toString(counter)) + .png)): null

2018-12-04 11:47:46 - [TEST_STEP][PASSED] - Statement - counter = counter + 1: null

2018-12-04 11:47:46 - [TEST_STEP][PASSED] - Statement - PreSaveFile = new java.io.File(((pathPrefix + java.lang.Integer.toString(counter)) + .png)): null

2018-12-04 11:47:46 - [TEST_STEP][PASSED] - Statement - counter = counter + 1: null

2018-12-04 11:47:46 - [TEST_STEP][PASSED] - Statement - PreSaveFile = new java.io.File(((pathPrefix + java.lang.Integer.toString(counter)) + .png)): null

2018-12-04 11:47:46 - [TEST_STEP][PASSED] - Statement - counter = counter + 1: null

2018-12-04 11:47:46 - [TEST_STEP][PASSED] - Statement - PreSaveFile = new java.io.File(((pathPrefix + java.lang.Integer.toString(counter)) + .png)): null

2018-12-04 11:47:46 - [TEST_STEP][PASSED] - Statement - counter = counter + 1: null

2018-12-04 11:47:48 - [TEST_STEP][PASSED] - Statement - PreSaveFile = new java.io.File(((pathPrefix + java.lang.Integer.toString(counter)) + .png)): null

2018-12-04 11:47:48 - [TEST_STEP][PASSED] - Statement - counter = counter + 1: null

2018-12-04 11:47:48 - [TEST_STEP][PASSED] - Statement - PreSaveFile = new java.io.File(((pathPrefix + java.lang.Integer.toString(counter)) + .png)): null

2018-12-04 11:47:48 - [TEST_STEP][PASSED] - Statement - finalPath = pathPrefix + java.lang.Integer.toString(counter) + ".png": null

2018-12-04 11:47:48 - [TEST_STEP][PASSED] - Statement - SaveFile = new java.io.File(finalPath): null

2018-12-04 11:47:48 - [TEST_STEP][PASSED] - Statement - Try: null

2018-12-04 11:47:48 - [TEST_STEP][PASSED] - Statement - org.apache.commons.io.FileUtils.copyFile(scrFile, SaveFile): null

2018-12-04 11:47:48 - [TEST_STEP][PASSED] - Statement - out.println("file kept"): null

2018-12-04 11:47:48 - [TEST_STEP][PASSED] - delay: Delayed 10 second(s)

2018-12-04 11:48:00 - [MESSAGE][PASSED] - Delayed 10 second(s)

2018-12-04 11:48:00 - [MESSAGE][PASSED] - Call Test Case 'Test Cases/Final Aug 2018 - PKS Automation/Common/Screenshoting tool' successfully

2018-12-04 11:48:00 - [TEST_STEP][PASSED] - callTestCase: Call Test Case 'Test Cases/Final Aug 2018 - PKS Automation/Registration Module/Log Out/log out avoiding katalon tagging' successfully

2018-12-04 11:48:00 - [TEST_CASE][PASSED] - Test Cases/Final Aug 2018 - PKS Automation/Registration Module/Log Out/log out avoiding katalon tagging: Test Cases/Final Aug 2018 - PKS Automation/Registration Module/Log Out/log out avoiding katalon tagging

2018-12-04 11:48:00 - [TEST_STEP][PASSED] - navigateToUrl: Navigate to 'https://assist2-uat.perkeso.gov.my/c/portal/logout' successfully

2018-12-04 11:48:01 - [MESSAGE][PASSED] - Navigate to 'https://assist2-uat.perkeso.gov.my/c/portal/logout' successfully

2018-12-04 11:48:01 - [MESSAGE][PASSED] - Call Test Case 'Test Cases/Final Aug 2018 - PKS Automation/Registration Module/Log Out/log out avoiding katalon tagging' successfully

2018-12-04 11:48:01 - [TEST_STEP][PASSED] - delay: Delayed 2 second(s)

2018-12-04 11:48:03 - [MESSAGE][PASSED] - Delayed 2 second(s)

2018-12-04 11:48:03 - [TEST_STEP][PASSED] - setText: Text 'johorro3@gmail.com' is set on object 'Object Repository/Final Object Repo/New Registration - Registration Module Pages/New Reg - OTC to RO/Special Case - All Related Objects/Email TextBox'

2018-12-04 11:48:03 - [MESSAGE][PASSED] - Text 'johorro3@gmail.com' is set on object 'Object Repository/Final Object Repo/New Registration - Registration Module Pages/New Reg - OTC to RO/Special Case - All Related Objects/Email TextBox'

2018-12-04 11:48:03 - [TEST_STEP][PASSED] - click: Object: 'Object Repository/Final Object Repo/New Registration - Registration Module Pages/New Reg - OTC to RO/Special Case - All Related Objects/Next Button' is clicked on

2018-12-04 11:48:04 - [MESSAGE][PASSED] - Object: 'Object Repository/Final Object Repo/New Registration - Registration Module Pages/New Reg - OTC to RO/Special Case - All Related Objects/Next Button' is clicked on

2018-12-04 11:48:04 - [TEST_STEP][PASSED] - delay: Delayed 2 second(s)

2018-12-04 11:48:06 - [MESSAGE][PASSED] - Delayed 2 second(s)

2018-12-04 11:48:06 - [TEST_STEP][PASSED] - setText: Text 'Test1@3456789' is set on object 'Object Repository/Final Object Repo/New Registration - Registration Module Pages/New Reg - OTC to RO/Special Case - All Related Objects/Password TextBox'

2018-12-04 11:48:08 - [MESSAGE][PASSED] - Text 'Test1@3456789' is set on object 'Object Repository/Final Object Repo/New Registration - Registration Module Pages/New Reg - OTC to RO/Special Case - All Related Objects/Password TextBox'

2018-12-04 11:48:08 - [TEST_STEP][PASSED] - delay: Delayed 2 second(s)

2018-12-04 11:48:10 - [MESSAGE][PASSED] - Delayed 2 second(s)

2018-12-04 11:48:10 - [TEST_STEP][PASSED] - click: Object: 'Object Repository/Final Object Repo/New Registration - Registration Module Pages/New Reg - OTC to RO/Special Case - All Related Objects/Login Button' is clicked on

2018-12-04 11:48:10 - [MESSAGE][PASSED] - Object: 'Object Repository/Final Object Repo/New Registration - Registration Module Pages/New Reg - OTC to RO/Special Case - All Related Objects/Login Button' is clicked on

2018-12-04 11:48:10 - [TEST_STEP][PASSED] - delay: Delayed 2 second(s)

2018-12-04 11:48:12 - [MESSAGE][PASSED] - Delayed 2 second(s)

2018-12-04 11:48:12 - [TEST_STEP][PASSED] - Statement - Try: null

2018-12-04 11:48:12 - [TEST_STEP][PASSED] - Statement - Checker = com.kms.katalon.core.webui.keyword.WebUiBuiltInKeywords.verifyElementNotPresent("Final Object Repo/Landing Page/Select to English", 3): null

2018-12-04 11:48:12 - [TEST_STEP][PASSED] - Statement - Catch (Exception e): null

2018-12-04 11:48:12 - [TEST_STEP][PASSED] - Statement - e.printStackTrace(): null

2018-12-04 11:48:12 - [TEST_STEP][PASSED] - click: Object: 'Object Repository/Final Object Repo/New Registration - Registration Module Pages/New Reg - OTC to RO/Special Case - All Related Objects/Expand to Search' is clicked on

2018-12-04 11:48:12 - [MESSAGE][PASSED] - Object: 'Object Repository/Final Object Repo/New Registration - Registration Module Pages/New Reg - OTC to RO/Special Case - All Related Objects/Expand to Search' is clicked on

2018-12-04 11:48:12 - [TEST_STEP][PASSED] - setText: Text 'CRN12201800122972' is set on object 'Object Repository/Final Object Repo/New Registration - Registration Module Pages/New Reg - OTC to RO/Special Case - All Related Objects/TextBox RefNo in Workbasket'

2018-12-04 11:48:13 - [MESSAGE][PASSED] - Text 'CRN12201800122972' is set on object 'Object Repository/Final Object Repo/New Registration - Registration Module Pages/New Reg - OTC to RO/Special Case - All Related Objects/TextBox RefNo in Workbasket'

2018-12-04 11:48:13 - [TEST_STEP][PASSED] - delay: Delayed 2 second(s)

2018-12-04 11:48:15 - [MESSAGE][PASSED] - Delayed 2 second(s)

2018-12-04 11:48:15 - [TEST_STEP][PASSED] - click: Object: 'Object Repository/Final Object Repo/New Registration - Registration Module Pages/New Reg - OTC to RO/Special Case - All Related Objects/Click Search' is clicked on

2018-12-04 11:48:15 - [MESSAGE][PASSED] - Object: 'Object Repository/Final Object Repo/New Registration - Registration Module Pages/New Reg - OTC to RO/Special Case - All Related Objects/Click Search' is clicked on

2018-12-04 11:48:15 - [TEST_STEP][PASSED] - delay: Delayed 2 second(s)

2018-12-04 11:48:17 - [MESSAGE][PASSED] - Delayed 2 second(s)

2018-12-04 11:48:17 - [TEST_STEP][PASSED] - click: Object: 'Object Repository/Final Object Repo/New Registration - Registration Module Pages/New Reg - OTC to RO/Special Case - All Related Objects/Click to Continue Workflow' is clicked on

2018-12-04 11:48:20 - [MESSAGE][PASSED] - Object: 'Object Repository/Final Object Repo/New Registration - Registration Module Pages/New Reg - OTC to RO/Special Case - All Related Objects/Click to Continue Workflow' is clicked on

2018-12-04 11:48:20 - [TEST_STEP][PASSED] - delay: Delayed 2 second(s)

2018-12-04 11:48:22 - [MESSAGE][PASSED] - Delayed 2 second(s)

2018-12-04 11:48:22 - [TEST_STEP][PASSED] - click: Object: 'Object Repository/Final Object Repo/New Registration - Registration Module Pages/New Reg - OTC to RO/Special Case - All Related Objects/Continue Button in verifying case' is clicked on

2018-12-04 11:48:24 - [MESSAGE][PASSED] - Object: 'Object Repository/Final Object Repo/New Registration - Registration Module Pages/New Reg - OTC to RO/Special Case - All Related Objects/Continue Button in verifying case' is clicked on

2018-12-04 11:48:24 - [TEST_STEP][PASSED] - delay: Delayed 2 second(s)

2018-12-04 11:48:26 - [MESSAGE][PASSED] - Delayed 2 second(s)

2018-12-04 11:48:26 - [TEST_STEP][PASSED] - click: Object: 'Object Repository/Final Object Repo/New Registration - Registration Module Pages/Form 1/Registered As a Branch - Yes' is clicked on

2018-12-04 11:48:26 - [MESSAGE][PASSED] - Object: 'Object Repository/Final Object Repo/New Registration - Registration Module Pages/Form 1/Registered As a Branch - Yes' is clicked on

2018-12-04 11:48:26 - [TEST_STEP][PASSED] - delay: Delayed 2 second(s)

2018-12-04 11:48:28 - [MESSAGE][PASSED] - Delayed 2 second(s)

2018-12-04 11:48:28 - [TEST_STEP][PASSED] - click: Object: 'Object Repository/Final Object Repo/New Registration - Registration Module Pages/New Reg - OTC to RO/Special Case - All Related Objects/Form 1 Save n Continue' is clicked on

2018-12-04 11:48:28 - [MESSAGE][PASSED] - Object: 'Object Repository/Final Object Repo/New Registration - Registration Module Pages/New Reg - OTC to RO/Special Case - All Related Objects/Form 1 Save n Continue' is clicked on

2018-12-04 11:48:28 - [TEST_STEP][PASSED] - delay: Delayed 2 second(s)

2018-12-04 11:48:30 - [MESSAGE][PASSED] - Delayed 2 second(s)

2018-12-04 11:48:30 - [TEST_STEP][PASSED] - click: Object: 'Object Repository/Final Object Repo/New Registration - Registration Module Pages/New Reg - OTC to RO/Special Case - All Related Objects/Form 2 Save n Continue' is clicked on

2018-12-04 11:48:30 - [MESSAGE][PASSED] - Object: 'Object Repository/Final Object Repo/New Registration - Registration Module Pages/New Reg - OTC to RO/Special Case - All Related Objects/Form 2 Save n Continue' is clicked on

2018-12-04 11:48:30 - [TEST_STEP][PASSED] - delay: Delayed 2 second(s)

2018-12-04 11:48:32 - [MESSAGE][PASSED] - Delayed 2 second(s)

2018-12-04 11:48:32 - [TEST_STEP][PASSED] - click: Object: 'Object Repository/Final Object Repo/New Registration - Registration Module Pages/New Reg - OTC to RO/Special Case - All Related Objects/Third Screen Save n Continue' is clicked on

2018-12-04 11:48:37 - [MESSAGE][PASSED] - Object: 'Object Repository/Final Object Repo/New Registration - Registration Module Pages/New Reg - OTC to RO/Special Case - All Related Objects/Third Screen Save n Continue' is clicked on

2018-12-04 11:48:37 - [TEST_STEP][PASSED] - delay: Delayed 5 second(s)

2018-12-04 11:48:42 - [MESSAGE][PASSED] - Delayed 5 second(s)

2018-12-04 11:48:42 - [TEST_STEP][PASSED] - click: Object: 'Object Repository/Final Object Repo/New Registration - Registration Module Pages/New Reg - OTC to RO/Special Case - All Related Objects/Upload Doc Page Save n Continue' is clicked on

2018-12-04 11:48:43 - [MESSAGE][PASSED] - Object: 'Object Repository/Final Object Repo/New Registration - Registration Module Pages/New Reg - OTC to RO/Special Case - All Related Objects/Upload Doc Page Save n Continue' is clicked on

2018-12-04 11:48:43 - [TEST_STEP][PASSED] - delay: Delayed 5 second(s)

2018-12-04 11:48:48 - [MESSAGE][PASSED] - Delayed 5 second(s)

2018-12-04 11:48:48 - [TEST_STEP][PASSED] - callTestCase: Call Test Case 'Test Cases/Final Aug 2018 - PKS Automation/Registration Module/New Registration/Submit and Screenshot/Submit Registration and Screenshot' successfully

2018-12-04 11:48:48 - [TEST_CASE][PASSED] - Test Cases/Final Aug 2018 - PKS Automation/Registration Module/New Registration/Submit and Screenshot/Submit Registration and Screenshot: Test Cases/Final Aug 2018 - PKS Automation/Registration Module/New Registration/Submit and Screenshot/Submit Registration and Screenshot

2018-12-04 11:48:48 - [TEST_STEP][PASSED] - delay: Delayed 6 second(s)

2018-12-04 11:48:54 - [MESSAGE][PASSED] - Delayed 6 second(s)

2018-12-04 11:48:54 - [TEST_STEP][PASSED] - click: Object: 'Object Repository/Final Object Repo/New Registration - Registration Module Pages/Third Screen - Upload Supporting Doc- Preview/Preview Submit Button' is clicked on

2018-12-04 11:48:54 - [MESSAGE][PASSED] - Object: 'Object Repository/Final Object Repo/New Registration - Registration Module Pages/Third Screen - Upload Supporting Doc- Preview/Preview Submit Button' is clicked on

2018-12-04 11:48:54 - [TEST_STEP][PASSED] - delay: Delayed 2 second(s)

2018-12-04 11:48:56 - [MESSAGE][PASSED] - Delayed 2 second(s)

2018-12-04 11:48:56 - [TEST_STEP][PASSED] - click: Object: 'Object Repository/Final Object Repo/New Registration - Registration Module Pages/Third Screen - Upload Supporting Doc- Preview/Preview Submit - Confirm' is clicked on

2018-12-04 11:48:56 - [MESSAGE][PASSED] - Object: 'Object Repository/Final Object Repo/New Registration - Registration Module Pages/Third Screen - Upload Supporting Doc- Preview/Preview Submit - Confirm' is clicked on

2018-12-04 11:48:56 - [TEST_STEP][PASSED] - delay: Delayed 15 second(s)

2018-12-04 11:49:11 - [MESSAGE][PASSED] - Delayed 15 second(s)

2018-12-04 11:49:11 - [TEST_STEP][PASSED] - Statement - driver = com.kms.katalon.core.webui.driver.DriverFactory.getWebDriver(): null

2018-12-04 11:49:11 - [TEST_STEP][PASSED] - Statement - driver.manage().timeouts().implicitlyWait(10, SECONDS): null

2018-12-04 11:49:11 - [TEST_STEP][PASSED] - Statement - PresavePath = KatalonScreenshots: null

2018-12-04 11:49:11 - [TEST_STEP][PASSED] - Statement - pathPrefix = "C:\Users\Public\Pictures\Sample Pictures\Katalon Screenshots\Automate Ending Screen": null

2018-12-04 11:49:11 - [TEST_STEP][PASSED] - Statement - finalPath = <not implemented yet for class: org.codehaus.groovy.ast.expr.EmptyExpression>: null

2018-12-04 11:49:11 - [TEST_STEP][PASSED] - Statement - scrFile = driver.getScreenshotAs(FILE): null

2018-12-04 11:49:12 - [TEST_STEP][PASSED] - Statement - PreSaveFile = new java.io.File(PresavePath): null

2018-12-04 11:49:12 - [TEST_STEP][PASSED] - Statement - counter = 0: null

2018-12-04 11:49:12 - [TEST_STEP][PASSED] - Statement - If (PreSaveFile.exists()): null

2018-12-04 11:49:12 - [TEST_STEP][PASSED] - Statement - While (PreSaveFile.exists()): null

2018-12-04 11:49:12 - [TEST_STEP][PASSED] - Statement - counter = counter + 1: null

2018-12-04 11:49:12 - [TEST_STEP][PASSED] - Statement - PreSaveFile = new java.io.File(((pathPrefix + java.lang.Integer.toString(counter)) + .png)): null

2018-12-04 11:49:12 - [TEST_STEP][PASSED] - Statement - counter = counter + 1: null

2018-12-04 11:49:12 - [TEST_STEP][PASSED] - Statement - PreSaveFile = new java.io.File(((pathPrefix + java.lang.Integer.toString(counter)) + .png)): null

2018-12-04 11:49:12 - [TEST_STEP][PASSED] - Statement - counter = counter + 1: null

2018-12-04 11:49:12 - [TEST_STEP][PASSED] - Statement - PreSaveFile = new java.io.File(((pathPrefix + java.lang.Integer.toString(counter)) + .png)): null

2018-12-04 11:49:12 - [TEST_STEP][PASSED] - Statement - counter = counter + 1: null

2018-12-04 11:49:12 - [TEST_STEP][PASSED] - Statement - PreSaveFile = new java.io.File(((pathPrefix + java.lang.Integer.toString(counter)) + .png)): null

2018-12-04 11:49:12 - [TEST_STEP][PASSED] - Statement - counter = counter + 1: null

2018-12-04 11:49:12 - [TEST_STEP][PASSED] - Statement - PreSaveFile = new java.io.File(((pathPrefix + java.lang.Integer.toString(counter)) + .png)): null

2018-12-04 11:49:12 - [TEST_STEP][PASSED] - Statement - counter = counter + 1: null

2018-12-04 11:49:12 - [TEST_STEP][PASSED] - Statement - PreSaveFile = new java.io.File(((pathPrefix + java.lang.Integer.toString(counter)) + .png)): null

2018-12-04 11:49:12 - [TEST_STEP][PASSED] - Statement - counter = counter + 1: null

2018-12-04 11:49:12 - [TEST_STEP][PASSED] - Statement - PreSaveFile = new java.io.File(((pathPrefix + java.lang.Integer.toString(counter)) + .png)): null

2018-12-04 11:49:12 - [TEST_STEP][PASSED] - Statement - counter = counter + 1: null

2018-12-04 11:49:12 - [TEST_STEP][PASSED] - Statement - PreSaveFile = new java.io.File(((pathPrefix + java.lang.Integer.toString(counter)) + .png)): null

2018-12-04 11:49:12 - [TEST_STEP][PASSED] - Statement - counter = counter + 1: null

2018-12-04 11:49:12 - [TEST_STEP][PASSED] - Statement - PreSaveFile = new java.io.File(((pathPrefix + java.lang.Integer.toString(counter)) + .png)): null

2018-12-04 11:49:12 - [TEST_STEP][PASSED] - Statement - counter = counter + 1: null

2018-12-04 11:49:12 - [TEST_STEP][PASSED] - Statement - PreSaveFile = new java.io.File(((pathPrefix + java.lang.Integer.toString(counter)) + .png)): null

2018-12-04 11:49:12 - [TEST_STEP][PASSED] - Statement - counter = counter + 1: null

2018-12-04 11:49:12 - [TEST_STEP][PASSED] - Statement - PreSaveFile = new java.io.File(((pathPrefix + java.lang.Integer.toString(counter)) + .png)): null

2018-12-04 11:49:12 - [TEST_STEP][PASSED] - Statement - counter = counter + 1: null

2018-12-04 11:49:12 - [TEST_STEP][PASSED] - Statement - PreSaveFile = new java.io.File(((pathPrefix + java.lang.Integer.toString(counter)) + .png)): null

2018-12-04 11:49:12 - [TEST_STEP][PASSED] - Statement - counter = counter + 1: null

2018-12-04 11:49:12 - [TEST_STEP][PASSED] - Statement - PreSaveFile = new java.io.File(((pathPrefix + java.lang.Integer.toString(counter)) + .png)): null

2018-12-04 11:49:12 - [TEST_STEP][PASSED] - Statement - counter = counter + 1: null

2018-12-04 11:49:12 - [TEST_STEP][PASSED] - Statement - PreSaveFile = new java.io.File(((pathPrefix + java.lang.Integer.toString(counter)) + .png)): null

2018-12-04 11:49:12 - [TEST_STEP][PASSED] - Statement - counter = counter + 1: null

2018-12-04 11:49:12 - [TEST_STEP][PASSED] - Statement - PreSaveFile = new java.io.File(((pathPrefix + java.lang.Integer.toString(counter)) + .png)): null

2018-12-04 11:49:13 - [TEST_STEP][PASSED] - Statement - counter = counter + 1: null

2018-12-04 11:49:13 - [TEST_STEP][PASSED] - Statement - PreSaveFile = new java.io.File(((pathPrefix + java.lang.Integer.toString(counter)) + .png)): null

2018-12-04 11:49:13 - [TEST_STEP][PASSED] - Statement - counter = counter + 1: null

2018-12-04 11:49:15 - [TEST_STEP][PASSED] - Statement - PreSaveFile = new java.io.File(((pathPrefix + java.lang.Integer.toString(counter)) + .png)): null

2018-12-04 11:49:15 - [TEST_STEP][PASSED] - Statement - counter = counter + 1: null

2018-12-04 11:49:15 - [TEST_STEP][PASSED] - Statement - PreSaveFile = new java.io.File(((pathPrefix + java.lang.Integer.toString(counter)) + .png)): null

2018-12-04 11:49:15 - [TEST_STEP][PASSED] - Statement - counter = counter + 1: null

2018-12-04 11:49:15 - [TEST_STEP][PASSED] - Statement - PreSaveFile = new java.io.File(((pathPrefix + java.lang.Integer.toString(counter)) + .png)): null

2018-12-04 11:49:15 - [TEST_STEP][PASSED] - Statement - counter = counter + 1: null

2018-12-04 11:49:15 - [TEST_STEP][PASSED] - Statement - PreSaveFile = new java.io.File(((pathPrefix + java.lang.Integer.toString(counter)) + .png)): null

2018-12-04 11:49:15 - [TEST_STEP][PASSED] - Statement - counter = counter + 1: null

2018-12-04 11:49:15 - [TEST_STEP][PASSED] - Statement - PreSaveFile = new java.io.File(((pathPrefix + java.lang.Integer.toString(counter)) + .png)): null

2018-12-04 11:49:15 - [TEST_STEP][PASSED] - Statement - counter = counter + 1: null

2018-12-04 11:49:15 - [TEST_STEP][PASSED] - Statement - PreSaveFile = new java.io.File(((pathPrefix + java.lang.Integer.toString(counter)) + .png)): null

2018-12-04 11:49:15 - [TEST_STEP][PASSED] - Statement - counter = counter + 1: null

2018-12-04 11:49:15 - [TEST_STEP][PASSED] - Statement - PreSaveFile = new java.io.File(((pathPrefix + java.lang.Integer.toString(counter)) + .png)): null

2018-12-04 11:49:15 - [TEST_STEP][PASSED] - Statement - counter = counter + 1: null

2018-12-04 11:49:15 - [TEST_STEP][PASSED] - Statement - PreSaveFile = new java.io.File(((pathPrefix + java.lang.Integer.toString(counter)) + .png)): null

2018-12-04 11:49:15 - [TEST_STEP][PASSED] - Statement - counter = counter + 1: null

2018-12-04 11:49:15 - [TEST_STEP][PASSED] - Statement - PreSaveFile = new java.io.File(((pathPrefix + java.lang.Integer.toString(counter)) + .png)): null

2018-12-04 11:49:15 - [TEST_STEP][PASSED] - Statement - counter = counter + 1: null

2018-12-04 11:49:15 - [TEST_STEP][PASSED] - Statement - PreSaveFile = new java.io.File(((pathPrefix + java.lang.Integer.toString(counter)) + .png)): null

2018-12-04 11:49:17 - [TEST_STEP][PASSED] - Statement - counter = counter + 1: null

2018-12-04 11:49:17 - [TEST_STEP][PASSED] - Statement - PreSaveFile = new java.io.File(((pathPrefix + java.lang.Integer.toString(counter)) + .png)): null

2018-12-04 11:49:17 - [TEST_STEP][PASSED] - Statement - counter = counter + 1: null

2018-12-04 11:49:17 - [TEST_STEP][PASSED] - Statement - PreSaveFile = new java.io.File(((pathPrefix + java.lang.Integer.toString(counter)) + .png)): null

2018-12-04 11:49:17 - [TEST_STEP][PASSED] - Statement - counter = counter + 1: null

2018-12-04 11:49:17 - [TEST_STEP][PASSED] - Statement - PreSaveFile = new java.io.File(((pathPrefix + java.lang.Integer.toString(counter)) + .png)): null

2018-12-04 11:49:17 - [TEST_STEP][PASSED] - Statement - counter = counter + 1: null

2018-12-04 11:49:17 - [TEST_STEP][PASSED] - Statement - PreSaveFile = new java.io.File(((pathPrefix + java.lang.Integer.toString(counter)) + .png)): null

2018-12-04 11:49:17 - [TEST_STEP][PASSED] - Statement - counter = counter + 1: null

2018-12-04 11:49:18 - [TEST_STEP][PASSED] - Statement - PreSaveFile = new java.io.File(((pathPrefix + java.lang.Integer.toString(counter)) + .png)): null

2018-12-04 11:49:18 - [TEST_STEP][PASSED] - Statement - counter = counter + 1: null

2018-12-04 11:49:18 - [TEST_STEP][PASSED] - Statement - PreSaveFile = new java.io.File(((pathPrefix + java.lang.Integer.toString(counter)) + .png)): null

2018-12-04 11:49:18 - [TEST_STEP][PASSED] - Statement - counter = counter + 1: null

2018-12-04 11:49:18 - [TEST_STEP][PASSED] - Statement - PreSaveFile = new java.io.File(((pathPrefix + java.lang.Integer.toString(counter)) + .png)): null

2018-12-04 11:49:18 - [TEST_STEP][PASSED] - Statement - counter = counter + 1: null

2018-12-04 11:49:18 - [TEST_STEP][PASSED] - Statement - PreSaveFile = new java.io.File(((pathPrefix + java.lang.Integer.toString(counter)) + .png)): null

2018-12-04 11:49:18 - [TEST_STEP][PASSED] - Statement - counter = counter + 1: null

2018-12-04 11:49:18 - [TEST_STEP][PASSED] - Statement - PreSaveFile = new java.io.File(((pathPrefix + java.lang.Integer.toString(counter)) + .png)): null

2018-12-04 11:49:18 - [TEST_STEP][PASSED] - Statement - counter = counter + 1: null

2018-12-04 11:49:19 - [TEST_STEP][PASSED] - Statement - PreSaveFile = new java.io.File(((pathPrefix + java.lang.Integer.toString(counter)) + .png)): null

2018-12-04 11:49:19 - [TEST_STEP][PASSED] - Statement - counter = counter + 1: null

2018-12-04 11:49:19 - [TEST_STEP][PASSED] - Statement - PreSaveFile = new java.io.File(((pathPrefix + java.lang.Integer.toString(counter)) + .png)): null

2018-12-04 11:49:19 - [TEST_STEP][PASSED] - Statement - counter = counter + 1: null

2018-12-04 11:49:19 - [TEST_STEP][PASSED] - Statement - PreSaveFile = new java.io.File(((pathPrefix + java.lang.Integer.toString(counter)) + .png)): null

2018-12-04 11:49:19 - [TEST_STEP][PASSED] - Statement - counter = counter + 1: null

2018-12-04 11:49:19 - [TEST_STEP][PASSED] - Statement - PreSaveFile = new java.io.File(((pathPrefix + java.lang.Integer.toString(counter)) + .png)): null

2018-12-04 11:49:19 - [TEST_STEP][PASSED] - Statement - counter = counter + 1: null

2018-12-04 11:49:19 - [TEST_STEP][PASSED] - Statement - PreSaveFile = new java.io.File(((pathPrefix + java.lang.Integer.toString(counter)) + .png)): null

2018-12-04 11:49:19 - [TEST_STEP][PASSED] - Statement - counter = counter + 1: null

2018-12-04 11:49:20 - [TEST_STEP][PASSED] - Statement - PreSaveFile = new java.io.File(((pathPrefix + java.lang.Integer.toString(counter)) + .png)): null

2018-12-04 11:49:20 - [TEST_STEP][PASSED] - Statement - counter = counter + 1: null

2018-12-04 11:49:20 - [TEST_STEP][PASSED] - Statement - PreSaveFile = new java.io.File(((pathPrefix + java.lang.Integer.toString(counter)) + .png)): null

2018-12-04 11:49:20 - [TEST_STEP][PASSED] - Statement - counter = counter + 1: null

2018-12-04 11:49:20 - [TEST_STEP][PASSED] - Statement - PreSaveFile = new java.io.File(((pathPrefix + java.lang.Integer.toString(counter)) + .png)): null

2018-12-04 11:49:20 - [TEST_STEP][PASSED] - Statement - counter = counter + 1: null

2018-12-04 11:49:20 - [TEST_STEP][PASSED] - Statement - PreSaveFile = new java.io.File(((pathPrefix + java.lang.Integer.toString(counter)) + .png)): null

2018-12-04 11:49:20 - [TEST_STEP][PASSED] - Statement - counter = counter + 1: null

2018-12-04 11:49:20 - [TEST_STEP][PASSED] - Statement - PreSaveFile = new java.io.File(((pathPrefix + java.lang.Integer.toString(counter)) + .png)): null

2018-12-04 11:49:22 - [TEST_STEP][PASSED] - Statement - counter = counter + 1: null

2018-12-04 11:49:22 - [TEST_STEP][PASSED] - Statement - PreSaveFile = new java.io.File(((pathPrefix + java.lang.Integer.toString(counter)) + .png)): null

2018-12-04 11:49:22 - [TEST_STEP][PASSED] - Statement - counter = counter + 1: null

2018-12-04 11:49:22 - [TEST_STEP][PASSED] - Statement - PreSaveFile = new java.io.File(((pathPrefix + java.lang.Integer.toString(counter)) + .png)): null

2018-12-04 11:49:22 - [TEST_STEP][PASSED] - Statement - counter = counter + 1: null

2018-12-04 11:49:22 - [TEST_STEP][PASSED] - Statement - PreSaveFile = new java.io.File(((pathPrefix + java.lang.Integer.toString(counter)) + .png)): null

2018-12-04 11:49:22 - [TEST_STEP][PASSED] - Statement - counter = counter + 1: null

2018-12-04 11:49:22 - [TEST_STEP][PASSED] - Statement - PreSaveFile = new java.io.File(((pathPrefix + java.lang.Integer.toString(counter)) + .png)): null

2018-12-04 11:49:22 - [TEST_STEP][PASSED] - Statement - counter = counter + 1: null

2018-12-04 11:49:23 - [TEST_STEP][PASSED] - Statement - PreSaveFile = new java.io.File(((pathPrefix + java.lang.Integer.toString(counter)) + .png)): null

2018-12-04 11:49:23 - [TEST_STEP][PASSED] - Statement - counter = counter + 1: null

2018-12-04 11:49:23 - [TEST_STEP][PASSED] - Statement - PreSaveFile = new java.io.File(((pathPrefix + java.lang.Integer.toString(counter)) + .png)): null

2018-12-04 11:49:23 - [TEST_STEP][PASSED] - Statement - counter = counter + 1: null

2018-12-04 11:49:23 - [TEST_STEP][PASSED] - Statement - PreSaveFile = new java.io.File(((pathPrefix + java.lang.Integer.toString(counter)) + .png)): null

2018-12-04 11:49:23 - [TEST_STEP][PASSED] - Statement - counter = counter + 1: null

2018-12-04 11:49:23 - [TEST_STEP][PASSED] - Statement - PreSaveFile = new java.io.File(((pathPrefix + java.lang.Integer.toString(counter)) + .png)): null

2018-12-04 11:49:23 - [TEST_STEP][PASSED] - Statement - counter = counter + 1: null

2018-12-04 11:49:23 - [TEST_STEP][PASSED] - Statement - PreSaveFile = new java.io.File(((pathPrefix + java.lang.Integer.toString(counter)) + .png)): null

2018-12-04 11:49:23 - [TEST_STEP][PASSED] - Statement - counter = counter + 1: null

2018-12-04 11:49:24 - [TEST_STEP][PASSED] - Statement - PreSaveFile = new java.io.File(((pathPrefix + java.lang.Integer.toString(counter)) + .png)): null

2018-12-04 11:49:24 - [TEST_STEP][PASSED] - Statement - counter = counter + 1: null

2018-12-04 11:49:24 - [TEST_STEP][PASSED] - Statement - PreSaveFile = new java.io.File(((pathPrefix + java.lang.Integer.toString(counter)) + .png)): null

2018-12-04 11:49:24 - [TEST_STEP][PASSED] - Statement - counter = counter + 1: null

2018-12-04 11:49:24 - [TEST_STEP][PASSED] - Statement - PreSaveFile = new java.io.File(((pathPrefix + java.lang.Integer.toString(counter)) + .png)): null

2018-12-04 11:49:24 - [TEST_STEP][PASSED] - Statement - counter = counter + 1: null

2018-12-04 11:49:24 - [TEST_STEP][PASSED] - Statement - PreSaveFile = new java.io.File(((pathPrefix + java.lang.Integer.toString(counter)) + .png)): null

2018-12-04 11:49:24 - [TEST_STEP][PASSED] - Statement - counter = counter + 1: null

2018-12-04 11:49:24 - [TEST_STEP][PASSED] - Statement - PreSaveFile = new java.io.File(((pathPrefix + java.lang.Integer.toString(counter)) + .png)): null

2018-12-04 11:49:24 - [TEST_STEP][PASSED] - Statement - counter = counter + 1: null

2018-12-04 11:49:26 - [TEST_STEP][PASSED] - Statement - PreSaveFile = new java.io.File(((pathPrefix + java.lang.Integer.toString(counter)) + .png)): null

2018-12-04 11:49:26 - [TEST_STEP][PASSED] - Statement - counter = counter + 1: null

2018-12-04 11:49:26 - [TEST_STEP][PASSED] - Statement - PreSaveFile = new java.io.File(((pathPrefix + java.lang.Integer.toString(counter)) + .png)): null

2018-12-04 11:49:26 - [TEST_STEP][PASSED] - Statement - counter = counter + 1: null

2018-12-04 11:49:26 - [TEST_STEP][PASSED] - Statement - PreSaveFile = new java.io.File(((pathPrefix + java.lang.Integer.toString(counter)) + .png)): null

2018-12-04 11:49:26 - [TEST_STEP][PASSED] - Statement - counter = counter + 1: null

2018-12-04 11:49:26 - [TEST_STEP][PASSED] - Statement - PreSaveFile = new java.io.File(((pathPrefix + java.lang.Integer.toString(counter)) + .png)): null

2018-12-04 11:49:26 - [TEST_STEP][PASSED] - Statement - counter = counter + 1: null

2018-12-04 11:49:26 - [TEST_STEP][PASSED] - Statement - PreSaveFile = new java.io.File(((pathPrefix + java.lang.Integer.toString(counter)) + .png)): null

2018-12-04 11:49:26 - [TEST_STEP][PASSED] - Statement - counter = counter + 1: null

2018-12-04 11:49:27 - [TEST_STEP][PASSED] - Statement - PreSaveFile = new java.io.File(((pathPrefix + java.lang.Integer.toString(counter)) + .png)): null

2018-12-04 11:49:27 - [TEST_STEP][PASSED] - Statement - counter = counter + 1: null

2018-12-04 11:49:27 - [TEST_STEP][PASSED] - Statement - PreSaveFile = new java.io.File(((pathPrefix + java.lang.Integer.toString(counter)) + .png)): null

2018-12-04 11:49:27 - [TEST_STEP][PASSED] - Statement - counter = counter + 1: null

2018-12-04 11:49:27 - [TEST_STEP][PASSED] - Statement - PreSaveFile = new java.io.File(((pathPrefix + java.lang.Integer.toString(counter)) + .png)): null

2018-12-04 11:49:27 - [TEST_STEP][PASSED] - Statement - counter = counter + 1: null

2018-12-04 11:49:27 - [TEST_STEP][PASSED] - Statement - PreSaveFile = new java.io.File(((pathPrefix + java.lang.Integer.toString(counter)) + .png)): null

2018-12-04 11:49:27 - [TEST_STEP][PASSED] - Statement - counter = counter + 1: null

2018-12-04 11:49:27 - [TEST_STEP][PASSED] - Statement - PreSaveFile = new java.io.File(((pathPrefix + java.lang.Integer.toString(counter)) + .png)): null

2018-12-04 11:49:29 - [TEST_STEP][PASSED] - Statement - counter = counter + 1: null

2018-12-04 11:49:29 - [TEST_STEP][PASSED] - Statement - PreSaveFile = new java.io.File(((pathPrefix + java.lang.Integer.toString(counter)) + .png)): null

2018-12-04 11:49:29 - [TEST_STEP][PASSED] - Statement - counter = counter + 1: null

2018-12-04 11:49:29 - [TEST_STEP][PASSED] - Statement - PreSaveFile = new java.io.File(((pathPrefix + java.lang.Integer.toString(counter)) + .png)): null

2018-12-04 11:49:29 - [TEST_STEP][PASSED] - Statement - counter = counter + 1: null

2018-12-04 11:49:29 - [TEST_STEP][PASSED] - Statement - PreSaveFile = new java.io.File(((pathPrefix + java.lang.Integer.toString(counter)) + .png)): null

2018-12-04 11:49:29 - [TEST_STEP][PASSED] - Statement - counter = counter + 1: null

2018-12-04 11:49:29 - [TEST_STEP][PASSED] - Statement - PreSaveFile = new java.io.File(((pathPrefix + java.lang.Integer.toString(counter)) + .png)): null

2018-12-04 11:49:29 - [TEST_STEP][PASSED] - Statement - counter = counter + 1: null

2018-12-04 11:49:30 - [TEST_STEP][PASSED] - Statement - PreSaveFile = new java.io.File(((pathPrefix + java.lang.Integer.toString(counter)) + .png)): null

2018-12-04 11:49:30 - [TEST_STEP][PASSED] - Statement - counter = counter + 1: null

2018-12-04 11:49:30 - [TEST_STEP][PASSED] - Statement - PreSaveFile = new java.io.File(((pathPrefix + java.lang.Integer.toString(counter)) + .png)): null

2018-12-04 11:49:30 - [TEST_STEP][PASSED] - Statement - counter = counter + 1: null

2018-12-04 11:49:30 - [TEST_STEP][PASSED] - Statement - PreSaveFile = new java.io.File(((pathPrefix + java.lang.Integer.toString(counter)) + .png)): null

2018-12-04 11:49:30 - [TEST_STEP][PASSED] - Statement - counter = counter + 1: null

2018-12-04 11:49:30 - [TEST_STEP][PASSED] - Statement - PreSaveFile = new java.io.File(((pathPrefix + java.lang.Integer.toString(counter)) + .png)): null

2018-12-04 11:49:30 - [TEST_STEP][PASSED] - Statement - counter = counter + 1: null

2018-12-04 11:49:30 - [TEST_STEP][PASSED] - Statement - PreSaveFile = new java.io.File(((pathPrefix + java.lang.Integer.toString(counter)) + .png)): null

2018-12-04 11:49:30 - [TEST_STEP][PASSED] - Statement - counter = counter + 1: null

2018-12-04 11:49:32 - [TEST_STEP][PASSED] - Statement - PreSaveFile = new java.io.File(((pathPrefix + java.lang.Integer.toString(counter)) + .png)): null

2018-12-04 11:49:32 - [TEST_STEP][PASSED] - Statement - counter = counter + 1: null

2018-12-04 11:49:32 - [TEST_STEP][PASSED] - Statement - PreSaveFile = new java.io.File(((pathPrefix + java.lang.Integer.toString(counter)) + .png)): null

2018-12-04 11:49:32 - [TEST_STEP][PASSED] - Statement - counter = counter + 1: null

2018-12-04 11:49:32 - [TEST_STEP][PASSED] - Statement - PreSaveFile = new java.io.File(((pathPrefix + java.lang.Integer.toString(counter)) + .png)): null

2018-12-04 11:49:32 - [TEST_STEP][PASSED] - Statement - counter = counter + 1: null

2018-12-04 11:49:32 - [TEST_STEP][PASSED] - Statement - PreSaveFile = new java.io.File(((pathPrefix + java.lang.Integer.toString(counter)) + .png)): null

2018-12-04 11:49:32 - [TEST_STEP][PASSED] - Statement - counter = counter + 1: null

2018-12-04 11:49:32 - [TEST_STEP][PASSED] - Statement - PreSaveFile = new java.io.File(((pathPrefix + java.lang.Integer.toString(counter)) + .png)): null

2018-12-04 11:49:32 - [TEST_STEP][PASSED] - Statement - counter = counter + 1: null

2018-12-04 11:49:34 - [TEST_STEP][PASSED] - Statement - PreSaveFile = new java.io.File(((pathPrefix + java.lang.Integer.toString(counter)) + .png)): null

2018-12-04 11:49:34 - [TEST_STEP][PASSED] - Statement - counter = counter + 1: null

2018-12-04 11:49:34 - [TEST_STEP][PASSED] - Statement - PreSaveFile = new java.io.File(((pathPrefix + java.lang.Integer.toString(counter)) + .png)): null

2018-12-04 11:49:34 - [TEST_STEP][PASSED] - Statement - counter = counter + 1: null

2018-12-04 11:49:34 - [TEST_STEP][PASSED] - Statement - PreSaveFile = new java.io.File(((pathPrefix + java.lang.Integer.toString(counter)) + .png)): null

2018-12-04 11:49:34 - [TEST_STEP][PASSED] - Statement - counter = counter + 1: null

2018-12-04 11:49:34 - [TEST_STEP][PASSED] - Statement - PreSaveFile = new java.io.File(((pathPrefix + java.lang.Integer.toString(counter)) + .png)): null

2018-12-04 11:49:34 - [TEST_STEP][PASSED] - Statement - counter = counter + 1: null

2018-12-04 11:49:34 - [TEST_STEP][PASSED] - Statement - PreSaveFile = new java.io.File(((pathPrefix + java.lang.Integer.toString(counter)) + .png)): null

2018-12-04 11:49:35 - [TEST_STEP][PASSED] - Statement - counter = counter + 1: null

2018-12-04 11:49:35 - [TEST_STEP][PASSED] - Statement - PreSaveFile = new java.io.File(((pathPrefix + java.lang.Integer.toString(counter)) + .png)): null

2018-12-04 11:49:35 - [TEST_STEP][PASSED] - Statement - counter = counter + 1: null

2018-12-04 11:49:35 - [TEST_STEP][PASSED] - Statement - PreSaveFile = new java.io.File(((pathPrefix + java.lang.Integer.toString(counter)) + .png)): null

2018-12-04 11:49:35 - [TEST_STEP][PASSED] - Statement - counter = counter + 1: null

2018-12-04 11:49:35 - [TEST_STEP][PASSED] - Statement - PreSaveFile = new java.io.File(((pathPrefix + java.lang.Integer.toString(counter)) + .png)): null

2018-12-04 11:49:35 - [TEST_STEP][PASSED] - Statement - counter = counter + 1: null

2018-12-04 11:49:35 - [TEST_STEP][PASSED] - Statement - PreSaveFile = new java.io.File(((pathPrefix + java.lang.Integer.toString(counter)) + .png)): null

2018-12-04 11:49:35 - [TEST_STEP][PASSED] - Statement - counter = counter + 1: null

2018-12-04 11:49:35 - [TEST_STEP][PASSED] - Statement - PreSaveFile = new java.io.File(((pathPrefix + java.lang.Integer.toString(counter)) + .png)): null

2018-12-04 11:49:36 - [TEST_STEP][PASSED] - Statement - counter = counter + 1: null

2018-12-04 11:49:36 - [TEST_STEP][PASSED] - Statement - PreSaveFile = new java.io.File(((pathPrefix + java.lang.Integer.toString(counter)) + .png)): null

2018-12-04 11:49:36 - [TEST_STEP][PASSED] - Statement - counter = counter + 1: null

2018-12-04 11:49:36 - [TEST_STEP][PASSED] - Statement - PreSaveFile = new java.io.File(((pathPrefix + java.lang.Integer.toString(counter)) + .png)): null

2018-12-04 11:49:36 - [TEST_STEP][PASSED] - Statement - counter = counter + 1: null

2018-12-04 11:49:36 - [TEST_STEP][PASSED] - Statement - PreSaveFile = new java.io.File(((pathPrefix + java.lang.Integer.toString(counter)) + .png)): null

2018-12-04 11:49:36 - [TEST_STEP][PASSED] - Statement - counter = counter + 1: null

2018-12-04 11:49:36 - [TEST_STEP][PASSED] - Statement - PreSaveFile = new java.io.File(((pathPrefix + java.lang.Integer.toString(counter)) + .png)): null

2018-12-04 11:49:36 - [TEST_STEP][PASSED] - Statement - counter = counter + 1: null

2018-12-04 11:49:38 - [TEST_STEP][PASSED] - Statement - PreSaveFile = new java.io.File(((pathPrefix + java.lang.Integer.toString(counter)) + .png)): null

2018-12-04 11:49:38 - [TEST_STEP][PASSED] - Statement - counter = counter + 1: null

2018-12-04 11:49:38 - [TEST_STEP][PASSED] - Statement - PreSaveFile = new java.io.File(((pathPrefix + java.lang.Integer.toString(counter)) + .png)): null

2018-12-04 11:49:38 - [TEST_STEP][PASSED] - Statement - counter = counter + 1: null

2018-12-04 11:49:38 - [TEST_STEP][PASSED] - Statement - PreSaveFile = new java.io.File(((pathPrefix + java.lang.Integer.toString(counter)) + .png)): null

2018-12-04 11:49:38 - [TEST_STEP][PASSED] - Statement - counter = counter + 1: null

2018-12-04 11:49:38 - [TEST_STEP][PASSED] - Statement - PreSaveFile = new java.io.File(((pathPrefix + java.lang.Integer.toString(counter)) + .png)): null

2018-12-04 11:49:38 - [TEST_STEP][PASSED] - Statement - counter = counter + 1: null

2018-12-04 11:49:38 - [TEST_STEP][PASSED] - Statement - PreSaveFile = new java.io.File(((pathPrefix + java.lang.Integer.toString(counter)) + .png)): null

2018-12-04 11:49:38 - [TEST_STEP][PASSED] - Statement - counter = counter + 1: null

2018-12-04 11:49:40 - [TEST_STEP][PASSED] - Statement - PreSaveFile = new java.io.File(((pathPrefix + java.lang.Integer.toString(counter)) + .png)): null

2018-12-04 11:49:40 - [TEST_STEP][PASSED] - Statement - counter = counter + 1: null

2018-12-04 11:49:40 - [TEST_STEP][PASSED] - Statement - PreSaveFile = new java.io.File(((pathPrefix + java.lang.Integer.toString(counter)) + .png)): null

2018-12-04 11:49:40 - [TEST_STEP][PASSED] - Statement - counter = counter + 1: null

2018-12-04 11:49:40 - [TEST_STEP][PASSED] - Statement - PreSaveFile = new java.io.File(((pathPrefix + java.lang.Integer.toString(counter)) + .png)): null

2018-12-04 11:49:40 - [TEST_STEP][PASSED] - Statement - counter = counter + 1: null

2018-12-04 11:49:40 - [TEST_STEP][PASSED] - Statement - PreSaveFile = new java.io.File(((pathPrefix + java.lang.Integer.toString(counter)) + .png)): null

2018-12-04 11:49:40 - [TEST_STEP][PASSED] - Statement - counter = counter + 1: null

2018-12-04 11:49:40 - [TEST_STEP][PASSED] - Statement - PreSaveFile = new java.io.File(((pathPrefix + java.lang.Integer.toString(counter)) + .png)): null

2018-12-04 11:49:40 - [TEST_STEP][PASSED] - Statement - counter = counter + 1: null

2018-12-04 11:49:41 - [TEST_STEP][PASSED] - Statement - PreSaveFile = new java.io.File(((pathPrefix + java.lang.Integer.toString(counter)) + .png)): null

2018-12-04 11:49:41 - [TEST_STEP][PASSED] - Statement - counter = counter + 1: null

2018-12-04 11:49:41 - [TEST_STEP][PASSED] - Statement - PreSaveFile = new java.io.File(((pathPrefix + java.lang.Integer.toString(counter)) + .png)): null

2018-12-04 11:49:41 - [TEST_STEP][PASSED] - Statement - counter = counter + 1: null

2018-12-04 11:49:41 - [TEST_STEP][PASSED] - Statement - PreSaveFile = new java.io.File(((pathPrefix + java.lang.Integer.toString(counter)) + .png)): null

2018-12-04 11:49:41 - [TEST_STEP][PASSED] - Statement - counter = counter + 1: null

2018-12-04 11:49:41 - [TEST_STEP][PASSED] - Statement - PreSaveFile = new java.io.File(((pathPrefix + java.lang.Integer.toString(counter)) + .png)): null

2018-12-04 11:49:41 - [TEST_STEP][PASSED] - Statement - counter = counter + 1: null

2018-12-04 11:49:41 - [TEST_STEP][PASSED] - Statement - PreSaveFile = new java.io.File(((pathPrefix + java.lang.Integer.toString(counter)) + .png)): null

2018-12-04 11:49:43 - [TEST_STEP][PASSED] - Statement - counter = counter + 1: null

2018-12-04 11:49:43 - [TEST_STEP][PASSED] - Statement - PreSaveFile = new java.io.File(((pathPrefix + java.lang.Integer.toString(counter)) + .png)): null

2018-12-04 11:49:43 - [TEST_STEP][PASSED] - Statement - counter = counter + 1: null

2018-12-04 11:49:43 - [TEST_STEP][PASSED] - Statement - PreSaveFile = new java.io.File(((pathPrefix + java.lang.Integer.toString(counter)) + .png)): null

2018-12-04 11:49:43 - [TEST_STEP][PASSED] - Statement - counter = counter + 1: null

2018-12-04 11:49:43 - [TEST_STEP][PASSED] - Statement - PreSaveFile = new java.io.File(((pathPrefix + java.lang.Integer.toString(counter)) + .png)): null

2018-12-04 11:49:43 - [TEST_STEP][PASSED] - Statement - counter = counter + 1: null

2018-12-04 11:49:43 - [TEST_STEP][PASSED] - Statement - PreSaveFile = new java.io.File(((pathPrefix + java.lang.Integer.toString(counter)) + .png)): null

2018-12-04 11:49:43 - [TEST_STEP][PASSED] - Statement - counter = counter + 1: null

2018-12-04 11:49:44 - [TEST_STEP][PASSED] - Statement - PreSaveFile = new java.io.File(((pathPrefix + java.lang.Integer.toString(counter)) + .png)): null

2018-12-04 11:49:44 - [TEST_STEP][PASSED] - Statement - counter = counter + 1: null

2018-12-04 11:49:44 - [TEST_STEP][PASSED] - Statement - PreSaveFile = new java.io.File(((pathPrefix + java.lang.Integer.toString(counter)) + .png)): null

2018-12-04 11:49:44 - [TEST_STEP][PASSED] - Statement - counter = counter + 1: null

2018-12-04 11:49:44 - [TEST_STEP][PASSED] - Statement - PreSaveFile = new java.io.File(((pathPrefix + java.lang.Integer.toString(counter)) + .png)): null

2018-12-04 11:49:44 - [TEST_STEP][PASSED] - Statement - counter = counter + 1: null

2018-12-04 11:49:44 - [TEST_STEP][PASSED] - Statement - PreSaveFile = new java.io.File(((pathPrefix + java.lang.Integer.toString(counter)) + .png)): null

2018-12-04 11:49:44 - [TEST_STEP][PASSED] - Statement - counter = counter + 1: null

2018-12-04 11:49:44 - [TEST_STEP][PASSED] - Statement - PreSaveFile = new java.io.File(((pathPrefix + java.lang.Integer.toString(counter)) + .png)): null

2018-12-04 11:49:44 - [TEST_STEP][PASSED] - Statement - counter = counter + 1: null

2018-12-04 11:49:46 - [TEST_STEP][PASSED] - Statement - PreSaveFile = new java.io.File(((pathPrefix + java.lang.Integer.toString(counter)) + .png)): null

2018-12-04 11:49:46 - [TEST_STEP][PASSED] - Statement - counter = counter + 1: null

2018-12-04 11:49:46 - [TEST_STEP][PASSED] - Statement - PreSaveFile = new java.io.File(((pathPrefix + java.lang.Integer.toString(counter)) + .png)): null

2018-12-04 11:49:46 - [TEST_STEP][PASSED] - Statement - counter = counter + 1: null

2018-12-04 11:49:46 - [TEST_STEP][PASSED] - Statement - PreSaveFile = new java.io.File(((pathPrefix + java.lang.Integer.toString(counter)) + .png)): null

2018-12-04 11:49:46 - [TEST_STEP][PASSED] - Statement - counter = counter + 1: null

2018-12-04 11:49:46 - [TEST_STEP][PASSED] - Statement - PreSaveFile = new java.io.File(((pathPrefix + java.lang.Integer.toString(counter)) + .png)): null

2018-12-04 11:49:46 - [TEST_STEP][PASSED] - Statement - counter = counter + 1: null

2018-12-04 11:49:46 - [TEST_STEP][PASSED] - Statement - PreSaveFile = new java.io.File(((pathPrefix + java.lang.Integer.toString(counter)) + .png)): null

2018-12-04 11:49:46 - [TEST_STEP][PASSED] - Statement - counter = counter + 1: null

2018-12-04 11:49:48 - [TEST_STEP][PASSED] - Statement - PreSaveFile = new java.io.File(((pathPrefix + java.lang.Integer.toString(counter)) + .png)): null

2018-12-04 11:49:48 - [TEST_STEP][PASSED] - Statement - counter = counter + 1: null

2018-12-04 11:49:48 - [TEST_STEP][PASSED] - Statement - PreSaveFile = new java.io.File(((pathPrefix + java.lang.Integer.toString(counter)) + .png)): null

2018-12-04 11:49:48 - [TEST_STEP][PASSED] - Statement - counter = counter + 1: null

2018-12-04 11:49:48 - [TEST_STEP][PASSED] - Statement - PreSaveFile = new java.io.File(((pathPrefix + java.lang.Integer.toString(counter)) + .png)): null

2018-12-04 11:49:48 - [TEST_STEP][PASSED] - Statement - counter = counter + 1: null

2018-12-04 11:49:48 - [TEST_STEP][PASSED] - Statement - PreSaveFile = new java.io.File(((pathPrefix + java.lang.Integer.toString(counter)) + .png)): null

2018-12-04 11:49:48 - [TEST_STEP][PASSED] - Statement - counter = counter + 1: null

2018-12-04 11:49:48 - [TEST_STEP][PASSED] - Statement - PreSaveFile = new java.io.File(((pathPrefix + java.lang.Integer.toString(counter)) + .png)): null

2018-12-04 11:49:48 - [TEST_STEP][PASSED] - Statement - counter = counter + 1: null

2018-12-04 11:49:50 - [TEST_STEP][PASSED] - Statement - PreSaveFile = new java.io.File(((pathPrefix + java.lang.Integer.toString(counter)) + .png)): null

2018-12-04 11:49:50 - [TEST_STEP][PASSED] - Statement - counter = counter + 1: null

2018-12-04 11:49:50 - [TEST_STEP][PASSED] - Statement - PreSaveFile = new java.io.File(((pathPrefix + java.lang.Integer.toString(counter)) + .png)): null

2018-12-04 11:49:50 - [TEST_STEP][PASSED] - Statement - counter = counter + 1: null

2018-12-04 11:49:50 - [TEST_STEP][PASSED] - Statement - PreSaveFile = new java.io.File(((pathPrefix + java.lang.Integer.toString(counter)) + .png)): null

2018-12-04 11:49:50 - [TEST_STEP][PASSED] - Statement - counter = counter + 1: null

2018-12-04 11:49:50 - [TEST_STEP][PASSED] - Statement - PreSaveFile = new java.io.File(((pathPrefix + java.lang.Integer.toString(counter)) + .png)): null

2018-12-04 11:49:50 - [TEST_STEP][PASSED] - Statement - counter = counter + 1: null

2018-12-04 11:49:50 - [TEST_STEP][PASSED] - Statement - PreSaveFile = new java.io.File(((pathPrefix + java.lang.Integer.toString(counter)) + .png)): null

2018-12-04 11:49:52 - [TEST_STEP][PASSED] - Statement - counter = counter + 1: null

2018-12-04 11:49:52 - [TEST_STEP][PASSED] - Statement - PreSaveFile = new java.io.File(((pathPrefix + java.lang.Integer.toString(counter)) + .png)): null

2018-12-04 11:49:52 - [TEST_STEP][PASSED] - Statement - counter = counter + 1: null

2018-12-04 11:49:52 - [TEST_STEP][PASSED] - Statement - PreSaveFile = new java.io.File(((pathPrefix + java.lang.Integer.toString(counter)) + .png)): null

2018-12-04 11:49:52 - [TEST_STEP][PASSED] - Statement - counter = counter + 1: null

2018-12-04 11:49:52 - [TEST_STEP][PASSED] - Statement - PreSaveFile = new java.io.File(((pathPrefix + java.lang.Integer.toString(counter)) + .png)): null

2018-12-04 11:49:52 - [TEST_STEP][PASSED] - Statement - counter = counter + 1: null

2018-12-04 11:49:52 - [TEST_STEP][PASSED] - Statement - PreSaveFile = new java.io.File(((pathPrefix + java.lang.Integer.toString(counter)) + .png)): null

2018-12-04 11:49:52 - [TEST_STEP][PASSED] - Statement - counter = counter + 1: null

2018-12-04 11:49:54 - [TEST_STEP][PASSED] - Statement - PreSaveFile = new java.io.File(((pathPrefix + java.lang.Integer.toString(counter)) + .png)): null

2018-12-04 11:49:54 - [TEST_STEP][PASSED] - Statement - counter = counter + 1: null

2018-12-04 11:49:54 - [TEST_STEP][PASSED] - Statement - PreSaveFile = new java.io.File(((pathPrefix + java.lang.Integer.toString(counter)) + .png)): null

2018-12-04 11:49:54 - [TEST_STEP][PASSED] - Statement - counter = counter + 1: null

2018-12-04 11:49:54 - [TEST_STEP][PASSED] - Statement - PreSaveFile = new java.io.File(((pathPrefix + java.lang.Integer.toString(counter)) + .png)): null

2018-12-04 11:49:54 - [TEST_STEP][PASSED] - Statement - counter = counter + 1: null

2018-12-04 11:49:54 - [TEST_STEP][PASSED] - Statement - PreSaveFile = new java.io.File(((pathPrefix + java.lang.Integer.toString(counter)) + .png)): null

2018-12-04 11:49:54 - [TEST_STEP][PASSED] - Statement - counter = counter + 1: null

2018-12-04 11:49:54 - [TEST_STEP][PASSED] - Statement - PreSaveFile = new java.io.File(((pathPrefix + java.lang.Integer.toString(counter)) + .png)): null

2018-12-04 11:49:54 - [TEST_STEP][PASSED] - Statement - counter = counter + 1: null

2018-12-04 11:49:55 - [TEST_STEP][PASSED] - Statement - PreSaveFile = new java.io.File(((pathPrefix + java.lang.Integer.toString(counter)) + .png)): null

2018-12-04 11:49:55 - [TEST_STEP][PASSED] - Statement - counter = counter + 1: null

2018-12-04 11:49:55 - [TEST_STEP][PASSED] - Statement - PreSaveFile = new java.io.File(((pathPrefix + java.lang.Integer.toString(counter)) + .png)): null

2018-12-04 11:49:55 - [TEST_STEP][PASSED] - Statement - counter = counter + 1: null

2018-12-04 11:49:55 - [TEST_STEP][PASSED] - Statement - PreSaveFile = new java.io.File(((pathPrefix + java.lang.Integer.toString(counter)) + .png)): null

2018-12-04 11:49:55 - [TEST_STEP][PASSED] - Statement - counter = counter + 1: null

2018-12-04 11:49:55 - [TEST_STEP][PASSED] - Statement - PreSaveFile = new java.io.File(((pathPrefix + java.lang.Integer.toString(counter)) + .png)): null

2018-12-04 11:49:55 - [TEST_STEP][PASSED] - Statement - counter = counter + 1: null

2018-12-04 11:49:55 - [TEST_STEP][PASSED] - Statement - PreSaveFile = new java.io.File(((pathPrefix + java.lang.Integer.toString(counter)) + .png)): null

2018-12-04 11:49:55 - [TEST_STEP][PASSED] - Statement - counter = counter + 1: null

2018-12-04 11:49:57 - [TEST_STEP][PASSED] - Statement - PreSaveFile = new java.io.File(((pathPrefix + java.lang.Integer.toString(counter)) + .png)): null

2018-12-04 11:49:57 - [TEST_STEP][PASSED] - Statement - counter = counter + 1: null

2018-12-04 11:49:57 - [TEST_STEP][PASSED] - Statement - PreSaveFile = new java.io.File(((pathPrefix + java.lang.Integer.toString(counter)) + .png)): null

2018-12-04 11:49:57 - [TEST_STEP][PASSED] - Statement - counter = counter + 1: null

2018-12-04 11:49:57 - [TEST_STEP][PASSED] - Statement - PreSaveFile = new java.io.File(((pathPrefix + java.lang.Integer.toString(counter)) + .png)): null

2018-12-04 11:49:57 - [TEST_STEP][PASSED] - Statement - counter = counter + 1: null

2018-12-04 11:49:57 - [TEST_STEP][PASSED] - Statement - PreSaveFile = new java.io.File(((pathPrefix + java.lang.Integer.toString(counter)) + .png)): null

2018-12-04 11:49:57 - [TEST_STEP][PASSED] - Statement - counter = counter + 1: null

2018-12-04 11:49:57 - [TEST_STEP][PASSED] - Statement - PreSaveFile = new java.io.File(((pathPrefix + java.lang.Integer.toString(counter)) + .png)): null

2018-12-04 11:49:58 - [TEST_STEP][PASSED] - Statement - counter = counter + 1: null

2018-12-04 11:49:58 - [TEST_STEP][PASSED] - Statement - PreSaveFile = new java.io.File(((pathPrefix + java.lang.Integer.toString(counter)) + .png)): null

2018-12-04 11:49:58 - [TEST_STEP][PASSED] - Statement - counter = counter + 1: null

2018-12-04 11:49:58 - [TEST_STEP][PASSED] - Statement - PreSaveFile = new java.io.File(((pathPrefix + java.lang.Integer.toString(counter)) + .png)): null

2018-12-04 11:49:58 - [TEST_STEP][PASSED] - Statement - counter = counter + 1: null

2018-12-04 11:49:58 - [TEST_STEP][PASSED] - Statement - PreSaveFile = new java.io.File(((pathPrefix + java.lang.Integer.toString(counter)) + .png)): null

2018-12-04 11:49:58 - [TEST_STEP][PASSED] - Statement - counter = counter + 1: null

2018-12-04 11:49:58 - [TEST_STEP][PASSED] - Statement - PreSaveFile = new java.io.File(((pathPrefix + java.lang.Integer.toString(counter)) + .png)): null

2018-12-04 11:49:58 - [TEST_STEP][PASSED] - Statement - counter = counter + 1: null

2018-12-04 11:49:58 - [TEST_STEP][PASSED] - Statement - PreSaveFile = new java.io.File(((pathPrefix + java.lang.Integer.toString(counter)) + .png)): null

2018-12-04 11:50:00 - [TEST_STEP][PASSED] - Statement - counter = counter + 1: null

2018-12-04 11:50:00 - [TEST_STEP][PASSED] - Statement - PreSaveFile = new java.io.File(((pathPrefix + java.lang.Integer.toString(counter)) + .png)): null

2018-12-04 11:50:00 - [TEST_STEP][PASSED] - Statement - counter = counter + 1: null

2018-12-04 11:50:00 - [TEST_STEP][PASSED] - Statement - PreSaveFile = new java.io.File(((pathPrefix + java.lang.Integer.toString(counter)) + .png)): null

2018-12-04 11:50:00 - [TEST_STEP][PASSED] - Statement - counter = counter + 1: null

2018-12-04 11:50:00 - [TEST_STEP][PASSED] - Statement - PreSaveFile = new java.io.File(((pathPrefix + java.lang.Integer.toString(counter)) + .png)): null

2018-12-04 11:50:00 - [TEST_STEP][PASSED] - Statement - counter = counter + 1: null

2018-12-04 11:50:00 - [TEST_STEP][PASSED] - Statement - PreSaveFile = new java.io.File(((pathPrefix + java.lang.Integer.toString(counter)) + .png)): null

2018-12-04 11:50:00 - [TEST_STEP][PASSED] - Statement - counter = counter + 1: null

2018-12-04 11:50:02 - [TEST_STEP][PASSED] - Statement - PreSaveFile = new java.io.File(((pathPrefix + java.lang.Integer.toString(counter)) + .png)): null

2018-12-04 11:50:02 - [TEST_STEP][PASSED] - Statement - counter = counter + 1: null

2018-12-04 11:50:02 - [TEST_STEP][PASSED] - Statement - PreSaveFile = new java.io.File(((pathPrefix + java.lang.Integer.toString(counter)) + .png)): null

2018-12-04 11:50:02 - [TEST_STEP][PASSED] - Statement - counter = counter + 1: null

2018-12-04 11:50:02 - [TEST_STEP][PASSED] - Statement - PreSaveFile = new java.io.File(((pathPrefix + java.lang.Integer.toString(counter)) + .png)): null

2018-12-04 11:50:02 - [TEST_STEP][PASSED] - Statement - counter = counter + 1: null

2018-12-04 11:50:02 - [TEST_STEP][PASSED] - Statement - PreSaveFile = new java.io.File(((pathPrefix + java.lang.Integer.toString(counter)) + .png)): null

2018-12-04 11:50:02 - [TEST_STEP][PASSED] - Statement - counter = counter + 1: null

2018-12-04 11:50:02 - [TEST_STEP][PASSED] - Statement - PreSaveFile = new java.io.File(((pathPrefix + java.lang.Integer.toString(counter)) + .png)): null

2018-12-04 11:50:02 - [TEST_STEP][PASSED] - Statement - counter = counter + 1: null

2018-12-04 11:50:04 - [TEST_STEP][PASSED] - Statement - PreSaveFile = new java.io.File(((pathPrefix + java.lang.Integer.toString(counter)) + .png)): null

2018-12-04 11:50:04 - [TEST_STEP][PASSED] - Statement - counter = counter + 1: null

2018-12-04 11:50:04 - [TEST_STEP][PASSED] - Statement - PreSaveFile = new java.io.File(((pathPrefix + java.lang.Integer.toString(counter)) + .png)): null

2018-12-04 11:50:04 - [TEST_STEP][PASSED] - Statement - counter = counter + 1: null

2018-12-04 11:50:04 - [TEST_STEP][PASSED] - Statement - PreSaveFile = new java.io.File(((pathPrefix + java.lang.Integer.toString(counter)) + .png)): null

2018-12-04 11:50:04 - [TEST_STEP][PASSED] - Statement - counter = counter + 1: null

2018-12-04 11:50:04 - [TEST_STEP][PASSED] - Statement - PreSaveFile = new java.io.File(((pathPrefix + java.lang.Integer.toString(counter)) + .png)): null

2018-12-04 11:50:04 - [TEST_STEP][PASSED] - Statement - counter = counter + 1: null

2018-12-04 11:50:04 - [TEST_STEP][PASSED] - Statement - PreSaveFile = new java.io.File(((pathPrefix + java.lang.Integer.toString(counter)) + .png)): null

2018-12-04 11:50:04 - [TEST_STEP][PASSED] - Statement - counter = counter + 1: null

2018-12-04 11:50:06 - [TEST_STEP][PASSED] - Statement - PreSaveFile = new java.io.File(((pathPrefix + java.lang.Integer.toString(counter)) + .png)): null

2018-12-04 11:50:06 - [TEST_STEP][PASSED] - Statement - counter = counter + 1: null

2018-12-04 11:50:06 - [TEST_STEP][PASSED] - Statement - PreSaveFile = new java.io.File(((pathPrefix + java.lang.Integer.toString(counter)) + .png)): null

2018-12-04 11:50:06 - [TEST_STEP][PASSED] - Statement - counter = counter + 1: null

2018-12-04 11:50:06 - [TEST_STEP][PASSED] - Statement - PreSaveFile = new java.io.File(((pathPrefix + java.lang.Integer.toString(counter)) + .png)): null

2018-12-04 11:50:06 - [TEST_STEP][PASSED] - Statement - counter = counter + 1: null

2018-12-04 11:50:06 - [TEST_STEP][PASSED] - Statement - PreSaveFile = new java.io.File(((pathPrefix + java.lang.Integer.toString(counter)) + .png)): null

2018-12-04 11:50:06 - [TEST_STEP][PASSED] - Statement - counter = counter + 1: null

2018-12-04 11:50:06 - [TEST_STEP][PASSED] - Statement - PreSaveFile = new java.io.File(((pathPrefix + java.lang.Integer.toString(counter)) + .png)): null

2018-12-04 11:50:08 - [TEST_STEP][PASSED] - Statement - counter = counter + 1: null

2018-12-04 11:50:08 - [TEST_STEP][PASSED] - Statement - PreSaveFile = new java.io.File(((pathPrefix + java.lang.Integer.toString(counter)) + .png)): null

2018-12-04 11:50:08 - [TEST_STEP][PASSED] - Statement - counter = counter + 1: null

2018-12-04 11:50:08 - [TEST_STEP][PASSED] - Statement - PreSaveFile = new java.io.File(((pathPrefix + java.lang.Integer.toString(counter)) + .png)): null

2018-12-04 11:50:08 - [TEST_STEP][PASSED] - Statement - counter = counter + 1: null

2018-12-04 11:50:08 - [TEST_STEP][PASSED] - Statement - PreSaveFile = new java.io.File(((pathPrefix + java.lang.Integer.toString(counter)) + .png)): null

2018-12-04 11:50:08 - [TEST_STEP][PASSED] - Statement - counter = counter + 1: null

2018-12-04 11:50:08 - [TEST_STEP][PASSED] - Statement - PreSaveFile = new java.io.File(((pathPrefix + java.lang.Integer.toString(counter)) + .png)): null

2018-12-04 11:50:08 - [TEST_STEP][PASSED] - Statement - counter = counter + 1: null

2018-12-04 11:50:10 - [TEST_STEP][PASSED] - Statement - PreSaveFile = new java.io.File(((pathPrefix + java.lang.Integer.toString(counter)) + .png)): null

2018-12-04 11:50:10 - [TEST_STEP][PASSED] - Statement - counter = counter + 1: null

2018-12-04 11:50:10 - [TEST_STEP][PASSED] - Statement - PreSaveFile = new java.io.File(((pathPrefix + java.lang.Integer.toString(counter)) + .png)): null

2018-12-04 11:50:10 - [TEST_STEP][PASSED] - Statement - counter = counter + 1: null

2018-12-04 11:50:10 - [TEST_STEP][PASSED] - Statement - PreSaveFile = new java.io.File(((pathPrefix + java.lang.Integer.toString(counter)) + .png)): null

2018-12-04 11:50:10 - [TEST_STEP][PASSED] - Statement - counter = counter + 1: null

2018-12-04 11:50:10 - [TEST_STEP][PASSED] - Statement - PreSaveFile = new java.io.File(((pathPrefix + java.lang.Integer.toString(counter)) + .png)): null

2018-12-04 11:50:10 - [TEST_STEP][PASSED] - Statement - counter = counter + 1: null

2018-12-04 11:50:10 - [TEST_STEP][PASSED] - Statement - PreSaveFile = new java.io.File(((pathPrefix + java.lang.Integer.toString(counter)) + .png)): null

2018-12-04 11:50:10 - [TEST_STEP][PASSED] - Statement - counter = counter + 1: null

2018-12-04 11:50:12 - [TEST_STEP][PASSED] - Statement - PreSaveFile = new java.io.File(((pathPrefix + java.lang.Integer.toString(counter)) + .png)): null

2018-12-04 11:50:12 - [TEST_STEP][PASSED] - Statement - counter = counter + 1: null

2018-12-04 11:50:12 - [TEST_STEP][PASSED] - Statement - PreSaveFile = new java.io.File(((pathPrefix + java.lang.Integer.toString(counter)) + .png)): null

2018-12-04 11:50:12 - [TEST_STEP][PASSED] - Statement - counter = counter + 1: null

2018-12-04 11:50:12 - [TEST_STEP][PASSED] - Statement - PreSaveFile = new java.io.File(((pathPrefix + java.lang.Integer.toString(counter)) + .png)): null

2018-12-04 11:50:12 - [TEST_STEP][PASSED] - Statement - counter = counter + 1: null

2018-12-04 11:50:12 - [TEST_STEP][PASSED] - Statement - PreSaveFile = new java.io.File(((pathPrefix + java.lang.Integer.toString(counter)) + .png)): null

2018-12-04 11:50:12 - [TEST_STEP][PASSED] - Statement - counter = counter + 1: null

2018-12-04 11:50:12 - [TEST_STEP][PASSED] - Statement - PreSaveFile = new java.io.File(((pathPrefix + java.lang.Integer.toString(counter)) + .png)): null

2018-12-04 11:50:12 - [TEST_STEP][PASSED] - Statement - counter = counter + 1: null

2018-12-04 11:50:14 - [TEST_STEP][PASSED] - Statement - PreSaveFile = new java.io.File(((pathPrefix + java.lang.Integer.toString(counter)) + .png)): null

2018-12-04 11:50:14 - [TEST_STEP][PASSED] - Statement - counter = counter + 1: null

2018-12-04 11:50:14 - [TEST_STEP][PASSED] - Statement - PreSaveFile = new java.io.File(((pathPrefix + java.lang.Integer.toString(counter)) + .png)): null

2018-12-04 11:50:14 - [TEST_STEP][PASSED] - Statement - counter = counter + 1: null

2018-12-04 11:50:14 - [TEST_STEP][PASSED] - Statement - PreSaveFile = new java.io.File(((pathPrefix + java.lang.Integer.toString(counter)) + .png)): null

2018-12-04 11:50:14 - [TEST_STEP][PASSED] - Statement - counter = counter + 1: null

2018-12-04 11:50:14 - [TEST_STEP][PASSED] - Statement - PreSaveFile = new java.io.File(((pathPrefix + java.lang.Integer.toString(counter)) + .png)): null

2018-12-04 11:50:14 - [TEST_STEP][PASSED] - Statement - counter = counter + 1: null

2018-12-04 11:50:14 - [TEST_STEP][PASSED] - Statement - PreSaveFile = new java.io.File(((pathPrefix + java.lang.Integer.toString(counter)) + .png)): null

2018-12-04 11:50:14 - [TEST_STEP][PASSED] - Statement - counter = counter + 1: null

2018-12-04 11:50:16 - [TEST_STEP][PASSED] - Statement - PreSaveFile = new java.io.File(((pathPrefix + java.lang.Integer.toString(counter)) + .png)): null

2018-12-04 11:50:16 - [TEST_STEP][PASSED] - Statement - counter = counter + 1: null

2018-12-04 11:50:16 - [TEST_STEP][PASSED] - Statement - PreSaveFile = new java.io.File(((pathPrefix + java.lang.Integer.toString(counter)) + .png)): null

2018-12-04 11:50:16 - [TEST_STEP][PASSED] - Statement - counter = counter + 1: null

2018-12-04 11:50:16 - [TEST_STEP][PASSED] - Statement - PreSaveFile = new java.io.File(((pathPrefix + java.lang.Integer.toString(counter)) + .png)): null

2018-12-04 11:50:16 - [TEST_STEP][PASSED] - Statement - counter = counter + 1: null

2018-12-04 11:50:16 - [TEST_STEP][PASSED] - Statement - PreSaveFile = new java.io.File(((pathPrefix + java.lang.Integer.toString(counter)) + .png)): null

2018-12-04 11:50:16 - [TEST_STEP][PASSED] - Statement - counter = counter + 1: null

2018-12-04 11:50:16 - [TEST_STEP][PASSED] - Statement - PreSaveFile = new java.io.File(((pathPrefix + java.lang.Integer.toString(counter)) + .png)): null

2018-12-04 11:50:18 - [TEST_STEP][PASSED] - Statement - counter = counter + 1: null

2018-12-04 11:50:18 - [TEST_STEP][PASSED] - Statement - PreSaveFile = new java.io.File(((pathPrefix + java.lang.Integer.toString(counter)) + .png)): null

2018-12-04 11:50:18 - [TEST_STEP][PASSED] - Statement - counter = counter + 1: null

2018-12-04 11:50:18 - [TEST_STEP][PASSED] - Statement - PreSaveFile = new java.io.File(((pathPrefix + java.lang.Integer.toString(counter)) + .png)): null

2018-12-04 11:50:18 - [TEST_STEP][PASSED] - Statement - counter = counter + 1: null

2018-12-04 11:50:18 - [TEST_STEP][PASSED] - Statement - PreSaveFile = new java.io.File(((pathPrefix + java.lang.Integer.toString(counter)) + .png)): null

2018-12-04 11:50:18 - [TEST_STEP][PASSED] - Statement - counter = counter + 1: null

2018-12-04 11:50:18 - [TEST_STEP][PASSED] - Statement - PreSaveFile = new java.io.File(((pathPrefix + java.lang.Integer.toString(counter)) + .png)): null

2018-12-04 11:50:18 - [TEST_STEP][PASSED] - Statement - counter = counter + 1: null

2018-12-04 11:50:20 - [TEST_STEP][PASSED] - Statement - PreSaveFile = new java.io.File(((pathPrefix + java.lang.Integer.toString(counter)) + .png)): null

2018-12-04 11:50:20 - [TEST_STEP][PASSED] - Statement - counter = counter + 1: null

2018-12-04 11:50:20 - [TEST_STEP][PASSED] - Statement - PreSaveFile = new java.io.File(((pathPrefix + java.lang.Integer.toString(counter)) + .png)): null

2018-12-04 11:50:20 - [TEST_STEP][PASSED] - Statement - counter = counter + 1: null

2018-12-04 11:50:20 - [TEST_STEP][PASSED] - Statement - PreSaveFile = new java.io.File(((pathPrefix + java.lang.Integer.toString(counter)) + .png)): null

2018-12-04 11:50:20 - [TEST_STEP][PASSED] - Statement - counter = counter + 1: null

2018-12-04 11:50:20 - [TEST_STEP][PASSED] - Statement - PreSaveFile = new java.io.File(((pathPrefix + java.lang.Integer.toString(counter)) + .png)): null

2018-12-04 11:50:20 - [TEST_STEP][PASSED] - Statement - counter = counter + 1: null

2018-12-04 11:50:20 - [TEST_STEP][PASSED] - Statement - PreSaveFile = new java.io.File(((pathPrefix + java.lang.Integer.toString(counter)) + .png)): null

2018-12-04 11:50:20 - [TEST_STEP][PASSED] - Statement - counter = counter + 1: null

2018-12-04 11:50:22 - [TEST_STEP][PASSED] - Statement - PreSaveFile = new java.io.File(((pathPrefix + java.lang.Integer.toString(counter)) + .png)): null

2018-12-04 11:50:22 - [TEST_STEP][PASSED] - Statement - counter = counter + 1: null

2018-12-04 11:50:22 - [TEST_STEP][PASSED] - Statement - PreSaveFile = new java.io.File(((pathPrefix + java.lang.Integer.toString(counter)) + .png)): null

2018-12-04 11:50:22 - [TEST_STEP][PASSED] - Statement - counter = counter + 1: null

2018-12-04 11:50:22 - [TEST_STEP][PASSED] - Statement - PreSaveFile = new java.io.File(((pathPrefix + java.lang.Integer.toString(counter)) + .png)): null

2018-12-04 11:50:22 - [TEST_STEP][PASSED] - Statement - counter = counter + 1: null

2018-12-04 11:50:22 - [TEST_STEP][PASSED] - Statement - PreSaveFile = new java.io.File(((pathPrefix + java.lang.Integer.toString(counter)) + .png)): null

2018-12-04 11:50:22 - [TEST_STEP][PASSED] - Statement - counter = counter + 1: null

2018-12-04 11:50:22 - [TEST_STEP][PASSED] - Statement - PreSaveFile = new java.io.File(((pathPrefix + java.lang.Integer.toString(counter)) + .png)): null

2018-12-04 11:50:22 - [TEST_STEP][PASSED] - Statement - counter = counter + 1: null

2018-12-04 11:50:24 - [TEST_STEP][PASSED] - Statement - PreSaveFile = new java.io.File(((pathPrefix + java.lang.Integer.toString(counter)) + .png)): null

2018-12-04 11:50:24 - [TEST_STEP][PASSED] - Statement - counter = counter + 1: null

2018-12-04 11:50:24 - [TEST_STEP][PASSED] - Statement - PreSaveFile = new java.io.File(((pathPrefix + java.lang.Integer.toString(counter)) + .png)): null

2018-12-04 11:50:24 - [TEST_STEP][PASSED] - Statement - counter = counter + 1: null

2018-12-04 11:50:24 - [TEST_STEP][PASSED] - Statement - PreSaveFile = new java.io.File(((pathPrefix + java.lang.Integer.toString(counter)) + .png)): null

2018-12-04 11:50:24 - [TEST_STEP][PASSED] - Statement - counter = counter + 1: null

2018-12-04 11:50:24 - [TEST_STEP][PASSED] - Statement - PreSaveFile = new java.io.File(((pathPrefix + java.lang.Integer.toString(counter)) + .png)): null

2018-12-04 11:50:24 - [TEST_STEP][PASSED] - Statement - counter = counter + 1: null

2018-12-04 11:50:24 - [TEST_STEP][PASSED] - Statement - PreSaveFile = new java.io.File(((pathPrefix + java.lang.Integer.toString(counter)) + .png)): null

2018-12-04 11:50:26 - [TEST_STEP][PASSED] - Statement - counter = counter + 1: null

2018-12-04 11:50:26 - [TEST_STEP][PASSED] - Statement - PreSaveFile = new java.io.File(((pathPrefix + java.lang.Integer.toString(counter)) + .png)): null

2018-12-04 11:50:26 - [TEST_STEP][PASSED] - Statement - counter = counter + 1: null

2018-12-04 11:50:26 - [TEST_STEP][PASSED] - Statement - PreSaveFile = new java.io.File(((pathPrefix + java.lang.Integer.toString(counter)) + .png)): null

2018-12-04 11:50:26 - [TEST_STEP][PASSED] - Statement - counter = counter + 1: null

2018-12-04 11:50:26 - [TEST_STEP][PASSED] - Statement - PreSaveFile = new java.io.File(((pathPrefix + java.lang.Integer.toString(counter)) + .png)): null

2018-12-04 11:50:26 - [TEST_STEP][PASSED] - Statement - counter = counter + 1: null

2018-12-04 11:50:26 - [TEST_STEP][PASSED] - Statement - PreSaveFile = new java.io.File(((pathPrefix + java.lang.Integer.toString(counter)) + .png)): null

2018-12-04 11:50:26 - [TEST_STEP][PASSED] - Statement - counter = counter + 1: null

2018-12-04 11:50:26 - [TEST_STEP][PASSED] - Statement - PreSaveFile = new java.io.File(((pathPrefix + java.lang.Integer.toString(counter)) + .png)): null

2018-12-04 11:50:29 - [TEST_STEP][PASSED] - Statement - counter = counter + 1: null

2018-12-04 11:50:29 - [TEST_STEP][PASSED] - Statement - PreSaveFile = new java.io.File(((pathPrefix + java.lang.Integer.toString(counter)) + .png)): null

2018-12-04 11:50:29 - [TEST_STEP][PASSED] - Statement - counter = counter + 1: null

2018-12-04 11:50:29 - [TEST_STEP][PASSED] - Statement - PreSaveFile = new java.io.File(((pathPrefix + java.lang.Integer.toString(counter)) + .png)): null

2018-12-04 11:50:29 - [TEST_STEP][PASSED] - Statement - counter = counter + 1: null

2018-12-04 11:50:29 - [TEST_STEP][PASSED] - Statement - PreSaveFile = new java.io.File(((pathPrefix + java.lang.Integer.toString(counter)) + .png)): null

2018-12-04 11:50:29 - [TEST_STEP][PASSED] - Statement - counter = counter + 1: null

2018-12-04 11:50:29 - [TEST_STEP][PASSED] - Statement - PreSaveFile = new java.io.File(((pathPrefix + java.lang.Integer.toString(counter)) + .png)): null

2018-12-04 11:50:29 - [TEST_STEP][PASSED] - Statement - counter = counter + 1: null

2018-12-04 11:50:31 - [TEST_STEP][PASSED] - Statement - PreSaveFile = new java.io.File(((pathPrefix + java.lang.Integer.toString(counter)) + .png)): null

2018-12-04 11:50:31 - [TEST_STEP][PASSED] - Statement - counter = counter + 1: null

2018-12-04 11:50:31 - [TEST_STEP][PASSED] - Statement - PreSaveFile = new java.io.File(((pathPrefix + java.lang.Integer.toString(counter)) + .png)): null

2018-12-04 11:50:31 - [TEST_STEP][PASSED] - Statement - counter = counter + 1: null

2018-12-04 11:50:31 - [TEST_STEP][PASSED] - Statement - PreSaveFile = new java.io.File(((pathPrefix + java.lang.Integer.toString(counter)) + .png)): null

2018-12-04 11:50:31 - [TEST_STEP][PASSED] - Statement - counter = counter + 1: null

2018-12-04 11:50:31 - [TEST_STEP][PASSED] - Statement - PreSaveFile = new java.io.File(((pathPrefix + java.lang.Integer.toString(counter)) + .png)): null

2018-12-04 11:50:31 - [TEST_STEP][PASSED] - Statement - counter = counter + 1: null

2018-12-04 11:50:31 - [TEST_STEP][PASSED] - Statement - PreSaveFile = new java.io.File(((pathPrefix + java.lang.Integer.toString(counter)) + .png)): null

2018-12-04 11:50:31 - [TEST_STEP][PASSED] - Statement - counter = counter + 1: null

2018-12-04 11:50:33 - [TEST_STEP][PASSED] - Statement - PreSaveFile = new java.io.File(((pathPrefix + java.lang.Integer.toString(counter)) + .png)): null

2018-12-04 11:50:33 - [TEST_STEP][PASSED] - Statement - counter = counter + 1: null

2018-12-04 11:50:33 - [TEST_STEP][PASSED] - Statement - PreSaveFile = new java.io.File(((pathPrefix + java.lang.Integer.toString(counter)) + .png)): null

2018-12-04 11:50:33 - [TEST_STEP][PASSED] - Statement - counter = counter + 1: null

2018-12-04 11:50:33 - [TEST_STEP][PASSED] - Statement - PreSaveFile = new java.io.File(((pathPrefix + java.lang.Integer.toString(counter)) + .png)): null

2018-12-04 11:50:33 - [TEST_STEP][PASSED] - Statement - counter = counter + 1: null

2018-12-04 11:50:33 - [TEST_STEP][PASSED] - Statement - PreSaveFile = new java.io.File(((pathPrefix + java.lang.Integer.toString(counter)) + .png)): null

2018-12-04 11:50:33 - [TEST_STEP][PASSED] - Statement - counter = counter + 1: null

2018-12-04 11:50:33 - [TEST_STEP][PASSED] - Statement - PreSaveFile = new java.io.File(((pathPrefix + java.lang.Integer.toString(counter)) + .png)): null

2018-12-04 11:50:33 - [TEST_STEP][PASSED] - Statement - counter = counter + 1: null

2018-12-04 11:50:35 - [TEST_STEP][PASSED] - Statement - PreSaveFile = new java.io.File(((pathPrefix + java.lang.Integer.toString(counter)) + .png)): null

2018-12-04 11:50:35 - [TEST_STEP][PASSED] - Statement - counter = counter + 1: null

2018-12-04 11:50:35 - [TEST_STEP][PASSED] - Statement - PreSaveFile = new java.io.File(((pathPrefix + java.lang.Integer.toString(counter)) + .png)): null

2018-12-04 11:50:35 - [TEST_STEP][PASSED] - Statement - counter = counter + 1: null

2018-12-04 11:50:35 - [TEST_STEP][PASSED] - Statement - PreSaveFile = new java.io.File(((pathPrefix + java.lang.Integer.toString(counter)) + .png)): null

2018-12-04 11:50:35 - [TEST_STEP][PASSED] - Statement - counter = counter + 1: null

2018-12-04 11:50:35 - [TEST_STEP][PASSED] - Statement - PreSaveFile = new java.io.File(((pathPrefix + java.lang.Integer.toString(counter)) + .png)): null

2018-12-04 11:50:35 - [TEST_STEP][PASSED] - Statement - counter = counter + 1: null

2018-12-04 11:50:35 - [TEST_STEP][PASSED] - Statement - PreSaveFile = new java.io.File(((pathPrefix + java.lang.Integer.toString(counter)) + .png)): null

2018-12-04 11:50:37 - [TEST_STEP][PASSED] - Statement - counter = counter + 1: null

2018-12-04 11:50:37 - [TEST_STEP][PASSED] - Statement - PreSaveFile = new java.io.File(((pathPrefix + java.lang.Integer.toString(counter)) + .png)): null

2018-12-04 11:50:37 - [TEST_STEP][PASSED] - Statement - counter = counter + 1: null

2018-12-04 11:50:37 - [TEST_STEP][PASSED] - Statement - PreSaveFile = new java.io.File(((pathPrefix + java.lang.Integer.toString(counter)) + .png)): null

2018-12-04 11:50:37 - [TEST_STEP][PASSED] - Statement - counter = counter + 1: null

2018-12-04 11:50:37 - [TEST_STEP][PASSED] - Statement - PreSaveFile = new java.io.File(((pathPrefix + java.lang.Integer.toString(counter)) + .png)): null

2018-12-04 11:50:37 - [TEST_STEP][PASSED] - Statement - counter = counter + 1: null

2018-12-04 11:50:37 - [TEST_STEP][PASSED] - Statement - PreSaveFile = new java.io.File(((pathPrefix + java.lang.Integer.toString(counter)) + .png)): null

2018-12-04 11:50:37 - [TEST_STEP][PASSED] - Statement - counter = counter + 1: null

2018-12-04 11:50:40 - [TEST_STEP][PASSED] - Statement - PreSaveFile = new java.io.File(((pathPrefix + java.lang.Integer.toString(counter)) + .png)): null

2018-12-04 11:50:40 - [TEST_STEP][PASSED] - Statement - counter = counter + 1: null

2018-12-04 11:50:40 - [TEST_STEP][PASSED] - Statement - PreSaveFile = new java.io.File(((pathPrefix + java.lang.Integer.toString(counter)) + .png)): null

2018-12-04 11:50:40 - [TEST_STEP][PASSED] - Statement - counter = counter + 1: null

2018-12-04 11:50:40 - [TEST_STEP][PASSED] - Statement - PreSaveFile = new java.io.File(((pathPrefix + java.lang.Integer.toString(counter)) + .png)): null

2018-12-04 11:50:40 - [TEST_STEP][PASSED] - Statement - counter = counter + 1: null

2018-12-04 11:50:40 - [TEST_STEP][PASSED] - Statement - PreSaveFile = new java.io.File(((pathPrefix + java.lang.Integer.toString(counter)) + .png)): null

2018-12-04 11:50:40 - [TEST_STEP][PASSED] - Statement - counter = counter + 1: null

2018-12-04 11:50:40 - [TEST_STEP][PASSED] - Statement - PreSaveFile = new java.io.File(((pathPrefix + java.lang.Integer.toString(counter)) + .png)): null

2018-12-04 11:50:40 - [TEST_STEP][PASSED] - Statement - counter = counter + 1: null

2018-12-04 11:50:42 - [TEST_STEP][PASSED] - Statement - PreSaveFile = new java.io.File(((pathPrefix + java.lang.Integer.toString(counter)) + .png)): null

2018-12-04 11:50:42 - [TEST_STEP][PASSED] - Statement - counter = counter + 1: null

2018-12-04 11:50:42 - [TEST_STEP][PASSED] - Statement - PreSaveFile = new java.io.File(((pathPrefix + java.lang.Integer.toString(counter)) + .png)): null

2018-12-04 11:50:42 - [TEST_STEP][PASSED] - Statement - counter = counter + 1: null

2018-12-04 11:50:42 - [TEST_STEP][PASSED] - Statement - PreSaveFile = new java.io.File(((pathPrefix + java.lang.Integer.toString(counter)) + .png)): null

2018-12-04 11:50:42 - [TEST_STEP][PASSED] - Statement - counter = counter + 1: null

2018-12-04 11:50:42 - [TEST_STEP][PASSED] - Statement - PreSaveFile = new java.io.File(((pathPrefix + java.lang.Integer.toString(counter)) + .png)): null

2018-12-04 11:50:42 - [TEST_STEP][PASSED] - Statement - counter = counter + 1: null

2018-12-04 11:50:42 - [TEST_STEP][PASSED] - Statement - PreSaveFile = new java.io.File(((pathPrefix + java.lang.Integer.toString(counter)) + .png)): null

2018-12-04 11:50:42 - [TEST_STEP][PASSED] - Statement - counter = counter + 1: null

2018-12-04 11:50:44 - [TEST_STEP][PASSED] - Statement - PreSaveFile = new java.io.File(((pathPrefix + java.lang.Integer.toString(counter)) + .png)): null

2018-12-04 11:50:44 - [TEST_STEP][PASSED] - Statement - counter = counter + 1: null

2018-12-04 11:50:44 - [TEST_STEP][PASSED] - Statement - PreSaveFile = new java.io.File(((pathPrefix + java.lang.Integer.toString(counter)) + .png)): null

2018-12-04 11:50:44 - [TEST_STEP][PASSED] - Statement - counter = counter + 1: null

2018-12-04 11:50:44 - [TEST_STEP][PASSED] - Statement - PreSaveFile = new java.io.File(((pathPrefix + java.lang.Integer.toString(counter)) + .png)): null

2018-12-04 11:50:44 - [TEST_STEP][PASSED] - Statement - counter = counter + 1: null

2018-12-04 11:50:44 - [TEST_STEP][PASSED] - Statement - PreSaveFile = new java.io.File(((pathPrefix + java.lang.Integer.toString(counter)) + .png)): null

2018-12-04 11:50:44 - [TEST_STEP][PASSED] - Statement - counter = counter + 1: null

2018-12-04 11:50:44 - [TEST_STEP][PASSED] - Statement - PreSaveFile = new java.io.File(((pathPrefix + java.lang.Integer.toString(counter)) + .png)): null

2018-12-04 11:50:44 - [TEST_STEP][PASSED] - Statement - counter = counter + 1: null

2018-12-04 11:50:46 - [TEST_STEP][PASSED] - Statement - PreSaveFile = new java.io.File(((pathPrefix + java.lang.Integer.toString(counter)) + .png)): null

2018-12-04 11:50:46 - [TEST_STEP][PASSED] - Statement - counter = counter + 1: null

2018-12-04 11:50:46 - [TEST_STEP][PASSED] - Statement - PreSaveFile = new java.io.File(((pathPrefix + java.lang.Integer.toString(counter)) + .png)): null

2018-12-04 11:50:46 - [TEST_STEP][PASSED] - Statement - counter = counter + 1: null

2018-12-04 11:50:46 - [TEST_STEP][PASSED] - Statement - PreSaveFile = new java.io.File(((pathPrefix + java.lang.Integer.toString(counter)) + .png)): null

2018-12-04 11:50:46 - [TEST_STEP][PASSED] - Statement - counter = counter + 1: null

2018-12-04 11:50:46 - [TEST_STEP][PASSED] - Statement - PreSaveFile = new java.io.File(((pathPrefix + java.lang.Integer.toString(counter)) + .png)): null

2018-12-04 11:50:46 - [TEST_STEP][PASSED] - Statement - counter = counter + 1: null

2018-12-04 11:50:46 - [TEST_STEP][PASSED] - Statement - PreSaveFile = new java.io.File(((pathPrefix + java.lang.Integer.toString(counter)) + .png)): null

2018-12-04 11:50:48 - [TEST_STEP][PASSED] - Statement - counter = counter + 1: null

2018-12-04 11:50:48 - [TEST_STEP][PASSED] - Statement - PreSaveFile = new java.io.File(((pathPrefix + java.lang.Integer.toString(counter)) + .png)): null

2018-12-04 11:50:48 - [TEST_STEP][PASSED] - Statement - counter = counter + 1: null

2018-12-04 11:50:48 - [TEST_STEP][PASSED] - Statement - PreSaveFile = new java.io.File(((pathPrefix + java.lang.Integer.toString(counter)) + .png)): null

2018-12-04 11:50:48 - [TEST_STEP][PASSED] - Statement - counter = counter + 1: null

2018-12-04 11:50:48 - [TEST_STEP][PASSED] - Statement - PreSaveFile = new java.io.File(((pathPrefix + java.lang.Integer.toString(counter)) + .png)): null

2018-12-04 11:50:48 - [TEST_STEP][PASSED] - Statement - counter = counter + 1: null

2018-12-04 11:50:48 - [TEST_STEP][PASSED] - Statement - PreSaveFile = new java.io.File(((pathPrefix + java.lang.Integer.toString(counter)) + .png)): null

2018-12-04 11:50:48 - [TEST_STEP][PASSED] - Statement - counter = counter + 1: null

2018-12-04 11:50:50 - [TEST_STEP][PASSED] - Statement - PreSaveFile = new java.io.File(((pathPrefix + java.lang.Integer.toString(counter)) + .png)): null

2018-12-04 11:50:50 - [TEST_STEP][PASSED] - Statement - counter = counter + 1: null

2018-12-04 11:50:50 - [TEST_STEP][PASSED] - Statement - PreSaveFile = new java.io.File(((pathPrefix + java.lang.Integer.toString(counter)) + .png)): null

2018-12-04 11:50:50 - [TEST_STEP][PASSED] - Statement - counter = counter + 1: null

2018-12-04 11:50:50 - [TEST_STEP][PASSED] - Statement - PreSaveFile = new java.io.File(((pathPrefix + java.lang.Integer.toString(counter)) + .png)): null

2018-12-04 11:50:50 - [TEST_STEP][PASSED] - Statement - counter = counter + 1: null

2018-12-04 11:50:50 - [TEST_STEP][PASSED] - Statement - PreSaveFile = new java.io.File(((pathPrefix + java.lang.Integer.toString(counter)) + .png)): null

2018-12-04 11:50:50 - [TEST_STEP][PASSED] - Statement - counter = counter + 1: null

2018-12-04 11:50:50 - [TEST_STEP][PASSED] - Statement - PreSaveFile = new java.io.File(((pathPrefix + java.lang.Integer.toString(counter)) + .png)): null

2018-12-04 11:50:50 - [TEST_STEP][PASSED] - Statement - counter = counter + 1: null

2018-12-04 11:50:52 - [TEST_STEP][PASSED] - Statement - PreSaveFile = new java.io.File(((pathPrefix + java.lang.Integer.toString(counter)) + .png)): null

2018-12-04 11:50:52 - [TEST_STEP][PASSED] - Statement - counter = counter + 1: null

2018-12-04 11:50:52 - [TEST_STEP][PASSED] - Statement - PreSaveFile = new java.io.File(((pathPrefix + java.lang.Integer.toString(counter)) + .png)): null

2018-12-04 11:50:52 - [TEST_STEP][PASSED] - Statement - counter = counter + 1: null

2018-12-04 11:50:52 - [TEST_STEP][PASSED] - Statement - PreSaveFile = new java.io.File(((pathPrefix + java.lang.Integer.toString(counter)) + .png)): null

2018-12-04 11:50:52 - [TEST_STEP][PASSED] - Statement - counter = counter + 1: null

2018-12-04 11:50:52 - [TEST_STEP][PASSED] - Statement - PreSaveFile = new java.io.File(((pathPrefix + java.lang.Integer.toString(counter)) + .png)): null

2018-12-04 11:50:52 - [TEST_STEP][PASSED] - Statement - counter = counter + 1: null

2018-12-04 11:50:52 - [TEST_STEP][PASSED] - Statement - PreSaveFile = new java.io.File(((pathPrefix + java.lang.Integer.toString(counter)) + .png)): null

2018-12-04 11:50:52 - [TEST_STEP][PASSED] - Statement - counter = counter + 1: null

2018-12-04 11:50:54 - [TEST_STEP][PASSED] - Statement - PreSaveFile = new java.io.File(((pathPrefix + java.lang.Integer.toString(counter)) + .png)): null

2018-12-04 11:50:54 - [TEST_STEP][PASSED] - Statement - counter = counter + 1: null

2018-12-04 11:50:54 - [TEST_STEP][PASSED] - Statement - PreSaveFile = new java.io.File(((pathPrefix + java.lang.Integer.toString(counter)) + .png)): null

2018-12-04 11:50:54 - [TEST_STEP][PASSED] - Statement - counter = counter + 1: null

2018-12-04 11:50:54 - [TEST_STEP][PASSED] - Statement - PreSaveFile = new java.io.File(((pathPrefix + java.lang.Integer.toString(counter)) + .png)): null

2018-12-04 11:50:54 - [TEST_STEP][PASSED] - Statement - counter = counter + 1: null

2018-12-04 11:50:54 - [TEST_STEP][PASSED] - Statement - PreSaveFile = new java.io.File(((pathPrefix + java.lang.Integer.toString(counter)) + .png)): null

2018-12-04 11:50:54 - [TEST_STEP][PASSED] - Statement - counter = counter + 1: null

2018-12-04 11:50:54 - [TEST_STEP][PASSED] - Statement - PreSaveFile = new java.io.File(((pathPrefix + java.lang.Integer.toString(counter)) + .png)): null

2018-12-04 11:50:57 - [TEST_STEP][PASSED] - Statement - counter = counter + 1: null

2018-12-04 11:50:57 - [TEST_STEP][PASSED] - Statement - PreSaveFile = new java.io.File(((pathPrefix + java.lang.Integer.toString(counter)) + .png)): null

2018-12-04 11:50:57 - [TEST_STEP][PASSED] - Statement - counter = counter + 1: null

2018-12-04 11:50:57 - [TEST_STEP][PASSED] - Statement - PreSaveFile = new java.io.File(((pathPrefix + java.lang.Integer.toString(counter)) + .png)): null

2018-12-04 11:50:57 - [TEST_STEP][PASSED] - Statement - counter = counter + 1: null

2018-12-04 11:50:57 - [TEST_STEP][PASSED] - Statement - PreSaveFile = new java.io.File(((pathPrefix + java.lang.Integer.toString(counter)) + .png)): null

2018-12-04 11:50:57 - [TEST_STEP][PASSED] - Statement - counter = counter + 1: null

2018-12-04 11:50:57 - [TEST_STEP][PASSED] - Statement - PreSaveFile = new java.io.File(((pathPrefix + java.lang.Integer.toString(counter)) + .png)): null

2018-12-04 11:50:57 - [TEST_STEP][PASSED] - Statement - counter = counter + 1: null

2018-12-04 11:50:57 - [TEST_STEP][PASSED] - Statement - PreSaveFile = new java.io.File(((pathPrefix + java.lang.Integer.toString(counter)) + .png)): null

2018-12-04 11:50:59 - [TEST_STEP][PASSED] - Statement - counter = counter + 1: null

2018-12-04 11:50:59 - [TEST_STEP][PASSED] - Statement - PreSaveFile = new java.io.File(((pathPrefix + java.lang.Integer.toString(counter)) + .png)): null

2018-12-04 11:50:59 - [TEST_STEP][PASSED] - Statement - counter = counter + 1: null

2018-12-04 11:50:59 - [TEST_STEP][PASSED] - Statement - PreSaveFile = new java.io.File(((pathPrefix + java.lang.Integer.toString(counter)) + .png)): null

2018-12-04 11:50:59 - [TEST_STEP][PASSED] - Statement - counter = counter + 1: null

2018-12-04 11:50:59 - [TEST_STEP][PASSED] - Statement - PreSaveFile = new java.io.File(((pathPrefix + java.lang.Integer.toString(counter)) + .png)): null

2018-12-04 11:50:59 - [TEST_STEP][PASSED] - Statement - counter = counter + 1: null

2018-12-04 11:50:59 - [TEST_STEP][PASSED] - Statement - PreSaveFile = new java.io.File(((pathPrefix + java.lang.Integer.toString(counter)) + .png)): null

2018-12-04 11:50:59 - [TEST_STEP][PASSED] - Statement - counter = counter + 1: null

2018-12-04 11:51:01 - [TEST_STEP][PASSED] - Statement - PreSaveFile = new java.io.File(((pathPrefix + java.lang.Integer.toString(counter)) + .png)): null

2018-12-04 11:51:01 - [TEST_STEP][PASSED] - Statement - counter = counter + 1: null

2018-12-04 11:51:01 - [TEST_STEP][PASSED] - Statement - PreSaveFile = new java.io.File(((pathPrefix + java.lang.Integer.toString(counter)) + .png)): null

2018-12-04 11:51:01 - [TEST_STEP][PASSED] - Statement - counter = counter + 1: null

2018-12-04 11:51:01 - [TEST_STEP][PASSED] - Statement - PreSaveFile = new java.io.File(((pathPrefix + java.lang.Integer.toString(counter)) + .png)): null

2018-12-04 11:51:01 - [TEST_STEP][PASSED] - Statement - counter = counter + 1: null

2018-12-04 11:51:01 - [TEST_STEP][PASSED] - Statement - PreSaveFile = new java.io.File(((pathPrefix + java.lang.Integer.toString(counter)) + .png)): null

2018-12-04 11:51:01 - [TEST_STEP][PASSED] - Statement - counter = counter + 1: null

2018-12-04 11:51:01 - [TEST_STEP][PASSED] - Statement - PreSaveFile = new java.io.File(((pathPrefix + java.lang.Integer.toString(counter)) + .png)): null

2018-12-04 11:51:01 - [TEST_STEP][PASSED] - Statement - counter = counter + 1: null

2018-12-04 11:51:04 - [TEST_STEP][PASSED] - Statement - PreSaveFile = new java.io.File(((pathPrefix + java.lang.Integer.toString(counter)) + .png)): null

2018-12-04 11:51:04 - [TEST_STEP][PASSED] - Statement - counter = counter + 1: null

2018-12-04 11:51:04 - [TEST_STEP][PASSED] - Statement - PreSaveFile = new java.io.File(((pathPrefix + java.lang.Integer.toString(counter)) + .png)): null

2018-12-04 11:51:04 - [TEST_STEP][PASSED] - Statement - counter = counter + 1: null

2018-12-04 11:51:04 - [TEST_STEP][PASSED] - Statement - PreSaveFile = new java.io.File(((pathPrefix + java.lang.Integer.toString(counter)) + .png)): null

2018-12-04 11:51:04 - [TEST_STEP][PASSED] - Statement - counter = counter + 1: null

2018-12-04 11:51:04 - [TEST_STEP][PASSED] - Statement - PreSaveFile = new java.io.File(((pathPrefix + java.lang.Integer.toString(counter)) + .png)): null

2018-12-04 11:51:04 - [TEST_STEP][PASSED] - Statement - counter = counter + 1: null

2018-12-04 11:51:04 - [TEST_STEP][PASSED] - Statement - PreSaveFile = new java.io.File(((pathPrefix + java.lang.Integer.toString(counter)) + .png)): null

2018-12-04 11:51:04 - [TEST_STEP][PASSED] - Statement - counter = counter + 1: null

2018-12-04 11:51:07 - [TEST_STEP][PASSED] - Statement - PreSaveFile = new java.io.File(((pathPrefix + java.lang.Integer.toString(counter)) + .png)): null

2018-12-04 11:51:07 - [TEST_STEP][PASSED] - Statement - counter = counter + 1: null

2018-12-04 11:51:07 - [TEST_STEP][PASSED] - Statement - PreSaveFile = new java.io.File(((pathPrefix + java.lang.Integer.toString(counter)) + .png)): null

2018-12-04 11:51:07 - [TEST_STEP][PASSED] - Statement - counter = counter + 1: null

2018-12-04 11:51:07 - [TEST_STEP][PASSED] - Statement - PreSaveFile = new java.io.File(((pathPrefix + java.lang.Integer.toString(counter)) + .png)): null

2018-12-04 11:51:07 - [TEST_STEP][PASSED] - Statement - counter = counter + 1: null

2018-12-04 11:51:07 - [TEST_STEP][PASSED] - Statement - PreSaveFile = new java.io.File(((pathPrefix + java.lang.Integer.toString(counter)) + .png)): null

2018-12-04 11:51:07 - [TEST_STEP][PASSED] - Statement - counter = counter + 1: null

2018-12-04 11:51:07 - [TEST_STEP][PASSED] - Statement - PreSaveFile = new java.io.File(((pathPrefix + java.lang.Integer.toString(counter)) + .png)): null

2018-12-04 11:51:09 - [TEST_STEP][PASSED] - Statement - counter = counter + 1: null

2018-12-04 11:51:09 - [TEST_STEP][PASSED] - Statement - PreSaveFile = new java.io.File(((pathPrefix + java.lang.Integer.toString(counter)) + .png)): null

2018-12-04 11:51:09 - [TEST_STEP][PASSED] - Statement - counter = counter + 1: null

2018-12-04 11:51:09 - [TEST_STEP][PASSED] - Statement - PreSaveFile = new java.io.File(((pathPrefix + java.lang.Integer.toString(counter)) + .png)): null

2018-12-04 11:51:09 - [TEST_STEP][PASSED] - Statement - counter = counter + 1: null

2018-12-04 11:51:09 - [TEST_STEP][PASSED] - Statement - PreSaveFile = new java.io.File(((pathPrefix + java.lang.Integer.toString(counter)) + .png)): null

2018-12-04 11:51:09 - [TEST_STEP][PASSED] - Statement - counter = counter + 1: null

2018-12-04 11:51:09 - [TEST_STEP][PASSED] - Statement - PreSaveFile = new java.io.File(((pathPrefix + java.lang.Integer.toString(counter)) + .png)): null

2018-12-04 11:51:09 - [TEST_STEP][PASSED] - Statement - counter = counter + 1: null

2018-12-04 11:51:11 - [TEST_STEP][PASSED] - Statement - PreSaveFile = new java.io.File(((pathPrefix + java.lang.Integer.toString(counter)) + .png)): null

2018-12-04 11:51:11 - [TEST_STEP][PASSED] - Statement - counter = counter + 1: null

2018-12-04 11:51:11 - [TEST_STEP][PASSED] - Statement - PreSaveFile = new java.io.File(((pathPrefix + java.lang.Integer.toString(counter)) + .png)): null

2018-12-04 11:51:11 - [TEST_STEP][PASSED] - Statement - counter = counter + 1: null

2018-12-04 11:51:11 - [TEST_STEP][PASSED] - Statement - PreSaveFile = new java.io.File(((pathPrefix + java.lang.Integer.toString(counter)) + .png)): null

2018-12-04 11:51:11 - [TEST_STEP][PASSED] - Statement - counter = counter + 1: null

2018-12-04 11:51:11 - [TEST_STEP][PASSED] - Statement - PreSaveFile = new java.io.File(((pathPrefix + java.lang.Integer.toString(counter)) + .png)): null

2018-12-04 11:51:11 - [TEST_STEP][PASSED] - Statement - counter = counter + 1: null

2018-12-04 11:51:11 - [TEST_STEP][PASSED] - Statement - PreSaveFile = new java.io.File(((pathPrefix + java.lang.Integer.toString(counter)) + .png)): null

2018-12-04 11:51:11 - [TEST_STEP][PASSED] - Statement - counter = counter + 1: null

2018-12-04 11:51:14 - [TEST_STEP][PASSED] - Statement - PreSaveFile = new java.io.File(((pathPrefix + java.lang.Integer.toString(counter)) + .png)): null

2018-12-04 11:51:14 - [TEST_STEP][PASSED] - Statement - counter = counter + 1: null

2018-12-04 11:51:14 - [TEST_STEP][PASSED] - Statement - PreSaveFile = new java.io.File(((pathPrefix + java.lang.Integer.toString(counter)) + .png)): null

2018-12-04 11:51:14 - [TEST_STEP][PASSED] - Statement - counter = counter + 1: null

2018-12-04 11:51:14 - [TEST_STEP][PASSED] - Statement - PreSaveFile = new java.io.File(((pathPrefix + java.lang.Integer.toString(counter)) + .png)): null

2018-12-04 11:51:14 - [TEST_STEP][PASSED] - Statement - counter = counter + 1: null

2018-12-04 11:51:14 - [TEST_STEP][PASSED] - Statement - PreSaveFile = new java.io.File(((pathPrefix + java.lang.Integer.toString(counter)) + .png)): null

2018-12-04 11:51:14 - [TEST_STEP][PASSED] - Statement - counter = counter + 1: null

2018-12-04 11:51:14 - [TEST_STEP][PASSED] - Statement - PreSaveFile = new java.io.File(((pathPrefix + java.lang.Integer.toString(counter)) + .png)): null

2018-12-04 11:51:14 - [TEST_STEP][PASSED] - Statement - counter = counter + 1: null

2018-12-04 11:51:17 - [TEST_STEP][PASSED] - Statement - PreSaveFile = new java.io.File(((pathPrefix + java.lang.Integer.toString(counter)) + .png)): null

2018-12-04 11:51:17 - [TEST_STEP][PASSED] - Statement - counter = counter + 1: null

2018-12-04 11:51:17 - [TEST_STEP][PASSED] - Statement - PreSaveFile = new java.io.File(((pathPrefix + java.lang.Integer.toString(counter)) + .png)): null

2018-12-04 11:51:17 - [TEST_STEP][PASSED] - Statement - counter = counter + 1: null

2018-12-04 11:51:17 - [TEST_STEP][PASSED] - Statement - PreSaveFile = new java.io.File(((pathPrefix + java.lang.Integer.toString(counter)) + .png)): null

2018-12-04 11:51:17 - [TEST_STEP][PASSED] - Statement - finalPath = pathPrefix + java.lang.Integer.toString(counter) + ".png": null

2018-12-04 11:51:17 - [TEST_STEP][PASSED] - Statement - SaveFile = new java.io.File(finalPath): null

2018-12-04 11:51:17 - [TEST_STEP][PASSED] - Statement - Try: null

2018-12-04 11:51:17 - [TEST_STEP][PASSED] - Statement - org.apache.commons.io.FileUtils.copyFile(scrFile, SaveFile): null

2018-12-04 11:51:19 - [TEST_STEP][PASSED] - Statement - out.println("file kept"): null

2018-12-04 11:51:19 - [TEST_STEP][PASSED] - delay: Delayed 10 second(s)

2018-12-04 11:51:29 - [MESSAGE][PASSED] - Delayed 10 second(s)

2018-12-04 11:51:29 - [MESSAGE][PASSED] - Call Test Case 'Test Cases/Final Aug 2018 - PKS Automation/Registration Module/New Registration/Submit and Screenshot/Submit Registration and Screenshot' successfully

2018-12-04 11:51:29 - [TEST_STEP][PASSED] - callTestCase: Call Test Case 'Test Cases/Final Aug 2018 - PKS Automation/Registration Module/Log Out/log out avoiding katalon tagging' successfully

2018-12-04 11:51:29 - [TEST_CASE][PASSED] - Test Cases/Final Aug 2018 - PKS Automation/Registration Module/Log Out/log out avoiding katalon tagging: Test Cases/Final Aug 2018 - PKS Automation/Registration Module/Log Out/log out avoiding katalon tagging

2018-12-04 11:51:29 - [TEST_STEP][PASSED] - navigateToUrl: Navigate to 'https://assist2-uat.perkeso.gov.my/c/portal/logout' successfully

2018-12-04 11:51:30 - [MESSAGE][PASSED] - Navigate to 'https://assist2-uat.perkeso.gov.my/c/portal/logout' successfully

2018-12-04 11:51:30 - [MESSAGE][PASSED] - Call Test Case 'Test Cases/Final Aug 2018 - PKS Automation/Registration Module/Log Out/log out avoiding katalon tagging' successfully]]></system-out>
         <system-err><![CDATA[]]></system-err>
      </testcase>
      <testcase name="Test Cases/Final Aug 2018 - PKS Automation/Registration Module/Workflow/New Registration/OTC - PKR BO - RO Query (Routed 2 Time)" classname="Test Cases/Final Aug 2018 - PKS Automation/Registration Module/Workflow/New Registration/OTC - PKR BO - RO Query (Routed 2 Time)" status="PASSED">
         <system-out><![CDATA[2018-12-04 11:51:30 - [TEST_CASE][PASSED] - Test Cases/Final Aug 2018 - PKS Automation/Registration Module/Workflow/New Registration/OTC - PKR BO - RO Query (Routed 2 Time): Test Cases/Final Aug 2018 - PKS Automation/Registration Module/Workflow/New Registration/OTC - PKR BO - RO Query (Routed 2 Time)

2018-12-04 11:51:30 - [TEST_STEP][PASSED] - callTestCase: Call Test Case 'Test Cases/Final Aug 2018 - PKS Automation/Registration Module/Workflow/New Registration/Template/Special Case - OTC - Form 1' successfully

2018-12-04 11:51:30 - [TEST_CASE][PASSED] - Test Cases/Final Aug 2018 - PKS Automation/Registration Module/Workflow/New Registration/Template/Special Case - OTC - Form 1: Test Cases/Final Aug 2018 - PKS Automation/Registration Module/Workflow/New Registration/Template/Special Case - OTC - Form 1

2018-12-04 11:51:30 - [TEST_STEP][PASSED] - openBrowser: Browser is opened with url: ''

2018-12-04 11:51:30 - [MESSAGE][WARNING] - A browser is already opened. Closing browser and opening a new one

2018-12-04 11:51:34 - [MESSAGE][PASSED] - Browser is opened with url: ''

2018-12-04 11:51:34 - [TEST_STEP][PASSED] - navigateToUrl: Navigate to 'https://assist2-uat.perkeso.gov.my/login' successfully

2018-12-04 11:51:35 - [MESSAGE][PASSED] - Navigate to 'https://assist2-uat.perkeso.gov.my/login' successfully

2018-12-04 11:51:35 - [TEST_STEP][PASSED] - delay: Delayed 2 second(s)

2018-12-04 11:51:37 - [MESSAGE][PASSED] - Delayed 2 second(s)

2018-12-04 11:51:37 - [TEST_STEP][PASSED] - setText: Text 'klotc2@gmail.com' is set on object 'Object Repository/Final Object Repo/Login Page/Internal User/Email Address'

2018-12-04 11:51:37 - [MESSAGE][PASSED] - Text 'klotc2@gmail.com' is set on object 'Object Repository/Final Object Repo/Login Page/Internal User/Email Address'

2018-12-04 11:51:37 - [TEST_STEP][PASSED] - click: Object: 'Object Repository/Final Object Repo/Login Page/Internal User/Next Button' is clicked on

2018-12-04 11:51:37 - [MESSAGE][PASSED] - Object: 'Object Repository/Final Object Repo/Login Page/Internal User/Next Button' is clicked on

2018-12-04 11:51:37 - [TEST_STEP][PASSED] - delay: Delayed 2 second(s)

2018-12-04 11:51:39 - [MESSAGE][PASSED] - Delayed 2 second(s)

2018-12-04 11:51:39 - [TEST_STEP][PASSED] - setText: Text 'Test1@3456789' is set on object 'Object Repository/Final Object Repo/Login Page/Internal User/Password'

2018-12-04 11:51:40 - [MESSAGE][PASSED] - Text 'Test1@3456789' is set on object 'Object Repository/Final Object Repo/Login Page/Internal User/Password'

2018-12-04 11:51:40 - [TEST_STEP][PASSED] - delay: Delayed 2 second(s)

2018-12-04 11:51:42 - [MESSAGE][PASSED] - Delayed 2 second(s)

2018-12-04 11:51:42 - [TEST_STEP][PASSED] - click: Object: 'Object Repository/Final Object Repo/Login Page/Internal User/Login Button' is clicked on

2018-12-04 11:51:42 - [MESSAGE][PASSED] - Object: 'Object Repository/Final Object Repo/Login Page/Internal User/Login Button' is clicked on

2018-12-04 11:51:42 - [TEST_STEP][PASSED] - Statement - Try: null

2018-12-04 11:51:42 - [TEST_STEP][PASSED] - Statement - Checker = com.kms.katalon.core.webui.keyword.WebUiBuiltInKeywords.verifyElementNotPresent("Final Object Repo/Landing Page/Select to English", 3): null

2018-12-04 11:51:42 - [TEST_STEP][PASSED] - Statement - Catch (Exception e): null

2018-12-04 11:51:42 - [TEST_STEP][PASSED] - Statement - e.printStackTrace(): null

2018-12-04 11:51:42 - [TEST_STEP][PASSED] - delay: Delayed 5 second(s)

2018-12-04 11:51:47 - [MESSAGE][PASSED] - Delayed 5 second(s)

2018-12-04 11:51:47 - [TEST_STEP][PASSED] - click: Object: 'Object Repository/Final Object Repo/Landing Page/My Sites Drop Down' is clicked on

2018-12-04 11:51:47 - [MESSAGE][PASSED] - Object: 'Object Repository/Final Object Repo/Landing Page/My Sites Drop Down' is clicked on

2018-12-04 11:51:47 - [TEST_STEP][PASSED] - click: Object: 'Object Repository/Final Object Repo/Landing Page/Select to Registration Module' is clicked on

2018-12-04 11:51:48 - [MESSAGE][PASSED] - Object: 'Object Repository/Final Object Repo/Landing Page/Select to Registration Module' is clicked on

2018-12-04 11:51:48 - [TEST_STEP][PASSED] - click: Object: 'Object Repository/Final Object Repo/Landing Page/Registration Button' is clicked on

2018-12-04 11:51:49 - [MESSAGE][PASSED] - Object: 'Object Repository/Final Object Repo/Landing Page/Registration Button' is clicked on

2018-12-04 11:51:49 - [TEST_STEP][PASSED] - delay: Delayed 2 second(s)

2018-12-04 11:51:51 - [MESSAGE][PASSED] - Delayed 2 second(s)

2018-12-04 11:51:51 - [TEST_STEP][PASSED] - click: Object: 'Object Repository/Final Object Repo/New Registration - Registration Module Pages/New Reg - OTC to RO/Special Case - OTC - Form 1/AEC NO' is clicked on

2018-12-04 11:51:52 - [MESSAGE][PASSED] - Object: 'Object Repository/Final Object Repo/New Registration - Registration Module Pages/New Reg - OTC to RO/Special Case - OTC - Form 1/AEC NO' is clicked on

2018-12-04 11:51:52 - [TEST_STEP][PASSED] - click: Object: 'Object Repository/Final Object Repo/New Registration - Registration Module Pages/New Reg - OTC to RO/Special Case - OTC - Form 1/Business Entity - Please Select' is clicked on

2018-12-04 11:51:52 - [MESSAGE][PASSED] - Object: 'Object Repository/Final Object Repo/New Registration - Registration Module Pages/New Reg - OTC to RO/Special Case - OTC - Form 1/Business Entity - Please Select' is clicked on

2018-12-04 11:51:52 - [TEST_STEP][PASSED] - click: Object: 'Object Repository/Final Object Repo/New Registration - Registration Module Pages/New Reg - OTC to RO/Special Case - OTC - Form 1/Selected - Corporation' is clicked on

2018-12-04 11:51:52 - [MESSAGE][PASSED] - Object: 'Object Repository/Final Object Repo/New Registration - Registration Module Pages/New Reg - OTC to RO/Special Case - OTC - Form 1/Selected - Corporation' is clicked on

2018-12-04 11:51:52 - [TEST_STEP][PASSED] - delay: Delayed 2 second(s)

2018-12-04 11:51:54 - [MESSAGE][PASSED] - Delayed 2 second(s)

2018-12-04 11:51:54 - [TEST_STEP][PASSED] - click: Object: 'Object Repository/Final Object Repo/New Registration - Registration Module Pages/New Reg - OTC to RO/Special Case - OTC - Form 1/Sub Business Entity - Please Select' is clicked on

2018-12-04 11:51:54 - [MESSAGE][PASSED] - Object: 'Object Repository/Final Object Repo/New Registration - Registration Module Pages/New Reg - OTC to RO/Special Case - OTC - Form 1/Sub Business Entity - Please Select' is clicked on

2018-12-04 11:51:54 - [TEST_STEP][PASSED] - delay: Delayed 2 second(s)

2018-12-04 11:51:56 - [MESSAGE][PASSED] - Delayed 2 second(s)

2018-12-04 11:51:56 - [TEST_STEP][PASSED] - click: Object: 'Object Repository/Final Object Repo/New Registration - Registration Module Pages/New Reg - OTC to RO/Special Case - OTC - Form 1/Selected - Sendirian Berhad' is clicked on

2018-12-04 11:51:57 - [MESSAGE][PASSED] - Object: 'Object Repository/Final Object Repo/New Registration - Registration Module Pages/New Reg - OTC to RO/Special Case - OTC - Form 1/Selected - Sendirian Berhad' is clicked on

2018-12-04 11:51:57 - [TEST_STEP][PASSED] - setText: Text 'AUTOMATE001' is set on object 'Object Repository/Final Object Repo/New Registration - Registration Module Pages/New Reg - OTC to RO/Special Case - OTC - Form 1/Input BRN Number'

2018-12-04 11:51:57 - [MESSAGE][PASSED] - Text 'AUTOMATE001' is set on object 'Object Repository/Final Object Repo/New Registration - Registration Module Pages/New Reg - OTC to RO/Special Case - OTC - Form 1/Input BRN Number'

2018-12-04 11:51:57 - [TEST_STEP][PASSED] - delay: Delayed 2 second(s)

2018-12-04 11:51:59 - [MESSAGE][PASSED] - Delayed 2 second(s)

2018-12-04 11:51:59 - [TEST_STEP][PASSED] - click: Object: 'Object Repository/Final Object Repo/New Registration - Registration Module Pages/New Reg - OTC to RO/Special Case - OTC - Form 1/BRN Search' is clicked on

2018-12-04 11:51:59 - [MESSAGE][PASSED] - Object: 'Object Repository/Final Object Repo/New Registration - Registration Module Pages/New Reg - OTC to RO/Special Case - OTC - Form 1/BRN Search' is clicked on

2018-12-04 11:51:59 - [TEST_STEP][PASSED] - delay: Delayed 4 second(s)

2018-12-04 11:52:03 - [MESSAGE][PASSED] - Delayed 4 second(s)

2018-12-04 11:52:03 - [TEST_STEP][PASSED] - click: Object: 'Object Repository/Final Object Repo/New Registration - Registration Module Pages/New Reg - OTC to RO/Special Case - OTC - Form 1/Registered with SSM - After Feb 2017' is clicked on

2018-12-04 11:52:03 - [MESSAGE][PASSED] - Object: 'Object Repository/Final Object Repo/New Registration - Registration Module Pages/New Reg - OTC to RO/Special Case - OTC - Form 1/Registered with SSM - After Feb 2017' is clicked on

2018-12-04 11:52:03 - [TEST_STEP][PASSED] - delay: Delayed 2 second(s)

2018-12-04 11:52:05 - [MESSAGE][PASSED] - Delayed 2 second(s)

2018-12-04 11:52:05 - [TEST_STEP][PASSED] - click: Object: 'Object Repository/Final Object Repo/New Registration - Registration Module Pages/New Reg - OTC to RO/Special Case - OTC - Form 1/Registering As A Branch - No' is clicked on

2018-12-04 11:52:06 - [MESSAGE][PASSED] - Object: 'Object Repository/Final Object Repo/New Registration - Registration Module Pages/New Reg - OTC to RO/Special Case - OTC - Form 1/Registering As A Branch - No' is clicked on

2018-12-04 11:52:06 - [TEST_STEP][PASSED] - click: Object: 'Object Repository/Final Object Repo/New Registration - Registration Module Pages/New Reg - OTC to RO/Special Case - OTC - Form 1/Acknowledgement Ticked' is clicked on

2018-12-04 11:52:06 - [MESSAGE][PASSED] - Object: 'Object Repository/Final Object Repo/New Registration - Registration Module Pages/New Reg - OTC to RO/Special Case - OTC - Form 1/Acknowledgement Ticked' is clicked on

2018-12-04 11:52:06 - [TEST_STEP][PASSED] - click: Object: 'Object Repository/Final Object Repo/New Registration - Registration Module Pages/New Reg - OTC to RO/Special Case - OTC - Form 1/Submit Button' is clicked on

2018-12-04 11:52:06 - [MESSAGE][PASSED] - Object: 'Object Repository/Final Object Repo/New Registration - Registration Module Pages/New Reg - OTC to RO/Special Case - OTC - Form 1/Submit Button' is clicked on

2018-12-04 11:52:06 - [TEST_STEP][PASSED] - delay: Delayed 2 second(s)

2018-12-04 11:52:08 - [MESSAGE][PASSED] - Delayed 2 second(s)

2018-12-04 11:52:08 - [TEST_STEP][PASSED] - click: Object: 'Object Repository/Final Object Repo/New Registration - Registration Module Pages/New Reg - OTC to RO/Special Case - OTC - Form 1/Confirm No Flagging as Branch' is clicked on

2018-12-04 11:52:08 - [MESSAGE][PASSED] - Object: 'Object Repository/Final Object Repo/New Registration - Registration Module Pages/New Reg - OTC to RO/Special Case - OTC - Form 1/Confirm No Flagging as Branch' is clicked on

2018-12-04 11:52:08 - [MESSAGE][PASSED] - Call Test Case 'Test Cases/Final Aug 2018 - PKS Automation/Registration Module/Workflow/New Registration/Template/Special Case - OTC - Form 1' successfully

2018-12-04 11:52:08 - [TEST_STEP][PASSED] - callTestCase: Call Test Case 'Test Cases/Final Aug 2018 - PKS Automation/Registration Module/New Registration/Form 2/Add 1 Eligible - Incomplete' successfully

2018-12-04 11:52:08 - [TEST_CASE][PASSED] - Test Cases/Final Aug 2018 - PKS Automation/Registration Module/New Registration/Form 2/Add 1 Eligible - Incomplete: Test Cases/Final Aug 2018 - PKS Automation/Registration Module/New Registration/Form 2/Add 1 Eligible - Incomplete

2018-12-04 11:52:08 - [TEST_STEP][PASSED] - delay: Delayed 2 second(s)

2018-12-04 11:52:10 - [MESSAGE][PASSED] - Delayed 2 second(s)

2018-12-04 11:52:10 - [TEST_STEP][PASSED] - callTestCase: Call Test Case 'Test Cases/Final Aug 2018 - PKS Automation/Registration Module/New Registration/Form 2/Date Updater' successfully

2018-12-04 11:52:10 - [TEST_CASE][PASSED] - Test Cases/Final Aug 2018 - PKS Automation/Registration Module/New Registration/Form 2/Date Updater: Test Cases/Final Aug 2018 - PKS Automation/Registration Module/New Registration/Form 2/Date Updater

2018-12-04 11:52:10 - [TEST_STEP][PASSED] - Statement - TodayDate = new java.util.Date(): null

2018-12-04 11:52:10 - [TEST_STEP][PASSED] - Statement - CurrentDateNoFilter = new java.text.SimpleDateFormat(): null

2018-12-04 11:52:10 - [TEST_STEP][PASSED] - Statement - CurrentDateNoFilter.applyPattern("MM"): null

2018-12-04 11:52:10 - [TEST_STEP][PASSED] - Statement - monthContainerMatcher = java.lang.Integer.parseInt(CurrentDateNoFilter.format(TodayDate)): null

2018-12-04 11:52:10 - [TEST_STEP][PASSED] - Statement - monthContainerMatcher = monthContainerMatcher - 1: null

2018-12-04 11:52:10 - [TEST_STEP][PASSED] - Statement - CurrentMonth = monthContainerMatcher.toString(): null

2018-12-04 11:52:10 - [TEST_STEP][PASSED] - Statement - CurrentMonth = CurrentMonth: null

2018-12-04 11:52:10 - [TEST_STEP][PASSED] - Statement - CurrentDateNoFilter.applyPattern("yyyy"): null

2018-12-04 11:52:10 - [TEST_STEP][PASSED] - Statement - CurrentYear = CurrentDateNoFilter.format(TodayDate): null

2018-12-04 11:52:10 - [TEST_STEP][PASSED] - Statement - CurrentYear = CurrentYear: null

2018-12-04 11:52:10 - [TEST_STEP][PASSED] - Statement - intCurrentYear = java.lang.Integer.parseInt(CurrentDateNoFilter.format(TodayDate)): null

2018-12-04 11:52:10 - [TEST_STEP][PASSED] - Statement - eighteenYrsAgo = intCurrentYear - 18: null

2018-12-04 11:52:10 - [TEST_STEP][PASSED] - Statement - eighteenYrsBeforeThisYr = eighteenYrsAgo.toString(): null

2018-12-04 11:52:10 - [TEST_STEP][PASSED] - Statement - EighteenYrsBefore = eighteenYrsBeforeThisYr: null

2018-12-04 11:52:10 - [TEST_STEP][PASSED] - Statement - fiftysevenYrsAgo = intCurrentYear - 57: null

2018-12-04 11:52:10 - [TEST_STEP][PASSED] - Statement - fiftysevenYrsBeforeThisYr = fiftysevenYrsAgo.toString(): null

2018-12-04 11:52:10 - [TEST_STEP][PASSED] - Statement - FiftysevenYrsBefore = fiftysevenYrsBeforeThisYr: null

2018-12-04 11:52:10 - [TEST_STEP][PASSED] - Statement - leapYear = false: null

2018-12-04 11:52:10 - [TEST_STEP][PASSED] - Statement - leapYear = intCurrentYear % 4 == 0: null

2018-12-04 11:52:10 - [TEST_STEP][PASSED] - Statement - CurrentDateNoFilter.applyPattern("dd"): null

2018-12-04 11:52:10 - [TEST_STEP][PASSED] - Statement - CurrentDate = CurrentDateNoFilter.format(TodayDate): null

2018-12-04 11:52:10 - [TEST_STEP][PASSED] - Statement - CurrentDate = java.lang.Integer.parseInt(CurrentDate): null

2018-12-04 11:52:10 - [TEST_STEP][PASSED] - Statement - CurrentDate = CurrentDate: null

2018-12-04 11:52:10 - [TEST_STEP][PASSED] - Statement - CurrentDay = java.lang.Integer.parseInt(CurrentDate): null

2018-12-04 11:52:10 - [TEST_STEP][PASSED] - Statement - ConfAdder = <not implemented yet for class: org.codehaus.groovy.ast.expr.EmptyExpression>: null

2018-12-04 11:52:10 - [TEST_STEP][PASSED] - Statement - switch (CurrentDate): null

2018-12-04 11:52:10 - [TEST_STEP][PASSED] - Statement - Default: null

2018-12-04 11:52:10 - [TEST_STEP][PASSED] - Statement - ConfAdder = false: null

2018-12-04 11:52:10 - [TEST_STEP][PASSED] - Statement - Break: null

2018-12-04 11:52:10 - [TEST_STEP][PASSED] - Statement - aDayBefore = <not implemented yet for class: org.codehaus.groovy.ast.expr.EmptyExpression>: null

2018-12-04 11:52:10 - [TEST_STEP][PASSED] - Statement - If (ConfAdder == true): null

2018-12-04 11:52:10 - [TEST_STEP][PASSED] - Statement - Else: null

2018-12-04 11:52:10 - [TEST_STEP][PASSED] - Statement - aDayBefore = 1: null

2018-12-04 11:52:10 - [TEST_STEP][PASSED] - Statement - If (aDayBefore == 1 && CurrentMonth == 11): null

2018-12-04 11:52:10 - [TEST_STEP][PASSED] - Statement - DayBefore = aDayBefore.toString(): null

2018-12-04 11:52:10 - [TEST_STEP][PASSED] - Statement - OneDayBefore = DayBefore: null

2018-12-04 11:52:11 - [MESSAGE][PASSED] - Call Test Case 'Test Cases/Final Aug 2018 - PKS Automation/Registration Module/New Registration/Form 2/Date Updater' successfully

2018-12-04 11:52:11 - [TEST_STEP][PASSED] - Statement - CaseReferenceNo = com.kms.katalon.core.webui.keyword.WebUiBuiltInKeywords.getText(com.kms.katalon.core.testobject.ObjectRepository.findTestObject(Final Object Repo/New Registration - Registration Module Pages/Form 2/RefNo Acquiring)): Text of object 'Object Repository/Final Object Repo/New Registration - Registration Module Pages/Form 2/RefNo Acquiring' is: 'CRN12201800122973'

2018-12-04 11:52:13 - [MESSAGE][PASSED] - Text of object 'Object Repository/Final Object Repo/New Registration - Registration Module Pages/Form 2/RefNo Acquiring' is: 'CRN12201800122973'

2018-12-04 11:52:13 - [TEST_STEP][PASSED] - delay: Delayed 4 second(s)

2018-12-04 11:52:17 - [MESSAGE][PASSED] - Delayed 4 second(s)

2018-12-04 11:52:17 - [TEST_STEP][PASSED] - click: Object: 'Object Repository/Final Object Repo/New Registration - Registration Module Pages/Form 2/Add Employee Button' is clicked on

2018-12-04 11:52:17 - [MESSAGE][PASSED] - Object: 'Object Repository/Final Object Repo/New Registration - Registration Module Pages/Form 2/Add Employee Button' is clicked on

2018-12-04 11:52:17 - [TEST_STEP][PASSED] - delay: Delayed 1 second(s)

2018-12-04 11:52:18 - [MESSAGE][PASSED] - Delayed 1 second(s)

2018-12-04 11:52:18 - [TEST_STEP][PASSED] - setText: Text '010903091984' is set on object 'Object Repository/Final Object Repo/New Registration - Registration Module Pages/Form 2/NRIC Input'

2018-12-04 11:52:18 - [MESSAGE][PASSED] - Text '010903091984' is set on object 'Object Repository/Final Object Repo/New Registration - Registration Module Pages/Form 2/NRIC Input'

2018-12-04 11:52:18 - [TEST_STEP][PASSED] - click: Object: 'Object Repository/Final Object Repo/New Registration - Registration Module Pages/Form 2/button for search for IC' is clicked on

2018-12-04 11:52:18 - [MESSAGE][PASSED] - Object: 'Object Repository/Final Object Repo/New Registration - Registration Module Pages/Form 2/button for search for IC' is clicked on

2018-12-04 11:52:18 - [TEST_STEP][PASSED] - delay: Delayed 2 second(s)

2018-12-04 11:52:20 - [MESSAGE][PASSED] - Delayed 2 second(s)

2018-12-04 11:52:20 - [TEST_STEP][PASSED] - setText: Text 'Automate001 eligible 1' is set on object 'Object Repository/Final Object Repo/New Registration - Registration Module Pages/Form 2/Employee Name Input'

2018-12-04 11:52:21 - [MESSAGE][PASSED] - Text 'Automate001 eligible 1' is set on object 'Object Repository/Final Object Repo/New Registration - Registration Module Pages/Form 2/Employee Name Input'

2018-12-04 11:52:21 - [TEST_STEP][PASSED] - delay: Delayed 2 second(s)

2018-12-04 11:52:23 - [MESSAGE][PASSED] - Delayed 2 second(s)

2018-12-04 11:52:23 - [TEST_STEP][PASSED] - click: Object: 'Object Repository/Final Object Repo/New Registration - Registration Module Pages/Form 2/DatePicker Pop Up' is clicked on

2018-12-04 11:52:23 - [MESSAGE][PASSED] - Object: 'Object Repository/Final Object Repo/New Registration - Registration Module Pages/Form 2/DatePicker Pop Up' is clicked on

2018-12-04 11:52:23 - [TEST_STEP][PASSED] - click: Object: 'Object Repository/Final Object Repo/New Registration - Registration Module Pages/Form 2/DOB Month' is clicked on

2018-12-04 11:52:23 - [MESSAGE][PASSED] - Object: 'Object Repository/Final Object Repo/New Registration - Registration Module Pages/Form 2/DOB Month' is clicked on

2018-12-04 11:52:23 - [TEST_STEP][PASSED] - Statement - CurrentMonth = CurrentMonth: null

2018-12-04 11:52:23 - [TEST_STEP][PASSED] - Statement - selectMonth = new com.kms.katalon.core.testobject.TestObject(): null

2018-12-04 11:52:23 - [TEST_STEP][PASSED] - Statement - selectMonth.addProperty("xpath", EQUALS, "//body/div/div/div/select/option[@value='" + CurrentMonth + "']", true): null

2018-12-04 11:52:23 - [TEST_STEP][PASSED] - click: Object: '' is clicked on

2018-12-04 11:52:23 - [MESSAGE][PASSED] - Object: '' is clicked on

2018-12-04 11:52:23 - [TEST_STEP][PASSED] - click: Object: 'Object Repository/Final Object Repo/New Registration - Registration Module Pages/Form 2/DOB Year' is clicked on

2018-12-04 11:52:24 - [MESSAGE][PASSED] - Object: 'Object Repository/Final Object Repo/New Registration - Registration Module Pages/Form 2/DOB Year' is clicked on

2018-12-04 11:52:24 - [TEST_STEP][PASSED] - Statement - Eyearsbf = EighteenYrsBefore: null

2018-12-04 11:52:24 - [TEST_STEP][PASSED] - Statement - selectYear = new com.kms.katalon.core.testobject.TestObject(): null

2018-12-04 11:52:24 - [TEST_STEP][PASSED] - Statement - selectYear.addProperty("xpath", EQUALS, "//div/div/div/select/option[@value='" + Eyearsbf + "']", true): null

2018-12-04 11:52:24 - [TEST_STEP][PASSED] - click: Object: '' is clicked on

2018-12-04 11:52:24 - [MESSAGE][PASSED] - Object: '' is clicked on

2018-12-04 11:52:24 - [TEST_STEP][PASSED] - Statement - UpdatedSelectDate = com.kms.katalon.core.webui.keyword.WebUiBuiltInKeywords.modifyObjectProperty(com.kms.katalon.core.testobject.ObjectRepository.findTestObject(Final Object Repo/New Registration - Registration Module Pages/Form 2/DOB Date), "xpath", "equals", "//body/div/table/tbody/tr/td/a[text()="" + CurrentDate + ""]", true): Modify property of object successfully

2018-12-04 11:52:24 - [MESSAGE][PASSED] - Modify property of object successfully

2018-12-04 11:52:24 - [TEST_STEP][PASSED] - delay: Delayed 3 second(s)

2018-12-04 11:52:27 - [MESSAGE][PASSED] - Delayed 3 second(s)

2018-12-04 11:52:27 - [TEST_STEP][PASSED] - click: Object: 'Object Repository/Final Object Repo/New Registration - Registration Module Pages/Form 2/DOB Date' is clicked on

2018-12-04 11:52:27 - [MESSAGE][PASSED] - Object: 'Object Repository/Final Object Repo/New Registration - Registration Module Pages/Form 2/DOB Date' is clicked on

2018-12-04 11:52:27 - [TEST_STEP][PASSED] - delay: Delayed 2 second(s)

2018-12-04 11:52:29 - [MESSAGE][PASSED] - Delayed 2 second(s)

2018-12-04 11:52:29 - [TEST_STEP][PASSED] - click: Object: 'Object Repository/Final Object Repo/New Registration - Registration Module Pages/Form 2/EmploymentStartDate Pop Up' is clicked on

2018-12-04 11:52:29 - [MESSAGE][PASSED] - Object: 'Object Repository/Final Object Repo/New Registration - Registration Module Pages/Form 2/EmploymentStartDate Pop Up' is clicked on

2018-12-04 11:52:29 - [TEST_STEP][PASSED] - delay: Delayed 2 second(s)

2018-12-04 11:52:31 - [MESSAGE][PASSED] - Delayed 2 second(s)

2018-12-04 11:52:31 - [TEST_STEP][PASSED] - click: Object: 'Object Repository/Final Object Repo/New Registration - Registration Module Pages/Form 2/Socso Employment StartDate Month' is clicked on

2018-12-04 11:52:31 - [MESSAGE][PASSED] - Object: 'Object Repository/Final Object Repo/New Registration - Registration Module Pages/Form 2/Socso Employment StartDate Month' is clicked on

2018-12-04 11:52:31 - [TEST_STEP][PASSED] - delay: Delayed 1 second(s)

2018-12-04 11:52:32 - [MESSAGE][PASSED] - Delayed 1 second(s)

2018-12-04 11:52:32 - [TEST_STEP][PASSED] - click: Object: 'Object Repository/Final Object Repo/New Registration - Registration Module Pages/Form 2/Select Socso Employement Startdate Month' is clicked on

2018-12-04 11:52:33 - [MESSAGE][PASSED] - Object: 'Object Repository/Final Object Repo/New Registration - Registration Module Pages/Form 2/Select Socso Employement Startdate Month' is clicked on

2018-12-04 11:52:33 - [TEST_STEP][PASSED] - delay: Delayed 2 second(s)

2018-12-04 11:52:35 - [MESSAGE][PASSED] - Delayed 2 second(s)

2018-12-04 11:52:35 - [TEST_STEP][PASSED] - click: Object: 'Object Repository/Final Object Repo/New Registration - Registration Module Pages/Form 2/Socso Employment StartDate Year' is clicked on

2018-12-04 11:52:35 - [MESSAGE][PASSED] - Object: 'Object Repository/Final Object Repo/New Registration - Registration Module Pages/Form 2/Socso Employment StartDate Year' is clicked on

2018-12-04 11:52:35 - [TEST_STEP][PASSED] - delay: Delayed 1 second(s)

2018-12-04 11:52:36 - [MESSAGE][PASSED] - Delayed 1 second(s)

2018-12-04 11:52:36 - [TEST_STEP][PASSED] - click: Object: 'Object Repository/Final Object Repo/New Registration - Registration Module Pages/Form 2/Select Socso Employment Startdate Year' is clicked on

2018-12-04 11:52:36 - [MESSAGE][PASSED] - Object: 'Object Repository/Final Object Repo/New Registration - Registration Module Pages/Form 2/Select Socso Employment Startdate Year' is clicked on

2018-12-04 11:52:36 - [TEST_STEP][PASSED] - delay: Delayed 2 second(s)

2018-12-04 11:52:38 - [MESSAGE][PASSED] - Delayed 2 second(s)

2018-12-04 11:52:38 - [TEST_STEP][PASSED] - click: Object: 'Object Repository/Final Object Repo/New Registration - Registration Module Pages/Form 2/Socso Employment Start Date Day' is clicked on

2018-12-04 11:52:38 - [MESSAGE][PASSED] - Object: 'Object Repository/Final Object Repo/New Registration - Registration Module Pages/Form 2/Socso Employment Start Date Day' is clicked on

2018-12-04 11:52:38 - [TEST_STEP][PASSED] - delay: Delayed 2 second(s)

2018-12-04 11:52:40 - [MESSAGE][PASSED] - Delayed 2 second(s)

2018-12-04 11:52:40 - [TEST_STEP][PASSED] - click: Object: 'Object Repository/Final Object Repo/New Registration - Registration Module Pages/Form 2/Save Button for Add Employee' is clicked on

2018-12-04 11:52:40 - [MESSAGE][PASSED] - Object: 'Object Repository/Final Object Repo/New Registration - Registration Module Pages/Form 2/Save Button for Add Employee' is clicked on

2018-12-04 11:52:40 - [TEST_STEP][PASSED] - delay: Delayed 6 second(s)

2018-12-04 11:52:46 - [MESSAGE][PASSED] - Delayed 6 second(s)

2018-12-04 11:52:46 - [TEST_STEP][PASSED] - click: Object: 'Object Repository/Final Object Repo/New Registration - Registration Module Pages/Form 2/Incomplete Checkbox' is clicked on

2018-12-04 11:52:47 - [MESSAGE][PASSED] - Object: 'Object Repository/Final Object Repo/New Registration - Registration Module Pages/Form 2/Incomplete Checkbox' is clicked on

2018-12-04 11:52:47 - [TEST_STEP][PASSED] - delay: Delayed 2 second(s)

2018-12-04 11:52:49 - [MESSAGE][PASSED] - Delayed 2 second(s)

2018-12-04 11:52:49 - [TEST_STEP][PASSED] - click: Object: 'Object Repository/Final Object Repo/New Registration - Registration Module Pages/Form 2/Save and Continue Form 2' is clicked on

2018-12-04 11:52:49 - [MESSAGE][PASSED] - Object: 'Object Repository/Final Object Repo/New Registration - Registration Module Pages/Form 2/Save and Continue Form 2' is clicked on

2018-12-04 11:52:49 - [MESSAGE][PASSED] - Call Test Case 'Test Cases/Final Aug 2018 - PKS Automation/Registration Module/New Registration/Form 2/Add 1 Eligible - Incomplete' successfully

2018-12-04 11:52:49 - [TEST_STEP][PASSED] - delay: Delayed 4 second(s)

2018-12-04 11:52:53 - [MESSAGE][PASSED] - Delayed 4 second(s)

2018-12-04 11:52:53 - [TEST_STEP][PASSED] - callTestCase: Call Test Case 'Test Cases/Final Aug 2018 - PKS Automation/Registration Module/New Registration/Flow of New Registration/Third Screen - Upload Supporting Doc - Preview' successfully

2018-12-04 11:52:53 - [TEST_CASE][PASSED] - Test Cases/Final Aug 2018 - PKS Automation/Registration Module/New Registration/Flow of New Registration/Third Screen - Upload Supporting Doc - Preview: Test Cases/Final Aug 2018 - PKS Automation/Registration Module/New Registration/Flow of New Registration/Third Screen - Upload Supporting Doc - Preview

2018-12-04 11:52:53 - [TEST_STEP][PASSED] - waitForPageLoad: Wait for page load successfully

2018-12-04 11:52:58 - [MESSAGE][PASSED] - Wait for page load successfully

2018-12-04 11:52:58 - [TEST_STEP][PASSED] - Statement - CaseReferenceNo = com.kms.katalon.core.webui.keyword.WebUiBuiltInKeywords.getText(com.kms.katalon.core.testobject.ObjectRepository.findTestObject(Final Object Repo/New Registration - Registration Module Pages/Third Screen - Upload Supporting Doc- Preview/RefNo Acquiring)): Text of object 'Object Repository/Final Object Repo/New Registration - Registration Module Pages/Third Screen - Upload Supporting Doc- Preview/RefNo Acquiring' is: 'CRN12201800122973'

2018-12-04 11:52:58 - [MESSAGE][PASSED] - Text of object 'Object Repository/Final Object Repo/New Registration - Registration Module Pages/Third Screen - Upload Supporting Doc- Preview/RefNo Acquiring' is: 'CRN12201800122973'

2018-12-04 11:52:58 - [TEST_STEP][PASSED] - delay: Delayed 2 second(s)

2018-12-04 11:53:00 - [MESSAGE][PASSED] - Delayed 2 second(s)

2018-12-04 11:53:00 - [TEST_STEP][PASSED] - callTestCase: Call Test Case 'Test Cases/Final Aug 2018 - PKS Automation/Common/Reference Number Setter' successfully

2018-12-04 11:53:00 - [TEST_CASE][PASSED] - Test Cases/Final Aug 2018 - PKS Automation/Common/Reference Number Setter: Test Cases/Final Aug 2018 - PKS Automation/Common/Reference Number Setter

2018-12-04 11:53:00 - [TEST_STEP][PASSED] - Statement - RefNoOldFile = new java.io.File(C://Users//Admin//Desktop//PKS//Automation Reference Point//KatalonReference.txt): null

2018-12-04 11:53:00 - [TEST_STEP][PASSED] - Statement - RefNoOldFile.delete(): null

2018-12-04 11:53:00 - [TEST_STEP][PASSED] - delay: Delayed 5 second(s)

2018-12-04 11:53:05 - [MESSAGE][PASSED] - Delayed 5 second(s)

2018-12-04 11:53:05 - [TEST_STEP][PASSED] - Statement - RefNo = new java.io.File(C://Users//Admin//Desktop//PKS//Automation Reference Point//KatalonReference.txt): null

2018-12-04 11:53:05 - [TEST_STEP][PASSED] - Statement - f2 = new java.io.FileWriter(RefNo, false): null

2018-12-04 11:53:05 - [TEST_STEP][PASSED] - Statement - f2.write(CaseReferenceNo): null

2018-12-04 11:53:05 - [TEST_STEP][PASSED] - Statement - f2.close(): null

2018-12-04 11:53:05 - [TEST_STEP][PASSED] - Statement - out.println("


" + CaseReferenceNo + "


"): null

2018-12-04 11:53:05 - [MESSAGE][PASSED] - Call Test Case 'Test Cases/Final Aug 2018 - PKS Automation/Common/Reference Number Setter' successfully

2018-12-04 11:53:05 - [TEST_STEP][PASSED] - waitForElementClickable: Object 'Object Repository/Final Object Repo/New Registration - Registration Module Pages/Third Screen - Upload Supporting Doc- Preview/Save n Continue in SIP Employee Listing Page' is clickable

2018-12-04 11:53:05 - [MESSAGE][PASSED] - Object 'Object Repository/Final Object Repo/New Registration - Registration Module Pages/Third Screen - Upload Supporting Doc- Preview/Save n Continue in SIP Employee Listing Page' is clickable

2018-12-04 11:53:05 - [TEST_STEP][PASSED] - click: Object: 'Object Repository/Final Object Repo/New Registration - Registration Module Pages/Third Screen - Upload Supporting Doc- Preview/Save n Continue in SIP Employee Listing Page' is clicked on

2018-12-04 11:53:10 - [MESSAGE][PASSED] - Object: 'Object Repository/Final Object Repo/New Registration - Registration Module Pages/Third Screen - Upload Supporting Doc- Preview/Save n Continue in SIP Employee Listing Page' is clicked on

2018-12-04 11:53:10 - [TEST_STEP][PASSED] - delay: Delayed 7 second(s)

2018-12-04 11:53:17 - [MESSAGE][PASSED] - Delayed 7 second(s)

2018-12-04 11:53:17 - [TEST_STEP][PASSED] - click: Object: 'Object Repository/Final Object Repo/New Registration - Registration Module Pages/Third Screen - Upload Supporting Doc- Preview/Add Document Button' is clicked on

2018-12-04 11:53:17 - [MESSAGE][PASSED] - Object: 'Object Repository/Final Object Repo/New Registration - Registration Module Pages/Third Screen - Upload Supporting Doc- Preview/Add Document Button' is clicked on

2018-12-04 11:53:17 - [TEST_STEP][PASSED] - delay: Delayed 30 second(s)

2018-12-04 11:53:47 - [MESSAGE][PASSED] - Delayed 30 second(s)

2018-12-04 11:53:47 - [TEST_STEP][PASSED] - click: Object: 'Object Repository/Final Object Repo/New Registration - Registration Module Pages/Third Screen - Upload Supporting Doc- Preview/Supporting Doc Please Select Drop Down' is clicked on

2018-12-04 11:53:47 - [MESSAGE][PASSED] - Object: 'Object Repository/Final Object Repo/New Registration - Registration Module Pages/Third Screen - Upload Supporting Doc- Preview/Supporting Doc Please Select Drop Down' is clicked on

2018-12-04 11:53:47 - [TEST_STEP][PASSED] - delay: Delayed 2 second(s)

2018-12-04 11:53:49 - [MESSAGE][PASSED] - Delayed 2 second(s)

2018-12-04 11:53:49 - [TEST_STEP][PASSED] - click: Object: 'Object Repository/Final Object Repo/New Registration - Registration Module Pages/Third Screen - Upload Supporting Doc- Preview/Select to Upload Form 1' is clicked on

2018-12-04 11:53:50 - [MESSAGE][PASSED] - Object: 'Object Repository/Final Object Repo/New Registration - Registration Module Pages/Third Screen - Upload Supporting Doc- Preview/Select to Upload Form 1' is clicked on

2018-12-04 11:53:50 - [TEST_STEP][PASSED] - delay: Delayed 2 second(s)

2018-12-04 11:53:52 - [MESSAGE][PASSED] - Delayed 2 second(s)

2018-12-04 11:53:52 - [TEST_STEP][PASSED] - uploadFile: File 'C:\Users\Public\Pictures\Sample Pictures\Koala.jpg' sent to object: 'Object Repository/Final Object Repo/New Registration - Registration Module Pages/Third Screen - Upload Supporting Doc- Preview/Upload File Adding'

2018-12-04 11:53:52 - [MESSAGE][PASSED] - File 'C:\Users\Public\Pictures\Sample Pictures\Koala.jpg' sent to object: 'Object Repository/Final Object Repo/New Registration - Registration Module Pages/Third Screen - Upload Supporting Doc- Preview/Upload File Adding'

2018-12-04 11:53:52 - [TEST_STEP][PASSED] - delay: Delayed 5 second(s)

2018-12-04 11:53:57 - [MESSAGE][PASSED] - Delayed 5 second(s)

2018-12-04 11:53:57 - [TEST_STEP][PASSED] - click: Object: 'Object Repository/Final Object Repo/New Registration - Registration Module Pages/Third Screen - Upload Supporting Doc- Preview/Inner Form Add Document Button' is clicked on

2018-12-04 11:53:57 - [MESSAGE][PASSED] - Object: 'Object Repository/Final Object Repo/New Registration - Registration Module Pages/Third Screen - Upload Supporting Doc- Preview/Inner Form Add Document Button' is clicked on

2018-12-04 11:53:57 - [TEST_STEP][PASSED] - delay: Delayed 3 second(s)

2018-12-04 11:54:00 - [MESSAGE][PASSED] - Delayed 3 second(s)

2018-12-04 11:54:00 - [TEST_STEP][PASSED] - click: Object: 'Object Repository/Final Object Repo/New Registration - Registration Module Pages/Third Screen - Upload Supporting Doc- Preview/Add Document Button' is clicked on

2018-12-04 11:54:01 - [MESSAGE][PASSED] - Object: 'Object Repository/Final Object Repo/New Registration - Registration Module Pages/Third Screen - Upload Supporting Doc- Preview/Add Document Button' is clicked on

2018-12-04 11:54:01 - [TEST_STEP][PASSED] - delay: Delayed 30 second(s)

2018-12-04 11:54:31 - [MESSAGE][PASSED] - Delayed 30 second(s)

2018-12-04 11:54:31 - [TEST_STEP][PASSED] - click: Object: 'Object Repository/Final Object Repo/New Registration - Registration Module Pages/Third Screen - Upload Supporting Doc- Preview/Supporting Doc Please Select Drop Down' is clicked on

2018-12-04 11:54:31 - [MESSAGE][PASSED] - Object: 'Object Repository/Final Object Repo/New Registration - Registration Module Pages/Third Screen - Upload Supporting Doc- Preview/Supporting Doc Please Select Drop Down' is clicked on

2018-12-04 11:54:31 - [TEST_STEP][PASSED] - delay: Delayed 2 second(s)

2018-12-04 11:54:33 - [MESSAGE][PASSED] - Delayed 2 second(s)

2018-12-04 11:54:33 - [TEST_STEP][PASSED] - click: Object: 'Object Repository/Final Object Repo/New Registration - Registration Module Pages/Third Screen - Upload Supporting Doc- Preview/Select to Upload Form 2' is clicked on

2018-12-04 11:54:34 - [MESSAGE][PASSED] - Object: 'Object Repository/Final Object Repo/New Registration - Registration Module Pages/Third Screen - Upload Supporting Doc- Preview/Select to Upload Form 2' is clicked on

2018-12-04 11:54:34 - [TEST_STEP][PASSED] - delay: Delayed 2 second(s)

2018-12-04 11:54:36 - [MESSAGE][PASSED] - Delayed 2 second(s)

2018-12-04 11:54:36 - [TEST_STEP][PASSED] - uploadFile: File 'C:\Users\Public\Pictures\Sample Pictures\Koala.jpg' sent to object: 'Object Repository/Final Object Repo/New Registration - Registration Module Pages/Third Screen - Upload Supporting Doc- Preview/Upload File Adding'

2018-12-04 11:54:36 - [MESSAGE][PASSED] - File 'C:\Users\Public\Pictures\Sample Pictures\Koala.jpg' sent to object: 'Object Repository/Final Object Repo/New Registration - Registration Module Pages/Third Screen - Upload Supporting Doc- Preview/Upload File Adding'

2018-12-04 11:54:36 - [TEST_STEP][PASSED] - click: Object: 'Object Repository/Final Object Repo/New Registration - Registration Module Pages/Third Screen - Upload Supporting Doc- Preview/Inner Form Add Document Button' is clicked on

2018-12-04 11:54:36 - [MESSAGE][PASSED] - Object: 'Object Repository/Final Object Repo/New Registration - Registration Module Pages/Third Screen - Upload Supporting Doc- Preview/Inner Form Add Document Button' is clicked on

2018-12-04 11:54:36 - [TEST_STEP][PASSED] - delay: Delayed 5 second(s)

2018-12-04 11:54:41 - [MESSAGE][PASSED] - Delayed 5 second(s)

2018-12-04 11:54:41 - [TEST_STEP][PASSED] - click: Object: 'Object Repository/Final Object Repo/New Registration - Registration Module Pages/Third Screen - Upload Supporting Doc- Preview/Add Document Button' is clicked on

2018-12-04 11:54:41 - [MESSAGE][PASSED] - Object: 'Object Repository/Final Object Repo/New Registration - Registration Module Pages/Third Screen - Upload Supporting Doc- Preview/Add Document Button' is clicked on

2018-12-04 11:54:41 - [TEST_STEP][PASSED] - delay: Delayed 30 second(s)

2018-12-04 11:55:11 - [MESSAGE][PASSED] - Delayed 30 second(s)

2018-12-04 11:55:11 - [TEST_STEP][PASSED] - click: Object: 'Object Repository/Final Object Repo/New Registration - Registration Module Pages/Third Screen - Upload Supporting Doc- Preview/Supporting Doc Please Select Drop Down' is clicked on

2018-12-04 11:55:11 - [MESSAGE][PASSED] - Object: 'Object Repository/Final Object Repo/New Registration - Registration Module Pages/Third Screen - Upload Supporting Doc- Preview/Supporting Doc Please Select Drop Down' is clicked on

2018-12-04 11:55:11 - [TEST_STEP][PASSED] - click: Object: 'Object Repository/Final Object Repo/New Registration - Registration Module Pages/Third Screen - Upload Supporting Doc- Preview/Select to Upload Borang SIP 1' is clicked on

2018-12-04 11:55:12 - [MESSAGE][PASSED] - Object: 'Object Repository/Final Object Repo/New Registration - Registration Module Pages/Third Screen - Upload Supporting Doc- Preview/Select to Upload Borang SIP 1' is clicked on

2018-12-04 11:55:12 - [TEST_STEP][PASSED] - delay: Delayed 2 second(s)

2018-12-04 11:55:14 - [MESSAGE][PASSED] - Delayed 2 second(s)

2018-12-04 11:55:14 - [TEST_STEP][PASSED] - uploadFile: File 'C:\Users\Public\Pictures\Sample Pictures\Koala.jpg' sent to object: 'Object Repository/Final Object Repo/New Registration - Registration Module Pages/Third Screen - Upload Supporting Doc- Preview/Upload File Adding'

2018-12-04 11:55:14 - [MESSAGE][PASSED] - File 'C:\Users\Public\Pictures\Sample Pictures\Koala.jpg' sent to object: 'Object Repository/Final Object Repo/New Registration - Registration Module Pages/Third Screen - Upload Supporting Doc- Preview/Upload File Adding'

2018-12-04 11:55:14 - [TEST_STEP][PASSED] - click: Object: 'Object Repository/Final Object Repo/New Registration - Registration Module Pages/Third Screen - Upload Supporting Doc- Preview/Inner Form Add Document Button' is clicked on

2018-12-04 11:55:14 - [MESSAGE][PASSED] - Object: 'Object Repository/Final Object Repo/New Registration - Registration Module Pages/Third Screen - Upload Supporting Doc- Preview/Inner Form Add Document Button' is clicked on

2018-12-04 11:55:14 - [TEST_STEP][PASSED] - delay: Delayed 5 second(s)

2018-12-04 11:55:19 - [MESSAGE][PASSED] - Delayed 5 second(s)

2018-12-04 11:55:19 - [TEST_STEP][PASSED] - click: Object: 'Object Repository/Final Object Repo/New Registration - Registration Module Pages/Third Screen - Upload Supporting Doc- Preview/Add Document Button' is clicked on

2018-12-04 11:55:19 - [MESSAGE][PASSED] - Object: 'Object Repository/Final Object Repo/New Registration - Registration Module Pages/Third Screen - Upload Supporting Doc- Preview/Add Document Button' is clicked on

2018-12-04 11:55:19 - [TEST_STEP][PASSED] - delay: Delayed 30 second(s)

2018-12-04 11:55:49 - [MESSAGE][PASSED] - Delayed 30 second(s)

2018-12-04 11:55:49 - [TEST_STEP][PASSED] - click: Object: 'Object Repository/Final Object Repo/New Registration - Registration Module Pages/Third Screen - Upload Supporting Doc- Preview/Supporting Doc Please Select Drop Down' is clicked on

2018-12-04 11:55:49 - [MESSAGE][PASSED] - Object: 'Object Repository/Final Object Repo/New Registration - Registration Module Pages/Third Screen - Upload Supporting Doc- Preview/Supporting Doc Please Select Drop Down' is clicked on

2018-12-04 11:55:49 - [TEST_STEP][PASSED] - delay: Delayed 3 second(s)

2018-12-04 11:55:52 - [MESSAGE][PASSED] - Delayed 3 second(s)

2018-12-04 11:55:52 - [TEST_STEP][PASSED] - click: Object: 'Object Repository/Final Object Repo/New Registration - Registration Module Pages/Third Screen - Upload Supporting Doc- Preview/Select to Upload Borang SIP 2' is clicked on

2018-12-04 11:55:52 - [MESSAGE][PASSED] - Object: 'Object Repository/Final Object Repo/New Registration - Registration Module Pages/Third Screen - Upload Supporting Doc- Preview/Select to Upload Borang SIP 2' is clicked on

2018-12-04 11:55:52 - [TEST_STEP][PASSED] - delay: Delayed 2 second(s)

2018-12-04 11:55:54 - [MESSAGE][PASSED] - Delayed 2 second(s)

2018-12-04 11:55:54 - [TEST_STEP][PASSED] - uploadFile: File 'C:\Users\Public\Pictures\Sample Pictures\Koala.jpg' sent to object: 'Object Repository/Final Object Repo/New Registration - Registration Module Pages/Third Screen - Upload Supporting Doc- Preview/Upload File Adding'

2018-12-04 11:55:55 - [MESSAGE][PASSED] - File 'C:\Users\Public\Pictures\Sample Pictures\Koala.jpg' sent to object: 'Object Repository/Final Object Repo/New Registration - Registration Module Pages/Third Screen - Upload Supporting Doc- Preview/Upload File Adding'

2018-12-04 11:55:55 - [TEST_STEP][PASSED] - delay: Delayed 5 second(s)

2018-12-04 11:56:00 - [MESSAGE][PASSED] - Delayed 5 second(s)

2018-12-04 11:56:00 - [TEST_STEP][PASSED] - click: Object: 'Object Repository/Final Object Repo/New Registration - Registration Module Pages/Third Screen - Upload Supporting Doc- Preview/Inner Form Add Document Button' is clicked on

2018-12-04 11:56:00 - [MESSAGE][PASSED] - Object: 'Object Repository/Final Object Repo/New Registration - Registration Module Pages/Third Screen - Upload Supporting Doc- Preview/Inner Form Add Document Button' is clicked on

2018-12-04 11:56:00 - [TEST_STEP][PASSED] - delay: Delayed 3 second(s)

2018-12-04 11:56:03 - [MESSAGE][PASSED] - Delayed 3 second(s)

2018-12-04 11:56:03 - [TEST_STEP][PASSED] - waitForElementClickable: Object 'Object Repository/Final Object Repo/New Registration - Registration Module Pages/Third Screen - Upload Supporting Doc- Preview/Save n Continue in Uploading Supporting Doc Page' is clickable

2018-12-04 11:56:04 - [MESSAGE][PASSED] - Object 'Object Repository/Final Object Repo/New Registration - Registration Module Pages/Third Screen - Upload Supporting Doc- Preview/Save n Continue in Uploading Supporting Doc Page' is clickable

2018-12-04 11:56:04 - [TEST_STEP][PASSED] - click: Object: 'Object Repository/Final Object Repo/New Registration - Registration Module Pages/Third Screen - Upload Supporting Doc- Preview/Save n Continue in Uploading Supporting Doc Page' is clicked on

2018-12-04 11:56:04 - [MESSAGE][PASSED] - Object: 'Object Repository/Final Object Repo/New Registration - Registration Module Pages/Third Screen - Upload Supporting Doc- Preview/Save n Continue in Uploading Supporting Doc Page' is clicked on

2018-12-04 11:56:04 - [MESSAGE][PASSED] - Call Test Case 'Test Cases/Final Aug 2018 - PKS Automation/Registration Module/New Registration/Flow of New Registration/Third Screen - Upload Supporting Doc - Preview' successfully

2018-12-04 11:56:04 - [TEST_STEP][PASSED] - callTestCase: Call Test Case 'Test Cases/Final Aug 2018 - PKS Automation/Registration Module/New Registration/Submit and Screenshot/Submit Registration and Screenshot' successfully

2018-12-04 11:56:04 - [TEST_CASE][PASSED] - Test Cases/Final Aug 2018 - PKS Automation/Registration Module/New Registration/Submit and Screenshot/Submit Registration and Screenshot: Test Cases/Final Aug 2018 - PKS Automation/Registration Module/New Registration/Submit and Screenshot/Submit Registration and Screenshot

2018-12-04 11:56:04 - [TEST_STEP][PASSED] - delay: Delayed 6 second(s)

2018-12-04 11:56:10 - [MESSAGE][PASSED] - Delayed 6 second(s)

2018-12-04 11:56:10 - [TEST_STEP][PASSED] - click: Object: 'Object Repository/Final Object Repo/New Registration - Registration Module Pages/Third Screen - Upload Supporting Doc- Preview/Preview Submit Button' is clicked on

2018-12-04 11:56:10 - [MESSAGE][PASSED] - Object: 'Object Repository/Final Object Repo/New Registration - Registration Module Pages/Third Screen - Upload Supporting Doc- Preview/Preview Submit Button' is clicked on

2018-12-04 11:56:10 - [TEST_STEP][PASSED] - delay: Delayed 2 second(s)

2018-12-04 11:56:12 - [MESSAGE][PASSED] - Delayed 2 second(s)

2018-12-04 11:56:12 - [TEST_STEP][PASSED] - click: Object: 'Object Repository/Final Object Repo/New Registration - Registration Module Pages/Third Screen - Upload Supporting Doc- Preview/Preview Submit - Confirm' is clicked on

2018-12-04 11:56:13 - [MESSAGE][PASSED] - Object: 'Object Repository/Final Object Repo/New Registration - Registration Module Pages/Third Screen - Upload Supporting Doc- Preview/Preview Submit - Confirm' is clicked on

2018-12-04 11:56:13 - [TEST_STEP][PASSED] - delay: Delayed 15 second(s)

2018-12-04 11:56:28 - [MESSAGE][PASSED] - Delayed 15 second(s)

2018-12-04 11:56:28 - [TEST_STEP][PASSED] - Statement - driver = com.kms.katalon.core.webui.driver.DriverFactory.getWebDriver(): null

2018-12-04 11:56:28 - [TEST_STEP][PASSED] - Statement - driver.manage().timeouts().implicitlyWait(10, SECONDS): null

2018-12-04 11:56:28 - [TEST_STEP][PASSED] - Statement - PresavePath = KatalonScreenshots: null

2018-12-04 11:56:28 - [TEST_STEP][PASSED] - Statement - pathPrefix = "C:\Users\Public\Pictures\Sample Pictures\Katalon Screenshots\Automate Ending Screen": null

2018-12-04 11:56:28 - [TEST_STEP][PASSED] - Statement - finalPath = <not implemented yet for class: org.codehaus.groovy.ast.expr.EmptyExpression>: null

2018-12-04 11:56:28 - [TEST_STEP][PASSED] - Statement - scrFile = driver.getScreenshotAs(FILE): null

2018-12-04 11:56:28 - [TEST_STEP][PASSED] - Statement - PreSaveFile = new java.io.File(PresavePath): null

2018-12-04 11:56:28 - [TEST_STEP][PASSED] - Statement - counter = 0: null

2018-12-04 11:56:28 - [TEST_STEP][PASSED] - Statement - If (PreSaveFile.exists()): null

2018-12-04 11:56:28 - [TEST_STEP][PASSED] - Statement - While (PreSaveFile.exists()): null

2018-12-04 11:56:28 - [TEST_STEP][PASSED] - Statement - counter = counter + 1: null

2018-12-04 11:56:28 - [TEST_STEP][PASSED] - Statement - PreSaveFile = new java.io.File(((pathPrefix + java.lang.Integer.toString(counter)) + .png)): null

2018-12-04 11:56:28 - [TEST_STEP][PASSED] - Statement - counter = counter + 1: null

2018-12-04 11:56:28 - [TEST_STEP][PASSED] - Statement - PreSaveFile = new java.io.File(((pathPrefix + java.lang.Integer.toString(counter)) + .png)): null

2018-12-04 11:56:28 - [TEST_STEP][PASSED] - Statement - counter = counter + 1: null

2018-12-04 11:56:28 - [TEST_STEP][PASSED] - Statement - PreSaveFile = new java.io.File(((pathPrefix + java.lang.Integer.toString(counter)) + .png)): null

2018-12-04 11:56:28 - [TEST_STEP][PASSED] - Statement - counter = counter + 1: null

2018-12-04 11:56:28 - [TEST_STEP][PASSED] - Statement - PreSaveFile = new java.io.File(((pathPrefix + java.lang.Integer.toString(counter)) + .png)): null

2018-12-04 11:56:28 - [TEST_STEP][PASSED] - Statement - counter = counter + 1: null

2018-12-04 11:56:28 - [TEST_STEP][PASSED] - Statement - PreSaveFile = new java.io.File(((pathPrefix + java.lang.Integer.toString(counter)) + .png)): null

2018-12-04 11:56:28 - [TEST_STEP][PASSED] - Statement - counter = counter + 1: null

2018-12-04 11:56:28 - [TEST_STEP][PASSED] - Statement - PreSaveFile = new java.io.File(((pathPrefix + java.lang.Integer.toString(counter)) + .png)): null

2018-12-04 11:56:28 - [TEST_STEP][PASSED] - Statement - counter = counter + 1: null

2018-12-04 11:56:28 - [TEST_STEP][PASSED] - Statement - PreSaveFile = new java.io.File(((pathPrefix + java.lang.Integer.toString(counter)) + .png)): null

2018-12-04 11:56:28 - [TEST_STEP][PASSED] - Statement - counter = counter + 1: null

2018-12-04 11:56:28 - [TEST_STEP][PASSED] - Statement - PreSaveFile = new java.io.File(((pathPrefix + java.lang.Integer.toString(counter)) + .png)): null

2018-12-04 11:56:28 - [TEST_STEP][PASSED] - Statement - counter = counter + 1: null

2018-12-04 11:56:28 - [TEST_STEP][PASSED] - Statement - PreSaveFile = new java.io.File(((pathPrefix + java.lang.Integer.toString(counter)) + .png)): null

2018-12-04 11:56:28 - [TEST_STEP][PASSED] - Statement - counter = counter + 1: null

2018-12-04 11:56:28 - [TEST_STEP][PASSED] - Statement - PreSaveFile = new java.io.File(((pathPrefix + java.lang.Integer.toString(counter)) + .png)): null

2018-12-04 11:56:28 - [TEST_STEP][PASSED] - Statement - counter = counter + 1: null

2018-12-04 11:56:28 - [TEST_STEP][PASSED] - Statement - PreSaveFile = new java.io.File(((pathPrefix + java.lang.Integer.toString(counter)) + .png)): null

2018-12-04 11:56:28 - [TEST_STEP][PASSED] - Statement - counter = counter + 1: null

2018-12-04 11:56:28 - [TEST_STEP][PASSED] - Statement - PreSaveFile = new java.io.File(((pathPrefix + java.lang.Integer.toString(counter)) + .png)): null

2018-12-04 11:56:28 - [TEST_STEP][PASSED] - Statement - counter = counter + 1: null

2018-12-04 11:56:28 - [TEST_STEP][PASSED] - Statement - PreSaveFile = new java.io.File(((pathPrefix + java.lang.Integer.toString(counter)) + .png)): null

2018-12-04 11:56:28 - [TEST_STEP][PASSED] - Statement - counter = counter + 1: null

2018-12-04 11:56:28 - [TEST_STEP][PASSED] - Statement - PreSaveFile = new java.io.File(((pathPrefix + java.lang.Integer.toString(counter)) + .png)): null

2018-12-04 11:56:28 - [TEST_STEP][PASSED] - Statement - counter = counter + 1: null

2018-12-04 11:56:28 - [TEST_STEP][PASSED] - Statement - PreSaveFile = new java.io.File(((pathPrefix + java.lang.Integer.toString(counter)) + .png)): null

2018-12-04 11:56:28 - [TEST_STEP][PASSED] - Statement - counter = counter + 1: null

2018-12-04 11:56:28 - [TEST_STEP][PASSED] - Statement - PreSaveFile = new java.io.File(((pathPrefix + java.lang.Integer.toString(counter)) + .png)): null

2018-12-04 11:56:30 - [TEST_STEP][PASSED] - Statement - counter = counter + 1: null

2018-12-04 11:56:30 - [TEST_STEP][PASSED] - Statement - PreSaveFile = new java.io.File(((pathPrefix + java.lang.Integer.toString(counter)) + .png)): null

2018-12-04 11:56:30 - [TEST_STEP][PASSED] - Statement - counter = counter + 1: null

2018-12-04 11:56:30 - [TEST_STEP][PASSED] - Statement - PreSaveFile = new java.io.File(((pathPrefix + java.lang.Integer.toString(counter)) + .png)): null

2018-12-04 11:56:30 - [TEST_STEP][PASSED] - Statement - counter = counter + 1: null

2018-12-04 11:56:30 - [TEST_STEP][PASSED] - Statement - PreSaveFile = new java.io.File(((pathPrefix + java.lang.Integer.toString(counter)) + .png)): null

2018-12-04 11:56:30 - [TEST_STEP][PASSED] - Statement - counter = counter + 1: null

2018-12-04 11:56:30 - [TEST_STEP][PASSED] - Statement - PreSaveFile = new java.io.File(((pathPrefix + java.lang.Integer.toString(counter)) + .png)): null

2018-12-04 11:56:30 - [TEST_STEP][PASSED] - Statement - counter = counter + 1: null

2018-12-04 11:56:30 - [TEST_STEP][PASSED] - Statement - PreSaveFile = new java.io.File(((pathPrefix + java.lang.Integer.toString(counter)) + .png)): null

2018-12-04 11:56:30 - [TEST_STEP][PASSED] - Statement - counter = counter + 1: null

2018-12-04 11:56:30 - [TEST_STEP][PASSED] - Statement - PreSaveFile = new java.io.File(((pathPrefix + java.lang.Integer.toString(counter)) + .png)): null

2018-12-04 11:56:30 - [TEST_STEP][PASSED] - Statement - counter = counter + 1: null

2018-12-04 11:56:30 - [TEST_STEP][PASSED] - Statement - PreSaveFile = new java.io.File(((pathPrefix + java.lang.Integer.toString(counter)) + .png)): null

2018-12-04 11:56:30 - [TEST_STEP][PASSED] - Statement - counter = counter + 1: null

2018-12-04 11:56:31 - [TEST_STEP][PASSED] - Statement - PreSaveFile = new java.io.File(((pathPrefix + java.lang.Integer.toString(counter)) + .png)): null

2018-12-04 11:56:31 - [TEST_STEP][PASSED] - Statement - counter = counter + 1: null

2018-12-04 11:56:31 - [TEST_STEP][PASSED] - Statement - PreSaveFile = new java.io.File(((pathPrefix + java.lang.Integer.toString(counter)) + .png)): null

2018-12-04 11:56:31 - [TEST_STEP][PASSED] - Statement - counter = counter + 1: null

2018-12-04 11:56:31 - [TEST_STEP][PASSED] - Statement - PreSaveFile = new java.io.File(((pathPrefix + java.lang.Integer.toString(counter)) + .png)): null

2018-12-04 11:56:31 - [TEST_STEP][PASSED] - Statement - counter = counter + 1: null

2018-12-04 11:56:31 - [TEST_STEP][PASSED] - Statement - PreSaveFile = new java.io.File(((pathPrefix + java.lang.Integer.toString(counter)) + .png)): null

2018-12-04 11:56:31 - [TEST_STEP][PASSED] - Statement - counter = counter + 1: null

2018-12-04 11:56:31 - [TEST_STEP][PASSED] - Statement - PreSaveFile = new java.io.File(((pathPrefix + java.lang.Integer.toString(counter)) + .png)): null

2018-12-04 11:56:32 - [TEST_STEP][PASSED] - Statement - counter = counter + 1: null

2018-12-04 11:56:32 - [TEST_STEP][PASSED] - Statement - PreSaveFile = new java.io.File(((pathPrefix + java.lang.Integer.toString(counter)) + .png)): null

2018-12-04 11:56:32 - [TEST_STEP][PASSED] - Statement - counter = counter + 1: null

2018-12-04 11:56:32 - [TEST_STEP][PASSED] - Statement - PreSaveFile = new java.io.File(((pathPrefix + java.lang.Integer.toString(counter)) + .png)): null

2018-12-04 11:56:32 - [TEST_STEP][PASSED] - Statement - counter = counter + 1: null

2018-12-04 11:56:32 - [TEST_STEP][PASSED] - Statement - PreSaveFile = new java.io.File(((pathPrefix + java.lang.Integer.toString(counter)) + .png)): null

2018-12-04 11:56:32 - [TEST_STEP][PASSED] - Statement - counter = counter + 1: null

2018-12-04 11:56:32 - [TEST_STEP][PASSED] - Statement - PreSaveFile = new java.io.File(((pathPrefix + java.lang.Integer.toString(counter)) + .png)): null

2018-12-04 11:56:32 - [TEST_STEP][PASSED] - Statement - counter = counter + 1: null

2018-12-04 11:56:33 - [TEST_STEP][PASSED] - Statement - PreSaveFile = new java.io.File(((pathPrefix + java.lang.Integer.toString(counter)) + .png)): null

2018-12-04 11:56:33 - [TEST_STEP][PASSED] - Statement - counter = counter + 1: null

2018-12-04 11:56:33 - [TEST_STEP][PASSED] - Statement - PreSaveFile = new java.io.File(((pathPrefix + java.lang.Integer.toString(counter)) + .png)): null

2018-12-04 11:56:33 - [TEST_STEP][PASSED] - Statement - counter = counter + 1: null

2018-12-04 11:56:33 - [TEST_STEP][PASSED] - Statement - PreSaveFile = new java.io.File(((pathPrefix + java.lang.Integer.toString(counter)) + .png)): null

2018-12-04 11:56:33 - [TEST_STEP][PASSED] - Statement - counter = counter + 1: null

2018-12-04 11:56:33 - [TEST_STEP][PASSED] - Statement - PreSaveFile = new java.io.File(((pathPrefix + java.lang.Integer.toString(counter)) + .png)): null

2018-12-04 11:56:33 - [TEST_STEP][PASSED] - Statement - counter = counter + 1: null

2018-12-04 11:56:33 - [TEST_STEP][PASSED] - Statement - PreSaveFile = new java.io.File(((pathPrefix + java.lang.Integer.toString(counter)) + .png)): null

2018-12-04 11:56:33 - [TEST_STEP][PASSED] - Statement - counter = counter + 1: null

2018-12-04 11:56:34 - [TEST_STEP][PASSED] - Statement - PreSaveFile = new java.io.File(((pathPrefix + java.lang.Integer.toString(counter)) + .png)): null

2018-12-04 11:56:34 - [TEST_STEP][PASSED] - Statement - counter = counter + 1: null

2018-12-04 11:56:34 - [TEST_STEP][PASSED] - Statement - PreSaveFile = new java.io.File(((pathPrefix + java.lang.Integer.toString(counter)) + .png)): null

2018-12-04 11:56:34 - [TEST_STEP][PASSED] - Statement - counter = counter + 1: null

2018-12-04 11:56:34 - [TEST_STEP][PASSED] - Statement - PreSaveFile = new java.io.File(((pathPrefix + java.lang.Integer.toString(counter)) + .png)): null

2018-12-04 11:56:34 - [TEST_STEP][PASSED] - Statement - counter = counter + 1: null

2018-12-04 11:56:34 - [TEST_STEP][PASSED] - Statement - PreSaveFile = new java.io.File(((pathPrefix + java.lang.Integer.toString(counter)) + .png)): null

2018-12-04 11:56:34 - [TEST_STEP][PASSED] - Statement - counter = counter + 1: null

2018-12-04 11:56:34 - [TEST_STEP][PASSED] - Statement - PreSaveFile = new java.io.File(((pathPrefix + java.lang.Integer.toString(counter)) + .png)): null

2018-12-04 11:56:34 - [TEST_STEP][PASSED] - Statement - counter = counter + 1: null

2018-12-04 11:56:36 - [TEST_STEP][PASSED] - Statement - PreSaveFile = new java.io.File(((pathPrefix + java.lang.Integer.toString(counter)) + .png)): null

2018-12-04 11:56:36 - [TEST_STEP][PASSED] - Statement - counter = counter + 1: null

2018-12-04 11:56:36 - [TEST_STEP][PASSED] - Statement - PreSaveFile = new java.io.File(((pathPrefix + java.lang.Integer.toString(counter)) + .png)): null

2018-12-04 11:56:36 - [TEST_STEP][PASSED] - Statement - counter = counter + 1: null

2018-12-04 11:56:36 - [TEST_STEP][PASSED] - Statement - PreSaveFile = new java.io.File(((pathPrefix + java.lang.Integer.toString(counter)) + .png)): null

2018-12-04 11:56:36 - [TEST_STEP][PASSED] - Statement - counter = counter + 1: null

2018-12-04 11:56:36 - [TEST_STEP][PASSED] - Statement - PreSaveFile = new java.io.File(((pathPrefix + java.lang.Integer.toString(counter)) + .png)): null

2018-12-04 11:56:36 - [TEST_STEP][PASSED] - Statement - counter = counter + 1: null

2018-12-04 11:56:36 - [TEST_STEP][PASSED] - Statement - PreSaveFile = new java.io.File(((pathPrefix + java.lang.Integer.toString(counter)) + .png)): null

2018-12-04 11:56:37 - [TEST_STEP][PASSED] - Statement - counter = counter + 1: null

2018-12-04 11:56:37 - [TEST_STEP][PASSED] - Statement - PreSaveFile = new java.io.File(((pathPrefix + java.lang.Integer.toString(counter)) + .png)): null

2018-12-04 11:56:37 - [TEST_STEP][PASSED] - Statement - counter = counter + 1: null

2018-12-04 11:56:37 - [TEST_STEP][PASSED] - Statement - PreSaveFile = new java.io.File(((pathPrefix + java.lang.Integer.toString(counter)) + .png)): null

2018-12-04 11:56:37 - [TEST_STEP][PASSED] - Statement - counter = counter + 1: null

2018-12-04 11:56:37 - [TEST_STEP][PASSED] - Statement - PreSaveFile = new java.io.File(((pathPrefix + java.lang.Integer.toString(counter)) + .png)): null

2018-12-04 11:56:37 - [TEST_STEP][PASSED] - Statement - counter = counter + 1: null

2018-12-04 11:56:37 - [TEST_STEP][PASSED] - Statement - PreSaveFile = new java.io.File(((pathPrefix + java.lang.Integer.toString(counter)) + .png)): null

2018-12-04 11:56:37 - [TEST_STEP][PASSED] - Statement - counter = counter + 1: null

2018-12-04 11:56:39 - [TEST_STEP][PASSED] - Statement - PreSaveFile = new java.io.File(((pathPrefix + java.lang.Integer.toString(counter)) + .png)): null

2018-12-04 11:56:39 - [TEST_STEP][PASSED] - Statement - counter = counter + 1: null

2018-12-04 11:56:39 - [TEST_STEP][PASSED] - Statement - PreSaveFile = new java.io.File(((pathPrefix + java.lang.Integer.toString(counter)) + .png)): null

2018-12-04 11:56:39 - [TEST_STEP][PASSED] - Statement - counter = counter + 1: null

2018-12-04 11:56:39 - [TEST_STEP][PASSED] - Statement - PreSaveFile = new java.io.File(((pathPrefix + java.lang.Integer.toString(counter)) + .png)): null

2018-12-04 11:56:39 - [TEST_STEP][PASSED] - Statement - counter = counter + 1: null

2018-12-04 11:56:39 - [TEST_STEP][PASSED] - Statement - PreSaveFile = new java.io.File(((pathPrefix + java.lang.Integer.toString(counter)) + .png)): null

2018-12-04 11:56:39 - [TEST_STEP][PASSED] - Statement - counter = counter + 1: null

2018-12-04 11:56:39 - [TEST_STEP][PASSED] - Statement - PreSaveFile = new java.io.File(((pathPrefix + java.lang.Integer.toString(counter)) + .png)): null

2018-12-04 11:56:39 - [TEST_STEP][PASSED] - Statement - counter = counter + 1: null

2018-12-04 11:56:40 - [TEST_STEP][PASSED] - Statement - PreSaveFile = new java.io.File(((pathPrefix + java.lang.Integer.toString(counter)) + .png)): null

2018-12-04 11:56:40 - [TEST_STEP][PASSED] - Statement - counter = counter + 1: null

2018-12-04 11:56:40 - [TEST_STEP][PASSED] - Statement - PreSaveFile = new java.io.File(((pathPrefix + java.lang.Integer.toString(counter)) + .png)): null

2018-12-04 11:56:40 - [TEST_STEP][PASSED] - Statement - counter = counter + 1: null

2018-12-04 11:56:40 - [TEST_STEP][PASSED] - Statement - PreSaveFile = new java.io.File(((pathPrefix + java.lang.Integer.toString(counter)) + .png)): null

2018-12-04 11:56:40 - [TEST_STEP][PASSED] - Statement - counter = counter + 1: null

2018-12-04 11:56:40 - [TEST_STEP][PASSED] - Statement - PreSaveFile = new java.io.File(((pathPrefix + java.lang.Integer.toString(counter)) + .png)): null

2018-12-04 11:56:40 - [TEST_STEP][PASSED] - Statement - counter = counter + 1: null

2018-12-04 11:56:40 - [TEST_STEP][PASSED] - Statement - PreSaveFile = new java.io.File(((pathPrefix + java.lang.Integer.toString(counter)) + .png)): null

2018-12-04 11:56:40 - [TEST_STEP][PASSED] - Statement - counter = counter + 1: null

2018-12-04 11:56:41 - [TEST_STEP][PASSED] - Statement - PreSaveFile = new java.io.File(((pathPrefix + java.lang.Integer.toString(counter)) + .png)): null

2018-12-04 11:56:41 - [TEST_STEP][PASSED] - Statement - counter = counter + 1: null

2018-12-04 11:56:41 - [TEST_STEP][PASSED] - Statement - PreSaveFile = new java.io.File(((pathPrefix + java.lang.Integer.toString(counter)) + .png)): null

2018-12-04 11:56:41 - [TEST_STEP][PASSED] - Statement - counter = counter + 1: null

2018-12-04 11:56:41 - [TEST_STEP][PASSED] - Statement - PreSaveFile = new java.io.File(((pathPrefix + java.lang.Integer.toString(counter)) + .png)): null

2018-12-04 11:56:41 - [TEST_STEP][PASSED] - Statement - counter = counter + 1: null

2018-12-04 11:56:41 - [TEST_STEP][PASSED] - Statement - PreSaveFile = new java.io.File(((pathPrefix + java.lang.Integer.toString(counter)) + .png)): null

2018-12-04 11:56:41 - [TEST_STEP][PASSED] - Statement - counter = counter + 1: null

2018-12-04 11:56:41 - [TEST_STEP][PASSED] - Statement - PreSaveFile = new java.io.File(((pathPrefix + java.lang.Integer.toString(counter)) + .png)): null

2018-12-04 11:56:41 - [TEST_STEP][PASSED] - Statement - counter = counter + 1: null

2018-12-04 11:56:43 - [TEST_STEP][PASSED] - Statement - PreSaveFile = new java.io.File(((pathPrefix + java.lang.Integer.toString(counter)) + .png)): null

2018-12-04 11:56:43 - [TEST_STEP][PASSED] - Statement - counter = counter + 1: null

2018-12-04 11:56:43 - [TEST_STEP][PASSED] - Statement - PreSaveFile = new java.io.File(((pathPrefix + java.lang.Integer.toString(counter)) + .png)): null

2018-12-04 11:56:43 - [TEST_STEP][PASSED] - Statement - counter = counter + 1: null

2018-12-04 11:56:43 - [TEST_STEP][PASSED] - Statement - PreSaveFile = new java.io.File(((pathPrefix + java.lang.Integer.toString(counter)) + .png)): null

2018-12-04 11:56:43 - [TEST_STEP][PASSED] - Statement - counter = counter + 1: null

2018-12-04 11:56:43 - [TEST_STEP][PASSED] - Statement - PreSaveFile = new java.io.File(((pathPrefix + java.lang.Integer.toString(counter)) + .png)): null

2018-12-04 11:56:43 - [TEST_STEP][PASSED] - Statement - counter = counter + 1: null

2018-12-04 11:56:43 - [TEST_STEP][PASSED] - Statement - PreSaveFile = new java.io.File(((pathPrefix + java.lang.Integer.toString(counter)) + .png)): null

2018-12-04 11:56:44 - [TEST_STEP][PASSED] - Statement - counter = counter + 1: null

2018-12-04 11:56:44 - [TEST_STEP][PASSED] - Statement - PreSaveFile = new java.io.File(((pathPrefix + java.lang.Integer.toString(counter)) + .png)): null

2018-12-04 11:56:44 - [TEST_STEP][PASSED] - Statement - counter = counter + 1: null

2018-12-04 11:56:44 - [TEST_STEP][PASSED] - Statement - PreSaveFile = new java.io.File(((pathPrefix + java.lang.Integer.toString(counter)) + .png)): null

2018-12-04 11:56:44 - [TEST_STEP][PASSED] - Statement - counter = counter + 1: null

2018-12-04 11:56:44 - [TEST_STEP][PASSED] - Statement - PreSaveFile = new java.io.File(((pathPrefix + java.lang.Integer.toString(counter)) + .png)): null

2018-12-04 11:56:44 - [TEST_STEP][PASSED] - Statement - counter = counter + 1: null

2018-12-04 11:56:44 - [TEST_STEP][PASSED] - Statement - PreSaveFile = new java.io.File(((pathPrefix + java.lang.Integer.toString(counter)) + .png)): null

2018-12-04 11:56:44 - [TEST_STEP][PASSED] - Statement - counter = counter + 1: null

2018-12-04 11:56:45 - [TEST_STEP][PASSED] - Statement - PreSaveFile = new java.io.File(((pathPrefix + java.lang.Integer.toString(counter)) + .png)): null

2018-12-04 11:56:45 - [TEST_STEP][PASSED] - Statement - counter = counter + 1: null

2018-12-04 11:56:45 - [TEST_STEP][PASSED] - Statement - PreSaveFile = new java.io.File(((pathPrefix + java.lang.Integer.toString(counter)) + .png)): null

2018-12-04 11:56:45 - [TEST_STEP][PASSED] - Statement - counter = counter + 1: null

2018-12-04 11:56:45 - [TEST_STEP][PASSED] - Statement - PreSaveFile = new java.io.File(((pathPrefix + java.lang.Integer.toString(counter)) + .png)): null

2018-12-04 11:56:45 - [TEST_STEP][PASSED] - Statement - counter = counter + 1: null

2018-12-04 11:56:45 - [TEST_STEP][PASSED] - Statement - PreSaveFile = new java.io.File(((pathPrefix + java.lang.Integer.toString(counter)) + .png)): null

2018-12-04 11:56:45 - [TEST_STEP][PASSED] - Statement - counter = counter + 1: null

2018-12-04 11:56:45 - [TEST_STEP][PASSED] - Statement - PreSaveFile = new java.io.File(((pathPrefix + java.lang.Integer.toString(counter)) + .png)): null

2018-12-04 11:56:45 - [TEST_STEP][PASSED] - Statement - counter = counter + 1: null

2018-12-04 11:56:46 - [TEST_STEP][PASSED] - Statement - PreSaveFile = new java.io.File(((pathPrefix + java.lang.Integer.toString(counter)) + .png)): null

2018-12-04 11:56:46 - [TEST_STEP][PASSED] - Statement - counter = counter + 1: null

2018-12-04 11:56:46 - [TEST_STEP][PASSED] - Statement - PreSaveFile = new java.io.File(((pathPrefix + java.lang.Integer.toString(counter)) + .png)): null

2018-12-04 11:56:46 - [TEST_STEP][PASSED] - Statement - counter = counter + 1: null

2018-12-04 11:56:46 - [TEST_STEP][PASSED] - Statement - PreSaveFile = new java.io.File(((pathPrefix + java.lang.Integer.toString(counter)) + .png)): null

2018-12-04 11:56:46 - [TEST_STEP][PASSED] - Statement - counter = counter + 1: null

2018-12-04 11:56:46 - [TEST_STEP][PASSED] - Statement - PreSaveFile = new java.io.File(((pathPrefix + java.lang.Integer.toString(counter)) + .png)): null

2018-12-04 11:56:46 - [TEST_STEP][PASSED] - Statement - counter = counter + 1: null

2018-12-04 11:56:46 - [TEST_STEP][PASSED] - Statement - PreSaveFile = new java.io.File(((pathPrefix + java.lang.Integer.toString(counter)) + .png)): null

2018-12-04 11:56:46 - [TEST_STEP][PASSED] - Statement - counter = counter + 1: null

2018-12-04 11:56:47 - [TEST_STEP][PASSED] - Statement - PreSaveFile = new java.io.File(((pathPrefix + java.lang.Integer.toString(counter)) + .png)): null

2018-12-04 11:56:47 - [TEST_STEP][PASSED] - Statement - counter = counter + 1: null

2018-12-04 11:56:47 - [TEST_STEP][PASSED] - Statement - PreSaveFile = new java.io.File(((pathPrefix + java.lang.Integer.toString(counter)) + .png)): null

2018-12-04 11:56:47 - [TEST_STEP][PASSED] - Statement - counter = counter + 1: null

2018-12-04 11:56:47 - [TEST_STEP][PASSED] - Statement - PreSaveFile = new java.io.File(((pathPrefix + java.lang.Integer.toString(counter)) + .png)): null

2018-12-04 11:56:47 - [TEST_STEP][PASSED] - Statement - counter = counter + 1: null

2018-12-04 11:56:47 - [TEST_STEP][PASSED] - Statement - PreSaveFile = new java.io.File(((pathPrefix + java.lang.Integer.toString(counter)) + .png)): null

2018-12-04 11:56:47 - [TEST_STEP][PASSED] - Statement - counter = counter + 1: null

2018-12-04 11:56:47 - [TEST_STEP][PASSED] - Statement - PreSaveFile = new java.io.File(((pathPrefix + java.lang.Integer.toString(counter)) + .png)): null

2018-12-04 11:56:49 - [TEST_STEP][PASSED] - Statement - counter = counter + 1: null

2018-12-04 11:56:49 - [TEST_STEP][PASSED] - Statement - PreSaveFile = new java.io.File(((pathPrefix + java.lang.Integer.toString(counter)) + .png)): null

2018-12-04 11:56:49 - [TEST_STEP][PASSED] - Statement - counter = counter + 1: null

2018-12-04 11:56:49 - [TEST_STEP][PASSED] - Statement - PreSaveFile = new java.io.File(((pathPrefix + java.lang.Integer.toString(counter)) + .png)): null

2018-12-04 11:56:49 - [TEST_STEP][PASSED] - Statement - counter = counter + 1: null

2018-12-04 11:56:49 - [TEST_STEP][PASSED] - Statement - PreSaveFile = new java.io.File(((pathPrefix + java.lang.Integer.toString(counter)) + .png)): null

2018-12-04 11:56:49 - [TEST_STEP][PASSED] - Statement - counter = counter + 1: null

2018-12-04 11:56:49 - [TEST_STEP][PASSED] - Statement - PreSaveFile = new java.io.File(((pathPrefix + java.lang.Integer.toString(counter)) + .png)): null

2018-12-04 11:56:49 - [TEST_STEP][PASSED] - Statement - counter = counter + 1: null

2018-12-04 11:56:49 - [TEST_STEP][PASSED] - Statement - PreSaveFile = new java.io.File(((pathPrefix + java.lang.Integer.toString(counter)) + .png)): null

2018-12-04 11:56:50 - [TEST_STEP][PASSED] - Statement - counter = counter + 1: null

2018-12-04 11:56:50 - [TEST_STEP][PASSED] - Statement - PreSaveFile = new java.io.File(((pathPrefix + java.lang.Integer.toString(counter)) + .png)): null

2018-12-04 11:56:50 - [TEST_STEP][PASSED] - Statement - counter = counter + 1: null

2018-12-04 11:56:50 - [TEST_STEP][PASSED] - Statement - PreSaveFile = new java.io.File(((pathPrefix + java.lang.Integer.toString(counter)) + .png)): null

2018-12-04 11:56:50 - [TEST_STEP][PASSED] - Statement - counter = counter + 1: null

2018-12-04 11:56:50 - [TEST_STEP][PASSED] - Statement - PreSaveFile = new java.io.File(((pathPrefix + java.lang.Integer.toString(counter)) + .png)): null

2018-12-04 11:56:50 - [TEST_STEP][PASSED] - Statement - counter = counter + 1: null

2018-12-04 11:56:50 - [TEST_STEP][PASSED] - Statement - PreSaveFile = new java.io.File(((pathPrefix + java.lang.Integer.toString(counter)) + .png)): null

2018-12-04 11:56:50 - [TEST_STEP][PASSED] - Statement - counter = counter + 1: null

2018-12-04 11:56:52 - [TEST_STEP][PASSED] - Statement - PreSaveFile = new java.io.File(((pathPrefix + java.lang.Integer.toString(counter)) + .png)): null

2018-12-04 11:56:52 - [TEST_STEP][PASSED] - Statement - counter = counter + 1: null

2018-12-04 11:56:52 - [TEST_STEP][PASSED] - Statement - PreSaveFile = new java.io.File(((pathPrefix + java.lang.Integer.toString(counter)) + .png)): null

2018-12-04 11:56:52 - [TEST_STEP][PASSED] - Statement - counter = counter + 1: null

2018-12-04 11:56:52 - [TEST_STEP][PASSED] - Statement - PreSaveFile = new java.io.File(((pathPrefix + java.lang.Integer.toString(counter)) + .png)): null

2018-12-04 11:56:52 - [TEST_STEP][PASSED] - Statement - counter = counter + 1: null

2018-12-04 11:56:52 - [TEST_STEP][PASSED] - Statement - PreSaveFile = new java.io.File(((pathPrefix + java.lang.Integer.toString(counter)) + .png)): null

2018-12-04 11:56:52 - [TEST_STEP][PASSED] - Statement - counter = counter + 1: null

2018-12-04 11:56:52 - [TEST_STEP][PASSED] - Statement - PreSaveFile = new java.io.File(((pathPrefix + java.lang.Integer.toString(counter)) + .png)): null

2018-12-04 11:56:52 - [TEST_STEP][PASSED] - Statement - counter = counter + 1: null

2018-12-04 11:56:53 - [TEST_STEP][PASSED] - Statement - PreSaveFile = new java.io.File(((pathPrefix + java.lang.Integer.toString(counter)) + .png)): null

2018-12-04 11:56:53 - [TEST_STEP][PASSED] - Statement - counter = counter + 1: null

2018-12-04 11:56:53 - [TEST_STEP][PASSED] - Statement - PreSaveFile = new java.io.File(((pathPrefix + java.lang.Integer.toString(counter)) + .png)): null

2018-12-04 11:56:53 - [TEST_STEP][PASSED] - Statement - counter = counter + 1: null

2018-12-04 11:56:53 - [TEST_STEP][PASSED] - Statement - PreSaveFile = new java.io.File(((pathPrefix + java.lang.Integer.toString(counter)) + .png)): null

2018-12-04 11:56:53 - [TEST_STEP][PASSED] - Statement - counter = counter + 1: null

2018-12-04 11:56:53 - [TEST_STEP][PASSED] - Statement - PreSaveFile = new java.io.File(((pathPrefix + java.lang.Integer.toString(counter)) + .png)): null

2018-12-04 11:56:53 - [TEST_STEP][PASSED] - Statement - counter = counter + 1: null

2018-12-04 11:56:53 - [TEST_STEP][PASSED] - Statement - PreSaveFile = new java.io.File(((pathPrefix + java.lang.Integer.toString(counter)) + .png)): null

2018-12-04 11:56:53 - [TEST_STEP][PASSED] - Statement - counter = counter + 1: null

2018-12-04 11:56:55 - [TEST_STEP][PASSED] - Statement - PreSaveFile = new java.io.File(((pathPrefix + java.lang.Integer.toString(counter)) + .png)): null

2018-12-04 11:56:55 - [TEST_STEP][PASSED] - Statement - counter = counter + 1: null

2018-12-04 11:56:55 - [TEST_STEP][PASSED] - Statement - PreSaveFile = new java.io.File(((pathPrefix + java.lang.Integer.toString(counter)) + .png)): null

2018-12-04 11:56:55 - [TEST_STEP][PASSED] - Statement - counter = counter + 1: null

2018-12-04 11:56:55 - [TEST_STEP][PASSED] - Statement - PreSaveFile = new java.io.File(((pathPrefix + java.lang.Integer.toString(counter)) + .png)): null

2018-12-04 11:56:55 - [TEST_STEP][PASSED] - Statement - counter = counter + 1: null

2018-12-04 11:56:55 - [TEST_STEP][PASSED] - Statement - PreSaveFile = new java.io.File(((pathPrefix + java.lang.Integer.toString(counter)) + .png)): null

2018-12-04 11:56:55 - [TEST_STEP][PASSED] - Statement - counter = counter + 1: null

2018-12-04 11:56:55 - [TEST_STEP][PASSED] - Statement - PreSaveFile = new java.io.File(((pathPrefix + java.lang.Integer.toString(counter)) + .png)): null

2018-12-04 11:56:57 - [TEST_STEP][PASSED] - Statement - counter = counter + 1: null

2018-12-04 11:56:57 - [TEST_STEP][PASSED] - Statement - PreSaveFile = new java.io.File(((pathPrefix + java.lang.Integer.toString(counter)) + .png)): null

2018-12-04 11:56:57 - [TEST_STEP][PASSED] - Statement - counter = counter + 1: null

2018-12-04 11:56:57 - [TEST_STEP][PASSED] - Statement - PreSaveFile = new java.io.File(((pathPrefix + java.lang.Integer.toString(counter)) + .png)): null

2018-12-04 11:56:57 - [TEST_STEP][PASSED] - Statement - counter = counter + 1: null

2018-12-04 11:56:57 - [TEST_STEP][PASSED] - Statement - PreSaveFile = new java.io.File(((pathPrefix + java.lang.Integer.toString(counter)) + .png)): null

2018-12-04 11:56:57 - [TEST_STEP][PASSED] - Statement - counter = counter + 1: null

2018-12-04 11:56:57 - [TEST_STEP][PASSED] - Statement - PreSaveFile = new java.io.File(((pathPrefix + java.lang.Integer.toString(counter)) + .png)): null

2018-12-04 11:56:57 - [TEST_STEP][PASSED] - Statement - counter = counter + 1: null

2018-12-04 11:56:59 - [TEST_STEP][PASSED] - Statement - PreSaveFile = new java.io.File(((pathPrefix + java.lang.Integer.toString(counter)) + .png)): null

2018-12-04 11:56:59 - [TEST_STEP][PASSED] - Statement - counter = counter + 1: null

2018-12-04 11:56:59 - [TEST_STEP][PASSED] - Statement - PreSaveFile = new java.io.File(((pathPrefix + java.lang.Integer.toString(counter)) + .png)): null

2018-12-04 11:56:59 - [TEST_STEP][PASSED] - Statement - counter = counter + 1: null

2018-12-04 11:56:59 - [TEST_STEP][PASSED] - Statement - PreSaveFile = new java.io.File(((pathPrefix + java.lang.Integer.toString(counter)) + .png)): null

2018-12-04 11:56:59 - [TEST_STEP][PASSED] - Statement - counter = counter + 1: null

2018-12-04 11:56:59 - [TEST_STEP][PASSED] - Statement - PreSaveFile = new java.io.File(((pathPrefix + java.lang.Integer.toString(counter)) + .png)): null

2018-12-04 11:56:59 - [TEST_STEP][PASSED] - Statement - counter = counter + 1: null

2018-12-04 11:56:59 - [TEST_STEP][PASSED] - Statement - PreSaveFile = new java.io.File(((pathPrefix + java.lang.Integer.toString(counter)) + .png)): null

2018-12-04 11:56:59 - [TEST_STEP][PASSED] - Statement - counter = counter + 1: null

2018-12-04 11:57:01 - [TEST_STEP][PASSED] - Statement - PreSaveFile = new java.io.File(((pathPrefix + java.lang.Integer.toString(counter)) + .png)): null

2018-12-04 11:57:01 - [TEST_STEP][PASSED] - Statement - counter = counter + 1: null

2018-12-04 11:57:01 - [TEST_STEP][PASSED] - Statement - PreSaveFile = new java.io.File(((pathPrefix + java.lang.Integer.toString(counter)) + .png)): null

2018-12-04 11:57:01 - [TEST_STEP][PASSED] - Statement - counter = counter + 1: null

2018-12-04 11:57:01 - [TEST_STEP][PASSED] - Statement - PreSaveFile = new java.io.File(((pathPrefix + java.lang.Integer.toString(counter)) + .png)): null

2018-12-04 11:57:01 - [TEST_STEP][PASSED] - Statement - counter = counter + 1: null

2018-12-04 11:57:01 - [TEST_STEP][PASSED] - Statement - PreSaveFile = new java.io.File(((pathPrefix + java.lang.Integer.toString(counter)) + .png)): null

2018-12-04 11:57:01 - [TEST_STEP][PASSED] - Statement - counter = counter + 1: null

2018-12-04 11:57:01 - [TEST_STEP][PASSED] - Statement - PreSaveFile = new java.io.File(((pathPrefix + java.lang.Integer.toString(counter)) + .png)): null

2018-12-04 11:57:01 - [TEST_STEP][PASSED] - Statement - counter = counter + 1: null

2018-12-04 11:57:02 - [TEST_STEP][PASSED] - Statement - PreSaveFile = new java.io.File(((pathPrefix + java.lang.Integer.toString(counter)) + .png)): null

2018-12-04 11:57:02 - [TEST_STEP][PASSED] - Statement - counter = counter + 1: null

2018-12-04 11:57:02 - [TEST_STEP][PASSED] - Statement - PreSaveFile = new java.io.File(((pathPrefix + java.lang.Integer.toString(counter)) + .png)): null

2018-12-04 11:57:02 - [TEST_STEP][PASSED] - Statement - counter = counter + 1: null

2018-12-04 11:57:02 - [TEST_STEP][PASSED] - Statement - PreSaveFile = new java.io.File(((pathPrefix + java.lang.Integer.toString(counter)) + .png)): null

2018-12-04 11:57:02 - [TEST_STEP][PASSED] - Statement - counter = counter + 1: null

2018-12-04 11:57:02 - [TEST_STEP][PASSED] - Statement - PreSaveFile = new java.io.File(((pathPrefix + java.lang.Integer.toString(counter)) + .png)): null

2018-12-04 11:57:02 - [TEST_STEP][PASSED] - Statement - counter = counter + 1: null

2018-12-04 11:57:02 - [TEST_STEP][PASSED] - Statement - PreSaveFile = new java.io.File(((pathPrefix + java.lang.Integer.toString(counter)) + .png)): null

2018-12-04 11:57:02 - [TEST_STEP][PASSED] - Statement - counter = counter + 1: null

2018-12-04 11:57:04 - [TEST_STEP][PASSED] - Statement - PreSaveFile = new java.io.File(((pathPrefix + java.lang.Integer.toString(counter)) + .png)): null

2018-12-04 11:57:04 - [TEST_STEP][PASSED] - Statement - counter = counter + 1: null

2018-12-04 11:57:04 - [TEST_STEP][PASSED] - Statement - PreSaveFile = new java.io.File(((pathPrefix + java.lang.Integer.toString(counter)) + .png)): null

2018-12-04 11:57:04 - [TEST_STEP][PASSED] - Statement - counter = counter + 1: null

2018-12-04 11:57:04 - [TEST_STEP][PASSED] - Statement - PreSaveFile = new java.io.File(((pathPrefix + java.lang.Integer.toString(counter)) + .png)): null

2018-12-04 11:57:04 - [TEST_STEP][PASSED] - Statement - counter = counter + 1: null

2018-12-04 11:57:04 - [TEST_STEP][PASSED] - Statement - PreSaveFile = new java.io.File(((pathPrefix + java.lang.Integer.toString(counter)) + .png)): null

2018-12-04 11:57:04 - [TEST_STEP][PASSED] - Statement - counter = counter + 1: null

2018-12-04 11:57:04 - [TEST_STEP][PASSED] - Statement - PreSaveFile = new java.io.File(((pathPrefix + java.lang.Integer.toString(counter)) + .png)): null

2018-12-04 11:57:05 - [TEST_STEP][PASSED] - Statement - counter = counter + 1: null

2018-12-04 11:57:05 - [TEST_STEP][PASSED] - Statement - PreSaveFile = new java.io.File(((pathPrefix + java.lang.Integer.toString(counter)) + .png)): null

2018-12-04 11:57:05 - [TEST_STEP][PASSED] - Statement - counter = counter + 1: null

2018-12-04 11:57:05 - [TEST_STEP][PASSED] - Statement - PreSaveFile = new java.io.File(((pathPrefix + java.lang.Integer.toString(counter)) + .png)): null

2018-12-04 11:57:05 - [TEST_STEP][PASSED] - Statement - counter = counter + 1: null

2018-12-04 11:57:05 - [TEST_STEP][PASSED] - Statement - PreSaveFile = new java.io.File(((pathPrefix + java.lang.Integer.toString(counter)) + .png)): null

2018-12-04 11:57:05 - [TEST_STEP][PASSED] - Statement - counter = counter + 1: null

2018-12-04 11:57:05 - [TEST_STEP][PASSED] - Statement - PreSaveFile = new java.io.File(((pathPrefix + java.lang.Integer.toString(counter)) + .png)): null

2018-12-04 11:57:05 - [TEST_STEP][PASSED] - Statement - counter = counter + 1: null

2018-12-04 11:57:06 - [TEST_STEP][PASSED] - Statement - PreSaveFile = new java.io.File(((pathPrefix + java.lang.Integer.toString(counter)) + .png)): null

2018-12-04 11:57:06 - [TEST_STEP][PASSED] - Statement - counter = counter + 1: null

2018-12-04 11:57:06 - [TEST_STEP][PASSED] - Statement - PreSaveFile = new java.io.File(((pathPrefix + java.lang.Integer.toString(counter)) + .png)): null

2018-12-04 11:57:06 - [TEST_STEP][PASSED] - Statement - counter = counter + 1: null

2018-12-04 11:57:06 - [TEST_STEP][PASSED] - Statement - PreSaveFile = new java.io.File(((pathPrefix + java.lang.Integer.toString(counter)) + .png)): null

2018-12-04 11:57:06 - [TEST_STEP][PASSED] - Statement - counter = counter + 1: null

2018-12-04 11:57:06 - [TEST_STEP][PASSED] - Statement - PreSaveFile = new java.io.File(((pathPrefix + java.lang.Integer.toString(counter)) + .png)): null

2018-12-04 11:57:06 - [TEST_STEP][PASSED] - Statement - counter = counter + 1: null

2018-12-04 11:57:06 - [TEST_STEP][PASSED] - Statement - PreSaveFile = new java.io.File(((pathPrefix + java.lang.Integer.toString(counter)) + .png)): null

2018-12-04 11:57:06 - [TEST_STEP][PASSED] - Statement - counter = counter + 1: null

2018-12-04 11:57:08 - [TEST_STEP][PASSED] - Statement - PreSaveFile = new java.io.File(((pathPrefix + java.lang.Integer.toString(counter)) + .png)): null

2018-12-04 11:57:08 - [TEST_STEP][PASSED] - Statement - counter = counter + 1: null

2018-12-04 11:57:08 - [TEST_STEP][PASSED] - Statement - PreSaveFile = new java.io.File(((pathPrefix + java.lang.Integer.toString(counter)) + .png)): null

2018-12-04 11:57:08 - [TEST_STEP][PASSED] - Statement - counter = counter + 1: null

2018-12-04 11:57:08 - [TEST_STEP][PASSED] - Statement - PreSaveFile = new java.io.File(((pathPrefix + java.lang.Integer.toString(counter)) + .png)): null

2018-12-04 11:57:08 - [TEST_STEP][PASSED] - Statement - counter = counter + 1: null

2018-12-04 11:57:08 - [TEST_STEP][PASSED] - Statement - PreSaveFile = new java.io.File(((pathPrefix + java.lang.Integer.toString(counter)) + .png)): null

2018-12-04 11:57:08 - [TEST_STEP][PASSED] - Statement - counter = counter + 1: null

2018-12-04 11:57:08 - [TEST_STEP][PASSED] - Statement - PreSaveFile = new java.io.File(((pathPrefix + java.lang.Integer.toString(counter)) + .png)): null

2018-12-04 11:57:08 - [TEST_STEP][PASSED] - Statement - counter = counter + 1: null

2018-12-04 11:57:09 - [TEST_STEP][PASSED] - Statement - PreSaveFile = new java.io.File(((pathPrefix + java.lang.Integer.toString(counter)) + .png)): null

2018-12-04 11:57:09 - [TEST_STEP][PASSED] - Statement - counter = counter + 1: null

2018-12-04 11:57:09 - [TEST_STEP][PASSED] - Statement - PreSaveFile = new java.io.File(((pathPrefix + java.lang.Integer.toString(counter)) + .png)): null

2018-12-04 11:57:09 - [TEST_STEP][PASSED] - Statement - counter = counter + 1: null

2018-12-04 11:57:09 - [TEST_STEP][PASSED] - Statement - PreSaveFile = new java.io.File(((pathPrefix + java.lang.Integer.toString(counter)) + .png)): null

2018-12-04 11:57:09 - [TEST_STEP][PASSED] - Statement - counter = counter + 1: null

2018-12-04 11:57:09 - [TEST_STEP][PASSED] - Statement - PreSaveFile = new java.io.File(((pathPrefix + java.lang.Integer.toString(counter)) + .png)): null

2018-12-04 11:57:09 - [TEST_STEP][PASSED] - Statement - counter = counter + 1: null

2018-12-04 11:57:09 - [TEST_STEP][PASSED] - Statement - PreSaveFile = new java.io.File(((pathPrefix + java.lang.Integer.toString(counter)) + .png)): null

2018-12-04 11:57:11 - [TEST_STEP][PASSED] - Statement - counter = counter + 1: null

2018-12-04 11:57:11 - [TEST_STEP][PASSED] - Statement - PreSaveFile = new java.io.File(((pathPrefix + java.lang.Integer.toString(counter)) + .png)): null

2018-12-04 11:57:11 - [TEST_STEP][PASSED] - Statement - counter = counter + 1: null

2018-12-04 11:57:11 - [TEST_STEP][PASSED] - Statement - PreSaveFile = new java.io.File(((pathPrefix + java.lang.Integer.toString(counter)) + .png)): null

2018-12-04 11:57:11 - [TEST_STEP][PASSED] - Statement - counter = counter + 1: null

2018-12-04 11:57:11 - [TEST_STEP][PASSED] - Statement - PreSaveFile = new java.io.File(((pathPrefix + java.lang.Integer.toString(counter)) + .png)): null

2018-12-04 11:57:11 - [TEST_STEP][PASSED] - Statement - counter = counter + 1: null

2018-12-04 11:57:11 - [TEST_STEP][PASSED] - Statement - PreSaveFile = new java.io.File(((pathPrefix + java.lang.Integer.toString(counter)) + .png)): null

2018-12-04 11:57:11 - [TEST_STEP][PASSED] - Statement - counter = counter + 1: null

2018-12-04 11:57:11 - [TEST_STEP][PASSED] - Statement - PreSaveFile = new java.io.File(((pathPrefix + java.lang.Integer.toString(counter)) + .png)): null

2018-12-04 11:57:13 - [TEST_STEP][PASSED] - Statement - counter = counter + 1: null

2018-12-04 11:57:13 - [TEST_STEP][PASSED] - Statement - PreSaveFile = new java.io.File(((pathPrefix + java.lang.Integer.toString(counter)) + .png)): null

2018-12-04 11:57:13 - [TEST_STEP][PASSED] - Statement - counter = counter + 1: null

2018-12-04 11:57:13 - [TEST_STEP][PASSED] - Statement - PreSaveFile = new java.io.File(((pathPrefix + java.lang.Integer.toString(counter)) + .png)): null

2018-12-04 11:57:13 - [TEST_STEP][PASSED] - Statement - counter = counter + 1: null

2018-12-04 11:57:13 - [TEST_STEP][PASSED] - Statement - PreSaveFile = new java.io.File(((pathPrefix + java.lang.Integer.toString(counter)) + .png)): null

2018-12-04 11:57:13 - [TEST_STEP][PASSED] - Statement - counter = counter + 1: null

2018-12-04 11:57:13 - [TEST_STEP][PASSED] - Statement - PreSaveFile = new java.io.File(((pathPrefix + java.lang.Integer.toString(counter)) + .png)): null

2018-12-04 11:57:13 - [TEST_STEP][PASSED] - Statement - counter = counter + 1: null

2018-12-04 11:57:15 - [TEST_STEP][PASSED] - Statement - PreSaveFile = new java.io.File(((pathPrefix + java.lang.Integer.toString(counter)) + .png)): null

2018-12-04 11:57:15 - [TEST_STEP][PASSED] - Statement - counter = counter + 1: null

2018-12-04 11:57:15 - [TEST_STEP][PASSED] - Statement - PreSaveFile = new java.io.File(((pathPrefix + java.lang.Integer.toString(counter)) + .png)): null

2018-12-04 11:57:15 - [TEST_STEP][PASSED] - Statement - counter = counter + 1: null

2018-12-04 11:57:15 - [TEST_STEP][PASSED] - Statement - PreSaveFile = new java.io.File(((pathPrefix + java.lang.Integer.toString(counter)) + .png)): null

2018-12-04 11:57:15 - [TEST_STEP][PASSED] - Statement - counter = counter + 1: null

2018-12-04 11:57:15 - [TEST_STEP][PASSED] - Statement - PreSaveFile = new java.io.File(((pathPrefix + java.lang.Integer.toString(counter)) + .png)): null

2018-12-04 11:57:15 - [TEST_STEP][PASSED] - Statement - counter = counter + 1: null

2018-12-04 11:57:15 - [TEST_STEP][PASSED] - Statement - PreSaveFile = new java.io.File(((pathPrefix + java.lang.Integer.toString(counter)) + .png)): null

2018-12-04 11:57:15 - [TEST_STEP][PASSED] - Statement - counter = counter + 1: null

2018-12-04 11:57:16 - [TEST_STEP][PASSED] - Statement - PreSaveFile = new java.io.File(((pathPrefix + java.lang.Integer.toString(counter)) + .png)): null

2018-12-04 11:57:16 - [TEST_STEP][PASSED] - Statement - counter = counter + 1: null

2018-12-04 11:57:16 - [TEST_STEP][PASSED] - Statement - PreSaveFile = new java.io.File(((pathPrefix + java.lang.Integer.toString(counter)) + .png)): null

2018-12-04 11:57:16 - [TEST_STEP][PASSED] - Statement - counter = counter + 1: null

2018-12-04 11:57:16 - [TEST_STEP][PASSED] - Statement - PreSaveFile = new java.io.File(((pathPrefix + java.lang.Integer.toString(counter)) + .png)): null

2018-12-04 11:57:16 - [TEST_STEP][PASSED] - Statement - counter = counter + 1: null

2018-12-04 11:57:16 - [TEST_STEP][PASSED] - Statement - PreSaveFile = new java.io.File(((pathPrefix + java.lang.Integer.toString(counter)) + .png)): null

2018-12-04 11:57:16 - [TEST_STEP][PASSED] - Statement - counter = counter + 1: null

2018-12-04 11:57:16 - [TEST_STEP][PASSED] - Statement - PreSaveFile = new java.io.File(((pathPrefix + java.lang.Integer.toString(counter)) + .png)): null

2018-12-04 11:57:16 - [TEST_STEP][PASSED] - Statement - counter = counter + 1: null

2018-12-04 11:57:18 - [TEST_STEP][PASSED] - Statement - PreSaveFile = new java.io.File(((pathPrefix + java.lang.Integer.toString(counter)) + .png)): null

2018-12-04 11:57:18 - [TEST_STEP][PASSED] - Statement - counter = counter + 1: null

2018-12-04 11:57:18 - [TEST_STEP][PASSED] - Statement - PreSaveFile = new java.io.File(((pathPrefix + java.lang.Integer.toString(counter)) + .png)): null

2018-12-04 11:57:18 - [TEST_STEP][PASSED] - Statement - counter = counter + 1: null

2018-12-04 11:57:18 - [TEST_STEP][PASSED] - Statement - PreSaveFile = new java.io.File(((pathPrefix + java.lang.Integer.toString(counter)) + .png)): null

2018-12-04 11:57:18 - [TEST_STEP][PASSED] - Statement - counter = counter + 1: null

2018-12-04 11:57:18 - [TEST_STEP][PASSED] - Statement - PreSaveFile = new java.io.File(((pathPrefix + java.lang.Integer.toString(counter)) + .png)): null

2018-12-04 11:57:18 - [TEST_STEP][PASSED] - Statement - counter = counter + 1: null

2018-12-04 11:57:18 - [TEST_STEP][PASSED] - Statement - PreSaveFile = new java.io.File(((pathPrefix + java.lang.Integer.toString(counter)) + .png)): null

2018-12-04 11:57:20 - [TEST_STEP][PASSED] - Statement - counter = counter + 1: null

2018-12-04 11:57:20 - [TEST_STEP][PASSED] - Statement - PreSaveFile = new java.io.File(((pathPrefix + java.lang.Integer.toString(counter)) + .png)): null

2018-12-04 11:57:20 - [TEST_STEP][PASSED] - Statement - counter = counter + 1: null

2018-12-04 11:57:20 - [TEST_STEP][PASSED] - Statement - PreSaveFile = new java.io.File(((pathPrefix + java.lang.Integer.toString(counter)) + .png)): null

2018-12-04 11:57:20 - [TEST_STEP][PASSED] - Statement - counter = counter + 1: null

2018-12-04 11:57:20 - [TEST_STEP][PASSED] - Statement - PreSaveFile = new java.io.File(((pathPrefix + java.lang.Integer.toString(counter)) + .png)): null

2018-12-04 11:57:20 - [TEST_STEP][PASSED] - Statement - counter = counter + 1: null

2018-12-04 11:57:20 - [TEST_STEP][PASSED] - Statement - PreSaveFile = new java.io.File(((pathPrefix + java.lang.Integer.toString(counter)) + .png)): null

2018-12-04 11:57:20 - [TEST_STEP][PASSED] - Statement - counter = counter + 1: null

2018-12-04 11:57:21 - [TEST_STEP][PASSED] - Statement - PreSaveFile = new java.io.File(((pathPrefix + java.lang.Integer.toString(counter)) + .png)): null

2018-12-04 11:57:21 - [TEST_STEP][PASSED] - Statement - counter = counter + 1: null

2018-12-04 11:57:21 - [TEST_STEP][PASSED] - Statement - PreSaveFile = new java.io.File(((pathPrefix + java.lang.Integer.toString(counter)) + .png)): null

2018-12-04 11:57:21 - [TEST_STEP][PASSED] - Statement - counter = counter + 1: null

2018-12-04 11:57:21 - [TEST_STEP][PASSED] - Statement - PreSaveFile = new java.io.File(((pathPrefix + java.lang.Integer.toString(counter)) + .png)): null

2018-12-04 11:57:21 - [TEST_STEP][PASSED] - Statement - counter = counter + 1: null

2018-12-04 11:57:21 - [TEST_STEP][PASSED] - Statement - PreSaveFile = new java.io.File(((pathPrefix + java.lang.Integer.toString(counter)) + .png)): null

2018-12-04 11:57:21 - [TEST_STEP][PASSED] - Statement - counter = counter + 1: null

2018-12-04 11:57:21 - [TEST_STEP][PASSED] - Statement - PreSaveFile = new java.io.File(((pathPrefix + java.lang.Integer.toString(counter)) + .png)): null

2018-12-04 11:57:21 - [TEST_STEP][PASSED] - Statement - counter = counter + 1: null

2018-12-04 11:57:23 - [TEST_STEP][PASSED] - Statement - PreSaveFile = new java.io.File(((pathPrefix + java.lang.Integer.toString(counter)) + .png)): null

2018-12-04 11:57:23 - [TEST_STEP][PASSED] - Statement - counter = counter + 1: null

2018-12-04 11:57:23 - [TEST_STEP][PASSED] - Statement - PreSaveFile = new java.io.File(((pathPrefix + java.lang.Integer.toString(counter)) + .png)): null

2018-12-04 11:57:23 - [TEST_STEP][PASSED] - Statement - counter = counter + 1: null

2018-12-04 11:57:23 - [TEST_STEP][PASSED] - Statement - PreSaveFile = new java.io.File(((pathPrefix + java.lang.Integer.toString(counter)) + .png)): null

2018-12-04 11:57:23 - [TEST_STEP][PASSED] - Statement - counter = counter + 1: null

2018-12-04 11:57:23 - [TEST_STEP][PASSED] - Statement - PreSaveFile = new java.io.File(((pathPrefix + java.lang.Integer.toString(counter)) + .png)): null

2018-12-04 11:57:23 - [TEST_STEP][PASSED] - Statement - counter = counter + 1: null

2018-12-04 11:57:23 - [TEST_STEP][PASSED] - Statement - PreSaveFile = new java.io.File(((pathPrefix + java.lang.Integer.toString(counter)) + .png)): null

2018-12-04 11:57:23 - [TEST_STEP][PASSED] - Statement - counter = counter + 1: null

2018-12-04 11:57:25 - [TEST_STEP][PASSED] - Statement - PreSaveFile = new java.io.File(((pathPrefix + java.lang.Integer.toString(counter)) + .png)): null

2018-12-04 11:57:25 - [TEST_STEP][PASSED] - Statement - counter = counter + 1: null

2018-12-04 11:57:25 - [TEST_STEP][PASSED] - Statement - PreSaveFile = new java.io.File(((pathPrefix + java.lang.Integer.toString(counter)) + .png)): null

2018-12-04 11:57:25 - [TEST_STEP][PASSED] - Statement - counter = counter + 1: null

2018-12-04 11:57:25 - [TEST_STEP][PASSED] - Statement - PreSaveFile = new java.io.File(((pathPrefix + java.lang.Integer.toString(counter)) + .png)): null

2018-12-04 11:57:25 - [TEST_STEP][PASSED] - Statement - counter = counter + 1: null

2018-12-04 11:57:25 - [TEST_STEP][PASSED] - Statement - PreSaveFile = new java.io.File(((pathPrefix + java.lang.Integer.toString(counter)) + .png)): null

2018-12-04 11:57:25 - [TEST_STEP][PASSED] - Statement - counter = counter + 1: null

2018-12-04 11:57:25 - [TEST_STEP][PASSED] - Statement - PreSaveFile = new java.io.File(((pathPrefix + java.lang.Integer.toString(counter)) + .png)): null

2018-12-04 11:57:25 - [TEST_STEP][PASSED] - Statement - counter = counter + 1: null

2018-12-04 11:57:26 - [TEST_STEP][PASSED] - Statement - PreSaveFile = new java.io.File(((pathPrefix + java.lang.Integer.toString(counter)) + .png)): null

2018-12-04 11:57:26 - [TEST_STEP][PASSED] - Statement - counter = counter + 1: null

2018-12-04 11:57:26 - [TEST_STEP][PASSED] - Statement - PreSaveFile = new java.io.File(((pathPrefix + java.lang.Integer.toString(counter)) + .png)): null

2018-12-04 11:57:26 - [TEST_STEP][PASSED] - Statement - counter = counter + 1: null

2018-12-04 11:57:26 - [TEST_STEP][PASSED] - Statement - PreSaveFile = new java.io.File(((pathPrefix + java.lang.Integer.toString(counter)) + .png)): null

2018-12-04 11:57:26 - [TEST_STEP][PASSED] - Statement - counter = counter + 1: null

2018-12-04 11:57:26 - [TEST_STEP][PASSED] - Statement - PreSaveFile = new java.io.File(((pathPrefix + java.lang.Integer.toString(counter)) + .png)): null

2018-12-04 11:57:26 - [TEST_STEP][PASSED] - Statement - counter = counter + 1: null

2018-12-04 11:57:26 - [TEST_STEP][PASSED] - Statement - PreSaveFile = new java.io.File(((pathPrefix + java.lang.Integer.toString(counter)) + .png)): null

2018-12-04 11:57:28 - [TEST_STEP][PASSED] - Statement - counter = counter + 1: null

2018-12-04 11:57:28 - [TEST_STEP][PASSED] - Statement - PreSaveFile = new java.io.File(((pathPrefix + java.lang.Integer.toString(counter)) + .png)): null

2018-12-04 11:57:28 - [TEST_STEP][PASSED] - Statement - counter = counter + 1: null

2018-12-04 11:57:28 - [TEST_STEP][PASSED] - Statement - PreSaveFile = new java.io.File(((pathPrefix + java.lang.Integer.toString(counter)) + .png)): null

2018-12-04 11:57:28 - [TEST_STEP][PASSED] - Statement - counter = counter + 1: null

2018-12-04 11:57:28 - [TEST_STEP][PASSED] - Statement - PreSaveFile = new java.io.File(((pathPrefix + java.lang.Integer.toString(counter)) + .png)): null

2018-12-04 11:57:28 - [TEST_STEP][PASSED] - Statement - counter = counter + 1: null

2018-12-04 11:57:28 - [TEST_STEP][PASSED] - Statement - PreSaveFile = new java.io.File(((pathPrefix + java.lang.Integer.toString(counter)) + .png)): null

2018-12-04 11:57:28 - [TEST_STEP][PASSED] - Statement - counter = counter + 1: null

2018-12-04 11:57:30 - [TEST_STEP][PASSED] - Statement - PreSaveFile = new java.io.File(((pathPrefix + java.lang.Integer.toString(counter)) + .png)): null

2018-12-04 11:57:30 - [TEST_STEP][PASSED] - Statement - counter = counter + 1: null

2018-12-04 11:57:30 - [TEST_STEP][PASSED] - Statement - PreSaveFile = new java.io.File(((pathPrefix + java.lang.Integer.toString(counter)) + .png)): null

2018-12-04 11:57:30 - [TEST_STEP][PASSED] - Statement - counter = counter + 1: null

2018-12-04 11:57:30 - [TEST_STEP][PASSED] - Statement - PreSaveFile = new java.io.File(((pathPrefix + java.lang.Integer.toString(counter)) + .png)): null

2018-12-04 11:57:30 - [TEST_STEP][PASSED] - Statement - counter = counter + 1: null

2018-12-04 11:57:30 - [TEST_STEP][PASSED] - Statement - PreSaveFile = new java.io.File(((pathPrefix + java.lang.Integer.toString(counter)) + .png)): null

2018-12-04 11:57:30 - [TEST_STEP][PASSED] - Statement - counter = counter + 1: null

2018-12-04 11:57:30 - [TEST_STEP][PASSED] - Statement - PreSaveFile = new java.io.File(((pathPrefix + java.lang.Integer.toString(counter)) + .png)): null

2018-12-04 11:57:30 - [TEST_STEP][PASSED] - Statement - counter = counter + 1: null

2018-12-04 11:57:31 - [TEST_STEP][PASSED] - Statement - PreSaveFile = new java.io.File(((pathPrefix + java.lang.Integer.toString(counter)) + .png)): null

2018-12-04 11:57:31 - [TEST_STEP][PASSED] - Statement - counter = counter + 1: null

2018-12-04 11:57:31 - [TEST_STEP][PASSED] - Statement - PreSaveFile = new java.io.File(((pathPrefix + java.lang.Integer.toString(counter)) + .png)): null

2018-12-04 11:57:31 - [TEST_STEP][PASSED] - Statement - counter = counter + 1: null

2018-12-04 11:57:31 - [TEST_STEP][PASSED] - Statement - PreSaveFile = new java.io.File(((pathPrefix + java.lang.Integer.toString(counter)) + .png)): null

2018-12-04 11:57:31 - [TEST_STEP][PASSED] - Statement - counter = counter + 1: null

2018-12-04 11:57:31 - [TEST_STEP][PASSED] - Statement - PreSaveFile = new java.io.File(((pathPrefix + java.lang.Integer.toString(counter)) + .png)): null

2018-12-04 11:57:31 - [TEST_STEP][PASSED] - Statement - counter = counter + 1: null

2018-12-04 11:57:31 - [TEST_STEP][PASSED] - Statement - PreSaveFile = new java.io.File(((pathPrefix + java.lang.Integer.toString(counter)) + .png)): null

2018-12-04 11:57:31 - [TEST_STEP][PASSED] - Statement - counter = counter + 1: null

2018-12-04 11:57:32 - [TEST_STEP][PASSED] - Statement - PreSaveFile = new java.io.File(((pathPrefix + java.lang.Integer.toString(counter)) + .png)): null

2018-12-04 11:57:32 - [TEST_STEP][PASSED] - Statement - counter = counter + 1: null

2018-12-04 11:57:32 - [TEST_STEP][PASSED] - Statement - PreSaveFile = new java.io.File(((pathPrefix + java.lang.Integer.toString(counter)) + .png)): null

2018-12-04 11:57:32 - [TEST_STEP][PASSED] - Statement - counter = counter + 1: null

2018-12-04 11:57:32 - [TEST_STEP][PASSED] - Statement - PreSaveFile = new java.io.File(((pathPrefix + java.lang.Integer.toString(counter)) + .png)): null

2018-12-04 11:57:32 - [TEST_STEP][PASSED] - Statement - counter = counter + 1: null

2018-12-04 11:57:32 - [TEST_STEP][PASSED] - Statement - PreSaveFile = new java.io.File(((pathPrefix + java.lang.Integer.toString(counter)) + .png)): null

2018-12-04 11:57:32 - [TEST_STEP][PASSED] - Statement - counter = counter + 1: null

2018-12-04 11:57:32 - [TEST_STEP][PASSED] - Statement - PreSaveFile = new java.io.File(((pathPrefix + java.lang.Integer.toString(counter)) + .png)): null

2018-12-04 11:57:34 - [TEST_STEP][PASSED] - Statement - counter = counter + 1: null

2018-12-04 11:57:34 - [TEST_STEP][PASSED] - Statement - PreSaveFile = new java.io.File(((pathPrefix + java.lang.Integer.toString(counter)) + .png)): null

2018-12-04 11:57:34 - [TEST_STEP][PASSED] - Statement - counter = counter + 1: null

2018-12-04 11:57:34 - [TEST_STEP][PASSED] - Statement - PreSaveFile = new java.io.File(((pathPrefix + java.lang.Integer.toString(counter)) + .png)): null

2018-12-04 11:57:34 - [TEST_STEP][PASSED] - Statement - counter = counter + 1: null

2018-12-04 11:57:34 - [TEST_STEP][PASSED] - Statement - PreSaveFile = new java.io.File(((pathPrefix + java.lang.Integer.toString(counter)) + .png)): null

2018-12-04 11:57:34 - [TEST_STEP][PASSED] - Statement - counter = counter + 1: null

2018-12-04 11:57:34 - [TEST_STEP][PASSED] - Statement - PreSaveFile = new java.io.File(((pathPrefix + java.lang.Integer.toString(counter)) + .png)): null

2018-12-04 11:57:34 - [TEST_STEP][PASSED] - Statement - counter = counter + 1: null

2018-12-04 11:57:34 - [TEST_STEP][PASSED] - Statement - PreSaveFile = new java.io.File(((pathPrefix + java.lang.Integer.toString(counter)) + .png)): null

2018-12-04 11:57:36 - [TEST_STEP][PASSED] - Statement - counter = counter + 1: null

2018-12-04 11:57:36 - [TEST_STEP][PASSED] - Statement - PreSaveFile = new java.io.File(((pathPrefix + java.lang.Integer.toString(counter)) + .png)): null

2018-12-04 11:57:36 - [TEST_STEP][PASSED] - Statement - counter = counter + 1: null

2018-12-04 11:57:36 - [TEST_STEP][PASSED] - Statement - PreSaveFile = new java.io.File(((pathPrefix + java.lang.Integer.toString(counter)) + .png)): null

2018-12-04 11:57:36 - [TEST_STEP][PASSED] - Statement - counter = counter + 1: null

2018-12-04 11:57:36 - [TEST_STEP][PASSED] - Statement - PreSaveFile = new java.io.File(((pathPrefix + java.lang.Integer.toString(counter)) + .png)): null

2018-12-04 11:57:36 - [TEST_STEP][PASSED] - Statement - counter = counter + 1: null

2018-12-04 11:57:36 - [TEST_STEP][PASSED] - Statement - PreSaveFile = new java.io.File(((pathPrefix + java.lang.Integer.toString(counter)) + .png)): null

2018-12-04 11:57:36 - [TEST_STEP][PASSED] - Statement - counter = counter + 1: null

2018-12-04 11:57:37 - [TEST_STEP][PASSED] - Statement - PreSaveFile = new java.io.File(((pathPrefix + java.lang.Integer.toString(counter)) + .png)): null

2018-12-04 11:57:37 - [TEST_STEP][PASSED] - Statement - counter = counter + 1: null

2018-12-04 11:57:37 - [TEST_STEP][PASSED] - Statement - PreSaveFile = new java.io.File(((pathPrefix + java.lang.Integer.toString(counter)) + .png)): null

2018-12-04 11:57:37 - [TEST_STEP][PASSED] - Statement - counter = counter + 1: null

2018-12-04 11:57:37 - [TEST_STEP][PASSED] - Statement - PreSaveFile = new java.io.File(((pathPrefix + java.lang.Integer.toString(counter)) + .png)): null

2018-12-04 11:57:37 - [TEST_STEP][PASSED] - Statement - counter = counter + 1: null

2018-12-04 11:57:37 - [TEST_STEP][PASSED] - Statement - PreSaveFile = new java.io.File(((pathPrefix + java.lang.Integer.toString(counter)) + .png)): null

2018-12-04 11:57:37 - [TEST_STEP][PASSED] - Statement - counter = counter + 1: null

2018-12-04 11:57:37 - [TEST_STEP][PASSED] - Statement - PreSaveFile = new java.io.File(((pathPrefix + java.lang.Integer.toString(counter)) + .png)): null

2018-12-04 11:57:37 - [TEST_STEP][PASSED] - Statement - counter = counter + 1: null

2018-12-04 11:57:40 - [TEST_STEP][PASSED] - Statement - PreSaveFile = new java.io.File(((pathPrefix + java.lang.Integer.toString(counter)) + .png)): null

2018-12-04 11:57:40 - [TEST_STEP][PASSED] - Statement - counter = counter + 1: null

2018-12-04 11:57:40 - [TEST_STEP][PASSED] - Statement - PreSaveFile = new java.io.File(((pathPrefix + java.lang.Integer.toString(counter)) + .png)): null

2018-12-04 11:57:40 - [TEST_STEP][PASSED] - Statement - counter = counter + 1: null

2018-12-04 11:57:40 - [TEST_STEP][PASSED] - Statement - PreSaveFile = new java.io.File(((pathPrefix + java.lang.Integer.toString(counter)) + .png)): null

2018-12-04 11:57:40 - [TEST_STEP][PASSED] - Statement - counter = counter + 1: null

2018-12-04 11:57:40 - [TEST_STEP][PASSED] - Statement - PreSaveFile = new java.io.File(((pathPrefix + java.lang.Integer.toString(counter)) + .png)): null

2018-12-04 11:57:40 - [TEST_STEP][PASSED] - Statement - counter = counter + 1: null

2018-12-04 11:57:40 - [TEST_STEP][PASSED] - Statement - PreSaveFile = new java.io.File(((pathPrefix + java.lang.Integer.toString(counter)) + .png)): null

2018-12-04 11:57:40 - [TEST_STEP][PASSED] - Statement - counter = counter + 1: null

2018-12-04 11:57:41 - [TEST_STEP][PASSED] - Statement - PreSaveFile = new java.io.File(((pathPrefix + java.lang.Integer.toString(counter)) + .png)): null

2018-12-04 11:57:41 - [TEST_STEP][PASSED] - Statement - counter = counter + 1: null

2018-12-04 11:57:41 - [TEST_STEP][PASSED] - Statement - PreSaveFile = new java.io.File(((pathPrefix + java.lang.Integer.toString(counter)) + .png)): null

2018-12-04 11:57:41 - [TEST_STEP][PASSED] - Statement - counter = counter + 1: null

2018-12-04 11:57:41 - [TEST_STEP][PASSED] - Statement - PreSaveFile = new java.io.File(((pathPrefix + java.lang.Integer.toString(counter)) + .png)): null

2018-12-04 11:57:41 - [TEST_STEP][PASSED] - Statement - counter = counter + 1: null

2018-12-04 11:57:41 - [TEST_STEP][PASSED] - Statement - PreSaveFile = new java.io.File(((pathPrefix + java.lang.Integer.toString(counter)) + .png)): null

2018-12-04 11:57:41 - [TEST_STEP][PASSED] - Statement - counter = counter + 1: null

2018-12-04 11:57:41 - [TEST_STEP][PASSED] - Statement - PreSaveFile = new java.io.File(((pathPrefix + java.lang.Integer.toString(counter)) + .png)): null

2018-12-04 11:57:43 - [TEST_STEP][PASSED] - Statement - counter = counter + 1: null

2018-12-04 11:57:43 - [TEST_STEP][PASSED] - Statement - PreSaveFile = new java.io.File(((pathPrefix + java.lang.Integer.toString(counter)) + .png)): null

2018-12-04 11:57:43 - [TEST_STEP][PASSED] - Statement - counter = counter + 1: null

2018-12-04 11:57:43 - [TEST_STEP][PASSED] - Statement - PreSaveFile = new java.io.File(((pathPrefix + java.lang.Integer.toString(counter)) + .png)): null

2018-12-04 11:57:43 - [TEST_STEP][PASSED] - Statement - counter = counter + 1: null

2018-12-04 11:57:43 - [TEST_STEP][PASSED] - Statement - PreSaveFile = new java.io.File(((pathPrefix + java.lang.Integer.toString(counter)) + .png)): null

2018-12-04 11:57:43 - [TEST_STEP][PASSED] - Statement - counter = counter + 1: null

2018-12-04 11:57:43 - [TEST_STEP][PASSED] - Statement - PreSaveFile = new java.io.File(((pathPrefix + java.lang.Integer.toString(counter)) + .png)): null

2018-12-04 11:57:43 - [TEST_STEP][PASSED] - Statement - counter = counter + 1: null

2018-12-04 11:57:46 - [TEST_STEP][PASSED] - Statement - PreSaveFile = new java.io.File(((pathPrefix + java.lang.Integer.toString(counter)) + .png)): null

2018-12-04 11:57:46 - [TEST_STEP][PASSED] - Statement - counter = counter + 1: null

2018-12-04 11:57:46 - [TEST_STEP][PASSED] - Statement - PreSaveFile = new java.io.File(((pathPrefix + java.lang.Integer.toString(counter)) + .png)): null

2018-12-04 11:57:46 - [TEST_STEP][PASSED] - Statement - counter = counter + 1: null

2018-12-04 11:57:46 - [TEST_STEP][PASSED] - Statement - PreSaveFile = new java.io.File(((pathPrefix + java.lang.Integer.toString(counter)) + .png)): null

2018-12-04 11:57:46 - [TEST_STEP][PASSED] - Statement - counter = counter + 1: null

2018-12-04 11:57:46 - [TEST_STEP][PASSED] - Statement - PreSaveFile = new java.io.File(((pathPrefix + java.lang.Integer.toString(counter)) + .png)): null

2018-12-04 11:57:46 - [TEST_STEP][PASSED] - Statement - counter = counter + 1: null

2018-12-04 11:57:46 - [TEST_STEP][PASSED] - Statement - PreSaveFile = new java.io.File(((pathPrefix + java.lang.Integer.toString(counter)) + .png)): null

2018-12-04 11:57:46 - [TEST_STEP][PASSED] - Statement - counter = counter + 1: null

2018-12-04 11:57:47 - [TEST_STEP][PASSED] - Statement - PreSaveFile = new java.io.File(((pathPrefix + java.lang.Integer.toString(counter)) + .png)): null

2018-12-04 11:57:47 - [TEST_STEP][PASSED] - Statement - counter = counter + 1: null

2018-12-04 11:57:47 - [TEST_STEP][PASSED] - Statement - PreSaveFile = new java.io.File(((pathPrefix + java.lang.Integer.toString(counter)) + .png)): null

2018-12-04 11:57:47 - [TEST_STEP][PASSED] - Statement - counter = counter + 1: null

2018-12-04 11:57:47 - [TEST_STEP][PASSED] - Statement - PreSaveFile = new java.io.File(((pathPrefix + java.lang.Integer.toString(counter)) + .png)): null

2018-12-04 11:57:47 - [TEST_STEP][PASSED] - Statement - counter = counter + 1: null

2018-12-04 11:57:47 - [TEST_STEP][PASSED] - Statement - PreSaveFile = new java.io.File(((pathPrefix + java.lang.Integer.toString(counter)) + .png)): null

2018-12-04 11:57:47 - [TEST_STEP][PASSED] - Statement - counter = counter + 1: null

2018-12-04 11:57:47 - [TEST_STEP][PASSED] - Statement - PreSaveFile = new java.io.File(((pathPrefix + java.lang.Integer.toString(counter)) + .png)): null

2018-12-04 11:57:47 - [TEST_STEP][PASSED] - Statement - counter = counter + 1: null

2018-12-04 11:57:49 - [TEST_STEP][PASSED] - Statement - PreSaveFile = new java.io.File(((pathPrefix + java.lang.Integer.toString(counter)) + .png)): null

2018-12-04 11:57:49 - [TEST_STEP][PASSED] - Statement - counter = counter + 1: null

2018-12-04 11:57:49 - [TEST_STEP][PASSED] - Statement - PreSaveFile = new java.io.File(((pathPrefix + java.lang.Integer.toString(counter)) + .png)): null

2018-12-04 11:57:49 - [TEST_STEP][PASSED] - Statement - counter = counter + 1: null

2018-12-04 11:57:49 - [TEST_STEP][PASSED] - Statement - PreSaveFile = new java.io.File(((pathPrefix + java.lang.Integer.toString(counter)) + .png)): null

2018-12-04 11:57:49 - [TEST_STEP][PASSED] - Statement - counter = counter + 1: null

2018-12-04 11:57:49 - [TEST_STEP][PASSED] - Statement - PreSaveFile = new java.io.File(((pathPrefix + java.lang.Integer.toString(counter)) + .png)): null

2018-12-04 11:57:49 - [TEST_STEP][PASSED] - Statement - counter = counter + 1: null

2018-12-04 11:57:49 - [TEST_STEP][PASSED] - Statement - PreSaveFile = new java.io.File(((pathPrefix + java.lang.Integer.toString(counter)) + .png)): null

2018-12-04 11:57:49 - [TEST_STEP][PASSED] - Statement - counter = counter + 1: null

2018-12-04 11:57:51 - [TEST_STEP][PASSED] - Statement - PreSaveFile = new java.io.File(((pathPrefix + java.lang.Integer.toString(counter)) + .png)): null

2018-12-04 11:57:51 - [TEST_STEP][PASSED] - Statement - counter = counter + 1: null

2018-12-04 11:57:51 - [TEST_STEP][PASSED] - Statement - PreSaveFile = new java.io.File(((pathPrefix + java.lang.Integer.toString(counter)) + .png)): null

2018-12-04 11:57:51 - [TEST_STEP][PASSED] - Statement - counter = counter + 1: null

2018-12-04 11:57:51 - [TEST_STEP][PASSED] - Statement - PreSaveFile = new java.io.File(((pathPrefix + java.lang.Integer.toString(counter)) + .png)): null

2018-12-04 11:57:51 - [TEST_STEP][PASSED] - Statement - counter = counter + 1: null

2018-12-04 11:57:51 - [TEST_STEP][PASSED] - Statement - PreSaveFile = new java.io.File(((pathPrefix + java.lang.Integer.toString(counter)) + .png)): null

2018-12-04 11:57:51 - [TEST_STEP][PASSED] - Statement - counter = counter + 1: null

2018-12-04 11:57:51 - [TEST_STEP][PASSED] - Statement - PreSaveFile = new java.io.File(((pathPrefix + java.lang.Integer.toString(counter)) + .png)): null

2018-12-04 11:57:53 - [TEST_STEP][PASSED] - Statement - counter = counter + 1: null

2018-12-04 11:57:53 - [TEST_STEP][PASSED] - Statement - PreSaveFile = new java.io.File(((pathPrefix + java.lang.Integer.toString(counter)) + .png)): null

2018-12-04 11:57:53 - [TEST_STEP][PASSED] - Statement - counter = counter + 1: null

2018-12-04 11:57:53 - [TEST_STEP][PASSED] - Statement - PreSaveFile = new java.io.File(((pathPrefix + java.lang.Integer.toString(counter)) + .png)): null

2018-12-04 11:57:53 - [TEST_STEP][PASSED] - Statement - counter = counter + 1: null

2018-12-04 11:57:53 - [TEST_STEP][PASSED] - Statement - PreSaveFile = new java.io.File(((pathPrefix + java.lang.Integer.toString(counter)) + .png)): null

2018-12-04 11:57:53 - [TEST_STEP][PASSED] - Statement - counter = counter + 1: null

2018-12-04 11:57:53 - [TEST_STEP][PASSED] - Statement - PreSaveFile = new java.io.File(((pathPrefix + java.lang.Integer.toString(counter)) + .png)): null

2018-12-04 11:57:53 - [TEST_STEP][PASSED] - Statement - counter = counter + 1: null

2018-12-04 11:57:55 - [TEST_STEP][PASSED] - Statement - PreSaveFile = new java.io.File(((pathPrefix + java.lang.Integer.toString(counter)) + .png)): null

2018-12-04 11:57:55 - [TEST_STEP][PASSED] - Statement - counter = counter + 1: null

2018-12-04 11:57:55 - [TEST_STEP][PASSED] - Statement - PreSaveFile = new java.io.File(((pathPrefix + java.lang.Integer.toString(counter)) + .png)): null

2018-12-04 11:57:55 - [TEST_STEP][PASSED] - Statement - counter = counter + 1: null

2018-12-04 11:57:55 - [TEST_STEP][PASSED] - Statement - PreSaveFile = new java.io.File(((pathPrefix + java.lang.Integer.toString(counter)) + .png)): null

2018-12-04 11:57:55 - [TEST_STEP][PASSED] - Statement - counter = counter + 1: null

2018-12-04 11:57:55 - [TEST_STEP][PASSED] - Statement - PreSaveFile = new java.io.File(((pathPrefix + java.lang.Integer.toString(counter)) + .png)): null

2018-12-04 11:57:55 - [TEST_STEP][PASSED] - Statement - counter = counter + 1: null

2018-12-04 11:57:55 - [TEST_STEP][PASSED] - Statement - PreSaveFile = new java.io.File(((pathPrefix + java.lang.Integer.toString(counter)) + .png)): null

2018-12-04 11:57:55 - [TEST_STEP][PASSED] - Statement - counter = counter + 1: null

2018-12-04 11:57:57 - [TEST_STEP][PASSED] - Statement - PreSaveFile = new java.io.File(((pathPrefix + java.lang.Integer.toString(counter)) + .png)): null

2018-12-04 11:57:57 - [TEST_STEP][PASSED] - Statement - counter = counter + 1: null

2018-12-04 11:57:57 - [TEST_STEP][PASSED] - Statement - PreSaveFile = new java.io.File(((pathPrefix + java.lang.Integer.toString(counter)) + .png)): null

2018-12-04 11:57:57 - [TEST_STEP][PASSED] - Statement - counter = counter + 1: null

2018-12-04 11:57:57 - [TEST_STEP][PASSED] - Statement - PreSaveFile = new java.io.File(((pathPrefix + java.lang.Integer.toString(counter)) + .png)): null

2018-12-04 11:57:57 - [TEST_STEP][PASSED] - Statement - counter = counter + 1: null

2018-12-04 11:57:57 - [TEST_STEP][PASSED] - Statement - PreSaveFile = new java.io.File(((pathPrefix + java.lang.Integer.toString(counter)) + .png)): null

2018-12-04 11:57:57 - [TEST_STEP][PASSED] - Statement - counter = counter + 1: null

2018-12-04 11:57:57 - [TEST_STEP][PASSED] - Statement - PreSaveFile = new java.io.File(((pathPrefix + java.lang.Integer.toString(counter)) + .png)): null

2018-12-04 11:57:57 - [TEST_STEP][PASSED] - Statement - counter = counter + 1: null

2018-12-04 11:57:59 - [TEST_STEP][PASSED] - Statement - PreSaveFile = new java.io.File(((pathPrefix + java.lang.Integer.toString(counter)) + .png)): null

2018-12-04 11:57:59 - [TEST_STEP][PASSED] - Statement - counter = counter + 1: null

2018-12-04 11:57:59 - [TEST_STEP][PASSED] - Statement - PreSaveFile = new java.io.File(((pathPrefix + java.lang.Integer.toString(counter)) + .png)): null

2018-12-04 11:57:59 - [TEST_STEP][PASSED] - Statement - counter = counter + 1: null

2018-12-04 11:57:59 - [TEST_STEP][PASSED] - Statement - PreSaveFile = new java.io.File(((pathPrefix + java.lang.Integer.toString(counter)) + .png)): null

2018-12-04 11:57:59 - [TEST_STEP][PASSED] - Statement - counter = counter + 1: null

2018-12-04 11:57:59 - [TEST_STEP][PASSED] - Statement - PreSaveFile = new java.io.File(((pathPrefix + java.lang.Integer.toString(counter)) + .png)): null

2018-12-04 11:57:59 - [TEST_STEP][PASSED] - Statement - counter = counter + 1: null

2018-12-04 11:57:59 - [TEST_STEP][PASSED] - Statement - PreSaveFile = new java.io.File(((pathPrefix + java.lang.Integer.toString(counter)) + .png)): null

2018-12-04 11:58:01 - [TEST_STEP][PASSED] - Statement - counter = counter + 1: null

2018-12-04 11:58:01 - [TEST_STEP][PASSED] - Statement - PreSaveFile = new java.io.File(((pathPrefix + java.lang.Integer.toString(counter)) + .png)): null

2018-12-04 11:58:01 - [TEST_STEP][PASSED] - Statement - counter = counter + 1: null

2018-12-04 11:58:01 - [TEST_STEP][PASSED] - Statement - PreSaveFile = new java.io.File(((pathPrefix + java.lang.Integer.toString(counter)) + .png)): null

2018-12-04 11:58:01 - [TEST_STEP][PASSED] - Statement - counter = counter + 1: null

2018-12-04 11:58:01 - [TEST_STEP][PASSED] - Statement - PreSaveFile = new java.io.File(((pathPrefix + java.lang.Integer.toString(counter)) + .png)): null

2018-12-04 11:58:01 - [TEST_STEP][PASSED] - Statement - counter = counter + 1: null

2018-12-04 11:58:01 - [TEST_STEP][PASSED] - Statement - PreSaveFile = new java.io.File(((pathPrefix + java.lang.Integer.toString(counter)) + .png)): null

2018-12-04 11:58:01 - [TEST_STEP][PASSED] - Statement - counter = counter + 1: null

2018-12-04 11:58:01 - [TEST_STEP][PASSED] - Statement - PreSaveFile = new java.io.File(((pathPrefix + java.lang.Integer.toString(counter)) + .png)): null

2018-12-04 11:58:03 - [TEST_STEP][PASSED] - Statement - counter = counter + 1: null

2018-12-04 11:58:03 - [TEST_STEP][PASSED] - Statement - PreSaveFile = new java.io.File(((pathPrefix + java.lang.Integer.toString(counter)) + .png)): null

2018-12-04 11:58:03 - [TEST_STEP][PASSED] - Statement - counter = counter + 1: null

2018-12-04 11:58:03 - [TEST_STEP][PASSED] - Statement - PreSaveFile = new java.io.File(((pathPrefix + java.lang.Integer.toString(counter)) + .png)): null

2018-12-04 11:58:03 - [TEST_STEP][PASSED] - Statement - counter = counter + 1: null

2018-12-04 11:58:03 - [TEST_STEP][PASSED] - Statement - PreSaveFile = new java.io.File(((pathPrefix + java.lang.Integer.toString(counter)) + .png)): null

2018-12-04 11:58:03 - [TEST_STEP][PASSED] - Statement - counter = counter + 1: null

2018-12-04 11:58:03 - [TEST_STEP][PASSED] - Statement - PreSaveFile = new java.io.File(((pathPrefix + java.lang.Integer.toString(counter)) + .png)): null

2018-12-04 11:58:03 - [TEST_STEP][PASSED] - Statement - counter = counter + 1: null

2018-12-04 11:58:05 - [TEST_STEP][PASSED] - Statement - PreSaveFile = new java.io.File(((pathPrefix + java.lang.Integer.toString(counter)) + .png)): null

2018-12-04 11:58:05 - [TEST_STEP][PASSED] - Statement - counter = counter + 1: null

2018-12-04 11:58:05 - [TEST_STEP][PASSED] - Statement - PreSaveFile = new java.io.File(((pathPrefix + java.lang.Integer.toString(counter)) + .png)): null

2018-12-04 11:58:05 - [TEST_STEP][PASSED] - Statement - counter = counter + 1: null

2018-12-04 11:58:05 - [TEST_STEP][PASSED] - Statement - PreSaveFile = new java.io.File(((pathPrefix + java.lang.Integer.toString(counter)) + .png)): null

2018-12-04 11:58:05 - [TEST_STEP][PASSED] - Statement - counter = counter + 1: null

2018-12-04 11:58:05 - [TEST_STEP][PASSED] - Statement - PreSaveFile = new java.io.File(((pathPrefix + java.lang.Integer.toString(counter)) + .png)): null

2018-12-04 11:58:05 - [TEST_STEP][PASSED] - Statement - counter = counter + 1: null

2018-12-04 11:58:05 - [TEST_STEP][PASSED] - Statement - PreSaveFile = new java.io.File(((pathPrefix + java.lang.Integer.toString(counter)) + .png)): null

2018-12-04 11:58:05 - [TEST_STEP][PASSED] - Statement - counter = counter + 1: null

2018-12-04 11:58:07 - [TEST_STEP][PASSED] - Statement - PreSaveFile = new java.io.File(((pathPrefix + java.lang.Integer.toString(counter)) + .png)): null

2018-12-04 11:58:07 - [TEST_STEP][PASSED] - Statement - counter = counter + 1: null

2018-12-04 11:58:07 - [TEST_STEP][PASSED] - Statement - PreSaveFile = new java.io.File(((pathPrefix + java.lang.Integer.toString(counter)) + .png)): null

2018-12-04 11:58:07 - [TEST_STEP][PASSED] - Statement - counter = counter + 1: null

2018-12-04 11:58:07 - [TEST_STEP][PASSED] - Statement - PreSaveFile = new java.io.File(((pathPrefix + java.lang.Integer.toString(counter)) + .png)): null

2018-12-04 11:58:07 - [TEST_STEP][PASSED] - Statement - counter = counter + 1: null

2018-12-04 11:58:07 - [TEST_STEP][PASSED] - Statement - PreSaveFile = new java.io.File(((pathPrefix + java.lang.Integer.toString(counter)) + .png)): null

2018-12-04 11:58:07 - [TEST_STEP][PASSED] - Statement - counter = counter + 1: null

2018-12-04 11:58:07 - [TEST_STEP][PASSED] - Statement - PreSaveFile = new java.io.File(((pathPrefix + java.lang.Integer.toString(counter)) + .png)): null

2018-12-04 11:58:07 - [TEST_STEP][PASSED] - Statement - counter = counter + 1: null

2018-12-04 11:58:09 - [TEST_STEP][PASSED] - Statement - PreSaveFile = new java.io.File(((pathPrefix + java.lang.Integer.toString(counter)) + .png)): null

2018-12-04 11:58:09 - [TEST_STEP][PASSED] - Statement - counter = counter + 1: null

2018-12-04 11:58:09 - [TEST_STEP][PASSED] - Statement - PreSaveFile = new java.io.File(((pathPrefix + java.lang.Integer.toString(counter)) + .png)): null

2018-12-04 11:58:09 - [TEST_STEP][PASSED] - Statement - counter = counter + 1: null

2018-12-04 11:58:09 - [TEST_STEP][PASSED] - Statement - PreSaveFile = new java.io.File(((pathPrefix + java.lang.Integer.toString(counter)) + .png)): null

2018-12-04 11:58:09 - [TEST_STEP][PASSED] - Statement - counter = counter + 1: null

2018-12-04 11:58:09 - [TEST_STEP][PASSED] - Statement - PreSaveFile = new java.io.File(((pathPrefix + java.lang.Integer.toString(counter)) + .png)): null

2018-12-04 11:58:09 - [TEST_STEP][PASSED] - Statement - counter = counter + 1: null

2018-12-04 11:58:09 - [TEST_STEP][PASSED] - Statement - PreSaveFile = new java.io.File(((pathPrefix + java.lang.Integer.toString(counter)) + .png)): null

2018-12-04 11:58:12 - [TEST_STEP][PASSED] - Statement - counter = counter + 1: null

2018-12-04 11:58:12 - [TEST_STEP][PASSED] - Statement - PreSaveFile = new java.io.File(((pathPrefix + java.lang.Integer.toString(counter)) + .png)): null

2018-12-04 11:58:12 - [TEST_STEP][PASSED] - Statement - counter = counter + 1: null

2018-12-04 11:58:12 - [TEST_STEP][PASSED] - Statement - PreSaveFile = new java.io.File(((pathPrefix + java.lang.Integer.toString(counter)) + .png)): null

2018-12-04 11:58:12 - [TEST_STEP][PASSED] - Statement - counter = counter + 1: null

2018-12-04 11:58:12 - [TEST_STEP][PASSED] - Statement - PreSaveFile = new java.io.File(((pathPrefix + java.lang.Integer.toString(counter)) + .png)): null

2018-12-04 11:58:12 - [TEST_STEP][PASSED] - Statement - counter = counter + 1: null

2018-12-04 11:58:12 - [TEST_STEP][PASSED] - Statement - PreSaveFile = new java.io.File(((pathPrefix + java.lang.Integer.toString(counter)) + .png)): null

2018-12-04 11:58:12 - [TEST_STEP][PASSED] - Statement - counter = counter + 1: null

2018-12-04 11:58:14 - [TEST_STEP][PASSED] - Statement - PreSaveFile = new java.io.File(((pathPrefix + java.lang.Integer.toString(counter)) + .png)): null

2018-12-04 11:58:14 - [TEST_STEP][PASSED] - Statement - counter = counter + 1: null

2018-12-04 11:58:14 - [TEST_STEP][PASSED] - Statement - PreSaveFile = new java.io.File(((pathPrefix + java.lang.Integer.toString(counter)) + .png)): null

2018-12-04 11:58:14 - [TEST_STEP][PASSED] - Statement - counter = counter + 1: null

2018-12-04 11:58:14 - [TEST_STEP][PASSED] - Statement - PreSaveFile = new java.io.File(((pathPrefix + java.lang.Integer.toString(counter)) + .png)): null

2018-12-04 11:58:14 - [TEST_STEP][PASSED] - Statement - counter = counter + 1: null

2018-12-04 11:58:14 - [TEST_STEP][PASSED] - Statement - PreSaveFile = new java.io.File(((pathPrefix + java.lang.Integer.toString(counter)) + .png)): null

2018-12-04 11:58:14 - [TEST_STEP][PASSED] - Statement - counter = counter + 1: null

2018-12-04 11:58:14 - [TEST_STEP][PASSED] - Statement - PreSaveFile = new java.io.File(((pathPrefix + java.lang.Integer.toString(counter)) + .png)): null

2018-12-04 11:58:14 - [TEST_STEP][PASSED] - Statement - counter = counter + 1: null

2018-12-04 11:58:16 - [TEST_STEP][PASSED] - Statement - PreSaveFile = new java.io.File(((pathPrefix + java.lang.Integer.toString(counter)) + .png)): null

2018-12-04 11:58:16 - [TEST_STEP][PASSED] - Statement - counter = counter + 1: null

2018-12-04 11:58:16 - [TEST_STEP][PASSED] - Statement - PreSaveFile = new java.io.File(((pathPrefix + java.lang.Integer.toString(counter)) + .png)): null

2018-12-04 11:58:16 - [TEST_STEP][PASSED] - Statement - counter = counter + 1: null

2018-12-04 11:58:16 - [TEST_STEP][PASSED] - Statement - PreSaveFile = new java.io.File(((pathPrefix + java.lang.Integer.toString(counter)) + .png)): null

2018-12-04 11:58:16 - [TEST_STEP][PASSED] - Statement - counter = counter + 1: null

2018-12-04 11:58:16 - [TEST_STEP][PASSED] - Statement - PreSaveFile = new java.io.File(((pathPrefix + java.lang.Integer.toString(counter)) + .png)): null

2018-12-04 11:58:16 - [TEST_STEP][PASSED] - Statement - counter = counter + 1: null

2018-12-04 11:58:16 - [TEST_STEP][PASSED] - Statement - PreSaveFile = new java.io.File(((pathPrefix + java.lang.Integer.toString(counter)) + .png)): null

2018-12-04 11:58:16 - [TEST_STEP][PASSED] - Statement - counter = counter + 1: null

2018-12-04 11:58:18 - [TEST_STEP][PASSED] - Statement - PreSaveFile = new java.io.File(((pathPrefix + java.lang.Integer.toString(counter)) + .png)): null

2018-12-04 11:58:18 - [TEST_STEP][PASSED] - Statement - counter = counter + 1: null

2018-12-04 11:58:18 - [TEST_STEP][PASSED] - Statement - PreSaveFile = new java.io.File(((pathPrefix + java.lang.Integer.toString(counter)) + .png)): null

2018-12-04 11:58:18 - [TEST_STEP][PASSED] - Statement - finalPath = pathPrefix + java.lang.Integer.toString(counter) + ".png": null

2018-12-04 11:58:18 - [TEST_STEP][PASSED] - Statement - SaveFile = new java.io.File(finalPath): null

2018-12-04 11:58:18 - [TEST_STEP][PASSED] - Statement - Try: null

2018-12-04 11:58:18 - [TEST_STEP][PASSED] - Statement - org.apache.commons.io.FileUtils.copyFile(scrFile, SaveFile): null

2018-12-04 11:58:18 - [TEST_STEP][PASSED] - Statement - out.println("file kept"): null

2018-12-04 11:58:18 - [TEST_STEP][PASSED] - delay: Delayed 10 second(s)

2018-12-04 11:58:30 - [MESSAGE][PASSED] - Delayed 10 second(s)

2018-12-04 11:58:30 - [MESSAGE][PASSED] - Call Test Case 'Test Cases/Final Aug 2018 - PKS Automation/Registration Module/New Registration/Submit and Screenshot/Submit Registration and Screenshot' successfully

2018-12-04 11:58:30 - [TEST_STEP][PASSED] - callTestCase: Call Test Case 'Test Cases/Final Aug 2018 - PKS Automation/Registration Module/Log Out/log out avoiding katalon tagging' successfully

2018-12-04 11:58:30 - [TEST_CASE][PASSED] - Test Cases/Final Aug 2018 - PKS Automation/Registration Module/Log Out/log out avoiding katalon tagging: Test Cases/Final Aug 2018 - PKS Automation/Registration Module/Log Out/log out avoiding katalon tagging

2018-12-04 11:58:30 - [TEST_STEP][PASSED] - navigateToUrl: Navigate to 'https://assist2-uat.perkeso.gov.my/c/portal/logout' successfully

2018-12-04 11:58:32 - [MESSAGE][PASSED] - Navigate to 'https://assist2-uat.perkeso.gov.my/c/portal/logout' successfully

2018-12-04 11:58:32 - [MESSAGE][PASSED] - Call Test Case 'Test Cases/Final Aug 2018 - PKS Automation/Registration Module/Log Out/log out avoiding katalon tagging' successfully

2018-12-04 11:58:32 - [TEST_STEP][PASSED] - callTestCase: Call Test Case 'Test Cases/Final Aug 2018 - PKS Automation/Common/Workflow Owner Finder' successfully

2018-12-04 11:58:32 - [TEST_CASE][PASSED] - Test Cases/Final Aug 2018 - PKS Automation/Common/Workflow Owner Finder: Test Cases/Final Aug 2018 - PKS Automation/Common/Workflow Owner Finder

2018-12-04 11:58:32 - [TEST_STEP][PASSED] - openBrowser: Browser is opened with url: ''

2018-12-04 11:58:32 - [MESSAGE][WARNING] - A browser is already opened. Closing browser and opening a new one

2018-12-04 11:58:35 - [MESSAGE][PASSED] - Browser is opened with url: ''

2018-12-04 11:58:35 - [TEST_STEP][PASSED] - navigateToUrl: Navigate to 'https://assist2-uat.perkeso.gov.my/login' successfully

2018-12-04 11:58:36 - [MESSAGE][PASSED] - Navigate to 'https://assist2-uat.perkeso.gov.my/login' successfully

2018-12-04 11:58:36 - [TEST_STEP][PASSED] - delay: Delayed 5 second(s)

2018-12-04 11:58:41 - [MESSAGE][PASSED] - Delayed 5 second(s)

2018-12-04 11:58:41 - [TEST_STEP][PASSED] - setText: Text 'test@liferay.com' is set on object 'Object Repository/Final Object Repo/Login Page/Internal User/Email Address'

2018-12-04 11:58:41 - [MESSAGE][PASSED] - Text 'test@liferay.com' is set on object 'Object Repository/Final Object Repo/Login Page/Internal User/Email Address'

2018-12-04 11:58:41 - [TEST_STEP][PASSED] - click: Object: 'Object Repository/Final Object Repo/Login Page/Internal User/Next Button' is clicked on

2018-12-04 11:58:41 - [MESSAGE][PASSED] - Object: 'Object Repository/Final Object Repo/Login Page/Internal User/Next Button' is clicked on

2018-12-04 11:58:41 - [TEST_STEP][PASSED] - delay: Delayed 2 second(s)

2018-12-04 11:58:43 - [MESSAGE][PASSED] - Delayed 2 second(s)

2018-12-04 11:58:43 - [TEST_STEP][PASSED] - setText: Text 'test' is set on object 'Object Repository/Final Object Repo/Login Page/Internal User/Password'

2018-12-04 11:58:44 - [MESSAGE][PASSED] - Text 'test' is set on object 'Object Repository/Final Object Repo/Login Page/Internal User/Password'

2018-12-04 11:58:44 - [TEST_STEP][PASSED] - delay: Delayed 2 second(s)

2018-12-04 11:58:46 - [MESSAGE][PASSED] - Delayed 2 second(s)

2018-12-04 11:58:46 - [TEST_STEP][PASSED] - click: Object: 'Object Repository/Final Object Repo/Login Page/Internal User/Login Button' is clicked on

2018-12-04 11:58:46 - [MESSAGE][PASSED] - Object: 'Object Repository/Final Object Repo/Login Page/Internal User/Login Button' is clicked on

2018-12-04 11:58:46 - [TEST_STEP][PASSED] - Statement - tester = com.kms.katalon.core.testobject.ObjectRepository.findTestObject(Final Object Repo/Landing Page/Select to English): Finding Test Object with id 'Object Repository/Final Object Repo/Landing Page/Select to English'

2018-12-04 11:58:46 - [TEST_STEP][PASSED] - Statement - Try: Delayed 2 second(s)

2018-12-04 11:58:46 - [TEST_STEP][PASSED] - Statement - Checker = com.kms.katalon.core.webui.keyword.WebUiBuiltInKeywords.verifyElementNotPresent(tester, 3): Web element with id: 'Object Repository/Final Object Repo/Landing Page/Select to English' located by 'By.xpath: //a[@class = 'taglib-language-list-text' and @lang = 'en-US' and (contains(text(), 'EN') or contains(., 'EN'))]' is not present after '3' second(s)

2018-12-04 11:58:48 - [MESSAGE][PASSED] - Web element with id: 'Object Repository/Final Object Repo/Landing Page/Select to English' located by 'By.xpath: //a[@class = 'taglib-language-list-text' and @lang = 'en-US' and (contains(text(), 'EN') or contains(., 'EN'))]' is not present after '3' second(s)

2018-12-04 11:58:48 - [TEST_STEP][PASSED] - Statement - If (Checker == false): null

2018-12-04 11:58:48 - [TEST_STEP][PASSED] - delay: Delayed 2 second(s)

2018-12-04 11:58:50 - [MESSAGE][PASSED] - Delayed 2 second(s)

2018-12-04 11:58:50 - [TEST_STEP][PASSED] - delay: Delayed 5 second(s)

2018-12-04 11:58:55 - [MESSAGE][PASSED] - Delayed 5 second(s)

2018-12-04 11:58:55 - [TEST_STEP][PASSED] - mouseOver: Object: 'Object Repository/Final Object Repo/Landing Page/WorkFlow Menu' is hovered

2018-12-04 11:58:55 - [MESSAGE][PASSED] - Object: 'Object Repository/Final Object Repo/Landing Page/WorkFlow Menu' is hovered

2018-12-04 11:58:55 - [TEST_STEP][PASSED] - delay: Delayed 2 second(s)

2018-12-04 11:58:57 - [MESSAGE][PASSED] - Delayed 2 second(s)

2018-12-04 11:58:57 - [TEST_STEP][PASSED] - click: Object: 'Object Repository/Final Object Repo/Landing Page/Select to Workflow Listing' is clicked on

2018-12-04 11:58:58 - [MESSAGE][PASSED] - Object: 'Object Repository/Final Object Repo/Landing Page/Select to Workflow Listing' is clicked on

2018-12-04 11:58:58 - [TEST_STEP][PASSED] - delay: Delayed 2 second(s)

2018-12-04 11:59:00 - [MESSAGE][PASSED] - Delayed 2 second(s)

2018-12-04 11:59:00 - [TEST_STEP][PASSED] - click: Object: 'Object Repository/Final Object Repo/WorkFlow Listing Page/Search Information - To Put Ref No' is clicked on

2018-12-04 11:59:01 - [MESSAGE][PASSED] - Object: 'Object Repository/Final Object Repo/WorkFlow Listing Page/Search Information - To Put Ref No' is clicked on

2018-12-04 11:59:01 - [TEST_STEP][PASSED] - delay: Delayed 2 second(s)

2018-12-04 11:59:03 - [MESSAGE][PASSED] - Delayed 2 second(s)

2018-12-04 11:59:03 - [TEST_STEP][PASSED] - callTestCase: Call Test Case 'Test Cases/Final Aug 2018 - PKS Automation/Common/Reference Number Getter' successfully

2018-12-04 11:59:03 - [TEST_CASE][PASSED] - Test Cases/Final Aug 2018 - PKS Automation/Common/Reference Number Getter: Test Cases/Final Aug 2018 - PKS Automation/Common/Reference Number Getter

2018-12-04 11:59:03 - [TEST_STEP][PASSED] - Statement - Try: null

2018-12-04 11:59:03 - [TEST_STEP][PASSED] - Statement - RefNo = new java.io.File(C://Users//Admin//Desktop//PKS//Automation Reference Point//KatalonReference.txt): null

2018-12-04 11:59:03 - [TEST_STEP][PASSED] - Statement - bufferread = new java.io.BufferedReader(new java.io.FileReader(RefNo)): null

2018-12-04 11:59:03 - [TEST_STEP][PASSED] - Statement - readedVal = bufferread.readLine(): null

2018-12-04 11:59:03 - [TEST_STEP][PASSED] - Statement - out.println(CaseReferenceNo): null

2018-12-04 11:59:03 - [TEST_STEP][PASSED] - Statement - out.println(readedVal): null

2018-12-04 11:59:03 - [TEST_STEP][PASSED] - Statement - CaseReferenceNo = "": null

2018-12-04 11:59:03 - [TEST_STEP][PASSED] - Statement - CaseReferenceNo = readedVal: null

2018-12-04 11:59:03 - [MESSAGE][PASSED] - Call Test Case 'Test Cases/Final Aug 2018 - PKS Automation/Common/Reference Number Getter' successfully

2018-12-04 11:59:03 - [TEST_STEP][PASSED] - setText: Text 'CRN12201800122973' is set on object 'Object Repository/Final Object Repo/WorkFlow Listing Page/Ref No Set Text'

2018-12-04 11:59:03 - [MESSAGE][PASSED] - Text 'CRN12201800122973' is set on object 'Object Repository/Final Object Repo/WorkFlow Listing Page/Ref No Set Text'

2018-12-04 11:59:03 - [TEST_STEP][PASSED] - delay: Delayed 2 second(s)

2018-12-04 11:59:05 - [MESSAGE][PASSED] - Delayed 2 second(s)

2018-12-04 11:59:05 - [TEST_STEP][PASSED] - click: Object: 'Object Repository/Final Object Repo/WorkFlow Listing Page/Search Ref No Search Button' is clicked on

2018-12-04 11:59:05 - [MESSAGE][PASSED] - Object: 'Object Repository/Final Object Repo/WorkFlow Listing Page/Search Ref No Search Button' is clicked on

2018-12-04 11:59:05 - [TEST_STEP][PASSED] - delay: Delayed 6 second(s)

2018-12-04 11:59:11 - [MESSAGE][PASSED] - Delayed 6 second(s)

2018-12-04 11:59:11 - [TEST_STEP][PASSED] - click: Object: 'Object Repository/Final Object Repo/WorkFlow Listing Page/Click Continue Tooltip' is clicked on

2018-12-04 11:59:12 - [MESSAGE][PASSED] - Object: 'Object Repository/Final Object Repo/WorkFlow Listing Page/Click Continue Tooltip' is clicked on

2018-12-04 11:59:12 - [TEST_STEP][PASSED] - delay: Delayed 5 second(s)

2018-12-04 11:59:17 - [MESSAGE][PASSED] - Delayed 5 second(s)

2018-12-04 11:59:17 - [TEST_STEP][PASSED] - doubleClick: Object: 'Object Repository/Final Object Repo/WorkFlow Listing Page/Workflow Found - Listing 1' is double clicked on

2018-12-04 11:59:18 - [MESSAGE][PASSED] - Object: 'Object Repository/Final Object Repo/WorkFlow Listing Page/Workflow Found - Listing 1' is double clicked on

2018-12-04 11:59:18 - [TEST_STEP][PASSED] - Statement - println(OwnerID): null

2018-12-04 11:59:18 - [TEST_STEP][PASSED] - Statement - OwnerID = com.kms.katalon.core.webui.keyword.WebUiBuiltInKeywords.getText(com.kms.katalon.core.testobject.ObjectRepository.findTestObject(Final Object Repo/WorkFlow Listing Page/Workflow Found - Listing 1), STOP_ON_FAILURE): Text of object 'Object Repository/Final Object Repo/WorkFlow Listing Page/Workflow Found - Listing 1' is: 'KLpkrbo1'

2018-12-04 11:59:18 - [MESSAGE][PASSED] - Text of object 'Object Repository/Final Object Repo/WorkFlow Listing Page/Workflow Found - Listing 1' is: 'KLpkrbo1'

2018-12-04 11:59:18 - [TEST_STEP][PASSED] - Statement - OwnerID = OwnerID.toLowerCase() + "@gmail.com": null

2018-12-04 11:59:18 - [TEST_STEP][PASSED] - Statement - println(OwnerID): null

2018-12-04 11:59:18 - [TEST_STEP][PASSED] - delay: Delayed 2 second(s)

2018-12-04 11:59:20 - [MESSAGE][PASSED] - Delayed 2 second(s)

2018-12-04 11:59:20 - [MESSAGE][PASSED] - Call Test Case 'Test Cases/Final Aug 2018 - PKS Automation/Common/Workflow Owner Finder' successfully

2018-12-04 11:59:20 - [TEST_STEP][PASSED] - callTestCase: Call Test Case 'Test Cases/Final Aug 2018 - PKS Automation/Registration Module/Log Out/log out avoiding katalon tagging' successfully

2018-12-04 11:59:20 - [TEST_CASE][PASSED] - Test Cases/Final Aug 2018 - PKS Automation/Registration Module/Log Out/log out avoiding katalon tagging: Test Cases/Final Aug 2018 - PKS Automation/Registration Module/Log Out/log out avoiding katalon tagging

2018-12-04 11:59:20 - [TEST_STEP][PASSED] - navigateToUrl: Navigate to 'https://assist2-uat.perkeso.gov.my/c/portal/logout' successfully

2018-12-04 11:59:21 - [MESSAGE][PASSED] - Navigate to 'https://assist2-uat.perkeso.gov.my/c/portal/logout' successfully

2018-12-04 11:59:21 - [MESSAGE][PASSED] - Call Test Case 'Test Cases/Final Aug 2018 - PKS Automation/Registration Module/Log Out/log out avoiding katalon tagging' successfully

2018-12-04 11:59:21 - [TEST_STEP][PASSED] - delay: Delayed 2 second(s)

2018-12-04 11:59:23 - [MESSAGE][PASSED] - Delayed 2 second(s)

2018-12-04 11:59:23 - [TEST_STEP][PASSED] - setText: Text 'klpkrbo1@gmail.com' is set on object 'Object Repository/Final Object Repo/New Registration - Registration Module Pages/New Reg - OTC to RO/Special Case - All Related Objects/Email TextBox'

2018-12-04 11:59:23 - [MESSAGE][PASSED] - Text 'klpkrbo1@gmail.com' is set on object 'Object Repository/Final Object Repo/New Registration - Registration Module Pages/New Reg - OTC to RO/Special Case - All Related Objects/Email TextBox'

2018-12-04 11:59:23 - [TEST_STEP][PASSED] - click: Object: 'Object Repository/Final Object Repo/New Registration - Registration Module Pages/New Reg - OTC to RO/Special Case - All Related Objects/Next Button' is clicked on

2018-12-04 11:59:23 - [MESSAGE][PASSED] - Object: 'Object Repository/Final Object Repo/New Registration - Registration Module Pages/New Reg - OTC to RO/Special Case - All Related Objects/Next Button' is clicked on

2018-12-04 11:59:23 - [TEST_STEP][PASSED] - delay: Delayed 2 second(s)

2018-12-04 11:59:25 - [MESSAGE][PASSED] - Delayed 2 second(s)

2018-12-04 11:59:25 - [TEST_STEP][PASSED] - setText: Text 'Test1@3456789' is set on object 'Object Repository/Final Object Repo/New Registration - Registration Module Pages/New Reg - OTC to RO/Special Case - All Related Objects/Password TextBox'

2018-12-04 11:59:26 - [MESSAGE][PASSED] - Text 'Test1@3456789' is set on object 'Object Repository/Final Object Repo/New Registration - Registration Module Pages/New Reg - OTC to RO/Special Case - All Related Objects/Password TextBox'

2018-12-04 11:59:26 - [TEST_STEP][PASSED] - delay: Delayed 2 second(s)

2018-12-04 11:59:28 - [MESSAGE][PASSED] - Delayed 2 second(s)

2018-12-04 11:59:28 - [TEST_STEP][PASSED] - click: Object: 'Object Repository/Final Object Repo/New Registration - Registration Module Pages/New Reg - OTC to RO/Special Case - All Related Objects/Login Button' is clicked on

2018-12-04 11:59:28 - [MESSAGE][PASSED] - Object: 'Object Repository/Final Object Repo/New Registration - Registration Module Pages/New Reg - OTC to RO/Special Case - All Related Objects/Login Button' is clicked on

2018-12-04 11:59:28 - [TEST_STEP][PASSED] - delay: Delayed 2 second(s)

2018-12-04 11:59:30 - [MESSAGE][PASSED] - Delayed 2 second(s)

2018-12-04 11:59:30 - [TEST_STEP][PASSED] - Statement - Try: null

2018-12-04 11:59:30 - [TEST_STEP][PASSED] - Statement - Checker = com.kms.katalon.core.webui.keyword.WebUiBuiltInKeywords.verifyElementNotPresent("Final Object Repo/Landing Page/Select to English", 3): null

2018-12-04 11:59:30 - [TEST_STEP][PASSED] - Statement - Catch (Exception e): null

2018-12-04 11:59:30 - [TEST_STEP][PASSED] - Statement - e.printStackTrace(): null

2018-12-04 11:59:30 - [TEST_STEP][PASSED] - click: Object: 'Object Repository/Final Object Repo/New Registration - Registration Module Pages/New Reg - OTC to RO/Special Case - All Related Objects/Expand to Search' is clicked on

2018-12-04 11:59:30 - [MESSAGE][PASSED] - Object: 'Object Repository/Final Object Repo/New Registration - Registration Module Pages/New Reg - OTC to RO/Special Case - All Related Objects/Expand to Search' is clicked on

2018-12-04 11:59:30 - [TEST_STEP][PASSED] - setText: Text 'CRN12201800122973' is set on object 'Object Repository/Final Object Repo/New Registration - Registration Module Pages/New Reg - OTC to RO/Special Case - All Related Objects/TextBox RefNo in Workbasket'

2018-12-04 11:59:31 - [MESSAGE][PASSED] - Text 'CRN12201800122973' is set on object 'Object Repository/Final Object Repo/New Registration - Registration Module Pages/New Reg - OTC to RO/Special Case - All Related Objects/TextBox RefNo in Workbasket'

2018-12-04 11:59:31 - [TEST_STEP][PASSED] - delay: Delayed 2 second(s)

2018-12-04 11:59:33 - [MESSAGE][PASSED] - Delayed 2 second(s)

2018-12-04 11:59:33 - [TEST_STEP][PASSED] - click: Object: 'Object Repository/Final Object Repo/New Registration - Registration Module Pages/New Reg - OTC to RO/Special Case - All Related Objects/Click Search' is clicked on

2018-12-04 11:59:33 - [MESSAGE][PASSED] - Object: 'Object Repository/Final Object Repo/New Registration - Registration Module Pages/New Reg - OTC to RO/Special Case - All Related Objects/Click Search' is clicked on

2018-12-04 11:59:33 - [TEST_STEP][PASSED] - delay: Delayed 2 second(s)

2018-12-04 11:59:35 - [MESSAGE][PASSED] - Delayed 2 second(s)

2018-12-04 11:59:35 - [TEST_STEP][PASSED] - click: Object: 'Object Repository/Final Object Repo/New Registration - Registration Module Pages/New Reg - OTC to RO/Special Case - All Related Objects/Click to Continue Workflow' is clicked on

2018-12-04 11:59:37 - [MESSAGE][PASSED] - Object: 'Object Repository/Final Object Repo/New Registration - Registration Module Pages/New Reg - OTC to RO/Special Case - All Related Objects/Click to Continue Workflow' is clicked on

2018-12-04 11:59:37 - [TEST_STEP][PASSED] - delay: Delayed 2 second(s)

2018-12-04 11:59:39 - [MESSAGE][PASSED] - Delayed 2 second(s)

2018-12-04 11:59:39 - [TEST_STEP][PASSED] - click: Object: 'Object Repository/Final Object Repo/New Registration - Registration Module Pages/New Reg - OTC to RO/Special Case - All Related Objects/Form 1 Save n Continue' is clicked on

2018-12-04 11:59:39 - [MESSAGE][PASSED] - Object: 'Object Repository/Final Object Repo/New Registration - Registration Module Pages/New Reg - OTC to RO/Special Case - All Related Objects/Form 1 Save n Continue' is clicked on

2018-12-04 11:59:39 - [TEST_STEP][PASSED] - delay: Delayed 5 second(s)

2018-12-04 11:59:44 - [MESSAGE][PASSED] - Delayed 5 second(s)

2018-12-04 11:59:44 - [TEST_STEP][PASSED] - click: Object: 'Object Repository/Final Object Repo/New Registration - Registration Module Pages/New Reg - OTC to RO/Special Case - OTC - Form 1/Confirm No Flagging as Branch' is clicked on

2018-12-04 11:59:44 - [MESSAGE][PASSED] - Object: 'Object Repository/Final Object Repo/New Registration - Registration Module Pages/New Reg - OTC to RO/Special Case - OTC - Form 1/Confirm No Flagging as Branch' is clicked on

2018-12-04 11:59:44 - [TEST_STEP][PASSED] - delay: Delayed 2 second(s)

2018-12-04 11:59:46 - [MESSAGE][PASSED] - Delayed 2 second(s)

2018-12-04 11:59:46 - [TEST_STEP][PASSED] - click: Object: 'Object Repository/Final Object Repo/New Registration - Registration Module Pages/New Reg - OTC to RO/Special Case - All Related Objects/Form 2 Save n Continue' is clicked on

2018-12-04 11:59:46 - [MESSAGE][PASSED] - Object: 'Object Repository/Final Object Repo/New Registration - Registration Module Pages/New Reg - OTC to RO/Special Case - All Related Objects/Form 2 Save n Continue' is clicked on

2018-12-04 11:59:46 - [TEST_STEP][PASSED] - delay: Delayed 4 second(s)

2018-12-04 11:59:50 - [MESSAGE][PASSED] - Delayed 4 second(s)

2018-12-04 11:59:50 - [TEST_STEP][PASSED] - click: Object: 'Object Repository/Final Object Repo/New Registration - Registration Module Pages/New Reg - OTC to RO/Special Case - All Related Objects/Third Screen Save n Continue' is clicked on

2018-12-04 11:59:56 - [MESSAGE][PASSED] - Object: 'Object Repository/Final Object Repo/New Registration - Registration Module Pages/New Reg - OTC to RO/Special Case - All Related Objects/Third Screen Save n Continue' is clicked on

2018-12-04 11:59:56 - [TEST_STEP][PASSED] - delay: Delayed 5 second(s)

2018-12-04 12:00:01 - [MESSAGE][PASSED] - Delayed 5 second(s)

2018-12-04 12:00:01 - [TEST_STEP][PASSED] - click: Object: 'Object Repository/Final Object Repo/New Registration - Registration Module Pages/New Reg - OTC to RO/Special Case - All Related Objects/Upload Doc Page Save n Continue' is clicked on

2018-12-04 12:00:01 - [MESSAGE][PASSED] - Object: 'Object Repository/Final Object Repo/New Registration - Registration Module Pages/New Reg - OTC to RO/Special Case - All Related Objects/Upload Doc Page Save n Continue' is clicked on

2018-12-04 12:00:01 - [TEST_STEP][PASSED] - callTestCase: Call Test Case 'Test Cases/Final Aug 2018 - PKS Automation/Registration Module/New Registration/Submit and Screenshot/Submit Registration and Screenshot' successfully

2018-12-04 12:00:01 - [TEST_CASE][PASSED] - Test Cases/Final Aug 2018 - PKS Automation/Registration Module/New Registration/Submit and Screenshot/Submit Registration and Screenshot: Test Cases/Final Aug 2018 - PKS Automation/Registration Module/New Registration/Submit and Screenshot/Submit Registration and Screenshot

2018-12-04 12:00:01 - [TEST_STEP][PASSED] - delay: Delayed 6 second(s)

2018-12-04 12:00:07 - [MESSAGE][PASSED] - Delayed 6 second(s)

2018-12-04 12:00:07 - [TEST_STEP][PASSED] - click: Object: 'Object Repository/Final Object Repo/New Registration - Registration Module Pages/Third Screen - Upload Supporting Doc- Preview/Preview Submit Button' is clicked on

2018-12-04 12:00:07 - [MESSAGE][PASSED] - Object: 'Object Repository/Final Object Repo/New Registration - Registration Module Pages/Third Screen - Upload Supporting Doc- Preview/Preview Submit Button' is clicked on

2018-12-04 12:00:07 - [TEST_STEP][PASSED] - delay: Delayed 2 second(s)

2018-12-04 12:00:09 - [MESSAGE][PASSED] - Delayed 2 second(s)

2018-12-04 12:00:09 - [TEST_STEP][PASSED] - click: Object: 'Object Repository/Final Object Repo/New Registration - Registration Module Pages/Third Screen - Upload Supporting Doc- Preview/Preview Submit - Confirm' is clicked on

2018-12-04 12:00:10 - [MESSAGE][PASSED] - Object: 'Object Repository/Final Object Repo/New Registration - Registration Module Pages/Third Screen - Upload Supporting Doc- Preview/Preview Submit - Confirm' is clicked on

2018-12-04 12:00:10 - [TEST_STEP][PASSED] - delay: Delayed 15 second(s)

2018-12-04 12:00:25 - [MESSAGE][PASSED] - Delayed 15 second(s)

2018-12-04 12:00:25 - [TEST_STEP][PASSED] - Statement - driver = com.kms.katalon.core.webui.driver.DriverFactory.getWebDriver(): null

2018-12-04 12:00:25 - [TEST_STEP][PASSED] - Statement - driver.manage().timeouts().implicitlyWait(10, SECONDS): null

2018-12-04 12:00:25 - [TEST_STEP][PASSED] - Statement - PresavePath = KatalonScreenshots: null

2018-12-04 12:00:25 - [TEST_STEP][PASSED] - Statement - pathPrefix = "C:\Users\Public\Pictures\Sample Pictures\Katalon Screenshots\Automate Ending Screen": null

2018-12-04 12:00:25 - [TEST_STEP][PASSED] - Statement - finalPath = <not implemented yet for class: org.codehaus.groovy.ast.expr.EmptyExpression>: null

2018-12-04 12:00:25 - [TEST_STEP][PASSED] - Statement - scrFile = driver.getScreenshotAs(FILE): null

2018-12-04 12:00:25 - [TEST_STEP][PASSED] - Statement - PreSaveFile = new java.io.File(PresavePath): null

2018-12-04 12:00:25 - [TEST_STEP][PASSED] - Statement - counter = 0: null

2018-12-04 12:00:25 - [TEST_STEP][PASSED] - Statement - If (PreSaveFile.exists()): null

2018-12-04 12:00:25 - [TEST_STEP][PASSED] - Statement - While (PreSaveFile.exists()): null

2018-12-04 12:00:25 - [TEST_STEP][PASSED] - Statement - counter = counter + 1: null

2018-12-04 12:00:25 - [TEST_STEP][PASSED] - Statement - PreSaveFile = new java.io.File(((pathPrefix + java.lang.Integer.toString(counter)) + .png)): null

2018-12-04 12:00:25 - [TEST_STEP][PASSED] - Statement - counter = counter + 1: null

2018-12-04 12:00:25 - [TEST_STEP][PASSED] - Statement - PreSaveFile = new java.io.File(((pathPrefix + java.lang.Integer.toString(counter)) + .png)): null

2018-12-04 12:00:25 - [TEST_STEP][PASSED] - Statement - counter = counter + 1: null

2018-12-04 12:00:25 - [TEST_STEP][PASSED] - Statement - PreSaveFile = new java.io.File(((pathPrefix + java.lang.Integer.toString(counter)) + .png)): null

2018-12-04 12:00:25 - [TEST_STEP][PASSED] - Statement - counter = counter + 1: null

2018-12-04 12:00:25 - [TEST_STEP][PASSED] - Statement - PreSaveFile = new java.io.File(((pathPrefix + java.lang.Integer.toString(counter)) + .png)): null

2018-12-04 12:00:25 - [TEST_STEP][PASSED] - Statement - counter = counter + 1: null

2018-12-04 12:00:25 - [TEST_STEP][PASSED] - Statement - PreSaveFile = new java.io.File(((pathPrefix + java.lang.Integer.toString(counter)) + .png)): null

2018-12-04 12:00:25 - [TEST_STEP][PASSED] - Statement - counter = counter + 1: null

2018-12-04 12:00:25 - [TEST_STEP][PASSED] - Statement - PreSaveFile = new java.io.File(((pathPrefix + java.lang.Integer.toString(counter)) + .png)): null

2018-12-04 12:00:25 - [TEST_STEP][PASSED] - Statement - counter = counter + 1: null

2018-12-04 12:00:25 - [TEST_STEP][PASSED] - Statement - PreSaveFile = new java.io.File(((pathPrefix + java.lang.Integer.toString(counter)) + .png)): null

2018-12-04 12:00:25 - [TEST_STEP][PASSED] - Statement - counter = counter + 1: null

2018-12-04 12:00:26 - [TEST_STEP][PASSED] - Statement - PreSaveFile = new java.io.File(((pathPrefix + java.lang.Integer.toString(counter)) + .png)): null

2018-12-04 12:00:26 - [TEST_STEP][PASSED] - Statement - counter = counter + 1: null

2018-12-04 12:00:26 - [TEST_STEP][PASSED] - Statement - PreSaveFile = new java.io.File(((pathPrefix + java.lang.Integer.toString(counter)) + .png)): null

2018-12-04 12:00:26 - [TEST_STEP][PASSED] - Statement - counter = counter + 1: null

2018-12-04 12:00:26 - [TEST_STEP][PASSED] - Statement - PreSaveFile = new java.io.File(((pathPrefix + java.lang.Integer.toString(counter)) + .png)): null

2018-12-04 12:00:26 - [TEST_STEP][PASSED] - Statement - counter = counter + 1: null

2018-12-04 12:00:26 - [TEST_STEP][PASSED] - Statement - PreSaveFile = new java.io.File(((pathPrefix + java.lang.Integer.toString(counter)) + .png)): null

2018-12-04 12:00:26 - [TEST_STEP][PASSED] - Statement - counter = counter + 1: null

2018-12-04 12:00:26 - [TEST_STEP][PASSED] - Statement - PreSaveFile = new java.io.File(((pathPrefix + java.lang.Integer.toString(counter)) + .png)): null

2018-12-04 12:00:26 - [TEST_STEP][PASSED] - Statement - counter = counter + 1: null

2018-12-04 12:00:26 - [TEST_STEP][PASSED] - Statement - PreSaveFile = new java.io.File(((pathPrefix + java.lang.Integer.toString(counter)) + .png)): null

2018-12-04 12:00:26 - [TEST_STEP][PASSED] - Statement - counter = counter + 1: null

2018-12-04 12:00:26 - [TEST_STEP][PASSED] - Statement - PreSaveFile = new java.io.File(((pathPrefix + java.lang.Integer.toString(counter)) + .png)): null

2018-12-04 12:00:26 - [TEST_STEP][PASSED] - Statement - counter = counter + 1: null

2018-12-04 12:00:26 - [TEST_STEP][PASSED] - Statement - PreSaveFile = new java.io.File(((pathPrefix + java.lang.Integer.toString(counter)) + .png)): null

2018-12-04 12:00:26 - [TEST_STEP][PASSED] - Statement - counter = counter + 1: null

2018-12-04 12:00:26 - [TEST_STEP][PASSED] - Statement - PreSaveFile = new java.io.File(((pathPrefix + java.lang.Integer.toString(counter)) + .png)): null

2018-12-04 12:00:26 - [TEST_STEP][PASSED] - Statement - counter = counter + 1: null

2018-12-04 12:00:26 - [TEST_STEP][PASSED] - Statement - PreSaveFile = new java.io.File(((pathPrefix + java.lang.Integer.toString(counter)) + .png)): null

2018-12-04 12:00:27 - [TEST_STEP][PASSED] - Statement - counter = counter + 1: null

2018-12-04 12:00:27 - [TEST_STEP][PASSED] - Statement - PreSaveFile = new java.io.File(((pathPrefix + java.lang.Integer.toString(counter)) + .png)): null

2018-12-04 12:00:27 - [TEST_STEP][PASSED] - Statement - counter = counter + 1: null

2018-12-04 12:00:28 - [TEST_STEP][PASSED] - Statement - PreSaveFile = new java.io.File(((pathPrefix + java.lang.Integer.toString(counter)) + .png)): null

2018-12-04 12:00:28 - [TEST_STEP][PASSED] - Statement - counter = counter + 1: null

2018-12-04 12:00:28 - [TEST_STEP][PASSED] - Statement - PreSaveFile = new java.io.File(((pathPrefix + java.lang.Integer.toString(counter)) + .png)): null

2018-12-04 12:00:28 - [TEST_STEP][PASSED] - Statement - counter = counter + 1: null

2018-12-04 12:00:28 - [TEST_STEP][PASSED] - Statement - PreSaveFile = new java.io.File(((pathPrefix + java.lang.Integer.toString(counter)) + .png)): null

2018-12-04 12:00:28 - [TEST_STEP][PASSED] - Statement - counter = counter + 1: null

2018-12-04 12:00:28 - [TEST_STEP][PASSED] - Statement - PreSaveFile = new java.io.File(((pathPrefix + java.lang.Integer.toString(counter)) + .png)): null

2018-12-04 12:00:28 - [TEST_STEP][PASSED] - Statement - counter = counter + 1: null

2018-12-04 12:00:28 - [TEST_STEP][PASSED] - Statement - PreSaveFile = new java.io.File(((pathPrefix + java.lang.Integer.toString(counter)) + .png)): null

2018-12-04 12:00:28 - [TEST_STEP][PASSED] - Statement - counter = counter + 1: null

2018-12-04 12:00:29 - [TEST_STEP][PASSED] - Statement - PreSaveFile = new java.io.File(((pathPrefix + java.lang.Integer.toString(counter)) + .png)): null

2018-12-04 12:00:29 - [TEST_STEP][PASSED] - Statement - counter = counter + 1: null

2018-12-04 12:00:29 - [TEST_STEP][PASSED] - Statement - PreSaveFile = new java.io.File(((pathPrefix + java.lang.Integer.toString(counter)) + .png)): null

2018-12-04 12:00:29 - [TEST_STEP][PASSED] - Statement - counter = counter + 1: null

2018-12-04 12:00:29 - [TEST_STEP][PASSED] - Statement - PreSaveFile = new java.io.File(((pathPrefix + java.lang.Integer.toString(counter)) + .png)): null

2018-12-04 12:00:29 - [TEST_STEP][PASSED] - Statement - counter = counter + 1: null

2018-12-04 12:00:29 - [TEST_STEP][PASSED] - Statement - PreSaveFile = new java.io.File(((pathPrefix + java.lang.Integer.toString(counter)) + .png)): null

2018-12-04 12:00:29 - [TEST_STEP][PASSED] - Statement - counter = counter + 1: null

2018-12-04 12:00:29 - [TEST_STEP][PASSED] - Statement - PreSaveFile = new java.io.File(((pathPrefix + java.lang.Integer.toString(counter)) + .png)): null

2018-12-04 12:00:30 - [TEST_STEP][PASSED] - Statement - counter = counter + 1: null

2018-12-04 12:00:30 - [TEST_STEP][PASSED] - Statement - PreSaveFile = new java.io.File(((pathPrefix + java.lang.Integer.toString(counter)) + .png)): null

2018-12-04 12:00:30 - [TEST_STEP][PASSED] - Statement - counter = counter + 1: null

2018-12-04 12:00:30 - [TEST_STEP][PASSED] - Statement - PreSaveFile = new java.io.File(((pathPrefix + java.lang.Integer.toString(counter)) + .png)): null

2018-12-04 12:00:30 - [TEST_STEP][PASSED] - Statement - counter = counter + 1: null

2018-12-04 12:00:30 - [TEST_STEP][PASSED] - Statement - PreSaveFile = new java.io.File(((pathPrefix + java.lang.Integer.toString(counter)) + .png)): null

2018-12-04 12:00:30 - [TEST_STEP][PASSED] - Statement - counter = counter + 1: null

2018-12-04 12:00:30 - [TEST_STEP][PASSED] - Statement - PreSaveFile = new java.io.File(((pathPrefix + java.lang.Integer.toString(counter)) + .png)): null

2018-12-04 12:00:30 - [TEST_STEP][PASSED] - Statement - counter = counter + 1: null

2018-12-04 12:00:32 - [TEST_STEP][PASSED] - Statement - PreSaveFile = new java.io.File(((pathPrefix + java.lang.Integer.toString(counter)) + .png)): null

2018-12-04 12:00:32 - [TEST_STEP][PASSED] - Statement - counter = counter + 1: null

2018-12-04 12:00:32 - [TEST_STEP][PASSED] - Statement - PreSaveFile = new java.io.File(((pathPrefix + java.lang.Integer.toString(counter)) + .png)): null

2018-12-04 12:00:32 - [TEST_STEP][PASSED] - Statement - counter = counter + 1: null

2018-12-04 12:00:32 - [TEST_STEP][PASSED] - Statement - PreSaveFile = new java.io.File(((pathPrefix + java.lang.Integer.toString(counter)) + .png)): null

2018-12-04 12:00:32 - [TEST_STEP][PASSED] - Statement - counter = counter + 1: null

2018-12-04 12:00:32 - [TEST_STEP][PASSED] - Statement - PreSaveFile = new java.io.File(((pathPrefix + java.lang.Integer.toString(counter)) + .png)): null

2018-12-04 12:00:32 - [TEST_STEP][PASSED] - Statement - counter = counter + 1: null

2018-12-04 12:00:32 - [TEST_STEP][PASSED] - Statement - PreSaveFile = new java.io.File(((pathPrefix + java.lang.Integer.toString(counter)) + .png)): null

2018-12-04 12:00:32 - [TEST_STEP][PASSED] - Statement - counter = counter + 1: null

2018-12-04 12:00:33 - [TEST_STEP][PASSED] - Statement - PreSaveFile = new java.io.File(((pathPrefix + java.lang.Integer.toString(counter)) + .png)): null

2018-12-04 12:00:33 - [TEST_STEP][PASSED] - Statement - counter = counter + 1: null

2018-12-04 12:00:33 - [TEST_STEP][PASSED] - Statement - PreSaveFile = new java.io.File(((pathPrefix + java.lang.Integer.toString(counter)) + .png)): null

2018-12-04 12:00:33 - [TEST_STEP][PASSED] - Statement - counter = counter + 1: null

2018-12-04 12:00:33 - [TEST_STEP][PASSED] - Statement - PreSaveFile = new java.io.File(((pathPrefix + java.lang.Integer.toString(counter)) + .png)): null

2018-12-04 12:00:33 - [TEST_STEP][PASSED] - Statement - counter = counter + 1: null

2018-12-04 12:00:33 - [TEST_STEP][PASSED] - Statement - PreSaveFile = new java.io.File(((pathPrefix + java.lang.Integer.toString(counter)) + .png)): null

2018-12-04 12:00:33 - [TEST_STEP][PASSED] - Statement - counter = counter + 1: null

2018-12-04 12:00:33 - [TEST_STEP][PASSED] - Statement - PreSaveFile = new java.io.File(((pathPrefix + java.lang.Integer.toString(counter)) + .png)): null

2018-12-04 12:00:33 - [TEST_STEP][PASSED] - Statement - counter = counter + 1: null

2018-12-04 12:00:34 - [TEST_STEP][PASSED] - Statement - PreSaveFile = new java.io.File(((pathPrefix + java.lang.Integer.toString(counter)) + .png)): null

2018-12-04 12:00:34 - [TEST_STEP][PASSED] - Statement - counter = counter + 1: null

2018-12-04 12:00:34 - [TEST_STEP][PASSED] - Statement - PreSaveFile = new java.io.File(((pathPrefix + java.lang.Integer.toString(counter)) + .png)): null

2018-12-04 12:00:34 - [TEST_STEP][PASSED] - Statement - counter = counter + 1: null

2018-12-04 12:00:34 - [TEST_STEP][PASSED] - Statement - PreSaveFile = new java.io.File(((pathPrefix + java.lang.Integer.toString(counter)) + .png)): null

2018-12-04 12:00:34 - [TEST_STEP][PASSED] - Statement - counter = counter + 1: null

2018-12-04 12:00:34 - [TEST_STEP][PASSED] - Statement - PreSaveFile = new java.io.File(((pathPrefix + java.lang.Integer.toString(counter)) + .png)): null

2018-12-04 12:00:34 - [TEST_STEP][PASSED] - Statement - counter = counter + 1: null

2018-12-04 12:00:34 - [TEST_STEP][PASSED] - Statement - PreSaveFile = new java.io.File(((pathPrefix + java.lang.Integer.toString(counter)) + .png)): null

2018-12-04 12:00:36 - [TEST_STEP][PASSED] - Statement - counter = counter + 1: null

2018-12-04 12:00:36 - [TEST_STEP][PASSED] - Statement - PreSaveFile = new java.io.File(((pathPrefix + java.lang.Integer.toString(counter)) + .png)): null

2018-12-04 12:00:36 - [TEST_STEP][PASSED] - Statement - counter = counter + 1: null

2018-12-04 12:00:36 - [TEST_STEP][PASSED] - Statement - PreSaveFile = new java.io.File(((pathPrefix + java.lang.Integer.toString(counter)) + .png)): null

2018-12-04 12:00:36 - [TEST_STEP][PASSED] - Statement - counter = counter + 1: null

2018-12-04 12:00:36 - [TEST_STEP][PASSED] - Statement - PreSaveFile = new java.io.File(((pathPrefix + java.lang.Integer.toString(counter)) + .png)): null

2018-12-04 12:00:36 - [TEST_STEP][PASSED] - Statement - counter = counter + 1: null

2018-12-04 12:00:36 - [TEST_STEP][PASSED] - Statement - PreSaveFile = new java.io.File(((pathPrefix + java.lang.Integer.toString(counter)) + .png)): null

2018-12-04 12:00:36 - [TEST_STEP][PASSED] - Statement - counter = counter + 1: null

2018-12-04 12:00:37 - [TEST_STEP][PASSED] - Statement - PreSaveFile = new java.io.File(((pathPrefix + java.lang.Integer.toString(counter)) + .png)): null

2018-12-04 12:00:37 - [TEST_STEP][PASSED] - Statement - counter = counter + 1: null

2018-12-04 12:00:37 - [TEST_STEP][PASSED] - Statement - PreSaveFile = new java.io.File(((pathPrefix + java.lang.Integer.toString(counter)) + .png)): null

2018-12-04 12:00:37 - [TEST_STEP][PASSED] - Statement - counter = counter + 1: null

2018-12-04 12:00:37 - [TEST_STEP][PASSED] - Statement - PreSaveFile = new java.io.File(((pathPrefix + java.lang.Integer.toString(counter)) + .png)): null

2018-12-04 12:00:37 - [TEST_STEP][PASSED] - Statement - counter = counter + 1: null

2018-12-04 12:00:37 - [TEST_STEP][PASSED] - Statement - PreSaveFile = new java.io.File(((pathPrefix + java.lang.Integer.toString(counter)) + .png)): null

2018-12-04 12:00:37 - [TEST_STEP][PASSED] - Statement - counter = counter + 1: null

2018-12-04 12:00:37 - [TEST_STEP][PASSED] - Statement - PreSaveFile = new java.io.File(((pathPrefix + java.lang.Integer.toString(counter)) + .png)): null

2018-12-04 12:00:37 - [TEST_STEP][PASSED] - Statement - counter = counter + 1: null

2018-12-04 12:00:39 - [TEST_STEP][PASSED] - Statement - PreSaveFile = new java.io.File(((pathPrefix + java.lang.Integer.toString(counter)) + .png)): null

2018-12-04 12:00:39 - [TEST_STEP][PASSED] - Statement - counter = counter + 1: null

2018-12-04 12:00:39 - [TEST_STEP][PASSED] - Statement - PreSaveFile = new java.io.File(((pathPrefix + java.lang.Integer.toString(counter)) + .png)): null

2018-12-04 12:00:39 - [TEST_STEP][PASSED] - Statement - counter = counter + 1: null

2018-12-04 12:00:39 - [TEST_STEP][PASSED] - Statement - PreSaveFile = new java.io.File(((pathPrefix + java.lang.Integer.toString(counter)) + .png)): null

2018-12-04 12:00:39 - [TEST_STEP][PASSED] - Statement - counter = counter + 1: null

2018-12-04 12:00:39 - [TEST_STEP][PASSED] - Statement - PreSaveFile = new java.io.File(((pathPrefix + java.lang.Integer.toString(counter)) + .png)): null

2018-12-04 12:00:39 - [TEST_STEP][PASSED] - Statement - counter = counter + 1: null

2018-12-04 12:00:39 - [TEST_STEP][PASSED] - Statement - PreSaveFile = new java.io.File(((pathPrefix + java.lang.Integer.toString(counter)) + .png)): null

2018-12-04 12:00:39 - [TEST_STEP][PASSED] - Statement - counter = counter + 1: null

2018-12-04 12:00:41 - [TEST_STEP][PASSED] - Statement - PreSaveFile = new java.io.File(((pathPrefix + java.lang.Integer.toString(counter)) + .png)): null

2018-12-04 12:00:41 - [TEST_STEP][PASSED] - Statement - counter = counter + 1: null

2018-12-04 12:00:41 - [TEST_STEP][PASSED] - Statement - PreSaveFile = new java.io.File(((pathPrefix + java.lang.Integer.toString(counter)) + .png)): null

2018-12-04 12:00:41 - [TEST_STEP][PASSED] - Statement - counter = counter + 1: null

2018-12-04 12:00:41 - [TEST_STEP][PASSED] - Statement - PreSaveFile = new java.io.File(((pathPrefix + java.lang.Integer.toString(counter)) + .png)): null

2018-12-04 12:00:41 - [TEST_STEP][PASSED] - Statement - counter = counter + 1: null

2018-12-04 12:00:41 - [TEST_STEP][PASSED] - Statement - PreSaveFile = new java.io.File(((pathPrefix + java.lang.Integer.toString(counter)) + .png)): null

2018-12-04 12:00:41 - [TEST_STEP][PASSED] - Statement - counter = counter + 1: null

2018-12-04 12:00:41 - [TEST_STEP][PASSED] - Statement - PreSaveFile = new java.io.File(((pathPrefix + java.lang.Integer.toString(counter)) + .png)): null

2018-12-04 12:00:41 - [TEST_STEP][PASSED] - Statement - counter = counter + 1: null

2018-12-04 12:00:42 - [TEST_STEP][PASSED] - Statement - PreSaveFile = new java.io.File(((pathPrefix + java.lang.Integer.toString(counter)) + .png)): null

2018-12-04 12:00:42 - [TEST_STEP][PASSED] - Statement - counter = counter + 1: null

2018-12-04 12:00:42 - [TEST_STEP][PASSED] - Statement - PreSaveFile = new java.io.File(((pathPrefix + java.lang.Integer.toString(counter)) + .png)): null

2018-12-04 12:00:42 - [TEST_STEP][PASSED] - Statement - counter = counter + 1: null

2018-12-04 12:00:42 - [TEST_STEP][PASSED] - Statement - PreSaveFile = new java.io.File(((pathPrefix + java.lang.Integer.toString(counter)) + .png)): null

2018-12-04 12:00:42 - [TEST_STEP][PASSED] - Statement - counter = counter + 1: null

2018-12-04 12:00:42 - [TEST_STEP][PASSED] - Statement - PreSaveFile = new java.io.File(((pathPrefix + java.lang.Integer.toString(counter)) + .png)): null

2018-12-04 12:00:42 - [TEST_STEP][PASSED] - Statement - counter = counter + 1: null

2018-12-04 12:00:42 - [TEST_STEP][PASSED] - Statement - PreSaveFile = new java.io.File(((pathPrefix + java.lang.Integer.toString(counter)) + .png)): null

2018-12-04 12:00:43 - [TEST_STEP][PASSED] - Statement - counter = counter + 1: null

2018-12-04 12:00:43 - [TEST_STEP][PASSED] - Statement - PreSaveFile = new java.io.File(((pathPrefix + java.lang.Integer.toString(counter)) + .png)): null

2018-12-04 12:00:43 - [TEST_STEP][PASSED] - Statement - counter = counter + 1: null

2018-12-04 12:00:43 - [TEST_STEP][PASSED] - Statement - PreSaveFile = new java.io.File(((pathPrefix + java.lang.Integer.toString(counter)) + .png)): null

2018-12-04 12:00:43 - [TEST_STEP][PASSED] - Statement - counter = counter + 1: null

2018-12-04 12:00:43 - [TEST_STEP][PASSED] - Statement - PreSaveFile = new java.io.File(((pathPrefix + java.lang.Integer.toString(counter)) + .png)): null

2018-12-04 12:00:43 - [TEST_STEP][PASSED] - Statement - counter = counter + 1: null

2018-12-04 12:00:43 - [TEST_STEP][PASSED] - Statement - PreSaveFile = new java.io.File(((pathPrefix + java.lang.Integer.toString(counter)) + .png)): null

2018-12-04 12:00:43 - [TEST_STEP][PASSED] - Statement - counter = counter + 1: null

2018-12-04 12:00:44 - [TEST_STEP][PASSED] - Statement - PreSaveFile = new java.io.File(((pathPrefix + java.lang.Integer.toString(counter)) + .png)): null

2018-12-04 12:00:44 - [TEST_STEP][PASSED] - Statement - counter = counter + 1: null

2018-12-04 12:00:44 - [TEST_STEP][PASSED] - Statement - PreSaveFile = new java.io.File(((pathPrefix + java.lang.Integer.toString(counter)) + .png)): null

2018-12-04 12:00:44 - [TEST_STEP][PASSED] - Statement - counter = counter + 1: null

2018-12-04 12:00:44 - [TEST_STEP][PASSED] - Statement - PreSaveFile = new java.io.File(((pathPrefix + java.lang.Integer.toString(counter)) + .png)): null

2018-12-04 12:00:44 - [TEST_STEP][PASSED] - Statement - counter = counter + 1: null

2018-12-04 12:00:44 - [TEST_STEP][PASSED] - Statement - PreSaveFile = new java.io.File(((pathPrefix + java.lang.Integer.toString(counter)) + .png)): null

2018-12-04 12:00:44 - [TEST_STEP][PASSED] - Statement - counter = counter + 1: null

2018-12-04 12:00:44 - [TEST_STEP][PASSED] - Statement - PreSaveFile = new java.io.File(((pathPrefix + java.lang.Integer.toString(counter)) + .png)): null

2018-12-04 12:00:44 - [TEST_STEP][PASSED] - Statement - counter = counter + 1: null

2018-12-04 12:00:46 - [TEST_STEP][PASSED] - Statement - PreSaveFile = new java.io.File(((pathPrefix + java.lang.Integer.toString(counter)) + .png)): null

2018-12-04 12:00:46 - [TEST_STEP][PASSED] - Statement - counter = counter + 1: null

2018-12-04 12:00:46 - [TEST_STEP][PASSED] - Statement - PreSaveFile = new java.io.File(((pathPrefix + java.lang.Integer.toString(counter)) + .png)): null

2018-12-04 12:00:46 - [TEST_STEP][PASSED] - Statement - counter = counter + 1: null

2018-12-04 12:00:46 - [TEST_STEP][PASSED] - Statement - PreSaveFile = new java.io.File(((pathPrefix + java.lang.Integer.toString(counter)) + .png)): null

2018-12-04 12:00:46 - [TEST_STEP][PASSED] - Statement - counter = counter + 1: null

2018-12-04 12:00:46 - [TEST_STEP][PASSED] - Statement - PreSaveFile = new java.io.File(((pathPrefix + java.lang.Integer.toString(counter)) + .png)): null

2018-12-04 12:00:46 - [TEST_STEP][PASSED] - Statement - counter = counter + 1: null

2018-12-04 12:00:46 - [TEST_STEP][PASSED] - Statement - PreSaveFile = new java.io.File(((pathPrefix + java.lang.Integer.toString(counter)) + .png)): null

2018-12-04 12:00:46 - [TEST_STEP][PASSED] - Statement - counter = counter + 1: null

2018-12-04 12:00:47 - [TEST_STEP][PASSED] - Statement - PreSaveFile = new java.io.File(((pathPrefix + java.lang.Integer.toString(counter)) + .png)): null

2018-12-04 12:00:47 - [TEST_STEP][PASSED] - Statement - counter = counter + 1: null

2018-12-04 12:00:47 - [TEST_STEP][PASSED] - Statement - PreSaveFile = new java.io.File(((pathPrefix + java.lang.Integer.toString(counter)) + .png)): null

2018-12-04 12:00:47 - [TEST_STEP][PASSED] - Statement - counter = counter + 1: null

2018-12-04 12:00:47 - [TEST_STEP][PASSED] - Statement - PreSaveFile = new java.io.File(((pathPrefix + java.lang.Integer.toString(counter)) + .png)): null

2018-12-04 12:00:47 - [TEST_STEP][PASSED] - Statement - counter = counter + 1: null

2018-12-04 12:00:47 - [TEST_STEP][PASSED] - Statement - PreSaveFile = new java.io.File(((pathPrefix + java.lang.Integer.toString(counter)) + .png)): null

2018-12-04 12:00:47 - [TEST_STEP][PASSED] - Statement - counter = counter + 1: null

2018-12-04 12:00:47 - [TEST_STEP][PASSED] - Statement - PreSaveFile = new java.io.File(((pathPrefix + java.lang.Integer.toString(counter)) + .png)): null

2018-12-04 12:00:49 - [TEST_STEP][PASSED] - Statement - counter = counter + 1: null

2018-12-04 12:00:49 - [TEST_STEP][PASSED] - Statement - PreSaveFile = new java.io.File(((pathPrefix + java.lang.Integer.toString(counter)) + .png)): null

2018-12-04 12:00:49 - [TEST_STEP][PASSED] - Statement - counter = counter + 1: null

2018-12-04 12:00:49 - [TEST_STEP][PASSED] - Statement - PreSaveFile = new java.io.File(((pathPrefix + java.lang.Integer.toString(counter)) + .png)): null

2018-12-04 12:00:49 - [TEST_STEP][PASSED] - Statement - counter = counter + 1: null

2018-12-04 12:00:49 - [TEST_STEP][PASSED] - Statement - PreSaveFile = new java.io.File(((pathPrefix + java.lang.Integer.toString(counter)) + .png)): null

2018-12-04 12:00:49 - [TEST_STEP][PASSED] - Statement - counter = counter + 1: null

2018-12-04 12:00:49 - [TEST_STEP][PASSED] - Statement - PreSaveFile = new java.io.File(((pathPrefix + java.lang.Integer.toString(counter)) + .png)): null

2018-12-04 12:00:49 - [TEST_STEP][PASSED] - Statement - counter = counter + 1: null

2018-12-04 12:00:49 - [TEST_STEP][PASSED] - Statement - PreSaveFile = new java.io.File(((pathPrefix + java.lang.Integer.toString(counter)) + .png)): null

2018-12-04 12:00:50 - [TEST_STEP][PASSED] - Statement - counter = counter + 1: null

2018-12-04 12:00:50 - [TEST_STEP][PASSED] - Statement - PreSaveFile = new java.io.File(((pathPrefix + java.lang.Integer.toString(counter)) + .png)): null

2018-12-04 12:00:50 - [TEST_STEP][PASSED] - Statement - counter = counter + 1: null

2018-12-04 12:00:50 - [TEST_STEP][PASSED] - Statement - PreSaveFile = new java.io.File(((pathPrefix + java.lang.Integer.toString(counter)) + .png)): null

2018-12-04 12:00:50 - [TEST_STEP][PASSED] - Statement - counter = counter + 1: null

2018-12-04 12:00:50 - [TEST_STEP][PASSED] - Statement - PreSaveFile = new java.io.File(((pathPrefix + java.lang.Integer.toString(counter)) + .png)): null

2018-12-04 12:00:50 - [TEST_STEP][PASSED] - Statement - counter = counter + 1: null

2018-12-04 12:00:50 - [TEST_STEP][PASSED] - Statement - PreSaveFile = new java.io.File(((pathPrefix + java.lang.Integer.toString(counter)) + .png)): null

2018-12-04 12:00:50 - [TEST_STEP][PASSED] - Statement - counter = counter + 1: null

2018-12-04 12:00:52 - [TEST_STEP][PASSED] - Statement - PreSaveFile = new java.io.File(((pathPrefix + java.lang.Integer.toString(counter)) + .png)): null

2018-12-04 12:00:52 - [TEST_STEP][PASSED] - Statement - counter = counter + 1: null

2018-12-04 12:00:52 - [TEST_STEP][PASSED] - Statement - PreSaveFile = new java.io.File(((pathPrefix + java.lang.Integer.toString(counter)) + .png)): null

2018-12-04 12:00:52 - [TEST_STEP][PASSED] - Statement - counter = counter + 1: null

2018-12-04 12:00:52 - [TEST_STEP][PASSED] - Statement - PreSaveFile = new java.io.File(((pathPrefix + java.lang.Integer.toString(counter)) + .png)): null

2018-12-04 12:00:52 - [TEST_STEP][PASSED] - Statement - counter = counter + 1: null

2018-12-04 12:00:52 - [TEST_STEP][PASSED] - Statement - PreSaveFile = new java.io.File(((pathPrefix + java.lang.Integer.toString(counter)) + .png)): null

2018-12-04 12:00:52 - [TEST_STEP][PASSED] - Statement - counter = counter + 1: null

2018-12-04 12:00:52 - [TEST_STEP][PASSED] - Statement - PreSaveFile = new java.io.File(((pathPrefix + java.lang.Integer.toString(counter)) + .png)): null

2018-12-04 12:00:52 - [TEST_STEP][PASSED] - Statement - counter = counter + 1: null

2018-12-04 12:00:54 - [TEST_STEP][PASSED] - Statement - PreSaveFile = new java.io.File(((pathPrefix + java.lang.Integer.toString(counter)) + .png)): null

2018-12-04 12:00:54 - [TEST_STEP][PASSED] - Statement - counter = counter + 1: null

2018-12-04 12:00:54 - [TEST_STEP][PASSED] - Statement - PreSaveFile = new java.io.File(((pathPrefix + java.lang.Integer.toString(counter)) + .png)): null

2018-12-04 12:00:54 - [TEST_STEP][PASSED] - Statement - counter = counter + 1: null

2018-12-04 12:00:54 - [TEST_STEP][PASSED] - Statement - PreSaveFile = new java.io.File(((pathPrefix + java.lang.Integer.toString(counter)) + .png)): null

2018-12-04 12:00:54 - [TEST_STEP][PASSED] - Statement - counter = counter + 1: null

2018-12-04 12:00:54 - [TEST_STEP][PASSED] - Statement - PreSaveFile = new java.io.File(((pathPrefix + java.lang.Integer.toString(counter)) + .png)): null

2018-12-04 12:00:54 - [TEST_STEP][PASSED] - Statement - counter = counter + 1: null

2018-12-04 12:00:54 - [TEST_STEP][PASSED] - Statement - PreSaveFile = new java.io.File(((pathPrefix + java.lang.Integer.toString(counter)) + .png)): null

2018-12-04 12:00:54 - [TEST_STEP][PASSED] - Statement - counter = counter + 1: null

2018-12-04 12:00:55 - [TEST_STEP][PASSED] - Statement - PreSaveFile = new java.io.File(((pathPrefix + java.lang.Integer.toString(counter)) + .png)): null

2018-12-04 12:00:55 - [TEST_STEP][PASSED] - Statement - counter = counter + 1: null

2018-12-04 12:00:55 - [TEST_STEP][PASSED] - Statement - PreSaveFile = new java.io.File(((pathPrefix + java.lang.Integer.toString(counter)) + .png)): null

2018-12-04 12:00:55 - [TEST_STEP][PASSED] - Statement - counter = counter + 1: null

2018-12-04 12:00:55 - [TEST_STEP][PASSED] - Statement - PreSaveFile = new java.io.File(((pathPrefix + java.lang.Integer.toString(counter)) + .png)): null

2018-12-04 12:00:55 - [TEST_STEP][PASSED] - Statement - counter = counter + 1: null

2018-12-04 12:00:55 - [TEST_STEP][PASSED] - Statement - PreSaveFile = new java.io.File(((pathPrefix + java.lang.Integer.toString(counter)) + .png)): null

2018-12-04 12:00:55 - [TEST_STEP][PASSED] - Statement - counter = counter + 1: null

2018-12-04 12:00:55 - [TEST_STEP][PASSED] - Statement - PreSaveFile = new java.io.File(((pathPrefix + java.lang.Integer.toString(counter)) + .png)): null

2018-12-04 12:00:56 - [TEST_STEP][PASSED] - Statement - counter = counter + 1: null

2018-12-04 12:00:56 - [TEST_STEP][PASSED] - Statement - PreSaveFile = new java.io.File(((pathPrefix + java.lang.Integer.toString(counter)) + .png)): null

2018-12-04 12:00:56 - [TEST_STEP][PASSED] - Statement - counter = counter + 1: null

2018-12-04 12:00:56 - [TEST_STEP][PASSED] - Statement - PreSaveFile = new java.io.File(((pathPrefix + java.lang.Integer.toString(counter)) + .png)): null

2018-12-04 12:00:56 - [TEST_STEP][PASSED] - Statement - counter = counter + 1: null

2018-12-04 12:00:56 - [TEST_STEP][PASSED] - Statement - PreSaveFile = new java.io.File(((pathPrefix + java.lang.Integer.toString(counter)) + .png)): null

2018-12-04 12:00:56 - [TEST_STEP][PASSED] - Statement - counter = counter + 1: null

2018-12-04 12:00:56 - [TEST_STEP][PASSED] - Statement - PreSaveFile = new java.io.File(((pathPrefix + java.lang.Integer.toString(counter)) + .png)): null

2018-12-04 12:00:56 - [TEST_STEP][PASSED] - Statement - counter = counter + 1: null

2018-12-04 12:00:58 - [TEST_STEP][PASSED] - Statement - PreSaveFile = new java.io.File(((pathPrefix + java.lang.Integer.toString(counter)) + .png)): null

2018-12-04 12:00:58 - [TEST_STEP][PASSED] - Statement - counter = counter + 1: null

2018-12-04 12:00:58 - [TEST_STEP][PASSED] - Statement - PreSaveFile = new java.io.File(((pathPrefix + java.lang.Integer.toString(counter)) + .png)): null

2018-12-04 12:00:58 - [TEST_STEP][PASSED] - Statement - counter = counter + 1: null

2018-12-04 12:00:58 - [TEST_STEP][PASSED] - Statement - PreSaveFile = new java.io.File(((pathPrefix + java.lang.Integer.toString(counter)) + .png)): null

2018-12-04 12:00:58 - [TEST_STEP][PASSED] - Statement - counter = counter + 1: null

2018-12-04 12:00:58 - [TEST_STEP][PASSED] - Statement - PreSaveFile = new java.io.File(((pathPrefix + java.lang.Integer.toString(counter)) + .png)): null

2018-12-04 12:00:58 - [TEST_STEP][PASSED] - Statement - counter = counter + 1: null

2018-12-04 12:00:58 - [TEST_STEP][PASSED] - Statement - PreSaveFile = new java.io.File(((pathPrefix + java.lang.Integer.toString(counter)) + .png)): null

2018-12-04 12:00:58 - [TEST_STEP][PASSED] - Statement - counter = counter + 1: null

2018-12-04 12:00:59 - [TEST_STEP][PASSED] - Statement - PreSaveFile = new java.io.File(((pathPrefix + java.lang.Integer.toString(counter)) + .png)): null

2018-12-04 12:00:59 - [TEST_STEP][PASSED] - Statement - counter = counter + 1: null

2018-12-04 12:00:59 - [TEST_STEP][PASSED] - Statement - PreSaveFile = new java.io.File(((pathPrefix + java.lang.Integer.toString(counter)) + .png)): null

2018-12-04 12:00:59 - [TEST_STEP][PASSED] - Statement - counter = counter + 1: null

2018-12-04 12:00:59 - [TEST_STEP][PASSED] - Statement - PreSaveFile = new java.io.File(((pathPrefix + java.lang.Integer.toString(counter)) + .png)): null

2018-12-04 12:00:59 - [TEST_STEP][PASSED] - Statement - counter = counter + 1: null

2018-12-04 12:00:59 - [TEST_STEP][PASSED] - Statement - PreSaveFile = new java.io.File(((pathPrefix + java.lang.Integer.toString(counter)) + .png)): null

2018-12-04 12:00:59 - [TEST_STEP][PASSED] - Statement - counter = counter + 1: null

2018-12-04 12:00:59 - [TEST_STEP][PASSED] - Statement - PreSaveFile = new java.io.File(((pathPrefix + java.lang.Integer.toString(counter)) + .png)): null

2018-12-04 12:00:59 - [TEST_STEP][PASSED] - Statement - counter = counter + 1: null

2018-12-04 12:01:01 - [TEST_STEP][PASSED] - Statement - PreSaveFile = new java.io.File(((pathPrefix + java.lang.Integer.toString(counter)) + .png)): null

2018-12-04 12:01:01 - [TEST_STEP][PASSED] - Statement - counter = counter + 1: null

2018-12-04 12:01:01 - [TEST_STEP][PASSED] - Statement - PreSaveFile = new java.io.File(((pathPrefix + java.lang.Integer.toString(counter)) + .png)): null

2018-12-04 12:01:01 - [TEST_STEP][PASSED] - Statement - counter = counter + 1: null

2018-12-04 12:01:01 - [TEST_STEP][PASSED] - Statement - PreSaveFile = new java.io.File(((pathPrefix + java.lang.Integer.toString(counter)) + .png)): null

2018-12-04 12:01:01 - [TEST_STEP][PASSED] - Statement - counter = counter + 1: null

2018-12-04 12:01:01 - [TEST_STEP][PASSED] - Statement - PreSaveFile = new java.io.File(((pathPrefix + java.lang.Integer.toString(counter)) + .png)): null

2018-12-04 12:01:01 - [TEST_STEP][PASSED] - Statement - counter = counter + 1: null

2018-12-04 12:01:01 - [TEST_STEP][PASSED] - Statement - PreSaveFile = new java.io.File(((pathPrefix + java.lang.Integer.toString(counter)) + .png)): null

2018-12-04 12:01:01 - [TEST_STEP][PASSED] - Statement - counter = counter + 1: null

2018-12-04 12:01:03 - [TEST_STEP][PASSED] - Statement - PreSaveFile = new java.io.File(((pathPrefix + java.lang.Integer.toString(counter)) + .png)): null

2018-12-04 12:01:03 - [TEST_STEP][PASSED] - Statement - counter = counter + 1: null

2018-12-04 12:01:03 - [TEST_STEP][PASSED] - Statement - PreSaveFile = new java.io.File(((pathPrefix + java.lang.Integer.toString(counter)) + .png)): null

2018-12-04 12:01:03 - [TEST_STEP][PASSED] - Statement - counter = counter + 1: null

2018-12-04 12:01:03 - [TEST_STEP][PASSED] - Statement - PreSaveFile = new java.io.File(((pathPrefix + java.lang.Integer.toString(counter)) + .png)): null

2018-12-04 12:01:03 - [TEST_STEP][PASSED] - Statement - counter = counter + 1: null

2018-12-04 12:01:03 - [TEST_STEP][PASSED] - Statement - PreSaveFile = new java.io.File(((pathPrefix + java.lang.Integer.toString(counter)) + .png)): null

2018-12-04 12:01:03 - [TEST_STEP][PASSED] - Statement - counter = counter + 1: null

2018-12-04 12:01:03 - [TEST_STEP][PASSED] - Statement - PreSaveFile = new java.io.File(((pathPrefix + java.lang.Integer.toString(counter)) + .png)): null

2018-12-04 12:01:04 - [TEST_STEP][PASSED] - Statement - counter = counter + 1: null

2018-12-04 12:01:04 - [TEST_STEP][PASSED] - Statement - PreSaveFile = new java.io.File(((pathPrefix + java.lang.Integer.toString(counter)) + .png)): null

2018-12-04 12:01:04 - [TEST_STEP][PASSED] - Statement - counter = counter + 1: null

2018-12-04 12:01:04 - [TEST_STEP][PASSED] - Statement - PreSaveFile = new java.io.File(((pathPrefix + java.lang.Integer.toString(counter)) + .png)): null

2018-12-04 12:01:04 - [TEST_STEP][PASSED] - Statement - counter = counter + 1: null

2018-12-04 12:01:04 - [TEST_STEP][PASSED] - Statement - PreSaveFile = new java.io.File(((pathPrefix + java.lang.Integer.toString(counter)) + .png)): null

2018-12-04 12:01:04 - [TEST_STEP][PASSED] - Statement - counter = counter + 1: null

2018-12-04 12:01:04 - [TEST_STEP][PASSED] - Statement - PreSaveFile = new java.io.File(((pathPrefix + java.lang.Integer.toString(counter)) + .png)): null

2018-12-04 12:01:04 - [TEST_STEP][PASSED] - Statement - counter = counter + 1: null

2018-12-04 12:01:06 - [TEST_STEP][PASSED] - Statement - PreSaveFile = new java.io.File(((pathPrefix + java.lang.Integer.toString(counter)) + .png)): null

2018-12-04 12:01:06 - [TEST_STEP][PASSED] - Statement - counter = counter + 1: null

2018-12-04 12:01:06 - [TEST_STEP][PASSED] - Statement - PreSaveFile = new java.io.File(((pathPrefix + java.lang.Integer.toString(counter)) + .png)): null

2018-12-04 12:01:06 - [TEST_STEP][PASSED] - Statement - counter = counter + 1: null

2018-12-04 12:01:06 - [TEST_STEP][PASSED] - Statement - PreSaveFile = new java.io.File(((pathPrefix + java.lang.Integer.toString(counter)) + .png)): null

2018-12-04 12:01:06 - [TEST_STEP][PASSED] - Statement - counter = counter + 1: null

2018-12-04 12:01:06 - [TEST_STEP][PASSED] - Statement - PreSaveFile = new java.io.File(((pathPrefix + java.lang.Integer.toString(counter)) + .png)): null

2018-12-04 12:01:06 - [TEST_STEP][PASSED] - Statement - counter = counter + 1: null

2018-12-04 12:01:06 - [TEST_STEP][PASSED] - Statement - PreSaveFile = new java.io.File(((pathPrefix + java.lang.Integer.toString(counter)) + .png)): null

2018-12-04 12:01:06 - [TEST_STEP][PASSED] - Statement - counter = counter + 1: null

2018-12-04 12:01:08 - [TEST_STEP][PASSED] - Statement - PreSaveFile = new java.io.File(((pathPrefix + java.lang.Integer.toString(counter)) + .png)): null

2018-12-04 12:01:08 - [TEST_STEP][PASSED] - Statement - counter = counter + 1: null

2018-12-04 12:01:08 - [TEST_STEP][PASSED] - Statement - PreSaveFile = new java.io.File(((pathPrefix + java.lang.Integer.toString(counter)) + .png)): null

2018-12-04 12:01:08 - [TEST_STEP][PASSED] - Statement - counter = counter + 1: null

2018-12-04 12:01:08 - [TEST_STEP][PASSED] - Statement - PreSaveFile = new java.io.File(((pathPrefix + java.lang.Integer.toString(counter)) + .png)): null

2018-12-04 12:01:08 - [TEST_STEP][PASSED] - Statement - counter = counter + 1: null

2018-12-04 12:01:08 - [TEST_STEP][PASSED] - Statement - PreSaveFile = new java.io.File(((pathPrefix + java.lang.Integer.toString(counter)) + .png)): null

2018-12-04 12:01:08 - [TEST_STEP][PASSED] - Statement - counter = counter + 1: null

2018-12-04 12:01:08 - [TEST_STEP][PASSED] - Statement - PreSaveFile = new java.io.File(((pathPrefix + java.lang.Integer.toString(counter)) + .png)): null

2018-12-04 12:01:08 - [TEST_STEP][PASSED] - Statement - counter = counter + 1: null

2018-12-04 12:01:10 - [TEST_STEP][PASSED] - Statement - PreSaveFile = new java.io.File(((pathPrefix + java.lang.Integer.toString(counter)) + .png)): null

2018-12-04 12:01:10 - [TEST_STEP][PASSED] - Statement - counter = counter + 1: null

2018-12-04 12:01:10 - [TEST_STEP][PASSED] - Statement - PreSaveFile = new java.io.File(((pathPrefix + java.lang.Integer.toString(counter)) + .png)): null

2018-12-04 12:01:10 - [TEST_STEP][PASSED] - Statement - counter = counter + 1: null

2018-12-04 12:01:10 - [TEST_STEP][PASSED] - Statement - PreSaveFile = new java.io.File(((pathPrefix + java.lang.Integer.toString(counter)) + .png)): null

2018-12-04 12:01:10 - [TEST_STEP][PASSED] - Statement - counter = counter + 1: null

2018-12-04 12:01:10 - [TEST_STEP][PASSED] - Statement - PreSaveFile = new java.io.File(((pathPrefix + java.lang.Integer.toString(counter)) + .png)): null

2018-12-04 12:01:10 - [TEST_STEP][PASSED] - Statement - counter = counter + 1: null

2018-12-04 12:01:10 - [TEST_STEP][PASSED] - Statement - PreSaveFile = new java.io.File(((pathPrefix + java.lang.Integer.toString(counter)) + .png)): null

2018-12-04 12:01:11 - [TEST_STEP][PASSED] - Statement - counter = counter + 1: null

2018-12-04 12:01:11 - [TEST_STEP][PASSED] - Statement - PreSaveFile = new java.io.File(((pathPrefix + java.lang.Integer.toString(counter)) + .png)): null

2018-12-04 12:01:11 - [TEST_STEP][PASSED] - Statement - counter = counter + 1: null

2018-12-04 12:01:11 - [TEST_STEP][PASSED] - Statement - PreSaveFile = new java.io.File(((pathPrefix + java.lang.Integer.toString(counter)) + .png)): null

2018-12-04 12:01:11 - [TEST_STEP][PASSED] - Statement - counter = counter + 1: null

2018-12-04 12:01:11 - [TEST_STEP][PASSED] - Statement - PreSaveFile = new java.io.File(((pathPrefix + java.lang.Integer.toString(counter)) + .png)): null

2018-12-04 12:01:11 - [TEST_STEP][PASSED] - Statement - counter = counter + 1: null

2018-12-04 12:01:11 - [TEST_STEP][PASSED] - Statement - PreSaveFile = new java.io.File(((pathPrefix + java.lang.Integer.toString(counter)) + .png)): null

2018-12-04 12:01:11 - [TEST_STEP][PASSED] - Statement - counter = counter + 1: null

2018-12-04 12:01:11 - [TEST_STEP][PASSED] - Statement - PreSaveFile = new java.io.File(((pathPrefix + java.lang.Integer.toString(counter)) + .png)): null

2018-12-04 12:01:13 - [TEST_STEP][PASSED] - Statement - counter = counter + 1: null

2018-12-04 12:01:13 - [TEST_STEP][PASSED] - Statement - PreSaveFile = new java.io.File(((pathPrefix + java.lang.Integer.toString(counter)) + .png)): null

2018-12-04 12:01:13 - [TEST_STEP][PASSED] - Statement - counter = counter + 1: null

2018-12-04 12:01:13 - [TEST_STEP][PASSED] - Statement - PreSaveFile = new java.io.File(((pathPrefix + java.lang.Integer.toString(counter)) + .png)): null

2018-12-04 12:01:13 - [TEST_STEP][PASSED] - Statement - counter = counter + 1: null

2018-12-04 12:01:13 - [TEST_STEP][PASSED] - Statement - PreSaveFile = new java.io.File(((pathPrefix + java.lang.Integer.toString(counter)) + .png)): null

2018-12-04 12:01:13 - [TEST_STEP][PASSED] - Statement - counter = counter + 1: null

2018-12-04 12:01:13 - [TEST_STEP][PASSED] - Statement - PreSaveFile = new java.io.File(((pathPrefix + java.lang.Integer.toString(counter)) + .png)): null

2018-12-04 12:01:13 - [TEST_STEP][PASSED] - Statement - counter = counter + 1: null

2018-12-04 12:01:14 - [TEST_STEP][PASSED] - Statement - PreSaveFile = new java.io.File(((pathPrefix + java.lang.Integer.toString(counter)) + .png)): null

2018-12-04 12:01:14 - [TEST_STEP][PASSED] - Statement - counter = counter + 1: null

2018-12-04 12:01:14 - [TEST_STEP][PASSED] - Statement - PreSaveFile = new java.io.File(((pathPrefix + java.lang.Integer.toString(counter)) + .png)): null

2018-12-04 12:01:14 - [TEST_STEP][PASSED] - Statement - counter = counter + 1: null

2018-12-04 12:01:14 - [TEST_STEP][PASSED] - Statement - PreSaveFile = new java.io.File(((pathPrefix + java.lang.Integer.toString(counter)) + .png)): null

2018-12-04 12:01:14 - [TEST_STEP][PASSED] - Statement - counter = counter + 1: null

2018-12-04 12:01:14 - [TEST_STEP][PASSED] - Statement - PreSaveFile = new java.io.File(((pathPrefix + java.lang.Integer.toString(counter)) + .png)): null

2018-12-04 12:01:14 - [TEST_STEP][PASSED] - Statement - counter = counter + 1: null

2018-12-04 12:01:14 - [TEST_STEP][PASSED] - Statement - PreSaveFile = new java.io.File(((pathPrefix + java.lang.Integer.toString(counter)) + .png)): null

2018-12-04 12:01:14 - [TEST_STEP][PASSED] - Statement - counter = counter + 1: null

2018-12-04 12:01:16 - [TEST_STEP][PASSED] - Statement - PreSaveFile = new java.io.File(((pathPrefix + java.lang.Integer.toString(counter)) + .png)): null

2018-12-04 12:01:16 - [TEST_STEP][PASSED] - Statement - counter = counter + 1: null

2018-12-04 12:01:16 - [TEST_STEP][PASSED] - Statement - PreSaveFile = new java.io.File(((pathPrefix + java.lang.Integer.toString(counter)) + .png)): null

2018-12-04 12:01:16 - [TEST_STEP][PASSED] - Statement - counter = counter + 1: null

2018-12-04 12:01:16 - [TEST_STEP][PASSED] - Statement - PreSaveFile = new java.io.File(((pathPrefix + java.lang.Integer.toString(counter)) + .png)): null

2018-12-04 12:01:16 - [TEST_STEP][PASSED] - Statement - counter = counter + 1: null

2018-12-04 12:01:16 - [TEST_STEP][PASSED] - Statement - PreSaveFile = new java.io.File(((pathPrefix + java.lang.Integer.toString(counter)) + .png)): null

2018-12-04 12:01:16 - [TEST_STEP][PASSED] - Statement - counter = counter + 1: null

2018-12-04 12:01:16 - [TEST_STEP][PASSED] - Statement - PreSaveFile = new java.io.File(((pathPrefix + java.lang.Integer.toString(counter)) + .png)): null

2018-12-04 12:01:16 - [TEST_STEP][PASSED] - Statement - counter = counter + 1: null

2018-12-04 12:01:17 - [TEST_STEP][PASSED] - Statement - PreSaveFile = new java.io.File(((pathPrefix + java.lang.Integer.toString(counter)) + .png)): null

2018-12-04 12:01:17 - [TEST_STEP][PASSED] - Statement - counter = counter + 1: null

2018-12-04 12:01:17 - [TEST_STEP][PASSED] - Statement - PreSaveFile = new java.io.File(((pathPrefix + java.lang.Integer.toString(counter)) + .png)): null

2018-12-04 12:01:17 - [TEST_STEP][PASSED] - Statement - counter = counter + 1: null

2018-12-04 12:01:17 - [TEST_STEP][PASSED] - Statement - PreSaveFile = new java.io.File(((pathPrefix + java.lang.Integer.toString(counter)) + .png)): null

2018-12-04 12:01:17 - [TEST_STEP][PASSED] - Statement - counter = counter + 1: null

2018-12-04 12:01:17 - [TEST_STEP][PASSED] - Statement - PreSaveFile = new java.io.File(((pathPrefix + java.lang.Integer.toString(counter)) + .png)): null

2018-12-04 12:01:17 - [TEST_STEP][PASSED] - Statement - counter = counter + 1: null

2018-12-04 12:01:17 - [TEST_STEP][PASSED] - Statement - PreSaveFile = new java.io.File(((pathPrefix + java.lang.Integer.toString(counter)) + .png)): null

2018-12-04 12:01:19 - [TEST_STEP][PASSED] - Statement - counter = counter + 1: null

2018-12-04 12:01:19 - [TEST_STEP][PASSED] - Statement - PreSaveFile = new java.io.File(((pathPrefix + java.lang.Integer.toString(counter)) + .png)): null

2018-12-04 12:01:19 - [TEST_STEP][PASSED] - Statement - counter = counter + 1: null

2018-12-04 12:01:19 - [TEST_STEP][PASSED] - Statement - PreSaveFile = new java.io.File(((pathPrefix + java.lang.Integer.toString(counter)) + .png)): null

2018-12-04 12:01:19 - [TEST_STEP][PASSED] - Statement - counter = counter + 1: null

2018-12-04 12:01:19 - [TEST_STEP][PASSED] - Statement - PreSaveFile = new java.io.File(((pathPrefix + java.lang.Integer.toString(counter)) + .png)): null

2018-12-04 12:01:19 - [TEST_STEP][PASSED] - Statement - counter = counter + 1: null

2018-12-04 12:01:19 - [TEST_STEP][PASSED] - Statement - PreSaveFile = new java.io.File(((pathPrefix + java.lang.Integer.toString(counter)) + .png)): null

2018-12-04 12:01:19 - [TEST_STEP][PASSED] - Statement - counter = counter + 1: null

2018-12-04 12:01:21 - [TEST_STEP][PASSED] - Statement - PreSaveFile = new java.io.File(((pathPrefix + java.lang.Integer.toString(counter)) + .png)): null

2018-12-04 12:01:21 - [TEST_STEP][PASSED] - Statement - counter = counter + 1: null

2018-12-04 12:01:21 - [TEST_STEP][PASSED] - Statement - PreSaveFile = new java.io.File(((pathPrefix + java.lang.Integer.toString(counter)) + .png)): null

2018-12-04 12:01:21 - [TEST_STEP][PASSED] - Statement - counter = counter + 1: null

2018-12-04 12:01:21 - [TEST_STEP][PASSED] - Statement - PreSaveFile = new java.io.File(((pathPrefix + java.lang.Integer.toString(counter)) + .png)): null

2018-12-04 12:01:21 - [TEST_STEP][PASSED] - Statement - counter = counter + 1: null

2018-12-04 12:01:21 - [TEST_STEP][PASSED] - Statement - PreSaveFile = new java.io.File(((pathPrefix + java.lang.Integer.toString(counter)) + .png)): null

2018-12-04 12:01:21 - [TEST_STEP][PASSED] - Statement - counter = counter + 1: null

2018-12-04 12:01:21 - [TEST_STEP][PASSED] - Statement - PreSaveFile = new java.io.File(((pathPrefix + java.lang.Integer.toString(counter)) + .png)): null

2018-12-04 12:01:21 - [TEST_STEP][PASSED] - Statement - counter = counter + 1: null

2018-12-04 12:01:23 - [TEST_STEP][PASSED] - Statement - PreSaveFile = new java.io.File(((pathPrefix + java.lang.Integer.toString(counter)) + .png)): null

2018-12-04 12:01:23 - [TEST_STEP][PASSED] - Statement - counter = counter + 1: null

2018-12-04 12:01:23 - [TEST_STEP][PASSED] - Statement - PreSaveFile = new java.io.File(((pathPrefix + java.lang.Integer.toString(counter)) + .png)): null

2018-12-04 12:01:23 - [TEST_STEP][PASSED] - Statement - counter = counter + 1: null

2018-12-04 12:01:23 - [TEST_STEP][PASSED] - Statement - PreSaveFile = new java.io.File(((pathPrefix + java.lang.Integer.toString(counter)) + .png)): null

2018-12-04 12:01:23 - [TEST_STEP][PASSED] - Statement - counter = counter + 1: null

2018-12-04 12:01:23 - [TEST_STEP][PASSED] - Statement - PreSaveFile = new java.io.File(((pathPrefix + java.lang.Integer.toString(counter)) + .png)): null

2018-12-04 12:01:23 - [TEST_STEP][PASSED] - Statement - counter = counter + 1: null

2018-12-04 12:01:23 - [TEST_STEP][PASSED] - Statement - PreSaveFile = new java.io.File(((pathPrefix + java.lang.Integer.toString(counter)) + .png)): null

2018-12-04 12:01:23 - [TEST_STEP][PASSED] - Statement - counter = counter + 1: null

2018-12-04 12:01:24 - [TEST_STEP][PASSED] - Statement - PreSaveFile = new java.io.File(((pathPrefix + java.lang.Integer.toString(counter)) + .png)): null

2018-12-04 12:01:24 - [TEST_STEP][PASSED] - Statement - counter = counter + 1: null

2018-12-04 12:01:24 - [TEST_STEP][PASSED] - Statement - PreSaveFile = new java.io.File(((pathPrefix + java.lang.Integer.toString(counter)) + .png)): null

2018-12-04 12:01:24 - [TEST_STEP][PASSED] - Statement - counter = counter + 1: null

2018-12-04 12:01:24 - [TEST_STEP][PASSED] - Statement - PreSaveFile = new java.io.File(((pathPrefix + java.lang.Integer.toString(counter)) + .png)): null

2018-12-04 12:01:24 - [TEST_STEP][PASSED] - Statement - counter = counter + 1: null

2018-12-04 12:01:24 - [TEST_STEP][PASSED] - Statement - PreSaveFile = new java.io.File(((pathPrefix + java.lang.Integer.toString(counter)) + .png)): null

2018-12-04 12:01:24 - [TEST_STEP][PASSED] - Statement - counter = counter + 1: null

2018-12-04 12:01:24 - [TEST_STEP][PASSED] - Statement - PreSaveFile = new java.io.File(((pathPrefix + java.lang.Integer.toString(counter)) + .png)): null

2018-12-04 12:01:24 - [TEST_STEP][PASSED] - Statement - counter = counter + 1: null

2018-12-04 12:01:25 - [TEST_STEP][PASSED] - Statement - PreSaveFile = new java.io.File(((pathPrefix + java.lang.Integer.toString(counter)) + .png)): null

2018-12-04 12:01:25 - [TEST_STEP][PASSED] - Statement - counter = counter + 1: null

2018-12-04 12:01:25 - [TEST_STEP][PASSED] - Statement - PreSaveFile = new java.io.File(((pathPrefix + java.lang.Integer.toString(counter)) + .png)): null

2018-12-04 12:01:25 - [TEST_STEP][PASSED] - Statement - counter = counter + 1: null

2018-12-04 12:01:25 - [TEST_STEP][PASSED] - Statement - PreSaveFile = new java.io.File(((pathPrefix + java.lang.Integer.toString(counter)) + .png)): null

2018-12-04 12:01:25 - [TEST_STEP][PASSED] - Statement - counter = counter + 1: null

2018-12-04 12:01:25 - [TEST_STEP][PASSED] - Statement - PreSaveFile = new java.io.File(((pathPrefix + java.lang.Integer.toString(counter)) + .png)): null

2018-12-04 12:01:25 - [TEST_STEP][PASSED] - Statement - counter = counter + 1: null

2018-12-04 12:01:25 - [TEST_STEP][PASSED] - Statement - PreSaveFile = new java.io.File(((pathPrefix + java.lang.Integer.toString(counter)) + .png)): null

2018-12-04 12:01:27 - [TEST_STEP][PASSED] - Statement - counter = counter + 1: null

2018-12-04 12:01:27 - [TEST_STEP][PASSED] - Statement - PreSaveFile = new java.io.File(((pathPrefix + java.lang.Integer.toString(counter)) + .png)): null

2018-12-04 12:01:27 - [TEST_STEP][PASSED] - Statement - counter = counter + 1: null

2018-12-04 12:01:27 - [TEST_STEP][PASSED] - Statement - PreSaveFile = new java.io.File(((pathPrefix + java.lang.Integer.toString(counter)) + .png)): null

2018-12-04 12:01:27 - [TEST_STEP][PASSED] - Statement - counter = counter + 1: null

2018-12-04 12:01:27 - [TEST_STEP][PASSED] - Statement - PreSaveFile = new java.io.File(((pathPrefix + java.lang.Integer.toString(counter)) + .png)): null

2018-12-04 12:01:27 - [TEST_STEP][PASSED] - Statement - counter = counter + 1: null

2018-12-04 12:01:27 - [TEST_STEP][PASSED] - Statement - PreSaveFile = new java.io.File(((pathPrefix + java.lang.Integer.toString(counter)) + .png)): null

2018-12-04 12:01:27 - [TEST_STEP][PASSED] - Statement - counter = counter + 1: null

2018-12-04 12:01:29 - [TEST_STEP][PASSED] - Statement - PreSaveFile = new java.io.File(((pathPrefix + java.lang.Integer.toString(counter)) + .png)): null

2018-12-04 12:01:29 - [TEST_STEP][PASSED] - Statement - counter = counter + 1: null

2018-12-04 12:01:29 - [TEST_STEP][PASSED] - Statement - PreSaveFile = new java.io.File(((pathPrefix + java.lang.Integer.toString(counter)) + .png)): null

2018-12-04 12:01:29 - [TEST_STEP][PASSED] - Statement - counter = counter + 1: null

2018-12-04 12:01:29 - [TEST_STEP][PASSED] - Statement - PreSaveFile = new java.io.File(((pathPrefix + java.lang.Integer.toString(counter)) + .png)): null

2018-12-04 12:01:29 - [TEST_STEP][PASSED] - Statement - counter = counter + 1: null

2018-12-04 12:01:29 - [TEST_STEP][PASSED] - Statement - PreSaveFile = new java.io.File(((pathPrefix + java.lang.Integer.toString(counter)) + .png)): null

2018-12-04 12:01:29 - [TEST_STEP][PASSED] - Statement - counter = counter + 1: null

2018-12-04 12:01:29 - [TEST_STEP][PASSED] - Statement - PreSaveFile = new java.io.File(((pathPrefix + java.lang.Integer.toString(counter)) + .png)): null

2018-12-04 12:01:29 - [TEST_STEP][PASSED] - Statement - counter = counter + 1: null

2018-12-04 12:01:31 - [TEST_STEP][PASSED] - Statement - PreSaveFile = new java.io.File(((pathPrefix + java.lang.Integer.toString(counter)) + .png)): null

2018-12-04 12:01:31 - [TEST_STEP][PASSED] - Statement - counter = counter + 1: null

2018-12-04 12:01:31 - [TEST_STEP][PASSED] - Statement - PreSaveFile = new java.io.File(((pathPrefix + java.lang.Integer.toString(counter)) + .png)): null

2018-12-04 12:01:31 - [TEST_STEP][PASSED] - Statement - counter = counter + 1: null

2018-12-04 12:01:31 - [TEST_STEP][PASSED] - Statement - PreSaveFile = new java.io.File(((pathPrefix + java.lang.Integer.toString(counter)) + .png)): null

2018-12-04 12:01:31 - [TEST_STEP][PASSED] - Statement - counter = counter + 1: null

2018-12-04 12:01:31 - [TEST_STEP][PASSED] - Statement - PreSaveFile = new java.io.File(((pathPrefix + java.lang.Integer.toString(counter)) + .png)): null

2018-12-04 12:01:31 - [TEST_STEP][PASSED] - Statement - counter = counter + 1: null

2018-12-04 12:01:31 - [TEST_STEP][PASSED] - Statement - PreSaveFile = new java.io.File(((pathPrefix + java.lang.Integer.toString(counter)) + .png)): null

2018-12-04 12:01:31 - [TEST_STEP][PASSED] - Statement - counter = counter + 1: null

2018-12-04 12:01:33 - [TEST_STEP][PASSED] - Statement - PreSaveFile = new java.io.File(((pathPrefix + java.lang.Integer.toString(counter)) + .png)): null

2018-12-04 12:01:33 - [TEST_STEP][PASSED] - Statement - counter = counter + 1: null

2018-12-04 12:01:33 - [TEST_STEP][PASSED] - Statement - PreSaveFile = new java.io.File(((pathPrefix + java.lang.Integer.toString(counter)) + .png)): null

2018-12-04 12:01:33 - [TEST_STEP][PASSED] - Statement - counter = counter + 1: null

2018-12-04 12:01:33 - [TEST_STEP][PASSED] - Statement - PreSaveFile = new java.io.File(((pathPrefix + java.lang.Integer.toString(counter)) + .png)): null

2018-12-04 12:01:33 - [TEST_STEP][PASSED] - Statement - counter = counter + 1: null

2018-12-04 12:01:33 - [TEST_STEP][PASSED] - Statement - PreSaveFile = new java.io.File(((pathPrefix + java.lang.Integer.toString(counter)) + .png)): null

2018-12-04 12:01:33 - [TEST_STEP][PASSED] - Statement - counter = counter + 1: null

2018-12-04 12:01:33 - [TEST_STEP][PASSED] - Statement - PreSaveFile = new java.io.File(((pathPrefix + java.lang.Integer.toString(counter)) + .png)): null

2018-12-04 12:01:35 - [TEST_STEP][PASSED] - Statement - counter = counter + 1: null

2018-12-04 12:01:35 - [TEST_STEP][PASSED] - Statement - PreSaveFile = new java.io.File(((pathPrefix + java.lang.Integer.toString(counter)) + .png)): null

2018-12-04 12:01:35 - [TEST_STEP][PASSED] - Statement - counter = counter + 1: null

2018-12-04 12:01:35 - [TEST_STEP][PASSED] - Statement - PreSaveFile = new java.io.File(((pathPrefix + java.lang.Integer.toString(counter)) + .png)): null

2018-12-04 12:01:35 - [TEST_STEP][PASSED] - Statement - counter = counter + 1: null

2018-12-04 12:01:35 - [TEST_STEP][PASSED] - Statement - PreSaveFile = new java.io.File(((pathPrefix + java.lang.Integer.toString(counter)) + .png)): null

2018-12-04 12:01:35 - [TEST_STEP][PASSED] - Statement - counter = counter + 1: null

2018-12-04 12:01:35 - [TEST_STEP][PASSED] - Statement - PreSaveFile = new java.io.File(((pathPrefix + java.lang.Integer.toString(counter)) + .png)): null

2018-12-04 12:01:35 - [TEST_STEP][PASSED] - Statement - counter = counter + 1: null

2018-12-04 12:01:35 - [TEST_STEP][PASSED] - Statement - PreSaveFile = new java.io.File(((pathPrefix + java.lang.Integer.toString(counter)) + .png)): null

2018-12-04 12:01:37 - [TEST_STEP][PASSED] - Statement - counter = counter + 1: null

2018-12-04 12:01:37 - [TEST_STEP][PASSED] - Statement - PreSaveFile = new java.io.File(((pathPrefix + java.lang.Integer.toString(counter)) + .png)): null

2018-12-04 12:01:37 - [TEST_STEP][PASSED] - Statement - counter = counter + 1: null

2018-12-04 12:01:37 - [TEST_STEP][PASSED] - Statement - PreSaveFile = new java.io.File(((pathPrefix + java.lang.Integer.toString(counter)) + .png)): null

2018-12-04 12:01:37 - [TEST_STEP][PASSED] - Statement - counter = counter + 1: null

2018-12-04 12:01:37 - [TEST_STEP][PASSED] - Statement - PreSaveFile = new java.io.File(((pathPrefix + java.lang.Integer.toString(counter)) + .png)): null

2018-12-04 12:01:37 - [TEST_STEP][PASSED] - Statement - counter = counter + 1: null

2018-12-04 12:01:37 - [TEST_STEP][PASSED] - Statement - PreSaveFile = new java.io.File(((pathPrefix + java.lang.Integer.toString(counter)) + .png)): null

2018-12-04 12:01:37 - [TEST_STEP][PASSED] - Statement - counter = counter + 1: null

2018-12-04 12:01:38 - [TEST_STEP][PASSED] - Statement - PreSaveFile = new java.io.File(((pathPrefix + java.lang.Integer.toString(counter)) + .png)): null

2018-12-04 12:01:38 - [TEST_STEP][PASSED] - Statement - counter = counter + 1: null

2018-12-04 12:01:38 - [TEST_STEP][PASSED] - Statement - PreSaveFile = new java.io.File(((pathPrefix + java.lang.Integer.toString(counter)) + .png)): null

2018-12-04 12:01:38 - [TEST_STEP][PASSED] - Statement - counter = counter + 1: null

2018-12-04 12:01:38 - [TEST_STEP][PASSED] - Statement - PreSaveFile = new java.io.File(((pathPrefix + java.lang.Integer.toString(counter)) + .png)): null

2018-12-04 12:01:38 - [TEST_STEP][PASSED] - Statement - counter = counter + 1: null

2018-12-04 12:01:38 - [TEST_STEP][PASSED] - Statement - PreSaveFile = new java.io.File(((pathPrefix + java.lang.Integer.toString(counter)) + .png)): null

2018-12-04 12:01:38 - [TEST_STEP][PASSED] - Statement - counter = counter + 1: null

2018-12-04 12:01:38 - [TEST_STEP][PASSED] - Statement - PreSaveFile = new java.io.File(((pathPrefix + java.lang.Integer.toString(counter)) + .png)): null

2018-12-04 12:01:38 - [TEST_STEP][PASSED] - Statement - counter = counter + 1: null

2018-12-04 12:01:41 - [TEST_STEP][PASSED] - Statement - PreSaveFile = new java.io.File(((pathPrefix + java.lang.Integer.toString(counter)) + .png)): null

2018-12-04 12:01:41 - [TEST_STEP][PASSED] - Statement - counter = counter + 1: null

2018-12-04 12:01:41 - [TEST_STEP][PASSED] - Statement - PreSaveFile = new java.io.File(((pathPrefix + java.lang.Integer.toString(counter)) + .png)): null

2018-12-04 12:01:41 - [TEST_STEP][PASSED] - Statement - counter = counter + 1: null

2018-12-04 12:01:41 - [TEST_STEP][PASSED] - Statement - PreSaveFile = new java.io.File(((pathPrefix + java.lang.Integer.toString(counter)) + .png)): null

2018-12-04 12:01:41 - [TEST_STEP][PASSED] - Statement - counter = counter + 1: null

2018-12-04 12:01:41 - [TEST_STEP][PASSED] - Statement - PreSaveFile = new java.io.File(((pathPrefix + java.lang.Integer.toString(counter)) + .png)): null

2018-12-04 12:01:41 - [TEST_STEP][PASSED] - Statement - counter = counter + 1: null

2018-12-04 12:01:41 - [TEST_STEP][PASSED] - Statement - PreSaveFile = new java.io.File(((pathPrefix + java.lang.Integer.toString(counter)) + .png)): null

2018-12-04 12:01:41 - [TEST_STEP][PASSED] - Statement - counter = counter + 1: null

2018-12-04 12:01:44 - [TEST_STEP][PASSED] - Statement - PreSaveFile = new java.io.File(((pathPrefix + java.lang.Integer.toString(counter)) + .png)): null

2018-12-04 12:01:44 - [TEST_STEP][PASSED] - Statement - counter = counter + 1: null

2018-12-04 12:01:44 - [TEST_STEP][PASSED] - Statement - PreSaveFile = new java.io.File(((pathPrefix + java.lang.Integer.toString(counter)) + .png)): null

2018-12-04 12:01:44 - [TEST_STEP][PASSED] - Statement - counter = counter + 1: null

2018-12-04 12:01:44 - [TEST_STEP][PASSED] - Statement - PreSaveFile = new java.io.File(((pathPrefix + java.lang.Integer.toString(counter)) + .png)): null

2018-12-04 12:01:44 - [TEST_STEP][PASSED] - Statement - counter = counter + 1: null

2018-12-04 12:01:44 - [TEST_STEP][PASSED] - Statement - PreSaveFile = new java.io.File(((pathPrefix + java.lang.Integer.toString(counter)) + .png)): null

2018-12-04 12:01:44 - [TEST_STEP][PASSED] - Statement - counter = counter + 1: null

2018-12-04 12:01:44 - [TEST_STEP][PASSED] - Statement - PreSaveFile = new java.io.File(((pathPrefix + java.lang.Integer.toString(counter)) + .png)): null

2018-12-04 12:01:45 - [TEST_STEP][PASSED] - Statement - counter = counter + 1: null

2018-12-04 12:01:45 - [TEST_STEP][PASSED] - Statement - PreSaveFile = new java.io.File(((pathPrefix + java.lang.Integer.toString(counter)) + .png)): null

2018-12-04 12:01:45 - [TEST_STEP][PASSED] - Statement - counter = counter + 1: null

2018-12-04 12:01:45 - [TEST_STEP][PASSED] - Statement - PreSaveFile = new java.io.File(((pathPrefix + java.lang.Integer.toString(counter)) + .png)): null

2018-12-04 12:01:45 - [TEST_STEP][PASSED] - Statement - counter = counter + 1: null

2018-12-04 12:01:45 - [TEST_STEP][PASSED] - Statement - PreSaveFile = new java.io.File(((pathPrefix + java.lang.Integer.toString(counter)) + .png)): null

2018-12-04 12:01:45 - [TEST_STEP][PASSED] - Statement - counter = counter + 1: null

2018-12-04 12:01:45 - [TEST_STEP][PASSED] - Statement - PreSaveFile = new java.io.File(((pathPrefix + java.lang.Integer.toString(counter)) + .png)): null

2018-12-04 12:01:45 - [TEST_STEP][PASSED] - Statement - counter = counter + 1: null

2018-12-04 12:01:47 - [TEST_STEP][PASSED] - Statement - PreSaveFile = new java.io.File(((pathPrefix + java.lang.Integer.toString(counter)) + .png)): null

2018-12-04 12:01:47 - [TEST_STEP][PASSED] - Statement - counter = counter + 1: null

2018-12-04 12:01:47 - [TEST_STEP][PASSED] - Statement - PreSaveFile = new java.io.File(((pathPrefix + java.lang.Integer.toString(counter)) + .png)): null

2018-12-04 12:01:47 - [TEST_STEP][PASSED] - Statement - counter = counter + 1: null

2018-12-04 12:01:47 - [TEST_STEP][PASSED] - Statement - PreSaveFile = new java.io.File(((pathPrefix + java.lang.Integer.toString(counter)) + .png)): null

2018-12-04 12:01:47 - [TEST_STEP][PASSED] - Statement - counter = counter + 1: null

2018-12-04 12:01:47 - [TEST_STEP][PASSED] - Statement - PreSaveFile = new java.io.File(((pathPrefix + java.lang.Integer.toString(counter)) + .png)): null

2018-12-04 12:01:47 - [TEST_STEP][PASSED] - Statement - counter = counter + 1: null

2018-12-04 12:01:47 - [TEST_STEP][PASSED] - Statement - PreSaveFile = new java.io.File(((pathPrefix + java.lang.Integer.toString(counter)) + .png)): null

2018-12-04 12:01:47 - [TEST_STEP][PASSED] - Statement - counter = counter + 1: null

2018-12-04 12:01:49 - [TEST_STEP][PASSED] - Statement - PreSaveFile = new java.io.File(((pathPrefix + java.lang.Integer.toString(counter)) + .png)): null

2018-12-04 12:01:49 - [TEST_STEP][PASSED] - Statement - counter = counter + 1: null

2018-12-04 12:01:49 - [TEST_STEP][PASSED] - Statement - PreSaveFile = new java.io.File(((pathPrefix + java.lang.Integer.toString(counter)) + .png)): null

2018-12-04 12:01:49 - [TEST_STEP][PASSED] - Statement - counter = counter + 1: null

2018-12-04 12:01:49 - [TEST_STEP][PASSED] - Statement - PreSaveFile = new java.io.File(((pathPrefix + java.lang.Integer.toString(counter)) + .png)): null

2018-12-04 12:01:49 - [TEST_STEP][PASSED] - Statement - counter = counter + 1: null

2018-12-04 12:01:49 - [TEST_STEP][PASSED] - Statement - PreSaveFile = new java.io.File(((pathPrefix + java.lang.Integer.toString(counter)) + .png)): null

2018-12-04 12:01:49 - [TEST_STEP][PASSED] - Statement - counter = counter + 1: null

2018-12-04 12:01:49 - [TEST_STEP][PASSED] - Statement - PreSaveFile = new java.io.File(((pathPrefix + java.lang.Integer.toString(counter)) + .png)): null

2018-12-04 12:01:49 - [TEST_STEP][PASSED] - Statement - counter = counter + 1: null

2018-12-04 12:01:51 - [TEST_STEP][PASSED] - Statement - PreSaveFile = new java.io.File(((pathPrefix + java.lang.Integer.toString(counter)) + .png)): null

2018-12-04 12:01:51 - [TEST_STEP][PASSED] - Statement - counter = counter + 1: null

2018-12-04 12:01:51 - [TEST_STEP][PASSED] - Statement - PreSaveFile = new java.io.File(((pathPrefix + java.lang.Integer.toString(counter)) + .png)): null

2018-12-04 12:01:51 - [TEST_STEP][PASSED] - Statement - counter = counter + 1: null

2018-12-04 12:01:51 - [TEST_STEP][PASSED] - Statement - PreSaveFile = new java.io.File(((pathPrefix + java.lang.Integer.toString(counter)) + .png)): null

2018-12-04 12:01:51 - [TEST_STEP][PASSED] - Statement - counter = counter + 1: null

2018-12-04 12:01:51 - [TEST_STEP][PASSED] - Statement - PreSaveFile = new java.io.File(((pathPrefix + java.lang.Integer.toString(counter)) + .png)): null

2018-12-04 12:01:51 - [TEST_STEP][PASSED] - Statement - counter = counter + 1: null

2018-12-04 12:01:51 - [TEST_STEP][PASSED] - Statement - PreSaveFile = new java.io.File(((pathPrefix + java.lang.Integer.toString(counter)) + .png)): null

2018-12-04 12:01:51 - [TEST_STEP][PASSED] - Statement - counter = counter + 1: null

2018-12-04 12:01:53 - [TEST_STEP][PASSED] - Statement - PreSaveFile = new java.io.File(((pathPrefix + java.lang.Integer.toString(counter)) + .png)): null

2018-12-04 12:01:53 - [TEST_STEP][PASSED] - Statement - counter = counter + 1: null

2018-12-04 12:01:53 - [TEST_STEP][PASSED] - Statement - PreSaveFile = new java.io.File(((pathPrefix + java.lang.Integer.toString(counter)) + .png)): null

2018-12-04 12:01:53 - [TEST_STEP][PASSED] - Statement - counter = counter + 1: null

2018-12-04 12:01:53 - [TEST_STEP][PASSED] - Statement - PreSaveFile = new java.io.File(((pathPrefix + java.lang.Integer.toString(counter)) + .png)): null

2018-12-04 12:01:53 - [TEST_STEP][PASSED] - Statement - counter = counter + 1: null

2018-12-04 12:01:53 - [TEST_STEP][PASSED] - Statement - PreSaveFile = new java.io.File(((pathPrefix + java.lang.Integer.toString(counter)) + .png)): null

2018-12-04 12:01:53 - [TEST_STEP][PASSED] - Statement - counter = counter + 1: null

2018-12-04 12:01:53 - [TEST_STEP][PASSED] - Statement - PreSaveFile = new java.io.File(((pathPrefix + java.lang.Integer.toString(counter)) + .png)): null

2018-12-04 12:01:55 - [TEST_STEP][PASSED] - Statement - counter = counter + 1: null

2018-12-04 12:01:55 - [TEST_STEP][PASSED] - Statement - PreSaveFile = new java.io.File(((pathPrefix + java.lang.Integer.toString(counter)) + .png)): null

2018-12-04 12:01:55 - [TEST_STEP][PASSED] - Statement - counter = counter + 1: null

2018-12-04 12:01:55 - [TEST_STEP][PASSED] - Statement - PreSaveFile = new java.io.File(((pathPrefix + java.lang.Integer.toString(counter)) + .png)): null

2018-12-04 12:01:55 - [TEST_STEP][PASSED] - Statement - counter = counter + 1: null

2018-12-04 12:01:55 - [TEST_STEP][PASSED] - Statement - PreSaveFile = new java.io.File(((pathPrefix + java.lang.Integer.toString(counter)) + .png)): null

2018-12-04 12:01:55 - [TEST_STEP][PASSED] - Statement - counter = counter + 1: null

2018-12-04 12:01:55 - [TEST_STEP][PASSED] - Statement - PreSaveFile = new java.io.File(((pathPrefix + java.lang.Integer.toString(counter)) + .png)): null

2018-12-04 12:01:55 - [TEST_STEP][PASSED] - Statement - counter = counter + 1: null

2018-12-04 12:01:57 - [TEST_STEP][PASSED] - Statement - PreSaveFile = new java.io.File(((pathPrefix + java.lang.Integer.toString(counter)) + .png)): null

2018-12-04 12:01:57 - [TEST_STEP][PASSED] - Statement - counter = counter + 1: null

2018-12-04 12:01:57 - [TEST_STEP][PASSED] - Statement - PreSaveFile = new java.io.File(((pathPrefix + java.lang.Integer.toString(counter)) + .png)): null

2018-12-04 12:01:57 - [TEST_STEP][PASSED] - Statement - counter = counter + 1: null

2018-12-04 12:01:57 - [TEST_STEP][PASSED] - Statement - PreSaveFile = new java.io.File(((pathPrefix + java.lang.Integer.toString(counter)) + .png)): null

2018-12-04 12:01:57 - [TEST_STEP][PASSED] - Statement - counter = counter + 1: null

2018-12-04 12:01:57 - [TEST_STEP][PASSED] - Statement - PreSaveFile = new java.io.File(((pathPrefix + java.lang.Integer.toString(counter)) + .png)): null

2018-12-04 12:01:57 - [TEST_STEP][PASSED] - Statement - counter = counter + 1: null

2018-12-04 12:01:57 - [TEST_STEP][PASSED] - Statement - PreSaveFile = new java.io.File(((pathPrefix + java.lang.Integer.toString(counter)) + .png)): null

2018-12-04 12:01:57 - [TEST_STEP][PASSED] - Statement - counter = counter + 1: null

2018-12-04 12:01:59 - [TEST_STEP][PASSED] - Statement - PreSaveFile = new java.io.File(((pathPrefix + java.lang.Integer.toString(counter)) + .png)): null

2018-12-04 12:01:59 - [TEST_STEP][PASSED] - Statement - counter = counter + 1: null

2018-12-04 12:01:59 - [TEST_STEP][PASSED] - Statement - PreSaveFile = new java.io.File(((pathPrefix + java.lang.Integer.toString(counter)) + .png)): null

2018-12-04 12:01:59 - [TEST_STEP][PASSED] - Statement - counter = counter + 1: null

2018-12-04 12:01:59 - [TEST_STEP][PASSED] - Statement - PreSaveFile = new java.io.File(((pathPrefix + java.lang.Integer.toString(counter)) + .png)): null

2018-12-04 12:01:59 - [TEST_STEP][PASSED] - Statement - counter = counter + 1: null

2018-12-04 12:01:59 - [TEST_STEP][PASSED] - Statement - PreSaveFile = new java.io.File(((pathPrefix + java.lang.Integer.toString(counter)) + .png)): null

2018-12-04 12:01:59 - [TEST_STEP][PASSED] - Statement - counter = counter + 1: null

2018-12-04 12:01:59 - [TEST_STEP][PASSED] - Statement - PreSaveFile = new java.io.File(((pathPrefix + java.lang.Integer.toString(counter)) + .png)): null

2018-12-04 12:01:59 - [TEST_STEP][PASSED] - Statement - counter = counter + 1: null

2018-12-04 12:02:01 - [TEST_STEP][PASSED] - Statement - PreSaveFile = new java.io.File(((pathPrefix + java.lang.Integer.toString(counter)) + .png)): null

2018-12-04 12:02:01 - [TEST_STEP][PASSED] - Statement - counter = counter + 1: null

2018-12-04 12:02:01 - [TEST_STEP][PASSED] - Statement - PreSaveFile = new java.io.File(((pathPrefix + java.lang.Integer.toString(counter)) + .png)): null

2018-12-04 12:02:01 - [TEST_STEP][PASSED] - Statement - counter = counter + 1: null

2018-12-04 12:02:01 - [TEST_STEP][PASSED] - Statement - PreSaveFile = new java.io.File(((pathPrefix + java.lang.Integer.toString(counter)) + .png)): null

2018-12-04 12:02:01 - [TEST_STEP][PASSED] - Statement - counter = counter + 1: null

2018-12-04 12:02:01 - [TEST_STEP][PASSED] - Statement - PreSaveFile = new java.io.File(((pathPrefix + java.lang.Integer.toString(counter)) + .png)): null

2018-12-04 12:02:01 - [TEST_STEP][PASSED] - Statement - counter = counter + 1: null

2018-12-04 12:02:01 - [TEST_STEP][PASSED] - Statement - PreSaveFile = new java.io.File(((pathPrefix + java.lang.Integer.toString(counter)) + .png)): null

2018-12-04 12:02:03 - [TEST_STEP][PASSED] - Statement - counter = counter + 1: null

2018-12-04 12:02:03 - [TEST_STEP][PASSED] - Statement - PreSaveFile = new java.io.File(((pathPrefix + java.lang.Integer.toString(counter)) + .png)): null

2018-12-04 12:02:03 - [TEST_STEP][PASSED] - Statement - counter = counter + 1: null

2018-12-04 12:02:03 - [TEST_STEP][PASSED] - Statement - PreSaveFile = new java.io.File(((pathPrefix + java.lang.Integer.toString(counter)) + .png)): null

2018-12-04 12:02:03 - [TEST_STEP][PASSED] - Statement - counter = counter + 1: null

2018-12-04 12:02:03 - [TEST_STEP][PASSED] - Statement - PreSaveFile = new java.io.File(((pathPrefix + java.lang.Integer.toString(counter)) + .png)): null

2018-12-04 12:02:03 - [TEST_STEP][PASSED] - Statement - counter = counter + 1: null

2018-12-04 12:02:03 - [TEST_STEP][PASSED] - Statement - PreSaveFile = new java.io.File(((pathPrefix + java.lang.Integer.toString(counter)) + .png)): null

2018-12-04 12:02:03 - [TEST_STEP][PASSED] - Statement - counter = counter + 1: null

2018-12-04 12:02:03 - [TEST_STEP][PASSED] - Statement - PreSaveFile = new java.io.File(((pathPrefix + java.lang.Integer.toString(counter)) + .png)): null

2018-12-04 12:02:06 - [TEST_STEP][PASSED] - Statement - counter = counter + 1: null

2018-12-04 12:02:06 - [TEST_STEP][PASSED] - Statement - PreSaveFile = new java.io.File(((pathPrefix + java.lang.Integer.toString(counter)) + .png)): null

2018-12-04 12:02:06 - [TEST_STEP][PASSED] - Statement - counter = counter + 1: null

2018-12-04 12:02:06 - [TEST_STEP][PASSED] - Statement - PreSaveFile = new java.io.File(((pathPrefix + java.lang.Integer.toString(counter)) + .png)): null

2018-12-04 12:02:06 - [TEST_STEP][PASSED] - Statement - counter = counter + 1: null

2018-12-04 12:02:06 - [TEST_STEP][PASSED] - Statement - PreSaveFile = new java.io.File(((pathPrefix + java.lang.Integer.toString(counter)) + .png)): null

2018-12-04 12:02:06 - [TEST_STEP][PASSED] - Statement - counter = counter + 1: null

2018-12-04 12:02:06 - [TEST_STEP][PASSED] - Statement - PreSaveFile = new java.io.File(((pathPrefix + java.lang.Integer.toString(counter)) + .png)): null

2018-12-04 12:02:06 - [TEST_STEP][PASSED] - Statement - counter = counter + 1: null

2018-12-04 12:02:08 - [TEST_STEP][PASSED] - Statement - PreSaveFile = new java.io.File(((pathPrefix + java.lang.Integer.toString(counter)) + .png)): null

2018-12-04 12:02:08 - [TEST_STEP][PASSED] - Statement - counter = counter + 1: null

2018-12-04 12:02:08 - [TEST_STEP][PASSED] - Statement - PreSaveFile = new java.io.File(((pathPrefix + java.lang.Integer.toString(counter)) + .png)): null

2018-12-04 12:02:08 - [TEST_STEP][PASSED] - Statement - counter = counter + 1: null

2018-12-04 12:02:08 - [TEST_STEP][PASSED] - Statement - PreSaveFile = new java.io.File(((pathPrefix + java.lang.Integer.toString(counter)) + .png)): null

2018-12-04 12:02:08 - [TEST_STEP][PASSED] - Statement - counter = counter + 1: null

2018-12-04 12:02:08 - [TEST_STEP][PASSED] - Statement - PreSaveFile = new java.io.File(((pathPrefix + java.lang.Integer.toString(counter)) + .png)): null

2018-12-04 12:02:08 - [TEST_STEP][PASSED] - Statement - counter = counter + 1: null

2018-12-04 12:02:08 - [TEST_STEP][PASSED] - Statement - PreSaveFile = new java.io.File(((pathPrefix + java.lang.Integer.toString(counter)) + .png)): null

2018-12-04 12:02:08 - [TEST_STEP][PASSED] - Statement - counter = counter + 1: null

2018-12-04 12:02:10 - [TEST_STEP][PASSED] - Statement - PreSaveFile = new java.io.File(((pathPrefix + java.lang.Integer.toString(counter)) + .png)): null

2018-12-04 12:02:10 - [TEST_STEP][PASSED] - Statement - counter = counter + 1: null

2018-12-04 12:02:10 - [TEST_STEP][PASSED] - Statement - PreSaveFile = new java.io.File(((pathPrefix + java.lang.Integer.toString(counter)) + .png)): null

2018-12-04 12:02:10 - [TEST_STEP][PASSED] - Statement - counter = counter + 1: null

2018-12-04 12:02:10 - [TEST_STEP][PASSED] - Statement - PreSaveFile = new java.io.File(((pathPrefix + java.lang.Integer.toString(counter)) + .png)): null

2018-12-04 12:02:10 - [TEST_STEP][PASSED] - Statement - counter = counter + 1: null

2018-12-04 12:02:10 - [TEST_STEP][PASSED] - Statement - PreSaveFile = new java.io.File(((pathPrefix + java.lang.Integer.toString(counter)) + .png)): null

2018-12-04 12:02:10 - [TEST_STEP][PASSED] - Statement - counter = counter + 1: null

2018-12-04 12:02:10 - [TEST_STEP][PASSED] - Statement - PreSaveFile = new java.io.File(((pathPrefix + java.lang.Integer.toString(counter)) + .png)): null

2018-12-04 12:02:10 - [TEST_STEP][PASSED] - Statement - counter = counter + 1: null

2018-12-04 12:02:12 - [TEST_STEP][PASSED] - Statement - PreSaveFile = new java.io.File(((pathPrefix + java.lang.Integer.toString(counter)) + .png)): null

2018-12-04 12:02:12 - [TEST_STEP][PASSED] - Statement - counter = counter + 1: null

2018-12-04 12:02:12 - [TEST_STEP][PASSED] - Statement - PreSaveFile = new java.io.File(((pathPrefix + java.lang.Integer.toString(counter)) + .png)): null

2018-12-04 12:02:12 - [TEST_STEP][PASSED] - Statement - counter = counter + 1: null

2018-12-04 12:02:12 - [TEST_STEP][PASSED] - Statement - PreSaveFile = new java.io.File(((pathPrefix + java.lang.Integer.toString(counter)) + .png)): null

2018-12-04 12:02:12 - [TEST_STEP][PASSED] - Statement - counter = counter + 1: null

2018-12-04 12:02:12 - [TEST_STEP][PASSED] - Statement - PreSaveFile = new java.io.File(((pathPrefix + java.lang.Integer.toString(counter)) + .png)): null

2018-12-04 12:02:12 - [TEST_STEP][PASSED] - Statement - counter = counter + 1: null

2018-12-04 12:02:12 - [TEST_STEP][PASSED] - Statement - PreSaveFile = new java.io.File(((pathPrefix + java.lang.Integer.toString(counter)) + .png)): null

2018-12-04 12:02:14 - [TEST_STEP][PASSED] - Statement - counter = counter + 1: null

2018-12-04 12:02:14 - [TEST_STEP][PASSED] - Statement - PreSaveFile = new java.io.File(((pathPrefix + java.lang.Integer.toString(counter)) + .png)): null

2018-12-04 12:02:14 - [TEST_STEP][PASSED] - Statement - counter = counter + 1: null

2018-12-04 12:02:14 - [TEST_STEP][PASSED] - Statement - PreSaveFile = new java.io.File(((pathPrefix + java.lang.Integer.toString(counter)) + .png)): null

2018-12-04 12:02:14 - [TEST_STEP][PASSED] - Statement - counter = counter + 1: null

2018-12-04 12:02:14 - [TEST_STEP][PASSED] - Statement - PreSaveFile = new java.io.File(((pathPrefix + java.lang.Integer.toString(counter)) + .png)): null

2018-12-04 12:02:14 - [TEST_STEP][PASSED] - Statement - counter = counter + 1: null

2018-12-04 12:02:14 - [TEST_STEP][PASSED] - Statement - PreSaveFile = new java.io.File(((pathPrefix + java.lang.Integer.toString(counter)) + .png)): null

2018-12-04 12:02:14 - [TEST_STEP][PASSED] - Statement - counter = counter + 1: null

2018-12-04 12:02:15 - [TEST_STEP][PASSED] - Statement - PreSaveFile = new java.io.File(((pathPrefix + java.lang.Integer.toString(counter)) + .png)): null

2018-12-04 12:02:15 - [TEST_STEP][PASSED] - Statement - counter = counter + 1: null

2018-12-04 12:02:15 - [TEST_STEP][PASSED] - Statement - PreSaveFile = new java.io.File(((pathPrefix + java.lang.Integer.toString(counter)) + .png)): null

2018-12-04 12:02:15 - [TEST_STEP][PASSED] - Statement - counter = counter + 1: null

2018-12-04 12:02:15 - [TEST_STEP][PASSED] - Statement - PreSaveFile = new java.io.File(((pathPrefix + java.lang.Integer.toString(counter)) + .png)): null

2018-12-04 12:02:15 - [TEST_STEP][PASSED] - Statement - counter = counter + 1: null

2018-12-04 12:02:15 - [TEST_STEP][PASSED] - Statement - PreSaveFile = new java.io.File(((pathPrefix + java.lang.Integer.toString(counter)) + .png)): null

2018-12-04 12:02:15 - [TEST_STEP][PASSED] - Statement - counter = counter + 1: null

2018-12-04 12:02:15 - [TEST_STEP][PASSED] - Statement - PreSaveFile = new java.io.File(((pathPrefix + java.lang.Integer.toString(counter)) + .png)): null

2018-12-04 12:02:15 - [TEST_STEP][PASSED] - Statement - counter = counter + 1: null

2018-12-04 12:02:17 - [TEST_STEP][PASSED] - Statement - PreSaveFile = new java.io.File(((pathPrefix + java.lang.Integer.toString(counter)) + .png)): null

2018-12-04 12:02:17 - [TEST_STEP][PASSED] - Statement - counter = counter + 1: null

2018-12-04 12:02:17 - [TEST_STEP][PASSED] - Statement - PreSaveFile = new java.io.File(((pathPrefix + java.lang.Integer.toString(counter)) + .png)): null

2018-12-04 12:02:17 - [TEST_STEP][PASSED] - Statement - counter = counter + 1: null

2018-12-04 12:02:17 - [TEST_STEP][PASSED] - Statement - PreSaveFile = new java.io.File(((pathPrefix + java.lang.Integer.toString(counter)) + .png)): null

2018-12-04 12:02:17 - [TEST_STEP][PASSED] - Statement - counter = counter + 1: null

2018-12-04 12:02:17 - [TEST_STEP][PASSED] - Statement - PreSaveFile = new java.io.File(((pathPrefix + java.lang.Integer.toString(counter)) + .png)): null

2018-12-04 12:02:17 - [TEST_STEP][PASSED] - Statement - counter = counter + 1: null

2018-12-04 12:02:17 - [TEST_STEP][PASSED] - Statement - PreSaveFile = new java.io.File(((pathPrefix + java.lang.Integer.toString(counter)) + .png)): null

2018-12-04 12:02:17 - [TEST_STEP][PASSED] - Statement - counter = counter + 1: null

2018-12-04 12:02:19 - [TEST_STEP][PASSED] - Statement - PreSaveFile = new java.io.File(((pathPrefix + java.lang.Integer.toString(counter)) + .png)): null

2018-12-04 12:02:19 - [TEST_STEP][PASSED] - Statement - counter = counter + 1: null

2018-12-04 12:02:19 - [TEST_STEP][PASSED] - Statement - PreSaveFile = new java.io.File(((pathPrefix + java.lang.Integer.toString(counter)) + .png)): null

2018-12-04 12:02:19 - [TEST_STEP][PASSED] - Statement - counter = counter + 1: null

2018-12-04 12:02:19 - [TEST_STEP][PASSED] - Statement - PreSaveFile = new java.io.File(((pathPrefix + java.lang.Integer.toString(counter)) + .png)): null

2018-12-04 12:02:19 - [TEST_STEP][PASSED] - Statement - finalPath = pathPrefix + java.lang.Integer.toString(counter) + ".png": null

2018-12-04 12:02:19 - [TEST_STEP][PASSED] - Statement - SaveFile = new java.io.File(finalPath): null

2018-12-04 12:02:19 - [TEST_STEP][PASSED] - Statement - Try: null

2018-12-04 12:02:19 - [TEST_STEP][PASSED] - Statement - org.apache.commons.io.FileUtils.copyFile(scrFile, SaveFile): null

2018-12-04 12:02:21 - [TEST_STEP][PASSED] - Statement - out.println("file kept"): null

2018-12-04 12:02:21 - [TEST_STEP][PASSED] - delay: Delayed 10 second(s)

2018-12-04 12:02:31 - [MESSAGE][PASSED] - Delayed 10 second(s)

2018-12-04 12:02:31 - [MESSAGE][PASSED] - Call Test Case 'Test Cases/Final Aug 2018 - PKS Automation/Registration Module/New Registration/Submit and Screenshot/Submit Registration and Screenshot' successfully

2018-12-04 12:02:31 - [TEST_STEP][PASSED] - delay: Delayed 5 second(s)

2018-12-04 12:02:36 - [MESSAGE][PASSED] - Delayed 5 second(s)

2018-12-04 12:02:36 - [TEST_STEP][PASSED] - callTestCase: Call Test Case 'Test Cases/Final Aug 2018 - PKS Automation/Registration Module/Log Out/log out avoiding katalon tagging' successfully

2018-12-04 12:02:36 - [TEST_CASE][PASSED] - Test Cases/Final Aug 2018 - PKS Automation/Registration Module/Log Out/log out avoiding katalon tagging: Test Cases/Final Aug 2018 - PKS Automation/Registration Module/Log Out/log out avoiding katalon tagging

2018-12-04 12:02:36 - [TEST_STEP][PASSED] - navigateToUrl: Navigate to 'https://assist2-uat.perkeso.gov.my/c/portal/logout' successfully

2018-12-04 12:02:37 - [MESSAGE][PASSED] - Navigate to 'https://assist2-uat.perkeso.gov.my/c/portal/logout' successfully

2018-12-04 12:02:37 - [MESSAGE][PASSED] - Call Test Case 'Test Cases/Final Aug 2018 - PKS Automation/Registration Module/Log Out/log out avoiding katalon tagging' successfully

2018-12-04 12:02:37 - [TEST_STEP][PASSED] - callTestCase: Call Test Case 'Test Cases/Final Aug 2018 - PKS Automation/Common/Workflow Owner Finder' successfully

2018-12-04 12:02:37 - [TEST_CASE][PASSED] - Test Cases/Final Aug 2018 - PKS Automation/Common/Workflow Owner Finder: Test Cases/Final Aug 2018 - PKS Automation/Common/Workflow Owner Finder

2018-12-04 12:02:37 - [TEST_STEP][PASSED] - openBrowser: Browser is opened with url: ''

2018-12-04 12:02:37 - [MESSAGE][WARNING] - A browser is already opened. Closing browser and opening a new one

2018-12-04 12:02:41 - [MESSAGE][PASSED] - Browser is opened with url: ''

2018-12-04 12:02:41 - [TEST_STEP][PASSED] - navigateToUrl: Navigate to 'https://assist2-uat.perkeso.gov.my/login' successfully

2018-12-04 12:02:42 - [MESSAGE][PASSED] - Navigate to 'https://assist2-uat.perkeso.gov.my/login' successfully

2018-12-04 12:02:42 - [TEST_STEP][PASSED] - delay: Delayed 5 second(s)

2018-12-04 12:02:47 - [MESSAGE][PASSED] - Delayed 5 second(s)

2018-12-04 12:02:47 - [TEST_STEP][PASSED] - setText: Text 'test@liferay.com' is set on object 'Object Repository/Final Object Repo/Login Page/Internal User/Email Address'

2018-12-04 12:02:47 - [MESSAGE][PASSED] - Text 'test@liferay.com' is set on object 'Object Repository/Final Object Repo/Login Page/Internal User/Email Address'

2018-12-04 12:02:47 - [TEST_STEP][PASSED] - click: Object: 'Object Repository/Final Object Repo/Login Page/Internal User/Next Button' is clicked on

2018-12-04 12:02:47 - [MESSAGE][PASSED] - Object: 'Object Repository/Final Object Repo/Login Page/Internal User/Next Button' is clicked on

2018-12-04 12:02:47 - [TEST_STEP][PASSED] - delay: Delayed 2 second(s)

2018-12-04 12:02:49 - [MESSAGE][PASSED] - Delayed 2 second(s)

2018-12-04 12:02:49 - [TEST_STEP][PASSED] - setText: Text 'test' is set on object 'Object Repository/Final Object Repo/Login Page/Internal User/Password'

2018-12-04 12:02:50 - [MESSAGE][PASSED] - Text 'test' is set on object 'Object Repository/Final Object Repo/Login Page/Internal User/Password'

2018-12-04 12:02:50 - [TEST_STEP][PASSED] - delay: Delayed 2 second(s)

2018-12-04 12:02:52 - [MESSAGE][PASSED] - Delayed 2 second(s)

2018-12-04 12:02:52 - [TEST_STEP][PASSED] - click: Object: 'Object Repository/Final Object Repo/Login Page/Internal User/Login Button' is clicked on

2018-12-04 12:02:52 - [MESSAGE][PASSED] - Object: 'Object Repository/Final Object Repo/Login Page/Internal User/Login Button' is clicked on

2018-12-04 12:02:52 - [TEST_STEP][PASSED] - Statement - tester = com.kms.katalon.core.testobject.ObjectRepository.findTestObject(Final Object Repo/Landing Page/Select to English): Finding Test Object with id 'Object Repository/Final Object Repo/Landing Page/Select to English'

2018-12-04 12:02:52 - [TEST_STEP][PASSED] - Statement - Try: Delayed 2 second(s)

2018-12-04 12:02:52 - [TEST_STEP][PASSED] - Statement - Checker = com.kms.katalon.core.webui.keyword.WebUiBuiltInKeywords.verifyElementNotPresent(tester, 3): Web element with id: 'Object Repository/Final Object Repo/Landing Page/Select to English' located by 'By.xpath: //a[@class = 'taglib-language-list-text' and @lang = 'en-US' and (contains(text(), 'EN') or contains(., 'EN'))]' is not present after '3' second(s)

2018-12-04 12:02:54 - [MESSAGE][PASSED] - Web element with id: 'Object Repository/Final Object Repo/Landing Page/Select to English' located by 'By.xpath: //a[@class = 'taglib-language-list-text' and @lang = 'en-US' and (contains(text(), 'EN') or contains(., 'EN'))]' is not present after '3' second(s)

2018-12-04 12:02:54 - [TEST_STEP][PASSED] - Statement - If (Checker == false): null

2018-12-04 12:02:54 - [TEST_STEP][PASSED] - delay: Delayed 2 second(s)

2018-12-04 12:02:56 - [MESSAGE][PASSED] - Delayed 2 second(s)

2018-12-04 12:02:56 - [TEST_STEP][PASSED] - delay: Delayed 5 second(s)

2018-12-04 12:03:01 - [MESSAGE][PASSED] - Delayed 5 second(s)

2018-12-04 12:03:01 - [TEST_STEP][PASSED] - mouseOver: Object: 'Object Repository/Final Object Repo/Landing Page/WorkFlow Menu' is hovered

2018-12-04 12:03:01 - [MESSAGE][PASSED] - Object: 'Object Repository/Final Object Repo/Landing Page/WorkFlow Menu' is hovered

2018-12-04 12:03:01 - [TEST_STEP][PASSED] - delay: Delayed 2 second(s)

2018-12-04 12:03:03 - [MESSAGE][PASSED] - Delayed 2 second(s)

2018-12-04 12:03:03 - [TEST_STEP][PASSED] - click: Object: 'Object Repository/Final Object Repo/Landing Page/Select to Workflow Listing' is clicked on

2018-12-04 12:03:04 - [MESSAGE][PASSED] - Object: 'Object Repository/Final Object Repo/Landing Page/Select to Workflow Listing' is clicked on

2018-12-04 12:03:04 - [TEST_STEP][PASSED] - delay: Delayed 2 second(s)

2018-12-04 12:03:06 - [MESSAGE][PASSED] - Delayed 2 second(s)

2018-12-04 12:03:06 - [TEST_STEP][PASSED] - click: Object: 'Object Repository/Final Object Repo/WorkFlow Listing Page/Search Information - To Put Ref No' is clicked on

2018-12-04 12:03:06 - [MESSAGE][PASSED] - Object: 'Object Repository/Final Object Repo/WorkFlow Listing Page/Search Information - To Put Ref No' is clicked on

2018-12-04 12:03:06 - [TEST_STEP][PASSED] - delay: Delayed 2 second(s)

2018-12-04 12:03:08 - [MESSAGE][PASSED] - Delayed 2 second(s)

2018-12-04 12:03:08 - [TEST_STEP][PASSED] - callTestCase: Call Test Case 'Test Cases/Final Aug 2018 - PKS Automation/Common/Reference Number Getter' successfully

2018-12-04 12:03:08 - [TEST_CASE][PASSED] - Test Cases/Final Aug 2018 - PKS Automation/Common/Reference Number Getter: Test Cases/Final Aug 2018 - PKS Automation/Common/Reference Number Getter

2018-12-04 12:03:08 - [TEST_STEP][PASSED] - Statement - Try: null

2018-12-04 12:03:08 - [TEST_STEP][PASSED] - Statement - RefNo = new java.io.File(C://Users//Admin//Desktop//PKS//Automation Reference Point//KatalonReference.txt): null

2018-12-04 12:03:08 - [TEST_STEP][PASSED] - Statement - bufferread = new java.io.BufferedReader(new java.io.FileReader(RefNo)): null

2018-12-04 12:03:08 - [TEST_STEP][PASSED] - Statement - readedVal = bufferread.readLine(): null

2018-12-04 12:03:08 - [TEST_STEP][PASSED] - Statement - out.println(CaseReferenceNo): null

2018-12-04 12:03:08 - [TEST_STEP][PASSED] - Statement - out.println(readedVal): null

2018-12-04 12:03:08 - [TEST_STEP][PASSED] - Statement - CaseReferenceNo = "": null

2018-12-04 12:03:08 - [TEST_STEP][PASSED] - Statement - CaseReferenceNo = readedVal: null

2018-12-04 12:03:08 - [MESSAGE][PASSED] - Call Test Case 'Test Cases/Final Aug 2018 - PKS Automation/Common/Reference Number Getter' successfully

2018-12-04 12:03:08 - [TEST_STEP][PASSED] - setText: Text 'CRN12201800122973' is set on object 'Object Repository/Final Object Repo/WorkFlow Listing Page/Ref No Set Text'

2018-12-04 12:03:09 - [MESSAGE][PASSED] - Text 'CRN12201800122973' is set on object 'Object Repository/Final Object Repo/WorkFlow Listing Page/Ref No Set Text'

2018-12-04 12:03:09 - [TEST_STEP][PASSED] - delay: Delayed 2 second(s)

2018-12-04 12:03:11 - [MESSAGE][PASSED] - Delayed 2 second(s)

2018-12-04 12:03:11 - [TEST_STEP][PASSED] - click: Object: 'Object Repository/Final Object Repo/WorkFlow Listing Page/Search Ref No Search Button' is clicked on

2018-12-04 12:03:11 - [MESSAGE][PASSED] - Object: 'Object Repository/Final Object Repo/WorkFlow Listing Page/Search Ref No Search Button' is clicked on

2018-12-04 12:03:11 - [TEST_STEP][PASSED] - delay: Delayed 6 second(s)

2018-12-04 12:03:17 - [MESSAGE][PASSED] - Delayed 6 second(s)

2018-12-04 12:03:17 - [TEST_STEP][PASSED] - click: Object: 'Object Repository/Final Object Repo/WorkFlow Listing Page/Click Continue Tooltip' is clicked on

2018-12-04 12:03:18 - [MESSAGE][PASSED] - Object: 'Object Repository/Final Object Repo/WorkFlow Listing Page/Click Continue Tooltip' is clicked on

2018-12-04 12:03:18 - [TEST_STEP][PASSED] - delay: Delayed 5 second(s)

2018-12-04 12:03:23 - [MESSAGE][PASSED] - Delayed 5 second(s)

2018-12-04 12:03:23 - [TEST_STEP][PASSED] - doubleClick: Object: 'Object Repository/Final Object Repo/WorkFlow Listing Page/Workflow Found - Listing 1' is double clicked on

2018-12-04 12:03:23 - [MESSAGE][PASSED] - Object: 'Object Repository/Final Object Repo/WorkFlow Listing Page/Workflow Found - Listing 1' is double clicked on

2018-12-04 12:03:23 - [TEST_STEP][PASSED] - Statement - println(OwnerID): null

2018-12-04 12:03:23 - [TEST_STEP][PASSED] - Statement - OwnerID = com.kms.katalon.core.webui.keyword.WebUiBuiltInKeywords.getText(com.kms.katalon.core.testobject.ObjectRepository.findTestObject(Final Object Repo/WorkFlow Listing Page/Workflow Found - Listing 1), STOP_ON_FAILURE): Text of object 'Object Repository/Final Object Repo/WorkFlow Listing Page/Workflow Found - Listing 1' is: 'JOHORro1'

2018-12-04 12:03:23 - [MESSAGE][PASSED] - Text of object 'Object Repository/Final Object Repo/WorkFlow Listing Page/Workflow Found - Listing 1' is: 'JOHORro1'

2018-12-04 12:03:23 - [TEST_STEP][PASSED] - Statement - OwnerID = OwnerID.toLowerCase() + "@gmail.com": null

2018-12-04 12:03:23 - [TEST_STEP][PASSED] - Statement - println(OwnerID): null

2018-12-04 12:03:23 - [TEST_STEP][PASSED] - delay: Delayed 2 second(s)

2018-12-04 12:03:25 - [MESSAGE][PASSED] - Delayed 2 second(s)

2018-12-04 12:03:25 - [MESSAGE][PASSED] - Call Test Case 'Test Cases/Final Aug 2018 - PKS Automation/Common/Workflow Owner Finder' successfully

2018-12-04 12:03:25 - [TEST_STEP][PASSED] - callTestCase: Call Test Case 'Test Cases/Final Aug 2018 - PKS Automation/Registration Module/Log Out/log out avoiding katalon tagging' successfully

2018-12-04 12:03:26 - [TEST_CASE][PASSED] - Test Cases/Final Aug 2018 - PKS Automation/Registration Module/Log Out/log out avoiding katalon tagging: Test Cases/Final Aug 2018 - PKS Automation/Registration Module/Log Out/log out avoiding katalon tagging

2018-12-04 12:03:26 - [TEST_STEP][PASSED] - navigateToUrl: Navigate to 'https://assist2-uat.perkeso.gov.my/c/portal/logout' successfully

2018-12-04 12:03:27 - [MESSAGE][PASSED] - Navigate to 'https://assist2-uat.perkeso.gov.my/c/portal/logout' successfully

2018-12-04 12:03:27 - [MESSAGE][PASSED] - Call Test Case 'Test Cases/Final Aug 2018 - PKS Automation/Registration Module/Log Out/log out avoiding katalon tagging' successfully

2018-12-04 12:03:27 - [TEST_STEP][PASSED] - delay: Delayed 2 second(s)

2018-12-04 12:03:29 - [MESSAGE][PASSED] - Delayed 2 second(s)

2018-12-04 12:03:29 - [TEST_STEP][PASSED] - setText: Text 'johorro1@gmail.com' is set on object 'Object Repository/Final Object Repo/New Registration - Registration Module Pages/New Reg - OTC to RO/Special Case - All Related Objects/Email TextBox'

2018-12-04 12:03:29 - [MESSAGE][PASSED] - Text 'johorro1@gmail.com' is set on object 'Object Repository/Final Object Repo/New Registration - Registration Module Pages/New Reg - OTC to RO/Special Case - All Related Objects/Email TextBox'

2018-12-04 12:03:29 - [TEST_STEP][PASSED] - click: Object: 'Object Repository/Final Object Repo/New Registration - Registration Module Pages/New Reg - OTC to RO/Special Case - All Related Objects/Next Button' is clicked on

2018-12-04 12:03:29 - [MESSAGE][PASSED] - Object: 'Object Repository/Final Object Repo/New Registration - Registration Module Pages/New Reg - OTC to RO/Special Case - All Related Objects/Next Button' is clicked on

2018-12-04 12:03:29 - [TEST_STEP][PASSED] - delay: Delayed 2 second(s)

2018-12-04 12:03:31 - [MESSAGE][PASSED] - Delayed 2 second(s)

2018-12-04 12:03:31 - [TEST_STEP][PASSED] - setText: Text 'Test1@3456789' is set on object 'Object Repository/Final Object Repo/New Registration - Registration Module Pages/New Reg - OTC to RO/Special Case - All Related Objects/Password TextBox'

2018-12-04 12:03:31 - [MESSAGE][PASSED] - Text 'Test1@3456789' is set on object 'Object Repository/Final Object Repo/New Registration - Registration Module Pages/New Reg - OTC to RO/Special Case - All Related Objects/Password TextBox'

2018-12-04 12:03:31 - [TEST_STEP][PASSED] - delay: Delayed 2 second(s)

2018-12-04 12:03:33 - [MESSAGE][PASSED] - Delayed 2 second(s)

2018-12-04 12:03:33 - [TEST_STEP][PASSED] - click: Object: 'Object Repository/Final Object Repo/New Registration - Registration Module Pages/New Reg - OTC to RO/Special Case - All Related Objects/Login Button' is clicked on

2018-12-04 12:03:34 - [MESSAGE][PASSED] - Object: 'Object Repository/Final Object Repo/New Registration - Registration Module Pages/New Reg - OTC to RO/Special Case - All Related Objects/Login Button' is clicked on

2018-12-04 12:03:34 - [TEST_STEP][PASSED] - delay: Delayed 2 second(s)

2018-12-04 12:03:36 - [MESSAGE][PASSED] - Delayed 2 second(s)

2018-12-04 12:03:36 - [TEST_STEP][PASSED] - Statement - Try: null

2018-12-04 12:03:36 - [TEST_STEP][PASSED] - Statement - Checker = com.kms.katalon.core.webui.keyword.WebUiBuiltInKeywords.verifyElementNotPresent("Final Object Repo/Landing Page/Select to English", 3): null

2018-12-04 12:03:36 - [TEST_STEP][PASSED] - Statement - Catch (Exception e): null

2018-12-04 12:03:36 - [TEST_STEP][PASSED] - Statement - e.printStackTrace(): null

2018-12-04 12:03:36 - [TEST_STEP][PASSED] - click: Object: 'Object Repository/Final Object Repo/New Registration - Registration Module Pages/New Reg - OTC to RO/Special Case - All Related Objects/Expand to Search' is clicked on

2018-12-04 12:03:36 - [MESSAGE][PASSED] - Object: 'Object Repository/Final Object Repo/New Registration - Registration Module Pages/New Reg - OTC to RO/Special Case - All Related Objects/Expand to Search' is clicked on

2018-12-04 12:03:36 - [TEST_STEP][PASSED] - setText: Text 'CRN12201800122973' is set on object 'Object Repository/Final Object Repo/New Registration - Registration Module Pages/New Reg - OTC to RO/Special Case - All Related Objects/TextBox RefNo in Workbasket'

2018-12-04 12:03:36 - [MESSAGE][PASSED] - Text 'CRN12201800122973' is set on object 'Object Repository/Final Object Repo/New Registration - Registration Module Pages/New Reg - OTC to RO/Special Case - All Related Objects/TextBox RefNo in Workbasket'

2018-12-04 12:03:36 - [TEST_STEP][PASSED] - delay: Delayed 2 second(s)

2018-12-04 12:03:38 - [MESSAGE][PASSED] - Delayed 2 second(s)

2018-12-04 12:03:38 - [TEST_STEP][PASSED] - click: Object: 'Object Repository/Final Object Repo/New Registration - Registration Module Pages/New Reg - OTC to RO/Special Case - All Related Objects/Click Search' is clicked on

2018-12-04 12:03:38 - [MESSAGE][PASSED] - Object: 'Object Repository/Final Object Repo/New Registration - Registration Module Pages/New Reg - OTC to RO/Special Case - All Related Objects/Click Search' is clicked on

2018-12-04 12:03:38 - [TEST_STEP][PASSED] - delay: Delayed 2 second(s)

2018-12-04 12:03:40 - [MESSAGE][PASSED] - Delayed 2 second(s)

2018-12-04 12:03:40 - [TEST_STEP][PASSED] - click: Object: 'Object Repository/Final Object Repo/New Registration - Registration Module Pages/New Reg - OTC to RO/Special Case - All Related Objects/Click to Continue Workflow' is clicked on

2018-12-04 12:03:44 - [MESSAGE][PASSED] - Object: 'Object Repository/Final Object Repo/New Registration - Registration Module Pages/New Reg - OTC to RO/Special Case - All Related Objects/Click to Continue Workflow' is clicked on

2018-12-04 12:03:44 - [TEST_STEP][PASSED] - delay: Delayed 2 second(s)

2018-12-04 12:03:46 - [MESSAGE][PASSED] - Delayed 2 second(s)

2018-12-04 12:03:46 - [TEST_STEP][PASSED] - click: Object: 'Object Repository/Final Object Repo/New Registration - Registration Module Pages/New Reg - OTC to RO/Special Case - All Related Objects/Continue Button in verifying case' is clicked on

2018-12-04 12:03:48 - [MESSAGE][PASSED] - Object: 'Object Repository/Final Object Repo/New Registration - Registration Module Pages/New Reg - OTC to RO/Special Case - All Related Objects/Continue Button in verifying case' is clicked on

2018-12-04 12:03:48 - [TEST_STEP][PASSED] - delay: Delayed 2 second(s)

2018-12-04 12:03:50 - [MESSAGE][PASSED] - Delayed 2 second(s)

2018-12-04 12:03:50 - [TEST_STEP][PASSED] - click: Object: 'Object Repository/Final Object Repo/New Registration - Registration Module Pages/New Reg - OTC to RO/Special Case - All Related Objects/Form 1 Save n Continue' is clicked on

2018-12-04 12:03:50 - [MESSAGE][PASSED] - Object: 'Object Repository/Final Object Repo/New Registration - Registration Module Pages/New Reg - OTC to RO/Special Case - All Related Objects/Form 1 Save n Continue' is clicked on

2018-12-04 12:03:50 - [TEST_STEP][PASSED] - delay: Delayed 5 second(s)

2018-12-04 12:03:55 - [MESSAGE][PASSED] - Delayed 5 second(s)

2018-12-04 12:03:55 - [TEST_STEP][PASSED] - click: Object: 'Object Repository/Final Object Repo/New Registration - Registration Module Pages/New Reg - OTC to RO/Special Case - OTC - Form 1/Confirm No Flagging as Branch' is clicked on

2018-12-04 12:03:55 - [MESSAGE][PASSED] - Object: 'Object Repository/Final Object Repo/New Registration - Registration Module Pages/New Reg - OTC to RO/Special Case - OTC - Form 1/Confirm No Flagging as Branch' is clicked on

2018-12-04 12:03:55 - [TEST_STEP][PASSED] - delay: Delayed 2 second(s)

2018-12-04 12:03:57 - [MESSAGE][PASSED] - Delayed 2 second(s)

2018-12-04 12:03:57 - [TEST_STEP][PASSED] - click: Object: 'Object Repository/Final Object Repo/New Registration - Registration Module Pages/New Reg - OTC to RO/Special Case - All Related Objects/Form 2 Save n Continue' is clicked on

2018-12-04 12:03:57 - [MESSAGE][PASSED] - Object: 'Object Repository/Final Object Repo/New Registration - Registration Module Pages/New Reg - OTC to RO/Special Case - All Related Objects/Form 2 Save n Continue' is clicked on

2018-12-04 12:03:57 - [TEST_STEP][PASSED] - delay: Delayed 2 second(s)

2018-12-04 12:03:59 - [MESSAGE][PASSED] - Delayed 2 second(s)

2018-12-04 12:03:59 - [TEST_STEP][PASSED] - click: Object: 'Object Repository/Final Object Repo/New Registration - Registration Module Pages/New Reg - OTC to RO/Special Case - All Related Objects/Third Screen Save n Continue' is clicked on

2018-12-04 12:04:05 - [MESSAGE][PASSED] - Object: 'Object Repository/Final Object Repo/New Registration - Registration Module Pages/New Reg - OTC to RO/Special Case - All Related Objects/Third Screen Save n Continue' is clicked on

2018-12-04 12:04:05 - [TEST_STEP][PASSED] - setText: Text 'Query case' is set on object 'Object Repository/Final Object Repo/New Registration - Registration Module Pages/New Reg - OTC to RO/Special Case - All Related Objects/Query Text Input'

2018-12-04 12:04:05 - [MESSAGE][PASSED] - Text 'Query case' is set on object 'Object Repository/Final Object Repo/New Registration - Registration Module Pages/New Reg - OTC to RO/Special Case - All Related Objects/Query Text Input'

2018-12-04 12:04:05 - [TEST_STEP][PASSED] - delay: Delayed 5 second(s)

2018-12-04 12:04:10 - [MESSAGE][PASSED] - Delayed 5 second(s)

2018-12-04 12:04:10 - [TEST_STEP][PASSED] - click: Object: 'Object Repository/Final Object Repo/New Registration - Registration Module Pages/New Reg - OTC to RO/Special Case - All Related Objects/Upload Doc Page Save n Continue' is clicked on

2018-12-04 12:04:10 - [MESSAGE][PASSED] - Object: 'Object Repository/Final Object Repo/New Registration - Registration Module Pages/New Reg - OTC to RO/Special Case - All Related Objects/Upload Doc Page Save n Continue' is clicked on

2018-12-04 12:04:10 - [TEST_STEP][PASSED] - click: Object: 'Object Repository/Final Object Repo/New Registration - Registration Module Pages/New Reg - OTC to RO/Special Case - All Related Objects/Query Button' is clicked on

2018-12-04 12:04:15 - [MESSAGE][PASSED] - Object: 'Object Repository/Final Object Repo/New Registration - Registration Module Pages/New Reg - OTC to RO/Special Case - All Related Objects/Query Button' is clicked on

2018-12-04 12:04:15 - [TEST_STEP][PASSED] - click: Object: 'Object Repository/Final Object Repo/New Registration - Registration Module Pages/New Reg - OTC to RO/Special Case - All Related Objects/Confirm to Query' is clicked on

2018-12-04 12:04:16 - [MESSAGE][PASSED] - Object: 'Object Repository/Final Object Repo/New Registration - Registration Module Pages/New Reg - OTC to RO/Special Case - All Related Objects/Confirm to Query' is clicked on

2018-12-04 12:04:16 - [TEST_STEP][PASSED] - delay: Delayed 5 second(s)

2018-12-04 12:04:21 - [MESSAGE][PASSED] - Delayed 5 second(s)

2018-12-04 12:04:21 - [TEST_STEP][PASSED] - callTestCase: Call Test Case 'Test Cases/Final Aug 2018 - PKS Automation/Registration Module/Log Out/log out avoiding katalon tagging' successfully

2018-12-04 12:04:21 - [TEST_CASE][PASSED] - Test Cases/Final Aug 2018 - PKS Automation/Registration Module/Log Out/log out avoiding katalon tagging: Test Cases/Final Aug 2018 - PKS Automation/Registration Module/Log Out/log out avoiding katalon tagging

2018-12-04 12:04:21 - [TEST_STEP][PASSED] - navigateToUrl: Navigate to 'https://assist2-uat.perkeso.gov.my/c/portal/logout' successfully

2018-12-04 12:04:24 - [MESSAGE][PASSED] - Navigate to 'https://assist2-uat.perkeso.gov.my/c/portal/logout' successfully

2018-12-04 12:04:24 - [MESSAGE][PASSED] - Call Test Case 'Test Cases/Final Aug 2018 - PKS Automation/Registration Module/Log Out/log out avoiding katalon tagging' successfully

2018-12-04 12:04:24 - [TEST_STEP][PASSED] - delay: Delayed 2 second(s)

2018-12-04 12:04:26 - [MESSAGE][PASSED] - Delayed 2 second(s)

2018-12-04 12:04:26 - [TEST_STEP][PASSED] - setText: Text 'klotc2@gmail.com' is set on object 'Object Repository/Final Object Repo/New Registration - Registration Module Pages/New Reg - OTC to RO/Special Case - All Related Objects/Email TextBox'

2018-12-04 12:04:26 - [MESSAGE][PASSED] - Text 'klotc2@gmail.com' is set on object 'Object Repository/Final Object Repo/New Registration - Registration Module Pages/New Reg - OTC to RO/Special Case - All Related Objects/Email TextBox'

2018-12-04 12:04:26 - [TEST_STEP][PASSED] - delay: Delayed 2 second(s)

2018-12-04 12:04:28 - [MESSAGE][PASSED] - Delayed 2 second(s)

2018-12-04 12:04:28 - [TEST_STEP][PASSED] - click: Object: 'Object Repository/Final Object Repo/Login Page/Internal User/Next Button' is clicked on

2018-12-04 12:04:29 - [MESSAGE][PASSED] - Object: 'Object Repository/Final Object Repo/Login Page/Internal User/Next Button' is clicked on

2018-12-04 12:04:29 - [TEST_STEP][PASSED] - delay: Delayed 2 second(s)

2018-12-04 12:04:31 - [MESSAGE][PASSED] - Delayed 2 second(s)

2018-12-04 12:04:31 - [TEST_STEP][PASSED] - setText: Text 'Test1@3456789' is set on object 'Object Repository/Final Object Repo/Login Page/Internal User/Password'

2018-12-04 12:04:31 - [MESSAGE][PASSED] - Text 'Test1@3456789' is set on object 'Object Repository/Final Object Repo/Login Page/Internal User/Password'

2018-12-04 12:04:31 - [TEST_STEP][PASSED] - delay: Delayed 2 second(s)

2018-12-04 12:04:33 - [MESSAGE][PASSED] - Delayed 2 second(s)

2018-12-04 12:04:33 - [TEST_STEP][PASSED] - click: Object: 'Object Repository/Final Object Repo/Login Page/Internal User/Login Button' is clicked on

2018-12-04 12:04:33 - [MESSAGE][PASSED] - Object: 'Object Repository/Final Object Repo/Login Page/Internal User/Login Button' is clicked on

2018-12-04 12:04:33 - [TEST_STEP][PASSED] - delay: Delayed 2 second(s)

2018-12-04 12:04:35 - [MESSAGE][PASSED] - Delayed 2 second(s)

2018-12-04 12:04:35 - [TEST_STEP][PASSED] - Statement - Try: null

2018-12-04 12:04:35 - [TEST_STEP][PASSED] - Statement - Checker = com.kms.katalon.core.webui.keyword.WebUiBuiltInKeywords.verifyElementNotPresent("PKS_SIP_Updated_RegModule/Attempt/Page_MyASSIST - ASSIST/Select to English", 3): null

2018-12-04 12:04:35 - [TEST_STEP][PASSED] - Statement - Catch (Exception e): null

2018-12-04 12:04:35 - [TEST_STEP][PASSED] - Statement - e.printStackTrace(): null

2018-12-04 12:04:35 - [TEST_STEP][PASSED] - delay: Delayed 4 second(s)

2018-12-04 12:04:39 - [MESSAGE][PASSED] - Delayed 4 second(s)

2018-12-04 12:04:39 - [TEST_STEP][PASSED] - click: Object: 'Object Repository/Final Object Repo/Landing Page/My Sites Drop Down' is clicked on

2018-12-04 12:04:39 - [MESSAGE][PASSED] - Object: 'Object Repository/Final Object Repo/Landing Page/My Sites Drop Down' is clicked on

2018-12-04 12:04:39 - [TEST_STEP][PASSED] - click: Object: 'Object Repository/Final Object Repo/Landing Page/Select to Registration Module' is clicked on

2018-12-04 12:04:40 - [MESSAGE][PASSED] - Object: 'Object Repository/Final Object Repo/Landing Page/Select to Registration Module' is clicked on

2018-12-04 12:04:40 - [TEST_STEP][PASSED] - delay: Delayed 2 second(s)

2018-12-04 12:04:42 - [MESSAGE][PASSED] - Delayed 2 second(s)

2018-12-04 12:04:42 - [TEST_STEP][PASSED] - mouseOver: Object: 'Object Repository/Final Object Repo/New Registration - Registration Module Pages/New Reg - OTC to RO/Special Case - All Related Objects/Hover Over Search Drop Down' is hovered

2018-12-04 12:04:42 - [MESSAGE][PASSED] - Object: 'Object Repository/Final Object Repo/New Registration - Registration Module Pages/New Reg - OTC to RO/Special Case - All Related Objects/Hover Over Search Drop Down' is hovered

2018-12-04 12:04:42 - [TEST_STEP][PASSED] - click: Object: 'Object Repository/Final Object Repo/New Registration - Registration Module Pages/New Reg - OTC to RO/Special Case - All Related Objects/Select Search Pending Case' is clicked on

2018-12-04 12:04:43 - [MESSAGE][PASSED] - Object: 'Object Repository/Final Object Repo/New Registration - Registration Module Pages/New Reg - OTC to RO/Special Case - All Related Objects/Select Search Pending Case' is clicked on

2018-12-04 12:04:43 - [TEST_STEP][PASSED] - click: Object: 'Object Repository/Final Object Repo/New Registration - Registration Module Pages/New Reg - OTC to RO/Special Case - All Related Objects/Select Searching Method (Employer Code)' is clicked on

2018-12-04 12:04:43 - [MESSAGE][PASSED] - Object: 'Object Repository/Final Object Repo/New Registration - Registration Module Pages/New Reg - OTC to RO/Special Case - All Related Objects/Select Searching Method (Employer Code)' is clicked on

2018-12-04 12:04:43 - [TEST_STEP][PASSED] - click: Object: 'Object Repository/Final Object Repo/New Registration - Registration Module Pages/New Reg - OTC to RO/Special Case - All Related Objects/Select Searching Method to Reference ID' is clicked on

2018-12-04 12:04:44 - [MESSAGE][PASSED] - Object: 'Object Repository/Final Object Repo/New Registration - Registration Module Pages/New Reg - OTC to RO/Special Case - All Related Objects/Select Searching Method to Reference ID' is clicked on

2018-12-04 12:04:44 - [TEST_STEP][PASSED] - setText: Text 'CRN12201800122973' is set on object 'Object Repository/Final Object Repo/New Registration - Registration Module Pages/New Reg - OTC to RO/Special Case - All Related Objects/Pending Case Ref NO'

2018-12-04 12:04:44 - [MESSAGE][PASSED] - Text 'CRN12201800122973' is set on object 'Object Repository/Final Object Repo/New Registration - Registration Module Pages/New Reg - OTC to RO/Special Case - All Related Objects/Pending Case Ref NO'

2018-12-04 12:04:44 - [TEST_STEP][PASSED] - click: Object: 'Object Repository/Final Object Repo/New Registration - Registration Module Pages/New Reg - OTC to RO/Special Case - All Related Objects/Search Pending Case Based on Ref No' is clicked on

2018-12-04 12:04:44 - [MESSAGE][PASSED] - Object: 'Object Repository/Final Object Repo/New Registration - Registration Module Pages/New Reg - OTC to RO/Special Case - All Related Objects/Search Pending Case Based on Ref No' is clicked on

2018-12-04 12:04:44 - [TEST_STEP][PASSED] - click: Object: 'Object Repository/Final Object Repo/New Registration - Registration Module Pages/New Reg - OTC to RO/Special Case - All Related Objects/Action Button after found case' is clicked on

2018-12-04 12:04:47 - [MESSAGE][PASSED] - Object: 'Object Repository/Final Object Repo/New Registration - Registration Module Pages/New Reg - OTC to RO/Special Case - All Related Objects/Action Button after found case' is clicked on

2018-12-04 12:04:47 - [TEST_STEP][PASSED] - click: Object: 'Object Repository/Final Object Repo/New Registration - Registration Module Pages/New Reg - OTC to RO/Special Case - All Related Objects/Next Button in Pending Case Form 1' is clicked on

2018-12-04 12:04:48 - [MESSAGE][PASSED] - Object: 'Object Repository/Final Object Repo/New Registration - Registration Module Pages/New Reg - OTC to RO/Special Case - All Related Objects/Next Button in Pending Case Form 1' is clicked on

2018-12-04 12:04:48 - [TEST_STEP][PASSED] - click: Object: 'Object Repository/Final Object Repo/New Registration - Registration Module Pages/New Reg - OTC to RO/Special Case - All Related Objects/Next Button in Pending Case Form 2' is clicked on

2018-12-04 12:04:49 - [MESSAGE][PASSED] - Object: 'Object Repository/Final Object Repo/New Registration - Registration Module Pages/New Reg - OTC to RO/Special Case - All Related Objects/Next Button in Pending Case Form 2' is clicked on

2018-12-04 12:04:49 - [TEST_STEP][PASSED] - click: Object: 'Object Repository/Final Object Repo/New Registration - Registration Module Pages/New Reg - OTC to RO/Special Case - All Related Objects/Next Button in Third Screen' is clicked on

2018-12-04 12:04:52 - [MESSAGE][PASSED] - Object: 'Object Repository/Final Object Repo/New Registration - Registration Module Pages/New Reg - OTC to RO/Special Case - All Related Objects/Next Button in Third Screen' is clicked on

2018-12-04 12:04:52 - [TEST_STEP][PASSED] - click: Object: 'Object Repository/Final Object Repo/New Registration - Registration Module Pages/New Reg - OTC to RO/Special Case - All Related Objects/Add Document for Pending Case' is clicked on

2018-12-04 12:04:52 - [MESSAGE][PASSED] - Object: 'Object Repository/Final Object Repo/New Registration - Registration Module Pages/New Reg - OTC to RO/Special Case - All Related Objects/Add Document for Pending Case' is clicked on

2018-12-04 12:04:52 - [TEST_STEP][PASSED] - click: Object: 'Object Repository/Final Object Repo/New Registration - Registration Module Pages/New Reg - OTC to RO/Special Case - All Related Objects/Upload Pending Doc - Please Select' is clicked on

2018-12-04 12:04:56 - [MESSAGE][PASSED] - Object: 'Object Repository/Final Object Repo/New Registration - Registration Module Pages/New Reg - OTC to RO/Special Case - All Related Objects/Upload Pending Doc - Please Select' is clicked on

2018-12-04 12:04:56 - [TEST_STEP][PASSED] - delay: Delayed 2 second(s)

2018-12-04 12:04:58 - [MESSAGE][PASSED] - Delayed 2 second(s)

2018-12-04 12:04:58 - [TEST_STEP][PASSED] - click: Object: 'Object Repository/Final Object Repo/New Registration - Registration Module Pages/New Reg - OTC to RO/Special Case - All Related Objects/Select to Others to Upload' is clicked on

2018-12-04 12:04:58 - [MESSAGE][PASSED] - Object: 'Object Repository/Final Object Repo/New Registration - Registration Module Pages/New Reg - OTC to RO/Special Case - All Related Objects/Select to Others to Upload' is clicked on

2018-12-04 12:04:58 - [TEST_STEP][PASSED] - delay: Delayed 2 second(s)

2018-12-04 12:05:00 - [MESSAGE][PASSED] - Delayed 2 second(s)

2018-12-04 12:05:00 - [TEST_STEP][PASSED] - uploadFile: File 'C:\Users\Public\Pictures\Sample Pictures\Koala.jpg' sent to object: 'Object Repository/Final Object Repo/New Registration - Registration Module Pages/New Reg - OTC to RO/Special Case - All Related Objects/Uploading Pending Case Action'

2018-12-04 12:05:00 - [MESSAGE][PASSED] - File 'C:\Users\Public\Pictures\Sample Pictures\Koala.jpg' sent to object: 'Object Repository/Final Object Repo/New Registration - Registration Module Pages/New Reg - OTC to RO/Special Case - All Related Objects/Uploading Pending Case Action'

2018-12-04 12:05:00 - [TEST_STEP][PASSED] - delay: Delayed 2 second(s)

2018-12-04 12:05:02 - [MESSAGE][PASSED] - Delayed 2 second(s)

2018-12-04 12:05:02 - [TEST_STEP][PASSED] - click: Object: 'Object Repository/Final Object Repo/New Registration - Registration Module Pages/New Reg - OTC to RO/Special Case - All Related Objects/Inner form Add Document Button Pending Case' is clicked on

2018-12-04 12:05:03 - [MESSAGE][PASSED] - Object: 'Object Repository/Final Object Repo/New Registration - Registration Module Pages/New Reg - OTC to RO/Special Case - All Related Objects/Inner form Add Document Button Pending Case' is clicked on

2018-12-04 12:05:03 - [TEST_STEP][PASSED] - delay: Delayed 2 second(s)

2018-12-04 12:05:05 - [MESSAGE][PASSED] - Delayed 2 second(s)

2018-12-04 12:05:05 - [TEST_STEP][PASSED] - click: Object: 'Object Repository/Final Object Repo/New Registration - Registration Module Pages/New Reg - OTC to RO/Special Case - All Related Objects/Pending Case Exit' is clicked on

2018-12-04 12:05:08 - [MESSAGE][PASSED] - Object: 'Object Repository/Final Object Repo/New Registration - Registration Module Pages/New Reg - OTC to RO/Special Case - All Related Objects/Pending Case Exit' is clicked on

2018-12-04 12:05:08 - [TEST_STEP][PASSED] - callTestCase: Call Test Case 'Test Cases/Final Aug 2018 - PKS Automation/Registration Module/Log Out/log out avoiding katalon tagging' successfully

2018-12-04 12:05:08 - [TEST_CASE][PASSED] - Test Cases/Final Aug 2018 - PKS Automation/Registration Module/Log Out/log out avoiding katalon tagging: Test Cases/Final Aug 2018 - PKS Automation/Registration Module/Log Out/log out avoiding katalon tagging

2018-12-04 12:05:08 - [TEST_STEP][PASSED] - navigateToUrl: Navigate to 'https://assist2-uat.perkeso.gov.my/c/portal/logout' successfully

2018-12-04 12:05:08 - [MESSAGE][PASSED] - Navigate to 'https://assist2-uat.perkeso.gov.my/c/portal/logout' successfully

2018-12-04 12:05:08 - [MESSAGE][PASSED] - Call Test Case 'Test Cases/Final Aug 2018 - PKS Automation/Registration Module/Log Out/log out avoiding katalon tagging' successfully

2018-12-04 12:05:08 - [TEST_STEP][PASSED] - callTestCase: Call Test Case 'Test Cases/Final Aug 2018 - PKS Automation/Common/Workflow Owner Finder' successfully

2018-12-04 12:05:08 - [TEST_CASE][PASSED] - Test Cases/Final Aug 2018 - PKS Automation/Common/Workflow Owner Finder: Test Cases/Final Aug 2018 - PKS Automation/Common/Workflow Owner Finder

2018-12-04 12:05:08 - [TEST_STEP][PASSED] - openBrowser: Browser is opened with url: ''

2018-12-04 12:05:08 - [MESSAGE][WARNING] - A browser is already opened. Closing browser and opening a new one

2018-12-04 12:05:12 - [MESSAGE][PASSED] - Browser is opened with url: ''

2018-12-04 12:05:12 - [TEST_STEP][PASSED] - navigateToUrl: Navigate to 'https://assist2-uat.perkeso.gov.my/login' successfully

2018-12-04 12:05:13 - [MESSAGE][PASSED] - Navigate to 'https://assist2-uat.perkeso.gov.my/login' successfully

2018-12-04 12:05:13 - [TEST_STEP][PASSED] - delay: Delayed 5 second(s)

2018-12-04 12:05:18 - [MESSAGE][PASSED] - Delayed 5 second(s)

2018-12-04 12:05:18 - [TEST_STEP][PASSED] - setText: Text 'test@liferay.com' is set on object 'Object Repository/Final Object Repo/Login Page/Internal User/Email Address'

2018-12-04 12:05:18 - [MESSAGE][PASSED] - Text 'test@liferay.com' is set on object 'Object Repository/Final Object Repo/Login Page/Internal User/Email Address'

2018-12-04 12:05:18 - [TEST_STEP][PASSED] - click: Object: 'Object Repository/Final Object Repo/Login Page/Internal User/Next Button' is clicked on

2018-12-04 12:05:18 - [MESSAGE][PASSED] - Object: 'Object Repository/Final Object Repo/Login Page/Internal User/Next Button' is clicked on

2018-12-04 12:05:18 - [TEST_STEP][PASSED] - delay: Delayed 2 second(s)

2018-12-04 12:05:20 - [MESSAGE][PASSED] - Delayed 2 second(s)

2018-12-04 12:05:20 - [TEST_STEP][PASSED] - setText: Text 'test' is set on object 'Object Repository/Final Object Repo/Login Page/Internal User/Password'

2018-12-04 12:05:21 - [MESSAGE][PASSED] - Text 'test' is set on object 'Object Repository/Final Object Repo/Login Page/Internal User/Password'

2018-12-04 12:05:21 - [TEST_STEP][PASSED] - delay: Delayed 2 second(s)

2018-12-04 12:05:23 - [MESSAGE][PASSED] - Delayed 2 second(s)

2018-12-04 12:05:23 - [TEST_STEP][PASSED] - click: Object: 'Object Repository/Final Object Repo/Login Page/Internal User/Login Button' is clicked on

2018-12-04 12:05:23 - [MESSAGE][PASSED] - Object: 'Object Repository/Final Object Repo/Login Page/Internal User/Login Button' is clicked on

2018-12-04 12:05:23 - [TEST_STEP][PASSED] - Statement - tester = com.kms.katalon.core.testobject.ObjectRepository.findTestObject(Final Object Repo/Landing Page/Select to English): Finding Test Object with id 'Object Repository/Final Object Repo/Landing Page/Select to English'

2018-12-04 12:05:23 - [TEST_STEP][PASSED] - Statement - Try: Delayed 2 second(s)

2018-12-04 12:05:23 - [TEST_STEP][PASSED] - Statement - Checker = com.kms.katalon.core.webui.keyword.WebUiBuiltInKeywords.verifyElementNotPresent(tester, 3): Web element with id: 'Object Repository/Final Object Repo/Landing Page/Select to English' located by 'By.xpath: //a[@class = 'taglib-language-list-text' and @lang = 'en-US' and (contains(text(), 'EN') or contains(., 'EN'))]' is not present after '3' second(s)

2018-12-04 12:05:25 - [MESSAGE][PASSED] - Web element with id: 'Object Repository/Final Object Repo/Landing Page/Select to English' located by 'By.xpath: //a[@class = 'taglib-language-list-text' and @lang = 'en-US' and (contains(text(), 'EN') or contains(., 'EN'))]' is not present after '3' second(s)

2018-12-04 12:05:25 - [TEST_STEP][PASSED] - Statement - If (Checker == false): null

2018-12-04 12:05:25 - [TEST_STEP][PASSED] - delay: Delayed 2 second(s)

2018-12-04 12:05:27 - [MESSAGE][PASSED] - Delayed 2 second(s)

2018-12-04 12:05:27 - [TEST_STEP][PASSED] - delay: Delayed 5 second(s)

2018-12-04 12:05:32 - [MESSAGE][PASSED] - Delayed 5 second(s)

2018-12-04 12:05:32 - [TEST_STEP][PASSED] - mouseOver: Object: 'Object Repository/Final Object Repo/Landing Page/WorkFlow Menu' is hovered

2018-12-04 12:05:32 - [MESSAGE][PASSED] - Object: 'Object Repository/Final Object Repo/Landing Page/WorkFlow Menu' is hovered

2018-12-04 12:05:32 - [TEST_STEP][PASSED] - delay: Delayed 2 second(s)

2018-12-04 12:05:34 - [MESSAGE][PASSED] - Delayed 2 second(s)

2018-12-04 12:05:34 - [TEST_STEP][PASSED] - click: Object: 'Object Repository/Final Object Repo/Landing Page/Select to Workflow Listing' is clicked on

2018-12-04 12:05:35 - [MESSAGE][PASSED] - Object: 'Object Repository/Final Object Repo/Landing Page/Select to Workflow Listing' is clicked on

2018-12-04 12:05:35 - [TEST_STEP][PASSED] - delay: Delayed 2 second(s)

2018-12-04 12:05:37 - [MESSAGE][PASSED] - Delayed 2 second(s)

2018-12-04 12:05:37 - [TEST_STEP][PASSED] - click: Object: 'Object Repository/Final Object Repo/WorkFlow Listing Page/Search Information - To Put Ref No' is clicked on

2018-12-04 12:05:37 - [MESSAGE][PASSED] - Object: 'Object Repository/Final Object Repo/WorkFlow Listing Page/Search Information - To Put Ref No' is clicked on

2018-12-04 12:05:37 - [TEST_STEP][PASSED] - delay: Delayed 2 second(s)

2018-12-04 12:05:39 - [MESSAGE][PASSED] - Delayed 2 second(s)

2018-12-04 12:05:39 - [TEST_STEP][PASSED] - callTestCase: Call Test Case 'Test Cases/Final Aug 2018 - PKS Automation/Common/Reference Number Getter' successfully

2018-12-04 12:05:40 - [TEST_CASE][PASSED] - Test Cases/Final Aug 2018 - PKS Automation/Common/Reference Number Getter: Test Cases/Final Aug 2018 - PKS Automation/Common/Reference Number Getter

2018-12-04 12:05:40 - [TEST_STEP][PASSED] - Statement - Try: null

2018-12-04 12:05:40 - [TEST_STEP][PASSED] - Statement - RefNo = new java.io.File(C://Users//Admin//Desktop//PKS//Automation Reference Point//KatalonReference.txt): null

2018-12-04 12:05:40 - [TEST_STEP][PASSED] - Statement - bufferread = new java.io.BufferedReader(new java.io.FileReader(RefNo)): null

2018-12-04 12:05:40 - [TEST_STEP][PASSED] - Statement - readedVal = bufferread.readLine(): null

2018-12-04 12:05:40 - [TEST_STEP][PASSED] - Statement - out.println(CaseReferenceNo): null

2018-12-04 12:05:40 - [TEST_STEP][PASSED] - Statement - out.println(readedVal): null

2018-12-04 12:05:40 - [TEST_STEP][PASSED] - Statement - CaseReferenceNo = "": null

2018-12-04 12:05:40 - [TEST_STEP][PASSED] - Statement - CaseReferenceNo = readedVal: null

2018-12-04 12:05:40 - [MESSAGE][PASSED] - Call Test Case 'Test Cases/Final Aug 2018 - PKS Automation/Common/Reference Number Getter' successfully

2018-12-04 12:05:40 - [TEST_STEP][PASSED] - setText: Text 'CRN12201800122973' is set on object 'Object Repository/Final Object Repo/WorkFlow Listing Page/Ref No Set Text'

2018-12-04 12:05:40 - [MESSAGE][PASSED] - Text 'CRN12201800122973' is set on object 'Object Repository/Final Object Repo/WorkFlow Listing Page/Ref No Set Text'

2018-12-04 12:05:40 - [TEST_STEP][PASSED] - delay: Delayed 2 second(s)

2018-12-04 12:05:42 - [MESSAGE][PASSED] - Delayed 2 second(s)

2018-12-04 12:05:42 - [TEST_STEP][PASSED] - click: Object: 'Object Repository/Final Object Repo/WorkFlow Listing Page/Search Ref No Search Button' is clicked on

2018-12-04 12:05:42 - [MESSAGE][PASSED] - Object: 'Object Repository/Final Object Repo/WorkFlow Listing Page/Search Ref No Search Button' is clicked on

2018-12-04 12:05:42 - [TEST_STEP][PASSED] - delay: Delayed 6 second(s)

2018-12-04 12:05:48 - [MESSAGE][PASSED] - Delayed 6 second(s)

2018-12-04 12:05:48 - [TEST_STEP][PASSED] - click: Object: 'Object Repository/Final Object Repo/WorkFlow Listing Page/Click Continue Tooltip' is clicked on

2018-12-04 12:05:49 - [MESSAGE][PASSED] - Object: 'Object Repository/Final Object Repo/WorkFlow Listing Page/Click Continue Tooltip' is clicked on

2018-12-04 12:05:49 - [TEST_STEP][PASSED] - delay: Delayed 5 second(s)

2018-12-04 12:05:54 - [MESSAGE][PASSED] - Delayed 5 second(s)

2018-12-04 12:05:54 - [TEST_STEP][PASSED] - doubleClick: Object: 'Object Repository/Final Object Repo/WorkFlow Listing Page/Workflow Found - Listing 1' is double clicked on

2018-12-04 12:05:54 - [MESSAGE][PASSED] - Object: 'Object Repository/Final Object Repo/WorkFlow Listing Page/Workflow Found - Listing 1' is double clicked on

2018-12-04 12:05:54 - [TEST_STEP][PASSED] - Statement - println(OwnerID): null

2018-12-04 12:05:54 - [TEST_STEP][PASSED] - Statement - OwnerID = com.kms.katalon.core.webui.keyword.WebUiBuiltInKeywords.getText(com.kms.katalon.core.testobject.ObjectRepository.findTestObject(Final Object Repo/WorkFlow Listing Page/Workflow Found - Listing 1), STOP_ON_FAILURE): Text of object 'Object Repository/Final Object Repo/WorkFlow Listing Page/Workflow Found - Listing 1' is: 'JOHORro1'

2018-12-04 12:05:55 - [MESSAGE][PASSED] - Text of object 'Object Repository/Final Object Repo/WorkFlow Listing Page/Workflow Found - Listing 1' is: 'JOHORro1'

2018-12-04 12:05:55 - [TEST_STEP][PASSED] - Statement - OwnerID = OwnerID.toLowerCase() + "@gmail.com": null

2018-12-04 12:05:55 - [TEST_STEP][PASSED] - Statement - println(OwnerID): null

2018-12-04 12:05:55 - [TEST_STEP][PASSED] - delay: Delayed 2 second(s)

2018-12-04 12:05:57 - [MESSAGE][PASSED] - Delayed 2 second(s)

2018-12-04 12:05:57 - [MESSAGE][PASSED] - Call Test Case 'Test Cases/Final Aug 2018 - PKS Automation/Common/Workflow Owner Finder' successfully

2018-12-04 12:05:57 - [TEST_STEP][PASSED] - callTestCase: Call Test Case 'Test Cases/Final Aug 2018 - PKS Automation/Registration Module/Log Out/log out avoiding katalon tagging' successfully

2018-12-04 12:05:57 - [TEST_CASE][PASSED] - Test Cases/Final Aug 2018 - PKS Automation/Registration Module/Log Out/log out avoiding katalon tagging: Test Cases/Final Aug 2018 - PKS Automation/Registration Module/Log Out/log out avoiding katalon tagging

2018-12-04 12:05:57 - [TEST_STEP][PASSED] - navigateToUrl: Navigate to 'https://assist2-uat.perkeso.gov.my/c/portal/logout' successfully

2018-12-04 12:05:57 - [MESSAGE][PASSED] - Navigate to 'https://assist2-uat.perkeso.gov.my/c/portal/logout' successfully

2018-12-04 12:05:57 - [MESSAGE][PASSED] - Call Test Case 'Test Cases/Final Aug 2018 - PKS Automation/Registration Module/Log Out/log out avoiding katalon tagging' successfully

2018-12-04 12:05:57 - [TEST_STEP][PASSED] - delay: Delayed 2 second(s)

2018-12-04 12:05:59 - [MESSAGE][PASSED] - Delayed 2 second(s)

2018-12-04 12:05:59 - [TEST_STEP][PASSED] - setText: Text 'johorro1@gmail.com' is set on object 'Object Repository/Final Object Repo/Login Page/Internal User/Email Address'

2018-12-04 12:06:00 - [MESSAGE][PASSED] - Text 'johorro1@gmail.com' is set on object 'Object Repository/Final Object Repo/Login Page/Internal User/Email Address'

2018-12-04 12:06:00 - [TEST_STEP][PASSED] - click: Object: 'Object Repository/Final Object Repo/Login Page/Internal User/Next Button' is clicked on

2018-12-04 12:06:00 - [MESSAGE][PASSED] - Object: 'Object Repository/Final Object Repo/Login Page/Internal User/Next Button' is clicked on

2018-12-04 12:06:00 - [TEST_STEP][PASSED] - delay: Delayed 2 second(s)

2018-12-04 12:06:02 - [MESSAGE][PASSED] - Delayed 2 second(s)

2018-12-04 12:06:02 - [TEST_STEP][PASSED] - setText: Text 'Test1@3456789' is set on object 'Object Repository/Final Object Repo/Login Page/Internal User/Password'

2018-12-04 12:06:02 - [MESSAGE][PASSED] - Text 'Test1@3456789' is set on object 'Object Repository/Final Object Repo/Login Page/Internal User/Password'

2018-12-04 12:06:02 - [TEST_STEP][PASSED] - delay: Delayed 2 second(s)

2018-12-04 12:06:04 - [MESSAGE][PASSED] - Delayed 2 second(s)

2018-12-04 12:06:04 - [TEST_STEP][PASSED] - click: Object: 'Object Repository/Final Object Repo/Login Page/Internal User/Login Button' is clicked on

2018-12-04 12:06:05 - [MESSAGE][PASSED] - Object: 'Object Repository/Final Object Repo/Login Page/Internal User/Login Button' is clicked on

2018-12-04 12:06:05 - [TEST_STEP][PASSED] - delay: Delayed 2 second(s)

2018-12-04 12:06:07 - [MESSAGE][PASSED] - Delayed 2 second(s)

2018-12-04 12:06:07 - [TEST_STEP][PASSED] - Statement - Try: null

2018-12-04 12:06:07 - [TEST_STEP][PASSED] - Statement - Checker = com.kms.katalon.core.webui.keyword.WebUiBuiltInKeywords.verifyElementNotPresent("Final Object Repo/Landing Page/Select to English", 3): null

2018-12-04 12:06:07 - [TEST_STEP][PASSED] - Statement - Catch (Exception e): null

2018-12-04 12:06:07 - [TEST_STEP][PASSED] - Statement - e.printStackTrace(): null

2018-12-04 12:06:07 - [TEST_STEP][PASSED] - click: Object: 'Object Repository/Final Object Repo/New Registration - Registration Module Pages/New Reg - OTC to RO/Special Case - All Related Objects/Expand to Search' is clicked on

2018-12-04 12:06:07 - [MESSAGE][PASSED] - Object: 'Object Repository/Final Object Repo/New Registration - Registration Module Pages/New Reg - OTC to RO/Special Case - All Related Objects/Expand to Search' is clicked on

2018-12-04 12:06:07 - [TEST_STEP][PASSED] - callTestCase: Call Test Case 'Test Cases/Final Aug 2018 - PKS Automation/Common/Reference Number Getter' successfully

2018-12-04 12:06:07 - [TEST_CASE][PASSED] - Test Cases/Final Aug 2018 - PKS Automation/Common/Reference Number Getter: Test Cases/Final Aug 2018 - PKS Automation/Common/Reference Number Getter

2018-12-04 12:06:07 - [TEST_STEP][PASSED] - Statement - Try: null

2018-12-04 12:06:07 - [TEST_STEP][PASSED] - Statement - RefNo = new java.io.File(C://Users//Admin//Desktop//PKS//Automation Reference Point//KatalonReference.txt): null

2018-12-04 12:06:07 - [TEST_STEP][PASSED] - Statement - bufferread = new java.io.BufferedReader(new java.io.FileReader(RefNo)): null

2018-12-04 12:06:07 - [TEST_STEP][PASSED] - Statement - readedVal = bufferread.readLine(): null

2018-12-04 12:06:07 - [TEST_STEP][PASSED] - Statement - out.println(CaseReferenceNo): null

2018-12-04 12:06:07 - [TEST_STEP][PASSED] - Statement - out.println(readedVal): null

2018-12-04 12:06:07 - [TEST_STEP][PASSED] - Statement - CaseReferenceNo = "": null

2018-12-04 12:06:07 - [TEST_STEP][PASSED] - Statement - CaseReferenceNo = readedVal: null

2018-12-04 12:06:07 - [MESSAGE][PASSED] - Call Test Case 'Test Cases/Final Aug 2018 - PKS Automation/Common/Reference Number Getter' successfully

2018-12-04 12:06:07 - [TEST_STEP][PASSED] - setText: Text 'CRN12201800122973' is set on object 'Object Repository/Final Object Repo/New Registration - Registration Module Pages/New Reg - OTC to RO/Special Case - All Related Objects/TextBox RefNo in Workbasket'

2018-12-04 12:06:07 - [MESSAGE][PASSED] - Text 'CRN12201800122973' is set on object 'Object Repository/Final Object Repo/New Registration - Registration Module Pages/New Reg - OTC to RO/Special Case - All Related Objects/TextBox RefNo in Workbasket'

2018-12-04 12:06:07 - [TEST_STEP][PASSED] - delay: Delayed 2 second(s)

2018-12-04 12:06:09 - [MESSAGE][PASSED] - Delayed 2 second(s)

2018-12-04 12:06:09 - [TEST_STEP][PASSED] - click: Object: 'Object Repository/Final Object Repo/New Registration - Registration Module Pages/New Reg - OTC to RO/Special Case - All Related Objects/Click Search' is clicked on

2018-12-04 12:06:09 - [MESSAGE][PASSED] - Object: 'Object Repository/Final Object Repo/New Registration - Registration Module Pages/New Reg - OTC to RO/Special Case - All Related Objects/Click Search' is clicked on

2018-12-04 12:06:09 - [TEST_STEP][PASSED] - delay: Delayed 2 second(s)

2018-12-04 12:06:11 - [MESSAGE][PASSED] - Delayed 2 second(s)

2018-12-04 12:06:11 - [TEST_STEP][PASSED] - click: Object: 'Object Repository/Final Object Repo/New Registration - Registration Module Pages/New Reg - OTC to RO/Special Case - All Related Objects/Click to Continue Workflow' is clicked on

2018-12-04 12:06:15 - [MESSAGE][PASSED] - Object: 'Object Repository/Final Object Repo/New Registration - Registration Module Pages/New Reg - OTC to RO/Special Case - All Related Objects/Click to Continue Workflow' is clicked on

2018-12-04 12:06:15 - [TEST_STEP][PASSED] - delay: Delayed 2 second(s)

2018-12-04 12:06:17 - [MESSAGE][PASSED] - Delayed 2 second(s)

2018-12-04 12:06:17 - [TEST_STEP][PASSED] - click: Object: 'Object Repository/Final Object Repo/New Registration - Registration Module Pages/New Reg - OTC to RO/Special Case - All Related Objects/Continue Button in verifying case' is clicked on

2018-12-04 12:06:19 - [MESSAGE][PASSED] - Object: 'Object Repository/Final Object Repo/New Registration - Registration Module Pages/New Reg - OTC to RO/Special Case - All Related Objects/Continue Button in verifying case' is clicked on

2018-12-04 12:06:19 - [TEST_STEP][PASSED] - delay: Delayed 2 second(s)

2018-12-04 12:06:21 - [MESSAGE][PASSED] - Delayed 2 second(s)

2018-12-04 12:06:21 - [TEST_STEP][PASSED] - click: Object: 'Object Repository/Final Object Repo/New Registration - Registration Module Pages/Form 1/Registered As a Branch - Yes' is clicked on

2018-12-04 12:06:22 - [MESSAGE][PASSED] - Object: 'Object Repository/Final Object Repo/New Registration - Registration Module Pages/Form 1/Registered As a Branch - Yes' is clicked on

2018-12-04 12:06:22 - [TEST_STEP][PASSED] - delay: Delayed 2 second(s)

2018-12-04 12:06:24 - [MESSAGE][PASSED] - Delayed 2 second(s)

2018-12-04 12:06:24 - [TEST_STEP][PASSED] - click: Object: 'Object Repository/Final Object Repo/New Registration - Registration Module Pages/New Reg - OTC to RO/Special Case - All Related Objects/Form 1 Save n Continue' is clicked on

2018-12-04 12:06:24 - [MESSAGE][PASSED] - Object: 'Object Repository/Final Object Repo/New Registration - Registration Module Pages/New Reg - OTC to RO/Special Case - All Related Objects/Form 1 Save n Continue' is clicked on

2018-12-04 12:06:24 - [TEST_STEP][PASSED] - delay: Delayed 2 second(s)

2018-12-04 12:06:26 - [MESSAGE][PASSED] - Delayed 2 second(s)

2018-12-04 12:06:26 - [TEST_STEP][PASSED] - click: Object: 'Object Repository/Final Object Repo/New Registration - Registration Module Pages/New Reg - OTC to RO/Special Case - All Related Objects/Form 2 Save n Continue' is clicked on

2018-12-04 12:06:26 - [MESSAGE][PASSED] - Object: 'Object Repository/Final Object Repo/New Registration - Registration Module Pages/New Reg - OTC to RO/Special Case - All Related Objects/Form 2 Save n Continue' is clicked on

2018-12-04 12:06:26 - [TEST_STEP][PASSED] - delay: Delayed 2 second(s)

2018-12-04 12:06:28 - [MESSAGE][PASSED] - Delayed 2 second(s)

2018-12-04 12:06:28 - [TEST_STEP][PASSED] - click: Object: 'Object Repository/Final Object Repo/New Registration - Registration Module Pages/New Reg - OTC to RO/Special Case - All Related Objects/Third Screen Save n Continue' is clicked on

2018-12-04 12:06:34 - [MESSAGE][PASSED] - Object: 'Object Repository/Final Object Repo/New Registration - Registration Module Pages/New Reg - OTC to RO/Special Case - All Related Objects/Third Screen Save n Continue' is clicked on

2018-12-04 12:06:34 - [TEST_STEP][PASSED] - delay: Delayed 5 second(s)

2018-12-04 12:06:39 - [MESSAGE][PASSED] - Delayed 5 second(s)

2018-12-04 12:06:39 - [TEST_STEP][PASSED] - click: Object: 'Object Repository/Final Object Repo/New Registration - Registration Module Pages/New Reg - OTC to RO/Special Case - All Related Objects/Upload Doc Page Save n Continue' is clicked on

2018-12-04 12:06:39 - [MESSAGE][PASSED] - Object: 'Object Repository/Final Object Repo/New Registration - Registration Module Pages/New Reg - OTC to RO/Special Case - All Related Objects/Upload Doc Page Save n Continue' is clicked on

2018-12-04 12:06:39 - [TEST_STEP][PASSED] - callTestCase: Call Test Case 'Test Cases/Final Aug 2018 - PKS Automation/Registration Module/New Registration/Submit and Screenshot/Submit Registration and Screenshot' successfully

2018-12-04 12:06:39 - [TEST_CASE][PASSED] - Test Cases/Final Aug 2018 - PKS Automation/Registration Module/New Registration/Submit and Screenshot/Submit Registration and Screenshot: Test Cases/Final Aug 2018 - PKS Automation/Registration Module/New Registration/Submit and Screenshot/Submit Registration and Screenshot

2018-12-04 12:06:39 - [TEST_STEP][PASSED] - delay: Delayed 6 second(s)

2018-12-04 12:06:45 - [MESSAGE][PASSED] - Delayed 6 second(s)

2018-12-04 12:06:45 - [TEST_STEP][PASSED] - click: Object: 'Object Repository/Final Object Repo/New Registration - Registration Module Pages/Third Screen - Upload Supporting Doc- Preview/Preview Submit Button' is clicked on

2018-12-04 12:06:45 - [MESSAGE][PASSED] - Object: 'Object Repository/Final Object Repo/New Registration - Registration Module Pages/Third Screen - Upload Supporting Doc- Preview/Preview Submit Button' is clicked on

2018-12-04 12:06:45 - [TEST_STEP][PASSED] - delay: Delayed 2 second(s)

2018-12-04 12:06:47 - [MESSAGE][PASSED] - Delayed 2 second(s)

2018-12-04 12:06:47 - [TEST_STEP][PASSED] - click: Object: 'Object Repository/Final Object Repo/New Registration - Registration Module Pages/Third Screen - Upload Supporting Doc- Preview/Preview Submit - Confirm' is clicked on

2018-12-04 12:06:47 - [MESSAGE][PASSED] - Object: 'Object Repository/Final Object Repo/New Registration - Registration Module Pages/Third Screen - Upload Supporting Doc- Preview/Preview Submit - Confirm' is clicked on

2018-12-04 12:06:47 - [TEST_STEP][PASSED] - delay: Delayed 15 second(s)

2018-12-04 12:07:02 - [MESSAGE][PASSED] - Delayed 15 second(s)

2018-12-04 12:07:02 - [TEST_STEP][PASSED] - Statement - driver = com.kms.katalon.core.webui.driver.DriverFactory.getWebDriver(): null

2018-12-04 12:07:02 - [TEST_STEP][PASSED] - Statement - driver.manage().timeouts().implicitlyWait(10, SECONDS): null

2018-12-04 12:07:02 - [TEST_STEP][PASSED] - Statement - PresavePath = KatalonScreenshots: null

2018-12-04 12:07:02 - [TEST_STEP][PASSED] - Statement - pathPrefix = "C:\Users\Public\Pictures\Sample Pictures\Katalon Screenshots\Automate Ending Screen": null

2018-12-04 12:07:02 - [TEST_STEP][PASSED] - Statement - finalPath = <not implemented yet for class: org.codehaus.groovy.ast.expr.EmptyExpression>: null

2018-12-04 12:07:02 - [TEST_STEP][PASSED] - Statement - scrFile = driver.getScreenshotAs(FILE): null

2018-12-04 12:07:03 - [TEST_STEP][PASSED] - Statement - PreSaveFile = new java.io.File(PresavePath): null

2018-12-04 12:07:03 - [TEST_STEP][PASSED] - Statement - counter = 0: null

2018-12-04 12:07:03 - [TEST_STEP][PASSED] - Statement - If (PreSaveFile.exists()): null

2018-12-04 12:07:03 - [TEST_STEP][PASSED] - Statement - While (PreSaveFile.exists()): null

2018-12-04 12:07:03 - [TEST_STEP][PASSED] - Statement - counter = counter + 1: null

2018-12-04 12:07:03 - [TEST_STEP][PASSED] - Statement - PreSaveFile = new java.io.File(((pathPrefix + java.lang.Integer.toString(counter)) + .png)): null

2018-12-04 12:07:03 - [TEST_STEP][PASSED] - Statement - counter = counter + 1: null

2018-12-04 12:07:03 - [TEST_STEP][PASSED] - Statement - PreSaveFile = new java.io.File(((pathPrefix + java.lang.Integer.toString(counter)) + .png)): null

2018-12-04 12:07:03 - [TEST_STEP][PASSED] - Statement - counter = counter + 1: null

2018-12-04 12:07:03 - [TEST_STEP][PASSED] - Statement - PreSaveFile = new java.io.File(((pathPrefix + java.lang.Integer.toString(counter)) + .png)): null

2018-12-04 12:07:03 - [TEST_STEP][PASSED] - Statement - counter = counter + 1: null

2018-12-04 12:07:03 - [TEST_STEP][PASSED] - Statement - PreSaveFile = new java.io.File(((pathPrefix + java.lang.Integer.toString(counter)) + .png)): null

2018-12-04 12:07:03 - [TEST_STEP][PASSED] - Statement - counter = counter + 1: null

2018-12-04 12:07:03 - [TEST_STEP][PASSED] - Statement - PreSaveFile = new java.io.File(((pathPrefix + java.lang.Integer.toString(counter)) + .png)): null

2018-12-04 12:07:03 - [TEST_STEP][PASSED] - Statement - counter = counter + 1: null

2018-12-04 12:07:03 - [TEST_STEP][PASSED] - Statement - PreSaveFile = new java.io.File(((pathPrefix + java.lang.Integer.toString(counter)) + .png)): null

2018-12-04 12:07:03 - [TEST_STEP][PASSED] - Statement - counter = counter + 1: null

2018-12-04 12:07:03 - [TEST_STEP][PASSED] - Statement - PreSaveFile = new java.io.File(((pathPrefix + java.lang.Integer.toString(counter)) + .png)): null

2018-12-04 12:07:03 - [TEST_STEP][PASSED] - Statement - counter = counter + 1: null

2018-12-04 12:07:03 - [TEST_STEP][PASSED] - Statement - PreSaveFile = new java.io.File(((pathPrefix + java.lang.Integer.toString(counter)) + .png)): null

2018-12-04 12:07:03 - [TEST_STEP][PASSED] - Statement - counter = counter + 1: null

2018-12-04 12:07:03 - [TEST_STEP][PASSED] - Statement - PreSaveFile = new java.io.File(((pathPrefix + java.lang.Integer.toString(counter)) + .png)): null

2018-12-04 12:07:03 - [TEST_STEP][PASSED] - Statement - counter = counter + 1: null

2018-12-04 12:07:03 - [TEST_STEP][PASSED] - Statement - PreSaveFile = new java.io.File(((pathPrefix + java.lang.Integer.toString(counter)) + .png)): null

2018-12-04 12:07:03 - [TEST_STEP][PASSED] - Statement - counter = counter + 1: null

2018-12-04 12:07:03 - [TEST_STEP][PASSED] - Statement - PreSaveFile = new java.io.File(((pathPrefix + java.lang.Integer.toString(counter)) + .png)): null

2018-12-04 12:07:03 - [TEST_STEP][PASSED] - Statement - counter = counter + 1: null

2018-12-04 12:07:03 - [TEST_STEP][PASSED] - Statement - PreSaveFile = new java.io.File(((pathPrefix + java.lang.Integer.toString(counter)) + .png)): null

2018-12-04 12:07:03 - [TEST_STEP][PASSED] - Statement - counter = counter + 1: null

2018-12-04 12:07:03 - [TEST_STEP][PASSED] - Statement - PreSaveFile = new java.io.File(((pathPrefix + java.lang.Integer.toString(counter)) + .png)): null

2018-12-04 12:07:03 - [TEST_STEP][PASSED] - Statement - counter = counter + 1: null

2018-12-04 12:07:03 - [TEST_STEP][PASSED] - Statement - PreSaveFile = new java.io.File(((pathPrefix + java.lang.Integer.toString(counter)) + .png)): null

2018-12-04 12:07:03 - [TEST_STEP][PASSED] - Statement - counter = counter + 1: null

2018-12-04 12:07:03 - [TEST_STEP][PASSED] - Statement - PreSaveFile = new java.io.File(((pathPrefix + java.lang.Integer.toString(counter)) + .png)): null

2018-12-04 12:07:04 - [TEST_STEP][PASSED] - Statement - counter = counter + 1: null

2018-12-04 12:07:04 - [TEST_STEP][PASSED] - Statement - PreSaveFile = new java.io.File(((pathPrefix + java.lang.Integer.toString(counter)) + .png)): null

2018-12-04 12:07:04 - [TEST_STEP][PASSED] - Statement - counter = counter + 1: null

2018-12-04 12:07:06 - [TEST_STEP][PASSED] - Statement - PreSaveFile = new java.io.File(((pathPrefix + java.lang.Integer.toString(counter)) + .png)): null

2018-12-04 12:07:06 - [TEST_STEP][PASSED] - Statement - counter = counter + 1: null

2018-12-04 12:07:06 - [TEST_STEP][PASSED] - Statement - PreSaveFile = new java.io.File(((pathPrefix + java.lang.Integer.toString(counter)) + .png)): null

2018-12-04 12:07:06 - [TEST_STEP][PASSED] - Statement - counter = counter + 1: null

2018-12-04 12:07:06 - [TEST_STEP][PASSED] - Statement - PreSaveFile = new java.io.File(((pathPrefix + java.lang.Integer.toString(counter)) + .png)): null

2018-12-04 12:07:06 - [TEST_STEP][PASSED] - Statement - counter = counter + 1: null

2018-12-04 12:07:06 - [TEST_STEP][PASSED] - Statement - PreSaveFile = new java.io.File(((pathPrefix + java.lang.Integer.toString(counter)) + .png)): null

2018-12-04 12:07:06 - [TEST_STEP][PASSED] - Statement - counter = counter + 1: null

2018-12-04 12:07:06 - [TEST_STEP][PASSED] - Statement - PreSaveFile = new java.io.File(((pathPrefix + java.lang.Integer.toString(counter)) + .png)): null

2018-12-04 12:07:06 - [TEST_STEP][PASSED] - Statement - counter = counter + 1: null

2018-12-04 12:07:06 - [TEST_STEP][PASSED] - Statement - PreSaveFile = new java.io.File(((pathPrefix + java.lang.Integer.toString(counter)) + .png)): null

2018-12-04 12:07:06 - [TEST_STEP][PASSED] - Statement - counter = counter + 1: null

2018-12-04 12:07:06 - [TEST_STEP][PASSED] - Statement - PreSaveFile = new java.io.File(((pathPrefix + java.lang.Integer.toString(counter)) + .png)): null

2018-12-04 12:07:06 - [TEST_STEP][PASSED] - Statement - counter = counter + 1: null

2018-12-04 12:07:06 - [TEST_STEP][PASSED] - Statement - PreSaveFile = new java.io.File(((pathPrefix + java.lang.Integer.toString(counter)) + .png)): null

2018-12-04 12:07:06 - [TEST_STEP][PASSED] - Statement - counter = counter + 1: null

2018-12-04 12:07:06 - [TEST_STEP][PASSED] - Statement - PreSaveFile = new java.io.File(((pathPrefix + java.lang.Integer.toString(counter)) + .png)): null

2018-12-04 12:07:06 - [TEST_STEP][PASSED] - Statement - counter = counter + 1: null

2018-12-04 12:07:06 - [TEST_STEP][PASSED] - Statement - PreSaveFile = new java.io.File(((pathPrefix + java.lang.Integer.toString(counter)) + .png)): null

2018-12-04 12:07:07 - [TEST_STEP][PASSED] - Statement - counter = counter + 1: null

2018-12-04 12:07:07 - [TEST_STEP][PASSED] - Statement - PreSaveFile = new java.io.File(((pathPrefix + java.lang.Integer.toString(counter)) + .png)): null

2018-12-04 12:07:07 - [TEST_STEP][PASSED] - Statement - counter = counter + 1: null

2018-12-04 12:07:07 - [TEST_STEP][PASSED] - Statement - PreSaveFile = new java.io.File(((pathPrefix + java.lang.Integer.toString(counter)) + .png)): null

2018-12-04 12:07:07 - [TEST_STEP][PASSED] - Statement - counter = counter + 1: null

2018-12-04 12:07:07 - [TEST_STEP][PASSED] - Statement - PreSaveFile = new java.io.File(((pathPrefix + java.lang.Integer.toString(counter)) + .png)): null

2018-12-04 12:07:07 - [TEST_STEP][PASSED] - Statement - counter = counter + 1: null

2018-12-04 12:07:07 - [TEST_STEP][PASSED] - Statement - PreSaveFile = new java.io.File(((pathPrefix + java.lang.Integer.toString(counter)) + .png)): null

2018-12-04 12:07:07 - [TEST_STEP][PASSED] - Statement - counter = counter + 1: null

2018-12-04 12:07:09 - [TEST_STEP][PASSED] - Statement - PreSaveFile = new java.io.File(((pathPrefix + java.lang.Integer.toString(counter)) + .png)): null

2018-12-04 12:07:09 - [TEST_STEP][PASSED] - Statement - counter = counter + 1: null

2018-12-04 12:07:09 - [TEST_STEP][PASSED] - Statement - PreSaveFile = new java.io.File(((pathPrefix + java.lang.Integer.toString(counter)) + .png)): null

2018-12-04 12:07:09 - [TEST_STEP][PASSED] - Statement - counter = counter + 1: null

2018-12-04 12:07:09 - [TEST_STEP][PASSED] - Statement - PreSaveFile = new java.io.File(((pathPrefix + java.lang.Integer.toString(counter)) + .png)): null

2018-12-04 12:07:09 - [TEST_STEP][PASSED] - Statement - counter = counter + 1: null

2018-12-04 12:07:09 - [TEST_STEP][PASSED] - Statement - PreSaveFile = new java.io.File(((pathPrefix + java.lang.Integer.toString(counter)) + .png)): null

2018-12-04 12:07:09 - [TEST_STEP][PASSED] - Statement - counter = counter + 1: null

2018-12-04 12:07:09 - [TEST_STEP][PASSED] - Statement - PreSaveFile = new java.io.File(((pathPrefix + java.lang.Integer.toString(counter)) + .png)): null

2018-12-04 12:07:09 - [TEST_STEP][PASSED] - Statement - counter = counter + 1: null

2018-12-04 12:07:10 - [TEST_STEP][PASSED] - Statement - PreSaveFile = new java.io.File(((pathPrefix + java.lang.Integer.toString(counter)) + .png)): null

2018-12-04 12:07:10 - [TEST_STEP][PASSED] - Statement - counter = counter + 1: null

2018-12-04 12:07:10 - [TEST_STEP][PASSED] - Statement - PreSaveFile = new java.io.File(((pathPrefix + java.lang.Integer.toString(counter)) + .png)): null

2018-12-04 12:07:10 - [TEST_STEP][PASSED] - Statement - counter = counter + 1: null

2018-12-04 12:07:10 - [TEST_STEP][PASSED] - Statement - PreSaveFile = new java.io.File(((pathPrefix + java.lang.Integer.toString(counter)) + .png)): null

2018-12-04 12:07:10 - [TEST_STEP][PASSED] - Statement - counter = counter + 1: null

2018-12-04 12:07:10 - [TEST_STEP][PASSED] - Statement - PreSaveFile = new java.io.File(((pathPrefix + java.lang.Integer.toString(counter)) + .png)): null

2018-12-04 12:07:10 - [TEST_STEP][PASSED] - Statement - counter = counter + 1: null

2018-12-04 12:07:10 - [TEST_STEP][PASSED] - Statement - PreSaveFile = new java.io.File(((pathPrefix + java.lang.Integer.toString(counter)) + .png)): null

2018-12-04 12:07:10 - [TEST_STEP][PASSED] - Statement - counter = counter + 1: null

2018-12-04 12:07:12 - [TEST_STEP][PASSED] - Statement - PreSaveFile = new java.io.File(((pathPrefix + java.lang.Integer.toString(counter)) + .png)): null

2018-12-04 12:07:12 - [TEST_STEP][PASSED] - Statement - counter = counter + 1: null

2018-12-04 12:07:12 - [TEST_STEP][PASSED] - Statement - PreSaveFile = new java.io.File(((pathPrefix + java.lang.Integer.toString(counter)) + .png)): null

2018-12-04 12:07:12 - [TEST_STEP][PASSED] - Statement - counter = counter + 1: null

2018-12-04 12:07:12 - [TEST_STEP][PASSED] - Statement - PreSaveFile = new java.io.File(((pathPrefix + java.lang.Integer.toString(counter)) + .png)): null

2018-12-04 12:07:12 - [TEST_STEP][PASSED] - Statement - counter = counter + 1: null

2018-12-04 12:07:12 - [TEST_STEP][PASSED] - Statement - PreSaveFile = new java.io.File(((pathPrefix + java.lang.Integer.toString(counter)) + .png)): null

2018-12-04 12:07:12 - [TEST_STEP][PASSED] - Statement - counter = counter + 1: null

2018-12-04 12:07:12 - [TEST_STEP][PASSED] - Statement - PreSaveFile = new java.io.File(((pathPrefix + java.lang.Integer.toString(counter)) + .png)): null

2018-12-04 12:07:14 - [TEST_STEP][PASSED] - Statement - counter = counter + 1: null

2018-12-04 12:07:14 - [TEST_STEP][PASSED] - Statement - PreSaveFile = new java.io.File(((pathPrefix + java.lang.Integer.toString(counter)) + .png)): null

2018-12-04 12:07:14 - [TEST_STEP][PASSED] - Statement - counter = counter + 1: null

2018-12-04 12:07:14 - [TEST_STEP][PASSED] - Statement - PreSaveFile = new java.io.File(((pathPrefix + java.lang.Integer.toString(counter)) + .png)): null

2018-12-04 12:07:14 - [TEST_STEP][PASSED] - Statement - counter = counter + 1: null

2018-12-04 12:07:14 - [TEST_STEP][PASSED] - Statement - PreSaveFile = new java.io.File(((pathPrefix + java.lang.Integer.toString(counter)) + .png)): null

2018-12-04 12:07:14 - [TEST_STEP][PASSED] - Statement - counter = counter + 1: null

2018-12-04 12:07:14 - [TEST_STEP][PASSED] - Statement - PreSaveFile = new java.io.File(((pathPrefix + java.lang.Integer.toString(counter)) + .png)): null

2018-12-04 12:07:14 - [TEST_STEP][PASSED] - Statement - counter = counter + 1: null

2018-12-04 12:07:15 - [TEST_STEP][PASSED] - Statement - PreSaveFile = new java.io.File(((pathPrefix + java.lang.Integer.toString(counter)) + .png)): null

2018-12-04 12:07:15 - [TEST_STEP][PASSED] - Statement - counter = counter + 1: null

2018-12-04 12:07:15 - [TEST_STEP][PASSED] - Statement - PreSaveFile = new java.io.File(((pathPrefix + java.lang.Integer.toString(counter)) + .png)): null

2018-12-04 12:07:15 - [TEST_STEP][PASSED] - Statement - counter = counter + 1: null

2018-12-04 12:07:15 - [TEST_STEP][PASSED] - Statement - PreSaveFile = new java.io.File(((pathPrefix + java.lang.Integer.toString(counter)) + .png)): null

2018-12-04 12:07:15 - [TEST_STEP][PASSED] - Statement - counter = counter + 1: null

2018-12-04 12:07:15 - [TEST_STEP][PASSED] - Statement - PreSaveFile = new java.io.File(((pathPrefix + java.lang.Integer.toString(counter)) + .png)): null

2018-12-04 12:07:15 - [TEST_STEP][PASSED] - Statement - counter = counter + 1: null

2018-12-04 12:07:15 - [TEST_STEP][PASSED] - Statement - PreSaveFile = new java.io.File(((pathPrefix + java.lang.Integer.toString(counter)) + .png)): null

2018-12-04 12:07:15 - [TEST_STEP][PASSED] - Statement - counter = counter + 1: null

2018-12-04 12:07:17 - [TEST_STEP][PASSED] - Statement - PreSaveFile = new java.io.File(((pathPrefix + java.lang.Integer.toString(counter)) + .png)): null

2018-12-04 12:07:17 - [TEST_STEP][PASSED] - Statement - counter = counter + 1: null

2018-12-04 12:07:17 - [TEST_STEP][PASSED] - Statement - PreSaveFile = new java.io.File(((pathPrefix + java.lang.Integer.toString(counter)) + .png)): null

2018-12-04 12:07:17 - [TEST_STEP][PASSED] - Statement - counter = counter + 1: null

2018-12-04 12:07:17 - [TEST_STEP][PASSED] - Statement - PreSaveFile = new java.io.File(((pathPrefix + java.lang.Integer.toString(counter)) + .png)): null

2018-12-04 12:07:17 - [TEST_STEP][PASSED] - Statement - counter = counter + 1: null

2018-12-04 12:07:17 - [TEST_STEP][PASSED] - Statement - PreSaveFile = new java.io.File(((pathPrefix + java.lang.Integer.toString(counter)) + .png)): null

2018-12-04 12:07:17 - [TEST_STEP][PASSED] - Statement - counter = counter + 1: null

2018-12-04 12:07:17 - [TEST_STEP][PASSED] - Statement - PreSaveFile = new java.io.File(((pathPrefix + java.lang.Integer.toString(counter)) + .png)): null

2018-12-04 12:07:17 - [TEST_STEP][PASSED] - Statement - counter = counter + 1: null

2018-12-04 12:07:18 - [TEST_STEP][PASSED] - Statement - PreSaveFile = new java.io.File(((pathPrefix + java.lang.Integer.toString(counter)) + .png)): null

2018-12-04 12:07:18 - [TEST_STEP][PASSED] - Statement - counter = counter + 1: null

2018-12-04 12:07:18 - [TEST_STEP][PASSED] - Statement - PreSaveFile = new java.io.File(((pathPrefix + java.lang.Integer.toString(counter)) + .png)): null

2018-12-04 12:07:18 - [TEST_STEP][PASSED] - Statement - counter = counter + 1: null

2018-12-04 12:07:18 - [TEST_STEP][PASSED] - Statement - PreSaveFile = new java.io.File(((pathPrefix + java.lang.Integer.toString(counter)) + .png)): null

2018-12-04 12:07:18 - [TEST_STEP][PASSED] - Statement - counter = counter + 1: null

2018-12-04 12:07:18 - [TEST_STEP][PASSED] - Statement - PreSaveFile = new java.io.File(((pathPrefix + java.lang.Integer.toString(counter)) + .png)): null

2018-12-04 12:07:18 - [TEST_STEP][PASSED] - Statement - counter = counter + 1: null

2018-12-04 12:07:18 - [TEST_STEP][PASSED] - Statement - PreSaveFile = new java.io.File(((pathPrefix + java.lang.Integer.toString(counter)) + .png)): null

2018-12-04 12:07:18 - [TEST_STEP][PASSED] - Statement - counter = counter + 1: null

2018-12-04 12:07:20 - [TEST_STEP][PASSED] - Statement - PreSaveFile = new java.io.File(((pathPrefix + java.lang.Integer.toString(counter)) + .png)): null

2018-12-04 12:07:20 - [TEST_STEP][PASSED] - Statement - counter = counter + 1: null

2018-12-04 12:07:20 - [TEST_STEP][PASSED] - Statement - PreSaveFile = new java.io.File(((pathPrefix + java.lang.Integer.toString(counter)) + .png)): null

2018-12-04 12:07:20 - [TEST_STEP][PASSED] - Statement - counter = counter + 1: null

2018-12-04 12:07:20 - [TEST_STEP][PASSED] - Statement - PreSaveFile = new java.io.File(((pathPrefix + java.lang.Integer.toString(counter)) + .png)): null

2018-12-04 12:07:20 - [TEST_STEP][PASSED] - Statement - counter = counter + 1: null

2018-12-04 12:07:20 - [TEST_STEP][PASSED] - Statement - PreSaveFile = new java.io.File(((pathPrefix + java.lang.Integer.toString(counter)) + .png)): null

2018-12-04 12:07:20 - [TEST_STEP][PASSED] - Statement - counter = counter + 1: null

2018-12-04 12:07:20 - [TEST_STEP][PASSED] - Statement - PreSaveFile = new java.io.File(((pathPrefix + java.lang.Integer.toString(counter)) + .png)): null

2018-12-04 12:07:21 - [TEST_STEP][PASSED] - Statement - counter = counter + 1: null

2018-12-04 12:07:21 - [TEST_STEP][PASSED] - Statement - PreSaveFile = new java.io.File(((pathPrefix + java.lang.Integer.toString(counter)) + .png)): null

2018-12-04 12:07:21 - [TEST_STEP][PASSED] - Statement - counter = counter + 1: null

2018-12-04 12:07:21 - [TEST_STEP][PASSED] - Statement - PreSaveFile = new java.io.File(((pathPrefix + java.lang.Integer.toString(counter)) + .png)): null

2018-12-04 12:07:21 - [TEST_STEP][PASSED] - Statement - counter = counter + 1: null

2018-12-04 12:07:21 - [TEST_STEP][PASSED] - Statement - PreSaveFile = new java.io.File(((pathPrefix + java.lang.Integer.toString(counter)) + .png)): null

2018-12-04 12:07:21 - [TEST_STEP][PASSED] - Statement - counter = counter + 1: null

2018-12-04 12:07:21 - [TEST_STEP][PASSED] - Statement - PreSaveFile = new java.io.File(((pathPrefix + java.lang.Integer.toString(counter)) + .png)): null

2018-12-04 12:07:21 - [TEST_STEP][PASSED] - Statement - counter = counter + 1: null

2018-12-04 12:07:23 - [TEST_STEP][PASSED] - Statement - PreSaveFile = new java.io.File(((pathPrefix + java.lang.Integer.toString(counter)) + .png)): null

2018-12-04 12:07:23 - [TEST_STEP][PASSED] - Statement - counter = counter + 1: null

2018-12-04 12:07:23 - [TEST_STEP][PASSED] - Statement - PreSaveFile = new java.io.File(((pathPrefix + java.lang.Integer.toString(counter)) + .png)): null

2018-12-04 12:07:23 - [TEST_STEP][PASSED] - Statement - counter = counter + 1: null

2018-12-04 12:07:23 - [TEST_STEP][PASSED] - Statement - PreSaveFile = new java.io.File(((pathPrefix + java.lang.Integer.toString(counter)) + .png)): null

2018-12-04 12:07:23 - [TEST_STEP][PASSED] - Statement - counter = counter + 1: null

2018-12-04 12:07:23 - [TEST_STEP][PASSED] - Statement - PreSaveFile = new java.io.File(((pathPrefix + java.lang.Integer.toString(counter)) + .png)): null

2018-12-04 12:07:23 - [TEST_STEP][PASSED] - Statement - counter = counter + 1: null

2018-12-04 12:07:23 - [TEST_STEP][PASSED] - Statement - PreSaveFile = new java.io.File(((pathPrefix + java.lang.Integer.toString(counter)) + .png)): null

2018-12-04 12:07:23 - [TEST_STEP][PASSED] - Statement - counter = counter + 1: null

2018-12-04 12:07:25 - [TEST_STEP][PASSED] - Statement - PreSaveFile = new java.io.File(((pathPrefix + java.lang.Integer.toString(counter)) + .png)): null

2018-12-04 12:07:25 - [TEST_STEP][PASSED] - Statement - counter = counter + 1: null

2018-12-04 12:07:25 - [TEST_STEP][PASSED] - Statement - PreSaveFile = new java.io.File(((pathPrefix + java.lang.Integer.toString(counter)) + .png)): null

2018-12-04 12:07:25 - [TEST_STEP][PASSED] - Statement - counter = counter + 1: null

2018-12-04 12:07:25 - [TEST_STEP][PASSED] - Statement - PreSaveFile = new java.io.File(((pathPrefix + java.lang.Integer.toString(counter)) + .png)): null

2018-12-04 12:07:25 - [TEST_STEP][PASSED] - Statement - counter = counter + 1: null

2018-12-04 12:07:25 - [TEST_STEP][PASSED] - Statement - PreSaveFile = new java.io.File(((pathPrefix + java.lang.Integer.toString(counter)) + .png)): null

2018-12-04 12:07:25 - [TEST_STEP][PASSED] - Statement - counter = counter + 1: null

2018-12-04 12:07:25 - [TEST_STEP][PASSED] - Statement - PreSaveFile = new java.io.File(((pathPrefix + java.lang.Integer.toString(counter)) + .png)): null

2018-12-04 12:07:25 - [TEST_STEP][PASSED] - Statement - counter = counter + 1: null

2018-12-04 12:07:26 - [TEST_STEP][PASSED] - Statement - PreSaveFile = new java.io.File(((pathPrefix + java.lang.Integer.toString(counter)) + .png)): null

2018-12-04 12:07:26 - [TEST_STEP][PASSED] - Statement - counter = counter + 1: null

2018-12-04 12:07:26 - [TEST_STEP][PASSED] - Statement - PreSaveFile = new java.io.File(((pathPrefix + java.lang.Integer.toString(counter)) + .png)): null

2018-12-04 12:07:26 - [TEST_STEP][PASSED] - Statement - counter = counter + 1: null

2018-12-04 12:07:26 - [TEST_STEP][PASSED] - Statement - PreSaveFile = new java.io.File(((pathPrefix + java.lang.Integer.toString(counter)) + .png)): null

2018-12-04 12:07:26 - [TEST_STEP][PASSED] - Statement - counter = counter + 1: null

2018-12-04 12:07:26 - [TEST_STEP][PASSED] - Statement - PreSaveFile = new java.io.File(((pathPrefix + java.lang.Integer.toString(counter)) + .png)): null

2018-12-04 12:07:26 - [TEST_STEP][PASSED] - Statement - counter = counter + 1: null

2018-12-04 12:07:26 - [TEST_STEP][PASSED] - Statement - PreSaveFile = new java.io.File(((pathPrefix + java.lang.Integer.toString(counter)) + .png)): null

2018-12-04 12:07:28 - [TEST_STEP][PASSED] - Statement - counter = counter + 1: null

2018-12-04 12:07:28 - [TEST_STEP][PASSED] - Statement - PreSaveFile = new java.io.File(((pathPrefix + java.lang.Integer.toString(counter)) + .png)): null

2018-12-04 12:07:28 - [TEST_STEP][PASSED] - Statement - counter = counter + 1: null

2018-12-04 12:07:28 - [TEST_STEP][PASSED] - Statement - PreSaveFile = new java.io.File(((pathPrefix + java.lang.Integer.toString(counter)) + .png)): null

2018-12-04 12:07:28 - [TEST_STEP][PASSED] - Statement - counter = counter + 1: null

2018-12-04 12:07:28 - [TEST_STEP][PASSED] - Statement - PreSaveFile = new java.io.File(((pathPrefix + java.lang.Integer.toString(counter)) + .png)): null

2018-12-04 12:07:28 - [TEST_STEP][PASSED] - Statement - counter = counter + 1: null

2018-12-04 12:07:28 - [TEST_STEP][PASSED] - Statement - PreSaveFile = new java.io.File(((pathPrefix + java.lang.Integer.toString(counter)) + .png)): null

2018-12-04 12:07:28 - [TEST_STEP][PASSED] - Statement - counter = counter + 1: null

2018-12-04 12:07:28 - [TEST_STEP][PASSED] - Statement - PreSaveFile = new java.io.File(((pathPrefix + java.lang.Integer.toString(counter)) + .png)): null

2018-12-04 12:07:30 - [TEST_STEP][PASSED] - Statement - counter = counter + 1: null

2018-12-04 12:07:30 - [TEST_STEP][PASSED] - Statement - PreSaveFile = new java.io.File(((pathPrefix + java.lang.Integer.toString(counter)) + .png)): null

2018-12-04 12:07:30 - [TEST_STEP][PASSED] - Statement - counter = counter + 1: null

2018-12-04 12:07:30 - [TEST_STEP][PASSED] - Statement - PreSaveFile = new java.io.File(((pathPrefix + java.lang.Integer.toString(counter)) + .png)): null

2018-12-04 12:07:30 - [TEST_STEP][PASSED] - Statement - counter = counter + 1: null

2018-12-04 12:07:30 - [TEST_STEP][PASSED] - Statement - PreSaveFile = new java.io.File(((pathPrefix + java.lang.Integer.toString(counter)) + .png)): null

2018-12-04 12:07:30 - [TEST_STEP][PASSED] - Statement - counter = counter + 1: null

2018-12-04 12:07:30 - [TEST_STEP][PASSED] - Statement - PreSaveFile = new java.io.File(((pathPrefix + java.lang.Integer.toString(counter)) + .png)): null

2018-12-04 12:07:30 - [TEST_STEP][PASSED] - Statement - counter = counter + 1: null

2018-12-04 12:07:31 - [TEST_STEP][PASSED] - Statement - PreSaveFile = new java.io.File(((pathPrefix + java.lang.Integer.toString(counter)) + .png)): null

2018-12-04 12:07:31 - [TEST_STEP][PASSED] - Statement - counter = counter + 1: null

2018-12-04 12:07:31 - [TEST_STEP][PASSED] - Statement - PreSaveFile = new java.io.File(((pathPrefix + java.lang.Integer.toString(counter)) + .png)): null

2018-12-04 12:07:31 - [TEST_STEP][PASSED] - Statement - counter = counter + 1: null

2018-12-04 12:07:31 - [TEST_STEP][PASSED] - Statement - PreSaveFile = new java.io.File(((pathPrefix + java.lang.Integer.toString(counter)) + .png)): null

2018-12-04 12:07:31 - [TEST_STEP][PASSED] - Statement - counter = counter + 1: null

2018-12-04 12:07:31 - [TEST_STEP][PASSED] - Statement - PreSaveFile = new java.io.File(((pathPrefix + java.lang.Integer.toString(counter)) + .png)): null

2018-12-04 12:07:31 - [TEST_STEP][PASSED] - Statement - counter = counter + 1: null

2018-12-04 12:07:31 - [TEST_STEP][PASSED] - Statement - PreSaveFile = new java.io.File(((pathPrefix + java.lang.Integer.toString(counter)) + .png)): null

2018-12-04 12:07:31 - [TEST_STEP][PASSED] - Statement - counter = counter + 1: null

2018-12-04 12:07:33 - [TEST_STEP][PASSED] - Statement - PreSaveFile = new java.io.File(((pathPrefix + java.lang.Integer.toString(counter)) + .png)): null

2018-12-04 12:07:33 - [TEST_STEP][PASSED] - Statement - counter = counter + 1: null

2018-12-04 12:07:33 - [TEST_STEP][PASSED] - Statement - PreSaveFile = new java.io.File(((pathPrefix + java.lang.Integer.toString(counter)) + .png)): null

2018-12-04 12:07:33 - [TEST_STEP][PASSED] - Statement - counter = counter + 1: null

2018-12-04 12:07:33 - [TEST_STEP][PASSED] - Statement - PreSaveFile = new java.io.File(((pathPrefix + java.lang.Integer.toString(counter)) + .png)): null

2018-12-04 12:07:33 - [TEST_STEP][PASSED] - Statement - counter = counter + 1: null

2018-12-04 12:07:33 - [TEST_STEP][PASSED] - Statement - PreSaveFile = new java.io.File(((pathPrefix + java.lang.Integer.toString(counter)) + .png)): null

2018-12-04 12:07:33 - [TEST_STEP][PASSED] - Statement - counter = counter + 1: null

2018-12-04 12:07:33 - [TEST_STEP][PASSED] - Statement - PreSaveFile = new java.io.File(((pathPrefix + java.lang.Integer.toString(counter)) + .png)): null

2018-12-04 12:07:33 - [TEST_STEP][PASSED] - Statement - counter = counter + 1: null

2018-12-04 12:07:35 - [TEST_STEP][PASSED] - Statement - PreSaveFile = new java.io.File(((pathPrefix + java.lang.Integer.toString(counter)) + .png)): null

2018-12-04 12:07:35 - [TEST_STEP][PASSED] - Statement - counter = counter + 1: null

2018-12-04 12:07:35 - [TEST_STEP][PASSED] - Statement - PreSaveFile = new java.io.File(((pathPrefix + java.lang.Integer.toString(counter)) + .png)): null

2018-12-04 12:07:35 - [TEST_STEP][PASSED] - Statement - counter = counter + 1: null

2018-12-04 12:07:35 - [TEST_STEP][PASSED] - Statement - PreSaveFile = new java.io.File(((pathPrefix + java.lang.Integer.toString(counter)) + .png)): null

2018-12-04 12:07:35 - [TEST_STEP][PASSED] - Statement - counter = counter + 1: null

2018-12-04 12:07:35 - [TEST_STEP][PASSED] - Statement - PreSaveFile = new java.io.File(((pathPrefix + java.lang.Integer.toString(counter)) + .png)): null

2018-12-04 12:07:35 - [TEST_STEP][PASSED] - Statement - counter = counter + 1: null

2018-12-04 12:07:35 - [TEST_STEP][PASSED] - Statement - PreSaveFile = new java.io.File(((pathPrefix + java.lang.Integer.toString(counter)) + .png)): null

2018-12-04 12:07:36 - [TEST_STEP][PASSED] - Statement - counter = counter + 1: null

2018-12-04 12:07:36 - [TEST_STEP][PASSED] - Statement - PreSaveFile = new java.io.File(((pathPrefix + java.lang.Integer.toString(counter)) + .png)): null

2018-12-04 12:07:36 - [TEST_STEP][PASSED] - Statement - counter = counter + 1: null

2018-12-04 12:07:36 - [TEST_STEP][PASSED] - Statement - PreSaveFile = new java.io.File(((pathPrefix + java.lang.Integer.toString(counter)) + .png)): null

2018-12-04 12:07:36 - [TEST_STEP][PASSED] - Statement - counter = counter + 1: null

2018-12-04 12:07:36 - [TEST_STEP][PASSED] - Statement - PreSaveFile = new java.io.File(((pathPrefix + java.lang.Integer.toString(counter)) + .png)): null

2018-12-04 12:07:36 - [TEST_STEP][PASSED] - Statement - counter = counter + 1: null

2018-12-04 12:07:36 - [TEST_STEP][PASSED] - Statement - PreSaveFile = new java.io.File(((pathPrefix + java.lang.Integer.toString(counter)) + .png)): null

2018-12-04 12:07:36 - [TEST_STEP][PASSED] - Statement - counter = counter + 1: null

2018-12-04 12:07:38 - [TEST_STEP][PASSED] - Statement - PreSaveFile = new java.io.File(((pathPrefix + java.lang.Integer.toString(counter)) + .png)): null

2018-12-04 12:07:38 - [TEST_STEP][PASSED] - Statement - counter = counter + 1: null

2018-12-04 12:07:38 - [TEST_STEP][PASSED] - Statement - PreSaveFile = new java.io.File(((pathPrefix + java.lang.Integer.toString(counter)) + .png)): null

2018-12-04 12:07:38 - [TEST_STEP][PASSED] - Statement - counter = counter + 1: null

2018-12-04 12:07:38 - [TEST_STEP][PASSED] - Statement - PreSaveFile = new java.io.File(((pathPrefix + java.lang.Integer.toString(counter)) + .png)): null

2018-12-04 12:07:38 - [TEST_STEP][PASSED] - Statement - counter = counter + 1: null

2018-12-04 12:07:38 - [TEST_STEP][PASSED] - Statement - PreSaveFile = new java.io.File(((pathPrefix + java.lang.Integer.toString(counter)) + .png)): null

2018-12-04 12:07:38 - [TEST_STEP][PASSED] - Statement - counter = counter + 1: null

2018-12-04 12:07:38 - [TEST_STEP][PASSED] - Statement - PreSaveFile = new java.io.File(((pathPrefix + java.lang.Integer.toString(counter)) + .png)): null

2018-12-04 12:07:38 - [TEST_STEP][PASSED] - Statement - counter = counter + 1: null

2018-12-04 12:07:39 - [TEST_STEP][PASSED] - Statement - PreSaveFile = new java.io.File(((pathPrefix + java.lang.Integer.toString(counter)) + .png)): null

2018-12-04 12:07:39 - [TEST_STEP][PASSED] - Statement - counter = counter + 1: null

2018-12-04 12:07:39 - [TEST_STEP][PASSED] - Statement - PreSaveFile = new java.io.File(((pathPrefix + java.lang.Integer.toString(counter)) + .png)): null

2018-12-04 12:07:39 - [TEST_STEP][PASSED] - Statement - counter = counter + 1: null

2018-12-04 12:07:39 - [TEST_STEP][PASSED] - Statement - PreSaveFile = new java.io.File(((pathPrefix + java.lang.Integer.toString(counter)) + .png)): null

2018-12-04 12:07:39 - [TEST_STEP][PASSED] - Statement - counter = counter + 1: null

2018-12-04 12:07:39 - [TEST_STEP][PASSED] - Statement - PreSaveFile = new java.io.File(((pathPrefix + java.lang.Integer.toString(counter)) + .png)): null

2018-12-04 12:07:39 - [TEST_STEP][PASSED] - Statement - counter = counter + 1: null

2018-12-04 12:07:39 - [TEST_STEP][PASSED] - Statement - PreSaveFile = new java.io.File(((pathPrefix + java.lang.Integer.toString(counter)) + .png)): null

2018-12-04 12:07:39 - [TEST_STEP][PASSED] - Statement - counter = counter + 1: null

2018-12-04 12:07:41 - [TEST_STEP][PASSED] - Statement - PreSaveFile = new java.io.File(((pathPrefix + java.lang.Integer.toString(counter)) + .png)): null

2018-12-04 12:07:41 - [TEST_STEP][PASSED] - Statement - counter = counter + 1: null

2018-12-04 12:07:41 - [TEST_STEP][PASSED] - Statement - PreSaveFile = new java.io.File(((pathPrefix + java.lang.Integer.toString(counter)) + .png)): null

2018-12-04 12:07:41 - [TEST_STEP][PASSED] - Statement - counter = counter + 1: null

2018-12-04 12:07:41 - [TEST_STEP][PASSED] - Statement - PreSaveFile = new java.io.File(((pathPrefix + java.lang.Integer.toString(counter)) + .png)): null

2018-12-04 12:07:41 - [TEST_STEP][PASSED] - Statement - counter = counter + 1: null

2018-12-04 12:07:41 - [TEST_STEP][PASSED] - Statement - PreSaveFile = new java.io.File(((pathPrefix + java.lang.Integer.toString(counter)) + .png)): null

2018-12-04 12:07:41 - [TEST_STEP][PASSED] - Statement - counter = counter + 1: null

2018-12-04 12:07:41 - [TEST_STEP][PASSED] - Statement - PreSaveFile = new java.io.File(((pathPrefix + java.lang.Integer.toString(counter)) + .png)): null

2018-12-04 12:07:41 - [TEST_STEP][PASSED] - Statement - counter = counter + 1: null

2018-12-04 12:07:43 - [TEST_STEP][PASSED] - Statement - PreSaveFile = new java.io.File(((pathPrefix + java.lang.Integer.toString(counter)) + .png)): null

2018-12-04 12:07:43 - [TEST_STEP][PASSED] - Statement - counter = counter + 1: null

2018-12-04 12:07:43 - [TEST_STEP][PASSED] - Statement - PreSaveFile = new java.io.File(((pathPrefix + java.lang.Integer.toString(counter)) + .png)): null

2018-12-04 12:07:43 - [TEST_STEP][PASSED] - Statement - counter = counter + 1: null

2018-12-04 12:07:43 - [TEST_STEP][PASSED] - Statement - PreSaveFile = new java.io.File(((pathPrefix + java.lang.Integer.toString(counter)) + .png)): null

2018-12-04 12:07:43 - [TEST_STEP][PASSED] - Statement - counter = counter + 1: null

2018-12-04 12:07:43 - [TEST_STEP][PASSED] - Statement - PreSaveFile = new java.io.File(((pathPrefix + java.lang.Integer.toString(counter)) + .png)): null

2018-12-04 12:07:43 - [TEST_STEP][PASSED] - Statement - counter = counter + 1: null

2018-12-04 12:07:43 - [TEST_STEP][PASSED] - Statement - PreSaveFile = new java.io.File(((pathPrefix + java.lang.Integer.toString(counter)) + .png)): null

2018-12-04 12:07:45 - [TEST_STEP][PASSED] - Statement - counter = counter + 1: null

2018-12-04 12:07:45 - [TEST_STEP][PASSED] - Statement - PreSaveFile = new java.io.File(((pathPrefix + java.lang.Integer.toString(counter)) + .png)): null

2018-12-04 12:07:45 - [TEST_STEP][PASSED] - Statement - counter = counter + 1: null

2018-12-04 12:07:45 - [TEST_STEP][PASSED] - Statement - PreSaveFile = new java.io.File(((pathPrefix + java.lang.Integer.toString(counter)) + .png)): null

2018-12-04 12:07:45 - [TEST_STEP][PASSED] - Statement - counter = counter + 1: null

2018-12-04 12:07:45 - [TEST_STEP][PASSED] - Statement - PreSaveFile = new java.io.File(((pathPrefix + java.lang.Integer.toString(counter)) + .png)): null

2018-12-04 12:07:45 - [TEST_STEP][PASSED] - Statement - counter = counter + 1: null

2018-12-04 12:07:45 - [TEST_STEP][PASSED] - Statement - PreSaveFile = new java.io.File(((pathPrefix + java.lang.Integer.toString(counter)) + .png)): null

2018-12-04 12:07:45 - [TEST_STEP][PASSED] - Statement - counter = counter + 1: null

2018-12-04 12:07:47 - [TEST_STEP][PASSED] - Statement - PreSaveFile = new java.io.File(((pathPrefix + java.lang.Integer.toString(counter)) + .png)): null

2018-12-04 12:07:47 - [TEST_STEP][PASSED] - Statement - counter = counter + 1: null

2018-12-04 12:07:47 - [TEST_STEP][PASSED] - Statement - PreSaveFile = new java.io.File(((pathPrefix + java.lang.Integer.toString(counter)) + .png)): null

2018-12-04 12:07:47 - [TEST_STEP][PASSED] - Statement - counter = counter + 1: null

2018-12-04 12:07:47 - [TEST_STEP][PASSED] - Statement - PreSaveFile = new java.io.File(((pathPrefix + java.lang.Integer.toString(counter)) + .png)): null

2018-12-04 12:07:47 - [TEST_STEP][PASSED] - Statement - counter = counter + 1: null

2018-12-04 12:07:47 - [TEST_STEP][PASSED] - Statement - PreSaveFile = new java.io.File(((pathPrefix + java.lang.Integer.toString(counter)) + .png)): null

2018-12-04 12:07:47 - [TEST_STEP][PASSED] - Statement - counter = counter + 1: null

2018-12-04 12:07:47 - [TEST_STEP][PASSED] - Statement - PreSaveFile = new java.io.File(((pathPrefix + java.lang.Integer.toString(counter)) + .png)): null

2018-12-04 12:07:47 - [TEST_STEP][PASSED] - Statement - counter = counter + 1: null

2018-12-04 12:07:49 - [TEST_STEP][PASSED] - Statement - PreSaveFile = new java.io.File(((pathPrefix + java.lang.Integer.toString(counter)) + .png)): null

2018-12-04 12:07:49 - [TEST_STEP][PASSED] - Statement - counter = counter + 1: null

2018-12-04 12:07:49 - [TEST_STEP][PASSED] - Statement - PreSaveFile = new java.io.File(((pathPrefix + java.lang.Integer.toString(counter)) + .png)): null

2018-12-04 12:07:49 - [TEST_STEP][PASSED] - Statement - counter = counter + 1: null

2018-12-04 12:07:49 - [TEST_STEP][PASSED] - Statement - PreSaveFile = new java.io.File(((pathPrefix + java.lang.Integer.toString(counter)) + .png)): null

2018-12-04 12:07:49 - [TEST_STEP][PASSED] - Statement - counter = counter + 1: null

2018-12-04 12:07:49 - [TEST_STEP][PASSED] - Statement - PreSaveFile = new java.io.File(((pathPrefix + java.lang.Integer.toString(counter)) + .png)): null

2018-12-04 12:07:49 - [TEST_STEP][PASSED] - Statement - counter = counter + 1: null

2018-12-04 12:07:49 - [TEST_STEP][PASSED] - Statement - PreSaveFile = new java.io.File(((pathPrefix + java.lang.Integer.toString(counter)) + .png)): null

2018-12-04 12:07:49 - [TEST_STEP][PASSED] - Statement - counter = counter + 1: null

2018-12-04 12:07:51 - [TEST_STEP][PASSED] - Statement - PreSaveFile = new java.io.File(((pathPrefix + java.lang.Integer.toString(counter)) + .png)): null

2018-12-04 12:07:51 - [TEST_STEP][PASSED] - Statement - counter = counter + 1: null

2018-12-04 12:07:51 - [TEST_STEP][PASSED] - Statement - PreSaveFile = new java.io.File(((pathPrefix + java.lang.Integer.toString(counter)) + .png)): null

2018-12-04 12:07:51 - [TEST_STEP][PASSED] - Statement - counter = counter + 1: null

2018-12-04 12:07:51 - [TEST_STEP][PASSED] - Statement - PreSaveFile = new java.io.File(((pathPrefix + java.lang.Integer.toString(counter)) + .png)): null

2018-12-04 12:07:51 - [TEST_STEP][PASSED] - Statement - counter = counter + 1: null

2018-12-04 12:07:51 - [TEST_STEP][PASSED] - Statement - PreSaveFile = new java.io.File(((pathPrefix + java.lang.Integer.toString(counter)) + .png)): null

2018-12-04 12:07:51 - [TEST_STEP][PASSED] - Statement - counter = counter + 1: null

2018-12-04 12:07:51 - [TEST_STEP][PASSED] - Statement - PreSaveFile = new java.io.File(((pathPrefix + java.lang.Integer.toString(counter)) + .png)): null

2018-12-04 12:07:52 - [TEST_STEP][PASSED] - Statement - counter = counter + 1: null

2018-12-04 12:07:52 - [TEST_STEP][PASSED] - Statement - PreSaveFile = new java.io.File(((pathPrefix + java.lang.Integer.toString(counter)) + .png)): null

2018-12-04 12:07:52 - [TEST_STEP][PASSED] - Statement - counter = counter + 1: null

2018-12-04 12:07:52 - [TEST_STEP][PASSED] - Statement - PreSaveFile = new java.io.File(((pathPrefix + java.lang.Integer.toString(counter)) + .png)): null

2018-12-04 12:07:52 - [TEST_STEP][PASSED] - Statement - counter = counter + 1: null

2018-12-04 12:07:52 - [TEST_STEP][PASSED] - Statement - PreSaveFile = new java.io.File(((pathPrefix + java.lang.Integer.toString(counter)) + .png)): null

2018-12-04 12:07:52 - [TEST_STEP][PASSED] - Statement - counter = counter + 1: null

2018-12-04 12:07:52 - [TEST_STEP][PASSED] - Statement - PreSaveFile = new java.io.File(((pathPrefix + java.lang.Integer.toString(counter)) + .png)): null

2018-12-04 12:07:52 - [TEST_STEP][PASSED] - Statement - counter = counter + 1: null

2018-12-04 12:07:52 - [TEST_STEP][PASSED] - Statement - PreSaveFile = new java.io.File(((pathPrefix + java.lang.Integer.toString(counter)) + .png)): null

2018-12-04 12:07:54 - [TEST_STEP][PASSED] - Statement - counter = counter + 1: null

2018-12-04 12:07:54 - [TEST_STEP][PASSED] - Statement - PreSaveFile = new java.io.File(((pathPrefix + java.lang.Integer.toString(counter)) + .png)): null

2018-12-04 12:07:54 - [TEST_STEP][PASSED] - Statement - counter = counter + 1: null

2018-12-04 12:07:54 - [TEST_STEP][PASSED] - Statement - PreSaveFile = new java.io.File(((pathPrefix + java.lang.Integer.toString(counter)) + .png)): null

2018-12-04 12:07:54 - [TEST_STEP][PASSED] - Statement - counter = counter + 1: null

2018-12-04 12:07:54 - [TEST_STEP][PASSED] - Statement - PreSaveFile = new java.io.File(((pathPrefix + java.lang.Integer.toString(counter)) + .png)): null

2018-12-04 12:07:54 - [TEST_STEP][PASSED] - Statement - counter = counter + 1: null

2018-12-04 12:07:54 - [TEST_STEP][PASSED] - Statement - PreSaveFile = new java.io.File(((pathPrefix + java.lang.Integer.toString(counter)) + .png)): null

2018-12-04 12:07:54 - [TEST_STEP][PASSED] - Statement - counter = counter + 1: null

2018-12-04 12:07:56 - [TEST_STEP][PASSED] - Statement - PreSaveFile = new java.io.File(((pathPrefix + java.lang.Integer.toString(counter)) + .png)): null

2018-12-04 12:07:56 - [TEST_STEP][PASSED] - Statement - counter = counter + 1: null

2018-12-04 12:07:56 - [TEST_STEP][PASSED] - Statement - PreSaveFile = new java.io.File(((pathPrefix + java.lang.Integer.toString(counter)) + .png)): null

2018-12-04 12:07:56 - [TEST_STEP][PASSED] - Statement - counter = counter + 1: null

2018-12-04 12:07:56 - [TEST_STEP][PASSED] - Statement - PreSaveFile = new java.io.File(((pathPrefix + java.lang.Integer.toString(counter)) + .png)): null

2018-12-04 12:07:56 - [TEST_STEP][PASSED] - Statement - counter = counter + 1: null

2018-12-04 12:07:56 - [TEST_STEP][PASSED] - Statement - PreSaveFile = new java.io.File(((pathPrefix + java.lang.Integer.toString(counter)) + .png)): null

2018-12-04 12:07:56 - [TEST_STEP][PASSED] - Statement - counter = counter + 1: null

2018-12-04 12:07:56 - [TEST_STEP][PASSED] - Statement - PreSaveFile = new java.io.File(((pathPrefix + java.lang.Integer.toString(counter)) + .png)): null

2018-12-04 12:07:56 - [TEST_STEP][PASSED] - Statement - counter = counter + 1: null

2018-12-04 12:07:58 - [TEST_STEP][PASSED] - Statement - PreSaveFile = new java.io.File(((pathPrefix + java.lang.Integer.toString(counter)) + .png)): null

2018-12-04 12:07:58 - [TEST_STEP][PASSED] - Statement - counter = counter + 1: null

2018-12-04 12:07:58 - [TEST_STEP][PASSED] - Statement - PreSaveFile = new java.io.File(((pathPrefix + java.lang.Integer.toString(counter)) + .png)): null

2018-12-04 12:07:58 - [TEST_STEP][PASSED] - Statement - counter = counter + 1: null

2018-12-04 12:07:58 - [TEST_STEP][PASSED] - Statement - PreSaveFile = new java.io.File(((pathPrefix + java.lang.Integer.toString(counter)) + .png)): null

2018-12-04 12:07:58 - [TEST_STEP][PASSED] - Statement - counter = counter + 1: null

2018-12-04 12:07:58 - [TEST_STEP][PASSED] - Statement - PreSaveFile = new java.io.File(((pathPrefix + java.lang.Integer.toString(counter)) + .png)): null

2018-12-04 12:07:58 - [TEST_STEP][PASSED] - Statement - counter = counter + 1: null

2018-12-04 12:07:58 - [TEST_STEP][PASSED] - Statement - PreSaveFile = new java.io.File(((pathPrefix + java.lang.Integer.toString(counter)) + .png)): null

2018-12-04 12:07:58 - [TEST_STEP][PASSED] - Statement - counter = counter + 1: null

2018-12-04 12:08:00 - [TEST_STEP][PASSED] - Statement - PreSaveFile = new java.io.File(((pathPrefix + java.lang.Integer.toString(counter)) + .png)): null

2018-12-04 12:08:00 - [TEST_STEP][PASSED] - Statement - counter = counter + 1: null

2018-12-04 12:08:00 - [TEST_STEP][PASSED] - Statement - PreSaveFile = new java.io.File(((pathPrefix + java.lang.Integer.toString(counter)) + .png)): null

2018-12-04 12:08:00 - [TEST_STEP][PASSED] - Statement - counter = counter + 1: null

2018-12-04 12:08:00 - [TEST_STEP][PASSED] - Statement - PreSaveFile = new java.io.File(((pathPrefix + java.lang.Integer.toString(counter)) + .png)): null

2018-12-04 12:08:00 - [TEST_STEP][PASSED] - Statement - counter = counter + 1: null

2018-12-04 12:08:00 - [TEST_STEP][PASSED] - Statement - PreSaveFile = new java.io.File(((pathPrefix + java.lang.Integer.toString(counter)) + .png)): null

2018-12-04 12:08:00 - [TEST_STEP][PASSED] - Statement - counter = counter + 1: null

2018-12-04 12:08:00 - [TEST_STEP][PASSED] - Statement - PreSaveFile = new java.io.File(((pathPrefix + java.lang.Integer.toString(counter)) + .png)): null

2018-12-04 12:08:02 - [TEST_STEP][PASSED] - Statement - counter = counter + 1: null

2018-12-04 12:08:02 - [TEST_STEP][PASSED] - Statement - PreSaveFile = new java.io.File(((pathPrefix + java.lang.Integer.toString(counter)) + .png)): null

2018-12-04 12:08:02 - [TEST_STEP][PASSED] - Statement - counter = counter + 1: null

2018-12-04 12:08:02 - [TEST_STEP][PASSED] - Statement - PreSaveFile = new java.io.File(((pathPrefix + java.lang.Integer.toString(counter)) + .png)): null

2018-12-04 12:08:02 - [TEST_STEP][PASSED] - Statement - counter = counter + 1: null

2018-12-04 12:08:02 - [TEST_STEP][PASSED] - Statement - PreSaveFile = new java.io.File(((pathPrefix + java.lang.Integer.toString(counter)) + .png)): null

2018-12-04 12:08:02 - [TEST_STEP][PASSED] - Statement - counter = counter + 1: null

2018-12-04 12:08:02 - [TEST_STEP][PASSED] - Statement - PreSaveFile = new java.io.File(((pathPrefix + java.lang.Integer.toString(counter)) + .png)): null

2018-12-04 12:08:02 - [TEST_STEP][PASSED] - Statement - counter = counter + 1: null

2018-12-04 12:08:04 - [TEST_STEP][PASSED] - Statement - PreSaveFile = new java.io.File(((pathPrefix + java.lang.Integer.toString(counter)) + .png)): null

2018-12-04 12:08:04 - [TEST_STEP][PASSED] - Statement - counter = counter + 1: null

2018-12-04 12:08:04 - [TEST_STEP][PASSED] - Statement - PreSaveFile = new java.io.File(((pathPrefix + java.lang.Integer.toString(counter)) + .png)): null

2018-12-04 12:08:04 - [TEST_STEP][PASSED] - Statement - counter = counter + 1: null

2018-12-04 12:08:04 - [TEST_STEP][PASSED] - Statement - PreSaveFile = new java.io.File(((pathPrefix + java.lang.Integer.toString(counter)) + .png)): null

2018-12-04 12:08:04 - [TEST_STEP][PASSED] - Statement - counter = counter + 1: null

2018-12-04 12:08:04 - [TEST_STEP][PASSED] - Statement - PreSaveFile = new java.io.File(((pathPrefix + java.lang.Integer.toString(counter)) + .png)): null

2018-12-04 12:08:04 - [TEST_STEP][PASSED] - Statement - counter = counter + 1: null

2018-12-04 12:08:04 - [TEST_STEP][PASSED] - Statement - PreSaveFile = new java.io.File(((pathPrefix + java.lang.Integer.toString(counter)) + .png)): null

2018-12-04 12:08:04 - [TEST_STEP][PASSED] - Statement - counter = counter + 1: null

2018-12-04 12:08:06 - [TEST_STEP][PASSED] - Statement - PreSaveFile = new java.io.File(((pathPrefix + java.lang.Integer.toString(counter)) + .png)): null

2018-12-04 12:08:06 - [TEST_STEP][PASSED] - Statement - counter = counter + 1: null

2018-12-04 12:08:06 - [TEST_STEP][PASSED] - Statement - PreSaveFile = new java.io.File(((pathPrefix + java.lang.Integer.toString(counter)) + .png)): null

2018-12-04 12:08:06 - [TEST_STEP][PASSED] - Statement - counter = counter + 1: null

2018-12-04 12:08:06 - [TEST_STEP][PASSED] - Statement - PreSaveFile = new java.io.File(((pathPrefix + java.lang.Integer.toString(counter)) + .png)): null

2018-12-04 12:08:06 - [TEST_STEP][PASSED] - Statement - counter = counter + 1: null

2018-12-04 12:08:06 - [TEST_STEP][PASSED] - Statement - PreSaveFile = new java.io.File(((pathPrefix + java.lang.Integer.toString(counter)) + .png)): null

2018-12-04 12:08:06 - [TEST_STEP][PASSED] - Statement - counter = counter + 1: null

2018-12-04 12:08:06 - [TEST_STEP][PASSED] - Statement - PreSaveFile = new java.io.File(((pathPrefix + java.lang.Integer.toString(counter)) + .png)): null

2018-12-04 12:08:06 - [TEST_STEP][PASSED] - Statement - counter = counter + 1: null

2018-12-04 12:08:08 - [TEST_STEP][PASSED] - Statement - PreSaveFile = new java.io.File(((pathPrefix + java.lang.Integer.toString(counter)) + .png)): null

2018-12-04 12:08:08 - [TEST_STEP][PASSED] - Statement - counter = counter + 1: null

2018-12-04 12:08:08 - [TEST_STEP][PASSED] - Statement - PreSaveFile = new java.io.File(((pathPrefix + java.lang.Integer.toString(counter)) + .png)): null

2018-12-04 12:08:08 - [TEST_STEP][PASSED] - Statement - counter = counter + 1: null

2018-12-04 12:08:08 - [TEST_STEP][PASSED] - Statement - PreSaveFile = new java.io.File(((pathPrefix + java.lang.Integer.toString(counter)) + .png)): null

2018-12-04 12:08:08 - [TEST_STEP][PASSED] - Statement - counter = counter + 1: null

2018-12-04 12:08:08 - [TEST_STEP][PASSED] - Statement - PreSaveFile = new java.io.File(((pathPrefix + java.lang.Integer.toString(counter)) + .png)): null

2018-12-04 12:08:08 - [TEST_STEP][PASSED] - Statement - counter = counter + 1: null

2018-12-04 12:08:08 - [TEST_STEP][PASSED] - Statement - PreSaveFile = new java.io.File(((pathPrefix + java.lang.Integer.toString(counter)) + .png)): null

2018-12-04 12:08:08 - [TEST_STEP][PASSED] - Statement - counter = counter + 1: null

2018-12-04 12:08:10 - [TEST_STEP][PASSED] - Statement - PreSaveFile = new java.io.File(((pathPrefix + java.lang.Integer.toString(counter)) + .png)): null

2018-12-04 12:08:10 - [TEST_STEP][PASSED] - Statement - counter = counter + 1: null

2018-12-04 12:08:10 - [TEST_STEP][PASSED] - Statement - PreSaveFile = new java.io.File(((pathPrefix + java.lang.Integer.toString(counter)) + .png)): null

2018-12-04 12:08:10 - [TEST_STEP][PASSED] - Statement - counter = counter + 1: null

2018-12-04 12:08:10 - [TEST_STEP][PASSED] - Statement - PreSaveFile = new java.io.File(((pathPrefix + java.lang.Integer.toString(counter)) + .png)): null

2018-12-04 12:08:10 - [TEST_STEP][PASSED] - Statement - counter = counter + 1: null

2018-12-04 12:08:10 - [TEST_STEP][PASSED] - Statement - PreSaveFile = new java.io.File(((pathPrefix + java.lang.Integer.toString(counter)) + .png)): null

2018-12-04 12:08:10 - [TEST_STEP][PASSED] - Statement - counter = counter + 1: null

2018-12-04 12:08:10 - [TEST_STEP][PASSED] - Statement - PreSaveFile = new java.io.File(((pathPrefix + java.lang.Integer.toString(counter)) + .png)): null

2018-12-04 12:08:12 - [TEST_STEP][PASSED] - Statement - counter = counter + 1: null

2018-12-04 12:08:12 - [TEST_STEP][PASSED] - Statement - PreSaveFile = new java.io.File(((pathPrefix + java.lang.Integer.toString(counter)) + .png)): null

2018-12-04 12:08:12 - [TEST_STEP][PASSED] - Statement - counter = counter + 1: null

2018-12-04 12:08:12 - [TEST_STEP][PASSED] - Statement - PreSaveFile = new java.io.File(((pathPrefix + java.lang.Integer.toString(counter)) + .png)): null

2018-12-04 12:08:12 - [TEST_STEP][PASSED] - Statement - counter = counter + 1: null

2018-12-04 12:08:12 - [TEST_STEP][PASSED] - Statement - PreSaveFile = new java.io.File(((pathPrefix + java.lang.Integer.toString(counter)) + .png)): null

2018-12-04 12:08:12 - [TEST_STEP][PASSED] - Statement - counter = counter + 1: null

2018-12-04 12:08:12 - [TEST_STEP][PASSED] - Statement - PreSaveFile = new java.io.File(((pathPrefix + java.lang.Integer.toString(counter)) + .png)): null

2018-12-04 12:08:12 - [TEST_STEP][PASSED] - Statement - counter = counter + 1: null

2018-12-04 12:08:14 - [TEST_STEP][PASSED] - Statement - PreSaveFile = new java.io.File(((pathPrefix + java.lang.Integer.toString(counter)) + .png)): null

2018-12-04 12:08:14 - [TEST_STEP][PASSED] - Statement - counter = counter + 1: null

2018-12-04 12:08:14 - [TEST_STEP][PASSED] - Statement - PreSaveFile = new java.io.File(((pathPrefix + java.lang.Integer.toString(counter)) + .png)): null

2018-12-04 12:08:14 - [TEST_STEP][PASSED] - Statement - counter = counter + 1: null

2018-12-04 12:08:14 - [TEST_STEP][PASSED] - Statement - PreSaveFile = new java.io.File(((pathPrefix + java.lang.Integer.toString(counter)) + .png)): null

2018-12-04 12:08:14 - [TEST_STEP][PASSED] - Statement - counter = counter + 1: null

2018-12-04 12:08:14 - [TEST_STEP][PASSED] - Statement - PreSaveFile = new java.io.File(((pathPrefix + java.lang.Integer.toString(counter)) + .png)): null

2018-12-04 12:08:14 - [TEST_STEP][PASSED] - Statement - counter = counter + 1: null

2018-12-04 12:08:14 - [TEST_STEP][PASSED] - Statement - PreSaveFile = new java.io.File(((pathPrefix + java.lang.Integer.toString(counter)) + .png)): null

2018-12-04 12:08:14 - [TEST_STEP][PASSED] - Statement - counter = counter + 1: null

2018-12-04 12:08:16 - [TEST_STEP][PASSED] - Statement - PreSaveFile = new java.io.File(((pathPrefix + java.lang.Integer.toString(counter)) + .png)): null

2018-12-04 12:08:16 - [TEST_STEP][PASSED] - Statement - counter = counter + 1: null

2018-12-04 12:08:16 - [TEST_STEP][PASSED] - Statement - PreSaveFile = new java.io.File(((pathPrefix + java.lang.Integer.toString(counter)) + .png)): null

2018-12-04 12:08:16 - [TEST_STEP][PASSED] - Statement - counter = counter + 1: null

2018-12-04 12:08:16 - [TEST_STEP][PASSED] - Statement - PreSaveFile = new java.io.File(((pathPrefix + java.lang.Integer.toString(counter)) + .png)): null

2018-12-04 12:08:16 - [TEST_STEP][PASSED] - Statement - counter = counter + 1: null

2018-12-04 12:08:16 - [TEST_STEP][PASSED] - Statement - PreSaveFile = new java.io.File(((pathPrefix + java.lang.Integer.toString(counter)) + .png)): null

2018-12-04 12:08:16 - [TEST_STEP][PASSED] - Statement - counter = counter + 1: null

2018-12-04 12:08:16 - [TEST_STEP][PASSED] - Statement - PreSaveFile = new java.io.File(((pathPrefix + java.lang.Integer.toString(counter)) + .png)): null

2018-12-04 12:08:16 - [TEST_STEP][PASSED] - Statement - counter = counter + 1: null

2018-12-04 12:08:18 - [TEST_STEP][PASSED] - Statement - PreSaveFile = new java.io.File(((pathPrefix + java.lang.Integer.toString(counter)) + .png)): null

2018-12-04 12:08:18 - [TEST_STEP][PASSED] - Statement - counter = counter + 1: null

2018-12-04 12:08:18 - [TEST_STEP][PASSED] - Statement - PreSaveFile = new java.io.File(((pathPrefix + java.lang.Integer.toString(counter)) + .png)): null

2018-12-04 12:08:18 - [TEST_STEP][PASSED] - Statement - counter = counter + 1: null

2018-12-04 12:08:18 - [TEST_STEP][PASSED] - Statement - PreSaveFile = new java.io.File(((pathPrefix + java.lang.Integer.toString(counter)) + .png)): null

2018-12-04 12:08:18 - [TEST_STEP][PASSED] - Statement - counter = counter + 1: null

2018-12-04 12:08:18 - [TEST_STEP][PASSED] - Statement - PreSaveFile = new java.io.File(((pathPrefix + java.lang.Integer.toString(counter)) + .png)): null

2018-12-04 12:08:18 - [TEST_STEP][PASSED] - Statement - counter = counter + 1: null

2018-12-04 12:08:18 - [TEST_STEP][PASSED] - Statement - PreSaveFile = new java.io.File(((pathPrefix + java.lang.Integer.toString(counter)) + .png)): null

2018-12-04 12:08:21 - [TEST_STEP][PASSED] - Statement - counter = counter + 1: null

2018-12-04 12:08:21 - [TEST_STEP][PASSED] - Statement - PreSaveFile = new java.io.File(((pathPrefix + java.lang.Integer.toString(counter)) + .png)): null

2018-12-04 12:08:21 - [TEST_STEP][PASSED] - Statement - counter = counter + 1: null

2018-12-04 12:08:21 - [TEST_STEP][PASSED] - Statement - PreSaveFile = new java.io.File(((pathPrefix + java.lang.Integer.toString(counter)) + .png)): null

2018-12-04 12:08:21 - [TEST_STEP][PASSED] - Statement - counter = counter + 1: null

2018-12-04 12:08:21 - [TEST_STEP][PASSED] - Statement - PreSaveFile = new java.io.File(((pathPrefix + java.lang.Integer.toString(counter)) + .png)): null

2018-12-04 12:08:21 - [TEST_STEP][PASSED] - Statement - counter = counter + 1: null

2018-12-04 12:08:21 - [TEST_STEP][PASSED] - Statement - PreSaveFile = new java.io.File(((pathPrefix + java.lang.Integer.toString(counter)) + .png)): null

2018-12-04 12:08:21 - [TEST_STEP][PASSED] - Statement - counter = counter + 1: null

2018-12-04 12:08:21 - [TEST_STEP][PASSED] - Statement - PreSaveFile = new java.io.File(((pathPrefix + java.lang.Integer.toString(counter)) + .png)): null

2018-12-04 12:08:23 - [TEST_STEP][PASSED] - Statement - counter = counter + 1: null

2018-12-04 12:08:23 - [TEST_STEP][PASSED] - Statement - PreSaveFile = new java.io.File(((pathPrefix + java.lang.Integer.toString(counter)) + .png)): null

2018-12-04 12:08:23 - [TEST_STEP][PASSED] - Statement - counter = counter + 1: null

2018-12-04 12:08:23 - [TEST_STEP][PASSED] - Statement - PreSaveFile = new java.io.File(((pathPrefix + java.lang.Integer.toString(counter)) + .png)): null

2018-12-04 12:08:23 - [TEST_STEP][PASSED] - Statement - counter = counter + 1: null

2018-12-04 12:08:23 - [TEST_STEP][PASSED] - Statement - PreSaveFile = new java.io.File(((pathPrefix + java.lang.Integer.toString(counter)) + .png)): null

2018-12-04 12:08:23 - [TEST_STEP][PASSED] - Statement - counter = counter + 1: null

2018-12-04 12:08:23 - [TEST_STEP][PASSED] - Statement - PreSaveFile = new java.io.File(((pathPrefix + java.lang.Integer.toString(counter)) + .png)): null

2018-12-04 12:08:23 - [TEST_STEP][PASSED] - Statement - counter = counter + 1: null

2018-12-04 12:08:24 - [TEST_STEP][PASSED] - Statement - PreSaveFile = new java.io.File(((pathPrefix + java.lang.Integer.toString(counter)) + .png)): null

2018-12-04 12:08:24 - [TEST_STEP][PASSED] - Statement - counter = counter + 1: null

2018-12-04 12:08:24 - [TEST_STEP][PASSED] - Statement - PreSaveFile = new java.io.File(((pathPrefix + java.lang.Integer.toString(counter)) + .png)): null

2018-12-04 12:08:24 - [TEST_STEP][PASSED] - Statement - counter = counter + 1: null

2018-12-04 12:08:24 - [TEST_STEP][PASSED] - Statement - PreSaveFile = new java.io.File(((pathPrefix + java.lang.Integer.toString(counter)) + .png)): null

2018-12-04 12:08:24 - [TEST_STEP][PASSED] - Statement - counter = counter + 1: null

2018-12-04 12:08:24 - [TEST_STEP][PASSED] - Statement - PreSaveFile = new java.io.File(((pathPrefix + java.lang.Integer.toString(counter)) + .png)): null

2018-12-04 12:08:24 - [TEST_STEP][PASSED] - Statement - counter = counter + 1: null

2018-12-04 12:08:24 - [TEST_STEP][PASSED] - Statement - PreSaveFile = new java.io.File(((pathPrefix + java.lang.Integer.toString(counter)) + .png)): null

2018-12-04 12:08:24 - [TEST_STEP][PASSED] - Statement - counter = counter + 1: null

2018-12-04 12:08:26 - [TEST_STEP][PASSED] - Statement - PreSaveFile = new java.io.File(((pathPrefix + java.lang.Integer.toString(counter)) + .png)): null

2018-12-04 12:08:26 - [TEST_STEP][PASSED] - Statement - counter = counter + 1: null

2018-12-04 12:08:26 - [TEST_STEP][PASSED] - Statement - PreSaveFile = new java.io.File(((pathPrefix + java.lang.Integer.toString(counter)) + .png)): null

2018-12-04 12:08:26 - [TEST_STEP][PASSED] - Statement - counter = counter + 1: null

2018-12-04 12:08:26 - [TEST_STEP][PASSED] - Statement - PreSaveFile = new java.io.File(((pathPrefix + java.lang.Integer.toString(counter)) + .png)): null

2018-12-04 12:08:26 - [TEST_STEP][PASSED] - Statement - counter = counter + 1: null

2018-12-04 12:08:26 - [TEST_STEP][PASSED] - Statement - PreSaveFile = new java.io.File(((pathPrefix + java.lang.Integer.toString(counter)) + .png)): null

2018-12-04 12:08:26 - [TEST_STEP][PASSED] - Statement - counter = counter + 1: null

2018-12-04 12:08:26 - [TEST_STEP][PASSED] - Statement - PreSaveFile = new java.io.File(((pathPrefix + java.lang.Integer.toString(counter)) + .png)): null

2018-12-04 12:08:26 - [TEST_STEP][PASSED] - Statement - counter = counter + 1: null

2018-12-04 12:08:29 - [TEST_STEP][PASSED] - Statement - PreSaveFile = new java.io.File(((pathPrefix + java.lang.Integer.toString(counter)) + .png)): null

2018-12-04 12:08:29 - [TEST_STEP][PASSED] - Statement - counter = counter + 1: null

2018-12-04 12:08:29 - [TEST_STEP][PASSED] - Statement - PreSaveFile = new java.io.File(((pathPrefix + java.lang.Integer.toString(counter)) + .png)): null

2018-12-04 12:08:29 - [TEST_STEP][PASSED] - Statement - counter = counter + 1: null

2018-12-04 12:08:29 - [TEST_STEP][PASSED] - Statement - PreSaveFile = new java.io.File(((pathPrefix + java.lang.Integer.toString(counter)) + .png)): null

2018-12-04 12:08:29 - [TEST_STEP][PASSED] - Statement - counter = counter + 1: null

2018-12-04 12:08:29 - [TEST_STEP][PASSED] - Statement - PreSaveFile = new java.io.File(((pathPrefix + java.lang.Integer.toString(counter)) + .png)): null

2018-12-04 12:08:29 - [TEST_STEP][PASSED] - Statement - counter = counter + 1: null

2018-12-04 12:08:29 - [TEST_STEP][PASSED] - Statement - PreSaveFile = new java.io.File(((pathPrefix + java.lang.Integer.toString(counter)) + .png)): null

2018-12-04 12:08:31 - [TEST_STEP][PASSED] - Statement - counter = counter + 1: null

2018-12-04 12:08:31 - [TEST_STEP][PASSED] - Statement - PreSaveFile = new java.io.File(((pathPrefix + java.lang.Integer.toString(counter)) + .png)): null

2018-12-04 12:08:31 - [TEST_STEP][PASSED] - Statement - counter = counter + 1: null

2018-12-04 12:08:31 - [TEST_STEP][PASSED] - Statement - PreSaveFile = new java.io.File(((pathPrefix + java.lang.Integer.toString(counter)) + .png)): null

2018-12-04 12:08:31 - [TEST_STEP][PASSED] - Statement - counter = counter + 1: null

2018-12-04 12:08:31 - [TEST_STEP][PASSED] - Statement - PreSaveFile = new java.io.File(((pathPrefix + java.lang.Integer.toString(counter)) + .png)): null

2018-12-04 12:08:31 - [TEST_STEP][PASSED] - Statement - counter = counter + 1: null

2018-12-04 12:08:31 - [TEST_STEP][PASSED] - Statement - PreSaveFile = new java.io.File(((pathPrefix + java.lang.Integer.toString(counter)) + .png)): null

2018-12-04 12:08:31 - [TEST_STEP][PASSED] - Statement - counter = counter + 1: null

2018-12-04 12:08:34 - [TEST_STEP][PASSED] - Statement - PreSaveFile = new java.io.File(((pathPrefix + java.lang.Integer.toString(counter)) + .png)): null

2018-12-04 12:08:34 - [TEST_STEP][PASSED] - Statement - counter = counter + 1: null

2018-12-04 12:08:34 - [TEST_STEP][PASSED] - Statement - PreSaveFile = new java.io.File(((pathPrefix + java.lang.Integer.toString(counter)) + .png)): null

2018-12-04 12:08:34 - [TEST_STEP][PASSED] - Statement - counter = counter + 1: null

2018-12-04 12:08:34 - [TEST_STEP][PASSED] - Statement - PreSaveFile = new java.io.File(((pathPrefix + java.lang.Integer.toString(counter)) + .png)): null

2018-12-04 12:08:34 - [TEST_STEP][PASSED] - Statement - counter = counter + 1: null

2018-12-04 12:08:34 - [TEST_STEP][PASSED] - Statement - PreSaveFile = new java.io.File(((pathPrefix + java.lang.Integer.toString(counter)) + .png)): null

2018-12-04 12:08:34 - [TEST_STEP][PASSED] - Statement - counter = counter + 1: null

2018-12-04 12:08:34 - [TEST_STEP][PASSED] - Statement - PreSaveFile = new java.io.File(((pathPrefix + java.lang.Integer.toString(counter)) + .png)): null

2018-12-04 12:08:34 - [TEST_STEP][PASSED] - Statement - counter = counter + 1: null

2018-12-04 12:08:36 - [TEST_STEP][PASSED] - Statement - PreSaveFile = new java.io.File(((pathPrefix + java.lang.Integer.toString(counter)) + .png)): null

2018-12-04 12:08:36 - [TEST_STEP][PASSED] - Statement - counter = counter + 1: null

2018-12-04 12:08:36 - [TEST_STEP][PASSED] - Statement - PreSaveFile = new java.io.File(((pathPrefix + java.lang.Integer.toString(counter)) + .png)): null

2018-12-04 12:08:36 - [TEST_STEP][PASSED] - Statement - counter = counter + 1: null

2018-12-04 12:08:36 - [TEST_STEP][PASSED] - Statement - PreSaveFile = new java.io.File(((pathPrefix + java.lang.Integer.toString(counter)) + .png)): null

2018-12-04 12:08:36 - [TEST_STEP][PASSED] - Statement - counter = counter + 1: null

2018-12-04 12:08:36 - [TEST_STEP][PASSED] - Statement - PreSaveFile = new java.io.File(((pathPrefix + java.lang.Integer.toString(counter)) + .png)): null

2018-12-04 12:08:36 - [TEST_STEP][PASSED] - Statement - counter = counter + 1: null

2018-12-04 12:08:36 - [TEST_STEP][PASSED] - Statement - PreSaveFile = new java.io.File(((pathPrefix + java.lang.Integer.toString(counter)) + .png)): null

2018-12-04 12:08:36 - [TEST_STEP][PASSED] - Statement - counter = counter + 1: null

2018-12-04 12:08:38 - [TEST_STEP][PASSED] - Statement - PreSaveFile = new java.io.File(((pathPrefix + java.lang.Integer.toString(counter)) + .png)): null

2018-12-04 12:08:38 - [TEST_STEP][PASSED] - Statement - counter = counter + 1: null

2018-12-04 12:08:38 - [TEST_STEP][PASSED] - Statement - PreSaveFile = new java.io.File(((pathPrefix + java.lang.Integer.toString(counter)) + .png)): null

2018-12-04 12:08:38 - [TEST_STEP][PASSED] - Statement - counter = counter + 1: null

2018-12-04 12:08:38 - [TEST_STEP][PASSED] - Statement - PreSaveFile = new java.io.File(((pathPrefix + java.lang.Integer.toString(counter)) + .png)): null

2018-12-04 12:08:38 - [TEST_STEP][PASSED] - Statement - counter = counter + 1: null

2018-12-04 12:08:38 - [TEST_STEP][PASSED] - Statement - PreSaveFile = new java.io.File(((pathPrefix + java.lang.Integer.toString(counter)) + .png)): null

2018-12-04 12:08:38 - [TEST_STEP][PASSED] - Statement - counter = counter + 1: null

2018-12-04 12:08:38 - [TEST_STEP][PASSED] - Statement - PreSaveFile = new java.io.File(((pathPrefix + java.lang.Integer.toString(counter)) + .png)): null

2018-12-04 12:08:38 - [TEST_STEP][PASSED] - Statement - counter = counter + 1: null

2018-12-04 12:08:40 - [TEST_STEP][PASSED] - Statement - PreSaveFile = new java.io.File(((pathPrefix + java.lang.Integer.toString(counter)) + .png)): null

2018-12-04 12:08:40 - [TEST_STEP][PASSED] - Statement - counter = counter + 1: null

2018-12-04 12:08:40 - [TEST_STEP][PASSED] - Statement - PreSaveFile = new java.io.File(((pathPrefix + java.lang.Integer.toString(counter)) + .png)): null

2018-12-04 12:08:40 - [TEST_STEP][PASSED] - Statement - counter = counter + 1: null

2018-12-04 12:08:40 - [TEST_STEP][PASSED] - Statement - PreSaveFile = new java.io.File(((pathPrefix + java.lang.Integer.toString(counter)) + .png)): null

2018-12-04 12:08:40 - [TEST_STEP][PASSED] - Statement - counter = counter + 1: null

2018-12-04 12:08:40 - [TEST_STEP][PASSED] - Statement - PreSaveFile = new java.io.File(((pathPrefix + java.lang.Integer.toString(counter)) + .png)): null

2018-12-04 12:08:40 - [TEST_STEP][PASSED] - Statement - counter = counter + 1: null

2018-12-04 12:08:40 - [TEST_STEP][PASSED] - Statement - PreSaveFile = new java.io.File(((pathPrefix + java.lang.Integer.toString(counter)) + .png)): null

2018-12-04 12:08:43 - [TEST_STEP][PASSED] - Statement - counter = counter + 1: null

2018-12-04 12:08:43 - [TEST_STEP][PASSED] - Statement - PreSaveFile = new java.io.File(((pathPrefix + java.lang.Integer.toString(counter)) + .png)): null

2018-12-04 12:08:43 - [TEST_STEP][PASSED] - Statement - counter = counter + 1: null

2018-12-04 12:08:43 - [TEST_STEP][PASSED] - Statement - PreSaveFile = new java.io.File(((pathPrefix + java.lang.Integer.toString(counter)) + .png)): null

2018-12-04 12:08:43 - [TEST_STEP][PASSED] - Statement - counter = counter + 1: null

2018-12-04 12:08:43 - [TEST_STEP][PASSED] - Statement - PreSaveFile = new java.io.File(((pathPrefix + java.lang.Integer.toString(counter)) + .png)): null

2018-12-04 12:08:43 - [TEST_STEP][PASSED] - Statement - counter = counter + 1: null

2018-12-04 12:08:43 - [TEST_STEP][PASSED] - Statement - PreSaveFile = new java.io.File(((pathPrefix + java.lang.Integer.toString(counter)) + .png)): null

2018-12-04 12:08:43 - [TEST_STEP][PASSED] - Statement - counter = counter + 1: null

2018-12-04 12:08:45 - [TEST_STEP][PASSED] - Statement - PreSaveFile = new java.io.File(((pathPrefix + java.lang.Integer.toString(counter)) + .png)): null

2018-12-04 12:08:45 - [TEST_STEP][PASSED] - Statement - counter = counter + 1: null

2018-12-04 12:08:45 - [TEST_STEP][PASSED] - Statement - PreSaveFile = new java.io.File(((pathPrefix + java.lang.Integer.toString(counter)) + .png)): null

2018-12-04 12:08:45 - [TEST_STEP][PASSED] - Statement - counter = counter + 1: null

2018-12-04 12:08:45 - [TEST_STEP][PASSED] - Statement - PreSaveFile = new java.io.File(((pathPrefix + java.lang.Integer.toString(counter)) + .png)): null

2018-12-04 12:08:45 - [TEST_STEP][PASSED] - Statement - counter = counter + 1: null

2018-12-04 12:08:45 - [TEST_STEP][PASSED] - Statement - PreSaveFile = new java.io.File(((pathPrefix + java.lang.Integer.toString(counter)) + .png)): null

2018-12-04 12:08:45 - [TEST_STEP][PASSED] - Statement - counter = counter + 1: null

2018-12-04 12:08:45 - [TEST_STEP][PASSED] - Statement - PreSaveFile = new java.io.File(((pathPrefix + java.lang.Integer.toString(counter)) + .png)): null

2018-12-04 12:08:45 - [TEST_STEP][PASSED] - Statement - counter = counter + 1: null

2018-12-04 12:08:47 - [TEST_STEP][PASSED] - Statement - PreSaveFile = new java.io.File(((pathPrefix + java.lang.Integer.toString(counter)) + .png)): null

2018-12-04 12:08:47 - [TEST_STEP][PASSED] - Statement - counter = counter + 1: null

2018-12-04 12:08:47 - [TEST_STEP][PASSED] - Statement - PreSaveFile = new java.io.File(((pathPrefix + java.lang.Integer.toString(counter)) + .png)): null

2018-12-04 12:08:47 - [TEST_STEP][PASSED] - Statement - counter = counter + 1: null

2018-12-04 12:08:47 - [TEST_STEP][PASSED] - Statement - PreSaveFile = new java.io.File(((pathPrefix + java.lang.Integer.toString(counter)) + .png)): null

2018-12-04 12:08:47 - [TEST_STEP][PASSED] - Statement - counter = counter + 1: null

2018-12-04 12:08:47 - [TEST_STEP][PASSED] - Statement - PreSaveFile = new java.io.File(((pathPrefix + java.lang.Integer.toString(counter)) + .png)): null

2018-12-04 12:08:47 - [TEST_STEP][PASSED] - Statement - counter = counter + 1: null

2018-12-04 12:08:47 - [TEST_STEP][PASSED] - Statement - PreSaveFile = new java.io.File(((pathPrefix + java.lang.Integer.toString(counter)) + .png)): null

2018-12-04 12:08:47 - [TEST_STEP][PASSED] - Statement - counter = counter + 1: null

2018-12-04 12:08:49 - [TEST_STEP][PASSED] - Statement - PreSaveFile = new java.io.File(((pathPrefix + java.lang.Integer.toString(counter)) + .png)): null

2018-12-04 12:08:49 - [TEST_STEP][PASSED] - Statement - counter = counter + 1: null

2018-12-04 12:08:49 - [TEST_STEP][PASSED] - Statement - PreSaveFile = new java.io.File(((pathPrefix + java.lang.Integer.toString(counter)) + .png)): null

2018-12-04 12:08:49 - [TEST_STEP][PASSED] - Statement - counter = counter + 1: null

2018-12-04 12:08:49 - [TEST_STEP][PASSED] - Statement - PreSaveFile = new java.io.File(((pathPrefix + java.lang.Integer.toString(counter)) + .png)): null

2018-12-04 12:08:49 - [TEST_STEP][PASSED] - Statement - counter = counter + 1: null

2018-12-04 12:08:49 - [TEST_STEP][PASSED] - Statement - PreSaveFile = new java.io.File(((pathPrefix + java.lang.Integer.toString(counter)) + .png)): null

2018-12-04 12:08:49 - [TEST_STEP][PASSED] - Statement - counter = counter + 1: null

2018-12-04 12:08:49 - [TEST_STEP][PASSED] - Statement - PreSaveFile = new java.io.File(((pathPrefix + java.lang.Integer.toString(counter)) + .png)): null

2018-12-04 12:08:52 - [TEST_STEP][PASSED] - Statement - counter = counter + 1: null

2018-12-04 12:08:52 - [TEST_STEP][PASSED] - Statement - PreSaveFile = new java.io.File(((pathPrefix + java.lang.Integer.toString(counter)) + .png)): null

2018-12-04 12:08:52 - [TEST_STEP][PASSED] - Statement - counter = counter + 1: null

2018-12-04 12:08:52 - [TEST_STEP][PASSED] - Statement - PreSaveFile = new java.io.File(((pathPrefix + java.lang.Integer.toString(counter)) + .png)): null

2018-12-04 12:08:52 - [TEST_STEP][PASSED] - Statement - counter = counter + 1: null

2018-12-04 12:08:52 - [TEST_STEP][PASSED] - Statement - PreSaveFile = new java.io.File(((pathPrefix + java.lang.Integer.toString(counter)) + .png)): null

2018-12-04 12:08:52 - [TEST_STEP][PASSED] - Statement - counter = counter + 1: null

2018-12-04 12:08:52 - [TEST_STEP][PASSED] - Statement - PreSaveFile = new java.io.File(((pathPrefix + java.lang.Integer.toString(counter)) + .png)): null

2018-12-04 12:08:52 - [TEST_STEP][PASSED] - Statement - counter = counter + 1: null

2018-12-04 12:08:52 - [TEST_STEP][PASSED] - Statement - PreSaveFile = new java.io.File(((pathPrefix + java.lang.Integer.toString(counter)) + .png)): null

2018-12-04 12:08:54 - [TEST_STEP][PASSED] - Statement - counter = counter + 1: null

2018-12-04 12:08:54 - [TEST_STEP][PASSED] - Statement - PreSaveFile = new java.io.File(((pathPrefix + java.lang.Integer.toString(counter)) + .png)): null

2018-12-04 12:08:54 - [TEST_STEP][PASSED] - Statement - counter = counter + 1: null

2018-12-04 12:08:54 - [TEST_STEP][PASSED] - Statement - PreSaveFile = new java.io.File(((pathPrefix + java.lang.Integer.toString(counter)) + .png)): null

2018-12-04 12:08:54 - [TEST_STEP][PASSED] - Statement - counter = counter + 1: null

2018-12-04 12:08:54 - [TEST_STEP][PASSED] - Statement - PreSaveFile = new java.io.File(((pathPrefix + java.lang.Integer.toString(counter)) + .png)): null

2018-12-04 12:08:54 - [TEST_STEP][PASSED] - Statement - counter = counter + 1: null

2018-12-04 12:08:54 - [TEST_STEP][PASSED] - Statement - PreSaveFile = new java.io.File(((pathPrefix + java.lang.Integer.toString(counter)) + .png)): null

2018-12-04 12:08:54 - [TEST_STEP][PASSED] - Statement - counter = counter + 1: null

2018-12-04 12:08:57 - [TEST_STEP][PASSED] - Statement - PreSaveFile = new java.io.File(((pathPrefix + java.lang.Integer.toString(counter)) + .png)): null

2018-12-04 12:08:57 - [TEST_STEP][PASSED] - Statement - counter = counter + 1: null

2018-12-04 12:08:57 - [TEST_STEP][PASSED] - Statement - PreSaveFile = new java.io.File(((pathPrefix + java.lang.Integer.toString(counter)) + .png)): null

2018-12-04 12:08:57 - [TEST_STEP][PASSED] - Statement - counter = counter + 1: null

2018-12-04 12:08:57 - [TEST_STEP][PASSED] - Statement - PreSaveFile = new java.io.File(((pathPrefix + java.lang.Integer.toString(counter)) + .png)): null

2018-12-04 12:08:57 - [TEST_STEP][PASSED] - Statement - counter = counter + 1: null

2018-12-04 12:08:57 - [TEST_STEP][PASSED] - Statement - PreSaveFile = new java.io.File(((pathPrefix + java.lang.Integer.toString(counter)) + .png)): null

2018-12-04 12:08:57 - [TEST_STEP][PASSED] - Statement - counter = counter + 1: null

2018-12-04 12:08:57 - [TEST_STEP][PASSED] - Statement - PreSaveFile = new java.io.File(((pathPrefix + java.lang.Integer.toString(counter)) + .png)): null

2018-12-04 12:08:57 - [TEST_STEP][PASSED] - Statement - counter = counter + 1: null

2018-12-04 12:09:00 - [TEST_STEP][PASSED] - Statement - PreSaveFile = new java.io.File(((pathPrefix + java.lang.Integer.toString(counter)) + .png)): null

2018-12-04 12:09:00 - [TEST_STEP][PASSED] - Statement - counter = counter + 1: null

2018-12-04 12:09:00 - [TEST_STEP][PASSED] - Statement - PreSaveFile = new java.io.File(((pathPrefix + java.lang.Integer.toString(counter)) + .png)): null

2018-12-04 12:09:00 - [TEST_STEP][PASSED] - Statement - counter = counter + 1: null

2018-12-04 12:09:00 - [TEST_STEP][PASSED] - Statement - PreSaveFile = new java.io.File(((pathPrefix + java.lang.Integer.toString(counter)) + .png)): null

2018-12-04 12:09:00 - [TEST_STEP][PASSED] - Statement - counter = counter + 1: null

2018-12-04 12:09:00 - [TEST_STEP][PASSED] - Statement - PreSaveFile = new java.io.File(((pathPrefix + java.lang.Integer.toString(counter)) + .png)): null

2018-12-04 12:09:00 - [TEST_STEP][PASSED] - Statement - counter = counter + 1: null

2018-12-04 12:09:00 - [TEST_STEP][PASSED] - Statement - PreSaveFile = new java.io.File(((pathPrefix + java.lang.Integer.toString(counter)) + .png)): null

2018-12-04 12:09:00 - [TEST_STEP][PASSED] - Statement - counter = counter + 1: null

2018-12-04 12:09:02 - [TEST_STEP][PASSED] - Statement - PreSaveFile = new java.io.File(((pathPrefix + java.lang.Integer.toString(counter)) + .png)): null

2018-12-04 12:09:02 - [TEST_STEP][PASSED] - Statement - counter = counter + 1: null

2018-12-04 12:09:02 - [TEST_STEP][PASSED] - Statement - PreSaveFile = new java.io.File(((pathPrefix + java.lang.Integer.toString(counter)) + .png)): null

2018-12-04 12:09:02 - [TEST_STEP][PASSED] - Statement - counter = counter + 1: null

2018-12-04 12:09:02 - [TEST_STEP][PASSED] - Statement - PreSaveFile = new java.io.File(((pathPrefix + java.lang.Integer.toString(counter)) + .png)): null

2018-12-04 12:09:02 - [TEST_STEP][PASSED] - Statement - counter = counter + 1: null

2018-12-04 12:09:02 - [TEST_STEP][PASSED] - Statement - PreSaveFile = new java.io.File(((pathPrefix + java.lang.Integer.toString(counter)) + .png)): null

2018-12-04 12:09:02 - [TEST_STEP][PASSED] - Statement - counter = counter + 1: null

2018-12-04 12:09:02 - [TEST_STEP][PASSED] - Statement - PreSaveFile = new java.io.File(((pathPrefix + java.lang.Integer.toString(counter)) + .png)): null

2018-12-04 12:09:05 - [TEST_STEP][PASSED] - Statement - counter = counter + 1: null

2018-12-04 12:09:05 - [TEST_STEP][PASSED] - Statement - PreSaveFile = new java.io.File(((pathPrefix + java.lang.Integer.toString(counter)) + .png)): null

2018-12-04 12:09:05 - [TEST_STEP][PASSED] - Statement - counter = counter + 1: null

2018-12-04 12:09:05 - [TEST_STEP][PASSED] - Statement - PreSaveFile = new java.io.File(((pathPrefix + java.lang.Integer.toString(counter)) + .png)): null

2018-12-04 12:09:05 - [TEST_STEP][PASSED] - Statement - counter = counter + 1: null

2018-12-04 12:09:05 - [TEST_STEP][PASSED] - Statement - PreSaveFile = new java.io.File(((pathPrefix + java.lang.Integer.toString(counter)) + .png)): null

2018-12-04 12:09:05 - [TEST_STEP][PASSED] - Statement - counter = counter + 1: null

2018-12-04 12:09:05 - [TEST_STEP][PASSED] - Statement - PreSaveFile = new java.io.File(((pathPrefix + java.lang.Integer.toString(counter)) + .png)): null

2018-12-04 12:09:05 - [TEST_STEP][PASSED] - Statement - counter = counter + 1: null

2018-12-04 12:09:07 - [TEST_STEP][PASSED] - Statement - PreSaveFile = new java.io.File(((pathPrefix + java.lang.Integer.toString(counter)) + .png)): null

2018-12-04 12:09:07 - [TEST_STEP][PASSED] - Statement - counter = counter + 1: null

2018-12-04 12:09:07 - [TEST_STEP][PASSED] - Statement - PreSaveFile = new java.io.File(((pathPrefix + java.lang.Integer.toString(counter)) + .png)): null

2018-12-04 12:09:07 - [TEST_STEP][PASSED] - Statement - counter = counter + 1: null

2018-12-04 12:09:07 - [TEST_STEP][PASSED] - Statement - PreSaveFile = new java.io.File(((pathPrefix + java.lang.Integer.toString(counter)) + .png)): null

2018-12-04 12:09:07 - [TEST_STEP][PASSED] - Statement - counter = counter + 1: null

2018-12-04 12:09:07 - [TEST_STEP][PASSED] - Statement - PreSaveFile = new java.io.File(((pathPrefix + java.lang.Integer.toString(counter)) + .png)): null

2018-12-04 12:09:07 - [TEST_STEP][PASSED] - Statement - counter = counter + 1: null

2018-12-04 12:09:07 - [TEST_STEP][PASSED] - Statement - PreSaveFile = new java.io.File(((pathPrefix + java.lang.Integer.toString(counter)) + .png)): null

2018-12-04 12:09:07 - [TEST_STEP][PASSED] - Statement - counter = counter + 1: null

2018-12-04 12:09:10 - [TEST_STEP][PASSED] - Statement - PreSaveFile = new java.io.File(((pathPrefix + java.lang.Integer.toString(counter)) + .png)): null

2018-12-04 12:09:10 - [TEST_STEP][PASSED] - Statement - counter = counter + 1: null

2018-12-04 12:09:10 - [TEST_STEP][PASSED] - Statement - PreSaveFile = new java.io.File(((pathPrefix + java.lang.Integer.toString(counter)) + .png)): null

2018-12-04 12:09:10 - [TEST_STEP][PASSED] - Statement - counter = counter + 1: null

2018-12-04 12:09:10 - [TEST_STEP][PASSED] - Statement - PreSaveFile = new java.io.File(((pathPrefix + java.lang.Integer.toString(counter)) + .png)): null

2018-12-04 12:09:10 - [TEST_STEP][PASSED] - Statement - counter = counter + 1: null

2018-12-04 12:09:10 - [TEST_STEP][PASSED] - Statement - PreSaveFile = new java.io.File(((pathPrefix + java.lang.Integer.toString(counter)) + .png)): null

2018-12-04 12:09:10 - [TEST_STEP][PASSED] - Statement - counter = counter + 1: null

2018-12-04 12:09:10 - [TEST_STEP][PASSED] - Statement - PreSaveFile = new java.io.File(((pathPrefix + java.lang.Integer.toString(counter)) + .png)): null

2018-12-04 12:09:10 - [TEST_STEP][PASSED] - Statement - counter = counter + 1: null

2018-12-04 12:09:12 - [TEST_STEP][PASSED] - Statement - PreSaveFile = new java.io.File(((pathPrefix + java.lang.Integer.toString(counter)) + .png)): null

2018-12-04 12:09:12 - [TEST_STEP][PASSED] - Statement - counter = counter + 1: null

2018-12-04 12:09:12 - [TEST_STEP][PASSED] - Statement - PreSaveFile = new java.io.File(((pathPrefix + java.lang.Integer.toString(counter)) + .png)): null

2018-12-04 12:09:12 - [TEST_STEP][PASSED] - Statement - counter = counter + 1: null

2018-12-04 12:09:12 - [TEST_STEP][PASSED] - Statement - PreSaveFile = new java.io.File(((pathPrefix + java.lang.Integer.toString(counter)) + .png)): null

2018-12-04 12:09:12 - [TEST_STEP][PASSED] - Statement - counter = counter + 1: null

2018-12-04 12:09:12 - [TEST_STEP][PASSED] - Statement - PreSaveFile = new java.io.File(((pathPrefix + java.lang.Integer.toString(counter)) + .png)): null

2018-12-04 12:09:12 - [TEST_STEP][PASSED] - Statement - counter = counter + 1: null

2018-12-04 12:09:12 - [TEST_STEP][PASSED] - Statement - PreSaveFile = new java.io.File(((pathPrefix + java.lang.Integer.toString(counter)) + .png)): null

2018-12-04 12:09:12 - [TEST_STEP][PASSED] - Statement - counter = counter + 1: null

2018-12-04 12:09:15 - [TEST_STEP][PASSED] - Statement - PreSaveFile = new java.io.File(((pathPrefix + java.lang.Integer.toString(counter)) + .png)): null

2018-12-04 12:09:15 - [TEST_STEP][PASSED] - Statement - finalPath = pathPrefix + java.lang.Integer.toString(counter) + ".png": null

2018-12-04 12:09:15 - [TEST_STEP][PASSED] - Statement - SaveFile = new java.io.File(finalPath): null

2018-12-04 12:09:15 - [TEST_STEP][PASSED] - Statement - Try: null

2018-12-04 12:09:15 - [TEST_STEP][PASSED] - Statement - org.apache.commons.io.FileUtils.copyFile(scrFile, SaveFile): null

2018-12-04 12:09:15 - [TEST_STEP][PASSED] - Statement - out.println("file kept"): null

2018-12-04 12:09:15 - [TEST_STEP][PASSED] - delay: Delayed 10 second(s)

2018-12-04 12:09:25 - [MESSAGE][PASSED] - Delayed 10 second(s)

2018-12-04 12:09:25 - [MESSAGE][PASSED] - Call Test Case 'Test Cases/Final Aug 2018 - PKS Automation/Registration Module/New Registration/Submit and Screenshot/Submit Registration and Screenshot' successfully]]></system-out>
         <system-err><![CDATA[]]></system-err>
      </testcase>
      <testcase name="Test Cases/Final Aug 2018 - PKS Automation/Registration Module/Workflow/New Registration/OTC - PKR BO - RO Submit(Routed 2 Time)" classname="Test Cases/Final Aug 2018 - PKS Automation/Registration Module/Workflow/New Registration/OTC - PKR BO - RO Submit(Routed 2 Time)" status="FAILED">
         <failure type="FAILED" message="(Stack trace: com.kms.katalon.core.exception.StepFailedException: Unable to click on object 'Object Repository/Final Object Repo/New Registration - Registration Module Pages/New Reg - OTC to RO/Special Case - All Related Objects/Continue Button in verifying case' (Root cause: com.kms.katalon.core.webui.exception.WebElementNotFoundException: Web element with id: 'Object Repository/Final Object Repo/New Registration - Registration Module Pages/New Reg - OTC to RO/Special Case - All Related Objects/Continue Button in verifying case' located by 'By.xpath: //a[(text() = ' CONTINUE	
						' or . = ' CONTINUE	
						')]' not found)
	at com.kms.katalon.core.keyword.internal.KeywordMain.stepFailed(KeywordMain.groovy:32)
	at com.kms.katalon.core.webui.keyword.internal.WebUIKeywordMain.stepFailed(WebUIKeywordMain.groovy:65)
	at com.kms.katalon.core.webui.keyword.internal.WebUIKeywordMain.runKeyword(WebUIKeywordMain.groovy:27)
	at com.kms.katalon.core.webui.keyword.builtin.ClickKeyword.click(ClickKeyword.groovy:86)
	at com.kms.katalon.core.webui.keyword.builtin.ClickKeyword.execute(ClickKeyword.groovy:67)
	at com.kms.katalon.core.keyword.internal.KeywordExecutor.executeKeywordForPlatform(KeywordExecutor.groovy:53)
	at com.kms.katalon.core.webui.keyword.WebUiBuiltInKeywords.click(WebUiBuiltInKeywords.groovy:616)
	at com.kms.katalon.core.webui.keyword.WebUiBuiltInKeywords$click$2.call(Unknown Source)
	at org.codehaus.groovy.runtime.callsite.CallSiteArray.defaultCall(CallSiteArray.java:48)
	at org.codehaus.groovy.runtime.callsite.AbstractCallSite.call(AbstractCallSite.java:113)
	at org.codehaus.groovy.runtime.callsite.AbstractCallSite.call(AbstractCallSite.java:125)
	at Script1535599368022.run(Script1535599368022.groovy:161)
	at com.kms.katalon.core.main.ScriptEngine.run(ScriptEngine.java:183)
	at com.kms.katalon.core.main.ScriptEngine.runScriptAsRawText(ScriptEngine.java:108)
	at com.kms.katalon.core.main.TestCaseExecutor.runScript(TestCaseExecutor.java:294)
	at com.kms.katalon.core.main.TestCaseExecutor.doExecute(TestCaseExecutor.java:285)
	at com.kms.katalon.core.main.TestCaseExecutor.processExecutionPhase(TestCaseExecutor.java:264)
	at com.kms.katalon.core.main.TestCaseExecutor.accessMainPhase(TestCaseExecutor.java:256)
	at com.kms.katalon.core.main.TestCaseExecutor.execute(TestCaseExecutor.java:200)
	at com.kms.katalon.core.main.TestSuiteExecutor.accessTestCaseMainPhase(TestSuiteExecutor.java:129)
	at com.kms.katalon.core.main.TestSuiteExecutor.accessTestSuiteMainPhase(TestSuiteExecutor.java:112)
	at com.kms.katalon.core.main.TestSuiteExecutor.execute(TestSuiteExecutor.java:81)
	at com.kms.katalon.core.main.TestCaseMain.startTestSuite(TestCaseMain.java:142)
	at com.kms.katalon.core.main.TestCaseMain$startTestSuite$0.call(Unknown Source)
	at org.codehaus.groovy.runtime.callsite.CallSiteArray.defaultCall(CallSiteArray.java:48)
	at org.codehaus.groovy.runtime.callsite.AbstractCallSite.call(AbstractCallSite.java:113)
	at org.codehaus.groovy.runtime.callsite.AbstractCallSite.call(AbstractCallSite.java:141)
	at TempTestSuite1543887302996.run(TempTestSuite1543887302996.groovy:36)
	at groovy.lang.GroovyShell.runScriptOrMainOrTestOrRunnable(GroovyShell.java:263)
	at groovy.lang.GroovyShell.run(GroovyShell.java:518)
	at groovy.lang.GroovyShell.run(GroovyShell.java:507)
	at groovy.ui.GroovyMain.processOnce(GroovyMain.java:653)
	at groovy.ui.GroovyMain.run(GroovyMain.java:384)
	at groovy.ui.GroovyMain.process(GroovyMain.java:370)
	at groovy.ui.GroovyMain.processArgs(GroovyMain.java:129)
	at groovy.ui.GroovyMain.main(GroovyMain.java:109)
	at sun.reflect.NativeMethodAccessorImpl.invoke0(Native Method)
	at sun.reflect.NativeMethodAccessorImpl.invoke(NativeMethodAccessorImpl.java:62)
	at sun.reflect.DelegatingMethodAccessorImpl.invoke(DelegatingMethodAccessorImpl.java:43)
	at java.lang.reflect.Method.invoke(Method.java:498)
	at org.codehaus.groovy.tools.GroovyStarter.rootLoader(GroovyStarter.java:109)
	at org.codehaus.groovy.tools.GroovyStarter.main(GroovyStarter.java:131)
)"/>
         <system-out><![CDATA[2018-12-04 12:09:25 - [TEST_CASE][FAILED] - Test Cases/Final Aug 2018 - PKS Automation/Registration Module/Workflow/New Registration/OTC - PKR BO - RO Submit(Routed 2 Time): Test Cases/Final Aug 2018 - PKS Automation/Registration Module/Workflow/New Registration/OTC - PKR BO - RO Submit(Routed 2 Time) FAILED because (of) (Stack trace: com.kms.katalon.core.exception.StepFailedException: Unable to click on object 'Object Repository/Final Object Repo/New Registration - Registration Module Pages/New Reg - OTC to RO/Special Case - All Related Objects/Continue Button in verifying case' (Root cause: com.kms.katalon.core.webui.exception.WebElementNotFoundException: Web element with id: 'Object Repository/Final Object Repo/New Registration - Registration Module Pages/New Reg - OTC to RO/Special Case - All Related Objects/Continue Button in verifying case' located by 'By.xpath: //a[(text() = ' CONTINUE	
						' or . = ' CONTINUE	
						')]' not found)
	at com.kms.katalon.core.keyword.internal.KeywordMain.stepFailed(KeywordMain.groovy:32)
	at com.kms.katalon.core.webui.keyword.internal.WebUIKeywordMain.stepFailed(WebUIKeywordMain.groovy:65)
	at com.kms.katalon.core.webui.keyword.internal.WebUIKeywordMain.runKeyword(WebUIKeywordMain.groovy:27)
	at com.kms.katalon.core.webui.keyword.builtin.ClickKeyword.click(ClickKeyword.groovy:86)
	at com.kms.katalon.core.webui.keyword.builtin.ClickKeyword.execute(ClickKeyword.groovy:67)
	at com.kms.katalon.core.keyword.internal.KeywordExecutor.executeKeywordForPlatform(KeywordExecutor.groovy:53)
	at com.kms.katalon.core.webui.keyword.WebUiBuiltInKeywords.click(WebUiBuiltInKeywords.groovy:616)
	at com.kms.katalon.core.webui.keyword.WebUiBuiltInKeywords$click$2.call(Unknown Source)
	at org.codehaus.groovy.runtime.callsite.CallSiteArray.defaultCall(CallSiteArray.java:48)
	at org.codehaus.groovy.runtime.callsite.AbstractCallSite.call(AbstractCallSite.java:113)
	at org.codehaus.groovy.runtime.callsite.AbstractCallSite.call(AbstractCallSite.java:125)
	at Script1535599368022.run(Script1535599368022.groovy:161)
	at com.kms.katalon.core.main.ScriptEngine.run(ScriptEngine.java:183)
	at com.kms.katalon.core.main.ScriptEngine.runScriptAsRawText(ScriptEngine.java:108)
	at com.kms.katalon.core.main.TestCaseExecutor.runScript(TestCaseExecutor.java:294)
	at com.kms.katalon.core.main.TestCaseExecutor.doExecute(TestCaseExecutor.java:285)
	at com.kms.katalon.core.main.TestCaseExecutor.processExecutionPhase(TestCaseExecutor.java:264)
	at com.kms.katalon.core.main.TestCaseExecutor.accessMainPhase(TestCaseExecutor.java:256)
	at com.kms.katalon.core.main.TestCaseExecutor.execute(TestCaseExecutor.java:200)
	at com.kms.katalon.core.main.TestSuiteExecutor.accessTestCaseMainPhase(TestSuiteExecutor.java:129)
	at com.kms.katalon.core.main.TestSuiteExecutor.accessTestSuiteMainPhase(TestSuiteExecutor.java:112)
	at com.kms.katalon.core.main.TestSuiteExecutor.execute(TestSuiteExecutor.java:81)
	at com.kms.katalon.core.main.TestCaseMain.startTestSuite(TestCaseMain.java:142)
	at com.kms.katalon.core.main.TestCaseMain$startTestSuite$0.call(Unknown Source)
	at org.codehaus.groovy.runtime.callsite.CallSiteArray.defaultCall(CallSiteArray.java:48)
	at org.codehaus.groovy.runtime.callsite.AbstractCallSite.call(AbstractCallSite.java:113)
	at org.codehaus.groovy.runtime.callsite.AbstractCallSite.call(AbstractCallSite.java:141)
	at TempTestSuite1543887302996.run(TempTestSuite1543887302996.groovy:36)
	at groovy.lang.GroovyShell.runScriptOrMainOrTestOrRunnable(GroovyShell.java:263)
	at groovy.lang.GroovyShell.run(GroovyShell.java:518)
	at groovy.lang.GroovyShell.run(GroovyShell.java:507)
	at groovy.ui.GroovyMain.processOnce(GroovyMain.java:653)
	at groovy.ui.GroovyMain.run(GroovyMain.java:384)
	at groovy.ui.GroovyMain.process(GroovyMain.java:370)
	at groovy.ui.GroovyMain.processArgs(GroovyMain.java:129)
	at groovy.ui.GroovyMain.main(GroovyMain.java:109)
	at sun.reflect.NativeMethodAccessorImpl.invoke0(Native Method)
	at sun.reflect.NativeMethodAccessorImpl.invoke(NativeMethodAccessorImpl.java:62)
	at sun.reflect.DelegatingMethodAccessorImpl.invoke(DelegatingMethodAccessorImpl.java:43)
	at java.lang.reflect.Method.invoke(Method.java:498)
	at org.codehaus.groovy.tools.GroovyStarter.rootLoader(GroovyStarter.java:109)
	at org.codehaus.groovy.tools.GroovyStarter.main(GroovyStarter.java:131)
)

2018-12-04 12:09:25 - [TEST_STEP][PASSED] - callTestCase: Call Test Case 'Test Cases/Final Aug 2018 - PKS Automation/Registration Module/Workflow/New Registration/Template/Special Case - OTC - Form 1' successfully

2018-12-04 12:09:25 - [TEST_CASE][PASSED] - Test Cases/Final Aug 2018 - PKS Automation/Registration Module/Workflow/New Registration/Template/Special Case - OTC - Form 1: Test Cases/Final Aug 2018 - PKS Automation/Registration Module/Workflow/New Registration/Template/Special Case - OTC - Form 1

2018-12-04 12:09:25 - [TEST_STEP][PASSED] - openBrowser: Browser is opened with url: ''

2018-12-04 12:09:25 - [MESSAGE][WARNING] - A browser is already opened. Closing browser and opening a new one

2018-12-04 12:09:28 - [MESSAGE][PASSED] - Browser is opened with url: ''

2018-12-04 12:09:28 - [TEST_STEP][PASSED] - navigateToUrl: Navigate to 'https://assist2-uat.perkeso.gov.my/login' successfully

2018-12-04 12:09:29 - [MESSAGE][PASSED] - Navigate to 'https://assist2-uat.perkeso.gov.my/login' successfully

2018-12-04 12:09:29 - [TEST_STEP][PASSED] - delay: Delayed 2 second(s)

2018-12-04 12:09:31 - [MESSAGE][PASSED] - Delayed 2 second(s)

2018-12-04 12:09:31 - [TEST_STEP][PASSED] - setText: Text 'klotc2@gmail.com' is set on object 'Object Repository/Final Object Repo/Login Page/Internal User/Email Address'

2018-12-04 12:09:32 - [MESSAGE][PASSED] - Text 'klotc2@gmail.com' is set on object 'Object Repository/Final Object Repo/Login Page/Internal User/Email Address'

2018-12-04 12:09:32 - [TEST_STEP][PASSED] - click: Object: 'Object Repository/Final Object Repo/Login Page/Internal User/Next Button' is clicked on

2018-12-04 12:09:32 - [MESSAGE][PASSED] - Object: 'Object Repository/Final Object Repo/Login Page/Internal User/Next Button' is clicked on

2018-12-04 12:09:32 - [TEST_STEP][PASSED] - delay: Delayed 2 second(s)

2018-12-04 12:09:34 - [MESSAGE][PASSED] - Delayed 2 second(s)

2018-12-04 12:09:34 - [TEST_STEP][PASSED] - setText: Text 'Test1@3456789' is set on object 'Object Repository/Final Object Repo/Login Page/Internal User/Password'

2018-12-04 12:09:34 - [MESSAGE][PASSED] - Text 'Test1@3456789' is set on object 'Object Repository/Final Object Repo/Login Page/Internal User/Password'

2018-12-04 12:09:34 - [TEST_STEP][PASSED] - delay: Delayed 2 second(s)

2018-12-04 12:09:36 - [MESSAGE][PASSED] - Delayed 2 second(s)

2018-12-04 12:09:36 - [TEST_STEP][PASSED] - click: Object: 'Object Repository/Final Object Repo/Login Page/Internal User/Login Button' is clicked on

2018-12-04 12:09:37 - [MESSAGE][PASSED] - Object: 'Object Repository/Final Object Repo/Login Page/Internal User/Login Button' is clicked on

2018-12-04 12:09:37 - [TEST_STEP][PASSED] - Statement - Try: null

2018-12-04 12:09:37 - [TEST_STEP][PASSED] - Statement - Checker = com.kms.katalon.core.webui.keyword.WebUiBuiltInKeywords.verifyElementNotPresent("Final Object Repo/Landing Page/Select to English", 3): null

2018-12-04 12:09:37 - [TEST_STEP][PASSED] - Statement - Catch (Exception e): null

2018-12-04 12:09:37 - [TEST_STEP][PASSED] - Statement - e.printStackTrace(): null

2018-12-04 12:09:37 - [TEST_STEP][PASSED] - delay: Delayed 5 second(s)

2018-12-04 12:09:42 - [MESSAGE][PASSED] - Delayed 5 second(s)

2018-12-04 12:09:42 - [TEST_STEP][PASSED] - click: Object: 'Object Repository/Final Object Repo/Landing Page/My Sites Drop Down' is clicked on

2018-12-04 12:09:42 - [MESSAGE][PASSED] - Object: 'Object Repository/Final Object Repo/Landing Page/My Sites Drop Down' is clicked on

2018-12-04 12:09:42 - [TEST_STEP][PASSED] - click: Object: 'Object Repository/Final Object Repo/Landing Page/Select to Registration Module' is clicked on

2018-12-04 12:09:43 - [MESSAGE][PASSED] - Object: 'Object Repository/Final Object Repo/Landing Page/Select to Registration Module' is clicked on

2018-12-04 12:09:43 - [TEST_STEP][PASSED] - click: Object: 'Object Repository/Final Object Repo/Landing Page/Registration Button' is clicked on

2018-12-04 12:09:44 - [MESSAGE][PASSED] - Object: 'Object Repository/Final Object Repo/Landing Page/Registration Button' is clicked on

2018-12-04 12:09:44 - [TEST_STEP][PASSED] - delay: Delayed 2 second(s)

2018-12-04 12:09:46 - [MESSAGE][PASSED] - Delayed 2 second(s)

2018-12-04 12:09:46 - [TEST_STEP][PASSED] - click: Object: 'Object Repository/Final Object Repo/New Registration - Registration Module Pages/New Reg - OTC to RO/Special Case - OTC - Form 1/AEC NO' is clicked on

2018-12-04 12:09:47 - [MESSAGE][PASSED] - Object: 'Object Repository/Final Object Repo/New Registration - Registration Module Pages/New Reg - OTC to RO/Special Case - OTC - Form 1/AEC NO' is clicked on

2018-12-04 12:09:47 - [TEST_STEP][PASSED] - click: Object: 'Object Repository/Final Object Repo/New Registration - Registration Module Pages/New Reg - OTC to RO/Special Case - OTC - Form 1/Business Entity - Please Select' is clicked on

2018-12-04 12:09:47 - [MESSAGE][PASSED] - Object: 'Object Repository/Final Object Repo/New Registration - Registration Module Pages/New Reg - OTC to RO/Special Case - OTC - Form 1/Business Entity - Please Select' is clicked on

2018-12-04 12:09:47 - [TEST_STEP][PASSED] - click: Object: 'Object Repository/Final Object Repo/New Registration - Registration Module Pages/New Reg - OTC to RO/Special Case - OTC - Form 1/Selected - Corporation' is clicked on

2018-12-04 12:09:47 - [MESSAGE][PASSED] - Object: 'Object Repository/Final Object Repo/New Registration - Registration Module Pages/New Reg - OTC to RO/Special Case - OTC - Form 1/Selected - Corporation' is clicked on

2018-12-04 12:09:47 - [TEST_STEP][PASSED] - delay: Delayed 2 second(s)

2018-12-04 12:09:49 - [MESSAGE][PASSED] - Delayed 2 second(s)

2018-12-04 12:09:49 - [TEST_STEP][PASSED] - click: Object: 'Object Repository/Final Object Repo/New Registration - Registration Module Pages/New Reg - OTC to RO/Special Case - OTC - Form 1/Sub Business Entity - Please Select' is clicked on

2018-12-04 12:09:49 - [MESSAGE][PASSED] - Object: 'Object Repository/Final Object Repo/New Registration - Registration Module Pages/New Reg - OTC to RO/Special Case - OTC - Form 1/Sub Business Entity - Please Select' is clicked on

2018-12-04 12:09:49 - [TEST_STEP][PASSED] - delay: Delayed 2 second(s)

2018-12-04 12:09:51 - [MESSAGE][PASSED] - Delayed 2 second(s)

2018-12-04 12:09:51 - [TEST_STEP][PASSED] - click: Object: 'Object Repository/Final Object Repo/New Registration - Registration Module Pages/New Reg - OTC to RO/Special Case - OTC - Form 1/Selected - Sendirian Berhad' is clicked on

2018-12-04 12:09:51 - [MESSAGE][PASSED] - Object: 'Object Repository/Final Object Repo/New Registration - Registration Module Pages/New Reg - OTC to RO/Special Case - OTC - Form 1/Selected - Sendirian Berhad' is clicked on

2018-12-04 12:09:51 - [TEST_STEP][PASSED] - setText: Text 'AUTOMATE001' is set on object 'Object Repository/Final Object Repo/New Registration - Registration Module Pages/New Reg - OTC to RO/Special Case - OTC - Form 1/Input BRN Number'

2018-12-04 12:09:52 - [MESSAGE][PASSED] - Text 'AUTOMATE001' is set on object 'Object Repository/Final Object Repo/New Registration - Registration Module Pages/New Reg - OTC to RO/Special Case - OTC - Form 1/Input BRN Number'

2018-12-04 12:09:52 - [TEST_STEP][PASSED] - delay: Delayed 2 second(s)

2018-12-04 12:09:54 - [MESSAGE][PASSED] - Delayed 2 second(s)

2018-12-04 12:09:54 - [TEST_STEP][PASSED] - click: Object: 'Object Repository/Final Object Repo/New Registration - Registration Module Pages/New Reg - OTC to RO/Special Case - OTC - Form 1/BRN Search' is clicked on

2018-12-04 12:09:54 - [MESSAGE][PASSED] - Object: 'Object Repository/Final Object Repo/New Registration - Registration Module Pages/New Reg - OTC to RO/Special Case - OTC - Form 1/BRN Search' is clicked on

2018-12-04 12:09:54 - [TEST_STEP][PASSED] - delay: Delayed 4 second(s)

2018-12-04 12:09:58 - [MESSAGE][PASSED] - Delayed 4 second(s)

2018-12-04 12:09:58 - [TEST_STEP][PASSED] - click: Object: 'Object Repository/Final Object Repo/New Registration - Registration Module Pages/New Reg - OTC to RO/Special Case - OTC - Form 1/Registered with SSM - After Feb 2017' is clicked on

2018-12-04 12:09:58 - [MESSAGE][PASSED] - Object: 'Object Repository/Final Object Repo/New Registration - Registration Module Pages/New Reg - OTC to RO/Special Case - OTC - Form 1/Registered with SSM - After Feb 2017' is clicked on

2018-12-04 12:09:58 - [TEST_STEP][PASSED] - delay: Delayed 2 second(s)

2018-12-04 12:10:00 - [MESSAGE][PASSED] - Delayed 2 second(s)

2018-12-04 12:10:00 - [TEST_STEP][PASSED] - click: Object: 'Object Repository/Final Object Repo/New Registration - Registration Module Pages/New Reg - OTC to RO/Special Case - OTC - Form 1/Registering As A Branch - No' is clicked on

2018-12-04 12:10:00 - [MESSAGE][PASSED] - Object: 'Object Repository/Final Object Repo/New Registration - Registration Module Pages/New Reg - OTC to RO/Special Case - OTC - Form 1/Registering As A Branch - No' is clicked on

2018-12-04 12:10:00 - [TEST_STEP][PASSED] - click: Object: 'Object Repository/Final Object Repo/New Registration - Registration Module Pages/New Reg - OTC to RO/Special Case - OTC - Form 1/Acknowledgement Ticked' is clicked on

2018-12-04 12:10:01 - [MESSAGE][PASSED] - Object: 'Object Repository/Final Object Repo/New Registration - Registration Module Pages/New Reg - OTC to RO/Special Case - OTC - Form 1/Acknowledgement Ticked' is clicked on

2018-12-04 12:10:01 - [TEST_STEP][PASSED] - click: Object: 'Object Repository/Final Object Repo/New Registration - Registration Module Pages/New Reg - OTC to RO/Special Case - OTC - Form 1/Submit Button' is clicked on

2018-12-04 12:10:01 - [MESSAGE][PASSED] - Object: 'Object Repository/Final Object Repo/New Registration - Registration Module Pages/New Reg - OTC to RO/Special Case - OTC - Form 1/Submit Button' is clicked on

2018-12-04 12:10:01 - [TEST_STEP][PASSED] - delay: Delayed 2 second(s)

2018-12-04 12:10:03 - [MESSAGE][PASSED] - Delayed 2 second(s)

2018-12-04 12:10:03 - [TEST_STEP][PASSED] - click: Object: 'Object Repository/Final Object Repo/New Registration - Registration Module Pages/New Reg - OTC to RO/Special Case - OTC - Form 1/Confirm No Flagging as Branch' is clicked on

2018-12-04 12:10:03 - [MESSAGE][PASSED] - Object: 'Object Repository/Final Object Repo/New Registration - Registration Module Pages/New Reg - OTC to RO/Special Case - OTC - Form 1/Confirm No Flagging as Branch' is clicked on

2018-12-04 12:10:03 - [MESSAGE][PASSED] - Call Test Case 'Test Cases/Final Aug 2018 - PKS Automation/Registration Module/Workflow/New Registration/Template/Special Case - OTC - Form 1' successfully

2018-12-04 12:10:03 - [TEST_STEP][PASSED] - callTestCase: Call Test Case 'Test Cases/Final Aug 2018 - PKS Automation/Registration Module/New Registration/Form 2/Add 1 Eligible - Incomplete' successfully

2018-12-04 12:10:03 - [TEST_CASE][PASSED] - Test Cases/Final Aug 2018 - PKS Automation/Registration Module/New Registration/Form 2/Add 1 Eligible - Incomplete: Test Cases/Final Aug 2018 - PKS Automation/Registration Module/New Registration/Form 2/Add 1 Eligible - Incomplete

2018-12-04 12:10:03 - [TEST_STEP][PASSED] - delay: Delayed 2 second(s)

2018-12-04 12:10:05 - [MESSAGE][PASSED] - Delayed 2 second(s)

2018-12-04 12:10:05 - [TEST_STEP][PASSED] - callTestCase: Call Test Case 'Test Cases/Final Aug 2018 - PKS Automation/Registration Module/New Registration/Form 2/Date Updater' successfully

2018-12-04 12:10:05 - [TEST_CASE][PASSED] - Test Cases/Final Aug 2018 - PKS Automation/Registration Module/New Registration/Form 2/Date Updater: Test Cases/Final Aug 2018 - PKS Automation/Registration Module/New Registration/Form 2/Date Updater

2018-12-04 12:10:05 - [TEST_STEP][PASSED] - Statement - TodayDate = new java.util.Date(): null

2018-12-04 12:10:05 - [TEST_STEP][PASSED] - Statement - CurrentDateNoFilter = new java.text.SimpleDateFormat(): null

2018-12-04 12:10:05 - [TEST_STEP][PASSED] - Statement - CurrentDateNoFilter.applyPattern("MM"): null

2018-12-04 12:10:05 - [TEST_STEP][PASSED] - Statement - monthContainerMatcher = java.lang.Integer.parseInt(CurrentDateNoFilter.format(TodayDate)): null

2018-12-04 12:10:05 - [TEST_STEP][PASSED] - Statement - monthContainerMatcher = monthContainerMatcher - 1: null

2018-12-04 12:10:05 - [TEST_STEP][PASSED] - Statement - CurrentMonth = monthContainerMatcher.toString(): null

2018-12-04 12:10:05 - [TEST_STEP][PASSED] - Statement - CurrentMonth = CurrentMonth: null

2018-12-04 12:10:05 - [TEST_STEP][PASSED] - Statement - CurrentDateNoFilter.applyPattern("yyyy"): null

2018-12-04 12:10:05 - [TEST_STEP][PASSED] - Statement - CurrentYear = CurrentDateNoFilter.format(TodayDate): null

2018-12-04 12:10:05 - [TEST_STEP][PASSED] - Statement - CurrentYear = CurrentYear: null

2018-12-04 12:10:05 - [TEST_STEP][PASSED] - Statement - intCurrentYear = java.lang.Integer.parseInt(CurrentDateNoFilter.format(TodayDate)): null

2018-12-04 12:10:05 - [TEST_STEP][PASSED] - Statement - eighteenYrsAgo = intCurrentYear - 18: null

2018-12-04 12:10:05 - [TEST_STEP][PASSED] - Statement - eighteenYrsBeforeThisYr = eighteenYrsAgo.toString(): null

2018-12-04 12:10:05 - [TEST_STEP][PASSED] - Statement - EighteenYrsBefore = eighteenYrsBeforeThisYr: null

2018-12-04 12:10:05 - [TEST_STEP][PASSED] - Statement - fiftysevenYrsAgo = intCurrentYear - 57: null

2018-12-04 12:10:05 - [TEST_STEP][PASSED] - Statement - fiftysevenYrsBeforeThisYr = fiftysevenYrsAgo.toString(): null

2018-12-04 12:10:05 - [TEST_STEP][PASSED] - Statement - FiftysevenYrsBefore = fiftysevenYrsBeforeThisYr: null

2018-12-04 12:10:05 - [TEST_STEP][PASSED] - Statement - leapYear = false: null

2018-12-04 12:10:05 - [TEST_STEP][PASSED] - Statement - leapYear = intCurrentYear % 4 == 0: null

2018-12-04 12:10:05 - [TEST_STEP][PASSED] - Statement - CurrentDateNoFilter.applyPattern("dd"): null

2018-12-04 12:10:05 - [TEST_STEP][PASSED] - Statement - CurrentDate = CurrentDateNoFilter.format(TodayDate): null

2018-12-04 12:10:05 - [TEST_STEP][PASSED] - Statement - CurrentDate = java.lang.Integer.parseInt(CurrentDate): null

2018-12-04 12:10:05 - [TEST_STEP][PASSED] - Statement - CurrentDate = CurrentDate: null

2018-12-04 12:10:05 - [TEST_STEP][PASSED] - Statement - CurrentDay = java.lang.Integer.parseInt(CurrentDate): null

2018-12-04 12:10:05 - [TEST_STEP][PASSED] - Statement - ConfAdder = <not implemented yet for class: org.codehaus.groovy.ast.expr.EmptyExpression>: null

2018-12-04 12:10:05 - [TEST_STEP][PASSED] - Statement - switch (CurrentDate): null

2018-12-04 12:10:05 - [TEST_STEP][PASSED] - Statement - Default: null

2018-12-04 12:10:05 - [TEST_STEP][PASSED] - Statement - ConfAdder = false: null

2018-12-04 12:10:05 - [TEST_STEP][PASSED] - Statement - Break: null

2018-12-04 12:10:05 - [TEST_STEP][PASSED] - Statement - aDayBefore = <not implemented yet for class: org.codehaus.groovy.ast.expr.EmptyExpression>: null

2018-12-04 12:10:05 - [TEST_STEP][PASSED] - Statement - If (ConfAdder == true): null

2018-12-04 12:10:05 - [TEST_STEP][PASSED] - Statement - Else: null

2018-12-04 12:10:05 - [TEST_STEP][PASSED] - Statement - aDayBefore = 1: null

2018-12-04 12:10:05 - [TEST_STEP][PASSED] - Statement - If (aDayBefore == 1 && CurrentMonth == 11): null

2018-12-04 12:10:05 - [TEST_STEP][PASSED] - Statement - DayBefore = aDayBefore.toString(): null

2018-12-04 12:10:05 - [TEST_STEP][PASSED] - Statement - OneDayBefore = DayBefore: null

2018-12-04 12:10:06 - [MESSAGE][PASSED] - Call Test Case 'Test Cases/Final Aug 2018 - PKS Automation/Registration Module/New Registration/Form 2/Date Updater' successfully

2018-12-04 12:10:06 - [TEST_STEP][PASSED] - Statement - CaseReferenceNo = com.kms.katalon.core.webui.keyword.WebUiBuiltInKeywords.getText(com.kms.katalon.core.testobject.ObjectRepository.findTestObject(Final Object Repo/New Registration - Registration Module Pages/Form 2/RefNo Acquiring)): Text of object 'Object Repository/Final Object Repo/New Registration - Registration Module Pages/Form 2/RefNo Acquiring' is: 'CRN12201800122974'

2018-12-04 12:10:07 - [MESSAGE][PASSED] - Text of object 'Object Repository/Final Object Repo/New Registration - Registration Module Pages/Form 2/RefNo Acquiring' is: 'CRN12201800122974'

2018-12-04 12:10:07 - [TEST_STEP][PASSED] - delay: Delayed 4 second(s)

2018-12-04 12:10:11 - [MESSAGE][PASSED] - Delayed 4 second(s)

2018-12-04 12:10:11 - [TEST_STEP][PASSED] - click: Object: 'Object Repository/Final Object Repo/New Registration - Registration Module Pages/Form 2/Add Employee Button' is clicked on

2018-12-04 12:10:11 - [MESSAGE][PASSED] - Object: 'Object Repository/Final Object Repo/New Registration - Registration Module Pages/Form 2/Add Employee Button' is clicked on

2018-12-04 12:10:11 - [TEST_STEP][PASSED] - delay: Delayed 1 second(s)

2018-12-04 12:10:12 - [MESSAGE][PASSED] - Delayed 1 second(s)

2018-12-04 12:10:12 - [TEST_STEP][PASSED] - setText: Text '010903091984' is set on object 'Object Repository/Final Object Repo/New Registration - Registration Module Pages/Form 2/NRIC Input'

2018-12-04 12:10:13 - [MESSAGE][PASSED] - Text '010903091984' is set on object 'Object Repository/Final Object Repo/New Registration - Registration Module Pages/Form 2/NRIC Input'

2018-12-04 12:10:13 - [TEST_STEP][PASSED] - click: Object: 'Object Repository/Final Object Repo/New Registration - Registration Module Pages/Form 2/button for search for IC' is clicked on

2018-12-04 12:10:13 - [MESSAGE][PASSED] - Object: 'Object Repository/Final Object Repo/New Registration - Registration Module Pages/Form 2/button for search for IC' is clicked on

2018-12-04 12:10:13 - [TEST_STEP][PASSED] - delay: Delayed 2 second(s)

2018-12-04 12:10:15 - [MESSAGE][PASSED] - Delayed 2 second(s)

2018-12-04 12:10:15 - [TEST_STEP][PASSED] - setText: Text 'Automate001 eligible 1' is set on object 'Object Repository/Final Object Repo/New Registration - Registration Module Pages/Form 2/Employee Name Input'

2018-12-04 12:10:15 - [MESSAGE][PASSED] - Text 'Automate001 eligible 1' is set on object 'Object Repository/Final Object Repo/New Registration - Registration Module Pages/Form 2/Employee Name Input'

2018-12-04 12:10:15 - [TEST_STEP][PASSED] - delay: Delayed 2 second(s)

2018-12-04 12:10:17 - [MESSAGE][PASSED] - Delayed 2 second(s)

2018-12-04 12:10:17 - [TEST_STEP][PASSED] - click: Object: 'Object Repository/Final Object Repo/New Registration - Registration Module Pages/Form 2/DatePicker Pop Up' is clicked on

2018-12-04 12:10:18 - [MESSAGE][PASSED] - Object: 'Object Repository/Final Object Repo/New Registration - Registration Module Pages/Form 2/DatePicker Pop Up' is clicked on

2018-12-04 12:10:18 - [TEST_STEP][PASSED] - click: Object: 'Object Repository/Final Object Repo/New Registration - Registration Module Pages/Form 2/DOB Month' is clicked on

2018-12-04 12:10:18 - [MESSAGE][PASSED] - Object: 'Object Repository/Final Object Repo/New Registration - Registration Module Pages/Form 2/DOB Month' is clicked on

2018-12-04 12:10:18 - [TEST_STEP][PASSED] - Statement - CurrentMonth = CurrentMonth: null

2018-12-04 12:10:18 - [TEST_STEP][PASSED] - Statement - selectMonth = new com.kms.katalon.core.testobject.TestObject(): null

2018-12-04 12:10:18 - [TEST_STEP][PASSED] - Statement - selectMonth.addProperty("xpath", EQUALS, "//body/div/div/div/select/option[@value='" + CurrentMonth + "']", true): null

2018-12-04 12:10:18 - [TEST_STEP][PASSED] - click: Object: '' is clicked on

2018-12-04 12:10:18 - [MESSAGE][PASSED] - Object: '' is clicked on

2018-12-04 12:10:18 - [TEST_STEP][PASSED] - click: Object: 'Object Repository/Final Object Repo/New Registration - Registration Module Pages/Form 2/DOB Year' is clicked on

2018-12-04 12:10:18 - [MESSAGE][PASSED] - Object: 'Object Repository/Final Object Repo/New Registration - Registration Module Pages/Form 2/DOB Year' is clicked on

2018-12-04 12:10:18 - [TEST_STEP][PASSED] - Statement - Eyearsbf = EighteenYrsBefore: null

2018-12-04 12:10:18 - [TEST_STEP][PASSED] - Statement - selectYear = new com.kms.katalon.core.testobject.TestObject(): null

2018-12-04 12:10:18 - [TEST_STEP][PASSED] - Statement - selectYear.addProperty("xpath", EQUALS, "//div/div/div/select/option[@value='" + Eyearsbf + "']", true): null

2018-12-04 12:10:18 - [TEST_STEP][PASSED] - click: Object: '' is clicked on

2018-12-04 12:10:18 - [MESSAGE][PASSED] - Object: '' is clicked on

2018-12-04 12:10:18 - [TEST_STEP][PASSED] - Statement - UpdatedSelectDate = com.kms.katalon.core.webui.keyword.WebUiBuiltInKeywords.modifyObjectProperty(com.kms.katalon.core.testobject.ObjectRepository.findTestObject(Final Object Repo/New Registration - Registration Module Pages/Form 2/DOB Date), "xpath", "equals", "//body/div/table/tbody/tr/td/a[text()="" + CurrentDate + ""]", true): Modify property of object successfully

2018-12-04 12:10:18 - [MESSAGE][PASSED] - Modify property of object successfully

2018-12-04 12:10:18 - [TEST_STEP][PASSED] - delay: Delayed 3 second(s)

2018-12-04 12:10:21 - [MESSAGE][PASSED] - Delayed 3 second(s)

2018-12-04 12:10:21 - [TEST_STEP][PASSED] - click: Object: 'Object Repository/Final Object Repo/New Registration - Registration Module Pages/Form 2/DOB Date' is clicked on

2018-12-04 12:10:22 - [MESSAGE][PASSED] - Object: 'Object Repository/Final Object Repo/New Registration - Registration Module Pages/Form 2/DOB Date' is clicked on

2018-12-04 12:10:22 - [TEST_STEP][PASSED] - delay: Delayed 2 second(s)

2018-12-04 12:10:24 - [MESSAGE][PASSED] - Delayed 2 second(s)

2018-12-04 12:10:24 - [TEST_STEP][PASSED] - click: Object: 'Object Repository/Final Object Repo/New Registration - Registration Module Pages/Form 2/EmploymentStartDate Pop Up' is clicked on

2018-12-04 12:10:24 - [MESSAGE][PASSED] - Object: 'Object Repository/Final Object Repo/New Registration - Registration Module Pages/Form 2/EmploymentStartDate Pop Up' is clicked on

2018-12-04 12:10:24 - [TEST_STEP][PASSED] - delay: Delayed 2 second(s)

2018-12-04 12:10:26 - [MESSAGE][PASSED] - Delayed 2 second(s)

2018-12-04 12:10:26 - [TEST_STEP][PASSED] - click: Object: 'Object Repository/Final Object Repo/New Registration - Registration Module Pages/Form 2/Socso Employment StartDate Month' is clicked on

2018-12-04 12:10:26 - [MESSAGE][PASSED] - Object: 'Object Repository/Final Object Repo/New Registration - Registration Module Pages/Form 2/Socso Employment StartDate Month' is clicked on

2018-12-04 12:10:26 - [TEST_STEP][PASSED] - delay: Delayed 1 second(s)

2018-12-04 12:10:27 - [MESSAGE][PASSED] - Delayed 1 second(s)

2018-12-04 12:10:27 - [TEST_STEP][PASSED] - click: Object: 'Object Repository/Final Object Repo/New Registration - Registration Module Pages/Form 2/Select Socso Employement Startdate Month' is clicked on

2018-12-04 12:10:27 - [MESSAGE][PASSED] - Object: 'Object Repository/Final Object Repo/New Registration - Registration Module Pages/Form 2/Select Socso Employement Startdate Month' is clicked on

2018-12-04 12:10:27 - [TEST_STEP][PASSED] - delay: Delayed 2 second(s)

2018-12-04 12:10:29 - [MESSAGE][PASSED] - Delayed 2 second(s)

2018-12-04 12:10:29 - [TEST_STEP][PASSED] - click: Object: 'Object Repository/Final Object Repo/New Registration - Registration Module Pages/Form 2/Socso Employment StartDate Year' is clicked on

2018-12-04 12:10:29 - [MESSAGE][PASSED] - Object: 'Object Repository/Final Object Repo/New Registration - Registration Module Pages/Form 2/Socso Employment StartDate Year' is clicked on

2018-12-04 12:10:29 - [TEST_STEP][PASSED] - delay: Delayed 1 second(s)

2018-12-04 12:10:30 - [MESSAGE][PASSED] - Delayed 1 second(s)

2018-12-04 12:10:30 - [TEST_STEP][PASSED] - click: Object: 'Object Repository/Final Object Repo/New Registration - Registration Module Pages/Form 2/Select Socso Employment Startdate Year' is clicked on

2018-12-04 12:10:30 - [MESSAGE][PASSED] - Object: 'Object Repository/Final Object Repo/New Registration - Registration Module Pages/Form 2/Select Socso Employment Startdate Year' is clicked on

2018-12-04 12:10:30 - [TEST_STEP][PASSED] - delay: Delayed 2 second(s)

2018-12-04 12:10:32 - [MESSAGE][PASSED] - Delayed 2 second(s)

2018-12-04 12:10:32 - [TEST_STEP][PASSED] - click: Object: 'Object Repository/Final Object Repo/New Registration - Registration Module Pages/Form 2/Socso Employment Start Date Day' is clicked on

2018-12-04 12:10:33 - [MESSAGE][PASSED] - Object: 'Object Repository/Final Object Repo/New Registration - Registration Module Pages/Form 2/Socso Employment Start Date Day' is clicked on

2018-12-04 12:10:33 - [TEST_STEP][PASSED] - delay: Delayed 2 second(s)

2018-12-04 12:10:35 - [MESSAGE][PASSED] - Delayed 2 second(s)

2018-12-04 12:10:35 - [TEST_STEP][PASSED] - click: Object: 'Object Repository/Final Object Repo/New Registration - Registration Module Pages/Form 2/Save Button for Add Employee' is clicked on

2018-12-04 12:10:35 - [MESSAGE][PASSED] - Object: 'Object Repository/Final Object Repo/New Registration - Registration Module Pages/Form 2/Save Button for Add Employee' is clicked on

2018-12-04 12:10:35 - [TEST_STEP][PASSED] - delay: Delayed 6 second(s)

2018-12-04 12:10:41 - [MESSAGE][PASSED] - Delayed 6 second(s)

2018-12-04 12:10:41 - [TEST_STEP][PASSED] - click: Object: 'Object Repository/Final Object Repo/New Registration - Registration Module Pages/Form 2/Incomplete Checkbox' is clicked on

2018-12-04 12:10:41 - [MESSAGE][PASSED] - Object: 'Object Repository/Final Object Repo/New Registration - Registration Module Pages/Form 2/Incomplete Checkbox' is clicked on

2018-12-04 12:10:41 - [TEST_STEP][PASSED] - delay: Delayed 2 second(s)

2018-12-04 12:10:43 - [MESSAGE][PASSED] - Delayed 2 second(s)

2018-12-04 12:10:43 - [TEST_STEP][PASSED] - click: Object: 'Object Repository/Final Object Repo/New Registration - Registration Module Pages/Form 2/Save and Continue Form 2' is clicked on

2018-12-04 12:10:43 - [MESSAGE][PASSED] - Object: 'Object Repository/Final Object Repo/New Registration - Registration Module Pages/Form 2/Save and Continue Form 2' is clicked on

2018-12-04 12:10:43 - [MESSAGE][PASSED] - Call Test Case 'Test Cases/Final Aug 2018 - PKS Automation/Registration Module/New Registration/Form 2/Add 1 Eligible - Incomplete' successfully

2018-12-04 12:10:43 - [TEST_STEP][PASSED] - callTestCase: Call Test Case 'Test Cases/Final Aug 2018 - PKS Automation/Registration Module/New Registration/Flow of New Registration/Third Screen - Upload Supporting Doc - Preview' successfully

2018-12-04 12:10:43 - [TEST_CASE][PASSED] - Test Cases/Final Aug 2018 - PKS Automation/Registration Module/New Registration/Flow of New Registration/Third Screen - Upload Supporting Doc - Preview: Test Cases/Final Aug 2018 - PKS Automation/Registration Module/New Registration/Flow of New Registration/Third Screen - Upload Supporting Doc - Preview

2018-12-04 12:10:43 - [TEST_STEP][PASSED] - waitForPageLoad: Wait for page load successfully

2018-12-04 12:10:44 - [MESSAGE][PASSED] - Wait for page load successfully

2018-12-04 12:10:44 - [TEST_STEP][PASSED] - Statement - CaseReferenceNo = com.kms.katalon.core.webui.keyword.WebUiBuiltInKeywords.getText(com.kms.katalon.core.testobject.ObjectRepository.findTestObject(Final Object Repo/New Registration - Registration Module Pages/Third Screen - Upload Supporting Doc- Preview/RefNo Acquiring)): Text of object 'Object Repository/Final Object Repo/New Registration - Registration Module Pages/Third Screen - Upload Supporting Doc- Preview/RefNo Acquiring' is: 'CRN12201800122974'

2018-12-04 12:10:44 - [MESSAGE][PASSED] - Text of object 'Object Repository/Final Object Repo/New Registration - Registration Module Pages/Third Screen - Upload Supporting Doc- Preview/RefNo Acquiring' is: 'CRN12201800122974'

2018-12-04 12:10:44 - [TEST_STEP][PASSED] - delay: Delayed 2 second(s)

2018-12-04 12:10:46 - [MESSAGE][PASSED] - Delayed 2 second(s)

2018-12-04 12:10:46 - [TEST_STEP][PASSED] - callTestCase: Call Test Case 'Test Cases/Final Aug 2018 - PKS Automation/Common/Reference Number Setter' successfully

2018-12-04 12:10:46 - [TEST_CASE][PASSED] - Test Cases/Final Aug 2018 - PKS Automation/Common/Reference Number Setter: Test Cases/Final Aug 2018 - PKS Automation/Common/Reference Number Setter

2018-12-04 12:10:46 - [TEST_STEP][PASSED] - Statement - RefNoOldFile = new java.io.File(C://Users//Admin//Desktop//PKS//Automation Reference Point//KatalonReference.txt): null

2018-12-04 12:10:46 - [TEST_STEP][PASSED] - Statement - RefNoOldFile.delete(): null

2018-12-04 12:10:46 - [TEST_STEP][PASSED] - delay: Delayed 5 second(s)

2018-12-04 12:10:51 - [MESSAGE][PASSED] - Delayed 5 second(s)

2018-12-04 12:10:51 - [TEST_STEP][PASSED] - Statement - RefNo = new java.io.File(C://Users//Admin//Desktop//PKS//Automation Reference Point//KatalonReference.txt): null

2018-12-04 12:10:51 - [TEST_STEP][PASSED] - Statement - f2 = new java.io.FileWriter(RefNo, false): null

2018-12-04 12:10:51 - [TEST_STEP][PASSED] - Statement - f2.write(CaseReferenceNo): null

2018-12-04 12:10:51 - [TEST_STEP][PASSED] - Statement - f2.close(): null

2018-12-04 12:10:51 - [TEST_STEP][PASSED] - Statement - out.println("


" + CaseReferenceNo + "


"): null

2018-12-04 12:10:51 - [MESSAGE][PASSED] - Call Test Case 'Test Cases/Final Aug 2018 - PKS Automation/Common/Reference Number Setter' successfully

2018-12-04 12:10:51 - [TEST_STEP][PASSED] - waitForElementClickable: Object 'Object Repository/Final Object Repo/New Registration - Registration Module Pages/Third Screen - Upload Supporting Doc- Preview/Save n Continue in SIP Employee Listing Page' is clickable

2018-12-04 12:10:51 - [MESSAGE][PASSED] - Object 'Object Repository/Final Object Repo/New Registration - Registration Module Pages/Third Screen - Upload Supporting Doc- Preview/Save n Continue in SIP Employee Listing Page' is clickable

2018-12-04 12:10:51 - [TEST_STEP][PASSED] - click: Object: 'Object Repository/Final Object Repo/New Registration - Registration Module Pages/Third Screen - Upload Supporting Doc- Preview/Save n Continue in SIP Employee Listing Page' is clicked on

2018-12-04 12:10:57 - [MESSAGE][PASSED] - Object: 'Object Repository/Final Object Repo/New Registration - Registration Module Pages/Third Screen - Upload Supporting Doc- Preview/Save n Continue in SIP Employee Listing Page' is clicked on

2018-12-04 12:10:57 - [TEST_STEP][PASSED] - delay: Delayed 7 second(s)

2018-12-04 12:11:04 - [MESSAGE][PASSED] - Delayed 7 second(s)

2018-12-04 12:11:04 - [TEST_STEP][PASSED] - click: Object: 'Object Repository/Final Object Repo/New Registration - Registration Module Pages/Third Screen - Upload Supporting Doc- Preview/Add Document Button' is clicked on

2018-12-04 12:11:04 - [MESSAGE][PASSED] - Object: 'Object Repository/Final Object Repo/New Registration - Registration Module Pages/Third Screen - Upload Supporting Doc- Preview/Add Document Button' is clicked on

2018-12-04 12:11:04 - [TEST_STEP][PASSED] - delay: Delayed 30 second(s)

2018-12-04 12:11:34 - [MESSAGE][PASSED] - Delayed 30 second(s)

2018-12-04 12:11:34 - [TEST_STEP][PASSED] - click: Object: 'Object Repository/Final Object Repo/New Registration - Registration Module Pages/Third Screen - Upload Supporting Doc- Preview/Supporting Doc Please Select Drop Down' is clicked on

2018-12-04 12:11:34 - [MESSAGE][PASSED] - Object: 'Object Repository/Final Object Repo/New Registration - Registration Module Pages/Third Screen - Upload Supporting Doc- Preview/Supporting Doc Please Select Drop Down' is clicked on

2018-12-04 12:11:34 - [TEST_STEP][PASSED] - delay: Delayed 2 second(s)

2018-12-04 12:11:36 - [MESSAGE][PASSED] - Delayed 2 second(s)

2018-12-04 12:11:36 - [TEST_STEP][PASSED] - click: Object: 'Object Repository/Final Object Repo/New Registration - Registration Module Pages/Third Screen - Upload Supporting Doc- Preview/Select to Upload Form 1' is clicked on

2018-12-04 12:11:37 - [MESSAGE][PASSED] - Object: 'Object Repository/Final Object Repo/New Registration - Registration Module Pages/Third Screen - Upload Supporting Doc- Preview/Select to Upload Form 1' is clicked on

2018-12-04 12:11:37 - [TEST_STEP][PASSED] - delay: Delayed 2 second(s)

2018-12-04 12:11:39 - [MESSAGE][PASSED] - Delayed 2 second(s)

2018-12-04 12:11:39 - [TEST_STEP][PASSED] - uploadFile: File 'C:\Users\Public\Pictures\Sample Pictures\Koala.jpg' sent to object: 'Object Repository/Final Object Repo/New Registration - Registration Module Pages/Third Screen - Upload Supporting Doc- Preview/Upload File Adding'

2018-12-04 12:11:39 - [MESSAGE][PASSED] - File 'C:\Users\Public\Pictures\Sample Pictures\Koala.jpg' sent to object: 'Object Repository/Final Object Repo/New Registration - Registration Module Pages/Third Screen - Upload Supporting Doc- Preview/Upload File Adding'

2018-12-04 12:11:39 - [TEST_STEP][PASSED] - delay: Delayed 5 second(s)

2018-12-04 12:11:44 - [MESSAGE][PASSED] - Delayed 5 second(s)

2018-12-04 12:11:44 - [TEST_STEP][PASSED] - click: Object: 'Object Repository/Final Object Repo/New Registration - Registration Module Pages/Third Screen - Upload Supporting Doc- Preview/Inner Form Add Document Button' is clicked on

2018-12-04 12:11:44 - [MESSAGE][PASSED] - Object: 'Object Repository/Final Object Repo/New Registration - Registration Module Pages/Third Screen - Upload Supporting Doc- Preview/Inner Form Add Document Button' is clicked on

2018-12-04 12:11:44 - [TEST_STEP][PASSED] - delay: Delayed 3 second(s)

2018-12-04 12:11:47 - [MESSAGE][PASSED] - Delayed 3 second(s)

2018-12-04 12:11:47 - [TEST_STEP][PASSED] - click: Object: 'Object Repository/Final Object Repo/New Registration - Registration Module Pages/Third Screen - Upload Supporting Doc- Preview/Add Document Button' is clicked on

2018-12-04 12:11:48 - [MESSAGE][PASSED] - Object: 'Object Repository/Final Object Repo/New Registration - Registration Module Pages/Third Screen - Upload Supporting Doc- Preview/Add Document Button' is clicked on

2018-12-04 12:11:48 - [TEST_STEP][PASSED] - delay: Delayed 30 second(s)

2018-12-04 12:12:18 - [MESSAGE][PASSED] - Delayed 30 second(s)

2018-12-04 12:12:18 - [TEST_STEP][PASSED] - click: Object: 'Object Repository/Final Object Repo/New Registration - Registration Module Pages/Third Screen - Upload Supporting Doc- Preview/Supporting Doc Please Select Drop Down' is clicked on

2018-12-04 12:12:18 - [MESSAGE][PASSED] - Object: 'Object Repository/Final Object Repo/New Registration - Registration Module Pages/Third Screen - Upload Supporting Doc- Preview/Supporting Doc Please Select Drop Down' is clicked on

2018-12-04 12:12:18 - [TEST_STEP][PASSED] - delay: Delayed 2 second(s)

2018-12-04 12:12:20 - [MESSAGE][PASSED] - Delayed 2 second(s)

2018-12-04 12:12:20 - [TEST_STEP][PASSED] - click: Object: 'Object Repository/Final Object Repo/New Registration - Registration Module Pages/Third Screen - Upload Supporting Doc- Preview/Select to Upload Form 2' is clicked on

2018-12-04 12:12:21 - [MESSAGE][PASSED] - Object: 'Object Repository/Final Object Repo/New Registration - Registration Module Pages/Third Screen - Upload Supporting Doc- Preview/Select to Upload Form 2' is clicked on

2018-12-04 12:12:21 - [TEST_STEP][PASSED] - delay: Delayed 2 second(s)

2018-12-04 12:12:23 - [MESSAGE][PASSED] - Delayed 2 second(s)

2018-12-04 12:12:23 - [TEST_STEP][PASSED] - uploadFile: File 'C:\Users\Public\Pictures\Sample Pictures\Koala.jpg' sent to object: 'Object Repository/Final Object Repo/New Registration - Registration Module Pages/Third Screen - Upload Supporting Doc- Preview/Upload File Adding'

2018-12-04 12:12:23 - [MESSAGE][PASSED] - File 'C:\Users\Public\Pictures\Sample Pictures\Koala.jpg' sent to object: 'Object Repository/Final Object Repo/New Registration - Registration Module Pages/Third Screen - Upload Supporting Doc- Preview/Upload File Adding'

2018-12-04 12:12:23 - [TEST_STEP][PASSED] - click: Object: 'Object Repository/Final Object Repo/New Registration - Registration Module Pages/Third Screen - Upload Supporting Doc- Preview/Inner Form Add Document Button' is clicked on

2018-12-04 12:12:23 - [MESSAGE][PASSED] - Object: 'Object Repository/Final Object Repo/New Registration - Registration Module Pages/Third Screen - Upload Supporting Doc- Preview/Inner Form Add Document Button' is clicked on

2018-12-04 12:12:23 - [TEST_STEP][PASSED] - delay: Delayed 5 second(s)

2018-12-04 12:12:28 - [MESSAGE][PASSED] - Delayed 5 second(s)

2018-12-04 12:12:28 - [TEST_STEP][PASSED] - click: Object: 'Object Repository/Final Object Repo/New Registration - Registration Module Pages/Third Screen - Upload Supporting Doc- Preview/Add Document Button' is clicked on

2018-12-04 12:12:28 - [MESSAGE][PASSED] - Object: 'Object Repository/Final Object Repo/New Registration - Registration Module Pages/Third Screen - Upload Supporting Doc- Preview/Add Document Button' is clicked on

2018-12-04 12:12:28 - [TEST_STEP][PASSED] - delay: Delayed 30 second(s)

2018-12-04 12:12:58 - [MESSAGE][PASSED] - Delayed 30 second(s)

2018-12-04 12:12:58 - [TEST_STEP][PASSED] - click: Object: 'Object Repository/Final Object Repo/New Registration - Registration Module Pages/Third Screen - Upload Supporting Doc- Preview/Supporting Doc Please Select Drop Down' is clicked on

2018-12-04 12:12:58 - [MESSAGE][PASSED] - Object: 'Object Repository/Final Object Repo/New Registration - Registration Module Pages/Third Screen - Upload Supporting Doc- Preview/Supporting Doc Please Select Drop Down' is clicked on

2018-12-04 12:12:58 - [TEST_STEP][PASSED] - click: Object: 'Object Repository/Final Object Repo/New Registration - Registration Module Pages/Third Screen - Upload Supporting Doc- Preview/Select to Upload Borang SIP 1' is clicked on

2018-12-04 12:12:58 - [MESSAGE][PASSED] - Object: 'Object Repository/Final Object Repo/New Registration - Registration Module Pages/Third Screen - Upload Supporting Doc- Preview/Select to Upload Borang SIP 1' is clicked on

2018-12-04 12:12:58 - [TEST_STEP][PASSED] - delay: Delayed 2 second(s)

2018-12-04 12:13:00 - [MESSAGE][PASSED] - Delayed 2 second(s)

2018-12-04 12:13:00 - [TEST_STEP][PASSED] - uploadFile: File 'C:\Users\Public\Pictures\Sample Pictures\Koala.jpg' sent to object: 'Object Repository/Final Object Repo/New Registration - Registration Module Pages/Third Screen - Upload Supporting Doc- Preview/Upload File Adding'

2018-12-04 12:13:01 - [MESSAGE][PASSED] - File 'C:\Users\Public\Pictures\Sample Pictures\Koala.jpg' sent to object: 'Object Repository/Final Object Repo/New Registration - Registration Module Pages/Third Screen - Upload Supporting Doc- Preview/Upload File Adding'

2018-12-04 12:13:01 - [TEST_STEP][PASSED] - click: Object: 'Object Repository/Final Object Repo/New Registration - Registration Module Pages/Third Screen - Upload Supporting Doc- Preview/Inner Form Add Document Button' is clicked on

2018-12-04 12:13:01 - [MESSAGE][PASSED] - Object: 'Object Repository/Final Object Repo/New Registration - Registration Module Pages/Third Screen - Upload Supporting Doc- Preview/Inner Form Add Document Button' is clicked on

2018-12-04 12:13:01 - [TEST_STEP][PASSED] - delay: Delayed 5 second(s)

2018-12-04 12:13:06 - [MESSAGE][PASSED] - Delayed 5 second(s)

2018-12-04 12:13:06 - [TEST_STEP][PASSED] - click: Object: 'Object Repository/Final Object Repo/New Registration - Registration Module Pages/Third Screen - Upload Supporting Doc- Preview/Add Document Button' is clicked on

2018-12-04 12:13:06 - [MESSAGE][PASSED] - Object: 'Object Repository/Final Object Repo/New Registration - Registration Module Pages/Third Screen - Upload Supporting Doc- Preview/Add Document Button' is clicked on

2018-12-04 12:13:06 - [TEST_STEP][PASSED] - delay: Delayed 30 second(s)

2018-12-04 12:13:36 - [MESSAGE][PASSED] - Delayed 30 second(s)

2018-12-04 12:13:36 - [TEST_STEP][PASSED] - click: Object: 'Object Repository/Final Object Repo/New Registration - Registration Module Pages/Third Screen - Upload Supporting Doc- Preview/Supporting Doc Please Select Drop Down' is clicked on

2018-12-04 12:13:36 - [MESSAGE][PASSED] - Object: 'Object Repository/Final Object Repo/New Registration - Registration Module Pages/Third Screen - Upload Supporting Doc- Preview/Supporting Doc Please Select Drop Down' is clicked on

2018-12-04 12:13:36 - [TEST_STEP][PASSED] - delay: Delayed 3 second(s)

2018-12-04 12:13:39 - [MESSAGE][PASSED] - Delayed 3 second(s)

2018-12-04 12:13:39 - [TEST_STEP][PASSED] - click: Object: 'Object Repository/Final Object Repo/New Registration - Registration Module Pages/Third Screen - Upload Supporting Doc- Preview/Select to Upload Borang SIP 2' is clicked on

2018-12-04 12:13:39 - [MESSAGE][PASSED] - Object: 'Object Repository/Final Object Repo/New Registration - Registration Module Pages/Third Screen - Upload Supporting Doc- Preview/Select to Upload Borang SIP 2' is clicked on

2018-12-04 12:13:39 - [TEST_STEP][PASSED] - delay: Delayed 2 second(s)

2018-12-04 12:13:41 - [MESSAGE][PASSED] - Delayed 2 second(s)

2018-12-04 12:13:41 - [TEST_STEP][PASSED] - uploadFile: File 'C:\Users\Public\Pictures\Sample Pictures\Koala.jpg' sent to object: 'Object Repository/Final Object Repo/New Registration - Registration Module Pages/Third Screen - Upload Supporting Doc- Preview/Upload File Adding'

2018-12-04 12:13:41 - [MESSAGE][PASSED] - File 'C:\Users\Public\Pictures\Sample Pictures\Koala.jpg' sent to object: 'Object Repository/Final Object Repo/New Registration - Registration Module Pages/Third Screen - Upload Supporting Doc- Preview/Upload File Adding'

2018-12-04 12:13:41 - [TEST_STEP][PASSED] - delay: Delayed 5 second(s)

2018-12-04 12:13:46 - [MESSAGE][PASSED] - Delayed 5 second(s)

2018-12-04 12:13:46 - [TEST_STEP][PASSED] - click: Object: 'Object Repository/Final Object Repo/New Registration - Registration Module Pages/Third Screen - Upload Supporting Doc- Preview/Inner Form Add Document Button' is clicked on

2018-12-04 12:13:47 - [MESSAGE][PASSED] - Object: 'Object Repository/Final Object Repo/New Registration - Registration Module Pages/Third Screen - Upload Supporting Doc- Preview/Inner Form Add Document Button' is clicked on

2018-12-04 12:13:47 - [TEST_STEP][PASSED] - delay: Delayed 3 second(s)

2018-12-04 12:13:50 - [MESSAGE][PASSED] - Delayed 3 second(s)

2018-12-04 12:13:50 - [TEST_STEP][PASSED] - waitForElementClickable: Object 'Object Repository/Final Object Repo/New Registration - Registration Module Pages/Third Screen - Upload Supporting Doc- Preview/Save n Continue in Uploading Supporting Doc Page' is clickable

2018-12-04 12:13:51 - [MESSAGE][PASSED] - Object 'Object Repository/Final Object Repo/New Registration - Registration Module Pages/Third Screen - Upload Supporting Doc- Preview/Save n Continue in Uploading Supporting Doc Page' is clickable

2018-12-04 12:13:51 - [TEST_STEP][PASSED] - click: Object: 'Object Repository/Final Object Repo/New Registration - Registration Module Pages/Third Screen - Upload Supporting Doc- Preview/Save n Continue in Uploading Supporting Doc Page' is clicked on

2018-12-04 12:13:51 - [MESSAGE][PASSED] - Object: 'Object Repository/Final Object Repo/New Registration - Registration Module Pages/Third Screen - Upload Supporting Doc- Preview/Save n Continue in Uploading Supporting Doc Page' is clicked on

2018-12-04 12:13:51 - [MESSAGE][PASSED] - Call Test Case 'Test Cases/Final Aug 2018 - PKS Automation/Registration Module/New Registration/Flow of New Registration/Third Screen - Upload Supporting Doc - Preview' successfully

2018-12-04 12:13:51 - [TEST_STEP][PASSED] - callTestCase: Call Test Case 'Test Cases/Final Aug 2018 - PKS Automation/Registration Module/New Registration/Submit and Screenshot/Submit Registration and Screenshot' successfully

2018-12-04 12:13:51 - [TEST_CASE][PASSED] - Test Cases/Final Aug 2018 - PKS Automation/Registration Module/New Registration/Submit and Screenshot/Submit Registration and Screenshot: Test Cases/Final Aug 2018 - PKS Automation/Registration Module/New Registration/Submit and Screenshot/Submit Registration and Screenshot

2018-12-04 12:13:51 - [TEST_STEP][PASSED] - delay: Delayed 6 second(s)

2018-12-04 12:13:57 - [MESSAGE][PASSED] - Delayed 6 second(s)

2018-12-04 12:13:57 - [TEST_STEP][PASSED] - click: Object: 'Object Repository/Final Object Repo/New Registration - Registration Module Pages/Third Screen - Upload Supporting Doc- Preview/Preview Submit Button' is clicked on

2018-12-04 12:13:57 - [MESSAGE][PASSED] - Object: 'Object Repository/Final Object Repo/New Registration - Registration Module Pages/Third Screen - Upload Supporting Doc- Preview/Preview Submit Button' is clicked on

2018-12-04 12:13:57 - [TEST_STEP][PASSED] - delay: Delayed 2 second(s)

2018-12-04 12:13:59 - [MESSAGE][PASSED] - Delayed 2 second(s)

2018-12-04 12:13:59 - [TEST_STEP][PASSED] - click: Object: 'Object Repository/Final Object Repo/New Registration - Registration Module Pages/Third Screen - Upload Supporting Doc- Preview/Preview Submit - Confirm' is clicked on

2018-12-04 12:13:59 - [MESSAGE][PASSED] - Object: 'Object Repository/Final Object Repo/New Registration - Registration Module Pages/Third Screen - Upload Supporting Doc- Preview/Preview Submit - Confirm' is clicked on

2018-12-04 12:13:59 - [TEST_STEP][PASSED] - delay: Delayed 15 second(s)

2018-12-04 12:14:14 - [MESSAGE][PASSED] - Delayed 15 second(s)

2018-12-04 12:14:14 - [TEST_STEP][PASSED] - Statement - driver = com.kms.katalon.core.webui.driver.DriverFactory.getWebDriver(): null

2018-12-04 12:14:14 - [TEST_STEP][PASSED] - Statement - driver.manage().timeouts().implicitlyWait(10, SECONDS): null

2018-12-04 12:14:14 - [TEST_STEP][PASSED] - Statement - PresavePath = KatalonScreenshots: null

2018-12-04 12:14:14 - [TEST_STEP][PASSED] - Statement - pathPrefix = "C:\Users\Public\Pictures\Sample Pictures\Katalon Screenshots\Automate Ending Screen": null

2018-12-04 12:14:14 - [TEST_STEP][PASSED] - Statement - finalPath = <not implemented yet for class: org.codehaus.groovy.ast.expr.EmptyExpression>: null

2018-12-04 12:14:14 - [TEST_STEP][PASSED] - Statement - scrFile = driver.getScreenshotAs(FILE): null

2018-12-04 12:14:15 - [TEST_STEP][PASSED] - Statement - PreSaveFile = new java.io.File(PresavePath): null

2018-12-04 12:14:15 - [TEST_STEP][PASSED] - Statement - counter = 0: null

2018-12-04 12:14:15 - [TEST_STEP][PASSED] - Statement - If (PreSaveFile.exists()): null

2018-12-04 12:14:15 - [TEST_STEP][PASSED] - Statement - While (PreSaveFile.exists()): null

2018-12-04 12:14:15 - [TEST_STEP][PASSED] - Statement - counter = counter + 1: null

2018-12-04 12:14:15 - [TEST_STEP][PASSED] - Statement - PreSaveFile = new java.io.File(((pathPrefix + java.lang.Integer.toString(counter)) + .png)): null

2018-12-04 12:14:15 - [TEST_STEP][PASSED] - Statement - counter = counter + 1: null

2018-12-04 12:14:15 - [TEST_STEP][PASSED] - Statement - PreSaveFile = new java.io.File(((pathPrefix + java.lang.Integer.toString(counter)) + .png)): null

2018-12-04 12:14:15 - [TEST_STEP][PASSED] - Statement - counter = counter + 1: null

2018-12-04 12:14:15 - [TEST_STEP][PASSED] - Statement - PreSaveFile = new java.io.File(((pathPrefix + java.lang.Integer.toString(counter)) + .png)): null

2018-12-04 12:14:15 - [TEST_STEP][PASSED] - Statement - counter = counter + 1: null

2018-12-04 12:14:15 - [TEST_STEP][PASSED] - Statement - PreSaveFile = new java.io.File(((pathPrefix + java.lang.Integer.toString(counter)) + .png)): null

2018-12-04 12:14:15 - [TEST_STEP][PASSED] - Statement - counter = counter + 1: null

2018-12-04 12:14:15 - [TEST_STEP][PASSED] - Statement - PreSaveFile = new java.io.File(((pathPrefix + java.lang.Integer.toString(counter)) + .png)): null

2018-12-04 12:14:15 - [TEST_STEP][PASSED] - Statement - counter = counter + 1: null

2018-12-04 12:14:15 - [TEST_STEP][PASSED] - Statement - PreSaveFile = new java.io.File(((pathPrefix + java.lang.Integer.toString(counter)) + .png)): null

2018-12-04 12:14:15 - [TEST_STEP][PASSED] - Statement - counter = counter + 1: null

2018-12-04 12:14:15 - [TEST_STEP][PASSED] - Statement - PreSaveFile = new java.io.File(((pathPrefix + java.lang.Integer.toString(counter)) + .png)): null

2018-12-04 12:14:15 - [TEST_STEP][PASSED] - Statement - counter = counter + 1: null

2018-12-04 12:14:15 - [TEST_STEP][PASSED] - Statement - PreSaveFile = new java.io.File(((pathPrefix + java.lang.Integer.toString(counter)) + .png)): null

2018-12-04 12:14:15 - [TEST_STEP][PASSED] - Statement - counter = counter + 1: null

2018-12-04 12:14:15 - [TEST_STEP][PASSED] - Statement - PreSaveFile = new java.io.File(((pathPrefix + java.lang.Integer.toString(counter)) + .png)): null

2018-12-04 12:14:15 - [TEST_STEP][PASSED] - Statement - counter = counter + 1: null

2018-12-04 12:14:15 - [TEST_STEP][PASSED] - Statement - PreSaveFile = new java.io.File(((pathPrefix + java.lang.Integer.toString(counter)) + .png)): null

2018-12-04 12:14:15 - [TEST_STEP][PASSED] - Statement - counter = counter + 1: null

2018-12-04 12:14:15 - [TEST_STEP][PASSED] - Statement - PreSaveFile = new java.io.File(((pathPrefix + java.lang.Integer.toString(counter)) + .png)): null

2018-12-04 12:14:15 - [TEST_STEP][PASSED] - Statement - counter = counter + 1: null

2018-12-04 12:14:15 - [TEST_STEP][PASSED] - Statement - PreSaveFile = new java.io.File(((pathPrefix + java.lang.Integer.toString(counter)) + .png)): null

2018-12-04 12:14:15 - [TEST_STEP][PASSED] - Statement - counter = counter + 1: null

2018-12-04 12:14:15 - [TEST_STEP][PASSED] - Statement - PreSaveFile = new java.io.File(((pathPrefix + java.lang.Integer.toString(counter)) + .png)): null

2018-12-04 12:14:15 - [TEST_STEP][PASSED] - Statement - counter = counter + 1: null

2018-12-04 12:14:15 - [TEST_STEP][PASSED] - Statement - PreSaveFile = new java.io.File(((pathPrefix + java.lang.Integer.toString(counter)) + .png)): null

2018-12-04 12:14:15 - [TEST_STEP][PASSED] - Statement - counter = counter + 1: null

2018-12-04 12:14:15 - [TEST_STEP][PASSED] - Statement - PreSaveFile = new java.io.File(((pathPrefix + java.lang.Integer.toString(counter)) + .png)): null

2018-12-04 12:14:15 - [TEST_STEP][PASSED] - Statement - counter = counter + 1: null

2018-12-04 12:14:15 - [TEST_STEP][PASSED] - Statement - PreSaveFile = new java.io.File(((pathPrefix + java.lang.Integer.toString(counter)) + .png)): null

2018-12-04 12:14:16 - [TEST_STEP][PASSED] - Statement - counter = counter + 1: null

2018-12-04 12:14:16 - [TEST_STEP][PASSED] - Statement - PreSaveFile = new java.io.File(((pathPrefix + java.lang.Integer.toString(counter)) + .png)): null

2018-12-04 12:14:16 - [TEST_STEP][PASSED] - Statement - counter = counter + 1: null

2018-12-04 12:14:16 - [TEST_STEP][PASSED] - Statement - PreSaveFile = new java.io.File(((pathPrefix + java.lang.Integer.toString(counter)) + .png)): null

2018-12-04 12:14:16 - [TEST_STEP][PASSED] - Statement - counter = counter + 1: null

2018-12-04 12:14:16 - [TEST_STEP][PASSED] - Statement - PreSaveFile = new java.io.File(((pathPrefix + java.lang.Integer.toString(counter)) + .png)): null

2018-12-04 12:14:16 - [TEST_STEP][PASSED] - Statement - counter = counter + 1: null

2018-12-04 12:14:16 - [TEST_STEP][PASSED] - Statement - PreSaveFile = new java.io.File(((pathPrefix + java.lang.Integer.toString(counter)) + .png)): null

2018-12-04 12:14:16 - [TEST_STEP][PASSED] - Statement - counter = counter + 1: null

2018-12-04 12:14:16 - [TEST_STEP][PASSED] - Statement - PreSaveFile = new java.io.File(((pathPrefix + java.lang.Integer.toString(counter)) + .png)): null

2018-12-04 12:14:16 - [TEST_STEP][PASSED] - Statement - counter = counter + 1: null

2018-12-04 12:14:16 - [TEST_STEP][PASSED] - Statement - PreSaveFile = new java.io.File(((pathPrefix + java.lang.Integer.toString(counter)) + .png)): null

2018-12-04 12:14:16 - [TEST_STEP][PASSED] - Statement - counter = counter + 1: null

2018-12-04 12:14:16 - [TEST_STEP][PASSED] - Statement - PreSaveFile = new java.io.File(((pathPrefix + java.lang.Integer.toString(counter)) + .png)): null

2018-12-04 12:14:16 - [TEST_STEP][PASSED] - Statement - counter = counter + 1: null

2018-12-04 12:14:17 - [TEST_STEP][PASSED] - Statement - PreSaveFile = new java.io.File(((pathPrefix + java.lang.Integer.toString(counter)) + .png)): null

2018-12-04 12:14:17 - [TEST_STEP][PASSED] - Statement - counter = counter + 1: null

2018-12-04 12:14:17 - [TEST_STEP][PASSED] - Statement - PreSaveFile = new java.io.File(((pathPrefix + java.lang.Integer.toString(counter)) + .png)): null

2018-12-04 12:14:17 - [TEST_STEP][PASSED] - Statement - counter = counter + 1: null

2018-12-04 12:14:17 - [TEST_STEP][PASSED] - Statement - PreSaveFile = new java.io.File(((pathPrefix + java.lang.Integer.toString(counter)) + .png)): null

2018-12-04 12:14:17 - [TEST_STEP][PASSED] - Statement - counter = counter + 1: null

2018-12-04 12:14:17 - [TEST_STEP][PASSED] - Statement - PreSaveFile = new java.io.File(((pathPrefix + java.lang.Integer.toString(counter)) + .png)): null

2018-12-04 12:14:17 - [TEST_STEP][PASSED] - Statement - counter = counter + 1: null

2018-12-04 12:14:17 - [TEST_STEP][PASSED] - Statement - PreSaveFile = new java.io.File(((pathPrefix + java.lang.Integer.toString(counter)) + .png)): null

2018-12-04 12:14:18 - [TEST_STEP][PASSED] - Statement - counter = counter + 1: null

2018-12-04 12:14:18 - [TEST_STEP][PASSED] - Statement - PreSaveFile = new java.io.File(((pathPrefix + java.lang.Integer.toString(counter)) + .png)): null

2018-12-04 12:14:18 - [TEST_STEP][PASSED] - Statement - counter = counter + 1: null

2018-12-04 12:14:18 - [TEST_STEP][PASSED] - Statement - PreSaveFile = new java.io.File(((pathPrefix + java.lang.Integer.toString(counter)) + .png)): null

2018-12-04 12:14:18 - [TEST_STEP][PASSED] - Statement - counter = counter + 1: null

2018-12-04 12:14:18 - [TEST_STEP][PASSED] - Statement - PreSaveFile = new java.io.File(((pathPrefix + java.lang.Integer.toString(counter)) + .png)): null

2018-12-04 12:14:18 - [TEST_STEP][PASSED] - Statement - counter = counter + 1: null

2018-12-04 12:14:18 - [TEST_STEP][PASSED] - Statement - PreSaveFile = new java.io.File(((pathPrefix + java.lang.Integer.toString(counter)) + .png)): null

2018-12-04 12:14:18 - [TEST_STEP][PASSED] - Statement - counter = counter + 1: null

2018-12-04 12:14:19 - [TEST_STEP][PASSED] - Statement - PreSaveFile = new java.io.File(((pathPrefix + java.lang.Integer.toString(counter)) + .png)): null

2018-12-04 12:14:19 - [TEST_STEP][PASSED] - Statement - counter = counter + 1: null

2018-12-04 12:14:19 - [TEST_STEP][PASSED] - Statement - PreSaveFile = new java.io.File(((pathPrefix + java.lang.Integer.toString(counter)) + .png)): null

2018-12-04 12:14:19 - [TEST_STEP][PASSED] - Statement - counter = counter + 1: null

2018-12-04 12:14:19 - [TEST_STEP][PASSED] - Statement - PreSaveFile = new java.io.File(((pathPrefix + java.lang.Integer.toString(counter)) + .png)): null

2018-12-04 12:14:19 - [TEST_STEP][PASSED] - Statement - counter = counter + 1: null

2018-12-04 12:14:19 - [TEST_STEP][PASSED] - Statement - PreSaveFile = new java.io.File(((pathPrefix + java.lang.Integer.toString(counter)) + .png)): null

2018-12-04 12:14:19 - [TEST_STEP][PASSED] - Statement - counter = counter + 1: null

2018-12-04 12:14:19 - [TEST_STEP][PASSED] - Statement - PreSaveFile = new java.io.File(((pathPrefix + java.lang.Integer.toString(counter)) + .png)): null

2018-12-04 12:14:19 - [TEST_STEP][PASSED] - Statement - counter = counter + 1: null

2018-12-04 12:14:21 - [TEST_STEP][PASSED] - Statement - PreSaveFile = new java.io.File(((pathPrefix + java.lang.Integer.toString(counter)) + .png)): null

2018-12-04 12:14:21 - [TEST_STEP][PASSED] - Statement - counter = counter + 1: null

2018-12-04 12:14:21 - [TEST_STEP][PASSED] - Statement - PreSaveFile = new java.io.File(((pathPrefix + java.lang.Integer.toString(counter)) + .png)): null

2018-12-04 12:14:21 - [TEST_STEP][PASSED] - Statement - counter = counter + 1: null

2018-12-04 12:14:21 - [TEST_STEP][PASSED] - Statement - PreSaveFile = new java.io.File(((pathPrefix + java.lang.Integer.toString(counter)) + .png)): null

2018-12-04 12:14:21 - [TEST_STEP][PASSED] - Statement - counter = counter + 1: null

2018-12-04 12:14:21 - [TEST_STEP][PASSED] - Statement - PreSaveFile = new java.io.File(((pathPrefix + java.lang.Integer.toString(counter)) + .png)): null

2018-12-04 12:14:21 - [TEST_STEP][PASSED] - Statement - counter = counter + 1: null

2018-12-04 12:14:21 - [TEST_STEP][PASSED] - Statement - PreSaveFile = new java.io.File(((pathPrefix + java.lang.Integer.toString(counter)) + .png)): null

2018-12-04 12:14:21 - [TEST_STEP][PASSED] - Statement - counter = counter + 1: null

2018-12-04 12:14:22 - [TEST_STEP][PASSED] - Statement - PreSaveFile = new java.io.File(((pathPrefix + java.lang.Integer.toString(counter)) + .png)): null

2018-12-04 12:14:22 - [TEST_STEP][PASSED] - Statement - counter = counter + 1: null

2018-12-04 12:14:22 - [TEST_STEP][PASSED] - Statement - PreSaveFile = new java.io.File(((pathPrefix + java.lang.Integer.toString(counter)) + .png)): null

2018-12-04 12:14:22 - [TEST_STEP][PASSED] - Statement - counter = counter + 1: null

2018-12-04 12:14:22 - [TEST_STEP][PASSED] - Statement - PreSaveFile = new java.io.File(((pathPrefix + java.lang.Integer.toString(counter)) + .png)): null

2018-12-04 12:14:22 - [TEST_STEP][PASSED] - Statement - counter = counter + 1: null

2018-12-04 12:14:22 - [TEST_STEP][PASSED] - Statement - PreSaveFile = new java.io.File(((pathPrefix + java.lang.Integer.toString(counter)) + .png)): null

2018-12-04 12:14:22 - [TEST_STEP][PASSED] - Statement - counter = counter + 1: null

2018-12-04 12:14:22 - [TEST_STEP][PASSED] - Statement - PreSaveFile = new java.io.File(((pathPrefix + java.lang.Integer.toString(counter)) + .png)): null

2018-12-04 12:14:24 - [TEST_STEP][PASSED] - Statement - counter = counter + 1: null

2018-12-04 12:14:24 - [TEST_STEP][PASSED] - Statement - PreSaveFile = new java.io.File(((pathPrefix + java.lang.Integer.toString(counter)) + .png)): null

2018-12-04 12:14:24 - [TEST_STEP][PASSED] - Statement - counter = counter + 1: null

2018-12-04 12:14:24 - [TEST_STEP][PASSED] - Statement - PreSaveFile = new java.io.File(((pathPrefix + java.lang.Integer.toString(counter)) + .png)): null

2018-12-04 12:14:24 - [TEST_STEP][PASSED] - Statement - counter = counter + 1: null

2018-12-04 12:14:24 - [TEST_STEP][PASSED] - Statement - PreSaveFile = new java.io.File(((pathPrefix + java.lang.Integer.toString(counter)) + .png)): null

2018-12-04 12:14:24 - [TEST_STEP][PASSED] - Statement - counter = counter + 1: null

2018-12-04 12:14:24 - [TEST_STEP][PASSED] - Statement - PreSaveFile = new java.io.File(((pathPrefix + java.lang.Integer.toString(counter)) + .png)): null

2018-12-04 12:14:24 - [TEST_STEP][PASSED] - Statement - counter = counter + 1: null

2018-12-04 12:14:25 - [TEST_STEP][PASSED] - Statement - PreSaveFile = new java.io.File(((pathPrefix + java.lang.Integer.toString(counter)) + .png)): null

2018-12-04 12:14:25 - [TEST_STEP][PASSED] - Statement - counter = counter + 1: null

2018-12-04 12:14:25 - [TEST_STEP][PASSED] - Statement - PreSaveFile = new java.io.File(((pathPrefix + java.lang.Integer.toString(counter)) + .png)): null

2018-12-04 12:14:25 - [TEST_STEP][PASSED] - Statement - counter = counter + 1: null

2018-12-04 12:14:25 - [TEST_STEP][PASSED] - Statement - PreSaveFile = new java.io.File(((pathPrefix + java.lang.Integer.toString(counter)) + .png)): null

2018-12-04 12:14:25 - [TEST_STEP][PASSED] - Statement - counter = counter + 1: null

2018-12-04 12:14:25 - [TEST_STEP][PASSED] - Statement - PreSaveFile = new java.io.File(((pathPrefix + java.lang.Integer.toString(counter)) + .png)): null

2018-12-04 12:14:25 - [TEST_STEP][PASSED] - Statement - counter = counter + 1: null

2018-12-04 12:14:25 - [TEST_STEP][PASSED] - Statement - PreSaveFile = new java.io.File(((pathPrefix + java.lang.Integer.toString(counter)) + .png)): null

2018-12-04 12:14:25 - [TEST_STEP][PASSED] - Statement - counter = counter + 1: null

2018-12-04 12:14:27 - [TEST_STEP][PASSED] - Statement - PreSaveFile = new java.io.File(((pathPrefix + java.lang.Integer.toString(counter)) + .png)): null

2018-12-04 12:14:27 - [TEST_STEP][PASSED] - Statement - counter = counter + 1: null

2018-12-04 12:14:27 - [TEST_STEP][PASSED] - Statement - PreSaveFile = new java.io.File(((pathPrefix + java.lang.Integer.toString(counter)) + .png)): null

2018-12-04 12:14:27 - [TEST_STEP][PASSED] - Statement - counter = counter + 1: null

2018-12-04 12:14:27 - [TEST_STEP][PASSED] - Statement - PreSaveFile = new java.io.File(((pathPrefix + java.lang.Integer.toString(counter)) + .png)): null

2018-12-04 12:14:27 - [TEST_STEP][PASSED] - Statement - counter = counter + 1: null

2018-12-04 12:14:27 - [TEST_STEP][PASSED] - Statement - PreSaveFile = new java.io.File(((pathPrefix + java.lang.Integer.toString(counter)) + .png)): null

2018-12-04 12:14:27 - [TEST_STEP][PASSED] - Statement - counter = counter + 1: null

2018-12-04 12:14:27 - [TEST_STEP][PASSED] - Statement - PreSaveFile = new java.io.File(((pathPrefix + java.lang.Integer.toString(counter)) + .png)): null

2018-12-04 12:14:27 - [TEST_STEP][PASSED] - Statement - counter = counter + 1: null

2018-12-04 12:14:28 - [TEST_STEP][PASSED] - Statement - PreSaveFile = new java.io.File(((pathPrefix + java.lang.Integer.toString(counter)) + .png)): null

2018-12-04 12:14:28 - [TEST_STEP][PASSED] - Statement - counter = counter + 1: null

2018-12-04 12:14:28 - [TEST_STEP][PASSED] - Statement - PreSaveFile = new java.io.File(((pathPrefix + java.lang.Integer.toString(counter)) + .png)): null

2018-12-04 12:14:28 - [TEST_STEP][PASSED] - Statement - counter = counter + 1: null

2018-12-04 12:14:28 - [TEST_STEP][PASSED] - Statement - PreSaveFile = new java.io.File(((pathPrefix + java.lang.Integer.toString(counter)) + .png)): null

2018-12-04 12:14:28 - [TEST_STEP][PASSED] - Statement - counter = counter + 1: null

2018-12-04 12:14:28 - [TEST_STEP][PASSED] - Statement - PreSaveFile = new java.io.File(((pathPrefix + java.lang.Integer.toString(counter)) + .png)): null

2018-12-04 12:14:28 - [TEST_STEP][PASSED] - Statement - counter = counter + 1: null

2018-12-04 12:14:28 - [TEST_STEP][PASSED] - Statement - PreSaveFile = new java.io.File(((pathPrefix + java.lang.Integer.toString(counter)) + .png)): null

2018-12-04 12:14:28 - [TEST_STEP][PASSED] - Statement - counter = counter + 1: null

2018-12-04 12:14:29 - [TEST_STEP][PASSED] - Statement - PreSaveFile = new java.io.File(((pathPrefix + java.lang.Integer.toString(counter)) + .png)): null

2018-12-04 12:14:29 - [TEST_STEP][PASSED] - Statement - counter = counter + 1: null

2018-12-04 12:14:29 - [TEST_STEP][PASSED] - Statement - PreSaveFile = new java.io.File(((pathPrefix + java.lang.Integer.toString(counter)) + .png)): null

2018-12-04 12:14:29 - [TEST_STEP][PASSED] - Statement - counter = counter + 1: null

2018-12-04 12:14:29 - [TEST_STEP][PASSED] - Statement - PreSaveFile = new java.io.File(((pathPrefix + java.lang.Integer.toString(counter)) + .png)): null

2018-12-04 12:14:29 - [TEST_STEP][PASSED] - Statement - counter = counter + 1: null

2018-12-04 12:14:29 - [TEST_STEP][PASSED] - Statement - PreSaveFile = new java.io.File(((pathPrefix + java.lang.Integer.toString(counter)) + .png)): null

2018-12-04 12:14:29 - [TEST_STEP][PASSED] - Statement - counter = counter + 1: null

2018-12-04 12:14:29 - [TEST_STEP][PASSED] - Statement - PreSaveFile = new java.io.File(((pathPrefix + java.lang.Integer.toString(counter)) + .png)): null

2018-12-04 12:14:31 - [TEST_STEP][PASSED] - Statement - counter = counter + 1: null

2018-12-04 12:14:31 - [TEST_STEP][PASSED] - Statement - PreSaveFile = new java.io.File(((pathPrefix + java.lang.Integer.toString(counter)) + .png)): null

2018-12-04 12:14:31 - [TEST_STEP][PASSED] - Statement - counter = counter + 1: null

2018-12-04 12:14:31 - [TEST_STEP][PASSED] - Statement - PreSaveFile = new java.io.File(((pathPrefix + java.lang.Integer.toString(counter)) + .png)): null

2018-12-04 12:14:31 - [TEST_STEP][PASSED] - Statement - counter = counter + 1: null

2018-12-04 12:14:31 - [TEST_STEP][PASSED] - Statement - PreSaveFile = new java.io.File(((pathPrefix + java.lang.Integer.toString(counter)) + .png)): null

2018-12-04 12:14:31 - [TEST_STEP][PASSED] - Statement - counter = counter + 1: null

2018-12-04 12:14:31 - [TEST_STEP][PASSED] - Statement - PreSaveFile = new java.io.File(((pathPrefix + java.lang.Integer.toString(counter)) + .png)): null

2018-12-04 12:14:31 - [TEST_STEP][PASSED] - Statement - counter = counter + 1: null

2018-12-04 12:14:32 - [TEST_STEP][PASSED] - Statement - PreSaveFile = new java.io.File(((pathPrefix + java.lang.Integer.toString(counter)) + .png)): null

2018-12-04 12:14:32 - [TEST_STEP][PASSED] - Statement - counter = counter + 1: null

2018-12-04 12:14:32 - [TEST_STEP][PASSED] - Statement - PreSaveFile = new java.io.File(((pathPrefix + java.lang.Integer.toString(counter)) + .png)): null

2018-12-04 12:14:32 - [TEST_STEP][PASSED] - Statement - counter = counter + 1: null

2018-12-04 12:14:32 - [TEST_STEP][PASSED] - Statement - PreSaveFile = new java.io.File(((pathPrefix + java.lang.Integer.toString(counter)) + .png)): null

2018-12-04 12:14:32 - [TEST_STEP][PASSED] - Statement - counter = counter + 1: null

2018-12-04 12:14:32 - [TEST_STEP][PASSED] - Statement - PreSaveFile = new java.io.File(((pathPrefix + java.lang.Integer.toString(counter)) + .png)): null

2018-12-04 12:14:32 - [TEST_STEP][PASSED] - Statement - counter = counter + 1: null

2018-12-04 12:14:32 - [TEST_STEP][PASSED] - Statement - PreSaveFile = new java.io.File(((pathPrefix + java.lang.Integer.toString(counter)) + .png)): null

2018-12-04 12:14:32 - [TEST_STEP][PASSED] - Statement - counter = counter + 1: null

2018-12-04 12:14:33 - [TEST_STEP][PASSED] - Statement - PreSaveFile = new java.io.File(((pathPrefix + java.lang.Integer.toString(counter)) + .png)): null

2018-12-04 12:14:33 - [TEST_STEP][PASSED] - Statement - counter = counter + 1: null

2018-12-04 12:14:33 - [TEST_STEP][PASSED] - Statement - PreSaveFile = new java.io.File(((pathPrefix + java.lang.Integer.toString(counter)) + .png)): null

2018-12-04 12:14:33 - [TEST_STEP][PASSED] - Statement - counter = counter + 1: null

2018-12-04 12:14:33 - [TEST_STEP][PASSED] - Statement - PreSaveFile = new java.io.File(((pathPrefix + java.lang.Integer.toString(counter)) + .png)): null

2018-12-04 12:14:33 - [TEST_STEP][PASSED] - Statement - counter = counter + 1: null

2018-12-04 12:14:33 - [TEST_STEP][PASSED] - Statement - PreSaveFile = new java.io.File(((pathPrefix + java.lang.Integer.toString(counter)) + .png)): null

2018-12-04 12:14:33 - [TEST_STEP][PASSED] - Statement - counter = counter + 1: null

2018-12-04 12:14:33 - [TEST_STEP][PASSED] - Statement - PreSaveFile = new java.io.File(((pathPrefix + java.lang.Integer.toString(counter)) + .png)): null

2018-12-04 12:14:33 - [TEST_STEP][PASSED] - Statement - counter = counter + 1: null

2018-12-04 12:14:34 - [TEST_STEP][PASSED] - Statement - PreSaveFile = new java.io.File(((pathPrefix + java.lang.Integer.toString(counter)) + .png)): null

2018-12-04 12:14:34 - [TEST_STEP][PASSED] - Statement - counter = counter + 1: null

2018-12-04 12:14:34 - [TEST_STEP][PASSED] - Statement - PreSaveFile = new java.io.File(((pathPrefix + java.lang.Integer.toString(counter)) + .png)): null

2018-12-04 12:14:34 - [TEST_STEP][PASSED] - Statement - counter = counter + 1: null

2018-12-04 12:14:34 - [TEST_STEP][PASSED] - Statement - PreSaveFile = new java.io.File(((pathPrefix + java.lang.Integer.toString(counter)) + .png)): null

2018-12-04 12:14:34 - [TEST_STEP][PASSED] - Statement - counter = counter + 1: null

2018-12-04 12:14:34 - [TEST_STEP][PASSED] - Statement - PreSaveFile = new java.io.File(((pathPrefix + java.lang.Integer.toString(counter)) + .png)): null

2018-12-04 12:14:34 - [TEST_STEP][PASSED] - Statement - counter = counter + 1: null

2018-12-04 12:14:34 - [TEST_STEP][PASSED] - Statement - PreSaveFile = new java.io.File(((pathPrefix + java.lang.Integer.toString(counter)) + .png)): null

2018-12-04 12:14:36 - [TEST_STEP][PASSED] - Statement - counter = counter + 1: null

2018-12-04 12:14:36 - [TEST_STEP][PASSED] - Statement - PreSaveFile = new java.io.File(((pathPrefix + java.lang.Integer.toString(counter)) + .png)): null

2018-12-04 12:14:36 - [TEST_STEP][PASSED] - Statement - counter = counter + 1: null

2018-12-04 12:14:36 - [TEST_STEP][PASSED] - Statement - PreSaveFile = new java.io.File(((pathPrefix + java.lang.Integer.toString(counter)) + .png)): null

2018-12-04 12:14:36 - [TEST_STEP][PASSED] - Statement - counter = counter + 1: null

2018-12-04 12:14:36 - [TEST_STEP][PASSED] - Statement - PreSaveFile = new java.io.File(((pathPrefix + java.lang.Integer.toString(counter)) + .png)): null

2018-12-04 12:14:36 - [TEST_STEP][PASSED] - Statement - counter = counter + 1: null

2018-12-04 12:14:36 - [TEST_STEP][PASSED] - Statement - PreSaveFile = new java.io.File(((pathPrefix + java.lang.Integer.toString(counter)) + .png)): null

2018-12-04 12:14:36 - [TEST_STEP][PASSED] - Statement - counter = counter + 1: null

2018-12-04 12:14:36 - [TEST_STEP][PASSED] - Statement - PreSaveFile = new java.io.File(((pathPrefix + java.lang.Integer.toString(counter)) + .png)): null

2018-12-04 12:14:38 - [TEST_STEP][PASSED] - Statement - counter = counter + 1: null

2018-12-04 12:14:38 - [TEST_STEP][PASSED] - Statement - PreSaveFile = new java.io.File(((pathPrefix + java.lang.Integer.toString(counter)) + .png)): null

2018-12-04 12:14:38 - [TEST_STEP][PASSED] - Statement - counter = counter + 1: null

2018-12-04 12:14:38 - [TEST_STEP][PASSED] - Statement - PreSaveFile = new java.io.File(((pathPrefix + java.lang.Integer.toString(counter)) + .png)): null

2018-12-04 12:14:38 - [TEST_STEP][PASSED] - Statement - counter = counter + 1: null

2018-12-04 12:14:38 - [TEST_STEP][PASSED] - Statement - PreSaveFile = new java.io.File(((pathPrefix + java.lang.Integer.toString(counter)) + .png)): null

2018-12-04 12:14:38 - [TEST_STEP][PASSED] - Statement - counter = counter + 1: null

2018-12-04 12:14:38 - [TEST_STEP][PASSED] - Statement - PreSaveFile = new java.io.File(((pathPrefix + java.lang.Integer.toString(counter)) + .png)): null

2018-12-04 12:14:38 - [TEST_STEP][PASSED] - Statement - counter = counter + 1: null

2018-12-04 12:14:39 - [TEST_STEP][PASSED] - Statement - PreSaveFile = new java.io.File(((pathPrefix + java.lang.Integer.toString(counter)) + .png)): null

2018-12-04 12:14:39 - [TEST_STEP][PASSED] - Statement - counter = counter + 1: null

2018-12-04 12:14:39 - [TEST_STEP][PASSED] - Statement - PreSaveFile = new java.io.File(((pathPrefix + java.lang.Integer.toString(counter)) + .png)): null

2018-12-04 12:14:39 - [TEST_STEP][PASSED] - Statement - counter = counter + 1: null

2018-12-04 12:14:39 - [TEST_STEP][PASSED] - Statement - PreSaveFile = new java.io.File(((pathPrefix + java.lang.Integer.toString(counter)) + .png)): null

2018-12-04 12:14:39 - [TEST_STEP][PASSED] - Statement - counter = counter + 1: null

2018-12-04 12:14:39 - [TEST_STEP][PASSED] - Statement - PreSaveFile = new java.io.File(((pathPrefix + java.lang.Integer.toString(counter)) + .png)): null

2018-12-04 12:14:39 - [TEST_STEP][PASSED] - Statement - counter = counter + 1: null

2018-12-04 12:14:39 - [TEST_STEP][PASSED] - Statement - PreSaveFile = new java.io.File(((pathPrefix + java.lang.Integer.toString(counter)) + .png)): null

2018-12-04 12:14:39 - [TEST_STEP][PASSED] - Statement - counter = counter + 1: null

2018-12-04 12:14:41 - [TEST_STEP][PASSED] - Statement - PreSaveFile = new java.io.File(((pathPrefix + java.lang.Integer.toString(counter)) + .png)): null

2018-12-04 12:14:41 - [TEST_STEP][PASSED] - Statement - counter = counter + 1: null

2018-12-04 12:14:41 - [TEST_STEP][PASSED] - Statement - PreSaveFile = new java.io.File(((pathPrefix + java.lang.Integer.toString(counter)) + .png)): null

2018-12-04 12:14:41 - [TEST_STEP][PASSED] - Statement - counter = counter + 1: null

2018-12-04 12:14:41 - [TEST_STEP][PASSED] - Statement - PreSaveFile = new java.io.File(((pathPrefix + java.lang.Integer.toString(counter)) + .png)): null

2018-12-04 12:14:41 - [TEST_STEP][PASSED] - Statement - counter = counter + 1: null

2018-12-04 12:14:41 - [TEST_STEP][PASSED] - Statement - PreSaveFile = new java.io.File(((pathPrefix + java.lang.Integer.toString(counter)) + .png)): null

2018-12-04 12:14:41 - [TEST_STEP][PASSED] - Statement - counter = counter + 1: null

2018-12-04 12:14:41 - [TEST_STEP][PASSED] - Statement - PreSaveFile = new java.io.File(((pathPrefix + java.lang.Integer.toString(counter)) + .png)): null

2018-12-04 12:14:41 - [TEST_STEP][PASSED] - Statement - counter = counter + 1: null

2018-12-04 12:14:42 - [TEST_STEP][PASSED] - Statement - PreSaveFile = new java.io.File(((pathPrefix + java.lang.Integer.toString(counter)) + .png)): null

2018-12-04 12:14:42 - [TEST_STEP][PASSED] - Statement - counter = counter + 1: null

2018-12-04 12:14:42 - [TEST_STEP][PASSED] - Statement - PreSaveFile = new java.io.File(((pathPrefix + java.lang.Integer.toString(counter)) + .png)): null

2018-12-04 12:14:42 - [TEST_STEP][PASSED] - Statement - counter = counter + 1: null

2018-12-04 12:14:42 - [TEST_STEP][PASSED] - Statement - PreSaveFile = new java.io.File(((pathPrefix + java.lang.Integer.toString(counter)) + .png)): null

2018-12-04 12:14:42 - [TEST_STEP][PASSED] - Statement - counter = counter + 1: null

2018-12-04 12:14:42 - [TEST_STEP][PASSED] - Statement - PreSaveFile = new java.io.File(((pathPrefix + java.lang.Integer.toString(counter)) + .png)): null

2018-12-04 12:14:42 - [TEST_STEP][PASSED] - Statement - counter = counter + 1: null

2018-12-04 12:14:42 - [TEST_STEP][PASSED] - Statement - PreSaveFile = new java.io.File(((pathPrefix + java.lang.Integer.toString(counter)) + .png)): null

2018-12-04 12:14:44 - [TEST_STEP][PASSED] - Statement - counter = counter + 1: null

2018-12-04 12:14:44 - [TEST_STEP][PASSED] - Statement - PreSaveFile = new java.io.File(((pathPrefix + java.lang.Integer.toString(counter)) + .png)): null

2018-12-04 12:14:44 - [TEST_STEP][PASSED] - Statement - counter = counter + 1: null

2018-12-04 12:14:44 - [TEST_STEP][PASSED] - Statement - PreSaveFile = new java.io.File(((pathPrefix + java.lang.Integer.toString(counter)) + .png)): null

2018-12-04 12:14:44 - [TEST_STEP][PASSED] - Statement - counter = counter + 1: null

2018-12-04 12:14:44 - [TEST_STEP][PASSED] - Statement - PreSaveFile = new java.io.File(((pathPrefix + java.lang.Integer.toString(counter)) + .png)): null

2018-12-04 12:14:44 - [TEST_STEP][PASSED] - Statement - counter = counter + 1: null

2018-12-04 12:14:44 - [TEST_STEP][PASSED] - Statement - PreSaveFile = new java.io.File(((pathPrefix + java.lang.Integer.toString(counter)) + .png)): null

2018-12-04 12:14:44 - [TEST_STEP][PASSED] - Statement - counter = counter + 1: null

2018-12-04 12:14:45 - [TEST_STEP][PASSED] - Statement - PreSaveFile = new java.io.File(((pathPrefix + java.lang.Integer.toString(counter)) + .png)): null

2018-12-04 12:14:45 - [TEST_STEP][PASSED] - Statement - counter = counter + 1: null

2018-12-04 12:14:45 - [TEST_STEP][PASSED] - Statement - PreSaveFile = new java.io.File(((pathPrefix + java.lang.Integer.toString(counter)) + .png)): null

2018-12-04 12:14:45 - [TEST_STEP][PASSED] - Statement - counter = counter + 1: null

2018-12-04 12:14:45 - [TEST_STEP][PASSED] - Statement - PreSaveFile = new java.io.File(((pathPrefix + java.lang.Integer.toString(counter)) + .png)): null

2018-12-04 12:14:45 - [TEST_STEP][PASSED] - Statement - counter = counter + 1: null

2018-12-04 12:14:45 - [TEST_STEP][PASSED] - Statement - PreSaveFile = new java.io.File(((pathPrefix + java.lang.Integer.toString(counter)) + .png)): null

2018-12-04 12:14:45 - [TEST_STEP][PASSED] - Statement - counter = counter + 1: null

2018-12-04 12:14:45 - [TEST_STEP][PASSED] - Statement - PreSaveFile = new java.io.File(((pathPrefix + java.lang.Integer.toString(counter)) + .png)): null

2018-12-04 12:14:45 - [TEST_STEP][PASSED] - Statement - counter = counter + 1: null

2018-12-04 12:14:47 - [TEST_STEP][PASSED] - Statement - PreSaveFile = new java.io.File(((pathPrefix + java.lang.Integer.toString(counter)) + .png)): null

2018-12-04 12:14:47 - [TEST_STEP][PASSED] - Statement - counter = counter + 1: null

2018-12-04 12:14:47 - [TEST_STEP][PASSED] - Statement - PreSaveFile = new java.io.File(((pathPrefix + java.lang.Integer.toString(counter)) + .png)): null

2018-12-04 12:14:47 - [TEST_STEP][PASSED] - Statement - counter = counter + 1: null

2018-12-04 12:14:47 - [TEST_STEP][PASSED] - Statement - PreSaveFile = new java.io.File(((pathPrefix + java.lang.Integer.toString(counter)) + .png)): null

2018-12-04 12:14:47 - [TEST_STEP][PASSED] - Statement - counter = counter + 1: null

2018-12-04 12:14:47 - [TEST_STEP][PASSED] - Statement - PreSaveFile = new java.io.File(((pathPrefix + java.lang.Integer.toString(counter)) + .png)): null

2018-12-04 12:14:47 - [TEST_STEP][PASSED] - Statement - counter = counter + 1: null

2018-12-04 12:14:47 - [TEST_STEP][PASSED] - Statement - PreSaveFile = new java.io.File(((pathPrefix + java.lang.Integer.toString(counter)) + .png)): null

2018-12-04 12:14:47 - [TEST_STEP][PASSED] - Statement - counter = counter + 1: null

2018-12-04 12:14:48 - [TEST_STEP][PASSED] - Statement - PreSaveFile = new java.io.File(((pathPrefix + java.lang.Integer.toString(counter)) + .png)): null

2018-12-04 12:14:48 - [TEST_STEP][PASSED] - Statement - counter = counter + 1: null

2018-12-04 12:14:48 - [TEST_STEP][PASSED] - Statement - PreSaveFile = new java.io.File(((pathPrefix + java.lang.Integer.toString(counter)) + .png)): null

2018-12-04 12:14:48 - [TEST_STEP][PASSED] - Statement - counter = counter + 1: null

2018-12-04 12:14:48 - [TEST_STEP][PASSED] - Statement - PreSaveFile = new java.io.File(((pathPrefix + java.lang.Integer.toString(counter)) + .png)): null

2018-12-04 12:14:48 - [TEST_STEP][PASSED] - Statement - counter = counter + 1: null

2018-12-04 12:14:48 - [TEST_STEP][PASSED] - Statement - PreSaveFile = new java.io.File(((pathPrefix + java.lang.Integer.toString(counter)) + .png)): null

2018-12-04 12:14:48 - [TEST_STEP][PASSED] - Statement - counter = counter + 1: null

2018-12-04 12:14:48 - [TEST_STEP][PASSED] - Statement - PreSaveFile = new java.io.File(((pathPrefix + java.lang.Integer.toString(counter)) + .png)): null

2018-12-04 12:14:48 - [TEST_STEP][PASSED] - Statement - counter = counter + 1: null

2018-12-04 12:14:50 - [TEST_STEP][PASSED] - Statement - PreSaveFile = new java.io.File(((pathPrefix + java.lang.Integer.toString(counter)) + .png)): null

2018-12-04 12:14:50 - [TEST_STEP][PASSED] - Statement - counter = counter + 1: null

2018-12-04 12:14:50 - [TEST_STEP][PASSED] - Statement - PreSaveFile = new java.io.File(((pathPrefix + java.lang.Integer.toString(counter)) + .png)): null

2018-12-04 12:14:50 - [TEST_STEP][PASSED] - Statement - counter = counter + 1: null

2018-12-04 12:14:50 - [TEST_STEP][PASSED] - Statement - PreSaveFile = new java.io.File(((pathPrefix + java.lang.Integer.toString(counter)) + .png)): null

2018-12-04 12:14:50 - [TEST_STEP][PASSED] - Statement - counter = counter + 1: null

2018-12-04 12:14:50 - [TEST_STEP][PASSED] - Statement - PreSaveFile = new java.io.File(((pathPrefix + java.lang.Integer.toString(counter)) + .png)): null

2018-12-04 12:14:50 - [TEST_STEP][PASSED] - Statement - counter = counter + 1: null

2018-12-04 12:14:50 - [TEST_STEP][PASSED] - Statement - PreSaveFile = new java.io.File(((pathPrefix + java.lang.Integer.toString(counter)) + .png)): null

2018-12-04 12:14:51 - [TEST_STEP][PASSED] - Statement - counter = counter + 1: null

2018-12-04 12:14:51 - [TEST_STEP][PASSED] - Statement - PreSaveFile = new java.io.File(((pathPrefix + java.lang.Integer.toString(counter)) + .png)): null

2018-12-04 12:14:51 - [TEST_STEP][PASSED] - Statement - counter = counter + 1: null

2018-12-04 12:14:51 - [TEST_STEP][PASSED] - Statement - PreSaveFile = new java.io.File(((pathPrefix + java.lang.Integer.toString(counter)) + .png)): null

2018-12-04 12:14:51 - [TEST_STEP][PASSED] - Statement - counter = counter + 1: null

2018-12-04 12:14:51 - [TEST_STEP][PASSED] - Statement - PreSaveFile = new java.io.File(((pathPrefix + java.lang.Integer.toString(counter)) + .png)): null

2018-12-04 12:14:51 - [TEST_STEP][PASSED] - Statement - counter = counter + 1: null

2018-12-04 12:14:51 - [TEST_STEP][PASSED] - Statement - PreSaveFile = new java.io.File(((pathPrefix + java.lang.Integer.toString(counter)) + .png)): null

2018-12-04 12:14:51 - [TEST_STEP][PASSED] - Statement - counter = counter + 1: null

2018-12-04 12:14:53 - [TEST_STEP][PASSED] - Statement - PreSaveFile = new java.io.File(((pathPrefix + java.lang.Integer.toString(counter)) + .png)): null

2018-12-04 12:14:53 - [TEST_STEP][PASSED] - Statement - counter = counter + 1: null

2018-12-04 12:14:53 - [TEST_STEP][PASSED] - Statement - PreSaveFile = new java.io.File(((pathPrefix + java.lang.Integer.toString(counter)) + .png)): null

2018-12-04 12:14:53 - [TEST_STEP][PASSED] - Statement - counter = counter + 1: null

2018-12-04 12:14:53 - [TEST_STEP][PASSED] - Statement - PreSaveFile = new java.io.File(((pathPrefix + java.lang.Integer.toString(counter)) + .png)): null

2018-12-04 12:14:53 - [TEST_STEP][PASSED] - Statement - counter = counter + 1: null

2018-12-04 12:14:53 - [TEST_STEP][PASSED] - Statement - PreSaveFile = new java.io.File(((pathPrefix + java.lang.Integer.toString(counter)) + .png)): null

2018-12-04 12:14:53 - [TEST_STEP][PASSED] - Statement - counter = counter + 1: null

2018-12-04 12:14:53 - [TEST_STEP][PASSED] - Statement - PreSaveFile = new java.io.File(((pathPrefix + java.lang.Integer.toString(counter)) + .png)): null

2018-12-04 12:14:53 - [TEST_STEP][PASSED] - Statement - counter = counter + 1: null

2018-12-04 12:14:54 - [TEST_STEP][PASSED] - Statement - PreSaveFile = new java.io.File(((pathPrefix + java.lang.Integer.toString(counter)) + .png)): null

2018-12-04 12:14:54 - [TEST_STEP][PASSED] - Statement - counter = counter + 1: null

2018-12-04 12:14:54 - [TEST_STEP][PASSED] - Statement - PreSaveFile = new java.io.File(((pathPrefix + java.lang.Integer.toString(counter)) + .png)): null

2018-12-04 12:14:54 - [TEST_STEP][PASSED] - Statement - counter = counter + 1: null

2018-12-04 12:14:54 - [TEST_STEP][PASSED] - Statement - PreSaveFile = new java.io.File(((pathPrefix + java.lang.Integer.toString(counter)) + .png)): null

2018-12-04 12:14:54 - [TEST_STEP][PASSED] - Statement - counter = counter + 1: null

2018-12-04 12:14:54 - [TEST_STEP][PASSED] - Statement - PreSaveFile = new java.io.File(((pathPrefix + java.lang.Integer.toString(counter)) + .png)): null

2018-12-04 12:14:54 - [TEST_STEP][PASSED] - Statement - counter = counter + 1: null

2018-12-04 12:14:54 - [TEST_STEP][PASSED] - Statement - PreSaveFile = new java.io.File(((pathPrefix + java.lang.Integer.toString(counter)) + .png)): null

2018-12-04 12:14:54 - [TEST_STEP][PASSED] - Statement - counter = counter + 1: null

2018-12-04 12:14:56 - [TEST_STEP][PASSED] - Statement - PreSaveFile = new java.io.File(((pathPrefix + java.lang.Integer.toString(counter)) + .png)): null

2018-12-04 12:14:56 - [TEST_STEP][PASSED] - Statement - counter = counter + 1: null

2018-12-04 12:14:56 - [TEST_STEP][PASSED] - Statement - PreSaveFile = new java.io.File(((pathPrefix + java.lang.Integer.toString(counter)) + .png)): null

2018-12-04 12:14:56 - [TEST_STEP][PASSED] - Statement - counter = counter + 1: null

2018-12-04 12:14:56 - [TEST_STEP][PASSED] - Statement - PreSaveFile = new java.io.File(((pathPrefix + java.lang.Integer.toString(counter)) + .png)): null

2018-12-04 12:14:56 - [TEST_STEP][PASSED] - Statement - counter = counter + 1: null

2018-12-04 12:14:56 - [TEST_STEP][PASSED] - Statement - PreSaveFile = new java.io.File(((pathPrefix + java.lang.Integer.toString(counter)) + .png)): null

2018-12-04 12:14:56 - [TEST_STEP][PASSED] - Statement - counter = counter + 1: null

2018-12-04 12:14:56 - [TEST_STEP][PASSED] - Statement - PreSaveFile = new java.io.File(((pathPrefix + java.lang.Integer.toString(counter)) + .png)): null

2018-12-04 12:14:58 - [TEST_STEP][PASSED] - Statement - counter = counter + 1: null

2018-12-04 12:14:58 - [TEST_STEP][PASSED] - Statement - PreSaveFile = new java.io.File(((pathPrefix + java.lang.Integer.toString(counter)) + .png)): null

2018-12-04 12:14:58 - [TEST_STEP][PASSED] - Statement - counter = counter + 1: null

2018-12-04 12:14:58 - [TEST_STEP][PASSED] - Statement - PreSaveFile = new java.io.File(((pathPrefix + java.lang.Integer.toString(counter)) + .png)): null

2018-12-04 12:14:58 - [TEST_STEP][PASSED] - Statement - counter = counter + 1: null

2018-12-04 12:14:58 - [TEST_STEP][PASSED] - Statement - PreSaveFile = new java.io.File(((pathPrefix + java.lang.Integer.toString(counter)) + .png)): null

2018-12-04 12:14:58 - [TEST_STEP][PASSED] - Statement - counter = counter + 1: null

2018-12-04 12:14:58 - [TEST_STEP][PASSED] - Statement - PreSaveFile = new java.io.File(((pathPrefix + java.lang.Integer.toString(counter)) + .png)): null

2018-12-04 12:14:58 - [TEST_STEP][PASSED] - Statement - counter = counter + 1: null

2018-12-04 12:14:58 - [TEST_STEP][PASSED] - Statement - PreSaveFile = new java.io.File(((pathPrefix + java.lang.Integer.toString(counter)) + .png)): null

2018-12-04 12:14:59 - [TEST_STEP][PASSED] - Statement - counter = counter + 1: null

2018-12-04 12:14:59 - [TEST_STEP][PASSED] - Statement - PreSaveFile = new java.io.File(((pathPrefix + java.lang.Integer.toString(counter)) + .png)): null

2018-12-04 12:14:59 - [TEST_STEP][PASSED] - Statement - counter = counter + 1: null

2018-12-04 12:14:59 - [TEST_STEP][PASSED] - Statement - PreSaveFile = new java.io.File(((pathPrefix + java.lang.Integer.toString(counter)) + .png)): null

2018-12-04 12:14:59 - [TEST_STEP][PASSED] - Statement - counter = counter + 1: null

2018-12-04 12:14:59 - [TEST_STEP][PASSED] - Statement - PreSaveFile = new java.io.File(((pathPrefix + java.lang.Integer.toString(counter)) + .png)): null

2018-12-04 12:14:59 - [TEST_STEP][PASSED] - Statement - counter = counter + 1: null

2018-12-04 12:14:59 - [TEST_STEP][PASSED] - Statement - PreSaveFile = new java.io.File(((pathPrefix + java.lang.Integer.toString(counter)) + .png)): null

2018-12-04 12:14:59 - [TEST_STEP][PASSED] - Statement - counter = counter + 1: null

2018-12-04 12:15:01 - [TEST_STEP][PASSED] - Statement - PreSaveFile = new java.io.File(((pathPrefix + java.lang.Integer.toString(counter)) + .png)): null

2018-12-04 12:15:01 - [TEST_STEP][PASSED] - Statement - counter = counter + 1: null

2018-12-04 12:15:01 - [TEST_STEP][PASSED] - Statement - PreSaveFile = new java.io.File(((pathPrefix + java.lang.Integer.toString(counter)) + .png)): null

2018-12-04 12:15:01 - [TEST_STEP][PASSED] - Statement - counter = counter + 1: null

2018-12-04 12:15:01 - [TEST_STEP][PASSED] - Statement - PreSaveFile = new java.io.File(((pathPrefix + java.lang.Integer.toString(counter)) + .png)): null

2018-12-04 12:15:01 - [TEST_STEP][PASSED] - Statement - counter = counter + 1: null

2018-12-04 12:15:01 - [TEST_STEP][PASSED] - Statement - PreSaveFile = new java.io.File(((pathPrefix + java.lang.Integer.toString(counter)) + .png)): null

2018-12-04 12:15:01 - [TEST_STEP][PASSED] - Statement - counter = counter + 1: null

2018-12-04 12:15:01 - [TEST_STEP][PASSED] - Statement - PreSaveFile = new java.io.File(((pathPrefix + java.lang.Integer.toString(counter)) + .png)): null

2018-12-04 12:15:01 - [TEST_STEP][PASSED] - Statement - counter = counter + 1: null

2018-12-04 12:15:03 - [TEST_STEP][PASSED] - Statement - PreSaveFile = new java.io.File(((pathPrefix + java.lang.Integer.toString(counter)) + .png)): null

2018-12-04 12:15:03 - [TEST_STEP][PASSED] - Statement - counter = counter + 1: null

2018-12-04 12:15:03 - [TEST_STEP][PASSED] - Statement - PreSaveFile = new java.io.File(((pathPrefix + java.lang.Integer.toString(counter)) + .png)): null

2018-12-04 12:15:03 - [TEST_STEP][PASSED] - Statement - counter = counter + 1: null

2018-12-04 12:15:03 - [TEST_STEP][PASSED] - Statement - PreSaveFile = new java.io.File(((pathPrefix + java.lang.Integer.toString(counter)) + .png)): null

2018-12-04 12:15:03 - [TEST_STEP][PASSED] - Statement - counter = counter + 1: null

2018-12-04 12:15:03 - [TEST_STEP][PASSED] - Statement - PreSaveFile = new java.io.File(((pathPrefix + java.lang.Integer.toString(counter)) + .png)): null

2018-12-04 12:15:03 - [TEST_STEP][PASSED] - Statement - counter = counter + 1: null

2018-12-04 12:15:03 - [TEST_STEP][PASSED] - Statement - PreSaveFile = new java.io.File(((pathPrefix + java.lang.Integer.toString(counter)) + .png)): null

2018-12-04 12:15:03 - [TEST_STEP][PASSED] - Statement - counter = counter + 1: null

2018-12-04 12:15:05 - [TEST_STEP][PASSED] - Statement - PreSaveFile = new java.io.File(((pathPrefix + java.lang.Integer.toString(counter)) + .png)): null

2018-12-04 12:15:05 - [TEST_STEP][PASSED] - Statement - counter = counter + 1: null

2018-12-04 12:15:05 - [TEST_STEP][PASSED] - Statement - PreSaveFile = new java.io.File(((pathPrefix + java.lang.Integer.toString(counter)) + .png)): null

2018-12-04 12:15:05 - [TEST_STEP][PASSED] - Statement - counter = counter + 1: null

2018-12-04 12:15:05 - [TEST_STEP][PASSED] - Statement - PreSaveFile = new java.io.File(((pathPrefix + java.lang.Integer.toString(counter)) + .png)): null

2018-12-04 12:15:05 - [TEST_STEP][PASSED] - Statement - counter = counter + 1: null

2018-12-04 12:15:05 - [TEST_STEP][PASSED] - Statement - PreSaveFile = new java.io.File(((pathPrefix + java.lang.Integer.toString(counter)) + .png)): null

2018-12-04 12:15:05 - [TEST_STEP][PASSED] - Statement - counter = counter + 1: null

2018-12-04 12:15:05 - [TEST_STEP][PASSED] - Statement - PreSaveFile = new java.io.File(((pathPrefix + java.lang.Integer.toString(counter)) + .png)): null

2018-12-04 12:15:07 - [TEST_STEP][PASSED] - Statement - counter = counter + 1: null

2018-12-04 12:15:07 - [TEST_STEP][PASSED] - Statement - PreSaveFile = new java.io.File(((pathPrefix + java.lang.Integer.toString(counter)) + .png)): null

2018-12-04 12:15:07 - [TEST_STEP][PASSED] - Statement - counter = counter + 1: null

2018-12-04 12:15:07 - [TEST_STEP][PASSED] - Statement - PreSaveFile = new java.io.File(((pathPrefix + java.lang.Integer.toString(counter)) + .png)): null

2018-12-04 12:15:07 - [TEST_STEP][PASSED] - Statement - counter = counter + 1: null

2018-12-04 12:15:07 - [TEST_STEP][PASSED] - Statement - PreSaveFile = new java.io.File(((pathPrefix + java.lang.Integer.toString(counter)) + .png)): null

2018-12-04 12:15:07 - [TEST_STEP][PASSED] - Statement - counter = counter + 1: null

2018-12-04 12:15:07 - [TEST_STEP][PASSED] - Statement - PreSaveFile = new java.io.File(((pathPrefix + java.lang.Integer.toString(counter)) + .png)): null

2018-12-04 12:15:07 - [TEST_STEP][PASSED] - Statement - counter = counter + 1: null

2018-12-04 12:15:09 - [TEST_STEP][PASSED] - Statement - PreSaveFile = new java.io.File(((pathPrefix + java.lang.Integer.toString(counter)) + .png)): null

2018-12-04 12:15:09 - [TEST_STEP][PASSED] - Statement - counter = counter + 1: null

2018-12-04 12:15:09 - [TEST_STEP][PASSED] - Statement - PreSaveFile = new java.io.File(((pathPrefix + java.lang.Integer.toString(counter)) + .png)): null

2018-12-04 12:15:09 - [TEST_STEP][PASSED] - Statement - counter = counter + 1: null

2018-12-04 12:15:09 - [TEST_STEP][PASSED] - Statement - PreSaveFile = new java.io.File(((pathPrefix + java.lang.Integer.toString(counter)) + .png)): null

2018-12-04 12:15:09 - [TEST_STEP][PASSED] - Statement - counter = counter + 1: null

2018-12-04 12:15:09 - [TEST_STEP][PASSED] - Statement - PreSaveFile = new java.io.File(((pathPrefix + java.lang.Integer.toString(counter)) + .png)): null

2018-12-04 12:15:09 - [TEST_STEP][PASSED] - Statement - counter = counter + 1: null

2018-12-04 12:15:09 - [TEST_STEP][PASSED] - Statement - PreSaveFile = new java.io.File(((pathPrefix + java.lang.Integer.toString(counter)) + .png)): null

2018-12-04 12:15:09 - [TEST_STEP][PASSED] - Statement - counter = counter + 1: null

2018-12-04 12:15:10 - [TEST_STEP][PASSED] - Statement - PreSaveFile = new java.io.File(((pathPrefix + java.lang.Integer.toString(counter)) + .png)): null

2018-12-04 12:15:10 - [TEST_STEP][PASSED] - Statement - counter = counter + 1: null

2018-12-04 12:15:10 - [TEST_STEP][PASSED] - Statement - PreSaveFile = new java.io.File(((pathPrefix + java.lang.Integer.toString(counter)) + .png)): null

2018-12-04 12:15:10 - [TEST_STEP][PASSED] - Statement - counter = counter + 1: null

2018-12-04 12:15:10 - [TEST_STEP][PASSED] - Statement - PreSaveFile = new java.io.File(((pathPrefix + java.lang.Integer.toString(counter)) + .png)): null

2018-12-04 12:15:10 - [TEST_STEP][PASSED] - Statement - counter = counter + 1: null

2018-12-04 12:15:10 - [TEST_STEP][PASSED] - Statement - PreSaveFile = new java.io.File(((pathPrefix + java.lang.Integer.toString(counter)) + .png)): null

2018-12-04 12:15:10 - [TEST_STEP][PASSED] - Statement - counter = counter + 1: null

2018-12-04 12:15:10 - [TEST_STEP][PASSED] - Statement - PreSaveFile = new java.io.File(((pathPrefix + java.lang.Integer.toString(counter)) + .png)): null

2018-12-04 12:15:10 - [TEST_STEP][PASSED] - Statement - counter = counter + 1: null

2018-12-04 12:15:12 - [TEST_STEP][PASSED] - Statement - PreSaveFile = new java.io.File(((pathPrefix + java.lang.Integer.toString(counter)) + .png)): null

2018-12-04 12:15:12 - [TEST_STEP][PASSED] - Statement - counter = counter + 1: null

2018-12-04 12:15:12 - [TEST_STEP][PASSED] - Statement - PreSaveFile = new java.io.File(((pathPrefix + java.lang.Integer.toString(counter)) + .png)): null

2018-12-04 12:15:12 - [TEST_STEP][PASSED] - Statement - counter = counter + 1: null

2018-12-04 12:15:12 - [TEST_STEP][PASSED] - Statement - PreSaveFile = new java.io.File(((pathPrefix + java.lang.Integer.toString(counter)) + .png)): null

2018-12-04 12:15:12 - [TEST_STEP][PASSED] - Statement - counter = counter + 1: null

2018-12-04 12:15:12 - [TEST_STEP][PASSED] - Statement - PreSaveFile = new java.io.File(((pathPrefix + java.lang.Integer.toString(counter)) + .png)): null

2018-12-04 12:15:12 - [TEST_STEP][PASSED] - Statement - counter = counter + 1: null

2018-12-04 12:15:12 - [TEST_STEP][PASSED] - Statement - PreSaveFile = new java.io.File(((pathPrefix + java.lang.Integer.toString(counter)) + .png)): null

2018-12-04 12:15:12 - [TEST_STEP][PASSED] - Statement - counter = counter + 1: null

2018-12-04 12:15:13 - [TEST_STEP][PASSED] - Statement - PreSaveFile = new java.io.File(((pathPrefix + java.lang.Integer.toString(counter)) + .png)): null

2018-12-04 12:15:13 - [TEST_STEP][PASSED] - Statement - counter = counter + 1: null

2018-12-04 12:15:13 - [TEST_STEP][PASSED] - Statement - PreSaveFile = new java.io.File(((pathPrefix + java.lang.Integer.toString(counter)) + .png)): null

2018-12-04 12:15:13 - [TEST_STEP][PASSED] - Statement - counter = counter + 1: null

2018-12-04 12:15:13 - [TEST_STEP][PASSED] - Statement - PreSaveFile = new java.io.File(((pathPrefix + java.lang.Integer.toString(counter)) + .png)): null

2018-12-04 12:15:13 - [TEST_STEP][PASSED] - Statement - counter = counter + 1: null

2018-12-04 12:15:13 - [TEST_STEP][PASSED] - Statement - PreSaveFile = new java.io.File(((pathPrefix + java.lang.Integer.toString(counter)) + .png)): null

2018-12-04 12:15:13 - [TEST_STEP][PASSED] - Statement - counter = counter + 1: null

2018-12-04 12:15:13 - [TEST_STEP][PASSED] - Statement - PreSaveFile = new java.io.File(((pathPrefix + java.lang.Integer.toString(counter)) + .png)): null

2018-12-04 12:15:15 - [TEST_STEP][PASSED] - Statement - counter = counter + 1: null

2018-12-04 12:15:15 - [TEST_STEP][PASSED] - Statement - PreSaveFile = new java.io.File(((pathPrefix + java.lang.Integer.toString(counter)) + .png)): null

2018-12-04 12:15:15 - [TEST_STEP][PASSED] - Statement - counter = counter + 1: null

2018-12-04 12:15:15 - [TEST_STEP][PASSED] - Statement - PreSaveFile = new java.io.File(((pathPrefix + java.lang.Integer.toString(counter)) + .png)): null

2018-12-04 12:15:15 - [TEST_STEP][PASSED] - Statement - counter = counter + 1: null

2018-12-04 12:15:15 - [TEST_STEP][PASSED] - Statement - PreSaveFile = new java.io.File(((pathPrefix + java.lang.Integer.toString(counter)) + .png)): null

2018-12-04 12:15:15 - [TEST_STEP][PASSED] - Statement - counter = counter + 1: null

2018-12-04 12:15:15 - [TEST_STEP][PASSED] - Statement - PreSaveFile = new java.io.File(((pathPrefix + java.lang.Integer.toString(counter)) + .png)): null

2018-12-04 12:15:15 - [TEST_STEP][PASSED] - Statement - counter = counter + 1: null

2018-12-04 12:15:17 - [TEST_STEP][PASSED] - Statement - PreSaveFile = new java.io.File(((pathPrefix + java.lang.Integer.toString(counter)) + .png)): null

2018-12-04 12:15:17 - [TEST_STEP][PASSED] - Statement - counter = counter + 1: null

2018-12-04 12:15:17 - [TEST_STEP][PASSED] - Statement - PreSaveFile = new java.io.File(((pathPrefix + java.lang.Integer.toString(counter)) + .png)): null

2018-12-04 12:15:17 - [TEST_STEP][PASSED] - Statement - counter = counter + 1: null

2018-12-04 12:15:17 - [TEST_STEP][PASSED] - Statement - PreSaveFile = new java.io.File(((pathPrefix + java.lang.Integer.toString(counter)) + .png)): null

2018-12-04 12:15:17 - [TEST_STEP][PASSED] - Statement - counter = counter + 1: null

2018-12-04 12:15:17 - [TEST_STEP][PASSED] - Statement - PreSaveFile = new java.io.File(((pathPrefix + java.lang.Integer.toString(counter)) + .png)): null

2018-12-04 12:15:17 - [TEST_STEP][PASSED] - Statement - counter = counter + 1: null

2018-12-04 12:15:17 - [TEST_STEP][PASSED] - Statement - PreSaveFile = new java.io.File(((pathPrefix + java.lang.Integer.toString(counter)) + .png)): null

2018-12-04 12:15:17 - [TEST_STEP][PASSED] - Statement - counter = counter + 1: null

2018-12-04 12:15:18 - [TEST_STEP][PASSED] - Statement - PreSaveFile = new java.io.File(((pathPrefix + java.lang.Integer.toString(counter)) + .png)): null

2018-12-04 12:15:18 - [TEST_STEP][PASSED] - Statement - counter = counter + 1: null

2018-12-04 12:15:18 - [TEST_STEP][PASSED] - Statement - PreSaveFile = new java.io.File(((pathPrefix + java.lang.Integer.toString(counter)) + .png)): null

2018-12-04 12:15:18 - [TEST_STEP][PASSED] - Statement - counter = counter + 1: null

2018-12-04 12:15:18 - [TEST_STEP][PASSED] - Statement - PreSaveFile = new java.io.File(((pathPrefix + java.lang.Integer.toString(counter)) + .png)): null

2018-12-04 12:15:18 - [TEST_STEP][PASSED] - Statement - counter = counter + 1: null

2018-12-04 12:15:18 - [TEST_STEP][PASSED] - Statement - PreSaveFile = new java.io.File(((pathPrefix + java.lang.Integer.toString(counter)) + .png)): null

2018-12-04 12:15:18 - [TEST_STEP][PASSED] - Statement - counter = counter + 1: null

2018-12-04 12:15:18 - [TEST_STEP][PASSED] - Statement - PreSaveFile = new java.io.File(((pathPrefix + java.lang.Integer.toString(counter)) + .png)): null

2018-12-04 12:15:18 - [TEST_STEP][PASSED] - Statement - counter = counter + 1: null

2018-12-04 12:15:20 - [TEST_STEP][PASSED] - Statement - PreSaveFile = new java.io.File(((pathPrefix + java.lang.Integer.toString(counter)) + .png)): null

2018-12-04 12:15:20 - [TEST_STEP][PASSED] - Statement - counter = counter + 1: null

2018-12-04 12:15:20 - [TEST_STEP][PASSED] - Statement - PreSaveFile = new java.io.File(((pathPrefix + java.lang.Integer.toString(counter)) + .png)): null

2018-12-04 12:15:20 - [TEST_STEP][PASSED] - Statement - counter = counter + 1: null

2018-12-04 12:15:20 - [TEST_STEP][PASSED] - Statement - PreSaveFile = new java.io.File(((pathPrefix + java.lang.Integer.toString(counter)) + .png)): null

2018-12-04 12:15:20 - [TEST_STEP][PASSED] - Statement - counter = counter + 1: null

2018-12-04 12:15:20 - [TEST_STEP][PASSED] - Statement - PreSaveFile = new java.io.File(((pathPrefix + java.lang.Integer.toString(counter)) + .png)): null

2018-12-04 12:15:20 - [TEST_STEP][PASSED] - Statement - counter = counter + 1: null

2018-12-04 12:15:20 - [TEST_STEP][PASSED] - Statement - PreSaveFile = new java.io.File(((pathPrefix + java.lang.Integer.toString(counter)) + .png)): null

2018-12-04 12:15:21 - [TEST_STEP][PASSED] - Statement - counter = counter + 1: null

2018-12-04 12:15:21 - [TEST_STEP][PASSED] - Statement - PreSaveFile = new java.io.File(((pathPrefix + java.lang.Integer.toString(counter)) + .png)): null

2018-12-04 12:15:21 - [TEST_STEP][PASSED] - Statement - counter = counter + 1: null

2018-12-04 12:15:21 - [TEST_STEP][PASSED] - Statement - PreSaveFile = new java.io.File(((pathPrefix + java.lang.Integer.toString(counter)) + .png)): null

2018-12-04 12:15:21 - [TEST_STEP][PASSED] - Statement - counter = counter + 1: null

2018-12-04 12:15:21 - [TEST_STEP][PASSED] - Statement - PreSaveFile = new java.io.File(((pathPrefix + java.lang.Integer.toString(counter)) + .png)): null

2018-12-04 12:15:21 - [TEST_STEP][PASSED] - Statement - counter = counter + 1: null

2018-12-04 12:15:21 - [TEST_STEP][PASSED] - Statement - PreSaveFile = new java.io.File(((pathPrefix + java.lang.Integer.toString(counter)) + .png)): null

2018-12-04 12:15:21 - [TEST_STEP][PASSED] - Statement - counter = counter + 1: null

2018-12-04 12:15:21 - [TEST_STEP][PASSED] - Statement - PreSaveFile = new java.io.File(((pathPrefix + java.lang.Integer.toString(counter)) + .png)): null

2018-12-04 12:15:24 - [TEST_STEP][PASSED] - Statement - counter = counter + 1: null

2018-12-04 12:15:24 - [TEST_STEP][PASSED] - Statement - PreSaveFile = new java.io.File(((pathPrefix + java.lang.Integer.toString(counter)) + .png)): null

2018-12-04 12:15:24 - [TEST_STEP][PASSED] - Statement - counter = counter + 1: null

2018-12-04 12:15:24 - [TEST_STEP][PASSED] - Statement - PreSaveFile = new java.io.File(((pathPrefix + java.lang.Integer.toString(counter)) + .png)): null

2018-12-04 12:15:24 - [TEST_STEP][PASSED] - Statement - counter = counter + 1: null

2018-12-04 12:15:24 - [TEST_STEP][PASSED] - Statement - PreSaveFile = new java.io.File(((pathPrefix + java.lang.Integer.toString(counter)) + .png)): null

2018-12-04 12:15:24 - [TEST_STEP][PASSED] - Statement - counter = counter + 1: null

2018-12-04 12:15:24 - [TEST_STEP][PASSED] - Statement - PreSaveFile = new java.io.File(((pathPrefix + java.lang.Integer.toString(counter)) + .png)): null

2018-12-04 12:15:24 - [TEST_STEP][PASSED] - Statement - counter = counter + 1: null

2018-12-04 12:15:25 - [TEST_STEP][PASSED] - Statement - PreSaveFile = new java.io.File(((pathPrefix + java.lang.Integer.toString(counter)) + .png)): null

2018-12-04 12:15:25 - [TEST_STEP][PASSED] - Statement - counter = counter + 1: null

2018-12-04 12:15:25 - [TEST_STEP][PASSED] - Statement - PreSaveFile = new java.io.File(((pathPrefix + java.lang.Integer.toString(counter)) + .png)): null

2018-12-04 12:15:25 - [TEST_STEP][PASSED] - Statement - counter = counter + 1: null

2018-12-04 12:15:25 - [TEST_STEP][PASSED] - Statement - PreSaveFile = new java.io.File(((pathPrefix + java.lang.Integer.toString(counter)) + .png)): null

2018-12-04 12:15:25 - [TEST_STEP][PASSED] - Statement - counter = counter + 1: null

2018-12-04 12:15:25 - [TEST_STEP][PASSED] - Statement - PreSaveFile = new java.io.File(((pathPrefix + java.lang.Integer.toString(counter)) + .png)): null

2018-12-04 12:15:25 - [TEST_STEP][PASSED] - Statement - counter = counter + 1: null

2018-12-04 12:15:25 - [TEST_STEP][PASSED] - Statement - PreSaveFile = new java.io.File(((pathPrefix + java.lang.Integer.toString(counter)) + .png)): null

2018-12-04 12:15:25 - [TEST_STEP][PASSED] - Statement - counter = counter + 1: null

2018-12-04 12:15:27 - [TEST_STEP][PASSED] - Statement - PreSaveFile = new java.io.File(((pathPrefix + java.lang.Integer.toString(counter)) + .png)): null

2018-12-04 12:15:27 - [TEST_STEP][PASSED] - Statement - counter = counter + 1: null

2018-12-04 12:15:27 - [TEST_STEP][PASSED] - Statement - PreSaveFile = new java.io.File(((pathPrefix + java.lang.Integer.toString(counter)) + .png)): null

2018-12-04 12:15:27 - [TEST_STEP][PASSED] - Statement - counter = counter + 1: null

2018-12-04 12:15:27 - [TEST_STEP][PASSED] - Statement - PreSaveFile = new java.io.File(((pathPrefix + java.lang.Integer.toString(counter)) + .png)): null

2018-12-04 12:15:27 - [TEST_STEP][PASSED] - Statement - counter = counter + 1: null

2018-12-04 12:15:27 - [TEST_STEP][PASSED] - Statement - PreSaveFile = new java.io.File(((pathPrefix + java.lang.Integer.toString(counter)) + .png)): null

2018-12-04 12:15:27 - [TEST_STEP][PASSED] - Statement - counter = counter + 1: null

2018-12-04 12:15:27 - [TEST_STEP][PASSED] - Statement - PreSaveFile = new java.io.File(((pathPrefix + java.lang.Integer.toString(counter)) + .png)): null

2018-12-04 12:15:27 - [TEST_STEP][PASSED] - Statement - counter = counter + 1: null

2018-12-04 12:15:29 - [TEST_STEP][PASSED] - Statement - PreSaveFile = new java.io.File(((pathPrefix + java.lang.Integer.toString(counter)) + .png)): null

2018-12-04 12:15:29 - [TEST_STEP][PASSED] - Statement - counter = counter + 1: null

2018-12-04 12:15:29 - [TEST_STEP][PASSED] - Statement - PreSaveFile = new java.io.File(((pathPrefix + java.lang.Integer.toString(counter)) + .png)): null

2018-12-04 12:15:29 - [TEST_STEP][PASSED] - Statement - counter = counter + 1: null

2018-12-04 12:15:29 - [TEST_STEP][PASSED] - Statement - PreSaveFile = new java.io.File(((pathPrefix + java.lang.Integer.toString(counter)) + .png)): null

2018-12-04 12:15:29 - [TEST_STEP][PASSED] - Statement - counter = counter + 1: null

2018-12-04 12:15:29 - [TEST_STEP][PASSED] - Statement - PreSaveFile = new java.io.File(((pathPrefix + java.lang.Integer.toString(counter)) + .png)): null

2018-12-04 12:15:29 - [TEST_STEP][PASSED] - Statement - counter = counter + 1: null

2018-12-04 12:15:29 - [TEST_STEP][PASSED] - Statement - PreSaveFile = new java.io.File(((pathPrefix + java.lang.Integer.toString(counter)) + .png)): null

2018-12-04 12:15:31 - [TEST_STEP][PASSED] - Statement - counter = counter + 1: null

2018-12-04 12:15:31 - [TEST_STEP][PASSED] - Statement - PreSaveFile = new java.io.File(((pathPrefix + java.lang.Integer.toString(counter)) + .png)): null

2018-12-04 12:15:31 - [TEST_STEP][PASSED] - Statement - counter = counter + 1: null

2018-12-04 12:15:31 - [TEST_STEP][PASSED] - Statement - PreSaveFile = new java.io.File(((pathPrefix + java.lang.Integer.toString(counter)) + .png)): null

2018-12-04 12:15:31 - [TEST_STEP][PASSED] - Statement - counter = counter + 1: null

2018-12-04 12:15:31 - [TEST_STEP][PASSED] - Statement - PreSaveFile = new java.io.File(((pathPrefix + java.lang.Integer.toString(counter)) + .png)): null

2018-12-04 12:15:31 - [TEST_STEP][PASSED] - Statement - counter = counter + 1: null

2018-12-04 12:15:31 - [TEST_STEP][PASSED] - Statement - PreSaveFile = new java.io.File(((pathPrefix + java.lang.Integer.toString(counter)) + .png)): null

2018-12-04 12:15:31 - [TEST_STEP][PASSED] - Statement - counter = counter + 1: null

2018-12-04 12:15:34 - [TEST_STEP][PASSED] - Statement - PreSaveFile = new java.io.File(((pathPrefix + java.lang.Integer.toString(counter)) + .png)): null

2018-12-04 12:15:34 - [TEST_STEP][PASSED] - Statement - counter = counter + 1: null

2018-12-04 12:15:34 - [TEST_STEP][PASSED] - Statement - PreSaveFile = new java.io.File(((pathPrefix + java.lang.Integer.toString(counter)) + .png)): null

2018-12-04 12:15:34 - [TEST_STEP][PASSED] - Statement - counter = counter + 1: null

2018-12-04 12:15:34 - [TEST_STEP][PASSED] - Statement - PreSaveFile = new java.io.File(((pathPrefix + java.lang.Integer.toString(counter)) + .png)): null

2018-12-04 12:15:34 - [TEST_STEP][PASSED] - Statement - counter = counter + 1: null

2018-12-04 12:15:34 - [TEST_STEP][PASSED] - Statement - PreSaveFile = new java.io.File(((pathPrefix + java.lang.Integer.toString(counter)) + .png)): null

2018-12-04 12:15:34 - [TEST_STEP][PASSED] - Statement - counter = counter + 1: null

2018-12-04 12:15:34 - [TEST_STEP][PASSED] - Statement - PreSaveFile = new java.io.File(((pathPrefix + java.lang.Integer.toString(counter)) + .png)): null

2018-12-04 12:15:34 - [TEST_STEP][PASSED] - Statement - counter = counter + 1: null

2018-12-04 12:15:36 - [TEST_STEP][PASSED] - Statement - PreSaveFile = new java.io.File(((pathPrefix + java.lang.Integer.toString(counter)) + .png)): null

2018-12-04 12:15:36 - [TEST_STEP][PASSED] - Statement - counter = counter + 1: null

2018-12-04 12:15:36 - [TEST_STEP][PASSED] - Statement - PreSaveFile = new java.io.File(((pathPrefix + java.lang.Integer.toString(counter)) + .png)): null

2018-12-04 12:15:36 - [TEST_STEP][PASSED] - Statement - counter = counter + 1: null

2018-12-04 12:15:36 - [TEST_STEP][PASSED] - Statement - PreSaveFile = new java.io.File(((pathPrefix + java.lang.Integer.toString(counter)) + .png)): null

2018-12-04 12:15:36 - [TEST_STEP][PASSED] - Statement - counter = counter + 1: null

2018-12-04 12:15:36 - [TEST_STEP][PASSED] - Statement - PreSaveFile = new java.io.File(((pathPrefix + java.lang.Integer.toString(counter)) + .png)): null

2018-12-04 12:15:36 - [TEST_STEP][PASSED] - Statement - counter = counter + 1: null

2018-12-04 12:15:36 - [TEST_STEP][PASSED] - Statement - PreSaveFile = new java.io.File(((pathPrefix + java.lang.Integer.toString(counter)) + .png)): null

2018-12-04 12:15:36 - [TEST_STEP][PASSED] - Statement - counter = counter + 1: null

2018-12-04 12:15:37 - [TEST_STEP][PASSED] - Statement - PreSaveFile = new java.io.File(((pathPrefix + java.lang.Integer.toString(counter)) + .png)): null

2018-12-04 12:15:37 - [TEST_STEP][PASSED] - Statement - counter = counter + 1: null

2018-12-04 12:15:37 - [TEST_STEP][PASSED] - Statement - PreSaveFile = new java.io.File(((pathPrefix + java.lang.Integer.toString(counter)) + .png)): null

2018-12-04 12:15:37 - [TEST_STEP][PASSED] - Statement - counter = counter + 1: null

2018-12-04 12:15:37 - [TEST_STEP][PASSED] - Statement - PreSaveFile = new java.io.File(((pathPrefix + java.lang.Integer.toString(counter)) + .png)): null

2018-12-04 12:15:37 - [TEST_STEP][PASSED] - Statement - counter = counter + 1: null

2018-12-04 12:15:37 - [TEST_STEP][PASSED] - Statement - PreSaveFile = new java.io.File(((pathPrefix + java.lang.Integer.toString(counter)) + .png)): null

2018-12-04 12:15:37 - [TEST_STEP][PASSED] - Statement - counter = counter + 1: null

2018-12-04 12:15:37 - [TEST_STEP][PASSED] - Statement - PreSaveFile = new java.io.File(((pathPrefix + java.lang.Integer.toString(counter)) + .png)): null

2018-12-04 12:15:37 - [TEST_STEP][PASSED] - Statement - counter = counter + 1: null

2018-12-04 12:15:40 - [TEST_STEP][PASSED] - Statement - PreSaveFile = new java.io.File(((pathPrefix + java.lang.Integer.toString(counter)) + .png)): null

2018-12-04 12:15:40 - [TEST_STEP][PASSED] - Statement - counter = counter + 1: null

2018-12-04 12:15:40 - [TEST_STEP][PASSED] - Statement - PreSaveFile = new java.io.File(((pathPrefix + java.lang.Integer.toString(counter)) + .png)): null

2018-12-04 12:15:40 - [TEST_STEP][PASSED] - Statement - counter = counter + 1: null

2018-12-04 12:15:40 - [TEST_STEP][PASSED] - Statement - PreSaveFile = new java.io.File(((pathPrefix + java.lang.Integer.toString(counter)) + .png)): null

2018-12-04 12:15:40 - [TEST_STEP][PASSED] - Statement - counter = counter + 1: null

2018-12-04 12:15:40 - [TEST_STEP][PASSED] - Statement - PreSaveFile = new java.io.File(((pathPrefix + java.lang.Integer.toString(counter)) + .png)): null

2018-12-04 12:15:40 - [TEST_STEP][PASSED] - Statement - counter = counter + 1: null

2018-12-04 12:15:40 - [TEST_STEP][PASSED] - Statement - PreSaveFile = new java.io.File(((pathPrefix + java.lang.Integer.toString(counter)) + .png)): null

2018-12-04 12:15:42 - [TEST_STEP][PASSED] - Statement - counter = counter + 1: null

2018-12-04 12:15:42 - [TEST_STEP][PASSED] - Statement - PreSaveFile = new java.io.File(((pathPrefix + java.lang.Integer.toString(counter)) + .png)): null

2018-12-04 12:15:42 - [TEST_STEP][PASSED] - Statement - counter = counter + 1: null

2018-12-04 12:15:42 - [TEST_STEP][PASSED] - Statement - PreSaveFile = new java.io.File(((pathPrefix + java.lang.Integer.toString(counter)) + .png)): null

2018-12-04 12:15:42 - [TEST_STEP][PASSED] - Statement - counter = counter + 1: null

2018-12-04 12:15:42 - [TEST_STEP][PASSED] - Statement - PreSaveFile = new java.io.File(((pathPrefix + java.lang.Integer.toString(counter)) + .png)): null

2018-12-04 12:15:42 - [TEST_STEP][PASSED] - Statement - counter = counter + 1: null

2018-12-04 12:15:42 - [TEST_STEP][PASSED] - Statement - PreSaveFile = new java.io.File(((pathPrefix + java.lang.Integer.toString(counter)) + .png)): null

2018-12-04 12:15:42 - [TEST_STEP][PASSED] - Statement - counter = counter + 1: null

2018-12-04 12:15:44 - [TEST_STEP][PASSED] - Statement - PreSaveFile = new java.io.File(((pathPrefix + java.lang.Integer.toString(counter)) + .png)): null

2018-12-04 12:15:44 - [TEST_STEP][PASSED] - Statement - counter = counter + 1: null

2018-12-04 12:15:44 - [TEST_STEP][PASSED] - Statement - PreSaveFile = new java.io.File(((pathPrefix + java.lang.Integer.toString(counter)) + .png)): null

2018-12-04 12:15:44 - [TEST_STEP][PASSED] - Statement - counter = counter + 1: null

2018-12-04 12:15:44 - [TEST_STEP][PASSED] - Statement - PreSaveFile = new java.io.File(((pathPrefix + java.lang.Integer.toString(counter)) + .png)): null

2018-12-04 12:15:44 - [TEST_STEP][PASSED] - Statement - counter = counter + 1: null

2018-12-04 12:15:44 - [TEST_STEP][PASSED] - Statement - PreSaveFile = new java.io.File(((pathPrefix + java.lang.Integer.toString(counter)) + .png)): null

2018-12-04 12:15:44 - [TEST_STEP][PASSED] - Statement - counter = counter + 1: null

2018-12-04 12:15:44 - [TEST_STEP][PASSED] - Statement - PreSaveFile = new java.io.File(((pathPrefix + java.lang.Integer.toString(counter)) + .png)): null

2018-12-04 12:15:44 - [TEST_STEP][PASSED] - Statement - counter = counter + 1: null

2018-12-04 12:15:46 - [TEST_STEP][PASSED] - Statement - PreSaveFile = new java.io.File(((pathPrefix + java.lang.Integer.toString(counter)) + .png)): null

2018-12-04 12:15:46 - [TEST_STEP][PASSED] - Statement - counter = counter + 1: null

2018-12-04 12:15:46 - [TEST_STEP][PASSED] - Statement - PreSaveFile = new java.io.File(((pathPrefix + java.lang.Integer.toString(counter)) + .png)): null

2018-12-04 12:15:46 - [TEST_STEP][PASSED] - Statement - counter = counter + 1: null

2018-12-04 12:15:46 - [TEST_STEP][PASSED] - Statement - PreSaveFile = new java.io.File(((pathPrefix + java.lang.Integer.toString(counter)) + .png)): null

2018-12-04 12:15:46 - [TEST_STEP][PASSED] - Statement - counter = counter + 1: null

2018-12-04 12:15:46 - [TEST_STEP][PASSED] - Statement - PreSaveFile = new java.io.File(((pathPrefix + java.lang.Integer.toString(counter)) + .png)): null

2018-12-04 12:15:46 - [TEST_STEP][PASSED] - Statement - counter = counter + 1: null

2018-12-04 12:15:46 - [TEST_STEP][PASSED] - Statement - PreSaveFile = new java.io.File(((pathPrefix + java.lang.Integer.toString(counter)) + .png)): null

2018-12-04 12:15:46 - [TEST_STEP][PASSED] - Statement - counter = counter + 1: null

2018-12-04 12:15:48 - [TEST_STEP][PASSED] - Statement - PreSaveFile = new java.io.File(((pathPrefix + java.lang.Integer.toString(counter)) + .png)): null

2018-12-04 12:15:48 - [TEST_STEP][PASSED] - Statement - counter = counter + 1: null

2018-12-04 12:15:48 - [TEST_STEP][PASSED] - Statement - PreSaveFile = new java.io.File(((pathPrefix + java.lang.Integer.toString(counter)) + .png)): null

2018-12-04 12:15:48 - [TEST_STEP][PASSED] - Statement - counter = counter + 1: null

2018-12-04 12:15:48 - [TEST_STEP][PASSED] - Statement - PreSaveFile = new java.io.File(((pathPrefix + java.lang.Integer.toString(counter)) + .png)): null

2018-12-04 12:15:48 - [TEST_STEP][PASSED] - Statement - counter = counter + 1: null

2018-12-04 12:15:48 - [TEST_STEP][PASSED] - Statement - PreSaveFile = new java.io.File(((pathPrefix + java.lang.Integer.toString(counter)) + .png)): null

2018-12-04 12:15:48 - [TEST_STEP][PASSED] - Statement - counter = counter + 1: null

2018-12-04 12:15:48 - [TEST_STEP][PASSED] - Statement - PreSaveFile = new java.io.File(((pathPrefix + java.lang.Integer.toString(counter)) + .png)): null

2018-12-04 12:15:50 - [TEST_STEP][PASSED] - Statement - counter = counter + 1: null

2018-12-04 12:15:50 - [TEST_STEP][PASSED] - Statement - PreSaveFile = new java.io.File(((pathPrefix + java.lang.Integer.toString(counter)) + .png)): null

2018-12-04 12:15:50 - [TEST_STEP][PASSED] - Statement - counter = counter + 1: null

2018-12-04 12:15:50 - [TEST_STEP][PASSED] - Statement - PreSaveFile = new java.io.File(((pathPrefix + java.lang.Integer.toString(counter)) + .png)): null

2018-12-04 12:15:50 - [TEST_STEP][PASSED] - Statement - counter = counter + 1: null

2018-12-04 12:15:50 - [TEST_STEP][PASSED] - Statement - PreSaveFile = new java.io.File(((pathPrefix + java.lang.Integer.toString(counter)) + .png)): null

2018-12-04 12:15:50 - [TEST_STEP][PASSED] - Statement - counter = counter + 1: null

2018-12-04 12:15:50 - [TEST_STEP][PASSED] - Statement - PreSaveFile = new java.io.File(((pathPrefix + java.lang.Integer.toString(counter)) + .png)): null

2018-12-04 12:15:50 - [TEST_STEP][PASSED] - Statement - counter = counter + 1: null

2018-12-04 12:15:50 - [TEST_STEP][PASSED] - Statement - PreSaveFile = new java.io.File(((pathPrefix + java.lang.Integer.toString(counter)) + .png)): null

2018-12-04 12:15:52 - [TEST_STEP][PASSED] - Statement - counter = counter + 1: null

2018-12-04 12:15:52 - [TEST_STEP][PASSED] - Statement - PreSaveFile = new java.io.File(((pathPrefix + java.lang.Integer.toString(counter)) + .png)): null

2018-12-04 12:15:52 - [TEST_STEP][PASSED] - Statement - counter = counter + 1: null

2018-12-04 12:15:52 - [TEST_STEP][PASSED] - Statement - PreSaveFile = new java.io.File(((pathPrefix + java.lang.Integer.toString(counter)) + .png)): null

2018-12-04 12:15:52 - [TEST_STEP][PASSED] - Statement - counter = counter + 1: null

2018-12-04 12:15:52 - [TEST_STEP][PASSED] - Statement - PreSaveFile = new java.io.File(((pathPrefix + java.lang.Integer.toString(counter)) + .png)): null

2018-12-04 12:15:52 - [TEST_STEP][PASSED] - Statement - counter = counter + 1: null

2018-12-04 12:15:52 - [TEST_STEP][PASSED] - Statement - PreSaveFile = new java.io.File(((pathPrefix + java.lang.Integer.toString(counter)) + .png)): null

2018-12-04 12:15:52 - [TEST_STEP][PASSED] - Statement - counter = counter + 1: null

2018-12-04 12:15:54 - [TEST_STEP][PASSED] - Statement - PreSaveFile = new java.io.File(((pathPrefix + java.lang.Integer.toString(counter)) + .png)): null

2018-12-04 12:15:54 - [TEST_STEP][PASSED] - Statement - counter = counter + 1: null

2018-12-04 12:15:54 - [TEST_STEP][PASSED] - Statement - PreSaveFile = new java.io.File(((pathPrefix + java.lang.Integer.toString(counter)) + .png)): null

2018-12-04 12:15:54 - [TEST_STEP][PASSED] - Statement - counter = counter + 1: null

2018-12-04 12:15:54 - [TEST_STEP][PASSED] - Statement - PreSaveFile = new java.io.File(((pathPrefix + java.lang.Integer.toString(counter)) + .png)): null

2018-12-04 12:15:54 - [TEST_STEP][PASSED] - Statement - counter = counter + 1: null

2018-12-04 12:15:54 - [TEST_STEP][PASSED] - Statement - PreSaveFile = new java.io.File(((pathPrefix + java.lang.Integer.toString(counter)) + .png)): null

2018-12-04 12:15:54 - [TEST_STEP][PASSED] - Statement - counter = counter + 1: null

2018-12-04 12:15:54 - [TEST_STEP][PASSED] - Statement - PreSaveFile = new java.io.File(((pathPrefix + java.lang.Integer.toString(counter)) + .png)): null

2018-12-04 12:15:54 - [TEST_STEP][PASSED] - Statement - counter = counter + 1: null

2018-12-04 12:15:57 - [TEST_STEP][PASSED] - Statement - PreSaveFile = new java.io.File(((pathPrefix + java.lang.Integer.toString(counter)) + .png)): null

2018-12-04 12:15:57 - [TEST_STEP][PASSED] - Statement - counter = counter + 1: null

2018-12-04 12:15:57 - [TEST_STEP][PASSED] - Statement - PreSaveFile = new java.io.File(((pathPrefix + java.lang.Integer.toString(counter)) + .png)): null

2018-12-04 12:15:57 - [TEST_STEP][PASSED] - Statement - counter = counter + 1: null

2018-12-04 12:15:57 - [TEST_STEP][PASSED] - Statement - PreSaveFile = new java.io.File(((pathPrefix + java.lang.Integer.toString(counter)) + .png)): null

2018-12-04 12:15:57 - [TEST_STEP][PASSED] - Statement - counter = counter + 1: null

2018-12-04 12:15:57 - [TEST_STEP][PASSED] - Statement - PreSaveFile = new java.io.File(((pathPrefix + java.lang.Integer.toString(counter)) + .png)): null

2018-12-04 12:15:57 - [TEST_STEP][PASSED] - Statement - counter = counter + 1: null

2018-12-04 12:15:57 - [TEST_STEP][PASSED] - Statement - PreSaveFile = new java.io.File(((pathPrefix + java.lang.Integer.toString(counter)) + .png)): null

2018-12-04 12:15:57 - [TEST_STEP][PASSED] - Statement - counter = counter + 1: null

2018-12-04 12:15:59 - [TEST_STEP][PASSED] - Statement - PreSaveFile = new java.io.File(((pathPrefix + java.lang.Integer.toString(counter)) + .png)): null

2018-12-04 12:15:59 - [TEST_STEP][PASSED] - Statement - counter = counter + 1: null

2018-12-04 12:15:59 - [TEST_STEP][PASSED] - Statement - PreSaveFile = new java.io.File(((pathPrefix + java.lang.Integer.toString(counter)) + .png)): null

2018-12-04 12:15:59 - [TEST_STEP][PASSED] - Statement - counter = counter + 1: null

2018-12-04 12:15:59 - [TEST_STEP][PASSED] - Statement - PreSaveFile = new java.io.File(((pathPrefix + java.lang.Integer.toString(counter)) + .png)): null

2018-12-04 12:15:59 - [TEST_STEP][PASSED] - Statement - counter = counter + 1: null

2018-12-04 12:15:59 - [TEST_STEP][PASSED] - Statement - PreSaveFile = new java.io.File(((pathPrefix + java.lang.Integer.toString(counter)) + .png)): null

2018-12-04 12:15:59 - [TEST_STEP][PASSED] - Statement - counter = counter + 1: null

2018-12-04 12:15:59 - [TEST_STEP][PASSED] - Statement - PreSaveFile = new java.io.File(((pathPrefix + java.lang.Integer.toString(counter)) + .png)): null

2018-12-04 12:16:01 - [TEST_STEP][PASSED] - Statement - counter = counter + 1: null

2018-12-04 12:16:01 - [TEST_STEP][PASSED] - Statement - PreSaveFile = new java.io.File(((pathPrefix + java.lang.Integer.toString(counter)) + .png)): null

2018-12-04 12:16:01 - [TEST_STEP][PASSED] - Statement - counter = counter + 1: null

2018-12-04 12:16:01 - [TEST_STEP][PASSED] - Statement - PreSaveFile = new java.io.File(((pathPrefix + java.lang.Integer.toString(counter)) + .png)): null

2018-12-04 12:16:01 - [TEST_STEP][PASSED] - Statement - counter = counter + 1: null

2018-12-04 12:16:01 - [TEST_STEP][PASSED] - Statement - PreSaveFile = new java.io.File(((pathPrefix + java.lang.Integer.toString(counter)) + .png)): null

2018-12-04 12:16:01 - [TEST_STEP][PASSED] - Statement - counter = counter + 1: null

2018-12-04 12:16:01 - [TEST_STEP][PASSED] - Statement - PreSaveFile = new java.io.File(((pathPrefix + java.lang.Integer.toString(counter)) + .png)): null

2018-12-04 12:16:01 - [TEST_STEP][PASSED] - Statement - counter = counter + 1: null

2018-12-04 12:16:03 - [TEST_STEP][PASSED] - Statement - PreSaveFile = new java.io.File(((pathPrefix + java.lang.Integer.toString(counter)) + .png)): null

2018-12-04 12:16:03 - [TEST_STEP][PASSED] - Statement - counter = counter + 1: null

2018-12-04 12:16:03 - [TEST_STEP][PASSED] - Statement - PreSaveFile = new java.io.File(((pathPrefix + java.lang.Integer.toString(counter)) + .png)): null

2018-12-04 12:16:03 - [TEST_STEP][PASSED] - Statement - counter = counter + 1: null

2018-12-04 12:16:03 - [TEST_STEP][PASSED] - Statement - PreSaveFile = new java.io.File(((pathPrefix + java.lang.Integer.toString(counter)) + .png)): null

2018-12-04 12:16:03 - [TEST_STEP][PASSED] - Statement - counter = counter + 1: null

2018-12-04 12:16:03 - [TEST_STEP][PASSED] - Statement - PreSaveFile = new java.io.File(((pathPrefix + java.lang.Integer.toString(counter)) + .png)): null

2018-12-04 12:16:03 - [TEST_STEP][PASSED] - Statement - counter = counter + 1: null

2018-12-04 12:16:03 - [TEST_STEP][PASSED] - Statement - PreSaveFile = new java.io.File(((pathPrefix + java.lang.Integer.toString(counter)) + .png)): null

2018-12-04 12:16:03 - [TEST_STEP][PASSED] - Statement - counter = counter + 1: null

2018-12-04 12:16:06 - [TEST_STEP][PASSED] - Statement - PreSaveFile = new java.io.File(((pathPrefix + java.lang.Integer.toString(counter)) + .png)): null

2018-12-04 12:16:06 - [TEST_STEP][PASSED] - Statement - counter = counter + 1: null

2018-12-04 12:16:06 - [TEST_STEP][PASSED] - Statement - PreSaveFile = new java.io.File(((pathPrefix + java.lang.Integer.toString(counter)) + .png)): null

2018-12-04 12:16:06 - [TEST_STEP][PASSED] - Statement - counter = counter + 1: null

2018-12-04 12:16:06 - [TEST_STEP][PASSED] - Statement - PreSaveFile = new java.io.File(((pathPrefix + java.lang.Integer.toString(counter)) + .png)): null

2018-12-04 12:16:06 - [TEST_STEP][PASSED] - Statement - counter = counter + 1: null

2018-12-04 12:16:06 - [TEST_STEP][PASSED] - Statement - PreSaveFile = new java.io.File(((pathPrefix + java.lang.Integer.toString(counter)) + .png)): null

2018-12-04 12:16:06 - [TEST_STEP][PASSED] - Statement - counter = counter + 1: null

2018-12-04 12:16:06 - [TEST_STEP][PASSED] - Statement - PreSaveFile = new java.io.File(((pathPrefix + java.lang.Integer.toString(counter)) + .png)): null

2018-12-04 12:16:06 - [TEST_STEP][PASSED] - Statement - counter = counter + 1: null

2018-12-04 12:16:08 - [TEST_STEP][PASSED] - Statement - PreSaveFile = new java.io.File(((pathPrefix + java.lang.Integer.toString(counter)) + .png)): null

2018-12-04 12:16:08 - [TEST_STEP][PASSED] - Statement - counter = counter + 1: null

2018-12-04 12:16:08 - [TEST_STEP][PASSED] - Statement - PreSaveFile = new java.io.File(((pathPrefix + java.lang.Integer.toString(counter)) + .png)): null

2018-12-04 12:16:08 - [TEST_STEP][PASSED] - Statement - counter = counter + 1: null

2018-12-04 12:16:08 - [TEST_STEP][PASSED] - Statement - PreSaveFile = new java.io.File(((pathPrefix + java.lang.Integer.toString(counter)) + .png)): null

2018-12-04 12:16:08 - [TEST_STEP][PASSED] - Statement - counter = counter + 1: null

2018-12-04 12:16:08 - [TEST_STEP][PASSED] - Statement - PreSaveFile = new java.io.File(((pathPrefix + java.lang.Integer.toString(counter)) + .png)): null

2018-12-04 12:16:08 - [TEST_STEP][PASSED] - Statement - counter = counter + 1: null

2018-12-04 12:16:08 - [TEST_STEP][PASSED] - Statement - PreSaveFile = new java.io.File(((pathPrefix + java.lang.Integer.toString(counter)) + .png)): null

2018-12-04 12:16:10 - [TEST_STEP][PASSED] - Statement - finalPath = pathPrefix + java.lang.Integer.toString(counter) + ".png": null

2018-12-04 12:16:10 - [TEST_STEP][PASSED] - Statement - SaveFile = new java.io.File(finalPath): null

2018-12-04 12:16:10 - [TEST_STEP][PASSED] - Statement - Try: null

2018-12-04 12:16:10 - [TEST_STEP][PASSED] - Statement - org.apache.commons.io.FileUtils.copyFile(scrFile, SaveFile): null

2018-12-04 12:16:10 - [TEST_STEP][PASSED] - Statement - out.println("file kept"): null

2018-12-04 12:16:10 - [TEST_STEP][PASSED] - delay: Delayed 10 second(s)

2018-12-04 12:16:20 - [MESSAGE][PASSED] - Delayed 10 second(s)

2018-12-04 12:16:20 - [MESSAGE][PASSED] - Call Test Case 'Test Cases/Final Aug 2018 - PKS Automation/Registration Module/New Registration/Submit and Screenshot/Submit Registration and Screenshot' successfully

2018-12-04 12:16:20 - [TEST_STEP][PASSED] - callTestCase: Call Test Case 'Test Cases/Final Aug 2018 - PKS Automation/Registration Module/Log Out/log out avoiding katalon tagging' successfully

2018-12-04 12:16:21 - [TEST_CASE][PASSED] - Test Cases/Final Aug 2018 - PKS Automation/Registration Module/Log Out/log out avoiding katalon tagging: Test Cases/Final Aug 2018 - PKS Automation/Registration Module/Log Out/log out avoiding katalon tagging

2018-12-04 12:16:21 - [TEST_STEP][PASSED] - navigateToUrl: Navigate to 'https://assist2-uat.perkeso.gov.my/c/portal/logout' successfully

2018-12-04 12:16:22 - [MESSAGE][PASSED] - Navigate to 'https://assist2-uat.perkeso.gov.my/c/portal/logout' successfully

2018-12-04 12:16:22 - [MESSAGE][PASSED] - Call Test Case 'Test Cases/Final Aug 2018 - PKS Automation/Registration Module/Log Out/log out avoiding katalon tagging' successfully

2018-12-04 12:16:22 - [TEST_STEP][PASSED] - callTestCase: Call Test Case 'Test Cases/Final Aug 2018 - PKS Automation/Common/Workflow Owner Finder' successfully

2018-12-04 12:16:22 - [TEST_CASE][PASSED] - Test Cases/Final Aug 2018 - PKS Automation/Common/Workflow Owner Finder: Test Cases/Final Aug 2018 - PKS Automation/Common/Workflow Owner Finder

2018-12-04 12:16:22 - [TEST_STEP][PASSED] - openBrowser: Browser is opened with url: ''

2018-12-04 12:16:22 - [MESSAGE][WARNING] - A browser is already opened. Closing browser and opening a new one

2018-12-04 12:16:25 - [MESSAGE][PASSED] - Browser is opened with url: ''

2018-12-04 12:16:25 - [TEST_STEP][PASSED] - navigateToUrl: Navigate to 'https://assist2-uat.perkeso.gov.my/login' successfully

2018-12-04 12:16:26 - [MESSAGE][PASSED] - Navigate to 'https://assist2-uat.perkeso.gov.my/login' successfully

2018-12-04 12:16:26 - [TEST_STEP][PASSED] - delay: Delayed 5 second(s)

2018-12-04 12:16:31 - [MESSAGE][PASSED] - Delayed 5 second(s)

2018-12-04 12:16:31 - [TEST_STEP][PASSED] - setText: Text 'test@liferay.com' is set on object 'Object Repository/Final Object Repo/Login Page/Internal User/Email Address'

2018-12-04 12:16:32 - [MESSAGE][PASSED] - Text 'test@liferay.com' is set on object 'Object Repository/Final Object Repo/Login Page/Internal User/Email Address'

2018-12-04 12:16:32 - [TEST_STEP][PASSED] - click: Object: 'Object Repository/Final Object Repo/Login Page/Internal User/Next Button' is clicked on

2018-12-04 12:16:32 - [MESSAGE][PASSED] - Object: 'Object Repository/Final Object Repo/Login Page/Internal User/Next Button' is clicked on

2018-12-04 12:16:32 - [TEST_STEP][PASSED] - delay: Delayed 2 second(s)

2018-12-04 12:16:34 - [MESSAGE][PASSED] - Delayed 2 second(s)

2018-12-04 12:16:34 - [TEST_STEP][PASSED] - setText: Text 'test' is set on object 'Object Repository/Final Object Repo/Login Page/Internal User/Password'

2018-12-04 12:16:34 - [MESSAGE][PASSED] - Text 'test' is set on object 'Object Repository/Final Object Repo/Login Page/Internal User/Password'

2018-12-04 12:16:34 - [TEST_STEP][PASSED] - delay: Delayed 2 second(s)

2018-12-04 12:16:36 - [MESSAGE][PASSED] - Delayed 2 second(s)

2018-12-04 12:16:36 - [TEST_STEP][PASSED] - click: Object: 'Object Repository/Final Object Repo/Login Page/Internal User/Login Button' is clicked on

2018-12-04 12:16:36 - [MESSAGE][PASSED] - Object: 'Object Repository/Final Object Repo/Login Page/Internal User/Login Button' is clicked on

2018-12-04 12:16:36 - [TEST_STEP][PASSED] - Statement - tester = com.kms.katalon.core.testobject.ObjectRepository.findTestObject(Final Object Repo/Landing Page/Select to English): Finding Test Object with id 'Object Repository/Final Object Repo/Landing Page/Select to English'

2018-12-04 12:16:36 - [TEST_STEP][PASSED] - Statement - Try: Delayed 2 second(s)

2018-12-04 12:16:36 - [TEST_STEP][PASSED] - Statement - Checker = com.kms.katalon.core.webui.keyword.WebUiBuiltInKeywords.verifyElementNotPresent(tester, 3): Web element with id: 'Object Repository/Final Object Repo/Landing Page/Select to English' located by 'By.xpath: //a[@class = 'taglib-language-list-text' and @lang = 'en-US' and (contains(text(), 'EN') or contains(., 'EN'))]' is not present after '3' second(s)

2018-12-04 12:16:38 - [MESSAGE][PASSED] - Web element with id: 'Object Repository/Final Object Repo/Landing Page/Select to English' located by 'By.xpath: //a[@class = 'taglib-language-list-text' and @lang = 'en-US' and (contains(text(), 'EN') or contains(., 'EN'))]' is not present after '3' second(s)

2018-12-04 12:16:38 - [TEST_STEP][PASSED] - Statement - If (Checker == false): null

2018-12-04 12:16:38 - [TEST_STEP][PASSED] - delay: Delayed 2 second(s)

2018-12-04 12:16:40 - [MESSAGE][PASSED] - Delayed 2 second(s)

2018-12-04 12:16:40 - [TEST_STEP][PASSED] - delay: Delayed 5 second(s)

2018-12-04 12:16:45 - [MESSAGE][PASSED] - Delayed 5 second(s)

2018-12-04 12:16:45 - [TEST_STEP][PASSED] - mouseOver: Object: 'Object Repository/Final Object Repo/Landing Page/WorkFlow Menu' is hovered

2018-12-04 12:16:45 - [MESSAGE][PASSED] - Object: 'Object Repository/Final Object Repo/Landing Page/WorkFlow Menu' is hovered

2018-12-04 12:16:45 - [TEST_STEP][PASSED] - delay: Delayed 2 second(s)

2018-12-04 12:16:47 - [MESSAGE][PASSED] - Delayed 2 second(s)

2018-12-04 12:16:47 - [TEST_STEP][PASSED] - click: Object: 'Object Repository/Final Object Repo/Landing Page/Select to Workflow Listing' is clicked on

2018-12-04 12:16:48 - [MESSAGE][PASSED] - Object: 'Object Repository/Final Object Repo/Landing Page/Select to Workflow Listing' is clicked on

2018-12-04 12:16:48 - [TEST_STEP][PASSED] - delay: Delayed 2 second(s)

2018-12-04 12:16:50 - [MESSAGE][PASSED] - Delayed 2 second(s)

2018-12-04 12:16:50 - [TEST_STEP][PASSED] - click: Object: 'Object Repository/Final Object Repo/WorkFlow Listing Page/Search Information - To Put Ref No' is clicked on

2018-12-04 12:16:51 - [MESSAGE][PASSED] - Object: 'Object Repository/Final Object Repo/WorkFlow Listing Page/Search Information - To Put Ref No' is clicked on

2018-12-04 12:16:51 - [TEST_STEP][PASSED] - delay: Delayed 2 second(s)

2018-12-04 12:16:53 - [MESSAGE][PASSED] - Delayed 2 second(s)

2018-12-04 12:16:53 - [TEST_STEP][PASSED] - callTestCase: Call Test Case 'Test Cases/Final Aug 2018 - PKS Automation/Common/Reference Number Getter' successfully

2018-12-04 12:16:53 - [TEST_CASE][PASSED] - Test Cases/Final Aug 2018 - PKS Automation/Common/Reference Number Getter: Test Cases/Final Aug 2018 - PKS Automation/Common/Reference Number Getter

2018-12-04 12:16:53 - [TEST_STEP][PASSED] - Statement - Try: null

2018-12-04 12:16:53 - [TEST_STEP][PASSED] - Statement - RefNo = new java.io.File(C://Users//Admin//Desktop//PKS//Automation Reference Point//KatalonReference.txt): null

2018-12-04 12:16:53 - [TEST_STEP][PASSED] - Statement - bufferread = new java.io.BufferedReader(new java.io.FileReader(RefNo)): null

2018-12-04 12:16:53 - [TEST_STEP][PASSED] - Statement - readedVal = bufferread.readLine(): null

2018-12-04 12:16:53 - [TEST_STEP][PASSED] - Statement - out.println(CaseReferenceNo): null

2018-12-04 12:16:53 - [TEST_STEP][PASSED] - Statement - out.println(readedVal): null

2018-12-04 12:16:53 - [TEST_STEP][PASSED] - Statement - CaseReferenceNo = "": null

2018-12-04 12:16:53 - [TEST_STEP][PASSED] - Statement - CaseReferenceNo = readedVal: null

2018-12-04 12:16:53 - [MESSAGE][PASSED] - Call Test Case 'Test Cases/Final Aug 2018 - PKS Automation/Common/Reference Number Getter' successfully

2018-12-04 12:16:53 - [TEST_STEP][PASSED] - setText: Text 'CRN12201800122974' is set on object 'Object Repository/Final Object Repo/WorkFlow Listing Page/Ref No Set Text'

2018-12-04 12:16:53 - [MESSAGE][PASSED] - Text 'CRN12201800122974' is set on object 'Object Repository/Final Object Repo/WorkFlow Listing Page/Ref No Set Text'

2018-12-04 12:16:53 - [TEST_STEP][PASSED] - delay: Delayed 2 second(s)

2018-12-04 12:16:55 - [MESSAGE][PASSED] - Delayed 2 second(s)

2018-12-04 12:16:55 - [TEST_STEP][PASSED] - click: Object: 'Object Repository/Final Object Repo/WorkFlow Listing Page/Search Ref No Search Button' is clicked on

2018-12-04 12:16:55 - [MESSAGE][PASSED] - Object: 'Object Repository/Final Object Repo/WorkFlow Listing Page/Search Ref No Search Button' is clicked on

2018-12-04 12:16:55 - [TEST_STEP][PASSED] - delay: Delayed 6 second(s)

2018-12-04 12:17:01 - [MESSAGE][PASSED] - Delayed 6 second(s)

2018-12-04 12:17:01 - [TEST_STEP][PASSED] - click: Object: 'Object Repository/Final Object Repo/WorkFlow Listing Page/Click Continue Tooltip' is clicked on

2018-12-04 12:17:02 - [MESSAGE][PASSED] - Object: 'Object Repository/Final Object Repo/WorkFlow Listing Page/Click Continue Tooltip' is clicked on

2018-12-04 12:17:02 - [TEST_STEP][PASSED] - delay: Delayed 5 second(s)

2018-12-04 12:17:07 - [MESSAGE][PASSED] - Delayed 5 second(s)

2018-12-04 12:17:07 - [TEST_STEP][PASSED] - doubleClick: Object: 'Object Repository/Final Object Repo/WorkFlow Listing Page/Workflow Found - Listing 1' is double clicked on

2018-12-04 12:17:08 - [MESSAGE][PASSED] - Object: 'Object Repository/Final Object Repo/WorkFlow Listing Page/Workflow Found - Listing 1' is double clicked on

2018-12-04 12:17:08 - [TEST_STEP][PASSED] - Statement - println(OwnerID): null

2018-12-04 12:17:08 - [TEST_STEP][PASSED] - Statement - OwnerID = com.kms.katalon.core.webui.keyword.WebUiBuiltInKeywords.getText(com.kms.katalon.core.testobject.ObjectRepository.findTestObject(Final Object Repo/WorkFlow Listing Page/Workflow Found - Listing 1), STOP_ON_FAILURE): Text of object 'Object Repository/Final Object Repo/WorkFlow Listing Page/Workflow Found - Listing 1' is: 'KLpkrbo2'

2018-12-04 12:17:08 - [MESSAGE][PASSED] - Text of object 'Object Repository/Final Object Repo/WorkFlow Listing Page/Workflow Found - Listing 1' is: 'KLpkrbo2'

2018-12-04 12:17:08 - [TEST_STEP][PASSED] - Statement - OwnerID = OwnerID.toLowerCase() + "@gmail.com": null

2018-12-04 12:17:08 - [TEST_STEP][PASSED] - Statement - println(OwnerID): null

2018-12-04 12:17:08 - [TEST_STEP][PASSED] - delay: Delayed 2 second(s)

2018-12-04 12:17:10 - [MESSAGE][PASSED] - Delayed 2 second(s)

2018-12-04 12:17:10 - [MESSAGE][PASSED] - Call Test Case 'Test Cases/Final Aug 2018 - PKS Automation/Common/Workflow Owner Finder' successfully

2018-12-04 12:17:10 - [TEST_STEP][PASSED] - callTestCase: Call Test Case 'Test Cases/Final Aug 2018 - PKS Automation/Registration Module/Log Out/log out avoiding katalon tagging' successfully

2018-12-04 12:17:10 - [TEST_CASE][PASSED] - Test Cases/Final Aug 2018 - PKS Automation/Registration Module/Log Out/log out avoiding katalon tagging: Test Cases/Final Aug 2018 - PKS Automation/Registration Module/Log Out/log out avoiding katalon tagging

2018-12-04 12:17:10 - [TEST_STEP][PASSED] - navigateToUrl: Navigate to 'https://assist2-uat.perkeso.gov.my/c/portal/logout' successfully

2018-12-04 12:17:11 - [MESSAGE][PASSED] - Navigate to 'https://assist2-uat.perkeso.gov.my/c/portal/logout' successfully

2018-12-04 12:17:11 - [MESSAGE][PASSED] - Call Test Case 'Test Cases/Final Aug 2018 - PKS Automation/Registration Module/Log Out/log out avoiding katalon tagging' successfully

2018-12-04 12:17:11 - [TEST_STEP][PASSED] - delay: Delayed 2 second(s)

2018-12-04 12:17:13 - [MESSAGE][PASSED] - Delayed 2 second(s)

2018-12-04 12:17:13 - [TEST_STEP][PASSED] - setText: Text 'klpkrbo2@gmail.com' is set on object 'Object Repository/Final Object Repo/New Registration - Registration Module Pages/New Reg - OTC to RO/Special Case - All Related Objects/Email TextBox'

2018-12-04 12:17:13 - [MESSAGE][PASSED] - Text 'klpkrbo2@gmail.com' is set on object 'Object Repository/Final Object Repo/New Registration - Registration Module Pages/New Reg - OTC to RO/Special Case - All Related Objects/Email TextBox'

2018-12-04 12:17:13 - [TEST_STEP][PASSED] - click: Object: 'Object Repository/Final Object Repo/New Registration - Registration Module Pages/New Reg - OTC to RO/Special Case - All Related Objects/Next Button' is clicked on

2018-12-04 12:17:13 - [MESSAGE][PASSED] - Object: 'Object Repository/Final Object Repo/New Registration - Registration Module Pages/New Reg - OTC to RO/Special Case - All Related Objects/Next Button' is clicked on

2018-12-04 12:17:13 - [TEST_STEP][PASSED] - delay: Delayed 2 second(s)

2018-12-04 12:17:15 - [MESSAGE][PASSED] - Delayed 2 second(s)

2018-12-04 12:17:15 - [TEST_STEP][PASSED] - setText: Text 'Test1@3456789' is set on object 'Object Repository/Final Object Repo/New Registration - Registration Module Pages/New Reg - OTC to RO/Special Case - All Related Objects/Password TextBox'

2018-12-04 12:17:16 - [MESSAGE][PASSED] - Text 'Test1@3456789' is set on object 'Object Repository/Final Object Repo/New Registration - Registration Module Pages/New Reg - OTC to RO/Special Case - All Related Objects/Password TextBox'

2018-12-04 12:17:16 - [TEST_STEP][PASSED] - delay: Delayed 2 second(s)

2018-12-04 12:17:18 - [MESSAGE][PASSED] - Delayed 2 second(s)

2018-12-04 12:17:18 - [TEST_STEP][PASSED] - click: Object: 'Object Repository/Final Object Repo/New Registration - Registration Module Pages/New Reg - OTC to RO/Special Case - All Related Objects/Login Button' is clicked on

2018-12-04 12:17:18 - [MESSAGE][PASSED] - Object: 'Object Repository/Final Object Repo/New Registration - Registration Module Pages/New Reg - OTC to RO/Special Case - All Related Objects/Login Button' is clicked on

2018-12-04 12:17:18 - [TEST_STEP][PASSED] - delay: Delayed 2 second(s)

2018-12-04 12:17:20 - [MESSAGE][PASSED] - Delayed 2 second(s)

2018-12-04 12:17:20 - [TEST_STEP][PASSED] - Statement - Try: null

2018-12-04 12:17:20 - [TEST_STEP][PASSED] - Statement - Checker = com.kms.katalon.core.webui.keyword.WebUiBuiltInKeywords.verifyElementNotPresent("Final Object Repo/Landing Page/Select to English", 3): null

2018-12-04 12:17:20 - [TEST_STEP][PASSED] - Statement - Catch (Exception e): null

2018-12-04 12:17:20 - [TEST_STEP][PASSED] - Statement - e.printStackTrace(): null

2018-12-04 12:17:20 - [TEST_STEP][PASSED] - click: Object: 'Object Repository/Final Object Repo/New Registration - Registration Module Pages/New Reg - OTC to RO/Special Case - All Related Objects/Expand to Search' is clicked on

2018-12-04 12:17:20 - [MESSAGE][PASSED] - Object: 'Object Repository/Final Object Repo/New Registration - Registration Module Pages/New Reg - OTC to RO/Special Case - All Related Objects/Expand to Search' is clicked on

2018-12-04 12:17:20 - [TEST_STEP][PASSED] - setText: Text 'CRN12201800122974' is set on object 'Object Repository/Final Object Repo/New Registration - Registration Module Pages/New Reg - OTC to RO/Special Case - All Related Objects/TextBox RefNo in Workbasket'

2018-12-04 12:17:21 - [MESSAGE][PASSED] - Text 'CRN12201800122974' is set on object 'Object Repository/Final Object Repo/New Registration - Registration Module Pages/New Reg - OTC to RO/Special Case - All Related Objects/TextBox RefNo in Workbasket'

2018-12-04 12:17:21 - [TEST_STEP][PASSED] - delay: Delayed 2 second(s)

2018-12-04 12:17:23 - [MESSAGE][PASSED] - Delayed 2 second(s)

2018-12-04 12:17:23 - [TEST_STEP][PASSED] - click: Object: 'Object Repository/Final Object Repo/New Registration - Registration Module Pages/New Reg - OTC to RO/Special Case - All Related Objects/Click Search' is clicked on

2018-12-04 12:17:23 - [MESSAGE][PASSED] - Object: 'Object Repository/Final Object Repo/New Registration - Registration Module Pages/New Reg - OTC to RO/Special Case - All Related Objects/Click Search' is clicked on

2018-12-04 12:17:23 - [TEST_STEP][PASSED] - delay: Delayed 2 second(s)

2018-12-04 12:17:25 - [MESSAGE][PASSED] - Delayed 2 second(s)

2018-12-04 12:17:25 - [TEST_STEP][PASSED] - click: Object: 'Object Repository/Final Object Repo/New Registration - Registration Module Pages/New Reg - OTC to RO/Special Case - All Related Objects/Click to Continue Workflow' is clicked on

2018-12-04 12:17:27 - [MESSAGE][PASSED] - Object: 'Object Repository/Final Object Repo/New Registration - Registration Module Pages/New Reg - OTC to RO/Special Case - All Related Objects/Click to Continue Workflow' is clicked on

2018-12-04 12:17:27 - [TEST_STEP][PASSED] - delay: Delayed 2 second(s)

2018-12-04 12:17:29 - [MESSAGE][PASSED] - Delayed 2 second(s)

2018-12-04 12:17:29 - [TEST_STEP][PASSED] - click: Object: 'Object Repository/Final Object Repo/New Registration - Registration Module Pages/New Reg - OTC to RO/Special Case - All Related Objects/Form 1 Save n Continue' is clicked on

2018-12-04 12:17:29 - [MESSAGE][PASSED] - Object: 'Object Repository/Final Object Repo/New Registration - Registration Module Pages/New Reg - OTC to RO/Special Case - All Related Objects/Form 1 Save n Continue' is clicked on

2018-12-04 12:17:29 - [TEST_STEP][PASSED] - delay: Delayed 5 second(s)

2018-12-04 12:17:34 - [MESSAGE][PASSED] - Delayed 5 second(s)

2018-12-04 12:17:34 - [TEST_STEP][PASSED] - click: Object: 'Object Repository/Final Object Repo/New Registration - Registration Module Pages/New Reg - OTC to RO/Special Case - OTC - Form 1/Confirm No Flagging as Branch' is clicked on

2018-12-04 12:17:34 - [MESSAGE][PASSED] - Object: 'Object Repository/Final Object Repo/New Registration - Registration Module Pages/New Reg - OTC to RO/Special Case - OTC - Form 1/Confirm No Flagging as Branch' is clicked on

2018-12-04 12:17:34 - [TEST_STEP][PASSED] - delay: Delayed 2 second(s)

2018-12-04 12:17:36 - [MESSAGE][PASSED] - Delayed 2 second(s)

2018-12-04 12:17:36 - [TEST_STEP][PASSED] - click: Object: 'Object Repository/Final Object Repo/New Registration - Registration Module Pages/New Reg - OTC to RO/Special Case - All Related Objects/Form 2 Save n Continue' is clicked on

2018-12-04 12:17:36 - [MESSAGE][PASSED] - Object: 'Object Repository/Final Object Repo/New Registration - Registration Module Pages/New Reg - OTC to RO/Special Case - All Related Objects/Form 2 Save n Continue' is clicked on

2018-12-04 12:17:36 - [TEST_STEP][PASSED] - delay: Delayed 2 second(s)

2018-12-04 12:17:38 - [MESSAGE][PASSED] - Delayed 2 second(s)

2018-12-04 12:17:38 - [TEST_STEP][PASSED] - click: Object: 'Object Repository/Final Object Repo/New Registration - Registration Module Pages/New Reg - OTC to RO/Special Case - All Related Objects/Third Screen Save n Continue' is clicked on

2018-12-04 12:17:44 - [MESSAGE][PASSED] - Object: 'Object Repository/Final Object Repo/New Registration - Registration Module Pages/New Reg - OTC to RO/Special Case - All Related Objects/Third Screen Save n Continue' is clicked on

2018-12-04 12:17:44 - [TEST_STEP][PASSED] - delay: Delayed 5 second(s)

2018-12-04 12:17:49 - [MESSAGE][PASSED] - Delayed 5 second(s)

2018-12-04 12:17:49 - [TEST_STEP][PASSED] - click: Object: 'Object Repository/Final Object Repo/New Registration - Registration Module Pages/New Reg - OTC to RO/Special Case - All Related Objects/Upload Doc Page Save n Continue' is clicked on

2018-12-04 12:17:49 - [MESSAGE][PASSED] - Object: 'Object Repository/Final Object Repo/New Registration - Registration Module Pages/New Reg - OTC to RO/Special Case - All Related Objects/Upload Doc Page Save n Continue' is clicked on

2018-12-04 12:17:49 - [TEST_STEP][PASSED] - callTestCase: Call Test Case 'Test Cases/Final Aug 2018 - PKS Automation/Registration Module/New Registration/Submit and Screenshot/Submit Registration and Screenshot' successfully

2018-12-04 12:17:49 - [TEST_CASE][PASSED] - Test Cases/Final Aug 2018 - PKS Automation/Registration Module/New Registration/Submit and Screenshot/Submit Registration and Screenshot: Test Cases/Final Aug 2018 - PKS Automation/Registration Module/New Registration/Submit and Screenshot/Submit Registration and Screenshot

2018-12-04 12:17:49 - [TEST_STEP][PASSED] - delay: Delayed 6 second(s)

2018-12-04 12:17:55 - [MESSAGE][PASSED] - Delayed 6 second(s)

2018-12-04 12:17:55 - [TEST_STEP][PASSED] - click: Object: 'Object Repository/Final Object Repo/New Registration - Registration Module Pages/Third Screen - Upload Supporting Doc- Preview/Preview Submit Button' is clicked on

2018-12-04 12:17:55 - [MESSAGE][PASSED] - Object: 'Object Repository/Final Object Repo/New Registration - Registration Module Pages/Third Screen - Upload Supporting Doc- Preview/Preview Submit Button' is clicked on

2018-12-04 12:17:55 - [TEST_STEP][PASSED] - delay: Delayed 2 second(s)

2018-12-04 12:17:57 - [MESSAGE][PASSED] - Delayed 2 second(s)

2018-12-04 12:17:57 - [TEST_STEP][PASSED] - click: Object: 'Object Repository/Final Object Repo/New Registration - Registration Module Pages/Third Screen - Upload Supporting Doc- Preview/Preview Submit - Confirm' is clicked on

2018-12-04 12:17:58 - [MESSAGE][PASSED] - Object: 'Object Repository/Final Object Repo/New Registration - Registration Module Pages/Third Screen - Upload Supporting Doc- Preview/Preview Submit - Confirm' is clicked on

2018-12-04 12:17:58 - [TEST_STEP][PASSED] - delay: Delayed 15 second(s)

2018-12-04 12:18:13 - [MESSAGE][PASSED] - Delayed 15 second(s)

2018-12-04 12:18:13 - [TEST_STEP][PASSED] - Statement - driver = com.kms.katalon.core.webui.driver.DriverFactory.getWebDriver(): null

2018-12-04 12:18:13 - [TEST_STEP][PASSED] - Statement - driver.manage().timeouts().implicitlyWait(10, SECONDS): null

2018-12-04 12:18:13 - [TEST_STEP][PASSED] - Statement - PresavePath = KatalonScreenshots: null

2018-12-04 12:18:13 - [TEST_STEP][PASSED] - Statement - pathPrefix = "C:\Users\Public\Pictures\Sample Pictures\Katalon Screenshots\Automate Ending Screen": null

2018-12-04 12:18:13 - [TEST_STEP][PASSED] - Statement - finalPath = <not implemented yet for class: org.codehaus.groovy.ast.expr.EmptyExpression>: null

2018-12-04 12:18:13 - [TEST_STEP][PASSED] - Statement - scrFile = driver.getScreenshotAs(FILE): null

2018-12-04 12:18:13 - [TEST_STEP][PASSED] - Statement - PreSaveFile = new java.io.File(PresavePath): null

2018-12-04 12:18:13 - [TEST_STEP][PASSED] - Statement - counter = 0: null

2018-12-04 12:18:13 - [TEST_STEP][PASSED] - Statement - If (PreSaveFile.exists()): null

2018-12-04 12:18:13 - [TEST_STEP][PASSED] - Statement - While (PreSaveFile.exists()): null

2018-12-04 12:18:13 - [TEST_STEP][PASSED] - Statement - counter = counter + 1: null

2018-12-04 12:18:13 - [TEST_STEP][PASSED] - Statement - PreSaveFile = new java.io.File(((pathPrefix + java.lang.Integer.toString(counter)) + .png)): null

2018-12-04 12:18:13 - [TEST_STEP][PASSED] - Statement - counter = counter + 1: null

2018-12-04 12:18:13 - [TEST_STEP][PASSED] - Statement - PreSaveFile = new java.io.File(((pathPrefix + java.lang.Integer.toString(counter)) + .png)): null

2018-12-04 12:18:13 - [TEST_STEP][PASSED] - Statement - counter = counter + 1: null

2018-12-04 12:18:13 - [TEST_STEP][PASSED] - Statement - PreSaveFile = new java.io.File(((pathPrefix + java.lang.Integer.toString(counter)) + .png)): null

2018-12-04 12:18:13 - [TEST_STEP][PASSED] - Statement - counter = counter + 1: null

2018-12-04 12:18:13 - [TEST_STEP][PASSED] - Statement - PreSaveFile = new java.io.File(((pathPrefix + java.lang.Integer.toString(counter)) + .png)): null

2018-12-04 12:18:13 - [TEST_STEP][PASSED] - Statement - counter = counter + 1: null

2018-12-04 12:18:13 - [TEST_STEP][PASSED] - Statement - PreSaveFile = new java.io.File(((pathPrefix + java.lang.Integer.toString(counter)) + .png)): null

2018-12-04 12:18:13 - [TEST_STEP][PASSED] - Statement - counter = counter + 1: null

2018-12-04 12:18:13 - [TEST_STEP][PASSED] - Statement - PreSaveFile = new java.io.File(((pathPrefix + java.lang.Integer.toString(counter)) + .png)): null

2018-12-04 12:18:13 - [TEST_STEP][PASSED] - Statement - counter = counter + 1: null

2018-12-04 12:18:13 - [TEST_STEP][PASSED] - Statement - PreSaveFile = new java.io.File(((pathPrefix + java.lang.Integer.toString(counter)) + .png)): null

2018-12-04 12:18:13 - [TEST_STEP][PASSED] - Statement - counter = counter + 1: null

2018-12-04 12:18:14 - [TEST_STEP][PASSED] - Statement - PreSaveFile = new java.io.File(((pathPrefix + java.lang.Integer.toString(counter)) + .png)): null

2018-12-04 12:18:14 - [TEST_STEP][PASSED] - Statement - counter = counter + 1: null

2018-12-04 12:18:14 - [TEST_STEP][PASSED] - Statement - PreSaveFile = new java.io.File(((pathPrefix + java.lang.Integer.toString(counter)) + .png)): null

2018-12-04 12:18:14 - [TEST_STEP][PASSED] - Statement - counter = counter + 1: null

2018-12-04 12:18:14 - [TEST_STEP][PASSED] - Statement - PreSaveFile = new java.io.File(((pathPrefix + java.lang.Integer.toString(counter)) + .png)): null

2018-12-04 12:18:14 - [TEST_STEP][PASSED] - Statement - counter = counter + 1: null

2018-12-04 12:18:14 - [TEST_STEP][PASSED] - Statement - PreSaveFile = new java.io.File(((pathPrefix + java.lang.Integer.toString(counter)) + .png)): null

2018-12-04 12:18:14 - [TEST_STEP][PASSED] - Statement - counter = counter + 1: null

2018-12-04 12:18:14 - [TEST_STEP][PASSED] - Statement - PreSaveFile = new java.io.File(((pathPrefix + java.lang.Integer.toString(counter)) + .png)): null

2018-12-04 12:18:14 - [TEST_STEP][PASSED] - Statement - counter = counter + 1: null

2018-12-04 12:18:14 - [TEST_STEP][PASSED] - Statement - PreSaveFile = new java.io.File(((pathPrefix + java.lang.Integer.toString(counter)) + .png)): null

2018-12-04 12:18:14 - [TEST_STEP][PASSED] - Statement - counter = counter + 1: null

2018-12-04 12:18:14 - [TEST_STEP][PASSED] - Statement - PreSaveFile = new java.io.File(((pathPrefix + java.lang.Integer.toString(counter)) + .png)): null

2018-12-04 12:18:14 - [TEST_STEP][PASSED] - Statement - counter = counter + 1: null

2018-12-04 12:18:14 - [TEST_STEP][PASSED] - Statement - PreSaveFile = new java.io.File(((pathPrefix + java.lang.Integer.toString(counter)) + .png)): null

2018-12-04 12:18:14 - [TEST_STEP][PASSED] - Statement - counter = counter + 1: null

2018-12-04 12:18:14 - [TEST_STEP][PASSED] - Statement - PreSaveFile = new java.io.File(((pathPrefix + java.lang.Integer.toString(counter)) + .png)): null

2018-12-04 12:18:14 - [TEST_STEP][PASSED] - Statement - counter = counter + 1: null

2018-12-04 12:18:14 - [TEST_STEP][PASSED] - Statement - PreSaveFile = new java.io.File(((pathPrefix + java.lang.Integer.toString(counter)) + .png)): null

2018-12-04 12:18:15 - [TEST_STEP][PASSED] - Statement - counter = counter + 1: null

2018-12-04 12:18:15 - [TEST_STEP][PASSED] - Statement - PreSaveFile = new java.io.File(((pathPrefix + java.lang.Integer.toString(counter)) + .png)): null

2018-12-04 12:18:15 - [TEST_STEP][PASSED] - Statement - counter = counter + 1: null

2018-12-04 12:18:16 - [TEST_STEP][PASSED] - Statement - PreSaveFile = new java.io.File(((pathPrefix + java.lang.Integer.toString(counter)) + .png)): null

2018-12-04 12:18:16 - [TEST_STEP][PASSED] - Statement - counter = counter + 1: null

2018-12-04 12:18:16 - [TEST_STEP][PASSED] - Statement - PreSaveFile = new java.io.File(((pathPrefix + java.lang.Integer.toString(counter)) + .png)): null

2018-12-04 12:18:16 - [TEST_STEP][PASSED] - Statement - counter = counter + 1: null

2018-12-04 12:18:16 - [TEST_STEP][PASSED] - Statement - PreSaveFile = new java.io.File(((pathPrefix + java.lang.Integer.toString(counter)) + .png)): null

2018-12-04 12:18:16 - [TEST_STEP][PASSED] - Statement - counter = counter + 1: null

2018-12-04 12:18:16 - [TEST_STEP][PASSED] - Statement - PreSaveFile = new java.io.File(((pathPrefix + java.lang.Integer.toString(counter)) + .png)): null

2018-12-04 12:18:16 - [TEST_STEP][PASSED] - Statement - counter = counter + 1: null

2018-12-04 12:18:16 - [TEST_STEP][PASSED] - Statement - PreSaveFile = new java.io.File(((pathPrefix + java.lang.Integer.toString(counter)) + .png)): null

2018-12-04 12:18:16 - [TEST_STEP][PASSED] - Statement - counter = counter + 1: null

2018-12-04 12:18:17 - [TEST_STEP][PASSED] - Statement - PreSaveFile = new java.io.File(((pathPrefix + java.lang.Integer.toString(counter)) + .png)): null

2018-12-04 12:18:17 - [TEST_STEP][PASSED] - Statement - counter = counter + 1: null

2018-12-04 12:18:17 - [TEST_STEP][PASSED] - Statement - PreSaveFile = new java.io.File(((pathPrefix + java.lang.Integer.toString(counter)) + .png)): null

2018-12-04 12:18:17 - [TEST_STEP][PASSED] - Statement - counter = counter + 1: null

2018-12-04 12:18:17 - [TEST_STEP][PASSED] - Statement - PreSaveFile = new java.io.File(((pathPrefix + java.lang.Integer.toString(counter)) + .png)): null

2018-12-04 12:18:17 - [TEST_STEP][PASSED] - Statement - counter = counter + 1: null

2018-12-04 12:18:17 - [TEST_STEP][PASSED] - Statement - PreSaveFile = new java.io.File(((pathPrefix + java.lang.Integer.toString(counter)) + .png)): null

2018-12-04 12:18:17 - [TEST_STEP][PASSED] - Statement - counter = counter + 1: null

2018-12-04 12:18:17 - [TEST_STEP][PASSED] - Statement - PreSaveFile = new java.io.File(((pathPrefix + java.lang.Integer.toString(counter)) + .png)): null

2018-12-04 12:18:18 - [TEST_STEP][PASSED] - Statement - counter = counter + 1: null

2018-12-04 12:18:18 - [TEST_STEP][PASSED] - Statement - PreSaveFile = new java.io.File(((pathPrefix + java.lang.Integer.toString(counter)) + .png)): null

2018-12-04 12:18:18 - [TEST_STEP][PASSED] - Statement - counter = counter + 1: null

2018-12-04 12:18:18 - [TEST_STEP][PASSED] - Statement - PreSaveFile = new java.io.File(((pathPrefix + java.lang.Integer.toString(counter)) + .png)): null

2018-12-04 12:18:18 - [TEST_STEP][PASSED] - Statement - counter = counter + 1: null

2018-12-04 12:18:18 - [TEST_STEP][PASSED] - Statement - PreSaveFile = new java.io.File(((pathPrefix + java.lang.Integer.toString(counter)) + .png)): null

2018-12-04 12:18:18 - [TEST_STEP][PASSED] - Statement - counter = counter + 1: null

2018-12-04 12:18:18 - [TEST_STEP][PASSED] - Statement - PreSaveFile = new java.io.File(((pathPrefix + java.lang.Integer.toString(counter)) + .png)): null

2018-12-04 12:18:18 - [TEST_STEP][PASSED] - Statement - counter = counter + 1: null

2018-12-04 12:18:20 - [TEST_STEP][PASSED] - Statement - PreSaveFile = new java.io.File(((pathPrefix + java.lang.Integer.toString(counter)) + .png)): null

2018-12-04 12:18:20 - [TEST_STEP][PASSED] - Statement - counter = counter + 1: null

2018-12-04 12:18:20 - [TEST_STEP][PASSED] - Statement - PreSaveFile = new java.io.File(((pathPrefix + java.lang.Integer.toString(counter)) + .png)): null

2018-12-04 12:18:20 - [TEST_STEP][PASSED] - Statement - counter = counter + 1: null

2018-12-04 12:18:20 - [TEST_STEP][PASSED] - Statement - PreSaveFile = new java.io.File(((pathPrefix + java.lang.Integer.toString(counter)) + .png)): null

2018-12-04 12:18:20 - [TEST_STEP][PASSED] - Statement - counter = counter + 1: null

2018-12-04 12:18:20 - [TEST_STEP][PASSED] - Statement - PreSaveFile = new java.io.File(((pathPrefix + java.lang.Integer.toString(counter)) + .png)): null

2018-12-04 12:18:20 - [TEST_STEP][PASSED] - Statement - counter = counter + 1: null

2018-12-04 12:18:20 - [TEST_STEP][PASSED] - Statement - PreSaveFile = new java.io.File(((pathPrefix + java.lang.Integer.toString(counter)) + .png)): null

2018-12-04 12:18:20 - [TEST_STEP][PASSED] - Statement - counter = counter + 1: null

2018-12-04 12:18:21 - [TEST_STEP][PASSED] - Statement - PreSaveFile = new java.io.File(((pathPrefix + java.lang.Integer.toString(counter)) + .png)): null

2018-12-04 12:18:21 - [TEST_STEP][PASSED] - Statement - counter = counter + 1: null

2018-12-04 12:18:21 - [TEST_STEP][PASSED] - Statement - PreSaveFile = new java.io.File(((pathPrefix + java.lang.Integer.toString(counter)) + .png)): null

2018-12-04 12:18:21 - [TEST_STEP][PASSED] - Statement - counter = counter + 1: null

2018-12-04 12:18:21 - [TEST_STEP][PASSED] - Statement - PreSaveFile = new java.io.File(((pathPrefix + java.lang.Integer.toString(counter)) + .png)): null

2018-12-04 12:18:21 - [TEST_STEP][PASSED] - Statement - counter = counter + 1: null

2018-12-04 12:18:21 - [TEST_STEP][PASSED] - Statement - PreSaveFile = new java.io.File(((pathPrefix + java.lang.Integer.toString(counter)) + .png)): null

2018-12-04 12:18:21 - [TEST_STEP][PASSED] - Statement - counter = counter + 1: null

2018-12-04 12:18:21 - [TEST_STEP][PASSED] - Statement - PreSaveFile = new java.io.File(((pathPrefix + java.lang.Integer.toString(counter)) + .png)): null

2018-12-04 12:18:21 - [TEST_STEP][PASSED] - Statement - counter = counter + 1: null

2018-12-04 12:18:22 - [TEST_STEP][PASSED] - Statement - PreSaveFile = new java.io.File(((pathPrefix + java.lang.Integer.toString(counter)) + .png)): null

2018-12-04 12:18:22 - [TEST_STEP][PASSED] - Statement - counter = counter + 1: null

2018-12-04 12:18:22 - [TEST_STEP][PASSED] - Statement - PreSaveFile = new java.io.File(((pathPrefix + java.lang.Integer.toString(counter)) + .png)): null

2018-12-04 12:18:22 - [TEST_STEP][PASSED] - Statement - counter = counter + 1: null

2018-12-04 12:18:22 - [TEST_STEP][PASSED] - Statement - PreSaveFile = new java.io.File(((pathPrefix + java.lang.Integer.toString(counter)) + .png)): null

2018-12-04 12:18:22 - [TEST_STEP][PASSED] - Statement - counter = counter + 1: null

2018-12-04 12:18:22 - [TEST_STEP][PASSED] - Statement - PreSaveFile = new java.io.File(((pathPrefix + java.lang.Integer.toString(counter)) + .png)): null

2018-12-04 12:18:22 - [TEST_STEP][PASSED] - Statement - counter = counter + 1: null

2018-12-04 12:18:22 - [TEST_STEP][PASSED] - Statement - PreSaveFile = new java.io.File(((pathPrefix + java.lang.Integer.toString(counter)) + .png)): null

2018-12-04 12:18:23 - [TEST_STEP][PASSED] - Statement - counter = counter + 1: null

2018-12-04 12:18:23 - [TEST_STEP][PASSED] - Statement - PreSaveFile = new java.io.File(((pathPrefix + java.lang.Integer.toString(counter)) + .png)): null

2018-12-04 12:18:23 - [TEST_STEP][PASSED] - Statement - counter = counter + 1: null

2018-12-04 12:18:23 - [TEST_STEP][PASSED] - Statement - PreSaveFile = new java.io.File(((pathPrefix + java.lang.Integer.toString(counter)) + .png)): null

2018-12-04 12:18:23 - [TEST_STEP][PASSED] - Statement - counter = counter + 1: null

2018-12-04 12:18:23 - [TEST_STEP][PASSED] - Statement - PreSaveFile = new java.io.File(((pathPrefix + java.lang.Integer.toString(counter)) + .png)): null

2018-12-04 12:18:23 - [TEST_STEP][PASSED] - Statement - counter = counter + 1: null

2018-12-04 12:18:23 - [TEST_STEP][PASSED] - Statement - PreSaveFile = new java.io.File(((pathPrefix + java.lang.Integer.toString(counter)) + .png)): null

2018-12-04 12:18:23 - [TEST_STEP][PASSED] - Statement - counter = counter + 1: null

2018-12-04 12:18:24 - [TEST_STEP][PASSED] - Statement - PreSaveFile = new java.io.File(((pathPrefix + java.lang.Integer.toString(counter)) + .png)): null

2018-12-04 12:18:24 - [TEST_STEP][PASSED] - Statement - counter = counter + 1: null

2018-12-04 12:18:24 - [TEST_STEP][PASSED] - Statement - PreSaveFile = new java.io.File(((pathPrefix + java.lang.Integer.toString(counter)) + .png)): null

2018-12-04 12:18:24 - [TEST_STEP][PASSED] - Statement - counter = counter + 1: null

2018-12-04 12:18:24 - [TEST_STEP][PASSED] - Statement - PreSaveFile = new java.io.File(((pathPrefix + java.lang.Integer.toString(counter)) + .png)): null

2018-12-04 12:18:24 - [TEST_STEP][PASSED] - Statement - counter = counter + 1: null

2018-12-04 12:18:24 - [TEST_STEP][PASSED] - Statement - PreSaveFile = new java.io.File(((pathPrefix + java.lang.Integer.toString(counter)) + .png)): null

2018-12-04 12:18:24 - [TEST_STEP][PASSED] - Statement - counter = counter + 1: null

2018-12-04 12:18:24 - [TEST_STEP][PASSED] - Statement - PreSaveFile = new java.io.File(((pathPrefix + java.lang.Integer.toString(counter)) + .png)): null

2018-12-04 12:18:24 - [TEST_STEP][PASSED] - Statement - counter = counter + 1: null

2018-12-04 12:18:26 - [TEST_STEP][PASSED] - Statement - PreSaveFile = new java.io.File(((pathPrefix + java.lang.Integer.toString(counter)) + .png)): null

2018-12-04 12:18:26 - [TEST_STEP][PASSED] - Statement - counter = counter + 1: null

2018-12-04 12:18:26 - [TEST_STEP][PASSED] - Statement - PreSaveFile = new java.io.File(((pathPrefix + java.lang.Integer.toString(counter)) + .png)): null

2018-12-04 12:18:26 - [TEST_STEP][PASSED] - Statement - counter = counter + 1: null

2018-12-04 12:18:26 - [TEST_STEP][PASSED] - Statement - PreSaveFile = new java.io.File(((pathPrefix + java.lang.Integer.toString(counter)) + .png)): null

2018-12-04 12:18:26 - [TEST_STEP][PASSED] - Statement - counter = counter + 1: null

2018-12-04 12:18:26 - [TEST_STEP][PASSED] - Statement - PreSaveFile = new java.io.File(((pathPrefix + java.lang.Integer.toString(counter)) + .png)): null

2018-12-04 12:18:26 - [TEST_STEP][PASSED] - Statement - counter = counter + 1: null

2018-12-04 12:18:26 - [TEST_STEP][PASSED] - Statement - PreSaveFile = new java.io.File(((pathPrefix + java.lang.Integer.toString(counter)) + .png)): null

2018-12-04 12:18:26 - [TEST_STEP][PASSED] - Statement - counter = counter + 1: null

2018-12-04 12:18:28 - [TEST_STEP][PASSED] - Statement - PreSaveFile = new java.io.File(((pathPrefix + java.lang.Integer.toString(counter)) + .png)): null

2018-12-04 12:18:28 - [TEST_STEP][PASSED] - Statement - counter = counter + 1: null

2018-12-04 12:18:28 - [TEST_STEP][PASSED] - Statement - PreSaveFile = new java.io.File(((pathPrefix + java.lang.Integer.toString(counter)) + .png)): null

2018-12-04 12:18:28 - [TEST_STEP][PASSED] - Statement - counter = counter + 1: null

2018-12-04 12:18:28 - [TEST_STEP][PASSED] - Statement - PreSaveFile = new java.io.File(((pathPrefix + java.lang.Integer.toString(counter)) + .png)): null

2018-12-04 12:18:28 - [TEST_STEP][PASSED] - Statement - counter = counter + 1: null

2018-12-04 12:18:28 - [TEST_STEP][PASSED] - Statement - PreSaveFile = new java.io.File(((pathPrefix + java.lang.Integer.toString(counter)) + .png)): null

2018-12-04 12:18:28 - [TEST_STEP][PASSED] - Statement - counter = counter + 1: null

2018-12-04 12:18:28 - [TEST_STEP][PASSED] - Statement - PreSaveFile = new java.io.File(((pathPrefix + java.lang.Integer.toString(counter)) + .png)): null

2018-12-04 12:18:28 - [TEST_STEP][PASSED] - Statement - counter = counter + 1: null

2018-12-04 12:18:29 - [TEST_STEP][PASSED] - Statement - PreSaveFile = new java.io.File(((pathPrefix + java.lang.Integer.toString(counter)) + .png)): null

2018-12-04 12:18:29 - [TEST_STEP][PASSED] - Statement - counter = counter + 1: null

2018-12-04 12:18:29 - [TEST_STEP][PASSED] - Statement - PreSaveFile = new java.io.File(((pathPrefix + java.lang.Integer.toString(counter)) + .png)): null

2018-12-04 12:18:29 - [TEST_STEP][PASSED] - Statement - counter = counter + 1: null

2018-12-04 12:18:29 - [TEST_STEP][PASSED] - Statement - PreSaveFile = new java.io.File(((pathPrefix + java.lang.Integer.toString(counter)) + .png)): null

2018-12-04 12:18:29 - [TEST_STEP][PASSED] - Statement - counter = counter + 1: null

2018-12-04 12:18:29 - [TEST_STEP][PASSED] - Statement - PreSaveFile = new java.io.File(((pathPrefix + java.lang.Integer.toString(counter)) + .png)): null

2018-12-04 12:18:29 - [TEST_STEP][PASSED] - Statement - counter = counter + 1: null

2018-12-04 12:18:29 - [TEST_STEP][PASSED] - Statement - PreSaveFile = new java.io.File(((pathPrefix + java.lang.Integer.toString(counter)) + .png)): null

2018-12-04 12:18:30 - [TEST_STEP][PASSED] - Statement - counter = counter + 1: null

2018-12-04 12:18:30 - [TEST_STEP][PASSED] - Statement - PreSaveFile = new java.io.File(((pathPrefix + java.lang.Integer.toString(counter)) + .png)): null

2018-12-04 12:18:30 - [TEST_STEP][PASSED] - Statement - counter = counter + 1: null

2018-12-04 12:18:30 - [TEST_STEP][PASSED] - Statement - PreSaveFile = new java.io.File(((pathPrefix + java.lang.Integer.toString(counter)) + .png)): null

2018-12-04 12:18:30 - [TEST_STEP][PASSED] - Statement - counter = counter + 1: null

2018-12-04 12:18:30 - [TEST_STEP][PASSED] - Statement - PreSaveFile = new java.io.File(((pathPrefix + java.lang.Integer.toString(counter)) + .png)): null

2018-12-04 12:18:30 - [TEST_STEP][PASSED] - Statement - counter = counter + 1: null

2018-12-04 12:18:30 - [TEST_STEP][PASSED] - Statement - PreSaveFile = new java.io.File(((pathPrefix + java.lang.Integer.toString(counter)) + .png)): null

2018-12-04 12:18:30 - [TEST_STEP][PASSED] - Statement - counter = counter + 1: null

2018-12-04 12:18:32 - [TEST_STEP][PASSED] - Statement - PreSaveFile = new java.io.File(((pathPrefix + java.lang.Integer.toString(counter)) + .png)): null

2018-12-04 12:18:32 - [TEST_STEP][PASSED] - Statement - counter = counter + 1: null

2018-12-04 12:18:32 - [TEST_STEP][PASSED] - Statement - PreSaveFile = new java.io.File(((pathPrefix + java.lang.Integer.toString(counter)) + .png)): null

2018-12-04 12:18:32 - [TEST_STEP][PASSED] - Statement - counter = counter + 1: null

2018-12-04 12:18:32 - [TEST_STEP][PASSED] - Statement - PreSaveFile = new java.io.File(((pathPrefix + java.lang.Integer.toString(counter)) + .png)): null

2018-12-04 12:18:32 - [TEST_STEP][PASSED] - Statement - counter = counter + 1: null

2018-12-04 12:18:32 - [TEST_STEP][PASSED] - Statement - PreSaveFile = new java.io.File(((pathPrefix + java.lang.Integer.toString(counter)) + .png)): null

2018-12-04 12:18:32 - [TEST_STEP][PASSED] - Statement - counter = counter + 1: null

2018-12-04 12:18:32 - [TEST_STEP][PASSED] - Statement - PreSaveFile = new java.io.File(((pathPrefix + java.lang.Integer.toString(counter)) + .png)): null

2018-12-04 12:18:32 - [TEST_STEP][PASSED] - Statement - counter = counter + 1: null

2018-12-04 12:18:33 - [TEST_STEP][PASSED] - Statement - PreSaveFile = new java.io.File(((pathPrefix + java.lang.Integer.toString(counter)) + .png)): null

2018-12-04 12:18:33 - [TEST_STEP][PASSED] - Statement - counter = counter + 1: null

2018-12-04 12:18:33 - [TEST_STEP][PASSED] - Statement - PreSaveFile = new java.io.File(((pathPrefix + java.lang.Integer.toString(counter)) + .png)): null

2018-12-04 12:18:33 - [TEST_STEP][PASSED] - Statement - counter = counter + 1: null

2018-12-04 12:18:33 - [TEST_STEP][PASSED] - Statement - PreSaveFile = new java.io.File(((pathPrefix + java.lang.Integer.toString(counter)) + .png)): null

2018-12-04 12:18:33 - [TEST_STEP][PASSED] - Statement - counter = counter + 1: null

2018-12-04 12:18:33 - [TEST_STEP][PASSED] - Statement - PreSaveFile = new java.io.File(((pathPrefix + java.lang.Integer.toString(counter)) + .png)): null

2018-12-04 12:18:33 - [TEST_STEP][PASSED] - Statement - counter = counter + 1: null

2018-12-04 12:18:33 - [TEST_STEP][PASSED] - Statement - PreSaveFile = new java.io.File(((pathPrefix + java.lang.Integer.toString(counter)) + .png)): null

2018-12-04 12:18:33 - [TEST_STEP][PASSED] - Statement - counter = counter + 1: null

2018-12-04 12:18:34 - [TEST_STEP][PASSED] - Statement - PreSaveFile = new java.io.File(((pathPrefix + java.lang.Integer.toString(counter)) + .png)): null

2018-12-04 12:18:34 - [TEST_STEP][PASSED] - Statement - counter = counter + 1: null

2018-12-04 12:18:34 - [TEST_STEP][PASSED] - Statement - PreSaveFile = new java.io.File(((pathPrefix + java.lang.Integer.toString(counter)) + .png)): null

2018-12-04 12:18:34 - [TEST_STEP][PASSED] - Statement - counter = counter + 1: null

2018-12-04 12:18:34 - [TEST_STEP][PASSED] - Statement - PreSaveFile = new java.io.File(((pathPrefix + java.lang.Integer.toString(counter)) + .png)): null

2018-12-04 12:18:34 - [TEST_STEP][PASSED] - Statement - counter = counter + 1: null

2018-12-04 12:18:34 - [TEST_STEP][PASSED] - Statement - PreSaveFile = new java.io.File(((pathPrefix + java.lang.Integer.toString(counter)) + .png)): null

2018-12-04 12:18:34 - [TEST_STEP][PASSED] - Statement - counter = counter + 1: null

2018-12-04 12:18:34 - [TEST_STEP][PASSED] - Statement - PreSaveFile = new java.io.File(((pathPrefix + java.lang.Integer.toString(counter)) + .png)): null

2018-12-04 12:18:36 - [TEST_STEP][PASSED] - Statement - counter = counter + 1: null

2018-12-04 12:18:36 - [TEST_STEP][PASSED] - Statement - PreSaveFile = new java.io.File(((pathPrefix + java.lang.Integer.toString(counter)) + .png)): null

2018-12-04 12:18:36 - [TEST_STEP][PASSED] - Statement - counter = counter + 1: null

2018-12-04 12:18:36 - [TEST_STEP][PASSED] - Statement - PreSaveFile = new java.io.File(((pathPrefix + java.lang.Integer.toString(counter)) + .png)): null

2018-12-04 12:18:36 - [TEST_STEP][PASSED] - Statement - counter = counter + 1: null

2018-12-04 12:18:36 - [TEST_STEP][PASSED] - Statement - PreSaveFile = new java.io.File(((pathPrefix + java.lang.Integer.toString(counter)) + .png)): null

2018-12-04 12:18:36 - [TEST_STEP][PASSED] - Statement - counter = counter + 1: null

2018-12-04 12:18:36 - [TEST_STEP][PASSED] - Statement - PreSaveFile = new java.io.File(((pathPrefix + java.lang.Integer.toString(counter)) + .png)): null

2018-12-04 12:18:36 - [TEST_STEP][PASSED] - Statement - counter = counter + 1: null

2018-12-04 12:18:36 - [TEST_STEP][PASSED] - Statement - PreSaveFile = new java.io.File(((pathPrefix + java.lang.Integer.toString(counter)) + .png)): null

2018-12-04 12:18:37 - [TEST_STEP][PASSED] - Statement - counter = counter + 1: null

2018-12-04 12:18:37 - [TEST_STEP][PASSED] - Statement - PreSaveFile = new java.io.File(((pathPrefix + java.lang.Integer.toString(counter)) + .png)): null

2018-12-04 12:18:37 - [TEST_STEP][PASSED] - Statement - counter = counter + 1: null

2018-12-04 12:18:37 - [TEST_STEP][PASSED] - Statement - PreSaveFile = new java.io.File(((pathPrefix + java.lang.Integer.toString(counter)) + .png)): null

2018-12-04 12:18:37 - [TEST_STEP][PASSED] - Statement - counter = counter + 1: null

2018-12-04 12:18:37 - [TEST_STEP][PASSED] - Statement - PreSaveFile = new java.io.File(((pathPrefix + java.lang.Integer.toString(counter)) + .png)): null

2018-12-04 12:18:37 - [TEST_STEP][PASSED] - Statement - counter = counter + 1: null

2018-12-04 12:18:37 - [TEST_STEP][PASSED] - Statement - PreSaveFile = new java.io.File(((pathPrefix + java.lang.Integer.toString(counter)) + .png)): null

2018-12-04 12:18:37 - [TEST_STEP][PASSED] - Statement - counter = counter + 1: null

2018-12-04 12:18:38 - [TEST_STEP][PASSED] - Statement - PreSaveFile = new java.io.File(((pathPrefix + java.lang.Integer.toString(counter)) + .png)): null

2018-12-04 12:18:38 - [TEST_STEP][PASSED] - Statement - counter = counter + 1: null

2018-12-04 12:18:38 - [TEST_STEP][PASSED] - Statement - PreSaveFile = new java.io.File(((pathPrefix + java.lang.Integer.toString(counter)) + .png)): null

2018-12-04 12:18:38 - [TEST_STEP][PASSED] - Statement - counter = counter + 1: null

2018-12-04 12:18:38 - [TEST_STEP][PASSED] - Statement - PreSaveFile = new java.io.File(((pathPrefix + java.lang.Integer.toString(counter)) + .png)): null

2018-12-04 12:18:38 - [TEST_STEP][PASSED] - Statement - counter = counter + 1: null

2018-12-04 12:18:38 - [TEST_STEP][PASSED] - Statement - PreSaveFile = new java.io.File(((pathPrefix + java.lang.Integer.toString(counter)) + .png)): null

2018-12-04 12:18:38 - [TEST_STEP][PASSED] - Statement - counter = counter + 1: null

2018-12-04 12:18:38 - [TEST_STEP][PASSED] - Statement - PreSaveFile = new java.io.File(((pathPrefix + java.lang.Integer.toString(counter)) + .png)): null

2018-12-04 12:18:38 - [TEST_STEP][PASSED] - Statement - counter = counter + 1: null

2018-12-04 12:18:39 - [TEST_STEP][PASSED] - Statement - PreSaveFile = new java.io.File(((pathPrefix + java.lang.Integer.toString(counter)) + .png)): null

2018-12-04 12:18:39 - [TEST_STEP][PASSED] - Statement - counter = counter + 1: null

2018-12-04 12:18:39 - [TEST_STEP][PASSED] - Statement - PreSaveFile = new java.io.File(((pathPrefix + java.lang.Integer.toString(counter)) + .png)): null

2018-12-04 12:18:39 - [TEST_STEP][PASSED] - Statement - counter = counter + 1: null

2018-12-04 12:18:39 - [TEST_STEP][PASSED] - Statement - PreSaveFile = new java.io.File(((pathPrefix + java.lang.Integer.toString(counter)) + .png)): null

2018-12-04 12:18:39 - [TEST_STEP][PASSED] - Statement - counter = counter + 1: null

2018-12-04 12:18:39 - [TEST_STEP][PASSED] - Statement - PreSaveFile = new java.io.File(((pathPrefix + java.lang.Integer.toString(counter)) + .png)): null

2018-12-04 12:18:39 - [TEST_STEP][PASSED] - Statement - counter = counter + 1: null

2018-12-04 12:18:39 - [TEST_STEP][PASSED] - Statement - PreSaveFile = new java.io.File(((pathPrefix + java.lang.Integer.toString(counter)) + .png)): null

2018-12-04 12:18:39 - [TEST_STEP][PASSED] - Statement - counter = counter + 1: null

2018-12-04 12:18:41 - [TEST_STEP][PASSED] - Statement - PreSaveFile = new java.io.File(((pathPrefix + java.lang.Integer.toString(counter)) + .png)): null

2018-12-04 12:18:41 - [TEST_STEP][PASSED] - Statement - counter = counter + 1: null

2018-12-04 12:18:41 - [TEST_STEP][PASSED] - Statement - PreSaveFile = new java.io.File(((pathPrefix + java.lang.Integer.toString(counter)) + .png)): null

2018-12-04 12:18:41 - [TEST_STEP][PASSED] - Statement - counter = counter + 1: null

2018-12-04 12:18:41 - [TEST_STEP][PASSED] - Statement - PreSaveFile = new java.io.File(((pathPrefix + java.lang.Integer.toString(counter)) + .png)): null

2018-12-04 12:18:41 - [TEST_STEP][PASSED] - Statement - counter = counter + 1: null

2018-12-04 12:18:41 - [TEST_STEP][PASSED] - Statement - PreSaveFile = new java.io.File(((pathPrefix + java.lang.Integer.toString(counter)) + .png)): null

2018-12-04 12:18:41 - [TEST_STEP][PASSED] - Statement - counter = counter + 1: null

2018-12-04 12:18:41 - [TEST_STEP][PASSED] - Statement - PreSaveFile = new java.io.File(((pathPrefix + java.lang.Integer.toString(counter)) + .png)): null

2018-12-04 12:18:42 - [TEST_STEP][PASSED] - Statement - counter = counter + 1: null

2018-12-04 12:18:42 - [TEST_STEP][PASSED] - Statement - PreSaveFile = new java.io.File(((pathPrefix + java.lang.Integer.toString(counter)) + .png)): null

2018-12-04 12:18:42 - [TEST_STEP][PASSED] - Statement - counter = counter + 1: null

2018-12-04 12:18:42 - [TEST_STEP][PASSED] - Statement - PreSaveFile = new java.io.File(((pathPrefix + java.lang.Integer.toString(counter)) + .png)): null

2018-12-04 12:18:42 - [TEST_STEP][PASSED] - Statement - counter = counter + 1: null

2018-12-04 12:18:42 - [TEST_STEP][PASSED] - Statement - PreSaveFile = new java.io.File(((pathPrefix + java.lang.Integer.toString(counter)) + .png)): null

2018-12-04 12:18:42 - [TEST_STEP][PASSED] - Statement - counter = counter + 1: null

2018-12-04 12:18:42 - [TEST_STEP][PASSED] - Statement - PreSaveFile = new java.io.File(((pathPrefix + java.lang.Integer.toString(counter)) + .png)): null

2018-12-04 12:18:42 - [TEST_STEP][PASSED] - Statement - counter = counter + 1: null

2018-12-04 12:18:44 - [TEST_STEP][PASSED] - Statement - PreSaveFile = new java.io.File(((pathPrefix + java.lang.Integer.toString(counter)) + .png)): null

2018-12-04 12:18:44 - [TEST_STEP][PASSED] - Statement - counter = counter + 1: null

2018-12-04 12:18:44 - [TEST_STEP][PASSED] - Statement - PreSaveFile = new java.io.File(((pathPrefix + java.lang.Integer.toString(counter)) + .png)): null

2018-12-04 12:18:44 - [TEST_STEP][PASSED] - Statement - counter = counter + 1: null

2018-12-04 12:18:44 - [TEST_STEP][PASSED] - Statement - PreSaveFile = new java.io.File(((pathPrefix + java.lang.Integer.toString(counter)) + .png)): null

2018-12-04 12:18:44 - [TEST_STEP][PASSED] - Statement - counter = counter + 1: null

2018-12-04 12:18:44 - [TEST_STEP][PASSED] - Statement - PreSaveFile = new java.io.File(((pathPrefix + java.lang.Integer.toString(counter)) + .png)): null

2018-12-04 12:18:44 - [TEST_STEP][PASSED] - Statement - counter = counter + 1: null

2018-12-04 12:18:44 - [TEST_STEP][PASSED] - Statement - PreSaveFile = new java.io.File(((pathPrefix + java.lang.Integer.toString(counter)) + .png)): null

2018-12-04 12:18:44 - [TEST_STEP][PASSED] - Statement - counter = counter + 1: null

2018-12-04 12:18:46 - [TEST_STEP][PASSED] - Statement - PreSaveFile = new java.io.File(((pathPrefix + java.lang.Integer.toString(counter)) + .png)): null

2018-12-04 12:18:46 - [TEST_STEP][PASSED] - Statement - counter = counter + 1: null

2018-12-04 12:18:46 - [TEST_STEP][PASSED] - Statement - PreSaveFile = new java.io.File(((pathPrefix + java.lang.Integer.toString(counter)) + .png)): null

2018-12-04 12:18:46 - [TEST_STEP][PASSED] - Statement - counter = counter + 1: null

2018-12-04 12:18:46 - [TEST_STEP][PASSED] - Statement - PreSaveFile = new java.io.File(((pathPrefix + java.lang.Integer.toString(counter)) + .png)): null

2018-12-04 12:18:46 - [TEST_STEP][PASSED] - Statement - counter = counter + 1: null

2018-12-04 12:18:46 - [TEST_STEP][PASSED] - Statement - PreSaveFile = new java.io.File(((pathPrefix + java.lang.Integer.toString(counter)) + .png)): null

2018-12-04 12:18:46 - [TEST_STEP][PASSED] - Statement - counter = counter + 1: null

2018-12-04 12:18:46 - [TEST_STEP][PASSED] - Statement - PreSaveFile = new java.io.File(((pathPrefix + java.lang.Integer.toString(counter)) + .png)): null

2018-12-04 12:18:46 - [TEST_STEP][PASSED] - Statement - counter = counter + 1: null

2018-12-04 12:18:47 - [TEST_STEP][PASSED] - Statement - PreSaveFile = new java.io.File(((pathPrefix + java.lang.Integer.toString(counter)) + .png)): null

2018-12-04 12:18:47 - [TEST_STEP][PASSED] - Statement - counter = counter + 1: null

2018-12-04 12:18:47 - [TEST_STEP][PASSED] - Statement - PreSaveFile = new java.io.File(((pathPrefix + java.lang.Integer.toString(counter)) + .png)): null

2018-12-04 12:18:47 - [TEST_STEP][PASSED] - Statement - counter = counter + 1: null

2018-12-04 12:18:47 - [TEST_STEP][PASSED] - Statement - PreSaveFile = new java.io.File(((pathPrefix + java.lang.Integer.toString(counter)) + .png)): null

2018-12-04 12:18:47 - [TEST_STEP][PASSED] - Statement - counter = counter + 1: null

2018-12-04 12:18:47 - [TEST_STEP][PASSED] - Statement - PreSaveFile = new java.io.File(((pathPrefix + java.lang.Integer.toString(counter)) + .png)): null

2018-12-04 12:18:47 - [TEST_STEP][PASSED] - Statement - counter = counter + 1: null

2018-12-04 12:18:47 - [TEST_STEP][PASSED] - Statement - PreSaveFile = new java.io.File(((pathPrefix + java.lang.Integer.toString(counter)) + .png)): null

2018-12-04 12:18:47 - [TEST_STEP][PASSED] - Statement - counter = counter + 1: null

2018-12-04 12:18:49 - [TEST_STEP][PASSED] - Statement - PreSaveFile = new java.io.File(((pathPrefix + java.lang.Integer.toString(counter)) + .png)): null

2018-12-04 12:18:49 - [TEST_STEP][PASSED] - Statement - counter = counter + 1: null

2018-12-04 12:18:49 - [TEST_STEP][PASSED] - Statement - PreSaveFile = new java.io.File(((pathPrefix + java.lang.Integer.toString(counter)) + .png)): null

2018-12-04 12:18:49 - [TEST_STEP][PASSED] - Statement - counter = counter + 1: null

2018-12-04 12:18:49 - [TEST_STEP][PASSED] - Statement - PreSaveFile = new java.io.File(((pathPrefix + java.lang.Integer.toString(counter)) + .png)): null

2018-12-04 12:18:49 - [TEST_STEP][PASSED] - Statement - counter = counter + 1: null

2018-12-04 12:18:49 - [TEST_STEP][PASSED] - Statement - PreSaveFile = new java.io.File(((pathPrefix + java.lang.Integer.toString(counter)) + .png)): null

2018-12-04 12:18:49 - [TEST_STEP][PASSED] - Statement - counter = counter + 1: null

2018-12-04 12:18:49 - [TEST_STEP][PASSED] - Statement - PreSaveFile = new java.io.File(((pathPrefix + java.lang.Integer.toString(counter)) + .png)): null

2018-12-04 12:18:51 - [TEST_STEP][PASSED] - Statement - counter = counter + 1: null

2018-12-04 12:18:51 - [TEST_STEP][PASSED] - Statement - PreSaveFile = new java.io.File(((pathPrefix + java.lang.Integer.toString(counter)) + .png)): null

2018-12-04 12:18:51 - [TEST_STEP][PASSED] - Statement - counter = counter + 1: null

2018-12-04 12:18:51 - [TEST_STEP][PASSED] - Statement - PreSaveFile = new java.io.File(((pathPrefix + java.lang.Integer.toString(counter)) + .png)): null

2018-12-04 12:18:51 - [TEST_STEP][PASSED] - Statement - counter = counter + 1: null

2018-12-04 12:18:51 - [TEST_STEP][PASSED] - Statement - PreSaveFile = new java.io.File(((pathPrefix + java.lang.Integer.toString(counter)) + .png)): null

2018-12-04 12:18:51 - [TEST_STEP][PASSED] - Statement - counter = counter + 1: null

2018-12-04 12:18:51 - [TEST_STEP][PASSED] - Statement - PreSaveFile = new java.io.File(((pathPrefix + java.lang.Integer.toString(counter)) + .png)): null

2018-12-04 12:18:51 - [TEST_STEP][PASSED] - Statement - counter = counter + 1: null

2018-12-04 12:18:52 - [TEST_STEP][PASSED] - Statement - PreSaveFile = new java.io.File(((pathPrefix + java.lang.Integer.toString(counter)) + .png)): null

2018-12-04 12:18:52 - [TEST_STEP][PASSED] - Statement - counter = counter + 1: null

2018-12-04 12:18:52 - [TEST_STEP][PASSED] - Statement - PreSaveFile = new java.io.File(((pathPrefix + java.lang.Integer.toString(counter)) + .png)): null

2018-12-04 12:18:52 - [TEST_STEP][PASSED] - Statement - counter = counter + 1: null

2018-12-04 12:18:52 - [TEST_STEP][PASSED] - Statement - PreSaveFile = new java.io.File(((pathPrefix + java.lang.Integer.toString(counter)) + .png)): null

2018-12-04 12:18:52 - [TEST_STEP][PASSED] - Statement - counter = counter + 1: null

2018-12-04 12:18:52 - [TEST_STEP][PASSED] - Statement - PreSaveFile = new java.io.File(((pathPrefix + java.lang.Integer.toString(counter)) + .png)): null

2018-12-04 12:18:52 - [TEST_STEP][PASSED] - Statement - counter = counter + 1: null

2018-12-04 12:18:52 - [TEST_STEP][PASSED] - Statement - PreSaveFile = new java.io.File(((pathPrefix + java.lang.Integer.toString(counter)) + .png)): null

2018-12-04 12:18:52 - [TEST_STEP][PASSED] - Statement - counter = counter + 1: null

2018-12-04 12:18:54 - [TEST_STEP][PASSED] - Statement - PreSaveFile = new java.io.File(((pathPrefix + java.lang.Integer.toString(counter)) + .png)): null

2018-12-04 12:18:54 - [TEST_STEP][PASSED] - Statement - counter = counter + 1: null

2018-12-04 12:18:54 - [TEST_STEP][PASSED] - Statement - PreSaveFile = new java.io.File(((pathPrefix + java.lang.Integer.toString(counter)) + .png)): null

2018-12-04 12:18:54 - [TEST_STEP][PASSED] - Statement - counter = counter + 1: null

2018-12-04 12:18:54 - [TEST_STEP][PASSED] - Statement - PreSaveFile = new java.io.File(((pathPrefix + java.lang.Integer.toString(counter)) + .png)): null

2018-12-04 12:18:54 - [TEST_STEP][PASSED] - Statement - counter = counter + 1: null

2018-12-04 12:18:54 - [TEST_STEP][PASSED] - Statement - PreSaveFile = new java.io.File(((pathPrefix + java.lang.Integer.toString(counter)) + .png)): null

2018-12-04 12:18:54 - [TEST_STEP][PASSED] - Statement - counter = counter + 1: null

2018-12-04 12:18:54 - [TEST_STEP][PASSED] - Statement - PreSaveFile = new java.io.File(((pathPrefix + java.lang.Integer.toString(counter)) + .png)): null

2018-12-04 12:18:54 - [TEST_STEP][PASSED] - Statement - counter = counter + 1: null

2018-12-04 12:18:56 - [TEST_STEP][PASSED] - Statement - PreSaveFile = new java.io.File(((pathPrefix + java.lang.Integer.toString(counter)) + .png)): null

2018-12-04 12:18:56 - [TEST_STEP][PASSED] - Statement - counter = counter + 1: null

2018-12-04 12:18:56 - [TEST_STEP][PASSED] - Statement - PreSaveFile = new java.io.File(((pathPrefix + java.lang.Integer.toString(counter)) + .png)): null

2018-12-04 12:18:56 - [TEST_STEP][PASSED] - Statement - counter = counter + 1: null

2018-12-04 12:18:56 - [TEST_STEP][PASSED] - Statement - PreSaveFile = new java.io.File(((pathPrefix + java.lang.Integer.toString(counter)) + .png)): null

2018-12-04 12:18:56 - [TEST_STEP][PASSED] - Statement - counter = counter + 1: null

2018-12-04 12:18:56 - [TEST_STEP][PASSED] - Statement - PreSaveFile = new java.io.File(((pathPrefix + java.lang.Integer.toString(counter)) + .png)): null

2018-12-04 12:18:56 - [TEST_STEP][PASSED] - Statement - counter = counter + 1: null

2018-12-04 12:18:56 - [TEST_STEP][PASSED] - Statement - PreSaveFile = new java.io.File(((pathPrefix + java.lang.Integer.toString(counter)) + .png)): null

2018-12-04 12:18:59 - [TEST_STEP][PASSED] - Statement - counter = counter + 1: null

2018-12-04 12:18:59 - [TEST_STEP][PASSED] - Statement - PreSaveFile = new java.io.File(((pathPrefix + java.lang.Integer.toString(counter)) + .png)): null

2018-12-04 12:18:59 - [TEST_STEP][PASSED] - Statement - counter = counter + 1: null

2018-12-04 12:18:59 - [TEST_STEP][PASSED] - Statement - PreSaveFile = new java.io.File(((pathPrefix + java.lang.Integer.toString(counter)) + .png)): null

2018-12-04 12:18:59 - [TEST_STEP][PASSED] - Statement - counter = counter + 1: null

2018-12-04 12:18:59 - [TEST_STEP][PASSED] - Statement - PreSaveFile = new java.io.File(((pathPrefix + java.lang.Integer.toString(counter)) + .png)): null

2018-12-04 12:18:59 - [TEST_STEP][PASSED] - Statement - counter = counter + 1: null

2018-12-04 12:18:59 - [TEST_STEP][PASSED] - Statement - PreSaveFile = new java.io.File(((pathPrefix + java.lang.Integer.toString(counter)) + .png)): null

2018-12-04 12:18:59 - [TEST_STEP][PASSED] - Statement - counter = counter + 1: null

2018-12-04 12:18:59 - [TEST_STEP][PASSED] - Statement - PreSaveFile = new java.io.File(((pathPrefix + java.lang.Integer.toString(counter)) + .png)): null

2018-12-04 12:19:00 - [TEST_STEP][PASSED] - Statement - counter = counter + 1: null

2018-12-04 12:19:00 - [TEST_STEP][PASSED] - Statement - PreSaveFile = new java.io.File(((pathPrefix + java.lang.Integer.toString(counter)) + .png)): null

2018-12-04 12:19:00 - [TEST_STEP][PASSED] - Statement - counter = counter + 1: null

2018-12-04 12:19:00 - [TEST_STEP][PASSED] - Statement - PreSaveFile = new java.io.File(((pathPrefix + java.lang.Integer.toString(counter)) + .png)): null

2018-12-04 12:19:00 - [TEST_STEP][PASSED] - Statement - counter = counter + 1: null

2018-12-04 12:19:00 - [TEST_STEP][PASSED] - Statement - PreSaveFile = new java.io.File(((pathPrefix + java.lang.Integer.toString(counter)) + .png)): null

2018-12-04 12:19:00 - [TEST_STEP][PASSED] - Statement - counter = counter + 1: null

2018-12-04 12:19:00 - [TEST_STEP][PASSED] - Statement - PreSaveFile = new java.io.File(((pathPrefix + java.lang.Integer.toString(counter)) + .png)): null

2018-12-04 12:19:00 - [TEST_STEP][PASSED] - Statement - counter = counter + 1: null

2018-12-04 12:19:02 - [TEST_STEP][PASSED] - Statement - PreSaveFile = new java.io.File(((pathPrefix + java.lang.Integer.toString(counter)) + .png)): null

2018-12-04 12:19:02 - [TEST_STEP][PASSED] - Statement - counter = counter + 1: null

2018-12-04 12:19:02 - [TEST_STEP][PASSED] - Statement - PreSaveFile = new java.io.File(((pathPrefix + java.lang.Integer.toString(counter)) + .png)): null

2018-12-04 12:19:02 - [TEST_STEP][PASSED] - Statement - counter = counter + 1: null

2018-12-04 12:19:02 - [TEST_STEP][PASSED] - Statement - PreSaveFile = new java.io.File(((pathPrefix + java.lang.Integer.toString(counter)) + .png)): null

2018-12-04 12:19:02 - [TEST_STEP][PASSED] - Statement - counter = counter + 1: null

2018-12-04 12:19:02 - [TEST_STEP][PASSED] - Statement - PreSaveFile = new java.io.File(((pathPrefix + java.lang.Integer.toString(counter)) + .png)): null

2018-12-04 12:19:02 - [TEST_STEP][PASSED] - Statement - counter = counter + 1: null

2018-12-04 12:19:02 - [TEST_STEP][PASSED] - Statement - PreSaveFile = new java.io.File(((pathPrefix + java.lang.Integer.toString(counter)) + .png)): null

2018-12-04 12:19:02 - [TEST_STEP][PASSED] - Statement - counter = counter + 1: null

2018-12-04 12:19:03 - [TEST_STEP][PASSED] - Statement - PreSaveFile = new java.io.File(((pathPrefix + java.lang.Integer.toString(counter)) + .png)): null

2018-12-04 12:19:03 - [TEST_STEP][PASSED] - Statement - counter = counter + 1: null

2018-12-04 12:19:03 - [TEST_STEP][PASSED] - Statement - PreSaveFile = new java.io.File(((pathPrefix + java.lang.Integer.toString(counter)) + .png)): null

2018-12-04 12:19:03 - [TEST_STEP][PASSED] - Statement - counter = counter + 1: null

2018-12-04 12:19:03 - [TEST_STEP][PASSED] - Statement - PreSaveFile = new java.io.File(((pathPrefix + java.lang.Integer.toString(counter)) + .png)): null

2018-12-04 12:19:03 - [TEST_STEP][PASSED] - Statement - counter = counter + 1: null

2018-12-04 12:19:03 - [TEST_STEP][PASSED] - Statement - PreSaveFile = new java.io.File(((pathPrefix + java.lang.Integer.toString(counter)) + .png)): null

2018-12-04 12:19:03 - [TEST_STEP][PASSED] - Statement - counter = counter + 1: null

2018-12-04 12:19:03 - [TEST_STEP][PASSED] - Statement - PreSaveFile = new java.io.File(((pathPrefix + java.lang.Integer.toString(counter)) + .png)): null

2018-12-04 12:19:03 - [TEST_STEP][PASSED] - Statement - counter = counter + 1: null

2018-12-04 12:19:05 - [TEST_STEP][PASSED] - Statement - PreSaveFile = new java.io.File(((pathPrefix + java.lang.Integer.toString(counter)) + .png)): null

2018-12-04 12:19:05 - [TEST_STEP][PASSED] - Statement - counter = counter + 1: null

2018-12-04 12:19:05 - [TEST_STEP][PASSED] - Statement - PreSaveFile = new java.io.File(((pathPrefix + java.lang.Integer.toString(counter)) + .png)): null

2018-12-04 12:19:05 - [TEST_STEP][PASSED] - Statement - counter = counter + 1: null

2018-12-04 12:19:05 - [TEST_STEP][PASSED] - Statement - PreSaveFile = new java.io.File(((pathPrefix + java.lang.Integer.toString(counter)) + .png)): null

2018-12-04 12:19:05 - [TEST_STEP][PASSED] - Statement - counter = counter + 1: null

2018-12-04 12:19:05 - [TEST_STEP][PASSED] - Statement - PreSaveFile = new java.io.File(((pathPrefix + java.lang.Integer.toString(counter)) + .png)): null

2018-12-04 12:19:05 - [TEST_STEP][PASSED] - Statement - counter = counter + 1: null

2018-12-04 12:19:05 - [TEST_STEP][PASSED] - Statement - PreSaveFile = new java.io.File(((pathPrefix + java.lang.Integer.toString(counter)) + .png)): null

2018-12-04 12:19:07 - [TEST_STEP][PASSED] - Statement - counter = counter + 1: null

2018-12-04 12:19:07 - [TEST_STEP][PASSED] - Statement - PreSaveFile = new java.io.File(((pathPrefix + java.lang.Integer.toString(counter)) + .png)): null

2018-12-04 12:19:07 - [TEST_STEP][PASSED] - Statement - counter = counter + 1: null

2018-12-04 12:19:07 - [TEST_STEP][PASSED] - Statement - PreSaveFile = new java.io.File(((pathPrefix + java.lang.Integer.toString(counter)) + .png)): null

2018-12-04 12:19:07 - [TEST_STEP][PASSED] - Statement - counter = counter + 1: null

2018-12-04 12:19:07 - [TEST_STEP][PASSED] - Statement - PreSaveFile = new java.io.File(((pathPrefix + java.lang.Integer.toString(counter)) + .png)): null

2018-12-04 12:19:07 - [TEST_STEP][PASSED] - Statement - counter = counter + 1: null

2018-12-04 12:19:07 - [TEST_STEP][PASSED] - Statement - PreSaveFile = new java.io.File(((pathPrefix + java.lang.Integer.toString(counter)) + .png)): null

2018-12-04 12:19:07 - [TEST_STEP][PASSED] - Statement - counter = counter + 1: null

2018-12-04 12:19:09 - [TEST_STEP][PASSED] - Statement - PreSaveFile = new java.io.File(((pathPrefix + java.lang.Integer.toString(counter)) + .png)): null

2018-12-04 12:19:09 - [TEST_STEP][PASSED] - Statement - counter = counter + 1: null

2018-12-04 12:19:09 - [TEST_STEP][PASSED] - Statement - PreSaveFile = new java.io.File(((pathPrefix + java.lang.Integer.toString(counter)) + .png)): null

2018-12-04 12:19:09 - [TEST_STEP][PASSED] - Statement - counter = counter + 1: null

2018-12-04 12:19:09 - [TEST_STEP][PASSED] - Statement - PreSaveFile = new java.io.File(((pathPrefix + java.lang.Integer.toString(counter)) + .png)): null

2018-12-04 12:19:09 - [TEST_STEP][PASSED] - Statement - counter = counter + 1: null

2018-12-04 12:19:09 - [TEST_STEP][PASSED] - Statement - PreSaveFile = new java.io.File(((pathPrefix + java.lang.Integer.toString(counter)) + .png)): null

2018-12-04 12:19:09 - [TEST_STEP][PASSED] - Statement - counter = counter + 1: null

2018-12-04 12:19:09 - [TEST_STEP][PASSED] - Statement - PreSaveFile = new java.io.File(((pathPrefix + java.lang.Integer.toString(counter)) + .png)): null

2018-12-04 12:19:09 - [TEST_STEP][PASSED] - Statement - counter = counter + 1: null

2018-12-04 12:19:11 - [TEST_STEP][PASSED] - Statement - PreSaveFile = new java.io.File(((pathPrefix + java.lang.Integer.toString(counter)) + .png)): null

2018-12-04 12:19:11 - [TEST_STEP][PASSED] - Statement - counter = counter + 1: null

2018-12-04 12:19:11 - [TEST_STEP][PASSED] - Statement - PreSaveFile = new java.io.File(((pathPrefix + java.lang.Integer.toString(counter)) + .png)): null

2018-12-04 12:19:11 - [TEST_STEP][PASSED] - Statement - counter = counter + 1: null

2018-12-04 12:19:11 - [TEST_STEP][PASSED] - Statement - PreSaveFile = new java.io.File(((pathPrefix + java.lang.Integer.toString(counter)) + .png)): null

2018-12-04 12:19:11 - [TEST_STEP][PASSED] - Statement - counter = counter + 1: null

2018-12-04 12:19:11 - [TEST_STEP][PASSED] - Statement - PreSaveFile = new java.io.File(((pathPrefix + java.lang.Integer.toString(counter)) + .png)): null

2018-12-04 12:19:11 - [TEST_STEP][PASSED] - Statement - counter = counter + 1: null

2018-12-04 12:19:11 - [TEST_STEP][PASSED] - Statement - PreSaveFile = new java.io.File(((pathPrefix + java.lang.Integer.toString(counter)) + .png)): null

2018-12-04 12:19:11 - [TEST_STEP][PASSED] - Statement - counter = counter + 1: null

2018-12-04 12:19:12 - [TEST_STEP][PASSED] - Statement - PreSaveFile = new java.io.File(((pathPrefix + java.lang.Integer.toString(counter)) + .png)): null

2018-12-04 12:19:12 - [TEST_STEP][PASSED] - Statement - counter = counter + 1: null

2018-12-04 12:19:12 - [TEST_STEP][PASSED] - Statement - PreSaveFile = new java.io.File(((pathPrefix + java.lang.Integer.toString(counter)) + .png)): null

2018-12-04 12:19:12 - [TEST_STEP][PASSED] - Statement - counter = counter + 1: null

2018-12-04 12:19:12 - [TEST_STEP][PASSED] - Statement - PreSaveFile = new java.io.File(((pathPrefix + java.lang.Integer.toString(counter)) + .png)): null

2018-12-04 12:19:12 - [TEST_STEP][PASSED] - Statement - counter = counter + 1: null

2018-12-04 12:19:12 - [TEST_STEP][PASSED] - Statement - PreSaveFile = new java.io.File(((pathPrefix + java.lang.Integer.toString(counter)) + .png)): null

2018-12-04 12:19:12 - [TEST_STEP][PASSED] - Statement - counter = counter + 1: null

2018-12-04 12:19:12 - [TEST_STEP][PASSED] - Statement - PreSaveFile = new java.io.File(((pathPrefix + java.lang.Integer.toString(counter)) + .png)): null

2018-12-04 12:19:12 - [TEST_STEP][PASSED] - Statement - counter = counter + 1: null

2018-12-04 12:19:14 - [TEST_STEP][PASSED] - Statement - PreSaveFile = new java.io.File(((pathPrefix + java.lang.Integer.toString(counter)) + .png)): null

2018-12-04 12:19:14 - [TEST_STEP][PASSED] - Statement - counter = counter + 1: null

2018-12-04 12:19:14 - [TEST_STEP][PASSED] - Statement - PreSaveFile = new java.io.File(((pathPrefix + java.lang.Integer.toString(counter)) + .png)): null

2018-12-04 12:19:14 - [TEST_STEP][PASSED] - Statement - counter = counter + 1: null

2018-12-04 12:19:14 - [TEST_STEP][PASSED] - Statement - PreSaveFile = new java.io.File(((pathPrefix + java.lang.Integer.toString(counter)) + .png)): null

2018-12-04 12:19:14 - [TEST_STEP][PASSED] - Statement - counter = counter + 1: null

2018-12-04 12:19:14 - [TEST_STEP][PASSED] - Statement - PreSaveFile = new java.io.File(((pathPrefix + java.lang.Integer.toString(counter)) + .png)): null

2018-12-04 12:19:14 - [TEST_STEP][PASSED] - Statement - counter = counter + 1: null

2018-12-04 12:19:14 - [TEST_STEP][PASSED] - Statement - PreSaveFile = new java.io.File(((pathPrefix + java.lang.Integer.toString(counter)) + .png)): null

2018-12-04 12:19:16 - [TEST_STEP][PASSED] - Statement - counter = counter + 1: null

2018-12-04 12:19:16 - [TEST_STEP][PASSED] - Statement - PreSaveFile = new java.io.File(((pathPrefix + java.lang.Integer.toString(counter)) + .png)): null

2018-12-04 12:19:16 - [TEST_STEP][PASSED] - Statement - counter = counter + 1: null

2018-12-04 12:19:16 - [TEST_STEP][PASSED] - Statement - PreSaveFile = new java.io.File(((pathPrefix + java.lang.Integer.toString(counter)) + .png)): null

2018-12-04 12:19:16 - [TEST_STEP][PASSED] - Statement - counter = counter + 1: null

2018-12-04 12:19:16 - [TEST_STEP][PASSED] - Statement - PreSaveFile = new java.io.File(((pathPrefix + java.lang.Integer.toString(counter)) + .png)): null

2018-12-04 12:19:16 - [TEST_STEP][PASSED] - Statement - counter = counter + 1: null

2018-12-04 12:19:16 - [TEST_STEP][PASSED] - Statement - PreSaveFile = new java.io.File(((pathPrefix + java.lang.Integer.toString(counter)) + .png)): null

2018-12-04 12:19:16 - [TEST_STEP][PASSED] - Statement - counter = counter + 1: null

2018-12-04 12:19:18 - [TEST_STEP][PASSED] - Statement - PreSaveFile = new java.io.File(((pathPrefix + java.lang.Integer.toString(counter)) + .png)): null

2018-12-04 12:19:18 - [TEST_STEP][PASSED] - Statement - counter = counter + 1: null

2018-12-04 12:19:18 - [TEST_STEP][PASSED] - Statement - PreSaveFile = new java.io.File(((pathPrefix + java.lang.Integer.toString(counter)) + .png)): null

2018-12-04 12:19:18 - [TEST_STEP][PASSED] - Statement - counter = counter + 1: null

2018-12-04 12:19:18 - [TEST_STEP][PASSED] - Statement - PreSaveFile = new java.io.File(((pathPrefix + java.lang.Integer.toString(counter)) + .png)): null

2018-12-04 12:19:18 - [TEST_STEP][PASSED] - Statement - counter = counter + 1: null

2018-12-04 12:19:18 - [TEST_STEP][PASSED] - Statement - PreSaveFile = new java.io.File(((pathPrefix + java.lang.Integer.toString(counter)) + .png)): null

2018-12-04 12:19:18 - [TEST_STEP][PASSED] - Statement - counter = counter + 1: null

2018-12-04 12:19:18 - [TEST_STEP][PASSED] - Statement - PreSaveFile = new java.io.File(((pathPrefix + java.lang.Integer.toString(counter)) + .png)): null

2018-12-04 12:19:18 - [TEST_STEP][PASSED] - Statement - counter = counter + 1: null

2018-12-04 12:19:21 - [TEST_STEP][PASSED] - Statement - PreSaveFile = new java.io.File(((pathPrefix + java.lang.Integer.toString(counter)) + .png)): null

2018-12-04 12:19:21 - [TEST_STEP][PASSED] - Statement - counter = counter + 1: null

2018-12-04 12:19:21 - [TEST_STEP][PASSED] - Statement - PreSaveFile = new java.io.File(((pathPrefix + java.lang.Integer.toString(counter)) + .png)): null

2018-12-04 12:19:21 - [TEST_STEP][PASSED] - Statement - counter = counter + 1: null

2018-12-04 12:19:21 - [TEST_STEP][PASSED] - Statement - PreSaveFile = new java.io.File(((pathPrefix + java.lang.Integer.toString(counter)) + .png)): null

2018-12-04 12:19:21 - [TEST_STEP][PASSED] - Statement - counter = counter + 1: null

2018-12-04 12:19:21 - [TEST_STEP][PASSED] - Statement - PreSaveFile = new java.io.File(((pathPrefix + java.lang.Integer.toString(counter)) + .png)): null

2018-12-04 12:19:21 - [TEST_STEP][PASSED] - Statement - counter = counter + 1: null

2018-12-04 12:19:21 - [TEST_STEP][PASSED] - Statement - PreSaveFile = new java.io.File(((pathPrefix + java.lang.Integer.toString(counter)) + .png)): null

2018-12-04 12:19:21 - [TEST_STEP][PASSED] - Statement - counter = counter + 1: null

2018-12-04 12:19:22 - [TEST_STEP][PASSED] - Statement - PreSaveFile = new java.io.File(((pathPrefix + java.lang.Integer.toString(counter)) + .png)): null

2018-12-04 12:19:22 - [TEST_STEP][PASSED] - Statement - counter = counter + 1: null

2018-12-04 12:19:22 - [TEST_STEP][PASSED] - Statement - PreSaveFile = new java.io.File(((pathPrefix + java.lang.Integer.toString(counter)) + .png)): null

2018-12-04 12:19:22 - [TEST_STEP][PASSED] - Statement - counter = counter + 1: null

2018-12-04 12:19:22 - [TEST_STEP][PASSED] - Statement - PreSaveFile = new java.io.File(((pathPrefix + java.lang.Integer.toString(counter)) + .png)): null

2018-12-04 12:19:22 - [TEST_STEP][PASSED] - Statement - counter = counter + 1: null

2018-12-04 12:19:22 - [TEST_STEP][PASSED] - Statement - PreSaveFile = new java.io.File(((pathPrefix + java.lang.Integer.toString(counter)) + .png)): null

2018-12-04 12:19:22 - [TEST_STEP][PASSED] - Statement - counter = counter + 1: null

2018-12-04 12:19:22 - [TEST_STEP][PASSED] - Statement - PreSaveFile = new java.io.File(((pathPrefix + java.lang.Integer.toString(counter)) + .png)): null

2018-12-04 12:19:24 - [TEST_STEP][PASSED] - Statement - counter = counter + 1: null

2018-12-04 12:19:24 - [TEST_STEP][PASSED] - Statement - PreSaveFile = new java.io.File(((pathPrefix + java.lang.Integer.toString(counter)) + .png)): null

2018-12-04 12:19:24 - [TEST_STEP][PASSED] - Statement - counter = counter + 1: null

2018-12-04 12:19:24 - [TEST_STEP][PASSED] - Statement - PreSaveFile = new java.io.File(((pathPrefix + java.lang.Integer.toString(counter)) + .png)): null

2018-12-04 12:19:24 - [TEST_STEP][PASSED] - Statement - counter = counter + 1: null

2018-12-04 12:19:24 - [TEST_STEP][PASSED] - Statement - PreSaveFile = new java.io.File(((pathPrefix + java.lang.Integer.toString(counter)) + .png)): null

2018-12-04 12:19:24 - [TEST_STEP][PASSED] - Statement - counter = counter + 1: null

2018-12-04 12:19:24 - [TEST_STEP][PASSED] - Statement - PreSaveFile = new java.io.File(((pathPrefix + java.lang.Integer.toString(counter)) + .png)): null

2018-12-04 12:19:24 - [TEST_STEP][PASSED] - Statement - counter = counter + 1: null

2018-12-04 12:19:24 - [TEST_STEP][PASSED] - Statement - PreSaveFile = new java.io.File(((pathPrefix + java.lang.Integer.toString(counter)) + .png)): null

2018-12-04 12:19:26 - [TEST_STEP][PASSED] - Statement - counter = counter + 1: null

2018-12-04 12:19:26 - [TEST_STEP][PASSED] - Statement - PreSaveFile = new java.io.File(((pathPrefix + java.lang.Integer.toString(counter)) + .png)): null

2018-12-04 12:19:26 - [TEST_STEP][PASSED] - Statement - counter = counter + 1: null

2018-12-04 12:19:26 - [TEST_STEP][PASSED] - Statement - PreSaveFile = new java.io.File(((pathPrefix + java.lang.Integer.toString(counter)) + .png)): null

2018-12-04 12:19:26 - [TEST_STEP][PASSED] - Statement - counter = counter + 1: null

2018-12-04 12:19:26 - [TEST_STEP][PASSED] - Statement - PreSaveFile = new java.io.File(((pathPrefix + java.lang.Integer.toString(counter)) + .png)): null

2018-12-04 12:19:26 - [TEST_STEP][PASSED] - Statement - counter = counter + 1: null

2018-12-04 12:19:26 - [TEST_STEP][PASSED] - Statement - PreSaveFile = new java.io.File(((pathPrefix + java.lang.Integer.toString(counter)) + .png)): null

2018-12-04 12:19:26 - [TEST_STEP][PASSED] - Statement - counter = counter + 1: null

2018-12-04 12:19:28 - [TEST_STEP][PASSED] - Statement - PreSaveFile = new java.io.File(((pathPrefix + java.lang.Integer.toString(counter)) + .png)): null

2018-12-04 12:19:28 - [TEST_STEP][PASSED] - Statement - counter = counter + 1: null

2018-12-04 12:19:28 - [TEST_STEP][PASSED] - Statement - PreSaveFile = new java.io.File(((pathPrefix + java.lang.Integer.toString(counter)) + .png)): null

2018-12-04 12:19:28 - [TEST_STEP][PASSED] - Statement - counter = counter + 1: null

2018-12-04 12:19:28 - [TEST_STEP][PASSED] - Statement - PreSaveFile = new java.io.File(((pathPrefix + java.lang.Integer.toString(counter)) + .png)): null

2018-12-04 12:19:28 - [TEST_STEP][PASSED] - Statement - counter = counter + 1: null

2018-12-04 12:19:28 - [TEST_STEP][PASSED] - Statement - PreSaveFile = new java.io.File(((pathPrefix + java.lang.Integer.toString(counter)) + .png)): null

2018-12-04 12:19:28 - [TEST_STEP][PASSED] - Statement - counter = counter + 1: null

2018-12-04 12:19:28 - [TEST_STEP][PASSED] - Statement - PreSaveFile = new java.io.File(((pathPrefix + java.lang.Integer.toString(counter)) + .png)): null

2018-12-04 12:19:28 - [TEST_STEP][PASSED] - Statement - counter = counter + 1: null

2018-12-04 12:19:30 - [TEST_STEP][PASSED] - Statement - PreSaveFile = new java.io.File(((pathPrefix + java.lang.Integer.toString(counter)) + .png)): null

2018-12-04 12:19:30 - [TEST_STEP][PASSED] - Statement - counter = counter + 1: null

2018-12-04 12:19:30 - [TEST_STEP][PASSED] - Statement - PreSaveFile = new java.io.File(((pathPrefix + java.lang.Integer.toString(counter)) + .png)): null

2018-12-04 12:19:30 - [TEST_STEP][PASSED] - Statement - counter = counter + 1: null

2018-12-04 12:19:30 - [TEST_STEP][PASSED] - Statement - PreSaveFile = new java.io.File(((pathPrefix + java.lang.Integer.toString(counter)) + .png)): null

2018-12-04 12:19:30 - [TEST_STEP][PASSED] - Statement - counter = counter + 1: null

2018-12-04 12:19:30 - [TEST_STEP][PASSED] - Statement - PreSaveFile = new java.io.File(((pathPrefix + java.lang.Integer.toString(counter)) + .png)): null

2018-12-04 12:19:30 - [TEST_STEP][PASSED] - Statement - counter = counter + 1: null

2018-12-04 12:19:30 - [TEST_STEP][PASSED] - Statement - PreSaveFile = new java.io.File(((pathPrefix + java.lang.Integer.toString(counter)) + .png)): null

2018-12-04 12:19:30 - [TEST_STEP][PASSED] - Statement - counter = counter + 1: null

2018-12-04 12:19:32 - [TEST_STEP][PASSED] - Statement - PreSaveFile = new java.io.File(((pathPrefix + java.lang.Integer.toString(counter)) + .png)): null

2018-12-04 12:19:32 - [TEST_STEP][PASSED] - Statement - counter = counter + 1: null

2018-12-04 12:19:32 - [TEST_STEP][PASSED] - Statement - PreSaveFile = new java.io.File(((pathPrefix + java.lang.Integer.toString(counter)) + .png)): null

2018-12-04 12:19:32 - [TEST_STEP][PASSED] - Statement - counter = counter + 1: null

2018-12-04 12:19:32 - [TEST_STEP][PASSED] - Statement - PreSaveFile = new java.io.File(((pathPrefix + java.lang.Integer.toString(counter)) + .png)): null

2018-12-04 12:19:32 - [TEST_STEP][PASSED] - Statement - counter = counter + 1: null

2018-12-04 12:19:32 - [TEST_STEP][PASSED] - Statement - PreSaveFile = new java.io.File(((pathPrefix + java.lang.Integer.toString(counter)) + .png)): null

2018-12-04 12:19:32 - [TEST_STEP][PASSED] - Statement - counter = counter + 1: null

2018-12-04 12:19:32 - [TEST_STEP][PASSED] - Statement - PreSaveFile = new java.io.File(((pathPrefix + java.lang.Integer.toString(counter)) + .png)): null

2018-12-04 12:19:34 - [TEST_STEP][PASSED] - Statement - counter = counter + 1: null

2018-12-04 12:19:34 - [TEST_STEP][PASSED] - Statement - PreSaveFile = new java.io.File(((pathPrefix + java.lang.Integer.toString(counter)) + .png)): null

2018-12-04 12:19:34 - [TEST_STEP][PASSED] - Statement - counter = counter + 1: null

2018-12-04 12:19:34 - [TEST_STEP][PASSED] - Statement - PreSaveFile = new java.io.File(((pathPrefix + java.lang.Integer.toString(counter)) + .png)): null

2018-12-04 12:19:34 - [TEST_STEP][PASSED] - Statement - counter = counter + 1: null

2018-12-04 12:19:34 - [TEST_STEP][PASSED] - Statement - PreSaveFile = new java.io.File(((pathPrefix + java.lang.Integer.toString(counter)) + .png)): null

2018-12-04 12:19:34 - [TEST_STEP][PASSED] - Statement - counter = counter + 1: null

2018-12-04 12:19:34 - [TEST_STEP][PASSED] - Statement - PreSaveFile = new java.io.File(((pathPrefix + java.lang.Integer.toString(counter)) + .png)): null

2018-12-04 12:19:34 - [TEST_STEP][PASSED] - Statement - counter = counter + 1: null

2018-12-04 12:19:36 - [TEST_STEP][PASSED] - Statement - PreSaveFile = new java.io.File(((pathPrefix + java.lang.Integer.toString(counter)) + .png)): null

2018-12-04 12:19:36 - [TEST_STEP][PASSED] - Statement - counter = counter + 1: null

2018-12-04 12:19:36 - [TEST_STEP][PASSED] - Statement - PreSaveFile = new java.io.File(((pathPrefix + java.lang.Integer.toString(counter)) + .png)): null

2018-12-04 12:19:36 - [TEST_STEP][PASSED] - Statement - counter = counter + 1: null

2018-12-04 12:19:36 - [TEST_STEP][PASSED] - Statement - PreSaveFile = new java.io.File(((pathPrefix + java.lang.Integer.toString(counter)) + .png)): null

2018-12-04 12:19:36 - [TEST_STEP][PASSED] - Statement - counter = counter + 1: null

2018-12-04 12:19:36 - [TEST_STEP][PASSED] - Statement - PreSaveFile = new java.io.File(((pathPrefix + java.lang.Integer.toString(counter)) + .png)): null

2018-12-04 12:19:36 - [TEST_STEP][PASSED] - Statement - counter = counter + 1: null

2018-12-04 12:19:36 - [TEST_STEP][PASSED] - Statement - PreSaveFile = new java.io.File(((pathPrefix + java.lang.Integer.toString(counter)) + .png)): null

2018-12-04 12:19:36 - [TEST_STEP][PASSED] - Statement - counter = counter + 1: null

2018-12-04 12:19:38 - [TEST_STEP][PASSED] - Statement - PreSaveFile = new java.io.File(((pathPrefix + java.lang.Integer.toString(counter)) + .png)): null

2018-12-04 12:19:38 - [TEST_STEP][PASSED] - Statement - counter = counter + 1: null

2018-12-04 12:19:38 - [TEST_STEP][PASSED] - Statement - PreSaveFile = new java.io.File(((pathPrefix + java.lang.Integer.toString(counter)) + .png)): null

2018-12-04 12:19:38 - [TEST_STEP][PASSED] - Statement - counter = counter + 1: null

2018-12-04 12:19:38 - [TEST_STEP][PASSED] - Statement - PreSaveFile = new java.io.File(((pathPrefix + java.lang.Integer.toString(counter)) + .png)): null

2018-12-04 12:19:38 - [TEST_STEP][PASSED] - Statement - counter = counter + 1: null

2018-12-04 12:19:38 - [TEST_STEP][PASSED] - Statement - PreSaveFile = new java.io.File(((pathPrefix + java.lang.Integer.toString(counter)) + .png)): null

2018-12-04 12:19:38 - [TEST_STEP][PASSED] - Statement - counter = counter + 1: null

2018-12-04 12:19:38 - [TEST_STEP][PASSED] - Statement - PreSaveFile = new java.io.File(((pathPrefix + java.lang.Integer.toString(counter)) + .png)): null

2018-12-04 12:19:38 - [TEST_STEP][PASSED] - Statement - counter = counter + 1: null

2018-12-04 12:19:40 - [TEST_STEP][PASSED] - Statement - PreSaveFile = new java.io.File(((pathPrefix + java.lang.Integer.toString(counter)) + .png)): null

2018-12-04 12:19:40 - [TEST_STEP][PASSED] - Statement - counter = counter + 1: null

2018-12-04 12:19:40 - [TEST_STEP][PASSED] - Statement - PreSaveFile = new java.io.File(((pathPrefix + java.lang.Integer.toString(counter)) + .png)): null

2018-12-04 12:19:40 - [TEST_STEP][PASSED] - Statement - counter = counter + 1: null

2018-12-04 12:19:40 - [TEST_STEP][PASSED] - Statement - PreSaveFile = new java.io.File(((pathPrefix + java.lang.Integer.toString(counter)) + .png)): null

2018-12-04 12:19:40 - [TEST_STEP][PASSED] - Statement - counter = counter + 1: null

2018-12-04 12:19:40 - [TEST_STEP][PASSED] - Statement - PreSaveFile = new java.io.File(((pathPrefix + java.lang.Integer.toString(counter)) + .png)): null

2018-12-04 12:19:40 - [TEST_STEP][PASSED] - Statement - counter = counter + 1: null

2018-12-04 12:19:40 - [TEST_STEP][PASSED] - Statement - PreSaveFile = new java.io.File(((pathPrefix + java.lang.Integer.toString(counter)) + .png)): null

2018-12-04 12:19:40 - [TEST_STEP][PASSED] - Statement - counter = counter + 1: null

2018-12-04 12:19:42 - [TEST_STEP][PASSED] - Statement - PreSaveFile = new java.io.File(((pathPrefix + java.lang.Integer.toString(counter)) + .png)): null

2018-12-04 12:19:42 - [TEST_STEP][PASSED] - Statement - counter = counter + 1: null

2018-12-04 12:19:42 - [TEST_STEP][PASSED] - Statement - PreSaveFile = new java.io.File(((pathPrefix + java.lang.Integer.toString(counter)) + .png)): null

2018-12-04 12:19:42 - [TEST_STEP][PASSED] - Statement - counter = counter + 1: null

2018-12-04 12:19:42 - [TEST_STEP][PASSED] - Statement - PreSaveFile = new java.io.File(((pathPrefix + java.lang.Integer.toString(counter)) + .png)): null

2018-12-04 12:19:42 - [TEST_STEP][PASSED] - Statement - counter = counter + 1: null

2018-12-04 12:19:42 - [TEST_STEP][PASSED] - Statement - PreSaveFile = new java.io.File(((pathPrefix + java.lang.Integer.toString(counter)) + .png)): null

2018-12-04 12:19:42 - [TEST_STEP][PASSED] - Statement - counter = counter + 1: null

2018-12-04 12:19:42 - [TEST_STEP][PASSED] - Statement - PreSaveFile = new java.io.File(((pathPrefix + java.lang.Integer.toString(counter)) + .png)): null

2018-12-04 12:19:44 - [TEST_STEP][PASSED] - Statement - counter = counter + 1: null

2018-12-04 12:19:44 - [TEST_STEP][PASSED] - Statement - PreSaveFile = new java.io.File(((pathPrefix + java.lang.Integer.toString(counter)) + .png)): null

2018-12-04 12:19:44 - [TEST_STEP][PASSED] - Statement - counter = counter + 1: null

2018-12-04 12:19:44 - [TEST_STEP][PASSED] - Statement - PreSaveFile = new java.io.File(((pathPrefix + java.lang.Integer.toString(counter)) + .png)): null

2018-12-04 12:19:44 - [TEST_STEP][PASSED] - Statement - counter = counter + 1: null

2018-12-04 12:19:44 - [TEST_STEP][PASSED] - Statement - PreSaveFile = new java.io.File(((pathPrefix + java.lang.Integer.toString(counter)) + .png)): null

2018-12-04 12:19:44 - [TEST_STEP][PASSED] - Statement - counter = counter + 1: null

2018-12-04 12:19:44 - [TEST_STEP][PASSED] - Statement - PreSaveFile = new java.io.File(((pathPrefix + java.lang.Integer.toString(counter)) + .png)): null

2018-12-04 12:19:44 - [TEST_STEP][PASSED] - Statement - counter = counter + 1: null

2018-12-04 12:19:46 - [TEST_STEP][PASSED] - Statement - PreSaveFile = new java.io.File(((pathPrefix + java.lang.Integer.toString(counter)) + .png)): null

2018-12-04 12:19:46 - [TEST_STEP][PASSED] - Statement - counter = counter + 1: null

2018-12-04 12:19:46 - [TEST_STEP][PASSED] - Statement - PreSaveFile = new java.io.File(((pathPrefix + java.lang.Integer.toString(counter)) + .png)): null

2018-12-04 12:19:46 - [TEST_STEP][PASSED] - Statement - counter = counter + 1: null

2018-12-04 12:19:46 - [TEST_STEP][PASSED] - Statement - PreSaveFile = new java.io.File(((pathPrefix + java.lang.Integer.toString(counter)) + .png)): null

2018-12-04 12:19:46 - [TEST_STEP][PASSED] - Statement - counter = counter + 1: null

2018-12-04 12:19:46 - [TEST_STEP][PASSED] - Statement - PreSaveFile = new java.io.File(((pathPrefix + java.lang.Integer.toString(counter)) + .png)): null

2018-12-04 12:19:46 - [TEST_STEP][PASSED] - Statement - counter = counter + 1: null

2018-12-04 12:19:46 - [TEST_STEP][PASSED] - Statement - PreSaveFile = new java.io.File(((pathPrefix + java.lang.Integer.toString(counter)) + .png)): null

2018-12-04 12:19:46 - [TEST_STEP][PASSED] - Statement - counter = counter + 1: null

2018-12-04 12:19:48 - [TEST_STEP][PASSED] - Statement - PreSaveFile = new java.io.File(((pathPrefix + java.lang.Integer.toString(counter)) + .png)): null

2018-12-04 12:19:48 - [TEST_STEP][PASSED] - Statement - counter = counter + 1: null

2018-12-04 12:19:48 - [TEST_STEP][PASSED] - Statement - PreSaveFile = new java.io.File(((pathPrefix + java.lang.Integer.toString(counter)) + .png)): null

2018-12-04 12:19:48 - [TEST_STEP][PASSED] - Statement - counter = counter + 1: null

2018-12-04 12:19:48 - [TEST_STEP][PASSED] - Statement - PreSaveFile = new java.io.File(((pathPrefix + java.lang.Integer.toString(counter)) + .png)): null

2018-12-04 12:19:48 - [TEST_STEP][PASSED] - Statement - counter = counter + 1: null

2018-12-04 12:19:48 - [TEST_STEP][PASSED] - Statement - PreSaveFile = new java.io.File(((pathPrefix + java.lang.Integer.toString(counter)) + .png)): null

2018-12-04 12:19:48 - [TEST_STEP][PASSED] - Statement - counter = counter + 1: null

2018-12-04 12:19:48 - [TEST_STEP][PASSED] - Statement - PreSaveFile = new java.io.File(((pathPrefix + java.lang.Integer.toString(counter)) + .png)): null

2018-12-04 12:19:48 - [TEST_STEP][PASSED] - Statement - counter = counter + 1: null

2018-12-04 12:19:50 - [TEST_STEP][PASSED] - Statement - PreSaveFile = new java.io.File(((pathPrefix + java.lang.Integer.toString(counter)) + .png)): null

2018-12-04 12:19:50 - [TEST_STEP][PASSED] - Statement - counter = counter + 1: null

2018-12-04 12:19:50 - [TEST_STEP][PASSED] - Statement - PreSaveFile = new java.io.File(((pathPrefix + java.lang.Integer.toString(counter)) + .png)): null

2018-12-04 12:19:50 - [TEST_STEP][PASSED] - Statement - counter = counter + 1: null

2018-12-04 12:19:50 - [TEST_STEP][PASSED] - Statement - PreSaveFile = new java.io.File(((pathPrefix + java.lang.Integer.toString(counter)) + .png)): null

2018-12-04 12:19:50 - [TEST_STEP][PASSED] - Statement - counter = counter + 1: null

2018-12-04 12:19:50 - [TEST_STEP][PASSED] - Statement - PreSaveFile = new java.io.File(((pathPrefix + java.lang.Integer.toString(counter)) + .png)): null

2018-12-04 12:19:50 - [TEST_STEP][PASSED] - Statement - counter = counter + 1: null

2018-12-04 12:19:50 - [TEST_STEP][PASSED] - Statement - PreSaveFile = new java.io.File(((pathPrefix + java.lang.Integer.toString(counter)) + .png)): null

2018-12-04 12:19:52 - [TEST_STEP][PASSED] - Statement - counter = counter + 1: null

2018-12-04 12:19:52 - [TEST_STEP][PASSED] - Statement - PreSaveFile = new java.io.File(((pathPrefix + java.lang.Integer.toString(counter)) + .png)): null

2018-12-04 12:19:52 - [TEST_STEP][PASSED] - Statement - counter = counter + 1: null

2018-12-04 12:19:52 - [TEST_STEP][PASSED] - Statement - PreSaveFile = new java.io.File(((pathPrefix + java.lang.Integer.toString(counter)) + .png)): null

2018-12-04 12:19:52 - [TEST_STEP][PASSED] - Statement - counter = counter + 1: null

2018-12-04 12:19:52 - [TEST_STEP][PASSED] - Statement - PreSaveFile = new java.io.File(((pathPrefix + java.lang.Integer.toString(counter)) + .png)): null

2018-12-04 12:19:52 - [TEST_STEP][PASSED] - Statement - counter = counter + 1: null

2018-12-04 12:19:52 - [TEST_STEP][PASSED] - Statement - PreSaveFile = new java.io.File(((pathPrefix + java.lang.Integer.toString(counter)) + .png)): null

2018-12-04 12:19:52 - [TEST_STEP][PASSED] - Statement - counter = counter + 1: null

2018-12-04 12:19:52 - [TEST_STEP][PASSED] - Statement - PreSaveFile = new java.io.File(((pathPrefix + java.lang.Integer.toString(counter)) + .png)): null

2018-12-04 12:19:54 - [TEST_STEP][PASSED] - Statement - counter = counter + 1: null

2018-12-04 12:19:54 - [TEST_STEP][PASSED] - Statement - PreSaveFile = new java.io.File(((pathPrefix + java.lang.Integer.toString(counter)) + .png)): null

2018-12-04 12:19:54 - [TEST_STEP][PASSED] - Statement - counter = counter + 1: null

2018-12-04 12:19:54 - [TEST_STEP][PASSED] - Statement - PreSaveFile = new java.io.File(((pathPrefix + java.lang.Integer.toString(counter)) + .png)): null

2018-12-04 12:19:54 - [TEST_STEP][PASSED] - Statement - counter = counter + 1: null

2018-12-04 12:19:54 - [TEST_STEP][PASSED] - Statement - PreSaveFile = new java.io.File(((pathPrefix + java.lang.Integer.toString(counter)) + .png)): null

2018-12-04 12:19:54 - [TEST_STEP][PASSED] - Statement - counter = counter + 1: null

2018-12-04 12:19:54 - [TEST_STEP][PASSED] - Statement - PreSaveFile = new java.io.File(((pathPrefix + java.lang.Integer.toString(counter)) + .png)): null

2018-12-04 12:19:54 - [TEST_STEP][PASSED] - Statement - counter = counter + 1: null

2018-12-04 12:19:56 - [TEST_STEP][PASSED] - Statement - PreSaveFile = new java.io.File(((pathPrefix + java.lang.Integer.toString(counter)) + .png)): null

2018-12-04 12:19:56 - [TEST_STEP][PASSED] - Statement - counter = counter + 1: null

2018-12-04 12:19:56 - [TEST_STEP][PASSED] - Statement - PreSaveFile = new java.io.File(((pathPrefix + java.lang.Integer.toString(counter)) + .png)): null

2018-12-04 12:19:56 - [TEST_STEP][PASSED] - Statement - counter = counter + 1: null

2018-12-04 12:19:56 - [TEST_STEP][PASSED] - Statement - PreSaveFile = new java.io.File(((pathPrefix + java.lang.Integer.toString(counter)) + .png)): null

2018-12-04 12:19:56 - [TEST_STEP][PASSED] - Statement - counter = counter + 1: null

2018-12-04 12:19:56 - [TEST_STEP][PASSED] - Statement - PreSaveFile = new java.io.File(((pathPrefix + java.lang.Integer.toString(counter)) + .png)): null

2018-12-04 12:19:56 - [TEST_STEP][PASSED] - Statement - counter = counter + 1: null

2018-12-04 12:19:56 - [TEST_STEP][PASSED] - Statement - PreSaveFile = new java.io.File(((pathPrefix + java.lang.Integer.toString(counter)) + .png)): null

2018-12-04 12:19:56 - [TEST_STEP][PASSED] - Statement - counter = counter + 1: null

2018-12-04 12:19:58 - [TEST_STEP][PASSED] - Statement - PreSaveFile = new java.io.File(((pathPrefix + java.lang.Integer.toString(counter)) + .png)): null

2018-12-04 12:19:58 - [TEST_STEP][PASSED] - Statement - counter = counter + 1: null

2018-12-04 12:19:58 - [TEST_STEP][PASSED] - Statement - PreSaveFile = new java.io.File(((pathPrefix + java.lang.Integer.toString(counter)) + .png)): null

2018-12-04 12:19:58 - [TEST_STEP][PASSED] - Statement - counter = counter + 1: null

2018-12-04 12:19:58 - [TEST_STEP][PASSED] - Statement - PreSaveFile = new java.io.File(((pathPrefix + java.lang.Integer.toString(counter)) + .png)): null

2018-12-04 12:19:58 - [TEST_STEP][PASSED] - Statement - counter = counter + 1: null

2018-12-04 12:19:58 - [TEST_STEP][PASSED] - Statement - PreSaveFile = new java.io.File(((pathPrefix + java.lang.Integer.toString(counter)) + .png)): null

2018-12-04 12:19:58 - [TEST_STEP][PASSED] - Statement - counter = counter + 1: null

2018-12-04 12:19:58 - [TEST_STEP][PASSED] - Statement - PreSaveFile = new java.io.File(((pathPrefix + java.lang.Integer.toString(counter)) + .png)): null

2018-12-04 12:19:58 - [TEST_STEP][PASSED] - Statement - counter = counter + 1: null

2018-12-04 12:20:00 - [TEST_STEP][PASSED] - Statement - PreSaveFile = new java.io.File(((pathPrefix + java.lang.Integer.toString(counter)) + .png)): null

2018-12-04 12:20:00 - [TEST_STEP][PASSED] - Statement - counter = counter + 1: null

2018-12-04 12:20:00 - [TEST_STEP][PASSED] - Statement - PreSaveFile = new java.io.File(((pathPrefix + java.lang.Integer.toString(counter)) + .png)): null

2018-12-04 12:20:00 - [TEST_STEP][PASSED] - Statement - counter = counter + 1: null

2018-12-04 12:20:00 - [TEST_STEP][PASSED] - Statement - PreSaveFile = new java.io.File(((pathPrefix + java.lang.Integer.toString(counter)) + .png)): null

2018-12-04 12:20:00 - [TEST_STEP][PASSED] - Statement - counter = counter + 1: null

2018-12-04 12:20:00 - [TEST_STEP][PASSED] - Statement - PreSaveFile = new java.io.File(((pathPrefix + java.lang.Integer.toString(counter)) + .png)): null

2018-12-04 12:20:00 - [TEST_STEP][PASSED] - Statement - counter = counter + 1: null

2018-12-04 12:20:00 - [TEST_STEP][PASSED] - Statement - PreSaveFile = new java.io.File(((pathPrefix + java.lang.Integer.toString(counter)) + .png)): null

2018-12-04 12:20:02 - [TEST_STEP][PASSED] - Statement - counter = counter + 1: null

2018-12-04 12:20:02 - [TEST_STEP][PASSED] - Statement - PreSaveFile = new java.io.File(((pathPrefix + java.lang.Integer.toString(counter)) + .png)): null

2018-12-04 12:20:02 - [TEST_STEP][PASSED] - Statement - counter = counter + 1: null

2018-12-04 12:20:02 - [TEST_STEP][PASSED] - Statement - PreSaveFile = new java.io.File(((pathPrefix + java.lang.Integer.toString(counter)) + .png)): null

2018-12-04 12:20:02 - [TEST_STEP][PASSED] - Statement - counter = counter + 1: null

2018-12-04 12:20:02 - [TEST_STEP][PASSED] - Statement - PreSaveFile = new java.io.File(((pathPrefix + java.lang.Integer.toString(counter)) + .png)): null

2018-12-04 12:20:02 - [TEST_STEP][PASSED] - Statement - counter = counter + 1: null

2018-12-04 12:20:02 - [TEST_STEP][PASSED] - Statement - PreSaveFile = new java.io.File(((pathPrefix + java.lang.Integer.toString(counter)) + .png)): null

2018-12-04 12:20:02 - [TEST_STEP][PASSED] - Statement - counter = counter + 1: null

2018-12-04 12:20:04 - [TEST_STEP][PASSED] - Statement - PreSaveFile = new java.io.File(((pathPrefix + java.lang.Integer.toString(counter)) + .png)): null

2018-12-04 12:20:04 - [TEST_STEP][PASSED] - Statement - counter = counter + 1: null

2018-12-04 12:20:04 - [TEST_STEP][PASSED] - Statement - PreSaveFile = new java.io.File(((pathPrefix + java.lang.Integer.toString(counter)) + .png)): null

2018-12-04 12:20:04 - [TEST_STEP][PASSED] - Statement - counter = counter + 1: null

2018-12-04 12:20:04 - [TEST_STEP][PASSED] - Statement - PreSaveFile = new java.io.File(((pathPrefix + java.lang.Integer.toString(counter)) + .png)): null

2018-12-04 12:20:04 - [TEST_STEP][PASSED] - Statement - counter = counter + 1: null

2018-12-04 12:20:04 - [TEST_STEP][PASSED] - Statement - PreSaveFile = new java.io.File(((pathPrefix + java.lang.Integer.toString(counter)) + .png)): null

2018-12-04 12:20:04 - [TEST_STEP][PASSED] - Statement - counter = counter + 1: null

2018-12-04 12:20:04 - [TEST_STEP][PASSED] - Statement - PreSaveFile = new java.io.File(((pathPrefix + java.lang.Integer.toString(counter)) + .png)): null

2018-12-04 12:20:04 - [TEST_STEP][PASSED] - Statement - counter = counter + 1: null

2018-12-04 12:20:06 - [TEST_STEP][PASSED] - Statement - PreSaveFile = new java.io.File(((pathPrefix + java.lang.Integer.toString(counter)) + .png)): null

2018-12-04 12:20:06 - [TEST_STEP][PASSED] - Statement - counter = counter + 1: null

2018-12-04 12:20:06 - [TEST_STEP][PASSED] - Statement - PreSaveFile = new java.io.File(((pathPrefix + java.lang.Integer.toString(counter)) + .png)): null

2018-12-04 12:20:06 - [TEST_STEP][PASSED] - Statement - counter = counter + 1: null

2018-12-04 12:20:06 - [TEST_STEP][PASSED] - Statement - PreSaveFile = new java.io.File(((pathPrefix + java.lang.Integer.toString(counter)) + .png)): null

2018-12-04 12:20:06 - [TEST_STEP][PASSED] - Statement - counter = counter + 1: null

2018-12-04 12:20:06 - [TEST_STEP][PASSED] - Statement - PreSaveFile = new java.io.File(((pathPrefix + java.lang.Integer.toString(counter)) + .png)): null

2018-12-04 12:20:06 - [TEST_STEP][PASSED] - Statement - counter = counter + 1: null

2018-12-04 12:20:06 - [TEST_STEP][PASSED] - Statement - PreSaveFile = new java.io.File(((pathPrefix + java.lang.Integer.toString(counter)) + .png)): null

2018-12-04 12:20:06 - [TEST_STEP][PASSED] - Statement - counter = counter + 1: null

2018-12-04 12:20:08 - [TEST_STEP][PASSED] - Statement - PreSaveFile = new java.io.File(((pathPrefix + java.lang.Integer.toString(counter)) + .png)): null

2018-12-04 12:20:08 - [TEST_STEP][PASSED] - Statement - counter = counter + 1: null

2018-12-04 12:20:08 - [TEST_STEP][PASSED] - Statement - PreSaveFile = new java.io.File(((pathPrefix + java.lang.Integer.toString(counter)) + .png)): null

2018-12-04 12:20:08 - [TEST_STEP][PASSED] - Statement - counter = counter + 1: null

2018-12-04 12:20:08 - [TEST_STEP][PASSED] - Statement - PreSaveFile = new java.io.File(((pathPrefix + java.lang.Integer.toString(counter)) + .png)): null

2018-12-04 12:20:08 - [TEST_STEP][PASSED] - Statement - counter = counter + 1: null

2018-12-04 12:20:08 - [TEST_STEP][PASSED] - Statement - PreSaveFile = new java.io.File(((pathPrefix + java.lang.Integer.toString(counter)) + .png)): null

2018-12-04 12:20:08 - [TEST_STEP][PASSED] - Statement - counter = counter + 1: null

2018-12-04 12:20:08 - [TEST_STEP][PASSED] - Statement - PreSaveFile = new java.io.File(((pathPrefix + java.lang.Integer.toString(counter)) + .png)): null

2018-12-04 12:20:08 - [TEST_STEP][PASSED] - Statement - counter = counter + 1: null

2018-12-04 12:20:10 - [TEST_STEP][PASSED] - Statement - PreSaveFile = new java.io.File(((pathPrefix + java.lang.Integer.toString(counter)) + .png)): null

2018-12-04 12:20:10 - [TEST_STEP][PASSED] - Statement - finalPath = pathPrefix + java.lang.Integer.toString(counter) + ".png": null

2018-12-04 12:20:10 - [TEST_STEP][PASSED] - Statement - SaveFile = new java.io.File(finalPath): null

2018-12-04 12:20:10 - [TEST_STEP][PASSED] - Statement - Try: null

2018-12-04 12:20:10 - [TEST_STEP][PASSED] - Statement - org.apache.commons.io.FileUtils.copyFile(scrFile, SaveFile): null

2018-12-04 12:20:10 - [TEST_STEP][PASSED] - Statement - out.println("file kept"): null

2018-12-04 12:20:10 - [TEST_STEP][PASSED] - delay: Delayed 10 second(s)

2018-12-04 12:20:20 - [MESSAGE][PASSED] - Delayed 10 second(s)

2018-12-04 12:20:20 - [MESSAGE][PASSED] - Call Test Case 'Test Cases/Final Aug 2018 - PKS Automation/Registration Module/New Registration/Submit and Screenshot/Submit Registration and Screenshot' successfully

2018-12-04 12:20:20 - [TEST_STEP][PASSED] - delay: Delayed 5 second(s)

2018-12-04 12:20:26 - [MESSAGE][PASSED] - Delayed 5 second(s)

2018-12-04 12:20:26 - [TEST_STEP][PASSED] - callTestCase: Call Test Case 'Test Cases/Final Aug 2018 - PKS Automation/Registration Module/Log Out/log out avoiding katalon tagging' successfully

2018-12-04 12:20:26 - [TEST_CASE][PASSED] - Test Cases/Final Aug 2018 - PKS Automation/Registration Module/Log Out/log out avoiding katalon tagging: Test Cases/Final Aug 2018 - PKS Automation/Registration Module/Log Out/log out avoiding katalon tagging

2018-12-04 12:20:26 - [TEST_STEP][PASSED] - navigateToUrl: Navigate to 'https://assist2-uat.perkeso.gov.my/c/portal/logout' successfully

2018-12-04 12:20:26 - [MESSAGE][PASSED] - Navigate to 'https://assist2-uat.perkeso.gov.my/c/portal/logout' successfully

2018-12-04 12:20:26 - [MESSAGE][PASSED] - Call Test Case 'Test Cases/Final Aug 2018 - PKS Automation/Registration Module/Log Out/log out avoiding katalon tagging' successfully

2018-12-04 12:20:26 - [TEST_STEP][PASSED] - callTestCase: Call Test Case 'Test Cases/Final Aug 2018 - PKS Automation/Common/Workflow Owner Finder' successfully

2018-12-04 12:20:26 - [TEST_CASE][PASSED] - Test Cases/Final Aug 2018 - PKS Automation/Common/Workflow Owner Finder: Test Cases/Final Aug 2018 - PKS Automation/Common/Workflow Owner Finder

2018-12-04 12:20:26 - [TEST_STEP][PASSED] - openBrowser: Browser is opened with url: ''

2018-12-04 12:20:26 - [MESSAGE][WARNING] - A browser is already opened. Closing browser and opening a new one

2018-12-04 12:20:30 - [MESSAGE][PASSED] - Browser is opened with url: ''

2018-12-04 12:20:30 - [TEST_STEP][PASSED] - navigateToUrl: Navigate to 'https://assist2-uat.perkeso.gov.my/login' successfully

2018-12-04 12:20:31 - [MESSAGE][PASSED] - Navigate to 'https://assist2-uat.perkeso.gov.my/login' successfully

2018-12-04 12:20:31 - [TEST_STEP][PASSED] - delay: Delayed 5 second(s)

2018-12-04 12:20:36 - [MESSAGE][PASSED] - Delayed 5 second(s)

2018-12-04 12:20:36 - [TEST_STEP][PASSED] - setText: Text 'test@liferay.com' is set on object 'Object Repository/Final Object Repo/Login Page/Internal User/Email Address'

2018-12-04 12:20:36 - [MESSAGE][PASSED] - Text 'test@liferay.com' is set on object 'Object Repository/Final Object Repo/Login Page/Internal User/Email Address'

2018-12-04 12:20:36 - [TEST_STEP][PASSED] - click: Object: 'Object Repository/Final Object Repo/Login Page/Internal User/Next Button' is clicked on

2018-12-04 12:20:36 - [MESSAGE][PASSED] - Object: 'Object Repository/Final Object Repo/Login Page/Internal User/Next Button' is clicked on

2018-12-04 12:20:36 - [TEST_STEP][PASSED] - delay: Delayed 2 second(s)

2018-12-04 12:20:38 - [MESSAGE][PASSED] - Delayed 2 second(s)

2018-12-04 12:20:38 - [TEST_STEP][PASSED] - setText: Text 'test' is set on object 'Object Repository/Final Object Repo/Login Page/Internal User/Password'

2018-12-04 12:20:39 - [MESSAGE][PASSED] - Text 'test' is set on object 'Object Repository/Final Object Repo/Login Page/Internal User/Password'

2018-12-04 12:20:39 - [TEST_STEP][PASSED] - delay: Delayed 2 second(s)

2018-12-04 12:20:41 - [MESSAGE][PASSED] - Delayed 2 second(s)

2018-12-04 12:20:41 - [TEST_STEP][PASSED] - click: Object: 'Object Repository/Final Object Repo/Login Page/Internal User/Login Button' is clicked on

2018-12-04 12:20:41 - [MESSAGE][PASSED] - Object: 'Object Repository/Final Object Repo/Login Page/Internal User/Login Button' is clicked on

2018-12-04 12:20:41 - [TEST_STEP][PASSED] - Statement - tester = com.kms.katalon.core.testobject.ObjectRepository.findTestObject(Final Object Repo/Landing Page/Select to English): Finding Test Object with id 'Object Repository/Final Object Repo/Landing Page/Select to English'

2018-12-04 12:20:41 - [TEST_STEP][PASSED] - Statement - Try: Delayed 2 second(s)

2018-12-04 12:20:41 - [TEST_STEP][PASSED] - Statement - Checker = com.kms.katalon.core.webui.keyword.WebUiBuiltInKeywords.verifyElementNotPresent(tester, 3): Web element with id: 'Object Repository/Final Object Repo/Landing Page/Select to English' located by 'By.xpath: //a[@class = 'taglib-language-list-text' and @lang = 'en-US' and (contains(text(), 'EN') or contains(., 'EN'))]' is not present after '3' second(s)

2018-12-04 12:20:43 - [MESSAGE][PASSED] - Web element with id: 'Object Repository/Final Object Repo/Landing Page/Select to English' located by 'By.xpath: //a[@class = 'taglib-language-list-text' and @lang = 'en-US' and (contains(text(), 'EN') or contains(., 'EN'))]' is not present after '3' second(s)

2018-12-04 12:20:43 - [TEST_STEP][PASSED] - Statement - If (Checker == false): null

2018-12-04 12:20:43 - [TEST_STEP][PASSED] - delay: Delayed 2 second(s)

2018-12-04 12:20:45 - [MESSAGE][PASSED] - Delayed 2 second(s)

2018-12-04 12:20:45 - [TEST_STEP][PASSED] - delay: Delayed 5 second(s)

2018-12-04 12:20:50 - [MESSAGE][PASSED] - Delayed 5 second(s)

2018-12-04 12:20:50 - [TEST_STEP][PASSED] - mouseOver: Object: 'Object Repository/Final Object Repo/Landing Page/WorkFlow Menu' is hovered

2018-12-04 12:20:50 - [MESSAGE][PASSED] - Object: 'Object Repository/Final Object Repo/Landing Page/WorkFlow Menu' is hovered

2018-12-04 12:20:50 - [TEST_STEP][PASSED] - delay: Delayed 2 second(s)

2018-12-04 12:20:52 - [MESSAGE][PASSED] - Delayed 2 second(s)

2018-12-04 12:20:52 - [TEST_STEP][PASSED] - click: Object: 'Object Repository/Final Object Repo/Landing Page/Select to Workflow Listing' is clicked on

2018-12-04 12:20:53 - [MESSAGE][PASSED] - Object: 'Object Repository/Final Object Repo/Landing Page/Select to Workflow Listing' is clicked on

2018-12-04 12:20:53 - [TEST_STEP][PASSED] - delay: Delayed 2 second(s)

2018-12-04 12:20:55 - [MESSAGE][PASSED] - Delayed 2 second(s)

2018-12-04 12:20:55 - [TEST_STEP][PASSED] - click: Object: 'Object Repository/Final Object Repo/WorkFlow Listing Page/Search Information - To Put Ref No' is clicked on

2018-12-04 12:20:55 - [MESSAGE][PASSED] - Object: 'Object Repository/Final Object Repo/WorkFlow Listing Page/Search Information - To Put Ref No' is clicked on

2018-12-04 12:20:55 - [TEST_STEP][PASSED] - delay: Delayed 2 second(s)

2018-12-04 12:20:57 - [MESSAGE][PASSED] - Delayed 2 second(s)

2018-12-04 12:20:57 - [TEST_STEP][PASSED] - callTestCase: Call Test Case 'Test Cases/Final Aug 2018 - PKS Automation/Common/Reference Number Getter' successfully

2018-12-04 12:20:58 - [TEST_CASE][PASSED] - Test Cases/Final Aug 2018 - PKS Automation/Common/Reference Number Getter: Test Cases/Final Aug 2018 - PKS Automation/Common/Reference Number Getter

2018-12-04 12:20:58 - [TEST_STEP][PASSED] - Statement - Try: null

2018-12-04 12:20:58 - [TEST_STEP][PASSED] - Statement - RefNo = new java.io.File(C://Users//Admin//Desktop//PKS//Automation Reference Point//KatalonReference.txt): null

2018-12-04 12:20:58 - [TEST_STEP][PASSED] - Statement - bufferread = new java.io.BufferedReader(new java.io.FileReader(RefNo)): null

2018-12-04 12:20:58 - [TEST_STEP][PASSED] - Statement - readedVal = bufferread.readLine(): null

2018-12-04 12:20:58 - [TEST_STEP][PASSED] - Statement - out.println(CaseReferenceNo): null

2018-12-04 12:20:58 - [TEST_STEP][PASSED] - Statement - out.println(readedVal): null

2018-12-04 12:20:58 - [TEST_STEP][PASSED] - Statement - CaseReferenceNo = "": null

2018-12-04 12:20:58 - [TEST_STEP][PASSED] - Statement - CaseReferenceNo = readedVal: null

2018-12-04 12:20:58 - [MESSAGE][PASSED] - Call Test Case 'Test Cases/Final Aug 2018 - PKS Automation/Common/Reference Number Getter' successfully

2018-12-04 12:20:58 - [TEST_STEP][PASSED] - setText: Text 'CRN12201800122974' is set on object 'Object Repository/Final Object Repo/WorkFlow Listing Page/Ref No Set Text'

2018-12-04 12:20:58 - [MESSAGE][PASSED] - Text 'CRN12201800122974' is set on object 'Object Repository/Final Object Repo/WorkFlow Listing Page/Ref No Set Text'

2018-12-04 12:20:58 - [TEST_STEP][PASSED] - delay: Delayed 2 second(s)

2018-12-04 12:21:00 - [MESSAGE][PASSED] - Delayed 2 second(s)

2018-12-04 12:21:00 - [TEST_STEP][PASSED] - click: Object: 'Object Repository/Final Object Repo/WorkFlow Listing Page/Search Ref No Search Button' is clicked on

2018-12-04 12:21:00 - [MESSAGE][PASSED] - Object: 'Object Repository/Final Object Repo/WorkFlow Listing Page/Search Ref No Search Button' is clicked on

2018-12-04 12:21:00 - [TEST_STEP][PASSED] - delay: Delayed 6 second(s)

2018-12-04 12:21:06 - [MESSAGE][PASSED] - Delayed 6 second(s)

2018-12-04 12:21:06 - [TEST_STEP][PASSED] - click: Object: 'Object Repository/Final Object Repo/WorkFlow Listing Page/Click Continue Tooltip' is clicked on

2018-12-04 12:21:07 - [MESSAGE][PASSED] - Object: 'Object Repository/Final Object Repo/WorkFlow Listing Page/Click Continue Tooltip' is clicked on

2018-12-04 12:21:07 - [TEST_STEP][PASSED] - delay: Delayed 5 second(s)

2018-12-04 12:21:12 - [MESSAGE][PASSED] - Delayed 5 second(s)

2018-12-04 12:21:12 - [TEST_STEP][PASSED] - doubleClick: Object: 'Object Repository/Final Object Repo/WorkFlow Listing Page/Workflow Found - Listing 1' is double clicked on

2018-12-04 12:21:13 - [MESSAGE][PASSED] - Object: 'Object Repository/Final Object Repo/WorkFlow Listing Page/Workflow Found - Listing 1' is double clicked on

2018-12-04 12:21:13 - [TEST_STEP][PASSED] - Statement - println(OwnerID): null

2018-12-04 12:21:13 - [TEST_STEP][PASSED] - Statement - OwnerID = com.kms.katalon.core.webui.keyword.WebUiBuiltInKeywords.getText(com.kms.katalon.core.testobject.ObjectRepository.findTestObject(Final Object Repo/WorkFlow Listing Page/Workflow Found - Listing 1), STOP_ON_FAILURE): Text of object 'Object Repository/Final Object Repo/WorkFlow Listing Page/Workflow Found - Listing 1' is: 'KLpkrbo2'

2018-12-04 12:21:13 - [MESSAGE][PASSED] - Text of object 'Object Repository/Final Object Repo/WorkFlow Listing Page/Workflow Found - Listing 1' is: 'KLpkrbo2'

2018-12-04 12:21:13 - [TEST_STEP][PASSED] - Statement - OwnerID = OwnerID.toLowerCase() + "@gmail.com": null

2018-12-04 12:21:13 - [TEST_STEP][PASSED] - Statement - println(OwnerID): null

2018-12-04 12:21:13 - [TEST_STEP][PASSED] - delay: Delayed 2 second(s)

2018-12-04 12:21:15 - [MESSAGE][PASSED] - Delayed 2 second(s)

2018-12-04 12:21:15 - [MESSAGE][PASSED] - Call Test Case 'Test Cases/Final Aug 2018 - PKS Automation/Common/Workflow Owner Finder' successfully

2018-12-04 12:21:15 - [TEST_STEP][PASSED] - callTestCase: Call Test Case 'Test Cases/Final Aug 2018 - PKS Automation/Registration Module/Log Out/log out avoiding katalon tagging' successfully

2018-12-04 12:21:15 - [TEST_CASE][PASSED] - Test Cases/Final Aug 2018 - PKS Automation/Registration Module/Log Out/log out avoiding katalon tagging: Test Cases/Final Aug 2018 - PKS Automation/Registration Module/Log Out/log out avoiding katalon tagging

2018-12-04 12:21:15 - [TEST_STEP][PASSED] - navigateToUrl: Navigate to 'https://assist2-uat.perkeso.gov.my/c/portal/logout' successfully

2018-12-04 12:21:15 - [MESSAGE][PASSED] - Navigate to 'https://assist2-uat.perkeso.gov.my/c/portal/logout' successfully

2018-12-04 12:21:15 - [MESSAGE][PASSED] - Call Test Case 'Test Cases/Final Aug 2018 - PKS Automation/Registration Module/Log Out/log out avoiding katalon tagging' successfully

2018-12-04 12:21:15 - [TEST_STEP][PASSED] - delay: Delayed 2 second(s)

2018-12-04 12:21:17 - [MESSAGE][PASSED] - Delayed 2 second(s)

2018-12-04 12:21:17 - [TEST_STEP][PASSED] - setText: Text 'klpkrbo2@gmail.com' is set on object 'Object Repository/Final Object Repo/New Registration - Registration Module Pages/New Reg - OTC to RO/Special Case - All Related Objects/Email TextBox'

2018-12-04 12:21:18 - [MESSAGE][PASSED] - Text 'klpkrbo2@gmail.com' is set on object 'Object Repository/Final Object Repo/New Registration - Registration Module Pages/New Reg - OTC to RO/Special Case - All Related Objects/Email TextBox'

2018-12-04 12:21:18 - [TEST_STEP][PASSED] - click: Object: 'Object Repository/Final Object Repo/New Registration - Registration Module Pages/New Reg - OTC to RO/Special Case - All Related Objects/Next Button' is clicked on

2018-12-04 12:21:18 - [MESSAGE][PASSED] - Object: 'Object Repository/Final Object Repo/New Registration - Registration Module Pages/New Reg - OTC to RO/Special Case - All Related Objects/Next Button' is clicked on

2018-12-04 12:21:18 - [TEST_STEP][PASSED] - delay: Delayed 2 second(s)

2018-12-04 12:21:20 - [MESSAGE][PASSED] - Delayed 2 second(s)

2018-12-04 12:21:20 - [TEST_STEP][PASSED] - setText: Text 'Test1@3456789' is set on object 'Object Repository/Final Object Repo/New Registration - Registration Module Pages/New Reg - OTC to RO/Special Case - All Related Objects/Password TextBox'

2018-12-04 12:21:20 - [MESSAGE][PASSED] - Text 'Test1@3456789' is set on object 'Object Repository/Final Object Repo/New Registration - Registration Module Pages/New Reg - OTC to RO/Special Case - All Related Objects/Password TextBox'

2018-12-04 12:21:20 - [TEST_STEP][PASSED] - delay: Delayed 2 second(s)

2018-12-04 12:21:22 - [MESSAGE][PASSED] - Delayed 2 second(s)

2018-12-04 12:21:22 - [TEST_STEP][PASSED] - click: Object: 'Object Repository/Final Object Repo/New Registration - Registration Module Pages/New Reg - OTC to RO/Special Case - All Related Objects/Login Button' is clicked on

2018-12-04 12:21:23 - [MESSAGE][PASSED] - Object: 'Object Repository/Final Object Repo/New Registration - Registration Module Pages/New Reg - OTC to RO/Special Case - All Related Objects/Login Button' is clicked on

2018-12-04 12:21:23 - [TEST_STEP][PASSED] - delay: Delayed 2 second(s)

2018-12-04 12:21:25 - [MESSAGE][PASSED] - Delayed 2 second(s)

2018-12-04 12:21:25 - [TEST_STEP][PASSED] - Statement - Try: null

2018-12-04 12:21:25 - [TEST_STEP][PASSED] - Statement - Checker = com.kms.katalon.core.webui.keyword.WebUiBuiltInKeywords.verifyElementNotPresent("Final Object Repo/Landing Page/Select to English", 3): null

2018-12-04 12:21:25 - [TEST_STEP][PASSED] - Statement - Catch (Exception e): null

2018-12-04 12:21:25 - [TEST_STEP][PASSED] - Statement - e.printStackTrace(): null

2018-12-04 12:21:25 - [TEST_STEP][PASSED] - click: Object: 'Object Repository/Final Object Repo/New Registration - Registration Module Pages/New Reg - OTC to RO/Special Case - All Related Objects/Expand to Search' is clicked on

2018-12-04 12:21:25 - [MESSAGE][PASSED] - Object: 'Object Repository/Final Object Repo/New Registration - Registration Module Pages/New Reg - OTC to RO/Special Case - All Related Objects/Expand to Search' is clicked on

2018-12-04 12:21:25 - [TEST_STEP][PASSED] - setText: Text 'CRN12201800122974' is set on object 'Object Repository/Final Object Repo/New Registration - Registration Module Pages/New Reg - OTC to RO/Special Case - All Related Objects/TextBox RefNo in Workbasket'

2018-12-04 12:21:25 - [MESSAGE][PASSED] - Text 'CRN12201800122974' is set on object 'Object Repository/Final Object Repo/New Registration - Registration Module Pages/New Reg - OTC to RO/Special Case - All Related Objects/TextBox RefNo in Workbasket'

2018-12-04 12:21:25 - [TEST_STEP][PASSED] - delay: Delayed 2 second(s)

2018-12-04 12:21:27 - [MESSAGE][PASSED] - Delayed 2 second(s)

2018-12-04 12:21:27 - [TEST_STEP][PASSED] - click: Object: 'Object Repository/Final Object Repo/New Registration - Registration Module Pages/New Reg - OTC to RO/Special Case - All Related Objects/Click Search' is clicked on

2018-12-04 12:21:27 - [MESSAGE][PASSED] - Object: 'Object Repository/Final Object Repo/New Registration - Registration Module Pages/New Reg - OTC to RO/Special Case - All Related Objects/Click Search' is clicked on

2018-12-04 12:21:27 - [TEST_STEP][PASSED] - delay: Delayed 2 second(s)

2018-12-04 12:21:29 - [MESSAGE][PASSED] - Delayed 2 second(s)

2018-12-04 12:21:29 - [TEST_STEP][PASSED] - click: Object: 'Object Repository/Final Object Repo/New Registration - Registration Module Pages/New Reg - OTC to RO/Special Case - All Related Objects/Click to Continue Workflow' is clicked on

2018-12-04 12:21:32 - [MESSAGE][PASSED] - Object: 'Object Repository/Final Object Repo/New Registration - Registration Module Pages/New Reg - OTC to RO/Special Case - All Related Objects/Click to Continue Workflow' is clicked on

2018-12-04 12:21:32 - [TEST_STEP][PASSED] - delay: Delayed 2 second(s)

2018-12-04 12:21:34 - [MESSAGE][PASSED] - Delayed 2 second(s)

2018-12-04 12:21:34 - [TEST_STEP][FAILED] - click: Unable to click on object 'Object Repository/Final Object Repo/New Registration - Registration Module Pages/New Reg - OTC to RO/Special Case - All Related Objects/Continue Button in verifying case' (Root cause: com.kms.katalon.core.webui.exception.WebElementNotFoundException: Web element with id: 'Object Repository/Final Object Repo/New Registration - Registration Module Pages/New Reg - OTC to RO/Special Case - All Related Objects/Continue Button in verifying case' located by 'By.xpath: //a[(text() = ' CONTINUE	
						' or . = ' CONTINUE	
						')]' not found)

2018-12-04 12:22:07 - [MESSAGE][FAILED] - Unable to click on object 'Object Repository/Final Object Repo/New Registration - Registration Module Pages/New Reg - OTC to RO/Special Case - All Related Objects/Continue Button in verifying case' (Root cause: com.kms.katalon.core.webui.exception.WebElementNotFoundException: Web element with id: 'Object Repository/Final Object Repo/New Registration - Registration Module Pages/New Reg - OTC to RO/Special Case - All Related Objects/Continue Button in verifying case' located by 'By.xpath: //a[(text() = ' CONTINUE	
						' or . = ' CONTINUE	
						')]' not found)
[[ATTACHMENT|C:\\Users\\Admin\\Desktop\\PKS\\Perkeso Phase A\\Reports\\Workflow\\New Registration\\20181204_093502\\1543897327600.png]]

2018-12-04 12:22:07 - [TEST_STEP][PASSED] - delay: Delayed 2 second(s)

2018-12-04 12:22:09 - [MESSAGE][PASSED] - Delayed 2 second(s)

2018-12-04 12:22:09 - [TEST_STEP][PASSED] - click: Object: 'Object Repository/Final Object Repo/New Registration - Registration Module Pages/Form 1/Registered As a Branch - Yes' is clicked on

2018-12-04 12:22:10 - [MESSAGE][PASSED] - Object: 'Object Repository/Final Object Repo/New Registration - Registration Module Pages/Form 1/Registered As a Branch - Yes' is clicked on

2018-12-04 12:22:10 - [TEST_STEP][PASSED] - delay: Delayed 2 second(s)

2018-12-04 12:22:12 - [MESSAGE][PASSED] - Delayed 2 second(s)

2018-12-04 12:22:12 - [TEST_STEP][PASSED] - click: Object: 'Object Repository/Final Object Repo/New Registration - Registration Module Pages/New Reg - OTC to RO/Special Case - All Related Objects/Form 1 Save n Continue' is clicked on

2018-12-04 12:22:12 - [MESSAGE][PASSED] - Object: 'Object Repository/Final Object Repo/New Registration - Registration Module Pages/New Reg - OTC to RO/Special Case - All Related Objects/Form 1 Save n Continue' is clicked on

2018-12-04 12:22:12 - [TEST_STEP][PASSED] - delay: Delayed 2 second(s)

2018-12-04 12:22:14 - [MESSAGE][PASSED] - Delayed 2 second(s)

2018-12-04 12:22:14 - [TEST_STEP][PASSED] - click: Object: 'Object Repository/Final Object Repo/New Registration - Registration Module Pages/New Reg - OTC to RO/Special Case - All Related Objects/Form 2 Save n Continue' is clicked on

2018-12-04 12:22:25 - [MESSAGE][PASSED] - Object: 'Object Repository/Final Object Repo/New Registration - Registration Module Pages/New Reg - OTC to RO/Special Case - All Related Objects/Form 2 Save n Continue' is clicked on

2018-12-04 12:22:25 - [TEST_STEP][PASSED] - delay: Delayed 2 second(s)

2018-12-04 12:22:27 - [MESSAGE][PASSED] - Delayed 2 second(s)

2018-12-04 12:22:27 - [TEST_STEP][PASSED] - click: Object: 'Object Repository/Final Object Repo/New Registration - Registration Module Pages/New Reg - OTC to RO/Special Case - All Related Objects/Third Screen Save n Continue' is clicked on

2018-12-04 12:22:40 - [MESSAGE][PASSED] - Object: 'Object Repository/Final Object Repo/New Registration - Registration Module Pages/New Reg - OTC to RO/Special Case - All Related Objects/Third Screen Save n Continue' is clicked on

2018-12-04 12:22:40 - [TEST_STEP][PASSED] - delay: Delayed 5 second(s)

2018-12-04 12:22:45 - [MESSAGE][PASSED] - Delayed 5 second(s)

2018-12-04 12:22:45 - [TEST_STEP][PASSED] - click: Object: 'Object Repository/Final Object Repo/New Registration - Registration Module Pages/New Reg - OTC to RO/Special Case - All Related Objects/Upload Doc Page Save n Continue' is clicked on

2018-12-04 12:22:46 - [MESSAGE][PASSED] - Object: 'Object Repository/Final Object Repo/New Registration - Registration Module Pages/New Reg - OTC to RO/Special Case - All Related Objects/Upload Doc Page Save n Continue' is clicked on

2018-12-04 12:22:46 - [TEST_STEP][PASSED] - callTestCase: Call Test Case 'Test Cases/Final Aug 2018 - PKS Automation/Registration Module/New Registration/Submit and Screenshot/Submit Registration and Screenshot' successfully

2018-12-04 12:22:46 - [TEST_CASE][PASSED] - Test Cases/Final Aug 2018 - PKS Automation/Registration Module/New Registration/Submit and Screenshot/Submit Registration and Screenshot: Test Cases/Final Aug 2018 - PKS Automation/Registration Module/New Registration/Submit and Screenshot/Submit Registration and Screenshot

2018-12-04 12:22:46 - [TEST_STEP][PASSED] - delay: Delayed 6 second(s)

2018-12-04 12:22:52 - [MESSAGE][PASSED] - Delayed 6 second(s)

2018-12-04 12:22:52 - [TEST_STEP][PASSED] - click: Object: 'Object Repository/Final Object Repo/New Registration - Registration Module Pages/Third Screen - Upload Supporting Doc- Preview/Preview Submit Button' is clicked on

2018-12-04 12:22:52 - [MESSAGE][PASSED] - Object: 'Object Repository/Final Object Repo/New Registration - Registration Module Pages/Third Screen - Upload Supporting Doc- Preview/Preview Submit Button' is clicked on

2018-12-04 12:22:52 - [TEST_STEP][PASSED] - delay: Delayed 2 second(s)

2018-12-04 12:22:54 - [MESSAGE][PASSED] - Delayed 2 second(s)

2018-12-04 12:22:54 - [TEST_STEP][PASSED] - click: Object: 'Object Repository/Final Object Repo/New Registration - Registration Module Pages/Third Screen - Upload Supporting Doc- Preview/Preview Submit - Confirm' is clicked on

2018-12-04 12:22:54 - [MESSAGE][PASSED] - Object: 'Object Repository/Final Object Repo/New Registration - Registration Module Pages/Third Screen - Upload Supporting Doc- Preview/Preview Submit - Confirm' is clicked on

2018-12-04 12:22:54 - [TEST_STEP][PASSED] - delay: Delayed 15 second(s)

2018-12-04 12:23:09 - [MESSAGE][PASSED] - Delayed 15 second(s)

2018-12-04 12:23:09 - [TEST_STEP][PASSED] - Statement - driver = com.kms.katalon.core.webui.driver.DriverFactory.getWebDriver(): null

2018-12-04 12:23:09 - [TEST_STEP][PASSED] - Statement - driver.manage().timeouts().implicitlyWait(10, SECONDS): null

2018-12-04 12:23:09 - [TEST_STEP][PASSED] - Statement - PresavePath = KatalonScreenshots: null

2018-12-04 12:23:09 - [TEST_STEP][PASSED] - Statement - pathPrefix = "C:\Users\Public\Pictures\Sample Pictures\Katalon Screenshots\Automate Ending Screen": null

2018-12-04 12:23:09 - [TEST_STEP][PASSED] - Statement - finalPath = <not implemented yet for class: org.codehaus.groovy.ast.expr.EmptyExpression>: null

2018-12-04 12:23:09 - [TEST_STEP][PASSED] - Statement - scrFile = driver.getScreenshotAs(FILE): null

2018-12-04 12:23:09 - [TEST_STEP][PASSED] - Statement - PreSaveFile = new java.io.File(PresavePath): null

2018-12-04 12:23:09 - [TEST_STEP][PASSED] - Statement - counter = 0: null

2018-12-04 12:23:09 - [TEST_STEP][PASSED] - Statement - If (PreSaveFile.exists()): null

2018-12-04 12:23:09 - [TEST_STEP][PASSED] - Statement - While (PreSaveFile.exists()): null

2018-12-04 12:23:09 - [TEST_STEP][PASSED] - Statement - counter = counter + 1: null

2018-12-04 12:23:09 - [TEST_STEP][PASSED] - Statement - PreSaveFile = new java.io.File(((pathPrefix + java.lang.Integer.toString(counter)) + .png)): null

2018-12-04 12:23:09 - [TEST_STEP][PASSED] - Statement - counter = counter + 1: null

2018-12-04 12:23:09 - [TEST_STEP][PASSED] - Statement - PreSaveFile = new java.io.File(((pathPrefix + java.lang.Integer.toString(counter)) + .png)): null

2018-12-04 12:23:09 - [TEST_STEP][PASSED] - Statement - counter = counter + 1: null

2018-12-04 12:23:09 - [TEST_STEP][PASSED] - Statement - PreSaveFile = new java.io.File(((pathPrefix + java.lang.Integer.toString(counter)) + .png)): null

2018-12-04 12:23:09 - [TEST_STEP][PASSED] - Statement - counter = counter + 1: null

2018-12-04 12:23:09 - [TEST_STEP][PASSED] - Statement - PreSaveFile = new java.io.File(((pathPrefix + java.lang.Integer.toString(counter)) + .png)): null

2018-12-04 12:23:09 - [TEST_STEP][PASSED] - Statement - counter = counter + 1: null

2018-12-04 12:23:09 - [TEST_STEP][PASSED] - Statement - PreSaveFile = new java.io.File(((pathPrefix + java.lang.Integer.toString(counter)) + .png)): null

2018-12-04 12:23:09 - [TEST_STEP][PASSED] - Statement - counter = counter + 1: null

2018-12-04 12:23:09 - [TEST_STEP][PASSED] - Statement - PreSaveFile = new java.io.File(((pathPrefix + java.lang.Integer.toString(counter)) + .png)): null

2018-12-04 12:23:09 - [TEST_STEP][PASSED] - Statement - counter = counter + 1: null

2018-12-04 12:23:09 - [TEST_STEP][PASSED] - Statement - PreSaveFile = new java.io.File(((pathPrefix + java.lang.Integer.toString(counter)) + .png)): null

2018-12-04 12:23:09 - [TEST_STEP][PASSED] - Statement - counter = counter + 1: null

2018-12-04 12:23:10 - [TEST_STEP][PASSED] - Statement - PreSaveFile = new java.io.File(((pathPrefix + java.lang.Integer.toString(counter)) + .png)): null

2018-12-04 12:23:10 - [TEST_STEP][PASSED] - Statement - counter = counter + 1: null

2018-12-04 12:23:10 - [TEST_STEP][PASSED] - Statement - PreSaveFile = new java.io.File(((pathPrefix + java.lang.Integer.toString(counter)) + .png)): null

2018-12-04 12:23:10 - [TEST_STEP][PASSED] - Statement - counter = counter + 1: null

2018-12-04 12:23:10 - [TEST_STEP][PASSED] - Statement - PreSaveFile = new java.io.File(((pathPrefix + java.lang.Integer.toString(counter)) + .png)): null

2018-12-04 12:23:10 - [TEST_STEP][PASSED] - Statement - counter = counter + 1: null

2018-12-04 12:23:10 - [TEST_STEP][PASSED] - Statement - PreSaveFile = new java.io.File(((pathPrefix + java.lang.Integer.toString(counter)) + .png)): null

2018-12-04 12:23:10 - [TEST_STEP][PASSED] - Statement - counter = counter + 1: null

2018-12-04 12:23:10 - [TEST_STEP][PASSED] - Statement - PreSaveFile = new java.io.File(((pathPrefix + java.lang.Integer.toString(counter)) + .png)): null

2018-12-04 12:23:10 - [TEST_STEP][PASSED] - Statement - counter = counter + 1: null

2018-12-04 12:23:10 - [TEST_STEP][PASSED] - Statement - PreSaveFile = new java.io.File(((pathPrefix + java.lang.Integer.toString(counter)) + .png)): null

2018-12-04 12:23:10 - [TEST_STEP][PASSED] - Statement - counter = counter + 1: null

2018-12-04 12:23:10 - [TEST_STEP][PASSED] - Statement - PreSaveFile = new java.io.File(((pathPrefix + java.lang.Integer.toString(counter)) + .png)): null

2018-12-04 12:23:10 - [TEST_STEP][PASSED] - Statement - counter = counter + 1: null

2018-12-04 12:23:10 - [TEST_STEP][PASSED] - Statement - PreSaveFile = new java.io.File(((pathPrefix + java.lang.Integer.toString(counter)) + .png)): null

2018-12-04 12:23:10 - [TEST_STEP][PASSED] - Statement - counter = counter + 1: null

2018-12-04 12:23:10 - [TEST_STEP][PASSED] - Statement - PreSaveFile = new java.io.File(((pathPrefix + java.lang.Integer.toString(counter)) + .png)): null

2018-12-04 12:23:11 - [TEST_STEP][PASSED] - Statement - counter = counter + 1: null

2018-12-04 12:23:11 - [TEST_STEP][PASSED] - Statement - PreSaveFile = new java.io.File(((pathPrefix + java.lang.Integer.toString(counter)) + .png)): null

2018-12-04 12:23:11 - [TEST_STEP][PASSED] - Statement - counter = counter + 1: null

2018-12-04 12:23:11 - [TEST_STEP][PASSED] - Statement - PreSaveFile = new java.io.File(((pathPrefix + java.lang.Integer.toString(counter)) + .png)): null

2018-12-04 12:23:11 - [TEST_STEP][PASSED] - Statement - counter = counter + 1: null

2018-12-04 12:23:11 - [TEST_STEP][PASSED] - Statement - PreSaveFile = new java.io.File(((pathPrefix + java.lang.Integer.toString(counter)) + .png)): null

2018-12-04 12:23:11 - [TEST_STEP][PASSED] - Statement - counter = counter + 1: null

2018-12-04 12:23:11 - [TEST_STEP][PASSED] - Statement - PreSaveFile = new java.io.File(((pathPrefix + java.lang.Integer.toString(counter)) + .png)): null

2018-12-04 12:23:11 - [TEST_STEP][PASSED] - Statement - counter = counter + 1: null

2018-12-04 12:23:11 - [TEST_STEP][PASSED] - Statement - PreSaveFile = new java.io.File(((pathPrefix + java.lang.Integer.toString(counter)) + .png)): null

2018-12-04 12:23:11 - [TEST_STEP][PASSED] - Statement - counter = counter + 1: null

2018-12-04 12:23:11 - [TEST_STEP][PASSED] - Statement - PreSaveFile = new java.io.File(((pathPrefix + java.lang.Integer.toString(counter)) + .png)): null

2018-12-04 12:23:11 - [TEST_STEP][PASSED] - Statement - counter = counter + 1: null

2018-12-04 12:23:11 - [TEST_STEP][PASSED] - Statement - PreSaveFile = new java.io.File(((pathPrefix + java.lang.Integer.toString(counter)) + .png)): null

2018-12-04 12:23:11 - [TEST_STEP][PASSED] - Statement - counter = counter + 1: null

2018-12-04 12:23:13 - [TEST_STEP][PASSED] - Statement - PreSaveFile = new java.io.File(((pathPrefix + java.lang.Integer.toString(counter)) + .png)): null

2018-12-04 12:23:13 - [TEST_STEP][PASSED] - Statement - counter = counter + 1: null

2018-12-04 12:23:13 - [TEST_STEP][PASSED] - Statement - PreSaveFile = new java.io.File(((pathPrefix + java.lang.Integer.toString(counter)) + .png)): null

2018-12-04 12:23:13 - [TEST_STEP][PASSED] - Statement - counter = counter + 1: null

2018-12-04 12:23:13 - [TEST_STEP][PASSED] - Statement - PreSaveFile = new java.io.File(((pathPrefix + java.lang.Integer.toString(counter)) + .png)): null

2018-12-04 12:23:13 - [TEST_STEP][PASSED] - Statement - counter = counter + 1: null

2018-12-04 12:23:13 - [TEST_STEP][PASSED] - Statement - PreSaveFile = new java.io.File(((pathPrefix + java.lang.Integer.toString(counter)) + .png)): null

2018-12-04 12:23:13 - [TEST_STEP][PASSED] - Statement - counter = counter + 1: null

2018-12-04 12:23:13 - [TEST_STEP][PASSED] - Statement - PreSaveFile = new java.io.File(((pathPrefix + java.lang.Integer.toString(counter)) + .png)): null

2018-12-04 12:23:14 - [TEST_STEP][PASSED] - Statement - counter = counter + 1: null

2018-12-04 12:23:14 - [TEST_STEP][PASSED] - Statement - PreSaveFile = new java.io.File(((pathPrefix + java.lang.Integer.toString(counter)) + .png)): null

2018-12-04 12:23:14 - [TEST_STEP][PASSED] - Statement - counter = counter + 1: null

2018-12-04 12:23:14 - [TEST_STEP][PASSED] - Statement - PreSaveFile = new java.io.File(((pathPrefix + java.lang.Integer.toString(counter)) + .png)): null

2018-12-04 12:23:14 - [TEST_STEP][PASSED] - Statement - counter = counter + 1: null

2018-12-04 12:23:14 - [TEST_STEP][PASSED] - Statement - PreSaveFile = new java.io.File(((pathPrefix + java.lang.Integer.toString(counter)) + .png)): null

2018-12-04 12:23:14 - [TEST_STEP][PASSED] - Statement - counter = counter + 1: null

2018-12-04 12:23:14 - [TEST_STEP][PASSED] - Statement - PreSaveFile = new java.io.File(((pathPrefix + java.lang.Integer.toString(counter)) + .png)): null

2018-12-04 12:23:14 - [TEST_STEP][PASSED] - Statement - counter = counter + 1: null

2018-12-04 12:23:16 - [TEST_STEP][PASSED] - Statement - PreSaveFile = new java.io.File(((pathPrefix + java.lang.Integer.toString(counter)) + .png)): null

2018-12-04 12:23:16 - [TEST_STEP][PASSED] - Statement - counter = counter + 1: null

2018-12-04 12:23:16 - [TEST_STEP][PASSED] - Statement - PreSaveFile = new java.io.File(((pathPrefix + java.lang.Integer.toString(counter)) + .png)): null

2018-12-04 12:23:16 - [TEST_STEP][PASSED] - Statement - counter = counter + 1: null

2018-12-04 12:23:16 - [TEST_STEP][PASSED] - Statement - PreSaveFile = new java.io.File(((pathPrefix + java.lang.Integer.toString(counter)) + .png)): null

2018-12-04 12:23:16 - [TEST_STEP][PASSED] - Statement - counter = counter + 1: null

2018-12-04 12:23:16 - [TEST_STEP][PASSED] - Statement - PreSaveFile = new java.io.File(((pathPrefix + java.lang.Integer.toString(counter)) + .png)): null

2018-12-04 12:23:16 - [TEST_STEP][PASSED] - Statement - counter = counter + 1: null

2018-12-04 12:23:16 - [TEST_STEP][PASSED] - Statement - PreSaveFile = new java.io.File(((pathPrefix + java.lang.Integer.toString(counter)) + .png)): null

2018-12-04 12:23:16 - [TEST_STEP][PASSED] - Statement - counter = counter + 1: null

2018-12-04 12:23:17 - [TEST_STEP][PASSED] - Statement - PreSaveFile = new java.io.File(((pathPrefix + java.lang.Integer.toString(counter)) + .png)): null

2018-12-04 12:23:17 - [TEST_STEP][PASSED] - Statement - counter = counter + 1: null

2018-12-04 12:23:17 - [TEST_STEP][PASSED] - Statement - PreSaveFile = new java.io.File(((pathPrefix + java.lang.Integer.toString(counter)) + .png)): null

2018-12-04 12:23:17 - [TEST_STEP][PASSED] - Statement - counter = counter + 1: null

2018-12-04 12:23:17 - [TEST_STEP][PASSED] - Statement - PreSaveFile = new java.io.File(((pathPrefix + java.lang.Integer.toString(counter)) + .png)): null

2018-12-04 12:23:17 - [TEST_STEP][PASSED] - Statement - counter = counter + 1: null

2018-12-04 12:23:17 - [TEST_STEP][PASSED] - Statement - PreSaveFile = new java.io.File(((pathPrefix + java.lang.Integer.toString(counter)) + .png)): null

2018-12-04 12:23:17 - [TEST_STEP][PASSED] - Statement - counter = counter + 1: null

2018-12-04 12:23:17 - [TEST_STEP][PASSED] - Statement - PreSaveFile = new java.io.File(((pathPrefix + java.lang.Integer.toString(counter)) + .png)): null

2018-12-04 12:23:17 - [TEST_STEP][PASSED] - Statement - counter = counter + 1: null

2018-12-04 12:23:19 - [TEST_STEP][PASSED] - Statement - PreSaveFile = new java.io.File(((pathPrefix + java.lang.Integer.toString(counter)) + .png)): null

2018-12-04 12:23:19 - [TEST_STEP][PASSED] - Statement - counter = counter + 1: null

2018-12-04 12:23:19 - [TEST_STEP][PASSED] - Statement - PreSaveFile = new java.io.File(((pathPrefix + java.lang.Integer.toString(counter)) + .png)): null

2018-12-04 12:23:19 - [TEST_STEP][PASSED] - Statement - counter = counter + 1: null

2018-12-04 12:23:19 - [TEST_STEP][PASSED] - Statement - PreSaveFile = new java.io.File(((pathPrefix + java.lang.Integer.toString(counter)) + .png)): null

2018-12-04 12:23:19 - [TEST_STEP][PASSED] - Statement - counter = counter + 1: null

2018-12-04 12:23:19 - [TEST_STEP][PASSED] - Statement - PreSaveFile = new java.io.File(((pathPrefix + java.lang.Integer.toString(counter)) + .png)): null

2018-12-04 12:23:19 - [TEST_STEP][PASSED] - Statement - counter = counter + 1: null

2018-12-04 12:23:19 - [TEST_STEP][PASSED] - Statement - PreSaveFile = new java.io.File(((pathPrefix + java.lang.Integer.toString(counter)) + .png)): null

2018-12-04 12:23:20 - [TEST_STEP][PASSED] - Statement - counter = counter + 1: null

2018-12-04 12:23:20 - [TEST_STEP][PASSED] - Statement - PreSaveFile = new java.io.File(((pathPrefix + java.lang.Integer.toString(counter)) + .png)): null

2018-12-04 12:23:20 - [TEST_STEP][PASSED] - Statement - counter = counter + 1: null

2018-12-04 12:23:20 - [TEST_STEP][PASSED] - Statement - PreSaveFile = new java.io.File(((pathPrefix + java.lang.Integer.toString(counter)) + .png)): null

2018-12-04 12:23:20 - [TEST_STEP][PASSED] - Statement - counter = counter + 1: null

2018-12-04 12:23:20 - [TEST_STEP][PASSED] - Statement - PreSaveFile = new java.io.File(((pathPrefix + java.lang.Integer.toString(counter)) + .png)): null

2018-12-04 12:23:20 - [TEST_STEP][PASSED] - Statement - counter = counter + 1: null

2018-12-04 12:23:20 - [TEST_STEP][PASSED] - Statement - PreSaveFile = new java.io.File(((pathPrefix + java.lang.Integer.toString(counter)) + .png)): null

2018-12-04 12:23:20 - [TEST_STEP][PASSED] - Statement - counter = counter + 1: null

2018-12-04 12:23:22 - [TEST_STEP][PASSED] - Statement - PreSaveFile = new java.io.File(((pathPrefix + java.lang.Integer.toString(counter)) + .png)): null

2018-12-04 12:23:22 - [TEST_STEP][PASSED] - Statement - counter = counter + 1: null

2018-12-04 12:23:22 - [TEST_STEP][PASSED] - Statement - PreSaveFile = new java.io.File(((pathPrefix + java.lang.Integer.toString(counter)) + .png)): null

2018-12-04 12:23:22 - [TEST_STEP][PASSED] - Statement - counter = counter + 1: null

2018-12-04 12:23:22 - [TEST_STEP][PASSED] - Statement - PreSaveFile = new java.io.File(((pathPrefix + java.lang.Integer.toString(counter)) + .png)): null

2018-12-04 12:23:22 - [TEST_STEP][PASSED] - Statement - counter = counter + 1: null

2018-12-04 12:23:22 - [TEST_STEP][PASSED] - Statement - PreSaveFile = new java.io.File(((pathPrefix + java.lang.Integer.toString(counter)) + .png)): null

2018-12-04 12:23:22 - [TEST_STEP][PASSED] - Statement - counter = counter + 1: null

2018-12-04 12:23:22 - [TEST_STEP][PASSED] - Statement - PreSaveFile = new java.io.File(((pathPrefix + java.lang.Integer.toString(counter)) + .png)): null

2018-12-04 12:23:22 - [TEST_STEP][PASSED] - Statement - counter = counter + 1: null

2018-12-04 12:23:23 - [TEST_STEP][PASSED] - Statement - PreSaveFile = new java.io.File(((pathPrefix + java.lang.Integer.toString(counter)) + .png)): null

2018-12-04 12:23:23 - [TEST_STEP][PASSED] - Statement - counter = counter + 1: null

2018-12-04 12:23:23 - [TEST_STEP][PASSED] - Statement - PreSaveFile = new java.io.File(((pathPrefix + java.lang.Integer.toString(counter)) + .png)): null

2018-12-04 12:23:23 - [TEST_STEP][PASSED] - Statement - counter = counter + 1: null

2018-12-04 12:23:23 - [TEST_STEP][PASSED] - Statement - PreSaveFile = new java.io.File(((pathPrefix + java.lang.Integer.toString(counter)) + .png)): null

2018-12-04 12:23:23 - [TEST_STEP][PASSED] - Statement - counter = counter + 1: null

2018-12-04 12:23:23 - [TEST_STEP][PASSED] - Statement - PreSaveFile = new java.io.File(((pathPrefix + java.lang.Integer.toString(counter)) + .png)): null

2018-12-04 12:23:23 - [TEST_STEP][PASSED] - Statement - counter = counter + 1: null

2018-12-04 12:23:23 - [TEST_STEP][PASSED] - Statement - PreSaveFile = new java.io.File(((pathPrefix + java.lang.Integer.toString(counter)) + .png)): null

2018-12-04 12:23:23 - [TEST_STEP][PASSED] - Statement - counter = counter + 1: null

2018-12-04 12:23:25 - [TEST_STEP][PASSED] - Statement - PreSaveFile = new java.io.File(((pathPrefix + java.lang.Integer.toString(counter)) + .png)): null

2018-12-04 12:23:25 - [TEST_STEP][PASSED] - Statement - counter = counter + 1: null

2018-12-04 12:23:25 - [TEST_STEP][PASSED] - Statement - PreSaveFile = new java.io.File(((pathPrefix + java.lang.Integer.toString(counter)) + .png)): null

2018-12-04 12:23:25 - [TEST_STEP][PASSED] - Statement - counter = counter + 1: null

2018-12-04 12:23:25 - [TEST_STEP][PASSED] - Statement - PreSaveFile = new java.io.File(((pathPrefix + java.lang.Integer.toString(counter)) + .png)): null

2018-12-04 12:23:25 - [TEST_STEP][PASSED] - Statement - counter = counter + 1: null

2018-12-04 12:23:25 - [TEST_STEP][PASSED] - Statement - PreSaveFile = new java.io.File(((pathPrefix + java.lang.Integer.toString(counter)) + .png)): null

2018-12-04 12:23:25 - [TEST_STEP][PASSED] - Statement - counter = counter + 1: null

2018-12-04 12:23:25 - [TEST_STEP][PASSED] - Statement - PreSaveFile = new java.io.File(((pathPrefix + java.lang.Integer.toString(counter)) + .png)): null

2018-12-04 12:23:25 - [TEST_STEP][PASSED] - Statement - counter = counter + 1: null

2018-12-04 12:23:27 - [TEST_STEP][PASSED] - Statement - PreSaveFile = new java.io.File(((pathPrefix + java.lang.Integer.toString(counter)) + .png)): null

2018-12-04 12:23:27 - [TEST_STEP][PASSED] - Statement - counter = counter + 1: null

2018-12-04 12:23:27 - [TEST_STEP][PASSED] - Statement - PreSaveFile = new java.io.File(((pathPrefix + java.lang.Integer.toString(counter)) + .png)): null

2018-12-04 12:23:27 - [TEST_STEP][PASSED] - Statement - counter = counter + 1: null

2018-12-04 12:23:27 - [TEST_STEP][PASSED] - Statement - PreSaveFile = new java.io.File(((pathPrefix + java.lang.Integer.toString(counter)) + .png)): null

2018-12-04 12:23:27 - [TEST_STEP][PASSED] - Statement - counter = counter + 1: null

2018-12-04 12:23:27 - [TEST_STEP][PASSED] - Statement - PreSaveFile = new java.io.File(((pathPrefix + java.lang.Integer.toString(counter)) + .png)): null

2018-12-04 12:23:27 - [TEST_STEP][PASSED] - Statement - counter = counter + 1: null

2018-12-04 12:23:27 - [TEST_STEP][PASSED] - Statement - PreSaveFile = new java.io.File(((pathPrefix + java.lang.Integer.toString(counter)) + .png)): null

2018-12-04 12:23:28 - [TEST_STEP][PASSED] - Statement - counter = counter + 1: null

2018-12-04 12:23:28 - [TEST_STEP][PASSED] - Statement - PreSaveFile = new java.io.File(((pathPrefix + java.lang.Integer.toString(counter)) + .png)): null

2018-12-04 12:23:28 - [TEST_STEP][PASSED] - Statement - counter = counter + 1: null

2018-12-04 12:23:28 - [TEST_STEP][PASSED] - Statement - PreSaveFile = new java.io.File(((pathPrefix + java.lang.Integer.toString(counter)) + .png)): null

2018-12-04 12:23:28 - [TEST_STEP][PASSED] - Statement - counter = counter + 1: null

2018-12-04 12:23:28 - [TEST_STEP][PASSED] - Statement - PreSaveFile = new java.io.File(((pathPrefix + java.lang.Integer.toString(counter)) + .png)): null

2018-12-04 12:23:28 - [TEST_STEP][PASSED] - Statement - counter = counter + 1: null

2018-12-04 12:23:28 - [TEST_STEP][PASSED] - Statement - PreSaveFile = new java.io.File(((pathPrefix + java.lang.Integer.toString(counter)) + .png)): null

2018-12-04 12:23:28 - [TEST_STEP][PASSED] - Statement - counter = counter + 1: null

2018-12-04 12:23:29 - [TEST_STEP][PASSED] - Statement - PreSaveFile = new java.io.File(((pathPrefix + java.lang.Integer.toString(counter)) + .png)): null

2018-12-04 12:23:29 - [TEST_STEP][PASSED] - Statement - counter = counter + 1: null

2018-12-04 12:23:29 - [TEST_STEP][PASSED] - Statement - PreSaveFile = new java.io.File(((pathPrefix + java.lang.Integer.toString(counter)) + .png)): null

2018-12-04 12:23:29 - [TEST_STEP][PASSED] - Statement - counter = counter + 1: null

2018-12-04 12:23:29 - [TEST_STEP][PASSED] - Statement - PreSaveFile = new java.io.File(((pathPrefix + java.lang.Integer.toString(counter)) + .png)): null

2018-12-04 12:23:29 - [TEST_STEP][PASSED] - Statement - counter = counter + 1: null

2018-12-04 12:23:29 - [TEST_STEP][PASSED] - Statement - PreSaveFile = new java.io.File(((pathPrefix + java.lang.Integer.toString(counter)) + .png)): null

2018-12-04 12:23:29 - [TEST_STEP][PASSED] - Statement - counter = counter + 1: null

2018-12-04 12:23:29 - [TEST_STEP][PASSED] - Statement - PreSaveFile = new java.io.File(((pathPrefix + java.lang.Integer.toString(counter)) + .png)): null

2018-12-04 12:23:29 - [TEST_STEP][PASSED] - Statement - counter = counter + 1: null

2018-12-04 12:23:30 - [TEST_STEP][PASSED] - Statement - PreSaveFile = new java.io.File(((pathPrefix + java.lang.Integer.toString(counter)) + .png)): null

2018-12-04 12:23:30 - [TEST_STEP][PASSED] - Statement - counter = counter + 1: null

2018-12-04 12:23:30 - [TEST_STEP][PASSED] - Statement - PreSaveFile = new java.io.File(((pathPrefix + java.lang.Integer.toString(counter)) + .png)): null

2018-12-04 12:23:30 - [TEST_STEP][PASSED] - Statement - counter = counter + 1: null

2018-12-04 12:23:30 - [TEST_STEP][PASSED] - Statement - PreSaveFile = new java.io.File(((pathPrefix + java.lang.Integer.toString(counter)) + .png)): null

2018-12-04 12:23:30 - [TEST_STEP][PASSED] - Statement - counter = counter + 1: null

2018-12-04 12:23:30 - [TEST_STEP][PASSED] - Statement - PreSaveFile = new java.io.File(((pathPrefix + java.lang.Integer.toString(counter)) + .png)): null

2018-12-04 12:23:30 - [TEST_STEP][PASSED] - Statement - counter = counter + 1: null

2018-12-04 12:23:30 - [TEST_STEP][PASSED] - Statement - PreSaveFile = new java.io.File(((pathPrefix + java.lang.Integer.toString(counter)) + .png)): null

2018-12-04 12:23:30 - [TEST_STEP][PASSED] - Statement - counter = counter + 1: null

2018-12-04 12:23:32 - [TEST_STEP][PASSED] - Statement - PreSaveFile = new java.io.File(((pathPrefix + java.lang.Integer.toString(counter)) + .png)): null

2018-12-04 12:23:32 - [TEST_STEP][PASSED] - Statement - counter = counter + 1: null

2018-12-04 12:23:32 - [TEST_STEP][PASSED] - Statement - PreSaveFile = new java.io.File(((pathPrefix + java.lang.Integer.toString(counter)) + .png)): null

2018-12-04 12:23:32 - [TEST_STEP][PASSED] - Statement - counter = counter + 1: null

2018-12-04 12:23:32 - [TEST_STEP][PASSED] - Statement - PreSaveFile = new java.io.File(((pathPrefix + java.lang.Integer.toString(counter)) + .png)): null

2018-12-04 12:23:32 - [TEST_STEP][PASSED] - Statement - counter = counter + 1: null

2018-12-04 12:23:32 - [TEST_STEP][PASSED] - Statement - PreSaveFile = new java.io.File(((pathPrefix + java.lang.Integer.toString(counter)) + .png)): null

2018-12-04 12:23:32 - [TEST_STEP][PASSED] - Statement - counter = counter + 1: null

2018-12-04 12:23:32 - [TEST_STEP][PASSED] - Statement - PreSaveFile = new java.io.File(((pathPrefix + java.lang.Integer.toString(counter)) + .png)): null

2018-12-04 12:23:34 - [TEST_STEP][PASSED] - Statement - counter = counter + 1: null

2018-12-04 12:23:34 - [TEST_STEP][PASSED] - Statement - PreSaveFile = new java.io.File(((pathPrefix + java.lang.Integer.toString(counter)) + .png)): null

2018-12-04 12:23:34 - [TEST_STEP][PASSED] - Statement - counter = counter + 1: null

2018-12-04 12:23:34 - [TEST_STEP][PASSED] - Statement - PreSaveFile = new java.io.File(((pathPrefix + java.lang.Integer.toString(counter)) + .png)): null

2018-12-04 12:23:34 - [TEST_STEP][PASSED] - Statement - counter = counter + 1: null

2018-12-04 12:23:34 - [TEST_STEP][PASSED] - Statement - PreSaveFile = new java.io.File(((pathPrefix + java.lang.Integer.toString(counter)) + .png)): null

2018-12-04 12:23:34 - [TEST_STEP][PASSED] - Statement - counter = counter + 1: null

2018-12-04 12:23:34 - [TEST_STEP][PASSED] - Statement - PreSaveFile = new java.io.File(((pathPrefix + java.lang.Integer.toString(counter)) + .png)): null

2018-12-04 12:23:34 - [TEST_STEP][PASSED] - Statement - counter = counter + 1: null

2018-12-04 12:23:34 - [TEST_STEP][PASSED] - Statement - PreSaveFile = new java.io.File(((pathPrefix + java.lang.Integer.toString(counter)) + .png)): null

2018-12-04 12:23:35 - [TEST_STEP][PASSED] - Statement - counter = counter + 1: null

2018-12-04 12:23:35 - [TEST_STEP][PASSED] - Statement - PreSaveFile = new java.io.File(((pathPrefix + java.lang.Integer.toString(counter)) + .png)): null

2018-12-04 12:23:35 - [TEST_STEP][PASSED] - Statement - counter = counter + 1: null

2018-12-04 12:23:35 - [TEST_STEP][PASSED] - Statement - PreSaveFile = new java.io.File(((pathPrefix + java.lang.Integer.toString(counter)) + .png)): null

2018-12-04 12:23:35 - [TEST_STEP][PASSED] - Statement - counter = counter + 1: null

2018-12-04 12:23:35 - [TEST_STEP][PASSED] - Statement - PreSaveFile = new java.io.File(((pathPrefix + java.lang.Integer.toString(counter)) + .png)): null

2018-12-04 12:23:35 - [TEST_STEP][PASSED] - Statement - counter = counter + 1: null

2018-12-04 12:23:35 - [TEST_STEP][PASSED] - Statement - PreSaveFile = new java.io.File(((pathPrefix + java.lang.Integer.toString(counter)) + .png)): null

2018-12-04 12:23:35 - [TEST_STEP][PASSED] - Statement - counter = counter + 1: null

2018-12-04 12:23:37 - [TEST_STEP][PASSED] - Statement - PreSaveFile = new java.io.File(((pathPrefix + java.lang.Integer.toString(counter)) + .png)): null

2018-12-04 12:23:37 - [TEST_STEP][PASSED] - Statement - counter = counter + 1: null

2018-12-04 12:23:37 - [TEST_STEP][PASSED] - Statement - PreSaveFile = new java.io.File(((pathPrefix + java.lang.Integer.toString(counter)) + .png)): null

2018-12-04 12:23:37 - [TEST_STEP][PASSED] - Statement - counter = counter + 1: null

2018-12-04 12:23:37 - [TEST_STEP][PASSED] - Statement - PreSaveFile = new java.io.File(((pathPrefix + java.lang.Integer.toString(counter)) + .png)): null

2018-12-04 12:23:37 - [TEST_STEP][PASSED] - Statement - counter = counter + 1: null

2018-12-04 12:23:37 - [TEST_STEP][PASSED] - Statement - PreSaveFile = new java.io.File(((pathPrefix + java.lang.Integer.toString(counter)) + .png)): null

2018-12-04 12:23:37 - [TEST_STEP][PASSED] - Statement - counter = counter + 1: null

2018-12-04 12:23:37 - [TEST_STEP][PASSED] - Statement - PreSaveFile = new java.io.File(((pathPrefix + java.lang.Integer.toString(counter)) + .png)): null

2018-12-04 12:23:37 - [TEST_STEP][PASSED] - Statement - counter = counter + 1: null

2018-12-04 12:23:39 - [TEST_STEP][PASSED] - Statement - PreSaveFile = new java.io.File(((pathPrefix + java.lang.Integer.toString(counter)) + .png)): null

2018-12-04 12:23:39 - [TEST_STEP][PASSED] - Statement - counter = counter + 1: null

2018-12-04 12:23:39 - [TEST_STEP][PASSED] - Statement - PreSaveFile = new java.io.File(((pathPrefix + java.lang.Integer.toString(counter)) + .png)): null

2018-12-04 12:23:39 - [TEST_STEP][PASSED] - Statement - counter = counter + 1: null

2018-12-04 12:23:39 - [TEST_STEP][PASSED] - Statement - PreSaveFile = new java.io.File(((pathPrefix + java.lang.Integer.toString(counter)) + .png)): null

2018-12-04 12:23:39 - [TEST_STEP][PASSED] - Statement - counter = counter + 1: null

2018-12-04 12:23:39 - [TEST_STEP][PASSED] - Statement - PreSaveFile = new java.io.File(((pathPrefix + java.lang.Integer.toString(counter)) + .png)): null

2018-12-04 12:23:39 - [TEST_STEP][PASSED] - Statement - counter = counter + 1: null

2018-12-04 12:23:39 - [TEST_STEP][PASSED] - Statement - PreSaveFile = new java.io.File(((pathPrefix + java.lang.Integer.toString(counter)) + .png)): null

2018-12-04 12:23:39 - [TEST_STEP][PASSED] - Statement - counter = counter + 1: null

2018-12-04 12:23:40 - [TEST_STEP][PASSED] - Statement - PreSaveFile = new java.io.File(((pathPrefix + java.lang.Integer.toString(counter)) + .png)): null

2018-12-04 12:23:40 - [TEST_STEP][PASSED] - Statement - counter = counter + 1: null

2018-12-04 12:23:40 - [TEST_STEP][PASSED] - Statement - PreSaveFile = new java.io.File(((pathPrefix + java.lang.Integer.toString(counter)) + .png)): null

2018-12-04 12:23:40 - [TEST_STEP][PASSED] - Statement - counter = counter + 1: null

2018-12-04 12:23:40 - [TEST_STEP][PASSED] - Statement - PreSaveFile = new java.io.File(((pathPrefix + java.lang.Integer.toString(counter)) + .png)): null

2018-12-04 12:23:40 - [TEST_STEP][PASSED] - Statement - counter = counter + 1: null

2018-12-04 12:23:40 - [TEST_STEP][PASSED] - Statement - PreSaveFile = new java.io.File(((pathPrefix + java.lang.Integer.toString(counter)) + .png)): null

2018-12-04 12:23:40 - [TEST_STEP][PASSED] - Statement - counter = counter + 1: null

2018-12-04 12:23:40 - [TEST_STEP][PASSED] - Statement - PreSaveFile = new java.io.File(((pathPrefix + java.lang.Integer.toString(counter)) + .png)): null

2018-12-04 12:23:42 - [TEST_STEP][PASSED] - Statement - counter = counter + 1: null

2018-12-04 12:23:42 - [TEST_STEP][PASSED] - Statement - PreSaveFile = new java.io.File(((pathPrefix + java.lang.Integer.toString(counter)) + .png)): null

2018-12-04 12:23:42 - [TEST_STEP][PASSED] - Statement - counter = counter + 1: null

2018-12-04 12:23:42 - [TEST_STEP][PASSED] - Statement - PreSaveFile = new java.io.File(((pathPrefix + java.lang.Integer.toString(counter)) + .png)): null

2018-12-04 12:23:42 - [TEST_STEP][PASSED] - Statement - counter = counter + 1: null

2018-12-04 12:23:42 - [TEST_STEP][PASSED] - Statement - PreSaveFile = new java.io.File(((pathPrefix + java.lang.Integer.toString(counter)) + .png)): null

2018-12-04 12:23:42 - [TEST_STEP][PASSED] - Statement - counter = counter + 1: null

2018-12-04 12:23:42 - [TEST_STEP][PASSED] - Statement - PreSaveFile = new java.io.File(((pathPrefix + java.lang.Integer.toString(counter)) + .png)): null

2018-12-04 12:23:42 - [TEST_STEP][PASSED] - Statement - counter = counter + 1: null

2018-12-04 12:23:44 - [TEST_STEP][PASSED] - Statement - PreSaveFile = new java.io.File(((pathPrefix + java.lang.Integer.toString(counter)) + .png)): null

2018-12-04 12:23:44 - [TEST_STEP][PASSED] - Statement - counter = counter + 1: null

2018-12-04 12:23:44 - [TEST_STEP][PASSED] - Statement - PreSaveFile = new java.io.File(((pathPrefix + java.lang.Integer.toString(counter)) + .png)): null

2018-12-04 12:23:44 - [TEST_STEP][PASSED] - Statement - counter = counter + 1: null

2018-12-04 12:23:44 - [TEST_STEP][PASSED] - Statement - PreSaveFile = new java.io.File(((pathPrefix + java.lang.Integer.toString(counter)) + .png)): null

2018-12-04 12:23:44 - [TEST_STEP][PASSED] - Statement - counter = counter + 1: null

2018-12-04 12:23:44 - [TEST_STEP][PASSED] - Statement - PreSaveFile = new java.io.File(((pathPrefix + java.lang.Integer.toString(counter)) + .png)): null

2018-12-04 12:23:44 - [TEST_STEP][PASSED] - Statement - counter = counter + 1: null

2018-12-04 12:23:44 - [TEST_STEP][PASSED] - Statement - PreSaveFile = new java.io.File(((pathPrefix + java.lang.Integer.toString(counter)) + .png)): null

2018-12-04 12:23:44 - [TEST_STEP][PASSED] - Statement - counter = counter + 1: null

2018-12-04 12:23:46 - [TEST_STEP][PASSED] - Statement - PreSaveFile = new java.io.File(((pathPrefix + java.lang.Integer.toString(counter)) + .png)): null

2018-12-04 12:23:46 - [TEST_STEP][PASSED] - Statement - counter = counter + 1: null

2018-12-04 12:23:46 - [TEST_STEP][PASSED] - Statement - PreSaveFile = new java.io.File(((pathPrefix + java.lang.Integer.toString(counter)) + .png)): null

2018-12-04 12:23:46 - [TEST_STEP][PASSED] - Statement - counter = counter + 1: null

2018-12-04 12:23:46 - [TEST_STEP][PASSED] - Statement - PreSaveFile = new java.io.File(((pathPrefix + java.lang.Integer.toString(counter)) + .png)): null

2018-12-04 12:23:46 - [TEST_STEP][PASSED] - Statement - counter = counter + 1: null

2018-12-04 12:23:46 - [TEST_STEP][PASSED] - Statement - PreSaveFile = new java.io.File(((pathPrefix + java.lang.Integer.toString(counter)) + .png)): null

2018-12-04 12:23:46 - [TEST_STEP][PASSED] - Statement - counter = counter + 1: null

2018-12-04 12:23:46 - [TEST_STEP][PASSED] - Statement - PreSaveFile = new java.io.File(((pathPrefix + java.lang.Integer.toString(counter)) + .png)): null

2018-12-04 12:23:46 - [TEST_STEP][PASSED] - Statement - counter = counter + 1: null

2018-12-04 12:23:47 - [TEST_STEP][PASSED] - Statement - PreSaveFile = new java.io.File(((pathPrefix + java.lang.Integer.toString(counter)) + .png)): null

2018-12-04 12:23:47 - [TEST_STEP][PASSED] - Statement - counter = counter + 1: null

2018-12-04 12:23:47 - [TEST_STEP][PASSED] - Statement - PreSaveFile = new java.io.File(((pathPrefix + java.lang.Integer.toString(counter)) + .png)): null

2018-12-04 12:23:47 - [TEST_STEP][PASSED] - Statement - counter = counter + 1: null

2018-12-04 12:23:47 - [TEST_STEP][PASSED] - Statement - PreSaveFile = new java.io.File(((pathPrefix + java.lang.Integer.toString(counter)) + .png)): null

2018-12-04 12:23:47 - [TEST_STEP][PASSED] - Statement - counter = counter + 1: null

2018-12-04 12:23:47 - [TEST_STEP][PASSED] - Statement - PreSaveFile = new java.io.File(((pathPrefix + java.lang.Integer.toString(counter)) + .png)): null

2018-12-04 12:23:47 - [TEST_STEP][PASSED] - Statement - counter = counter + 1: null

2018-12-04 12:23:47 - [TEST_STEP][PASSED] - Statement - PreSaveFile = new java.io.File(((pathPrefix + java.lang.Integer.toString(counter)) + .png)): null

2018-12-04 12:23:47 - [TEST_STEP][PASSED] - Statement - counter = counter + 1: null

2018-12-04 12:23:49 - [TEST_STEP][PASSED] - Statement - PreSaveFile = new java.io.File(((pathPrefix + java.lang.Integer.toString(counter)) + .png)): null

2018-12-04 12:23:49 - [TEST_STEP][PASSED] - Statement - counter = counter + 1: null

2018-12-04 12:23:49 - [TEST_STEP][PASSED] - Statement - PreSaveFile = new java.io.File(((pathPrefix + java.lang.Integer.toString(counter)) + .png)): null

2018-12-04 12:23:49 - [TEST_STEP][PASSED] - Statement - counter = counter + 1: null

2018-12-04 12:23:49 - [TEST_STEP][PASSED] - Statement - PreSaveFile = new java.io.File(((pathPrefix + java.lang.Integer.toString(counter)) + .png)): null

2018-12-04 12:23:49 - [TEST_STEP][PASSED] - Statement - counter = counter + 1: null

2018-12-04 12:23:49 - [TEST_STEP][PASSED] - Statement - PreSaveFile = new java.io.File(((pathPrefix + java.lang.Integer.toString(counter)) + .png)): null

2018-12-04 12:23:49 - [TEST_STEP][PASSED] - Statement - counter = counter + 1: null

2018-12-04 12:23:49 - [TEST_STEP][PASSED] - Statement - PreSaveFile = new java.io.File(((pathPrefix + java.lang.Integer.toString(counter)) + .png)): null

2018-12-04 12:23:51 - [TEST_STEP][PASSED] - Statement - counter = counter + 1: null

2018-12-04 12:23:51 - [TEST_STEP][PASSED] - Statement - PreSaveFile = new java.io.File(((pathPrefix + java.lang.Integer.toString(counter)) + .png)): null

2018-12-04 12:23:51 - [TEST_STEP][PASSED] - Statement - counter = counter + 1: null

2018-12-04 12:23:51 - [TEST_STEP][PASSED] - Statement - PreSaveFile = new java.io.File(((pathPrefix + java.lang.Integer.toString(counter)) + .png)): null

2018-12-04 12:23:51 - [TEST_STEP][PASSED] - Statement - counter = counter + 1: null

2018-12-04 12:23:51 - [TEST_STEP][PASSED] - Statement - PreSaveFile = new java.io.File(((pathPrefix + java.lang.Integer.toString(counter)) + .png)): null

2018-12-04 12:23:51 - [TEST_STEP][PASSED] - Statement - counter = counter + 1: null

2018-12-04 12:23:51 - [TEST_STEP][PASSED] - Statement - PreSaveFile = new java.io.File(((pathPrefix + java.lang.Integer.toString(counter)) + .png)): null

2018-12-04 12:23:51 - [TEST_STEP][PASSED] - Statement - counter = counter + 1: null

2018-12-04 12:23:52 - [TEST_STEP][PASSED] - Statement - PreSaveFile = new java.io.File(((pathPrefix + java.lang.Integer.toString(counter)) + .png)): null

2018-12-04 12:23:52 - [TEST_STEP][PASSED] - Statement - counter = counter + 1: null

2018-12-04 12:23:52 - [TEST_STEP][PASSED] - Statement - PreSaveFile = new java.io.File(((pathPrefix + java.lang.Integer.toString(counter)) + .png)): null

2018-12-04 12:23:52 - [TEST_STEP][PASSED] - Statement - counter = counter + 1: null

2018-12-04 12:23:52 - [TEST_STEP][PASSED] - Statement - PreSaveFile = new java.io.File(((pathPrefix + java.lang.Integer.toString(counter)) + .png)): null

2018-12-04 12:23:52 - [TEST_STEP][PASSED] - Statement - counter = counter + 1: null

2018-12-04 12:23:52 - [TEST_STEP][PASSED] - Statement - PreSaveFile = new java.io.File(((pathPrefix + java.lang.Integer.toString(counter)) + .png)): null

2018-12-04 12:23:52 - [TEST_STEP][PASSED] - Statement - counter = counter + 1: null

2018-12-04 12:23:52 - [TEST_STEP][PASSED] - Statement - PreSaveFile = new java.io.File(((pathPrefix + java.lang.Integer.toString(counter)) + .png)): null

2018-12-04 12:23:52 - [TEST_STEP][PASSED] - Statement - counter = counter + 1: null

2018-12-04 12:23:54 - [TEST_STEP][PASSED] - Statement - PreSaveFile = new java.io.File(((pathPrefix + java.lang.Integer.toString(counter)) + .png)): null

2018-12-04 12:23:54 - [TEST_STEP][PASSED] - Statement - counter = counter + 1: null

2018-12-04 12:23:54 - [TEST_STEP][PASSED] - Statement - PreSaveFile = new java.io.File(((pathPrefix + java.lang.Integer.toString(counter)) + .png)): null

2018-12-04 12:23:54 - [TEST_STEP][PASSED] - Statement - counter = counter + 1: null

2018-12-04 12:23:54 - [TEST_STEP][PASSED] - Statement - PreSaveFile = new java.io.File(((pathPrefix + java.lang.Integer.toString(counter)) + .png)): null

2018-12-04 12:23:54 - [TEST_STEP][PASSED] - Statement - counter = counter + 1: null

2018-12-04 12:23:54 - [TEST_STEP][PASSED] - Statement - PreSaveFile = new java.io.File(((pathPrefix + java.lang.Integer.toString(counter)) + .png)): null

2018-12-04 12:23:54 - [TEST_STEP][PASSED] - Statement - counter = counter + 1: null

2018-12-04 12:23:54 - [TEST_STEP][PASSED] - Statement - PreSaveFile = new java.io.File(((pathPrefix + java.lang.Integer.toString(counter)) + .png)): null

2018-12-04 12:23:54 - [TEST_STEP][PASSED] - Statement - counter = counter + 1: null

2018-12-04 12:23:56 - [TEST_STEP][PASSED] - Statement - PreSaveFile = new java.io.File(((pathPrefix + java.lang.Integer.toString(counter)) + .png)): null

2018-12-04 12:23:56 - [TEST_STEP][PASSED] - Statement - counter = counter + 1: null

2018-12-04 12:23:56 - [TEST_STEP][PASSED] - Statement - PreSaveFile = new java.io.File(((pathPrefix + java.lang.Integer.toString(counter)) + .png)): null

2018-12-04 12:23:56 - [TEST_STEP][PASSED] - Statement - counter = counter + 1: null

2018-12-04 12:23:56 - [TEST_STEP][PASSED] - Statement - PreSaveFile = new java.io.File(((pathPrefix + java.lang.Integer.toString(counter)) + .png)): null

2018-12-04 12:23:56 - [TEST_STEP][PASSED] - Statement - counter = counter + 1: null

2018-12-04 12:23:56 - [TEST_STEP][PASSED] - Statement - PreSaveFile = new java.io.File(((pathPrefix + java.lang.Integer.toString(counter)) + .png)): null

2018-12-04 12:23:56 - [TEST_STEP][PASSED] - Statement - counter = counter + 1: null

2018-12-04 12:23:56 - [TEST_STEP][PASSED] - Statement - PreSaveFile = new java.io.File(((pathPrefix + java.lang.Integer.toString(counter)) + .png)): null

2018-12-04 12:23:57 - [TEST_STEP][PASSED] - Statement - counter = counter + 1: null

2018-12-04 12:23:57 - [TEST_STEP][PASSED] - Statement - PreSaveFile = new java.io.File(((pathPrefix + java.lang.Integer.toString(counter)) + .png)): null

2018-12-04 12:23:57 - [TEST_STEP][PASSED] - Statement - counter = counter + 1: null

2018-12-04 12:23:57 - [TEST_STEP][PASSED] - Statement - PreSaveFile = new java.io.File(((pathPrefix + java.lang.Integer.toString(counter)) + .png)): null

2018-12-04 12:23:57 - [TEST_STEP][PASSED] - Statement - counter = counter + 1: null

2018-12-04 12:23:57 - [TEST_STEP][PASSED] - Statement - PreSaveFile = new java.io.File(((pathPrefix + java.lang.Integer.toString(counter)) + .png)): null

2018-12-04 12:23:57 - [TEST_STEP][PASSED] - Statement - counter = counter + 1: null

2018-12-04 12:23:57 - [TEST_STEP][PASSED] - Statement - PreSaveFile = new java.io.File(((pathPrefix + java.lang.Integer.toString(counter)) + .png)): null

2018-12-04 12:23:57 - [TEST_STEP][PASSED] - Statement - counter = counter + 1: null

2018-12-04 12:23:57 - [TEST_STEP][PASSED] - Statement - PreSaveFile = new java.io.File(((pathPrefix + java.lang.Integer.toString(counter)) + .png)): null

2018-12-04 12:23:59 - [TEST_STEP][PASSED] - Statement - counter = counter + 1: null

2018-12-04 12:23:59 - [TEST_STEP][PASSED] - Statement - PreSaveFile = new java.io.File(((pathPrefix + java.lang.Integer.toString(counter)) + .png)): null

2018-12-04 12:23:59 - [TEST_STEP][PASSED] - Statement - counter = counter + 1: null

2018-12-04 12:23:59 - [TEST_STEP][PASSED] - Statement - PreSaveFile = new java.io.File(((pathPrefix + java.lang.Integer.toString(counter)) + .png)): null

2018-12-04 12:23:59 - [TEST_STEP][PASSED] - Statement - counter = counter + 1: null

2018-12-04 12:23:59 - [TEST_STEP][PASSED] - Statement - PreSaveFile = new java.io.File(((pathPrefix + java.lang.Integer.toString(counter)) + .png)): null

2018-12-04 12:23:59 - [TEST_STEP][PASSED] - Statement - counter = counter + 1: null

2018-12-04 12:23:59 - [TEST_STEP][PASSED] - Statement - PreSaveFile = new java.io.File(((pathPrefix + java.lang.Integer.toString(counter)) + .png)): null

2018-12-04 12:23:59 - [TEST_STEP][PASSED] - Statement - counter = counter + 1: null

2018-12-04 12:24:01 - [TEST_STEP][PASSED] - Statement - PreSaveFile = new java.io.File(((pathPrefix + java.lang.Integer.toString(counter)) + .png)): null

2018-12-04 12:24:01 - [TEST_STEP][PASSED] - Statement - counter = counter + 1: null

2018-12-04 12:24:01 - [TEST_STEP][PASSED] - Statement - PreSaveFile = new java.io.File(((pathPrefix + java.lang.Integer.toString(counter)) + .png)): null

2018-12-04 12:24:01 - [TEST_STEP][PASSED] - Statement - counter = counter + 1: null

2018-12-04 12:24:01 - [TEST_STEP][PASSED] - Statement - PreSaveFile = new java.io.File(((pathPrefix + java.lang.Integer.toString(counter)) + .png)): null

2018-12-04 12:24:01 - [TEST_STEP][PASSED] - Statement - counter = counter + 1: null

2018-12-04 12:24:01 - [TEST_STEP][PASSED] - Statement - PreSaveFile = new java.io.File(((pathPrefix + java.lang.Integer.toString(counter)) + .png)): null

2018-12-04 12:24:01 - [TEST_STEP][PASSED] - Statement - counter = counter + 1: null

2018-12-04 12:24:01 - [TEST_STEP][PASSED] - Statement - PreSaveFile = new java.io.File(((pathPrefix + java.lang.Integer.toString(counter)) + .png)): null

2018-12-04 12:24:01 - [TEST_STEP][PASSED] - Statement - counter = counter + 1: null

2018-12-04 12:24:03 - [TEST_STEP][PASSED] - Statement - PreSaveFile = new java.io.File(((pathPrefix + java.lang.Integer.toString(counter)) + .png)): null

2018-12-04 12:24:03 - [TEST_STEP][PASSED] - Statement - counter = counter + 1: null

2018-12-04 12:24:03 - [TEST_STEP][PASSED] - Statement - PreSaveFile = new java.io.File(((pathPrefix + java.lang.Integer.toString(counter)) + .png)): null

2018-12-04 12:24:03 - [TEST_STEP][PASSED] - Statement - counter = counter + 1: null

2018-12-04 12:24:03 - [TEST_STEP][PASSED] - Statement - PreSaveFile = new java.io.File(((pathPrefix + java.lang.Integer.toString(counter)) + .png)): null

2018-12-04 12:24:03 - [TEST_STEP][PASSED] - Statement - counter = counter + 1: null

2018-12-04 12:24:03 - [TEST_STEP][PASSED] - Statement - PreSaveFile = new java.io.File(((pathPrefix + java.lang.Integer.toString(counter)) + .png)): null

2018-12-04 12:24:03 - [TEST_STEP][PASSED] - Statement - counter = counter + 1: null

2018-12-04 12:24:03 - [TEST_STEP][PASSED] - Statement - PreSaveFile = new java.io.File(((pathPrefix + java.lang.Integer.toString(counter)) + .png)): null

2018-12-04 12:24:03 - [TEST_STEP][PASSED] - Statement - counter = counter + 1: null

2018-12-04 12:24:04 - [TEST_STEP][PASSED] - Statement - PreSaveFile = new java.io.File(((pathPrefix + java.lang.Integer.toString(counter)) + .png)): null

2018-12-04 12:24:04 - [TEST_STEP][PASSED] - Statement - counter = counter + 1: null

2018-12-04 12:24:04 - [TEST_STEP][PASSED] - Statement - PreSaveFile = new java.io.File(((pathPrefix + java.lang.Integer.toString(counter)) + .png)): null

2018-12-04 12:24:04 - [TEST_STEP][PASSED] - Statement - counter = counter + 1: null

2018-12-04 12:24:04 - [TEST_STEP][PASSED] - Statement - PreSaveFile = new java.io.File(((pathPrefix + java.lang.Integer.toString(counter)) + .png)): null

2018-12-04 12:24:04 - [TEST_STEP][PASSED] - Statement - counter = counter + 1: null

2018-12-04 12:24:04 - [TEST_STEP][PASSED] - Statement - PreSaveFile = new java.io.File(((pathPrefix + java.lang.Integer.toString(counter)) + .png)): null

2018-12-04 12:24:04 - [TEST_STEP][PASSED] - Statement - counter = counter + 1: null

2018-12-04 12:24:04 - [TEST_STEP][PASSED] - Statement - PreSaveFile = new java.io.File(((pathPrefix + java.lang.Integer.toString(counter)) + .png)): null

2018-12-04 12:24:06 - [TEST_STEP][PASSED] - Statement - counter = counter + 1: null

2018-12-04 12:24:06 - [TEST_STEP][PASSED] - Statement - PreSaveFile = new java.io.File(((pathPrefix + java.lang.Integer.toString(counter)) + .png)): null

2018-12-04 12:24:06 - [TEST_STEP][PASSED] - Statement - counter = counter + 1: null

2018-12-04 12:24:06 - [TEST_STEP][PASSED] - Statement - PreSaveFile = new java.io.File(((pathPrefix + java.lang.Integer.toString(counter)) + .png)): null

2018-12-04 12:24:06 - [TEST_STEP][PASSED] - Statement - counter = counter + 1: null

2018-12-04 12:24:06 - [TEST_STEP][PASSED] - Statement - PreSaveFile = new java.io.File(((pathPrefix + java.lang.Integer.toString(counter)) + .png)): null

2018-12-04 12:24:06 - [TEST_STEP][PASSED] - Statement - counter = counter + 1: null

2018-12-04 12:24:06 - [TEST_STEP][PASSED] - Statement - PreSaveFile = new java.io.File(((pathPrefix + java.lang.Integer.toString(counter)) + .png)): null

2018-12-04 12:24:06 - [TEST_STEP][PASSED] - Statement - counter = counter + 1: null

2018-12-04 12:24:08 - [TEST_STEP][PASSED] - Statement - PreSaveFile = new java.io.File(((pathPrefix + java.lang.Integer.toString(counter)) + .png)): null

2018-12-04 12:24:08 - [TEST_STEP][PASSED] - Statement - counter = counter + 1: null

2018-12-04 12:24:08 - [TEST_STEP][PASSED] - Statement - PreSaveFile = new java.io.File(((pathPrefix + java.lang.Integer.toString(counter)) + .png)): null

2018-12-04 12:24:08 - [TEST_STEP][PASSED] - Statement - counter = counter + 1: null

2018-12-04 12:24:08 - [TEST_STEP][PASSED] - Statement - PreSaveFile = new java.io.File(((pathPrefix + java.lang.Integer.toString(counter)) + .png)): null

2018-12-04 12:24:08 - [TEST_STEP][PASSED] - Statement - counter = counter + 1: null

2018-12-04 12:24:08 - [TEST_STEP][PASSED] - Statement - PreSaveFile = new java.io.File(((pathPrefix + java.lang.Integer.toString(counter)) + .png)): null

2018-12-04 12:24:08 - [TEST_STEP][PASSED] - Statement - counter = counter + 1: null

2018-12-04 12:24:08 - [TEST_STEP][PASSED] - Statement - PreSaveFile = new java.io.File(((pathPrefix + java.lang.Integer.toString(counter)) + .png)): null

2018-12-04 12:24:08 - [TEST_STEP][PASSED] - Statement - counter = counter + 1: null

2018-12-04 12:24:10 - [TEST_STEP][PASSED] - Statement - PreSaveFile = new java.io.File(((pathPrefix + java.lang.Integer.toString(counter)) + .png)): null

2018-12-04 12:24:10 - [TEST_STEP][PASSED] - Statement - counter = counter + 1: null

2018-12-04 12:24:10 - [TEST_STEP][PASSED] - Statement - PreSaveFile = new java.io.File(((pathPrefix + java.lang.Integer.toString(counter)) + .png)): null

2018-12-04 12:24:10 - [TEST_STEP][PASSED] - Statement - counter = counter + 1: null

2018-12-04 12:24:10 - [TEST_STEP][PASSED] - Statement - PreSaveFile = new java.io.File(((pathPrefix + java.lang.Integer.toString(counter)) + .png)): null

2018-12-04 12:24:10 - [TEST_STEP][PASSED] - Statement - counter = counter + 1: null

2018-12-04 12:24:10 - [TEST_STEP][PASSED] - Statement - PreSaveFile = new java.io.File(((pathPrefix + java.lang.Integer.toString(counter)) + .png)): null

2018-12-04 12:24:10 - [TEST_STEP][PASSED] - Statement - counter = counter + 1: null

2018-12-04 12:24:10 - [TEST_STEP][PASSED] - Statement - PreSaveFile = new java.io.File(((pathPrefix + java.lang.Integer.toString(counter)) + .png)): null

2018-12-04 12:24:10 - [TEST_STEP][PASSED] - Statement - counter = counter + 1: null

2018-12-04 12:24:12 - [TEST_STEP][PASSED] - Statement - PreSaveFile = new java.io.File(((pathPrefix + java.lang.Integer.toString(counter)) + .png)): null

2018-12-04 12:24:12 - [TEST_STEP][PASSED] - Statement - counter = counter + 1: null

2018-12-04 12:24:12 - [TEST_STEP][PASSED] - Statement - PreSaveFile = new java.io.File(((pathPrefix + java.lang.Integer.toString(counter)) + .png)): null

2018-12-04 12:24:12 - [TEST_STEP][PASSED] - Statement - counter = counter + 1: null

2018-12-04 12:24:12 - [TEST_STEP][PASSED] - Statement - PreSaveFile = new java.io.File(((pathPrefix + java.lang.Integer.toString(counter)) + .png)): null

2018-12-04 12:24:12 - [TEST_STEP][PASSED] - Statement - counter = counter + 1: null

2018-12-04 12:24:12 - [TEST_STEP][PASSED] - Statement - PreSaveFile = new java.io.File(((pathPrefix + java.lang.Integer.toString(counter)) + .png)): null

2018-12-04 12:24:12 - [TEST_STEP][PASSED] - Statement - counter = counter + 1: null

2018-12-04 12:24:12 - [TEST_STEP][PASSED] - Statement - PreSaveFile = new java.io.File(((pathPrefix + java.lang.Integer.toString(counter)) + .png)): null

2018-12-04 12:24:12 - [TEST_STEP][PASSED] - Statement - counter = counter + 1: null

2018-12-04 12:24:14 - [TEST_STEP][PASSED] - Statement - PreSaveFile = new java.io.File(((pathPrefix + java.lang.Integer.toString(counter)) + .png)): null

2018-12-04 12:24:14 - [TEST_STEP][PASSED] - Statement - counter = counter + 1: null

2018-12-04 12:24:14 - [TEST_STEP][PASSED] - Statement - PreSaveFile = new java.io.File(((pathPrefix + java.lang.Integer.toString(counter)) + .png)): null

2018-12-04 12:24:14 - [TEST_STEP][PASSED] - Statement - counter = counter + 1: null

2018-12-04 12:24:14 - [TEST_STEP][PASSED] - Statement - PreSaveFile = new java.io.File(((pathPrefix + java.lang.Integer.toString(counter)) + .png)): null

2018-12-04 12:24:14 - [TEST_STEP][PASSED] - Statement - counter = counter + 1: null

2018-12-04 12:24:14 - [TEST_STEP][PASSED] - Statement - PreSaveFile = new java.io.File(((pathPrefix + java.lang.Integer.toString(counter)) + .png)): null

2018-12-04 12:24:14 - [TEST_STEP][PASSED] - Statement - counter = counter + 1: null

2018-12-04 12:24:14 - [TEST_STEP][PASSED] - Statement - PreSaveFile = new java.io.File(((pathPrefix + java.lang.Integer.toString(counter)) + .png)): null

2018-12-04 12:24:16 - [TEST_STEP][PASSED] - Statement - counter = counter + 1: null

2018-12-04 12:24:16 - [TEST_STEP][PASSED] - Statement - PreSaveFile = new java.io.File(((pathPrefix + java.lang.Integer.toString(counter)) + .png)): null

2018-12-04 12:24:16 - [TEST_STEP][PASSED] - Statement - counter = counter + 1: null

2018-12-04 12:24:16 - [TEST_STEP][PASSED] - Statement - PreSaveFile = new java.io.File(((pathPrefix + java.lang.Integer.toString(counter)) + .png)): null

2018-12-04 12:24:16 - [TEST_STEP][PASSED] - Statement - counter = counter + 1: null

2018-12-04 12:24:16 - [TEST_STEP][PASSED] - Statement - PreSaveFile = new java.io.File(((pathPrefix + java.lang.Integer.toString(counter)) + .png)): null

2018-12-04 12:24:16 - [TEST_STEP][PASSED] - Statement - counter = counter + 1: null

2018-12-04 12:24:16 - [TEST_STEP][PASSED] - Statement - PreSaveFile = new java.io.File(((pathPrefix + java.lang.Integer.toString(counter)) + .png)): null

2018-12-04 12:24:16 - [TEST_STEP][PASSED] - Statement - counter = counter + 1: null

2018-12-04 12:24:18 - [TEST_STEP][PASSED] - Statement - PreSaveFile = new java.io.File(((pathPrefix + java.lang.Integer.toString(counter)) + .png)): null

2018-12-04 12:24:18 - [TEST_STEP][PASSED] - Statement - counter = counter + 1: null

2018-12-04 12:24:18 - [TEST_STEP][PASSED] - Statement - PreSaveFile = new java.io.File(((pathPrefix + java.lang.Integer.toString(counter)) + .png)): null

2018-12-04 12:24:18 - [TEST_STEP][PASSED] - Statement - counter = counter + 1: null

2018-12-04 12:24:18 - [TEST_STEP][PASSED] - Statement - PreSaveFile = new java.io.File(((pathPrefix + java.lang.Integer.toString(counter)) + .png)): null

2018-12-04 12:24:18 - [TEST_STEP][PASSED] - Statement - counter = counter + 1: null

2018-12-04 12:24:18 - [TEST_STEP][PASSED] - Statement - PreSaveFile = new java.io.File(((pathPrefix + java.lang.Integer.toString(counter)) + .png)): null

2018-12-04 12:24:18 - [TEST_STEP][PASSED] - Statement - counter = counter + 1: null

2018-12-04 12:24:18 - [TEST_STEP][PASSED] - Statement - PreSaveFile = new java.io.File(((pathPrefix + java.lang.Integer.toString(counter)) + .png)): null

2018-12-04 12:24:18 - [TEST_STEP][PASSED] - Statement - counter = counter + 1: null

2018-12-04 12:24:20 - [TEST_STEP][PASSED] - Statement - PreSaveFile = new java.io.File(((pathPrefix + java.lang.Integer.toString(counter)) + .png)): null

2018-12-04 12:24:20 - [TEST_STEP][PASSED] - Statement - counter = counter + 1: null

2018-12-04 12:24:20 - [TEST_STEP][PASSED] - Statement - PreSaveFile = new java.io.File(((pathPrefix + java.lang.Integer.toString(counter)) + .png)): null

2018-12-04 12:24:20 - [TEST_STEP][PASSED] - Statement - counter = counter + 1: null

2018-12-04 12:24:20 - [TEST_STEP][PASSED] - Statement - PreSaveFile = new java.io.File(((pathPrefix + java.lang.Integer.toString(counter)) + .png)): null

2018-12-04 12:24:20 - [TEST_STEP][PASSED] - Statement - counter = counter + 1: null

2018-12-04 12:24:20 - [TEST_STEP][PASSED] - Statement - PreSaveFile = new java.io.File(((pathPrefix + java.lang.Integer.toString(counter)) + .png)): null

2018-12-04 12:24:20 - [TEST_STEP][PASSED] - Statement - counter = counter + 1: null

2018-12-04 12:24:20 - [TEST_STEP][PASSED] - Statement - PreSaveFile = new java.io.File(((pathPrefix + java.lang.Integer.toString(counter)) + .png)): null

2018-12-04 12:24:20 - [TEST_STEP][PASSED] - Statement - counter = counter + 1: null

2018-12-04 12:24:22 - [TEST_STEP][PASSED] - Statement - PreSaveFile = new java.io.File(((pathPrefix + java.lang.Integer.toString(counter)) + .png)): null

2018-12-04 12:24:22 - [TEST_STEP][PASSED] - Statement - counter = counter + 1: null

2018-12-04 12:24:22 - [TEST_STEP][PASSED] - Statement - PreSaveFile = new java.io.File(((pathPrefix + java.lang.Integer.toString(counter)) + .png)): null

2018-12-04 12:24:22 - [TEST_STEP][PASSED] - Statement - counter = counter + 1: null

2018-12-04 12:24:22 - [TEST_STEP][PASSED] - Statement - PreSaveFile = new java.io.File(((pathPrefix + java.lang.Integer.toString(counter)) + .png)): null

2018-12-04 12:24:22 - [TEST_STEP][PASSED] - Statement - counter = counter + 1: null

2018-12-04 12:24:22 - [TEST_STEP][PASSED] - Statement - PreSaveFile = new java.io.File(((pathPrefix + java.lang.Integer.toString(counter)) + .png)): null

2018-12-04 12:24:22 - [TEST_STEP][PASSED] - Statement - counter = counter + 1: null

2018-12-04 12:24:22 - [TEST_STEP][PASSED] - Statement - PreSaveFile = new java.io.File(((pathPrefix + java.lang.Integer.toString(counter)) + .png)): null

2018-12-04 12:24:24 - [TEST_STEP][PASSED] - Statement - counter = counter + 1: null

2018-12-04 12:24:24 - [TEST_STEP][PASSED] - Statement - PreSaveFile = new java.io.File(((pathPrefix + java.lang.Integer.toString(counter)) + .png)): null

2018-12-04 12:24:24 - [TEST_STEP][PASSED] - Statement - counter = counter + 1: null

2018-12-04 12:24:24 - [TEST_STEP][PASSED] - Statement - PreSaveFile = new java.io.File(((pathPrefix + java.lang.Integer.toString(counter)) + .png)): null

2018-12-04 12:24:24 - [TEST_STEP][PASSED] - Statement - counter = counter + 1: null

2018-12-04 12:24:24 - [TEST_STEP][PASSED] - Statement - PreSaveFile = new java.io.File(((pathPrefix + java.lang.Integer.toString(counter)) + .png)): null

2018-12-04 12:24:24 - [TEST_STEP][PASSED] - Statement - counter = counter + 1: null

2018-12-04 12:24:24 - [TEST_STEP][PASSED] - Statement - PreSaveFile = new java.io.File(((pathPrefix + java.lang.Integer.toString(counter)) + .png)): null

2018-12-04 12:24:24 - [TEST_STEP][PASSED] - Statement - counter = counter + 1: null

2018-12-04 12:24:24 - [TEST_STEP][PASSED] - Statement - PreSaveFile = new java.io.File(((pathPrefix + java.lang.Integer.toString(counter)) + .png)): null

2018-12-04 12:24:26 - [TEST_STEP][PASSED] - Statement - counter = counter + 1: null

2018-12-04 12:24:26 - [TEST_STEP][PASSED] - Statement - PreSaveFile = new java.io.File(((pathPrefix + java.lang.Integer.toString(counter)) + .png)): null

2018-12-04 12:24:26 - [TEST_STEP][PASSED] - Statement - counter = counter + 1: null

2018-12-04 12:24:26 - [TEST_STEP][PASSED] - Statement - PreSaveFile = new java.io.File(((pathPrefix + java.lang.Integer.toString(counter)) + .png)): null

2018-12-04 12:24:26 - [TEST_STEP][PASSED] - Statement - counter = counter + 1: null

2018-12-04 12:24:26 - [TEST_STEP][PASSED] - Statement - PreSaveFile = new java.io.File(((pathPrefix + java.lang.Integer.toString(counter)) + .png)): null

2018-12-04 12:24:26 - [TEST_STEP][PASSED] - Statement - counter = counter + 1: null

2018-12-04 12:24:26 - [TEST_STEP][PASSED] - Statement - PreSaveFile = new java.io.File(((pathPrefix + java.lang.Integer.toString(counter)) + .png)): null

2018-12-04 12:24:26 - [TEST_STEP][PASSED] - Statement - counter = counter + 1: null

2018-12-04 12:24:28 - [TEST_STEP][PASSED] - Statement - PreSaveFile = new java.io.File(((pathPrefix + java.lang.Integer.toString(counter)) + .png)): null

2018-12-04 12:24:28 - [TEST_STEP][PASSED] - Statement - counter = counter + 1: null

2018-12-04 12:24:28 - [TEST_STEP][PASSED] - Statement - PreSaveFile = new java.io.File(((pathPrefix + java.lang.Integer.toString(counter)) + .png)): null

2018-12-04 12:24:28 - [TEST_STEP][PASSED] - Statement - counter = counter + 1: null

2018-12-04 12:24:28 - [TEST_STEP][PASSED] - Statement - PreSaveFile = new java.io.File(((pathPrefix + java.lang.Integer.toString(counter)) + .png)): null

2018-12-04 12:24:28 - [TEST_STEP][PASSED] - Statement - counter = counter + 1: null

2018-12-04 12:24:28 - [TEST_STEP][PASSED] - Statement - PreSaveFile = new java.io.File(((pathPrefix + java.lang.Integer.toString(counter)) + .png)): null

2018-12-04 12:24:28 - [TEST_STEP][PASSED] - Statement - counter = counter + 1: null

2018-12-04 12:24:28 - [TEST_STEP][PASSED] - Statement - PreSaveFile = new java.io.File(((pathPrefix + java.lang.Integer.toString(counter)) + .png)): null

2018-12-04 12:24:28 - [TEST_STEP][PASSED] - Statement - counter = counter + 1: null

2018-12-04 12:24:31 - [TEST_STEP][PASSED] - Statement - PreSaveFile = new java.io.File(((pathPrefix + java.lang.Integer.toString(counter)) + .png)): null

2018-12-04 12:24:31 - [TEST_STEP][PASSED] - Statement - counter = counter + 1: null

2018-12-04 12:24:31 - [TEST_STEP][PASSED] - Statement - PreSaveFile = new java.io.File(((pathPrefix + java.lang.Integer.toString(counter)) + .png)): null

2018-12-04 12:24:31 - [TEST_STEP][PASSED] - Statement - counter = counter + 1: null

2018-12-04 12:24:31 - [TEST_STEP][PASSED] - Statement - PreSaveFile = new java.io.File(((pathPrefix + java.lang.Integer.toString(counter)) + .png)): null

2018-12-04 12:24:31 - [TEST_STEP][PASSED] - Statement - counter = counter + 1: null

2018-12-04 12:24:31 - [TEST_STEP][PASSED] - Statement - PreSaveFile = new java.io.File(((pathPrefix + java.lang.Integer.toString(counter)) + .png)): null

2018-12-04 12:24:31 - [TEST_STEP][PASSED] - Statement - counter = counter + 1: null

2018-12-04 12:24:31 - [TEST_STEP][PASSED] - Statement - PreSaveFile = new java.io.File(((pathPrefix + java.lang.Integer.toString(counter)) + .png)): null

2018-12-04 12:24:31 - [TEST_STEP][PASSED] - Statement - counter = counter + 1: null

2018-12-04 12:24:33 - [TEST_STEP][PASSED] - Statement - PreSaveFile = new java.io.File(((pathPrefix + java.lang.Integer.toString(counter)) + .png)): null

2018-12-04 12:24:33 - [TEST_STEP][PASSED] - Statement - counter = counter + 1: null

2018-12-04 12:24:33 - [TEST_STEP][PASSED] - Statement - PreSaveFile = new java.io.File(((pathPrefix + java.lang.Integer.toString(counter)) + .png)): null

2018-12-04 12:24:33 - [TEST_STEP][PASSED] - Statement - counter = counter + 1: null

2018-12-04 12:24:33 - [TEST_STEP][PASSED] - Statement - PreSaveFile = new java.io.File(((pathPrefix + java.lang.Integer.toString(counter)) + .png)): null

2018-12-04 12:24:33 - [TEST_STEP][PASSED] - Statement - counter = counter + 1: null

2018-12-04 12:24:33 - [TEST_STEP][PASSED] - Statement - PreSaveFile = new java.io.File(((pathPrefix + java.lang.Integer.toString(counter)) + .png)): null

2018-12-04 12:24:33 - [TEST_STEP][PASSED] - Statement - counter = counter + 1: null

2018-12-04 12:24:33 - [TEST_STEP][PASSED] - Statement - PreSaveFile = new java.io.File(((pathPrefix + java.lang.Integer.toString(counter)) + .png)): null

2018-12-04 12:24:35 - [TEST_STEP][PASSED] - Statement - counter = counter + 1: null

2018-12-04 12:24:35 - [TEST_STEP][PASSED] - Statement - PreSaveFile = new java.io.File(((pathPrefix + java.lang.Integer.toString(counter)) + .png)): null

2018-12-04 12:24:35 - [TEST_STEP][PASSED] - Statement - counter = counter + 1: null

2018-12-04 12:24:35 - [TEST_STEP][PASSED] - Statement - PreSaveFile = new java.io.File(((pathPrefix + java.lang.Integer.toString(counter)) + .png)): null

2018-12-04 12:24:35 - [TEST_STEP][PASSED] - Statement - counter = counter + 1: null

2018-12-04 12:24:35 - [TEST_STEP][PASSED] - Statement - PreSaveFile = new java.io.File(((pathPrefix + java.lang.Integer.toString(counter)) + .png)): null

2018-12-04 12:24:35 - [TEST_STEP][PASSED] - Statement - counter = counter + 1: null

2018-12-04 12:24:35 - [TEST_STEP][PASSED] - Statement - PreSaveFile = new java.io.File(((pathPrefix + java.lang.Integer.toString(counter)) + .png)): null

2018-12-04 12:24:35 - [TEST_STEP][PASSED] - Statement - counter = counter + 1: null

2018-12-04 12:24:37 - [TEST_STEP][PASSED] - Statement - PreSaveFile = new java.io.File(((pathPrefix + java.lang.Integer.toString(counter)) + .png)): null

2018-12-04 12:24:37 - [TEST_STEP][PASSED] - Statement - counter = counter + 1: null

2018-12-04 12:24:37 - [TEST_STEP][PASSED] - Statement - PreSaveFile = new java.io.File(((pathPrefix + java.lang.Integer.toString(counter)) + .png)): null

2018-12-04 12:24:37 - [TEST_STEP][PASSED] - Statement - counter = counter + 1: null

2018-12-04 12:24:37 - [TEST_STEP][PASSED] - Statement - PreSaveFile = new java.io.File(((pathPrefix + java.lang.Integer.toString(counter)) + .png)): null

2018-12-04 12:24:37 - [TEST_STEP][PASSED] - Statement - counter = counter + 1: null

2018-12-04 12:24:37 - [TEST_STEP][PASSED] - Statement - PreSaveFile = new java.io.File(((pathPrefix + java.lang.Integer.toString(counter)) + .png)): null

2018-12-04 12:24:37 - [TEST_STEP][PASSED] - Statement - counter = counter + 1: null

2018-12-04 12:24:37 - [TEST_STEP][PASSED] - Statement - PreSaveFile = new java.io.File(((pathPrefix + java.lang.Integer.toString(counter)) + .png)): null

2018-12-04 12:24:37 - [TEST_STEP][PASSED] - Statement - counter = counter + 1: null

2018-12-04 12:24:40 - [TEST_STEP][PASSED] - Statement - PreSaveFile = new java.io.File(((pathPrefix + java.lang.Integer.toString(counter)) + .png)): null

2018-12-04 12:24:40 - [TEST_STEP][PASSED] - Statement - counter = counter + 1: null

2018-12-04 12:24:40 - [TEST_STEP][PASSED] - Statement - PreSaveFile = new java.io.File(((pathPrefix + java.lang.Integer.toString(counter)) + .png)): null

2018-12-04 12:24:40 - [TEST_STEP][PASSED] - Statement - counter = counter + 1: null

2018-12-04 12:24:40 - [TEST_STEP][PASSED] - Statement - PreSaveFile = new java.io.File(((pathPrefix + java.lang.Integer.toString(counter)) + .png)): null

2018-12-04 12:24:40 - [TEST_STEP][PASSED] - Statement - counter = counter + 1: null

2018-12-04 12:24:40 - [TEST_STEP][PASSED] - Statement - PreSaveFile = new java.io.File(((pathPrefix + java.lang.Integer.toString(counter)) + .png)): null

2018-12-04 12:24:40 - [TEST_STEP][PASSED] - Statement - counter = counter + 1: null

2018-12-04 12:24:40 - [TEST_STEP][PASSED] - Statement - PreSaveFile = new java.io.File(((pathPrefix + java.lang.Integer.toString(counter)) + .png)): null

2018-12-04 12:24:40 - [TEST_STEP][PASSED] - Statement - counter = counter + 1: null

2018-12-04 12:24:42 - [TEST_STEP][PASSED] - Statement - PreSaveFile = new java.io.File(((pathPrefix + java.lang.Integer.toString(counter)) + .png)): null

2018-12-04 12:24:42 - [TEST_STEP][PASSED] - Statement - counter = counter + 1: null

2018-12-04 12:24:42 - [TEST_STEP][PASSED] - Statement - PreSaveFile = new java.io.File(((pathPrefix + java.lang.Integer.toString(counter)) + .png)): null

2018-12-04 12:24:42 - [TEST_STEP][PASSED] - Statement - counter = counter + 1: null

2018-12-04 12:24:42 - [TEST_STEP][PASSED] - Statement - PreSaveFile = new java.io.File(((pathPrefix + java.lang.Integer.toString(counter)) + .png)): null

2018-12-04 12:24:42 - [TEST_STEP][PASSED] - Statement - counter = counter + 1: null

2018-12-04 12:24:42 - [TEST_STEP][PASSED] - Statement - PreSaveFile = new java.io.File(((pathPrefix + java.lang.Integer.toString(counter)) + .png)): null

2018-12-04 12:24:42 - [TEST_STEP][PASSED] - Statement - counter = counter + 1: null

2018-12-04 12:24:42 - [TEST_STEP][PASSED] - Statement - PreSaveFile = new java.io.File(((pathPrefix + java.lang.Integer.toString(counter)) + .png)): null

2018-12-04 12:24:42 - [TEST_STEP][PASSED] - Statement - counter = counter + 1: null

2018-12-04 12:24:44 - [TEST_STEP][PASSED] - Statement - PreSaveFile = new java.io.File(((pathPrefix + java.lang.Integer.toString(counter)) + .png)): null

2018-12-04 12:24:44 - [TEST_STEP][PASSED] - Statement - counter = counter + 1: null

2018-12-04 12:24:44 - [TEST_STEP][PASSED] - Statement - PreSaveFile = new java.io.File(((pathPrefix + java.lang.Integer.toString(counter)) + .png)): null

2018-12-04 12:24:44 - [TEST_STEP][PASSED] - Statement - counter = counter + 1: null

2018-12-04 12:24:44 - [TEST_STEP][PASSED] - Statement - PreSaveFile = new java.io.File(((pathPrefix + java.lang.Integer.toString(counter)) + .png)): null

2018-12-04 12:24:44 - [TEST_STEP][PASSED] - Statement - counter = counter + 1: null

2018-12-04 12:24:44 - [TEST_STEP][PASSED] - Statement - PreSaveFile = new java.io.File(((pathPrefix + java.lang.Integer.toString(counter)) + .png)): null

2018-12-04 12:24:44 - [TEST_STEP][PASSED] - Statement - counter = counter + 1: null

2018-12-04 12:24:44 - [TEST_STEP][PASSED] - Statement - PreSaveFile = new java.io.File(((pathPrefix + java.lang.Integer.toString(counter)) + .png)): null

2018-12-04 12:24:46 - [TEST_STEP][PASSED] - Statement - counter = counter + 1: null

2018-12-04 12:24:46 - [TEST_STEP][PASSED] - Statement - PreSaveFile = new java.io.File(((pathPrefix + java.lang.Integer.toString(counter)) + .png)): null

2018-12-04 12:24:46 - [TEST_STEP][PASSED] - Statement - counter = counter + 1: null

2018-12-04 12:24:46 - [TEST_STEP][PASSED] - Statement - PreSaveFile = new java.io.File(((pathPrefix + java.lang.Integer.toString(counter)) + .png)): null

2018-12-04 12:24:46 - [TEST_STEP][PASSED] - Statement - counter = counter + 1: null

2018-12-04 12:24:46 - [TEST_STEP][PASSED] - Statement - PreSaveFile = new java.io.File(((pathPrefix + java.lang.Integer.toString(counter)) + .png)): null

2018-12-04 12:24:46 - [TEST_STEP][PASSED] - Statement - counter = counter + 1: null

2018-12-04 12:24:46 - [TEST_STEP][PASSED] - Statement - PreSaveFile = new java.io.File(((pathPrefix + java.lang.Integer.toString(counter)) + .png)): null

2018-12-04 12:24:46 - [TEST_STEP][PASSED] - Statement - counter = counter + 1: null

2018-12-04 12:24:48 - [TEST_STEP][PASSED] - Statement - PreSaveFile = new java.io.File(((pathPrefix + java.lang.Integer.toString(counter)) + .png)): null

2018-12-04 12:24:48 - [TEST_STEP][PASSED] - Statement - counter = counter + 1: null

2018-12-04 12:24:48 - [TEST_STEP][PASSED] - Statement - PreSaveFile = new java.io.File(((pathPrefix + java.lang.Integer.toString(counter)) + .png)): null

2018-12-04 12:24:48 - [TEST_STEP][PASSED] - Statement - counter = counter + 1: null

2018-12-04 12:24:48 - [TEST_STEP][PASSED] - Statement - PreSaveFile = new java.io.File(((pathPrefix + java.lang.Integer.toString(counter)) + .png)): null

2018-12-04 12:24:48 - [TEST_STEP][PASSED] - Statement - counter = counter + 1: null

2018-12-04 12:24:48 - [TEST_STEP][PASSED] - Statement - PreSaveFile = new java.io.File(((pathPrefix + java.lang.Integer.toString(counter)) + .png)): null

2018-12-04 12:24:48 - [TEST_STEP][PASSED] - Statement - counter = counter + 1: null

2018-12-04 12:24:48 - [TEST_STEP][PASSED] - Statement - PreSaveFile = new java.io.File(((pathPrefix + java.lang.Integer.toString(counter)) + .png)): null

2018-12-04 12:24:48 - [TEST_STEP][PASSED] - Statement - counter = counter + 1: null

2018-12-04 12:24:50 - [TEST_STEP][PASSED] - Statement - PreSaveFile = new java.io.File(((pathPrefix + java.lang.Integer.toString(counter)) + .png)): null

2018-12-04 12:24:50 - [TEST_STEP][PASSED] - Statement - counter = counter + 1: null

2018-12-04 12:24:50 - [TEST_STEP][PASSED] - Statement - PreSaveFile = new java.io.File(((pathPrefix + java.lang.Integer.toString(counter)) + .png)): null

2018-12-04 12:24:50 - [TEST_STEP][PASSED] - Statement - counter = counter + 1: null

2018-12-04 12:24:50 - [TEST_STEP][PASSED] - Statement - PreSaveFile = new java.io.File(((pathPrefix + java.lang.Integer.toString(counter)) + .png)): null

2018-12-04 12:24:50 - [TEST_STEP][PASSED] - Statement - counter = counter + 1: null

2018-12-04 12:24:50 - [TEST_STEP][PASSED] - Statement - PreSaveFile = new java.io.File(((pathPrefix + java.lang.Integer.toString(counter)) + .png)): null

2018-12-04 12:24:50 - [TEST_STEP][PASSED] - Statement - counter = counter + 1: null

2018-12-04 12:24:50 - [TEST_STEP][PASSED] - Statement - PreSaveFile = new java.io.File(((pathPrefix + java.lang.Integer.toString(counter)) + .png)): null

2018-12-04 12:24:50 - [TEST_STEP][PASSED] - Statement - counter = counter + 1: null

2018-12-04 12:24:52 - [TEST_STEP][PASSED] - Statement - PreSaveFile = new java.io.File(((pathPrefix + java.lang.Integer.toString(counter)) + .png)): null

2018-12-04 12:24:52 - [TEST_STEP][PASSED] - Statement - counter = counter + 1: null

2018-12-04 12:24:52 - [TEST_STEP][PASSED] - Statement - PreSaveFile = new java.io.File(((pathPrefix + java.lang.Integer.toString(counter)) + .png)): null

2018-12-04 12:24:52 - [TEST_STEP][PASSED] - Statement - counter = counter + 1: null

2018-12-04 12:24:52 - [TEST_STEP][PASSED] - Statement - PreSaveFile = new java.io.File(((pathPrefix + java.lang.Integer.toString(counter)) + .png)): null

2018-12-04 12:24:52 - [TEST_STEP][PASSED] - Statement - counter = counter + 1: null

2018-12-04 12:24:52 - [TEST_STEP][PASSED] - Statement - PreSaveFile = new java.io.File(((pathPrefix + java.lang.Integer.toString(counter)) + .png)): null

2018-12-04 12:24:52 - [TEST_STEP][PASSED] - Statement - counter = counter + 1: null

2018-12-04 12:24:52 - [TEST_STEP][PASSED] - Statement - PreSaveFile = new java.io.File(((pathPrefix + java.lang.Integer.toString(counter)) + .png)): null

2018-12-04 12:24:54 - [TEST_STEP][PASSED] - Statement - counter = counter + 1: null

2018-12-04 12:24:54 - [TEST_STEP][PASSED] - Statement - PreSaveFile = new java.io.File(((pathPrefix + java.lang.Integer.toString(counter)) + .png)): null

2018-12-04 12:24:54 - [TEST_STEP][PASSED] - Statement - counter = counter + 1: null

2018-12-04 12:24:54 - [TEST_STEP][PASSED] - Statement - PreSaveFile = new java.io.File(((pathPrefix + java.lang.Integer.toString(counter)) + .png)): null

2018-12-04 12:24:54 - [TEST_STEP][PASSED] - Statement - counter = counter + 1: null

2018-12-04 12:24:54 - [TEST_STEP][PASSED] - Statement - PreSaveFile = new java.io.File(((pathPrefix + java.lang.Integer.toString(counter)) + .png)): null

2018-12-04 12:24:54 - [TEST_STEP][PASSED] - Statement - counter = counter + 1: null

2018-12-04 12:24:54 - [TEST_STEP][PASSED] - Statement - PreSaveFile = new java.io.File(((pathPrefix + java.lang.Integer.toString(counter)) + .png)): null

2018-12-04 12:24:54 - [TEST_STEP][PASSED] - Statement - counter = counter + 1: null

2018-12-04 12:24:54 - [TEST_STEP][PASSED] - Statement - PreSaveFile = new java.io.File(((pathPrefix + java.lang.Integer.toString(counter)) + .png)): null

2018-12-04 12:24:56 - [TEST_STEP][PASSED] - Statement - counter = counter + 1: null

2018-12-04 12:24:56 - [TEST_STEP][PASSED] - Statement - PreSaveFile = new java.io.File(((pathPrefix + java.lang.Integer.toString(counter)) + .png)): null

2018-12-04 12:24:56 - [TEST_STEP][PASSED] - Statement - counter = counter + 1: null

2018-12-04 12:24:56 - [TEST_STEP][PASSED] - Statement - PreSaveFile = new java.io.File(((pathPrefix + java.lang.Integer.toString(counter)) + .png)): null

2018-12-04 12:24:56 - [TEST_STEP][PASSED] - Statement - counter = counter + 1: null

2018-12-04 12:24:56 - [TEST_STEP][PASSED] - Statement - PreSaveFile = new java.io.File(((pathPrefix + java.lang.Integer.toString(counter)) + .png)): null

2018-12-04 12:24:56 - [TEST_STEP][PASSED] - Statement - counter = counter + 1: null

2018-12-04 12:24:56 - [TEST_STEP][PASSED] - Statement - PreSaveFile = new java.io.File(((pathPrefix + java.lang.Integer.toString(counter)) + .png)): null

2018-12-04 12:24:56 - [TEST_STEP][PASSED] - Statement - counter = counter + 1: null

2018-12-04 12:24:59 - [TEST_STEP][PASSED] - Statement - PreSaveFile = new java.io.File(((pathPrefix + java.lang.Integer.toString(counter)) + .png)): null

2018-12-04 12:24:59 - [TEST_STEP][PASSED] - Statement - counter = counter + 1: null

2018-12-04 12:24:59 - [TEST_STEP][PASSED] - Statement - PreSaveFile = new java.io.File(((pathPrefix + java.lang.Integer.toString(counter)) + .png)): null

2018-12-04 12:24:59 - [TEST_STEP][PASSED] - Statement - counter = counter + 1: null

2018-12-04 12:24:59 - [TEST_STEP][PASSED] - Statement - PreSaveFile = new java.io.File(((pathPrefix + java.lang.Integer.toString(counter)) + .png)): null

2018-12-04 12:24:59 - [TEST_STEP][PASSED] - Statement - counter = counter + 1: null

2018-12-04 12:24:59 - [TEST_STEP][PASSED] - Statement - PreSaveFile = new java.io.File(((pathPrefix + java.lang.Integer.toString(counter)) + .png)): null

2018-12-04 12:24:59 - [TEST_STEP][PASSED] - Statement - counter = counter + 1: null

2018-12-04 12:24:59 - [TEST_STEP][PASSED] - Statement - PreSaveFile = new java.io.File(((pathPrefix + java.lang.Integer.toString(counter)) + .png)): null

2018-12-04 12:24:59 - [TEST_STEP][PASSED] - Statement - counter = counter + 1: null

2018-12-04 12:25:01 - [TEST_STEP][PASSED] - Statement - PreSaveFile = new java.io.File(((pathPrefix + java.lang.Integer.toString(counter)) + .png)): null

2018-12-04 12:25:01 - [TEST_STEP][PASSED] - Statement - counter = counter + 1: null

2018-12-04 12:25:01 - [TEST_STEP][PASSED] - Statement - PreSaveFile = new java.io.File(((pathPrefix + java.lang.Integer.toString(counter)) + .png)): null

2018-12-04 12:25:01 - [TEST_STEP][PASSED] - Statement - counter = counter + 1: null

2018-12-04 12:25:01 - [TEST_STEP][PASSED] - Statement - PreSaveFile = new java.io.File(((pathPrefix + java.lang.Integer.toString(counter)) + .png)): null

2018-12-04 12:25:01 - [TEST_STEP][PASSED] - Statement - counter = counter + 1: null

2018-12-04 12:25:01 - [TEST_STEP][PASSED] - Statement - PreSaveFile = new java.io.File(((pathPrefix + java.lang.Integer.toString(counter)) + .png)): null

2018-12-04 12:25:01 - [TEST_STEP][PASSED] - Statement - counter = counter + 1: null

2018-12-04 12:25:01 - [TEST_STEP][PASSED] - Statement - PreSaveFile = new java.io.File(((pathPrefix + java.lang.Integer.toString(counter)) + .png)): null

2018-12-04 12:25:01 - [TEST_STEP][PASSED] - Statement - counter = counter + 1: null

2018-12-04 12:25:03 - [TEST_STEP][PASSED] - Statement - PreSaveFile = new java.io.File(((pathPrefix + java.lang.Integer.toString(counter)) + .png)): null

2018-12-04 12:25:03 - [TEST_STEP][PASSED] - Statement - counter = counter + 1: null

2018-12-04 12:25:03 - [TEST_STEP][PASSED] - Statement - PreSaveFile = new java.io.File(((pathPrefix + java.lang.Integer.toString(counter)) + .png)): null

2018-12-04 12:25:03 - [TEST_STEP][PASSED] - Statement - counter = counter + 1: null

2018-12-04 12:25:03 - [TEST_STEP][PASSED] - Statement - PreSaveFile = new java.io.File(((pathPrefix + java.lang.Integer.toString(counter)) + .png)): null

2018-12-04 12:25:03 - [TEST_STEP][PASSED] - Statement - counter = counter + 1: null

2018-12-04 12:25:03 - [TEST_STEP][PASSED] - Statement - PreSaveFile = new java.io.File(((pathPrefix + java.lang.Integer.toString(counter)) + .png)): null

2018-12-04 12:25:03 - [TEST_STEP][PASSED] - Statement - counter = counter + 1: null

2018-12-04 12:25:03 - [TEST_STEP][PASSED] - Statement - PreSaveFile = new java.io.File(((pathPrefix + java.lang.Integer.toString(counter)) + .png)): null

2018-12-04 12:25:06 - [TEST_STEP][PASSED] - Statement - counter = counter + 1: null

2018-12-04 12:25:06 - [TEST_STEP][PASSED] - Statement - PreSaveFile = new java.io.File(((pathPrefix + java.lang.Integer.toString(counter)) + .png)): null

2018-12-04 12:25:06 - [TEST_STEP][PASSED] - Statement - counter = counter + 1: null

2018-12-04 12:25:06 - [TEST_STEP][PASSED] - Statement - PreSaveFile = new java.io.File(((pathPrefix + java.lang.Integer.toString(counter)) + .png)): null

2018-12-04 12:25:06 - [TEST_STEP][PASSED] - Statement - counter = counter + 1: null

2018-12-04 12:25:06 - [TEST_STEP][PASSED] - Statement - PreSaveFile = new java.io.File(((pathPrefix + java.lang.Integer.toString(counter)) + .png)): null

2018-12-04 12:25:06 - [TEST_STEP][PASSED] - Statement - counter = counter + 1: null

2018-12-04 12:25:06 - [TEST_STEP][PASSED] - Statement - PreSaveFile = new java.io.File(((pathPrefix + java.lang.Integer.toString(counter)) + .png)): null

2018-12-04 12:25:06 - [TEST_STEP][PASSED] - Statement - counter = counter + 1: null

2018-12-04 12:25:08 - [TEST_STEP][PASSED] - Statement - PreSaveFile = new java.io.File(((pathPrefix + java.lang.Integer.toString(counter)) + .png)): null

2018-12-04 12:25:08 - [TEST_STEP][PASSED] - Statement - counter = counter + 1: null

2018-12-04 12:25:08 - [TEST_STEP][PASSED] - Statement - PreSaveFile = new java.io.File(((pathPrefix + java.lang.Integer.toString(counter)) + .png)): null

2018-12-04 12:25:08 - [TEST_STEP][PASSED] - Statement - counter = counter + 1: null

2018-12-04 12:25:08 - [TEST_STEP][PASSED] - Statement - PreSaveFile = new java.io.File(((pathPrefix + java.lang.Integer.toString(counter)) + .png)): null

2018-12-04 12:25:08 - [TEST_STEP][PASSED] - Statement - counter = counter + 1: null

2018-12-04 12:25:08 - [TEST_STEP][PASSED] - Statement - PreSaveFile = new java.io.File(((pathPrefix + java.lang.Integer.toString(counter)) + .png)): null

2018-12-04 12:25:08 - [TEST_STEP][PASSED] - Statement - counter = counter + 1: null

2018-12-04 12:25:08 - [TEST_STEP][PASSED] - Statement - PreSaveFile = new java.io.File(((pathPrefix + java.lang.Integer.toString(counter)) + .png)): null

2018-12-04 12:25:08 - [TEST_STEP][PASSED] - Statement - counter = counter + 1: null

2018-12-04 12:25:11 - [TEST_STEP][PASSED] - Statement - PreSaveFile = new java.io.File(((pathPrefix + java.lang.Integer.toString(counter)) + .png)): null

2018-12-04 12:25:11 - [TEST_STEP][PASSED] - Statement - counter = counter + 1: null

2018-12-04 12:25:11 - [TEST_STEP][PASSED] - Statement - PreSaveFile = new java.io.File(((pathPrefix + java.lang.Integer.toString(counter)) + .png)): null

2018-12-04 12:25:11 - [TEST_STEP][PASSED] - Statement - counter = counter + 1: null

2018-12-04 12:25:11 - [TEST_STEP][PASSED] - Statement - PreSaveFile = new java.io.File(((pathPrefix + java.lang.Integer.toString(counter)) + .png)): null

2018-12-04 12:25:11 - [TEST_STEP][PASSED] - Statement - counter = counter + 1: null

2018-12-04 12:25:11 - [TEST_STEP][PASSED] - Statement - PreSaveFile = new java.io.File(((pathPrefix + java.lang.Integer.toString(counter)) + .png)): null

2018-12-04 12:25:11 - [TEST_STEP][PASSED] - Statement - counter = counter + 1: null

2018-12-04 12:25:11 - [TEST_STEP][PASSED] - Statement - PreSaveFile = new java.io.File(((pathPrefix + java.lang.Integer.toString(counter)) + .png)): null

2018-12-04 12:25:11 - [TEST_STEP][PASSED] - Statement - counter = counter + 1: null

2018-12-04 12:25:14 - [TEST_STEP][PASSED] - Statement - PreSaveFile = new java.io.File(((pathPrefix + java.lang.Integer.toString(counter)) + .png)): null

2018-12-04 12:25:14 - [TEST_STEP][PASSED] - Statement - counter = counter + 1: null

2018-12-04 12:25:14 - [TEST_STEP][PASSED] - Statement - PreSaveFile = new java.io.File(((pathPrefix + java.lang.Integer.toString(counter)) + .png)): null

2018-12-04 12:25:14 - [TEST_STEP][PASSED] - Statement - counter = counter + 1: null

2018-12-04 12:25:14 - [TEST_STEP][PASSED] - Statement - PreSaveFile = new java.io.File(((pathPrefix + java.lang.Integer.toString(counter)) + .png)): null

2018-12-04 12:25:14 - [TEST_STEP][PASSED] - Statement - counter = counter + 1: null

2018-12-04 12:25:14 - [TEST_STEP][PASSED] - Statement - PreSaveFile = new java.io.File(((pathPrefix + java.lang.Integer.toString(counter)) + .png)): null

2018-12-04 12:25:14 - [TEST_STEP][PASSED] - Statement - counter = counter + 1: null

2018-12-04 12:25:14 - [TEST_STEP][PASSED] - Statement - PreSaveFile = new java.io.File(((pathPrefix + java.lang.Integer.toString(counter)) + .png)): null

2018-12-04 12:25:14 - [TEST_STEP][PASSED] - Statement - counter = counter + 1: null

2018-12-04 12:25:16 - [TEST_STEP][PASSED] - Statement - PreSaveFile = new java.io.File(((pathPrefix + java.lang.Integer.toString(counter)) + .png)): null

2018-12-04 12:25:16 - [TEST_STEP][PASSED] - Statement - counter = counter + 1: null

2018-12-04 12:25:16 - [TEST_STEP][PASSED] - Statement - PreSaveFile = new java.io.File(((pathPrefix + java.lang.Integer.toString(counter)) + .png)): null

2018-12-04 12:25:16 - [TEST_STEP][PASSED] - Statement - finalPath = pathPrefix + java.lang.Integer.toString(counter) + ".png": null

2018-12-04 12:25:16 - [TEST_STEP][PASSED] - Statement - SaveFile = new java.io.File(finalPath): null

2018-12-04 12:25:16 - [TEST_STEP][PASSED] - Statement - Try: null

2018-12-04 12:25:16 - [TEST_STEP][PASSED] - Statement - org.apache.commons.io.FileUtils.copyFile(scrFile, SaveFile): null

2018-12-04 12:25:16 - [TEST_STEP][PASSED] - Statement - out.println("file kept"): null

2018-12-04 12:25:18 - [TEST_STEP][PASSED] - delay: Delayed 10 second(s)

2018-12-04 12:25:28 - [MESSAGE][PASSED] - Delayed 10 second(s)

2018-12-04 12:25:28 - [MESSAGE][PASSED] - Call Test Case 'Test Cases/Final Aug 2018 - PKS Automation/Registration Module/New Registration/Submit and Screenshot/Submit Registration and Screenshot' successfully]]></system-out>
         <system-err><![CDATA[2018-12-04 12:09:25 - [TEST_CASE][FAILED] - Test Cases/Final Aug 2018 - PKS Automation/Registration Module/Workflow/New Registration/OTC - PKR BO - RO Submit(Routed 2 Time): Test Cases/Final Aug 2018 - PKS Automation/Registration Module/Workflow/New Registration/OTC - PKR BO - RO Submit(Routed 2 Time) FAILED because (of) (Stack trace: com.kms.katalon.core.exception.StepFailedException: Unable to click on object 'Object Repository/Final Object Repo/New Registration - Registration Module Pages/New Reg - OTC to RO/Special Case - All Related Objects/Continue Button in verifying case' (Root cause: com.kms.katalon.core.webui.exception.WebElementNotFoundException: Web element with id: 'Object Repository/Final Object Repo/New Registration - Registration Module Pages/New Reg - OTC to RO/Special Case - All Related Objects/Continue Button in verifying case' located by 'By.xpath: //a[(text() = ' CONTINUE	
						' or . = ' CONTINUE	
						')]' not found)
	at com.kms.katalon.core.keyword.internal.KeywordMain.stepFailed(KeywordMain.groovy:32)
	at com.kms.katalon.core.webui.keyword.internal.WebUIKeywordMain.stepFailed(WebUIKeywordMain.groovy:65)
	at com.kms.katalon.core.webui.keyword.internal.WebUIKeywordMain.runKeyword(WebUIKeywordMain.groovy:27)
	at com.kms.katalon.core.webui.keyword.builtin.ClickKeyword.click(ClickKeyword.groovy:86)
	at com.kms.katalon.core.webui.keyword.builtin.ClickKeyword.execute(ClickKeyword.groovy:67)
	at com.kms.katalon.core.keyword.internal.KeywordExecutor.executeKeywordForPlatform(KeywordExecutor.groovy:53)
	at com.kms.katalon.core.webui.keyword.WebUiBuiltInKeywords.click(WebUiBuiltInKeywords.groovy:616)
	at com.kms.katalon.core.webui.keyword.WebUiBuiltInKeywords$click$2.call(Unknown Source)
	at org.codehaus.groovy.runtime.callsite.CallSiteArray.defaultCall(CallSiteArray.java:48)
	at org.codehaus.groovy.runtime.callsite.AbstractCallSite.call(AbstractCallSite.java:113)
	at org.codehaus.groovy.runtime.callsite.AbstractCallSite.call(AbstractCallSite.java:125)
	at Script1535599368022.run(Script1535599368022.groovy:161)
	at com.kms.katalon.core.main.ScriptEngine.run(ScriptEngine.java:183)
	at com.kms.katalon.core.main.ScriptEngine.runScriptAsRawText(ScriptEngine.java:108)
	at com.kms.katalon.core.main.TestCaseExecutor.runScript(TestCaseExecutor.java:294)
	at com.kms.katalon.core.main.TestCaseExecutor.doExecute(TestCaseExecutor.java:285)
	at com.kms.katalon.core.main.TestCaseExecutor.processExecutionPhase(TestCaseExecutor.java:264)
	at com.kms.katalon.core.main.TestCaseExecutor.accessMainPhase(TestCaseExecutor.java:256)
	at com.kms.katalon.core.main.TestCaseExecutor.execute(TestCaseExecutor.java:200)
	at com.kms.katalon.core.main.TestSuiteExecutor.accessTestCaseMainPhase(TestSuiteExecutor.java:129)
	at com.kms.katalon.core.main.TestSuiteExecutor.accessTestSuiteMainPhase(TestSuiteExecutor.java:112)
	at com.kms.katalon.core.main.TestSuiteExecutor.execute(TestSuiteExecutor.java:81)
	at com.kms.katalon.core.main.TestCaseMain.startTestSuite(TestCaseMain.java:142)
	at com.kms.katalon.core.main.TestCaseMain$startTestSuite$0.call(Unknown Source)
	at org.codehaus.groovy.runtime.callsite.CallSiteArray.defaultCall(CallSiteArray.java:48)
	at org.codehaus.groovy.runtime.callsite.AbstractCallSite.call(AbstractCallSite.java:113)
	at org.codehaus.groovy.runtime.callsite.AbstractCallSite.call(AbstractCallSite.java:141)
	at TempTestSuite1543887302996.run(TempTestSuite1543887302996.groovy:36)
	at groovy.lang.GroovyShell.runScriptOrMainOrTestOrRunnable(GroovyShell.java:263)
	at groovy.lang.GroovyShell.run(GroovyShell.java:518)
	at groovy.lang.GroovyShell.run(GroovyShell.java:507)
	at groovy.ui.GroovyMain.processOnce(GroovyMain.java:653)
	at groovy.ui.GroovyMain.run(GroovyMain.java:384)
	at groovy.ui.GroovyMain.process(GroovyMain.java:370)
	at groovy.ui.GroovyMain.processArgs(GroovyMain.java:129)
	at groovy.ui.GroovyMain.main(GroovyMain.java:109)
	at sun.reflect.NativeMethodAccessorImpl.invoke0(Native Method)
	at sun.reflect.NativeMethodAccessorImpl.invoke(NativeMethodAccessorImpl.java:62)
	at sun.reflect.DelegatingMethodAccessorImpl.invoke(DelegatingMethodAccessorImpl.java:43)
	at java.lang.reflect.Method.invoke(Method.java:498)
	at org.codehaus.groovy.tools.GroovyStarter.rootLoader(GroovyStarter.java:109)
	at org.codehaus.groovy.tools.GroovyStarter.main(GroovyStarter.java:131)
)]]></system-err>
      </testcase>
      <testcase name="Test Cases/Final Aug 2018 - PKS Automation/Registration Module/Workflow/New Registration/OTC - PKR BO - RO Under Enforcement(Routed 2 Time)" classname="Test Cases/Final Aug 2018 - PKS Automation/Registration Module/Workflow/New Registration/OTC - PKR BO - RO Under Enforcement(Routed 2 Time)" status="FAILED">
         <failure type="FAILED" message="(Stack trace: com.kms.katalon.core.exception.StepFailedException: Unable to click on object 'Object Repository/Final Object Repo/New Registration - Registration Module Pages/New Reg - OTC to RO/Special Case - All Related Objects/Click to Continue Workflow' (Root cause: org.openqa.selenium.StaleElementReferenceException: stale element reference: element is not attached to the page document
  (Session info: chrome=70.0.3538.110)
  (Driver info: chromedriver=2.43.600210 (68dcf5eebde37173d4027fa8635e332711d2874a),platform=Windows NT 6.1.7601 SP1 x86_64) (WARNING: The server did not provide any stacktrace information)
Command duration or timeout: 0 milliseconds
For documentation on this error, please visit: http://seleniumhq.org/exceptions/stale_element_reference.html
Build info: version: '3.7.1', revision: '8a0099a', time: '2017-11-06T21:07:36.161Z'
System info: host: 'WIN7TEST02', ip: '10.20.3.72', os.name: 'Windows 7', os.arch: 'amd64', os.version: '6.1', java.version: '1.8.0_181'
Driver info: com.kms.katalon.selenium.driver.CChromeDriver
Capabilities {acceptInsecureCerts: false, acceptSslCerts: false, applicationCacheEnabled: false, browserConnectionEnabled: false, browserName: chrome, chrome: {chromedriverVersion: 2.43.600210 (68dcf5eebde371..., userDataDir: C:\Users\Admin\AppData\Loca...}, cssSelectorsEnabled: true, databaseEnabled: false, goog:chromeOptions: {debuggerAddress: localhost:53344}, handlesAlerts: true, hasTouchScreen: false, javascriptEnabled: true, locationContextEnabled: true, mobileEmulationEnabled: false, nativeEvents: true, networkConnectionEnabled: false, pageLoadStrategy: normal, platform: XP, platformName: XP, rotatable: false, setWindowRect: true, takesHeapSnapshot: true, takesScreenshot: true, unexpectedAlertBehaviour: , unhandledPromptBehavior: , version: 70.0.3538.110, webStorageEnabled: true}
Session ID: 190c0bd3795606bad6ea779abeb1c363)
	at com.kms.katalon.core.keyword.internal.KeywordMain.stepFailed(KeywordMain.groovy:32)
	at com.kms.katalon.core.webui.keyword.internal.WebUIKeywordMain.stepFailed(WebUIKeywordMain.groovy:65)
	at com.kms.katalon.core.webui.keyword.internal.WebUIKeywordMain.runKeyword(WebUIKeywordMain.groovy:27)
	at com.kms.katalon.core.webui.keyword.builtin.ClickKeyword.click(ClickKeyword.groovy:86)
	at com.kms.katalon.core.webui.keyword.builtin.ClickKeyword.execute(ClickKeyword.groovy:67)
	at com.kms.katalon.core.keyword.internal.KeywordExecutor.executeKeywordForPlatform(KeywordExecutor.groovy:53)
	at com.kms.katalon.core.webui.keyword.WebUiBuiltInKeywords.click(WebUiBuiltInKeywords.groovy:616)
	at com.kms.katalon.core.webui.keyword.WebUiBuiltInKeywords$click$2.call(Unknown Source)
	at org.codehaus.groovy.runtime.callsite.CallSiteArray.defaultCall(CallSiteArray.java:48)
	at org.codehaus.groovy.runtime.callsite.AbstractCallSite.call(AbstractCallSite.java:113)
	at org.codehaus.groovy.runtime.callsite.AbstractCallSite.call(AbstractCallSite.java:125)
	at Script1535944782532.run(Script1535944782532.groovy:82)
	at com.kms.katalon.core.main.ScriptEngine.run(ScriptEngine.java:183)
	at com.kms.katalon.core.main.ScriptEngine.runScriptAsRawText(ScriptEngine.java:108)
	at com.kms.katalon.core.main.TestCaseExecutor.runScript(TestCaseExecutor.java:294)
	at com.kms.katalon.core.main.TestCaseExecutor.doExecute(TestCaseExecutor.java:285)
	at com.kms.katalon.core.main.TestCaseExecutor.processExecutionPhase(TestCaseExecutor.java:264)
	at com.kms.katalon.core.main.TestCaseExecutor.accessMainPhase(TestCaseExecutor.java:256)
	at com.kms.katalon.core.main.TestCaseExecutor.execute(TestCaseExecutor.java:200)
	at com.kms.katalon.core.main.TestSuiteExecutor.accessTestCaseMainPhase(TestSuiteExecutor.java:129)
	at com.kms.katalon.core.main.TestSuiteExecutor.accessTestSuiteMainPhase(TestSuiteExecutor.java:112)
	at com.kms.katalon.core.main.TestSuiteExecutor.execute(TestSuiteExecutor.java:81)
	at com.kms.katalon.core.main.TestCaseMain.startTestSuite(TestCaseMain.java:142)
	at com.kms.katalon.core.main.TestCaseMain$startTestSuite$0.call(Unknown Source)
	at org.codehaus.groovy.runtime.callsite.CallSiteArray.defaultCall(CallSiteArray.java:48)
	at org.codehaus.groovy.runtime.callsite.AbstractCallSite.call(AbstractCallSite.java:113)
	at org.codehaus.groovy.runtime.callsite.AbstractCallSite.call(AbstractCallSite.java:141)
	at TempTestSuite1543887302996.run(TempTestSuite1543887302996.groovy:36)
	at groovy.lang.GroovyShell.runScriptOrMainOrTestOrRunnable(GroovyShell.java:263)
	at groovy.lang.GroovyShell.run(GroovyShell.java:518)
	at groovy.lang.GroovyShell.run(GroovyShell.java:507)
	at groovy.ui.GroovyMain.processOnce(GroovyMain.java:653)
	at groovy.ui.GroovyMain.run(GroovyMain.java:384)
	at groovy.ui.GroovyMain.process(GroovyMain.java:370)
	at groovy.ui.GroovyMain.processArgs(GroovyMain.java:129)
	at groovy.ui.GroovyMain.main(GroovyMain.java:109)
	at sun.reflect.NativeMethodAccessorImpl.invoke0(Native Method)
	at sun.reflect.NativeMethodAccessorImpl.invoke(NativeMethodAccessorImpl.java:62)
	at sun.reflect.DelegatingMethodAccessorImpl.invoke(DelegatingMethodAccessorImpl.java:43)
	at java.lang.reflect.Method.invoke(Method.java:498)
	at org.codehaus.groovy.tools.GroovyStarter.rootLoader(GroovyStarter.java:109)
	at org.codehaus.groovy.tools.GroovyStarter.main(GroovyStarter.java:131)
)"/>
         <system-out><![CDATA[2018-12-04 12:25:28 - [TEST_CASE][FAILED] - Test Cases/Final Aug 2018 - PKS Automation/Registration Module/Workflow/New Registration/OTC - PKR BO - RO Under Enforcement(Routed 2 Time): Test Cases/Final Aug 2018 - PKS Automation/Registration Module/Workflow/New Registration/OTC - PKR BO - RO Under Enforcement(Routed 2 Time) FAILED because (of) (Stack trace: com.kms.katalon.core.exception.StepFailedException: Unable to click on object 'Object Repository/Final Object Repo/New Registration - Registration Module Pages/New Reg - OTC to RO/Special Case - All Related Objects/Click to Continue Workflow' (Root cause: org.openqa.selenium.StaleElementReferenceException: stale element reference: element is not attached to the page document
  (Session info: chrome=70.0.3538.110)
  (Driver info: chromedriver=2.43.600210 (68dcf5eebde37173d4027fa8635e332711d2874a),platform=Windows NT 6.1.7601 SP1 x86_64) (WARNING: The server did not provide any stacktrace information)
Command duration or timeout: 0 milliseconds
For documentation on this error, please visit: http://seleniumhq.org/exceptions/stale_element_reference.html
Build info: version: '3.7.1', revision: '8a0099a', time: '2017-11-06T21:07:36.161Z'
System info: host: 'WIN7TEST02', ip: '10.20.3.72', os.name: 'Windows 7', os.arch: 'amd64', os.version: '6.1', java.version: '1.8.0_181'
Driver info: com.kms.katalon.selenium.driver.CChromeDriver
Capabilities {acceptInsecureCerts: false, acceptSslCerts: false, applicationCacheEnabled: false, browserConnectionEnabled: false, browserName: chrome, chrome: {chromedriverVersion: 2.43.600210 (68dcf5eebde371..., userDataDir: C:\Users\Admin\AppData\Loca...}, cssSelectorsEnabled: true, databaseEnabled: false, goog:chromeOptions: {debuggerAddress: localhost:53344}, handlesAlerts: true, hasTouchScreen: false, javascriptEnabled: true, locationContextEnabled: true, mobileEmulationEnabled: false, nativeEvents: true, networkConnectionEnabled: false, pageLoadStrategy: normal, platform: XP, platformName: XP, rotatable: false, setWindowRect: true, takesHeapSnapshot: true, takesScreenshot: true, unexpectedAlertBehaviour: , unhandledPromptBehavior: , version: 70.0.3538.110, webStorageEnabled: true}
Session ID: 190c0bd3795606bad6ea779abeb1c363)
	at com.kms.katalon.core.keyword.internal.KeywordMain.stepFailed(KeywordMain.groovy:32)
	at com.kms.katalon.core.webui.keyword.internal.WebUIKeywordMain.stepFailed(WebUIKeywordMain.groovy:65)
	at com.kms.katalon.core.webui.keyword.internal.WebUIKeywordMain.runKeyword(WebUIKeywordMain.groovy:27)
	at com.kms.katalon.core.webui.keyword.builtin.ClickKeyword.click(ClickKeyword.groovy:86)
	at com.kms.katalon.core.webui.keyword.builtin.ClickKeyword.execute(ClickKeyword.groovy:67)
	at com.kms.katalon.core.keyword.internal.KeywordExecutor.executeKeywordForPlatform(KeywordExecutor.groovy:53)
	at com.kms.katalon.core.webui.keyword.WebUiBuiltInKeywords.click(WebUiBuiltInKeywords.groovy:616)
	at com.kms.katalon.core.webui.keyword.WebUiBuiltInKeywords$click$2.call(Unknown Source)
	at org.codehaus.groovy.runtime.callsite.CallSiteArray.defaultCall(CallSiteArray.java:48)
	at org.codehaus.groovy.runtime.callsite.AbstractCallSite.call(AbstractCallSite.java:113)
	at org.codehaus.groovy.runtime.callsite.AbstractCallSite.call(AbstractCallSite.java:125)
	at Script1535944782532.run(Script1535944782532.groovy:82)
	at com.kms.katalon.core.main.ScriptEngine.run(ScriptEngine.java:183)
	at com.kms.katalon.core.main.ScriptEngine.runScriptAsRawText(ScriptEngine.java:108)
	at com.kms.katalon.core.main.TestCaseExecutor.runScript(TestCaseExecutor.java:294)
	at com.kms.katalon.core.main.TestCaseExecutor.doExecute(TestCaseExecutor.java:285)
	at com.kms.katalon.core.main.TestCaseExecutor.processExecutionPhase(TestCaseExecutor.java:264)
	at com.kms.katalon.core.main.TestCaseExecutor.accessMainPhase(TestCaseExecutor.java:256)
	at com.kms.katalon.core.main.TestCaseExecutor.execute(TestCaseExecutor.java:200)
	at com.kms.katalon.core.main.TestSuiteExecutor.accessTestCaseMainPhase(TestSuiteExecutor.java:129)
	at com.kms.katalon.core.main.TestSuiteExecutor.accessTestSuiteMainPhase(TestSuiteExecutor.java:112)
	at com.kms.katalon.core.main.TestSuiteExecutor.execute(TestSuiteExecutor.java:81)
	at com.kms.katalon.core.main.TestCaseMain.startTestSuite(TestCaseMain.java:142)
	at com.kms.katalon.core.main.TestCaseMain$startTestSuite$0.call(Unknown Source)
	at org.codehaus.groovy.runtime.callsite.CallSiteArray.defaultCall(CallSiteArray.java:48)
	at org.codehaus.groovy.runtime.callsite.AbstractCallSite.call(AbstractCallSite.java:113)
	at org.codehaus.groovy.runtime.callsite.AbstractCallSite.call(AbstractCallSite.java:141)
	at TempTestSuite1543887302996.run(TempTestSuite1543887302996.groovy:36)
	at groovy.lang.GroovyShell.runScriptOrMainOrTestOrRunnable(GroovyShell.java:263)
	at groovy.lang.GroovyShell.run(GroovyShell.java:518)
	at groovy.lang.GroovyShell.run(GroovyShell.java:507)
	at groovy.ui.GroovyMain.processOnce(GroovyMain.java:653)
	at groovy.ui.GroovyMain.run(GroovyMain.java:384)
	at groovy.ui.GroovyMain.process(GroovyMain.java:370)
	at groovy.ui.GroovyMain.processArgs(GroovyMain.java:129)
	at groovy.ui.GroovyMain.main(GroovyMain.java:109)
	at sun.reflect.NativeMethodAccessorImpl.invoke0(Native Method)
	at sun.reflect.NativeMethodAccessorImpl.invoke(NativeMethodAccessorImpl.java:62)
	at sun.reflect.DelegatingMethodAccessorImpl.invoke(DelegatingMethodAccessorImpl.java:43)
	at java.lang.reflect.Method.invoke(Method.java:498)
	at org.codehaus.groovy.tools.GroovyStarter.rootLoader(GroovyStarter.java:109)
	at org.codehaus.groovy.tools.GroovyStarter.main(GroovyStarter.java:131)
)

2018-12-04 12:25:29 - [TEST_STEP][PASSED] - callTestCase: Call Test Case 'Test Cases/Final Aug 2018 - PKS Automation/Registration Module/Workflow/New Registration/Template/Special Case - OTC - Form 1' successfully

2018-12-04 12:25:29 - [TEST_CASE][PASSED] - Test Cases/Final Aug 2018 - PKS Automation/Registration Module/Workflow/New Registration/Template/Special Case - OTC - Form 1: Test Cases/Final Aug 2018 - PKS Automation/Registration Module/Workflow/New Registration/Template/Special Case - OTC - Form 1

2018-12-04 12:25:29 - [TEST_STEP][PASSED] - openBrowser: Browser is opened with url: ''

2018-12-04 12:25:29 - [MESSAGE][WARNING] - A browser is already opened. Closing browser and opening a new one

2018-12-04 12:25:32 - [MESSAGE][PASSED] - Browser is opened with url: ''

2018-12-04 12:25:32 - [TEST_STEP][PASSED] - navigateToUrl: Navigate to 'https://assist2-uat.perkeso.gov.my/login' successfully

2018-12-04 12:25:33 - [MESSAGE][PASSED] - Navigate to 'https://assist2-uat.perkeso.gov.my/login' successfully

2018-12-04 12:25:33 - [TEST_STEP][PASSED] - delay: Delayed 2 second(s)

2018-12-04 12:25:35 - [MESSAGE][PASSED] - Delayed 2 second(s)

2018-12-04 12:25:35 - [TEST_STEP][PASSED] - setText: Text 'klotc2@gmail.com' is set on object 'Object Repository/Final Object Repo/Login Page/Internal User/Email Address'

2018-12-04 12:25:36 - [MESSAGE][PASSED] - Text 'klotc2@gmail.com' is set on object 'Object Repository/Final Object Repo/Login Page/Internal User/Email Address'

2018-12-04 12:25:36 - [TEST_STEP][PASSED] - click: Object: 'Object Repository/Final Object Repo/Login Page/Internal User/Next Button' is clicked on

2018-12-04 12:25:36 - [MESSAGE][PASSED] - Object: 'Object Repository/Final Object Repo/Login Page/Internal User/Next Button' is clicked on

2018-12-04 12:25:36 - [TEST_STEP][PASSED] - delay: Delayed 2 second(s)

2018-12-04 12:25:38 - [MESSAGE][PASSED] - Delayed 2 second(s)

2018-12-04 12:25:38 - [TEST_STEP][PASSED] - setText: Text 'Test1@3456789' is set on object 'Object Repository/Final Object Repo/Login Page/Internal User/Password'

2018-12-04 12:25:38 - [MESSAGE][PASSED] - Text 'Test1@3456789' is set on object 'Object Repository/Final Object Repo/Login Page/Internal User/Password'

2018-12-04 12:25:38 - [TEST_STEP][PASSED] - delay: Delayed 2 second(s)

2018-12-04 12:25:40 - [MESSAGE][PASSED] - Delayed 2 second(s)

2018-12-04 12:25:40 - [TEST_STEP][PASSED] - click: Object: 'Object Repository/Final Object Repo/Login Page/Internal User/Login Button' is clicked on

2018-12-04 12:25:40 - [MESSAGE][PASSED] - Object: 'Object Repository/Final Object Repo/Login Page/Internal User/Login Button' is clicked on

2018-12-04 12:25:40 - [TEST_STEP][PASSED] - Statement - Try: null

2018-12-04 12:25:40 - [TEST_STEP][PASSED] - Statement - Checker = com.kms.katalon.core.webui.keyword.WebUiBuiltInKeywords.verifyElementNotPresent("Final Object Repo/Landing Page/Select to English", 3): null

2018-12-04 12:25:40 - [TEST_STEP][PASSED] - Statement - Catch (Exception e): null

2018-12-04 12:25:40 - [TEST_STEP][PASSED] - Statement - e.printStackTrace(): null

2018-12-04 12:25:40 - [TEST_STEP][PASSED] - delay: Delayed 5 second(s)

2018-12-04 12:25:45 - [MESSAGE][PASSED] - Delayed 5 second(s)

2018-12-04 12:25:45 - [TEST_STEP][PASSED] - click: Object: 'Object Repository/Final Object Repo/Landing Page/My Sites Drop Down' is clicked on

2018-12-04 12:25:45 - [MESSAGE][PASSED] - Object: 'Object Repository/Final Object Repo/Landing Page/My Sites Drop Down' is clicked on

2018-12-04 12:25:45 - [TEST_STEP][PASSED] - click: Object: 'Object Repository/Final Object Repo/Landing Page/Select to Registration Module' is clicked on

2018-12-04 12:25:46 - [MESSAGE][PASSED] - Object: 'Object Repository/Final Object Repo/Landing Page/Select to Registration Module' is clicked on

2018-12-04 12:25:46 - [TEST_STEP][PASSED] - click: Object: 'Object Repository/Final Object Repo/Landing Page/Registration Button' is clicked on

2018-12-04 12:25:48 - [MESSAGE][PASSED] - Object: 'Object Repository/Final Object Repo/Landing Page/Registration Button' is clicked on

2018-12-04 12:25:48 - [TEST_STEP][PASSED] - delay: Delayed 2 second(s)

2018-12-04 12:25:50 - [MESSAGE][PASSED] - Delayed 2 second(s)

2018-12-04 12:25:50 - [TEST_STEP][PASSED] - click: Object: 'Object Repository/Final Object Repo/New Registration - Registration Module Pages/New Reg - OTC to RO/Special Case - OTC - Form 1/AEC NO' is clicked on

2018-12-04 12:25:50 - [MESSAGE][PASSED] - Object: 'Object Repository/Final Object Repo/New Registration - Registration Module Pages/New Reg - OTC to RO/Special Case - OTC - Form 1/AEC NO' is clicked on

2018-12-04 12:25:50 - [TEST_STEP][PASSED] - click: Object: 'Object Repository/Final Object Repo/New Registration - Registration Module Pages/New Reg - OTC to RO/Special Case - OTC - Form 1/Business Entity - Please Select' is clicked on

2018-12-04 12:25:50 - [MESSAGE][PASSED] - Object: 'Object Repository/Final Object Repo/New Registration - Registration Module Pages/New Reg - OTC to RO/Special Case - OTC - Form 1/Business Entity - Please Select' is clicked on

2018-12-04 12:25:50 - [TEST_STEP][PASSED] - click: Object: 'Object Repository/Final Object Repo/New Registration - Registration Module Pages/New Reg - OTC to RO/Special Case - OTC - Form 1/Selected - Corporation' is clicked on

2018-12-04 12:25:50 - [MESSAGE][PASSED] - Object: 'Object Repository/Final Object Repo/New Registration - Registration Module Pages/New Reg - OTC to RO/Special Case - OTC - Form 1/Selected - Corporation' is clicked on

2018-12-04 12:25:50 - [TEST_STEP][PASSED] - delay: Delayed 2 second(s)

2018-12-04 12:25:52 - [MESSAGE][PASSED] - Delayed 2 second(s)

2018-12-04 12:25:52 - [TEST_STEP][PASSED] - click: Object: 'Object Repository/Final Object Repo/New Registration - Registration Module Pages/New Reg - OTC to RO/Special Case - OTC - Form 1/Sub Business Entity - Please Select' is clicked on

2018-12-04 12:25:53 - [MESSAGE][PASSED] - Object: 'Object Repository/Final Object Repo/New Registration - Registration Module Pages/New Reg - OTC to RO/Special Case - OTC - Form 1/Sub Business Entity - Please Select' is clicked on

2018-12-04 12:25:53 - [TEST_STEP][PASSED] - delay: Delayed 2 second(s)

2018-12-04 12:25:55 - [MESSAGE][PASSED] - Delayed 2 second(s)

2018-12-04 12:25:55 - [TEST_STEP][PASSED] - click: Object: 'Object Repository/Final Object Repo/New Registration - Registration Module Pages/New Reg - OTC to RO/Special Case - OTC - Form 1/Selected - Sendirian Berhad' is clicked on

2018-12-04 12:25:55 - [MESSAGE][PASSED] - Object: 'Object Repository/Final Object Repo/New Registration - Registration Module Pages/New Reg - OTC to RO/Special Case - OTC - Form 1/Selected - Sendirian Berhad' is clicked on

2018-12-04 12:25:55 - [TEST_STEP][PASSED] - setText: Text 'AUTOMATE001' is set on object 'Object Repository/Final Object Repo/New Registration - Registration Module Pages/New Reg - OTC to RO/Special Case - OTC - Form 1/Input BRN Number'

2018-12-04 12:25:55 - [MESSAGE][PASSED] - Text 'AUTOMATE001' is set on object 'Object Repository/Final Object Repo/New Registration - Registration Module Pages/New Reg - OTC to RO/Special Case - OTC - Form 1/Input BRN Number'

2018-12-04 12:25:55 - [TEST_STEP][PASSED] - delay: Delayed 2 second(s)

2018-12-04 12:25:57 - [MESSAGE][PASSED] - Delayed 2 second(s)

2018-12-04 12:25:57 - [TEST_STEP][PASSED] - click: Object: 'Object Repository/Final Object Repo/New Registration - Registration Module Pages/New Reg - OTC to RO/Special Case - OTC - Form 1/BRN Search' is clicked on

2018-12-04 12:25:58 - [MESSAGE][PASSED] - Object: 'Object Repository/Final Object Repo/New Registration - Registration Module Pages/New Reg - OTC to RO/Special Case - OTC - Form 1/BRN Search' is clicked on

2018-12-04 12:25:58 - [TEST_STEP][PASSED] - delay: Delayed 4 second(s)

2018-12-04 12:26:02 - [MESSAGE][PASSED] - Delayed 4 second(s)

2018-12-04 12:26:02 - [TEST_STEP][PASSED] - click: Object: 'Object Repository/Final Object Repo/New Registration - Registration Module Pages/New Reg - OTC to RO/Special Case - OTC - Form 1/Registered with SSM - After Feb 2017' is clicked on

2018-12-04 12:26:02 - [MESSAGE][PASSED] - Object: 'Object Repository/Final Object Repo/New Registration - Registration Module Pages/New Reg - OTC to RO/Special Case - OTC - Form 1/Registered with SSM - After Feb 2017' is clicked on

2018-12-04 12:26:02 - [TEST_STEP][PASSED] - delay: Delayed 2 second(s)

2018-12-04 12:26:04 - [MESSAGE][PASSED] - Delayed 2 second(s)

2018-12-04 12:26:04 - [TEST_STEP][PASSED] - click: Object: 'Object Repository/Final Object Repo/New Registration - Registration Module Pages/New Reg - OTC to RO/Special Case - OTC - Form 1/Registering As A Branch - No' is clicked on

2018-12-04 12:26:04 - [MESSAGE][PASSED] - Object: 'Object Repository/Final Object Repo/New Registration - Registration Module Pages/New Reg - OTC to RO/Special Case - OTC - Form 1/Registering As A Branch - No' is clicked on

2018-12-04 12:26:04 - [TEST_STEP][PASSED] - click: Object: 'Object Repository/Final Object Repo/New Registration - Registration Module Pages/New Reg - OTC to RO/Special Case - OTC - Form 1/Acknowledgement Ticked' is clicked on

2018-12-04 12:26:04 - [MESSAGE][PASSED] - Object: 'Object Repository/Final Object Repo/New Registration - Registration Module Pages/New Reg - OTC to RO/Special Case - OTC - Form 1/Acknowledgement Ticked' is clicked on

2018-12-04 12:26:04 - [TEST_STEP][PASSED] - click: Object: 'Object Repository/Final Object Repo/New Registration - Registration Module Pages/New Reg - OTC to RO/Special Case - OTC - Form 1/Submit Button' is clicked on

2018-12-04 12:26:04 - [MESSAGE][PASSED] - Object: 'Object Repository/Final Object Repo/New Registration - Registration Module Pages/New Reg - OTC to RO/Special Case - OTC - Form 1/Submit Button' is clicked on

2018-12-04 12:26:04 - [TEST_STEP][PASSED] - delay: Delayed 2 second(s)

2018-12-04 12:26:06 - [MESSAGE][PASSED] - Delayed 2 second(s)

2018-12-04 12:26:06 - [TEST_STEP][PASSED] - click: Object: 'Object Repository/Final Object Repo/New Registration - Registration Module Pages/New Reg - OTC to RO/Special Case - OTC - Form 1/Confirm No Flagging as Branch' is clicked on

2018-12-04 12:26:06 - [MESSAGE][PASSED] - Object: 'Object Repository/Final Object Repo/New Registration - Registration Module Pages/New Reg - OTC to RO/Special Case - OTC - Form 1/Confirm No Flagging as Branch' is clicked on

2018-12-04 12:26:06 - [MESSAGE][PASSED] - Call Test Case 'Test Cases/Final Aug 2018 - PKS Automation/Registration Module/Workflow/New Registration/Template/Special Case - OTC - Form 1' successfully

2018-12-04 12:26:06 - [TEST_STEP][PASSED] - callTestCase: Call Test Case 'Test Cases/Final Aug 2018 - PKS Automation/Registration Module/New Registration/Form 2/Add 1 Eligible - Incomplete' successfully

2018-12-04 12:26:06 - [TEST_CASE][PASSED] - Test Cases/Final Aug 2018 - PKS Automation/Registration Module/New Registration/Form 2/Add 1 Eligible - Incomplete: Test Cases/Final Aug 2018 - PKS Automation/Registration Module/New Registration/Form 2/Add 1 Eligible - Incomplete

2018-12-04 12:26:07 - [TEST_STEP][PASSED] - delay: Delayed 2 second(s)

2018-12-04 12:26:09 - [MESSAGE][PASSED] - Delayed 2 second(s)

2018-12-04 12:26:09 - [TEST_STEP][PASSED] - callTestCase: Call Test Case 'Test Cases/Final Aug 2018 - PKS Automation/Registration Module/New Registration/Form 2/Date Updater' successfully

2018-12-04 12:26:09 - [TEST_CASE][PASSED] - Test Cases/Final Aug 2018 - PKS Automation/Registration Module/New Registration/Form 2/Date Updater: Test Cases/Final Aug 2018 - PKS Automation/Registration Module/New Registration/Form 2/Date Updater

2018-12-04 12:26:09 - [TEST_STEP][PASSED] - Statement - TodayDate = new java.util.Date(): null

2018-12-04 12:26:09 - [TEST_STEP][PASSED] - Statement - CurrentDateNoFilter = new java.text.SimpleDateFormat(): null

2018-12-04 12:26:09 - [TEST_STEP][PASSED] - Statement - CurrentDateNoFilter.applyPattern("MM"): null

2018-12-04 12:26:09 - [TEST_STEP][PASSED] - Statement - monthContainerMatcher = java.lang.Integer.parseInt(CurrentDateNoFilter.format(TodayDate)): null

2018-12-04 12:26:09 - [TEST_STEP][PASSED] - Statement - monthContainerMatcher = monthContainerMatcher - 1: null

2018-12-04 12:26:09 - [TEST_STEP][PASSED] - Statement - CurrentMonth = monthContainerMatcher.toString(): null

2018-12-04 12:26:09 - [TEST_STEP][PASSED] - Statement - CurrentMonth = CurrentMonth: null

2018-12-04 12:26:09 - [TEST_STEP][PASSED] - Statement - CurrentDateNoFilter.applyPattern("yyyy"): null

2018-12-04 12:26:09 - [TEST_STEP][PASSED] - Statement - CurrentYear = CurrentDateNoFilter.format(TodayDate): null

2018-12-04 12:26:09 - [TEST_STEP][PASSED] - Statement - CurrentYear = CurrentYear: null

2018-12-04 12:26:09 - [TEST_STEP][PASSED] - Statement - intCurrentYear = java.lang.Integer.parseInt(CurrentDateNoFilter.format(TodayDate)): null

2018-12-04 12:26:09 - [TEST_STEP][PASSED] - Statement - eighteenYrsAgo = intCurrentYear - 18: null

2018-12-04 12:26:09 - [TEST_STEP][PASSED] - Statement - eighteenYrsBeforeThisYr = eighteenYrsAgo.toString(): null

2018-12-04 12:26:09 - [TEST_STEP][PASSED] - Statement - EighteenYrsBefore = eighteenYrsBeforeThisYr: null

2018-12-04 12:26:09 - [TEST_STEP][PASSED] - Statement - fiftysevenYrsAgo = intCurrentYear - 57: null

2018-12-04 12:26:09 - [TEST_STEP][PASSED] - Statement - fiftysevenYrsBeforeThisYr = fiftysevenYrsAgo.toString(): null

2018-12-04 12:26:09 - [TEST_STEP][PASSED] - Statement - FiftysevenYrsBefore = fiftysevenYrsBeforeThisYr: null

2018-12-04 12:26:09 - [TEST_STEP][PASSED] - Statement - leapYear = false: null

2018-12-04 12:26:09 - [TEST_STEP][PASSED] - Statement - leapYear = intCurrentYear % 4 == 0: null

2018-12-04 12:26:09 - [TEST_STEP][PASSED] - Statement - CurrentDateNoFilter.applyPattern("dd"): null

2018-12-04 12:26:09 - [TEST_STEP][PASSED] - Statement - CurrentDate = CurrentDateNoFilter.format(TodayDate): null

2018-12-04 12:26:09 - [TEST_STEP][PASSED] - Statement - CurrentDate = java.lang.Integer.parseInt(CurrentDate): null

2018-12-04 12:26:09 - [TEST_STEP][PASSED] - Statement - CurrentDate = CurrentDate: null

2018-12-04 12:26:09 - [TEST_STEP][PASSED] - Statement - CurrentDay = java.lang.Integer.parseInt(CurrentDate): null

2018-12-04 12:26:09 - [TEST_STEP][PASSED] - Statement - ConfAdder = <not implemented yet for class: org.codehaus.groovy.ast.expr.EmptyExpression>: null

2018-12-04 12:26:09 - [TEST_STEP][PASSED] - Statement - switch (CurrentDate): null

2018-12-04 12:26:09 - [TEST_STEP][PASSED] - Statement - Default: null

2018-12-04 12:26:09 - [TEST_STEP][PASSED] - Statement - ConfAdder = false: null

2018-12-04 12:26:09 - [TEST_STEP][PASSED] - Statement - Break: null

2018-12-04 12:26:09 - [TEST_STEP][PASSED] - Statement - aDayBefore = <not implemented yet for class: org.codehaus.groovy.ast.expr.EmptyExpression>: null

2018-12-04 12:26:09 - [TEST_STEP][PASSED] - Statement - If (ConfAdder == true): null

2018-12-04 12:26:09 - [TEST_STEP][PASSED] - Statement - Else: null

2018-12-04 12:26:09 - [TEST_STEP][PASSED] - Statement - aDayBefore = 1: null

2018-12-04 12:26:09 - [TEST_STEP][PASSED] - Statement - If (aDayBefore == 1 && CurrentMonth == 11): null

2018-12-04 12:26:09 - [TEST_STEP][PASSED] - Statement - DayBefore = aDayBefore.toString(): null

2018-12-04 12:26:09 - [TEST_STEP][PASSED] - Statement - OneDayBefore = DayBefore: null

2018-12-04 12:26:10 - [MESSAGE][PASSED] - Call Test Case 'Test Cases/Final Aug 2018 - PKS Automation/Registration Module/New Registration/Form 2/Date Updater' successfully

2018-12-04 12:26:10 - [TEST_STEP][PASSED] - Statement - CaseReferenceNo = com.kms.katalon.core.webui.keyword.WebUiBuiltInKeywords.getText(com.kms.katalon.core.testobject.ObjectRepository.findTestObject(Final Object Repo/New Registration - Registration Module Pages/Form 2/RefNo Acquiring)): Text of object 'Object Repository/Final Object Repo/New Registration - Registration Module Pages/Form 2/RefNo Acquiring' is: 'CRN12201800122975'

2018-12-04 12:26:11 - [MESSAGE][PASSED] - Text of object 'Object Repository/Final Object Repo/New Registration - Registration Module Pages/Form 2/RefNo Acquiring' is: 'CRN12201800122975'

2018-12-04 12:26:11 - [TEST_STEP][PASSED] - delay: Delayed 4 second(s)

2018-12-04 12:26:15 - [MESSAGE][PASSED] - Delayed 4 second(s)

2018-12-04 12:26:15 - [TEST_STEP][PASSED] - click: Object: 'Object Repository/Final Object Repo/New Registration - Registration Module Pages/Form 2/Add Employee Button' is clicked on

2018-12-04 12:26:15 - [MESSAGE][PASSED] - Object: 'Object Repository/Final Object Repo/New Registration - Registration Module Pages/Form 2/Add Employee Button' is clicked on

2018-12-04 12:26:15 - [TEST_STEP][PASSED] - delay: Delayed 1 second(s)

2018-12-04 12:26:16 - [MESSAGE][PASSED] - Delayed 1 second(s)

2018-12-04 12:26:16 - [TEST_STEP][PASSED] - setText: Text '010903091984' is set on object 'Object Repository/Final Object Repo/New Registration - Registration Module Pages/Form 2/NRIC Input'

2018-12-04 12:26:17 - [MESSAGE][PASSED] - Text '010903091984' is set on object 'Object Repository/Final Object Repo/New Registration - Registration Module Pages/Form 2/NRIC Input'

2018-12-04 12:26:17 - [TEST_STEP][PASSED] - click: Object: 'Object Repository/Final Object Repo/New Registration - Registration Module Pages/Form 2/button for search for IC' is clicked on

2018-12-04 12:26:17 - [MESSAGE][PASSED] - Object: 'Object Repository/Final Object Repo/New Registration - Registration Module Pages/Form 2/button for search for IC' is clicked on

2018-12-04 12:26:17 - [TEST_STEP][PASSED] - delay: Delayed 2 second(s)

2018-12-04 12:26:19 - [MESSAGE][PASSED] - Delayed 2 second(s)

2018-12-04 12:26:19 - [TEST_STEP][PASSED] - setText: Text 'Automate001 eligible 1' is set on object 'Object Repository/Final Object Repo/New Registration - Registration Module Pages/Form 2/Employee Name Input'

2018-12-04 12:26:20 - [MESSAGE][PASSED] - Text 'Automate001 eligible 1' is set on object 'Object Repository/Final Object Repo/New Registration - Registration Module Pages/Form 2/Employee Name Input'

2018-12-04 12:26:20 - [TEST_STEP][PASSED] - delay: Delayed 2 second(s)

2018-12-04 12:26:22 - [MESSAGE][PASSED] - Delayed 2 second(s)

2018-12-04 12:26:22 - [TEST_STEP][PASSED] - click: Object: 'Object Repository/Final Object Repo/New Registration - Registration Module Pages/Form 2/DatePicker Pop Up' is clicked on

2018-12-04 12:26:22 - [MESSAGE][PASSED] - Object: 'Object Repository/Final Object Repo/New Registration - Registration Module Pages/Form 2/DatePicker Pop Up' is clicked on

2018-12-04 12:26:22 - [TEST_STEP][PASSED] - click: Object: 'Object Repository/Final Object Repo/New Registration - Registration Module Pages/Form 2/DOB Month' is clicked on

2018-12-04 12:26:22 - [MESSAGE][PASSED] - Object: 'Object Repository/Final Object Repo/New Registration - Registration Module Pages/Form 2/DOB Month' is clicked on

2018-12-04 12:26:22 - [TEST_STEP][PASSED] - Statement - CurrentMonth = CurrentMonth: null

2018-12-04 12:26:22 - [TEST_STEP][PASSED] - Statement - selectMonth = new com.kms.katalon.core.testobject.TestObject(): null

2018-12-04 12:26:22 - [TEST_STEP][PASSED] - Statement - selectMonth.addProperty("xpath", EQUALS, "//body/div/div/div/select/option[@value='" + CurrentMonth + "']", true): null

2018-12-04 12:26:22 - [TEST_STEP][PASSED] - click: Object: '' is clicked on

2018-12-04 12:26:22 - [MESSAGE][PASSED] - Object: '' is clicked on

2018-12-04 12:26:22 - [TEST_STEP][PASSED] - click: Object: 'Object Repository/Final Object Repo/New Registration - Registration Module Pages/Form 2/DOB Year' is clicked on

2018-12-04 12:26:22 - [MESSAGE][PASSED] - Object: 'Object Repository/Final Object Repo/New Registration - Registration Module Pages/Form 2/DOB Year' is clicked on

2018-12-04 12:26:22 - [TEST_STEP][PASSED] - Statement - Eyearsbf = EighteenYrsBefore: null

2018-12-04 12:26:22 - [TEST_STEP][PASSED] - Statement - selectYear = new com.kms.katalon.core.testobject.TestObject(): null

2018-12-04 12:26:22 - [TEST_STEP][PASSED] - Statement - selectYear.addProperty("xpath", EQUALS, "//div/div/div/select/option[@value='" + Eyearsbf + "']", true): null

2018-12-04 12:26:22 - [TEST_STEP][PASSED] - click: Object: '' is clicked on

2018-12-04 12:26:22 - [MESSAGE][PASSED] - Object: '' is clicked on

2018-12-04 12:26:23 - [TEST_STEP][PASSED] - Statement - UpdatedSelectDate = com.kms.katalon.core.webui.keyword.WebUiBuiltInKeywords.modifyObjectProperty(com.kms.katalon.core.testobject.ObjectRepository.findTestObject(Final Object Repo/New Registration - Registration Module Pages/Form 2/DOB Date), "xpath", "equals", "//body/div/table/tbody/tr/td/a[text()="" + CurrentDate + ""]", true): Modify property of object successfully

2018-12-04 12:26:23 - [MESSAGE][PASSED] - Modify property of object successfully

2018-12-04 12:26:23 - [TEST_STEP][PASSED] - delay: Delayed 3 second(s)

2018-12-04 12:26:26 - [MESSAGE][PASSED] - Delayed 3 second(s)

2018-12-04 12:26:26 - [TEST_STEP][PASSED] - click: Object: 'Object Repository/Final Object Repo/New Registration - Registration Module Pages/Form 2/DOB Date' is clicked on

2018-12-04 12:26:26 - [MESSAGE][PASSED] - Object: 'Object Repository/Final Object Repo/New Registration - Registration Module Pages/Form 2/DOB Date' is clicked on

2018-12-04 12:26:26 - [TEST_STEP][PASSED] - delay: Delayed 2 second(s)

2018-12-04 12:26:28 - [MESSAGE][PASSED] - Delayed 2 second(s)

2018-12-04 12:26:28 - [TEST_STEP][PASSED] - click: Object: 'Object Repository/Final Object Repo/New Registration - Registration Module Pages/Form 2/EmploymentStartDate Pop Up' is clicked on

2018-12-04 12:26:28 - [MESSAGE][PASSED] - Object: 'Object Repository/Final Object Repo/New Registration - Registration Module Pages/Form 2/EmploymentStartDate Pop Up' is clicked on

2018-12-04 12:26:28 - [TEST_STEP][PASSED] - delay: Delayed 2 second(s)

2018-12-04 12:26:30 - [MESSAGE][PASSED] - Delayed 2 second(s)

2018-12-04 12:26:30 - [TEST_STEP][PASSED] - click: Object: 'Object Repository/Final Object Repo/New Registration - Registration Module Pages/Form 2/Socso Employment StartDate Month' is clicked on

2018-12-04 12:26:30 - [MESSAGE][PASSED] - Object: 'Object Repository/Final Object Repo/New Registration - Registration Module Pages/Form 2/Socso Employment StartDate Month' is clicked on

2018-12-04 12:26:30 - [TEST_STEP][PASSED] - delay: Delayed 1 second(s)

2018-12-04 12:26:31 - [MESSAGE][PASSED] - Delayed 1 second(s)

2018-12-04 12:26:31 - [TEST_STEP][PASSED] - click: Object: 'Object Repository/Final Object Repo/New Registration - Registration Module Pages/Form 2/Select Socso Employement Startdate Month' is clicked on

2018-12-04 12:26:31 - [MESSAGE][PASSED] - Object: 'Object Repository/Final Object Repo/New Registration - Registration Module Pages/Form 2/Select Socso Employement Startdate Month' is clicked on

2018-12-04 12:26:31 - [TEST_STEP][PASSED] - delay: Delayed 2 second(s)

2018-12-04 12:26:33 - [MESSAGE][PASSED] - Delayed 2 second(s)

2018-12-04 12:26:33 - [TEST_STEP][PASSED] - click: Object: 'Object Repository/Final Object Repo/New Registration - Registration Module Pages/Form 2/Socso Employment StartDate Year' is clicked on

2018-12-04 12:26:34 - [MESSAGE][PASSED] - Object: 'Object Repository/Final Object Repo/New Registration - Registration Module Pages/Form 2/Socso Employment StartDate Year' is clicked on

2018-12-04 12:26:34 - [TEST_STEP][PASSED] - delay: Delayed 1 second(s)

2018-12-04 12:26:35 - [MESSAGE][PASSED] - Delayed 1 second(s)

2018-12-04 12:26:35 - [TEST_STEP][PASSED] - click: Object: 'Object Repository/Final Object Repo/New Registration - Registration Module Pages/Form 2/Select Socso Employment Startdate Year' is clicked on

2018-12-04 12:26:35 - [MESSAGE][PASSED] - Object: 'Object Repository/Final Object Repo/New Registration - Registration Module Pages/Form 2/Select Socso Employment Startdate Year' is clicked on

2018-12-04 12:26:35 - [TEST_STEP][PASSED] - delay: Delayed 2 second(s)

2018-12-04 12:26:37 - [MESSAGE][PASSED] - Delayed 2 second(s)

2018-12-04 12:26:37 - [TEST_STEP][PASSED] - click: Object: 'Object Repository/Final Object Repo/New Registration - Registration Module Pages/Form 2/Socso Employment Start Date Day' is clicked on

2018-12-04 12:26:37 - [MESSAGE][PASSED] - Object: 'Object Repository/Final Object Repo/New Registration - Registration Module Pages/Form 2/Socso Employment Start Date Day' is clicked on

2018-12-04 12:26:37 - [TEST_STEP][PASSED] - delay: Delayed 2 second(s)

2018-12-04 12:26:39 - [MESSAGE][PASSED] - Delayed 2 second(s)

2018-12-04 12:26:39 - [TEST_STEP][PASSED] - click: Object: 'Object Repository/Final Object Repo/New Registration - Registration Module Pages/Form 2/Save Button for Add Employee' is clicked on

2018-12-04 12:26:39 - [MESSAGE][PASSED] - Object: 'Object Repository/Final Object Repo/New Registration - Registration Module Pages/Form 2/Save Button for Add Employee' is clicked on

2018-12-04 12:26:39 - [TEST_STEP][PASSED] - delay: Delayed 6 second(s)

2018-12-04 12:26:45 - [MESSAGE][PASSED] - Delayed 6 second(s)

2018-12-04 12:26:45 - [TEST_STEP][PASSED] - click: Object: 'Object Repository/Final Object Repo/New Registration - Registration Module Pages/Form 2/Incomplete Checkbox' is clicked on

2018-12-04 12:26:45 - [MESSAGE][PASSED] - Object: 'Object Repository/Final Object Repo/New Registration - Registration Module Pages/Form 2/Incomplete Checkbox' is clicked on

2018-12-04 12:26:45 - [TEST_STEP][PASSED] - delay: Delayed 2 second(s)

2018-12-04 12:26:47 - [MESSAGE][PASSED] - Delayed 2 second(s)

2018-12-04 12:26:47 - [TEST_STEP][PASSED] - click: Object: 'Object Repository/Final Object Repo/New Registration - Registration Module Pages/Form 2/Save and Continue Form 2' is clicked on

2018-12-04 12:26:48 - [MESSAGE][PASSED] - Object: 'Object Repository/Final Object Repo/New Registration - Registration Module Pages/Form 2/Save and Continue Form 2' is clicked on

2018-12-04 12:26:48 - [MESSAGE][PASSED] - Call Test Case 'Test Cases/Final Aug 2018 - PKS Automation/Registration Module/New Registration/Form 2/Add 1 Eligible - Incomplete' successfully

2018-12-04 12:26:48 - [TEST_STEP][PASSED] - callTestCase: Call Test Case 'Test Cases/Final Aug 2018 - PKS Automation/Registration Module/New Registration/Flow of New Registration/Third Screen - Upload Supporting Doc - Preview' successfully

2018-12-04 12:26:48 - [TEST_CASE][PASSED] - Test Cases/Final Aug 2018 - PKS Automation/Registration Module/New Registration/Flow of New Registration/Third Screen - Upload Supporting Doc - Preview: Test Cases/Final Aug 2018 - PKS Automation/Registration Module/New Registration/Flow of New Registration/Third Screen - Upload Supporting Doc - Preview

2018-12-04 12:26:48 - [TEST_STEP][PASSED] - waitForPageLoad: Wait for page load successfully

2018-12-04 12:26:48 - [MESSAGE][PASSED] - Wait for page load successfully

2018-12-04 12:26:48 - [TEST_STEP][PASSED] - Statement - CaseReferenceNo = com.kms.katalon.core.webui.keyword.WebUiBuiltInKeywords.getText(com.kms.katalon.core.testobject.ObjectRepository.findTestObject(Final Object Repo/New Registration - Registration Module Pages/Third Screen - Upload Supporting Doc- Preview/RefNo Acquiring)): Text of object 'Object Repository/Final Object Repo/New Registration - Registration Module Pages/Third Screen - Upload Supporting Doc- Preview/RefNo Acquiring' is: 'CRN12201800122975'

2018-12-04 12:26:49 - [MESSAGE][PASSED] - Text of object 'Object Repository/Final Object Repo/New Registration - Registration Module Pages/Third Screen - Upload Supporting Doc- Preview/RefNo Acquiring' is: 'CRN12201800122975'

2018-12-04 12:26:49 - [TEST_STEP][PASSED] - delay: Delayed 2 second(s)

2018-12-04 12:26:51 - [MESSAGE][PASSED] - Delayed 2 second(s)

2018-12-04 12:26:51 - [TEST_STEP][PASSED] - callTestCase: Call Test Case 'Test Cases/Final Aug 2018 - PKS Automation/Common/Reference Number Setter' successfully

2018-12-04 12:26:51 - [TEST_CASE][PASSED] - Test Cases/Final Aug 2018 - PKS Automation/Common/Reference Number Setter: Test Cases/Final Aug 2018 - PKS Automation/Common/Reference Number Setter

2018-12-04 12:26:51 - [TEST_STEP][PASSED] - Statement - RefNoOldFile = new java.io.File(C://Users//Admin//Desktop//PKS//Automation Reference Point//KatalonReference.txt): null

2018-12-04 12:26:51 - [TEST_STEP][PASSED] - Statement - RefNoOldFile.delete(): null

2018-12-04 12:26:51 - [TEST_STEP][PASSED] - delay: Delayed 5 second(s)

2018-12-04 12:26:56 - [MESSAGE][PASSED] - Delayed 5 second(s)

2018-12-04 12:26:56 - [TEST_STEP][PASSED] - Statement - RefNo = new java.io.File(C://Users//Admin//Desktop//PKS//Automation Reference Point//KatalonReference.txt): null

2018-12-04 12:26:56 - [TEST_STEP][PASSED] - Statement - f2 = new java.io.FileWriter(RefNo, false): null

2018-12-04 12:26:56 - [TEST_STEP][PASSED] - Statement - f2.write(CaseReferenceNo): null

2018-12-04 12:26:56 - [TEST_STEP][PASSED] - Statement - f2.close(): null

2018-12-04 12:26:56 - [TEST_STEP][PASSED] - Statement - out.println("


" + CaseReferenceNo + "


"): null

2018-12-04 12:26:56 - [MESSAGE][PASSED] - Call Test Case 'Test Cases/Final Aug 2018 - PKS Automation/Common/Reference Number Setter' successfully

2018-12-04 12:26:56 - [TEST_STEP][PASSED] - waitForElementClickable: Object 'Object Repository/Final Object Repo/New Registration - Registration Module Pages/Third Screen - Upload Supporting Doc- Preview/Save n Continue in SIP Employee Listing Page' is clickable

2018-12-04 12:26:56 - [MESSAGE][PASSED] - Object 'Object Repository/Final Object Repo/New Registration - Registration Module Pages/Third Screen - Upload Supporting Doc- Preview/Save n Continue in SIP Employee Listing Page' is clickable

2018-12-04 12:26:56 - [TEST_STEP][PASSED] - click: Object: 'Object Repository/Final Object Repo/New Registration - Registration Module Pages/Third Screen - Upload Supporting Doc- Preview/Save n Continue in SIP Employee Listing Page' is clicked on

2018-12-04 12:27:01 - [MESSAGE][PASSED] - Object: 'Object Repository/Final Object Repo/New Registration - Registration Module Pages/Third Screen - Upload Supporting Doc- Preview/Save n Continue in SIP Employee Listing Page' is clicked on

2018-12-04 12:27:01 - [TEST_STEP][PASSED] - delay: Delayed 7 second(s)

2018-12-04 12:27:08 - [MESSAGE][PASSED] - Delayed 7 second(s)

2018-12-04 12:27:08 - [TEST_STEP][PASSED] - click: Object: 'Object Repository/Final Object Repo/New Registration - Registration Module Pages/Third Screen - Upload Supporting Doc- Preview/Add Document Button' is clicked on

2018-12-04 12:27:08 - [MESSAGE][PASSED] - Object: 'Object Repository/Final Object Repo/New Registration - Registration Module Pages/Third Screen - Upload Supporting Doc- Preview/Add Document Button' is clicked on

2018-12-04 12:27:08 - [TEST_STEP][PASSED] - delay: Delayed 30 second(s)

2018-12-04 12:27:38 - [MESSAGE][PASSED] - Delayed 30 second(s)

2018-12-04 12:27:38 - [TEST_STEP][PASSED] - click: Object: 'Object Repository/Final Object Repo/New Registration - Registration Module Pages/Third Screen - Upload Supporting Doc- Preview/Supporting Doc Please Select Drop Down' is clicked on

2018-12-04 12:27:38 - [MESSAGE][PASSED] - Object: 'Object Repository/Final Object Repo/New Registration - Registration Module Pages/Third Screen - Upload Supporting Doc- Preview/Supporting Doc Please Select Drop Down' is clicked on

2018-12-04 12:27:38 - [TEST_STEP][PASSED] - delay: Delayed 2 second(s)

2018-12-04 12:27:40 - [MESSAGE][PASSED] - Delayed 2 second(s)

2018-12-04 12:27:40 - [TEST_STEP][PASSED] - click: Object: 'Object Repository/Final Object Repo/New Registration - Registration Module Pages/Third Screen - Upload Supporting Doc- Preview/Select to Upload Form 1' is clicked on

2018-12-04 12:27:41 - [MESSAGE][PASSED] - Object: 'Object Repository/Final Object Repo/New Registration - Registration Module Pages/Third Screen - Upload Supporting Doc- Preview/Select to Upload Form 1' is clicked on

2018-12-04 12:27:41 - [TEST_STEP][PASSED] - delay: Delayed 2 second(s)

2018-12-04 12:27:43 - [MESSAGE][PASSED] - Delayed 2 second(s)

2018-12-04 12:27:43 - [TEST_STEP][PASSED] - uploadFile: File 'C:\Users\Public\Pictures\Sample Pictures\Koala.jpg' sent to object: 'Object Repository/Final Object Repo/New Registration - Registration Module Pages/Third Screen - Upload Supporting Doc- Preview/Upload File Adding'

2018-12-04 12:27:43 - [MESSAGE][PASSED] - File 'C:\Users\Public\Pictures\Sample Pictures\Koala.jpg' sent to object: 'Object Repository/Final Object Repo/New Registration - Registration Module Pages/Third Screen - Upload Supporting Doc- Preview/Upload File Adding'

2018-12-04 12:27:43 - [TEST_STEP][PASSED] - delay: Delayed 5 second(s)

2018-12-04 12:27:48 - [MESSAGE][PASSED] - Delayed 5 second(s)

2018-12-04 12:27:48 - [TEST_STEP][PASSED] - click: Object: 'Object Repository/Final Object Repo/New Registration - Registration Module Pages/Third Screen - Upload Supporting Doc- Preview/Inner Form Add Document Button' is clicked on

2018-12-04 12:27:48 - [MESSAGE][PASSED] - Object: 'Object Repository/Final Object Repo/New Registration - Registration Module Pages/Third Screen - Upload Supporting Doc- Preview/Inner Form Add Document Button' is clicked on

2018-12-04 12:27:48 - [TEST_STEP][PASSED] - delay: Delayed 3 second(s)

2018-12-04 12:27:51 - [MESSAGE][PASSED] - Delayed 3 second(s)

2018-12-04 12:27:51 - [TEST_STEP][PASSED] - click: Object: 'Object Repository/Final Object Repo/New Registration - Registration Module Pages/Third Screen - Upload Supporting Doc- Preview/Add Document Button' is clicked on

2018-12-04 12:27:52 - [MESSAGE][PASSED] - Object: 'Object Repository/Final Object Repo/New Registration - Registration Module Pages/Third Screen - Upload Supporting Doc- Preview/Add Document Button' is clicked on

2018-12-04 12:27:52 - [TEST_STEP][PASSED] - delay: Delayed 30 second(s)

2018-12-04 12:28:22 - [MESSAGE][PASSED] - Delayed 30 second(s)

2018-12-04 12:28:22 - [TEST_STEP][PASSED] - click: Object: 'Object Repository/Final Object Repo/New Registration - Registration Module Pages/Third Screen - Upload Supporting Doc- Preview/Supporting Doc Please Select Drop Down' is clicked on

2018-12-04 12:28:22 - [MESSAGE][PASSED] - Object: 'Object Repository/Final Object Repo/New Registration - Registration Module Pages/Third Screen - Upload Supporting Doc- Preview/Supporting Doc Please Select Drop Down' is clicked on

2018-12-04 12:28:22 - [TEST_STEP][PASSED] - delay: Delayed 2 second(s)

2018-12-04 12:28:24 - [MESSAGE][PASSED] - Delayed 2 second(s)

2018-12-04 12:28:24 - [TEST_STEP][PASSED] - click: Object: 'Object Repository/Final Object Repo/New Registration - Registration Module Pages/Third Screen - Upload Supporting Doc- Preview/Select to Upload Form 2' is clicked on

2018-12-04 12:28:25 - [MESSAGE][PASSED] - Object: 'Object Repository/Final Object Repo/New Registration - Registration Module Pages/Third Screen - Upload Supporting Doc- Preview/Select to Upload Form 2' is clicked on

2018-12-04 12:28:25 - [TEST_STEP][PASSED] - delay: Delayed 2 second(s)

2018-12-04 12:28:27 - [MESSAGE][PASSED] - Delayed 2 second(s)

2018-12-04 12:28:27 - [TEST_STEP][PASSED] - uploadFile: File 'C:\Users\Public\Pictures\Sample Pictures\Koala.jpg' sent to object: 'Object Repository/Final Object Repo/New Registration - Registration Module Pages/Third Screen - Upload Supporting Doc- Preview/Upload File Adding'

2018-12-04 12:28:27 - [MESSAGE][PASSED] - File 'C:\Users\Public\Pictures\Sample Pictures\Koala.jpg' sent to object: 'Object Repository/Final Object Repo/New Registration - Registration Module Pages/Third Screen - Upload Supporting Doc- Preview/Upload File Adding'

2018-12-04 12:28:27 - [TEST_STEP][PASSED] - click: Object: 'Object Repository/Final Object Repo/New Registration - Registration Module Pages/Third Screen - Upload Supporting Doc- Preview/Inner Form Add Document Button' is clicked on

2018-12-04 12:28:27 - [MESSAGE][PASSED] - Object: 'Object Repository/Final Object Repo/New Registration - Registration Module Pages/Third Screen - Upload Supporting Doc- Preview/Inner Form Add Document Button' is clicked on

2018-12-04 12:28:27 - [TEST_STEP][PASSED] - delay: Delayed 5 second(s)

2018-12-04 12:28:32 - [MESSAGE][PASSED] - Delayed 5 second(s)

2018-12-04 12:28:32 - [TEST_STEP][PASSED] - click: Object: 'Object Repository/Final Object Repo/New Registration - Registration Module Pages/Third Screen - Upload Supporting Doc- Preview/Add Document Button' is clicked on

2018-12-04 12:28:32 - [MESSAGE][PASSED] - Object: 'Object Repository/Final Object Repo/New Registration - Registration Module Pages/Third Screen - Upload Supporting Doc- Preview/Add Document Button' is clicked on

2018-12-04 12:28:32 - [TEST_STEP][PASSED] - delay: Delayed 30 second(s)

2018-12-04 12:29:02 - [MESSAGE][PASSED] - Delayed 30 second(s)

2018-12-04 12:29:02 - [TEST_STEP][PASSED] - click: Object: 'Object Repository/Final Object Repo/New Registration - Registration Module Pages/Third Screen - Upload Supporting Doc- Preview/Supporting Doc Please Select Drop Down' is clicked on

2018-12-04 12:29:02 - [MESSAGE][PASSED] - Object: 'Object Repository/Final Object Repo/New Registration - Registration Module Pages/Third Screen - Upload Supporting Doc- Preview/Supporting Doc Please Select Drop Down' is clicked on

2018-12-04 12:29:02 - [TEST_STEP][PASSED] - click: Object: 'Object Repository/Final Object Repo/New Registration - Registration Module Pages/Third Screen - Upload Supporting Doc- Preview/Select to Upload Borang SIP 1' is clicked on

2018-12-04 12:29:02 - [MESSAGE][PASSED] - Object: 'Object Repository/Final Object Repo/New Registration - Registration Module Pages/Third Screen - Upload Supporting Doc- Preview/Select to Upload Borang SIP 1' is clicked on

2018-12-04 12:29:02 - [TEST_STEP][PASSED] - delay: Delayed 2 second(s)

2018-12-04 12:29:04 - [MESSAGE][PASSED] - Delayed 2 second(s)

2018-12-04 12:29:04 - [TEST_STEP][PASSED] - uploadFile: File 'C:\Users\Public\Pictures\Sample Pictures\Koala.jpg' sent to object: 'Object Repository/Final Object Repo/New Registration - Registration Module Pages/Third Screen - Upload Supporting Doc- Preview/Upload File Adding'

2018-12-04 12:29:05 - [MESSAGE][PASSED] - File 'C:\Users\Public\Pictures\Sample Pictures\Koala.jpg' sent to object: 'Object Repository/Final Object Repo/New Registration - Registration Module Pages/Third Screen - Upload Supporting Doc- Preview/Upload File Adding'

2018-12-04 12:29:05 - [TEST_STEP][PASSED] - click: Object: 'Object Repository/Final Object Repo/New Registration - Registration Module Pages/Third Screen - Upload Supporting Doc- Preview/Inner Form Add Document Button' is clicked on

2018-12-04 12:29:05 - [MESSAGE][PASSED] - Object: 'Object Repository/Final Object Repo/New Registration - Registration Module Pages/Third Screen - Upload Supporting Doc- Preview/Inner Form Add Document Button' is clicked on

2018-12-04 12:29:05 - [TEST_STEP][PASSED] - delay: Delayed 5 second(s)

2018-12-04 12:29:10 - [MESSAGE][PASSED] - Delayed 5 second(s)

2018-12-04 12:29:10 - [TEST_STEP][PASSED] - click: Object: 'Object Repository/Final Object Repo/New Registration - Registration Module Pages/Third Screen - Upload Supporting Doc- Preview/Add Document Button' is clicked on

2018-12-04 12:29:10 - [MESSAGE][PASSED] - Object: 'Object Repository/Final Object Repo/New Registration - Registration Module Pages/Third Screen - Upload Supporting Doc- Preview/Add Document Button' is clicked on

2018-12-04 12:29:10 - [TEST_STEP][PASSED] - delay: Delayed 30 second(s)

2018-12-04 12:29:40 - [MESSAGE][PASSED] - Delayed 30 second(s)

2018-12-04 12:29:40 - [TEST_STEP][PASSED] - click: Object: 'Object Repository/Final Object Repo/New Registration - Registration Module Pages/Third Screen - Upload Supporting Doc- Preview/Supporting Doc Please Select Drop Down' is clicked on

2018-12-04 12:29:40 - [MESSAGE][PASSED] - Object: 'Object Repository/Final Object Repo/New Registration - Registration Module Pages/Third Screen - Upload Supporting Doc- Preview/Supporting Doc Please Select Drop Down' is clicked on

2018-12-04 12:29:40 - [TEST_STEP][PASSED] - delay: Delayed 3 second(s)

2018-12-04 12:29:43 - [MESSAGE][PASSED] - Delayed 3 second(s)

2018-12-04 12:29:43 - [TEST_STEP][PASSED] - click: Object: 'Object Repository/Final Object Repo/New Registration - Registration Module Pages/Third Screen - Upload Supporting Doc- Preview/Select to Upload Borang SIP 2' is clicked on

2018-12-04 12:29:43 - [MESSAGE][PASSED] - Object: 'Object Repository/Final Object Repo/New Registration - Registration Module Pages/Third Screen - Upload Supporting Doc- Preview/Select to Upload Borang SIP 2' is clicked on

2018-12-04 12:29:43 - [TEST_STEP][PASSED] - delay: Delayed 2 second(s)

2018-12-04 12:29:45 - [MESSAGE][PASSED] - Delayed 2 second(s)

2018-12-04 12:29:45 - [TEST_STEP][PASSED] - uploadFile: File 'C:\Users\Public\Pictures\Sample Pictures\Koala.jpg' sent to object: 'Object Repository/Final Object Repo/New Registration - Registration Module Pages/Third Screen - Upload Supporting Doc- Preview/Upload File Adding'

2018-12-04 12:29:45 - [MESSAGE][PASSED] - File 'C:\Users\Public\Pictures\Sample Pictures\Koala.jpg' sent to object: 'Object Repository/Final Object Repo/New Registration - Registration Module Pages/Third Screen - Upload Supporting Doc- Preview/Upload File Adding'

2018-12-04 12:29:45 - [TEST_STEP][PASSED] - delay: Delayed 5 second(s)

2018-12-04 12:29:50 - [MESSAGE][PASSED] - Delayed 5 second(s)

2018-12-04 12:29:50 - [TEST_STEP][PASSED] - click: Object: 'Object Repository/Final Object Repo/New Registration - Registration Module Pages/Third Screen - Upload Supporting Doc- Preview/Inner Form Add Document Button' is clicked on

2018-12-04 12:29:51 - [MESSAGE][PASSED] - Object: 'Object Repository/Final Object Repo/New Registration - Registration Module Pages/Third Screen - Upload Supporting Doc- Preview/Inner Form Add Document Button' is clicked on

2018-12-04 12:29:51 - [TEST_STEP][PASSED] - delay: Delayed 3 second(s)

2018-12-04 12:29:54 - [MESSAGE][PASSED] - Delayed 3 second(s)

2018-12-04 12:29:54 - [TEST_STEP][PASSED] - waitForElementClickable: Object 'Object Repository/Final Object Repo/New Registration - Registration Module Pages/Third Screen - Upload Supporting Doc- Preview/Save n Continue in Uploading Supporting Doc Page' is clickable

2018-12-04 12:29:54 - [MESSAGE][PASSED] - Object 'Object Repository/Final Object Repo/New Registration - Registration Module Pages/Third Screen - Upload Supporting Doc- Preview/Save n Continue in Uploading Supporting Doc Page' is clickable

2018-12-04 12:29:54 - [TEST_STEP][PASSED] - click: Object: 'Object Repository/Final Object Repo/New Registration - Registration Module Pages/Third Screen - Upload Supporting Doc- Preview/Save n Continue in Uploading Supporting Doc Page' is clicked on

2018-12-04 12:29:55 - [MESSAGE][PASSED] - Object: 'Object Repository/Final Object Repo/New Registration - Registration Module Pages/Third Screen - Upload Supporting Doc- Preview/Save n Continue in Uploading Supporting Doc Page' is clicked on

2018-12-04 12:29:55 - [MESSAGE][PASSED] - Call Test Case 'Test Cases/Final Aug 2018 - PKS Automation/Registration Module/New Registration/Flow of New Registration/Third Screen - Upload Supporting Doc - Preview' successfully

2018-12-04 12:29:55 - [TEST_STEP][PASSED] - callTestCase: Call Test Case 'Test Cases/Final Aug 2018 - PKS Automation/Registration Module/New Registration/Submit and Screenshot/Submit Registration and Screenshot' successfully

2018-12-04 12:29:55 - [TEST_CASE][PASSED] - Test Cases/Final Aug 2018 - PKS Automation/Registration Module/New Registration/Submit and Screenshot/Submit Registration and Screenshot: Test Cases/Final Aug 2018 - PKS Automation/Registration Module/New Registration/Submit and Screenshot/Submit Registration and Screenshot

2018-12-04 12:29:55 - [TEST_STEP][PASSED] - delay: Delayed 6 second(s)

2018-12-04 12:30:01 - [MESSAGE][PASSED] - Delayed 6 second(s)

2018-12-04 12:30:01 - [TEST_STEP][PASSED] - click: Object: 'Object Repository/Final Object Repo/New Registration - Registration Module Pages/Third Screen - Upload Supporting Doc- Preview/Preview Submit Button' is clicked on

2018-12-04 12:30:01 - [MESSAGE][PASSED] - Object: 'Object Repository/Final Object Repo/New Registration - Registration Module Pages/Third Screen - Upload Supporting Doc- Preview/Preview Submit Button' is clicked on

2018-12-04 12:30:01 - [TEST_STEP][PASSED] - delay: Delayed 2 second(s)

2018-12-04 12:30:03 - [MESSAGE][PASSED] - Delayed 2 second(s)

2018-12-04 12:30:03 - [TEST_STEP][PASSED] - click: Object: 'Object Repository/Final Object Repo/New Registration - Registration Module Pages/Third Screen - Upload Supporting Doc- Preview/Preview Submit - Confirm' is clicked on

2018-12-04 12:30:03 - [MESSAGE][PASSED] - Object: 'Object Repository/Final Object Repo/New Registration - Registration Module Pages/Third Screen - Upload Supporting Doc- Preview/Preview Submit - Confirm' is clicked on

2018-12-04 12:30:03 - [TEST_STEP][PASSED] - delay: Delayed 15 second(s)

2018-12-04 12:30:18 - [MESSAGE][PASSED] - Delayed 15 second(s)

2018-12-04 12:30:18 - [TEST_STEP][PASSED] - Statement - driver = com.kms.katalon.core.webui.driver.DriverFactory.getWebDriver(): null

2018-12-04 12:30:18 - [TEST_STEP][PASSED] - Statement - driver.manage().timeouts().implicitlyWait(10, SECONDS): null

2018-12-04 12:30:18 - [TEST_STEP][PASSED] - Statement - PresavePath = KatalonScreenshots: null

2018-12-04 12:30:18 - [TEST_STEP][PASSED] - Statement - pathPrefix = "C:\Users\Public\Pictures\Sample Pictures\Katalon Screenshots\Automate Ending Screen": null

2018-12-04 12:30:18 - [TEST_STEP][PASSED] - Statement - finalPath = <not implemented yet for class: org.codehaus.groovy.ast.expr.EmptyExpression>: null

2018-12-04 12:30:18 - [TEST_STEP][PASSED] - Statement - scrFile = driver.getScreenshotAs(FILE): null

2018-12-04 12:30:18 - [TEST_STEP][PASSED] - Statement - PreSaveFile = new java.io.File(PresavePath): null

2018-12-04 12:30:18 - [TEST_STEP][PASSED] - Statement - counter = 0: null

2018-12-04 12:30:18 - [TEST_STEP][PASSED] - Statement - If (PreSaveFile.exists()): null

2018-12-04 12:30:18 - [TEST_STEP][PASSED] - Statement - While (PreSaveFile.exists()): null

2018-12-04 12:30:18 - [TEST_STEP][PASSED] - Statement - counter = counter + 1: null

2018-12-04 12:30:18 - [TEST_STEP][PASSED] - Statement - PreSaveFile = new java.io.File(((pathPrefix + java.lang.Integer.toString(counter)) + .png)): null

2018-12-04 12:30:18 - [TEST_STEP][PASSED] - Statement - counter = counter + 1: null

2018-12-04 12:30:18 - [TEST_STEP][PASSED] - Statement - PreSaveFile = new java.io.File(((pathPrefix + java.lang.Integer.toString(counter)) + .png)): null

2018-12-04 12:30:18 - [TEST_STEP][PASSED] - Statement - counter = counter + 1: null

2018-12-04 12:30:18 - [TEST_STEP][PASSED] - Statement - PreSaveFile = new java.io.File(((pathPrefix + java.lang.Integer.toString(counter)) + .png)): null

2018-12-04 12:30:18 - [TEST_STEP][PASSED] - Statement - counter = counter + 1: null

2018-12-04 12:30:18 - [TEST_STEP][PASSED] - Statement - PreSaveFile = new java.io.File(((pathPrefix + java.lang.Integer.toString(counter)) + .png)): null

2018-12-04 12:30:18 - [TEST_STEP][PASSED] - Statement - counter = counter + 1: null

2018-12-04 12:30:18 - [TEST_STEP][PASSED] - Statement - PreSaveFile = new java.io.File(((pathPrefix + java.lang.Integer.toString(counter)) + .png)): null

2018-12-04 12:30:18 - [TEST_STEP][PASSED] - Statement - counter = counter + 1: null

2018-12-04 12:30:18 - [TEST_STEP][PASSED] - Statement - PreSaveFile = new java.io.File(((pathPrefix + java.lang.Integer.toString(counter)) + .png)): null

2018-12-04 12:30:18 - [TEST_STEP][PASSED] - Statement - counter = counter + 1: null

2018-12-04 12:30:18 - [TEST_STEP][PASSED] - Statement - PreSaveFile = new java.io.File(((pathPrefix + java.lang.Integer.toString(counter)) + .png)): null

2018-12-04 12:30:18 - [TEST_STEP][PASSED] - Statement - counter = counter + 1: null

2018-12-04 12:30:18 - [TEST_STEP][PASSED] - Statement - PreSaveFile = new java.io.File(((pathPrefix + java.lang.Integer.toString(counter)) + .png)): null

2018-12-04 12:30:18 - [TEST_STEP][PASSED] - Statement - counter = counter + 1: null

2018-12-04 12:30:18 - [TEST_STEP][PASSED] - Statement - PreSaveFile = new java.io.File(((pathPrefix + java.lang.Integer.toString(counter)) + .png)): null

2018-12-04 12:30:18 - [TEST_STEP][PASSED] - Statement - counter = counter + 1: null

2018-12-04 12:30:18 - [TEST_STEP][PASSED] - Statement - PreSaveFile = new java.io.File(((pathPrefix + java.lang.Integer.toString(counter)) + .png)): null

2018-12-04 12:30:18 - [TEST_STEP][PASSED] - Statement - counter = counter + 1: null

2018-12-04 12:30:18 - [TEST_STEP][PASSED] - Statement - PreSaveFile = new java.io.File(((pathPrefix + java.lang.Integer.toString(counter)) + .png)): null

2018-12-04 12:30:18 - [TEST_STEP][PASSED] - Statement - counter = counter + 1: null

2018-12-04 12:30:18 - [TEST_STEP][PASSED] - Statement - PreSaveFile = new java.io.File(((pathPrefix + java.lang.Integer.toString(counter)) + .png)): null

2018-12-04 12:30:18 - [TEST_STEP][PASSED] - Statement - counter = counter + 1: null

2018-12-04 12:30:18 - [TEST_STEP][PASSED] - Statement - PreSaveFile = new java.io.File(((pathPrefix + java.lang.Integer.toString(counter)) + .png)): null

2018-12-04 12:30:18 - [TEST_STEP][PASSED] - Statement - counter = counter + 1: null

2018-12-04 12:30:18 - [TEST_STEP][PASSED] - Statement - PreSaveFile = new java.io.File(((pathPrefix + java.lang.Integer.toString(counter)) + .png)): null

2018-12-04 12:30:19 - [TEST_STEP][PASSED] - Statement - counter = counter + 1: null

2018-12-04 12:30:19 - [TEST_STEP][PASSED] - Statement - PreSaveFile = new java.io.File(((pathPrefix + java.lang.Integer.toString(counter)) + .png)): null

2018-12-04 12:30:20 - [TEST_STEP][PASSED] - Statement - counter = counter + 1: null

2018-12-04 12:30:20 - [TEST_STEP][PASSED] - Statement - PreSaveFile = new java.io.File(((pathPrefix + java.lang.Integer.toString(counter)) + .png)): null

2018-12-04 12:30:20 - [TEST_STEP][PASSED] - Statement - counter = counter + 1: null

2018-12-04 12:30:22 - [TEST_STEP][PASSED] - Statement - PreSaveFile = new java.io.File(((pathPrefix + java.lang.Integer.toString(counter)) + .png)): null

2018-12-04 12:30:22 - [TEST_STEP][PASSED] - Statement - counter = counter + 1: null

2018-12-04 12:30:22 - [TEST_STEP][PASSED] - Statement - PreSaveFile = new java.io.File(((pathPrefix + java.lang.Integer.toString(counter)) + .png)): null

2018-12-04 12:30:22 - [TEST_STEP][PASSED] - Statement - counter = counter + 1: null

2018-12-04 12:30:22 - [TEST_STEP][PASSED] - Statement - PreSaveFile = new java.io.File(((pathPrefix + java.lang.Integer.toString(counter)) + .png)): null

2018-12-04 12:30:22 - [TEST_STEP][PASSED] - Statement - counter = counter + 1: null

2018-12-04 12:30:22 - [TEST_STEP][PASSED] - Statement - PreSaveFile = new java.io.File(((pathPrefix + java.lang.Integer.toString(counter)) + .png)): null

2018-12-04 12:30:22 - [TEST_STEP][PASSED] - Statement - counter = counter + 1: null

2018-12-04 12:30:22 - [TEST_STEP][PASSED] - Statement - PreSaveFile = new java.io.File(((pathPrefix + java.lang.Integer.toString(counter)) + .png)): null

2018-12-04 12:30:22 - [TEST_STEP][PASSED] - Statement - counter = counter + 1: null

2018-12-04 12:30:22 - [TEST_STEP][PASSED] - Statement - PreSaveFile = new java.io.File(((pathPrefix + java.lang.Integer.toString(counter)) + .png)): null

2018-12-04 12:30:22 - [TEST_STEP][PASSED] - Statement - counter = counter + 1: null

2018-12-04 12:30:22 - [TEST_STEP][PASSED] - Statement - PreSaveFile = new java.io.File(((pathPrefix + java.lang.Integer.toString(counter)) + .png)): null

2018-12-04 12:30:22 - [TEST_STEP][PASSED] - Statement - counter = counter + 1: null

2018-12-04 12:30:22 - [TEST_STEP][PASSED] - Statement - PreSaveFile = new java.io.File(((pathPrefix + java.lang.Integer.toString(counter)) + .png)): null

2018-12-04 12:30:22 - [TEST_STEP][PASSED] - Statement - counter = counter + 1: null

2018-12-04 12:30:22 - [TEST_STEP][PASSED] - Statement - PreSaveFile = new java.io.File(((pathPrefix + java.lang.Integer.toString(counter)) + .png)): null

2018-12-04 12:30:22 - [TEST_STEP][PASSED] - Statement - counter = counter + 1: null

2018-12-04 12:30:22 - [TEST_STEP][PASSED] - Statement - PreSaveFile = new java.io.File(((pathPrefix + java.lang.Integer.toString(counter)) + .png)): null

2018-12-04 12:30:23 - [TEST_STEP][PASSED] - Statement - counter = counter + 1: null

2018-12-04 12:30:23 - [TEST_STEP][PASSED] - Statement - PreSaveFile = new java.io.File(((pathPrefix + java.lang.Integer.toString(counter)) + .png)): null

2018-12-04 12:30:23 - [TEST_STEP][PASSED] - Statement - counter = counter + 1: null

2018-12-04 12:30:23 - [TEST_STEP][PASSED] - Statement - PreSaveFile = new java.io.File(((pathPrefix + java.lang.Integer.toString(counter)) + .png)): null

2018-12-04 12:30:23 - [TEST_STEP][PASSED] - Statement - counter = counter + 1: null

2018-12-04 12:30:23 - [TEST_STEP][PASSED] - Statement - PreSaveFile = new java.io.File(((pathPrefix + java.lang.Integer.toString(counter)) + .png)): null

2018-12-04 12:30:23 - [TEST_STEP][PASSED] - Statement - counter = counter + 1: null

2018-12-04 12:30:23 - [TEST_STEP][PASSED] - Statement - PreSaveFile = new java.io.File(((pathPrefix + java.lang.Integer.toString(counter)) + .png)): null

2018-12-04 12:30:23 - [TEST_STEP][PASSED] - Statement - counter = counter + 1: null

2018-12-04 12:30:24 - [TEST_STEP][PASSED] - Statement - PreSaveFile = new java.io.File(((pathPrefix + java.lang.Integer.toString(counter)) + .png)): null

2018-12-04 12:30:24 - [TEST_STEP][PASSED] - Statement - counter = counter + 1: null

2018-12-04 12:30:24 - [TEST_STEP][PASSED] - Statement - PreSaveFile = new java.io.File(((pathPrefix + java.lang.Integer.toString(counter)) + .png)): null

2018-12-04 12:30:24 - [TEST_STEP][PASSED] - Statement - counter = counter + 1: null

2018-12-04 12:30:24 - [TEST_STEP][PASSED] - Statement - PreSaveFile = new java.io.File(((pathPrefix + java.lang.Integer.toString(counter)) + .png)): null

2018-12-04 12:30:24 - [TEST_STEP][PASSED] - Statement - counter = counter + 1: null

2018-12-04 12:30:24 - [TEST_STEP][PASSED] - Statement - PreSaveFile = new java.io.File(((pathPrefix + java.lang.Integer.toString(counter)) + .png)): null

2018-12-04 12:30:24 - [TEST_STEP][PASSED] - Statement - counter = counter + 1: null

2018-12-04 12:30:24 - [TEST_STEP][PASSED] - Statement - PreSaveFile = new java.io.File(((pathPrefix + java.lang.Integer.toString(counter)) + .png)): null

2018-12-04 12:30:24 - [TEST_STEP][PASSED] - Statement - counter = counter + 1: null

2018-12-04 12:30:26 - [TEST_STEP][PASSED] - Statement - PreSaveFile = new java.io.File(((pathPrefix + java.lang.Integer.toString(counter)) + .png)): null

2018-12-04 12:30:26 - [TEST_STEP][PASSED] - Statement - counter = counter + 1: null

2018-12-04 12:30:26 - [TEST_STEP][PASSED] - Statement - PreSaveFile = new java.io.File(((pathPrefix + java.lang.Integer.toString(counter)) + .png)): null

2018-12-04 12:30:26 - [TEST_STEP][PASSED] - Statement - counter = counter + 1: null

2018-12-04 12:30:26 - [TEST_STEP][PASSED] - Statement - PreSaveFile = new java.io.File(((pathPrefix + java.lang.Integer.toString(counter)) + .png)): null

2018-12-04 12:30:26 - [TEST_STEP][PASSED] - Statement - counter = counter + 1: null

2018-12-04 12:30:26 - [TEST_STEP][PASSED] - Statement - PreSaveFile = new java.io.File(((pathPrefix + java.lang.Integer.toString(counter)) + .png)): null

2018-12-04 12:30:26 - [TEST_STEP][PASSED] - Statement - counter = counter + 1: null

2018-12-04 12:30:26 - [TEST_STEP][PASSED] - Statement - PreSaveFile = new java.io.File(((pathPrefix + java.lang.Integer.toString(counter)) + .png)): null

2018-12-04 12:30:26 - [TEST_STEP][PASSED] - Statement - counter = counter + 1: null

2018-12-04 12:30:27 - [TEST_STEP][PASSED] - Statement - PreSaveFile = new java.io.File(((pathPrefix + java.lang.Integer.toString(counter)) + .png)): null

2018-12-04 12:30:27 - [TEST_STEP][PASSED] - Statement - counter = counter + 1: null

2018-12-04 12:30:27 - [TEST_STEP][PASSED] - Statement - PreSaveFile = new java.io.File(((pathPrefix + java.lang.Integer.toString(counter)) + .png)): null

2018-12-04 12:30:27 - [TEST_STEP][PASSED] - Statement - counter = counter + 1: null

2018-12-04 12:30:27 - [TEST_STEP][PASSED] - Statement - PreSaveFile = new java.io.File(((pathPrefix + java.lang.Integer.toString(counter)) + .png)): null

2018-12-04 12:30:27 - [TEST_STEP][PASSED] - Statement - counter = counter + 1: null

2018-12-04 12:30:27 - [TEST_STEP][PASSED] - Statement - PreSaveFile = new java.io.File(((pathPrefix + java.lang.Integer.toString(counter)) + .png)): null

2018-12-04 12:30:27 - [TEST_STEP][PASSED] - Statement - counter = counter + 1: null

2018-12-04 12:30:27 - [TEST_STEP][PASSED] - Statement - PreSaveFile = new java.io.File(((pathPrefix + java.lang.Integer.toString(counter)) + .png)): null

2018-12-04 12:30:28 - [TEST_STEP][PASSED] - Statement - counter = counter + 1: null

2018-12-04 12:30:28 - [TEST_STEP][PASSED] - Statement - PreSaveFile = new java.io.File(((pathPrefix + java.lang.Integer.toString(counter)) + .png)): null

2018-12-04 12:30:28 - [TEST_STEP][PASSED] - Statement - counter = counter + 1: null

2018-12-04 12:30:28 - [TEST_STEP][PASSED] - Statement - PreSaveFile = new java.io.File(((pathPrefix + java.lang.Integer.toString(counter)) + .png)): null

2018-12-04 12:30:28 - [TEST_STEP][PASSED] - Statement - counter = counter + 1: null

2018-12-04 12:30:28 - [TEST_STEP][PASSED] - Statement - PreSaveFile = new java.io.File(((pathPrefix + java.lang.Integer.toString(counter)) + .png)): null

2018-12-04 12:30:28 - [TEST_STEP][PASSED] - Statement - counter = counter + 1: null

2018-12-04 12:30:28 - [TEST_STEP][PASSED] - Statement - PreSaveFile = new java.io.File(((pathPrefix + java.lang.Integer.toString(counter)) + .png)): null

2018-12-04 12:30:28 - [TEST_STEP][PASSED] - Statement - counter = counter + 1: null

2018-12-04 12:30:29 - [TEST_STEP][PASSED] - Statement - PreSaveFile = new java.io.File(((pathPrefix + java.lang.Integer.toString(counter)) + .png)): null

2018-12-04 12:30:29 - [TEST_STEP][PASSED] - Statement - counter = counter + 1: null

2018-12-04 12:30:29 - [TEST_STEP][PASSED] - Statement - PreSaveFile = new java.io.File(((pathPrefix + java.lang.Integer.toString(counter)) + .png)): null

2018-12-04 12:30:29 - [TEST_STEP][PASSED] - Statement - counter = counter + 1: null

2018-12-04 12:30:29 - [TEST_STEP][PASSED] - Statement - PreSaveFile = new java.io.File(((pathPrefix + java.lang.Integer.toString(counter)) + .png)): null

2018-12-04 12:30:29 - [TEST_STEP][PASSED] - Statement - counter = counter + 1: null

2018-12-04 12:30:29 - [TEST_STEP][PASSED] - Statement - PreSaveFile = new java.io.File(((pathPrefix + java.lang.Integer.toString(counter)) + .png)): null

2018-12-04 12:30:29 - [TEST_STEP][PASSED] - Statement - counter = counter + 1: null

2018-12-04 12:30:29 - [TEST_STEP][PASSED] - Statement - PreSaveFile = new java.io.File(((pathPrefix + java.lang.Integer.toString(counter)) + .png)): null

2018-12-04 12:30:29 - [TEST_STEP][PASSED] - Statement - counter = counter + 1: null

2018-12-04 12:30:31 - [TEST_STEP][PASSED] - Statement - PreSaveFile = new java.io.File(((pathPrefix + java.lang.Integer.toString(counter)) + .png)): null

2018-12-04 12:30:31 - [TEST_STEP][PASSED] - Statement - counter = counter + 1: null

2018-12-04 12:30:31 - [TEST_STEP][PASSED] - Statement - PreSaveFile = new java.io.File(((pathPrefix + java.lang.Integer.toString(counter)) + .png)): null

2018-12-04 12:30:31 - [TEST_STEP][PASSED] - Statement - counter = counter + 1: null

2018-12-04 12:30:31 - [TEST_STEP][PASSED] - Statement - PreSaveFile = new java.io.File(((pathPrefix + java.lang.Integer.toString(counter)) + .png)): null

2018-12-04 12:30:31 - [TEST_STEP][PASSED] - Statement - counter = counter + 1: null

2018-12-04 12:30:31 - [TEST_STEP][PASSED] - Statement - PreSaveFile = new java.io.File(((pathPrefix + java.lang.Integer.toString(counter)) + .png)): null

2018-12-04 12:30:31 - [TEST_STEP][PASSED] - Statement - counter = counter + 1: null

2018-12-04 12:30:31 - [TEST_STEP][PASSED] - Statement - PreSaveFile = new java.io.File(((pathPrefix + java.lang.Integer.toString(counter)) + .png)): null

2018-12-04 12:30:31 - [TEST_STEP][PASSED] - Statement - counter = counter + 1: null

2018-12-04 12:30:32 - [TEST_STEP][PASSED] - Statement - PreSaveFile = new java.io.File(((pathPrefix + java.lang.Integer.toString(counter)) + .png)): null

2018-12-04 12:30:32 - [TEST_STEP][PASSED] - Statement - counter = counter + 1: null

2018-12-04 12:30:32 - [TEST_STEP][PASSED] - Statement - PreSaveFile = new java.io.File(((pathPrefix + java.lang.Integer.toString(counter)) + .png)): null

2018-12-04 12:30:32 - [TEST_STEP][PASSED] - Statement - counter = counter + 1: null

2018-12-04 12:30:32 - [TEST_STEP][PASSED] - Statement - PreSaveFile = new java.io.File(((pathPrefix + java.lang.Integer.toString(counter)) + .png)): null

2018-12-04 12:30:32 - [TEST_STEP][PASSED] - Statement - counter = counter + 1: null

2018-12-04 12:30:32 - [TEST_STEP][PASSED] - Statement - PreSaveFile = new java.io.File(((pathPrefix + java.lang.Integer.toString(counter)) + .png)): null

2018-12-04 12:30:32 - [TEST_STEP][PASSED] - Statement - counter = counter + 1: null

2018-12-04 12:30:32 - [TEST_STEP][PASSED] - Statement - PreSaveFile = new java.io.File(((pathPrefix + java.lang.Integer.toString(counter)) + .png)): null

2018-12-04 12:30:32 - [TEST_STEP][PASSED] - Statement - counter = counter + 1: null

2018-12-04 12:30:34 - [TEST_STEP][PASSED] - Statement - PreSaveFile = new java.io.File(((pathPrefix + java.lang.Integer.toString(counter)) + .png)): null

2018-12-04 12:30:34 - [TEST_STEP][PASSED] - Statement - counter = counter + 1: null

2018-12-04 12:30:34 - [TEST_STEP][PASSED] - Statement - PreSaveFile = new java.io.File(((pathPrefix + java.lang.Integer.toString(counter)) + .png)): null

2018-12-04 12:30:34 - [TEST_STEP][PASSED] - Statement - counter = counter + 1: null

2018-12-04 12:30:34 - [TEST_STEP][PASSED] - Statement - PreSaveFile = new java.io.File(((pathPrefix + java.lang.Integer.toString(counter)) + .png)): null

2018-12-04 12:30:34 - [TEST_STEP][PASSED] - Statement - counter = counter + 1: null

2018-12-04 12:30:34 - [TEST_STEP][PASSED] - Statement - PreSaveFile = new java.io.File(((pathPrefix + java.lang.Integer.toString(counter)) + .png)): null

2018-12-04 12:30:34 - [TEST_STEP][PASSED] - Statement - counter = counter + 1: null

2018-12-04 12:30:34 - [TEST_STEP][PASSED] - Statement - PreSaveFile = new java.io.File(((pathPrefix + java.lang.Integer.toString(counter)) + .png)): null

2018-12-04 12:30:35 - [TEST_STEP][PASSED] - Statement - counter = counter + 1: null

2018-12-04 12:30:35 - [TEST_STEP][PASSED] - Statement - PreSaveFile = new java.io.File(((pathPrefix + java.lang.Integer.toString(counter)) + .png)): null

2018-12-04 12:30:35 - [TEST_STEP][PASSED] - Statement - counter = counter + 1: null

2018-12-04 12:30:35 - [TEST_STEP][PASSED] - Statement - PreSaveFile = new java.io.File(((pathPrefix + java.lang.Integer.toString(counter)) + .png)): null

2018-12-04 12:30:35 - [TEST_STEP][PASSED] - Statement - counter = counter + 1: null

2018-12-04 12:30:35 - [TEST_STEP][PASSED] - Statement - PreSaveFile = new java.io.File(((pathPrefix + java.lang.Integer.toString(counter)) + .png)): null

2018-12-04 12:30:35 - [TEST_STEP][PASSED] - Statement - counter = counter + 1: null

2018-12-04 12:30:35 - [TEST_STEP][PASSED] - Statement - PreSaveFile = new java.io.File(((pathPrefix + java.lang.Integer.toString(counter)) + .png)): null

2018-12-04 12:30:35 - [TEST_STEP][PASSED] - Statement - counter = counter + 1: null

2018-12-04 12:30:37 - [TEST_STEP][PASSED] - Statement - PreSaveFile = new java.io.File(((pathPrefix + java.lang.Integer.toString(counter)) + .png)): null

2018-12-04 12:30:37 - [TEST_STEP][PASSED] - Statement - counter = counter + 1: null

2018-12-04 12:30:37 - [TEST_STEP][PASSED] - Statement - PreSaveFile = new java.io.File(((pathPrefix + java.lang.Integer.toString(counter)) + .png)): null

2018-12-04 12:30:37 - [TEST_STEP][PASSED] - Statement - counter = counter + 1: null

2018-12-04 12:30:37 - [TEST_STEP][PASSED] - Statement - PreSaveFile = new java.io.File(((pathPrefix + java.lang.Integer.toString(counter)) + .png)): null

2018-12-04 12:30:37 - [TEST_STEP][PASSED] - Statement - counter = counter + 1: null

2018-12-04 12:30:37 - [TEST_STEP][PASSED] - Statement - PreSaveFile = new java.io.File(((pathPrefix + java.lang.Integer.toString(counter)) + .png)): null

2018-12-04 12:30:37 - [TEST_STEP][PASSED] - Statement - counter = counter + 1: null

2018-12-04 12:30:37 - [TEST_STEP][PASSED] - Statement - PreSaveFile = new java.io.File(((pathPrefix + java.lang.Integer.toString(counter)) + .png)): null

2018-12-04 12:30:37 - [TEST_STEP][PASSED] - Statement - counter = counter + 1: null

2018-12-04 12:30:38 - [TEST_STEP][PASSED] - Statement - PreSaveFile = new java.io.File(((pathPrefix + java.lang.Integer.toString(counter)) + .png)): null

2018-12-04 12:30:38 - [TEST_STEP][PASSED] - Statement - counter = counter + 1: null

2018-12-04 12:30:38 - [TEST_STEP][PASSED] - Statement - PreSaveFile = new java.io.File(((pathPrefix + java.lang.Integer.toString(counter)) + .png)): null

2018-12-04 12:30:38 - [TEST_STEP][PASSED] - Statement - counter = counter + 1: null

2018-12-04 12:30:38 - [TEST_STEP][PASSED] - Statement - PreSaveFile = new java.io.File(((pathPrefix + java.lang.Integer.toString(counter)) + .png)): null

2018-12-04 12:30:38 - [TEST_STEP][PASSED] - Statement - counter = counter + 1: null

2018-12-04 12:30:38 - [TEST_STEP][PASSED] - Statement - PreSaveFile = new java.io.File(((pathPrefix + java.lang.Integer.toString(counter)) + .png)): null

2018-12-04 12:30:38 - [TEST_STEP][PASSED] - Statement - counter = counter + 1: null

2018-12-04 12:30:38 - [TEST_STEP][PASSED] - Statement - PreSaveFile = new java.io.File(((pathPrefix + java.lang.Integer.toString(counter)) + .png)): null

2018-12-04 12:30:38 - [TEST_STEP][PASSED] - Statement - counter = counter + 1: null

2018-12-04 12:30:39 - [TEST_STEP][PASSED] - Statement - PreSaveFile = new java.io.File(((pathPrefix + java.lang.Integer.toString(counter)) + .png)): null

2018-12-04 12:30:39 - [TEST_STEP][PASSED] - Statement - counter = counter + 1: null

2018-12-04 12:30:39 - [TEST_STEP][PASSED] - Statement - PreSaveFile = new java.io.File(((pathPrefix + java.lang.Integer.toString(counter)) + .png)): null

2018-12-04 12:30:39 - [TEST_STEP][PASSED] - Statement - counter = counter + 1: null

2018-12-04 12:30:39 - [TEST_STEP][PASSED] - Statement - PreSaveFile = new java.io.File(((pathPrefix + java.lang.Integer.toString(counter)) + .png)): null

2018-12-04 12:30:39 - [TEST_STEP][PASSED] - Statement - counter = counter + 1: null

2018-12-04 12:30:39 - [TEST_STEP][PASSED] - Statement - PreSaveFile = new java.io.File(((pathPrefix + java.lang.Integer.toString(counter)) + .png)): null

2018-12-04 12:30:39 - [TEST_STEP][PASSED] - Statement - counter = counter + 1: null

2018-12-04 12:30:39 - [TEST_STEP][PASSED] - Statement - PreSaveFile = new java.io.File(((pathPrefix + java.lang.Integer.toString(counter)) + .png)): null

2018-12-04 12:30:41 - [TEST_STEP][PASSED] - Statement - counter = counter + 1: null

2018-12-04 12:30:41 - [TEST_STEP][PASSED] - Statement - PreSaveFile = new java.io.File(((pathPrefix + java.lang.Integer.toString(counter)) + .png)): null

2018-12-04 12:30:41 - [TEST_STEP][PASSED] - Statement - counter = counter + 1: null

2018-12-04 12:30:41 - [TEST_STEP][PASSED] - Statement - PreSaveFile = new java.io.File(((pathPrefix + java.lang.Integer.toString(counter)) + .png)): null

2018-12-04 12:30:41 - [TEST_STEP][PASSED] - Statement - counter = counter + 1: null

2018-12-04 12:30:41 - [TEST_STEP][PASSED] - Statement - PreSaveFile = new java.io.File(((pathPrefix + java.lang.Integer.toString(counter)) + .png)): null

2018-12-04 12:30:41 - [TEST_STEP][PASSED] - Statement - counter = counter + 1: null

2018-12-04 12:30:41 - [TEST_STEP][PASSED] - Statement - PreSaveFile = new java.io.File(((pathPrefix + java.lang.Integer.toString(counter)) + .png)): null

2018-12-04 12:30:41 - [TEST_STEP][PASSED] - Statement - counter = counter + 1: null

2018-12-04 12:30:41 - [TEST_STEP][PASSED] - Statement - PreSaveFile = new java.io.File(((pathPrefix + java.lang.Integer.toString(counter)) + .png)): null

2018-12-04 12:30:43 - [TEST_STEP][PASSED] - Statement - counter = counter + 1: null

2018-12-04 12:30:43 - [TEST_STEP][PASSED] - Statement - PreSaveFile = new java.io.File(((pathPrefix + java.lang.Integer.toString(counter)) + .png)): null

2018-12-04 12:30:43 - [TEST_STEP][PASSED] - Statement - counter = counter + 1: null

2018-12-04 12:30:43 - [TEST_STEP][PASSED] - Statement - PreSaveFile = new java.io.File(((pathPrefix + java.lang.Integer.toString(counter)) + .png)): null

2018-12-04 12:30:43 - [TEST_STEP][PASSED] - Statement - counter = counter + 1: null

2018-12-04 12:30:43 - [TEST_STEP][PASSED] - Statement - PreSaveFile = new java.io.File(((pathPrefix + java.lang.Integer.toString(counter)) + .png)): null

2018-12-04 12:30:43 - [TEST_STEP][PASSED] - Statement - counter = counter + 1: null

2018-12-04 12:30:43 - [TEST_STEP][PASSED] - Statement - PreSaveFile = new java.io.File(((pathPrefix + java.lang.Integer.toString(counter)) + .png)): null

2018-12-04 12:30:43 - [TEST_STEP][PASSED] - Statement - counter = counter + 1: null

2018-12-04 12:30:44 - [TEST_STEP][PASSED] - Statement - PreSaveFile = new java.io.File(((pathPrefix + java.lang.Integer.toString(counter)) + .png)): null

2018-12-04 12:30:44 - [TEST_STEP][PASSED] - Statement - counter = counter + 1: null

2018-12-04 12:30:44 - [TEST_STEP][PASSED] - Statement - PreSaveFile = new java.io.File(((pathPrefix + java.lang.Integer.toString(counter)) + .png)): null

2018-12-04 12:30:44 - [TEST_STEP][PASSED] - Statement - counter = counter + 1: null

2018-12-04 12:30:44 - [TEST_STEP][PASSED] - Statement - PreSaveFile = new java.io.File(((pathPrefix + java.lang.Integer.toString(counter)) + .png)): null

2018-12-04 12:30:44 - [TEST_STEP][PASSED] - Statement - counter = counter + 1: null

2018-12-04 12:30:44 - [TEST_STEP][PASSED] - Statement - PreSaveFile = new java.io.File(((pathPrefix + java.lang.Integer.toString(counter)) + .png)): null

2018-12-04 12:30:44 - [TEST_STEP][PASSED] - Statement - counter = counter + 1: null

2018-12-04 12:30:44 - [TEST_STEP][PASSED] - Statement - PreSaveFile = new java.io.File(((pathPrefix + java.lang.Integer.toString(counter)) + .png)): null

2018-12-04 12:30:44 - [TEST_STEP][PASSED] - Statement - counter = counter + 1: null

2018-12-04 12:30:46 - [TEST_STEP][PASSED] - Statement - PreSaveFile = new java.io.File(((pathPrefix + java.lang.Integer.toString(counter)) + .png)): null

2018-12-04 12:30:46 - [TEST_STEP][PASSED] - Statement - counter = counter + 1: null

2018-12-04 12:30:46 - [TEST_STEP][PASSED] - Statement - PreSaveFile = new java.io.File(((pathPrefix + java.lang.Integer.toString(counter)) + .png)): null

2018-12-04 12:30:46 - [TEST_STEP][PASSED] - Statement - counter = counter + 1: null

2018-12-04 12:30:46 - [TEST_STEP][PASSED] - Statement - PreSaveFile = new java.io.File(((pathPrefix + java.lang.Integer.toString(counter)) + .png)): null

2018-12-04 12:30:46 - [TEST_STEP][PASSED] - Statement - counter = counter + 1: null

2018-12-04 12:30:46 - [TEST_STEP][PASSED] - Statement - PreSaveFile = new java.io.File(((pathPrefix + java.lang.Integer.toString(counter)) + .png)): null

2018-12-04 12:30:46 - [TEST_STEP][PASSED] - Statement - counter = counter + 1: null

2018-12-04 12:30:46 - [TEST_STEP][PASSED] - Statement - PreSaveFile = new java.io.File(((pathPrefix + java.lang.Integer.toString(counter)) + .png)): null

2018-12-04 12:30:46 - [TEST_STEP][PASSED] - Statement - counter = counter + 1: null

2018-12-04 12:30:47 - [TEST_STEP][PASSED] - Statement - PreSaveFile = new java.io.File(((pathPrefix + java.lang.Integer.toString(counter)) + .png)): null

2018-12-04 12:30:47 - [TEST_STEP][PASSED] - Statement - counter = counter + 1: null

2018-12-04 12:30:47 - [TEST_STEP][PASSED] - Statement - PreSaveFile = new java.io.File(((pathPrefix + java.lang.Integer.toString(counter)) + .png)): null

2018-12-04 12:30:47 - [TEST_STEP][PASSED] - Statement - counter = counter + 1: null

2018-12-04 12:30:47 - [TEST_STEP][PASSED] - Statement - PreSaveFile = new java.io.File(((pathPrefix + java.lang.Integer.toString(counter)) + .png)): null

2018-12-04 12:30:47 - [TEST_STEP][PASSED] - Statement - counter = counter + 1: null

2018-12-04 12:30:47 - [TEST_STEP][PASSED] - Statement - PreSaveFile = new java.io.File(((pathPrefix + java.lang.Integer.toString(counter)) + .png)): null

2018-12-04 12:30:47 - [TEST_STEP][PASSED] - Statement - counter = counter + 1: null

2018-12-04 12:30:47 - [TEST_STEP][PASSED] - Statement - PreSaveFile = new java.io.File(((pathPrefix + java.lang.Integer.toString(counter)) + .png)): null

2018-12-04 12:30:49 - [TEST_STEP][PASSED] - Statement - counter = counter + 1: null

2018-12-04 12:30:49 - [TEST_STEP][PASSED] - Statement - PreSaveFile = new java.io.File(((pathPrefix + java.lang.Integer.toString(counter)) + .png)): null

2018-12-04 12:30:49 - [TEST_STEP][PASSED] - Statement - counter = counter + 1: null

2018-12-04 12:30:49 - [TEST_STEP][PASSED] - Statement - PreSaveFile = new java.io.File(((pathPrefix + java.lang.Integer.toString(counter)) + .png)): null

2018-12-04 12:30:49 - [TEST_STEP][PASSED] - Statement - counter = counter + 1: null

2018-12-04 12:30:49 - [TEST_STEP][PASSED] - Statement - PreSaveFile = new java.io.File(((pathPrefix + java.lang.Integer.toString(counter)) + .png)): null

2018-12-04 12:30:49 - [TEST_STEP][PASSED] - Statement - counter = counter + 1: null

2018-12-04 12:30:49 - [TEST_STEP][PASSED] - Statement - PreSaveFile = new java.io.File(((pathPrefix + java.lang.Integer.toString(counter)) + .png)): null

2018-12-04 12:30:49 - [TEST_STEP][PASSED] - Statement - counter = counter + 1: null

2018-12-04 12:30:51 - [TEST_STEP][PASSED] - Statement - PreSaveFile = new java.io.File(((pathPrefix + java.lang.Integer.toString(counter)) + .png)): null

2018-12-04 12:30:51 - [TEST_STEP][PASSED] - Statement - counter = counter + 1: null

2018-12-04 12:30:51 - [TEST_STEP][PASSED] - Statement - PreSaveFile = new java.io.File(((pathPrefix + java.lang.Integer.toString(counter)) + .png)): null

2018-12-04 12:30:51 - [TEST_STEP][PASSED] - Statement - counter = counter + 1: null

2018-12-04 12:30:51 - [TEST_STEP][PASSED] - Statement - PreSaveFile = new java.io.File(((pathPrefix + java.lang.Integer.toString(counter)) + .png)): null

2018-12-04 12:30:51 - [TEST_STEP][PASSED] - Statement - counter = counter + 1: null

2018-12-04 12:30:51 - [TEST_STEP][PASSED] - Statement - PreSaveFile = new java.io.File(((pathPrefix + java.lang.Integer.toString(counter)) + .png)): null

2018-12-04 12:30:51 - [TEST_STEP][PASSED] - Statement - counter = counter + 1: null

2018-12-04 12:30:51 - [TEST_STEP][PASSED] - Statement - PreSaveFile = new java.io.File(((pathPrefix + java.lang.Integer.toString(counter)) + .png)): null

2018-12-04 12:30:51 - [TEST_STEP][PASSED] - Statement - counter = counter + 1: null

2018-12-04 12:30:53 - [TEST_STEP][PASSED] - Statement - PreSaveFile = new java.io.File(((pathPrefix + java.lang.Integer.toString(counter)) + .png)): null

2018-12-04 12:30:53 - [TEST_STEP][PASSED] - Statement - counter = counter + 1: null

2018-12-04 12:30:53 - [TEST_STEP][PASSED] - Statement - PreSaveFile = new java.io.File(((pathPrefix + java.lang.Integer.toString(counter)) + .png)): null

2018-12-04 12:30:53 - [TEST_STEP][PASSED] - Statement - counter = counter + 1: null

2018-12-04 12:30:53 - [TEST_STEP][PASSED] - Statement - PreSaveFile = new java.io.File(((pathPrefix + java.lang.Integer.toString(counter)) + .png)): null

2018-12-04 12:30:53 - [TEST_STEP][PASSED] - Statement - counter = counter + 1: null

2018-12-04 12:30:53 - [TEST_STEP][PASSED] - Statement - PreSaveFile = new java.io.File(((pathPrefix + java.lang.Integer.toString(counter)) + .png)): null

2018-12-04 12:30:53 - [TEST_STEP][PASSED] - Statement - counter = counter + 1: null

2018-12-04 12:30:53 - [TEST_STEP][PASSED] - Statement - PreSaveFile = new java.io.File(((pathPrefix + java.lang.Integer.toString(counter)) + .png)): null

2018-12-04 12:30:53 - [TEST_STEP][PASSED] - Statement - counter = counter + 1: null

2018-12-04 12:30:55 - [TEST_STEP][PASSED] - Statement - PreSaveFile = new java.io.File(((pathPrefix + java.lang.Integer.toString(counter)) + .png)): null

2018-12-04 12:30:55 - [TEST_STEP][PASSED] - Statement - counter = counter + 1: null

2018-12-04 12:30:55 - [TEST_STEP][PASSED] - Statement - PreSaveFile = new java.io.File(((pathPrefix + java.lang.Integer.toString(counter)) + .png)): null

2018-12-04 12:30:55 - [TEST_STEP][PASSED] - Statement - counter = counter + 1: null

2018-12-04 12:30:55 - [TEST_STEP][PASSED] - Statement - PreSaveFile = new java.io.File(((pathPrefix + java.lang.Integer.toString(counter)) + .png)): null

2018-12-04 12:30:55 - [TEST_STEP][PASSED] - Statement - counter = counter + 1: null

2018-12-04 12:30:55 - [TEST_STEP][PASSED] - Statement - PreSaveFile = new java.io.File(((pathPrefix + java.lang.Integer.toString(counter)) + .png)): null

2018-12-04 12:30:55 - [TEST_STEP][PASSED] - Statement - counter = counter + 1: null

2018-12-04 12:30:55 - [TEST_STEP][PASSED] - Statement - PreSaveFile = new java.io.File(((pathPrefix + java.lang.Integer.toString(counter)) + .png)): null

2018-12-04 12:30:55 - [TEST_STEP][PASSED] - Statement - counter = counter + 1: null

2018-12-04 12:30:57 - [TEST_STEP][PASSED] - Statement - PreSaveFile = new java.io.File(((pathPrefix + java.lang.Integer.toString(counter)) + .png)): null

2018-12-04 12:30:57 - [TEST_STEP][PASSED] - Statement - counter = counter + 1: null

2018-12-04 12:30:57 - [TEST_STEP][PASSED] - Statement - PreSaveFile = new java.io.File(((pathPrefix + java.lang.Integer.toString(counter)) + .png)): null

2018-12-04 12:30:57 - [TEST_STEP][PASSED] - Statement - counter = counter + 1: null

2018-12-04 12:30:57 - [TEST_STEP][PASSED] - Statement - PreSaveFile = new java.io.File(((pathPrefix + java.lang.Integer.toString(counter)) + .png)): null

2018-12-04 12:30:57 - [TEST_STEP][PASSED] - Statement - counter = counter + 1: null

2018-12-04 12:30:57 - [TEST_STEP][PASSED] - Statement - PreSaveFile = new java.io.File(((pathPrefix + java.lang.Integer.toString(counter)) + .png)): null

2018-12-04 12:30:57 - [TEST_STEP][PASSED] - Statement - counter = counter + 1: null

2018-12-04 12:30:57 - [TEST_STEP][PASSED] - Statement - PreSaveFile = new java.io.File(((pathPrefix + java.lang.Integer.toString(counter)) + .png)): null

2018-12-04 12:30:59 - [TEST_STEP][PASSED] - Statement - counter = counter + 1: null

2018-12-04 12:30:59 - [TEST_STEP][PASSED] - Statement - PreSaveFile = new java.io.File(((pathPrefix + java.lang.Integer.toString(counter)) + .png)): null

2018-12-04 12:30:59 - [TEST_STEP][PASSED] - Statement - counter = counter + 1: null

2018-12-04 12:30:59 - [TEST_STEP][PASSED] - Statement - PreSaveFile = new java.io.File(((pathPrefix + java.lang.Integer.toString(counter)) + .png)): null

2018-12-04 12:30:59 - [TEST_STEP][PASSED] - Statement - counter = counter + 1: null

2018-12-04 12:30:59 - [TEST_STEP][PASSED] - Statement - PreSaveFile = new java.io.File(((pathPrefix + java.lang.Integer.toString(counter)) + .png)): null

2018-12-04 12:30:59 - [TEST_STEP][PASSED] - Statement - counter = counter + 1: null

2018-12-04 12:30:59 - [TEST_STEP][PASSED] - Statement - PreSaveFile = new java.io.File(((pathPrefix + java.lang.Integer.toString(counter)) + .png)): null

2018-12-04 12:30:59 - [TEST_STEP][PASSED] - Statement - counter = counter + 1: null

2018-12-04 12:31:00 - [TEST_STEP][PASSED] - Statement - PreSaveFile = new java.io.File(((pathPrefix + java.lang.Integer.toString(counter)) + .png)): null

2018-12-04 12:31:00 - [TEST_STEP][PASSED] - Statement - counter = counter + 1: null

2018-12-04 12:31:00 - [TEST_STEP][PASSED] - Statement - PreSaveFile = new java.io.File(((pathPrefix + java.lang.Integer.toString(counter)) + .png)): null

2018-12-04 12:31:00 - [TEST_STEP][PASSED] - Statement - counter = counter + 1: null

2018-12-04 12:31:00 - [TEST_STEP][PASSED] - Statement - PreSaveFile = new java.io.File(((pathPrefix + java.lang.Integer.toString(counter)) + .png)): null

2018-12-04 12:31:00 - [TEST_STEP][PASSED] - Statement - counter = counter + 1: null

2018-12-04 12:31:00 - [TEST_STEP][PASSED] - Statement - PreSaveFile = new java.io.File(((pathPrefix + java.lang.Integer.toString(counter)) + .png)): null

2018-12-04 12:31:00 - [TEST_STEP][PASSED] - Statement - counter = counter + 1: null

2018-12-04 12:31:00 - [TEST_STEP][PASSED] - Statement - PreSaveFile = new java.io.File(((pathPrefix + java.lang.Integer.toString(counter)) + .png)): null

2018-12-04 12:31:00 - [TEST_STEP][PASSED] - Statement - counter = counter + 1: null

2018-12-04 12:31:02 - [TEST_STEP][PASSED] - Statement - PreSaveFile = new java.io.File(((pathPrefix + java.lang.Integer.toString(counter)) + .png)): null

2018-12-04 12:31:02 - [TEST_STEP][PASSED] - Statement - counter = counter + 1: null

2018-12-04 12:31:02 - [TEST_STEP][PASSED] - Statement - PreSaveFile = new java.io.File(((pathPrefix + java.lang.Integer.toString(counter)) + .png)): null

2018-12-04 12:31:02 - [TEST_STEP][PASSED] - Statement - counter = counter + 1: null

2018-12-04 12:31:02 - [TEST_STEP][PASSED] - Statement - PreSaveFile = new java.io.File(((pathPrefix + java.lang.Integer.toString(counter)) + .png)): null

2018-12-04 12:31:02 - [TEST_STEP][PASSED] - Statement - counter = counter + 1: null

2018-12-04 12:31:02 - [TEST_STEP][PASSED] - Statement - PreSaveFile = new java.io.File(((pathPrefix + java.lang.Integer.toString(counter)) + .png)): null

2018-12-04 12:31:02 - [TEST_STEP][PASSED] - Statement - counter = counter + 1: null

2018-12-04 12:31:02 - [TEST_STEP][PASSED] - Statement - PreSaveFile = new java.io.File(((pathPrefix + java.lang.Integer.toString(counter)) + .png)): null

2018-12-04 12:31:02 - [TEST_STEP][PASSED] - Statement - counter = counter + 1: null

2018-12-04 12:31:04 - [TEST_STEP][PASSED] - Statement - PreSaveFile = new java.io.File(((pathPrefix + java.lang.Integer.toString(counter)) + .png)): null

2018-12-04 12:31:04 - [TEST_STEP][PASSED] - Statement - counter = counter + 1: null

2018-12-04 12:31:04 - [TEST_STEP][PASSED] - Statement - PreSaveFile = new java.io.File(((pathPrefix + java.lang.Integer.toString(counter)) + .png)): null

2018-12-04 12:31:04 - [TEST_STEP][PASSED] - Statement - counter = counter + 1: null

2018-12-04 12:31:04 - [TEST_STEP][PASSED] - Statement - PreSaveFile = new java.io.File(((pathPrefix + java.lang.Integer.toString(counter)) + .png)): null

2018-12-04 12:31:04 - [TEST_STEP][PASSED] - Statement - counter = counter + 1: null

2018-12-04 12:31:04 - [TEST_STEP][PASSED] - Statement - PreSaveFile = new java.io.File(((pathPrefix + java.lang.Integer.toString(counter)) + .png)): null

2018-12-04 12:31:04 - [TEST_STEP][PASSED] - Statement - counter = counter + 1: null

2018-12-04 12:31:04 - [TEST_STEP][PASSED] - Statement - PreSaveFile = new java.io.File(((pathPrefix + java.lang.Integer.toString(counter)) + .png)): null

2018-12-04 12:31:05 - [TEST_STEP][PASSED] - Statement - counter = counter + 1: null

2018-12-04 12:31:05 - [TEST_STEP][PASSED] - Statement - PreSaveFile = new java.io.File(((pathPrefix + java.lang.Integer.toString(counter)) + .png)): null

2018-12-04 12:31:05 - [TEST_STEP][PASSED] - Statement - counter = counter + 1: null

2018-12-04 12:31:05 - [TEST_STEP][PASSED] - Statement - PreSaveFile = new java.io.File(((pathPrefix + java.lang.Integer.toString(counter)) + .png)): null

2018-12-04 12:31:05 - [TEST_STEP][PASSED] - Statement - counter = counter + 1: null

2018-12-04 12:31:05 - [TEST_STEP][PASSED] - Statement - PreSaveFile = new java.io.File(((pathPrefix + java.lang.Integer.toString(counter)) + .png)): null

2018-12-04 12:31:05 - [TEST_STEP][PASSED] - Statement - counter = counter + 1: null

2018-12-04 12:31:05 - [TEST_STEP][PASSED] - Statement - PreSaveFile = new java.io.File(((pathPrefix + java.lang.Integer.toString(counter)) + .png)): null

2018-12-04 12:31:05 - [TEST_STEP][PASSED] - Statement - counter = counter + 1: null

2018-12-04 12:31:05 - [TEST_STEP][PASSED] - Statement - PreSaveFile = new java.io.File(((pathPrefix + java.lang.Integer.toString(counter)) + .png)): null

2018-12-04 12:31:07 - [TEST_STEP][PASSED] - Statement - counter = counter + 1: null

2018-12-04 12:31:07 - [TEST_STEP][PASSED] - Statement - PreSaveFile = new java.io.File(((pathPrefix + java.lang.Integer.toString(counter)) + .png)): null

2018-12-04 12:31:07 - [TEST_STEP][PASSED] - Statement - counter = counter + 1: null

2018-12-04 12:31:07 - [TEST_STEP][PASSED] - Statement - PreSaveFile = new java.io.File(((pathPrefix + java.lang.Integer.toString(counter)) + .png)): null

2018-12-04 12:31:07 - [TEST_STEP][PASSED] - Statement - counter = counter + 1: null

2018-12-04 12:31:07 - [TEST_STEP][PASSED] - Statement - PreSaveFile = new java.io.File(((pathPrefix + java.lang.Integer.toString(counter)) + .png)): null

2018-12-04 12:31:07 - [TEST_STEP][PASSED] - Statement - counter = counter + 1: null

2018-12-04 12:31:07 - [TEST_STEP][PASSED] - Statement - PreSaveFile = new java.io.File(((pathPrefix + java.lang.Integer.toString(counter)) + .png)): null

2018-12-04 12:31:07 - [TEST_STEP][PASSED] - Statement - counter = counter + 1: null

2018-12-04 12:31:09 - [TEST_STEP][PASSED] - Statement - PreSaveFile = new java.io.File(((pathPrefix + java.lang.Integer.toString(counter)) + .png)): null

2018-12-04 12:31:09 - [TEST_STEP][PASSED] - Statement - counter = counter + 1: null

2018-12-04 12:31:09 - [TEST_STEP][PASSED] - Statement - PreSaveFile = new java.io.File(((pathPrefix + java.lang.Integer.toString(counter)) + .png)): null

2018-12-04 12:31:09 - [TEST_STEP][PASSED] - Statement - counter = counter + 1: null

2018-12-04 12:31:09 - [TEST_STEP][PASSED] - Statement - PreSaveFile = new java.io.File(((pathPrefix + java.lang.Integer.toString(counter)) + .png)): null

2018-12-04 12:31:09 - [TEST_STEP][PASSED] - Statement - counter = counter + 1: null

2018-12-04 12:31:09 - [TEST_STEP][PASSED] - Statement - PreSaveFile = new java.io.File(((pathPrefix + java.lang.Integer.toString(counter)) + .png)): null

2018-12-04 12:31:09 - [TEST_STEP][PASSED] - Statement - counter = counter + 1: null

2018-12-04 12:31:09 - [TEST_STEP][PASSED] - Statement - PreSaveFile = new java.io.File(((pathPrefix + java.lang.Integer.toString(counter)) + .png)): null

2018-12-04 12:31:09 - [TEST_STEP][PASSED] - Statement - counter = counter + 1: null

2018-12-04 12:31:11 - [TEST_STEP][PASSED] - Statement - PreSaveFile = new java.io.File(((pathPrefix + java.lang.Integer.toString(counter)) + .png)): null

2018-12-04 12:31:11 - [TEST_STEP][PASSED] - Statement - counter = counter + 1: null

2018-12-04 12:31:11 - [TEST_STEP][PASSED] - Statement - PreSaveFile = new java.io.File(((pathPrefix + java.lang.Integer.toString(counter)) + .png)): null

2018-12-04 12:31:11 - [TEST_STEP][PASSED] - Statement - counter = counter + 1: null

2018-12-04 12:31:11 - [TEST_STEP][PASSED] - Statement - PreSaveFile = new java.io.File(((pathPrefix + java.lang.Integer.toString(counter)) + .png)): null

2018-12-04 12:31:11 - [TEST_STEP][PASSED] - Statement - counter = counter + 1: null

2018-12-04 12:31:11 - [TEST_STEP][PASSED] - Statement - PreSaveFile = new java.io.File(((pathPrefix + java.lang.Integer.toString(counter)) + .png)): null

2018-12-04 12:31:11 - [TEST_STEP][PASSED] - Statement - counter = counter + 1: null

2018-12-04 12:31:11 - [TEST_STEP][PASSED] - Statement - PreSaveFile = new java.io.File(((pathPrefix + java.lang.Integer.toString(counter)) + .png)): null

2018-12-04 12:31:11 - [TEST_STEP][PASSED] - Statement - counter = counter + 1: null

2018-12-04 12:31:13 - [TEST_STEP][PASSED] - Statement - PreSaveFile = new java.io.File(((pathPrefix + java.lang.Integer.toString(counter)) + .png)): null

2018-12-04 12:31:13 - [TEST_STEP][PASSED] - Statement - counter = counter + 1: null

2018-12-04 12:31:13 - [TEST_STEP][PASSED] - Statement - PreSaveFile = new java.io.File(((pathPrefix + java.lang.Integer.toString(counter)) + .png)): null

2018-12-04 12:31:13 - [TEST_STEP][PASSED] - Statement - counter = counter + 1: null

2018-12-04 12:31:13 - [TEST_STEP][PASSED] - Statement - PreSaveFile = new java.io.File(((pathPrefix + java.lang.Integer.toString(counter)) + .png)): null

2018-12-04 12:31:13 - [TEST_STEP][PASSED] - Statement - counter = counter + 1: null

2018-12-04 12:31:13 - [TEST_STEP][PASSED] - Statement - PreSaveFile = new java.io.File(((pathPrefix + java.lang.Integer.toString(counter)) + .png)): null

2018-12-04 12:31:13 - [TEST_STEP][PASSED] - Statement - counter = counter + 1: null

2018-12-04 12:31:13 - [TEST_STEP][PASSED] - Statement - PreSaveFile = new java.io.File(((pathPrefix + java.lang.Integer.toString(counter)) + .png)): null

2018-12-04 12:31:14 - [TEST_STEP][PASSED] - Statement - counter = counter + 1: null

2018-12-04 12:31:14 - [TEST_STEP][PASSED] - Statement - PreSaveFile = new java.io.File(((pathPrefix + java.lang.Integer.toString(counter)) + .png)): null

2018-12-04 12:31:14 - [TEST_STEP][PASSED] - Statement - counter = counter + 1: null

2018-12-04 12:31:14 - [TEST_STEP][PASSED] - Statement - PreSaveFile = new java.io.File(((pathPrefix + java.lang.Integer.toString(counter)) + .png)): null

2018-12-04 12:31:14 - [TEST_STEP][PASSED] - Statement - counter = counter + 1: null

2018-12-04 12:31:14 - [TEST_STEP][PASSED] - Statement - PreSaveFile = new java.io.File(((pathPrefix + java.lang.Integer.toString(counter)) + .png)): null

2018-12-04 12:31:14 - [TEST_STEP][PASSED] - Statement - counter = counter + 1: null

2018-12-04 12:31:14 - [TEST_STEP][PASSED] - Statement - PreSaveFile = new java.io.File(((pathPrefix + java.lang.Integer.toString(counter)) + .png)): null

2018-12-04 12:31:14 - [TEST_STEP][PASSED] - Statement - counter = counter + 1: null

2018-12-04 12:31:16 - [TEST_STEP][PASSED] - Statement - PreSaveFile = new java.io.File(((pathPrefix + java.lang.Integer.toString(counter)) + .png)): null

2018-12-04 12:31:16 - [TEST_STEP][PASSED] - Statement - counter = counter + 1: null

2018-12-04 12:31:16 - [TEST_STEP][PASSED] - Statement - PreSaveFile = new java.io.File(((pathPrefix + java.lang.Integer.toString(counter)) + .png)): null

2018-12-04 12:31:16 - [TEST_STEP][PASSED] - Statement - counter = counter + 1: null

2018-12-04 12:31:16 - [TEST_STEP][PASSED] - Statement - PreSaveFile = new java.io.File(((pathPrefix + java.lang.Integer.toString(counter)) + .png)): null

2018-12-04 12:31:16 - [TEST_STEP][PASSED] - Statement - counter = counter + 1: null

2018-12-04 12:31:16 - [TEST_STEP][PASSED] - Statement - PreSaveFile = new java.io.File(((pathPrefix + java.lang.Integer.toString(counter)) + .png)): null

2018-12-04 12:31:16 - [TEST_STEP][PASSED] - Statement - counter = counter + 1: null

2018-12-04 12:31:16 - [TEST_STEP][PASSED] - Statement - PreSaveFile = new java.io.File(((pathPrefix + java.lang.Integer.toString(counter)) + .png)): null

2018-12-04 12:31:16 - [TEST_STEP][PASSED] - Statement - counter = counter + 1: null

2018-12-04 12:31:18 - [TEST_STEP][PASSED] - Statement - PreSaveFile = new java.io.File(((pathPrefix + java.lang.Integer.toString(counter)) + .png)): null

2018-12-04 12:31:18 - [TEST_STEP][PASSED] - Statement - counter = counter + 1: null

2018-12-04 12:31:18 - [TEST_STEP][PASSED] - Statement - PreSaveFile = new java.io.File(((pathPrefix + java.lang.Integer.toString(counter)) + .png)): null

2018-12-04 12:31:18 - [TEST_STEP][PASSED] - Statement - counter = counter + 1: null

2018-12-04 12:31:18 - [TEST_STEP][PASSED] - Statement - PreSaveFile = new java.io.File(((pathPrefix + java.lang.Integer.toString(counter)) + .png)): null

2018-12-04 12:31:18 - [TEST_STEP][PASSED] - Statement - counter = counter + 1: null

2018-12-04 12:31:18 - [TEST_STEP][PASSED] - Statement - PreSaveFile = new java.io.File(((pathPrefix + java.lang.Integer.toString(counter)) + .png)): null

2018-12-04 12:31:18 - [TEST_STEP][PASSED] - Statement - counter = counter + 1: null

2018-12-04 12:31:18 - [TEST_STEP][PASSED] - Statement - PreSaveFile = new java.io.File(((pathPrefix + java.lang.Integer.toString(counter)) + .png)): null

2018-12-04 12:31:18 - [TEST_STEP][PASSED] - Statement - counter = counter + 1: null

2018-12-04 12:31:19 - [TEST_STEP][PASSED] - Statement - PreSaveFile = new java.io.File(((pathPrefix + java.lang.Integer.toString(counter)) + .png)): null

2018-12-04 12:31:19 - [TEST_STEP][PASSED] - Statement - counter = counter + 1: null

2018-12-04 12:31:19 - [TEST_STEP][PASSED] - Statement - PreSaveFile = new java.io.File(((pathPrefix + java.lang.Integer.toString(counter)) + .png)): null

2018-12-04 12:31:19 - [TEST_STEP][PASSED] - Statement - counter = counter + 1: null

2018-12-04 12:31:19 - [TEST_STEP][PASSED] - Statement - PreSaveFile = new java.io.File(((pathPrefix + java.lang.Integer.toString(counter)) + .png)): null

2018-12-04 12:31:19 - [TEST_STEP][PASSED] - Statement - counter = counter + 1: null

2018-12-04 12:31:19 - [TEST_STEP][PASSED] - Statement - PreSaveFile = new java.io.File(((pathPrefix + java.lang.Integer.toString(counter)) + .png)): null

2018-12-04 12:31:19 - [TEST_STEP][PASSED] - Statement - counter = counter + 1: null

2018-12-04 12:31:19 - [TEST_STEP][PASSED] - Statement - PreSaveFile = new java.io.File(((pathPrefix + java.lang.Integer.toString(counter)) + .png)): null

2018-12-04 12:31:19 - [TEST_STEP][PASSED] - Statement - counter = counter + 1: null

2018-12-04 12:31:21 - [TEST_STEP][PASSED] - Statement - PreSaveFile = new java.io.File(((pathPrefix + java.lang.Integer.toString(counter)) + .png)): null

2018-12-04 12:31:21 - [TEST_STEP][PASSED] - Statement - counter = counter + 1: null

2018-12-04 12:31:21 - [TEST_STEP][PASSED] - Statement - PreSaveFile = new java.io.File(((pathPrefix + java.lang.Integer.toString(counter)) + .png)): null

2018-12-04 12:31:21 - [TEST_STEP][PASSED] - Statement - counter = counter + 1: null

2018-12-04 12:31:21 - [TEST_STEP][PASSED] - Statement - PreSaveFile = new java.io.File(((pathPrefix + java.lang.Integer.toString(counter)) + .png)): null

2018-12-04 12:31:21 - [TEST_STEP][PASSED] - Statement - counter = counter + 1: null

2018-12-04 12:31:21 - [TEST_STEP][PASSED] - Statement - PreSaveFile = new java.io.File(((pathPrefix + java.lang.Integer.toString(counter)) + .png)): null

2018-12-04 12:31:21 - [TEST_STEP][PASSED] - Statement - counter = counter + 1: null

2018-12-04 12:31:21 - [TEST_STEP][PASSED] - Statement - PreSaveFile = new java.io.File(((pathPrefix + java.lang.Integer.toString(counter)) + .png)): null

2018-12-04 12:31:23 - [TEST_STEP][PASSED] - Statement - counter = counter + 1: null

2018-12-04 12:31:23 - [TEST_STEP][PASSED] - Statement - PreSaveFile = new java.io.File(((pathPrefix + java.lang.Integer.toString(counter)) + .png)): null

2018-12-04 12:31:23 - [TEST_STEP][PASSED] - Statement - counter = counter + 1: null

2018-12-04 12:31:23 - [TEST_STEP][PASSED] - Statement - PreSaveFile = new java.io.File(((pathPrefix + java.lang.Integer.toString(counter)) + .png)): null

2018-12-04 12:31:23 - [TEST_STEP][PASSED] - Statement - counter = counter + 1: null

2018-12-04 12:31:23 - [TEST_STEP][PASSED] - Statement - PreSaveFile = new java.io.File(((pathPrefix + java.lang.Integer.toString(counter)) + .png)): null

2018-12-04 12:31:23 - [TEST_STEP][PASSED] - Statement - counter = counter + 1: null

2018-12-04 12:31:23 - [TEST_STEP][PASSED] - Statement - PreSaveFile = new java.io.File(((pathPrefix + java.lang.Integer.toString(counter)) + .png)): null

2018-12-04 12:31:23 - [TEST_STEP][PASSED] - Statement - counter = counter + 1: null

2018-12-04 12:31:25 - [TEST_STEP][PASSED] - Statement - PreSaveFile = new java.io.File(((pathPrefix + java.lang.Integer.toString(counter)) + .png)): null

2018-12-04 12:31:25 - [TEST_STEP][PASSED] - Statement - counter = counter + 1: null

2018-12-04 12:31:25 - [TEST_STEP][PASSED] - Statement - PreSaveFile = new java.io.File(((pathPrefix + java.lang.Integer.toString(counter)) + .png)): null

2018-12-04 12:31:25 - [TEST_STEP][PASSED] - Statement - counter = counter + 1: null

2018-12-04 12:31:25 - [TEST_STEP][PASSED] - Statement - PreSaveFile = new java.io.File(((pathPrefix + java.lang.Integer.toString(counter)) + .png)): null

2018-12-04 12:31:25 - [TEST_STEP][PASSED] - Statement - counter = counter + 1: null

2018-12-04 12:31:25 - [TEST_STEP][PASSED] - Statement - PreSaveFile = new java.io.File(((pathPrefix + java.lang.Integer.toString(counter)) + .png)): null

2018-12-04 12:31:25 - [TEST_STEP][PASSED] - Statement - counter = counter + 1: null

2018-12-04 12:31:25 - [TEST_STEP][PASSED] - Statement - PreSaveFile = new java.io.File(((pathPrefix + java.lang.Integer.toString(counter)) + .png)): null

2018-12-04 12:31:25 - [TEST_STEP][PASSED] - Statement - counter = counter + 1: null

2018-12-04 12:31:27 - [TEST_STEP][PASSED] - Statement - PreSaveFile = new java.io.File(((pathPrefix + java.lang.Integer.toString(counter)) + .png)): null

2018-12-04 12:31:27 - [TEST_STEP][PASSED] - Statement - counter = counter + 1: null

2018-12-04 12:31:27 - [TEST_STEP][PASSED] - Statement - PreSaveFile = new java.io.File(((pathPrefix + java.lang.Integer.toString(counter)) + .png)): null

2018-12-04 12:31:27 - [TEST_STEP][PASSED] - Statement - counter = counter + 1: null

2018-12-04 12:31:27 - [TEST_STEP][PASSED] - Statement - PreSaveFile = new java.io.File(((pathPrefix + java.lang.Integer.toString(counter)) + .png)): null

2018-12-04 12:31:27 - [TEST_STEP][PASSED] - Statement - counter = counter + 1: null

2018-12-04 12:31:27 - [TEST_STEP][PASSED] - Statement - PreSaveFile = new java.io.File(((pathPrefix + java.lang.Integer.toString(counter)) + .png)): null

2018-12-04 12:31:27 - [TEST_STEP][PASSED] - Statement - counter = counter + 1: null

2018-12-04 12:31:27 - [TEST_STEP][PASSED] - Statement - PreSaveFile = new java.io.File(((pathPrefix + java.lang.Integer.toString(counter)) + .png)): null

2018-12-04 12:31:27 - [TEST_STEP][PASSED] - Statement - counter = counter + 1: null

2018-12-04 12:31:29 - [TEST_STEP][PASSED] - Statement - PreSaveFile = new java.io.File(((pathPrefix + java.lang.Integer.toString(counter)) + .png)): null

2018-12-04 12:31:29 - [TEST_STEP][PASSED] - Statement - counter = counter + 1: null

2018-12-04 12:31:29 - [TEST_STEP][PASSED] - Statement - PreSaveFile = new java.io.File(((pathPrefix + java.lang.Integer.toString(counter)) + .png)): null

2018-12-04 12:31:29 - [TEST_STEP][PASSED] - Statement - counter = counter + 1: null

2018-12-04 12:31:29 - [TEST_STEP][PASSED] - Statement - PreSaveFile = new java.io.File(((pathPrefix + java.lang.Integer.toString(counter)) + .png)): null

2018-12-04 12:31:29 - [TEST_STEP][PASSED] - Statement - counter = counter + 1: null

2018-12-04 12:31:29 - [TEST_STEP][PASSED] - Statement - PreSaveFile = new java.io.File(((pathPrefix + java.lang.Integer.toString(counter)) + .png)): null

2018-12-04 12:31:29 - [TEST_STEP][PASSED] - Statement - counter = counter + 1: null

2018-12-04 12:31:29 - [TEST_STEP][PASSED] - Statement - PreSaveFile = new java.io.File(((pathPrefix + java.lang.Integer.toString(counter)) + .png)): null

2018-12-04 12:31:31 - [TEST_STEP][PASSED] - Statement - counter = counter + 1: null

2018-12-04 12:31:31 - [TEST_STEP][PASSED] - Statement - PreSaveFile = new java.io.File(((pathPrefix + java.lang.Integer.toString(counter)) + .png)): null

2018-12-04 12:31:31 - [TEST_STEP][PASSED] - Statement - counter = counter + 1: null

2018-12-04 12:31:31 - [TEST_STEP][PASSED] - Statement - PreSaveFile = new java.io.File(((pathPrefix + java.lang.Integer.toString(counter)) + .png)): null

2018-12-04 12:31:31 - [TEST_STEP][PASSED] - Statement - counter = counter + 1: null

2018-12-04 12:31:31 - [TEST_STEP][PASSED] - Statement - PreSaveFile = new java.io.File(((pathPrefix + java.lang.Integer.toString(counter)) + .png)): null

2018-12-04 12:31:31 - [TEST_STEP][PASSED] - Statement - counter = counter + 1: null

2018-12-04 12:31:31 - [TEST_STEP][PASSED] - Statement - PreSaveFile = new java.io.File(((pathPrefix + java.lang.Integer.toString(counter)) + .png)): null

2018-12-04 12:31:31 - [TEST_STEP][PASSED] - Statement - counter = counter + 1: null

2018-12-04 12:31:31 - [TEST_STEP][PASSED] - Statement - PreSaveFile = new java.io.File(((pathPrefix + java.lang.Integer.toString(counter)) + .png)): null

2018-12-04 12:31:33 - [TEST_STEP][PASSED] - Statement - counter = counter + 1: null

2018-12-04 12:31:33 - [TEST_STEP][PASSED] - Statement - PreSaveFile = new java.io.File(((pathPrefix + java.lang.Integer.toString(counter)) + .png)): null

2018-12-04 12:31:33 - [TEST_STEP][PASSED] - Statement - counter = counter + 1: null

2018-12-04 12:31:33 - [TEST_STEP][PASSED] - Statement - PreSaveFile = new java.io.File(((pathPrefix + java.lang.Integer.toString(counter)) + .png)): null

2018-12-04 12:31:33 - [TEST_STEP][PASSED] - Statement - counter = counter + 1: null

2018-12-04 12:31:33 - [TEST_STEP][PASSED] - Statement - PreSaveFile = new java.io.File(((pathPrefix + java.lang.Integer.toString(counter)) + .png)): null

2018-12-04 12:31:33 - [TEST_STEP][PASSED] - Statement - counter = counter + 1: null

2018-12-04 12:31:33 - [TEST_STEP][PASSED] - Statement - PreSaveFile = new java.io.File(((pathPrefix + java.lang.Integer.toString(counter)) + .png)): null

2018-12-04 12:31:33 - [TEST_STEP][PASSED] - Statement - counter = counter + 1: null

2018-12-04 12:31:36 - [TEST_STEP][PASSED] - Statement - PreSaveFile = new java.io.File(((pathPrefix + java.lang.Integer.toString(counter)) + .png)): null

2018-12-04 12:31:36 - [TEST_STEP][PASSED] - Statement - counter = counter + 1: null

2018-12-04 12:31:36 - [TEST_STEP][PASSED] - Statement - PreSaveFile = new java.io.File(((pathPrefix + java.lang.Integer.toString(counter)) + .png)): null

2018-12-04 12:31:36 - [TEST_STEP][PASSED] - Statement - counter = counter + 1: null

2018-12-04 12:31:36 - [TEST_STEP][PASSED] - Statement - PreSaveFile = new java.io.File(((pathPrefix + java.lang.Integer.toString(counter)) + .png)): null

2018-12-04 12:31:36 - [TEST_STEP][PASSED] - Statement - counter = counter + 1: null

2018-12-04 12:31:36 - [TEST_STEP][PASSED] - Statement - PreSaveFile = new java.io.File(((pathPrefix + java.lang.Integer.toString(counter)) + .png)): null

2018-12-04 12:31:36 - [TEST_STEP][PASSED] - Statement - counter = counter + 1: null

2018-12-04 12:31:36 - [TEST_STEP][PASSED] - Statement - PreSaveFile = new java.io.File(((pathPrefix + java.lang.Integer.toString(counter)) + .png)): null

2018-12-04 12:31:36 - [TEST_STEP][PASSED] - Statement - counter = counter + 1: null

2018-12-04 12:31:38 - [TEST_STEP][PASSED] - Statement - PreSaveFile = new java.io.File(((pathPrefix + java.lang.Integer.toString(counter)) + .png)): null

2018-12-04 12:31:38 - [TEST_STEP][PASSED] - Statement - counter = counter + 1: null

2018-12-04 12:31:38 - [TEST_STEP][PASSED] - Statement - PreSaveFile = new java.io.File(((pathPrefix + java.lang.Integer.toString(counter)) + .png)): null

2018-12-04 12:31:38 - [TEST_STEP][PASSED] - Statement - counter = counter + 1: null

2018-12-04 12:31:38 - [TEST_STEP][PASSED] - Statement - PreSaveFile = new java.io.File(((pathPrefix + java.lang.Integer.toString(counter)) + .png)): null

2018-12-04 12:31:38 - [TEST_STEP][PASSED] - Statement - counter = counter + 1: null

2018-12-04 12:31:38 - [TEST_STEP][PASSED] - Statement - PreSaveFile = new java.io.File(((pathPrefix + java.lang.Integer.toString(counter)) + .png)): null

2018-12-04 12:31:38 - [TEST_STEP][PASSED] - Statement - counter = counter + 1: null

2018-12-04 12:31:38 - [TEST_STEP][PASSED] - Statement - PreSaveFile = new java.io.File(((pathPrefix + java.lang.Integer.toString(counter)) + .png)): null

2018-12-04 12:31:38 - [TEST_STEP][PASSED] - Statement - counter = counter + 1: null

2018-12-04 12:31:40 - [TEST_STEP][PASSED] - Statement - PreSaveFile = new java.io.File(((pathPrefix + java.lang.Integer.toString(counter)) + .png)): null

2018-12-04 12:31:40 - [TEST_STEP][PASSED] - Statement - counter = counter + 1: null

2018-12-04 12:31:40 - [TEST_STEP][PASSED] - Statement - PreSaveFile = new java.io.File(((pathPrefix + java.lang.Integer.toString(counter)) + .png)): null

2018-12-04 12:31:40 - [TEST_STEP][PASSED] - Statement - counter = counter + 1: null

2018-12-04 12:31:40 - [TEST_STEP][PASSED] - Statement - PreSaveFile = new java.io.File(((pathPrefix + java.lang.Integer.toString(counter)) + .png)): null

2018-12-04 12:31:40 - [TEST_STEP][PASSED] - Statement - counter = counter + 1: null

2018-12-04 12:31:40 - [TEST_STEP][PASSED] - Statement - PreSaveFile = new java.io.File(((pathPrefix + java.lang.Integer.toString(counter)) + .png)): null

2018-12-04 12:31:40 - [TEST_STEP][PASSED] - Statement - counter = counter + 1: null

2018-12-04 12:31:40 - [TEST_STEP][PASSED] - Statement - PreSaveFile = new java.io.File(((pathPrefix + java.lang.Integer.toString(counter)) + .png)): null

2018-12-04 12:31:42 - [TEST_STEP][PASSED] - Statement - counter = counter + 1: null

2018-12-04 12:31:42 - [TEST_STEP][PASSED] - Statement - PreSaveFile = new java.io.File(((pathPrefix + java.lang.Integer.toString(counter)) + .png)): null

2018-12-04 12:31:42 - [TEST_STEP][PASSED] - Statement - counter = counter + 1: null

2018-12-04 12:31:42 - [TEST_STEP][PASSED] - Statement - PreSaveFile = new java.io.File(((pathPrefix + java.lang.Integer.toString(counter)) + .png)): null

2018-12-04 12:31:42 - [TEST_STEP][PASSED] - Statement - counter = counter + 1: null

2018-12-04 12:31:42 - [TEST_STEP][PASSED] - Statement - PreSaveFile = new java.io.File(((pathPrefix + java.lang.Integer.toString(counter)) + .png)): null

2018-12-04 12:31:42 - [TEST_STEP][PASSED] - Statement - counter = counter + 1: null

2018-12-04 12:31:42 - [TEST_STEP][PASSED] - Statement - PreSaveFile = new java.io.File(((pathPrefix + java.lang.Integer.toString(counter)) + .png)): null

2018-12-04 12:31:42 - [TEST_STEP][PASSED] - Statement - counter = counter + 1: null

2018-12-04 12:31:45 - [TEST_STEP][PASSED] - Statement - PreSaveFile = new java.io.File(((pathPrefix + java.lang.Integer.toString(counter)) + .png)): null

2018-12-04 12:31:45 - [TEST_STEP][PASSED] - Statement - counter = counter + 1: null

2018-12-04 12:31:45 - [TEST_STEP][PASSED] - Statement - PreSaveFile = new java.io.File(((pathPrefix + java.lang.Integer.toString(counter)) + .png)): null

2018-12-04 12:31:45 - [TEST_STEP][PASSED] - Statement - counter = counter + 1: null

2018-12-04 12:31:45 - [TEST_STEP][PASSED] - Statement - PreSaveFile = new java.io.File(((pathPrefix + java.lang.Integer.toString(counter)) + .png)): null

2018-12-04 12:31:45 - [TEST_STEP][PASSED] - Statement - counter = counter + 1: null

2018-12-04 12:31:45 - [TEST_STEP][PASSED] - Statement - PreSaveFile = new java.io.File(((pathPrefix + java.lang.Integer.toString(counter)) + .png)): null

2018-12-04 12:31:45 - [TEST_STEP][PASSED] - Statement - counter = counter + 1: null

2018-12-04 12:31:45 - [TEST_STEP][PASSED] - Statement - PreSaveFile = new java.io.File(((pathPrefix + java.lang.Integer.toString(counter)) + .png)): null

2018-12-04 12:31:45 - [TEST_STEP][PASSED] - Statement - counter = counter + 1: null

2018-12-04 12:31:47 - [TEST_STEP][PASSED] - Statement - PreSaveFile = new java.io.File(((pathPrefix + java.lang.Integer.toString(counter)) + .png)): null

2018-12-04 12:31:47 - [TEST_STEP][PASSED] - Statement - counter = counter + 1: null

2018-12-04 12:31:47 - [TEST_STEP][PASSED] - Statement - PreSaveFile = new java.io.File(((pathPrefix + java.lang.Integer.toString(counter)) + .png)): null

2018-12-04 12:31:47 - [TEST_STEP][PASSED] - Statement - counter = counter + 1: null

2018-12-04 12:31:47 - [TEST_STEP][PASSED] - Statement - PreSaveFile = new java.io.File(((pathPrefix + java.lang.Integer.toString(counter)) + .png)): null

2018-12-04 12:31:47 - [TEST_STEP][PASSED] - Statement - counter = counter + 1: null

2018-12-04 12:31:47 - [TEST_STEP][PASSED] - Statement - PreSaveFile = new java.io.File(((pathPrefix + java.lang.Integer.toString(counter)) + .png)): null

2018-12-04 12:31:47 - [TEST_STEP][PASSED] - Statement - counter = counter + 1: null

2018-12-04 12:31:47 - [TEST_STEP][PASSED] - Statement - PreSaveFile = new java.io.File(((pathPrefix + java.lang.Integer.toString(counter)) + .png)): null

2018-12-04 12:31:47 - [TEST_STEP][PASSED] - Statement - counter = counter + 1: null

2018-12-04 12:31:49 - [TEST_STEP][PASSED] - Statement - PreSaveFile = new java.io.File(((pathPrefix + java.lang.Integer.toString(counter)) + .png)): null

2018-12-04 12:31:49 - [TEST_STEP][PASSED] - Statement - counter = counter + 1: null

2018-12-04 12:31:49 - [TEST_STEP][PASSED] - Statement - PreSaveFile = new java.io.File(((pathPrefix + java.lang.Integer.toString(counter)) + .png)): null

2018-12-04 12:31:49 - [TEST_STEP][PASSED] - Statement - counter = counter + 1: null

2018-12-04 12:31:49 - [TEST_STEP][PASSED] - Statement - PreSaveFile = new java.io.File(((pathPrefix + java.lang.Integer.toString(counter)) + .png)): null

2018-12-04 12:31:49 - [TEST_STEP][PASSED] - Statement - counter = counter + 1: null

2018-12-04 12:31:49 - [TEST_STEP][PASSED] - Statement - PreSaveFile = new java.io.File(((pathPrefix + java.lang.Integer.toString(counter)) + .png)): null

2018-12-04 12:31:49 - [TEST_STEP][PASSED] - Statement - counter = counter + 1: null

2018-12-04 12:31:49 - [TEST_STEP][PASSED] - Statement - PreSaveFile = new java.io.File(((pathPrefix + java.lang.Integer.toString(counter)) + .png)): null

2018-12-04 12:31:49 - [TEST_STEP][PASSED] - Statement - counter = counter + 1: null

2018-12-04 12:31:51 - [TEST_STEP][PASSED] - Statement - PreSaveFile = new java.io.File(((pathPrefix + java.lang.Integer.toString(counter)) + .png)): null

2018-12-04 12:31:51 - [TEST_STEP][PASSED] - Statement - counter = counter + 1: null

2018-12-04 12:31:51 - [TEST_STEP][PASSED] - Statement - PreSaveFile = new java.io.File(((pathPrefix + java.lang.Integer.toString(counter)) + .png)): null

2018-12-04 12:31:51 - [TEST_STEP][PASSED] - Statement - counter = counter + 1: null

2018-12-04 12:31:51 - [TEST_STEP][PASSED] - Statement - PreSaveFile = new java.io.File(((pathPrefix + java.lang.Integer.toString(counter)) + .png)): null

2018-12-04 12:31:51 - [TEST_STEP][PASSED] - Statement - counter = counter + 1: null

2018-12-04 12:31:51 - [TEST_STEP][PASSED] - Statement - PreSaveFile = new java.io.File(((pathPrefix + java.lang.Integer.toString(counter)) + .png)): null

2018-12-04 12:31:51 - [TEST_STEP][PASSED] - Statement - counter = counter + 1: null

2018-12-04 12:31:51 - [TEST_STEP][PASSED] - Statement - PreSaveFile = new java.io.File(((pathPrefix + java.lang.Integer.toString(counter)) + .png)): null

2018-12-04 12:31:53 - [TEST_STEP][PASSED] - Statement - counter = counter + 1: null

2018-12-04 12:31:53 - [TEST_STEP][PASSED] - Statement - PreSaveFile = new java.io.File(((pathPrefix + java.lang.Integer.toString(counter)) + .png)): null

2018-12-04 12:31:53 - [TEST_STEP][PASSED] - Statement - counter = counter + 1: null

2018-12-04 12:31:53 - [TEST_STEP][PASSED] - Statement - PreSaveFile = new java.io.File(((pathPrefix + java.lang.Integer.toString(counter)) + .png)): null

2018-12-04 12:31:53 - [TEST_STEP][PASSED] - Statement - counter = counter + 1: null

2018-12-04 12:31:53 - [TEST_STEP][PASSED] - Statement - PreSaveFile = new java.io.File(((pathPrefix + java.lang.Integer.toString(counter)) + .png)): null

2018-12-04 12:31:53 - [TEST_STEP][PASSED] - Statement - counter = counter + 1: null

2018-12-04 12:31:53 - [TEST_STEP][PASSED] - Statement - PreSaveFile = new java.io.File(((pathPrefix + java.lang.Integer.toString(counter)) + .png)): null

2018-12-04 12:31:53 - [TEST_STEP][PASSED] - Statement - counter = counter + 1: null

2018-12-04 12:31:55 - [TEST_STEP][PASSED] - Statement - PreSaveFile = new java.io.File(((pathPrefix + java.lang.Integer.toString(counter)) + .png)): null

2018-12-04 12:31:55 - [TEST_STEP][PASSED] - Statement - counter = counter + 1: null

2018-12-04 12:31:55 - [TEST_STEP][PASSED] - Statement - PreSaveFile = new java.io.File(((pathPrefix + java.lang.Integer.toString(counter)) + .png)): null

2018-12-04 12:31:55 - [TEST_STEP][PASSED] - Statement - counter = counter + 1: null

2018-12-04 12:31:55 - [TEST_STEP][PASSED] - Statement - PreSaveFile = new java.io.File(((pathPrefix + java.lang.Integer.toString(counter)) + .png)): null

2018-12-04 12:31:55 - [TEST_STEP][PASSED] - Statement - counter = counter + 1: null

2018-12-04 12:31:55 - [TEST_STEP][PASSED] - Statement - PreSaveFile = new java.io.File(((pathPrefix + java.lang.Integer.toString(counter)) + .png)): null

2018-12-04 12:31:55 - [TEST_STEP][PASSED] - Statement - counter = counter + 1: null

2018-12-04 12:31:55 - [TEST_STEP][PASSED] - Statement - PreSaveFile = new java.io.File(((pathPrefix + java.lang.Integer.toString(counter)) + .png)): null

2018-12-04 12:31:55 - [TEST_STEP][PASSED] - Statement - counter = counter + 1: null

2018-12-04 12:31:58 - [TEST_STEP][PASSED] - Statement - PreSaveFile = new java.io.File(((pathPrefix + java.lang.Integer.toString(counter)) + .png)): null

2018-12-04 12:31:58 - [TEST_STEP][PASSED] - Statement - counter = counter + 1: null

2018-12-04 12:31:58 - [TEST_STEP][PASSED] - Statement - PreSaveFile = new java.io.File(((pathPrefix + java.lang.Integer.toString(counter)) + .png)): null

2018-12-04 12:31:58 - [TEST_STEP][PASSED] - Statement - counter = counter + 1: null

2018-12-04 12:31:58 - [TEST_STEP][PASSED] - Statement - PreSaveFile = new java.io.File(((pathPrefix + java.lang.Integer.toString(counter)) + .png)): null

2018-12-04 12:31:58 - [TEST_STEP][PASSED] - Statement - counter = counter + 1: null

2018-12-04 12:31:58 - [TEST_STEP][PASSED] - Statement - PreSaveFile = new java.io.File(((pathPrefix + java.lang.Integer.toString(counter)) + .png)): null

2018-12-04 12:31:58 - [TEST_STEP][PASSED] - Statement - counter = counter + 1: null

2018-12-04 12:31:58 - [TEST_STEP][PASSED] - Statement - PreSaveFile = new java.io.File(((pathPrefix + java.lang.Integer.toString(counter)) + .png)): null

2018-12-04 12:31:58 - [TEST_STEP][PASSED] - Statement - counter = counter + 1: null

2018-12-04 12:32:00 - [TEST_STEP][PASSED] - Statement - PreSaveFile = new java.io.File(((pathPrefix + java.lang.Integer.toString(counter)) + .png)): null

2018-12-04 12:32:00 - [TEST_STEP][PASSED] - Statement - counter = counter + 1: null

2018-12-04 12:32:00 - [TEST_STEP][PASSED] - Statement - PreSaveFile = new java.io.File(((pathPrefix + java.lang.Integer.toString(counter)) + .png)): null

2018-12-04 12:32:00 - [TEST_STEP][PASSED] - Statement - counter = counter + 1: null

2018-12-04 12:32:00 - [TEST_STEP][PASSED] - Statement - PreSaveFile = new java.io.File(((pathPrefix + java.lang.Integer.toString(counter)) + .png)): null

2018-12-04 12:32:00 - [TEST_STEP][PASSED] - Statement - counter = counter + 1: null

2018-12-04 12:32:00 - [TEST_STEP][PASSED] - Statement - PreSaveFile = new java.io.File(((pathPrefix + java.lang.Integer.toString(counter)) + .png)): null

2018-12-04 12:32:00 - [TEST_STEP][PASSED] - Statement - counter = counter + 1: null

2018-12-04 12:32:00 - [TEST_STEP][PASSED] - Statement - PreSaveFile = new java.io.File(((pathPrefix + java.lang.Integer.toString(counter)) + .png)): null

2018-12-04 12:32:02 - [TEST_STEP][PASSED] - Statement - counter = counter + 1: null

2018-12-04 12:32:02 - [TEST_STEP][PASSED] - Statement - PreSaveFile = new java.io.File(((pathPrefix + java.lang.Integer.toString(counter)) + .png)): null

2018-12-04 12:32:02 - [TEST_STEP][PASSED] - Statement - counter = counter + 1: null

2018-12-04 12:32:02 - [TEST_STEP][PASSED] - Statement - PreSaveFile = new java.io.File(((pathPrefix + java.lang.Integer.toString(counter)) + .png)): null

2018-12-04 12:32:02 - [TEST_STEP][PASSED] - Statement - counter = counter + 1: null

2018-12-04 12:32:02 - [TEST_STEP][PASSED] - Statement - PreSaveFile = new java.io.File(((pathPrefix + java.lang.Integer.toString(counter)) + .png)): null

2018-12-04 12:32:02 - [TEST_STEP][PASSED] - Statement - counter = counter + 1: null

2018-12-04 12:32:02 - [TEST_STEP][PASSED] - Statement - PreSaveFile = new java.io.File(((pathPrefix + java.lang.Integer.toString(counter)) + .png)): null

2018-12-04 12:32:02 - [TEST_STEP][PASSED] - Statement - counter = counter + 1: null

2018-12-04 12:32:02 - [TEST_STEP][PASSED] - Statement - PreSaveFile = new java.io.File(((pathPrefix + java.lang.Integer.toString(counter)) + .png)): null

2018-12-04 12:32:04 - [TEST_STEP][PASSED] - Statement - counter = counter + 1: null

2018-12-04 12:32:04 - [TEST_STEP][PASSED] - Statement - PreSaveFile = new java.io.File(((pathPrefix + java.lang.Integer.toString(counter)) + .png)): null

2018-12-04 12:32:04 - [TEST_STEP][PASSED] - Statement - counter = counter + 1: null

2018-12-04 12:32:04 - [TEST_STEP][PASSED] - Statement - PreSaveFile = new java.io.File(((pathPrefix + java.lang.Integer.toString(counter)) + .png)): null

2018-12-04 12:32:04 - [TEST_STEP][PASSED] - Statement - counter = counter + 1: null

2018-12-04 12:32:04 - [TEST_STEP][PASSED] - Statement - PreSaveFile = new java.io.File(((pathPrefix + java.lang.Integer.toString(counter)) + .png)): null

2018-12-04 12:32:04 - [TEST_STEP][PASSED] - Statement - counter = counter + 1: null

2018-12-04 12:32:04 - [TEST_STEP][PASSED] - Statement - PreSaveFile = new java.io.File(((pathPrefix + java.lang.Integer.toString(counter)) + .png)): null

2018-12-04 12:32:04 - [TEST_STEP][PASSED] - Statement - counter = counter + 1: null

2018-12-04 12:32:07 - [TEST_STEP][PASSED] - Statement - PreSaveFile = new java.io.File(((pathPrefix + java.lang.Integer.toString(counter)) + .png)): null

2018-12-04 12:32:07 - [TEST_STEP][PASSED] - Statement - counter = counter + 1: null

2018-12-04 12:32:07 - [TEST_STEP][PASSED] - Statement - PreSaveFile = new java.io.File(((pathPrefix + java.lang.Integer.toString(counter)) + .png)): null

2018-12-04 12:32:07 - [TEST_STEP][PASSED] - Statement - counter = counter + 1: null

2018-12-04 12:32:07 - [TEST_STEP][PASSED] - Statement - PreSaveFile = new java.io.File(((pathPrefix + java.lang.Integer.toString(counter)) + .png)): null

2018-12-04 12:32:07 - [TEST_STEP][PASSED] - Statement - counter = counter + 1: null

2018-12-04 12:32:07 - [TEST_STEP][PASSED] - Statement - PreSaveFile = new java.io.File(((pathPrefix + java.lang.Integer.toString(counter)) + .png)): null

2018-12-04 12:32:07 - [TEST_STEP][PASSED] - Statement - counter = counter + 1: null

2018-12-04 12:32:07 - [TEST_STEP][PASSED] - Statement - PreSaveFile = new java.io.File(((pathPrefix + java.lang.Integer.toString(counter)) + .png)): null

2018-12-04 12:32:07 - [TEST_STEP][PASSED] - Statement - counter = counter + 1: null

2018-12-04 12:32:09 - [TEST_STEP][PASSED] - Statement - PreSaveFile = new java.io.File(((pathPrefix + java.lang.Integer.toString(counter)) + .png)): null

2018-12-04 12:32:09 - [TEST_STEP][PASSED] - Statement - counter = counter + 1: null

2018-12-04 12:32:09 - [TEST_STEP][PASSED] - Statement - PreSaveFile = new java.io.File(((pathPrefix + java.lang.Integer.toString(counter)) + .png)): null

2018-12-04 12:32:09 - [TEST_STEP][PASSED] - Statement - counter = counter + 1: null

2018-12-04 12:32:09 - [TEST_STEP][PASSED] - Statement - PreSaveFile = new java.io.File(((pathPrefix + java.lang.Integer.toString(counter)) + .png)): null

2018-12-04 12:32:09 - [TEST_STEP][PASSED] - Statement - counter = counter + 1: null

2018-12-04 12:32:09 - [TEST_STEP][PASSED] - Statement - PreSaveFile = new java.io.File(((pathPrefix + java.lang.Integer.toString(counter)) + .png)): null

2018-12-04 12:32:09 - [TEST_STEP][PASSED] - Statement - counter = counter + 1: null

2018-12-04 12:32:09 - [TEST_STEP][PASSED] - Statement - PreSaveFile = new java.io.File(((pathPrefix + java.lang.Integer.toString(counter)) + .png)): null

2018-12-04 12:32:09 - [TEST_STEP][PASSED] - Statement - counter = counter + 1: null

2018-12-04 12:32:12 - [TEST_STEP][PASSED] - Statement - PreSaveFile = new java.io.File(((pathPrefix + java.lang.Integer.toString(counter)) + .png)): null

2018-12-04 12:32:12 - [TEST_STEP][PASSED] - Statement - counter = counter + 1: null

2018-12-04 12:32:12 - [TEST_STEP][PASSED] - Statement - PreSaveFile = new java.io.File(((pathPrefix + java.lang.Integer.toString(counter)) + .png)): null

2018-12-04 12:32:12 - [TEST_STEP][PASSED] - Statement - counter = counter + 1: null

2018-12-04 12:32:12 - [TEST_STEP][PASSED] - Statement - PreSaveFile = new java.io.File(((pathPrefix + java.lang.Integer.toString(counter)) + .png)): null

2018-12-04 12:32:12 - [TEST_STEP][PASSED] - Statement - counter = counter + 1: null

2018-12-04 12:32:12 - [TEST_STEP][PASSED] - Statement - PreSaveFile = new java.io.File(((pathPrefix + java.lang.Integer.toString(counter)) + .png)): null

2018-12-04 12:32:12 - [TEST_STEP][PASSED] - Statement - counter = counter + 1: null

2018-12-04 12:32:12 - [TEST_STEP][PASSED] - Statement - PreSaveFile = new java.io.File(((pathPrefix + java.lang.Integer.toString(counter)) + .png)): null

2018-12-04 12:32:14 - [TEST_STEP][PASSED] - Statement - counter = counter + 1: null

2018-12-04 12:32:14 - [TEST_STEP][PASSED] - Statement - PreSaveFile = new java.io.File(((pathPrefix + java.lang.Integer.toString(counter)) + .png)): null

2018-12-04 12:32:14 - [TEST_STEP][PASSED] - Statement - counter = counter + 1: null

2018-12-04 12:32:14 - [TEST_STEP][PASSED] - Statement - PreSaveFile = new java.io.File(((pathPrefix + java.lang.Integer.toString(counter)) + .png)): null

2018-12-04 12:32:14 - [TEST_STEP][PASSED] - Statement - counter = counter + 1: null

2018-12-04 12:32:14 - [TEST_STEP][PASSED] - Statement - PreSaveFile = new java.io.File(((pathPrefix + java.lang.Integer.toString(counter)) + .png)): null

2018-12-04 12:32:14 - [TEST_STEP][PASSED] - Statement - counter = counter + 1: null

2018-12-04 12:32:14 - [TEST_STEP][PASSED] - Statement - PreSaveFile = new java.io.File(((pathPrefix + java.lang.Integer.toString(counter)) + .png)): null

2018-12-04 12:32:14 - [TEST_STEP][PASSED] - Statement - counter = counter + 1: null

2018-12-04 12:32:16 - [TEST_STEP][PASSED] - Statement - PreSaveFile = new java.io.File(((pathPrefix + java.lang.Integer.toString(counter)) + .png)): null

2018-12-04 12:32:16 - [TEST_STEP][PASSED] - Statement - counter = counter + 1: null

2018-12-04 12:32:16 - [TEST_STEP][PASSED] - Statement - PreSaveFile = new java.io.File(((pathPrefix + java.lang.Integer.toString(counter)) + .png)): null

2018-12-04 12:32:16 - [TEST_STEP][PASSED] - Statement - counter = counter + 1: null

2018-12-04 12:32:16 - [TEST_STEP][PASSED] - Statement - PreSaveFile = new java.io.File(((pathPrefix + java.lang.Integer.toString(counter)) + .png)): null

2018-12-04 12:32:16 - [TEST_STEP][PASSED] - Statement - counter = counter + 1: null

2018-12-04 12:32:16 - [TEST_STEP][PASSED] - Statement - PreSaveFile = new java.io.File(((pathPrefix + java.lang.Integer.toString(counter)) + .png)): null

2018-12-04 12:32:16 - [TEST_STEP][PASSED] - Statement - counter = counter + 1: null

2018-12-04 12:32:16 - [TEST_STEP][PASSED] - Statement - PreSaveFile = new java.io.File(((pathPrefix + java.lang.Integer.toString(counter)) + .png)): null

2018-12-04 12:32:16 - [TEST_STEP][PASSED] - Statement - counter = counter + 1: null

2018-12-04 12:32:19 - [TEST_STEP][PASSED] - Statement - PreSaveFile = new java.io.File(((pathPrefix + java.lang.Integer.toString(counter)) + .png)): null

2018-12-04 12:32:19 - [TEST_STEP][PASSED] - Statement - counter = counter + 1: null

2018-12-04 12:32:19 - [TEST_STEP][PASSED] - Statement - PreSaveFile = new java.io.File(((pathPrefix + java.lang.Integer.toString(counter)) + .png)): null

2018-12-04 12:32:19 - [TEST_STEP][PASSED] - Statement - counter = counter + 1: null

2018-12-04 12:32:19 - [TEST_STEP][PASSED] - Statement - PreSaveFile = new java.io.File(((pathPrefix + java.lang.Integer.toString(counter)) + .png)): null

2018-12-04 12:32:19 - [TEST_STEP][PASSED] - Statement - counter = counter + 1: null

2018-12-04 12:32:19 - [TEST_STEP][PASSED] - Statement - PreSaveFile = new java.io.File(((pathPrefix + java.lang.Integer.toString(counter)) + .png)): null

2018-12-04 12:32:19 - [TEST_STEP][PASSED] - Statement - counter = counter + 1: null

2018-12-04 12:32:19 - [TEST_STEP][PASSED] - Statement - PreSaveFile = new java.io.File(((pathPrefix + java.lang.Integer.toString(counter)) + .png)): null

2018-12-04 12:32:19 - [TEST_STEP][PASSED] - Statement - counter = counter + 1: null

2018-12-04 12:32:21 - [TEST_STEP][PASSED] - Statement - PreSaveFile = new java.io.File(((pathPrefix + java.lang.Integer.toString(counter)) + .png)): null

2018-12-04 12:32:21 - [TEST_STEP][PASSED] - Statement - counter = counter + 1: null

2018-12-04 12:32:21 - [TEST_STEP][PASSED] - Statement - PreSaveFile = new java.io.File(((pathPrefix + java.lang.Integer.toString(counter)) + .png)): null

2018-12-04 12:32:21 - [TEST_STEP][PASSED] - Statement - counter = counter + 1: null

2018-12-04 12:32:21 - [TEST_STEP][PASSED] - Statement - PreSaveFile = new java.io.File(((pathPrefix + java.lang.Integer.toString(counter)) + .png)): null

2018-12-04 12:32:21 - [TEST_STEP][PASSED] - Statement - counter = counter + 1: null

2018-12-04 12:32:21 - [TEST_STEP][PASSED] - Statement - PreSaveFile = new java.io.File(((pathPrefix + java.lang.Integer.toString(counter)) + .png)): null

2018-12-04 12:32:21 - [TEST_STEP][PASSED] - Statement - counter = counter + 1: null

2018-12-04 12:32:21 - [TEST_STEP][PASSED] - Statement - PreSaveFile = new java.io.File(((pathPrefix + java.lang.Integer.toString(counter)) + .png)): null

2018-12-04 12:32:21 - [TEST_STEP][PASSED] - Statement - counter = counter + 1: null

2018-12-04 12:32:24 - [TEST_STEP][PASSED] - Statement - PreSaveFile = new java.io.File(((pathPrefix + java.lang.Integer.toString(counter)) + .png)): null

2018-12-04 12:32:24 - [TEST_STEP][PASSED] - Statement - counter = counter + 1: null

2018-12-04 12:32:24 - [TEST_STEP][PASSED] - Statement - PreSaveFile = new java.io.File(((pathPrefix + java.lang.Integer.toString(counter)) + .png)): null

2018-12-04 12:32:24 - [TEST_STEP][PASSED] - Statement - counter = counter + 1: null

2018-12-04 12:32:24 - [TEST_STEP][PASSED] - Statement - PreSaveFile = new java.io.File(((pathPrefix + java.lang.Integer.toString(counter)) + .png)): null

2018-12-04 12:32:24 - [TEST_STEP][PASSED] - Statement - counter = counter + 1: null

2018-12-04 12:32:24 - [TEST_STEP][PASSED] - Statement - PreSaveFile = new java.io.File(((pathPrefix + java.lang.Integer.toString(counter)) + .png)): null

2018-12-04 12:32:24 - [TEST_STEP][PASSED] - Statement - counter = counter + 1: null

2018-12-04 12:32:24 - [TEST_STEP][PASSED] - Statement - PreSaveFile = new java.io.File(((pathPrefix + java.lang.Integer.toString(counter)) + .png)): null

2018-12-04 12:32:27 - [TEST_STEP][PASSED] - Statement - finalPath = pathPrefix + java.lang.Integer.toString(counter) + ".png": null

2018-12-04 12:32:27 - [TEST_STEP][PASSED] - Statement - SaveFile = new java.io.File(finalPath): null

2018-12-04 12:32:27 - [TEST_STEP][PASSED] - Statement - Try: null

2018-12-04 12:32:27 - [TEST_STEP][PASSED] - Statement - org.apache.commons.io.FileUtils.copyFile(scrFile, SaveFile): null

2018-12-04 12:32:27 - [TEST_STEP][PASSED] - Statement - out.println("file kept"): null

2018-12-04 12:32:27 - [TEST_STEP][PASSED] - delay: Delayed 10 second(s)

2018-12-04 12:32:37 - [MESSAGE][PASSED] - Delayed 10 second(s)

2018-12-04 12:32:37 - [MESSAGE][PASSED] - Call Test Case 'Test Cases/Final Aug 2018 - PKS Automation/Registration Module/New Registration/Submit and Screenshot/Submit Registration and Screenshot' successfully

2018-12-04 12:32:37 - [TEST_STEP][PASSED] - callTestCase: Call Test Case 'Test Cases/Final Aug 2018 - PKS Automation/Registration Module/Log Out/log out avoiding katalon tagging' successfully

2018-12-04 12:32:37 - [TEST_CASE][PASSED] - Test Cases/Final Aug 2018 - PKS Automation/Registration Module/Log Out/log out avoiding katalon tagging: Test Cases/Final Aug 2018 - PKS Automation/Registration Module/Log Out/log out avoiding katalon tagging

2018-12-04 12:32:37 - [TEST_STEP][PASSED] - navigateToUrl: Navigate to 'https://assist2-uat.perkeso.gov.my/c/portal/logout' successfully

2018-12-04 12:32:38 - [MESSAGE][PASSED] - Navigate to 'https://assist2-uat.perkeso.gov.my/c/portal/logout' successfully

2018-12-04 12:32:38 - [MESSAGE][PASSED] - Call Test Case 'Test Cases/Final Aug 2018 - PKS Automation/Registration Module/Log Out/log out avoiding katalon tagging' successfully

2018-12-04 12:32:38 - [TEST_STEP][PASSED] - callTestCase: Call Test Case 'Test Cases/Final Aug 2018 - PKS Automation/Common/Workflow Owner Finder' successfully

2018-12-04 12:32:38 - [TEST_CASE][PASSED] - Test Cases/Final Aug 2018 - PKS Automation/Common/Workflow Owner Finder: Test Cases/Final Aug 2018 - PKS Automation/Common/Workflow Owner Finder

2018-12-04 12:32:38 - [TEST_STEP][PASSED] - openBrowser: Browser is opened with url: ''

2018-12-04 12:32:38 - [MESSAGE][WARNING] - A browser is already opened. Closing browser and opening a new one

2018-12-04 12:32:41 - [MESSAGE][PASSED] - Browser is opened with url: ''

2018-12-04 12:32:41 - [TEST_STEP][PASSED] - navigateToUrl: Navigate to 'https://assist2-uat.perkeso.gov.my/login' successfully

2018-12-04 12:32:42 - [MESSAGE][PASSED] - Navigate to 'https://assist2-uat.perkeso.gov.my/login' successfully

2018-12-04 12:32:42 - [TEST_STEP][PASSED] - delay: Delayed 5 second(s)

2018-12-04 12:32:47 - [MESSAGE][PASSED] - Delayed 5 second(s)

2018-12-04 12:32:47 - [TEST_STEP][PASSED] - setText: Text 'test@liferay.com' is set on object 'Object Repository/Final Object Repo/Login Page/Internal User/Email Address'

2018-12-04 12:32:47 - [MESSAGE][PASSED] - Text 'test@liferay.com' is set on object 'Object Repository/Final Object Repo/Login Page/Internal User/Email Address'

2018-12-04 12:32:47 - [TEST_STEP][PASSED] - click: Object: 'Object Repository/Final Object Repo/Login Page/Internal User/Next Button' is clicked on

2018-12-04 12:32:48 - [MESSAGE][PASSED] - Object: 'Object Repository/Final Object Repo/Login Page/Internal User/Next Button' is clicked on

2018-12-04 12:32:48 - [TEST_STEP][PASSED] - delay: Delayed 2 second(s)

2018-12-04 12:32:50 - [MESSAGE][PASSED] - Delayed 2 second(s)

2018-12-04 12:32:50 - [TEST_STEP][PASSED] - setText: Text 'test' is set on object 'Object Repository/Final Object Repo/Login Page/Internal User/Password'

2018-12-04 12:32:50 - [MESSAGE][PASSED] - Text 'test' is set on object 'Object Repository/Final Object Repo/Login Page/Internal User/Password'

2018-12-04 12:32:50 - [TEST_STEP][PASSED] - delay: Delayed 2 second(s)

2018-12-04 12:32:52 - [MESSAGE][PASSED] - Delayed 2 second(s)

2018-12-04 12:32:52 - [TEST_STEP][PASSED] - click: Object: 'Object Repository/Final Object Repo/Login Page/Internal User/Login Button' is clicked on

2018-12-04 12:32:52 - [MESSAGE][PASSED] - Object: 'Object Repository/Final Object Repo/Login Page/Internal User/Login Button' is clicked on

2018-12-04 12:32:52 - [TEST_STEP][PASSED] - Statement - tester = com.kms.katalon.core.testobject.ObjectRepository.findTestObject(Final Object Repo/Landing Page/Select to English): Finding Test Object with id 'Object Repository/Final Object Repo/Landing Page/Select to English'

2018-12-04 12:32:52 - [TEST_STEP][PASSED] - Statement - Try: Delayed 2 second(s)

2018-12-04 12:32:52 - [TEST_STEP][PASSED] - Statement - Checker = com.kms.katalon.core.webui.keyword.WebUiBuiltInKeywords.verifyElementNotPresent(tester, 3): Web element with id: 'Object Repository/Final Object Repo/Landing Page/Select to English' located by 'By.xpath: //a[@class = 'taglib-language-list-text' and @lang = 'en-US' and (contains(text(), 'EN') or contains(., 'EN'))]' is not present after '3' second(s)

2018-12-04 12:32:54 - [MESSAGE][PASSED] - Web element with id: 'Object Repository/Final Object Repo/Landing Page/Select to English' located by 'By.xpath: //a[@class = 'taglib-language-list-text' and @lang = 'en-US' and (contains(text(), 'EN') or contains(., 'EN'))]' is not present after '3' second(s)

2018-12-04 12:32:54 - [TEST_STEP][PASSED] - Statement - If (Checker == false): null

2018-12-04 12:32:54 - [TEST_STEP][PASSED] - delay: Delayed 2 second(s)

2018-12-04 12:32:56 - [MESSAGE][PASSED] - Delayed 2 second(s)

2018-12-04 12:32:56 - [TEST_STEP][PASSED] - delay: Delayed 5 second(s)

2018-12-04 12:33:01 - [MESSAGE][PASSED] - Delayed 5 second(s)

2018-12-04 12:33:01 - [TEST_STEP][PASSED] - mouseOver: Object: 'Object Repository/Final Object Repo/Landing Page/WorkFlow Menu' is hovered

2018-12-04 12:33:01 - [MESSAGE][PASSED] - Object: 'Object Repository/Final Object Repo/Landing Page/WorkFlow Menu' is hovered

2018-12-04 12:33:01 - [TEST_STEP][PASSED] - delay: Delayed 2 second(s)

2018-12-04 12:33:03 - [MESSAGE][PASSED] - Delayed 2 second(s)

2018-12-04 12:33:03 - [TEST_STEP][PASSED] - click: Object: 'Object Repository/Final Object Repo/Landing Page/Select to Workflow Listing' is clicked on

2018-12-04 12:33:05 - [MESSAGE][PASSED] - Object: 'Object Repository/Final Object Repo/Landing Page/Select to Workflow Listing' is clicked on

2018-12-04 12:33:05 - [TEST_STEP][PASSED] - delay: Delayed 2 second(s)

2018-12-04 12:33:07 - [MESSAGE][PASSED] - Delayed 2 second(s)

2018-12-04 12:33:07 - [TEST_STEP][PASSED] - click: Object: 'Object Repository/Final Object Repo/WorkFlow Listing Page/Search Information - To Put Ref No' is clicked on

2018-12-04 12:33:07 - [MESSAGE][PASSED] - Object: 'Object Repository/Final Object Repo/WorkFlow Listing Page/Search Information - To Put Ref No' is clicked on

2018-12-04 12:33:07 - [TEST_STEP][PASSED] - delay: Delayed 2 second(s)

2018-12-04 12:33:09 - [MESSAGE][PASSED] - Delayed 2 second(s)

2018-12-04 12:33:09 - [TEST_STEP][PASSED] - callTestCase: Call Test Case 'Test Cases/Final Aug 2018 - PKS Automation/Common/Reference Number Getter' successfully

2018-12-04 12:33:09 - [TEST_CASE][PASSED] - Test Cases/Final Aug 2018 - PKS Automation/Common/Reference Number Getter: Test Cases/Final Aug 2018 - PKS Automation/Common/Reference Number Getter

2018-12-04 12:33:09 - [TEST_STEP][PASSED] - Statement - Try: null

2018-12-04 12:33:09 - [TEST_STEP][PASSED] - Statement - RefNo = new java.io.File(C://Users//Admin//Desktop//PKS//Automation Reference Point//KatalonReference.txt): null

2018-12-04 12:33:09 - [TEST_STEP][PASSED] - Statement - bufferread = new java.io.BufferedReader(new java.io.FileReader(RefNo)): null

2018-12-04 12:33:09 - [TEST_STEP][PASSED] - Statement - readedVal = bufferread.readLine(): null

2018-12-04 12:33:09 - [TEST_STEP][PASSED] - Statement - out.println(CaseReferenceNo): null

2018-12-04 12:33:09 - [TEST_STEP][PASSED] - Statement - out.println(readedVal): null

2018-12-04 12:33:09 - [TEST_STEP][PASSED] - Statement - CaseReferenceNo = "": null

2018-12-04 12:33:09 - [TEST_STEP][PASSED] - Statement - CaseReferenceNo = readedVal: null

2018-12-04 12:33:09 - [MESSAGE][PASSED] - Call Test Case 'Test Cases/Final Aug 2018 - PKS Automation/Common/Reference Number Getter' successfully

2018-12-04 12:33:09 - [TEST_STEP][PASSED] - setText: Text 'CRN12201800122975' is set on object 'Object Repository/Final Object Repo/WorkFlow Listing Page/Ref No Set Text'

2018-12-04 12:33:10 - [MESSAGE][PASSED] - Text 'CRN12201800122975' is set on object 'Object Repository/Final Object Repo/WorkFlow Listing Page/Ref No Set Text'

2018-12-04 12:33:10 - [TEST_STEP][PASSED] - delay: Delayed 2 second(s)

2018-12-04 12:33:12 - [MESSAGE][PASSED] - Delayed 2 second(s)

2018-12-04 12:33:12 - [TEST_STEP][PASSED] - click: Object: 'Object Repository/Final Object Repo/WorkFlow Listing Page/Search Ref No Search Button' is clicked on

2018-12-04 12:33:12 - [MESSAGE][PASSED] - Object: 'Object Repository/Final Object Repo/WorkFlow Listing Page/Search Ref No Search Button' is clicked on

2018-12-04 12:33:12 - [TEST_STEP][PASSED] - delay: Delayed 6 second(s)

2018-12-04 12:33:18 - [MESSAGE][PASSED] - Delayed 6 second(s)

2018-12-04 12:33:18 - [TEST_STEP][PASSED] - click: Object: 'Object Repository/Final Object Repo/WorkFlow Listing Page/Click Continue Tooltip' is clicked on

2018-12-04 12:33:19 - [MESSAGE][PASSED] - Object: 'Object Repository/Final Object Repo/WorkFlow Listing Page/Click Continue Tooltip' is clicked on

2018-12-04 12:33:19 - [TEST_STEP][PASSED] - delay: Delayed 5 second(s)

2018-12-04 12:33:24 - [MESSAGE][PASSED] - Delayed 5 second(s)

2018-12-04 12:33:24 - [TEST_STEP][PASSED] - doubleClick: Object: 'Object Repository/Final Object Repo/WorkFlow Listing Page/Workflow Found - Listing 1' is double clicked on

2018-12-04 12:33:24 - [MESSAGE][PASSED] - Object: 'Object Repository/Final Object Repo/WorkFlow Listing Page/Workflow Found - Listing 1' is double clicked on

2018-12-04 12:33:24 - [TEST_STEP][PASSED] - Statement - println(OwnerID): null

2018-12-04 12:33:24 - [TEST_STEP][PASSED] - Statement - OwnerID = com.kms.katalon.core.webui.keyword.WebUiBuiltInKeywords.getText(com.kms.katalon.core.testobject.ObjectRepository.findTestObject(Final Object Repo/WorkFlow Listing Page/Workflow Found - Listing 1), STOP_ON_FAILURE): Text of object 'Object Repository/Final Object Repo/WorkFlow Listing Page/Workflow Found - Listing 1' is: 'KLpkrbo3'

2018-12-04 12:33:24 - [MESSAGE][PASSED] - Text of object 'Object Repository/Final Object Repo/WorkFlow Listing Page/Workflow Found - Listing 1' is: 'KLpkrbo3'

2018-12-04 12:33:24 - [TEST_STEP][PASSED] - Statement - OwnerID = OwnerID.toLowerCase() + "@gmail.com": null

2018-12-04 12:33:24 - [TEST_STEP][PASSED] - Statement - println(OwnerID): null

2018-12-04 12:33:24 - [TEST_STEP][PASSED] - delay: Delayed 2 second(s)

2018-12-04 12:33:26 - [MESSAGE][PASSED] - Delayed 2 second(s)

2018-12-04 12:33:26 - [MESSAGE][PASSED] - Call Test Case 'Test Cases/Final Aug 2018 - PKS Automation/Common/Workflow Owner Finder' successfully

2018-12-04 12:33:26 - [TEST_STEP][PASSED] - callTestCase: Call Test Case 'Test Cases/Final Aug 2018 - PKS Automation/Registration Module/Log Out/log out avoiding katalon tagging' successfully

2018-12-04 12:33:26 - [TEST_CASE][PASSED] - Test Cases/Final Aug 2018 - PKS Automation/Registration Module/Log Out/log out avoiding katalon tagging: Test Cases/Final Aug 2018 - PKS Automation/Registration Module/Log Out/log out avoiding katalon tagging

2018-12-04 12:33:26 - [TEST_STEP][PASSED] - navigateToUrl: Navigate to 'https://assist2-uat.perkeso.gov.my/c/portal/logout' successfully

2018-12-04 12:33:27 - [MESSAGE][PASSED] - Navigate to 'https://assist2-uat.perkeso.gov.my/c/portal/logout' successfully

2018-12-04 12:33:27 - [MESSAGE][PASSED] - Call Test Case 'Test Cases/Final Aug 2018 - PKS Automation/Registration Module/Log Out/log out avoiding katalon tagging' successfully

2018-12-04 12:33:27 - [TEST_STEP][PASSED] - delay: Delayed 2 second(s)

2018-12-04 12:33:29 - [MESSAGE][PASSED] - Delayed 2 second(s)

2018-12-04 12:33:29 - [TEST_STEP][PASSED] - setText: Text 'klpkrbo3@gmail.com' is set on object 'Object Repository/Final Object Repo/New Registration - Registration Module Pages/New Reg - OTC to RO/Special Case - All Related Objects/Email TextBox'

2018-12-04 12:33:30 - [MESSAGE][PASSED] - Text 'klpkrbo3@gmail.com' is set on object 'Object Repository/Final Object Repo/New Registration - Registration Module Pages/New Reg - OTC to RO/Special Case - All Related Objects/Email TextBox'

2018-12-04 12:33:30 - [TEST_STEP][PASSED] - click: Object: 'Object Repository/Final Object Repo/New Registration - Registration Module Pages/New Reg - OTC to RO/Special Case - All Related Objects/Next Button' is clicked on

2018-12-04 12:33:30 - [MESSAGE][PASSED] - Object: 'Object Repository/Final Object Repo/New Registration - Registration Module Pages/New Reg - OTC to RO/Special Case - All Related Objects/Next Button' is clicked on

2018-12-04 12:33:30 - [TEST_STEP][PASSED] - delay: Delayed 2 second(s)

2018-12-04 12:33:32 - [MESSAGE][PASSED] - Delayed 2 second(s)

2018-12-04 12:33:32 - [TEST_STEP][PASSED] - setText: Text 'Test1@3456789' is set on object 'Object Repository/Final Object Repo/New Registration - Registration Module Pages/New Reg - OTC to RO/Special Case - All Related Objects/Password TextBox'

2018-12-04 12:33:32 - [MESSAGE][PASSED] - Text 'Test1@3456789' is set on object 'Object Repository/Final Object Repo/New Registration - Registration Module Pages/New Reg - OTC to RO/Special Case - All Related Objects/Password TextBox'

2018-12-04 12:33:32 - [TEST_STEP][PASSED] - delay: Delayed 2 second(s)

2018-12-04 12:33:34 - [MESSAGE][PASSED] - Delayed 2 second(s)

2018-12-04 12:33:34 - [TEST_STEP][PASSED] - click: Object: 'Object Repository/Final Object Repo/New Registration - Registration Module Pages/New Reg - OTC to RO/Special Case - All Related Objects/Login Button' is clicked on

2018-12-04 12:33:34 - [MESSAGE][PASSED] - Object: 'Object Repository/Final Object Repo/New Registration - Registration Module Pages/New Reg - OTC to RO/Special Case - All Related Objects/Login Button' is clicked on

2018-12-04 12:33:34 - [TEST_STEP][PASSED] - delay: Delayed 2 second(s)

2018-12-04 12:33:36 - [MESSAGE][PASSED] - Delayed 2 second(s)

2018-12-04 12:33:36 - [TEST_STEP][PASSED] - Statement - Try: null

2018-12-04 12:33:36 - [TEST_STEP][PASSED] - Statement - Checker = com.kms.katalon.core.webui.keyword.WebUiBuiltInKeywords.verifyElementNotPresent("Final Object Repo/Landing Page/Select to English", 3): null

2018-12-04 12:33:36 - [TEST_STEP][PASSED] - Statement - Catch (Exception e): null

2018-12-04 12:33:36 - [TEST_STEP][PASSED] - Statement - e.printStackTrace(): null

2018-12-04 12:33:36 - [TEST_STEP][PASSED] - click: Object: 'Object Repository/Final Object Repo/New Registration - Registration Module Pages/New Reg - OTC to RO/Special Case - All Related Objects/Expand to Search' is clicked on

2018-12-04 12:33:37 - [MESSAGE][PASSED] - Object: 'Object Repository/Final Object Repo/New Registration - Registration Module Pages/New Reg - OTC to RO/Special Case - All Related Objects/Expand to Search' is clicked on

2018-12-04 12:33:37 - [TEST_STEP][PASSED] - delay: Delayed 2 second(s)

2018-12-04 12:33:39 - [MESSAGE][PASSED] - Delayed 2 second(s)

2018-12-04 12:33:39 - [TEST_STEP][PASSED] - setText: Text 'CRN12201800122975' is set on object 'Object Repository/Final Object Repo/New Registration - Registration Module Pages/New Reg - OTC to RO/Special Case - All Related Objects/TextBox RefNo in Workbasket'

2018-12-04 12:33:39 - [MESSAGE][PASSED] - Text 'CRN12201800122975' is set on object 'Object Repository/Final Object Repo/New Registration - Registration Module Pages/New Reg - OTC to RO/Special Case - All Related Objects/TextBox RefNo in Workbasket'

2018-12-04 12:33:39 - [TEST_STEP][PASSED] - delay: Delayed 2 second(s)

2018-12-04 12:33:41 - [MESSAGE][PASSED] - Delayed 2 second(s)

2018-12-04 12:33:41 - [TEST_STEP][PASSED] - click: Object: 'Object Repository/Final Object Repo/New Registration - Registration Module Pages/New Reg - OTC to RO/Special Case - All Related Objects/Click Search' is clicked on

2018-12-04 12:33:41 - [MESSAGE][PASSED] - Object: 'Object Repository/Final Object Repo/New Registration - Registration Module Pages/New Reg - OTC to RO/Special Case - All Related Objects/Click Search' is clicked on

2018-12-04 12:33:41 - [TEST_STEP][FAILED] - click: Unable to click on object 'Object Repository/Final Object Repo/New Registration - Registration Module Pages/New Reg - OTC to RO/Special Case - All Related Objects/Click to Continue Workflow' (Root cause: org.openqa.selenium.StaleElementReferenceException: stale element reference: element is not attached to the page document
  (Session info: chrome=70.0.3538.110)
  (Driver info: chromedriver=2.43.600210 (68dcf5eebde37173d4027fa8635e332711d2874a),platform=Windows NT 6.1.7601 SP1 x86_64) (WARNING: The server did not provide any stacktrace information)
Command duration or timeout: 0 milliseconds
For documentation on this error, please visit: http://seleniumhq.org/exceptions/stale_element_reference.html
Build info: version: '3.7.1', revision: '8a0099a', time: '2017-11-06T21:07:36.161Z'
System info: host: 'WIN7TEST02', ip: '10.20.3.72', os.name: 'Windows 7', os.arch: 'amd64', os.version: '6.1', java.version: '1.8.0_181'
Driver info: com.kms.katalon.selenium.driver.CChromeDriver
Capabilities {acceptInsecureCerts: false, acceptSslCerts: false, applicationCacheEnabled: false, browserConnectionEnabled: false, browserName: chrome, chrome: {chromedriverVersion: 2.43.600210 (68dcf5eebde371..., userDataDir: C:\Users\Admin\AppData\Loca...}, cssSelectorsEnabled: true, databaseEnabled: false, goog:chromeOptions: {debuggerAddress: localhost:53344}, handlesAlerts: true, hasTouchScreen: false, javascriptEnabled: true, locationContextEnabled: true, mobileEmulationEnabled: false, nativeEvents: true, networkConnectionEnabled: false, pageLoadStrategy: normal, platform: XP, platformName: XP, rotatable: false, setWindowRect: true, takesHeapSnapshot: true, takesScreenshot: true, unexpectedAlertBehaviour: , unhandledPromptBehavior: , version: 70.0.3538.110, webStorageEnabled: true}
Session ID: 190c0bd3795606bad6ea779abeb1c363)

2018-12-04 12:33:42 - [MESSAGE][FAILED] - Unable to click on object 'Object Repository/Final Object Repo/New Registration - Registration Module Pages/New Reg - OTC to RO/Special Case - All Related Objects/Click to Continue Workflow' (Root cause: org.openqa.selenium.StaleElementReferenceException: stale element reference: element is not attached to the page document
  (Session info: chrome=70.0.3538.110)
  (Driver info: chromedriver=2.43.600210 (68dcf5eebde37173d4027fa8635e332711d2874a),platform=Windows NT 6.1.7601 SP1 x86_64) (WARNING: The server did not provide any stacktrace information)
Command duration or timeout: 0 milliseconds
For documentation on this error, please visit: http://seleniumhq.org/exceptions/stale_element_reference.html
Build info: version: '3.7.1', revision: '8a0099a', time: '2017-11-06T21:07:36.161Z'
System info: host: 'WIN7TEST02', ip: '10.20.3.72', os.name: 'Windows 7', os.arch: 'amd64', os.version: '6.1', java.version: '1.8.0_181'
Driver info: com.kms.katalon.selenium.driver.CChromeDriver
Capabilities {acceptInsecureCerts: false, acceptSslCerts: false, applicationCacheEnabled: false, browserConnectionEnabled: false, browserName: chrome, chrome: {chromedriverVersion: 2.43.600210 (68dcf5eebde371..., userDataDir: C:\Users\Admin\AppData\Loca...}, cssSelectorsEnabled: true, databaseEnabled: false, goog:chromeOptions: {debuggerAddress: localhost:53344}, handlesAlerts: true, hasTouchScreen: false, javascriptEnabled: true, locationContextEnabled: true, mobileEmulationEnabled: false, nativeEvents: true, networkConnectionEnabled: false, pageLoadStrategy: normal, platform: XP, platformName: XP, rotatable: false, setWindowRect: true, takesHeapSnapshot: true, takesScreenshot: true, unexpectedAlertBehaviour: , unhandledPromptBehavior: , version: 70.0.3538.110, webStorageEnabled: true}
Session ID: 190c0bd3795606bad6ea779abeb1c363)
[[ATTACHMENT|C:\\Users\\Admin\\Desktop\\PKS\\Perkeso Phase A\\Reports\\Workflow\\New Registration\\20181204_093502\\1543898022555.png]]

2018-12-04 12:33:42 - [TEST_STEP][PASSED] - delay: Delayed 2 second(s)

2018-12-04 12:33:44 - [MESSAGE][PASSED] - Delayed 2 second(s)

2018-12-04 12:33:44 - [TEST_STEP][FAILED] - click: Unable to click on object 'Object Repository/Final Object Repo/New Registration - Registration Module Pages/New Reg - OTC to RO/Special Case - All Related Objects/Form 1 Save n Continue' (Root cause: com.kms.katalon.core.webui.exception.WebElementNotFoundException: Web element with id: 'Object Repository/Final Object Repo/New Registration - Registration Module Pages/New Reg - OTC to RO/Special Case - All Related Objects/Form 1 Save n Continue' located by 'By.xpath: //a[@id = 'newegfSubmit' and (text() = ' 
							SAVE & CONTINUE	
						' or . = ' 
							SAVE & CONTINUE	
						')]' not found)

2018-12-04 12:34:19 - [MESSAGE][FAILED] - Unable to click on object 'Object Repository/Final Object Repo/New Registration - Registration Module Pages/New Reg - OTC to RO/Special Case - All Related Objects/Form 1 Save n Continue' (Root cause: com.kms.katalon.core.webui.exception.WebElementNotFoundException: Web element with id: 'Object Repository/Final Object Repo/New Registration - Registration Module Pages/New Reg - OTC to RO/Special Case - All Related Objects/Form 1 Save n Continue' located by 'By.xpath: //a[@id = 'newegfSubmit' and (text() = ' 
							SAVE & CONTINUE	
						' or . = ' 
							SAVE & CONTINUE	
						')]' not found)
[[ATTACHMENT|C:\\Users\\Admin\\Desktop\\PKS\\Perkeso Phase A\\Reports\\Workflow\\New Registration\\20181204_093502\\1543898058812.png]]

2018-12-04 12:34:19 - [TEST_STEP][PASSED] - delay: Delayed 5 second(s)

2018-12-04 12:34:24 - [MESSAGE][PASSED] - Delayed 5 second(s)

2018-12-04 12:34:24 - [TEST_STEP][FAILED] - click: Unable to click on object 'Object Repository/Final Object Repo/New Registration - Registration Module Pages/New Reg - OTC to RO/Special Case - OTC - Form 1/Confirm No Flagging as Branch' (Root cause: com.kms.katalon.core.webui.exception.WebElementNotFoundException: Web element with id: 'Object Repository/Final Object Repo/New Registration - Registration Module Pages/New Reg - OTC to RO/Special Case - OTC - Form 1/Confirm No Flagging as Branch' located by 'By.xpath: //span[@id = 'cancelword' and (text() = 'No' or . = 'No')]' not found)

2018-12-04 12:34:56 - [MESSAGE][FAILED] - Unable to click on object 'Object Repository/Final Object Repo/New Registration - Registration Module Pages/New Reg - OTC to RO/Special Case - OTC - Form 1/Confirm No Flagging as Branch' (Root cause: com.kms.katalon.core.webui.exception.WebElementNotFoundException: Web element with id: 'Object Repository/Final Object Repo/New Registration - Registration Module Pages/New Reg - OTC to RO/Special Case - OTC - Form 1/Confirm No Flagging as Branch' located by 'By.xpath: //span[@id = 'cancelword' and (text() = 'No' or . = 'No')]' not found)
[[ATTACHMENT|C:\\Users\\Admin\\Desktop\\PKS\\Perkeso Phase A\\Reports\\Workflow\\New Registration\\20181204_093502\\1543898096030.png]]

2018-12-04 12:34:56 - [TEST_STEP][PASSED] - delay: Delayed 2 second(s)

2018-12-04 12:34:58 - [MESSAGE][PASSED] - Delayed 2 second(s)

2018-12-04 12:34:58 - [TEST_STEP][FAILED] - click: Unable to click on object 'Object Repository/Final Object Repo/New Registration - Registration Module Pages/New Reg - OTC to RO/Special Case - All Related Objects/Form 2 Save n Continue' (Root cause: com.kms.katalon.core.webui.exception.WebElementNotFoundException: Web element with id: 'Object Repository/Final Object Repo/New Registration - Registration Module Pages/New Reg - OTC to RO/Special Case - All Related Objects/Form 2 Save n Continue' located by 'By.xpath: //a[@targets = 'baseMsgDivId' and (text() = ' SAVE & CONTINUE	
				' or . = ' SAVE & CONTINUE	
				')]' not found)

2018-12-04 12:35:32 - [MESSAGE][FAILED] - Unable to click on object 'Object Repository/Final Object Repo/New Registration - Registration Module Pages/New Reg - OTC to RO/Special Case - All Related Objects/Form 2 Save n Continue' (Root cause: com.kms.katalon.core.webui.exception.WebElementNotFoundException: Web element with id: 'Object Repository/Final Object Repo/New Registration - Registration Module Pages/New Reg - OTC to RO/Special Case - All Related Objects/Form 2 Save n Continue' located by 'By.xpath: //a[@targets = 'baseMsgDivId' and (text() = ' SAVE & CONTINUE	
				' or . = ' SAVE & CONTINUE	
				')]' not found)
[[ATTACHMENT|C:\\Users\\Admin\\Desktop\\PKS\\Perkeso Phase A\\Reports\\Workflow\\New Registration\\20181204_093502\\1543898131692.png]]

2018-12-04 12:35:32 - [TEST_STEP][PASSED] - delay: Delayed 2 second(s)

2018-12-04 12:35:34 - [MESSAGE][PASSED] - Delayed 2 second(s)

2018-12-04 12:35:34 - [TEST_STEP][FAILED] - click: Unable to click on object 'Object Repository/Final Object Repo/New Registration - Registration Module Pages/New Reg - OTC to RO/Special Case - All Related Objects/Third Screen Save n Continue' (Root cause: com.kms.katalon.core.webui.exception.WebElementNotFoundException: Web element with id: 'Object Repository/Final Object Repo/New Registration - Registration Module Pages/New Reg - OTC to RO/Special Case - All Related Objects/Third Screen Save n Continue' located by 'By.xpath: //a[@targets = 'baseMsgDivId' and (text() = ' SAVE & CONTINUE	
				' or . = ' SAVE & CONTINUE	
				')]' not found)

2018-12-04 12:36:06 - [MESSAGE][FAILED] - Unable to click on object 'Object Repository/Final Object Repo/New Registration - Registration Module Pages/New Reg - OTC to RO/Special Case - All Related Objects/Third Screen Save n Continue' (Root cause: com.kms.katalon.core.webui.exception.WebElementNotFoundException: Web element with id: 'Object Repository/Final Object Repo/New Registration - Registration Module Pages/New Reg - OTC to RO/Special Case - All Related Objects/Third Screen Save n Continue' located by 'By.xpath: //a[@targets = 'baseMsgDivId' and (text() = ' SAVE & CONTINUE	
				' or . = ' SAVE & CONTINUE	
				')]' not found)
[[ATTACHMENT|C:\\Users\\Admin\\Desktop\\PKS\\Perkeso Phase A\\Reports\\Workflow\\New Registration\\20181204_093502\\1543898166503.png]]

2018-12-04 12:36:06 - [TEST_STEP][PASSED] - delay: Delayed 5 second(s)

2018-12-04 12:36:11 - [MESSAGE][PASSED] - Delayed 5 second(s)

2018-12-04 12:36:11 - [TEST_STEP][FAILED] - click: Unable to click on object 'Object Repository/Final Object Repo/New Registration - Registration Module Pages/New Reg - OTC to RO/Special Case - All Related Objects/Upload Doc Page Save n Continue' (Root cause: com.kms.katalon.core.webui.exception.WebElementNotFoundException: Web element with id: 'Object Repository/Final Object Repo/New Registration - Registration Module Pages/New Reg - OTC to RO/Special Case - All Related Objects/Upload Doc Page Save n Continue' located by 'By.xpath: //a[@id = '_newreg_WAR_registrationportlet_saveNContinueFormBtnId' and (text() = '
									SAVE & CONTINUE	
				                ' or . = '
									SAVE & CONTINUE	
				                ')]' not found)

2018-12-04 12:36:45 - [MESSAGE][FAILED] - Unable to click on object 'Object Repository/Final Object Repo/New Registration - Registration Module Pages/New Reg - OTC to RO/Special Case - All Related Objects/Upload Doc Page Save n Continue' (Root cause: com.kms.katalon.core.webui.exception.WebElementNotFoundException: Web element with id: 'Object Repository/Final Object Repo/New Registration - Registration Module Pages/New Reg - OTC to RO/Special Case - All Related Objects/Upload Doc Page Save n Continue' located by 'By.xpath: //a[@id = '_newreg_WAR_registrationportlet_saveNContinueFormBtnId' and (text() = '
									SAVE & CONTINUE	
				                ' or . = '
									SAVE & CONTINUE	
				                ')]' not found)
[[ATTACHMENT|C:\\Users\\Admin\\Desktop\\PKS\\Perkeso Phase A\\Reports\\Workflow\\New Registration\\20181204_093502\\1543898204967.png]]

2018-12-04 12:36:45 - [TEST_STEP][FAILED] - callTestCase: Unable to call Test Case with id 'Test Cases/Final Aug 2018 - PKS Automation/Registration Module/New Registration/Submit and Screenshot/Submit Registration and Screenshot' (Root cause: Call Test Case 'Test Cases/Final Aug 2018 - PKS Automation/Registration Module/New Registration/Submit and Screenshot/Submit Registration and Screenshot' failed)

2018-12-04 12:36:45 - [TEST_CASE][FAILED] - Test Cases/Final Aug 2018 - PKS Automation/Registration Module/New Registration/Submit and Screenshot/Submit Registration and Screenshot: Test Cases/Final Aug 2018 - PKS Automation/Registration Module/New Registration/Submit and Screenshot/Submit Registration and Screenshot FAILED because (of) (Stack trace: com.kms.katalon.core.exception.StepFailedException: Unable to click on object 'Object Repository/Final Object Repo/New Registration - Registration Module Pages/Third Screen - Upload Supporting Doc- Preview/Preview Submit Button' (Root cause: com.kms.katalon.core.webui.exception.WebElementNotFoundException: Web element with id: 'Object Repository/Final Object Repo/New Registration - Registration Module Pages/Third Screen - Upload Supporting Doc- Preview/Preview Submit Button' located by 'By.xpath: //a[@popupvalidatesubmit = 'true' and @class = 'btn btn-lg blueBtn col-md-2 pull-right browserIdBtn' and (text() = ' SUBMIT
					' or . = ' SUBMIT
					')]' not found)
	at com.kms.katalon.core.keyword.internal.KeywordMain.stepFailed(KeywordMain.groovy:32)
	at com.kms.katalon.core.webui.keyword.internal.WebUIKeywordMain.stepFailed(WebUIKeywordMain.groovy:65)
	at com.kms.katalon.core.webui.keyword.internal.WebUIKeywordMain.runKeyword(WebUIKeywordMain.groovy:27)
	at com.kms.katalon.core.webui.keyword.builtin.ClickKeyword.click(ClickKeyword.groovy:86)
	at com.kms.katalon.core.webui.keyword.builtin.ClickKeyword.execute(ClickKeyword.groovy:67)
	at com.kms.katalon.core.keyword.internal.KeywordExecutor.executeKeywordForPlatform(KeywordExecutor.groovy:53)
	at com.kms.katalon.core.webui.keyword.WebUiBuiltInKeywords.click(WebUiBuiltInKeywords.groovy:616)
	at com.kms.katalon.core.webui.keyword.WebUiBuiltInKeywords$click$2.call(Unknown Source)
	at Script1534476274484.run(Script1534476274484.groovy:32)
	at com.kms.katalon.core.main.ScriptEngine.run(ScriptEngine.java:183)
	at com.kms.katalon.core.main.ScriptEngine.runScriptAsRawText(ScriptEngine.java:108)
	at com.kms.katalon.core.main.TestCaseExecutor.runScript(TestCaseExecutor.java:294)
	at com.kms.katalon.core.main.TestCaseExecutor.doExecute(TestCaseExecutor.java:285)
	at com.kms.katalon.core.main.TestCaseExecutor.processExecutionPhase(TestCaseExecutor.java:264)
	at com.kms.katalon.core.main.TestCaseExecutor.accessMainPhase(TestCaseExecutor.java:256)
	at com.kms.katalon.core.main.TestCaseExecutor.execute(TestCaseExecutor.java:200)
	at com.kms.katalon.core.main.TestCaseMain.runTestCase(TestCaseMain.java:99)
	at com.kms.katalon.core.keyword.builtin.CallTestCaseKeyword$_callTestCase_closure1.doCall(CallTestCaseKeyword.groovy:60)
	at com.kms.katalon.core.keyword.builtin.CallTestCaseKeyword$_callTestCase_closure1.call(CallTestCaseKeyword.groovy)
	at com.kms.katalon.core.keyword.internal.KeywordMain.runKeyword(KeywordMain.groovy:54)
	at com.kms.katalon.core.keyword.builtin.CallTestCaseKeyword.callTestCase(CallTestCaseKeyword.groovy:81)
	at com.kms.katalon.core.keyword.builtin.CallTestCaseKeyword.execute(CallTestCaseKeyword.groovy:45)
	at com.kms.katalon.core.keyword.internal.KeywordExecutor.executeKeywordForPlatform(KeywordExecutor.groovy:53)
	at com.kms.katalon.core.keyword.BuiltinKeywords.callTestCase(BuiltinKeywords.groovy:334)
	at sun.reflect.GeneratedMethodAccessor13.invoke(Unknown Source)
	at sun.reflect.DelegatingMethodAccessorImpl.invoke(DelegatingMethodAccessorImpl.java:43)
	at java.lang.reflect.Method.invoke(Method.java:498)
	at org.codehaus.groovy.reflection.CachedMethod.invoke(CachedMethod.java:93)
	at groovy.lang.MetaMethod.doMethodInvoke(MetaMethod.java:325)
	at groovy.lang.MetaClassImpl.invokeStaticMethod(MetaClassImpl.java:1469)
	at org.codehaus.groovy.runtime.callsite.StaticMetaClassSite.call(StaticMetaClassSite.java:53)
	at org.codehaus.groovy.runtime.callsite.CallSiteArray.defaultCall(CallSiteArray.java:48)
	at org.codehaus.groovy.runtime.callsite.AbstractCallSite.call(AbstractCallSite.java:113)
	at org.codehaus.groovy.runtime.callsite.AbstractCallSite.call(AbstractCallSite.java:141)
	at Script1535944782532.run(Script1535944782532.groovy:104)
	at com.kms.katalon.core.main.ScriptEngine.run(ScriptEngine.java:183)
	at com.kms.katalon.core.main.ScriptEngine.runScriptAsRawText(ScriptEngine.java:108)
	at com.kms.katalon.core.main.TestCaseExecutor.runScript(TestCaseExecutor.java:294)
	at com.kms.katalon.core.main.TestCaseExecutor.doExecute(TestCaseExecutor.java:285)
	at com.kms.katalon.core.main.TestCaseExecutor.processExecutionPhase(TestCaseExecutor.java:264)
	at com.kms.katalon.core.main.TestCaseExecutor.accessMainPhase(TestCaseExecutor.java:256)
	at com.kms.katalon.core.main.TestCaseExecutor.execute(TestCaseExecutor.java:200)
	at com.kms.katalon.core.main.TestSuiteExecutor.accessTestCaseMainPhase(TestSuiteExecutor.java:129)
	at com.kms.katalon.core.main.TestSuiteExecutor.accessTestSuiteMainPhase(TestSuiteExecutor.java:112)
	at com.kms.katalon.core.main.TestSuiteExecutor.execute(TestSuiteExecutor.java:81)
	at com.kms.katalon.core.main.TestCaseMain.startTestSuite(TestCaseMain.java:142)
	at com.kms.katalon.core.main.TestCaseMain$startTestSuite$0.call(Unknown Source)
	at org.codehaus.groovy.runtime.callsite.CallSiteArray.defaultCall(CallSiteArray.java:48)
	at org.codehaus.groovy.runtime.callsite.AbstractCallSite.call(AbstractCallSite.java:113)
	at org.codehaus.groovy.runtime.callsite.AbstractCallSite.call(AbstractCallSite.java:141)
	at TempTestSuite1543887302996.run(TempTestSuite1543887302996.groovy:36)
	at groovy.lang.GroovyShell.runScriptOrMainOrTestOrRunnable(GroovyShell.java:263)
	at groovy.lang.GroovyShell.run(GroovyShell.java:518)
	at groovy.lang.GroovyShell.run(GroovyShell.java:507)
	at groovy.ui.GroovyMain.processOnce(GroovyMain.java:653)
	at groovy.ui.GroovyMain.run(GroovyMain.java:384)
	at groovy.ui.GroovyMain.process(GroovyMain.java:370)
	at groovy.ui.GroovyMain.processArgs(GroovyMain.java:129)
	at groovy.ui.GroovyMain.main(GroovyMain.java:109)
	at sun.reflect.NativeMethodAccessorImpl.invoke0(Native Method)
	at sun.reflect.NativeMethodAccessorImpl.invoke(NativeMethodAccessorImpl.java:62)
	at sun.reflect.DelegatingMethodAccessorImpl.invoke(DelegatingMethodAccessorImpl.java:43)
	at java.lang.reflect.Method.invoke(Method.java:498)
	at org.codehaus.groovy.tools.GroovyStarter.rootLoader(GroovyStarter.java:109)
	at org.codehaus.groovy.tools.GroovyStarter.main(GroovyStarter.java:131)
)

2018-12-04 12:36:45 - [TEST_STEP][PASSED] - delay: Delayed 6 second(s)

2018-12-04 12:36:51 - [MESSAGE][PASSED] - Delayed 6 second(s)

2018-12-04 12:36:51 - [TEST_STEP][FAILED] - click: Unable to click on object 'Object Repository/Final Object Repo/New Registration - Registration Module Pages/Third Screen - Upload Supporting Doc- Preview/Preview Submit Button' (Root cause: com.kms.katalon.core.webui.exception.WebElementNotFoundException: Web element with id: 'Object Repository/Final Object Repo/New Registration - Registration Module Pages/Third Screen - Upload Supporting Doc- Preview/Preview Submit Button' located by 'By.xpath: //a[@popupvalidatesubmit = 'true' and @class = 'btn btn-lg blueBtn col-md-2 pull-right browserIdBtn' and (text() = ' SUBMIT
					' or . = ' SUBMIT
					')]' not found)

2018-12-04 12:37:25 - [MESSAGE][FAILED] - Unable to click on object 'Object Repository/Final Object Repo/New Registration - Registration Module Pages/Third Screen - Upload Supporting Doc- Preview/Preview Submit Button' (Root cause: com.kms.katalon.core.webui.exception.WebElementNotFoundException: Web element with id: 'Object Repository/Final Object Repo/New Registration - Registration Module Pages/Third Screen - Upload Supporting Doc- Preview/Preview Submit Button' located by 'By.xpath: //a[@popupvalidatesubmit = 'true' and @class = 'btn btn-lg blueBtn col-md-2 pull-right browserIdBtn' and (text() = ' SUBMIT
					' or . = ' SUBMIT
					')]' not found)
[[ATTACHMENT|C:\\Users\\Admin\\Desktop\\PKS\\Perkeso Phase A\\Reports\\Workflow\\New Registration\\20181204_093502\\1543898245408.png]]

2018-12-04 12:37:25 - [TEST_STEP][PASSED] - delay: Delayed 2 second(s)

2018-12-04 12:37:27 - [MESSAGE][PASSED] - Delayed 2 second(s)

2018-12-04 12:37:27 - [TEST_STEP][FAILED] - click: Unable to click on object 'Object Repository/Final Object Repo/New Registration - Registration Module Pages/Third Screen - Upload Supporting Doc- Preview/Preview Submit - Confirm' (Root cause: com.kms.katalon.core.webui.exception.WebElementNotFoundException: Web element with id: 'Object Repository/Final Object Repo/New Registration - Registration Module Pages/Third Screen - Upload Supporting Doc- Preview/Preview Submit - Confirm' located by 'By.xpath: //span[@id = 'confirmword' and (text() = 'CONFIRM' or . = 'CONFIRM')]' not found)

2018-12-04 12:37:59 - [MESSAGE][FAILED] - Unable to click on object 'Object Repository/Final Object Repo/New Registration - Registration Module Pages/Third Screen - Upload Supporting Doc- Preview/Preview Submit - Confirm' (Root cause: com.kms.katalon.core.webui.exception.WebElementNotFoundException: Web element with id: 'Object Repository/Final Object Repo/New Registration - Registration Module Pages/Third Screen - Upload Supporting Doc- Preview/Preview Submit - Confirm' located by 'By.xpath: //span[@id = 'confirmword' and (text() = 'CONFIRM' or . = 'CONFIRM')]' not found)
[[ATTACHMENT|C:\\Users\\Admin\\Desktop\\PKS\\Perkeso Phase A\\Reports\\Workflow\\New Registration\\20181204_093502\\1543898279646.png]]

2018-12-04 12:37:59 - [TEST_STEP][PASSED] - delay: Delayed 15 second(s)

2018-12-04 12:38:14 - [MESSAGE][PASSED] - Delayed 15 second(s)

2018-12-04 12:38:14 - [TEST_STEP][PASSED] - Statement - driver = com.kms.katalon.core.webui.driver.DriverFactory.getWebDriver(): null

2018-12-04 12:38:14 - [TEST_STEP][PASSED] - Statement - driver.manage().timeouts().implicitlyWait(10, SECONDS): null

2018-12-04 12:38:14 - [TEST_STEP][PASSED] - Statement - PresavePath = KatalonScreenshots: null

2018-12-04 12:38:14 - [TEST_STEP][PASSED] - Statement - pathPrefix = "C:\Users\Public\Pictures\Sample Pictures\Katalon Screenshots\Automate Ending Screen": null

2018-12-04 12:38:14 - [TEST_STEP][PASSED] - Statement - finalPath = <not implemented yet for class: org.codehaus.groovy.ast.expr.EmptyExpression>: null

2018-12-04 12:38:14 - [TEST_STEP][PASSED] - Statement - scrFile = driver.getScreenshotAs(FILE): null

2018-12-04 12:38:15 - [TEST_STEP][PASSED] - Statement - PreSaveFile = new java.io.File(PresavePath): null

2018-12-04 12:38:15 - [TEST_STEP][PASSED] - Statement - counter = 0: null

2018-12-04 12:38:15 - [TEST_STEP][PASSED] - Statement - If (PreSaveFile.exists()): null

2018-12-04 12:38:15 - [TEST_STEP][PASSED] - Statement - While (PreSaveFile.exists()): null

2018-12-04 12:38:15 - [TEST_STEP][PASSED] - Statement - counter = counter + 1: null

2018-12-04 12:38:15 - [TEST_STEP][PASSED] - Statement - PreSaveFile = new java.io.File(((pathPrefix + java.lang.Integer.toString(counter)) + .png)): null

2018-12-04 12:38:15 - [TEST_STEP][PASSED] - Statement - counter = counter + 1: null

2018-12-04 12:38:15 - [TEST_STEP][PASSED] - Statement - PreSaveFile = new java.io.File(((pathPrefix + java.lang.Integer.toString(counter)) + .png)): null

2018-12-04 12:38:15 - [TEST_STEP][PASSED] - Statement - counter = counter + 1: null

2018-12-04 12:38:15 - [TEST_STEP][PASSED] - Statement - PreSaveFile = new java.io.File(((pathPrefix + java.lang.Integer.toString(counter)) + .png)): null

2018-12-04 12:38:15 - [TEST_STEP][PASSED] - Statement - counter = counter + 1: null

2018-12-04 12:38:15 - [TEST_STEP][PASSED] - Statement - PreSaveFile = new java.io.File(((pathPrefix + java.lang.Integer.toString(counter)) + .png)): null

2018-12-04 12:38:15 - [TEST_STEP][PASSED] - Statement - counter = counter + 1: null

2018-12-04 12:38:15 - [TEST_STEP][PASSED] - Statement - PreSaveFile = new java.io.File(((pathPrefix + java.lang.Integer.toString(counter)) + .png)): null

2018-12-04 12:38:15 - [TEST_STEP][PASSED] - Statement - counter = counter + 1: null

2018-12-04 12:38:15 - [TEST_STEP][PASSED] - Statement - PreSaveFile = new java.io.File(((pathPrefix + java.lang.Integer.toString(counter)) + .png)): null

2018-12-04 12:38:15 - [TEST_STEP][PASSED] - Statement - counter = counter + 1: null

2018-12-04 12:38:15 - [TEST_STEP][PASSED] - Statement - PreSaveFile = new java.io.File(((pathPrefix + java.lang.Integer.toString(counter)) + .png)): null

2018-12-04 12:38:15 - [TEST_STEP][PASSED] - Statement - counter = counter + 1: null

2018-12-04 12:38:15 - [TEST_STEP][PASSED] - Statement - PreSaveFile = new java.io.File(((pathPrefix + java.lang.Integer.toString(counter)) + .png)): null

2018-12-04 12:38:15 - [TEST_STEP][PASSED] - Statement - counter = counter + 1: null

2018-12-04 12:38:15 - [TEST_STEP][PASSED] - Statement - PreSaveFile = new java.io.File(((pathPrefix + java.lang.Integer.toString(counter)) + .png)): null

2018-12-04 12:38:15 - [TEST_STEP][PASSED] - Statement - counter = counter + 1: null

2018-12-04 12:38:15 - [TEST_STEP][PASSED] - Statement - PreSaveFile = new java.io.File(((pathPrefix + java.lang.Integer.toString(counter)) + .png)): null

2018-12-04 12:38:15 - [TEST_STEP][PASSED] - Statement - counter = counter + 1: null

2018-12-04 12:38:15 - [TEST_STEP][PASSED] - Statement - PreSaveFile = new java.io.File(((pathPrefix + java.lang.Integer.toString(counter)) + .png)): null

2018-12-04 12:38:15 - [TEST_STEP][PASSED] - Statement - counter = counter + 1: null

2018-12-04 12:38:15 - [TEST_STEP][PASSED] - Statement - PreSaveFile = new java.io.File(((pathPrefix + java.lang.Integer.toString(counter)) + .png)): null

2018-12-04 12:38:15 - [TEST_STEP][PASSED] - Statement - counter = counter + 1: null

2018-12-04 12:38:15 - [TEST_STEP][PASSED] - Statement - PreSaveFile = new java.io.File(((pathPrefix + java.lang.Integer.toString(counter)) + .png)): null

2018-12-04 12:38:15 - [TEST_STEP][PASSED] - Statement - counter = counter + 1: null

2018-12-04 12:38:15 - [TEST_STEP][PASSED] - Statement - PreSaveFile = new java.io.File(((pathPrefix + java.lang.Integer.toString(counter)) + .png)): null

2018-12-04 12:38:15 - [TEST_STEP][PASSED] - Statement - counter = counter + 1: null

2018-12-04 12:38:15 - [TEST_STEP][PASSED] - Statement - PreSaveFile = new java.io.File(((pathPrefix + java.lang.Integer.toString(counter)) + .png)): null

2018-12-04 12:38:16 - [TEST_STEP][PASSED] - Statement - counter = counter + 1: null

2018-12-04 12:38:16 - [TEST_STEP][PASSED] - Statement - PreSaveFile = new java.io.File(((pathPrefix + java.lang.Integer.toString(counter)) + .png)): null

2018-12-04 12:38:17 - [TEST_STEP][PASSED] - Statement - counter = counter + 1: null

2018-12-04 12:38:17 - [TEST_STEP][PASSED] - Statement - PreSaveFile = new java.io.File(((pathPrefix + java.lang.Integer.toString(counter)) + .png)): null

2018-12-04 12:38:17 - [TEST_STEP][PASSED] - Statement - counter = counter + 1: null

2018-12-04 12:38:17 - [TEST_STEP][PASSED] - Statement - PreSaveFile = new java.io.File(((pathPrefix + java.lang.Integer.toString(counter)) + .png)): null

2018-12-04 12:38:17 - [TEST_STEP][PASSED] - Statement - counter = counter + 1: null

2018-12-04 12:38:17 - [TEST_STEP][PASSED] - Statement - PreSaveFile = new java.io.File(((pathPrefix + java.lang.Integer.toString(counter)) + .png)): null

2018-12-04 12:38:17 - [TEST_STEP][PASSED] - Statement - counter = counter + 1: null

2018-12-04 12:38:17 - [TEST_STEP][PASSED] - Statement - PreSaveFile = new java.io.File(((pathPrefix + java.lang.Integer.toString(counter)) + .png)): null

2018-12-04 12:38:17 - [TEST_STEP][PASSED] - Statement - counter = counter + 1: null

2018-12-04 12:38:18 - [TEST_STEP][PASSED] - Statement - PreSaveFile = new java.io.File(((pathPrefix + java.lang.Integer.toString(counter)) + .png)): null

2018-12-04 12:38:18 - [TEST_STEP][PASSED] - Statement - counter = counter + 1: null

2018-12-04 12:38:18 - [TEST_STEP][PASSED] - Statement - PreSaveFile = new java.io.File(((pathPrefix + java.lang.Integer.toString(counter)) + .png)): null

2018-12-04 12:38:18 - [TEST_STEP][PASSED] - Statement - counter = counter + 1: null

2018-12-04 12:38:18 - [TEST_STEP][PASSED] - Statement - PreSaveFile = new java.io.File(((pathPrefix + java.lang.Integer.toString(counter)) + .png)): null

2018-12-04 12:38:18 - [TEST_STEP][PASSED] - Statement - counter = counter + 1: null

2018-12-04 12:38:18 - [TEST_STEP][PASSED] - Statement - PreSaveFile = new java.io.File(((pathPrefix + java.lang.Integer.toString(counter)) + .png)): null

2018-12-04 12:38:18 - [TEST_STEP][PASSED] - Statement - counter = counter + 1: null

2018-12-04 12:38:18 - [TEST_STEP][PASSED] - Statement - PreSaveFile = new java.io.File(((pathPrefix + java.lang.Integer.toString(counter)) + .png)): null

2018-12-04 12:38:18 - [TEST_STEP][PASSED] - Statement - counter = counter + 1: null

2018-12-04 12:38:19 - [TEST_STEP][PASSED] - Statement - PreSaveFile = new java.io.File(((pathPrefix + java.lang.Integer.toString(counter)) + .png)): null

2018-12-04 12:38:19 - [TEST_STEP][PASSED] - Statement - counter = counter + 1: null

2018-12-04 12:38:19 - [TEST_STEP][PASSED] - Statement - PreSaveFile = new java.io.File(((pathPrefix + java.lang.Integer.toString(counter)) + .png)): null

2018-12-04 12:38:19 - [TEST_STEP][PASSED] - Statement - counter = counter + 1: null

2018-12-04 12:38:19 - [TEST_STEP][PASSED] - Statement - PreSaveFile = new java.io.File(((pathPrefix + java.lang.Integer.toString(counter)) + .png)): null

2018-12-04 12:38:19 - [TEST_STEP][PASSED] - Statement - counter = counter + 1: null

2018-12-04 12:38:19 - [TEST_STEP][PASSED] - Statement - PreSaveFile = new java.io.File(((pathPrefix + java.lang.Integer.toString(counter)) + .png)): null

2018-12-04 12:38:19 - [TEST_STEP][PASSED] - Statement - counter = counter + 1: null

2018-12-04 12:38:19 - [TEST_STEP][PASSED] - Statement - PreSaveFile = new java.io.File(((pathPrefix + java.lang.Integer.toString(counter)) + .png)): null

2018-12-04 12:38:19 - [TEST_STEP][PASSED] - Statement - counter = counter + 1: null

2018-12-04 12:38:21 - [TEST_STEP][PASSED] - Statement - PreSaveFile = new java.io.File(((pathPrefix + java.lang.Integer.toString(counter)) + .png)): null

2018-12-04 12:38:21 - [TEST_STEP][PASSED] - Statement - counter = counter + 1: null

2018-12-04 12:38:21 - [TEST_STEP][PASSED] - Statement - PreSaveFile = new java.io.File(((pathPrefix + java.lang.Integer.toString(counter)) + .png)): null

2018-12-04 12:38:21 - [TEST_STEP][PASSED] - Statement - counter = counter + 1: null

2018-12-04 12:38:21 - [TEST_STEP][PASSED] - Statement - PreSaveFile = new java.io.File(((pathPrefix + java.lang.Integer.toString(counter)) + .png)): null

2018-12-04 12:38:21 - [TEST_STEP][PASSED] - Statement - counter = counter + 1: null

2018-12-04 12:38:21 - [TEST_STEP][PASSED] - Statement - PreSaveFile = new java.io.File(((pathPrefix + java.lang.Integer.toString(counter)) + .png)): null

2018-12-04 12:38:21 - [TEST_STEP][PASSED] - Statement - counter = counter + 1: null

2018-12-04 12:38:21 - [TEST_STEP][PASSED] - Statement - PreSaveFile = new java.io.File(((pathPrefix + java.lang.Integer.toString(counter)) + .png)): null

2018-12-04 12:38:22 - [TEST_STEP][PASSED] - Statement - counter = counter + 1: null

2018-12-04 12:38:22 - [TEST_STEP][PASSED] - Statement - PreSaveFile = new java.io.File(((pathPrefix + java.lang.Integer.toString(counter)) + .png)): null

2018-12-04 12:38:22 - [TEST_STEP][PASSED] - Statement - counter = counter + 1: null

2018-12-04 12:38:22 - [TEST_STEP][PASSED] - Statement - PreSaveFile = new java.io.File(((pathPrefix + java.lang.Integer.toString(counter)) + .png)): null

2018-12-04 12:38:22 - [TEST_STEP][PASSED] - Statement - counter = counter + 1: null

2018-12-04 12:38:22 - [TEST_STEP][PASSED] - Statement - PreSaveFile = new java.io.File(((pathPrefix + java.lang.Integer.toString(counter)) + .png)): null

2018-12-04 12:38:22 - [TEST_STEP][PASSED] - Statement - counter = counter + 1: null

2018-12-04 12:38:22 - [TEST_STEP][PASSED] - Statement - PreSaveFile = new java.io.File(((pathPrefix + java.lang.Integer.toString(counter)) + .png)): null

2018-12-04 12:38:22 - [TEST_STEP][PASSED] - Statement - counter = counter + 1: null

2018-12-04 12:38:24 - [TEST_STEP][PASSED] - Statement - PreSaveFile = new java.io.File(((pathPrefix + java.lang.Integer.toString(counter)) + .png)): null

2018-12-04 12:38:24 - [TEST_STEP][PASSED] - Statement - counter = counter + 1: null

2018-12-04 12:38:24 - [TEST_STEP][PASSED] - Statement - PreSaveFile = new java.io.File(((pathPrefix + java.lang.Integer.toString(counter)) + .png)): null

2018-12-04 12:38:24 - [TEST_STEP][PASSED] - Statement - counter = counter + 1: null

2018-12-04 12:38:24 - [TEST_STEP][PASSED] - Statement - PreSaveFile = new java.io.File(((pathPrefix + java.lang.Integer.toString(counter)) + .png)): null

2018-12-04 12:38:24 - [TEST_STEP][PASSED] - Statement - counter = counter + 1: null

2018-12-04 12:38:24 - [TEST_STEP][PASSED] - Statement - PreSaveFile = new java.io.File(((pathPrefix + java.lang.Integer.toString(counter)) + .png)): null

2018-12-04 12:38:24 - [TEST_STEP][PASSED] - Statement - counter = counter + 1: null

2018-12-04 12:38:24 - [TEST_STEP][PASSED] - Statement - PreSaveFile = new java.io.File(((pathPrefix + java.lang.Integer.toString(counter)) + .png)): null

2018-12-04 12:38:24 - [TEST_STEP][PASSED] - Statement - counter = counter + 1: null

2018-12-04 12:38:26 - [TEST_STEP][PASSED] - Statement - PreSaveFile = new java.io.File(((pathPrefix + java.lang.Integer.toString(counter)) + .png)): null

2018-12-04 12:38:26 - [TEST_STEP][PASSED] - Statement - counter = counter + 1: null

2018-12-04 12:38:26 - [TEST_STEP][PASSED] - Statement - PreSaveFile = new java.io.File(((pathPrefix + java.lang.Integer.toString(counter)) + .png)): null

2018-12-04 12:38:26 - [TEST_STEP][PASSED] - Statement - counter = counter + 1: null

2018-12-04 12:38:26 - [TEST_STEP][PASSED] - Statement - PreSaveFile = new java.io.File(((pathPrefix + java.lang.Integer.toString(counter)) + .png)): null

2018-12-04 12:38:26 - [TEST_STEP][PASSED] - Statement - counter = counter + 1: null

2018-12-04 12:38:26 - [TEST_STEP][PASSED] - Statement - PreSaveFile = new java.io.File(((pathPrefix + java.lang.Integer.toString(counter)) + .png)): null

2018-12-04 12:38:26 - [TEST_STEP][PASSED] - Statement - counter = counter + 1: null

2018-12-04 12:38:26 - [TEST_STEP][PASSED] - Statement - PreSaveFile = new java.io.File(((pathPrefix + java.lang.Integer.toString(counter)) + .png)): null

2018-12-04 12:38:26 - [TEST_STEP][PASSED] - Statement - counter = counter + 1: null

2018-12-04 12:38:27 - [TEST_STEP][PASSED] - Statement - PreSaveFile = new java.io.File(((pathPrefix + java.lang.Integer.toString(counter)) + .png)): null

2018-12-04 12:38:27 - [TEST_STEP][PASSED] - Statement - counter = counter + 1: null

2018-12-04 12:38:27 - [TEST_STEP][PASSED] - Statement - PreSaveFile = new java.io.File(((pathPrefix + java.lang.Integer.toString(counter)) + .png)): null

2018-12-04 12:38:27 - [TEST_STEP][PASSED] - Statement - counter = counter + 1: null

2018-12-04 12:38:27 - [TEST_STEP][PASSED] - Statement - PreSaveFile = new java.io.File(((pathPrefix + java.lang.Integer.toString(counter)) + .png)): null

2018-12-04 12:38:27 - [TEST_STEP][PASSED] - Statement - counter = counter + 1: null

2018-12-04 12:38:27 - [TEST_STEP][PASSED] - Statement - PreSaveFile = new java.io.File(((pathPrefix + java.lang.Integer.toString(counter)) + .png)): null

2018-12-04 12:38:27 - [TEST_STEP][PASSED] - Statement - counter = counter + 1: null

2018-12-04 12:38:27 - [TEST_STEP][PASSED] - Statement - PreSaveFile = new java.io.File(((pathPrefix + java.lang.Integer.toString(counter)) + .png)): null

2018-12-04 12:38:27 - [TEST_STEP][PASSED] - Statement - counter = counter + 1: null

2018-12-04 12:38:29 - [TEST_STEP][PASSED] - Statement - PreSaveFile = new java.io.File(((pathPrefix + java.lang.Integer.toString(counter)) + .png)): null

2018-12-04 12:38:29 - [TEST_STEP][PASSED] - Statement - counter = counter + 1: null

2018-12-04 12:38:29 - [TEST_STEP][PASSED] - Statement - PreSaveFile = new java.io.File(((pathPrefix + java.lang.Integer.toString(counter)) + .png)): null

2018-12-04 12:38:29 - [TEST_STEP][PASSED] - Statement - counter = counter + 1: null

2018-12-04 12:38:29 - [TEST_STEP][PASSED] - Statement - PreSaveFile = new java.io.File(((pathPrefix + java.lang.Integer.toString(counter)) + .png)): null

2018-12-04 12:38:29 - [TEST_STEP][PASSED] - Statement - counter = counter + 1: null

2018-12-04 12:38:29 - [TEST_STEP][PASSED] - Statement - PreSaveFile = new java.io.File(((pathPrefix + java.lang.Integer.toString(counter)) + .png)): null

2018-12-04 12:38:29 - [TEST_STEP][PASSED] - Statement - counter = counter + 1: null

2018-12-04 12:38:29 - [TEST_STEP][PASSED] - Statement - PreSaveFile = new java.io.File(((pathPrefix + java.lang.Integer.toString(counter)) + .png)): null

2018-12-04 12:38:30 - [TEST_STEP][PASSED] - Statement - counter = counter + 1: null

2018-12-04 12:38:30 - [TEST_STEP][PASSED] - Statement - PreSaveFile = new java.io.File(((pathPrefix + java.lang.Integer.toString(counter)) + .png)): null

2018-12-04 12:38:30 - [TEST_STEP][PASSED] - Statement - counter = counter + 1: null

2018-12-04 12:38:30 - [TEST_STEP][PASSED] - Statement - PreSaveFile = new java.io.File(((pathPrefix + java.lang.Integer.toString(counter)) + .png)): null

2018-12-04 12:38:30 - [TEST_STEP][PASSED] - Statement - counter = counter + 1: null

2018-12-04 12:38:30 - [TEST_STEP][PASSED] - Statement - PreSaveFile = new java.io.File(((pathPrefix + java.lang.Integer.toString(counter)) + .png)): null

2018-12-04 12:38:30 - [TEST_STEP][PASSED] - Statement - counter = counter + 1: null

2018-12-04 12:38:30 - [TEST_STEP][PASSED] - Statement - PreSaveFile = new java.io.File(((pathPrefix + java.lang.Integer.toString(counter)) + .png)): null

2018-12-04 12:38:30 - [TEST_STEP][PASSED] - Statement - counter = counter + 1: null

2018-12-04 12:38:32 - [TEST_STEP][PASSED] - Statement - PreSaveFile = new java.io.File(((pathPrefix + java.lang.Integer.toString(counter)) + .png)): null

2018-12-04 12:38:32 - [TEST_STEP][PASSED] - Statement - counter = counter + 1: null

2018-12-04 12:38:32 - [TEST_STEP][PASSED] - Statement - PreSaveFile = new java.io.File(((pathPrefix + java.lang.Integer.toString(counter)) + .png)): null

2018-12-04 12:38:32 - [TEST_STEP][PASSED] - Statement - counter = counter + 1: null

2018-12-04 12:38:32 - [TEST_STEP][PASSED] - Statement - PreSaveFile = new java.io.File(((pathPrefix + java.lang.Integer.toString(counter)) + .png)): null

2018-12-04 12:38:32 - [TEST_STEP][PASSED] - Statement - counter = counter + 1: null

2018-12-04 12:38:32 - [TEST_STEP][PASSED] - Statement - PreSaveFile = new java.io.File(((pathPrefix + java.lang.Integer.toString(counter)) + .png)): null

2018-12-04 12:38:32 - [TEST_STEP][PASSED] - Statement - counter = counter + 1: null

2018-12-04 12:38:32 - [TEST_STEP][PASSED] - Statement - PreSaveFile = new java.io.File(((pathPrefix + java.lang.Integer.toString(counter)) + .png)): null

2018-12-04 12:38:32 - [TEST_STEP][PASSED] - Statement - counter = counter + 1: null

2018-12-04 12:38:33 - [TEST_STEP][PASSED] - Statement - PreSaveFile = new java.io.File(((pathPrefix + java.lang.Integer.toString(counter)) + .png)): null

2018-12-04 12:38:33 - [TEST_STEP][PASSED] - Statement - counter = counter + 1: null

2018-12-04 12:38:33 - [TEST_STEP][PASSED] - Statement - PreSaveFile = new java.io.File(((pathPrefix + java.lang.Integer.toString(counter)) + .png)): null

2018-12-04 12:38:33 - [TEST_STEP][PASSED] - Statement - counter = counter + 1: null

2018-12-04 12:38:33 - [TEST_STEP][PASSED] - Statement - PreSaveFile = new java.io.File(((pathPrefix + java.lang.Integer.toString(counter)) + .png)): null

2018-12-04 12:38:33 - [TEST_STEP][PASSED] - Statement - counter = counter + 1: null

2018-12-04 12:38:33 - [TEST_STEP][PASSED] - Statement - PreSaveFile = new java.io.File(((pathPrefix + java.lang.Integer.toString(counter)) + .png)): null

2018-12-04 12:38:33 - [TEST_STEP][PASSED] - Statement - counter = counter + 1: null

2018-12-04 12:38:33 - [TEST_STEP][PASSED] - Statement - PreSaveFile = new java.io.File(((pathPrefix + java.lang.Integer.toString(counter)) + .png)): null

2018-12-04 12:38:33 - [TEST_STEP][PASSED] - Statement - counter = counter + 1: null

2018-12-04 12:38:35 - [TEST_STEP][PASSED] - Statement - PreSaveFile = new java.io.File(((pathPrefix + java.lang.Integer.toString(counter)) + .png)): null

2018-12-04 12:38:35 - [TEST_STEP][PASSED] - Statement - counter = counter + 1: null

2018-12-04 12:38:35 - [TEST_STEP][PASSED] - Statement - PreSaveFile = new java.io.File(((pathPrefix + java.lang.Integer.toString(counter)) + .png)): null

2018-12-04 12:38:35 - [TEST_STEP][PASSED] - Statement - counter = counter + 1: null

2018-12-04 12:38:35 - [TEST_STEP][PASSED] - Statement - PreSaveFile = new java.io.File(((pathPrefix + java.lang.Integer.toString(counter)) + .png)): null

2018-12-04 12:38:35 - [TEST_STEP][PASSED] - Statement - counter = counter + 1: null

2018-12-04 12:38:35 - [TEST_STEP][PASSED] - Statement - PreSaveFile = new java.io.File(((pathPrefix + java.lang.Integer.toString(counter)) + .png)): null

2018-12-04 12:38:35 - [TEST_STEP][PASSED] - Statement - counter = counter + 1: null

2018-12-04 12:38:35 - [TEST_STEP][PASSED] - Statement - PreSaveFile = new java.io.File(((pathPrefix + java.lang.Integer.toString(counter)) + .png)): null

2018-12-04 12:38:37 - [TEST_STEP][PASSED] - Statement - counter = counter + 1: null

2018-12-04 12:38:37 - [TEST_STEP][PASSED] - Statement - PreSaveFile = new java.io.File(((pathPrefix + java.lang.Integer.toString(counter)) + .png)): null

2018-12-04 12:38:37 - [TEST_STEP][PASSED] - Statement - counter = counter + 1: null

2018-12-04 12:38:37 - [TEST_STEP][PASSED] - Statement - PreSaveFile = new java.io.File(((pathPrefix + java.lang.Integer.toString(counter)) + .png)): null

2018-12-04 12:38:37 - [TEST_STEP][PASSED] - Statement - counter = counter + 1: null

2018-12-04 12:38:37 - [TEST_STEP][PASSED] - Statement - PreSaveFile = new java.io.File(((pathPrefix + java.lang.Integer.toString(counter)) + .png)): null

2018-12-04 12:38:37 - [TEST_STEP][PASSED] - Statement - counter = counter + 1: null

2018-12-04 12:38:37 - [TEST_STEP][PASSED] - Statement - PreSaveFile = new java.io.File(((pathPrefix + java.lang.Integer.toString(counter)) + .png)): null

2018-12-04 12:38:37 - [TEST_STEP][PASSED] - Statement - counter = counter + 1: null

2018-12-04 12:38:37 - [TEST_STEP][PASSED] - Statement - PreSaveFile = new java.io.File(((pathPrefix + java.lang.Integer.toString(counter)) + .png)): null

2018-12-04 12:38:39 - [TEST_STEP][PASSED] - Statement - counter = counter + 1: null

2018-12-04 12:38:39 - [TEST_STEP][PASSED] - Statement - PreSaveFile = new java.io.File(((pathPrefix + java.lang.Integer.toString(counter)) + .png)): null

2018-12-04 12:38:39 - [TEST_STEP][PASSED] - Statement - counter = counter + 1: null

2018-12-04 12:38:39 - [TEST_STEP][PASSED] - Statement - PreSaveFile = new java.io.File(((pathPrefix + java.lang.Integer.toString(counter)) + .png)): null

2018-12-04 12:38:39 - [TEST_STEP][PASSED] - Statement - counter = counter + 1: null

2018-12-04 12:38:39 - [TEST_STEP][PASSED] - Statement - PreSaveFile = new java.io.File(((pathPrefix + java.lang.Integer.toString(counter)) + .png)): null

2018-12-04 12:38:39 - [TEST_STEP][PASSED] - Statement - counter = counter + 1: null

2018-12-04 12:38:39 - [TEST_STEP][PASSED] - Statement - PreSaveFile = new java.io.File(((pathPrefix + java.lang.Integer.toString(counter)) + .png)): null

2018-12-04 12:38:39 - [TEST_STEP][PASSED] - Statement - counter = counter + 1: null

2018-12-04 12:38:40 - [TEST_STEP][PASSED] - Statement - PreSaveFile = new java.io.File(((pathPrefix + java.lang.Integer.toString(counter)) + .png)): null

2018-12-04 12:38:40 - [TEST_STEP][PASSED] - Statement - counter = counter + 1: null

2018-12-04 12:38:40 - [TEST_STEP][PASSED] - Statement - PreSaveFile = new java.io.File(((pathPrefix + java.lang.Integer.toString(counter)) + .png)): null

2018-12-04 12:38:40 - [TEST_STEP][PASSED] - Statement - counter = counter + 1: null

2018-12-04 12:38:40 - [TEST_STEP][PASSED] - Statement - PreSaveFile = new java.io.File(((pathPrefix + java.lang.Integer.toString(counter)) + .png)): null

2018-12-04 12:38:40 - [TEST_STEP][PASSED] - Statement - counter = counter + 1: null

2018-12-04 12:38:40 - [TEST_STEP][PASSED] - Statement - PreSaveFile = new java.io.File(((pathPrefix + java.lang.Integer.toString(counter)) + .png)): null

2018-12-04 12:38:40 - [TEST_STEP][PASSED] - Statement - counter = counter + 1: null

2018-12-04 12:38:40 - [TEST_STEP][PASSED] - Statement - PreSaveFile = new java.io.File(((pathPrefix + java.lang.Integer.toString(counter)) + .png)): null

2018-12-04 12:38:40 - [TEST_STEP][PASSED] - Statement - counter = counter + 1: null

2018-12-04 12:38:42 - [TEST_STEP][PASSED] - Statement - PreSaveFile = new java.io.File(((pathPrefix + java.lang.Integer.toString(counter)) + .png)): null

2018-12-04 12:38:42 - [TEST_STEP][PASSED] - Statement - counter = counter + 1: null

2018-12-04 12:38:42 - [TEST_STEP][PASSED] - Statement - PreSaveFile = new java.io.File(((pathPrefix + java.lang.Integer.toString(counter)) + .png)): null

2018-12-04 12:38:42 - [TEST_STEP][PASSED] - Statement - counter = counter + 1: null

2018-12-04 12:38:42 - [TEST_STEP][PASSED] - Statement - PreSaveFile = new java.io.File(((pathPrefix + java.lang.Integer.toString(counter)) + .png)): null

2018-12-04 12:38:42 - [TEST_STEP][PASSED] - Statement - counter = counter + 1: null

2018-12-04 12:38:42 - [TEST_STEP][PASSED] - Statement - PreSaveFile = new java.io.File(((pathPrefix + java.lang.Integer.toString(counter)) + .png)): null

2018-12-04 12:38:42 - [TEST_STEP][PASSED] - Statement - counter = counter + 1: null

2018-12-04 12:38:42 - [TEST_STEP][PASSED] - Statement - PreSaveFile = new java.io.File(((pathPrefix + java.lang.Integer.toString(counter)) + .png)): null

2018-12-04 12:38:42 - [TEST_STEP][PASSED] - Statement - counter = counter + 1: null

2018-12-04 12:38:44 - [TEST_STEP][PASSED] - Statement - PreSaveFile = new java.io.File(((pathPrefix + java.lang.Integer.toString(counter)) + .png)): null

2018-12-04 12:38:44 - [TEST_STEP][PASSED] - Statement - counter = counter + 1: null

2018-12-04 12:38:44 - [TEST_STEP][PASSED] - Statement - PreSaveFile = new java.io.File(((pathPrefix + java.lang.Integer.toString(counter)) + .png)): null

2018-12-04 12:38:44 - [TEST_STEP][PASSED] - Statement - counter = counter + 1: null

2018-12-04 12:38:44 - [TEST_STEP][PASSED] - Statement - PreSaveFile = new java.io.File(((pathPrefix + java.lang.Integer.toString(counter)) + .png)): null

2018-12-04 12:38:44 - [TEST_STEP][PASSED] - Statement - counter = counter + 1: null

2018-12-04 12:38:44 - [TEST_STEP][PASSED] - Statement - PreSaveFile = new java.io.File(((pathPrefix + java.lang.Integer.toString(counter)) + .png)): null

2018-12-04 12:38:44 - [TEST_STEP][PASSED] - Statement - counter = counter + 1: null

2018-12-04 12:38:44 - [TEST_STEP][PASSED] - Statement - PreSaveFile = new java.io.File(((pathPrefix + java.lang.Integer.toString(counter)) + .png)): null

2018-12-04 12:38:46 - [TEST_STEP][PASSED] - Statement - counter = counter + 1: null

2018-12-04 12:38:46 - [TEST_STEP][PASSED] - Statement - PreSaveFile = new java.io.File(((pathPrefix + java.lang.Integer.toString(counter)) + .png)): null

2018-12-04 12:38:46 - [TEST_STEP][PASSED] - Statement - counter = counter + 1: null

2018-12-04 12:38:46 - [TEST_STEP][PASSED] - Statement - PreSaveFile = new java.io.File(((pathPrefix + java.lang.Integer.toString(counter)) + .png)): null

2018-12-04 12:38:46 - [TEST_STEP][PASSED] - Statement - counter = counter + 1: null

2018-12-04 12:38:46 - [TEST_STEP][PASSED] - Statement - PreSaveFile = new java.io.File(((pathPrefix + java.lang.Integer.toString(counter)) + .png)): null

2018-12-04 12:38:46 - [TEST_STEP][PASSED] - Statement - counter = counter + 1: null

2018-12-04 12:38:46 - [TEST_STEP][PASSED] - Statement - PreSaveFile = new java.io.File(((pathPrefix + java.lang.Integer.toString(counter)) + .png)): null

2018-12-04 12:38:46 - [TEST_STEP][PASSED] - Statement - counter = counter + 1: null

2018-12-04 12:38:48 - [TEST_STEP][PASSED] - Statement - PreSaveFile = new java.io.File(((pathPrefix + java.lang.Integer.toString(counter)) + .png)): null

2018-12-04 12:38:48 - [TEST_STEP][PASSED] - Statement - counter = counter + 1: null

2018-12-04 12:38:48 - [TEST_STEP][PASSED] - Statement - PreSaveFile = new java.io.File(((pathPrefix + java.lang.Integer.toString(counter)) + .png)): null

2018-12-04 12:38:48 - [TEST_STEP][PASSED] - Statement - counter = counter + 1: null

2018-12-04 12:38:48 - [TEST_STEP][PASSED] - Statement - PreSaveFile = new java.io.File(((pathPrefix + java.lang.Integer.toString(counter)) + .png)): null

2018-12-04 12:38:48 - [TEST_STEP][PASSED] - Statement - counter = counter + 1: null

2018-12-04 12:38:48 - [TEST_STEP][PASSED] - Statement - PreSaveFile = new java.io.File(((pathPrefix + java.lang.Integer.toString(counter)) + .png)): null

2018-12-04 12:38:48 - [TEST_STEP][PASSED] - Statement - counter = counter + 1: null

2018-12-04 12:38:48 - [TEST_STEP][PASSED] - Statement - PreSaveFile = new java.io.File(((pathPrefix + java.lang.Integer.toString(counter)) + .png)): null

2018-12-04 12:38:48 - [TEST_STEP][PASSED] - Statement - counter = counter + 1: null

2018-12-04 12:38:50 - [TEST_STEP][PASSED] - Statement - PreSaveFile = new java.io.File(((pathPrefix + java.lang.Integer.toString(counter)) + .png)): null

2018-12-04 12:38:50 - [TEST_STEP][PASSED] - Statement - counter = counter + 1: null

2018-12-04 12:38:50 - [TEST_STEP][PASSED] - Statement - PreSaveFile = new java.io.File(((pathPrefix + java.lang.Integer.toString(counter)) + .png)): null

2018-12-04 12:38:50 - [TEST_STEP][PASSED] - Statement - counter = counter + 1: null

2018-12-04 12:38:50 - [TEST_STEP][PASSED] - Statement - PreSaveFile = new java.io.File(((pathPrefix + java.lang.Integer.toString(counter)) + .png)): null

2018-12-04 12:38:50 - [TEST_STEP][PASSED] - Statement - counter = counter + 1: null

2018-12-04 12:38:50 - [TEST_STEP][PASSED] - Statement - PreSaveFile = new java.io.File(((pathPrefix + java.lang.Integer.toString(counter)) + .png)): null

2018-12-04 12:38:50 - [TEST_STEP][PASSED] - Statement - counter = counter + 1: null

2018-12-04 12:38:50 - [TEST_STEP][PASSED] - Statement - PreSaveFile = new java.io.File(((pathPrefix + java.lang.Integer.toString(counter)) + .png)): null

2018-12-04 12:38:50 - [TEST_STEP][PASSED] - Statement - counter = counter + 1: null

2018-12-04 12:38:51 - [TEST_STEP][PASSED] - Statement - PreSaveFile = new java.io.File(((pathPrefix + java.lang.Integer.toString(counter)) + .png)): null

2018-12-04 12:38:51 - [TEST_STEP][PASSED] - Statement - counter = counter + 1: null

2018-12-04 12:38:51 - [TEST_STEP][PASSED] - Statement - PreSaveFile = new java.io.File(((pathPrefix + java.lang.Integer.toString(counter)) + .png)): null

2018-12-04 12:38:51 - [TEST_STEP][PASSED] - Statement - counter = counter + 1: null

2018-12-04 12:38:51 - [TEST_STEP][PASSED] - Statement - PreSaveFile = new java.io.File(((pathPrefix + java.lang.Integer.toString(counter)) + .png)): null

2018-12-04 12:38:51 - [TEST_STEP][PASSED] - Statement - counter = counter + 1: null

2018-12-04 12:38:51 - [TEST_STEP][PASSED] - Statement - PreSaveFile = new java.io.File(((pathPrefix + java.lang.Integer.toString(counter)) + .png)): null

2018-12-04 12:38:51 - [TEST_STEP][PASSED] - Statement - counter = counter + 1: null

2018-12-04 12:38:51 - [TEST_STEP][PASSED] - Statement - PreSaveFile = new java.io.File(((pathPrefix + java.lang.Integer.toString(counter)) + .png)): null

2018-12-04 12:38:51 - [TEST_STEP][PASSED] - Statement - counter = counter + 1: null

2018-12-04 12:38:53 - [TEST_STEP][PASSED] - Statement - PreSaveFile = new java.io.File(((pathPrefix + java.lang.Integer.toString(counter)) + .png)): null

2018-12-04 12:38:53 - [TEST_STEP][PASSED] - Statement - counter = counter + 1: null

2018-12-04 12:38:53 - [TEST_STEP][PASSED] - Statement - PreSaveFile = new java.io.File(((pathPrefix + java.lang.Integer.toString(counter)) + .png)): null

2018-12-04 12:38:53 - [TEST_STEP][PASSED] - Statement - counter = counter + 1: null

2018-12-04 12:38:53 - [TEST_STEP][PASSED] - Statement - PreSaveFile = new java.io.File(((pathPrefix + java.lang.Integer.toString(counter)) + .png)): null

2018-12-04 12:38:53 - [TEST_STEP][PASSED] - Statement - counter = counter + 1: null

2018-12-04 12:38:53 - [TEST_STEP][PASSED] - Statement - PreSaveFile = new java.io.File(((pathPrefix + java.lang.Integer.toString(counter)) + .png)): null

2018-12-04 12:38:53 - [TEST_STEP][PASSED] - Statement - counter = counter + 1: null

2018-12-04 12:38:53 - [TEST_STEP][PASSED] - Statement - PreSaveFile = new java.io.File(((pathPrefix + java.lang.Integer.toString(counter)) + .png)): null

2018-12-04 12:38:55 - [TEST_STEP][PASSED] - Statement - counter = counter + 1: null

2018-12-04 12:38:55 - [TEST_STEP][PASSED] - Statement - PreSaveFile = new java.io.File(((pathPrefix + java.lang.Integer.toString(counter)) + .png)): null

2018-12-04 12:38:55 - [TEST_STEP][PASSED] - Statement - counter = counter + 1: null

2018-12-04 12:38:55 - [TEST_STEP][PASSED] - Statement - PreSaveFile = new java.io.File(((pathPrefix + java.lang.Integer.toString(counter)) + .png)): null

2018-12-04 12:38:55 - [TEST_STEP][PASSED] - Statement - counter = counter + 1: null

2018-12-04 12:38:55 - [TEST_STEP][PASSED] - Statement - PreSaveFile = new java.io.File(((pathPrefix + java.lang.Integer.toString(counter)) + .png)): null

2018-12-04 12:38:55 - [TEST_STEP][PASSED] - Statement - counter = counter + 1: null

2018-12-04 12:38:55 - [TEST_STEP][PASSED] - Statement - PreSaveFile = new java.io.File(((pathPrefix + java.lang.Integer.toString(counter)) + .png)): null

2018-12-04 12:38:55 - [TEST_STEP][PASSED] - Statement - counter = counter + 1: null

2018-12-04 12:38:56 - [TEST_STEP][PASSED] - Statement - PreSaveFile = new java.io.File(((pathPrefix + java.lang.Integer.toString(counter)) + .png)): null

2018-12-04 12:38:56 - [TEST_STEP][PASSED] - Statement - counter = counter + 1: null

2018-12-04 12:38:56 - [TEST_STEP][PASSED] - Statement - PreSaveFile = new java.io.File(((pathPrefix + java.lang.Integer.toString(counter)) + .png)): null

2018-12-04 12:38:56 - [TEST_STEP][PASSED] - Statement - counter = counter + 1: null

2018-12-04 12:38:56 - [TEST_STEP][PASSED] - Statement - PreSaveFile = new java.io.File(((pathPrefix + java.lang.Integer.toString(counter)) + .png)): null

2018-12-04 12:38:56 - [TEST_STEP][PASSED] - Statement - counter = counter + 1: null

2018-12-04 12:38:56 - [TEST_STEP][PASSED] - Statement - PreSaveFile = new java.io.File(((pathPrefix + java.lang.Integer.toString(counter)) + .png)): null

2018-12-04 12:38:56 - [TEST_STEP][PASSED] - Statement - counter = counter + 1: null

2018-12-04 12:38:56 - [TEST_STEP][PASSED] - Statement - PreSaveFile = new java.io.File(((pathPrefix + java.lang.Integer.toString(counter)) + .png)): null

2018-12-04 12:38:56 - [TEST_STEP][PASSED] - Statement - counter = counter + 1: null

2018-12-04 12:38:58 - [TEST_STEP][PASSED] - Statement - PreSaveFile = new java.io.File(((pathPrefix + java.lang.Integer.toString(counter)) + .png)): null

2018-12-04 12:38:58 - [TEST_STEP][PASSED] - Statement - counter = counter + 1: null

2018-12-04 12:38:58 - [TEST_STEP][PASSED] - Statement - PreSaveFile = new java.io.File(((pathPrefix + java.lang.Integer.toString(counter)) + .png)): null

2018-12-04 12:38:58 - [TEST_STEP][PASSED] - Statement - counter = counter + 1: null

2018-12-04 12:38:58 - [TEST_STEP][PASSED] - Statement - PreSaveFile = new java.io.File(((pathPrefix + java.lang.Integer.toString(counter)) + .png)): null

2018-12-04 12:38:58 - [TEST_STEP][PASSED] - Statement - counter = counter + 1: null

2018-12-04 12:38:58 - [TEST_STEP][PASSED] - Statement - PreSaveFile = new java.io.File(((pathPrefix + java.lang.Integer.toString(counter)) + .png)): null

2018-12-04 12:38:58 - [TEST_STEP][PASSED] - Statement - counter = counter + 1: null

2018-12-04 12:38:58 - [TEST_STEP][PASSED] - Statement - PreSaveFile = new java.io.File(((pathPrefix + java.lang.Integer.toString(counter)) + .png)): null

2018-12-04 12:38:58 - [TEST_STEP][PASSED] - Statement - counter = counter + 1: null

2018-12-04 12:39:00 - [TEST_STEP][PASSED] - Statement - PreSaveFile = new java.io.File(((pathPrefix + java.lang.Integer.toString(counter)) + .png)): null

2018-12-04 12:39:00 - [TEST_STEP][PASSED] - Statement - counter = counter + 1: null

2018-12-04 12:39:00 - [TEST_STEP][PASSED] - Statement - PreSaveFile = new java.io.File(((pathPrefix + java.lang.Integer.toString(counter)) + .png)): null

2018-12-04 12:39:00 - [TEST_STEP][PASSED] - Statement - counter = counter + 1: null

2018-12-04 12:39:00 - [TEST_STEP][PASSED] - Statement - PreSaveFile = new java.io.File(((pathPrefix + java.lang.Integer.toString(counter)) + .png)): null

2018-12-04 12:39:00 - [TEST_STEP][PASSED] - Statement - counter = counter + 1: null

2018-12-04 12:39:00 - [TEST_STEP][PASSED] - Statement - PreSaveFile = new java.io.File(((pathPrefix + java.lang.Integer.toString(counter)) + .png)): null

2018-12-04 12:39:00 - [TEST_STEP][PASSED] - Statement - counter = counter + 1: null

2018-12-04 12:39:00 - [TEST_STEP][PASSED] - Statement - PreSaveFile = new java.io.File(((pathPrefix + java.lang.Integer.toString(counter)) + .png)): null

2018-12-04 12:39:02 - [TEST_STEP][PASSED] - Statement - counter = counter + 1: null

2018-12-04 12:39:02 - [TEST_STEP][PASSED] - Statement - PreSaveFile = new java.io.File(((pathPrefix + java.lang.Integer.toString(counter)) + .png)): null

2018-12-04 12:39:02 - [TEST_STEP][PASSED] - Statement - counter = counter + 1: null

2018-12-04 12:39:02 - [TEST_STEP][PASSED] - Statement - PreSaveFile = new java.io.File(((pathPrefix + java.lang.Integer.toString(counter)) + .png)): null

2018-12-04 12:39:02 - [TEST_STEP][PASSED] - Statement - counter = counter + 1: null

2018-12-04 12:39:02 - [TEST_STEP][PASSED] - Statement - PreSaveFile = new java.io.File(((pathPrefix + java.lang.Integer.toString(counter)) + .png)): null

2018-12-04 12:39:02 - [TEST_STEP][PASSED] - Statement - counter = counter + 1: null

2018-12-04 12:39:02 - [TEST_STEP][PASSED] - Statement - PreSaveFile = new java.io.File(((pathPrefix + java.lang.Integer.toString(counter)) + .png)): null

2018-12-04 12:39:02 - [TEST_STEP][PASSED] - Statement - counter = counter + 1: null

2018-12-04 12:39:02 - [TEST_STEP][PASSED] - Statement - PreSaveFile = new java.io.File(((pathPrefix + java.lang.Integer.toString(counter)) + .png)): null

2018-12-04 12:39:04 - [TEST_STEP][PASSED] - Statement - counter = counter + 1: null

2018-12-04 12:39:04 - [TEST_STEP][PASSED] - Statement - PreSaveFile = new java.io.File(((pathPrefix + java.lang.Integer.toString(counter)) + .png)): null

2018-12-04 12:39:04 - [TEST_STEP][PASSED] - Statement - counter = counter + 1: null

2018-12-04 12:39:04 - [TEST_STEP][PASSED] - Statement - PreSaveFile = new java.io.File(((pathPrefix + java.lang.Integer.toString(counter)) + .png)): null

2018-12-04 12:39:04 - [TEST_STEP][PASSED] - Statement - counter = counter + 1: null

2018-12-04 12:39:04 - [TEST_STEP][PASSED] - Statement - PreSaveFile = new java.io.File(((pathPrefix + java.lang.Integer.toString(counter)) + .png)): null

2018-12-04 12:39:04 - [TEST_STEP][PASSED] - Statement - counter = counter + 1: null

2018-12-04 12:39:04 - [TEST_STEP][PASSED] - Statement - PreSaveFile = new java.io.File(((pathPrefix + java.lang.Integer.toString(counter)) + .png)): null

2018-12-04 12:39:04 - [TEST_STEP][PASSED] - Statement - counter = counter + 1: null

2018-12-04 12:39:06 - [TEST_STEP][PASSED] - Statement - PreSaveFile = new java.io.File(((pathPrefix + java.lang.Integer.toString(counter)) + .png)): null

2018-12-04 12:39:06 - [TEST_STEP][PASSED] - Statement - counter = counter + 1: null

2018-12-04 12:39:06 - [TEST_STEP][PASSED] - Statement - PreSaveFile = new java.io.File(((pathPrefix + java.lang.Integer.toString(counter)) + .png)): null

2018-12-04 12:39:06 - [TEST_STEP][PASSED] - Statement - counter = counter + 1: null

2018-12-04 12:39:06 - [TEST_STEP][PASSED] - Statement - PreSaveFile = new java.io.File(((pathPrefix + java.lang.Integer.toString(counter)) + .png)): null

2018-12-04 12:39:06 - [TEST_STEP][PASSED] - Statement - counter = counter + 1: null

2018-12-04 12:39:06 - [TEST_STEP][PASSED] - Statement - PreSaveFile = new java.io.File(((pathPrefix + java.lang.Integer.toString(counter)) + .png)): null

2018-12-04 12:39:06 - [TEST_STEP][PASSED] - Statement - counter = counter + 1: null

2018-12-04 12:39:06 - [TEST_STEP][PASSED] - Statement - PreSaveFile = new java.io.File(((pathPrefix + java.lang.Integer.toString(counter)) + .png)): null

2018-12-04 12:39:06 - [TEST_STEP][PASSED] - Statement - counter = counter + 1: null

2018-12-04 12:39:08 - [TEST_STEP][PASSED] - Statement - PreSaveFile = new java.io.File(((pathPrefix + java.lang.Integer.toString(counter)) + .png)): null

2018-12-04 12:39:08 - [TEST_STEP][PASSED] - Statement - counter = counter + 1: null

2018-12-04 12:39:08 - [TEST_STEP][PASSED] - Statement - PreSaveFile = new java.io.File(((pathPrefix + java.lang.Integer.toString(counter)) + .png)): null

2018-12-04 12:39:08 - [TEST_STEP][PASSED] - Statement - counter = counter + 1: null

2018-12-04 12:39:08 - [TEST_STEP][PASSED] - Statement - PreSaveFile = new java.io.File(((pathPrefix + java.lang.Integer.toString(counter)) + .png)): null

2018-12-04 12:39:08 - [TEST_STEP][PASSED] - Statement - counter = counter + 1: null

2018-12-04 12:39:08 - [TEST_STEP][PASSED] - Statement - PreSaveFile = new java.io.File(((pathPrefix + java.lang.Integer.toString(counter)) + .png)): null

2018-12-04 12:39:08 - [TEST_STEP][PASSED] - Statement - counter = counter + 1: null

2018-12-04 12:39:08 - [TEST_STEP][PASSED] - Statement - PreSaveFile = new java.io.File(((pathPrefix + java.lang.Integer.toString(counter)) + .png)): null

2018-12-04 12:39:08 - [TEST_STEP][PASSED] - Statement - counter = counter + 1: null

2018-12-04 12:39:10 - [TEST_STEP][PASSED] - Statement - PreSaveFile = new java.io.File(((pathPrefix + java.lang.Integer.toString(counter)) + .png)): null

2018-12-04 12:39:10 - [TEST_STEP][PASSED] - Statement - counter = counter + 1: null

2018-12-04 12:39:10 - [TEST_STEP][PASSED] - Statement - PreSaveFile = new java.io.File(((pathPrefix + java.lang.Integer.toString(counter)) + .png)): null

2018-12-04 12:39:10 - [TEST_STEP][PASSED] - Statement - counter = counter + 1: null

2018-12-04 12:39:10 - [TEST_STEP][PASSED] - Statement - PreSaveFile = new java.io.File(((pathPrefix + java.lang.Integer.toString(counter)) + .png)): null

2018-12-04 12:39:10 - [TEST_STEP][PASSED] - Statement - counter = counter + 1: null

2018-12-04 12:39:10 - [TEST_STEP][PASSED] - Statement - PreSaveFile = new java.io.File(((pathPrefix + java.lang.Integer.toString(counter)) + .png)): null

2018-12-04 12:39:10 - [TEST_STEP][PASSED] - Statement - counter = counter + 1: null

2018-12-04 12:39:10 - [TEST_STEP][PASSED] - Statement - PreSaveFile = new java.io.File(((pathPrefix + java.lang.Integer.toString(counter)) + .png)): null

2018-12-04 12:39:11 - [TEST_STEP][PASSED] - Statement - counter = counter + 1: null

2018-12-04 12:39:11 - [TEST_STEP][PASSED] - Statement - PreSaveFile = new java.io.File(((pathPrefix + java.lang.Integer.toString(counter)) + .png)): null

2018-12-04 12:39:11 - [TEST_STEP][PASSED] - Statement - counter = counter + 1: null

2018-12-04 12:39:11 - [TEST_STEP][PASSED] - Statement - PreSaveFile = new java.io.File(((pathPrefix + java.lang.Integer.toString(counter)) + .png)): null

2018-12-04 12:39:11 - [TEST_STEP][PASSED] - Statement - counter = counter + 1: null

2018-12-04 12:39:11 - [TEST_STEP][PASSED] - Statement - PreSaveFile = new java.io.File(((pathPrefix + java.lang.Integer.toString(counter)) + .png)): null

2018-12-04 12:39:11 - [TEST_STEP][PASSED] - Statement - counter = counter + 1: null

2018-12-04 12:39:11 - [TEST_STEP][PASSED] - Statement - PreSaveFile = new java.io.File(((pathPrefix + java.lang.Integer.toString(counter)) + .png)): null

2018-12-04 12:39:11 - [TEST_STEP][PASSED] - Statement - counter = counter + 1: null

2018-12-04 12:39:12 - [TEST_STEP][PASSED] - Statement - PreSaveFile = new java.io.File(((pathPrefix + java.lang.Integer.toString(counter)) + .png)): null

2018-12-04 12:39:12 - [TEST_STEP][PASSED] - Statement - counter = counter + 1: null

2018-12-04 12:39:12 - [TEST_STEP][PASSED] - Statement - PreSaveFile = new java.io.File(((pathPrefix + java.lang.Integer.toString(counter)) + .png)): null

2018-12-04 12:39:12 - [TEST_STEP][PASSED] - Statement - counter = counter + 1: null

2018-12-04 12:39:12 - [TEST_STEP][PASSED] - Statement - PreSaveFile = new java.io.File(((pathPrefix + java.lang.Integer.toString(counter)) + .png)): null

2018-12-04 12:39:12 - [TEST_STEP][PASSED] - Statement - counter = counter + 1: null

2018-12-04 12:39:12 - [TEST_STEP][PASSED] - Statement - PreSaveFile = new java.io.File(((pathPrefix + java.lang.Integer.toString(counter)) + .png)): null

2018-12-04 12:39:12 - [TEST_STEP][PASSED] - Statement - counter = counter + 1: null

2018-12-04 12:39:12 - [TEST_STEP][PASSED] - Statement - PreSaveFile = new java.io.File(((pathPrefix + java.lang.Integer.toString(counter)) + .png)): null

2018-12-04 12:39:12 - [TEST_STEP][PASSED] - Statement - counter = counter + 1: null

2018-12-04 12:39:14 - [TEST_STEP][PASSED] - Statement - PreSaveFile = new java.io.File(((pathPrefix + java.lang.Integer.toString(counter)) + .png)): null

2018-12-04 12:39:14 - [TEST_STEP][PASSED] - Statement - counter = counter + 1: null

2018-12-04 12:39:15 - [TEST_STEP][PASSED] - Statement - PreSaveFile = new java.io.File(((pathPrefix + java.lang.Integer.toString(counter)) + .png)): null

2018-12-04 12:39:15 - [TEST_STEP][PASSED] - Statement - counter = counter + 1: null

2018-12-04 12:39:15 - [TEST_STEP][PASSED] - Statement - PreSaveFile = new java.io.File(((pathPrefix + java.lang.Integer.toString(counter)) + .png)): null

2018-12-04 12:39:15 - [TEST_STEP][PASSED] - Statement - counter = counter + 1: null

2018-12-04 12:39:15 - [TEST_STEP][PASSED] - Statement - PreSaveFile = new java.io.File(((pathPrefix + java.lang.Integer.toString(counter)) + .png)): null

2018-12-04 12:39:15 - [TEST_STEP][PASSED] - Statement - counter = counter + 1: null

2018-12-04 12:39:15 - [TEST_STEP][PASSED] - Statement - PreSaveFile = new java.io.File(((pathPrefix + java.lang.Integer.toString(counter)) + .png)): null

2018-12-04 12:39:15 - [TEST_STEP][PASSED] - Statement - counter = counter + 1: null

2018-12-04 12:39:15 - [TEST_STEP][PASSED] - Statement - PreSaveFile = new java.io.File(((pathPrefix + java.lang.Integer.toString(counter)) + .png)): null

2018-12-04 12:39:15 - [TEST_STEP][PASSED] - Statement - counter = counter + 1: null

2018-12-04 12:39:16 - [TEST_STEP][PASSED] - Statement - PreSaveFile = new java.io.File(((pathPrefix + java.lang.Integer.toString(counter)) + .png)): null

2018-12-04 12:39:16 - [TEST_STEP][PASSED] - Statement - counter = counter + 1: null

2018-12-04 12:39:16 - [TEST_STEP][PASSED] - Statement - PreSaveFile = new java.io.File(((pathPrefix + java.lang.Integer.toString(counter)) + .png)): null

2018-12-04 12:39:16 - [TEST_STEP][PASSED] - Statement - counter = counter + 1: null

2018-12-04 12:39:16 - [TEST_STEP][PASSED] - Statement - PreSaveFile = new java.io.File(((pathPrefix + java.lang.Integer.toString(counter)) + .png)): null

2018-12-04 12:39:16 - [TEST_STEP][PASSED] - Statement - counter = counter + 1: null

2018-12-04 12:39:16 - [TEST_STEP][PASSED] - Statement - PreSaveFile = new java.io.File(((pathPrefix + java.lang.Integer.toString(counter)) + .png)): null

2018-12-04 12:39:16 - [TEST_STEP][PASSED] - Statement - counter = counter + 1: null

2018-12-04 12:39:16 - [TEST_STEP][PASSED] - Statement - PreSaveFile = new java.io.File(((pathPrefix + java.lang.Integer.toString(counter)) + .png)): null

2018-12-04 12:39:19 - [TEST_STEP][PASSED] - Statement - counter = counter + 1: null

2018-12-04 12:39:19 - [TEST_STEP][PASSED] - Statement - PreSaveFile = new java.io.File(((pathPrefix + java.lang.Integer.toString(counter)) + .png)): null

2018-12-04 12:39:19 - [TEST_STEP][PASSED] - Statement - counter = counter + 1: null

2018-12-04 12:39:19 - [TEST_STEP][PASSED] - Statement - PreSaveFile = new java.io.File(((pathPrefix + java.lang.Integer.toString(counter)) + .png)): null

2018-12-04 12:39:19 - [TEST_STEP][PASSED] - Statement - counter = counter + 1: null

2018-12-04 12:39:19 - [TEST_STEP][PASSED] - Statement - PreSaveFile = new java.io.File(((pathPrefix + java.lang.Integer.toString(counter)) + .png)): null

2018-12-04 12:39:19 - [TEST_STEP][PASSED] - Statement - counter = counter + 1: null

2018-12-04 12:39:19 - [TEST_STEP][PASSED] - Statement - PreSaveFile = new java.io.File(((pathPrefix + java.lang.Integer.toString(counter)) + .png)): null

2018-12-04 12:39:19 - [TEST_STEP][PASSED] - Statement - counter = counter + 1: null

2018-12-04 12:39:21 - [TEST_STEP][PASSED] - Statement - PreSaveFile = new java.io.File(((pathPrefix + java.lang.Integer.toString(counter)) + .png)): null

2018-12-04 12:39:21 - [TEST_STEP][PASSED] - Statement - counter = counter + 1: null

2018-12-04 12:39:21 - [TEST_STEP][PASSED] - Statement - PreSaveFile = new java.io.File(((pathPrefix + java.lang.Integer.toString(counter)) + .png)): null

2018-12-04 12:39:21 - [TEST_STEP][PASSED] - Statement - counter = counter + 1: null

2018-12-04 12:39:21 - [TEST_STEP][PASSED] - Statement - PreSaveFile = new java.io.File(((pathPrefix + java.lang.Integer.toString(counter)) + .png)): null

2018-12-04 12:39:21 - [TEST_STEP][PASSED] - Statement - counter = counter + 1: null

2018-12-04 12:39:21 - [TEST_STEP][PASSED] - Statement - PreSaveFile = new java.io.File(((pathPrefix + java.lang.Integer.toString(counter)) + .png)): null

2018-12-04 12:39:21 - [TEST_STEP][PASSED] - Statement - counter = counter + 1: null

2018-12-04 12:39:21 - [TEST_STEP][PASSED] - Statement - PreSaveFile = new java.io.File(((pathPrefix + java.lang.Integer.toString(counter)) + .png)): null

2018-12-04 12:39:21 - [TEST_STEP][PASSED] - Statement - counter = counter + 1: null

2018-12-04 12:39:23 - [TEST_STEP][PASSED] - Statement - PreSaveFile = new java.io.File(((pathPrefix + java.lang.Integer.toString(counter)) + .png)): null

2018-12-04 12:39:23 - [TEST_STEP][PASSED] - Statement - counter = counter + 1: null

2018-12-04 12:39:23 - [TEST_STEP][PASSED] - Statement - PreSaveFile = new java.io.File(((pathPrefix + java.lang.Integer.toString(counter)) + .png)): null

2018-12-04 12:39:23 - [TEST_STEP][PASSED] - Statement - counter = counter + 1: null

2018-12-04 12:39:23 - [TEST_STEP][PASSED] - Statement - PreSaveFile = new java.io.File(((pathPrefix + java.lang.Integer.toString(counter)) + .png)): null

2018-12-04 12:39:23 - [TEST_STEP][PASSED] - Statement - counter = counter + 1: null

2018-12-04 12:39:23 - [TEST_STEP][PASSED] - Statement - PreSaveFile = new java.io.File(((pathPrefix + java.lang.Integer.toString(counter)) + .png)): null

2018-12-04 12:39:23 - [TEST_STEP][PASSED] - Statement - counter = counter + 1: null

2018-12-04 12:39:23 - [TEST_STEP][PASSED] - Statement - PreSaveFile = new java.io.File(((pathPrefix + java.lang.Integer.toString(counter)) + .png)): null

2018-12-04 12:39:23 - [TEST_STEP][PASSED] - Statement - counter = counter + 1: null

2018-12-04 12:39:25 - [TEST_STEP][PASSED] - Statement - PreSaveFile = new java.io.File(((pathPrefix + java.lang.Integer.toString(counter)) + .png)): null

2018-12-04 12:39:25 - [TEST_STEP][PASSED] - Statement - counter = counter + 1: null

2018-12-04 12:39:25 - [TEST_STEP][PASSED] - Statement - PreSaveFile = new java.io.File(((pathPrefix + java.lang.Integer.toString(counter)) + .png)): null

2018-12-04 12:39:25 - [TEST_STEP][PASSED] - Statement - counter = counter + 1: null

2018-12-04 12:39:25 - [TEST_STEP][PASSED] - Statement - PreSaveFile = new java.io.File(((pathPrefix + java.lang.Integer.toString(counter)) + .png)): null

2018-12-04 12:39:25 - [TEST_STEP][PASSED] - Statement - counter = counter + 1: null

2018-12-04 12:39:25 - [TEST_STEP][PASSED] - Statement - PreSaveFile = new java.io.File(((pathPrefix + java.lang.Integer.toString(counter)) + .png)): null

2018-12-04 12:39:25 - [TEST_STEP][PASSED] - Statement - counter = counter + 1: null

2018-12-04 12:39:25 - [TEST_STEP][PASSED] - Statement - PreSaveFile = new java.io.File(((pathPrefix + java.lang.Integer.toString(counter)) + .png)): null

2018-12-04 12:39:27 - [TEST_STEP][PASSED] - Statement - counter = counter + 1: null

2018-12-04 12:39:27 - [TEST_STEP][PASSED] - Statement - PreSaveFile = new java.io.File(((pathPrefix + java.lang.Integer.toString(counter)) + .png)): null

2018-12-04 12:39:27 - [TEST_STEP][PASSED] - Statement - counter = counter + 1: null

2018-12-04 12:39:27 - [TEST_STEP][PASSED] - Statement - PreSaveFile = new java.io.File(((pathPrefix + java.lang.Integer.toString(counter)) + .png)): null

2018-12-04 12:39:27 - [TEST_STEP][PASSED] - Statement - counter = counter + 1: null

2018-12-04 12:39:27 - [TEST_STEP][PASSED] - Statement - PreSaveFile = new java.io.File(((pathPrefix + java.lang.Integer.toString(counter)) + .png)): null

2018-12-04 12:39:27 - [TEST_STEP][PASSED] - Statement - counter = counter + 1: null

2018-12-04 12:39:27 - [TEST_STEP][PASSED] - Statement - PreSaveFile = new java.io.File(((pathPrefix + java.lang.Integer.toString(counter)) + .png)): null

2018-12-04 12:39:27 - [TEST_STEP][PASSED] - Statement - counter = counter + 1: null

2018-12-04 12:39:30 - [TEST_STEP][PASSED] - Statement - PreSaveFile = new java.io.File(((pathPrefix + java.lang.Integer.toString(counter)) + .png)): null

2018-12-04 12:39:30 - [TEST_STEP][PASSED] - Statement - counter = counter + 1: null

2018-12-04 12:39:30 - [TEST_STEP][PASSED] - Statement - PreSaveFile = new java.io.File(((pathPrefix + java.lang.Integer.toString(counter)) + .png)): null

2018-12-04 12:39:30 - [TEST_STEP][PASSED] - Statement - counter = counter + 1: null

2018-12-04 12:39:30 - [TEST_STEP][PASSED] - Statement - PreSaveFile = new java.io.File(((pathPrefix + java.lang.Integer.toString(counter)) + .png)): null

2018-12-04 12:39:30 - [TEST_STEP][PASSED] - Statement - counter = counter + 1: null

2018-12-04 12:39:30 - [TEST_STEP][PASSED] - Statement - PreSaveFile = new java.io.File(((pathPrefix + java.lang.Integer.toString(counter)) + .png)): null

2018-12-04 12:39:30 - [TEST_STEP][PASSED] - Statement - counter = counter + 1: null

2018-12-04 12:39:30 - [TEST_STEP][PASSED] - Statement - PreSaveFile = new java.io.File(((pathPrefix + java.lang.Integer.toString(counter)) + .png)): null

2018-12-04 12:39:30 - [TEST_STEP][PASSED] - Statement - counter = counter + 1: null

2018-12-04 12:39:32 - [TEST_STEP][PASSED] - Statement - PreSaveFile = new java.io.File(((pathPrefix + java.lang.Integer.toString(counter)) + .png)): null

2018-12-04 12:39:32 - [TEST_STEP][PASSED] - Statement - counter = counter + 1: null

2018-12-04 12:39:32 - [TEST_STEP][PASSED] - Statement - PreSaveFile = new java.io.File(((pathPrefix + java.lang.Integer.toString(counter)) + .png)): null

2018-12-04 12:39:32 - [TEST_STEP][PASSED] - Statement - counter = counter + 1: null

2018-12-04 12:39:32 - [TEST_STEP][PASSED] - Statement - PreSaveFile = new java.io.File(((pathPrefix + java.lang.Integer.toString(counter)) + .png)): null

2018-12-04 12:39:32 - [TEST_STEP][PASSED] - Statement - counter = counter + 1: null

2018-12-04 12:39:32 - [TEST_STEP][PASSED] - Statement - PreSaveFile = new java.io.File(((pathPrefix + java.lang.Integer.toString(counter)) + .png)): null

2018-12-04 12:39:32 - [TEST_STEP][PASSED] - Statement - counter = counter + 1: null

2018-12-04 12:39:32 - [TEST_STEP][PASSED] - Statement - PreSaveFile = new java.io.File(((pathPrefix + java.lang.Integer.toString(counter)) + .png)): null

2018-12-04 12:39:32 - [TEST_STEP][PASSED] - Statement - counter = counter + 1: null

2018-12-04 12:39:34 - [TEST_STEP][PASSED] - Statement - PreSaveFile = new java.io.File(((pathPrefix + java.lang.Integer.toString(counter)) + .png)): null

2018-12-04 12:39:34 - [TEST_STEP][PASSED] - Statement - counter = counter + 1: null

2018-12-04 12:39:34 - [TEST_STEP][PASSED] - Statement - PreSaveFile = new java.io.File(((pathPrefix + java.lang.Integer.toString(counter)) + .png)): null

2018-12-04 12:39:34 - [TEST_STEP][PASSED] - Statement - counter = counter + 1: null

2018-12-04 12:39:34 - [TEST_STEP][PASSED] - Statement - PreSaveFile = new java.io.File(((pathPrefix + java.lang.Integer.toString(counter)) + .png)): null

2018-12-04 12:39:34 - [TEST_STEP][PASSED] - Statement - counter = counter + 1: null

2018-12-04 12:39:34 - [TEST_STEP][PASSED] - Statement - PreSaveFile = new java.io.File(((pathPrefix + java.lang.Integer.toString(counter)) + .png)): null

2018-12-04 12:39:34 - [TEST_STEP][PASSED] - Statement - counter = counter + 1: null

2018-12-04 12:39:34 - [TEST_STEP][PASSED] - Statement - PreSaveFile = new java.io.File(((pathPrefix + java.lang.Integer.toString(counter)) + .png)): null

2018-12-04 12:39:34 - [TEST_STEP][PASSED] - Statement - counter = counter + 1: null

2018-12-04 12:39:36 - [TEST_STEP][PASSED] - Statement - PreSaveFile = new java.io.File(((pathPrefix + java.lang.Integer.toString(counter)) + .png)): null

2018-12-04 12:39:36 - [TEST_STEP][PASSED] - Statement - counter = counter + 1: null

2018-12-04 12:39:36 - [TEST_STEP][PASSED] - Statement - PreSaveFile = new java.io.File(((pathPrefix + java.lang.Integer.toString(counter)) + .png)): null

2018-12-04 12:39:36 - [TEST_STEP][PASSED] - Statement - counter = counter + 1: null

2018-12-04 12:39:36 - [TEST_STEP][PASSED] - Statement - PreSaveFile = new java.io.File(((pathPrefix + java.lang.Integer.toString(counter)) + .png)): null

2018-12-04 12:39:36 - [TEST_STEP][PASSED] - Statement - counter = counter + 1: null

2018-12-04 12:39:36 - [TEST_STEP][PASSED] - Statement - PreSaveFile = new java.io.File(((pathPrefix + java.lang.Integer.toString(counter)) + .png)): null

2018-12-04 12:39:36 - [TEST_STEP][PASSED] - Statement - counter = counter + 1: null

2018-12-04 12:39:36 - [TEST_STEP][PASSED] - Statement - PreSaveFile = new java.io.File(((pathPrefix + java.lang.Integer.toString(counter)) + .png)): null

2018-12-04 12:39:38 - [TEST_STEP][PASSED] - Statement - counter = counter + 1: null

2018-12-04 12:39:38 - [TEST_STEP][PASSED] - Statement - PreSaveFile = new java.io.File(((pathPrefix + java.lang.Integer.toString(counter)) + .png)): null

2018-12-04 12:39:38 - [TEST_STEP][PASSED] - Statement - counter = counter + 1: null

2018-12-04 12:39:38 - [TEST_STEP][PASSED] - Statement - PreSaveFile = new java.io.File(((pathPrefix + java.lang.Integer.toString(counter)) + .png)): null

2018-12-04 12:39:38 - [TEST_STEP][PASSED] - Statement - counter = counter + 1: null

2018-12-04 12:39:38 - [TEST_STEP][PASSED] - Statement - PreSaveFile = new java.io.File(((pathPrefix + java.lang.Integer.toString(counter)) + .png)): null

2018-12-04 12:39:38 - [TEST_STEP][PASSED] - Statement - counter = counter + 1: null

2018-12-04 12:39:38 - [TEST_STEP][PASSED] - Statement - PreSaveFile = new java.io.File(((pathPrefix + java.lang.Integer.toString(counter)) + .png)): null

2018-12-04 12:39:38 - [TEST_STEP][PASSED] - Statement - counter = counter + 1: null

2018-12-04 12:39:40 - [TEST_STEP][PASSED] - Statement - PreSaveFile = new java.io.File(((pathPrefix + java.lang.Integer.toString(counter)) + .png)): null

2018-12-04 12:39:40 - [TEST_STEP][PASSED] - Statement - counter = counter + 1: null

2018-12-04 12:39:40 - [TEST_STEP][PASSED] - Statement - PreSaveFile = new java.io.File(((pathPrefix + java.lang.Integer.toString(counter)) + .png)): null

2018-12-04 12:39:40 - [TEST_STEP][PASSED] - Statement - counter = counter + 1: null

2018-12-04 12:39:40 - [TEST_STEP][PASSED] - Statement - PreSaveFile = new java.io.File(((pathPrefix + java.lang.Integer.toString(counter)) + .png)): null

2018-12-04 12:39:40 - [TEST_STEP][PASSED] - Statement - counter = counter + 1: null

2018-12-04 12:39:40 - [TEST_STEP][PASSED] - Statement - PreSaveFile = new java.io.File(((pathPrefix + java.lang.Integer.toString(counter)) + .png)): null

2018-12-04 12:39:40 - [TEST_STEP][PASSED] - Statement - counter = counter + 1: null

2018-12-04 12:39:40 - [TEST_STEP][PASSED] - Statement - PreSaveFile = new java.io.File(((pathPrefix + java.lang.Integer.toString(counter)) + .png)): null

2018-12-04 12:39:40 - [TEST_STEP][PASSED] - Statement - counter = counter + 1: null

2018-12-04 12:39:42 - [TEST_STEP][PASSED] - Statement - PreSaveFile = new java.io.File(((pathPrefix + java.lang.Integer.toString(counter)) + .png)): null

2018-12-04 12:39:42 - [TEST_STEP][PASSED] - Statement - counter = counter + 1: null

2018-12-04 12:39:42 - [TEST_STEP][PASSED] - Statement - PreSaveFile = new java.io.File(((pathPrefix + java.lang.Integer.toString(counter)) + .png)): null

2018-12-04 12:39:42 - [TEST_STEP][PASSED] - Statement - counter = counter + 1: null

2018-12-04 12:39:42 - [TEST_STEP][PASSED] - Statement - PreSaveFile = new java.io.File(((pathPrefix + java.lang.Integer.toString(counter)) + .png)): null

2018-12-04 12:39:42 - [TEST_STEP][PASSED] - Statement - counter = counter + 1: null

2018-12-04 12:39:42 - [TEST_STEP][PASSED] - Statement - PreSaveFile = new java.io.File(((pathPrefix + java.lang.Integer.toString(counter)) + .png)): null

2018-12-04 12:39:42 - [TEST_STEP][PASSED] - Statement - counter = counter + 1: null

2018-12-04 12:39:42 - [TEST_STEP][PASSED] - Statement - PreSaveFile = new java.io.File(((pathPrefix + java.lang.Integer.toString(counter)) + .png)): null

2018-12-04 12:39:42 - [TEST_STEP][PASSED] - Statement - counter = counter + 1: null

2018-12-04 12:39:45 - [TEST_STEP][PASSED] - Statement - PreSaveFile = new java.io.File(((pathPrefix + java.lang.Integer.toString(counter)) + .png)): null

2018-12-04 12:39:45 - [TEST_STEP][PASSED] - Statement - counter = counter + 1: null

2018-12-04 12:39:45 - [TEST_STEP][PASSED] - Statement - PreSaveFile = new java.io.File(((pathPrefix + java.lang.Integer.toString(counter)) + .png)): null

2018-12-04 12:39:45 - [TEST_STEP][PASSED] - Statement - counter = counter + 1: null

2018-12-04 12:39:45 - [TEST_STEP][PASSED] - Statement - PreSaveFile = new java.io.File(((pathPrefix + java.lang.Integer.toString(counter)) + .png)): null

2018-12-04 12:39:45 - [TEST_STEP][PASSED] - Statement - counter = counter + 1: null

2018-12-04 12:39:45 - [TEST_STEP][PASSED] - Statement - PreSaveFile = new java.io.File(((pathPrefix + java.lang.Integer.toString(counter)) + .png)): null

2018-12-04 12:39:45 - [TEST_STEP][PASSED] - Statement - counter = counter + 1: null

2018-12-04 12:39:45 - [TEST_STEP][PASSED] - Statement - PreSaveFile = new java.io.File(((pathPrefix + java.lang.Integer.toString(counter)) + .png)): null

2018-12-04 12:39:47 - [TEST_STEP][PASSED] - Statement - counter = counter + 1: null

2018-12-04 12:39:47 - [TEST_STEP][PASSED] - Statement - PreSaveFile = new java.io.File(((pathPrefix + java.lang.Integer.toString(counter)) + .png)): null

2018-12-04 12:39:47 - [TEST_STEP][PASSED] - Statement - counter = counter + 1: null

2018-12-04 12:39:47 - [TEST_STEP][PASSED] - Statement - PreSaveFile = new java.io.File(((pathPrefix + java.lang.Integer.toString(counter)) + .png)): null

2018-12-04 12:39:47 - [TEST_STEP][PASSED] - Statement - counter = counter + 1: null

2018-12-04 12:39:47 - [TEST_STEP][PASSED] - Statement - PreSaveFile = new java.io.File(((pathPrefix + java.lang.Integer.toString(counter)) + .png)): null

2018-12-04 12:39:47 - [TEST_STEP][PASSED] - Statement - counter = counter + 1: null

2018-12-04 12:39:47 - [TEST_STEP][PASSED] - Statement - PreSaveFile = new java.io.File(((pathPrefix + java.lang.Integer.toString(counter)) + .png)): null

2018-12-04 12:39:47 - [TEST_STEP][PASSED] - Statement - counter = counter + 1: null

2018-12-04 12:39:47 - [TEST_STEP][PASSED] - Statement - PreSaveFile = new java.io.File(((pathPrefix + java.lang.Integer.toString(counter)) + .png)): null

2018-12-04 12:39:49 - [TEST_STEP][PASSED] - Statement - counter = counter + 1: null

2018-12-04 12:39:49 - [TEST_STEP][PASSED] - Statement - PreSaveFile = new java.io.File(((pathPrefix + java.lang.Integer.toString(counter)) + .png)): null

2018-12-04 12:39:49 - [TEST_STEP][PASSED] - Statement - counter = counter + 1: null

2018-12-04 12:39:49 - [TEST_STEP][PASSED] - Statement - PreSaveFile = new java.io.File(((pathPrefix + java.lang.Integer.toString(counter)) + .png)): null

2018-12-04 12:39:49 - [TEST_STEP][PASSED] - Statement - counter = counter + 1: null

2018-12-04 12:39:49 - [TEST_STEP][PASSED] - Statement - PreSaveFile = new java.io.File(((pathPrefix + java.lang.Integer.toString(counter)) + .png)): null

2018-12-04 12:39:49 - [TEST_STEP][PASSED] - Statement - counter = counter + 1: null

2018-12-04 12:39:49 - [TEST_STEP][PASSED] - Statement - PreSaveFile = new java.io.File(((pathPrefix + java.lang.Integer.toString(counter)) + .png)): null

2018-12-04 12:39:49 - [TEST_STEP][PASSED] - Statement - counter = counter + 1: null

2018-12-04 12:39:52 - [TEST_STEP][PASSED] - Statement - PreSaveFile = new java.io.File(((pathPrefix + java.lang.Integer.toString(counter)) + .png)): null

2018-12-04 12:39:52 - [TEST_STEP][PASSED] - Statement - counter = counter + 1: null

2018-12-04 12:39:52 - [TEST_STEP][PASSED] - Statement - PreSaveFile = new java.io.File(((pathPrefix + java.lang.Integer.toString(counter)) + .png)): null

2018-12-04 12:39:52 - [TEST_STEP][PASSED] - Statement - counter = counter + 1: null

2018-12-04 12:39:52 - [TEST_STEP][PASSED] - Statement - PreSaveFile = new java.io.File(((pathPrefix + java.lang.Integer.toString(counter)) + .png)): null

2018-12-04 12:39:52 - [TEST_STEP][PASSED] - Statement - counter = counter + 1: null

2018-12-04 12:39:52 - [TEST_STEP][PASSED] - Statement - PreSaveFile = new java.io.File(((pathPrefix + java.lang.Integer.toString(counter)) + .png)): null

2018-12-04 12:39:52 - [TEST_STEP][PASSED] - Statement - counter = counter + 1: null

2018-12-04 12:39:52 - [TEST_STEP][PASSED] - Statement - PreSaveFile = new java.io.File(((pathPrefix + java.lang.Integer.toString(counter)) + .png)): null

2018-12-04 12:39:52 - [TEST_STEP][PASSED] - Statement - counter = counter + 1: null

2018-12-04 12:39:54 - [TEST_STEP][PASSED] - Statement - PreSaveFile = new java.io.File(((pathPrefix + java.lang.Integer.toString(counter)) + .png)): null

2018-12-04 12:39:54 - [TEST_STEP][PASSED] - Statement - counter = counter + 1: null

2018-12-04 12:39:54 - [TEST_STEP][PASSED] - Statement - PreSaveFile = new java.io.File(((pathPrefix + java.lang.Integer.toString(counter)) + .png)): null

2018-12-04 12:39:54 - [TEST_STEP][PASSED] - Statement - counter = counter + 1: null

2018-12-04 12:39:54 - [TEST_STEP][PASSED] - Statement - PreSaveFile = new java.io.File(((pathPrefix + java.lang.Integer.toString(counter)) + .png)): null

2018-12-04 12:39:54 - [TEST_STEP][PASSED] - Statement - counter = counter + 1: null

2018-12-04 12:39:54 - [TEST_STEP][PASSED] - Statement - PreSaveFile = new java.io.File(((pathPrefix + java.lang.Integer.toString(counter)) + .png)): null

2018-12-04 12:39:54 - [TEST_STEP][PASSED] - Statement - counter = counter + 1: null

2018-12-04 12:39:54 - [TEST_STEP][PASSED] - Statement - PreSaveFile = new java.io.File(((pathPrefix + java.lang.Integer.toString(counter)) + .png)): null

2018-12-04 12:39:54 - [TEST_STEP][PASSED] - Statement - counter = counter + 1: null

2018-12-04 12:39:56 - [TEST_STEP][PASSED] - Statement - PreSaveFile = new java.io.File(((pathPrefix + java.lang.Integer.toString(counter)) + .png)): null

2018-12-04 12:39:56 - [TEST_STEP][PASSED] - Statement - counter = counter + 1: null

2018-12-04 12:39:56 - [TEST_STEP][PASSED] - Statement - PreSaveFile = new java.io.File(((pathPrefix + java.lang.Integer.toString(counter)) + .png)): null

2018-12-04 12:39:56 - [TEST_STEP][PASSED] - Statement - counter = counter + 1: null

2018-12-04 12:39:56 - [TEST_STEP][PASSED] - Statement - PreSaveFile = new java.io.File(((pathPrefix + java.lang.Integer.toString(counter)) + .png)): null

2018-12-04 12:39:56 - [TEST_STEP][PASSED] - Statement - counter = counter + 1: null

2018-12-04 12:39:56 - [TEST_STEP][PASSED] - Statement - PreSaveFile = new java.io.File(((pathPrefix + java.lang.Integer.toString(counter)) + .png)): null

2018-12-04 12:39:56 - [TEST_STEP][PASSED] - Statement - counter = counter + 1: null

2018-12-04 12:39:56 - [TEST_STEP][PASSED] - Statement - PreSaveFile = new java.io.File(((pathPrefix + java.lang.Integer.toString(counter)) + .png)): null

2018-12-04 12:39:58 - [TEST_STEP][PASSED] - Statement - counter = counter + 1: null

2018-12-04 12:39:58 - [TEST_STEP][PASSED] - Statement - PreSaveFile = new java.io.File(((pathPrefix + java.lang.Integer.toString(counter)) + .png)): null

2018-12-04 12:39:58 - [TEST_STEP][PASSED] - Statement - counter = counter + 1: null

2018-12-04 12:39:58 - [TEST_STEP][PASSED] - Statement - PreSaveFile = new java.io.File(((pathPrefix + java.lang.Integer.toString(counter)) + .png)): null

2018-12-04 12:39:58 - [TEST_STEP][PASSED] - Statement - counter = counter + 1: null

2018-12-04 12:39:58 - [TEST_STEP][PASSED] - Statement - PreSaveFile = new java.io.File(((pathPrefix + java.lang.Integer.toString(counter)) + .png)): null

2018-12-04 12:39:58 - [TEST_STEP][PASSED] - Statement - counter = counter + 1: null

2018-12-04 12:39:58 - [TEST_STEP][PASSED] - Statement - PreSaveFile = new java.io.File(((pathPrefix + java.lang.Integer.toString(counter)) + .png)): null

2018-12-04 12:39:58 - [TEST_STEP][PASSED] - Statement - counter = counter + 1: null

2018-12-04 12:40:00 - [TEST_STEP][PASSED] - Statement - PreSaveFile = new java.io.File(((pathPrefix + java.lang.Integer.toString(counter)) + .png)): null

2018-12-04 12:40:00 - [TEST_STEP][PASSED] - Statement - counter = counter + 1: null

2018-12-04 12:40:00 - [TEST_STEP][PASSED] - Statement - PreSaveFile = new java.io.File(((pathPrefix + java.lang.Integer.toString(counter)) + .png)): null

2018-12-04 12:40:00 - [TEST_STEP][PASSED] - Statement - counter = counter + 1: null

2018-12-04 12:40:00 - [TEST_STEP][PASSED] - Statement - PreSaveFile = new java.io.File(((pathPrefix + java.lang.Integer.toString(counter)) + .png)): null

2018-12-04 12:40:00 - [TEST_STEP][PASSED] - Statement - counter = counter + 1: null

2018-12-04 12:40:00 - [TEST_STEP][PASSED] - Statement - PreSaveFile = new java.io.File(((pathPrefix + java.lang.Integer.toString(counter)) + .png)): null

2018-12-04 12:40:00 - [TEST_STEP][PASSED] - Statement - counter = counter + 1: null

2018-12-04 12:40:00 - [TEST_STEP][PASSED] - Statement - PreSaveFile = new java.io.File(((pathPrefix + java.lang.Integer.toString(counter)) + .png)): null

2018-12-04 12:40:00 - [TEST_STEP][PASSED] - Statement - counter = counter + 1: null

2018-12-04 12:40:02 - [TEST_STEP][PASSED] - Statement - PreSaveFile = new java.io.File(((pathPrefix + java.lang.Integer.toString(counter)) + .png)): null

2018-12-04 12:40:02 - [TEST_STEP][PASSED] - Statement - counter = counter + 1: null

2018-12-04 12:40:02 - [TEST_STEP][PASSED] - Statement - PreSaveFile = new java.io.File(((pathPrefix + java.lang.Integer.toString(counter)) + .png)): null

2018-12-04 12:40:02 - [TEST_STEP][PASSED] - Statement - counter = counter + 1: null

2018-12-04 12:40:02 - [TEST_STEP][PASSED] - Statement - PreSaveFile = new java.io.File(((pathPrefix + java.lang.Integer.toString(counter)) + .png)): null

2018-12-04 12:40:02 - [TEST_STEP][PASSED] - Statement - counter = counter + 1: null

2018-12-04 12:40:02 - [TEST_STEP][PASSED] - Statement - PreSaveFile = new java.io.File(((pathPrefix + java.lang.Integer.toString(counter)) + .png)): null

2018-12-04 12:40:02 - [TEST_STEP][PASSED] - Statement - counter = counter + 1: null

2018-12-04 12:40:02 - [TEST_STEP][PASSED] - Statement - PreSaveFile = new java.io.File(((pathPrefix + java.lang.Integer.toString(counter)) + .png)): null

2018-12-04 12:40:02 - [TEST_STEP][PASSED] - Statement - counter = counter + 1: null

2018-12-04 12:40:04 - [TEST_STEP][PASSED] - Statement - PreSaveFile = new java.io.File(((pathPrefix + java.lang.Integer.toString(counter)) + .png)): null

2018-12-04 12:40:04 - [TEST_STEP][PASSED] - Statement - counter = counter + 1: null

2018-12-04 12:40:04 - [TEST_STEP][PASSED] - Statement - PreSaveFile = new java.io.File(((pathPrefix + java.lang.Integer.toString(counter)) + .png)): null

2018-12-04 12:40:04 - [TEST_STEP][PASSED] - Statement - counter = counter + 1: null

2018-12-04 12:40:04 - [TEST_STEP][PASSED] - Statement - PreSaveFile = new java.io.File(((pathPrefix + java.lang.Integer.toString(counter)) + .png)): null

2018-12-04 12:40:04 - [TEST_STEP][PASSED] - Statement - counter = counter + 1: null

2018-12-04 12:40:04 - [TEST_STEP][PASSED] - Statement - PreSaveFile = new java.io.File(((pathPrefix + java.lang.Integer.toString(counter)) + .png)): null

2018-12-04 12:40:04 - [TEST_STEP][PASSED] - Statement - counter = counter + 1: null

2018-12-04 12:40:04 - [TEST_STEP][PASSED] - Statement - PreSaveFile = new java.io.File(((pathPrefix + java.lang.Integer.toString(counter)) + .png)): null

2018-12-04 12:40:04 - [TEST_STEP][PASSED] - Statement - counter = counter + 1: null

2018-12-04 12:40:06 - [TEST_STEP][PASSED] - Statement - PreSaveFile = new java.io.File(((pathPrefix + java.lang.Integer.toString(counter)) + .png)): null

2018-12-04 12:40:06 - [TEST_STEP][PASSED] - Statement - counter = counter + 1: null

2018-12-04 12:40:06 - [TEST_STEP][PASSED] - Statement - PreSaveFile = new java.io.File(((pathPrefix + java.lang.Integer.toString(counter)) + .png)): null

2018-12-04 12:40:06 - [TEST_STEP][PASSED] - Statement - counter = counter + 1: null

2018-12-04 12:40:06 - [TEST_STEP][PASSED] - Statement - PreSaveFile = new java.io.File(((pathPrefix + java.lang.Integer.toString(counter)) + .png)): null

2018-12-04 12:40:06 - [TEST_STEP][PASSED] - Statement - counter = counter + 1: null

2018-12-04 12:40:06 - [TEST_STEP][PASSED] - Statement - PreSaveFile = new java.io.File(((pathPrefix + java.lang.Integer.toString(counter)) + .png)): null

2018-12-04 12:40:06 - [TEST_STEP][PASSED] - Statement - counter = counter + 1: null

2018-12-04 12:40:06 - [TEST_STEP][PASSED] - Statement - PreSaveFile = new java.io.File(((pathPrefix + java.lang.Integer.toString(counter)) + .png)): null

2018-12-04 12:40:09 - [TEST_STEP][PASSED] - Statement - counter = counter + 1: null

2018-12-04 12:40:09 - [TEST_STEP][PASSED] - Statement - PreSaveFile = new java.io.File(((pathPrefix + java.lang.Integer.toString(counter)) + .png)): null

2018-12-04 12:40:09 - [TEST_STEP][PASSED] - Statement - counter = counter + 1: null

2018-12-04 12:40:09 - [TEST_STEP][PASSED] - Statement - PreSaveFile = new java.io.File(((pathPrefix + java.lang.Integer.toString(counter)) + .png)): null

2018-12-04 12:40:09 - [TEST_STEP][PASSED] - Statement - counter = counter + 1: null

2018-12-04 12:40:09 - [TEST_STEP][PASSED] - Statement - PreSaveFile = new java.io.File(((pathPrefix + java.lang.Integer.toString(counter)) + .png)): null

2018-12-04 12:40:09 - [TEST_STEP][PASSED] - Statement - counter = counter + 1: null

2018-12-04 12:40:09 - [TEST_STEP][PASSED] - Statement - PreSaveFile = new java.io.File(((pathPrefix + java.lang.Integer.toString(counter)) + .png)): null

2018-12-04 12:40:09 - [TEST_STEP][PASSED] - Statement - counter = counter + 1: null

2018-12-04 12:40:11 - [TEST_STEP][PASSED] - Statement - PreSaveFile = new java.io.File(((pathPrefix + java.lang.Integer.toString(counter)) + .png)): null

2018-12-04 12:40:11 - [TEST_STEP][PASSED] - Statement - counter = counter + 1: null

2018-12-04 12:40:11 - [TEST_STEP][PASSED] - Statement - PreSaveFile = new java.io.File(((pathPrefix + java.lang.Integer.toString(counter)) + .png)): null

2018-12-04 12:40:11 - [TEST_STEP][PASSED] - Statement - counter = counter + 1: null

2018-12-04 12:40:11 - [TEST_STEP][PASSED] - Statement - PreSaveFile = new java.io.File(((pathPrefix + java.lang.Integer.toString(counter)) + .png)): null

2018-12-04 12:40:11 - [TEST_STEP][PASSED] - Statement - counter = counter + 1: null

2018-12-04 12:40:11 - [TEST_STEP][PASSED] - Statement - PreSaveFile = new java.io.File(((pathPrefix + java.lang.Integer.toString(counter)) + .png)): null

2018-12-04 12:40:11 - [TEST_STEP][PASSED] - Statement - counter = counter + 1: null

2018-12-04 12:40:11 - [TEST_STEP][PASSED] - Statement - PreSaveFile = new java.io.File(((pathPrefix + java.lang.Integer.toString(counter)) + .png)): null

2018-12-04 12:40:11 - [TEST_STEP][PASSED] - Statement - counter = counter + 1: null

2018-12-04 12:40:13 - [TEST_STEP][PASSED] - Statement - PreSaveFile = new java.io.File(((pathPrefix + java.lang.Integer.toString(counter)) + .png)): null

2018-12-04 12:40:13 - [TEST_STEP][PASSED] - Statement - counter = counter + 1: null

2018-12-04 12:40:13 - [TEST_STEP][PASSED] - Statement - PreSaveFile = new java.io.File(((pathPrefix + java.lang.Integer.toString(counter)) + .png)): null

2018-12-04 12:40:13 - [TEST_STEP][PASSED] - Statement - counter = counter + 1: null

2018-12-04 12:40:13 - [TEST_STEP][PASSED] - Statement - PreSaveFile = new java.io.File(((pathPrefix + java.lang.Integer.toString(counter)) + .png)): null

2018-12-04 12:40:13 - [TEST_STEP][PASSED] - Statement - counter = counter + 1: null

2018-12-04 12:40:13 - [TEST_STEP][PASSED] - Statement - PreSaveFile = new java.io.File(((pathPrefix + java.lang.Integer.toString(counter)) + .png)): null

2018-12-04 12:40:13 - [TEST_STEP][PASSED] - Statement - counter = counter + 1: null

2018-12-04 12:40:13 - [TEST_STEP][PASSED] - Statement - PreSaveFile = new java.io.File(((pathPrefix + java.lang.Integer.toString(counter)) + .png)): null

2018-12-04 12:40:13 - [TEST_STEP][PASSED] - Statement - counter = counter + 1: null

2018-12-04 12:40:16 - [TEST_STEP][PASSED] - Statement - PreSaveFile = new java.io.File(((pathPrefix + java.lang.Integer.toString(counter)) + .png)): null

2018-12-04 12:40:16 - [TEST_STEP][PASSED] - Statement - counter = counter + 1: null

2018-12-04 12:40:16 - [TEST_STEP][PASSED] - Statement - PreSaveFile = new java.io.File(((pathPrefix + java.lang.Integer.toString(counter)) + .png)): null

2018-12-04 12:40:16 - [TEST_STEP][PASSED] - Statement - counter = counter + 1: null

2018-12-04 12:40:16 - [TEST_STEP][PASSED] - Statement - PreSaveFile = new java.io.File(((pathPrefix + java.lang.Integer.toString(counter)) + .png)): null

2018-12-04 12:40:16 - [TEST_STEP][PASSED] - Statement - counter = counter + 1: null

2018-12-04 12:40:16 - [TEST_STEP][PASSED] - Statement - PreSaveFile = new java.io.File(((pathPrefix + java.lang.Integer.toString(counter)) + .png)): null

2018-12-04 12:40:16 - [TEST_STEP][PASSED] - Statement - counter = counter + 1: null

2018-12-04 12:40:16 - [TEST_STEP][PASSED] - Statement - PreSaveFile = new java.io.File(((pathPrefix + java.lang.Integer.toString(counter)) + .png)): null

2018-12-04 12:40:18 - [TEST_STEP][PASSED] - Statement - counter = counter + 1: null

2018-12-04 12:40:18 - [TEST_STEP][PASSED] - Statement - PreSaveFile = new java.io.File(((pathPrefix + java.lang.Integer.toString(counter)) + .png)): null

2018-12-04 12:40:18 - [TEST_STEP][PASSED] - Statement - counter = counter + 1: null

2018-12-04 12:40:18 - [TEST_STEP][PASSED] - Statement - PreSaveFile = new java.io.File(((pathPrefix + java.lang.Integer.toString(counter)) + .png)): null

2018-12-04 12:40:18 - [TEST_STEP][PASSED] - Statement - counter = counter + 1: null

2018-12-04 12:40:18 - [TEST_STEP][PASSED] - Statement - PreSaveFile = new java.io.File(((pathPrefix + java.lang.Integer.toString(counter)) + .png)): null

2018-12-04 12:40:18 - [TEST_STEP][PASSED] - Statement - counter = counter + 1: null

2018-12-04 12:40:18 - [TEST_STEP][PASSED] - Statement - PreSaveFile = new java.io.File(((pathPrefix + java.lang.Integer.toString(counter)) + .png)): null

2018-12-04 12:40:18 - [TEST_STEP][PASSED] - Statement - counter = counter + 1: null

2018-12-04 12:40:18 - [TEST_STEP][PASSED] - Statement - PreSaveFile = new java.io.File(((pathPrefix + java.lang.Integer.toString(counter)) + .png)): null

2018-12-04 12:40:21 - [TEST_STEP][PASSED] - Statement - counter = counter + 1: null

2018-12-04 12:40:21 - [TEST_STEP][PASSED] - Statement - PreSaveFile = new java.io.File(((pathPrefix + java.lang.Integer.toString(counter)) + .png)): null

2018-12-04 12:40:21 - [TEST_STEP][PASSED] - Statement - counter = counter + 1: null

2018-12-04 12:40:21 - [TEST_STEP][PASSED] - Statement - PreSaveFile = new java.io.File(((pathPrefix + java.lang.Integer.toString(counter)) + .png)): null

2018-12-04 12:40:21 - [TEST_STEP][PASSED] - Statement - counter = counter + 1: null

2018-12-04 12:40:21 - [TEST_STEP][PASSED] - Statement - PreSaveFile = new java.io.File(((pathPrefix + java.lang.Integer.toString(counter)) + .png)): null

2018-12-04 12:40:21 - [TEST_STEP][PASSED] - Statement - counter = counter + 1: null

2018-12-04 12:40:21 - [TEST_STEP][PASSED] - Statement - PreSaveFile = new java.io.File(((pathPrefix + java.lang.Integer.toString(counter)) + .png)): null

2018-12-04 12:40:21 - [TEST_STEP][PASSED] - Statement - counter = counter + 1: null

2018-12-04 12:40:23 - [TEST_STEP][PASSED] - Statement - PreSaveFile = new java.io.File(((pathPrefix + java.lang.Integer.toString(counter)) + .png)): null

2018-12-04 12:40:23 - [TEST_STEP][PASSED] - Statement - counter = counter + 1: null

2018-12-04 12:40:23 - [TEST_STEP][PASSED] - Statement - PreSaveFile = new java.io.File(((pathPrefix + java.lang.Integer.toString(counter)) + .png)): null

2018-12-04 12:40:23 - [TEST_STEP][PASSED] - Statement - counter = counter + 1: null

2018-12-04 12:40:23 - [TEST_STEP][PASSED] - Statement - PreSaveFile = new java.io.File(((pathPrefix + java.lang.Integer.toString(counter)) + .png)): null

2018-12-04 12:40:23 - [TEST_STEP][PASSED] - Statement - counter = counter + 1: null

2018-12-04 12:40:23 - [TEST_STEP][PASSED] - Statement - PreSaveFile = new java.io.File(((pathPrefix + java.lang.Integer.toString(counter)) + .png)): null

2018-12-04 12:40:23 - [TEST_STEP][PASSED] - Statement - counter = counter + 1: null

2018-12-04 12:40:23 - [TEST_STEP][PASSED] - Statement - PreSaveFile = new java.io.File(((pathPrefix + java.lang.Integer.toString(counter)) + .png)): null

2018-12-04 12:40:23 - [TEST_STEP][PASSED] - Statement - counter = counter + 1: null

2018-12-04 12:40:26 - [TEST_STEP][PASSED] - Statement - PreSaveFile = new java.io.File(((pathPrefix + java.lang.Integer.toString(counter)) + .png)): null

2018-12-04 12:40:26 - [TEST_STEP][PASSED] - Statement - counter = counter + 1: null

2018-12-04 12:40:26 - [TEST_STEP][PASSED] - Statement - PreSaveFile = new java.io.File(((pathPrefix + java.lang.Integer.toString(counter)) + .png)): null

2018-12-04 12:40:26 - [TEST_STEP][PASSED] - Statement - counter = counter + 1: null

2018-12-04 12:40:26 - [TEST_STEP][PASSED] - Statement - PreSaveFile = new java.io.File(((pathPrefix + java.lang.Integer.toString(counter)) + .png)): null

2018-12-04 12:40:26 - [TEST_STEP][PASSED] - Statement - counter = counter + 1: null

2018-12-04 12:40:26 - [TEST_STEP][PASSED] - Statement - PreSaveFile = new java.io.File(((pathPrefix + java.lang.Integer.toString(counter)) + .png)): null

2018-12-04 12:40:26 - [TEST_STEP][PASSED] - Statement - counter = counter + 1: null

2018-12-04 12:40:26 - [TEST_STEP][PASSED] - Statement - PreSaveFile = new java.io.File(((pathPrefix + java.lang.Integer.toString(counter)) + .png)): null

2018-12-04 12:40:26 - [TEST_STEP][PASSED] - Statement - counter = counter + 1: null

2018-12-04 12:40:28 - [TEST_STEP][PASSED] - Statement - PreSaveFile = new java.io.File(((pathPrefix + java.lang.Integer.toString(counter)) + .png)): null

2018-12-04 12:40:28 - [TEST_STEP][PASSED] - Statement - finalPath = pathPrefix + java.lang.Integer.toString(counter) + ".png": null

2018-12-04 12:40:28 - [TEST_STEP][PASSED] - Statement - SaveFile = new java.io.File(finalPath): null

2018-12-04 12:40:28 - [TEST_STEP][PASSED] - Statement - Try: null

2018-12-04 12:40:28 - [TEST_STEP][PASSED] - Statement - org.apache.commons.io.FileUtils.copyFile(scrFile, SaveFile): null

2018-12-04 12:40:28 - [TEST_STEP][PASSED] - Statement - out.println("file kept"): null

2018-12-04 12:40:28 - [TEST_STEP][PASSED] - delay: Delayed 10 second(s)

2018-12-04 12:40:38 - [MESSAGE][PASSED] - Delayed 10 second(s)

2018-12-04 12:40:38 - [MESSAGE][FAILED] - Unable to call Test Case with id 'Test Cases/Final Aug 2018 - PKS Automation/Registration Module/New Registration/Submit and Screenshot/Submit Registration and Screenshot' (Root cause: Call Test Case 'Test Cases/Final Aug 2018 - PKS Automation/Registration Module/New Registration/Submit and Screenshot/Submit Registration and Screenshot' failed)]]></system-out>
         <system-err><![CDATA[2018-12-04 12:25:28 - [TEST_CASE][FAILED] - Test Cases/Final Aug 2018 - PKS Automation/Registration Module/Workflow/New Registration/OTC - PKR BO - RO Under Enforcement(Routed 2 Time): Test Cases/Final Aug 2018 - PKS Automation/Registration Module/Workflow/New Registration/OTC - PKR BO - RO Under Enforcement(Routed 2 Time) FAILED because (of) (Stack trace: com.kms.katalon.core.exception.StepFailedException: Unable to click on object 'Object Repository/Final Object Repo/New Registration - Registration Module Pages/New Reg - OTC to RO/Special Case - All Related Objects/Click to Continue Workflow' (Root cause: org.openqa.selenium.StaleElementReferenceException: stale element reference: element is not attached to the page document
  (Session info: chrome=70.0.3538.110)
  (Driver info: chromedriver=2.43.600210 (68dcf5eebde37173d4027fa8635e332711d2874a),platform=Windows NT 6.1.7601 SP1 x86_64) (WARNING: The server did not provide any stacktrace information)
Command duration or timeout: 0 milliseconds
For documentation on this error, please visit: http://seleniumhq.org/exceptions/stale_element_reference.html
Build info: version: '3.7.1', revision: '8a0099a', time: '2017-11-06T21:07:36.161Z'
System info: host: 'WIN7TEST02', ip: '10.20.3.72', os.name: 'Windows 7', os.arch: 'amd64', os.version: '6.1', java.version: '1.8.0_181'
Driver info: com.kms.katalon.selenium.driver.CChromeDriver
Capabilities {acceptInsecureCerts: false, acceptSslCerts: false, applicationCacheEnabled: false, browserConnectionEnabled: false, browserName: chrome, chrome: {chromedriverVersion: 2.43.600210 (68dcf5eebde371..., userDataDir: C:\Users\Admin\AppData\Loca...}, cssSelectorsEnabled: true, databaseEnabled: false, goog:chromeOptions: {debuggerAddress: localhost:53344}, handlesAlerts: true, hasTouchScreen: false, javascriptEnabled: true, locationContextEnabled: true, mobileEmulationEnabled: false, nativeEvents: true, networkConnectionEnabled: false, pageLoadStrategy: normal, platform: XP, platformName: XP, rotatable: false, setWindowRect: true, takesHeapSnapshot: true, takesScreenshot: true, unexpectedAlertBehaviour: , unhandledPromptBehavior: , version: 70.0.3538.110, webStorageEnabled: true}
Session ID: 190c0bd3795606bad6ea779abeb1c363)
	at com.kms.katalon.core.keyword.internal.KeywordMain.stepFailed(KeywordMain.groovy:32)
	at com.kms.katalon.core.webui.keyword.internal.WebUIKeywordMain.stepFailed(WebUIKeywordMain.groovy:65)
	at com.kms.katalon.core.webui.keyword.internal.WebUIKeywordMain.runKeyword(WebUIKeywordMain.groovy:27)
	at com.kms.katalon.core.webui.keyword.builtin.ClickKeyword.click(ClickKeyword.groovy:86)
	at com.kms.katalon.core.webui.keyword.builtin.ClickKeyword.execute(ClickKeyword.groovy:67)
	at com.kms.katalon.core.keyword.internal.KeywordExecutor.executeKeywordForPlatform(KeywordExecutor.groovy:53)
	at com.kms.katalon.core.webui.keyword.WebUiBuiltInKeywords.click(WebUiBuiltInKeywords.groovy:616)
	at com.kms.katalon.core.webui.keyword.WebUiBuiltInKeywords$click$2.call(Unknown Source)
	at org.codehaus.groovy.runtime.callsite.CallSiteArray.defaultCall(CallSiteArray.java:48)
	at org.codehaus.groovy.runtime.callsite.AbstractCallSite.call(AbstractCallSite.java:113)
	at org.codehaus.groovy.runtime.callsite.AbstractCallSite.call(AbstractCallSite.java:125)
	at Script1535944782532.run(Script1535944782532.groovy:82)
	at com.kms.katalon.core.main.ScriptEngine.run(ScriptEngine.java:183)
	at com.kms.katalon.core.main.ScriptEngine.runScriptAsRawText(ScriptEngine.java:108)
	at com.kms.katalon.core.main.TestCaseExecutor.runScript(TestCaseExecutor.java:294)
	at com.kms.katalon.core.main.TestCaseExecutor.doExecute(TestCaseExecutor.java:285)
	at com.kms.katalon.core.main.TestCaseExecutor.processExecutionPhase(TestCaseExecutor.java:264)
	at com.kms.katalon.core.main.TestCaseExecutor.accessMainPhase(TestCaseExecutor.java:256)
	at com.kms.katalon.core.main.TestCaseExecutor.execute(TestCaseExecutor.java:200)
	at com.kms.katalon.core.main.TestSuiteExecutor.accessTestCaseMainPhase(TestSuiteExecutor.java:129)
	at com.kms.katalon.core.main.TestSuiteExecutor.accessTestSuiteMainPhase(TestSuiteExecutor.java:112)
	at com.kms.katalon.core.main.TestSuiteExecutor.execute(TestSuiteExecutor.java:81)
	at com.kms.katalon.core.main.TestCaseMain.startTestSuite(TestCaseMain.java:142)
	at com.kms.katalon.core.main.TestCaseMain$startTestSuite$0.call(Unknown Source)
	at org.codehaus.groovy.runtime.callsite.CallSiteArray.defaultCall(CallSiteArray.java:48)
	at org.codehaus.groovy.runtime.callsite.AbstractCallSite.call(AbstractCallSite.java:113)
	at org.codehaus.groovy.runtime.callsite.AbstractCallSite.call(AbstractCallSite.java:141)
	at TempTestSuite1543887302996.run(TempTestSuite1543887302996.groovy:36)
	at groovy.lang.GroovyShell.runScriptOrMainOrTestOrRunnable(GroovyShell.java:263)
	at groovy.lang.GroovyShell.run(GroovyShell.java:518)
	at groovy.lang.GroovyShell.run(GroovyShell.java:507)
	at groovy.ui.GroovyMain.processOnce(GroovyMain.java:653)
	at groovy.ui.GroovyMain.run(GroovyMain.java:384)
	at groovy.ui.GroovyMain.process(GroovyMain.java:370)
	at groovy.ui.GroovyMain.processArgs(GroovyMain.java:129)
	at groovy.ui.GroovyMain.main(GroovyMain.java:109)
	at sun.reflect.NativeMethodAccessorImpl.invoke0(Native Method)
	at sun.reflect.NativeMethodAccessorImpl.invoke(NativeMethodAccessorImpl.java:62)
	at sun.reflect.DelegatingMethodAccessorImpl.invoke(DelegatingMethodAccessorImpl.java:43)
	at java.lang.reflect.Method.invoke(Method.java:498)
	at org.codehaus.groovy.tools.GroovyStarter.rootLoader(GroovyStarter.java:109)
	at org.codehaus.groovy.tools.GroovyStarter.main(GroovyStarter.java:131)
)]]></system-err>
      </testcase>
      <system-out><![CDATA[2018-12-04 09:35:05 - [TEST_SUITE][FAILED] - New Registration: Test Cases/Final Aug 2018 - PKS Automation/Registration Module/Workflow/New Registration - OTC to PKRBO (Incomplete) FAILED because (of) (Stack trace: com.kms.katalon.core.exception.StepFailedException: Unable to set text 'CRN12201800122963' of object 'Object Repository/Final Object Repo/New Registration - Registration Module Pages/New Reg - OTC to RO/Special Case - All Related Objects/TextBox RefNo in Workbasket' (Root cause: org.openqa.selenium.ElementNotVisibleException: element not interactable
  (Session info: chrome=70.0.3538.110)
  (Driver info: chromedriver=2.43.600210 (68dcf5eebde37173d4027fa8635e332711d2874a),platform=Windows NT 6.1.7601 SP1 x86_64) (WARNING: The server did not provide any stacktrace information)
Command duration or timeout: 0 milliseconds
Build info: version: '3.7.1', revision: '8a0099a', time: '2017-11-06T21:07:36.161Z'
System info: host: 'WIN7TEST02', ip: '10.20.3.72', os.name: 'Windows 7', os.arch: 'amd64', os.version: '6.1', java.version: '1.8.0_181'
Driver info: com.kms.katalon.selenium.driver.CChromeDriver
Capabilities {acceptInsecureCerts: false, acceptSslCerts: false, applicationCacheEnabled: false, browserConnectionEnabled: false, browserName: chrome, chrome: {chromedriverVersion: 2.43.600210 (68dcf5eebde371..., userDataDir: C:\Users\Admin\AppData\Loca...}, cssSelectorsEnabled: true, databaseEnabled: false, goog:chromeOptions: {debuggerAddress: localhost:51470}, handlesAlerts: true, hasTouchScreen: false, javascriptEnabled: true, locationContextEnabled: true, mobileEmulationEnabled: false, nativeEvents: true, networkConnectionEnabled: false, pageLoadStrategy: normal, platform: XP, platformName: XP, rotatable: false, setWindowRect: true, takesHeapSnapshot: true, takesScreenshot: true, unexpectedAlertBehaviour: , unhandledPromptBehavior: , version: 70.0.3538.110, webStorageEnabled: true}
Session ID: 062e92dc1c261346276c0c09e84b6a4c)
	at com.kms.katalon.core.keyword.internal.KeywordMain.stepFailed(KeywordMain.groovy:32)
	at com.kms.katalon.core.webui.keyword.internal.WebUIKeywordMain.stepFailed(WebUIKeywordMain.groovy:65)
	at com.kms.katalon.core.webui.keyword.internal.WebUIKeywordMain.runKeyword(WebUIKeywordMain.groovy:27)
	at com.kms.katalon.core.webui.keyword.builtin.SetTextKeyword.setText(SetTextKeyword.groovy:65)
	at com.kms.katalon.core.webui.keyword.builtin.SetTextKeyword.execute(SetTextKeyword.groovy:37)
	at com.kms.katalon.core.keyword.internal.KeywordExecutor.executeKeywordForPlatform(KeywordExecutor.groovy:53)
	at com.kms.katalon.core.webui.keyword.WebUiBuiltInKeywords.setText(WebUiBuiltInKeywords.groovy:950)
	at com.kms.katalon.core.webui.keyword.WebUiBuiltInKeywords$setText$1.call(Unknown Source)
	at org.codehaus.groovy.runtime.callsite.CallSiteArray.defaultCall(CallSiteArray.java:48)
	at org.codehaus.groovy.runtime.callsite.AbstractCallSite.call(AbstractCallSite.java:113)
	at org.codehaus.groovy.runtime.callsite.AbstractCallSite.call(AbstractCallSite.java:133)
	at Script1541648441303.run(Script1541648441303.groovy:69)
	at com.kms.katalon.core.main.ScriptEngine.run(ScriptEngine.java:183)
	at com.kms.katalon.core.main.ScriptEngine.runScriptAsRawText(ScriptEngine.java:108)
	at com.kms.katalon.core.main.TestCaseExecutor.runScript(TestCaseExecutor.java:294)
	at com.kms.katalon.core.main.TestCaseExecutor.doExecute(TestCaseExecutor.java:285)
	at com.kms.katalon.core.main.TestCaseExecutor.processExecutionPhase(TestCaseExecutor.java:264)
	at com.kms.katalon.core.main.TestCaseExecutor.accessMainPhase(TestCaseExecutor.java:256)
	at com.kms.katalon.core.main.TestCaseExecutor.execute(TestCaseExecutor.java:200)
	at com.kms.katalon.core.main.TestSuiteExecutor.accessTestCaseMainPhase(TestSuiteExecutor.java:129)
	at com.kms.katalon.core.main.TestSuiteExecutor.accessTestSuiteMainPhase(TestSuiteExecutor.java:112)
	at com.kms.katalon.core.main.TestSuiteExecutor.execute(TestSuiteExecutor.java:81)
	at com.kms.katalon.core.main.TestCaseMain.startTestSuite(TestCaseMain.java:142)
	at com.kms.katalon.core.main.TestCaseMain$startTestSuite$0.call(Unknown Source)
	at org.codehaus.groovy.runtime.callsite.CallSiteArray.defaultCall(CallSiteArray.java:48)
	at org.codehaus.groovy.runtime.callsite.AbstractCallSite.call(AbstractCallSite.java:113)
	at org.codehaus.groovy.runtime.callsite.AbstractCallSite.call(AbstractCallSite.java:141)
	at TempTestSuite1543887302996.run(TempTestSuite1543887302996.groovy:36)
	at groovy.lang.GroovyShell.runScriptOrMainOrTestOrRunnable(GroovyShell.java:263)
	at groovy.lang.GroovyShell.run(GroovyShell.java:518)
	at groovy.lang.GroovyShell.run(GroovyShell.java:507)
	at groovy.ui.GroovyMain.processOnce(GroovyMain.java:653)
	at groovy.ui.GroovyMain.run(GroovyMain.java:384)
	at groovy.ui.GroovyMain.process(GroovyMain.java:370)
	at groovy.ui.GroovyMain.processArgs(GroovyMain.java:129)
	at groovy.ui.GroovyMain.main(GroovyMain.java:109)
	at sun.reflect.NativeMethodAccessorImpl.invoke0(Native Method)
	at sun.reflect.NativeMethodAccessorImpl.invoke(NativeMethodAccessorImpl.java:62)
	at sun.reflect.DelegatingMethodAccessorImpl.invoke(DelegatingMethodAccessorImpl.java:43)
	at java.lang.reflect.Method.invoke(Method.java:498)
	at org.codehaus.groovy.tools.GroovyStarter.rootLoader(GroovyStarter.java:109)
	at org.codehaus.groovy.tools.GroovyStarter.main(GroovyStarter.java:131)
)]]></system-out>
      <system-err><![CDATA[2018-12-04 09:35:05 - [TEST_SUITE][FAILED] - New Registration: Test Cases/Final Aug 2018 - PKS Automation/Registration Module/Workflow/New Registration - OTC to PKRBO (Incomplete) FAILED because (of) (Stack trace: com.kms.katalon.core.exception.StepFailedException: Unable to set text 'CRN12201800122963' of object 'Object Repository/Final Object Repo/New Registration - Registration Module Pages/New Reg - OTC to RO/Special Case - All Related Objects/TextBox RefNo in Workbasket' (Root cause: org.openqa.selenium.ElementNotVisibleException: element not interactable
  (Session info: chrome=70.0.3538.110)
  (Driver info: chromedriver=2.43.600210 (68dcf5eebde37173d4027fa8635e332711d2874a),platform=Windows NT 6.1.7601 SP1 x86_64) (WARNING: The server did not provide any stacktrace information)
Command duration or timeout: 0 milliseconds
Build info: version: '3.7.1', revision: '8a0099a', time: '2017-11-06T21:07:36.161Z'
System info: host: 'WIN7TEST02', ip: '10.20.3.72', os.name: 'Windows 7', os.arch: 'amd64', os.version: '6.1', java.version: '1.8.0_181'
Driver info: com.kms.katalon.selenium.driver.CChromeDriver
Capabilities {acceptInsecureCerts: false, acceptSslCerts: false, applicationCacheEnabled: false, browserConnectionEnabled: false, browserName: chrome, chrome: {chromedriverVersion: 2.43.600210 (68dcf5eebde371..., userDataDir: C:\Users\Admin\AppData\Loca...}, cssSelectorsEnabled: true, databaseEnabled: false, goog:chromeOptions: {debuggerAddress: localhost:51470}, handlesAlerts: true, hasTouchScreen: false, javascriptEnabled: true, locationContextEnabled: true, mobileEmulationEnabled: false, nativeEvents: true, networkConnectionEnabled: false, pageLoadStrategy: normal, platform: XP, platformName: XP, rotatable: false, setWindowRect: true, takesHeapSnapshot: true, takesScreenshot: true, unexpectedAlertBehaviour: , unhandledPromptBehavior: , version: 70.0.3538.110, webStorageEnabled: true}
Session ID: 062e92dc1c261346276c0c09e84b6a4c)
	at com.kms.katalon.core.keyword.internal.KeywordMain.stepFailed(KeywordMain.groovy:32)
	at com.kms.katalon.core.webui.keyword.internal.WebUIKeywordMain.stepFailed(WebUIKeywordMain.groovy:65)
	at com.kms.katalon.core.webui.keyword.internal.WebUIKeywordMain.runKeyword(WebUIKeywordMain.groovy:27)
	at com.kms.katalon.core.webui.keyword.builtin.SetTextKeyword.setText(SetTextKeyword.groovy:65)
	at com.kms.katalon.core.webui.keyword.builtin.SetTextKeyword.execute(SetTextKeyword.groovy:37)
	at com.kms.katalon.core.keyword.internal.KeywordExecutor.executeKeywordForPlatform(KeywordExecutor.groovy:53)
	at com.kms.katalon.core.webui.keyword.WebUiBuiltInKeywords.setText(WebUiBuiltInKeywords.groovy:950)
	at com.kms.katalon.core.webui.keyword.WebUiBuiltInKeywords$setText$1.call(Unknown Source)
	at org.codehaus.groovy.runtime.callsite.CallSiteArray.defaultCall(CallSiteArray.java:48)
	at org.codehaus.groovy.runtime.callsite.AbstractCallSite.call(AbstractCallSite.java:113)
	at org.codehaus.groovy.runtime.callsite.AbstractCallSite.call(AbstractCallSite.java:133)
	at Script1541648441303.run(Script1541648441303.groovy:69)
	at com.kms.katalon.core.main.ScriptEngine.run(ScriptEngine.java:183)
	at com.kms.katalon.core.main.ScriptEngine.runScriptAsRawText(ScriptEngine.java:108)
	at com.kms.katalon.core.main.TestCaseExecutor.runScript(TestCaseExecutor.java:294)
	at com.kms.katalon.core.main.TestCaseExecutor.doExecute(TestCaseExecutor.java:285)
	at com.kms.katalon.core.main.TestCaseExecutor.processExecutionPhase(TestCaseExecutor.java:264)
	at com.kms.katalon.core.main.TestCaseExecutor.accessMainPhase(TestCaseExecutor.java:256)
	at com.kms.katalon.core.main.TestCaseExecutor.execute(TestCaseExecutor.java:200)
	at com.kms.katalon.core.main.TestSuiteExecutor.accessTestCaseMainPhase(TestSuiteExecutor.java:129)
	at com.kms.katalon.core.main.TestSuiteExecutor.accessTestSuiteMainPhase(TestSuiteExecutor.java:112)
	at com.kms.katalon.core.main.TestSuiteExecutor.execute(TestSuiteExecutor.java:81)
	at com.kms.katalon.core.main.TestCaseMain.startTestSuite(TestCaseMain.java:142)
	at com.kms.katalon.core.main.TestCaseMain$startTestSuite$0.call(Unknown Source)
	at org.codehaus.groovy.runtime.callsite.CallSiteArray.defaultCall(CallSiteArray.java:48)
	at org.codehaus.groovy.runtime.callsite.AbstractCallSite.call(AbstractCallSite.java:113)
	at org.codehaus.groovy.runtime.callsite.AbstractCallSite.call(AbstractCallSite.java:141)
	at TempTestSuite1543887302996.run(TempTestSuite1543887302996.groovy:36)
	at groovy.lang.GroovyShell.runScriptOrMainOrTestOrRunnable(GroovyShell.java:263)
	at groovy.lang.GroovyShell.run(GroovyShell.java:518)
	at groovy.lang.GroovyShell.run(GroovyShell.java:507)
	at groovy.ui.GroovyMain.processOnce(GroovyMain.java:653)
	at groovy.ui.GroovyMain.run(GroovyMain.java:384)
	at groovy.ui.GroovyMain.process(GroovyMain.java:370)
	at groovy.ui.GroovyMain.processArgs(GroovyMain.java:129)
	at groovy.ui.GroovyMain.main(GroovyMain.java:109)
	at sun.reflect.NativeMethodAccessorImpl.invoke0(Native Method)
	at sun.reflect.NativeMethodAccessorImpl.invoke(NativeMethodAccessorImpl.java:62)
	at sun.reflect.DelegatingMethodAccessorImpl.invoke(DelegatingMethodAccessorImpl.java:43)
	at java.lang.reflect.Method.invoke(Method.java:498)
	at org.codehaus.groovy.tools.GroovyStarter.rootLoader(GroovyStarter.java:109)
	at org.codehaus.groovy.tools.GroovyStarter.main(GroovyStarter.java:131)
)]]></system-err>
   </testsuite>
</testsuites>
