<?xml version="1.0" encoding="UTF-8"?>
<testsuites name="Request SSN" time="2349" tests="6" failures="0" errors="0">
   <testsuite name="Request SSN" tests="6" failures="0" errors="0" time="2349" timestamp="2018-12-07 03:41:50" hostname="Admin - Win7Test02" id="Test Suites/Workflow/Request SSN">
      <properties>
         <property name="deviceName" value=""/>
         <property name="devicePlatform" value=""/>
         <property name="logFolder" value="C:\\Users\\Admin\\Desktop\\PKS\\Perkeso Phase A\\Reports\\Workflow\\Request SSN\\20181206_171415"/>
         <property name="logFiles" value="C:\\Users\\Admin\\Desktop\\PKS\\Perkeso Phase A\\Reports\\Workflow\\Request SSN\\20181206_171415\\execution0.log"/>
         <property name="attachments" value=""/>
         <property name="hostName" value="Admin - Win7Test02"/>
         <property name="os" value="Windows 7 64bit"/>
         <property name="katalonVersion" value="5.8.6.1"/>
         <property name="browser" value="Chrome 70.0.3538.110"/>
         <property name="hostAddress" value="10.20.3.72"/>
         <property name="sessionId" value="170e8a09f2294fe0ba393b480d64bfdf"/>
         <property name="seleniumVersion" value="3.7.1"/>
         <property name="proxyInformation" value="ProxyInformation{proxyOption=NO_PROXY, proxyServerType=HTTP, password=, proxyServerAddress=, proxyServerPort=0}"/>
         <property name="platform" value="Windows 7"/>
      </properties>
      <testcase name="Test Cases/Final Aug 2018 - PKS Automation/Registration Module/Workflow/Request SSN/OTC - RIO - RO (Approve)" classname="Test Cases/Final Aug 2018 - PKS Automation/Registration Module/Workflow/Request SSN/OTC - RIO - RO (Approve)" status="PASSED">
         <system-out><![CDATA[2018-12-07 03:41:50 - [TEST_CASE][PASSED] - Test Cases/Final Aug 2018 - PKS Automation/Registration Module/Workflow/Request SSN/OTC - RIO - RO (Approve): Test Cases/Final Aug 2018 - PKS Automation/Registration Module/Workflow/Request SSN/OTC - RIO - RO (Approve)

2018-12-07 03:41:50 - [TEST_STEP][PASSED] - callTestCase: Call Test Case 'Test Cases/Final Aug 2018 - PKS Automation/Registration Module/Workflow/Request SSN/Template/Request SSN - OTC (Using Current Employer Code)' successfully

2018-12-07 03:41:51 - [TEST_CASE][PASSED] - Test Cases/Final Aug 2018 - PKS Automation/Registration Module/Workflow/Request SSN/Template/Request SSN - OTC (Using Current Employer Code): Test Cases/Final Aug 2018 - PKS Automation/Registration Module/Workflow/Request SSN/Template/Request SSN - OTC (Using Current Employer Code)

2018-12-07 03:41:51 - [TEST_STEP][PASSED] - openBrowser: Browser is opened with url: ''

2018-12-07 03:41:56 - [MESSAGE][PASSED] - Browser is opened with url: ''

2018-12-07 03:41:56 - [TEST_STEP][PASSED] - navigateToUrl: Navigate to 'https://assist2-uat.perkeso.gov.my/login' successfully

2018-12-07 03:41:57 - [MESSAGE][PASSED] - Navigate to 'https://assist2-uat.perkeso.gov.my/login' successfully

2018-12-07 03:41:57 - [TEST_STEP][PASSED] - setText: Text 'johorotc1@gmail.com' is set on object 'Object Repository/Final Object Repo/Login Page/Internal User/Email Address'

2018-12-07 03:41:57 - [MESSAGE][PASSED] - Text 'johorotc1@gmail.com' is set on object 'Object Repository/Final Object Repo/Login Page/Internal User/Email Address'

2018-12-07 03:41:57 - [TEST_STEP][PASSED] - click: Object: 'Object Repository/Final Object Repo/Login Page/Internal User/Next Button' is clicked on

2018-12-07 03:41:58 - [MESSAGE][PASSED] - Object: 'Object Repository/Final Object Repo/Login Page/Internal User/Next Button' is clicked on

2018-12-07 03:41:58 - [TEST_STEP][PASSED] - delay: Delayed 1 second(s)

2018-12-07 03:41:59 - [MESSAGE][PASSED] - Delayed 1 second(s)

2018-12-07 03:41:59 - [TEST_STEP][PASSED] - setEncryptedText: Text ****** has been set on object 'Object Repository/Final Object Repo/Login Page/Internal User/Password'

2018-12-07 03:41:59 - [MESSAGE][PASSED] - Text ****** has been set on object 'Object Repository/Final Object Repo/Login Page/Internal User/Password'

2018-12-07 03:41:59 - [TEST_STEP][PASSED] - click: Object: 'Object Repository/Final Object Repo/Login Page/Internal User/Login Button' is clicked on

2018-12-07 03:41:59 - [MESSAGE][PASSED] - Object: 'Object Repository/Final Object Repo/Login Page/Internal User/Login Button' is clicked on

2018-12-07 03:41:59 - [TEST_STEP][PASSED] - delay: Delayed 1 second(s)

2018-12-07 03:42:00 - [MESSAGE][PASSED] - Delayed 1 second(s)

2018-12-07 03:42:00 - [TEST_STEP][PASSED] - Statement - tester = com.kms.katalon.core.testobject.ObjectRepository.findTestObject(Final Object Repo/Landing Page/Select to English): Finding Test Object with id 'Object Repository/Final Object Repo/Landing Page/Select to English'

2018-12-07 03:42:00 - [TEST_STEP][PASSED] - Statement - Try: Delayed 2 second(s)

2018-12-07 03:42:00 - [TEST_STEP][PASSED] - Statement - Checker = com.kms.katalon.core.webui.keyword.WebUiBuiltInKeywords.verifyElementNotPresent(tester, 5): Web element with id: 'Object Repository/Final Object Repo/Landing Page/Select to English' located by 'By.xpath: //a[@class = 'taglib-language-list-text' and @lang = 'en-US' and (contains(text(), 'EN') or contains(., 'EN'))]' is not present after '5' second(s)

2018-12-07 03:42:01 - [MESSAGE][PASSED] - Web element with id: 'Object Repository/Final Object Repo/Landing Page/Select to English' located by 'By.xpath: //a[@class = 'taglib-language-list-text' and @lang = 'en-US' and (contains(text(), 'EN') or contains(., 'EN'))]' is not present after '5' second(s)

2018-12-07 03:42:01 - [TEST_STEP][PASSED] - Statement - If (Checker == false): null

2018-12-07 03:42:01 - [TEST_STEP][PASSED] - delay: Delayed 2 second(s)

2018-12-07 03:42:03 - [MESSAGE][PASSED] - Delayed 2 second(s)

2018-12-07 03:42:03 - [TEST_STEP][PASSED] - delay: Delayed 5 second(s)

2018-12-07 03:42:08 - [MESSAGE][PASSED] - Delayed 5 second(s)

2018-12-07 03:42:08 - [TEST_STEP][PASSED] - delay: Delayed 1 second(s)

2018-12-07 03:42:09 - [MESSAGE][PASSED] - Delayed 1 second(s)

2018-12-07 03:42:09 - [TEST_STEP][PASSED] - navigateToUrl: Navigate to 'https://assist2-uat.perkeso.gov.my/web/registration/request-ssn' successfully

2018-12-07 03:42:14 - [MESSAGE][PASSED] - Navigate to 'https://assist2-uat.perkeso.gov.my/web/registration/request-ssn' successfully

2018-12-07 03:42:14 - [TEST_STEP][PASSED] - setText: Text 'perkeso' is set on object 'Object Repository/Final Object Repo/Page_Request SSN - ASSIST/AI - Name'

2018-12-07 03:42:15 - [MESSAGE][PASSED] - Text 'perkeso' is set on object 'Object Repository/Final Object Repo/Page_Request SSN - ASSIST/AI - Name'

2018-12-07 03:42:15 - [TEST_STEP][PASSED] - click: Object: 'Object Repository/Final Object Repo/Page_Request SSN - ASSIST/AI - DOB' is clicked on

2018-12-07 03:42:15 - [MESSAGE][PASSED] - Object: 'Object Repository/Final Object Repo/Page_Request SSN - ASSIST/AI - DOB' is clicked on

2018-12-07 03:42:15 - [TEST_STEP][PASSED] - selectOptionByValue: All options with value '1995' are selected in object 'Object Repository/Final Object Repo/Page_Request SSN - ASSIST/AI - DOB - Year' 

2018-12-07 03:42:15 - [MESSAGE][PASSED] - All options with value '1995' are selected in object 'Object Repository/Final Object Repo/Page_Request SSN - ASSIST/AI - DOB - Year' 

2018-12-07 03:42:15 - [TEST_STEP][PASSED] - delay: Delayed 3 second(s)

2018-12-07 03:42:18 - [MESSAGE][PASSED] - Delayed 3 second(s)

2018-12-07 03:42:18 - [TEST_STEP][PASSED] - doubleClick: Object: 'Object Repository/Final Object Repo/Page_Request SSN - ASSIST/AI - DOB - Year - Date' is double clicked on

2018-12-07 03:42:19 - [MESSAGE][PASSED] - Object: 'Object Repository/Final Object Repo/Page_Request SSN - ASSIST/AI - DOB - Year - Date' is double clicked on

2018-12-07 03:42:19 - [TEST_STEP][PASSED] - click: Object: 'Object Repository/Final Object Repo/Page_Request SSN - ASSIST/AI - Male' is clicked on

2018-12-07 03:42:19 - [MESSAGE][PASSED] - Object: 'Object Repository/Final Object Repo/Page_Request SSN - ASSIST/AI - Male' is clicked on

2018-12-07 03:42:19 - [TEST_STEP][PASSED] - click: Object: 'Object Repository/Final Object Repo/Page_Request SSN - ASSIST/AI- Race' is clicked on

2018-12-07 03:42:19 - [MESSAGE][PASSED] - Object: 'Object Repository/Final Object Repo/Page_Request SSN - ASSIST/AI- Race' is clicked on

2018-12-07 03:42:19 - [TEST_STEP][PASSED] - click: Object: 'Object Repository/Final Object Repo/Page_Request SSN - ASSIST/AI - Race - Melayu' is clicked on

2018-12-07 03:42:19 - [MESSAGE][PASSED] - Object: 'Object Repository/Final Object Repo/Page_Request SSN - ASSIST/AI - Race - Melayu' is clicked on

2018-12-07 03:42:19 - [TEST_STEP][PASSED] - click: Object: 'Object Repository/Final Object Repo/Page_Request SSN - ASSIST/AI - Religion' is clicked on

2018-12-07 03:42:19 - [MESSAGE][PASSED] - Object: 'Object Repository/Final Object Repo/Page_Request SSN - ASSIST/AI - Religion' is clicked on

2018-12-07 03:42:19 - [TEST_STEP][PASSED] - click: Object: 'Object Repository/Final Object Repo/Page_Request SSN - ASSIST/AI - Religion - Islam' is clicked on

2018-12-07 03:42:20 - [MESSAGE][PASSED] - Object: 'Object Repository/Final Object Repo/Page_Request SSN - ASSIST/AI - Religion - Islam' is clicked on

2018-12-07 03:42:20 - [TEST_STEP][PASSED] - setText: Text '12345' is set on object 'Object Repository/Final Object Repo/Page_Request SSN - ASSIST/AI - Birth Certificate'

2018-12-07 03:42:20 - [MESSAGE][PASSED] - Text '12345' is set on object 'Object Repository/Final Object Repo/Page_Request SSN - ASSIST/AI - Birth Certificate'

2018-12-07 03:42:20 - [TEST_STEP][PASSED] - click: Object: 'Object Repository/Final Object Repo/Page_Request SSN - ASSIST/AI - Nationality' is clicked on

2018-12-07 03:42:21 - [MESSAGE][PASSED] - Object: 'Object Repository/Final Object Repo/Page_Request SSN - ASSIST/AI - Nationality' is clicked on

2018-12-07 03:42:21 - [TEST_STEP][PASSED] - click: Object: 'Object Repository/Final Object Repo/Page_Request SSN - ASSIST/AI - Nationality - Afghanistan' is clicked on

2018-12-07 03:42:21 - [MESSAGE][PASSED] - Object: 'Object Repository/Final Object Repo/Page_Request SSN - ASSIST/AI - Nationality - Afghanistan' is clicked on

2018-12-07 03:42:21 - [TEST_STEP][PASSED] - setText: Text 'PERKESO ADDRESS1' is set on object 'Object Repository/Final Object Repo/Page_Request SSN - ASSIST/AI - Address1'

2018-12-07 03:42:22 - [MESSAGE][PASSED] - Text 'PERKESO ADDRESS1' is set on object 'Object Repository/Final Object Repo/Page_Request SSN - ASSIST/AI - Address1'

2018-12-07 03:42:22 - [TEST_STEP][PASSED] - setText: Text 'PERKESO ADDRESS2' is set on object 'Object Repository/Final Object Repo/Page_Request SSN - ASSIST/AI - Address2'

2018-12-07 03:42:23 - [MESSAGE][PASSED] - Text 'PERKESO ADDRESS2' is set on object 'Object Repository/Final Object Repo/Page_Request SSN - ASSIST/AI - Address2'

2018-12-07 03:42:23 - [TEST_STEP][PASSED] - setText: Text 'PERKESO ADDRESS3' is set on object 'Object Repository/Final Object Repo/Page_Request SSN - ASSIST/AI - Address3'

2018-12-07 03:42:25 - [MESSAGE][PASSED] - Text 'PERKESO ADDRESS3' is set on object 'Object Repository/Final Object Repo/Page_Request SSN - ASSIST/AI - Address3'

2018-12-07 03:42:25 - [TEST_STEP][PASSED] - click: Object: 'Object Repository/Final Object Repo/Page_Request SSN - ASSIST/AI - State' is clicked on

2018-12-07 03:42:25 - [MESSAGE][PASSED] - Object: 'Object Repository/Final Object Repo/Page_Request SSN - ASSIST/AI - State' is clicked on

2018-12-07 03:42:25 - [TEST_STEP][PASSED] - click: Object: 'Object Repository/Final Object Repo/Page_Request SSN - ASSIST/AI - Current Employer State - Johor' is clicked on

2018-12-07 03:42:25 - [MESSAGE][PASSED] - Object: 'Object Repository/Final Object Repo/Page_Request SSN - ASSIST/AI - Current Employer State - Johor' is clicked on

2018-12-07 03:42:25 - [TEST_STEP][PASSED] - click: Object: 'Object Repository/Final Object Repo/Page_Request SSN - ASSIST/AI - City' is clicked on

2018-12-07 03:42:25 - [MESSAGE][PASSED] - Object: 'Object Repository/Final Object Repo/Page_Request SSN - ASSIST/AI - City' is clicked on

2018-12-07 03:42:25 - [TEST_STEP][PASSED] - setText: Text 'JOH' is set on object 'Object Repository/Final Object Repo/Page_Request SSN - ASSIST/AI - City - JOH'

2018-12-07 03:42:26 - [MESSAGE][PASSED] - Text 'JOH' is set on object 'Object Repository/Final Object Repo/Page_Request SSN - ASSIST/AI - City - JOH'

2018-12-07 03:42:26 - [TEST_STEP][PASSED] - delay: Delayed 3 second(s)

2018-12-07 03:42:29 - [MESSAGE][PASSED] - Delayed 3 second(s)

2018-12-07 03:42:29 - [TEST_STEP][PASSED] - click: Object: 'Object Repository/Final Object Repo/Page_Request SSN - ASSIST/AI - City - Johor Bharu' is clicked on

2018-12-07 03:42:29 - [MESSAGE][PASSED] - Object: 'Object Repository/Final Object Repo/Page_Request SSN - ASSIST/AI - City - Johor Bharu' is clicked on

2018-12-07 03:42:29 - [TEST_STEP][PASSED] - click: Object: 'Object Repository/Final Object Repo/Page_Request SSN - ASSIST/AI - Post Code' is clicked on

2018-12-07 03:42:30 - [MESSAGE][PASSED] - Object: 'Object Repository/Final Object Repo/Page_Request SSN - ASSIST/AI - Post Code' is clicked on

2018-12-07 03:42:30 - [TEST_STEP][PASSED] - setText: Text '810' is set on object 'Object Repository/Final Object Repo/Page_Request SSN - ASSIST/AI - City - JOH'

2018-12-07 03:42:30 - [MESSAGE][PASSED] - Text '810' is set on object 'Object Repository/Final Object Repo/Page_Request SSN - ASSIST/AI - City - JOH'

2018-12-07 03:42:30 - [TEST_STEP][PASSED] - delay: Delayed 3 second(s)

2018-12-07 03:42:33 - [MESSAGE][PASSED] - Delayed 3 second(s)

2018-12-07 03:42:33 - [TEST_STEP][PASSED] - click: Object: 'Object Repository/Final Object Repo/Page_Request SSN - ASSIST/AI - PostCode - 81000' is clicked on

2018-12-07 03:42:34 - [MESSAGE][PASSED] - Object: 'Object Repository/Final Object Repo/Page_Request SSN - ASSIST/AI - PostCode - 81000' is clicked on

2018-12-07 03:42:34 - [TEST_STEP][PASSED] - setText: Text '100' is set on object 'Object Repository/Final Object Repo/Page_Request SSN - ASSIST/P.O.BOX'

2018-12-07 03:42:34 - [MESSAGE][PASSED] - Text '100' is set on object 'Object Repository/Final Object Repo/Page_Request SSN - ASSIST/P.O.BOX'

2018-12-07 03:42:34 - [TEST_STEP][PASSED] - setText: Text '100' is set on object 'Object Repository/Final Object Repo/Page_Request SSN - ASSIST/Locked Bag No'

2018-12-07 03:42:35 - [MESSAGE][PASSED] - Text '100' is set on object 'Object Repository/Final Object Repo/Page_Request SSN - ASSIST/Locked Bag No'

2018-12-07 03:42:35 - [TEST_STEP][PASSED] - delay: Delayed 2 second(s)

2018-12-07 03:42:37 - [MESSAGE][PASSED] - Delayed 2 second(s)

2018-12-07 03:42:37 - [TEST_STEP][PASSED] - setText: Text '123456789' is set on object 'Object Repository/Final Object Repo/Page_Request SSN - ASSIST/AI - Telephone No'

2018-12-07 03:42:38 - [MESSAGE][PASSED] - Text '123456789' is set on object 'Object Repository/Final Object Repo/Page_Request SSN - ASSIST/AI - Telephone No'

2018-12-07 03:42:38 - [TEST_STEP][PASSED] - click: Object: 'Object Repository/Final Object Repo/Page_Request SSN - ASSIST/AI - Occupation' is clicked on

2018-12-07 03:42:38 - [MESSAGE][PASSED] - Object: 'Object Repository/Final Object Repo/Page_Request SSN - ASSIST/AI - Occupation' is clicked on

2018-12-07 03:42:38 - [TEST_STEP][PASSED] - click: Object: 'Object Repository/Final Object Repo/Page_Request SSN - ASSIST/AI - Occupation - NUMERICAL AND MATERIAL R' is clicked on

2018-12-07 03:42:38 - [MESSAGE][PASSED] - Object: 'Object Repository/Final Object Repo/Page_Request SSN - ASSIST/AI - Occupation - NUMERICAL AND MATERIAL R' is clicked on

2018-12-07 03:42:38 - [TEST_STEP][PASSED] - delay: Delayed 2 second(s)

2018-12-07 03:42:40 - [MESSAGE][PASSED] - Delayed 2 second(s)

2018-12-07 03:42:40 - [TEST_STEP][PASSED] - click: Object: 'Object Repository/Final Object Repo/Page_Request SSN - ASSIST/AI - Sub Occupation' is clicked on

2018-12-07 03:42:40 - [MESSAGE][PASSED] - Object: 'Object Repository/Final Object Repo/Page_Request SSN - ASSIST/AI - Sub Occupation' is clicked on

2018-12-07 03:42:40 - [TEST_STEP][PASSED] - click: Object: 'Object Repository/Final Object Repo/Page_Request SSN - ASSIST/AI - Sub Occupation - Stock Clerks' is clicked on

2018-12-07 03:42:41 - [MESSAGE][PASSED] - Object: 'Object Repository/Final Object Repo/Page_Request SSN - ASSIST/AI - Sub Occupation - Stock Clerks' is clicked on

2018-12-07 03:42:41 - [TEST_STEP][PASSED] - delay: Delayed 2 second(s)

2018-12-07 03:42:43 - [MESSAGE][PASSED] - Delayed 2 second(s)

2018-12-07 03:42:43 - [TEST_STEP][PASSED] - click: Object: 'Object Repository/Final Object Repo/Page_Request SSN - ASSIST/AI - Sub Occupation List' is clicked on

2018-12-07 03:42:43 - [MESSAGE][PASSED] - Object: 'Object Repository/Final Object Repo/Page_Request SSN - ASSIST/AI - Sub Occupation List' is clicked on

2018-12-07 03:42:43 - [TEST_STEP][PASSED] - click: Object: 'Object Repository/Final Object Repo/Page_Request SSN - ASSIST/AI - Sub Occupation List - Clerk raw material' is clicked on

2018-12-07 03:42:43 - [MESSAGE][PASSED] - Object: 'Object Repository/Final Object Repo/Page_Request SSN - ASSIST/AI - Sub Occupation List - Clerk raw material' is clicked on

2018-12-07 03:42:43 - [TEST_STEP][PASSED] - click: Object: 'Object Repository/Final Object Repo/Page_Request SSN - ASSIST/AI - Employment Start Date' is clicked on

2018-12-07 03:42:44 - [MESSAGE][PASSED] - Object: 'Object Repository/Final Object Repo/Page_Request SSN - ASSIST/AI - Employment Start Date' is clicked on

2018-12-07 03:42:44 - [TEST_STEP][PASSED] - click: Object: 'Object Repository/Final Object Repo/Page_Request SSN - ASSIST/AI - DOB - Year - Date' is clicked on

2018-12-07 03:42:44 - [MESSAGE][PASSED] - Object: 'Object Repository/Final Object Repo/Page_Request SSN - ASSIST/AI - DOB - Year - Date' is clicked on

2018-12-07 03:42:44 - [TEST_STEP][PASSED] - setText: Text 'E1102001065V' is set on object 'Object Repository/Final Object Repo/Page_Request SSN - ASSIST/AI - Current Employer Code'

2018-12-07 03:42:45 - [MESSAGE][PASSED] - Text 'E1102001065V' is set on object 'Object Repository/Final Object Repo/Page_Request SSN - ASSIST/AI - Current Employer Code'

2018-12-07 03:42:45 - [TEST_STEP][PASSED] - delay: Delayed 2 second(s)

2018-12-07 03:42:47 - [MESSAGE][PASSED] - Delayed 2 second(s)

2018-12-07 03:42:47 - [TEST_STEP][PASSED] - click: Object: 'Object Repository/Final Object Repo/Page_Request SSN - ASSIST/AI - Current Employer Code - Search' is clicked on

2018-12-07 03:42:47 - [MESSAGE][PASSED] - Object: 'Object Repository/Final Object Repo/Page_Request SSN - ASSIST/AI - Current Employer Code - Search' is clicked on

2018-12-07 03:42:47 - [TEST_STEP][PASSED] - delay: Delayed 2 second(s)

2018-12-07 03:42:49 - [MESSAGE][PASSED] - Delayed 2 second(s)

2018-12-07 03:42:49 - [TEST_STEP][NOT_RUN] - setText: NOT_RUN: setText

2018-12-07 03:42:49 - [MESSAGE][NOT_RUN] - NOT_RUN: setText

2018-12-07 03:42:49 - [TEST_STEP][NOT_RUN] - setText: NOT_RUN: setText

2018-12-07 03:42:49 - [MESSAGE][NOT_RUN] - NOT_RUN: setText

2018-12-07 03:42:49 - [TEST_STEP][NOT_RUN] - setText: NOT_RUN: setText

2018-12-07 03:42:49 - [MESSAGE][NOT_RUN] - NOT_RUN: setText

2018-12-07 03:42:49 - [TEST_STEP][NOT_RUN] - setText: NOT_RUN: setText

2018-12-07 03:42:49 - [MESSAGE][NOT_RUN] - NOT_RUN: setText

2018-12-07 03:42:49 - [TEST_STEP][NOT_RUN] - click: NOT_RUN: click

2018-12-07 03:42:49 - [MESSAGE][NOT_RUN] - NOT_RUN: click

2018-12-07 03:42:49 - [TEST_STEP][NOT_RUN] - click: NOT_RUN: click

2018-12-07 03:42:49 - [MESSAGE][NOT_RUN] - NOT_RUN: click

2018-12-07 03:42:49 - [TEST_STEP][NOT_RUN] - click: NOT_RUN: click

2018-12-07 03:42:49 - [MESSAGE][NOT_RUN] - NOT_RUN: click

2018-12-07 03:42:49 - [TEST_STEP][NOT_RUN] - setText: NOT_RUN: setText

2018-12-07 03:42:49 - [MESSAGE][NOT_RUN] - NOT_RUN: setText

2018-12-07 03:42:49 - [TEST_STEP][NOT_RUN] - delay: NOT_RUN: delay

2018-12-07 03:42:49 - [MESSAGE][NOT_RUN] - NOT_RUN: delay

2018-12-07 03:42:49 - [TEST_STEP][NOT_RUN] - click: NOT_RUN: click

2018-12-07 03:42:49 - [MESSAGE][NOT_RUN] - NOT_RUN: click

2018-12-07 03:42:49 - [TEST_STEP][NOT_RUN] - click: NOT_RUN: click

2018-12-07 03:42:49 - [MESSAGE][NOT_RUN] - NOT_RUN: click

2018-12-07 03:42:49 - [TEST_STEP][NOT_RUN] - setText: NOT_RUN: setText

2018-12-07 03:42:49 - [MESSAGE][NOT_RUN] - NOT_RUN: setText

2018-12-07 03:42:49 - [TEST_STEP][NOT_RUN] - delay: NOT_RUN: delay

2018-12-07 03:42:49 - [MESSAGE][NOT_RUN] - NOT_RUN: delay

2018-12-07 03:42:49 - [TEST_STEP][NOT_RUN] - click: NOT_RUN: click

2018-12-07 03:42:49 - [MESSAGE][NOT_RUN] - NOT_RUN: click

2018-12-07 03:42:49 - [TEST_STEP][NOT_RUN] - setText: NOT_RUN: setText

2018-12-07 03:42:49 - [MESSAGE][NOT_RUN] - NOT_RUN: setText

2018-12-07 03:42:49 - [TEST_STEP][NOT_RUN] - setText: NOT_RUN: setText

2018-12-07 03:42:49 - [MESSAGE][NOT_RUN] - NOT_RUN: setText

2018-12-07 03:42:49 - [TEST_STEP][NOT_RUN] - click: NOT_RUN: click

2018-12-07 03:42:49 - [MESSAGE][NOT_RUN] - NOT_RUN: click

2018-12-07 03:42:49 - [TEST_STEP][NOT_RUN] - click: NOT_RUN: click

2018-12-07 03:42:49 - [MESSAGE][NOT_RUN] - NOT_RUN: click

2018-12-07 03:42:49 - [TEST_STEP][NOT_RUN] - setText: NOT_RUN: setText

2018-12-07 03:42:49 - [MESSAGE][NOT_RUN] - NOT_RUN: setText

2018-12-07 03:42:49 - [TEST_STEP][NOT_RUN] - click: NOT_RUN: click

2018-12-07 03:42:49 - [MESSAGE][NOT_RUN] - NOT_RUN: click

2018-12-07 03:42:49 - [TEST_STEP][NOT_RUN] - click: NOT_RUN: click

2018-12-07 03:42:49 - [MESSAGE][NOT_RUN] - NOT_RUN: click

2018-12-07 03:42:49 - [TEST_STEP][NOT_RUN] - click: NOT_RUN: click

2018-12-07 03:42:49 - [MESSAGE][NOT_RUN] - NOT_RUN: click

2018-12-07 03:42:49 - [TEST_STEP][NOT_RUN] - click: NOT_RUN: click

2018-12-07 03:42:49 - [MESSAGE][NOT_RUN] - NOT_RUN: click

2018-12-07 03:42:49 - [TEST_STEP][NOT_RUN] - click: NOT_RUN: click

2018-12-07 03:42:49 - [MESSAGE][NOT_RUN] - NOT_RUN: click

2018-12-07 03:42:49 - [TEST_STEP][NOT_RUN] - click: NOT_RUN: click

2018-12-07 03:42:49 - [MESSAGE][NOT_RUN] - NOT_RUN: click

2018-12-07 03:42:49 - [TEST_STEP][NOT_RUN] - setText: NOT_RUN: setText

2018-12-07 03:42:49 - [MESSAGE][NOT_RUN] - NOT_RUN: setText

2018-12-07 03:42:49 - [TEST_STEP][NOT_RUN] - setText: NOT_RUN: setText

2018-12-07 03:42:49 - [MESSAGE][NOT_RUN] - NOT_RUN: setText

2018-12-07 03:42:49 - [TEST_STEP][NOT_RUN] - setText: NOT_RUN: setText

2018-12-07 03:42:49 - [MESSAGE][NOT_RUN] - NOT_RUN: setText

2018-12-07 03:42:49 - [TEST_STEP][NOT_RUN] - click: NOT_RUN: click

2018-12-07 03:42:49 - [MESSAGE][NOT_RUN] - NOT_RUN: click

2018-12-07 03:42:49 - [TEST_STEP][NOT_RUN] - click: NOT_RUN: click

2018-12-07 03:42:49 - [MESSAGE][NOT_RUN] - NOT_RUN: click

2018-12-07 03:42:49 - [TEST_STEP][NOT_RUN] - click: NOT_RUN: click

2018-12-07 03:42:49 - [MESSAGE][NOT_RUN] - NOT_RUN: click

2018-12-07 03:42:49 - [TEST_STEP][NOT_RUN] - setText: NOT_RUN: setText

2018-12-07 03:42:49 - [MESSAGE][NOT_RUN] - NOT_RUN: setText

2018-12-07 03:42:49 - [TEST_STEP][NOT_RUN] - delay: NOT_RUN: delay

2018-12-07 03:42:49 - [MESSAGE][NOT_RUN] - NOT_RUN: delay

2018-12-07 03:42:49 - [TEST_STEP][NOT_RUN] - click: NOT_RUN: click

2018-12-07 03:42:49 - [MESSAGE][NOT_RUN] - NOT_RUN: click

2018-12-07 03:42:49 - [TEST_STEP][NOT_RUN] - click: NOT_RUN: click

2018-12-07 03:42:49 - [MESSAGE][NOT_RUN] - NOT_RUN: click

2018-12-07 03:42:49 - [TEST_STEP][NOT_RUN] - click: NOT_RUN: click

2018-12-07 03:42:49 - [MESSAGE][NOT_RUN] - NOT_RUN: click

2018-12-07 03:42:49 - [TEST_STEP][NOT_RUN] - setText: NOT_RUN: setText

2018-12-07 03:42:49 - [MESSAGE][NOT_RUN] - NOT_RUN: setText

2018-12-07 03:42:49 - [TEST_STEP][NOT_RUN] - delay: NOT_RUN: delay

2018-12-07 03:42:49 - [MESSAGE][NOT_RUN] - NOT_RUN: delay

2018-12-07 03:42:49 - [TEST_STEP][NOT_RUN] - click: NOT_RUN: click

2018-12-07 03:42:49 - [MESSAGE][NOT_RUN] - NOT_RUN: click

2018-12-07 03:42:49 - [TEST_STEP][NOT_RUN] - delay: NOT_RUN: delay

2018-12-07 03:42:49 - [MESSAGE][NOT_RUN] - NOT_RUN: delay

2018-12-07 03:42:49 - [TEST_STEP][NOT_RUN] - setText: NOT_RUN: setText

2018-12-07 03:42:49 - [MESSAGE][NOT_RUN] - NOT_RUN: setText

2018-12-07 03:42:49 - [TEST_STEP][NOT_RUN] - setText: NOT_RUN: setText

2018-12-07 03:42:49 - [MESSAGE][NOT_RUN] - NOT_RUN: setText

2018-12-07 03:42:49 - [TEST_STEP][NOT_RUN] - setText: NOT_RUN: setText

2018-12-07 03:42:49 - [MESSAGE][NOT_RUN] - NOT_RUN: setText

2018-12-07 03:42:49 - [TEST_STEP][NOT_RUN] - click: NOT_RUN: click

2018-12-07 03:42:49 - [MESSAGE][NOT_RUN] - NOT_RUN: click

2018-12-07 03:42:49 - [TEST_STEP][NOT_RUN] - click: NOT_RUN: click

2018-12-07 03:42:49 - [MESSAGE][NOT_RUN] - NOT_RUN: click

2018-12-07 03:42:49 - [TEST_STEP][NOT_RUN] - setText: NOT_RUN: setText

2018-12-07 03:42:49 - [MESSAGE][NOT_RUN] - NOT_RUN: setText

2018-12-07 03:42:49 - [TEST_STEP][NOT_RUN] - click: NOT_RUN: click

2018-12-07 03:42:49 - [MESSAGE][NOT_RUN] - NOT_RUN: click

2018-12-07 03:42:49 - [TEST_STEP][NOT_RUN] - click: NOT_RUN: click

2018-12-07 03:42:49 - [MESSAGE][NOT_RUN] - NOT_RUN: click

2018-12-07 03:42:49 - [TEST_STEP][NOT_RUN] - click: NOT_RUN: click

2018-12-07 03:42:49 - [MESSAGE][NOT_RUN] - NOT_RUN: click

2018-12-07 03:42:49 - [TEST_STEP][NOT_RUN] - click: NOT_RUN: click

2018-12-07 03:42:49 - [MESSAGE][NOT_RUN] - NOT_RUN: click

2018-12-07 03:42:49 - [TEST_STEP][NOT_RUN] - click: NOT_RUN: click

2018-12-07 03:42:49 - [MESSAGE][NOT_RUN] - NOT_RUN: click

2018-12-07 03:42:49 - [TEST_STEP][NOT_RUN] - click: NOT_RUN: click

2018-12-07 03:42:49 - [MESSAGE][NOT_RUN] - NOT_RUN: click

2018-12-07 03:42:49 - [TEST_STEP][NOT_RUN] - setText: NOT_RUN: setText

2018-12-07 03:42:49 - [MESSAGE][NOT_RUN] - NOT_RUN: setText

2018-12-07 03:42:49 - [TEST_STEP][NOT_RUN] - setText: NOT_RUN: setText

2018-12-07 03:42:49 - [MESSAGE][NOT_RUN] - NOT_RUN: setText

2018-12-07 03:42:49 - [TEST_STEP][NOT_RUN] - setText: NOT_RUN: setText

2018-12-07 03:42:49 - [MESSAGE][NOT_RUN] - NOT_RUN: setText

2018-12-07 03:42:49 - [TEST_STEP][NOT_RUN] - click: NOT_RUN: click

2018-12-07 03:42:49 - [MESSAGE][NOT_RUN] - NOT_RUN: click

2018-12-07 03:42:49 - [TEST_STEP][NOT_RUN] - click: NOT_RUN: click

2018-12-07 03:42:49 - [MESSAGE][NOT_RUN] - NOT_RUN: click

2018-12-07 03:42:49 - [TEST_STEP][NOT_RUN] - click: NOT_RUN: click

2018-12-07 03:42:49 - [MESSAGE][NOT_RUN] - NOT_RUN: click

2018-12-07 03:42:49 - [TEST_STEP][NOT_RUN] - delay: NOT_RUN: delay

2018-12-07 03:42:49 - [MESSAGE][NOT_RUN] - NOT_RUN: delay

2018-12-07 03:42:49 - [TEST_STEP][NOT_RUN] - setText: NOT_RUN: setText

2018-12-07 03:42:49 - [MESSAGE][NOT_RUN] - NOT_RUN: setText

2018-12-07 03:42:49 - [TEST_STEP][NOT_RUN] - delay: NOT_RUN: delay

2018-12-07 03:42:49 - [MESSAGE][NOT_RUN] - NOT_RUN: delay

2018-12-07 03:42:49 - [TEST_STEP][NOT_RUN] - click: NOT_RUN: click

2018-12-07 03:42:49 - [MESSAGE][NOT_RUN] - NOT_RUN: click

2018-12-07 03:42:49 - [TEST_STEP][NOT_RUN] - doubleClick: NOT_RUN: doubleClick

2018-12-07 03:42:49 - [MESSAGE][NOT_RUN] - NOT_RUN: doubleClick

2018-12-07 03:42:49 - [TEST_STEP][NOT_RUN] - click: NOT_RUN: click

2018-12-07 03:42:49 - [MESSAGE][NOT_RUN] - NOT_RUN: click

2018-12-07 03:42:49 - [TEST_STEP][NOT_RUN] - setText: NOT_RUN: setText

2018-12-07 03:42:49 - [MESSAGE][NOT_RUN] - NOT_RUN: setText

2018-12-07 03:42:49 - [TEST_STEP][NOT_RUN] - delay: NOT_RUN: delay

2018-12-07 03:42:49 - [MESSAGE][NOT_RUN] - NOT_RUN: delay

2018-12-07 03:42:49 - [TEST_STEP][NOT_RUN] - click: NOT_RUN: click

2018-12-07 03:42:49 - [MESSAGE][NOT_RUN] - NOT_RUN: click

2018-12-07 03:42:49 - [TEST_STEP][NOT_RUN] - delay: NOT_RUN: delay

2018-12-07 03:42:49 - [MESSAGE][NOT_RUN] - NOT_RUN: delay

2018-12-07 03:42:49 - [TEST_STEP][NOT_RUN] - setText: NOT_RUN: setText

2018-12-07 03:42:49 - [MESSAGE][NOT_RUN] - NOT_RUN: setText

2018-12-07 03:42:49 - [TEST_STEP][PASSED] - click: Object: 'Object Repository/Final Object Repo/Page_Request SSN - ASSIST/Save  Continue' is clicked on

2018-12-07 03:42:49 - [MESSAGE][PASSED] - Object: 'Object Repository/Final Object Repo/Page_Request SSN - ASSIST/Save  Continue' is clicked on

2018-12-07 03:42:49 - [TEST_STEP][PASSED] - delay: Delayed 3 second(s)

2018-12-07 03:42:52 - [MESSAGE][PASSED] - Delayed 3 second(s)

2018-12-07 03:42:52 - [TEST_STEP][PASSED] - Statement - CaseReferenceNo = com.kms.katalon.core.webui.keyword.WebUiBuiltInKeywords.getText(com.kms.katalon.core.testobject.ObjectRepository.findTestObject(Final Object Repo/Page_Request SSN - ASSIST/Reference Number in Uploading Page - OTC)): Text of object 'Object Repository/Final Object Repo/Page_Request SSN - ASSIST/Reference Number in Uploading Page - OTC' is: 'SSN12201800001180'

2018-12-07 03:42:53 - [MESSAGE][PASSED] - Text of object 'Object Repository/Final Object Repo/Page_Request SSN - ASSIST/Reference Number in Uploading Page - OTC' is: 'SSN12201800001180'

2018-12-07 03:42:53 - [TEST_STEP][PASSED] - Statement - out.println(CaseReferenceNo): null

2018-12-07 03:42:53 - [TEST_STEP][PASSED] - callTestCase: Call Test Case 'Test Cases/Final Aug 2018 - PKS Automation/Common/Reference Number Setter' successfully

2018-12-07 03:42:53 - [TEST_CASE][PASSED] - Test Cases/Final Aug 2018 - PKS Automation/Common/Reference Number Setter: Test Cases/Final Aug 2018 - PKS Automation/Common/Reference Number Setter

2018-12-07 03:42:53 - [TEST_STEP][PASSED] - Statement - RefNoOldFile = new java.io.File(C://Users//Admin//Desktop//PKS//Automation Reference Point//KatalonReference.txt): null

2018-12-07 03:42:53 - [TEST_STEP][PASSED] - Statement - RefNoOldFile.delete(): null

2018-12-07 03:42:53 - [TEST_STEP][PASSED] - delay: Delayed 5 second(s)

2018-12-07 03:42:58 - [MESSAGE][PASSED] - Delayed 5 second(s)

2018-12-07 03:42:58 - [TEST_STEP][PASSED] - Statement - RefNo = new java.io.File(C://Users//Admin//Desktop//PKS//Automation Reference Point//KatalonReference.txt): null

2018-12-07 03:42:58 - [TEST_STEP][PASSED] - Statement - f2 = new java.io.FileWriter(RefNo, false): null

2018-12-07 03:42:58 - [TEST_STEP][PASSED] - Statement - f2.write(CaseReferenceNo): null

2018-12-07 03:42:58 - [TEST_STEP][PASSED] - Statement - f2.close(): null

2018-12-07 03:42:58 - [TEST_STEP][PASSED] - Statement - out.println("


" + CaseReferenceNo + "


"): null

2018-12-07 03:42:58 - [MESSAGE][PASSED] - Call Test Case 'Test Cases/Final Aug 2018 - PKS Automation/Common/Reference Number Setter' successfully

2018-12-07 03:42:58 - [TEST_STEP][PASSED] - click: Object: 'Object Repository/Final Object Repo/Page_Request SSN - ASSIST/Add Document Button' is clicked on

2018-12-07 03:42:58 - [MESSAGE][PASSED] - Object: 'Object Repository/Final Object Repo/Page_Request SSN - ASSIST/Add Document Button' is clicked on

2018-12-07 03:42:58 - [TEST_STEP][PASSED] - delay: Delayed 2 second(s)

2018-12-07 03:43:00 - [MESSAGE][PASSED] - Delayed 2 second(s)

2018-12-07 03:43:00 - [TEST_STEP][PASSED] - click: Object: 'Object Repository/Final Object Repo/Page_Request SSN - ASSIST/Document Type' is clicked on

2018-12-07 03:43:01 - [MESSAGE][PASSED] - Object: 'Object Repository/Final Object Repo/Page_Request SSN - ASSIST/Document Type' is clicked on

2018-12-07 03:43:01 - [TEST_STEP][PASSED] - click: Object: 'Object Repository/Final Object Repo/Page_Request SSN - ASSIST/Document Type - Birth Certificate' is clicked on

2018-12-07 03:43:01 - [MESSAGE][PASSED] - Object: 'Object Repository/Final Object Repo/Page_Request SSN - ASSIST/Document Type - Birth Certificate' is clicked on

2018-12-07 03:43:01 - [TEST_STEP][PASSED] - sendKeys: Keys 'C:\Users\Public\Pictures\Sample Pictures\Koala.jpg' sent to object: 'Object Repository/Final Object Repo/Page_Request SSN - ASSIST/Upload File'

2018-12-07 03:43:01 - [MESSAGE][PASSED] - Keys 'C:\Users\Public\Pictures\Sample Pictures\Koala.jpg' sent to object: 'Object Repository/Final Object Repo/Page_Request SSN - ASSIST/Upload File'

2018-12-07 03:43:01 - [TEST_STEP][PASSED] - click: Object: 'Object Repository/Final Object Repo/Page_Request SSN - ASSIST/Add Document' is clicked on

2018-12-07 03:43:02 - [MESSAGE][PASSED] - Object: 'Object Repository/Final Object Repo/Page_Request SSN - ASSIST/Add Document' is clicked on

2018-12-07 03:43:02 - [TEST_STEP][PASSED] - delay: Delayed 2 second(s)

2018-12-07 03:43:04 - [MESSAGE][PASSED] - Delayed 2 second(s)

2018-12-07 03:43:04 - [TEST_STEP][PASSED] - click: Object: 'Object Repository/Final Object Repo/Page_Request SSN - ASSIST/Save  Continue in Uploading Document Page' is clicked on

2018-12-07 03:43:06 - [MESSAGE][PASSED] - Object: 'Object Repository/Final Object Repo/Page_Request SSN - ASSIST/Save  Continue in Uploading Document Page' is clicked on

2018-12-07 03:43:06 - [TEST_STEP][PASSED] - delay: Delayed 2 second(s)

2018-12-07 03:43:08 - [MESSAGE][PASSED] - Delayed 2 second(s)

2018-12-07 03:43:08 - [TEST_STEP][PASSED] - click: Object: 'Object Repository/Final Object Repo/Page_Request SSN - ASSIST/Submit' is clicked on

2018-12-07 03:43:10 - [MESSAGE][PASSED] - Object: 'Object Repository/Final Object Repo/Page_Request SSN - ASSIST/Submit' is clicked on

2018-12-07 03:43:10 - [TEST_STEP][PASSED] - delay: Delayed 2 second(s)

2018-12-07 03:43:12 - [MESSAGE][PASSED] - Delayed 2 second(s)

2018-12-07 03:43:12 - [TEST_STEP][PASSED] - click: Object: 'Object Repository/Final Object Repo/Page_Request SSN - ASSIST/Confirm' is clicked on

2018-12-07 03:43:13 - [MESSAGE][PASSED] - Object: 'Object Repository/Final Object Repo/Page_Request SSN - ASSIST/Confirm' is clicked on

2018-12-07 03:43:13 - [TEST_STEP][PASSED] - delay: Delayed 2 second(s)

2018-12-07 03:43:15 - [MESSAGE][PASSED] - Delayed 2 second(s)

2018-12-07 03:43:15 - [TEST_STEP][PASSED] - verifyElementVisible: Object 'Object Repository/Final Object Repo/Page_Request SSN - ASSIST/Message This Case will be routed to RIO' is visible

2018-12-07 03:43:20 - [MESSAGE][PASSED] - Object 'Object Repository/Final Object Repo/Page_Request SSN - ASSIST/Message This Case will be routed to RIO' is visible

2018-12-07 03:43:20 - [TEST_STEP][PASSED] - delay: Delayed 2 second(s)

2018-12-07 03:43:22 - [MESSAGE][PASSED] - Delayed 2 second(s)

2018-12-07 03:43:22 - [TEST_STEP][PASSED] - verifyElementVisible: Object 'Object Repository/Final Object Repo/Page_Request SSN - ASSIST/Letter of acknowledgement' is visible

2018-12-07 03:43:22 - [MESSAGE][PASSED] - Object 'Object Repository/Final Object Repo/Page_Request SSN - ASSIST/Letter of acknowledgement' is visible

2018-12-07 03:43:22 - [MESSAGE][PASSED] - Call Test Case 'Test Cases/Final Aug 2018 - PKS Automation/Registration Module/Workflow/Request SSN/Template/Request SSN - OTC (Using Current Employer Code)' successfully

2018-12-07 03:43:22 - [TEST_STEP][PASSED] - callTestCase: Call Test Case 'Test Cases/Final Aug 2018 - PKS Automation/Registration Module/Workflow/Request SSN/Template/Request SSN RIO - RO (Approve)' successfully

2018-12-07 03:43:22 - [TEST_CASE][PASSED] - Test Cases/Final Aug 2018 - PKS Automation/Registration Module/Workflow/Request SSN/Template/Request SSN RIO - RO (Approve): Test Cases/Final Aug 2018 - PKS Automation/Registration Module/Workflow/Request SSN/Template/Request SSN RIO - RO (Approve)

2018-12-07 03:43:22 - [TEST_STEP][NOT_RUN] - callTestCase: NOT_RUN: callTestCase

2018-12-07 03:43:22 - [MESSAGE][NOT_RUN] - NOT_RUN: callTestCase

2018-12-07 03:43:22 - [TEST_STEP][PASSED] - delay: Delayed 2 second(s)

2018-12-07 03:43:24 - [MESSAGE][PASSED] - Delayed 2 second(s)

2018-12-07 03:43:24 - [TEST_STEP][PASSED] - navigateToUrl: Navigate to 'https://assist2-uat.perkeso.gov.my/c/portal/logout' successfully

2018-12-07 03:43:25 - [MESSAGE][PASSED] - Navigate to 'https://assist2-uat.perkeso.gov.my/c/portal/logout' successfully

2018-12-07 03:43:25 - [TEST_STEP][PASSED] - delay: Delayed 2 second(s)

2018-12-07 03:43:27 - [MESSAGE][PASSED] - Delayed 2 second(s)

2018-12-07 03:43:27 - [TEST_STEP][PASSED] - callTestCase: Call Test Case 'Test Cases/Final Aug 2018 - PKS Automation/Common/Workflow Owner Finder' successfully

2018-12-07 03:43:27 - [TEST_CASE][PASSED] - Test Cases/Final Aug 2018 - PKS Automation/Common/Workflow Owner Finder: Test Cases/Final Aug 2018 - PKS Automation/Common/Workflow Owner Finder

2018-12-07 03:43:28 - [TEST_STEP][PASSED] - openBrowser: Browser is opened with url: ''

2018-12-07 03:43:28 - [MESSAGE][WARNING] - A browser is already opened. Closing browser and opening a new one

2018-12-07 03:43:31 - [MESSAGE][PASSED] - Browser is opened with url: ''

2018-12-07 03:43:31 - [TEST_STEP][PASSED] - navigateToUrl: Navigate to 'https://assist2-uat.perkeso.gov.my/login' successfully

2018-12-07 03:43:33 - [MESSAGE][PASSED] - Navigate to 'https://assist2-uat.perkeso.gov.my/login' successfully

2018-12-07 03:43:33 - [TEST_STEP][PASSED] - delay: Delayed 5 second(s)

2018-12-07 03:43:38 - [MESSAGE][PASSED] - Delayed 5 second(s)

2018-12-07 03:43:38 - [TEST_STEP][PASSED] - setText: Text 'test@liferay.com' is set on object 'Object Repository/Final Object Repo/Login Page/Internal User/Email Address'

2018-12-07 03:43:38 - [MESSAGE][PASSED] - Text 'test@liferay.com' is set on object 'Object Repository/Final Object Repo/Login Page/Internal User/Email Address'

2018-12-07 03:43:38 - [TEST_STEP][PASSED] - click: Object: 'Object Repository/Final Object Repo/Login Page/Internal User/Next Button' is clicked on

2018-12-07 03:43:38 - [MESSAGE][PASSED] - Object: 'Object Repository/Final Object Repo/Login Page/Internal User/Next Button' is clicked on

2018-12-07 03:43:38 - [TEST_STEP][PASSED] - delay: Delayed 2 second(s)

2018-12-07 03:43:40 - [MESSAGE][PASSED] - Delayed 2 second(s)

2018-12-07 03:43:40 - [TEST_STEP][PASSED] - setText: Text 'test' is set on object 'Object Repository/Final Object Repo/Login Page/Internal User/Password'

2018-12-07 03:43:40 - [MESSAGE][PASSED] - Text 'test' is set on object 'Object Repository/Final Object Repo/Login Page/Internal User/Password'

2018-12-07 03:43:40 - [TEST_STEP][PASSED] - delay: Delayed 2 second(s)

2018-12-07 03:43:42 - [MESSAGE][PASSED] - Delayed 2 second(s)

2018-12-07 03:43:42 - [TEST_STEP][PASSED] - click: Object: 'Object Repository/Final Object Repo/Login Page/Internal User/Login Button' is clicked on

2018-12-07 03:43:42 - [MESSAGE][PASSED] - Object: 'Object Repository/Final Object Repo/Login Page/Internal User/Login Button' is clicked on

2018-12-07 03:43:42 - [TEST_STEP][PASSED] - Statement - tester = com.kms.katalon.core.testobject.ObjectRepository.findTestObject(Final Object Repo/Landing Page/Select to English): Finding Test Object with id 'Object Repository/Final Object Repo/Landing Page/Select to English'

2018-12-07 03:43:42 - [TEST_STEP][PASSED] - Statement - Try: Delayed 2 second(s)

2018-12-07 03:43:42 - [TEST_STEP][PASSED] - Statement - Checker = com.kms.katalon.core.webui.keyword.WebUiBuiltInKeywords.verifyElementNotPresent(tester, 3): Web element with id: 'Object Repository/Final Object Repo/Landing Page/Select to English' located by 'By.xpath: //a[@class = 'taglib-language-list-text' and @lang = 'en-US' and (contains(text(), 'EN') or contains(., 'EN'))]' is not present after '3' second(s)

2018-12-07 03:43:44 - [MESSAGE][PASSED] - Web element with id: 'Object Repository/Final Object Repo/Landing Page/Select to English' located by 'By.xpath: //a[@class = 'taglib-language-list-text' and @lang = 'en-US' and (contains(text(), 'EN') or contains(., 'EN'))]' is not present after '3' second(s)

2018-12-07 03:43:44 - [TEST_STEP][PASSED] - Statement - If (Checker == false): null

2018-12-07 03:43:44 - [TEST_STEP][PASSED] - delay: Delayed 2 second(s)

2018-12-07 03:43:46 - [MESSAGE][PASSED] - Delayed 2 second(s)

2018-12-07 03:43:46 - [TEST_STEP][PASSED] - delay: Delayed 5 second(s)

2018-12-07 03:43:51 - [MESSAGE][PASSED] - Delayed 5 second(s)

2018-12-07 03:43:51 - [TEST_STEP][PASSED] - mouseOver: Object: 'Object Repository/Final Object Repo/Landing Page/WorkFlow Menu' is hovered

2018-12-07 03:43:52 - [MESSAGE][PASSED] - Object: 'Object Repository/Final Object Repo/Landing Page/WorkFlow Menu' is hovered

2018-12-07 03:43:52 - [TEST_STEP][PASSED] - delay: Delayed 2 second(s)

2018-12-07 03:43:54 - [MESSAGE][PASSED] - Delayed 2 second(s)

2018-12-07 03:43:54 - [TEST_STEP][PASSED] - click: Object: 'Object Repository/Final Object Repo/Landing Page/Select to Workflow Listing' is clicked on

2018-12-07 03:43:55 - [MESSAGE][PASSED] - Object: 'Object Repository/Final Object Repo/Landing Page/Select to Workflow Listing' is clicked on

2018-12-07 03:43:55 - [TEST_STEP][PASSED] - delay: Delayed 2 second(s)

2018-12-07 03:43:57 - [MESSAGE][PASSED] - Delayed 2 second(s)

2018-12-07 03:43:57 - [TEST_STEP][PASSED] - click: Object: 'Object Repository/Final Object Repo/WorkFlow Listing Page/Search Information - To Put Ref No' is clicked on

2018-12-07 03:43:57 - [MESSAGE][PASSED] - Object: 'Object Repository/Final Object Repo/WorkFlow Listing Page/Search Information - To Put Ref No' is clicked on

2018-12-07 03:43:57 - [TEST_STEP][PASSED] - delay: Delayed 2 second(s)

2018-12-07 03:43:59 - [MESSAGE][PASSED] - Delayed 2 second(s)

2018-12-07 03:43:59 - [TEST_STEP][PASSED] - callTestCase: Call Test Case 'Test Cases/Final Aug 2018 - PKS Automation/Common/Reference Number Getter' successfully

2018-12-07 03:43:59 - [TEST_CASE][PASSED] - Test Cases/Final Aug 2018 - PKS Automation/Common/Reference Number Getter: Test Cases/Final Aug 2018 - PKS Automation/Common/Reference Number Getter

2018-12-07 03:43:59 - [TEST_STEP][PASSED] - Statement - Try: null

2018-12-07 03:43:59 - [TEST_STEP][PASSED] - Statement - RefNo = new java.io.File(C://Users//Admin//Desktop//PKS//Automation Reference Point//KatalonReference.txt): null

2018-12-07 03:43:59 - [TEST_STEP][PASSED] - Statement - bufferread = new java.io.BufferedReader(new java.io.FileReader(RefNo)): null

2018-12-07 03:43:59 - [TEST_STEP][PASSED] - Statement - readedVal = bufferread.readLine(): null

2018-12-07 03:43:59 - [TEST_STEP][PASSED] - Statement - out.println(CaseReferenceNo): null

2018-12-07 03:43:59 - [TEST_STEP][PASSED] - Statement - out.println(readedVal): null

2018-12-07 03:43:59 - [TEST_STEP][PASSED] - Statement - CaseReferenceNo = "": null

2018-12-07 03:43:59 - [TEST_STEP][PASSED] - Statement - CaseReferenceNo = readedVal: null

2018-12-07 03:43:59 - [MESSAGE][PASSED] - Call Test Case 'Test Cases/Final Aug 2018 - PKS Automation/Common/Reference Number Getter' successfully

2018-12-07 03:43:59 - [TEST_STEP][PASSED] - setText: Text 'SSN12201800001180' is set on object 'Object Repository/Final Object Repo/WorkFlow Listing Page/Ref No Set Text'

2018-12-07 03:44:00 - [MESSAGE][PASSED] - Text 'SSN12201800001180' is set on object 'Object Repository/Final Object Repo/WorkFlow Listing Page/Ref No Set Text'

2018-12-07 03:44:00 - [TEST_STEP][PASSED] - delay: Delayed 2 second(s)

2018-12-07 03:44:02 - [MESSAGE][PASSED] - Delayed 2 second(s)

2018-12-07 03:44:02 - [TEST_STEP][PASSED] - click: Object: 'Object Repository/Final Object Repo/WorkFlow Listing Page/Search Ref No Search Button' is clicked on

2018-12-07 03:44:02 - [MESSAGE][PASSED] - Object: 'Object Repository/Final Object Repo/WorkFlow Listing Page/Search Ref No Search Button' is clicked on

2018-12-07 03:44:02 - [TEST_STEP][PASSED] - delay: Delayed 6 second(s)

2018-12-07 03:44:08 - [MESSAGE][PASSED] - Delayed 6 second(s)

2018-12-07 03:44:08 - [TEST_STEP][PASSED] - click: Object: 'Object Repository/Final Object Repo/WorkFlow Listing Page/Click Continue Tooltip' is clicked on

2018-12-07 03:44:09 - [MESSAGE][PASSED] - Object: 'Object Repository/Final Object Repo/WorkFlow Listing Page/Click Continue Tooltip' is clicked on

2018-12-07 03:44:09 - [TEST_STEP][PASSED] - delay: Delayed 5 second(s)

2018-12-07 03:44:14 - [MESSAGE][PASSED] - Delayed 5 second(s)

2018-12-07 03:44:14 - [TEST_STEP][PASSED] - doubleClick: Object: 'Object Repository/Final Object Repo/WorkFlow Listing Page/Workflow Found - Listing 1' is double clicked on

2018-12-07 03:44:14 - [MESSAGE][PASSED] - Object: 'Object Repository/Final Object Repo/WorkFlow Listing Page/Workflow Found - Listing 1' is double clicked on

2018-12-07 03:44:14 - [TEST_STEP][PASSED] - Statement - println(OwnerID): null

2018-12-07 03:44:14 - [TEST_STEP][PASSED] - Statement - OwnerID = com.kms.katalon.core.webui.keyword.WebUiBuiltInKeywords.getText(com.kms.katalon.core.testobject.ObjectRepository.findTestObject(Final Object Repo/WorkFlow Listing Page/Workflow Found - Listing 1), STOP_ON_FAILURE): Text of object 'Object Repository/Final Object Repo/WorkFlow Listing Page/Workflow Found - Listing 1' is: 'JOHORrio3'

2018-12-07 03:44:14 - [MESSAGE][PASSED] - Text of object 'Object Repository/Final Object Repo/WorkFlow Listing Page/Workflow Found - Listing 1' is: 'JOHORrio3'

2018-12-07 03:44:14 - [TEST_STEP][PASSED] - Statement - OwnerID = OwnerID.toLowerCase() + "@gmail.com": null

2018-12-07 03:44:14 - [TEST_STEP][PASSED] - Statement - println(OwnerID): null

2018-12-07 03:44:14 - [TEST_STEP][PASSED] - delay: Delayed 2 second(s)

2018-12-07 03:44:16 - [MESSAGE][PASSED] - Delayed 2 second(s)

2018-12-07 03:44:16 - [MESSAGE][PASSED] - Call Test Case 'Test Cases/Final Aug 2018 - PKS Automation/Common/Workflow Owner Finder' successfully

2018-12-07 03:44:16 - [TEST_STEP][PASSED] - delay: Delayed 2 second(s)

2018-12-07 03:44:18 - [MESSAGE][PASSED] - Delayed 2 second(s)

2018-12-07 03:44:18 - [TEST_STEP][PASSED] - navigateToUrl: Navigate to 'https://assist2-uat.perkeso.gov.my/c/portal/logout' successfully

2018-12-07 03:44:19 - [MESSAGE][PASSED] - Navigate to 'https://assist2-uat.perkeso.gov.my/c/portal/logout' successfully

2018-12-07 03:44:19 - [TEST_STEP][PASSED] - delay: Delayed 2 second(s)

2018-12-07 03:44:21 - [MESSAGE][PASSED] - Delayed 2 second(s)

2018-12-07 03:44:21 - [TEST_STEP][PASSED] - callTestCase: Call Test Case 'Test Cases/Final Aug 2018 - PKS Automation/Registration Module/Workflow/Login and Search Case For Workflow' successfully

2018-12-07 03:44:21 - [TEST_CASE][PASSED] - Test Cases/Final Aug 2018 - PKS Automation/Registration Module/Workflow/Login and Search Case For Workflow: Test Cases/Final Aug 2018 - PKS Automation/Registration Module/Workflow/Login and Search Case For Workflow

2018-12-07 03:44:21 - [TEST_STEP][PASSED] - navigateToUrl: Navigate to 'https://assist2-uat.perkeso.gov.my/login' successfully

2018-12-07 03:44:22 - [MESSAGE][PASSED] - Navigate to 'https://assist2-uat.perkeso.gov.my/login' successfully

2018-12-07 03:44:22 - [TEST_STEP][PASSED] - setText: Text 'johorrio3@gmail.com' is set on object 'Object Repository/Final Object Repo/Login Page/Internal User/Email Address'

2018-12-07 03:44:22 - [MESSAGE][PASSED] - Text 'johorrio3@gmail.com' is set on object 'Object Repository/Final Object Repo/Login Page/Internal User/Email Address'

2018-12-07 03:44:22 - [TEST_STEP][PASSED] - click: Object: 'Object Repository/Final Object Repo/Login Page/Internal User/Next Button' is clicked on

2018-12-07 03:44:22 - [MESSAGE][PASSED] - Object: 'Object Repository/Final Object Repo/Login Page/Internal User/Next Button' is clicked on

2018-12-07 03:44:22 - [TEST_STEP][PASSED] - delay: Delayed 1 second(s)

2018-12-07 03:44:23 - [MESSAGE][PASSED] - Delayed 1 second(s)

2018-12-07 03:44:23 - [TEST_STEP][PASSED] - setEncryptedText: Text ****** has been set on object 'Object Repository/Final Object Repo/Login Page/Internal User/Password'

2018-12-07 03:44:23 - [MESSAGE][PASSED] - Text ****** has been set on object 'Object Repository/Final Object Repo/Login Page/Internal User/Password'

2018-12-07 03:44:24 - [TEST_STEP][PASSED] - click: Object: 'Object Repository/Final Object Repo/Login Page/Internal User/Login Button' is clicked on

2018-12-07 03:44:24 - [MESSAGE][PASSED] - Object: 'Object Repository/Final Object Repo/Login Page/Internal User/Login Button' is clicked on

2018-12-07 03:44:24 - [TEST_STEP][PASSED] - delay: Delayed 2 second(s)

2018-12-07 03:44:26 - [MESSAGE][PASSED] - Delayed 2 second(s)

2018-12-07 03:44:26 - [TEST_STEP][PASSED] - Statement - Try: Delayed 2 second(s)

2018-12-07 03:44:26 - [TEST_STEP][PASSED] - Statement - Checker = false: null

2018-12-07 03:44:26 - [TEST_STEP][PASSED] - Statement - Checker = com.kms.katalon.core.webui.keyword.WebUiBuiltInKeywords.verifyElementHasAttribute(com.kms.katalon.core.testobject.ObjectRepository.findTestObject(Final Object Repo/Landing Page/BM Detecting), "href", 20, OPTIONAL): Object 'Object Repository/Final Object Repo/Landing Page/BM Detecting' has attribute 'href'

2018-12-07 03:44:26 - [MESSAGE][PASSED] - Object 'Object Repository/Final Object Repo/Landing Page/BM Detecting' has attribute 'href'

2018-12-07 03:44:26 - [TEST_STEP][PASSED] - Statement - out.println(Checker): null

2018-12-07 03:44:26 - [TEST_STEP][PASSED] - Statement - If (Checker == false): null

2018-12-07 03:44:26 - [TEST_STEP][PASSED] - Statement - Else: null

2018-12-07 03:44:26 - [TEST_STEP][PASSED] - delay: Delayed 2 second(s)

2018-12-07 03:44:28 - [MESSAGE][PASSED] - Delayed 2 second(s)

2018-12-07 03:44:28 - [TEST_STEP][PASSED] - click: Object: 'Object Repository/Final Object Repo/Page_MyASSIST - ASSIST - Search Pending Case For Add Supporting Document/Search Information' is clicked on

2018-12-07 03:44:28 - [MESSAGE][PASSED] - Object: 'Object Repository/Final Object Repo/Page_MyASSIST - ASSIST - Search Pending Case For Add Supporting Document/Search Information' is clicked on

2018-12-07 03:44:28 - [TEST_STEP][PASSED] - delay: Delayed 3 second(s)

2018-12-07 03:44:31 - [MESSAGE][PASSED] - Delayed 3 second(s)

2018-12-07 03:44:31 - [TEST_STEP][PASSED] - sendKeys: Keys 'SSN12201800001180' sent to object: 'Object Repository/Final Object Repo/Page_MyASSIST - ASSIST - Search Pending Case For Add Supporting Document/Reference No'

2018-12-07 03:44:31 - [MESSAGE][PASSED] - Keys 'SSN12201800001180' sent to object: 'Object Repository/Final Object Repo/Page_MyASSIST - ASSIST - Search Pending Case For Add Supporting Document/Reference No'

2018-12-07 03:44:31 - [TEST_STEP][PASSED] - click: Object: 'Object Repository/Final Object Repo/Page_MyASSIST - ASSIST - Search Pending Case For Add Supporting Document/Search Reference No' is clicked on

2018-12-07 03:44:31 - [MESSAGE][PASSED] - Object: 'Object Repository/Final Object Repo/Page_MyASSIST - ASSIST - Search Pending Case For Add Supporting Document/Search Reference No' is clicked on

2018-12-07 03:44:31 - [TEST_STEP][PASSED] - delay: Delayed 2 second(s)

2018-12-07 03:44:33 - [MESSAGE][PASSED] - Delayed 2 second(s)

2018-12-07 03:44:33 - [TEST_STEP][PASSED] - click: Object: 'Object Repository/Final Object Repo/Page_MyASSIST - ASSIST - Search Pending Case For Add Supporting Document/Continue' is clicked on

2018-12-07 03:44:41 - [MESSAGE][PASSED] - Object: 'Object Repository/Final Object Repo/Page_MyASSIST - ASSIST - Search Pending Case For Add Supporting Document/Continue' is clicked on

2018-12-07 03:44:41 - [TEST_STEP][PASSED] - delay: Delayed 20 second(s)

2018-12-07 03:45:01 - [MESSAGE][PASSED] - Delayed 20 second(s)

2018-12-07 03:45:01 - [MESSAGE][PASSED] - Call Test Case 'Test Cases/Final Aug 2018 - PKS Automation/Registration Module/Workflow/Login and Search Case For Workflow' successfully

2018-12-07 03:45:01 - [TEST_STEP][PASSED] - callTestCase: Call Test Case 'Test Cases/Final Aug 2018 - PKS Automation/Registration Module/Workflow/Request SSN/Template/Request SSN - RIO' successfully

2018-12-07 03:45:01 - [TEST_CASE][PASSED] - Test Cases/Final Aug 2018 - PKS Automation/Registration Module/Workflow/Request SSN/Template/Request SSN - RIO: Test Cases/Final Aug 2018 - PKS Automation/Registration Module/Workflow/Request SSN/Template/Request SSN - RIO

2018-12-07 03:45:01 - [TEST_STEP][NOT_RUN] - openBrowser: NOT_RUN: openBrowser

2018-12-07 03:45:01 - [MESSAGE][NOT_RUN] - NOT_RUN: openBrowser

2018-12-07 03:45:01 - [TEST_STEP][NOT_RUN] - navigateToUrl: NOT_RUN: navigateToUrl

2018-12-07 03:45:01 - [MESSAGE][NOT_RUN] - NOT_RUN: navigateToUrl

2018-12-07 03:45:01 - [TEST_STEP][NOT_RUN] - setText: NOT_RUN: setText

2018-12-07 03:45:01 - [MESSAGE][NOT_RUN] - NOT_RUN: setText

2018-12-07 03:45:01 - [TEST_STEP][NOT_RUN] - click: NOT_RUN: click

2018-12-07 03:45:01 - [MESSAGE][NOT_RUN] - NOT_RUN: click

2018-12-07 03:45:01 - [TEST_STEP][NOT_RUN] - delay: NOT_RUN: delay

2018-12-07 03:45:01 - [MESSAGE][NOT_RUN] - NOT_RUN: delay

2018-12-07 03:45:01 - [TEST_STEP][NOT_RUN] - setEncryptedText: NOT_RUN: setEncryptedText

2018-12-07 03:45:01 - [MESSAGE][NOT_RUN] - NOT_RUN: setEncryptedText

2018-12-07 03:45:01 - [TEST_STEP][NOT_RUN] - click: NOT_RUN: click

2018-12-07 03:45:01 - [MESSAGE][NOT_RUN] - NOT_RUN: click

2018-12-07 03:45:01 - [TEST_STEP][NOT_RUN] - delay: NOT_RUN: delay

2018-12-07 03:45:01 - [MESSAGE][NOT_RUN] - NOT_RUN: delay

2018-12-07 03:45:01 - [TEST_STEP][NOT_RUN] - click: NOT_RUN: click

2018-12-07 03:45:01 - [MESSAGE][NOT_RUN] - NOT_RUN: click

2018-12-07 03:45:01 - [TEST_STEP][NOT_RUN] - sendKeys: NOT_RUN: sendKeys

2018-12-07 03:45:01 - [MESSAGE][NOT_RUN] - NOT_RUN: sendKeys

2018-12-07 03:45:01 - [TEST_STEP][NOT_RUN] - click: NOT_RUN: click

2018-12-07 03:45:01 - [MESSAGE][NOT_RUN] - NOT_RUN: click

2018-12-07 03:45:01 - [TEST_STEP][NOT_RUN] - delay: NOT_RUN: delay

2018-12-07 03:45:01 - [MESSAGE][NOT_RUN] - NOT_RUN: delay

2018-12-07 03:45:01 - [TEST_STEP][NOT_RUN] - click: NOT_RUN: click

2018-12-07 03:45:01 - [MESSAGE][NOT_RUN] - NOT_RUN: click

2018-12-07 03:45:01 - [TEST_STEP][PASSED] - delay: Delayed 2 second(s)

2018-12-07 03:45:03 - [MESSAGE][PASSED] - Delayed 2 second(s)

2018-12-07 03:45:03 - [TEST_STEP][PASSED] - click: Object: 'Object Repository/Final Object Repo/Page_Request SSN - ASSIST/Page_Request SSN - ASSIST - RIO/Recommend For SSN' is clicked on

2018-12-07 03:45:03 - [MESSAGE][PASSED] - Object: 'Object Repository/Final Object Repo/Page_Request SSN - ASSIST/Page_Request SSN - ASSIST - RIO/Recommend For SSN' is clicked on

2018-12-07 03:45:03 - [TEST_STEP][PASSED] - click: Object: 'Object Repository/Final Object Repo/Page_Request SSN - ASSIST/Page_Request SSN - ASSIST - RIO/Recommend For SSN  - Yes' is clicked on

2018-12-07 03:45:03 - [MESSAGE][PASSED] - Object: 'Object Repository/Final Object Repo/Page_Request SSN - ASSIST/Page_Request SSN - ASSIST - RIO/Recommend For SSN  - Yes' is clicked on

2018-12-07 03:45:03 - [TEST_STEP][PASSED] - delay: Delayed 2 second(s)

2018-12-07 03:45:05 - [MESSAGE][PASSED] - Delayed 2 second(s)

2018-12-07 03:45:05 - [TEST_STEP][PASSED] - click: Object: 'Object Repository/Final Object Repo/Page_Request SSN - ASSIST/Page_Request SSN - ASSIST - RIO/Save  Continue in SSN page' is clicked on

2018-12-07 03:45:06 - [MESSAGE][PASSED] - Object: 'Object Repository/Final Object Repo/Page_Request SSN - ASSIST/Page_Request SSN - ASSIST - RIO/Save  Continue in SSN page' is clicked on

2018-12-07 03:45:06 - [TEST_STEP][PASSED] - delay: Delayed 2 second(s)

2018-12-07 03:45:08 - [MESSAGE][PASSED] - Delayed 2 second(s)

2018-12-07 03:45:08 - [TEST_STEP][PASSED] - click: Object: 'Object Repository/Final Object Repo/Page_Request SSN - ASSIST/Page_Request SSN - ASSIST - RIO/Save  Continue in Upload Document Page' is clicked on

2018-12-07 03:45:10 - [MESSAGE][PASSED] - Object: 'Object Repository/Final Object Repo/Page_Request SSN - ASSIST/Page_Request SSN - ASSIST - RIO/Save  Continue in Upload Document Page' is clicked on

2018-12-07 03:45:10 - [TEST_STEP][PASSED] - delay: Delayed 2 second(s)

2018-12-07 03:45:12 - [MESSAGE][PASSED] - Delayed 2 second(s)

2018-12-07 03:45:12 - [TEST_STEP][PASSED] - click: Object: 'Object Repository/Final Object Repo/Page_Request SSN - ASSIST/Page_Request SSN - ASSIST - RIO/Submit' is clicked on

2018-12-07 03:45:15 - [MESSAGE][PASSED] - Object: 'Object Repository/Final Object Repo/Page_Request SSN - ASSIST/Page_Request SSN - ASSIST - RIO/Submit' is clicked on

2018-12-07 03:45:15 - [TEST_STEP][PASSED] - delay: Delayed 2 second(s)

2018-12-07 03:45:17 - [MESSAGE][PASSED] - Delayed 2 second(s)

2018-12-07 03:45:17 - [TEST_STEP][PASSED] - click: Object: 'Object Repository/Final Object Repo/Page_Request SSN - ASSIST/Page_Request SSN - ASSIST - RIO/Confirm' is clicked on

2018-12-07 03:45:17 - [MESSAGE][PASSED] - Object: 'Object Repository/Final Object Repo/Page_Request SSN - ASSIST/Page_Request SSN - ASSIST - RIO/Confirm' is clicked on

2018-12-07 03:45:17 - [MESSAGE][PASSED] - Call Test Case 'Test Cases/Final Aug 2018 - PKS Automation/Registration Module/Workflow/Request SSN/Template/Request SSN - RIO' successfully

2018-12-07 03:45:17 - [TEST_STEP][PASSED] - delay: Delayed 2 second(s)

2018-12-07 03:45:19 - [MESSAGE][PASSED] - Delayed 2 second(s)

2018-12-07 03:45:19 - [TEST_STEP][PASSED] - navigateToUrl: Navigate to 'https://assist2-uat.perkeso.gov.my/c/portal/logout' successfully

2018-12-07 03:45:23 - [MESSAGE][PASSED] - Navigate to 'https://assist2-uat.perkeso.gov.my/c/portal/logout' successfully

2018-12-07 03:45:23 - [TEST_STEP][PASSED] - delay: Delayed 2 second(s)

2018-12-07 03:45:25 - [MESSAGE][PASSED] - Delayed 2 second(s)

2018-12-07 03:45:25 - [TEST_STEP][PASSED] - callTestCase: Call Test Case 'Test Cases/Final Aug 2018 - PKS Automation/Common/Workflow Owner Finder' successfully

2018-12-07 03:45:26 - [TEST_CASE][PASSED] - Test Cases/Final Aug 2018 - PKS Automation/Common/Workflow Owner Finder: Test Cases/Final Aug 2018 - PKS Automation/Common/Workflow Owner Finder

2018-12-07 03:45:26 - [TEST_STEP][PASSED] - openBrowser: Browser is opened with url: ''

2018-12-07 03:45:26 - [MESSAGE][WARNING] - A browser is already opened. Closing browser and opening a new one

2018-12-07 03:45:29 - [MESSAGE][PASSED] - Browser is opened with url: ''

2018-12-07 03:45:29 - [TEST_STEP][PASSED] - navigateToUrl: Navigate to 'https://assist2-uat.perkeso.gov.my/login' successfully

2018-12-07 03:45:30 - [MESSAGE][PASSED] - Navigate to 'https://assist2-uat.perkeso.gov.my/login' successfully

2018-12-07 03:45:30 - [TEST_STEP][PASSED] - delay: Delayed 5 second(s)

2018-12-07 03:45:35 - [MESSAGE][PASSED] - Delayed 5 second(s)

2018-12-07 03:45:35 - [TEST_STEP][PASSED] - setText: Text 'test@liferay.com' is set on object 'Object Repository/Final Object Repo/Login Page/Internal User/Email Address'

2018-12-07 03:45:36 - [MESSAGE][PASSED] - Text 'test@liferay.com' is set on object 'Object Repository/Final Object Repo/Login Page/Internal User/Email Address'

2018-12-07 03:45:36 - [TEST_STEP][PASSED] - click: Object: 'Object Repository/Final Object Repo/Login Page/Internal User/Next Button' is clicked on

2018-12-07 03:45:36 - [MESSAGE][PASSED] - Object: 'Object Repository/Final Object Repo/Login Page/Internal User/Next Button' is clicked on

2018-12-07 03:45:36 - [TEST_STEP][PASSED] - delay: Delayed 2 second(s)

2018-12-07 03:45:38 - [MESSAGE][PASSED] - Delayed 2 second(s)

2018-12-07 03:45:38 - [TEST_STEP][PASSED] - setText: Text 'test' is set on object 'Object Repository/Final Object Repo/Login Page/Internal User/Password'

2018-12-07 03:45:38 - [MESSAGE][PASSED] - Text 'test' is set on object 'Object Repository/Final Object Repo/Login Page/Internal User/Password'

2018-12-07 03:45:38 - [TEST_STEP][PASSED] - delay: Delayed 2 second(s)

2018-12-07 03:45:40 - [MESSAGE][PASSED] - Delayed 2 second(s)

2018-12-07 03:45:40 - [TEST_STEP][PASSED] - click: Object: 'Object Repository/Final Object Repo/Login Page/Internal User/Login Button' is clicked on

2018-12-07 03:45:40 - [MESSAGE][PASSED] - Object: 'Object Repository/Final Object Repo/Login Page/Internal User/Login Button' is clicked on

2018-12-07 03:45:40 - [TEST_STEP][PASSED] - Statement - tester = com.kms.katalon.core.testobject.ObjectRepository.findTestObject(Final Object Repo/Landing Page/Select to English): Finding Test Object with id 'Object Repository/Final Object Repo/Landing Page/Select to English'

2018-12-07 03:45:40 - [TEST_STEP][PASSED] - Statement - Try: Delayed 2 second(s)

2018-12-07 03:45:40 - [TEST_STEP][PASSED] - Statement - Checker = com.kms.katalon.core.webui.keyword.WebUiBuiltInKeywords.verifyElementNotPresent(tester, 3): Web element with id: 'Object Repository/Final Object Repo/Landing Page/Select to English' located by 'By.xpath: //a[@class = 'taglib-language-list-text' and @lang = 'en-US' and (contains(text(), 'EN') or contains(., 'EN'))]' is not present after '3' second(s)

2018-12-07 03:45:42 - [MESSAGE][PASSED] - Web element with id: 'Object Repository/Final Object Repo/Landing Page/Select to English' located by 'By.xpath: //a[@class = 'taglib-language-list-text' and @lang = 'en-US' and (contains(text(), 'EN') or contains(., 'EN'))]' is not present after '3' second(s)

2018-12-07 03:45:42 - [TEST_STEP][PASSED] - Statement - If (Checker == false): null

2018-12-07 03:45:42 - [TEST_STEP][PASSED] - delay: Delayed 2 second(s)

2018-12-07 03:45:44 - [MESSAGE][PASSED] - Delayed 2 second(s)

2018-12-07 03:45:44 - [TEST_STEP][PASSED] - delay: Delayed 5 second(s)

2018-12-07 03:45:49 - [MESSAGE][PASSED] - Delayed 5 second(s)

2018-12-07 03:45:49 - [TEST_STEP][PASSED] - mouseOver: Object: 'Object Repository/Final Object Repo/Landing Page/WorkFlow Menu' is hovered

2018-12-07 03:45:49 - [MESSAGE][PASSED] - Object: 'Object Repository/Final Object Repo/Landing Page/WorkFlow Menu' is hovered

2018-12-07 03:45:49 - [TEST_STEP][PASSED] - delay: Delayed 2 second(s)

2018-12-07 03:45:51 - [MESSAGE][PASSED] - Delayed 2 second(s)

2018-12-07 03:45:51 - [TEST_STEP][PASSED] - click: Object: 'Object Repository/Final Object Repo/Landing Page/Select to Workflow Listing' is clicked on

2018-12-07 03:45:52 - [MESSAGE][PASSED] - Object: 'Object Repository/Final Object Repo/Landing Page/Select to Workflow Listing' is clicked on

2018-12-07 03:45:52 - [TEST_STEP][PASSED] - delay: Delayed 2 second(s)

2018-12-07 03:45:54 - [MESSAGE][PASSED] - Delayed 2 second(s)

2018-12-07 03:45:54 - [TEST_STEP][PASSED] - click: Object: 'Object Repository/Final Object Repo/WorkFlow Listing Page/Search Information - To Put Ref No' is clicked on

2018-12-07 03:45:54 - [MESSAGE][PASSED] - Object: 'Object Repository/Final Object Repo/WorkFlow Listing Page/Search Information - To Put Ref No' is clicked on

2018-12-07 03:45:54 - [TEST_STEP][PASSED] - delay: Delayed 2 second(s)

2018-12-07 03:45:56 - [MESSAGE][PASSED] - Delayed 2 second(s)

2018-12-07 03:45:56 - [TEST_STEP][PASSED] - callTestCase: Call Test Case 'Test Cases/Final Aug 2018 - PKS Automation/Common/Reference Number Getter' successfully

2018-12-07 03:45:57 - [TEST_CASE][PASSED] - Test Cases/Final Aug 2018 - PKS Automation/Common/Reference Number Getter: Test Cases/Final Aug 2018 - PKS Automation/Common/Reference Number Getter

2018-12-07 03:45:57 - [TEST_STEP][PASSED] - Statement - Try: null

2018-12-07 03:45:57 - [TEST_STEP][PASSED] - Statement - RefNo = new java.io.File(C://Users//Admin//Desktop//PKS//Automation Reference Point//KatalonReference.txt): null

2018-12-07 03:45:57 - [TEST_STEP][PASSED] - Statement - bufferread = new java.io.BufferedReader(new java.io.FileReader(RefNo)): null

2018-12-07 03:45:57 - [TEST_STEP][PASSED] - Statement - readedVal = bufferread.readLine(): null

2018-12-07 03:45:57 - [TEST_STEP][PASSED] - Statement - out.println(CaseReferenceNo): null

2018-12-07 03:45:57 - [TEST_STEP][PASSED] - Statement - out.println(readedVal): null

2018-12-07 03:45:57 - [TEST_STEP][PASSED] - Statement - CaseReferenceNo = "": null

2018-12-07 03:45:57 - [TEST_STEP][PASSED] - Statement - CaseReferenceNo = readedVal: null

2018-12-07 03:45:57 - [MESSAGE][PASSED] - Call Test Case 'Test Cases/Final Aug 2018 - PKS Automation/Common/Reference Number Getter' successfully

2018-12-07 03:45:57 - [TEST_STEP][PASSED] - setText: Text 'SSN12201800001180' is set on object 'Object Repository/Final Object Repo/WorkFlow Listing Page/Ref No Set Text'

2018-12-07 03:45:57 - [MESSAGE][PASSED] - Text 'SSN12201800001180' is set on object 'Object Repository/Final Object Repo/WorkFlow Listing Page/Ref No Set Text'

2018-12-07 03:45:57 - [TEST_STEP][PASSED] - delay: Delayed 2 second(s)

2018-12-07 03:45:59 - [MESSAGE][PASSED] - Delayed 2 second(s)

2018-12-07 03:45:59 - [TEST_STEP][PASSED] - click: Object: 'Object Repository/Final Object Repo/WorkFlow Listing Page/Search Ref No Search Button' is clicked on

2018-12-07 03:45:59 - [MESSAGE][PASSED] - Object: 'Object Repository/Final Object Repo/WorkFlow Listing Page/Search Ref No Search Button' is clicked on

2018-12-07 03:45:59 - [TEST_STEP][PASSED] - delay: Delayed 6 second(s)

2018-12-07 03:46:05 - [MESSAGE][PASSED] - Delayed 6 second(s)

2018-12-07 03:46:05 - [TEST_STEP][PASSED] - click: Object: 'Object Repository/Final Object Repo/WorkFlow Listing Page/Click Continue Tooltip' is clicked on

2018-12-07 03:46:06 - [MESSAGE][PASSED] - Object: 'Object Repository/Final Object Repo/WorkFlow Listing Page/Click Continue Tooltip' is clicked on

2018-12-07 03:46:06 - [TEST_STEP][PASSED] - delay: Delayed 5 second(s)

2018-12-07 03:46:11 - [MESSAGE][PASSED] - Delayed 5 second(s)

2018-12-07 03:46:11 - [TEST_STEP][PASSED] - doubleClick: Object: 'Object Repository/Final Object Repo/WorkFlow Listing Page/Workflow Found - Listing 1' is double clicked on

2018-12-07 03:46:11 - [MESSAGE][PASSED] - Object: 'Object Repository/Final Object Repo/WorkFlow Listing Page/Workflow Found - Listing 1' is double clicked on

2018-12-07 03:46:11 - [TEST_STEP][PASSED] - Statement - println(OwnerID): null

2018-12-07 03:46:11 - [TEST_STEP][PASSED] - Statement - OwnerID = com.kms.katalon.core.webui.keyword.WebUiBuiltInKeywords.getText(com.kms.katalon.core.testobject.ObjectRepository.findTestObject(Final Object Repo/WorkFlow Listing Page/Workflow Found - Listing 1), STOP_ON_FAILURE): Text of object 'Object Repository/Final Object Repo/WorkFlow Listing Page/Workflow Found - Listing 1' is: 'JOHORro1'

2018-12-07 03:46:11 - [MESSAGE][PASSED] - Text of object 'Object Repository/Final Object Repo/WorkFlow Listing Page/Workflow Found - Listing 1' is: 'JOHORro1'

2018-12-07 03:46:11 - [TEST_STEP][PASSED] - Statement - OwnerID = OwnerID.toLowerCase() + "@gmail.com": null

2018-12-07 03:46:11 - [TEST_STEP][PASSED] - Statement - println(OwnerID): null

2018-12-07 03:46:11 - [TEST_STEP][PASSED] - delay: Delayed 2 second(s)

2018-12-07 03:46:13 - [MESSAGE][PASSED] - Delayed 2 second(s)

2018-12-07 03:46:13 - [MESSAGE][PASSED] - Call Test Case 'Test Cases/Final Aug 2018 - PKS Automation/Common/Workflow Owner Finder' successfully

2018-12-07 03:46:13 - [TEST_STEP][PASSED] - delay: Delayed 2 second(s)

2018-12-07 03:46:15 - [MESSAGE][PASSED] - Delayed 2 second(s)

2018-12-07 03:46:15 - [TEST_STEP][PASSED] - navigateToUrl: Navigate to 'https://assist2-uat.perkeso.gov.my/c/portal/logout' successfully

2018-12-07 03:46:16 - [MESSAGE][PASSED] - Navigate to 'https://assist2-uat.perkeso.gov.my/c/portal/logout' successfully

2018-12-07 03:46:16 - [TEST_STEP][PASSED] - delay: Delayed 2 second(s)

2018-12-07 03:46:18 - [MESSAGE][PASSED] - Delayed 2 second(s)

2018-12-07 03:46:18 - [TEST_STEP][PASSED] - callTestCase: Call Test Case 'Test Cases/Final Aug 2018 - PKS Automation/Registration Module/Workflow/Login and Search Case For Workflow' successfully

2018-12-07 03:46:18 - [TEST_CASE][PASSED] - Test Cases/Final Aug 2018 - PKS Automation/Registration Module/Workflow/Login and Search Case For Workflow: Test Cases/Final Aug 2018 - PKS Automation/Registration Module/Workflow/Login and Search Case For Workflow

2018-12-07 03:46:18 - [TEST_STEP][PASSED] - navigateToUrl: Navigate to 'https://assist2-uat.perkeso.gov.my/login' successfully

2018-12-07 03:46:19 - [MESSAGE][PASSED] - Navigate to 'https://assist2-uat.perkeso.gov.my/login' successfully

2018-12-07 03:46:19 - [TEST_STEP][PASSED] - setText: Text 'johorro1@gmail.com' is set on object 'Object Repository/Final Object Repo/Login Page/Internal User/Email Address'

2018-12-07 03:46:19 - [MESSAGE][PASSED] - Text 'johorro1@gmail.com' is set on object 'Object Repository/Final Object Repo/Login Page/Internal User/Email Address'

2018-12-07 03:46:19 - [TEST_STEP][PASSED] - click: Object: 'Object Repository/Final Object Repo/Login Page/Internal User/Next Button' is clicked on

2018-12-07 03:46:19 - [MESSAGE][PASSED] - Object: 'Object Repository/Final Object Repo/Login Page/Internal User/Next Button' is clicked on

2018-12-07 03:46:19 - [TEST_STEP][PASSED] - delay: Delayed 1 second(s)

2018-12-07 03:46:20 - [MESSAGE][PASSED] - Delayed 1 second(s)

2018-12-07 03:46:20 - [TEST_STEP][PASSED] - setEncryptedText: Text ****** has been set on object 'Object Repository/Final Object Repo/Login Page/Internal User/Password'

2018-12-07 03:46:20 - [MESSAGE][PASSED] - Text ****** has been set on object 'Object Repository/Final Object Repo/Login Page/Internal User/Password'

2018-12-07 03:46:20 - [TEST_STEP][PASSED] - click: Object: 'Object Repository/Final Object Repo/Login Page/Internal User/Login Button' is clicked on

2018-12-07 03:46:20 - [MESSAGE][PASSED] - Object: 'Object Repository/Final Object Repo/Login Page/Internal User/Login Button' is clicked on

2018-12-07 03:46:20 - [TEST_STEP][PASSED] - delay: Delayed 2 second(s)

2018-12-07 03:46:22 - [MESSAGE][PASSED] - Delayed 2 second(s)

2018-12-07 03:46:22 - [TEST_STEP][PASSED] - Statement - Try: Delayed 2 second(s)

2018-12-07 03:46:22 - [TEST_STEP][PASSED] - Statement - Checker = false: null

2018-12-07 03:46:22 - [TEST_STEP][PASSED] - Statement - Checker = com.kms.katalon.core.webui.keyword.WebUiBuiltInKeywords.verifyElementHasAttribute(com.kms.katalon.core.testobject.ObjectRepository.findTestObject(Final Object Repo/Landing Page/BM Detecting), "href", 20, OPTIONAL): Object 'Object Repository/Final Object Repo/Landing Page/BM Detecting' has attribute 'href'

2018-12-07 03:46:23 - [MESSAGE][PASSED] - Object 'Object Repository/Final Object Repo/Landing Page/BM Detecting' has attribute 'href'

2018-12-07 03:46:23 - [TEST_STEP][PASSED] - Statement - out.println(Checker): null

2018-12-07 03:46:23 - [TEST_STEP][PASSED] - Statement - If (Checker == false): null

2018-12-07 03:46:23 - [TEST_STEP][PASSED] - Statement - Else: null

2018-12-07 03:46:23 - [TEST_STEP][PASSED] - delay: Delayed 2 second(s)

2018-12-07 03:46:25 - [MESSAGE][PASSED] - Delayed 2 second(s)

2018-12-07 03:46:25 - [TEST_STEP][PASSED] - click: Object: 'Object Repository/Final Object Repo/Page_MyASSIST - ASSIST - Search Pending Case For Add Supporting Document/Search Information' is clicked on

2018-12-07 03:46:25 - [MESSAGE][PASSED] - Object: 'Object Repository/Final Object Repo/Page_MyASSIST - ASSIST - Search Pending Case For Add Supporting Document/Search Information' is clicked on

2018-12-07 03:46:25 - [TEST_STEP][PASSED] - delay: Delayed 3 second(s)

2018-12-07 03:46:28 - [MESSAGE][PASSED] - Delayed 3 second(s)

2018-12-07 03:46:28 - [TEST_STEP][PASSED] - sendKeys: Keys 'SSN12201800001180' sent to object: 'Object Repository/Final Object Repo/Page_MyASSIST - ASSIST - Search Pending Case For Add Supporting Document/Reference No'

2018-12-07 03:46:28 - [MESSAGE][PASSED] - Keys 'SSN12201800001180' sent to object: 'Object Repository/Final Object Repo/Page_MyASSIST - ASSIST - Search Pending Case For Add Supporting Document/Reference No'

2018-12-07 03:46:28 - [TEST_STEP][PASSED] - click: Object: 'Object Repository/Final Object Repo/Page_MyASSIST - ASSIST - Search Pending Case For Add Supporting Document/Search Reference No' is clicked on

2018-12-07 03:46:28 - [MESSAGE][PASSED] - Object: 'Object Repository/Final Object Repo/Page_MyASSIST - ASSIST - Search Pending Case For Add Supporting Document/Search Reference No' is clicked on

2018-12-07 03:46:28 - [TEST_STEP][PASSED] - delay: Delayed 2 second(s)

2018-12-07 03:46:30 - [MESSAGE][PASSED] - Delayed 2 second(s)

2018-12-07 03:46:30 - [TEST_STEP][PASSED] - click: Object: 'Object Repository/Final Object Repo/Page_MyASSIST - ASSIST - Search Pending Case For Add Supporting Document/Continue' is clicked on

2018-12-07 03:46:38 - [MESSAGE][PASSED] - Object: 'Object Repository/Final Object Repo/Page_MyASSIST - ASSIST - Search Pending Case For Add Supporting Document/Continue' is clicked on

2018-12-07 03:46:38 - [TEST_STEP][PASSED] - delay: Delayed 20 second(s)

2018-12-07 03:46:58 - [MESSAGE][PASSED] - Delayed 20 second(s)

2018-12-07 03:46:58 - [MESSAGE][PASSED] - Call Test Case 'Test Cases/Final Aug 2018 - PKS Automation/Registration Module/Workflow/Login and Search Case For Workflow' successfully

2018-12-07 03:46:58 - [TEST_STEP][PASSED] - callTestCase: Call Test Case 'Test Cases/Final Aug 2018 - PKS Automation/Registration Module/Workflow/Request SSN/Template/Request SSN - RO (Approve)' successfully

2018-12-07 03:46:58 - [TEST_CASE][PASSED] - Test Cases/Final Aug 2018 - PKS Automation/Registration Module/Workflow/Request SSN/Template/Request SSN - RO (Approve): Test Cases/Final Aug 2018 - PKS Automation/Registration Module/Workflow/Request SSN/Template/Request SSN - RO (Approve)

2018-12-07 03:46:58 - [TEST_STEP][NOT_RUN] - openBrowser: NOT_RUN: openBrowser

2018-12-07 03:46:58 - [MESSAGE][NOT_RUN] - NOT_RUN: openBrowser

2018-12-07 03:46:58 - [TEST_STEP][NOT_RUN] - navigateToUrl: NOT_RUN: navigateToUrl

2018-12-07 03:46:58 - [MESSAGE][NOT_RUN] - NOT_RUN: navigateToUrl

2018-12-07 03:46:58 - [TEST_STEP][NOT_RUN] - setText: NOT_RUN: setText

2018-12-07 03:46:58 - [MESSAGE][NOT_RUN] - NOT_RUN: setText

2018-12-07 03:46:58 - [TEST_STEP][NOT_RUN] - click: NOT_RUN: click

2018-12-07 03:46:58 - [MESSAGE][NOT_RUN] - NOT_RUN: click

2018-12-07 03:46:58 - [TEST_STEP][NOT_RUN] - delay: NOT_RUN: delay

2018-12-07 03:46:58 - [MESSAGE][NOT_RUN] - NOT_RUN: delay

2018-12-07 03:46:58 - [TEST_STEP][NOT_RUN] - setEncryptedText: NOT_RUN: setEncryptedText

2018-12-07 03:46:58 - [MESSAGE][NOT_RUN] - NOT_RUN: setEncryptedText

2018-12-07 03:46:58 - [TEST_STEP][NOT_RUN] - click: NOT_RUN: click

2018-12-07 03:46:58 - [MESSAGE][NOT_RUN] - NOT_RUN: click

2018-12-07 03:46:58 - [TEST_STEP][NOT_RUN] - delay: NOT_RUN: delay

2018-12-07 03:46:58 - [MESSAGE][NOT_RUN] - NOT_RUN: delay

2018-12-07 03:46:58 - [TEST_STEP][NOT_RUN] - click: NOT_RUN: click

2018-12-07 03:46:58 - [MESSAGE][NOT_RUN] - NOT_RUN: click

2018-12-07 03:46:58 - [TEST_STEP][NOT_RUN] - delay: NOT_RUN: delay

2018-12-07 03:46:58 - [MESSAGE][NOT_RUN] - NOT_RUN: delay

2018-12-07 03:46:58 - [TEST_STEP][NOT_RUN] - sendKeys: NOT_RUN: sendKeys

2018-12-07 03:46:58 - [MESSAGE][NOT_RUN] - NOT_RUN: sendKeys

2018-12-07 03:46:58 - [TEST_STEP][NOT_RUN] - click: NOT_RUN: click

2018-12-07 03:46:58 - [MESSAGE][NOT_RUN] - NOT_RUN: click

2018-12-07 03:46:58 - [TEST_STEP][NOT_RUN] - delay: NOT_RUN: delay

2018-12-07 03:46:58 - [MESSAGE][NOT_RUN] - NOT_RUN: delay

2018-12-07 03:46:58 - [TEST_STEP][NOT_RUN] - click: NOT_RUN: click

2018-12-07 03:46:58 - [MESSAGE][NOT_RUN] - NOT_RUN: click

2018-12-07 03:46:58 - [TEST_STEP][PASSED] - click: Object: 'Object Repository/Final Object Repo/Page_Request SSN - ASSIST/Page_Request SSN - ASSIST - RO/Approval For SSN' is clicked on

2018-12-07 03:46:58 - [MESSAGE][PASSED] - Object: 'Object Repository/Final Object Repo/Page_Request SSN - ASSIST/Page_Request SSN - ASSIST - RO/Approval For SSN' is clicked on

2018-12-07 03:46:58 - [TEST_STEP][PASSED] - click: Object: 'Object Repository/Final Object Repo/Page_Request SSN - ASSIST/Page_Request SSN - ASSIST - RO/Approval For SSN - Approve' is clicked on

2018-12-07 03:46:59 - [MESSAGE][PASSED] - Object: 'Object Repository/Final Object Repo/Page_Request SSN - ASSIST/Page_Request SSN - ASSIST - RO/Approval For SSN - Approve' is clicked on

2018-12-07 03:46:59 - [TEST_STEP][PASSED] - delay: Delayed 2 second(s)

2018-12-07 03:47:01 - [MESSAGE][PASSED] - Delayed 2 second(s)

2018-12-07 03:47:01 - [TEST_STEP][PASSED] - click: Object: 'Object Repository/Final Object Repo/Page_Request SSN - ASSIST/Page_Request SSN - ASSIST - RO/Save  Continue in SSN Page' is clicked on

2018-12-07 03:47:01 - [MESSAGE][PASSED] - Object: 'Object Repository/Final Object Repo/Page_Request SSN - ASSIST/Page_Request SSN - ASSIST - RO/Save  Continue in SSN Page' is clicked on

2018-12-07 03:47:01 - [TEST_STEP][PASSED] - delay: Delayed 2 second(s)

2018-12-07 03:47:03 - [MESSAGE][PASSED] - Delayed 2 second(s)

2018-12-07 03:47:03 - [TEST_STEP][PASSED] - click: Object: 'Object Repository/Final Object Repo/Page_Request SSN - ASSIST/Page_Request SSN - ASSIST - RO/Save  Continue in Uploading Document Page' is clicked on

2018-12-07 03:47:05 - [MESSAGE][PASSED] - Object: 'Object Repository/Final Object Repo/Page_Request SSN - ASSIST/Page_Request SSN - ASSIST - RO/Save  Continue in Uploading Document Page' is clicked on

2018-12-07 03:47:05 - [TEST_STEP][PASSED] - delay: Delayed 2 second(s)

2018-12-07 03:47:07 - [MESSAGE][PASSED] - Delayed 2 second(s)

2018-12-07 03:47:07 - [TEST_STEP][PASSED] - click: Object: 'Object Repository/Final Object Repo/Page_Request SSN - ASSIST/Page_Request SSN - ASSIST - RO/Submit' is clicked on

2018-12-07 03:47:09 - [MESSAGE][PASSED] - Object: 'Object Repository/Final Object Repo/Page_Request SSN - ASSIST/Page_Request SSN - ASSIST - RO/Submit' is clicked on

2018-12-07 03:47:09 - [TEST_STEP][PASSED] - delay: Delayed 2 second(s)

2018-12-07 03:47:11 - [MESSAGE][PASSED] - Delayed 2 second(s)

2018-12-07 03:47:11 - [TEST_STEP][PASSED] - click: Object: 'Object Repository/Final Object Repo/Page_Request SSN - ASSIST/Page_Request SSN - ASSIST - RO/Confirm' is clicked on

2018-12-07 03:47:12 - [MESSAGE][PASSED] - Object: 'Object Repository/Final Object Repo/Page_Request SSN - ASSIST/Page_Request SSN - ASSIST - RO/Confirm' is clicked on

2018-12-07 03:47:12 - [TEST_STEP][PASSED] - delay: Delayed 2 second(s)

2018-12-07 03:47:14 - [MESSAGE][PASSED] - Delayed 2 second(s)

2018-12-07 03:47:14 - [TEST_STEP][PASSED] - verifyElementVisible: Object 'Object Repository/Final Object Repo/Page_Request SSN - ASSIST/Page_Request SSN - ASSIST - RO/Successfull Message Your application has submitted' is visible

2018-12-07 03:47:20 - [MESSAGE][PASSED] - Object 'Object Repository/Final Object Repo/Page_Request SSN - ASSIST/Page_Request SSN - ASSIST - RO/Successfull Message Your application has submitted' is visible

2018-12-07 03:47:20 - [TEST_STEP][PASSED] - delay: Delayed 2 second(s)

2018-12-07 03:47:22 - [MESSAGE][PASSED] - Delayed 2 second(s)

2018-12-07 03:47:22 - [TEST_STEP][PASSED] - verifyElementVisible: Object 'Object Repository/Final Object Repo/Page_Request SSN - ASSIST/Page_Request SSN - ASSIST - RO/Letter of approval' is visible

2018-12-07 03:47:22 - [MESSAGE][PASSED] - Object 'Object Repository/Final Object Repo/Page_Request SSN - ASSIST/Page_Request SSN - ASSIST - RO/Letter of approval' is visible

2018-12-07 03:47:22 - [MESSAGE][PASSED] - Call Test Case 'Test Cases/Final Aug 2018 - PKS Automation/Registration Module/Workflow/Request SSN/Template/Request SSN - RO (Approve)' successfully

2018-12-07 03:47:22 - [MESSAGE][PASSED] - Call Test Case 'Test Cases/Final Aug 2018 - PKS Automation/Registration Module/Workflow/Request SSN/Template/Request SSN RIO - RO (Approve)' successfully]]></system-out>
         <system-err><![CDATA[]]></system-err>
      </testcase>
      <testcase name="Test Cases/Final Aug 2018 - PKS Automation/Registration Module/Workflow/Request SSN/OTC - RIO - RO (Query)" classname="Test Cases/Final Aug 2018 - PKS Automation/Registration Module/Workflow/Request SSN/OTC - RIO - RO (Query)" status="PASSED">
         <system-out><![CDATA[2018-12-07 03:47:22 - [TEST_CASE][PASSED] - Test Cases/Final Aug 2018 - PKS Automation/Registration Module/Workflow/Request SSN/OTC - RIO - RO (Query): Test Cases/Final Aug 2018 - PKS Automation/Registration Module/Workflow/Request SSN/OTC - RIO - RO (Query)

2018-12-07 03:47:22 - [TEST_STEP][PASSED] - callTestCase: Call Test Case 'Test Cases/Final Aug 2018 - PKS Automation/Registration Module/Workflow/Request SSN/Template/Request SSN - OTC' successfully

2018-12-07 03:47:22 - [TEST_CASE][PASSED] - Test Cases/Final Aug 2018 - PKS Automation/Registration Module/Workflow/Request SSN/Template/Request SSN - OTC: Test Cases/Final Aug 2018 - PKS Automation/Registration Module/Workflow/Request SSN/Template/Request SSN - OTC

2018-12-07 03:47:23 - [TEST_STEP][PASSED] - openBrowser: Browser is opened with url: ''

2018-12-07 03:47:23 - [MESSAGE][WARNING] - A browser is already opened. Closing browser and opening a new one

2018-12-07 03:47:27 - [MESSAGE][PASSED] - Browser is opened with url: ''

2018-12-07 03:47:27 - [TEST_STEP][PASSED] - navigateToUrl: Navigate to 'https://assist2-uat.perkeso.gov.my/login' successfully

2018-12-07 03:47:28 - [MESSAGE][PASSED] - Navigate to 'https://assist2-uat.perkeso.gov.my/login' successfully

2018-12-07 03:47:28 - [TEST_STEP][PASSED] - setText: Text 'johorotc1@gmail.com' is set on object 'Object Repository/Final Object Repo/Login Page/Internal User/Email Address'

2018-12-07 03:47:28 - [MESSAGE][PASSED] - Text 'johorotc1@gmail.com' is set on object 'Object Repository/Final Object Repo/Login Page/Internal User/Email Address'

2018-12-07 03:47:28 - [TEST_STEP][PASSED] - click: Object: 'Object Repository/Final Object Repo/Login Page/Internal User/Next Button' is clicked on

2018-12-07 03:47:28 - [MESSAGE][PASSED] - Object: 'Object Repository/Final Object Repo/Login Page/Internal User/Next Button' is clicked on

2018-12-07 03:47:28 - [TEST_STEP][PASSED] - delay: Delayed 1 second(s)

2018-12-07 03:47:29 - [MESSAGE][PASSED] - Delayed 1 second(s)

2018-12-07 03:47:29 - [TEST_STEP][PASSED] - setEncryptedText: Text ****** has been set on object 'Object Repository/Final Object Repo/Login Page/Internal User/Password'

2018-12-07 03:47:30 - [MESSAGE][PASSED] - Text ****** has been set on object 'Object Repository/Final Object Repo/Login Page/Internal User/Password'

2018-12-07 03:47:30 - [TEST_STEP][PASSED] - click: Object: 'Object Repository/Final Object Repo/Login Page/Internal User/Login Button' is clicked on

2018-12-07 03:47:30 - [MESSAGE][PASSED] - Object: 'Object Repository/Final Object Repo/Login Page/Internal User/Login Button' is clicked on

2018-12-07 03:47:30 - [TEST_STEP][PASSED] - Statement - Try: null

2018-12-07 03:47:30 - [TEST_STEP][PASSED] - Statement - Checker = com.kms.katalon.core.webui.keyword.WebUiBuiltInKeywords.verifyElementNotPresent("Final Object Repo/Landing Page/Select to English", 3): null

2018-12-07 03:47:30 - [TEST_STEP][PASSED] - Statement - Catch (Exception e): null

2018-12-07 03:47:30 - [TEST_STEP][PASSED] - Statement - e.printStackTrace(): null

2018-12-07 03:47:30 - [TEST_STEP][PASSED] - delay: Delayed 5 second(s)

2018-12-07 03:47:35 - [MESSAGE][PASSED] - Delayed 5 second(s)

2018-12-07 03:47:35 - [TEST_STEP][PASSED] - delay: Delayed 1 second(s)

2018-12-07 03:47:36 - [MESSAGE][PASSED] - Delayed 1 second(s)

2018-12-07 03:47:36 - [TEST_STEP][PASSED] - navigateToUrl: Navigate to 'https://assist2-uat.perkeso.gov.my/web/registration/request-ssn' successfully

2018-12-07 03:47:40 - [MESSAGE][PASSED] - Navigate to 'https://assist2-uat.perkeso.gov.my/web/registration/request-ssn' successfully

2018-12-07 03:47:40 - [TEST_STEP][PASSED] - setText: Text 'perkeso' is set on object 'Object Repository/Final Object Repo/Page_Request SSN - ASSIST/AI - Name'

2018-12-07 03:47:41 - [MESSAGE][PASSED] - Text 'perkeso' is set on object 'Object Repository/Final Object Repo/Page_Request SSN - ASSIST/AI - Name'

2018-12-07 03:47:41 - [TEST_STEP][PASSED] - click: Object: 'Object Repository/Final Object Repo/Page_Request SSN - ASSIST/AI - DOB' is clicked on

2018-12-07 03:47:41 - [MESSAGE][PASSED] - Object: 'Object Repository/Final Object Repo/Page_Request SSN - ASSIST/AI - DOB' is clicked on

2018-12-07 03:47:41 - [TEST_STEP][PASSED] - selectOptionByValue: All options with value '1995' are selected in object 'Object Repository/Final Object Repo/Page_Request SSN - ASSIST/AI - DOB - Year' 

2018-12-07 03:47:42 - [MESSAGE][PASSED] - All options with value '1995' are selected in object 'Object Repository/Final Object Repo/Page_Request SSN - ASSIST/AI - DOB - Year' 

2018-12-07 03:47:42 - [TEST_STEP][PASSED] - delay: Delayed 3 second(s)

2018-12-07 03:47:45 - [MESSAGE][PASSED] - Delayed 3 second(s)

2018-12-07 03:47:45 - [TEST_STEP][PASSED] - doubleClick: Object: 'Object Repository/Final Object Repo/Page_Request SSN - ASSIST/AI - DOB - Year - Date' is double clicked on

2018-12-07 03:47:45 - [MESSAGE][PASSED] - Object: 'Object Repository/Final Object Repo/Page_Request SSN - ASSIST/AI - DOB - Year - Date' is double clicked on

2018-12-07 03:47:45 - [TEST_STEP][PASSED] - click: Object: 'Object Repository/Final Object Repo/Page_Request SSN - ASSIST/AI - Male' is clicked on

2018-12-07 03:47:45 - [MESSAGE][PASSED] - Object: 'Object Repository/Final Object Repo/Page_Request SSN - ASSIST/AI - Male' is clicked on

2018-12-07 03:47:45 - [TEST_STEP][PASSED] - click: Object: 'Object Repository/Final Object Repo/Page_Request SSN - ASSIST/AI- Race' is clicked on

2018-12-07 03:47:45 - [MESSAGE][PASSED] - Object: 'Object Repository/Final Object Repo/Page_Request SSN - ASSIST/AI- Race' is clicked on

2018-12-07 03:47:45 - [TEST_STEP][PASSED] - click: Object: 'Object Repository/Final Object Repo/Page_Request SSN - ASSIST/AI - Race - Melayu' is clicked on

2018-12-07 03:47:45 - [MESSAGE][PASSED] - Object: 'Object Repository/Final Object Repo/Page_Request SSN - ASSIST/AI - Race - Melayu' is clicked on

2018-12-07 03:47:45 - [TEST_STEP][PASSED] - click: Object: 'Object Repository/Final Object Repo/Page_Request SSN - ASSIST/AI - Religion' is clicked on

2018-12-07 03:47:46 - [MESSAGE][PASSED] - Object: 'Object Repository/Final Object Repo/Page_Request SSN - ASSIST/AI - Religion' is clicked on

2018-12-07 03:47:46 - [TEST_STEP][PASSED] - click: Object: 'Object Repository/Final Object Repo/Page_Request SSN - ASSIST/AI - Religion - Islam' is clicked on

2018-12-07 03:47:46 - [MESSAGE][PASSED] - Object: 'Object Repository/Final Object Repo/Page_Request SSN - ASSIST/AI - Religion - Islam' is clicked on

2018-12-07 03:47:46 - [TEST_STEP][PASSED] - setText: Text '12345' is set on object 'Object Repository/Final Object Repo/Page_Request SSN - ASSIST/AI - Birth Certificate'

2018-12-07 03:47:46 - [MESSAGE][PASSED] - Text '12345' is set on object 'Object Repository/Final Object Repo/Page_Request SSN - ASSIST/AI - Birth Certificate'

2018-12-07 03:47:46 - [TEST_STEP][PASSED] - click: Object: 'Object Repository/Final Object Repo/Page_Request SSN - ASSIST/AI - Nationality' is clicked on

2018-12-07 03:47:47 - [MESSAGE][PASSED] - Object: 'Object Repository/Final Object Repo/Page_Request SSN - ASSIST/AI - Nationality' is clicked on

2018-12-07 03:47:47 - [TEST_STEP][PASSED] - click: Object: 'Object Repository/Final Object Repo/Page_Request SSN - ASSIST/AI - Nationality - Afghanistan' is clicked on

2018-12-07 03:47:47 - [MESSAGE][PASSED] - Object: 'Object Repository/Final Object Repo/Page_Request SSN - ASSIST/AI - Nationality - Afghanistan' is clicked on

2018-12-07 03:47:47 - [TEST_STEP][PASSED] - setText: Text 'PERKESO ADDRESS1' is set on object 'Object Repository/Final Object Repo/Page_Request SSN - ASSIST/AI - Address1'

2018-12-07 03:47:48 - [MESSAGE][PASSED] - Text 'PERKESO ADDRESS1' is set on object 'Object Repository/Final Object Repo/Page_Request SSN - ASSIST/AI - Address1'

2018-12-07 03:47:48 - [TEST_STEP][PASSED] - setText: Text 'PERKESO ADDRESS2' is set on object 'Object Repository/Final Object Repo/Page_Request SSN - ASSIST/AI - Address2'

2018-12-07 03:47:49 - [MESSAGE][PASSED] - Text 'PERKESO ADDRESS2' is set on object 'Object Repository/Final Object Repo/Page_Request SSN - ASSIST/AI - Address2'

2018-12-07 03:47:49 - [TEST_STEP][PASSED] - setText: Text 'PERKESO ADDRESS3' is set on object 'Object Repository/Final Object Repo/Page_Request SSN - ASSIST/AI - Address3'

2018-12-07 03:47:50 - [MESSAGE][PASSED] - Text 'PERKESO ADDRESS3' is set on object 'Object Repository/Final Object Repo/Page_Request SSN - ASSIST/AI - Address3'

2018-12-07 03:47:50 - [TEST_STEP][PASSED] - click: Object: 'Object Repository/Final Object Repo/Page_Request SSN - ASSIST/AI - State' is clicked on

2018-12-07 03:47:51 - [MESSAGE][PASSED] - Object: 'Object Repository/Final Object Repo/Page_Request SSN - ASSIST/AI - State' is clicked on

2018-12-07 03:47:51 - [TEST_STEP][PASSED] - click: Object: 'Object Repository/Final Object Repo/Page_Request SSN - ASSIST/AI - Current Employer State - Johor' is clicked on

2018-12-07 03:47:51 - [MESSAGE][PASSED] - Object: 'Object Repository/Final Object Repo/Page_Request SSN - ASSIST/AI - Current Employer State - Johor' is clicked on

2018-12-07 03:47:51 - [TEST_STEP][PASSED] - click: Object: 'Object Repository/Final Object Repo/Page_Request SSN - ASSIST/AI - City' is clicked on

2018-12-07 03:47:51 - [MESSAGE][PASSED] - Object: 'Object Repository/Final Object Repo/Page_Request SSN - ASSIST/AI - City' is clicked on

2018-12-07 03:47:51 - [TEST_STEP][PASSED] - setText: Text 'JOH' is set on object 'Object Repository/Final Object Repo/Page_Request SSN - ASSIST/AI - City - JOH'

2018-12-07 03:47:52 - [MESSAGE][PASSED] - Text 'JOH' is set on object 'Object Repository/Final Object Repo/Page_Request SSN - ASSIST/AI - City - JOH'

2018-12-07 03:47:52 - [TEST_STEP][PASSED] - delay: Delayed 3 second(s)

2018-12-07 03:47:55 - [MESSAGE][PASSED] - Delayed 3 second(s)

2018-12-07 03:47:55 - [TEST_STEP][PASSED] - click: Object: 'Object Repository/Final Object Repo/Page_Request SSN - ASSIST/AI - City - Johor Bharu' is clicked on

2018-12-07 03:47:55 - [MESSAGE][PASSED] - Object: 'Object Repository/Final Object Repo/Page_Request SSN - ASSIST/AI - City - Johor Bharu' is clicked on

2018-12-07 03:47:55 - [TEST_STEP][PASSED] - click: Object: 'Object Repository/Final Object Repo/Page_Request SSN - ASSIST/AI - Post Code' is clicked on

2018-12-07 03:47:55 - [MESSAGE][PASSED] - Object: 'Object Repository/Final Object Repo/Page_Request SSN - ASSIST/AI - Post Code' is clicked on

2018-12-07 03:47:55 - [TEST_STEP][PASSED] - setText: Text '810' is set on object 'Object Repository/Final Object Repo/Page_Request SSN - ASSIST/AI - City - JOH'

2018-12-07 03:47:56 - [MESSAGE][PASSED] - Text '810' is set on object 'Object Repository/Final Object Repo/Page_Request SSN - ASSIST/AI - City - JOH'

2018-12-07 03:47:56 - [TEST_STEP][PASSED] - delay: Delayed 3 second(s)

2018-12-07 03:47:59 - [MESSAGE][PASSED] - Delayed 3 second(s)

2018-12-07 03:47:59 - [TEST_STEP][PASSED] - click: Object: 'Object Repository/Final Object Repo/Page_Request SSN - ASSIST/AI - PostCode - 81000' is clicked on

2018-12-07 03:47:59 - [MESSAGE][PASSED] - Object: 'Object Repository/Final Object Repo/Page_Request SSN - ASSIST/AI - PostCode - 81000' is clicked on

2018-12-07 03:47:59 - [TEST_STEP][PASSED] - setText: Text '100' is set on object 'Object Repository/Final Object Repo/Page_Request SSN - ASSIST/P.O.BOX'

2018-12-07 03:48:00 - [MESSAGE][PASSED] - Text '100' is set on object 'Object Repository/Final Object Repo/Page_Request SSN - ASSIST/P.O.BOX'

2018-12-07 03:48:00 - [TEST_STEP][PASSED] - setText: Text '100' is set on object 'Object Repository/Final Object Repo/Page_Request SSN - ASSIST/Locked Bag No'

2018-12-07 03:48:00 - [MESSAGE][PASSED] - Text '100' is set on object 'Object Repository/Final Object Repo/Page_Request SSN - ASSIST/Locked Bag No'

2018-12-07 03:48:00 - [TEST_STEP][PASSED] - delay: Delayed 2 second(s)

2018-12-07 03:48:02 - [MESSAGE][PASSED] - Delayed 2 second(s)

2018-12-07 03:48:02 - [TEST_STEP][PASSED] - setText: Text '123456789' is set on object 'Object Repository/Final Object Repo/Page_Request SSN - ASSIST/AI - Telephone No'

2018-12-07 03:48:03 - [MESSAGE][PASSED] - Text '123456789' is set on object 'Object Repository/Final Object Repo/Page_Request SSN - ASSIST/AI - Telephone No'

2018-12-07 03:48:03 - [TEST_STEP][PASSED] - click: Object: 'Object Repository/Final Object Repo/Page_Request SSN - ASSIST/AI - Occupation' is clicked on

2018-12-07 03:48:03 - [MESSAGE][PASSED] - Object: 'Object Repository/Final Object Repo/Page_Request SSN - ASSIST/AI - Occupation' is clicked on

2018-12-07 03:48:03 - [TEST_STEP][PASSED] - click: Object: 'Object Repository/Final Object Repo/Page_Request SSN - ASSIST/AI - Occupation - NUMERICAL AND MATERIAL R' is clicked on

2018-12-07 03:48:04 - [MESSAGE][PASSED] - Object: 'Object Repository/Final Object Repo/Page_Request SSN - ASSIST/AI - Occupation - NUMERICAL AND MATERIAL R' is clicked on

2018-12-07 03:48:04 - [TEST_STEP][PASSED] - delay: Delayed 2 second(s)

2018-12-07 03:48:06 - [MESSAGE][PASSED] - Delayed 2 second(s)

2018-12-07 03:48:06 - [TEST_STEP][PASSED] - click: Object: 'Object Repository/Final Object Repo/Page_Request SSN - ASSIST/AI - Sub Occupation' is clicked on

2018-12-07 03:48:06 - [MESSAGE][PASSED] - Object: 'Object Repository/Final Object Repo/Page_Request SSN - ASSIST/AI - Sub Occupation' is clicked on

2018-12-07 03:48:06 - [TEST_STEP][PASSED] - click: Object: 'Object Repository/Final Object Repo/Page_Request SSN - ASSIST/AI - Sub Occupation - Stock Clerks' is clicked on

2018-12-07 03:48:06 - [MESSAGE][PASSED] - Object: 'Object Repository/Final Object Repo/Page_Request SSN - ASSIST/AI - Sub Occupation - Stock Clerks' is clicked on

2018-12-07 03:48:06 - [TEST_STEP][PASSED] - delay: Delayed 2 second(s)

2018-12-07 03:48:08 - [MESSAGE][PASSED] - Delayed 2 second(s)

2018-12-07 03:48:08 - [TEST_STEP][PASSED] - click: Object: 'Object Repository/Final Object Repo/Page_Request SSN - ASSIST/AI - Sub Occupation List' is clicked on

2018-12-07 03:48:08 - [MESSAGE][PASSED] - Object: 'Object Repository/Final Object Repo/Page_Request SSN - ASSIST/AI - Sub Occupation List' is clicked on

2018-12-07 03:48:08 - [TEST_STEP][PASSED] - click: Object: 'Object Repository/Final Object Repo/Page_Request SSN - ASSIST/AI - Sub Occupation List - Clerk raw material' is clicked on

2018-12-07 03:48:08 - [MESSAGE][PASSED] - Object: 'Object Repository/Final Object Repo/Page_Request SSN - ASSIST/AI - Sub Occupation List - Clerk raw material' is clicked on

2018-12-07 03:48:08 - [TEST_STEP][PASSED] - click: Object: 'Object Repository/Final Object Repo/Page_Request SSN - ASSIST/AI - Employment Start Date' is clicked on

2018-12-07 03:48:09 - [MESSAGE][PASSED] - Object: 'Object Repository/Final Object Repo/Page_Request SSN - ASSIST/AI - Employment Start Date' is clicked on

2018-12-07 03:48:09 - [TEST_STEP][PASSED] - click: Object: 'Object Repository/Final Object Repo/Page_Request SSN - ASSIST/AI - DOB - Year - Date' is clicked on

2018-12-07 03:48:09 - [MESSAGE][PASSED] - Object: 'Object Repository/Final Object Repo/Page_Request SSN - ASSIST/AI - DOB - Year - Date' is clicked on

2018-12-07 03:48:09 - [TEST_STEP][PASSED] - setText: Text 'perkeso' is set on object 'Object Repository/Final Object Repo/Page_Request SSN - ASSIST/AI - Current Employer Name'

2018-12-07 03:48:10 - [MESSAGE][PASSED] - Text 'perkeso' is set on object 'Object Repository/Final Object Repo/Page_Request SSN - ASSIST/AI - Current Employer Name'

2018-12-07 03:48:10 - [TEST_STEP][PASSED] - setText: Text 'perkeso1' is set on object 'Object Repository/Final Object Repo/Page_Request SSN - ASSIST/AI - Current Employer Address1'

2018-12-07 03:48:10 - [MESSAGE][PASSED] - Text 'perkeso1' is set on object 'Object Repository/Final Object Repo/Page_Request SSN - ASSIST/AI - Current Employer Address1'

2018-12-07 03:48:10 - [TEST_STEP][PASSED] - setText: Text 'perkeso2' is set on object 'Object Repository/Final Object Repo/Page_Request SSN - ASSIST/AI - Current Employer Address2'

2018-12-07 03:48:11 - [MESSAGE][PASSED] - Text 'perkeso2' is set on object 'Object Repository/Final Object Repo/Page_Request SSN - ASSIST/AI - Current Employer Address2'

2018-12-07 03:48:11 - [TEST_STEP][PASSED] - setText: Text 'perkeso3' is set on object 'Object Repository/Final Object Repo/Page_Request SSN - ASSIST/AI - Current Employer Address3'

2018-12-07 03:48:12 - [MESSAGE][PASSED] - Text 'perkeso3' is set on object 'Object Repository/Final Object Repo/Page_Request SSN - ASSIST/AI - Current Employer Address3'

2018-12-07 03:48:12 - [TEST_STEP][PASSED] - click: Object: 'Object Repository/Final Object Repo/Page_Request SSN - ASSIST/AI - Current Employer State' is clicked on

2018-12-07 03:48:12 - [MESSAGE][PASSED] - Object: 'Object Repository/Final Object Repo/Page_Request SSN - ASSIST/AI - Current Employer State' is clicked on

2018-12-07 03:48:12 - [TEST_STEP][PASSED] - click: Object: 'Object Repository/Final Object Repo/Page_Request SSN - ASSIST/AI - Current Employer State - Johor 1' is clicked on

2018-12-07 03:48:12 - [MESSAGE][PASSED] - Object: 'Object Repository/Final Object Repo/Page_Request SSN - ASSIST/AI - Current Employer State - Johor 1' is clicked on

2018-12-07 03:48:12 - [TEST_STEP][PASSED] - click: Object: 'Object Repository/Final Object Repo/Page_Request SSN - ASSIST/AI - Current Employer City' is clicked on

2018-12-07 03:48:13 - [MESSAGE][PASSED] - Object: 'Object Repository/Final Object Repo/Page_Request SSN - ASSIST/AI - Current Employer City' is clicked on

2018-12-07 03:48:13 - [TEST_STEP][PASSED] - setText: Text 'joh' is set on object 'Object Repository/Final Object Repo/Page_Request SSN - ASSIST/AI - City - JOH'

2018-12-07 03:48:13 - [MESSAGE][PASSED] - Text 'joh' is set on object 'Object Repository/Final Object Repo/Page_Request SSN - ASSIST/AI - City - JOH'

2018-12-07 03:48:13 - [TEST_STEP][PASSED] - delay: Delayed 2 second(s)

2018-12-07 03:48:15 - [MESSAGE][PASSED] - Delayed 2 second(s)

2018-12-07 03:48:15 - [TEST_STEP][PASSED] - click: Object: 'Object Repository/Final Object Repo/Page_Request SSN - ASSIST/AI - City - Johor Bharu' is clicked on

2018-12-07 03:48:16 - [MESSAGE][PASSED] - Object: 'Object Repository/Final Object Repo/Page_Request SSN - ASSIST/AI - City - Johor Bharu' is clicked on

2018-12-07 03:48:16 - [TEST_STEP][PASSED] - click: Object: 'Object Repository/Final Object Repo/Page_Request SSN - ASSIST/AI - Current Employer Postcode' is clicked on

2018-12-07 03:48:16 - [MESSAGE][PASSED] - Object: 'Object Repository/Final Object Repo/Page_Request SSN - ASSIST/AI - Current Employer Postcode' is clicked on

2018-12-07 03:48:16 - [TEST_STEP][PASSED] - setText: Text '810' is set on object 'Object Repository/Final Object Repo/Page_Request SSN - ASSIST/AI - City - JOH'

2018-12-07 03:48:16 - [MESSAGE][PASSED] - Text '810' is set on object 'Object Repository/Final Object Repo/Page_Request SSN - ASSIST/AI - City - JOH'

2018-12-07 03:48:16 - [TEST_STEP][PASSED] - delay: Delayed 2 second(s)

2018-12-07 03:48:18 - [MESSAGE][PASSED] - Delayed 2 second(s)

2018-12-07 03:48:18 - [TEST_STEP][PASSED] - click: Object: 'Object Repository/Final Object Repo/Page_Request SSN - ASSIST/AI - PostCode - 81000' is clicked on

2018-12-07 03:48:19 - [MESSAGE][PASSED] - Object: 'Object Repository/Final Object Repo/Page_Request SSN - ASSIST/AI - PostCode - 81000' is clicked on

2018-12-07 03:48:19 - [TEST_STEP][NOT_RUN] - setText: NOT_RUN: setText

2018-12-07 03:48:19 - [MESSAGE][NOT_RUN] - NOT_RUN: setText

2018-12-07 03:48:19 - [TEST_STEP][NOT_RUN] - setText: NOT_RUN: setText

2018-12-07 03:48:19 - [MESSAGE][NOT_RUN] - NOT_RUN: setText

2018-12-07 03:48:19 - [TEST_STEP][NOT_RUN] - click: NOT_RUN: click

2018-12-07 03:48:19 - [MESSAGE][NOT_RUN] - NOT_RUN: click

2018-12-07 03:48:19 - [TEST_STEP][NOT_RUN] - click: NOT_RUN: click

2018-12-07 03:48:19 - [MESSAGE][NOT_RUN] - NOT_RUN: click

2018-12-07 03:48:19 - [TEST_STEP][NOT_RUN] - setText: NOT_RUN: setText

2018-12-07 03:48:19 - [MESSAGE][NOT_RUN] - NOT_RUN: setText

2018-12-07 03:48:19 - [TEST_STEP][NOT_RUN] - click: NOT_RUN: click

2018-12-07 03:48:19 - [MESSAGE][NOT_RUN] - NOT_RUN: click

2018-12-07 03:48:19 - [TEST_STEP][NOT_RUN] - click: NOT_RUN: click

2018-12-07 03:48:19 - [MESSAGE][NOT_RUN] - NOT_RUN: click

2018-12-07 03:48:19 - [TEST_STEP][NOT_RUN] - click: NOT_RUN: click

2018-12-07 03:48:19 - [MESSAGE][NOT_RUN] - NOT_RUN: click

2018-12-07 03:48:19 - [TEST_STEP][NOT_RUN] - click: NOT_RUN: click

2018-12-07 03:48:19 - [MESSAGE][NOT_RUN] - NOT_RUN: click

2018-12-07 03:48:19 - [TEST_STEP][NOT_RUN] - click: NOT_RUN: click

2018-12-07 03:48:19 - [MESSAGE][NOT_RUN] - NOT_RUN: click

2018-12-07 03:48:19 - [TEST_STEP][NOT_RUN] - click: NOT_RUN: click

2018-12-07 03:48:19 - [MESSAGE][NOT_RUN] - NOT_RUN: click

2018-12-07 03:48:19 - [TEST_STEP][NOT_RUN] - setText: NOT_RUN: setText

2018-12-07 03:48:19 - [MESSAGE][NOT_RUN] - NOT_RUN: setText

2018-12-07 03:48:19 - [TEST_STEP][NOT_RUN] - setText: NOT_RUN: setText

2018-12-07 03:48:19 - [MESSAGE][NOT_RUN] - NOT_RUN: setText

2018-12-07 03:48:19 - [TEST_STEP][NOT_RUN] - setText: NOT_RUN: setText

2018-12-07 03:48:19 - [MESSAGE][NOT_RUN] - NOT_RUN: setText

2018-12-07 03:48:19 - [TEST_STEP][NOT_RUN] - click: NOT_RUN: click

2018-12-07 03:48:19 - [MESSAGE][NOT_RUN] - NOT_RUN: click

2018-12-07 03:48:19 - [TEST_STEP][NOT_RUN] - click: NOT_RUN: click

2018-12-07 03:48:19 - [MESSAGE][NOT_RUN] - NOT_RUN: click

2018-12-07 03:48:19 - [TEST_STEP][NOT_RUN] - click: NOT_RUN: click

2018-12-07 03:48:19 - [MESSAGE][NOT_RUN] - NOT_RUN: click

2018-12-07 03:48:19 - [TEST_STEP][NOT_RUN] - setText: NOT_RUN: setText

2018-12-07 03:48:19 - [MESSAGE][NOT_RUN] - NOT_RUN: setText

2018-12-07 03:48:19 - [TEST_STEP][NOT_RUN] - delay: NOT_RUN: delay

2018-12-07 03:48:19 - [MESSAGE][NOT_RUN] - NOT_RUN: delay

2018-12-07 03:48:19 - [TEST_STEP][NOT_RUN] - click: NOT_RUN: click

2018-12-07 03:48:19 - [MESSAGE][NOT_RUN] - NOT_RUN: click

2018-12-07 03:48:19 - [TEST_STEP][NOT_RUN] - click: NOT_RUN: click

2018-12-07 03:48:19 - [MESSAGE][NOT_RUN] - NOT_RUN: click

2018-12-07 03:48:19 - [TEST_STEP][NOT_RUN] - click: NOT_RUN: click

2018-12-07 03:48:19 - [MESSAGE][NOT_RUN] - NOT_RUN: click

2018-12-07 03:48:19 - [TEST_STEP][NOT_RUN] - setText: NOT_RUN: setText

2018-12-07 03:48:19 - [MESSAGE][NOT_RUN] - NOT_RUN: setText

2018-12-07 03:48:19 - [TEST_STEP][NOT_RUN] - delay: NOT_RUN: delay

2018-12-07 03:48:19 - [MESSAGE][NOT_RUN] - NOT_RUN: delay

2018-12-07 03:48:19 - [TEST_STEP][NOT_RUN] - click: NOT_RUN: click

2018-12-07 03:48:19 - [MESSAGE][NOT_RUN] - NOT_RUN: click

2018-12-07 03:48:19 - [TEST_STEP][NOT_RUN] - delay: NOT_RUN: delay

2018-12-07 03:48:19 - [MESSAGE][NOT_RUN] - NOT_RUN: delay

2018-12-07 03:48:19 - [TEST_STEP][NOT_RUN] - setText: NOT_RUN: setText

2018-12-07 03:48:19 - [MESSAGE][NOT_RUN] - NOT_RUN: setText

2018-12-07 03:48:19 - [TEST_STEP][NOT_RUN] - setText: NOT_RUN: setText

2018-12-07 03:48:19 - [MESSAGE][NOT_RUN] - NOT_RUN: setText

2018-12-07 03:48:19 - [TEST_STEP][NOT_RUN] - setText: NOT_RUN: setText

2018-12-07 03:48:19 - [MESSAGE][NOT_RUN] - NOT_RUN: setText

2018-12-07 03:48:19 - [TEST_STEP][NOT_RUN] - click: NOT_RUN: click

2018-12-07 03:48:19 - [MESSAGE][NOT_RUN] - NOT_RUN: click

2018-12-07 03:48:19 - [TEST_STEP][NOT_RUN] - click: NOT_RUN: click

2018-12-07 03:48:19 - [MESSAGE][NOT_RUN] - NOT_RUN: click

2018-12-07 03:48:19 - [TEST_STEP][NOT_RUN] - setText: NOT_RUN: setText

2018-12-07 03:48:19 - [MESSAGE][NOT_RUN] - NOT_RUN: setText

2018-12-07 03:48:19 - [TEST_STEP][NOT_RUN] - click: NOT_RUN: click

2018-12-07 03:48:19 - [MESSAGE][NOT_RUN] - NOT_RUN: click

2018-12-07 03:48:19 - [TEST_STEP][NOT_RUN] - click: NOT_RUN: click

2018-12-07 03:48:19 - [MESSAGE][NOT_RUN] - NOT_RUN: click

2018-12-07 03:48:19 - [TEST_STEP][NOT_RUN] - click: NOT_RUN: click

2018-12-07 03:48:19 - [MESSAGE][NOT_RUN] - NOT_RUN: click

2018-12-07 03:48:19 - [TEST_STEP][NOT_RUN] - click: NOT_RUN: click

2018-12-07 03:48:19 - [MESSAGE][NOT_RUN] - NOT_RUN: click

2018-12-07 03:48:19 - [TEST_STEP][NOT_RUN] - click: NOT_RUN: click

2018-12-07 03:48:19 - [MESSAGE][NOT_RUN] - NOT_RUN: click

2018-12-07 03:48:19 - [TEST_STEP][NOT_RUN] - click: NOT_RUN: click

2018-12-07 03:48:19 - [MESSAGE][NOT_RUN] - NOT_RUN: click

2018-12-07 03:48:19 - [TEST_STEP][NOT_RUN] - setText: NOT_RUN: setText

2018-12-07 03:48:19 - [MESSAGE][NOT_RUN] - NOT_RUN: setText

2018-12-07 03:48:19 - [TEST_STEP][NOT_RUN] - setText: NOT_RUN: setText

2018-12-07 03:48:19 - [MESSAGE][NOT_RUN] - NOT_RUN: setText

2018-12-07 03:48:19 - [TEST_STEP][NOT_RUN] - setText: NOT_RUN: setText

2018-12-07 03:48:19 - [MESSAGE][NOT_RUN] - NOT_RUN: setText

2018-12-07 03:48:19 - [TEST_STEP][NOT_RUN] - click: NOT_RUN: click

2018-12-07 03:48:19 - [MESSAGE][NOT_RUN] - NOT_RUN: click

2018-12-07 03:48:19 - [TEST_STEP][NOT_RUN] - click: NOT_RUN: click

2018-12-07 03:48:19 - [MESSAGE][NOT_RUN] - NOT_RUN: click

2018-12-07 03:48:19 - [TEST_STEP][NOT_RUN] - click: NOT_RUN: click

2018-12-07 03:48:19 - [MESSAGE][NOT_RUN] - NOT_RUN: click

2018-12-07 03:48:19 - [TEST_STEP][NOT_RUN] - delay: NOT_RUN: delay

2018-12-07 03:48:19 - [MESSAGE][NOT_RUN] - NOT_RUN: delay

2018-12-07 03:48:19 - [TEST_STEP][NOT_RUN] - setText: NOT_RUN: setText

2018-12-07 03:48:19 - [MESSAGE][NOT_RUN] - NOT_RUN: setText

2018-12-07 03:48:19 - [TEST_STEP][NOT_RUN] - delay: NOT_RUN: delay

2018-12-07 03:48:19 - [MESSAGE][NOT_RUN] - NOT_RUN: delay

2018-12-07 03:48:19 - [TEST_STEP][NOT_RUN] - click: NOT_RUN: click

2018-12-07 03:48:19 - [MESSAGE][NOT_RUN] - NOT_RUN: click

2018-12-07 03:48:19 - [TEST_STEP][NOT_RUN] - doubleClick: NOT_RUN: doubleClick

2018-12-07 03:48:19 - [MESSAGE][NOT_RUN] - NOT_RUN: doubleClick

2018-12-07 03:48:19 - [TEST_STEP][NOT_RUN] - click: NOT_RUN: click

2018-12-07 03:48:19 - [MESSAGE][NOT_RUN] - NOT_RUN: click

2018-12-07 03:48:19 - [TEST_STEP][NOT_RUN] - setText: NOT_RUN: setText

2018-12-07 03:48:19 - [MESSAGE][NOT_RUN] - NOT_RUN: setText

2018-12-07 03:48:19 - [TEST_STEP][NOT_RUN] - delay: NOT_RUN: delay

2018-12-07 03:48:19 - [MESSAGE][NOT_RUN] - NOT_RUN: delay

2018-12-07 03:48:19 - [TEST_STEP][NOT_RUN] - click: NOT_RUN: click

2018-12-07 03:48:19 - [MESSAGE][NOT_RUN] - NOT_RUN: click

2018-12-07 03:48:19 - [TEST_STEP][NOT_RUN] - delay: NOT_RUN: delay

2018-12-07 03:48:19 - [MESSAGE][NOT_RUN] - NOT_RUN: delay

2018-12-07 03:48:19 - [TEST_STEP][NOT_RUN] - setText: NOT_RUN: setText

2018-12-07 03:48:19 - [MESSAGE][NOT_RUN] - NOT_RUN: setText

2018-12-07 03:48:19 - [TEST_STEP][PASSED] - click: Object: 'Object Repository/Final Object Repo/Page_Request SSN - ASSIST/Save  Continue' is clicked on

2018-12-07 03:48:19 - [MESSAGE][PASSED] - Object: 'Object Repository/Final Object Repo/Page_Request SSN - ASSIST/Save  Continue' is clicked on

2018-12-07 03:48:19 - [TEST_STEP][PASSED] - delay: Delayed 3 second(s)

2018-12-07 03:48:22 - [MESSAGE][PASSED] - Delayed 3 second(s)

2018-12-07 03:48:22 - [TEST_STEP][PASSED] - Statement - CaseReferenceNo = com.kms.katalon.core.webui.keyword.WebUiBuiltInKeywords.getText(com.kms.katalon.core.testobject.ObjectRepository.findTestObject(Final Object Repo/Page_Request SSN - ASSIST/Reference Number in Uploading Page)): Text of object 'Object Repository/Final Object Repo/Page_Request SSN - ASSIST/Reference Number in Uploading Page' is: 'SSN12201800001181'

2018-12-07 03:48:22 - [MESSAGE][PASSED] - Text of object 'Object Repository/Final Object Repo/Page_Request SSN - ASSIST/Reference Number in Uploading Page' is: 'SSN12201800001181'

2018-12-07 03:48:22 - [TEST_STEP][PASSED] - callTestCase: Call Test Case 'Test Cases/Final Aug 2018 - PKS Automation/Common/Reference Number Setter' successfully

2018-12-07 03:48:22 - [TEST_CASE][PASSED] - Test Cases/Final Aug 2018 - PKS Automation/Common/Reference Number Setter: Test Cases/Final Aug 2018 - PKS Automation/Common/Reference Number Setter

2018-12-07 03:48:22 - [TEST_STEP][PASSED] - Statement - RefNoOldFile = new java.io.File(C://Users//Admin//Desktop//PKS//Automation Reference Point//KatalonReference.txt): null

2018-12-07 03:48:22 - [TEST_STEP][PASSED] - Statement - RefNoOldFile.delete(): null

2018-12-07 03:48:22 - [TEST_STEP][PASSED] - delay: Delayed 5 second(s)

2018-12-07 03:48:27 - [MESSAGE][PASSED] - Delayed 5 second(s)

2018-12-07 03:48:27 - [TEST_STEP][PASSED] - Statement - RefNo = new java.io.File(C://Users//Admin//Desktop//PKS//Automation Reference Point//KatalonReference.txt): null

2018-12-07 03:48:27 - [TEST_STEP][PASSED] - Statement - f2 = new java.io.FileWriter(RefNo, false): null

2018-12-07 03:48:27 - [TEST_STEP][PASSED] - Statement - f2.write(CaseReferenceNo): null

2018-12-07 03:48:27 - [TEST_STEP][PASSED] - Statement - f2.close(): null

2018-12-07 03:48:27 - [TEST_STEP][PASSED] - Statement - out.println("


" + CaseReferenceNo + "


"): null

2018-12-07 03:48:27 - [MESSAGE][PASSED] - Call Test Case 'Test Cases/Final Aug 2018 - PKS Automation/Common/Reference Number Setter' successfully

2018-12-07 03:48:27 - [TEST_STEP][PASSED] - click: Object: 'Object Repository/Final Object Repo/Page_Request SSN - ASSIST/Add Document Button' is clicked on

2018-12-07 03:48:27 - [MESSAGE][PASSED] - Object: 'Object Repository/Final Object Repo/Page_Request SSN - ASSIST/Add Document Button' is clicked on

2018-12-07 03:48:27 - [TEST_STEP][PASSED] - delay: Delayed 2 second(s)

2018-12-07 03:48:29 - [MESSAGE][PASSED] - Delayed 2 second(s)

2018-12-07 03:48:29 - [TEST_STEP][PASSED] - click: Object: 'Object Repository/Final Object Repo/Page_Request SSN - ASSIST/Document Type' is clicked on

2018-12-07 03:48:30 - [MESSAGE][PASSED] - Object: 'Object Repository/Final Object Repo/Page_Request SSN - ASSIST/Document Type' is clicked on

2018-12-07 03:48:30 - [TEST_STEP][PASSED] - delay: Delayed 2 second(s)

2018-12-07 03:48:32 - [MESSAGE][PASSED] - Delayed 2 second(s)

2018-12-07 03:48:32 - [TEST_STEP][PASSED] - click: Object: 'Object Repository/Final Object Repo/Page_Request SSN - ASSIST/Document Type - Birth Certificate' is clicked on

2018-12-07 03:48:32 - [MESSAGE][PASSED] - Object: 'Object Repository/Final Object Repo/Page_Request SSN - ASSIST/Document Type - Birth Certificate' is clicked on

2018-12-07 03:48:32 - [TEST_STEP][PASSED] - delay: Delayed 2 second(s)

2018-12-07 03:48:34 - [MESSAGE][PASSED] - Delayed 2 second(s)

2018-12-07 03:48:34 - [TEST_STEP][PASSED] - sendKeys: Keys 'C:\Users\Public\Pictures\Sample Pictures\Koala.jpg' sent to object: 'Object Repository/Final Object Repo/Page_Request SSN - ASSIST/Upload File'

2018-12-07 03:48:34 - [MESSAGE][PASSED] - Keys 'C:\Users\Public\Pictures\Sample Pictures\Koala.jpg' sent to object: 'Object Repository/Final Object Repo/Page_Request SSN - ASSIST/Upload File'

2018-12-07 03:48:34 - [TEST_STEP][PASSED] - click: Object: 'Object Repository/Final Object Repo/Page_Request SSN - ASSIST/Add Document' is clicked on

2018-12-07 03:48:35 - [MESSAGE][PASSED] - Object: 'Object Repository/Final Object Repo/Page_Request SSN - ASSIST/Add Document' is clicked on

2018-12-07 03:48:35 - [TEST_STEP][PASSED] - delay: Delayed 10 second(s)

2018-12-07 03:48:45 - [MESSAGE][PASSED] - Delayed 10 second(s)

2018-12-07 03:48:45 - [TEST_STEP][PASSED] - click: Object: 'Object Repository/Final Object Repo/Page_Request SSN - ASSIST/Save  Continue in Uploading Document Page' is clicked on

2018-12-07 03:48:45 - [MESSAGE][PASSED] - Object: 'Object Repository/Final Object Repo/Page_Request SSN - ASSIST/Save  Continue in Uploading Document Page' is clicked on

2018-12-07 03:48:45 - [TEST_STEP][PASSED] - delay: Delayed 2 second(s)

2018-12-07 03:48:47 - [MESSAGE][PASSED] - Delayed 2 second(s)

2018-12-07 03:48:47 - [TEST_STEP][PASSED] - click: Object: 'Object Repository/Final Object Repo/Page_Request SSN - ASSIST/Submit' is clicked on

2018-12-07 03:48:50 - [MESSAGE][PASSED] - Object: 'Object Repository/Final Object Repo/Page_Request SSN - ASSIST/Submit' is clicked on

2018-12-07 03:48:50 - [TEST_STEP][PASSED] - delay: Delayed 2 second(s)

2018-12-07 03:48:52 - [MESSAGE][PASSED] - Delayed 2 second(s)

2018-12-07 03:48:52 - [TEST_STEP][PASSED] - click: Object: 'Object Repository/Final Object Repo/Page_Request SSN - ASSIST/Confirm' is clicked on

2018-12-07 03:48:52 - [MESSAGE][PASSED] - Object: 'Object Repository/Final Object Repo/Page_Request SSN - ASSIST/Confirm' is clicked on

2018-12-07 03:48:52 - [TEST_STEP][PASSED] - delay: Delayed 2 second(s)

2018-12-07 03:48:54 - [MESSAGE][PASSED] - Delayed 2 second(s)

2018-12-07 03:48:54 - [TEST_STEP][PASSED] - verifyElementVisible: Object 'Object Repository/Final Object Repo/Page_Request SSN - ASSIST/Message This Case will be routed to RIO' is visible

2018-12-07 03:48:59 - [MESSAGE][PASSED] - Object 'Object Repository/Final Object Repo/Page_Request SSN - ASSIST/Message This Case will be routed to RIO' is visible

2018-12-07 03:48:59 - [TEST_STEP][PASSED] - delay: Delayed 2 second(s)

2018-12-07 03:49:01 - [MESSAGE][PASSED] - Delayed 2 second(s)

2018-12-07 03:49:01 - [TEST_STEP][PASSED] - verifyElementVisible: Object 'Object Repository/Final Object Repo/Page_Request SSN - ASSIST/Letter of acknowledgement' is visible

2018-12-07 03:49:01 - [MESSAGE][PASSED] - Object 'Object Repository/Final Object Repo/Page_Request SSN - ASSIST/Letter of acknowledgement' is visible

2018-12-07 03:49:01 - [MESSAGE][PASSED] - Call Test Case 'Test Cases/Final Aug 2018 - PKS Automation/Registration Module/Workflow/Request SSN/Template/Request SSN - OTC' successfully

2018-12-07 03:49:01 - [TEST_STEP][PASSED] - callTestCase: Call Test Case 'Test Cases/Final Aug 2018 - PKS Automation/Registration Module/Workflow/Request SSN/Template/Request SSN RIO - RO (Query)' successfully

2018-12-07 03:49:01 - [TEST_CASE][PASSED] - Test Cases/Final Aug 2018 - PKS Automation/Registration Module/Workflow/Request SSN/Template/Request SSN RIO - RO (Query): Test Cases/Final Aug 2018 - PKS Automation/Registration Module/Workflow/Request SSN/Template/Request SSN RIO - RO (Query)

2018-12-07 03:49:01 - [TEST_STEP][NOT_RUN] - callTestCase: NOT_RUN: callTestCase

2018-12-07 03:49:01 - [MESSAGE][NOT_RUN] - NOT_RUN: callTestCase

2018-12-07 03:49:01 - [TEST_STEP][PASSED] - delay: Delayed 2 second(s)

2018-12-07 03:49:03 - [MESSAGE][PASSED] - Delayed 2 second(s)

2018-12-07 03:49:03 - [TEST_STEP][PASSED] - navigateToUrl: Navigate to 'https://assist2-uat.perkeso.gov.my/c/portal/logout' successfully

2018-12-07 03:49:04 - [MESSAGE][PASSED] - Navigate to 'https://assist2-uat.perkeso.gov.my/c/portal/logout' successfully

2018-12-07 03:49:04 - [TEST_STEP][PASSED] - delay: Delayed 2 second(s)

2018-12-07 03:49:06 - [MESSAGE][PASSED] - Delayed 2 second(s)

2018-12-07 03:49:06 - [TEST_STEP][PASSED] - callTestCase: Call Test Case 'Test Cases/Final Aug 2018 - PKS Automation/Common/Reference Number Getter' successfully

2018-12-07 03:49:06 - [TEST_CASE][PASSED] - Test Cases/Final Aug 2018 - PKS Automation/Common/Reference Number Getter: Test Cases/Final Aug 2018 - PKS Automation/Common/Reference Number Getter

2018-12-07 03:49:06 - [TEST_STEP][PASSED] - Statement - Try: null

2018-12-07 03:49:06 - [TEST_STEP][PASSED] - Statement - RefNo = new java.io.File(C://Users//Admin//Desktop//PKS//Automation Reference Point//KatalonReference.txt): null

2018-12-07 03:49:06 - [TEST_STEP][PASSED] - Statement - bufferread = new java.io.BufferedReader(new java.io.FileReader(RefNo)): null

2018-12-07 03:49:06 - [TEST_STEP][PASSED] - Statement - readedVal = bufferread.readLine(): null

2018-12-07 03:49:06 - [TEST_STEP][PASSED] - Statement - out.println(CaseReferenceNo): null

2018-12-07 03:49:06 - [TEST_STEP][PASSED] - Statement - out.println(readedVal): null

2018-12-07 03:49:06 - [TEST_STEP][PASSED] - Statement - CaseReferenceNo = "": null

2018-12-07 03:49:06 - [TEST_STEP][PASSED] - Statement - CaseReferenceNo = readedVal: null

2018-12-07 03:49:06 - [MESSAGE][PASSED] - Call Test Case 'Test Cases/Final Aug 2018 - PKS Automation/Common/Reference Number Getter' successfully

2018-12-07 03:49:06 - [TEST_STEP][PASSED] - callTestCase: Call Test Case 'Test Cases/Final Aug 2018 - PKS Automation/Common/Workflow Owner Finder' successfully

2018-12-07 03:49:06 - [TEST_CASE][PASSED] - Test Cases/Final Aug 2018 - PKS Automation/Common/Workflow Owner Finder: Test Cases/Final Aug 2018 - PKS Automation/Common/Workflow Owner Finder

2018-12-07 03:49:06 - [TEST_STEP][PASSED] - openBrowser: Browser is opened with url: ''

2018-12-07 03:49:06 - [MESSAGE][WARNING] - A browser is already opened. Closing browser and opening a new one

2018-12-07 03:49:10 - [MESSAGE][PASSED] - Browser is opened with url: ''

2018-12-07 03:49:10 - [TEST_STEP][PASSED] - navigateToUrl: Navigate to 'https://assist2-uat.perkeso.gov.my/login' successfully

2018-12-07 03:49:11 - [MESSAGE][PASSED] - Navigate to 'https://assist2-uat.perkeso.gov.my/login' successfully

2018-12-07 03:49:11 - [TEST_STEP][PASSED] - delay: Delayed 5 second(s)

2018-12-07 03:49:16 - [MESSAGE][PASSED] - Delayed 5 second(s)

2018-12-07 03:49:16 - [TEST_STEP][PASSED] - setText: Text 'test@liferay.com' is set on object 'Object Repository/Final Object Repo/Login Page/Internal User/Email Address'

2018-12-07 03:49:17 - [MESSAGE][PASSED] - Text 'test@liferay.com' is set on object 'Object Repository/Final Object Repo/Login Page/Internal User/Email Address'

2018-12-07 03:49:17 - [TEST_STEP][PASSED] - click: Object: 'Object Repository/Final Object Repo/Login Page/Internal User/Next Button' is clicked on

2018-12-07 03:49:17 - [MESSAGE][PASSED] - Object: 'Object Repository/Final Object Repo/Login Page/Internal User/Next Button' is clicked on

2018-12-07 03:49:17 - [TEST_STEP][PASSED] - delay: Delayed 2 second(s)

2018-12-07 03:49:19 - [MESSAGE][PASSED] - Delayed 2 second(s)

2018-12-07 03:49:19 - [TEST_STEP][PASSED] - setText: Text 'test' is set on object 'Object Repository/Final Object Repo/Login Page/Internal User/Password'

2018-12-07 03:49:19 - [MESSAGE][PASSED] - Text 'test' is set on object 'Object Repository/Final Object Repo/Login Page/Internal User/Password'

2018-12-07 03:49:19 - [TEST_STEP][PASSED] - delay: Delayed 2 second(s)

2018-12-07 03:49:21 - [MESSAGE][PASSED] - Delayed 2 second(s)

2018-12-07 03:49:21 - [TEST_STEP][PASSED] - click: Object: 'Object Repository/Final Object Repo/Login Page/Internal User/Login Button' is clicked on

2018-12-07 03:49:21 - [MESSAGE][PASSED] - Object: 'Object Repository/Final Object Repo/Login Page/Internal User/Login Button' is clicked on

2018-12-07 03:49:21 - [TEST_STEP][PASSED] - Statement - tester = com.kms.katalon.core.testobject.ObjectRepository.findTestObject(Final Object Repo/Landing Page/Select to English): Finding Test Object with id 'Object Repository/Final Object Repo/Landing Page/Select to English'

2018-12-07 03:49:21 - [TEST_STEP][PASSED] - Statement - Try: Delayed 2 second(s)

2018-12-07 03:49:21 - [TEST_STEP][PASSED] - Statement - Checker = com.kms.katalon.core.webui.keyword.WebUiBuiltInKeywords.verifyElementNotPresent(tester, 3): Web element with id: 'Object Repository/Final Object Repo/Landing Page/Select to English' located by 'By.xpath: //a[@class = 'taglib-language-list-text' and @lang = 'en-US' and (contains(text(), 'EN') or contains(., 'EN'))]' is not present after '3' second(s)

2018-12-07 03:49:23 - [MESSAGE][PASSED] - Web element with id: 'Object Repository/Final Object Repo/Landing Page/Select to English' located by 'By.xpath: //a[@class = 'taglib-language-list-text' and @lang = 'en-US' and (contains(text(), 'EN') or contains(., 'EN'))]' is not present after '3' second(s)

2018-12-07 03:49:23 - [TEST_STEP][PASSED] - Statement - If (Checker == false): null

2018-12-07 03:49:23 - [TEST_STEP][PASSED] - delay: Delayed 2 second(s)

2018-12-07 03:49:25 - [MESSAGE][PASSED] - Delayed 2 second(s)

2018-12-07 03:49:25 - [TEST_STEP][PASSED] - delay: Delayed 5 second(s)

2018-12-07 03:49:30 - [MESSAGE][PASSED] - Delayed 5 second(s)

2018-12-07 03:49:30 - [TEST_STEP][PASSED] - mouseOver: Object: 'Object Repository/Final Object Repo/Landing Page/WorkFlow Menu' is hovered

2018-12-07 03:49:30 - [MESSAGE][PASSED] - Object: 'Object Repository/Final Object Repo/Landing Page/WorkFlow Menu' is hovered

2018-12-07 03:49:30 - [TEST_STEP][PASSED] - delay: Delayed 2 second(s)

2018-12-07 03:49:32 - [MESSAGE][PASSED] - Delayed 2 second(s)

2018-12-07 03:49:32 - [TEST_STEP][PASSED] - click: Object: 'Object Repository/Final Object Repo/Landing Page/Select to Workflow Listing' is clicked on

2018-12-07 03:49:33 - [MESSAGE][PASSED] - Object: 'Object Repository/Final Object Repo/Landing Page/Select to Workflow Listing' is clicked on

2018-12-07 03:49:33 - [TEST_STEP][PASSED] - delay: Delayed 2 second(s)

2018-12-07 03:49:35 - [MESSAGE][PASSED] - Delayed 2 second(s)

2018-12-07 03:49:35 - [TEST_STEP][PASSED] - click: Object: 'Object Repository/Final Object Repo/WorkFlow Listing Page/Search Information - To Put Ref No' is clicked on

2018-12-07 03:49:35 - [MESSAGE][PASSED] - Object: 'Object Repository/Final Object Repo/WorkFlow Listing Page/Search Information - To Put Ref No' is clicked on

2018-12-07 03:49:35 - [TEST_STEP][PASSED] - delay: Delayed 2 second(s)

2018-12-07 03:49:37 - [MESSAGE][PASSED] - Delayed 2 second(s)

2018-12-07 03:49:37 - [TEST_STEP][PASSED] - callTestCase: Call Test Case 'Test Cases/Final Aug 2018 - PKS Automation/Common/Reference Number Getter' successfully

2018-12-07 03:49:38 - [TEST_CASE][PASSED] - Test Cases/Final Aug 2018 - PKS Automation/Common/Reference Number Getter: Test Cases/Final Aug 2018 - PKS Automation/Common/Reference Number Getter

2018-12-07 03:49:38 - [TEST_STEP][PASSED] - Statement - Try: null

2018-12-07 03:49:38 - [TEST_STEP][PASSED] - Statement - RefNo = new java.io.File(C://Users//Admin//Desktop//PKS//Automation Reference Point//KatalonReference.txt): null

2018-12-07 03:49:38 - [TEST_STEP][PASSED] - Statement - bufferread = new java.io.BufferedReader(new java.io.FileReader(RefNo)): null

2018-12-07 03:49:38 - [TEST_STEP][PASSED] - Statement - readedVal = bufferread.readLine(): null

2018-12-07 03:49:38 - [TEST_STEP][PASSED] - Statement - out.println(CaseReferenceNo): null

2018-12-07 03:49:38 - [TEST_STEP][PASSED] - Statement - out.println(readedVal): null

2018-12-07 03:49:38 - [TEST_STEP][PASSED] - Statement - CaseReferenceNo = "": null

2018-12-07 03:49:38 - [TEST_STEP][PASSED] - Statement - CaseReferenceNo = readedVal: null

2018-12-07 03:49:38 - [MESSAGE][PASSED] - Call Test Case 'Test Cases/Final Aug 2018 - PKS Automation/Common/Reference Number Getter' successfully

2018-12-07 03:49:38 - [TEST_STEP][PASSED] - setText: Text 'SSN12201800001181' is set on object 'Object Repository/Final Object Repo/WorkFlow Listing Page/Ref No Set Text'

2018-12-07 03:49:38 - [MESSAGE][PASSED] - Text 'SSN12201800001181' is set on object 'Object Repository/Final Object Repo/WorkFlow Listing Page/Ref No Set Text'

2018-12-07 03:49:38 - [TEST_STEP][PASSED] - delay: Delayed 2 second(s)

2018-12-07 03:49:40 - [MESSAGE][PASSED] - Delayed 2 second(s)

2018-12-07 03:49:40 - [TEST_STEP][PASSED] - click: Object: 'Object Repository/Final Object Repo/WorkFlow Listing Page/Search Ref No Search Button' is clicked on

2018-12-07 03:49:40 - [MESSAGE][PASSED] - Object: 'Object Repository/Final Object Repo/WorkFlow Listing Page/Search Ref No Search Button' is clicked on

2018-12-07 03:49:40 - [TEST_STEP][PASSED] - delay: Delayed 6 second(s)

2018-12-07 03:49:46 - [MESSAGE][PASSED] - Delayed 6 second(s)

2018-12-07 03:49:46 - [TEST_STEP][PASSED] - click: Object: 'Object Repository/Final Object Repo/WorkFlow Listing Page/Click Continue Tooltip' is clicked on

2018-12-07 03:49:47 - [MESSAGE][PASSED] - Object: 'Object Repository/Final Object Repo/WorkFlow Listing Page/Click Continue Tooltip' is clicked on

2018-12-07 03:49:47 - [TEST_STEP][PASSED] - delay: Delayed 5 second(s)

2018-12-07 03:49:52 - [MESSAGE][PASSED] - Delayed 5 second(s)

2018-12-07 03:49:52 - [TEST_STEP][PASSED] - doubleClick: Object: 'Object Repository/Final Object Repo/WorkFlow Listing Page/Workflow Found - Listing 1' is double clicked on

2018-12-07 03:49:52 - [MESSAGE][PASSED] - Object: 'Object Repository/Final Object Repo/WorkFlow Listing Page/Workflow Found - Listing 1' is double clicked on

2018-12-07 03:49:52 - [TEST_STEP][PASSED] - Statement - println(OwnerID): null

2018-12-07 03:49:52 - [TEST_STEP][PASSED] - Statement - OwnerID = com.kms.katalon.core.webui.keyword.WebUiBuiltInKeywords.getText(com.kms.katalon.core.testobject.ObjectRepository.findTestObject(Final Object Repo/WorkFlow Listing Page/Workflow Found - Listing 1), STOP_ON_FAILURE): Text of object 'Object Repository/Final Object Repo/WorkFlow Listing Page/Workflow Found - Listing 1' is: 'JOHORrio2'

2018-12-07 03:49:52 - [MESSAGE][PASSED] - Text of object 'Object Repository/Final Object Repo/WorkFlow Listing Page/Workflow Found - Listing 1' is: 'JOHORrio2'

2018-12-07 03:49:52 - [TEST_STEP][PASSED] - Statement - OwnerID = OwnerID.toLowerCase() + "@gmail.com": null

2018-12-07 03:49:52 - [TEST_STEP][PASSED] - Statement - println(OwnerID): null

2018-12-07 03:49:52 - [TEST_STEP][PASSED] - delay: Delayed 2 second(s)

2018-12-07 03:49:54 - [MESSAGE][PASSED] - Delayed 2 second(s)

2018-12-07 03:49:54 - [MESSAGE][PASSED] - Call Test Case 'Test Cases/Final Aug 2018 - PKS Automation/Common/Workflow Owner Finder' successfully

2018-12-07 03:49:54 - [TEST_STEP][PASSED] - delay: Delayed 2 second(s)

2018-12-07 03:49:56 - [MESSAGE][PASSED] - Delayed 2 second(s)

2018-12-07 03:49:56 - [TEST_STEP][PASSED] - navigateToUrl: Navigate to 'https://assist2-uat.perkeso.gov.my/c/portal/logout' successfully

2018-12-07 03:49:57 - [MESSAGE][PASSED] - Navigate to 'https://assist2-uat.perkeso.gov.my/c/portal/logout' successfully

2018-12-07 03:49:57 - [TEST_STEP][PASSED] - delay: Delayed 2 second(s)

2018-12-07 03:49:59 - [MESSAGE][PASSED] - Delayed 2 second(s)

2018-12-07 03:49:59 - [TEST_STEP][PASSED] - callTestCase: Call Test Case 'Test Cases/Final Aug 2018 - PKS Automation/Registration Module/Workflow/Login and Search Case For Workflow' successfully

2018-12-07 03:49:59 - [TEST_CASE][PASSED] - Test Cases/Final Aug 2018 - PKS Automation/Registration Module/Workflow/Login and Search Case For Workflow: Test Cases/Final Aug 2018 - PKS Automation/Registration Module/Workflow/Login and Search Case For Workflow

2018-12-07 03:49:59 - [TEST_STEP][PASSED] - navigateToUrl: Navigate to 'https://assist2-uat.perkeso.gov.my/login' successfully

2018-12-07 03:50:00 - [MESSAGE][PASSED] - Navigate to 'https://assist2-uat.perkeso.gov.my/login' successfully

2018-12-07 03:50:00 - [TEST_STEP][PASSED] - setText: Text 'johorrio2@gmail.com' is set on object 'Object Repository/Final Object Repo/Login Page/Internal User/Email Address'

2018-12-07 03:50:00 - [MESSAGE][PASSED] - Text 'johorrio2@gmail.com' is set on object 'Object Repository/Final Object Repo/Login Page/Internal User/Email Address'

2018-12-07 03:50:00 - [TEST_STEP][PASSED] - click: Object: 'Object Repository/Final Object Repo/Login Page/Internal User/Next Button' is clicked on

2018-12-07 03:50:00 - [MESSAGE][PASSED] - Object: 'Object Repository/Final Object Repo/Login Page/Internal User/Next Button' is clicked on

2018-12-07 03:50:00 - [TEST_STEP][PASSED] - delay: Delayed 1 second(s)

2018-12-07 03:50:01 - [MESSAGE][PASSED] - Delayed 1 second(s)

2018-12-07 03:50:01 - [TEST_STEP][PASSED] - setEncryptedText: Text ****** has been set on object 'Object Repository/Final Object Repo/Login Page/Internal User/Password'

2018-12-07 03:50:02 - [MESSAGE][PASSED] - Text ****** has been set on object 'Object Repository/Final Object Repo/Login Page/Internal User/Password'

2018-12-07 03:50:02 - [TEST_STEP][PASSED] - click: Object: 'Object Repository/Final Object Repo/Login Page/Internal User/Login Button' is clicked on

2018-12-07 03:50:02 - [MESSAGE][PASSED] - Object: 'Object Repository/Final Object Repo/Login Page/Internal User/Login Button' is clicked on

2018-12-07 03:50:02 - [TEST_STEP][PASSED] - delay: Delayed 2 second(s)

2018-12-07 03:50:04 - [MESSAGE][PASSED] - Delayed 2 second(s)

2018-12-07 03:50:04 - [TEST_STEP][PASSED] - Statement - Try: Delayed 2 second(s)

2018-12-07 03:50:04 - [TEST_STEP][PASSED] - Statement - Checker = false: null

2018-12-07 03:50:04 - [TEST_STEP][PASSED] - Statement - Checker = com.kms.katalon.core.webui.keyword.WebUiBuiltInKeywords.verifyElementHasAttribute(com.kms.katalon.core.testobject.ObjectRepository.findTestObject(Final Object Repo/Landing Page/BM Detecting), "href", 20, OPTIONAL): Object 'Object Repository/Final Object Repo/Landing Page/BM Detecting' has attribute 'href'

2018-12-07 03:50:04 - [MESSAGE][PASSED] - Object 'Object Repository/Final Object Repo/Landing Page/BM Detecting' has attribute 'href'

2018-12-07 03:50:04 - [TEST_STEP][PASSED] - Statement - out.println(Checker): null

2018-12-07 03:50:04 - [TEST_STEP][PASSED] - Statement - If (Checker == false): null

2018-12-07 03:50:04 - [TEST_STEP][PASSED] - Statement - Else: null

2018-12-07 03:50:04 - [TEST_STEP][PASSED] - delay: Delayed 2 second(s)

2018-12-07 03:50:06 - [MESSAGE][PASSED] - Delayed 2 second(s)

2018-12-07 03:50:06 - [TEST_STEP][PASSED] - click: Object: 'Object Repository/Final Object Repo/Page_MyASSIST - ASSIST - Search Pending Case For Add Supporting Document/Search Information' is clicked on

2018-12-07 03:50:06 - [MESSAGE][PASSED] - Object: 'Object Repository/Final Object Repo/Page_MyASSIST - ASSIST - Search Pending Case For Add Supporting Document/Search Information' is clicked on

2018-12-07 03:50:06 - [TEST_STEP][PASSED] - delay: Delayed 3 second(s)

2018-12-07 03:50:09 - [MESSAGE][PASSED] - Delayed 3 second(s)

2018-12-07 03:50:09 - [TEST_STEP][PASSED] - sendKeys: Keys 'SSN12201800001181' sent to object: 'Object Repository/Final Object Repo/Page_MyASSIST - ASSIST - Search Pending Case For Add Supporting Document/Reference No'

2018-12-07 03:50:09 - [MESSAGE][PASSED] - Keys 'SSN12201800001181' sent to object: 'Object Repository/Final Object Repo/Page_MyASSIST - ASSIST - Search Pending Case For Add Supporting Document/Reference No'

2018-12-07 03:50:09 - [TEST_STEP][PASSED] - click: Object: 'Object Repository/Final Object Repo/Page_MyASSIST - ASSIST - Search Pending Case For Add Supporting Document/Search Reference No' is clicked on

2018-12-07 03:50:09 - [MESSAGE][PASSED] - Object: 'Object Repository/Final Object Repo/Page_MyASSIST - ASSIST - Search Pending Case For Add Supporting Document/Search Reference No' is clicked on

2018-12-07 03:50:09 - [TEST_STEP][PASSED] - delay: Delayed 2 second(s)

2018-12-07 03:50:11 - [MESSAGE][PASSED] - Delayed 2 second(s)

2018-12-07 03:50:11 - [TEST_STEP][PASSED] - click: Object: 'Object Repository/Final Object Repo/Page_MyASSIST - ASSIST - Search Pending Case For Add Supporting Document/Continue' is clicked on

2018-12-07 03:50:18 - [MESSAGE][PASSED] - Object: 'Object Repository/Final Object Repo/Page_MyASSIST - ASSIST - Search Pending Case For Add Supporting Document/Continue' is clicked on

2018-12-07 03:50:18 - [TEST_STEP][PASSED] - delay: Delayed 20 second(s)

2018-12-07 03:50:38 - [MESSAGE][PASSED] - Delayed 20 second(s)

2018-12-07 03:50:38 - [MESSAGE][PASSED] - Call Test Case 'Test Cases/Final Aug 2018 - PKS Automation/Registration Module/Workflow/Login and Search Case For Workflow' successfully

2018-12-07 03:50:38 - [TEST_STEP][PASSED] - callTestCase: Call Test Case 'Test Cases/Final Aug 2018 - PKS Automation/Registration Module/Workflow/Request SSN/Template/Request SSN - RIO' successfully

2018-12-07 03:50:38 - [TEST_CASE][PASSED] - Test Cases/Final Aug 2018 - PKS Automation/Registration Module/Workflow/Request SSN/Template/Request SSN - RIO: Test Cases/Final Aug 2018 - PKS Automation/Registration Module/Workflow/Request SSN/Template/Request SSN - RIO

2018-12-07 03:50:38 - [TEST_STEP][NOT_RUN] - openBrowser: NOT_RUN: openBrowser

2018-12-07 03:50:38 - [MESSAGE][NOT_RUN] - NOT_RUN: openBrowser

2018-12-07 03:50:38 - [TEST_STEP][NOT_RUN] - navigateToUrl: NOT_RUN: navigateToUrl

2018-12-07 03:50:38 - [MESSAGE][NOT_RUN] - NOT_RUN: navigateToUrl

2018-12-07 03:50:38 - [TEST_STEP][NOT_RUN] - setText: NOT_RUN: setText

2018-12-07 03:50:38 - [MESSAGE][NOT_RUN] - NOT_RUN: setText

2018-12-07 03:50:38 - [TEST_STEP][NOT_RUN] - click: NOT_RUN: click

2018-12-07 03:50:38 - [MESSAGE][NOT_RUN] - NOT_RUN: click

2018-12-07 03:50:38 - [TEST_STEP][NOT_RUN] - delay: NOT_RUN: delay

2018-12-07 03:50:38 - [MESSAGE][NOT_RUN] - NOT_RUN: delay

2018-12-07 03:50:38 - [TEST_STEP][NOT_RUN] - setEncryptedText: NOT_RUN: setEncryptedText

2018-12-07 03:50:38 - [MESSAGE][NOT_RUN] - NOT_RUN: setEncryptedText

2018-12-07 03:50:38 - [TEST_STEP][NOT_RUN] - click: NOT_RUN: click

2018-12-07 03:50:38 - [MESSAGE][NOT_RUN] - NOT_RUN: click

2018-12-07 03:50:38 - [TEST_STEP][NOT_RUN] - delay: NOT_RUN: delay

2018-12-07 03:50:38 - [MESSAGE][NOT_RUN] - NOT_RUN: delay

2018-12-07 03:50:38 - [TEST_STEP][NOT_RUN] - click: NOT_RUN: click

2018-12-07 03:50:38 - [MESSAGE][NOT_RUN] - NOT_RUN: click

2018-12-07 03:50:38 - [TEST_STEP][NOT_RUN] - sendKeys: NOT_RUN: sendKeys

2018-12-07 03:50:38 - [MESSAGE][NOT_RUN] - NOT_RUN: sendKeys

2018-12-07 03:50:38 - [TEST_STEP][NOT_RUN] - click: NOT_RUN: click

2018-12-07 03:50:38 - [MESSAGE][NOT_RUN] - NOT_RUN: click

2018-12-07 03:50:38 - [TEST_STEP][NOT_RUN] - delay: NOT_RUN: delay

2018-12-07 03:50:38 - [MESSAGE][NOT_RUN] - NOT_RUN: delay

2018-12-07 03:50:38 - [TEST_STEP][NOT_RUN] - click: NOT_RUN: click

2018-12-07 03:50:38 - [MESSAGE][NOT_RUN] - NOT_RUN: click

2018-12-07 03:50:38 - [TEST_STEP][PASSED] - delay: Delayed 2 second(s)

2018-12-07 03:50:40 - [MESSAGE][PASSED] - Delayed 2 second(s)

2018-12-07 03:50:40 - [TEST_STEP][PASSED] - click: Object: 'Object Repository/Final Object Repo/Page_Request SSN - ASSIST/Page_Request SSN - ASSIST - RIO/Recommend For SSN' is clicked on

2018-12-07 03:50:40 - [MESSAGE][PASSED] - Object: 'Object Repository/Final Object Repo/Page_Request SSN - ASSIST/Page_Request SSN - ASSIST - RIO/Recommend For SSN' is clicked on

2018-12-07 03:50:40 - [TEST_STEP][PASSED] - click: Object: 'Object Repository/Final Object Repo/Page_Request SSN - ASSIST/Page_Request SSN - ASSIST - RIO/Recommend For SSN  - Yes' is clicked on

2018-12-07 03:50:40 - [MESSAGE][PASSED] - Object: 'Object Repository/Final Object Repo/Page_Request SSN - ASSIST/Page_Request SSN - ASSIST - RIO/Recommend For SSN  - Yes' is clicked on

2018-12-07 03:50:40 - [TEST_STEP][PASSED] - delay: Delayed 2 second(s)

2018-12-07 03:50:42 - [MESSAGE][PASSED] - Delayed 2 second(s)

2018-12-07 03:50:42 - [TEST_STEP][PASSED] - click: Object: 'Object Repository/Final Object Repo/Page_Request SSN - ASSIST/Page_Request SSN - ASSIST - RIO/Save  Continue in SSN page' is clicked on

2018-12-07 03:50:43 - [MESSAGE][PASSED] - Object: 'Object Repository/Final Object Repo/Page_Request SSN - ASSIST/Page_Request SSN - ASSIST - RIO/Save  Continue in SSN page' is clicked on

2018-12-07 03:50:43 - [TEST_STEP][PASSED] - delay: Delayed 2 second(s)

2018-12-07 03:50:45 - [MESSAGE][PASSED] - Delayed 2 second(s)

2018-12-07 03:50:45 - [TEST_STEP][PASSED] - click: Object: 'Object Repository/Final Object Repo/Page_Request SSN - ASSIST/Page_Request SSN - ASSIST - RIO/Save  Continue in Upload Document Page' is clicked on

2018-12-07 03:50:47 - [MESSAGE][PASSED] - Object: 'Object Repository/Final Object Repo/Page_Request SSN - ASSIST/Page_Request SSN - ASSIST - RIO/Save  Continue in Upload Document Page' is clicked on

2018-12-07 03:50:47 - [TEST_STEP][PASSED] - delay: Delayed 2 second(s)

2018-12-07 03:50:49 - [MESSAGE][PASSED] - Delayed 2 second(s)

2018-12-07 03:50:49 - [TEST_STEP][PASSED] - click: Object: 'Object Repository/Final Object Repo/Page_Request SSN - ASSIST/Page_Request SSN - ASSIST - RIO/Submit' is clicked on

2018-12-07 03:50:52 - [MESSAGE][PASSED] - Object: 'Object Repository/Final Object Repo/Page_Request SSN - ASSIST/Page_Request SSN - ASSIST - RIO/Submit' is clicked on

2018-12-07 03:50:52 - [TEST_STEP][PASSED] - delay: Delayed 2 second(s)

2018-12-07 03:50:54 - [MESSAGE][PASSED] - Delayed 2 second(s)

2018-12-07 03:50:54 - [TEST_STEP][PASSED] - click: Object: 'Object Repository/Final Object Repo/Page_Request SSN - ASSIST/Page_Request SSN - ASSIST - RIO/Confirm' is clicked on

2018-12-07 03:50:54 - [MESSAGE][PASSED] - Object: 'Object Repository/Final Object Repo/Page_Request SSN - ASSIST/Page_Request SSN - ASSIST - RIO/Confirm' is clicked on

2018-12-07 03:50:54 - [MESSAGE][PASSED] - Call Test Case 'Test Cases/Final Aug 2018 - PKS Automation/Registration Module/Workflow/Request SSN/Template/Request SSN - RIO' successfully

2018-12-07 03:50:54 - [TEST_STEP][PASSED] - delay: Delayed 2 second(s)

2018-12-07 03:50:56 - [MESSAGE][PASSED] - Delayed 2 second(s)

2018-12-07 03:50:56 - [TEST_STEP][PASSED] - navigateToUrl: Navigate to 'https://assist2-uat.perkeso.gov.my/c/portal/logout' successfully

2018-12-07 03:51:01 - [MESSAGE][PASSED] - Navigate to 'https://assist2-uat.perkeso.gov.my/c/portal/logout' successfully

2018-12-07 03:51:01 - [TEST_STEP][PASSED] - delay: Delayed 2 second(s)

2018-12-07 03:51:03 - [MESSAGE][PASSED] - Delayed 2 second(s)

2018-12-07 03:51:03 - [TEST_STEP][PASSED] - callTestCase: Call Test Case 'Test Cases/Final Aug 2018 - PKS Automation/Common/Workflow Owner Finder' successfully

2018-12-07 03:51:03 - [TEST_CASE][PASSED] - Test Cases/Final Aug 2018 - PKS Automation/Common/Workflow Owner Finder: Test Cases/Final Aug 2018 - PKS Automation/Common/Workflow Owner Finder

2018-12-07 03:51:03 - [TEST_STEP][PASSED] - openBrowser: Browser is opened with url: ''

2018-12-07 03:51:03 - [MESSAGE][WARNING] - A browser is already opened. Closing browser and opening a new one

2018-12-07 03:51:07 - [MESSAGE][PASSED] - Browser is opened with url: ''

2018-12-07 03:51:07 - [TEST_STEP][PASSED] - navigateToUrl: Navigate to 'https://assist2-uat.perkeso.gov.my/login' successfully

2018-12-07 03:51:08 - [MESSAGE][PASSED] - Navigate to 'https://assist2-uat.perkeso.gov.my/login' successfully

2018-12-07 03:51:08 - [TEST_STEP][PASSED] - delay: Delayed 5 second(s)

2018-12-07 03:51:13 - [MESSAGE][PASSED] - Delayed 5 second(s)

2018-12-07 03:51:13 - [TEST_STEP][PASSED] - setText: Text 'test@liferay.com' is set on object 'Object Repository/Final Object Repo/Login Page/Internal User/Email Address'

2018-12-07 03:51:13 - [MESSAGE][PASSED] - Text 'test@liferay.com' is set on object 'Object Repository/Final Object Repo/Login Page/Internal User/Email Address'

2018-12-07 03:51:13 - [TEST_STEP][PASSED] - click: Object: 'Object Repository/Final Object Repo/Login Page/Internal User/Next Button' is clicked on

2018-12-07 03:51:13 - [MESSAGE][PASSED] - Object: 'Object Repository/Final Object Repo/Login Page/Internal User/Next Button' is clicked on

2018-12-07 03:51:13 - [TEST_STEP][PASSED] - delay: Delayed 2 second(s)

2018-12-07 03:51:15 - [MESSAGE][PASSED] - Delayed 2 second(s)

2018-12-07 03:51:15 - [TEST_STEP][PASSED] - setText: Text 'test' is set on object 'Object Repository/Final Object Repo/Login Page/Internal User/Password'

2018-12-07 03:51:15 - [MESSAGE][PASSED] - Text 'test' is set on object 'Object Repository/Final Object Repo/Login Page/Internal User/Password'

2018-12-07 03:51:15 - [TEST_STEP][PASSED] - delay: Delayed 2 second(s)

2018-12-07 03:51:17 - [MESSAGE][PASSED] - Delayed 2 second(s)

2018-12-07 03:51:17 - [TEST_STEP][PASSED] - click: Object: 'Object Repository/Final Object Repo/Login Page/Internal User/Login Button' is clicked on

2018-12-07 03:51:17 - [MESSAGE][PASSED] - Object: 'Object Repository/Final Object Repo/Login Page/Internal User/Login Button' is clicked on

2018-12-07 03:51:17 - [TEST_STEP][PASSED] - Statement - tester = com.kms.katalon.core.testobject.ObjectRepository.findTestObject(Final Object Repo/Landing Page/Select to English): Finding Test Object with id 'Object Repository/Final Object Repo/Landing Page/Select to English'

2018-12-07 03:51:18 - [TEST_STEP][PASSED] - Statement - Try: Delayed 2 second(s)

2018-12-07 03:51:18 - [TEST_STEP][PASSED] - Statement - Checker = com.kms.katalon.core.webui.keyword.WebUiBuiltInKeywords.verifyElementNotPresent(tester, 3): Web element with id: 'Object Repository/Final Object Repo/Landing Page/Select to English' located by 'By.xpath: //a[@class = 'taglib-language-list-text' and @lang = 'en-US' and (contains(text(), 'EN') or contains(., 'EN'))]' is not present after '3' second(s)

2018-12-07 03:51:19 - [MESSAGE][PASSED] - Web element with id: 'Object Repository/Final Object Repo/Landing Page/Select to English' located by 'By.xpath: //a[@class = 'taglib-language-list-text' and @lang = 'en-US' and (contains(text(), 'EN') or contains(., 'EN'))]' is not present after '3' second(s)

2018-12-07 03:51:19 - [TEST_STEP][PASSED] - Statement - If (Checker == false): null

2018-12-07 03:51:19 - [TEST_STEP][PASSED] - delay: Delayed 2 second(s)

2018-12-07 03:51:21 - [MESSAGE][PASSED] - Delayed 2 second(s)

2018-12-07 03:51:21 - [TEST_STEP][PASSED] - delay: Delayed 5 second(s)

2018-12-07 03:51:26 - [MESSAGE][PASSED] - Delayed 5 second(s)

2018-12-07 03:51:26 - [TEST_STEP][PASSED] - mouseOver: Object: 'Object Repository/Final Object Repo/Landing Page/WorkFlow Menu' is hovered

2018-12-07 03:51:27 - [MESSAGE][PASSED] - Object: 'Object Repository/Final Object Repo/Landing Page/WorkFlow Menu' is hovered

2018-12-07 03:51:27 - [TEST_STEP][PASSED] - delay: Delayed 2 second(s)

2018-12-07 03:51:29 - [MESSAGE][PASSED] - Delayed 2 second(s)

2018-12-07 03:51:29 - [TEST_STEP][PASSED] - click: Object: 'Object Repository/Final Object Repo/Landing Page/Select to Workflow Listing' is clicked on

2018-12-07 03:51:30 - [MESSAGE][PASSED] - Object: 'Object Repository/Final Object Repo/Landing Page/Select to Workflow Listing' is clicked on

2018-12-07 03:51:30 - [TEST_STEP][PASSED] - delay: Delayed 2 second(s)

2018-12-07 03:51:32 - [MESSAGE][PASSED] - Delayed 2 second(s)

2018-12-07 03:51:32 - [TEST_STEP][PASSED] - click: Object: 'Object Repository/Final Object Repo/WorkFlow Listing Page/Search Information - To Put Ref No' is clicked on

2018-12-07 03:51:32 - [MESSAGE][PASSED] - Object: 'Object Repository/Final Object Repo/WorkFlow Listing Page/Search Information - To Put Ref No' is clicked on

2018-12-07 03:51:32 - [TEST_STEP][PASSED] - delay: Delayed 2 second(s)

2018-12-07 03:51:34 - [MESSAGE][PASSED] - Delayed 2 second(s)

2018-12-07 03:51:34 - [TEST_STEP][PASSED] - callTestCase: Call Test Case 'Test Cases/Final Aug 2018 - PKS Automation/Common/Reference Number Getter' successfully

2018-12-07 03:51:34 - [TEST_CASE][PASSED] - Test Cases/Final Aug 2018 - PKS Automation/Common/Reference Number Getter: Test Cases/Final Aug 2018 - PKS Automation/Common/Reference Number Getter

2018-12-07 03:51:34 - [TEST_STEP][PASSED] - Statement - Try: null

2018-12-07 03:51:34 - [TEST_STEP][PASSED] - Statement - RefNo = new java.io.File(C://Users//Admin//Desktop//PKS//Automation Reference Point//KatalonReference.txt): null

2018-12-07 03:51:34 - [TEST_STEP][PASSED] - Statement - bufferread = new java.io.BufferedReader(new java.io.FileReader(RefNo)): null

2018-12-07 03:51:34 - [TEST_STEP][PASSED] - Statement - readedVal = bufferread.readLine(): null

2018-12-07 03:51:34 - [TEST_STEP][PASSED] - Statement - out.println(CaseReferenceNo): null

2018-12-07 03:51:34 - [TEST_STEP][PASSED] - Statement - out.println(readedVal): null

2018-12-07 03:51:34 - [TEST_STEP][PASSED] - Statement - CaseReferenceNo = "": null

2018-12-07 03:51:34 - [TEST_STEP][PASSED] - Statement - CaseReferenceNo = readedVal: null

2018-12-07 03:51:34 - [MESSAGE][PASSED] - Call Test Case 'Test Cases/Final Aug 2018 - PKS Automation/Common/Reference Number Getter' successfully

2018-12-07 03:51:34 - [TEST_STEP][PASSED] - setText: Text 'SSN12201800001181' is set on object 'Object Repository/Final Object Repo/WorkFlow Listing Page/Ref No Set Text'

2018-12-07 03:51:34 - [MESSAGE][PASSED] - Text 'SSN12201800001181' is set on object 'Object Repository/Final Object Repo/WorkFlow Listing Page/Ref No Set Text'

2018-12-07 03:51:34 - [TEST_STEP][PASSED] - delay: Delayed 2 second(s)

2018-12-07 03:51:36 - [MESSAGE][PASSED] - Delayed 2 second(s)

2018-12-07 03:51:36 - [TEST_STEP][PASSED] - click: Object: 'Object Repository/Final Object Repo/WorkFlow Listing Page/Search Ref No Search Button' is clicked on

2018-12-07 03:51:36 - [MESSAGE][PASSED] - Object: 'Object Repository/Final Object Repo/WorkFlow Listing Page/Search Ref No Search Button' is clicked on

2018-12-07 03:51:36 - [TEST_STEP][PASSED] - delay: Delayed 6 second(s)

2018-12-07 03:51:42 - [MESSAGE][PASSED] - Delayed 6 second(s)

2018-12-07 03:51:42 - [TEST_STEP][PASSED] - click: Object: 'Object Repository/Final Object Repo/WorkFlow Listing Page/Click Continue Tooltip' is clicked on

2018-12-07 03:51:43 - [MESSAGE][PASSED] - Object: 'Object Repository/Final Object Repo/WorkFlow Listing Page/Click Continue Tooltip' is clicked on

2018-12-07 03:51:43 - [TEST_STEP][PASSED] - delay: Delayed 5 second(s)

2018-12-07 03:51:48 - [MESSAGE][PASSED] - Delayed 5 second(s)

2018-12-07 03:51:48 - [TEST_STEP][PASSED] - doubleClick: Object: 'Object Repository/Final Object Repo/WorkFlow Listing Page/Workflow Found - Listing 1' is double clicked on

2018-12-07 03:51:49 - [MESSAGE][PASSED] - Object: 'Object Repository/Final Object Repo/WorkFlow Listing Page/Workflow Found - Listing 1' is double clicked on

2018-12-07 03:51:49 - [TEST_STEP][PASSED] - Statement - println(OwnerID): null

2018-12-07 03:51:49 - [TEST_STEP][PASSED] - Statement - OwnerID = com.kms.katalon.core.webui.keyword.WebUiBuiltInKeywords.getText(com.kms.katalon.core.testobject.ObjectRepository.findTestObject(Final Object Repo/WorkFlow Listing Page/Workflow Found - Listing 1), STOP_ON_FAILURE): Text of object 'Object Repository/Final Object Repo/WorkFlow Listing Page/Workflow Found - Listing 1' is: 'JOHORro2'

2018-12-07 03:51:49 - [MESSAGE][PASSED] - Text of object 'Object Repository/Final Object Repo/WorkFlow Listing Page/Workflow Found - Listing 1' is: 'JOHORro2'

2018-12-07 03:51:49 - [TEST_STEP][PASSED] - Statement - OwnerID = OwnerID.toLowerCase() + "@gmail.com": null

2018-12-07 03:51:49 - [TEST_STEP][PASSED] - Statement - println(OwnerID): null

2018-12-07 03:51:49 - [TEST_STEP][PASSED] - delay: Delayed 2 second(s)

2018-12-07 03:51:51 - [MESSAGE][PASSED] - Delayed 2 second(s)

2018-12-07 03:51:51 - [MESSAGE][PASSED] - Call Test Case 'Test Cases/Final Aug 2018 - PKS Automation/Common/Workflow Owner Finder' successfully

2018-12-07 03:51:51 - [TEST_STEP][PASSED] - delay: Delayed 2 second(s)

2018-12-07 03:51:53 - [MESSAGE][PASSED] - Delayed 2 second(s)

2018-12-07 03:51:53 - [TEST_STEP][PASSED] - navigateToUrl: Navigate to 'https://assist2-uat.perkeso.gov.my/c/portal/logout' successfully

2018-12-07 03:51:53 - [MESSAGE][PASSED] - Navigate to 'https://assist2-uat.perkeso.gov.my/c/portal/logout' successfully

2018-12-07 03:51:53 - [TEST_STEP][PASSED] - delay: Delayed 2 second(s)

2018-12-07 03:51:55 - [MESSAGE][PASSED] - Delayed 2 second(s)

2018-12-07 03:51:55 - [TEST_STEP][PASSED] - callTestCase: Call Test Case 'Test Cases/Final Aug 2018 - PKS Automation/Registration Module/Workflow/Login and Search Case For Workflow' successfully

2018-12-07 03:51:55 - [TEST_CASE][PASSED] - Test Cases/Final Aug 2018 - PKS Automation/Registration Module/Workflow/Login and Search Case For Workflow: Test Cases/Final Aug 2018 - PKS Automation/Registration Module/Workflow/Login and Search Case For Workflow

2018-12-07 03:51:55 - [TEST_STEP][PASSED] - navigateToUrl: Navigate to 'https://assist2-uat.perkeso.gov.my/login' successfully

2018-12-07 03:51:56 - [MESSAGE][PASSED] - Navigate to 'https://assist2-uat.perkeso.gov.my/login' successfully

2018-12-07 03:51:56 - [TEST_STEP][PASSED] - setText: Text 'johorro2@gmail.com' is set on object 'Object Repository/Final Object Repo/Login Page/Internal User/Email Address'

2018-12-07 03:51:56 - [MESSAGE][PASSED] - Text 'johorro2@gmail.com' is set on object 'Object Repository/Final Object Repo/Login Page/Internal User/Email Address'

2018-12-07 03:51:56 - [TEST_STEP][PASSED] - click: Object: 'Object Repository/Final Object Repo/Login Page/Internal User/Next Button' is clicked on

2018-12-07 03:51:57 - [MESSAGE][PASSED] - Object: 'Object Repository/Final Object Repo/Login Page/Internal User/Next Button' is clicked on

2018-12-07 03:51:57 - [TEST_STEP][PASSED] - delay: Delayed 1 second(s)

2018-12-07 03:51:58 - [MESSAGE][PASSED] - Delayed 1 second(s)

2018-12-07 03:51:58 - [TEST_STEP][PASSED] - setEncryptedText: Text ****** has been set on object 'Object Repository/Final Object Repo/Login Page/Internal User/Password'

2018-12-07 03:51:58 - [MESSAGE][PASSED] - Text ****** has been set on object 'Object Repository/Final Object Repo/Login Page/Internal User/Password'

2018-12-07 03:51:58 - [TEST_STEP][PASSED] - click: Object: 'Object Repository/Final Object Repo/Login Page/Internal User/Login Button' is clicked on

2018-12-07 03:51:58 - [MESSAGE][PASSED] - Object: 'Object Repository/Final Object Repo/Login Page/Internal User/Login Button' is clicked on

2018-12-07 03:51:58 - [TEST_STEP][PASSED] - delay: Delayed 2 second(s)

2018-12-07 03:52:00 - [MESSAGE][PASSED] - Delayed 2 second(s)

2018-12-07 03:52:00 - [TEST_STEP][PASSED] - Statement - Try: Delayed 2 second(s)

2018-12-07 03:52:00 - [TEST_STEP][PASSED] - Statement - Checker = false: null

2018-12-07 03:52:00 - [TEST_STEP][PASSED] - Statement - Checker = com.kms.katalon.core.webui.keyword.WebUiBuiltInKeywords.verifyElementHasAttribute(com.kms.katalon.core.testobject.ObjectRepository.findTestObject(Final Object Repo/Landing Page/BM Detecting), "href", 20, OPTIONAL): Object 'Object Repository/Final Object Repo/Landing Page/BM Detecting' has attribute 'href'

2018-12-07 03:52:00 - [MESSAGE][PASSED] - Object 'Object Repository/Final Object Repo/Landing Page/BM Detecting' has attribute 'href'

2018-12-07 03:52:00 - [TEST_STEP][PASSED] - Statement - out.println(Checker): null

2018-12-07 03:52:00 - [TEST_STEP][PASSED] - Statement - If (Checker == false): null

2018-12-07 03:52:00 - [TEST_STEP][PASSED] - Statement - Else: null

2018-12-07 03:52:00 - [TEST_STEP][PASSED] - delay: Delayed 2 second(s)

2018-12-07 03:52:02 - [MESSAGE][PASSED] - Delayed 2 second(s)

2018-12-07 03:52:02 - [TEST_STEP][PASSED] - click: Object: 'Object Repository/Final Object Repo/Page_MyASSIST - ASSIST - Search Pending Case For Add Supporting Document/Search Information' is clicked on

2018-12-07 03:52:02 - [MESSAGE][PASSED] - Object: 'Object Repository/Final Object Repo/Page_MyASSIST - ASSIST - Search Pending Case For Add Supporting Document/Search Information' is clicked on

2018-12-07 03:52:02 - [TEST_STEP][PASSED] - delay: Delayed 3 second(s)

2018-12-07 03:52:05 - [MESSAGE][PASSED] - Delayed 3 second(s)

2018-12-07 03:52:05 - [TEST_STEP][PASSED] - sendKeys: Keys 'SSN12201800001181' sent to object: 'Object Repository/Final Object Repo/Page_MyASSIST - ASSIST - Search Pending Case For Add Supporting Document/Reference No'

2018-12-07 03:52:05 - [MESSAGE][PASSED] - Keys 'SSN12201800001181' sent to object: 'Object Repository/Final Object Repo/Page_MyASSIST - ASSIST - Search Pending Case For Add Supporting Document/Reference No'

2018-12-07 03:52:05 - [TEST_STEP][PASSED] - click: Object: 'Object Repository/Final Object Repo/Page_MyASSIST - ASSIST - Search Pending Case For Add Supporting Document/Search Reference No' is clicked on

2018-12-07 03:52:06 - [MESSAGE][PASSED] - Object: 'Object Repository/Final Object Repo/Page_MyASSIST - ASSIST - Search Pending Case For Add Supporting Document/Search Reference No' is clicked on

2018-12-07 03:52:06 - [TEST_STEP][PASSED] - delay: Delayed 2 second(s)

2018-12-07 03:52:08 - [MESSAGE][PASSED] - Delayed 2 second(s)

2018-12-07 03:52:08 - [TEST_STEP][PASSED] - click: Object: 'Object Repository/Final Object Repo/Page_MyASSIST - ASSIST - Search Pending Case For Add Supporting Document/Continue' is clicked on

2018-12-07 03:52:15 - [MESSAGE][PASSED] - Object: 'Object Repository/Final Object Repo/Page_MyASSIST - ASSIST - Search Pending Case For Add Supporting Document/Continue' is clicked on

2018-12-07 03:52:15 - [TEST_STEP][PASSED] - delay: Delayed 20 second(s)

2018-12-07 03:52:35 - [MESSAGE][PASSED] - Delayed 20 second(s)

2018-12-07 03:52:35 - [MESSAGE][PASSED] - Call Test Case 'Test Cases/Final Aug 2018 - PKS Automation/Registration Module/Workflow/Login and Search Case For Workflow' successfully

2018-12-07 03:52:35 - [TEST_STEP][PASSED] - callTestCase: Call Test Case 'Test Cases/Final Aug 2018 - PKS Automation/Registration Module/Workflow/Request SSN/Template/Request SSN - RO (Query)' successfully

2018-12-07 03:52:35 - [TEST_CASE][PASSED] - Test Cases/Final Aug 2018 - PKS Automation/Registration Module/Workflow/Request SSN/Template/Request SSN - RO (Query): Test Cases/Final Aug 2018 - PKS Automation/Registration Module/Workflow/Request SSN/Template/Request SSN - RO (Query)

2018-12-07 03:52:35 - [TEST_STEP][NOT_RUN] - openBrowser: NOT_RUN: openBrowser

2018-12-07 03:52:35 - [MESSAGE][NOT_RUN] - NOT_RUN: openBrowser

2018-12-07 03:52:35 - [TEST_STEP][NOT_RUN] - navigateToUrl: NOT_RUN: navigateToUrl

2018-12-07 03:52:35 - [MESSAGE][NOT_RUN] - NOT_RUN: navigateToUrl

2018-12-07 03:52:35 - [TEST_STEP][NOT_RUN] - setText: NOT_RUN: setText

2018-12-07 03:52:35 - [MESSAGE][NOT_RUN] - NOT_RUN: setText

2018-12-07 03:52:35 - [TEST_STEP][NOT_RUN] - click: NOT_RUN: click

2018-12-07 03:52:35 - [MESSAGE][NOT_RUN] - NOT_RUN: click

2018-12-07 03:52:35 - [TEST_STEP][NOT_RUN] - delay: NOT_RUN: delay

2018-12-07 03:52:35 - [MESSAGE][NOT_RUN] - NOT_RUN: delay

2018-12-07 03:52:35 - [TEST_STEP][NOT_RUN] - setEncryptedText: NOT_RUN: setEncryptedText

2018-12-07 03:52:35 - [MESSAGE][NOT_RUN] - NOT_RUN: setEncryptedText

2018-12-07 03:52:35 - [TEST_STEP][NOT_RUN] - click: NOT_RUN: click

2018-12-07 03:52:35 - [MESSAGE][NOT_RUN] - NOT_RUN: click

2018-12-07 03:52:35 - [TEST_STEP][NOT_RUN] - delay: NOT_RUN: delay

2018-12-07 03:52:35 - [MESSAGE][NOT_RUN] - NOT_RUN: delay

2018-12-07 03:52:35 - [TEST_STEP][NOT_RUN] - click: NOT_RUN: click

2018-12-07 03:52:35 - [MESSAGE][NOT_RUN] - NOT_RUN: click

2018-12-07 03:52:35 - [TEST_STEP][NOT_RUN] - delay: NOT_RUN: delay

2018-12-07 03:52:35 - [MESSAGE][NOT_RUN] - NOT_RUN: delay

2018-12-07 03:52:35 - [TEST_STEP][NOT_RUN] - sendKeys: NOT_RUN: sendKeys

2018-12-07 03:52:35 - [MESSAGE][NOT_RUN] - NOT_RUN: sendKeys

2018-12-07 03:52:35 - [TEST_STEP][NOT_RUN] - click: NOT_RUN: click

2018-12-07 03:52:35 - [MESSAGE][NOT_RUN] - NOT_RUN: click

2018-12-07 03:52:35 - [TEST_STEP][NOT_RUN] - delay: NOT_RUN: delay

2018-12-07 03:52:35 - [MESSAGE][NOT_RUN] - NOT_RUN: delay

2018-12-07 03:52:35 - [TEST_STEP][NOT_RUN] - click: NOT_RUN: click

2018-12-07 03:52:35 - [MESSAGE][NOT_RUN] - NOT_RUN: click

2018-12-07 03:52:35 - [TEST_STEP][PASSED] - click: Object: 'Object Repository/Final Object Repo/Page_Request SSN - ASSIST/Page_Request SSN - ASSIST - RO/Approval For SSN' is clicked on

2018-12-07 03:52:35 - [MESSAGE][PASSED] - Object: 'Object Repository/Final Object Repo/Page_Request SSN - ASSIST/Page_Request SSN - ASSIST - RO/Approval For SSN' is clicked on

2018-12-07 03:52:35 - [TEST_STEP][PASSED] - click: Object: 'Object Repository/Final Object Repo/Page_Request SSN - ASSIST/Page_Request SSN - ASSIST - RO/Approval For SSN - Approve' is clicked on

2018-12-07 03:52:36 - [MESSAGE][PASSED] - Object: 'Object Repository/Final Object Repo/Page_Request SSN - ASSIST/Page_Request SSN - ASSIST - RO/Approval For SSN - Approve' is clicked on

2018-12-07 03:52:36 - [TEST_STEP][PASSED] - delay: Delayed 2 second(s)

2018-12-07 03:52:38 - [MESSAGE][PASSED] - Delayed 2 second(s)

2018-12-07 03:52:38 - [TEST_STEP][PASSED] - click: Object: 'Object Repository/Final Object Repo/Page_Request SSN - ASSIST/Page_Request SSN - ASSIST - RO/Save  Continue in SSN Page' is clicked on

2018-12-07 03:52:38 - [MESSAGE][PASSED] - Object: 'Object Repository/Final Object Repo/Page_Request SSN - ASSIST/Page_Request SSN - ASSIST - RO/Save  Continue in SSN Page' is clicked on

2018-12-07 03:52:38 - [TEST_STEP][PASSED] - delay: Delayed 2 second(s)

2018-12-07 03:52:40 - [MESSAGE][PASSED] - Delayed 2 second(s)

2018-12-07 03:52:40 - [TEST_STEP][PASSED] - setText: Text 'Query' is set on object 'Object Repository/Final Object Repo/Page_Request SSN - ASSIST/Page_Request SSN - ASSIST - RO/Page_Request SSN - ASSIST  (Query)/Remark'

2018-12-07 03:52:42 - [MESSAGE][PASSED] - Text 'Query' is set on object 'Object Repository/Final Object Repo/Page_Request SSN - ASSIST/Page_Request SSN - ASSIST - RO/Page_Request SSN - ASSIST  (Query)/Remark'

2018-12-07 03:52:42 - [TEST_STEP][PASSED] - delay: Delayed 2 second(s)

2018-12-07 03:52:44 - [MESSAGE][PASSED] - Delayed 2 second(s)

2018-12-07 03:52:44 - [TEST_STEP][PASSED] - click: Object: 'Object Repository/Final Object Repo/Page_Request SSN - ASSIST/Page_Request SSN - ASSIST - RO/Save  Continue in Uploading Document Page' is clicked on

2018-12-07 03:52:45 - [MESSAGE][PASSED] - Object: 'Object Repository/Final Object Repo/Page_Request SSN - ASSIST/Page_Request SSN - ASSIST - RO/Save  Continue in Uploading Document Page' is clicked on

2018-12-07 03:52:45 - [TEST_STEP][PASSED] - delay: Delayed 2 second(s)

2018-12-07 03:52:47 - [MESSAGE][PASSED] - Delayed 2 second(s)

2018-12-07 03:52:47 - [TEST_STEP][PASSED] - click: Object: 'Object Repository/Final Object Repo/Page_Request SSN - ASSIST/Page_Request SSN - ASSIST - RO/Page_Request SSN - ASSIST  (Query)/Query' is clicked on

2018-12-07 03:52:49 - [MESSAGE][PASSED] - Object: 'Object Repository/Final Object Repo/Page_Request SSN - ASSIST/Page_Request SSN - ASSIST - RO/Page_Request SSN - ASSIST  (Query)/Query' is clicked on

2018-12-07 03:52:49 - [TEST_STEP][PASSED] - delay: Delayed 2 second(s)

2018-12-07 03:52:51 - [MESSAGE][PASSED] - Delayed 2 second(s)

2018-12-07 03:52:51 - [TEST_STEP][PASSED] - click: Object: 'Object Repository/Final Object Repo/Page_Request SSN - ASSIST/Page_Request SSN - ASSIST - RO/Page_Request SSN - ASSIST  (Query)/Confirm' is clicked on

2018-12-07 03:52:58 - [MESSAGE][PASSED] - Object: 'Object Repository/Final Object Repo/Page_Request SSN - ASSIST/Page_Request SSN - ASSIST - RO/Page_Request SSN - ASSIST  (Query)/Confirm' is clicked on

2018-12-07 03:52:58 - [TEST_STEP][PASSED] - delay: Delayed 2 second(s)

2018-12-07 03:53:00 - [MESSAGE][PASSED] - Delayed 2 second(s)

2018-12-07 03:53:00 - [TEST_STEP][PASSED] - verifyElementVisible: Object 'Object Repository/Final Object Repo/Page_Request SSN - ASSIST/Page_Request SSN - ASSIST - RO/Page_Request SSN - ASSIST  (Query)/Message Case Is Under Query' is visible

2018-12-07 03:53:00 - [MESSAGE][PASSED] - Object 'Object Repository/Final Object Repo/Page_Request SSN - ASSIST/Page_Request SSN - ASSIST - RO/Page_Request SSN - ASSIST  (Query)/Message Case Is Under Query' is visible

2018-12-07 03:53:00 - [TEST_STEP][PASSED] - delay: Delayed 2 second(s)

2018-12-07 03:53:02 - [MESSAGE][PASSED] - Delayed 2 second(s)

2018-12-07 03:53:02 - [TEST_STEP][PASSED] - verifyElementVisible: Object 'Object Repository/Final Object Repo/Page_Request SSN - ASSIST/Page_Request SSN - ASSIST - RO/Page_Request SSN - ASSIST  (Query)/Letter of inquiry' is visible

2018-12-07 03:53:03 - [MESSAGE][PASSED] - Object 'Object Repository/Final Object Repo/Page_Request SSN - ASSIST/Page_Request SSN - ASSIST - RO/Page_Request SSN - ASSIST  (Query)/Letter of inquiry' is visible

2018-12-07 03:53:03 - [MESSAGE][PASSED] - Call Test Case 'Test Cases/Final Aug 2018 - PKS Automation/Registration Module/Workflow/Request SSN/Template/Request SSN - RO (Query)' successfully

2018-12-07 03:53:03 - [TEST_STEP][PASSED] - delay: Delayed 2 second(s)

2018-12-07 03:53:05 - [MESSAGE][PASSED] - Delayed 2 second(s)

2018-12-07 03:53:05 - [TEST_STEP][PASSED] - callTestCase: Call Test Case 'Test Cases/Final Aug 2018 - PKS Automation/Registration Module/Workflow/Request SSN/Template/Request SSN  RO (Approve after Query)' successfully

2018-12-07 03:53:05 - [TEST_CASE][PASSED] - Test Cases/Final Aug 2018 - PKS Automation/Registration Module/Workflow/Request SSN/Template/Request SSN  RO (Approve after Query): Test Cases/Final Aug 2018 - PKS Automation/Registration Module/Workflow/Request SSN/Template/Request SSN  RO (Approve after Query)

2018-12-07 03:53:05 - [TEST_STEP][PASSED] - openBrowser: Browser is opened with url: ''

2018-12-07 03:53:05 - [MESSAGE][WARNING] - A browser is already opened. Closing browser and opening a new one

2018-12-07 03:53:09 - [MESSAGE][PASSED] - Browser is opened with url: ''

2018-12-07 03:53:09 - [TEST_STEP][PASSED] - navigateToUrl: Navigate to 'https://assist2-uat.perkeso.gov.my/login' successfully

2018-12-07 03:53:10 - [MESSAGE][PASSED] - Navigate to 'https://assist2-uat.perkeso.gov.my/login' successfully

2018-12-07 03:53:10 - [TEST_STEP][PASSED] - setText: Text 'johorotc1@gmail.com' is set on object 'Object Repository/Final Object Repo/Login Page/Internal User/Email Address'

2018-12-07 03:53:10 - [MESSAGE][PASSED] - Text 'johorotc1@gmail.com' is set on object 'Object Repository/Final Object Repo/Login Page/Internal User/Email Address'

2018-12-07 03:53:10 - [TEST_STEP][PASSED] - click: Object: 'Object Repository/Final Object Repo/Login Page/Internal User/Next Button' is clicked on

2018-12-07 03:53:10 - [MESSAGE][PASSED] - Object: 'Object Repository/Final Object Repo/Login Page/Internal User/Next Button' is clicked on

2018-12-07 03:53:10 - [TEST_STEP][PASSED] - delay: Delayed 1 second(s)

2018-12-07 03:53:11 - [MESSAGE][PASSED] - Delayed 1 second(s)

2018-12-07 03:53:11 - [TEST_STEP][PASSED] - setEncryptedText: Text ****** has been set on object 'Object Repository/Final Object Repo/Login Page/Internal User/Password'

2018-12-07 03:53:12 - [MESSAGE][PASSED] - Text ****** has been set on object 'Object Repository/Final Object Repo/Login Page/Internal User/Password'

2018-12-07 03:53:12 - [TEST_STEP][PASSED] - click: Object: 'Object Repository/Final Object Repo/Login Page/Internal User/Login Button' is clicked on

2018-12-07 03:53:12 - [MESSAGE][PASSED] - Object: 'Object Repository/Final Object Repo/Login Page/Internal User/Login Button' is clicked on

2018-12-07 03:53:12 - [TEST_STEP][PASSED] - Statement - Try: null

2018-12-07 03:53:12 - [TEST_STEP][PASSED] - Statement - Checker = com.kms.katalon.core.webui.keyword.WebUiBuiltInKeywords.verifyElementNotPresent("Final Object Repo/Landing Page/Select to English", 3): null

2018-12-07 03:53:12 - [TEST_STEP][PASSED] - Statement - Catch (Exception e): null

2018-12-07 03:53:12 - [TEST_STEP][PASSED] - Statement - e.printStackTrace(): null

2018-12-07 03:53:12 - [TEST_STEP][PASSED] - delay: Delayed 5 second(s)

2018-12-07 03:53:17 - [MESSAGE][PASSED] - Delayed 5 second(s)

2018-12-07 03:53:17 - [TEST_STEP][PASSED] - delay: Delayed 1 second(s)

2018-12-07 03:53:18 - [MESSAGE][PASSED] - Delayed 1 second(s)

2018-12-07 03:53:18 - [TEST_STEP][PASSED] - navigateToUrl: Navigate to 'https://assist2-uat.perkeso.gov.my/web/registration/search/search-pending-case-for-add-supporting-document' successfully

2018-12-07 03:53:19 - [MESSAGE][PASSED] - Navigate to 'https://assist2-uat.perkeso.gov.my/web/registration/search/search-pending-case-for-add-supporting-document' successfully

2018-12-07 03:53:19 - [TEST_STEP][PASSED] - click: Object: 'Object Repository/Final Object Repo/Page_Search Pending Case For Add Suporting Document/Search By' is clicked on

2018-12-07 03:53:19 - [MESSAGE][PASSED] - Object: 'Object Repository/Final Object Repo/Page_Search Pending Case For Add Suporting Document/Search By' is clicked on

2018-12-07 03:53:19 - [TEST_STEP][PASSED] - click: Object: 'Object Repository/Final Object Repo/Page_Search Pending Case For Add Suporting Document/Search By - Reference ID' is clicked on

2018-12-07 03:53:19 - [MESSAGE][PASSED] - Object: 'Object Repository/Final Object Repo/Page_Search Pending Case For Add Suporting Document/Search By - Reference ID' is clicked on

2018-12-07 03:53:19 - [TEST_STEP][PASSED] - delay: Delayed 2 second(s)

2018-12-07 03:53:21 - [MESSAGE][PASSED] - Delayed 2 second(s)

2018-12-07 03:53:21 - [TEST_STEP][PASSED] - setText: Text 'SSN12201800001181' is set on object 'Object Repository/Final Object Repo/Page_Search Pending Case For Add Suporting Document/Reference ID'

2018-12-07 03:53:21 - [MESSAGE][PASSED] - Text 'SSN12201800001181' is set on object 'Object Repository/Final Object Repo/Page_Search Pending Case For Add Suporting Document/Reference ID'

2018-12-07 03:53:21 - [TEST_STEP][PASSED] - click: Object: 'Object Repository/Final Object Repo/Page_Search Pending Case For Add Suporting Document/Search' is clicked on

2018-12-07 03:53:21 - [MESSAGE][PASSED] - Object: 'Object Repository/Final Object Repo/Page_Search Pending Case For Add Suporting Document/Search' is clicked on

2018-12-07 03:53:21 - [TEST_STEP][PASSED] - delay: Delayed 2 second(s)

2018-12-07 03:53:23 - [MESSAGE][PASSED] - Delayed 2 second(s)

2018-12-07 03:53:23 - [TEST_STEP][PASSED] - click: Object: 'Object Repository/Final Object Repo/Page_Search Pending Case For Add Suporting Document/Edit' is clicked on

2018-12-07 03:53:31 - [MESSAGE][PASSED] - Object: 'Object Repository/Final Object Repo/Page_Search Pending Case For Add Suporting Document/Edit' is clicked on

2018-12-07 03:53:31 - [TEST_STEP][PASSED] - delay: Delayed 2 second(s)

2018-12-07 03:53:33 - [MESSAGE][PASSED] - Delayed 2 second(s)

2018-12-07 03:53:33 - [TEST_STEP][PASSED] - click: Object: 'Object Repository/Final Object Repo/Page_Request SSN - ASSIST/Page_Request SSN - ASSIST - RO/Page_Request SSN - ASSIST (Query -OTC -RO)/Next' is clicked on

2018-12-07 03:53:36 - [MESSAGE][PASSED] - Object: 'Object Repository/Final Object Repo/Page_Request SSN - ASSIST/Page_Request SSN - ASSIST - RO/Page_Request SSN - ASSIST (Query -OTC -RO)/Next' is clicked on

2018-12-07 03:53:36 - [TEST_STEP][PASSED] - delay: Delayed 2 second(s)

2018-12-07 03:53:38 - [MESSAGE][PASSED] - Delayed 2 second(s)

2018-12-07 03:53:38 - [TEST_STEP][PASSED] - click: Object: 'Object Repository/Final Object Repo/Page_Request SSN - ASSIST/Add Document Button' is clicked on

2018-12-07 03:53:38 - [MESSAGE][PASSED] - Object: 'Object Repository/Final Object Repo/Page_Request SSN - ASSIST/Add Document Button' is clicked on

2018-12-07 03:53:38 - [TEST_STEP][PASSED] - delay: Delayed 2 second(s)

2018-12-07 03:53:40 - [MESSAGE][PASSED] - Delayed 2 second(s)

2018-12-07 03:53:40 - [TEST_STEP][PASSED] - click: Object: 'Object Repository/Final Object Repo/Page_Request SSN - ASSIST/Document Type' is clicked on

2018-12-07 03:53:41 - [MESSAGE][PASSED] - Object: 'Object Repository/Final Object Repo/Page_Request SSN - ASSIST/Document Type' is clicked on

2018-12-07 03:53:41 - [TEST_STEP][PASSED] - click: Object: 'Object Repository/Final Object Repo/Page_Request SSN - ASSIST/Document Type - Birth Certificate' is clicked on

2018-12-07 03:53:41 - [MESSAGE][PASSED] - Object: 'Object Repository/Final Object Repo/Page_Request SSN - ASSIST/Document Type - Birth Certificate' is clicked on

2018-12-07 03:53:41 - [TEST_STEP][PASSED] - sendKeys: Keys 'C:\Users\Public\Pictures\Sample Pictures\Koala.jpg' sent to object: 'Object Repository/Final Object Repo/Page_Request SSN - ASSIST/Upload File'

2018-12-07 03:53:41 - [MESSAGE][PASSED] - Keys 'C:\Users\Public\Pictures\Sample Pictures\Koala.jpg' sent to object: 'Object Repository/Final Object Repo/Page_Request SSN - ASSIST/Upload File'

2018-12-07 03:53:41 - [TEST_STEP][PASSED] - click: Object: 'Object Repository/Final Object Repo/Page_Request SSN - ASSIST/Add Document' is clicked on

2018-12-07 03:53:41 - [MESSAGE][PASSED] - Object: 'Object Repository/Final Object Repo/Page_Request SSN - ASSIST/Add Document' is clicked on

2018-12-07 03:53:41 - [TEST_STEP][PASSED] - delay: Delayed 2 second(s)

2018-12-07 03:53:43 - [MESSAGE][PASSED] - Delayed 2 second(s)

2018-12-07 03:53:43 - [TEST_STEP][PASSED] - click: Object: 'Object Repository/Final Object Repo/Page_Request SSN - ASSIST/Page_Request SSN - ASSIST - RO/Page_Request SSN - ASSIST (Query -OTC -RO)/Exit' is clicked on

2018-12-07 03:53:46 - [MESSAGE][PASSED] - Object: 'Object Repository/Final Object Repo/Page_Request SSN - ASSIST/Page_Request SSN - ASSIST - RO/Page_Request SSN - ASSIST (Query -OTC -RO)/Exit' is clicked on

2018-12-07 03:53:46 - [TEST_STEP][PASSED] - delay: Delayed 2 second(s)

2018-12-07 03:53:48 - [MESSAGE][PASSED] - Delayed 2 second(s)

2018-12-07 03:53:48 - [TEST_STEP][PASSED] - navigateToUrl: Navigate to 'https://assist2-uat.perkeso.gov.my/c/portal/logout' successfully

2018-12-07 03:53:49 - [MESSAGE][PASSED] - Navigate to 'https://assist2-uat.perkeso.gov.my/c/portal/logout' successfully

2018-12-07 03:53:49 - [TEST_STEP][PASSED] - delay: Delayed 2 second(s)

2018-12-07 03:53:51 - [MESSAGE][PASSED] - Delayed 2 second(s)

2018-12-07 03:53:51 - [TEST_STEP][PASSED] - callTestCase: Call Test Case 'Test Cases/Final Aug 2018 - PKS Automation/Registration Module/Workflow/Login and Search Case For Workflow' successfully

2018-12-07 03:53:51 - [TEST_CASE][PASSED] - Test Cases/Final Aug 2018 - PKS Automation/Registration Module/Workflow/Login and Search Case For Workflow: Test Cases/Final Aug 2018 - PKS Automation/Registration Module/Workflow/Login and Search Case For Workflow

2018-12-07 03:53:51 - [TEST_STEP][PASSED] - navigateToUrl: Navigate to 'https://assist2-uat.perkeso.gov.my/login' successfully

2018-12-07 03:53:51 - [MESSAGE][PASSED] - Navigate to 'https://assist2-uat.perkeso.gov.my/login' successfully

2018-12-07 03:53:51 - [TEST_STEP][PASSED] - setText: Text 'johorro2@gmail.com' is set on object 'Object Repository/Final Object Repo/Login Page/Internal User/Email Address'

2018-12-07 03:53:52 - [MESSAGE][PASSED] - Text 'johorro2@gmail.com' is set on object 'Object Repository/Final Object Repo/Login Page/Internal User/Email Address'

2018-12-07 03:53:52 - [TEST_STEP][PASSED] - click: Object: 'Object Repository/Final Object Repo/Login Page/Internal User/Next Button' is clicked on

2018-12-07 03:53:52 - [MESSAGE][PASSED] - Object: 'Object Repository/Final Object Repo/Login Page/Internal User/Next Button' is clicked on

2018-12-07 03:53:52 - [TEST_STEP][PASSED] - delay: Delayed 1 second(s)

2018-12-07 03:53:53 - [MESSAGE][PASSED] - Delayed 1 second(s)

2018-12-07 03:53:53 - [TEST_STEP][PASSED] - setEncryptedText: Text ****** has been set on object 'Object Repository/Final Object Repo/Login Page/Internal User/Password'

2018-12-07 03:53:53 - [MESSAGE][PASSED] - Text ****** has been set on object 'Object Repository/Final Object Repo/Login Page/Internal User/Password'

2018-12-07 03:53:53 - [TEST_STEP][PASSED] - click: Object: 'Object Repository/Final Object Repo/Login Page/Internal User/Login Button' is clicked on

2018-12-07 03:53:53 - [MESSAGE][PASSED] - Object: 'Object Repository/Final Object Repo/Login Page/Internal User/Login Button' is clicked on

2018-12-07 03:53:53 - [TEST_STEP][PASSED] - delay: Delayed 2 second(s)

2018-12-07 03:53:55 - [MESSAGE][PASSED] - Delayed 2 second(s)

2018-12-07 03:53:55 - [TEST_STEP][PASSED] - Statement - Try: Delayed 2 second(s)

2018-12-07 03:53:55 - [TEST_STEP][PASSED] - Statement - Checker = false: null

2018-12-07 03:53:55 - [TEST_STEP][PASSED] - Statement - Checker = com.kms.katalon.core.webui.keyword.WebUiBuiltInKeywords.verifyElementHasAttribute(com.kms.katalon.core.testobject.ObjectRepository.findTestObject(Final Object Repo/Landing Page/BM Detecting), "href", 20, OPTIONAL): Object 'Object Repository/Final Object Repo/Landing Page/BM Detecting' has attribute 'href'

2018-12-07 03:53:55 - [MESSAGE][PASSED] - Object 'Object Repository/Final Object Repo/Landing Page/BM Detecting' has attribute 'href'

2018-12-07 03:53:55 - [TEST_STEP][PASSED] - Statement - out.println(Checker): null

2018-12-07 03:53:55 - [TEST_STEP][PASSED] - Statement - If (Checker == false): null

2018-12-07 03:53:55 - [TEST_STEP][PASSED] - Statement - Else: null

2018-12-07 03:53:55 - [TEST_STEP][PASSED] - delay: Delayed 2 second(s)

2018-12-07 03:53:57 - [MESSAGE][PASSED] - Delayed 2 second(s)

2018-12-07 03:53:57 - [TEST_STEP][PASSED] - click: Object: 'Object Repository/Final Object Repo/Page_MyASSIST - ASSIST - Search Pending Case For Add Supporting Document/Search Information' is clicked on

2018-12-07 03:53:57 - [MESSAGE][PASSED] - Object: 'Object Repository/Final Object Repo/Page_MyASSIST - ASSIST - Search Pending Case For Add Supporting Document/Search Information' is clicked on

2018-12-07 03:53:57 - [TEST_STEP][PASSED] - delay: Delayed 3 second(s)

2018-12-07 03:54:00 - [MESSAGE][PASSED] - Delayed 3 second(s)

2018-12-07 03:54:00 - [TEST_STEP][PASSED] - sendKeys: Keys 'SSN12201800001181' sent to object: 'Object Repository/Final Object Repo/Page_MyASSIST - ASSIST - Search Pending Case For Add Supporting Document/Reference No'

2018-12-07 03:54:01 - [MESSAGE][PASSED] - Keys 'SSN12201800001181' sent to object: 'Object Repository/Final Object Repo/Page_MyASSIST - ASSIST - Search Pending Case For Add Supporting Document/Reference No'

2018-12-07 03:54:01 - [TEST_STEP][PASSED] - click: Object: 'Object Repository/Final Object Repo/Page_MyASSIST - ASSIST - Search Pending Case For Add Supporting Document/Search Reference No' is clicked on

2018-12-07 03:54:01 - [MESSAGE][PASSED] - Object: 'Object Repository/Final Object Repo/Page_MyASSIST - ASSIST - Search Pending Case For Add Supporting Document/Search Reference No' is clicked on

2018-12-07 03:54:01 - [TEST_STEP][PASSED] - delay: Delayed 2 second(s)

2018-12-07 03:54:03 - [MESSAGE][PASSED] - Delayed 2 second(s)

2018-12-07 03:54:03 - [TEST_STEP][PASSED] - click: Object: 'Object Repository/Final Object Repo/Page_MyASSIST - ASSIST - Search Pending Case For Add Supporting Document/Continue' is clicked on

2018-12-07 03:54:10 - [MESSAGE][PASSED] - Object: 'Object Repository/Final Object Repo/Page_MyASSIST - ASSIST - Search Pending Case For Add Supporting Document/Continue' is clicked on

2018-12-07 03:54:10 - [TEST_STEP][PASSED] - delay: Delayed 20 second(s)

2018-12-07 03:54:30 - [MESSAGE][PASSED] - Delayed 20 second(s)

2018-12-07 03:54:30 - [MESSAGE][PASSED] - Call Test Case 'Test Cases/Final Aug 2018 - PKS Automation/Registration Module/Workflow/Login and Search Case For Workflow' successfully

2018-12-07 03:54:30 - [TEST_STEP][PASSED] - callTestCase: Call Test Case 'Test Cases/Final Aug 2018 - PKS Automation/Registration Module/Workflow/Request SSN/Template/Request SSN - RO (Approve)' successfully

2018-12-07 03:54:30 - [TEST_CASE][PASSED] - Test Cases/Final Aug 2018 - PKS Automation/Registration Module/Workflow/Request SSN/Template/Request SSN - RO (Approve): Test Cases/Final Aug 2018 - PKS Automation/Registration Module/Workflow/Request SSN/Template/Request SSN - RO (Approve)

2018-12-07 03:54:30 - [TEST_STEP][NOT_RUN] - openBrowser: NOT_RUN: openBrowser

2018-12-07 03:54:30 - [MESSAGE][NOT_RUN] - NOT_RUN: openBrowser

2018-12-07 03:54:30 - [TEST_STEP][NOT_RUN] - navigateToUrl: NOT_RUN: navigateToUrl

2018-12-07 03:54:30 - [MESSAGE][NOT_RUN] - NOT_RUN: navigateToUrl

2018-12-07 03:54:30 - [TEST_STEP][NOT_RUN] - setText: NOT_RUN: setText

2018-12-07 03:54:30 - [MESSAGE][NOT_RUN] - NOT_RUN: setText

2018-12-07 03:54:30 - [TEST_STEP][NOT_RUN] - click: NOT_RUN: click

2018-12-07 03:54:30 - [MESSAGE][NOT_RUN] - NOT_RUN: click

2018-12-07 03:54:30 - [TEST_STEP][NOT_RUN] - delay: NOT_RUN: delay

2018-12-07 03:54:30 - [MESSAGE][NOT_RUN] - NOT_RUN: delay

2018-12-07 03:54:30 - [TEST_STEP][NOT_RUN] - setEncryptedText: NOT_RUN: setEncryptedText

2018-12-07 03:54:30 - [MESSAGE][NOT_RUN] - NOT_RUN: setEncryptedText

2018-12-07 03:54:30 - [TEST_STEP][NOT_RUN] - click: NOT_RUN: click

2018-12-07 03:54:30 - [MESSAGE][NOT_RUN] - NOT_RUN: click

2018-12-07 03:54:30 - [TEST_STEP][NOT_RUN] - delay: NOT_RUN: delay

2018-12-07 03:54:30 - [MESSAGE][NOT_RUN] - NOT_RUN: delay

2018-12-07 03:54:30 - [TEST_STEP][NOT_RUN] - click: NOT_RUN: click

2018-12-07 03:54:30 - [MESSAGE][NOT_RUN] - NOT_RUN: click

2018-12-07 03:54:30 - [TEST_STEP][NOT_RUN] - delay: NOT_RUN: delay

2018-12-07 03:54:30 - [MESSAGE][NOT_RUN] - NOT_RUN: delay

2018-12-07 03:54:30 - [TEST_STEP][NOT_RUN] - sendKeys: NOT_RUN: sendKeys

2018-12-07 03:54:30 - [MESSAGE][NOT_RUN] - NOT_RUN: sendKeys

2018-12-07 03:54:30 - [TEST_STEP][NOT_RUN] - click: NOT_RUN: click

2018-12-07 03:54:30 - [MESSAGE][NOT_RUN] - NOT_RUN: click

2018-12-07 03:54:30 - [TEST_STEP][NOT_RUN] - delay: NOT_RUN: delay

2018-12-07 03:54:30 - [MESSAGE][NOT_RUN] - NOT_RUN: delay

2018-12-07 03:54:30 - [TEST_STEP][NOT_RUN] - click: NOT_RUN: click

2018-12-07 03:54:30 - [MESSAGE][NOT_RUN] - NOT_RUN: click

2018-12-07 03:54:30 - [TEST_STEP][PASSED] - click: Object: 'Object Repository/Final Object Repo/Page_Request SSN - ASSIST/Page_Request SSN - ASSIST - RO/Approval For SSN' is clicked on

2018-12-07 03:54:30 - [MESSAGE][PASSED] - Object: 'Object Repository/Final Object Repo/Page_Request SSN - ASSIST/Page_Request SSN - ASSIST - RO/Approval For SSN' is clicked on

2018-12-07 03:54:30 - [TEST_STEP][PASSED] - click: Object: 'Object Repository/Final Object Repo/Page_Request SSN - ASSIST/Page_Request SSN - ASSIST - RO/Approval For SSN - Approve' is clicked on

2018-12-07 03:54:30 - [MESSAGE][PASSED] - Object: 'Object Repository/Final Object Repo/Page_Request SSN - ASSIST/Page_Request SSN - ASSIST - RO/Approval For SSN - Approve' is clicked on

2018-12-07 03:54:30 - [TEST_STEP][PASSED] - delay: Delayed 2 second(s)

2018-12-07 03:54:32 - [MESSAGE][PASSED] - Delayed 2 second(s)

2018-12-07 03:54:32 - [TEST_STEP][PASSED] - click: Object: 'Object Repository/Final Object Repo/Page_Request SSN - ASSIST/Page_Request SSN - ASSIST - RO/Save  Continue in SSN Page' is clicked on

2018-12-07 03:54:32 - [MESSAGE][PASSED] - Object: 'Object Repository/Final Object Repo/Page_Request SSN - ASSIST/Page_Request SSN - ASSIST - RO/Save  Continue in SSN Page' is clicked on

2018-12-07 03:54:32 - [TEST_STEP][PASSED] - delay: Delayed 2 second(s)

2018-12-07 03:54:34 - [MESSAGE][PASSED] - Delayed 2 second(s)

2018-12-07 03:54:34 - [TEST_STEP][PASSED] - click: Object: 'Object Repository/Final Object Repo/Page_Request SSN - ASSIST/Page_Request SSN - ASSIST - RO/Save  Continue in Uploading Document Page' is clicked on

2018-12-07 03:54:37 - [MESSAGE][PASSED] - Object: 'Object Repository/Final Object Repo/Page_Request SSN - ASSIST/Page_Request SSN - ASSIST - RO/Save  Continue in Uploading Document Page' is clicked on

2018-12-07 03:54:37 - [TEST_STEP][PASSED] - delay: Delayed 2 second(s)

2018-12-07 03:54:39 - [MESSAGE][PASSED] - Delayed 2 second(s)

2018-12-07 03:54:39 - [TEST_STEP][PASSED] - click: Object: 'Object Repository/Final Object Repo/Page_Request SSN - ASSIST/Page_Request SSN - ASSIST - RO/Submit' is clicked on

2018-12-07 03:54:41 - [MESSAGE][PASSED] - Object: 'Object Repository/Final Object Repo/Page_Request SSN - ASSIST/Page_Request SSN - ASSIST - RO/Submit' is clicked on

2018-12-07 03:54:41 - [TEST_STEP][PASSED] - delay: Delayed 2 second(s)

2018-12-07 03:54:43 - [MESSAGE][PASSED] - Delayed 2 second(s)

2018-12-07 03:54:43 - [TEST_STEP][PASSED] - click: Object: 'Object Repository/Final Object Repo/Page_Request SSN - ASSIST/Page_Request SSN - ASSIST - RO/Confirm' is clicked on

2018-12-07 03:54:43 - [MESSAGE][PASSED] - Object: 'Object Repository/Final Object Repo/Page_Request SSN - ASSIST/Page_Request SSN - ASSIST - RO/Confirm' is clicked on

2018-12-07 03:54:43 - [TEST_STEP][PASSED] - delay: Delayed 2 second(s)

2018-12-07 03:54:45 - [MESSAGE][PASSED] - Delayed 2 second(s)

2018-12-07 03:54:45 - [TEST_STEP][PASSED] - verifyElementVisible: Object 'Object Repository/Final Object Repo/Page_Request SSN - ASSIST/Page_Request SSN - ASSIST - RO/Successfull Message Your application has submitted' is visible

2018-12-07 03:54:51 - [MESSAGE][PASSED] - Object 'Object Repository/Final Object Repo/Page_Request SSN - ASSIST/Page_Request SSN - ASSIST - RO/Successfull Message Your application has submitted' is visible

2018-12-07 03:54:51 - [TEST_STEP][PASSED] - delay: Delayed 2 second(s)

2018-12-07 03:54:53 - [MESSAGE][PASSED] - Delayed 2 second(s)

2018-12-07 03:54:53 - [TEST_STEP][PASSED] - verifyElementVisible: Object 'Object Repository/Final Object Repo/Page_Request SSN - ASSIST/Page_Request SSN - ASSIST - RO/Letter of approval' is visible

2018-12-07 03:54:53 - [MESSAGE][PASSED] - Object 'Object Repository/Final Object Repo/Page_Request SSN - ASSIST/Page_Request SSN - ASSIST - RO/Letter of approval' is visible

2018-12-07 03:54:53 - [MESSAGE][PASSED] - Call Test Case 'Test Cases/Final Aug 2018 - PKS Automation/Registration Module/Workflow/Request SSN/Template/Request SSN - RO (Approve)' successfully

2018-12-07 03:54:53 - [MESSAGE][PASSED] - Call Test Case 'Test Cases/Final Aug 2018 - PKS Automation/Registration Module/Workflow/Request SSN/Template/Request SSN  RO (Approve after Query)' successfully

2018-12-07 03:54:53 - [MESSAGE][PASSED] - Call Test Case 'Test Cases/Final Aug 2018 - PKS Automation/Registration Module/Workflow/Request SSN/Template/Request SSN RIO - RO (Query)' successfully]]></system-out>
         <system-err><![CDATA[]]></system-err>
      </testcase>
      <testcase name="Test Cases/Final Aug 2018 - PKS Automation/Registration Module/Workflow/Request SSN/OTC - RIO - RO (Under enforcement)" classname="Test Cases/Final Aug 2018 - PKS Automation/Registration Module/Workflow/Request SSN/OTC - RIO - RO (Under enforcement)" status="PASSED">
         <system-out><![CDATA[2018-12-07 03:54:53 - [TEST_CASE][PASSED] - Test Cases/Final Aug 2018 - PKS Automation/Registration Module/Workflow/Request SSN/OTC - RIO - RO (Under enforcement): Test Cases/Final Aug 2018 - PKS Automation/Registration Module/Workflow/Request SSN/OTC - RIO - RO (Under enforcement)

2018-12-07 03:54:54 - [TEST_STEP][PASSED] - callTestCase: Call Test Case 'Test Cases/Final Aug 2018 - PKS Automation/Registration Module/Workflow/Request SSN/Template/Request SSN - OTC' successfully

2018-12-07 03:54:54 - [TEST_CASE][PASSED] - Test Cases/Final Aug 2018 - PKS Automation/Registration Module/Workflow/Request SSN/Template/Request SSN - OTC: Test Cases/Final Aug 2018 - PKS Automation/Registration Module/Workflow/Request SSN/Template/Request SSN - OTC

2018-12-07 03:54:54 - [TEST_STEP][PASSED] - openBrowser: Browser is opened with url: ''

2018-12-07 03:54:54 - [MESSAGE][WARNING] - A browser is already opened. Closing browser and opening a new one

2018-12-07 03:54:58 - [MESSAGE][PASSED] - Browser is opened with url: ''

2018-12-07 03:54:58 - [TEST_STEP][PASSED] - navigateToUrl: Navigate to 'https://assist2-uat.perkeso.gov.my/login' successfully

2018-12-07 03:54:59 - [MESSAGE][PASSED] - Navigate to 'https://assist2-uat.perkeso.gov.my/login' successfully

2018-12-07 03:54:59 - [TEST_STEP][PASSED] - setText: Text 'johorotc1@gmail.com' is set on object 'Object Repository/Final Object Repo/Login Page/Internal User/Email Address'

2018-12-07 03:54:59 - [MESSAGE][PASSED] - Text 'johorotc1@gmail.com' is set on object 'Object Repository/Final Object Repo/Login Page/Internal User/Email Address'

2018-12-07 03:54:59 - [TEST_STEP][PASSED] - click: Object: 'Object Repository/Final Object Repo/Login Page/Internal User/Next Button' is clicked on

2018-12-07 03:54:59 - [MESSAGE][PASSED] - Object: 'Object Repository/Final Object Repo/Login Page/Internal User/Next Button' is clicked on

2018-12-07 03:54:59 - [TEST_STEP][PASSED] - delay: Delayed 1 second(s)

2018-12-07 03:55:00 - [MESSAGE][PASSED] - Delayed 1 second(s)

2018-12-07 03:55:00 - [TEST_STEP][PASSED] - setEncryptedText: Text ****** has been set on object 'Object Repository/Final Object Repo/Login Page/Internal User/Password'

2018-12-07 03:55:00 - [MESSAGE][PASSED] - Text ****** has been set on object 'Object Repository/Final Object Repo/Login Page/Internal User/Password'

2018-12-07 03:55:00 - [TEST_STEP][PASSED] - click: Object: 'Object Repository/Final Object Repo/Login Page/Internal User/Login Button' is clicked on

2018-12-07 03:55:01 - [MESSAGE][PASSED] - Object: 'Object Repository/Final Object Repo/Login Page/Internal User/Login Button' is clicked on

2018-12-07 03:55:01 - [TEST_STEP][PASSED] - Statement - Try: null

2018-12-07 03:55:01 - [TEST_STEP][PASSED] - Statement - Checker = com.kms.katalon.core.webui.keyword.WebUiBuiltInKeywords.verifyElementNotPresent("Final Object Repo/Landing Page/Select to English", 3): null

2018-12-07 03:55:01 - [TEST_STEP][PASSED] - Statement - Catch (Exception e): null

2018-12-07 03:55:01 - [TEST_STEP][PASSED] - Statement - e.printStackTrace(): null

2018-12-07 03:55:01 - [TEST_STEP][PASSED] - delay: Delayed 5 second(s)

2018-12-07 03:55:06 - [MESSAGE][PASSED] - Delayed 5 second(s)

2018-12-07 03:55:06 - [TEST_STEP][PASSED] - delay: Delayed 1 second(s)

2018-12-07 03:55:07 - [MESSAGE][PASSED] - Delayed 1 second(s)

2018-12-07 03:55:07 - [TEST_STEP][PASSED] - navigateToUrl: Navigate to 'https://assist2-uat.perkeso.gov.my/web/registration/request-ssn' successfully

2018-12-07 03:55:11 - [MESSAGE][PASSED] - Navigate to 'https://assist2-uat.perkeso.gov.my/web/registration/request-ssn' successfully

2018-12-07 03:55:11 - [TEST_STEP][PASSED] - setText: Text 'perkeso' is set on object 'Object Repository/Final Object Repo/Page_Request SSN - ASSIST/AI - Name'

2018-12-07 03:55:12 - [MESSAGE][PASSED] - Text 'perkeso' is set on object 'Object Repository/Final Object Repo/Page_Request SSN - ASSIST/AI - Name'

2018-12-07 03:55:12 - [TEST_STEP][PASSED] - click: Object: 'Object Repository/Final Object Repo/Page_Request SSN - ASSIST/AI - DOB' is clicked on

2018-12-07 03:55:12 - [MESSAGE][PASSED] - Object: 'Object Repository/Final Object Repo/Page_Request SSN - ASSIST/AI - DOB' is clicked on

2018-12-07 03:55:12 - [TEST_STEP][PASSED] - selectOptionByValue: All options with value '1995' are selected in object 'Object Repository/Final Object Repo/Page_Request SSN - ASSIST/AI - DOB - Year' 

2018-12-07 03:55:12 - [MESSAGE][PASSED] - All options with value '1995' are selected in object 'Object Repository/Final Object Repo/Page_Request SSN - ASSIST/AI - DOB - Year' 

2018-12-07 03:55:12 - [TEST_STEP][PASSED] - delay: Delayed 3 second(s)

2018-12-07 03:55:15 - [MESSAGE][PASSED] - Delayed 3 second(s)

2018-12-07 03:55:15 - [TEST_STEP][PASSED] - doubleClick: Object: 'Object Repository/Final Object Repo/Page_Request SSN - ASSIST/AI - DOB - Year - Date' is double clicked on

2018-12-07 03:55:16 - [MESSAGE][PASSED] - Object: 'Object Repository/Final Object Repo/Page_Request SSN - ASSIST/AI - DOB - Year - Date' is double clicked on

2018-12-07 03:55:16 - [TEST_STEP][PASSED] - click: Object: 'Object Repository/Final Object Repo/Page_Request SSN - ASSIST/AI - Male' is clicked on

2018-12-07 03:55:16 - [MESSAGE][PASSED] - Object: 'Object Repository/Final Object Repo/Page_Request SSN - ASSIST/AI - Male' is clicked on

2018-12-07 03:55:16 - [TEST_STEP][PASSED] - click: Object: 'Object Repository/Final Object Repo/Page_Request SSN - ASSIST/AI- Race' is clicked on

2018-12-07 03:55:16 - [MESSAGE][PASSED] - Object: 'Object Repository/Final Object Repo/Page_Request SSN - ASSIST/AI- Race' is clicked on

2018-12-07 03:55:16 - [TEST_STEP][PASSED] - click: Object: 'Object Repository/Final Object Repo/Page_Request SSN - ASSIST/AI - Race - Melayu' is clicked on

2018-12-07 03:55:16 - [MESSAGE][PASSED] - Object: 'Object Repository/Final Object Repo/Page_Request SSN - ASSIST/AI - Race - Melayu' is clicked on

2018-12-07 03:55:16 - [TEST_STEP][PASSED] - click: Object: 'Object Repository/Final Object Repo/Page_Request SSN - ASSIST/AI - Religion' is clicked on

2018-12-07 03:55:16 - [MESSAGE][PASSED] - Object: 'Object Repository/Final Object Repo/Page_Request SSN - ASSIST/AI - Religion' is clicked on

2018-12-07 03:55:16 - [TEST_STEP][PASSED] - click: Object: 'Object Repository/Final Object Repo/Page_Request SSN - ASSIST/AI - Religion - Islam' is clicked on

2018-12-07 03:55:17 - [MESSAGE][PASSED] - Object: 'Object Repository/Final Object Repo/Page_Request SSN - ASSIST/AI - Religion - Islam' is clicked on

2018-12-07 03:55:17 - [TEST_STEP][PASSED] - setText: Text '12345' is set on object 'Object Repository/Final Object Repo/Page_Request SSN - ASSIST/AI - Birth Certificate'

2018-12-07 03:55:17 - [MESSAGE][PASSED] - Text '12345' is set on object 'Object Repository/Final Object Repo/Page_Request SSN - ASSIST/AI - Birth Certificate'

2018-12-07 03:55:17 - [TEST_STEP][PASSED] - click: Object: 'Object Repository/Final Object Repo/Page_Request SSN - ASSIST/AI - Nationality' is clicked on

2018-12-07 03:55:18 - [MESSAGE][PASSED] - Object: 'Object Repository/Final Object Repo/Page_Request SSN - ASSIST/AI - Nationality' is clicked on

2018-12-07 03:55:18 - [TEST_STEP][PASSED] - click: Object: 'Object Repository/Final Object Repo/Page_Request SSN - ASSIST/AI - Nationality - Afghanistan' is clicked on

2018-12-07 03:55:18 - [MESSAGE][PASSED] - Object: 'Object Repository/Final Object Repo/Page_Request SSN - ASSIST/AI - Nationality - Afghanistan' is clicked on

2018-12-07 03:55:18 - [TEST_STEP][PASSED] - setText: Text 'PERKESO ADDRESS1' is set on object 'Object Repository/Final Object Repo/Page_Request SSN - ASSIST/AI - Address1'

2018-12-07 03:55:19 - [MESSAGE][PASSED] - Text 'PERKESO ADDRESS1' is set on object 'Object Repository/Final Object Repo/Page_Request SSN - ASSIST/AI - Address1'

2018-12-07 03:55:19 - [TEST_STEP][PASSED] - setText: Text 'PERKESO ADDRESS2' is set on object 'Object Repository/Final Object Repo/Page_Request SSN - ASSIST/AI - Address2'

2018-12-07 03:55:20 - [MESSAGE][PASSED] - Text 'PERKESO ADDRESS2' is set on object 'Object Repository/Final Object Repo/Page_Request SSN - ASSIST/AI - Address2'

2018-12-07 03:55:20 - [TEST_STEP][PASSED] - setText: Text 'PERKESO ADDRESS3' is set on object 'Object Repository/Final Object Repo/Page_Request SSN - ASSIST/AI - Address3'

2018-12-07 03:55:22 - [MESSAGE][PASSED] - Text 'PERKESO ADDRESS3' is set on object 'Object Repository/Final Object Repo/Page_Request SSN - ASSIST/AI - Address3'

2018-12-07 03:55:22 - [TEST_STEP][PASSED] - click: Object: 'Object Repository/Final Object Repo/Page_Request SSN - ASSIST/AI - State' is clicked on

2018-12-07 03:55:22 - [MESSAGE][PASSED] - Object: 'Object Repository/Final Object Repo/Page_Request SSN - ASSIST/AI - State' is clicked on

2018-12-07 03:55:22 - [TEST_STEP][PASSED] - click: Object: 'Object Repository/Final Object Repo/Page_Request SSN - ASSIST/AI - Current Employer State - Johor' is clicked on

2018-12-07 03:55:22 - [MESSAGE][PASSED] - Object: 'Object Repository/Final Object Repo/Page_Request SSN - ASSIST/AI - Current Employer State - Johor' is clicked on

2018-12-07 03:55:22 - [TEST_STEP][PASSED] - click: Object: 'Object Repository/Final Object Repo/Page_Request SSN - ASSIST/AI - City' is clicked on

2018-12-07 03:55:22 - [MESSAGE][PASSED] - Object: 'Object Repository/Final Object Repo/Page_Request SSN - ASSIST/AI - City' is clicked on

2018-12-07 03:55:22 - [TEST_STEP][PASSED] - setText: Text 'JOH' is set on object 'Object Repository/Final Object Repo/Page_Request SSN - ASSIST/AI - City - JOH'

2018-12-07 03:55:23 - [MESSAGE][PASSED] - Text 'JOH' is set on object 'Object Repository/Final Object Repo/Page_Request SSN - ASSIST/AI - City - JOH'

2018-12-07 03:55:23 - [TEST_STEP][PASSED] - delay: Delayed 3 second(s)

2018-12-07 03:55:26 - [MESSAGE][PASSED] - Delayed 3 second(s)

2018-12-07 03:55:26 - [TEST_STEP][PASSED] - click: Object: 'Object Repository/Final Object Repo/Page_Request SSN - ASSIST/AI - City - Johor Bharu' is clicked on

2018-12-07 03:55:26 - [MESSAGE][PASSED] - Object: 'Object Repository/Final Object Repo/Page_Request SSN - ASSIST/AI - City - Johor Bharu' is clicked on

2018-12-07 03:55:26 - [TEST_STEP][PASSED] - click: Object: 'Object Repository/Final Object Repo/Page_Request SSN - ASSIST/AI - Post Code' is clicked on

2018-12-07 03:55:27 - [MESSAGE][PASSED] - Object: 'Object Repository/Final Object Repo/Page_Request SSN - ASSIST/AI - Post Code' is clicked on

2018-12-07 03:55:27 - [TEST_STEP][PASSED] - setText: Text '810' is set on object 'Object Repository/Final Object Repo/Page_Request SSN - ASSIST/AI - City - JOH'

2018-12-07 03:55:27 - [MESSAGE][PASSED] - Text '810' is set on object 'Object Repository/Final Object Repo/Page_Request SSN - ASSIST/AI - City - JOH'

2018-12-07 03:55:27 - [TEST_STEP][PASSED] - delay: Delayed 3 second(s)

2018-12-07 03:55:30 - [MESSAGE][PASSED] - Delayed 3 second(s)

2018-12-07 03:55:30 - [TEST_STEP][PASSED] - click: Object: 'Object Repository/Final Object Repo/Page_Request SSN - ASSIST/AI - PostCode - 81000' is clicked on

2018-12-07 03:55:30 - [MESSAGE][PASSED] - Object: 'Object Repository/Final Object Repo/Page_Request SSN - ASSIST/AI - PostCode - 81000' is clicked on

2018-12-07 03:55:30 - [TEST_STEP][PASSED] - setText: Text '100' is set on object 'Object Repository/Final Object Repo/Page_Request SSN - ASSIST/P.O.BOX'

2018-12-07 03:55:31 - [MESSAGE][PASSED] - Text '100' is set on object 'Object Repository/Final Object Repo/Page_Request SSN - ASSIST/P.O.BOX'

2018-12-07 03:55:31 - [TEST_STEP][PASSED] - setText: Text '100' is set on object 'Object Repository/Final Object Repo/Page_Request SSN - ASSIST/Locked Bag No'

2018-12-07 03:55:31 - [MESSAGE][PASSED] - Text '100' is set on object 'Object Repository/Final Object Repo/Page_Request SSN - ASSIST/Locked Bag No'

2018-12-07 03:55:31 - [TEST_STEP][PASSED] - delay: Delayed 2 second(s)

2018-12-07 03:55:33 - [MESSAGE][PASSED] - Delayed 2 second(s)

2018-12-07 03:55:33 - [TEST_STEP][PASSED] - setText: Text '123456789' is set on object 'Object Repository/Final Object Repo/Page_Request SSN - ASSIST/AI - Telephone No'

2018-12-07 03:55:34 - [MESSAGE][PASSED] - Text '123456789' is set on object 'Object Repository/Final Object Repo/Page_Request SSN - ASSIST/AI - Telephone No'

2018-12-07 03:55:34 - [TEST_STEP][PASSED] - click: Object: 'Object Repository/Final Object Repo/Page_Request SSN - ASSIST/AI - Occupation' is clicked on

2018-12-07 03:55:34 - [MESSAGE][PASSED] - Object: 'Object Repository/Final Object Repo/Page_Request SSN - ASSIST/AI - Occupation' is clicked on

2018-12-07 03:55:34 - [TEST_STEP][PASSED] - click: Object: 'Object Repository/Final Object Repo/Page_Request SSN - ASSIST/AI - Occupation - NUMERICAL AND MATERIAL R' is clicked on

2018-12-07 03:55:35 - [MESSAGE][PASSED] - Object: 'Object Repository/Final Object Repo/Page_Request SSN - ASSIST/AI - Occupation - NUMERICAL AND MATERIAL R' is clicked on

2018-12-07 03:55:35 - [TEST_STEP][PASSED] - delay: Delayed 2 second(s)

2018-12-07 03:55:37 - [MESSAGE][PASSED] - Delayed 2 second(s)

2018-12-07 03:55:37 - [TEST_STEP][PASSED] - click: Object: 'Object Repository/Final Object Repo/Page_Request SSN - ASSIST/AI - Sub Occupation' is clicked on

2018-12-07 03:55:37 - [MESSAGE][PASSED] - Object: 'Object Repository/Final Object Repo/Page_Request SSN - ASSIST/AI - Sub Occupation' is clicked on

2018-12-07 03:55:37 - [TEST_STEP][PASSED] - click: Object: 'Object Repository/Final Object Repo/Page_Request SSN - ASSIST/AI - Sub Occupation - Stock Clerks' is clicked on

2018-12-07 03:55:37 - [MESSAGE][PASSED] - Object: 'Object Repository/Final Object Repo/Page_Request SSN - ASSIST/AI - Sub Occupation - Stock Clerks' is clicked on

2018-12-07 03:55:37 - [TEST_STEP][PASSED] - delay: Delayed 2 second(s)

2018-12-07 03:55:39 - [MESSAGE][PASSED] - Delayed 2 second(s)

2018-12-07 03:55:39 - [TEST_STEP][PASSED] - click: Object: 'Object Repository/Final Object Repo/Page_Request SSN - ASSIST/AI - Sub Occupation List' is clicked on

2018-12-07 03:55:39 - [MESSAGE][PASSED] - Object: 'Object Repository/Final Object Repo/Page_Request SSN - ASSIST/AI - Sub Occupation List' is clicked on

2018-12-07 03:55:39 - [TEST_STEP][PASSED] - click: Object: 'Object Repository/Final Object Repo/Page_Request SSN - ASSIST/AI - Sub Occupation List - Clerk raw material' is clicked on

2018-12-07 03:55:39 - [MESSAGE][PASSED] - Object: 'Object Repository/Final Object Repo/Page_Request SSN - ASSIST/AI - Sub Occupation List - Clerk raw material' is clicked on

2018-12-07 03:55:39 - [TEST_STEP][PASSED] - click: Object: 'Object Repository/Final Object Repo/Page_Request SSN - ASSIST/AI - Employment Start Date' is clicked on

2018-12-07 03:55:40 - [MESSAGE][PASSED] - Object: 'Object Repository/Final Object Repo/Page_Request SSN - ASSIST/AI - Employment Start Date' is clicked on

2018-12-07 03:55:40 - [TEST_STEP][PASSED] - click: Object: 'Object Repository/Final Object Repo/Page_Request SSN - ASSIST/AI - DOB - Year - Date' is clicked on

2018-12-07 03:55:40 - [MESSAGE][PASSED] - Object: 'Object Repository/Final Object Repo/Page_Request SSN - ASSIST/AI - DOB - Year - Date' is clicked on

2018-12-07 03:55:40 - [TEST_STEP][PASSED] - setText: Text 'perkeso' is set on object 'Object Repository/Final Object Repo/Page_Request SSN - ASSIST/AI - Current Employer Name'

2018-12-07 03:55:41 - [MESSAGE][PASSED] - Text 'perkeso' is set on object 'Object Repository/Final Object Repo/Page_Request SSN - ASSIST/AI - Current Employer Name'

2018-12-07 03:55:41 - [TEST_STEP][PASSED] - setText: Text 'perkeso1' is set on object 'Object Repository/Final Object Repo/Page_Request SSN - ASSIST/AI - Current Employer Address1'

2018-12-07 03:55:41 - [MESSAGE][PASSED] - Text 'perkeso1' is set on object 'Object Repository/Final Object Repo/Page_Request SSN - ASSIST/AI - Current Employer Address1'

2018-12-07 03:55:41 - [TEST_STEP][PASSED] - setText: Text 'perkeso2' is set on object 'Object Repository/Final Object Repo/Page_Request SSN - ASSIST/AI - Current Employer Address2'

2018-12-07 03:55:42 - [MESSAGE][PASSED] - Text 'perkeso2' is set on object 'Object Repository/Final Object Repo/Page_Request SSN - ASSIST/AI - Current Employer Address2'

2018-12-07 03:55:42 - [TEST_STEP][PASSED] - setText: Text 'perkeso3' is set on object 'Object Repository/Final Object Repo/Page_Request SSN - ASSIST/AI - Current Employer Address3'

2018-12-07 03:55:43 - [MESSAGE][PASSED] - Text 'perkeso3' is set on object 'Object Repository/Final Object Repo/Page_Request SSN - ASSIST/AI - Current Employer Address3'

2018-12-07 03:55:43 - [TEST_STEP][PASSED] - click: Object: 'Object Repository/Final Object Repo/Page_Request SSN - ASSIST/AI - Current Employer State' is clicked on

2018-12-07 03:55:43 - [MESSAGE][PASSED] - Object: 'Object Repository/Final Object Repo/Page_Request SSN - ASSIST/AI - Current Employer State' is clicked on

2018-12-07 03:55:43 - [TEST_STEP][PASSED] - click: Object: 'Object Repository/Final Object Repo/Page_Request SSN - ASSIST/AI - Current Employer State - Johor 1' is clicked on

2018-12-07 03:55:43 - [MESSAGE][PASSED] - Object: 'Object Repository/Final Object Repo/Page_Request SSN - ASSIST/AI - Current Employer State - Johor 1' is clicked on

2018-12-07 03:55:43 - [TEST_STEP][PASSED] - click: Object: 'Object Repository/Final Object Repo/Page_Request SSN - ASSIST/AI - Current Employer City' is clicked on

2018-12-07 03:55:43 - [MESSAGE][PASSED] - Object: 'Object Repository/Final Object Repo/Page_Request SSN - ASSIST/AI - Current Employer City' is clicked on

2018-12-07 03:55:43 - [TEST_STEP][PASSED] - setText: Text 'joh' is set on object 'Object Repository/Final Object Repo/Page_Request SSN - ASSIST/AI - City - JOH'

2018-12-07 03:55:44 - [MESSAGE][PASSED] - Text 'joh' is set on object 'Object Repository/Final Object Repo/Page_Request SSN - ASSIST/AI - City - JOH'

2018-12-07 03:55:44 - [TEST_STEP][PASSED] - delay: Delayed 2 second(s)

2018-12-07 03:55:46 - [MESSAGE][PASSED] - Delayed 2 second(s)

2018-12-07 03:55:46 - [TEST_STEP][PASSED] - click: Object: 'Object Repository/Final Object Repo/Page_Request SSN - ASSIST/AI - City - Johor Bharu' is clicked on

2018-12-07 03:55:46 - [MESSAGE][PASSED] - Object: 'Object Repository/Final Object Repo/Page_Request SSN - ASSIST/AI - City - Johor Bharu' is clicked on

2018-12-07 03:55:46 - [TEST_STEP][PASSED] - click: Object: 'Object Repository/Final Object Repo/Page_Request SSN - ASSIST/AI - Current Employer Postcode' is clicked on

2018-12-07 03:55:47 - [MESSAGE][PASSED] - Object: 'Object Repository/Final Object Repo/Page_Request SSN - ASSIST/AI - Current Employer Postcode' is clicked on

2018-12-07 03:55:47 - [TEST_STEP][PASSED] - setText: Text '810' is set on object 'Object Repository/Final Object Repo/Page_Request SSN - ASSIST/AI - City - JOH'

2018-12-07 03:55:47 - [MESSAGE][PASSED] - Text '810' is set on object 'Object Repository/Final Object Repo/Page_Request SSN - ASSIST/AI - City - JOH'

2018-12-07 03:55:47 - [TEST_STEP][PASSED] - delay: Delayed 2 second(s)

2018-12-07 03:55:49 - [MESSAGE][PASSED] - Delayed 2 second(s)

2018-12-07 03:55:49 - [TEST_STEP][PASSED] - click: Object: 'Object Repository/Final Object Repo/Page_Request SSN - ASSIST/AI - PostCode - 81000' is clicked on

2018-12-07 03:55:49 - [MESSAGE][PASSED] - Object: 'Object Repository/Final Object Repo/Page_Request SSN - ASSIST/AI - PostCode - 81000' is clicked on

2018-12-07 03:55:49 - [TEST_STEP][NOT_RUN] - setText: NOT_RUN: setText

2018-12-07 03:55:49 - [MESSAGE][NOT_RUN] - NOT_RUN: setText

2018-12-07 03:55:49 - [TEST_STEP][NOT_RUN] - setText: NOT_RUN: setText

2018-12-07 03:55:49 - [MESSAGE][NOT_RUN] - NOT_RUN: setText

2018-12-07 03:55:49 - [TEST_STEP][NOT_RUN] - click: NOT_RUN: click

2018-12-07 03:55:49 - [MESSAGE][NOT_RUN] - NOT_RUN: click

2018-12-07 03:55:49 - [TEST_STEP][NOT_RUN] - click: NOT_RUN: click

2018-12-07 03:55:49 - [MESSAGE][NOT_RUN] - NOT_RUN: click

2018-12-07 03:55:49 - [TEST_STEP][NOT_RUN] - setText: NOT_RUN: setText

2018-12-07 03:55:49 - [MESSAGE][NOT_RUN] - NOT_RUN: setText

2018-12-07 03:55:49 - [TEST_STEP][NOT_RUN] - click: NOT_RUN: click

2018-12-07 03:55:49 - [MESSAGE][NOT_RUN] - NOT_RUN: click

2018-12-07 03:55:49 - [TEST_STEP][NOT_RUN] - click: NOT_RUN: click

2018-12-07 03:55:49 - [MESSAGE][NOT_RUN] - NOT_RUN: click

2018-12-07 03:55:49 - [TEST_STEP][NOT_RUN] - click: NOT_RUN: click

2018-12-07 03:55:49 - [MESSAGE][NOT_RUN] - NOT_RUN: click

2018-12-07 03:55:49 - [TEST_STEP][NOT_RUN] - click: NOT_RUN: click

2018-12-07 03:55:49 - [MESSAGE][NOT_RUN] - NOT_RUN: click

2018-12-07 03:55:49 - [TEST_STEP][NOT_RUN] - click: NOT_RUN: click

2018-12-07 03:55:49 - [MESSAGE][NOT_RUN] - NOT_RUN: click

2018-12-07 03:55:49 - [TEST_STEP][NOT_RUN] - click: NOT_RUN: click

2018-12-07 03:55:49 - [MESSAGE][NOT_RUN] - NOT_RUN: click

2018-12-07 03:55:49 - [TEST_STEP][NOT_RUN] - setText: NOT_RUN: setText

2018-12-07 03:55:49 - [MESSAGE][NOT_RUN] - NOT_RUN: setText

2018-12-07 03:55:49 - [TEST_STEP][NOT_RUN] - setText: NOT_RUN: setText

2018-12-07 03:55:49 - [MESSAGE][NOT_RUN] - NOT_RUN: setText

2018-12-07 03:55:49 - [TEST_STEP][NOT_RUN] - setText: NOT_RUN: setText

2018-12-07 03:55:49 - [MESSAGE][NOT_RUN] - NOT_RUN: setText

2018-12-07 03:55:49 - [TEST_STEP][NOT_RUN] - click: NOT_RUN: click

2018-12-07 03:55:49 - [MESSAGE][NOT_RUN] - NOT_RUN: click

2018-12-07 03:55:49 - [TEST_STEP][NOT_RUN] - click: NOT_RUN: click

2018-12-07 03:55:49 - [MESSAGE][NOT_RUN] - NOT_RUN: click

2018-12-07 03:55:49 - [TEST_STEP][NOT_RUN] - click: NOT_RUN: click

2018-12-07 03:55:49 - [MESSAGE][NOT_RUN] - NOT_RUN: click

2018-12-07 03:55:49 - [TEST_STEP][NOT_RUN] - setText: NOT_RUN: setText

2018-12-07 03:55:49 - [MESSAGE][NOT_RUN] - NOT_RUN: setText

2018-12-07 03:55:49 - [TEST_STEP][NOT_RUN] - delay: NOT_RUN: delay

2018-12-07 03:55:49 - [MESSAGE][NOT_RUN] - NOT_RUN: delay

2018-12-07 03:55:49 - [TEST_STEP][NOT_RUN] - click: NOT_RUN: click

2018-12-07 03:55:49 - [MESSAGE][NOT_RUN] - NOT_RUN: click

2018-12-07 03:55:49 - [TEST_STEP][NOT_RUN] - click: NOT_RUN: click

2018-12-07 03:55:49 - [MESSAGE][NOT_RUN] - NOT_RUN: click

2018-12-07 03:55:49 - [TEST_STEP][NOT_RUN] - click: NOT_RUN: click

2018-12-07 03:55:49 - [MESSAGE][NOT_RUN] - NOT_RUN: click

2018-12-07 03:55:49 - [TEST_STEP][NOT_RUN] - setText: NOT_RUN: setText

2018-12-07 03:55:49 - [MESSAGE][NOT_RUN] - NOT_RUN: setText

2018-12-07 03:55:49 - [TEST_STEP][NOT_RUN] - delay: NOT_RUN: delay

2018-12-07 03:55:49 - [MESSAGE][NOT_RUN] - NOT_RUN: delay

2018-12-07 03:55:49 - [TEST_STEP][NOT_RUN] - click: NOT_RUN: click

2018-12-07 03:55:49 - [MESSAGE][NOT_RUN] - NOT_RUN: click

2018-12-07 03:55:49 - [TEST_STEP][NOT_RUN] - delay: NOT_RUN: delay

2018-12-07 03:55:49 - [MESSAGE][NOT_RUN] - NOT_RUN: delay

2018-12-07 03:55:49 - [TEST_STEP][NOT_RUN] - setText: NOT_RUN: setText

2018-12-07 03:55:49 - [MESSAGE][NOT_RUN] - NOT_RUN: setText

2018-12-07 03:55:49 - [TEST_STEP][NOT_RUN] - setText: NOT_RUN: setText

2018-12-07 03:55:49 - [MESSAGE][NOT_RUN] - NOT_RUN: setText

2018-12-07 03:55:49 - [TEST_STEP][NOT_RUN] - setText: NOT_RUN: setText

2018-12-07 03:55:49 - [MESSAGE][NOT_RUN] - NOT_RUN: setText

2018-12-07 03:55:49 - [TEST_STEP][NOT_RUN] - click: NOT_RUN: click

2018-12-07 03:55:49 - [MESSAGE][NOT_RUN] - NOT_RUN: click

2018-12-07 03:55:49 - [TEST_STEP][NOT_RUN] - click: NOT_RUN: click

2018-12-07 03:55:49 - [MESSAGE][NOT_RUN] - NOT_RUN: click

2018-12-07 03:55:49 - [TEST_STEP][NOT_RUN] - setText: NOT_RUN: setText

2018-12-07 03:55:49 - [MESSAGE][NOT_RUN] - NOT_RUN: setText

2018-12-07 03:55:49 - [TEST_STEP][NOT_RUN] - click: NOT_RUN: click

2018-12-07 03:55:49 - [MESSAGE][NOT_RUN] - NOT_RUN: click

2018-12-07 03:55:49 - [TEST_STEP][NOT_RUN] - click: NOT_RUN: click

2018-12-07 03:55:49 - [MESSAGE][NOT_RUN] - NOT_RUN: click

2018-12-07 03:55:49 - [TEST_STEP][NOT_RUN] - click: NOT_RUN: click

2018-12-07 03:55:49 - [MESSAGE][NOT_RUN] - NOT_RUN: click

2018-12-07 03:55:49 - [TEST_STEP][NOT_RUN] - click: NOT_RUN: click

2018-12-07 03:55:49 - [MESSAGE][NOT_RUN] - NOT_RUN: click

2018-12-07 03:55:49 - [TEST_STEP][NOT_RUN] - click: NOT_RUN: click

2018-12-07 03:55:49 - [MESSAGE][NOT_RUN] - NOT_RUN: click

2018-12-07 03:55:49 - [TEST_STEP][NOT_RUN] - click: NOT_RUN: click

2018-12-07 03:55:49 - [MESSAGE][NOT_RUN] - NOT_RUN: click

2018-12-07 03:55:49 - [TEST_STEP][NOT_RUN] - setText: NOT_RUN: setText

2018-12-07 03:55:49 - [MESSAGE][NOT_RUN] - NOT_RUN: setText

2018-12-07 03:55:49 - [TEST_STEP][NOT_RUN] - setText: NOT_RUN: setText

2018-12-07 03:55:49 - [MESSAGE][NOT_RUN] - NOT_RUN: setText

2018-12-07 03:55:49 - [TEST_STEP][NOT_RUN] - setText: NOT_RUN: setText

2018-12-07 03:55:49 - [MESSAGE][NOT_RUN] - NOT_RUN: setText

2018-12-07 03:55:49 - [TEST_STEP][NOT_RUN] - click: NOT_RUN: click

2018-12-07 03:55:49 - [MESSAGE][NOT_RUN] - NOT_RUN: click

2018-12-07 03:55:49 - [TEST_STEP][NOT_RUN] - click: NOT_RUN: click

2018-12-07 03:55:49 - [MESSAGE][NOT_RUN] - NOT_RUN: click

2018-12-07 03:55:49 - [TEST_STEP][NOT_RUN] - click: NOT_RUN: click

2018-12-07 03:55:49 - [MESSAGE][NOT_RUN] - NOT_RUN: click

2018-12-07 03:55:49 - [TEST_STEP][NOT_RUN] - delay: NOT_RUN: delay

2018-12-07 03:55:49 - [MESSAGE][NOT_RUN] - NOT_RUN: delay

2018-12-07 03:55:49 - [TEST_STEP][NOT_RUN] - setText: NOT_RUN: setText

2018-12-07 03:55:49 - [MESSAGE][NOT_RUN] - NOT_RUN: setText

2018-12-07 03:55:49 - [TEST_STEP][NOT_RUN] - delay: NOT_RUN: delay

2018-12-07 03:55:49 - [MESSAGE][NOT_RUN] - NOT_RUN: delay

2018-12-07 03:55:49 - [TEST_STEP][NOT_RUN] - click: NOT_RUN: click

2018-12-07 03:55:49 - [MESSAGE][NOT_RUN] - NOT_RUN: click

2018-12-07 03:55:49 - [TEST_STEP][NOT_RUN] - doubleClick: NOT_RUN: doubleClick

2018-12-07 03:55:49 - [MESSAGE][NOT_RUN] - NOT_RUN: doubleClick

2018-12-07 03:55:49 - [TEST_STEP][NOT_RUN] - click: NOT_RUN: click

2018-12-07 03:55:49 - [MESSAGE][NOT_RUN] - NOT_RUN: click

2018-12-07 03:55:49 - [TEST_STEP][NOT_RUN] - setText: NOT_RUN: setText

2018-12-07 03:55:49 - [MESSAGE][NOT_RUN] - NOT_RUN: setText

2018-12-07 03:55:49 - [TEST_STEP][NOT_RUN] - delay: NOT_RUN: delay

2018-12-07 03:55:49 - [MESSAGE][NOT_RUN] - NOT_RUN: delay

2018-12-07 03:55:49 - [TEST_STEP][NOT_RUN] - click: NOT_RUN: click

2018-12-07 03:55:49 - [MESSAGE][NOT_RUN] - NOT_RUN: click

2018-12-07 03:55:49 - [TEST_STEP][NOT_RUN] - delay: NOT_RUN: delay

2018-12-07 03:55:49 - [MESSAGE][NOT_RUN] - NOT_RUN: delay

2018-12-07 03:55:49 - [TEST_STEP][NOT_RUN] - setText: NOT_RUN: setText

2018-12-07 03:55:49 - [MESSAGE][NOT_RUN] - NOT_RUN: setText

2018-12-07 03:55:49 - [TEST_STEP][PASSED] - click: Object: 'Object Repository/Final Object Repo/Page_Request SSN - ASSIST/Save  Continue' is clicked on

2018-12-07 03:55:50 - [MESSAGE][PASSED] - Object: 'Object Repository/Final Object Repo/Page_Request SSN - ASSIST/Save  Continue' is clicked on

2018-12-07 03:55:50 - [TEST_STEP][PASSED] - delay: Delayed 3 second(s)

2018-12-07 03:55:53 - [MESSAGE][PASSED] - Delayed 3 second(s)

2018-12-07 03:55:53 - [TEST_STEP][PASSED] - Statement - CaseReferenceNo = com.kms.katalon.core.webui.keyword.WebUiBuiltInKeywords.getText(com.kms.katalon.core.testobject.ObjectRepository.findTestObject(Final Object Repo/Page_Request SSN - ASSIST/Reference Number in Uploading Page)): Text of object 'Object Repository/Final Object Repo/Page_Request SSN - ASSIST/Reference Number in Uploading Page' is: 'SSN12201800001182'

2018-12-07 03:55:53 - [MESSAGE][PASSED] - Text of object 'Object Repository/Final Object Repo/Page_Request SSN - ASSIST/Reference Number in Uploading Page' is: 'SSN12201800001182'

2018-12-07 03:55:53 - [TEST_STEP][PASSED] - callTestCase: Call Test Case 'Test Cases/Final Aug 2018 - PKS Automation/Common/Reference Number Setter' successfully

2018-12-07 03:55:53 - [TEST_CASE][PASSED] - Test Cases/Final Aug 2018 - PKS Automation/Common/Reference Number Setter: Test Cases/Final Aug 2018 - PKS Automation/Common/Reference Number Setter

2018-12-07 03:55:53 - [TEST_STEP][PASSED] - Statement - RefNoOldFile = new java.io.File(C://Users//Admin//Desktop//PKS//Automation Reference Point//KatalonReference.txt): null

2018-12-07 03:55:53 - [TEST_STEP][PASSED] - Statement - RefNoOldFile.delete(): null

2018-12-07 03:55:53 - [TEST_STEP][PASSED] - delay: Delayed 5 second(s)

2018-12-07 03:55:58 - [MESSAGE][PASSED] - Delayed 5 second(s)

2018-12-07 03:55:58 - [TEST_STEP][PASSED] - Statement - RefNo = new java.io.File(C://Users//Admin//Desktop//PKS//Automation Reference Point//KatalonReference.txt): null

2018-12-07 03:55:58 - [TEST_STEP][PASSED] - Statement - f2 = new java.io.FileWriter(RefNo, false): null

2018-12-07 03:55:58 - [TEST_STEP][PASSED] - Statement - f2.write(CaseReferenceNo): null

2018-12-07 03:55:58 - [TEST_STEP][PASSED] - Statement - f2.close(): null

2018-12-07 03:55:58 - [TEST_STEP][PASSED] - Statement - out.println("


" + CaseReferenceNo + "


"): null

2018-12-07 03:55:58 - [MESSAGE][PASSED] - Call Test Case 'Test Cases/Final Aug 2018 - PKS Automation/Common/Reference Number Setter' successfully

2018-12-07 03:55:58 - [TEST_STEP][PASSED] - click: Object: 'Object Repository/Final Object Repo/Page_Request SSN - ASSIST/Add Document Button' is clicked on

2018-12-07 03:55:58 - [MESSAGE][PASSED] - Object: 'Object Repository/Final Object Repo/Page_Request SSN - ASSIST/Add Document Button' is clicked on

2018-12-07 03:55:58 - [TEST_STEP][PASSED] - delay: Delayed 2 second(s)

2018-12-07 03:56:00 - [MESSAGE][PASSED] - Delayed 2 second(s)

2018-12-07 03:56:00 - [TEST_STEP][PASSED] - click: Object: 'Object Repository/Final Object Repo/Page_Request SSN - ASSIST/Document Type' is clicked on

2018-12-07 03:56:01 - [MESSAGE][PASSED] - Object: 'Object Repository/Final Object Repo/Page_Request SSN - ASSIST/Document Type' is clicked on

2018-12-07 03:56:01 - [TEST_STEP][PASSED] - delay: Delayed 2 second(s)

2018-12-07 03:56:03 - [MESSAGE][PASSED] - Delayed 2 second(s)

2018-12-07 03:56:03 - [TEST_STEP][PASSED] - click: Object: 'Object Repository/Final Object Repo/Page_Request SSN - ASSIST/Document Type - Birth Certificate' is clicked on

2018-12-07 03:56:03 - [MESSAGE][PASSED] - Object: 'Object Repository/Final Object Repo/Page_Request SSN - ASSIST/Document Type - Birth Certificate' is clicked on

2018-12-07 03:56:03 - [TEST_STEP][PASSED] - delay: Delayed 2 second(s)

2018-12-07 03:56:05 - [MESSAGE][PASSED] - Delayed 2 second(s)

2018-12-07 03:56:05 - [TEST_STEP][PASSED] - sendKeys: Keys 'C:\Users\Public\Pictures\Sample Pictures\Koala.jpg' sent to object: 'Object Repository/Final Object Repo/Page_Request SSN - ASSIST/Upload File'

2018-12-07 03:56:05 - [MESSAGE][PASSED] - Keys 'C:\Users\Public\Pictures\Sample Pictures\Koala.jpg' sent to object: 'Object Repository/Final Object Repo/Page_Request SSN - ASSIST/Upload File'

2018-12-07 03:56:05 - [TEST_STEP][PASSED] - click: Object: 'Object Repository/Final Object Repo/Page_Request SSN - ASSIST/Add Document' is clicked on

2018-12-07 03:56:05 - [MESSAGE][PASSED] - Object: 'Object Repository/Final Object Repo/Page_Request SSN - ASSIST/Add Document' is clicked on

2018-12-07 03:56:05 - [TEST_STEP][PASSED] - delay: Delayed 10 second(s)

2018-12-07 03:56:15 - [MESSAGE][PASSED] - Delayed 10 second(s)

2018-12-07 03:56:15 - [TEST_STEP][PASSED] - click: Object: 'Object Repository/Final Object Repo/Page_Request SSN - ASSIST/Save  Continue in Uploading Document Page' is clicked on

2018-12-07 03:56:16 - [MESSAGE][PASSED] - Object: 'Object Repository/Final Object Repo/Page_Request SSN - ASSIST/Save  Continue in Uploading Document Page' is clicked on

2018-12-07 03:56:16 - [TEST_STEP][PASSED] - delay: Delayed 2 second(s)

2018-12-07 03:56:18 - [MESSAGE][PASSED] - Delayed 2 second(s)

2018-12-07 03:56:18 - [TEST_STEP][PASSED] - click: Object: 'Object Repository/Final Object Repo/Page_Request SSN - ASSIST/Submit' is clicked on

2018-12-07 03:56:20 - [MESSAGE][PASSED] - Object: 'Object Repository/Final Object Repo/Page_Request SSN - ASSIST/Submit' is clicked on

2018-12-07 03:56:20 - [TEST_STEP][PASSED] - delay: Delayed 2 second(s)

2018-12-07 03:56:22 - [MESSAGE][PASSED] - Delayed 2 second(s)

2018-12-07 03:56:22 - [TEST_STEP][PASSED] - click: Object: 'Object Repository/Final Object Repo/Page_Request SSN - ASSIST/Confirm' is clicked on

2018-12-07 03:56:22 - [MESSAGE][PASSED] - Object: 'Object Repository/Final Object Repo/Page_Request SSN - ASSIST/Confirm' is clicked on

2018-12-07 03:56:22 - [TEST_STEP][PASSED] - delay: Delayed 2 second(s)

2018-12-07 03:56:24 - [MESSAGE][PASSED] - Delayed 2 second(s)

2018-12-07 03:56:24 - [TEST_STEP][PASSED] - verifyElementVisible: Object 'Object Repository/Final Object Repo/Page_Request SSN - ASSIST/Message This Case will be routed to RIO' is visible

2018-12-07 03:56:30 - [MESSAGE][PASSED] - Object 'Object Repository/Final Object Repo/Page_Request SSN - ASSIST/Message This Case will be routed to RIO' is visible

2018-12-07 03:56:30 - [TEST_STEP][PASSED] - delay: Delayed 2 second(s)

2018-12-07 03:56:32 - [MESSAGE][PASSED] - Delayed 2 second(s)

2018-12-07 03:56:32 - [TEST_STEP][PASSED] - verifyElementVisible: Object 'Object Repository/Final Object Repo/Page_Request SSN - ASSIST/Letter of acknowledgement' is visible

2018-12-07 03:56:32 - [MESSAGE][PASSED] - Object 'Object Repository/Final Object Repo/Page_Request SSN - ASSIST/Letter of acknowledgement' is visible

2018-12-07 03:56:32 - [MESSAGE][PASSED] - Call Test Case 'Test Cases/Final Aug 2018 - PKS Automation/Registration Module/Workflow/Request SSN/Template/Request SSN - OTC' successfully

2018-12-07 03:56:32 - [TEST_STEP][PASSED] - callTestCase: Call Test Case 'Test Cases/Final Aug 2018 - PKS Automation/Registration Module/Workflow/Request SSN/Template/Request SSN RIO - RO (Under Enforcement)' successfully

2018-12-07 03:56:32 - [TEST_CASE][PASSED] - Test Cases/Final Aug 2018 - PKS Automation/Registration Module/Workflow/Request SSN/Template/Request SSN RIO - RO (Under Enforcement): Test Cases/Final Aug 2018 - PKS Automation/Registration Module/Workflow/Request SSN/Template/Request SSN RIO - RO (Under Enforcement)

2018-12-07 03:56:32 - [TEST_STEP][NOT_RUN] - callTestCase: NOT_RUN: callTestCase

2018-12-07 03:56:32 - [MESSAGE][NOT_RUN] - NOT_RUN: callTestCase

2018-12-07 03:56:32 - [TEST_STEP][PASSED] - delay: Delayed 2 second(s)

2018-12-07 03:56:34 - [MESSAGE][PASSED] - Delayed 2 second(s)

2018-12-07 03:56:34 - [TEST_STEP][PASSED] - navigateToUrl: Navigate to 'https://assist2-uat.perkeso.gov.my/c/portal/logout' successfully

2018-12-07 03:56:35 - [MESSAGE][PASSED] - Navigate to 'https://assist2-uat.perkeso.gov.my/c/portal/logout' successfully

2018-12-07 03:56:35 - [TEST_STEP][PASSED] - delay: Delayed 2 second(s)

2018-12-07 03:56:37 - [MESSAGE][PASSED] - Delayed 2 second(s)

2018-12-07 03:56:37 - [TEST_STEP][PASSED] - callTestCase: Call Test Case 'Test Cases/Final Aug 2018 - PKS Automation/Common/Reference Number Getter' successfully

2018-12-07 03:56:37 - [TEST_CASE][PASSED] - Test Cases/Final Aug 2018 - PKS Automation/Common/Reference Number Getter: Test Cases/Final Aug 2018 - PKS Automation/Common/Reference Number Getter

2018-12-07 03:56:37 - [TEST_STEP][PASSED] - Statement - Try: null

2018-12-07 03:56:37 - [TEST_STEP][PASSED] - Statement - RefNo = new java.io.File(C://Users//Admin//Desktop//PKS//Automation Reference Point//KatalonReference.txt): null

2018-12-07 03:56:37 - [TEST_STEP][PASSED] - Statement - bufferread = new java.io.BufferedReader(new java.io.FileReader(RefNo)): null

2018-12-07 03:56:37 - [TEST_STEP][PASSED] - Statement - readedVal = bufferread.readLine(): null

2018-12-07 03:56:37 - [TEST_STEP][PASSED] - Statement - out.println(CaseReferenceNo): null

2018-12-07 03:56:37 - [TEST_STEP][PASSED] - Statement - out.println(readedVal): null

2018-12-07 03:56:37 - [TEST_STEP][PASSED] - Statement - CaseReferenceNo = "": null

2018-12-07 03:56:37 - [TEST_STEP][PASSED] - Statement - CaseReferenceNo = readedVal: null

2018-12-07 03:56:37 - [MESSAGE][PASSED] - Call Test Case 'Test Cases/Final Aug 2018 - PKS Automation/Common/Reference Number Getter' successfully

2018-12-07 03:56:37 - [TEST_STEP][PASSED] - callTestCase: Call Test Case 'Test Cases/Final Aug 2018 - PKS Automation/Common/Workflow Owner Finder' successfully

2018-12-07 03:56:37 - [TEST_CASE][PASSED] - Test Cases/Final Aug 2018 - PKS Automation/Common/Workflow Owner Finder: Test Cases/Final Aug 2018 - PKS Automation/Common/Workflow Owner Finder

2018-12-07 03:56:37 - [TEST_STEP][PASSED] - openBrowser: Browser is opened with url: ''

2018-12-07 03:56:37 - [MESSAGE][WARNING] - A browser is already opened. Closing browser and opening a new one

2018-12-07 03:56:41 - [MESSAGE][PASSED] - Browser is opened with url: ''

2018-12-07 03:56:41 - [TEST_STEP][PASSED] - navigateToUrl: Navigate to 'https://assist2-uat.perkeso.gov.my/login' successfully

2018-12-07 03:56:42 - [MESSAGE][PASSED] - Navigate to 'https://assist2-uat.perkeso.gov.my/login' successfully

2018-12-07 03:56:42 - [TEST_STEP][PASSED] - delay: Delayed 5 second(s)

2018-12-07 03:56:47 - [MESSAGE][PASSED] - Delayed 5 second(s)

2018-12-07 03:56:47 - [TEST_STEP][PASSED] - setText: Text 'test@liferay.com' is set on object 'Object Repository/Final Object Repo/Login Page/Internal User/Email Address'

2018-12-07 03:56:48 - [MESSAGE][PASSED] - Text 'test@liferay.com' is set on object 'Object Repository/Final Object Repo/Login Page/Internal User/Email Address'

2018-12-07 03:56:48 - [TEST_STEP][PASSED] - click: Object: 'Object Repository/Final Object Repo/Login Page/Internal User/Next Button' is clicked on

2018-12-07 03:56:48 - [MESSAGE][PASSED] - Object: 'Object Repository/Final Object Repo/Login Page/Internal User/Next Button' is clicked on

2018-12-07 03:56:48 - [TEST_STEP][PASSED] - delay: Delayed 2 second(s)

2018-12-07 03:56:50 - [MESSAGE][PASSED] - Delayed 2 second(s)

2018-12-07 03:56:50 - [TEST_STEP][PASSED] - setText: Text 'test' is set on object 'Object Repository/Final Object Repo/Login Page/Internal User/Password'

2018-12-07 03:56:50 - [MESSAGE][PASSED] - Text 'test' is set on object 'Object Repository/Final Object Repo/Login Page/Internal User/Password'

2018-12-07 03:56:50 - [TEST_STEP][PASSED] - delay: Delayed 2 second(s)

2018-12-07 03:56:52 - [MESSAGE][PASSED] - Delayed 2 second(s)

2018-12-07 03:56:52 - [TEST_STEP][PASSED] - click: Object: 'Object Repository/Final Object Repo/Login Page/Internal User/Login Button' is clicked on

2018-12-07 03:56:52 - [MESSAGE][PASSED] - Object: 'Object Repository/Final Object Repo/Login Page/Internal User/Login Button' is clicked on

2018-12-07 03:56:52 - [TEST_STEP][PASSED] - Statement - tester = com.kms.katalon.core.testobject.ObjectRepository.findTestObject(Final Object Repo/Landing Page/Select to English): Finding Test Object with id 'Object Repository/Final Object Repo/Landing Page/Select to English'

2018-12-07 03:56:52 - [TEST_STEP][PASSED] - Statement - Try: Delayed 2 second(s)

2018-12-07 03:56:52 - [TEST_STEP][PASSED] - Statement - Checker = com.kms.katalon.core.webui.keyword.WebUiBuiltInKeywords.verifyElementNotPresent(tester, 3): Web element with id: 'Object Repository/Final Object Repo/Landing Page/Select to English' located by 'By.xpath: //a[@class = 'taglib-language-list-text' and @lang = 'en-US' and (contains(text(), 'EN') or contains(., 'EN'))]' is not present after '3' second(s)

2018-12-07 03:56:54 - [MESSAGE][PASSED] - Web element with id: 'Object Repository/Final Object Repo/Landing Page/Select to English' located by 'By.xpath: //a[@class = 'taglib-language-list-text' and @lang = 'en-US' and (contains(text(), 'EN') or contains(., 'EN'))]' is not present after '3' second(s)

2018-12-07 03:56:54 - [TEST_STEP][PASSED] - Statement - If (Checker == false): null

2018-12-07 03:56:54 - [TEST_STEP][PASSED] - delay: Delayed 2 second(s)

2018-12-07 03:56:56 - [MESSAGE][PASSED] - Delayed 2 second(s)

2018-12-07 03:56:56 - [TEST_STEP][PASSED] - delay: Delayed 5 second(s)

2018-12-07 03:57:01 - [MESSAGE][PASSED] - Delayed 5 second(s)

2018-12-07 03:57:01 - [TEST_STEP][PASSED] - mouseOver: Object: 'Object Repository/Final Object Repo/Landing Page/WorkFlow Menu' is hovered

2018-12-07 03:57:01 - [MESSAGE][PASSED] - Object: 'Object Repository/Final Object Repo/Landing Page/WorkFlow Menu' is hovered

2018-12-07 03:57:01 - [TEST_STEP][PASSED] - delay: Delayed 2 second(s)

2018-12-07 03:57:03 - [MESSAGE][PASSED] - Delayed 2 second(s)

2018-12-07 03:57:03 - [TEST_STEP][PASSED] - click: Object: 'Object Repository/Final Object Repo/Landing Page/Select to Workflow Listing' is clicked on

2018-12-07 03:57:04 - [MESSAGE][PASSED] - Object: 'Object Repository/Final Object Repo/Landing Page/Select to Workflow Listing' is clicked on

2018-12-07 03:57:05 - [TEST_STEP][PASSED] - delay: Delayed 2 second(s)

2018-12-07 03:57:07 - [MESSAGE][PASSED] - Delayed 2 second(s)

2018-12-07 03:57:07 - [TEST_STEP][PASSED] - click: Object: 'Object Repository/Final Object Repo/WorkFlow Listing Page/Search Information - To Put Ref No' is clicked on

2018-12-07 03:57:07 - [MESSAGE][PASSED] - Object: 'Object Repository/Final Object Repo/WorkFlow Listing Page/Search Information - To Put Ref No' is clicked on

2018-12-07 03:57:07 - [TEST_STEP][PASSED] - delay: Delayed 2 second(s)

2018-12-07 03:57:09 - [MESSAGE][PASSED] - Delayed 2 second(s)

2018-12-07 03:57:09 - [TEST_STEP][PASSED] - callTestCase: Call Test Case 'Test Cases/Final Aug 2018 - PKS Automation/Common/Reference Number Getter' successfully

2018-12-07 03:57:09 - [TEST_CASE][PASSED] - Test Cases/Final Aug 2018 - PKS Automation/Common/Reference Number Getter: Test Cases/Final Aug 2018 - PKS Automation/Common/Reference Number Getter

2018-12-07 03:57:09 - [TEST_STEP][PASSED] - Statement - Try: null

2018-12-07 03:57:09 - [TEST_STEP][PASSED] - Statement - RefNo = new java.io.File(C://Users//Admin//Desktop//PKS//Automation Reference Point//KatalonReference.txt): null

2018-12-07 03:57:09 - [TEST_STEP][PASSED] - Statement - bufferread = new java.io.BufferedReader(new java.io.FileReader(RefNo)): null

2018-12-07 03:57:09 - [TEST_STEP][PASSED] - Statement - readedVal = bufferread.readLine(): null

2018-12-07 03:57:09 - [TEST_STEP][PASSED] - Statement - out.println(CaseReferenceNo): null

2018-12-07 03:57:09 - [TEST_STEP][PASSED] - Statement - out.println(readedVal): null

2018-12-07 03:57:09 - [TEST_STEP][PASSED] - Statement - CaseReferenceNo = "": null

2018-12-07 03:57:09 - [TEST_STEP][PASSED] - Statement - CaseReferenceNo = readedVal: null

2018-12-07 03:57:09 - [MESSAGE][PASSED] - Call Test Case 'Test Cases/Final Aug 2018 - PKS Automation/Common/Reference Number Getter' successfully

2018-12-07 03:57:09 - [TEST_STEP][PASSED] - setText: Text 'SSN12201800001182' is set on object 'Object Repository/Final Object Repo/WorkFlow Listing Page/Ref No Set Text'

2018-12-07 03:57:09 - [MESSAGE][PASSED] - Text 'SSN12201800001182' is set on object 'Object Repository/Final Object Repo/WorkFlow Listing Page/Ref No Set Text'

2018-12-07 03:57:09 - [TEST_STEP][PASSED] - delay: Delayed 2 second(s)

2018-12-07 03:57:11 - [MESSAGE][PASSED] - Delayed 2 second(s)

2018-12-07 03:57:11 - [TEST_STEP][PASSED] - click: Object: 'Object Repository/Final Object Repo/WorkFlow Listing Page/Search Ref No Search Button' is clicked on

2018-12-07 03:57:11 - [MESSAGE][PASSED] - Object: 'Object Repository/Final Object Repo/WorkFlow Listing Page/Search Ref No Search Button' is clicked on

2018-12-07 03:57:11 - [TEST_STEP][PASSED] - delay: Delayed 6 second(s)

2018-12-07 03:57:17 - [MESSAGE][PASSED] - Delayed 6 second(s)

2018-12-07 03:57:17 - [TEST_STEP][PASSED] - click: Object: 'Object Repository/Final Object Repo/WorkFlow Listing Page/Click Continue Tooltip' is clicked on

2018-12-07 03:57:18 - [MESSAGE][PASSED] - Object: 'Object Repository/Final Object Repo/WorkFlow Listing Page/Click Continue Tooltip' is clicked on

2018-12-07 03:57:18 - [TEST_STEP][PASSED] - delay: Delayed 5 second(s)

2018-12-07 03:57:23 - [MESSAGE][PASSED] - Delayed 5 second(s)

2018-12-07 03:57:23 - [TEST_STEP][PASSED] - doubleClick: Object: 'Object Repository/Final Object Repo/WorkFlow Listing Page/Workflow Found - Listing 1' is double clicked on

2018-12-07 03:57:23 - [MESSAGE][PASSED] - Object: 'Object Repository/Final Object Repo/WorkFlow Listing Page/Workflow Found - Listing 1' is double clicked on

2018-12-07 03:57:23 - [TEST_STEP][PASSED] - Statement - println(OwnerID): null

2018-12-07 03:57:23 - [TEST_STEP][PASSED] - Statement - OwnerID = com.kms.katalon.core.webui.keyword.WebUiBuiltInKeywords.getText(com.kms.katalon.core.testobject.ObjectRepository.findTestObject(Final Object Repo/WorkFlow Listing Page/Workflow Found - Listing 1), STOP_ON_FAILURE): Text of object 'Object Repository/Final Object Repo/WorkFlow Listing Page/Workflow Found - Listing 1' is: 'JOHORrio1'

2018-12-07 03:57:24 - [MESSAGE][PASSED] - Text of object 'Object Repository/Final Object Repo/WorkFlow Listing Page/Workflow Found - Listing 1' is: 'JOHORrio1'

2018-12-07 03:57:24 - [TEST_STEP][PASSED] - Statement - OwnerID = OwnerID.toLowerCase() + "@gmail.com": null

2018-12-07 03:57:24 - [TEST_STEP][PASSED] - Statement - println(OwnerID): null

2018-12-07 03:57:24 - [TEST_STEP][PASSED] - delay: Delayed 2 second(s)

2018-12-07 03:57:26 - [MESSAGE][PASSED] - Delayed 2 second(s)

2018-12-07 03:57:26 - [MESSAGE][PASSED] - Call Test Case 'Test Cases/Final Aug 2018 - PKS Automation/Common/Workflow Owner Finder' successfully

2018-12-07 03:57:26 - [TEST_STEP][PASSED] - delay: Delayed 2 second(s)

2018-12-07 03:57:28 - [MESSAGE][PASSED] - Delayed 2 second(s)

2018-12-07 03:57:28 - [TEST_STEP][PASSED] - navigateToUrl: Navigate to 'https://assist2-uat.perkeso.gov.my/c/portal/logout' successfully

2018-12-07 03:57:28 - [MESSAGE][PASSED] - Navigate to 'https://assist2-uat.perkeso.gov.my/c/portal/logout' successfully

2018-12-07 03:57:28 - [TEST_STEP][PASSED] - delay: Delayed 2 second(s)

2018-12-07 03:57:30 - [MESSAGE][PASSED] - Delayed 2 second(s)

2018-12-07 03:57:30 - [TEST_STEP][PASSED] - callTestCase: Call Test Case 'Test Cases/Final Aug 2018 - PKS Automation/Registration Module/Workflow/Login and Search Case For Workflow' successfully

2018-12-07 03:57:30 - [TEST_CASE][PASSED] - Test Cases/Final Aug 2018 - PKS Automation/Registration Module/Workflow/Login and Search Case For Workflow: Test Cases/Final Aug 2018 - PKS Automation/Registration Module/Workflow/Login and Search Case For Workflow

2018-12-07 03:57:30 - [TEST_STEP][PASSED] - navigateToUrl: Navigate to 'https://assist2-uat.perkeso.gov.my/login' successfully

2018-12-07 03:57:31 - [MESSAGE][PASSED] - Navigate to 'https://assist2-uat.perkeso.gov.my/login' successfully

2018-12-07 03:57:31 - [TEST_STEP][PASSED] - setText: Text 'johorrio1@gmail.com' is set on object 'Object Repository/Final Object Repo/Login Page/Internal User/Email Address'

2018-12-07 03:57:31 - [MESSAGE][PASSED] - Text 'johorrio1@gmail.com' is set on object 'Object Repository/Final Object Repo/Login Page/Internal User/Email Address'

2018-12-07 03:57:31 - [TEST_STEP][PASSED] - click: Object: 'Object Repository/Final Object Repo/Login Page/Internal User/Next Button' is clicked on

2018-12-07 03:57:31 - [MESSAGE][PASSED] - Object: 'Object Repository/Final Object Repo/Login Page/Internal User/Next Button' is clicked on

2018-12-07 03:57:31 - [TEST_STEP][PASSED] - delay: Delayed 1 second(s)

2018-12-07 03:57:32 - [MESSAGE][PASSED] - Delayed 1 second(s)

2018-12-07 03:57:32 - [TEST_STEP][PASSED] - setEncryptedText: Text ****** has been set on object 'Object Repository/Final Object Repo/Login Page/Internal User/Password'

2018-12-07 03:57:33 - [MESSAGE][PASSED] - Text ****** has been set on object 'Object Repository/Final Object Repo/Login Page/Internal User/Password'

2018-12-07 03:57:33 - [TEST_STEP][PASSED] - click: Object: 'Object Repository/Final Object Repo/Login Page/Internal User/Login Button' is clicked on

2018-12-07 03:57:33 - [MESSAGE][PASSED] - Object: 'Object Repository/Final Object Repo/Login Page/Internal User/Login Button' is clicked on

2018-12-07 03:57:33 - [TEST_STEP][PASSED] - delay: Delayed 2 second(s)

2018-12-07 03:57:35 - [MESSAGE][PASSED] - Delayed 2 second(s)

2018-12-07 03:57:35 - [TEST_STEP][PASSED] - Statement - Try: Delayed 2 second(s)

2018-12-07 03:57:35 - [TEST_STEP][PASSED] - Statement - Checker = false: null

2018-12-07 03:57:35 - [TEST_STEP][PASSED] - Statement - Checker = com.kms.katalon.core.webui.keyword.WebUiBuiltInKeywords.verifyElementHasAttribute(com.kms.katalon.core.testobject.ObjectRepository.findTestObject(Final Object Repo/Landing Page/BM Detecting), "href", 20, OPTIONAL): Object 'Object Repository/Final Object Repo/Landing Page/BM Detecting' has attribute 'href'

2018-12-07 03:57:35 - [MESSAGE][PASSED] - Object 'Object Repository/Final Object Repo/Landing Page/BM Detecting' has attribute 'href'

2018-12-07 03:57:35 - [TEST_STEP][PASSED] - Statement - out.println(Checker): null

2018-12-07 03:57:35 - [TEST_STEP][PASSED] - Statement - If (Checker == false): null

2018-12-07 03:57:35 - [TEST_STEP][PASSED] - Statement - Else: null

2018-12-07 03:57:35 - [TEST_STEP][PASSED] - delay: Delayed 2 second(s)

2018-12-07 03:57:37 - [MESSAGE][PASSED] - Delayed 2 second(s)

2018-12-07 03:57:37 - [TEST_STEP][PASSED] - click: Object: 'Object Repository/Final Object Repo/Page_MyASSIST - ASSIST - Search Pending Case For Add Supporting Document/Search Information' is clicked on

2018-12-07 03:57:37 - [MESSAGE][PASSED] - Object: 'Object Repository/Final Object Repo/Page_MyASSIST - ASSIST - Search Pending Case For Add Supporting Document/Search Information' is clicked on

2018-12-07 03:57:37 - [TEST_STEP][PASSED] - delay: Delayed 3 second(s)

2018-12-07 03:57:40 - [MESSAGE][PASSED] - Delayed 3 second(s)

2018-12-07 03:57:40 - [TEST_STEP][PASSED] - sendKeys: Keys 'SSN12201800001182' sent to object: 'Object Repository/Final Object Repo/Page_MyASSIST - ASSIST - Search Pending Case For Add Supporting Document/Reference No'

2018-12-07 03:57:40 - [MESSAGE][PASSED] - Keys 'SSN12201800001182' sent to object: 'Object Repository/Final Object Repo/Page_MyASSIST - ASSIST - Search Pending Case For Add Supporting Document/Reference No'

2018-12-07 03:57:40 - [TEST_STEP][PASSED] - click: Object: 'Object Repository/Final Object Repo/Page_MyASSIST - ASSIST - Search Pending Case For Add Supporting Document/Search Reference No' is clicked on

2018-12-07 03:57:40 - [MESSAGE][PASSED] - Object: 'Object Repository/Final Object Repo/Page_MyASSIST - ASSIST - Search Pending Case For Add Supporting Document/Search Reference No' is clicked on

2018-12-07 03:57:40 - [TEST_STEP][PASSED] - delay: Delayed 2 second(s)

2018-12-07 03:57:42 - [MESSAGE][PASSED] - Delayed 2 second(s)

2018-12-07 03:57:42 - [TEST_STEP][PASSED] - click: Object: 'Object Repository/Final Object Repo/Page_MyASSIST - ASSIST - Search Pending Case For Add Supporting Document/Continue' is clicked on

2018-12-07 03:57:50 - [MESSAGE][PASSED] - Object: 'Object Repository/Final Object Repo/Page_MyASSIST - ASSIST - Search Pending Case For Add Supporting Document/Continue' is clicked on

2018-12-07 03:57:50 - [TEST_STEP][PASSED] - delay: Delayed 20 second(s)

2018-12-07 03:58:10 - [MESSAGE][PASSED] - Delayed 20 second(s)

2018-12-07 03:58:10 - [MESSAGE][PASSED] - Call Test Case 'Test Cases/Final Aug 2018 - PKS Automation/Registration Module/Workflow/Login and Search Case For Workflow' successfully

2018-12-07 03:58:10 - [TEST_STEP][PASSED] - callTestCase: Call Test Case 'Test Cases/Final Aug 2018 - PKS Automation/Registration Module/Workflow/Request SSN/Template/Request SSN - RIO' successfully

2018-12-07 03:58:10 - [TEST_CASE][PASSED] - Test Cases/Final Aug 2018 - PKS Automation/Registration Module/Workflow/Request SSN/Template/Request SSN - RIO: Test Cases/Final Aug 2018 - PKS Automation/Registration Module/Workflow/Request SSN/Template/Request SSN - RIO

2018-12-07 03:58:10 - [TEST_STEP][NOT_RUN] - openBrowser: NOT_RUN: openBrowser

2018-12-07 03:58:10 - [MESSAGE][NOT_RUN] - NOT_RUN: openBrowser

2018-12-07 03:58:10 - [TEST_STEP][NOT_RUN] - navigateToUrl: NOT_RUN: navigateToUrl

2018-12-07 03:58:10 - [MESSAGE][NOT_RUN] - NOT_RUN: navigateToUrl

2018-12-07 03:58:10 - [TEST_STEP][NOT_RUN] - setText: NOT_RUN: setText

2018-12-07 03:58:10 - [MESSAGE][NOT_RUN] - NOT_RUN: setText

2018-12-07 03:58:10 - [TEST_STEP][NOT_RUN] - click: NOT_RUN: click

2018-12-07 03:58:10 - [MESSAGE][NOT_RUN] - NOT_RUN: click

2018-12-07 03:58:10 - [TEST_STEP][NOT_RUN] - delay: NOT_RUN: delay

2018-12-07 03:58:10 - [MESSAGE][NOT_RUN] - NOT_RUN: delay

2018-12-07 03:58:10 - [TEST_STEP][NOT_RUN] - setEncryptedText: NOT_RUN: setEncryptedText

2018-12-07 03:58:10 - [MESSAGE][NOT_RUN] - NOT_RUN: setEncryptedText

2018-12-07 03:58:10 - [TEST_STEP][NOT_RUN] - click: NOT_RUN: click

2018-12-07 03:58:10 - [MESSAGE][NOT_RUN] - NOT_RUN: click

2018-12-07 03:58:10 - [TEST_STEP][NOT_RUN] - delay: NOT_RUN: delay

2018-12-07 03:58:10 - [MESSAGE][NOT_RUN] - NOT_RUN: delay

2018-12-07 03:58:10 - [TEST_STEP][NOT_RUN] - click: NOT_RUN: click

2018-12-07 03:58:10 - [MESSAGE][NOT_RUN] - NOT_RUN: click

2018-12-07 03:58:10 - [TEST_STEP][NOT_RUN] - sendKeys: NOT_RUN: sendKeys

2018-12-07 03:58:10 - [MESSAGE][NOT_RUN] - NOT_RUN: sendKeys

2018-12-07 03:58:10 - [TEST_STEP][NOT_RUN] - click: NOT_RUN: click

2018-12-07 03:58:10 - [MESSAGE][NOT_RUN] - NOT_RUN: click

2018-12-07 03:58:10 - [TEST_STEP][NOT_RUN] - delay: NOT_RUN: delay

2018-12-07 03:58:10 - [MESSAGE][NOT_RUN] - NOT_RUN: delay

2018-12-07 03:58:10 - [TEST_STEP][NOT_RUN] - click: NOT_RUN: click

2018-12-07 03:58:10 - [MESSAGE][NOT_RUN] - NOT_RUN: click

2018-12-07 03:58:10 - [TEST_STEP][PASSED] - delay: Delayed 2 second(s)

2018-12-07 03:58:12 - [MESSAGE][PASSED] - Delayed 2 second(s)

2018-12-07 03:58:12 - [TEST_STEP][PASSED] - click: Object: 'Object Repository/Final Object Repo/Page_Request SSN - ASSIST/Page_Request SSN - ASSIST - RIO/Recommend For SSN' is clicked on

2018-12-07 03:58:12 - [MESSAGE][PASSED] - Object: 'Object Repository/Final Object Repo/Page_Request SSN - ASSIST/Page_Request SSN - ASSIST - RIO/Recommend For SSN' is clicked on

2018-12-07 03:58:12 - [TEST_STEP][PASSED] - click: Object: 'Object Repository/Final Object Repo/Page_Request SSN - ASSIST/Page_Request SSN - ASSIST - RIO/Recommend For SSN  - Yes' is clicked on

2018-12-07 03:58:12 - [MESSAGE][PASSED] - Object: 'Object Repository/Final Object Repo/Page_Request SSN - ASSIST/Page_Request SSN - ASSIST - RIO/Recommend For SSN  - Yes' is clicked on

2018-12-07 03:58:12 - [TEST_STEP][PASSED] - delay: Delayed 2 second(s)

2018-12-07 03:58:14 - [MESSAGE][PASSED] - Delayed 2 second(s)

2018-12-07 03:58:14 - [TEST_STEP][PASSED] - click: Object: 'Object Repository/Final Object Repo/Page_Request SSN - ASSIST/Page_Request SSN - ASSIST - RIO/Save  Continue in SSN page' is clicked on

2018-12-07 03:58:14 - [MESSAGE][PASSED] - Object: 'Object Repository/Final Object Repo/Page_Request SSN - ASSIST/Page_Request SSN - ASSIST - RIO/Save  Continue in SSN page' is clicked on

2018-12-07 03:58:14 - [TEST_STEP][PASSED] - delay: Delayed 2 second(s)

2018-12-07 03:58:16 - [MESSAGE][PASSED] - Delayed 2 second(s)

2018-12-07 03:58:16 - [TEST_STEP][PASSED] - click: Object: 'Object Repository/Final Object Repo/Page_Request SSN - ASSIST/Page_Request SSN - ASSIST - RIO/Save  Continue in Upload Document Page' is clicked on

2018-12-07 03:58:19 - [MESSAGE][PASSED] - Object: 'Object Repository/Final Object Repo/Page_Request SSN - ASSIST/Page_Request SSN - ASSIST - RIO/Save  Continue in Upload Document Page' is clicked on

2018-12-07 03:58:19 - [TEST_STEP][PASSED] - delay: Delayed 2 second(s)

2018-12-07 03:58:21 - [MESSAGE][PASSED] - Delayed 2 second(s)

2018-12-07 03:58:21 - [TEST_STEP][PASSED] - click: Object: 'Object Repository/Final Object Repo/Page_Request SSN - ASSIST/Page_Request SSN - ASSIST - RIO/Submit' is clicked on

2018-12-07 03:58:23 - [MESSAGE][PASSED] - Object: 'Object Repository/Final Object Repo/Page_Request SSN - ASSIST/Page_Request SSN - ASSIST - RIO/Submit' is clicked on

2018-12-07 03:58:23 - [TEST_STEP][PASSED] - delay: Delayed 2 second(s)

2018-12-07 03:58:25 - [MESSAGE][PASSED] - Delayed 2 second(s)

2018-12-07 03:58:25 - [TEST_STEP][PASSED] - click: Object: 'Object Repository/Final Object Repo/Page_Request SSN - ASSIST/Page_Request SSN - ASSIST - RIO/Confirm' is clicked on

2018-12-07 03:58:25 - [MESSAGE][PASSED] - Object: 'Object Repository/Final Object Repo/Page_Request SSN - ASSIST/Page_Request SSN - ASSIST - RIO/Confirm' is clicked on

2018-12-07 03:58:25 - [MESSAGE][PASSED] - Call Test Case 'Test Cases/Final Aug 2018 - PKS Automation/Registration Module/Workflow/Request SSN/Template/Request SSN - RIO' successfully

2018-12-07 03:58:25 - [TEST_STEP][PASSED] - delay: Delayed 2 second(s)

2018-12-07 03:58:27 - [MESSAGE][PASSED] - Delayed 2 second(s)

2018-12-07 03:58:27 - [TEST_STEP][PASSED] - navigateToUrl: Navigate to 'https://assist2-uat.perkeso.gov.my/c/portal/logout' successfully

2018-12-07 03:58:32 - [MESSAGE][PASSED] - Navigate to 'https://assist2-uat.perkeso.gov.my/c/portal/logout' successfully

2018-12-07 03:58:32 - [TEST_STEP][PASSED] - delay: Delayed 2 second(s)

2018-12-07 03:58:34 - [MESSAGE][PASSED] - Delayed 2 second(s)

2018-12-07 03:58:34 - [TEST_STEP][PASSED] - callTestCase: Call Test Case 'Test Cases/Final Aug 2018 - PKS Automation/Common/Workflow Owner Finder' successfully

2018-12-07 03:58:34 - [TEST_CASE][PASSED] - Test Cases/Final Aug 2018 - PKS Automation/Common/Workflow Owner Finder: Test Cases/Final Aug 2018 - PKS Automation/Common/Workflow Owner Finder

2018-12-07 03:58:34 - [TEST_STEP][PASSED] - openBrowser: Browser is opened with url: ''

2018-12-07 03:58:34 - [MESSAGE][WARNING] - A browser is already opened. Closing browser and opening a new one

2018-12-07 03:58:38 - [MESSAGE][PASSED] - Browser is opened with url: ''

2018-12-07 03:58:38 - [TEST_STEP][PASSED] - navigateToUrl: Navigate to 'https://assist2-uat.perkeso.gov.my/login' successfully

2018-12-07 03:58:39 - [MESSAGE][PASSED] - Navigate to 'https://assist2-uat.perkeso.gov.my/login' successfully

2018-12-07 03:58:39 - [TEST_STEP][PASSED] - delay: Delayed 5 second(s)

2018-12-07 03:58:44 - [MESSAGE][PASSED] - Delayed 5 second(s)

2018-12-07 03:58:44 - [TEST_STEP][PASSED] - setText: Text 'test@liferay.com' is set on object 'Object Repository/Final Object Repo/Login Page/Internal User/Email Address'

2018-12-07 03:58:44 - [MESSAGE][PASSED] - Text 'test@liferay.com' is set on object 'Object Repository/Final Object Repo/Login Page/Internal User/Email Address'

2018-12-07 03:58:44 - [TEST_STEP][PASSED] - click: Object: 'Object Repository/Final Object Repo/Login Page/Internal User/Next Button' is clicked on

2018-12-07 03:58:45 - [MESSAGE][PASSED] - Object: 'Object Repository/Final Object Repo/Login Page/Internal User/Next Button' is clicked on

2018-12-07 03:58:45 - [TEST_STEP][PASSED] - delay: Delayed 2 second(s)

2018-12-07 03:58:47 - [MESSAGE][PASSED] - Delayed 2 second(s)

2018-12-07 03:58:47 - [TEST_STEP][PASSED] - setText: Text 'test' is set on object 'Object Repository/Final Object Repo/Login Page/Internal User/Password'

2018-12-07 03:58:47 - [MESSAGE][PASSED] - Text 'test' is set on object 'Object Repository/Final Object Repo/Login Page/Internal User/Password'

2018-12-07 03:58:47 - [TEST_STEP][PASSED] - delay: Delayed 2 second(s)

2018-12-07 03:58:49 - [MESSAGE][PASSED] - Delayed 2 second(s)

2018-12-07 03:58:49 - [TEST_STEP][PASSED] - click: Object: 'Object Repository/Final Object Repo/Login Page/Internal User/Login Button' is clicked on

2018-12-07 03:58:49 - [MESSAGE][PASSED] - Object: 'Object Repository/Final Object Repo/Login Page/Internal User/Login Button' is clicked on

2018-12-07 03:58:49 - [TEST_STEP][PASSED] - Statement - tester = com.kms.katalon.core.testobject.ObjectRepository.findTestObject(Final Object Repo/Landing Page/Select to English): Finding Test Object with id 'Object Repository/Final Object Repo/Landing Page/Select to English'

2018-12-07 03:58:49 - [TEST_STEP][PASSED] - Statement - Try: Delayed 2 second(s)

2018-12-07 03:58:49 - [TEST_STEP][PASSED] - Statement - Checker = com.kms.katalon.core.webui.keyword.WebUiBuiltInKeywords.verifyElementNotPresent(tester, 3): Web element with id: 'Object Repository/Final Object Repo/Landing Page/Select to English' located by 'By.xpath: //a[@class = 'taglib-language-list-text' and @lang = 'en-US' and (contains(text(), 'EN') or contains(., 'EN'))]' is not present after '3' second(s)

2018-12-07 03:58:51 - [MESSAGE][PASSED] - Web element with id: 'Object Repository/Final Object Repo/Landing Page/Select to English' located by 'By.xpath: //a[@class = 'taglib-language-list-text' and @lang = 'en-US' and (contains(text(), 'EN') or contains(., 'EN'))]' is not present after '3' second(s)

2018-12-07 03:58:51 - [TEST_STEP][PASSED] - Statement - If (Checker == false): null

2018-12-07 03:58:51 - [TEST_STEP][PASSED] - delay: Delayed 2 second(s)

2018-12-07 03:58:53 - [MESSAGE][PASSED] - Delayed 2 second(s)

2018-12-07 03:58:53 - [TEST_STEP][PASSED] - delay: Delayed 5 second(s)

2018-12-07 03:58:58 - [MESSAGE][PASSED] - Delayed 5 second(s)

2018-12-07 03:58:58 - [TEST_STEP][PASSED] - mouseOver: Object: 'Object Repository/Final Object Repo/Landing Page/WorkFlow Menu' is hovered

2018-12-07 03:58:58 - [MESSAGE][PASSED] - Object: 'Object Repository/Final Object Repo/Landing Page/WorkFlow Menu' is hovered

2018-12-07 03:58:58 - [TEST_STEP][PASSED] - delay: Delayed 2 second(s)

2018-12-07 03:59:00 - [MESSAGE][PASSED] - Delayed 2 second(s)

2018-12-07 03:59:00 - [TEST_STEP][PASSED] - click: Object: 'Object Repository/Final Object Repo/Landing Page/Select to Workflow Listing' is clicked on

2018-12-07 03:59:01 - [MESSAGE][PASSED] - Object: 'Object Repository/Final Object Repo/Landing Page/Select to Workflow Listing' is clicked on

2018-12-07 03:59:01 - [TEST_STEP][PASSED] - delay: Delayed 2 second(s)

2018-12-07 03:59:03 - [MESSAGE][PASSED] - Delayed 2 second(s)

2018-12-07 03:59:03 - [TEST_STEP][PASSED] - click: Object: 'Object Repository/Final Object Repo/WorkFlow Listing Page/Search Information - To Put Ref No' is clicked on

2018-12-07 03:59:03 - [MESSAGE][PASSED] - Object: 'Object Repository/Final Object Repo/WorkFlow Listing Page/Search Information - To Put Ref No' is clicked on

2018-12-07 03:59:03 - [TEST_STEP][PASSED] - delay: Delayed 2 second(s)

2018-12-07 03:59:05 - [MESSAGE][PASSED] - Delayed 2 second(s)

2018-12-07 03:59:05 - [TEST_STEP][PASSED] - callTestCase: Call Test Case 'Test Cases/Final Aug 2018 - PKS Automation/Common/Reference Number Getter' successfully

2018-12-07 03:59:05 - [TEST_CASE][PASSED] - Test Cases/Final Aug 2018 - PKS Automation/Common/Reference Number Getter: Test Cases/Final Aug 2018 - PKS Automation/Common/Reference Number Getter

2018-12-07 03:59:05 - [TEST_STEP][PASSED] - Statement - Try: null

2018-12-07 03:59:05 - [TEST_STEP][PASSED] - Statement - RefNo = new java.io.File(C://Users//Admin//Desktop//PKS//Automation Reference Point//KatalonReference.txt): null

2018-12-07 03:59:05 - [TEST_STEP][PASSED] - Statement - bufferread = new java.io.BufferedReader(new java.io.FileReader(RefNo)): null

2018-12-07 03:59:05 - [TEST_STEP][PASSED] - Statement - readedVal = bufferread.readLine(): null

2018-12-07 03:59:05 - [TEST_STEP][PASSED] - Statement - out.println(CaseReferenceNo): null

2018-12-07 03:59:05 - [TEST_STEP][PASSED] - Statement - out.println(readedVal): null

2018-12-07 03:59:05 - [TEST_STEP][PASSED] - Statement - CaseReferenceNo = "": null

2018-12-07 03:59:05 - [TEST_STEP][PASSED] - Statement - CaseReferenceNo = readedVal: null

2018-12-07 03:59:05 - [MESSAGE][PASSED] - Call Test Case 'Test Cases/Final Aug 2018 - PKS Automation/Common/Reference Number Getter' successfully

2018-12-07 03:59:05 - [TEST_STEP][PASSED] - setText: Text 'SSN12201800001182' is set on object 'Object Repository/Final Object Repo/WorkFlow Listing Page/Ref No Set Text'

2018-12-07 03:59:06 - [MESSAGE][PASSED] - Text 'SSN12201800001182' is set on object 'Object Repository/Final Object Repo/WorkFlow Listing Page/Ref No Set Text'

2018-12-07 03:59:06 - [TEST_STEP][PASSED] - delay: Delayed 2 second(s)

2018-12-07 03:59:08 - [MESSAGE][PASSED] - Delayed 2 second(s)

2018-12-07 03:59:08 - [TEST_STEP][PASSED] - click: Object: 'Object Repository/Final Object Repo/WorkFlow Listing Page/Search Ref No Search Button' is clicked on

2018-12-07 03:59:08 - [MESSAGE][PASSED] - Object: 'Object Repository/Final Object Repo/WorkFlow Listing Page/Search Ref No Search Button' is clicked on

2018-12-07 03:59:08 - [TEST_STEP][PASSED] - delay: Delayed 6 second(s)

2018-12-07 03:59:14 - [MESSAGE][PASSED] - Delayed 6 second(s)

2018-12-07 03:59:14 - [TEST_STEP][PASSED] - click: Object: 'Object Repository/Final Object Repo/WorkFlow Listing Page/Click Continue Tooltip' is clicked on

2018-12-07 03:59:15 - [MESSAGE][PASSED] - Object: 'Object Repository/Final Object Repo/WorkFlow Listing Page/Click Continue Tooltip' is clicked on

2018-12-07 03:59:15 - [TEST_STEP][PASSED] - delay: Delayed 5 second(s)

2018-12-07 03:59:20 - [MESSAGE][PASSED] - Delayed 5 second(s)

2018-12-07 03:59:20 - [TEST_STEP][PASSED] - doubleClick: Object: 'Object Repository/Final Object Repo/WorkFlow Listing Page/Workflow Found - Listing 1' is double clicked on

2018-12-07 03:59:20 - [MESSAGE][PASSED] - Object: 'Object Repository/Final Object Repo/WorkFlow Listing Page/Workflow Found - Listing 1' is double clicked on

2018-12-07 03:59:20 - [TEST_STEP][PASSED] - Statement - println(OwnerID): null

2018-12-07 03:59:20 - [TEST_STEP][PASSED] - Statement - OwnerID = com.kms.katalon.core.webui.keyword.WebUiBuiltInKeywords.getText(com.kms.katalon.core.testobject.ObjectRepository.findTestObject(Final Object Repo/WorkFlow Listing Page/Workflow Found - Listing 1), STOP_ON_FAILURE): Text of object 'Object Repository/Final Object Repo/WorkFlow Listing Page/Workflow Found - Listing 1' is: 'JOHORro3'

2018-12-07 03:59:20 - [MESSAGE][PASSED] - Text of object 'Object Repository/Final Object Repo/WorkFlow Listing Page/Workflow Found - Listing 1' is: 'JOHORro3'

2018-12-07 03:59:20 - [TEST_STEP][PASSED] - Statement - OwnerID = OwnerID.toLowerCase() + "@gmail.com": null

2018-12-07 03:59:20 - [TEST_STEP][PASSED] - Statement - println(OwnerID): null

2018-12-07 03:59:20 - [TEST_STEP][PASSED] - delay: Delayed 2 second(s)

2018-12-07 03:59:22 - [MESSAGE][PASSED] - Delayed 2 second(s)

2018-12-07 03:59:22 - [MESSAGE][PASSED] - Call Test Case 'Test Cases/Final Aug 2018 - PKS Automation/Common/Workflow Owner Finder' successfully

2018-12-07 03:59:22 - [TEST_STEP][PASSED] - delay: Delayed 2 second(s)

2018-12-07 03:59:24 - [MESSAGE][PASSED] - Delayed 2 second(s)

2018-12-07 03:59:24 - [TEST_STEP][PASSED] - navigateToUrl: Navigate to 'https://assist2-uat.perkeso.gov.my/c/portal/logout' successfully

2018-12-07 03:59:25 - [MESSAGE][PASSED] - Navigate to 'https://assist2-uat.perkeso.gov.my/c/portal/logout' successfully

2018-12-07 03:59:25 - [TEST_STEP][PASSED] - delay: Delayed 2 second(s)

2018-12-07 03:59:27 - [MESSAGE][PASSED] - Delayed 2 second(s)

2018-12-07 03:59:27 - [TEST_STEP][PASSED] - callTestCase: Call Test Case 'Test Cases/Final Aug 2018 - PKS Automation/Registration Module/Workflow/Login and Search Case For Workflow' successfully

2018-12-07 03:59:27 - [TEST_CASE][PASSED] - Test Cases/Final Aug 2018 - PKS Automation/Registration Module/Workflow/Login and Search Case For Workflow: Test Cases/Final Aug 2018 - PKS Automation/Registration Module/Workflow/Login and Search Case For Workflow

2018-12-07 03:59:27 - [TEST_STEP][PASSED] - navigateToUrl: Navigate to 'https://assist2-uat.perkeso.gov.my/login' successfully

2018-12-07 03:59:28 - [MESSAGE][PASSED] - Navigate to 'https://assist2-uat.perkeso.gov.my/login' successfully

2018-12-07 03:59:28 - [TEST_STEP][PASSED] - setText: Text 'johorro3@gmail.com' is set on object 'Object Repository/Final Object Repo/Login Page/Internal User/Email Address'

2018-12-07 03:59:28 - [MESSAGE][PASSED] - Text 'johorro3@gmail.com' is set on object 'Object Repository/Final Object Repo/Login Page/Internal User/Email Address'

2018-12-07 03:59:28 - [TEST_STEP][PASSED] - click: Object: 'Object Repository/Final Object Repo/Login Page/Internal User/Next Button' is clicked on

2018-12-07 03:59:28 - [MESSAGE][PASSED] - Object: 'Object Repository/Final Object Repo/Login Page/Internal User/Next Button' is clicked on

2018-12-07 03:59:28 - [TEST_STEP][PASSED] - delay: Delayed 1 second(s)

2018-12-07 03:59:29 - [MESSAGE][PASSED] - Delayed 1 second(s)

2018-12-07 03:59:29 - [TEST_STEP][PASSED] - setEncryptedText: Text ****** has been set on object 'Object Repository/Final Object Repo/Login Page/Internal User/Password'

2018-12-07 03:59:30 - [MESSAGE][PASSED] - Text ****** has been set on object 'Object Repository/Final Object Repo/Login Page/Internal User/Password'

2018-12-07 03:59:30 - [TEST_STEP][PASSED] - click: Object: 'Object Repository/Final Object Repo/Login Page/Internal User/Login Button' is clicked on

2018-12-07 03:59:30 - [MESSAGE][PASSED] - Object: 'Object Repository/Final Object Repo/Login Page/Internal User/Login Button' is clicked on

2018-12-07 03:59:30 - [TEST_STEP][PASSED] - delay: Delayed 2 second(s)

2018-12-07 03:59:32 - [MESSAGE][PASSED] - Delayed 2 second(s)

2018-12-07 03:59:32 - [TEST_STEP][PASSED] - Statement - Try: Delayed 2 second(s)

2018-12-07 03:59:32 - [TEST_STEP][PASSED] - Statement - Checker = false: null

2018-12-07 03:59:32 - [TEST_STEP][PASSED] - Statement - Checker = com.kms.katalon.core.webui.keyword.WebUiBuiltInKeywords.verifyElementHasAttribute(com.kms.katalon.core.testobject.ObjectRepository.findTestObject(Final Object Repo/Landing Page/BM Detecting), "href", 20, OPTIONAL): Object 'Object Repository/Final Object Repo/Landing Page/BM Detecting' has attribute 'href'

2018-12-07 03:59:32 - [MESSAGE][PASSED] - Object 'Object Repository/Final Object Repo/Landing Page/BM Detecting' has attribute 'href'

2018-12-07 03:59:32 - [TEST_STEP][PASSED] - Statement - out.println(Checker): null

2018-12-07 03:59:32 - [TEST_STEP][PASSED] - Statement - If (Checker == false): null

2018-12-07 03:59:32 - [TEST_STEP][PASSED] - Statement - Else: null

2018-12-07 03:59:32 - [TEST_STEP][PASSED] - delay: Delayed 2 second(s)

2018-12-07 03:59:34 - [MESSAGE][PASSED] - Delayed 2 second(s)

2018-12-07 03:59:34 - [TEST_STEP][PASSED] - click: Object: 'Object Repository/Final Object Repo/Page_MyASSIST - ASSIST - Search Pending Case For Add Supporting Document/Search Information' is clicked on

2018-12-07 03:59:34 - [MESSAGE][PASSED] - Object: 'Object Repository/Final Object Repo/Page_MyASSIST - ASSIST - Search Pending Case For Add Supporting Document/Search Information' is clicked on

2018-12-07 03:59:34 - [TEST_STEP][PASSED] - delay: Delayed 3 second(s)

2018-12-07 03:59:37 - [MESSAGE][PASSED] - Delayed 3 second(s)

2018-12-07 03:59:37 - [TEST_STEP][PASSED] - sendKeys: Keys 'SSN12201800001182' sent to object: 'Object Repository/Final Object Repo/Page_MyASSIST - ASSIST - Search Pending Case For Add Supporting Document/Reference No'

2018-12-07 03:59:37 - [MESSAGE][PASSED] - Keys 'SSN12201800001182' sent to object: 'Object Repository/Final Object Repo/Page_MyASSIST - ASSIST - Search Pending Case For Add Supporting Document/Reference No'

2018-12-07 03:59:37 - [TEST_STEP][PASSED] - click: Object: 'Object Repository/Final Object Repo/Page_MyASSIST - ASSIST - Search Pending Case For Add Supporting Document/Search Reference No' is clicked on

2018-12-07 03:59:37 - [MESSAGE][PASSED] - Object: 'Object Repository/Final Object Repo/Page_MyASSIST - ASSIST - Search Pending Case For Add Supporting Document/Search Reference No' is clicked on

2018-12-07 03:59:37 - [TEST_STEP][PASSED] - delay: Delayed 2 second(s)

2018-12-07 03:59:39 - [MESSAGE][PASSED] - Delayed 2 second(s)

2018-12-07 03:59:39 - [TEST_STEP][PASSED] - click: Object: 'Object Repository/Final Object Repo/Page_MyASSIST - ASSIST - Search Pending Case For Add Supporting Document/Continue' is clicked on

2018-12-07 03:59:47 - [MESSAGE][PASSED] - Object: 'Object Repository/Final Object Repo/Page_MyASSIST - ASSIST - Search Pending Case For Add Supporting Document/Continue' is clicked on

2018-12-07 03:59:47 - [TEST_STEP][PASSED] - delay: Delayed 20 second(s)

2018-12-07 04:00:07 - [MESSAGE][PASSED] - Delayed 20 second(s)

2018-12-07 04:00:07 - [MESSAGE][PASSED] - Call Test Case 'Test Cases/Final Aug 2018 - PKS Automation/Registration Module/Workflow/Login and Search Case For Workflow' successfully

2018-12-07 04:00:07 - [TEST_STEP][PASSED] - callTestCase: Call Test Case 'Test Cases/Final Aug 2018 - PKS Automation/Registration Module/Workflow/Request SSN/Template/Request SSN - RO (Under enforcement)' successfully

2018-12-07 04:00:07 - [TEST_CASE][PASSED] - Test Cases/Final Aug 2018 - PKS Automation/Registration Module/Workflow/Request SSN/Template/Request SSN - RO (Under enforcement): Test Cases/Final Aug 2018 - PKS Automation/Registration Module/Workflow/Request SSN/Template/Request SSN - RO (Under enforcement)

2018-12-07 04:00:07 - [TEST_STEP][NOT_RUN] - openBrowser: NOT_RUN: openBrowser

2018-12-07 04:00:07 - [MESSAGE][NOT_RUN] - NOT_RUN: openBrowser

2018-12-07 04:00:07 - [TEST_STEP][NOT_RUN] - navigateToUrl: NOT_RUN: navigateToUrl

2018-12-07 04:00:07 - [MESSAGE][NOT_RUN] - NOT_RUN: navigateToUrl

2018-12-07 04:00:07 - [TEST_STEP][NOT_RUN] - setText: NOT_RUN: setText

2018-12-07 04:00:07 - [MESSAGE][NOT_RUN] - NOT_RUN: setText

2018-12-07 04:00:07 - [TEST_STEP][NOT_RUN] - click: NOT_RUN: click

2018-12-07 04:00:07 - [MESSAGE][NOT_RUN] - NOT_RUN: click

2018-12-07 04:00:07 - [TEST_STEP][NOT_RUN] - delay: NOT_RUN: delay

2018-12-07 04:00:07 - [MESSAGE][NOT_RUN] - NOT_RUN: delay

2018-12-07 04:00:07 - [TEST_STEP][NOT_RUN] - setEncryptedText: NOT_RUN: setEncryptedText

2018-12-07 04:00:07 - [MESSAGE][NOT_RUN] - NOT_RUN: setEncryptedText

2018-12-07 04:00:07 - [TEST_STEP][NOT_RUN] - click: NOT_RUN: click

2018-12-07 04:00:07 - [MESSAGE][NOT_RUN] - NOT_RUN: click

2018-12-07 04:00:07 - [TEST_STEP][NOT_RUN] - delay: NOT_RUN: delay

2018-12-07 04:00:07 - [MESSAGE][NOT_RUN] - NOT_RUN: delay

2018-12-07 04:00:07 - [TEST_STEP][NOT_RUN] - click: NOT_RUN: click

2018-12-07 04:00:07 - [MESSAGE][NOT_RUN] - NOT_RUN: click

2018-12-07 04:00:07 - [TEST_STEP][NOT_RUN] - delay: NOT_RUN: delay

2018-12-07 04:00:07 - [MESSAGE][NOT_RUN] - NOT_RUN: delay

2018-12-07 04:00:07 - [TEST_STEP][NOT_RUN] - sendKeys: NOT_RUN: sendKeys

2018-12-07 04:00:07 - [MESSAGE][NOT_RUN] - NOT_RUN: sendKeys

2018-12-07 04:00:07 - [TEST_STEP][NOT_RUN] - click: NOT_RUN: click

2018-12-07 04:00:07 - [MESSAGE][NOT_RUN] - NOT_RUN: click

2018-12-07 04:00:07 - [TEST_STEP][NOT_RUN] - delay: NOT_RUN: delay

2018-12-07 04:00:07 - [MESSAGE][NOT_RUN] - NOT_RUN: delay

2018-12-07 04:00:07 - [TEST_STEP][NOT_RUN] - click: NOT_RUN: click

2018-12-07 04:00:07 - [MESSAGE][NOT_RUN] - NOT_RUN: click

2018-12-07 04:00:07 - [TEST_STEP][PASSED] - click: Object: 'Object Repository/Final Object Repo/Page_Request SSN - ASSIST/Page_Request SSN - ASSIST - RO/Approval For SSN' is clicked on

2018-12-07 04:00:07 - [MESSAGE][PASSED] - Object: 'Object Repository/Final Object Repo/Page_Request SSN - ASSIST/Page_Request SSN - ASSIST - RO/Approval For SSN' is clicked on

2018-12-07 04:00:07 - [TEST_STEP][PASSED] - click: Object: 'Object Repository/Final Object Repo/Page_Request SSN - ASSIST/Page_Request SSN - ASSIST - RO/Approval For SSN - Approve' is clicked on

2018-12-07 04:00:07 - [MESSAGE][PASSED] - Object: 'Object Repository/Final Object Repo/Page_Request SSN - ASSIST/Page_Request SSN - ASSIST - RO/Approval For SSN - Approve' is clicked on

2018-12-07 04:00:07 - [TEST_STEP][PASSED] - delay: Delayed 2 second(s)

2018-12-07 04:00:09 - [MESSAGE][PASSED] - Delayed 2 second(s)

2018-12-07 04:00:09 - [TEST_STEP][PASSED] - click: Object: 'Object Repository/Final Object Repo/Page_Request SSN - ASSIST/Page_Request SSN - ASSIST - RO/Save  Continue in SSN Page' is clicked on

2018-12-07 04:00:10 - [MESSAGE][PASSED] - Object: 'Object Repository/Final Object Repo/Page_Request SSN - ASSIST/Page_Request SSN - ASSIST - RO/Save  Continue in SSN Page' is clicked on

2018-12-07 04:00:10 - [TEST_STEP][PASSED] - delay: Delayed 2 second(s)

2018-12-07 04:00:12 - [MESSAGE][PASSED] - Delayed 2 second(s)

2018-12-07 04:00:12 - [TEST_STEP][PASSED] - click: Object: 'Object Repository/Final Object Repo/Page_Request SSN - ASSIST/Page_Request SSN - ASSIST - RO/Save  Continue in Uploading Document Page' is clicked on

2018-12-07 04:00:14 - [MESSAGE][PASSED] - Object: 'Object Repository/Final Object Repo/Page_Request SSN - ASSIST/Page_Request SSN - ASSIST - RO/Save  Continue in Uploading Document Page' is clicked on

2018-12-07 04:00:14 - [TEST_STEP][PASSED] - delay: Delayed 2 second(s)

2018-12-07 04:00:16 - [MESSAGE][PASSED] - Delayed 2 second(s)

2018-12-07 04:00:16 - [TEST_STEP][PASSED] - click: Object: 'Object Repository/Final Object Repo/Page_Request SSN - ASSIST/Page_Request SSN - ASSIST - RO/Page_Request SSN - ASSIST (Under enforcement)/Under Enforcement' is clicked on

2018-12-07 04:00:19 - [MESSAGE][PASSED] - Object: 'Object Repository/Final Object Repo/Page_Request SSN - ASSIST/Page_Request SSN - ASSIST - RO/Page_Request SSN - ASSIST (Under enforcement)/Under Enforcement' is clicked on

2018-12-07 04:00:19 - [TEST_STEP][PASSED] - delay: Delayed 2 second(s)

2018-12-07 04:00:21 - [MESSAGE][PASSED] - Delayed 2 second(s)

2018-12-07 04:00:21 - [TEST_STEP][PASSED] - sendKeys: Keys 'Remark' sent to object: 'Object Repository/Final Object Repo/Page_Request SSN - ASSIST/Page_Request SSN - ASSIST - RO/Page_Request SSN - ASSIST (Under enforcement)/Under Endorcement - Remark'

2018-12-07 04:00:21 - [MESSAGE][PASSED] - Keys 'Remark' sent to object: 'Object Repository/Final Object Repo/Page_Request SSN - ASSIST/Page_Request SSN - ASSIST - RO/Page_Request SSN - ASSIST (Under enforcement)/Under Endorcement - Remark'

2018-12-07 04:00:21 - [TEST_STEP][PASSED] - delay: Delayed 2 second(s)

2018-12-07 04:00:23 - [MESSAGE][PASSED] - Delayed 2 second(s)

2018-12-07 04:00:23 - [TEST_STEP][PASSED] - click: Object: 'Object Repository/Final Object Repo/Page_Request SSN - ASSIST/Page_Request SSN - ASSIST - RO/Page_Request SSN - ASSIST (Under enforcement)/Save  Continue in Under Enforcement Page' is clicked on

2018-12-07 04:00:23 - [MESSAGE][PASSED] - Object: 'Object Repository/Final Object Repo/Page_Request SSN - ASSIST/Page_Request SSN - ASSIST - RO/Page_Request SSN - ASSIST (Under enforcement)/Save  Continue in Under Enforcement Page' is clicked on

2018-12-07 04:00:23 - [TEST_STEP][PASSED] - delay: Delayed 2 second(s)

2018-12-07 04:00:25 - [MESSAGE][PASSED] - Delayed 2 second(s)

2018-12-07 04:00:25 - [TEST_STEP][PASSED] - verifyElementVisible: Object 'Object Repository/Final Object Repo/Page_Request SSN - ASSIST/Page_Request SSN - ASSIST - RO/Page_Request SSN - ASSIST (Under enforcement)/Message The case is under enforceme' is visible

2018-12-07 04:00:28 - [MESSAGE][PASSED] - Object 'Object Repository/Final Object Repo/Page_Request SSN - ASSIST/Page_Request SSN - ASSIST - RO/Page_Request SSN - ASSIST (Under enforcement)/Message The case is under enforceme' is visible

2018-12-07 04:00:28 - [TEST_STEP][PASSED] - delay: Delayed 2 second(s)

2018-12-07 04:00:30 - [MESSAGE][PASSED] - Delayed 2 second(s)

2018-12-07 04:00:30 - [TEST_STEP][PASSED] - click: Object: 'Object Repository/Final Object Repo/Page_Request SSN - ASSIST/Page_Request SSN - ASSIST - RO/Page_Request SSN - ASSIST (Under enforcement)/OK' is clicked on

2018-12-07 04:00:31 - [MESSAGE][PASSED] - Object: 'Object Repository/Final Object Repo/Page_Request SSN - ASSIST/Page_Request SSN - ASSIST - RO/Page_Request SSN - ASSIST (Under enforcement)/OK' is clicked on

2018-12-07 04:00:31 - [MESSAGE][PASSED] - Call Test Case 'Test Cases/Final Aug 2018 - PKS Automation/Registration Module/Workflow/Request SSN/Template/Request SSN - RO (Under enforcement)' successfully

2018-12-07 04:00:31 - [MESSAGE][PASSED] - Call Test Case 'Test Cases/Final Aug 2018 - PKS Automation/Registration Module/Workflow/Request SSN/Template/Request SSN RIO - RO (Under Enforcement)' successfully]]></system-out>
         <system-err><![CDATA[]]></system-err>
      </testcase>
      <testcase name="Test Cases/Final Aug 2018 - PKS Automation/Registration Module/Workflow/Request SSN/PKRBO - RIO - RO (Approve)" classname="Test Cases/Final Aug 2018 - PKS Automation/Registration Module/Workflow/Request SSN/PKRBO - RIO - RO (Approve)" status="PASSED">
         <system-out><![CDATA[2018-12-07 04:00:31 - [TEST_CASE][PASSED] - Test Cases/Final Aug 2018 - PKS Automation/Registration Module/Workflow/Request SSN/PKRBO - RIO - RO (Approve): Test Cases/Final Aug 2018 - PKS Automation/Registration Module/Workflow/Request SSN/PKRBO - RIO - RO (Approve)

2018-12-07 04:00:31 - [TEST_STEP][PASSED] - callTestCase: Call Test Case 'Test Cases/Final Aug 2018 - PKS Automation/Registration Module/Workflow/Request SSN/Template/Request SSN - PKRBO' successfully

2018-12-07 04:00:32 - [TEST_CASE][PASSED] - Test Cases/Final Aug 2018 - PKS Automation/Registration Module/Workflow/Request SSN/Template/Request SSN - PKRBO: Test Cases/Final Aug 2018 - PKS Automation/Registration Module/Workflow/Request SSN/Template/Request SSN - PKRBO

2018-12-07 04:00:32 - [TEST_STEP][PASSED] - openBrowser: Browser is opened with url: ''

2018-12-07 04:00:32 - [MESSAGE][WARNING] - A browser is already opened. Closing browser and opening a new one

2018-12-07 04:00:36 - [MESSAGE][PASSED] - Browser is opened with url: ''

2018-12-07 04:00:36 - [TEST_STEP][PASSED] - navigateToUrl: Navigate to 'https://assist2-uat.perkeso.gov.my/login' successfully

2018-12-07 04:00:37 - [MESSAGE][PASSED] - Navigate to 'https://assist2-uat.perkeso.gov.my/login' successfully

2018-12-07 04:00:37 - [TEST_STEP][PASSED] - setText: Text 'johorpkrbo1@gmail.com' is set on object 'Object Repository/Final Object Repo/Login Page/Internal User/Email Address'

2018-12-07 04:00:37 - [MESSAGE][PASSED] - Text 'johorpkrbo1@gmail.com' is set on object 'Object Repository/Final Object Repo/Login Page/Internal User/Email Address'

2018-12-07 04:00:37 - [TEST_STEP][PASSED] - click: Object: 'Object Repository/Final Object Repo/Login Page/Internal User/Next Button' is clicked on

2018-12-07 04:00:38 - [MESSAGE][PASSED] - Object: 'Object Repository/Final Object Repo/Login Page/Internal User/Next Button' is clicked on

2018-12-07 04:00:38 - [TEST_STEP][PASSED] - delay: Delayed 1 second(s)

2018-12-07 04:00:39 - [MESSAGE][PASSED] - Delayed 1 second(s)

2018-12-07 04:00:39 - [TEST_STEP][PASSED] - setEncryptedText: Text ****** has been set on object 'Object Repository/Final Object Repo/Login Page/Internal User/Password'

2018-12-07 04:00:39 - [MESSAGE][PASSED] - Text ****** has been set on object 'Object Repository/Final Object Repo/Login Page/Internal User/Password'

2018-12-07 04:00:39 - [TEST_STEP][PASSED] - click: Object: 'Object Repository/Final Object Repo/Login Page/Internal User/Login Button' is clicked on

2018-12-07 04:00:39 - [MESSAGE][PASSED] - Object: 'Object Repository/Final Object Repo/Login Page/Internal User/Login Button' is clicked on

2018-12-07 04:00:39 - [TEST_STEP][PASSED] - Statement - Try: null

2018-12-07 04:00:39 - [TEST_STEP][PASSED] - Statement - Checker = com.kms.katalon.core.webui.keyword.WebUiBuiltInKeywords.verifyElementNotPresent("Final Object Repo/Landing Page/Select to English", 3): null

2018-12-07 04:00:39 - [TEST_STEP][PASSED] - Statement - Catch (Exception e): null

2018-12-07 04:00:39 - [TEST_STEP][PASSED] - Statement - e.printStackTrace(): null

2018-12-07 04:00:39 - [TEST_STEP][PASSED] - delay: Delayed 5 second(s)

2018-12-07 04:00:44 - [MESSAGE][PASSED] - Delayed 5 second(s)

2018-12-07 04:00:44 - [TEST_STEP][PASSED] - delay: Delayed 1 second(s)

2018-12-07 04:00:45 - [MESSAGE][PASSED] - Delayed 1 second(s)

2018-12-07 04:00:45 - [TEST_STEP][PASSED] - navigateToUrl: Navigate to 'https://assist2-uat.perkeso.gov.my/web/registration/request-ssn' successfully

2018-12-07 04:00:49 - [MESSAGE][PASSED] - Navigate to 'https://assist2-uat.perkeso.gov.my/web/registration/request-ssn' successfully

2018-12-07 04:00:49 - [TEST_STEP][PASSED] - setText: Text 'perkeso' is set on object 'Object Repository/Final Object Repo/Page_Request SSN - ASSIST/AI - Name'

2018-12-07 04:00:50 - [MESSAGE][PASSED] - Text 'perkeso' is set on object 'Object Repository/Final Object Repo/Page_Request SSN - ASSIST/AI - Name'

2018-12-07 04:00:50 - [TEST_STEP][PASSED] - click: Object: 'Object Repository/Final Object Repo/Page_Request SSN - ASSIST/AI - DOB' is clicked on

2018-12-07 04:00:50 - [MESSAGE][PASSED] - Object: 'Object Repository/Final Object Repo/Page_Request SSN - ASSIST/AI - DOB' is clicked on

2018-12-07 04:00:50 - [TEST_STEP][PASSED] - selectOptionByValue: All options with value '1995' are selected in object 'Object Repository/Final Object Repo/Page_Request SSN - ASSIST/AI - DOB - Year' 

2018-12-07 04:00:51 - [MESSAGE][PASSED] - All options with value '1995' are selected in object 'Object Repository/Final Object Repo/Page_Request SSN - ASSIST/AI - DOB - Year' 

2018-12-07 04:00:51 - [TEST_STEP][PASSED] - delay: Delayed 3 second(s)

2018-12-07 04:00:54 - [MESSAGE][PASSED] - Delayed 3 second(s)

2018-12-07 04:00:54 - [TEST_STEP][PASSED] - doubleClick: Object: 'Object Repository/Final Object Repo/Page_Request SSN - ASSIST/AI - DOB - Year - Date' is double clicked on

2018-12-07 04:00:54 - [MESSAGE][PASSED] - Object: 'Object Repository/Final Object Repo/Page_Request SSN - ASSIST/AI - DOB - Year - Date' is double clicked on

2018-12-07 04:00:54 - [TEST_STEP][PASSED] - click: Object: 'Object Repository/Final Object Repo/Page_Request SSN - ASSIST/AI - Male' is clicked on

2018-12-07 04:00:54 - [MESSAGE][PASSED] - Object: 'Object Repository/Final Object Repo/Page_Request SSN - ASSIST/AI - Male' is clicked on

2018-12-07 04:00:54 - [TEST_STEP][PASSED] - click: Object: 'Object Repository/Final Object Repo/Page_Request SSN - ASSIST/AI- Race' is clicked on

2018-12-07 04:00:54 - [MESSAGE][PASSED] - Object: 'Object Repository/Final Object Repo/Page_Request SSN - ASSIST/AI- Race' is clicked on

2018-12-07 04:00:54 - [TEST_STEP][PASSED] - click: Object: 'Object Repository/Final Object Repo/Page_Request SSN - ASSIST/AI - Race - Melayu' is clicked on

2018-12-07 04:00:54 - [MESSAGE][PASSED] - Object: 'Object Repository/Final Object Repo/Page_Request SSN - ASSIST/AI - Race - Melayu' is clicked on

2018-12-07 04:00:54 - [TEST_STEP][PASSED] - click: Object: 'Object Repository/Final Object Repo/Page_Request SSN - ASSIST/AI - Religion' is clicked on

2018-12-07 04:00:55 - [MESSAGE][PASSED] - Object: 'Object Repository/Final Object Repo/Page_Request SSN - ASSIST/AI - Religion' is clicked on

2018-12-07 04:00:55 - [TEST_STEP][PASSED] - click: Object: 'Object Repository/Final Object Repo/Page_Request SSN - ASSIST/AI - Religion - Islam' is clicked on

2018-12-07 04:00:55 - [MESSAGE][PASSED] - Object: 'Object Repository/Final Object Repo/Page_Request SSN - ASSIST/AI - Religion - Islam' is clicked on

2018-12-07 04:00:55 - [TEST_STEP][PASSED] - setText: Text '12345' is set on object 'Object Repository/Final Object Repo/Page_Request SSN - ASSIST/AI - Birth Certificate'

2018-12-07 04:00:55 - [MESSAGE][PASSED] - Text '12345' is set on object 'Object Repository/Final Object Repo/Page_Request SSN - ASSIST/AI - Birth Certificate'

2018-12-07 04:00:55 - [TEST_STEP][PASSED] - click: Object: 'Object Repository/Final Object Repo/Page_Request SSN - ASSIST/AI - Nationality' is clicked on

2018-12-07 04:00:56 - [MESSAGE][PASSED] - Object: 'Object Repository/Final Object Repo/Page_Request SSN - ASSIST/AI - Nationality' is clicked on

2018-12-07 04:00:56 - [TEST_STEP][PASSED] - click: Object: 'Object Repository/Final Object Repo/Page_Request SSN - ASSIST/AI - Nationality - Afghanistan' is clicked on

2018-12-07 04:00:56 - [MESSAGE][PASSED] - Object: 'Object Repository/Final Object Repo/Page_Request SSN - ASSIST/AI - Nationality - Afghanistan' is clicked on

2018-12-07 04:00:56 - [TEST_STEP][PASSED] - setText: Text 'PERKESO ADDRESS1' is set on object 'Object Repository/Final Object Repo/Page_Request SSN - ASSIST/AI - Address1'

2018-12-07 04:00:57 - [MESSAGE][PASSED] - Text 'PERKESO ADDRESS1' is set on object 'Object Repository/Final Object Repo/Page_Request SSN - ASSIST/AI - Address1'

2018-12-07 04:00:57 - [TEST_STEP][PASSED] - setText: Text 'PERKESO ADDRESS2' is set on object 'Object Repository/Final Object Repo/Page_Request SSN - ASSIST/AI - Address2'

2018-12-07 04:00:58 - [MESSAGE][PASSED] - Text 'PERKESO ADDRESS2' is set on object 'Object Repository/Final Object Repo/Page_Request SSN - ASSIST/AI - Address2'

2018-12-07 04:00:58 - [TEST_STEP][PASSED] - setText: Text 'PERKESO ADDRESS3' is set on object 'Object Repository/Final Object Repo/Page_Request SSN - ASSIST/AI - Address3'

2018-12-07 04:00:59 - [MESSAGE][PASSED] - Text 'PERKESO ADDRESS3' is set on object 'Object Repository/Final Object Repo/Page_Request SSN - ASSIST/AI - Address3'

2018-12-07 04:00:59 - [TEST_STEP][PASSED] - click: Object: 'Object Repository/Final Object Repo/Page_Request SSN - ASSIST/AI - State' is clicked on

2018-12-07 04:01:00 - [MESSAGE][PASSED] - Object: 'Object Repository/Final Object Repo/Page_Request SSN - ASSIST/AI - State' is clicked on

2018-12-07 04:01:00 - [TEST_STEP][PASSED] - click: Object: 'Object Repository/Final Object Repo/Page_Request SSN - ASSIST/AI - Current Employer State - Johor' is clicked on

2018-12-07 04:01:00 - [MESSAGE][PASSED] - Object: 'Object Repository/Final Object Repo/Page_Request SSN - ASSIST/AI - Current Employer State - Johor' is clicked on

2018-12-07 04:01:00 - [TEST_STEP][PASSED] - click: Object: 'Object Repository/Final Object Repo/Page_Request SSN - ASSIST/AI - City' is clicked on

2018-12-07 04:01:00 - [MESSAGE][PASSED] - Object: 'Object Repository/Final Object Repo/Page_Request SSN - ASSIST/AI - City' is clicked on

2018-12-07 04:01:00 - [TEST_STEP][PASSED] - setText: Text 'JOH' is set on object 'Object Repository/Final Object Repo/Page_Request SSN - ASSIST/AI - City - JOH'

2018-12-07 04:01:01 - [MESSAGE][PASSED] - Text 'JOH' is set on object 'Object Repository/Final Object Repo/Page_Request SSN - ASSIST/AI - City - JOH'

2018-12-07 04:01:01 - [TEST_STEP][PASSED] - delay: Delayed 3 second(s)

2018-12-07 04:01:04 - [MESSAGE][PASSED] - Delayed 3 second(s)

2018-12-07 04:01:04 - [TEST_STEP][PASSED] - click: Object: 'Object Repository/Final Object Repo/Page_Request SSN - ASSIST/AI - City - Johor Bharu' is clicked on

2018-12-07 04:01:04 - [MESSAGE][PASSED] - Object: 'Object Repository/Final Object Repo/Page_Request SSN - ASSIST/AI - City - Johor Bharu' is clicked on

2018-12-07 04:01:04 - [TEST_STEP][PASSED] - click: Object: 'Object Repository/Final Object Repo/Page_Request SSN - ASSIST/AI - Post Code' is clicked on

2018-12-07 04:01:05 - [MESSAGE][PASSED] - Object: 'Object Repository/Final Object Repo/Page_Request SSN - ASSIST/AI - Post Code' is clicked on

2018-12-07 04:01:05 - [TEST_STEP][PASSED] - setText: Text '810' is set on object 'Object Repository/Final Object Repo/Page_Request SSN - ASSIST/AI - City - JOH'

2018-12-07 04:01:05 - [MESSAGE][PASSED] - Text '810' is set on object 'Object Repository/Final Object Repo/Page_Request SSN - ASSIST/AI - City - JOH'

2018-12-07 04:01:05 - [TEST_STEP][PASSED] - delay: Delayed 3 second(s)

2018-12-07 04:01:08 - [MESSAGE][PASSED] - Delayed 3 second(s)

2018-12-07 04:01:08 - [TEST_STEP][PASSED] - click: Object: 'Object Repository/Final Object Repo/Page_Request SSN - ASSIST/AI - PostCode - 81000' is clicked on

2018-12-07 04:01:08 - [MESSAGE][PASSED] - Object: 'Object Repository/Final Object Repo/Page_Request SSN - ASSIST/AI - PostCode - 81000' is clicked on

2018-12-07 04:01:08 - [TEST_STEP][PASSED] - setText: Text '100' is set on object 'Object Repository/Final Object Repo/Page_Request SSN - ASSIST/P.O.BOX'

2018-12-07 04:01:09 - [MESSAGE][PASSED] - Text '100' is set on object 'Object Repository/Final Object Repo/Page_Request SSN - ASSIST/P.O.BOX'

2018-12-07 04:01:09 - [TEST_STEP][PASSED] - setText: Text '100' is set on object 'Object Repository/Final Object Repo/Page_Request SSN - ASSIST/Locked Bag No'

2018-12-07 04:01:09 - [MESSAGE][PASSED] - Text '100' is set on object 'Object Repository/Final Object Repo/Page_Request SSN - ASSIST/Locked Bag No'

2018-12-07 04:01:09 - [TEST_STEP][PASSED] - delay: Delayed 2 second(s)

2018-12-07 04:01:11 - [MESSAGE][PASSED] - Delayed 2 second(s)

2018-12-07 04:01:11 - [TEST_STEP][PASSED] - setText: Text '123456789' is set on object 'Object Repository/Final Object Repo/Page_Request SSN - ASSIST/AI - Telephone No'

2018-12-07 04:01:12 - [MESSAGE][PASSED] - Text '123456789' is set on object 'Object Repository/Final Object Repo/Page_Request SSN - ASSIST/AI - Telephone No'

2018-12-07 04:01:12 - [TEST_STEP][PASSED] - click: Object: 'Object Repository/Final Object Repo/Page_Request SSN - ASSIST/AI - Occupation' is clicked on

2018-12-07 04:01:12 - [MESSAGE][PASSED] - Object: 'Object Repository/Final Object Repo/Page_Request SSN - ASSIST/AI - Occupation' is clicked on

2018-12-07 04:01:12 - [TEST_STEP][PASSED] - click: Object: 'Object Repository/Final Object Repo/Page_Request SSN - ASSIST/AI - Occupation - NUMERICAL AND MATERIAL R' is clicked on

2018-12-07 04:01:12 - [MESSAGE][PASSED] - Object: 'Object Repository/Final Object Repo/Page_Request SSN - ASSIST/AI - Occupation - NUMERICAL AND MATERIAL R' is clicked on

2018-12-07 04:01:12 - [TEST_STEP][PASSED] - delay: Delayed 2 second(s)

2018-12-07 04:01:14 - [MESSAGE][PASSED] - Delayed 2 second(s)

2018-12-07 04:01:14 - [TEST_STEP][PASSED] - click: Object: 'Object Repository/Final Object Repo/Page_Request SSN - ASSIST/AI - Sub Occupation' is clicked on

2018-12-07 04:01:15 - [MESSAGE][PASSED] - Object: 'Object Repository/Final Object Repo/Page_Request SSN - ASSIST/AI - Sub Occupation' is clicked on

2018-12-07 04:01:15 - [TEST_STEP][PASSED] - click: Object: 'Object Repository/Final Object Repo/Page_Request SSN - ASSIST/AI - Sub Occupation - Stock Clerks' is clicked on

2018-12-07 04:01:15 - [MESSAGE][PASSED] - Object: 'Object Repository/Final Object Repo/Page_Request SSN - ASSIST/AI - Sub Occupation - Stock Clerks' is clicked on

2018-12-07 04:01:15 - [TEST_STEP][PASSED] - delay: Delayed 2 second(s)

2018-12-07 04:01:17 - [MESSAGE][PASSED] - Delayed 2 second(s)

2018-12-07 04:01:17 - [TEST_STEP][PASSED] - click: Object: 'Object Repository/Final Object Repo/Page_Request SSN - ASSIST/AI - Sub Occupation List' is clicked on

2018-12-07 04:01:17 - [MESSAGE][PASSED] - Object: 'Object Repository/Final Object Repo/Page_Request SSN - ASSIST/AI - Sub Occupation List' is clicked on

2018-12-07 04:01:17 - [TEST_STEP][PASSED] - click: Object: 'Object Repository/Final Object Repo/Page_Request SSN - ASSIST/AI - Sub Occupation List - Clerk raw material' is clicked on

2018-12-07 04:01:17 - [MESSAGE][PASSED] - Object: 'Object Repository/Final Object Repo/Page_Request SSN - ASSIST/AI - Sub Occupation List - Clerk raw material' is clicked on

2018-12-07 04:01:17 - [TEST_STEP][PASSED] - click: Object: 'Object Repository/Final Object Repo/Page_Request SSN - ASSIST/AI - Employment Start Date' is clicked on

2018-12-07 04:01:18 - [MESSAGE][PASSED] - Object: 'Object Repository/Final Object Repo/Page_Request SSN - ASSIST/AI - Employment Start Date' is clicked on

2018-12-07 04:01:18 - [TEST_STEP][PASSED] - click: Object: 'Object Repository/Final Object Repo/Page_Request SSN - ASSIST/AI - DOB - Year - Date' is clicked on

2018-12-07 04:01:18 - [MESSAGE][PASSED] - Object: 'Object Repository/Final Object Repo/Page_Request SSN - ASSIST/AI - DOB - Year - Date' is clicked on

2018-12-07 04:01:18 - [TEST_STEP][PASSED] - setText: Text 'perkeso' is set on object 'Object Repository/Final Object Repo/Page_Request SSN - ASSIST/AI - Current Employer Name'

2018-12-07 04:01:19 - [MESSAGE][PASSED] - Text 'perkeso' is set on object 'Object Repository/Final Object Repo/Page_Request SSN - ASSIST/AI - Current Employer Name'

2018-12-07 04:01:19 - [TEST_STEP][PASSED] - setText: Text 'perkeso1' is set on object 'Object Repository/Final Object Repo/Page_Request SSN - ASSIST/AI - Current Employer Address1'

2018-12-07 04:01:19 - [MESSAGE][PASSED] - Text 'perkeso1' is set on object 'Object Repository/Final Object Repo/Page_Request SSN - ASSIST/AI - Current Employer Address1'

2018-12-07 04:01:19 - [TEST_STEP][PASSED] - setText: Text 'perkeso2' is set on object 'Object Repository/Final Object Repo/Page_Request SSN - ASSIST/AI - Current Employer Address2'

2018-12-07 04:01:20 - [MESSAGE][PASSED] - Text 'perkeso2' is set on object 'Object Repository/Final Object Repo/Page_Request SSN - ASSIST/AI - Current Employer Address2'

2018-12-07 04:01:20 - [TEST_STEP][PASSED] - setText: Text 'perkeso3' is set on object 'Object Repository/Final Object Repo/Page_Request SSN - ASSIST/AI - Current Employer Address3'

2018-12-07 04:01:21 - [MESSAGE][PASSED] - Text 'perkeso3' is set on object 'Object Repository/Final Object Repo/Page_Request SSN - ASSIST/AI - Current Employer Address3'

2018-12-07 04:01:21 - [TEST_STEP][PASSED] - click: Object: 'Object Repository/Final Object Repo/Page_Request SSN - ASSIST/AI - Current Employer State' is clicked on

2018-12-07 04:01:21 - [MESSAGE][PASSED] - Object: 'Object Repository/Final Object Repo/Page_Request SSN - ASSIST/AI - Current Employer State' is clicked on

2018-12-07 04:01:21 - [TEST_STEP][PASSED] - click: Object: 'Object Repository/Final Object Repo/Page_Request SSN - ASSIST/AI - Current Employer State - Johor 1' is clicked on

2018-12-07 04:01:21 - [MESSAGE][PASSED] - Object: 'Object Repository/Final Object Repo/Page_Request SSN - ASSIST/AI - Current Employer State - Johor 1' is clicked on

2018-12-07 04:01:21 - [TEST_STEP][PASSED] - click: Object: 'Object Repository/Final Object Repo/Page_Request SSN - ASSIST/AI - Current Employer City' is clicked on

2018-12-07 04:01:22 - [MESSAGE][PASSED] - Object: 'Object Repository/Final Object Repo/Page_Request SSN - ASSIST/AI - Current Employer City' is clicked on

2018-12-07 04:01:22 - [TEST_STEP][PASSED] - setText: Text 'joh' is set on object 'Object Repository/Final Object Repo/Page_Request SSN - ASSIST/AI - City - JOH'

2018-12-07 04:01:22 - [MESSAGE][PASSED] - Text 'joh' is set on object 'Object Repository/Final Object Repo/Page_Request SSN - ASSIST/AI - City - JOH'

2018-12-07 04:01:22 - [TEST_STEP][PASSED] - delay: Delayed 2 second(s)

2018-12-07 04:01:24 - [MESSAGE][PASSED] - Delayed 2 second(s)

2018-12-07 04:01:24 - [TEST_STEP][PASSED] - click: Object: 'Object Repository/Final Object Repo/Page_Request SSN - ASSIST/AI - City - Johor Bharu' is clicked on

2018-12-07 04:01:24 - [MESSAGE][PASSED] - Object: 'Object Repository/Final Object Repo/Page_Request SSN - ASSIST/AI - City - Johor Bharu' is clicked on

2018-12-07 04:01:24 - [TEST_STEP][PASSED] - click: Object: 'Object Repository/Final Object Repo/Page_Request SSN - ASSIST/AI - Current Employer Postcode' is clicked on

2018-12-07 04:01:25 - [MESSAGE][PASSED] - Object: 'Object Repository/Final Object Repo/Page_Request SSN - ASSIST/AI - Current Employer Postcode' is clicked on

2018-12-07 04:01:25 - [TEST_STEP][PASSED] - setText: Text '810' is set on object 'Object Repository/Final Object Repo/Page_Request SSN - ASSIST/AI - City - JOH'

2018-12-07 04:01:25 - [MESSAGE][PASSED] - Text '810' is set on object 'Object Repository/Final Object Repo/Page_Request SSN - ASSIST/AI - City - JOH'

2018-12-07 04:01:25 - [TEST_STEP][PASSED] - delay: Delayed 2 second(s)

2018-12-07 04:01:27 - [MESSAGE][PASSED] - Delayed 2 second(s)

2018-12-07 04:01:27 - [TEST_STEP][PASSED] - click: Object: 'Object Repository/Final Object Repo/Page_Request SSN - ASSIST/AI - PostCode - 81000' is clicked on

2018-12-07 04:01:28 - [MESSAGE][PASSED] - Object: 'Object Repository/Final Object Repo/Page_Request SSN - ASSIST/AI - PostCode - 81000' is clicked on

2018-12-07 04:01:28 - [TEST_STEP][NOT_RUN] - setText: NOT_RUN: setText

2018-12-07 04:01:28 - [MESSAGE][NOT_RUN] - NOT_RUN: setText

2018-12-07 04:01:28 - [TEST_STEP][NOT_RUN] - setText: NOT_RUN: setText

2018-12-07 04:01:28 - [MESSAGE][NOT_RUN] - NOT_RUN: setText

2018-12-07 04:01:28 - [TEST_STEP][NOT_RUN] - click: NOT_RUN: click

2018-12-07 04:01:28 - [MESSAGE][NOT_RUN] - NOT_RUN: click

2018-12-07 04:01:28 - [TEST_STEP][NOT_RUN] - click: NOT_RUN: click

2018-12-07 04:01:28 - [MESSAGE][NOT_RUN] - NOT_RUN: click

2018-12-07 04:01:28 - [TEST_STEP][NOT_RUN] - setText: NOT_RUN: setText

2018-12-07 04:01:28 - [MESSAGE][NOT_RUN] - NOT_RUN: setText

2018-12-07 04:01:28 - [TEST_STEP][NOT_RUN] - click: NOT_RUN: click

2018-12-07 04:01:28 - [MESSAGE][NOT_RUN] - NOT_RUN: click

2018-12-07 04:01:28 - [TEST_STEP][NOT_RUN] - click: NOT_RUN: click

2018-12-07 04:01:28 - [MESSAGE][NOT_RUN] - NOT_RUN: click

2018-12-07 04:01:28 - [TEST_STEP][NOT_RUN] - click: NOT_RUN: click

2018-12-07 04:01:28 - [MESSAGE][NOT_RUN] - NOT_RUN: click

2018-12-07 04:01:28 - [TEST_STEP][NOT_RUN] - click: NOT_RUN: click

2018-12-07 04:01:28 - [MESSAGE][NOT_RUN] - NOT_RUN: click

2018-12-07 04:01:28 - [TEST_STEP][NOT_RUN] - click: NOT_RUN: click

2018-12-07 04:01:28 - [MESSAGE][NOT_RUN] - NOT_RUN: click

2018-12-07 04:01:28 - [TEST_STEP][NOT_RUN] - click: NOT_RUN: click

2018-12-07 04:01:28 - [MESSAGE][NOT_RUN] - NOT_RUN: click

2018-12-07 04:01:28 - [TEST_STEP][NOT_RUN] - setText: NOT_RUN: setText

2018-12-07 04:01:28 - [MESSAGE][NOT_RUN] - NOT_RUN: setText

2018-12-07 04:01:28 - [TEST_STEP][NOT_RUN] - setText: NOT_RUN: setText

2018-12-07 04:01:28 - [MESSAGE][NOT_RUN] - NOT_RUN: setText

2018-12-07 04:01:28 - [TEST_STEP][NOT_RUN] - setText: NOT_RUN: setText

2018-12-07 04:01:28 - [MESSAGE][NOT_RUN] - NOT_RUN: setText

2018-12-07 04:01:28 - [TEST_STEP][NOT_RUN] - click: NOT_RUN: click

2018-12-07 04:01:28 - [MESSAGE][NOT_RUN] - NOT_RUN: click

2018-12-07 04:01:28 - [TEST_STEP][NOT_RUN] - click: NOT_RUN: click

2018-12-07 04:01:28 - [MESSAGE][NOT_RUN] - NOT_RUN: click

2018-12-07 04:01:28 - [TEST_STEP][NOT_RUN] - click: NOT_RUN: click

2018-12-07 04:01:28 - [MESSAGE][NOT_RUN] - NOT_RUN: click

2018-12-07 04:01:28 - [TEST_STEP][NOT_RUN] - setText: NOT_RUN: setText

2018-12-07 04:01:28 - [MESSAGE][NOT_RUN] - NOT_RUN: setText

2018-12-07 04:01:28 - [TEST_STEP][NOT_RUN] - delay: NOT_RUN: delay

2018-12-07 04:01:28 - [MESSAGE][NOT_RUN] - NOT_RUN: delay

2018-12-07 04:01:28 - [TEST_STEP][NOT_RUN] - click: NOT_RUN: click

2018-12-07 04:01:28 - [MESSAGE][NOT_RUN] - NOT_RUN: click

2018-12-07 04:01:28 - [TEST_STEP][NOT_RUN] - click: NOT_RUN: click

2018-12-07 04:01:28 - [MESSAGE][NOT_RUN] - NOT_RUN: click

2018-12-07 04:01:28 - [TEST_STEP][NOT_RUN] - click: NOT_RUN: click

2018-12-07 04:01:28 - [MESSAGE][NOT_RUN] - NOT_RUN: click

2018-12-07 04:01:28 - [TEST_STEP][NOT_RUN] - setText: NOT_RUN: setText

2018-12-07 04:01:28 - [MESSAGE][NOT_RUN] - NOT_RUN: setText

2018-12-07 04:01:28 - [TEST_STEP][NOT_RUN] - delay: NOT_RUN: delay

2018-12-07 04:01:28 - [MESSAGE][NOT_RUN] - NOT_RUN: delay

2018-12-07 04:01:28 - [TEST_STEP][NOT_RUN] - click: NOT_RUN: click

2018-12-07 04:01:28 - [MESSAGE][NOT_RUN] - NOT_RUN: click

2018-12-07 04:01:28 - [TEST_STEP][NOT_RUN] - delay: NOT_RUN: delay

2018-12-07 04:01:28 - [MESSAGE][NOT_RUN] - NOT_RUN: delay

2018-12-07 04:01:28 - [TEST_STEP][NOT_RUN] - setText: NOT_RUN: setText

2018-12-07 04:01:28 - [MESSAGE][NOT_RUN] - NOT_RUN: setText

2018-12-07 04:01:28 - [TEST_STEP][NOT_RUN] - setText: NOT_RUN: setText

2018-12-07 04:01:28 - [MESSAGE][NOT_RUN] - NOT_RUN: setText

2018-12-07 04:01:28 - [TEST_STEP][NOT_RUN] - setText: NOT_RUN: setText

2018-12-07 04:01:28 - [MESSAGE][NOT_RUN] - NOT_RUN: setText

2018-12-07 04:01:28 - [TEST_STEP][NOT_RUN] - click: NOT_RUN: click

2018-12-07 04:01:28 - [MESSAGE][NOT_RUN] - NOT_RUN: click

2018-12-07 04:01:28 - [TEST_STEP][NOT_RUN] - click: NOT_RUN: click

2018-12-07 04:01:28 - [MESSAGE][NOT_RUN] - NOT_RUN: click

2018-12-07 04:01:28 - [TEST_STEP][NOT_RUN] - setText: NOT_RUN: setText

2018-12-07 04:01:28 - [MESSAGE][NOT_RUN] - NOT_RUN: setText

2018-12-07 04:01:28 - [TEST_STEP][NOT_RUN] - click: NOT_RUN: click

2018-12-07 04:01:28 - [MESSAGE][NOT_RUN] - NOT_RUN: click

2018-12-07 04:01:28 - [TEST_STEP][NOT_RUN] - click: NOT_RUN: click

2018-12-07 04:01:28 - [MESSAGE][NOT_RUN] - NOT_RUN: click

2018-12-07 04:01:28 - [TEST_STEP][NOT_RUN] - click: NOT_RUN: click

2018-12-07 04:01:28 - [MESSAGE][NOT_RUN] - NOT_RUN: click

2018-12-07 04:01:28 - [TEST_STEP][NOT_RUN] - click: NOT_RUN: click

2018-12-07 04:01:28 - [MESSAGE][NOT_RUN] - NOT_RUN: click

2018-12-07 04:01:28 - [TEST_STEP][NOT_RUN] - click: NOT_RUN: click

2018-12-07 04:01:28 - [MESSAGE][NOT_RUN] - NOT_RUN: click

2018-12-07 04:01:28 - [TEST_STEP][NOT_RUN] - click: NOT_RUN: click

2018-12-07 04:01:28 - [MESSAGE][NOT_RUN] - NOT_RUN: click

2018-12-07 04:01:28 - [TEST_STEP][NOT_RUN] - setText: NOT_RUN: setText

2018-12-07 04:01:28 - [MESSAGE][NOT_RUN] - NOT_RUN: setText

2018-12-07 04:01:28 - [TEST_STEP][NOT_RUN] - setText: NOT_RUN: setText

2018-12-07 04:01:28 - [MESSAGE][NOT_RUN] - NOT_RUN: setText

2018-12-07 04:01:28 - [TEST_STEP][NOT_RUN] - setText: NOT_RUN: setText

2018-12-07 04:01:28 - [MESSAGE][NOT_RUN] - NOT_RUN: setText

2018-12-07 04:01:28 - [TEST_STEP][NOT_RUN] - click: NOT_RUN: click

2018-12-07 04:01:28 - [MESSAGE][NOT_RUN] - NOT_RUN: click

2018-12-07 04:01:28 - [TEST_STEP][NOT_RUN] - click: NOT_RUN: click

2018-12-07 04:01:28 - [MESSAGE][NOT_RUN] - NOT_RUN: click

2018-12-07 04:01:28 - [TEST_STEP][NOT_RUN] - click: NOT_RUN: click

2018-12-07 04:01:28 - [MESSAGE][NOT_RUN] - NOT_RUN: click

2018-12-07 04:01:28 - [TEST_STEP][NOT_RUN] - delay: NOT_RUN: delay

2018-12-07 04:01:28 - [MESSAGE][NOT_RUN] - NOT_RUN: delay

2018-12-07 04:01:28 - [TEST_STEP][NOT_RUN] - setText: NOT_RUN: setText

2018-12-07 04:01:28 - [MESSAGE][NOT_RUN] - NOT_RUN: setText

2018-12-07 04:01:28 - [TEST_STEP][NOT_RUN] - delay: NOT_RUN: delay

2018-12-07 04:01:28 - [MESSAGE][NOT_RUN] - NOT_RUN: delay

2018-12-07 04:01:28 - [TEST_STEP][NOT_RUN] - click: NOT_RUN: click

2018-12-07 04:01:28 - [MESSAGE][NOT_RUN] - NOT_RUN: click

2018-12-07 04:01:28 - [TEST_STEP][NOT_RUN] - doubleClick: NOT_RUN: doubleClick

2018-12-07 04:01:28 - [MESSAGE][NOT_RUN] - NOT_RUN: doubleClick

2018-12-07 04:01:28 - [TEST_STEP][NOT_RUN] - click: NOT_RUN: click

2018-12-07 04:01:28 - [MESSAGE][NOT_RUN] - NOT_RUN: click

2018-12-07 04:01:28 - [TEST_STEP][NOT_RUN] - setText: NOT_RUN: setText

2018-12-07 04:01:28 - [MESSAGE][NOT_RUN] - NOT_RUN: setText

2018-12-07 04:01:28 - [TEST_STEP][NOT_RUN] - delay: NOT_RUN: delay

2018-12-07 04:01:28 - [MESSAGE][NOT_RUN] - NOT_RUN: delay

2018-12-07 04:01:28 - [TEST_STEP][NOT_RUN] - click: NOT_RUN: click

2018-12-07 04:01:28 - [MESSAGE][NOT_RUN] - NOT_RUN: click

2018-12-07 04:01:28 - [TEST_STEP][NOT_RUN] - delay: NOT_RUN: delay

2018-12-07 04:01:28 - [MESSAGE][NOT_RUN] - NOT_RUN: delay

2018-12-07 04:01:28 - [TEST_STEP][NOT_RUN] - setText: NOT_RUN: setText

2018-12-07 04:01:28 - [MESSAGE][NOT_RUN] - NOT_RUN: setText

2018-12-07 04:01:28 - [TEST_STEP][PASSED] - click: Object: 'Object Repository/Final Object Repo/Page_Request SSN - ASSIST/Save  Continue' is clicked on

2018-12-07 04:01:28 - [MESSAGE][PASSED] - Object: 'Object Repository/Final Object Repo/Page_Request SSN - ASSIST/Save  Continue' is clicked on

2018-12-07 04:01:28 - [TEST_STEP][PASSED] - delay: Delayed 3 second(s)

2018-12-07 04:01:31 - [MESSAGE][PASSED] - Delayed 3 second(s)

2018-12-07 04:01:31 - [TEST_STEP][PASSED] - Statement - CaseReferenceNo = com.kms.katalon.core.webui.keyword.WebUiBuiltInKeywords.getText(com.kms.katalon.core.testobject.ObjectRepository.findTestObject(Final Object Repo/Page_Request SSN - ASSIST/Reference Number in Uploading Page)): Text of object 'Object Repository/Final Object Repo/Page_Request SSN - ASSIST/Reference Number in Uploading Page' is: 'SSN12201800001183'

2018-12-07 04:01:31 - [MESSAGE][PASSED] - Text of object 'Object Repository/Final Object Repo/Page_Request SSN - ASSIST/Reference Number in Uploading Page' is: 'SSN12201800001183'

2018-12-07 04:01:31 - [TEST_STEP][PASSED] - callTestCase: Call Test Case 'Test Cases/Final Aug 2018 - PKS Automation/Common/Reference Number Setter' successfully

2018-12-07 04:01:31 - [TEST_CASE][PASSED] - Test Cases/Final Aug 2018 - PKS Automation/Common/Reference Number Setter: Test Cases/Final Aug 2018 - PKS Automation/Common/Reference Number Setter

2018-12-07 04:01:31 - [TEST_STEP][PASSED] - Statement - RefNoOldFile = new java.io.File(C://Users//Admin//Desktop//PKS//Automation Reference Point//KatalonReference.txt): null

2018-12-07 04:01:31 - [TEST_STEP][PASSED] - Statement - RefNoOldFile.delete(): null

2018-12-07 04:01:31 - [TEST_STEP][PASSED] - delay: Delayed 5 second(s)

2018-12-07 04:01:36 - [MESSAGE][PASSED] - Delayed 5 second(s)

2018-12-07 04:01:36 - [TEST_STEP][PASSED] - Statement - RefNo = new java.io.File(C://Users//Admin//Desktop//PKS//Automation Reference Point//KatalonReference.txt): null

2018-12-07 04:01:36 - [TEST_STEP][PASSED] - Statement - f2 = new java.io.FileWriter(RefNo, false): null

2018-12-07 04:01:36 - [TEST_STEP][PASSED] - Statement - f2.write(CaseReferenceNo): null

2018-12-07 04:01:36 - [TEST_STEP][PASSED] - Statement - f2.close(): null

2018-12-07 04:01:36 - [TEST_STEP][PASSED] - Statement - out.println("


" + CaseReferenceNo + "


"): null

2018-12-07 04:01:36 - [MESSAGE][PASSED] - Call Test Case 'Test Cases/Final Aug 2018 - PKS Automation/Common/Reference Number Setter' successfully

2018-12-07 04:01:36 - [TEST_STEP][PASSED] - click: Object: 'Object Repository/Final Object Repo/Page_Request SSN - ASSIST/Add Document Button' is clicked on

2018-12-07 04:01:36 - [MESSAGE][PASSED] - Object: 'Object Repository/Final Object Repo/Page_Request SSN - ASSIST/Add Document Button' is clicked on

2018-12-07 04:01:36 - [TEST_STEP][PASSED] - delay: Delayed 2 second(s)

2018-12-07 04:01:38 - [MESSAGE][PASSED] - Delayed 2 second(s)

2018-12-07 04:01:38 - [TEST_STEP][PASSED] - click: Object: 'Object Repository/Final Object Repo/Page_Request SSN - ASSIST/Document Type' is clicked on

2018-12-07 04:01:39 - [MESSAGE][PASSED] - Object: 'Object Repository/Final Object Repo/Page_Request SSN - ASSIST/Document Type' is clicked on

2018-12-07 04:01:39 - [TEST_STEP][PASSED] - click: Object: 'Object Repository/Final Object Repo/Page_Request SSN - ASSIST/Document Type - Birth Certificate' is clicked on

2018-12-07 04:01:39 - [MESSAGE][PASSED] - Object: 'Object Repository/Final Object Repo/Page_Request SSN - ASSIST/Document Type - Birth Certificate' is clicked on

2018-12-07 04:01:39 - [TEST_STEP][PASSED] - sendKeys: Keys 'C:\Users\Public\Pictures\Sample Pictures\Koala.jpg' sent to object: 'Object Repository/Final Object Repo/Page_Request SSN - ASSIST/Upload File'

2018-12-07 04:01:39 - [MESSAGE][PASSED] - Keys 'C:\Users\Public\Pictures\Sample Pictures\Koala.jpg' sent to object: 'Object Repository/Final Object Repo/Page_Request SSN - ASSIST/Upload File'

2018-12-07 04:01:39 - [TEST_STEP][PASSED] - click: Object: 'Object Repository/Final Object Repo/Page_Request SSN - ASSIST/Add Document' is clicked on

2018-12-07 04:01:40 - [MESSAGE][PASSED] - Object: 'Object Repository/Final Object Repo/Page_Request SSN - ASSIST/Add Document' is clicked on

2018-12-07 04:01:40 - [TEST_STEP][PASSED] - delay: Delayed 20 second(s)

2018-12-07 04:02:00 - [MESSAGE][PASSED] - Delayed 20 second(s)

2018-12-07 04:02:00 - [TEST_STEP][PASSED] - click: Object: 'Object Repository/Final Object Repo/Page_Request SSN - ASSIST/Save  Continue in Uploading Document Page' is clicked on

2018-12-07 04:02:00 - [MESSAGE][PASSED] - Object: 'Object Repository/Final Object Repo/Page_Request SSN - ASSIST/Save  Continue in Uploading Document Page' is clicked on

2018-12-07 04:02:00 - [TEST_STEP][PASSED] - delay: Delayed 2 second(s)

2018-12-07 04:02:02 - [MESSAGE][PASSED] - Delayed 2 second(s)

2018-12-07 04:02:02 - [TEST_STEP][PASSED] - click: Object: 'Object Repository/Final Object Repo/Page_Request SSN - ASSIST/Submit' is clicked on

2018-12-07 04:02:05 - [MESSAGE][PASSED] - Object: 'Object Repository/Final Object Repo/Page_Request SSN - ASSIST/Submit' is clicked on

2018-12-07 04:02:05 - [TEST_STEP][PASSED] - delay: Delayed 2 second(s)

2018-12-07 04:02:07 - [MESSAGE][PASSED] - Delayed 2 second(s)

2018-12-07 04:02:07 - [TEST_STEP][PASSED] - click: Object: 'Object Repository/Final Object Repo/Page_Request SSN - ASSIST/Confirm' is clicked on

2018-12-07 04:02:07 - [MESSAGE][PASSED] - Object: 'Object Repository/Final Object Repo/Page_Request SSN - ASSIST/Confirm' is clicked on

2018-12-07 04:02:07 - [TEST_STEP][PASSED] - delay: Delayed 2 second(s)

2018-12-07 04:02:09 - [MESSAGE][PASSED] - Delayed 2 second(s)

2018-12-07 04:02:09 - [TEST_STEP][PASSED] - verifyElementVisible: Object 'Object Repository/Final Object Repo/Page_Request SSN - ASSIST/Message This Case will be routed to RIO' is visible

2018-12-07 04:02:14 - [MESSAGE][PASSED] - Object 'Object Repository/Final Object Repo/Page_Request SSN - ASSIST/Message This Case will be routed to RIO' is visible

2018-12-07 04:02:14 - [TEST_STEP][PASSED] - delay: Delayed 2 second(s)

2018-12-07 04:02:16 - [MESSAGE][PASSED] - Delayed 2 second(s)

2018-12-07 04:02:16 - [TEST_STEP][PASSED] - verifyElementVisible: Object 'Object Repository/Final Object Repo/Page_Request SSN - ASSIST/Letter of acknowledgement' is visible

2018-12-07 04:02:16 - [MESSAGE][PASSED] - Object 'Object Repository/Final Object Repo/Page_Request SSN - ASSIST/Letter of acknowledgement' is visible

2018-12-07 04:02:16 - [MESSAGE][PASSED] - Call Test Case 'Test Cases/Final Aug 2018 - PKS Automation/Registration Module/Workflow/Request SSN/Template/Request SSN - PKRBO' successfully

2018-12-07 04:02:16 - [TEST_STEP][PASSED] - callTestCase: Call Test Case 'Test Cases/Final Aug 2018 - PKS Automation/Registration Module/Workflow/Request SSN/Template/Request SSN RIO - RO (Approve and Using Current Employer Code)' successfully

2018-12-07 04:02:17 - [TEST_CASE][PASSED] - Test Cases/Final Aug 2018 - PKS Automation/Registration Module/Workflow/Request SSN/Template/Request SSN RIO - RO (Approve and Using Current Employer Code): Test Cases/Final Aug 2018 - PKS Automation/Registration Module/Workflow/Request SSN/Template/Request SSN RIO - RO (Approve and Using Current Employer Code)

2018-12-07 04:02:17 - [TEST_STEP][PASSED] - callTestCase: Call Test Case 'Test Cases/Final Aug 2018 - PKS Automation/Registration Module/Workflow/Request SSN/Template/Request SSN - OTC (Using Current Employer Code)' successfully

2018-12-07 04:02:17 - [TEST_CASE][PASSED] - Test Cases/Final Aug 2018 - PKS Automation/Registration Module/Workflow/Request SSN/Template/Request SSN - OTC (Using Current Employer Code): Test Cases/Final Aug 2018 - PKS Automation/Registration Module/Workflow/Request SSN/Template/Request SSN - OTC (Using Current Employer Code)

2018-12-07 04:02:17 - [TEST_STEP][PASSED] - openBrowser: Browser is opened with url: ''

2018-12-07 04:02:17 - [MESSAGE][WARNING] - A browser is already opened. Closing browser and opening a new one

2018-12-07 04:02:21 - [MESSAGE][PASSED] - Browser is opened with url: ''

2018-12-07 04:02:21 - [TEST_STEP][PASSED] - navigateToUrl: Navigate to 'https://assist2-uat.perkeso.gov.my/login' successfully

2018-12-07 04:02:22 - [MESSAGE][PASSED] - Navigate to 'https://assist2-uat.perkeso.gov.my/login' successfully

2018-12-07 04:02:22 - [TEST_STEP][PASSED] - setText: Text 'johorotc1@gmail.com' is set on object 'Object Repository/Final Object Repo/Login Page/Internal User/Email Address'

2018-12-07 04:02:23 - [MESSAGE][PASSED] - Text 'johorotc1@gmail.com' is set on object 'Object Repository/Final Object Repo/Login Page/Internal User/Email Address'

2018-12-07 04:02:23 - [TEST_STEP][PASSED] - click: Object: 'Object Repository/Final Object Repo/Login Page/Internal User/Next Button' is clicked on

2018-12-07 04:02:23 - [MESSAGE][PASSED] - Object: 'Object Repository/Final Object Repo/Login Page/Internal User/Next Button' is clicked on

2018-12-07 04:02:23 - [TEST_STEP][PASSED] - delay: Delayed 1 second(s)

2018-12-07 04:02:24 - [MESSAGE][PASSED] - Delayed 1 second(s)

2018-12-07 04:02:24 - [TEST_STEP][PASSED] - setEncryptedText: Text ****** has been set on object 'Object Repository/Final Object Repo/Login Page/Internal User/Password'

2018-12-07 04:02:24 - [MESSAGE][PASSED] - Text ****** has been set on object 'Object Repository/Final Object Repo/Login Page/Internal User/Password'

2018-12-07 04:02:24 - [TEST_STEP][PASSED] - click: Object: 'Object Repository/Final Object Repo/Login Page/Internal User/Login Button' is clicked on

2018-12-07 04:02:24 - [MESSAGE][PASSED] - Object: 'Object Repository/Final Object Repo/Login Page/Internal User/Login Button' is clicked on

2018-12-07 04:02:24 - [TEST_STEP][PASSED] - delay: Delayed 1 second(s)

2018-12-07 04:02:25 - [MESSAGE][PASSED] - Delayed 1 second(s)

2018-12-07 04:02:25 - [TEST_STEP][PASSED] - Statement - tester = com.kms.katalon.core.testobject.ObjectRepository.findTestObject(Final Object Repo/Landing Page/Select to English): Finding Test Object with id 'Object Repository/Final Object Repo/Landing Page/Select to English'

2018-12-07 04:02:25 - [TEST_STEP][PASSED] - Statement - Try: Delayed 2 second(s)

2018-12-07 04:02:25 - [TEST_STEP][PASSED] - Statement - Checker = com.kms.katalon.core.webui.keyword.WebUiBuiltInKeywords.verifyElementNotPresent(tester, 5): Web element with id: 'Object Repository/Final Object Repo/Landing Page/Select to English' located by 'By.xpath: //a[@class = 'taglib-language-list-text' and @lang = 'en-US' and (contains(text(), 'EN') or contains(., 'EN'))]' is not present after '5' second(s)

2018-12-07 04:02:26 - [MESSAGE][PASSED] - Web element with id: 'Object Repository/Final Object Repo/Landing Page/Select to English' located by 'By.xpath: //a[@class = 'taglib-language-list-text' and @lang = 'en-US' and (contains(text(), 'EN') or contains(., 'EN'))]' is not present after '5' second(s)

2018-12-07 04:02:26 - [TEST_STEP][PASSED] - Statement - If (Checker == false): null

2018-12-07 04:02:26 - [TEST_STEP][PASSED] - delay: Delayed 2 second(s)

2018-12-07 04:02:28 - [MESSAGE][PASSED] - Delayed 2 second(s)

2018-12-07 04:02:28 - [TEST_STEP][PASSED] - delay: Delayed 5 second(s)

2018-12-07 04:02:33 - [MESSAGE][PASSED] - Delayed 5 second(s)

2018-12-07 04:02:33 - [TEST_STEP][PASSED] - delay: Delayed 1 second(s)

2018-12-07 04:02:34 - [MESSAGE][PASSED] - Delayed 1 second(s)

2018-12-07 04:02:34 - [TEST_STEP][PASSED] - navigateToUrl: Navigate to 'https://assist2-uat.perkeso.gov.my/web/registration/request-ssn' successfully

2018-12-07 04:02:39 - [MESSAGE][PASSED] - Navigate to 'https://assist2-uat.perkeso.gov.my/web/registration/request-ssn' successfully

2018-12-07 04:02:39 - [TEST_STEP][PASSED] - setText: Text 'perkeso' is set on object 'Object Repository/Final Object Repo/Page_Request SSN - ASSIST/AI - Name'

2018-12-07 04:02:39 - [MESSAGE][PASSED] - Text 'perkeso' is set on object 'Object Repository/Final Object Repo/Page_Request SSN - ASSIST/AI - Name'

2018-12-07 04:02:39 - [TEST_STEP][PASSED] - click: Object: 'Object Repository/Final Object Repo/Page_Request SSN - ASSIST/AI - DOB' is clicked on

2018-12-07 04:02:40 - [MESSAGE][PASSED] - Object: 'Object Repository/Final Object Repo/Page_Request SSN - ASSIST/AI - DOB' is clicked on

2018-12-07 04:02:40 - [TEST_STEP][PASSED] - selectOptionByValue: All options with value '1995' are selected in object 'Object Repository/Final Object Repo/Page_Request SSN - ASSIST/AI - DOB - Year' 

2018-12-07 04:02:40 - [MESSAGE][PASSED] - All options with value '1995' are selected in object 'Object Repository/Final Object Repo/Page_Request SSN - ASSIST/AI - DOB - Year' 

2018-12-07 04:02:40 - [TEST_STEP][PASSED] - delay: Delayed 3 second(s)

2018-12-07 04:02:43 - [MESSAGE][PASSED] - Delayed 3 second(s)

2018-12-07 04:02:43 - [TEST_STEP][PASSED] - doubleClick: Object: 'Object Repository/Final Object Repo/Page_Request SSN - ASSIST/AI - DOB - Year - Date' is double clicked on

2018-12-07 04:02:43 - [MESSAGE][PASSED] - Object: 'Object Repository/Final Object Repo/Page_Request SSN - ASSIST/AI - DOB - Year - Date' is double clicked on

2018-12-07 04:02:43 - [TEST_STEP][PASSED] - click: Object: 'Object Repository/Final Object Repo/Page_Request SSN - ASSIST/AI - Male' is clicked on

2018-12-07 04:02:43 - [MESSAGE][PASSED] - Object: 'Object Repository/Final Object Repo/Page_Request SSN - ASSIST/AI - Male' is clicked on

2018-12-07 04:02:43 - [TEST_STEP][PASSED] - click: Object: 'Object Repository/Final Object Repo/Page_Request SSN - ASSIST/AI- Race' is clicked on

2018-12-07 04:02:43 - [MESSAGE][PASSED] - Object: 'Object Repository/Final Object Repo/Page_Request SSN - ASSIST/AI- Race' is clicked on

2018-12-07 04:02:43 - [TEST_STEP][PASSED] - click: Object: 'Object Repository/Final Object Repo/Page_Request SSN - ASSIST/AI - Race - Melayu' is clicked on

2018-12-07 04:02:44 - [MESSAGE][PASSED] - Object: 'Object Repository/Final Object Repo/Page_Request SSN - ASSIST/AI - Race - Melayu' is clicked on

2018-12-07 04:02:44 - [TEST_STEP][PASSED] - click: Object: 'Object Repository/Final Object Repo/Page_Request SSN - ASSIST/AI - Religion' is clicked on

2018-12-07 04:02:44 - [MESSAGE][PASSED] - Object: 'Object Repository/Final Object Repo/Page_Request SSN - ASSIST/AI - Religion' is clicked on

2018-12-07 04:02:44 - [TEST_STEP][PASSED] - click: Object: 'Object Repository/Final Object Repo/Page_Request SSN - ASSIST/AI - Religion - Islam' is clicked on

2018-12-07 04:02:44 - [MESSAGE][PASSED] - Object: 'Object Repository/Final Object Repo/Page_Request SSN - ASSIST/AI - Religion - Islam' is clicked on

2018-12-07 04:02:44 - [TEST_STEP][PASSED] - setText: Text '12345' is set on object 'Object Repository/Final Object Repo/Page_Request SSN - ASSIST/AI - Birth Certificate'

2018-12-07 04:02:45 - [MESSAGE][PASSED] - Text '12345' is set on object 'Object Repository/Final Object Repo/Page_Request SSN - ASSIST/AI - Birth Certificate'

2018-12-07 04:02:45 - [TEST_STEP][PASSED] - click: Object: 'Object Repository/Final Object Repo/Page_Request SSN - ASSIST/AI - Nationality' is clicked on

2018-12-07 04:02:45 - [MESSAGE][PASSED] - Object: 'Object Repository/Final Object Repo/Page_Request SSN - ASSIST/AI - Nationality' is clicked on

2018-12-07 04:02:45 - [TEST_STEP][PASSED] - click: Object: 'Object Repository/Final Object Repo/Page_Request SSN - ASSIST/AI - Nationality - Afghanistan' is clicked on

2018-12-07 04:02:45 - [MESSAGE][PASSED] - Object: 'Object Repository/Final Object Repo/Page_Request SSN - ASSIST/AI - Nationality - Afghanistan' is clicked on

2018-12-07 04:02:45 - [TEST_STEP][PASSED] - setText: Text 'PERKESO ADDRESS1' is set on object 'Object Repository/Final Object Repo/Page_Request SSN - ASSIST/AI - Address1'

2018-12-07 04:02:47 - [MESSAGE][PASSED] - Text 'PERKESO ADDRESS1' is set on object 'Object Repository/Final Object Repo/Page_Request SSN - ASSIST/AI - Address1'

2018-12-07 04:02:47 - [TEST_STEP][PASSED] - setText: Text 'PERKESO ADDRESS2' is set on object 'Object Repository/Final Object Repo/Page_Request SSN - ASSIST/AI - Address2'

2018-12-07 04:02:48 - [MESSAGE][PASSED] - Text 'PERKESO ADDRESS2' is set on object 'Object Repository/Final Object Repo/Page_Request SSN - ASSIST/AI - Address2'

2018-12-07 04:02:48 - [TEST_STEP][PASSED] - setText: Text 'PERKESO ADDRESS3' is set on object 'Object Repository/Final Object Repo/Page_Request SSN - ASSIST/AI - Address3'

2018-12-07 04:02:49 - [MESSAGE][PASSED] - Text 'PERKESO ADDRESS3' is set on object 'Object Repository/Final Object Repo/Page_Request SSN - ASSIST/AI - Address3'

2018-12-07 04:02:49 - [TEST_STEP][PASSED] - click: Object: 'Object Repository/Final Object Repo/Page_Request SSN - ASSIST/AI - State' is clicked on

2018-12-07 04:02:49 - [MESSAGE][PASSED] - Object: 'Object Repository/Final Object Repo/Page_Request SSN - ASSIST/AI - State' is clicked on

2018-12-07 04:02:49 - [TEST_STEP][PASSED] - click: Object: 'Object Repository/Final Object Repo/Page_Request SSN - ASSIST/AI - Current Employer State - Johor' is clicked on

2018-12-07 04:02:50 - [MESSAGE][PASSED] - Object: 'Object Repository/Final Object Repo/Page_Request SSN - ASSIST/AI - Current Employer State - Johor' is clicked on

2018-12-07 04:02:50 - [TEST_STEP][PASSED] - click: Object: 'Object Repository/Final Object Repo/Page_Request SSN - ASSIST/AI - City' is clicked on

2018-12-07 04:02:50 - [MESSAGE][PASSED] - Object: 'Object Repository/Final Object Repo/Page_Request SSN - ASSIST/AI - City' is clicked on

2018-12-07 04:02:50 - [TEST_STEP][PASSED] - setText: Text 'JOH' is set on object 'Object Repository/Final Object Repo/Page_Request SSN - ASSIST/AI - City - JOH'

2018-12-07 04:02:50 - [MESSAGE][PASSED] - Text 'JOH' is set on object 'Object Repository/Final Object Repo/Page_Request SSN - ASSIST/AI - City - JOH'

2018-12-07 04:02:50 - [TEST_STEP][PASSED] - delay: Delayed 3 second(s)

2018-12-07 04:02:53 - [MESSAGE][PASSED] - Delayed 3 second(s)

2018-12-07 04:02:53 - [TEST_STEP][PASSED] - click: Object: 'Object Repository/Final Object Repo/Page_Request SSN - ASSIST/AI - City - Johor Bharu' is clicked on

2018-12-07 04:02:53 - [MESSAGE][PASSED] - Object: 'Object Repository/Final Object Repo/Page_Request SSN - ASSIST/AI - City - Johor Bharu' is clicked on

2018-12-07 04:02:53 - [TEST_STEP][PASSED] - click: Object: 'Object Repository/Final Object Repo/Page_Request SSN - ASSIST/AI - Post Code' is clicked on

2018-12-07 04:02:54 - [MESSAGE][PASSED] - Object: 'Object Repository/Final Object Repo/Page_Request SSN - ASSIST/AI - Post Code' is clicked on

2018-12-07 04:02:54 - [TEST_STEP][PASSED] - setText: Text '810' is set on object 'Object Repository/Final Object Repo/Page_Request SSN - ASSIST/AI - City - JOH'

2018-12-07 04:02:54 - [MESSAGE][PASSED] - Text '810' is set on object 'Object Repository/Final Object Repo/Page_Request SSN - ASSIST/AI - City - JOH'

2018-12-07 04:02:54 - [TEST_STEP][PASSED] - delay: Delayed 3 second(s)

2018-12-07 04:02:57 - [MESSAGE][PASSED] - Delayed 3 second(s)

2018-12-07 04:02:57 - [TEST_STEP][PASSED] - click: Object: 'Object Repository/Final Object Repo/Page_Request SSN - ASSIST/AI - PostCode - 81000' is clicked on

2018-12-07 04:02:58 - [MESSAGE][PASSED] - Object: 'Object Repository/Final Object Repo/Page_Request SSN - ASSIST/AI - PostCode - 81000' is clicked on

2018-12-07 04:02:58 - [TEST_STEP][PASSED] - setText: Text '100' is set on object 'Object Repository/Final Object Repo/Page_Request SSN - ASSIST/P.O.BOX'

2018-12-07 04:02:58 - [MESSAGE][PASSED] - Text '100' is set on object 'Object Repository/Final Object Repo/Page_Request SSN - ASSIST/P.O.BOX'

2018-12-07 04:02:58 - [TEST_STEP][PASSED] - setText: Text '100' is set on object 'Object Repository/Final Object Repo/Page_Request SSN - ASSIST/Locked Bag No'

2018-12-07 04:02:59 - [MESSAGE][PASSED] - Text '100' is set on object 'Object Repository/Final Object Repo/Page_Request SSN - ASSIST/Locked Bag No'

2018-12-07 04:02:59 - [TEST_STEP][PASSED] - delay: Delayed 2 second(s)

2018-12-07 04:03:01 - [MESSAGE][PASSED] - Delayed 2 second(s)

2018-12-07 04:03:01 - [TEST_STEP][PASSED] - setText: Text '123456789' is set on object 'Object Repository/Final Object Repo/Page_Request SSN - ASSIST/AI - Telephone No'

2018-12-07 04:03:01 - [MESSAGE][PASSED] - Text '123456789' is set on object 'Object Repository/Final Object Repo/Page_Request SSN - ASSIST/AI - Telephone No'

2018-12-07 04:03:01 - [TEST_STEP][PASSED] - click: Object: 'Object Repository/Final Object Repo/Page_Request SSN - ASSIST/AI - Occupation' is clicked on

2018-12-07 04:03:02 - [MESSAGE][PASSED] - Object: 'Object Repository/Final Object Repo/Page_Request SSN - ASSIST/AI - Occupation' is clicked on

2018-12-07 04:03:02 - [TEST_STEP][PASSED] - click: Object: 'Object Repository/Final Object Repo/Page_Request SSN - ASSIST/AI - Occupation - NUMERICAL AND MATERIAL R' is clicked on

2018-12-07 04:03:02 - [MESSAGE][PASSED] - Object: 'Object Repository/Final Object Repo/Page_Request SSN - ASSIST/AI - Occupation - NUMERICAL AND MATERIAL R' is clicked on

2018-12-07 04:03:02 - [TEST_STEP][PASSED] - delay: Delayed 2 second(s)

2018-12-07 04:03:04 - [MESSAGE][PASSED] - Delayed 2 second(s)

2018-12-07 04:03:04 - [TEST_STEP][PASSED] - click: Object: 'Object Repository/Final Object Repo/Page_Request SSN - ASSIST/AI - Sub Occupation' is clicked on

2018-12-07 04:03:04 - [MESSAGE][PASSED] - Object: 'Object Repository/Final Object Repo/Page_Request SSN - ASSIST/AI - Sub Occupation' is clicked on

2018-12-07 04:03:04 - [TEST_STEP][PASSED] - click: Object: 'Object Repository/Final Object Repo/Page_Request SSN - ASSIST/AI - Sub Occupation - Stock Clerks' is clicked on

2018-12-07 04:03:04 - [MESSAGE][PASSED] - Object: 'Object Repository/Final Object Repo/Page_Request SSN - ASSIST/AI - Sub Occupation - Stock Clerks' is clicked on

2018-12-07 04:03:04 - [TEST_STEP][PASSED] - delay: Delayed 2 second(s)

2018-12-07 04:03:06 - [MESSAGE][PASSED] - Delayed 2 second(s)

2018-12-07 04:03:06 - [TEST_STEP][PASSED] - click: Object: 'Object Repository/Final Object Repo/Page_Request SSN - ASSIST/AI - Sub Occupation List' is clicked on

2018-12-07 04:03:07 - [MESSAGE][PASSED] - Object: 'Object Repository/Final Object Repo/Page_Request SSN - ASSIST/AI - Sub Occupation List' is clicked on

2018-12-07 04:03:07 - [TEST_STEP][PASSED] - click: Object: 'Object Repository/Final Object Repo/Page_Request SSN - ASSIST/AI - Sub Occupation List - Clerk raw material' is clicked on

2018-12-07 04:03:07 - [MESSAGE][PASSED] - Object: 'Object Repository/Final Object Repo/Page_Request SSN - ASSIST/AI - Sub Occupation List - Clerk raw material' is clicked on

2018-12-07 04:03:07 - [TEST_STEP][PASSED] - click: Object: 'Object Repository/Final Object Repo/Page_Request SSN - ASSIST/AI - Employment Start Date' is clicked on

2018-12-07 04:03:07 - [MESSAGE][PASSED] - Object: 'Object Repository/Final Object Repo/Page_Request SSN - ASSIST/AI - Employment Start Date' is clicked on

2018-12-07 04:03:07 - [TEST_STEP][PASSED] - click: Object: 'Object Repository/Final Object Repo/Page_Request SSN - ASSIST/AI - DOB - Year - Date' is clicked on

2018-12-07 04:03:07 - [MESSAGE][PASSED] - Object: 'Object Repository/Final Object Repo/Page_Request SSN - ASSIST/AI - DOB - Year - Date' is clicked on

2018-12-07 04:03:07 - [TEST_STEP][PASSED] - setText: Text 'E1102001065V' is set on object 'Object Repository/Final Object Repo/Page_Request SSN - ASSIST/AI - Current Employer Code'

2018-12-07 04:03:08 - [MESSAGE][PASSED] - Text 'E1102001065V' is set on object 'Object Repository/Final Object Repo/Page_Request SSN - ASSIST/AI - Current Employer Code'

2018-12-07 04:03:08 - [TEST_STEP][PASSED] - delay: Delayed 2 second(s)

2018-12-07 04:03:10 - [MESSAGE][PASSED] - Delayed 2 second(s)

2018-12-07 04:03:10 - [TEST_STEP][PASSED] - click: Object: 'Object Repository/Final Object Repo/Page_Request SSN - ASSIST/AI - Current Employer Code - Search' is clicked on

2018-12-07 04:03:10 - [MESSAGE][PASSED] - Object: 'Object Repository/Final Object Repo/Page_Request SSN - ASSIST/AI - Current Employer Code - Search' is clicked on

2018-12-07 04:03:10 - [TEST_STEP][PASSED] - delay: Delayed 2 second(s)

2018-12-07 04:03:12 - [MESSAGE][PASSED] - Delayed 2 second(s)

2018-12-07 04:03:12 - [TEST_STEP][NOT_RUN] - setText: NOT_RUN: setText

2018-12-07 04:03:12 - [MESSAGE][NOT_RUN] - NOT_RUN: setText

2018-12-07 04:03:12 - [TEST_STEP][NOT_RUN] - setText: NOT_RUN: setText

2018-12-07 04:03:12 - [MESSAGE][NOT_RUN] - NOT_RUN: setText

2018-12-07 04:03:12 - [TEST_STEP][NOT_RUN] - setText: NOT_RUN: setText

2018-12-07 04:03:13 - [MESSAGE][NOT_RUN] - NOT_RUN: setText

2018-12-07 04:03:13 - [TEST_STEP][NOT_RUN] - setText: NOT_RUN: setText

2018-12-07 04:03:13 - [MESSAGE][NOT_RUN] - NOT_RUN: setText

2018-12-07 04:03:13 - [TEST_STEP][NOT_RUN] - click: NOT_RUN: click

2018-12-07 04:03:13 - [MESSAGE][NOT_RUN] - NOT_RUN: click

2018-12-07 04:03:13 - [TEST_STEP][NOT_RUN] - click: NOT_RUN: click

2018-12-07 04:03:13 - [MESSAGE][NOT_RUN] - NOT_RUN: click

2018-12-07 04:03:13 - [TEST_STEP][NOT_RUN] - click: NOT_RUN: click

2018-12-07 04:03:13 - [MESSAGE][NOT_RUN] - NOT_RUN: click

2018-12-07 04:03:13 - [TEST_STEP][NOT_RUN] - setText: NOT_RUN: setText

2018-12-07 04:03:13 - [MESSAGE][NOT_RUN] - NOT_RUN: setText

2018-12-07 04:03:13 - [TEST_STEP][NOT_RUN] - delay: NOT_RUN: delay

2018-12-07 04:03:13 - [MESSAGE][NOT_RUN] - NOT_RUN: delay

2018-12-07 04:03:13 - [TEST_STEP][NOT_RUN] - click: NOT_RUN: click

2018-12-07 04:03:13 - [MESSAGE][NOT_RUN] - NOT_RUN: click

2018-12-07 04:03:13 - [TEST_STEP][NOT_RUN] - click: NOT_RUN: click

2018-12-07 04:03:13 - [MESSAGE][NOT_RUN] - NOT_RUN: click

2018-12-07 04:03:13 - [TEST_STEP][NOT_RUN] - setText: NOT_RUN: setText

2018-12-07 04:03:13 - [MESSAGE][NOT_RUN] - NOT_RUN: setText

2018-12-07 04:03:13 - [TEST_STEP][NOT_RUN] - delay: NOT_RUN: delay

2018-12-07 04:03:13 - [MESSAGE][NOT_RUN] - NOT_RUN: delay

2018-12-07 04:03:13 - [TEST_STEP][NOT_RUN] - click: NOT_RUN: click

2018-12-07 04:03:13 - [MESSAGE][NOT_RUN] - NOT_RUN: click

2018-12-07 04:03:13 - [TEST_STEP][NOT_RUN] - setText: NOT_RUN: setText

2018-12-07 04:03:13 - [MESSAGE][NOT_RUN] - NOT_RUN: setText

2018-12-07 04:03:13 - [TEST_STEP][NOT_RUN] - setText: NOT_RUN: setText

2018-12-07 04:03:13 - [MESSAGE][NOT_RUN] - NOT_RUN: setText

2018-12-07 04:03:13 - [TEST_STEP][NOT_RUN] - click: NOT_RUN: click

2018-12-07 04:03:13 - [MESSAGE][NOT_RUN] - NOT_RUN: click

2018-12-07 04:03:13 - [TEST_STEP][NOT_RUN] - click: NOT_RUN: click

2018-12-07 04:03:13 - [MESSAGE][NOT_RUN] - NOT_RUN: click

2018-12-07 04:03:13 - [TEST_STEP][NOT_RUN] - setText: NOT_RUN: setText

2018-12-07 04:03:13 - [MESSAGE][NOT_RUN] - NOT_RUN: setText

2018-12-07 04:03:13 - [TEST_STEP][NOT_RUN] - click: NOT_RUN: click

2018-12-07 04:03:13 - [MESSAGE][NOT_RUN] - NOT_RUN: click

2018-12-07 04:03:13 - [TEST_STEP][NOT_RUN] - click: NOT_RUN: click

2018-12-07 04:03:13 - [MESSAGE][NOT_RUN] - NOT_RUN: click

2018-12-07 04:03:13 - [TEST_STEP][NOT_RUN] - click: NOT_RUN: click

2018-12-07 04:03:13 - [MESSAGE][NOT_RUN] - NOT_RUN: click

2018-12-07 04:03:13 - [TEST_STEP][NOT_RUN] - click: NOT_RUN: click

2018-12-07 04:03:13 - [MESSAGE][NOT_RUN] - NOT_RUN: click

2018-12-07 04:03:13 - [TEST_STEP][NOT_RUN] - click: NOT_RUN: click

2018-12-07 04:03:13 - [MESSAGE][NOT_RUN] - NOT_RUN: click

2018-12-07 04:03:13 - [TEST_STEP][NOT_RUN] - click: NOT_RUN: click

2018-12-07 04:03:13 - [MESSAGE][NOT_RUN] - NOT_RUN: click

2018-12-07 04:03:13 - [TEST_STEP][NOT_RUN] - setText: NOT_RUN: setText

2018-12-07 04:03:13 - [MESSAGE][NOT_RUN] - NOT_RUN: setText

2018-12-07 04:03:13 - [TEST_STEP][NOT_RUN] - setText: NOT_RUN: setText

2018-12-07 04:03:13 - [MESSAGE][NOT_RUN] - NOT_RUN: setText

2018-12-07 04:03:13 - [TEST_STEP][NOT_RUN] - setText: NOT_RUN: setText

2018-12-07 04:03:13 - [MESSAGE][NOT_RUN] - NOT_RUN: setText

2018-12-07 04:03:13 - [TEST_STEP][NOT_RUN] - click: NOT_RUN: click

2018-12-07 04:03:13 - [MESSAGE][NOT_RUN] - NOT_RUN: click

2018-12-07 04:03:13 - [TEST_STEP][NOT_RUN] - click: NOT_RUN: click

2018-12-07 04:03:13 - [MESSAGE][NOT_RUN] - NOT_RUN: click

2018-12-07 04:03:13 - [TEST_STEP][NOT_RUN] - click: NOT_RUN: click

2018-12-07 04:03:13 - [MESSAGE][NOT_RUN] - NOT_RUN: click

2018-12-07 04:03:13 - [TEST_STEP][NOT_RUN] - setText: NOT_RUN: setText

2018-12-07 04:03:13 - [MESSAGE][NOT_RUN] - NOT_RUN: setText

2018-12-07 04:03:13 - [TEST_STEP][NOT_RUN] - delay: NOT_RUN: delay

2018-12-07 04:03:13 - [MESSAGE][NOT_RUN] - NOT_RUN: delay

2018-12-07 04:03:13 - [TEST_STEP][NOT_RUN] - click: NOT_RUN: click

2018-12-07 04:03:13 - [MESSAGE][NOT_RUN] - NOT_RUN: click

2018-12-07 04:03:13 - [TEST_STEP][NOT_RUN] - click: NOT_RUN: click

2018-12-07 04:03:13 - [MESSAGE][NOT_RUN] - NOT_RUN: click

2018-12-07 04:03:13 - [TEST_STEP][NOT_RUN] - click: NOT_RUN: click

2018-12-07 04:03:13 - [MESSAGE][NOT_RUN] - NOT_RUN: click

2018-12-07 04:03:13 - [TEST_STEP][NOT_RUN] - setText: NOT_RUN: setText

2018-12-07 04:03:13 - [MESSAGE][NOT_RUN] - NOT_RUN: setText

2018-12-07 04:03:13 - [TEST_STEP][NOT_RUN] - delay: NOT_RUN: delay

2018-12-07 04:03:13 - [MESSAGE][NOT_RUN] - NOT_RUN: delay

2018-12-07 04:03:13 - [TEST_STEP][NOT_RUN] - click: NOT_RUN: click

2018-12-07 04:03:13 - [MESSAGE][NOT_RUN] - NOT_RUN: click

2018-12-07 04:03:13 - [TEST_STEP][NOT_RUN] - delay: NOT_RUN: delay

2018-12-07 04:03:13 - [MESSAGE][NOT_RUN] - NOT_RUN: delay

2018-12-07 04:03:13 - [TEST_STEP][NOT_RUN] - setText: NOT_RUN: setText

2018-12-07 04:03:13 - [MESSAGE][NOT_RUN] - NOT_RUN: setText

2018-12-07 04:03:13 - [TEST_STEP][NOT_RUN] - setText: NOT_RUN: setText

2018-12-07 04:03:13 - [MESSAGE][NOT_RUN] - NOT_RUN: setText

2018-12-07 04:03:13 - [TEST_STEP][NOT_RUN] - setText: NOT_RUN: setText

2018-12-07 04:03:13 - [MESSAGE][NOT_RUN] - NOT_RUN: setText

2018-12-07 04:03:13 - [TEST_STEP][NOT_RUN] - click: NOT_RUN: click

2018-12-07 04:03:13 - [MESSAGE][NOT_RUN] - NOT_RUN: click

2018-12-07 04:03:13 - [TEST_STEP][NOT_RUN] - click: NOT_RUN: click

2018-12-07 04:03:13 - [MESSAGE][NOT_RUN] - NOT_RUN: click

2018-12-07 04:03:13 - [TEST_STEP][NOT_RUN] - setText: NOT_RUN: setText

2018-12-07 04:03:13 - [MESSAGE][NOT_RUN] - NOT_RUN: setText

2018-12-07 04:03:13 - [TEST_STEP][NOT_RUN] - click: NOT_RUN: click

2018-12-07 04:03:13 - [MESSAGE][NOT_RUN] - NOT_RUN: click

2018-12-07 04:03:13 - [TEST_STEP][NOT_RUN] - click: NOT_RUN: click

2018-12-07 04:03:13 - [MESSAGE][NOT_RUN] - NOT_RUN: click

2018-12-07 04:03:13 - [TEST_STEP][NOT_RUN] - click: NOT_RUN: click

2018-12-07 04:03:13 - [MESSAGE][NOT_RUN] - NOT_RUN: click

2018-12-07 04:03:13 - [TEST_STEP][NOT_RUN] - click: NOT_RUN: click

2018-12-07 04:03:13 - [MESSAGE][NOT_RUN] - NOT_RUN: click

2018-12-07 04:03:13 - [TEST_STEP][NOT_RUN] - click: NOT_RUN: click

2018-12-07 04:03:13 - [MESSAGE][NOT_RUN] - NOT_RUN: click

2018-12-07 04:03:13 - [TEST_STEP][NOT_RUN] - click: NOT_RUN: click

2018-12-07 04:03:13 - [MESSAGE][NOT_RUN] - NOT_RUN: click

2018-12-07 04:03:13 - [TEST_STEP][NOT_RUN] - setText: NOT_RUN: setText

2018-12-07 04:03:13 - [MESSAGE][NOT_RUN] - NOT_RUN: setText

2018-12-07 04:03:13 - [TEST_STEP][NOT_RUN] - setText: NOT_RUN: setText

2018-12-07 04:03:13 - [MESSAGE][NOT_RUN] - NOT_RUN: setText

2018-12-07 04:03:13 - [TEST_STEP][NOT_RUN] - setText: NOT_RUN: setText

2018-12-07 04:03:13 - [MESSAGE][NOT_RUN] - NOT_RUN: setText

2018-12-07 04:03:13 - [TEST_STEP][NOT_RUN] - click: NOT_RUN: click

2018-12-07 04:03:13 - [MESSAGE][NOT_RUN] - NOT_RUN: click

2018-12-07 04:03:13 - [TEST_STEP][NOT_RUN] - click: NOT_RUN: click

2018-12-07 04:03:13 - [MESSAGE][NOT_RUN] - NOT_RUN: click

2018-12-07 04:03:13 - [TEST_STEP][NOT_RUN] - click: NOT_RUN: click

2018-12-07 04:03:13 - [MESSAGE][NOT_RUN] - NOT_RUN: click

2018-12-07 04:03:13 - [TEST_STEP][NOT_RUN] - delay: NOT_RUN: delay

2018-12-07 04:03:13 - [MESSAGE][NOT_RUN] - NOT_RUN: delay

2018-12-07 04:03:13 - [TEST_STEP][NOT_RUN] - setText: NOT_RUN: setText

2018-12-07 04:03:13 - [MESSAGE][NOT_RUN] - NOT_RUN: setText

2018-12-07 04:03:13 - [TEST_STEP][NOT_RUN] - delay: NOT_RUN: delay

2018-12-07 04:03:13 - [MESSAGE][NOT_RUN] - NOT_RUN: delay

2018-12-07 04:03:13 - [TEST_STEP][NOT_RUN] - click: NOT_RUN: click

2018-12-07 04:03:13 - [MESSAGE][NOT_RUN] - NOT_RUN: click

2018-12-07 04:03:13 - [TEST_STEP][NOT_RUN] - doubleClick: NOT_RUN: doubleClick

2018-12-07 04:03:13 - [MESSAGE][NOT_RUN] - NOT_RUN: doubleClick

2018-12-07 04:03:13 - [TEST_STEP][NOT_RUN] - click: NOT_RUN: click

2018-12-07 04:03:13 - [MESSAGE][NOT_RUN] - NOT_RUN: click

2018-12-07 04:03:13 - [TEST_STEP][NOT_RUN] - setText: NOT_RUN: setText

2018-12-07 04:03:13 - [MESSAGE][NOT_RUN] - NOT_RUN: setText

2018-12-07 04:03:13 - [TEST_STEP][NOT_RUN] - delay: NOT_RUN: delay

2018-12-07 04:03:13 - [MESSAGE][NOT_RUN] - NOT_RUN: delay

2018-12-07 04:03:13 - [TEST_STEP][NOT_RUN] - click: NOT_RUN: click

2018-12-07 04:03:13 - [MESSAGE][NOT_RUN] - NOT_RUN: click

2018-12-07 04:03:13 - [TEST_STEP][NOT_RUN] - delay: NOT_RUN: delay

2018-12-07 04:03:13 - [MESSAGE][NOT_RUN] - NOT_RUN: delay

2018-12-07 04:03:13 - [TEST_STEP][NOT_RUN] - setText: NOT_RUN: setText

2018-12-07 04:03:13 - [MESSAGE][NOT_RUN] - NOT_RUN: setText

2018-12-07 04:03:13 - [TEST_STEP][PASSED] - click: Object: 'Object Repository/Final Object Repo/Page_Request SSN - ASSIST/Save  Continue' is clicked on

2018-12-07 04:03:13 - [MESSAGE][PASSED] - Object: 'Object Repository/Final Object Repo/Page_Request SSN - ASSIST/Save  Continue' is clicked on

2018-12-07 04:03:13 - [TEST_STEP][PASSED] - delay: Delayed 3 second(s)

2018-12-07 04:03:16 - [MESSAGE][PASSED] - Delayed 3 second(s)

2018-12-07 04:03:16 - [TEST_STEP][PASSED] - Statement - CaseReferenceNo = com.kms.katalon.core.webui.keyword.WebUiBuiltInKeywords.getText(com.kms.katalon.core.testobject.ObjectRepository.findTestObject(Final Object Repo/Page_Request SSN - ASSIST/Reference Number in Uploading Page - OTC)): Text of object 'Object Repository/Final Object Repo/Page_Request SSN - ASSIST/Reference Number in Uploading Page - OTC' is: 'SSN12201800001184'

2018-12-07 04:03:16 - [MESSAGE][PASSED] - Text of object 'Object Repository/Final Object Repo/Page_Request SSN - ASSIST/Reference Number in Uploading Page - OTC' is: 'SSN12201800001184'

2018-12-07 04:03:16 - [TEST_STEP][PASSED] - Statement - out.println(CaseReferenceNo): null

2018-12-07 04:03:16 - [TEST_STEP][PASSED] - callTestCase: Call Test Case 'Test Cases/Final Aug 2018 - PKS Automation/Common/Reference Number Setter' successfully

2018-12-07 04:03:16 - [TEST_CASE][PASSED] - Test Cases/Final Aug 2018 - PKS Automation/Common/Reference Number Setter: Test Cases/Final Aug 2018 - PKS Automation/Common/Reference Number Setter

2018-12-07 04:03:16 - [TEST_STEP][PASSED] - Statement - RefNoOldFile = new java.io.File(C://Users//Admin//Desktop//PKS//Automation Reference Point//KatalonReference.txt): null

2018-12-07 04:03:16 - [TEST_STEP][PASSED] - Statement - RefNoOldFile.delete(): null

2018-12-07 04:03:16 - [TEST_STEP][PASSED] - delay: Delayed 5 second(s)

2018-12-07 04:03:21 - [MESSAGE][PASSED] - Delayed 5 second(s)

2018-12-07 04:03:21 - [TEST_STEP][PASSED] - Statement - RefNo = new java.io.File(C://Users//Admin//Desktop//PKS//Automation Reference Point//KatalonReference.txt): null

2018-12-07 04:03:21 - [TEST_STEP][PASSED] - Statement - f2 = new java.io.FileWriter(RefNo, false): null

2018-12-07 04:03:21 - [TEST_STEP][PASSED] - Statement - f2.write(CaseReferenceNo): null

2018-12-07 04:03:21 - [TEST_STEP][PASSED] - Statement - f2.close(): null

2018-12-07 04:03:21 - [TEST_STEP][PASSED] - Statement - out.println("


" + CaseReferenceNo + "


"): null

2018-12-07 04:03:21 - [MESSAGE][PASSED] - Call Test Case 'Test Cases/Final Aug 2018 - PKS Automation/Common/Reference Number Setter' successfully

2018-12-07 04:03:21 - [TEST_STEP][PASSED] - click: Object: 'Object Repository/Final Object Repo/Page_Request SSN - ASSIST/Add Document Button' is clicked on

2018-12-07 04:03:22 - [MESSAGE][PASSED] - Object: 'Object Repository/Final Object Repo/Page_Request SSN - ASSIST/Add Document Button' is clicked on

2018-12-07 04:03:22 - [TEST_STEP][PASSED] - delay: Delayed 2 second(s)

2018-12-07 04:03:24 - [MESSAGE][PASSED] - Delayed 2 second(s)

2018-12-07 04:03:24 - [TEST_STEP][PASSED] - click: Object: 'Object Repository/Final Object Repo/Page_Request SSN - ASSIST/Document Type' is clicked on

2018-12-07 04:03:24 - [MESSAGE][PASSED] - Object: 'Object Repository/Final Object Repo/Page_Request SSN - ASSIST/Document Type' is clicked on

2018-12-07 04:03:24 - [TEST_STEP][PASSED] - click: Object: 'Object Repository/Final Object Repo/Page_Request SSN - ASSIST/Document Type - Birth Certificate' is clicked on

2018-12-07 04:03:25 - [MESSAGE][PASSED] - Object: 'Object Repository/Final Object Repo/Page_Request SSN - ASSIST/Document Type - Birth Certificate' is clicked on

2018-12-07 04:03:25 - [TEST_STEP][PASSED] - sendKeys: Keys 'C:\Users\Public\Pictures\Sample Pictures\Koala.jpg' sent to object: 'Object Repository/Final Object Repo/Page_Request SSN - ASSIST/Upload File'

2018-12-07 04:03:25 - [MESSAGE][PASSED] - Keys 'C:\Users\Public\Pictures\Sample Pictures\Koala.jpg' sent to object: 'Object Repository/Final Object Repo/Page_Request SSN - ASSIST/Upload File'

2018-12-07 04:03:25 - [TEST_STEP][PASSED] - click: Object: 'Object Repository/Final Object Repo/Page_Request SSN - ASSIST/Add Document' is clicked on

2018-12-07 04:03:25 - [MESSAGE][PASSED] - Object: 'Object Repository/Final Object Repo/Page_Request SSN - ASSIST/Add Document' is clicked on

2018-12-07 04:03:25 - [TEST_STEP][PASSED] - delay: Delayed 2 second(s)

2018-12-07 04:03:27 - [MESSAGE][PASSED] - Delayed 2 second(s)

2018-12-07 04:03:27 - [TEST_STEP][PASSED] - click: Object: 'Object Repository/Final Object Repo/Page_Request SSN - ASSIST/Save  Continue in Uploading Document Page' is clicked on

2018-12-07 04:03:29 - [MESSAGE][PASSED] - Object: 'Object Repository/Final Object Repo/Page_Request SSN - ASSIST/Save  Continue in Uploading Document Page' is clicked on

2018-12-07 04:03:29 - [TEST_STEP][PASSED] - delay: Delayed 2 second(s)

2018-12-07 04:03:31 - [MESSAGE][PASSED] - Delayed 2 second(s)

2018-12-07 04:03:31 - [TEST_STEP][PASSED] - click: Object: 'Object Repository/Final Object Repo/Page_Request SSN - ASSIST/Submit' is clicked on

2018-12-07 04:03:33 - [MESSAGE][PASSED] - Object: 'Object Repository/Final Object Repo/Page_Request SSN - ASSIST/Submit' is clicked on

2018-12-07 04:03:33 - [TEST_STEP][PASSED] - delay: Delayed 2 second(s)

2018-12-07 04:03:35 - [MESSAGE][PASSED] - Delayed 2 second(s)

2018-12-07 04:03:35 - [TEST_STEP][PASSED] - click: Object: 'Object Repository/Final Object Repo/Page_Request SSN - ASSIST/Confirm' is clicked on

2018-12-07 04:03:35 - [MESSAGE][PASSED] - Object: 'Object Repository/Final Object Repo/Page_Request SSN - ASSIST/Confirm' is clicked on

2018-12-07 04:03:35 - [TEST_STEP][PASSED] - delay: Delayed 2 second(s)

2018-12-07 04:03:37 - [MESSAGE][PASSED] - Delayed 2 second(s)

2018-12-07 04:03:37 - [TEST_STEP][PASSED] - verifyElementVisible: Object 'Object Repository/Final Object Repo/Page_Request SSN - ASSIST/Message This Case will be routed to RIO' is visible

2018-12-07 04:03:43 - [MESSAGE][PASSED] - Object 'Object Repository/Final Object Repo/Page_Request SSN - ASSIST/Message This Case will be routed to RIO' is visible

2018-12-07 04:03:43 - [TEST_STEP][PASSED] - delay: Delayed 2 second(s)

2018-12-07 04:03:45 - [MESSAGE][PASSED] - Delayed 2 second(s)

2018-12-07 04:03:45 - [TEST_STEP][PASSED] - verifyElementVisible: Object 'Object Repository/Final Object Repo/Page_Request SSN - ASSIST/Letter of acknowledgement' is visible

2018-12-07 04:03:45 - [MESSAGE][PASSED] - Object 'Object Repository/Final Object Repo/Page_Request SSN - ASSIST/Letter of acknowledgement' is visible

2018-12-07 04:03:45 - [MESSAGE][PASSED] - Call Test Case 'Test Cases/Final Aug 2018 - PKS Automation/Registration Module/Workflow/Request SSN/Template/Request SSN - OTC (Using Current Employer Code)' successfully

2018-12-07 04:03:45 - [TEST_STEP][PASSED] - delay: Delayed 2 second(s)

2018-12-07 04:03:47 - [MESSAGE][PASSED] - Delayed 2 second(s)

2018-12-07 04:03:47 - [TEST_STEP][PASSED] - navigateToUrl: Navigate to 'https://assist2-uat.perkeso.gov.my/c/portal/logout' successfully

2018-12-07 04:03:47 - [MESSAGE][PASSED] - Navigate to 'https://assist2-uat.perkeso.gov.my/c/portal/logout' successfully

2018-12-07 04:03:47 - [TEST_STEP][PASSED] - delay: Delayed 2 second(s)

2018-12-07 04:03:49 - [MESSAGE][PASSED] - Delayed 2 second(s)

2018-12-07 04:03:49 - [TEST_STEP][PASSED] - callTestCase: Call Test Case 'Test Cases/Final Aug 2018 - PKS Automation/Common/Workflow Owner Finder' successfully

2018-12-07 04:03:50 - [TEST_CASE][PASSED] - Test Cases/Final Aug 2018 - PKS Automation/Common/Workflow Owner Finder: Test Cases/Final Aug 2018 - PKS Automation/Common/Workflow Owner Finder

2018-12-07 04:03:50 - [TEST_STEP][PASSED] - openBrowser: Browser is opened with url: ''

2018-12-07 04:03:50 - [MESSAGE][WARNING] - A browser is already opened. Closing browser and opening a new one

2018-12-07 04:03:53 - [MESSAGE][PASSED] - Browser is opened with url: ''

2018-12-07 04:03:53 - [TEST_STEP][PASSED] - navigateToUrl: Navigate to 'https://assist2-uat.perkeso.gov.my/login' successfully

2018-12-07 04:03:54 - [MESSAGE][PASSED] - Navigate to 'https://assist2-uat.perkeso.gov.my/login' successfully

2018-12-07 04:03:54 - [TEST_STEP][PASSED] - delay: Delayed 5 second(s)

2018-12-07 04:03:59 - [MESSAGE][PASSED] - Delayed 5 second(s)

2018-12-07 04:03:59 - [TEST_STEP][PASSED] - setText: Text 'test@liferay.com' is set on object 'Object Repository/Final Object Repo/Login Page/Internal User/Email Address'

2018-12-07 04:04:00 - [MESSAGE][PASSED] - Text 'test@liferay.com' is set on object 'Object Repository/Final Object Repo/Login Page/Internal User/Email Address'

2018-12-07 04:04:00 - [TEST_STEP][PASSED] - click: Object: 'Object Repository/Final Object Repo/Login Page/Internal User/Next Button' is clicked on

2018-12-07 04:04:00 - [MESSAGE][PASSED] - Object: 'Object Repository/Final Object Repo/Login Page/Internal User/Next Button' is clicked on

2018-12-07 04:04:00 - [TEST_STEP][PASSED] - delay: Delayed 2 second(s)

2018-12-07 04:04:02 - [MESSAGE][PASSED] - Delayed 2 second(s)

2018-12-07 04:04:02 - [TEST_STEP][PASSED] - setText: Text 'test' is set on object 'Object Repository/Final Object Repo/Login Page/Internal User/Password'

2018-12-07 04:04:02 - [MESSAGE][PASSED] - Text 'test' is set on object 'Object Repository/Final Object Repo/Login Page/Internal User/Password'

2018-12-07 04:04:02 - [TEST_STEP][PASSED] - delay: Delayed 2 second(s)

2018-12-07 04:04:04 - [MESSAGE][PASSED] - Delayed 2 second(s)

2018-12-07 04:04:04 - [TEST_STEP][PASSED] - click: Object: 'Object Repository/Final Object Repo/Login Page/Internal User/Login Button' is clicked on

2018-12-07 04:04:04 - [MESSAGE][PASSED] - Object: 'Object Repository/Final Object Repo/Login Page/Internal User/Login Button' is clicked on

2018-12-07 04:04:04 - [TEST_STEP][PASSED] - Statement - tester = com.kms.katalon.core.testobject.ObjectRepository.findTestObject(Final Object Repo/Landing Page/Select to English): Finding Test Object with id 'Object Repository/Final Object Repo/Landing Page/Select to English'

2018-12-07 04:04:04 - [TEST_STEP][PASSED] - Statement - Try: Delayed 2 second(s)

2018-12-07 04:04:04 - [TEST_STEP][PASSED] - Statement - Checker = com.kms.katalon.core.webui.keyword.WebUiBuiltInKeywords.verifyElementNotPresent(tester, 3): Web element with id: 'Object Repository/Final Object Repo/Landing Page/Select to English' located by 'By.xpath: //a[@class = 'taglib-language-list-text' and @lang = 'en-US' and (contains(text(), 'EN') or contains(., 'EN'))]' is not present after '3' second(s)

2018-12-07 04:04:06 - [MESSAGE][PASSED] - Web element with id: 'Object Repository/Final Object Repo/Landing Page/Select to English' located by 'By.xpath: //a[@class = 'taglib-language-list-text' and @lang = 'en-US' and (contains(text(), 'EN') or contains(., 'EN'))]' is not present after '3' second(s)

2018-12-07 04:04:06 - [TEST_STEP][PASSED] - Statement - If (Checker == false): null

2018-12-07 04:04:06 - [TEST_STEP][PASSED] - delay: Delayed 2 second(s)

2018-12-07 04:04:08 - [MESSAGE][PASSED] - Delayed 2 second(s)

2018-12-07 04:04:08 - [TEST_STEP][PASSED] - delay: Delayed 5 second(s)

2018-12-07 04:04:13 - [MESSAGE][PASSED] - Delayed 5 second(s)

2018-12-07 04:04:13 - [TEST_STEP][PASSED] - mouseOver: Object: 'Object Repository/Final Object Repo/Landing Page/WorkFlow Menu' is hovered

2018-12-07 04:04:13 - [MESSAGE][PASSED] - Object: 'Object Repository/Final Object Repo/Landing Page/WorkFlow Menu' is hovered

2018-12-07 04:04:13 - [TEST_STEP][PASSED] - delay: Delayed 2 second(s)

2018-12-07 04:04:15 - [MESSAGE][PASSED] - Delayed 2 second(s)

2018-12-07 04:04:15 - [TEST_STEP][PASSED] - click: Object: 'Object Repository/Final Object Repo/Landing Page/Select to Workflow Listing' is clicked on

2018-12-07 04:04:16 - [MESSAGE][PASSED] - Object: 'Object Repository/Final Object Repo/Landing Page/Select to Workflow Listing' is clicked on

2018-12-07 04:04:16 - [TEST_STEP][PASSED] - delay: Delayed 2 second(s)

2018-12-07 04:04:18 - [MESSAGE][PASSED] - Delayed 2 second(s)

2018-12-07 04:04:18 - [TEST_STEP][PASSED] - click: Object: 'Object Repository/Final Object Repo/WorkFlow Listing Page/Search Information - To Put Ref No' is clicked on

2018-12-07 04:04:19 - [MESSAGE][PASSED] - Object: 'Object Repository/Final Object Repo/WorkFlow Listing Page/Search Information - To Put Ref No' is clicked on

2018-12-07 04:04:19 - [TEST_STEP][PASSED] - delay: Delayed 2 second(s)

2018-12-07 04:04:21 - [MESSAGE][PASSED] - Delayed 2 second(s)

2018-12-07 04:04:21 - [TEST_STEP][PASSED] - callTestCase: Call Test Case 'Test Cases/Final Aug 2018 - PKS Automation/Common/Reference Number Getter' successfully

2018-12-07 04:04:21 - [TEST_CASE][PASSED] - Test Cases/Final Aug 2018 - PKS Automation/Common/Reference Number Getter: Test Cases/Final Aug 2018 - PKS Automation/Common/Reference Number Getter

2018-12-07 04:04:21 - [TEST_STEP][PASSED] - Statement - Try: null

2018-12-07 04:04:21 - [TEST_STEP][PASSED] - Statement - RefNo = new java.io.File(C://Users//Admin//Desktop//PKS//Automation Reference Point//KatalonReference.txt): null

2018-12-07 04:04:21 - [TEST_STEP][PASSED] - Statement - bufferread = new java.io.BufferedReader(new java.io.FileReader(RefNo)): null

2018-12-07 04:04:21 - [TEST_STEP][PASSED] - Statement - readedVal = bufferread.readLine(): null

2018-12-07 04:04:21 - [TEST_STEP][PASSED] - Statement - out.println(CaseReferenceNo): null

2018-12-07 04:04:21 - [TEST_STEP][PASSED] - Statement - out.println(readedVal): null

2018-12-07 04:04:21 - [TEST_STEP][PASSED] - Statement - CaseReferenceNo = "": null

2018-12-07 04:04:21 - [TEST_STEP][PASSED] - Statement - CaseReferenceNo = readedVal: null

2018-12-07 04:04:21 - [MESSAGE][PASSED] - Call Test Case 'Test Cases/Final Aug 2018 - PKS Automation/Common/Reference Number Getter' successfully

2018-12-07 04:04:21 - [TEST_STEP][PASSED] - setText: Text 'SSN12201800001184' is set on object 'Object Repository/Final Object Repo/WorkFlow Listing Page/Ref No Set Text'

2018-12-07 04:04:21 - [MESSAGE][PASSED] - Text 'SSN12201800001184' is set on object 'Object Repository/Final Object Repo/WorkFlow Listing Page/Ref No Set Text'

2018-12-07 04:04:21 - [TEST_STEP][PASSED] - delay: Delayed 2 second(s)

2018-12-07 04:04:23 - [MESSAGE][PASSED] - Delayed 2 second(s)

2018-12-07 04:04:23 - [TEST_STEP][PASSED] - click: Object: 'Object Repository/Final Object Repo/WorkFlow Listing Page/Search Ref No Search Button' is clicked on

2018-12-07 04:04:23 - [MESSAGE][PASSED] - Object: 'Object Repository/Final Object Repo/WorkFlow Listing Page/Search Ref No Search Button' is clicked on

2018-12-07 04:04:23 - [TEST_STEP][PASSED] - delay: Delayed 6 second(s)

2018-12-07 04:04:29 - [MESSAGE][PASSED] - Delayed 6 second(s)

2018-12-07 04:04:29 - [TEST_STEP][PASSED] - click: Object: 'Object Repository/Final Object Repo/WorkFlow Listing Page/Click Continue Tooltip' is clicked on

2018-12-07 04:04:30 - [MESSAGE][PASSED] - Object: 'Object Repository/Final Object Repo/WorkFlow Listing Page/Click Continue Tooltip' is clicked on

2018-12-07 04:04:30 - [TEST_STEP][PASSED] - delay: Delayed 5 second(s)

2018-12-07 04:04:35 - [MESSAGE][PASSED] - Delayed 5 second(s)

2018-12-07 04:04:35 - [TEST_STEP][PASSED] - doubleClick: Object: 'Object Repository/Final Object Repo/WorkFlow Listing Page/Workflow Found - Listing 1' is double clicked on

2018-12-07 04:04:35 - [MESSAGE][PASSED] - Object: 'Object Repository/Final Object Repo/WorkFlow Listing Page/Workflow Found - Listing 1' is double clicked on

2018-12-07 04:04:35 - [TEST_STEP][PASSED] - Statement - println(OwnerID): null

2018-12-07 04:04:35 - [TEST_STEP][PASSED] - Statement - OwnerID = com.kms.katalon.core.webui.keyword.WebUiBuiltInKeywords.getText(com.kms.katalon.core.testobject.ObjectRepository.findTestObject(Final Object Repo/WorkFlow Listing Page/Workflow Found - Listing 1), STOP_ON_FAILURE): Text of object 'Object Repository/Final Object Repo/WorkFlow Listing Page/Workflow Found - Listing 1' is: 'JOHORrio2'

2018-12-07 04:04:35 - [MESSAGE][PASSED] - Text of object 'Object Repository/Final Object Repo/WorkFlow Listing Page/Workflow Found - Listing 1' is: 'JOHORrio2'

2018-12-07 04:04:35 - [TEST_STEP][PASSED] - Statement - OwnerID = OwnerID.toLowerCase() + "@gmail.com": null

2018-12-07 04:04:35 - [TEST_STEP][PASSED] - Statement - println(OwnerID): null

2018-12-07 04:04:35 - [TEST_STEP][PASSED] - delay: Delayed 2 second(s)

2018-12-07 04:04:37 - [MESSAGE][PASSED] - Delayed 2 second(s)

2018-12-07 04:04:37 - [MESSAGE][PASSED] - Call Test Case 'Test Cases/Final Aug 2018 - PKS Automation/Common/Workflow Owner Finder' successfully

2018-12-07 04:04:37 - [TEST_STEP][PASSED] - delay: Delayed 2 second(s)

2018-12-07 04:04:39 - [MESSAGE][PASSED] - Delayed 2 second(s)

2018-12-07 04:04:39 - [TEST_STEP][PASSED] - navigateToUrl: Navigate to 'https://assist2-uat.perkeso.gov.my/c/portal/logout' successfully

2018-12-07 04:04:40 - [MESSAGE][PASSED] - Navigate to 'https://assist2-uat.perkeso.gov.my/c/portal/logout' successfully

2018-12-07 04:04:40 - [TEST_STEP][PASSED] - delay: Delayed 2 second(s)

2018-12-07 04:04:42 - [MESSAGE][PASSED] - Delayed 2 second(s)

2018-12-07 04:04:42 - [TEST_STEP][PASSED] - callTestCase: Call Test Case 'Test Cases/Final Aug 2018 - PKS Automation/Registration Module/Workflow/Login and Search Case For Workflow' successfully

2018-12-07 04:04:42 - [TEST_CASE][PASSED] - Test Cases/Final Aug 2018 - PKS Automation/Registration Module/Workflow/Login and Search Case For Workflow: Test Cases/Final Aug 2018 - PKS Automation/Registration Module/Workflow/Login and Search Case For Workflow

2018-12-07 04:04:42 - [TEST_STEP][PASSED] - navigateToUrl: Navigate to 'https://assist2-uat.perkeso.gov.my/login' successfully

2018-12-07 04:04:43 - [MESSAGE][PASSED] - Navigate to 'https://assist2-uat.perkeso.gov.my/login' successfully

2018-12-07 04:04:43 - [TEST_STEP][PASSED] - setText: Text 'johorrio2@gmail.com' is set on object 'Object Repository/Final Object Repo/Login Page/Internal User/Email Address'

2018-12-07 04:04:43 - [MESSAGE][PASSED] - Text 'johorrio2@gmail.com' is set on object 'Object Repository/Final Object Repo/Login Page/Internal User/Email Address'

2018-12-07 04:04:43 - [TEST_STEP][PASSED] - click: Object: 'Object Repository/Final Object Repo/Login Page/Internal User/Next Button' is clicked on

2018-12-07 04:04:43 - [MESSAGE][PASSED] - Object: 'Object Repository/Final Object Repo/Login Page/Internal User/Next Button' is clicked on

2018-12-07 04:04:43 - [TEST_STEP][PASSED] - delay: Delayed 1 second(s)

2018-12-07 04:04:44 - [MESSAGE][PASSED] - Delayed 1 second(s)

2018-12-07 04:04:44 - [TEST_STEP][PASSED] - setEncryptedText: Text ****** has been set on object 'Object Repository/Final Object Repo/Login Page/Internal User/Password'

2018-12-07 04:04:44 - [MESSAGE][PASSED] - Text ****** has been set on object 'Object Repository/Final Object Repo/Login Page/Internal User/Password'

2018-12-07 04:04:44 - [TEST_STEP][PASSED] - click: Object: 'Object Repository/Final Object Repo/Login Page/Internal User/Login Button' is clicked on

2018-12-07 04:04:44 - [MESSAGE][PASSED] - Object: 'Object Repository/Final Object Repo/Login Page/Internal User/Login Button' is clicked on

2018-12-07 04:04:44 - [TEST_STEP][PASSED] - delay: Delayed 2 second(s)

2018-12-07 04:04:46 - [MESSAGE][PASSED] - Delayed 2 second(s)

2018-12-07 04:04:46 - [TEST_STEP][PASSED] - Statement - Try: Delayed 2 second(s)

2018-12-07 04:04:46 - [TEST_STEP][PASSED] - Statement - Checker = false: null

2018-12-07 04:04:46 - [TEST_STEP][PASSED] - Statement - Checker = com.kms.katalon.core.webui.keyword.WebUiBuiltInKeywords.verifyElementHasAttribute(com.kms.katalon.core.testobject.ObjectRepository.findTestObject(Final Object Repo/Landing Page/BM Detecting), "href", 20, OPTIONAL): Object 'Object Repository/Final Object Repo/Landing Page/BM Detecting' has attribute 'href'

2018-12-07 04:04:47 - [MESSAGE][PASSED] - Object 'Object Repository/Final Object Repo/Landing Page/BM Detecting' has attribute 'href'

2018-12-07 04:04:47 - [TEST_STEP][PASSED] - Statement - out.println(Checker): null

2018-12-07 04:04:47 - [TEST_STEP][PASSED] - Statement - If (Checker == false): null

2018-12-07 04:04:47 - [TEST_STEP][PASSED] - Statement - Else: null

2018-12-07 04:04:47 - [TEST_STEP][PASSED] - delay: Delayed 2 second(s)

2018-12-07 04:04:49 - [MESSAGE][PASSED] - Delayed 2 second(s)

2018-12-07 04:04:49 - [TEST_STEP][PASSED] - click: Object: 'Object Repository/Final Object Repo/Page_MyASSIST - ASSIST - Search Pending Case For Add Supporting Document/Search Information' is clicked on

2018-12-07 04:04:49 - [MESSAGE][PASSED] - Object: 'Object Repository/Final Object Repo/Page_MyASSIST - ASSIST - Search Pending Case For Add Supporting Document/Search Information' is clicked on

2018-12-07 04:04:49 - [TEST_STEP][PASSED] - delay: Delayed 3 second(s)

2018-12-07 04:04:52 - [MESSAGE][PASSED] - Delayed 3 second(s)

2018-12-07 04:04:52 - [TEST_STEP][PASSED] - sendKeys: Keys 'SSN12201800001184' sent to object: 'Object Repository/Final Object Repo/Page_MyASSIST - ASSIST - Search Pending Case For Add Supporting Document/Reference No'

2018-12-07 04:04:52 - [MESSAGE][PASSED] - Keys 'SSN12201800001184' sent to object: 'Object Repository/Final Object Repo/Page_MyASSIST - ASSIST - Search Pending Case For Add Supporting Document/Reference No'

2018-12-07 04:04:52 - [TEST_STEP][PASSED] - click: Object: 'Object Repository/Final Object Repo/Page_MyASSIST - ASSIST - Search Pending Case For Add Supporting Document/Search Reference No' is clicked on

2018-12-07 04:04:52 - [MESSAGE][PASSED] - Object: 'Object Repository/Final Object Repo/Page_MyASSIST - ASSIST - Search Pending Case For Add Supporting Document/Search Reference No' is clicked on

2018-12-07 04:04:52 - [TEST_STEP][PASSED] - delay: Delayed 2 second(s)

2018-12-07 04:04:54 - [MESSAGE][PASSED] - Delayed 2 second(s)

2018-12-07 04:04:54 - [TEST_STEP][PASSED] - click: Object: 'Object Repository/Final Object Repo/Page_MyASSIST - ASSIST - Search Pending Case For Add Supporting Document/Continue' is clicked on

2018-12-07 04:05:01 - [MESSAGE][PASSED] - Object: 'Object Repository/Final Object Repo/Page_MyASSIST - ASSIST - Search Pending Case For Add Supporting Document/Continue' is clicked on

2018-12-07 04:05:01 - [TEST_STEP][PASSED] - delay: Delayed 20 second(s)

2018-12-07 04:05:21 - [MESSAGE][PASSED] - Delayed 20 second(s)

2018-12-07 04:05:21 - [MESSAGE][PASSED] - Call Test Case 'Test Cases/Final Aug 2018 - PKS Automation/Registration Module/Workflow/Login and Search Case For Workflow' successfully

2018-12-07 04:05:21 - [TEST_STEP][PASSED] - callTestCase: Call Test Case 'Test Cases/Final Aug 2018 - PKS Automation/Registration Module/Workflow/Request SSN/Template/Request SSN - RIO' successfully

2018-12-07 04:05:21 - [TEST_CASE][PASSED] - Test Cases/Final Aug 2018 - PKS Automation/Registration Module/Workflow/Request SSN/Template/Request SSN - RIO: Test Cases/Final Aug 2018 - PKS Automation/Registration Module/Workflow/Request SSN/Template/Request SSN - RIO

2018-12-07 04:05:21 - [TEST_STEP][NOT_RUN] - openBrowser: NOT_RUN: openBrowser

2018-12-07 04:05:21 - [MESSAGE][NOT_RUN] - NOT_RUN: openBrowser

2018-12-07 04:05:21 - [TEST_STEP][NOT_RUN] - navigateToUrl: NOT_RUN: navigateToUrl

2018-12-07 04:05:21 - [MESSAGE][NOT_RUN] - NOT_RUN: navigateToUrl

2018-12-07 04:05:21 - [TEST_STEP][NOT_RUN] - setText: NOT_RUN: setText

2018-12-07 04:05:21 - [MESSAGE][NOT_RUN] - NOT_RUN: setText

2018-12-07 04:05:21 - [TEST_STEP][NOT_RUN] - click: NOT_RUN: click

2018-12-07 04:05:21 - [MESSAGE][NOT_RUN] - NOT_RUN: click

2018-12-07 04:05:21 - [TEST_STEP][NOT_RUN] - delay: NOT_RUN: delay

2018-12-07 04:05:21 - [MESSAGE][NOT_RUN] - NOT_RUN: delay

2018-12-07 04:05:21 - [TEST_STEP][NOT_RUN] - setEncryptedText: NOT_RUN: setEncryptedText

2018-12-07 04:05:21 - [MESSAGE][NOT_RUN] - NOT_RUN: setEncryptedText

2018-12-07 04:05:21 - [TEST_STEP][NOT_RUN] - click: NOT_RUN: click

2018-12-07 04:05:21 - [MESSAGE][NOT_RUN] - NOT_RUN: click

2018-12-07 04:05:21 - [TEST_STEP][NOT_RUN] - delay: NOT_RUN: delay

2018-12-07 04:05:21 - [MESSAGE][NOT_RUN] - NOT_RUN: delay

2018-12-07 04:05:21 - [TEST_STEP][NOT_RUN] - click: NOT_RUN: click

2018-12-07 04:05:21 - [MESSAGE][NOT_RUN] - NOT_RUN: click

2018-12-07 04:05:21 - [TEST_STEP][NOT_RUN] - sendKeys: NOT_RUN: sendKeys

2018-12-07 04:05:21 - [MESSAGE][NOT_RUN] - NOT_RUN: sendKeys

2018-12-07 04:05:21 - [TEST_STEP][NOT_RUN] - click: NOT_RUN: click

2018-12-07 04:05:21 - [MESSAGE][NOT_RUN] - NOT_RUN: click

2018-12-07 04:05:21 - [TEST_STEP][NOT_RUN] - delay: NOT_RUN: delay

2018-12-07 04:05:21 - [MESSAGE][NOT_RUN] - NOT_RUN: delay

2018-12-07 04:05:21 - [TEST_STEP][NOT_RUN] - click: NOT_RUN: click

2018-12-07 04:05:21 - [MESSAGE][NOT_RUN] - NOT_RUN: click

2018-12-07 04:05:21 - [TEST_STEP][PASSED] - delay: Delayed 2 second(s)

2018-12-07 04:05:23 - [MESSAGE][PASSED] - Delayed 2 second(s)

2018-12-07 04:05:23 - [TEST_STEP][PASSED] - click: Object: 'Object Repository/Final Object Repo/Page_Request SSN - ASSIST/Page_Request SSN - ASSIST - RIO/Recommend For SSN' is clicked on

2018-12-07 04:05:23 - [MESSAGE][PASSED] - Object: 'Object Repository/Final Object Repo/Page_Request SSN - ASSIST/Page_Request SSN - ASSIST - RIO/Recommend For SSN' is clicked on

2018-12-07 04:05:23 - [TEST_STEP][PASSED] - click: Object: 'Object Repository/Final Object Repo/Page_Request SSN - ASSIST/Page_Request SSN - ASSIST - RIO/Recommend For SSN  - Yes' is clicked on

2018-12-07 04:05:23 - [MESSAGE][PASSED] - Object: 'Object Repository/Final Object Repo/Page_Request SSN - ASSIST/Page_Request SSN - ASSIST - RIO/Recommend For SSN  - Yes' is clicked on

2018-12-07 04:05:23 - [TEST_STEP][PASSED] - delay: Delayed 2 second(s)

2018-12-07 04:05:25 - [MESSAGE][PASSED] - Delayed 2 second(s)

2018-12-07 04:05:25 - [TEST_STEP][PASSED] - click: Object: 'Object Repository/Final Object Repo/Page_Request SSN - ASSIST/Page_Request SSN - ASSIST - RIO/Save  Continue in SSN page' is clicked on

2018-12-07 04:05:26 - [MESSAGE][PASSED] - Object: 'Object Repository/Final Object Repo/Page_Request SSN - ASSIST/Page_Request SSN - ASSIST - RIO/Save  Continue in SSN page' is clicked on

2018-12-07 04:05:26 - [TEST_STEP][PASSED] - delay: Delayed 2 second(s)

2018-12-07 04:05:28 - [MESSAGE][PASSED] - Delayed 2 second(s)

2018-12-07 04:05:28 - [TEST_STEP][PASSED] - click: Object: 'Object Repository/Final Object Repo/Page_Request SSN - ASSIST/Page_Request SSN - ASSIST - RIO/Save  Continue in Upload Document Page' is clicked on

2018-12-07 04:05:30 - [MESSAGE][PASSED] - Object: 'Object Repository/Final Object Repo/Page_Request SSN - ASSIST/Page_Request SSN - ASSIST - RIO/Save  Continue in Upload Document Page' is clicked on

2018-12-07 04:05:30 - [TEST_STEP][PASSED] - delay: Delayed 2 second(s)

2018-12-07 04:05:32 - [MESSAGE][PASSED] - Delayed 2 second(s)

2018-12-07 04:05:32 - [TEST_STEP][PASSED] - click: Object: 'Object Repository/Final Object Repo/Page_Request SSN - ASSIST/Page_Request SSN - ASSIST - RIO/Submit' is clicked on

2018-12-07 04:05:35 - [MESSAGE][PASSED] - Object: 'Object Repository/Final Object Repo/Page_Request SSN - ASSIST/Page_Request SSN - ASSIST - RIO/Submit' is clicked on

2018-12-07 04:05:35 - [TEST_STEP][PASSED] - delay: Delayed 2 second(s)

2018-12-07 04:05:37 - [MESSAGE][PASSED] - Delayed 2 second(s)

2018-12-07 04:05:37 - [TEST_STEP][PASSED] - click: Object: 'Object Repository/Final Object Repo/Page_Request SSN - ASSIST/Page_Request SSN - ASSIST - RIO/Confirm' is clicked on

2018-12-07 04:05:37 - [MESSAGE][PASSED] - Object: 'Object Repository/Final Object Repo/Page_Request SSN - ASSIST/Page_Request SSN - ASSIST - RIO/Confirm' is clicked on

2018-12-07 04:05:37 - [MESSAGE][PASSED] - Call Test Case 'Test Cases/Final Aug 2018 - PKS Automation/Registration Module/Workflow/Request SSN/Template/Request SSN - RIO' successfully

2018-12-07 04:05:37 - [TEST_STEP][PASSED] - delay: Delayed 2 second(s)

2018-12-07 04:05:39 - [MESSAGE][PASSED] - Delayed 2 second(s)

2018-12-07 04:05:39 - [TEST_STEP][PASSED] - navigateToUrl: Navigate to 'https://assist2-uat.perkeso.gov.my/c/portal/logout' successfully

2018-12-07 04:05:44 - [MESSAGE][PASSED] - Navigate to 'https://assist2-uat.perkeso.gov.my/c/portal/logout' successfully

2018-12-07 04:05:44 - [TEST_STEP][PASSED] - delay: Delayed 2 second(s)

2018-12-07 04:05:46 - [MESSAGE][PASSED] - Delayed 2 second(s)

2018-12-07 04:05:46 - [TEST_STEP][PASSED] - callTestCase: Call Test Case 'Test Cases/Final Aug 2018 - PKS Automation/Common/Workflow Owner Finder' successfully

2018-12-07 04:05:46 - [TEST_CASE][PASSED] - Test Cases/Final Aug 2018 - PKS Automation/Common/Workflow Owner Finder: Test Cases/Final Aug 2018 - PKS Automation/Common/Workflow Owner Finder

2018-12-07 04:05:46 - [TEST_STEP][PASSED] - openBrowser: Browser is opened with url: ''

2018-12-07 04:05:46 - [MESSAGE][WARNING] - A browser is already opened. Closing browser and opening a new one

2018-12-07 04:05:50 - [MESSAGE][PASSED] - Browser is opened with url: ''

2018-12-07 04:05:50 - [TEST_STEP][PASSED] - navigateToUrl: Navigate to 'https://assist2-uat.perkeso.gov.my/login' successfully

2018-12-07 04:05:51 - [MESSAGE][PASSED] - Navigate to 'https://assist2-uat.perkeso.gov.my/login' successfully

2018-12-07 04:05:51 - [TEST_STEP][PASSED] - delay: Delayed 5 second(s)

2018-12-07 04:05:56 - [MESSAGE][PASSED] - Delayed 5 second(s)

2018-12-07 04:05:56 - [TEST_STEP][PASSED] - setText: Text 'test@liferay.com' is set on object 'Object Repository/Final Object Repo/Login Page/Internal User/Email Address'

2018-12-07 04:05:56 - [MESSAGE][PASSED] - Text 'test@liferay.com' is set on object 'Object Repository/Final Object Repo/Login Page/Internal User/Email Address'

2018-12-07 04:05:56 - [TEST_STEP][PASSED] - click: Object: 'Object Repository/Final Object Repo/Login Page/Internal User/Next Button' is clicked on

2018-12-07 04:05:56 - [MESSAGE][PASSED] - Object: 'Object Repository/Final Object Repo/Login Page/Internal User/Next Button' is clicked on

2018-12-07 04:05:56 - [TEST_STEP][PASSED] - delay: Delayed 2 second(s)

2018-12-07 04:05:58 - [MESSAGE][PASSED] - Delayed 2 second(s)

2018-12-07 04:05:58 - [TEST_STEP][PASSED] - setText: Text 'test' is set on object 'Object Repository/Final Object Repo/Login Page/Internal User/Password'

2018-12-07 04:05:58 - [MESSAGE][PASSED] - Text 'test' is set on object 'Object Repository/Final Object Repo/Login Page/Internal User/Password'

2018-12-07 04:05:58 - [TEST_STEP][PASSED] - delay: Delayed 2 second(s)

2018-12-07 04:06:00 - [MESSAGE][PASSED] - Delayed 2 second(s)

2018-12-07 04:06:00 - [TEST_STEP][PASSED] - click: Object: 'Object Repository/Final Object Repo/Login Page/Internal User/Login Button' is clicked on

2018-12-07 04:06:01 - [MESSAGE][PASSED] - Object: 'Object Repository/Final Object Repo/Login Page/Internal User/Login Button' is clicked on

2018-12-07 04:06:01 - [TEST_STEP][PASSED] - Statement - tester = com.kms.katalon.core.testobject.ObjectRepository.findTestObject(Final Object Repo/Landing Page/Select to English): Finding Test Object with id 'Object Repository/Final Object Repo/Landing Page/Select to English'

2018-12-07 04:06:01 - [TEST_STEP][PASSED] - Statement - Try: Delayed 2 second(s)

2018-12-07 04:06:01 - [TEST_STEP][PASSED] - Statement - Checker = com.kms.katalon.core.webui.keyword.WebUiBuiltInKeywords.verifyElementNotPresent(tester, 3): Web element with id: 'Object Repository/Final Object Repo/Landing Page/Select to English' located by 'By.xpath: //a[@class = 'taglib-language-list-text' and @lang = 'en-US' and (contains(text(), 'EN') or contains(., 'EN'))]' is not present after '3' second(s)

2018-12-07 04:06:02 - [MESSAGE][PASSED] - Web element with id: 'Object Repository/Final Object Repo/Landing Page/Select to English' located by 'By.xpath: //a[@class = 'taglib-language-list-text' and @lang = 'en-US' and (contains(text(), 'EN') or contains(., 'EN'))]' is not present after '3' second(s)

2018-12-07 04:06:02 - [TEST_STEP][PASSED] - Statement - If (Checker == false): null

2018-12-07 04:06:02 - [TEST_STEP][PASSED] - delay: Delayed 2 second(s)

2018-12-07 04:06:04 - [MESSAGE][PASSED] - Delayed 2 second(s)

2018-12-07 04:06:04 - [TEST_STEP][PASSED] - delay: Delayed 5 second(s)

2018-12-07 04:06:09 - [MESSAGE][PASSED] - Delayed 5 second(s)

2018-12-07 04:06:09 - [TEST_STEP][PASSED] - mouseOver: Object: 'Object Repository/Final Object Repo/Landing Page/WorkFlow Menu' is hovered

2018-12-07 04:06:10 - [MESSAGE][PASSED] - Object: 'Object Repository/Final Object Repo/Landing Page/WorkFlow Menu' is hovered

2018-12-07 04:06:10 - [TEST_STEP][PASSED] - delay: Delayed 2 second(s)

2018-12-07 04:06:12 - [MESSAGE][PASSED] - Delayed 2 second(s)

2018-12-07 04:06:12 - [TEST_STEP][PASSED] - click: Object: 'Object Repository/Final Object Repo/Landing Page/Select to Workflow Listing' is clicked on

2018-12-07 04:06:13 - [MESSAGE][PASSED] - Object: 'Object Repository/Final Object Repo/Landing Page/Select to Workflow Listing' is clicked on

2018-12-07 04:06:13 - [TEST_STEP][PASSED] - delay: Delayed 2 second(s)

2018-12-07 04:06:15 - [MESSAGE][PASSED] - Delayed 2 second(s)

2018-12-07 04:06:15 - [TEST_STEP][PASSED] - click: Object: 'Object Repository/Final Object Repo/WorkFlow Listing Page/Search Information - To Put Ref No' is clicked on

2018-12-07 04:06:15 - [MESSAGE][PASSED] - Object: 'Object Repository/Final Object Repo/WorkFlow Listing Page/Search Information - To Put Ref No' is clicked on

2018-12-07 04:06:15 - [TEST_STEP][PASSED] - delay: Delayed 2 second(s)

2018-12-07 04:06:17 - [MESSAGE][PASSED] - Delayed 2 second(s)

2018-12-07 04:06:17 - [TEST_STEP][PASSED] - callTestCase: Call Test Case 'Test Cases/Final Aug 2018 - PKS Automation/Common/Reference Number Getter' successfully

2018-12-07 04:06:17 - [TEST_CASE][PASSED] - Test Cases/Final Aug 2018 - PKS Automation/Common/Reference Number Getter: Test Cases/Final Aug 2018 - PKS Automation/Common/Reference Number Getter

2018-12-07 04:06:17 - [TEST_STEP][PASSED] - Statement - Try: null

2018-12-07 04:06:17 - [TEST_STEP][PASSED] - Statement - RefNo = new java.io.File(C://Users//Admin//Desktop//PKS//Automation Reference Point//KatalonReference.txt): null

2018-12-07 04:06:17 - [TEST_STEP][PASSED] - Statement - bufferread = new java.io.BufferedReader(new java.io.FileReader(RefNo)): null

2018-12-07 04:06:17 - [TEST_STEP][PASSED] - Statement - readedVal = bufferread.readLine(): null

2018-12-07 04:06:17 - [TEST_STEP][PASSED] - Statement - out.println(CaseReferenceNo): null

2018-12-07 04:06:17 - [TEST_STEP][PASSED] - Statement - out.println(readedVal): null

2018-12-07 04:06:17 - [TEST_STEP][PASSED] - Statement - CaseReferenceNo = "": null

2018-12-07 04:06:17 - [TEST_STEP][PASSED] - Statement - CaseReferenceNo = readedVal: null

2018-12-07 04:06:17 - [MESSAGE][PASSED] - Call Test Case 'Test Cases/Final Aug 2018 - PKS Automation/Common/Reference Number Getter' successfully

2018-12-07 04:06:17 - [TEST_STEP][PASSED] - setText: Text 'SSN12201800001184' is set on object 'Object Repository/Final Object Repo/WorkFlow Listing Page/Ref No Set Text'

2018-12-07 04:06:17 - [MESSAGE][PASSED] - Text 'SSN12201800001184' is set on object 'Object Repository/Final Object Repo/WorkFlow Listing Page/Ref No Set Text'

2018-12-07 04:06:17 - [TEST_STEP][PASSED] - delay: Delayed 2 second(s)

2018-12-07 04:06:19 - [MESSAGE][PASSED] - Delayed 2 second(s)

2018-12-07 04:06:19 - [TEST_STEP][PASSED] - click: Object: 'Object Repository/Final Object Repo/WorkFlow Listing Page/Search Ref No Search Button' is clicked on

2018-12-07 04:06:19 - [MESSAGE][PASSED] - Object: 'Object Repository/Final Object Repo/WorkFlow Listing Page/Search Ref No Search Button' is clicked on

2018-12-07 04:06:19 - [TEST_STEP][PASSED] - delay: Delayed 6 second(s)

2018-12-07 04:06:25 - [MESSAGE][PASSED] - Delayed 6 second(s)

2018-12-07 04:06:25 - [TEST_STEP][PASSED] - click: Object: 'Object Repository/Final Object Repo/WorkFlow Listing Page/Click Continue Tooltip' is clicked on

2018-12-07 04:06:26 - [MESSAGE][PASSED] - Object: 'Object Repository/Final Object Repo/WorkFlow Listing Page/Click Continue Tooltip' is clicked on

2018-12-07 04:06:26 - [TEST_STEP][PASSED] - delay: Delayed 5 second(s)

2018-12-07 04:06:31 - [MESSAGE][PASSED] - Delayed 5 second(s)

2018-12-07 04:06:31 - [TEST_STEP][PASSED] - doubleClick: Object: 'Object Repository/Final Object Repo/WorkFlow Listing Page/Workflow Found - Listing 1' is double clicked on

2018-12-07 04:06:31 - [MESSAGE][PASSED] - Object: 'Object Repository/Final Object Repo/WorkFlow Listing Page/Workflow Found - Listing 1' is double clicked on

2018-12-07 04:06:31 - [TEST_STEP][PASSED] - Statement - println(OwnerID): null

2018-12-07 04:06:31 - [TEST_STEP][PASSED] - Statement - OwnerID = com.kms.katalon.core.webui.keyword.WebUiBuiltInKeywords.getText(com.kms.katalon.core.testobject.ObjectRepository.findTestObject(Final Object Repo/WorkFlow Listing Page/Workflow Found - Listing 1), STOP_ON_FAILURE): Text of object 'Object Repository/Final Object Repo/WorkFlow Listing Page/Workflow Found - Listing 1' is: 'JOHORro1'

2018-12-07 04:06:32 - [MESSAGE][PASSED] - Text of object 'Object Repository/Final Object Repo/WorkFlow Listing Page/Workflow Found - Listing 1' is: 'JOHORro1'

2018-12-07 04:06:32 - [TEST_STEP][PASSED] - Statement - OwnerID = OwnerID.toLowerCase() + "@gmail.com": null

2018-12-07 04:06:32 - [TEST_STEP][PASSED] - Statement - println(OwnerID): null

2018-12-07 04:06:32 - [TEST_STEP][PASSED] - delay: Delayed 2 second(s)

2018-12-07 04:06:34 - [MESSAGE][PASSED] - Delayed 2 second(s)

2018-12-07 04:06:34 - [MESSAGE][PASSED] - Call Test Case 'Test Cases/Final Aug 2018 - PKS Automation/Common/Workflow Owner Finder' successfully

2018-12-07 04:06:34 - [TEST_STEP][PASSED] - delay: Delayed 2 second(s)

2018-12-07 04:06:36 - [MESSAGE][PASSED] - Delayed 2 second(s)

2018-12-07 04:06:36 - [TEST_STEP][PASSED] - navigateToUrl: Navigate to 'https://assist2-uat.perkeso.gov.my/c/portal/logout' successfully

2018-12-07 04:06:36 - [MESSAGE][PASSED] - Navigate to 'https://assist2-uat.perkeso.gov.my/c/portal/logout' successfully

2018-12-07 04:06:36 - [TEST_STEP][PASSED] - delay: Delayed 2 second(s)

2018-12-07 04:06:38 - [MESSAGE][PASSED] - Delayed 2 second(s)

2018-12-07 04:06:38 - [TEST_STEP][PASSED] - callTestCase: Call Test Case 'Test Cases/Final Aug 2018 - PKS Automation/Registration Module/Workflow/Login and Search Case For Workflow' successfully

2018-12-07 04:06:39 - [TEST_CASE][PASSED] - Test Cases/Final Aug 2018 - PKS Automation/Registration Module/Workflow/Login and Search Case For Workflow: Test Cases/Final Aug 2018 - PKS Automation/Registration Module/Workflow/Login and Search Case For Workflow

2018-12-07 04:06:39 - [TEST_STEP][PASSED] - navigateToUrl: Navigate to 'https://assist2-uat.perkeso.gov.my/login' successfully

2018-12-07 04:06:39 - [MESSAGE][PASSED] - Navigate to 'https://assist2-uat.perkeso.gov.my/login' successfully

2018-12-07 04:06:39 - [TEST_STEP][PASSED] - setText: Text 'johorro1@gmail.com' is set on object 'Object Repository/Final Object Repo/Login Page/Internal User/Email Address'

2018-12-07 04:06:39 - [MESSAGE][PASSED] - Text 'johorro1@gmail.com' is set on object 'Object Repository/Final Object Repo/Login Page/Internal User/Email Address'

2018-12-07 04:06:39 - [TEST_STEP][PASSED] - click: Object: 'Object Repository/Final Object Repo/Login Page/Internal User/Next Button' is clicked on

2018-12-07 04:06:39 - [MESSAGE][PASSED] - Object: 'Object Repository/Final Object Repo/Login Page/Internal User/Next Button' is clicked on

2018-12-07 04:06:39 - [TEST_STEP][PASSED] - delay: Delayed 1 second(s)

2018-12-07 04:06:40 - [MESSAGE][PASSED] - Delayed 1 second(s)

2018-12-07 04:06:40 - [TEST_STEP][PASSED] - setEncryptedText: Text ****** has been set on object 'Object Repository/Final Object Repo/Login Page/Internal User/Password'

2018-12-07 04:06:41 - [MESSAGE][PASSED] - Text ****** has been set on object 'Object Repository/Final Object Repo/Login Page/Internal User/Password'

2018-12-07 04:06:41 - [TEST_STEP][PASSED] - click: Object: 'Object Repository/Final Object Repo/Login Page/Internal User/Login Button' is clicked on

2018-12-07 04:06:41 - [MESSAGE][PASSED] - Object: 'Object Repository/Final Object Repo/Login Page/Internal User/Login Button' is clicked on

2018-12-07 04:06:41 - [TEST_STEP][PASSED] - delay: Delayed 2 second(s)

2018-12-07 04:06:43 - [MESSAGE][PASSED] - Delayed 2 second(s)

2018-12-07 04:06:43 - [TEST_STEP][PASSED] - Statement - Try: Delayed 2 second(s)

2018-12-07 04:06:43 - [TEST_STEP][PASSED] - Statement - Checker = false: null

2018-12-07 04:06:43 - [TEST_STEP][PASSED] - Statement - Checker = com.kms.katalon.core.webui.keyword.WebUiBuiltInKeywords.verifyElementHasAttribute(com.kms.katalon.core.testobject.ObjectRepository.findTestObject(Final Object Repo/Landing Page/BM Detecting), "href", 20, OPTIONAL): Object 'Object Repository/Final Object Repo/Landing Page/BM Detecting' has attribute 'href'

2018-12-07 04:06:43 - [MESSAGE][PASSED] - Object 'Object Repository/Final Object Repo/Landing Page/BM Detecting' has attribute 'href'

2018-12-07 04:06:43 - [TEST_STEP][PASSED] - Statement - out.println(Checker): null

2018-12-07 04:06:43 - [TEST_STEP][PASSED] - Statement - If (Checker == false): null

2018-12-07 04:06:43 - [TEST_STEP][PASSED] - Statement - Else: null

2018-12-07 04:06:43 - [TEST_STEP][PASSED] - delay: Delayed 2 second(s)

2018-12-07 04:06:45 - [MESSAGE][PASSED] - Delayed 2 second(s)

2018-12-07 04:06:45 - [TEST_STEP][PASSED] - click: Object: 'Object Repository/Final Object Repo/Page_MyASSIST - ASSIST - Search Pending Case For Add Supporting Document/Search Information' is clicked on

2018-12-07 04:06:45 - [MESSAGE][PASSED] - Object: 'Object Repository/Final Object Repo/Page_MyASSIST - ASSIST - Search Pending Case For Add Supporting Document/Search Information' is clicked on

2018-12-07 04:06:45 - [TEST_STEP][PASSED] - delay: Delayed 3 second(s)

2018-12-07 04:06:48 - [MESSAGE][PASSED] - Delayed 3 second(s)

2018-12-07 04:06:48 - [TEST_STEP][PASSED] - sendKeys: Keys 'SSN12201800001184' sent to object: 'Object Repository/Final Object Repo/Page_MyASSIST - ASSIST - Search Pending Case For Add Supporting Document/Reference No'

2018-12-07 04:06:48 - [MESSAGE][PASSED] - Keys 'SSN12201800001184' sent to object: 'Object Repository/Final Object Repo/Page_MyASSIST - ASSIST - Search Pending Case For Add Supporting Document/Reference No'

2018-12-07 04:06:48 - [TEST_STEP][PASSED] - click: Object: 'Object Repository/Final Object Repo/Page_MyASSIST - ASSIST - Search Pending Case For Add Supporting Document/Search Reference No' is clicked on

2018-12-07 04:06:48 - [MESSAGE][PASSED] - Object: 'Object Repository/Final Object Repo/Page_MyASSIST - ASSIST - Search Pending Case For Add Supporting Document/Search Reference No' is clicked on

2018-12-07 04:06:48 - [TEST_STEP][PASSED] - delay: Delayed 2 second(s)

2018-12-07 04:06:50 - [MESSAGE][PASSED] - Delayed 2 second(s)

2018-12-07 04:06:50 - [TEST_STEP][PASSED] - click: Object: 'Object Repository/Final Object Repo/Page_MyASSIST - ASSIST - Search Pending Case For Add Supporting Document/Continue' is clicked on

2018-12-07 04:06:57 - [MESSAGE][PASSED] - Object: 'Object Repository/Final Object Repo/Page_MyASSIST - ASSIST - Search Pending Case For Add Supporting Document/Continue' is clicked on

2018-12-07 04:06:57 - [TEST_STEP][PASSED] - delay: Delayed 20 second(s)

2018-12-07 04:07:17 - [MESSAGE][PASSED] - Delayed 20 second(s)

2018-12-07 04:07:17 - [MESSAGE][PASSED] - Call Test Case 'Test Cases/Final Aug 2018 - PKS Automation/Registration Module/Workflow/Login and Search Case For Workflow' successfully

2018-12-07 04:07:17 - [TEST_STEP][PASSED] - callTestCase: Call Test Case 'Test Cases/Final Aug 2018 - PKS Automation/Registration Module/Workflow/Request SSN/Template/Request SSN - RO (Approve)' successfully

2018-12-07 04:07:18 - [TEST_CASE][PASSED] - Test Cases/Final Aug 2018 - PKS Automation/Registration Module/Workflow/Request SSN/Template/Request SSN - RO (Approve): Test Cases/Final Aug 2018 - PKS Automation/Registration Module/Workflow/Request SSN/Template/Request SSN - RO (Approve)

2018-12-07 04:07:18 - [TEST_STEP][NOT_RUN] - openBrowser: NOT_RUN: openBrowser

2018-12-07 04:07:18 - [MESSAGE][NOT_RUN] - NOT_RUN: openBrowser

2018-12-07 04:07:18 - [TEST_STEP][NOT_RUN] - navigateToUrl: NOT_RUN: navigateToUrl

2018-12-07 04:07:18 - [MESSAGE][NOT_RUN] - NOT_RUN: navigateToUrl

2018-12-07 04:07:18 - [TEST_STEP][NOT_RUN] - setText: NOT_RUN: setText

2018-12-07 04:07:18 - [MESSAGE][NOT_RUN] - NOT_RUN: setText

2018-12-07 04:07:18 - [TEST_STEP][NOT_RUN] - click: NOT_RUN: click

2018-12-07 04:07:18 - [MESSAGE][NOT_RUN] - NOT_RUN: click

2018-12-07 04:07:18 - [TEST_STEP][NOT_RUN] - delay: NOT_RUN: delay

2018-12-07 04:07:18 - [MESSAGE][NOT_RUN] - NOT_RUN: delay

2018-12-07 04:07:18 - [TEST_STEP][NOT_RUN] - setEncryptedText: NOT_RUN: setEncryptedText

2018-12-07 04:07:18 - [MESSAGE][NOT_RUN] - NOT_RUN: setEncryptedText

2018-12-07 04:07:18 - [TEST_STEP][NOT_RUN] - click: NOT_RUN: click

2018-12-07 04:07:18 - [MESSAGE][NOT_RUN] - NOT_RUN: click

2018-12-07 04:07:18 - [TEST_STEP][NOT_RUN] - delay: NOT_RUN: delay

2018-12-07 04:07:18 - [MESSAGE][NOT_RUN] - NOT_RUN: delay

2018-12-07 04:07:18 - [TEST_STEP][NOT_RUN] - click: NOT_RUN: click

2018-12-07 04:07:18 - [MESSAGE][NOT_RUN] - NOT_RUN: click

2018-12-07 04:07:18 - [TEST_STEP][NOT_RUN] - delay: NOT_RUN: delay

2018-12-07 04:07:18 - [MESSAGE][NOT_RUN] - NOT_RUN: delay

2018-12-07 04:07:18 - [TEST_STEP][NOT_RUN] - sendKeys: NOT_RUN: sendKeys

2018-12-07 04:07:18 - [MESSAGE][NOT_RUN] - NOT_RUN: sendKeys

2018-12-07 04:07:18 - [TEST_STEP][NOT_RUN] - click: NOT_RUN: click

2018-12-07 04:07:18 - [MESSAGE][NOT_RUN] - NOT_RUN: click

2018-12-07 04:07:18 - [TEST_STEP][NOT_RUN] - delay: NOT_RUN: delay

2018-12-07 04:07:18 - [MESSAGE][NOT_RUN] - NOT_RUN: delay

2018-12-07 04:07:18 - [TEST_STEP][NOT_RUN] - click: NOT_RUN: click

2018-12-07 04:07:18 - [MESSAGE][NOT_RUN] - NOT_RUN: click

2018-12-07 04:07:18 - [TEST_STEP][PASSED] - click: Object: 'Object Repository/Final Object Repo/Page_Request SSN - ASSIST/Page_Request SSN - ASSIST - RO/Approval For SSN' is clicked on

2018-12-07 04:07:18 - [MESSAGE][PASSED] - Object: 'Object Repository/Final Object Repo/Page_Request SSN - ASSIST/Page_Request SSN - ASSIST - RO/Approval For SSN' is clicked on

2018-12-07 04:07:18 - [TEST_STEP][PASSED] - click: Object: 'Object Repository/Final Object Repo/Page_Request SSN - ASSIST/Page_Request SSN - ASSIST - RO/Approval For SSN - Approve' is clicked on

2018-12-07 04:07:18 - [MESSAGE][PASSED] - Object: 'Object Repository/Final Object Repo/Page_Request SSN - ASSIST/Page_Request SSN - ASSIST - RO/Approval For SSN - Approve' is clicked on

2018-12-07 04:07:18 - [TEST_STEP][PASSED] - delay: Delayed 2 second(s)

2018-12-07 04:07:20 - [MESSAGE][PASSED] - Delayed 2 second(s)

2018-12-07 04:07:20 - [TEST_STEP][PASSED] - click: Object: 'Object Repository/Final Object Repo/Page_Request SSN - ASSIST/Page_Request SSN - ASSIST - RO/Save  Continue in SSN Page' is clicked on

2018-12-07 04:07:20 - [MESSAGE][PASSED] - Object: 'Object Repository/Final Object Repo/Page_Request SSN - ASSIST/Page_Request SSN - ASSIST - RO/Save  Continue in SSN Page' is clicked on

2018-12-07 04:07:20 - [TEST_STEP][PASSED] - delay: Delayed 2 second(s)

2018-12-07 04:07:22 - [MESSAGE][PASSED] - Delayed 2 second(s)

2018-12-07 04:07:22 - [TEST_STEP][PASSED] - click: Object: 'Object Repository/Final Object Repo/Page_Request SSN - ASSIST/Page_Request SSN - ASSIST - RO/Save  Continue in Uploading Document Page' is clicked on

2018-12-07 04:07:25 - [MESSAGE][PASSED] - Object: 'Object Repository/Final Object Repo/Page_Request SSN - ASSIST/Page_Request SSN - ASSIST - RO/Save  Continue in Uploading Document Page' is clicked on

2018-12-07 04:07:25 - [TEST_STEP][PASSED] - delay: Delayed 2 second(s)

2018-12-07 04:07:27 - [MESSAGE][PASSED] - Delayed 2 second(s)

2018-12-07 04:07:27 - [TEST_STEP][PASSED] - click: Object: 'Object Repository/Final Object Repo/Page_Request SSN - ASSIST/Page_Request SSN - ASSIST - RO/Submit' is clicked on

2018-12-07 04:07:29 - [MESSAGE][PASSED] - Object: 'Object Repository/Final Object Repo/Page_Request SSN - ASSIST/Page_Request SSN - ASSIST - RO/Submit' is clicked on

2018-12-07 04:07:29 - [TEST_STEP][PASSED] - delay: Delayed 2 second(s)

2018-12-07 04:07:31 - [MESSAGE][PASSED] - Delayed 2 second(s)

2018-12-07 04:07:31 - [TEST_STEP][PASSED] - click: Object: 'Object Repository/Final Object Repo/Page_Request SSN - ASSIST/Page_Request SSN - ASSIST - RO/Confirm' is clicked on

2018-12-07 04:07:32 - [MESSAGE][PASSED] - Object: 'Object Repository/Final Object Repo/Page_Request SSN - ASSIST/Page_Request SSN - ASSIST - RO/Confirm' is clicked on

2018-12-07 04:07:32 - [TEST_STEP][PASSED] - delay: Delayed 2 second(s)

2018-12-07 04:07:34 - [MESSAGE][PASSED] - Delayed 2 second(s)

2018-12-07 04:07:34 - [TEST_STEP][PASSED] - verifyElementVisible: Object 'Object Repository/Final Object Repo/Page_Request SSN - ASSIST/Page_Request SSN - ASSIST - RO/Successfull Message Your application has submitted' is visible

2018-12-07 04:07:40 - [MESSAGE][PASSED] - Object 'Object Repository/Final Object Repo/Page_Request SSN - ASSIST/Page_Request SSN - ASSIST - RO/Successfull Message Your application has submitted' is visible

2018-12-07 04:07:40 - [TEST_STEP][PASSED] - delay: Delayed 2 second(s)

2018-12-07 04:07:42 - [MESSAGE][PASSED] - Delayed 2 second(s)

2018-12-07 04:07:42 - [TEST_STEP][PASSED] - verifyElementVisible: Object 'Object Repository/Final Object Repo/Page_Request SSN - ASSIST/Page_Request SSN - ASSIST - RO/Letter of approval' is visible

2018-12-07 04:07:42 - [MESSAGE][PASSED] - Object 'Object Repository/Final Object Repo/Page_Request SSN - ASSIST/Page_Request SSN - ASSIST - RO/Letter of approval' is visible

2018-12-07 04:07:42 - [MESSAGE][PASSED] - Call Test Case 'Test Cases/Final Aug 2018 - PKS Automation/Registration Module/Workflow/Request SSN/Template/Request SSN - RO (Approve)' successfully

2018-12-07 04:07:42 - [MESSAGE][PASSED] - Call Test Case 'Test Cases/Final Aug 2018 - PKS Automation/Registration Module/Workflow/Request SSN/Template/Request SSN RIO - RO (Approve and Using Current Employer Code)' successfully]]></system-out>
         <system-err><![CDATA[]]></system-err>
      </testcase>
      <testcase name="Test Cases/Final Aug 2018 - PKS Automation/Registration Module/Workflow/Request SSN/PKRBO - RIO - RO (Query)" classname="Test Cases/Final Aug 2018 - PKS Automation/Registration Module/Workflow/Request SSN/PKRBO - RIO - RO (Query)" status="PASSED">
         <system-out><![CDATA[2018-12-07 04:07:42 - [TEST_CASE][PASSED] - Test Cases/Final Aug 2018 - PKS Automation/Registration Module/Workflow/Request SSN/PKRBO - RIO - RO (Query): Test Cases/Final Aug 2018 - PKS Automation/Registration Module/Workflow/Request SSN/PKRBO - RIO - RO (Query)

2018-12-07 04:07:42 - [TEST_STEP][PASSED] - callTestCase: Call Test Case 'Test Cases/Final Aug 2018 - PKS Automation/Registration Module/Workflow/Request SSN/Template/Request SSN - PKRBO' successfully

2018-12-07 04:07:43 - [TEST_CASE][PASSED] - Test Cases/Final Aug 2018 - PKS Automation/Registration Module/Workflow/Request SSN/Template/Request SSN - PKRBO: Test Cases/Final Aug 2018 - PKS Automation/Registration Module/Workflow/Request SSN/Template/Request SSN - PKRBO

2018-12-07 04:07:43 - [TEST_STEP][PASSED] - openBrowser: Browser is opened with url: ''

2018-12-07 04:07:43 - [MESSAGE][WARNING] - A browser is already opened. Closing browser and opening a new one

2018-12-07 04:07:46 - [MESSAGE][PASSED] - Browser is opened with url: ''

2018-12-07 04:07:46 - [TEST_STEP][PASSED] - navigateToUrl: Navigate to 'https://assist2-uat.perkeso.gov.my/login' successfully

2018-12-07 04:07:48 - [MESSAGE][PASSED] - Navigate to 'https://assist2-uat.perkeso.gov.my/login' successfully

2018-12-07 04:07:48 - [TEST_STEP][PASSED] - setText: Text 'johorpkrbo1@gmail.com' is set on object 'Object Repository/Final Object Repo/Login Page/Internal User/Email Address'

2018-12-07 04:07:48 - [MESSAGE][PASSED] - Text 'johorpkrbo1@gmail.com' is set on object 'Object Repository/Final Object Repo/Login Page/Internal User/Email Address'

2018-12-07 04:07:48 - [TEST_STEP][PASSED] - click: Object: 'Object Repository/Final Object Repo/Login Page/Internal User/Next Button' is clicked on

2018-12-07 04:07:48 - [MESSAGE][PASSED] - Object: 'Object Repository/Final Object Repo/Login Page/Internal User/Next Button' is clicked on

2018-12-07 04:07:48 - [TEST_STEP][PASSED] - delay: Delayed 1 second(s)

2018-12-07 04:07:49 - [MESSAGE][PASSED] - Delayed 1 second(s)

2018-12-07 04:07:49 - [TEST_STEP][PASSED] - setEncryptedText: Text ****** has been set on object 'Object Repository/Final Object Repo/Login Page/Internal User/Password'

2018-12-07 04:07:49 - [MESSAGE][PASSED] - Text ****** has been set on object 'Object Repository/Final Object Repo/Login Page/Internal User/Password'

2018-12-07 04:07:49 - [TEST_STEP][PASSED] - click: Object: 'Object Repository/Final Object Repo/Login Page/Internal User/Login Button' is clicked on

2018-12-07 04:07:50 - [MESSAGE][PASSED] - Object: 'Object Repository/Final Object Repo/Login Page/Internal User/Login Button' is clicked on

2018-12-07 04:07:50 - [TEST_STEP][PASSED] - Statement - Try: null

2018-12-07 04:07:50 - [TEST_STEP][PASSED] - Statement - Checker = com.kms.katalon.core.webui.keyword.WebUiBuiltInKeywords.verifyElementNotPresent("Final Object Repo/Landing Page/Select to English", 3): null

2018-12-07 04:07:50 - [TEST_STEP][PASSED] - Statement - Catch (Exception e): null

2018-12-07 04:07:50 - [TEST_STEP][PASSED] - Statement - e.printStackTrace(): null

2018-12-07 04:07:50 - [TEST_STEP][PASSED] - delay: Delayed 5 second(s)

2018-12-07 04:07:55 - [MESSAGE][PASSED] - Delayed 5 second(s)

2018-12-07 04:07:55 - [TEST_STEP][PASSED] - delay: Delayed 1 second(s)

2018-12-07 04:07:56 - [MESSAGE][PASSED] - Delayed 1 second(s)

2018-12-07 04:07:56 - [TEST_STEP][PASSED] - navigateToUrl: Navigate to 'https://assist2-uat.perkeso.gov.my/web/registration/request-ssn' successfully

2018-12-07 04:08:00 - [MESSAGE][PASSED] - Navigate to 'https://assist2-uat.perkeso.gov.my/web/registration/request-ssn' successfully

2018-12-07 04:08:00 - [TEST_STEP][PASSED] - setText: Text 'perkeso' is set on object 'Object Repository/Final Object Repo/Page_Request SSN - ASSIST/AI - Name'

2018-12-07 04:08:00 - [MESSAGE][PASSED] - Text 'perkeso' is set on object 'Object Repository/Final Object Repo/Page_Request SSN - ASSIST/AI - Name'

2018-12-07 04:08:00 - [TEST_STEP][PASSED] - click: Object: 'Object Repository/Final Object Repo/Page_Request SSN - ASSIST/AI - DOB' is clicked on

2018-12-07 04:08:01 - [MESSAGE][PASSED] - Object: 'Object Repository/Final Object Repo/Page_Request SSN - ASSIST/AI - DOB' is clicked on

2018-12-07 04:08:01 - [TEST_STEP][PASSED] - selectOptionByValue: All options with value '1995' are selected in object 'Object Repository/Final Object Repo/Page_Request SSN - ASSIST/AI - DOB - Year' 

2018-12-07 04:08:01 - [MESSAGE][PASSED] - All options with value '1995' are selected in object 'Object Repository/Final Object Repo/Page_Request SSN - ASSIST/AI - DOB - Year' 

2018-12-07 04:08:01 - [TEST_STEP][PASSED] - delay: Delayed 3 second(s)

2018-12-07 04:08:04 - [MESSAGE][PASSED] - Delayed 3 second(s)

2018-12-07 04:08:04 - [TEST_STEP][PASSED] - doubleClick: Object: 'Object Repository/Final Object Repo/Page_Request SSN - ASSIST/AI - DOB - Year - Date' is double clicked on

2018-12-07 04:08:04 - [MESSAGE][PASSED] - Object: 'Object Repository/Final Object Repo/Page_Request SSN - ASSIST/AI - DOB - Year - Date' is double clicked on

2018-12-07 04:08:04 - [TEST_STEP][PASSED] - click: Object: 'Object Repository/Final Object Repo/Page_Request SSN - ASSIST/AI - Male' is clicked on

2018-12-07 04:08:04 - [MESSAGE][PASSED] - Object: 'Object Repository/Final Object Repo/Page_Request SSN - ASSIST/AI - Male' is clicked on

2018-12-07 04:08:04 - [TEST_STEP][PASSED] - click: Object: 'Object Repository/Final Object Repo/Page_Request SSN - ASSIST/AI- Race' is clicked on

2018-12-07 04:08:05 - [MESSAGE][PASSED] - Object: 'Object Repository/Final Object Repo/Page_Request SSN - ASSIST/AI- Race' is clicked on

2018-12-07 04:08:05 - [TEST_STEP][PASSED] - click: Object: 'Object Repository/Final Object Repo/Page_Request SSN - ASSIST/AI - Race - Melayu' is clicked on

2018-12-07 04:08:05 - [MESSAGE][PASSED] - Object: 'Object Repository/Final Object Repo/Page_Request SSN - ASSIST/AI - Race - Melayu' is clicked on

2018-12-07 04:08:05 - [TEST_STEP][PASSED] - click: Object: 'Object Repository/Final Object Repo/Page_Request SSN - ASSIST/AI - Religion' is clicked on

2018-12-07 04:08:05 - [MESSAGE][PASSED] - Object: 'Object Repository/Final Object Repo/Page_Request SSN - ASSIST/AI - Religion' is clicked on

2018-12-07 04:08:05 - [TEST_STEP][PASSED] - click: Object: 'Object Repository/Final Object Repo/Page_Request SSN - ASSIST/AI - Religion - Islam' is clicked on

2018-12-07 04:08:05 - [MESSAGE][PASSED] - Object: 'Object Repository/Final Object Repo/Page_Request SSN - ASSIST/AI - Religion - Islam' is clicked on

2018-12-07 04:08:05 - [TEST_STEP][PASSED] - setText: Text '12345' is set on object 'Object Repository/Final Object Repo/Page_Request SSN - ASSIST/AI - Birth Certificate'

2018-12-07 04:08:06 - [MESSAGE][PASSED] - Text '12345' is set on object 'Object Repository/Final Object Repo/Page_Request SSN - ASSIST/AI - Birth Certificate'

2018-12-07 04:08:06 - [TEST_STEP][PASSED] - click: Object: 'Object Repository/Final Object Repo/Page_Request SSN - ASSIST/AI - Nationality' is clicked on

2018-12-07 04:08:06 - [MESSAGE][PASSED] - Object: 'Object Repository/Final Object Repo/Page_Request SSN - ASSIST/AI - Nationality' is clicked on

2018-12-07 04:08:06 - [TEST_STEP][PASSED] - click: Object: 'Object Repository/Final Object Repo/Page_Request SSN - ASSIST/AI - Nationality - Afghanistan' is clicked on

2018-12-07 04:08:06 - [MESSAGE][PASSED] - Object: 'Object Repository/Final Object Repo/Page_Request SSN - ASSIST/AI - Nationality - Afghanistan' is clicked on

2018-12-07 04:08:06 - [TEST_STEP][PASSED] - setText: Text 'PERKESO ADDRESS1' is set on object 'Object Repository/Final Object Repo/Page_Request SSN - ASSIST/AI - Address1'

2018-12-07 04:08:08 - [MESSAGE][PASSED] - Text 'PERKESO ADDRESS1' is set on object 'Object Repository/Final Object Repo/Page_Request SSN - ASSIST/AI - Address1'

2018-12-07 04:08:08 - [TEST_STEP][PASSED] - setText: Text 'PERKESO ADDRESS2' is set on object 'Object Repository/Final Object Repo/Page_Request SSN - ASSIST/AI - Address2'

2018-12-07 04:08:09 - [MESSAGE][PASSED] - Text 'PERKESO ADDRESS2' is set on object 'Object Repository/Final Object Repo/Page_Request SSN - ASSIST/AI - Address2'

2018-12-07 04:08:09 - [TEST_STEP][PASSED] - setText: Text 'PERKESO ADDRESS3' is set on object 'Object Repository/Final Object Repo/Page_Request SSN - ASSIST/AI - Address3'

2018-12-07 04:08:10 - [MESSAGE][PASSED] - Text 'PERKESO ADDRESS3' is set on object 'Object Repository/Final Object Repo/Page_Request SSN - ASSIST/AI - Address3'

2018-12-07 04:08:10 - [TEST_STEP][PASSED] - click: Object: 'Object Repository/Final Object Repo/Page_Request SSN - ASSIST/AI - State' is clicked on

2018-12-07 04:08:10 - [MESSAGE][PASSED] - Object: 'Object Repository/Final Object Repo/Page_Request SSN - ASSIST/AI - State' is clicked on

2018-12-07 04:08:10 - [TEST_STEP][PASSED] - click: Object: 'Object Repository/Final Object Repo/Page_Request SSN - ASSIST/AI - Current Employer State - Johor' is clicked on

2018-12-07 04:08:11 - [MESSAGE][PASSED] - Object: 'Object Repository/Final Object Repo/Page_Request SSN - ASSIST/AI - Current Employer State - Johor' is clicked on

2018-12-07 04:08:11 - [TEST_STEP][PASSED] - click: Object: 'Object Repository/Final Object Repo/Page_Request SSN - ASSIST/AI - City' is clicked on

2018-12-07 04:08:11 - [MESSAGE][PASSED] - Object: 'Object Repository/Final Object Repo/Page_Request SSN - ASSIST/AI - City' is clicked on

2018-12-07 04:08:11 - [TEST_STEP][PASSED] - setText: Text 'JOH' is set on object 'Object Repository/Final Object Repo/Page_Request SSN - ASSIST/AI - City - JOH'

2018-12-07 04:08:11 - [MESSAGE][PASSED] - Text 'JOH' is set on object 'Object Repository/Final Object Repo/Page_Request SSN - ASSIST/AI - City - JOH'

2018-12-07 04:08:11 - [TEST_STEP][PASSED] - delay: Delayed 3 second(s)

2018-12-07 04:08:14 - [MESSAGE][PASSED] - Delayed 3 second(s)

2018-12-07 04:08:14 - [TEST_STEP][PASSED] - click: Object: 'Object Repository/Final Object Repo/Page_Request SSN - ASSIST/AI - City - Johor Bharu' is clicked on

2018-12-07 04:08:14 - [MESSAGE][PASSED] - Object: 'Object Repository/Final Object Repo/Page_Request SSN - ASSIST/AI - City - Johor Bharu' is clicked on

2018-12-07 04:08:14 - [TEST_STEP][PASSED] - click: Object: 'Object Repository/Final Object Repo/Page_Request SSN - ASSIST/AI - Post Code' is clicked on

2018-12-07 04:08:15 - [MESSAGE][PASSED] - Object: 'Object Repository/Final Object Repo/Page_Request SSN - ASSIST/AI - Post Code' is clicked on

2018-12-07 04:08:15 - [TEST_STEP][PASSED] - setText: Text '810' is set on object 'Object Repository/Final Object Repo/Page_Request SSN - ASSIST/AI - City - JOH'

2018-12-07 04:08:15 - [MESSAGE][PASSED] - Text '810' is set on object 'Object Repository/Final Object Repo/Page_Request SSN - ASSIST/AI - City - JOH'

2018-12-07 04:08:15 - [TEST_STEP][PASSED] - delay: Delayed 3 second(s)

2018-12-07 04:08:18 - [MESSAGE][PASSED] - Delayed 3 second(s)

2018-12-07 04:08:18 - [TEST_STEP][PASSED] - click: Object: 'Object Repository/Final Object Repo/Page_Request SSN - ASSIST/AI - PostCode - 81000' is clicked on

2018-12-07 04:08:19 - [MESSAGE][PASSED] - Object: 'Object Repository/Final Object Repo/Page_Request SSN - ASSIST/AI - PostCode - 81000' is clicked on

2018-12-07 04:08:19 - [TEST_STEP][PASSED] - setText: Text '100' is set on object 'Object Repository/Final Object Repo/Page_Request SSN - ASSIST/P.O.BOX'

2018-12-07 04:08:19 - [MESSAGE][PASSED] - Text '100' is set on object 'Object Repository/Final Object Repo/Page_Request SSN - ASSIST/P.O.BOX'

2018-12-07 04:08:19 - [TEST_STEP][PASSED] - setText: Text '100' is set on object 'Object Repository/Final Object Repo/Page_Request SSN - ASSIST/Locked Bag No'

2018-12-07 04:08:19 - [MESSAGE][PASSED] - Text '100' is set on object 'Object Repository/Final Object Repo/Page_Request SSN - ASSIST/Locked Bag No'

2018-12-07 04:08:19 - [TEST_STEP][PASSED] - delay: Delayed 2 second(s)

2018-12-07 04:08:21 - [MESSAGE][PASSED] - Delayed 2 second(s)

2018-12-07 04:08:21 - [TEST_STEP][PASSED] - setText: Text '123456789' is set on object 'Object Repository/Final Object Repo/Page_Request SSN - ASSIST/AI - Telephone No'

2018-12-07 04:08:22 - [MESSAGE][PASSED] - Text '123456789' is set on object 'Object Repository/Final Object Repo/Page_Request SSN - ASSIST/AI - Telephone No'

2018-12-07 04:08:22 - [TEST_STEP][PASSED] - click: Object: 'Object Repository/Final Object Repo/Page_Request SSN - ASSIST/AI - Occupation' is clicked on

2018-12-07 04:08:23 - [MESSAGE][PASSED] - Object: 'Object Repository/Final Object Repo/Page_Request SSN - ASSIST/AI - Occupation' is clicked on

2018-12-07 04:08:23 - [TEST_STEP][PASSED] - click: Object: 'Object Repository/Final Object Repo/Page_Request SSN - ASSIST/AI - Occupation - NUMERICAL AND MATERIAL R' is clicked on

2018-12-07 04:08:23 - [MESSAGE][PASSED] - Object: 'Object Repository/Final Object Repo/Page_Request SSN - ASSIST/AI - Occupation - NUMERICAL AND MATERIAL R' is clicked on

2018-12-07 04:08:23 - [TEST_STEP][PASSED] - delay: Delayed 2 second(s)

2018-12-07 04:08:25 - [MESSAGE][PASSED] - Delayed 2 second(s)

2018-12-07 04:08:25 - [TEST_STEP][PASSED] - click: Object: 'Object Repository/Final Object Repo/Page_Request SSN - ASSIST/AI - Sub Occupation' is clicked on

2018-12-07 04:08:25 - [MESSAGE][PASSED] - Object: 'Object Repository/Final Object Repo/Page_Request SSN - ASSIST/AI - Sub Occupation' is clicked on

2018-12-07 04:08:25 - [TEST_STEP][PASSED] - click: Object: 'Object Repository/Final Object Repo/Page_Request SSN - ASSIST/AI - Sub Occupation - Stock Clerks' is clicked on

2018-12-07 04:08:25 - [MESSAGE][PASSED] - Object: 'Object Repository/Final Object Repo/Page_Request SSN - ASSIST/AI - Sub Occupation - Stock Clerks' is clicked on

2018-12-07 04:08:25 - [TEST_STEP][PASSED] - delay: Delayed 2 second(s)

2018-12-07 04:08:27 - [MESSAGE][PASSED] - Delayed 2 second(s)

2018-12-07 04:08:27 - [TEST_STEP][PASSED] - click: Object: 'Object Repository/Final Object Repo/Page_Request SSN - ASSIST/AI - Sub Occupation List' is clicked on

2018-12-07 04:08:28 - [MESSAGE][PASSED] - Object: 'Object Repository/Final Object Repo/Page_Request SSN - ASSIST/AI - Sub Occupation List' is clicked on

2018-12-07 04:08:28 - [TEST_STEP][PASSED] - click: Object: 'Object Repository/Final Object Repo/Page_Request SSN - ASSIST/AI - Sub Occupation List - Clerk raw material' is clicked on

2018-12-07 04:08:28 - [MESSAGE][PASSED] - Object: 'Object Repository/Final Object Repo/Page_Request SSN - ASSIST/AI - Sub Occupation List - Clerk raw material' is clicked on

2018-12-07 04:08:28 - [TEST_STEP][PASSED] - click: Object: 'Object Repository/Final Object Repo/Page_Request SSN - ASSIST/AI - Employment Start Date' is clicked on

2018-12-07 04:08:28 - [MESSAGE][PASSED] - Object: 'Object Repository/Final Object Repo/Page_Request SSN - ASSIST/AI - Employment Start Date' is clicked on

2018-12-07 04:08:28 - [TEST_STEP][PASSED] - click: Object: 'Object Repository/Final Object Repo/Page_Request SSN - ASSIST/AI - DOB - Year - Date' is clicked on

2018-12-07 04:08:28 - [MESSAGE][PASSED] - Object: 'Object Repository/Final Object Repo/Page_Request SSN - ASSIST/AI - DOB - Year - Date' is clicked on

2018-12-07 04:08:28 - [TEST_STEP][PASSED] - setText: Text 'perkeso' is set on object 'Object Repository/Final Object Repo/Page_Request SSN - ASSIST/AI - Current Employer Name'

2018-12-07 04:08:29 - [MESSAGE][PASSED] - Text 'perkeso' is set on object 'Object Repository/Final Object Repo/Page_Request SSN - ASSIST/AI - Current Employer Name'

2018-12-07 04:08:29 - [TEST_STEP][PASSED] - setText: Text 'perkeso1' is set on object 'Object Repository/Final Object Repo/Page_Request SSN - ASSIST/AI - Current Employer Address1'

2018-12-07 04:08:30 - [MESSAGE][PASSED] - Text 'perkeso1' is set on object 'Object Repository/Final Object Repo/Page_Request SSN - ASSIST/AI - Current Employer Address1'

2018-12-07 04:08:30 - [TEST_STEP][PASSED] - setText: Text 'perkeso2' is set on object 'Object Repository/Final Object Repo/Page_Request SSN - ASSIST/AI - Current Employer Address2'

2018-12-07 04:08:30 - [MESSAGE][PASSED] - Text 'perkeso2' is set on object 'Object Repository/Final Object Repo/Page_Request SSN - ASSIST/AI - Current Employer Address2'

2018-12-07 04:08:30 - [TEST_STEP][PASSED] - setText: Text 'perkeso3' is set on object 'Object Repository/Final Object Repo/Page_Request SSN - ASSIST/AI - Current Employer Address3'

2018-12-07 04:08:31 - [MESSAGE][PASSED] - Text 'perkeso3' is set on object 'Object Repository/Final Object Repo/Page_Request SSN - ASSIST/AI - Current Employer Address3'

2018-12-07 04:08:31 - [TEST_STEP][PASSED] - click: Object: 'Object Repository/Final Object Repo/Page_Request SSN - ASSIST/AI - Current Employer State' is clicked on

2018-12-07 04:08:31 - [MESSAGE][PASSED] - Object: 'Object Repository/Final Object Repo/Page_Request SSN - ASSIST/AI - Current Employer State' is clicked on

2018-12-07 04:08:31 - [TEST_STEP][PASSED] - click: Object: 'Object Repository/Final Object Repo/Page_Request SSN - ASSIST/AI - Current Employer State - Johor 1' is clicked on

2018-12-07 04:08:32 - [MESSAGE][PASSED] - Object: 'Object Repository/Final Object Repo/Page_Request SSN - ASSIST/AI - Current Employer State - Johor 1' is clicked on

2018-12-07 04:08:32 - [TEST_STEP][PASSED] - click: Object: 'Object Repository/Final Object Repo/Page_Request SSN - ASSIST/AI - Current Employer City' is clicked on

2018-12-07 04:08:32 - [MESSAGE][PASSED] - Object: 'Object Repository/Final Object Repo/Page_Request SSN - ASSIST/AI - Current Employer City' is clicked on

2018-12-07 04:08:32 - [TEST_STEP][PASSED] - setText: Text 'joh' is set on object 'Object Repository/Final Object Repo/Page_Request SSN - ASSIST/AI - City - JOH'

2018-12-07 04:08:32 - [MESSAGE][PASSED] - Text 'joh' is set on object 'Object Repository/Final Object Repo/Page_Request SSN - ASSIST/AI - City - JOH'

2018-12-07 04:08:32 - [TEST_STEP][PASSED] - delay: Delayed 2 second(s)

2018-12-07 04:08:34 - [MESSAGE][PASSED] - Delayed 2 second(s)

2018-12-07 04:08:34 - [TEST_STEP][PASSED] - click: Object: 'Object Repository/Final Object Repo/Page_Request SSN - ASSIST/AI - City - Johor Bharu' is clicked on

2018-12-07 04:08:35 - [MESSAGE][PASSED] - Object: 'Object Repository/Final Object Repo/Page_Request SSN - ASSIST/AI - City - Johor Bharu' is clicked on

2018-12-07 04:08:35 - [TEST_STEP][PASSED] - click: Object: 'Object Repository/Final Object Repo/Page_Request SSN - ASSIST/AI - Current Employer Postcode' is clicked on

2018-12-07 04:08:35 - [MESSAGE][PASSED] - Object: 'Object Repository/Final Object Repo/Page_Request SSN - ASSIST/AI - Current Employer Postcode' is clicked on

2018-12-07 04:08:35 - [TEST_STEP][PASSED] - setText: Text '810' is set on object 'Object Repository/Final Object Repo/Page_Request SSN - ASSIST/AI - City - JOH'

2018-12-07 04:08:35 - [MESSAGE][PASSED] - Text '810' is set on object 'Object Repository/Final Object Repo/Page_Request SSN - ASSIST/AI - City - JOH'

2018-12-07 04:08:35 - [TEST_STEP][PASSED] - delay: Delayed 2 second(s)

2018-12-07 04:08:37 - [MESSAGE][PASSED] - Delayed 2 second(s)

2018-12-07 04:08:37 - [TEST_STEP][PASSED] - click: Object: 'Object Repository/Final Object Repo/Page_Request SSN - ASSIST/AI - PostCode - 81000' is clicked on

2018-12-07 04:08:38 - [MESSAGE][PASSED] - Object: 'Object Repository/Final Object Repo/Page_Request SSN - ASSIST/AI - PostCode - 81000' is clicked on

2018-12-07 04:08:38 - [TEST_STEP][NOT_RUN] - setText: NOT_RUN: setText

2018-12-07 04:08:38 - [MESSAGE][NOT_RUN] - NOT_RUN: setText

2018-12-07 04:08:38 - [TEST_STEP][NOT_RUN] - setText: NOT_RUN: setText

2018-12-07 04:08:38 - [MESSAGE][NOT_RUN] - NOT_RUN: setText

2018-12-07 04:08:38 - [TEST_STEP][NOT_RUN] - click: NOT_RUN: click

2018-12-07 04:08:38 - [MESSAGE][NOT_RUN] - NOT_RUN: click

2018-12-07 04:08:38 - [TEST_STEP][NOT_RUN] - click: NOT_RUN: click

2018-12-07 04:08:38 - [MESSAGE][NOT_RUN] - NOT_RUN: click

2018-12-07 04:08:38 - [TEST_STEP][NOT_RUN] - setText: NOT_RUN: setText

2018-12-07 04:08:38 - [MESSAGE][NOT_RUN] - NOT_RUN: setText

2018-12-07 04:08:38 - [TEST_STEP][NOT_RUN] - click: NOT_RUN: click

2018-12-07 04:08:38 - [MESSAGE][NOT_RUN] - NOT_RUN: click

2018-12-07 04:08:38 - [TEST_STEP][NOT_RUN] - click: NOT_RUN: click

2018-12-07 04:08:38 - [MESSAGE][NOT_RUN] - NOT_RUN: click

2018-12-07 04:08:38 - [TEST_STEP][NOT_RUN] - click: NOT_RUN: click

2018-12-07 04:08:38 - [MESSAGE][NOT_RUN] - NOT_RUN: click

2018-12-07 04:08:38 - [TEST_STEP][NOT_RUN] - click: NOT_RUN: click

2018-12-07 04:08:38 - [MESSAGE][NOT_RUN] - NOT_RUN: click

2018-12-07 04:08:38 - [TEST_STEP][NOT_RUN] - click: NOT_RUN: click

2018-12-07 04:08:38 - [MESSAGE][NOT_RUN] - NOT_RUN: click

2018-12-07 04:08:38 - [TEST_STEP][NOT_RUN] - click: NOT_RUN: click

2018-12-07 04:08:38 - [MESSAGE][NOT_RUN] - NOT_RUN: click

2018-12-07 04:08:38 - [TEST_STEP][NOT_RUN] - setText: NOT_RUN: setText

2018-12-07 04:08:38 - [MESSAGE][NOT_RUN] - NOT_RUN: setText

2018-12-07 04:08:38 - [TEST_STEP][NOT_RUN] - setText: NOT_RUN: setText

2018-12-07 04:08:38 - [MESSAGE][NOT_RUN] - NOT_RUN: setText

2018-12-07 04:08:38 - [TEST_STEP][NOT_RUN] - setText: NOT_RUN: setText

2018-12-07 04:08:38 - [MESSAGE][NOT_RUN] - NOT_RUN: setText

2018-12-07 04:08:38 - [TEST_STEP][NOT_RUN] - click: NOT_RUN: click

2018-12-07 04:08:38 - [MESSAGE][NOT_RUN] - NOT_RUN: click

2018-12-07 04:08:38 - [TEST_STEP][NOT_RUN] - click: NOT_RUN: click

2018-12-07 04:08:38 - [MESSAGE][NOT_RUN] - NOT_RUN: click

2018-12-07 04:08:38 - [TEST_STEP][NOT_RUN] - click: NOT_RUN: click

2018-12-07 04:08:38 - [MESSAGE][NOT_RUN] - NOT_RUN: click

2018-12-07 04:08:38 - [TEST_STEP][NOT_RUN] - setText: NOT_RUN: setText

2018-12-07 04:08:38 - [MESSAGE][NOT_RUN] - NOT_RUN: setText

2018-12-07 04:08:38 - [TEST_STEP][NOT_RUN] - delay: NOT_RUN: delay

2018-12-07 04:08:38 - [MESSAGE][NOT_RUN] - NOT_RUN: delay

2018-12-07 04:08:38 - [TEST_STEP][NOT_RUN] - click: NOT_RUN: click

2018-12-07 04:08:38 - [MESSAGE][NOT_RUN] - NOT_RUN: click

2018-12-07 04:08:38 - [TEST_STEP][NOT_RUN] - click: NOT_RUN: click

2018-12-07 04:08:38 - [MESSAGE][NOT_RUN] - NOT_RUN: click

2018-12-07 04:08:38 - [TEST_STEP][NOT_RUN] - click: NOT_RUN: click

2018-12-07 04:08:38 - [MESSAGE][NOT_RUN] - NOT_RUN: click

2018-12-07 04:08:38 - [TEST_STEP][NOT_RUN] - setText: NOT_RUN: setText

2018-12-07 04:08:38 - [MESSAGE][NOT_RUN] - NOT_RUN: setText

2018-12-07 04:08:38 - [TEST_STEP][NOT_RUN] - delay: NOT_RUN: delay

2018-12-07 04:08:38 - [MESSAGE][NOT_RUN] - NOT_RUN: delay

2018-12-07 04:08:38 - [TEST_STEP][NOT_RUN] - click: NOT_RUN: click

2018-12-07 04:08:38 - [MESSAGE][NOT_RUN] - NOT_RUN: click

2018-12-07 04:08:38 - [TEST_STEP][NOT_RUN] - delay: NOT_RUN: delay

2018-12-07 04:08:38 - [MESSAGE][NOT_RUN] - NOT_RUN: delay

2018-12-07 04:08:38 - [TEST_STEP][NOT_RUN] - setText: NOT_RUN: setText

2018-12-07 04:08:38 - [MESSAGE][NOT_RUN] - NOT_RUN: setText

2018-12-07 04:08:38 - [TEST_STEP][NOT_RUN] - setText: NOT_RUN: setText

2018-12-07 04:08:38 - [MESSAGE][NOT_RUN] - NOT_RUN: setText

2018-12-07 04:08:38 - [TEST_STEP][NOT_RUN] - setText: NOT_RUN: setText

2018-12-07 04:08:38 - [MESSAGE][NOT_RUN] - NOT_RUN: setText

2018-12-07 04:08:38 - [TEST_STEP][NOT_RUN] - click: NOT_RUN: click

2018-12-07 04:08:38 - [MESSAGE][NOT_RUN] - NOT_RUN: click

2018-12-07 04:08:38 - [TEST_STEP][NOT_RUN] - click: NOT_RUN: click

2018-12-07 04:08:38 - [MESSAGE][NOT_RUN] - NOT_RUN: click

2018-12-07 04:08:38 - [TEST_STEP][NOT_RUN] - setText: NOT_RUN: setText

2018-12-07 04:08:38 - [MESSAGE][NOT_RUN] - NOT_RUN: setText

2018-12-07 04:08:38 - [TEST_STEP][NOT_RUN] - click: NOT_RUN: click

2018-12-07 04:08:38 - [MESSAGE][NOT_RUN] - NOT_RUN: click

2018-12-07 04:08:38 - [TEST_STEP][NOT_RUN] - click: NOT_RUN: click

2018-12-07 04:08:38 - [MESSAGE][NOT_RUN] - NOT_RUN: click

2018-12-07 04:08:38 - [TEST_STEP][NOT_RUN] - click: NOT_RUN: click

2018-12-07 04:08:38 - [MESSAGE][NOT_RUN] - NOT_RUN: click

2018-12-07 04:08:38 - [TEST_STEP][NOT_RUN] - click: NOT_RUN: click

2018-12-07 04:08:38 - [MESSAGE][NOT_RUN] - NOT_RUN: click

2018-12-07 04:08:38 - [TEST_STEP][NOT_RUN] - click: NOT_RUN: click

2018-12-07 04:08:38 - [MESSAGE][NOT_RUN] - NOT_RUN: click

2018-12-07 04:08:38 - [TEST_STEP][NOT_RUN] - click: NOT_RUN: click

2018-12-07 04:08:38 - [MESSAGE][NOT_RUN] - NOT_RUN: click

2018-12-07 04:08:38 - [TEST_STEP][NOT_RUN] - setText: NOT_RUN: setText

2018-12-07 04:08:38 - [MESSAGE][NOT_RUN] - NOT_RUN: setText

2018-12-07 04:08:38 - [TEST_STEP][NOT_RUN] - setText: NOT_RUN: setText

2018-12-07 04:08:38 - [MESSAGE][NOT_RUN] - NOT_RUN: setText

2018-12-07 04:08:38 - [TEST_STEP][NOT_RUN] - setText: NOT_RUN: setText

2018-12-07 04:08:38 - [MESSAGE][NOT_RUN] - NOT_RUN: setText

2018-12-07 04:08:38 - [TEST_STEP][NOT_RUN] - click: NOT_RUN: click

2018-12-07 04:08:38 - [MESSAGE][NOT_RUN] - NOT_RUN: click

2018-12-07 04:08:38 - [TEST_STEP][NOT_RUN] - click: NOT_RUN: click

2018-12-07 04:08:38 - [MESSAGE][NOT_RUN] - NOT_RUN: click

2018-12-07 04:08:38 - [TEST_STEP][NOT_RUN] - click: NOT_RUN: click

2018-12-07 04:08:38 - [MESSAGE][NOT_RUN] - NOT_RUN: click

2018-12-07 04:08:38 - [TEST_STEP][NOT_RUN] - delay: NOT_RUN: delay

2018-12-07 04:08:38 - [MESSAGE][NOT_RUN] - NOT_RUN: delay

2018-12-07 04:08:38 - [TEST_STEP][NOT_RUN] - setText: NOT_RUN: setText

2018-12-07 04:08:38 - [MESSAGE][NOT_RUN] - NOT_RUN: setText

2018-12-07 04:08:38 - [TEST_STEP][NOT_RUN] - delay: NOT_RUN: delay

2018-12-07 04:08:38 - [MESSAGE][NOT_RUN] - NOT_RUN: delay

2018-12-07 04:08:38 - [TEST_STEP][NOT_RUN] - click: NOT_RUN: click

2018-12-07 04:08:38 - [MESSAGE][NOT_RUN] - NOT_RUN: click

2018-12-07 04:08:38 - [TEST_STEP][NOT_RUN] - doubleClick: NOT_RUN: doubleClick

2018-12-07 04:08:38 - [MESSAGE][NOT_RUN] - NOT_RUN: doubleClick

2018-12-07 04:08:38 - [TEST_STEP][NOT_RUN] - click: NOT_RUN: click

2018-12-07 04:08:38 - [MESSAGE][NOT_RUN] - NOT_RUN: click

2018-12-07 04:08:38 - [TEST_STEP][NOT_RUN] - setText: NOT_RUN: setText

2018-12-07 04:08:38 - [MESSAGE][NOT_RUN] - NOT_RUN: setText

2018-12-07 04:08:38 - [TEST_STEP][NOT_RUN] - delay: NOT_RUN: delay

2018-12-07 04:08:38 - [MESSAGE][NOT_RUN] - NOT_RUN: delay

2018-12-07 04:08:38 - [TEST_STEP][NOT_RUN] - click: NOT_RUN: click

2018-12-07 04:08:38 - [MESSAGE][NOT_RUN] - NOT_RUN: click

2018-12-07 04:08:38 - [TEST_STEP][NOT_RUN] - delay: NOT_RUN: delay

2018-12-07 04:08:38 - [MESSAGE][NOT_RUN] - NOT_RUN: delay

2018-12-07 04:08:38 - [TEST_STEP][NOT_RUN] - setText: NOT_RUN: setText

2018-12-07 04:08:38 - [MESSAGE][NOT_RUN] - NOT_RUN: setText

2018-12-07 04:08:38 - [TEST_STEP][PASSED] - click: Object: 'Object Repository/Final Object Repo/Page_Request SSN - ASSIST/Save  Continue' is clicked on

2018-12-07 04:08:38 - [MESSAGE][PASSED] - Object: 'Object Repository/Final Object Repo/Page_Request SSN - ASSIST/Save  Continue' is clicked on

2018-12-07 04:08:38 - [TEST_STEP][PASSED] - delay: Delayed 3 second(s)

2018-12-07 04:08:41 - [MESSAGE][PASSED] - Delayed 3 second(s)

2018-12-07 04:08:41 - [TEST_STEP][PASSED] - Statement - CaseReferenceNo = com.kms.katalon.core.webui.keyword.WebUiBuiltInKeywords.getText(com.kms.katalon.core.testobject.ObjectRepository.findTestObject(Final Object Repo/Page_Request SSN - ASSIST/Reference Number in Uploading Page)): Text of object 'Object Repository/Final Object Repo/Page_Request SSN - ASSIST/Reference Number in Uploading Page' is: 'SSN12201800001185'

2018-12-07 04:08:42 - [MESSAGE][PASSED] - Text of object 'Object Repository/Final Object Repo/Page_Request SSN - ASSIST/Reference Number in Uploading Page' is: 'SSN12201800001185'

2018-12-07 04:08:42 - [TEST_STEP][PASSED] - callTestCase: Call Test Case 'Test Cases/Final Aug 2018 - PKS Automation/Common/Reference Number Setter' successfully

2018-12-07 04:08:42 - [TEST_CASE][PASSED] - Test Cases/Final Aug 2018 - PKS Automation/Common/Reference Number Setter: Test Cases/Final Aug 2018 - PKS Automation/Common/Reference Number Setter

2018-12-07 04:08:42 - [TEST_STEP][PASSED] - Statement - RefNoOldFile = new java.io.File(C://Users//Admin//Desktop//PKS//Automation Reference Point//KatalonReference.txt): null

2018-12-07 04:08:42 - [TEST_STEP][PASSED] - Statement - RefNoOldFile.delete(): null

2018-12-07 04:08:42 - [TEST_STEP][PASSED] - delay: Delayed 5 second(s)

2018-12-07 04:08:47 - [MESSAGE][PASSED] - Delayed 5 second(s)

2018-12-07 04:08:47 - [TEST_STEP][PASSED] - Statement - RefNo = new java.io.File(C://Users//Admin//Desktop//PKS//Automation Reference Point//KatalonReference.txt): null

2018-12-07 04:08:47 - [TEST_STEP][PASSED] - Statement - f2 = new java.io.FileWriter(RefNo, false): null

2018-12-07 04:08:47 - [TEST_STEP][PASSED] - Statement - f2.write(CaseReferenceNo): null

2018-12-07 04:08:47 - [TEST_STEP][PASSED] - Statement - f2.close(): null

2018-12-07 04:08:47 - [TEST_STEP][PASSED] - Statement - out.println("


" + CaseReferenceNo + "


"): null

2018-12-07 04:08:47 - [MESSAGE][PASSED] - Call Test Case 'Test Cases/Final Aug 2018 - PKS Automation/Common/Reference Number Setter' successfully

2018-12-07 04:08:47 - [TEST_STEP][PASSED] - click: Object: 'Object Repository/Final Object Repo/Page_Request SSN - ASSIST/Add Document Button' is clicked on

2018-12-07 04:08:47 - [MESSAGE][PASSED] - Object: 'Object Repository/Final Object Repo/Page_Request SSN - ASSIST/Add Document Button' is clicked on

2018-12-07 04:08:47 - [TEST_STEP][PASSED] - delay: Delayed 2 second(s)

2018-12-07 04:08:49 - [MESSAGE][PASSED] - Delayed 2 second(s)

2018-12-07 04:08:49 - [TEST_STEP][PASSED] - click: Object: 'Object Repository/Final Object Repo/Page_Request SSN - ASSIST/Document Type' is clicked on

2018-12-07 04:08:50 - [MESSAGE][PASSED] - Object: 'Object Repository/Final Object Repo/Page_Request SSN - ASSIST/Document Type' is clicked on

2018-12-07 04:08:50 - [TEST_STEP][PASSED] - click: Object: 'Object Repository/Final Object Repo/Page_Request SSN - ASSIST/Document Type - Birth Certificate' is clicked on

2018-12-07 04:08:50 - [MESSAGE][PASSED] - Object: 'Object Repository/Final Object Repo/Page_Request SSN - ASSIST/Document Type - Birth Certificate' is clicked on

2018-12-07 04:08:50 - [TEST_STEP][PASSED] - sendKeys: Keys 'C:\Users\Public\Pictures\Sample Pictures\Koala.jpg' sent to object: 'Object Repository/Final Object Repo/Page_Request SSN - ASSIST/Upload File'

2018-12-07 04:08:50 - [MESSAGE][PASSED] - Keys 'C:\Users\Public\Pictures\Sample Pictures\Koala.jpg' sent to object: 'Object Repository/Final Object Repo/Page_Request SSN - ASSIST/Upload File'

2018-12-07 04:08:50 - [TEST_STEP][PASSED] - click: Object: 'Object Repository/Final Object Repo/Page_Request SSN - ASSIST/Add Document' is clicked on

2018-12-07 04:08:50 - [MESSAGE][PASSED] - Object: 'Object Repository/Final Object Repo/Page_Request SSN - ASSIST/Add Document' is clicked on

2018-12-07 04:08:50 - [TEST_STEP][PASSED] - delay: Delayed 20 second(s)

2018-12-07 04:09:10 - [MESSAGE][PASSED] - Delayed 20 second(s)

2018-12-07 04:09:10 - [TEST_STEP][PASSED] - click: Object: 'Object Repository/Final Object Repo/Page_Request SSN - ASSIST/Save  Continue in Uploading Document Page' is clicked on

2018-12-07 04:09:10 - [MESSAGE][PASSED] - Object: 'Object Repository/Final Object Repo/Page_Request SSN - ASSIST/Save  Continue in Uploading Document Page' is clicked on

2018-12-07 04:09:10 - [TEST_STEP][PASSED] - delay: Delayed 2 second(s)

2018-12-07 04:09:12 - [MESSAGE][PASSED] - Delayed 2 second(s)

2018-12-07 04:09:12 - [TEST_STEP][PASSED] - click: Object: 'Object Repository/Final Object Repo/Page_Request SSN - ASSIST/Submit' is clicked on

2018-12-07 04:09:15 - [MESSAGE][PASSED] - Object: 'Object Repository/Final Object Repo/Page_Request SSN - ASSIST/Submit' is clicked on

2018-12-07 04:09:15 - [TEST_STEP][PASSED] - delay: Delayed 2 second(s)

2018-12-07 04:09:17 - [MESSAGE][PASSED] - Delayed 2 second(s)

2018-12-07 04:09:17 - [TEST_STEP][PASSED] - click: Object: 'Object Repository/Final Object Repo/Page_Request SSN - ASSIST/Confirm' is clicked on

2018-12-07 04:09:17 - [MESSAGE][PASSED] - Object: 'Object Repository/Final Object Repo/Page_Request SSN - ASSIST/Confirm' is clicked on

2018-12-07 04:09:17 - [TEST_STEP][PASSED] - delay: Delayed 2 second(s)

2018-12-07 04:09:19 - [MESSAGE][PASSED] - Delayed 2 second(s)

2018-12-07 04:09:19 - [TEST_STEP][PASSED] - verifyElementVisible: Object 'Object Repository/Final Object Repo/Page_Request SSN - ASSIST/Message This Case will be routed to RIO' is visible

2018-12-07 04:09:24 - [MESSAGE][PASSED] - Object 'Object Repository/Final Object Repo/Page_Request SSN - ASSIST/Message This Case will be routed to RIO' is visible

2018-12-07 04:09:24 - [TEST_STEP][PASSED] - delay: Delayed 2 second(s)

2018-12-07 04:09:26 - [MESSAGE][PASSED] - Delayed 2 second(s)

2018-12-07 04:09:26 - [TEST_STEP][PASSED] - verifyElementVisible: Object 'Object Repository/Final Object Repo/Page_Request SSN - ASSIST/Letter of acknowledgement' is visible

2018-12-07 04:09:26 - [MESSAGE][PASSED] - Object 'Object Repository/Final Object Repo/Page_Request SSN - ASSIST/Letter of acknowledgement' is visible

2018-12-07 04:09:26 - [MESSAGE][PASSED] - Call Test Case 'Test Cases/Final Aug 2018 - PKS Automation/Registration Module/Workflow/Request SSN/Template/Request SSN - PKRBO' successfully

2018-12-07 04:09:26 - [TEST_STEP][PASSED] - callTestCase: Call Test Case 'Test Cases/Final Aug 2018 - PKS Automation/Registration Module/Workflow/Request SSN/Template/Request SSN RIO - RO (Query)' successfully

2018-12-07 04:09:26 - [TEST_CASE][PASSED] - Test Cases/Final Aug 2018 - PKS Automation/Registration Module/Workflow/Request SSN/Template/Request SSN RIO - RO (Query): Test Cases/Final Aug 2018 - PKS Automation/Registration Module/Workflow/Request SSN/Template/Request SSN RIO - RO (Query)

2018-12-07 04:09:26 - [TEST_STEP][NOT_RUN] - callTestCase: NOT_RUN: callTestCase

2018-12-07 04:09:26 - [MESSAGE][NOT_RUN] - NOT_RUN: callTestCase

2018-12-07 04:09:26 - [TEST_STEP][PASSED] - delay: Delayed 2 second(s)

2018-12-07 04:09:28 - [MESSAGE][PASSED] - Delayed 2 second(s)

2018-12-07 04:09:28 - [TEST_STEP][PASSED] - navigateToUrl: Navigate to 'https://assist2-uat.perkeso.gov.my/c/portal/logout' successfully

2018-12-07 04:09:29 - [MESSAGE][PASSED] - Navigate to 'https://assist2-uat.perkeso.gov.my/c/portal/logout' successfully

2018-12-07 04:09:29 - [TEST_STEP][PASSED] - delay: Delayed 2 second(s)

2018-12-07 04:09:31 - [MESSAGE][PASSED] - Delayed 2 second(s)

2018-12-07 04:09:31 - [TEST_STEP][PASSED] - callTestCase: Call Test Case 'Test Cases/Final Aug 2018 - PKS Automation/Common/Reference Number Getter' successfully

2018-12-07 04:09:31 - [TEST_CASE][PASSED] - Test Cases/Final Aug 2018 - PKS Automation/Common/Reference Number Getter: Test Cases/Final Aug 2018 - PKS Automation/Common/Reference Number Getter

2018-12-07 04:09:31 - [TEST_STEP][PASSED] - Statement - Try: null

2018-12-07 04:09:31 - [TEST_STEP][PASSED] - Statement - RefNo = new java.io.File(C://Users//Admin//Desktop//PKS//Automation Reference Point//KatalonReference.txt): null

2018-12-07 04:09:31 - [TEST_STEP][PASSED] - Statement - bufferread = new java.io.BufferedReader(new java.io.FileReader(RefNo)): null

2018-12-07 04:09:31 - [TEST_STEP][PASSED] - Statement - readedVal = bufferread.readLine(): null

2018-12-07 04:09:31 - [TEST_STEP][PASSED] - Statement - out.println(CaseReferenceNo): null

2018-12-07 04:09:31 - [TEST_STEP][PASSED] - Statement - out.println(readedVal): null

2018-12-07 04:09:31 - [TEST_STEP][PASSED] - Statement - CaseReferenceNo = "": null

2018-12-07 04:09:31 - [TEST_STEP][PASSED] - Statement - CaseReferenceNo = readedVal: null

2018-12-07 04:09:31 - [MESSAGE][PASSED] - Call Test Case 'Test Cases/Final Aug 2018 - PKS Automation/Common/Reference Number Getter' successfully

2018-12-07 04:09:31 - [TEST_STEP][PASSED] - callTestCase: Call Test Case 'Test Cases/Final Aug 2018 - PKS Automation/Common/Workflow Owner Finder' successfully

2018-12-07 04:09:31 - [TEST_CASE][PASSED] - Test Cases/Final Aug 2018 - PKS Automation/Common/Workflow Owner Finder: Test Cases/Final Aug 2018 - PKS Automation/Common/Workflow Owner Finder

2018-12-07 04:09:31 - [TEST_STEP][PASSED] - openBrowser: Browser is opened with url: ''

2018-12-07 04:09:31 - [MESSAGE][WARNING] - A browser is already opened. Closing browser and opening a new one

2018-12-07 04:09:35 - [MESSAGE][PASSED] - Browser is opened with url: ''

2018-12-07 04:09:35 - [TEST_STEP][PASSED] - navigateToUrl: Navigate to 'https://assist2-uat.perkeso.gov.my/login' successfully

2018-12-07 04:09:36 - [MESSAGE][PASSED] - Navigate to 'https://assist2-uat.perkeso.gov.my/login' successfully

2018-12-07 04:09:36 - [TEST_STEP][PASSED] - delay: Delayed 5 second(s)

2018-12-07 04:09:41 - [MESSAGE][PASSED] - Delayed 5 second(s)

2018-12-07 04:09:41 - [TEST_STEP][PASSED] - setText: Text 'test@liferay.com' is set on object 'Object Repository/Final Object Repo/Login Page/Internal User/Email Address'

2018-12-07 04:09:41 - [MESSAGE][PASSED] - Text 'test@liferay.com' is set on object 'Object Repository/Final Object Repo/Login Page/Internal User/Email Address'

2018-12-07 04:09:41 - [TEST_STEP][PASSED] - click: Object: 'Object Repository/Final Object Repo/Login Page/Internal User/Next Button' is clicked on

2018-12-07 04:09:42 - [MESSAGE][PASSED] - Object: 'Object Repository/Final Object Repo/Login Page/Internal User/Next Button' is clicked on

2018-12-07 04:09:42 - [TEST_STEP][PASSED] - delay: Delayed 2 second(s)

2018-12-07 04:09:44 - [MESSAGE][PASSED] - Delayed 2 second(s)

2018-12-07 04:09:44 - [TEST_STEP][PASSED] - setText: Text 'test' is set on object 'Object Repository/Final Object Repo/Login Page/Internal User/Password'

2018-12-07 04:09:44 - [MESSAGE][PASSED] - Text 'test' is set on object 'Object Repository/Final Object Repo/Login Page/Internal User/Password'

2018-12-07 04:09:44 - [TEST_STEP][PASSED] - delay: Delayed 2 second(s)

2018-12-07 04:09:46 - [MESSAGE][PASSED] - Delayed 2 second(s)

2018-12-07 04:09:46 - [TEST_STEP][PASSED] - click: Object: 'Object Repository/Final Object Repo/Login Page/Internal User/Login Button' is clicked on

2018-12-07 04:09:46 - [MESSAGE][PASSED] - Object: 'Object Repository/Final Object Repo/Login Page/Internal User/Login Button' is clicked on

2018-12-07 04:09:46 - [TEST_STEP][PASSED] - Statement - tester = com.kms.katalon.core.testobject.ObjectRepository.findTestObject(Final Object Repo/Landing Page/Select to English): Finding Test Object with id 'Object Repository/Final Object Repo/Landing Page/Select to English'

2018-12-07 04:09:46 - [TEST_STEP][PASSED] - Statement - Try: Delayed 2 second(s)

2018-12-07 04:09:46 - [TEST_STEP][PASSED] - Statement - Checker = com.kms.katalon.core.webui.keyword.WebUiBuiltInKeywords.verifyElementNotPresent(tester, 3): Web element with id: 'Object Repository/Final Object Repo/Landing Page/Select to English' located by 'By.xpath: //a[@class = 'taglib-language-list-text' and @lang = 'en-US' and (contains(text(), 'EN') or contains(., 'EN'))]' is not present after '3' second(s)

2018-12-07 04:09:48 - [MESSAGE][PASSED] - Web element with id: 'Object Repository/Final Object Repo/Landing Page/Select to English' located by 'By.xpath: //a[@class = 'taglib-language-list-text' and @lang = 'en-US' and (contains(text(), 'EN') or contains(., 'EN'))]' is not present after '3' second(s)

2018-12-07 04:09:48 - [TEST_STEP][PASSED] - Statement - If (Checker == false): null

2018-12-07 04:09:48 - [TEST_STEP][PASSED] - delay: Delayed 2 second(s)

2018-12-07 04:09:50 - [MESSAGE][PASSED] - Delayed 2 second(s)

2018-12-07 04:09:50 - [TEST_STEP][PASSED] - delay: Delayed 5 second(s)

2018-12-07 04:09:55 - [MESSAGE][PASSED] - Delayed 5 second(s)

2018-12-07 04:09:55 - [TEST_STEP][PASSED] - mouseOver: Object: 'Object Repository/Final Object Repo/Landing Page/WorkFlow Menu' is hovered

2018-12-07 04:09:55 - [MESSAGE][PASSED] - Object: 'Object Repository/Final Object Repo/Landing Page/WorkFlow Menu' is hovered

2018-12-07 04:09:55 - [TEST_STEP][PASSED] - delay: Delayed 2 second(s)

2018-12-07 04:09:57 - [MESSAGE][PASSED] - Delayed 2 second(s)

2018-12-07 04:09:57 - [TEST_STEP][PASSED] - click: Object: 'Object Repository/Final Object Repo/Landing Page/Select to Workflow Listing' is clicked on

2018-12-07 04:09:58 - [MESSAGE][PASSED] - Object: 'Object Repository/Final Object Repo/Landing Page/Select to Workflow Listing' is clicked on

2018-12-07 04:09:58 - [TEST_STEP][PASSED] - delay: Delayed 2 second(s)

2018-12-07 04:10:00 - [MESSAGE][PASSED] - Delayed 2 second(s)

2018-12-07 04:10:00 - [TEST_STEP][PASSED] - click: Object: 'Object Repository/Final Object Repo/WorkFlow Listing Page/Search Information - To Put Ref No' is clicked on

2018-12-07 04:10:00 - [MESSAGE][PASSED] - Object: 'Object Repository/Final Object Repo/WorkFlow Listing Page/Search Information - To Put Ref No' is clicked on

2018-12-07 04:10:00 - [TEST_STEP][PASSED] - delay: Delayed 2 second(s)

2018-12-07 04:10:02 - [MESSAGE][PASSED] - Delayed 2 second(s)

2018-12-07 04:10:02 - [TEST_STEP][PASSED] - callTestCase: Call Test Case 'Test Cases/Final Aug 2018 - PKS Automation/Common/Reference Number Getter' successfully

2018-12-07 04:10:02 - [TEST_CASE][PASSED] - Test Cases/Final Aug 2018 - PKS Automation/Common/Reference Number Getter: Test Cases/Final Aug 2018 - PKS Automation/Common/Reference Number Getter

2018-12-07 04:10:02 - [TEST_STEP][PASSED] - Statement - Try: null

2018-12-07 04:10:02 - [TEST_STEP][PASSED] - Statement - RefNo = new java.io.File(C://Users//Admin//Desktop//PKS//Automation Reference Point//KatalonReference.txt): null

2018-12-07 04:10:02 - [TEST_STEP][PASSED] - Statement - bufferread = new java.io.BufferedReader(new java.io.FileReader(RefNo)): null

2018-12-07 04:10:02 - [TEST_STEP][PASSED] - Statement - readedVal = bufferread.readLine(): null

2018-12-07 04:10:02 - [TEST_STEP][PASSED] - Statement - out.println(CaseReferenceNo): null

2018-12-07 04:10:02 - [TEST_STEP][PASSED] - Statement - out.println(readedVal): null

2018-12-07 04:10:02 - [TEST_STEP][PASSED] - Statement - CaseReferenceNo = "": null

2018-12-07 04:10:02 - [TEST_STEP][PASSED] - Statement - CaseReferenceNo = readedVal: null

2018-12-07 04:10:02 - [MESSAGE][PASSED] - Call Test Case 'Test Cases/Final Aug 2018 - PKS Automation/Common/Reference Number Getter' successfully

2018-12-07 04:10:02 - [TEST_STEP][PASSED] - setText: Text 'SSN12201800001185' is set on object 'Object Repository/Final Object Repo/WorkFlow Listing Page/Ref No Set Text'

2018-12-07 04:10:03 - [MESSAGE][PASSED] - Text 'SSN12201800001185' is set on object 'Object Repository/Final Object Repo/WorkFlow Listing Page/Ref No Set Text'

2018-12-07 04:10:03 - [TEST_STEP][PASSED] - delay: Delayed 2 second(s)

2018-12-07 04:10:05 - [MESSAGE][PASSED] - Delayed 2 second(s)

2018-12-07 04:10:05 - [TEST_STEP][PASSED] - click: Object: 'Object Repository/Final Object Repo/WorkFlow Listing Page/Search Ref No Search Button' is clicked on

2018-12-07 04:10:05 - [MESSAGE][PASSED] - Object: 'Object Repository/Final Object Repo/WorkFlow Listing Page/Search Ref No Search Button' is clicked on

2018-12-07 04:10:05 - [TEST_STEP][PASSED] - delay: Delayed 6 second(s)

2018-12-07 04:10:11 - [MESSAGE][PASSED] - Delayed 6 second(s)

2018-12-07 04:10:11 - [TEST_STEP][PASSED] - click: Object: 'Object Repository/Final Object Repo/WorkFlow Listing Page/Click Continue Tooltip' is clicked on

2018-12-07 04:10:12 - [MESSAGE][PASSED] - Object: 'Object Repository/Final Object Repo/WorkFlow Listing Page/Click Continue Tooltip' is clicked on

2018-12-07 04:10:12 - [TEST_STEP][PASSED] - delay: Delayed 5 second(s)

2018-12-07 04:10:17 - [MESSAGE][PASSED] - Delayed 5 second(s)

2018-12-07 04:10:17 - [TEST_STEP][PASSED] - doubleClick: Object: 'Object Repository/Final Object Repo/WorkFlow Listing Page/Workflow Found - Listing 1' is double clicked on

2018-12-07 04:10:17 - [MESSAGE][PASSED] - Object: 'Object Repository/Final Object Repo/WorkFlow Listing Page/Workflow Found - Listing 1' is double clicked on

2018-12-07 04:10:17 - [TEST_STEP][PASSED] - Statement - println(OwnerID): null

2018-12-07 04:10:17 - [TEST_STEP][PASSED] - Statement - OwnerID = com.kms.katalon.core.webui.keyword.WebUiBuiltInKeywords.getText(com.kms.katalon.core.testobject.ObjectRepository.findTestObject(Final Object Repo/WorkFlow Listing Page/Workflow Found - Listing 1), STOP_ON_FAILURE): Text of object 'Object Repository/Final Object Repo/WorkFlow Listing Page/Workflow Found - Listing 1' is: 'JOHORrio1'

2018-12-07 04:10:17 - [MESSAGE][PASSED] - Text of object 'Object Repository/Final Object Repo/WorkFlow Listing Page/Workflow Found - Listing 1' is: 'JOHORrio1'

2018-12-07 04:10:17 - [TEST_STEP][PASSED] - Statement - OwnerID = OwnerID.toLowerCase() + "@gmail.com": null

2018-12-07 04:10:17 - [TEST_STEP][PASSED] - Statement - println(OwnerID): null

2018-12-07 04:10:17 - [TEST_STEP][PASSED] - delay: Delayed 2 second(s)

2018-12-07 04:10:19 - [MESSAGE][PASSED] - Delayed 2 second(s)

2018-12-07 04:10:19 - [MESSAGE][PASSED] - Call Test Case 'Test Cases/Final Aug 2018 - PKS Automation/Common/Workflow Owner Finder' successfully

2018-12-07 04:10:19 - [TEST_STEP][PASSED] - delay: Delayed 2 second(s)

2018-12-07 04:10:21 - [MESSAGE][PASSED] - Delayed 2 second(s)

2018-12-07 04:10:21 - [TEST_STEP][PASSED] - navigateToUrl: Navigate to 'https://assist2-uat.perkeso.gov.my/c/portal/logout' successfully

2018-12-07 04:10:22 - [MESSAGE][PASSED] - Navigate to 'https://assist2-uat.perkeso.gov.my/c/portal/logout' successfully

2018-12-07 04:10:22 - [TEST_STEP][PASSED] - delay: Delayed 2 second(s)

2018-12-07 04:10:24 - [MESSAGE][PASSED] - Delayed 2 second(s)

2018-12-07 04:10:24 - [TEST_STEP][PASSED] - callTestCase: Call Test Case 'Test Cases/Final Aug 2018 - PKS Automation/Registration Module/Workflow/Login and Search Case For Workflow' successfully

2018-12-07 04:10:24 - [TEST_CASE][PASSED] - Test Cases/Final Aug 2018 - PKS Automation/Registration Module/Workflow/Login and Search Case For Workflow: Test Cases/Final Aug 2018 - PKS Automation/Registration Module/Workflow/Login and Search Case For Workflow

2018-12-07 04:10:24 - [TEST_STEP][PASSED] - navigateToUrl: Navigate to 'https://assist2-uat.perkeso.gov.my/login' successfully

2018-12-07 04:10:24 - [MESSAGE][PASSED] - Navigate to 'https://assist2-uat.perkeso.gov.my/login' successfully

2018-12-07 04:10:24 - [TEST_STEP][PASSED] - setText: Text 'johorrio1@gmail.com' is set on object 'Object Repository/Final Object Repo/Login Page/Internal User/Email Address'

2018-12-07 04:10:25 - [MESSAGE][PASSED] - Text 'johorrio1@gmail.com' is set on object 'Object Repository/Final Object Repo/Login Page/Internal User/Email Address'

2018-12-07 04:10:25 - [TEST_STEP][PASSED] - click: Object: 'Object Repository/Final Object Repo/Login Page/Internal User/Next Button' is clicked on

2018-12-07 04:10:25 - [MESSAGE][PASSED] - Object: 'Object Repository/Final Object Repo/Login Page/Internal User/Next Button' is clicked on

2018-12-07 04:10:25 - [TEST_STEP][PASSED] - delay: Delayed 1 second(s)

2018-12-07 04:10:26 - [MESSAGE][PASSED] - Delayed 1 second(s)

2018-12-07 04:10:26 - [TEST_STEP][PASSED] - setEncryptedText: Text ****** has been set on object 'Object Repository/Final Object Repo/Login Page/Internal User/Password'

2018-12-07 04:10:26 - [MESSAGE][PASSED] - Text ****** has been set on object 'Object Repository/Final Object Repo/Login Page/Internal User/Password'

2018-12-07 04:10:26 - [TEST_STEP][PASSED] - click: Object: 'Object Repository/Final Object Repo/Login Page/Internal User/Login Button' is clicked on

2018-12-07 04:10:26 - [MESSAGE][PASSED] - Object: 'Object Repository/Final Object Repo/Login Page/Internal User/Login Button' is clicked on

2018-12-07 04:10:26 - [TEST_STEP][PASSED] - delay: Delayed 2 second(s)

2018-12-07 04:10:28 - [MESSAGE][PASSED] - Delayed 2 second(s)

2018-12-07 04:10:28 - [TEST_STEP][PASSED] - Statement - Try: Delayed 2 second(s)

2018-12-07 04:10:28 - [TEST_STEP][PASSED] - Statement - Checker = false: null

2018-12-07 04:10:28 - [TEST_STEP][PASSED] - Statement - Checker = com.kms.katalon.core.webui.keyword.WebUiBuiltInKeywords.verifyElementHasAttribute(com.kms.katalon.core.testobject.ObjectRepository.findTestObject(Final Object Repo/Landing Page/BM Detecting), "href", 20, OPTIONAL): Object 'Object Repository/Final Object Repo/Landing Page/BM Detecting' has attribute 'href'

2018-12-07 04:10:28 - [MESSAGE][PASSED] - Object 'Object Repository/Final Object Repo/Landing Page/BM Detecting' has attribute 'href'

2018-12-07 04:10:28 - [TEST_STEP][PASSED] - Statement - out.println(Checker): null

2018-12-07 04:10:28 - [TEST_STEP][PASSED] - Statement - If (Checker == false): null

2018-12-07 04:10:28 - [TEST_STEP][PASSED] - Statement - Else: null

2018-12-07 04:10:28 - [TEST_STEP][PASSED] - delay: Delayed 2 second(s)

2018-12-07 04:10:30 - [MESSAGE][PASSED] - Delayed 2 second(s)

2018-12-07 04:10:30 - [TEST_STEP][PASSED] - click: Object: 'Object Repository/Final Object Repo/Page_MyASSIST - ASSIST - Search Pending Case For Add Supporting Document/Search Information' is clicked on

2018-12-07 04:10:31 - [MESSAGE][PASSED] - Object: 'Object Repository/Final Object Repo/Page_MyASSIST - ASSIST - Search Pending Case For Add Supporting Document/Search Information' is clicked on

2018-12-07 04:10:31 - [TEST_STEP][PASSED] - delay: Delayed 3 second(s)

2018-12-07 04:10:34 - [MESSAGE][PASSED] - Delayed 3 second(s)

2018-12-07 04:10:34 - [TEST_STEP][PASSED] - sendKeys: Keys 'SSN12201800001185' sent to object: 'Object Repository/Final Object Repo/Page_MyASSIST - ASSIST - Search Pending Case For Add Supporting Document/Reference No'

2018-12-07 04:10:34 - [MESSAGE][PASSED] - Keys 'SSN12201800001185' sent to object: 'Object Repository/Final Object Repo/Page_MyASSIST - ASSIST - Search Pending Case For Add Supporting Document/Reference No'

2018-12-07 04:10:34 - [TEST_STEP][PASSED] - click: Object: 'Object Repository/Final Object Repo/Page_MyASSIST - ASSIST - Search Pending Case For Add Supporting Document/Search Reference No' is clicked on

2018-12-07 04:10:34 - [MESSAGE][PASSED] - Object: 'Object Repository/Final Object Repo/Page_MyASSIST - ASSIST - Search Pending Case For Add Supporting Document/Search Reference No' is clicked on

2018-12-07 04:10:34 - [TEST_STEP][PASSED] - delay: Delayed 2 second(s)

2018-12-07 04:10:36 - [MESSAGE][PASSED] - Delayed 2 second(s)

2018-12-07 04:10:36 - [TEST_STEP][PASSED] - click: Object: 'Object Repository/Final Object Repo/Page_MyASSIST - ASSIST - Search Pending Case For Add Supporting Document/Continue' is clicked on

2018-12-07 04:10:42 - [MESSAGE][PASSED] - Object: 'Object Repository/Final Object Repo/Page_MyASSIST - ASSIST - Search Pending Case For Add Supporting Document/Continue' is clicked on

2018-12-07 04:10:42 - [TEST_STEP][PASSED] - delay: Delayed 20 second(s)

2018-12-07 04:11:02 - [MESSAGE][PASSED] - Delayed 20 second(s)

2018-12-07 04:11:02 - [MESSAGE][PASSED] - Call Test Case 'Test Cases/Final Aug 2018 - PKS Automation/Registration Module/Workflow/Login and Search Case For Workflow' successfully

2018-12-07 04:11:02 - [TEST_STEP][PASSED] - callTestCase: Call Test Case 'Test Cases/Final Aug 2018 - PKS Automation/Registration Module/Workflow/Request SSN/Template/Request SSN - RIO' successfully

2018-12-07 04:11:03 - [TEST_CASE][PASSED] - Test Cases/Final Aug 2018 - PKS Automation/Registration Module/Workflow/Request SSN/Template/Request SSN - RIO: Test Cases/Final Aug 2018 - PKS Automation/Registration Module/Workflow/Request SSN/Template/Request SSN - RIO

2018-12-07 04:11:03 - [TEST_STEP][NOT_RUN] - openBrowser: NOT_RUN: openBrowser

2018-12-07 04:11:03 - [MESSAGE][NOT_RUN] - NOT_RUN: openBrowser

2018-12-07 04:11:03 - [TEST_STEP][NOT_RUN] - navigateToUrl: NOT_RUN: navigateToUrl

2018-12-07 04:11:03 - [MESSAGE][NOT_RUN] - NOT_RUN: navigateToUrl

2018-12-07 04:11:03 - [TEST_STEP][NOT_RUN] - setText: NOT_RUN: setText

2018-12-07 04:11:03 - [MESSAGE][NOT_RUN] - NOT_RUN: setText

2018-12-07 04:11:03 - [TEST_STEP][NOT_RUN] - click: NOT_RUN: click

2018-12-07 04:11:03 - [MESSAGE][NOT_RUN] - NOT_RUN: click

2018-12-07 04:11:03 - [TEST_STEP][NOT_RUN] - delay: NOT_RUN: delay

2018-12-07 04:11:03 - [MESSAGE][NOT_RUN] - NOT_RUN: delay

2018-12-07 04:11:03 - [TEST_STEP][NOT_RUN] - setEncryptedText: NOT_RUN: setEncryptedText

2018-12-07 04:11:03 - [MESSAGE][NOT_RUN] - NOT_RUN: setEncryptedText

2018-12-07 04:11:03 - [TEST_STEP][NOT_RUN] - click: NOT_RUN: click

2018-12-07 04:11:03 - [MESSAGE][NOT_RUN] - NOT_RUN: click

2018-12-07 04:11:03 - [TEST_STEP][NOT_RUN] - delay: NOT_RUN: delay

2018-12-07 04:11:03 - [MESSAGE][NOT_RUN] - NOT_RUN: delay

2018-12-07 04:11:03 - [TEST_STEP][NOT_RUN] - click: NOT_RUN: click

2018-12-07 04:11:03 - [MESSAGE][NOT_RUN] - NOT_RUN: click

2018-12-07 04:11:03 - [TEST_STEP][NOT_RUN] - sendKeys: NOT_RUN: sendKeys

2018-12-07 04:11:03 - [MESSAGE][NOT_RUN] - NOT_RUN: sendKeys

2018-12-07 04:11:03 - [TEST_STEP][NOT_RUN] - click: NOT_RUN: click

2018-12-07 04:11:03 - [MESSAGE][NOT_RUN] - NOT_RUN: click

2018-12-07 04:11:03 - [TEST_STEP][NOT_RUN] - delay: NOT_RUN: delay

2018-12-07 04:11:03 - [MESSAGE][NOT_RUN] - NOT_RUN: delay

2018-12-07 04:11:03 - [TEST_STEP][NOT_RUN] - click: NOT_RUN: click

2018-12-07 04:11:03 - [MESSAGE][NOT_RUN] - NOT_RUN: click

2018-12-07 04:11:03 - [TEST_STEP][PASSED] - delay: Delayed 2 second(s)

2018-12-07 04:11:05 - [MESSAGE][PASSED] - Delayed 2 second(s)

2018-12-07 04:11:05 - [TEST_STEP][PASSED] - click: Object: 'Object Repository/Final Object Repo/Page_Request SSN - ASSIST/Page_Request SSN - ASSIST - RIO/Recommend For SSN' is clicked on

2018-12-07 04:11:05 - [MESSAGE][PASSED] - Object: 'Object Repository/Final Object Repo/Page_Request SSN - ASSIST/Page_Request SSN - ASSIST - RIO/Recommend For SSN' is clicked on

2018-12-07 04:11:05 - [TEST_STEP][PASSED] - click: Object: 'Object Repository/Final Object Repo/Page_Request SSN - ASSIST/Page_Request SSN - ASSIST - RIO/Recommend For SSN  - Yes' is clicked on

2018-12-07 04:11:05 - [MESSAGE][PASSED] - Object: 'Object Repository/Final Object Repo/Page_Request SSN - ASSIST/Page_Request SSN - ASSIST - RIO/Recommend For SSN  - Yes' is clicked on

2018-12-07 04:11:05 - [TEST_STEP][PASSED] - delay: Delayed 2 second(s)

2018-12-07 04:11:07 - [MESSAGE][PASSED] - Delayed 2 second(s)

2018-12-07 04:11:07 - [TEST_STEP][PASSED] - click: Object: 'Object Repository/Final Object Repo/Page_Request SSN - ASSIST/Page_Request SSN - ASSIST - RIO/Save  Continue in SSN page' is clicked on

2018-12-07 04:11:07 - [MESSAGE][PASSED] - Object: 'Object Repository/Final Object Repo/Page_Request SSN - ASSIST/Page_Request SSN - ASSIST - RIO/Save  Continue in SSN page' is clicked on

2018-12-07 04:11:07 - [TEST_STEP][PASSED] - delay: Delayed 2 second(s)

2018-12-07 04:11:09 - [MESSAGE][PASSED] - Delayed 2 second(s)

2018-12-07 04:11:09 - [TEST_STEP][PASSED] - click: Object: 'Object Repository/Final Object Repo/Page_Request SSN - ASSIST/Page_Request SSN - ASSIST - RIO/Save  Continue in Upload Document Page' is clicked on

2018-12-07 04:11:11 - [MESSAGE][PASSED] - Object: 'Object Repository/Final Object Repo/Page_Request SSN - ASSIST/Page_Request SSN - ASSIST - RIO/Save  Continue in Upload Document Page' is clicked on

2018-12-07 04:11:11 - [TEST_STEP][PASSED] - delay: Delayed 2 second(s)

2018-12-07 04:11:13 - [MESSAGE][PASSED] - Delayed 2 second(s)

2018-12-07 04:11:13 - [TEST_STEP][PASSED] - click: Object: 'Object Repository/Final Object Repo/Page_Request SSN - ASSIST/Page_Request SSN - ASSIST - RIO/Submit' is clicked on

2018-12-07 04:11:16 - [MESSAGE][PASSED] - Object: 'Object Repository/Final Object Repo/Page_Request SSN - ASSIST/Page_Request SSN - ASSIST - RIO/Submit' is clicked on

2018-12-07 04:11:16 - [TEST_STEP][PASSED] - delay: Delayed 2 second(s)

2018-12-07 04:11:18 - [MESSAGE][PASSED] - Delayed 2 second(s)

2018-12-07 04:11:18 - [TEST_STEP][PASSED] - click: Object: 'Object Repository/Final Object Repo/Page_Request SSN - ASSIST/Page_Request SSN - ASSIST - RIO/Confirm' is clicked on

2018-12-07 04:11:18 - [MESSAGE][PASSED] - Object: 'Object Repository/Final Object Repo/Page_Request SSN - ASSIST/Page_Request SSN - ASSIST - RIO/Confirm' is clicked on

2018-12-07 04:11:18 - [MESSAGE][PASSED] - Call Test Case 'Test Cases/Final Aug 2018 - PKS Automation/Registration Module/Workflow/Request SSN/Template/Request SSN - RIO' successfully

2018-12-07 04:11:18 - [TEST_STEP][PASSED] - delay: Delayed 2 second(s)

2018-12-07 04:11:20 - [MESSAGE][PASSED] - Delayed 2 second(s)

2018-12-07 04:11:20 - [TEST_STEP][PASSED] - navigateToUrl: Navigate to 'https://assist2-uat.perkeso.gov.my/c/portal/logout' successfully

2018-12-07 04:11:25 - [MESSAGE][PASSED] - Navigate to 'https://assist2-uat.perkeso.gov.my/c/portal/logout' successfully

2018-12-07 04:11:25 - [TEST_STEP][PASSED] - delay: Delayed 2 second(s)

2018-12-07 04:11:27 - [MESSAGE][PASSED] - Delayed 2 second(s)

2018-12-07 04:11:27 - [TEST_STEP][PASSED] - callTestCase: Call Test Case 'Test Cases/Final Aug 2018 - PKS Automation/Common/Workflow Owner Finder' successfully

2018-12-07 04:11:27 - [TEST_CASE][PASSED] - Test Cases/Final Aug 2018 - PKS Automation/Common/Workflow Owner Finder: Test Cases/Final Aug 2018 - PKS Automation/Common/Workflow Owner Finder

2018-12-07 04:11:27 - [TEST_STEP][PASSED] - openBrowser: Browser is opened with url: ''

2018-12-07 04:11:27 - [MESSAGE][WARNING] - A browser is already opened. Closing browser and opening a new one

2018-12-07 04:11:31 - [MESSAGE][PASSED] - Browser is opened with url: ''

2018-12-07 04:11:31 - [TEST_STEP][PASSED] - navigateToUrl: Navigate to 'https://assist2-uat.perkeso.gov.my/login' successfully

2018-12-07 04:11:32 - [MESSAGE][PASSED] - Navigate to 'https://assist2-uat.perkeso.gov.my/login' successfully

2018-12-07 04:11:32 - [TEST_STEP][PASSED] - delay: Delayed 5 second(s)

2018-12-07 04:11:37 - [MESSAGE][PASSED] - Delayed 5 second(s)

2018-12-07 04:11:37 - [TEST_STEP][PASSED] - setText: Text 'test@liferay.com' is set on object 'Object Repository/Final Object Repo/Login Page/Internal User/Email Address'

2018-12-07 04:11:37 - [MESSAGE][PASSED] - Text 'test@liferay.com' is set on object 'Object Repository/Final Object Repo/Login Page/Internal User/Email Address'

2018-12-07 04:11:37 - [TEST_STEP][PASSED] - click: Object: 'Object Repository/Final Object Repo/Login Page/Internal User/Next Button' is clicked on

2018-12-07 04:11:37 - [MESSAGE][PASSED] - Object: 'Object Repository/Final Object Repo/Login Page/Internal User/Next Button' is clicked on

2018-12-07 04:11:37 - [TEST_STEP][PASSED] - delay: Delayed 2 second(s)

2018-12-07 04:11:39 - [MESSAGE][PASSED] - Delayed 2 second(s)

2018-12-07 04:11:39 - [TEST_STEP][PASSED] - setText: Text 'test' is set on object 'Object Repository/Final Object Repo/Login Page/Internal User/Password'

2018-12-07 04:11:39 - [MESSAGE][PASSED] - Text 'test' is set on object 'Object Repository/Final Object Repo/Login Page/Internal User/Password'

2018-12-07 04:11:39 - [TEST_STEP][PASSED] - delay: Delayed 2 second(s)

2018-12-07 04:11:41 - [MESSAGE][PASSED] - Delayed 2 second(s)

2018-12-07 04:11:41 - [TEST_STEP][PASSED] - click: Object: 'Object Repository/Final Object Repo/Login Page/Internal User/Login Button' is clicked on

2018-12-07 04:11:41 - [MESSAGE][PASSED] - Object: 'Object Repository/Final Object Repo/Login Page/Internal User/Login Button' is clicked on

2018-12-07 04:11:41 - [TEST_STEP][PASSED] - Statement - tester = com.kms.katalon.core.testobject.ObjectRepository.findTestObject(Final Object Repo/Landing Page/Select to English): Finding Test Object with id 'Object Repository/Final Object Repo/Landing Page/Select to English'

2018-12-07 04:11:41 - [TEST_STEP][PASSED] - Statement - Try: Delayed 2 second(s)

2018-12-07 04:11:41 - [TEST_STEP][PASSED] - Statement - Checker = com.kms.katalon.core.webui.keyword.WebUiBuiltInKeywords.verifyElementNotPresent(tester, 3): Web element with id: 'Object Repository/Final Object Repo/Landing Page/Select to English' located by 'By.xpath: //a[@class = 'taglib-language-list-text' and @lang = 'en-US' and (contains(text(), 'EN') or contains(., 'EN'))]' is not present after '3' second(s)

2018-12-07 04:11:43 - [MESSAGE][PASSED] - Web element with id: 'Object Repository/Final Object Repo/Landing Page/Select to English' located by 'By.xpath: //a[@class = 'taglib-language-list-text' and @lang = 'en-US' and (contains(text(), 'EN') or contains(., 'EN'))]' is not present after '3' second(s)

2018-12-07 04:11:43 - [TEST_STEP][PASSED] - Statement - If (Checker == false): null

2018-12-07 04:11:43 - [TEST_STEP][PASSED] - delay: Delayed 2 second(s)

2018-12-07 04:11:45 - [MESSAGE][PASSED] - Delayed 2 second(s)

2018-12-07 04:11:45 - [TEST_STEP][PASSED] - delay: Delayed 5 second(s)

2018-12-07 04:11:50 - [MESSAGE][PASSED] - Delayed 5 second(s)

2018-12-07 04:11:50 - [TEST_STEP][PASSED] - mouseOver: Object: 'Object Repository/Final Object Repo/Landing Page/WorkFlow Menu' is hovered

2018-12-07 04:11:50 - [MESSAGE][PASSED] - Object: 'Object Repository/Final Object Repo/Landing Page/WorkFlow Menu' is hovered

2018-12-07 04:11:50 - [TEST_STEP][PASSED] - delay: Delayed 2 second(s)

2018-12-07 04:11:52 - [MESSAGE][PASSED] - Delayed 2 second(s)

2018-12-07 04:11:52 - [TEST_STEP][PASSED] - click: Object: 'Object Repository/Final Object Repo/Landing Page/Select to Workflow Listing' is clicked on

2018-12-07 04:11:54 - [MESSAGE][PASSED] - Object: 'Object Repository/Final Object Repo/Landing Page/Select to Workflow Listing' is clicked on

2018-12-07 04:11:54 - [TEST_STEP][PASSED] - delay: Delayed 2 second(s)

2018-12-07 04:11:56 - [MESSAGE][PASSED] - Delayed 2 second(s)

2018-12-07 04:11:56 - [TEST_STEP][PASSED] - click: Object: 'Object Repository/Final Object Repo/WorkFlow Listing Page/Search Information - To Put Ref No' is clicked on

2018-12-07 04:11:56 - [MESSAGE][PASSED] - Object: 'Object Repository/Final Object Repo/WorkFlow Listing Page/Search Information - To Put Ref No' is clicked on

2018-12-07 04:11:56 - [TEST_STEP][PASSED] - delay: Delayed 2 second(s)

2018-12-07 04:11:58 - [MESSAGE][PASSED] - Delayed 2 second(s)

2018-12-07 04:11:58 - [TEST_STEP][PASSED] - callTestCase: Call Test Case 'Test Cases/Final Aug 2018 - PKS Automation/Common/Reference Number Getter' successfully

2018-12-07 04:11:58 - [TEST_CASE][PASSED] - Test Cases/Final Aug 2018 - PKS Automation/Common/Reference Number Getter: Test Cases/Final Aug 2018 - PKS Automation/Common/Reference Number Getter

2018-12-07 04:11:58 - [TEST_STEP][PASSED] - Statement - Try: null

2018-12-07 04:11:58 - [TEST_STEP][PASSED] - Statement - RefNo = new java.io.File(C://Users//Admin//Desktop//PKS//Automation Reference Point//KatalonReference.txt): null

2018-12-07 04:11:58 - [TEST_STEP][PASSED] - Statement - bufferread = new java.io.BufferedReader(new java.io.FileReader(RefNo)): null

2018-12-07 04:11:58 - [TEST_STEP][PASSED] - Statement - readedVal = bufferread.readLine(): null

2018-12-07 04:11:58 - [TEST_STEP][PASSED] - Statement - out.println(CaseReferenceNo): null

2018-12-07 04:11:58 - [TEST_STEP][PASSED] - Statement - out.println(readedVal): null

2018-12-07 04:11:58 - [TEST_STEP][PASSED] - Statement - CaseReferenceNo = "": null

2018-12-07 04:11:58 - [TEST_STEP][PASSED] - Statement - CaseReferenceNo = readedVal: null

2018-12-07 04:11:58 - [MESSAGE][PASSED] - Call Test Case 'Test Cases/Final Aug 2018 - PKS Automation/Common/Reference Number Getter' successfully

2018-12-07 04:11:58 - [TEST_STEP][PASSED] - setText: Text 'SSN12201800001185' is set on object 'Object Repository/Final Object Repo/WorkFlow Listing Page/Ref No Set Text'

2018-12-07 04:11:58 - [MESSAGE][PASSED] - Text 'SSN12201800001185' is set on object 'Object Repository/Final Object Repo/WorkFlow Listing Page/Ref No Set Text'

2018-12-07 04:11:58 - [TEST_STEP][PASSED] - delay: Delayed 2 second(s)

2018-12-07 04:12:00 - [MESSAGE][PASSED] - Delayed 2 second(s)

2018-12-07 04:12:00 - [TEST_STEP][PASSED] - click: Object: 'Object Repository/Final Object Repo/WorkFlow Listing Page/Search Ref No Search Button' is clicked on

2018-12-07 04:12:00 - [MESSAGE][PASSED] - Object: 'Object Repository/Final Object Repo/WorkFlow Listing Page/Search Ref No Search Button' is clicked on

2018-12-07 04:12:00 - [TEST_STEP][PASSED] - delay: Delayed 6 second(s)

2018-12-07 04:12:06 - [MESSAGE][PASSED] - Delayed 6 second(s)

2018-12-07 04:12:06 - [TEST_STEP][PASSED] - click: Object: 'Object Repository/Final Object Repo/WorkFlow Listing Page/Click Continue Tooltip' is clicked on

2018-12-07 04:12:07 - [MESSAGE][PASSED] - Object: 'Object Repository/Final Object Repo/WorkFlow Listing Page/Click Continue Tooltip' is clicked on

2018-12-07 04:12:07 - [TEST_STEP][PASSED] - delay: Delayed 5 second(s)

2018-12-07 04:12:12 - [MESSAGE][PASSED] - Delayed 5 second(s)

2018-12-07 04:12:12 - [TEST_STEP][PASSED] - doubleClick: Object: 'Object Repository/Final Object Repo/WorkFlow Listing Page/Workflow Found - Listing 1' is double clicked on

2018-12-07 04:12:12 - [MESSAGE][PASSED] - Object: 'Object Repository/Final Object Repo/WorkFlow Listing Page/Workflow Found - Listing 1' is double clicked on

2018-12-07 04:12:12 - [TEST_STEP][PASSED] - Statement - println(OwnerID): null

2018-12-07 04:12:12 - [TEST_STEP][PASSED] - Statement - OwnerID = com.kms.katalon.core.webui.keyword.WebUiBuiltInKeywords.getText(com.kms.katalon.core.testobject.ObjectRepository.findTestObject(Final Object Repo/WorkFlow Listing Page/Workflow Found - Listing 1), STOP_ON_FAILURE): Text of object 'Object Repository/Final Object Repo/WorkFlow Listing Page/Workflow Found - Listing 1' is: 'JOHORro2'

2018-12-07 04:12:12 - [MESSAGE][PASSED] - Text of object 'Object Repository/Final Object Repo/WorkFlow Listing Page/Workflow Found - Listing 1' is: 'JOHORro2'

2018-12-07 04:12:12 - [TEST_STEP][PASSED] - Statement - OwnerID = OwnerID.toLowerCase() + "@gmail.com": null

2018-12-07 04:12:12 - [TEST_STEP][PASSED] - Statement - println(OwnerID): null

2018-12-07 04:12:12 - [TEST_STEP][PASSED] - delay: Delayed 2 second(s)

2018-12-07 04:12:14 - [MESSAGE][PASSED] - Delayed 2 second(s)

2018-12-07 04:12:14 - [MESSAGE][PASSED] - Call Test Case 'Test Cases/Final Aug 2018 - PKS Automation/Common/Workflow Owner Finder' successfully

2018-12-07 04:12:14 - [TEST_STEP][PASSED] - delay: Delayed 2 second(s)

2018-12-07 04:12:16 - [MESSAGE][PASSED] - Delayed 2 second(s)

2018-12-07 04:12:16 - [TEST_STEP][PASSED] - navigateToUrl: Navigate to 'https://assist2-uat.perkeso.gov.my/c/portal/logout' successfully

2018-12-07 04:12:17 - [MESSAGE][PASSED] - Navigate to 'https://assist2-uat.perkeso.gov.my/c/portal/logout' successfully

2018-12-07 04:12:17 - [TEST_STEP][PASSED] - delay: Delayed 2 second(s)

2018-12-07 04:12:19 - [MESSAGE][PASSED] - Delayed 2 second(s)

2018-12-07 04:12:19 - [TEST_STEP][PASSED] - callTestCase: Call Test Case 'Test Cases/Final Aug 2018 - PKS Automation/Registration Module/Workflow/Login and Search Case For Workflow' successfully

2018-12-07 04:12:19 - [TEST_CASE][PASSED] - Test Cases/Final Aug 2018 - PKS Automation/Registration Module/Workflow/Login and Search Case For Workflow: Test Cases/Final Aug 2018 - PKS Automation/Registration Module/Workflow/Login and Search Case For Workflow

2018-12-07 04:12:19 - [TEST_STEP][PASSED] - navigateToUrl: Navigate to 'https://assist2-uat.perkeso.gov.my/login' successfully

2018-12-07 04:12:20 - [MESSAGE][PASSED] - Navigate to 'https://assist2-uat.perkeso.gov.my/login' successfully

2018-12-07 04:12:20 - [TEST_STEP][PASSED] - setText: Text 'johorro2@gmail.com' is set on object 'Object Repository/Final Object Repo/Login Page/Internal User/Email Address'

2018-12-07 04:12:20 - [MESSAGE][PASSED] - Text 'johorro2@gmail.com' is set on object 'Object Repository/Final Object Repo/Login Page/Internal User/Email Address'

2018-12-07 04:12:20 - [TEST_STEP][PASSED] - click: Object: 'Object Repository/Final Object Repo/Login Page/Internal User/Next Button' is clicked on

2018-12-07 04:12:20 - [MESSAGE][PASSED] - Object: 'Object Repository/Final Object Repo/Login Page/Internal User/Next Button' is clicked on

2018-12-07 04:12:20 - [TEST_STEP][PASSED] - delay: Delayed 1 second(s)

2018-12-07 04:12:21 - [MESSAGE][PASSED] - Delayed 1 second(s)

2018-12-07 04:12:21 - [TEST_STEP][PASSED] - setEncryptedText: Text ****** has been set on object 'Object Repository/Final Object Repo/Login Page/Internal User/Password'

2018-12-07 04:12:22 - [MESSAGE][PASSED] - Text ****** has been set on object 'Object Repository/Final Object Repo/Login Page/Internal User/Password'

2018-12-07 04:12:22 - [TEST_STEP][PASSED] - click: Object: 'Object Repository/Final Object Repo/Login Page/Internal User/Login Button' is clicked on

2018-12-07 04:12:22 - [MESSAGE][PASSED] - Object: 'Object Repository/Final Object Repo/Login Page/Internal User/Login Button' is clicked on

2018-12-07 04:12:22 - [TEST_STEP][PASSED] - delay: Delayed 2 second(s)

2018-12-07 04:12:24 - [MESSAGE][PASSED] - Delayed 2 second(s)

2018-12-07 04:12:24 - [TEST_STEP][PASSED] - Statement - Try: Delayed 2 second(s)

2018-12-07 04:12:24 - [TEST_STEP][PASSED] - Statement - Checker = false: null

2018-12-07 04:12:24 - [TEST_STEP][PASSED] - Statement - Checker = com.kms.katalon.core.webui.keyword.WebUiBuiltInKeywords.verifyElementHasAttribute(com.kms.katalon.core.testobject.ObjectRepository.findTestObject(Final Object Repo/Landing Page/BM Detecting), "href", 20, OPTIONAL): Object 'Object Repository/Final Object Repo/Landing Page/BM Detecting' has attribute 'href'

2018-12-07 04:12:24 - [MESSAGE][PASSED] - Object 'Object Repository/Final Object Repo/Landing Page/BM Detecting' has attribute 'href'

2018-12-07 04:12:24 - [TEST_STEP][PASSED] - Statement - out.println(Checker): null

2018-12-07 04:12:24 - [TEST_STEP][PASSED] - Statement - If (Checker == false): null

2018-12-07 04:12:24 - [TEST_STEP][PASSED] - Statement - Else: null

2018-12-07 04:12:24 - [TEST_STEP][PASSED] - delay: Delayed 2 second(s)

2018-12-07 04:12:26 - [MESSAGE][PASSED] - Delayed 2 second(s)

2018-12-07 04:12:26 - [TEST_STEP][PASSED] - click: Object: 'Object Repository/Final Object Repo/Page_MyASSIST - ASSIST - Search Pending Case For Add Supporting Document/Search Information' is clicked on

2018-12-07 04:12:26 - [MESSAGE][PASSED] - Object: 'Object Repository/Final Object Repo/Page_MyASSIST - ASSIST - Search Pending Case For Add Supporting Document/Search Information' is clicked on

2018-12-07 04:12:26 - [TEST_STEP][PASSED] - delay: Delayed 3 second(s)

2018-12-07 04:12:29 - [MESSAGE][PASSED] - Delayed 3 second(s)

2018-12-07 04:12:29 - [TEST_STEP][PASSED] - sendKeys: Keys 'SSN12201800001185' sent to object: 'Object Repository/Final Object Repo/Page_MyASSIST - ASSIST - Search Pending Case For Add Supporting Document/Reference No'

2018-12-07 04:12:29 - [MESSAGE][PASSED] - Keys 'SSN12201800001185' sent to object: 'Object Repository/Final Object Repo/Page_MyASSIST - ASSIST - Search Pending Case For Add Supporting Document/Reference No'

2018-12-07 04:12:29 - [TEST_STEP][PASSED] - click: Object: 'Object Repository/Final Object Repo/Page_MyASSIST - ASSIST - Search Pending Case For Add Supporting Document/Search Reference No' is clicked on

2018-12-07 04:12:29 - [MESSAGE][PASSED] - Object: 'Object Repository/Final Object Repo/Page_MyASSIST - ASSIST - Search Pending Case For Add Supporting Document/Search Reference No' is clicked on

2018-12-07 04:12:29 - [TEST_STEP][PASSED] - delay: Delayed 2 second(s)

2018-12-07 04:12:31 - [MESSAGE][PASSED] - Delayed 2 second(s)

2018-12-07 04:12:31 - [TEST_STEP][PASSED] - click: Object: 'Object Repository/Final Object Repo/Page_MyASSIST - ASSIST - Search Pending Case For Add Supporting Document/Continue' is clicked on

2018-12-07 04:12:38 - [MESSAGE][PASSED] - Object: 'Object Repository/Final Object Repo/Page_MyASSIST - ASSIST - Search Pending Case For Add Supporting Document/Continue' is clicked on

2018-12-07 04:12:38 - [TEST_STEP][PASSED] - delay: Delayed 20 second(s)

2018-12-07 04:12:58 - [MESSAGE][PASSED] - Delayed 20 second(s)

2018-12-07 04:12:58 - [MESSAGE][PASSED] - Call Test Case 'Test Cases/Final Aug 2018 - PKS Automation/Registration Module/Workflow/Login and Search Case For Workflow' successfully

2018-12-07 04:12:58 - [TEST_STEP][PASSED] - callTestCase: Call Test Case 'Test Cases/Final Aug 2018 - PKS Automation/Registration Module/Workflow/Request SSN/Template/Request SSN - RO (Query)' successfully

2018-12-07 04:12:58 - [TEST_CASE][PASSED] - Test Cases/Final Aug 2018 - PKS Automation/Registration Module/Workflow/Request SSN/Template/Request SSN - RO (Query): Test Cases/Final Aug 2018 - PKS Automation/Registration Module/Workflow/Request SSN/Template/Request SSN - RO (Query)

2018-12-07 04:12:58 - [TEST_STEP][NOT_RUN] - openBrowser: NOT_RUN: openBrowser

2018-12-07 04:12:58 - [MESSAGE][NOT_RUN] - NOT_RUN: openBrowser

2018-12-07 04:12:58 - [TEST_STEP][NOT_RUN] - navigateToUrl: NOT_RUN: navigateToUrl

2018-12-07 04:12:58 - [MESSAGE][NOT_RUN] - NOT_RUN: navigateToUrl

2018-12-07 04:12:58 - [TEST_STEP][NOT_RUN] - setText: NOT_RUN: setText

2018-12-07 04:12:58 - [MESSAGE][NOT_RUN] - NOT_RUN: setText

2018-12-07 04:12:58 - [TEST_STEP][NOT_RUN] - click: NOT_RUN: click

2018-12-07 04:12:58 - [MESSAGE][NOT_RUN] - NOT_RUN: click

2018-12-07 04:12:58 - [TEST_STEP][NOT_RUN] - delay: NOT_RUN: delay

2018-12-07 04:12:58 - [MESSAGE][NOT_RUN] - NOT_RUN: delay

2018-12-07 04:12:58 - [TEST_STEP][NOT_RUN] - setEncryptedText: NOT_RUN: setEncryptedText

2018-12-07 04:12:58 - [MESSAGE][NOT_RUN] - NOT_RUN: setEncryptedText

2018-12-07 04:12:58 - [TEST_STEP][NOT_RUN] - click: NOT_RUN: click

2018-12-07 04:12:58 - [MESSAGE][NOT_RUN] - NOT_RUN: click

2018-12-07 04:12:58 - [TEST_STEP][NOT_RUN] - delay: NOT_RUN: delay

2018-12-07 04:12:58 - [MESSAGE][NOT_RUN] - NOT_RUN: delay

2018-12-07 04:12:58 - [TEST_STEP][NOT_RUN] - click: NOT_RUN: click

2018-12-07 04:12:58 - [MESSAGE][NOT_RUN] - NOT_RUN: click

2018-12-07 04:12:58 - [TEST_STEP][NOT_RUN] - delay: NOT_RUN: delay

2018-12-07 04:12:58 - [MESSAGE][NOT_RUN] - NOT_RUN: delay

2018-12-07 04:12:58 - [TEST_STEP][NOT_RUN] - sendKeys: NOT_RUN: sendKeys

2018-12-07 04:12:58 - [MESSAGE][NOT_RUN] - NOT_RUN: sendKeys

2018-12-07 04:12:58 - [TEST_STEP][NOT_RUN] - click: NOT_RUN: click

2018-12-07 04:12:58 - [MESSAGE][NOT_RUN] - NOT_RUN: click

2018-12-07 04:12:58 - [TEST_STEP][NOT_RUN] - delay: NOT_RUN: delay

2018-12-07 04:12:58 - [MESSAGE][NOT_RUN] - NOT_RUN: delay

2018-12-07 04:12:58 - [TEST_STEP][NOT_RUN] - click: NOT_RUN: click

2018-12-07 04:12:58 - [MESSAGE][NOT_RUN] - NOT_RUN: click

2018-12-07 04:12:58 - [TEST_STEP][PASSED] - click: Object: 'Object Repository/Final Object Repo/Page_Request SSN - ASSIST/Page_Request SSN - ASSIST - RO/Approval For SSN' is clicked on

2018-12-07 04:12:59 - [MESSAGE][PASSED] - Object: 'Object Repository/Final Object Repo/Page_Request SSN - ASSIST/Page_Request SSN - ASSIST - RO/Approval For SSN' is clicked on

2018-12-07 04:12:59 - [TEST_STEP][PASSED] - click: Object: 'Object Repository/Final Object Repo/Page_Request SSN - ASSIST/Page_Request SSN - ASSIST - RO/Approval For SSN - Approve' is clicked on

2018-12-07 04:12:59 - [MESSAGE][PASSED] - Object: 'Object Repository/Final Object Repo/Page_Request SSN - ASSIST/Page_Request SSN - ASSIST - RO/Approval For SSN - Approve' is clicked on

2018-12-07 04:12:59 - [TEST_STEP][PASSED] - delay: Delayed 2 second(s)

2018-12-07 04:13:01 - [MESSAGE][PASSED] - Delayed 2 second(s)

2018-12-07 04:13:01 - [TEST_STEP][PASSED] - click: Object: 'Object Repository/Final Object Repo/Page_Request SSN - ASSIST/Page_Request SSN - ASSIST - RO/Save  Continue in SSN Page' is clicked on

2018-12-07 04:13:01 - [MESSAGE][PASSED] - Object: 'Object Repository/Final Object Repo/Page_Request SSN - ASSIST/Page_Request SSN - ASSIST - RO/Save  Continue in SSN Page' is clicked on

2018-12-07 04:13:01 - [TEST_STEP][PASSED] - delay: Delayed 2 second(s)

2018-12-07 04:13:03 - [MESSAGE][PASSED] - Delayed 2 second(s)

2018-12-07 04:13:03 - [TEST_STEP][PASSED] - setText: Text 'Query' is set on object 'Object Repository/Final Object Repo/Page_Request SSN - ASSIST/Page_Request SSN - ASSIST - RO/Page_Request SSN - ASSIST  (Query)/Remark'

2018-12-07 04:13:06 - [MESSAGE][PASSED] - Text 'Query' is set on object 'Object Repository/Final Object Repo/Page_Request SSN - ASSIST/Page_Request SSN - ASSIST - RO/Page_Request SSN - ASSIST  (Query)/Remark'

2018-12-07 04:13:06 - [TEST_STEP][PASSED] - delay: Delayed 2 second(s)

2018-12-07 04:13:08 - [MESSAGE][PASSED] - Delayed 2 second(s)

2018-12-07 04:13:08 - [TEST_STEP][PASSED] - click: Object: 'Object Repository/Final Object Repo/Page_Request SSN - ASSIST/Page_Request SSN - ASSIST - RO/Save  Continue in Uploading Document Page' is clicked on

2018-12-07 04:13:08 - [MESSAGE][PASSED] - Object: 'Object Repository/Final Object Repo/Page_Request SSN - ASSIST/Page_Request SSN - ASSIST - RO/Save  Continue in Uploading Document Page' is clicked on

2018-12-07 04:13:08 - [TEST_STEP][PASSED] - delay: Delayed 2 second(s)

2018-12-07 04:13:10 - [MESSAGE][PASSED] - Delayed 2 second(s)

2018-12-07 04:13:10 - [TEST_STEP][PASSED] - click: Object: 'Object Repository/Final Object Repo/Page_Request SSN - ASSIST/Page_Request SSN - ASSIST - RO/Page_Request SSN - ASSIST  (Query)/Query' is clicked on

2018-12-07 04:13:13 - [MESSAGE][PASSED] - Object: 'Object Repository/Final Object Repo/Page_Request SSN - ASSIST/Page_Request SSN - ASSIST - RO/Page_Request SSN - ASSIST  (Query)/Query' is clicked on

2018-12-07 04:13:13 - [TEST_STEP][PASSED] - delay: Delayed 2 second(s)

2018-12-07 04:13:15 - [MESSAGE][PASSED] - Delayed 2 second(s)

2018-12-07 04:13:15 - [TEST_STEP][PASSED] - click: Object: 'Object Repository/Final Object Repo/Page_Request SSN - ASSIST/Page_Request SSN - ASSIST - RO/Page_Request SSN - ASSIST  (Query)/Confirm' is clicked on

2018-12-07 04:13:22 - [MESSAGE][PASSED] - Object: 'Object Repository/Final Object Repo/Page_Request SSN - ASSIST/Page_Request SSN - ASSIST - RO/Page_Request SSN - ASSIST  (Query)/Confirm' is clicked on

2018-12-07 04:13:22 - [TEST_STEP][PASSED] - delay: Delayed 2 second(s)

2018-12-07 04:13:24 - [MESSAGE][PASSED] - Delayed 2 second(s)

2018-12-07 04:13:24 - [TEST_STEP][PASSED] - verifyElementVisible: Object 'Object Repository/Final Object Repo/Page_Request SSN - ASSIST/Page_Request SSN - ASSIST - RO/Page_Request SSN - ASSIST  (Query)/Message Case Is Under Query' is visible

2018-12-07 04:13:24 - [MESSAGE][PASSED] - Object 'Object Repository/Final Object Repo/Page_Request SSN - ASSIST/Page_Request SSN - ASSIST - RO/Page_Request SSN - ASSIST  (Query)/Message Case Is Under Query' is visible

2018-12-07 04:13:24 - [TEST_STEP][PASSED] - delay: Delayed 2 second(s)

2018-12-07 04:13:26 - [MESSAGE][PASSED] - Delayed 2 second(s)

2018-12-07 04:13:26 - [TEST_STEP][PASSED] - verifyElementVisible: Object 'Object Repository/Final Object Repo/Page_Request SSN - ASSIST/Page_Request SSN - ASSIST - RO/Page_Request SSN - ASSIST  (Query)/Letter of inquiry' is visible

2018-12-07 04:13:26 - [MESSAGE][PASSED] - Object 'Object Repository/Final Object Repo/Page_Request SSN - ASSIST/Page_Request SSN - ASSIST - RO/Page_Request SSN - ASSIST  (Query)/Letter of inquiry' is visible

2018-12-07 04:13:26 - [MESSAGE][PASSED] - Call Test Case 'Test Cases/Final Aug 2018 - PKS Automation/Registration Module/Workflow/Request SSN/Template/Request SSN - RO (Query)' successfully

2018-12-07 04:13:26 - [TEST_STEP][PASSED] - delay: Delayed 2 second(s)

2018-12-07 04:13:28 - [MESSAGE][PASSED] - Delayed 2 second(s)

2018-12-07 04:13:28 - [TEST_STEP][PASSED] - callTestCase: Call Test Case 'Test Cases/Final Aug 2018 - PKS Automation/Registration Module/Workflow/Request SSN/Template/Request SSN  RO (Approve after Query)' successfully

2018-12-07 04:13:28 - [TEST_CASE][PASSED] - Test Cases/Final Aug 2018 - PKS Automation/Registration Module/Workflow/Request SSN/Template/Request SSN  RO (Approve after Query): Test Cases/Final Aug 2018 - PKS Automation/Registration Module/Workflow/Request SSN/Template/Request SSN  RO (Approve after Query)

2018-12-07 04:13:28 - [TEST_STEP][PASSED] - openBrowser: Browser is opened with url: ''

2018-12-07 04:13:28 - [MESSAGE][WARNING] - A browser is already opened. Closing browser and opening a new one

2018-12-07 04:13:32 - [MESSAGE][PASSED] - Browser is opened with url: ''

2018-12-07 04:13:32 - [TEST_STEP][PASSED] - navigateToUrl: Navigate to 'https://assist2-uat.perkeso.gov.my/login' successfully

2018-12-07 04:13:33 - [MESSAGE][PASSED] - Navigate to 'https://assist2-uat.perkeso.gov.my/login' successfully

2018-12-07 04:13:34 - [TEST_STEP][PASSED] - setText: Text 'johorotc1@gmail.com' is set on object 'Object Repository/Final Object Repo/Login Page/Internal User/Email Address'

2018-12-07 04:13:34 - [MESSAGE][PASSED] - Text 'johorotc1@gmail.com' is set on object 'Object Repository/Final Object Repo/Login Page/Internal User/Email Address'

2018-12-07 04:13:34 - [TEST_STEP][PASSED] - click: Object: 'Object Repository/Final Object Repo/Login Page/Internal User/Next Button' is clicked on

2018-12-07 04:13:34 - [MESSAGE][PASSED] - Object: 'Object Repository/Final Object Repo/Login Page/Internal User/Next Button' is clicked on

2018-12-07 04:13:34 - [TEST_STEP][PASSED] - delay: Delayed 1 second(s)

2018-12-07 04:13:35 - [MESSAGE][PASSED] - Delayed 1 second(s)

2018-12-07 04:13:35 - [TEST_STEP][PASSED] - setEncryptedText: Text ****** has been set on object 'Object Repository/Final Object Repo/Login Page/Internal User/Password'

2018-12-07 04:13:35 - [MESSAGE][PASSED] - Text ****** has been set on object 'Object Repository/Final Object Repo/Login Page/Internal User/Password'

2018-12-07 04:13:35 - [TEST_STEP][PASSED] - click: Object: 'Object Repository/Final Object Repo/Login Page/Internal User/Login Button' is clicked on

2018-12-07 04:13:35 - [MESSAGE][PASSED] - Object: 'Object Repository/Final Object Repo/Login Page/Internal User/Login Button' is clicked on

2018-12-07 04:13:35 - [TEST_STEP][PASSED] - Statement - Try: null

2018-12-07 04:13:35 - [TEST_STEP][PASSED] - Statement - Checker = com.kms.katalon.core.webui.keyword.WebUiBuiltInKeywords.verifyElementNotPresent("Final Object Repo/Landing Page/Select to English", 3): null

2018-12-07 04:13:35 - [TEST_STEP][PASSED] - Statement - Catch (Exception e): null

2018-12-07 04:13:35 - [TEST_STEP][PASSED] - Statement - e.printStackTrace(): null

2018-12-07 04:13:35 - [TEST_STEP][PASSED] - delay: Delayed 5 second(s)

2018-12-07 04:13:40 - [MESSAGE][PASSED] - Delayed 5 second(s)

2018-12-07 04:13:40 - [TEST_STEP][PASSED] - delay: Delayed 1 second(s)

2018-12-07 04:13:41 - [MESSAGE][PASSED] - Delayed 1 second(s)

2018-12-07 04:13:41 - [TEST_STEP][PASSED] - navigateToUrl: Navigate to 'https://assist2-uat.perkeso.gov.my/web/registration/search/search-pending-case-for-add-supporting-document' successfully

2018-12-07 04:13:42 - [MESSAGE][PASSED] - Navigate to 'https://assist2-uat.perkeso.gov.my/web/registration/search/search-pending-case-for-add-supporting-document' successfully

2018-12-07 04:13:42 - [TEST_STEP][PASSED] - click: Object: 'Object Repository/Final Object Repo/Page_Search Pending Case For Add Suporting Document/Search By' is clicked on

2018-12-07 04:13:42 - [MESSAGE][PASSED] - Object: 'Object Repository/Final Object Repo/Page_Search Pending Case For Add Suporting Document/Search By' is clicked on

2018-12-07 04:13:42 - [TEST_STEP][PASSED] - click: Object: 'Object Repository/Final Object Repo/Page_Search Pending Case For Add Suporting Document/Search By - Reference ID' is clicked on

2018-12-07 04:13:43 - [MESSAGE][PASSED] - Object: 'Object Repository/Final Object Repo/Page_Search Pending Case For Add Suporting Document/Search By - Reference ID' is clicked on

2018-12-07 04:13:43 - [TEST_STEP][PASSED] - delay: Delayed 2 second(s)

2018-12-07 04:13:45 - [MESSAGE][PASSED] - Delayed 2 second(s)

2018-12-07 04:13:45 - [TEST_STEP][PASSED] - setText: Text 'SSN12201800001185' is set on object 'Object Repository/Final Object Repo/Page_Search Pending Case For Add Suporting Document/Reference ID'

2018-12-07 04:13:45 - [MESSAGE][PASSED] - Text 'SSN12201800001185' is set on object 'Object Repository/Final Object Repo/Page_Search Pending Case For Add Suporting Document/Reference ID'

2018-12-07 04:13:45 - [TEST_STEP][PASSED] - click: Object: 'Object Repository/Final Object Repo/Page_Search Pending Case For Add Suporting Document/Search' is clicked on

2018-12-07 04:13:45 - [MESSAGE][PASSED] - Object: 'Object Repository/Final Object Repo/Page_Search Pending Case For Add Suporting Document/Search' is clicked on

2018-12-07 04:13:45 - [TEST_STEP][PASSED] - delay: Delayed 2 second(s)

2018-12-07 04:13:47 - [MESSAGE][PASSED] - Delayed 2 second(s)

2018-12-07 04:13:47 - [TEST_STEP][PASSED] - click: Object: 'Object Repository/Final Object Repo/Page_Search Pending Case For Add Suporting Document/Edit' is clicked on

2018-12-07 04:13:54 - [MESSAGE][PASSED] - Object: 'Object Repository/Final Object Repo/Page_Search Pending Case For Add Suporting Document/Edit' is clicked on

2018-12-07 04:13:54 - [TEST_STEP][PASSED] - delay: Delayed 2 second(s)

2018-12-07 04:13:56 - [MESSAGE][PASSED] - Delayed 2 second(s)

2018-12-07 04:13:56 - [TEST_STEP][PASSED] - click: Object: 'Object Repository/Final Object Repo/Page_Request SSN - ASSIST/Page_Request SSN - ASSIST - RO/Page_Request SSN - ASSIST (Query -OTC -RO)/Next' is clicked on

2018-12-07 04:13:59 - [MESSAGE][PASSED] - Object: 'Object Repository/Final Object Repo/Page_Request SSN - ASSIST/Page_Request SSN - ASSIST - RO/Page_Request SSN - ASSIST (Query -OTC -RO)/Next' is clicked on

2018-12-07 04:13:59 - [TEST_STEP][PASSED] - delay: Delayed 2 second(s)

2018-12-07 04:14:01 - [MESSAGE][PASSED] - Delayed 2 second(s)

2018-12-07 04:14:01 - [TEST_STEP][PASSED] - click: Object: 'Object Repository/Final Object Repo/Page_Request SSN - ASSIST/Add Document Button' is clicked on

2018-12-07 04:14:01 - [MESSAGE][PASSED] - Object: 'Object Repository/Final Object Repo/Page_Request SSN - ASSIST/Add Document Button' is clicked on

2018-12-07 04:14:01 - [TEST_STEP][PASSED] - delay: Delayed 2 second(s)

2018-12-07 04:14:03 - [MESSAGE][PASSED] - Delayed 2 second(s)

2018-12-07 04:14:03 - [TEST_STEP][PASSED] - click: Object: 'Object Repository/Final Object Repo/Page_Request SSN - ASSIST/Document Type' is clicked on

2018-12-07 04:14:04 - [MESSAGE][PASSED] - Object: 'Object Repository/Final Object Repo/Page_Request SSN - ASSIST/Document Type' is clicked on

2018-12-07 04:14:04 - [TEST_STEP][PASSED] - click: Object: 'Object Repository/Final Object Repo/Page_Request SSN - ASSIST/Document Type - Birth Certificate' is clicked on

2018-12-07 04:14:04 - [MESSAGE][PASSED] - Object: 'Object Repository/Final Object Repo/Page_Request SSN - ASSIST/Document Type - Birth Certificate' is clicked on

2018-12-07 04:14:04 - [TEST_STEP][PASSED] - sendKeys: Keys 'C:\Users\Public\Pictures\Sample Pictures\Koala.jpg' sent to object: 'Object Repository/Final Object Repo/Page_Request SSN - ASSIST/Upload File'

2018-12-07 04:14:04 - [MESSAGE][PASSED] - Keys 'C:\Users\Public\Pictures\Sample Pictures\Koala.jpg' sent to object: 'Object Repository/Final Object Repo/Page_Request SSN - ASSIST/Upload File'

2018-12-07 04:14:04 - [TEST_STEP][PASSED] - click: Object: 'Object Repository/Final Object Repo/Page_Request SSN - ASSIST/Add Document' is clicked on

2018-12-07 04:14:05 - [MESSAGE][PASSED] - Object: 'Object Repository/Final Object Repo/Page_Request SSN - ASSIST/Add Document' is clicked on

2018-12-07 04:14:05 - [TEST_STEP][PASSED] - delay: Delayed 2 second(s)

2018-12-07 04:14:07 - [MESSAGE][PASSED] - Delayed 2 second(s)

2018-12-07 04:14:07 - [TEST_STEP][PASSED] - click: Object: 'Object Repository/Final Object Repo/Page_Request SSN - ASSIST/Page_Request SSN - ASSIST - RO/Page_Request SSN - ASSIST (Query -OTC -RO)/Exit' is clicked on

2018-12-07 04:14:09 - [MESSAGE][PASSED] - Object: 'Object Repository/Final Object Repo/Page_Request SSN - ASSIST/Page_Request SSN - ASSIST - RO/Page_Request SSN - ASSIST (Query -OTC -RO)/Exit' is clicked on

2018-12-07 04:14:09 - [TEST_STEP][PASSED] - delay: Delayed 2 second(s)

2018-12-07 04:14:11 - [MESSAGE][PASSED] - Delayed 2 second(s)

2018-12-07 04:14:11 - [TEST_STEP][PASSED] - navigateToUrl: Navigate to 'https://assist2-uat.perkeso.gov.my/c/portal/logout' successfully

2018-12-07 04:14:12 - [MESSAGE][PASSED] - Navigate to 'https://assist2-uat.perkeso.gov.my/c/portal/logout' successfully

2018-12-07 04:14:12 - [TEST_STEP][PASSED] - delay: Delayed 2 second(s)

2018-12-07 04:14:14 - [MESSAGE][PASSED] - Delayed 2 second(s)

2018-12-07 04:14:14 - [TEST_STEP][PASSED] - callTestCase: Call Test Case 'Test Cases/Final Aug 2018 - PKS Automation/Registration Module/Workflow/Login and Search Case For Workflow' successfully

2018-12-07 04:14:14 - [TEST_CASE][PASSED] - Test Cases/Final Aug 2018 - PKS Automation/Registration Module/Workflow/Login and Search Case For Workflow: Test Cases/Final Aug 2018 - PKS Automation/Registration Module/Workflow/Login and Search Case For Workflow

2018-12-07 04:14:14 - [TEST_STEP][PASSED] - navigateToUrl: Navigate to 'https://assist2-uat.perkeso.gov.my/login' successfully

2018-12-07 04:14:14 - [MESSAGE][PASSED] - Navigate to 'https://assist2-uat.perkeso.gov.my/login' successfully

2018-12-07 04:14:14 - [TEST_STEP][PASSED] - setText: Text 'johorro2@gmail.com' is set on object 'Object Repository/Final Object Repo/Login Page/Internal User/Email Address'

2018-12-07 04:14:14 - [MESSAGE][PASSED] - Text 'johorro2@gmail.com' is set on object 'Object Repository/Final Object Repo/Login Page/Internal User/Email Address'

2018-12-07 04:14:14 - [TEST_STEP][PASSED] - click: Object: 'Object Repository/Final Object Repo/Login Page/Internal User/Next Button' is clicked on

2018-12-07 04:14:15 - [MESSAGE][PASSED] - Object: 'Object Repository/Final Object Repo/Login Page/Internal User/Next Button' is clicked on

2018-12-07 04:14:15 - [TEST_STEP][PASSED] - delay: Delayed 1 second(s)

2018-12-07 04:14:16 - [MESSAGE][PASSED] - Delayed 1 second(s)

2018-12-07 04:14:16 - [TEST_STEP][PASSED] - setEncryptedText: Text ****** has been set on object 'Object Repository/Final Object Repo/Login Page/Internal User/Password'

2018-12-07 04:14:16 - [MESSAGE][PASSED] - Text ****** has been set on object 'Object Repository/Final Object Repo/Login Page/Internal User/Password'

2018-12-07 04:14:16 - [TEST_STEP][PASSED] - click: Object: 'Object Repository/Final Object Repo/Login Page/Internal User/Login Button' is clicked on

2018-12-07 04:14:16 - [MESSAGE][PASSED] - Object: 'Object Repository/Final Object Repo/Login Page/Internal User/Login Button' is clicked on

2018-12-07 04:14:16 - [TEST_STEP][PASSED] - delay: Delayed 2 second(s)

2018-12-07 04:14:18 - [MESSAGE][PASSED] - Delayed 2 second(s)

2018-12-07 04:14:18 - [TEST_STEP][PASSED] - Statement - Try: Delayed 2 second(s)

2018-12-07 04:14:18 - [TEST_STEP][PASSED] - Statement - Checker = false: null

2018-12-07 04:14:18 - [TEST_STEP][PASSED] - Statement - Checker = com.kms.katalon.core.webui.keyword.WebUiBuiltInKeywords.verifyElementHasAttribute(com.kms.katalon.core.testobject.ObjectRepository.findTestObject(Final Object Repo/Landing Page/BM Detecting), "href", 20, OPTIONAL): Object 'Object Repository/Final Object Repo/Landing Page/BM Detecting' has attribute 'href'

2018-12-07 04:14:18 - [MESSAGE][PASSED] - Object 'Object Repository/Final Object Repo/Landing Page/BM Detecting' has attribute 'href'

2018-12-07 04:14:18 - [TEST_STEP][PASSED] - Statement - out.println(Checker): null

2018-12-07 04:14:18 - [TEST_STEP][PASSED] - Statement - If (Checker == false): null

2018-12-07 04:14:18 - [TEST_STEP][PASSED] - Statement - Else: null

2018-12-07 04:14:18 - [TEST_STEP][PASSED] - delay: Delayed 2 second(s)

2018-12-07 04:14:20 - [MESSAGE][PASSED] - Delayed 2 second(s)

2018-12-07 04:14:20 - [TEST_STEP][PASSED] - click: Object: 'Object Repository/Final Object Repo/Page_MyASSIST - ASSIST - Search Pending Case For Add Supporting Document/Search Information' is clicked on

2018-12-07 04:14:20 - [MESSAGE][PASSED] - Object: 'Object Repository/Final Object Repo/Page_MyASSIST - ASSIST - Search Pending Case For Add Supporting Document/Search Information' is clicked on

2018-12-07 04:14:20 - [TEST_STEP][PASSED] - delay: Delayed 3 second(s)

2018-12-07 04:14:23 - [MESSAGE][PASSED] - Delayed 3 second(s)

2018-12-07 04:14:23 - [TEST_STEP][PASSED] - sendKeys: Keys 'SSN12201800001185' sent to object: 'Object Repository/Final Object Repo/Page_MyASSIST - ASSIST - Search Pending Case For Add Supporting Document/Reference No'

2018-12-07 04:14:24 - [MESSAGE][PASSED] - Keys 'SSN12201800001185' sent to object: 'Object Repository/Final Object Repo/Page_MyASSIST - ASSIST - Search Pending Case For Add Supporting Document/Reference No'

2018-12-07 04:14:24 - [TEST_STEP][PASSED] - click: Object: 'Object Repository/Final Object Repo/Page_MyASSIST - ASSIST - Search Pending Case For Add Supporting Document/Search Reference No' is clicked on

2018-12-07 04:14:24 - [MESSAGE][PASSED] - Object: 'Object Repository/Final Object Repo/Page_MyASSIST - ASSIST - Search Pending Case For Add Supporting Document/Search Reference No' is clicked on

2018-12-07 04:14:24 - [TEST_STEP][PASSED] - delay: Delayed 2 second(s)

2018-12-07 04:14:26 - [MESSAGE][PASSED] - Delayed 2 second(s)

2018-12-07 04:14:26 - [TEST_STEP][PASSED] - click: Object: 'Object Repository/Final Object Repo/Page_MyASSIST - ASSIST - Search Pending Case For Add Supporting Document/Continue' is clicked on

2018-12-07 04:14:32 - [MESSAGE][PASSED] - Object: 'Object Repository/Final Object Repo/Page_MyASSIST - ASSIST - Search Pending Case For Add Supporting Document/Continue' is clicked on

2018-12-07 04:14:32 - [TEST_STEP][PASSED] - delay: Delayed 20 second(s)

2018-12-07 04:14:52 - [MESSAGE][PASSED] - Delayed 20 second(s)

2018-12-07 04:14:52 - [MESSAGE][PASSED] - Call Test Case 'Test Cases/Final Aug 2018 - PKS Automation/Registration Module/Workflow/Login and Search Case For Workflow' successfully

2018-12-07 04:14:52 - [TEST_STEP][PASSED] - callTestCase: Call Test Case 'Test Cases/Final Aug 2018 - PKS Automation/Registration Module/Workflow/Request SSN/Template/Request SSN - RO (Approve)' successfully

2018-12-07 04:14:52 - [TEST_CASE][PASSED] - Test Cases/Final Aug 2018 - PKS Automation/Registration Module/Workflow/Request SSN/Template/Request SSN - RO (Approve): Test Cases/Final Aug 2018 - PKS Automation/Registration Module/Workflow/Request SSN/Template/Request SSN - RO (Approve)

2018-12-07 04:14:52 - [TEST_STEP][NOT_RUN] - openBrowser: NOT_RUN: openBrowser

2018-12-07 04:14:52 - [MESSAGE][NOT_RUN] - NOT_RUN: openBrowser

2018-12-07 04:14:52 - [TEST_STEP][NOT_RUN] - navigateToUrl: NOT_RUN: navigateToUrl

2018-12-07 04:14:52 - [MESSAGE][NOT_RUN] - NOT_RUN: navigateToUrl

2018-12-07 04:14:52 - [TEST_STEP][NOT_RUN] - setText: NOT_RUN: setText

2018-12-07 04:14:52 - [MESSAGE][NOT_RUN] - NOT_RUN: setText

2018-12-07 04:14:52 - [TEST_STEP][NOT_RUN] - click: NOT_RUN: click

2018-12-07 04:14:52 - [MESSAGE][NOT_RUN] - NOT_RUN: click

2018-12-07 04:14:52 - [TEST_STEP][NOT_RUN] - delay: NOT_RUN: delay

2018-12-07 04:14:52 - [MESSAGE][NOT_RUN] - NOT_RUN: delay

2018-12-07 04:14:52 - [TEST_STEP][NOT_RUN] - setEncryptedText: NOT_RUN: setEncryptedText

2018-12-07 04:14:52 - [MESSAGE][NOT_RUN] - NOT_RUN: setEncryptedText

2018-12-07 04:14:52 - [TEST_STEP][NOT_RUN] - click: NOT_RUN: click

2018-12-07 04:14:52 - [MESSAGE][NOT_RUN] - NOT_RUN: click

2018-12-07 04:14:52 - [TEST_STEP][NOT_RUN] - delay: NOT_RUN: delay

2018-12-07 04:14:52 - [MESSAGE][NOT_RUN] - NOT_RUN: delay

2018-12-07 04:14:52 - [TEST_STEP][NOT_RUN] - click: NOT_RUN: click

2018-12-07 04:14:52 - [MESSAGE][NOT_RUN] - NOT_RUN: click

2018-12-07 04:14:52 - [TEST_STEP][NOT_RUN] - delay: NOT_RUN: delay

2018-12-07 04:14:52 - [MESSAGE][NOT_RUN] - NOT_RUN: delay

2018-12-07 04:14:52 - [TEST_STEP][NOT_RUN] - sendKeys: NOT_RUN: sendKeys

2018-12-07 04:14:52 - [MESSAGE][NOT_RUN] - NOT_RUN: sendKeys

2018-12-07 04:14:52 - [TEST_STEP][NOT_RUN] - click: NOT_RUN: click

2018-12-07 04:14:52 - [MESSAGE][NOT_RUN] - NOT_RUN: click

2018-12-07 04:14:52 - [TEST_STEP][NOT_RUN] - delay: NOT_RUN: delay

2018-12-07 04:14:52 - [MESSAGE][NOT_RUN] - NOT_RUN: delay

2018-12-07 04:14:52 - [TEST_STEP][NOT_RUN] - click: NOT_RUN: click

2018-12-07 04:14:52 - [MESSAGE][NOT_RUN] - NOT_RUN: click

2018-12-07 04:14:52 - [TEST_STEP][PASSED] - click: Object: 'Object Repository/Final Object Repo/Page_Request SSN - ASSIST/Page_Request SSN - ASSIST - RO/Approval For SSN' is clicked on

2018-12-07 04:14:53 - [MESSAGE][PASSED] - Object: 'Object Repository/Final Object Repo/Page_Request SSN - ASSIST/Page_Request SSN - ASSIST - RO/Approval For SSN' is clicked on

2018-12-07 04:14:53 - [TEST_STEP][PASSED] - click: Object: 'Object Repository/Final Object Repo/Page_Request SSN - ASSIST/Page_Request SSN - ASSIST - RO/Approval For SSN - Approve' is clicked on

2018-12-07 04:14:53 - [MESSAGE][PASSED] - Object: 'Object Repository/Final Object Repo/Page_Request SSN - ASSIST/Page_Request SSN - ASSIST - RO/Approval For SSN - Approve' is clicked on

2018-12-07 04:14:53 - [TEST_STEP][PASSED] - delay: Delayed 2 second(s)

2018-12-07 04:14:55 - [MESSAGE][PASSED] - Delayed 2 second(s)

2018-12-07 04:14:55 - [TEST_STEP][PASSED] - click: Object: 'Object Repository/Final Object Repo/Page_Request SSN - ASSIST/Page_Request SSN - ASSIST - RO/Save  Continue in SSN Page' is clicked on

2018-12-07 04:14:55 - [MESSAGE][PASSED] - Object: 'Object Repository/Final Object Repo/Page_Request SSN - ASSIST/Page_Request SSN - ASSIST - RO/Save  Continue in SSN Page' is clicked on

2018-12-07 04:14:55 - [TEST_STEP][PASSED] - delay: Delayed 2 second(s)

2018-12-07 04:14:57 - [MESSAGE][PASSED] - Delayed 2 second(s)

2018-12-07 04:14:57 - [TEST_STEP][PASSED] - click: Object: 'Object Repository/Final Object Repo/Page_Request SSN - ASSIST/Page_Request SSN - ASSIST - RO/Save  Continue in Uploading Document Page' is clicked on

2018-12-07 04:14:59 - [MESSAGE][PASSED] - Object: 'Object Repository/Final Object Repo/Page_Request SSN - ASSIST/Page_Request SSN - ASSIST - RO/Save  Continue in Uploading Document Page' is clicked on

2018-12-07 04:14:59 - [TEST_STEP][PASSED] - delay: Delayed 2 second(s)

2018-12-07 04:15:01 - [MESSAGE][PASSED] - Delayed 2 second(s)

2018-12-07 04:15:01 - [TEST_STEP][PASSED] - click: Object: 'Object Repository/Final Object Repo/Page_Request SSN - ASSIST/Page_Request SSN - ASSIST - RO/Submit' is clicked on

2018-12-07 04:15:04 - [MESSAGE][PASSED] - Object: 'Object Repository/Final Object Repo/Page_Request SSN - ASSIST/Page_Request SSN - ASSIST - RO/Submit' is clicked on

2018-12-07 04:15:04 - [TEST_STEP][PASSED] - delay: Delayed 2 second(s)

2018-12-07 04:15:06 - [MESSAGE][PASSED] - Delayed 2 second(s)

2018-12-07 04:15:06 - [TEST_STEP][PASSED] - click: Object: 'Object Repository/Final Object Repo/Page_Request SSN - ASSIST/Page_Request SSN - ASSIST - RO/Confirm' is clicked on

2018-12-07 04:15:06 - [MESSAGE][PASSED] - Object: 'Object Repository/Final Object Repo/Page_Request SSN - ASSIST/Page_Request SSN - ASSIST - RO/Confirm' is clicked on

2018-12-07 04:15:06 - [TEST_STEP][PASSED] - delay: Delayed 2 second(s)

2018-12-07 04:15:08 - [MESSAGE][PASSED] - Delayed 2 second(s)

2018-12-07 04:15:08 - [TEST_STEP][PASSED] - verifyElementVisible: Object 'Object Repository/Final Object Repo/Page_Request SSN - ASSIST/Page_Request SSN - ASSIST - RO/Successfull Message Your application has submitted' is visible

2018-12-07 04:15:14 - [MESSAGE][PASSED] - Object 'Object Repository/Final Object Repo/Page_Request SSN - ASSIST/Page_Request SSN - ASSIST - RO/Successfull Message Your application has submitted' is visible

2018-12-07 04:15:14 - [TEST_STEP][PASSED] - delay: Delayed 2 second(s)

2018-12-07 04:15:16 - [MESSAGE][PASSED] - Delayed 2 second(s)

2018-12-07 04:15:16 - [TEST_STEP][PASSED] - verifyElementVisible: Object 'Object Repository/Final Object Repo/Page_Request SSN - ASSIST/Page_Request SSN - ASSIST - RO/Letter of approval' is visible

2018-12-07 04:15:16 - [MESSAGE][PASSED] - Object 'Object Repository/Final Object Repo/Page_Request SSN - ASSIST/Page_Request SSN - ASSIST - RO/Letter of approval' is visible

2018-12-07 04:15:16 - [MESSAGE][PASSED] - Call Test Case 'Test Cases/Final Aug 2018 - PKS Automation/Registration Module/Workflow/Request SSN/Template/Request SSN - RO (Approve)' successfully

2018-12-07 04:15:16 - [MESSAGE][PASSED] - Call Test Case 'Test Cases/Final Aug 2018 - PKS Automation/Registration Module/Workflow/Request SSN/Template/Request SSN  RO (Approve after Query)' successfully

2018-12-07 04:15:16 - [MESSAGE][PASSED] - Call Test Case 'Test Cases/Final Aug 2018 - PKS Automation/Registration Module/Workflow/Request SSN/Template/Request SSN RIO - RO (Query)' successfully]]></system-out>
         <system-err><![CDATA[]]></system-err>
      </testcase>
      <testcase name="Test Cases/Final Aug 2018 - PKS Automation/Registration Module/Workflow/Request SSN/PKRBO - RIO - RO (Under enforcement)" classname="Test Cases/Final Aug 2018 - PKS Automation/Registration Module/Workflow/Request SSN/PKRBO - RIO - RO (Under enforcement)" status="PASSED">
         <system-out><![CDATA[2018-12-07 04:15:16 - [TEST_CASE][PASSED] - Test Cases/Final Aug 2018 - PKS Automation/Registration Module/Workflow/Request SSN/PKRBO - RIO - RO (Under enforcement): Test Cases/Final Aug 2018 - PKS Automation/Registration Module/Workflow/Request SSN/PKRBO - RIO - RO (Under enforcement)

2018-12-07 04:15:16 - [TEST_STEP][PASSED] - callTestCase: Call Test Case 'Test Cases/Final Aug 2018 - PKS Automation/Registration Module/Workflow/Request SSN/Template/Request SSN - PKRBO' successfully

2018-12-07 04:15:16 - [TEST_CASE][PASSED] - Test Cases/Final Aug 2018 - PKS Automation/Registration Module/Workflow/Request SSN/Template/Request SSN - PKRBO: Test Cases/Final Aug 2018 - PKS Automation/Registration Module/Workflow/Request SSN/Template/Request SSN - PKRBO

2018-12-07 04:15:16 - [TEST_STEP][PASSED] - openBrowser: Browser is opened with url: ''

2018-12-07 04:15:16 - [MESSAGE][WARNING] - A browser is already opened. Closing browser and opening a new one

2018-12-07 04:15:20 - [MESSAGE][PASSED] - Browser is opened with url: ''

2018-12-07 04:15:20 - [TEST_STEP][PASSED] - navigateToUrl: Navigate to 'https://assist2-uat.perkeso.gov.my/login' successfully

2018-12-07 04:15:21 - [MESSAGE][PASSED] - Navigate to 'https://assist2-uat.perkeso.gov.my/login' successfully

2018-12-07 04:15:21 - [TEST_STEP][PASSED] - setText: Text 'johorpkrbo1@gmail.com' is set on object 'Object Repository/Final Object Repo/Login Page/Internal User/Email Address'

2018-12-07 04:15:22 - [MESSAGE][PASSED] - Text 'johorpkrbo1@gmail.com' is set on object 'Object Repository/Final Object Repo/Login Page/Internal User/Email Address'

2018-12-07 04:15:22 - [TEST_STEP][PASSED] - click: Object: 'Object Repository/Final Object Repo/Login Page/Internal User/Next Button' is clicked on

2018-12-07 04:15:22 - [MESSAGE][PASSED] - Object: 'Object Repository/Final Object Repo/Login Page/Internal User/Next Button' is clicked on

2018-12-07 04:15:22 - [TEST_STEP][PASSED] - delay: Delayed 1 second(s)

2018-12-07 04:15:23 - [MESSAGE][PASSED] - Delayed 1 second(s)

2018-12-07 04:15:23 - [TEST_STEP][PASSED] - setEncryptedText: Text ****** has been set on object 'Object Repository/Final Object Repo/Login Page/Internal User/Password'

2018-12-07 04:15:23 - [MESSAGE][PASSED] - Text ****** has been set on object 'Object Repository/Final Object Repo/Login Page/Internal User/Password'

2018-12-07 04:15:23 - [TEST_STEP][PASSED] - click: Object: 'Object Repository/Final Object Repo/Login Page/Internal User/Login Button' is clicked on

2018-12-07 04:15:23 - [MESSAGE][PASSED] - Object: 'Object Repository/Final Object Repo/Login Page/Internal User/Login Button' is clicked on

2018-12-07 04:15:23 - [TEST_STEP][PASSED] - Statement - Try: null

2018-12-07 04:15:23 - [TEST_STEP][PASSED] - Statement - Checker = com.kms.katalon.core.webui.keyword.WebUiBuiltInKeywords.verifyElementNotPresent("Final Object Repo/Landing Page/Select to English", 3): null

2018-12-07 04:15:23 - [TEST_STEP][PASSED] - Statement - Catch (Exception e): null

2018-12-07 04:15:23 - [TEST_STEP][PASSED] - Statement - e.printStackTrace(): null

2018-12-07 04:15:23 - [TEST_STEP][PASSED] - delay: Delayed 5 second(s)

2018-12-07 04:15:28 - [MESSAGE][PASSED] - Delayed 5 second(s)

2018-12-07 04:15:28 - [TEST_STEP][PASSED] - delay: Delayed 1 second(s)

2018-12-07 04:15:29 - [MESSAGE][PASSED] - Delayed 1 second(s)

2018-12-07 04:15:29 - [TEST_STEP][PASSED] - navigateToUrl: Navigate to 'https://assist2-uat.perkeso.gov.my/web/registration/request-ssn' successfully

2018-12-07 04:15:34 - [MESSAGE][PASSED] - Navigate to 'https://assist2-uat.perkeso.gov.my/web/registration/request-ssn' successfully

2018-12-07 04:15:34 - [TEST_STEP][PASSED] - setText: Text 'perkeso' is set on object 'Object Repository/Final Object Repo/Page_Request SSN - ASSIST/AI - Name'

2018-12-07 04:15:34 - [MESSAGE][PASSED] - Text 'perkeso' is set on object 'Object Repository/Final Object Repo/Page_Request SSN - ASSIST/AI - Name'

2018-12-07 04:15:34 - [TEST_STEP][PASSED] - click: Object: 'Object Repository/Final Object Repo/Page_Request SSN - ASSIST/AI - DOB' is clicked on

2018-12-07 04:15:35 - [MESSAGE][PASSED] - Object: 'Object Repository/Final Object Repo/Page_Request SSN - ASSIST/AI - DOB' is clicked on

2018-12-07 04:15:35 - [TEST_STEP][PASSED] - selectOptionByValue: All options with value '1995' are selected in object 'Object Repository/Final Object Repo/Page_Request SSN - ASSIST/AI - DOB - Year' 

2018-12-07 04:15:35 - [MESSAGE][PASSED] - All options with value '1995' are selected in object 'Object Repository/Final Object Repo/Page_Request SSN - ASSIST/AI - DOB - Year' 

2018-12-07 04:15:35 - [TEST_STEP][PASSED] - delay: Delayed 3 second(s)

2018-12-07 04:15:38 - [MESSAGE][PASSED] - Delayed 3 second(s)

2018-12-07 04:15:38 - [TEST_STEP][PASSED] - doubleClick: Object: 'Object Repository/Final Object Repo/Page_Request SSN - ASSIST/AI - DOB - Year - Date' is double clicked on

2018-12-07 04:15:38 - [MESSAGE][PASSED] - Object: 'Object Repository/Final Object Repo/Page_Request SSN - ASSIST/AI - DOB - Year - Date' is double clicked on

2018-12-07 04:15:38 - [TEST_STEP][PASSED] - click: Object: 'Object Repository/Final Object Repo/Page_Request SSN - ASSIST/AI - Male' is clicked on

2018-12-07 04:15:38 - [MESSAGE][PASSED] - Object: 'Object Repository/Final Object Repo/Page_Request SSN - ASSIST/AI - Male' is clicked on

2018-12-07 04:15:38 - [TEST_STEP][PASSED] - click: Object: 'Object Repository/Final Object Repo/Page_Request SSN - ASSIST/AI- Race' is clicked on

2018-12-07 04:15:38 - [MESSAGE][PASSED] - Object: 'Object Repository/Final Object Repo/Page_Request SSN - ASSIST/AI- Race' is clicked on

2018-12-07 04:15:38 - [TEST_STEP][PASSED] - click: Object: 'Object Repository/Final Object Repo/Page_Request SSN - ASSIST/AI - Race - Melayu' is clicked on

2018-12-07 04:15:39 - [MESSAGE][PASSED] - Object: 'Object Repository/Final Object Repo/Page_Request SSN - ASSIST/AI - Race - Melayu' is clicked on

2018-12-07 04:15:39 - [TEST_STEP][PASSED] - click: Object: 'Object Repository/Final Object Repo/Page_Request SSN - ASSIST/AI - Religion' is clicked on

2018-12-07 04:15:39 - [MESSAGE][PASSED] - Object: 'Object Repository/Final Object Repo/Page_Request SSN - ASSIST/AI - Religion' is clicked on

2018-12-07 04:15:39 - [TEST_STEP][PASSED] - click: Object: 'Object Repository/Final Object Repo/Page_Request SSN - ASSIST/AI - Religion - Islam' is clicked on

2018-12-07 04:15:39 - [MESSAGE][PASSED] - Object: 'Object Repository/Final Object Repo/Page_Request SSN - ASSIST/AI - Religion - Islam' is clicked on

2018-12-07 04:15:39 - [TEST_STEP][PASSED] - setText: Text '12345' is set on object 'Object Repository/Final Object Repo/Page_Request SSN - ASSIST/AI - Birth Certificate'

2018-12-07 04:15:40 - [MESSAGE][PASSED] - Text '12345' is set on object 'Object Repository/Final Object Repo/Page_Request SSN - ASSIST/AI - Birth Certificate'

2018-12-07 04:15:40 - [TEST_STEP][PASSED] - click: Object: 'Object Repository/Final Object Repo/Page_Request SSN - ASSIST/AI - Nationality' is clicked on

2018-12-07 04:15:40 - [MESSAGE][PASSED] - Object: 'Object Repository/Final Object Repo/Page_Request SSN - ASSIST/AI - Nationality' is clicked on

2018-12-07 04:15:40 - [TEST_STEP][PASSED] - click: Object: 'Object Repository/Final Object Repo/Page_Request SSN - ASSIST/AI - Nationality - Afghanistan' is clicked on

2018-12-07 04:15:40 - [MESSAGE][PASSED] - Object: 'Object Repository/Final Object Repo/Page_Request SSN - ASSIST/AI - Nationality - Afghanistan' is clicked on

2018-12-07 04:15:40 - [TEST_STEP][PASSED] - setText: Text 'PERKESO ADDRESS1' is set on object 'Object Repository/Final Object Repo/Page_Request SSN - ASSIST/AI - Address1'

2018-12-07 04:15:41 - [MESSAGE][PASSED] - Text 'PERKESO ADDRESS1' is set on object 'Object Repository/Final Object Repo/Page_Request SSN - ASSIST/AI - Address1'

2018-12-07 04:15:41 - [TEST_STEP][PASSED] - setText: Text 'PERKESO ADDRESS2' is set on object 'Object Repository/Final Object Repo/Page_Request SSN - ASSIST/AI - Address2'

2018-12-07 04:15:43 - [MESSAGE][PASSED] - Text 'PERKESO ADDRESS2' is set on object 'Object Repository/Final Object Repo/Page_Request SSN - ASSIST/AI - Address2'

2018-12-07 04:15:43 - [TEST_STEP][PASSED] - setText: Text 'PERKESO ADDRESS3' is set on object 'Object Repository/Final Object Repo/Page_Request SSN - ASSIST/AI - Address3'

2018-12-07 04:15:44 - [MESSAGE][PASSED] - Text 'PERKESO ADDRESS3' is set on object 'Object Repository/Final Object Repo/Page_Request SSN - ASSIST/AI - Address3'

2018-12-07 04:15:44 - [TEST_STEP][PASSED] - click: Object: 'Object Repository/Final Object Repo/Page_Request SSN - ASSIST/AI - State' is clicked on

2018-12-07 04:15:44 - [MESSAGE][PASSED] - Object: 'Object Repository/Final Object Repo/Page_Request SSN - ASSIST/AI - State' is clicked on

2018-12-07 04:15:44 - [TEST_STEP][PASSED] - click: Object: 'Object Repository/Final Object Repo/Page_Request SSN - ASSIST/AI - Current Employer State - Johor' is clicked on

2018-12-07 04:15:45 - [MESSAGE][PASSED] - Object: 'Object Repository/Final Object Repo/Page_Request SSN - ASSIST/AI - Current Employer State - Johor' is clicked on

2018-12-07 04:15:45 - [TEST_STEP][PASSED] - click: Object: 'Object Repository/Final Object Repo/Page_Request SSN - ASSIST/AI - City' is clicked on

2018-12-07 04:15:45 - [MESSAGE][PASSED] - Object: 'Object Repository/Final Object Repo/Page_Request SSN - ASSIST/AI - City' is clicked on

2018-12-07 04:15:45 - [TEST_STEP][PASSED] - setText: Text 'JOH' is set on object 'Object Repository/Final Object Repo/Page_Request SSN - ASSIST/AI - City - JOH'

2018-12-07 04:15:45 - [MESSAGE][PASSED] - Text 'JOH' is set on object 'Object Repository/Final Object Repo/Page_Request SSN - ASSIST/AI - City - JOH'

2018-12-07 04:15:45 - [TEST_STEP][PASSED] - delay: Delayed 3 second(s)

2018-12-07 04:15:48 - [MESSAGE][PASSED] - Delayed 3 second(s)

2018-12-07 04:15:48 - [TEST_STEP][PASSED] - click: Object: 'Object Repository/Final Object Repo/Page_Request SSN - ASSIST/AI - City - Johor Bharu' is clicked on

2018-12-07 04:15:49 - [MESSAGE][PASSED] - Object: 'Object Repository/Final Object Repo/Page_Request SSN - ASSIST/AI - City - Johor Bharu' is clicked on

2018-12-07 04:15:49 - [TEST_STEP][PASSED] - click: Object: 'Object Repository/Final Object Repo/Page_Request SSN - ASSIST/AI - Post Code' is clicked on

2018-12-07 04:15:49 - [MESSAGE][PASSED] - Object: 'Object Repository/Final Object Repo/Page_Request SSN - ASSIST/AI - Post Code' is clicked on

2018-12-07 04:15:49 - [TEST_STEP][PASSED] - setText: Text '810' is set on object 'Object Repository/Final Object Repo/Page_Request SSN - ASSIST/AI - City - JOH'

2018-12-07 04:15:49 - [MESSAGE][PASSED] - Text '810' is set on object 'Object Repository/Final Object Repo/Page_Request SSN - ASSIST/AI - City - JOH'

2018-12-07 04:15:49 - [TEST_STEP][PASSED] - delay: Delayed 3 second(s)

2018-12-07 04:15:52 - [MESSAGE][PASSED] - Delayed 3 second(s)

2018-12-07 04:15:52 - [TEST_STEP][PASSED] - click: Object: 'Object Repository/Final Object Repo/Page_Request SSN - ASSIST/AI - PostCode - 81000' is clicked on

2018-12-07 04:15:53 - [MESSAGE][PASSED] - Object: 'Object Repository/Final Object Repo/Page_Request SSN - ASSIST/AI - PostCode - 81000' is clicked on

2018-12-07 04:15:53 - [TEST_STEP][PASSED] - setText: Text '100' is set on object 'Object Repository/Final Object Repo/Page_Request SSN - ASSIST/P.O.BOX'

2018-12-07 04:15:53 - [MESSAGE][PASSED] - Text '100' is set on object 'Object Repository/Final Object Repo/Page_Request SSN - ASSIST/P.O.BOX'

2018-12-07 04:15:53 - [TEST_STEP][PASSED] - setText: Text '100' is set on object 'Object Repository/Final Object Repo/Page_Request SSN - ASSIST/Locked Bag No'

2018-12-07 04:15:54 - [MESSAGE][PASSED] - Text '100' is set on object 'Object Repository/Final Object Repo/Page_Request SSN - ASSIST/Locked Bag No'

2018-12-07 04:15:54 - [TEST_STEP][PASSED] - delay: Delayed 2 second(s)

2018-12-07 04:15:56 - [MESSAGE][PASSED] - Delayed 2 second(s)

2018-12-07 04:15:56 - [TEST_STEP][PASSED] - setText: Text '123456789' is set on object 'Object Repository/Final Object Repo/Page_Request SSN - ASSIST/AI - Telephone No'

2018-12-07 04:15:56 - [MESSAGE][PASSED] - Text '123456789' is set on object 'Object Repository/Final Object Repo/Page_Request SSN - ASSIST/AI - Telephone No'

2018-12-07 04:15:56 - [TEST_STEP][PASSED] - click: Object: 'Object Repository/Final Object Repo/Page_Request SSN - ASSIST/AI - Occupation' is clicked on

2018-12-07 04:15:57 - [MESSAGE][PASSED] - Object: 'Object Repository/Final Object Repo/Page_Request SSN - ASSIST/AI - Occupation' is clicked on

2018-12-07 04:15:57 - [TEST_STEP][PASSED] - click: Object: 'Object Repository/Final Object Repo/Page_Request SSN - ASSIST/AI - Occupation - NUMERICAL AND MATERIAL R' is clicked on

2018-12-07 04:15:57 - [MESSAGE][PASSED] - Object: 'Object Repository/Final Object Repo/Page_Request SSN - ASSIST/AI - Occupation - NUMERICAL AND MATERIAL R' is clicked on

2018-12-07 04:15:57 - [TEST_STEP][PASSED] - delay: Delayed 2 second(s)

2018-12-07 04:15:59 - [MESSAGE][PASSED] - Delayed 2 second(s)

2018-12-07 04:15:59 - [TEST_STEP][PASSED] - click: Object: 'Object Repository/Final Object Repo/Page_Request SSN - ASSIST/AI - Sub Occupation' is clicked on

2018-12-07 04:15:59 - [MESSAGE][PASSED] - Object: 'Object Repository/Final Object Repo/Page_Request SSN - ASSIST/AI - Sub Occupation' is clicked on

2018-12-07 04:15:59 - [TEST_STEP][PASSED] - click: Object: 'Object Repository/Final Object Repo/Page_Request SSN - ASSIST/AI - Sub Occupation - Stock Clerks' is clicked on

2018-12-07 04:15:59 - [MESSAGE][PASSED] - Object: 'Object Repository/Final Object Repo/Page_Request SSN - ASSIST/AI - Sub Occupation - Stock Clerks' is clicked on

2018-12-07 04:15:59 - [TEST_STEP][PASSED] - delay: Delayed 2 second(s)

2018-12-07 04:16:01 - [MESSAGE][PASSED] - Delayed 2 second(s)

2018-12-07 04:16:01 - [TEST_STEP][PASSED] - click: Object: 'Object Repository/Final Object Repo/Page_Request SSN - ASSIST/AI - Sub Occupation List' is clicked on

2018-12-07 04:16:02 - [MESSAGE][PASSED] - Object: 'Object Repository/Final Object Repo/Page_Request SSN - ASSIST/AI - Sub Occupation List' is clicked on

2018-12-07 04:16:02 - [TEST_STEP][PASSED] - click: Object: 'Object Repository/Final Object Repo/Page_Request SSN - ASSIST/AI - Sub Occupation List - Clerk raw material' is clicked on

2018-12-07 04:16:02 - [MESSAGE][PASSED] - Object: 'Object Repository/Final Object Repo/Page_Request SSN - ASSIST/AI - Sub Occupation List - Clerk raw material' is clicked on

2018-12-07 04:16:02 - [TEST_STEP][PASSED] - click: Object: 'Object Repository/Final Object Repo/Page_Request SSN - ASSIST/AI - Employment Start Date' is clicked on

2018-12-07 04:16:02 - [MESSAGE][PASSED] - Object: 'Object Repository/Final Object Repo/Page_Request SSN - ASSIST/AI - Employment Start Date' is clicked on

2018-12-07 04:16:02 - [TEST_STEP][PASSED] - click: Object: 'Object Repository/Final Object Repo/Page_Request SSN - ASSIST/AI - DOB - Year - Date' is clicked on

2018-12-07 04:16:02 - [MESSAGE][PASSED] - Object: 'Object Repository/Final Object Repo/Page_Request SSN - ASSIST/AI - DOB - Year - Date' is clicked on

2018-12-07 04:16:02 - [TEST_STEP][PASSED] - setText: Text 'perkeso' is set on object 'Object Repository/Final Object Repo/Page_Request SSN - ASSIST/AI - Current Employer Name'

2018-12-07 04:16:03 - [MESSAGE][PASSED] - Text 'perkeso' is set on object 'Object Repository/Final Object Repo/Page_Request SSN - ASSIST/AI - Current Employer Name'

2018-12-07 04:16:03 - [TEST_STEP][PASSED] - setText: Text 'perkeso1' is set on object 'Object Repository/Final Object Repo/Page_Request SSN - ASSIST/AI - Current Employer Address1'

2018-12-07 04:16:04 - [MESSAGE][PASSED] - Text 'perkeso1' is set on object 'Object Repository/Final Object Repo/Page_Request SSN - ASSIST/AI - Current Employer Address1'

2018-12-07 04:16:04 - [TEST_STEP][PASSED] - setText: Text 'perkeso2' is set on object 'Object Repository/Final Object Repo/Page_Request SSN - ASSIST/AI - Current Employer Address2'

2018-12-07 04:16:05 - [MESSAGE][PASSED] - Text 'perkeso2' is set on object 'Object Repository/Final Object Repo/Page_Request SSN - ASSIST/AI - Current Employer Address2'

2018-12-07 04:16:05 - [TEST_STEP][PASSED] - setText: Text 'perkeso3' is set on object 'Object Repository/Final Object Repo/Page_Request SSN - ASSIST/AI - Current Employer Address3'

2018-12-07 04:16:05 - [MESSAGE][PASSED] - Text 'perkeso3' is set on object 'Object Repository/Final Object Repo/Page_Request SSN - ASSIST/AI - Current Employer Address3'

2018-12-07 04:16:05 - [TEST_STEP][PASSED] - click: Object: 'Object Repository/Final Object Repo/Page_Request SSN - ASSIST/AI - Current Employer State' is clicked on

2018-12-07 04:16:06 - [MESSAGE][PASSED] - Object: 'Object Repository/Final Object Repo/Page_Request SSN - ASSIST/AI - Current Employer State' is clicked on

2018-12-07 04:16:06 - [TEST_STEP][PASSED] - click: Object: 'Object Repository/Final Object Repo/Page_Request SSN - ASSIST/AI - Current Employer State - Johor 1' is clicked on

2018-12-07 04:16:06 - [MESSAGE][PASSED] - Object: 'Object Repository/Final Object Repo/Page_Request SSN - ASSIST/AI - Current Employer State - Johor 1' is clicked on

2018-12-07 04:16:06 - [TEST_STEP][PASSED] - click: Object: 'Object Repository/Final Object Repo/Page_Request SSN - ASSIST/AI - Current Employer City' is clicked on

2018-12-07 04:16:06 - [MESSAGE][PASSED] - Object: 'Object Repository/Final Object Repo/Page_Request SSN - ASSIST/AI - Current Employer City' is clicked on

2018-12-07 04:16:06 - [TEST_STEP][PASSED] - setText: Text 'joh' is set on object 'Object Repository/Final Object Repo/Page_Request SSN - ASSIST/AI - City - JOH'

2018-12-07 04:16:07 - [MESSAGE][PASSED] - Text 'joh' is set on object 'Object Repository/Final Object Repo/Page_Request SSN - ASSIST/AI - City - JOH'

2018-12-07 04:16:07 - [TEST_STEP][PASSED] - delay: Delayed 2 second(s)

2018-12-07 04:16:09 - [MESSAGE][PASSED] - Delayed 2 second(s)

2018-12-07 04:16:09 - [TEST_STEP][PASSED] - click: Object: 'Object Repository/Final Object Repo/Page_Request SSN - ASSIST/AI - City - Johor Bharu' is clicked on

2018-12-07 04:16:09 - [MESSAGE][PASSED] - Object: 'Object Repository/Final Object Repo/Page_Request SSN - ASSIST/AI - City - Johor Bharu' is clicked on

2018-12-07 04:16:09 - [TEST_STEP][PASSED] - click: Object: 'Object Repository/Final Object Repo/Page_Request SSN - ASSIST/AI - Current Employer Postcode' is clicked on

2018-12-07 04:16:10 - [MESSAGE][PASSED] - Object: 'Object Repository/Final Object Repo/Page_Request SSN - ASSIST/AI - Current Employer Postcode' is clicked on

2018-12-07 04:16:10 - [TEST_STEP][PASSED] - setText: Text '810' is set on object 'Object Repository/Final Object Repo/Page_Request SSN - ASSIST/AI - City - JOH'

2018-12-07 04:16:10 - [MESSAGE][PASSED] - Text '810' is set on object 'Object Repository/Final Object Repo/Page_Request SSN - ASSIST/AI - City - JOH'

2018-12-07 04:16:10 - [TEST_STEP][PASSED] - delay: Delayed 2 second(s)

2018-12-07 04:16:12 - [MESSAGE][PASSED] - Delayed 2 second(s)

2018-12-07 04:16:12 - [TEST_STEP][PASSED] - click: Object: 'Object Repository/Final Object Repo/Page_Request SSN - ASSIST/AI - PostCode - 81000' is clicked on

2018-12-07 04:16:12 - [MESSAGE][PASSED] - Object: 'Object Repository/Final Object Repo/Page_Request SSN - ASSIST/AI - PostCode - 81000' is clicked on

2018-12-07 04:16:12 - [TEST_STEP][NOT_RUN] - setText: NOT_RUN: setText

2018-12-07 04:16:12 - [MESSAGE][NOT_RUN] - NOT_RUN: setText

2018-12-07 04:16:12 - [TEST_STEP][NOT_RUN] - setText: NOT_RUN: setText

2018-12-07 04:16:12 - [MESSAGE][NOT_RUN] - NOT_RUN: setText

2018-12-07 04:16:12 - [TEST_STEP][NOT_RUN] - click: NOT_RUN: click

2018-12-07 04:16:12 - [MESSAGE][NOT_RUN] - NOT_RUN: click

2018-12-07 04:16:12 - [TEST_STEP][NOT_RUN] - click: NOT_RUN: click

2018-12-07 04:16:12 - [MESSAGE][NOT_RUN] - NOT_RUN: click

2018-12-07 04:16:12 - [TEST_STEP][NOT_RUN] - setText: NOT_RUN: setText

2018-12-07 04:16:12 - [MESSAGE][NOT_RUN] - NOT_RUN: setText

2018-12-07 04:16:12 - [TEST_STEP][NOT_RUN] - click: NOT_RUN: click

2018-12-07 04:16:12 - [MESSAGE][NOT_RUN] - NOT_RUN: click

2018-12-07 04:16:12 - [TEST_STEP][NOT_RUN] - click: NOT_RUN: click

2018-12-07 04:16:12 - [MESSAGE][NOT_RUN] - NOT_RUN: click

2018-12-07 04:16:12 - [TEST_STEP][NOT_RUN] - click: NOT_RUN: click

2018-12-07 04:16:12 - [MESSAGE][NOT_RUN] - NOT_RUN: click

2018-12-07 04:16:12 - [TEST_STEP][NOT_RUN] - click: NOT_RUN: click

2018-12-07 04:16:12 - [MESSAGE][NOT_RUN] - NOT_RUN: click

2018-12-07 04:16:12 - [TEST_STEP][NOT_RUN] - click: NOT_RUN: click

2018-12-07 04:16:12 - [MESSAGE][NOT_RUN] - NOT_RUN: click

2018-12-07 04:16:12 - [TEST_STEP][NOT_RUN] - click: NOT_RUN: click

2018-12-07 04:16:12 - [MESSAGE][NOT_RUN] - NOT_RUN: click

2018-12-07 04:16:12 - [TEST_STEP][NOT_RUN] - setText: NOT_RUN: setText

2018-12-07 04:16:12 - [MESSAGE][NOT_RUN] - NOT_RUN: setText

2018-12-07 04:16:12 - [TEST_STEP][NOT_RUN] - setText: NOT_RUN: setText

2018-12-07 04:16:12 - [MESSAGE][NOT_RUN] - NOT_RUN: setText

2018-12-07 04:16:12 - [TEST_STEP][NOT_RUN] - setText: NOT_RUN: setText

2018-12-07 04:16:12 - [MESSAGE][NOT_RUN] - NOT_RUN: setText

2018-12-07 04:16:12 - [TEST_STEP][NOT_RUN] - click: NOT_RUN: click

2018-12-07 04:16:12 - [MESSAGE][NOT_RUN] - NOT_RUN: click

2018-12-07 04:16:12 - [TEST_STEP][NOT_RUN] - click: NOT_RUN: click

2018-12-07 04:16:12 - [MESSAGE][NOT_RUN] - NOT_RUN: click

2018-12-07 04:16:12 - [TEST_STEP][NOT_RUN] - click: NOT_RUN: click

2018-12-07 04:16:12 - [MESSAGE][NOT_RUN] - NOT_RUN: click

2018-12-07 04:16:12 - [TEST_STEP][NOT_RUN] - setText: NOT_RUN: setText

2018-12-07 04:16:12 - [MESSAGE][NOT_RUN] - NOT_RUN: setText

2018-12-07 04:16:12 - [TEST_STEP][NOT_RUN] - delay: NOT_RUN: delay

2018-12-07 04:16:12 - [MESSAGE][NOT_RUN] - NOT_RUN: delay

2018-12-07 04:16:12 - [TEST_STEP][NOT_RUN] - click: NOT_RUN: click

2018-12-07 04:16:12 - [MESSAGE][NOT_RUN] - NOT_RUN: click

2018-12-07 04:16:12 - [TEST_STEP][NOT_RUN] - click: NOT_RUN: click

2018-12-07 04:16:12 - [MESSAGE][NOT_RUN] - NOT_RUN: click

2018-12-07 04:16:12 - [TEST_STEP][NOT_RUN] - click: NOT_RUN: click

2018-12-07 04:16:12 - [MESSAGE][NOT_RUN] - NOT_RUN: click

2018-12-07 04:16:12 - [TEST_STEP][NOT_RUN] - setText: NOT_RUN: setText

2018-12-07 04:16:12 - [MESSAGE][NOT_RUN] - NOT_RUN: setText

2018-12-07 04:16:12 - [TEST_STEP][NOT_RUN] - delay: NOT_RUN: delay

2018-12-07 04:16:12 - [MESSAGE][NOT_RUN] - NOT_RUN: delay

2018-12-07 04:16:12 - [TEST_STEP][NOT_RUN] - click: NOT_RUN: click

2018-12-07 04:16:12 - [MESSAGE][NOT_RUN] - NOT_RUN: click

2018-12-07 04:16:12 - [TEST_STEP][NOT_RUN] - delay: NOT_RUN: delay

2018-12-07 04:16:12 - [MESSAGE][NOT_RUN] - NOT_RUN: delay

2018-12-07 04:16:12 - [TEST_STEP][NOT_RUN] - setText: NOT_RUN: setText

2018-12-07 04:16:12 - [MESSAGE][NOT_RUN] - NOT_RUN: setText

2018-12-07 04:16:12 - [TEST_STEP][NOT_RUN] - setText: NOT_RUN: setText

2018-12-07 04:16:12 - [MESSAGE][NOT_RUN] - NOT_RUN: setText

2018-12-07 04:16:12 - [TEST_STEP][NOT_RUN] - setText: NOT_RUN: setText

2018-12-07 04:16:12 - [MESSAGE][NOT_RUN] - NOT_RUN: setText

2018-12-07 04:16:12 - [TEST_STEP][NOT_RUN] - click: NOT_RUN: click

2018-12-07 04:16:12 - [MESSAGE][NOT_RUN] - NOT_RUN: click

2018-12-07 04:16:12 - [TEST_STEP][NOT_RUN] - click: NOT_RUN: click

2018-12-07 04:16:12 - [MESSAGE][NOT_RUN] - NOT_RUN: click

2018-12-07 04:16:12 - [TEST_STEP][NOT_RUN] - setText: NOT_RUN: setText

2018-12-07 04:16:12 - [MESSAGE][NOT_RUN] - NOT_RUN: setText

2018-12-07 04:16:12 - [TEST_STEP][NOT_RUN] - click: NOT_RUN: click

2018-12-07 04:16:12 - [MESSAGE][NOT_RUN] - NOT_RUN: click

2018-12-07 04:16:12 - [TEST_STEP][NOT_RUN] - click: NOT_RUN: click

2018-12-07 04:16:12 - [MESSAGE][NOT_RUN] - NOT_RUN: click

2018-12-07 04:16:12 - [TEST_STEP][NOT_RUN] - click: NOT_RUN: click

2018-12-07 04:16:12 - [MESSAGE][NOT_RUN] - NOT_RUN: click

2018-12-07 04:16:12 - [TEST_STEP][NOT_RUN] - click: NOT_RUN: click

2018-12-07 04:16:12 - [MESSAGE][NOT_RUN] - NOT_RUN: click

2018-12-07 04:16:12 - [TEST_STEP][NOT_RUN] - click: NOT_RUN: click

2018-12-07 04:16:12 - [MESSAGE][NOT_RUN] - NOT_RUN: click

2018-12-07 04:16:12 - [TEST_STEP][NOT_RUN] - click: NOT_RUN: click

2018-12-07 04:16:12 - [MESSAGE][NOT_RUN] - NOT_RUN: click

2018-12-07 04:16:12 - [TEST_STEP][NOT_RUN] - setText: NOT_RUN: setText

2018-12-07 04:16:12 - [MESSAGE][NOT_RUN] - NOT_RUN: setText

2018-12-07 04:16:12 - [TEST_STEP][NOT_RUN] - setText: NOT_RUN: setText

2018-12-07 04:16:12 - [MESSAGE][NOT_RUN] - NOT_RUN: setText

2018-12-07 04:16:12 - [TEST_STEP][NOT_RUN] - setText: NOT_RUN: setText

2018-12-07 04:16:12 - [MESSAGE][NOT_RUN] - NOT_RUN: setText

2018-12-07 04:16:12 - [TEST_STEP][NOT_RUN] - click: NOT_RUN: click

2018-12-07 04:16:12 - [MESSAGE][NOT_RUN] - NOT_RUN: click

2018-12-07 04:16:12 - [TEST_STEP][NOT_RUN] - click: NOT_RUN: click

2018-12-07 04:16:12 - [MESSAGE][NOT_RUN] - NOT_RUN: click

2018-12-07 04:16:12 - [TEST_STEP][NOT_RUN] - click: NOT_RUN: click

2018-12-07 04:16:12 - [MESSAGE][NOT_RUN] - NOT_RUN: click

2018-12-07 04:16:12 - [TEST_STEP][NOT_RUN] - delay: NOT_RUN: delay

2018-12-07 04:16:12 - [MESSAGE][NOT_RUN] - NOT_RUN: delay

2018-12-07 04:16:12 - [TEST_STEP][NOT_RUN] - setText: NOT_RUN: setText

2018-12-07 04:16:12 - [MESSAGE][NOT_RUN] - NOT_RUN: setText

2018-12-07 04:16:12 - [TEST_STEP][NOT_RUN] - delay: NOT_RUN: delay

2018-12-07 04:16:12 - [MESSAGE][NOT_RUN] - NOT_RUN: delay

2018-12-07 04:16:12 - [TEST_STEP][NOT_RUN] - click: NOT_RUN: click

2018-12-07 04:16:12 - [MESSAGE][NOT_RUN] - NOT_RUN: click

2018-12-07 04:16:12 - [TEST_STEP][NOT_RUN] - doubleClick: NOT_RUN: doubleClick

2018-12-07 04:16:12 - [MESSAGE][NOT_RUN] - NOT_RUN: doubleClick

2018-12-07 04:16:12 - [TEST_STEP][NOT_RUN] - click: NOT_RUN: click

2018-12-07 04:16:12 - [MESSAGE][NOT_RUN] - NOT_RUN: click

2018-12-07 04:16:12 - [TEST_STEP][NOT_RUN] - setText: NOT_RUN: setText

2018-12-07 04:16:12 - [MESSAGE][NOT_RUN] - NOT_RUN: setText

2018-12-07 04:16:12 - [TEST_STEP][NOT_RUN] - delay: NOT_RUN: delay

2018-12-07 04:16:12 - [MESSAGE][NOT_RUN] - NOT_RUN: delay

2018-12-07 04:16:12 - [TEST_STEP][NOT_RUN] - click: NOT_RUN: click

2018-12-07 04:16:12 - [MESSAGE][NOT_RUN] - NOT_RUN: click

2018-12-07 04:16:12 - [TEST_STEP][NOT_RUN] - delay: NOT_RUN: delay

2018-12-07 04:16:12 - [MESSAGE][NOT_RUN] - NOT_RUN: delay

2018-12-07 04:16:12 - [TEST_STEP][NOT_RUN] - setText: NOT_RUN: setText

2018-12-07 04:16:12 - [MESSAGE][NOT_RUN] - NOT_RUN: setText

2018-12-07 04:16:12 - [TEST_STEP][PASSED] - click: Object: 'Object Repository/Final Object Repo/Page_Request SSN - ASSIST/Save  Continue' is clicked on

2018-12-07 04:16:13 - [MESSAGE][PASSED] - Object: 'Object Repository/Final Object Repo/Page_Request SSN - ASSIST/Save  Continue' is clicked on

2018-12-07 04:16:13 - [TEST_STEP][PASSED] - delay: Delayed 3 second(s)

2018-12-07 04:16:16 - [MESSAGE][PASSED] - Delayed 3 second(s)

2018-12-07 04:16:16 - [TEST_STEP][PASSED] - Statement - CaseReferenceNo = com.kms.katalon.core.webui.keyword.WebUiBuiltInKeywords.getText(com.kms.katalon.core.testobject.ObjectRepository.findTestObject(Final Object Repo/Page_Request SSN - ASSIST/Reference Number in Uploading Page)): Text of object 'Object Repository/Final Object Repo/Page_Request SSN - ASSIST/Reference Number in Uploading Page' is: 'SSN12201800001186'

2018-12-07 04:16:16 - [MESSAGE][PASSED] - Text of object 'Object Repository/Final Object Repo/Page_Request SSN - ASSIST/Reference Number in Uploading Page' is: 'SSN12201800001186'

2018-12-07 04:16:16 - [TEST_STEP][PASSED] - callTestCase: Call Test Case 'Test Cases/Final Aug 2018 - PKS Automation/Common/Reference Number Setter' successfully

2018-12-07 04:16:16 - [TEST_CASE][PASSED] - Test Cases/Final Aug 2018 - PKS Automation/Common/Reference Number Setter: Test Cases/Final Aug 2018 - PKS Automation/Common/Reference Number Setter

2018-12-07 04:16:16 - [TEST_STEP][PASSED] - Statement - RefNoOldFile = new java.io.File(C://Users//Admin//Desktop//PKS//Automation Reference Point//KatalonReference.txt): null

2018-12-07 04:16:16 - [TEST_STEP][PASSED] - Statement - RefNoOldFile.delete(): null

2018-12-07 04:16:16 - [TEST_STEP][PASSED] - delay: Delayed 5 second(s)

2018-12-07 04:16:21 - [MESSAGE][PASSED] - Delayed 5 second(s)

2018-12-07 04:16:21 - [TEST_STEP][PASSED] - Statement - RefNo = new java.io.File(C://Users//Admin//Desktop//PKS//Automation Reference Point//KatalonReference.txt): null

2018-12-07 04:16:21 - [TEST_STEP][PASSED] - Statement - f2 = new java.io.FileWriter(RefNo, false): null

2018-12-07 04:16:21 - [TEST_STEP][PASSED] - Statement - f2.write(CaseReferenceNo): null

2018-12-07 04:16:21 - [TEST_STEP][PASSED] - Statement - f2.close(): null

2018-12-07 04:16:21 - [TEST_STEP][PASSED] - Statement - out.println("


" + CaseReferenceNo + "


"): null

2018-12-07 04:16:21 - [MESSAGE][PASSED] - Call Test Case 'Test Cases/Final Aug 2018 - PKS Automation/Common/Reference Number Setter' successfully

2018-12-07 04:16:21 - [TEST_STEP][PASSED] - click: Object: 'Object Repository/Final Object Repo/Page_Request SSN - ASSIST/Add Document Button' is clicked on

2018-12-07 04:16:21 - [MESSAGE][PASSED] - Object: 'Object Repository/Final Object Repo/Page_Request SSN - ASSIST/Add Document Button' is clicked on

2018-12-07 04:16:21 - [TEST_STEP][PASSED] - delay: Delayed 2 second(s)

2018-12-07 04:16:23 - [MESSAGE][PASSED] - Delayed 2 second(s)

2018-12-07 04:16:23 - [TEST_STEP][PASSED] - click: Object: 'Object Repository/Final Object Repo/Page_Request SSN - ASSIST/Document Type' is clicked on

2018-12-07 04:16:24 - [MESSAGE][PASSED] - Object: 'Object Repository/Final Object Repo/Page_Request SSN - ASSIST/Document Type' is clicked on

2018-12-07 04:16:24 - [TEST_STEP][PASSED] - click: Object: 'Object Repository/Final Object Repo/Page_Request SSN - ASSIST/Document Type - Birth Certificate' is clicked on

2018-12-07 04:16:25 - [MESSAGE][PASSED] - Object: 'Object Repository/Final Object Repo/Page_Request SSN - ASSIST/Document Type - Birth Certificate' is clicked on

2018-12-07 04:16:25 - [TEST_STEP][PASSED] - sendKeys: Keys 'C:\Users\Public\Pictures\Sample Pictures\Koala.jpg' sent to object: 'Object Repository/Final Object Repo/Page_Request SSN - ASSIST/Upload File'

2018-12-07 04:16:25 - [MESSAGE][PASSED] - Keys 'C:\Users\Public\Pictures\Sample Pictures\Koala.jpg' sent to object: 'Object Repository/Final Object Repo/Page_Request SSN - ASSIST/Upload File'

2018-12-07 04:16:25 - [TEST_STEP][PASSED] - click: Object: 'Object Repository/Final Object Repo/Page_Request SSN - ASSIST/Add Document' is clicked on

2018-12-07 04:16:25 - [MESSAGE][PASSED] - Object: 'Object Repository/Final Object Repo/Page_Request SSN - ASSIST/Add Document' is clicked on

2018-12-07 04:16:25 - [TEST_STEP][PASSED] - delay: Delayed 20 second(s)

2018-12-07 04:16:45 - [MESSAGE][PASSED] - Delayed 20 second(s)

2018-12-07 04:16:45 - [TEST_STEP][PASSED] - click: Object: 'Object Repository/Final Object Repo/Page_Request SSN - ASSIST/Save  Continue in Uploading Document Page' is clicked on

2018-12-07 04:16:45 - [MESSAGE][PASSED] - Object: 'Object Repository/Final Object Repo/Page_Request SSN - ASSIST/Save  Continue in Uploading Document Page' is clicked on

2018-12-07 04:16:45 - [TEST_STEP][PASSED] - delay: Delayed 2 second(s)

2018-12-07 04:16:47 - [MESSAGE][PASSED] - Delayed 2 second(s)

2018-12-07 04:16:47 - [TEST_STEP][PASSED] - click: Object: 'Object Repository/Final Object Repo/Page_Request SSN - ASSIST/Submit' is clicked on

2018-12-07 04:16:50 - [MESSAGE][PASSED] - Object: 'Object Repository/Final Object Repo/Page_Request SSN - ASSIST/Submit' is clicked on

2018-12-07 04:16:50 - [TEST_STEP][PASSED] - delay: Delayed 2 second(s)

2018-12-07 04:16:52 - [MESSAGE][PASSED] - Delayed 2 second(s)

2018-12-07 04:16:52 - [TEST_STEP][PASSED] - click: Object: 'Object Repository/Final Object Repo/Page_Request SSN - ASSIST/Confirm' is clicked on

2018-12-07 04:16:52 - [MESSAGE][PASSED] - Object: 'Object Repository/Final Object Repo/Page_Request SSN - ASSIST/Confirm' is clicked on

2018-12-07 04:16:52 - [TEST_STEP][PASSED] - delay: Delayed 2 second(s)

2018-12-07 04:16:54 - [MESSAGE][PASSED] - Delayed 2 second(s)

2018-12-07 04:16:54 - [TEST_STEP][PASSED] - verifyElementVisible: Object 'Object Repository/Final Object Repo/Page_Request SSN - ASSIST/Message This Case will be routed to RIO' is visible

2018-12-07 04:16:59 - [MESSAGE][PASSED] - Object 'Object Repository/Final Object Repo/Page_Request SSN - ASSIST/Message This Case will be routed to RIO' is visible

2018-12-07 04:16:59 - [TEST_STEP][PASSED] - delay: Delayed 2 second(s)

2018-12-07 04:17:01 - [MESSAGE][PASSED] - Delayed 2 second(s)

2018-12-07 04:17:01 - [TEST_STEP][PASSED] - verifyElementVisible: Object 'Object Repository/Final Object Repo/Page_Request SSN - ASSIST/Letter of acknowledgement' is visible

2018-12-07 04:17:01 - [MESSAGE][PASSED] - Object 'Object Repository/Final Object Repo/Page_Request SSN - ASSIST/Letter of acknowledgement' is visible

2018-12-07 04:17:01 - [MESSAGE][PASSED] - Call Test Case 'Test Cases/Final Aug 2018 - PKS Automation/Registration Module/Workflow/Request SSN/Template/Request SSN - PKRBO' successfully

2018-12-07 04:17:01 - [TEST_STEP][PASSED] - callTestCase: Call Test Case 'Test Cases/Final Aug 2018 - PKS Automation/Registration Module/Workflow/Request SSN/Template/Request SSN RIO - RO (Under Enforcement)' successfully

2018-12-07 04:17:01 - [TEST_CASE][PASSED] - Test Cases/Final Aug 2018 - PKS Automation/Registration Module/Workflow/Request SSN/Template/Request SSN RIO - RO (Under Enforcement): Test Cases/Final Aug 2018 - PKS Automation/Registration Module/Workflow/Request SSN/Template/Request SSN RIO - RO (Under Enforcement)

2018-12-07 04:17:01 - [TEST_STEP][NOT_RUN] - callTestCase: NOT_RUN: callTestCase

2018-12-07 04:17:01 - [MESSAGE][NOT_RUN] - NOT_RUN: callTestCase

2018-12-07 04:17:01 - [TEST_STEP][PASSED] - delay: Delayed 2 second(s)

2018-12-07 04:17:03 - [MESSAGE][PASSED] - Delayed 2 second(s)

2018-12-07 04:17:03 - [TEST_STEP][PASSED] - navigateToUrl: Navigate to 'https://assist2-uat.perkeso.gov.my/c/portal/logout' successfully

2018-12-07 04:17:04 - [MESSAGE][PASSED] - Navigate to 'https://assist2-uat.perkeso.gov.my/c/portal/logout' successfully

2018-12-07 04:17:04 - [TEST_STEP][PASSED] - delay: Delayed 2 second(s)

2018-12-07 04:17:06 - [MESSAGE][PASSED] - Delayed 2 second(s)

2018-12-07 04:17:06 - [TEST_STEP][PASSED] - callTestCase: Call Test Case 'Test Cases/Final Aug 2018 - PKS Automation/Common/Reference Number Getter' successfully

2018-12-07 04:17:06 - [TEST_CASE][PASSED] - Test Cases/Final Aug 2018 - PKS Automation/Common/Reference Number Getter: Test Cases/Final Aug 2018 - PKS Automation/Common/Reference Number Getter

2018-12-07 04:17:06 - [TEST_STEP][PASSED] - Statement - Try: null

2018-12-07 04:17:06 - [TEST_STEP][PASSED] - Statement - RefNo = new java.io.File(C://Users//Admin//Desktop//PKS//Automation Reference Point//KatalonReference.txt): null

2018-12-07 04:17:06 - [TEST_STEP][PASSED] - Statement - bufferread = new java.io.BufferedReader(new java.io.FileReader(RefNo)): null

2018-12-07 04:17:06 - [TEST_STEP][PASSED] - Statement - readedVal = bufferread.readLine(): null

2018-12-07 04:17:06 - [TEST_STEP][PASSED] - Statement - out.println(CaseReferenceNo): null

2018-12-07 04:17:06 - [TEST_STEP][PASSED] - Statement - out.println(readedVal): null

2018-12-07 04:17:06 - [TEST_STEP][PASSED] - Statement - CaseReferenceNo = "": null

2018-12-07 04:17:06 - [TEST_STEP][PASSED] - Statement - CaseReferenceNo = readedVal: null

2018-12-07 04:17:06 - [MESSAGE][PASSED] - Call Test Case 'Test Cases/Final Aug 2018 - PKS Automation/Common/Reference Number Getter' successfully

2018-12-07 04:17:06 - [TEST_STEP][PASSED] - callTestCase: Call Test Case 'Test Cases/Final Aug 2018 - PKS Automation/Common/Workflow Owner Finder' successfully

2018-12-07 04:17:06 - [TEST_CASE][PASSED] - Test Cases/Final Aug 2018 - PKS Automation/Common/Workflow Owner Finder: Test Cases/Final Aug 2018 - PKS Automation/Common/Workflow Owner Finder

2018-12-07 04:17:06 - [TEST_STEP][PASSED] - openBrowser: Browser is opened with url: ''

2018-12-07 04:17:06 - [MESSAGE][WARNING] - A browser is already opened. Closing browser and opening a new one

2018-12-07 04:17:10 - [MESSAGE][PASSED] - Browser is opened with url: ''

2018-12-07 04:17:10 - [TEST_STEP][PASSED] - navigateToUrl: Navigate to 'https://assist2-uat.perkeso.gov.my/login' successfully

2018-12-07 04:17:11 - [MESSAGE][PASSED] - Navigate to 'https://assist2-uat.perkeso.gov.my/login' successfully

2018-12-07 04:17:11 - [TEST_STEP][PASSED] - delay: Delayed 5 second(s)

2018-12-07 04:17:16 - [MESSAGE][PASSED] - Delayed 5 second(s)

2018-12-07 04:17:16 - [TEST_STEP][PASSED] - setText: Text 'test@liferay.com' is set on object 'Object Repository/Final Object Repo/Login Page/Internal User/Email Address'

2018-12-07 04:17:16 - [MESSAGE][PASSED] - Text 'test@liferay.com' is set on object 'Object Repository/Final Object Repo/Login Page/Internal User/Email Address'

2018-12-07 04:17:16 - [TEST_STEP][PASSED] - click: Object: 'Object Repository/Final Object Repo/Login Page/Internal User/Next Button' is clicked on

2018-12-07 04:17:16 - [MESSAGE][PASSED] - Object: 'Object Repository/Final Object Repo/Login Page/Internal User/Next Button' is clicked on

2018-12-07 04:17:16 - [TEST_STEP][PASSED] - delay: Delayed 2 second(s)

2018-12-07 04:17:18 - [MESSAGE][PASSED] - Delayed 2 second(s)

2018-12-07 04:17:18 - [TEST_STEP][PASSED] - setText: Text 'test' is set on object 'Object Repository/Final Object Repo/Login Page/Internal User/Password'

2018-12-07 04:17:19 - [MESSAGE][PASSED] - Text 'test' is set on object 'Object Repository/Final Object Repo/Login Page/Internal User/Password'

2018-12-07 04:17:19 - [TEST_STEP][PASSED] - delay: Delayed 2 second(s)

2018-12-07 04:17:21 - [MESSAGE][PASSED] - Delayed 2 second(s)

2018-12-07 04:17:21 - [TEST_STEP][PASSED] - click: Object: 'Object Repository/Final Object Repo/Login Page/Internal User/Login Button' is clicked on

2018-12-07 04:17:21 - [MESSAGE][PASSED] - Object: 'Object Repository/Final Object Repo/Login Page/Internal User/Login Button' is clicked on

2018-12-07 04:17:21 - [TEST_STEP][PASSED] - Statement - tester = com.kms.katalon.core.testobject.ObjectRepository.findTestObject(Final Object Repo/Landing Page/Select to English): Finding Test Object with id 'Object Repository/Final Object Repo/Landing Page/Select to English'

2018-12-07 04:17:21 - [TEST_STEP][PASSED] - Statement - Try: Delayed 2 second(s)

2018-12-07 04:17:21 - [TEST_STEP][PASSED] - Statement - Checker = com.kms.katalon.core.webui.keyword.WebUiBuiltInKeywords.verifyElementNotPresent(tester, 3): Web element with id: 'Object Repository/Final Object Repo/Landing Page/Select to English' located by 'By.xpath: //a[@class = 'taglib-language-list-text' and @lang = 'en-US' and (contains(text(), 'EN') or contains(., 'EN'))]' is not present after '3' second(s)

2018-12-07 04:17:23 - [MESSAGE][PASSED] - Web element with id: 'Object Repository/Final Object Repo/Landing Page/Select to English' located by 'By.xpath: //a[@class = 'taglib-language-list-text' and @lang = 'en-US' and (contains(text(), 'EN') or contains(., 'EN'))]' is not present after '3' second(s)

2018-12-07 04:17:23 - [TEST_STEP][PASSED] - Statement - If (Checker == false): null

2018-12-07 04:17:23 - [TEST_STEP][PASSED] - delay: Delayed 2 second(s)

2018-12-07 04:17:25 - [MESSAGE][PASSED] - Delayed 2 second(s)

2018-12-07 04:17:25 - [TEST_STEP][PASSED] - delay: Delayed 5 second(s)

2018-12-07 04:17:30 - [MESSAGE][PASSED] - Delayed 5 second(s)

2018-12-07 04:17:30 - [TEST_STEP][PASSED] - mouseOver: Object: 'Object Repository/Final Object Repo/Landing Page/WorkFlow Menu' is hovered

2018-12-07 04:17:30 - [MESSAGE][PASSED] - Object: 'Object Repository/Final Object Repo/Landing Page/WorkFlow Menu' is hovered

2018-12-07 04:17:30 - [TEST_STEP][PASSED] - delay: Delayed 2 second(s)

2018-12-07 04:17:32 - [MESSAGE][PASSED] - Delayed 2 second(s)

2018-12-07 04:17:32 - [TEST_STEP][PASSED] - click: Object: 'Object Repository/Final Object Repo/Landing Page/Select to Workflow Listing' is clicked on

2018-12-07 04:17:33 - [MESSAGE][PASSED] - Object: 'Object Repository/Final Object Repo/Landing Page/Select to Workflow Listing' is clicked on

2018-12-07 04:17:33 - [TEST_STEP][PASSED] - delay: Delayed 2 second(s)

2018-12-07 04:17:35 - [MESSAGE][PASSED] - Delayed 2 second(s)

2018-12-07 04:17:35 - [TEST_STEP][PASSED] - click: Object: 'Object Repository/Final Object Repo/WorkFlow Listing Page/Search Information - To Put Ref No' is clicked on

2018-12-07 04:17:35 - [MESSAGE][PASSED] - Object: 'Object Repository/Final Object Repo/WorkFlow Listing Page/Search Information - To Put Ref No' is clicked on

2018-12-07 04:17:35 - [TEST_STEP][PASSED] - delay: Delayed 2 second(s)

2018-12-07 04:17:37 - [MESSAGE][PASSED] - Delayed 2 second(s)

2018-12-07 04:17:37 - [TEST_STEP][PASSED] - callTestCase: Call Test Case 'Test Cases/Final Aug 2018 - PKS Automation/Common/Reference Number Getter' successfully

2018-12-07 04:17:37 - [TEST_CASE][PASSED] - Test Cases/Final Aug 2018 - PKS Automation/Common/Reference Number Getter: Test Cases/Final Aug 2018 - PKS Automation/Common/Reference Number Getter

2018-12-07 04:17:37 - [TEST_STEP][PASSED] - Statement - Try: null

2018-12-07 04:17:37 - [TEST_STEP][PASSED] - Statement - RefNo = new java.io.File(C://Users//Admin//Desktop//PKS//Automation Reference Point//KatalonReference.txt): null

2018-12-07 04:17:37 - [TEST_STEP][PASSED] - Statement - bufferread = new java.io.BufferedReader(new java.io.FileReader(RefNo)): null

2018-12-07 04:17:37 - [TEST_STEP][PASSED] - Statement - readedVal = bufferread.readLine(): null

2018-12-07 04:17:37 - [TEST_STEP][PASSED] - Statement - out.println(CaseReferenceNo): null

2018-12-07 04:17:37 - [TEST_STEP][PASSED] - Statement - out.println(readedVal): null

2018-12-07 04:17:37 - [TEST_STEP][PASSED] - Statement - CaseReferenceNo = "": null

2018-12-07 04:17:37 - [TEST_STEP][PASSED] - Statement - CaseReferenceNo = readedVal: null

2018-12-07 04:17:37 - [MESSAGE][PASSED] - Call Test Case 'Test Cases/Final Aug 2018 - PKS Automation/Common/Reference Number Getter' successfully

2018-12-07 04:17:37 - [TEST_STEP][PASSED] - setText: Text 'SSN12201800001186' is set on object 'Object Repository/Final Object Repo/WorkFlow Listing Page/Ref No Set Text'

2018-12-07 04:17:38 - [MESSAGE][PASSED] - Text 'SSN12201800001186' is set on object 'Object Repository/Final Object Repo/WorkFlow Listing Page/Ref No Set Text'

2018-12-07 04:17:38 - [TEST_STEP][PASSED] - delay: Delayed 2 second(s)

2018-12-07 04:17:40 - [MESSAGE][PASSED] - Delayed 2 second(s)

2018-12-07 04:17:40 - [TEST_STEP][PASSED] - click: Object: 'Object Repository/Final Object Repo/WorkFlow Listing Page/Search Ref No Search Button' is clicked on

2018-12-07 04:17:40 - [MESSAGE][PASSED] - Object: 'Object Repository/Final Object Repo/WorkFlow Listing Page/Search Ref No Search Button' is clicked on

2018-12-07 04:17:40 - [TEST_STEP][PASSED] - delay: Delayed 6 second(s)

2018-12-07 04:17:46 - [MESSAGE][PASSED] - Delayed 6 second(s)

2018-12-07 04:17:46 - [TEST_STEP][PASSED] - click: Object: 'Object Repository/Final Object Repo/WorkFlow Listing Page/Click Continue Tooltip' is clicked on

2018-12-07 04:17:47 - [MESSAGE][PASSED] - Object: 'Object Repository/Final Object Repo/WorkFlow Listing Page/Click Continue Tooltip' is clicked on

2018-12-07 04:17:47 - [TEST_STEP][PASSED] - delay: Delayed 5 second(s)

2018-12-07 04:17:52 - [MESSAGE][PASSED] - Delayed 5 second(s)

2018-12-07 04:17:52 - [TEST_STEP][PASSED] - doubleClick: Object: 'Object Repository/Final Object Repo/WorkFlow Listing Page/Workflow Found - Listing 1' is double clicked on

2018-12-07 04:17:52 - [MESSAGE][PASSED] - Object: 'Object Repository/Final Object Repo/WorkFlow Listing Page/Workflow Found - Listing 1' is double clicked on

2018-12-07 04:17:52 - [TEST_STEP][PASSED] - Statement - println(OwnerID): null

2018-12-07 04:17:52 - [TEST_STEP][PASSED] - Statement - OwnerID = com.kms.katalon.core.webui.keyword.WebUiBuiltInKeywords.getText(com.kms.katalon.core.testobject.ObjectRepository.findTestObject(Final Object Repo/WorkFlow Listing Page/Workflow Found - Listing 1), STOP_ON_FAILURE): Text of object 'Object Repository/Final Object Repo/WorkFlow Listing Page/Workflow Found - Listing 1' is: 'JOHORrio3'

2018-12-07 04:17:52 - [MESSAGE][PASSED] - Text of object 'Object Repository/Final Object Repo/WorkFlow Listing Page/Workflow Found - Listing 1' is: 'JOHORrio3'

2018-12-07 04:17:52 - [TEST_STEP][PASSED] - Statement - OwnerID = OwnerID.toLowerCase() + "@gmail.com": null

2018-12-07 04:17:52 - [TEST_STEP][PASSED] - Statement - println(OwnerID): null

2018-12-07 04:17:52 - [TEST_STEP][PASSED] - delay: Delayed 2 second(s)

2018-12-07 04:17:54 - [MESSAGE][PASSED] - Delayed 2 second(s)

2018-12-07 04:17:54 - [MESSAGE][PASSED] - Call Test Case 'Test Cases/Final Aug 2018 - PKS Automation/Common/Workflow Owner Finder' successfully

2018-12-07 04:17:54 - [TEST_STEP][PASSED] - delay: Delayed 2 second(s)

2018-12-07 04:17:56 - [MESSAGE][PASSED] - Delayed 2 second(s)

2018-12-07 04:17:56 - [TEST_STEP][PASSED] - navigateToUrl: Navigate to 'https://assist2-uat.perkeso.gov.my/c/portal/logout' successfully

2018-12-07 04:17:57 - [MESSAGE][PASSED] - Navigate to 'https://assist2-uat.perkeso.gov.my/c/portal/logout' successfully

2018-12-07 04:17:57 - [TEST_STEP][PASSED] - delay: Delayed 2 second(s)

2018-12-07 04:17:59 - [MESSAGE][PASSED] - Delayed 2 second(s)

2018-12-07 04:17:59 - [TEST_STEP][PASSED] - callTestCase: Call Test Case 'Test Cases/Final Aug 2018 - PKS Automation/Registration Module/Workflow/Login and Search Case For Workflow' successfully

2018-12-07 04:17:59 - [TEST_CASE][PASSED] - Test Cases/Final Aug 2018 - PKS Automation/Registration Module/Workflow/Login and Search Case For Workflow: Test Cases/Final Aug 2018 - PKS Automation/Registration Module/Workflow/Login and Search Case For Workflow

2018-12-07 04:17:59 - [TEST_STEP][PASSED] - navigateToUrl: Navigate to 'https://assist2-uat.perkeso.gov.my/login' successfully

2018-12-07 04:18:00 - [MESSAGE][PASSED] - Navigate to 'https://assist2-uat.perkeso.gov.my/login' successfully

2018-12-07 04:18:00 - [TEST_STEP][PASSED] - setText: Text 'johorrio3@gmail.com' is set on object 'Object Repository/Final Object Repo/Login Page/Internal User/Email Address'

2018-12-07 04:18:00 - [MESSAGE][PASSED] - Text 'johorrio3@gmail.com' is set on object 'Object Repository/Final Object Repo/Login Page/Internal User/Email Address'

2018-12-07 04:18:00 - [TEST_STEP][PASSED] - click: Object: 'Object Repository/Final Object Repo/Login Page/Internal User/Next Button' is clicked on

2018-12-07 04:18:00 - [MESSAGE][PASSED] - Object: 'Object Repository/Final Object Repo/Login Page/Internal User/Next Button' is clicked on

2018-12-07 04:18:00 - [TEST_STEP][PASSED] - delay: Delayed 1 second(s)

2018-12-07 04:18:01 - [MESSAGE][PASSED] - Delayed 1 second(s)

2018-12-07 04:18:01 - [TEST_STEP][PASSED] - setEncryptedText: Text ****** has been set on object 'Object Repository/Final Object Repo/Login Page/Internal User/Password'

2018-12-07 04:18:01 - [MESSAGE][PASSED] - Text ****** has been set on object 'Object Repository/Final Object Repo/Login Page/Internal User/Password'

2018-12-07 04:18:01 - [TEST_STEP][PASSED] - click: Object: 'Object Repository/Final Object Repo/Login Page/Internal User/Login Button' is clicked on

2018-12-07 04:18:02 - [MESSAGE][PASSED] - Object: 'Object Repository/Final Object Repo/Login Page/Internal User/Login Button' is clicked on

2018-12-07 04:18:02 - [TEST_STEP][PASSED] - delay: Delayed 2 second(s)

2018-12-07 04:18:04 - [MESSAGE][PASSED] - Delayed 2 second(s)

2018-12-07 04:18:04 - [TEST_STEP][PASSED] - Statement - Try: Delayed 2 second(s)

2018-12-07 04:18:04 - [TEST_STEP][PASSED] - Statement - Checker = false: null

2018-12-07 04:18:04 - [TEST_STEP][PASSED] - Statement - Checker = com.kms.katalon.core.webui.keyword.WebUiBuiltInKeywords.verifyElementHasAttribute(com.kms.katalon.core.testobject.ObjectRepository.findTestObject(Final Object Repo/Landing Page/BM Detecting), "href", 20, OPTIONAL): Object 'Object Repository/Final Object Repo/Landing Page/BM Detecting' has attribute 'href'

2018-12-07 04:18:04 - [MESSAGE][PASSED] - Object 'Object Repository/Final Object Repo/Landing Page/BM Detecting' has attribute 'href'

2018-12-07 04:18:04 - [TEST_STEP][PASSED] - Statement - out.println(Checker): null

2018-12-07 04:18:04 - [TEST_STEP][PASSED] - Statement - If (Checker == false): null

2018-12-07 04:18:04 - [TEST_STEP][PASSED] - Statement - Else: null

2018-12-07 04:18:04 - [TEST_STEP][PASSED] - delay: Delayed 2 second(s)

2018-12-07 04:18:06 - [MESSAGE][PASSED] - Delayed 2 second(s)

2018-12-07 04:18:06 - [TEST_STEP][PASSED] - click: Object: 'Object Repository/Final Object Repo/Page_MyASSIST - ASSIST - Search Pending Case For Add Supporting Document/Search Information' is clicked on

2018-12-07 04:18:06 - [MESSAGE][PASSED] - Object: 'Object Repository/Final Object Repo/Page_MyASSIST - ASSIST - Search Pending Case For Add Supporting Document/Search Information' is clicked on

2018-12-07 04:18:06 - [TEST_STEP][PASSED] - delay: Delayed 3 second(s)

2018-12-07 04:18:09 - [MESSAGE][PASSED] - Delayed 3 second(s)

2018-12-07 04:18:09 - [TEST_STEP][PASSED] - sendKeys: Keys 'SSN12201800001186' sent to object: 'Object Repository/Final Object Repo/Page_MyASSIST - ASSIST - Search Pending Case For Add Supporting Document/Reference No'

2018-12-07 04:18:09 - [MESSAGE][PASSED] - Keys 'SSN12201800001186' sent to object: 'Object Repository/Final Object Repo/Page_MyASSIST - ASSIST - Search Pending Case For Add Supporting Document/Reference No'

2018-12-07 04:18:09 - [TEST_STEP][PASSED] - click: Object: 'Object Repository/Final Object Repo/Page_MyASSIST - ASSIST - Search Pending Case For Add Supporting Document/Search Reference No' is clicked on

2018-12-07 04:18:09 - [MESSAGE][PASSED] - Object: 'Object Repository/Final Object Repo/Page_MyASSIST - ASSIST - Search Pending Case For Add Supporting Document/Search Reference No' is clicked on

2018-12-07 04:18:09 - [TEST_STEP][PASSED] - delay: Delayed 2 second(s)

2018-12-07 04:18:11 - [MESSAGE][PASSED] - Delayed 2 second(s)

2018-12-07 04:18:11 - [TEST_STEP][PASSED] - click: Object: 'Object Repository/Final Object Repo/Page_MyASSIST - ASSIST - Search Pending Case For Add Supporting Document/Continue' is clicked on

2018-12-07 04:18:19 - [MESSAGE][PASSED] - Object: 'Object Repository/Final Object Repo/Page_MyASSIST - ASSIST - Search Pending Case For Add Supporting Document/Continue' is clicked on

2018-12-07 04:18:19 - [TEST_STEP][PASSED] - delay: Delayed 20 second(s)

2018-12-07 04:18:39 - [MESSAGE][PASSED] - Delayed 20 second(s)

2018-12-07 04:18:39 - [MESSAGE][PASSED] - Call Test Case 'Test Cases/Final Aug 2018 - PKS Automation/Registration Module/Workflow/Login and Search Case For Workflow' successfully

2018-12-07 04:18:39 - [TEST_STEP][PASSED] - callTestCase: Call Test Case 'Test Cases/Final Aug 2018 - PKS Automation/Registration Module/Workflow/Request SSN/Template/Request SSN - RIO' successfully

2018-12-07 04:18:39 - [TEST_CASE][PASSED] - Test Cases/Final Aug 2018 - PKS Automation/Registration Module/Workflow/Request SSN/Template/Request SSN - RIO: Test Cases/Final Aug 2018 - PKS Automation/Registration Module/Workflow/Request SSN/Template/Request SSN - RIO

2018-12-07 04:18:39 - [TEST_STEP][NOT_RUN] - openBrowser: NOT_RUN: openBrowser

2018-12-07 04:18:39 - [MESSAGE][NOT_RUN] - NOT_RUN: openBrowser

2018-12-07 04:18:39 - [TEST_STEP][NOT_RUN] - navigateToUrl: NOT_RUN: navigateToUrl

2018-12-07 04:18:39 - [MESSAGE][NOT_RUN] - NOT_RUN: navigateToUrl

2018-12-07 04:18:39 - [TEST_STEP][NOT_RUN] - setText: NOT_RUN: setText

2018-12-07 04:18:39 - [MESSAGE][NOT_RUN] - NOT_RUN: setText

2018-12-07 04:18:39 - [TEST_STEP][NOT_RUN] - click: NOT_RUN: click

2018-12-07 04:18:39 - [MESSAGE][NOT_RUN] - NOT_RUN: click

2018-12-07 04:18:39 - [TEST_STEP][NOT_RUN] - delay: NOT_RUN: delay

2018-12-07 04:18:39 - [MESSAGE][NOT_RUN] - NOT_RUN: delay

2018-12-07 04:18:39 - [TEST_STEP][NOT_RUN] - setEncryptedText: NOT_RUN: setEncryptedText

2018-12-07 04:18:39 - [MESSAGE][NOT_RUN] - NOT_RUN: setEncryptedText

2018-12-07 04:18:39 - [TEST_STEP][NOT_RUN] - click: NOT_RUN: click

2018-12-07 04:18:39 - [MESSAGE][NOT_RUN] - NOT_RUN: click

2018-12-07 04:18:39 - [TEST_STEP][NOT_RUN] - delay: NOT_RUN: delay

2018-12-07 04:18:39 - [MESSAGE][NOT_RUN] - NOT_RUN: delay

2018-12-07 04:18:39 - [TEST_STEP][NOT_RUN] - click: NOT_RUN: click

2018-12-07 04:18:39 - [MESSAGE][NOT_RUN] - NOT_RUN: click

2018-12-07 04:18:39 - [TEST_STEP][NOT_RUN] - sendKeys: NOT_RUN: sendKeys

2018-12-07 04:18:39 - [MESSAGE][NOT_RUN] - NOT_RUN: sendKeys

2018-12-07 04:18:39 - [TEST_STEP][NOT_RUN] - click: NOT_RUN: click

2018-12-07 04:18:39 - [MESSAGE][NOT_RUN] - NOT_RUN: click

2018-12-07 04:18:39 - [TEST_STEP][NOT_RUN] - delay: NOT_RUN: delay

2018-12-07 04:18:39 - [MESSAGE][NOT_RUN] - NOT_RUN: delay

2018-12-07 04:18:39 - [TEST_STEP][NOT_RUN] - click: NOT_RUN: click

2018-12-07 04:18:39 - [MESSAGE][NOT_RUN] - NOT_RUN: click

2018-12-07 04:18:39 - [TEST_STEP][PASSED] - delay: Delayed 2 second(s)

2018-12-07 04:18:41 - [MESSAGE][PASSED] - Delayed 2 second(s)

2018-12-07 04:18:41 - [TEST_STEP][PASSED] - click: Object: 'Object Repository/Final Object Repo/Page_Request SSN - ASSIST/Page_Request SSN - ASSIST - RIO/Recommend For SSN' is clicked on

2018-12-07 04:18:41 - [MESSAGE][PASSED] - Object: 'Object Repository/Final Object Repo/Page_Request SSN - ASSIST/Page_Request SSN - ASSIST - RIO/Recommend For SSN' is clicked on

2018-12-07 04:18:41 - [TEST_STEP][PASSED] - click: Object: 'Object Repository/Final Object Repo/Page_Request SSN - ASSIST/Page_Request SSN - ASSIST - RIO/Recommend For SSN  - Yes' is clicked on

2018-12-07 04:18:41 - [MESSAGE][PASSED] - Object: 'Object Repository/Final Object Repo/Page_Request SSN - ASSIST/Page_Request SSN - ASSIST - RIO/Recommend For SSN  - Yes' is clicked on

2018-12-07 04:18:41 - [TEST_STEP][PASSED] - delay: Delayed 2 second(s)

2018-12-07 04:18:43 - [MESSAGE][PASSED] - Delayed 2 second(s)

2018-12-07 04:18:43 - [TEST_STEP][PASSED] - click: Object: 'Object Repository/Final Object Repo/Page_Request SSN - ASSIST/Page_Request SSN - ASSIST - RIO/Save  Continue in SSN page' is clicked on

2018-12-07 04:18:43 - [MESSAGE][PASSED] - Object: 'Object Repository/Final Object Repo/Page_Request SSN - ASSIST/Page_Request SSN - ASSIST - RIO/Save  Continue in SSN page' is clicked on

2018-12-07 04:18:43 - [TEST_STEP][PASSED] - delay: Delayed 2 second(s)

2018-12-07 04:18:45 - [MESSAGE][PASSED] - Delayed 2 second(s)

2018-12-07 04:18:45 - [TEST_STEP][PASSED] - click: Object: 'Object Repository/Final Object Repo/Page_Request SSN - ASSIST/Page_Request SSN - ASSIST - RIO/Save  Continue in Upload Document Page' is clicked on

2018-12-07 04:18:48 - [MESSAGE][PASSED] - Object: 'Object Repository/Final Object Repo/Page_Request SSN - ASSIST/Page_Request SSN - ASSIST - RIO/Save  Continue in Upload Document Page' is clicked on

2018-12-07 04:18:48 - [TEST_STEP][PASSED] - delay: Delayed 2 second(s)

2018-12-07 04:18:50 - [MESSAGE][PASSED] - Delayed 2 second(s)

2018-12-07 04:18:50 - [TEST_STEP][PASSED] - click: Object: 'Object Repository/Final Object Repo/Page_Request SSN - ASSIST/Page_Request SSN - ASSIST - RIO/Submit' is clicked on

2018-12-07 04:18:52 - [MESSAGE][PASSED] - Object: 'Object Repository/Final Object Repo/Page_Request SSN - ASSIST/Page_Request SSN - ASSIST - RIO/Submit' is clicked on

2018-12-07 04:18:52 - [TEST_STEP][PASSED] - delay: Delayed 2 second(s)

2018-12-07 04:18:54 - [MESSAGE][PASSED] - Delayed 2 second(s)

2018-12-07 04:18:54 - [TEST_STEP][PASSED] - click: Object: 'Object Repository/Final Object Repo/Page_Request SSN - ASSIST/Page_Request SSN - ASSIST - RIO/Confirm' is clicked on

2018-12-07 04:18:55 - [MESSAGE][PASSED] - Object: 'Object Repository/Final Object Repo/Page_Request SSN - ASSIST/Page_Request SSN - ASSIST - RIO/Confirm' is clicked on

2018-12-07 04:18:55 - [MESSAGE][PASSED] - Call Test Case 'Test Cases/Final Aug 2018 - PKS Automation/Registration Module/Workflow/Request SSN/Template/Request SSN - RIO' successfully

2018-12-07 04:18:55 - [TEST_STEP][PASSED] - delay: Delayed 2 second(s)

2018-12-07 04:18:57 - [MESSAGE][PASSED] - Delayed 2 second(s)

2018-12-07 04:18:57 - [TEST_STEP][PASSED] - navigateToUrl: Navigate to 'https://assist2-uat.perkeso.gov.my/c/portal/logout' successfully

2018-12-07 04:19:01 - [MESSAGE][PASSED] - Navigate to 'https://assist2-uat.perkeso.gov.my/c/portal/logout' successfully

2018-12-07 04:19:01 - [TEST_STEP][PASSED] - delay: Delayed 2 second(s)

2018-12-07 04:19:03 - [MESSAGE][PASSED] - Delayed 2 second(s)

2018-12-07 04:19:03 - [TEST_STEP][PASSED] - callTestCase: Call Test Case 'Test Cases/Final Aug 2018 - PKS Automation/Common/Workflow Owner Finder' successfully

2018-12-07 04:19:03 - [TEST_CASE][PASSED] - Test Cases/Final Aug 2018 - PKS Automation/Common/Workflow Owner Finder: Test Cases/Final Aug 2018 - PKS Automation/Common/Workflow Owner Finder

2018-12-07 04:19:03 - [TEST_STEP][PASSED] - openBrowser: Browser is opened with url: ''

2018-12-07 04:19:03 - [MESSAGE][WARNING] - A browser is already opened. Closing browser and opening a new one

2018-12-07 04:19:07 - [MESSAGE][PASSED] - Browser is opened with url: ''

2018-12-07 04:19:07 - [TEST_STEP][PASSED] - navigateToUrl: Navigate to 'https://assist2-uat.perkeso.gov.my/login' successfully

2018-12-07 04:19:08 - [MESSAGE][PASSED] - Navigate to 'https://assist2-uat.perkeso.gov.my/login' successfully

2018-12-07 04:19:08 - [TEST_STEP][PASSED] - delay: Delayed 5 second(s)

2018-12-07 04:19:13 - [MESSAGE][PASSED] - Delayed 5 second(s)

2018-12-07 04:19:13 - [TEST_STEP][PASSED] - setText: Text 'test@liferay.com' is set on object 'Object Repository/Final Object Repo/Login Page/Internal User/Email Address'

2018-12-07 04:19:14 - [MESSAGE][PASSED] - Text 'test@liferay.com' is set on object 'Object Repository/Final Object Repo/Login Page/Internal User/Email Address'

2018-12-07 04:19:14 - [TEST_STEP][PASSED] - click: Object: 'Object Repository/Final Object Repo/Login Page/Internal User/Next Button' is clicked on

2018-12-07 04:19:14 - [MESSAGE][PASSED] - Object: 'Object Repository/Final Object Repo/Login Page/Internal User/Next Button' is clicked on

2018-12-07 04:19:14 - [TEST_STEP][PASSED] - delay: Delayed 2 second(s)

2018-12-07 04:19:16 - [MESSAGE][PASSED] - Delayed 2 second(s)

2018-12-07 04:19:16 - [TEST_STEP][PASSED] - setText: Text 'test' is set on object 'Object Repository/Final Object Repo/Login Page/Internal User/Password'

2018-12-07 04:19:16 - [MESSAGE][PASSED] - Text 'test' is set on object 'Object Repository/Final Object Repo/Login Page/Internal User/Password'

2018-12-07 04:19:16 - [TEST_STEP][PASSED] - delay: Delayed 2 second(s)

2018-12-07 04:19:18 - [MESSAGE][PASSED] - Delayed 2 second(s)

2018-12-07 04:19:18 - [TEST_STEP][PASSED] - click: Object: 'Object Repository/Final Object Repo/Login Page/Internal User/Login Button' is clicked on

2018-12-07 04:19:18 - [MESSAGE][PASSED] - Object: 'Object Repository/Final Object Repo/Login Page/Internal User/Login Button' is clicked on

2018-12-07 04:19:18 - [TEST_STEP][PASSED] - Statement - tester = com.kms.katalon.core.testobject.ObjectRepository.findTestObject(Final Object Repo/Landing Page/Select to English): Finding Test Object with id 'Object Repository/Final Object Repo/Landing Page/Select to English'

2018-12-07 04:19:18 - [TEST_STEP][PASSED] - Statement - Try: Delayed 2 second(s)

2018-12-07 04:19:18 - [TEST_STEP][PASSED] - Statement - Checker = com.kms.katalon.core.webui.keyword.WebUiBuiltInKeywords.verifyElementNotPresent(tester, 3): Web element with id: 'Object Repository/Final Object Repo/Landing Page/Select to English' located by 'By.xpath: //a[@class = 'taglib-language-list-text' and @lang = 'en-US' and (contains(text(), 'EN') or contains(., 'EN'))]' is not present after '3' second(s)

2018-12-07 04:19:20 - [MESSAGE][PASSED] - Web element with id: 'Object Repository/Final Object Repo/Landing Page/Select to English' located by 'By.xpath: //a[@class = 'taglib-language-list-text' and @lang = 'en-US' and (contains(text(), 'EN') or contains(., 'EN'))]' is not present after '3' second(s)

2018-12-07 04:19:20 - [TEST_STEP][PASSED] - Statement - If (Checker == false): null

2018-12-07 04:19:20 - [TEST_STEP][PASSED] - delay: Delayed 2 second(s)

2018-12-07 04:19:22 - [MESSAGE][PASSED] - Delayed 2 second(s)

2018-12-07 04:19:22 - [TEST_STEP][PASSED] - delay: Delayed 5 second(s)

2018-12-07 04:19:27 - [MESSAGE][PASSED] - Delayed 5 second(s)

2018-12-07 04:19:27 - [TEST_STEP][PASSED] - mouseOver: Object: 'Object Repository/Final Object Repo/Landing Page/WorkFlow Menu' is hovered

2018-12-07 04:19:27 - [MESSAGE][PASSED] - Object: 'Object Repository/Final Object Repo/Landing Page/WorkFlow Menu' is hovered

2018-12-07 04:19:27 - [TEST_STEP][PASSED] - delay: Delayed 2 second(s)

2018-12-07 04:19:29 - [MESSAGE][PASSED] - Delayed 2 second(s)

2018-12-07 04:19:29 - [TEST_STEP][PASSED] - click: Object: 'Object Repository/Final Object Repo/Landing Page/Select to Workflow Listing' is clicked on

2018-12-07 04:19:30 - [MESSAGE][PASSED] - Object: 'Object Repository/Final Object Repo/Landing Page/Select to Workflow Listing' is clicked on

2018-12-07 04:19:30 - [TEST_STEP][PASSED] - delay: Delayed 2 second(s)

2018-12-07 04:19:32 - [MESSAGE][PASSED] - Delayed 2 second(s)

2018-12-07 04:19:32 - [TEST_STEP][PASSED] - click: Object: 'Object Repository/Final Object Repo/WorkFlow Listing Page/Search Information - To Put Ref No' is clicked on

2018-12-07 04:19:32 - [MESSAGE][PASSED] - Object: 'Object Repository/Final Object Repo/WorkFlow Listing Page/Search Information - To Put Ref No' is clicked on

2018-12-07 04:19:32 - [TEST_STEP][PASSED] - delay: Delayed 2 second(s)

2018-12-07 04:19:34 - [MESSAGE][PASSED] - Delayed 2 second(s)

2018-12-07 04:19:34 - [TEST_STEP][PASSED] - callTestCase: Call Test Case 'Test Cases/Final Aug 2018 - PKS Automation/Common/Reference Number Getter' successfully

2018-12-07 04:19:34 - [TEST_CASE][PASSED] - Test Cases/Final Aug 2018 - PKS Automation/Common/Reference Number Getter: Test Cases/Final Aug 2018 - PKS Automation/Common/Reference Number Getter

2018-12-07 04:19:34 - [TEST_STEP][PASSED] - Statement - Try: null

2018-12-07 04:19:34 - [TEST_STEP][PASSED] - Statement - RefNo = new java.io.File(C://Users//Admin//Desktop//PKS//Automation Reference Point//KatalonReference.txt): null

2018-12-07 04:19:34 - [TEST_STEP][PASSED] - Statement - bufferread = new java.io.BufferedReader(new java.io.FileReader(RefNo)): null

2018-12-07 04:19:34 - [TEST_STEP][PASSED] - Statement - readedVal = bufferread.readLine(): null

2018-12-07 04:19:34 - [TEST_STEP][PASSED] - Statement - out.println(CaseReferenceNo): null

2018-12-07 04:19:34 - [TEST_STEP][PASSED] - Statement - out.println(readedVal): null

2018-12-07 04:19:34 - [TEST_STEP][PASSED] - Statement - CaseReferenceNo = "": null

2018-12-07 04:19:34 - [TEST_STEP][PASSED] - Statement - CaseReferenceNo = readedVal: null

2018-12-07 04:19:34 - [MESSAGE][PASSED] - Call Test Case 'Test Cases/Final Aug 2018 - PKS Automation/Common/Reference Number Getter' successfully

2018-12-07 04:19:34 - [TEST_STEP][PASSED] - setText: Text 'SSN12201800001186' is set on object 'Object Repository/Final Object Repo/WorkFlow Listing Page/Ref No Set Text'

2018-12-07 04:19:35 - [MESSAGE][PASSED] - Text 'SSN12201800001186' is set on object 'Object Repository/Final Object Repo/WorkFlow Listing Page/Ref No Set Text'

2018-12-07 04:19:35 - [TEST_STEP][PASSED] - delay: Delayed 2 second(s)

2018-12-07 04:19:37 - [MESSAGE][PASSED] - Delayed 2 second(s)

2018-12-07 04:19:37 - [TEST_STEP][PASSED] - click: Object: 'Object Repository/Final Object Repo/WorkFlow Listing Page/Search Ref No Search Button' is clicked on

2018-12-07 04:19:37 - [MESSAGE][PASSED] - Object: 'Object Repository/Final Object Repo/WorkFlow Listing Page/Search Ref No Search Button' is clicked on

2018-12-07 04:19:37 - [TEST_STEP][PASSED] - delay: Delayed 6 second(s)

2018-12-07 04:19:43 - [MESSAGE][PASSED] - Delayed 6 second(s)

2018-12-07 04:19:43 - [TEST_STEP][PASSED] - click: Object: 'Object Repository/Final Object Repo/WorkFlow Listing Page/Click Continue Tooltip' is clicked on

2018-12-07 04:19:44 - [MESSAGE][PASSED] - Object: 'Object Repository/Final Object Repo/WorkFlow Listing Page/Click Continue Tooltip' is clicked on

2018-12-07 04:19:44 - [TEST_STEP][PASSED] - delay: Delayed 5 second(s)

2018-12-07 04:19:49 - [MESSAGE][PASSED] - Delayed 5 second(s)

2018-12-07 04:19:49 - [TEST_STEP][PASSED] - doubleClick: Object: 'Object Repository/Final Object Repo/WorkFlow Listing Page/Workflow Found - Listing 1' is double clicked on

2018-12-07 04:19:49 - [MESSAGE][PASSED] - Object: 'Object Repository/Final Object Repo/WorkFlow Listing Page/Workflow Found - Listing 1' is double clicked on

2018-12-07 04:19:49 - [TEST_STEP][PASSED] - Statement - println(OwnerID): null

2018-12-07 04:19:49 - [TEST_STEP][PASSED] - Statement - OwnerID = com.kms.katalon.core.webui.keyword.WebUiBuiltInKeywords.getText(com.kms.katalon.core.testobject.ObjectRepository.findTestObject(Final Object Repo/WorkFlow Listing Page/Workflow Found - Listing 1), STOP_ON_FAILURE): Text of object 'Object Repository/Final Object Repo/WorkFlow Listing Page/Workflow Found - Listing 1' is: 'JOHORro3'

2018-12-07 04:19:49 - [MESSAGE][PASSED] - Text of object 'Object Repository/Final Object Repo/WorkFlow Listing Page/Workflow Found - Listing 1' is: 'JOHORro3'

2018-12-07 04:19:49 - [TEST_STEP][PASSED] - Statement - OwnerID = OwnerID.toLowerCase() + "@gmail.com": null

2018-12-07 04:19:49 - [TEST_STEP][PASSED] - Statement - println(OwnerID): null

2018-12-07 04:19:49 - [TEST_STEP][PASSED] - delay: Delayed 2 second(s)

2018-12-07 04:19:51 - [MESSAGE][PASSED] - Delayed 2 second(s)

2018-12-07 04:19:51 - [MESSAGE][PASSED] - Call Test Case 'Test Cases/Final Aug 2018 - PKS Automation/Common/Workflow Owner Finder' successfully

2018-12-07 04:19:51 - [TEST_STEP][PASSED] - delay: Delayed 2 second(s)

2018-12-07 04:19:53 - [MESSAGE][PASSED] - Delayed 2 second(s)

2018-12-07 04:19:53 - [TEST_STEP][PASSED] - navigateToUrl: Navigate to 'https://assist2-uat.perkeso.gov.my/c/portal/logout' successfully

2018-12-07 04:19:54 - [MESSAGE][PASSED] - Navigate to 'https://assist2-uat.perkeso.gov.my/c/portal/logout' successfully

2018-12-07 04:19:54 - [TEST_STEP][PASSED] - delay: Delayed 2 second(s)

2018-12-07 04:19:56 - [MESSAGE][PASSED] - Delayed 2 second(s)

2018-12-07 04:19:56 - [TEST_STEP][PASSED] - callTestCase: Call Test Case 'Test Cases/Final Aug 2018 - PKS Automation/Registration Module/Workflow/Login and Search Case For Workflow' successfully

2018-12-07 04:19:56 - [TEST_CASE][PASSED] - Test Cases/Final Aug 2018 - PKS Automation/Registration Module/Workflow/Login and Search Case For Workflow: Test Cases/Final Aug 2018 - PKS Automation/Registration Module/Workflow/Login and Search Case For Workflow

2018-12-07 04:19:56 - [TEST_STEP][PASSED] - navigateToUrl: Navigate to 'https://assist2-uat.perkeso.gov.my/login' successfully

2018-12-07 04:19:57 - [MESSAGE][PASSED] - Navigate to 'https://assist2-uat.perkeso.gov.my/login' successfully

2018-12-07 04:19:57 - [TEST_STEP][PASSED] - setText: Text 'johorro3@gmail.com' is set on object 'Object Repository/Final Object Repo/Login Page/Internal User/Email Address'

2018-12-07 04:19:57 - [MESSAGE][PASSED] - Text 'johorro3@gmail.com' is set on object 'Object Repository/Final Object Repo/Login Page/Internal User/Email Address'

2018-12-07 04:19:57 - [TEST_STEP][PASSED] - click: Object: 'Object Repository/Final Object Repo/Login Page/Internal User/Next Button' is clicked on

2018-12-07 04:19:57 - [MESSAGE][PASSED] - Object: 'Object Repository/Final Object Repo/Login Page/Internal User/Next Button' is clicked on

2018-12-07 04:19:57 - [TEST_STEP][PASSED] - delay: Delayed 1 second(s)

2018-12-07 04:19:58 - [MESSAGE][PASSED] - Delayed 1 second(s)

2018-12-07 04:19:58 - [TEST_STEP][PASSED] - setEncryptedText: Text ****** has been set on object 'Object Repository/Final Object Repo/Login Page/Internal User/Password'

2018-12-07 04:19:58 - [MESSAGE][PASSED] - Text ****** has been set on object 'Object Repository/Final Object Repo/Login Page/Internal User/Password'

2018-12-07 04:19:58 - [TEST_STEP][PASSED] - click: Object: 'Object Repository/Final Object Repo/Login Page/Internal User/Login Button' is clicked on

2018-12-07 04:19:58 - [MESSAGE][PASSED] - Object: 'Object Repository/Final Object Repo/Login Page/Internal User/Login Button' is clicked on

2018-12-07 04:19:58 - [TEST_STEP][PASSED] - delay: Delayed 2 second(s)

2018-12-07 04:20:00 - [MESSAGE][PASSED] - Delayed 2 second(s)

2018-12-07 04:20:00 - [TEST_STEP][PASSED] - Statement - Try: Delayed 2 second(s)

2018-12-07 04:20:00 - [TEST_STEP][PASSED] - Statement - Checker = false: null

2018-12-07 04:20:00 - [TEST_STEP][PASSED] - Statement - Checker = com.kms.katalon.core.webui.keyword.WebUiBuiltInKeywords.verifyElementHasAttribute(com.kms.katalon.core.testobject.ObjectRepository.findTestObject(Final Object Repo/Landing Page/BM Detecting), "href", 20, OPTIONAL): Object 'Object Repository/Final Object Repo/Landing Page/BM Detecting' has attribute 'href'

2018-12-07 04:20:01 - [MESSAGE][PASSED] - Object 'Object Repository/Final Object Repo/Landing Page/BM Detecting' has attribute 'href'

2018-12-07 04:20:01 - [TEST_STEP][PASSED] - Statement - out.println(Checker): null

2018-12-07 04:20:01 - [TEST_STEP][PASSED] - Statement - If (Checker == false): null

2018-12-07 04:20:01 - [TEST_STEP][PASSED] - Statement - Else: null

2018-12-07 04:20:01 - [TEST_STEP][PASSED] - delay: Delayed 2 second(s)

2018-12-07 04:20:03 - [MESSAGE][PASSED] - Delayed 2 second(s)

2018-12-07 04:20:03 - [TEST_STEP][PASSED] - click: Object: 'Object Repository/Final Object Repo/Page_MyASSIST - ASSIST - Search Pending Case For Add Supporting Document/Search Information' is clicked on

2018-12-07 04:20:03 - [MESSAGE][PASSED] - Object: 'Object Repository/Final Object Repo/Page_MyASSIST - ASSIST - Search Pending Case For Add Supporting Document/Search Information' is clicked on

2018-12-07 04:20:03 - [TEST_STEP][PASSED] - delay: Delayed 3 second(s)

2018-12-07 04:20:06 - [MESSAGE][PASSED] - Delayed 3 second(s)

2018-12-07 04:20:06 - [TEST_STEP][PASSED] - sendKeys: Keys 'SSN12201800001186' sent to object: 'Object Repository/Final Object Repo/Page_MyASSIST - ASSIST - Search Pending Case For Add Supporting Document/Reference No'

2018-12-07 04:20:06 - [MESSAGE][PASSED] - Keys 'SSN12201800001186' sent to object: 'Object Repository/Final Object Repo/Page_MyASSIST - ASSIST - Search Pending Case For Add Supporting Document/Reference No'

2018-12-07 04:20:06 - [TEST_STEP][PASSED] - click: Object: 'Object Repository/Final Object Repo/Page_MyASSIST - ASSIST - Search Pending Case For Add Supporting Document/Search Reference No' is clicked on

2018-12-07 04:20:06 - [MESSAGE][PASSED] - Object: 'Object Repository/Final Object Repo/Page_MyASSIST - ASSIST - Search Pending Case For Add Supporting Document/Search Reference No' is clicked on

2018-12-07 04:20:06 - [TEST_STEP][PASSED] - delay: Delayed 2 second(s)

2018-12-07 04:20:08 - [MESSAGE][PASSED] - Delayed 2 second(s)

2018-12-07 04:20:08 - [TEST_STEP][PASSED] - click: Object: 'Object Repository/Final Object Repo/Page_MyASSIST - ASSIST - Search Pending Case For Add Supporting Document/Continue' is clicked on

2018-12-07 04:20:15 - [MESSAGE][PASSED] - Object: 'Object Repository/Final Object Repo/Page_MyASSIST - ASSIST - Search Pending Case For Add Supporting Document/Continue' is clicked on

2018-12-07 04:20:15 - [TEST_STEP][PASSED] - delay: Delayed 20 second(s)

2018-12-07 04:20:35 - [MESSAGE][PASSED] - Delayed 20 second(s)

2018-12-07 04:20:35 - [MESSAGE][PASSED] - Call Test Case 'Test Cases/Final Aug 2018 - PKS Automation/Registration Module/Workflow/Login and Search Case For Workflow' successfully

2018-12-07 04:20:35 - [TEST_STEP][PASSED] - callTestCase: Call Test Case 'Test Cases/Final Aug 2018 - PKS Automation/Registration Module/Workflow/Request SSN/Template/Request SSN - RO (Under enforcement)' successfully

2018-12-07 04:20:35 - [TEST_CASE][PASSED] - Test Cases/Final Aug 2018 - PKS Automation/Registration Module/Workflow/Request SSN/Template/Request SSN - RO (Under enforcement): Test Cases/Final Aug 2018 - PKS Automation/Registration Module/Workflow/Request SSN/Template/Request SSN - RO (Under enforcement)

2018-12-07 04:20:35 - [TEST_STEP][NOT_RUN] - openBrowser: NOT_RUN: openBrowser

2018-12-07 04:20:35 - [MESSAGE][NOT_RUN] - NOT_RUN: openBrowser

2018-12-07 04:20:35 - [TEST_STEP][NOT_RUN] - navigateToUrl: NOT_RUN: navigateToUrl

2018-12-07 04:20:35 - [MESSAGE][NOT_RUN] - NOT_RUN: navigateToUrl

2018-12-07 04:20:35 - [TEST_STEP][NOT_RUN] - setText: NOT_RUN: setText

2018-12-07 04:20:35 - [MESSAGE][NOT_RUN] - NOT_RUN: setText

2018-12-07 04:20:35 - [TEST_STEP][NOT_RUN] - click: NOT_RUN: click

2018-12-07 04:20:35 - [MESSAGE][NOT_RUN] - NOT_RUN: click

2018-12-07 04:20:35 - [TEST_STEP][NOT_RUN] - delay: NOT_RUN: delay

2018-12-07 04:20:35 - [MESSAGE][NOT_RUN] - NOT_RUN: delay

2018-12-07 04:20:35 - [TEST_STEP][NOT_RUN] - setEncryptedText: NOT_RUN: setEncryptedText

2018-12-07 04:20:35 - [MESSAGE][NOT_RUN] - NOT_RUN: setEncryptedText

2018-12-07 04:20:35 - [TEST_STEP][NOT_RUN] - click: NOT_RUN: click

2018-12-07 04:20:35 - [MESSAGE][NOT_RUN] - NOT_RUN: click

2018-12-07 04:20:35 - [TEST_STEP][NOT_RUN] - delay: NOT_RUN: delay

2018-12-07 04:20:35 - [MESSAGE][NOT_RUN] - NOT_RUN: delay

2018-12-07 04:20:35 - [TEST_STEP][NOT_RUN] - click: NOT_RUN: click

2018-12-07 04:20:35 - [MESSAGE][NOT_RUN] - NOT_RUN: click

2018-12-07 04:20:35 - [TEST_STEP][NOT_RUN] - delay: NOT_RUN: delay

2018-12-07 04:20:35 - [MESSAGE][NOT_RUN] - NOT_RUN: delay

2018-12-07 04:20:35 - [TEST_STEP][NOT_RUN] - sendKeys: NOT_RUN: sendKeys

2018-12-07 04:20:35 - [MESSAGE][NOT_RUN] - NOT_RUN: sendKeys

2018-12-07 04:20:35 - [TEST_STEP][NOT_RUN] - click: NOT_RUN: click

2018-12-07 04:20:35 - [MESSAGE][NOT_RUN] - NOT_RUN: click

2018-12-07 04:20:35 - [TEST_STEP][NOT_RUN] - delay: NOT_RUN: delay

2018-12-07 04:20:35 - [MESSAGE][NOT_RUN] - NOT_RUN: delay

2018-12-07 04:20:35 - [TEST_STEP][NOT_RUN] - click: NOT_RUN: click

2018-12-07 04:20:35 - [MESSAGE][NOT_RUN] - NOT_RUN: click

2018-12-07 04:20:35 - [TEST_STEP][PASSED] - click: Object: 'Object Repository/Final Object Repo/Page_Request SSN - ASSIST/Page_Request SSN - ASSIST - RO/Approval For SSN' is clicked on

2018-12-07 04:20:35 - [MESSAGE][PASSED] - Object: 'Object Repository/Final Object Repo/Page_Request SSN - ASSIST/Page_Request SSN - ASSIST - RO/Approval For SSN' is clicked on

2018-12-07 04:20:35 - [TEST_STEP][PASSED] - click: Object: 'Object Repository/Final Object Repo/Page_Request SSN - ASSIST/Page_Request SSN - ASSIST - RO/Approval For SSN - Approve' is clicked on

2018-12-07 04:20:35 - [MESSAGE][PASSED] - Object: 'Object Repository/Final Object Repo/Page_Request SSN - ASSIST/Page_Request SSN - ASSIST - RO/Approval For SSN - Approve' is clicked on

2018-12-07 04:20:35 - [TEST_STEP][PASSED] - delay: Delayed 2 second(s)

2018-12-07 04:20:37 - [MESSAGE][PASSED] - Delayed 2 second(s)

2018-12-07 04:20:37 - [TEST_STEP][PASSED] - click: Object: 'Object Repository/Final Object Repo/Page_Request SSN - ASSIST/Page_Request SSN - ASSIST - RO/Save  Continue in SSN Page' is clicked on

2018-12-07 04:20:38 - [MESSAGE][PASSED] - Object: 'Object Repository/Final Object Repo/Page_Request SSN - ASSIST/Page_Request SSN - ASSIST - RO/Save  Continue in SSN Page' is clicked on

2018-12-07 04:20:38 - [TEST_STEP][PASSED] - delay: Delayed 2 second(s)

2018-12-07 04:20:40 - [MESSAGE][PASSED] - Delayed 2 second(s)

2018-12-07 04:20:40 - [TEST_STEP][PASSED] - click: Object: 'Object Repository/Final Object Repo/Page_Request SSN - ASSIST/Page_Request SSN - ASSIST - RO/Save  Continue in Uploading Document Page' is clicked on

2018-12-07 04:20:42 - [MESSAGE][PASSED] - Object: 'Object Repository/Final Object Repo/Page_Request SSN - ASSIST/Page_Request SSN - ASSIST - RO/Save  Continue in Uploading Document Page' is clicked on

2018-12-07 04:20:42 - [TEST_STEP][PASSED] - delay: Delayed 2 second(s)

2018-12-07 04:20:44 - [MESSAGE][PASSED] - Delayed 2 second(s)

2018-12-07 04:20:44 - [TEST_STEP][PASSED] - click: Object: 'Object Repository/Final Object Repo/Page_Request SSN - ASSIST/Page_Request SSN - ASSIST - RO/Page_Request SSN - ASSIST (Under enforcement)/Under Enforcement' is clicked on

2018-12-07 04:20:47 - [MESSAGE][PASSED] - Object: 'Object Repository/Final Object Repo/Page_Request SSN - ASSIST/Page_Request SSN - ASSIST - RO/Page_Request SSN - ASSIST (Under enforcement)/Under Enforcement' is clicked on

2018-12-07 04:20:47 - [TEST_STEP][PASSED] - delay: Delayed 2 second(s)

2018-12-07 04:20:49 - [MESSAGE][PASSED] - Delayed 2 second(s)

2018-12-07 04:20:49 - [TEST_STEP][PASSED] - sendKeys: Keys 'Remark' sent to object: 'Object Repository/Final Object Repo/Page_Request SSN - ASSIST/Page_Request SSN - ASSIST - RO/Page_Request SSN - ASSIST (Under enforcement)/Under Endorcement - Remark'

2018-12-07 04:20:49 - [MESSAGE][PASSED] - Keys 'Remark' sent to object: 'Object Repository/Final Object Repo/Page_Request SSN - ASSIST/Page_Request SSN - ASSIST - RO/Page_Request SSN - ASSIST (Under enforcement)/Under Endorcement - Remark'

2018-12-07 04:20:49 - [TEST_STEP][PASSED] - delay: Delayed 2 second(s)

2018-12-07 04:20:51 - [MESSAGE][PASSED] - Delayed 2 second(s)

2018-12-07 04:20:51 - [TEST_STEP][PASSED] - click: Object: 'Object Repository/Final Object Repo/Page_Request SSN - ASSIST/Page_Request SSN - ASSIST - RO/Page_Request SSN - ASSIST (Under enforcement)/Save  Continue in Under Enforcement Page' is clicked on

2018-12-07 04:20:51 - [MESSAGE][PASSED] - Object: 'Object Repository/Final Object Repo/Page_Request SSN - ASSIST/Page_Request SSN - ASSIST - RO/Page_Request SSN - ASSIST (Under enforcement)/Save  Continue in Under Enforcement Page' is clicked on

2018-12-07 04:20:51 - [TEST_STEP][PASSED] - delay: Delayed 2 second(s)

2018-12-07 04:20:53 - [MESSAGE][PASSED] - Delayed 2 second(s)

2018-12-07 04:20:53 - [TEST_STEP][PASSED] - verifyElementVisible: Object 'Object Repository/Final Object Repo/Page_Request SSN - ASSIST/Page_Request SSN - ASSIST - RO/Page_Request SSN - ASSIST (Under enforcement)/Message The case is under enforceme' is visible

2018-12-07 04:20:56 - [MESSAGE][PASSED] - Object 'Object Repository/Final Object Repo/Page_Request SSN - ASSIST/Page_Request SSN - ASSIST - RO/Page_Request SSN - ASSIST (Under enforcement)/Message The case is under enforceme' is visible

2018-12-07 04:20:56 - [TEST_STEP][PASSED] - delay: Delayed 2 second(s)

2018-12-07 04:20:58 - [MESSAGE][PASSED] - Delayed 2 second(s)

2018-12-07 04:20:58 - [TEST_STEP][PASSED] - click: Object: 'Object Repository/Final Object Repo/Page_Request SSN - ASSIST/Page_Request SSN - ASSIST - RO/Page_Request SSN - ASSIST (Under enforcement)/OK' is clicked on

2018-12-07 04:20:59 - [MESSAGE][PASSED] - Object: 'Object Repository/Final Object Repo/Page_Request SSN - ASSIST/Page_Request SSN - ASSIST - RO/Page_Request SSN - ASSIST (Under enforcement)/OK' is clicked on

2018-12-07 04:20:59 - [MESSAGE][PASSED] - Call Test Case 'Test Cases/Final Aug 2018 - PKS Automation/Registration Module/Workflow/Request SSN/Template/Request SSN - RO (Under enforcement)' successfully

2018-12-07 04:20:59 - [MESSAGE][PASSED] - Call Test Case 'Test Cases/Final Aug 2018 - PKS Automation/Registration Module/Workflow/Request SSN/Template/Request SSN RIO - RO (Under Enforcement)' successfully]]></system-out>
         <system-err><![CDATA[]]></system-err>
      </testcase>
      <system-out><![CDATA[2018-12-07 03:41:50 - [TEST_SUITE][PASSED] - Request SSN: Test Cases/Final Aug 2018 - PKS Automation/Registration Module/Workflow/Request SSN/PKRBO - RIO - RO (Under enforcement)]]></system-out>
      <system-err><![CDATA[]]></system-err>
   </testsuite>
</testsuites>
