<?xml version="1.0" encoding="UTF-8"?>
<testsuites name="Update Employee Information (Employer)" time="5723" tests="16" failures="0" errors="0">
   <testsuite name="Update Employee Information (Employer)" tests="16" failures="0" errors="0" time="5723" timestamp="2018-11-16 14:57:05" hostname="Wei Zheng - 10.212.128.126" id="Test Suites/Workflow/Update Employee Information (Employer)">
      <properties>
         <property name="deviceName" value=""/>
         <property name="devicePlatform" value=""/>
         <property name="logFolder" value="C:\\Users\\LENOVO\\Katalon Studio\\Perkeso Phase A\\Reports\\Workflow\\Update Employee Information (Employer)\\20181116_145702"/>
         <property name="logFiles" value="C:\\Users\\LENOVO\\Katalon Studio\\Perkeso Phase A\\Reports\\Workflow\\Update Employee Information (Employer)\\20181116_145702\\execution0.log"/>
         <property name="attachments" value=""/>
         <property name="hostName" value="Wei Zheng - 10.212.128.126"/>
         <property name="os" value="Windows 7 64bit"/>
         <property name="katalonVersion" value="5.8.0.1"/>
         <property name="browser" value="Firefox 63.0"/>
         <property name="hostAddress" value="10.212.128.126"/>
         <property name="sessionId" value="85fe9e9c-6047-4940-a0fb-42eea2b5399a"/>
         <property name="seleniumVersion" value="3.9.1"/>
         <property name="proxyInformation" value="ProxyInformation{proxyOption=NO_PROXY, proxyServerType=HTTP, password=, proxyServerAddress=, proxyServerPort=0}"/>
         <property name="platform" value="Windows 7"/>
      </properties>
      <testcase name="Test Cases/Final Aug 2018 - PKS Automation/Registration Module/Workflow/Update Employee Information (Employer)/Employer - UO (Approve)" classname="Test Cases/Final Aug 2018 - PKS Automation/Registration Module/Workflow/Update Employee Information (Employer)/Employer - UO (Approve)" status="PASSED">
         <system-out><![CDATA[2018-11-16 14:57:05 - [TEST_CASE][PASSED] - Test Cases/Final Aug 2018 - PKS Automation/Registration Module/Workflow/Update Employee Information (Employer)/Employer - UO (Approve): Test Cases/Final Aug 2018 - PKS Automation/Registration Module/Workflow/Update Employee Information (Employer)/Employer - UO (Approve)

2018-11-16 14:57:06 - [TEST_STEP][PASSED] - callTestCase: Call Test Case 'Test Cases/Final Aug 2018 - PKS Automation/Registration Module/Workflow/Update Employee Information (Employer)/Template/Update Employer Information - Special Case (Employer)' successfully

2018-11-16 14:57:06 - [TEST_CASE][PASSED] - Test Cases/Final Aug 2018 - PKS Automation/Registration Module/Workflow/Update Employee Information (Employer)/Template/Update Employer Information - Special Case (Employer): Test Cases/Final Aug 2018 - PKS Automation/Registration Module/Workflow/Update Employee Information (Employer)/Template/Update Employer Information - Special Case (Employer)

2018-11-16 14:57:06 - [TEST_STEP][PASSED] - callTestCase: Call Test Case 'Test Cases/Final Aug 2018 - PKS Automation/Registration Module/Workflow/Update Add New Employee/Template/New Company for Update Add New - Employer' successfully

2018-11-16 14:57:06 - [TEST_CASE][PASSED] - Test Cases/Final Aug 2018 - PKS Automation/Registration Module/Workflow/Update Add New Employee/Template/New Company for Update Add New - Employer: Test Cases/Final Aug 2018 - PKS Automation/Registration Module/Workflow/Update Add New Employee/Template/New Company for Update Add New - Employer

2018-11-16 14:57:07 - [TEST_STEP][PASSED] - callTestCase: Call Test Case 'Test Cases/Final Aug 2018 - PKS Automation/Create Employer Acc/Create Employer Account' successfully

2018-11-16 14:57:07 - [TEST_CASE][PASSED] - Test Cases/Final Aug 2018 - PKS Automation/Create Employer Acc/Create Employer Account: Test Cases/Final Aug 2018 - PKS Automation/Create Employer Acc/Create Employer Account

2018-11-16 14:57:07 - [TEST_STEP][PASSED] - callTestCase: Call Test Case 'Test Cases/Final Aug 2018 - PKS Automation/Create Employer Acc/Template/Register Employer' successfully

2018-11-16 14:57:07 - [TEST_CASE][PASSED] - Test Cases/Final Aug 2018 - PKS Automation/Create Employer Acc/Template/Register Employer: Test Cases/Final Aug 2018 - PKS Automation/Create Employer Acc/Template/Register Employer

2018-11-16 14:57:07 - [TEST_STEP][PASSED] - openBrowser: Browser is opened with url: ''

2018-11-16 14:57:14 - [MESSAGE][PASSED] - Browser is opened with url: ''

2018-11-16 14:57:14 - [TEST_STEP][PASSED] - navigateToUrl: Navigate to 'https://assist2-uat.perkeso.gov.my/login' successfully

2018-11-16 14:57:16 - [MESSAGE][PASSED] - Navigate to 'https://assist2-uat.perkeso.gov.my/login' successfully

2018-11-16 14:57:16 - [TEST_STEP][PASSED] - setText: Text 'johorotc1@gmail.com' is set on object 'Object Repository/Final Object Repo/Login Page/Internal User/Email Address'

2018-11-16 14:57:16 - [MESSAGE][PASSED] - Text 'johorotc1@gmail.com' is set on object 'Object Repository/Final Object Repo/Login Page/Internal User/Email Address'

2018-11-16 14:57:16 - [TEST_STEP][PASSED] - click: Object: 'Object Repository/Final Object Repo/Login Page/Internal User/Next Button' is clicked on

2018-11-16 14:57:16 - [MESSAGE][PASSED] - Object: 'Object Repository/Final Object Repo/Login Page/Internal User/Next Button' is clicked on

2018-11-16 14:57:16 - [TEST_STEP][PASSED] - delay: Delayed 1 second(s)

2018-11-16 14:57:17 - [MESSAGE][PASSED] - Delayed 1 second(s)

2018-11-16 14:57:17 - [TEST_STEP][PASSED] - setEncryptedText: Text ****** has been set on object 'Object Repository/Final Object Repo/Login Page/Internal User/Password'

2018-11-16 14:57:18 - [MESSAGE][PASSED] - Text ****** has been set on object 'Object Repository/Final Object Repo/Login Page/Internal User/Password'

2018-11-16 14:57:18 - [TEST_STEP][PASSED] - click: Object: 'Object Repository/Final Object Repo/Login Page/Internal User/Login Button' is clicked on

2018-11-16 14:57:21 - [MESSAGE][PASSED] - Object: 'Object Repository/Final Object Repo/Login Page/Internal User/Login Button' is clicked on

2018-11-16 14:57:21 - [TEST_STEP][PASSED] - delay: Delayed 1 second(s)

2018-11-16 14:57:22 - [MESSAGE][PASSED] - Delayed 1 second(s)

2018-11-16 14:57:22 - [TEST_STEP][PASSED] - navigateToUrl: Navigate to 'https://assist2-uat.perkeso.gov.my/web/base/portal-id/registration' successfully

2018-11-16 14:57:23 - [MESSAGE][PASSED] - Navigate to 'https://assist2-uat.perkeso.gov.my/web/base/portal-id/registration' successfully

2018-11-16 14:57:23 - [TEST_STEP][PASSED] - setText: Text 'AUTOMATION EMPLOYER' is set on object 'Object Repository/Final Object Repo/Creating Employer Account/Page_Registration - ASSIST (Base)/Employer Name'

2018-11-16 14:57:23 - [MESSAGE][PASSED] - Text 'AUTOMATION EMPLOYER' is set on object 'Object Repository/Final Object Repo/Creating Employer Account/Page_Registration - ASSIST (Base)/Employer Name'

2018-11-16 14:57:23 - [TEST_STEP][PASSED] - delay: Delayed 2 second(s)

2018-11-16 14:57:25 - [MESSAGE][PASSED] - Delayed 2 second(s)

2018-11-16 14:57:25 - [TEST_STEP][PASSED] - click: Object: 'Object Repository/Final Object Repo/Creating Employer Account/Page_Registration - ASSIST (Base)/Registration Type' is clicked on

2018-11-16 14:57:26 - [MESSAGE][PASSED] - Object: 'Object Repository/Final Object Repo/Creating Employer Account/Page_Registration - ASSIST (Base)/Registration Type' is clicked on

2018-11-16 14:57:26 - [TEST_STEP][PASSED] - delay: Delayed 2 second(s)

2018-11-16 14:57:28 - [MESSAGE][PASSED] - Delayed 2 second(s)

2018-11-16 14:57:28 - [TEST_STEP][PASSED] - click: Object: 'Object Repository/Final Object Repo/Creating Employer Account/Page_Registration - ASSIST (Base)/Registration Type - Registration No' is clicked on

2018-11-16 14:57:29 - [MESSAGE][PASSED] - Object: 'Object Repository/Final Object Repo/Creating Employer Account/Page_Registration - ASSIST (Base)/Registration Type - Registration No' is clicked on

2018-11-16 14:57:29 - [TEST_STEP][PASSED] - delay: Delayed 2 second(s)

2018-11-16 14:57:31 - [MESSAGE][PASSED] - Delayed 2 second(s)

2018-11-16 14:57:31 - [TEST_STEP][PASSED] - setText: Text '1234567890' is set on object 'Object Repository/Final Object Repo/Creating Employer Account/Page_Registration - ASSIST (Base)/Registration Number'

2018-11-16 14:57:31 - [MESSAGE][PASSED] - Text '1234567890' is set on object 'Object Repository/Final Object Repo/Creating Employer Account/Page_Registration - ASSIST (Base)/Registration Number'

2018-11-16 14:57:31 - [TEST_STEP][PASSED] - delay: Delayed 2 second(s)

2018-11-16 14:57:33 - [MESSAGE][PASSED] - Delayed 2 second(s)

2018-11-16 14:57:33 - [TEST_STEP][PASSED] - setText: Text 'ADDRESS 1' is set on object 'Object Repository/Final Object Repo/Creating Employer Account/Page_Registration - ASSIST (Base)/Postal Address 1'

2018-11-16 14:57:33 - [MESSAGE][PASSED] - Text 'ADDRESS 1' is set on object 'Object Repository/Final Object Repo/Creating Employer Account/Page_Registration - ASSIST (Base)/Postal Address 1'

2018-11-16 14:57:33 - [TEST_STEP][PASSED] - setText: Text 'ADDRESS 2' is set on object 'Object Repository/Final Object Repo/Creating Employer Account/Page_Registration - ASSIST (Base)/Postal Address 2'

2018-11-16 14:57:33 - [MESSAGE][PASSED] - Text 'ADDRESS 2' is set on object 'Object Repository/Final Object Repo/Creating Employer Account/Page_Registration - ASSIST (Base)/Postal Address 2'

2018-11-16 14:57:33 - [TEST_STEP][PASSED] - click: Object: 'Object Repository/Final Object Repo/Creating Employer Account/Page_Registration - ASSIST (Base)/State' is clicked on

2018-11-16 14:57:34 - [MESSAGE][PASSED] - Object: 'Object Repository/Final Object Repo/Creating Employer Account/Page_Registration - ASSIST (Base)/State' is clicked on

2018-11-16 14:57:34 - [TEST_STEP][PASSED] - delay: Delayed 2 second(s)

2018-11-16 14:57:36 - [MESSAGE][PASSED] - Delayed 2 second(s)

2018-11-16 14:57:36 - [TEST_STEP][PASSED] - click: Object: 'Object Repository/Final Object Repo/Creating Employer Account/Page_Registration - ASSIST (Base)/State - Johor' is clicked on

2018-11-16 14:57:36 - [MESSAGE][PASSED] - Object: 'Object Repository/Final Object Repo/Creating Employer Account/Page_Registration - ASSIST (Base)/State - Johor' is clicked on

2018-11-16 14:57:36 - [TEST_STEP][PASSED] - delay: Delayed 2 second(s)

2018-11-16 14:57:38 - [MESSAGE][PASSED] - Delayed 2 second(s)

2018-11-16 14:57:38 - [TEST_STEP][PASSED] - click: Object: 'Object Repository/Final Object Repo/Creating Employer Account/Page_Registration - ASSIST (Base)/City' is clicked on

2018-11-16 14:57:39 - [MESSAGE][PASSED] - Object: 'Object Repository/Final Object Repo/Creating Employer Account/Page_Registration - ASSIST (Base)/City' is clicked on

2018-11-16 14:57:39 - [TEST_STEP][PASSED] - delay: Delayed 2 second(s)

2018-11-16 14:57:41 - [MESSAGE][PASSED] - Delayed 2 second(s)

2018-11-16 14:57:41 - [TEST_STEP][PASSED] - setText: Text 'joh' is set on object 'Object Repository/Final Object Repo/Creating Employer Account/Page_Registration - ASSIST (Base)/City - joh'

2018-11-16 14:57:41 - [MESSAGE][PASSED] - Text 'joh' is set on object 'Object Repository/Final Object Repo/Creating Employer Account/Page_Registration - ASSIST (Base)/City - joh'

2018-11-16 14:57:41 - [TEST_STEP][PASSED] - delay: Delayed 2 second(s)

2018-11-16 14:57:43 - [MESSAGE][PASSED] - Delayed 2 second(s)

2018-11-16 14:57:43 - [TEST_STEP][PASSED] - click: Object: 'Object Repository/Final Object Repo/Creating Employer Account/Page_Registration - ASSIST (Base)/City - Johor Bharu' is clicked on

2018-11-16 14:57:44 - [MESSAGE][PASSED] - Object: 'Object Repository/Final Object Repo/Creating Employer Account/Page_Registration - ASSIST (Base)/City - Johor Bharu' is clicked on

2018-11-16 14:57:44 - [TEST_STEP][PASSED] - delay: Delayed 2 second(s)

2018-11-16 14:57:46 - [MESSAGE][PASSED] - Delayed 2 second(s)

2018-11-16 14:57:46 - [TEST_STEP][PASSED] - click: Object: 'Object Repository/Final Object Repo/Creating Employer Account/Page_Registration - ASSIST (Base)/Post Code' is clicked on

2018-11-16 14:57:46 - [MESSAGE][PASSED] - Object: 'Object Repository/Final Object Repo/Creating Employer Account/Page_Registration - ASSIST (Base)/Post Code' is clicked on

2018-11-16 14:57:46 - [TEST_STEP][PASSED] - delay: Delayed 2 second(s)

2018-11-16 14:57:48 - [MESSAGE][PASSED] - Delayed 2 second(s)

2018-11-16 14:57:48 - [TEST_STEP][PASSED] - setText: Text '810' is set on object 'Object Repository/Final Object Repo/Creating Employer Account/Page_Registration - ASSIST (Base)/Post Code - 810'

2018-11-16 14:57:48 - [MESSAGE][PASSED] - Text '810' is set on object 'Object Repository/Final Object Repo/Creating Employer Account/Page_Registration - ASSIST (Base)/Post Code - 810'

2018-11-16 14:57:48 - [TEST_STEP][PASSED] - delay: Delayed 2 second(s)

2018-11-16 14:57:50 - [MESSAGE][PASSED] - Delayed 2 second(s)

2018-11-16 14:57:50 - [TEST_STEP][PASSED] - click: Object: 'Object Repository/Final Object Repo/Creating Employer Account/Page_Registration - ASSIST (Base)/Post Code - 81000' is clicked on

2018-11-16 14:57:51 - [MESSAGE][PASSED] - Object: 'Object Repository/Final Object Repo/Creating Employer Account/Page_Registration - ASSIST (Base)/Post Code - 81000' is clicked on

2018-11-16 14:57:51 - [TEST_STEP][PASSED] - delay: Delayed 2 second(s)

2018-11-16 14:57:53 - [MESSAGE][PASSED] - Delayed 2 second(s)

2018-11-16 14:57:53 - [TEST_STEP][PASSED] - setText: Text 'PERKESO' is set on object 'Object Repository/Final Object Repo/Creating Employer Account/Page_Registration - ASSIST (Base)/Full Name'

2018-11-16 14:57:53 - [MESSAGE][PASSED] - Text 'PERKESO' is set on object 'Object Repository/Final Object Repo/Creating Employer Account/Page_Registration - ASSIST (Base)/Full Name'

2018-11-16 14:57:53 - [TEST_STEP][PASSED] - Statement - rnd = new java.util.Random(): null

2018-11-16 14:57:53 - [TEST_STEP][PASSED] - Statement - snum = rnd.nextInt(899999 + 1) + 100000: null

2018-11-16 14:57:53 - [TEST_STEP][PASSED] - Statement - tnum = rnd.nextInt(899999 + 1) + 100000: null

2018-11-16 14:57:53 - [TEST_STEP][PASSED] - Statement - IC = java.lang.Integer.toString(snum) + java.lang.Integer.toString(tnum): null

2018-11-16 14:57:53 - [TEST_STEP][PASSED] - Statement - out.println(IC): null

2018-11-16 14:57:53 - [TEST_STEP][PASSED] - setText: Text '984373147613' is set on object 'Object Repository/Final Object Repo/Creating Employer Account/Page_Registration - ASSIST (Base)/Identification Number'

2018-11-16 14:57:53 - [MESSAGE][PASSED] - Text '984373147613' is set on object 'Object Repository/Final Object Repo/Creating Employer Account/Page_Registration - ASSIST (Base)/Identification Number'

2018-11-16 14:57:53 - [TEST_STEP][PASSED] - delay: Delayed 2 second(s)

2018-11-16 14:57:55 - [MESSAGE][PASSED] - Delayed 2 second(s)

2018-11-16 14:57:55 - [TEST_STEP][PASSED] - setText: Text '123456789012' is set on object 'Object Repository/Final Object Repo/Creating Employer Account/Page_Registration - ASSIST (Base)/Contact Number'

2018-11-16 14:57:56 - [MESSAGE][PASSED] - Text '123456789012' is set on object 'Object Repository/Final Object Repo/Creating Employer Account/Page_Registration - ASSIST (Base)/Contact Number'

2018-11-16 14:57:56 - [TEST_STEP][PASSED] - Statement - Email = "perkeso" + IC + "@gmail.com": null

2018-11-16 14:57:56 - [TEST_STEP][PASSED] - delay: Delayed 2 second(s)

2018-11-16 14:57:58 - [MESSAGE][PASSED] - Delayed 2 second(s)

2018-11-16 14:57:58 - [TEST_STEP][PASSED] - callTestCase: Call Test Case 'Test Cases/Final Aug 2018 - PKS Automation/Create Employer Acc/Template/Employer Email Settler' successfully

2018-11-16 14:57:58 - [TEST_CASE][PASSED] - Test Cases/Final Aug 2018 - PKS Automation/Create Employer Acc/Template/Employer Email Settler: Test Cases/Final Aug 2018 - PKS Automation/Create Employer Acc/Template/Employer Email Settler

2018-11-16 14:57:58 - [TEST_STEP][PASSED] - Statement - EmpEmailOld = new java.io.File(C://EmpEmail.txt): null

2018-11-16 14:57:58 - [TEST_STEP][PASSED] - Statement - EmpEmailOld.delete(): null

2018-11-16 14:57:58 - [TEST_STEP][PASSED] - Statement - EmpEmail = new java.io.File(C://EmpEmail.txt): null

2018-11-16 14:57:58 - [TEST_STEP][PASSED] - Statement - EmpEmail.append(Email): null

2018-11-16 14:57:58 - [TEST_STEP][PASSED] - Statement - out.println(Email): null

2018-11-16 14:57:58 - [MESSAGE][PASSED] - Call Test Case 'Test Cases/Final Aug 2018 - PKS Automation/Create Employer Acc/Template/Employer Email Settler' successfully

2018-11-16 14:57:58 - [TEST_STEP][PASSED] - delay: Delayed 2 second(s)

2018-11-16 14:58:00 - [MESSAGE][PASSED] - Delayed 2 second(s)

2018-11-16 14:58:00 - [TEST_STEP][PASSED] - setText: Text 'perkeso984373147613@gmail.com' is set on object 'Object Repository/Final Object Repo/Creating Employer Account/Page_Registration - ASSIST (Base)/Email'

2018-11-16 14:58:00 - [MESSAGE][PASSED] - Text 'perkeso984373147613@gmail.com' is set on object 'Object Repository/Final Object Repo/Creating Employer Account/Page_Registration - ASSIST (Base)/Email'

2018-11-16 14:58:00 - [TEST_STEP][PASSED] - setText: Text '123' is set on object 'Object Repository/Final Object Repo/Creating Employer Account/Page_Registration - ASSIST (Base)/Security Phase'

2018-11-16 14:58:00 - [MESSAGE][PASSED] - Text '123' is set on object 'Object Repository/Final Object Repo/Creating Employer Account/Page_Registration - ASSIST (Base)/Security Phase'

2018-11-16 14:58:00 - [TEST_STEP][PASSED] - click: Object: 'Object Repository/Final Object Repo/Creating Employer Account/Page_Registration - ASSIST (Base)/Save  Continue' is clicked on

2018-11-16 14:58:02 - [MESSAGE][PASSED] - Object: 'Object Repository/Final Object Repo/Creating Employer Account/Page_Registration - ASSIST (Base)/Save  Continue' is clicked on

2018-11-16 14:58:02 - [TEST_STEP][PASSED] - delay: Delayed 2 second(s)

2018-11-16 14:58:04 - [MESSAGE][PASSED] - Delayed 2 second(s)

2018-11-16 14:58:04 - [TEST_STEP][PASSED] - click: Object: 'Object Repository/Final Object Repo/Creating Employer Account/Page_Registration - ASSIST (Base)/Add Document' is clicked on

2018-11-16 14:58:04 - [MESSAGE][PASSED] - Object: 'Object Repository/Final Object Repo/Creating Employer Account/Page_Registration - ASSIST (Base)/Add Document' is clicked on

2018-11-16 14:58:04 - [TEST_STEP][PASSED] - delay: Delayed 2 second(s)

2018-11-16 14:58:06 - [MESSAGE][PASSED] - Delayed 2 second(s)

2018-11-16 14:58:06 - [TEST_STEP][PASSED] - click: Object: 'Object Repository/Final Object Repo/Creating Employer Account/Page_Registration - ASSIST (Base)/Document Type' is clicked on

2018-11-16 14:58:06 - [MESSAGE][PASSED] - Object: 'Object Repository/Final Object Repo/Creating Employer Account/Page_Registration - ASSIST (Base)/Document Type' is clicked on

2018-11-16 14:58:06 - [TEST_STEP][PASSED] - delay: Delayed 2 second(s)

2018-11-16 14:58:08 - [MESSAGE][PASSED] - Delayed 2 second(s)

2018-11-16 14:58:08 - [TEST_STEP][PASSED] - click: Object: 'Object Repository/Final Object Repo/Creating Employer Account/Page_Registration - ASSIST (Base)/Document Type - Letter of Authorization' is clicked on

2018-11-16 14:58:09 - [MESSAGE][PASSED] - Object: 'Object Repository/Final Object Repo/Creating Employer Account/Page_Registration - ASSIST (Base)/Document Type - Letter of Authorization' is clicked on

2018-11-16 14:58:09 - [TEST_STEP][PASSED] - delay: Delayed 2 second(s)

2018-11-16 14:58:11 - [MESSAGE][PASSED] - Delayed 2 second(s)

2018-11-16 14:58:11 - [TEST_STEP][PASSED] - sendKeys: Keys 'C:\Users\Public\Pictures\Sample Pictures\Act.jpg' sent to object: 'Object Repository/Final Object Repo/Creating Employer Account/Page_Registration - ASSIST (Base)/Uploading File'

2018-11-16 14:58:11 - [MESSAGE][PASSED] - Keys 'C:\Users\Public\Pictures\Sample Pictures\Act.jpg' sent to object: 'Object Repository/Final Object Repo/Creating Employer Account/Page_Registration - ASSIST (Base)/Uploading File'

2018-11-16 14:58:11 - [TEST_STEP][PASSED] - delay: Delayed 2 second(s)

2018-11-16 14:58:13 - [MESSAGE][PASSED] - Delayed 2 second(s)

2018-11-16 14:58:13 - [TEST_STEP][PASSED] - click: Object: 'Object Repository/Final Object Repo/Creating Employer Account/Page_Registration - ASSIST (Base)/Add Document in Uploading File' is clicked on

2018-11-16 14:58:16 - [MESSAGE][PASSED] - Object: 'Object Repository/Final Object Repo/Creating Employer Account/Page_Registration - ASSIST (Base)/Add Document in Uploading File' is clicked on

2018-11-16 14:58:16 - [TEST_STEP][PASSED] - delay: Delayed 2 second(s)

2018-11-16 14:58:18 - [MESSAGE][PASSED] - Delayed 2 second(s)

2018-11-16 14:58:18 - [TEST_STEP][PASSED] - click: Object: 'Object Repository/Final Object Repo/Creating Employer Account/Page_Registration - ASSIST (Base)/Save' is clicked on

2018-11-16 14:58:20 - [MESSAGE][PASSED] - Object: 'Object Repository/Final Object Repo/Creating Employer Account/Page_Registration - ASSIST (Base)/Save' is clicked on

2018-11-16 14:58:20 - [TEST_STEP][PASSED] - delay: Delayed 2 second(s)

2018-11-16 14:58:22 - [MESSAGE][PASSED] - Delayed 2 second(s)

2018-11-16 14:58:22 - [TEST_STEP][PASSED] - click: Object: 'Object Repository/Final Object Repo/Creating Employer Account/Page_Registration - ASSIST (Base)/Submit' is clicked on

2018-11-16 14:58:22 - [MESSAGE][PASSED] - Object: 'Object Repository/Final Object Repo/Creating Employer Account/Page_Registration - ASSIST (Base)/Submit' is clicked on

2018-11-16 14:58:22 - [TEST_STEP][PASSED] - delay: Delayed 2 second(s)

2018-11-16 14:58:24 - [MESSAGE][PASSED] - Delayed 2 second(s)

2018-11-16 14:58:24 - [TEST_STEP][PASSED] - click: Object: 'Object Repository/Final Object Repo/Creating Employer Account/Page_Registration - ASSIST (Base)/Confirm' is clicked on

2018-11-16 14:58:27 - [MESSAGE][PASSED] - Object: 'Object Repository/Final Object Repo/Creating Employer Account/Page_Registration - ASSIST (Base)/Confirm' is clicked on

2018-11-16 14:58:27 - [MESSAGE][PASSED] - Call Test Case 'Test Cases/Final Aug 2018 - PKS Automation/Create Employer Acc/Template/Register Employer' successfully

2018-11-16 14:58:27 - [TEST_STEP][PASSED] - delay: Delayed 1 second(s)

2018-11-16 14:58:28 - [MESSAGE][PASSED] - Delayed 1 second(s)

2018-11-16 14:58:28 - [TEST_STEP][PASSED] - navigateToUrl: Navigate to 'https://assist2-uat.perkeso.gov.my/c/portal/logout' successfully

2018-11-16 14:58:29 - [MESSAGE][PASSED] - Navigate to 'https://assist2-uat.perkeso.gov.my/c/portal/logout' successfully

2018-11-16 14:58:29 - [TEST_STEP][PASSED] - delay: Delayed 1 second(s)

2018-11-16 14:58:30 - [MESSAGE][PASSED] - Delayed 1 second(s)

2018-11-16 14:58:30 - [TEST_STEP][PASSED] - callTestCase: Call Test Case 'Test Cases/Final Aug 2018 - PKS Automation/Create Employer Acc/Template/Change Password of Employer' successfully

2018-11-16 14:58:30 - [TEST_CASE][PASSED] - Test Cases/Final Aug 2018 - PKS Automation/Create Employer Acc/Template/Change Password of Employer: Test Cases/Final Aug 2018 - PKS Automation/Create Employer Acc/Template/Change Password of Employer

2018-11-16 14:58:30 - [TEST_STEP][PASSED] - openBrowser: Browser is opened with url: ''

2018-11-16 14:58:30 - [MESSAGE][WARNING] - A browser is already opened. Closing browser and opening a new one

2018-11-16 14:58:35 - [MESSAGE][PASSED] - Browser is opened with url: ''

2018-11-16 14:58:35 - [TEST_STEP][PASSED] - navigateToUrl: Navigate to 'https://assist2-uat.perkeso.gov.my/login' successfully

2018-11-16 14:58:37 - [MESSAGE][PASSED] - Navigate to 'https://assist2-uat.perkeso.gov.my/login' successfully

2018-11-16 14:58:37 - [TEST_STEP][PASSED] - delay: Delayed 5 second(s)

2018-11-16 14:58:42 - [MESSAGE][PASSED] - Delayed 5 second(s)

2018-11-16 14:58:42 - [TEST_STEP][PASSED] - setText: Text 'test@liferay.com' is set on object 'Object Repository/Final Object Repo/Login Page/Internal User/Email Address'

2018-11-16 14:58:42 - [MESSAGE][PASSED] - Text 'test@liferay.com' is set on object 'Object Repository/Final Object Repo/Login Page/Internal User/Email Address'

2018-11-16 14:58:42 - [TEST_STEP][PASSED] - click: Object: 'Object Repository/Final Object Repo/Login Page/Internal User/Next Button' is clicked on

2018-11-16 14:58:43 - [MESSAGE][PASSED] - Object: 'Object Repository/Final Object Repo/Login Page/Internal User/Next Button' is clicked on

2018-11-16 14:58:43 - [TEST_STEP][PASSED] - delay: Delayed 2 second(s)

2018-11-16 14:58:45 - [MESSAGE][PASSED] - Delayed 2 second(s)

2018-11-16 14:58:45 - [TEST_STEP][PASSED] - setText: Text 'test' is set on object 'Object Repository/Final Object Repo/Login Page/Internal User/Password'

2018-11-16 14:58:45 - [MESSAGE][PASSED] - Text 'test' is set on object 'Object Repository/Final Object Repo/Login Page/Internal User/Password'

2018-11-16 14:58:45 - [TEST_STEP][PASSED] - delay: Delayed 2 second(s)

2018-11-16 14:58:47 - [MESSAGE][PASSED] - Delayed 2 second(s)

2018-11-16 14:58:47 - [TEST_STEP][PASSED] - click: Object: 'Object Repository/Final Object Repo/Login Page/Internal User/Login Button' is clicked on

2018-11-16 14:58:50 - [MESSAGE][PASSED] - Object: 'Object Repository/Final Object Repo/Login Page/Internal User/Login Button' is clicked on

2018-11-16 14:58:50 - [TEST_STEP][PASSED] - delay: Delayed 3 second(s)

2018-11-16 14:58:53 - [MESSAGE][PASSED] - Delayed 3 second(s)

2018-11-16 14:58:53 - [TEST_STEP][PASSED] - navigateToUrl: Navigate to 'https://assist2-uat.perkeso.gov.my/group/control_panel/manage?p_p_id=125&p_p_lifecycle=0&p_p_state=maximized&p_p_mode=view&refererPlid=20455&_125_usersListView=flat-users&_125_toolbarItem=view-all-users&_125_saveUsersListView=true&_125_struts_action=%2Fusers_admin%2Fview' successfully

2018-11-16 14:58:56 - [MESSAGE][PASSED] - Navigate to 'https://assist2-uat.perkeso.gov.my/group/control_panel/manage?p_p_id=125&p_p_lifecycle=0&p_p_state=maximized&p_p_mode=view&refererPlid=20455&_125_usersListView=flat-users&_125_toolbarItem=view-all-users&_125_saveUsersListView=true&_125_struts_action=%2Fusers_admin%2Fview' successfully

2018-11-16 14:58:56 - [TEST_STEP][PASSED] - delay: Delayed 3 second(s)

2018-11-16 14:58:59 - [MESSAGE][PASSED] - Delayed 3 second(s)

2018-11-16 14:58:59 - [TEST_STEP][PASSED] - setText: Text 'perkeso984373147613@gmail.com' is set on object 'Object Repository/Final Object Repo/Creating Employer Account/Page_Users and Organizations - ASSIST/Employer name'

2018-11-16 14:58:59 - [MESSAGE][PASSED] - Text 'perkeso984373147613@gmail.com' is set on object 'Object Repository/Final Object Repo/Creating Employer Account/Page_Users and Organizations - ASSIST/Employer name'

2018-11-16 14:58:59 - [TEST_STEP][PASSED] - delay: Delayed 3 second(s)

2018-11-16 14:59:02 - [MESSAGE][PASSED] - Delayed 3 second(s)

2018-11-16 14:59:02 - [TEST_STEP][PASSED] - click: Object: 'Object Repository/Final Object Repo/Creating Employer Account/Page_Users and Organizations - ASSIST/Search' is clicked on

2018-11-16 14:59:03 - [MESSAGE][PASSED] - Object: 'Object Repository/Final Object Repo/Creating Employer Account/Page_Users and Organizations - ASSIST/Search' is clicked on

2018-11-16 14:59:03 - [TEST_STEP][PASSED] - delay: Delayed 3 second(s)

2018-11-16 14:59:06 - [MESSAGE][PASSED] - Delayed 3 second(s)

2018-11-16 14:59:06 - [TEST_STEP][PASSED] - click: Object: 'Object Repository/Final Object Repo/Creating Employer Account/Page_Users and Organizations - ASSIST/Action' is clicked on

2018-11-16 14:59:06 - [MESSAGE][PASSED] - Object: 'Object Repository/Final Object Repo/Creating Employer Account/Page_Users and Organizations - ASSIST/Action' is clicked on

2018-11-16 14:59:06 - [TEST_STEP][PASSED] - delay: Delayed 3 second(s)

2018-11-16 14:59:09 - [MESSAGE][PASSED] - Delayed 3 second(s)

2018-11-16 14:59:09 - [TEST_STEP][PASSED] - click: Object: 'Object Repository/Final Object Repo/Creating Employer Account/Page_Users and Organizations - ASSIST/Edit' is clicked on

2018-11-16 14:59:11 - [MESSAGE][PASSED] - Object: 'Object Repository/Final Object Repo/Creating Employer Account/Page_Users and Organizations - ASSIST/Edit' is clicked on

2018-11-16 14:59:11 - [TEST_STEP][PASSED] - delay: Delayed 3 second(s)

2018-11-16 14:59:14 - [MESSAGE][PASSED] - Delayed 3 second(s)

2018-11-16 14:59:14 - [TEST_STEP][PASSED] - click: Object: 'Object Repository/Final Object Repo/Creating Employer Account/Page_PERKESO - Users and Organizati/a_Password (Modified)' is clicked on

2018-11-16 14:59:14 - [MESSAGE][PASSED] - Object: 'Object Repository/Final Object Repo/Creating Employer Account/Page_PERKESO - Users and Organizati/a_Password (Modified)' is clicked on

2018-11-16 14:59:14 - [TEST_STEP][PASSED] - delay: Delayed 3 second(s)

2018-11-16 14:59:17 - [MESSAGE][PASSED] - Delayed 3 second(s)

2018-11-16 14:59:17 - [TEST_STEP][PASSED] - setEncryptedText: Text ****** has been set on object 'Object Repository/Final Object Repo/Creating Employer Account/Page_PERKESO - Users and Organizati/input__125_password1'

2018-11-16 14:59:17 - [MESSAGE][PASSED] - Text ****** has been set on object 'Object Repository/Final Object Repo/Creating Employer Account/Page_PERKESO - Users and Organizati/input__125_password1'

2018-11-16 14:59:17 - [TEST_STEP][PASSED] - delay: Delayed 3 second(s)

2018-11-16 14:59:20 - [MESSAGE][PASSED] - Delayed 3 second(s)

2018-11-16 14:59:20 - [TEST_STEP][PASSED] - setEncryptedText: Text ****** has been set on object 'Object Repository/Final Object Repo/Creating Employer Account/Page_PERKESO - Users and Organizati/input__125_password2'

2018-11-16 14:59:20 - [MESSAGE][PASSED] - Text ****** has been set on object 'Object Repository/Final Object Repo/Creating Employer Account/Page_PERKESO - Users and Organizati/input__125_password2'

2018-11-16 14:59:20 - [TEST_STEP][PASSED] - delay: Delayed 3 second(s)

2018-11-16 14:59:23 - [MESSAGE][PASSED] - Delayed 3 second(s)

2018-11-16 14:59:23 - [TEST_STEP][PASSED] - click: Object: 'Object Repository/Final Object Repo/Creating Employer Account/Page_PERKESO - Users and Organizati/Save' is clicked on

2018-11-16 14:59:25 - [MESSAGE][PASSED] - Object: 'Object Repository/Final Object Repo/Creating Employer Account/Page_PERKESO - Users and Organizati/Save' is clicked on

2018-11-16 14:59:25 - [MESSAGE][PASSED] - Call Test Case 'Test Cases/Final Aug 2018 - PKS Automation/Create Employer Acc/Template/Change Password of Employer' successfully

2018-11-16 14:59:25 - [TEST_STEP][PASSED] - delay: Delayed 1 second(s)

2018-11-16 14:59:26 - [MESSAGE][PASSED] - Delayed 1 second(s)

2018-11-16 14:59:26 - [TEST_STEP][PASSED] - navigateToUrl: Navigate to 'https://assist2-uat.perkeso.gov.my/c/portal/logout' successfully

2018-11-16 14:59:27 - [MESSAGE][PASSED] - Navigate to 'https://assist2-uat.perkeso.gov.my/c/portal/logout' successfully

2018-11-16 14:59:27 - [TEST_STEP][PASSED] - delay: Delayed 1 second(s)

2018-11-16 14:59:28 - [MESSAGE][PASSED] - Delayed 1 second(s)

2018-11-16 14:59:28 - [TEST_STEP][PASSED] - callTestCase: Call Test Case 'Test Cases/Final Aug 2018 - PKS Automation/Create Employer Acc/Template/Login to Employer Account (First Time)' successfully

2018-11-16 14:59:28 - [TEST_CASE][PASSED] - Test Cases/Final Aug 2018 - PKS Automation/Create Employer Acc/Template/Login to Employer Account (First Time): Test Cases/Final Aug 2018 - PKS Automation/Create Employer Acc/Template/Login to Employer Account (First Time)

2018-11-16 14:59:29 - [TEST_STEP][PASSED] - openBrowser: Browser is opened with url: ''

2018-11-16 14:59:29 - [MESSAGE][WARNING] - A browser is already opened. Closing browser and opening a new one

2018-11-16 14:59:33 - [MESSAGE][PASSED] - Browser is opened with url: ''

2018-11-16 14:59:33 - [TEST_STEP][PASSED] - navigateToUrl: Navigate to 'https://assist2-uat.perkeso.gov.my/employer/login' successfully

2018-11-16 14:59:36 - [MESSAGE][PASSED] - Navigate to 'https://assist2-uat.perkeso.gov.my/employer/login' successfully

2018-11-16 14:59:36 - [TEST_STEP][PASSED] - delay: Delayed 3 second(s)

2018-11-16 14:59:39 - [MESSAGE][PASSED] - Delayed 3 second(s)

2018-11-16 14:59:39 - [TEST_STEP][PASSED] - callTestCase: Call Test Case 'Test Cases/Final Aug 2018 - PKS Automation/Create Employer Acc/Template/Employer Email Getter' successfully

2018-11-16 14:59:39 - [TEST_CASE][PASSED] - Test Cases/Final Aug 2018 - PKS Automation/Create Employer Acc/Template/Employer Email Getter: Test Cases/Final Aug 2018 - PKS Automation/Create Employer Acc/Template/Employer Email Getter

2018-11-16 14:59:39 - [TEST_STEP][PASSED] - Statement - Try: null

2018-11-16 14:59:39 - [TEST_STEP][PASSED] - Statement - EmpEmail = new java.io.File(C://EmpEmail.txt): null

2018-11-16 14:59:39 - [TEST_STEP][PASSED] - Statement - bufferread = new java.io.BufferedReader(new java.io.FileReader(EmpEmail)): null

2018-11-16 14:59:39 - [TEST_STEP][PASSED] - Statement - readedVal = bufferread.readLine(): null

2018-11-16 14:59:39 - [TEST_STEP][PASSED] - Statement - out.println(readedVal): null

2018-11-16 14:59:39 - [TEST_STEP][PASSED] - Statement - Email = readedVal: null

2018-11-16 14:59:39 - [MESSAGE][PASSED] - Call Test Case 'Test Cases/Final Aug 2018 - PKS Automation/Create Employer Acc/Template/Employer Email Getter' successfully

2018-11-16 14:59:39 - [TEST_STEP][PASSED] - setText: Text 'perkeso984373147613@gmail.com' is set on object 'Object Repository/Final Object Repo/Login Page/External Login Page/Email'

2018-11-16 14:59:39 - [MESSAGE][PASSED] - Text 'perkeso984373147613@gmail.com' is set on object 'Object Repository/Final Object Repo/Login Page/External Login Page/Email'

2018-11-16 14:59:39 - [TEST_STEP][PASSED] - click: Object: 'Object Repository/Final Object Repo/Login Page/External Login Page/Next' is clicked on

2018-11-16 14:59:40 - [MESSAGE][PASSED] - Object: 'Object Repository/Final Object Repo/Login Page/External Login Page/Next' is clicked on

2018-11-16 14:59:40 - [TEST_STEP][PASSED] - delay: Delayed 3 second(s)

2018-11-16 14:59:43 - [MESSAGE][PASSED] - Delayed 3 second(s)

2018-11-16 14:59:43 - [TEST_STEP][PASSED] - setEncryptedText: Text ****** has been set on object 'Object Repository/Final Object Repo/Login Page/External Login Page/Password'

2018-11-16 14:59:43 - [MESSAGE][PASSED] - Text ****** has been set on object 'Object Repository/Final Object Repo/Login Page/External Login Page/Password'

2018-11-16 14:59:43 - [TEST_STEP][PASSED] - click: Object: 'Object Repository/Final Object Repo/Login Page/External Login Page/Login' is clicked on

2018-11-16 14:59:43 - [MESSAGE][PASSED] - Object: 'Object Repository/Final Object Repo/Login Page/External Login Page/Login' is clicked on

2018-11-16 14:59:43 - [TEST_STEP][PASSED] - delay: Delayed 3 second(s)

2018-11-16 14:59:46 - [MESSAGE][PASSED] - Delayed 3 second(s)

2018-11-16 14:59:46 - [TEST_STEP][PASSED] - click: Object: 'Object Repository/Final Object Repo/Creating Employer Account/Page_Terms of Use - ASSIST/button_I Agree' is clicked on

2018-11-16 14:59:47 - [MESSAGE][PASSED] - Object: 'Object Repository/Final Object Repo/Creating Employer Account/Page_Terms of Use - ASSIST/button_I Agree' is clicked on

2018-11-16 14:59:47 - [TEST_STEP][PASSED] - delay: Delayed 2 second(s)

2018-11-16 14:59:49 - [MESSAGE][PASSED] - Delayed 2 second(s)

2018-11-16 14:59:49 - [TEST_STEP][PASSED] - setEncryptedText: Text ****** has been set on object 'Object Repository/Final Object Repo/Creating Employer Account/Page_New Password - ASSIST/input_password1'

2018-11-16 14:59:50 - [MESSAGE][PASSED] - Text ****** has been set on object 'Object Repository/Final Object Repo/Creating Employer Account/Page_New Password - ASSIST/input_password1'

2018-11-16 14:59:50 - [TEST_STEP][PASSED] - setEncryptedText: Text ****** has been set on object 'Object Repository/Final Object Repo/Creating Employer Account/Page_New Password - ASSIST/input_password2'

2018-11-16 14:59:50 - [MESSAGE][PASSED] - Text ****** has been set on object 'Object Repository/Final Object Repo/Creating Employer Account/Page_New Password - ASSIST/input_password2'

2018-11-16 14:59:50 - [TEST_STEP][PASSED] - delay: Delayed 2 second(s)

2018-11-16 14:59:52 - [MESSAGE][PASSED] - Delayed 2 second(s)

2018-11-16 14:59:52 - [TEST_STEP][PASSED] - click: Object: 'Object Repository/Final Object Repo/Creating Employer Account/Page_New Password - ASSIST/Save' is clicked on

2018-11-16 14:59:53 - [MESSAGE][PASSED] - Object: 'Object Repository/Final Object Repo/Creating Employer Account/Page_New Password - ASSIST/Save' is clicked on

2018-11-16 14:59:53 - [TEST_STEP][PASSED] - delay: Delayed 2 second(s)

2018-11-16 14:59:55 - [MESSAGE][PASSED] - Delayed 2 second(s)

2018-11-16 14:59:55 - [TEST_STEP][PASSED] - setText: Text 'test' is set on object 'Object Repository/Final Object Repo/Creating Employer Account/Page_Password Reminder - ASSIST/Reminder Query Answer'

2018-11-16 14:59:56 - [MESSAGE][PASSED] - Text 'test' is set on object 'Object Repository/Final Object Repo/Creating Employer Account/Page_Password Reminder - ASSIST/Reminder Query Answer'

2018-11-16 14:59:56 - [TEST_STEP][PASSED] - delay: Delayed 2 second(s)

2018-11-16 14:59:58 - [MESSAGE][PASSED] - Delayed 2 second(s)

2018-11-16 14:59:58 - [TEST_STEP][PASSED] - doubleClick: Object: 'Object Repository/Final Object Repo/Creating Employer Account/Page_Password Reminder - ASSIST/Save' is double clicked on

2018-11-16 14:59:58 - [MESSAGE][PASSED] - Object: 'Object Repository/Final Object Repo/Creating Employer Account/Page_Password Reminder - ASSIST/Save' is double clicked on

2018-11-16 14:59:58 - [MESSAGE][PASSED] - Call Test Case 'Test Cases/Final Aug 2018 - PKS Automation/Create Employer Acc/Template/Login to Employer Account (First Time)' successfully

2018-11-16 14:59:58 - [MESSAGE][PASSED] - Call Test Case 'Test Cases/Final Aug 2018 - PKS Automation/Create Employer Acc/Create Employer Account' successfully

2018-11-16 14:59:58 - [TEST_STEP][PASSED] - callTestCase: Call Test Case 'Test Cases/Final Aug 2018 - PKS Automation/Registration Module/Log Out/log out avoiding katalon tagging' successfully

2018-11-16 14:59:58 - [TEST_CASE][PASSED] - Test Cases/Final Aug 2018 - PKS Automation/Registration Module/Log Out/log out avoiding katalon tagging: Test Cases/Final Aug 2018 - PKS Automation/Registration Module/Log Out/log out avoiding katalon tagging

2018-11-16 14:59:58 - [TEST_STEP][PASSED] - navigateToUrl: Navigate to 'https://assist2-uat.perkeso.gov.my/c/portal/logout' successfully

2018-11-16 15:00:00 - [MESSAGE][PASSED] - Navigate to 'https://assist2-uat.perkeso.gov.my/c/portal/logout' successfully

2018-11-16 15:00:00 - [MESSAGE][PASSED] - Call Test Case 'Test Cases/Final Aug 2018 - PKS Automation/Registration Module/Log Out/log out avoiding katalon tagging' successfully

2018-11-16 15:00:00 - [TEST_STEP][PASSED] - callTestCase: Call Test Case 'Test Cases/Final Aug 2018 - PKS Automation/Create Employer Acc/Login to Employer Account (Second time)' successfully

2018-11-16 15:00:00 - [TEST_CASE][PASSED] - Test Cases/Final Aug 2018 - PKS Automation/Create Employer Acc/Login to Employer Account (Second time): Test Cases/Final Aug 2018 - PKS Automation/Create Employer Acc/Login to Employer Account (Second time)

2018-11-16 15:00:01 - [TEST_STEP][PASSED] - openBrowser: Browser is opened with url: ''

2018-11-16 15:00:01 - [MESSAGE][WARNING] - A browser is already opened. Closing browser and opening a new one

2018-11-16 15:00:05 - [MESSAGE][PASSED] - Browser is opened with url: ''

2018-11-16 15:00:05 - [TEST_STEP][PASSED] - navigateToUrl: Navigate to 'https://assist2-uat.perkeso.gov.my/employer/login' successfully

2018-11-16 15:00:09 - [MESSAGE][PASSED] - Navigate to 'https://assist2-uat.perkeso.gov.my/employer/login' successfully

2018-11-16 15:00:09 - [TEST_STEP][PASSED] - delay: Delayed 3 second(s)

2018-11-16 15:00:12 - [MESSAGE][PASSED] - Delayed 3 second(s)

2018-11-16 15:00:12 - [TEST_STEP][PASSED] - callTestCase: Call Test Case 'Test Cases/Final Aug 2018 - PKS Automation/Create Employer Acc/Template/Employer Email Getter' successfully

2018-11-16 15:00:12 - [TEST_CASE][PASSED] - Test Cases/Final Aug 2018 - PKS Automation/Create Employer Acc/Template/Employer Email Getter: Test Cases/Final Aug 2018 - PKS Automation/Create Employer Acc/Template/Employer Email Getter

2018-11-16 15:00:12 - [TEST_STEP][PASSED] - Statement - Try: null

2018-11-16 15:00:12 - [TEST_STEP][PASSED] - Statement - EmpEmail = new java.io.File(C://EmpEmail.txt): null

2018-11-16 15:00:12 - [TEST_STEP][PASSED] - Statement - bufferread = new java.io.BufferedReader(new java.io.FileReader(EmpEmail)): null

2018-11-16 15:00:12 - [TEST_STEP][PASSED] - Statement - readedVal = bufferread.readLine(): null

2018-11-16 15:00:12 - [TEST_STEP][PASSED] - Statement - out.println(readedVal): null

2018-11-16 15:00:12 - [TEST_STEP][PASSED] - Statement - Email = readedVal: null

2018-11-16 15:00:12 - [MESSAGE][PASSED] - Call Test Case 'Test Cases/Final Aug 2018 - PKS Automation/Create Employer Acc/Template/Employer Email Getter' successfully

2018-11-16 15:00:12 - [TEST_STEP][PASSED] - setText: Text 'perkeso984373147613@gmail.com' is set on object 'Object Repository/Final Object Repo/Login Page/External Login Page/Email'

2018-11-16 15:00:12 - [MESSAGE][PASSED] - Text 'perkeso984373147613@gmail.com' is set on object 'Object Repository/Final Object Repo/Login Page/External Login Page/Email'

2018-11-16 15:00:12 - [TEST_STEP][PASSED] - click: Object: 'Object Repository/Final Object Repo/Login Page/External Login Page/Next' is clicked on

2018-11-16 15:00:13 - [MESSAGE][PASSED] - Object: 'Object Repository/Final Object Repo/Login Page/External Login Page/Next' is clicked on

2018-11-16 15:00:13 - [TEST_STEP][PASSED] - delay: Delayed 3 second(s)

2018-11-16 15:00:16 - [MESSAGE][PASSED] - Delayed 3 second(s)

2018-11-16 15:00:16 - [TEST_STEP][PASSED] - setEncryptedText: Text ****** has been set on object 'Object Repository/Final Object Repo/Login Page/External Login Page/Password'

2018-11-16 15:00:16 - [MESSAGE][PASSED] - Text ****** has been set on object 'Object Repository/Final Object Repo/Login Page/External Login Page/Password'

2018-11-16 15:00:16 - [TEST_STEP][PASSED] - click: Object: 'Object Repository/Final Object Repo/Login Page/External Login Page/Login' is clicked on

2018-11-16 15:00:21 - [MESSAGE][PASSED] - Object: 'Object Repository/Final Object Repo/Login Page/External Login Page/Login' is clicked on

2018-11-16 15:00:21 - [TEST_STEP][PASSED] - delay: Delayed 5 second(s)

2018-11-16 15:00:26 - [MESSAGE][PASSED] - Delayed 5 second(s)

2018-11-16 15:00:26 - [MESSAGE][PASSED] - Call Test Case 'Test Cases/Final Aug 2018 - PKS Automation/Create Employer Acc/Login to Employer Account (Second time)' successfully

2018-11-16 15:00:26 - [TEST_STEP][PASSED] - delay: Delayed 4 second(s)

2018-11-16 15:00:30 - [MESSAGE][PASSED] - Delayed 4 second(s)

2018-11-16 15:00:30 - [TEST_STEP][PASSED] - Statement - Try: Delayed 2 second(s)

2018-11-16 15:00:30 - [TEST_STEP][PASSED] - Statement - Checker = false: null

2018-11-16 15:00:30 - [TEST_STEP][PASSED] - Statement - Checker = com.kms.katalon.core.webui.keyword.WebUiBuiltInKeywords.verifyElementHasAttribute(com.kms.katalon.core.testobject.ObjectRepository.findTestObject(Final Object Repo/Landing Page/BM Detecting), "href", 20, OPTIONAL): Object 'Object Repository/Final Object Repo/Landing Page/BM Detecting' has attribute 'href'

2018-11-16 15:00:30 - [MESSAGE][PASSED] - Object 'Object Repository/Final Object Repo/Landing Page/BM Detecting' has attribute 'href'

2018-11-16 15:00:30 - [TEST_STEP][PASSED] - Statement - out.println(Checker): null

2018-11-16 15:00:30 - [TEST_STEP][PASSED] - Statement - If (Checker == false): null

2018-11-16 15:00:30 - [TEST_STEP][PASSED] - Statement - Else: null

2018-11-16 15:00:30 - [TEST_STEP][PASSED] - delay: Delayed 2 second(s)

2018-11-16 15:00:32 - [MESSAGE][PASSED] - Delayed 2 second(s)

2018-11-16 15:00:32 - [TEST_STEP][PASSED] - delay: Delayed 4 second(s)

2018-11-16 15:00:36 - [MESSAGE][PASSED] - Delayed 4 second(s)

2018-11-16 15:00:36 - [TEST_STEP][PASSED] - click: Object: 'Object Repository/Final Object Repo/Landing Page/My Sites Drop Down' is clicked on

2018-11-16 15:00:36 - [MESSAGE][PASSED] - Object: 'Object Repository/Final Object Repo/Landing Page/My Sites Drop Down' is clicked on

2018-11-16 15:00:36 - [TEST_STEP][PASSED] - click: Object: 'Object Repository/Final Object Repo/Landing Page/Select to Registration Module' is clicked on

2018-11-16 15:00:39 - [MESSAGE][PASSED] - Object: 'Object Repository/Final Object Repo/Landing Page/Select to Registration Module' is clicked on

2018-11-16 15:00:39 - [TEST_STEP][PASSED] - click: Object: 'Object Repository/Final Object Repo/Landing Page/Registration Button' is clicked on

2018-11-16 15:00:41 - [MESSAGE][PASSED] - Object: 'Object Repository/Final Object Repo/Landing Page/Registration Button' is clicked on

2018-11-16 15:00:41 - [TEST_STEP][PASSED] - delay: Delayed 2 second(s)

2018-11-16 15:00:43 - [MESSAGE][PASSED] - Delayed 2 second(s)

2018-11-16 15:00:43 - [TEST_STEP][PASSED] - click: Object: 'Object Repository/Final Object Repo/New Registration - Registration Module Pages/New Reg - OTC to RO/Special Case - OTC - Form 1/AEC NO' is clicked on

2018-11-16 15:00:44 - [MESSAGE][PASSED] - Object: 'Object Repository/Final Object Repo/New Registration - Registration Module Pages/New Reg - OTC to RO/Special Case - OTC - Form 1/AEC NO' is clicked on

2018-11-16 15:00:44 - [TEST_STEP][PASSED] - click: Object: 'Object Repository/Final Object Repo/New Registration - Registration Module Pages/New Reg - OTC to RO/Special Case - OTC - Form 1/Business Entity - Please Select' is clicked on

2018-11-16 15:00:44 - [MESSAGE][PASSED] - Object: 'Object Repository/Final Object Repo/New Registration - Registration Module Pages/New Reg - OTC to RO/Special Case - OTC - Form 1/Business Entity - Please Select' is clicked on

2018-11-16 15:00:44 - [TEST_STEP][PASSED] - click: Object: 'Object Repository/Final Object Repo/New Registration - Registration Module Pages/New Reg - OTC to RO/Special Case - OTC - Form 1/Selected - Corporation' is clicked on

2018-11-16 15:00:45 - [MESSAGE][PASSED] - Object: 'Object Repository/Final Object Repo/New Registration - Registration Module Pages/New Reg - OTC to RO/Special Case - OTC - Form 1/Selected - Corporation' is clicked on

2018-11-16 15:00:45 - [TEST_STEP][PASSED] - delay: Delayed 2 second(s)

2018-11-16 15:00:47 - [MESSAGE][PASSED] - Delayed 2 second(s)

2018-11-16 15:00:47 - [TEST_STEP][PASSED] - click: Object: 'Object Repository/Final Object Repo/New Registration - Registration Module Pages/New Reg - OTC to RO/Special Case - OTC - Form 1/Sub Business Entity - Please Select' is clicked on

2018-11-16 15:00:47 - [MESSAGE][PASSED] - Object: 'Object Repository/Final Object Repo/New Registration - Registration Module Pages/New Reg - OTC to RO/Special Case - OTC - Form 1/Sub Business Entity - Please Select' is clicked on

2018-11-16 15:00:47 - [TEST_STEP][PASSED] - delay: Delayed 2 second(s)

2018-11-16 15:00:49 - [MESSAGE][PASSED] - Delayed 2 second(s)

2018-11-16 15:00:49 - [TEST_STEP][PASSED] - click: Object: 'Object Repository/Final Object Repo/New Registration - Registration Module Pages/New Reg - OTC to RO/Special Case - OTC - Form 1/Selected - Sendirian Berhad' is clicked on

2018-11-16 15:00:50 - [MESSAGE][PASSED] - Object: 'Object Repository/Final Object Repo/New Registration - Registration Module Pages/New Reg - OTC to RO/Special Case - OTC - Form 1/Selected - Sendirian Berhad' is clicked on

2018-11-16 15:00:50 - [TEST_STEP][PASSED] - setText: Text 'AUTOMATE001' is set on object 'Object Repository/Final Object Repo/New Registration - Registration Module Pages/New Reg - OTC to RO/Special Case - OTC - Form 1/Input BRN Number'

2018-11-16 15:00:50 - [MESSAGE][PASSED] - Text 'AUTOMATE001' is set on object 'Object Repository/Final Object Repo/New Registration - Registration Module Pages/New Reg - OTC to RO/Special Case - OTC - Form 1/Input BRN Number'

2018-11-16 15:00:50 - [TEST_STEP][PASSED] - delay: Delayed 2 second(s)

2018-11-16 15:00:52 - [MESSAGE][PASSED] - Delayed 2 second(s)

2018-11-16 15:00:52 - [TEST_STEP][PASSED] - click: Object: 'Object Repository/Final Object Repo/New Registration - Registration Module Pages/New Reg - OTC to RO/Special Case - OTC - Form 1/BRN Search' is clicked on

2018-11-16 15:00:52 - [MESSAGE][PASSED] - Object: 'Object Repository/Final Object Repo/New Registration - Registration Module Pages/New Reg - OTC to RO/Special Case - OTC - Form 1/BRN Search' is clicked on

2018-11-16 15:00:52 - [TEST_STEP][PASSED] - delay: Delayed 4 second(s)

2018-11-16 15:00:56 - [MESSAGE][PASSED] - Delayed 4 second(s)

2018-11-16 15:00:56 - [TEST_STEP][PASSED] - click: Object: 'Object Repository/Final Object Repo/New Registration - Registration Module Pages/New Reg - OTC to RO/Special Case - OTC - Form 1/Registered with SSM - After Feb 2017' is clicked on

2018-11-16 15:00:57 - [MESSAGE][PASSED] - Object: 'Object Repository/Final Object Repo/New Registration - Registration Module Pages/New Reg - OTC to RO/Special Case - OTC - Form 1/Registered with SSM - After Feb 2017' is clicked on

2018-11-16 15:00:57 - [TEST_STEP][PASSED] - delay: Delayed 2 second(s)

2018-11-16 15:00:59 - [MESSAGE][PASSED] - Delayed 2 second(s)

2018-11-16 15:00:59 - [TEST_STEP][PASSED] - click: Object: 'Object Repository/Final Object Repo/New Registration - Registration Module Pages/Form 1/Registered As a Branch - Yes' is clicked on

2018-11-16 15:00:59 - [MESSAGE][PASSED] - Object: 'Object Repository/Final Object Repo/New Registration - Registration Module Pages/Form 1/Registered As a Branch - Yes' is clicked on

2018-11-16 15:00:59 - [TEST_STEP][PASSED] - click: Object: 'Object Repository/Final Object Repo/New Registration - Registration Module Pages/New Reg - OTC to RO/Special Case - OTC - Form 1/Acknowledgement Ticked' is clicked on

2018-11-16 15:00:59 - [MESSAGE][PASSED] - Object: 'Object Repository/Final Object Repo/New Registration - Registration Module Pages/New Reg - OTC to RO/Special Case - OTC - Form 1/Acknowledgement Ticked' is clicked on

2018-11-16 15:00:59 - [TEST_STEP][PASSED] - setText: Text 'perkeso984373147613@gmail.com' is set on object 'Object Repository/Final Object Repo/New Registration - Registration Module Pages/Form 1/Email'

2018-11-16 15:01:00 - [MESSAGE][PASSED] - Text 'perkeso984373147613@gmail.com' is set on object 'Object Repository/Final Object Repo/New Registration - Registration Module Pages/Form 1/Email'

2018-11-16 15:01:00 - [TEST_STEP][PASSED] - click: Object: 'Object Repository/Final Object Repo/New Registration - Registration Module Pages/New Reg - OTC to RO/Special Case - OTC - Form 1/Submit Button' is clicked on

2018-11-16 15:01:00 - [MESSAGE][PASSED] - Object: 'Object Repository/Final Object Repo/New Registration - Registration Module Pages/New Reg - OTC to RO/Special Case - OTC - Form 1/Submit Button' is clicked on

2018-11-16 15:01:00 - [TEST_STEP][PASSED] - callTestCase: Call Test Case 'Test Cases/Final Aug 2018 - PKS Automation/Registration Module/New Registration/Form 2/Add 1 Eligible - Employer Account Use' successfully

2018-11-16 15:01:00 - [TEST_CASE][PASSED] - Test Cases/Final Aug 2018 - PKS Automation/Registration Module/New Registration/Form 2/Add 1 Eligible - Employer Account Use: Test Cases/Final Aug 2018 - PKS Automation/Registration Module/New Registration/Form 2/Add 1 Eligible - Employer Account Use

2018-11-16 15:01:01 - [TEST_STEP][PASSED] - delay: Delayed 2 second(s)

2018-11-16 15:01:03 - [MESSAGE][PASSED] - Delayed 2 second(s)

2018-11-16 15:01:03 - [TEST_STEP][PASSED] - callTestCase: Call Test Case 'Test Cases/Final Aug 2018 - PKS Automation/Registration Module/New Registration/Form 2/Date Updater' successfully

2018-11-16 15:01:03 - [TEST_CASE][PASSED] - Test Cases/Final Aug 2018 - PKS Automation/Registration Module/New Registration/Form 2/Date Updater: Test Cases/Final Aug 2018 - PKS Automation/Registration Module/New Registration/Form 2/Date Updater

2018-11-16 15:01:03 - [TEST_STEP][PASSED] - Statement - TodayDate = new java.util.Date(): null

2018-11-16 15:01:03 - [TEST_STEP][PASSED] - Statement - CurrentDateNoFilter = new java.text.SimpleDateFormat(): null

2018-11-16 15:01:03 - [TEST_STEP][PASSED] - Statement - CurrentDateNoFilter.applyPattern("dd"): null

2018-11-16 15:01:03 - [TEST_STEP][PASSED] - Statement - CurrentDate = CurrentDateNoFilter.format(TodayDate): null

2018-11-16 15:01:03 - [TEST_STEP][PASSED] - Statement - CurrentDate = java.lang.Integer.parseInt(CurrentDate): null

2018-11-16 15:01:03 - [TEST_STEP][PASSED] - Statement - CurrentDate = CurrentDate: null

2018-11-16 15:01:03 - [TEST_STEP][PASSED] - Statement - CurrentDay = java.lang.Integer.parseInt(CurrentDate): null

2018-11-16 15:01:03 - [TEST_STEP][PASSED] - Statement - aDayBefore = CurrentDay + 1: null

2018-11-16 15:01:03 - [TEST_STEP][PASSED] - Statement - DayBefore = aDayBefore.toString(): null

2018-11-16 15:01:03 - [TEST_STEP][PASSED] - Statement - OneDayBefore = DayBefore: null

2018-11-16 15:01:03 - [TEST_STEP][PASSED] - Statement - CurrentDateNoFilter.applyPattern("MM"): null

2018-11-16 15:01:03 - [TEST_STEP][PASSED] - Statement - monthContainerMatcher = java.lang.Integer.parseInt(CurrentDateNoFilter.format(TodayDate)): null

2018-11-16 15:01:03 - [TEST_STEP][PASSED] - Statement - monthContainerMatcher = monthContainerMatcher - 1: null

2018-11-16 15:01:03 - [TEST_STEP][PASSED] - Statement - CurrentMonth = monthContainerMatcher.toString(): null

2018-11-16 15:01:03 - [TEST_STEP][PASSED] - Statement - CurrentMonth = CurrentMonth: null

2018-11-16 15:01:03 - [TEST_STEP][PASSED] - Statement - CurrentDateNoFilter.applyPattern("yyyy"): null

2018-11-16 15:01:03 - [TEST_STEP][PASSED] - Statement - CurrentYear = CurrentDateNoFilter.format(TodayDate): null

2018-11-16 15:01:03 - [TEST_STEP][PASSED] - Statement - CurrentYear = CurrentYear: null

2018-11-16 15:01:03 - [TEST_STEP][PASSED] - Statement - intCurrentYear = java.lang.Integer.parseInt(CurrentDateNoFilter.format(TodayDate)): null

2018-11-16 15:01:03 - [TEST_STEP][PASSED] - Statement - eighteenYrsAgo = intCurrentYear - 18: null

2018-11-16 15:01:03 - [TEST_STEP][PASSED] - Statement - eighteenYrsBeforeThisYr = eighteenYrsAgo.toString(): null

2018-11-16 15:01:03 - [TEST_STEP][PASSED] - Statement - EighteenYrsBefore = eighteenYrsBeforeThisYr: null

2018-11-16 15:01:03 - [TEST_STEP][PASSED] - Statement - fiftysevenYrsAgo = intCurrentYear - 57: null

2018-11-16 15:01:03 - [TEST_STEP][PASSED] - Statement - fiftysevenYrsBeforeThisYr = fiftysevenYrsAgo.toString(): null

2018-11-16 15:01:03 - [TEST_STEP][PASSED] - Statement - FiftysevenYrsBefore = fiftysevenYrsBeforeThisYr: null

2018-11-16 15:01:03 - [MESSAGE][PASSED] - Call Test Case 'Test Cases/Final Aug 2018 - PKS Automation/Registration Module/New Registration/Form 2/Date Updater' successfully

2018-11-16 15:01:03 - [TEST_STEP][PASSED] - delay: Delayed 1 second(s)

2018-11-16 15:01:04 - [MESSAGE][PASSED] - Delayed 1 second(s)

2018-11-16 15:01:04 - [TEST_STEP][PASSED] - Statement - CaseReferenceNo = com.kms.katalon.core.webui.keyword.WebUiBuiltInKeywords.getText(com.kms.katalon.core.testobject.ObjectRepository.findTestObject(Final Object Repo/New Registration - Registration Module Pages/Form 2/RefNo Acquiring)): Text of object 'Object Repository/Final Object Repo/New Registration - Registration Module Pages/Form 2/RefNo Acquiring' is: 'CRN11201800122533'

2018-11-16 15:01:04 - [MESSAGE][PASSED] - Text of object 'Object Repository/Final Object Repo/New Registration - Registration Module Pages/Form 2/RefNo Acquiring' is: 'CRN11201800122533'

2018-11-16 15:01:04 - [TEST_STEP][PASSED] - delay: Delayed 1 second(s)

2018-11-16 15:01:05 - [MESSAGE][PASSED] - Delayed 1 second(s)

2018-11-16 15:01:05 - [TEST_STEP][PASSED] - click: Object: 'Object Repository/Final Object Repo/New Registration - Registration Module Pages/Form 2/Add Employee Button' is clicked on

2018-11-16 15:01:05 - [MESSAGE][PASSED] - Object: 'Object Repository/Final Object Repo/New Registration - Registration Module Pages/Form 2/Add Employee Button' is clicked on

2018-11-16 15:01:05 - [TEST_STEP][PASSED] - delay: Delayed 1 second(s)

2018-11-16 15:01:06 - [MESSAGE][PASSED] - Delayed 1 second(s)

2018-11-16 15:01:06 - [TEST_STEP][PASSED] - setText: Text '010903091948' is set on object 'Object Repository/Final Object Repo/New Registration - Registration Module Pages/Form 2/NRIC Input'

2018-11-16 15:01:07 - [MESSAGE][PASSED] - Text '010903091948' is set on object 'Object Repository/Final Object Repo/New Registration - Registration Module Pages/Form 2/NRIC Input'

2018-11-16 15:01:07 - [TEST_STEP][PASSED] - delay: Delayed 2 second(s)

2018-11-16 15:01:09 - [MESSAGE][PASSED] - Delayed 2 second(s)

2018-11-16 15:01:09 - [TEST_STEP][PASSED] - setText: Text 'Automate001 eligible 1' is set on object 'Object Repository/Final Object Repo/New Registration - Registration Module Pages/Form 2/Employee Name Input'

2018-11-16 15:01:09 - [MESSAGE][PASSED] - Text 'Automate001 eligible 1' is set on object 'Object Repository/Final Object Repo/New Registration - Registration Module Pages/Form 2/Employee Name Input'

2018-11-16 15:01:09 - [TEST_STEP][PASSED] - delay: Delayed 2 second(s)

2018-11-16 15:01:11 - [MESSAGE][PASSED] - Delayed 2 second(s)

2018-11-16 15:01:11 - [TEST_STEP][PASSED] - click: Object: 'Object Repository/Final Object Repo/New Registration - Registration Module Pages/Form 2/DatePicker Pop Up' is clicked on

2018-11-16 15:01:12 - [MESSAGE][PASSED] - Object: 'Object Repository/Final Object Repo/New Registration - Registration Module Pages/Form 2/DatePicker Pop Up' is clicked on

2018-11-16 15:01:12 - [TEST_STEP][PASSED] - click: Object: 'Object Repository/Final Object Repo/New Registration - Registration Module Pages/Form 2/DOB Month' is clicked on

2018-11-16 15:01:12 - [MESSAGE][PASSED] - Object: 'Object Repository/Final Object Repo/New Registration - Registration Module Pages/Form 2/DOB Month' is clicked on

2018-11-16 15:01:12 - [TEST_STEP][PASSED] - Statement - CurrentMonth = CurrentMonth: null

2018-11-16 15:01:12 - [TEST_STEP][PASSED] - Statement - selectMonth = new com.kms.katalon.core.testobject.TestObject(): null

2018-11-16 15:01:12 - [TEST_STEP][PASSED] - Statement - selectMonth.addProperty("xpath", EQUALS, "//body/div/div/div/select/option[@value='" + CurrentMonth + "']", true): null

2018-11-16 15:01:12 - [TEST_STEP][PASSED] - click: Object: '' is clicked on

2018-11-16 15:01:12 - [MESSAGE][PASSED] - Object: '' is clicked on

2018-11-16 15:01:12 - [TEST_STEP][PASSED] - click: Object: 'Object Repository/Final Object Repo/New Registration - Registration Module Pages/Form 2/DOB Year' is clicked on

2018-11-16 15:01:13 - [MESSAGE][PASSED] - Object: 'Object Repository/Final Object Repo/New Registration - Registration Module Pages/Form 2/DOB Year' is clicked on

2018-11-16 15:01:13 - [TEST_STEP][PASSED] - Statement - Eyearsbf = EighteenYrsBefore: null

2018-11-16 15:01:13 - [TEST_STEP][PASSED] - Statement - selectYear = new com.kms.katalon.core.testobject.TestObject(): null

2018-11-16 15:01:13 - [TEST_STEP][PASSED] - Statement - selectYear.addProperty("xpath", EQUALS, "//div/div/div/select/option[@value='" + Eyearsbf + "']", true): null

2018-11-16 15:01:13 - [TEST_STEP][PASSED] - click: Object: '' is clicked on

2018-11-16 15:01:13 - [MESSAGE][PASSED] - Object: '' is clicked on

2018-11-16 15:01:13 - [TEST_STEP][PASSED] - Statement - UpdatedSelectDate = com.kms.katalon.core.webui.keyword.WebUiBuiltInKeywords.modifyObjectProperty(com.kms.katalon.core.testobject.ObjectRepository.findTestObject(Final Object Repo/New Registration - Registration Module Pages/Form 2/DOB Date), "xpath", "equals", "//body/div/table/tbody/tr/td/a[text()="" + CurrentDate + ""]", true): Modify property of object successfully

2018-11-16 15:01:13 - [MESSAGE][PASSED] - Modify property of object successfully

2018-11-16 15:01:13 - [TEST_STEP][PASSED] - delay: Delayed 3 second(s)

2018-11-16 15:01:16 - [MESSAGE][PASSED] - Delayed 3 second(s)

2018-11-16 15:01:16 - [TEST_STEP][PASSED] - click: Object: 'Object Repository/Final Object Repo/New Registration - Registration Module Pages/Form 2/DOB Date' is clicked on

2018-11-16 15:01:16 - [MESSAGE][PASSED] - Object: 'Object Repository/Final Object Repo/New Registration - Registration Module Pages/Form 2/DOB Date' is clicked on

2018-11-16 15:01:16 - [TEST_STEP][PASSED] - delay: Delayed 2 second(s)

2018-11-16 15:01:18 - [MESSAGE][PASSED] - Delayed 2 second(s)

2018-11-16 15:01:18 - [TEST_STEP][PASSED] - click: Object: 'Object Repository/Final Object Repo/New Registration - Registration Module Pages/Form 2/EmploymentStartDate Pop Up' is clicked on

2018-11-16 15:01:19 - [MESSAGE][PASSED] - Object: 'Object Repository/Final Object Repo/New Registration - Registration Module Pages/Form 2/EmploymentStartDate Pop Up' is clicked on

2018-11-16 15:01:19 - [TEST_STEP][PASSED] - delay: Delayed 2 second(s)

2018-11-16 15:01:21 - [MESSAGE][PASSED] - Delayed 2 second(s)

2018-11-16 15:01:21 - [TEST_STEP][PASSED] - click: Object: 'Object Repository/Final Object Repo/New Registration - Registration Module Pages/Form 2/Socso Employment StartDate Month' is clicked on

2018-11-16 15:01:21 - [MESSAGE][PASSED] - Object: 'Object Repository/Final Object Repo/New Registration - Registration Module Pages/Form 2/Socso Employment StartDate Month' is clicked on

2018-11-16 15:01:21 - [TEST_STEP][PASSED] - delay: Delayed 1 second(s)

2018-11-16 15:01:22 - [MESSAGE][PASSED] - Delayed 1 second(s)

2018-11-16 15:01:22 - [TEST_STEP][PASSED] - click: Object: 'Object Repository/Final Object Repo/New Registration - Registration Module Pages/Form 2/Select Socso Employement Startdate Month' is clicked on

2018-11-16 15:01:23 - [MESSAGE][PASSED] - Object: 'Object Repository/Final Object Repo/New Registration - Registration Module Pages/Form 2/Select Socso Employement Startdate Month' is clicked on

2018-11-16 15:01:23 - [TEST_STEP][PASSED] - delay: Delayed 2 second(s)

2018-11-16 15:01:25 - [MESSAGE][PASSED] - Delayed 2 second(s)

2018-11-16 15:01:25 - [TEST_STEP][PASSED] - click: Object: 'Object Repository/Final Object Repo/New Registration - Registration Module Pages/Form 2/Socso Employment StartDate Year' is clicked on

2018-11-16 15:01:25 - [MESSAGE][PASSED] - Object: 'Object Repository/Final Object Repo/New Registration - Registration Module Pages/Form 2/Socso Employment StartDate Year' is clicked on

2018-11-16 15:01:25 - [TEST_STEP][PASSED] - delay: Delayed 1 second(s)

2018-11-16 15:01:26 - [MESSAGE][PASSED] - Delayed 1 second(s)

2018-11-16 15:01:26 - [TEST_STEP][PASSED] - click: Object: 'Object Repository/Final Object Repo/New Registration - Registration Module Pages/Form 2/Select Socso Employment Startdate Year' is clicked on

2018-11-16 15:01:26 - [MESSAGE][PASSED] - Object: 'Object Repository/Final Object Repo/New Registration - Registration Module Pages/Form 2/Select Socso Employment Startdate Year' is clicked on

2018-11-16 15:01:26 - [TEST_STEP][PASSED] - delay: Delayed 2 second(s)

2018-11-16 15:01:28 - [MESSAGE][PASSED] - Delayed 2 second(s)

2018-11-16 15:01:28 - [TEST_STEP][PASSED] - click: Object: 'Object Repository/Final Object Repo/New Registration - Registration Module Pages/Form 2/Socso Employment Start Date Day' is clicked on

2018-11-16 15:01:29 - [MESSAGE][PASSED] - Object: 'Object Repository/Final Object Repo/New Registration - Registration Module Pages/Form 2/Socso Employment Start Date Day' is clicked on

2018-11-16 15:01:29 - [TEST_STEP][PASSED] - delay: Delayed 2 second(s)

2018-11-16 15:01:31 - [MESSAGE][PASSED] - Delayed 2 second(s)

2018-11-16 15:01:31 - [TEST_STEP][PASSED] - click: Object: 'Object Repository/Final Object Repo/New Registration - Registration Module Pages/Form 2/Save Button for Add Employee' is clicked on

2018-11-16 15:01:31 - [MESSAGE][PASSED] - Object: 'Object Repository/Final Object Repo/New Registration - Registration Module Pages/Form 2/Save Button for Add Employee' is clicked on

2018-11-16 15:01:31 - [TEST_STEP][PASSED] - delay: Delayed 6 second(s)

2018-11-16 15:01:37 - [MESSAGE][PASSED] - Delayed 6 second(s)

2018-11-16 15:01:37 - [TEST_STEP][PASSED] - click: Object: 'Object Repository/Final Object Repo/New Registration - Registration Module Pages/Form 2/Save and Continue Form 2' is clicked on

2018-11-16 15:01:39 - [MESSAGE][PASSED] - Object: 'Object Repository/Final Object Repo/New Registration - Registration Module Pages/Form 2/Save and Continue Form 2' is clicked on

2018-11-16 15:01:39 - [MESSAGE][PASSED] - Call Test Case 'Test Cases/Final Aug 2018 - PKS Automation/Registration Module/New Registration/Form 2/Add 1 Eligible - Employer Account Use' successfully

2018-11-16 15:01:39 - [TEST_STEP][PASSED] - callTestCase: Call Test Case 'Test Cases/Final Aug 2018 - PKS Automation/Registration Module/New Registration/Flow of New Registration/Third Screen - Upload Supporting Doc - Preview' successfully

2018-11-16 15:01:39 - [TEST_CASE][PASSED] - Test Cases/Final Aug 2018 - PKS Automation/Registration Module/New Registration/Flow of New Registration/Third Screen - Upload Supporting Doc - Preview: Test Cases/Final Aug 2018 - PKS Automation/Registration Module/New Registration/Flow of New Registration/Third Screen - Upload Supporting Doc - Preview

2018-11-16 15:01:39 - [TEST_STEP][PASSED] - waitForPageLoad: Wait for page load successfully

2018-11-16 15:01:39 - [MESSAGE][PASSED] - Wait for page load successfully

2018-11-16 15:01:39 - [TEST_STEP][PASSED] - Statement - CaseReferenceNo = com.kms.katalon.core.webui.keyword.WebUiBuiltInKeywords.getText(com.kms.katalon.core.testobject.ObjectRepository.findTestObject(Final Object Repo/New Registration - Registration Module Pages/Third Screen - Upload Supporting Doc- Preview/RefNo Acquiring)): Text of object 'Object Repository/Final Object Repo/New Registration - Registration Module Pages/Third Screen - Upload Supporting Doc- Preview/RefNo Acquiring' is: 'CRN11201800122533'

2018-11-16 15:01:39 - [MESSAGE][PASSED] - Text of object 'Object Repository/Final Object Repo/New Registration - Registration Module Pages/Third Screen - Upload Supporting Doc- Preview/RefNo Acquiring' is: 'CRN11201800122533'

2018-11-16 15:01:39 - [TEST_STEP][PASSED] - delay: Delayed 2 second(s)

2018-11-16 15:01:41 - [MESSAGE][PASSED] - Delayed 2 second(s)

2018-11-16 15:01:41 - [TEST_STEP][PASSED] - callTestCase: Call Test Case 'Test Cases/Final Aug 2018 - PKS Automation/Common/Reference Number Setter' successfully

2018-11-16 15:01:41 - [TEST_CASE][PASSED] - Test Cases/Final Aug 2018 - PKS Automation/Common/Reference Number Setter: Test Cases/Final Aug 2018 - PKS Automation/Common/Reference Number Setter

2018-11-16 15:01:42 - [TEST_STEP][PASSED] - Statement - RefNoOldFile = new java.io.File(C://KatalonReference.txt): null

2018-11-16 15:01:42 - [TEST_STEP][PASSED] - Statement - RefNoOldFile.delete(): null

2018-11-16 15:01:42 - [TEST_STEP][PASSED] - delay: Delayed 5 second(s)

2018-11-16 15:01:47 - [MESSAGE][PASSED] - Delayed 5 second(s)

2018-11-16 15:01:47 - [TEST_STEP][PASSED] - Statement - RefNo = new java.io.File(C://KatalonReference.txt): null

2018-11-16 15:01:47 - [TEST_STEP][PASSED] - Statement - f2 = new java.io.FileWriter(RefNo, false): null

2018-11-16 15:01:47 - [TEST_STEP][PASSED] - Statement - f2.write(CaseReferenceNo): null

2018-11-16 15:01:47 - [TEST_STEP][PASSED] - Statement - f2.close(): null

2018-11-16 15:01:47 - [TEST_STEP][PASSED] - Statement - out.println("


" + CaseReferenceNo + "


"): null

2018-11-16 15:01:47 - [MESSAGE][PASSED] - Call Test Case 'Test Cases/Final Aug 2018 - PKS Automation/Common/Reference Number Setter' successfully

2018-11-16 15:01:47 - [TEST_STEP][PASSED] - waitForElementClickable: Object 'Object Repository/Final Object Repo/New Registration - Registration Module Pages/Third Screen - Upload Supporting Doc- Preview/Save n Continue in SIP Employee Listing Page' is clickable

2018-11-16 15:01:47 - [MESSAGE][PASSED] - Object 'Object Repository/Final Object Repo/New Registration - Registration Module Pages/Third Screen - Upload Supporting Doc- Preview/Save n Continue in SIP Employee Listing Page' is clickable

2018-11-16 15:01:47 - [TEST_STEP][PASSED] - click: Object: 'Object Repository/Final Object Repo/New Registration - Registration Module Pages/Third Screen - Upload Supporting Doc- Preview/Save n Continue in SIP Employee Listing Page' is clicked on

2018-11-16 15:01:52 - [MESSAGE][PASSED] - Object: 'Object Repository/Final Object Repo/New Registration - Registration Module Pages/Third Screen - Upload Supporting Doc- Preview/Save n Continue in SIP Employee Listing Page' is clicked on

2018-11-16 15:01:52 - [TEST_STEP][PASSED] - delay: Delayed 6 second(s)

2018-11-16 15:01:58 - [MESSAGE][PASSED] - Delayed 6 second(s)

2018-11-16 15:01:58 - [TEST_STEP][PASSED] - click: Object: 'Object Repository/Final Object Repo/New Registration - Registration Module Pages/Third Screen - Upload Supporting Doc- Preview/Add Document Button' is clicked on

2018-11-16 15:01:59 - [MESSAGE][PASSED] - Object: 'Object Repository/Final Object Repo/New Registration - Registration Module Pages/Third Screen - Upload Supporting Doc- Preview/Add Document Button' is clicked on

2018-11-16 15:01:59 - [TEST_STEP][PASSED] - delay: Delayed 30 second(s)

2018-11-16 15:02:29 - [MESSAGE][PASSED] - Delayed 30 second(s)

2018-11-16 15:02:29 - [TEST_STEP][PASSED] - click: Object: 'Object Repository/Final Object Repo/New Registration - Registration Module Pages/Third Screen - Upload Supporting Doc- Preview/Supporting Doc Please Select Drop Down' is clicked on

2018-11-16 15:02:29 - [MESSAGE][PASSED] - Object: 'Object Repository/Final Object Repo/New Registration - Registration Module Pages/Third Screen - Upload Supporting Doc- Preview/Supporting Doc Please Select Drop Down' is clicked on

2018-11-16 15:02:29 - [TEST_STEP][PASSED] - delay: Delayed 2 second(s)

2018-11-16 15:02:31 - [MESSAGE][PASSED] - Delayed 2 second(s)

2018-11-16 15:02:31 - [TEST_STEP][PASSED] - click: Object: 'Object Repository/Final Object Repo/New Registration - Registration Module Pages/Third Screen - Upload Supporting Doc- Preview/Select to Upload Form 1' is clicked on

2018-11-16 15:02:32 - [MESSAGE][PASSED] - Object: 'Object Repository/Final Object Repo/New Registration - Registration Module Pages/Third Screen - Upload Supporting Doc- Preview/Select to Upload Form 1' is clicked on

2018-11-16 15:02:32 - [TEST_STEP][PASSED] - delay: Delayed 2 second(s)

2018-11-16 15:02:34 - [MESSAGE][PASSED] - Delayed 2 second(s)

2018-11-16 15:02:34 - [TEST_STEP][PASSED] - uploadFile: File 'C:\Users\Public\Pictures\Sample Pictures\Act.jpg' sent to object: 'Object Repository/Final Object Repo/New Registration - Registration Module Pages/Third Screen - Upload Supporting Doc- Preview/Upload File Adding'

2018-11-16 15:02:34 - [MESSAGE][PASSED] - File 'C:\Users\Public\Pictures\Sample Pictures\Act.jpg' sent to object: 'Object Repository/Final Object Repo/New Registration - Registration Module Pages/Third Screen - Upload Supporting Doc- Preview/Upload File Adding'

2018-11-16 15:02:34 - [TEST_STEP][PASSED] - delay: Delayed 5 second(s)

2018-11-16 15:02:39 - [MESSAGE][PASSED] - Delayed 5 second(s)

2018-11-16 15:02:39 - [TEST_STEP][PASSED] - click: Object: 'Object Repository/Final Object Repo/New Registration - Registration Module Pages/Third Screen - Upload Supporting Doc- Preview/Inner Form Add Document Button' is clicked on

2018-11-16 15:02:45 - [MESSAGE][PASSED] - Object: 'Object Repository/Final Object Repo/New Registration - Registration Module Pages/Third Screen - Upload Supporting Doc- Preview/Inner Form Add Document Button' is clicked on

2018-11-16 15:02:45 - [TEST_STEP][PASSED] - delay: Delayed 3 second(s)

2018-11-16 15:02:48 - [MESSAGE][PASSED] - Delayed 3 second(s)

2018-11-16 15:02:48 - [TEST_STEP][PASSED] - click: Object: 'Object Repository/Final Object Repo/New Registration - Registration Module Pages/Third Screen - Upload Supporting Doc- Preview/Add Document Button' is clicked on

2018-11-16 15:02:48 - [MESSAGE][PASSED] - Object: 'Object Repository/Final Object Repo/New Registration - Registration Module Pages/Third Screen - Upload Supporting Doc- Preview/Add Document Button' is clicked on

2018-11-16 15:02:48 - [TEST_STEP][PASSED] - delay: Delayed 30 second(s)

2018-11-16 15:03:18 - [MESSAGE][PASSED] - Delayed 30 second(s)

2018-11-16 15:03:18 - [TEST_STEP][PASSED] - click: Object: 'Object Repository/Final Object Repo/New Registration - Registration Module Pages/Third Screen - Upload Supporting Doc- Preview/Supporting Doc Please Select Drop Down' is clicked on

2018-11-16 15:03:19 - [MESSAGE][PASSED] - Object: 'Object Repository/Final Object Repo/New Registration - Registration Module Pages/Third Screen - Upload Supporting Doc- Preview/Supporting Doc Please Select Drop Down' is clicked on

2018-11-16 15:03:19 - [TEST_STEP][PASSED] - delay: Delayed 2 second(s)

2018-11-16 15:03:21 - [MESSAGE][PASSED] - Delayed 2 second(s)

2018-11-16 15:03:21 - [TEST_STEP][PASSED] - click: Object: 'Object Repository/Final Object Repo/New Registration - Registration Module Pages/Third Screen - Upload Supporting Doc- Preview/Select to Upload Form 2' is clicked on

2018-11-16 15:03:21 - [MESSAGE][PASSED] - Object: 'Object Repository/Final Object Repo/New Registration - Registration Module Pages/Third Screen - Upload Supporting Doc- Preview/Select to Upload Form 2' is clicked on

2018-11-16 15:03:21 - [TEST_STEP][PASSED] - delay: Delayed 2 second(s)

2018-11-16 15:03:23 - [MESSAGE][PASSED] - Delayed 2 second(s)

2018-11-16 15:03:23 - [TEST_STEP][PASSED] - uploadFile: File 'C:\Users\Public\Pictures\Sample Pictures\Act.jpg' sent to object: 'Object Repository/Final Object Repo/New Registration - Registration Module Pages/Third Screen - Upload Supporting Doc- Preview/Upload File Adding'

2018-11-16 15:03:23 - [MESSAGE][PASSED] - File 'C:\Users\Public\Pictures\Sample Pictures\Act.jpg' sent to object: 'Object Repository/Final Object Repo/New Registration - Registration Module Pages/Third Screen - Upload Supporting Doc- Preview/Upload File Adding'

2018-11-16 15:03:23 - [TEST_STEP][PASSED] - click: Object: 'Object Repository/Final Object Repo/New Registration - Registration Module Pages/Third Screen - Upload Supporting Doc- Preview/Inner Form Add Document Button' is clicked on

2018-11-16 15:03:24 - [MESSAGE][PASSED] - Object: 'Object Repository/Final Object Repo/New Registration - Registration Module Pages/Third Screen - Upload Supporting Doc- Preview/Inner Form Add Document Button' is clicked on

2018-11-16 15:03:24 - [TEST_STEP][PASSED] - delay: Delayed 4 second(s)

2018-11-16 15:03:28 - [MESSAGE][PASSED] - Delayed 4 second(s)

2018-11-16 15:03:28 - [TEST_STEP][PASSED] - click: Object: 'Object Repository/Final Object Repo/New Registration - Registration Module Pages/Third Screen - Upload Supporting Doc- Preview/Add Document Button' is clicked on

2018-11-16 15:03:30 - [MESSAGE][PASSED] - Object: 'Object Repository/Final Object Repo/New Registration - Registration Module Pages/Third Screen - Upload Supporting Doc- Preview/Add Document Button' is clicked on

2018-11-16 15:03:30 - [TEST_STEP][PASSED] - delay: Delayed 30 second(s)

2018-11-16 15:04:00 - [MESSAGE][PASSED] - Delayed 30 second(s)

2018-11-16 15:04:00 - [TEST_STEP][PASSED] - click: Object: 'Object Repository/Final Object Repo/New Registration - Registration Module Pages/Third Screen - Upload Supporting Doc- Preview/Supporting Doc Please Select Drop Down' is clicked on

2018-11-16 15:04:00 - [MESSAGE][PASSED] - Object: 'Object Repository/Final Object Repo/New Registration - Registration Module Pages/Third Screen - Upload Supporting Doc- Preview/Supporting Doc Please Select Drop Down' is clicked on

2018-11-16 15:04:00 - [TEST_STEP][PASSED] - click: Object: 'Object Repository/Final Object Repo/New Registration - Registration Module Pages/Third Screen - Upload Supporting Doc- Preview/Select to Upload Borang SIP 1' is clicked on

2018-11-16 15:04:01 - [MESSAGE][PASSED] - Object: 'Object Repository/Final Object Repo/New Registration - Registration Module Pages/Third Screen - Upload Supporting Doc- Preview/Select to Upload Borang SIP 1' is clicked on

2018-11-16 15:04:01 - [TEST_STEP][PASSED] - delay: Delayed 2 second(s)

2018-11-16 15:04:03 - [MESSAGE][PASSED] - Delayed 2 second(s)

2018-11-16 15:04:03 - [TEST_STEP][PASSED] - uploadFile: File 'C:\Users\Public\Pictures\Sample Pictures\Act.jpg' sent to object: 'Object Repository/Final Object Repo/New Registration - Registration Module Pages/Third Screen - Upload Supporting Doc- Preview/Upload File Adding'

2018-11-16 15:04:03 - [MESSAGE][PASSED] - File 'C:\Users\Public\Pictures\Sample Pictures\Act.jpg' sent to object: 'Object Repository/Final Object Repo/New Registration - Registration Module Pages/Third Screen - Upload Supporting Doc- Preview/Upload File Adding'

2018-11-16 15:04:03 - [TEST_STEP][PASSED] - click: Object: 'Object Repository/Final Object Repo/New Registration - Registration Module Pages/Third Screen - Upload Supporting Doc- Preview/Inner Form Add Document Button' is clicked on

2018-11-16 15:04:08 - [MESSAGE][PASSED] - Object: 'Object Repository/Final Object Repo/New Registration - Registration Module Pages/Third Screen - Upload Supporting Doc- Preview/Inner Form Add Document Button' is clicked on

2018-11-16 15:04:08 - [TEST_STEP][PASSED] - delay: Delayed 5 second(s)

2018-11-16 15:04:13 - [MESSAGE][PASSED] - Delayed 5 second(s)

2018-11-16 15:04:13 - [TEST_STEP][PASSED] - click: Object: 'Object Repository/Final Object Repo/New Registration - Registration Module Pages/Third Screen - Upload Supporting Doc- Preview/Add Document Button' is clicked on

2018-11-16 15:04:14 - [MESSAGE][PASSED] - Object: 'Object Repository/Final Object Repo/New Registration - Registration Module Pages/Third Screen - Upload Supporting Doc- Preview/Add Document Button' is clicked on

2018-11-16 15:04:14 - [TEST_STEP][PASSED] - delay: Delayed 30 second(s)

2018-11-16 15:04:44 - [MESSAGE][PASSED] - Delayed 30 second(s)

2018-11-16 15:04:44 - [TEST_STEP][PASSED] - click: Object: 'Object Repository/Final Object Repo/New Registration - Registration Module Pages/Third Screen - Upload Supporting Doc- Preview/Supporting Doc Please Select Drop Down' is clicked on

2018-11-16 15:04:44 - [MESSAGE][PASSED] - Object: 'Object Repository/Final Object Repo/New Registration - Registration Module Pages/Third Screen - Upload Supporting Doc- Preview/Supporting Doc Please Select Drop Down' is clicked on

2018-11-16 15:04:44 - [TEST_STEP][PASSED] - delay: Delayed 3 second(s)

2018-11-16 15:04:47 - [MESSAGE][PASSED] - Delayed 3 second(s)

2018-11-16 15:04:47 - [TEST_STEP][PASSED] - click: Object: 'Object Repository/Final Object Repo/New Registration - Registration Module Pages/Third Screen - Upload Supporting Doc- Preview/Select to Upload Borang SIP 2' is clicked on

2018-11-16 15:04:48 - [MESSAGE][PASSED] - Object: 'Object Repository/Final Object Repo/New Registration - Registration Module Pages/Third Screen - Upload Supporting Doc- Preview/Select to Upload Borang SIP 2' is clicked on

2018-11-16 15:04:48 - [TEST_STEP][PASSED] - delay: Delayed 2 second(s)

2018-11-16 15:04:50 - [MESSAGE][PASSED] - Delayed 2 second(s)

2018-11-16 15:04:50 - [TEST_STEP][PASSED] - uploadFile: File 'C:\Users\Public\Pictures\Sample Pictures\Act.jpg' sent to object: 'Object Repository/Final Object Repo/New Registration - Registration Module Pages/Third Screen - Upload Supporting Doc- Preview/Upload File Adding'

2018-11-16 15:04:50 - [MESSAGE][PASSED] - File 'C:\Users\Public\Pictures\Sample Pictures\Act.jpg' sent to object: 'Object Repository/Final Object Repo/New Registration - Registration Module Pages/Third Screen - Upload Supporting Doc- Preview/Upload File Adding'

2018-11-16 15:04:50 - [TEST_STEP][PASSED] - delay: Delayed 5 second(s)

2018-11-16 15:04:55 - [MESSAGE][PASSED] - Delayed 5 second(s)

2018-11-16 15:04:55 - [TEST_STEP][PASSED] - click: Object: 'Object Repository/Final Object Repo/New Registration - Registration Module Pages/Third Screen - Upload Supporting Doc- Preview/Inner Form Add Document Button' is clicked on

2018-11-16 15:05:00 - [MESSAGE][PASSED] - Object: 'Object Repository/Final Object Repo/New Registration - Registration Module Pages/Third Screen - Upload Supporting Doc- Preview/Inner Form Add Document Button' is clicked on

2018-11-16 15:05:00 - [TEST_STEP][PASSED] - delay: Delayed 3 second(s)

2018-11-16 15:05:03 - [MESSAGE][PASSED] - Delayed 3 second(s)

2018-11-16 15:05:03 - [TEST_STEP][PASSED] - waitForElementClickable: Object 'Object Repository/Final Object Repo/New Registration - Registration Module Pages/Third Screen - Upload Supporting Doc- Preview/Save n Continue in Uploading Supporting Doc Page' is clickable

2018-11-16 15:05:03 - [MESSAGE][PASSED] - Object 'Object Repository/Final Object Repo/New Registration - Registration Module Pages/Third Screen - Upload Supporting Doc- Preview/Save n Continue in Uploading Supporting Doc Page' is clickable

2018-11-16 15:05:03 - [TEST_STEP][PASSED] - click: Object: 'Object Repository/Final Object Repo/New Registration - Registration Module Pages/Third Screen - Upload Supporting Doc- Preview/Save n Continue in Uploading Supporting Doc Page' is clicked on

2018-11-16 15:05:08 - [MESSAGE][PASSED] - Object: 'Object Repository/Final Object Repo/New Registration - Registration Module Pages/Third Screen - Upload Supporting Doc- Preview/Save n Continue in Uploading Supporting Doc Page' is clicked on

2018-11-16 15:05:08 - [MESSAGE][PASSED] - Call Test Case 'Test Cases/Final Aug 2018 - PKS Automation/Registration Module/New Registration/Flow of New Registration/Third Screen - Upload Supporting Doc - Preview' successfully

2018-11-16 15:05:08 - [TEST_STEP][PASSED] - setText: Text 'Tester' is set on object 'Object Repository/Final Object Repo/New Registration - Registration Module Pages/New Reg - OTC to RO/Special Case - All Related Objects/Employer Preview Name'

2018-11-16 15:05:08 - [MESSAGE][PASSED] - Text 'Tester' is set on object 'Object Repository/Final Object Repo/New Registration - Registration Module Pages/New Reg - OTC to RO/Special Case - All Related Objects/Employer Preview Name'

2018-11-16 15:05:08 - [TEST_STEP][PASSED] - click: Object: 'Object Repository/Final Object Repo/New Registration - Registration Module Pages/New Reg - OTC to RO/Special Case - All Related Objects/IC Type Drop Down' is clicked on

2018-11-16 15:05:09 - [MESSAGE][PASSED] - Object: 'Object Repository/Final Object Repo/New Registration - Registration Module Pages/New Reg - OTC to RO/Special Case - All Related Objects/IC Type Drop Down' is clicked on

2018-11-16 15:05:09 - [TEST_STEP][PASSED] - click: Object: 'Object Repository/Final Object Repo/New Registration - Registration Module Pages/New Reg - OTC to RO/Special Case - All Related Objects/Select to NRIC' is clicked on

2018-11-16 15:05:09 - [MESSAGE][PASSED] - Object: 'Object Repository/Final Object Repo/New Registration - Registration Module Pages/New Reg - OTC to RO/Special Case - All Related Objects/Select to NRIC' is clicked on

2018-11-16 15:05:09 - [TEST_STEP][PASSED] - setText: Text '133245561223' is set on object 'Object Repository/Final Object Repo/New Registration - Registration Module Pages/New Reg - OTC to RO/Special Case - All Related Objects/IC Value'

2018-11-16 15:05:10 - [MESSAGE][PASSED] - Text '133245561223' is set on object 'Object Repository/Final Object Repo/New Registration - Registration Module Pages/New Reg - OTC to RO/Special Case - All Related Objects/IC Value'

2018-11-16 15:05:10 - [TEST_STEP][PASSED] - setText: Text 'Auto' is set on object 'Object Repository/Final Object Repo/New Registration - Registration Module Pages/New Reg - OTC to RO/Special Case - All Related Objects/Designation'

2018-11-16 15:05:10 - [MESSAGE][PASSED] - Text 'Auto' is set on object 'Object Repository/Final Object Repo/New Registration - Registration Module Pages/New Reg - OTC to RO/Special Case - All Related Objects/Designation'

2018-11-16 15:05:10 - [TEST_STEP][PASSED] - callTestCase: Call Test Case 'Test Cases/Final Aug 2018 - PKS Automation/Registration Module/New Registration/Submit and Screenshot/Submit Registration and Screenshot - Copy' successfully

2018-11-16 15:05:10 - [TEST_CASE][PASSED] - Test Cases/Final Aug 2018 - PKS Automation/Registration Module/New Registration/Submit and Screenshot/Submit Registration and Screenshot - Copy: Test Cases/Final Aug 2018 - PKS Automation/Registration Module/New Registration/Submit and Screenshot/Submit Registration and Screenshot - Copy

2018-11-16 15:05:10 - [TEST_STEP][PASSED] - delay: Delayed 6 second(s)

2018-11-16 15:05:16 - [MESSAGE][PASSED] - Delayed 6 second(s)

2018-11-16 15:05:16 - [TEST_STEP][PASSED] - click: Object: 'Object Repository/Final Object Repo/New Registration - Registration Module Pages/Third Screen - Upload Supporting Doc- Preview/Preview Submit Button' is clicked on

2018-11-16 15:05:17 - [MESSAGE][PASSED] - Object: 'Object Repository/Final Object Repo/New Registration - Registration Module Pages/Third Screen - Upload Supporting Doc- Preview/Preview Submit Button' is clicked on

2018-11-16 15:05:17 - [TEST_STEP][PASSED] - delay: Delayed 2 second(s)

2018-11-16 15:05:19 - [MESSAGE][PASSED] - Delayed 2 second(s)

2018-11-16 15:05:19 - [TEST_STEP][PASSED] - click: Object: 'Object Repository/Final Object Repo/New Registration - Registration Module Pages/Third Screen - Upload Supporting Doc- Preview/Preview Submit - Confirm' is clicked on

2018-11-16 15:05:24 - [MESSAGE][PASSED] - Object: 'Object Repository/Final Object Repo/New Registration - Registration Module Pages/Third Screen - Upload Supporting Doc- Preview/Preview Submit - Confirm' is clicked on

2018-11-16 15:05:24 - [TEST_STEP][PASSED] - delay: Delayed 15 second(s)

2018-11-16 15:05:39 - [MESSAGE][PASSED] - Delayed 15 second(s)

2018-11-16 15:05:39 - [TEST_STEP][PASSED] - Statement - driver = com.kms.katalon.core.webui.driver.DriverFactory.getWebDriver(): null

2018-11-16 15:05:39 - [TEST_STEP][PASSED] - Statement - driver.manage().timeouts().implicitlyWait(10, SECONDS): null

2018-11-16 15:05:39 - [TEST_STEP][PASSED] - Statement - PresavePath = KatalonScreenshots: null

2018-11-16 15:05:39 - [TEST_STEP][PASSED] - Statement - pathPrefix = "C:\Users\Public\Pictures\Sample Pictures\Katalon Screenshots\Automate Ending Screen": null

2018-11-16 15:05:39 - [TEST_STEP][PASSED] - Statement - finalPath = <not implemented yet for class: org.codehaus.groovy.ast.expr.EmptyExpression>: null

2018-11-16 15:05:39 - [TEST_STEP][PASSED] - Statement - scrFile = driver.getScreenshotAs(FILE): null

2018-11-16 15:05:39 - [TEST_STEP][PASSED] - Statement - PreSaveFile = new java.io.File(PresavePath): null

2018-11-16 15:05:39 - [TEST_STEP][PASSED] - Statement - counter = 0: null

2018-11-16 15:05:39 - [TEST_STEP][PASSED] - Statement - If (PreSaveFile.exists()): null

2018-11-16 15:05:39 - [TEST_STEP][PASSED] - Statement - While (PreSaveFile.exists()): null

2018-11-16 15:05:39 - [TEST_STEP][PASSED] - Statement - counter = counter + 1: null

2018-11-16 15:05:39 - [TEST_STEP][PASSED] - Statement - PreSaveFile = new java.io.File(((pathPrefix + java.lang.Integer.toString(counter)) + .png)): null

2018-11-16 15:05:39 - [TEST_STEP][PASSED] - Statement - counter = counter + 1: null

2018-11-16 15:05:39 - [TEST_STEP][PASSED] - Statement - PreSaveFile = new java.io.File(((pathPrefix + java.lang.Integer.toString(counter)) + .png)): null

2018-11-16 15:05:39 - [TEST_STEP][PASSED] - Statement - counter = counter + 1: null

2018-11-16 15:05:39 - [TEST_STEP][PASSED] - Statement - PreSaveFile = new java.io.File(((pathPrefix + java.lang.Integer.toString(counter)) + .png)): null

2018-11-16 15:05:39 - [TEST_STEP][PASSED] - Statement - counter = counter + 1: null

2018-11-16 15:05:39 - [TEST_STEP][PASSED] - Statement - PreSaveFile = new java.io.File(((pathPrefix + java.lang.Integer.toString(counter)) + .png)): null

2018-11-16 15:05:39 - [TEST_STEP][PASSED] - Statement - counter = counter + 1: null

2018-11-16 15:05:39 - [TEST_STEP][PASSED] - Statement - PreSaveFile = new java.io.File(((pathPrefix + java.lang.Integer.toString(counter)) + .png)): null

2018-11-16 15:05:39 - [TEST_STEP][PASSED] - Statement - counter = counter + 1: null

2018-11-16 15:05:39 - [TEST_STEP][PASSED] - Statement - PreSaveFile = new java.io.File(((pathPrefix + java.lang.Integer.toString(counter)) + .png)): null

2018-11-16 15:05:39 - [TEST_STEP][PASSED] - Statement - counter = counter + 1: null

2018-11-16 15:05:39 - [TEST_STEP][PASSED] - Statement - PreSaveFile = new java.io.File(((pathPrefix + java.lang.Integer.toString(counter)) + .png)): null

2018-11-16 15:05:39 - [TEST_STEP][PASSED] - Statement - finalPath = pathPrefix + java.lang.Integer.toString(counter) + ".png": null

2018-11-16 15:05:39 - [TEST_STEP][PASSED] - Statement - SaveFile = new java.io.File(finalPath): null

2018-11-16 15:05:39 - [TEST_STEP][PASSED] - Statement - Try: null

2018-11-16 15:05:39 - [TEST_STEP][PASSED] - Statement - org.apache.commons.io.FileUtils.copyFile(scrFile, SaveFile): null

2018-11-16 15:05:39 - [TEST_STEP][PASSED] - Statement - out.println("file kept"): null

2018-11-16 15:05:39 - [TEST_STEP][PASSED] - delay: Delayed 10 second(s)

2018-11-16 15:05:49 - [MESSAGE][PASSED] - Delayed 10 second(s)

2018-11-16 15:05:49 - [MESSAGE][PASSED] - Call Test Case 'Test Cases/Final Aug 2018 - PKS Automation/Registration Module/New Registration/Submit and Screenshot/Submit Registration and Screenshot - Copy' successfully

2018-11-16 15:05:49 - [TEST_STEP][PASSED] - Statement - UpdateAddNewECode = com.kms.katalon.core.webui.keyword.WebUiBuiltInKeywords.getText(com.kms.katalon.core.testobject.ObjectRepository.findTestObject(Object Repository/Final Object Repo/Page_Update Add New Employee - ASSIST/getEmpCode)): Text of object 'Object Repository/Final Object Repo/Page_Update Add New Employee - ASSIST/getEmpCode' is: 'E1102070243K'

2018-11-16 15:05:49 - [MESSAGE][PASSED] - Text of object 'Object Repository/Final Object Repo/Page_Update Add New Employee - ASSIST/getEmpCode' is: 'E1102070243K'

2018-11-16 15:05:49 - [TEST_STEP][PASSED] - callTestCase: Call Test Case 'Test Cases/Final Aug 2018 - PKS Automation/Common/Emp Code Setter' successfully

2018-11-16 15:05:49 - [TEST_CASE][PASSED] - Test Cases/Final Aug 2018 - PKS Automation/Common/Emp Code Setter: Test Cases/Final Aug 2018 - PKS Automation/Common/Emp Code Setter

2018-11-16 15:05:50 - [TEST_STEP][PASSED] - Statement - EmpCodeOld = new java.io.File(C://EmpCode.txt): null

2018-11-16 15:05:50 - [TEST_STEP][PASSED] - Statement - EmpCodeOld.delete(): null

2018-11-16 15:05:50 - [TEST_STEP][PASSED] - Statement - EmpCode = new java.io.File(C://EmpCode.txt): null

2018-11-16 15:05:50 - [TEST_STEP][PASSED] - Statement - EmpCode.append(UpdateAddNewECode): null

2018-11-16 15:05:50 - [TEST_STEP][PASSED] - Statement - out.println("


" + UpdateAddNewECode + "


"): null

2018-11-16 15:05:50 - [MESSAGE][PASSED] - Call Test Case 'Test Cases/Final Aug 2018 - PKS Automation/Common/Emp Code Setter' successfully

2018-11-16 15:05:50 - [MESSAGE][PASSED] - Call Test Case 'Test Cases/Final Aug 2018 - PKS Automation/Registration Module/Workflow/Update Add New Employee/Template/New Company for Update Add New - Employer' successfully

2018-11-16 15:05:50 - [TEST_STEP][PASSED] - callTestCase: Call Test Case 'Test Cases/Final Aug 2018 - PKS Automation/Create Employer Acc/Login to Employer Account (Second time)' successfully

2018-11-16 15:05:50 - [TEST_CASE][PASSED] - Test Cases/Final Aug 2018 - PKS Automation/Create Employer Acc/Login to Employer Account (Second time): Test Cases/Final Aug 2018 - PKS Automation/Create Employer Acc/Login to Employer Account (Second time)

2018-11-16 15:05:50 - [TEST_STEP][PASSED] - openBrowser: Browser is opened with url: ''

2018-11-16 15:05:50 - [MESSAGE][WARNING] - A browser is already opened. Closing browser and opening a new one

2018-11-16 15:05:55 - [MESSAGE][PASSED] - Browser is opened with url: ''

2018-11-16 15:05:55 - [TEST_STEP][PASSED] - navigateToUrl: Navigate to 'https://assist2-uat.perkeso.gov.my/employer/login' successfully

2018-11-16 15:05:57 - [MESSAGE][PASSED] - Navigate to 'https://assist2-uat.perkeso.gov.my/employer/login' successfully

2018-11-16 15:05:57 - [TEST_STEP][PASSED] - delay: Delayed 3 second(s)

2018-11-16 15:06:00 - [MESSAGE][PASSED] - Delayed 3 second(s)

2018-11-16 15:06:00 - [TEST_STEP][PASSED] - callTestCase: Call Test Case 'Test Cases/Final Aug 2018 - PKS Automation/Create Employer Acc/Template/Employer Email Getter' successfully

2018-11-16 15:06:00 - [TEST_CASE][PASSED] - Test Cases/Final Aug 2018 - PKS Automation/Create Employer Acc/Template/Employer Email Getter: Test Cases/Final Aug 2018 - PKS Automation/Create Employer Acc/Template/Employer Email Getter

2018-11-16 15:06:00 - [TEST_STEP][PASSED] - Statement - Try: null

2018-11-16 15:06:00 - [TEST_STEP][PASSED] - Statement - EmpEmail = new java.io.File(C://EmpEmail.txt): null

2018-11-16 15:06:00 - [TEST_STEP][PASSED] - Statement - bufferread = new java.io.BufferedReader(new java.io.FileReader(EmpEmail)): null

2018-11-16 15:06:00 - [TEST_STEP][PASSED] - Statement - readedVal = bufferread.readLine(): null

2018-11-16 15:06:00 - [TEST_STEP][PASSED] - Statement - out.println(readedVal): null

2018-11-16 15:06:00 - [TEST_STEP][PASSED] - Statement - Email = readedVal: null

2018-11-16 15:06:00 - [MESSAGE][PASSED] - Call Test Case 'Test Cases/Final Aug 2018 - PKS Automation/Create Employer Acc/Template/Employer Email Getter' successfully

2018-11-16 15:06:00 - [TEST_STEP][PASSED] - setText: Text 'perkeso984373147613@gmail.com' is set on object 'Object Repository/Final Object Repo/Login Page/External Login Page/Email'

2018-11-16 15:06:00 - [MESSAGE][PASSED] - Text 'perkeso984373147613@gmail.com' is set on object 'Object Repository/Final Object Repo/Login Page/External Login Page/Email'

2018-11-16 15:06:00 - [TEST_STEP][PASSED] - click: Object: 'Object Repository/Final Object Repo/Login Page/External Login Page/Next' is clicked on

2018-11-16 15:06:00 - [MESSAGE][PASSED] - Object: 'Object Repository/Final Object Repo/Login Page/External Login Page/Next' is clicked on

2018-11-16 15:06:00 - [TEST_STEP][PASSED] - delay: Delayed 3 second(s)

2018-11-16 15:06:03 - [MESSAGE][PASSED] - Delayed 3 second(s)

2018-11-16 15:06:03 - [TEST_STEP][PASSED] - setEncryptedText: Text ****** has been set on object 'Object Repository/Final Object Repo/Login Page/External Login Page/Password'

2018-11-16 15:06:04 - [MESSAGE][PASSED] - Text ****** has been set on object 'Object Repository/Final Object Repo/Login Page/External Login Page/Password'

2018-11-16 15:06:04 - [TEST_STEP][PASSED] - click: Object: 'Object Repository/Final Object Repo/Login Page/External Login Page/Login' is clicked on

2018-11-16 15:06:10 - [MESSAGE][PASSED] - Object: 'Object Repository/Final Object Repo/Login Page/External Login Page/Login' is clicked on

2018-11-16 15:06:10 - [TEST_STEP][PASSED] - delay: Delayed 5 second(s)

2018-11-16 15:06:15 - [MESSAGE][PASSED] - Delayed 5 second(s)

2018-11-16 15:06:15 - [MESSAGE][PASSED] - Call Test Case 'Test Cases/Final Aug 2018 - PKS Automation/Create Employer Acc/Login to Employer Account (Second time)' successfully

2018-11-16 15:06:15 - [TEST_STEP][PASSED] - Statement - Try: Delayed 2 second(s)

2018-11-16 15:06:15 - [TEST_STEP][PASSED] - Statement - Checker = false: null

2018-11-16 15:06:15 - [TEST_STEP][PASSED] - Statement - Checker = com.kms.katalon.core.webui.keyword.WebUiBuiltInKeywords.verifyElementHasAttribute(com.kms.katalon.core.testobject.ObjectRepository.findTestObject(Final Object Repo/Landing Page/BM Detecting), "href", 20, OPTIONAL): Object 'Object Repository/Final Object Repo/Landing Page/BM Detecting' has attribute 'href'

2018-11-16 15:06:16 - [MESSAGE][PASSED] - Object 'Object Repository/Final Object Repo/Landing Page/BM Detecting' has attribute 'href'

2018-11-16 15:06:16 - [TEST_STEP][PASSED] - Statement - out.println(Checker): null

2018-11-16 15:06:16 - [TEST_STEP][PASSED] - Statement - If (Checker == false): null

2018-11-16 15:06:16 - [TEST_STEP][PASSED] - Statement - Else: null

2018-11-16 15:06:16 - [TEST_STEP][PASSED] - delay: Delayed 2 second(s)

2018-11-16 15:06:18 - [MESSAGE][PASSED] - Delayed 2 second(s)

2018-11-16 15:06:18 - [TEST_STEP][PASSED] - navigateToUrl: Navigate to 'https://assist2-uat.perkeso.gov.my/web/registration/update/update-employee-information-employer-' successfully

2018-11-16 15:06:19 - [MESSAGE][PASSED] - Navigate to 'https://assist2-uat.perkeso.gov.my/web/registration/update/update-employee-information-employer-' successfully

2018-11-16 15:06:19 - [TEST_STEP][PASSED] - click: Object: 'Object Repository/Final Object Repo/Page_Update Employee Information By Employer/Edit Button' is clicked on

2018-11-16 15:06:22 - [MESSAGE][PASSED] - Object: 'Object Repository/Final Object Repo/Page_Update Employee Information By Employer/Edit Button' is clicked on

2018-11-16 15:06:22 - [TEST_STEP][PASSED] - click: Object: 'Object Repository/Final Object Repo/Page_Update Employee Information By Employer/Employee Name or New Identification' is clicked on

2018-11-16 15:06:23 - [MESSAGE][PASSED] - Object: 'Object Repository/Final Object Repo/Page_Update Employee Information By Employer/Employee Name or New Identification' is clicked on

2018-11-16 15:06:23 - [TEST_STEP][PASSED] - delay: Delayed 1 second(s)

2018-11-16 15:06:24 - [MESSAGE][PASSED] - Delayed 1 second(s)

2018-11-16 15:06:24 - [TEST_STEP][PASSED] - click: Object: 'Object Repository/Final Object Repo/Page_Update Employee Information By Employer/Selection - Employee Name' is clicked on

2018-11-16 15:06:24 - [MESSAGE][PASSED] - Object: 'Object Repository/Final Object Repo/Page_Update Employee Information By Employer/Selection - Employee Name' is clicked on

2018-11-16 15:06:24 - [TEST_STEP][PASSED] - delay: Delayed 1 second(s)

2018-11-16 15:06:25 - [MESSAGE][PASSED] - Delayed 1 second(s)

2018-11-16 15:06:26 - [TEST_STEP][PASSED] - setText: Text 'AUTOMATE001 ELIGIBLE 1' is set on object 'Object Repository/Final Object Repo/Page_Update Employee Information By Employer/Employee Name'

2018-11-16 15:06:26 - [MESSAGE][PASSED] - Text 'AUTOMATE001 ELIGIBLE 1' is set on object 'Object Repository/Final Object Repo/Page_Update Employee Information By Employer/Employee Name'

2018-11-16 15:06:26 - [TEST_STEP][PASSED] - delay: Delayed 2 second(s)

2018-11-16 15:06:28 - [MESSAGE][PASSED] - Delayed 2 second(s)

2018-11-16 15:06:28 - [TEST_STEP][PASSED] - click: Object: 'Object Repository/Final Object Repo/Page_Update Employee Information By Employer/Search Employee' is clicked on

2018-11-16 15:06:28 - [MESSAGE][PASSED] - Object: 'Object Repository/Final Object Repo/Page_Update Employee Information By Employer/Search Employee' is clicked on

2018-11-16 15:06:28 - [TEST_STEP][PASSED] - delay: Delayed 3 second(s)

2018-11-16 15:06:31 - [MESSAGE][PASSED] - Delayed 3 second(s)

2018-11-16 15:06:31 - [TEST_STEP][PASSED] - click: Object: 'Object Repository/Final Object Repo/Page_Update Employee Information By Employer/Employee Edit Button' is clicked on

2018-11-16 15:06:32 - [MESSAGE][PASSED] - Object: 'Object Repository/Final Object Repo/Page_Update Employee Information By Employer/Employee Edit Button' is clicked on

2018-11-16 15:06:32 - [TEST_STEP][PASSED] - delay: Delayed 3 second(s)

2018-11-16 15:06:35 - [MESSAGE][PASSED] - Delayed 3 second(s)

2018-11-16 15:06:35 - [TEST_STEP][PASSED] - setText: Text '' is set on object 'Object Repository/Final Object Repo/Page_Update Employee Information By Employer/Identification Number'

2018-11-16 15:06:35 - [MESSAGE][PASSED] - Text '' is set on object 'Object Repository/Final Object Repo/Page_Update Employee Information By Employer/Identification Number'

2018-11-16 15:06:35 - [TEST_STEP][PASSED] - Statement - rnd = new java.util.Random(): null

2018-11-16 15:06:35 - [TEST_STEP][PASSED] - Statement - snum = rnd.nextInt(899999 + 1) + 100000: null

2018-11-16 15:06:35 - [TEST_STEP][PASSED] - Statement - tnum = rnd.nextInt(899999 + 1) + 100000: null

2018-11-16 15:06:35 - [TEST_STEP][PASSED] - Statement - IC = java.lang.Integer.toString(snum) + java.lang.Integer.toString(tnum): null

2018-11-16 15:06:35 - [TEST_STEP][PASSED] - Statement - out.println(IC): null

2018-11-16 15:06:35 - [TEST_STEP][PASSED] - setText: Text '143522574623' is set on object 'Object Repository/Final Object Repo/Page_Update Employee Information By Employer/Identification Number'

2018-11-16 15:06:35 - [MESSAGE][PASSED] - Text '143522574623' is set on object 'Object Repository/Final Object Repo/Page_Update Employee Information By Employer/Identification Number'

2018-11-16 15:06:35 - [TEST_STEP][PASSED] - click: Object: 'Object Repository/Final Object Repo/Page_Update Employee Information By Employer/Save' is clicked on

2018-11-16 15:06:39 - [MESSAGE][PASSED] - Object: 'Object Repository/Final Object Repo/Page_Update Employee Information By Employer/Save' is clicked on

2018-11-16 15:06:39 - [TEST_STEP][PASSED] - delay: Delayed 5 second(s)

2018-11-16 15:06:44 - [MESSAGE][PASSED] - Delayed 5 second(s)

2018-11-16 15:06:44 - [TEST_STEP][PASSED] - Statement - CaseReferenceNo = com.kms.katalon.core.webui.keyword.WebUiBuiltInKeywords.getText(com.kms.katalon.core.testobject.ObjectRepository.findTestObject(Final Object Repo/Reference Number/Reference Number in Update Employee Information Page)): Text of object 'Object Repository/Final Object Repo/Reference Number/Reference Number in Update Employee Information Page' is: 'CUN112018C100005507'

2018-11-16 15:06:44 - [MESSAGE][PASSED] - Text of object 'Object Repository/Final Object Repo/Reference Number/Reference Number in Update Employee Information Page' is: 'CUN112018C100005507'

2018-11-16 15:06:44 - [TEST_STEP][PASSED] - callTestCase: Call Test Case 'Test Cases/Final Aug 2018 - PKS Automation/Common/Reference Number Setter' successfully

2018-11-16 15:06:44 - [TEST_CASE][PASSED] - Test Cases/Final Aug 2018 - PKS Automation/Common/Reference Number Setter: Test Cases/Final Aug 2018 - PKS Automation/Common/Reference Number Setter

2018-11-16 15:06:44 - [TEST_STEP][PASSED] - Statement - RefNoOldFile = new java.io.File(C://KatalonReference.txt): null

2018-11-16 15:06:44 - [TEST_STEP][PASSED] - Statement - RefNoOldFile.delete(): null

2018-11-16 15:06:44 - [TEST_STEP][PASSED] - delay: Delayed 5 second(s)

2018-11-16 15:06:49 - [MESSAGE][PASSED] - Delayed 5 second(s)

2018-11-16 15:06:49 - [TEST_STEP][PASSED] - Statement - RefNo = new java.io.File(C://KatalonReference.txt): null

2018-11-16 15:06:49 - [TEST_STEP][PASSED] - Statement - f2 = new java.io.FileWriter(RefNo, false): null

2018-11-16 15:06:49 - [TEST_STEP][PASSED] - Statement - f2.write(CaseReferenceNo): null

2018-11-16 15:06:49 - [TEST_STEP][PASSED] - Statement - f2.close(): null

2018-11-16 15:06:49 - [TEST_STEP][PASSED] - Statement - out.println("


" + CaseReferenceNo + "


"): null

2018-11-16 15:06:49 - [MESSAGE][PASSED] - Call Test Case 'Test Cases/Final Aug 2018 - PKS Automation/Common/Reference Number Setter' successfully

2018-11-16 15:06:49 - [TEST_STEP][PASSED] - delay: Delayed 5 second(s)

2018-11-16 15:06:54 - [MESSAGE][PASSED] - Delayed 5 second(s)

2018-11-16 15:06:54 - [TEST_STEP][PASSED] - click: Object: 'Object Repository/Final Object Repo/Page_Update Employee Information By Employer/Save  Continue in  Employee Information Page' is clicked on

2018-11-16 15:06:58 - [MESSAGE][PASSED] - Object: 'Object Repository/Final Object Repo/Page_Update Employee Information By Employer/Save  Continue in  Employee Information Page' is clicked on

2018-11-16 15:06:58 - [TEST_STEP][PASSED] - delay: Delayed 5 second(s)

2018-11-16 15:07:03 - [MESSAGE][PASSED] - Delayed 5 second(s)

2018-11-16 15:07:03 - [TEST_STEP][PASSED] - click: Object: 'Object Repository/Final Object Repo/Page_Update Employee Information By Employer/Save  Continue in Uploading Page 1' is clicked on

2018-11-16 15:07:07 - [MESSAGE][PASSED] - Object: 'Object Repository/Final Object Repo/Page_Update Employee Information By Employer/Save  Continue in Uploading Page 1' is clicked on

2018-11-16 15:07:07 - [TEST_STEP][PASSED] - delay: Delayed 5 second(s)

2018-11-16 15:07:12 - [MESSAGE][PASSED] - Delayed 5 second(s)

2018-11-16 15:07:12 - [TEST_STEP][PASSED] - click: Object: 'Object Repository/Final Object Repo/Page_Update Employee Information By Employer/Submit' is clicked on

2018-11-16 15:07:13 - [MESSAGE][PASSED] - Object: 'Object Repository/Final Object Repo/Page_Update Employee Information By Employer/Submit' is clicked on

2018-11-16 15:07:13 - [TEST_STEP][PASSED] - delay: Delayed 5 second(s)

2018-11-16 15:07:18 - [MESSAGE][PASSED] - Delayed 5 second(s)

2018-11-16 15:07:18 - [TEST_STEP][PASSED] - click: Object: 'Object Repository/Final Object Repo/Page_Update Employee Information By Employer/Confirm' is clicked on

2018-11-16 15:07:23 - [MESSAGE][PASSED] - Object: 'Object Repository/Final Object Repo/Page_Update Employee Information By Employer/Confirm' is clicked on

2018-11-16 15:07:23 - [TEST_STEP][PASSED] - delay: Delayed 5 second(s)

2018-11-16 15:07:28 - [MESSAGE][PASSED] - Delayed 5 second(s)

2018-11-16 15:07:28 - [TEST_STEP][PASSED] - verifyElementVisible: Object 'Object Repository/Final Object Repo/Page_Update Employee Information By Employer/Successfull Message Routed to UO' is visible

2018-11-16 15:07:28 - [MESSAGE][PASSED] - Object 'Object Repository/Final Object Repo/Page_Update Employee Information By Employer/Successfull Message Routed to UO' is visible

2018-11-16 15:07:28 - [MESSAGE][PASSED] - Call Test Case 'Test Cases/Final Aug 2018 - PKS Automation/Registration Module/Workflow/Update Employee Information (Employer)/Template/Update Employer Information - Special Case (Employer)' successfully

2018-11-16 15:07:28 - [TEST_STEP][PASSED] - callTestCase: Call Test Case 'Test Cases/Final Aug 2018 - PKS Automation/Registration Module/Workflow/Update Employee Information (Employer)/Template/Update Employee Information - Special Case - UO (Approve)' successfully

2018-11-16 15:07:28 - [TEST_CASE][PASSED] - Test Cases/Final Aug 2018 - PKS Automation/Registration Module/Workflow/Update Employee Information (Employer)/Template/Update Employee Information - Special Case - UO (Approve): Test Cases/Final Aug 2018 - PKS Automation/Registration Module/Workflow/Update Employee Information (Employer)/Template/Update Employee Information - Special Case - UO (Approve)

2018-11-16 15:07:28 - [TEST_STEP][NOT_RUN] - callTestCase: NOT_RUN: callTestCase

2018-11-16 15:07:28 - [MESSAGE][NOT_RUN] - NOT_RUN: callTestCase

2018-11-16 15:07:28 - [TEST_STEP][PASSED] - delay: Delayed 2 second(s)

2018-11-16 15:07:30 - [MESSAGE][PASSED] - Delayed 2 second(s)

2018-11-16 15:07:30 - [TEST_STEP][PASSED] - navigateToUrl: Navigate to 'https://assist2-uat.perkeso.gov.my/c/portal/logout' successfully

2018-11-16 15:07:31 - [MESSAGE][PASSED] - Navigate to 'https://assist2-uat.perkeso.gov.my/c/portal/logout' successfully

2018-11-16 15:07:31 - [TEST_STEP][PASSED] - delay: Delayed 2 second(s)

2018-11-16 15:07:33 - [MESSAGE][PASSED] - Delayed 2 second(s)

2018-11-16 15:07:33 - [TEST_STEP][PASSED] - callTestCase: Call Test Case 'Test Cases/Final Aug 2018 - PKS Automation/Common/Reference Number Getter' successfully

2018-11-16 15:07:33 - [TEST_CASE][PASSED] - Test Cases/Final Aug 2018 - PKS Automation/Common/Reference Number Getter: Test Cases/Final Aug 2018 - PKS Automation/Common/Reference Number Getter

2018-11-16 15:07:34 - [TEST_STEP][PASSED] - Statement - Try: null

2018-11-16 15:07:34 - [TEST_STEP][PASSED] - Statement - RefNo = new java.io.File(C://KatalonReference.txt): null

2018-11-16 15:07:34 - [TEST_STEP][PASSED] - Statement - bufferread = new java.io.BufferedReader(new java.io.FileReader(RefNo)): null

2018-11-16 15:07:34 - [TEST_STEP][PASSED] - Statement - readedVal = bufferread.readLine(): null

2018-11-16 15:07:34 - [TEST_STEP][PASSED] - Statement - out.println(CaseReferenceNo): null

2018-11-16 15:07:34 - [TEST_STEP][PASSED] - Statement - out.println(readedVal): null

2018-11-16 15:07:34 - [TEST_STEP][PASSED] - Statement - CaseReferenceNo = "": null

2018-11-16 15:07:34 - [TEST_STEP][PASSED] - Statement - CaseReferenceNo = readedVal: null

2018-11-16 15:07:34 - [MESSAGE][PASSED] - Call Test Case 'Test Cases/Final Aug 2018 - PKS Automation/Common/Reference Number Getter' successfully

2018-11-16 15:07:34 - [TEST_STEP][PASSED] - callTestCase: Call Test Case 'Test Cases/Final Aug 2018 - PKS Automation/Common/Workflow Owner Finder' successfully

2018-11-16 15:07:34 - [TEST_CASE][PASSED] - Test Cases/Final Aug 2018 - PKS Automation/Common/Workflow Owner Finder: Test Cases/Final Aug 2018 - PKS Automation/Common/Workflow Owner Finder

2018-11-16 15:07:34 - [TEST_STEP][PASSED] - openBrowser: Browser is opened with url: ''

2018-11-16 15:07:34 - [MESSAGE][WARNING] - A browser is already opened. Closing browser and opening a new one

2018-11-16 15:07:39 - [MESSAGE][PASSED] - Browser is opened with url: ''

2018-11-16 15:07:39 - [TEST_STEP][PASSED] - navigateToUrl: Navigate to 'https://assist2-uat.perkeso.gov.my/login' successfully

2018-11-16 15:07:41 - [MESSAGE][PASSED] - Navigate to 'https://assist2-uat.perkeso.gov.my/login' successfully

2018-11-16 15:07:41 - [TEST_STEP][PASSED] - delay: Delayed 5 second(s)

2018-11-16 15:07:46 - [MESSAGE][PASSED] - Delayed 5 second(s)

2018-11-16 15:07:46 - [TEST_STEP][PASSED] - setText: Text 'test@liferay.com' is set on object 'Object Repository/Final Object Repo/Login Page/Internal User/Email Address'

2018-11-16 15:07:46 - [MESSAGE][PASSED] - Text 'test@liferay.com' is set on object 'Object Repository/Final Object Repo/Login Page/Internal User/Email Address'

2018-11-16 15:07:46 - [TEST_STEP][PASSED] - click: Object: 'Object Repository/Final Object Repo/Login Page/Internal User/Next Button' is clicked on

2018-11-16 15:07:47 - [MESSAGE][PASSED] - Object: 'Object Repository/Final Object Repo/Login Page/Internal User/Next Button' is clicked on

2018-11-16 15:07:47 - [TEST_STEP][PASSED] - delay: Delayed 2 second(s)

2018-11-16 15:07:49 - [MESSAGE][PASSED] - Delayed 2 second(s)

2018-11-16 15:07:49 - [TEST_STEP][PASSED] - setText: Text 'test' is set on object 'Object Repository/Final Object Repo/Login Page/Internal User/Password'

2018-11-16 15:07:49 - [MESSAGE][PASSED] - Text 'test' is set on object 'Object Repository/Final Object Repo/Login Page/Internal User/Password'

2018-11-16 15:07:49 - [TEST_STEP][PASSED] - delay: Delayed 2 second(s)

2018-11-16 15:07:51 - [MESSAGE][PASSED] - Delayed 2 second(s)

2018-11-16 15:07:51 - [TEST_STEP][PASSED] - click: Object: 'Object Repository/Final Object Repo/Login Page/Internal User/Login Button' is clicked on

2018-11-16 15:07:54 - [MESSAGE][PASSED] - Object: 'Object Repository/Final Object Repo/Login Page/Internal User/Login Button' is clicked on

2018-11-16 15:07:54 - [TEST_STEP][PASSED] - Statement - Try: Delayed 2 second(s)

2018-11-16 15:07:54 - [TEST_STEP][PASSED] - Statement - Checker = false: null

2018-11-16 15:07:54 - [TEST_STEP][PASSED] - Statement - Checker = com.kms.katalon.core.webui.keyword.WebUiBuiltInKeywords.verifyElementHasAttribute(com.kms.katalon.core.testobject.ObjectRepository.findTestObject(Final Object Repo/Landing Page/BM Detecting), "href", 20, OPTIONAL): Object 'Object Repository/Final Object Repo/Landing Page/BM Detecting' has attribute 'href'

2018-11-16 15:07:54 - [MESSAGE][PASSED] - Object 'Object Repository/Final Object Repo/Landing Page/BM Detecting' has attribute 'href'

2018-11-16 15:07:54 - [TEST_STEP][PASSED] - Statement - out.println(Checker): null

2018-11-16 15:07:54 - [TEST_STEP][PASSED] - Statement - If (Checker == false): null

2018-11-16 15:07:54 - [TEST_STEP][PASSED] - Statement - Else: null

2018-11-16 15:07:54 - [TEST_STEP][PASSED] - delay: Delayed 2 second(s)

2018-11-16 15:07:56 - [MESSAGE][PASSED] - Delayed 2 second(s)

2018-11-16 15:07:56 - [TEST_STEP][PASSED] - delay: Delayed 3 second(s)

2018-11-16 15:07:59 - [MESSAGE][PASSED] - Delayed 3 second(s)

2018-11-16 15:07:59 - [TEST_STEP][PASSED] - mouseOver: Object: 'Object Repository/Final Object Repo/Landing Page/WorkFlow Menu' is hovered

2018-11-16 15:07:59 - [MESSAGE][PASSED] - Object: 'Object Repository/Final Object Repo/Landing Page/WorkFlow Menu' is hovered

2018-11-16 15:07:59 - [TEST_STEP][PASSED] - delay: Delayed 2 second(s)

2018-11-16 15:08:01 - [MESSAGE][PASSED] - Delayed 2 second(s)

2018-11-16 15:08:01 - [TEST_STEP][PASSED] - click: Object: 'Object Repository/Final Object Repo/Landing Page/Select to Workflow Listing' is clicked on

2018-11-16 15:08:03 - [MESSAGE][PASSED] - Object: 'Object Repository/Final Object Repo/Landing Page/Select to Workflow Listing' is clicked on

2018-11-16 15:08:03 - [TEST_STEP][PASSED] - delay: Delayed 2 second(s)

2018-11-16 15:08:05 - [MESSAGE][PASSED] - Delayed 2 second(s)

2018-11-16 15:08:05 - [TEST_STEP][PASSED] - click: Object: 'Object Repository/Final Object Repo/WorkFlow Listing Page/Search Information - To Put Ref No' is clicked on

2018-11-16 15:08:05 - [MESSAGE][PASSED] - Object: 'Object Repository/Final Object Repo/WorkFlow Listing Page/Search Information - To Put Ref No' is clicked on

2018-11-16 15:08:05 - [TEST_STEP][PASSED] - delay: Delayed 2 second(s)

2018-11-16 15:08:07 - [MESSAGE][PASSED] - Delayed 2 second(s)

2018-11-16 15:08:07 - [TEST_STEP][PASSED] - callTestCase: Call Test Case 'Test Cases/Final Aug 2018 - PKS Automation/Common/Reference Number Getter' successfully

2018-11-16 15:08:07 - [TEST_CASE][PASSED] - Test Cases/Final Aug 2018 - PKS Automation/Common/Reference Number Getter: Test Cases/Final Aug 2018 - PKS Automation/Common/Reference Number Getter

2018-11-16 15:08:07 - [TEST_STEP][PASSED] - Statement - Try: null

2018-11-16 15:08:07 - [TEST_STEP][PASSED] - Statement - RefNo = new java.io.File(C://KatalonReference.txt): null

2018-11-16 15:08:07 - [TEST_STEP][PASSED] - Statement - bufferread = new java.io.BufferedReader(new java.io.FileReader(RefNo)): null

2018-11-16 15:08:07 - [TEST_STEP][PASSED] - Statement - readedVal = bufferread.readLine(): null

2018-11-16 15:08:07 - [TEST_STEP][PASSED] - Statement - out.println(CaseReferenceNo): null

2018-11-16 15:08:07 - [TEST_STEP][PASSED] - Statement - out.println(readedVal): null

2018-11-16 15:08:07 - [TEST_STEP][PASSED] - Statement - CaseReferenceNo = "": null

2018-11-16 15:08:07 - [TEST_STEP][PASSED] - Statement - CaseReferenceNo = readedVal: null

2018-11-16 15:08:07 - [MESSAGE][PASSED] - Call Test Case 'Test Cases/Final Aug 2018 - PKS Automation/Common/Reference Number Getter' successfully

2018-11-16 15:08:07 - [TEST_STEP][PASSED] - setText: Text 'CUN112018C100005507' is set on object 'Object Repository/Final Object Repo/WorkFlow Listing Page/Ref No Set Text'

2018-11-16 15:08:07 - [MESSAGE][PASSED] - Text 'CUN112018C100005507' is set on object 'Object Repository/Final Object Repo/WorkFlow Listing Page/Ref No Set Text'

2018-11-16 15:08:07 - [TEST_STEP][PASSED] - delay: Delayed 2 second(s)

2018-11-16 15:08:09 - [MESSAGE][PASSED] - Delayed 2 second(s)

2018-11-16 15:08:09 - [TEST_STEP][PASSED] - click: Object: 'Object Repository/Final Object Repo/WorkFlow Listing Page/Search Ref No Search Button' is clicked on

2018-11-16 15:08:11 - [MESSAGE][PASSED] - Object: 'Object Repository/Final Object Repo/WorkFlow Listing Page/Search Ref No Search Button' is clicked on

2018-11-16 15:08:11 - [TEST_STEP][PASSED] - delay: Delayed 4 second(s)

2018-11-16 15:08:15 - [MESSAGE][PASSED] - Delayed 4 second(s)

2018-11-16 15:08:15 - [TEST_STEP][PASSED] - click: Object: 'Object Repository/Final Object Repo/WorkFlow Listing Page/Click Continue Tooltip' is clicked on

2018-11-16 15:08:16 - [MESSAGE][PASSED] - Object: 'Object Repository/Final Object Repo/WorkFlow Listing Page/Click Continue Tooltip' is clicked on

2018-11-16 15:08:16 - [TEST_STEP][PASSED] - delay: Delayed 5 second(s)

2018-11-16 15:08:21 - [MESSAGE][PASSED] - Delayed 5 second(s)

2018-11-16 15:08:21 - [TEST_STEP][PASSED] - doubleClick: Object: 'Object Repository/Final Object Repo/WorkFlow Listing Page/Workflow Found - Listing 1' is double clicked on

2018-11-16 15:08:22 - [MESSAGE][PASSED] - Object: 'Object Repository/Final Object Repo/WorkFlow Listing Page/Workflow Found - Listing 1' is double clicked on

2018-11-16 15:08:22 - [TEST_STEP][PASSED] - Statement - println(OwnerID): null

2018-11-16 15:08:22 - [TEST_STEP][PASSED] - Statement - OwnerID = com.kms.katalon.core.webui.keyword.WebUiBuiltInKeywords.getText(com.kms.katalon.core.testobject.ObjectRepository.findTestObject(Final Object Repo/WorkFlow Listing Page/Workflow Found - Listing 1), STOP_ON_FAILURE): Text of object 'Object Repository/Final Object Repo/WorkFlow Listing Page/Workflow Found - Listing 1' is: 'JOHORuo1'

2018-11-16 15:08:22 - [MESSAGE][PASSED] - Text of object 'Object Repository/Final Object Repo/WorkFlow Listing Page/Workflow Found - Listing 1' is: 'JOHORuo1'

2018-11-16 15:08:22 - [TEST_STEP][PASSED] - Statement - OwnerID = OwnerID.toLowerCase() + "@gmail.com": null

2018-11-16 15:08:22 - [TEST_STEP][PASSED] - Statement - println(OwnerID): null

2018-11-16 15:08:22 - [TEST_STEP][PASSED] - delay: Delayed 2 second(s)

2018-11-16 15:08:24 - [MESSAGE][PASSED] - Delayed 2 second(s)

2018-11-16 15:08:24 - [MESSAGE][PASSED] - Call Test Case 'Test Cases/Final Aug 2018 - PKS Automation/Common/Workflow Owner Finder' successfully

2018-11-16 15:08:24 - [TEST_STEP][PASSED] - delay: Delayed 2 second(s)

2018-11-16 15:08:26 - [MESSAGE][PASSED] - Delayed 2 second(s)

2018-11-16 15:08:26 - [TEST_STEP][PASSED] - navigateToUrl: Navigate to 'https://assist2-uat.perkeso.gov.my/c/portal/logout' successfully

2018-11-16 15:08:27 - [MESSAGE][PASSED] - Navigate to 'https://assist2-uat.perkeso.gov.my/c/portal/logout' successfully

2018-11-16 15:08:27 - [TEST_STEP][PASSED] - delay: Delayed 2 second(s)

2018-11-16 15:08:29 - [MESSAGE][PASSED] - Delayed 2 second(s)

2018-11-16 15:08:29 - [TEST_STEP][PASSED] - callTestCase: Call Test Case 'Test Cases/Final Aug 2018 - PKS Automation/Registration Module/Workflow/Login and Search Case For Workflow' successfully

2018-11-16 15:08:29 - [TEST_CASE][PASSED] - Test Cases/Final Aug 2018 - PKS Automation/Registration Module/Workflow/Login and Search Case For Workflow: Test Cases/Final Aug 2018 - PKS Automation/Registration Module/Workflow/Login and Search Case For Workflow

2018-11-16 15:08:29 - [TEST_STEP][PASSED] - navigateToUrl: Navigate to 'https://assist2-uat.perkeso.gov.my/login' successfully

2018-11-16 15:08:30 - [MESSAGE][PASSED] - Navigate to 'https://assist2-uat.perkeso.gov.my/login' successfully

2018-11-16 15:08:30 - [TEST_STEP][PASSED] - setText: Text 'johoruo1@gmail.com' is set on object 'Object Repository/Final Object Repo/Login Page/Internal User/Email Address'

2018-11-16 15:08:30 - [MESSAGE][PASSED] - Text 'johoruo1@gmail.com' is set on object 'Object Repository/Final Object Repo/Login Page/Internal User/Email Address'

2018-11-16 15:08:30 - [TEST_STEP][PASSED] - click: Object: 'Object Repository/Final Object Repo/Login Page/Internal User/Next Button' is clicked on

2018-11-16 15:08:31 - [MESSAGE][PASSED] - Object: 'Object Repository/Final Object Repo/Login Page/Internal User/Next Button' is clicked on

2018-11-16 15:08:31 - [TEST_STEP][PASSED] - delay: Delayed 1 second(s)

2018-11-16 15:08:32 - [MESSAGE][PASSED] - Delayed 1 second(s)

2018-11-16 15:08:32 - [TEST_STEP][PASSED] - setEncryptedText: Text ****** has been set on object 'Object Repository/Final Object Repo/Login Page/Internal User/Password'

2018-11-16 15:08:32 - [MESSAGE][PASSED] - Text ****** has been set on object 'Object Repository/Final Object Repo/Login Page/Internal User/Password'

2018-11-16 15:08:32 - [TEST_STEP][PASSED] - click: Object: 'Object Repository/Final Object Repo/Login Page/Internal User/Login Button' is clicked on

2018-11-16 15:08:34 - [MESSAGE][PASSED] - Object: 'Object Repository/Final Object Repo/Login Page/Internal User/Login Button' is clicked on

2018-11-16 15:08:34 - [TEST_STEP][PASSED] - delay: Delayed 2 second(s)

2018-11-16 15:08:36 - [MESSAGE][PASSED] - Delayed 2 second(s)

2018-11-16 15:08:36 - [TEST_STEP][PASSED] - Statement - Try: Delayed 2 second(s)

2018-11-16 15:08:36 - [TEST_STEP][PASSED] - Statement - Checker = false: null

2018-11-16 15:08:36 - [TEST_STEP][PASSED] - Statement - Checker = com.kms.katalon.core.webui.keyword.WebUiBuiltInKeywords.verifyElementHasAttribute(com.kms.katalon.core.testobject.ObjectRepository.findTestObject(Final Object Repo/Landing Page/BM Detecting), "href", 20, OPTIONAL): Object 'Object Repository/Final Object Repo/Landing Page/BM Detecting' has attribute 'href'

2018-11-16 15:08:36 - [MESSAGE][PASSED] - Object 'Object Repository/Final Object Repo/Landing Page/BM Detecting' has attribute 'href'

2018-11-16 15:08:36 - [TEST_STEP][PASSED] - Statement - out.println(Checker): null

2018-11-16 15:08:36 - [TEST_STEP][PASSED] - Statement - If (Checker == false): null

2018-11-16 15:08:36 - [TEST_STEP][PASSED] - Statement - Else: null

2018-11-16 15:08:36 - [TEST_STEP][PASSED] - delay: Delayed 2 second(s)

2018-11-16 15:08:38 - [MESSAGE][PASSED] - Delayed 2 second(s)

2018-11-16 15:08:38 - [TEST_STEP][PASSED] - click: Object: 'Object Repository/Final Object Repo/Page_MyASSIST - ASSIST - Search Pending Case For Add Supporting Document/Search Information' is clicked on

2018-11-16 15:08:38 - [MESSAGE][PASSED] - Object: 'Object Repository/Final Object Repo/Page_MyASSIST - ASSIST - Search Pending Case For Add Supporting Document/Search Information' is clicked on

2018-11-16 15:08:38 - [TEST_STEP][PASSED] - delay: Delayed 3 second(s)

2018-11-16 15:08:41 - [MESSAGE][PASSED] - Delayed 3 second(s)

2018-11-16 15:08:41 - [TEST_STEP][PASSED] - sendKeys: Keys 'CUN112018C100005507' sent to object: 'Object Repository/Final Object Repo/Page_MyASSIST - ASSIST - Search Pending Case For Add Supporting Document/Reference No'

2018-11-16 15:08:42 - [MESSAGE][PASSED] - Keys 'CUN112018C100005507' sent to object: 'Object Repository/Final Object Repo/Page_MyASSIST - ASSIST - Search Pending Case For Add Supporting Document/Reference No'

2018-11-16 15:08:42 - [TEST_STEP][PASSED] - click: Object: 'Object Repository/Final Object Repo/Page_MyASSIST - ASSIST - Search Pending Case For Add Supporting Document/Search Reference No' is clicked on

2018-11-16 15:08:43 - [MESSAGE][PASSED] - Object: 'Object Repository/Final Object Repo/Page_MyASSIST - ASSIST - Search Pending Case For Add Supporting Document/Search Reference No' is clicked on

2018-11-16 15:08:43 - [TEST_STEP][PASSED] - delay: Delayed 2 second(s)

2018-11-16 15:08:45 - [MESSAGE][PASSED] - Delayed 2 second(s)

2018-11-16 15:08:45 - [TEST_STEP][PASSED] - click: Object: 'Object Repository/Final Object Repo/Page_MyASSIST - ASSIST - Search Pending Case For Add Supporting Document/Continue' is clicked on

2018-11-16 15:08:50 - [MESSAGE][PASSED] - Object: 'Object Repository/Final Object Repo/Page_MyASSIST - ASSIST - Search Pending Case For Add Supporting Document/Continue' is clicked on

2018-11-16 15:08:50 - [TEST_STEP][PASSED] - delay: Delayed 20 second(s)

2018-11-16 15:09:10 - [MESSAGE][PASSED] - Delayed 20 second(s)

2018-11-16 15:09:10 - [MESSAGE][PASSED] - Call Test Case 'Test Cases/Final Aug 2018 - PKS Automation/Registration Module/Workflow/Login and Search Case For Workflow' successfully

2018-11-16 15:09:10 - [TEST_STEP][PASSED] - delay: Delayed 2 second(s)

2018-11-16 15:09:12 - [MESSAGE][PASSED] - Delayed 2 second(s)

2018-11-16 15:09:12 - [TEST_STEP][PASSED] - click: Object: 'Object Repository/Final Object Repo/Page_Update Employee Information By Employer/Page_Update Employee Information by Employer (Approve)/Continue' is clicked on

2018-11-16 15:09:16 - [MESSAGE][PASSED] - Object: 'Object Repository/Final Object Repo/Page_Update Employee Information By Employer/Page_Update Employee Information by Employer (Approve)/Continue' is clicked on

2018-11-16 15:09:16 - [TEST_STEP][PASSED] - delay: Delayed 2 second(s)

2018-11-16 15:09:18 - [MESSAGE][PASSED] - Delayed 2 second(s)

2018-11-16 15:09:18 - [TEST_STEP][PASSED] - click: Object: 'Object Repository/Final Object Repo/Page_Update Employee Information By Employer/Page_Update Employee Information by Employer (Approve)/Save  Continue in Update Employee Information Page' is clicked on

2018-11-16 15:09:22 - [MESSAGE][PASSED] - Object: 'Object Repository/Final Object Repo/Page_Update Employee Information By Employer/Page_Update Employee Information by Employer (Approve)/Save  Continue in Update Employee Information Page' is clicked on

2018-11-16 15:09:22 - [TEST_STEP][PASSED] - delay: Delayed 4 second(s)

2018-11-16 15:09:26 - [MESSAGE][PASSED] - Delayed 4 second(s)

2018-11-16 15:09:26 - [TEST_STEP][PASSED] - click: Object: 'Object Repository/Final Object Repo/Page_Update Employee Information By Employer/Page_Update Employee Information by Employer (Approve)/Save  Continue in Upload Supporting Doucument Page' is clicked on

2018-11-16 15:09:30 - [MESSAGE][PASSED] - Object: 'Object Repository/Final Object Repo/Page_Update Employee Information By Employer/Page_Update Employee Information by Employer (Approve)/Save  Continue in Upload Supporting Doucument Page' is clicked on

2018-11-16 15:09:30 - [TEST_STEP][PASSED] - delay: Delayed 2 second(s)

2018-11-16 15:09:32 - [MESSAGE][PASSED] - Delayed 2 second(s)

2018-11-16 15:09:32 - [TEST_STEP][PASSED] - click: Object: 'Object Repository/Final Object Repo/Page_Update Employee Information By Employer/Page_Update Employee Information by Employer (Approve)/Approve' is clicked on

2018-11-16 15:09:32 - [MESSAGE][PASSED] - Object: 'Object Repository/Final Object Repo/Page_Update Employee Information By Employer/Page_Update Employee Information by Employer (Approve)/Approve' is clicked on

2018-11-16 15:09:32 - [TEST_STEP][PASSED] - delay: Delayed 2 second(s)

2018-11-16 15:09:34 - [MESSAGE][PASSED] - Delayed 2 second(s)

2018-11-16 15:09:34 - [TEST_STEP][PASSED] - click: Object: 'Object Repository/Final Object Repo/Page_Update Employee Information By Employer/Page_Update Employee Information by Employer (Approve)/Confirm' is clicked on

2018-11-16 15:09:40 - [MESSAGE][PASSED] - Object: 'Object Repository/Final Object Repo/Page_Update Employee Information By Employer/Page_Update Employee Information by Employer (Approve)/Confirm' is clicked on

2018-11-16 15:09:40 - [TEST_STEP][PASSED] - delay: Delayed 2 second(s)

2018-11-16 15:09:42 - [MESSAGE][PASSED] - Delayed 2 second(s)

2018-11-16 15:09:42 - [TEST_STEP][PASSED] - verifyElementVisible: Object 'Object Repository/Final Object Repo/Page_Update Employee Information By Employer/Page_Update Employee Information by Employer (Approve)/Successfull Message Submitted Successfully' is visible

2018-11-16 15:09:42 - [MESSAGE][PASSED] - Object 'Object Repository/Final Object Repo/Page_Update Employee Information By Employer/Page_Update Employee Information by Employer (Approve)/Successfull Message Submitted Successfully' is visible

2018-11-16 15:09:42 - [TEST_STEP][PASSED] - delay: Delayed 2 second(s)

2018-11-16 15:09:44 - [MESSAGE][PASSED] - Delayed 2 second(s)

2018-11-16 15:09:44 - [TEST_STEP][PASSED] - verifyElementVisible: Object 'Object Repository/Final Object Repo/Page_Update Employee Information By Employer/Page_Update Employee Information by Employer (Approve)/Letter of Successful update' is visible

2018-11-16 15:09:44 - [MESSAGE][PASSED] - Object 'Object Repository/Final Object Repo/Page_Update Employee Information By Employer/Page_Update Employee Information by Employer (Approve)/Letter of Successful update' is visible

2018-11-16 15:09:44 - [MESSAGE][PASSED] - Call Test Case 'Test Cases/Final Aug 2018 - PKS Automation/Registration Module/Workflow/Update Employee Information (Employer)/Template/Update Employee Information - Special Case - UO (Approve)' successfully]]></system-out>
         <system-err><![CDATA[]]></system-err>
      </testcase>
      <testcase name="Test Cases/Final Aug 2018 - PKS Automation/Registration Module/Workflow/Update Employee Information (Employer)/Employer - UO (Query)" classname="Test Cases/Final Aug 2018 - PKS Automation/Registration Module/Workflow/Update Employee Information (Employer)/Employer - UO (Query)" status="PASSED">
         <system-out><![CDATA[2018-11-16 15:09:44 - [TEST_CASE][PASSED] - Test Cases/Final Aug 2018 - PKS Automation/Registration Module/Workflow/Update Employee Information (Employer)/Employer - UO (Query): Test Cases/Final Aug 2018 - PKS Automation/Registration Module/Workflow/Update Employee Information (Employer)/Employer - UO (Query)

2018-11-16 15:09:44 - [TEST_STEP][PASSED] - callTestCase: Call Test Case 'Test Cases/Final Aug 2018 - PKS Automation/Registration Module/Workflow/Update Employee Information (Employer)/Template/Update Employer Information - Special Case (Employer)' successfully

2018-11-16 15:09:44 - [TEST_CASE][PASSED] - Test Cases/Final Aug 2018 - PKS Automation/Registration Module/Workflow/Update Employee Information (Employer)/Template/Update Employer Information - Special Case (Employer): Test Cases/Final Aug 2018 - PKS Automation/Registration Module/Workflow/Update Employee Information (Employer)/Template/Update Employer Information - Special Case (Employer)

2018-11-16 15:09:44 - [TEST_STEP][PASSED] - callTestCase: Call Test Case 'Test Cases/Final Aug 2018 - PKS Automation/Registration Module/Workflow/Update Add New Employee/Template/New Company for Update Add New - Employer' successfully

2018-11-16 15:09:44 - [TEST_CASE][PASSED] - Test Cases/Final Aug 2018 - PKS Automation/Registration Module/Workflow/Update Add New Employee/Template/New Company for Update Add New - Employer: Test Cases/Final Aug 2018 - PKS Automation/Registration Module/Workflow/Update Add New Employee/Template/New Company for Update Add New - Employer

2018-11-16 15:09:44 - [TEST_STEP][PASSED] - callTestCase: Call Test Case 'Test Cases/Final Aug 2018 - PKS Automation/Create Employer Acc/Create Employer Account' successfully

2018-11-16 15:09:44 - [TEST_CASE][PASSED] - Test Cases/Final Aug 2018 - PKS Automation/Create Employer Acc/Create Employer Account: Test Cases/Final Aug 2018 - PKS Automation/Create Employer Acc/Create Employer Account

2018-11-16 15:09:44 - [TEST_STEP][PASSED] - callTestCase: Call Test Case 'Test Cases/Final Aug 2018 - PKS Automation/Create Employer Acc/Template/Register Employer' successfully

2018-11-16 15:09:44 - [TEST_CASE][PASSED] - Test Cases/Final Aug 2018 - PKS Automation/Create Employer Acc/Template/Register Employer: Test Cases/Final Aug 2018 - PKS Automation/Create Employer Acc/Template/Register Employer

2018-11-16 15:09:44 - [TEST_STEP][PASSED] - openBrowser: Browser is opened with url: ''

2018-11-16 15:09:44 - [MESSAGE][WARNING] - A browser is already opened. Closing browser and opening a new one

2018-11-16 15:09:49 - [MESSAGE][PASSED] - Browser is opened with url: ''

2018-11-16 15:09:49 - [TEST_STEP][PASSED] - navigateToUrl: Navigate to 'https://assist2-uat.perkeso.gov.my/login' successfully

2018-11-16 15:09:51 - [MESSAGE][PASSED] - Navigate to 'https://assist2-uat.perkeso.gov.my/login' successfully

2018-11-16 15:09:51 - [TEST_STEP][PASSED] - setText: Text 'johorotc1@gmail.com' is set on object 'Object Repository/Final Object Repo/Login Page/Internal User/Email Address'

2018-11-16 15:09:51 - [MESSAGE][PASSED] - Text 'johorotc1@gmail.com' is set on object 'Object Repository/Final Object Repo/Login Page/Internal User/Email Address'

2018-11-16 15:09:51 - [TEST_STEP][PASSED] - click: Object: 'Object Repository/Final Object Repo/Login Page/Internal User/Next Button' is clicked on

2018-11-16 15:09:52 - [MESSAGE][PASSED] - Object: 'Object Repository/Final Object Repo/Login Page/Internal User/Next Button' is clicked on

2018-11-16 15:09:52 - [TEST_STEP][PASSED] - delay: Delayed 1 second(s)

2018-11-16 15:09:53 - [MESSAGE][PASSED] - Delayed 1 second(s)

2018-11-16 15:09:53 - [TEST_STEP][PASSED] - setEncryptedText: Text ****** has been set on object 'Object Repository/Final Object Repo/Login Page/Internal User/Password'

2018-11-16 15:09:53 - [MESSAGE][PASSED] - Text ****** has been set on object 'Object Repository/Final Object Repo/Login Page/Internal User/Password'

2018-11-16 15:09:53 - [TEST_STEP][PASSED] - click: Object: 'Object Repository/Final Object Repo/Login Page/Internal User/Login Button' is clicked on

2018-11-16 15:09:56 - [MESSAGE][PASSED] - Object: 'Object Repository/Final Object Repo/Login Page/Internal User/Login Button' is clicked on

2018-11-16 15:09:56 - [TEST_STEP][PASSED] - delay: Delayed 1 second(s)

2018-11-16 15:09:57 - [MESSAGE][PASSED] - Delayed 1 second(s)

2018-11-16 15:09:57 - [TEST_STEP][PASSED] - navigateToUrl: Navigate to 'https://assist2-uat.perkeso.gov.my/web/base/portal-id/registration' successfully

2018-11-16 15:09:58 - [MESSAGE][PASSED] - Navigate to 'https://assist2-uat.perkeso.gov.my/web/base/portal-id/registration' successfully

2018-11-16 15:09:58 - [TEST_STEP][PASSED] - setText: Text 'AUTOMATION EMPLOYER' is set on object 'Object Repository/Final Object Repo/Creating Employer Account/Page_Registration - ASSIST (Base)/Employer Name'

2018-11-16 15:09:58 - [MESSAGE][PASSED] - Text 'AUTOMATION EMPLOYER' is set on object 'Object Repository/Final Object Repo/Creating Employer Account/Page_Registration - ASSIST (Base)/Employer Name'

2018-11-16 15:09:58 - [TEST_STEP][PASSED] - delay: Delayed 2 second(s)

2018-11-16 15:10:00 - [MESSAGE][PASSED] - Delayed 2 second(s)

2018-11-16 15:10:00 - [TEST_STEP][PASSED] - click: Object: 'Object Repository/Final Object Repo/Creating Employer Account/Page_Registration - ASSIST (Base)/Registration Type' is clicked on

2018-11-16 15:10:01 - [MESSAGE][PASSED] - Object: 'Object Repository/Final Object Repo/Creating Employer Account/Page_Registration - ASSIST (Base)/Registration Type' is clicked on

2018-11-16 15:10:01 - [TEST_STEP][PASSED] - delay: Delayed 2 second(s)

2018-11-16 15:10:03 - [MESSAGE][PASSED] - Delayed 2 second(s)

2018-11-16 15:10:03 - [TEST_STEP][PASSED] - click: Object: 'Object Repository/Final Object Repo/Creating Employer Account/Page_Registration - ASSIST (Base)/Registration Type - Registration No' is clicked on

2018-11-16 15:10:03 - [MESSAGE][PASSED] - Object: 'Object Repository/Final Object Repo/Creating Employer Account/Page_Registration - ASSIST (Base)/Registration Type - Registration No' is clicked on

2018-11-16 15:10:03 - [TEST_STEP][PASSED] - delay: Delayed 2 second(s)

2018-11-16 15:10:05 - [MESSAGE][PASSED] - Delayed 2 second(s)

2018-11-16 15:10:05 - [TEST_STEP][PASSED] - setText: Text '1234567890' is set on object 'Object Repository/Final Object Repo/Creating Employer Account/Page_Registration - ASSIST (Base)/Registration Number'

2018-11-16 15:10:06 - [MESSAGE][PASSED] - Text '1234567890' is set on object 'Object Repository/Final Object Repo/Creating Employer Account/Page_Registration - ASSIST (Base)/Registration Number'

2018-11-16 15:10:06 - [TEST_STEP][PASSED] - delay: Delayed 2 second(s)

2018-11-16 15:10:08 - [MESSAGE][PASSED] - Delayed 2 second(s)

2018-11-16 15:10:08 - [TEST_STEP][PASSED] - setText: Text 'ADDRESS 1' is set on object 'Object Repository/Final Object Repo/Creating Employer Account/Page_Registration - ASSIST (Base)/Postal Address 1'

2018-11-16 15:10:08 - [MESSAGE][PASSED] - Text 'ADDRESS 1' is set on object 'Object Repository/Final Object Repo/Creating Employer Account/Page_Registration - ASSIST (Base)/Postal Address 1'

2018-11-16 15:10:08 - [TEST_STEP][PASSED] - setText: Text 'ADDRESS 2' is set on object 'Object Repository/Final Object Repo/Creating Employer Account/Page_Registration - ASSIST (Base)/Postal Address 2'

2018-11-16 15:10:08 - [MESSAGE][PASSED] - Text 'ADDRESS 2' is set on object 'Object Repository/Final Object Repo/Creating Employer Account/Page_Registration - ASSIST (Base)/Postal Address 2'

2018-11-16 15:10:08 - [TEST_STEP][PASSED] - click: Object: 'Object Repository/Final Object Repo/Creating Employer Account/Page_Registration - ASSIST (Base)/State' is clicked on

2018-11-16 15:10:08 - [MESSAGE][PASSED] - Object: 'Object Repository/Final Object Repo/Creating Employer Account/Page_Registration - ASSIST (Base)/State' is clicked on

2018-11-16 15:10:08 - [TEST_STEP][PASSED] - delay: Delayed 2 second(s)

2018-11-16 15:10:10 - [MESSAGE][PASSED] - Delayed 2 second(s)

2018-11-16 15:10:10 - [TEST_STEP][PASSED] - click: Object: 'Object Repository/Final Object Repo/Creating Employer Account/Page_Registration - ASSIST (Base)/State - Johor' is clicked on

2018-11-16 15:10:11 - [MESSAGE][PASSED] - Object: 'Object Repository/Final Object Repo/Creating Employer Account/Page_Registration - ASSIST (Base)/State - Johor' is clicked on

2018-11-16 15:10:11 - [TEST_STEP][PASSED] - delay: Delayed 2 second(s)

2018-11-16 15:10:13 - [MESSAGE][PASSED] - Delayed 2 second(s)

2018-11-16 15:10:13 - [TEST_STEP][PASSED] - click: Object: 'Object Repository/Final Object Repo/Creating Employer Account/Page_Registration - ASSIST (Base)/City' is clicked on

2018-11-16 15:10:13 - [MESSAGE][PASSED] - Object: 'Object Repository/Final Object Repo/Creating Employer Account/Page_Registration - ASSIST (Base)/City' is clicked on

2018-11-16 15:10:13 - [TEST_STEP][PASSED] - delay: Delayed 2 second(s)

2018-11-16 15:10:15 - [MESSAGE][PASSED] - Delayed 2 second(s)

2018-11-16 15:10:15 - [TEST_STEP][PASSED] - setText: Text 'joh' is set on object 'Object Repository/Final Object Repo/Creating Employer Account/Page_Registration - ASSIST (Base)/City - joh'

2018-11-16 15:10:16 - [MESSAGE][PASSED] - Text 'joh' is set on object 'Object Repository/Final Object Repo/Creating Employer Account/Page_Registration - ASSIST (Base)/City - joh'

2018-11-16 15:10:16 - [TEST_STEP][PASSED] - delay: Delayed 2 second(s)

2018-11-16 15:10:18 - [MESSAGE][PASSED] - Delayed 2 second(s)

2018-11-16 15:10:18 - [TEST_STEP][PASSED] - click: Object: 'Object Repository/Final Object Repo/Creating Employer Account/Page_Registration - ASSIST (Base)/City - Johor Bharu' is clicked on

2018-11-16 15:10:18 - [MESSAGE][PASSED] - Object: 'Object Repository/Final Object Repo/Creating Employer Account/Page_Registration - ASSIST (Base)/City - Johor Bharu' is clicked on

2018-11-16 15:10:18 - [TEST_STEP][PASSED] - delay: Delayed 2 second(s)

2018-11-16 15:10:20 - [MESSAGE][PASSED] - Delayed 2 second(s)

2018-11-16 15:10:20 - [TEST_STEP][PASSED] - click: Object: 'Object Repository/Final Object Repo/Creating Employer Account/Page_Registration - ASSIST (Base)/Post Code' is clicked on

2018-11-16 15:10:21 - [MESSAGE][PASSED] - Object: 'Object Repository/Final Object Repo/Creating Employer Account/Page_Registration - ASSIST (Base)/Post Code' is clicked on

2018-11-16 15:10:21 - [TEST_STEP][PASSED] - delay: Delayed 2 second(s)

2018-11-16 15:10:23 - [MESSAGE][PASSED] - Delayed 2 second(s)

2018-11-16 15:10:23 - [TEST_STEP][PASSED] - setText: Text '810' is set on object 'Object Repository/Final Object Repo/Creating Employer Account/Page_Registration - ASSIST (Base)/Post Code - 810'

2018-11-16 15:10:23 - [MESSAGE][PASSED] - Text '810' is set on object 'Object Repository/Final Object Repo/Creating Employer Account/Page_Registration - ASSIST (Base)/Post Code - 810'

2018-11-16 15:10:23 - [TEST_STEP][PASSED] - delay: Delayed 2 second(s)

2018-11-16 15:10:25 - [MESSAGE][PASSED] - Delayed 2 second(s)

2018-11-16 15:10:25 - [TEST_STEP][PASSED] - click: Object: 'Object Repository/Final Object Repo/Creating Employer Account/Page_Registration - ASSIST (Base)/Post Code - 81000' is clicked on

2018-11-16 15:10:26 - [MESSAGE][PASSED] - Object: 'Object Repository/Final Object Repo/Creating Employer Account/Page_Registration - ASSIST (Base)/Post Code - 81000' is clicked on

2018-11-16 15:10:26 - [TEST_STEP][PASSED] - delay: Delayed 2 second(s)

2018-11-16 15:10:28 - [MESSAGE][PASSED] - Delayed 2 second(s)

2018-11-16 15:10:28 - [TEST_STEP][PASSED] - setText: Text 'PERKESO' is set on object 'Object Repository/Final Object Repo/Creating Employer Account/Page_Registration - ASSIST (Base)/Full Name'

2018-11-16 15:10:28 - [MESSAGE][PASSED] - Text 'PERKESO' is set on object 'Object Repository/Final Object Repo/Creating Employer Account/Page_Registration - ASSIST (Base)/Full Name'

2018-11-16 15:10:28 - [TEST_STEP][PASSED] - Statement - rnd = new java.util.Random(): null

2018-11-16 15:10:28 - [TEST_STEP][PASSED] - Statement - snum = rnd.nextInt(899999 + 1) + 100000: null

2018-11-16 15:10:28 - [TEST_STEP][PASSED] - Statement - tnum = rnd.nextInt(899999 + 1) + 100000: null

2018-11-16 15:10:28 - [TEST_STEP][PASSED] - Statement - IC = java.lang.Integer.toString(snum) + java.lang.Integer.toString(tnum): null

2018-11-16 15:10:28 - [TEST_STEP][PASSED] - Statement - out.println(IC): null

2018-11-16 15:10:28 - [TEST_STEP][PASSED] - setText: Text '740846785885' is set on object 'Object Repository/Final Object Repo/Creating Employer Account/Page_Registration - ASSIST (Base)/Identification Number'

2018-11-16 15:10:28 - [MESSAGE][PASSED] - Text '740846785885' is set on object 'Object Repository/Final Object Repo/Creating Employer Account/Page_Registration - ASSIST (Base)/Identification Number'

2018-11-16 15:10:28 - [TEST_STEP][PASSED] - delay: Delayed 2 second(s)

2018-11-16 15:10:30 - [MESSAGE][PASSED] - Delayed 2 second(s)

2018-11-16 15:10:30 - [TEST_STEP][PASSED] - setText: Text '123456789012' is set on object 'Object Repository/Final Object Repo/Creating Employer Account/Page_Registration - ASSIST (Base)/Contact Number'

2018-11-16 15:10:30 - [MESSAGE][PASSED] - Text '123456789012' is set on object 'Object Repository/Final Object Repo/Creating Employer Account/Page_Registration - ASSIST (Base)/Contact Number'

2018-11-16 15:10:30 - [TEST_STEP][PASSED] - Statement - Email = "perkeso" + IC + "@gmail.com": null

2018-11-16 15:10:30 - [TEST_STEP][PASSED] - delay: Delayed 2 second(s)

2018-11-16 15:10:32 - [MESSAGE][PASSED] - Delayed 2 second(s)

2018-11-16 15:10:32 - [TEST_STEP][PASSED] - callTestCase: Call Test Case 'Test Cases/Final Aug 2018 - PKS Automation/Create Employer Acc/Template/Employer Email Settler' successfully

2018-11-16 15:10:32 - [TEST_CASE][PASSED] - Test Cases/Final Aug 2018 - PKS Automation/Create Employer Acc/Template/Employer Email Settler: Test Cases/Final Aug 2018 - PKS Automation/Create Employer Acc/Template/Employer Email Settler

2018-11-16 15:10:32 - [TEST_STEP][PASSED] - Statement - EmpEmailOld = new java.io.File(C://EmpEmail.txt): null

2018-11-16 15:10:32 - [TEST_STEP][PASSED] - Statement - EmpEmailOld.delete(): null

2018-11-16 15:10:32 - [TEST_STEP][PASSED] - Statement - EmpEmail = new java.io.File(C://EmpEmail.txt): null

2018-11-16 15:10:32 - [TEST_STEP][PASSED] - Statement - EmpEmail.append(Email): null

2018-11-16 15:10:32 - [TEST_STEP][PASSED] - Statement - out.println(Email): null

2018-11-16 15:10:32 - [MESSAGE][PASSED] - Call Test Case 'Test Cases/Final Aug 2018 - PKS Automation/Create Employer Acc/Template/Employer Email Settler' successfully

2018-11-16 15:10:32 - [TEST_STEP][PASSED] - delay: Delayed 2 second(s)

2018-11-16 15:10:34 - [MESSAGE][PASSED] - Delayed 2 second(s)

2018-11-16 15:10:34 - [TEST_STEP][PASSED] - setText: Text 'perkeso740846785885@gmail.com' is set on object 'Object Repository/Final Object Repo/Creating Employer Account/Page_Registration - ASSIST (Base)/Email'

2018-11-16 15:10:34 - [MESSAGE][PASSED] - Text 'perkeso740846785885@gmail.com' is set on object 'Object Repository/Final Object Repo/Creating Employer Account/Page_Registration - ASSIST (Base)/Email'

2018-11-16 15:10:34 - [TEST_STEP][PASSED] - setText: Text '123' is set on object 'Object Repository/Final Object Repo/Creating Employer Account/Page_Registration - ASSIST (Base)/Security Phase'

2018-11-16 15:10:34 - [MESSAGE][PASSED] - Text '123' is set on object 'Object Repository/Final Object Repo/Creating Employer Account/Page_Registration - ASSIST (Base)/Security Phase'

2018-11-16 15:10:34 - [TEST_STEP][PASSED] - click: Object: 'Object Repository/Final Object Repo/Creating Employer Account/Page_Registration - ASSIST (Base)/Save  Continue' is clicked on

2018-11-16 15:10:35 - [MESSAGE][PASSED] - Object: 'Object Repository/Final Object Repo/Creating Employer Account/Page_Registration - ASSIST (Base)/Save  Continue' is clicked on

2018-11-16 15:10:35 - [TEST_STEP][PASSED] - delay: Delayed 2 second(s)

2018-11-16 15:10:37 - [MESSAGE][PASSED] - Delayed 2 second(s)

2018-11-16 15:10:37 - [TEST_STEP][PASSED] - click: Object: 'Object Repository/Final Object Repo/Creating Employer Account/Page_Registration - ASSIST (Base)/Add Document' is clicked on

2018-11-16 15:10:37 - [MESSAGE][PASSED] - Object: 'Object Repository/Final Object Repo/Creating Employer Account/Page_Registration - ASSIST (Base)/Add Document' is clicked on

2018-11-16 15:10:37 - [TEST_STEP][PASSED] - delay: Delayed 2 second(s)

2018-11-16 15:10:39 - [MESSAGE][PASSED] - Delayed 2 second(s)

2018-11-16 15:10:39 - [TEST_STEP][PASSED] - click: Object: 'Object Repository/Final Object Repo/Creating Employer Account/Page_Registration - ASSIST (Base)/Document Type' is clicked on

2018-11-16 15:10:39 - [MESSAGE][PASSED] - Object: 'Object Repository/Final Object Repo/Creating Employer Account/Page_Registration - ASSIST (Base)/Document Type' is clicked on

2018-11-16 15:10:39 - [TEST_STEP][PASSED] - delay: Delayed 2 second(s)

2018-11-16 15:10:41 - [MESSAGE][PASSED] - Delayed 2 second(s)

2018-11-16 15:10:41 - [TEST_STEP][PASSED] - click: Object: 'Object Repository/Final Object Repo/Creating Employer Account/Page_Registration - ASSIST (Base)/Document Type - Letter of Authorization' is clicked on

2018-11-16 15:10:42 - [MESSAGE][PASSED] - Object: 'Object Repository/Final Object Repo/Creating Employer Account/Page_Registration - ASSIST (Base)/Document Type - Letter of Authorization' is clicked on

2018-11-16 15:10:42 - [TEST_STEP][PASSED] - delay: Delayed 2 second(s)

2018-11-16 15:10:44 - [MESSAGE][PASSED] - Delayed 2 second(s)

2018-11-16 15:10:44 - [TEST_STEP][PASSED] - sendKeys: Keys 'C:\Users\Public\Pictures\Sample Pictures\Act.jpg' sent to object: 'Object Repository/Final Object Repo/Creating Employer Account/Page_Registration - ASSIST (Base)/Uploading File'

2018-11-16 15:10:44 - [MESSAGE][PASSED] - Keys 'C:\Users\Public\Pictures\Sample Pictures\Act.jpg' sent to object: 'Object Repository/Final Object Repo/Creating Employer Account/Page_Registration - ASSIST (Base)/Uploading File'

2018-11-16 15:10:44 - [TEST_STEP][PASSED] - delay: Delayed 2 second(s)

2018-11-16 15:10:46 - [MESSAGE][PASSED] - Delayed 2 second(s)

2018-11-16 15:10:46 - [TEST_STEP][PASSED] - click: Object: 'Object Repository/Final Object Repo/Creating Employer Account/Page_Registration - ASSIST (Base)/Add Document in Uploading File' is clicked on

2018-11-16 15:10:49 - [MESSAGE][PASSED] - Object: 'Object Repository/Final Object Repo/Creating Employer Account/Page_Registration - ASSIST (Base)/Add Document in Uploading File' is clicked on

2018-11-16 15:10:49 - [TEST_STEP][PASSED] - delay: Delayed 2 second(s)

2018-11-16 15:10:51 - [MESSAGE][PASSED] - Delayed 2 second(s)

2018-11-16 15:10:51 - [TEST_STEP][PASSED] - click: Object: 'Object Repository/Final Object Repo/Creating Employer Account/Page_Registration - ASSIST (Base)/Save' is clicked on

2018-11-16 15:10:52 - [MESSAGE][PASSED] - Object: 'Object Repository/Final Object Repo/Creating Employer Account/Page_Registration - ASSIST (Base)/Save' is clicked on

2018-11-16 15:10:52 - [TEST_STEP][PASSED] - delay: Delayed 2 second(s)

2018-11-16 15:10:54 - [MESSAGE][PASSED] - Delayed 2 second(s)

2018-11-16 15:10:54 - [TEST_STEP][PASSED] - click: Object: 'Object Repository/Final Object Repo/Creating Employer Account/Page_Registration - ASSIST (Base)/Submit' is clicked on

2018-11-16 15:10:55 - [MESSAGE][PASSED] - Object: 'Object Repository/Final Object Repo/Creating Employer Account/Page_Registration - ASSIST (Base)/Submit' is clicked on

2018-11-16 15:10:55 - [TEST_STEP][PASSED] - delay: Delayed 2 second(s)

2018-11-16 15:10:57 - [MESSAGE][PASSED] - Delayed 2 second(s)

2018-11-16 15:10:57 - [TEST_STEP][PASSED] - click: Object: 'Object Repository/Final Object Repo/Creating Employer Account/Page_Registration - ASSIST (Base)/Confirm' is clicked on

2018-11-16 15:10:57 - [MESSAGE][PASSED] - Object: 'Object Repository/Final Object Repo/Creating Employer Account/Page_Registration - ASSIST (Base)/Confirm' is clicked on

2018-11-16 15:10:57 - [MESSAGE][PASSED] - Call Test Case 'Test Cases/Final Aug 2018 - PKS Automation/Create Employer Acc/Template/Register Employer' successfully

2018-11-16 15:10:57 - [TEST_STEP][PASSED] - delay: Delayed 1 second(s)

2018-11-16 15:10:58 - [MESSAGE][PASSED] - Delayed 1 second(s)

2018-11-16 15:10:58 - [TEST_STEP][PASSED] - navigateToUrl: Navigate to 'https://assist2-uat.perkeso.gov.my/c/portal/logout' successfully

2018-11-16 15:10:59 - [MESSAGE][PASSED] - Navigate to 'https://assist2-uat.perkeso.gov.my/c/portal/logout' successfully

2018-11-16 15:10:59 - [TEST_STEP][PASSED] - delay: Delayed 1 second(s)

2018-11-16 15:11:00 - [MESSAGE][PASSED] - Delayed 1 second(s)

2018-11-16 15:11:00 - [TEST_STEP][PASSED] - callTestCase: Call Test Case 'Test Cases/Final Aug 2018 - PKS Automation/Create Employer Acc/Template/Change Password of Employer' successfully

2018-11-16 15:11:00 - [TEST_CASE][PASSED] - Test Cases/Final Aug 2018 - PKS Automation/Create Employer Acc/Template/Change Password of Employer: Test Cases/Final Aug 2018 - PKS Automation/Create Employer Acc/Template/Change Password of Employer

2018-11-16 15:11:00 - [TEST_STEP][PASSED] - openBrowser: Browser is opened with url: ''

2018-11-16 15:11:00 - [MESSAGE][WARNING] - A browser is already opened. Closing browser and opening a new one

2018-11-16 15:11:05 - [MESSAGE][PASSED] - Browser is opened with url: ''

2018-11-16 15:11:05 - [TEST_STEP][PASSED] - navigateToUrl: Navigate to 'https://assist2-uat.perkeso.gov.my/login' successfully

2018-11-16 15:11:07 - [MESSAGE][PASSED] - Navigate to 'https://assist2-uat.perkeso.gov.my/login' successfully

2018-11-16 15:11:07 - [TEST_STEP][PASSED] - delay: Delayed 5 second(s)

2018-11-16 15:11:12 - [MESSAGE][PASSED] - Delayed 5 second(s)

2018-11-16 15:11:12 - [TEST_STEP][PASSED] - setText: Text 'test@liferay.com' is set on object 'Object Repository/Final Object Repo/Login Page/Internal User/Email Address'

2018-11-16 15:11:13 - [MESSAGE][PASSED] - Text 'test@liferay.com' is set on object 'Object Repository/Final Object Repo/Login Page/Internal User/Email Address'

2018-11-16 15:11:13 - [TEST_STEP][PASSED] - click: Object: 'Object Repository/Final Object Repo/Login Page/Internal User/Next Button' is clicked on

2018-11-16 15:11:13 - [MESSAGE][PASSED] - Object: 'Object Repository/Final Object Repo/Login Page/Internal User/Next Button' is clicked on

2018-11-16 15:11:13 - [TEST_STEP][PASSED] - delay: Delayed 2 second(s)

2018-11-16 15:11:15 - [MESSAGE][PASSED] - Delayed 2 second(s)

2018-11-16 15:11:15 - [TEST_STEP][PASSED] - setText: Text 'test' is set on object 'Object Repository/Final Object Repo/Login Page/Internal User/Password'

2018-11-16 15:11:15 - [MESSAGE][PASSED] - Text 'test' is set on object 'Object Repository/Final Object Repo/Login Page/Internal User/Password'

2018-11-16 15:11:15 - [TEST_STEP][PASSED] - delay: Delayed 2 second(s)

2018-11-16 15:11:17 - [MESSAGE][PASSED] - Delayed 2 second(s)

2018-11-16 15:11:17 - [TEST_STEP][PASSED] - click: Object: 'Object Repository/Final Object Repo/Login Page/Internal User/Login Button' is clicked on

2018-11-16 15:11:20 - [MESSAGE][PASSED] - Object: 'Object Repository/Final Object Repo/Login Page/Internal User/Login Button' is clicked on

2018-11-16 15:11:20 - [TEST_STEP][PASSED] - delay: Delayed 3 second(s)

2018-11-16 15:11:23 - [MESSAGE][PASSED] - Delayed 3 second(s)

2018-11-16 15:11:23 - [TEST_STEP][PASSED] - navigateToUrl: Navigate to 'https://assist2-uat.perkeso.gov.my/group/control_panel/manage?p_p_id=125&p_p_lifecycle=0&p_p_state=maximized&p_p_mode=view&refererPlid=20455&_125_usersListView=flat-users&_125_toolbarItem=view-all-users&_125_saveUsersListView=true&_125_struts_action=%2Fusers_admin%2Fview' successfully

2018-11-16 15:11:26 - [MESSAGE][PASSED] - Navigate to 'https://assist2-uat.perkeso.gov.my/group/control_panel/manage?p_p_id=125&p_p_lifecycle=0&p_p_state=maximized&p_p_mode=view&refererPlid=20455&_125_usersListView=flat-users&_125_toolbarItem=view-all-users&_125_saveUsersListView=true&_125_struts_action=%2Fusers_admin%2Fview' successfully

2018-11-16 15:11:26 - [TEST_STEP][PASSED] - delay: Delayed 3 second(s)

2018-11-16 15:11:29 - [MESSAGE][PASSED] - Delayed 3 second(s)

2018-11-16 15:11:29 - [TEST_STEP][PASSED] - setText: Text 'perkeso740846785885@gmail.com' is set on object 'Object Repository/Final Object Repo/Creating Employer Account/Page_Users and Organizations - ASSIST/Employer name'

2018-11-16 15:11:29 - [MESSAGE][PASSED] - Text 'perkeso740846785885@gmail.com' is set on object 'Object Repository/Final Object Repo/Creating Employer Account/Page_Users and Organizations - ASSIST/Employer name'

2018-11-16 15:11:29 - [TEST_STEP][PASSED] - delay: Delayed 3 second(s)

2018-11-16 15:11:32 - [MESSAGE][PASSED] - Delayed 3 second(s)

2018-11-16 15:11:32 - [TEST_STEP][PASSED] - click: Object: 'Object Repository/Final Object Repo/Creating Employer Account/Page_Users and Organizations - ASSIST/Search' is clicked on

2018-11-16 15:11:33 - [MESSAGE][PASSED] - Object: 'Object Repository/Final Object Repo/Creating Employer Account/Page_Users and Organizations - ASSIST/Search' is clicked on

2018-11-16 15:11:33 - [TEST_STEP][PASSED] - delay: Delayed 3 second(s)

2018-11-16 15:11:36 - [MESSAGE][PASSED] - Delayed 3 second(s)

2018-11-16 15:11:36 - [TEST_STEP][PASSED] - click: Object: 'Object Repository/Final Object Repo/Creating Employer Account/Page_Users and Organizations - ASSIST/Action' is clicked on

2018-11-16 15:11:36 - [MESSAGE][PASSED] - Object: 'Object Repository/Final Object Repo/Creating Employer Account/Page_Users and Organizations - ASSIST/Action' is clicked on

2018-11-16 15:11:36 - [TEST_STEP][PASSED] - delay: Delayed 3 second(s)

2018-11-16 15:11:39 - [MESSAGE][PASSED] - Delayed 3 second(s)

2018-11-16 15:11:39 - [TEST_STEP][PASSED] - click: Object: 'Object Repository/Final Object Repo/Creating Employer Account/Page_Users and Organizations - ASSIST/Edit' is clicked on

2018-11-16 15:11:41 - [MESSAGE][PASSED] - Object: 'Object Repository/Final Object Repo/Creating Employer Account/Page_Users and Organizations - ASSIST/Edit' is clicked on

2018-11-16 15:11:41 - [TEST_STEP][PASSED] - delay: Delayed 3 second(s)

2018-11-16 15:11:44 - [MESSAGE][PASSED] - Delayed 3 second(s)

2018-11-16 15:11:44 - [TEST_STEP][PASSED] - click: Object: 'Object Repository/Final Object Repo/Creating Employer Account/Page_PERKESO - Users and Organizati/a_Password (Modified)' is clicked on

2018-11-16 15:11:44 - [MESSAGE][PASSED] - Object: 'Object Repository/Final Object Repo/Creating Employer Account/Page_PERKESO - Users and Organizati/a_Password (Modified)' is clicked on

2018-11-16 15:11:44 - [TEST_STEP][PASSED] - delay: Delayed 3 second(s)

2018-11-16 15:11:47 - [MESSAGE][PASSED] - Delayed 3 second(s)

2018-11-16 15:11:47 - [TEST_STEP][PASSED] - setEncryptedText: Text ****** has been set on object 'Object Repository/Final Object Repo/Creating Employer Account/Page_PERKESO - Users and Organizati/input__125_password1'

2018-11-16 15:11:47 - [MESSAGE][PASSED] - Text ****** has been set on object 'Object Repository/Final Object Repo/Creating Employer Account/Page_PERKESO - Users and Organizati/input__125_password1'

2018-11-16 15:11:47 - [TEST_STEP][PASSED] - delay: Delayed 3 second(s)

2018-11-16 15:11:50 - [MESSAGE][PASSED] - Delayed 3 second(s)

2018-11-16 15:11:50 - [TEST_STEP][PASSED] - setEncryptedText: Text ****** has been set on object 'Object Repository/Final Object Repo/Creating Employer Account/Page_PERKESO - Users and Organizati/input__125_password2'

2018-11-16 15:11:51 - [MESSAGE][PASSED] - Text ****** has been set on object 'Object Repository/Final Object Repo/Creating Employer Account/Page_PERKESO - Users and Organizati/input__125_password2'

2018-11-16 15:11:51 - [TEST_STEP][PASSED] - delay: Delayed 3 second(s)

2018-11-16 15:11:54 - [MESSAGE][PASSED] - Delayed 3 second(s)

2018-11-16 15:11:54 - [TEST_STEP][PASSED] - click: Object: 'Object Repository/Final Object Repo/Creating Employer Account/Page_PERKESO - Users and Organizati/Save' is clicked on

2018-11-16 15:11:55 - [MESSAGE][PASSED] - Object: 'Object Repository/Final Object Repo/Creating Employer Account/Page_PERKESO - Users and Organizati/Save' is clicked on

2018-11-16 15:11:55 - [MESSAGE][PASSED] - Call Test Case 'Test Cases/Final Aug 2018 - PKS Automation/Create Employer Acc/Template/Change Password of Employer' successfully

2018-11-16 15:11:55 - [TEST_STEP][PASSED] - delay: Delayed 1 second(s)

2018-11-16 15:11:56 - [MESSAGE][PASSED] - Delayed 1 second(s)

2018-11-16 15:11:56 - [TEST_STEP][PASSED] - navigateToUrl: Navigate to 'https://assist2-uat.perkeso.gov.my/c/portal/logout' successfully

2018-11-16 15:11:58 - [MESSAGE][PASSED] - Navigate to 'https://assist2-uat.perkeso.gov.my/c/portal/logout' successfully

2018-11-16 15:11:58 - [TEST_STEP][PASSED] - delay: Delayed 1 second(s)

2018-11-16 15:11:59 - [MESSAGE][PASSED] - Delayed 1 second(s)

2018-11-16 15:11:59 - [TEST_STEP][PASSED] - callTestCase: Call Test Case 'Test Cases/Final Aug 2018 - PKS Automation/Create Employer Acc/Template/Login to Employer Account (First Time)' successfully

2018-11-16 15:11:59 - [TEST_CASE][PASSED] - Test Cases/Final Aug 2018 - PKS Automation/Create Employer Acc/Template/Login to Employer Account (First Time): Test Cases/Final Aug 2018 - PKS Automation/Create Employer Acc/Template/Login to Employer Account (First Time)

2018-11-16 15:11:59 - [TEST_STEP][PASSED] - openBrowser: Browser is opened with url: ''

2018-11-16 15:11:59 - [MESSAGE][WARNING] - A browser is already opened. Closing browser and opening a new one

2018-11-16 15:12:12 - [MESSAGE][PASSED] - Browser is opened with url: ''

2018-11-16 15:12:12 - [TEST_STEP][PASSED] - navigateToUrl: Navigate to 'https://assist2-uat.perkeso.gov.my/employer/login' successfully

2018-11-16 15:12:15 - [MESSAGE][PASSED] - Navigate to 'https://assist2-uat.perkeso.gov.my/employer/login' successfully

2018-11-16 15:12:15 - [TEST_STEP][PASSED] - delay: Delayed 3 second(s)

2018-11-16 15:12:18 - [MESSAGE][PASSED] - Delayed 3 second(s)

2018-11-16 15:12:18 - [TEST_STEP][PASSED] - callTestCase: Call Test Case 'Test Cases/Final Aug 2018 - PKS Automation/Create Employer Acc/Template/Employer Email Getter' successfully

2018-11-16 15:12:18 - [TEST_CASE][PASSED] - Test Cases/Final Aug 2018 - PKS Automation/Create Employer Acc/Template/Employer Email Getter: Test Cases/Final Aug 2018 - PKS Automation/Create Employer Acc/Template/Employer Email Getter

2018-11-16 15:12:18 - [TEST_STEP][PASSED] - Statement - Try: null

2018-11-16 15:12:18 - [TEST_STEP][PASSED] - Statement - EmpEmail = new java.io.File(C://EmpEmail.txt): null

2018-11-16 15:12:18 - [TEST_STEP][PASSED] - Statement - bufferread = new java.io.BufferedReader(new java.io.FileReader(EmpEmail)): null

2018-11-16 15:12:18 - [TEST_STEP][PASSED] - Statement - readedVal = bufferread.readLine(): null

2018-11-16 15:12:18 - [TEST_STEP][PASSED] - Statement - out.println(readedVal): null

2018-11-16 15:12:18 - [TEST_STEP][PASSED] - Statement - Email = readedVal: null

2018-11-16 15:12:18 - [MESSAGE][PASSED] - Call Test Case 'Test Cases/Final Aug 2018 - PKS Automation/Create Employer Acc/Template/Employer Email Getter' successfully

2018-11-16 15:12:18 - [TEST_STEP][PASSED] - setText: Text 'perkeso740846785885@gmail.com' is set on object 'Object Repository/Final Object Repo/Login Page/External Login Page/Email'

2018-11-16 15:12:18 - [MESSAGE][PASSED] - Text 'perkeso740846785885@gmail.com' is set on object 'Object Repository/Final Object Repo/Login Page/External Login Page/Email'

2018-11-16 15:12:18 - [TEST_STEP][PASSED] - click: Object: 'Object Repository/Final Object Repo/Login Page/External Login Page/Next' is clicked on

2018-11-16 15:12:18 - [MESSAGE][PASSED] - Object: 'Object Repository/Final Object Repo/Login Page/External Login Page/Next' is clicked on

2018-11-16 15:12:18 - [TEST_STEP][PASSED] - delay: Delayed 3 second(s)

2018-11-16 15:12:21 - [MESSAGE][PASSED] - Delayed 3 second(s)

2018-11-16 15:12:21 - [TEST_STEP][PASSED] - setEncryptedText: Text ****** has been set on object 'Object Repository/Final Object Repo/Login Page/External Login Page/Password'

2018-11-16 15:12:21 - [MESSAGE][PASSED] - Text ****** has been set on object 'Object Repository/Final Object Repo/Login Page/External Login Page/Password'

2018-11-16 15:12:21 - [TEST_STEP][PASSED] - click: Object: 'Object Repository/Final Object Repo/Login Page/External Login Page/Login' is clicked on

2018-11-16 15:12:24 - [MESSAGE][PASSED] - Object: 'Object Repository/Final Object Repo/Login Page/External Login Page/Login' is clicked on

2018-11-16 15:12:24 - [TEST_STEP][PASSED] - delay: Delayed 3 second(s)

2018-11-16 15:12:27 - [MESSAGE][PASSED] - Delayed 3 second(s)

2018-11-16 15:12:27 - [TEST_STEP][PASSED] - click: Object: 'Object Repository/Final Object Repo/Creating Employer Account/Page_Terms of Use - ASSIST/button_I Agree' is clicked on

2018-11-16 15:12:29 - [MESSAGE][PASSED] - Object: 'Object Repository/Final Object Repo/Creating Employer Account/Page_Terms of Use - ASSIST/button_I Agree' is clicked on

2018-11-16 15:12:29 - [TEST_STEP][PASSED] - delay: Delayed 2 second(s)

2018-11-16 15:12:31 - [MESSAGE][PASSED] - Delayed 2 second(s)

2018-11-16 15:12:31 - [TEST_STEP][PASSED] - setEncryptedText: Text ****** has been set on object 'Object Repository/Final Object Repo/Creating Employer Account/Page_New Password - ASSIST/input_password1'

2018-11-16 15:12:31 - [MESSAGE][PASSED] - Text ****** has been set on object 'Object Repository/Final Object Repo/Creating Employer Account/Page_New Password - ASSIST/input_password1'

2018-11-16 15:12:31 - [TEST_STEP][PASSED] - setEncryptedText: Text ****** has been set on object 'Object Repository/Final Object Repo/Creating Employer Account/Page_New Password - ASSIST/input_password2'

2018-11-16 15:12:31 - [MESSAGE][PASSED] - Text ****** has been set on object 'Object Repository/Final Object Repo/Creating Employer Account/Page_New Password - ASSIST/input_password2'

2018-11-16 15:12:31 - [TEST_STEP][PASSED] - delay: Delayed 2 second(s)

2018-11-16 15:12:33 - [MESSAGE][PASSED] - Delayed 2 second(s)

2018-11-16 15:12:33 - [TEST_STEP][PASSED] - click: Object: 'Object Repository/Final Object Repo/Creating Employer Account/Page_New Password - ASSIST/Save' is clicked on

2018-11-16 15:12:34 - [MESSAGE][PASSED] - Object: 'Object Repository/Final Object Repo/Creating Employer Account/Page_New Password - ASSIST/Save' is clicked on

2018-11-16 15:12:34 - [TEST_STEP][PASSED] - delay: Delayed 2 second(s)

2018-11-16 15:12:36 - [MESSAGE][PASSED] - Delayed 2 second(s)

2018-11-16 15:12:36 - [TEST_STEP][PASSED] - setText: Text 'test' is set on object 'Object Repository/Final Object Repo/Creating Employer Account/Page_Password Reminder - ASSIST/Reminder Query Answer'

2018-11-16 15:12:37 - [MESSAGE][PASSED] - Text 'test' is set on object 'Object Repository/Final Object Repo/Creating Employer Account/Page_Password Reminder - ASSIST/Reminder Query Answer'

2018-11-16 15:12:37 - [TEST_STEP][PASSED] - delay: Delayed 2 second(s)

2018-11-16 15:12:39 - [MESSAGE][PASSED] - Delayed 2 second(s)

2018-11-16 15:12:39 - [TEST_STEP][PASSED] - doubleClick: Object: 'Object Repository/Final Object Repo/Creating Employer Account/Page_Password Reminder - ASSIST/Save' is double clicked on

2018-11-16 15:12:39 - [MESSAGE][PASSED] - Object: 'Object Repository/Final Object Repo/Creating Employer Account/Page_Password Reminder - ASSIST/Save' is double clicked on

2018-11-16 15:12:39 - [MESSAGE][PASSED] - Call Test Case 'Test Cases/Final Aug 2018 - PKS Automation/Create Employer Acc/Template/Login to Employer Account (First Time)' successfully

2018-11-16 15:12:39 - [MESSAGE][PASSED] - Call Test Case 'Test Cases/Final Aug 2018 - PKS Automation/Create Employer Acc/Create Employer Account' successfully

2018-11-16 15:12:39 - [TEST_STEP][PASSED] - callTestCase: Call Test Case 'Test Cases/Final Aug 2018 - PKS Automation/Registration Module/Log Out/log out avoiding katalon tagging' successfully

2018-11-16 15:12:39 - [TEST_CASE][PASSED] - Test Cases/Final Aug 2018 - PKS Automation/Registration Module/Log Out/log out avoiding katalon tagging: Test Cases/Final Aug 2018 - PKS Automation/Registration Module/Log Out/log out avoiding katalon tagging

2018-11-16 15:12:39 - [TEST_STEP][PASSED] - navigateToUrl: Navigate to 'https://assist2-uat.perkeso.gov.my/c/portal/logout' successfully

2018-11-16 15:12:40 - [MESSAGE][PASSED] - Navigate to 'https://assist2-uat.perkeso.gov.my/c/portal/logout' successfully

2018-11-16 15:12:40 - [MESSAGE][PASSED] - Call Test Case 'Test Cases/Final Aug 2018 - PKS Automation/Registration Module/Log Out/log out avoiding katalon tagging' successfully

2018-11-16 15:12:40 - [TEST_STEP][PASSED] - callTestCase: Call Test Case 'Test Cases/Final Aug 2018 - PKS Automation/Create Employer Acc/Login to Employer Account (Second time)' successfully

2018-11-16 15:12:40 - [TEST_CASE][PASSED] - Test Cases/Final Aug 2018 - PKS Automation/Create Employer Acc/Login to Employer Account (Second time): Test Cases/Final Aug 2018 - PKS Automation/Create Employer Acc/Login to Employer Account (Second time)

2018-11-16 15:12:40 - [TEST_STEP][PASSED] - openBrowser: Browser is opened with url: ''

2018-11-16 15:12:40 - [MESSAGE][WARNING] - A browser is already opened. Closing browser and opening a new one

2018-11-16 15:12:44 - [MESSAGE][PASSED] - Browser is opened with url: ''

2018-11-16 15:12:44 - [TEST_STEP][PASSED] - navigateToUrl: Navigate to 'https://assist2-uat.perkeso.gov.my/employer/login' successfully

2018-11-16 15:12:47 - [MESSAGE][PASSED] - Navigate to 'https://assist2-uat.perkeso.gov.my/employer/login' successfully

2018-11-16 15:12:47 - [TEST_STEP][PASSED] - delay: Delayed 3 second(s)

2018-11-16 15:12:50 - [MESSAGE][PASSED] - Delayed 3 second(s)

2018-11-16 15:12:50 - [TEST_STEP][PASSED] - callTestCase: Call Test Case 'Test Cases/Final Aug 2018 - PKS Automation/Create Employer Acc/Template/Employer Email Getter' successfully

2018-11-16 15:12:50 - [TEST_CASE][PASSED] - Test Cases/Final Aug 2018 - PKS Automation/Create Employer Acc/Template/Employer Email Getter: Test Cases/Final Aug 2018 - PKS Automation/Create Employer Acc/Template/Employer Email Getter

2018-11-16 15:12:50 - [TEST_STEP][PASSED] - Statement - Try: null

2018-11-16 15:12:50 - [TEST_STEP][PASSED] - Statement - EmpEmail = new java.io.File(C://EmpEmail.txt): null

2018-11-16 15:12:50 - [TEST_STEP][PASSED] - Statement - bufferread = new java.io.BufferedReader(new java.io.FileReader(EmpEmail)): null

2018-11-16 15:12:50 - [TEST_STEP][PASSED] - Statement - readedVal = bufferread.readLine(): null

2018-11-16 15:12:50 - [TEST_STEP][PASSED] - Statement - out.println(readedVal): null

2018-11-16 15:12:50 - [TEST_STEP][PASSED] - Statement - Email = readedVal: null

2018-11-16 15:12:50 - [MESSAGE][PASSED] - Call Test Case 'Test Cases/Final Aug 2018 - PKS Automation/Create Employer Acc/Template/Employer Email Getter' successfully

2018-11-16 15:12:50 - [TEST_STEP][PASSED] - setText: Text 'perkeso740846785885@gmail.com' is set on object 'Object Repository/Final Object Repo/Login Page/External Login Page/Email'

2018-11-16 15:12:50 - [MESSAGE][PASSED] - Text 'perkeso740846785885@gmail.com' is set on object 'Object Repository/Final Object Repo/Login Page/External Login Page/Email'

2018-11-16 15:12:50 - [TEST_STEP][PASSED] - click: Object: 'Object Repository/Final Object Repo/Login Page/External Login Page/Next' is clicked on

2018-11-16 15:12:50 - [MESSAGE][PASSED] - Object: 'Object Repository/Final Object Repo/Login Page/External Login Page/Next' is clicked on

2018-11-16 15:12:50 - [TEST_STEP][PASSED] - delay: Delayed 3 second(s)

2018-11-16 15:12:53 - [MESSAGE][PASSED] - Delayed 3 second(s)

2018-11-16 15:12:53 - [TEST_STEP][PASSED] - setEncryptedText: Text ****** has been set on object 'Object Repository/Final Object Repo/Login Page/External Login Page/Password'

2018-11-16 15:12:54 - [MESSAGE][PASSED] - Text ****** has been set on object 'Object Repository/Final Object Repo/Login Page/External Login Page/Password'

2018-11-16 15:12:54 - [TEST_STEP][PASSED] - click: Object: 'Object Repository/Final Object Repo/Login Page/External Login Page/Login' is clicked on

2018-11-16 15:12:59 - [MESSAGE][PASSED] - Object: 'Object Repository/Final Object Repo/Login Page/External Login Page/Login' is clicked on

2018-11-16 15:12:59 - [TEST_STEP][PASSED] - delay: Delayed 5 second(s)

2018-11-16 15:13:04 - [MESSAGE][PASSED] - Delayed 5 second(s)

2018-11-16 15:13:04 - [MESSAGE][PASSED] - Call Test Case 'Test Cases/Final Aug 2018 - PKS Automation/Create Employer Acc/Login to Employer Account (Second time)' successfully

2018-11-16 15:13:04 - [TEST_STEP][PASSED] - delay: Delayed 4 second(s)

2018-11-16 15:13:08 - [MESSAGE][PASSED] - Delayed 4 second(s)

2018-11-16 15:13:08 - [TEST_STEP][PASSED] - Statement - Try: Delayed 2 second(s)

2018-11-16 15:13:08 - [TEST_STEP][PASSED] - Statement - Checker = false: null

2018-11-16 15:13:08 - [TEST_STEP][PASSED] - Statement - Checker = com.kms.katalon.core.webui.keyword.WebUiBuiltInKeywords.verifyElementHasAttribute(com.kms.katalon.core.testobject.ObjectRepository.findTestObject(Final Object Repo/Landing Page/BM Detecting), "href", 20, OPTIONAL): Object 'Object Repository/Final Object Repo/Landing Page/BM Detecting' has attribute 'href'

2018-11-16 15:13:08 - [MESSAGE][PASSED] - Object 'Object Repository/Final Object Repo/Landing Page/BM Detecting' has attribute 'href'

2018-11-16 15:13:08 - [TEST_STEP][PASSED] - Statement - out.println(Checker): null

2018-11-16 15:13:08 - [TEST_STEP][PASSED] - Statement - If (Checker == false): null

2018-11-16 15:13:08 - [TEST_STEP][PASSED] - Statement - Else: null

2018-11-16 15:13:08 - [TEST_STEP][PASSED] - delay: Delayed 2 second(s)

2018-11-16 15:13:10 - [MESSAGE][PASSED] - Delayed 2 second(s)

2018-11-16 15:13:10 - [TEST_STEP][PASSED] - delay: Delayed 4 second(s)

2018-11-16 15:13:14 - [MESSAGE][PASSED] - Delayed 4 second(s)

2018-11-16 15:13:14 - [TEST_STEP][PASSED] - click: Object: 'Object Repository/Final Object Repo/Landing Page/My Sites Drop Down' is clicked on

2018-11-16 15:13:14 - [MESSAGE][PASSED] - Object: 'Object Repository/Final Object Repo/Landing Page/My Sites Drop Down' is clicked on

2018-11-16 15:13:14 - [TEST_STEP][PASSED] - click: Object: 'Object Repository/Final Object Repo/Landing Page/Select to Registration Module' is clicked on

2018-11-16 15:13:17 - [MESSAGE][PASSED] - Object: 'Object Repository/Final Object Repo/Landing Page/Select to Registration Module' is clicked on

2018-11-16 15:13:17 - [TEST_STEP][PASSED] - click: Object: 'Object Repository/Final Object Repo/Landing Page/Registration Button' is clicked on

2018-11-16 15:13:19 - [MESSAGE][PASSED] - Object: 'Object Repository/Final Object Repo/Landing Page/Registration Button' is clicked on

2018-11-16 15:13:19 - [TEST_STEP][PASSED] - delay: Delayed 2 second(s)

2018-11-16 15:13:21 - [MESSAGE][PASSED] - Delayed 2 second(s)

2018-11-16 15:13:21 - [TEST_STEP][PASSED] - click: Object: 'Object Repository/Final Object Repo/New Registration - Registration Module Pages/New Reg - OTC to RO/Special Case - OTC - Form 1/AEC NO' is clicked on

2018-11-16 15:13:22 - [MESSAGE][PASSED] - Object: 'Object Repository/Final Object Repo/New Registration - Registration Module Pages/New Reg - OTC to RO/Special Case - OTC - Form 1/AEC NO' is clicked on

2018-11-16 15:13:22 - [TEST_STEP][PASSED] - click: Object: 'Object Repository/Final Object Repo/New Registration - Registration Module Pages/New Reg - OTC to RO/Special Case - OTC - Form 1/Business Entity - Please Select' is clicked on

2018-11-16 15:13:22 - [MESSAGE][PASSED] - Object: 'Object Repository/Final Object Repo/New Registration - Registration Module Pages/New Reg - OTC to RO/Special Case - OTC - Form 1/Business Entity - Please Select' is clicked on

2018-11-16 15:13:22 - [TEST_STEP][PASSED] - click: Object: 'Object Repository/Final Object Repo/New Registration - Registration Module Pages/New Reg - OTC to RO/Special Case - OTC - Form 1/Selected - Corporation' is clicked on

2018-11-16 15:13:23 - [MESSAGE][PASSED] - Object: 'Object Repository/Final Object Repo/New Registration - Registration Module Pages/New Reg - OTC to RO/Special Case - OTC - Form 1/Selected - Corporation' is clicked on

2018-11-16 15:13:23 - [TEST_STEP][PASSED] - delay: Delayed 2 second(s)

2018-11-16 15:13:25 - [MESSAGE][PASSED] - Delayed 2 second(s)

2018-11-16 15:13:25 - [TEST_STEP][PASSED] - click: Object: 'Object Repository/Final Object Repo/New Registration - Registration Module Pages/New Reg - OTC to RO/Special Case - OTC - Form 1/Sub Business Entity - Please Select' is clicked on

2018-11-16 15:13:25 - [MESSAGE][PASSED] - Object: 'Object Repository/Final Object Repo/New Registration - Registration Module Pages/New Reg - OTC to RO/Special Case - OTC - Form 1/Sub Business Entity - Please Select' is clicked on

2018-11-16 15:13:25 - [TEST_STEP][PASSED] - delay: Delayed 2 second(s)

2018-11-16 15:13:27 - [MESSAGE][PASSED] - Delayed 2 second(s)

2018-11-16 15:13:27 - [TEST_STEP][PASSED] - click: Object: 'Object Repository/Final Object Repo/New Registration - Registration Module Pages/New Reg - OTC to RO/Special Case - OTC - Form 1/Selected - Sendirian Berhad' is clicked on

2018-11-16 15:13:28 - [MESSAGE][PASSED] - Object: 'Object Repository/Final Object Repo/New Registration - Registration Module Pages/New Reg - OTC to RO/Special Case - OTC - Form 1/Selected - Sendirian Berhad' is clicked on

2018-11-16 15:13:28 - [TEST_STEP][PASSED] - setText: Text 'AUTOMATE001' is set on object 'Object Repository/Final Object Repo/New Registration - Registration Module Pages/New Reg - OTC to RO/Special Case - OTC - Form 1/Input BRN Number'

2018-11-16 15:13:28 - [MESSAGE][PASSED] - Text 'AUTOMATE001' is set on object 'Object Repository/Final Object Repo/New Registration - Registration Module Pages/New Reg - OTC to RO/Special Case - OTC - Form 1/Input BRN Number'

2018-11-16 15:13:28 - [TEST_STEP][PASSED] - delay: Delayed 2 second(s)

2018-11-16 15:13:30 - [MESSAGE][PASSED] - Delayed 2 second(s)

2018-11-16 15:13:30 - [TEST_STEP][PASSED] - click: Object: 'Object Repository/Final Object Repo/New Registration - Registration Module Pages/New Reg - OTC to RO/Special Case - OTC - Form 1/BRN Search' is clicked on

2018-11-16 15:13:31 - [MESSAGE][PASSED] - Object: 'Object Repository/Final Object Repo/New Registration - Registration Module Pages/New Reg - OTC to RO/Special Case - OTC - Form 1/BRN Search' is clicked on

2018-11-16 15:13:31 - [TEST_STEP][PASSED] - delay: Delayed 4 second(s)

2018-11-16 15:13:35 - [MESSAGE][PASSED] - Delayed 4 second(s)

2018-11-16 15:13:35 - [TEST_STEP][PASSED] - click: Object: 'Object Repository/Final Object Repo/New Registration - Registration Module Pages/New Reg - OTC to RO/Special Case - OTC - Form 1/Registered with SSM - After Feb 2017' is clicked on

2018-11-16 15:13:35 - [MESSAGE][PASSED] - Object: 'Object Repository/Final Object Repo/New Registration - Registration Module Pages/New Reg - OTC to RO/Special Case - OTC - Form 1/Registered with SSM - After Feb 2017' is clicked on

2018-11-16 15:13:35 - [TEST_STEP][PASSED] - delay: Delayed 2 second(s)

2018-11-16 15:13:37 - [MESSAGE][PASSED] - Delayed 2 second(s)

2018-11-16 15:13:37 - [TEST_STEP][PASSED] - click: Object: 'Object Repository/Final Object Repo/New Registration - Registration Module Pages/Form 1/Registered As a Branch - Yes' is clicked on

2018-11-16 15:13:37 - [MESSAGE][PASSED] - Object: 'Object Repository/Final Object Repo/New Registration - Registration Module Pages/Form 1/Registered As a Branch - Yes' is clicked on

2018-11-16 15:13:37 - [TEST_STEP][PASSED] - click: Object: 'Object Repository/Final Object Repo/New Registration - Registration Module Pages/New Reg - OTC to RO/Special Case - OTC - Form 1/Acknowledgement Ticked' is clicked on

2018-11-16 15:13:38 - [MESSAGE][PASSED] - Object: 'Object Repository/Final Object Repo/New Registration - Registration Module Pages/New Reg - OTC to RO/Special Case - OTC - Form 1/Acknowledgement Ticked' is clicked on

2018-11-16 15:13:38 - [TEST_STEP][PASSED] - setText: Text 'perkeso740846785885@gmail.com' is set on object 'Object Repository/Final Object Repo/New Registration - Registration Module Pages/Form 1/Email'

2018-11-16 15:13:38 - [MESSAGE][PASSED] - Text 'perkeso740846785885@gmail.com' is set on object 'Object Repository/Final Object Repo/New Registration - Registration Module Pages/Form 1/Email'

2018-11-16 15:13:38 - [TEST_STEP][PASSED] - click: Object: 'Object Repository/Final Object Repo/New Registration - Registration Module Pages/New Reg - OTC to RO/Special Case - OTC - Form 1/Submit Button' is clicked on

2018-11-16 15:13:39 - [MESSAGE][PASSED] - Object: 'Object Repository/Final Object Repo/New Registration - Registration Module Pages/New Reg - OTC to RO/Special Case - OTC - Form 1/Submit Button' is clicked on

2018-11-16 15:13:39 - [TEST_STEP][PASSED] - callTestCase: Call Test Case 'Test Cases/Final Aug 2018 - PKS Automation/Registration Module/New Registration/Form 2/Add 1 Eligible - Employer Account Use' successfully

2018-11-16 15:13:39 - [TEST_CASE][PASSED] - Test Cases/Final Aug 2018 - PKS Automation/Registration Module/New Registration/Form 2/Add 1 Eligible - Employer Account Use: Test Cases/Final Aug 2018 - PKS Automation/Registration Module/New Registration/Form 2/Add 1 Eligible - Employer Account Use

2018-11-16 15:13:39 - [TEST_STEP][PASSED] - delay: Delayed 2 second(s)

2018-11-16 15:13:41 - [MESSAGE][PASSED] - Delayed 2 second(s)

2018-11-16 15:13:41 - [TEST_STEP][PASSED] - callTestCase: Call Test Case 'Test Cases/Final Aug 2018 - PKS Automation/Registration Module/New Registration/Form 2/Date Updater' successfully

2018-11-16 15:13:41 - [TEST_CASE][PASSED] - Test Cases/Final Aug 2018 - PKS Automation/Registration Module/New Registration/Form 2/Date Updater: Test Cases/Final Aug 2018 - PKS Automation/Registration Module/New Registration/Form 2/Date Updater

2018-11-16 15:13:41 - [TEST_STEP][PASSED] - Statement - TodayDate = new java.util.Date(): null

2018-11-16 15:13:41 - [TEST_STEP][PASSED] - Statement - CurrentDateNoFilter = new java.text.SimpleDateFormat(): null

2018-11-16 15:13:41 - [TEST_STEP][PASSED] - Statement - CurrentDateNoFilter.applyPattern("dd"): null

2018-11-16 15:13:41 - [TEST_STEP][PASSED] - Statement - CurrentDate = CurrentDateNoFilter.format(TodayDate): null

2018-11-16 15:13:41 - [TEST_STEP][PASSED] - Statement - CurrentDate = java.lang.Integer.parseInt(CurrentDate): null

2018-11-16 15:13:41 - [TEST_STEP][PASSED] - Statement - CurrentDate = CurrentDate: null

2018-11-16 15:13:41 - [TEST_STEP][PASSED] - Statement - CurrentDay = java.lang.Integer.parseInt(CurrentDate): null

2018-11-16 15:13:41 - [TEST_STEP][PASSED] - Statement - aDayBefore = CurrentDay + 1: null

2018-11-16 15:13:41 - [TEST_STEP][PASSED] - Statement - DayBefore = aDayBefore.toString(): null

2018-11-16 15:13:41 - [TEST_STEP][PASSED] - Statement - OneDayBefore = DayBefore: null

2018-11-16 15:13:41 - [TEST_STEP][PASSED] - Statement - CurrentDateNoFilter.applyPattern("MM"): null

2018-11-16 15:13:41 - [TEST_STEP][PASSED] - Statement - monthContainerMatcher = java.lang.Integer.parseInt(CurrentDateNoFilter.format(TodayDate)): null

2018-11-16 15:13:41 - [TEST_STEP][PASSED] - Statement - monthContainerMatcher = monthContainerMatcher - 1: null

2018-11-16 15:13:41 - [TEST_STEP][PASSED] - Statement - CurrentMonth = monthContainerMatcher.toString(): null

2018-11-16 15:13:41 - [TEST_STEP][PASSED] - Statement - CurrentMonth = CurrentMonth: null

2018-11-16 15:13:41 - [TEST_STEP][PASSED] - Statement - CurrentDateNoFilter.applyPattern("yyyy"): null

2018-11-16 15:13:41 - [TEST_STEP][PASSED] - Statement - CurrentYear = CurrentDateNoFilter.format(TodayDate): null

2018-11-16 15:13:41 - [TEST_STEP][PASSED] - Statement - CurrentYear = CurrentYear: null

2018-11-16 15:13:41 - [TEST_STEP][PASSED] - Statement - intCurrentYear = java.lang.Integer.parseInt(CurrentDateNoFilter.format(TodayDate)): null

2018-11-16 15:13:41 - [TEST_STEP][PASSED] - Statement - eighteenYrsAgo = intCurrentYear - 18: null

2018-11-16 15:13:41 - [TEST_STEP][PASSED] - Statement - eighteenYrsBeforeThisYr = eighteenYrsAgo.toString(): null

2018-11-16 15:13:41 - [TEST_STEP][PASSED] - Statement - EighteenYrsBefore = eighteenYrsBeforeThisYr: null

2018-11-16 15:13:41 - [TEST_STEP][PASSED] - Statement - fiftysevenYrsAgo = intCurrentYear - 57: null

2018-11-16 15:13:41 - [TEST_STEP][PASSED] - Statement - fiftysevenYrsBeforeThisYr = fiftysevenYrsAgo.toString(): null

2018-11-16 15:13:41 - [TEST_STEP][PASSED] - Statement - FiftysevenYrsBefore = fiftysevenYrsBeforeThisYr: null

2018-11-16 15:13:41 - [MESSAGE][PASSED] - Call Test Case 'Test Cases/Final Aug 2018 - PKS Automation/Registration Module/New Registration/Form 2/Date Updater' successfully

2018-11-16 15:13:41 - [TEST_STEP][PASSED] - delay: Delayed 1 second(s)

2018-11-16 15:13:42 - [MESSAGE][PASSED] - Delayed 1 second(s)

2018-11-16 15:13:42 - [TEST_STEP][PASSED] - Statement - CaseReferenceNo = com.kms.katalon.core.webui.keyword.WebUiBuiltInKeywords.getText(com.kms.katalon.core.testobject.ObjectRepository.findTestObject(Final Object Repo/New Registration - Registration Module Pages/Form 2/RefNo Acquiring)): Text of object 'Object Repository/Final Object Repo/New Registration - Registration Module Pages/Form 2/RefNo Acquiring' is: 'CRN11201800122534'

2018-11-16 15:13:43 - [MESSAGE][PASSED] - Text of object 'Object Repository/Final Object Repo/New Registration - Registration Module Pages/Form 2/RefNo Acquiring' is: 'CRN11201800122534'

2018-11-16 15:13:43 - [TEST_STEP][PASSED] - delay: Delayed 1 second(s)

2018-11-16 15:13:44 - [MESSAGE][PASSED] - Delayed 1 second(s)

2018-11-16 15:13:44 - [TEST_STEP][PASSED] - click: Object: 'Object Repository/Final Object Repo/New Registration - Registration Module Pages/Form 2/Add Employee Button' is clicked on

2018-11-16 15:13:44 - [MESSAGE][PASSED] - Object: 'Object Repository/Final Object Repo/New Registration - Registration Module Pages/Form 2/Add Employee Button' is clicked on

2018-11-16 15:13:44 - [TEST_STEP][PASSED] - delay: Delayed 1 second(s)

2018-11-16 15:13:45 - [MESSAGE][PASSED] - Delayed 1 second(s)

2018-11-16 15:13:45 - [TEST_STEP][PASSED] - setText: Text '010903091948' is set on object 'Object Repository/Final Object Repo/New Registration - Registration Module Pages/Form 2/NRIC Input'

2018-11-16 15:13:45 - [MESSAGE][PASSED] - Text '010903091948' is set on object 'Object Repository/Final Object Repo/New Registration - Registration Module Pages/Form 2/NRIC Input'

2018-11-16 15:13:45 - [TEST_STEP][PASSED] - delay: Delayed 2 second(s)

2018-11-16 15:13:47 - [MESSAGE][PASSED] - Delayed 2 second(s)

2018-11-16 15:13:47 - [TEST_STEP][PASSED] - setText: Text 'Automate001 eligible 1' is set on object 'Object Repository/Final Object Repo/New Registration - Registration Module Pages/Form 2/Employee Name Input'

2018-11-16 15:13:47 - [MESSAGE][PASSED] - Text 'Automate001 eligible 1' is set on object 'Object Repository/Final Object Repo/New Registration - Registration Module Pages/Form 2/Employee Name Input'

2018-11-16 15:13:47 - [TEST_STEP][PASSED] - delay: Delayed 2 second(s)

2018-11-16 15:13:49 - [MESSAGE][PASSED] - Delayed 2 second(s)

2018-11-16 15:13:49 - [TEST_STEP][PASSED] - click: Object: 'Object Repository/Final Object Repo/New Registration - Registration Module Pages/Form 2/DatePicker Pop Up' is clicked on

2018-11-16 15:13:50 - [MESSAGE][PASSED] - Object: 'Object Repository/Final Object Repo/New Registration - Registration Module Pages/Form 2/DatePicker Pop Up' is clicked on

2018-11-16 15:13:50 - [TEST_STEP][PASSED] - click: Object: 'Object Repository/Final Object Repo/New Registration - Registration Module Pages/Form 2/DOB Month' is clicked on

2018-11-16 15:13:50 - [MESSAGE][PASSED] - Object: 'Object Repository/Final Object Repo/New Registration - Registration Module Pages/Form 2/DOB Month' is clicked on

2018-11-16 15:13:50 - [TEST_STEP][PASSED] - Statement - CurrentMonth = CurrentMonth: null

2018-11-16 15:13:50 - [TEST_STEP][PASSED] - Statement - selectMonth = new com.kms.katalon.core.testobject.TestObject(): null

2018-11-16 15:13:50 - [TEST_STEP][PASSED] - Statement - selectMonth.addProperty("xpath", EQUALS, "//body/div/div/div/select/option[@value='" + CurrentMonth + "']", true): null

2018-11-16 15:13:50 - [TEST_STEP][PASSED] - click: Object: '' is clicked on

2018-11-16 15:13:51 - [MESSAGE][PASSED] - Object: '' is clicked on

2018-11-16 15:13:51 - [TEST_STEP][PASSED] - click: Object: 'Object Repository/Final Object Repo/New Registration - Registration Module Pages/Form 2/DOB Year' is clicked on

2018-11-16 15:13:51 - [MESSAGE][PASSED] - Object: 'Object Repository/Final Object Repo/New Registration - Registration Module Pages/Form 2/DOB Year' is clicked on

2018-11-16 15:13:51 - [TEST_STEP][PASSED] - Statement - Eyearsbf = EighteenYrsBefore: null

2018-11-16 15:13:51 - [TEST_STEP][PASSED] - Statement - selectYear = new com.kms.katalon.core.testobject.TestObject(): null

2018-11-16 15:13:51 - [TEST_STEP][PASSED] - Statement - selectYear.addProperty("xpath", EQUALS, "//div/div/div/select/option[@value='" + Eyearsbf + "']", true): null

2018-11-16 15:13:51 - [TEST_STEP][PASSED] - click: Object: '' is clicked on

2018-11-16 15:13:51 - [MESSAGE][PASSED] - Object: '' is clicked on

2018-11-16 15:13:51 - [TEST_STEP][PASSED] - Statement - UpdatedSelectDate = com.kms.katalon.core.webui.keyword.WebUiBuiltInKeywords.modifyObjectProperty(com.kms.katalon.core.testobject.ObjectRepository.findTestObject(Final Object Repo/New Registration - Registration Module Pages/Form 2/DOB Date), "xpath", "equals", "//body/div/table/tbody/tr/td/a[text()="" + CurrentDate + ""]", true): Modify property of object successfully

2018-11-16 15:13:51 - [MESSAGE][PASSED] - Modify property of object successfully

2018-11-16 15:13:51 - [TEST_STEP][PASSED] - delay: Delayed 3 second(s)

2018-11-16 15:13:54 - [MESSAGE][PASSED] - Delayed 3 second(s)

2018-11-16 15:13:54 - [TEST_STEP][PASSED] - click: Object: 'Object Repository/Final Object Repo/New Registration - Registration Module Pages/Form 2/DOB Date' is clicked on

2018-11-16 15:13:55 - [MESSAGE][PASSED] - Object: 'Object Repository/Final Object Repo/New Registration - Registration Module Pages/Form 2/DOB Date' is clicked on

2018-11-16 15:13:55 - [TEST_STEP][PASSED] - delay: Delayed 2 second(s)

2018-11-16 15:13:57 - [MESSAGE][PASSED] - Delayed 2 second(s)

2018-11-16 15:13:57 - [TEST_STEP][PASSED] - click: Object: 'Object Repository/Final Object Repo/New Registration - Registration Module Pages/Form 2/EmploymentStartDate Pop Up' is clicked on

2018-11-16 15:13:57 - [MESSAGE][PASSED] - Object: 'Object Repository/Final Object Repo/New Registration - Registration Module Pages/Form 2/EmploymentStartDate Pop Up' is clicked on

2018-11-16 15:13:57 - [TEST_STEP][PASSED] - delay: Delayed 2 second(s)

2018-11-16 15:13:59 - [MESSAGE][PASSED] - Delayed 2 second(s)

2018-11-16 15:13:59 - [TEST_STEP][PASSED] - click: Object: 'Object Repository/Final Object Repo/New Registration - Registration Module Pages/Form 2/Socso Employment StartDate Month' is clicked on

2018-11-16 15:14:00 - [MESSAGE][PASSED] - Object: 'Object Repository/Final Object Repo/New Registration - Registration Module Pages/Form 2/Socso Employment StartDate Month' is clicked on

2018-11-16 15:14:00 - [TEST_STEP][PASSED] - delay: Delayed 1 second(s)

2018-11-16 15:14:01 - [MESSAGE][PASSED] - Delayed 1 second(s)

2018-11-16 15:14:01 - [TEST_STEP][PASSED] - click: Object: 'Object Repository/Final Object Repo/New Registration - Registration Module Pages/Form 2/Select Socso Employement Startdate Month' is clicked on

2018-11-16 15:14:01 - [MESSAGE][PASSED] - Object: 'Object Repository/Final Object Repo/New Registration - Registration Module Pages/Form 2/Select Socso Employement Startdate Month' is clicked on

2018-11-16 15:14:01 - [TEST_STEP][PASSED] - delay: Delayed 2 second(s)

2018-11-16 15:14:03 - [MESSAGE][PASSED] - Delayed 2 second(s)

2018-11-16 15:14:03 - [TEST_STEP][PASSED] - click: Object: 'Object Repository/Final Object Repo/New Registration - Registration Module Pages/Form 2/Socso Employment StartDate Year' is clicked on

2018-11-16 15:14:03 - [MESSAGE][PASSED] - Object: 'Object Repository/Final Object Repo/New Registration - Registration Module Pages/Form 2/Socso Employment StartDate Year' is clicked on

2018-11-16 15:14:03 - [TEST_STEP][PASSED] - delay: Delayed 1 second(s)

2018-11-16 15:14:04 - [MESSAGE][PASSED] - Delayed 1 second(s)

2018-11-16 15:14:04 - [TEST_STEP][PASSED] - click: Object: 'Object Repository/Final Object Repo/New Registration - Registration Module Pages/Form 2/Select Socso Employment Startdate Year' is clicked on

2018-11-16 15:14:05 - [MESSAGE][PASSED] - Object: 'Object Repository/Final Object Repo/New Registration - Registration Module Pages/Form 2/Select Socso Employment Startdate Year' is clicked on

2018-11-16 15:14:05 - [TEST_STEP][PASSED] - delay: Delayed 2 second(s)

2018-11-16 15:14:07 - [MESSAGE][PASSED] - Delayed 2 second(s)

2018-11-16 15:14:07 - [TEST_STEP][PASSED] - click: Object: 'Object Repository/Final Object Repo/New Registration - Registration Module Pages/Form 2/Socso Employment Start Date Day' is clicked on

2018-11-16 15:14:07 - [MESSAGE][PASSED] - Object: 'Object Repository/Final Object Repo/New Registration - Registration Module Pages/Form 2/Socso Employment Start Date Day' is clicked on

2018-11-16 15:14:07 - [TEST_STEP][PASSED] - delay: Delayed 2 second(s)

2018-11-16 15:14:09 - [MESSAGE][PASSED] - Delayed 2 second(s)

2018-11-16 15:14:09 - [TEST_STEP][PASSED] - click: Object: 'Object Repository/Final Object Repo/New Registration - Registration Module Pages/Form 2/Save Button for Add Employee' is clicked on

2018-11-16 15:14:11 - [MESSAGE][PASSED] - Object: 'Object Repository/Final Object Repo/New Registration - Registration Module Pages/Form 2/Save Button for Add Employee' is clicked on

2018-11-16 15:14:11 - [TEST_STEP][PASSED] - delay: Delayed 6 second(s)

2018-11-16 15:14:17 - [MESSAGE][PASSED] - Delayed 6 second(s)

2018-11-16 15:14:17 - [TEST_STEP][PASSED] - click: Object: 'Object Repository/Final Object Repo/New Registration - Registration Module Pages/Form 2/Save and Continue Form 2' is clicked on

2018-11-16 15:14:18 - [MESSAGE][PASSED] - Object: 'Object Repository/Final Object Repo/New Registration - Registration Module Pages/Form 2/Save and Continue Form 2' is clicked on

2018-11-16 15:14:18 - [MESSAGE][PASSED] - Call Test Case 'Test Cases/Final Aug 2018 - PKS Automation/Registration Module/New Registration/Form 2/Add 1 Eligible - Employer Account Use' successfully

2018-11-16 15:14:18 - [TEST_STEP][PASSED] - callTestCase: Call Test Case 'Test Cases/Final Aug 2018 - PKS Automation/Registration Module/New Registration/Flow of New Registration/Third Screen - Upload Supporting Doc - Preview' successfully

2018-11-16 15:14:18 - [TEST_CASE][PASSED] - Test Cases/Final Aug 2018 - PKS Automation/Registration Module/New Registration/Flow of New Registration/Third Screen - Upload Supporting Doc - Preview: Test Cases/Final Aug 2018 - PKS Automation/Registration Module/New Registration/Flow of New Registration/Third Screen - Upload Supporting Doc - Preview

2018-11-16 15:14:18 - [TEST_STEP][PASSED] - waitForPageLoad: Wait for page load successfully

2018-11-16 15:14:18 - [MESSAGE][PASSED] - Wait for page load successfully

2018-11-16 15:14:18 - [TEST_STEP][PASSED] - Statement - CaseReferenceNo = com.kms.katalon.core.webui.keyword.WebUiBuiltInKeywords.getText(com.kms.katalon.core.testobject.ObjectRepository.findTestObject(Final Object Repo/New Registration - Registration Module Pages/Third Screen - Upload Supporting Doc- Preview/RefNo Acquiring)): Text of object 'Object Repository/Final Object Repo/New Registration - Registration Module Pages/Third Screen - Upload Supporting Doc- Preview/RefNo Acquiring' is: 'CRN11201800122534'

2018-11-16 15:14:18 - [MESSAGE][PASSED] - Text of object 'Object Repository/Final Object Repo/New Registration - Registration Module Pages/Third Screen - Upload Supporting Doc- Preview/RefNo Acquiring' is: 'CRN11201800122534'

2018-11-16 15:14:18 - [TEST_STEP][PASSED] - delay: Delayed 2 second(s)

2018-11-16 15:14:20 - [MESSAGE][PASSED] - Delayed 2 second(s)

2018-11-16 15:14:20 - [TEST_STEP][PASSED] - callTestCase: Call Test Case 'Test Cases/Final Aug 2018 - PKS Automation/Common/Reference Number Setter' successfully

2018-11-16 15:14:20 - [TEST_CASE][PASSED] - Test Cases/Final Aug 2018 - PKS Automation/Common/Reference Number Setter: Test Cases/Final Aug 2018 - PKS Automation/Common/Reference Number Setter

2018-11-16 15:14:20 - [TEST_STEP][PASSED] - Statement - RefNoOldFile = new java.io.File(C://KatalonReference.txt): null

2018-11-16 15:14:20 - [TEST_STEP][PASSED] - Statement - RefNoOldFile.delete(): null

2018-11-16 15:14:20 - [TEST_STEP][PASSED] - delay: Delayed 5 second(s)

2018-11-16 15:14:25 - [MESSAGE][PASSED] - Delayed 5 second(s)

2018-11-16 15:14:25 - [TEST_STEP][PASSED] - Statement - RefNo = new java.io.File(C://KatalonReference.txt): null

2018-11-16 15:14:25 - [TEST_STEP][PASSED] - Statement - f2 = new java.io.FileWriter(RefNo, false): null

2018-11-16 15:14:25 - [TEST_STEP][PASSED] - Statement - f2.write(CaseReferenceNo): null

2018-11-16 15:14:25 - [TEST_STEP][PASSED] - Statement - f2.close(): null

2018-11-16 15:14:25 - [TEST_STEP][PASSED] - Statement - out.println("


" + CaseReferenceNo + "


"): null

2018-11-16 15:14:25 - [MESSAGE][PASSED] - Call Test Case 'Test Cases/Final Aug 2018 - PKS Automation/Common/Reference Number Setter' successfully

2018-11-16 15:14:25 - [TEST_STEP][PASSED] - waitForElementClickable: Object 'Object Repository/Final Object Repo/New Registration - Registration Module Pages/Third Screen - Upload Supporting Doc- Preview/Save n Continue in SIP Employee Listing Page' is clickable

2018-11-16 15:14:25 - [MESSAGE][PASSED] - Object 'Object Repository/Final Object Repo/New Registration - Registration Module Pages/Third Screen - Upload Supporting Doc- Preview/Save n Continue in SIP Employee Listing Page' is clickable

2018-11-16 15:14:25 - [TEST_STEP][PASSED] - click: Object: 'Object Repository/Final Object Repo/New Registration - Registration Module Pages/Third Screen - Upload Supporting Doc- Preview/Save n Continue in SIP Employee Listing Page' is clicked on

2018-11-16 15:14:31 - [MESSAGE][PASSED] - Object: 'Object Repository/Final Object Repo/New Registration - Registration Module Pages/Third Screen - Upload Supporting Doc- Preview/Save n Continue in SIP Employee Listing Page' is clicked on

2018-11-16 15:14:31 - [TEST_STEP][PASSED] - delay: Delayed 6 second(s)

2018-11-16 15:14:37 - [MESSAGE][PASSED] - Delayed 6 second(s)

2018-11-16 15:14:37 - [TEST_STEP][PASSED] - click: Object: 'Object Repository/Final Object Repo/New Registration - Registration Module Pages/Third Screen - Upload Supporting Doc- Preview/Add Document Button' is clicked on

2018-11-16 15:14:38 - [MESSAGE][PASSED] - Object: 'Object Repository/Final Object Repo/New Registration - Registration Module Pages/Third Screen - Upload Supporting Doc- Preview/Add Document Button' is clicked on

2018-11-16 15:14:38 - [TEST_STEP][PASSED] - delay: Delayed 30 second(s)

2018-11-16 15:15:08 - [MESSAGE][PASSED] - Delayed 30 second(s)

2018-11-16 15:15:08 - [TEST_STEP][PASSED] - click: Object: 'Object Repository/Final Object Repo/New Registration - Registration Module Pages/Third Screen - Upload Supporting Doc- Preview/Supporting Doc Please Select Drop Down' is clicked on

2018-11-16 15:15:08 - [MESSAGE][PASSED] - Object: 'Object Repository/Final Object Repo/New Registration - Registration Module Pages/Third Screen - Upload Supporting Doc- Preview/Supporting Doc Please Select Drop Down' is clicked on

2018-11-16 15:15:08 - [TEST_STEP][PASSED] - delay: Delayed 2 second(s)

2018-11-16 15:15:10 - [MESSAGE][PASSED] - Delayed 2 second(s)

2018-11-16 15:15:10 - [TEST_STEP][PASSED] - click: Object: 'Object Repository/Final Object Repo/New Registration - Registration Module Pages/Third Screen - Upload Supporting Doc- Preview/Select to Upload Form 1' is clicked on

2018-11-16 15:15:11 - [MESSAGE][PASSED] - Object: 'Object Repository/Final Object Repo/New Registration - Registration Module Pages/Third Screen - Upload Supporting Doc- Preview/Select to Upload Form 1' is clicked on

2018-11-16 15:15:11 - [TEST_STEP][PASSED] - delay: Delayed 2 second(s)

2018-11-16 15:15:13 - [MESSAGE][PASSED] - Delayed 2 second(s)

2018-11-16 15:15:13 - [TEST_STEP][PASSED] - uploadFile: File 'C:\Users\Public\Pictures\Sample Pictures\Act.jpg' sent to object: 'Object Repository/Final Object Repo/New Registration - Registration Module Pages/Third Screen - Upload Supporting Doc- Preview/Upload File Adding'

2018-11-16 15:15:13 - [MESSAGE][PASSED] - File 'C:\Users\Public\Pictures\Sample Pictures\Act.jpg' sent to object: 'Object Repository/Final Object Repo/New Registration - Registration Module Pages/Third Screen - Upload Supporting Doc- Preview/Upload File Adding'

2018-11-16 15:15:13 - [TEST_STEP][PASSED] - delay: Delayed 5 second(s)

2018-11-16 15:15:18 - [MESSAGE][PASSED] - Delayed 5 second(s)

2018-11-16 15:15:18 - [TEST_STEP][PASSED] - click: Object: 'Object Repository/Final Object Repo/New Registration - Registration Module Pages/Third Screen - Upload Supporting Doc- Preview/Inner Form Add Document Button' is clicked on

2018-11-16 15:15:23 - [MESSAGE][PASSED] - Object: 'Object Repository/Final Object Repo/New Registration - Registration Module Pages/Third Screen - Upload Supporting Doc- Preview/Inner Form Add Document Button' is clicked on

2018-11-16 15:15:23 - [TEST_STEP][PASSED] - delay: Delayed 3 second(s)

2018-11-16 15:15:26 - [MESSAGE][PASSED] - Delayed 3 second(s)

2018-11-16 15:15:26 - [TEST_STEP][PASSED] - click: Object: 'Object Repository/Final Object Repo/New Registration - Registration Module Pages/Third Screen - Upload Supporting Doc- Preview/Add Document Button' is clicked on

2018-11-16 15:15:27 - [MESSAGE][PASSED] - Object: 'Object Repository/Final Object Repo/New Registration - Registration Module Pages/Third Screen - Upload Supporting Doc- Preview/Add Document Button' is clicked on

2018-11-16 15:15:27 - [TEST_STEP][PASSED] - delay: Delayed 30 second(s)

2018-11-16 15:15:57 - [MESSAGE][PASSED] - Delayed 30 second(s)

2018-11-16 15:15:57 - [TEST_STEP][PASSED] - click: Object: 'Object Repository/Final Object Repo/New Registration - Registration Module Pages/Third Screen - Upload Supporting Doc- Preview/Supporting Doc Please Select Drop Down' is clicked on

2018-11-16 15:15:57 - [MESSAGE][PASSED] - Object: 'Object Repository/Final Object Repo/New Registration - Registration Module Pages/Third Screen - Upload Supporting Doc- Preview/Supporting Doc Please Select Drop Down' is clicked on

2018-11-16 15:15:57 - [TEST_STEP][PASSED] - delay: Delayed 2 second(s)

2018-11-16 15:15:59 - [MESSAGE][PASSED] - Delayed 2 second(s)

2018-11-16 15:15:59 - [TEST_STEP][PASSED] - click: Object: 'Object Repository/Final Object Repo/New Registration - Registration Module Pages/Third Screen - Upload Supporting Doc- Preview/Select to Upload Form 2' is clicked on

2018-11-16 15:16:00 - [MESSAGE][PASSED] - Object: 'Object Repository/Final Object Repo/New Registration - Registration Module Pages/Third Screen - Upload Supporting Doc- Preview/Select to Upload Form 2' is clicked on

2018-11-16 15:16:00 - [TEST_STEP][PASSED] - delay: Delayed 2 second(s)

2018-11-16 15:16:02 - [MESSAGE][PASSED] - Delayed 2 second(s)

2018-11-16 15:16:02 - [TEST_STEP][PASSED] - uploadFile: File 'C:\Users\Public\Pictures\Sample Pictures\Act.jpg' sent to object: 'Object Repository/Final Object Repo/New Registration - Registration Module Pages/Third Screen - Upload Supporting Doc- Preview/Upload File Adding'

2018-11-16 15:16:02 - [MESSAGE][PASSED] - File 'C:\Users\Public\Pictures\Sample Pictures\Act.jpg' sent to object: 'Object Repository/Final Object Repo/New Registration - Registration Module Pages/Third Screen - Upload Supporting Doc- Preview/Upload File Adding'

2018-11-16 15:16:02 - [TEST_STEP][PASSED] - click: Object: 'Object Repository/Final Object Repo/New Registration - Registration Module Pages/Third Screen - Upload Supporting Doc- Preview/Inner Form Add Document Button' is clicked on

2018-11-16 15:16:08 - [MESSAGE][PASSED] - Object: 'Object Repository/Final Object Repo/New Registration - Registration Module Pages/Third Screen - Upload Supporting Doc- Preview/Inner Form Add Document Button' is clicked on

2018-11-16 15:16:08 - [TEST_STEP][PASSED] - delay: Delayed 4 second(s)

2018-11-16 15:16:12 - [MESSAGE][PASSED] - Delayed 4 second(s)

2018-11-16 15:16:12 - [TEST_STEP][PASSED] - click: Object: 'Object Repository/Final Object Repo/New Registration - Registration Module Pages/Third Screen - Upload Supporting Doc- Preview/Add Document Button' is clicked on

2018-11-16 15:16:12 - [MESSAGE][PASSED] - Object: 'Object Repository/Final Object Repo/New Registration - Registration Module Pages/Third Screen - Upload Supporting Doc- Preview/Add Document Button' is clicked on

2018-11-16 15:16:12 - [TEST_STEP][PASSED] - delay: Delayed 30 second(s)

2018-11-16 15:16:42 - [MESSAGE][PASSED] - Delayed 30 second(s)

2018-11-16 15:16:42 - [TEST_STEP][PASSED] - click: Object: 'Object Repository/Final Object Repo/New Registration - Registration Module Pages/Third Screen - Upload Supporting Doc- Preview/Supporting Doc Please Select Drop Down' is clicked on

2018-11-16 15:16:42 - [MESSAGE][PASSED] - Object: 'Object Repository/Final Object Repo/New Registration - Registration Module Pages/Third Screen - Upload Supporting Doc- Preview/Supporting Doc Please Select Drop Down' is clicked on

2018-11-16 15:16:42 - [TEST_STEP][PASSED] - click: Object: 'Object Repository/Final Object Repo/New Registration - Registration Module Pages/Third Screen - Upload Supporting Doc- Preview/Select to Upload Borang SIP 1' is clicked on

2018-11-16 15:16:43 - [MESSAGE][PASSED] - Object: 'Object Repository/Final Object Repo/New Registration - Registration Module Pages/Third Screen - Upload Supporting Doc- Preview/Select to Upload Borang SIP 1' is clicked on

2018-11-16 15:16:43 - [TEST_STEP][PASSED] - delay: Delayed 2 second(s)

2018-11-16 15:16:45 - [MESSAGE][PASSED] - Delayed 2 second(s)

2018-11-16 15:16:45 - [TEST_STEP][PASSED] - uploadFile: File 'C:\Users\Public\Pictures\Sample Pictures\Act.jpg' sent to object: 'Object Repository/Final Object Repo/New Registration - Registration Module Pages/Third Screen - Upload Supporting Doc- Preview/Upload File Adding'

2018-11-16 15:16:45 - [MESSAGE][PASSED] - File 'C:\Users\Public\Pictures\Sample Pictures\Act.jpg' sent to object: 'Object Repository/Final Object Repo/New Registration - Registration Module Pages/Third Screen - Upload Supporting Doc- Preview/Upload File Adding'

2018-11-16 15:16:45 - [TEST_STEP][PASSED] - click: Object: 'Object Repository/Final Object Repo/New Registration - Registration Module Pages/Third Screen - Upload Supporting Doc- Preview/Inner Form Add Document Button' is clicked on

2018-11-16 15:16:46 - [MESSAGE][PASSED] - Object: 'Object Repository/Final Object Repo/New Registration - Registration Module Pages/Third Screen - Upload Supporting Doc- Preview/Inner Form Add Document Button' is clicked on

2018-11-16 15:16:46 - [TEST_STEP][PASSED] - delay: Delayed 5 second(s)

2018-11-16 15:16:51 - [MESSAGE][PASSED] - Delayed 5 second(s)

2018-11-16 15:16:51 - [TEST_STEP][PASSED] - click: Object: 'Object Repository/Final Object Repo/New Registration - Registration Module Pages/Third Screen - Upload Supporting Doc- Preview/Add Document Button' is clicked on

2018-11-16 15:16:51 - [MESSAGE][PASSED] - Object: 'Object Repository/Final Object Repo/New Registration - Registration Module Pages/Third Screen - Upload Supporting Doc- Preview/Add Document Button' is clicked on

2018-11-16 15:16:51 - [TEST_STEP][PASSED] - delay: Delayed 30 second(s)

2018-11-16 15:17:21 - [MESSAGE][PASSED] - Delayed 30 second(s)

2018-11-16 15:17:21 - [TEST_STEP][PASSED] - click: Object: 'Object Repository/Final Object Repo/New Registration - Registration Module Pages/Third Screen - Upload Supporting Doc- Preview/Supporting Doc Please Select Drop Down' is clicked on

2018-11-16 15:17:21 - [MESSAGE][PASSED] - Object: 'Object Repository/Final Object Repo/New Registration - Registration Module Pages/Third Screen - Upload Supporting Doc- Preview/Supporting Doc Please Select Drop Down' is clicked on

2018-11-16 15:17:21 - [TEST_STEP][PASSED] - delay: Delayed 3 second(s)

2018-11-16 15:17:24 - [MESSAGE][PASSED] - Delayed 3 second(s)

2018-11-16 15:17:24 - [TEST_STEP][PASSED] - click: Object: 'Object Repository/Final Object Repo/New Registration - Registration Module Pages/Third Screen - Upload Supporting Doc- Preview/Select to Upload Borang SIP 2' is clicked on

2018-11-16 15:17:25 - [MESSAGE][PASSED] - Object: 'Object Repository/Final Object Repo/New Registration - Registration Module Pages/Third Screen - Upload Supporting Doc- Preview/Select to Upload Borang SIP 2' is clicked on

2018-11-16 15:17:25 - [TEST_STEP][PASSED] - delay: Delayed 2 second(s)

2018-11-16 15:17:27 - [MESSAGE][PASSED] - Delayed 2 second(s)

2018-11-16 15:17:27 - [TEST_STEP][PASSED] - uploadFile: File 'C:\Users\Public\Pictures\Sample Pictures\Act.jpg' sent to object: 'Object Repository/Final Object Repo/New Registration - Registration Module Pages/Third Screen - Upload Supporting Doc- Preview/Upload File Adding'

2018-11-16 15:17:27 - [MESSAGE][PASSED] - File 'C:\Users\Public\Pictures\Sample Pictures\Act.jpg' sent to object: 'Object Repository/Final Object Repo/New Registration - Registration Module Pages/Third Screen - Upload Supporting Doc- Preview/Upload File Adding'

2018-11-16 15:17:27 - [TEST_STEP][PASSED] - delay: Delayed 5 second(s)

2018-11-16 15:17:32 - [MESSAGE][PASSED] - Delayed 5 second(s)

2018-11-16 15:17:32 - [TEST_STEP][PASSED] - click: Object: 'Object Repository/Final Object Repo/New Registration - Registration Module Pages/Third Screen - Upload Supporting Doc- Preview/Inner Form Add Document Button' is clicked on

2018-11-16 15:17:38 - [MESSAGE][PASSED] - Object: 'Object Repository/Final Object Repo/New Registration - Registration Module Pages/Third Screen - Upload Supporting Doc- Preview/Inner Form Add Document Button' is clicked on

2018-11-16 15:17:38 - [TEST_STEP][PASSED] - delay: Delayed 3 second(s)

2018-11-16 15:17:41 - [MESSAGE][PASSED] - Delayed 3 second(s)

2018-11-16 15:17:41 - [TEST_STEP][PASSED] - waitForElementClickable: Object 'Object Repository/Final Object Repo/New Registration - Registration Module Pages/Third Screen - Upload Supporting Doc- Preview/Save n Continue in Uploading Supporting Doc Page' is clickable

2018-11-16 15:17:41 - [MESSAGE][PASSED] - Object 'Object Repository/Final Object Repo/New Registration - Registration Module Pages/Third Screen - Upload Supporting Doc- Preview/Save n Continue in Uploading Supporting Doc Page' is clickable

2018-11-16 15:17:41 - [TEST_STEP][PASSED] - click: Object: 'Object Repository/Final Object Repo/New Registration - Registration Module Pages/Third Screen - Upload Supporting Doc- Preview/Save n Continue in Uploading Supporting Doc Page' is clicked on

2018-11-16 15:17:46 - [MESSAGE][PASSED] - Object: 'Object Repository/Final Object Repo/New Registration - Registration Module Pages/Third Screen - Upload Supporting Doc- Preview/Save n Continue in Uploading Supporting Doc Page' is clicked on

2018-11-16 15:17:46 - [MESSAGE][PASSED] - Call Test Case 'Test Cases/Final Aug 2018 - PKS Automation/Registration Module/New Registration/Flow of New Registration/Third Screen - Upload Supporting Doc - Preview' successfully

2018-11-16 15:17:46 - [TEST_STEP][PASSED] - setText: Text 'Tester' is set on object 'Object Repository/Final Object Repo/New Registration - Registration Module Pages/New Reg - OTC to RO/Special Case - All Related Objects/Employer Preview Name'

2018-11-16 15:17:46 - [MESSAGE][PASSED] - Text 'Tester' is set on object 'Object Repository/Final Object Repo/New Registration - Registration Module Pages/New Reg - OTC to RO/Special Case - All Related Objects/Employer Preview Name'

2018-11-16 15:17:46 - [TEST_STEP][PASSED] - click: Object: 'Object Repository/Final Object Repo/New Registration - Registration Module Pages/New Reg - OTC to RO/Special Case - All Related Objects/IC Type Drop Down' is clicked on

2018-11-16 15:17:46 - [MESSAGE][PASSED] - Object: 'Object Repository/Final Object Repo/New Registration - Registration Module Pages/New Reg - OTC to RO/Special Case - All Related Objects/IC Type Drop Down' is clicked on

2018-11-16 15:17:46 - [TEST_STEP][PASSED] - click: Object: 'Object Repository/Final Object Repo/New Registration - Registration Module Pages/New Reg - OTC to RO/Special Case - All Related Objects/Select to NRIC' is clicked on

2018-11-16 15:17:47 - [MESSAGE][PASSED] - Object: 'Object Repository/Final Object Repo/New Registration - Registration Module Pages/New Reg - OTC to RO/Special Case - All Related Objects/Select to NRIC' is clicked on

2018-11-16 15:17:47 - [TEST_STEP][PASSED] - setText: Text '133245561223' is set on object 'Object Repository/Final Object Repo/New Registration - Registration Module Pages/New Reg - OTC to RO/Special Case - All Related Objects/IC Value'

2018-11-16 15:17:47 - [MESSAGE][PASSED] - Text '133245561223' is set on object 'Object Repository/Final Object Repo/New Registration - Registration Module Pages/New Reg - OTC to RO/Special Case - All Related Objects/IC Value'

2018-11-16 15:17:47 - [TEST_STEP][PASSED] - setText: Text 'Auto' is set on object 'Object Repository/Final Object Repo/New Registration - Registration Module Pages/New Reg - OTC to RO/Special Case - All Related Objects/Designation'

2018-11-16 15:17:47 - [MESSAGE][PASSED] - Text 'Auto' is set on object 'Object Repository/Final Object Repo/New Registration - Registration Module Pages/New Reg - OTC to RO/Special Case - All Related Objects/Designation'

2018-11-16 15:17:47 - [TEST_STEP][PASSED] - callTestCase: Call Test Case 'Test Cases/Final Aug 2018 - PKS Automation/Registration Module/New Registration/Submit and Screenshot/Submit Registration and Screenshot - Copy' successfully

2018-11-16 15:17:47 - [TEST_CASE][PASSED] - Test Cases/Final Aug 2018 - PKS Automation/Registration Module/New Registration/Submit and Screenshot/Submit Registration and Screenshot - Copy: Test Cases/Final Aug 2018 - PKS Automation/Registration Module/New Registration/Submit and Screenshot/Submit Registration and Screenshot - Copy

2018-11-16 15:17:47 - [TEST_STEP][PASSED] - delay: Delayed 6 second(s)

2018-11-16 15:17:53 - [MESSAGE][PASSED] - Delayed 6 second(s)

2018-11-16 15:17:53 - [TEST_STEP][PASSED] - click: Object: 'Object Repository/Final Object Repo/New Registration - Registration Module Pages/Third Screen - Upload Supporting Doc- Preview/Preview Submit Button' is clicked on

2018-11-16 15:17:54 - [MESSAGE][PASSED] - Object: 'Object Repository/Final Object Repo/New Registration - Registration Module Pages/Third Screen - Upload Supporting Doc- Preview/Preview Submit Button' is clicked on

2018-11-16 15:17:54 - [TEST_STEP][PASSED] - delay: Delayed 2 second(s)

2018-11-16 15:17:56 - [MESSAGE][PASSED] - Delayed 2 second(s)

2018-11-16 15:17:56 - [TEST_STEP][PASSED] - click: Object: 'Object Repository/Final Object Repo/New Registration - Registration Module Pages/Third Screen - Upload Supporting Doc- Preview/Preview Submit - Confirm' is clicked on

2018-11-16 15:18:01 - [MESSAGE][PASSED] - Object: 'Object Repository/Final Object Repo/New Registration - Registration Module Pages/Third Screen - Upload Supporting Doc- Preview/Preview Submit - Confirm' is clicked on

2018-11-16 15:18:01 - [TEST_STEP][PASSED] - delay: Delayed 15 second(s)

2018-11-16 15:18:16 - [MESSAGE][PASSED] - Delayed 15 second(s)

2018-11-16 15:18:16 - [TEST_STEP][PASSED] - Statement - driver = com.kms.katalon.core.webui.driver.DriverFactory.getWebDriver(): null

2018-11-16 15:18:16 - [TEST_STEP][PASSED] - Statement - driver.manage().timeouts().implicitlyWait(10, SECONDS): null

2018-11-16 15:18:16 - [TEST_STEP][PASSED] - Statement - PresavePath = KatalonScreenshots: null

2018-11-16 15:18:16 - [TEST_STEP][PASSED] - Statement - pathPrefix = "C:\Users\Public\Pictures\Sample Pictures\Katalon Screenshots\Automate Ending Screen": null

2018-11-16 15:18:16 - [TEST_STEP][PASSED] - Statement - finalPath = <not implemented yet for class: org.codehaus.groovy.ast.expr.EmptyExpression>: null

2018-11-16 15:18:16 - [TEST_STEP][PASSED] - Statement - scrFile = driver.getScreenshotAs(FILE): null

2018-11-16 15:18:16 - [TEST_STEP][PASSED] - Statement - PreSaveFile = new java.io.File(PresavePath): null

2018-11-16 15:18:16 - [TEST_STEP][PASSED] - Statement - counter = 0: null

2018-11-16 15:18:16 - [TEST_STEP][PASSED] - Statement - If (PreSaveFile.exists()): null

2018-11-16 15:18:16 - [TEST_STEP][PASSED] - Statement - While (PreSaveFile.exists()): null

2018-11-16 15:18:16 - [TEST_STEP][PASSED] - Statement - counter = counter + 1: null

2018-11-16 15:18:16 - [TEST_STEP][PASSED] - Statement - PreSaveFile = new java.io.File(((pathPrefix + java.lang.Integer.toString(counter)) + .png)): null

2018-11-16 15:18:16 - [TEST_STEP][PASSED] - Statement - counter = counter + 1: null

2018-11-16 15:18:16 - [TEST_STEP][PASSED] - Statement - PreSaveFile = new java.io.File(((pathPrefix + java.lang.Integer.toString(counter)) + .png)): null

2018-11-16 15:18:16 - [TEST_STEP][PASSED] - Statement - counter = counter + 1: null

2018-11-16 15:18:16 - [TEST_STEP][PASSED] - Statement - PreSaveFile = new java.io.File(((pathPrefix + java.lang.Integer.toString(counter)) + .png)): null

2018-11-16 15:18:16 - [TEST_STEP][PASSED] - Statement - counter = counter + 1: null

2018-11-16 15:18:16 - [TEST_STEP][PASSED] - Statement - PreSaveFile = new java.io.File(((pathPrefix + java.lang.Integer.toString(counter)) + .png)): null

2018-11-16 15:18:16 - [TEST_STEP][PASSED] - Statement - counter = counter + 1: null

2018-11-16 15:18:16 - [TEST_STEP][PASSED] - Statement - PreSaveFile = new java.io.File(((pathPrefix + java.lang.Integer.toString(counter)) + .png)): null

2018-11-16 15:18:16 - [TEST_STEP][PASSED] - Statement - counter = counter + 1: null

2018-11-16 15:18:16 - [TEST_STEP][PASSED] - Statement - PreSaveFile = new java.io.File(((pathPrefix + java.lang.Integer.toString(counter)) + .png)): null

2018-11-16 15:18:16 - [TEST_STEP][PASSED] - Statement - counter = counter + 1: null

2018-11-16 15:18:16 - [TEST_STEP][PASSED] - Statement - PreSaveFile = new java.io.File(((pathPrefix + java.lang.Integer.toString(counter)) + .png)): null

2018-11-16 15:18:16 - [TEST_STEP][PASSED] - Statement - counter = counter + 1: null

2018-11-16 15:18:16 - [TEST_STEP][PASSED] - Statement - PreSaveFile = new java.io.File(((pathPrefix + java.lang.Integer.toString(counter)) + .png)): null

2018-11-16 15:18:16 - [TEST_STEP][PASSED] - Statement - finalPath = pathPrefix + java.lang.Integer.toString(counter) + ".png": null

2018-11-16 15:18:16 - [TEST_STEP][PASSED] - Statement - SaveFile = new java.io.File(finalPath): null

2018-11-16 15:18:16 - [TEST_STEP][PASSED] - Statement - Try: null

2018-11-16 15:18:16 - [TEST_STEP][PASSED] - Statement - org.apache.commons.io.FileUtils.copyFile(scrFile, SaveFile): null

2018-11-16 15:18:16 - [TEST_STEP][PASSED] - Statement - out.println("file kept"): null

2018-11-16 15:18:16 - [TEST_STEP][PASSED] - delay: Delayed 10 second(s)

2018-11-16 15:18:26 - [MESSAGE][PASSED] - Delayed 10 second(s)

2018-11-16 15:18:26 - [MESSAGE][PASSED] - Call Test Case 'Test Cases/Final Aug 2018 - PKS Automation/Registration Module/New Registration/Submit and Screenshot/Submit Registration and Screenshot - Copy' successfully

2018-11-16 15:18:26 - [TEST_STEP][PASSED] - Statement - UpdateAddNewECode = com.kms.katalon.core.webui.keyword.WebUiBuiltInKeywords.getText(com.kms.katalon.core.testobject.ObjectRepository.findTestObject(Object Repository/Final Object Repo/Page_Update Add New Employee - ASSIST/getEmpCode)): Text of object 'Object Repository/Final Object Repo/Page_Update Add New Employee - ASSIST/getEmpCode' is: 'E1102070244B'

2018-11-16 15:18:26 - [MESSAGE][PASSED] - Text of object 'Object Repository/Final Object Repo/Page_Update Add New Employee - ASSIST/getEmpCode' is: 'E1102070244B'

2018-11-16 15:18:26 - [TEST_STEP][PASSED] - callTestCase: Call Test Case 'Test Cases/Final Aug 2018 - PKS Automation/Common/Emp Code Setter' successfully

2018-11-16 15:18:26 - [TEST_CASE][PASSED] - Test Cases/Final Aug 2018 - PKS Automation/Common/Emp Code Setter: Test Cases/Final Aug 2018 - PKS Automation/Common/Emp Code Setter

2018-11-16 15:18:26 - [TEST_STEP][PASSED] - Statement - EmpCodeOld = new java.io.File(C://EmpCode.txt): null

2018-11-16 15:18:26 - [TEST_STEP][PASSED] - Statement - EmpCodeOld.delete(): null

2018-11-16 15:18:26 - [TEST_STEP][PASSED] - Statement - EmpCode = new java.io.File(C://EmpCode.txt): null

2018-11-16 15:18:26 - [TEST_STEP][PASSED] - Statement - EmpCode.append(UpdateAddNewECode): null

2018-11-16 15:18:26 - [TEST_STEP][PASSED] - Statement - out.println("


" + UpdateAddNewECode + "


"): null

2018-11-16 15:18:26 - [MESSAGE][PASSED] - Call Test Case 'Test Cases/Final Aug 2018 - PKS Automation/Common/Emp Code Setter' successfully

2018-11-16 15:18:26 - [MESSAGE][PASSED] - Call Test Case 'Test Cases/Final Aug 2018 - PKS Automation/Registration Module/Workflow/Update Add New Employee/Template/New Company for Update Add New - Employer' successfully

2018-11-16 15:18:26 - [TEST_STEP][PASSED] - callTestCase: Call Test Case 'Test Cases/Final Aug 2018 - PKS Automation/Create Employer Acc/Login to Employer Account (Second time)' successfully

2018-11-16 15:18:26 - [TEST_CASE][PASSED] - Test Cases/Final Aug 2018 - PKS Automation/Create Employer Acc/Login to Employer Account (Second time): Test Cases/Final Aug 2018 - PKS Automation/Create Employer Acc/Login to Employer Account (Second time)

2018-11-16 15:18:26 - [TEST_STEP][PASSED] - openBrowser: Browser is opened with url: ''

2018-11-16 15:18:26 - [MESSAGE][WARNING] - A browser is already opened. Closing browser and opening a new one

2018-11-16 15:18:31 - [MESSAGE][PASSED] - Browser is opened with url: ''

2018-11-16 15:18:31 - [TEST_STEP][PASSED] - navigateToUrl: Navigate to 'https://assist2-uat.perkeso.gov.my/employer/login' successfully

2018-11-16 15:18:33 - [MESSAGE][PASSED] - Navigate to 'https://assist2-uat.perkeso.gov.my/employer/login' successfully

2018-11-16 15:18:33 - [TEST_STEP][PASSED] - delay: Delayed 3 second(s)

2018-11-16 15:18:36 - [MESSAGE][PASSED] - Delayed 3 second(s)

2018-11-16 15:18:36 - [TEST_STEP][PASSED] - callTestCase: Call Test Case 'Test Cases/Final Aug 2018 - PKS Automation/Create Employer Acc/Template/Employer Email Getter' successfully

2018-11-16 15:18:36 - [TEST_CASE][PASSED] - Test Cases/Final Aug 2018 - PKS Automation/Create Employer Acc/Template/Employer Email Getter: Test Cases/Final Aug 2018 - PKS Automation/Create Employer Acc/Template/Employer Email Getter

2018-11-16 15:18:36 - [TEST_STEP][PASSED] - Statement - Try: null

2018-11-16 15:18:36 - [TEST_STEP][PASSED] - Statement - EmpEmail = new java.io.File(C://EmpEmail.txt): null

2018-11-16 15:18:36 - [TEST_STEP][PASSED] - Statement - bufferread = new java.io.BufferedReader(new java.io.FileReader(EmpEmail)): null

2018-11-16 15:18:36 - [TEST_STEP][PASSED] - Statement - readedVal = bufferread.readLine(): null

2018-11-16 15:18:36 - [TEST_STEP][PASSED] - Statement - out.println(readedVal): null

2018-11-16 15:18:36 - [TEST_STEP][PASSED] - Statement - Email = readedVal: null

2018-11-16 15:18:36 - [MESSAGE][PASSED] - Call Test Case 'Test Cases/Final Aug 2018 - PKS Automation/Create Employer Acc/Template/Employer Email Getter' successfully

2018-11-16 15:18:36 - [TEST_STEP][PASSED] - setText: Text 'perkeso740846785885@gmail.com' is set on object 'Object Repository/Final Object Repo/Login Page/External Login Page/Email'

2018-11-16 15:18:36 - [MESSAGE][PASSED] - Text 'perkeso740846785885@gmail.com' is set on object 'Object Repository/Final Object Repo/Login Page/External Login Page/Email'

2018-11-16 15:18:36 - [TEST_STEP][PASSED] - click: Object: 'Object Repository/Final Object Repo/Login Page/External Login Page/Next' is clicked on

2018-11-16 15:18:37 - [MESSAGE][PASSED] - Object: 'Object Repository/Final Object Repo/Login Page/External Login Page/Next' is clicked on

2018-11-16 15:18:37 - [TEST_STEP][PASSED] - delay: Delayed 3 second(s)

2018-11-16 15:18:40 - [MESSAGE][PASSED] - Delayed 3 second(s)

2018-11-16 15:18:40 - [TEST_STEP][PASSED] - setEncryptedText: Text ****** has been set on object 'Object Repository/Final Object Repo/Login Page/External Login Page/Password'

2018-11-16 15:18:40 - [MESSAGE][PASSED] - Text ****** has been set on object 'Object Repository/Final Object Repo/Login Page/External Login Page/Password'

2018-11-16 15:18:40 - [TEST_STEP][PASSED] - click: Object: 'Object Repository/Final Object Repo/Login Page/External Login Page/Login' is clicked on

2018-11-16 15:18:47 - [MESSAGE][PASSED] - Object: 'Object Repository/Final Object Repo/Login Page/External Login Page/Login' is clicked on

2018-11-16 15:18:47 - [TEST_STEP][PASSED] - delay: Delayed 5 second(s)

2018-11-16 15:18:52 - [MESSAGE][PASSED] - Delayed 5 second(s)

2018-11-16 15:18:52 - [MESSAGE][PASSED] - Call Test Case 'Test Cases/Final Aug 2018 - PKS Automation/Create Employer Acc/Login to Employer Account (Second time)' successfully

2018-11-16 15:18:52 - [TEST_STEP][PASSED] - Statement - Try: Delayed 2 second(s)

2018-11-16 15:18:52 - [TEST_STEP][PASSED] - Statement - Checker = false: null

2018-11-16 15:18:52 - [TEST_STEP][PASSED] - Statement - Checker = com.kms.katalon.core.webui.keyword.WebUiBuiltInKeywords.verifyElementHasAttribute(com.kms.katalon.core.testobject.ObjectRepository.findTestObject(Final Object Repo/Landing Page/BM Detecting), "href", 20, OPTIONAL): Object 'Object Repository/Final Object Repo/Landing Page/BM Detecting' has attribute 'href'

2018-11-16 15:18:52 - [MESSAGE][PASSED] - Object 'Object Repository/Final Object Repo/Landing Page/BM Detecting' has attribute 'href'

2018-11-16 15:18:52 - [TEST_STEP][PASSED] - Statement - out.println(Checker): null

2018-11-16 15:18:52 - [TEST_STEP][PASSED] - Statement - If (Checker == false): null

2018-11-16 15:18:52 - [TEST_STEP][PASSED] - Statement - Else: null

2018-11-16 15:18:52 - [TEST_STEP][PASSED] - delay: Delayed 2 second(s)

2018-11-16 15:18:54 - [MESSAGE][PASSED] - Delayed 2 second(s)

2018-11-16 15:18:54 - [TEST_STEP][PASSED] - navigateToUrl: Navigate to 'https://assist2-uat.perkeso.gov.my/web/registration/update/update-employee-information-employer-' successfully

2018-11-16 15:18:56 - [MESSAGE][PASSED] - Navigate to 'https://assist2-uat.perkeso.gov.my/web/registration/update/update-employee-information-employer-' successfully

2018-11-16 15:18:56 - [TEST_STEP][PASSED] - click: Object: 'Object Repository/Final Object Repo/Page_Update Employee Information By Employer/Edit Button' is clicked on

2018-11-16 15:18:58 - [MESSAGE][PASSED] - Object: 'Object Repository/Final Object Repo/Page_Update Employee Information By Employer/Edit Button' is clicked on

2018-11-16 15:18:58 - [TEST_STEP][PASSED] - click: Object: 'Object Repository/Final Object Repo/Page_Update Employee Information By Employer/Employee Name or New Identification' is clicked on

2018-11-16 15:18:59 - [MESSAGE][PASSED] - Object: 'Object Repository/Final Object Repo/Page_Update Employee Information By Employer/Employee Name or New Identification' is clicked on

2018-11-16 15:18:59 - [TEST_STEP][PASSED] - delay: Delayed 1 second(s)

2018-11-16 15:19:00 - [MESSAGE][PASSED] - Delayed 1 second(s)

2018-11-16 15:19:00 - [TEST_STEP][PASSED] - click: Object: 'Object Repository/Final Object Repo/Page_Update Employee Information By Employer/Selection - Employee Name' is clicked on

2018-11-16 15:19:01 - [MESSAGE][PASSED] - Object: 'Object Repository/Final Object Repo/Page_Update Employee Information By Employer/Selection - Employee Name' is clicked on

2018-11-16 15:19:01 - [TEST_STEP][PASSED] - delay: Delayed 1 second(s)

2018-11-16 15:19:02 - [MESSAGE][PASSED] - Delayed 1 second(s)

2018-11-16 15:19:02 - [TEST_STEP][PASSED] - setText: Text 'AUTOMATE001 ELIGIBLE 1' is set on object 'Object Repository/Final Object Repo/Page_Update Employee Information By Employer/Employee Name'

2018-11-16 15:19:02 - [MESSAGE][PASSED] - Text 'AUTOMATE001 ELIGIBLE 1' is set on object 'Object Repository/Final Object Repo/Page_Update Employee Information By Employer/Employee Name'

2018-11-16 15:19:02 - [TEST_STEP][PASSED] - delay: Delayed 2 second(s)

2018-11-16 15:19:04 - [MESSAGE][PASSED] - Delayed 2 second(s)

2018-11-16 15:19:04 - [TEST_STEP][PASSED] - click: Object: 'Object Repository/Final Object Repo/Page_Update Employee Information By Employer/Search Employee' is clicked on

2018-11-16 15:19:04 - [MESSAGE][PASSED] - Object: 'Object Repository/Final Object Repo/Page_Update Employee Information By Employer/Search Employee' is clicked on

2018-11-16 15:19:04 - [TEST_STEP][PASSED] - delay: Delayed 3 second(s)

2018-11-16 15:19:07 - [MESSAGE][PASSED] - Delayed 3 second(s)

2018-11-16 15:19:07 - [TEST_STEP][PASSED] - click: Object: 'Object Repository/Final Object Repo/Page_Update Employee Information By Employer/Employee Edit Button' is clicked on

2018-11-16 15:19:08 - [MESSAGE][PASSED] - Object: 'Object Repository/Final Object Repo/Page_Update Employee Information By Employer/Employee Edit Button' is clicked on

2018-11-16 15:19:08 - [TEST_STEP][PASSED] - delay: Delayed 3 second(s)

2018-11-16 15:19:11 - [MESSAGE][PASSED] - Delayed 3 second(s)

2018-11-16 15:19:11 - [TEST_STEP][PASSED] - setText: Text '' is set on object 'Object Repository/Final Object Repo/Page_Update Employee Information By Employer/Identification Number'

2018-11-16 15:19:11 - [MESSAGE][PASSED] - Text '' is set on object 'Object Repository/Final Object Repo/Page_Update Employee Information By Employer/Identification Number'

2018-11-16 15:19:11 - [TEST_STEP][PASSED] - Statement - rnd = new java.util.Random(): null

2018-11-16 15:19:11 - [TEST_STEP][PASSED] - Statement - snum = rnd.nextInt(899999 + 1) + 100000: null

2018-11-16 15:19:11 - [TEST_STEP][PASSED] - Statement - tnum = rnd.nextInt(899999 + 1) + 100000: null

2018-11-16 15:19:11 - [TEST_STEP][PASSED] - Statement - IC = java.lang.Integer.toString(snum) + java.lang.Integer.toString(tnum): null

2018-11-16 15:19:11 - [TEST_STEP][PASSED] - Statement - out.println(IC): null

2018-11-16 15:19:11 - [TEST_STEP][PASSED] - setText: Text '877290761015' is set on object 'Object Repository/Final Object Repo/Page_Update Employee Information By Employer/Identification Number'

2018-11-16 15:19:11 - [MESSAGE][PASSED] - Text '877290761015' is set on object 'Object Repository/Final Object Repo/Page_Update Employee Information By Employer/Identification Number'

2018-11-16 15:19:11 - [TEST_STEP][PASSED] - click: Object: 'Object Repository/Final Object Repo/Page_Update Employee Information By Employer/Save' is clicked on

2018-11-16 15:19:15 - [MESSAGE][PASSED] - Object: 'Object Repository/Final Object Repo/Page_Update Employee Information By Employer/Save' is clicked on

2018-11-16 15:19:15 - [TEST_STEP][PASSED] - delay: Delayed 5 second(s)

2018-11-16 15:19:20 - [MESSAGE][PASSED] - Delayed 5 second(s)

2018-11-16 15:19:20 - [TEST_STEP][PASSED] - Statement - CaseReferenceNo = com.kms.katalon.core.webui.keyword.WebUiBuiltInKeywords.getText(com.kms.katalon.core.testobject.ObjectRepository.findTestObject(Final Object Repo/Reference Number/Reference Number in Update Employee Information Page)): Text of object 'Object Repository/Final Object Repo/Reference Number/Reference Number in Update Employee Information Page' is: 'CUN112018C100005508'

2018-11-16 15:19:20 - [MESSAGE][PASSED] - Text of object 'Object Repository/Final Object Repo/Reference Number/Reference Number in Update Employee Information Page' is: 'CUN112018C100005508'

2018-11-16 15:19:20 - [TEST_STEP][PASSED] - callTestCase: Call Test Case 'Test Cases/Final Aug 2018 - PKS Automation/Common/Reference Number Setter' successfully

2018-11-16 15:19:20 - [TEST_CASE][PASSED] - Test Cases/Final Aug 2018 - PKS Automation/Common/Reference Number Setter: Test Cases/Final Aug 2018 - PKS Automation/Common/Reference Number Setter

2018-11-16 15:19:20 - [TEST_STEP][PASSED] - Statement - RefNoOldFile = new java.io.File(C://KatalonReference.txt): null

2018-11-16 15:19:20 - [TEST_STEP][PASSED] - Statement - RefNoOldFile.delete(): null

2018-11-16 15:19:20 - [TEST_STEP][PASSED] - delay: Delayed 5 second(s)

2018-11-16 15:19:25 - [MESSAGE][PASSED] - Delayed 5 second(s)

2018-11-16 15:19:25 - [TEST_STEP][PASSED] - Statement - RefNo = new java.io.File(C://KatalonReference.txt): null

2018-11-16 15:19:25 - [TEST_STEP][PASSED] - Statement - f2 = new java.io.FileWriter(RefNo, false): null

2018-11-16 15:19:25 - [TEST_STEP][PASSED] - Statement - f2.write(CaseReferenceNo): null

2018-11-16 15:19:25 - [TEST_STEP][PASSED] - Statement - f2.close(): null

2018-11-16 15:19:25 - [TEST_STEP][PASSED] - Statement - out.println("


" + CaseReferenceNo + "


"): null

2018-11-16 15:19:25 - [MESSAGE][PASSED] - Call Test Case 'Test Cases/Final Aug 2018 - PKS Automation/Common/Reference Number Setter' successfully

2018-11-16 15:19:25 - [TEST_STEP][PASSED] - delay: Delayed 5 second(s)

2018-11-16 15:19:30 - [MESSAGE][PASSED] - Delayed 5 second(s)

2018-11-16 15:19:30 - [TEST_STEP][PASSED] - click: Object: 'Object Repository/Final Object Repo/Page_Update Employee Information By Employer/Save  Continue in  Employee Information Page' is clicked on

2018-11-16 15:19:31 - [MESSAGE][PASSED] - Object: 'Object Repository/Final Object Repo/Page_Update Employee Information By Employer/Save  Continue in  Employee Information Page' is clicked on

2018-11-16 15:19:31 - [TEST_STEP][PASSED] - delay: Delayed 5 second(s)

2018-11-16 15:19:36 - [MESSAGE][PASSED] - Delayed 5 second(s)

2018-11-16 15:19:36 - [TEST_STEP][PASSED] - click: Object: 'Object Repository/Final Object Repo/Page_Update Employee Information By Employer/Save  Continue in Uploading Page 1' is clicked on

2018-11-16 15:19:40 - [MESSAGE][PASSED] - Object: 'Object Repository/Final Object Repo/Page_Update Employee Information By Employer/Save  Continue in Uploading Page 1' is clicked on

2018-11-16 15:19:40 - [TEST_STEP][PASSED] - delay: Delayed 5 second(s)

2018-11-16 15:19:45 - [MESSAGE][PASSED] - Delayed 5 second(s)

2018-11-16 15:19:45 - [TEST_STEP][PASSED] - click: Object: 'Object Repository/Final Object Repo/Page_Update Employee Information By Employer/Submit' is clicked on

2018-11-16 15:19:45 - [MESSAGE][PASSED] - Object: 'Object Repository/Final Object Repo/Page_Update Employee Information By Employer/Submit' is clicked on

2018-11-16 15:19:45 - [TEST_STEP][PASSED] - delay: Delayed 5 second(s)

2018-11-16 15:19:50 - [MESSAGE][PASSED] - Delayed 5 second(s)

2018-11-16 15:19:50 - [TEST_STEP][PASSED] - click: Object: 'Object Repository/Final Object Repo/Page_Update Employee Information By Employer/Confirm' is clicked on

2018-11-16 15:19:55 - [MESSAGE][PASSED] - Object: 'Object Repository/Final Object Repo/Page_Update Employee Information By Employer/Confirm' is clicked on

2018-11-16 15:19:55 - [TEST_STEP][PASSED] - delay: Delayed 5 second(s)

2018-11-16 15:20:00 - [MESSAGE][PASSED] - Delayed 5 second(s)

2018-11-16 15:20:00 - [TEST_STEP][PASSED] - verifyElementVisible: Object 'Object Repository/Final Object Repo/Page_Update Employee Information By Employer/Successfull Message Routed to UO' is visible

2018-11-16 15:20:00 - [MESSAGE][PASSED] - Object 'Object Repository/Final Object Repo/Page_Update Employee Information By Employer/Successfull Message Routed to UO' is visible

2018-11-16 15:20:00 - [MESSAGE][PASSED] - Call Test Case 'Test Cases/Final Aug 2018 - PKS Automation/Registration Module/Workflow/Update Employee Information (Employer)/Template/Update Employer Information - Special Case (Employer)' successfully

2018-11-16 15:20:00 - [TEST_STEP][PASSED] - callTestCase: Call Test Case 'Test Cases/Final Aug 2018 - PKS Automation/Registration Module/Workflow/Update Employee Information (Employer)/Template/Update Employee Information - Special Case - UO(Query)' successfully

2018-11-16 15:20:00 - [TEST_CASE][PASSED] - Test Cases/Final Aug 2018 - PKS Automation/Registration Module/Workflow/Update Employee Information (Employer)/Template/Update Employee Information - Special Case - UO(Query): Test Cases/Final Aug 2018 - PKS Automation/Registration Module/Workflow/Update Employee Information (Employer)/Template/Update Employee Information - Special Case - UO(Query)

2018-11-16 15:20:01 - [TEST_STEP][NOT_RUN] - callTestCase: NOT_RUN: callTestCase

2018-11-16 15:20:01 - [MESSAGE][NOT_RUN] - NOT_RUN: callTestCase

2018-11-16 15:20:01 - [TEST_STEP][PASSED] - delay: Delayed 2 second(s)

2018-11-16 15:20:03 - [MESSAGE][PASSED] - Delayed 2 second(s)

2018-11-16 15:20:03 - [TEST_STEP][PASSED] - navigateToUrl: Navigate to 'https://assist2-uat.perkeso.gov.my/c/portal/logout' successfully

2018-11-16 15:20:04 - [MESSAGE][PASSED] - Navigate to 'https://assist2-uat.perkeso.gov.my/c/portal/logout' successfully

2018-11-16 15:20:04 - [TEST_STEP][PASSED] - delay: Delayed 2 second(s)

2018-11-16 15:20:06 - [MESSAGE][PASSED] - Delayed 2 second(s)

2018-11-16 15:20:06 - [TEST_STEP][PASSED] - callTestCase: Call Test Case 'Test Cases/Final Aug 2018 - PKS Automation/Common/Reference Number Getter' successfully

2018-11-16 15:20:06 - [TEST_CASE][PASSED] - Test Cases/Final Aug 2018 - PKS Automation/Common/Reference Number Getter: Test Cases/Final Aug 2018 - PKS Automation/Common/Reference Number Getter

2018-11-16 15:20:06 - [TEST_STEP][PASSED] - Statement - Try: null

2018-11-16 15:20:06 - [TEST_STEP][PASSED] - Statement - RefNo = new java.io.File(C://KatalonReference.txt): null

2018-11-16 15:20:06 - [TEST_STEP][PASSED] - Statement - bufferread = new java.io.BufferedReader(new java.io.FileReader(RefNo)): null

2018-11-16 15:20:06 - [TEST_STEP][PASSED] - Statement - readedVal = bufferread.readLine(): null

2018-11-16 15:20:06 - [TEST_STEP][PASSED] - Statement - out.println(CaseReferenceNo): null

2018-11-16 15:20:06 - [TEST_STEP][PASSED] - Statement - out.println(readedVal): null

2018-11-16 15:20:06 - [TEST_STEP][PASSED] - Statement - CaseReferenceNo = "": null

2018-11-16 15:20:06 - [TEST_STEP][PASSED] - Statement - CaseReferenceNo = readedVal: null

2018-11-16 15:20:06 - [MESSAGE][PASSED] - Call Test Case 'Test Cases/Final Aug 2018 - PKS Automation/Common/Reference Number Getter' successfully

2018-11-16 15:20:06 - [TEST_STEP][PASSED] - callTestCase: Call Test Case 'Test Cases/Final Aug 2018 - PKS Automation/Common/Workflow Owner Finder' successfully

2018-11-16 15:20:06 - [TEST_CASE][PASSED] - Test Cases/Final Aug 2018 - PKS Automation/Common/Workflow Owner Finder: Test Cases/Final Aug 2018 - PKS Automation/Common/Workflow Owner Finder

2018-11-16 15:20:06 - [TEST_STEP][PASSED] - openBrowser: Browser is opened with url: ''

2018-11-16 15:20:06 - [MESSAGE][WARNING] - A browser is already opened. Closing browser and opening a new one

2018-11-16 15:20:11 - [MESSAGE][PASSED] - Browser is opened with url: ''

2018-11-16 15:20:11 - [TEST_STEP][PASSED] - navigateToUrl: Navigate to 'https://assist2-uat.perkeso.gov.my/login' successfully

2018-11-16 15:20:13 - [MESSAGE][PASSED] - Navigate to 'https://assist2-uat.perkeso.gov.my/login' successfully

2018-11-16 15:20:13 - [TEST_STEP][PASSED] - delay: Delayed 5 second(s)

2018-11-16 15:20:18 - [MESSAGE][PASSED] - Delayed 5 second(s)

2018-11-16 15:20:18 - [TEST_STEP][PASSED] - setText: Text 'test@liferay.com' is set on object 'Object Repository/Final Object Repo/Login Page/Internal User/Email Address'

2018-11-16 15:20:18 - [MESSAGE][PASSED] - Text 'test@liferay.com' is set on object 'Object Repository/Final Object Repo/Login Page/Internal User/Email Address'

2018-11-16 15:20:18 - [TEST_STEP][PASSED] - click: Object: 'Object Repository/Final Object Repo/Login Page/Internal User/Next Button' is clicked on

2018-11-16 15:20:18 - [MESSAGE][PASSED] - Object: 'Object Repository/Final Object Repo/Login Page/Internal User/Next Button' is clicked on

2018-11-16 15:20:18 - [TEST_STEP][PASSED] - delay: Delayed 2 second(s)

2018-11-16 15:20:20 - [MESSAGE][PASSED] - Delayed 2 second(s)

2018-11-16 15:20:20 - [TEST_STEP][PASSED] - setText: Text 'test' is set on object 'Object Repository/Final Object Repo/Login Page/Internal User/Password'

2018-11-16 15:20:20 - [MESSAGE][PASSED] - Text 'test' is set on object 'Object Repository/Final Object Repo/Login Page/Internal User/Password'

2018-11-16 15:20:20 - [TEST_STEP][PASSED] - delay: Delayed 2 second(s)

2018-11-16 15:20:23 - [MESSAGE][PASSED] - Delayed 2 second(s)

2018-11-16 15:20:23 - [TEST_STEP][PASSED] - click: Object: 'Object Repository/Final Object Repo/Login Page/Internal User/Login Button' is clicked on

2018-11-16 15:20:26 - [MESSAGE][PASSED] - Object: 'Object Repository/Final Object Repo/Login Page/Internal User/Login Button' is clicked on

2018-11-16 15:20:26 - [TEST_STEP][PASSED] - Statement - Try: Delayed 2 second(s)

2018-11-16 15:20:26 - [TEST_STEP][PASSED] - Statement - Checker = false: null

2018-11-16 15:20:26 - [TEST_STEP][PASSED] - Statement - Checker = com.kms.katalon.core.webui.keyword.WebUiBuiltInKeywords.verifyElementHasAttribute(com.kms.katalon.core.testobject.ObjectRepository.findTestObject(Final Object Repo/Landing Page/BM Detecting), "href", 20, OPTIONAL): Object 'Object Repository/Final Object Repo/Landing Page/BM Detecting' has attribute 'href'

2018-11-16 15:20:26 - [MESSAGE][PASSED] - Object 'Object Repository/Final Object Repo/Landing Page/BM Detecting' has attribute 'href'

2018-11-16 15:20:26 - [TEST_STEP][PASSED] - Statement - out.println(Checker): null

2018-11-16 15:20:26 - [TEST_STEP][PASSED] - Statement - If (Checker == false): null

2018-11-16 15:20:26 - [TEST_STEP][PASSED] - Statement - Else: null

2018-11-16 15:20:26 - [TEST_STEP][PASSED] - delay: Delayed 2 second(s)

2018-11-16 15:20:28 - [MESSAGE][PASSED] - Delayed 2 second(s)

2018-11-16 15:20:28 - [TEST_STEP][PASSED] - delay: Delayed 3 second(s)

2018-11-16 15:20:31 - [MESSAGE][PASSED] - Delayed 3 second(s)

2018-11-16 15:20:31 - [TEST_STEP][PASSED] - mouseOver: Object: 'Object Repository/Final Object Repo/Landing Page/WorkFlow Menu' is hovered

2018-11-16 15:20:31 - [MESSAGE][PASSED] - Object: 'Object Repository/Final Object Repo/Landing Page/WorkFlow Menu' is hovered

2018-11-16 15:20:31 - [TEST_STEP][PASSED] - delay: Delayed 2 second(s)

2018-11-16 15:20:33 - [MESSAGE][PASSED] - Delayed 2 second(s)

2018-11-16 15:20:33 - [TEST_STEP][PASSED] - click: Object: 'Object Repository/Final Object Repo/Landing Page/Select to Workflow Listing' is clicked on

2018-11-16 15:20:34 - [MESSAGE][PASSED] - Object: 'Object Repository/Final Object Repo/Landing Page/Select to Workflow Listing' is clicked on

2018-11-16 15:20:34 - [TEST_STEP][PASSED] - delay: Delayed 2 second(s)

2018-11-16 15:20:36 - [MESSAGE][PASSED] - Delayed 2 second(s)

2018-11-16 15:20:36 - [TEST_STEP][PASSED] - click: Object: 'Object Repository/Final Object Repo/WorkFlow Listing Page/Search Information - To Put Ref No' is clicked on

2018-11-16 15:20:37 - [MESSAGE][PASSED] - Object: 'Object Repository/Final Object Repo/WorkFlow Listing Page/Search Information - To Put Ref No' is clicked on

2018-11-16 15:20:37 - [TEST_STEP][PASSED] - delay: Delayed 2 second(s)

2018-11-16 15:20:39 - [MESSAGE][PASSED] - Delayed 2 second(s)

2018-11-16 15:20:39 - [TEST_STEP][PASSED] - callTestCase: Call Test Case 'Test Cases/Final Aug 2018 - PKS Automation/Common/Reference Number Getter' successfully

2018-11-16 15:20:39 - [TEST_CASE][PASSED] - Test Cases/Final Aug 2018 - PKS Automation/Common/Reference Number Getter: Test Cases/Final Aug 2018 - PKS Automation/Common/Reference Number Getter

2018-11-16 15:20:39 - [TEST_STEP][PASSED] - Statement - Try: null

2018-11-16 15:20:39 - [TEST_STEP][PASSED] - Statement - RefNo = new java.io.File(C://KatalonReference.txt): null

2018-11-16 15:20:39 - [TEST_STEP][PASSED] - Statement - bufferread = new java.io.BufferedReader(new java.io.FileReader(RefNo)): null

2018-11-16 15:20:39 - [TEST_STEP][PASSED] - Statement - readedVal = bufferread.readLine(): null

2018-11-16 15:20:39 - [TEST_STEP][PASSED] - Statement - out.println(CaseReferenceNo): null

2018-11-16 15:20:39 - [TEST_STEP][PASSED] - Statement - out.println(readedVal): null

2018-11-16 15:20:39 - [TEST_STEP][PASSED] - Statement - CaseReferenceNo = "": null

2018-11-16 15:20:39 - [TEST_STEP][PASSED] - Statement - CaseReferenceNo = readedVal: null

2018-11-16 15:20:39 - [MESSAGE][PASSED] - Call Test Case 'Test Cases/Final Aug 2018 - PKS Automation/Common/Reference Number Getter' successfully

2018-11-16 15:20:39 - [TEST_STEP][PASSED] - setText: Text 'CUN112018C100005508' is set on object 'Object Repository/Final Object Repo/WorkFlow Listing Page/Ref No Set Text'

2018-11-16 15:20:39 - [MESSAGE][PASSED] - Text 'CUN112018C100005508' is set on object 'Object Repository/Final Object Repo/WorkFlow Listing Page/Ref No Set Text'

2018-11-16 15:20:39 - [TEST_STEP][PASSED] - delay: Delayed 2 second(s)

2018-11-16 15:20:41 - [MESSAGE][PASSED] - Delayed 2 second(s)

2018-11-16 15:20:41 - [TEST_STEP][PASSED] - click: Object: 'Object Repository/Final Object Repo/WorkFlow Listing Page/Search Ref No Search Button' is clicked on

2018-11-16 15:20:43 - [MESSAGE][PASSED] - Object: 'Object Repository/Final Object Repo/WorkFlow Listing Page/Search Ref No Search Button' is clicked on

2018-11-16 15:20:43 - [TEST_STEP][PASSED] - delay: Delayed 4 second(s)

2018-11-16 15:20:47 - [MESSAGE][PASSED] - Delayed 4 second(s)

2018-11-16 15:20:47 - [TEST_STEP][PASSED] - click: Object: 'Object Repository/Final Object Repo/WorkFlow Listing Page/Click Continue Tooltip' is clicked on

2018-11-16 15:20:48 - [MESSAGE][PASSED] - Object: 'Object Repository/Final Object Repo/WorkFlow Listing Page/Click Continue Tooltip' is clicked on

2018-11-16 15:20:48 - [TEST_STEP][PASSED] - delay: Delayed 5 second(s)

2018-11-16 15:20:53 - [MESSAGE][PASSED] - Delayed 5 second(s)

2018-11-16 15:20:53 - [TEST_STEP][PASSED] - doubleClick: Object: 'Object Repository/Final Object Repo/WorkFlow Listing Page/Workflow Found - Listing 1' is double clicked on

2018-11-16 15:20:53 - [MESSAGE][PASSED] - Object: 'Object Repository/Final Object Repo/WorkFlow Listing Page/Workflow Found - Listing 1' is double clicked on

2018-11-16 15:20:53 - [TEST_STEP][PASSED] - Statement - println(OwnerID): null

2018-11-16 15:20:53 - [TEST_STEP][PASSED] - Statement - OwnerID = com.kms.katalon.core.webui.keyword.WebUiBuiltInKeywords.getText(com.kms.katalon.core.testobject.ObjectRepository.findTestObject(Final Object Repo/WorkFlow Listing Page/Workflow Found - Listing 1), STOP_ON_FAILURE): Text of object 'Object Repository/Final Object Repo/WorkFlow Listing Page/Workflow Found - Listing 1' is: 'JOHORuo2'

2018-11-16 15:20:53 - [MESSAGE][PASSED] - Text of object 'Object Repository/Final Object Repo/WorkFlow Listing Page/Workflow Found - Listing 1' is: 'JOHORuo2'

2018-11-16 15:20:53 - [TEST_STEP][PASSED] - Statement - OwnerID = OwnerID.toLowerCase() + "@gmail.com": null

2018-11-16 15:20:53 - [TEST_STEP][PASSED] - Statement - println(OwnerID): null

2018-11-16 15:20:53 - [TEST_STEP][PASSED] - delay: Delayed 2 second(s)

2018-11-16 15:20:55 - [MESSAGE][PASSED] - Delayed 2 second(s)

2018-11-16 15:20:55 - [MESSAGE][PASSED] - Call Test Case 'Test Cases/Final Aug 2018 - PKS Automation/Common/Workflow Owner Finder' successfully

2018-11-16 15:20:55 - [TEST_STEP][PASSED] - delay: Delayed 2 second(s)

2018-11-16 15:20:57 - [MESSAGE][PASSED] - Delayed 2 second(s)

2018-11-16 15:20:57 - [TEST_STEP][PASSED] - navigateToUrl: Navigate to 'https://assist2-uat.perkeso.gov.my/c/portal/logout' successfully

2018-11-16 15:20:58 - [MESSAGE][PASSED] - Navigate to 'https://assist2-uat.perkeso.gov.my/c/portal/logout' successfully

2018-11-16 15:20:58 - [TEST_STEP][PASSED] - delay: Delayed 2 second(s)

2018-11-16 15:21:00 - [MESSAGE][PASSED] - Delayed 2 second(s)

2018-11-16 15:21:00 - [TEST_STEP][PASSED] - callTestCase: Call Test Case 'Test Cases/Final Aug 2018 - PKS Automation/Registration Module/Workflow/Login and Search Case For Workflow' successfully

2018-11-16 15:21:00 - [TEST_CASE][PASSED] - Test Cases/Final Aug 2018 - PKS Automation/Registration Module/Workflow/Login and Search Case For Workflow: Test Cases/Final Aug 2018 - PKS Automation/Registration Module/Workflow/Login and Search Case For Workflow

2018-11-16 15:21:00 - [TEST_STEP][PASSED] - navigateToUrl: Navigate to 'https://assist2-uat.perkeso.gov.my/login' successfully

2018-11-16 15:21:01 - [MESSAGE][PASSED] - Navigate to 'https://assist2-uat.perkeso.gov.my/login' successfully

2018-11-16 15:21:01 - [TEST_STEP][PASSED] - setText: Text 'johoruo2@gmail.com' is set on object 'Object Repository/Final Object Repo/Login Page/Internal User/Email Address'

2018-11-16 15:21:01 - [MESSAGE][PASSED] - Text 'johoruo2@gmail.com' is set on object 'Object Repository/Final Object Repo/Login Page/Internal User/Email Address'

2018-11-16 15:21:01 - [TEST_STEP][PASSED] - click: Object: 'Object Repository/Final Object Repo/Login Page/Internal User/Next Button' is clicked on

2018-11-16 15:21:02 - [MESSAGE][PASSED] - Object: 'Object Repository/Final Object Repo/Login Page/Internal User/Next Button' is clicked on

2018-11-16 15:21:02 - [TEST_STEP][PASSED] - delay: Delayed 1 second(s)

2018-11-16 15:21:03 - [MESSAGE][PASSED] - Delayed 1 second(s)

2018-11-16 15:21:03 - [TEST_STEP][PASSED] - setEncryptedText: Text ****** has been set on object 'Object Repository/Final Object Repo/Login Page/Internal User/Password'

2018-11-16 15:21:03 - [MESSAGE][PASSED] - Text ****** has been set on object 'Object Repository/Final Object Repo/Login Page/Internal User/Password'

2018-11-16 15:21:03 - [TEST_STEP][PASSED] - click: Object: 'Object Repository/Final Object Repo/Login Page/Internal User/Login Button' is clicked on

2018-11-16 15:21:05 - [MESSAGE][PASSED] - Object: 'Object Repository/Final Object Repo/Login Page/Internal User/Login Button' is clicked on

2018-11-16 15:21:05 - [TEST_STEP][PASSED] - delay: Delayed 2 second(s)

2018-11-16 15:21:07 - [MESSAGE][PASSED] - Delayed 2 second(s)

2018-11-16 15:21:07 - [TEST_STEP][PASSED] - Statement - Try: Delayed 2 second(s)

2018-11-16 15:21:07 - [TEST_STEP][PASSED] - Statement - Checker = false: null

2018-11-16 15:21:07 - [TEST_STEP][PASSED] - Statement - Checker = com.kms.katalon.core.webui.keyword.WebUiBuiltInKeywords.verifyElementHasAttribute(com.kms.katalon.core.testobject.ObjectRepository.findTestObject(Final Object Repo/Landing Page/BM Detecting), "href", 20, OPTIONAL): Object 'Object Repository/Final Object Repo/Landing Page/BM Detecting' has attribute 'href'

2018-11-16 15:21:07 - [MESSAGE][PASSED] - Object 'Object Repository/Final Object Repo/Landing Page/BM Detecting' has attribute 'href'

2018-11-16 15:21:07 - [TEST_STEP][PASSED] - Statement - out.println(Checker): null

2018-11-16 15:21:07 - [TEST_STEP][PASSED] - Statement - If (Checker == false): null

2018-11-16 15:21:07 - [TEST_STEP][PASSED] - Statement - Else: null

2018-11-16 15:21:07 - [TEST_STEP][PASSED] - delay: Delayed 2 second(s)

2018-11-16 15:21:09 - [MESSAGE][PASSED] - Delayed 2 second(s)

2018-11-16 15:21:09 - [TEST_STEP][PASSED] - click: Object: 'Object Repository/Final Object Repo/Page_MyASSIST - ASSIST - Search Pending Case For Add Supporting Document/Search Information' is clicked on

2018-11-16 15:21:10 - [MESSAGE][PASSED] - Object: 'Object Repository/Final Object Repo/Page_MyASSIST - ASSIST - Search Pending Case For Add Supporting Document/Search Information' is clicked on

2018-11-16 15:21:10 - [TEST_STEP][PASSED] - delay: Delayed 3 second(s)

2018-11-16 15:21:13 - [MESSAGE][PASSED] - Delayed 3 second(s)

2018-11-16 15:21:13 - [TEST_STEP][PASSED] - sendKeys: Keys 'CUN112018C100005508' sent to object: 'Object Repository/Final Object Repo/Page_MyASSIST - ASSIST - Search Pending Case For Add Supporting Document/Reference No'

2018-11-16 15:21:13 - [MESSAGE][PASSED] - Keys 'CUN112018C100005508' sent to object: 'Object Repository/Final Object Repo/Page_MyASSIST - ASSIST - Search Pending Case For Add Supporting Document/Reference No'

2018-11-16 15:21:13 - [TEST_STEP][PASSED] - click: Object: 'Object Repository/Final Object Repo/Page_MyASSIST - ASSIST - Search Pending Case For Add Supporting Document/Search Reference No' is clicked on

2018-11-16 15:21:14 - [MESSAGE][PASSED] - Object: 'Object Repository/Final Object Repo/Page_MyASSIST - ASSIST - Search Pending Case For Add Supporting Document/Search Reference No' is clicked on

2018-11-16 15:21:14 - [TEST_STEP][PASSED] - delay: Delayed 2 second(s)

2018-11-16 15:21:16 - [MESSAGE][PASSED] - Delayed 2 second(s)

2018-11-16 15:21:16 - [TEST_STEP][PASSED] - click: Object: 'Object Repository/Final Object Repo/Page_MyASSIST - ASSIST - Search Pending Case For Add Supporting Document/Continue' is clicked on

2018-11-16 15:21:21 - [MESSAGE][PASSED] - Object: 'Object Repository/Final Object Repo/Page_MyASSIST - ASSIST - Search Pending Case For Add Supporting Document/Continue' is clicked on

2018-11-16 15:21:21 - [TEST_STEP][PASSED] - delay: Delayed 20 second(s)

2018-11-16 15:21:41 - [MESSAGE][PASSED] - Delayed 20 second(s)

2018-11-16 15:21:41 - [MESSAGE][PASSED] - Call Test Case 'Test Cases/Final Aug 2018 - PKS Automation/Registration Module/Workflow/Login and Search Case For Workflow' successfully

2018-11-16 15:21:41 - [TEST_STEP][PASSED] - delay: Delayed 2 second(s)

2018-11-16 15:21:43 - [MESSAGE][PASSED] - Delayed 2 second(s)

2018-11-16 15:21:43 - [TEST_STEP][PASSED] - click: Object: 'Object Repository/Final Object Repo/Page_Update Employee Information By Employer/Page_Update Employee Information by Employer (Approve)/Continue' is clicked on

2018-11-16 15:21:47 - [MESSAGE][PASSED] - Object: 'Object Repository/Final Object Repo/Page_Update Employee Information By Employer/Page_Update Employee Information by Employer (Approve)/Continue' is clicked on

2018-11-16 15:21:47 - [TEST_STEP][PASSED] - delay: Delayed 2 second(s)

2018-11-16 15:21:49 - [MESSAGE][PASSED] - Delayed 2 second(s)

2018-11-16 15:21:49 - [TEST_STEP][PASSED] - click: Object: 'Object Repository/Final Object Repo/Page_Update Employee Information By Employer/Page_Update Employee Information by Employer (Approve)/Save  Continue in Update Employee Information Page' is clicked on

2018-11-16 15:21:53 - [MESSAGE][PASSED] - Object: 'Object Repository/Final Object Repo/Page_Update Employee Information By Employer/Page_Update Employee Information by Employer (Approve)/Save  Continue in Update Employee Information Page' is clicked on

2018-11-16 15:21:53 - [TEST_STEP][PASSED] - delay: Delayed 4 second(s)

2018-11-16 15:21:57 - [MESSAGE][PASSED] - Delayed 4 second(s)

2018-11-16 15:21:57 - [TEST_STEP][PASSED] - setText: Text 'Query' is set on object 'Object Repository/Final Object Repo/Page_Update Employee Information By Employer/Page_Update Employee Information by Employer (Query)/Remark'

2018-11-16 15:21:57 - [MESSAGE][PASSED] - Text 'Query' is set on object 'Object Repository/Final Object Repo/Page_Update Employee Information By Employer/Page_Update Employee Information by Employer (Query)/Remark'

2018-11-16 15:21:57 - [TEST_STEP][PASSED] - delay: Delayed 2 second(s)

2018-11-16 15:21:59 - [MESSAGE][PASSED] - Delayed 2 second(s)

2018-11-16 15:21:59 - [TEST_STEP][PASSED] - click: Object: 'Object Repository/Final Object Repo/Page_Update Employee Information By Employer/Page_Update Employee Information by Employer (Approve)/Save  Continue in Upload Supporting Doucument Page' is clicked on

2018-11-16 15:22:04 - [MESSAGE][PASSED] - Object: 'Object Repository/Final Object Repo/Page_Update Employee Information By Employer/Page_Update Employee Information by Employer (Approve)/Save  Continue in Upload Supporting Doucument Page' is clicked on

2018-11-16 15:22:04 - [TEST_STEP][PASSED] - delay: Delayed 2 second(s)

2018-11-16 15:22:06 - [MESSAGE][PASSED] - Delayed 2 second(s)

2018-11-16 15:22:06 - [TEST_STEP][PASSED] - click: Object: 'Object Repository/Final Object Repo/Page_Update Employee Information By Employer/Page_Update Employee Information by Employer (Query)/Query' is clicked on

2018-11-16 15:22:06 - [MESSAGE][PASSED] - Object: 'Object Repository/Final Object Repo/Page_Update Employee Information By Employer/Page_Update Employee Information by Employer (Query)/Query' is clicked on

2018-11-16 15:22:06 - [TEST_STEP][PASSED] - delay: Delayed 2 second(s)

2018-11-16 15:22:08 - [MESSAGE][PASSED] - Delayed 2 second(s)

2018-11-16 15:22:08 - [TEST_STEP][PASSED] - click: Object: 'Object Repository/Final Object Repo/Page_Update Employee Information By Employer/Page_Update Employee Information by Employer (Approve)/Confirm' is clicked on

2018-11-16 15:22:13 - [MESSAGE][PASSED] - Object: 'Object Repository/Final Object Repo/Page_Update Employee Information By Employer/Page_Update Employee Information by Employer (Approve)/Confirm' is clicked on

2018-11-16 15:22:13 - [TEST_STEP][PASSED] - delay: Delayed 2 second(s)

2018-11-16 15:22:15 - [MESSAGE][PASSED] - Delayed 2 second(s)

2018-11-16 15:22:15 - [TEST_STEP][PASSED] - click: Object: 'Object Repository/Final Object Repo/Page_Update Employee Information By Employer/Page_Update Employee Information by Employer (Query)/Query Message The case is Under Query' is clicked on

2018-11-16 15:22:16 - [MESSAGE][PASSED] - Object: 'Object Repository/Final Object Repo/Page_Update Employee Information By Employer/Page_Update Employee Information by Employer (Query)/Query Message The case is Under Query' is clicked on

2018-11-16 15:22:16 - [TEST_STEP][PASSED] - delay: Delayed 2 second(s)

2018-11-16 15:22:18 - [MESSAGE][PASSED] - Delayed 2 second(s)

2018-11-16 15:22:18 - [TEST_STEP][PASSED] - click: Object: 'Object Repository/Final Object Repo/Page_Update Employee Information By Employer/Page_Update Employee Information by Employer (Query)/Letter of inquiry' is clicked on

2018-11-16 15:22:23 - [MESSAGE][PASSED] - Object: 'Object Repository/Final Object Repo/Page_Update Employee Information By Employer/Page_Update Employee Information by Employer (Query)/Letter of inquiry' is clicked on

2018-11-16 15:22:23 - [TEST_STEP][PASSED] - delay: Delayed 1 second(s)

2018-11-16 15:22:24 - [MESSAGE][PASSED] - Delayed 1 second(s)

2018-11-16 15:22:24 - [TEST_STEP][PASSED] - navigateToUrl: Navigate to 'https://assist2-uat.perkeso.gov.my/c/portal/logout' successfully

2018-11-16 15:22:25 - [MESSAGE][PASSED] - Navigate to 'https://assist2-uat.perkeso.gov.my/c/portal/logout' successfully

2018-11-16 15:22:25 - [TEST_STEP][PASSED] - delay: Delayed 1 second(s)

2018-11-16 15:22:26 - [MESSAGE][PASSED] - Delayed 1 second(s)

2018-11-16 15:22:26 - [TEST_STEP][PASSED] - callTestCase: Call Test Case 'Test Cases/Final Aug 2018 - PKS Automation/Registration Module/Workflow/Search Pending Case For Add Supporting Document (OTC)' successfully

2018-11-16 15:22:26 - [TEST_CASE][PASSED] - Test Cases/Final Aug 2018 - PKS Automation/Registration Module/Workflow/Search Pending Case For Add Supporting Document (OTC): Test Cases/Final Aug 2018 - PKS Automation/Registration Module/Workflow/Search Pending Case For Add Supporting Document (OTC)

2018-11-16 15:22:26 - [TEST_STEP][PASSED] - openBrowser: Browser is opened with url: ''

2018-11-16 15:22:26 - [MESSAGE][WARNING] - A browser is already opened. Closing browser and opening a new one

2018-11-16 15:22:31 - [MESSAGE][PASSED] - Browser is opened with url: ''

2018-11-16 15:22:31 - [TEST_STEP][PASSED] - navigateToUrl: Navigate to 'https://assist2-uat.perkeso.gov.my/login' successfully

2018-11-16 15:22:33 - [MESSAGE][PASSED] - Navigate to 'https://assist2-uat.perkeso.gov.my/login' successfully

2018-11-16 15:22:33 - [TEST_STEP][PASSED] - setText: Text 'johorotc1@gmail.com' is set on object 'Object Repository/Final Object Repo/Login Page/Internal User/Email Address'

2018-11-16 15:22:34 - [MESSAGE][PASSED] - Text 'johorotc1@gmail.com' is set on object 'Object Repository/Final Object Repo/Login Page/Internal User/Email Address'

2018-11-16 15:22:34 - [TEST_STEP][PASSED] - click: Object: 'Object Repository/Final Object Repo/Login Page/Internal User/Next Button' is clicked on

2018-11-16 15:22:34 - [MESSAGE][PASSED] - Object: 'Object Repository/Final Object Repo/Login Page/Internal User/Next Button' is clicked on

2018-11-16 15:22:34 - [TEST_STEP][PASSED] - delay: Delayed 1 second(s)

2018-11-16 15:22:35 - [MESSAGE][PASSED] - Delayed 1 second(s)

2018-11-16 15:22:35 - [TEST_STEP][PASSED] - setEncryptedText: Text ****** has been set on object 'Object Repository/Final Object Repo/Login Page/Internal User/Password'

2018-11-16 15:22:35 - [MESSAGE][PASSED] - Text ****** has been set on object 'Object Repository/Final Object Repo/Login Page/Internal User/Password'

2018-11-16 15:22:35 - [TEST_STEP][PASSED] - click: Object: 'Object Repository/Final Object Repo/Login Page/Internal User/Login Button' is clicked on

2018-11-16 15:22:38 - [MESSAGE][PASSED] - Object: 'Object Repository/Final Object Repo/Login Page/Internal User/Login Button' is clicked on

2018-11-16 15:22:38 - [TEST_STEP][PASSED] - delay: Delayed 1 second(s)

2018-11-16 15:22:39 - [MESSAGE][PASSED] - Delayed 1 second(s)

2018-11-16 15:22:39 - [TEST_STEP][PASSED] - Statement - Try: Delayed 2 second(s)

2018-11-16 15:22:39 - [TEST_STEP][PASSED] - Statement - Checker = false: null

2018-11-16 15:22:39 - [TEST_STEP][PASSED] - Statement - Checker = com.kms.katalon.core.webui.keyword.WebUiBuiltInKeywords.verifyElementHasAttribute(com.kms.katalon.core.testobject.ObjectRepository.findTestObject(Final Object Repo/Landing Page/BM Detecting), "href", 20, OPTIONAL): Object 'Object Repository/Final Object Repo/Landing Page/BM Detecting' has attribute 'href'

2018-11-16 15:22:39 - [MESSAGE][PASSED] - Object 'Object Repository/Final Object Repo/Landing Page/BM Detecting' has attribute 'href'

2018-11-16 15:22:39 - [TEST_STEP][PASSED] - Statement - out.println(Checker): null

2018-11-16 15:22:39 - [TEST_STEP][PASSED] - Statement - If (Checker == false): null

2018-11-16 15:22:39 - [TEST_STEP][PASSED] - Statement - Else: null

2018-11-16 15:22:39 - [TEST_STEP][PASSED] - delay: Delayed 2 second(s)

2018-11-16 15:22:41 - [MESSAGE][PASSED] - Delayed 2 second(s)

2018-11-16 15:22:41 - [TEST_STEP][PASSED] - navigateToUrl: Navigate to 'https://assist2-uat.perkeso.gov.my/web/registration/search/search-pending-case-for-add-supporting-document' successfully

2018-11-16 15:22:42 - [MESSAGE][PASSED] - Navigate to 'https://assist2-uat.perkeso.gov.my/web/registration/search/search-pending-case-for-add-supporting-document' successfully

2018-11-16 15:22:42 - [TEST_STEP][PASSED] - click: Object: 'Object Repository/Final Object Repo/Page_Search Pending Case For Add Suporting Document/Search By' is clicked on

2018-11-16 15:22:42 - [MESSAGE][PASSED] - Object: 'Object Repository/Final Object Repo/Page_Search Pending Case For Add Suporting Document/Search By' is clicked on

2018-11-16 15:22:42 - [TEST_STEP][PASSED] - click: Object: 'Object Repository/Final Object Repo/Page_Search Pending Case For Add Suporting Document/Search By - Reference ID' is clicked on

2018-11-16 15:22:43 - [MESSAGE][PASSED] - Object: 'Object Repository/Final Object Repo/Page_Search Pending Case For Add Suporting Document/Search By - Reference ID' is clicked on

2018-11-16 15:22:43 - [TEST_STEP][PASSED] - delay: Delayed 2 second(s)

2018-11-16 15:22:45 - [MESSAGE][PASSED] - Delayed 2 second(s)

2018-11-16 15:22:45 - [TEST_STEP][PASSED] - setText: Text 'CUN112018C100005508' is set on object 'Object Repository/Final Object Repo/Page_Search Pending Case For Add Suporting Document/Reference ID'

2018-11-16 15:22:45 - [MESSAGE][PASSED] - Text 'CUN112018C100005508' is set on object 'Object Repository/Final Object Repo/Page_Search Pending Case For Add Suporting Document/Reference ID'

2018-11-16 15:22:45 - [TEST_STEP][PASSED] - click: Object: 'Object Repository/Final Object Repo/Page_Search Pending Case For Add Suporting Document/Search' is clicked on

2018-11-16 15:22:47 - [MESSAGE][PASSED] - Object: 'Object Repository/Final Object Repo/Page_Search Pending Case For Add Suporting Document/Search' is clicked on

2018-11-16 15:22:47 - [TEST_STEP][PASSED] - delay: Delayed 2 second(s)

2018-11-16 15:22:49 - [MESSAGE][PASSED] - Delayed 2 second(s)

2018-11-16 15:22:49 - [TEST_STEP][PASSED] - click: Object: 'Object Repository/Final Object Repo/Page_Search Pending Case For Add Suporting Document/Edit' is clicked on

2018-11-16 15:22:53 - [MESSAGE][PASSED] - Object: 'Object Repository/Final Object Repo/Page_Search Pending Case For Add Suporting Document/Edit' is clicked on

2018-11-16 15:22:53 - [MESSAGE][PASSED] - Call Test Case 'Test Cases/Final Aug 2018 - PKS Automation/Registration Module/Workflow/Search Pending Case For Add Supporting Document (OTC)' successfully

2018-11-16 15:22:53 - [TEST_STEP][PASSED] - click: Object: 'Object Repository/Final Object Repo/Page_Update Employee Information By Employer/Page_Update Employee Information by Employer (Query -OTC -UO)/Next' is clicked on

2018-11-16 15:22:56 - [MESSAGE][PASSED] - Object: 'Object Repository/Final Object Repo/Page_Update Employee Information By Employer/Page_Update Employee Information by Employer (Query -OTC -UO)/Next' is clicked on

2018-11-16 15:22:56 - [TEST_STEP][PASSED] - delay: Delayed 2 second(s)

2018-11-16 15:22:58 - [MESSAGE][PASSED] - Delayed 2 second(s)

2018-11-16 15:22:58 - [TEST_STEP][PASSED] - click: Object: 'Object Repository/Final Object Repo/Page_Update Employee Information By Employer/Page_Update Employee Information by Employer (Query -OTC -UO)/Add Document Button' is clicked on

2018-11-16 15:22:59 - [MESSAGE][PASSED] - Object: 'Object Repository/Final Object Repo/Page_Update Employee Information By Employer/Page_Update Employee Information by Employer (Query -OTC -UO)/Add Document Button' is clicked on

2018-11-16 15:22:59 - [TEST_STEP][PASSED] - delay: Delayed 5 second(s)

2018-11-16 15:23:04 - [MESSAGE][PASSED] - Delayed 5 second(s)

2018-11-16 15:23:04 - [TEST_STEP][PASSED] - click: Object: 'Object Repository/Final Object Repo/Page_Update Employee Information By Employer/Page_Update Employee Information by Employer (Query -OTC -UO)/Document Type' is clicked on

2018-11-16 15:23:04 - [MESSAGE][PASSED] - Object: 'Object Repository/Final Object Repo/Page_Update Employee Information By Employer/Page_Update Employee Information by Employer (Query -OTC -UO)/Document Type' is clicked on

2018-11-16 15:23:04 - [TEST_STEP][PASSED] - click: Object: 'Object Repository/Final Object Repo/Page_Update Employee Information By Employer/Page_Update Employee Information by Employer (Query -OTC -UO)/Document Type - Other' is clicked on

2018-11-16 15:23:05 - [MESSAGE][PASSED] - Object: 'Object Repository/Final Object Repo/Page_Update Employee Information By Employer/Page_Update Employee Information by Employer (Query -OTC -UO)/Document Type - Other' is clicked on

2018-11-16 15:23:05 - [TEST_STEP][PASSED] - sendKeys: Keys 'C:\Users\Public\Pictures\Sample Pictures\Act.jpg' sent to object: 'Object Repository/Final Object Repo/Page_Update Employee Information By Employer/Page_Update Employee Information by Employer (Query -OTC -UO)/Upload File'

2018-11-16 15:23:05 - [MESSAGE][PASSED] - Keys 'C:\Users\Public\Pictures\Sample Pictures\Act.jpg' sent to object: 'Object Repository/Final Object Repo/Page_Update Employee Information By Employer/Page_Update Employee Information by Employer (Query -OTC -UO)/Upload File'

2018-11-16 15:23:05 - [TEST_STEP][PASSED] - click: Object: 'Object Repository/Final Object Repo/Page_Update Employee Information By Employer/Page_Update Employee Information by Employer (Query -OTC -UO)/Add Document' is clicked on

2018-11-16 15:23:11 - [MESSAGE][PASSED] - Object: 'Object Repository/Final Object Repo/Page_Update Employee Information By Employer/Page_Update Employee Information by Employer (Query -OTC -UO)/Add Document' is clicked on

2018-11-16 15:23:11 - [TEST_STEP][PASSED] - delay: Delayed 2 second(s)

2018-11-16 15:23:13 - [MESSAGE][PASSED] - Delayed 2 second(s)

2018-11-16 15:23:13 - [TEST_STEP][PASSED] - click: Object: 'Object Repository/Final Object Repo/Page_Update Employee Information By Employer/Page_Update Employee Information by Employer (Query -OTC -UO)/Exit' is clicked on

2018-11-16 15:23:14 - [MESSAGE][PASSED] - Object: 'Object Repository/Final Object Repo/Page_Update Employee Information By Employer/Page_Update Employee Information by Employer (Query -OTC -UO)/Exit' is clicked on

2018-11-16 15:23:14 - [TEST_STEP][PASSED] - delay: Delayed 2 second(s)

2018-11-16 15:23:16 - [MESSAGE][PASSED] - Delayed 2 second(s)

2018-11-16 15:23:16 - [TEST_STEP][PASSED] - navigateToUrl: Navigate to 'https://assist2-uat.perkeso.gov.my/c/portal/logout' successfully

2018-11-16 15:23:18 - [MESSAGE][PASSED] - Navigate to 'https://assist2-uat.perkeso.gov.my/c/portal/logout' successfully

2018-11-16 15:23:18 - [TEST_STEP][PASSED] - delay: Delayed 2 second(s)

2018-11-16 15:23:20 - [MESSAGE][PASSED] - Delayed 2 second(s)

2018-11-16 15:23:20 - [TEST_STEP][PASSED] - callTestCase: Call Test Case 'Test Cases/Final Aug 2018 - PKS Automation/Registration Module/Workflow/Login and Search Case For Workflow' successfully

2018-11-16 15:23:20 - [TEST_CASE][PASSED] - Test Cases/Final Aug 2018 - PKS Automation/Registration Module/Workflow/Login and Search Case For Workflow: Test Cases/Final Aug 2018 - PKS Automation/Registration Module/Workflow/Login and Search Case For Workflow

2018-11-16 15:23:20 - [TEST_STEP][PASSED] - navigateToUrl: Navigate to 'https://assist2-uat.perkeso.gov.my/login' successfully

2018-11-16 15:23:21 - [MESSAGE][PASSED] - Navigate to 'https://assist2-uat.perkeso.gov.my/login' successfully

2018-11-16 15:23:21 - [TEST_STEP][PASSED] - setText: Text 'johoruo2@gmail.com' is set on object 'Object Repository/Final Object Repo/Login Page/Internal User/Email Address'

2018-11-16 15:23:21 - [MESSAGE][PASSED] - Text 'johoruo2@gmail.com' is set on object 'Object Repository/Final Object Repo/Login Page/Internal User/Email Address'

2018-11-16 15:23:21 - [TEST_STEP][PASSED] - click: Object: 'Object Repository/Final Object Repo/Login Page/Internal User/Next Button' is clicked on

2018-11-16 15:23:21 - [MESSAGE][PASSED] - Object: 'Object Repository/Final Object Repo/Login Page/Internal User/Next Button' is clicked on

2018-11-16 15:23:21 - [TEST_STEP][PASSED] - delay: Delayed 1 second(s)

2018-11-16 15:23:22 - [MESSAGE][PASSED] - Delayed 1 second(s)

2018-11-16 15:23:22 - [TEST_STEP][PASSED] - setEncryptedText: Text ****** has been set on object 'Object Repository/Final Object Repo/Login Page/Internal User/Password'

2018-11-16 15:23:22 - [MESSAGE][PASSED] - Text ****** has been set on object 'Object Repository/Final Object Repo/Login Page/Internal User/Password'

2018-11-16 15:23:22 - [TEST_STEP][PASSED] - click: Object: 'Object Repository/Final Object Repo/Login Page/Internal User/Login Button' is clicked on

2018-11-16 15:23:25 - [MESSAGE][PASSED] - Object: 'Object Repository/Final Object Repo/Login Page/Internal User/Login Button' is clicked on

2018-11-16 15:23:25 - [TEST_STEP][PASSED] - delay: Delayed 2 second(s)

2018-11-16 15:23:27 - [MESSAGE][PASSED] - Delayed 2 second(s)

2018-11-16 15:23:27 - [TEST_STEP][PASSED] - Statement - Try: Delayed 2 second(s)

2018-11-16 15:23:27 - [TEST_STEP][PASSED] - Statement - Checker = false: null

2018-11-16 15:23:27 - [TEST_STEP][PASSED] - Statement - Checker = com.kms.katalon.core.webui.keyword.WebUiBuiltInKeywords.verifyElementHasAttribute(com.kms.katalon.core.testobject.ObjectRepository.findTestObject(Final Object Repo/Landing Page/BM Detecting), "href", 20, OPTIONAL): Object 'Object Repository/Final Object Repo/Landing Page/BM Detecting' has attribute 'href'

2018-11-16 15:23:27 - [MESSAGE][PASSED] - Object 'Object Repository/Final Object Repo/Landing Page/BM Detecting' has attribute 'href'

2018-11-16 15:23:27 - [TEST_STEP][PASSED] - Statement - out.println(Checker): null

2018-11-16 15:23:27 - [TEST_STEP][PASSED] - Statement - If (Checker == false): null

2018-11-16 15:23:27 - [TEST_STEP][PASSED] - Statement - Else: null

2018-11-16 15:23:27 - [TEST_STEP][PASSED] - delay: Delayed 2 second(s)

2018-11-16 15:23:29 - [MESSAGE][PASSED] - Delayed 2 second(s)

2018-11-16 15:23:29 - [TEST_STEP][PASSED] - click: Object: 'Object Repository/Final Object Repo/Page_MyASSIST - ASSIST - Search Pending Case For Add Supporting Document/Search Information' is clicked on

2018-11-16 15:23:29 - [MESSAGE][PASSED] - Object: 'Object Repository/Final Object Repo/Page_MyASSIST - ASSIST - Search Pending Case For Add Supporting Document/Search Information' is clicked on

2018-11-16 15:23:29 - [TEST_STEP][PASSED] - delay: Delayed 3 second(s)

2018-11-16 15:23:32 - [MESSAGE][PASSED] - Delayed 3 second(s)

2018-11-16 15:23:32 - [TEST_STEP][PASSED] - sendKeys: Keys 'CUN112018C100005508' sent to object: 'Object Repository/Final Object Repo/Page_MyASSIST - ASSIST - Search Pending Case For Add Supporting Document/Reference No'

2018-11-16 15:23:32 - [MESSAGE][PASSED] - Keys 'CUN112018C100005508' sent to object: 'Object Repository/Final Object Repo/Page_MyASSIST - ASSIST - Search Pending Case For Add Supporting Document/Reference No'

2018-11-16 15:23:32 - [TEST_STEP][PASSED] - click: Object: 'Object Repository/Final Object Repo/Page_MyASSIST - ASSIST - Search Pending Case For Add Supporting Document/Search Reference No' is clicked on

2018-11-16 15:23:33 - [MESSAGE][PASSED] - Object: 'Object Repository/Final Object Repo/Page_MyASSIST - ASSIST - Search Pending Case For Add Supporting Document/Search Reference No' is clicked on

2018-11-16 15:23:33 - [TEST_STEP][PASSED] - delay: Delayed 2 second(s)

2018-11-16 15:23:35 - [MESSAGE][PASSED] - Delayed 2 second(s)

2018-11-16 15:23:35 - [TEST_STEP][PASSED] - click: Object: 'Object Repository/Final Object Repo/Page_MyASSIST - ASSIST - Search Pending Case For Add Supporting Document/Continue' is clicked on

2018-11-16 15:23:40 - [MESSAGE][PASSED] - Object: 'Object Repository/Final Object Repo/Page_MyASSIST - ASSIST - Search Pending Case For Add Supporting Document/Continue' is clicked on

2018-11-16 15:23:40 - [TEST_STEP][PASSED] - delay: Delayed 20 second(s)

2018-11-16 15:24:00 - [MESSAGE][PASSED] - Delayed 20 second(s)

2018-11-16 15:24:00 - [MESSAGE][PASSED] - Call Test Case 'Test Cases/Final Aug 2018 - PKS Automation/Registration Module/Workflow/Login and Search Case For Workflow' successfully

2018-11-16 15:24:00 - [TEST_STEP][PASSED] - click: Object: 'Object Repository/Final Object Repo/Page_Update Employee Information By Employer/Page_Update Employee Information by Employer (Approve)/Continue' is clicked on

2018-11-16 15:24:04 - [MESSAGE][PASSED] - Object: 'Object Repository/Final Object Repo/Page_Update Employee Information By Employer/Page_Update Employee Information by Employer (Approve)/Continue' is clicked on

2018-11-16 15:24:04 - [TEST_STEP][PASSED] - delay: Delayed 2 second(s)

2018-11-16 15:24:06 - [MESSAGE][PASSED] - Delayed 2 second(s)

2018-11-16 15:24:06 - [TEST_STEP][PASSED] - click: Object: 'Object Repository/Final Object Repo/Page_Update Employee Information By Employer/Page_Update Employee Information by Employer (Approve)/Save  Continue in Update Employee Information Page' is clicked on

2018-11-16 15:24:09 - [MESSAGE][PASSED] - Object: 'Object Repository/Final Object Repo/Page_Update Employee Information By Employer/Page_Update Employee Information by Employer (Approve)/Save  Continue in Update Employee Information Page' is clicked on

2018-11-16 15:24:09 - [TEST_STEP][PASSED] - delay: Delayed 4 second(s)

2018-11-16 15:24:13 - [MESSAGE][PASSED] - Delayed 4 second(s)

2018-11-16 15:24:13 - [TEST_STEP][PASSED] - click: Object: 'Object Repository/Final Object Repo/Page_Update Employee Information By Employer/Page_Update Employee Information by Employer (Approve)/Save  Continue in Upload Supporting Doucument Page' is clicked on

2018-11-16 15:24:18 - [MESSAGE][PASSED] - Object: 'Object Repository/Final Object Repo/Page_Update Employee Information By Employer/Page_Update Employee Information by Employer (Approve)/Save  Continue in Upload Supporting Doucument Page' is clicked on

2018-11-16 15:24:18 - [TEST_STEP][PASSED] - delay: Delayed 2 second(s)

2018-11-16 15:24:20 - [MESSAGE][PASSED] - Delayed 2 second(s)

2018-11-16 15:24:20 - [TEST_STEP][PASSED] - click: Object: 'Object Repository/Final Object Repo/Page_Update Employee Information By Employer/Page_Update Employee Information by Employer (Approve)/Approve' is clicked on

2018-11-16 15:24:20 - [MESSAGE][PASSED] - Object: 'Object Repository/Final Object Repo/Page_Update Employee Information By Employer/Page_Update Employee Information by Employer (Approve)/Approve' is clicked on

2018-11-16 15:24:20 - [TEST_STEP][PASSED] - delay: Delayed 2 second(s)

2018-11-16 15:24:22 - [MESSAGE][PASSED] - Delayed 2 second(s)

2018-11-16 15:24:22 - [TEST_STEP][PASSED] - click: Object: 'Object Repository/Final Object Repo/Page_Update Employee Information By Employer/Page_Update Employee Information by Employer (Approve)/Confirm' is clicked on

2018-11-16 15:24:27 - [MESSAGE][PASSED] - Object: 'Object Repository/Final Object Repo/Page_Update Employee Information By Employer/Page_Update Employee Information by Employer (Approve)/Confirm' is clicked on

2018-11-16 15:24:27 - [TEST_STEP][PASSED] - delay: Delayed 2 second(s)

2018-11-16 15:24:29 - [MESSAGE][PASSED] - Delayed 2 second(s)

2018-11-16 15:24:29 - [TEST_STEP][PASSED] - verifyElementVisible: Object 'Object Repository/Final Object Repo/Page_Update Employee Information By Employer/Page_Update Employee Information by Employer (Approve)/Successfull Message Submitted Successfully' is visible

2018-11-16 15:24:30 - [MESSAGE][PASSED] - Object 'Object Repository/Final Object Repo/Page_Update Employee Information By Employer/Page_Update Employee Information by Employer (Approve)/Successfull Message Submitted Successfully' is visible

2018-11-16 15:24:30 - [TEST_STEP][PASSED] - delay: Delayed 2 second(s)

2018-11-16 15:24:32 - [MESSAGE][PASSED] - Delayed 2 second(s)

2018-11-16 15:24:32 - [TEST_STEP][PASSED] - verifyElementVisible: Object 'Object Repository/Final Object Repo/Page_Update Employee Information By Employer/Page_Update Employee Information by Employer (Approve)/Letter of Successful update' is visible

2018-11-16 15:24:32 - [MESSAGE][PASSED] - Object 'Object Repository/Final Object Repo/Page_Update Employee Information By Employer/Page_Update Employee Information by Employer (Approve)/Letter of Successful update' is visible

2018-11-16 15:24:32 - [MESSAGE][PASSED] - Call Test Case 'Test Cases/Final Aug 2018 - PKS Automation/Registration Module/Workflow/Update Employee Information (Employer)/Template/Update Employee Information - Special Case - UO(Query)' successfully]]></system-out>
         <system-err><![CDATA[]]></system-err>
      </testcase>
      <testcase name="Test Cases/Final Aug 2018 - PKS Automation/Registration Module/Workflow/Update Employee Information (Employer)/Employer - UO (Reject)" classname="Test Cases/Final Aug 2018 - PKS Automation/Registration Module/Workflow/Update Employee Information (Employer)/Employer - UO (Reject)" status="PASSED">
         <system-out><![CDATA[2018-11-16 15:24:32 - [TEST_CASE][PASSED] - Test Cases/Final Aug 2018 - PKS Automation/Registration Module/Workflow/Update Employee Information (Employer)/Employer - UO (Reject): Test Cases/Final Aug 2018 - PKS Automation/Registration Module/Workflow/Update Employee Information (Employer)/Employer - UO (Reject)

2018-11-16 15:24:32 - [TEST_STEP][PASSED] - callTestCase: Call Test Case 'Test Cases/Final Aug 2018 - PKS Automation/Registration Module/Workflow/Update Employee Information (Employer)/Template/Update Employer Information - Special Case (Employer)' successfully

2018-11-16 15:24:32 - [TEST_CASE][PASSED] - Test Cases/Final Aug 2018 - PKS Automation/Registration Module/Workflow/Update Employee Information (Employer)/Template/Update Employer Information - Special Case (Employer): Test Cases/Final Aug 2018 - PKS Automation/Registration Module/Workflow/Update Employee Information (Employer)/Template/Update Employer Information - Special Case (Employer)

2018-11-16 15:24:32 - [TEST_STEP][PASSED] - callTestCase: Call Test Case 'Test Cases/Final Aug 2018 - PKS Automation/Registration Module/Workflow/Update Add New Employee/Template/New Company for Update Add New - Employer' successfully

2018-11-16 15:24:32 - [TEST_CASE][PASSED] - Test Cases/Final Aug 2018 - PKS Automation/Registration Module/Workflow/Update Add New Employee/Template/New Company for Update Add New - Employer: Test Cases/Final Aug 2018 - PKS Automation/Registration Module/Workflow/Update Add New Employee/Template/New Company for Update Add New - Employer

2018-11-16 15:24:32 - [TEST_STEP][PASSED] - callTestCase: Call Test Case 'Test Cases/Final Aug 2018 - PKS Automation/Create Employer Acc/Create Employer Account' successfully

2018-11-16 15:24:32 - [TEST_CASE][PASSED] - Test Cases/Final Aug 2018 - PKS Automation/Create Employer Acc/Create Employer Account: Test Cases/Final Aug 2018 - PKS Automation/Create Employer Acc/Create Employer Account

2018-11-16 15:24:32 - [TEST_STEP][PASSED] - callTestCase: Call Test Case 'Test Cases/Final Aug 2018 - PKS Automation/Create Employer Acc/Template/Register Employer' successfully

2018-11-16 15:24:32 - [TEST_CASE][PASSED] - Test Cases/Final Aug 2018 - PKS Automation/Create Employer Acc/Template/Register Employer: Test Cases/Final Aug 2018 - PKS Automation/Create Employer Acc/Template/Register Employer

2018-11-16 15:24:32 - [TEST_STEP][PASSED] - openBrowser: Browser is opened with url: ''

2018-11-16 15:24:32 - [MESSAGE][WARNING] - A browser is already opened. Closing browser and opening a new one

2018-11-16 15:24:36 - [MESSAGE][PASSED] - Browser is opened with url: ''

2018-11-16 15:24:36 - [TEST_STEP][PASSED] - navigateToUrl: Navigate to 'https://assist2-uat.perkeso.gov.my/login' successfully

2018-11-16 15:24:39 - [MESSAGE][PASSED] - Navigate to 'https://assist2-uat.perkeso.gov.my/login' successfully

2018-11-16 15:24:39 - [TEST_STEP][PASSED] - setText: Text 'johorotc1@gmail.com' is set on object 'Object Repository/Final Object Repo/Login Page/Internal User/Email Address'

2018-11-16 15:24:39 - [MESSAGE][PASSED] - Text 'johorotc1@gmail.com' is set on object 'Object Repository/Final Object Repo/Login Page/Internal User/Email Address'

2018-11-16 15:24:39 - [TEST_STEP][PASSED] - click: Object: 'Object Repository/Final Object Repo/Login Page/Internal User/Next Button' is clicked on

2018-11-16 15:24:39 - [MESSAGE][PASSED] - Object: 'Object Repository/Final Object Repo/Login Page/Internal User/Next Button' is clicked on

2018-11-16 15:24:39 - [TEST_STEP][PASSED] - delay: Delayed 1 second(s)

2018-11-16 15:24:40 - [MESSAGE][PASSED] - Delayed 1 second(s)

2018-11-16 15:24:40 - [TEST_STEP][PASSED] - setEncryptedText: Text ****** has been set on object 'Object Repository/Final Object Repo/Login Page/Internal User/Password'

2018-11-16 15:24:40 - [MESSAGE][PASSED] - Text ****** has been set on object 'Object Repository/Final Object Repo/Login Page/Internal User/Password'

2018-11-16 15:24:40 - [TEST_STEP][PASSED] - click: Object: 'Object Repository/Final Object Repo/Login Page/Internal User/Login Button' is clicked on

2018-11-16 15:24:43 - [MESSAGE][PASSED] - Object: 'Object Repository/Final Object Repo/Login Page/Internal User/Login Button' is clicked on

2018-11-16 15:24:43 - [TEST_STEP][PASSED] - delay: Delayed 1 second(s)

2018-11-16 15:24:44 - [MESSAGE][PASSED] - Delayed 1 second(s)

2018-11-16 15:24:44 - [TEST_STEP][PASSED] - navigateToUrl: Navigate to 'https://assist2-uat.perkeso.gov.my/web/base/portal-id/registration' successfully

2018-11-16 15:24:45 - [MESSAGE][PASSED] - Navigate to 'https://assist2-uat.perkeso.gov.my/web/base/portal-id/registration' successfully

2018-11-16 15:24:45 - [TEST_STEP][PASSED] - setText: Text 'AUTOMATION EMPLOYER' is set on object 'Object Repository/Final Object Repo/Creating Employer Account/Page_Registration - ASSIST (Base)/Employer Name'

2018-11-16 15:24:45 - [MESSAGE][PASSED] - Text 'AUTOMATION EMPLOYER' is set on object 'Object Repository/Final Object Repo/Creating Employer Account/Page_Registration - ASSIST (Base)/Employer Name'

2018-11-16 15:24:45 - [TEST_STEP][PASSED] - delay: Delayed 2 second(s)

2018-11-16 15:24:47 - [MESSAGE][PASSED] - Delayed 2 second(s)

2018-11-16 15:24:47 - [TEST_STEP][PASSED] - click: Object: 'Object Repository/Final Object Repo/Creating Employer Account/Page_Registration - ASSIST (Base)/Registration Type' is clicked on

2018-11-16 15:24:48 - [MESSAGE][PASSED] - Object: 'Object Repository/Final Object Repo/Creating Employer Account/Page_Registration - ASSIST (Base)/Registration Type' is clicked on

2018-11-16 15:24:48 - [TEST_STEP][PASSED] - delay: Delayed 2 second(s)

2018-11-16 15:24:50 - [MESSAGE][PASSED] - Delayed 2 second(s)

2018-11-16 15:24:50 - [TEST_STEP][PASSED] - click: Object: 'Object Repository/Final Object Repo/Creating Employer Account/Page_Registration - ASSIST (Base)/Registration Type - Registration No' is clicked on

2018-11-16 15:24:51 - [MESSAGE][PASSED] - Object: 'Object Repository/Final Object Repo/Creating Employer Account/Page_Registration - ASSIST (Base)/Registration Type - Registration No' is clicked on

2018-11-16 15:24:51 - [TEST_STEP][PASSED] - delay: Delayed 2 second(s)

2018-11-16 15:24:53 - [MESSAGE][PASSED] - Delayed 2 second(s)

2018-11-16 15:24:53 - [TEST_STEP][PASSED] - setText: Text '1234567890' is set on object 'Object Repository/Final Object Repo/Creating Employer Account/Page_Registration - ASSIST (Base)/Registration Number'

2018-11-16 15:24:53 - [MESSAGE][PASSED] - Text '1234567890' is set on object 'Object Repository/Final Object Repo/Creating Employer Account/Page_Registration - ASSIST (Base)/Registration Number'

2018-11-16 15:24:53 - [TEST_STEP][PASSED] - delay: Delayed 2 second(s)

2018-11-16 15:24:55 - [MESSAGE][PASSED] - Delayed 2 second(s)

2018-11-16 15:24:55 - [TEST_STEP][PASSED] - setText: Text 'ADDRESS 1' is set on object 'Object Repository/Final Object Repo/Creating Employer Account/Page_Registration - ASSIST (Base)/Postal Address 1'

2018-11-16 15:24:55 - [MESSAGE][PASSED] - Text 'ADDRESS 1' is set on object 'Object Repository/Final Object Repo/Creating Employer Account/Page_Registration - ASSIST (Base)/Postal Address 1'

2018-11-16 15:24:55 - [TEST_STEP][PASSED] - setText: Text 'ADDRESS 2' is set on object 'Object Repository/Final Object Repo/Creating Employer Account/Page_Registration - ASSIST (Base)/Postal Address 2'

2018-11-16 15:24:55 - [MESSAGE][PASSED] - Text 'ADDRESS 2' is set on object 'Object Repository/Final Object Repo/Creating Employer Account/Page_Registration - ASSIST (Base)/Postal Address 2'

2018-11-16 15:24:55 - [TEST_STEP][PASSED] - click: Object: 'Object Repository/Final Object Repo/Creating Employer Account/Page_Registration - ASSIST (Base)/State' is clicked on

2018-11-16 15:24:56 - [MESSAGE][PASSED] - Object: 'Object Repository/Final Object Repo/Creating Employer Account/Page_Registration - ASSIST (Base)/State' is clicked on

2018-11-16 15:24:56 - [TEST_STEP][PASSED] - delay: Delayed 2 second(s)

2018-11-16 15:24:58 - [MESSAGE][PASSED] - Delayed 2 second(s)

2018-11-16 15:24:58 - [TEST_STEP][PASSED] - click: Object: 'Object Repository/Final Object Repo/Creating Employer Account/Page_Registration - ASSIST (Base)/State - Johor' is clicked on

2018-11-16 15:24:58 - [MESSAGE][PASSED] - Object: 'Object Repository/Final Object Repo/Creating Employer Account/Page_Registration - ASSIST (Base)/State - Johor' is clicked on

2018-11-16 15:24:58 - [TEST_STEP][PASSED] - delay: Delayed 2 second(s)

2018-11-16 15:25:00 - [MESSAGE][PASSED] - Delayed 2 second(s)

2018-11-16 15:25:00 - [TEST_STEP][PASSED] - click: Object: 'Object Repository/Final Object Repo/Creating Employer Account/Page_Registration - ASSIST (Base)/City' is clicked on

2018-11-16 15:25:01 - [MESSAGE][PASSED] - Object: 'Object Repository/Final Object Repo/Creating Employer Account/Page_Registration - ASSIST (Base)/City' is clicked on

2018-11-16 15:25:01 - [TEST_STEP][PASSED] - delay: Delayed 2 second(s)

2018-11-16 15:25:03 - [MESSAGE][PASSED] - Delayed 2 second(s)

2018-11-16 15:25:03 - [TEST_STEP][PASSED] - setText: Text 'joh' is set on object 'Object Repository/Final Object Repo/Creating Employer Account/Page_Registration - ASSIST (Base)/City - joh'

2018-11-16 15:25:03 - [MESSAGE][PASSED] - Text 'joh' is set on object 'Object Repository/Final Object Repo/Creating Employer Account/Page_Registration - ASSIST (Base)/City - joh'

2018-11-16 15:25:03 - [TEST_STEP][PASSED] - delay: Delayed 2 second(s)

2018-11-16 15:25:05 - [MESSAGE][PASSED] - Delayed 2 second(s)

2018-11-16 15:25:05 - [TEST_STEP][PASSED] - click: Object: 'Object Repository/Final Object Repo/Creating Employer Account/Page_Registration - ASSIST (Base)/City - Johor Bharu' is clicked on

2018-11-16 15:25:06 - [MESSAGE][PASSED] - Object: 'Object Repository/Final Object Repo/Creating Employer Account/Page_Registration - ASSIST (Base)/City - Johor Bharu' is clicked on

2018-11-16 15:25:06 - [TEST_STEP][PASSED] - delay: Delayed 2 second(s)

2018-11-16 15:25:08 - [MESSAGE][PASSED] - Delayed 2 second(s)

2018-11-16 15:25:08 - [TEST_STEP][PASSED] - click: Object: 'Object Repository/Final Object Repo/Creating Employer Account/Page_Registration - ASSIST (Base)/Post Code' is clicked on

2018-11-16 15:25:08 - [MESSAGE][PASSED] - Object: 'Object Repository/Final Object Repo/Creating Employer Account/Page_Registration - ASSIST (Base)/Post Code' is clicked on

2018-11-16 15:25:08 - [TEST_STEP][PASSED] - delay: Delayed 2 second(s)

2018-11-16 15:25:10 - [MESSAGE][PASSED] - Delayed 2 second(s)

2018-11-16 15:25:10 - [TEST_STEP][PASSED] - setText: Text '810' is set on object 'Object Repository/Final Object Repo/Creating Employer Account/Page_Registration - ASSIST (Base)/Post Code - 810'

2018-11-16 15:25:10 - [MESSAGE][PASSED] - Text '810' is set on object 'Object Repository/Final Object Repo/Creating Employer Account/Page_Registration - ASSIST (Base)/Post Code - 810'

2018-11-16 15:25:10 - [TEST_STEP][PASSED] - delay: Delayed 2 second(s)

2018-11-16 15:25:12 - [MESSAGE][PASSED] - Delayed 2 second(s)

2018-11-16 15:25:12 - [TEST_STEP][PASSED] - click: Object: 'Object Repository/Final Object Repo/Creating Employer Account/Page_Registration - ASSIST (Base)/Post Code - 81000' is clicked on

2018-11-16 15:25:13 - [MESSAGE][PASSED] - Object: 'Object Repository/Final Object Repo/Creating Employer Account/Page_Registration - ASSIST (Base)/Post Code - 81000' is clicked on

2018-11-16 15:25:13 - [TEST_STEP][PASSED] - delay: Delayed 2 second(s)

2018-11-16 15:25:15 - [MESSAGE][PASSED] - Delayed 2 second(s)

2018-11-16 15:25:15 - [TEST_STEP][PASSED] - setText: Text 'PERKESO' is set on object 'Object Repository/Final Object Repo/Creating Employer Account/Page_Registration - ASSIST (Base)/Full Name'

2018-11-16 15:25:15 - [MESSAGE][PASSED] - Text 'PERKESO' is set on object 'Object Repository/Final Object Repo/Creating Employer Account/Page_Registration - ASSIST (Base)/Full Name'

2018-11-16 15:25:15 - [TEST_STEP][PASSED] - Statement - rnd = new java.util.Random(): null

2018-11-16 15:25:15 - [TEST_STEP][PASSED] - Statement - snum = rnd.nextInt(899999 + 1) + 100000: null

2018-11-16 15:25:15 - [TEST_STEP][PASSED] - Statement - tnum = rnd.nextInt(899999 + 1) + 100000: null

2018-11-16 15:25:15 - [TEST_STEP][PASSED] - Statement - IC = java.lang.Integer.toString(snum) + java.lang.Integer.toString(tnum): null

2018-11-16 15:25:15 - [TEST_STEP][PASSED] - Statement - out.println(IC): null

2018-11-16 15:25:15 - [TEST_STEP][PASSED] - setText: Text '419472480115' is set on object 'Object Repository/Final Object Repo/Creating Employer Account/Page_Registration - ASSIST (Base)/Identification Number'

2018-11-16 15:25:15 - [MESSAGE][PASSED] - Text '419472480115' is set on object 'Object Repository/Final Object Repo/Creating Employer Account/Page_Registration - ASSIST (Base)/Identification Number'

2018-11-16 15:25:15 - [TEST_STEP][PASSED] - delay: Delayed 2 second(s)

2018-11-16 15:25:17 - [MESSAGE][PASSED] - Delayed 2 second(s)

2018-11-16 15:25:17 - [TEST_STEP][PASSED] - setText: Text '123456789012' is set on object 'Object Repository/Final Object Repo/Creating Employer Account/Page_Registration - ASSIST (Base)/Contact Number'

2018-11-16 15:25:17 - [MESSAGE][PASSED] - Text '123456789012' is set on object 'Object Repository/Final Object Repo/Creating Employer Account/Page_Registration - ASSIST (Base)/Contact Number'

2018-11-16 15:25:17 - [TEST_STEP][PASSED] - Statement - Email = "perkeso" + IC + "@gmail.com": null

2018-11-16 15:25:17 - [TEST_STEP][PASSED] - delay: Delayed 2 second(s)

2018-11-16 15:25:19 - [MESSAGE][PASSED] - Delayed 2 second(s)

2018-11-16 15:25:19 - [TEST_STEP][PASSED] - callTestCase: Call Test Case 'Test Cases/Final Aug 2018 - PKS Automation/Create Employer Acc/Template/Employer Email Settler' successfully

2018-11-16 15:25:19 - [TEST_CASE][PASSED] - Test Cases/Final Aug 2018 - PKS Automation/Create Employer Acc/Template/Employer Email Settler: Test Cases/Final Aug 2018 - PKS Automation/Create Employer Acc/Template/Employer Email Settler

2018-11-16 15:25:19 - [TEST_STEP][PASSED] - Statement - EmpEmailOld = new java.io.File(C://EmpEmail.txt): null

2018-11-16 15:25:19 - [TEST_STEP][PASSED] - Statement - EmpEmailOld.delete(): null

2018-11-16 15:25:19 - [TEST_STEP][PASSED] - Statement - EmpEmail = new java.io.File(C://EmpEmail.txt): null

2018-11-16 15:25:19 - [TEST_STEP][PASSED] - Statement - EmpEmail.append(Email): null

2018-11-16 15:25:19 - [TEST_STEP][PASSED] - Statement - out.println(Email): null

2018-11-16 15:25:19 - [MESSAGE][PASSED] - Call Test Case 'Test Cases/Final Aug 2018 - PKS Automation/Create Employer Acc/Template/Employer Email Settler' successfully

2018-11-16 15:25:19 - [TEST_STEP][PASSED] - delay: Delayed 2 second(s)

2018-11-16 15:25:21 - [MESSAGE][PASSED] - Delayed 2 second(s)

2018-11-16 15:25:21 - [TEST_STEP][PASSED] - setText: Text 'perkeso419472480115@gmail.com' is set on object 'Object Repository/Final Object Repo/Creating Employer Account/Page_Registration - ASSIST (Base)/Email'

2018-11-16 15:25:22 - [MESSAGE][PASSED] - Text 'perkeso419472480115@gmail.com' is set on object 'Object Repository/Final Object Repo/Creating Employer Account/Page_Registration - ASSIST (Base)/Email'

2018-11-16 15:25:22 - [TEST_STEP][PASSED] - setText: Text '123' is set on object 'Object Repository/Final Object Repo/Creating Employer Account/Page_Registration - ASSIST (Base)/Security Phase'

2018-11-16 15:25:22 - [MESSAGE][PASSED] - Text '123' is set on object 'Object Repository/Final Object Repo/Creating Employer Account/Page_Registration - ASSIST (Base)/Security Phase'

2018-11-16 15:25:22 - [TEST_STEP][PASSED] - click: Object: 'Object Repository/Final Object Repo/Creating Employer Account/Page_Registration - ASSIST (Base)/Save  Continue' is clicked on

2018-11-16 15:25:23 - [MESSAGE][PASSED] - Object: 'Object Repository/Final Object Repo/Creating Employer Account/Page_Registration - ASSIST (Base)/Save  Continue' is clicked on

2018-11-16 15:25:23 - [TEST_STEP][PASSED] - delay: Delayed 2 second(s)

2018-11-16 15:25:25 - [MESSAGE][PASSED] - Delayed 2 second(s)

2018-11-16 15:25:25 - [TEST_STEP][PASSED] - click: Object: 'Object Repository/Final Object Repo/Creating Employer Account/Page_Registration - ASSIST (Base)/Add Document' is clicked on

2018-11-16 15:25:26 - [MESSAGE][PASSED] - Object: 'Object Repository/Final Object Repo/Creating Employer Account/Page_Registration - ASSIST (Base)/Add Document' is clicked on

2018-11-16 15:25:26 - [TEST_STEP][PASSED] - delay: Delayed 2 second(s)

2018-11-16 15:25:28 - [MESSAGE][PASSED] - Delayed 2 second(s)

2018-11-16 15:25:28 - [TEST_STEP][PASSED] - click: Object: 'Object Repository/Final Object Repo/Creating Employer Account/Page_Registration - ASSIST (Base)/Document Type' is clicked on

2018-11-16 15:25:28 - [MESSAGE][PASSED] - Object: 'Object Repository/Final Object Repo/Creating Employer Account/Page_Registration - ASSIST (Base)/Document Type' is clicked on

2018-11-16 15:25:28 - [TEST_STEP][PASSED] - delay: Delayed 2 second(s)

2018-11-16 15:25:30 - [MESSAGE][PASSED] - Delayed 2 second(s)

2018-11-16 15:25:30 - [TEST_STEP][PASSED] - click: Object: 'Object Repository/Final Object Repo/Creating Employer Account/Page_Registration - ASSIST (Base)/Document Type - Letter of Authorization' is clicked on

2018-11-16 15:25:31 - [MESSAGE][PASSED] - Object: 'Object Repository/Final Object Repo/Creating Employer Account/Page_Registration - ASSIST (Base)/Document Type - Letter of Authorization' is clicked on

2018-11-16 15:25:31 - [TEST_STEP][PASSED] - delay: Delayed 2 second(s)

2018-11-16 15:25:33 - [MESSAGE][PASSED] - Delayed 2 second(s)

2018-11-16 15:25:33 - [TEST_STEP][PASSED] - sendKeys: Keys 'C:\Users\Public\Pictures\Sample Pictures\Act.jpg' sent to object: 'Object Repository/Final Object Repo/Creating Employer Account/Page_Registration - ASSIST (Base)/Uploading File'

2018-11-16 15:25:33 - [MESSAGE][PASSED] - Keys 'C:\Users\Public\Pictures\Sample Pictures\Act.jpg' sent to object: 'Object Repository/Final Object Repo/Creating Employer Account/Page_Registration - ASSIST (Base)/Uploading File'

2018-11-16 15:25:33 - [TEST_STEP][PASSED] - delay: Delayed 2 second(s)

2018-11-16 15:25:35 - [MESSAGE][PASSED] - Delayed 2 second(s)

2018-11-16 15:25:35 - [TEST_STEP][PASSED] - click: Object: 'Object Repository/Final Object Repo/Creating Employer Account/Page_Registration - ASSIST (Base)/Add Document in Uploading File' is clicked on

2018-11-16 15:25:37 - [MESSAGE][PASSED] - Object: 'Object Repository/Final Object Repo/Creating Employer Account/Page_Registration - ASSIST (Base)/Add Document in Uploading File' is clicked on

2018-11-16 15:25:37 - [TEST_STEP][PASSED] - delay: Delayed 2 second(s)

2018-11-16 15:25:39 - [MESSAGE][PASSED] - Delayed 2 second(s)

2018-11-16 15:25:39 - [TEST_STEP][PASSED] - click: Object: 'Object Repository/Final Object Repo/Creating Employer Account/Page_Registration - ASSIST (Base)/Save' is clicked on

2018-11-16 15:25:41 - [MESSAGE][PASSED] - Object: 'Object Repository/Final Object Repo/Creating Employer Account/Page_Registration - ASSIST (Base)/Save' is clicked on

2018-11-16 15:25:41 - [TEST_STEP][PASSED] - delay: Delayed 2 second(s)

2018-11-16 15:25:43 - [MESSAGE][PASSED] - Delayed 2 second(s)

2018-11-16 15:25:43 - [TEST_STEP][PASSED] - click: Object: 'Object Repository/Final Object Repo/Creating Employer Account/Page_Registration - ASSIST (Base)/Submit' is clicked on

2018-11-16 15:25:43 - [MESSAGE][PASSED] - Object: 'Object Repository/Final Object Repo/Creating Employer Account/Page_Registration - ASSIST (Base)/Submit' is clicked on

2018-11-16 15:25:43 - [TEST_STEP][PASSED] - delay: Delayed 2 second(s)

2018-11-16 15:25:45 - [MESSAGE][PASSED] - Delayed 2 second(s)

2018-11-16 15:25:45 - [TEST_STEP][PASSED] - click: Object: 'Object Repository/Final Object Repo/Creating Employer Account/Page_Registration - ASSIST (Base)/Confirm' is clicked on

2018-11-16 15:25:45 - [MESSAGE][PASSED] - Object: 'Object Repository/Final Object Repo/Creating Employer Account/Page_Registration - ASSIST (Base)/Confirm' is clicked on

2018-11-16 15:25:45 - [MESSAGE][PASSED] - Call Test Case 'Test Cases/Final Aug 2018 - PKS Automation/Create Employer Acc/Template/Register Employer' successfully

2018-11-16 15:25:45 - [TEST_STEP][PASSED] - delay: Delayed 1 second(s)

2018-11-16 15:25:46 - [MESSAGE][PASSED] - Delayed 1 second(s)

2018-11-16 15:25:46 - [TEST_STEP][PASSED] - navigateToUrl: Navigate to 'https://assist2-uat.perkeso.gov.my/c/portal/logout' successfully

2018-11-16 15:25:47 - [MESSAGE][PASSED] - Navigate to 'https://assist2-uat.perkeso.gov.my/c/portal/logout' successfully

2018-11-16 15:25:47 - [TEST_STEP][PASSED] - delay: Delayed 1 second(s)

2018-11-16 15:25:48 - [MESSAGE][PASSED] - Delayed 1 second(s)

2018-11-16 15:25:48 - [TEST_STEP][PASSED] - callTestCase: Call Test Case 'Test Cases/Final Aug 2018 - PKS Automation/Create Employer Acc/Template/Change Password of Employer' successfully

2018-11-16 15:25:48 - [TEST_CASE][PASSED] - Test Cases/Final Aug 2018 - PKS Automation/Create Employer Acc/Template/Change Password of Employer: Test Cases/Final Aug 2018 - PKS Automation/Create Employer Acc/Template/Change Password of Employer

2018-11-16 15:25:49 - [TEST_STEP][PASSED] - openBrowser: Browser is opened with url: ''

2018-11-16 15:25:49 - [MESSAGE][WARNING] - A browser is already opened. Closing browser and opening a new one

2018-11-16 15:25:53 - [MESSAGE][PASSED] - Browser is opened with url: ''

2018-11-16 15:25:53 - [TEST_STEP][PASSED] - navigateToUrl: Navigate to 'https://assist2-uat.perkeso.gov.my/login' successfully

2018-11-16 15:25:55 - [MESSAGE][PASSED] - Navigate to 'https://assist2-uat.perkeso.gov.my/login' successfully

2018-11-16 15:25:55 - [TEST_STEP][PASSED] - delay: Delayed 5 second(s)

2018-11-16 15:26:00 - [MESSAGE][PASSED] - Delayed 5 second(s)

2018-11-16 15:26:00 - [TEST_STEP][PASSED] - setText: Text 'test@liferay.com' is set on object 'Object Repository/Final Object Repo/Login Page/Internal User/Email Address'

2018-11-16 15:26:01 - [MESSAGE][PASSED] - Text 'test@liferay.com' is set on object 'Object Repository/Final Object Repo/Login Page/Internal User/Email Address'

2018-11-16 15:26:01 - [TEST_STEP][PASSED] - click: Object: 'Object Repository/Final Object Repo/Login Page/Internal User/Next Button' is clicked on

2018-11-16 15:26:01 - [MESSAGE][PASSED] - Object: 'Object Repository/Final Object Repo/Login Page/Internal User/Next Button' is clicked on

2018-11-16 15:26:01 - [TEST_STEP][PASSED] - delay: Delayed 2 second(s)

2018-11-16 15:26:03 - [MESSAGE][PASSED] - Delayed 2 second(s)

2018-11-16 15:26:03 - [TEST_STEP][PASSED] - setText: Text 'test' is set on object 'Object Repository/Final Object Repo/Login Page/Internal User/Password'

2018-11-16 15:26:03 - [MESSAGE][PASSED] - Text 'test' is set on object 'Object Repository/Final Object Repo/Login Page/Internal User/Password'

2018-11-16 15:26:03 - [TEST_STEP][PASSED] - delay: Delayed 2 second(s)

2018-11-16 15:26:05 - [MESSAGE][PASSED] - Delayed 2 second(s)

2018-11-16 15:26:05 - [TEST_STEP][PASSED] - click: Object: 'Object Repository/Final Object Repo/Login Page/Internal User/Login Button' is clicked on

2018-11-16 15:26:08 - [MESSAGE][PASSED] - Object: 'Object Repository/Final Object Repo/Login Page/Internal User/Login Button' is clicked on

2018-11-16 15:26:08 - [TEST_STEP][PASSED] - delay: Delayed 3 second(s)

2018-11-16 15:26:11 - [MESSAGE][PASSED] - Delayed 3 second(s)

2018-11-16 15:26:11 - [TEST_STEP][PASSED] - navigateToUrl: Navigate to 'https://assist2-uat.perkeso.gov.my/group/control_panel/manage?p_p_id=125&p_p_lifecycle=0&p_p_state=maximized&p_p_mode=view&refererPlid=20455&_125_usersListView=flat-users&_125_toolbarItem=view-all-users&_125_saveUsersListView=true&_125_struts_action=%2Fusers_admin%2Fview' successfully

2018-11-16 15:26:14 - [MESSAGE][PASSED] - Navigate to 'https://assist2-uat.perkeso.gov.my/group/control_panel/manage?p_p_id=125&p_p_lifecycle=0&p_p_state=maximized&p_p_mode=view&refererPlid=20455&_125_usersListView=flat-users&_125_toolbarItem=view-all-users&_125_saveUsersListView=true&_125_struts_action=%2Fusers_admin%2Fview' successfully

2018-11-16 15:26:14 - [TEST_STEP][PASSED] - delay: Delayed 3 second(s)

2018-11-16 15:26:17 - [MESSAGE][PASSED] - Delayed 3 second(s)

2018-11-16 15:26:17 - [TEST_STEP][PASSED] - setText: Text 'perkeso419472480115@gmail.com' is set on object 'Object Repository/Final Object Repo/Creating Employer Account/Page_Users and Organizations - ASSIST/Employer name'

2018-11-16 15:26:17 - [MESSAGE][PASSED] - Text 'perkeso419472480115@gmail.com' is set on object 'Object Repository/Final Object Repo/Creating Employer Account/Page_Users and Organizations - ASSIST/Employer name'

2018-11-16 15:26:17 - [TEST_STEP][PASSED] - delay: Delayed 3 second(s)

2018-11-16 15:26:20 - [MESSAGE][PASSED] - Delayed 3 second(s)

2018-11-16 15:26:20 - [TEST_STEP][PASSED] - click: Object: 'Object Repository/Final Object Repo/Creating Employer Account/Page_Users and Organizations - ASSIST/Search' is clicked on

2018-11-16 15:26:21 - [MESSAGE][PASSED] - Object: 'Object Repository/Final Object Repo/Creating Employer Account/Page_Users and Organizations - ASSIST/Search' is clicked on

2018-11-16 15:26:21 - [TEST_STEP][PASSED] - delay: Delayed 3 second(s)

2018-11-16 15:26:24 - [MESSAGE][PASSED] - Delayed 3 second(s)

2018-11-16 15:26:24 - [TEST_STEP][PASSED] - click: Object: 'Object Repository/Final Object Repo/Creating Employer Account/Page_Users and Organizations - ASSIST/Action' is clicked on

2018-11-16 15:26:25 - [MESSAGE][PASSED] - Object: 'Object Repository/Final Object Repo/Creating Employer Account/Page_Users and Organizations - ASSIST/Action' is clicked on

2018-11-16 15:26:25 - [TEST_STEP][PASSED] - delay: Delayed 3 second(s)

2018-11-16 15:26:28 - [MESSAGE][PASSED] - Delayed 3 second(s)

2018-11-16 15:26:28 - [TEST_STEP][PASSED] - click: Object: 'Object Repository/Final Object Repo/Creating Employer Account/Page_Users and Organizations - ASSIST/Edit' is clicked on

2018-11-16 15:26:29 - [MESSAGE][PASSED] - Object: 'Object Repository/Final Object Repo/Creating Employer Account/Page_Users and Organizations - ASSIST/Edit' is clicked on

2018-11-16 15:26:29 - [TEST_STEP][PASSED] - delay: Delayed 3 second(s)

2018-11-16 15:26:32 - [MESSAGE][PASSED] - Delayed 3 second(s)

2018-11-16 15:26:32 - [TEST_STEP][PASSED] - click: Object: 'Object Repository/Final Object Repo/Creating Employer Account/Page_PERKESO - Users and Organizati/a_Password (Modified)' is clicked on

2018-11-16 15:26:32 - [MESSAGE][PASSED] - Object: 'Object Repository/Final Object Repo/Creating Employer Account/Page_PERKESO - Users and Organizati/a_Password (Modified)' is clicked on

2018-11-16 15:26:32 - [TEST_STEP][PASSED] - delay: Delayed 3 second(s)

2018-11-16 15:26:35 - [MESSAGE][PASSED] - Delayed 3 second(s)

2018-11-16 15:26:35 - [TEST_STEP][PASSED] - setEncryptedText: Text ****** has been set on object 'Object Repository/Final Object Repo/Creating Employer Account/Page_PERKESO - Users and Organizati/input__125_password1'

2018-11-16 15:26:35 - [MESSAGE][PASSED] - Text ****** has been set on object 'Object Repository/Final Object Repo/Creating Employer Account/Page_PERKESO - Users and Organizati/input__125_password1'

2018-11-16 15:26:35 - [TEST_STEP][PASSED] - delay: Delayed 3 second(s)

2018-11-16 15:26:38 - [MESSAGE][PASSED] - Delayed 3 second(s)

2018-11-16 15:26:38 - [TEST_STEP][PASSED] - setEncryptedText: Text ****** has been set on object 'Object Repository/Final Object Repo/Creating Employer Account/Page_PERKESO - Users and Organizati/input__125_password2'

2018-11-16 15:26:39 - [MESSAGE][PASSED] - Text ****** has been set on object 'Object Repository/Final Object Repo/Creating Employer Account/Page_PERKESO - Users and Organizati/input__125_password2'

2018-11-16 15:26:39 - [TEST_STEP][PASSED] - delay: Delayed 3 second(s)

2018-11-16 15:26:42 - [MESSAGE][PASSED] - Delayed 3 second(s)

2018-11-16 15:26:42 - [TEST_STEP][PASSED] - click: Object: 'Object Repository/Final Object Repo/Creating Employer Account/Page_PERKESO - Users and Organizati/Save' is clicked on

2018-11-16 15:26:43 - [MESSAGE][PASSED] - Object: 'Object Repository/Final Object Repo/Creating Employer Account/Page_PERKESO - Users and Organizati/Save' is clicked on

2018-11-16 15:26:43 - [MESSAGE][PASSED] - Call Test Case 'Test Cases/Final Aug 2018 - PKS Automation/Create Employer Acc/Template/Change Password of Employer' successfully

2018-11-16 15:26:43 - [TEST_STEP][PASSED] - delay: Delayed 1 second(s)

2018-11-16 15:26:44 - [MESSAGE][PASSED] - Delayed 1 second(s)

2018-11-16 15:26:44 - [TEST_STEP][PASSED] - navigateToUrl: Navigate to 'https://assist2-uat.perkeso.gov.my/c/portal/logout' successfully

2018-11-16 15:26:45 - [MESSAGE][PASSED] - Navigate to 'https://assist2-uat.perkeso.gov.my/c/portal/logout' successfully

2018-11-16 15:26:45 - [TEST_STEP][PASSED] - delay: Delayed 1 second(s)

2018-11-16 15:26:46 - [MESSAGE][PASSED] - Delayed 1 second(s)

2018-11-16 15:26:46 - [TEST_STEP][PASSED] - callTestCase: Call Test Case 'Test Cases/Final Aug 2018 - PKS Automation/Create Employer Acc/Template/Login to Employer Account (First Time)' successfully

2018-11-16 15:26:46 - [TEST_CASE][PASSED] - Test Cases/Final Aug 2018 - PKS Automation/Create Employer Acc/Template/Login to Employer Account (First Time): Test Cases/Final Aug 2018 - PKS Automation/Create Employer Acc/Template/Login to Employer Account (First Time)

2018-11-16 15:26:46 - [TEST_STEP][PASSED] - openBrowser: Browser is opened with url: ''

2018-11-16 15:26:46 - [MESSAGE][WARNING] - A browser is already opened. Closing browser and opening a new one

2018-11-16 15:26:51 - [MESSAGE][PASSED] - Browser is opened with url: ''

2018-11-16 15:26:51 - [TEST_STEP][PASSED] - navigateToUrl: Navigate to 'https://assist2-uat.perkeso.gov.my/employer/login' successfully

2018-11-16 15:26:54 - [MESSAGE][PASSED] - Navigate to 'https://assist2-uat.perkeso.gov.my/employer/login' successfully

2018-11-16 15:26:54 - [TEST_STEP][PASSED] - delay: Delayed 3 second(s)

2018-11-16 15:26:57 - [MESSAGE][PASSED] - Delayed 3 second(s)

2018-11-16 15:26:57 - [TEST_STEP][PASSED] - callTestCase: Call Test Case 'Test Cases/Final Aug 2018 - PKS Automation/Create Employer Acc/Template/Employer Email Getter' successfully

2018-11-16 15:26:57 - [TEST_CASE][PASSED] - Test Cases/Final Aug 2018 - PKS Automation/Create Employer Acc/Template/Employer Email Getter: Test Cases/Final Aug 2018 - PKS Automation/Create Employer Acc/Template/Employer Email Getter

2018-11-16 15:26:57 - [TEST_STEP][PASSED] - Statement - Try: null

2018-11-16 15:26:57 - [TEST_STEP][PASSED] - Statement - EmpEmail = new java.io.File(C://EmpEmail.txt): null

2018-11-16 15:26:57 - [TEST_STEP][PASSED] - Statement - bufferread = new java.io.BufferedReader(new java.io.FileReader(EmpEmail)): null

2018-11-16 15:26:57 - [TEST_STEP][PASSED] - Statement - readedVal = bufferread.readLine(): null

2018-11-16 15:26:57 - [TEST_STEP][PASSED] - Statement - out.println(readedVal): null

2018-11-16 15:26:57 - [TEST_STEP][PASSED] - Statement - Email = readedVal: null

2018-11-16 15:26:57 - [MESSAGE][PASSED] - Call Test Case 'Test Cases/Final Aug 2018 - PKS Automation/Create Employer Acc/Template/Employer Email Getter' successfully

2018-11-16 15:26:57 - [TEST_STEP][PASSED] - setText: Text 'perkeso419472480115@gmail.com' is set on object 'Object Repository/Final Object Repo/Login Page/External Login Page/Email'

2018-11-16 15:26:57 - [MESSAGE][PASSED] - Text 'perkeso419472480115@gmail.com' is set on object 'Object Repository/Final Object Repo/Login Page/External Login Page/Email'

2018-11-16 15:26:57 - [TEST_STEP][PASSED] - click: Object: 'Object Repository/Final Object Repo/Login Page/External Login Page/Next' is clicked on

2018-11-16 15:26:57 - [MESSAGE][PASSED] - Object: 'Object Repository/Final Object Repo/Login Page/External Login Page/Next' is clicked on

2018-11-16 15:26:57 - [TEST_STEP][PASSED] - delay: Delayed 3 second(s)

2018-11-16 15:27:00 - [MESSAGE][PASSED] - Delayed 3 second(s)

2018-11-16 15:27:00 - [TEST_STEP][PASSED] - setEncryptedText: Text ****** has been set on object 'Object Repository/Final Object Repo/Login Page/External Login Page/Password'

2018-11-16 15:27:01 - [MESSAGE][PASSED] - Text ****** has been set on object 'Object Repository/Final Object Repo/Login Page/External Login Page/Password'

2018-11-16 15:27:01 - [TEST_STEP][PASSED] - click: Object: 'Object Repository/Final Object Repo/Login Page/External Login Page/Login' is clicked on

2018-11-16 15:27:04 - [MESSAGE][PASSED] - Object: 'Object Repository/Final Object Repo/Login Page/External Login Page/Login' is clicked on

2018-11-16 15:27:04 - [TEST_STEP][PASSED] - delay: Delayed 3 second(s)

2018-11-16 15:27:07 - [MESSAGE][PASSED] - Delayed 3 second(s)

2018-11-16 15:27:07 - [TEST_STEP][PASSED] - click: Object: 'Object Repository/Final Object Repo/Creating Employer Account/Page_Terms of Use - ASSIST/button_I Agree' is clicked on

2018-11-16 15:27:08 - [MESSAGE][PASSED] - Object: 'Object Repository/Final Object Repo/Creating Employer Account/Page_Terms of Use - ASSIST/button_I Agree' is clicked on

2018-11-16 15:27:08 - [TEST_STEP][PASSED] - delay: Delayed 2 second(s)

2018-11-16 15:27:10 - [MESSAGE][PASSED] - Delayed 2 second(s)

2018-11-16 15:27:10 - [TEST_STEP][PASSED] - setEncryptedText: Text ****** has been set on object 'Object Repository/Final Object Repo/Creating Employer Account/Page_New Password - ASSIST/input_password1'

2018-11-16 15:27:10 - [MESSAGE][PASSED] - Text ****** has been set on object 'Object Repository/Final Object Repo/Creating Employer Account/Page_New Password - ASSIST/input_password1'

2018-11-16 15:27:10 - [TEST_STEP][PASSED] - setEncryptedText: Text ****** has been set on object 'Object Repository/Final Object Repo/Creating Employer Account/Page_New Password - ASSIST/input_password2'

2018-11-16 15:27:10 - [MESSAGE][PASSED] - Text ****** has been set on object 'Object Repository/Final Object Repo/Creating Employer Account/Page_New Password - ASSIST/input_password2'

2018-11-16 15:27:10 - [TEST_STEP][PASSED] - delay: Delayed 2 second(s)

2018-11-16 15:27:12 - [MESSAGE][PASSED] - Delayed 2 second(s)

2018-11-16 15:27:12 - [TEST_STEP][PASSED] - click: Object: 'Object Repository/Final Object Repo/Creating Employer Account/Page_New Password - ASSIST/Save' is clicked on

2018-11-16 15:27:13 - [MESSAGE][PASSED] - Object: 'Object Repository/Final Object Repo/Creating Employer Account/Page_New Password - ASSIST/Save' is clicked on

2018-11-16 15:27:13 - [TEST_STEP][PASSED] - delay: Delayed 2 second(s)

2018-11-16 15:27:15 - [MESSAGE][PASSED] - Delayed 2 second(s)

2018-11-16 15:27:15 - [TEST_STEP][PASSED] - setText: Text 'test' is set on object 'Object Repository/Final Object Repo/Creating Employer Account/Page_Password Reminder - ASSIST/Reminder Query Answer'

2018-11-16 15:27:16 - [MESSAGE][PASSED] - Text 'test' is set on object 'Object Repository/Final Object Repo/Creating Employer Account/Page_Password Reminder - ASSIST/Reminder Query Answer'

2018-11-16 15:27:16 - [TEST_STEP][PASSED] - delay: Delayed 2 second(s)

2018-11-16 15:27:18 - [MESSAGE][PASSED] - Delayed 2 second(s)

2018-11-16 15:27:18 - [TEST_STEP][PASSED] - doubleClick: Object: 'Object Repository/Final Object Repo/Creating Employer Account/Page_Password Reminder - ASSIST/Save' is double clicked on

2018-11-16 15:27:18 - [MESSAGE][PASSED] - Object: 'Object Repository/Final Object Repo/Creating Employer Account/Page_Password Reminder - ASSIST/Save' is double clicked on

2018-11-16 15:27:18 - [MESSAGE][PASSED] - Call Test Case 'Test Cases/Final Aug 2018 - PKS Automation/Create Employer Acc/Template/Login to Employer Account (First Time)' successfully

2018-11-16 15:27:18 - [MESSAGE][PASSED] - Call Test Case 'Test Cases/Final Aug 2018 - PKS Automation/Create Employer Acc/Create Employer Account' successfully

2018-11-16 15:27:18 - [TEST_STEP][PASSED] - callTestCase: Call Test Case 'Test Cases/Final Aug 2018 - PKS Automation/Registration Module/Log Out/log out avoiding katalon tagging' successfully

2018-11-16 15:27:18 - [TEST_CASE][PASSED] - Test Cases/Final Aug 2018 - PKS Automation/Registration Module/Log Out/log out avoiding katalon tagging: Test Cases/Final Aug 2018 - PKS Automation/Registration Module/Log Out/log out avoiding katalon tagging

2018-11-16 15:27:18 - [TEST_STEP][PASSED] - navigateToUrl: Navigate to 'https://assist2-uat.perkeso.gov.my/c/portal/logout' successfully

2018-11-16 15:27:19 - [MESSAGE][PASSED] - Navigate to 'https://assist2-uat.perkeso.gov.my/c/portal/logout' successfully

2018-11-16 15:27:19 - [MESSAGE][PASSED] - Call Test Case 'Test Cases/Final Aug 2018 - PKS Automation/Registration Module/Log Out/log out avoiding katalon tagging' successfully

2018-11-16 15:27:19 - [TEST_STEP][PASSED] - callTestCase: Call Test Case 'Test Cases/Final Aug 2018 - PKS Automation/Create Employer Acc/Login to Employer Account (Second time)' successfully

2018-11-16 15:27:19 - [TEST_CASE][PASSED] - Test Cases/Final Aug 2018 - PKS Automation/Create Employer Acc/Login to Employer Account (Second time): Test Cases/Final Aug 2018 - PKS Automation/Create Employer Acc/Login to Employer Account (Second time)

2018-11-16 15:27:19 - [TEST_STEP][PASSED] - openBrowser: Browser is opened with url: ''

2018-11-16 15:27:19 - [MESSAGE][WARNING] - A browser is already opened. Closing browser and opening a new one

2018-11-16 15:27:24 - [MESSAGE][PASSED] - Browser is opened with url: ''

2018-11-16 15:27:24 - [TEST_STEP][PASSED] - navigateToUrl: Navigate to 'https://assist2-uat.perkeso.gov.my/employer/login' successfully

2018-11-16 15:27:26 - [MESSAGE][PASSED] - Navigate to 'https://assist2-uat.perkeso.gov.my/employer/login' successfully

2018-11-16 15:27:26 - [TEST_STEP][PASSED] - delay: Delayed 3 second(s)

2018-11-16 15:27:29 - [MESSAGE][PASSED] - Delayed 3 second(s)

2018-11-16 15:27:29 - [TEST_STEP][PASSED] - callTestCase: Call Test Case 'Test Cases/Final Aug 2018 - PKS Automation/Create Employer Acc/Template/Employer Email Getter' successfully

2018-11-16 15:27:29 - [TEST_CASE][PASSED] - Test Cases/Final Aug 2018 - PKS Automation/Create Employer Acc/Template/Employer Email Getter: Test Cases/Final Aug 2018 - PKS Automation/Create Employer Acc/Template/Employer Email Getter

2018-11-16 15:27:29 - [TEST_STEP][PASSED] - Statement - Try: null

2018-11-16 15:27:29 - [TEST_STEP][PASSED] - Statement - EmpEmail = new java.io.File(C://EmpEmail.txt): null

2018-11-16 15:27:29 - [TEST_STEP][PASSED] - Statement - bufferread = new java.io.BufferedReader(new java.io.FileReader(EmpEmail)): null

2018-11-16 15:27:29 - [TEST_STEP][PASSED] - Statement - readedVal = bufferread.readLine(): null

2018-11-16 15:27:29 - [TEST_STEP][PASSED] - Statement - out.println(readedVal): null

2018-11-16 15:27:29 - [TEST_STEP][PASSED] - Statement - Email = readedVal: null

2018-11-16 15:27:29 - [MESSAGE][PASSED] - Call Test Case 'Test Cases/Final Aug 2018 - PKS Automation/Create Employer Acc/Template/Employer Email Getter' successfully

2018-11-16 15:27:29 - [TEST_STEP][PASSED] - setText: Text 'perkeso419472480115@gmail.com' is set on object 'Object Repository/Final Object Repo/Login Page/External Login Page/Email'

2018-11-16 15:27:30 - [MESSAGE][PASSED] - Text 'perkeso419472480115@gmail.com' is set on object 'Object Repository/Final Object Repo/Login Page/External Login Page/Email'

2018-11-16 15:27:30 - [TEST_STEP][PASSED] - click: Object: 'Object Repository/Final Object Repo/Login Page/External Login Page/Next' is clicked on

2018-11-16 15:27:30 - [MESSAGE][PASSED] - Object: 'Object Repository/Final Object Repo/Login Page/External Login Page/Next' is clicked on

2018-11-16 15:27:30 - [TEST_STEP][PASSED] - delay: Delayed 3 second(s)

2018-11-16 15:27:33 - [MESSAGE][PASSED] - Delayed 3 second(s)

2018-11-16 15:27:33 - [TEST_STEP][PASSED] - setEncryptedText: Text ****** has been set on object 'Object Repository/Final Object Repo/Login Page/External Login Page/Password'

2018-11-16 15:27:33 - [MESSAGE][PASSED] - Text ****** has been set on object 'Object Repository/Final Object Repo/Login Page/External Login Page/Password'

2018-11-16 15:27:33 - [TEST_STEP][PASSED] - click: Object: 'Object Repository/Final Object Repo/Login Page/External Login Page/Login' is clicked on

2018-11-16 15:27:38 - [MESSAGE][PASSED] - Object: 'Object Repository/Final Object Repo/Login Page/External Login Page/Login' is clicked on

2018-11-16 15:27:38 - [TEST_STEP][PASSED] - delay: Delayed 5 second(s)

2018-11-16 15:27:43 - [MESSAGE][PASSED] - Delayed 5 second(s)

2018-11-16 15:27:43 - [MESSAGE][PASSED] - Call Test Case 'Test Cases/Final Aug 2018 - PKS Automation/Create Employer Acc/Login to Employer Account (Second time)' successfully

2018-11-16 15:27:43 - [TEST_STEP][PASSED] - delay: Delayed 4 second(s)

2018-11-16 15:27:47 - [MESSAGE][PASSED] - Delayed 4 second(s)

2018-11-16 15:27:47 - [TEST_STEP][PASSED] - Statement - Try: Delayed 2 second(s)

2018-11-16 15:27:47 - [TEST_STEP][PASSED] - Statement - Checker = false: null

2018-11-16 15:27:47 - [TEST_STEP][PASSED] - Statement - Checker = com.kms.katalon.core.webui.keyword.WebUiBuiltInKeywords.verifyElementHasAttribute(com.kms.katalon.core.testobject.ObjectRepository.findTestObject(Final Object Repo/Landing Page/BM Detecting), "href", 20, OPTIONAL): Object 'Object Repository/Final Object Repo/Landing Page/BM Detecting' has attribute 'href'

2018-11-16 15:27:47 - [MESSAGE][PASSED] - Object 'Object Repository/Final Object Repo/Landing Page/BM Detecting' has attribute 'href'

2018-11-16 15:27:47 - [TEST_STEP][PASSED] - Statement - out.println(Checker): null

2018-11-16 15:27:47 - [TEST_STEP][PASSED] - Statement - If (Checker == false): null

2018-11-16 15:27:47 - [TEST_STEP][PASSED] - Statement - Else: null

2018-11-16 15:27:47 - [TEST_STEP][PASSED] - delay: Delayed 2 second(s)

2018-11-16 15:27:49 - [MESSAGE][PASSED] - Delayed 2 second(s)

2018-11-16 15:27:49 - [TEST_STEP][PASSED] - delay: Delayed 4 second(s)

2018-11-16 15:27:53 - [MESSAGE][PASSED] - Delayed 4 second(s)

2018-11-16 15:27:53 - [TEST_STEP][PASSED] - click: Object: 'Object Repository/Final Object Repo/Landing Page/My Sites Drop Down' is clicked on

2018-11-16 15:27:54 - [MESSAGE][PASSED] - Object: 'Object Repository/Final Object Repo/Landing Page/My Sites Drop Down' is clicked on

2018-11-16 15:27:54 - [TEST_STEP][PASSED] - click: Object: 'Object Repository/Final Object Repo/Landing Page/Select to Registration Module' is clicked on

2018-11-16 15:27:57 - [MESSAGE][PASSED] - Object: 'Object Repository/Final Object Repo/Landing Page/Select to Registration Module' is clicked on

2018-11-16 15:27:57 - [TEST_STEP][PASSED] - click: Object: 'Object Repository/Final Object Repo/Landing Page/Registration Button' is clicked on

2018-11-16 15:27:59 - [MESSAGE][PASSED] - Object: 'Object Repository/Final Object Repo/Landing Page/Registration Button' is clicked on

2018-11-16 15:27:59 - [TEST_STEP][PASSED] - delay: Delayed 2 second(s)

2018-11-16 15:28:01 - [MESSAGE][PASSED] - Delayed 2 second(s)

2018-11-16 15:28:01 - [TEST_STEP][PASSED] - click: Object: 'Object Repository/Final Object Repo/New Registration - Registration Module Pages/New Reg - OTC to RO/Special Case - OTC - Form 1/AEC NO' is clicked on

2018-11-16 15:28:02 - [MESSAGE][PASSED] - Object: 'Object Repository/Final Object Repo/New Registration - Registration Module Pages/New Reg - OTC to RO/Special Case - OTC - Form 1/AEC NO' is clicked on

2018-11-16 15:28:02 - [TEST_STEP][PASSED] - click: Object: 'Object Repository/Final Object Repo/New Registration - Registration Module Pages/New Reg - OTC to RO/Special Case - OTC - Form 1/Business Entity - Please Select' is clicked on

2018-11-16 15:28:02 - [MESSAGE][PASSED] - Object: 'Object Repository/Final Object Repo/New Registration - Registration Module Pages/New Reg - OTC to RO/Special Case - OTC - Form 1/Business Entity - Please Select' is clicked on

2018-11-16 15:28:02 - [TEST_STEP][PASSED] - click: Object: 'Object Repository/Final Object Repo/New Registration - Registration Module Pages/New Reg - OTC to RO/Special Case - OTC - Form 1/Selected - Corporation' is clicked on

2018-11-16 15:28:03 - [MESSAGE][PASSED] - Object: 'Object Repository/Final Object Repo/New Registration - Registration Module Pages/New Reg - OTC to RO/Special Case - OTC - Form 1/Selected - Corporation' is clicked on

2018-11-16 15:28:03 - [TEST_STEP][PASSED] - delay: Delayed 2 second(s)

2018-11-16 15:28:05 - [MESSAGE][PASSED] - Delayed 2 second(s)

2018-11-16 15:28:05 - [TEST_STEP][PASSED] - click: Object: 'Object Repository/Final Object Repo/New Registration - Registration Module Pages/New Reg - OTC to RO/Special Case - OTC - Form 1/Sub Business Entity - Please Select' is clicked on

2018-11-16 15:28:05 - [MESSAGE][PASSED] - Object: 'Object Repository/Final Object Repo/New Registration - Registration Module Pages/New Reg - OTC to RO/Special Case - OTC - Form 1/Sub Business Entity - Please Select' is clicked on

2018-11-16 15:28:05 - [TEST_STEP][PASSED] - delay: Delayed 2 second(s)

2018-11-16 15:28:07 - [MESSAGE][PASSED] - Delayed 2 second(s)

2018-11-16 15:28:07 - [TEST_STEP][PASSED] - click: Object: 'Object Repository/Final Object Repo/New Registration - Registration Module Pages/New Reg - OTC to RO/Special Case - OTC - Form 1/Selected - Sendirian Berhad' is clicked on

2018-11-16 15:28:08 - [MESSAGE][PASSED] - Object: 'Object Repository/Final Object Repo/New Registration - Registration Module Pages/New Reg - OTC to RO/Special Case - OTC - Form 1/Selected - Sendirian Berhad' is clicked on

2018-11-16 15:28:08 - [TEST_STEP][PASSED] - setText: Text 'AUTOMATE001' is set on object 'Object Repository/Final Object Repo/New Registration - Registration Module Pages/New Reg - OTC to RO/Special Case - OTC - Form 1/Input BRN Number'

2018-11-16 15:28:08 - [MESSAGE][PASSED] - Text 'AUTOMATE001' is set on object 'Object Repository/Final Object Repo/New Registration - Registration Module Pages/New Reg - OTC to RO/Special Case - OTC - Form 1/Input BRN Number'

2018-11-16 15:28:08 - [TEST_STEP][PASSED] - delay: Delayed 2 second(s)

2018-11-16 15:28:10 - [MESSAGE][PASSED] - Delayed 2 second(s)

2018-11-16 15:28:10 - [TEST_STEP][PASSED] - click: Object: 'Object Repository/Final Object Repo/New Registration - Registration Module Pages/New Reg - OTC to RO/Special Case - OTC - Form 1/BRN Search' is clicked on

2018-11-16 15:28:10 - [MESSAGE][PASSED] - Object: 'Object Repository/Final Object Repo/New Registration - Registration Module Pages/New Reg - OTC to RO/Special Case - OTC - Form 1/BRN Search' is clicked on

2018-11-16 15:28:10 - [TEST_STEP][PASSED] - delay: Delayed 4 second(s)

2018-11-16 15:28:14 - [MESSAGE][PASSED] - Delayed 4 second(s)

2018-11-16 15:28:14 - [TEST_STEP][PASSED] - click: Object: 'Object Repository/Final Object Repo/New Registration - Registration Module Pages/New Reg - OTC to RO/Special Case - OTC - Form 1/Registered with SSM - After Feb 2017' is clicked on

2018-11-16 15:28:15 - [MESSAGE][PASSED] - Object: 'Object Repository/Final Object Repo/New Registration - Registration Module Pages/New Reg - OTC to RO/Special Case - OTC - Form 1/Registered with SSM - After Feb 2017' is clicked on

2018-11-16 15:28:15 - [TEST_STEP][PASSED] - delay: Delayed 2 second(s)

2018-11-16 15:28:17 - [MESSAGE][PASSED] - Delayed 2 second(s)

2018-11-16 15:28:17 - [TEST_STEP][PASSED] - click: Object: 'Object Repository/Final Object Repo/New Registration - Registration Module Pages/Form 1/Registered As a Branch - Yes' is clicked on

2018-11-16 15:28:17 - [MESSAGE][PASSED] - Object: 'Object Repository/Final Object Repo/New Registration - Registration Module Pages/Form 1/Registered As a Branch - Yes' is clicked on

2018-11-16 15:28:17 - [TEST_STEP][PASSED] - click: Object: 'Object Repository/Final Object Repo/New Registration - Registration Module Pages/New Reg - OTC to RO/Special Case - OTC - Form 1/Acknowledgement Ticked' is clicked on

2018-11-16 15:28:17 - [MESSAGE][PASSED] - Object: 'Object Repository/Final Object Repo/New Registration - Registration Module Pages/New Reg - OTC to RO/Special Case - OTC - Form 1/Acknowledgement Ticked' is clicked on

2018-11-16 15:28:17 - [TEST_STEP][PASSED] - setText: Text 'perkeso419472480115@gmail.com' is set on object 'Object Repository/Final Object Repo/New Registration - Registration Module Pages/Form 1/Email'

2018-11-16 15:28:18 - [MESSAGE][PASSED] - Text 'perkeso419472480115@gmail.com' is set on object 'Object Repository/Final Object Repo/New Registration - Registration Module Pages/Form 1/Email'

2018-11-16 15:28:18 - [TEST_STEP][PASSED] - click: Object: 'Object Repository/Final Object Repo/New Registration - Registration Module Pages/New Reg - OTC to RO/Special Case - OTC - Form 1/Submit Button' is clicked on

2018-11-16 15:28:19 - [MESSAGE][PASSED] - Object: 'Object Repository/Final Object Repo/New Registration - Registration Module Pages/New Reg - OTC to RO/Special Case - OTC - Form 1/Submit Button' is clicked on

2018-11-16 15:28:19 - [TEST_STEP][PASSED] - callTestCase: Call Test Case 'Test Cases/Final Aug 2018 - PKS Automation/Registration Module/New Registration/Form 2/Add 1 Eligible - Employer Account Use' successfully

2018-11-16 15:28:19 - [TEST_CASE][PASSED] - Test Cases/Final Aug 2018 - PKS Automation/Registration Module/New Registration/Form 2/Add 1 Eligible - Employer Account Use: Test Cases/Final Aug 2018 - PKS Automation/Registration Module/New Registration/Form 2/Add 1 Eligible - Employer Account Use

2018-11-16 15:28:19 - [TEST_STEP][PASSED] - delay: Delayed 2 second(s)

2018-11-16 15:28:21 - [MESSAGE][PASSED] - Delayed 2 second(s)

2018-11-16 15:28:21 - [TEST_STEP][PASSED] - callTestCase: Call Test Case 'Test Cases/Final Aug 2018 - PKS Automation/Registration Module/New Registration/Form 2/Date Updater' successfully

2018-11-16 15:28:21 - [TEST_CASE][PASSED] - Test Cases/Final Aug 2018 - PKS Automation/Registration Module/New Registration/Form 2/Date Updater: Test Cases/Final Aug 2018 - PKS Automation/Registration Module/New Registration/Form 2/Date Updater

2018-11-16 15:28:21 - [TEST_STEP][PASSED] - Statement - TodayDate = new java.util.Date(): null

2018-11-16 15:28:21 - [TEST_STEP][PASSED] - Statement - CurrentDateNoFilter = new java.text.SimpleDateFormat(): null

2018-11-16 15:28:21 - [TEST_STEP][PASSED] - Statement - CurrentDateNoFilter.applyPattern("dd"): null

2018-11-16 15:28:21 - [TEST_STEP][PASSED] - Statement - CurrentDate = CurrentDateNoFilter.format(TodayDate): null

2018-11-16 15:28:21 - [TEST_STEP][PASSED] - Statement - CurrentDate = java.lang.Integer.parseInt(CurrentDate): null

2018-11-16 15:28:21 - [TEST_STEP][PASSED] - Statement - CurrentDate = CurrentDate: null

2018-11-16 15:28:21 - [TEST_STEP][PASSED] - Statement - CurrentDay = java.lang.Integer.parseInt(CurrentDate): null

2018-11-16 15:28:21 - [TEST_STEP][PASSED] - Statement - aDayBefore = CurrentDay + 1: null

2018-11-16 15:28:21 - [TEST_STEP][PASSED] - Statement - DayBefore = aDayBefore.toString(): null

2018-11-16 15:28:21 - [TEST_STEP][PASSED] - Statement - OneDayBefore = DayBefore: null

2018-11-16 15:28:21 - [TEST_STEP][PASSED] - Statement - CurrentDateNoFilter.applyPattern("MM"): null

2018-11-16 15:28:21 - [TEST_STEP][PASSED] - Statement - monthContainerMatcher = java.lang.Integer.parseInt(CurrentDateNoFilter.format(TodayDate)): null

2018-11-16 15:28:21 - [TEST_STEP][PASSED] - Statement - monthContainerMatcher = monthContainerMatcher - 1: null

2018-11-16 15:28:21 - [TEST_STEP][PASSED] - Statement - CurrentMonth = monthContainerMatcher.toString(): null

2018-11-16 15:28:21 - [TEST_STEP][PASSED] - Statement - CurrentMonth = CurrentMonth: null

2018-11-16 15:28:21 - [TEST_STEP][PASSED] - Statement - CurrentDateNoFilter.applyPattern("yyyy"): null

2018-11-16 15:28:21 - [TEST_STEP][PASSED] - Statement - CurrentYear = CurrentDateNoFilter.format(TodayDate): null

2018-11-16 15:28:21 - [TEST_STEP][PASSED] - Statement - CurrentYear = CurrentYear: null

2018-11-16 15:28:21 - [TEST_STEP][PASSED] - Statement - intCurrentYear = java.lang.Integer.parseInt(CurrentDateNoFilter.format(TodayDate)): null

2018-11-16 15:28:21 - [TEST_STEP][PASSED] - Statement - eighteenYrsAgo = intCurrentYear - 18: null

2018-11-16 15:28:21 - [TEST_STEP][PASSED] - Statement - eighteenYrsBeforeThisYr = eighteenYrsAgo.toString(): null

2018-11-16 15:28:21 - [TEST_STEP][PASSED] - Statement - EighteenYrsBefore = eighteenYrsBeforeThisYr: null

2018-11-16 15:28:21 - [TEST_STEP][PASSED] - Statement - fiftysevenYrsAgo = intCurrentYear - 57: null

2018-11-16 15:28:21 - [TEST_STEP][PASSED] - Statement - fiftysevenYrsBeforeThisYr = fiftysevenYrsAgo.toString(): null

2018-11-16 15:28:21 - [TEST_STEP][PASSED] - Statement - FiftysevenYrsBefore = fiftysevenYrsBeforeThisYr: null

2018-11-16 15:28:21 - [MESSAGE][PASSED] - Call Test Case 'Test Cases/Final Aug 2018 - PKS Automation/Registration Module/New Registration/Form 2/Date Updater' successfully

2018-11-16 15:28:21 - [TEST_STEP][PASSED] - delay: Delayed 1 second(s)

2018-11-16 15:28:22 - [MESSAGE][PASSED] - Delayed 1 second(s)

2018-11-16 15:28:22 - [TEST_STEP][PASSED] - Statement - CaseReferenceNo = com.kms.katalon.core.webui.keyword.WebUiBuiltInKeywords.getText(com.kms.katalon.core.testobject.ObjectRepository.findTestObject(Final Object Repo/New Registration - Registration Module Pages/Form 2/RefNo Acquiring)): Text of object 'Object Repository/Final Object Repo/New Registration - Registration Module Pages/Form 2/RefNo Acquiring' is: 'CRN11201800122536'

2018-11-16 15:28:22 - [MESSAGE][PASSED] - Text of object 'Object Repository/Final Object Repo/New Registration - Registration Module Pages/Form 2/RefNo Acquiring' is: 'CRN11201800122536'

2018-11-16 15:28:22 - [TEST_STEP][PASSED] - delay: Delayed 1 second(s)

2018-11-16 15:28:23 - [MESSAGE][PASSED] - Delayed 1 second(s)

2018-11-16 15:28:23 - [TEST_STEP][PASSED] - click: Object: 'Object Repository/Final Object Repo/New Registration - Registration Module Pages/Form 2/Add Employee Button' is clicked on

2018-11-16 15:28:24 - [MESSAGE][PASSED] - Object: 'Object Repository/Final Object Repo/New Registration - Registration Module Pages/Form 2/Add Employee Button' is clicked on

2018-11-16 15:28:24 - [TEST_STEP][PASSED] - delay: Delayed 1 second(s)

2018-11-16 15:28:25 - [MESSAGE][PASSED] - Delayed 1 second(s)

2018-11-16 15:28:25 - [TEST_STEP][PASSED] - setText: Text '010903091948' is set on object 'Object Repository/Final Object Repo/New Registration - Registration Module Pages/Form 2/NRIC Input'

2018-11-16 15:28:25 - [MESSAGE][PASSED] - Text '010903091948' is set on object 'Object Repository/Final Object Repo/New Registration - Registration Module Pages/Form 2/NRIC Input'

2018-11-16 15:28:25 - [TEST_STEP][PASSED] - delay: Delayed 2 second(s)

2018-11-16 15:28:27 - [MESSAGE][PASSED] - Delayed 2 second(s)

2018-11-16 15:28:27 - [TEST_STEP][PASSED] - setText: Text 'Automate001 eligible 1' is set on object 'Object Repository/Final Object Repo/New Registration - Registration Module Pages/Form 2/Employee Name Input'

2018-11-16 15:28:27 - [MESSAGE][PASSED] - Text 'Automate001 eligible 1' is set on object 'Object Repository/Final Object Repo/New Registration - Registration Module Pages/Form 2/Employee Name Input'

2018-11-16 15:28:27 - [TEST_STEP][PASSED] - delay: Delayed 2 second(s)

2018-11-16 15:28:29 - [MESSAGE][PASSED] - Delayed 2 second(s)

2018-11-16 15:28:29 - [TEST_STEP][PASSED] - click: Object: 'Object Repository/Final Object Repo/New Registration - Registration Module Pages/Form 2/DatePicker Pop Up' is clicked on

2018-11-16 15:28:30 - [MESSAGE][PASSED] - Object: 'Object Repository/Final Object Repo/New Registration - Registration Module Pages/Form 2/DatePicker Pop Up' is clicked on

2018-11-16 15:28:30 - [TEST_STEP][PASSED] - click: Object: 'Object Repository/Final Object Repo/New Registration - Registration Module Pages/Form 2/DOB Month' is clicked on

2018-11-16 15:28:30 - [MESSAGE][PASSED] - Object: 'Object Repository/Final Object Repo/New Registration - Registration Module Pages/Form 2/DOB Month' is clicked on

2018-11-16 15:28:30 - [TEST_STEP][PASSED] - Statement - CurrentMonth = CurrentMonth: null

2018-11-16 15:28:30 - [TEST_STEP][PASSED] - Statement - selectMonth = new com.kms.katalon.core.testobject.TestObject(): null

2018-11-16 15:28:30 - [TEST_STEP][PASSED] - Statement - selectMonth.addProperty("xpath", EQUALS, "//body/div/div/div/select/option[@value='" + CurrentMonth + "']", true): null

2018-11-16 15:28:30 - [TEST_STEP][PASSED] - click: Object: '' is clicked on

2018-11-16 15:28:30 - [MESSAGE][PASSED] - Object: '' is clicked on

2018-11-16 15:28:30 - [TEST_STEP][PASSED] - click: Object: 'Object Repository/Final Object Repo/New Registration - Registration Module Pages/Form 2/DOB Year' is clicked on

2018-11-16 15:28:31 - [MESSAGE][PASSED] - Object: 'Object Repository/Final Object Repo/New Registration - Registration Module Pages/Form 2/DOB Year' is clicked on

2018-11-16 15:28:31 - [TEST_STEP][PASSED] - Statement - Eyearsbf = EighteenYrsBefore: null

2018-11-16 15:28:31 - [TEST_STEP][PASSED] - Statement - selectYear = new com.kms.katalon.core.testobject.TestObject(): null

2018-11-16 15:28:31 - [TEST_STEP][PASSED] - Statement - selectYear.addProperty("xpath", EQUALS, "//div/div/div/select/option[@value='" + Eyearsbf + "']", true): null

2018-11-16 15:28:31 - [TEST_STEP][PASSED] - click: Object: '' is clicked on

2018-11-16 15:28:31 - [MESSAGE][PASSED] - Object: '' is clicked on

2018-11-16 15:28:31 - [TEST_STEP][PASSED] - Statement - UpdatedSelectDate = com.kms.katalon.core.webui.keyword.WebUiBuiltInKeywords.modifyObjectProperty(com.kms.katalon.core.testobject.ObjectRepository.findTestObject(Final Object Repo/New Registration - Registration Module Pages/Form 2/DOB Date), "xpath", "equals", "//body/div/table/tbody/tr/td/a[text()="" + CurrentDate + ""]", true): Modify property of object successfully

2018-11-16 15:28:31 - [MESSAGE][PASSED] - Modify property of object successfully

2018-11-16 15:28:31 - [TEST_STEP][PASSED] - delay: Delayed 3 second(s)

2018-11-16 15:28:34 - [MESSAGE][PASSED] - Delayed 3 second(s)

2018-11-16 15:28:34 - [TEST_STEP][PASSED] - click: Object: 'Object Repository/Final Object Repo/New Registration - Registration Module Pages/Form 2/DOB Date' is clicked on

2018-11-16 15:28:34 - [MESSAGE][PASSED] - Object: 'Object Repository/Final Object Repo/New Registration - Registration Module Pages/Form 2/DOB Date' is clicked on

2018-11-16 15:28:34 - [TEST_STEP][PASSED] - delay: Delayed 2 second(s)

2018-11-16 15:28:36 - [MESSAGE][PASSED] - Delayed 2 second(s)

2018-11-16 15:28:36 - [TEST_STEP][PASSED] - click: Object: 'Object Repository/Final Object Repo/New Registration - Registration Module Pages/Form 2/EmploymentStartDate Pop Up' is clicked on

2018-11-16 15:28:37 - [MESSAGE][PASSED] - Object: 'Object Repository/Final Object Repo/New Registration - Registration Module Pages/Form 2/EmploymentStartDate Pop Up' is clicked on

2018-11-16 15:28:37 - [TEST_STEP][PASSED] - delay: Delayed 2 second(s)

2018-11-16 15:28:39 - [MESSAGE][PASSED] - Delayed 2 second(s)

2018-11-16 15:28:39 - [TEST_STEP][PASSED] - click: Object: 'Object Repository/Final Object Repo/New Registration - Registration Module Pages/Form 2/Socso Employment StartDate Month' is clicked on

2018-11-16 15:28:40 - [MESSAGE][PASSED] - Object: 'Object Repository/Final Object Repo/New Registration - Registration Module Pages/Form 2/Socso Employment StartDate Month' is clicked on

2018-11-16 15:28:40 - [TEST_STEP][PASSED] - delay: Delayed 1 second(s)

2018-11-16 15:28:41 - [MESSAGE][PASSED] - Delayed 1 second(s)

2018-11-16 15:28:41 - [TEST_STEP][PASSED] - click: Object: 'Object Repository/Final Object Repo/New Registration - Registration Module Pages/Form 2/Select Socso Employement Startdate Month' is clicked on

2018-11-16 15:28:41 - [MESSAGE][PASSED] - Object: 'Object Repository/Final Object Repo/New Registration - Registration Module Pages/Form 2/Select Socso Employement Startdate Month' is clicked on

2018-11-16 15:28:41 - [TEST_STEP][PASSED] - delay: Delayed 2 second(s)

2018-11-16 15:28:43 - [MESSAGE][PASSED] - Delayed 2 second(s)

2018-11-16 15:28:43 - [TEST_STEP][PASSED] - click: Object: 'Object Repository/Final Object Repo/New Registration - Registration Module Pages/Form 2/Socso Employment StartDate Year' is clicked on

2018-11-16 15:28:43 - [MESSAGE][PASSED] - Object: 'Object Repository/Final Object Repo/New Registration - Registration Module Pages/Form 2/Socso Employment StartDate Year' is clicked on

2018-11-16 15:28:43 - [TEST_STEP][PASSED] - delay: Delayed 1 second(s)

2018-11-16 15:28:44 - [MESSAGE][PASSED] - Delayed 1 second(s)

2018-11-16 15:28:44 - [TEST_STEP][PASSED] - click: Object: 'Object Repository/Final Object Repo/New Registration - Registration Module Pages/Form 2/Select Socso Employment Startdate Year' is clicked on

2018-11-16 15:28:45 - [MESSAGE][PASSED] - Object: 'Object Repository/Final Object Repo/New Registration - Registration Module Pages/Form 2/Select Socso Employment Startdate Year' is clicked on

2018-11-16 15:28:45 - [TEST_STEP][PASSED] - delay: Delayed 2 second(s)

2018-11-16 15:28:47 - [MESSAGE][PASSED] - Delayed 2 second(s)

2018-11-16 15:28:47 - [TEST_STEP][PASSED] - click: Object: 'Object Repository/Final Object Repo/New Registration - Registration Module Pages/Form 2/Socso Employment Start Date Day' is clicked on

2018-11-16 15:28:47 - [MESSAGE][PASSED] - Object: 'Object Repository/Final Object Repo/New Registration - Registration Module Pages/Form 2/Socso Employment Start Date Day' is clicked on

2018-11-16 15:28:47 - [TEST_STEP][PASSED] - delay: Delayed 2 second(s)

2018-11-16 15:28:49 - [MESSAGE][PASSED] - Delayed 2 second(s)

2018-11-16 15:28:49 - [TEST_STEP][PASSED] - click: Object: 'Object Repository/Final Object Repo/New Registration - Registration Module Pages/Form 2/Save Button for Add Employee' is clicked on

2018-11-16 15:28:49 - [MESSAGE][PASSED] - Object: 'Object Repository/Final Object Repo/New Registration - Registration Module Pages/Form 2/Save Button for Add Employee' is clicked on

2018-11-16 15:28:49 - [TEST_STEP][PASSED] - delay: Delayed 6 second(s)

2018-11-16 15:28:55 - [MESSAGE][PASSED] - Delayed 6 second(s)

2018-11-16 15:28:55 - [TEST_STEP][PASSED] - click: Object: 'Object Repository/Final Object Repo/New Registration - Registration Module Pages/Form 2/Save and Continue Form 2' is clicked on

2018-11-16 15:28:57 - [MESSAGE][PASSED] - Object: 'Object Repository/Final Object Repo/New Registration - Registration Module Pages/Form 2/Save and Continue Form 2' is clicked on

2018-11-16 15:28:57 - [MESSAGE][PASSED] - Call Test Case 'Test Cases/Final Aug 2018 - PKS Automation/Registration Module/New Registration/Form 2/Add 1 Eligible - Employer Account Use' successfully

2018-11-16 15:28:57 - [TEST_STEP][PASSED] - callTestCase: Call Test Case 'Test Cases/Final Aug 2018 - PKS Automation/Registration Module/New Registration/Flow of New Registration/Third Screen - Upload Supporting Doc - Preview' successfully

2018-11-16 15:28:57 - [TEST_CASE][PASSED] - Test Cases/Final Aug 2018 - PKS Automation/Registration Module/New Registration/Flow of New Registration/Third Screen - Upload Supporting Doc - Preview: Test Cases/Final Aug 2018 - PKS Automation/Registration Module/New Registration/Flow of New Registration/Third Screen - Upload Supporting Doc - Preview

2018-11-16 15:28:57 - [TEST_STEP][PASSED] - waitForPageLoad: Wait for page load successfully

2018-11-16 15:28:57 - [MESSAGE][PASSED] - Wait for page load successfully

2018-11-16 15:28:57 - [TEST_STEP][PASSED] - Statement - CaseReferenceNo = com.kms.katalon.core.webui.keyword.WebUiBuiltInKeywords.getText(com.kms.katalon.core.testobject.ObjectRepository.findTestObject(Final Object Repo/New Registration - Registration Module Pages/Third Screen - Upload Supporting Doc- Preview/RefNo Acquiring)): Text of object 'Object Repository/Final Object Repo/New Registration - Registration Module Pages/Third Screen - Upload Supporting Doc- Preview/RefNo Acquiring' is: 'CRN11201800122536'

2018-11-16 15:28:57 - [MESSAGE][PASSED] - Text of object 'Object Repository/Final Object Repo/New Registration - Registration Module Pages/Third Screen - Upload Supporting Doc- Preview/RefNo Acquiring' is: 'CRN11201800122536'

2018-11-16 15:28:57 - [TEST_STEP][PASSED] - delay: Delayed 2 second(s)

2018-11-16 15:28:59 - [MESSAGE][PASSED] - Delayed 2 second(s)

2018-11-16 15:28:59 - [TEST_STEP][PASSED] - callTestCase: Call Test Case 'Test Cases/Final Aug 2018 - PKS Automation/Common/Reference Number Setter' successfully

2018-11-16 15:28:59 - [TEST_CASE][PASSED] - Test Cases/Final Aug 2018 - PKS Automation/Common/Reference Number Setter: Test Cases/Final Aug 2018 - PKS Automation/Common/Reference Number Setter

2018-11-16 15:28:59 - [TEST_STEP][PASSED] - Statement - RefNoOldFile = new java.io.File(C://KatalonReference.txt): null

2018-11-16 15:28:59 - [TEST_STEP][PASSED] - Statement - RefNoOldFile.delete(): null

2018-11-16 15:28:59 - [TEST_STEP][PASSED] - delay: Delayed 5 second(s)

2018-11-16 15:29:04 - [MESSAGE][PASSED] - Delayed 5 second(s)

2018-11-16 15:29:04 - [TEST_STEP][PASSED] - Statement - RefNo = new java.io.File(C://KatalonReference.txt): null

2018-11-16 15:29:04 - [TEST_STEP][PASSED] - Statement - f2 = new java.io.FileWriter(RefNo, false): null

2018-11-16 15:29:04 - [TEST_STEP][PASSED] - Statement - f2.write(CaseReferenceNo): null

2018-11-16 15:29:04 - [TEST_STEP][PASSED] - Statement - f2.close(): null

2018-11-16 15:29:04 - [TEST_STEP][PASSED] - Statement - out.println("


" + CaseReferenceNo + "


"): null

2018-11-16 15:29:04 - [MESSAGE][PASSED] - Call Test Case 'Test Cases/Final Aug 2018 - PKS Automation/Common/Reference Number Setter' successfully

2018-11-16 15:29:04 - [TEST_STEP][PASSED] - waitForElementClickable: Object 'Object Repository/Final Object Repo/New Registration - Registration Module Pages/Third Screen - Upload Supporting Doc- Preview/Save n Continue in SIP Employee Listing Page' is clickable

2018-11-16 15:29:04 - [MESSAGE][PASSED] - Object 'Object Repository/Final Object Repo/New Registration - Registration Module Pages/Third Screen - Upload Supporting Doc- Preview/Save n Continue in SIP Employee Listing Page' is clickable

2018-11-16 15:29:04 - [TEST_STEP][PASSED] - click: Object: 'Object Repository/Final Object Repo/New Registration - Registration Module Pages/Third Screen - Upload Supporting Doc- Preview/Save n Continue in SIP Employee Listing Page' is clicked on

2018-11-16 15:29:10 - [MESSAGE][PASSED] - Object: 'Object Repository/Final Object Repo/New Registration - Registration Module Pages/Third Screen - Upload Supporting Doc- Preview/Save n Continue in SIP Employee Listing Page' is clicked on

2018-11-16 15:29:10 - [TEST_STEP][PASSED] - delay: Delayed 6 second(s)

2018-11-16 15:29:16 - [MESSAGE][PASSED] - Delayed 6 second(s)

2018-11-16 15:29:16 - [TEST_STEP][PASSED] - click: Object: 'Object Repository/Final Object Repo/New Registration - Registration Module Pages/Third Screen - Upload Supporting Doc- Preview/Add Document Button' is clicked on

2018-11-16 15:29:16 - [MESSAGE][PASSED] - Object: 'Object Repository/Final Object Repo/New Registration - Registration Module Pages/Third Screen - Upload Supporting Doc- Preview/Add Document Button' is clicked on

2018-11-16 15:29:16 - [TEST_STEP][PASSED] - delay: Delayed 30 second(s)

2018-11-16 15:29:46 - [MESSAGE][PASSED] - Delayed 30 second(s)

2018-11-16 15:29:46 - [TEST_STEP][PASSED] - click: Object: 'Object Repository/Final Object Repo/New Registration - Registration Module Pages/Third Screen - Upload Supporting Doc- Preview/Supporting Doc Please Select Drop Down' is clicked on

2018-11-16 15:29:46 - [MESSAGE][PASSED] - Object: 'Object Repository/Final Object Repo/New Registration - Registration Module Pages/Third Screen - Upload Supporting Doc- Preview/Supporting Doc Please Select Drop Down' is clicked on

2018-11-16 15:29:46 - [TEST_STEP][PASSED] - delay: Delayed 2 second(s)

2018-11-16 15:29:48 - [MESSAGE][PASSED] - Delayed 2 second(s)

2018-11-16 15:29:48 - [TEST_STEP][PASSED] - click: Object: 'Object Repository/Final Object Repo/New Registration - Registration Module Pages/Third Screen - Upload Supporting Doc- Preview/Select to Upload Form 1' is clicked on

2018-11-16 15:29:49 - [MESSAGE][PASSED] - Object: 'Object Repository/Final Object Repo/New Registration - Registration Module Pages/Third Screen - Upload Supporting Doc- Preview/Select to Upload Form 1' is clicked on

2018-11-16 15:29:49 - [TEST_STEP][PASSED] - delay: Delayed 2 second(s)

2018-11-16 15:29:51 - [MESSAGE][PASSED] - Delayed 2 second(s)

2018-11-16 15:29:51 - [TEST_STEP][PASSED] - uploadFile: File 'C:\Users\Public\Pictures\Sample Pictures\Act.jpg' sent to object: 'Object Repository/Final Object Repo/New Registration - Registration Module Pages/Third Screen - Upload Supporting Doc- Preview/Upload File Adding'

2018-11-16 15:29:51 - [MESSAGE][PASSED] - File 'C:\Users\Public\Pictures\Sample Pictures\Act.jpg' sent to object: 'Object Repository/Final Object Repo/New Registration - Registration Module Pages/Third Screen - Upload Supporting Doc- Preview/Upload File Adding'

2018-11-16 15:29:51 - [TEST_STEP][PASSED] - delay: Delayed 5 second(s)

2018-11-16 15:29:56 - [MESSAGE][PASSED] - Delayed 5 second(s)

2018-11-16 15:29:56 - [TEST_STEP][PASSED] - click: Object: 'Object Repository/Final Object Repo/New Registration - Registration Module Pages/Third Screen - Upload Supporting Doc- Preview/Inner Form Add Document Button' is clicked on

2018-11-16 15:30:02 - [MESSAGE][PASSED] - Object: 'Object Repository/Final Object Repo/New Registration - Registration Module Pages/Third Screen - Upload Supporting Doc- Preview/Inner Form Add Document Button' is clicked on

2018-11-16 15:30:02 - [TEST_STEP][PASSED] - delay: Delayed 3 second(s)

2018-11-16 15:30:05 - [MESSAGE][PASSED] - Delayed 3 second(s)

2018-11-16 15:30:05 - [TEST_STEP][PASSED] - click: Object: 'Object Repository/Final Object Repo/New Registration - Registration Module Pages/Third Screen - Upload Supporting Doc- Preview/Add Document Button' is clicked on

2018-11-16 15:30:05 - [MESSAGE][PASSED] - Object: 'Object Repository/Final Object Repo/New Registration - Registration Module Pages/Third Screen - Upload Supporting Doc- Preview/Add Document Button' is clicked on

2018-11-16 15:30:05 - [TEST_STEP][PASSED] - delay: Delayed 30 second(s)

2018-11-16 15:30:35 - [MESSAGE][PASSED] - Delayed 30 second(s)

2018-11-16 15:30:35 - [TEST_STEP][PASSED] - click: Object: 'Object Repository/Final Object Repo/New Registration - Registration Module Pages/Third Screen - Upload Supporting Doc- Preview/Supporting Doc Please Select Drop Down' is clicked on

2018-11-16 15:30:36 - [MESSAGE][PASSED] - Object: 'Object Repository/Final Object Repo/New Registration - Registration Module Pages/Third Screen - Upload Supporting Doc- Preview/Supporting Doc Please Select Drop Down' is clicked on

2018-11-16 15:30:36 - [TEST_STEP][PASSED] - delay: Delayed 2 second(s)

2018-11-16 15:30:38 - [MESSAGE][PASSED] - Delayed 2 second(s)

2018-11-16 15:30:38 - [TEST_STEP][PASSED] - click: Object: 'Object Repository/Final Object Repo/New Registration - Registration Module Pages/Third Screen - Upload Supporting Doc- Preview/Select to Upload Form 2' is clicked on

2018-11-16 15:30:39 - [MESSAGE][PASSED] - Object: 'Object Repository/Final Object Repo/New Registration - Registration Module Pages/Third Screen - Upload Supporting Doc- Preview/Select to Upload Form 2' is clicked on

2018-11-16 15:30:39 - [TEST_STEP][PASSED] - delay: Delayed 2 second(s)

2018-11-16 15:30:41 - [MESSAGE][PASSED] - Delayed 2 second(s)

2018-11-16 15:30:41 - [TEST_STEP][PASSED] - uploadFile: File 'C:\Users\Public\Pictures\Sample Pictures\Act.jpg' sent to object: 'Object Repository/Final Object Repo/New Registration - Registration Module Pages/Third Screen - Upload Supporting Doc- Preview/Upload File Adding'

2018-11-16 15:30:41 - [MESSAGE][PASSED] - File 'C:\Users\Public\Pictures\Sample Pictures\Act.jpg' sent to object: 'Object Repository/Final Object Repo/New Registration - Registration Module Pages/Third Screen - Upload Supporting Doc- Preview/Upload File Adding'

2018-11-16 15:30:41 - [TEST_STEP][PASSED] - click: Object: 'Object Repository/Final Object Repo/New Registration - Registration Module Pages/Third Screen - Upload Supporting Doc- Preview/Inner Form Add Document Button' is clicked on

2018-11-16 15:30:46 - [MESSAGE][PASSED] - Object: 'Object Repository/Final Object Repo/New Registration - Registration Module Pages/Third Screen - Upload Supporting Doc- Preview/Inner Form Add Document Button' is clicked on

2018-11-16 15:30:46 - [TEST_STEP][PASSED] - delay: Delayed 4 second(s)

2018-11-16 15:30:50 - [MESSAGE][PASSED] - Delayed 4 second(s)

2018-11-16 15:30:50 - [TEST_STEP][PASSED] - click: Object: 'Object Repository/Final Object Repo/New Registration - Registration Module Pages/Third Screen - Upload Supporting Doc- Preview/Add Document Button' is clicked on

2018-11-16 15:30:50 - [MESSAGE][PASSED] - Object: 'Object Repository/Final Object Repo/New Registration - Registration Module Pages/Third Screen - Upload Supporting Doc- Preview/Add Document Button' is clicked on

2018-11-16 15:30:50 - [TEST_STEP][PASSED] - delay: Delayed 30 second(s)

2018-11-16 15:31:20 - [MESSAGE][PASSED] - Delayed 30 second(s)

2018-11-16 15:31:20 - [TEST_STEP][PASSED] - click: Object: 'Object Repository/Final Object Repo/New Registration - Registration Module Pages/Third Screen - Upload Supporting Doc- Preview/Supporting Doc Please Select Drop Down' is clicked on

2018-11-16 15:31:21 - [MESSAGE][PASSED] - Object: 'Object Repository/Final Object Repo/New Registration - Registration Module Pages/Third Screen - Upload Supporting Doc- Preview/Supporting Doc Please Select Drop Down' is clicked on

2018-11-16 15:31:21 - [TEST_STEP][PASSED] - click: Object: 'Object Repository/Final Object Repo/New Registration - Registration Module Pages/Third Screen - Upload Supporting Doc- Preview/Select to Upload Borang SIP 1' is clicked on

2018-11-16 15:31:21 - [MESSAGE][PASSED] - Object: 'Object Repository/Final Object Repo/New Registration - Registration Module Pages/Third Screen - Upload Supporting Doc- Preview/Select to Upload Borang SIP 1' is clicked on

2018-11-16 15:31:21 - [TEST_STEP][PASSED] - delay: Delayed 2 second(s)

2018-11-16 15:31:23 - [MESSAGE][PASSED] - Delayed 2 second(s)

2018-11-16 15:31:23 - [TEST_STEP][PASSED] - uploadFile: File 'C:\Users\Public\Pictures\Sample Pictures\Act.jpg' sent to object: 'Object Repository/Final Object Repo/New Registration - Registration Module Pages/Third Screen - Upload Supporting Doc- Preview/Upload File Adding'

2018-11-16 15:31:23 - [MESSAGE][PASSED] - File 'C:\Users\Public\Pictures\Sample Pictures\Act.jpg' sent to object: 'Object Repository/Final Object Repo/New Registration - Registration Module Pages/Third Screen - Upload Supporting Doc- Preview/Upload File Adding'

2018-11-16 15:31:23 - [TEST_STEP][PASSED] - click: Object: 'Object Repository/Final Object Repo/New Registration - Registration Module Pages/Third Screen - Upload Supporting Doc- Preview/Inner Form Add Document Button' is clicked on

2018-11-16 15:31:29 - [MESSAGE][PASSED] - Object: 'Object Repository/Final Object Repo/New Registration - Registration Module Pages/Third Screen - Upload Supporting Doc- Preview/Inner Form Add Document Button' is clicked on

2018-11-16 15:31:29 - [TEST_STEP][PASSED] - delay: Delayed 5 second(s)

2018-11-16 15:31:34 - [MESSAGE][PASSED] - Delayed 5 second(s)

2018-11-16 15:31:34 - [TEST_STEP][PASSED] - click: Object: 'Object Repository/Final Object Repo/New Registration - Registration Module Pages/Third Screen - Upload Supporting Doc- Preview/Add Document Button' is clicked on

2018-11-16 15:31:34 - [MESSAGE][PASSED] - Object: 'Object Repository/Final Object Repo/New Registration - Registration Module Pages/Third Screen - Upload Supporting Doc- Preview/Add Document Button' is clicked on

2018-11-16 15:31:34 - [TEST_STEP][PASSED] - delay: Delayed 30 second(s)

2018-11-16 15:32:04 - [MESSAGE][PASSED] - Delayed 30 second(s)

2018-11-16 15:32:04 - [TEST_STEP][PASSED] - click: Object: 'Object Repository/Final Object Repo/New Registration - Registration Module Pages/Third Screen - Upload Supporting Doc- Preview/Supporting Doc Please Select Drop Down' is clicked on

2018-11-16 15:32:04 - [MESSAGE][PASSED] - Object: 'Object Repository/Final Object Repo/New Registration - Registration Module Pages/Third Screen - Upload Supporting Doc- Preview/Supporting Doc Please Select Drop Down' is clicked on

2018-11-16 15:32:04 - [TEST_STEP][PASSED] - delay: Delayed 3 second(s)

2018-11-16 15:32:07 - [MESSAGE][PASSED] - Delayed 3 second(s)

2018-11-16 15:32:07 - [TEST_STEP][PASSED] - click: Object: 'Object Repository/Final Object Repo/New Registration - Registration Module Pages/Third Screen - Upload Supporting Doc- Preview/Select to Upload Borang SIP 2' is clicked on

2018-11-16 15:32:08 - [MESSAGE][PASSED] - Object: 'Object Repository/Final Object Repo/New Registration - Registration Module Pages/Third Screen - Upload Supporting Doc- Preview/Select to Upload Borang SIP 2' is clicked on

2018-11-16 15:32:08 - [TEST_STEP][PASSED] - delay: Delayed 2 second(s)

2018-11-16 15:32:10 - [MESSAGE][PASSED] - Delayed 2 second(s)

2018-11-16 15:32:10 - [TEST_STEP][PASSED] - uploadFile: File 'C:\Users\Public\Pictures\Sample Pictures\Act.jpg' sent to object: 'Object Repository/Final Object Repo/New Registration - Registration Module Pages/Third Screen - Upload Supporting Doc- Preview/Upload File Adding'

2018-11-16 15:32:10 - [MESSAGE][PASSED] - File 'C:\Users\Public\Pictures\Sample Pictures\Act.jpg' sent to object: 'Object Repository/Final Object Repo/New Registration - Registration Module Pages/Third Screen - Upload Supporting Doc- Preview/Upload File Adding'

2018-11-16 15:32:10 - [TEST_STEP][PASSED] - delay: Delayed 5 second(s)

2018-11-16 15:32:15 - [MESSAGE][PASSED] - Delayed 5 second(s)

2018-11-16 15:32:15 - [TEST_STEP][PASSED] - click: Object: 'Object Repository/Final Object Repo/New Registration - Registration Module Pages/Third Screen - Upload Supporting Doc- Preview/Inner Form Add Document Button' is clicked on

2018-11-16 15:32:21 - [MESSAGE][PASSED] - Object: 'Object Repository/Final Object Repo/New Registration - Registration Module Pages/Third Screen - Upload Supporting Doc- Preview/Inner Form Add Document Button' is clicked on

2018-11-16 15:32:21 - [TEST_STEP][PASSED] - delay: Delayed 3 second(s)

2018-11-16 15:32:24 - [MESSAGE][PASSED] - Delayed 3 second(s)

2018-11-16 15:32:24 - [TEST_STEP][PASSED] - waitForElementClickable: Object 'Object Repository/Final Object Repo/New Registration - Registration Module Pages/Third Screen - Upload Supporting Doc- Preview/Save n Continue in Uploading Supporting Doc Page' is clickable

2018-11-16 15:32:24 - [MESSAGE][PASSED] - Object 'Object Repository/Final Object Repo/New Registration - Registration Module Pages/Third Screen - Upload Supporting Doc- Preview/Save n Continue in Uploading Supporting Doc Page' is clickable

2018-11-16 15:32:24 - [TEST_STEP][PASSED] - click: Object: 'Object Repository/Final Object Repo/New Registration - Registration Module Pages/Third Screen - Upload Supporting Doc- Preview/Save n Continue in Uploading Supporting Doc Page' is clicked on

2018-11-16 15:32:28 - [MESSAGE][PASSED] - Object: 'Object Repository/Final Object Repo/New Registration - Registration Module Pages/Third Screen - Upload Supporting Doc- Preview/Save n Continue in Uploading Supporting Doc Page' is clicked on

2018-11-16 15:32:28 - [MESSAGE][PASSED] - Call Test Case 'Test Cases/Final Aug 2018 - PKS Automation/Registration Module/New Registration/Flow of New Registration/Third Screen - Upload Supporting Doc - Preview' successfully

2018-11-16 15:32:28 - [TEST_STEP][PASSED] - setText: Text 'Tester' is set on object 'Object Repository/Final Object Repo/New Registration - Registration Module Pages/New Reg - OTC to RO/Special Case - All Related Objects/Employer Preview Name'

2018-11-16 15:32:28 - [MESSAGE][PASSED] - Text 'Tester' is set on object 'Object Repository/Final Object Repo/New Registration - Registration Module Pages/New Reg - OTC to RO/Special Case - All Related Objects/Employer Preview Name'

2018-11-16 15:32:29 - [TEST_STEP][PASSED] - click: Object: 'Object Repository/Final Object Repo/New Registration - Registration Module Pages/New Reg - OTC to RO/Special Case - All Related Objects/IC Type Drop Down' is clicked on

2018-11-16 15:32:29 - [MESSAGE][PASSED] - Object: 'Object Repository/Final Object Repo/New Registration - Registration Module Pages/New Reg - OTC to RO/Special Case - All Related Objects/IC Type Drop Down' is clicked on

2018-11-16 15:32:29 - [TEST_STEP][PASSED] - click: Object: 'Object Repository/Final Object Repo/New Registration - Registration Module Pages/New Reg - OTC to RO/Special Case - All Related Objects/Select to NRIC' is clicked on

2018-11-16 15:32:30 - [MESSAGE][PASSED] - Object: 'Object Repository/Final Object Repo/New Registration - Registration Module Pages/New Reg - OTC to RO/Special Case - All Related Objects/Select to NRIC' is clicked on

2018-11-16 15:32:30 - [TEST_STEP][PASSED] - setText: Text '133245561223' is set on object 'Object Repository/Final Object Repo/New Registration - Registration Module Pages/New Reg - OTC to RO/Special Case - All Related Objects/IC Value'

2018-11-16 15:32:30 - [MESSAGE][PASSED] - Text '133245561223' is set on object 'Object Repository/Final Object Repo/New Registration - Registration Module Pages/New Reg - OTC to RO/Special Case - All Related Objects/IC Value'

2018-11-16 15:32:30 - [TEST_STEP][PASSED] - setText: Text 'Auto' is set on object 'Object Repository/Final Object Repo/New Registration - Registration Module Pages/New Reg - OTC to RO/Special Case - All Related Objects/Designation'

2018-11-16 15:32:30 - [MESSAGE][PASSED] - Text 'Auto' is set on object 'Object Repository/Final Object Repo/New Registration - Registration Module Pages/New Reg - OTC to RO/Special Case - All Related Objects/Designation'

2018-11-16 15:32:30 - [TEST_STEP][PASSED] - callTestCase: Call Test Case 'Test Cases/Final Aug 2018 - PKS Automation/Registration Module/New Registration/Submit and Screenshot/Submit Registration and Screenshot - Copy' successfully

2018-11-16 15:32:30 - [TEST_CASE][PASSED] - Test Cases/Final Aug 2018 - PKS Automation/Registration Module/New Registration/Submit and Screenshot/Submit Registration and Screenshot - Copy: Test Cases/Final Aug 2018 - PKS Automation/Registration Module/New Registration/Submit and Screenshot/Submit Registration and Screenshot - Copy

2018-11-16 15:32:30 - [TEST_STEP][PASSED] - delay: Delayed 6 second(s)

2018-11-16 15:32:36 - [MESSAGE][PASSED] - Delayed 6 second(s)

2018-11-16 15:32:36 - [TEST_STEP][PASSED] - click: Object: 'Object Repository/Final Object Repo/New Registration - Registration Module Pages/Third Screen - Upload Supporting Doc- Preview/Preview Submit Button' is clicked on

2018-11-16 15:32:36 - [MESSAGE][PASSED] - Object: 'Object Repository/Final Object Repo/New Registration - Registration Module Pages/Third Screen - Upload Supporting Doc- Preview/Preview Submit Button' is clicked on

2018-11-16 15:32:36 - [TEST_STEP][PASSED] - delay: Delayed 2 second(s)

2018-11-16 15:32:38 - [MESSAGE][PASSED] - Delayed 2 second(s)

2018-11-16 15:32:38 - [TEST_STEP][PASSED] - click: Object: 'Object Repository/Final Object Repo/New Registration - Registration Module Pages/Third Screen - Upload Supporting Doc- Preview/Preview Submit - Confirm' is clicked on

2018-11-16 15:32:44 - [MESSAGE][PASSED] - Object: 'Object Repository/Final Object Repo/New Registration - Registration Module Pages/Third Screen - Upload Supporting Doc- Preview/Preview Submit - Confirm' is clicked on

2018-11-16 15:32:44 - [TEST_STEP][PASSED] - delay: Delayed 15 second(s)

2018-11-16 15:32:59 - [MESSAGE][PASSED] - Delayed 15 second(s)

2018-11-16 15:32:59 - [TEST_STEP][PASSED] - Statement - driver = com.kms.katalon.core.webui.driver.DriverFactory.getWebDriver(): null

2018-11-16 15:32:59 - [TEST_STEP][PASSED] - Statement - driver.manage().timeouts().implicitlyWait(10, SECONDS): null

2018-11-16 15:32:59 - [TEST_STEP][PASSED] - Statement - PresavePath = KatalonScreenshots: null

2018-11-16 15:32:59 - [TEST_STEP][PASSED] - Statement - pathPrefix = "C:\Users\Public\Pictures\Sample Pictures\Katalon Screenshots\Automate Ending Screen": null

2018-11-16 15:32:59 - [TEST_STEP][PASSED] - Statement - finalPath = <not implemented yet for class: org.codehaus.groovy.ast.expr.EmptyExpression>: null

2018-11-16 15:32:59 - [TEST_STEP][PASSED] - Statement - scrFile = driver.getScreenshotAs(FILE): null

2018-11-16 15:32:59 - [TEST_STEP][PASSED] - Statement - PreSaveFile = new java.io.File(PresavePath): null

2018-11-16 15:32:59 - [TEST_STEP][PASSED] - Statement - counter = 0: null

2018-11-16 15:32:59 - [TEST_STEP][PASSED] - Statement - If (PreSaveFile.exists()): null

2018-11-16 15:32:59 - [TEST_STEP][PASSED] - Statement - While (PreSaveFile.exists()): null

2018-11-16 15:32:59 - [TEST_STEP][PASSED] - Statement - counter = counter + 1: null

2018-11-16 15:32:59 - [TEST_STEP][PASSED] - Statement - PreSaveFile = new java.io.File(((pathPrefix + java.lang.Integer.toString(counter)) + .png)): null

2018-11-16 15:32:59 - [TEST_STEP][PASSED] - Statement - counter = counter + 1: null

2018-11-16 15:32:59 - [TEST_STEP][PASSED] - Statement - PreSaveFile = new java.io.File(((pathPrefix + java.lang.Integer.toString(counter)) + .png)): null

2018-11-16 15:32:59 - [TEST_STEP][PASSED] - Statement - counter = counter + 1: null

2018-11-16 15:32:59 - [TEST_STEP][PASSED] - Statement - PreSaveFile = new java.io.File(((pathPrefix + java.lang.Integer.toString(counter)) + .png)): null

2018-11-16 15:32:59 - [TEST_STEP][PASSED] - Statement - counter = counter + 1: null

2018-11-16 15:32:59 - [TEST_STEP][PASSED] - Statement - PreSaveFile = new java.io.File(((pathPrefix + java.lang.Integer.toString(counter)) + .png)): null

2018-11-16 15:32:59 - [TEST_STEP][PASSED] - Statement - counter = counter + 1: null

2018-11-16 15:32:59 - [TEST_STEP][PASSED] - Statement - PreSaveFile = new java.io.File(((pathPrefix + java.lang.Integer.toString(counter)) + .png)): null

2018-11-16 15:32:59 - [TEST_STEP][PASSED] - Statement - counter = counter + 1: null

2018-11-16 15:32:59 - [TEST_STEP][PASSED] - Statement - PreSaveFile = new java.io.File(((pathPrefix + java.lang.Integer.toString(counter)) + .png)): null

2018-11-16 15:32:59 - [TEST_STEP][PASSED] - Statement - counter = counter + 1: null

2018-11-16 15:32:59 - [TEST_STEP][PASSED] - Statement - PreSaveFile = new java.io.File(((pathPrefix + java.lang.Integer.toString(counter)) + .png)): null

2018-11-16 15:32:59 - [TEST_STEP][PASSED] - Statement - counter = counter + 1: null

2018-11-16 15:32:59 - [TEST_STEP][PASSED] - Statement - PreSaveFile = new java.io.File(((pathPrefix + java.lang.Integer.toString(counter)) + .png)): null

2018-11-16 15:32:59 - [TEST_STEP][PASSED] - Statement - counter = counter + 1: null

2018-11-16 15:32:59 - [TEST_STEP][PASSED] - Statement - PreSaveFile = new java.io.File(((pathPrefix + java.lang.Integer.toString(counter)) + .png)): null

2018-11-16 15:32:59 - [TEST_STEP][PASSED] - Statement - finalPath = pathPrefix + java.lang.Integer.toString(counter) + ".png": null

2018-11-16 15:32:59 - [TEST_STEP][PASSED] - Statement - SaveFile = new java.io.File(finalPath): null

2018-11-16 15:32:59 - [TEST_STEP][PASSED] - Statement - Try: null

2018-11-16 15:32:59 - [TEST_STEP][PASSED] - Statement - org.apache.commons.io.FileUtils.copyFile(scrFile, SaveFile): null

2018-11-16 15:32:59 - [TEST_STEP][PASSED] - Statement - out.println("file kept"): null

2018-11-16 15:32:59 - [TEST_STEP][PASSED] - delay: Delayed 10 second(s)

2018-11-16 15:33:09 - [MESSAGE][PASSED] - Delayed 10 second(s)

2018-11-16 15:33:09 - [MESSAGE][PASSED] - Call Test Case 'Test Cases/Final Aug 2018 - PKS Automation/Registration Module/New Registration/Submit and Screenshot/Submit Registration and Screenshot - Copy' successfully

2018-11-16 15:33:09 - [TEST_STEP][PASSED] - Statement - UpdateAddNewECode = com.kms.katalon.core.webui.keyword.WebUiBuiltInKeywords.getText(com.kms.katalon.core.testobject.ObjectRepository.findTestObject(Object Repository/Final Object Repo/Page_Update Add New Employee - ASSIST/getEmpCode)): Text of object 'Object Repository/Final Object Repo/Page_Update Add New Employee - ASSIST/getEmpCode' is: 'E1102070245Z'

2018-11-16 15:33:09 - [MESSAGE][PASSED] - Text of object 'Object Repository/Final Object Repo/Page_Update Add New Employee - ASSIST/getEmpCode' is: 'E1102070245Z'

2018-11-16 15:33:09 - [TEST_STEP][PASSED] - callTestCase: Call Test Case 'Test Cases/Final Aug 2018 - PKS Automation/Common/Emp Code Setter' successfully

2018-11-16 15:33:09 - [TEST_CASE][PASSED] - Test Cases/Final Aug 2018 - PKS Automation/Common/Emp Code Setter: Test Cases/Final Aug 2018 - PKS Automation/Common/Emp Code Setter

2018-11-16 15:33:09 - [TEST_STEP][PASSED] - Statement - EmpCodeOld = new java.io.File(C://EmpCode.txt): null

2018-11-16 15:33:09 - [TEST_STEP][PASSED] - Statement - EmpCodeOld.delete(): null

2018-11-16 15:33:09 - [TEST_STEP][PASSED] - Statement - EmpCode = new java.io.File(C://EmpCode.txt): null

2018-11-16 15:33:09 - [TEST_STEP][PASSED] - Statement - EmpCode.append(UpdateAddNewECode): null

2018-11-16 15:33:09 - [TEST_STEP][PASSED] - Statement - out.println("


" + UpdateAddNewECode + "


"): null

2018-11-16 15:33:09 - [MESSAGE][PASSED] - Call Test Case 'Test Cases/Final Aug 2018 - PKS Automation/Common/Emp Code Setter' successfully

2018-11-16 15:33:09 - [MESSAGE][PASSED] - Call Test Case 'Test Cases/Final Aug 2018 - PKS Automation/Registration Module/Workflow/Update Add New Employee/Template/New Company for Update Add New - Employer' successfully

2018-11-16 15:33:09 - [TEST_STEP][PASSED] - callTestCase: Call Test Case 'Test Cases/Final Aug 2018 - PKS Automation/Create Employer Acc/Login to Employer Account (Second time)' successfully

2018-11-16 15:33:09 - [TEST_CASE][PASSED] - Test Cases/Final Aug 2018 - PKS Automation/Create Employer Acc/Login to Employer Account (Second time): Test Cases/Final Aug 2018 - PKS Automation/Create Employer Acc/Login to Employer Account (Second time)

2018-11-16 15:33:09 - [TEST_STEP][PASSED] - openBrowser: Browser is opened with url: ''

2018-11-16 15:33:09 - [MESSAGE][WARNING] - A browser is already opened. Closing browser and opening a new one

2018-11-16 15:33:13 - [MESSAGE][PASSED] - Browser is opened with url: ''

2018-11-16 15:33:13 - [TEST_STEP][PASSED] - navigateToUrl: Navigate to 'https://assist2-uat.perkeso.gov.my/employer/login' successfully

2018-11-16 15:33:16 - [MESSAGE][PASSED] - Navigate to 'https://assist2-uat.perkeso.gov.my/employer/login' successfully

2018-11-16 15:33:16 - [TEST_STEP][PASSED] - delay: Delayed 3 second(s)

2018-11-16 15:33:19 - [MESSAGE][PASSED] - Delayed 3 second(s)

2018-11-16 15:33:19 - [TEST_STEP][PASSED] - callTestCase: Call Test Case 'Test Cases/Final Aug 2018 - PKS Automation/Create Employer Acc/Template/Employer Email Getter' successfully

2018-11-16 15:33:19 - [TEST_CASE][PASSED] - Test Cases/Final Aug 2018 - PKS Automation/Create Employer Acc/Template/Employer Email Getter: Test Cases/Final Aug 2018 - PKS Automation/Create Employer Acc/Template/Employer Email Getter

2018-11-16 15:33:19 - [TEST_STEP][PASSED] - Statement - Try: null

2018-11-16 15:33:19 - [TEST_STEP][PASSED] - Statement - EmpEmail = new java.io.File(C://EmpEmail.txt): null

2018-11-16 15:33:19 - [TEST_STEP][PASSED] - Statement - bufferread = new java.io.BufferedReader(new java.io.FileReader(EmpEmail)): null

2018-11-16 15:33:19 - [TEST_STEP][PASSED] - Statement - readedVal = bufferread.readLine(): null

2018-11-16 15:33:19 - [TEST_STEP][PASSED] - Statement - out.println(readedVal): null

2018-11-16 15:33:19 - [TEST_STEP][PASSED] - Statement - Email = readedVal: null

2018-11-16 15:33:19 - [MESSAGE][PASSED] - Call Test Case 'Test Cases/Final Aug 2018 - PKS Automation/Create Employer Acc/Template/Employer Email Getter' successfully

2018-11-16 15:33:19 - [TEST_STEP][PASSED] - setText: Text 'perkeso419472480115@gmail.com' is set on object 'Object Repository/Final Object Repo/Login Page/External Login Page/Email'

2018-11-16 15:33:19 - [MESSAGE][PASSED] - Text 'perkeso419472480115@gmail.com' is set on object 'Object Repository/Final Object Repo/Login Page/External Login Page/Email'

2018-11-16 15:33:19 - [TEST_STEP][PASSED] - click: Object: 'Object Repository/Final Object Repo/Login Page/External Login Page/Next' is clicked on

2018-11-16 15:33:19 - [MESSAGE][PASSED] - Object: 'Object Repository/Final Object Repo/Login Page/External Login Page/Next' is clicked on

2018-11-16 15:33:19 - [TEST_STEP][PASSED] - delay: Delayed 3 second(s)

2018-11-16 15:33:22 - [MESSAGE][PASSED] - Delayed 3 second(s)

2018-11-16 15:33:22 - [TEST_STEP][PASSED] - setEncryptedText: Text ****** has been set on object 'Object Repository/Final Object Repo/Login Page/External Login Page/Password'

2018-11-16 15:33:23 - [MESSAGE][PASSED] - Text ****** has been set on object 'Object Repository/Final Object Repo/Login Page/External Login Page/Password'

2018-11-16 15:33:23 - [TEST_STEP][PASSED] - click: Object: 'Object Repository/Final Object Repo/Login Page/External Login Page/Login' is clicked on

2018-11-16 15:33:30 - [MESSAGE][PASSED] - Object: 'Object Repository/Final Object Repo/Login Page/External Login Page/Login' is clicked on

2018-11-16 15:33:30 - [TEST_STEP][PASSED] - delay: Delayed 5 second(s)

2018-11-16 15:33:35 - [MESSAGE][PASSED] - Delayed 5 second(s)

2018-11-16 15:33:35 - [MESSAGE][PASSED] - Call Test Case 'Test Cases/Final Aug 2018 - PKS Automation/Create Employer Acc/Login to Employer Account (Second time)' successfully

2018-11-16 15:33:35 - [TEST_STEP][PASSED] - Statement - Try: Delayed 2 second(s)

2018-11-16 15:33:35 - [TEST_STEP][PASSED] - Statement - Checker = false: null

2018-11-16 15:33:35 - [TEST_STEP][PASSED] - Statement - Checker = com.kms.katalon.core.webui.keyword.WebUiBuiltInKeywords.verifyElementHasAttribute(com.kms.katalon.core.testobject.ObjectRepository.findTestObject(Final Object Repo/Landing Page/BM Detecting), "href", 20, OPTIONAL): Object 'Object Repository/Final Object Repo/Landing Page/BM Detecting' has attribute 'href'

2018-11-16 15:33:35 - [MESSAGE][PASSED] - Object 'Object Repository/Final Object Repo/Landing Page/BM Detecting' has attribute 'href'

2018-11-16 15:33:35 - [TEST_STEP][PASSED] - Statement - out.println(Checker): null

2018-11-16 15:33:35 - [TEST_STEP][PASSED] - Statement - If (Checker == false): null

2018-11-16 15:33:35 - [TEST_STEP][PASSED] - Statement - Else: null

2018-11-16 15:33:35 - [TEST_STEP][PASSED] - delay: Delayed 2 second(s)

2018-11-16 15:33:37 - [MESSAGE][PASSED] - Delayed 2 second(s)

2018-11-16 15:33:37 - [TEST_STEP][PASSED] - navigateToUrl: Navigate to 'https://assist2-uat.perkeso.gov.my/web/registration/update/update-employee-information-employer-' successfully

2018-11-16 15:33:38 - [MESSAGE][PASSED] - Navigate to 'https://assist2-uat.perkeso.gov.my/web/registration/update/update-employee-information-employer-' successfully

2018-11-16 15:33:38 - [TEST_STEP][PASSED] - click: Object: 'Object Repository/Final Object Repo/Page_Update Employee Information By Employer/Edit Button' is clicked on

2018-11-16 15:33:41 - [MESSAGE][PASSED] - Object: 'Object Repository/Final Object Repo/Page_Update Employee Information By Employer/Edit Button' is clicked on

2018-11-16 15:33:41 - [TEST_STEP][PASSED] - click: Object: 'Object Repository/Final Object Repo/Page_Update Employee Information By Employer/Employee Name or New Identification' is clicked on

2018-11-16 15:33:41 - [MESSAGE][PASSED] - Object: 'Object Repository/Final Object Repo/Page_Update Employee Information By Employer/Employee Name or New Identification' is clicked on

2018-11-16 15:33:41 - [TEST_STEP][PASSED] - delay: Delayed 1 second(s)

2018-11-16 15:33:42 - [MESSAGE][PASSED] - Delayed 1 second(s)

2018-11-16 15:33:42 - [TEST_STEP][PASSED] - click: Object: 'Object Repository/Final Object Repo/Page_Update Employee Information By Employer/Selection - Employee Name' is clicked on

2018-11-16 15:33:43 - [MESSAGE][PASSED] - Object: 'Object Repository/Final Object Repo/Page_Update Employee Information By Employer/Selection - Employee Name' is clicked on

2018-11-16 15:33:43 - [TEST_STEP][PASSED] - delay: Delayed 1 second(s)

2018-11-16 15:33:44 - [MESSAGE][PASSED] - Delayed 1 second(s)

2018-11-16 15:33:44 - [TEST_STEP][PASSED] - setText: Text 'AUTOMATE001 ELIGIBLE 1' is set on object 'Object Repository/Final Object Repo/Page_Update Employee Information By Employer/Employee Name'

2018-11-16 15:33:44 - [MESSAGE][PASSED] - Text 'AUTOMATE001 ELIGIBLE 1' is set on object 'Object Repository/Final Object Repo/Page_Update Employee Information By Employer/Employee Name'

2018-11-16 15:33:44 - [TEST_STEP][PASSED] - delay: Delayed 2 second(s)

2018-11-16 15:33:46 - [MESSAGE][PASSED] - Delayed 2 second(s)

2018-11-16 15:33:46 - [TEST_STEP][PASSED] - click: Object: 'Object Repository/Final Object Repo/Page_Update Employee Information By Employer/Search Employee' is clicked on

2018-11-16 15:33:47 - [MESSAGE][PASSED] - Object: 'Object Repository/Final Object Repo/Page_Update Employee Information By Employer/Search Employee' is clicked on

2018-11-16 15:33:47 - [TEST_STEP][PASSED] - delay: Delayed 3 second(s)

2018-11-16 15:33:50 - [MESSAGE][PASSED] - Delayed 3 second(s)

2018-11-16 15:33:50 - [TEST_STEP][PASSED] - click: Object: 'Object Repository/Final Object Repo/Page_Update Employee Information By Employer/Employee Edit Button' is clicked on

2018-11-16 15:33:50 - [MESSAGE][PASSED] - Object: 'Object Repository/Final Object Repo/Page_Update Employee Information By Employer/Employee Edit Button' is clicked on

2018-11-16 15:33:50 - [TEST_STEP][PASSED] - delay: Delayed 3 second(s)

2018-11-16 15:33:53 - [MESSAGE][PASSED] - Delayed 3 second(s)

2018-11-16 15:33:53 - [TEST_STEP][PASSED] - setText: Text '' is set on object 'Object Repository/Final Object Repo/Page_Update Employee Information By Employer/Identification Number'

2018-11-16 15:33:53 - [MESSAGE][PASSED] - Text '' is set on object 'Object Repository/Final Object Repo/Page_Update Employee Information By Employer/Identification Number'

2018-11-16 15:33:53 - [TEST_STEP][PASSED] - Statement - rnd = new java.util.Random(): null

2018-11-16 15:33:53 - [TEST_STEP][PASSED] - Statement - snum = rnd.nextInt(899999 + 1) + 100000: null

2018-11-16 15:33:53 - [TEST_STEP][PASSED] - Statement - tnum = rnd.nextInt(899999 + 1) + 100000: null

2018-11-16 15:33:53 - [TEST_STEP][PASSED] - Statement - IC = java.lang.Integer.toString(snum) + java.lang.Integer.toString(tnum): null

2018-11-16 15:33:53 - [TEST_STEP][PASSED] - Statement - out.println(IC): null

2018-11-16 15:33:53 - [TEST_STEP][PASSED] - setText: Text '369036625551' is set on object 'Object Repository/Final Object Repo/Page_Update Employee Information By Employer/Identification Number'

2018-11-16 15:33:53 - [MESSAGE][PASSED] - Text '369036625551' is set on object 'Object Repository/Final Object Repo/Page_Update Employee Information By Employer/Identification Number'

2018-11-16 15:33:53 - [TEST_STEP][PASSED] - click: Object: 'Object Repository/Final Object Repo/Page_Update Employee Information By Employer/Save' is clicked on

2018-11-16 15:33:58 - [MESSAGE][PASSED] - Object: 'Object Repository/Final Object Repo/Page_Update Employee Information By Employer/Save' is clicked on

2018-11-16 15:33:58 - [TEST_STEP][PASSED] - delay: Delayed 5 second(s)

2018-11-16 15:34:03 - [MESSAGE][PASSED] - Delayed 5 second(s)

2018-11-16 15:34:03 - [TEST_STEP][PASSED] - Statement - CaseReferenceNo = com.kms.katalon.core.webui.keyword.WebUiBuiltInKeywords.getText(com.kms.katalon.core.testobject.ObjectRepository.findTestObject(Final Object Repo/Reference Number/Reference Number in Update Employee Information Page)): Text of object 'Object Repository/Final Object Repo/Reference Number/Reference Number in Update Employee Information Page' is: 'CUN112018C100005509'

2018-11-16 15:34:03 - [MESSAGE][PASSED] - Text of object 'Object Repository/Final Object Repo/Reference Number/Reference Number in Update Employee Information Page' is: 'CUN112018C100005509'

2018-11-16 15:34:03 - [TEST_STEP][PASSED] - callTestCase: Call Test Case 'Test Cases/Final Aug 2018 - PKS Automation/Common/Reference Number Setter' successfully

2018-11-16 15:34:03 - [TEST_CASE][PASSED] - Test Cases/Final Aug 2018 - PKS Automation/Common/Reference Number Setter: Test Cases/Final Aug 2018 - PKS Automation/Common/Reference Number Setter

2018-11-16 15:34:03 - [TEST_STEP][PASSED] - Statement - RefNoOldFile = new java.io.File(C://KatalonReference.txt): null

2018-11-16 15:34:03 - [TEST_STEP][PASSED] - Statement - RefNoOldFile.delete(): null

2018-11-16 15:34:03 - [TEST_STEP][PASSED] - delay: Delayed 5 second(s)

2018-11-16 15:34:08 - [MESSAGE][PASSED] - Delayed 5 second(s)

2018-11-16 15:34:08 - [TEST_STEP][PASSED] - Statement - RefNo = new java.io.File(C://KatalonReference.txt): null

2018-11-16 15:34:08 - [TEST_STEP][PASSED] - Statement - f2 = new java.io.FileWriter(RefNo, false): null

2018-11-16 15:34:08 - [TEST_STEP][PASSED] - Statement - f2.write(CaseReferenceNo): null

2018-11-16 15:34:08 - [TEST_STEP][PASSED] - Statement - f2.close(): null

2018-11-16 15:34:08 - [TEST_STEP][PASSED] - Statement - out.println("


" + CaseReferenceNo + "


"): null

2018-11-16 15:34:08 - [MESSAGE][PASSED] - Call Test Case 'Test Cases/Final Aug 2018 - PKS Automation/Common/Reference Number Setter' successfully

2018-11-16 15:34:08 - [TEST_STEP][PASSED] - delay: Delayed 5 second(s)

2018-11-16 15:34:13 - [MESSAGE][PASSED] - Delayed 5 second(s)

2018-11-16 15:34:13 - [TEST_STEP][PASSED] - click: Object: 'Object Repository/Final Object Repo/Page_Update Employee Information By Employer/Save  Continue in  Employee Information Page' is clicked on

2018-11-16 15:34:16 - [MESSAGE][PASSED] - Object: 'Object Repository/Final Object Repo/Page_Update Employee Information By Employer/Save  Continue in  Employee Information Page' is clicked on

2018-11-16 15:34:16 - [TEST_STEP][PASSED] - delay: Delayed 5 second(s)

2018-11-16 15:34:21 - [MESSAGE][PASSED] - Delayed 5 second(s)

2018-11-16 15:34:21 - [TEST_STEP][PASSED] - click: Object: 'Object Repository/Final Object Repo/Page_Update Employee Information By Employer/Save  Continue in Uploading Page 1' is clicked on

2018-11-16 15:34:26 - [MESSAGE][PASSED] - Object: 'Object Repository/Final Object Repo/Page_Update Employee Information By Employer/Save  Continue in Uploading Page 1' is clicked on

2018-11-16 15:34:26 - [TEST_STEP][PASSED] - delay: Delayed 5 second(s)

2018-11-16 15:34:31 - [MESSAGE][PASSED] - Delayed 5 second(s)

2018-11-16 15:34:31 - [TEST_STEP][PASSED] - click: Object: 'Object Repository/Final Object Repo/Page_Update Employee Information By Employer/Submit' is clicked on

2018-11-16 15:34:31 - [MESSAGE][PASSED] - Object: 'Object Repository/Final Object Repo/Page_Update Employee Information By Employer/Submit' is clicked on

2018-11-16 15:34:31 - [TEST_STEP][PASSED] - delay: Delayed 5 second(s)

2018-11-16 15:34:36 - [MESSAGE][PASSED] - Delayed 5 second(s)

2018-11-16 15:34:36 - [TEST_STEP][PASSED] - click: Object: 'Object Repository/Final Object Repo/Page_Update Employee Information By Employer/Confirm' is clicked on

2018-11-16 15:34:42 - [MESSAGE][PASSED] - Object: 'Object Repository/Final Object Repo/Page_Update Employee Information By Employer/Confirm' is clicked on

2018-11-16 15:34:42 - [TEST_STEP][PASSED] - delay: Delayed 5 second(s)

2018-11-16 15:34:47 - [MESSAGE][PASSED] - Delayed 5 second(s)

2018-11-16 15:34:47 - [TEST_STEP][PASSED] - verifyElementVisible: Object 'Object Repository/Final Object Repo/Page_Update Employee Information By Employer/Successfull Message Routed to UO' is visible

2018-11-16 15:34:47 - [MESSAGE][PASSED] - Object 'Object Repository/Final Object Repo/Page_Update Employee Information By Employer/Successfull Message Routed to UO' is visible

2018-11-16 15:34:47 - [MESSAGE][PASSED] - Call Test Case 'Test Cases/Final Aug 2018 - PKS Automation/Registration Module/Workflow/Update Employee Information (Employer)/Template/Update Employer Information - Special Case (Employer)' successfully

2018-11-16 15:34:47 - [TEST_STEP][PASSED] - callTestCase: Call Test Case 'Test Cases/Final Aug 2018 - PKS Automation/Registration Module/Workflow/Update Employee Information (Employer)/Template/Update Employee Information - Special Case - UO (Reject)' successfully

2018-11-16 15:34:47 - [TEST_CASE][PASSED] - Test Cases/Final Aug 2018 - PKS Automation/Registration Module/Workflow/Update Employee Information (Employer)/Template/Update Employee Information - Special Case - UO (Reject): Test Cases/Final Aug 2018 - PKS Automation/Registration Module/Workflow/Update Employee Information (Employer)/Template/Update Employee Information - Special Case - UO (Reject)

2018-11-16 15:34:47 - [TEST_STEP][NOT_RUN] - callTestCase: NOT_RUN: callTestCase

2018-11-16 15:34:47 - [MESSAGE][NOT_RUN] - NOT_RUN: callTestCase

2018-11-16 15:34:47 - [TEST_STEP][PASSED] - delay: Delayed 2 second(s)

2018-11-16 15:34:49 - [MESSAGE][PASSED] - Delayed 2 second(s)

2018-11-16 15:34:49 - [TEST_STEP][PASSED] - navigateToUrl: Navigate to 'https://assist2-uat.perkeso.gov.my/c/portal/logout' successfully

2018-11-16 15:34:50 - [MESSAGE][PASSED] - Navigate to 'https://assist2-uat.perkeso.gov.my/c/portal/logout' successfully

2018-11-16 15:34:50 - [TEST_STEP][PASSED] - delay: Delayed 2 second(s)

2018-11-16 15:34:52 - [MESSAGE][PASSED] - Delayed 2 second(s)

2018-11-16 15:34:52 - [TEST_STEP][PASSED] - callTestCase: Call Test Case 'Test Cases/Final Aug 2018 - PKS Automation/Common/Reference Number Getter' successfully

2018-11-16 15:34:52 - [TEST_CASE][PASSED] - Test Cases/Final Aug 2018 - PKS Automation/Common/Reference Number Getter: Test Cases/Final Aug 2018 - PKS Automation/Common/Reference Number Getter

2018-11-16 15:34:52 - [TEST_STEP][PASSED] - Statement - Try: null

2018-11-16 15:34:52 - [TEST_STEP][PASSED] - Statement - RefNo = new java.io.File(C://KatalonReference.txt): null

2018-11-16 15:34:52 - [TEST_STEP][PASSED] - Statement - bufferread = new java.io.BufferedReader(new java.io.FileReader(RefNo)): null

2018-11-16 15:34:52 - [TEST_STEP][PASSED] - Statement - readedVal = bufferread.readLine(): null

2018-11-16 15:34:52 - [TEST_STEP][PASSED] - Statement - out.println(CaseReferenceNo): null

2018-11-16 15:34:52 - [TEST_STEP][PASSED] - Statement - out.println(readedVal): null

2018-11-16 15:34:52 - [TEST_STEP][PASSED] - Statement - CaseReferenceNo = "": null

2018-11-16 15:34:52 - [TEST_STEP][PASSED] - Statement - CaseReferenceNo = readedVal: null

2018-11-16 15:34:52 - [MESSAGE][PASSED] - Call Test Case 'Test Cases/Final Aug 2018 - PKS Automation/Common/Reference Number Getter' successfully

2018-11-16 15:34:52 - [TEST_STEP][PASSED] - callTestCase: Call Test Case 'Test Cases/Final Aug 2018 - PKS Automation/Common/Workflow Owner Finder' successfully

2018-11-16 15:34:52 - [TEST_CASE][PASSED] - Test Cases/Final Aug 2018 - PKS Automation/Common/Workflow Owner Finder: Test Cases/Final Aug 2018 - PKS Automation/Common/Workflow Owner Finder

2018-11-16 15:34:52 - [TEST_STEP][PASSED] - openBrowser: Browser is opened with url: ''

2018-11-16 15:34:52 - [MESSAGE][WARNING] - A browser is already opened. Closing browser and opening a new one

2018-11-16 15:34:57 - [MESSAGE][PASSED] - Browser is opened with url: ''

2018-11-16 15:34:57 - [TEST_STEP][PASSED] - navigateToUrl: Navigate to 'https://assist2-uat.perkeso.gov.my/login' successfully

2018-11-16 15:35:00 - [MESSAGE][PASSED] - Navigate to 'https://assist2-uat.perkeso.gov.my/login' successfully

2018-11-16 15:35:00 - [TEST_STEP][PASSED] - delay: Delayed 5 second(s)

2018-11-16 15:35:05 - [MESSAGE][PASSED] - Delayed 5 second(s)

2018-11-16 15:35:05 - [TEST_STEP][PASSED] - setText: Text 'test@liferay.com' is set on object 'Object Repository/Final Object Repo/Login Page/Internal User/Email Address'

2018-11-16 15:35:05 - [MESSAGE][PASSED] - Text 'test@liferay.com' is set on object 'Object Repository/Final Object Repo/Login Page/Internal User/Email Address'

2018-11-16 15:35:05 - [TEST_STEP][PASSED] - click: Object: 'Object Repository/Final Object Repo/Login Page/Internal User/Next Button' is clicked on

2018-11-16 15:35:05 - [MESSAGE][PASSED] - Object: 'Object Repository/Final Object Repo/Login Page/Internal User/Next Button' is clicked on

2018-11-16 15:35:05 - [TEST_STEP][PASSED] - delay: Delayed 2 second(s)

2018-11-16 15:35:07 - [MESSAGE][PASSED] - Delayed 2 second(s)

2018-11-16 15:35:07 - [TEST_STEP][PASSED] - setText: Text 'test' is set on object 'Object Repository/Final Object Repo/Login Page/Internal User/Password'

2018-11-16 15:35:07 - [MESSAGE][PASSED] - Text 'test' is set on object 'Object Repository/Final Object Repo/Login Page/Internal User/Password'

2018-11-16 15:35:07 - [TEST_STEP][PASSED] - delay: Delayed 2 second(s)

2018-11-16 15:35:09 - [MESSAGE][PASSED] - Delayed 2 second(s)

2018-11-16 15:35:09 - [TEST_STEP][PASSED] - click: Object: 'Object Repository/Final Object Repo/Login Page/Internal User/Login Button' is clicked on

2018-11-16 15:35:13 - [MESSAGE][PASSED] - Object: 'Object Repository/Final Object Repo/Login Page/Internal User/Login Button' is clicked on

2018-11-16 15:35:13 - [TEST_STEP][PASSED] - Statement - Try: Delayed 2 second(s)

2018-11-16 15:35:13 - [TEST_STEP][PASSED] - Statement - Checker = false: null

2018-11-16 15:35:13 - [TEST_STEP][PASSED] - Statement - Checker = com.kms.katalon.core.webui.keyword.WebUiBuiltInKeywords.verifyElementHasAttribute(com.kms.katalon.core.testobject.ObjectRepository.findTestObject(Final Object Repo/Landing Page/BM Detecting), "href", 20, OPTIONAL): Object 'Object Repository/Final Object Repo/Landing Page/BM Detecting' has attribute 'href'

2018-11-16 15:35:13 - [MESSAGE][PASSED] - Object 'Object Repository/Final Object Repo/Landing Page/BM Detecting' has attribute 'href'

2018-11-16 15:35:13 - [TEST_STEP][PASSED] - Statement - out.println(Checker): null

2018-11-16 15:35:13 - [TEST_STEP][PASSED] - Statement - If (Checker == false): null

2018-11-16 15:35:13 - [TEST_STEP][PASSED] - Statement - Else: null

2018-11-16 15:35:13 - [TEST_STEP][PASSED] - delay: Delayed 2 second(s)

2018-11-16 15:35:15 - [MESSAGE][PASSED] - Delayed 2 second(s)

2018-11-16 15:35:15 - [TEST_STEP][PASSED] - delay: Delayed 3 second(s)

2018-11-16 15:35:18 - [MESSAGE][PASSED] - Delayed 3 second(s)

2018-11-16 15:35:18 - [TEST_STEP][PASSED] - mouseOver: Object: 'Object Repository/Final Object Repo/Landing Page/WorkFlow Menu' is hovered

2018-11-16 15:35:18 - [MESSAGE][PASSED] - Object: 'Object Repository/Final Object Repo/Landing Page/WorkFlow Menu' is hovered

2018-11-16 15:35:18 - [TEST_STEP][PASSED] - delay: Delayed 2 second(s)

2018-11-16 15:35:20 - [MESSAGE][PASSED] - Delayed 2 second(s)

2018-11-16 15:35:20 - [TEST_STEP][PASSED] - click: Object: 'Object Repository/Final Object Repo/Landing Page/Select to Workflow Listing' is clicked on

2018-11-16 15:35:22 - [MESSAGE][PASSED] - Object: 'Object Repository/Final Object Repo/Landing Page/Select to Workflow Listing' is clicked on

2018-11-16 15:35:22 - [TEST_STEP][PASSED] - delay: Delayed 2 second(s)

2018-11-16 15:35:24 - [MESSAGE][PASSED] - Delayed 2 second(s)

2018-11-16 15:35:24 - [TEST_STEP][PASSED] - click: Object: 'Object Repository/Final Object Repo/WorkFlow Listing Page/Search Information - To Put Ref No' is clicked on

2018-11-16 15:35:24 - [MESSAGE][PASSED] - Object: 'Object Repository/Final Object Repo/WorkFlow Listing Page/Search Information - To Put Ref No' is clicked on

2018-11-16 15:35:24 - [TEST_STEP][PASSED] - delay: Delayed 2 second(s)

2018-11-16 15:35:26 - [MESSAGE][PASSED] - Delayed 2 second(s)

2018-11-16 15:35:26 - [TEST_STEP][PASSED] - callTestCase: Call Test Case 'Test Cases/Final Aug 2018 - PKS Automation/Common/Reference Number Getter' successfully

2018-11-16 15:35:26 - [TEST_CASE][PASSED] - Test Cases/Final Aug 2018 - PKS Automation/Common/Reference Number Getter: Test Cases/Final Aug 2018 - PKS Automation/Common/Reference Number Getter

2018-11-16 15:35:26 - [TEST_STEP][PASSED] - Statement - Try: null

2018-11-16 15:35:26 - [TEST_STEP][PASSED] - Statement - RefNo = new java.io.File(C://KatalonReference.txt): null

2018-11-16 15:35:26 - [TEST_STEP][PASSED] - Statement - bufferread = new java.io.BufferedReader(new java.io.FileReader(RefNo)): null

2018-11-16 15:35:26 - [TEST_STEP][PASSED] - Statement - readedVal = bufferread.readLine(): null

2018-11-16 15:35:26 - [TEST_STEP][PASSED] - Statement - out.println(CaseReferenceNo): null

2018-11-16 15:35:26 - [TEST_STEP][PASSED] - Statement - out.println(readedVal): null

2018-11-16 15:35:26 - [TEST_STEP][PASSED] - Statement - CaseReferenceNo = "": null

2018-11-16 15:35:26 - [TEST_STEP][PASSED] - Statement - CaseReferenceNo = readedVal: null

2018-11-16 15:35:26 - [MESSAGE][PASSED] - Call Test Case 'Test Cases/Final Aug 2018 - PKS Automation/Common/Reference Number Getter' successfully

2018-11-16 15:35:26 - [TEST_STEP][PASSED] - setText: Text 'CUN112018C100005509' is set on object 'Object Repository/Final Object Repo/WorkFlow Listing Page/Ref No Set Text'

2018-11-16 15:35:26 - [MESSAGE][PASSED] - Text 'CUN112018C100005509' is set on object 'Object Repository/Final Object Repo/WorkFlow Listing Page/Ref No Set Text'

2018-11-16 15:35:26 - [TEST_STEP][PASSED] - delay: Delayed 2 second(s)

2018-11-16 15:35:28 - [MESSAGE][PASSED] - Delayed 2 second(s)

2018-11-16 15:35:28 - [TEST_STEP][PASSED] - click: Object: 'Object Repository/Final Object Repo/WorkFlow Listing Page/Search Ref No Search Button' is clicked on

2018-11-16 15:35:28 - [MESSAGE][PASSED] - Object: 'Object Repository/Final Object Repo/WorkFlow Listing Page/Search Ref No Search Button' is clicked on

2018-11-16 15:35:28 - [TEST_STEP][PASSED] - delay: Delayed 4 second(s)

2018-11-16 15:35:32 - [MESSAGE][PASSED] - Delayed 4 second(s)

2018-11-16 15:35:32 - [TEST_STEP][PASSED] - click: Object: 'Object Repository/Final Object Repo/WorkFlow Listing Page/Click Continue Tooltip' is clicked on

2018-11-16 15:35:34 - [MESSAGE][PASSED] - Object: 'Object Repository/Final Object Repo/WorkFlow Listing Page/Click Continue Tooltip' is clicked on

2018-11-16 15:35:34 - [TEST_STEP][PASSED] - delay: Delayed 5 second(s)

2018-11-16 15:35:39 - [MESSAGE][PASSED] - Delayed 5 second(s)

2018-11-16 15:35:39 - [TEST_STEP][PASSED] - doubleClick: Object: 'Object Repository/Final Object Repo/WorkFlow Listing Page/Workflow Found - Listing 1' is double clicked on

2018-11-16 15:35:40 - [MESSAGE][PASSED] - Object: 'Object Repository/Final Object Repo/WorkFlow Listing Page/Workflow Found - Listing 1' is double clicked on

2018-11-16 15:35:40 - [TEST_STEP][PASSED] - Statement - println(OwnerID): null

2018-11-16 15:35:40 - [TEST_STEP][PASSED] - Statement - OwnerID = com.kms.katalon.core.webui.keyword.WebUiBuiltInKeywords.getText(com.kms.katalon.core.testobject.ObjectRepository.findTestObject(Final Object Repo/WorkFlow Listing Page/Workflow Found - Listing 1), STOP_ON_FAILURE): Text of object 'Object Repository/Final Object Repo/WorkFlow Listing Page/Workflow Found - Listing 1' is: 'JOHORuo3'

2018-11-16 15:35:40 - [MESSAGE][PASSED] - Text of object 'Object Repository/Final Object Repo/WorkFlow Listing Page/Workflow Found - Listing 1' is: 'JOHORuo3'

2018-11-16 15:35:40 - [TEST_STEP][PASSED] - Statement - OwnerID = OwnerID.toLowerCase() + "@gmail.com": null

2018-11-16 15:35:40 - [TEST_STEP][PASSED] - Statement - println(OwnerID): null

2018-11-16 15:35:40 - [TEST_STEP][PASSED] - delay: Delayed 2 second(s)

2018-11-16 15:35:42 - [MESSAGE][PASSED] - Delayed 2 second(s)

2018-11-16 15:35:42 - [MESSAGE][PASSED] - Call Test Case 'Test Cases/Final Aug 2018 - PKS Automation/Common/Workflow Owner Finder' successfully

2018-11-16 15:35:42 - [TEST_STEP][PASSED] - delay: Delayed 2 second(s)

2018-11-16 15:35:44 - [MESSAGE][PASSED] - Delayed 2 second(s)

2018-11-16 15:35:44 - [TEST_STEP][PASSED] - navigateToUrl: Navigate to 'https://assist2-uat.perkeso.gov.my/c/portal/logout' successfully

2018-11-16 15:35:46 - [MESSAGE][PASSED] - Navigate to 'https://assist2-uat.perkeso.gov.my/c/portal/logout' successfully

2018-11-16 15:35:46 - [TEST_STEP][PASSED] - delay: Delayed 2 second(s)

2018-11-16 15:35:48 - [MESSAGE][PASSED] - Delayed 2 second(s)

2018-11-16 15:35:48 - [TEST_STEP][PASSED] - callTestCase: Call Test Case 'Test Cases/Final Aug 2018 - PKS Automation/Registration Module/Workflow/Login and Search Case For Workflow' successfully

2018-11-16 15:35:48 - [TEST_CASE][PASSED] - Test Cases/Final Aug 2018 - PKS Automation/Registration Module/Workflow/Login and Search Case For Workflow: Test Cases/Final Aug 2018 - PKS Automation/Registration Module/Workflow/Login and Search Case For Workflow

2018-11-16 15:35:48 - [TEST_STEP][PASSED] - navigateToUrl: Navigate to 'https://assist2-uat.perkeso.gov.my/login' successfully

2018-11-16 15:35:49 - [MESSAGE][PASSED] - Navigate to 'https://assist2-uat.perkeso.gov.my/login' successfully

2018-11-16 15:35:49 - [TEST_STEP][PASSED] - setText: Text 'johoruo3@gmail.com' is set on object 'Object Repository/Final Object Repo/Login Page/Internal User/Email Address'

2018-11-16 15:35:49 - [MESSAGE][PASSED] - Text 'johoruo3@gmail.com' is set on object 'Object Repository/Final Object Repo/Login Page/Internal User/Email Address'

2018-11-16 15:35:49 - [TEST_STEP][PASSED] - click: Object: 'Object Repository/Final Object Repo/Login Page/Internal User/Next Button' is clicked on

2018-11-16 15:35:49 - [MESSAGE][PASSED] - Object: 'Object Repository/Final Object Repo/Login Page/Internal User/Next Button' is clicked on

2018-11-16 15:35:49 - [TEST_STEP][PASSED] - delay: Delayed 1 second(s)

2018-11-16 15:35:50 - [MESSAGE][PASSED] - Delayed 1 second(s)

2018-11-16 15:35:50 - [TEST_STEP][PASSED] - setEncryptedText: Text ****** has been set on object 'Object Repository/Final Object Repo/Login Page/Internal User/Password'

2018-11-16 15:35:50 - [MESSAGE][PASSED] - Text ****** has been set on object 'Object Repository/Final Object Repo/Login Page/Internal User/Password'

2018-11-16 15:35:50 - [TEST_STEP][PASSED] - click: Object: 'Object Repository/Final Object Repo/Login Page/Internal User/Login Button' is clicked on

2018-11-16 15:35:53 - [MESSAGE][PASSED] - Object: 'Object Repository/Final Object Repo/Login Page/Internal User/Login Button' is clicked on

2018-11-16 15:35:53 - [TEST_STEP][PASSED] - delay: Delayed 2 second(s)

2018-11-16 15:35:55 - [MESSAGE][PASSED] - Delayed 2 second(s)

2018-11-16 15:35:55 - [TEST_STEP][PASSED] - Statement - Try: Delayed 2 second(s)

2018-11-16 15:35:55 - [TEST_STEP][PASSED] - Statement - Checker = false: null

2018-11-16 15:35:55 - [TEST_STEP][PASSED] - Statement - Checker = com.kms.katalon.core.webui.keyword.WebUiBuiltInKeywords.verifyElementHasAttribute(com.kms.katalon.core.testobject.ObjectRepository.findTestObject(Final Object Repo/Landing Page/BM Detecting), "href", 20, OPTIONAL): Object 'Object Repository/Final Object Repo/Landing Page/BM Detecting' has attribute 'href'

2018-11-16 15:35:55 - [MESSAGE][PASSED] - Object 'Object Repository/Final Object Repo/Landing Page/BM Detecting' has attribute 'href'

2018-11-16 15:35:55 - [TEST_STEP][PASSED] - Statement - out.println(Checker): null

2018-11-16 15:35:55 - [TEST_STEP][PASSED] - Statement - If (Checker == false): null

2018-11-16 15:35:55 - [TEST_STEP][PASSED] - Statement - Else: null

2018-11-16 15:35:55 - [TEST_STEP][PASSED] - delay: Delayed 2 second(s)

2018-11-16 15:35:57 - [MESSAGE][PASSED] - Delayed 2 second(s)

2018-11-16 15:35:57 - [TEST_STEP][PASSED] - click: Object: 'Object Repository/Final Object Repo/Page_MyASSIST - ASSIST - Search Pending Case For Add Supporting Document/Search Information' is clicked on

2018-11-16 15:35:57 - [MESSAGE][PASSED] - Object: 'Object Repository/Final Object Repo/Page_MyASSIST - ASSIST - Search Pending Case For Add Supporting Document/Search Information' is clicked on

2018-11-16 15:35:57 - [TEST_STEP][PASSED] - delay: Delayed 3 second(s)

2018-11-16 15:36:00 - [MESSAGE][PASSED] - Delayed 3 second(s)

2018-11-16 15:36:00 - [TEST_STEP][PASSED] - sendKeys: Keys 'CUN112018C100005509' sent to object: 'Object Repository/Final Object Repo/Page_MyASSIST - ASSIST - Search Pending Case For Add Supporting Document/Reference No'

2018-11-16 15:36:00 - [MESSAGE][PASSED] - Keys 'CUN112018C100005509' sent to object: 'Object Repository/Final Object Repo/Page_MyASSIST - ASSIST - Search Pending Case For Add Supporting Document/Reference No'

2018-11-16 15:36:00 - [TEST_STEP][PASSED] - click: Object: 'Object Repository/Final Object Repo/Page_MyASSIST - ASSIST - Search Pending Case For Add Supporting Document/Search Reference No' is clicked on

2018-11-16 15:36:02 - [MESSAGE][PASSED] - Object: 'Object Repository/Final Object Repo/Page_MyASSIST - ASSIST - Search Pending Case For Add Supporting Document/Search Reference No' is clicked on

2018-11-16 15:36:02 - [TEST_STEP][PASSED] - delay: Delayed 2 second(s)

2018-11-16 15:36:04 - [MESSAGE][PASSED] - Delayed 2 second(s)

2018-11-16 15:36:04 - [TEST_STEP][PASSED] - click: Object: 'Object Repository/Final Object Repo/Page_MyASSIST - ASSIST - Search Pending Case For Add Supporting Document/Continue' is clicked on

2018-11-16 15:36:08 - [MESSAGE][PASSED] - Object: 'Object Repository/Final Object Repo/Page_MyASSIST - ASSIST - Search Pending Case For Add Supporting Document/Continue' is clicked on

2018-11-16 15:36:08 - [TEST_STEP][PASSED] - delay: Delayed 20 second(s)

2018-11-16 15:36:28 - [MESSAGE][PASSED] - Delayed 20 second(s)

2018-11-16 15:36:28 - [MESSAGE][PASSED] - Call Test Case 'Test Cases/Final Aug 2018 - PKS Automation/Registration Module/Workflow/Login and Search Case For Workflow' successfully

2018-11-16 15:36:28 - [TEST_STEP][PASSED] - delay: Delayed 2 second(s)

2018-11-16 15:36:30 - [MESSAGE][PASSED] - Delayed 2 second(s)

2018-11-16 15:36:30 - [TEST_STEP][PASSED] - click: Object: 'Object Repository/Final Object Repo/Page_Update Employee Information By Employer/Page_Update Employee Information by Employer (Approve)/Continue' is clicked on

2018-11-16 15:36:34 - [MESSAGE][PASSED] - Object: 'Object Repository/Final Object Repo/Page_Update Employee Information By Employer/Page_Update Employee Information by Employer (Approve)/Continue' is clicked on

2018-11-16 15:36:34 - [TEST_STEP][PASSED] - delay: Delayed 2 second(s)

2018-11-16 15:36:36 - [MESSAGE][PASSED] - Delayed 2 second(s)

2018-11-16 15:36:36 - [TEST_STEP][PASSED] - click: Object: 'Object Repository/Final Object Repo/Page_Update Employee Information By Employer/Page_Update Employee Information by Employer (Approve)/Save  Continue in Update Employee Information Page' is clicked on

2018-11-16 15:36:40 - [MESSAGE][PASSED] - Object: 'Object Repository/Final Object Repo/Page_Update Employee Information By Employer/Page_Update Employee Information by Employer (Approve)/Save  Continue in Update Employee Information Page' is clicked on

2018-11-16 15:36:40 - [TEST_STEP][PASSED] - delay: Delayed 4 second(s)

2018-11-16 15:36:44 - [MESSAGE][PASSED] - Delayed 4 second(s)

2018-11-16 15:36:44 - [TEST_STEP][PASSED] - click: Object: 'Object Repository/Final Object Repo/Page_Update Employee Information By Employer/Page_Update Employee Information by Employer (Approve)/Save  Continue in Upload Supporting Doucument Page' is clicked on

2018-11-16 15:36:48 - [MESSAGE][PASSED] - Object: 'Object Repository/Final Object Repo/Page_Update Employee Information By Employer/Page_Update Employee Information by Employer (Approve)/Save  Continue in Upload Supporting Doucument Page' is clicked on

2018-11-16 15:36:48 - [TEST_STEP][PASSED] - delay: Delayed 2 second(s)

2018-11-16 15:36:50 - [MESSAGE][PASSED] - Delayed 2 second(s)

2018-11-16 15:36:50 - [TEST_STEP][PASSED] - click: Object: 'Object Repository/Final Object Repo/Page_Update Employee Information By Employer/Page_Update Employee Information by Employer (Reject)/Reject' is clicked on

2018-11-16 15:36:50 - [MESSAGE][PASSED] - Object: 'Object Repository/Final Object Repo/Page_Update Employee Information By Employer/Page_Update Employee Information by Employer (Reject)/Reject' is clicked on

2018-11-16 15:36:50 - [TEST_STEP][PASSED] - delay: Delayed 2 second(s)

2018-11-16 15:36:52 - [MESSAGE][PASSED] - Delayed 2 second(s)

2018-11-16 15:36:52 - [TEST_STEP][PASSED] - click: Object: 'Object Repository/Final Object Repo/Page_Update Employee Information By Employer/Page_Update Employee Information by Employer (Approve)/Confirm' is clicked on

2018-11-16 15:36:58 - [MESSAGE][PASSED] - Object: 'Object Repository/Final Object Repo/Page_Update Employee Information By Employer/Page_Update Employee Information by Employer (Approve)/Confirm' is clicked on

2018-11-16 15:36:58 - [TEST_STEP][PASSED] - delay: Delayed 2 second(s)

2018-11-16 15:37:00 - [MESSAGE][PASSED] - Delayed 2 second(s)

2018-11-16 15:37:00 - [TEST_STEP][PASSED] - verifyElementVisible: Object 'Object Repository/Final Object Repo/Page_Update Employee Information By Employer/Page_Update Employee Information by Employer (Reject)/Rejected Messeage This Case has been Rejecte' is visible

2018-11-16 15:37:00 - [MESSAGE][PASSED] - Object 'Object Repository/Final Object Repo/Page_Update Employee Information By Employer/Page_Update Employee Information by Employer (Reject)/Rejected Messeage This Case has been Rejecte' is visible

2018-11-16 15:37:00 - [TEST_STEP][PASSED] - delay: Delayed 2 second(s)

2018-11-16 15:37:02 - [MESSAGE][PASSED] - Delayed 2 second(s)

2018-11-16 15:37:02 - [TEST_STEP][PASSED] - verifyElementVisible: Object 'Object Repository/Final Object Repo/Page_Update Employee Information By Employer/Page_Update Employee Information by Employer (Reject)/Letter of update rejection' is visible

2018-11-16 15:37:02 - [MESSAGE][PASSED] - Object 'Object Repository/Final Object Repo/Page_Update Employee Information By Employer/Page_Update Employee Information by Employer (Reject)/Letter of update rejection' is visible

2018-11-16 15:37:02 - [MESSAGE][PASSED] - Call Test Case 'Test Cases/Final Aug 2018 - PKS Automation/Registration Module/Workflow/Update Employee Information (Employer)/Template/Update Employee Information - Special Case - UO (Reject)' successfully]]></system-out>
         <system-err><![CDATA[]]></system-err>
      </testcase>
      <testcase name="Test Cases/Final Aug 2018 - PKS Automation/Registration Module/Workflow/Update Employee Information (Employer)/Employer - UO (Under enforcement)" classname="Test Cases/Final Aug 2018 - PKS Automation/Registration Module/Workflow/Update Employee Information (Employer)/Employer - UO (Under enforcement)" status="PASSED">
         <system-out><![CDATA[2018-11-16 15:37:02 - [TEST_CASE][PASSED] - Test Cases/Final Aug 2018 - PKS Automation/Registration Module/Workflow/Update Employee Information (Employer)/Employer - UO (Under enforcement): Test Cases/Final Aug 2018 - PKS Automation/Registration Module/Workflow/Update Employee Information (Employer)/Employer - UO (Under enforcement)

2018-11-16 15:37:02 - [TEST_STEP][PASSED] - callTestCase: Call Test Case 'Test Cases/Final Aug 2018 - PKS Automation/Registration Module/Workflow/Update Employee Information (Employer)/Template/Update Employer Information - Special Case (OTC)' successfully

2018-11-16 15:37:02 - [TEST_CASE][PASSED] - Test Cases/Final Aug 2018 - PKS Automation/Registration Module/Workflow/Update Employee Information (Employer)/Template/Update Employer Information - Special Case (OTC): Test Cases/Final Aug 2018 - PKS Automation/Registration Module/Workflow/Update Employee Information (Employer)/Template/Update Employer Information - Special Case (OTC)

2018-11-16 15:37:03 - [TEST_STEP][PASSED] - openBrowser: Browser is opened with url: ''

2018-11-16 15:37:03 - [MESSAGE][WARNING] - A browser is already opened. Closing browser and opening a new one

2018-11-16 15:37:07 - [MESSAGE][PASSED] - Browser is opened with url: ''

2018-11-16 15:37:07 - [TEST_STEP][PASSED] - navigateToUrl: Navigate to 'https://assist2-uat.perkeso.gov.my/login' successfully

2018-11-16 15:37:10 - [MESSAGE][PASSED] - Navigate to 'https://assist2-uat.perkeso.gov.my/login' successfully

2018-11-16 15:37:10 - [TEST_STEP][PASSED] - setText: Text 'johorotc1@gmail.com' is set on object 'Object Repository/Final Object Repo/Login Page/Internal User/Email Address'

2018-11-16 15:37:10 - [MESSAGE][PASSED] - Text 'johorotc1@gmail.com' is set on object 'Object Repository/Final Object Repo/Login Page/Internal User/Email Address'

2018-11-16 15:37:10 - [TEST_STEP][PASSED] - click: Object: 'Object Repository/Final Object Repo/Login Page/Internal User/Next Button' is clicked on

2018-11-16 15:37:10 - [MESSAGE][PASSED] - Object: 'Object Repository/Final Object Repo/Login Page/Internal User/Next Button' is clicked on

2018-11-16 15:37:10 - [TEST_STEP][PASSED] - delay: Delayed 1 second(s)

2018-11-16 15:37:11 - [MESSAGE][PASSED] - Delayed 1 second(s)

2018-11-16 15:37:11 - [TEST_STEP][PASSED] - setEncryptedText: Text ****** has been set on object 'Object Repository/Final Object Repo/Login Page/Internal User/Password'

2018-11-16 15:37:11 - [MESSAGE][PASSED] - Text ****** has been set on object 'Object Repository/Final Object Repo/Login Page/Internal User/Password'

2018-11-16 15:37:11 - [TEST_STEP][PASSED] - click: Object: 'Object Repository/Final Object Repo/Login Page/Internal User/Login Button' is clicked on

2018-11-16 15:37:14 - [MESSAGE][PASSED] - Object: 'Object Repository/Final Object Repo/Login Page/Internal User/Login Button' is clicked on

2018-11-16 15:37:14 - [TEST_STEP][PASSED] - Statement - Try: Delayed 2 second(s)

2018-11-16 15:37:14 - [TEST_STEP][PASSED] - Statement - Checker = false: null

2018-11-16 15:37:14 - [TEST_STEP][PASSED] - Statement - Checker = com.kms.katalon.core.webui.keyword.WebUiBuiltInKeywords.verifyElementHasAttribute(com.kms.katalon.core.testobject.ObjectRepository.findTestObject(Final Object Repo/Landing Page/BM Detecting), "href", 20, OPTIONAL): Object 'Object Repository/Final Object Repo/Landing Page/BM Detecting' has attribute 'href'

2018-11-16 15:37:14 - [MESSAGE][PASSED] - Object 'Object Repository/Final Object Repo/Landing Page/BM Detecting' has attribute 'href'

2018-11-16 15:37:14 - [TEST_STEP][PASSED] - Statement - out.println(Checker): null

2018-11-16 15:37:14 - [TEST_STEP][PASSED] - Statement - If (Checker == false): null

2018-11-16 15:37:14 - [TEST_STEP][PASSED] - Statement - Else: null

2018-11-16 15:37:14 - [TEST_STEP][PASSED] - delay: Delayed 2 second(s)

2018-11-16 15:37:16 - [MESSAGE][PASSED] - Delayed 2 second(s)

2018-11-16 15:37:16 - [TEST_STEP][PASSED] - delay: Delayed 1 second(s)

2018-11-16 15:37:17 - [MESSAGE][PASSED] - Delayed 1 second(s)

2018-11-16 15:37:17 - [TEST_STEP][PASSED] - navigateToUrl: Navigate to 'https://assist2-uat.perkeso.gov.my/web/registration/update/update-employee-information-employer-' successfully

2018-11-16 15:37:19 - [MESSAGE][PASSED] - Navigate to 'https://assist2-uat.perkeso.gov.my/web/registration/update/update-employee-information-employer-' successfully

2018-11-16 15:37:19 - [TEST_STEP][PASSED] - setText: Text 'E1102001065V' is set on object 'Object Repository/Final Object Repo/Page_Update Employee Information By Employer/Employer Code'

2018-11-16 15:37:19 - [MESSAGE][PASSED] - Text 'E1102001065V' is set on object 'Object Repository/Final Object Repo/Page_Update Employee Information By Employer/Employer Code'

2018-11-16 15:37:19 - [TEST_STEP][PASSED] - click: Object: 'Object Repository/Final Object Repo/Page_Update Employee Information By Employer/Search Employer Code' is clicked on

2018-11-16 15:37:20 - [MESSAGE][PASSED] - Object: 'Object Repository/Final Object Repo/Page_Update Employee Information By Employer/Search Employer Code' is clicked on

2018-11-16 15:37:20 - [TEST_STEP][PASSED] - click: Object: 'Object Repository/Final Object Repo/Page_Update Employee Information By Employer/Edit Button' is clicked on

2018-11-16 15:37:24 - [MESSAGE][PASSED] - Object: 'Object Repository/Final Object Repo/Page_Update Employee Information By Employer/Edit Button' is clicked on

2018-11-16 15:37:24 - [TEST_STEP][PASSED] - click: Object: 'Object Repository/Final Object Repo/Page_Update Employee Information By Employer/Employee Name or New Identification' is clicked on

2018-11-16 15:37:24 - [MESSAGE][PASSED] - Object: 'Object Repository/Final Object Repo/Page_Update Employee Information By Employer/Employee Name or New Identification' is clicked on

2018-11-16 15:37:24 - [TEST_STEP][PASSED] - delay: Delayed 1 second(s)

2018-11-16 15:37:25 - [MESSAGE][PASSED] - Delayed 1 second(s)

2018-11-16 15:37:25 - [TEST_STEP][PASSED] - click: Object: 'Object Repository/Final Object Repo/Page_Update Employee Information By Employer/Selection - Employee Name' is clicked on

2018-11-16 15:37:26 - [MESSAGE][PASSED] - Object: 'Object Repository/Final Object Repo/Page_Update Employee Information By Employer/Selection - Employee Name' is clicked on

2018-11-16 15:37:26 - [TEST_STEP][PASSED] - delay: Delayed 1 second(s)

2018-11-16 15:37:27 - [MESSAGE][PASSED] - Delayed 1 second(s)

2018-11-16 15:37:27 - [TEST_STEP][PASSED] - setText: Text 'PERKESO' is set on object 'Object Repository/Final Object Repo/Page_Update Employee Information By Employer/Employee Name'

2018-11-16 15:37:27 - [MESSAGE][PASSED] - Text 'PERKESO' is set on object 'Object Repository/Final Object Repo/Page_Update Employee Information By Employer/Employee Name'

2018-11-16 15:37:27 - [TEST_STEP][PASSED] - delay: Delayed 2 second(s)

2018-11-16 15:37:29 - [MESSAGE][PASSED] - Delayed 2 second(s)

2018-11-16 15:37:29 - [TEST_STEP][PASSED] - click: Object: 'Object Repository/Final Object Repo/Page_Update Employee Information By Employer/Search Employee' is clicked on

2018-11-16 15:37:29 - [MESSAGE][PASSED] - Object: 'Object Repository/Final Object Repo/Page_Update Employee Information By Employer/Search Employee' is clicked on

2018-11-16 15:37:29 - [TEST_STEP][PASSED] - delay: Delayed 3 second(s)

2018-11-16 15:37:32 - [MESSAGE][PASSED] - Delayed 3 second(s)

2018-11-16 15:37:32 - [TEST_STEP][PASSED] - click: Object: 'Object Repository/Final Object Repo/Page_Update Employee Information By Employer/Employee Edit Button' is clicked on

2018-11-16 15:37:33 - [MESSAGE][PASSED] - Object: 'Object Repository/Final Object Repo/Page_Update Employee Information By Employer/Employee Edit Button' is clicked on

2018-11-16 15:37:33 - [TEST_STEP][PASSED] - delay: Delayed 3 second(s)

2018-11-16 15:37:36 - [MESSAGE][PASSED] - Delayed 3 second(s)

2018-11-16 15:37:36 - [TEST_STEP][PASSED] - setText: Text '' is set on object 'Object Repository/Final Object Repo/Page_Update Employee Information By Employer/Identification Number'

2018-11-16 15:37:36 - [MESSAGE][PASSED] - Text '' is set on object 'Object Repository/Final Object Repo/Page_Update Employee Information By Employer/Identification Number'

2018-11-16 15:37:36 - [TEST_STEP][PASSED] - Statement - rnd = new java.util.Random(): null

2018-11-16 15:37:36 - [TEST_STEP][PASSED] - Statement - snum = rnd.nextInt(899999 + 1) + 100000: null

2018-11-16 15:37:36 - [TEST_STEP][PASSED] - Statement - tnum = rnd.nextInt(899999 + 1) + 100000: null

2018-11-16 15:37:36 - [TEST_STEP][PASSED] - Statement - IC = java.lang.Integer.toString(snum) + java.lang.Integer.toString(tnum): null

2018-11-16 15:37:36 - [TEST_STEP][PASSED] - Statement - out.println(IC): null

2018-11-16 15:37:36 - [TEST_STEP][PASSED] - setText: Text '278590529350' is set on object 'Object Repository/Final Object Repo/Page_Update Employee Information By Employer/Identification Number'

2018-11-16 15:37:36 - [MESSAGE][PASSED] - Text '278590529350' is set on object 'Object Repository/Final Object Repo/Page_Update Employee Information By Employer/Identification Number'

2018-11-16 15:37:36 - [TEST_STEP][PASSED] - click: Object: 'Object Repository/Final Object Repo/Page_Update Employee Information By Employer/Save' is clicked on

2018-11-16 15:37:40 - [MESSAGE][PASSED] - Object: 'Object Repository/Final Object Repo/Page_Update Employee Information By Employer/Save' is clicked on

2018-11-16 15:37:40 - [TEST_STEP][PASSED] - delay: Delayed 5 second(s)

2018-11-16 15:37:45 - [MESSAGE][PASSED] - Delayed 5 second(s)

2018-11-16 15:37:45 - [TEST_STEP][PASSED] - Statement - CaseReferenceNo = com.kms.katalon.core.webui.keyword.WebUiBuiltInKeywords.getText(com.kms.katalon.core.testobject.ObjectRepository.findTestObject(Final Object Repo/Reference Number/Reference Number in Update Employee Information Page)): Text of object 'Object Repository/Final Object Repo/Reference Number/Reference Number in Update Employee Information Page' is: 'CUN112018C100005510'

2018-11-16 15:37:45 - [MESSAGE][PASSED] - Text of object 'Object Repository/Final Object Repo/Reference Number/Reference Number in Update Employee Information Page' is: 'CUN112018C100005510'

2018-11-16 15:37:45 - [TEST_STEP][PASSED] - callTestCase: Call Test Case 'Test Cases/Final Aug 2018 - PKS Automation/Common/Reference Number Setter' successfully

2018-11-16 15:37:46 - [TEST_CASE][PASSED] - Test Cases/Final Aug 2018 - PKS Automation/Common/Reference Number Setter: Test Cases/Final Aug 2018 - PKS Automation/Common/Reference Number Setter

2018-11-16 15:37:46 - [TEST_STEP][PASSED] - Statement - RefNoOldFile = new java.io.File(C://KatalonReference.txt): null

2018-11-16 15:37:46 - [TEST_STEP][PASSED] - Statement - RefNoOldFile.delete(): null

2018-11-16 15:37:46 - [TEST_STEP][PASSED] - delay: Delayed 5 second(s)

2018-11-16 15:37:51 - [MESSAGE][PASSED] - Delayed 5 second(s)

2018-11-16 15:37:51 - [TEST_STEP][PASSED] - Statement - RefNo = new java.io.File(C://KatalonReference.txt): null

2018-11-16 15:37:51 - [TEST_STEP][PASSED] - Statement - f2 = new java.io.FileWriter(RefNo, false): null

2018-11-16 15:37:51 - [TEST_STEP][PASSED] - Statement - f2.write(CaseReferenceNo): null

2018-11-16 15:37:51 - [TEST_STEP][PASSED] - Statement - f2.close(): null

2018-11-16 15:37:51 - [TEST_STEP][PASSED] - Statement - out.println("


" + CaseReferenceNo + "


"): null

2018-11-16 15:37:51 - [MESSAGE][PASSED] - Call Test Case 'Test Cases/Final Aug 2018 - PKS Automation/Common/Reference Number Setter' successfully

2018-11-16 15:37:51 - [TEST_STEP][PASSED] - delay: Delayed 5 second(s)

2018-11-16 15:37:56 - [MESSAGE][PASSED] - Delayed 5 second(s)

2018-11-16 15:37:56 - [TEST_STEP][PASSED] - click: Object: 'Object Repository/Final Object Repo/Page_Update Employee Information By Employer/Save  Continue in  Employee Information Page' is clicked on

2018-11-16 15:37:56 - [MESSAGE][PASSED] - Object: 'Object Repository/Final Object Repo/Page_Update Employee Information By Employer/Save  Continue in  Employee Information Page' is clicked on

2018-11-16 15:37:56 - [TEST_STEP][PASSED] - delay: Delayed 5 second(s)

2018-11-16 15:38:01 - [MESSAGE][PASSED] - Delayed 5 second(s)

2018-11-16 15:38:01 - [TEST_STEP][PASSED] - click: Object: 'Object Repository/Final Object Repo/Page_Update Employee Information By Employer/Save  Continue in Uploading Page 1' is clicked on

2018-11-16 15:38:05 - [MESSAGE][PASSED] - Object: 'Object Repository/Final Object Repo/Page_Update Employee Information By Employer/Save  Continue in Uploading Page 1' is clicked on

2018-11-16 15:38:05 - [TEST_STEP][PASSED] - delay: Delayed 5 second(s)

2018-11-16 15:38:10 - [MESSAGE][PASSED] - Delayed 5 second(s)

2018-11-16 15:38:10 - [TEST_STEP][PASSED] - click: Object: 'Object Repository/Final Object Repo/Page_Update Employee Information By Employer/Submit' is clicked on

2018-11-16 15:38:11 - [MESSAGE][PASSED] - Object: 'Object Repository/Final Object Repo/Page_Update Employee Information By Employer/Submit' is clicked on

2018-11-16 15:38:11 - [TEST_STEP][PASSED] - delay: Delayed 5 second(s)

2018-11-16 15:38:16 - [MESSAGE][PASSED] - Delayed 5 second(s)

2018-11-16 15:38:16 - [TEST_STEP][PASSED] - click: Object: 'Object Repository/Final Object Repo/Page_Update Employee Information By Employer/Confirm' is clicked on

2018-11-16 15:38:20 - [MESSAGE][PASSED] - Object: 'Object Repository/Final Object Repo/Page_Update Employee Information By Employer/Confirm' is clicked on

2018-11-16 15:38:20 - [TEST_STEP][PASSED] - delay: Delayed 5 second(s)

2018-11-16 15:38:25 - [MESSAGE][PASSED] - Delayed 5 second(s)

2018-11-16 15:38:25 - [TEST_STEP][PASSED] - verifyElementVisible: Object 'Object Repository/Final Object Repo/Page_Update Employee Information By Employer/Successfull Message Routed to UO' is visible

2018-11-16 15:38:25 - [MESSAGE][PASSED] - Object 'Object Repository/Final Object Repo/Page_Update Employee Information By Employer/Successfull Message Routed to UO' is visible

2018-11-16 15:38:25 - [MESSAGE][PASSED] - Call Test Case 'Test Cases/Final Aug 2018 - PKS Automation/Registration Module/Workflow/Update Employee Information (Employer)/Template/Update Employer Information - Special Case (OTC)' successfully

2018-11-16 15:38:25 - [TEST_STEP][PASSED] - callTestCase: Call Test Case 'Test Cases/Final Aug 2018 - PKS Automation/Registration Module/Workflow/Update Employee Information (Employer)/Template/Update Employee Information - Special Case - UO (UnderEnforcement)' successfully

2018-11-16 15:38:25 - [TEST_CASE][PASSED] - Test Cases/Final Aug 2018 - PKS Automation/Registration Module/Workflow/Update Employee Information (Employer)/Template/Update Employee Information - Special Case - UO (UnderEnforcement): Test Cases/Final Aug 2018 - PKS Automation/Registration Module/Workflow/Update Employee Information (Employer)/Template/Update Employee Information - Special Case - UO (UnderEnforcement)

2018-11-16 15:38:25 - [TEST_STEP][NOT_RUN] - callTestCase: NOT_RUN: callTestCase

2018-11-16 15:38:25 - [MESSAGE][NOT_RUN] - NOT_RUN: callTestCase

2018-11-16 15:38:25 - [TEST_STEP][PASSED] - delay: Delayed 2 second(s)

2018-11-16 15:38:27 - [MESSAGE][PASSED] - Delayed 2 second(s)

2018-11-16 15:38:27 - [TEST_STEP][PASSED] - navigateToUrl: Navigate to 'https://assist2-uat.perkeso.gov.my/c/portal/logout' successfully

2018-11-16 15:38:28 - [MESSAGE][PASSED] - Navigate to 'https://assist2-uat.perkeso.gov.my/c/portal/logout' successfully

2018-11-16 15:38:28 - [TEST_STEP][PASSED] - delay: Delayed 2 second(s)

2018-11-16 15:38:30 - [MESSAGE][PASSED] - Delayed 2 second(s)

2018-11-16 15:38:30 - [TEST_STEP][PASSED] - callTestCase: Call Test Case 'Test Cases/Final Aug 2018 - PKS Automation/Common/Reference Number Getter' successfully

2018-11-16 15:38:30 - [TEST_CASE][PASSED] - Test Cases/Final Aug 2018 - PKS Automation/Common/Reference Number Getter: Test Cases/Final Aug 2018 - PKS Automation/Common/Reference Number Getter

2018-11-16 15:38:30 - [TEST_STEP][PASSED] - Statement - Try: null

2018-11-16 15:38:30 - [TEST_STEP][PASSED] - Statement - RefNo = new java.io.File(C://KatalonReference.txt): null

2018-11-16 15:38:30 - [TEST_STEP][PASSED] - Statement - bufferread = new java.io.BufferedReader(new java.io.FileReader(RefNo)): null

2018-11-16 15:38:30 - [TEST_STEP][PASSED] - Statement - readedVal = bufferread.readLine(): null

2018-11-16 15:38:30 - [TEST_STEP][PASSED] - Statement - out.println(CaseReferenceNo): null

2018-11-16 15:38:30 - [TEST_STEP][PASSED] - Statement - out.println(readedVal): null

2018-11-16 15:38:30 - [TEST_STEP][PASSED] - Statement - CaseReferenceNo = "": null

2018-11-16 15:38:30 - [TEST_STEP][PASSED] - Statement - CaseReferenceNo = readedVal: null

2018-11-16 15:38:30 - [MESSAGE][PASSED] - Call Test Case 'Test Cases/Final Aug 2018 - PKS Automation/Common/Reference Number Getter' successfully

2018-11-16 15:38:30 - [TEST_STEP][PASSED] - callTestCase: Call Test Case 'Test Cases/Final Aug 2018 - PKS Automation/Common/Workflow Owner Finder' successfully

2018-11-16 15:38:31 - [TEST_CASE][PASSED] - Test Cases/Final Aug 2018 - PKS Automation/Common/Workflow Owner Finder: Test Cases/Final Aug 2018 - PKS Automation/Common/Workflow Owner Finder

2018-11-16 15:38:31 - [TEST_STEP][PASSED] - openBrowser: Browser is opened with url: ''

2018-11-16 15:38:31 - [MESSAGE][WARNING] - A browser is already opened. Closing browser and opening a new one

2018-11-16 15:38:35 - [MESSAGE][PASSED] - Browser is opened with url: ''

2018-11-16 15:38:35 - [TEST_STEP][PASSED] - navigateToUrl: Navigate to 'https://assist2-uat.perkeso.gov.my/login' successfully

2018-11-16 15:38:37 - [MESSAGE][PASSED] - Navigate to 'https://assist2-uat.perkeso.gov.my/login' successfully

2018-11-16 15:38:37 - [TEST_STEP][PASSED] - delay: Delayed 5 second(s)

2018-11-16 15:38:42 - [MESSAGE][PASSED] - Delayed 5 second(s)

2018-11-16 15:38:42 - [TEST_STEP][PASSED] - setText: Text 'test@liferay.com' is set on object 'Object Repository/Final Object Repo/Login Page/Internal User/Email Address'

2018-11-16 15:38:42 - [MESSAGE][PASSED] - Text 'test@liferay.com' is set on object 'Object Repository/Final Object Repo/Login Page/Internal User/Email Address'

2018-11-16 15:38:42 - [TEST_STEP][PASSED] - click: Object: 'Object Repository/Final Object Repo/Login Page/Internal User/Next Button' is clicked on

2018-11-16 15:38:43 - [MESSAGE][PASSED] - Object: 'Object Repository/Final Object Repo/Login Page/Internal User/Next Button' is clicked on

2018-11-16 15:38:43 - [TEST_STEP][PASSED] - delay: Delayed 2 second(s)

2018-11-16 15:38:45 - [MESSAGE][PASSED] - Delayed 2 second(s)

2018-11-16 15:38:45 - [TEST_STEP][PASSED] - setText: Text 'test' is set on object 'Object Repository/Final Object Repo/Login Page/Internal User/Password'

2018-11-16 15:38:45 - [MESSAGE][PASSED] - Text 'test' is set on object 'Object Repository/Final Object Repo/Login Page/Internal User/Password'

2018-11-16 15:38:45 - [TEST_STEP][PASSED] - delay: Delayed 2 second(s)

2018-11-16 15:38:47 - [MESSAGE][PASSED] - Delayed 2 second(s)

2018-11-16 15:38:47 - [TEST_STEP][PASSED] - click: Object: 'Object Repository/Final Object Repo/Login Page/Internal User/Login Button' is clicked on

2018-11-16 15:38:50 - [MESSAGE][PASSED] - Object: 'Object Repository/Final Object Repo/Login Page/Internal User/Login Button' is clicked on

2018-11-16 15:38:50 - [TEST_STEP][PASSED] - Statement - Try: Delayed 2 second(s)

2018-11-16 15:38:50 - [TEST_STEP][PASSED] - Statement - Checker = false: null

2018-11-16 15:38:50 - [TEST_STEP][PASSED] - Statement - Checker = com.kms.katalon.core.webui.keyword.WebUiBuiltInKeywords.verifyElementHasAttribute(com.kms.katalon.core.testobject.ObjectRepository.findTestObject(Final Object Repo/Landing Page/BM Detecting), "href", 20, OPTIONAL): Object 'Object Repository/Final Object Repo/Landing Page/BM Detecting' has attribute 'href'

2018-11-16 15:38:50 - [MESSAGE][PASSED] - Object 'Object Repository/Final Object Repo/Landing Page/BM Detecting' has attribute 'href'

2018-11-16 15:38:50 - [TEST_STEP][PASSED] - Statement - out.println(Checker): null

2018-11-16 15:38:50 - [TEST_STEP][PASSED] - Statement - If (Checker == false): null

2018-11-16 15:38:50 - [TEST_STEP][PASSED] - Statement - Else: null

2018-11-16 15:38:50 - [TEST_STEP][PASSED] - delay: Delayed 2 second(s)

2018-11-16 15:38:52 - [MESSAGE][PASSED] - Delayed 2 second(s)

2018-11-16 15:38:52 - [TEST_STEP][PASSED] - delay: Delayed 3 second(s)

2018-11-16 15:38:55 - [MESSAGE][PASSED] - Delayed 3 second(s)

2018-11-16 15:38:55 - [TEST_STEP][PASSED] - mouseOver: Object: 'Object Repository/Final Object Repo/Landing Page/WorkFlow Menu' is hovered

2018-11-16 15:38:55 - [MESSAGE][PASSED] - Object: 'Object Repository/Final Object Repo/Landing Page/WorkFlow Menu' is hovered

2018-11-16 15:38:55 - [TEST_STEP][PASSED] - delay: Delayed 2 second(s)

2018-11-16 15:38:57 - [MESSAGE][PASSED] - Delayed 2 second(s)

2018-11-16 15:38:57 - [TEST_STEP][PASSED] - click: Object: 'Object Repository/Final Object Repo/Landing Page/Select to Workflow Listing' is clicked on

2018-11-16 15:38:58 - [MESSAGE][PASSED] - Object: 'Object Repository/Final Object Repo/Landing Page/Select to Workflow Listing' is clicked on

2018-11-16 15:38:58 - [TEST_STEP][PASSED] - delay: Delayed 2 second(s)

2018-11-16 15:39:00 - [MESSAGE][PASSED] - Delayed 2 second(s)

2018-11-16 15:39:00 - [TEST_STEP][PASSED] - click: Object: 'Object Repository/Final Object Repo/WorkFlow Listing Page/Search Information - To Put Ref No' is clicked on

2018-11-16 15:39:01 - [MESSAGE][PASSED] - Object: 'Object Repository/Final Object Repo/WorkFlow Listing Page/Search Information - To Put Ref No' is clicked on

2018-11-16 15:39:01 - [TEST_STEP][PASSED] - delay: Delayed 2 second(s)

2018-11-16 15:39:03 - [MESSAGE][PASSED] - Delayed 2 second(s)

2018-11-16 15:39:03 - [TEST_STEP][PASSED] - callTestCase: Call Test Case 'Test Cases/Final Aug 2018 - PKS Automation/Common/Reference Number Getter' successfully

2018-11-16 15:39:03 - [TEST_CASE][PASSED] - Test Cases/Final Aug 2018 - PKS Automation/Common/Reference Number Getter: Test Cases/Final Aug 2018 - PKS Automation/Common/Reference Number Getter

2018-11-16 15:39:03 - [TEST_STEP][PASSED] - Statement - Try: null

2018-11-16 15:39:03 - [TEST_STEP][PASSED] - Statement - RefNo = new java.io.File(C://KatalonReference.txt): null

2018-11-16 15:39:03 - [TEST_STEP][PASSED] - Statement - bufferread = new java.io.BufferedReader(new java.io.FileReader(RefNo)): null

2018-11-16 15:39:03 - [TEST_STEP][PASSED] - Statement - readedVal = bufferread.readLine(): null

2018-11-16 15:39:03 - [TEST_STEP][PASSED] - Statement - out.println(CaseReferenceNo): null

2018-11-16 15:39:03 - [TEST_STEP][PASSED] - Statement - out.println(readedVal): null

2018-11-16 15:39:03 - [TEST_STEP][PASSED] - Statement - CaseReferenceNo = "": null

2018-11-16 15:39:03 - [TEST_STEP][PASSED] - Statement - CaseReferenceNo = readedVal: null

2018-11-16 15:39:03 - [MESSAGE][PASSED] - Call Test Case 'Test Cases/Final Aug 2018 - PKS Automation/Common/Reference Number Getter' successfully

2018-11-16 15:39:03 - [TEST_STEP][PASSED] - setText: Text 'CUN112018C100005510' is set on object 'Object Repository/Final Object Repo/WorkFlow Listing Page/Ref No Set Text'

2018-11-16 15:39:03 - [MESSAGE][PASSED] - Text 'CUN112018C100005510' is set on object 'Object Repository/Final Object Repo/WorkFlow Listing Page/Ref No Set Text'

2018-11-16 15:39:03 - [TEST_STEP][PASSED] - delay: Delayed 2 second(s)

2018-11-16 15:39:05 - [MESSAGE][PASSED] - Delayed 2 second(s)

2018-11-16 15:39:05 - [TEST_STEP][PASSED] - click: Object: 'Object Repository/Final Object Repo/WorkFlow Listing Page/Search Ref No Search Button' is clicked on

2018-11-16 15:39:07 - [MESSAGE][PASSED] - Object: 'Object Repository/Final Object Repo/WorkFlow Listing Page/Search Ref No Search Button' is clicked on

2018-11-16 15:39:07 - [TEST_STEP][PASSED] - delay: Delayed 4 second(s)

2018-11-16 15:39:11 - [MESSAGE][PASSED] - Delayed 4 second(s)

2018-11-16 15:39:11 - [TEST_STEP][PASSED] - click: Object: 'Object Repository/Final Object Repo/WorkFlow Listing Page/Click Continue Tooltip' is clicked on

2018-11-16 15:39:12 - [MESSAGE][PASSED] - Object: 'Object Repository/Final Object Repo/WorkFlow Listing Page/Click Continue Tooltip' is clicked on

2018-11-16 15:39:12 - [TEST_STEP][PASSED] - delay: Delayed 5 second(s)

2018-11-16 15:39:17 - [MESSAGE][PASSED] - Delayed 5 second(s)

2018-11-16 15:39:17 - [TEST_STEP][PASSED] - doubleClick: Object: 'Object Repository/Final Object Repo/WorkFlow Listing Page/Workflow Found - Listing 1' is double clicked on

2018-11-16 15:39:18 - [MESSAGE][PASSED] - Object: 'Object Repository/Final Object Repo/WorkFlow Listing Page/Workflow Found - Listing 1' is double clicked on

2018-11-16 15:39:18 - [TEST_STEP][PASSED] - Statement - println(OwnerID): null

2018-11-16 15:39:18 - [TEST_STEP][PASSED] - Statement - OwnerID = com.kms.katalon.core.webui.keyword.WebUiBuiltInKeywords.getText(com.kms.katalon.core.testobject.ObjectRepository.findTestObject(Final Object Repo/WorkFlow Listing Page/Workflow Found - Listing 1), STOP_ON_FAILURE): Text of object 'Object Repository/Final Object Repo/WorkFlow Listing Page/Workflow Found - Listing 1' is: 'JOHORuo1'

2018-11-16 15:39:18 - [MESSAGE][PASSED] - Text of object 'Object Repository/Final Object Repo/WorkFlow Listing Page/Workflow Found - Listing 1' is: 'JOHORuo1'

2018-11-16 15:39:18 - [TEST_STEP][PASSED] - Statement - OwnerID = OwnerID.toLowerCase() + "@gmail.com": null

2018-11-16 15:39:18 - [TEST_STEP][PASSED] - Statement - println(OwnerID): null

2018-11-16 15:39:18 - [TEST_STEP][PASSED] - delay: Delayed 2 second(s)

2018-11-16 15:39:20 - [MESSAGE][PASSED] - Delayed 2 second(s)

2018-11-16 15:39:20 - [MESSAGE][PASSED] - Call Test Case 'Test Cases/Final Aug 2018 - PKS Automation/Common/Workflow Owner Finder' successfully

2018-11-16 15:39:20 - [TEST_STEP][PASSED] - delay: Delayed 2 second(s)

2018-11-16 15:39:22 - [MESSAGE][PASSED] - Delayed 2 second(s)

2018-11-16 15:39:22 - [TEST_STEP][PASSED] - navigateToUrl: Navigate to 'https://assist2-uat.perkeso.gov.my/c/portal/logout' successfully

2018-11-16 15:39:23 - [MESSAGE][PASSED] - Navigate to 'https://assist2-uat.perkeso.gov.my/c/portal/logout' successfully

2018-11-16 15:39:23 - [TEST_STEP][PASSED] - delay: Delayed 2 second(s)

2018-11-16 15:39:25 - [MESSAGE][PASSED] - Delayed 2 second(s)

2018-11-16 15:39:25 - [TEST_STEP][PASSED] - callTestCase: Call Test Case 'Test Cases/Final Aug 2018 - PKS Automation/Registration Module/Workflow/Login and Search Case For Workflow' successfully

2018-11-16 15:39:25 - [TEST_CASE][PASSED] - Test Cases/Final Aug 2018 - PKS Automation/Registration Module/Workflow/Login and Search Case For Workflow: Test Cases/Final Aug 2018 - PKS Automation/Registration Module/Workflow/Login and Search Case For Workflow

2018-11-16 15:39:25 - [TEST_STEP][PASSED] - navigateToUrl: Navigate to 'https://assist2-uat.perkeso.gov.my/login' successfully

2018-11-16 15:39:26 - [MESSAGE][PASSED] - Navigate to 'https://assist2-uat.perkeso.gov.my/login' successfully

2018-11-16 15:39:26 - [TEST_STEP][PASSED] - setText: Text 'johoruo1@gmail.com' is set on object 'Object Repository/Final Object Repo/Login Page/Internal User/Email Address'

2018-11-16 15:39:26 - [MESSAGE][PASSED] - Text 'johoruo1@gmail.com' is set on object 'Object Repository/Final Object Repo/Login Page/Internal User/Email Address'

2018-11-16 15:39:26 - [TEST_STEP][PASSED] - click: Object: 'Object Repository/Final Object Repo/Login Page/Internal User/Next Button' is clicked on

2018-11-16 15:39:26 - [MESSAGE][PASSED] - Object: 'Object Repository/Final Object Repo/Login Page/Internal User/Next Button' is clicked on

2018-11-16 15:39:26 - [TEST_STEP][PASSED] - delay: Delayed 1 second(s)

2018-11-16 15:39:27 - [MESSAGE][PASSED] - Delayed 1 second(s)

2018-11-16 15:39:27 - [TEST_STEP][PASSED] - setEncryptedText: Text ****** has been set on object 'Object Repository/Final Object Repo/Login Page/Internal User/Password'

2018-11-16 15:39:27 - [MESSAGE][PASSED] - Text ****** has been set on object 'Object Repository/Final Object Repo/Login Page/Internal User/Password'

2018-11-16 15:39:27 - [TEST_STEP][PASSED] - click: Object: 'Object Repository/Final Object Repo/Login Page/Internal User/Login Button' is clicked on

2018-11-16 15:39:29 - [MESSAGE][PASSED] - Object: 'Object Repository/Final Object Repo/Login Page/Internal User/Login Button' is clicked on

2018-11-16 15:39:29 - [TEST_STEP][PASSED] - delay: Delayed 2 second(s)

2018-11-16 15:39:31 - [MESSAGE][PASSED] - Delayed 2 second(s)

2018-11-16 15:39:31 - [TEST_STEP][PASSED] - Statement - Try: Delayed 2 second(s)

2018-11-16 15:39:31 - [TEST_STEP][PASSED] - Statement - Checker = false: null

2018-11-16 15:39:31 - [TEST_STEP][PASSED] - Statement - Checker = com.kms.katalon.core.webui.keyword.WebUiBuiltInKeywords.verifyElementHasAttribute(com.kms.katalon.core.testobject.ObjectRepository.findTestObject(Final Object Repo/Landing Page/BM Detecting), "href", 20, OPTIONAL): Object 'Object Repository/Final Object Repo/Landing Page/BM Detecting' has attribute 'href'

2018-11-16 15:39:31 - [MESSAGE][PASSED] - Object 'Object Repository/Final Object Repo/Landing Page/BM Detecting' has attribute 'href'

2018-11-16 15:39:31 - [TEST_STEP][PASSED] - Statement - out.println(Checker): null

2018-11-16 15:39:31 - [TEST_STEP][PASSED] - Statement - If (Checker == false): null

2018-11-16 15:39:31 - [TEST_STEP][PASSED] - Statement - Else: null

2018-11-16 15:39:31 - [TEST_STEP][PASSED] - delay: Delayed 2 second(s)

2018-11-16 15:39:33 - [MESSAGE][PASSED] - Delayed 2 second(s)

2018-11-16 15:39:33 - [TEST_STEP][PASSED] - click: Object: 'Object Repository/Final Object Repo/Page_MyASSIST - ASSIST - Search Pending Case For Add Supporting Document/Search Information' is clicked on

2018-11-16 15:39:34 - [MESSAGE][PASSED] - Object: 'Object Repository/Final Object Repo/Page_MyASSIST - ASSIST - Search Pending Case For Add Supporting Document/Search Information' is clicked on

2018-11-16 15:39:34 - [TEST_STEP][PASSED] - delay: Delayed 3 second(s)

2018-11-16 15:39:37 - [MESSAGE][PASSED] - Delayed 3 second(s)

2018-11-16 15:39:37 - [TEST_STEP][PASSED] - sendKeys: Keys 'CUN112018C100005510' sent to object: 'Object Repository/Final Object Repo/Page_MyASSIST - ASSIST - Search Pending Case For Add Supporting Document/Reference No'

2018-11-16 15:39:37 - [MESSAGE][PASSED] - Keys 'CUN112018C100005510' sent to object: 'Object Repository/Final Object Repo/Page_MyASSIST - ASSIST - Search Pending Case For Add Supporting Document/Reference No'

2018-11-16 15:39:37 - [TEST_STEP][PASSED] - click: Object: 'Object Repository/Final Object Repo/Page_MyASSIST - ASSIST - Search Pending Case For Add Supporting Document/Search Reference No' is clicked on

2018-11-16 15:39:39 - [MESSAGE][PASSED] - Object: 'Object Repository/Final Object Repo/Page_MyASSIST - ASSIST - Search Pending Case For Add Supporting Document/Search Reference No' is clicked on

2018-11-16 15:39:39 - [TEST_STEP][PASSED] - delay: Delayed 2 second(s)

2018-11-16 15:39:41 - [MESSAGE][PASSED] - Delayed 2 second(s)

2018-11-16 15:39:41 - [TEST_STEP][PASSED] - click: Object: 'Object Repository/Final Object Repo/Page_MyASSIST - ASSIST - Search Pending Case For Add Supporting Document/Continue' is clicked on

2018-11-16 15:39:46 - [MESSAGE][PASSED] - Object: 'Object Repository/Final Object Repo/Page_MyASSIST - ASSIST - Search Pending Case For Add Supporting Document/Continue' is clicked on

2018-11-16 15:39:46 - [TEST_STEP][PASSED] - delay: Delayed 20 second(s)

2018-11-16 15:40:06 - [MESSAGE][PASSED] - Delayed 20 second(s)

2018-11-16 15:40:06 - [MESSAGE][PASSED] - Call Test Case 'Test Cases/Final Aug 2018 - PKS Automation/Registration Module/Workflow/Login and Search Case For Workflow' successfully

2018-11-16 15:40:06 - [TEST_STEP][PASSED] - delay: Delayed 2 second(s)

2018-11-16 15:40:08 - [MESSAGE][PASSED] - Delayed 2 second(s)

2018-11-16 15:40:08 - [TEST_STEP][PASSED] - click: Object: 'Object Repository/Final Object Repo/Page_Update Employee Information By Employer/Page_Update Employee Information by Employer (Approve)/Continue' is clicked on

2018-11-16 15:40:12 - [MESSAGE][PASSED] - Object: 'Object Repository/Final Object Repo/Page_Update Employee Information By Employer/Page_Update Employee Information by Employer (Approve)/Continue' is clicked on

2018-11-16 15:40:12 - [TEST_STEP][PASSED] - delay: Delayed 2 second(s)

2018-11-16 15:40:14 - [MESSAGE][PASSED] - Delayed 2 second(s)

2018-11-16 15:40:14 - [TEST_STEP][PASSED] - click: Object: 'Object Repository/Final Object Repo/Page_Update Employee Information By Employer/Page_Update Employee Information by Employer (Approve)/Save  Continue in Update Employee Information Page' is clicked on

2018-11-16 15:40:18 - [MESSAGE][PASSED] - Object: 'Object Repository/Final Object Repo/Page_Update Employee Information By Employer/Page_Update Employee Information by Employer (Approve)/Save  Continue in Update Employee Information Page' is clicked on

2018-11-16 15:40:18 - [TEST_STEP][PASSED] - delay: Delayed 4 second(s)

2018-11-16 15:40:22 - [MESSAGE][PASSED] - Delayed 4 second(s)

2018-11-16 15:40:22 - [TEST_STEP][PASSED] - click: Object: 'Object Repository/Final Object Repo/Page_Update Employee Information By Employer/Page_Update Employee Information by Employer (Approve)/Save  Continue in Upload Supporting Doucument Page' is clicked on

2018-11-16 15:40:27 - [MESSAGE][PASSED] - Object: 'Object Repository/Final Object Repo/Page_Update Employee Information By Employer/Page_Update Employee Information by Employer (Approve)/Save  Continue in Upload Supporting Doucument Page' is clicked on

2018-11-16 15:40:27 - [TEST_STEP][PASSED] - delay: Delayed 2 second(s)

2018-11-16 15:40:29 - [MESSAGE][PASSED] - Delayed 2 second(s)

2018-11-16 15:40:29 - [TEST_STEP][PASSED] - click: Object: 'Object Repository/Final Object Repo/Page_Update Employee Information By Employer/Page_Update Employee Information by Employer (Under enforcement)/Under enforcement' is clicked on

2018-11-16 15:40:29 - [MESSAGE][PASSED] - Object: 'Object Repository/Final Object Repo/Page_Update Employee Information By Employer/Page_Update Employee Information by Employer (Under enforcement)/Under enforcement' is clicked on

2018-11-16 15:40:29 - [TEST_STEP][PASSED] - delay: Delayed 2 second(s)

2018-11-16 15:40:31 - [MESSAGE][PASSED] - Delayed 2 second(s)

2018-11-16 15:40:31 - [TEST_STEP][PASSED] - setText: Text 'Remark' is set on object 'Object Repository/Final Object Repo/Page_Update Employee Information By Employer/Page_Update Employee Information by Employer (Under enforcement)/Under enforcement - Remark'

2018-11-16 15:40:31 - [MESSAGE][PASSED] - Text 'Remark' is set on object 'Object Repository/Final Object Repo/Page_Update Employee Information By Employer/Page_Update Employee Information by Employer (Under enforcement)/Under enforcement - Remark'

2018-11-16 15:40:31 - [TEST_STEP][PASSED] - delay: Delayed 2 second(s)

2018-11-16 15:40:33 - [MESSAGE][PASSED] - Delayed 2 second(s)

2018-11-16 15:40:33 - [TEST_STEP][PASSED] - click: Object: 'Object Repository/Final Object Repo/Page_Update Employee Information By Employer/Page_Update Employee Information by Employer (Under enforcement)/Save  Continu in Under enforcement Page' is clicked on

2018-11-16 15:40:37 - [MESSAGE][PASSED] - Object: 'Object Repository/Final Object Repo/Page_Update Employee Information By Employer/Page_Update Employee Information by Employer (Under enforcement)/Save  Continu in Under enforcement Page' is clicked on

2018-11-16 15:40:37 - [TEST_STEP][PASSED] - delay: Delayed 2 second(s)

2018-11-16 15:40:39 - [MESSAGE][PASSED] - Delayed 2 second(s)

2018-11-16 15:40:39 - [TEST_STEP][PASSED] - click: Object: 'Object Repository/Final Object Repo/Page_Update Employee Information By Employer/Page_Update Employee Information by Employer (Under enforcement)/Under enforceme Message The case is under enforcement' is clicked on

2018-11-16 15:40:40 - [MESSAGE][PASSED] - Object: 'Object Repository/Final Object Repo/Page_Update Employee Information By Employer/Page_Update Employee Information by Employer (Under enforcement)/Under enforceme Message The case is under enforcement' is clicked on

2018-11-16 15:40:40 - [TEST_STEP][PASSED] - click: Object: 'Object Repository/Final Object Repo/Page_Update Employee Information By Employer/Page_Update Employee Information by Employer (Under enforcement)/Under enforcement - OK button' is clicked on

2018-11-16 15:40:41 - [MESSAGE][PASSED] - Object: 'Object Repository/Final Object Repo/Page_Update Employee Information By Employer/Page_Update Employee Information by Employer (Under enforcement)/Under enforcement - OK button' is clicked on

2018-11-16 15:40:41 - [MESSAGE][PASSED] - Call Test Case 'Test Cases/Final Aug 2018 - PKS Automation/Registration Module/Workflow/Update Employee Information (Employer)/Template/Update Employee Information - Special Case - UO (UnderEnforcement)' successfully]]></system-out>
         <system-err><![CDATA[]]></system-err>
      </testcase>
      <testcase name="Test Cases/Final Aug 2018 - PKS Automation/Registration Module/Workflow/Update Employee Information (Employer)/OTC - UO (Approve)" classname="Test Cases/Final Aug 2018 - PKS Automation/Registration Module/Workflow/Update Employee Information (Employer)/OTC - UO (Approve)" status="PASSED">
         <system-out><![CDATA[2018-11-16 15:40:41 - [TEST_CASE][PASSED] - Test Cases/Final Aug 2018 - PKS Automation/Registration Module/Workflow/Update Employee Information (Employer)/OTC - UO (Approve): Test Cases/Final Aug 2018 - PKS Automation/Registration Module/Workflow/Update Employee Information (Employer)/OTC - UO (Approve)

2018-11-16 15:40:41 - [TEST_STEP][PASSED] - callTestCase: Call Test Case 'Test Cases/Final Aug 2018 - PKS Automation/Registration Module/Workflow/Update Employee Information (Employer)/Template/Update Employer Information - Special Case (OTC)' successfully

2018-11-16 15:40:41 - [TEST_CASE][PASSED] - Test Cases/Final Aug 2018 - PKS Automation/Registration Module/Workflow/Update Employee Information (Employer)/Template/Update Employer Information - Special Case (OTC): Test Cases/Final Aug 2018 - PKS Automation/Registration Module/Workflow/Update Employee Information (Employer)/Template/Update Employer Information - Special Case (OTC)

2018-11-16 15:40:41 - [TEST_STEP][PASSED] - openBrowser: Browser is opened with url: ''

2018-11-16 15:40:41 - [MESSAGE][WARNING] - A browser is already opened. Closing browser and opening a new one

2018-11-16 15:40:54 - [MESSAGE][PASSED] - Browser is opened with url: ''

2018-11-16 15:40:54 - [TEST_STEP][PASSED] - navigateToUrl: Navigate to 'https://assist2-uat.perkeso.gov.my/login' successfully

2018-11-16 15:40:56 - [MESSAGE][PASSED] - Navigate to 'https://assist2-uat.perkeso.gov.my/login' successfully

2018-11-16 15:40:56 - [TEST_STEP][PASSED] - setText: Text 'johorotc1@gmail.com' is set on object 'Object Repository/Final Object Repo/Login Page/Internal User/Email Address'

2018-11-16 15:40:56 - [MESSAGE][PASSED] - Text 'johorotc1@gmail.com' is set on object 'Object Repository/Final Object Repo/Login Page/Internal User/Email Address'

2018-11-16 15:40:56 - [TEST_STEP][PASSED] - click: Object: 'Object Repository/Final Object Repo/Login Page/Internal User/Next Button' is clicked on

2018-11-16 15:40:56 - [MESSAGE][PASSED] - Object: 'Object Repository/Final Object Repo/Login Page/Internal User/Next Button' is clicked on

2018-11-16 15:40:56 - [TEST_STEP][PASSED] - delay: Delayed 1 second(s)

2018-11-16 15:40:57 - [MESSAGE][PASSED] - Delayed 1 second(s)

2018-11-16 15:40:57 - [TEST_STEP][PASSED] - setEncryptedText: Text ****** has been set on object 'Object Repository/Final Object Repo/Login Page/Internal User/Password'

2018-11-16 15:40:58 - [MESSAGE][PASSED] - Text ****** has been set on object 'Object Repository/Final Object Repo/Login Page/Internal User/Password'

2018-11-16 15:40:58 - [TEST_STEP][PASSED] - click: Object: 'Object Repository/Final Object Repo/Login Page/Internal User/Login Button' is clicked on

2018-11-16 15:41:00 - [MESSAGE][PASSED] - Object: 'Object Repository/Final Object Repo/Login Page/Internal User/Login Button' is clicked on

2018-11-16 15:41:00 - [TEST_STEP][PASSED] - Statement - Try: Delayed 2 second(s)

2018-11-16 15:41:00 - [TEST_STEP][PASSED] - Statement - Checker = false: null

2018-11-16 15:41:00 - [TEST_STEP][PASSED] - Statement - Checker = com.kms.katalon.core.webui.keyword.WebUiBuiltInKeywords.verifyElementHasAttribute(com.kms.katalon.core.testobject.ObjectRepository.findTestObject(Final Object Repo/Landing Page/BM Detecting), "href", 20, OPTIONAL): Object 'Object Repository/Final Object Repo/Landing Page/BM Detecting' has attribute 'href'

2018-11-16 15:41:00 - [MESSAGE][PASSED] - Object 'Object Repository/Final Object Repo/Landing Page/BM Detecting' has attribute 'href'

2018-11-16 15:41:00 - [TEST_STEP][PASSED] - Statement - out.println(Checker): null

2018-11-16 15:41:00 - [TEST_STEP][PASSED] - Statement - If (Checker == false): null

2018-11-16 15:41:00 - [TEST_STEP][PASSED] - Statement - Else: null

2018-11-16 15:41:00 - [TEST_STEP][PASSED] - delay: Delayed 2 second(s)

2018-11-16 15:41:02 - [MESSAGE][PASSED] - Delayed 2 second(s)

2018-11-16 15:41:02 - [TEST_STEP][PASSED] - delay: Delayed 1 second(s)

2018-11-16 15:41:03 - [MESSAGE][PASSED] - Delayed 1 second(s)

2018-11-16 15:41:03 - [TEST_STEP][PASSED] - navigateToUrl: Navigate to 'https://assist2-uat.perkeso.gov.my/web/registration/update/update-employee-information-employer-' successfully

2018-11-16 15:41:05 - [MESSAGE][PASSED] - Navigate to 'https://assist2-uat.perkeso.gov.my/web/registration/update/update-employee-information-employer-' successfully

2018-11-16 15:41:05 - [TEST_STEP][PASSED] - setText: Text 'E1102001065V' is set on object 'Object Repository/Final Object Repo/Page_Update Employee Information By Employer/Employer Code'

2018-11-16 15:41:05 - [MESSAGE][PASSED] - Text 'E1102001065V' is set on object 'Object Repository/Final Object Repo/Page_Update Employee Information By Employer/Employer Code'

2018-11-16 15:41:05 - [TEST_STEP][PASSED] - click: Object: 'Object Repository/Final Object Repo/Page_Update Employee Information By Employer/Search Employer Code' is clicked on

2018-11-16 15:41:06 - [MESSAGE][PASSED] - Object: 'Object Repository/Final Object Repo/Page_Update Employee Information By Employer/Search Employer Code' is clicked on

2018-11-16 15:41:06 - [TEST_STEP][PASSED] - click: Object: 'Object Repository/Final Object Repo/Page_Update Employee Information By Employer/Edit Button' is clicked on

2018-11-16 15:41:09 - [MESSAGE][PASSED] - Object: 'Object Repository/Final Object Repo/Page_Update Employee Information By Employer/Edit Button' is clicked on

2018-11-16 15:41:09 - [TEST_STEP][PASSED] - click: Object: 'Object Repository/Final Object Repo/Page_Update Employee Information By Employer/Employee Name or New Identification' is clicked on

2018-11-16 15:41:10 - [MESSAGE][PASSED] - Object: 'Object Repository/Final Object Repo/Page_Update Employee Information By Employer/Employee Name or New Identification' is clicked on

2018-11-16 15:41:10 - [TEST_STEP][PASSED] - delay: Delayed 1 second(s)

2018-11-16 15:41:11 - [MESSAGE][PASSED] - Delayed 1 second(s)

2018-11-16 15:41:11 - [TEST_STEP][PASSED] - click: Object: 'Object Repository/Final Object Repo/Page_Update Employee Information By Employer/Selection - Employee Name' is clicked on

2018-11-16 15:41:11 - [MESSAGE][PASSED] - Object: 'Object Repository/Final Object Repo/Page_Update Employee Information By Employer/Selection - Employee Name' is clicked on

2018-11-16 15:41:11 - [TEST_STEP][PASSED] - delay: Delayed 1 second(s)

2018-11-16 15:41:12 - [MESSAGE][PASSED] - Delayed 1 second(s)

2018-11-16 15:41:12 - [TEST_STEP][PASSED] - setText: Text 'PERKESO' is set on object 'Object Repository/Final Object Repo/Page_Update Employee Information By Employer/Employee Name'

2018-11-16 15:41:13 - [MESSAGE][PASSED] - Text 'PERKESO' is set on object 'Object Repository/Final Object Repo/Page_Update Employee Information By Employer/Employee Name'

2018-11-16 15:41:13 - [TEST_STEP][PASSED] - delay: Delayed 2 second(s)

2018-11-16 15:41:15 - [MESSAGE][PASSED] - Delayed 2 second(s)

2018-11-16 15:41:15 - [TEST_STEP][PASSED] - click: Object: 'Object Repository/Final Object Repo/Page_Update Employee Information By Employer/Search Employee' is clicked on

2018-11-16 15:41:15 - [MESSAGE][PASSED] - Object: 'Object Repository/Final Object Repo/Page_Update Employee Information By Employer/Search Employee' is clicked on

2018-11-16 15:41:15 - [TEST_STEP][PASSED] - delay: Delayed 3 second(s)

2018-11-16 15:41:18 - [MESSAGE][PASSED] - Delayed 3 second(s)

2018-11-16 15:41:18 - [TEST_STEP][PASSED] - click: Object: 'Object Repository/Final Object Repo/Page_Update Employee Information By Employer/Employee Edit Button' is clicked on

2018-11-16 15:41:18 - [MESSAGE][PASSED] - Object: 'Object Repository/Final Object Repo/Page_Update Employee Information By Employer/Employee Edit Button' is clicked on

2018-11-16 15:41:18 - [TEST_STEP][PASSED] - delay: Delayed 3 second(s)

2018-11-16 15:41:21 - [MESSAGE][PASSED] - Delayed 3 second(s)

2018-11-16 15:41:21 - [TEST_STEP][PASSED] - setText: Text '' is set on object 'Object Repository/Final Object Repo/Page_Update Employee Information By Employer/Identification Number'

2018-11-16 15:41:22 - [MESSAGE][PASSED] - Text '' is set on object 'Object Repository/Final Object Repo/Page_Update Employee Information By Employer/Identification Number'

2018-11-16 15:41:22 - [TEST_STEP][PASSED] - Statement - rnd = new java.util.Random(): null

2018-11-16 15:41:22 - [TEST_STEP][PASSED] - Statement - snum = rnd.nextInt(899999 + 1) + 100000: null

2018-11-16 15:41:22 - [TEST_STEP][PASSED] - Statement - tnum = rnd.nextInt(899999 + 1) + 100000: null

2018-11-16 15:41:22 - [TEST_STEP][PASSED] - Statement - IC = java.lang.Integer.toString(snum) + java.lang.Integer.toString(tnum): null

2018-11-16 15:41:22 - [TEST_STEP][PASSED] - Statement - out.println(IC): null

2018-11-16 15:41:22 - [TEST_STEP][PASSED] - setText: Text '723811275426' is set on object 'Object Repository/Final Object Repo/Page_Update Employee Information By Employer/Identification Number'

2018-11-16 15:41:22 - [MESSAGE][PASSED] - Text '723811275426' is set on object 'Object Repository/Final Object Repo/Page_Update Employee Information By Employer/Identification Number'

2018-11-16 15:41:22 - [TEST_STEP][PASSED] - click: Object: 'Object Repository/Final Object Repo/Page_Update Employee Information By Employer/Save' is clicked on

2018-11-16 15:41:26 - [MESSAGE][PASSED] - Object: 'Object Repository/Final Object Repo/Page_Update Employee Information By Employer/Save' is clicked on

2018-11-16 15:41:26 - [TEST_STEP][PASSED] - delay: Delayed 5 second(s)

2018-11-16 15:41:31 - [MESSAGE][PASSED] - Delayed 5 second(s)

2018-11-16 15:41:31 - [TEST_STEP][PASSED] - Statement - CaseReferenceNo = com.kms.katalon.core.webui.keyword.WebUiBuiltInKeywords.getText(com.kms.katalon.core.testobject.ObjectRepository.findTestObject(Final Object Repo/Reference Number/Reference Number in Update Employee Information Page)): Text of object 'Object Repository/Final Object Repo/Reference Number/Reference Number in Update Employee Information Page' is: 'CUN112018C100005511'

2018-11-16 15:41:31 - [MESSAGE][PASSED] - Text of object 'Object Repository/Final Object Repo/Reference Number/Reference Number in Update Employee Information Page' is: 'CUN112018C100005511'

2018-11-16 15:41:31 - [TEST_STEP][PASSED] - callTestCase: Call Test Case 'Test Cases/Final Aug 2018 - PKS Automation/Common/Reference Number Setter' successfully

2018-11-16 15:41:31 - [TEST_CASE][PASSED] - Test Cases/Final Aug 2018 - PKS Automation/Common/Reference Number Setter: Test Cases/Final Aug 2018 - PKS Automation/Common/Reference Number Setter

2018-11-16 15:41:31 - [TEST_STEP][PASSED] - Statement - RefNoOldFile = new java.io.File(C://KatalonReference.txt): null

2018-11-16 15:41:31 - [TEST_STEP][PASSED] - Statement - RefNoOldFile.delete(): null

2018-11-16 15:41:31 - [TEST_STEP][PASSED] - delay: Delayed 5 second(s)

2018-11-16 15:41:36 - [MESSAGE][PASSED] - Delayed 5 second(s)

2018-11-16 15:41:36 - [TEST_STEP][PASSED] - Statement - RefNo = new java.io.File(C://KatalonReference.txt): null

2018-11-16 15:41:36 - [TEST_STEP][PASSED] - Statement - f2 = new java.io.FileWriter(RefNo, false): null

2018-11-16 15:41:36 - [TEST_STEP][PASSED] - Statement - f2.write(CaseReferenceNo): null

2018-11-16 15:41:36 - [TEST_STEP][PASSED] - Statement - f2.close(): null

2018-11-16 15:41:36 - [TEST_STEP][PASSED] - Statement - out.println("


" + CaseReferenceNo + "


"): null

2018-11-16 15:41:36 - [MESSAGE][PASSED] - Call Test Case 'Test Cases/Final Aug 2018 - PKS Automation/Common/Reference Number Setter' successfully

2018-11-16 15:41:36 - [TEST_STEP][PASSED] - delay: Delayed 5 second(s)

2018-11-16 15:41:41 - [MESSAGE][PASSED] - Delayed 5 second(s)

2018-11-16 15:41:41 - [TEST_STEP][PASSED] - click: Object: 'Object Repository/Final Object Repo/Page_Update Employee Information By Employer/Save  Continue in  Employee Information Page' is clicked on

2018-11-16 15:41:45 - [MESSAGE][PASSED] - Object: 'Object Repository/Final Object Repo/Page_Update Employee Information By Employer/Save  Continue in  Employee Information Page' is clicked on

2018-11-16 15:41:45 - [TEST_STEP][PASSED] - delay: Delayed 5 second(s)

2018-11-16 15:41:50 - [MESSAGE][PASSED] - Delayed 5 second(s)

2018-11-16 15:41:50 - [TEST_STEP][PASSED] - click: Object: 'Object Repository/Final Object Repo/Page_Update Employee Information By Employer/Save  Continue in Uploading Page 1' is clicked on

2018-11-16 15:41:54 - [MESSAGE][PASSED] - Object: 'Object Repository/Final Object Repo/Page_Update Employee Information By Employer/Save  Continue in Uploading Page 1' is clicked on

2018-11-16 15:41:54 - [TEST_STEP][PASSED] - delay: Delayed 5 second(s)

2018-11-16 15:41:59 - [MESSAGE][PASSED] - Delayed 5 second(s)

2018-11-16 15:41:59 - [TEST_STEP][PASSED] - click: Object: 'Object Repository/Final Object Repo/Page_Update Employee Information By Employer/Submit' is clicked on

2018-11-16 15:42:00 - [MESSAGE][PASSED] - Object: 'Object Repository/Final Object Repo/Page_Update Employee Information By Employer/Submit' is clicked on

2018-11-16 15:42:00 - [TEST_STEP][PASSED] - delay: Delayed 5 second(s)

2018-11-16 15:42:05 - [MESSAGE][PASSED] - Delayed 5 second(s)

2018-11-16 15:42:05 - [TEST_STEP][PASSED] - click: Object: 'Object Repository/Final Object Repo/Page_Update Employee Information By Employer/Confirm' is clicked on

2018-11-16 15:42:09 - [MESSAGE][PASSED] - Object: 'Object Repository/Final Object Repo/Page_Update Employee Information By Employer/Confirm' is clicked on

2018-11-16 15:42:09 - [TEST_STEP][PASSED] - delay: Delayed 5 second(s)

2018-11-16 15:42:14 - [MESSAGE][PASSED] - Delayed 5 second(s)

2018-11-16 15:42:14 - [TEST_STEP][PASSED] - verifyElementVisible: Object 'Object Repository/Final Object Repo/Page_Update Employee Information By Employer/Successfull Message Routed to UO' is visible

2018-11-16 15:42:14 - [MESSAGE][PASSED] - Object 'Object Repository/Final Object Repo/Page_Update Employee Information By Employer/Successfull Message Routed to UO' is visible

2018-11-16 15:42:14 - [MESSAGE][PASSED] - Call Test Case 'Test Cases/Final Aug 2018 - PKS Automation/Registration Module/Workflow/Update Employee Information (Employer)/Template/Update Employer Information - Special Case (OTC)' successfully

2018-11-16 15:42:14 - [TEST_STEP][PASSED] - callTestCase: Call Test Case 'Test Cases/Final Aug 2018 - PKS Automation/Registration Module/Workflow/Update Employer Information/Template/Update Employer Information - Special Case - UO (Approve)' successfully

2018-11-16 15:42:14 - [TEST_CASE][PASSED] - Test Cases/Final Aug 2018 - PKS Automation/Registration Module/Workflow/Update Employer Information/Template/Update Employer Information - Special Case - UO (Approve): Test Cases/Final Aug 2018 - PKS Automation/Registration Module/Workflow/Update Employer Information/Template/Update Employer Information - Special Case - UO (Approve)

2018-11-16 15:42:14 - [TEST_STEP][NOT_RUN] - callTestCase: NOT_RUN: callTestCase

2018-11-16 15:42:14 - [MESSAGE][NOT_RUN] - NOT_RUN: callTestCase

2018-11-16 15:42:14 - [TEST_STEP][NOT_RUN] - delay: NOT_RUN: delay

2018-11-16 15:42:14 - [MESSAGE][NOT_RUN] - NOT_RUN: delay

2018-11-16 15:42:14 - [TEST_STEP][NOT_RUN] - navigateToUrl: NOT_RUN: navigateToUrl

2018-11-16 15:42:14 - [MESSAGE][NOT_RUN] - NOT_RUN: navigateToUrl

2018-11-16 15:42:14 - [TEST_STEP][PASSED] - delay: Delayed 1 second(s)

2018-11-16 15:42:15 - [MESSAGE][PASSED] - Delayed 1 second(s)

2018-11-16 15:42:15 - [TEST_STEP][PASSED] - callTestCase: Call Test Case 'Test Cases/Final Aug 2018 - PKS Automation/Common/Reference Number Getter' successfully

2018-11-16 15:42:15 - [TEST_CASE][PASSED] - Test Cases/Final Aug 2018 - PKS Automation/Common/Reference Number Getter: Test Cases/Final Aug 2018 - PKS Automation/Common/Reference Number Getter

2018-11-16 15:42:15 - [TEST_STEP][PASSED] - Statement - Try: null

2018-11-16 15:42:15 - [TEST_STEP][PASSED] - Statement - RefNo = new java.io.File(C://KatalonReference.txt): null

2018-11-16 15:42:15 - [TEST_STEP][PASSED] - Statement - bufferread = new java.io.BufferedReader(new java.io.FileReader(RefNo)): null

2018-11-16 15:42:15 - [TEST_STEP][PASSED] - Statement - readedVal = bufferread.readLine(): null

2018-11-16 15:42:15 - [TEST_STEP][PASSED] - Statement - out.println(CaseReferenceNo): null

2018-11-16 15:42:15 - [TEST_STEP][PASSED] - Statement - out.println(readedVal): null

2018-11-16 15:42:15 - [TEST_STEP][PASSED] - Statement - CaseReferenceNo = "": null

2018-11-16 15:42:15 - [TEST_STEP][PASSED] - Statement - CaseReferenceNo = readedVal: null

2018-11-16 15:42:15 - [MESSAGE][PASSED] - Call Test Case 'Test Cases/Final Aug 2018 - PKS Automation/Common/Reference Number Getter' successfully

2018-11-16 15:42:15 - [TEST_STEP][PASSED] - callTestCase: Call Test Case 'Test Cases/Final Aug 2018 - PKS Automation/Common/Workflow Owner Finder' successfully

2018-11-16 15:42:15 - [TEST_CASE][PASSED] - Test Cases/Final Aug 2018 - PKS Automation/Common/Workflow Owner Finder: Test Cases/Final Aug 2018 - PKS Automation/Common/Workflow Owner Finder

2018-11-16 15:42:15 - [TEST_STEP][PASSED] - openBrowser: Browser is opened with url: ''

2018-11-16 15:42:15 - [MESSAGE][WARNING] - A browser is already opened. Closing browser and opening a new one

2018-11-16 15:42:20 - [MESSAGE][PASSED] - Browser is opened with url: ''

2018-11-16 15:42:20 - [TEST_STEP][PASSED] - navigateToUrl: Navigate to 'https://assist2-uat.perkeso.gov.my/login' successfully

2018-11-16 15:42:22 - [MESSAGE][PASSED] - Navigate to 'https://assist2-uat.perkeso.gov.my/login' successfully

2018-11-16 15:42:22 - [TEST_STEP][PASSED] - delay: Delayed 5 second(s)

2018-11-16 15:42:27 - [MESSAGE][PASSED] - Delayed 5 second(s)

2018-11-16 15:42:27 - [TEST_STEP][PASSED] - setText: Text 'test@liferay.com' is set on object 'Object Repository/Final Object Repo/Login Page/Internal User/Email Address'

2018-11-16 15:42:27 - [MESSAGE][PASSED] - Text 'test@liferay.com' is set on object 'Object Repository/Final Object Repo/Login Page/Internal User/Email Address'

2018-11-16 15:42:27 - [TEST_STEP][PASSED] - click: Object: 'Object Repository/Final Object Repo/Login Page/Internal User/Next Button' is clicked on

2018-11-16 15:42:28 - [MESSAGE][PASSED] - Object: 'Object Repository/Final Object Repo/Login Page/Internal User/Next Button' is clicked on

2018-11-16 15:42:28 - [TEST_STEP][PASSED] - delay: Delayed 2 second(s)

2018-11-16 15:42:30 - [MESSAGE][PASSED] - Delayed 2 second(s)

2018-11-16 15:42:30 - [TEST_STEP][PASSED] - setText: Text 'test' is set on object 'Object Repository/Final Object Repo/Login Page/Internal User/Password'

2018-11-16 15:42:30 - [MESSAGE][PASSED] - Text 'test' is set on object 'Object Repository/Final Object Repo/Login Page/Internal User/Password'

2018-11-16 15:42:30 - [TEST_STEP][PASSED] - delay: Delayed 2 second(s)

2018-11-16 15:42:32 - [MESSAGE][PASSED] - Delayed 2 second(s)

2018-11-16 15:42:32 - [TEST_STEP][PASSED] - click: Object: 'Object Repository/Final Object Repo/Login Page/Internal User/Login Button' is clicked on

2018-11-16 15:42:35 - [MESSAGE][PASSED] - Object: 'Object Repository/Final Object Repo/Login Page/Internal User/Login Button' is clicked on

2018-11-16 15:42:35 - [TEST_STEP][PASSED] - Statement - Try: Delayed 2 second(s)

2018-11-16 15:42:35 - [TEST_STEP][PASSED] - Statement - Checker = false: null

2018-11-16 15:42:35 - [TEST_STEP][PASSED] - Statement - Checker = com.kms.katalon.core.webui.keyword.WebUiBuiltInKeywords.verifyElementHasAttribute(com.kms.katalon.core.testobject.ObjectRepository.findTestObject(Final Object Repo/Landing Page/BM Detecting), "href", 20, OPTIONAL): Object 'Object Repository/Final Object Repo/Landing Page/BM Detecting' has attribute 'href'

2018-11-16 15:42:35 - [MESSAGE][PASSED] - Object 'Object Repository/Final Object Repo/Landing Page/BM Detecting' has attribute 'href'

2018-11-16 15:42:35 - [TEST_STEP][PASSED] - Statement - out.println(Checker): null

2018-11-16 15:42:35 - [TEST_STEP][PASSED] - Statement - If (Checker == false): null

2018-11-16 15:42:35 - [TEST_STEP][PASSED] - Statement - Else: null

2018-11-16 15:42:35 - [TEST_STEP][PASSED] - delay: Delayed 2 second(s)

2018-11-16 15:42:37 - [MESSAGE][PASSED] - Delayed 2 second(s)

2018-11-16 15:42:37 - [TEST_STEP][PASSED] - delay: Delayed 3 second(s)

2018-11-16 15:42:40 - [MESSAGE][PASSED] - Delayed 3 second(s)

2018-11-16 15:42:40 - [TEST_STEP][PASSED] - mouseOver: Object: 'Object Repository/Final Object Repo/Landing Page/WorkFlow Menu' is hovered

2018-11-16 15:42:40 - [MESSAGE][PASSED] - Object: 'Object Repository/Final Object Repo/Landing Page/WorkFlow Menu' is hovered

2018-11-16 15:42:40 - [TEST_STEP][PASSED] - delay: Delayed 2 second(s)

2018-11-16 15:42:42 - [MESSAGE][PASSED] - Delayed 2 second(s)

2018-11-16 15:42:42 - [TEST_STEP][PASSED] - click: Object: 'Object Repository/Final Object Repo/Landing Page/Select to Workflow Listing' is clicked on

2018-11-16 15:42:43 - [MESSAGE][PASSED] - Object: 'Object Repository/Final Object Repo/Landing Page/Select to Workflow Listing' is clicked on

2018-11-16 15:42:43 - [TEST_STEP][PASSED] - delay: Delayed 2 second(s)

2018-11-16 15:42:45 - [MESSAGE][PASSED] - Delayed 2 second(s)

2018-11-16 15:42:45 - [TEST_STEP][PASSED] - click: Object: 'Object Repository/Final Object Repo/WorkFlow Listing Page/Search Information - To Put Ref No' is clicked on

2018-11-16 15:42:46 - [MESSAGE][PASSED] - Object: 'Object Repository/Final Object Repo/WorkFlow Listing Page/Search Information - To Put Ref No' is clicked on

2018-11-16 15:42:46 - [TEST_STEP][PASSED] - delay: Delayed 2 second(s)

2018-11-16 15:42:48 - [MESSAGE][PASSED] - Delayed 2 second(s)

2018-11-16 15:42:48 - [TEST_STEP][PASSED] - callTestCase: Call Test Case 'Test Cases/Final Aug 2018 - PKS Automation/Common/Reference Number Getter' successfully

2018-11-16 15:42:48 - [TEST_CASE][PASSED] - Test Cases/Final Aug 2018 - PKS Automation/Common/Reference Number Getter: Test Cases/Final Aug 2018 - PKS Automation/Common/Reference Number Getter

2018-11-16 15:42:48 - [TEST_STEP][PASSED] - Statement - Try: null

2018-11-16 15:42:48 - [TEST_STEP][PASSED] - Statement - RefNo = new java.io.File(C://KatalonReference.txt): null

2018-11-16 15:42:48 - [TEST_STEP][PASSED] - Statement - bufferread = new java.io.BufferedReader(new java.io.FileReader(RefNo)): null

2018-11-16 15:42:48 - [TEST_STEP][PASSED] - Statement - readedVal = bufferread.readLine(): null

2018-11-16 15:42:48 - [TEST_STEP][PASSED] - Statement - out.println(CaseReferenceNo): null

2018-11-16 15:42:48 - [TEST_STEP][PASSED] - Statement - out.println(readedVal): null

2018-11-16 15:42:48 - [TEST_STEP][PASSED] - Statement - CaseReferenceNo = "": null

2018-11-16 15:42:48 - [TEST_STEP][PASSED] - Statement - CaseReferenceNo = readedVal: null

2018-11-16 15:42:48 - [MESSAGE][PASSED] - Call Test Case 'Test Cases/Final Aug 2018 - PKS Automation/Common/Reference Number Getter' successfully

2018-11-16 15:42:48 - [TEST_STEP][PASSED] - setText: Text 'CUN112018C100005511' is set on object 'Object Repository/Final Object Repo/WorkFlow Listing Page/Ref No Set Text'

2018-11-16 15:42:48 - [MESSAGE][PASSED] - Text 'CUN112018C100005511' is set on object 'Object Repository/Final Object Repo/WorkFlow Listing Page/Ref No Set Text'

2018-11-16 15:42:48 - [TEST_STEP][PASSED] - delay: Delayed 2 second(s)

2018-11-16 15:42:50 - [MESSAGE][PASSED] - Delayed 2 second(s)

2018-11-16 15:42:50 - [TEST_STEP][PASSED] - click: Object: 'Object Repository/Final Object Repo/WorkFlow Listing Page/Search Ref No Search Button' is clicked on

2018-11-16 15:42:52 - [MESSAGE][PASSED] - Object: 'Object Repository/Final Object Repo/WorkFlow Listing Page/Search Ref No Search Button' is clicked on

2018-11-16 15:42:52 - [TEST_STEP][PASSED] - delay: Delayed 4 second(s)

2018-11-16 15:42:56 - [MESSAGE][PASSED] - Delayed 4 second(s)

2018-11-16 15:42:56 - [TEST_STEP][PASSED] - click: Object: 'Object Repository/Final Object Repo/WorkFlow Listing Page/Click Continue Tooltip' is clicked on

2018-11-16 15:42:57 - [MESSAGE][PASSED] - Object: 'Object Repository/Final Object Repo/WorkFlow Listing Page/Click Continue Tooltip' is clicked on

2018-11-16 15:42:57 - [TEST_STEP][PASSED] - delay: Delayed 5 second(s)

2018-11-16 15:43:02 - [MESSAGE][PASSED] - Delayed 5 second(s)

2018-11-16 15:43:02 - [TEST_STEP][PASSED] - doubleClick: Object: 'Object Repository/Final Object Repo/WorkFlow Listing Page/Workflow Found - Listing 1' is double clicked on

2018-11-16 15:43:03 - [MESSAGE][PASSED] - Object: 'Object Repository/Final Object Repo/WorkFlow Listing Page/Workflow Found - Listing 1' is double clicked on

2018-11-16 15:43:03 - [TEST_STEP][PASSED] - Statement - println(OwnerID): null

2018-11-16 15:43:03 - [TEST_STEP][PASSED] - Statement - OwnerID = com.kms.katalon.core.webui.keyword.WebUiBuiltInKeywords.getText(com.kms.katalon.core.testobject.ObjectRepository.findTestObject(Final Object Repo/WorkFlow Listing Page/Workflow Found - Listing 1), STOP_ON_FAILURE): Text of object 'Object Repository/Final Object Repo/WorkFlow Listing Page/Workflow Found - Listing 1' is: 'JOHORuo2'

2018-11-16 15:43:03 - [MESSAGE][PASSED] - Text of object 'Object Repository/Final Object Repo/WorkFlow Listing Page/Workflow Found - Listing 1' is: 'JOHORuo2'

2018-11-16 15:43:03 - [TEST_STEP][PASSED] - Statement - OwnerID = OwnerID.toLowerCase() + "@gmail.com": null

2018-11-16 15:43:03 - [TEST_STEP][PASSED] - Statement - println(OwnerID): null

2018-11-16 15:43:03 - [TEST_STEP][PASSED] - delay: Delayed 2 second(s)

2018-11-16 15:43:05 - [MESSAGE][PASSED] - Delayed 2 second(s)

2018-11-16 15:43:05 - [MESSAGE][PASSED] - Call Test Case 'Test Cases/Final Aug 2018 - PKS Automation/Common/Workflow Owner Finder' successfully

2018-11-16 15:43:05 - [TEST_STEP][PASSED] - delay: Delayed 1 second(s)

2018-11-16 15:43:06 - [MESSAGE][PASSED] - Delayed 1 second(s)

2018-11-16 15:43:06 - [TEST_STEP][PASSED] - navigateToUrl: Navigate to 'https://assist2-uat.perkeso.gov.my/c/portal/logout' successfully

2018-11-16 15:43:07 - [MESSAGE][PASSED] - Navigate to 'https://assist2-uat.perkeso.gov.my/c/portal/logout' successfully

2018-11-16 15:43:07 - [TEST_STEP][PASSED] - callTestCase: Call Test Case 'Test Cases/Final Aug 2018 - PKS Automation/Registration Module/Workflow/Login and Search Case For Workflow' successfully

2018-11-16 15:43:07 - [TEST_CASE][PASSED] - Test Cases/Final Aug 2018 - PKS Automation/Registration Module/Workflow/Login and Search Case For Workflow: Test Cases/Final Aug 2018 - PKS Automation/Registration Module/Workflow/Login and Search Case For Workflow

2018-11-16 15:43:07 - [TEST_STEP][PASSED] - navigateToUrl: Navigate to 'https://assist2-uat.perkeso.gov.my/login' successfully

2018-11-16 15:43:08 - [MESSAGE][PASSED] - Navigate to 'https://assist2-uat.perkeso.gov.my/login' successfully

2018-11-16 15:43:08 - [TEST_STEP][PASSED] - setText: Text 'johoruo2@gmail.com' is set on object 'Object Repository/Final Object Repo/Login Page/Internal User/Email Address'

2018-11-16 15:43:08 - [MESSAGE][PASSED] - Text 'johoruo2@gmail.com' is set on object 'Object Repository/Final Object Repo/Login Page/Internal User/Email Address'

2018-11-16 15:43:08 - [TEST_STEP][PASSED] - click: Object: 'Object Repository/Final Object Repo/Login Page/Internal User/Next Button' is clicked on

2018-11-16 15:43:08 - [MESSAGE][PASSED] - Object: 'Object Repository/Final Object Repo/Login Page/Internal User/Next Button' is clicked on

2018-11-16 15:43:08 - [TEST_STEP][PASSED] - delay: Delayed 1 second(s)

2018-11-16 15:43:09 - [MESSAGE][PASSED] - Delayed 1 second(s)

2018-11-16 15:43:09 - [TEST_STEP][PASSED] - setEncryptedText: Text ****** has been set on object 'Object Repository/Final Object Repo/Login Page/Internal User/Password'

2018-11-16 15:43:09 - [MESSAGE][PASSED] - Text ****** has been set on object 'Object Repository/Final Object Repo/Login Page/Internal User/Password'

2018-11-16 15:43:09 - [TEST_STEP][PASSED] - click: Object: 'Object Repository/Final Object Repo/Login Page/Internal User/Login Button' is clicked on

2018-11-16 15:43:11 - [MESSAGE][PASSED] - Object: 'Object Repository/Final Object Repo/Login Page/Internal User/Login Button' is clicked on

2018-11-16 15:43:11 - [TEST_STEP][PASSED] - delay: Delayed 2 second(s)

2018-11-16 15:43:13 - [MESSAGE][PASSED] - Delayed 2 second(s)

2018-11-16 15:43:13 - [TEST_STEP][PASSED] - Statement - Try: Delayed 2 second(s)

2018-11-16 15:43:13 - [TEST_STEP][PASSED] - Statement - Checker = false: null

2018-11-16 15:43:13 - [TEST_STEP][PASSED] - Statement - Checker = com.kms.katalon.core.webui.keyword.WebUiBuiltInKeywords.verifyElementHasAttribute(com.kms.katalon.core.testobject.ObjectRepository.findTestObject(Final Object Repo/Landing Page/BM Detecting), "href", 20, OPTIONAL): Object 'Object Repository/Final Object Repo/Landing Page/BM Detecting' has attribute 'href'

2018-11-16 15:43:13 - [MESSAGE][PASSED] - Object 'Object Repository/Final Object Repo/Landing Page/BM Detecting' has attribute 'href'

2018-11-16 15:43:13 - [TEST_STEP][PASSED] - Statement - out.println(Checker): null

2018-11-16 15:43:13 - [TEST_STEP][PASSED] - Statement - If (Checker == false): null

2018-11-16 15:43:13 - [TEST_STEP][PASSED] - Statement - Else: null

2018-11-16 15:43:13 - [TEST_STEP][PASSED] - delay: Delayed 2 second(s)

2018-11-16 15:43:15 - [MESSAGE][PASSED] - Delayed 2 second(s)

2018-11-16 15:43:15 - [TEST_STEP][PASSED] - click: Object: 'Object Repository/Final Object Repo/Page_MyASSIST - ASSIST - Search Pending Case For Add Supporting Document/Search Information' is clicked on

2018-11-16 15:43:16 - [MESSAGE][PASSED] - Object: 'Object Repository/Final Object Repo/Page_MyASSIST - ASSIST - Search Pending Case For Add Supporting Document/Search Information' is clicked on

2018-11-16 15:43:16 - [TEST_STEP][PASSED] - delay: Delayed 3 second(s)

2018-11-16 15:43:19 - [MESSAGE][PASSED] - Delayed 3 second(s)

2018-11-16 15:43:19 - [TEST_STEP][PASSED] - sendKeys: Keys 'CUN112018C100005511' sent to object: 'Object Repository/Final Object Repo/Page_MyASSIST - ASSIST - Search Pending Case For Add Supporting Document/Reference No'

2018-11-16 15:43:19 - [MESSAGE][PASSED] - Keys 'CUN112018C100005511' sent to object: 'Object Repository/Final Object Repo/Page_MyASSIST - ASSIST - Search Pending Case For Add Supporting Document/Reference No'

2018-11-16 15:43:19 - [TEST_STEP][PASSED] - click: Object: 'Object Repository/Final Object Repo/Page_MyASSIST - ASSIST - Search Pending Case For Add Supporting Document/Search Reference No' is clicked on

2018-11-16 15:43:20 - [MESSAGE][PASSED] - Object: 'Object Repository/Final Object Repo/Page_MyASSIST - ASSIST - Search Pending Case For Add Supporting Document/Search Reference No' is clicked on

2018-11-16 15:43:20 - [TEST_STEP][PASSED] - delay: Delayed 2 second(s)

2018-11-16 15:43:22 - [MESSAGE][PASSED] - Delayed 2 second(s)

2018-11-16 15:43:22 - [TEST_STEP][PASSED] - click: Object: 'Object Repository/Final Object Repo/Page_MyASSIST - ASSIST - Search Pending Case For Add Supporting Document/Continue' is clicked on

2018-11-16 15:43:27 - [MESSAGE][PASSED] - Object: 'Object Repository/Final Object Repo/Page_MyASSIST - ASSIST - Search Pending Case For Add Supporting Document/Continue' is clicked on

2018-11-16 15:43:27 - [TEST_STEP][PASSED] - delay: Delayed 20 second(s)

2018-11-16 15:43:47 - [MESSAGE][PASSED] - Delayed 20 second(s)

2018-11-16 15:43:47 - [MESSAGE][PASSED] - Call Test Case 'Test Cases/Final Aug 2018 - PKS Automation/Registration Module/Workflow/Login and Search Case For Workflow' successfully

2018-11-16 15:43:47 - [TEST_STEP][PASSED] - delay: Delayed 10 second(s)

2018-11-16 15:43:57 - [MESSAGE][PASSED] - Delayed 10 second(s)

2018-11-16 15:43:57 - [TEST_STEP][PASSED] - click: Object: 'Object Repository/Final Object Repo/Page_Update Employer Information/Page_Update Employer Information UO (Approve)/Continue' is clicked on

2018-11-16 15:44:01 - [MESSAGE][PASSED] - Object: 'Object Repository/Final Object Repo/Page_Update Employer Information/Page_Update Employer Information UO (Approve)/Continue' is clicked on

2018-11-16 15:44:01 - [TEST_STEP][PASSED] - delay: Delayed 10 second(s)

2018-11-16 15:44:11 - [MESSAGE][PASSED] - Delayed 10 second(s)

2018-11-16 15:44:11 - [TEST_STEP][PASSED] - click: Object: 'Object Repository/Final Object Repo/Page_Update Employer Information/Page_Update Employer Information UO (Approve)/Save  Continue in Update Employer Information Page' is clicked on

2018-11-16 15:44:14 - [MESSAGE][PASSED] - Object: 'Object Repository/Final Object Repo/Page_Update Employer Information/Page_Update Employer Information UO (Approve)/Save  Continue in Update Employer Information Page' is clicked on

2018-11-16 15:44:14 - [TEST_STEP][PASSED] - delay: Delayed 3 second(s)

2018-11-16 15:44:17 - [MESSAGE][PASSED] - Delayed 3 second(s)

2018-11-16 15:44:17 - [TEST_STEP][PASSED] - click: Object: 'Object Repository/Final Object Repo/Page_Update Employer Information/Page_Update Employer Information UO (Approve)/Save  Continue in Uploading Supporting Document Page' is clicked on

2018-11-16 15:44:22 - [MESSAGE][PASSED] - Object: 'Object Repository/Final Object Repo/Page_Update Employer Information/Page_Update Employer Information UO (Approve)/Save  Continue in Uploading Supporting Document Page' is clicked on

2018-11-16 15:44:22 - [TEST_STEP][PASSED] - delay: Delayed 3 second(s)

2018-11-16 15:44:25 - [MESSAGE][PASSED] - Delayed 3 second(s)

2018-11-16 15:44:25 - [TEST_STEP][PASSED] - click: Object: 'Object Repository/Final Object Repo/Page_Update Employer Information/Page_Update Employer Information UO (Approve)/Approve' is clicked on

2018-11-16 15:44:25 - [MESSAGE][PASSED] - Object: 'Object Repository/Final Object Repo/Page_Update Employer Information/Page_Update Employer Information UO (Approve)/Approve' is clicked on

2018-11-16 15:44:25 - [TEST_STEP][PASSED] - delay: Delayed 2 second(s)

2018-11-16 15:44:27 - [MESSAGE][PASSED] - Delayed 2 second(s)

2018-11-16 15:44:27 - [TEST_STEP][PASSED] - click: Object: 'Object Repository/Final Object Repo/Page_Update Employer Information/Page_Update Employer Information UO (Approve)/Confirm' is clicked on

2018-11-16 15:44:33 - [MESSAGE][PASSED] - Object: 'Object Repository/Final Object Repo/Page_Update Employer Information/Page_Update Employer Information UO (Approve)/Confirm' is clicked on

2018-11-16 15:44:33 - [TEST_STEP][PASSED] - delay: Delayed 2 second(s)

2018-11-16 15:44:35 - [MESSAGE][PASSED] - Delayed 2 second(s)

2018-11-16 15:44:35 - [TEST_STEP][PASSED] - verifyElementVisible: Object 'Object Repository/Final Object Repo/Page_Update Employer Information/Page_Update Employer Information UO (Approve)/Message Your Request' is visible

2018-11-16 15:44:35 - [MESSAGE][PASSED] - Object 'Object Repository/Final Object Repo/Page_Update Employer Information/Page_Update Employer Information UO (Approve)/Message Your Request' is visible

2018-11-16 15:44:35 - [TEST_STEP][PASSED] - verifyElementVisible: Object 'Object Repository/Final Object Repo/Page_Update Employer Information/Page_Update Employer Information UO (Approve)/Letter of successful update' is visible

2018-11-16 15:44:35 - [MESSAGE][PASSED] - Object 'Object Repository/Final Object Repo/Page_Update Employer Information/Page_Update Employer Information UO (Approve)/Letter of successful update' is visible

2018-11-16 15:44:35 - [MESSAGE][PASSED] - Call Test Case 'Test Cases/Final Aug 2018 - PKS Automation/Registration Module/Workflow/Update Employer Information/Template/Update Employer Information - Special Case - UO (Approve)' successfully]]></system-out>
         <system-err><![CDATA[]]></system-err>
      </testcase>
      <testcase name="Test Cases/Final Aug 2018 - PKS Automation/Registration Module/Workflow/Update Employee Information (Employer)/OTC - UO (Query)" classname="Test Cases/Final Aug 2018 - PKS Automation/Registration Module/Workflow/Update Employee Information (Employer)/OTC - UO (Query)" status="PASSED">
         <system-out><![CDATA[2018-11-16 15:44:35 - [TEST_CASE][PASSED] - Test Cases/Final Aug 2018 - PKS Automation/Registration Module/Workflow/Update Employee Information (Employer)/OTC - UO (Query): Test Cases/Final Aug 2018 - PKS Automation/Registration Module/Workflow/Update Employee Information (Employer)/OTC - UO (Query)

2018-11-16 15:44:35 - [TEST_STEP][PASSED] - callTestCase: Call Test Case 'Test Cases/Final Aug 2018 - PKS Automation/Registration Module/Workflow/Update Employee Information (Employer)/Template/Update Employer Information - Special Case (OTC)' successfully

2018-11-16 15:44:35 - [TEST_CASE][PASSED] - Test Cases/Final Aug 2018 - PKS Automation/Registration Module/Workflow/Update Employee Information (Employer)/Template/Update Employer Information - Special Case (OTC): Test Cases/Final Aug 2018 - PKS Automation/Registration Module/Workflow/Update Employee Information (Employer)/Template/Update Employer Information - Special Case (OTC)

2018-11-16 15:44:35 - [TEST_STEP][PASSED] - openBrowser: Browser is opened with url: ''

2018-11-16 15:44:35 - [MESSAGE][WARNING] - A browser is already opened. Closing browser and opening a new one

2018-11-16 15:44:40 - [MESSAGE][PASSED] - Browser is opened with url: ''

2018-11-16 15:44:40 - [TEST_STEP][PASSED] - navigateToUrl: Navigate to 'https://assist2-uat.perkeso.gov.my/login' successfully

2018-11-16 15:44:42 - [MESSAGE][PASSED] - Navigate to 'https://assist2-uat.perkeso.gov.my/login' successfully

2018-11-16 15:44:42 - [TEST_STEP][PASSED] - setText: Text 'johorotc1@gmail.com' is set on object 'Object Repository/Final Object Repo/Login Page/Internal User/Email Address'

2018-11-16 15:44:42 - [MESSAGE][PASSED] - Text 'johorotc1@gmail.com' is set on object 'Object Repository/Final Object Repo/Login Page/Internal User/Email Address'

2018-11-16 15:44:42 - [TEST_STEP][PASSED] - click: Object: 'Object Repository/Final Object Repo/Login Page/Internal User/Next Button' is clicked on

2018-11-16 15:44:42 - [MESSAGE][PASSED] - Object: 'Object Repository/Final Object Repo/Login Page/Internal User/Next Button' is clicked on

2018-11-16 15:44:42 - [TEST_STEP][PASSED] - delay: Delayed 1 second(s)

2018-11-16 15:44:43 - [MESSAGE][PASSED] - Delayed 1 second(s)

2018-11-16 15:44:43 - [TEST_STEP][PASSED] - setEncryptedText: Text ****** has been set on object 'Object Repository/Final Object Repo/Login Page/Internal User/Password'

2018-11-16 15:44:43 - [MESSAGE][PASSED] - Text ****** has been set on object 'Object Repository/Final Object Repo/Login Page/Internal User/Password'

2018-11-16 15:44:43 - [TEST_STEP][PASSED] - click: Object: 'Object Repository/Final Object Repo/Login Page/Internal User/Login Button' is clicked on

2018-11-16 15:44:46 - [MESSAGE][PASSED] - Object: 'Object Repository/Final Object Repo/Login Page/Internal User/Login Button' is clicked on

2018-11-16 15:44:46 - [TEST_STEP][PASSED] - Statement - Try: Delayed 2 second(s)

2018-11-16 15:44:46 - [TEST_STEP][PASSED] - Statement - Checker = false: null

2018-11-16 15:44:46 - [TEST_STEP][PASSED] - Statement - Checker = com.kms.katalon.core.webui.keyword.WebUiBuiltInKeywords.verifyElementHasAttribute(com.kms.katalon.core.testobject.ObjectRepository.findTestObject(Final Object Repo/Landing Page/BM Detecting), "href", 20, OPTIONAL): Object 'Object Repository/Final Object Repo/Landing Page/BM Detecting' has attribute 'href'

2018-11-16 15:44:46 - [MESSAGE][PASSED] - Object 'Object Repository/Final Object Repo/Landing Page/BM Detecting' has attribute 'href'

2018-11-16 15:44:46 - [TEST_STEP][PASSED] - Statement - out.println(Checker): null

2018-11-16 15:44:46 - [TEST_STEP][PASSED] - Statement - If (Checker == false): null

2018-11-16 15:44:46 - [TEST_STEP][PASSED] - Statement - Else: null

2018-11-16 15:44:46 - [TEST_STEP][PASSED] - delay: Delayed 2 second(s)

2018-11-16 15:44:48 - [MESSAGE][PASSED] - Delayed 2 second(s)

2018-11-16 15:44:48 - [TEST_STEP][PASSED] - delay: Delayed 1 second(s)

2018-11-16 15:44:49 - [MESSAGE][PASSED] - Delayed 1 second(s)

2018-11-16 15:44:49 - [TEST_STEP][PASSED] - navigateToUrl: Navigate to 'https://assist2-uat.perkeso.gov.my/web/registration/update/update-employee-information-employer-' successfully

2018-11-16 15:44:51 - [MESSAGE][PASSED] - Navigate to 'https://assist2-uat.perkeso.gov.my/web/registration/update/update-employee-information-employer-' successfully

2018-11-16 15:44:51 - [TEST_STEP][PASSED] - setText: Text 'E1102001065V' is set on object 'Object Repository/Final Object Repo/Page_Update Employee Information By Employer/Employer Code'

2018-11-16 15:44:51 - [MESSAGE][PASSED] - Text 'E1102001065V' is set on object 'Object Repository/Final Object Repo/Page_Update Employee Information By Employer/Employer Code'

2018-11-16 15:44:51 - [TEST_STEP][PASSED] - click: Object: 'Object Repository/Final Object Repo/Page_Update Employee Information By Employer/Search Employer Code' is clicked on

2018-11-16 15:44:52 - [MESSAGE][PASSED] - Object: 'Object Repository/Final Object Repo/Page_Update Employee Information By Employer/Search Employer Code' is clicked on

2018-11-16 15:44:52 - [TEST_STEP][PASSED] - click: Object: 'Object Repository/Final Object Repo/Page_Update Employee Information By Employer/Edit Button' is clicked on

2018-11-16 15:44:56 - [MESSAGE][PASSED] - Object: 'Object Repository/Final Object Repo/Page_Update Employee Information By Employer/Edit Button' is clicked on

2018-11-16 15:44:56 - [TEST_STEP][PASSED] - click: Object: 'Object Repository/Final Object Repo/Page_Update Employee Information By Employer/Employee Name or New Identification' is clicked on

2018-11-16 15:44:56 - [MESSAGE][PASSED] - Object: 'Object Repository/Final Object Repo/Page_Update Employee Information By Employer/Employee Name or New Identification' is clicked on

2018-11-16 15:44:56 - [TEST_STEP][PASSED] - delay: Delayed 1 second(s)

2018-11-16 15:44:57 - [MESSAGE][PASSED] - Delayed 1 second(s)

2018-11-16 15:44:57 - [TEST_STEP][PASSED] - click: Object: 'Object Repository/Final Object Repo/Page_Update Employee Information By Employer/Selection - Employee Name' is clicked on

2018-11-16 15:44:58 - [MESSAGE][PASSED] - Object: 'Object Repository/Final Object Repo/Page_Update Employee Information By Employer/Selection - Employee Name' is clicked on

2018-11-16 15:44:58 - [TEST_STEP][PASSED] - delay: Delayed 1 second(s)

2018-11-16 15:44:59 - [MESSAGE][PASSED] - Delayed 1 second(s)

2018-11-16 15:44:59 - [TEST_STEP][PASSED] - setText: Text 'PERKESO' is set on object 'Object Repository/Final Object Repo/Page_Update Employee Information By Employer/Employee Name'

2018-11-16 15:44:59 - [MESSAGE][PASSED] - Text 'PERKESO' is set on object 'Object Repository/Final Object Repo/Page_Update Employee Information By Employer/Employee Name'

2018-11-16 15:44:59 - [TEST_STEP][PASSED] - delay: Delayed 2 second(s)

2018-11-16 15:45:01 - [MESSAGE][PASSED] - Delayed 2 second(s)

2018-11-16 15:45:01 - [TEST_STEP][PASSED] - click: Object: 'Object Repository/Final Object Repo/Page_Update Employee Information By Employer/Search Employee' is clicked on

2018-11-16 15:45:02 - [MESSAGE][PASSED] - Object: 'Object Repository/Final Object Repo/Page_Update Employee Information By Employer/Search Employee' is clicked on

2018-11-16 15:45:02 - [TEST_STEP][PASSED] - delay: Delayed 3 second(s)

2018-11-16 15:45:05 - [MESSAGE][PASSED] - Delayed 3 second(s)

2018-11-16 15:45:05 - [TEST_STEP][PASSED] - click: Object: 'Object Repository/Final Object Repo/Page_Update Employee Information By Employer/Employee Edit Button' is clicked on

2018-11-16 15:45:05 - [MESSAGE][PASSED] - Object: 'Object Repository/Final Object Repo/Page_Update Employee Information By Employer/Employee Edit Button' is clicked on

2018-11-16 15:45:05 - [TEST_STEP][PASSED] - delay: Delayed 3 second(s)

2018-11-16 15:45:08 - [MESSAGE][PASSED] - Delayed 3 second(s)

2018-11-16 15:45:08 - [TEST_STEP][PASSED] - setText: Text '' is set on object 'Object Repository/Final Object Repo/Page_Update Employee Information By Employer/Identification Number'

2018-11-16 15:45:08 - [MESSAGE][PASSED] - Text '' is set on object 'Object Repository/Final Object Repo/Page_Update Employee Information By Employer/Identification Number'

2018-11-16 15:45:08 - [TEST_STEP][PASSED] - Statement - rnd = new java.util.Random(): null

2018-11-16 15:45:08 - [TEST_STEP][PASSED] - Statement - snum = rnd.nextInt(899999 + 1) + 100000: null

2018-11-16 15:45:08 - [TEST_STEP][PASSED] - Statement - tnum = rnd.nextInt(899999 + 1) + 100000: null

2018-11-16 15:45:08 - [TEST_STEP][PASSED] - Statement - IC = java.lang.Integer.toString(snum) + java.lang.Integer.toString(tnum): null

2018-11-16 15:45:08 - [TEST_STEP][PASSED] - Statement - out.println(IC): null

2018-11-16 15:45:08 - [TEST_STEP][PASSED] - setText: Text '674236405905' is set on object 'Object Repository/Final Object Repo/Page_Update Employee Information By Employer/Identification Number'

2018-11-16 15:45:08 - [MESSAGE][PASSED] - Text '674236405905' is set on object 'Object Repository/Final Object Repo/Page_Update Employee Information By Employer/Identification Number'

2018-11-16 15:45:08 - [TEST_STEP][PASSED] - click: Object: 'Object Repository/Final Object Repo/Page_Update Employee Information By Employer/Save' is clicked on

2018-11-16 15:45:13 - [MESSAGE][PASSED] - Object: 'Object Repository/Final Object Repo/Page_Update Employee Information By Employer/Save' is clicked on

2018-11-16 15:45:13 - [TEST_STEP][PASSED] - delay: Delayed 5 second(s)

2018-11-16 15:45:18 - [MESSAGE][PASSED] - Delayed 5 second(s)

2018-11-16 15:45:18 - [TEST_STEP][PASSED] - Statement - CaseReferenceNo = com.kms.katalon.core.webui.keyword.WebUiBuiltInKeywords.getText(com.kms.katalon.core.testobject.ObjectRepository.findTestObject(Final Object Repo/Reference Number/Reference Number in Update Employee Information Page)): Text of object 'Object Repository/Final Object Repo/Reference Number/Reference Number in Update Employee Information Page' is: 'CUN112018C100005512'

2018-11-16 15:45:18 - [MESSAGE][PASSED] - Text of object 'Object Repository/Final Object Repo/Reference Number/Reference Number in Update Employee Information Page' is: 'CUN112018C100005512'

2018-11-16 15:45:18 - [TEST_STEP][PASSED] - callTestCase: Call Test Case 'Test Cases/Final Aug 2018 - PKS Automation/Common/Reference Number Setter' successfully

2018-11-16 15:45:18 - [TEST_CASE][PASSED] - Test Cases/Final Aug 2018 - PKS Automation/Common/Reference Number Setter: Test Cases/Final Aug 2018 - PKS Automation/Common/Reference Number Setter

2018-11-16 15:45:18 - [TEST_STEP][PASSED] - Statement - RefNoOldFile = new java.io.File(C://KatalonReference.txt): null

2018-11-16 15:45:18 - [TEST_STEP][PASSED] - Statement - RefNoOldFile.delete(): null

2018-11-16 15:45:18 - [TEST_STEP][PASSED] - delay: Delayed 5 second(s)

2018-11-16 15:45:23 - [MESSAGE][PASSED] - Delayed 5 second(s)

2018-11-16 15:45:23 - [TEST_STEP][PASSED] - Statement - RefNo = new java.io.File(C://KatalonReference.txt): null

2018-11-16 15:45:23 - [TEST_STEP][PASSED] - Statement - f2 = new java.io.FileWriter(RefNo, false): null

2018-11-16 15:45:23 - [TEST_STEP][PASSED] - Statement - f2.write(CaseReferenceNo): null

2018-11-16 15:45:23 - [TEST_STEP][PASSED] - Statement - f2.close(): null

2018-11-16 15:45:23 - [TEST_STEP][PASSED] - Statement - out.println("


" + CaseReferenceNo + "


"): null

2018-11-16 15:45:23 - [MESSAGE][PASSED] - Call Test Case 'Test Cases/Final Aug 2018 - PKS Automation/Common/Reference Number Setter' successfully

2018-11-16 15:45:23 - [TEST_STEP][PASSED] - delay: Delayed 5 second(s)

2018-11-16 15:45:28 - [MESSAGE][PASSED] - Delayed 5 second(s)

2018-11-16 15:45:28 - [TEST_STEP][PASSED] - click: Object: 'Object Repository/Final Object Repo/Page_Update Employee Information By Employer/Save  Continue in  Employee Information Page' is clicked on

2018-11-16 15:45:31 - [MESSAGE][PASSED] - Object: 'Object Repository/Final Object Repo/Page_Update Employee Information By Employer/Save  Continue in  Employee Information Page' is clicked on

2018-11-16 15:45:31 - [TEST_STEP][PASSED] - delay: Delayed 5 second(s)

2018-11-16 15:45:36 - [MESSAGE][PASSED] - Delayed 5 second(s)

2018-11-16 15:45:36 - [TEST_STEP][PASSED] - click: Object: 'Object Repository/Final Object Repo/Page_Update Employee Information By Employer/Save  Continue in Uploading Page 1' is clicked on

2018-11-16 15:45:41 - [MESSAGE][PASSED] - Object: 'Object Repository/Final Object Repo/Page_Update Employee Information By Employer/Save  Continue in Uploading Page 1' is clicked on

2018-11-16 15:45:41 - [TEST_STEP][PASSED] - delay: Delayed 5 second(s)

2018-11-16 15:45:46 - [MESSAGE][PASSED] - Delayed 5 second(s)

2018-11-16 15:45:46 - [TEST_STEP][PASSED] - click: Object: 'Object Repository/Final Object Repo/Page_Update Employee Information By Employer/Submit' is clicked on

2018-11-16 15:45:46 - [MESSAGE][PASSED] - Object: 'Object Repository/Final Object Repo/Page_Update Employee Information By Employer/Submit' is clicked on

2018-11-16 15:45:46 - [TEST_STEP][PASSED] - delay: Delayed 5 second(s)

2018-11-16 15:45:51 - [MESSAGE][PASSED] - Delayed 5 second(s)

2018-11-16 15:45:51 - [TEST_STEP][PASSED] - click: Object: 'Object Repository/Final Object Repo/Page_Update Employee Information By Employer/Confirm' is clicked on

2018-11-16 15:45:56 - [MESSAGE][PASSED] - Object: 'Object Repository/Final Object Repo/Page_Update Employee Information By Employer/Confirm' is clicked on

2018-11-16 15:45:56 - [TEST_STEP][PASSED] - delay: Delayed 5 second(s)

2018-11-16 15:46:01 - [MESSAGE][PASSED] - Delayed 5 second(s)

2018-11-16 15:46:01 - [TEST_STEP][PASSED] - verifyElementVisible: Object 'Object Repository/Final Object Repo/Page_Update Employee Information By Employer/Successfull Message Routed to UO' is visible

2018-11-16 15:46:01 - [MESSAGE][PASSED] - Object 'Object Repository/Final Object Repo/Page_Update Employee Information By Employer/Successfull Message Routed to UO' is visible

2018-11-16 15:46:01 - [MESSAGE][PASSED] - Call Test Case 'Test Cases/Final Aug 2018 - PKS Automation/Registration Module/Workflow/Update Employee Information (Employer)/Template/Update Employer Information - Special Case (OTC)' successfully

2018-11-16 15:46:01 - [TEST_STEP][PASSED] - callTestCase: Call Test Case 'Test Cases/Final Aug 2018 - PKS Automation/Registration Module/Workflow/Update Employee Information (Employer)/Template/Update Employee Information - Special Case - UO(Query)' successfully

2018-11-16 15:46:01 - [TEST_CASE][PASSED] - Test Cases/Final Aug 2018 - PKS Automation/Registration Module/Workflow/Update Employee Information (Employer)/Template/Update Employee Information - Special Case - UO(Query): Test Cases/Final Aug 2018 - PKS Automation/Registration Module/Workflow/Update Employee Information (Employer)/Template/Update Employee Information - Special Case - UO(Query)

2018-11-16 15:46:01 - [TEST_STEP][NOT_RUN] - callTestCase: NOT_RUN: callTestCase

2018-11-16 15:46:01 - [MESSAGE][NOT_RUN] - NOT_RUN: callTestCase

2018-11-16 15:46:01 - [TEST_STEP][PASSED] - delay: Delayed 2 second(s)

2018-11-16 15:46:03 - [MESSAGE][PASSED] - Delayed 2 second(s)

2018-11-16 15:46:03 - [TEST_STEP][PASSED] - navigateToUrl: Navigate to 'https://assist2-uat.perkeso.gov.my/c/portal/logout' successfully

2018-11-16 15:46:04 - [MESSAGE][PASSED] - Navigate to 'https://assist2-uat.perkeso.gov.my/c/portal/logout' successfully

2018-11-16 15:46:04 - [TEST_STEP][PASSED] - delay: Delayed 2 second(s)

2018-11-16 15:46:06 - [MESSAGE][PASSED] - Delayed 2 second(s)

2018-11-16 15:46:06 - [TEST_STEP][PASSED] - callTestCase: Call Test Case 'Test Cases/Final Aug 2018 - PKS Automation/Common/Reference Number Getter' successfully

2018-11-16 15:46:06 - [TEST_CASE][PASSED] - Test Cases/Final Aug 2018 - PKS Automation/Common/Reference Number Getter: Test Cases/Final Aug 2018 - PKS Automation/Common/Reference Number Getter

2018-11-16 15:46:06 - [TEST_STEP][PASSED] - Statement - Try: null

2018-11-16 15:46:06 - [TEST_STEP][PASSED] - Statement - RefNo = new java.io.File(C://KatalonReference.txt): null

2018-11-16 15:46:06 - [TEST_STEP][PASSED] - Statement - bufferread = new java.io.BufferedReader(new java.io.FileReader(RefNo)): null

2018-11-16 15:46:06 - [TEST_STEP][PASSED] - Statement - readedVal = bufferread.readLine(): null

2018-11-16 15:46:06 - [TEST_STEP][PASSED] - Statement - out.println(CaseReferenceNo): null

2018-11-16 15:46:06 - [TEST_STEP][PASSED] - Statement - out.println(readedVal): null

2018-11-16 15:46:06 - [TEST_STEP][PASSED] - Statement - CaseReferenceNo = "": null

2018-11-16 15:46:06 - [TEST_STEP][PASSED] - Statement - CaseReferenceNo = readedVal: null

2018-11-16 15:46:06 - [MESSAGE][PASSED] - Call Test Case 'Test Cases/Final Aug 2018 - PKS Automation/Common/Reference Number Getter' successfully

2018-11-16 15:46:06 - [TEST_STEP][PASSED] - callTestCase: Call Test Case 'Test Cases/Final Aug 2018 - PKS Automation/Common/Workflow Owner Finder' successfully

2018-11-16 15:46:06 - [TEST_CASE][PASSED] - Test Cases/Final Aug 2018 - PKS Automation/Common/Workflow Owner Finder: Test Cases/Final Aug 2018 - PKS Automation/Common/Workflow Owner Finder

2018-11-16 15:46:06 - [TEST_STEP][PASSED] - openBrowser: Browser is opened with url: ''

2018-11-16 15:46:06 - [MESSAGE][WARNING] - A browser is already opened. Closing browser and opening a new one

2018-11-16 15:46:11 - [MESSAGE][PASSED] - Browser is opened with url: ''

2018-11-16 15:46:11 - [TEST_STEP][PASSED] - navigateToUrl: Navigate to 'https://assist2-uat.perkeso.gov.my/login' successfully

2018-11-16 15:46:13 - [MESSAGE][PASSED] - Navigate to 'https://assist2-uat.perkeso.gov.my/login' successfully

2018-11-16 15:46:13 - [TEST_STEP][PASSED] - delay: Delayed 5 second(s)

2018-11-16 15:46:18 - [MESSAGE][PASSED] - Delayed 5 second(s)

2018-11-16 15:46:18 - [TEST_STEP][PASSED] - setText: Text 'test@liferay.com' is set on object 'Object Repository/Final Object Repo/Login Page/Internal User/Email Address'

2018-11-16 15:46:18 - [MESSAGE][PASSED] - Text 'test@liferay.com' is set on object 'Object Repository/Final Object Repo/Login Page/Internal User/Email Address'

2018-11-16 15:46:18 - [TEST_STEP][PASSED] - click: Object: 'Object Repository/Final Object Repo/Login Page/Internal User/Next Button' is clicked on

2018-11-16 15:46:19 - [MESSAGE][PASSED] - Object: 'Object Repository/Final Object Repo/Login Page/Internal User/Next Button' is clicked on

2018-11-16 15:46:19 - [TEST_STEP][PASSED] - delay: Delayed 2 second(s)

2018-11-16 15:46:21 - [MESSAGE][PASSED] - Delayed 2 second(s)

2018-11-16 15:46:21 - [TEST_STEP][PASSED] - setText: Text 'test' is set on object 'Object Repository/Final Object Repo/Login Page/Internal User/Password'

2018-11-16 15:46:21 - [MESSAGE][PASSED] - Text 'test' is set on object 'Object Repository/Final Object Repo/Login Page/Internal User/Password'

2018-11-16 15:46:21 - [TEST_STEP][PASSED] - delay: Delayed 2 second(s)

2018-11-16 15:46:23 - [MESSAGE][PASSED] - Delayed 2 second(s)

2018-11-16 15:46:23 - [TEST_STEP][PASSED] - click: Object: 'Object Repository/Final Object Repo/Login Page/Internal User/Login Button' is clicked on

2018-11-16 15:46:26 - [MESSAGE][PASSED] - Object: 'Object Repository/Final Object Repo/Login Page/Internal User/Login Button' is clicked on

2018-11-16 15:46:26 - [TEST_STEP][PASSED] - Statement - Try: Delayed 2 second(s)

2018-11-16 15:46:26 - [TEST_STEP][PASSED] - Statement - Checker = false: null

2018-11-16 15:46:26 - [TEST_STEP][PASSED] - Statement - Checker = com.kms.katalon.core.webui.keyword.WebUiBuiltInKeywords.verifyElementHasAttribute(com.kms.katalon.core.testobject.ObjectRepository.findTestObject(Final Object Repo/Landing Page/BM Detecting), "href", 20, OPTIONAL): Object 'Object Repository/Final Object Repo/Landing Page/BM Detecting' has attribute 'href'

2018-11-16 15:46:26 - [MESSAGE][PASSED] - Object 'Object Repository/Final Object Repo/Landing Page/BM Detecting' has attribute 'href'

2018-11-16 15:46:26 - [TEST_STEP][PASSED] - Statement - out.println(Checker): null

2018-11-16 15:46:26 - [TEST_STEP][PASSED] - Statement - If (Checker == false): null

2018-11-16 15:46:26 - [TEST_STEP][PASSED] - Statement - Else: null

2018-11-16 15:46:26 - [TEST_STEP][PASSED] - delay: Delayed 2 second(s)

2018-11-16 15:46:28 - [MESSAGE][PASSED] - Delayed 2 second(s)

2018-11-16 15:46:28 - [TEST_STEP][PASSED] - delay: Delayed 3 second(s)

2018-11-16 15:46:31 - [MESSAGE][PASSED] - Delayed 3 second(s)

2018-11-16 15:46:31 - [TEST_STEP][PASSED] - mouseOver: Object: 'Object Repository/Final Object Repo/Landing Page/WorkFlow Menu' is hovered

2018-11-16 15:46:31 - [MESSAGE][PASSED] - Object: 'Object Repository/Final Object Repo/Landing Page/WorkFlow Menu' is hovered

2018-11-16 15:46:31 - [TEST_STEP][PASSED] - delay: Delayed 2 second(s)

2018-11-16 15:46:33 - [MESSAGE][PASSED] - Delayed 2 second(s)

2018-11-16 15:46:33 - [TEST_STEP][PASSED] - click: Object: 'Object Repository/Final Object Repo/Landing Page/Select to Workflow Listing' is clicked on

2018-11-16 15:46:34 - [MESSAGE][PASSED] - Object: 'Object Repository/Final Object Repo/Landing Page/Select to Workflow Listing' is clicked on

2018-11-16 15:46:34 - [TEST_STEP][PASSED] - delay: Delayed 2 second(s)

2018-11-16 15:46:36 - [MESSAGE][PASSED] - Delayed 2 second(s)

2018-11-16 15:46:36 - [TEST_STEP][PASSED] - click: Object: 'Object Repository/Final Object Repo/WorkFlow Listing Page/Search Information - To Put Ref No' is clicked on

2018-11-16 15:46:37 - [MESSAGE][PASSED] - Object: 'Object Repository/Final Object Repo/WorkFlow Listing Page/Search Information - To Put Ref No' is clicked on

2018-11-16 15:46:37 - [TEST_STEP][PASSED] - delay: Delayed 2 second(s)

2018-11-16 15:46:39 - [MESSAGE][PASSED] - Delayed 2 second(s)

2018-11-16 15:46:39 - [TEST_STEP][PASSED] - callTestCase: Call Test Case 'Test Cases/Final Aug 2018 - PKS Automation/Common/Reference Number Getter' successfully

2018-11-16 15:46:39 - [TEST_CASE][PASSED] - Test Cases/Final Aug 2018 - PKS Automation/Common/Reference Number Getter: Test Cases/Final Aug 2018 - PKS Automation/Common/Reference Number Getter

2018-11-16 15:46:39 - [TEST_STEP][PASSED] - Statement - Try: null

2018-11-16 15:46:39 - [TEST_STEP][PASSED] - Statement - RefNo = new java.io.File(C://KatalonReference.txt): null

2018-11-16 15:46:39 - [TEST_STEP][PASSED] - Statement - bufferread = new java.io.BufferedReader(new java.io.FileReader(RefNo)): null

2018-11-16 15:46:39 - [TEST_STEP][PASSED] - Statement - readedVal = bufferread.readLine(): null

2018-11-16 15:46:39 - [TEST_STEP][PASSED] - Statement - out.println(CaseReferenceNo): null

2018-11-16 15:46:39 - [TEST_STEP][PASSED] - Statement - out.println(readedVal): null

2018-11-16 15:46:39 - [TEST_STEP][PASSED] - Statement - CaseReferenceNo = "": null

2018-11-16 15:46:39 - [TEST_STEP][PASSED] - Statement - CaseReferenceNo = readedVal: null

2018-11-16 15:46:39 - [MESSAGE][PASSED] - Call Test Case 'Test Cases/Final Aug 2018 - PKS Automation/Common/Reference Number Getter' successfully

2018-11-16 15:46:39 - [TEST_STEP][PASSED] - setText: Text 'CUN112018C100005512' is set on object 'Object Repository/Final Object Repo/WorkFlow Listing Page/Ref No Set Text'

2018-11-16 15:46:39 - [MESSAGE][PASSED] - Text 'CUN112018C100005512' is set on object 'Object Repository/Final Object Repo/WorkFlow Listing Page/Ref No Set Text'

2018-11-16 15:46:39 - [TEST_STEP][PASSED] - delay: Delayed 2 second(s)

2018-11-16 15:46:41 - [MESSAGE][PASSED] - Delayed 2 second(s)

2018-11-16 15:46:41 - [TEST_STEP][PASSED] - click: Object: 'Object Repository/Final Object Repo/WorkFlow Listing Page/Search Ref No Search Button' is clicked on

2018-11-16 15:46:43 - [MESSAGE][PASSED] - Object: 'Object Repository/Final Object Repo/WorkFlow Listing Page/Search Ref No Search Button' is clicked on

2018-11-16 15:46:43 - [TEST_STEP][PASSED] - delay: Delayed 4 second(s)

2018-11-16 15:46:47 - [MESSAGE][PASSED] - Delayed 4 second(s)

2018-11-16 15:46:47 - [TEST_STEP][PASSED] - click: Object: 'Object Repository/Final Object Repo/WorkFlow Listing Page/Click Continue Tooltip' is clicked on

2018-11-16 15:46:48 - [MESSAGE][PASSED] - Object: 'Object Repository/Final Object Repo/WorkFlow Listing Page/Click Continue Tooltip' is clicked on

2018-11-16 15:46:48 - [TEST_STEP][PASSED] - delay: Delayed 5 second(s)

2018-11-16 15:46:53 - [MESSAGE][PASSED] - Delayed 5 second(s)

2018-11-16 15:46:53 - [TEST_STEP][PASSED] - doubleClick: Object: 'Object Repository/Final Object Repo/WorkFlow Listing Page/Workflow Found - Listing 1' is double clicked on

2018-11-16 15:46:54 - [MESSAGE][PASSED] - Object: 'Object Repository/Final Object Repo/WorkFlow Listing Page/Workflow Found - Listing 1' is double clicked on

2018-11-16 15:46:54 - [TEST_STEP][PASSED] - Statement - println(OwnerID): null

2018-11-16 15:46:54 - [TEST_STEP][PASSED] - Statement - OwnerID = com.kms.katalon.core.webui.keyword.WebUiBuiltInKeywords.getText(com.kms.katalon.core.testobject.ObjectRepository.findTestObject(Final Object Repo/WorkFlow Listing Page/Workflow Found - Listing 1), STOP_ON_FAILURE): Text of object 'Object Repository/Final Object Repo/WorkFlow Listing Page/Workflow Found - Listing 1' is: 'JOHORuo3'

2018-11-16 15:46:54 - [MESSAGE][PASSED] - Text of object 'Object Repository/Final Object Repo/WorkFlow Listing Page/Workflow Found - Listing 1' is: 'JOHORuo3'

2018-11-16 15:46:54 - [TEST_STEP][PASSED] - Statement - OwnerID = OwnerID.toLowerCase() + "@gmail.com": null

2018-11-16 15:46:54 - [TEST_STEP][PASSED] - Statement - println(OwnerID): null

2018-11-16 15:46:54 - [TEST_STEP][PASSED] - delay: Delayed 2 second(s)

2018-11-16 15:46:56 - [MESSAGE][PASSED] - Delayed 2 second(s)

2018-11-16 15:46:56 - [MESSAGE][PASSED] - Call Test Case 'Test Cases/Final Aug 2018 - PKS Automation/Common/Workflow Owner Finder' successfully

2018-11-16 15:46:56 - [TEST_STEP][PASSED] - delay: Delayed 2 second(s)

2018-11-16 15:46:58 - [MESSAGE][PASSED] - Delayed 2 second(s)

2018-11-16 15:46:58 - [TEST_STEP][PASSED] - navigateToUrl: Navigate to 'https://assist2-uat.perkeso.gov.my/c/portal/logout' successfully

2018-11-16 15:46:59 - [MESSAGE][PASSED] - Navigate to 'https://assist2-uat.perkeso.gov.my/c/portal/logout' successfully

2018-11-16 15:46:59 - [TEST_STEP][PASSED] - delay: Delayed 2 second(s)

2018-11-16 15:47:01 - [MESSAGE][PASSED] - Delayed 2 second(s)

2018-11-16 15:47:01 - [TEST_STEP][PASSED] - callTestCase: Call Test Case 'Test Cases/Final Aug 2018 - PKS Automation/Registration Module/Workflow/Login and Search Case For Workflow' successfully

2018-11-16 15:47:01 - [TEST_CASE][PASSED] - Test Cases/Final Aug 2018 - PKS Automation/Registration Module/Workflow/Login and Search Case For Workflow: Test Cases/Final Aug 2018 - PKS Automation/Registration Module/Workflow/Login and Search Case For Workflow

2018-11-16 15:47:01 - [TEST_STEP][PASSED] - navigateToUrl: Navigate to 'https://assist2-uat.perkeso.gov.my/login' successfully

2018-11-16 15:47:02 - [MESSAGE][PASSED] - Navigate to 'https://assist2-uat.perkeso.gov.my/login' successfully

2018-11-16 15:47:02 - [TEST_STEP][PASSED] - setText: Text 'johoruo3@gmail.com' is set on object 'Object Repository/Final Object Repo/Login Page/Internal User/Email Address'

2018-11-16 15:47:02 - [MESSAGE][PASSED] - Text 'johoruo3@gmail.com' is set on object 'Object Repository/Final Object Repo/Login Page/Internal User/Email Address'

2018-11-16 15:47:02 - [TEST_STEP][PASSED] - click: Object: 'Object Repository/Final Object Repo/Login Page/Internal User/Next Button' is clicked on

2018-11-16 15:47:02 - [MESSAGE][PASSED] - Object: 'Object Repository/Final Object Repo/Login Page/Internal User/Next Button' is clicked on

2018-11-16 15:47:02 - [TEST_STEP][PASSED] - delay: Delayed 1 second(s)

2018-11-16 15:47:03 - [MESSAGE][PASSED] - Delayed 1 second(s)

2018-11-16 15:47:03 - [TEST_STEP][PASSED] - setEncryptedText: Text ****** has been set on object 'Object Repository/Final Object Repo/Login Page/Internal User/Password'

2018-11-16 15:47:03 - [MESSAGE][PASSED] - Text ****** has been set on object 'Object Repository/Final Object Repo/Login Page/Internal User/Password'

2018-11-16 15:47:03 - [TEST_STEP][PASSED] - click: Object: 'Object Repository/Final Object Repo/Login Page/Internal User/Login Button' is clicked on

2018-11-16 15:47:06 - [MESSAGE][PASSED] - Object: 'Object Repository/Final Object Repo/Login Page/Internal User/Login Button' is clicked on

2018-11-16 15:47:06 - [TEST_STEP][PASSED] - delay: Delayed 2 second(s)

2018-11-16 15:47:08 - [MESSAGE][PASSED] - Delayed 2 second(s)

2018-11-16 15:47:08 - [TEST_STEP][PASSED] - Statement - Try: Delayed 2 second(s)

2018-11-16 15:47:08 - [TEST_STEP][PASSED] - Statement - Checker = false: null

2018-11-16 15:47:08 - [TEST_STEP][PASSED] - Statement - Checker = com.kms.katalon.core.webui.keyword.WebUiBuiltInKeywords.verifyElementHasAttribute(com.kms.katalon.core.testobject.ObjectRepository.findTestObject(Final Object Repo/Landing Page/BM Detecting), "href", 20, OPTIONAL): Object 'Object Repository/Final Object Repo/Landing Page/BM Detecting' has attribute 'href'

2018-11-16 15:47:08 - [MESSAGE][PASSED] - Object 'Object Repository/Final Object Repo/Landing Page/BM Detecting' has attribute 'href'

2018-11-16 15:47:08 - [TEST_STEP][PASSED] - Statement - out.println(Checker): null

2018-11-16 15:47:08 - [TEST_STEP][PASSED] - Statement - If (Checker == false): null

2018-11-16 15:47:08 - [TEST_STEP][PASSED] - Statement - Else: null

2018-11-16 15:47:08 - [TEST_STEP][PASSED] - delay: Delayed 2 second(s)

2018-11-16 15:47:10 - [MESSAGE][PASSED] - Delayed 2 second(s)

2018-11-16 15:47:10 - [TEST_STEP][PASSED] - click: Object: 'Object Repository/Final Object Repo/Page_MyASSIST - ASSIST - Search Pending Case For Add Supporting Document/Search Information' is clicked on

2018-11-16 15:47:10 - [MESSAGE][PASSED] - Object: 'Object Repository/Final Object Repo/Page_MyASSIST - ASSIST - Search Pending Case For Add Supporting Document/Search Information' is clicked on

2018-11-16 15:47:10 - [TEST_STEP][PASSED] - delay: Delayed 3 second(s)

2018-11-16 15:47:13 - [MESSAGE][PASSED] - Delayed 3 second(s)

2018-11-16 15:47:13 - [TEST_STEP][PASSED] - sendKeys: Keys 'CUN112018C100005512' sent to object: 'Object Repository/Final Object Repo/Page_MyASSIST - ASSIST - Search Pending Case For Add Supporting Document/Reference No'

2018-11-16 15:47:13 - [MESSAGE][PASSED] - Keys 'CUN112018C100005512' sent to object: 'Object Repository/Final Object Repo/Page_MyASSIST - ASSIST - Search Pending Case For Add Supporting Document/Reference No'

2018-11-16 15:47:13 - [TEST_STEP][PASSED] - click: Object: 'Object Repository/Final Object Repo/Page_MyASSIST - ASSIST - Search Pending Case For Add Supporting Document/Search Reference No' is clicked on

2018-11-16 15:47:15 - [MESSAGE][PASSED] - Object: 'Object Repository/Final Object Repo/Page_MyASSIST - ASSIST - Search Pending Case For Add Supporting Document/Search Reference No' is clicked on

2018-11-16 15:47:15 - [TEST_STEP][PASSED] - delay: Delayed 2 second(s)

2018-11-16 15:47:17 - [MESSAGE][PASSED] - Delayed 2 second(s)

2018-11-16 15:47:17 - [TEST_STEP][PASSED] - click: Object: 'Object Repository/Final Object Repo/Page_MyASSIST - ASSIST - Search Pending Case For Add Supporting Document/Continue' is clicked on

2018-11-16 15:47:22 - [MESSAGE][PASSED] - Object: 'Object Repository/Final Object Repo/Page_MyASSIST - ASSIST - Search Pending Case For Add Supporting Document/Continue' is clicked on

2018-11-16 15:47:22 - [TEST_STEP][PASSED] - delay: Delayed 20 second(s)

2018-11-16 15:47:42 - [MESSAGE][PASSED] - Delayed 20 second(s)

2018-11-16 15:47:42 - [MESSAGE][PASSED] - Call Test Case 'Test Cases/Final Aug 2018 - PKS Automation/Registration Module/Workflow/Login and Search Case For Workflow' successfully

2018-11-16 15:47:42 - [TEST_STEP][PASSED] - delay: Delayed 2 second(s)

2018-11-16 15:47:44 - [MESSAGE][PASSED] - Delayed 2 second(s)

2018-11-16 15:47:44 - [TEST_STEP][PASSED] - click: Object: 'Object Repository/Final Object Repo/Page_Update Employee Information By Employer/Page_Update Employee Information by Employer (Approve)/Continue' is clicked on

2018-11-16 15:47:48 - [MESSAGE][PASSED] - Object: 'Object Repository/Final Object Repo/Page_Update Employee Information By Employer/Page_Update Employee Information by Employer (Approve)/Continue' is clicked on

2018-11-16 15:47:48 - [TEST_STEP][PASSED] - delay: Delayed 2 second(s)

2018-11-16 15:47:50 - [MESSAGE][PASSED] - Delayed 2 second(s)

2018-11-16 15:47:50 - [TEST_STEP][PASSED] - click: Object: 'Object Repository/Final Object Repo/Page_Update Employee Information By Employer/Page_Update Employee Information by Employer (Approve)/Save  Continue in Update Employee Information Page' is clicked on

2018-11-16 15:47:53 - [MESSAGE][PASSED] - Object: 'Object Repository/Final Object Repo/Page_Update Employee Information By Employer/Page_Update Employee Information by Employer (Approve)/Save  Continue in Update Employee Information Page' is clicked on

2018-11-16 15:47:53 - [TEST_STEP][PASSED] - delay: Delayed 4 second(s)

2018-11-16 15:47:57 - [MESSAGE][PASSED] - Delayed 4 second(s)

2018-11-16 15:47:57 - [TEST_STEP][PASSED] - setText: Text 'Query' is set on object 'Object Repository/Final Object Repo/Page_Update Employee Information By Employer/Page_Update Employee Information by Employer (Query)/Remark'

2018-11-16 15:47:57 - [MESSAGE][PASSED] - Text 'Query' is set on object 'Object Repository/Final Object Repo/Page_Update Employee Information By Employer/Page_Update Employee Information by Employer (Query)/Remark'

2018-11-16 15:47:57 - [TEST_STEP][PASSED] - delay: Delayed 2 second(s)

2018-11-16 15:47:59 - [MESSAGE][PASSED] - Delayed 2 second(s)

2018-11-16 15:47:59 - [TEST_STEP][PASSED] - click: Object: 'Object Repository/Final Object Repo/Page_Update Employee Information By Employer/Page_Update Employee Information by Employer (Approve)/Save  Continue in Upload Supporting Doucument Page' is clicked on

2018-11-16 15:48:04 - [MESSAGE][PASSED] - Object: 'Object Repository/Final Object Repo/Page_Update Employee Information By Employer/Page_Update Employee Information by Employer (Approve)/Save  Continue in Upload Supporting Doucument Page' is clicked on

2018-11-16 15:48:04 - [TEST_STEP][PASSED] - delay: Delayed 2 second(s)

2018-11-16 15:48:06 - [MESSAGE][PASSED] - Delayed 2 second(s)

2018-11-16 15:48:06 - [TEST_STEP][PASSED] - click: Object: 'Object Repository/Final Object Repo/Page_Update Employee Information By Employer/Page_Update Employee Information by Employer (Query)/Query' is clicked on

2018-11-16 15:48:06 - [MESSAGE][PASSED] - Object: 'Object Repository/Final Object Repo/Page_Update Employee Information By Employer/Page_Update Employee Information by Employer (Query)/Query' is clicked on

2018-11-16 15:48:06 - [TEST_STEP][PASSED] - delay: Delayed 2 second(s)

2018-11-16 15:48:08 - [MESSAGE][PASSED] - Delayed 2 second(s)

2018-11-16 15:48:08 - [TEST_STEP][PASSED] - click: Object: 'Object Repository/Final Object Repo/Page_Update Employee Information By Employer/Page_Update Employee Information by Employer (Approve)/Confirm' is clicked on

2018-11-16 15:48:14 - [MESSAGE][PASSED] - Object: 'Object Repository/Final Object Repo/Page_Update Employee Information By Employer/Page_Update Employee Information by Employer (Approve)/Confirm' is clicked on

2018-11-16 15:48:14 - [TEST_STEP][PASSED] - delay: Delayed 2 second(s)

2018-11-16 15:48:16 - [MESSAGE][PASSED] - Delayed 2 second(s)

2018-11-16 15:48:16 - [TEST_STEP][PASSED] - click: Object: 'Object Repository/Final Object Repo/Page_Update Employee Information By Employer/Page_Update Employee Information by Employer (Query)/Query Message The case is Under Query' is clicked on

2018-11-16 15:48:16 - [MESSAGE][PASSED] - Object: 'Object Repository/Final Object Repo/Page_Update Employee Information By Employer/Page_Update Employee Information by Employer (Query)/Query Message The case is Under Query' is clicked on

2018-11-16 15:48:16 - [TEST_STEP][PASSED] - delay: Delayed 2 second(s)

2018-11-16 15:48:18 - [MESSAGE][PASSED] - Delayed 2 second(s)

2018-11-16 15:48:18 - [TEST_STEP][PASSED] - click: Object: 'Object Repository/Final Object Repo/Page_Update Employee Information By Employer/Page_Update Employee Information by Employer (Query)/Letter of inquiry' is clicked on

2018-11-16 15:48:23 - [MESSAGE][PASSED] - Object: 'Object Repository/Final Object Repo/Page_Update Employee Information By Employer/Page_Update Employee Information by Employer (Query)/Letter of inquiry' is clicked on

2018-11-16 15:48:23 - [TEST_STEP][PASSED] - delay: Delayed 1 second(s)

2018-11-16 15:48:24 - [MESSAGE][PASSED] - Delayed 1 second(s)

2018-11-16 15:48:24 - [TEST_STEP][PASSED] - navigateToUrl: Navigate to 'https://assist2-uat.perkeso.gov.my/c/portal/logout' successfully

2018-11-16 15:48:25 - [MESSAGE][PASSED] - Navigate to 'https://assist2-uat.perkeso.gov.my/c/portal/logout' successfully

2018-11-16 15:48:25 - [TEST_STEP][PASSED] - delay: Delayed 1 second(s)

2018-11-16 15:48:26 - [MESSAGE][PASSED] - Delayed 1 second(s)

2018-11-16 15:48:26 - [TEST_STEP][PASSED] - callTestCase: Call Test Case 'Test Cases/Final Aug 2018 - PKS Automation/Registration Module/Workflow/Search Pending Case For Add Supporting Document (OTC)' successfully

2018-11-16 15:48:26 - [TEST_CASE][PASSED] - Test Cases/Final Aug 2018 - PKS Automation/Registration Module/Workflow/Search Pending Case For Add Supporting Document (OTC): Test Cases/Final Aug 2018 - PKS Automation/Registration Module/Workflow/Search Pending Case For Add Supporting Document (OTC)

2018-11-16 15:48:26 - [TEST_STEP][PASSED] - openBrowser: Browser is opened with url: ''

2018-11-16 15:48:26 - [MESSAGE][WARNING] - A browser is already opened. Closing browser and opening a new one

2018-11-16 15:48:31 - [MESSAGE][PASSED] - Browser is opened with url: ''

2018-11-16 15:48:31 - [TEST_STEP][PASSED] - navigateToUrl: Navigate to 'https://assist2-uat.perkeso.gov.my/login' successfully

2018-11-16 15:48:34 - [MESSAGE][PASSED] - Navigate to 'https://assist2-uat.perkeso.gov.my/login' successfully

2018-11-16 15:48:34 - [TEST_STEP][PASSED] - setText: Text 'johorotc1@gmail.com' is set on object 'Object Repository/Final Object Repo/Login Page/Internal User/Email Address'

2018-11-16 15:48:34 - [MESSAGE][PASSED] - Text 'johorotc1@gmail.com' is set on object 'Object Repository/Final Object Repo/Login Page/Internal User/Email Address'

2018-11-16 15:48:34 - [TEST_STEP][PASSED] - click: Object: 'Object Repository/Final Object Repo/Login Page/Internal User/Next Button' is clicked on

2018-11-16 15:48:34 - [MESSAGE][PASSED] - Object: 'Object Repository/Final Object Repo/Login Page/Internal User/Next Button' is clicked on

2018-11-16 15:48:34 - [TEST_STEP][PASSED] - delay: Delayed 1 second(s)

2018-11-16 15:48:35 - [MESSAGE][PASSED] - Delayed 1 second(s)

2018-11-16 15:48:35 - [TEST_STEP][PASSED] - setEncryptedText: Text ****** has been set on object 'Object Repository/Final Object Repo/Login Page/Internal User/Password'

2018-11-16 15:48:35 - [MESSAGE][PASSED] - Text ****** has been set on object 'Object Repository/Final Object Repo/Login Page/Internal User/Password'

2018-11-16 15:48:35 - [TEST_STEP][PASSED] - click: Object: 'Object Repository/Final Object Repo/Login Page/Internal User/Login Button' is clicked on

2018-11-16 15:48:38 - [MESSAGE][PASSED] - Object: 'Object Repository/Final Object Repo/Login Page/Internal User/Login Button' is clicked on

2018-11-16 15:48:38 - [TEST_STEP][PASSED] - delay: Delayed 1 second(s)

2018-11-16 15:48:39 - [MESSAGE][PASSED] - Delayed 1 second(s)

2018-11-16 15:48:39 - [TEST_STEP][PASSED] - Statement - Try: Delayed 2 second(s)

2018-11-16 15:48:39 - [TEST_STEP][PASSED] - Statement - Checker = false: null

2018-11-16 15:48:39 - [TEST_STEP][PASSED] - Statement - Checker = com.kms.katalon.core.webui.keyword.WebUiBuiltInKeywords.verifyElementHasAttribute(com.kms.katalon.core.testobject.ObjectRepository.findTestObject(Final Object Repo/Landing Page/BM Detecting), "href", 20, OPTIONAL): Object 'Object Repository/Final Object Repo/Landing Page/BM Detecting' has attribute 'href'

2018-11-16 15:48:39 - [MESSAGE][PASSED] - Object 'Object Repository/Final Object Repo/Landing Page/BM Detecting' has attribute 'href'

2018-11-16 15:48:39 - [TEST_STEP][PASSED] - Statement - out.println(Checker): null

2018-11-16 15:48:39 - [TEST_STEP][PASSED] - Statement - If (Checker == false): null

2018-11-16 15:48:39 - [TEST_STEP][PASSED] - Statement - Else: null

2018-11-16 15:48:39 - [TEST_STEP][PASSED] - delay: Delayed 2 second(s)

2018-11-16 15:48:41 - [MESSAGE][PASSED] - Delayed 2 second(s)

2018-11-16 15:48:41 - [TEST_STEP][PASSED] - navigateToUrl: Navigate to 'https://assist2-uat.perkeso.gov.my/web/registration/search/search-pending-case-for-add-supporting-document' successfully

2018-11-16 15:48:42 - [MESSAGE][PASSED] - Navigate to 'https://assist2-uat.perkeso.gov.my/web/registration/search/search-pending-case-for-add-supporting-document' successfully

2018-11-16 15:48:42 - [TEST_STEP][PASSED] - click: Object: 'Object Repository/Final Object Repo/Page_Search Pending Case For Add Suporting Document/Search By' is clicked on

2018-11-16 15:48:43 - [MESSAGE][PASSED] - Object: 'Object Repository/Final Object Repo/Page_Search Pending Case For Add Suporting Document/Search By' is clicked on

2018-11-16 15:48:43 - [TEST_STEP][PASSED] - click: Object: 'Object Repository/Final Object Repo/Page_Search Pending Case For Add Suporting Document/Search By - Reference ID' is clicked on

2018-11-16 15:48:43 - [MESSAGE][PASSED] - Object: 'Object Repository/Final Object Repo/Page_Search Pending Case For Add Suporting Document/Search By - Reference ID' is clicked on

2018-11-16 15:48:43 - [TEST_STEP][PASSED] - delay: Delayed 2 second(s)

2018-11-16 15:48:45 - [MESSAGE][PASSED] - Delayed 2 second(s)

2018-11-16 15:48:45 - [TEST_STEP][PASSED] - setText: Text 'CUN112018C100005512' is set on object 'Object Repository/Final Object Repo/Page_Search Pending Case For Add Suporting Document/Reference ID'

2018-11-16 15:48:46 - [MESSAGE][PASSED] - Text 'CUN112018C100005512' is set on object 'Object Repository/Final Object Repo/Page_Search Pending Case For Add Suporting Document/Reference ID'

2018-11-16 15:48:46 - [TEST_STEP][PASSED] - click: Object: 'Object Repository/Final Object Repo/Page_Search Pending Case For Add Suporting Document/Search' is clicked on

2018-11-16 15:48:47 - [MESSAGE][PASSED] - Object: 'Object Repository/Final Object Repo/Page_Search Pending Case For Add Suporting Document/Search' is clicked on

2018-11-16 15:48:47 - [TEST_STEP][PASSED] - delay: Delayed 2 second(s)

2018-11-16 15:48:49 - [MESSAGE][PASSED] - Delayed 2 second(s)

2018-11-16 15:48:49 - [TEST_STEP][PASSED] - click: Object: 'Object Repository/Final Object Repo/Page_Search Pending Case For Add Suporting Document/Edit' is clicked on

2018-11-16 15:48:53 - [MESSAGE][PASSED] - Object: 'Object Repository/Final Object Repo/Page_Search Pending Case For Add Suporting Document/Edit' is clicked on

2018-11-16 15:48:53 - [MESSAGE][PASSED] - Call Test Case 'Test Cases/Final Aug 2018 - PKS Automation/Registration Module/Workflow/Search Pending Case For Add Supporting Document (OTC)' successfully

2018-11-16 15:48:53 - [TEST_STEP][PASSED] - click: Object: 'Object Repository/Final Object Repo/Page_Update Employee Information By Employer/Page_Update Employee Information by Employer (Query -OTC -UO)/Next' is clicked on

2018-11-16 15:48:57 - [MESSAGE][PASSED] - Object: 'Object Repository/Final Object Repo/Page_Update Employee Information By Employer/Page_Update Employee Information by Employer (Query -OTC -UO)/Next' is clicked on

2018-11-16 15:48:57 - [TEST_STEP][PASSED] - delay: Delayed 2 second(s)

2018-11-16 15:48:59 - [MESSAGE][PASSED] - Delayed 2 second(s)

2018-11-16 15:48:59 - [TEST_STEP][PASSED] - click: Object: 'Object Repository/Final Object Repo/Page_Update Employee Information By Employer/Page_Update Employee Information by Employer (Query -OTC -UO)/Add Document Button' is clicked on

2018-11-16 15:48:59 - [MESSAGE][PASSED] - Object: 'Object Repository/Final Object Repo/Page_Update Employee Information By Employer/Page_Update Employee Information by Employer (Query -OTC -UO)/Add Document Button' is clicked on

2018-11-16 15:48:59 - [TEST_STEP][PASSED] - delay: Delayed 5 second(s)

2018-11-16 15:49:04 - [MESSAGE][PASSED] - Delayed 5 second(s)

2018-11-16 15:49:04 - [TEST_STEP][PASSED] - click: Object: 'Object Repository/Final Object Repo/Page_Update Employee Information By Employer/Page_Update Employee Information by Employer (Query -OTC -UO)/Document Type' is clicked on

2018-11-16 15:49:05 - [MESSAGE][PASSED] - Object: 'Object Repository/Final Object Repo/Page_Update Employee Information By Employer/Page_Update Employee Information by Employer (Query -OTC -UO)/Document Type' is clicked on

2018-11-16 15:49:05 - [TEST_STEP][PASSED] - click: Object: 'Object Repository/Final Object Repo/Page_Update Employee Information By Employer/Page_Update Employee Information by Employer (Query -OTC -UO)/Document Type - Other' is clicked on

2018-11-16 15:49:05 - [MESSAGE][PASSED] - Object: 'Object Repository/Final Object Repo/Page_Update Employee Information By Employer/Page_Update Employee Information by Employer (Query -OTC -UO)/Document Type - Other' is clicked on

2018-11-16 15:49:05 - [TEST_STEP][PASSED] - sendKeys: Keys 'C:\Users\Public\Pictures\Sample Pictures\Act.jpg' sent to object: 'Object Repository/Final Object Repo/Page_Update Employee Information By Employer/Page_Update Employee Information by Employer (Query -OTC -UO)/Upload File'

2018-11-16 15:49:06 - [MESSAGE][PASSED] - Keys 'C:\Users\Public\Pictures\Sample Pictures\Act.jpg' sent to object: 'Object Repository/Final Object Repo/Page_Update Employee Information By Employer/Page_Update Employee Information by Employer (Query -OTC -UO)/Upload File'

2018-11-16 15:49:06 - [TEST_STEP][PASSED] - click: Object: 'Object Repository/Final Object Repo/Page_Update Employee Information By Employer/Page_Update Employee Information by Employer (Query -OTC -UO)/Add Document' is clicked on

2018-11-16 15:49:11 - [MESSAGE][PASSED] - Object: 'Object Repository/Final Object Repo/Page_Update Employee Information By Employer/Page_Update Employee Information by Employer (Query -OTC -UO)/Add Document' is clicked on

2018-11-16 15:49:11 - [TEST_STEP][PASSED] - delay: Delayed 2 second(s)

2018-11-16 15:49:13 - [MESSAGE][PASSED] - Delayed 2 second(s)

2018-11-16 15:49:13 - [TEST_STEP][PASSED] - click: Object: 'Object Repository/Final Object Repo/Page_Update Employee Information By Employer/Page_Update Employee Information by Employer (Query -OTC -UO)/Exit' is clicked on

2018-11-16 15:49:14 - [MESSAGE][PASSED] - Object: 'Object Repository/Final Object Repo/Page_Update Employee Information By Employer/Page_Update Employee Information by Employer (Query -OTC -UO)/Exit' is clicked on

2018-11-16 15:49:14 - [TEST_STEP][PASSED] - delay: Delayed 2 second(s)

2018-11-16 15:49:16 - [MESSAGE][PASSED] - Delayed 2 second(s)

2018-11-16 15:49:16 - [TEST_STEP][PASSED] - navigateToUrl: Navigate to 'https://assist2-uat.perkeso.gov.my/c/portal/logout' successfully

2018-11-16 15:49:17 - [MESSAGE][PASSED] - Navigate to 'https://assist2-uat.perkeso.gov.my/c/portal/logout' successfully

2018-11-16 15:49:17 - [TEST_STEP][PASSED] - delay: Delayed 2 second(s)

2018-11-16 15:49:19 - [MESSAGE][PASSED] - Delayed 2 second(s)

2018-11-16 15:49:19 - [TEST_STEP][PASSED] - callTestCase: Call Test Case 'Test Cases/Final Aug 2018 - PKS Automation/Registration Module/Workflow/Login and Search Case For Workflow' successfully

2018-11-16 15:49:19 - [TEST_CASE][PASSED] - Test Cases/Final Aug 2018 - PKS Automation/Registration Module/Workflow/Login and Search Case For Workflow: Test Cases/Final Aug 2018 - PKS Automation/Registration Module/Workflow/Login and Search Case For Workflow

2018-11-16 15:49:19 - [TEST_STEP][PASSED] - navigateToUrl: Navigate to 'https://assist2-uat.perkeso.gov.my/login' successfully

2018-11-16 15:49:20 - [MESSAGE][PASSED] - Navigate to 'https://assist2-uat.perkeso.gov.my/login' successfully

2018-11-16 15:49:20 - [TEST_STEP][PASSED] - setText: Text 'johoruo3@gmail.com' is set on object 'Object Repository/Final Object Repo/Login Page/Internal User/Email Address'

2018-11-16 15:49:20 - [MESSAGE][PASSED] - Text 'johoruo3@gmail.com' is set on object 'Object Repository/Final Object Repo/Login Page/Internal User/Email Address'

2018-11-16 15:49:20 - [TEST_STEP][PASSED] - click: Object: 'Object Repository/Final Object Repo/Login Page/Internal User/Next Button' is clicked on

2018-11-16 15:49:20 - [MESSAGE][PASSED] - Object: 'Object Repository/Final Object Repo/Login Page/Internal User/Next Button' is clicked on

2018-11-16 15:49:20 - [TEST_STEP][PASSED] - delay: Delayed 1 second(s)

2018-11-16 15:49:21 - [MESSAGE][PASSED] - Delayed 1 second(s)

2018-11-16 15:49:21 - [TEST_STEP][PASSED] - setEncryptedText: Text ****** has been set on object 'Object Repository/Final Object Repo/Login Page/Internal User/Password'

2018-11-16 15:49:21 - [MESSAGE][PASSED] - Text ****** has been set on object 'Object Repository/Final Object Repo/Login Page/Internal User/Password'

2018-11-16 15:49:21 - [TEST_STEP][PASSED] - click: Object: 'Object Repository/Final Object Repo/Login Page/Internal User/Login Button' is clicked on

2018-11-16 15:49:24 - [MESSAGE][PASSED] - Object: 'Object Repository/Final Object Repo/Login Page/Internal User/Login Button' is clicked on

2018-11-16 15:49:24 - [TEST_STEP][PASSED] - delay: Delayed 2 second(s)

2018-11-16 15:49:26 - [MESSAGE][PASSED] - Delayed 2 second(s)

2018-11-16 15:49:26 - [TEST_STEP][PASSED] - Statement - Try: Delayed 2 second(s)

2018-11-16 15:49:26 - [TEST_STEP][PASSED] - Statement - Checker = false: null

2018-11-16 15:49:26 - [TEST_STEP][PASSED] - Statement - Checker = com.kms.katalon.core.webui.keyword.WebUiBuiltInKeywords.verifyElementHasAttribute(com.kms.katalon.core.testobject.ObjectRepository.findTestObject(Final Object Repo/Landing Page/BM Detecting), "href", 20, OPTIONAL): Object 'Object Repository/Final Object Repo/Landing Page/BM Detecting' has attribute 'href'

2018-11-16 15:49:26 - [MESSAGE][PASSED] - Object 'Object Repository/Final Object Repo/Landing Page/BM Detecting' has attribute 'href'

2018-11-16 15:49:26 - [TEST_STEP][PASSED] - Statement - out.println(Checker): null

2018-11-16 15:49:26 - [TEST_STEP][PASSED] - Statement - If (Checker == false): null

2018-11-16 15:49:26 - [TEST_STEP][PASSED] - Statement - Else: null

2018-11-16 15:49:26 - [TEST_STEP][PASSED] - delay: Delayed 2 second(s)

2018-11-16 15:49:28 - [MESSAGE][PASSED] - Delayed 2 second(s)

2018-11-16 15:49:28 - [TEST_STEP][PASSED] - click: Object: 'Object Repository/Final Object Repo/Page_MyASSIST - ASSIST - Search Pending Case For Add Supporting Document/Search Information' is clicked on

2018-11-16 15:49:28 - [MESSAGE][PASSED] - Object: 'Object Repository/Final Object Repo/Page_MyASSIST - ASSIST - Search Pending Case For Add Supporting Document/Search Information' is clicked on

2018-11-16 15:49:28 - [TEST_STEP][PASSED] - delay: Delayed 3 second(s)

2018-11-16 15:49:31 - [MESSAGE][PASSED] - Delayed 3 second(s)

2018-11-16 15:49:31 - [TEST_STEP][PASSED] - sendKeys: Keys 'CUN112018C100005512' sent to object: 'Object Repository/Final Object Repo/Page_MyASSIST - ASSIST - Search Pending Case For Add Supporting Document/Reference No'

2018-11-16 15:49:31 - [MESSAGE][PASSED] - Keys 'CUN112018C100005512' sent to object: 'Object Repository/Final Object Repo/Page_MyASSIST - ASSIST - Search Pending Case For Add Supporting Document/Reference No'

2018-11-16 15:49:31 - [TEST_STEP][PASSED] - click: Object: 'Object Repository/Final Object Repo/Page_MyASSIST - ASSIST - Search Pending Case For Add Supporting Document/Search Reference No' is clicked on

2018-11-16 15:49:32 - [MESSAGE][PASSED] - Object: 'Object Repository/Final Object Repo/Page_MyASSIST - ASSIST - Search Pending Case For Add Supporting Document/Search Reference No' is clicked on

2018-11-16 15:49:32 - [TEST_STEP][PASSED] - delay: Delayed 2 second(s)

2018-11-16 15:49:34 - [MESSAGE][PASSED] - Delayed 2 second(s)

2018-11-16 15:49:34 - [TEST_STEP][PASSED] - click: Object: 'Object Repository/Final Object Repo/Page_MyASSIST - ASSIST - Search Pending Case For Add Supporting Document/Continue' is clicked on

2018-11-16 15:49:39 - [MESSAGE][PASSED] - Object: 'Object Repository/Final Object Repo/Page_MyASSIST - ASSIST - Search Pending Case For Add Supporting Document/Continue' is clicked on

2018-11-16 15:49:39 - [TEST_STEP][PASSED] - delay: Delayed 20 second(s)

2018-11-16 15:49:59 - [MESSAGE][PASSED] - Delayed 20 second(s)

2018-11-16 15:49:59 - [MESSAGE][PASSED] - Call Test Case 'Test Cases/Final Aug 2018 - PKS Automation/Registration Module/Workflow/Login and Search Case For Workflow' successfully

2018-11-16 15:49:59 - [TEST_STEP][PASSED] - click: Object: 'Object Repository/Final Object Repo/Page_Update Employee Information By Employer/Page_Update Employee Information by Employer (Approve)/Continue' is clicked on

2018-11-16 15:50:03 - [MESSAGE][PASSED] - Object: 'Object Repository/Final Object Repo/Page_Update Employee Information By Employer/Page_Update Employee Information by Employer (Approve)/Continue' is clicked on

2018-11-16 15:50:03 - [TEST_STEP][PASSED] - delay: Delayed 2 second(s)

2018-11-16 15:50:05 - [MESSAGE][PASSED] - Delayed 2 second(s)

2018-11-16 15:50:05 - [TEST_STEP][PASSED] - click: Object: 'Object Repository/Final Object Repo/Page_Update Employee Information By Employer/Page_Update Employee Information by Employer (Approve)/Save  Continue in Update Employee Information Page' is clicked on

2018-11-16 15:50:08 - [MESSAGE][PASSED] - Object: 'Object Repository/Final Object Repo/Page_Update Employee Information By Employer/Page_Update Employee Information by Employer (Approve)/Save  Continue in Update Employee Information Page' is clicked on

2018-11-16 15:50:08 - [TEST_STEP][PASSED] - delay: Delayed 4 second(s)

2018-11-16 15:50:12 - [MESSAGE][PASSED] - Delayed 4 second(s)

2018-11-16 15:50:12 - [TEST_STEP][PASSED] - click: Object: 'Object Repository/Final Object Repo/Page_Update Employee Information By Employer/Page_Update Employee Information by Employer (Approve)/Save  Continue in Upload Supporting Doucument Page' is clicked on

2018-11-16 15:50:17 - [MESSAGE][PASSED] - Object: 'Object Repository/Final Object Repo/Page_Update Employee Information By Employer/Page_Update Employee Information by Employer (Approve)/Save  Continue in Upload Supporting Doucument Page' is clicked on

2018-11-16 15:50:17 - [TEST_STEP][PASSED] - delay: Delayed 2 second(s)

2018-11-16 15:50:19 - [MESSAGE][PASSED] - Delayed 2 second(s)

2018-11-16 15:50:19 - [TEST_STEP][PASSED] - click: Object: 'Object Repository/Final Object Repo/Page_Update Employee Information By Employer/Page_Update Employee Information by Employer (Approve)/Approve' is clicked on

2018-11-16 15:50:19 - [MESSAGE][PASSED] - Object: 'Object Repository/Final Object Repo/Page_Update Employee Information By Employer/Page_Update Employee Information by Employer (Approve)/Approve' is clicked on

2018-11-16 15:50:19 - [TEST_STEP][PASSED] - delay: Delayed 2 second(s)

2018-11-16 15:50:21 - [MESSAGE][PASSED] - Delayed 2 second(s)

2018-11-16 15:50:21 - [TEST_STEP][PASSED] - click: Object: 'Object Repository/Final Object Repo/Page_Update Employee Information By Employer/Page_Update Employee Information by Employer (Approve)/Confirm' is clicked on

2018-11-16 15:50:27 - [MESSAGE][PASSED] - Object: 'Object Repository/Final Object Repo/Page_Update Employee Information By Employer/Page_Update Employee Information by Employer (Approve)/Confirm' is clicked on

2018-11-16 15:50:27 - [TEST_STEP][PASSED] - delay: Delayed 2 second(s)

2018-11-16 15:50:29 - [MESSAGE][PASSED] - Delayed 2 second(s)

2018-11-16 15:50:29 - [TEST_STEP][PASSED] - verifyElementVisible: Object 'Object Repository/Final Object Repo/Page_Update Employee Information By Employer/Page_Update Employee Information by Employer (Approve)/Successfull Message Submitted Successfully' is visible

2018-11-16 15:50:29 - [MESSAGE][PASSED] - Object 'Object Repository/Final Object Repo/Page_Update Employee Information By Employer/Page_Update Employee Information by Employer (Approve)/Successfull Message Submitted Successfully' is visible

2018-11-16 15:50:29 - [TEST_STEP][PASSED] - delay: Delayed 2 second(s)

2018-11-16 15:50:31 - [MESSAGE][PASSED] - Delayed 2 second(s)

2018-11-16 15:50:31 - [TEST_STEP][PASSED] - verifyElementVisible: Object 'Object Repository/Final Object Repo/Page_Update Employee Information By Employer/Page_Update Employee Information by Employer (Approve)/Letter of Successful update' is visible

2018-11-16 15:50:31 - [MESSAGE][PASSED] - Object 'Object Repository/Final Object Repo/Page_Update Employee Information By Employer/Page_Update Employee Information by Employer (Approve)/Letter of Successful update' is visible

2018-11-16 15:50:31 - [MESSAGE][PASSED] - Call Test Case 'Test Cases/Final Aug 2018 - PKS Automation/Registration Module/Workflow/Update Employee Information (Employer)/Template/Update Employee Information - Special Case - UO(Query)' successfully]]></system-out>
         <system-err><![CDATA[]]></system-err>
      </testcase>
      <testcase name="Test Cases/Final Aug 2018 - PKS Automation/Registration Module/Workflow/Update Employee Information (Employer)/OTC - UO (Reject)" classname="Test Cases/Final Aug 2018 - PKS Automation/Registration Module/Workflow/Update Employee Information (Employer)/OTC - UO (Reject)" status="PASSED">
         <system-out><![CDATA[2018-11-16 15:50:31 - [TEST_CASE][PASSED] - Test Cases/Final Aug 2018 - PKS Automation/Registration Module/Workflow/Update Employee Information (Employer)/OTC - UO (Reject): Test Cases/Final Aug 2018 - PKS Automation/Registration Module/Workflow/Update Employee Information (Employer)/OTC - UO (Reject)

2018-11-16 15:50:32 - [TEST_STEP][PASSED] - callTestCase: Call Test Case 'Test Cases/Final Aug 2018 - PKS Automation/Registration Module/Workflow/Update Employee Information (Employer)/Template/Update Employer Information - Special Case (OTC)' successfully

2018-11-16 15:50:32 - [TEST_CASE][PASSED] - Test Cases/Final Aug 2018 - PKS Automation/Registration Module/Workflow/Update Employee Information (Employer)/Template/Update Employer Information - Special Case (OTC): Test Cases/Final Aug 2018 - PKS Automation/Registration Module/Workflow/Update Employee Information (Employer)/Template/Update Employer Information - Special Case (OTC)

2018-11-16 15:50:32 - [TEST_STEP][PASSED] - openBrowser: Browser is opened with url: ''

2018-11-16 15:50:32 - [MESSAGE][WARNING] - A browser is already opened. Closing browser and opening a new one

2018-11-16 15:50:36 - [MESSAGE][PASSED] - Browser is opened with url: ''

2018-11-16 15:50:36 - [TEST_STEP][PASSED] - navigateToUrl: Navigate to 'https://assist2-uat.perkeso.gov.my/login' successfully

2018-11-16 15:50:38 - [MESSAGE][PASSED] - Navigate to 'https://assist2-uat.perkeso.gov.my/login' successfully

2018-11-16 15:50:38 - [TEST_STEP][PASSED] - setText: Text 'johorotc1@gmail.com' is set on object 'Object Repository/Final Object Repo/Login Page/Internal User/Email Address'

2018-11-16 15:50:39 - [MESSAGE][PASSED] - Text 'johorotc1@gmail.com' is set on object 'Object Repository/Final Object Repo/Login Page/Internal User/Email Address'

2018-11-16 15:50:39 - [TEST_STEP][PASSED] - click: Object: 'Object Repository/Final Object Repo/Login Page/Internal User/Next Button' is clicked on

2018-11-16 15:50:39 - [MESSAGE][PASSED] - Object: 'Object Repository/Final Object Repo/Login Page/Internal User/Next Button' is clicked on

2018-11-16 15:50:39 - [TEST_STEP][PASSED] - delay: Delayed 1 second(s)

2018-11-16 15:50:40 - [MESSAGE][PASSED] - Delayed 1 second(s)

2018-11-16 15:50:40 - [TEST_STEP][PASSED] - setEncryptedText: Text ****** has been set on object 'Object Repository/Final Object Repo/Login Page/Internal User/Password'

2018-11-16 15:50:40 - [MESSAGE][PASSED] - Text ****** has been set on object 'Object Repository/Final Object Repo/Login Page/Internal User/Password'

2018-11-16 15:50:40 - [TEST_STEP][PASSED] - click: Object: 'Object Repository/Final Object Repo/Login Page/Internal User/Login Button' is clicked on

2018-11-16 15:50:43 - [MESSAGE][PASSED] - Object: 'Object Repository/Final Object Repo/Login Page/Internal User/Login Button' is clicked on

2018-11-16 15:50:43 - [TEST_STEP][PASSED] - Statement - Try: Delayed 2 second(s)

2018-11-16 15:50:43 - [TEST_STEP][PASSED] - Statement - Checker = false: null

2018-11-16 15:50:43 - [TEST_STEP][PASSED] - Statement - Checker = com.kms.katalon.core.webui.keyword.WebUiBuiltInKeywords.verifyElementHasAttribute(com.kms.katalon.core.testobject.ObjectRepository.findTestObject(Final Object Repo/Landing Page/BM Detecting), "href", 20, OPTIONAL): Object 'Object Repository/Final Object Repo/Landing Page/BM Detecting' has attribute 'href'

2018-11-16 15:50:43 - [MESSAGE][PASSED] - Object 'Object Repository/Final Object Repo/Landing Page/BM Detecting' has attribute 'href'

2018-11-16 15:50:43 - [TEST_STEP][PASSED] - Statement - out.println(Checker): null

2018-11-16 15:50:43 - [TEST_STEP][PASSED] - Statement - If (Checker == false): null

2018-11-16 15:50:43 - [TEST_STEP][PASSED] - Statement - Else: null

2018-11-16 15:50:43 - [TEST_STEP][PASSED] - delay: Delayed 2 second(s)

2018-11-16 15:50:45 - [MESSAGE][PASSED] - Delayed 2 second(s)

2018-11-16 15:50:45 - [TEST_STEP][PASSED] - delay: Delayed 1 second(s)

2018-11-16 15:50:46 - [MESSAGE][PASSED] - Delayed 1 second(s)

2018-11-16 15:50:46 - [TEST_STEP][PASSED] - navigateToUrl: Navigate to 'https://assist2-uat.perkeso.gov.my/web/registration/update/update-employee-information-employer-' successfully

2018-11-16 15:50:47 - [MESSAGE][PASSED] - Navigate to 'https://assist2-uat.perkeso.gov.my/web/registration/update/update-employee-information-employer-' successfully

2018-11-16 15:50:47 - [TEST_STEP][PASSED] - setText: Text 'E1102001065V' is set on object 'Object Repository/Final Object Repo/Page_Update Employee Information By Employer/Employer Code'

2018-11-16 15:50:47 - [MESSAGE][PASSED] - Text 'E1102001065V' is set on object 'Object Repository/Final Object Repo/Page_Update Employee Information By Employer/Employer Code'

2018-11-16 15:50:47 - [TEST_STEP][PASSED] - click: Object: 'Object Repository/Final Object Repo/Page_Update Employee Information By Employer/Search Employer Code' is clicked on

2018-11-16 15:50:49 - [MESSAGE][PASSED] - Object: 'Object Repository/Final Object Repo/Page_Update Employee Information By Employer/Search Employer Code' is clicked on

2018-11-16 15:50:49 - [TEST_STEP][PASSED] - click: Object: 'Object Repository/Final Object Repo/Page_Update Employee Information By Employer/Edit Button' is clicked on

2018-11-16 15:50:52 - [MESSAGE][PASSED] - Object: 'Object Repository/Final Object Repo/Page_Update Employee Information By Employer/Edit Button' is clicked on

2018-11-16 15:50:52 - [TEST_STEP][PASSED] - click: Object: 'Object Repository/Final Object Repo/Page_Update Employee Information By Employer/Employee Name or New Identification' is clicked on

2018-11-16 15:50:53 - [MESSAGE][PASSED] - Object: 'Object Repository/Final Object Repo/Page_Update Employee Information By Employer/Employee Name or New Identification' is clicked on

2018-11-16 15:50:53 - [TEST_STEP][PASSED] - delay: Delayed 1 second(s)

2018-11-16 15:50:54 - [MESSAGE][PASSED] - Delayed 1 second(s)

2018-11-16 15:50:54 - [TEST_STEP][PASSED] - click: Object: 'Object Repository/Final Object Repo/Page_Update Employee Information By Employer/Selection - Employee Name' is clicked on

2018-11-16 15:50:54 - [MESSAGE][PASSED] - Object: 'Object Repository/Final Object Repo/Page_Update Employee Information By Employer/Selection - Employee Name' is clicked on

2018-11-16 15:50:54 - [TEST_STEP][PASSED] - delay: Delayed 1 second(s)

2018-11-16 15:50:55 - [MESSAGE][PASSED] - Delayed 1 second(s)

2018-11-16 15:50:55 - [TEST_STEP][PASSED] - setText: Text 'PERKESO' is set on object 'Object Repository/Final Object Repo/Page_Update Employee Information By Employer/Employee Name'

2018-11-16 15:50:56 - [MESSAGE][PASSED] - Text 'PERKESO' is set on object 'Object Repository/Final Object Repo/Page_Update Employee Information By Employer/Employee Name'

2018-11-16 15:50:56 - [TEST_STEP][PASSED] - delay: Delayed 2 second(s)

2018-11-16 15:50:58 - [MESSAGE][PASSED] - Delayed 2 second(s)

2018-11-16 15:50:58 - [TEST_STEP][PASSED] - click: Object: 'Object Repository/Final Object Repo/Page_Update Employee Information By Employer/Search Employee' is clicked on

2018-11-16 15:50:58 - [MESSAGE][PASSED] - Object: 'Object Repository/Final Object Repo/Page_Update Employee Information By Employer/Search Employee' is clicked on

2018-11-16 15:50:58 - [TEST_STEP][PASSED] - delay: Delayed 3 second(s)

2018-11-16 15:51:01 - [MESSAGE][PASSED] - Delayed 3 second(s)

2018-11-16 15:51:01 - [TEST_STEP][PASSED] - click: Object: 'Object Repository/Final Object Repo/Page_Update Employee Information By Employer/Employee Edit Button' is clicked on

2018-11-16 15:51:01 - [MESSAGE][PASSED] - Object: 'Object Repository/Final Object Repo/Page_Update Employee Information By Employer/Employee Edit Button' is clicked on

2018-11-16 15:51:01 - [TEST_STEP][PASSED] - delay: Delayed 3 second(s)

2018-11-16 15:51:04 - [MESSAGE][PASSED] - Delayed 3 second(s)

2018-11-16 15:51:04 - [TEST_STEP][PASSED] - setText: Text '' is set on object 'Object Repository/Final Object Repo/Page_Update Employee Information By Employer/Identification Number'

2018-11-16 15:51:05 - [MESSAGE][PASSED] - Text '' is set on object 'Object Repository/Final Object Repo/Page_Update Employee Information By Employer/Identification Number'

2018-11-16 15:51:05 - [TEST_STEP][PASSED] - Statement - rnd = new java.util.Random(): null

2018-11-16 15:51:05 - [TEST_STEP][PASSED] - Statement - snum = rnd.nextInt(899999 + 1) + 100000: null

2018-11-16 15:51:05 - [TEST_STEP][PASSED] - Statement - tnum = rnd.nextInt(899999 + 1) + 100000: null

2018-11-16 15:51:05 - [TEST_STEP][PASSED] - Statement - IC = java.lang.Integer.toString(snum) + java.lang.Integer.toString(tnum): null

2018-11-16 15:51:05 - [TEST_STEP][PASSED] - Statement - out.println(IC): null

2018-11-16 15:51:05 - [TEST_STEP][PASSED] - setText: Text '815309901859' is set on object 'Object Repository/Final Object Repo/Page_Update Employee Information By Employer/Identification Number'

2018-11-16 15:51:05 - [MESSAGE][PASSED] - Text '815309901859' is set on object 'Object Repository/Final Object Repo/Page_Update Employee Information By Employer/Identification Number'

2018-11-16 15:51:05 - [TEST_STEP][PASSED] - click: Object: 'Object Repository/Final Object Repo/Page_Update Employee Information By Employer/Save' is clicked on

2018-11-16 15:51:09 - [MESSAGE][PASSED] - Object: 'Object Repository/Final Object Repo/Page_Update Employee Information By Employer/Save' is clicked on

2018-11-16 15:51:09 - [TEST_STEP][PASSED] - delay: Delayed 5 second(s)

2018-11-16 15:51:14 - [MESSAGE][PASSED] - Delayed 5 second(s)

2018-11-16 15:51:14 - [TEST_STEP][PASSED] - Statement - CaseReferenceNo = com.kms.katalon.core.webui.keyword.WebUiBuiltInKeywords.getText(com.kms.katalon.core.testobject.ObjectRepository.findTestObject(Final Object Repo/Reference Number/Reference Number in Update Employee Information Page)): Text of object 'Object Repository/Final Object Repo/Reference Number/Reference Number in Update Employee Information Page' is: 'CUN112018C100005513'

2018-11-16 15:51:14 - [MESSAGE][PASSED] - Text of object 'Object Repository/Final Object Repo/Reference Number/Reference Number in Update Employee Information Page' is: 'CUN112018C100005513'

2018-11-16 15:51:14 - [TEST_STEP][PASSED] - callTestCase: Call Test Case 'Test Cases/Final Aug 2018 - PKS Automation/Common/Reference Number Setter' successfully

2018-11-16 15:51:14 - [TEST_CASE][PASSED] - Test Cases/Final Aug 2018 - PKS Automation/Common/Reference Number Setter: Test Cases/Final Aug 2018 - PKS Automation/Common/Reference Number Setter

2018-11-16 15:51:14 - [TEST_STEP][PASSED] - Statement - RefNoOldFile = new java.io.File(C://KatalonReference.txt): null

2018-11-16 15:51:14 - [TEST_STEP][PASSED] - Statement - RefNoOldFile.delete(): null

2018-11-16 15:51:14 - [TEST_STEP][PASSED] - delay: Delayed 5 second(s)

2018-11-16 15:51:19 - [MESSAGE][PASSED] - Delayed 5 second(s)

2018-11-16 15:51:19 - [TEST_STEP][PASSED] - Statement - RefNo = new java.io.File(C://KatalonReference.txt): null

2018-11-16 15:51:19 - [TEST_STEP][PASSED] - Statement - f2 = new java.io.FileWriter(RefNo, false): null

2018-11-16 15:51:19 - [TEST_STEP][PASSED] - Statement - f2.write(CaseReferenceNo): null

2018-11-16 15:51:19 - [TEST_STEP][PASSED] - Statement - f2.close(): null

2018-11-16 15:51:19 - [TEST_STEP][PASSED] - Statement - out.println("


" + CaseReferenceNo + "


"): null

2018-11-16 15:51:19 - [MESSAGE][PASSED] - Call Test Case 'Test Cases/Final Aug 2018 - PKS Automation/Common/Reference Number Setter' successfully

2018-11-16 15:51:19 - [TEST_STEP][PASSED] - delay: Delayed 5 second(s)

2018-11-16 15:51:24 - [MESSAGE][PASSED] - Delayed 5 second(s)

2018-11-16 15:51:24 - [TEST_STEP][PASSED] - click: Object: 'Object Repository/Final Object Repo/Page_Update Employee Information By Employer/Save  Continue in  Employee Information Page' is clicked on

2018-11-16 15:51:28 - [MESSAGE][PASSED] - Object: 'Object Repository/Final Object Repo/Page_Update Employee Information By Employer/Save  Continue in  Employee Information Page' is clicked on

2018-11-16 15:51:28 - [TEST_STEP][PASSED] - delay: Delayed 5 second(s)

2018-11-16 15:51:33 - [MESSAGE][PASSED] - Delayed 5 second(s)

2018-11-16 15:51:33 - [TEST_STEP][PASSED] - click: Object: 'Object Repository/Final Object Repo/Page_Update Employee Information By Employer/Save  Continue in Uploading Page 1' is clicked on

2018-11-16 15:51:37 - [MESSAGE][PASSED] - Object: 'Object Repository/Final Object Repo/Page_Update Employee Information By Employer/Save  Continue in Uploading Page 1' is clicked on

2018-11-16 15:51:37 - [TEST_STEP][PASSED] - delay: Delayed 5 second(s)

2018-11-16 15:51:42 - [MESSAGE][PASSED] - Delayed 5 second(s)

2018-11-16 15:51:42 - [TEST_STEP][PASSED] - click: Object: 'Object Repository/Final Object Repo/Page_Update Employee Information By Employer/Submit' is clicked on

2018-11-16 15:51:42 - [MESSAGE][PASSED] - Object: 'Object Repository/Final Object Repo/Page_Update Employee Information By Employer/Submit' is clicked on

2018-11-16 15:51:42 - [TEST_STEP][PASSED] - delay: Delayed 5 second(s)

2018-11-16 15:51:47 - [MESSAGE][PASSED] - Delayed 5 second(s)

2018-11-16 15:51:47 - [TEST_STEP][PASSED] - click: Object: 'Object Repository/Final Object Repo/Page_Update Employee Information By Employer/Confirm' is clicked on

2018-11-16 15:51:51 - [MESSAGE][PASSED] - Object: 'Object Repository/Final Object Repo/Page_Update Employee Information By Employer/Confirm' is clicked on

2018-11-16 15:51:51 - [TEST_STEP][PASSED] - delay: Delayed 5 second(s)

2018-11-16 15:51:56 - [MESSAGE][PASSED] - Delayed 5 second(s)

2018-11-16 15:51:56 - [TEST_STEP][PASSED] - verifyElementVisible: Object 'Object Repository/Final Object Repo/Page_Update Employee Information By Employer/Successfull Message Routed to UO' is visible

2018-11-16 15:51:56 - [MESSAGE][PASSED] - Object 'Object Repository/Final Object Repo/Page_Update Employee Information By Employer/Successfull Message Routed to UO' is visible

2018-11-16 15:51:56 - [MESSAGE][PASSED] - Call Test Case 'Test Cases/Final Aug 2018 - PKS Automation/Registration Module/Workflow/Update Employee Information (Employer)/Template/Update Employer Information - Special Case (OTC)' successfully

2018-11-16 15:51:56 - [TEST_STEP][PASSED] - callTestCase: Call Test Case 'Test Cases/Final Aug 2018 - PKS Automation/Registration Module/Workflow/Update Employee Information (Employer)/Template/Update Employee Information - Special Case - UO (Reject)' successfully

2018-11-16 15:51:57 - [TEST_CASE][PASSED] - Test Cases/Final Aug 2018 - PKS Automation/Registration Module/Workflow/Update Employee Information (Employer)/Template/Update Employee Information - Special Case - UO (Reject): Test Cases/Final Aug 2018 - PKS Automation/Registration Module/Workflow/Update Employee Information (Employer)/Template/Update Employee Information - Special Case - UO (Reject)

2018-11-16 15:51:57 - [TEST_STEP][NOT_RUN] - callTestCase: NOT_RUN: callTestCase

2018-11-16 15:51:57 - [MESSAGE][NOT_RUN] - NOT_RUN: callTestCase

2018-11-16 15:51:57 - [TEST_STEP][PASSED] - delay: Delayed 2 second(s)

2018-11-16 15:51:59 - [MESSAGE][PASSED] - Delayed 2 second(s)

2018-11-16 15:51:59 - [TEST_STEP][PASSED] - navigateToUrl: Navigate to 'https://assist2-uat.perkeso.gov.my/c/portal/logout' successfully

2018-11-16 15:52:00 - [MESSAGE][PASSED] - Navigate to 'https://assist2-uat.perkeso.gov.my/c/portal/logout' successfully

2018-11-16 15:52:00 - [TEST_STEP][PASSED] - delay: Delayed 2 second(s)

2018-11-16 15:52:02 - [MESSAGE][PASSED] - Delayed 2 second(s)

2018-11-16 15:52:02 - [TEST_STEP][PASSED] - callTestCase: Call Test Case 'Test Cases/Final Aug 2018 - PKS Automation/Common/Reference Number Getter' successfully

2018-11-16 15:52:02 - [TEST_CASE][PASSED] - Test Cases/Final Aug 2018 - PKS Automation/Common/Reference Number Getter: Test Cases/Final Aug 2018 - PKS Automation/Common/Reference Number Getter

2018-11-16 15:52:02 - [TEST_STEP][PASSED] - Statement - Try: null

2018-11-16 15:52:02 - [TEST_STEP][PASSED] - Statement - RefNo = new java.io.File(C://KatalonReference.txt): null

2018-11-16 15:52:02 - [TEST_STEP][PASSED] - Statement - bufferread = new java.io.BufferedReader(new java.io.FileReader(RefNo)): null

2018-11-16 15:52:02 - [TEST_STEP][PASSED] - Statement - readedVal = bufferread.readLine(): null

2018-11-16 15:52:02 - [TEST_STEP][PASSED] - Statement - out.println(CaseReferenceNo): null

2018-11-16 15:52:02 - [TEST_STEP][PASSED] - Statement - out.println(readedVal): null

2018-11-16 15:52:02 - [TEST_STEP][PASSED] - Statement - CaseReferenceNo = "": null

2018-11-16 15:52:02 - [TEST_STEP][PASSED] - Statement - CaseReferenceNo = readedVal: null

2018-11-16 15:52:02 - [MESSAGE][PASSED] - Call Test Case 'Test Cases/Final Aug 2018 - PKS Automation/Common/Reference Number Getter' successfully

2018-11-16 15:52:02 - [TEST_STEP][PASSED] - callTestCase: Call Test Case 'Test Cases/Final Aug 2018 - PKS Automation/Common/Workflow Owner Finder' successfully

2018-11-16 15:52:02 - [TEST_CASE][PASSED] - Test Cases/Final Aug 2018 - PKS Automation/Common/Workflow Owner Finder: Test Cases/Final Aug 2018 - PKS Automation/Common/Workflow Owner Finder

2018-11-16 15:52:02 - [TEST_STEP][PASSED] - openBrowser: Browser is opened with url: ''

2018-11-16 15:52:02 - [MESSAGE][WARNING] - A browser is already opened. Closing browser and opening a new one

2018-11-16 15:52:07 - [MESSAGE][PASSED] - Browser is opened with url: ''

2018-11-16 15:52:07 - [TEST_STEP][PASSED] - navigateToUrl: Navigate to 'https://assist2-uat.perkeso.gov.my/login' successfully

2018-11-16 15:52:10 - [MESSAGE][PASSED] - Navigate to 'https://assist2-uat.perkeso.gov.my/login' successfully

2018-11-16 15:52:10 - [TEST_STEP][PASSED] - delay: Delayed 5 second(s)

2018-11-16 15:52:15 - [MESSAGE][PASSED] - Delayed 5 second(s)

2018-11-16 15:52:15 - [TEST_STEP][PASSED] - setText: Text 'test@liferay.com' is set on object 'Object Repository/Final Object Repo/Login Page/Internal User/Email Address'

2018-11-16 15:52:15 - [MESSAGE][PASSED] - Text 'test@liferay.com' is set on object 'Object Repository/Final Object Repo/Login Page/Internal User/Email Address'

2018-11-16 15:52:15 - [TEST_STEP][PASSED] - click: Object: 'Object Repository/Final Object Repo/Login Page/Internal User/Next Button' is clicked on

2018-11-16 15:52:15 - [MESSAGE][PASSED] - Object: 'Object Repository/Final Object Repo/Login Page/Internal User/Next Button' is clicked on

2018-11-16 15:52:15 - [TEST_STEP][PASSED] - delay: Delayed 2 second(s)

2018-11-16 15:52:17 - [MESSAGE][PASSED] - Delayed 2 second(s)

2018-11-16 15:52:17 - [TEST_STEP][PASSED] - setText: Text 'test' is set on object 'Object Repository/Final Object Repo/Login Page/Internal User/Password'

2018-11-16 15:52:17 - [MESSAGE][PASSED] - Text 'test' is set on object 'Object Repository/Final Object Repo/Login Page/Internal User/Password'

2018-11-16 15:52:17 - [TEST_STEP][PASSED] - delay: Delayed 2 second(s)

2018-11-16 15:52:19 - [MESSAGE][PASSED] - Delayed 2 second(s)

2018-11-16 15:52:19 - [TEST_STEP][PASSED] - click: Object: 'Object Repository/Final Object Repo/Login Page/Internal User/Login Button' is clicked on

2018-11-16 15:52:22 - [MESSAGE][PASSED] - Object: 'Object Repository/Final Object Repo/Login Page/Internal User/Login Button' is clicked on

2018-11-16 15:52:22 - [TEST_STEP][PASSED] - Statement - Try: Delayed 2 second(s)

2018-11-16 15:52:22 - [TEST_STEP][PASSED] - Statement - Checker = false: null

2018-11-16 15:52:22 - [TEST_STEP][PASSED] - Statement - Checker = com.kms.katalon.core.webui.keyword.WebUiBuiltInKeywords.verifyElementHasAttribute(com.kms.katalon.core.testobject.ObjectRepository.findTestObject(Final Object Repo/Landing Page/BM Detecting), "href", 20, OPTIONAL): Object 'Object Repository/Final Object Repo/Landing Page/BM Detecting' has attribute 'href'

2018-11-16 15:52:22 - [MESSAGE][PASSED] - Object 'Object Repository/Final Object Repo/Landing Page/BM Detecting' has attribute 'href'

2018-11-16 15:52:22 - [TEST_STEP][PASSED] - Statement - out.println(Checker): null

2018-11-16 15:52:22 - [TEST_STEP][PASSED] - Statement - If (Checker == false): null

2018-11-16 15:52:22 - [TEST_STEP][PASSED] - Statement - Else: null

2018-11-16 15:52:22 - [TEST_STEP][PASSED] - delay: Delayed 2 second(s)

2018-11-16 15:52:24 - [MESSAGE][PASSED] - Delayed 2 second(s)

2018-11-16 15:52:24 - [TEST_STEP][PASSED] - delay: Delayed 3 second(s)

2018-11-16 15:52:27 - [MESSAGE][PASSED] - Delayed 3 second(s)

2018-11-16 15:52:27 - [TEST_STEP][PASSED] - mouseOver: Object: 'Object Repository/Final Object Repo/Landing Page/WorkFlow Menu' is hovered

2018-11-16 15:52:28 - [MESSAGE][PASSED] - Object: 'Object Repository/Final Object Repo/Landing Page/WorkFlow Menu' is hovered

2018-11-16 15:52:28 - [TEST_STEP][PASSED] - delay: Delayed 2 second(s)

2018-11-16 15:52:30 - [MESSAGE][PASSED] - Delayed 2 second(s)

2018-11-16 15:52:30 - [TEST_STEP][PASSED] - click: Object: 'Object Repository/Final Object Repo/Landing Page/Select to Workflow Listing' is clicked on

2018-11-16 15:52:31 - [MESSAGE][PASSED] - Object: 'Object Repository/Final Object Repo/Landing Page/Select to Workflow Listing' is clicked on

2018-11-16 15:52:31 - [TEST_STEP][PASSED] - delay: Delayed 2 second(s)

2018-11-16 15:52:33 - [MESSAGE][PASSED] - Delayed 2 second(s)

2018-11-16 15:52:33 - [TEST_STEP][PASSED] - click: Object: 'Object Repository/Final Object Repo/WorkFlow Listing Page/Search Information - To Put Ref No' is clicked on

2018-11-16 15:52:33 - [MESSAGE][PASSED] - Object: 'Object Repository/Final Object Repo/WorkFlow Listing Page/Search Information - To Put Ref No' is clicked on

2018-11-16 15:52:33 - [TEST_STEP][PASSED] - delay: Delayed 2 second(s)

2018-11-16 15:52:35 - [MESSAGE][PASSED] - Delayed 2 second(s)

2018-11-16 15:52:35 - [TEST_STEP][PASSED] - callTestCase: Call Test Case 'Test Cases/Final Aug 2018 - PKS Automation/Common/Reference Number Getter' successfully

2018-11-16 15:52:35 - [TEST_CASE][PASSED] - Test Cases/Final Aug 2018 - PKS Automation/Common/Reference Number Getter: Test Cases/Final Aug 2018 - PKS Automation/Common/Reference Number Getter

2018-11-16 15:52:35 - [TEST_STEP][PASSED] - Statement - Try: null

2018-11-16 15:52:35 - [TEST_STEP][PASSED] - Statement - RefNo = new java.io.File(C://KatalonReference.txt): null

2018-11-16 15:52:35 - [TEST_STEP][PASSED] - Statement - bufferread = new java.io.BufferedReader(new java.io.FileReader(RefNo)): null

2018-11-16 15:52:35 - [TEST_STEP][PASSED] - Statement - readedVal = bufferread.readLine(): null

2018-11-16 15:52:35 - [TEST_STEP][PASSED] - Statement - out.println(CaseReferenceNo): null

2018-11-16 15:52:35 - [TEST_STEP][PASSED] - Statement - out.println(readedVal): null

2018-11-16 15:52:35 - [TEST_STEP][PASSED] - Statement - CaseReferenceNo = "": null

2018-11-16 15:52:35 - [TEST_STEP][PASSED] - Statement - CaseReferenceNo = readedVal: null

2018-11-16 15:52:35 - [MESSAGE][PASSED] - Call Test Case 'Test Cases/Final Aug 2018 - PKS Automation/Common/Reference Number Getter' successfully

2018-11-16 15:52:35 - [TEST_STEP][PASSED] - setText: Text 'CUN112018C100005513' is set on object 'Object Repository/Final Object Repo/WorkFlow Listing Page/Ref No Set Text'

2018-11-16 15:52:36 - [MESSAGE][PASSED] - Text 'CUN112018C100005513' is set on object 'Object Repository/Final Object Repo/WorkFlow Listing Page/Ref No Set Text'

2018-11-16 15:52:36 - [TEST_STEP][PASSED] - delay: Delayed 2 second(s)

2018-11-16 15:52:38 - [MESSAGE][PASSED] - Delayed 2 second(s)

2018-11-16 15:52:38 - [TEST_STEP][PASSED] - click: Object: 'Object Repository/Final Object Repo/WorkFlow Listing Page/Search Ref No Search Button' is clicked on

2018-11-16 15:52:39 - [MESSAGE][PASSED] - Object: 'Object Repository/Final Object Repo/WorkFlow Listing Page/Search Ref No Search Button' is clicked on

2018-11-16 15:52:39 - [TEST_STEP][PASSED] - delay: Delayed 4 second(s)

2018-11-16 15:52:43 - [MESSAGE][PASSED] - Delayed 4 second(s)

2018-11-16 15:52:43 - [TEST_STEP][PASSED] - click: Object: 'Object Repository/Final Object Repo/WorkFlow Listing Page/Click Continue Tooltip' is clicked on

2018-11-16 15:52:45 - [MESSAGE][PASSED] - Object: 'Object Repository/Final Object Repo/WorkFlow Listing Page/Click Continue Tooltip' is clicked on

2018-11-16 15:52:45 - [TEST_STEP][PASSED] - delay: Delayed 5 second(s)

2018-11-16 15:52:50 - [MESSAGE][PASSED] - Delayed 5 second(s)

2018-11-16 15:52:50 - [TEST_STEP][PASSED] - doubleClick: Object: 'Object Repository/Final Object Repo/WorkFlow Listing Page/Workflow Found - Listing 1' is double clicked on

2018-11-16 15:52:50 - [MESSAGE][PASSED] - Object: 'Object Repository/Final Object Repo/WorkFlow Listing Page/Workflow Found - Listing 1' is double clicked on

2018-11-16 15:52:50 - [TEST_STEP][PASSED] - Statement - println(OwnerID): null

2018-11-16 15:52:50 - [TEST_STEP][PASSED] - Statement - OwnerID = com.kms.katalon.core.webui.keyword.WebUiBuiltInKeywords.getText(com.kms.katalon.core.testobject.ObjectRepository.findTestObject(Final Object Repo/WorkFlow Listing Page/Workflow Found - Listing 1), STOP_ON_FAILURE): Text of object 'Object Repository/Final Object Repo/WorkFlow Listing Page/Workflow Found - Listing 1' is: 'JOHORuo1'

2018-11-16 15:52:50 - [MESSAGE][PASSED] - Text of object 'Object Repository/Final Object Repo/WorkFlow Listing Page/Workflow Found - Listing 1' is: 'JOHORuo1'

2018-11-16 15:52:50 - [TEST_STEP][PASSED] - Statement - OwnerID = OwnerID.toLowerCase() + "@gmail.com": null

2018-11-16 15:52:50 - [TEST_STEP][PASSED] - Statement - println(OwnerID): null

2018-11-16 15:52:50 - [TEST_STEP][PASSED] - delay: Delayed 2 second(s)

2018-11-16 15:52:52 - [MESSAGE][PASSED] - Delayed 2 second(s)

2018-11-16 15:52:52 - [MESSAGE][PASSED] - Call Test Case 'Test Cases/Final Aug 2018 - PKS Automation/Common/Workflow Owner Finder' successfully

2018-11-16 15:52:52 - [TEST_STEP][PASSED] - delay: Delayed 2 second(s)

2018-11-16 15:52:54 - [MESSAGE][PASSED] - Delayed 2 second(s)

2018-11-16 15:52:54 - [TEST_STEP][PASSED] - navigateToUrl: Navigate to 'https://assist2-uat.perkeso.gov.my/c/portal/logout' successfully

2018-11-16 15:52:55 - [MESSAGE][PASSED] - Navigate to 'https://assist2-uat.perkeso.gov.my/c/portal/logout' successfully

2018-11-16 15:52:55 - [TEST_STEP][PASSED] - delay: Delayed 2 second(s)

2018-11-16 15:52:57 - [MESSAGE][PASSED] - Delayed 2 second(s)

2018-11-16 15:52:57 - [TEST_STEP][PASSED] - callTestCase: Call Test Case 'Test Cases/Final Aug 2018 - PKS Automation/Registration Module/Workflow/Login and Search Case For Workflow' successfully

2018-11-16 15:52:57 - [TEST_CASE][PASSED] - Test Cases/Final Aug 2018 - PKS Automation/Registration Module/Workflow/Login and Search Case For Workflow: Test Cases/Final Aug 2018 - PKS Automation/Registration Module/Workflow/Login and Search Case For Workflow

2018-11-16 15:52:57 - [TEST_STEP][PASSED] - navigateToUrl: Navigate to 'https://assist2-uat.perkeso.gov.my/login' successfully

2018-11-16 15:52:58 - [MESSAGE][PASSED] - Navigate to 'https://assist2-uat.perkeso.gov.my/login' successfully

2018-11-16 15:52:58 - [TEST_STEP][PASSED] - setText: Text 'johoruo1@gmail.com' is set on object 'Object Repository/Final Object Repo/Login Page/Internal User/Email Address'

2018-11-16 15:52:58 - [MESSAGE][PASSED] - Text 'johoruo1@gmail.com' is set on object 'Object Repository/Final Object Repo/Login Page/Internal User/Email Address'

2018-11-16 15:52:58 - [TEST_STEP][PASSED] - click: Object: 'Object Repository/Final Object Repo/Login Page/Internal User/Next Button' is clicked on

2018-11-16 15:52:59 - [MESSAGE][PASSED] - Object: 'Object Repository/Final Object Repo/Login Page/Internal User/Next Button' is clicked on

2018-11-16 15:52:59 - [TEST_STEP][PASSED] - delay: Delayed 1 second(s)

2018-11-16 15:53:00 - [MESSAGE][PASSED] - Delayed 1 second(s)

2018-11-16 15:53:00 - [TEST_STEP][PASSED] - setEncryptedText: Text ****** has been set on object 'Object Repository/Final Object Repo/Login Page/Internal User/Password'

2018-11-16 15:53:00 - [MESSAGE][PASSED] - Text ****** has been set on object 'Object Repository/Final Object Repo/Login Page/Internal User/Password'

2018-11-16 15:53:00 - [TEST_STEP][PASSED] - click: Object: 'Object Repository/Final Object Repo/Login Page/Internal User/Login Button' is clicked on

2018-11-16 15:53:03 - [MESSAGE][PASSED] - Object: 'Object Repository/Final Object Repo/Login Page/Internal User/Login Button' is clicked on

2018-11-16 15:53:03 - [TEST_STEP][PASSED] - delay: Delayed 2 second(s)

2018-11-16 15:53:05 - [MESSAGE][PASSED] - Delayed 2 second(s)

2018-11-16 15:53:05 - [TEST_STEP][PASSED] - Statement - Try: Delayed 2 second(s)

2018-11-16 15:53:05 - [TEST_STEP][PASSED] - Statement - Checker = false: null

2018-11-16 15:53:05 - [TEST_STEP][PASSED] - Statement - Checker = com.kms.katalon.core.webui.keyword.WebUiBuiltInKeywords.verifyElementHasAttribute(com.kms.katalon.core.testobject.ObjectRepository.findTestObject(Final Object Repo/Landing Page/BM Detecting), "href", 20, OPTIONAL): Object 'Object Repository/Final Object Repo/Landing Page/BM Detecting' has attribute 'href'

2018-11-16 15:53:05 - [MESSAGE][PASSED] - Object 'Object Repository/Final Object Repo/Landing Page/BM Detecting' has attribute 'href'

2018-11-16 15:53:05 - [TEST_STEP][PASSED] - Statement - out.println(Checker): null

2018-11-16 15:53:05 - [TEST_STEP][PASSED] - Statement - If (Checker == false): null

2018-11-16 15:53:05 - [TEST_STEP][PASSED] - Statement - Else: null

2018-11-16 15:53:05 - [TEST_STEP][PASSED] - delay: Delayed 2 second(s)

2018-11-16 15:53:07 - [MESSAGE][PASSED] - Delayed 2 second(s)

2018-11-16 15:53:07 - [TEST_STEP][PASSED] - click: Object: 'Object Repository/Final Object Repo/Page_MyASSIST - ASSIST - Search Pending Case For Add Supporting Document/Search Information' is clicked on

2018-11-16 15:53:07 - [MESSAGE][PASSED] - Object: 'Object Repository/Final Object Repo/Page_MyASSIST - ASSIST - Search Pending Case For Add Supporting Document/Search Information' is clicked on

2018-11-16 15:53:07 - [TEST_STEP][PASSED] - delay: Delayed 3 second(s)

2018-11-16 15:53:10 - [MESSAGE][PASSED] - Delayed 3 second(s)

2018-11-16 15:53:10 - [TEST_STEP][PASSED] - sendKeys: Keys 'CUN112018C100005513' sent to object: 'Object Repository/Final Object Repo/Page_MyASSIST - ASSIST - Search Pending Case For Add Supporting Document/Reference No'

2018-11-16 15:53:10 - [MESSAGE][PASSED] - Keys 'CUN112018C100005513' sent to object: 'Object Repository/Final Object Repo/Page_MyASSIST - ASSIST - Search Pending Case For Add Supporting Document/Reference No'

2018-11-16 15:53:10 - [TEST_STEP][PASSED] - click: Object: 'Object Repository/Final Object Repo/Page_MyASSIST - ASSIST - Search Pending Case For Add Supporting Document/Search Reference No' is clicked on

2018-11-16 15:53:12 - [MESSAGE][PASSED] - Object: 'Object Repository/Final Object Repo/Page_MyASSIST - ASSIST - Search Pending Case For Add Supporting Document/Search Reference No' is clicked on

2018-11-16 15:53:12 - [TEST_STEP][PASSED] - delay: Delayed 2 second(s)

2018-11-16 15:53:14 - [MESSAGE][PASSED] - Delayed 2 second(s)

2018-11-16 15:53:14 - [TEST_STEP][PASSED] - click: Object: 'Object Repository/Final Object Repo/Page_MyASSIST - ASSIST - Search Pending Case For Add Supporting Document/Continue' is clicked on

2018-11-16 15:53:19 - [MESSAGE][PASSED] - Object: 'Object Repository/Final Object Repo/Page_MyASSIST - ASSIST - Search Pending Case For Add Supporting Document/Continue' is clicked on

2018-11-16 15:53:19 - [TEST_STEP][PASSED] - delay: Delayed 20 second(s)

2018-11-16 15:53:39 - [MESSAGE][PASSED] - Delayed 20 second(s)

2018-11-16 15:53:39 - [MESSAGE][PASSED] - Call Test Case 'Test Cases/Final Aug 2018 - PKS Automation/Registration Module/Workflow/Login and Search Case For Workflow' successfully

2018-11-16 15:53:39 - [TEST_STEP][PASSED] - delay: Delayed 2 second(s)

2018-11-16 15:53:41 - [MESSAGE][PASSED] - Delayed 2 second(s)

2018-11-16 15:53:41 - [TEST_STEP][PASSED] - click: Object: 'Object Repository/Final Object Repo/Page_Update Employee Information By Employer/Page_Update Employee Information by Employer (Approve)/Continue' is clicked on

2018-11-16 15:53:45 - [MESSAGE][PASSED] - Object: 'Object Repository/Final Object Repo/Page_Update Employee Information By Employer/Page_Update Employee Information by Employer (Approve)/Continue' is clicked on

2018-11-16 15:53:45 - [TEST_STEP][PASSED] - delay: Delayed 2 second(s)

2018-11-16 15:53:47 - [MESSAGE][PASSED] - Delayed 2 second(s)

2018-11-16 15:53:47 - [TEST_STEP][PASSED] - click: Object: 'Object Repository/Final Object Repo/Page_Update Employee Information By Employer/Page_Update Employee Information by Employer (Approve)/Save  Continue in Update Employee Information Page' is clicked on

2018-11-16 15:53:51 - [MESSAGE][PASSED] - Object: 'Object Repository/Final Object Repo/Page_Update Employee Information By Employer/Page_Update Employee Information by Employer (Approve)/Save  Continue in Update Employee Information Page' is clicked on

2018-11-16 15:53:51 - [TEST_STEP][PASSED] - delay: Delayed 4 second(s)

2018-11-16 15:53:55 - [MESSAGE][PASSED] - Delayed 4 second(s)

2018-11-16 15:53:55 - [TEST_STEP][PASSED] - click: Object: 'Object Repository/Final Object Repo/Page_Update Employee Information By Employer/Page_Update Employee Information by Employer (Approve)/Save  Continue in Upload Supporting Doucument Page' is clicked on

2018-11-16 15:53:59 - [MESSAGE][PASSED] - Object: 'Object Repository/Final Object Repo/Page_Update Employee Information By Employer/Page_Update Employee Information by Employer (Approve)/Save  Continue in Upload Supporting Doucument Page' is clicked on

2018-11-16 15:53:59 - [TEST_STEP][PASSED] - delay: Delayed 2 second(s)

2018-11-16 15:54:01 - [MESSAGE][PASSED] - Delayed 2 second(s)

2018-11-16 15:54:01 - [TEST_STEP][PASSED] - click: Object: 'Object Repository/Final Object Repo/Page_Update Employee Information By Employer/Page_Update Employee Information by Employer (Reject)/Reject' is clicked on

2018-11-16 15:54:01 - [MESSAGE][PASSED] - Object: 'Object Repository/Final Object Repo/Page_Update Employee Information By Employer/Page_Update Employee Information by Employer (Reject)/Reject' is clicked on

2018-11-16 15:54:01 - [TEST_STEP][PASSED] - delay: Delayed 2 second(s)

2018-11-16 15:54:03 - [MESSAGE][PASSED] - Delayed 2 second(s)

2018-11-16 15:54:03 - [TEST_STEP][PASSED] - click: Object: 'Object Repository/Final Object Repo/Page_Update Employee Information By Employer/Page_Update Employee Information by Employer (Approve)/Confirm' is clicked on

2018-11-16 15:54:04 - [MESSAGE][PASSED] - Object: 'Object Repository/Final Object Repo/Page_Update Employee Information By Employer/Page_Update Employee Information by Employer (Approve)/Confirm' is clicked on

2018-11-16 15:54:04 - [TEST_STEP][PASSED] - delay: Delayed 2 second(s)

2018-11-16 15:54:06 - [MESSAGE][PASSED] - Delayed 2 second(s)

2018-11-16 15:54:06 - [TEST_STEP][PASSED] - verifyElementVisible: Object 'Object Repository/Final Object Repo/Page_Update Employee Information By Employer/Page_Update Employee Information by Employer (Reject)/Rejected Messeage This Case has been Rejecte' is visible

2018-11-16 15:54:10 - [MESSAGE][PASSED] - Object 'Object Repository/Final Object Repo/Page_Update Employee Information By Employer/Page_Update Employee Information by Employer (Reject)/Rejected Messeage This Case has been Rejecte' is visible

2018-11-16 15:54:10 - [TEST_STEP][PASSED] - delay: Delayed 2 second(s)

2018-11-16 15:54:12 - [MESSAGE][PASSED] - Delayed 2 second(s)

2018-11-16 15:54:12 - [TEST_STEP][PASSED] - verifyElementVisible: Object 'Object Repository/Final Object Repo/Page_Update Employee Information By Employer/Page_Update Employee Information by Employer (Reject)/Letter of update rejection' is visible

2018-11-16 15:54:12 - [MESSAGE][PASSED] - Object 'Object Repository/Final Object Repo/Page_Update Employee Information By Employer/Page_Update Employee Information by Employer (Reject)/Letter of update rejection' is visible

2018-11-16 15:54:12 - [MESSAGE][PASSED] - Call Test Case 'Test Cases/Final Aug 2018 - PKS Automation/Registration Module/Workflow/Update Employee Information (Employer)/Template/Update Employee Information - Special Case - UO (Reject)' successfully]]></system-out>
         <system-err><![CDATA[]]></system-err>
      </testcase>
      <testcase name="Test Cases/Final Aug 2018 - PKS Automation/Registration Module/Workflow/Update Employee Information (Employer)/OTC - UO (Under enforcement)" classname="Test Cases/Final Aug 2018 - PKS Automation/Registration Module/Workflow/Update Employee Information (Employer)/OTC - UO (Under enforcement)" status="PASSED">
         <system-out><![CDATA[2018-11-16 15:54:12 - [TEST_CASE][PASSED] - Test Cases/Final Aug 2018 - PKS Automation/Registration Module/Workflow/Update Employee Information (Employer)/OTC - UO (Under enforcement): Test Cases/Final Aug 2018 - PKS Automation/Registration Module/Workflow/Update Employee Information (Employer)/OTC - UO (Under enforcement)

2018-11-16 15:54:12 - [TEST_STEP][PASSED] - callTestCase: Call Test Case 'Test Cases/Final Aug 2018 - PKS Automation/Registration Module/Workflow/Update Employee Information (Employer)/Template/Update Employer Information - Special Case (OTC)' successfully

2018-11-16 15:54:12 - [TEST_CASE][PASSED] - Test Cases/Final Aug 2018 - PKS Automation/Registration Module/Workflow/Update Employee Information (Employer)/Template/Update Employer Information - Special Case (OTC): Test Cases/Final Aug 2018 - PKS Automation/Registration Module/Workflow/Update Employee Information (Employer)/Template/Update Employer Information - Special Case (OTC)

2018-11-16 15:54:12 - [TEST_STEP][PASSED] - openBrowser: Browser is opened with url: ''

2018-11-16 15:54:12 - [MESSAGE][WARNING] - A browser is already opened. Closing browser and opening a new one

2018-11-16 15:54:17 - [MESSAGE][PASSED] - Browser is opened with url: ''

2018-11-16 15:54:17 - [TEST_STEP][PASSED] - navigateToUrl: Navigate to 'https://assist2-uat.perkeso.gov.my/login' successfully

2018-11-16 15:54:19 - [MESSAGE][PASSED] - Navigate to 'https://assist2-uat.perkeso.gov.my/login' successfully

2018-11-16 15:54:19 - [TEST_STEP][PASSED] - setText: Text 'johorotc1@gmail.com' is set on object 'Object Repository/Final Object Repo/Login Page/Internal User/Email Address'

2018-11-16 15:54:19 - [MESSAGE][PASSED] - Text 'johorotc1@gmail.com' is set on object 'Object Repository/Final Object Repo/Login Page/Internal User/Email Address'

2018-11-16 15:54:19 - [TEST_STEP][PASSED] - click: Object: 'Object Repository/Final Object Repo/Login Page/Internal User/Next Button' is clicked on

2018-11-16 15:54:20 - [MESSAGE][PASSED] - Object: 'Object Repository/Final Object Repo/Login Page/Internal User/Next Button' is clicked on

2018-11-16 15:54:20 - [TEST_STEP][PASSED] - delay: Delayed 1 second(s)

2018-11-16 15:54:21 - [MESSAGE][PASSED] - Delayed 1 second(s)

2018-11-16 15:54:21 - [TEST_STEP][PASSED] - setEncryptedText: Text ****** has been set on object 'Object Repository/Final Object Repo/Login Page/Internal User/Password'

2018-11-16 15:54:21 - [MESSAGE][PASSED] - Text ****** has been set on object 'Object Repository/Final Object Repo/Login Page/Internal User/Password'

2018-11-16 15:54:21 - [TEST_STEP][PASSED] - click: Object: 'Object Repository/Final Object Repo/Login Page/Internal User/Login Button' is clicked on

2018-11-16 15:54:24 - [MESSAGE][PASSED] - Object: 'Object Repository/Final Object Repo/Login Page/Internal User/Login Button' is clicked on

2018-11-16 15:54:24 - [TEST_STEP][PASSED] - Statement - Try: Delayed 2 second(s)

2018-11-16 15:54:24 - [TEST_STEP][PASSED] - Statement - Checker = false: null

2018-11-16 15:54:24 - [TEST_STEP][PASSED] - Statement - Checker = com.kms.katalon.core.webui.keyword.WebUiBuiltInKeywords.verifyElementHasAttribute(com.kms.katalon.core.testobject.ObjectRepository.findTestObject(Final Object Repo/Landing Page/BM Detecting), "href", 20, OPTIONAL): Object 'Object Repository/Final Object Repo/Landing Page/BM Detecting' has attribute 'href'

2018-11-16 15:54:24 - [MESSAGE][PASSED] - Object 'Object Repository/Final Object Repo/Landing Page/BM Detecting' has attribute 'href'

2018-11-16 15:54:24 - [TEST_STEP][PASSED] - Statement - out.println(Checker): null

2018-11-16 15:54:24 - [TEST_STEP][PASSED] - Statement - If (Checker == false): null

2018-11-16 15:54:24 - [TEST_STEP][PASSED] - Statement - Else: null

2018-11-16 15:54:24 - [TEST_STEP][PASSED] - delay: Delayed 2 second(s)

2018-11-16 15:54:26 - [MESSAGE][PASSED] - Delayed 2 second(s)

2018-11-16 15:54:26 - [TEST_STEP][PASSED] - delay: Delayed 1 second(s)

2018-11-16 15:54:27 - [MESSAGE][PASSED] - Delayed 1 second(s)

2018-11-16 15:54:27 - [TEST_STEP][PASSED] - navigateToUrl: Navigate to 'https://assist2-uat.perkeso.gov.my/web/registration/update/update-employee-information-employer-' successfully

2018-11-16 15:54:28 - [MESSAGE][PASSED] - Navigate to 'https://assist2-uat.perkeso.gov.my/web/registration/update/update-employee-information-employer-' successfully

2018-11-16 15:54:28 - [TEST_STEP][PASSED] - setText: Text 'E1102001065V' is set on object 'Object Repository/Final Object Repo/Page_Update Employee Information By Employer/Employer Code'

2018-11-16 15:54:28 - [MESSAGE][PASSED] - Text 'E1102001065V' is set on object 'Object Repository/Final Object Repo/Page_Update Employee Information By Employer/Employer Code'

2018-11-16 15:54:28 - [TEST_STEP][PASSED] - click: Object: 'Object Repository/Final Object Repo/Page_Update Employee Information By Employer/Search Employer Code' is clicked on

2018-11-16 15:54:30 - [MESSAGE][PASSED] - Object: 'Object Repository/Final Object Repo/Page_Update Employee Information By Employer/Search Employer Code' is clicked on

2018-11-16 15:54:30 - [TEST_STEP][PASSED] - click: Object: 'Object Repository/Final Object Repo/Page_Update Employee Information By Employer/Edit Button' is clicked on

2018-11-16 15:54:33 - [MESSAGE][PASSED] - Object: 'Object Repository/Final Object Repo/Page_Update Employee Information By Employer/Edit Button' is clicked on

2018-11-16 15:54:33 - [TEST_STEP][PASSED] - click: Object: 'Object Repository/Final Object Repo/Page_Update Employee Information By Employer/Employee Name or New Identification' is clicked on

2018-11-16 15:54:34 - [MESSAGE][PASSED] - Object: 'Object Repository/Final Object Repo/Page_Update Employee Information By Employer/Employee Name or New Identification' is clicked on

2018-11-16 15:54:34 - [TEST_STEP][PASSED] - delay: Delayed 1 second(s)

2018-11-16 15:54:35 - [MESSAGE][PASSED] - Delayed 1 second(s)

2018-11-16 15:54:35 - [TEST_STEP][PASSED] - click: Object: 'Object Repository/Final Object Repo/Page_Update Employee Information By Employer/Selection - Employee Name' is clicked on

2018-11-16 15:54:35 - [MESSAGE][PASSED] - Object: 'Object Repository/Final Object Repo/Page_Update Employee Information By Employer/Selection - Employee Name' is clicked on

2018-11-16 15:54:35 - [TEST_STEP][PASSED] - delay: Delayed 1 second(s)

2018-11-16 15:54:36 - [MESSAGE][PASSED] - Delayed 1 second(s)

2018-11-16 15:54:36 - [TEST_STEP][PASSED] - setText: Text 'PERKESO' is set on object 'Object Repository/Final Object Repo/Page_Update Employee Information By Employer/Employee Name'

2018-11-16 15:54:37 - [MESSAGE][PASSED] - Text 'PERKESO' is set on object 'Object Repository/Final Object Repo/Page_Update Employee Information By Employer/Employee Name'

2018-11-16 15:54:37 - [TEST_STEP][PASSED] - delay: Delayed 2 second(s)

2018-11-16 15:54:39 - [MESSAGE][PASSED] - Delayed 2 second(s)

2018-11-16 15:54:39 - [TEST_STEP][PASSED] - click: Object: 'Object Repository/Final Object Repo/Page_Update Employee Information By Employer/Search Employee' is clicked on

2018-11-16 15:54:39 - [MESSAGE][PASSED] - Object: 'Object Repository/Final Object Repo/Page_Update Employee Information By Employer/Search Employee' is clicked on

2018-11-16 15:54:39 - [TEST_STEP][PASSED] - delay: Delayed 3 second(s)

2018-11-16 15:54:42 - [MESSAGE][PASSED] - Delayed 3 second(s)

2018-11-16 15:54:42 - [TEST_STEP][PASSED] - click: Object: 'Object Repository/Final Object Repo/Page_Update Employee Information By Employer/Employee Edit Button' is clicked on

2018-11-16 15:54:42 - [MESSAGE][PASSED] - Object: 'Object Repository/Final Object Repo/Page_Update Employee Information By Employer/Employee Edit Button' is clicked on

2018-11-16 15:54:42 - [TEST_STEP][PASSED] - delay: Delayed 3 second(s)

2018-11-16 15:54:45 - [MESSAGE][PASSED] - Delayed 3 second(s)

2018-11-16 15:54:45 - [TEST_STEP][PASSED] - setText: Text '' is set on object 'Object Repository/Final Object Repo/Page_Update Employee Information By Employer/Identification Number'

2018-11-16 15:54:46 - [MESSAGE][PASSED] - Text '' is set on object 'Object Repository/Final Object Repo/Page_Update Employee Information By Employer/Identification Number'

2018-11-16 15:54:46 - [TEST_STEP][PASSED] - Statement - rnd = new java.util.Random(): null

2018-11-16 15:54:46 - [TEST_STEP][PASSED] - Statement - snum = rnd.nextInt(899999 + 1) + 100000: null

2018-11-16 15:54:46 - [TEST_STEP][PASSED] - Statement - tnum = rnd.nextInt(899999 + 1) + 100000: null

2018-11-16 15:54:46 - [TEST_STEP][PASSED] - Statement - IC = java.lang.Integer.toString(snum) + java.lang.Integer.toString(tnum): null

2018-11-16 15:54:46 - [TEST_STEP][PASSED] - Statement - out.println(IC): null

2018-11-16 15:54:46 - [TEST_STEP][PASSED] - setText: Text '284284283339' is set on object 'Object Repository/Final Object Repo/Page_Update Employee Information By Employer/Identification Number'

2018-11-16 15:54:46 - [MESSAGE][PASSED] - Text '284284283339' is set on object 'Object Repository/Final Object Repo/Page_Update Employee Information By Employer/Identification Number'

2018-11-16 15:54:46 - [TEST_STEP][PASSED] - click: Object: 'Object Repository/Final Object Repo/Page_Update Employee Information By Employer/Save' is clicked on

2018-11-16 15:54:49 - [MESSAGE][PASSED] - Object: 'Object Repository/Final Object Repo/Page_Update Employee Information By Employer/Save' is clicked on

2018-11-16 15:54:49 - [TEST_STEP][PASSED] - delay: Delayed 5 second(s)

2018-11-16 15:54:54 - [MESSAGE][PASSED] - Delayed 5 second(s)

2018-11-16 15:54:54 - [TEST_STEP][PASSED] - Statement - CaseReferenceNo = com.kms.katalon.core.webui.keyword.WebUiBuiltInKeywords.getText(com.kms.katalon.core.testobject.ObjectRepository.findTestObject(Final Object Repo/Reference Number/Reference Number in Update Employee Information Page)): Text of object 'Object Repository/Final Object Repo/Reference Number/Reference Number in Update Employee Information Page' is: 'CUN112018C100005514'

2018-11-16 15:54:54 - [MESSAGE][PASSED] - Text of object 'Object Repository/Final Object Repo/Reference Number/Reference Number in Update Employee Information Page' is: 'CUN112018C100005514'

2018-11-16 15:54:54 - [TEST_STEP][PASSED] - callTestCase: Call Test Case 'Test Cases/Final Aug 2018 - PKS Automation/Common/Reference Number Setter' successfully

2018-11-16 15:54:55 - [TEST_CASE][PASSED] - Test Cases/Final Aug 2018 - PKS Automation/Common/Reference Number Setter: Test Cases/Final Aug 2018 - PKS Automation/Common/Reference Number Setter

2018-11-16 15:54:55 - [TEST_STEP][PASSED] - Statement - RefNoOldFile = new java.io.File(C://KatalonReference.txt): null

2018-11-16 15:54:55 - [TEST_STEP][PASSED] - Statement - RefNoOldFile.delete(): null

2018-11-16 15:54:55 - [TEST_STEP][PASSED] - delay: Delayed 5 second(s)

2018-11-16 15:55:00 - [MESSAGE][PASSED] - Delayed 5 second(s)

2018-11-16 15:55:00 - [TEST_STEP][PASSED] - Statement - RefNo = new java.io.File(C://KatalonReference.txt): null

2018-11-16 15:55:00 - [TEST_STEP][PASSED] - Statement - f2 = new java.io.FileWriter(RefNo, false): null

2018-11-16 15:55:00 - [TEST_STEP][PASSED] - Statement - f2.write(CaseReferenceNo): null

2018-11-16 15:55:00 - [TEST_STEP][PASSED] - Statement - f2.close(): null

2018-11-16 15:55:00 - [TEST_STEP][PASSED] - Statement - out.println("


" + CaseReferenceNo + "


"): null

2018-11-16 15:55:00 - [MESSAGE][PASSED] - Call Test Case 'Test Cases/Final Aug 2018 - PKS Automation/Common/Reference Number Setter' successfully

2018-11-16 15:55:00 - [TEST_STEP][PASSED] - delay: Delayed 5 second(s)

2018-11-16 15:55:05 - [MESSAGE][PASSED] - Delayed 5 second(s)

2018-11-16 15:55:05 - [TEST_STEP][PASSED] - click: Object: 'Object Repository/Final Object Repo/Page_Update Employee Information By Employer/Save  Continue in  Employee Information Page' is clicked on

2018-11-16 15:55:08 - [MESSAGE][PASSED] - Object: 'Object Repository/Final Object Repo/Page_Update Employee Information By Employer/Save  Continue in  Employee Information Page' is clicked on

2018-11-16 15:55:08 - [TEST_STEP][PASSED] - delay: Delayed 5 second(s)

2018-11-16 15:55:13 - [MESSAGE][PASSED] - Delayed 5 second(s)

2018-11-16 15:55:13 - [TEST_STEP][PASSED] - click: Object: 'Object Repository/Final Object Repo/Page_Update Employee Information By Employer/Save  Continue in Uploading Page 1' is clicked on

2018-11-16 15:55:17 - [MESSAGE][PASSED] - Object: 'Object Repository/Final Object Repo/Page_Update Employee Information By Employer/Save  Continue in Uploading Page 1' is clicked on

2018-11-16 15:55:17 - [TEST_STEP][PASSED] - delay: Delayed 5 second(s)

2018-11-16 15:55:22 - [MESSAGE][PASSED] - Delayed 5 second(s)

2018-11-16 15:55:22 - [TEST_STEP][PASSED] - click: Object: 'Object Repository/Final Object Repo/Page_Update Employee Information By Employer/Submit' is clicked on

2018-11-16 15:55:23 - [MESSAGE][PASSED] - Object: 'Object Repository/Final Object Repo/Page_Update Employee Information By Employer/Submit' is clicked on

2018-11-16 15:55:23 - [TEST_STEP][PASSED] - delay: Delayed 5 second(s)

2018-11-16 15:55:28 - [MESSAGE][PASSED] - Delayed 5 second(s)

2018-11-16 15:55:28 - [TEST_STEP][PASSED] - click: Object: 'Object Repository/Final Object Repo/Page_Update Employee Information By Employer/Confirm' is clicked on

2018-11-16 15:55:32 - [MESSAGE][PASSED] - Object: 'Object Repository/Final Object Repo/Page_Update Employee Information By Employer/Confirm' is clicked on

2018-11-16 15:55:32 - [TEST_STEP][PASSED] - delay: Delayed 5 second(s)

2018-11-16 15:55:37 - [MESSAGE][PASSED] - Delayed 5 second(s)

2018-11-16 15:55:37 - [TEST_STEP][PASSED] - verifyElementVisible: Object 'Object Repository/Final Object Repo/Page_Update Employee Information By Employer/Successfull Message Routed to UO' is visible

2018-11-16 15:55:37 - [MESSAGE][PASSED] - Object 'Object Repository/Final Object Repo/Page_Update Employee Information By Employer/Successfull Message Routed to UO' is visible

2018-11-16 15:55:37 - [MESSAGE][PASSED] - Call Test Case 'Test Cases/Final Aug 2018 - PKS Automation/Registration Module/Workflow/Update Employee Information (Employer)/Template/Update Employer Information - Special Case (OTC)' successfully

2018-11-16 15:55:37 - [TEST_STEP][PASSED] - callTestCase: Call Test Case 'Test Cases/Final Aug 2018 - PKS Automation/Registration Module/Workflow/Update Employee Information (Employer)/Template/Update Employee Information - Special Case - UO (UnderEnforcement)' successfully

2018-11-16 15:55:37 - [TEST_CASE][PASSED] - Test Cases/Final Aug 2018 - PKS Automation/Registration Module/Workflow/Update Employee Information (Employer)/Template/Update Employee Information - Special Case - UO (UnderEnforcement): Test Cases/Final Aug 2018 - PKS Automation/Registration Module/Workflow/Update Employee Information (Employer)/Template/Update Employee Information - Special Case - UO (UnderEnforcement)

2018-11-16 15:55:37 - [TEST_STEP][NOT_RUN] - callTestCase: NOT_RUN: callTestCase

2018-11-16 15:55:37 - [MESSAGE][NOT_RUN] - NOT_RUN: callTestCase

2018-11-16 15:55:37 - [TEST_STEP][PASSED] - delay: Delayed 2 second(s)

2018-11-16 15:55:39 - [MESSAGE][PASSED] - Delayed 2 second(s)

2018-11-16 15:55:39 - [TEST_STEP][PASSED] - navigateToUrl: Navigate to 'https://assist2-uat.perkeso.gov.my/c/portal/logout' successfully

2018-11-16 15:55:40 - [MESSAGE][PASSED] - Navigate to 'https://assist2-uat.perkeso.gov.my/c/portal/logout' successfully

2018-11-16 15:55:40 - [TEST_STEP][PASSED] - delay: Delayed 2 second(s)

2018-11-16 15:55:42 - [MESSAGE][PASSED] - Delayed 2 second(s)

2018-11-16 15:55:42 - [TEST_STEP][PASSED] - callTestCase: Call Test Case 'Test Cases/Final Aug 2018 - PKS Automation/Common/Reference Number Getter' successfully

2018-11-16 15:55:42 - [TEST_CASE][PASSED] - Test Cases/Final Aug 2018 - PKS Automation/Common/Reference Number Getter: Test Cases/Final Aug 2018 - PKS Automation/Common/Reference Number Getter

2018-11-16 15:55:42 - [TEST_STEP][PASSED] - Statement - Try: null

2018-11-16 15:55:42 - [TEST_STEP][PASSED] - Statement - RefNo = new java.io.File(C://KatalonReference.txt): null

2018-11-16 15:55:42 - [TEST_STEP][PASSED] - Statement - bufferread = new java.io.BufferedReader(new java.io.FileReader(RefNo)): null

2018-11-16 15:55:42 - [TEST_STEP][PASSED] - Statement - readedVal = bufferread.readLine(): null

2018-11-16 15:55:42 - [TEST_STEP][PASSED] - Statement - out.println(CaseReferenceNo): null

2018-11-16 15:55:42 - [TEST_STEP][PASSED] - Statement - out.println(readedVal): null

2018-11-16 15:55:42 - [TEST_STEP][PASSED] - Statement - CaseReferenceNo = "": null

2018-11-16 15:55:42 - [TEST_STEP][PASSED] - Statement - CaseReferenceNo = readedVal: null

2018-11-16 15:55:42 - [MESSAGE][PASSED] - Call Test Case 'Test Cases/Final Aug 2018 - PKS Automation/Common/Reference Number Getter' successfully

2018-11-16 15:55:42 - [TEST_STEP][PASSED] - callTestCase: Call Test Case 'Test Cases/Final Aug 2018 - PKS Automation/Common/Workflow Owner Finder' successfully

2018-11-16 15:55:42 - [TEST_CASE][PASSED] - Test Cases/Final Aug 2018 - PKS Automation/Common/Workflow Owner Finder: Test Cases/Final Aug 2018 - PKS Automation/Common/Workflow Owner Finder

2018-11-16 15:55:42 - [TEST_STEP][PASSED] - openBrowser: Browser is opened with url: ''

2018-11-16 15:55:42 - [MESSAGE][WARNING] - A browser is already opened. Closing browser and opening a new one

2018-11-16 15:55:47 - [MESSAGE][PASSED] - Browser is opened with url: ''

2018-11-16 15:55:47 - [TEST_STEP][PASSED] - navigateToUrl: Navigate to 'https://assist2-uat.perkeso.gov.my/login' successfully

2018-11-16 15:55:49 - [MESSAGE][PASSED] - Navigate to 'https://assist2-uat.perkeso.gov.my/login' successfully

2018-11-16 15:55:49 - [TEST_STEP][PASSED] - delay: Delayed 5 second(s)

2018-11-16 15:55:54 - [MESSAGE][PASSED] - Delayed 5 second(s)

2018-11-16 15:55:54 - [TEST_STEP][PASSED] - setText: Text 'test@liferay.com' is set on object 'Object Repository/Final Object Repo/Login Page/Internal User/Email Address'

2018-11-16 15:55:54 - [MESSAGE][PASSED] - Text 'test@liferay.com' is set on object 'Object Repository/Final Object Repo/Login Page/Internal User/Email Address'

2018-11-16 15:55:54 - [TEST_STEP][PASSED] - click: Object: 'Object Repository/Final Object Repo/Login Page/Internal User/Next Button' is clicked on

2018-11-16 15:55:55 - [MESSAGE][PASSED] - Object: 'Object Repository/Final Object Repo/Login Page/Internal User/Next Button' is clicked on

2018-11-16 15:55:55 - [TEST_STEP][PASSED] - delay: Delayed 2 second(s)

2018-11-16 15:55:57 - [MESSAGE][PASSED] - Delayed 2 second(s)

2018-11-16 15:55:57 - [TEST_STEP][PASSED] - setText: Text 'test' is set on object 'Object Repository/Final Object Repo/Login Page/Internal User/Password'

2018-11-16 15:55:57 - [MESSAGE][PASSED] - Text 'test' is set on object 'Object Repository/Final Object Repo/Login Page/Internal User/Password'

2018-11-16 15:55:57 - [TEST_STEP][PASSED] - delay: Delayed 2 second(s)

2018-11-16 15:55:59 - [MESSAGE][PASSED] - Delayed 2 second(s)

2018-11-16 15:55:59 - [TEST_STEP][PASSED] - click: Object: 'Object Repository/Final Object Repo/Login Page/Internal User/Login Button' is clicked on

2018-11-16 15:56:02 - [MESSAGE][PASSED] - Object: 'Object Repository/Final Object Repo/Login Page/Internal User/Login Button' is clicked on

2018-11-16 15:56:02 - [TEST_STEP][PASSED] - Statement - Try: Delayed 2 second(s)

2018-11-16 15:56:02 - [TEST_STEP][PASSED] - Statement - Checker = false: null

2018-11-16 15:56:02 - [TEST_STEP][PASSED] - Statement - Checker = com.kms.katalon.core.webui.keyword.WebUiBuiltInKeywords.verifyElementHasAttribute(com.kms.katalon.core.testobject.ObjectRepository.findTestObject(Final Object Repo/Landing Page/BM Detecting), "href", 20, OPTIONAL): Object 'Object Repository/Final Object Repo/Landing Page/BM Detecting' has attribute 'href'

2018-11-16 15:56:02 - [MESSAGE][PASSED] - Object 'Object Repository/Final Object Repo/Landing Page/BM Detecting' has attribute 'href'

2018-11-16 15:56:02 - [TEST_STEP][PASSED] - Statement - out.println(Checker): null

2018-11-16 15:56:02 - [TEST_STEP][PASSED] - Statement - If (Checker == false): null

2018-11-16 15:56:02 - [TEST_STEP][PASSED] - Statement - Else: null

2018-11-16 15:56:02 - [TEST_STEP][PASSED] - delay: Delayed 2 second(s)

2018-11-16 15:56:04 - [MESSAGE][PASSED] - Delayed 2 second(s)

2018-11-16 15:56:04 - [TEST_STEP][PASSED] - delay: Delayed 3 second(s)

2018-11-16 15:56:07 - [MESSAGE][PASSED] - Delayed 3 second(s)

2018-11-16 15:56:07 - [TEST_STEP][PASSED] - mouseOver: Object: 'Object Repository/Final Object Repo/Landing Page/WorkFlow Menu' is hovered

2018-11-16 15:56:07 - [MESSAGE][PASSED] - Object: 'Object Repository/Final Object Repo/Landing Page/WorkFlow Menu' is hovered

2018-11-16 15:56:07 - [TEST_STEP][PASSED] - delay: Delayed 2 second(s)

2018-11-16 15:56:09 - [MESSAGE][PASSED] - Delayed 2 second(s)

2018-11-16 15:56:09 - [TEST_STEP][PASSED] - click: Object: 'Object Repository/Final Object Repo/Landing Page/Select to Workflow Listing' is clicked on

2018-11-16 15:56:10 - [MESSAGE][PASSED] - Object: 'Object Repository/Final Object Repo/Landing Page/Select to Workflow Listing' is clicked on

2018-11-16 15:56:10 - [TEST_STEP][PASSED] - delay: Delayed 2 second(s)

2018-11-16 15:56:12 - [MESSAGE][PASSED] - Delayed 2 second(s)

2018-11-16 15:56:12 - [TEST_STEP][PASSED] - click: Object: 'Object Repository/Final Object Repo/WorkFlow Listing Page/Search Information - To Put Ref No' is clicked on

2018-11-16 15:56:13 - [MESSAGE][PASSED] - Object: 'Object Repository/Final Object Repo/WorkFlow Listing Page/Search Information - To Put Ref No' is clicked on

2018-11-16 15:56:13 - [TEST_STEP][PASSED] - delay: Delayed 2 second(s)

2018-11-16 15:56:15 - [MESSAGE][PASSED] - Delayed 2 second(s)

2018-11-16 15:56:15 - [TEST_STEP][PASSED] - callTestCase: Call Test Case 'Test Cases/Final Aug 2018 - PKS Automation/Common/Reference Number Getter' successfully

2018-11-16 15:56:15 - [TEST_CASE][PASSED] - Test Cases/Final Aug 2018 - PKS Automation/Common/Reference Number Getter: Test Cases/Final Aug 2018 - PKS Automation/Common/Reference Number Getter

2018-11-16 15:56:15 - [TEST_STEP][PASSED] - Statement - Try: null

2018-11-16 15:56:15 - [TEST_STEP][PASSED] - Statement - RefNo = new java.io.File(C://KatalonReference.txt): null

2018-11-16 15:56:15 - [TEST_STEP][PASSED] - Statement - bufferread = new java.io.BufferedReader(new java.io.FileReader(RefNo)): null

2018-11-16 15:56:15 - [TEST_STEP][PASSED] - Statement - readedVal = bufferread.readLine(): null

2018-11-16 15:56:15 - [TEST_STEP][PASSED] - Statement - out.println(CaseReferenceNo): null

2018-11-16 15:56:15 - [TEST_STEP][PASSED] - Statement - out.println(readedVal): null

2018-11-16 15:56:15 - [TEST_STEP][PASSED] - Statement - CaseReferenceNo = "": null

2018-11-16 15:56:15 - [TEST_STEP][PASSED] - Statement - CaseReferenceNo = readedVal: null

2018-11-16 15:56:15 - [MESSAGE][PASSED] - Call Test Case 'Test Cases/Final Aug 2018 - PKS Automation/Common/Reference Number Getter' successfully

2018-11-16 15:56:15 - [TEST_STEP][PASSED] - setText: Text 'CUN112018C100005514' is set on object 'Object Repository/Final Object Repo/WorkFlow Listing Page/Ref No Set Text'

2018-11-16 15:56:15 - [MESSAGE][PASSED] - Text 'CUN112018C100005514' is set on object 'Object Repository/Final Object Repo/WorkFlow Listing Page/Ref No Set Text'

2018-11-16 15:56:15 - [TEST_STEP][PASSED] - delay: Delayed 2 second(s)

2018-11-16 15:56:17 - [MESSAGE][PASSED] - Delayed 2 second(s)

2018-11-16 15:56:17 - [TEST_STEP][PASSED] - click: Object: 'Object Repository/Final Object Repo/WorkFlow Listing Page/Search Ref No Search Button' is clicked on

2018-11-16 15:56:19 - [MESSAGE][PASSED] - Object: 'Object Repository/Final Object Repo/WorkFlow Listing Page/Search Ref No Search Button' is clicked on

2018-11-16 15:56:19 - [TEST_STEP][PASSED] - delay: Delayed 4 second(s)

2018-11-16 15:56:23 - [MESSAGE][PASSED] - Delayed 4 second(s)

2018-11-16 15:56:23 - [TEST_STEP][PASSED] - click: Object: 'Object Repository/Final Object Repo/WorkFlow Listing Page/Click Continue Tooltip' is clicked on

2018-11-16 15:56:24 - [MESSAGE][PASSED] - Object: 'Object Repository/Final Object Repo/WorkFlow Listing Page/Click Continue Tooltip' is clicked on

2018-11-16 15:56:24 - [TEST_STEP][PASSED] - delay: Delayed 5 second(s)

2018-11-16 15:56:29 - [MESSAGE][PASSED] - Delayed 5 second(s)

2018-11-16 15:56:29 - [TEST_STEP][PASSED] - doubleClick: Object: 'Object Repository/Final Object Repo/WorkFlow Listing Page/Workflow Found - Listing 1' is double clicked on

2018-11-16 15:56:30 - [MESSAGE][PASSED] - Object: 'Object Repository/Final Object Repo/WorkFlow Listing Page/Workflow Found - Listing 1' is double clicked on

2018-11-16 15:56:30 - [TEST_STEP][PASSED] - Statement - println(OwnerID): null

2018-11-16 15:56:30 - [TEST_STEP][PASSED] - Statement - OwnerID = com.kms.katalon.core.webui.keyword.WebUiBuiltInKeywords.getText(com.kms.katalon.core.testobject.ObjectRepository.findTestObject(Final Object Repo/WorkFlow Listing Page/Workflow Found - Listing 1), STOP_ON_FAILURE): Text of object 'Object Repository/Final Object Repo/WorkFlow Listing Page/Workflow Found - Listing 1' is: 'JOHORuo2'

2018-11-16 15:56:30 - [MESSAGE][PASSED] - Text of object 'Object Repository/Final Object Repo/WorkFlow Listing Page/Workflow Found - Listing 1' is: 'JOHORuo2'

2018-11-16 15:56:30 - [TEST_STEP][PASSED] - Statement - OwnerID = OwnerID.toLowerCase() + "@gmail.com": null

2018-11-16 15:56:30 - [TEST_STEP][PASSED] - Statement - println(OwnerID): null

2018-11-16 15:56:30 - [TEST_STEP][PASSED] - delay: Delayed 2 second(s)

2018-11-16 15:56:32 - [MESSAGE][PASSED] - Delayed 2 second(s)

2018-11-16 15:56:32 - [MESSAGE][PASSED] - Call Test Case 'Test Cases/Final Aug 2018 - PKS Automation/Common/Workflow Owner Finder' successfully

2018-11-16 15:56:32 - [TEST_STEP][PASSED] - delay: Delayed 2 second(s)

2018-11-16 15:56:34 - [MESSAGE][PASSED] - Delayed 2 second(s)

2018-11-16 15:56:34 - [TEST_STEP][PASSED] - navigateToUrl: Navigate to 'https://assist2-uat.perkeso.gov.my/c/portal/logout' successfully

2018-11-16 15:56:35 - [MESSAGE][PASSED] - Navigate to 'https://assist2-uat.perkeso.gov.my/c/portal/logout' successfully

2018-11-16 15:56:35 - [TEST_STEP][PASSED] - delay: Delayed 2 second(s)

2018-11-16 15:56:37 - [MESSAGE][PASSED] - Delayed 2 second(s)

2018-11-16 15:56:37 - [TEST_STEP][PASSED] - callTestCase: Call Test Case 'Test Cases/Final Aug 2018 - PKS Automation/Registration Module/Workflow/Login and Search Case For Workflow' successfully

2018-11-16 15:56:37 - [TEST_CASE][PASSED] - Test Cases/Final Aug 2018 - PKS Automation/Registration Module/Workflow/Login and Search Case For Workflow: Test Cases/Final Aug 2018 - PKS Automation/Registration Module/Workflow/Login and Search Case For Workflow

2018-11-16 15:56:37 - [TEST_STEP][PASSED] - navigateToUrl: Navigate to 'https://assist2-uat.perkeso.gov.my/login' successfully

2018-11-16 15:56:38 - [MESSAGE][PASSED] - Navigate to 'https://assist2-uat.perkeso.gov.my/login' successfully

2018-11-16 15:56:38 - [TEST_STEP][PASSED] - setText: Text 'johoruo2@gmail.com' is set on object 'Object Repository/Final Object Repo/Login Page/Internal User/Email Address'

2018-11-16 15:56:38 - [MESSAGE][PASSED] - Text 'johoruo2@gmail.com' is set on object 'Object Repository/Final Object Repo/Login Page/Internal User/Email Address'

2018-11-16 15:56:38 - [TEST_STEP][PASSED] - click: Object: 'Object Repository/Final Object Repo/Login Page/Internal User/Next Button' is clicked on

2018-11-16 15:56:38 - [MESSAGE][PASSED] - Object: 'Object Repository/Final Object Repo/Login Page/Internal User/Next Button' is clicked on

2018-11-16 15:56:38 - [TEST_STEP][PASSED] - delay: Delayed 1 second(s)

2018-11-16 15:56:39 - [MESSAGE][PASSED] - Delayed 1 second(s)

2018-11-16 15:56:39 - [TEST_STEP][PASSED] - setEncryptedText: Text ****** has been set on object 'Object Repository/Final Object Repo/Login Page/Internal User/Password'

2018-11-16 15:56:39 - [MESSAGE][PASSED] - Text ****** has been set on object 'Object Repository/Final Object Repo/Login Page/Internal User/Password'

2018-11-16 15:56:39 - [TEST_STEP][PASSED] - click: Object: 'Object Repository/Final Object Repo/Login Page/Internal User/Login Button' is clicked on

2018-11-16 15:56:42 - [MESSAGE][PASSED] - Object: 'Object Repository/Final Object Repo/Login Page/Internal User/Login Button' is clicked on

2018-11-16 15:56:42 - [TEST_STEP][PASSED] - delay: Delayed 2 second(s)

2018-11-16 15:56:44 - [MESSAGE][PASSED] - Delayed 2 second(s)

2018-11-16 15:56:44 - [TEST_STEP][PASSED] - Statement - Try: Delayed 2 second(s)

2018-11-16 15:56:44 - [TEST_STEP][PASSED] - Statement - Checker = false: null

2018-11-16 15:56:44 - [TEST_STEP][PASSED] - Statement - Checker = com.kms.katalon.core.webui.keyword.WebUiBuiltInKeywords.verifyElementHasAttribute(com.kms.katalon.core.testobject.ObjectRepository.findTestObject(Final Object Repo/Landing Page/BM Detecting), "href", 20, OPTIONAL): Object 'Object Repository/Final Object Repo/Landing Page/BM Detecting' has attribute 'href'

2018-11-16 15:56:44 - [MESSAGE][PASSED] - Object 'Object Repository/Final Object Repo/Landing Page/BM Detecting' has attribute 'href'

2018-11-16 15:56:44 - [TEST_STEP][PASSED] - Statement - out.println(Checker): null

2018-11-16 15:56:44 - [TEST_STEP][PASSED] - Statement - If (Checker == false): null

2018-11-16 15:56:44 - [TEST_STEP][PASSED] - Statement - Else: null

2018-11-16 15:56:44 - [TEST_STEP][PASSED] - delay: Delayed 2 second(s)

2018-11-16 15:56:46 - [MESSAGE][PASSED] - Delayed 2 second(s)

2018-11-16 15:56:46 - [TEST_STEP][PASSED] - click: Object: 'Object Repository/Final Object Repo/Page_MyASSIST - ASSIST - Search Pending Case For Add Supporting Document/Search Information' is clicked on

2018-11-16 15:56:46 - [MESSAGE][PASSED] - Object: 'Object Repository/Final Object Repo/Page_MyASSIST - ASSIST - Search Pending Case For Add Supporting Document/Search Information' is clicked on

2018-11-16 15:56:46 - [TEST_STEP][PASSED] - delay: Delayed 3 second(s)

2018-11-16 15:56:49 - [MESSAGE][PASSED] - Delayed 3 second(s)

2018-11-16 15:56:49 - [TEST_STEP][PASSED] - sendKeys: Keys 'CUN112018C100005514' sent to object: 'Object Repository/Final Object Repo/Page_MyASSIST - ASSIST - Search Pending Case For Add Supporting Document/Reference No'

2018-11-16 15:56:49 - [MESSAGE][PASSED] - Keys 'CUN112018C100005514' sent to object: 'Object Repository/Final Object Repo/Page_MyASSIST - ASSIST - Search Pending Case For Add Supporting Document/Reference No'

2018-11-16 15:56:49 - [TEST_STEP][PASSED] - click: Object: 'Object Repository/Final Object Repo/Page_MyASSIST - ASSIST - Search Pending Case For Add Supporting Document/Search Reference No' is clicked on

2018-11-16 15:56:51 - [MESSAGE][PASSED] - Object: 'Object Repository/Final Object Repo/Page_MyASSIST - ASSIST - Search Pending Case For Add Supporting Document/Search Reference No' is clicked on

2018-11-16 15:56:51 - [TEST_STEP][PASSED] - delay: Delayed 2 second(s)

2018-11-16 15:56:53 - [MESSAGE][PASSED] - Delayed 2 second(s)

2018-11-16 15:56:53 - [TEST_STEP][PASSED] - click: Object: 'Object Repository/Final Object Repo/Page_MyASSIST - ASSIST - Search Pending Case For Add Supporting Document/Continue' is clicked on

2018-11-16 15:56:57 - [MESSAGE][PASSED] - Object: 'Object Repository/Final Object Repo/Page_MyASSIST - ASSIST - Search Pending Case For Add Supporting Document/Continue' is clicked on

2018-11-16 15:56:57 - [TEST_STEP][PASSED] - delay: Delayed 20 second(s)

2018-11-16 15:57:17 - [MESSAGE][PASSED] - Delayed 20 second(s)

2018-11-16 15:57:17 - [MESSAGE][PASSED] - Call Test Case 'Test Cases/Final Aug 2018 - PKS Automation/Registration Module/Workflow/Login and Search Case For Workflow' successfully

2018-11-16 15:57:17 - [TEST_STEP][PASSED] - delay: Delayed 2 second(s)

2018-11-16 15:57:19 - [MESSAGE][PASSED] - Delayed 2 second(s)

2018-11-16 15:57:19 - [TEST_STEP][PASSED] - click: Object: 'Object Repository/Final Object Repo/Page_Update Employee Information By Employer/Page_Update Employee Information by Employer (Approve)/Continue' is clicked on

2018-11-16 15:57:23 - [MESSAGE][PASSED] - Object: 'Object Repository/Final Object Repo/Page_Update Employee Information By Employer/Page_Update Employee Information by Employer (Approve)/Continue' is clicked on

2018-11-16 15:57:23 - [TEST_STEP][PASSED] - delay: Delayed 2 second(s)

2018-11-16 15:57:25 - [MESSAGE][PASSED] - Delayed 2 second(s)

2018-11-16 15:57:25 - [TEST_STEP][PASSED] - click: Object: 'Object Repository/Final Object Repo/Page_Update Employee Information By Employer/Page_Update Employee Information by Employer (Approve)/Save  Continue in Update Employee Information Page' is clicked on

2018-11-16 15:57:29 - [MESSAGE][PASSED] - Object: 'Object Repository/Final Object Repo/Page_Update Employee Information By Employer/Page_Update Employee Information by Employer (Approve)/Save  Continue in Update Employee Information Page' is clicked on

2018-11-16 15:57:29 - [TEST_STEP][PASSED] - delay: Delayed 4 second(s)

2018-11-16 15:57:33 - [MESSAGE][PASSED] - Delayed 4 second(s)

2018-11-16 15:57:33 - [TEST_STEP][PASSED] - click: Object: 'Object Repository/Final Object Repo/Page_Update Employee Information By Employer/Page_Update Employee Information by Employer (Approve)/Save  Continue in Upload Supporting Doucument Page' is clicked on

2018-11-16 15:57:38 - [MESSAGE][PASSED] - Object: 'Object Repository/Final Object Repo/Page_Update Employee Information By Employer/Page_Update Employee Information by Employer (Approve)/Save  Continue in Upload Supporting Doucument Page' is clicked on

2018-11-16 15:57:38 - [TEST_STEP][PASSED] - delay: Delayed 2 second(s)

2018-11-16 15:57:40 - [MESSAGE][PASSED] - Delayed 2 second(s)

2018-11-16 15:57:40 - [TEST_STEP][PASSED] - click: Object: 'Object Repository/Final Object Repo/Page_Update Employee Information By Employer/Page_Update Employee Information by Employer (Under enforcement)/Under enforcement' is clicked on

2018-11-16 15:57:40 - [MESSAGE][PASSED] - Object: 'Object Repository/Final Object Repo/Page_Update Employee Information By Employer/Page_Update Employee Information by Employer (Under enforcement)/Under enforcement' is clicked on

2018-11-16 15:57:40 - [TEST_STEP][PASSED] - delay: Delayed 2 second(s)

2018-11-16 15:57:42 - [MESSAGE][PASSED] - Delayed 2 second(s)

2018-11-16 15:57:42 - [TEST_STEP][PASSED] - setText: Text 'Remark' is set on object 'Object Repository/Final Object Repo/Page_Update Employee Information By Employer/Page_Update Employee Information by Employer (Under enforcement)/Under enforcement - Remark'

2018-11-16 15:57:42 - [MESSAGE][PASSED] - Text 'Remark' is set on object 'Object Repository/Final Object Repo/Page_Update Employee Information By Employer/Page_Update Employee Information by Employer (Under enforcement)/Under enforcement - Remark'

2018-11-16 15:57:42 - [TEST_STEP][PASSED] - delay: Delayed 2 second(s)

2018-11-16 15:57:44 - [MESSAGE][PASSED] - Delayed 2 second(s)

2018-11-16 15:57:44 - [TEST_STEP][PASSED] - click: Object: 'Object Repository/Final Object Repo/Page_Update Employee Information By Employer/Page_Update Employee Information by Employer (Under enforcement)/Save  Continu in Under enforcement Page' is clicked on

2018-11-16 15:57:48 - [MESSAGE][PASSED] - Object: 'Object Repository/Final Object Repo/Page_Update Employee Information By Employer/Page_Update Employee Information by Employer (Under enforcement)/Save  Continu in Under enforcement Page' is clicked on

2018-11-16 15:57:48 - [TEST_STEP][PASSED] - delay: Delayed 2 second(s)

2018-11-16 15:57:50 - [MESSAGE][PASSED] - Delayed 2 second(s)

2018-11-16 15:57:50 - [TEST_STEP][PASSED] - click: Object: 'Object Repository/Final Object Repo/Page_Update Employee Information By Employer/Page_Update Employee Information by Employer (Under enforcement)/Under enforceme Message The case is under enforcement' is clicked on

2018-11-16 15:57:50 - [MESSAGE][PASSED] - Object: 'Object Repository/Final Object Repo/Page_Update Employee Information By Employer/Page_Update Employee Information by Employer (Under enforcement)/Under enforceme Message The case is under enforcement' is clicked on

2018-11-16 15:57:50 - [TEST_STEP][PASSED] - click: Object: 'Object Repository/Final Object Repo/Page_Update Employee Information By Employer/Page_Update Employee Information by Employer (Under enforcement)/Under enforcement - OK button' is clicked on

2018-11-16 15:57:51 - [MESSAGE][PASSED] - Object: 'Object Repository/Final Object Repo/Page_Update Employee Information By Employer/Page_Update Employee Information by Employer (Under enforcement)/Under enforcement - OK button' is clicked on

2018-11-16 15:57:51 - [MESSAGE][PASSED] - Call Test Case 'Test Cases/Final Aug 2018 - PKS Automation/Registration Module/Workflow/Update Employee Information (Employer)/Template/Update Employee Information - Special Case - UO (UnderEnforcement)' successfully]]></system-out>
         <system-err><![CDATA[]]></system-err>
      </testcase>
      <testcase name="Test Cases/Final Aug 2018 - PKS Automation/Registration Module/Workflow/Update Employee Information (Employer)/PAU to UO (Approve)" classname="Test Cases/Final Aug 2018 - PKS Automation/Registration Module/Workflow/Update Employee Information (Employer)/PAU to UO (Approve)" status="PASSED">
         <system-out><![CDATA[2018-11-16 15:57:51 - [TEST_CASE][PASSED] - Test Cases/Final Aug 2018 - PKS Automation/Registration Module/Workflow/Update Employee Information (Employer)/PAU to UO (Approve): Test Cases/Final Aug 2018 - PKS Automation/Registration Module/Workflow/Update Employee Information (Employer)/PAU to UO (Approve)

2018-11-16 15:57:51 - [TEST_STEP][PASSED] - callTestCase: Call Test Case 'Test Cases/Final Aug 2018 - PKS Automation/Registration Module/Workflow/Update Employee Information (Employer)/Template/Update Employer Information - Special Case (PAU)' successfully

2018-11-16 15:57:52 - [TEST_CASE][PASSED] - Test Cases/Final Aug 2018 - PKS Automation/Registration Module/Workflow/Update Employee Information (Employer)/Template/Update Employer Information - Special Case (PAU): Test Cases/Final Aug 2018 - PKS Automation/Registration Module/Workflow/Update Employee Information (Employer)/Template/Update Employer Information - Special Case (PAU)

2018-11-16 15:57:52 - [TEST_STEP][PASSED] - openBrowser: Browser is opened with url: ''

2018-11-16 15:57:52 - [MESSAGE][WARNING] - A browser is already opened. Closing browser and opening a new one

2018-11-16 15:57:57 - [MESSAGE][PASSED] - Browser is opened with url: ''

2018-11-16 15:57:57 - [TEST_STEP][PASSED] - navigateToUrl: Navigate to 'https://assist2-uat.perkeso.gov.my/login' successfully

2018-11-16 15:57:59 - [MESSAGE][PASSED] - Navigate to 'https://assist2-uat.perkeso.gov.my/login' successfully

2018-11-16 15:57:59 - [TEST_STEP][PASSED] - setText: Text 'johorpau1@gmail.com' is set on object 'Object Repository/Final Object Repo/Login Page/Internal User/Email Address'

2018-11-16 15:57:59 - [MESSAGE][PASSED] - Text 'johorpau1@gmail.com' is set on object 'Object Repository/Final Object Repo/Login Page/Internal User/Email Address'

2018-11-16 15:57:59 - [TEST_STEP][PASSED] - click: Object: 'Object Repository/Final Object Repo/Login Page/Internal User/Next Button' is clicked on

2018-11-16 15:58:00 - [MESSAGE][PASSED] - Object: 'Object Repository/Final Object Repo/Login Page/Internal User/Next Button' is clicked on

2018-11-16 15:58:00 - [TEST_STEP][PASSED] - delay: Delayed 1 second(s)

2018-11-16 15:58:01 - [MESSAGE][PASSED] - Delayed 1 second(s)

2018-11-16 15:58:01 - [TEST_STEP][PASSED] - setEncryptedText: Text ****** has been set on object 'Object Repository/Final Object Repo/Login Page/Internal User/Password'

2018-11-16 15:58:01 - [MESSAGE][PASSED] - Text ****** has been set on object 'Object Repository/Final Object Repo/Login Page/Internal User/Password'

2018-11-16 15:58:01 - [TEST_STEP][PASSED] - click: Object: 'Object Repository/Final Object Repo/Login Page/Internal User/Login Button' is clicked on

2018-11-16 15:58:04 - [MESSAGE][PASSED] - Object: 'Object Repository/Final Object Repo/Login Page/Internal User/Login Button' is clicked on

2018-11-16 15:58:04 - [TEST_STEP][PASSED] - Statement - Try: Delayed 2 second(s)

2018-11-16 15:58:04 - [TEST_STEP][PASSED] - Statement - Checker = false: null

2018-11-16 15:58:04 - [TEST_STEP][PASSED] - Statement - Checker = com.kms.katalon.core.webui.keyword.WebUiBuiltInKeywords.verifyElementHasAttribute(com.kms.katalon.core.testobject.ObjectRepository.findTestObject(Final Object Repo/Landing Page/BM Detecting), "href", 20, OPTIONAL): Object 'Object Repository/Final Object Repo/Landing Page/BM Detecting' has attribute 'href'

2018-11-16 15:58:04 - [MESSAGE][PASSED] - Object 'Object Repository/Final Object Repo/Landing Page/BM Detecting' has attribute 'href'

2018-11-16 15:58:04 - [TEST_STEP][PASSED] - Statement - out.println(Checker): null

2018-11-16 15:58:04 - [TEST_STEP][PASSED] - Statement - If (Checker == false): null

2018-11-16 15:58:04 - [TEST_STEP][PASSED] - Statement - Else: null

2018-11-16 15:58:04 - [TEST_STEP][PASSED] - delay: Delayed 2 second(s)

2018-11-16 15:58:06 - [MESSAGE][PASSED] - Delayed 2 second(s)

2018-11-16 15:58:06 - [TEST_STEP][PASSED] - delay: Delayed 1 second(s)

2018-11-16 15:58:07 - [MESSAGE][PASSED] - Delayed 1 second(s)

2018-11-16 15:58:07 - [TEST_STEP][PASSED] - navigateToUrl: Navigate to 'https://assist2-uat.perkeso.gov.my/web/registration/update/update-employee-information-employer-' successfully

2018-11-16 15:58:08 - [MESSAGE][PASSED] - Navigate to 'https://assist2-uat.perkeso.gov.my/web/registration/update/update-employee-information-employer-' successfully

2018-11-16 15:58:08 - [TEST_STEP][PASSED] - setText: Text 'E1102001065V' is set on object 'Object Repository/Final Object Repo/Page_Update Employee Information By Employer/Employer Code'

2018-11-16 15:58:08 - [MESSAGE][PASSED] - Text 'E1102001065V' is set on object 'Object Repository/Final Object Repo/Page_Update Employee Information By Employer/Employer Code'

2018-11-16 15:58:08 - [TEST_STEP][PASSED] - click: Object: 'Object Repository/Final Object Repo/Page_Update Employee Information By Employer/Search Employer Code' is clicked on

2018-11-16 15:58:10 - [MESSAGE][PASSED] - Object: 'Object Repository/Final Object Repo/Page_Update Employee Information By Employer/Search Employer Code' is clicked on

2018-11-16 15:58:10 - [TEST_STEP][PASSED] - click: Object: 'Object Repository/Final Object Repo/Page_Update Employee Information By Employer/Edit Button' is clicked on

2018-11-16 15:58:13 - [MESSAGE][PASSED] - Object: 'Object Repository/Final Object Repo/Page_Update Employee Information By Employer/Edit Button' is clicked on

2018-11-16 15:58:13 - [TEST_STEP][PASSED] - click: Object: 'Object Repository/Final Object Repo/Page_Update Employee Information By Employer/Employee Name or New Identification' is clicked on

2018-11-16 15:58:13 - [MESSAGE][PASSED] - Object: 'Object Repository/Final Object Repo/Page_Update Employee Information By Employer/Employee Name or New Identification' is clicked on

2018-11-16 15:58:13 - [TEST_STEP][PASSED] - delay: Delayed 1 second(s)

2018-11-16 15:58:14 - [MESSAGE][PASSED] - Delayed 1 second(s)

2018-11-16 15:58:14 - [TEST_STEP][PASSED] - click: Object: 'Object Repository/Final Object Repo/Page_Update Employee Information By Employer/Selection - Employee Name' is clicked on

2018-11-16 15:58:15 - [MESSAGE][PASSED] - Object: 'Object Repository/Final Object Repo/Page_Update Employee Information By Employer/Selection - Employee Name' is clicked on

2018-11-16 15:58:15 - [TEST_STEP][PASSED] - delay: Delayed 1 second(s)

2018-11-16 15:58:16 - [MESSAGE][PASSED] - Delayed 1 second(s)

2018-11-16 15:58:16 - [TEST_STEP][PASSED] - setText: Text 'PERKESO' is set on object 'Object Repository/Final Object Repo/Page_Update Employee Information By Employer/Employee Name'

2018-11-16 15:58:16 - [MESSAGE][PASSED] - Text 'PERKESO' is set on object 'Object Repository/Final Object Repo/Page_Update Employee Information By Employer/Employee Name'

2018-11-16 15:58:16 - [TEST_STEP][PASSED] - delay: Delayed 2 second(s)

2018-11-16 15:58:18 - [MESSAGE][PASSED] - Delayed 2 second(s)

2018-11-16 15:58:18 - [TEST_STEP][PASSED] - click: Object: 'Object Repository/Final Object Repo/Page_Update Employee Information By Employer/Search Employee' is clicked on

2018-11-16 15:58:19 - [MESSAGE][PASSED] - Object: 'Object Repository/Final Object Repo/Page_Update Employee Information By Employer/Search Employee' is clicked on

2018-11-16 15:58:19 - [TEST_STEP][PASSED] - delay: Delayed 3 second(s)

2018-11-16 15:58:22 - [MESSAGE][PASSED] - Delayed 3 second(s)

2018-11-16 15:58:22 - [TEST_STEP][PASSED] - click: Object: 'Object Repository/Final Object Repo/Page_Update Employee Information By Employer/Employee Edit Button' is clicked on

2018-11-16 15:58:22 - [MESSAGE][PASSED] - Object: 'Object Repository/Final Object Repo/Page_Update Employee Information By Employer/Employee Edit Button' is clicked on

2018-11-16 15:58:22 - [TEST_STEP][PASSED] - delay: Delayed 3 second(s)

2018-11-16 15:58:25 - [MESSAGE][PASSED] - Delayed 3 second(s)

2018-11-16 15:58:25 - [TEST_STEP][PASSED] - setText: Text '' is set on object 'Object Repository/Final Object Repo/Page_Update Employee Information By Employer/Identification Number'

2018-11-16 15:58:25 - [MESSAGE][PASSED] - Text '' is set on object 'Object Repository/Final Object Repo/Page_Update Employee Information By Employer/Identification Number'

2018-11-16 15:58:25 - [TEST_STEP][PASSED] - Statement - rnd = new java.util.Random(): null

2018-11-16 15:58:25 - [TEST_STEP][PASSED] - Statement - snum = rnd.nextInt(899999 + 1) + 100000: null

2018-11-16 15:58:25 - [TEST_STEP][PASSED] - Statement - tnum = rnd.nextInt(899999 + 1) + 100000: null

2018-11-16 15:58:25 - [TEST_STEP][PASSED] - Statement - IC = java.lang.Integer.toString(snum) + java.lang.Integer.toString(tnum): null

2018-11-16 15:58:25 - [TEST_STEP][PASSED] - Statement - out.println(IC): null

2018-11-16 15:58:25 - [TEST_STEP][PASSED] - setText: Text '718946842033' is set on object 'Object Repository/Final Object Repo/Page_Update Employee Information By Employer/Identification Number'

2018-11-16 15:58:25 - [MESSAGE][PASSED] - Text '718946842033' is set on object 'Object Repository/Final Object Repo/Page_Update Employee Information By Employer/Identification Number'

2018-11-16 15:58:25 - [TEST_STEP][PASSED] - click: Object: 'Object Repository/Final Object Repo/Page_Update Employee Information By Employer/Save' is clicked on

2018-11-16 15:58:30 - [MESSAGE][PASSED] - Object: 'Object Repository/Final Object Repo/Page_Update Employee Information By Employer/Save' is clicked on

2018-11-16 15:58:30 - [TEST_STEP][PASSED] - delay: Delayed 5 second(s)

2018-11-16 15:58:35 - [MESSAGE][PASSED] - Delayed 5 second(s)

2018-11-16 15:58:35 - [TEST_STEP][PASSED] - Statement - CaseReferenceNo = com.kms.katalon.core.webui.keyword.WebUiBuiltInKeywords.getText(com.kms.katalon.core.testobject.ObjectRepository.findTestObject(Final Object Repo/Reference Number/Reference Number in Update Employee Information Page)): Text of object 'Object Repository/Final Object Repo/Reference Number/Reference Number in Update Employee Information Page' is: 'CUN112018C100005515'

2018-11-16 15:58:35 - [MESSAGE][PASSED] - Text of object 'Object Repository/Final Object Repo/Reference Number/Reference Number in Update Employee Information Page' is: 'CUN112018C100005515'

2018-11-16 15:58:35 - [TEST_STEP][PASSED] - callTestCase: Call Test Case 'Test Cases/Final Aug 2018 - PKS Automation/Common/Reference Number Setter' successfully

2018-11-16 15:58:35 - [TEST_CASE][PASSED] - Test Cases/Final Aug 2018 - PKS Automation/Common/Reference Number Setter: Test Cases/Final Aug 2018 - PKS Automation/Common/Reference Number Setter

2018-11-16 15:58:35 - [TEST_STEP][PASSED] - Statement - RefNoOldFile = new java.io.File(C://KatalonReference.txt): null

2018-11-16 15:58:35 - [TEST_STEP][PASSED] - Statement - RefNoOldFile.delete(): null

2018-11-16 15:58:35 - [TEST_STEP][PASSED] - delay: Delayed 5 second(s)

2018-11-16 15:58:40 - [MESSAGE][PASSED] - Delayed 5 second(s)

2018-11-16 15:58:40 - [TEST_STEP][PASSED] - Statement - RefNo = new java.io.File(C://KatalonReference.txt): null

2018-11-16 15:58:40 - [TEST_STEP][PASSED] - Statement - f2 = new java.io.FileWriter(RefNo, false): null

2018-11-16 15:58:40 - [TEST_STEP][PASSED] - Statement - f2.write(CaseReferenceNo): null

2018-11-16 15:58:40 - [TEST_STEP][PASSED] - Statement - f2.close(): null

2018-11-16 15:58:40 - [TEST_STEP][PASSED] - Statement - out.println("


" + CaseReferenceNo + "


"): null

2018-11-16 15:58:40 - [MESSAGE][PASSED] - Call Test Case 'Test Cases/Final Aug 2018 - PKS Automation/Common/Reference Number Setter' successfully

2018-11-16 15:58:40 - [TEST_STEP][PASSED] - delay: Delayed 5 second(s)

2018-11-16 15:58:45 - [MESSAGE][PASSED] - Delayed 5 second(s)

2018-11-16 15:58:45 - [TEST_STEP][PASSED] - click: Object: 'Object Repository/Final Object Repo/Page_Update Employee Information By Employer/Save  Continue in  Employee Information Page' is clicked on

2018-11-16 15:58:49 - [MESSAGE][PASSED] - Object: 'Object Repository/Final Object Repo/Page_Update Employee Information By Employer/Save  Continue in  Employee Information Page' is clicked on

2018-11-16 15:58:49 - [TEST_STEP][PASSED] - delay: Delayed 5 second(s)

2018-11-16 15:58:54 - [MESSAGE][PASSED] - Delayed 5 second(s)

2018-11-16 15:58:54 - [TEST_STEP][PASSED] - click: Object: 'Object Repository/Final Object Repo/Page_Update Employee Information By Employer/Save  Continue in Uploading Page 1' is clicked on

2018-11-16 15:58:58 - [MESSAGE][PASSED] - Object: 'Object Repository/Final Object Repo/Page_Update Employee Information By Employer/Save  Continue in Uploading Page 1' is clicked on

2018-11-16 15:58:58 - [TEST_STEP][PASSED] - delay: Delayed 5 second(s)

2018-11-16 15:59:03 - [MESSAGE][PASSED] - Delayed 5 second(s)

2018-11-16 15:59:03 - [TEST_STEP][PASSED] - click: Object: 'Object Repository/Final Object Repo/Page_Update Employee Information By Employer/Submit' is clicked on

2018-11-16 15:59:03 - [MESSAGE][PASSED] - Object: 'Object Repository/Final Object Repo/Page_Update Employee Information By Employer/Submit' is clicked on

2018-11-16 15:59:03 - [TEST_STEP][PASSED] - delay: Delayed 5 second(s)

2018-11-16 15:59:08 - [MESSAGE][PASSED] - Delayed 5 second(s)

2018-11-16 15:59:08 - [TEST_STEP][PASSED] - click: Object: 'Object Repository/Final Object Repo/Page_Update Employee Information By Employer/Confirm' is clicked on

2018-11-16 15:59:12 - [MESSAGE][PASSED] - Object: 'Object Repository/Final Object Repo/Page_Update Employee Information By Employer/Confirm' is clicked on

2018-11-16 15:59:12 - [TEST_STEP][PASSED] - delay: Delayed 5 second(s)

2018-11-16 15:59:17 - [MESSAGE][PASSED] - Delayed 5 second(s)

2018-11-16 15:59:17 - [TEST_STEP][PASSED] - verifyElementVisible: Object 'Object Repository/Final Object Repo/Page_Update Employee Information By Employer/Successfull Message Routed to UO' is visible

2018-11-16 15:59:17 - [MESSAGE][PASSED] - Object 'Object Repository/Final Object Repo/Page_Update Employee Information By Employer/Successfull Message Routed to UO' is visible

2018-11-16 15:59:17 - [MESSAGE][PASSED] - Call Test Case 'Test Cases/Final Aug 2018 - PKS Automation/Registration Module/Workflow/Update Employee Information (Employer)/Template/Update Employer Information - Special Case (PAU)' successfully

2018-11-16 15:59:18 - [TEST_STEP][PASSED] - callTestCase: Call Test Case 'Test Cases/Final Aug 2018 - PKS Automation/Registration Module/Workflow/Update Employee Information (Employer)/Template/Update Employee Information - Special Case - UO (Approve)' successfully

2018-11-16 15:59:18 - [TEST_CASE][PASSED] - Test Cases/Final Aug 2018 - PKS Automation/Registration Module/Workflow/Update Employee Information (Employer)/Template/Update Employee Information - Special Case - UO (Approve): Test Cases/Final Aug 2018 - PKS Automation/Registration Module/Workflow/Update Employee Information (Employer)/Template/Update Employee Information - Special Case - UO (Approve)

2018-11-16 15:59:18 - [TEST_STEP][NOT_RUN] - callTestCase: NOT_RUN: callTestCase

2018-11-16 15:59:18 - [MESSAGE][NOT_RUN] - NOT_RUN: callTestCase

2018-11-16 15:59:18 - [TEST_STEP][PASSED] - delay: Delayed 2 second(s)

2018-11-16 15:59:20 - [MESSAGE][PASSED] - Delayed 2 second(s)

2018-11-16 15:59:20 - [TEST_STEP][PASSED] - navigateToUrl: Navigate to 'https://assist2-uat.perkeso.gov.my/c/portal/logout' successfully

2018-11-16 15:59:21 - [MESSAGE][PASSED] - Navigate to 'https://assist2-uat.perkeso.gov.my/c/portal/logout' successfully

2018-11-16 15:59:21 - [TEST_STEP][PASSED] - delay: Delayed 2 second(s)

2018-11-16 15:59:23 - [MESSAGE][PASSED] - Delayed 2 second(s)

2018-11-16 15:59:23 - [TEST_STEP][PASSED] - callTestCase: Call Test Case 'Test Cases/Final Aug 2018 - PKS Automation/Common/Reference Number Getter' successfully

2018-11-16 15:59:23 - [TEST_CASE][PASSED] - Test Cases/Final Aug 2018 - PKS Automation/Common/Reference Number Getter: Test Cases/Final Aug 2018 - PKS Automation/Common/Reference Number Getter

2018-11-16 15:59:23 - [TEST_STEP][PASSED] - Statement - Try: null

2018-11-16 15:59:23 - [TEST_STEP][PASSED] - Statement - RefNo = new java.io.File(C://KatalonReference.txt): null

2018-11-16 15:59:23 - [TEST_STEP][PASSED] - Statement - bufferread = new java.io.BufferedReader(new java.io.FileReader(RefNo)): null

2018-11-16 15:59:23 - [TEST_STEP][PASSED] - Statement - readedVal = bufferread.readLine(): null

2018-11-16 15:59:23 - [TEST_STEP][PASSED] - Statement - out.println(CaseReferenceNo): null

2018-11-16 15:59:23 - [TEST_STEP][PASSED] - Statement - out.println(readedVal): null

2018-11-16 15:59:23 - [TEST_STEP][PASSED] - Statement - CaseReferenceNo = "": null

2018-11-16 15:59:23 - [TEST_STEP][PASSED] - Statement - CaseReferenceNo = readedVal: null

2018-11-16 15:59:23 - [MESSAGE][PASSED] - Call Test Case 'Test Cases/Final Aug 2018 - PKS Automation/Common/Reference Number Getter' successfully

2018-11-16 15:59:23 - [TEST_STEP][PASSED] - callTestCase: Call Test Case 'Test Cases/Final Aug 2018 - PKS Automation/Common/Workflow Owner Finder' successfully

2018-11-16 15:59:23 - [TEST_CASE][PASSED] - Test Cases/Final Aug 2018 - PKS Automation/Common/Workflow Owner Finder: Test Cases/Final Aug 2018 - PKS Automation/Common/Workflow Owner Finder

2018-11-16 15:59:23 - [TEST_STEP][PASSED] - openBrowser: Browser is opened with url: ''

2018-11-16 15:59:23 - [MESSAGE][WARNING] - A browser is already opened. Closing browser and opening a new one

2018-11-16 15:59:27 - [MESSAGE][PASSED] - Browser is opened with url: ''

2018-11-16 15:59:27 - [TEST_STEP][PASSED] - navigateToUrl: Navigate to 'https://assist2-uat.perkeso.gov.my/login' successfully

2018-11-16 15:59:29 - [MESSAGE][PASSED] - Navigate to 'https://assist2-uat.perkeso.gov.my/login' successfully

2018-11-16 15:59:29 - [TEST_STEP][PASSED] - delay: Delayed 5 second(s)

2018-11-16 15:59:34 - [MESSAGE][PASSED] - Delayed 5 second(s)

2018-11-16 15:59:34 - [TEST_STEP][PASSED] - setText: Text 'test@liferay.com' is set on object 'Object Repository/Final Object Repo/Login Page/Internal User/Email Address'

2018-11-16 15:59:35 - [MESSAGE][PASSED] - Text 'test@liferay.com' is set on object 'Object Repository/Final Object Repo/Login Page/Internal User/Email Address'

2018-11-16 15:59:35 - [TEST_STEP][PASSED] - click: Object: 'Object Repository/Final Object Repo/Login Page/Internal User/Next Button' is clicked on

2018-11-16 15:59:35 - [MESSAGE][PASSED] - Object: 'Object Repository/Final Object Repo/Login Page/Internal User/Next Button' is clicked on

2018-11-16 15:59:35 - [TEST_STEP][PASSED] - delay: Delayed 2 second(s)

2018-11-16 15:59:37 - [MESSAGE][PASSED] - Delayed 2 second(s)

2018-11-16 15:59:37 - [TEST_STEP][PASSED] - setText: Text 'test' is set on object 'Object Repository/Final Object Repo/Login Page/Internal User/Password'

2018-11-16 15:59:37 - [MESSAGE][PASSED] - Text 'test' is set on object 'Object Repository/Final Object Repo/Login Page/Internal User/Password'

2018-11-16 15:59:37 - [TEST_STEP][PASSED] - delay: Delayed 2 second(s)

2018-11-16 15:59:39 - [MESSAGE][PASSED] - Delayed 2 second(s)

2018-11-16 15:59:39 - [TEST_STEP][PASSED] - click: Object: 'Object Repository/Final Object Repo/Login Page/Internal User/Login Button' is clicked on

2018-11-16 15:59:42 - [MESSAGE][PASSED] - Object: 'Object Repository/Final Object Repo/Login Page/Internal User/Login Button' is clicked on

2018-11-16 15:59:42 - [TEST_STEP][PASSED] - Statement - Try: Delayed 2 second(s)

2018-11-16 15:59:42 - [TEST_STEP][PASSED] - Statement - Checker = false: null

2018-11-16 15:59:42 - [TEST_STEP][PASSED] - Statement - Checker = com.kms.katalon.core.webui.keyword.WebUiBuiltInKeywords.verifyElementHasAttribute(com.kms.katalon.core.testobject.ObjectRepository.findTestObject(Final Object Repo/Landing Page/BM Detecting), "href", 20, OPTIONAL): Object 'Object Repository/Final Object Repo/Landing Page/BM Detecting' has attribute 'href'

2018-11-16 15:59:42 - [MESSAGE][PASSED] - Object 'Object Repository/Final Object Repo/Landing Page/BM Detecting' has attribute 'href'

2018-11-16 15:59:42 - [TEST_STEP][PASSED] - Statement - out.println(Checker): null

2018-11-16 15:59:42 - [TEST_STEP][PASSED] - Statement - If (Checker == false): null

2018-11-16 15:59:42 - [TEST_STEP][PASSED] - Statement - Else: null

2018-11-16 15:59:42 - [TEST_STEP][PASSED] - delay: Delayed 2 second(s)

2018-11-16 15:59:44 - [MESSAGE][PASSED] - Delayed 2 second(s)

2018-11-16 15:59:44 - [TEST_STEP][PASSED] - delay: Delayed 3 second(s)

2018-11-16 15:59:47 - [MESSAGE][PASSED] - Delayed 3 second(s)

2018-11-16 15:59:47 - [TEST_STEP][PASSED] - mouseOver: Object: 'Object Repository/Final Object Repo/Landing Page/WorkFlow Menu' is hovered

2018-11-16 15:59:48 - [MESSAGE][PASSED] - Object: 'Object Repository/Final Object Repo/Landing Page/WorkFlow Menu' is hovered

2018-11-16 15:59:48 - [TEST_STEP][PASSED] - delay: Delayed 2 second(s)

2018-11-16 15:59:50 - [MESSAGE][PASSED] - Delayed 2 second(s)

2018-11-16 15:59:50 - [TEST_STEP][PASSED] - click: Object: 'Object Repository/Final Object Repo/Landing Page/Select to Workflow Listing' is clicked on

2018-11-16 15:59:51 - [MESSAGE][PASSED] - Object: 'Object Repository/Final Object Repo/Landing Page/Select to Workflow Listing' is clicked on

2018-11-16 15:59:51 - [TEST_STEP][PASSED] - delay: Delayed 2 second(s)

2018-11-16 15:59:53 - [MESSAGE][PASSED] - Delayed 2 second(s)

2018-11-16 15:59:53 - [TEST_STEP][PASSED] - click: Object: 'Object Repository/Final Object Repo/WorkFlow Listing Page/Search Information - To Put Ref No' is clicked on

2018-11-16 15:59:53 - [MESSAGE][PASSED] - Object: 'Object Repository/Final Object Repo/WorkFlow Listing Page/Search Information - To Put Ref No' is clicked on

2018-11-16 15:59:53 - [TEST_STEP][PASSED] - delay: Delayed 2 second(s)

2018-11-16 15:59:55 - [MESSAGE][PASSED] - Delayed 2 second(s)

2018-11-16 15:59:55 - [TEST_STEP][PASSED] - callTestCase: Call Test Case 'Test Cases/Final Aug 2018 - PKS Automation/Common/Reference Number Getter' successfully

2018-11-16 15:59:55 - [TEST_CASE][PASSED] - Test Cases/Final Aug 2018 - PKS Automation/Common/Reference Number Getter: Test Cases/Final Aug 2018 - PKS Automation/Common/Reference Number Getter

2018-11-16 15:59:55 - [TEST_STEP][PASSED] - Statement - Try: null

2018-11-16 15:59:55 - [TEST_STEP][PASSED] - Statement - RefNo = new java.io.File(C://KatalonReference.txt): null

2018-11-16 15:59:55 - [TEST_STEP][PASSED] - Statement - bufferread = new java.io.BufferedReader(new java.io.FileReader(RefNo)): null

2018-11-16 15:59:55 - [TEST_STEP][PASSED] - Statement - readedVal = bufferread.readLine(): null

2018-11-16 15:59:55 - [TEST_STEP][PASSED] - Statement - out.println(CaseReferenceNo): null

2018-11-16 15:59:55 - [TEST_STEP][PASSED] - Statement - out.println(readedVal): null

2018-11-16 15:59:55 - [TEST_STEP][PASSED] - Statement - CaseReferenceNo = "": null

2018-11-16 15:59:55 - [TEST_STEP][PASSED] - Statement - CaseReferenceNo = readedVal: null

2018-11-16 15:59:55 - [MESSAGE][PASSED] - Call Test Case 'Test Cases/Final Aug 2018 - PKS Automation/Common/Reference Number Getter' successfully

2018-11-16 15:59:55 - [TEST_STEP][PASSED] - setText: Text 'CUN112018C100005515' is set on object 'Object Repository/Final Object Repo/WorkFlow Listing Page/Ref No Set Text'

2018-11-16 15:59:55 - [MESSAGE][PASSED] - Text 'CUN112018C100005515' is set on object 'Object Repository/Final Object Repo/WorkFlow Listing Page/Ref No Set Text'

2018-11-16 15:59:55 - [TEST_STEP][PASSED] - delay: Delayed 2 second(s)

2018-11-16 15:59:57 - [MESSAGE][PASSED] - Delayed 2 second(s)

2018-11-16 15:59:57 - [TEST_STEP][PASSED] - click: Object: 'Object Repository/Final Object Repo/WorkFlow Listing Page/Search Ref No Search Button' is clicked on

2018-11-16 15:59:59 - [MESSAGE][PASSED] - Object: 'Object Repository/Final Object Repo/WorkFlow Listing Page/Search Ref No Search Button' is clicked on

2018-11-16 15:59:59 - [TEST_STEP][PASSED] - delay: Delayed 4 second(s)

2018-11-16 16:00:03 - [MESSAGE][PASSED] - Delayed 4 second(s)

2018-11-16 16:00:03 - [TEST_STEP][PASSED] - click: Object: 'Object Repository/Final Object Repo/WorkFlow Listing Page/Click Continue Tooltip' is clicked on

2018-11-16 16:00:05 - [MESSAGE][PASSED] - Object: 'Object Repository/Final Object Repo/WorkFlow Listing Page/Click Continue Tooltip' is clicked on

2018-11-16 16:00:05 - [TEST_STEP][PASSED] - delay: Delayed 5 second(s)

2018-11-16 16:00:10 - [MESSAGE][PASSED] - Delayed 5 second(s)

2018-11-16 16:00:10 - [TEST_STEP][PASSED] - doubleClick: Object: 'Object Repository/Final Object Repo/WorkFlow Listing Page/Workflow Found - Listing 1' is double clicked on

2018-11-16 16:00:10 - [MESSAGE][PASSED] - Object: 'Object Repository/Final Object Repo/WorkFlow Listing Page/Workflow Found - Listing 1' is double clicked on

2018-11-16 16:00:10 - [TEST_STEP][PASSED] - Statement - println(OwnerID): null

2018-11-16 16:00:10 - [TEST_STEP][PASSED] - Statement - OwnerID = com.kms.katalon.core.webui.keyword.WebUiBuiltInKeywords.getText(com.kms.katalon.core.testobject.ObjectRepository.findTestObject(Final Object Repo/WorkFlow Listing Page/Workflow Found - Listing 1), STOP_ON_FAILURE): Text of object 'Object Repository/Final Object Repo/WorkFlow Listing Page/Workflow Found - Listing 1' is: 'JOHORuo3'

2018-11-16 16:00:10 - [MESSAGE][PASSED] - Text of object 'Object Repository/Final Object Repo/WorkFlow Listing Page/Workflow Found - Listing 1' is: 'JOHORuo3'

2018-11-16 16:00:10 - [TEST_STEP][PASSED] - Statement - OwnerID = OwnerID.toLowerCase() + "@gmail.com": null

2018-11-16 16:00:10 - [TEST_STEP][PASSED] - Statement - println(OwnerID): null

2018-11-16 16:00:10 - [TEST_STEP][PASSED] - delay: Delayed 2 second(s)

2018-11-16 16:00:12 - [MESSAGE][PASSED] - Delayed 2 second(s)

2018-11-16 16:00:12 - [MESSAGE][PASSED] - Call Test Case 'Test Cases/Final Aug 2018 - PKS Automation/Common/Workflow Owner Finder' successfully

2018-11-16 16:00:12 - [TEST_STEP][PASSED] - delay: Delayed 2 second(s)

2018-11-16 16:00:14 - [MESSAGE][PASSED] - Delayed 2 second(s)

2018-11-16 16:00:14 - [TEST_STEP][PASSED] - navigateToUrl: Navigate to 'https://assist2-uat.perkeso.gov.my/c/portal/logout' successfully

2018-11-16 16:00:15 - [MESSAGE][PASSED] - Navigate to 'https://assist2-uat.perkeso.gov.my/c/portal/logout' successfully

2018-11-16 16:00:15 - [TEST_STEP][PASSED] - delay: Delayed 2 second(s)

2018-11-16 16:00:17 - [MESSAGE][PASSED] - Delayed 2 second(s)

2018-11-16 16:00:17 - [TEST_STEP][PASSED] - callTestCase: Call Test Case 'Test Cases/Final Aug 2018 - PKS Automation/Registration Module/Workflow/Login and Search Case For Workflow' successfully

2018-11-16 16:00:17 - [TEST_CASE][PASSED] - Test Cases/Final Aug 2018 - PKS Automation/Registration Module/Workflow/Login and Search Case For Workflow: Test Cases/Final Aug 2018 - PKS Automation/Registration Module/Workflow/Login and Search Case For Workflow

2018-11-16 16:00:17 - [TEST_STEP][PASSED] - navigateToUrl: Navigate to 'https://assist2-uat.perkeso.gov.my/login' successfully

2018-11-16 16:00:18 - [MESSAGE][PASSED] - Navigate to 'https://assist2-uat.perkeso.gov.my/login' successfully

2018-11-16 16:00:18 - [TEST_STEP][PASSED] - setText: Text 'johoruo3@gmail.com' is set on object 'Object Repository/Final Object Repo/Login Page/Internal User/Email Address'

2018-11-16 16:00:18 - [MESSAGE][PASSED] - Text 'johoruo3@gmail.com' is set on object 'Object Repository/Final Object Repo/Login Page/Internal User/Email Address'

2018-11-16 16:00:18 - [TEST_STEP][PASSED] - click: Object: 'Object Repository/Final Object Repo/Login Page/Internal User/Next Button' is clicked on

2018-11-16 16:00:18 - [MESSAGE][PASSED] - Object: 'Object Repository/Final Object Repo/Login Page/Internal User/Next Button' is clicked on

2018-11-16 16:00:18 - [TEST_STEP][PASSED] - delay: Delayed 1 second(s)

2018-11-16 16:00:19 - [MESSAGE][PASSED] - Delayed 1 second(s)

2018-11-16 16:00:19 - [TEST_STEP][PASSED] - setEncryptedText: Text ****** has been set on object 'Object Repository/Final Object Repo/Login Page/Internal User/Password'

2018-11-16 16:00:19 - [MESSAGE][PASSED] - Text ****** has been set on object 'Object Repository/Final Object Repo/Login Page/Internal User/Password'

2018-11-16 16:00:19 - [TEST_STEP][PASSED] - click: Object: 'Object Repository/Final Object Repo/Login Page/Internal User/Login Button' is clicked on

2018-11-16 16:00:22 - [MESSAGE][PASSED] - Object: 'Object Repository/Final Object Repo/Login Page/Internal User/Login Button' is clicked on

2018-11-16 16:00:22 - [TEST_STEP][PASSED] - delay: Delayed 2 second(s)

2018-11-16 16:00:24 - [MESSAGE][PASSED] - Delayed 2 second(s)

2018-11-16 16:00:24 - [TEST_STEP][PASSED] - Statement - Try: Delayed 2 second(s)

2018-11-16 16:00:24 - [TEST_STEP][PASSED] - Statement - Checker = false: null

2018-11-16 16:00:24 - [TEST_STEP][PASSED] - Statement - Checker = com.kms.katalon.core.webui.keyword.WebUiBuiltInKeywords.verifyElementHasAttribute(com.kms.katalon.core.testobject.ObjectRepository.findTestObject(Final Object Repo/Landing Page/BM Detecting), "href", 20, OPTIONAL): Object 'Object Repository/Final Object Repo/Landing Page/BM Detecting' has attribute 'href'

2018-11-16 16:00:24 - [MESSAGE][PASSED] - Object 'Object Repository/Final Object Repo/Landing Page/BM Detecting' has attribute 'href'

2018-11-16 16:00:24 - [TEST_STEP][PASSED] - Statement - out.println(Checker): null

2018-11-16 16:00:24 - [TEST_STEP][PASSED] - Statement - If (Checker == false): null

2018-11-16 16:00:24 - [TEST_STEP][PASSED] - Statement - Else: null

2018-11-16 16:00:24 - [TEST_STEP][PASSED] - delay: Delayed 2 second(s)

2018-11-16 16:00:26 - [MESSAGE][PASSED] - Delayed 2 second(s)

2018-11-16 16:00:26 - [TEST_STEP][PASSED] - click: Object: 'Object Repository/Final Object Repo/Page_MyASSIST - ASSIST - Search Pending Case For Add Supporting Document/Search Information' is clicked on

2018-11-16 16:00:26 - [MESSAGE][PASSED] - Object: 'Object Repository/Final Object Repo/Page_MyASSIST - ASSIST - Search Pending Case For Add Supporting Document/Search Information' is clicked on

2018-11-16 16:00:26 - [TEST_STEP][PASSED] - delay: Delayed 3 second(s)

2018-11-16 16:00:29 - [MESSAGE][PASSED] - Delayed 3 second(s)

2018-11-16 16:00:29 - [TEST_STEP][PASSED] - sendKeys: Keys 'CUN112018C100005515' sent to object: 'Object Repository/Final Object Repo/Page_MyASSIST - ASSIST - Search Pending Case For Add Supporting Document/Reference No'

2018-11-16 16:00:29 - [MESSAGE][PASSED] - Keys 'CUN112018C100005515' sent to object: 'Object Repository/Final Object Repo/Page_MyASSIST - ASSIST - Search Pending Case For Add Supporting Document/Reference No'

2018-11-16 16:00:29 - [TEST_STEP][PASSED] - click: Object: 'Object Repository/Final Object Repo/Page_MyASSIST - ASSIST - Search Pending Case For Add Supporting Document/Search Reference No' is clicked on

2018-11-16 16:00:31 - [MESSAGE][PASSED] - Object: 'Object Repository/Final Object Repo/Page_MyASSIST - ASSIST - Search Pending Case For Add Supporting Document/Search Reference No' is clicked on

2018-11-16 16:00:31 - [TEST_STEP][PASSED] - delay: Delayed 2 second(s)

2018-11-16 16:00:33 - [MESSAGE][PASSED] - Delayed 2 second(s)

2018-11-16 16:00:33 - [TEST_STEP][PASSED] - click: Object: 'Object Repository/Final Object Repo/Page_MyASSIST - ASSIST - Search Pending Case For Add Supporting Document/Continue' is clicked on

2018-11-16 16:00:38 - [MESSAGE][PASSED] - Object: 'Object Repository/Final Object Repo/Page_MyASSIST - ASSIST - Search Pending Case For Add Supporting Document/Continue' is clicked on

2018-11-16 16:00:38 - [TEST_STEP][PASSED] - delay: Delayed 20 second(s)

2018-11-16 16:00:58 - [MESSAGE][PASSED] - Delayed 20 second(s)

2018-11-16 16:00:58 - [MESSAGE][PASSED] - Call Test Case 'Test Cases/Final Aug 2018 - PKS Automation/Registration Module/Workflow/Login and Search Case For Workflow' successfully

2018-11-16 16:00:58 - [TEST_STEP][PASSED] - delay: Delayed 2 second(s)

2018-11-16 16:01:00 - [MESSAGE][PASSED] - Delayed 2 second(s)

2018-11-16 16:01:00 - [TEST_STEP][PASSED] - click: Object: 'Object Repository/Final Object Repo/Page_Update Employee Information By Employer/Page_Update Employee Information by Employer (Approve)/Continue' is clicked on

2018-11-16 16:01:04 - [MESSAGE][PASSED] - Object: 'Object Repository/Final Object Repo/Page_Update Employee Information By Employer/Page_Update Employee Information by Employer (Approve)/Continue' is clicked on

2018-11-16 16:01:04 - [TEST_STEP][PASSED] - delay: Delayed 2 second(s)

2018-11-16 16:01:06 - [MESSAGE][PASSED] - Delayed 2 second(s)

2018-11-16 16:01:06 - [TEST_STEP][PASSED] - click: Object: 'Object Repository/Final Object Repo/Page_Update Employee Information By Employer/Page_Update Employee Information by Employer (Approve)/Save  Continue in Update Employee Information Page' is clicked on

2018-11-16 16:01:10 - [MESSAGE][PASSED] - Object: 'Object Repository/Final Object Repo/Page_Update Employee Information By Employer/Page_Update Employee Information by Employer (Approve)/Save  Continue in Update Employee Information Page' is clicked on

2018-11-16 16:01:10 - [TEST_STEP][PASSED] - delay: Delayed 4 second(s)

2018-11-16 16:01:14 - [MESSAGE][PASSED] - Delayed 4 second(s)

2018-11-16 16:01:14 - [TEST_STEP][PASSED] - click: Object: 'Object Repository/Final Object Repo/Page_Update Employee Information By Employer/Page_Update Employee Information by Employer (Approve)/Save  Continue in Upload Supporting Doucument Page' is clicked on

2018-11-16 16:01:18 - [MESSAGE][PASSED] - Object: 'Object Repository/Final Object Repo/Page_Update Employee Information By Employer/Page_Update Employee Information by Employer (Approve)/Save  Continue in Upload Supporting Doucument Page' is clicked on

2018-11-16 16:01:18 - [TEST_STEP][PASSED] - delay: Delayed 2 second(s)

2018-11-16 16:01:20 - [MESSAGE][PASSED] - Delayed 2 second(s)

2018-11-16 16:01:20 - [TEST_STEP][PASSED] - click: Object: 'Object Repository/Final Object Repo/Page_Update Employee Information By Employer/Page_Update Employee Information by Employer (Approve)/Approve' is clicked on

2018-11-16 16:01:20 - [MESSAGE][PASSED] - Object: 'Object Repository/Final Object Repo/Page_Update Employee Information By Employer/Page_Update Employee Information by Employer (Approve)/Approve' is clicked on

2018-11-16 16:01:20 - [TEST_STEP][PASSED] - delay: Delayed 2 second(s)

2018-11-16 16:01:22 - [MESSAGE][PASSED] - Delayed 2 second(s)

2018-11-16 16:01:22 - [TEST_STEP][PASSED] - click: Object: 'Object Repository/Final Object Repo/Page_Update Employee Information By Employer/Page_Update Employee Information by Employer (Approve)/Confirm' is clicked on

2018-11-16 16:01:28 - [MESSAGE][PASSED] - Object: 'Object Repository/Final Object Repo/Page_Update Employee Information By Employer/Page_Update Employee Information by Employer (Approve)/Confirm' is clicked on

2018-11-16 16:01:28 - [TEST_STEP][PASSED] - delay: Delayed 2 second(s)

2018-11-16 16:01:30 - [MESSAGE][PASSED] - Delayed 2 second(s)

2018-11-16 16:01:30 - [TEST_STEP][PASSED] - verifyElementVisible: Object 'Object Repository/Final Object Repo/Page_Update Employee Information By Employer/Page_Update Employee Information by Employer (Approve)/Successfull Message Submitted Successfully' is visible

2018-11-16 16:01:30 - [MESSAGE][PASSED] - Object 'Object Repository/Final Object Repo/Page_Update Employee Information By Employer/Page_Update Employee Information by Employer (Approve)/Successfull Message Submitted Successfully' is visible

2018-11-16 16:01:30 - [TEST_STEP][PASSED] - delay: Delayed 2 second(s)

2018-11-16 16:01:32 - [MESSAGE][PASSED] - Delayed 2 second(s)

2018-11-16 16:01:32 - [TEST_STEP][PASSED] - verifyElementVisible: Object 'Object Repository/Final Object Repo/Page_Update Employee Information By Employer/Page_Update Employee Information by Employer (Approve)/Letter of Successful update' is visible

2018-11-16 16:01:32 - [MESSAGE][PASSED] - Object 'Object Repository/Final Object Repo/Page_Update Employee Information By Employer/Page_Update Employee Information by Employer (Approve)/Letter of Successful update' is visible

2018-11-16 16:01:32 - [MESSAGE][PASSED] - Call Test Case 'Test Cases/Final Aug 2018 - PKS Automation/Registration Module/Workflow/Update Employee Information (Employer)/Template/Update Employee Information - Special Case - UO (Approve)' successfully]]></system-out>
         <system-err><![CDATA[]]></system-err>
      </testcase>
      <testcase name="Test Cases/Final Aug 2018 - PKS Automation/Registration Module/Workflow/Update Employee Information (Employer)/PAU to UO (Query)" classname="Test Cases/Final Aug 2018 - PKS Automation/Registration Module/Workflow/Update Employee Information (Employer)/PAU to UO (Query)" status="PASSED">
         <system-out><![CDATA[2018-11-16 16:01:32 - [TEST_CASE][PASSED] - Test Cases/Final Aug 2018 - PKS Automation/Registration Module/Workflow/Update Employee Information (Employer)/PAU to UO (Query): Test Cases/Final Aug 2018 - PKS Automation/Registration Module/Workflow/Update Employee Information (Employer)/PAU to UO (Query)

2018-11-16 16:01:32 - [TEST_STEP][PASSED] - callTestCase: Call Test Case 'Test Cases/Final Aug 2018 - PKS Automation/Registration Module/Workflow/Update Employee Information (Employer)/Template/Update Employer Information - Special Case (PAU)' successfully

2018-11-16 16:01:32 - [TEST_CASE][PASSED] - Test Cases/Final Aug 2018 - PKS Automation/Registration Module/Workflow/Update Employee Information (Employer)/Template/Update Employer Information - Special Case (PAU): Test Cases/Final Aug 2018 - PKS Automation/Registration Module/Workflow/Update Employee Information (Employer)/Template/Update Employer Information - Special Case (PAU)

2018-11-16 16:01:32 - [TEST_STEP][PASSED] - openBrowser: Browser is opened with url: ''

2018-11-16 16:01:32 - [MESSAGE][WARNING] - A browser is already opened. Closing browser and opening a new one

2018-11-16 16:01:37 - [MESSAGE][PASSED] - Browser is opened with url: ''

2018-11-16 16:01:37 - [TEST_STEP][PASSED] - navigateToUrl: Navigate to 'https://assist2-uat.perkeso.gov.my/login' successfully

2018-11-16 16:01:39 - [MESSAGE][PASSED] - Navigate to 'https://assist2-uat.perkeso.gov.my/login' successfully

2018-11-16 16:01:39 - [TEST_STEP][PASSED] - setText: Text 'johorpau1@gmail.com' is set on object 'Object Repository/Final Object Repo/Login Page/Internal User/Email Address'

2018-11-16 16:01:39 - [MESSAGE][PASSED] - Text 'johorpau1@gmail.com' is set on object 'Object Repository/Final Object Repo/Login Page/Internal User/Email Address'

2018-11-16 16:01:39 - [TEST_STEP][PASSED] - click: Object: 'Object Repository/Final Object Repo/Login Page/Internal User/Next Button' is clicked on

2018-11-16 16:01:39 - [MESSAGE][PASSED] - Object: 'Object Repository/Final Object Repo/Login Page/Internal User/Next Button' is clicked on

2018-11-16 16:01:39 - [TEST_STEP][PASSED] - delay: Delayed 1 second(s)

2018-11-16 16:01:40 - [MESSAGE][PASSED] - Delayed 1 second(s)

2018-11-16 16:01:40 - [TEST_STEP][PASSED] - setEncryptedText: Text ****** has been set on object 'Object Repository/Final Object Repo/Login Page/Internal User/Password'

2018-11-16 16:01:41 - [MESSAGE][PASSED] - Text ****** has been set on object 'Object Repository/Final Object Repo/Login Page/Internal User/Password'

2018-11-16 16:01:41 - [TEST_STEP][PASSED] - click: Object: 'Object Repository/Final Object Repo/Login Page/Internal User/Login Button' is clicked on

2018-11-16 16:01:43 - [MESSAGE][PASSED] - Object: 'Object Repository/Final Object Repo/Login Page/Internal User/Login Button' is clicked on

2018-11-16 16:01:43 - [TEST_STEP][PASSED] - Statement - Try: Delayed 2 second(s)

2018-11-16 16:01:43 - [TEST_STEP][PASSED] - Statement - Checker = false: null

2018-11-16 16:01:43 - [TEST_STEP][PASSED] - Statement - Checker = com.kms.katalon.core.webui.keyword.WebUiBuiltInKeywords.verifyElementHasAttribute(com.kms.katalon.core.testobject.ObjectRepository.findTestObject(Final Object Repo/Landing Page/BM Detecting), "href", 20, OPTIONAL): Object 'Object Repository/Final Object Repo/Landing Page/BM Detecting' has attribute 'href'

2018-11-16 16:01:44 - [MESSAGE][PASSED] - Object 'Object Repository/Final Object Repo/Landing Page/BM Detecting' has attribute 'href'

2018-11-16 16:01:44 - [TEST_STEP][PASSED] - Statement - out.println(Checker): null

2018-11-16 16:01:44 - [TEST_STEP][PASSED] - Statement - If (Checker == false): null

2018-11-16 16:01:44 - [TEST_STEP][PASSED] - Statement - Else: null

2018-11-16 16:01:44 - [TEST_STEP][PASSED] - delay: Delayed 2 second(s)

2018-11-16 16:01:46 - [MESSAGE][PASSED] - Delayed 2 second(s)

2018-11-16 16:01:46 - [TEST_STEP][PASSED] - delay: Delayed 1 second(s)

2018-11-16 16:01:47 - [MESSAGE][PASSED] - Delayed 1 second(s)

2018-11-16 16:01:47 - [TEST_STEP][PASSED] - navigateToUrl: Navigate to 'https://assist2-uat.perkeso.gov.my/web/registration/update/update-employee-information-employer-' successfully

2018-11-16 16:01:48 - [MESSAGE][PASSED] - Navigate to 'https://assist2-uat.perkeso.gov.my/web/registration/update/update-employee-information-employer-' successfully

2018-11-16 16:01:48 - [TEST_STEP][PASSED] - setText: Text 'E1102001065V' is set on object 'Object Repository/Final Object Repo/Page_Update Employee Information By Employer/Employer Code'

2018-11-16 16:01:48 - [MESSAGE][PASSED] - Text 'E1102001065V' is set on object 'Object Repository/Final Object Repo/Page_Update Employee Information By Employer/Employer Code'

2018-11-16 16:01:48 - [TEST_STEP][PASSED] - click: Object: 'Object Repository/Final Object Repo/Page_Update Employee Information By Employer/Search Employer Code' is clicked on

2018-11-16 16:01:50 - [MESSAGE][PASSED] - Object: 'Object Repository/Final Object Repo/Page_Update Employee Information By Employer/Search Employer Code' is clicked on

2018-11-16 16:01:50 - [TEST_STEP][PASSED] - click: Object: 'Object Repository/Final Object Repo/Page_Update Employee Information By Employer/Edit Button' is clicked on

2018-11-16 16:01:53 - [MESSAGE][PASSED] - Object: 'Object Repository/Final Object Repo/Page_Update Employee Information By Employer/Edit Button' is clicked on

2018-11-16 16:01:53 - [TEST_STEP][PASSED] - click: Object: 'Object Repository/Final Object Repo/Page_Update Employee Information By Employer/Employee Name or New Identification' is clicked on

2018-11-16 16:01:53 - [MESSAGE][PASSED] - Object: 'Object Repository/Final Object Repo/Page_Update Employee Information By Employer/Employee Name or New Identification' is clicked on

2018-11-16 16:01:53 - [TEST_STEP][PASSED] - delay: Delayed 1 second(s)

2018-11-16 16:01:54 - [MESSAGE][PASSED] - Delayed 1 second(s)

2018-11-16 16:01:54 - [TEST_STEP][PASSED] - click: Object: 'Object Repository/Final Object Repo/Page_Update Employee Information By Employer/Selection - Employee Name' is clicked on

2018-11-16 16:01:55 - [MESSAGE][PASSED] - Object: 'Object Repository/Final Object Repo/Page_Update Employee Information By Employer/Selection - Employee Name' is clicked on

2018-11-16 16:01:55 - [TEST_STEP][PASSED] - delay: Delayed 1 second(s)

2018-11-16 16:01:56 - [MESSAGE][PASSED] - Delayed 1 second(s)

2018-11-16 16:01:56 - [TEST_STEP][PASSED] - setText: Text 'PERKESO' is set on object 'Object Repository/Final Object Repo/Page_Update Employee Information By Employer/Employee Name'

2018-11-16 16:01:56 - [MESSAGE][PASSED] - Text 'PERKESO' is set on object 'Object Repository/Final Object Repo/Page_Update Employee Information By Employer/Employee Name'

2018-11-16 16:01:56 - [TEST_STEP][PASSED] - delay: Delayed 2 second(s)

2018-11-16 16:01:58 - [MESSAGE][PASSED] - Delayed 2 second(s)

2018-11-16 16:01:58 - [TEST_STEP][PASSED] - click: Object: 'Object Repository/Final Object Repo/Page_Update Employee Information By Employer/Search Employee' is clicked on

2018-11-16 16:01:58 - [MESSAGE][PASSED] - Object: 'Object Repository/Final Object Repo/Page_Update Employee Information By Employer/Search Employee' is clicked on

2018-11-16 16:01:58 - [TEST_STEP][PASSED] - delay: Delayed 3 second(s)

2018-11-16 16:02:01 - [MESSAGE][PASSED] - Delayed 3 second(s)

2018-11-16 16:02:01 - [TEST_STEP][PASSED] - click: Object: 'Object Repository/Final Object Repo/Page_Update Employee Information By Employer/Employee Edit Button' is clicked on

2018-11-16 16:02:02 - [MESSAGE][PASSED] - Object: 'Object Repository/Final Object Repo/Page_Update Employee Information By Employer/Employee Edit Button' is clicked on

2018-11-16 16:02:02 - [TEST_STEP][PASSED] - delay: Delayed 3 second(s)

2018-11-16 16:02:05 - [MESSAGE][PASSED] - Delayed 3 second(s)

2018-11-16 16:02:05 - [TEST_STEP][PASSED] - setText: Text '' is set on object 'Object Repository/Final Object Repo/Page_Update Employee Information By Employer/Identification Number'

2018-11-16 16:02:05 - [MESSAGE][PASSED] - Text '' is set on object 'Object Repository/Final Object Repo/Page_Update Employee Information By Employer/Identification Number'

2018-11-16 16:02:05 - [TEST_STEP][PASSED] - Statement - rnd = new java.util.Random(): null

2018-11-16 16:02:05 - [TEST_STEP][PASSED] - Statement - snum = rnd.nextInt(899999 + 1) + 100000: null

2018-11-16 16:02:05 - [TEST_STEP][PASSED] - Statement - tnum = rnd.nextInt(899999 + 1) + 100000: null

2018-11-16 16:02:05 - [TEST_STEP][PASSED] - Statement - IC = java.lang.Integer.toString(snum) + java.lang.Integer.toString(tnum): null

2018-11-16 16:02:05 - [TEST_STEP][PASSED] - Statement - out.println(IC): null

2018-11-16 16:02:05 - [TEST_STEP][PASSED] - setText: Text '479931965131' is set on object 'Object Repository/Final Object Repo/Page_Update Employee Information By Employer/Identification Number'

2018-11-16 16:02:05 - [MESSAGE][PASSED] - Text '479931965131' is set on object 'Object Repository/Final Object Repo/Page_Update Employee Information By Employer/Identification Number'

2018-11-16 16:02:05 - [TEST_STEP][PASSED] - click: Object: 'Object Repository/Final Object Repo/Page_Update Employee Information By Employer/Save' is clicked on

2018-11-16 16:02:09 - [MESSAGE][PASSED] - Object: 'Object Repository/Final Object Repo/Page_Update Employee Information By Employer/Save' is clicked on

2018-11-16 16:02:09 - [TEST_STEP][PASSED] - delay: Delayed 5 second(s)

2018-11-16 16:02:14 - [MESSAGE][PASSED] - Delayed 5 second(s)

2018-11-16 16:02:14 - [TEST_STEP][PASSED] - Statement - CaseReferenceNo = com.kms.katalon.core.webui.keyword.WebUiBuiltInKeywords.getText(com.kms.katalon.core.testobject.ObjectRepository.findTestObject(Final Object Repo/Reference Number/Reference Number in Update Employee Information Page)): Text of object 'Object Repository/Final Object Repo/Reference Number/Reference Number in Update Employee Information Page' is: 'CUN112018C100005516'

2018-11-16 16:02:14 - [MESSAGE][PASSED] - Text of object 'Object Repository/Final Object Repo/Reference Number/Reference Number in Update Employee Information Page' is: 'CUN112018C100005516'

2018-11-16 16:02:14 - [TEST_STEP][PASSED] - callTestCase: Call Test Case 'Test Cases/Final Aug 2018 - PKS Automation/Common/Reference Number Setter' successfully

2018-11-16 16:02:14 - [TEST_CASE][PASSED] - Test Cases/Final Aug 2018 - PKS Automation/Common/Reference Number Setter: Test Cases/Final Aug 2018 - PKS Automation/Common/Reference Number Setter

2018-11-16 16:02:14 - [TEST_STEP][PASSED] - Statement - RefNoOldFile = new java.io.File(C://KatalonReference.txt): null

2018-11-16 16:02:14 - [TEST_STEP][PASSED] - Statement - RefNoOldFile.delete(): null

2018-11-16 16:02:14 - [TEST_STEP][PASSED] - delay: Delayed 5 second(s)

2018-11-16 16:02:19 - [MESSAGE][PASSED] - Delayed 5 second(s)

2018-11-16 16:02:19 - [TEST_STEP][PASSED] - Statement - RefNo = new java.io.File(C://KatalonReference.txt): null

2018-11-16 16:02:19 - [TEST_STEP][PASSED] - Statement - f2 = new java.io.FileWriter(RefNo, false): null

2018-11-16 16:02:19 - [TEST_STEP][PASSED] - Statement - f2.write(CaseReferenceNo): null

2018-11-16 16:02:19 - [TEST_STEP][PASSED] - Statement - f2.close(): null

2018-11-16 16:02:19 - [TEST_STEP][PASSED] - Statement - out.println("


" + CaseReferenceNo + "


"): null

2018-11-16 16:02:19 - [MESSAGE][PASSED] - Call Test Case 'Test Cases/Final Aug 2018 - PKS Automation/Common/Reference Number Setter' successfully

2018-11-16 16:02:19 - [TEST_STEP][PASSED] - delay: Delayed 5 second(s)

2018-11-16 16:02:24 - [MESSAGE][PASSED] - Delayed 5 second(s)

2018-11-16 16:02:24 - [TEST_STEP][PASSED] - click: Object: 'Object Repository/Final Object Repo/Page_Update Employee Information By Employer/Save  Continue in  Employee Information Page' is clicked on

2018-11-16 16:02:25 - [MESSAGE][PASSED] - Object: 'Object Repository/Final Object Repo/Page_Update Employee Information By Employer/Save  Continue in  Employee Information Page' is clicked on

2018-11-16 16:02:25 - [TEST_STEP][PASSED] - delay: Delayed 5 second(s)

2018-11-16 16:02:30 - [MESSAGE][PASSED] - Delayed 5 second(s)

2018-11-16 16:02:30 - [TEST_STEP][PASSED] - click: Object: 'Object Repository/Final Object Repo/Page_Update Employee Information By Employer/Save  Continue in Uploading Page 1' is clicked on

2018-11-16 16:02:34 - [MESSAGE][PASSED] - Object: 'Object Repository/Final Object Repo/Page_Update Employee Information By Employer/Save  Continue in Uploading Page 1' is clicked on

2018-11-16 16:02:34 - [TEST_STEP][PASSED] - delay: Delayed 5 second(s)

2018-11-16 16:02:39 - [MESSAGE][PASSED] - Delayed 5 second(s)

2018-11-16 16:02:39 - [TEST_STEP][PASSED] - click: Object: 'Object Repository/Final Object Repo/Page_Update Employee Information By Employer/Submit' is clicked on

2018-11-16 16:02:40 - [MESSAGE][PASSED] - Object: 'Object Repository/Final Object Repo/Page_Update Employee Information By Employer/Submit' is clicked on

2018-11-16 16:02:40 - [TEST_STEP][PASSED] - delay: Delayed 5 second(s)

2018-11-16 16:02:45 - [MESSAGE][PASSED] - Delayed 5 second(s)

2018-11-16 16:02:45 - [TEST_STEP][PASSED] - click: Object: 'Object Repository/Final Object Repo/Page_Update Employee Information By Employer/Confirm' is clicked on

2018-11-16 16:02:48 - [MESSAGE][PASSED] - Object: 'Object Repository/Final Object Repo/Page_Update Employee Information By Employer/Confirm' is clicked on

2018-11-16 16:02:48 - [TEST_STEP][PASSED] - delay: Delayed 5 second(s)

2018-11-16 16:02:53 - [MESSAGE][PASSED] - Delayed 5 second(s)

2018-11-16 16:02:53 - [TEST_STEP][PASSED] - verifyElementVisible: Object 'Object Repository/Final Object Repo/Page_Update Employee Information By Employer/Successfull Message Routed to UO' is visible

2018-11-16 16:02:54 - [MESSAGE][PASSED] - Object 'Object Repository/Final Object Repo/Page_Update Employee Information By Employer/Successfull Message Routed to UO' is visible

2018-11-16 16:02:54 - [MESSAGE][PASSED] - Call Test Case 'Test Cases/Final Aug 2018 - PKS Automation/Registration Module/Workflow/Update Employee Information (Employer)/Template/Update Employer Information - Special Case (PAU)' successfully

2018-11-16 16:02:54 - [TEST_STEP][PASSED] - callTestCase: Call Test Case 'Test Cases/Final Aug 2018 - PKS Automation/Registration Module/Workflow/Update Employee Information (Employer)/Template/Update Employee Information - Special Case - UO(Query)' successfully

2018-11-16 16:02:54 - [TEST_CASE][PASSED] - Test Cases/Final Aug 2018 - PKS Automation/Registration Module/Workflow/Update Employee Information (Employer)/Template/Update Employee Information - Special Case - UO(Query): Test Cases/Final Aug 2018 - PKS Automation/Registration Module/Workflow/Update Employee Information (Employer)/Template/Update Employee Information - Special Case - UO(Query)

2018-11-16 16:02:54 - [TEST_STEP][NOT_RUN] - callTestCase: NOT_RUN: callTestCase

2018-11-16 16:02:54 - [MESSAGE][NOT_RUN] - NOT_RUN: callTestCase

2018-11-16 16:02:54 - [TEST_STEP][PASSED] - delay: Delayed 2 second(s)

2018-11-16 16:02:56 - [MESSAGE][PASSED] - Delayed 2 second(s)

2018-11-16 16:02:56 - [TEST_STEP][PASSED] - navigateToUrl: Navigate to 'https://assist2-uat.perkeso.gov.my/c/portal/logout' successfully

2018-11-16 16:02:57 - [MESSAGE][PASSED] - Navigate to 'https://assist2-uat.perkeso.gov.my/c/portal/logout' successfully

2018-11-16 16:02:57 - [TEST_STEP][PASSED] - delay: Delayed 2 second(s)

2018-11-16 16:02:59 - [MESSAGE][PASSED] - Delayed 2 second(s)

2018-11-16 16:02:59 - [TEST_STEP][PASSED] - callTestCase: Call Test Case 'Test Cases/Final Aug 2018 - PKS Automation/Common/Reference Number Getter' successfully

2018-11-16 16:02:59 - [TEST_CASE][PASSED] - Test Cases/Final Aug 2018 - PKS Automation/Common/Reference Number Getter: Test Cases/Final Aug 2018 - PKS Automation/Common/Reference Number Getter

2018-11-16 16:02:59 - [TEST_STEP][PASSED] - Statement - Try: null

2018-11-16 16:02:59 - [TEST_STEP][PASSED] - Statement - RefNo = new java.io.File(C://KatalonReference.txt): null

2018-11-16 16:02:59 - [TEST_STEP][PASSED] - Statement - bufferread = new java.io.BufferedReader(new java.io.FileReader(RefNo)): null

2018-11-16 16:02:59 - [TEST_STEP][PASSED] - Statement - readedVal = bufferread.readLine(): null

2018-11-16 16:02:59 - [TEST_STEP][PASSED] - Statement - out.println(CaseReferenceNo): null

2018-11-16 16:02:59 - [TEST_STEP][PASSED] - Statement - out.println(readedVal): null

2018-11-16 16:02:59 - [TEST_STEP][PASSED] - Statement - CaseReferenceNo = "": null

2018-11-16 16:02:59 - [TEST_STEP][PASSED] - Statement - CaseReferenceNo = readedVal: null

2018-11-16 16:02:59 - [MESSAGE][PASSED] - Call Test Case 'Test Cases/Final Aug 2018 - PKS Automation/Common/Reference Number Getter' successfully

2018-11-16 16:02:59 - [TEST_STEP][PASSED] - callTestCase: Call Test Case 'Test Cases/Final Aug 2018 - PKS Automation/Common/Workflow Owner Finder' successfully

2018-11-16 16:02:59 - [TEST_CASE][PASSED] - Test Cases/Final Aug 2018 - PKS Automation/Common/Workflow Owner Finder: Test Cases/Final Aug 2018 - PKS Automation/Common/Workflow Owner Finder

2018-11-16 16:02:59 - [TEST_STEP][PASSED] - openBrowser: Browser is opened with url: ''

2018-11-16 16:02:59 - [MESSAGE][WARNING] - A browser is already opened. Closing browser and opening a new one

2018-11-16 16:03:04 - [MESSAGE][PASSED] - Browser is opened with url: ''

2018-11-16 16:03:04 - [TEST_STEP][PASSED] - navigateToUrl: Navigate to 'https://assist2-uat.perkeso.gov.my/login' successfully

2018-11-16 16:03:06 - [MESSAGE][PASSED] - Navigate to 'https://assist2-uat.perkeso.gov.my/login' successfully

2018-11-16 16:03:06 - [TEST_STEP][PASSED] - delay: Delayed 5 second(s)

2018-11-16 16:03:11 - [MESSAGE][PASSED] - Delayed 5 second(s)

2018-11-16 16:03:11 - [TEST_STEP][PASSED] - setText: Text 'test@liferay.com' is set on object 'Object Repository/Final Object Repo/Login Page/Internal User/Email Address'

2018-11-16 16:03:11 - [MESSAGE][PASSED] - Text 'test@liferay.com' is set on object 'Object Repository/Final Object Repo/Login Page/Internal User/Email Address'

2018-11-16 16:03:11 - [TEST_STEP][PASSED] - click: Object: 'Object Repository/Final Object Repo/Login Page/Internal User/Next Button' is clicked on

2018-11-16 16:03:12 - [MESSAGE][PASSED] - Object: 'Object Repository/Final Object Repo/Login Page/Internal User/Next Button' is clicked on

2018-11-16 16:03:12 - [TEST_STEP][PASSED] - delay: Delayed 2 second(s)

2018-11-16 16:03:14 - [MESSAGE][PASSED] - Delayed 2 second(s)

2018-11-16 16:03:14 - [TEST_STEP][PASSED] - setText: Text 'test' is set on object 'Object Repository/Final Object Repo/Login Page/Internal User/Password'

2018-11-16 16:03:14 - [MESSAGE][PASSED] - Text 'test' is set on object 'Object Repository/Final Object Repo/Login Page/Internal User/Password'

2018-11-16 16:03:14 - [TEST_STEP][PASSED] - delay: Delayed 2 second(s)

2018-11-16 16:03:16 - [MESSAGE][PASSED] - Delayed 2 second(s)

2018-11-16 16:03:16 - [TEST_STEP][PASSED] - click: Object: 'Object Repository/Final Object Repo/Login Page/Internal User/Login Button' is clicked on

2018-11-16 16:03:19 - [MESSAGE][PASSED] - Object: 'Object Repository/Final Object Repo/Login Page/Internal User/Login Button' is clicked on

2018-11-16 16:03:19 - [TEST_STEP][PASSED] - Statement - Try: Delayed 2 second(s)

2018-11-16 16:03:19 - [TEST_STEP][PASSED] - Statement - Checker = false: null

2018-11-16 16:03:19 - [TEST_STEP][PASSED] - Statement - Checker = com.kms.katalon.core.webui.keyword.WebUiBuiltInKeywords.verifyElementHasAttribute(com.kms.katalon.core.testobject.ObjectRepository.findTestObject(Final Object Repo/Landing Page/BM Detecting), "href", 20, OPTIONAL): Object 'Object Repository/Final Object Repo/Landing Page/BM Detecting' has attribute 'href'

2018-11-16 16:03:19 - [MESSAGE][PASSED] - Object 'Object Repository/Final Object Repo/Landing Page/BM Detecting' has attribute 'href'

2018-11-16 16:03:19 - [TEST_STEP][PASSED] - Statement - out.println(Checker): null

2018-11-16 16:03:19 - [TEST_STEP][PASSED] - Statement - If (Checker == false): null

2018-11-16 16:03:19 - [TEST_STEP][PASSED] - Statement - Else: null

2018-11-16 16:03:19 - [TEST_STEP][PASSED] - delay: Delayed 2 second(s)

2018-11-16 16:03:21 - [MESSAGE][PASSED] - Delayed 2 second(s)

2018-11-16 16:03:21 - [TEST_STEP][PASSED] - delay: Delayed 3 second(s)

2018-11-16 16:03:24 - [MESSAGE][PASSED] - Delayed 3 second(s)

2018-11-16 16:03:24 - [TEST_STEP][PASSED] - mouseOver: Object: 'Object Repository/Final Object Repo/Landing Page/WorkFlow Menu' is hovered

2018-11-16 16:03:25 - [MESSAGE][PASSED] - Object: 'Object Repository/Final Object Repo/Landing Page/WorkFlow Menu' is hovered

2018-11-16 16:03:25 - [TEST_STEP][PASSED] - delay: Delayed 2 second(s)

2018-11-16 16:03:27 - [MESSAGE][PASSED] - Delayed 2 second(s)

2018-11-16 16:03:27 - [TEST_STEP][PASSED] - click: Object: 'Object Repository/Final Object Repo/Landing Page/Select to Workflow Listing' is clicked on

2018-11-16 16:03:28 - [MESSAGE][PASSED] - Object: 'Object Repository/Final Object Repo/Landing Page/Select to Workflow Listing' is clicked on

2018-11-16 16:03:28 - [TEST_STEP][PASSED] - delay: Delayed 2 second(s)

2018-11-16 16:03:30 - [MESSAGE][PASSED] - Delayed 2 second(s)

2018-11-16 16:03:30 - [TEST_STEP][PASSED] - click: Object: 'Object Repository/Final Object Repo/WorkFlow Listing Page/Search Information - To Put Ref No' is clicked on

2018-11-16 16:03:30 - [MESSAGE][PASSED] - Object: 'Object Repository/Final Object Repo/WorkFlow Listing Page/Search Information - To Put Ref No' is clicked on

2018-11-16 16:03:30 - [TEST_STEP][PASSED] - delay: Delayed 2 second(s)

2018-11-16 16:03:32 - [MESSAGE][PASSED] - Delayed 2 second(s)

2018-11-16 16:03:32 - [TEST_STEP][PASSED] - callTestCase: Call Test Case 'Test Cases/Final Aug 2018 - PKS Automation/Common/Reference Number Getter' successfully

2018-11-16 16:03:32 - [TEST_CASE][PASSED] - Test Cases/Final Aug 2018 - PKS Automation/Common/Reference Number Getter: Test Cases/Final Aug 2018 - PKS Automation/Common/Reference Number Getter

2018-11-16 16:03:32 - [TEST_STEP][PASSED] - Statement - Try: null

2018-11-16 16:03:32 - [TEST_STEP][PASSED] - Statement - RefNo = new java.io.File(C://KatalonReference.txt): null

2018-11-16 16:03:32 - [TEST_STEP][PASSED] - Statement - bufferread = new java.io.BufferedReader(new java.io.FileReader(RefNo)): null

2018-11-16 16:03:32 - [TEST_STEP][PASSED] - Statement - readedVal = bufferread.readLine(): null

2018-11-16 16:03:32 - [TEST_STEP][PASSED] - Statement - out.println(CaseReferenceNo): null

2018-11-16 16:03:32 - [TEST_STEP][PASSED] - Statement - out.println(readedVal): null

2018-11-16 16:03:32 - [TEST_STEP][PASSED] - Statement - CaseReferenceNo = "": null

2018-11-16 16:03:32 - [TEST_STEP][PASSED] - Statement - CaseReferenceNo = readedVal: null

2018-11-16 16:03:32 - [MESSAGE][PASSED] - Call Test Case 'Test Cases/Final Aug 2018 - PKS Automation/Common/Reference Number Getter' successfully

2018-11-16 16:03:32 - [TEST_STEP][PASSED] - setText: Text 'CUN112018C100005516' is set on object 'Object Repository/Final Object Repo/WorkFlow Listing Page/Ref No Set Text'

2018-11-16 16:03:32 - [MESSAGE][PASSED] - Text 'CUN112018C100005516' is set on object 'Object Repository/Final Object Repo/WorkFlow Listing Page/Ref No Set Text'

2018-11-16 16:03:32 - [TEST_STEP][PASSED] - delay: Delayed 2 second(s)

2018-11-16 16:03:34 - [MESSAGE][PASSED] - Delayed 2 second(s)

2018-11-16 16:03:34 - [TEST_STEP][PASSED] - click: Object: 'Object Repository/Final Object Repo/WorkFlow Listing Page/Search Ref No Search Button' is clicked on

2018-11-16 16:03:36 - [MESSAGE][PASSED] - Object: 'Object Repository/Final Object Repo/WorkFlow Listing Page/Search Ref No Search Button' is clicked on

2018-11-16 16:03:36 - [TEST_STEP][PASSED] - delay: Delayed 4 second(s)

2018-11-16 16:03:40 - [MESSAGE][PASSED] - Delayed 4 second(s)

2018-11-16 16:03:40 - [TEST_STEP][PASSED] - click: Object: 'Object Repository/Final Object Repo/WorkFlow Listing Page/Click Continue Tooltip' is clicked on

2018-11-16 16:03:42 - [MESSAGE][PASSED] - Object: 'Object Repository/Final Object Repo/WorkFlow Listing Page/Click Continue Tooltip' is clicked on

2018-11-16 16:03:42 - [TEST_STEP][PASSED] - delay: Delayed 5 second(s)

2018-11-16 16:03:47 - [MESSAGE][PASSED] - Delayed 5 second(s)

2018-11-16 16:03:47 - [TEST_STEP][PASSED] - doubleClick: Object: 'Object Repository/Final Object Repo/WorkFlow Listing Page/Workflow Found - Listing 1' is double clicked on

2018-11-16 16:03:47 - [MESSAGE][PASSED] - Object: 'Object Repository/Final Object Repo/WorkFlow Listing Page/Workflow Found - Listing 1' is double clicked on

2018-11-16 16:03:47 - [TEST_STEP][PASSED] - Statement - println(OwnerID): null

2018-11-16 16:03:47 - [TEST_STEP][PASSED] - Statement - OwnerID = com.kms.katalon.core.webui.keyword.WebUiBuiltInKeywords.getText(com.kms.katalon.core.testobject.ObjectRepository.findTestObject(Final Object Repo/WorkFlow Listing Page/Workflow Found - Listing 1), STOP_ON_FAILURE): Text of object 'Object Repository/Final Object Repo/WorkFlow Listing Page/Workflow Found - Listing 1' is: 'JOHORuo1'

2018-11-16 16:03:47 - [MESSAGE][PASSED] - Text of object 'Object Repository/Final Object Repo/WorkFlow Listing Page/Workflow Found - Listing 1' is: 'JOHORuo1'

2018-11-16 16:03:47 - [TEST_STEP][PASSED] - Statement - OwnerID = OwnerID.toLowerCase() + "@gmail.com": null

2018-11-16 16:03:47 - [TEST_STEP][PASSED] - Statement - println(OwnerID): null

2018-11-16 16:03:47 - [TEST_STEP][PASSED] - delay: Delayed 2 second(s)

2018-11-16 16:03:49 - [MESSAGE][PASSED] - Delayed 2 second(s)

2018-11-16 16:03:49 - [MESSAGE][PASSED] - Call Test Case 'Test Cases/Final Aug 2018 - PKS Automation/Common/Workflow Owner Finder' successfully

2018-11-16 16:03:49 - [TEST_STEP][PASSED] - delay: Delayed 2 second(s)

2018-11-16 16:03:51 - [MESSAGE][PASSED] - Delayed 2 second(s)

2018-11-16 16:03:51 - [TEST_STEP][PASSED] - navigateToUrl: Navigate to 'https://assist2-uat.perkeso.gov.my/c/portal/logout' successfully

2018-11-16 16:03:52 - [MESSAGE][PASSED] - Navigate to 'https://assist2-uat.perkeso.gov.my/c/portal/logout' successfully

2018-11-16 16:03:52 - [TEST_STEP][PASSED] - delay: Delayed 2 second(s)

2018-11-16 16:03:54 - [MESSAGE][PASSED] - Delayed 2 second(s)

2018-11-16 16:03:54 - [TEST_STEP][PASSED] - callTestCase: Call Test Case 'Test Cases/Final Aug 2018 - PKS Automation/Registration Module/Workflow/Login and Search Case For Workflow' successfully

2018-11-16 16:03:54 - [TEST_CASE][PASSED] - Test Cases/Final Aug 2018 - PKS Automation/Registration Module/Workflow/Login and Search Case For Workflow: Test Cases/Final Aug 2018 - PKS Automation/Registration Module/Workflow/Login and Search Case For Workflow

2018-11-16 16:03:54 - [TEST_STEP][PASSED] - navigateToUrl: Navigate to 'https://assist2-uat.perkeso.gov.my/login' successfully

2018-11-16 16:03:55 - [MESSAGE][PASSED] - Navigate to 'https://assist2-uat.perkeso.gov.my/login' successfully

2018-11-16 16:03:55 - [TEST_STEP][PASSED] - setText: Text 'johoruo1@gmail.com' is set on object 'Object Repository/Final Object Repo/Login Page/Internal User/Email Address'

2018-11-16 16:03:55 - [MESSAGE][PASSED] - Text 'johoruo1@gmail.com' is set on object 'Object Repository/Final Object Repo/Login Page/Internal User/Email Address'

2018-11-16 16:03:55 - [TEST_STEP][PASSED] - click: Object: 'Object Repository/Final Object Repo/Login Page/Internal User/Next Button' is clicked on

2018-11-16 16:03:56 - [MESSAGE][PASSED] - Object: 'Object Repository/Final Object Repo/Login Page/Internal User/Next Button' is clicked on

2018-11-16 16:03:56 - [TEST_STEP][PASSED] - delay: Delayed 1 second(s)

2018-11-16 16:03:57 - [MESSAGE][PASSED] - Delayed 1 second(s)

2018-11-16 16:03:57 - [TEST_STEP][PASSED] - setEncryptedText: Text ****** has been set on object 'Object Repository/Final Object Repo/Login Page/Internal User/Password'

2018-11-16 16:03:57 - [MESSAGE][PASSED] - Text ****** has been set on object 'Object Repository/Final Object Repo/Login Page/Internal User/Password'

2018-11-16 16:03:57 - [TEST_STEP][PASSED] - click: Object: 'Object Repository/Final Object Repo/Login Page/Internal User/Login Button' is clicked on

2018-11-16 16:03:59 - [MESSAGE][PASSED] - Object: 'Object Repository/Final Object Repo/Login Page/Internal User/Login Button' is clicked on

2018-11-16 16:03:59 - [TEST_STEP][PASSED] - delay: Delayed 2 second(s)

2018-11-16 16:04:01 - [MESSAGE][PASSED] - Delayed 2 second(s)

2018-11-16 16:04:01 - [TEST_STEP][PASSED] - Statement - Try: Delayed 2 second(s)

2018-11-16 16:04:01 - [TEST_STEP][PASSED] - Statement - Checker = false: null

2018-11-16 16:04:01 - [TEST_STEP][PASSED] - Statement - Checker = com.kms.katalon.core.webui.keyword.WebUiBuiltInKeywords.verifyElementHasAttribute(com.kms.katalon.core.testobject.ObjectRepository.findTestObject(Final Object Repo/Landing Page/BM Detecting), "href", 20, OPTIONAL): Object 'Object Repository/Final Object Repo/Landing Page/BM Detecting' has attribute 'href'

2018-11-16 16:04:01 - [MESSAGE][PASSED] - Object 'Object Repository/Final Object Repo/Landing Page/BM Detecting' has attribute 'href'

2018-11-16 16:04:01 - [TEST_STEP][PASSED] - Statement - out.println(Checker): null

2018-11-16 16:04:01 - [TEST_STEP][PASSED] - Statement - If (Checker == false): null

2018-11-16 16:04:01 - [TEST_STEP][PASSED] - Statement - Else: null

2018-11-16 16:04:01 - [TEST_STEP][PASSED] - delay: Delayed 2 second(s)

2018-11-16 16:04:03 - [MESSAGE][PASSED] - Delayed 2 second(s)

2018-11-16 16:04:03 - [TEST_STEP][PASSED] - click: Object: 'Object Repository/Final Object Repo/Page_MyASSIST - ASSIST - Search Pending Case For Add Supporting Document/Search Information' is clicked on

2018-11-16 16:04:03 - [MESSAGE][PASSED] - Object: 'Object Repository/Final Object Repo/Page_MyASSIST - ASSIST - Search Pending Case For Add Supporting Document/Search Information' is clicked on

2018-11-16 16:04:03 - [TEST_STEP][PASSED] - delay: Delayed 3 second(s)

2018-11-16 16:04:06 - [MESSAGE][PASSED] - Delayed 3 second(s)

2018-11-16 16:04:06 - [TEST_STEP][PASSED] - sendKeys: Keys 'CUN112018C100005516' sent to object: 'Object Repository/Final Object Repo/Page_MyASSIST - ASSIST - Search Pending Case For Add Supporting Document/Reference No'

2018-11-16 16:04:06 - [MESSAGE][PASSED] - Keys 'CUN112018C100005516' sent to object: 'Object Repository/Final Object Repo/Page_MyASSIST - ASSIST - Search Pending Case For Add Supporting Document/Reference No'

2018-11-16 16:04:06 - [TEST_STEP][PASSED] - click: Object: 'Object Repository/Final Object Repo/Page_MyASSIST - ASSIST - Search Pending Case For Add Supporting Document/Search Reference No' is clicked on

2018-11-16 16:04:08 - [MESSAGE][PASSED] - Object: 'Object Repository/Final Object Repo/Page_MyASSIST - ASSIST - Search Pending Case For Add Supporting Document/Search Reference No' is clicked on

2018-11-16 16:04:08 - [TEST_STEP][PASSED] - delay: Delayed 2 second(s)

2018-11-16 16:04:10 - [MESSAGE][PASSED] - Delayed 2 second(s)

2018-11-16 16:04:10 - [TEST_STEP][PASSED] - click: Object: 'Object Repository/Final Object Repo/Page_MyASSIST - ASSIST - Search Pending Case For Add Supporting Document/Continue' is clicked on

2018-11-16 16:04:15 - [MESSAGE][PASSED] - Object: 'Object Repository/Final Object Repo/Page_MyASSIST - ASSIST - Search Pending Case For Add Supporting Document/Continue' is clicked on

2018-11-16 16:04:15 - [TEST_STEP][PASSED] - delay: Delayed 20 second(s)

2018-11-16 16:04:35 - [MESSAGE][PASSED] - Delayed 20 second(s)

2018-11-16 16:04:35 - [MESSAGE][PASSED] - Call Test Case 'Test Cases/Final Aug 2018 - PKS Automation/Registration Module/Workflow/Login and Search Case For Workflow' successfully

2018-11-16 16:04:35 - [TEST_STEP][PASSED] - delay: Delayed 2 second(s)

2018-11-16 16:04:37 - [MESSAGE][PASSED] - Delayed 2 second(s)

2018-11-16 16:04:37 - [TEST_STEP][PASSED] - click: Object: 'Object Repository/Final Object Repo/Page_Update Employee Information By Employer/Page_Update Employee Information by Employer (Approve)/Continue' is clicked on

2018-11-16 16:04:41 - [MESSAGE][PASSED] - Object: 'Object Repository/Final Object Repo/Page_Update Employee Information By Employer/Page_Update Employee Information by Employer (Approve)/Continue' is clicked on

2018-11-16 16:04:41 - [TEST_STEP][PASSED] - delay: Delayed 2 second(s)

2018-11-16 16:04:43 - [MESSAGE][PASSED] - Delayed 2 second(s)

2018-11-16 16:04:43 - [TEST_STEP][PASSED] - click: Object: 'Object Repository/Final Object Repo/Page_Update Employee Information By Employer/Page_Update Employee Information by Employer (Approve)/Save  Continue in Update Employee Information Page' is clicked on

2018-11-16 16:04:46 - [MESSAGE][PASSED] - Object: 'Object Repository/Final Object Repo/Page_Update Employee Information By Employer/Page_Update Employee Information by Employer (Approve)/Save  Continue in Update Employee Information Page' is clicked on

2018-11-16 16:04:46 - [TEST_STEP][PASSED] - delay: Delayed 4 second(s)

2018-11-16 16:04:50 - [MESSAGE][PASSED] - Delayed 4 second(s)

2018-11-16 16:04:50 - [TEST_STEP][PASSED] - setText: Text 'Query' is set on object 'Object Repository/Final Object Repo/Page_Update Employee Information By Employer/Page_Update Employee Information by Employer (Query)/Remark'

2018-11-16 16:04:51 - [MESSAGE][PASSED] - Text 'Query' is set on object 'Object Repository/Final Object Repo/Page_Update Employee Information By Employer/Page_Update Employee Information by Employer (Query)/Remark'

2018-11-16 16:04:51 - [TEST_STEP][PASSED] - delay: Delayed 2 second(s)

2018-11-16 16:04:53 - [MESSAGE][PASSED] - Delayed 2 second(s)

2018-11-16 16:04:53 - [TEST_STEP][PASSED] - click: Object: 'Object Repository/Final Object Repo/Page_Update Employee Information By Employer/Page_Update Employee Information by Employer (Approve)/Save  Continue in Upload Supporting Doucument Page' is clicked on

2018-11-16 16:04:57 - [MESSAGE][PASSED] - Object: 'Object Repository/Final Object Repo/Page_Update Employee Information By Employer/Page_Update Employee Information by Employer (Approve)/Save  Continue in Upload Supporting Doucument Page' is clicked on

2018-11-16 16:04:57 - [TEST_STEP][PASSED] - delay: Delayed 2 second(s)

2018-11-16 16:04:59 - [MESSAGE][PASSED] - Delayed 2 second(s)

2018-11-16 16:04:59 - [TEST_STEP][PASSED] - click: Object: 'Object Repository/Final Object Repo/Page_Update Employee Information By Employer/Page_Update Employee Information by Employer (Query)/Query' is clicked on

2018-11-16 16:04:59 - [MESSAGE][PASSED] - Object: 'Object Repository/Final Object Repo/Page_Update Employee Information By Employer/Page_Update Employee Information by Employer (Query)/Query' is clicked on

2018-11-16 16:04:59 - [TEST_STEP][PASSED] - delay: Delayed 2 second(s)

2018-11-16 16:05:01 - [MESSAGE][PASSED] - Delayed 2 second(s)

2018-11-16 16:05:01 - [TEST_STEP][PASSED] - click: Object: 'Object Repository/Final Object Repo/Page_Update Employee Information By Employer/Page_Update Employee Information by Employer (Approve)/Confirm' is clicked on

2018-11-16 16:05:07 - [MESSAGE][PASSED] - Object: 'Object Repository/Final Object Repo/Page_Update Employee Information By Employer/Page_Update Employee Information by Employer (Approve)/Confirm' is clicked on

2018-11-16 16:05:07 - [TEST_STEP][PASSED] - delay: Delayed 2 second(s)

2018-11-16 16:05:09 - [MESSAGE][PASSED] - Delayed 2 second(s)

2018-11-16 16:05:09 - [TEST_STEP][PASSED] - click: Object: 'Object Repository/Final Object Repo/Page_Update Employee Information By Employer/Page_Update Employee Information by Employer (Query)/Query Message The case is Under Query' is clicked on

2018-11-16 16:05:09 - [MESSAGE][PASSED] - Object: 'Object Repository/Final Object Repo/Page_Update Employee Information By Employer/Page_Update Employee Information by Employer (Query)/Query Message The case is Under Query' is clicked on

2018-11-16 16:05:09 - [TEST_STEP][PASSED] - delay: Delayed 2 second(s)

2018-11-16 16:05:11 - [MESSAGE][PASSED] - Delayed 2 second(s)

2018-11-16 16:05:11 - [TEST_STEP][PASSED] - click: Object: 'Object Repository/Final Object Repo/Page_Update Employee Information By Employer/Page_Update Employee Information by Employer (Query)/Letter of inquiry' is clicked on

2018-11-16 16:05:16 - [MESSAGE][PASSED] - Object: 'Object Repository/Final Object Repo/Page_Update Employee Information By Employer/Page_Update Employee Information by Employer (Query)/Letter of inquiry' is clicked on

2018-11-16 16:05:16 - [TEST_STEP][PASSED] - delay: Delayed 1 second(s)

2018-11-16 16:05:17 - [MESSAGE][PASSED] - Delayed 1 second(s)

2018-11-16 16:05:17 - [TEST_STEP][PASSED] - navigateToUrl: Navigate to 'https://assist2-uat.perkeso.gov.my/c/portal/logout' successfully

2018-11-16 16:05:18 - [MESSAGE][PASSED] - Navigate to 'https://assist2-uat.perkeso.gov.my/c/portal/logout' successfully

2018-11-16 16:05:18 - [TEST_STEP][PASSED] - delay: Delayed 1 second(s)

2018-11-16 16:05:19 - [MESSAGE][PASSED] - Delayed 1 second(s)

2018-11-16 16:05:19 - [TEST_STEP][PASSED] - callTestCase: Call Test Case 'Test Cases/Final Aug 2018 - PKS Automation/Registration Module/Workflow/Search Pending Case For Add Supporting Document (OTC)' successfully

2018-11-16 16:05:19 - [TEST_CASE][PASSED] - Test Cases/Final Aug 2018 - PKS Automation/Registration Module/Workflow/Search Pending Case For Add Supporting Document (OTC): Test Cases/Final Aug 2018 - PKS Automation/Registration Module/Workflow/Search Pending Case For Add Supporting Document (OTC)

2018-11-16 16:05:19 - [TEST_STEP][PASSED] - openBrowser: Browser is opened with url: ''

2018-11-16 16:05:19 - [MESSAGE][WARNING] - A browser is already opened. Closing browser and opening a new one

2018-11-16 16:05:29 - [MESSAGE][PASSED] - Browser is opened with url: ''

2018-11-16 16:05:29 - [TEST_STEP][PASSED] - navigateToUrl: Navigate to 'https://assist2-uat.perkeso.gov.my/login' successfully

2018-11-16 16:05:31 - [MESSAGE][PASSED] - Navigate to 'https://assist2-uat.perkeso.gov.my/login' successfully

2018-11-16 16:05:31 - [TEST_STEP][PASSED] - setText: Text 'johorotc1@gmail.com' is set on object 'Object Repository/Final Object Repo/Login Page/Internal User/Email Address'

2018-11-16 16:05:32 - [MESSAGE][PASSED] - Text 'johorotc1@gmail.com' is set on object 'Object Repository/Final Object Repo/Login Page/Internal User/Email Address'

2018-11-16 16:05:32 - [TEST_STEP][PASSED] - click: Object: 'Object Repository/Final Object Repo/Login Page/Internal User/Next Button' is clicked on

2018-11-16 16:05:32 - [MESSAGE][PASSED] - Object: 'Object Repository/Final Object Repo/Login Page/Internal User/Next Button' is clicked on

2018-11-16 16:05:32 - [TEST_STEP][PASSED] - delay: Delayed 1 second(s)

2018-11-16 16:05:33 - [MESSAGE][PASSED] - Delayed 1 second(s)

2018-11-16 16:05:33 - [TEST_STEP][PASSED] - setEncryptedText: Text ****** has been set on object 'Object Repository/Final Object Repo/Login Page/Internal User/Password'

2018-11-16 16:05:33 - [MESSAGE][PASSED] - Text ****** has been set on object 'Object Repository/Final Object Repo/Login Page/Internal User/Password'

2018-11-16 16:05:33 - [TEST_STEP][PASSED] - click: Object: 'Object Repository/Final Object Repo/Login Page/Internal User/Login Button' is clicked on

2018-11-16 16:05:36 - [MESSAGE][PASSED] - Object: 'Object Repository/Final Object Repo/Login Page/Internal User/Login Button' is clicked on

2018-11-16 16:05:36 - [TEST_STEP][PASSED] - delay: Delayed 1 second(s)

2018-11-16 16:05:37 - [MESSAGE][PASSED] - Delayed 1 second(s)

2018-11-16 16:05:37 - [TEST_STEP][PASSED] - Statement - Try: Delayed 2 second(s)

2018-11-16 16:05:37 - [TEST_STEP][PASSED] - Statement - Checker = false: null

2018-11-16 16:05:37 - [TEST_STEP][PASSED] - Statement - Checker = com.kms.katalon.core.webui.keyword.WebUiBuiltInKeywords.verifyElementHasAttribute(com.kms.katalon.core.testobject.ObjectRepository.findTestObject(Final Object Repo/Landing Page/BM Detecting), "href", 20, OPTIONAL): Object 'Object Repository/Final Object Repo/Landing Page/BM Detecting' has attribute 'href'

2018-11-16 16:05:37 - [MESSAGE][PASSED] - Object 'Object Repository/Final Object Repo/Landing Page/BM Detecting' has attribute 'href'

2018-11-16 16:05:37 - [TEST_STEP][PASSED] - Statement - out.println(Checker): null

2018-11-16 16:05:37 - [TEST_STEP][PASSED] - Statement - If (Checker == false): null

2018-11-16 16:05:37 - [TEST_STEP][PASSED] - Statement - Else: null

2018-11-16 16:05:37 - [TEST_STEP][PASSED] - delay: Delayed 2 second(s)

2018-11-16 16:05:39 - [MESSAGE][PASSED] - Delayed 2 second(s)

2018-11-16 16:05:39 - [TEST_STEP][PASSED] - navigateToUrl: Navigate to 'https://assist2-uat.perkeso.gov.my/web/registration/search/search-pending-case-for-add-supporting-document' successfully

2018-11-16 16:05:40 - [MESSAGE][PASSED] - Navigate to 'https://assist2-uat.perkeso.gov.my/web/registration/search/search-pending-case-for-add-supporting-document' successfully

2018-11-16 16:05:40 - [TEST_STEP][PASSED] - click: Object: 'Object Repository/Final Object Repo/Page_Search Pending Case For Add Suporting Document/Search By' is clicked on

2018-11-16 16:05:40 - [MESSAGE][PASSED] - Object: 'Object Repository/Final Object Repo/Page_Search Pending Case For Add Suporting Document/Search By' is clicked on

2018-11-16 16:05:40 - [TEST_STEP][PASSED] - click: Object: 'Object Repository/Final Object Repo/Page_Search Pending Case For Add Suporting Document/Search By - Reference ID' is clicked on

2018-11-16 16:05:41 - [MESSAGE][PASSED] - Object: 'Object Repository/Final Object Repo/Page_Search Pending Case For Add Suporting Document/Search By - Reference ID' is clicked on

2018-11-16 16:05:41 - [TEST_STEP][PASSED] - delay: Delayed 2 second(s)

2018-11-16 16:05:43 - [MESSAGE][PASSED] - Delayed 2 second(s)

2018-11-16 16:05:43 - [TEST_STEP][PASSED] - setText: Text 'CUN112018C100005516' is set on object 'Object Repository/Final Object Repo/Page_Search Pending Case For Add Suporting Document/Reference ID'

2018-11-16 16:05:43 - [MESSAGE][PASSED] - Text 'CUN112018C100005516' is set on object 'Object Repository/Final Object Repo/Page_Search Pending Case For Add Suporting Document/Reference ID'

2018-11-16 16:05:43 - [TEST_STEP][PASSED] - click: Object: 'Object Repository/Final Object Repo/Page_Search Pending Case For Add Suporting Document/Search' is clicked on

2018-11-16 16:05:45 - [MESSAGE][PASSED] - Object: 'Object Repository/Final Object Repo/Page_Search Pending Case For Add Suporting Document/Search' is clicked on

2018-11-16 16:05:45 - [TEST_STEP][PASSED] - delay: Delayed 2 second(s)

2018-11-16 16:05:47 - [MESSAGE][PASSED] - Delayed 2 second(s)

2018-11-16 16:05:47 - [TEST_STEP][PASSED] - click: Object: 'Object Repository/Final Object Repo/Page_Search Pending Case For Add Suporting Document/Edit' is clicked on

2018-11-16 16:05:51 - [MESSAGE][PASSED] - Object: 'Object Repository/Final Object Repo/Page_Search Pending Case For Add Suporting Document/Edit' is clicked on

2018-11-16 16:05:51 - [MESSAGE][PASSED] - Call Test Case 'Test Cases/Final Aug 2018 - PKS Automation/Registration Module/Workflow/Search Pending Case For Add Supporting Document (OTC)' successfully

2018-11-16 16:05:51 - [TEST_STEP][PASSED] - click: Object: 'Object Repository/Final Object Repo/Page_Update Employee Information By Employer/Page_Update Employee Information by Employer (Query -OTC -UO)/Next' is clicked on

2018-11-16 16:05:55 - [MESSAGE][PASSED] - Object: 'Object Repository/Final Object Repo/Page_Update Employee Information By Employer/Page_Update Employee Information by Employer (Query -OTC -UO)/Next' is clicked on

2018-11-16 16:05:55 - [TEST_STEP][PASSED] - delay: Delayed 2 second(s)

2018-11-16 16:05:57 - [MESSAGE][PASSED] - Delayed 2 second(s)

2018-11-16 16:05:57 - [TEST_STEP][PASSED] - click: Object: 'Object Repository/Final Object Repo/Page_Update Employee Information By Employer/Page_Update Employee Information by Employer (Query -OTC -UO)/Add Document Button' is clicked on

2018-11-16 16:05:57 - [MESSAGE][PASSED] - Object: 'Object Repository/Final Object Repo/Page_Update Employee Information By Employer/Page_Update Employee Information by Employer (Query -OTC -UO)/Add Document Button' is clicked on

2018-11-16 16:05:57 - [TEST_STEP][PASSED] - delay: Delayed 5 second(s)

2018-11-16 16:06:02 - [MESSAGE][PASSED] - Delayed 5 second(s)

2018-11-16 16:06:02 - [TEST_STEP][PASSED] - click: Object: 'Object Repository/Final Object Repo/Page_Update Employee Information By Employer/Page_Update Employee Information by Employer (Query -OTC -UO)/Document Type' is clicked on

2018-11-16 16:06:02 - [MESSAGE][PASSED] - Object: 'Object Repository/Final Object Repo/Page_Update Employee Information By Employer/Page_Update Employee Information by Employer (Query -OTC -UO)/Document Type' is clicked on

2018-11-16 16:06:02 - [TEST_STEP][PASSED] - click: Object: 'Object Repository/Final Object Repo/Page_Update Employee Information By Employer/Page_Update Employee Information by Employer (Query -OTC -UO)/Document Type - Other' is clicked on

2018-11-16 16:06:03 - [MESSAGE][PASSED] - Object: 'Object Repository/Final Object Repo/Page_Update Employee Information By Employer/Page_Update Employee Information by Employer (Query -OTC -UO)/Document Type - Other' is clicked on

2018-11-16 16:06:03 - [TEST_STEP][PASSED] - sendKeys: Keys 'C:\Users\Public\Pictures\Sample Pictures\Act.jpg' sent to object: 'Object Repository/Final Object Repo/Page_Update Employee Information By Employer/Page_Update Employee Information by Employer (Query -OTC -UO)/Upload File'

2018-11-16 16:06:03 - [MESSAGE][PASSED] - Keys 'C:\Users\Public\Pictures\Sample Pictures\Act.jpg' sent to object: 'Object Repository/Final Object Repo/Page_Update Employee Information By Employer/Page_Update Employee Information by Employer (Query -OTC -UO)/Upload File'

2018-11-16 16:06:03 - [TEST_STEP][PASSED] - click: Object: 'Object Repository/Final Object Repo/Page_Update Employee Information By Employer/Page_Update Employee Information by Employer (Query -OTC -UO)/Add Document' is clicked on

2018-11-16 16:06:08 - [MESSAGE][PASSED] - Object: 'Object Repository/Final Object Repo/Page_Update Employee Information By Employer/Page_Update Employee Information by Employer (Query -OTC -UO)/Add Document' is clicked on

2018-11-16 16:06:08 - [TEST_STEP][PASSED] - delay: Delayed 2 second(s)

2018-11-16 16:06:10 - [MESSAGE][PASSED] - Delayed 2 second(s)

2018-11-16 16:06:10 - [TEST_STEP][PASSED] - click: Object: 'Object Repository/Final Object Repo/Page_Update Employee Information By Employer/Page_Update Employee Information by Employer (Query -OTC -UO)/Exit' is clicked on

2018-11-16 16:06:11 - [MESSAGE][PASSED] - Object: 'Object Repository/Final Object Repo/Page_Update Employee Information By Employer/Page_Update Employee Information by Employer (Query -OTC -UO)/Exit' is clicked on

2018-11-16 16:06:11 - [TEST_STEP][PASSED] - delay: Delayed 2 second(s)

2018-11-16 16:06:13 - [MESSAGE][PASSED] - Delayed 2 second(s)

2018-11-16 16:06:13 - [TEST_STEP][PASSED] - navigateToUrl: Navigate to 'https://assist2-uat.perkeso.gov.my/c/portal/logout' successfully

2018-11-16 16:06:14 - [MESSAGE][PASSED] - Navigate to 'https://assist2-uat.perkeso.gov.my/c/portal/logout' successfully

2018-11-16 16:06:14 - [TEST_STEP][PASSED] - delay: Delayed 2 second(s)

2018-11-16 16:06:16 - [MESSAGE][PASSED] - Delayed 2 second(s)

2018-11-16 16:06:16 - [TEST_STEP][PASSED] - callTestCase: Call Test Case 'Test Cases/Final Aug 2018 - PKS Automation/Registration Module/Workflow/Login and Search Case For Workflow' successfully

2018-11-16 16:06:17 - [TEST_CASE][PASSED] - Test Cases/Final Aug 2018 - PKS Automation/Registration Module/Workflow/Login and Search Case For Workflow: Test Cases/Final Aug 2018 - PKS Automation/Registration Module/Workflow/Login and Search Case For Workflow

2018-11-16 16:06:17 - [TEST_STEP][PASSED] - navigateToUrl: Navigate to 'https://assist2-uat.perkeso.gov.my/login' successfully

2018-11-16 16:06:17 - [MESSAGE][PASSED] - Navigate to 'https://assist2-uat.perkeso.gov.my/login' successfully

2018-11-16 16:06:17 - [TEST_STEP][PASSED] - setText: Text 'johoruo1@gmail.com' is set on object 'Object Repository/Final Object Repo/Login Page/Internal User/Email Address'

2018-11-16 16:06:18 - [MESSAGE][PASSED] - Text 'johoruo1@gmail.com' is set on object 'Object Repository/Final Object Repo/Login Page/Internal User/Email Address'

2018-11-16 16:06:18 - [TEST_STEP][PASSED] - click: Object: 'Object Repository/Final Object Repo/Login Page/Internal User/Next Button' is clicked on

2018-11-16 16:06:18 - [MESSAGE][PASSED] - Object: 'Object Repository/Final Object Repo/Login Page/Internal User/Next Button' is clicked on

2018-11-16 16:06:18 - [TEST_STEP][PASSED] - delay: Delayed 1 second(s)

2018-11-16 16:06:19 - [MESSAGE][PASSED] - Delayed 1 second(s)

2018-11-16 16:06:19 - [TEST_STEP][PASSED] - setEncryptedText: Text ****** has been set on object 'Object Repository/Final Object Repo/Login Page/Internal User/Password'

2018-11-16 16:06:19 - [MESSAGE][PASSED] - Text ****** has been set on object 'Object Repository/Final Object Repo/Login Page/Internal User/Password'

2018-11-16 16:06:19 - [TEST_STEP][PASSED] - click: Object: 'Object Repository/Final Object Repo/Login Page/Internal User/Login Button' is clicked on

2018-11-16 16:06:21 - [MESSAGE][PASSED] - Object: 'Object Repository/Final Object Repo/Login Page/Internal User/Login Button' is clicked on

2018-11-16 16:06:21 - [TEST_STEP][PASSED] - delay: Delayed 2 second(s)

2018-11-16 16:06:23 - [MESSAGE][PASSED] - Delayed 2 second(s)

2018-11-16 16:06:23 - [TEST_STEP][PASSED] - Statement - Try: Delayed 2 second(s)

2018-11-16 16:06:23 - [TEST_STEP][PASSED] - Statement - Checker = false: null

2018-11-16 16:06:23 - [TEST_STEP][PASSED] - Statement - Checker = com.kms.katalon.core.webui.keyword.WebUiBuiltInKeywords.verifyElementHasAttribute(com.kms.katalon.core.testobject.ObjectRepository.findTestObject(Final Object Repo/Landing Page/BM Detecting), "href", 20, OPTIONAL): Object 'Object Repository/Final Object Repo/Landing Page/BM Detecting' has attribute 'href'

2018-11-16 16:06:23 - [MESSAGE][PASSED] - Object 'Object Repository/Final Object Repo/Landing Page/BM Detecting' has attribute 'href'

2018-11-16 16:06:23 - [TEST_STEP][PASSED] - Statement - out.println(Checker): null

2018-11-16 16:06:23 - [TEST_STEP][PASSED] - Statement - If (Checker == false): null

2018-11-16 16:06:23 - [TEST_STEP][PASSED] - Statement - Else: null

2018-11-16 16:06:23 - [TEST_STEP][PASSED] - delay: Delayed 2 second(s)

2018-11-16 16:06:25 - [MESSAGE][PASSED] - Delayed 2 second(s)

2018-11-16 16:06:25 - [TEST_STEP][PASSED] - click: Object: 'Object Repository/Final Object Repo/Page_MyASSIST - ASSIST - Search Pending Case For Add Supporting Document/Search Information' is clicked on

2018-11-16 16:06:26 - [MESSAGE][PASSED] - Object: 'Object Repository/Final Object Repo/Page_MyASSIST - ASSIST - Search Pending Case For Add Supporting Document/Search Information' is clicked on

2018-11-16 16:06:26 - [TEST_STEP][PASSED] - delay: Delayed 3 second(s)

2018-11-16 16:06:29 - [MESSAGE][PASSED] - Delayed 3 second(s)

2018-11-16 16:06:29 - [TEST_STEP][PASSED] - sendKeys: Keys 'CUN112018C100005516' sent to object: 'Object Repository/Final Object Repo/Page_MyASSIST - ASSIST - Search Pending Case For Add Supporting Document/Reference No'

2018-11-16 16:06:29 - [MESSAGE][PASSED] - Keys 'CUN112018C100005516' sent to object: 'Object Repository/Final Object Repo/Page_MyASSIST - ASSIST - Search Pending Case For Add Supporting Document/Reference No'

2018-11-16 16:06:29 - [TEST_STEP][PASSED] - click: Object: 'Object Repository/Final Object Repo/Page_MyASSIST - ASSIST - Search Pending Case For Add Supporting Document/Search Reference No' is clicked on

2018-11-16 16:06:30 - [MESSAGE][PASSED] - Object: 'Object Repository/Final Object Repo/Page_MyASSIST - ASSIST - Search Pending Case For Add Supporting Document/Search Reference No' is clicked on

2018-11-16 16:06:30 - [TEST_STEP][PASSED] - delay: Delayed 2 second(s)

2018-11-16 16:06:32 - [MESSAGE][PASSED] - Delayed 2 second(s)

2018-11-16 16:06:32 - [TEST_STEP][PASSED] - click: Object: 'Object Repository/Final Object Repo/Page_MyASSIST - ASSIST - Search Pending Case For Add Supporting Document/Continue' is clicked on

2018-11-16 16:06:37 - [MESSAGE][PASSED] - Object: 'Object Repository/Final Object Repo/Page_MyASSIST - ASSIST - Search Pending Case For Add Supporting Document/Continue' is clicked on

2018-11-16 16:06:37 - [TEST_STEP][PASSED] - delay: Delayed 20 second(s)

2018-11-16 16:06:57 - [MESSAGE][PASSED] - Delayed 20 second(s)

2018-11-16 16:06:57 - [MESSAGE][PASSED] - Call Test Case 'Test Cases/Final Aug 2018 - PKS Automation/Registration Module/Workflow/Login and Search Case For Workflow' successfully

2018-11-16 16:06:57 - [TEST_STEP][PASSED] - click: Object: 'Object Repository/Final Object Repo/Page_Update Employee Information By Employer/Page_Update Employee Information by Employer (Approve)/Continue' is clicked on

2018-11-16 16:07:01 - [MESSAGE][PASSED] - Object: 'Object Repository/Final Object Repo/Page_Update Employee Information By Employer/Page_Update Employee Information by Employer (Approve)/Continue' is clicked on

2018-11-16 16:07:01 - [TEST_STEP][PASSED] - delay: Delayed 2 second(s)

2018-11-16 16:07:03 - [MESSAGE][PASSED] - Delayed 2 second(s)

2018-11-16 16:07:03 - [TEST_STEP][PASSED] - click: Object: 'Object Repository/Final Object Repo/Page_Update Employee Information By Employer/Page_Update Employee Information by Employer (Approve)/Save  Continue in Update Employee Information Page' is clicked on

2018-11-16 16:07:06 - [MESSAGE][PASSED] - Object: 'Object Repository/Final Object Repo/Page_Update Employee Information By Employer/Page_Update Employee Information by Employer (Approve)/Save  Continue in Update Employee Information Page' is clicked on

2018-11-16 16:07:06 - [TEST_STEP][PASSED] - delay: Delayed 4 second(s)

2018-11-16 16:07:10 - [MESSAGE][PASSED] - Delayed 4 second(s)

2018-11-16 16:07:10 - [TEST_STEP][PASSED] - click: Object: 'Object Repository/Final Object Repo/Page_Update Employee Information By Employer/Page_Update Employee Information by Employer (Approve)/Save  Continue in Upload Supporting Doucument Page' is clicked on

2018-11-16 16:07:15 - [MESSAGE][PASSED] - Object: 'Object Repository/Final Object Repo/Page_Update Employee Information By Employer/Page_Update Employee Information by Employer (Approve)/Save  Continue in Upload Supporting Doucument Page' is clicked on

2018-11-16 16:07:15 - [TEST_STEP][PASSED] - delay: Delayed 2 second(s)

2018-11-16 16:07:17 - [MESSAGE][PASSED] - Delayed 2 second(s)

2018-11-16 16:07:17 - [TEST_STEP][PASSED] - click: Object: 'Object Repository/Final Object Repo/Page_Update Employee Information By Employer/Page_Update Employee Information by Employer (Approve)/Approve' is clicked on

2018-11-16 16:07:17 - [MESSAGE][PASSED] - Object: 'Object Repository/Final Object Repo/Page_Update Employee Information By Employer/Page_Update Employee Information by Employer (Approve)/Approve' is clicked on

2018-11-16 16:07:17 - [TEST_STEP][PASSED] - delay: Delayed 2 second(s)

2018-11-16 16:07:19 - [MESSAGE][PASSED] - Delayed 2 second(s)

2018-11-16 16:07:19 - [TEST_STEP][PASSED] - click: Object: 'Object Repository/Final Object Repo/Page_Update Employee Information By Employer/Page_Update Employee Information by Employer (Approve)/Confirm' is clicked on

2018-11-16 16:07:24 - [MESSAGE][PASSED] - Object: 'Object Repository/Final Object Repo/Page_Update Employee Information By Employer/Page_Update Employee Information by Employer (Approve)/Confirm' is clicked on

2018-11-16 16:07:24 - [TEST_STEP][PASSED] - delay: Delayed 2 second(s)

2018-11-16 16:07:26 - [MESSAGE][PASSED] - Delayed 2 second(s)

2018-11-16 16:07:26 - [TEST_STEP][PASSED] - verifyElementVisible: Object 'Object Repository/Final Object Repo/Page_Update Employee Information By Employer/Page_Update Employee Information by Employer (Approve)/Successfull Message Submitted Successfully' is visible

2018-11-16 16:07:26 - [MESSAGE][PASSED] - Object 'Object Repository/Final Object Repo/Page_Update Employee Information By Employer/Page_Update Employee Information by Employer (Approve)/Successfull Message Submitted Successfully' is visible

2018-11-16 16:07:26 - [TEST_STEP][PASSED] - delay: Delayed 2 second(s)

2018-11-16 16:07:28 - [MESSAGE][PASSED] - Delayed 2 second(s)

2018-11-16 16:07:28 - [TEST_STEP][PASSED] - verifyElementVisible: Object 'Object Repository/Final Object Repo/Page_Update Employee Information By Employer/Page_Update Employee Information by Employer (Approve)/Letter of Successful update' is visible

2018-11-16 16:07:28 - [MESSAGE][PASSED] - Object 'Object Repository/Final Object Repo/Page_Update Employee Information By Employer/Page_Update Employee Information by Employer (Approve)/Letter of Successful update' is visible

2018-11-16 16:07:28 - [MESSAGE][PASSED] - Call Test Case 'Test Cases/Final Aug 2018 - PKS Automation/Registration Module/Workflow/Update Employee Information (Employer)/Template/Update Employee Information - Special Case - UO(Query)' successfully]]></system-out>
         <system-err><![CDATA[]]></system-err>
      </testcase>
      <testcase name="Test Cases/Final Aug 2018 - PKS Automation/Registration Module/Workflow/Update Employee Information (Employer)/PAU to UO (Reject)" classname="Test Cases/Final Aug 2018 - PKS Automation/Registration Module/Workflow/Update Employee Information (Employer)/PAU to UO (Reject)" status="PASSED">
         <system-out><![CDATA[2018-11-16 16:07:28 - [TEST_CASE][PASSED] - Test Cases/Final Aug 2018 - PKS Automation/Registration Module/Workflow/Update Employee Information (Employer)/PAU to UO (Reject): Test Cases/Final Aug 2018 - PKS Automation/Registration Module/Workflow/Update Employee Information (Employer)/PAU to UO (Reject)

2018-11-16 16:07:29 - [TEST_STEP][PASSED] - callTestCase: Call Test Case 'Test Cases/Final Aug 2018 - PKS Automation/Registration Module/Workflow/Update Employee Information (Employer)/Template/Update Employer Information - Special Case (PAU)' successfully

2018-11-16 16:07:29 - [TEST_CASE][PASSED] - Test Cases/Final Aug 2018 - PKS Automation/Registration Module/Workflow/Update Employee Information (Employer)/Template/Update Employer Information - Special Case (PAU): Test Cases/Final Aug 2018 - PKS Automation/Registration Module/Workflow/Update Employee Information (Employer)/Template/Update Employer Information - Special Case (PAU)

2018-11-16 16:07:29 - [TEST_STEP][PASSED] - openBrowser: Browser is opened with url: ''

2018-11-16 16:07:29 - [MESSAGE][WARNING] - A browser is already opened. Closing browser and opening a new one

2018-11-16 16:07:33 - [MESSAGE][PASSED] - Browser is opened with url: ''

2018-11-16 16:07:33 - [TEST_STEP][PASSED] - navigateToUrl: Navigate to 'https://assist2-uat.perkeso.gov.my/login' successfully

2018-11-16 16:07:35 - [MESSAGE][PASSED] - Navigate to 'https://assist2-uat.perkeso.gov.my/login' successfully

2018-11-16 16:07:35 - [TEST_STEP][PASSED] - setText: Text 'johorpau1@gmail.com' is set on object 'Object Repository/Final Object Repo/Login Page/Internal User/Email Address'

2018-11-16 16:07:36 - [MESSAGE][PASSED] - Text 'johorpau1@gmail.com' is set on object 'Object Repository/Final Object Repo/Login Page/Internal User/Email Address'

2018-11-16 16:07:36 - [TEST_STEP][PASSED] - click: Object: 'Object Repository/Final Object Repo/Login Page/Internal User/Next Button' is clicked on

2018-11-16 16:07:36 - [MESSAGE][PASSED] - Object: 'Object Repository/Final Object Repo/Login Page/Internal User/Next Button' is clicked on

2018-11-16 16:07:36 - [TEST_STEP][PASSED] - delay: Delayed 1 second(s)

2018-11-16 16:07:37 - [MESSAGE][PASSED] - Delayed 1 second(s)

2018-11-16 16:07:37 - [TEST_STEP][PASSED] - setEncryptedText: Text ****** has been set on object 'Object Repository/Final Object Repo/Login Page/Internal User/Password'

2018-11-16 16:07:37 - [MESSAGE][PASSED] - Text ****** has been set on object 'Object Repository/Final Object Repo/Login Page/Internal User/Password'

2018-11-16 16:07:37 - [TEST_STEP][PASSED] - click: Object: 'Object Repository/Final Object Repo/Login Page/Internal User/Login Button' is clicked on

2018-11-16 16:07:40 - [MESSAGE][PASSED] - Object: 'Object Repository/Final Object Repo/Login Page/Internal User/Login Button' is clicked on

2018-11-16 16:07:40 - [TEST_STEP][PASSED] - Statement - Try: Delayed 2 second(s)

2018-11-16 16:07:40 - [TEST_STEP][PASSED] - Statement - Checker = false: null

2018-11-16 16:07:40 - [TEST_STEP][PASSED] - Statement - Checker = com.kms.katalon.core.webui.keyword.WebUiBuiltInKeywords.verifyElementHasAttribute(com.kms.katalon.core.testobject.ObjectRepository.findTestObject(Final Object Repo/Landing Page/BM Detecting), "href", 20, OPTIONAL): Object 'Object Repository/Final Object Repo/Landing Page/BM Detecting' has attribute 'href'

2018-11-16 16:07:40 - [MESSAGE][PASSED] - Object 'Object Repository/Final Object Repo/Landing Page/BM Detecting' has attribute 'href'

2018-11-16 16:07:40 - [TEST_STEP][PASSED] - Statement - out.println(Checker): null

2018-11-16 16:07:40 - [TEST_STEP][PASSED] - Statement - If (Checker == false): null

2018-11-16 16:07:40 - [TEST_STEP][PASSED] - Statement - Else: null

2018-11-16 16:07:40 - [TEST_STEP][PASSED] - delay: Delayed 2 second(s)

2018-11-16 16:07:42 - [MESSAGE][PASSED] - Delayed 2 second(s)

2018-11-16 16:07:42 - [TEST_STEP][PASSED] - delay: Delayed 1 second(s)

2018-11-16 16:07:43 - [MESSAGE][PASSED] - Delayed 1 second(s)

2018-11-16 16:07:43 - [TEST_STEP][PASSED] - navigateToUrl: Navigate to 'https://assist2-uat.perkeso.gov.my/web/registration/update/update-employee-information-employer-' successfully

2018-11-16 16:07:44 - [MESSAGE][PASSED] - Navigate to 'https://assist2-uat.perkeso.gov.my/web/registration/update/update-employee-information-employer-' successfully

2018-11-16 16:07:44 - [TEST_STEP][PASSED] - setText: Text 'E1102001065V' is set on object 'Object Repository/Final Object Repo/Page_Update Employee Information By Employer/Employer Code'

2018-11-16 16:07:44 - [MESSAGE][PASSED] - Text 'E1102001065V' is set on object 'Object Repository/Final Object Repo/Page_Update Employee Information By Employer/Employer Code'

2018-11-16 16:07:44 - [TEST_STEP][PASSED] - click: Object: 'Object Repository/Final Object Repo/Page_Update Employee Information By Employer/Search Employer Code' is clicked on

2018-11-16 16:07:46 - [MESSAGE][PASSED] - Object: 'Object Repository/Final Object Repo/Page_Update Employee Information By Employer/Search Employer Code' is clicked on

2018-11-16 16:07:46 - [TEST_STEP][PASSED] - click: Object: 'Object Repository/Final Object Repo/Page_Update Employee Information By Employer/Edit Button' is clicked on

2018-11-16 16:07:50 - [MESSAGE][PASSED] - Object: 'Object Repository/Final Object Repo/Page_Update Employee Information By Employer/Edit Button' is clicked on

2018-11-16 16:07:50 - [TEST_STEP][PASSED] - click: Object: 'Object Repository/Final Object Repo/Page_Update Employee Information By Employer/Employee Name or New Identification' is clicked on

2018-11-16 16:07:50 - [MESSAGE][PASSED] - Object: 'Object Repository/Final Object Repo/Page_Update Employee Information By Employer/Employee Name or New Identification' is clicked on

2018-11-16 16:07:50 - [TEST_STEP][PASSED] - delay: Delayed 1 second(s)

2018-11-16 16:07:51 - [MESSAGE][PASSED] - Delayed 1 second(s)

2018-11-16 16:07:51 - [TEST_STEP][PASSED] - click: Object: 'Object Repository/Final Object Repo/Page_Update Employee Information By Employer/Selection - Employee Name' is clicked on

2018-11-16 16:07:52 - [MESSAGE][PASSED] - Object: 'Object Repository/Final Object Repo/Page_Update Employee Information By Employer/Selection - Employee Name' is clicked on

2018-11-16 16:07:52 - [TEST_STEP][PASSED] - delay: Delayed 1 second(s)

2018-11-16 16:07:53 - [MESSAGE][PASSED] - Delayed 1 second(s)

2018-11-16 16:07:53 - [TEST_STEP][PASSED] - setText: Text 'PERKESO' is set on object 'Object Repository/Final Object Repo/Page_Update Employee Information By Employer/Employee Name'

2018-11-16 16:07:53 - [MESSAGE][PASSED] - Text 'PERKESO' is set on object 'Object Repository/Final Object Repo/Page_Update Employee Information By Employer/Employee Name'

2018-11-16 16:07:53 - [TEST_STEP][PASSED] - delay: Delayed 2 second(s)

2018-11-16 16:07:55 - [MESSAGE][PASSED] - Delayed 2 second(s)

2018-11-16 16:07:55 - [TEST_STEP][PASSED] - click: Object: 'Object Repository/Final Object Repo/Page_Update Employee Information By Employer/Search Employee' is clicked on

2018-11-16 16:07:55 - [MESSAGE][PASSED] - Object: 'Object Repository/Final Object Repo/Page_Update Employee Information By Employer/Search Employee' is clicked on

2018-11-16 16:07:55 - [TEST_STEP][PASSED] - delay: Delayed 3 second(s)

2018-11-16 16:07:58 - [MESSAGE][PASSED] - Delayed 3 second(s)

2018-11-16 16:07:58 - [TEST_STEP][PASSED] - click: Object: 'Object Repository/Final Object Repo/Page_Update Employee Information By Employer/Employee Edit Button' is clicked on

2018-11-16 16:07:59 - [MESSAGE][PASSED] - Object: 'Object Repository/Final Object Repo/Page_Update Employee Information By Employer/Employee Edit Button' is clicked on

2018-11-16 16:07:59 - [TEST_STEP][PASSED] - delay: Delayed 3 second(s)

2018-11-16 16:08:02 - [MESSAGE][PASSED] - Delayed 3 second(s)

2018-11-16 16:08:02 - [TEST_STEP][PASSED] - setText: Text '' is set on object 'Object Repository/Final Object Repo/Page_Update Employee Information By Employer/Identification Number'

2018-11-16 16:08:02 - [MESSAGE][PASSED] - Text '' is set on object 'Object Repository/Final Object Repo/Page_Update Employee Information By Employer/Identification Number'

2018-11-16 16:08:02 - [TEST_STEP][PASSED] - Statement - rnd = new java.util.Random(): null

2018-11-16 16:08:02 - [TEST_STEP][PASSED] - Statement - snum = rnd.nextInt(899999 + 1) + 100000: null

2018-11-16 16:08:02 - [TEST_STEP][PASSED] - Statement - tnum = rnd.nextInt(899999 + 1) + 100000: null

2018-11-16 16:08:02 - [TEST_STEP][PASSED] - Statement - IC = java.lang.Integer.toString(snum) + java.lang.Integer.toString(tnum): null

2018-11-16 16:08:02 - [TEST_STEP][PASSED] - Statement - out.println(IC): null

2018-11-16 16:08:02 - [TEST_STEP][PASSED] - setText: Text '216787911017' is set on object 'Object Repository/Final Object Repo/Page_Update Employee Information By Employer/Identification Number'

2018-11-16 16:08:02 - [MESSAGE][PASSED] - Text '216787911017' is set on object 'Object Repository/Final Object Repo/Page_Update Employee Information By Employer/Identification Number'

2018-11-16 16:08:02 - [TEST_STEP][PASSED] - click: Object: 'Object Repository/Final Object Repo/Page_Update Employee Information By Employer/Save' is clicked on

2018-11-16 16:08:06 - [MESSAGE][PASSED] - Object: 'Object Repository/Final Object Repo/Page_Update Employee Information By Employer/Save' is clicked on

2018-11-16 16:08:06 - [TEST_STEP][PASSED] - delay: Delayed 5 second(s)

2018-11-16 16:08:11 - [MESSAGE][PASSED] - Delayed 5 second(s)

2018-11-16 16:08:11 - [TEST_STEP][PASSED] - Statement - CaseReferenceNo = com.kms.katalon.core.webui.keyword.WebUiBuiltInKeywords.getText(com.kms.katalon.core.testobject.ObjectRepository.findTestObject(Final Object Repo/Reference Number/Reference Number in Update Employee Information Page)): Text of object 'Object Repository/Final Object Repo/Reference Number/Reference Number in Update Employee Information Page' is: 'CUN112018C100005517'

2018-11-16 16:08:11 - [MESSAGE][PASSED] - Text of object 'Object Repository/Final Object Repo/Reference Number/Reference Number in Update Employee Information Page' is: 'CUN112018C100005517'

2018-11-16 16:08:11 - [TEST_STEP][PASSED] - callTestCase: Call Test Case 'Test Cases/Final Aug 2018 - PKS Automation/Common/Reference Number Setter' successfully

2018-11-16 16:08:11 - [TEST_CASE][PASSED] - Test Cases/Final Aug 2018 - PKS Automation/Common/Reference Number Setter: Test Cases/Final Aug 2018 - PKS Automation/Common/Reference Number Setter

2018-11-16 16:08:11 - [TEST_STEP][PASSED] - Statement - RefNoOldFile = new java.io.File(C://KatalonReference.txt): null

2018-11-16 16:08:11 - [TEST_STEP][PASSED] - Statement - RefNoOldFile.delete(): null

2018-11-16 16:08:11 - [TEST_STEP][PASSED] - delay: Delayed 5 second(s)

2018-11-16 16:08:16 - [MESSAGE][PASSED] - Delayed 5 second(s)

2018-11-16 16:08:16 - [TEST_STEP][PASSED] - Statement - RefNo = new java.io.File(C://KatalonReference.txt): null

2018-11-16 16:08:16 - [TEST_STEP][PASSED] - Statement - f2 = new java.io.FileWriter(RefNo, false): null

2018-11-16 16:08:16 - [TEST_STEP][PASSED] - Statement - f2.write(CaseReferenceNo): null

2018-11-16 16:08:16 - [TEST_STEP][PASSED] - Statement - f2.close(): null

2018-11-16 16:08:16 - [TEST_STEP][PASSED] - Statement - out.println("


" + CaseReferenceNo + "


"): null

2018-11-16 16:08:16 - [MESSAGE][PASSED] - Call Test Case 'Test Cases/Final Aug 2018 - PKS Automation/Common/Reference Number Setter' successfully

2018-11-16 16:08:16 - [TEST_STEP][PASSED] - delay: Delayed 5 second(s)

2018-11-16 16:08:21 - [MESSAGE][PASSED] - Delayed 5 second(s)

2018-11-16 16:08:21 - [TEST_STEP][PASSED] - click: Object: 'Object Repository/Final Object Repo/Page_Update Employee Information By Employer/Save  Continue in  Employee Information Page' is clicked on

2018-11-16 16:08:25 - [MESSAGE][PASSED] - Object: 'Object Repository/Final Object Repo/Page_Update Employee Information By Employer/Save  Continue in  Employee Information Page' is clicked on

2018-11-16 16:08:25 - [TEST_STEP][PASSED] - delay: Delayed 5 second(s)

2018-11-16 16:08:30 - [MESSAGE][PASSED] - Delayed 5 second(s)

2018-11-16 16:08:30 - [TEST_STEP][PASSED] - click: Object: 'Object Repository/Final Object Repo/Page_Update Employee Information By Employer/Save  Continue in Uploading Page 1' is clicked on

2018-11-16 16:08:35 - [MESSAGE][PASSED] - Object: 'Object Repository/Final Object Repo/Page_Update Employee Information By Employer/Save  Continue in Uploading Page 1' is clicked on

2018-11-16 16:08:35 - [TEST_STEP][PASSED] - delay: Delayed 5 second(s)

2018-11-16 16:08:40 - [MESSAGE][PASSED] - Delayed 5 second(s)

2018-11-16 16:08:40 - [TEST_STEP][PASSED] - click: Object: 'Object Repository/Final Object Repo/Page_Update Employee Information By Employer/Submit' is clicked on

2018-11-16 16:08:40 - [MESSAGE][PASSED] - Object: 'Object Repository/Final Object Repo/Page_Update Employee Information By Employer/Submit' is clicked on

2018-11-16 16:08:40 - [TEST_STEP][PASSED] - delay: Delayed 5 second(s)

2018-11-16 16:08:45 - [MESSAGE][PASSED] - Delayed 5 second(s)

2018-11-16 16:08:45 - [TEST_STEP][PASSED] - click: Object: 'Object Repository/Final Object Repo/Page_Update Employee Information By Employer/Confirm' is clicked on

2018-11-16 16:08:49 - [MESSAGE][PASSED] - Object: 'Object Repository/Final Object Repo/Page_Update Employee Information By Employer/Confirm' is clicked on

2018-11-16 16:08:49 - [TEST_STEP][PASSED] - delay: Delayed 5 second(s)

2018-11-16 16:08:54 - [MESSAGE][PASSED] - Delayed 5 second(s)

2018-11-16 16:08:54 - [TEST_STEP][PASSED] - verifyElementVisible: Object 'Object Repository/Final Object Repo/Page_Update Employee Information By Employer/Successfull Message Routed to UO' is visible

2018-11-16 16:08:54 - [MESSAGE][PASSED] - Object 'Object Repository/Final Object Repo/Page_Update Employee Information By Employer/Successfull Message Routed to UO' is visible

2018-11-16 16:08:54 - [MESSAGE][PASSED] - Call Test Case 'Test Cases/Final Aug 2018 - PKS Automation/Registration Module/Workflow/Update Employee Information (Employer)/Template/Update Employer Information - Special Case (PAU)' successfully

2018-11-16 16:08:54 - [TEST_STEP][PASSED] - callTestCase: Call Test Case 'Test Cases/Final Aug 2018 - PKS Automation/Registration Module/Workflow/Update Employee Information (Employer)/Template/Update Employee Information - Special Case - UO (Reject)' successfully

2018-11-16 16:08:54 - [TEST_CASE][PASSED] - Test Cases/Final Aug 2018 - PKS Automation/Registration Module/Workflow/Update Employee Information (Employer)/Template/Update Employee Information - Special Case - UO (Reject): Test Cases/Final Aug 2018 - PKS Automation/Registration Module/Workflow/Update Employee Information (Employer)/Template/Update Employee Information - Special Case - UO (Reject)

2018-11-16 16:08:54 - [TEST_STEP][NOT_RUN] - callTestCase: NOT_RUN: callTestCase

2018-11-16 16:08:54 - [MESSAGE][NOT_RUN] - NOT_RUN: callTestCase

2018-11-16 16:08:54 - [TEST_STEP][PASSED] - delay: Delayed 2 second(s)

2018-11-16 16:08:56 - [MESSAGE][PASSED] - Delayed 2 second(s)

2018-11-16 16:08:56 - [TEST_STEP][PASSED] - navigateToUrl: Navigate to 'https://assist2-uat.perkeso.gov.my/c/portal/logout' successfully

2018-11-16 16:08:57 - [MESSAGE][PASSED] - Navigate to 'https://assist2-uat.perkeso.gov.my/c/portal/logout' successfully

2018-11-16 16:08:57 - [TEST_STEP][PASSED] - delay: Delayed 2 second(s)

2018-11-16 16:08:59 - [MESSAGE][PASSED] - Delayed 2 second(s)

2018-11-16 16:08:59 - [TEST_STEP][PASSED] - callTestCase: Call Test Case 'Test Cases/Final Aug 2018 - PKS Automation/Common/Reference Number Getter' successfully

2018-11-16 16:08:59 - [TEST_CASE][PASSED] - Test Cases/Final Aug 2018 - PKS Automation/Common/Reference Number Getter: Test Cases/Final Aug 2018 - PKS Automation/Common/Reference Number Getter

2018-11-16 16:08:59 - [TEST_STEP][PASSED] - Statement - Try: null

2018-11-16 16:08:59 - [TEST_STEP][PASSED] - Statement - RefNo = new java.io.File(C://KatalonReference.txt): null

2018-11-16 16:08:59 - [TEST_STEP][PASSED] - Statement - bufferread = new java.io.BufferedReader(new java.io.FileReader(RefNo)): null

2018-11-16 16:08:59 - [TEST_STEP][PASSED] - Statement - readedVal = bufferread.readLine(): null

2018-11-16 16:08:59 - [TEST_STEP][PASSED] - Statement - out.println(CaseReferenceNo): null

2018-11-16 16:08:59 - [TEST_STEP][PASSED] - Statement - out.println(readedVal): null

2018-11-16 16:08:59 - [TEST_STEP][PASSED] - Statement - CaseReferenceNo = "": null

2018-11-16 16:08:59 - [TEST_STEP][PASSED] - Statement - CaseReferenceNo = readedVal: null

2018-11-16 16:08:59 - [MESSAGE][PASSED] - Call Test Case 'Test Cases/Final Aug 2018 - PKS Automation/Common/Reference Number Getter' successfully

2018-11-16 16:08:59 - [TEST_STEP][PASSED] - callTestCase: Call Test Case 'Test Cases/Final Aug 2018 - PKS Automation/Common/Workflow Owner Finder' successfully

2018-11-16 16:08:59 - [TEST_CASE][PASSED] - Test Cases/Final Aug 2018 - PKS Automation/Common/Workflow Owner Finder: Test Cases/Final Aug 2018 - PKS Automation/Common/Workflow Owner Finder

2018-11-16 16:08:59 - [TEST_STEP][PASSED] - openBrowser: Browser is opened with url: ''

2018-11-16 16:08:59 - [MESSAGE][WARNING] - A browser is already opened. Closing browser and opening a new one

2018-11-16 16:09:05 - [MESSAGE][PASSED] - Browser is opened with url: ''

2018-11-16 16:09:05 - [TEST_STEP][PASSED] - navigateToUrl: Navigate to 'https://assist2-uat.perkeso.gov.my/login' successfully

2018-11-16 16:09:07 - [MESSAGE][PASSED] - Navigate to 'https://assist2-uat.perkeso.gov.my/login' successfully

2018-11-16 16:09:07 - [TEST_STEP][PASSED] - delay: Delayed 5 second(s)

2018-11-16 16:09:12 - [MESSAGE][PASSED] - Delayed 5 second(s)

2018-11-16 16:09:12 - [TEST_STEP][PASSED] - setText: Text 'test@liferay.com' is set on object 'Object Repository/Final Object Repo/Login Page/Internal User/Email Address'

2018-11-16 16:09:12 - [MESSAGE][PASSED] - Text 'test@liferay.com' is set on object 'Object Repository/Final Object Repo/Login Page/Internal User/Email Address'

2018-11-16 16:09:12 - [TEST_STEP][PASSED] - click: Object: 'Object Repository/Final Object Repo/Login Page/Internal User/Next Button' is clicked on

2018-11-16 16:09:12 - [MESSAGE][PASSED] - Object: 'Object Repository/Final Object Repo/Login Page/Internal User/Next Button' is clicked on

2018-11-16 16:09:12 - [TEST_STEP][PASSED] - delay: Delayed 2 second(s)

2018-11-16 16:09:14 - [MESSAGE][PASSED] - Delayed 2 second(s)

2018-11-16 16:09:14 - [TEST_STEP][PASSED] - setText: Text 'test' is set on object 'Object Repository/Final Object Repo/Login Page/Internal User/Password'

2018-11-16 16:09:14 - [MESSAGE][PASSED] - Text 'test' is set on object 'Object Repository/Final Object Repo/Login Page/Internal User/Password'

2018-11-16 16:09:14 - [TEST_STEP][PASSED] - delay: Delayed 2 second(s)

2018-11-16 16:09:16 - [MESSAGE][PASSED] - Delayed 2 second(s)

2018-11-16 16:09:16 - [TEST_STEP][PASSED] - click: Object: 'Object Repository/Final Object Repo/Login Page/Internal User/Login Button' is clicked on

2018-11-16 16:09:19 - [MESSAGE][PASSED] - Object: 'Object Repository/Final Object Repo/Login Page/Internal User/Login Button' is clicked on

2018-11-16 16:09:19 - [TEST_STEP][PASSED] - Statement - Try: Delayed 2 second(s)

2018-11-16 16:09:19 - [TEST_STEP][PASSED] - Statement - Checker = false: null

2018-11-16 16:09:19 - [TEST_STEP][PASSED] - Statement - Checker = com.kms.katalon.core.webui.keyword.WebUiBuiltInKeywords.verifyElementHasAttribute(com.kms.katalon.core.testobject.ObjectRepository.findTestObject(Final Object Repo/Landing Page/BM Detecting), "href", 20, OPTIONAL): Object 'Object Repository/Final Object Repo/Landing Page/BM Detecting' has attribute 'href'

2018-11-16 16:09:19 - [MESSAGE][PASSED] - Object 'Object Repository/Final Object Repo/Landing Page/BM Detecting' has attribute 'href'

2018-11-16 16:09:19 - [TEST_STEP][PASSED] - Statement - out.println(Checker): null

2018-11-16 16:09:19 - [TEST_STEP][PASSED] - Statement - If (Checker == false): null

2018-11-16 16:09:19 - [TEST_STEP][PASSED] - Statement - Else: null

2018-11-16 16:09:19 - [TEST_STEP][PASSED] - delay: Delayed 2 second(s)

2018-11-16 16:09:21 - [MESSAGE][PASSED] - Delayed 2 second(s)

2018-11-16 16:09:21 - [TEST_STEP][PASSED] - delay: Delayed 3 second(s)

2018-11-16 16:09:24 - [MESSAGE][PASSED] - Delayed 3 second(s)

2018-11-16 16:09:24 - [TEST_STEP][PASSED] - mouseOver: Object: 'Object Repository/Final Object Repo/Landing Page/WorkFlow Menu' is hovered

2018-11-16 16:09:25 - [MESSAGE][PASSED] - Object: 'Object Repository/Final Object Repo/Landing Page/WorkFlow Menu' is hovered

2018-11-16 16:09:25 - [TEST_STEP][PASSED] - delay: Delayed 2 second(s)

2018-11-16 16:09:27 - [MESSAGE][PASSED] - Delayed 2 second(s)

2018-11-16 16:09:27 - [TEST_STEP][PASSED] - click: Object: 'Object Repository/Final Object Repo/Landing Page/Select to Workflow Listing' is clicked on

2018-11-16 16:09:28 - [MESSAGE][PASSED] - Object: 'Object Repository/Final Object Repo/Landing Page/Select to Workflow Listing' is clicked on

2018-11-16 16:09:28 - [TEST_STEP][PASSED] - delay: Delayed 2 second(s)

2018-11-16 16:09:30 - [MESSAGE][PASSED] - Delayed 2 second(s)

2018-11-16 16:09:30 - [TEST_STEP][PASSED] - click: Object: 'Object Repository/Final Object Repo/WorkFlow Listing Page/Search Information - To Put Ref No' is clicked on

2018-11-16 16:09:30 - [MESSAGE][PASSED] - Object: 'Object Repository/Final Object Repo/WorkFlow Listing Page/Search Information - To Put Ref No' is clicked on

2018-11-16 16:09:30 - [TEST_STEP][PASSED] - delay: Delayed 2 second(s)

2018-11-16 16:09:32 - [MESSAGE][PASSED] - Delayed 2 second(s)

2018-11-16 16:09:32 - [TEST_STEP][PASSED] - callTestCase: Call Test Case 'Test Cases/Final Aug 2018 - PKS Automation/Common/Reference Number Getter' successfully

2018-11-16 16:09:32 - [TEST_CASE][PASSED] - Test Cases/Final Aug 2018 - PKS Automation/Common/Reference Number Getter: Test Cases/Final Aug 2018 - PKS Automation/Common/Reference Number Getter

2018-11-16 16:09:32 - [TEST_STEP][PASSED] - Statement - Try: null

2018-11-16 16:09:32 - [TEST_STEP][PASSED] - Statement - RefNo = new java.io.File(C://KatalonReference.txt): null

2018-11-16 16:09:32 - [TEST_STEP][PASSED] - Statement - bufferread = new java.io.BufferedReader(new java.io.FileReader(RefNo)): null

2018-11-16 16:09:32 - [TEST_STEP][PASSED] - Statement - readedVal = bufferread.readLine(): null

2018-11-16 16:09:32 - [TEST_STEP][PASSED] - Statement - out.println(CaseReferenceNo): null

2018-11-16 16:09:32 - [TEST_STEP][PASSED] - Statement - out.println(readedVal): null

2018-11-16 16:09:32 - [TEST_STEP][PASSED] - Statement - CaseReferenceNo = "": null

2018-11-16 16:09:32 - [TEST_STEP][PASSED] - Statement - CaseReferenceNo = readedVal: null

2018-11-16 16:09:32 - [MESSAGE][PASSED] - Call Test Case 'Test Cases/Final Aug 2018 - PKS Automation/Common/Reference Number Getter' successfully

2018-11-16 16:09:32 - [TEST_STEP][PASSED] - setText: Text 'CUN112018C100005517' is set on object 'Object Repository/Final Object Repo/WorkFlow Listing Page/Ref No Set Text'

2018-11-16 16:09:33 - [MESSAGE][PASSED] - Text 'CUN112018C100005517' is set on object 'Object Repository/Final Object Repo/WorkFlow Listing Page/Ref No Set Text'

2018-11-16 16:09:33 - [TEST_STEP][PASSED] - delay: Delayed 2 second(s)

2018-11-16 16:09:35 - [MESSAGE][PASSED] - Delayed 2 second(s)

2018-11-16 16:09:35 - [TEST_STEP][PASSED] - click: Object: 'Object Repository/Final Object Repo/WorkFlow Listing Page/Search Ref No Search Button' is clicked on

2018-11-16 16:09:36 - [MESSAGE][PASSED] - Object: 'Object Repository/Final Object Repo/WorkFlow Listing Page/Search Ref No Search Button' is clicked on

2018-11-16 16:09:36 - [TEST_STEP][PASSED] - delay: Delayed 4 second(s)

2018-11-16 16:09:40 - [MESSAGE][PASSED] - Delayed 4 second(s)

2018-11-16 16:09:40 - [TEST_STEP][PASSED] - click: Object: 'Object Repository/Final Object Repo/WorkFlow Listing Page/Click Continue Tooltip' is clicked on

2018-11-16 16:09:42 - [MESSAGE][PASSED] - Object: 'Object Repository/Final Object Repo/WorkFlow Listing Page/Click Continue Tooltip' is clicked on

2018-11-16 16:09:42 - [TEST_STEP][PASSED] - delay: Delayed 5 second(s)

2018-11-16 16:09:47 - [MESSAGE][PASSED] - Delayed 5 second(s)

2018-11-16 16:09:47 - [TEST_STEP][PASSED] - doubleClick: Object: 'Object Repository/Final Object Repo/WorkFlow Listing Page/Workflow Found - Listing 1' is double clicked on

2018-11-16 16:09:47 - [MESSAGE][PASSED] - Object: 'Object Repository/Final Object Repo/WorkFlow Listing Page/Workflow Found - Listing 1' is double clicked on

2018-11-16 16:09:47 - [TEST_STEP][PASSED] - Statement - println(OwnerID): null

2018-11-16 16:09:47 - [TEST_STEP][PASSED] - Statement - OwnerID = com.kms.katalon.core.webui.keyword.WebUiBuiltInKeywords.getText(com.kms.katalon.core.testobject.ObjectRepository.findTestObject(Final Object Repo/WorkFlow Listing Page/Workflow Found - Listing 1), STOP_ON_FAILURE): Text of object 'Object Repository/Final Object Repo/WorkFlow Listing Page/Workflow Found - Listing 1' is: 'JOHORuo2'

2018-11-16 16:09:47 - [MESSAGE][PASSED] - Text of object 'Object Repository/Final Object Repo/WorkFlow Listing Page/Workflow Found - Listing 1' is: 'JOHORuo2'

2018-11-16 16:09:47 - [TEST_STEP][PASSED] - Statement - OwnerID = OwnerID.toLowerCase() + "@gmail.com": null

2018-11-16 16:09:47 - [TEST_STEP][PASSED] - Statement - println(OwnerID): null

2018-11-16 16:09:47 - [TEST_STEP][PASSED] - delay: Delayed 2 second(s)

2018-11-16 16:09:49 - [MESSAGE][PASSED] - Delayed 2 second(s)

2018-11-16 16:09:49 - [MESSAGE][PASSED] - Call Test Case 'Test Cases/Final Aug 2018 - PKS Automation/Common/Workflow Owner Finder' successfully

2018-11-16 16:09:49 - [TEST_STEP][PASSED] - delay: Delayed 2 second(s)

2018-11-16 16:09:51 - [MESSAGE][PASSED] - Delayed 2 second(s)

2018-11-16 16:09:51 - [TEST_STEP][PASSED] - navigateToUrl: Navigate to 'https://assist2-uat.perkeso.gov.my/c/portal/logout' successfully

2018-11-16 16:09:52 - [MESSAGE][PASSED] - Navigate to 'https://assist2-uat.perkeso.gov.my/c/portal/logout' successfully

2018-11-16 16:09:52 - [TEST_STEP][PASSED] - delay: Delayed 2 second(s)

2018-11-16 16:09:54 - [MESSAGE][PASSED] - Delayed 2 second(s)

2018-11-16 16:09:54 - [TEST_STEP][PASSED] - callTestCase: Call Test Case 'Test Cases/Final Aug 2018 - PKS Automation/Registration Module/Workflow/Login and Search Case For Workflow' successfully

2018-11-16 16:09:54 - [TEST_CASE][PASSED] - Test Cases/Final Aug 2018 - PKS Automation/Registration Module/Workflow/Login and Search Case For Workflow: Test Cases/Final Aug 2018 - PKS Automation/Registration Module/Workflow/Login and Search Case For Workflow

2018-11-16 16:09:54 - [TEST_STEP][PASSED] - navigateToUrl: Navigate to 'https://assist2-uat.perkeso.gov.my/login' successfully

2018-11-16 16:09:55 - [MESSAGE][PASSED] - Navigate to 'https://assist2-uat.perkeso.gov.my/login' successfully

2018-11-16 16:09:55 - [TEST_STEP][PASSED] - setText: Text 'johoruo2@gmail.com' is set on object 'Object Repository/Final Object Repo/Login Page/Internal User/Email Address'

2018-11-16 16:09:55 - [MESSAGE][PASSED] - Text 'johoruo2@gmail.com' is set on object 'Object Repository/Final Object Repo/Login Page/Internal User/Email Address'

2018-11-16 16:09:55 - [TEST_STEP][PASSED] - click: Object: 'Object Repository/Final Object Repo/Login Page/Internal User/Next Button' is clicked on

2018-11-16 16:09:55 - [MESSAGE][PASSED] - Object: 'Object Repository/Final Object Repo/Login Page/Internal User/Next Button' is clicked on

2018-11-16 16:09:55 - [TEST_STEP][PASSED] - delay: Delayed 1 second(s)

2018-11-16 16:09:56 - [MESSAGE][PASSED] - Delayed 1 second(s)

2018-11-16 16:09:56 - [TEST_STEP][PASSED] - setEncryptedText: Text ****** has been set on object 'Object Repository/Final Object Repo/Login Page/Internal User/Password'

2018-11-16 16:09:56 - [MESSAGE][PASSED] - Text ****** has been set on object 'Object Repository/Final Object Repo/Login Page/Internal User/Password'

2018-11-16 16:09:56 - [TEST_STEP][PASSED] - click: Object: 'Object Repository/Final Object Repo/Login Page/Internal User/Login Button' is clicked on

2018-11-16 16:09:59 - [MESSAGE][PASSED] - Object: 'Object Repository/Final Object Repo/Login Page/Internal User/Login Button' is clicked on

2018-11-16 16:09:59 - [TEST_STEP][PASSED] - delay: Delayed 2 second(s)

2018-11-16 16:10:01 - [MESSAGE][PASSED] - Delayed 2 second(s)

2018-11-16 16:10:01 - [TEST_STEP][PASSED] - Statement - Try: Delayed 2 second(s)

2018-11-16 16:10:01 - [TEST_STEP][PASSED] - Statement - Checker = false: null

2018-11-16 16:10:01 - [TEST_STEP][PASSED] - Statement - Checker = com.kms.katalon.core.webui.keyword.WebUiBuiltInKeywords.verifyElementHasAttribute(com.kms.katalon.core.testobject.ObjectRepository.findTestObject(Final Object Repo/Landing Page/BM Detecting), "href", 20, OPTIONAL): Object 'Object Repository/Final Object Repo/Landing Page/BM Detecting' has attribute 'href'

2018-11-16 16:10:01 - [MESSAGE][PASSED] - Object 'Object Repository/Final Object Repo/Landing Page/BM Detecting' has attribute 'href'

2018-11-16 16:10:01 - [TEST_STEP][PASSED] - Statement - out.println(Checker): null

2018-11-16 16:10:01 - [TEST_STEP][PASSED] - Statement - If (Checker == false): null

2018-11-16 16:10:01 - [TEST_STEP][PASSED] - Statement - Else: null

2018-11-16 16:10:01 - [TEST_STEP][PASSED] - delay: Delayed 2 second(s)

2018-11-16 16:10:03 - [MESSAGE][PASSED] - Delayed 2 second(s)

2018-11-16 16:10:03 - [TEST_STEP][PASSED] - click: Object: 'Object Repository/Final Object Repo/Page_MyASSIST - ASSIST - Search Pending Case For Add Supporting Document/Search Information' is clicked on

2018-11-16 16:10:03 - [MESSAGE][PASSED] - Object: 'Object Repository/Final Object Repo/Page_MyASSIST - ASSIST - Search Pending Case For Add Supporting Document/Search Information' is clicked on

2018-11-16 16:10:03 - [TEST_STEP][PASSED] - delay: Delayed 3 second(s)

2018-11-16 16:10:06 - [MESSAGE][PASSED] - Delayed 3 second(s)

2018-11-16 16:10:06 - [TEST_STEP][PASSED] - sendKeys: Keys 'CUN112018C100005517' sent to object: 'Object Repository/Final Object Repo/Page_MyASSIST - ASSIST - Search Pending Case For Add Supporting Document/Reference No'

2018-11-16 16:10:06 - [MESSAGE][PASSED] - Keys 'CUN112018C100005517' sent to object: 'Object Repository/Final Object Repo/Page_MyASSIST - ASSIST - Search Pending Case For Add Supporting Document/Reference No'

2018-11-16 16:10:06 - [TEST_STEP][PASSED] - click: Object: 'Object Repository/Final Object Repo/Page_MyASSIST - ASSIST - Search Pending Case For Add Supporting Document/Search Reference No' is clicked on

2018-11-16 16:10:07 - [MESSAGE][PASSED] - Object: 'Object Repository/Final Object Repo/Page_MyASSIST - ASSIST - Search Pending Case For Add Supporting Document/Search Reference No' is clicked on

2018-11-16 16:10:07 - [TEST_STEP][PASSED] - delay: Delayed 2 second(s)

2018-11-16 16:10:09 - [MESSAGE][PASSED] - Delayed 2 second(s)

2018-11-16 16:10:09 - [TEST_STEP][PASSED] - click: Object: 'Object Repository/Final Object Repo/Page_MyASSIST - ASSIST - Search Pending Case For Add Supporting Document/Continue' is clicked on

2018-11-16 16:10:14 - [MESSAGE][PASSED] - Object: 'Object Repository/Final Object Repo/Page_MyASSIST - ASSIST - Search Pending Case For Add Supporting Document/Continue' is clicked on

2018-11-16 16:10:14 - [TEST_STEP][PASSED] - delay: Delayed 20 second(s)

2018-11-16 16:10:34 - [MESSAGE][PASSED] - Delayed 20 second(s)

2018-11-16 16:10:34 - [MESSAGE][PASSED] - Call Test Case 'Test Cases/Final Aug 2018 - PKS Automation/Registration Module/Workflow/Login and Search Case For Workflow' successfully

2018-11-16 16:10:34 - [TEST_STEP][PASSED] - delay: Delayed 2 second(s)

2018-11-16 16:10:36 - [MESSAGE][PASSED] - Delayed 2 second(s)

2018-11-16 16:10:36 - [TEST_STEP][PASSED] - click: Object: 'Object Repository/Final Object Repo/Page_Update Employee Information By Employer/Page_Update Employee Information by Employer (Approve)/Continue' is clicked on

2018-11-16 16:10:40 - [MESSAGE][PASSED] - Object: 'Object Repository/Final Object Repo/Page_Update Employee Information By Employer/Page_Update Employee Information by Employer (Approve)/Continue' is clicked on

2018-11-16 16:10:40 - [TEST_STEP][PASSED] - delay: Delayed 2 second(s)

2018-11-16 16:10:42 - [MESSAGE][PASSED] - Delayed 2 second(s)

2018-11-16 16:10:42 - [TEST_STEP][PASSED] - click: Object: 'Object Repository/Final Object Repo/Page_Update Employee Information By Employer/Page_Update Employee Information by Employer (Approve)/Save  Continue in Update Employee Information Page' is clicked on

2018-11-16 16:10:46 - [MESSAGE][PASSED] - Object: 'Object Repository/Final Object Repo/Page_Update Employee Information By Employer/Page_Update Employee Information by Employer (Approve)/Save  Continue in Update Employee Information Page' is clicked on

2018-11-16 16:10:46 - [TEST_STEP][PASSED] - delay: Delayed 4 second(s)

2018-11-16 16:10:50 - [MESSAGE][PASSED] - Delayed 4 second(s)

2018-11-16 16:10:50 - [TEST_STEP][PASSED] - click: Object: 'Object Repository/Final Object Repo/Page_Update Employee Information By Employer/Page_Update Employee Information by Employer (Approve)/Save  Continue in Upload Supporting Doucument Page' is clicked on

2018-11-16 16:10:54 - [MESSAGE][PASSED] - Object: 'Object Repository/Final Object Repo/Page_Update Employee Information By Employer/Page_Update Employee Information by Employer (Approve)/Save  Continue in Upload Supporting Doucument Page' is clicked on

2018-11-16 16:10:54 - [TEST_STEP][PASSED] - delay: Delayed 2 second(s)

2018-11-16 16:10:56 - [MESSAGE][PASSED] - Delayed 2 second(s)

2018-11-16 16:10:56 - [TEST_STEP][PASSED] - click: Object: 'Object Repository/Final Object Repo/Page_Update Employee Information By Employer/Page_Update Employee Information by Employer (Reject)/Reject' is clicked on

2018-11-16 16:10:56 - [MESSAGE][PASSED] - Object: 'Object Repository/Final Object Repo/Page_Update Employee Information By Employer/Page_Update Employee Information by Employer (Reject)/Reject' is clicked on

2018-11-16 16:10:56 - [TEST_STEP][PASSED] - delay: Delayed 2 second(s)

2018-11-16 16:10:58 - [MESSAGE][PASSED] - Delayed 2 second(s)

2018-11-16 16:10:58 - [TEST_STEP][PASSED] - click: Object: 'Object Repository/Final Object Repo/Page_Update Employee Information By Employer/Page_Update Employee Information by Employer (Approve)/Confirm' is clicked on

2018-11-16 16:11:04 - [MESSAGE][PASSED] - Object: 'Object Repository/Final Object Repo/Page_Update Employee Information By Employer/Page_Update Employee Information by Employer (Approve)/Confirm' is clicked on

2018-11-16 16:11:04 - [TEST_STEP][PASSED] - delay: Delayed 2 second(s)

2018-11-16 16:11:06 - [MESSAGE][PASSED] - Delayed 2 second(s)

2018-11-16 16:11:06 - [TEST_STEP][PASSED] - verifyElementVisible: Object 'Object Repository/Final Object Repo/Page_Update Employee Information By Employer/Page_Update Employee Information by Employer (Reject)/Rejected Messeage This Case has been Rejecte' is visible

2018-11-16 16:11:06 - [MESSAGE][PASSED] - Object 'Object Repository/Final Object Repo/Page_Update Employee Information By Employer/Page_Update Employee Information by Employer (Reject)/Rejected Messeage This Case has been Rejecte' is visible

2018-11-16 16:11:06 - [TEST_STEP][PASSED] - delay: Delayed 2 second(s)

2018-11-16 16:11:08 - [MESSAGE][PASSED] - Delayed 2 second(s)

2018-11-16 16:11:08 - [TEST_STEP][PASSED] - verifyElementVisible: Object 'Object Repository/Final Object Repo/Page_Update Employee Information By Employer/Page_Update Employee Information by Employer (Reject)/Letter of update rejection' is visible

2018-11-16 16:11:08 - [MESSAGE][PASSED] - Object 'Object Repository/Final Object Repo/Page_Update Employee Information By Employer/Page_Update Employee Information by Employer (Reject)/Letter of update rejection' is visible

2018-11-16 16:11:08 - [MESSAGE][PASSED] - Call Test Case 'Test Cases/Final Aug 2018 - PKS Automation/Registration Module/Workflow/Update Employee Information (Employer)/Template/Update Employee Information - Special Case - UO (Reject)' successfully]]></system-out>
         <system-err><![CDATA[]]></system-err>
      </testcase>
      <testcase name="Test Cases/Final Aug 2018 - PKS Automation/Registration Module/Workflow/Update Employee Information (Employer)/PAU to UO (Under enforcement)" classname="Test Cases/Final Aug 2018 - PKS Automation/Registration Module/Workflow/Update Employee Information (Employer)/PAU to UO (Under enforcement)" status="PASSED">
         <system-out><![CDATA[2018-11-16 16:11:08 - [TEST_CASE][PASSED] - Test Cases/Final Aug 2018 - PKS Automation/Registration Module/Workflow/Update Employee Information (Employer)/PAU to UO (Under enforcement): Test Cases/Final Aug 2018 - PKS Automation/Registration Module/Workflow/Update Employee Information (Employer)/PAU to UO (Under enforcement)

2018-11-16 16:11:08 - [TEST_STEP][PASSED] - callTestCase: Call Test Case 'Test Cases/Final Aug 2018 - PKS Automation/Registration Module/Workflow/Update Employee Information (Employer)/Template/Update Employer Information - Special Case (PAU)' successfully

2018-11-16 16:11:08 - [TEST_CASE][PASSED] - Test Cases/Final Aug 2018 - PKS Automation/Registration Module/Workflow/Update Employee Information (Employer)/Template/Update Employer Information - Special Case (PAU): Test Cases/Final Aug 2018 - PKS Automation/Registration Module/Workflow/Update Employee Information (Employer)/Template/Update Employer Information - Special Case (PAU)

2018-11-16 16:11:08 - [TEST_STEP][PASSED] - openBrowser: Browser is opened with url: ''

2018-11-16 16:11:08 - [MESSAGE][WARNING] - A browser is already opened. Closing browser and opening a new one

2018-11-16 16:11:13 - [MESSAGE][PASSED] - Browser is opened with url: ''

2018-11-16 16:11:13 - [TEST_STEP][PASSED] - navigateToUrl: Navigate to 'https://assist2-uat.perkeso.gov.my/login' successfully

2018-11-16 16:11:15 - [MESSAGE][PASSED] - Navigate to 'https://assist2-uat.perkeso.gov.my/login' successfully

2018-11-16 16:11:15 - [TEST_STEP][PASSED] - setText: Text 'johorpau1@gmail.com' is set on object 'Object Repository/Final Object Repo/Login Page/Internal User/Email Address'

2018-11-16 16:11:15 - [MESSAGE][PASSED] - Text 'johorpau1@gmail.com' is set on object 'Object Repository/Final Object Repo/Login Page/Internal User/Email Address'

2018-11-16 16:11:15 - [TEST_STEP][PASSED] - click: Object: 'Object Repository/Final Object Repo/Login Page/Internal User/Next Button' is clicked on

2018-11-16 16:11:16 - [MESSAGE][PASSED] - Object: 'Object Repository/Final Object Repo/Login Page/Internal User/Next Button' is clicked on

2018-11-16 16:11:16 - [TEST_STEP][PASSED] - delay: Delayed 1 second(s)

2018-11-16 16:11:17 - [MESSAGE][PASSED] - Delayed 1 second(s)

2018-11-16 16:11:17 - [TEST_STEP][PASSED] - setEncryptedText: Text ****** has been set on object 'Object Repository/Final Object Repo/Login Page/Internal User/Password'

2018-11-16 16:11:17 - [MESSAGE][PASSED] - Text ****** has been set on object 'Object Repository/Final Object Repo/Login Page/Internal User/Password'

2018-11-16 16:11:17 - [TEST_STEP][PASSED] - click: Object: 'Object Repository/Final Object Repo/Login Page/Internal User/Login Button' is clicked on

2018-11-16 16:11:20 - [MESSAGE][PASSED] - Object: 'Object Repository/Final Object Repo/Login Page/Internal User/Login Button' is clicked on

2018-11-16 16:11:20 - [TEST_STEP][PASSED] - Statement - Try: Delayed 2 second(s)

2018-11-16 16:11:20 - [TEST_STEP][PASSED] - Statement - Checker = false: null

2018-11-16 16:11:20 - [TEST_STEP][PASSED] - Statement - Checker = com.kms.katalon.core.webui.keyword.WebUiBuiltInKeywords.verifyElementHasAttribute(com.kms.katalon.core.testobject.ObjectRepository.findTestObject(Final Object Repo/Landing Page/BM Detecting), "href", 20, OPTIONAL): Object 'Object Repository/Final Object Repo/Landing Page/BM Detecting' has attribute 'href'

2018-11-16 16:11:20 - [MESSAGE][PASSED] - Object 'Object Repository/Final Object Repo/Landing Page/BM Detecting' has attribute 'href'

2018-11-16 16:11:20 - [TEST_STEP][PASSED] - Statement - out.println(Checker): null

2018-11-16 16:11:20 - [TEST_STEP][PASSED] - Statement - If (Checker == false): null

2018-11-16 16:11:20 - [TEST_STEP][PASSED] - Statement - Else: null

2018-11-16 16:11:20 - [TEST_STEP][PASSED] - delay: Delayed 2 second(s)

2018-11-16 16:11:22 - [MESSAGE][PASSED] - Delayed 2 second(s)

2018-11-16 16:11:22 - [TEST_STEP][PASSED] - delay: Delayed 1 second(s)

2018-11-16 16:11:23 - [MESSAGE][PASSED] - Delayed 1 second(s)

2018-11-16 16:11:23 - [TEST_STEP][PASSED] - navigateToUrl: Navigate to 'https://assist2-uat.perkeso.gov.my/web/registration/update/update-employee-information-employer-' successfully

2018-11-16 16:11:24 - [MESSAGE][PASSED] - Navigate to 'https://assist2-uat.perkeso.gov.my/web/registration/update/update-employee-information-employer-' successfully

2018-11-16 16:11:24 - [TEST_STEP][PASSED] - setText: Text 'E1102001065V' is set on object 'Object Repository/Final Object Repo/Page_Update Employee Information By Employer/Employer Code'

2018-11-16 16:11:24 - [MESSAGE][PASSED] - Text 'E1102001065V' is set on object 'Object Repository/Final Object Repo/Page_Update Employee Information By Employer/Employer Code'

2018-11-16 16:11:24 - [TEST_STEP][PASSED] - click: Object: 'Object Repository/Final Object Repo/Page_Update Employee Information By Employer/Search Employer Code' is clicked on

2018-11-16 16:11:26 - [MESSAGE][PASSED] - Object: 'Object Repository/Final Object Repo/Page_Update Employee Information By Employer/Search Employer Code' is clicked on

2018-11-16 16:11:26 - [TEST_STEP][PASSED] - click: Object: 'Object Repository/Final Object Repo/Page_Update Employee Information By Employer/Edit Button' is clicked on

2018-11-16 16:11:29 - [MESSAGE][PASSED] - Object: 'Object Repository/Final Object Repo/Page_Update Employee Information By Employer/Edit Button' is clicked on

2018-11-16 16:11:29 - [TEST_STEP][PASSED] - click: Object: 'Object Repository/Final Object Repo/Page_Update Employee Information By Employer/Employee Name or New Identification' is clicked on

2018-11-16 16:11:29 - [MESSAGE][PASSED] - Object: 'Object Repository/Final Object Repo/Page_Update Employee Information By Employer/Employee Name or New Identification' is clicked on

2018-11-16 16:11:29 - [TEST_STEP][PASSED] - delay: Delayed 1 second(s)

2018-11-16 16:11:30 - [MESSAGE][PASSED] - Delayed 1 second(s)

2018-11-16 16:11:30 - [TEST_STEP][PASSED] - click: Object: 'Object Repository/Final Object Repo/Page_Update Employee Information By Employer/Selection - Employee Name' is clicked on

2018-11-16 16:11:31 - [MESSAGE][PASSED] - Object: 'Object Repository/Final Object Repo/Page_Update Employee Information By Employer/Selection - Employee Name' is clicked on

2018-11-16 16:11:31 - [TEST_STEP][PASSED] - delay: Delayed 1 second(s)

2018-11-16 16:11:32 - [MESSAGE][PASSED] - Delayed 1 second(s)

2018-11-16 16:11:32 - [TEST_STEP][PASSED] - setText: Text 'PERKESO' is set on object 'Object Repository/Final Object Repo/Page_Update Employee Information By Employer/Employee Name'

2018-11-16 16:11:32 - [MESSAGE][PASSED] - Text 'PERKESO' is set on object 'Object Repository/Final Object Repo/Page_Update Employee Information By Employer/Employee Name'

2018-11-16 16:11:32 - [TEST_STEP][PASSED] - delay: Delayed 2 second(s)

2018-11-16 16:11:34 - [MESSAGE][PASSED] - Delayed 2 second(s)

2018-11-16 16:11:34 - [TEST_STEP][PASSED] - click: Object: 'Object Repository/Final Object Repo/Page_Update Employee Information By Employer/Search Employee' is clicked on

2018-11-16 16:11:35 - [MESSAGE][PASSED] - Object: 'Object Repository/Final Object Repo/Page_Update Employee Information By Employer/Search Employee' is clicked on

2018-11-16 16:11:35 - [TEST_STEP][PASSED] - delay: Delayed 3 second(s)

2018-11-16 16:11:38 - [MESSAGE][PASSED] - Delayed 3 second(s)

2018-11-16 16:11:38 - [TEST_STEP][PASSED] - click: Object: 'Object Repository/Final Object Repo/Page_Update Employee Information By Employer/Employee Edit Button' is clicked on

2018-11-16 16:11:38 - [MESSAGE][PASSED] - Object: 'Object Repository/Final Object Repo/Page_Update Employee Information By Employer/Employee Edit Button' is clicked on

2018-11-16 16:11:38 - [TEST_STEP][PASSED] - delay: Delayed 3 second(s)

2018-11-16 16:11:41 - [MESSAGE][PASSED] - Delayed 3 second(s)

2018-11-16 16:11:41 - [TEST_STEP][PASSED] - setText: Text '' is set on object 'Object Repository/Final Object Repo/Page_Update Employee Information By Employer/Identification Number'

2018-11-16 16:11:41 - [MESSAGE][PASSED] - Text '' is set on object 'Object Repository/Final Object Repo/Page_Update Employee Information By Employer/Identification Number'

2018-11-16 16:11:41 - [TEST_STEP][PASSED] - Statement - rnd = new java.util.Random(): null

2018-11-16 16:11:41 - [TEST_STEP][PASSED] - Statement - snum = rnd.nextInt(899999 + 1) + 100000: null

2018-11-16 16:11:41 - [TEST_STEP][PASSED] - Statement - tnum = rnd.nextInt(899999 + 1) + 100000: null

2018-11-16 16:11:41 - [TEST_STEP][PASSED] - Statement - IC = java.lang.Integer.toString(snum) + java.lang.Integer.toString(tnum): null

2018-11-16 16:11:41 - [TEST_STEP][PASSED] - Statement - out.println(IC): null

2018-11-16 16:11:41 - [TEST_STEP][PASSED] - setText: Text '245866712419' is set on object 'Object Repository/Final Object Repo/Page_Update Employee Information By Employer/Identification Number'

2018-11-16 16:11:41 - [MESSAGE][PASSED] - Text '245866712419' is set on object 'Object Repository/Final Object Repo/Page_Update Employee Information By Employer/Identification Number'

2018-11-16 16:11:41 - [TEST_STEP][PASSED] - click: Object: 'Object Repository/Final Object Repo/Page_Update Employee Information By Employer/Save' is clicked on

2018-11-16 16:11:46 - [MESSAGE][PASSED] - Object: 'Object Repository/Final Object Repo/Page_Update Employee Information By Employer/Save' is clicked on

2018-11-16 16:11:46 - [TEST_STEP][PASSED] - delay: Delayed 5 second(s)

2018-11-16 16:11:51 - [MESSAGE][PASSED] - Delayed 5 second(s)

2018-11-16 16:11:51 - [TEST_STEP][PASSED] - Statement - CaseReferenceNo = com.kms.katalon.core.webui.keyword.WebUiBuiltInKeywords.getText(com.kms.katalon.core.testobject.ObjectRepository.findTestObject(Final Object Repo/Reference Number/Reference Number in Update Employee Information Page)): Text of object 'Object Repository/Final Object Repo/Reference Number/Reference Number in Update Employee Information Page' is: 'CUN112018C100005518'

2018-11-16 16:11:51 - [MESSAGE][PASSED] - Text of object 'Object Repository/Final Object Repo/Reference Number/Reference Number in Update Employee Information Page' is: 'CUN112018C100005518'

2018-11-16 16:11:51 - [TEST_STEP][PASSED] - callTestCase: Call Test Case 'Test Cases/Final Aug 2018 - PKS Automation/Common/Reference Number Setter' successfully

2018-11-16 16:11:51 - [TEST_CASE][PASSED] - Test Cases/Final Aug 2018 - PKS Automation/Common/Reference Number Setter: Test Cases/Final Aug 2018 - PKS Automation/Common/Reference Number Setter

2018-11-16 16:11:51 - [TEST_STEP][PASSED] - Statement - RefNoOldFile = new java.io.File(C://KatalonReference.txt): null

2018-11-16 16:11:51 - [TEST_STEP][PASSED] - Statement - RefNoOldFile.delete(): null

2018-11-16 16:11:51 - [TEST_STEP][PASSED] - delay: Delayed 5 second(s)

2018-11-16 16:11:56 - [MESSAGE][PASSED] - Delayed 5 second(s)

2018-11-16 16:11:56 - [TEST_STEP][PASSED] - Statement - RefNo = new java.io.File(C://KatalonReference.txt): null

2018-11-16 16:11:56 - [TEST_STEP][PASSED] - Statement - f2 = new java.io.FileWriter(RefNo, false): null

2018-11-16 16:11:56 - [TEST_STEP][PASSED] - Statement - f2.write(CaseReferenceNo): null

2018-11-16 16:11:56 - [TEST_STEP][PASSED] - Statement - f2.close(): null

2018-11-16 16:11:56 - [TEST_STEP][PASSED] - Statement - out.println("


" + CaseReferenceNo + "


"): null

2018-11-16 16:11:56 - [MESSAGE][PASSED] - Call Test Case 'Test Cases/Final Aug 2018 - PKS Automation/Common/Reference Number Setter' successfully

2018-11-16 16:11:56 - [TEST_STEP][PASSED] - delay: Delayed 5 second(s)

2018-11-16 16:12:01 - [MESSAGE][PASSED] - Delayed 5 second(s)

2018-11-16 16:12:01 - [TEST_STEP][PASSED] - click: Object: 'Object Repository/Final Object Repo/Page_Update Employee Information By Employer/Save  Continue in  Employee Information Page' is clicked on

2018-11-16 16:12:05 - [MESSAGE][PASSED] - Object: 'Object Repository/Final Object Repo/Page_Update Employee Information By Employer/Save  Continue in  Employee Information Page' is clicked on

2018-11-16 16:12:05 - [TEST_STEP][PASSED] - delay: Delayed 5 second(s)

2018-11-16 16:12:10 - [MESSAGE][PASSED] - Delayed 5 second(s)

2018-11-16 16:12:10 - [TEST_STEP][PASSED] - click: Object: 'Object Repository/Final Object Repo/Page_Update Employee Information By Employer/Save  Continue in Uploading Page 1' is clicked on

2018-11-16 16:12:14 - [MESSAGE][PASSED] - Object: 'Object Repository/Final Object Repo/Page_Update Employee Information By Employer/Save  Continue in Uploading Page 1' is clicked on

2018-11-16 16:12:14 - [TEST_STEP][PASSED] - delay: Delayed 5 second(s)

2018-11-16 16:12:19 - [MESSAGE][PASSED] - Delayed 5 second(s)

2018-11-16 16:12:19 - [TEST_STEP][PASSED] - click: Object: 'Object Repository/Final Object Repo/Page_Update Employee Information By Employer/Submit' is clicked on

2018-11-16 16:12:19 - [MESSAGE][PASSED] - Object: 'Object Repository/Final Object Repo/Page_Update Employee Information By Employer/Submit' is clicked on

2018-11-16 16:12:19 - [TEST_STEP][PASSED] - delay: Delayed 5 second(s)

2018-11-16 16:12:24 - [MESSAGE][PASSED] - Delayed 5 second(s)

2018-11-16 16:12:24 - [TEST_STEP][PASSED] - click: Object: 'Object Repository/Final Object Repo/Page_Update Employee Information By Employer/Confirm' is clicked on

2018-11-16 16:12:28 - [MESSAGE][PASSED] - Object: 'Object Repository/Final Object Repo/Page_Update Employee Information By Employer/Confirm' is clicked on

2018-11-16 16:12:28 - [TEST_STEP][PASSED] - delay: Delayed 5 second(s)

2018-11-16 16:12:33 - [MESSAGE][PASSED] - Delayed 5 second(s)

2018-11-16 16:12:33 - [TEST_STEP][PASSED] - verifyElementVisible: Object 'Object Repository/Final Object Repo/Page_Update Employee Information By Employer/Successfull Message Routed to UO' is visible

2018-11-16 16:12:33 - [MESSAGE][PASSED] - Object 'Object Repository/Final Object Repo/Page_Update Employee Information By Employer/Successfull Message Routed to UO' is visible

2018-11-16 16:12:33 - [MESSAGE][PASSED] - Call Test Case 'Test Cases/Final Aug 2018 - PKS Automation/Registration Module/Workflow/Update Employee Information (Employer)/Template/Update Employer Information - Special Case (PAU)' successfully

2018-11-16 16:12:33 - [TEST_STEP][PASSED] - callTestCase: Call Test Case 'Test Cases/Final Aug 2018 - PKS Automation/Registration Module/Workflow/Update Employee Information (Employer)/Template/Update Employee Information - Special Case - UO (UnderEnforcement)' successfully

2018-11-16 16:12:34 - [TEST_CASE][PASSED] - Test Cases/Final Aug 2018 - PKS Automation/Registration Module/Workflow/Update Employee Information (Employer)/Template/Update Employee Information - Special Case - UO (UnderEnforcement): Test Cases/Final Aug 2018 - PKS Automation/Registration Module/Workflow/Update Employee Information (Employer)/Template/Update Employee Information - Special Case - UO (UnderEnforcement)

2018-11-16 16:12:34 - [TEST_STEP][NOT_RUN] - callTestCase: NOT_RUN: callTestCase

2018-11-16 16:12:34 - [MESSAGE][NOT_RUN] - NOT_RUN: callTestCase

2018-11-16 16:12:34 - [TEST_STEP][PASSED] - delay: Delayed 2 second(s)

2018-11-16 16:12:36 - [MESSAGE][PASSED] - Delayed 2 second(s)

2018-11-16 16:12:36 - [TEST_STEP][PASSED] - navigateToUrl: Navigate to 'https://assist2-uat.perkeso.gov.my/c/portal/logout' successfully

2018-11-16 16:12:37 - [MESSAGE][PASSED] - Navigate to 'https://assist2-uat.perkeso.gov.my/c/portal/logout' successfully

2018-11-16 16:12:37 - [TEST_STEP][PASSED] - delay: Delayed 2 second(s)

2018-11-16 16:12:39 - [MESSAGE][PASSED] - Delayed 2 second(s)

2018-11-16 16:12:39 - [TEST_STEP][PASSED] - callTestCase: Call Test Case 'Test Cases/Final Aug 2018 - PKS Automation/Common/Reference Number Getter' successfully

2018-11-16 16:12:39 - [TEST_CASE][PASSED] - Test Cases/Final Aug 2018 - PKS Automation/Common/Reference Number Getter: Test Cases/Final Aug 2018 - PKS Automation/Common/Reference Number Getter

2018-11-16 16:12:39 - [TEST_STEP][PASSED] - Statement - Try: null

2018-11-16 16:12:39 - [TEST_STEP][PASSED] - Statement - RefNo = new java.io.File(C://KatalonReference.txt): null

2018-11-16 16:12:39 - [TEST_STEP][PASSED] - Statement - bufferread = new java.io.BufferedReader(new java.io.FileReader(RefNo)): null

2018-11-16 16:12:39 - [TEST_STEP][PASSED] - Statement - readedVal = bufferread.readLine(): null

2018-11-16 16:12:39 - [TEST_STEP][PASSED] - Statement - out.println(CaseReferenceNo): null

2018-11-16 16:12:39 - [TEST_STEP][PASSED] - Statement - out.println(readedVal): null

2018-11-16 16:12:39 - [TEST_STEP][PASSED] - Statement - CaseReferenceNo = "": null

2018-11-16 16:12:39 - [TEST_STEP][PASSED] - Statement - CaseReferenceNo = readedVal: null

2018-11-16 16:12:39 - [MESSAGE][PASSED] - Call Test Case 'Test Cases/Final Aug 2018 - PKS Automation/Common/Reference Number Getter' successfully

2018-11-16 16:12:39 - [TEST_STEP][PASSED] - callTestCase: Call Test Case 'Test Cases/Final Aug 2018 - PKS Automation/Common/Workflow Owner Finder' successfully

2018-11-16 16:12:39 - [TEST_CASE][PASSED] - Test Cases/Final Aug 2018 - PKS Automation/Common/Workflow Owner Finder: Test Cases/Final Aug 2018 - PKS Automation/Common/Workflow Owner Finder

2018-11-16 16:12:39 - [TEST_STEP][PASSED] - openBrowser: Browser is opened with url: ''

2018-11-16 16:12:39 - [MESSAGE][WARNING] - A browser is already opened. Closing browser and opening a new one

2018-11-16 16:12:44 - [MESSAGE][PASSED] - Browser is opened with url: ''

2018-11-16 16:12:44 - [TEST_STEP][PASSED] - navigateToUrl: Navigate to 'https://assist2-uat.perkeso.gov.my/login' successfully

2018-11-16 16:12:46 - [MESSAGE][PASSED] - Navigate to 'https://assist2-uat.perkeso.gov.my/login' successfully

2018-11-16 16:12:46 - [TEST_STEP][PASSED] - delay: Delayed 5 second(s)

2018-11-16 16:12:51 - [MESSAGE][PASSED] - Delayed 5 second(s)

2018-11-16 16:12:51 - [TEST_STEP][PASSED] - setText: Text 'test@liferay.com' is set on object 'Object Repository/Final Object Repo/Login Page/Internal User/Email Address'

2018-11-16 16:12:51 - [MESSAGE][PASSED] - Text 'test@liferay.com' is set on object 'Object Repository/Final Object Repo/Login Page/Internal User/Email Address'

2018-11-16 16:12:51 - [TEST_STEP][PASSED] - click: Object: 'Object Repository/Final Object Repo/Login Page/Internal User/Next Button' is clicked on

2018-11-16 16:12:52 - [MESSAGE][PASSED] - Object: 'Object Repository/Final Object Repo/Login Page/Internal User/Next Button' is clicked on

2018-11-16 16:12:52 - [TEST_STEP][PASSED] - delay: Delayed 2 second(s)

2018-11-16 16:12:54 - [MESSAGE][PASSED] - Delayed 2 second(s)

2018-11-16 16:12:54 - [TEST_STEP][PASSED] - setText: Text 'test' is set on object 'Object Repository/Final Object Repo/Login Page/Internal User/Password'

2018-11-16 16:12:54 - [MESSAGE][PASSED] - Text 'test' is set on object 'Object Repository/Final Object Repo/Login Page/Internal User/Password'

2018-11-16 16:12:54 - [TEST_STEP][PASSED] - delay: Delayed 2 second(s)

2018-11-16 16:12:56 - [MESSAGE][PASSED] - Delayed 2 second(s)

2018-11-16 16:12:56 - [TEST_STEP][PASSED] - click: Object: 'Object Repository/Final Object Repo/Login Page/Internal User/Login Button' is clicked on

2018-11-16 16:12:59 - [MESSAGE][PASSED] - Object: 'Object Repository/Final Object Repo/Login Page/Internal User/Login Button' is clicked on

2018-11-16 16:12:59 - [TEST_STEP][PASSED] - Statement - Try: Delayed 2 second(s)

2018-11-16 16:12:59 - [TEST_STEP][PASSED] - Statement - Checker = false: null

2018-11-16 16:12:59 - [TEST_STEP][PASSED] - Statement - Checker = com.kms.katalon.core.webui.keyword.WebUiBuiltInKeywords.verifyElementHasAttribute(com.kms.katalon.core.testobject.ObjectRepository.findTestObject(Final Object Repo/Landing Page/BM Detecting), "href", 20, OPTIONAL): Object 'Object Repository/Final Object Repo/Landing Page/BM Detecting' has attribute 'href'

2018-11-16 16:12:59 - [MESSAGE][PASSED] - Object 'Object Repository/Final Object Repo/Landing Page/BM Detecting' has attribute 'href'

2018-11-16 16:12:59 - [TEST_STEP][PASSED] - Statement - out.println(Checker): null

2018-11-16 16:12:59 - [TEST_STEP][PASSED] - Statement - If (Checker == false): null

2018-11-16 16:12:59 - [TEST_STEP][PASSED] - Statement - Else: null

2018-11-16 16:12:59 - [TEST_STEP][PASSED] - delay: Delayed 2 second(s)

2018-11-16 16:13:01 - [MESSAGE][PASSED] - Delayed 2 second(s)

2018-11-16 16:13:01 - [TEST_STEP][PASSED] - delay: Delayed 3 second(s)

2018-11-16 16:13:04 - [MESSAGE][PASSED] - Delayed 3 second(s)

2018-11-16 16:13:04 - [TEST_STEP][PASSED] - mouseOver: Object: 'Object Repository/Final Object Repo/Landing Page/WorkFlow Menu' is hovered

2018-11-16 16:13:04 - [MESSAGE][PASSED] - Object: 'Object Repository/Final Object Repo/Landing Page/WorkFlow Menu' is hovered

2018-11-16 16:13:04 - [TEST_STEP][PASSED] - delay: Delayed 2 second(s)

2018-11-16 16:13:06 - [MESSAGE][PASSED] - Delayed 2 second(s)

2018-11-16 16:13:06 - [TEST_STEP][PASSED] - click: Object: 'Object Repository/Final Object Repo/Landing Page/Select to Workflow Listing' is clicked on

2018-11-16 16:13:08 - [MESSAGE][PASSED] - Object: 'Object Repository/Final Object Repo/Landing Page/Select to Workflow Listing' is clicked on

2018-11-16 16:13:08 - [TEST_STEP][PASSED] - delay: Delayed 2 second(s)

2018-11-16 16:13:10 - [MESSAGE][PASSED] - Delayed 2 second(s)

2018-11-16 16:13:10 - [TEST_STEP][PASSED] - click: Object: 'Object Repository/Final Object Repo/WorkFlow Listing Page/Search Information - To Put Ref No' is clicked on

2018-11-16 16:13:10 - [MESSAGE][PASSED] - Object: 'Object Repository/Final Object Repo/WorkFlow Listing Page/Search Information - To Put Ref No' is clicked on

2018-11-16 16:13:10 - [TEST_STEP][PASSED] - delay: Delayed 2 second(s)

2018-11-16 16:13:12 - [MESSAGE][PASSED] - Delayed 2 second(s)

2018-11-16 16:13:12 - [TEST_STEP][PASSED] - callTestCase: Call Test Case 'Test Cases/Final Aug 2018 - PKS Automation/Common/Reference Number Getter' successfully

2018-11-16 16:13:12 - [TEST_CASE][PASSED] - Test Cases/Final Aug 2018 - PKS Automation/Common/Reference Number Getter: Test Cases/Final Aug 2018 - PKS Automation/Common/Reference Number Getter

2018-11-16 16:13:12 - [TEST_STEP][PASSED] - Statement - Try: null

2018-11-16 16:13:12 - [TEST_STEP][PASSED] - Statement - RefNo = new java.io.File(C://KatalonReference.txt): null

2018-11-16 16:13:12 - [TEST_STEP][PASSED] - Statement - bufferread = new java.io.BufferedReader(new java.io.FileReader(RefNo)): null

2018-11-16 16:13:12 - [TEST_STEP][PASSED] - Statement - readedVal = bufferread.readLine(): null

2018-11-16 16:13:12 - [TEST_STEP][PASSED] - Statement - out.println(CaseReferenceNo): null

2018-11-16 16:13:12 - [TEST_STEP][PASSED] - Statement - out.println(readedVal): null

2018-11-16 16:13:12 - [TEST_STEP][PASSED] - Statement - CaseReferenceNo = "": null

2018-11-16 16:13:12 - [TEST_STEP][PASSED] - Statement - CaseReferenceNo = readedVal: null

2018-11-16 16:13:12 - [MESSAGE][PASSED] - Call Test Case 'Test Cases/Final Aug 2018 - PKS Automation/Common/Reference Number Getter' successfully

2018-11-16 16:13:12 - [TEST_STEP][PASSED] - setText: Text 'CUN112018C100005518' is set on object 'Object Repository/Final Object Repo/WorkFlow Listing Page/Ref No Set Text'

2018-11-16 16:13:12 - [MESSAGE][PASSED] - Text 'CUN112018C100005518' is set on object 'Object Repository/Final Object Repo/WorkFlow Listing Page/Ref No Set Text'

2018-11-16 16:13:12 - [TEST_STEP][PASSED] - delay: Delayed 2 second(s)

2018-11-16 16:13:14 - [MESSAGE][PASSED] - Delayed 2 second(s)

2018-11-16 16:13:14 - [TEST_STEP][PASSED] - click: Object: 'Object Repository/Final Object Repo/WorkFlow Listing Page/Search Ref No Search Button' is clicked on

2018-11-16 16:13:17 - [MESSAGE][PASSED] - Object: 'Object Repository/Final Object Repo/WorkFlow Listing Page/Search Ref No Search Button' is clicked on

2018-11-16 16:13:17 - [TEST_STEP][PASSED] - delay: Delayed 4 second(s)

2018-11-16 16:13:21 - [MESSAGE][PASSED] - Delayed 4 second(s)

2018-11-16 16:13:21 - [TEST_STEP][PASSED] - click: Object: 'Object Repository/Final Object Repo/WorkFlow Listing Page/Click Continue Tooltip' is clicked on

2018-11-16 16:13:23 - [MESSAGE][PASSED] - Object: 'Object Repository/Final Object Repo/WorkFlow Listing Page/Click Continue Tooltip' is clicked on

2018-11-16 16:13:23 - [TEST_STEP][PASSED] - delay: Delayed 5 second(s)

2018-11-16 16:13:28 - [MESSAGE][PASSED] - Delayed 5 second(s)

2018-11-16 16:13:28 - [TEST_STEP][PASSED] - doubleClick: Object: 'Object Repository/Final Object Repo/WorkFlow Listing Page/Workflow Found - Listing 1' is double clicked on

2018-11-16 16:13:28 - [MESSAGE][PASSED] - Object: 'Object Repository/Final Object Repo/WorkFlow Listing Page/Workflow Found - Listing 1' is double clicked on

2018-11-16 16:13:28 - [TEST_STEP][PASSED] - Statement - println(OwnerID): null

2018-11-16 16:13:28 - [TEST_STEP][PASSED] - Statement - OwnerID = com.kms.katalon.core.webui.keyword.WebUiBuiltInKeywords.getText(com.kms.katalon.core.testobject.ObjectRepository.findTestObject(Final Object Repo/WorkFlow Listing Page/Workflow Found - Listing 1), STOP_ON_FAILURE): Text of object 'Object Repository/Final Object Repo/WorkFlow Listing Page/Workflow Found - Listing 1' is: 'JOHORuo3'

2018-11-16 16:13:28 - [MESSAGE][PASSED] - Text of object 'Object Repository/Final Object Repo/WorkFlow Listing Page/Workflow Found - Listing 1' is: 'JOHORuo3'

2018-11-16 16:13:28 - [TEST_STEP][PASSED] - Statement - OwnerID = OwnerID.toLowerCase() + "@gmail.com": null

2018-11-16 16:13:28 - [TEST_STEP][PASSED] - Statement - println(OwnerID): null

2018-11-16 16:13:28 - [TEST_STEP][PASSED] - delay: Delayed 2 second(s)

2018-11-16 16:13:30 - [MESSAGE][PASSED] - Delayed 2 second(s)

2018-11-16 16:13:30 - [MESSAGE][PASSED] - Call Test Case 'Test Cases/Final Aug 2018 - PKS Automation/Common/Workflow Owner Finder' successfully

2018-11-16 16:13:30 - [TEST_STEP][PASSED] - delay: Delayed 2 second(s)

2018-11-16 16:13:32 - [MESSAGE][PASSED] - Delayed 2 second(s)

2018-11-16 16:13:32 - [TEST_STEP][PASSED] - navigateToUrl: Navigate to 'https://assist2-uat.perkeso.gov.my/c/portal/logout' successfully

2018-11-16 16:13:33 - [MESSAGE][PASSED] - Navigate to 'https://assist2-uat.perkeso.gov.my/c/portal/logout' successfully

2018-11-16 16:13:33 - [TEST_STEP][PASSED] - delay: Delayed 2 second(s)

2018-11-16 16:13:35 - [MESSAGE][PASSED] - Delayed 2 second(s)

2018-11-16 16:13:35 - [TEST_STEP][PASSED] - callTestCase: Call Test Case 'Test Cases/Final Aug 2018 - PKS Automation/Registration Module/Workflow/Login and Search Case For Workflow' successfully

2018-11-16 16:13:35 - [TEST_CASE][PASSED] - Test Cases/Final Aug 2018 - PKS Automation/Registration Module/Workflow/Login and Search Case For Workflow: Test Cases/Final Aug 2018 - PKS Automation/Registration Module/Workflow/Login and Search Case For Workflow

2018-11-16 16:13:35 - [TEST_STEP][PASSED] - navigateToUrl: Navigate to 'https://assist2-uat.perkeso.gov.my/login' successfully

2018-11-16 16:13:36 - [MESSAGE][PASSED] - Navigate to 'https://assist2-uat.perkeso.gov.my/login' successfully

2018-11-16 16:13:36 - [TEST_STEP][PASSED] - setText: Text 'johoruo3@gmail.com' is set on object 'Object Repository/Final Object Repo/Login Page/Internal User/Email Address'

2018-11-16 16:13:36 - [MESSAGE][PASSED] - Text 'johoruo3@gmail.com' is set on object 'Object Repository/Final Object Repo/Login Page/Internal User/Email Address'

2018-11-16 16:13:36 - [TEST_STEP][PASSED] - click: Object: 'Object Repository/Final Object Repo/Login Page/Internal User/Next Button' is clicked on

2018-11-16 16:13:37 - [MESSAGE][PASSED] - Object: 'Object Repository/Final Object Repo/Login Page/Internal User/Next Button' is clicked on

2018-11-16 16:13:37 - [TEST_STEP][PASSED] - delay: Delayed 1 second(s)

2018-11-16 16:13:38 - [MESSAGE][PASSED] - Delayed 1 second(s)

2018-11-16 16:13:38 - [TEST_STEP][PASSED] - setEncryptedText: Text ****** has been set on object 'Object Repository/Final Object Repo/Login Page/Internal User/Password'

2018-11-16 16:13:38 - [MESSAGE][PASSED] - Text ****** has been set on object 'Object Repository/Final Object Repo/Login Page/Internal User/Password'

2018-11-16 16:13:38 - [TEST_STEP][PASSED] - click: Object: 'Object Repository/Final Object Repo/Login Page/Internal User/Login Button' is clicked on

2018-11-16 16:13:40 - [MESSAGE][PASSED] - Object: 'Object Repository/Final Object Repo/Login Page/Internal User/Login Button' is clicked on

2018-11-16 16:13:40 - [TEST_STEP][PASSED] - delay: Delayed 2 second(s)

2018-11-16 16:13:42 - [MESSAGE][PASSED] - Delayed 2 second(s)

2018-11-16 16:13:42 - [TEST_STEP][PASSED] - Statement - Try: Delayed 2 second(s)

2018-11-16 16:13:42 - [TEST_STEP][PASSED] - Statement - Checker = false: null

2018-11-16 16:13:42 - [TEST_STEP][PASSED] - Statement - Checker = com.kms.katalon.core.webui.keyword.WebUiBuiltInKeywords.verifyElementHasAttribute(com.kms.katalon.core.testobject.ObjectRepository.findTestObject(Final Object Repo/Landing Page/BM Detecting), "href", 20, OPTIONAL): Object 'Object Repository/Final Object Repo/Landing Page/BM Detecting' has attribute 'href'

2018-11-16 16:13:42 - [MESSAGE][PASSED] - Object 'Object Repository/Final Object Repo/Landing Page/BM Detecting' has attribute 'href'

2018-11-16 16:13:42 - [TEST_STEP][PASSED] - Statement - out.println(Checker): null

2018-11-16 16:13:42 - [TEST_STEP][PASSED] - Statement - If (Checker == false): null

2018-11-16 16:13:42 - [TEST_STEP][PASSED] - Statement - Else: null

2018-11-16 16:13:42 - [TEST_STEP][PASSED] - delay: Delayed 2 second(s)

2018-11-16 16:13:44 - [MESSAGE][PASSED] - Delayed 2 second(s)

2018-11-16 16:13:44 - [TEST_STEP][PASSED] - click: Object: 'Object Repository/Final Object Repo/Page_MyASSIST - ASSIST - Search Pending Case For Add Supporting Document/Search Information' is clicked on

2018-11-16 16:13:45 - [MESSAGE][PASSED] - Object: 'Object Repository/Final Object Repo/Page_MyASSIST - ASSIST - Search Pending Case For Add Supporting Document/Search Information' is clicked on

2018-11-16 16:13:45 - [TEST_STEP][PASSED] - delay: Delayed 3 second(s)

2018-11-16 16:13:48 - [MESSAGE][PASSED] - Delayed 3 second(s)

2018-11-16 16:13:48 - [TEST_STEP][PASSED] - sendKeys: Keys 'CUN112018C100005518' sent to object: 'Object Repository/Final Object Repo/Page_MyASSIST - ASSIST - Search Pending Case For Add Supporting Document/Reference No'

2018-11-16 16:13:48 - [MESSAGE][PASSED] - Keys 'CUN112018C100005518' sent to object: 'Object Repository/Final Object Repo/Page_MyASSIST - ASSIST - Search Pending Case For Add Supporting Document/Reference No'

2018-11-16 16:13:48 - [TEST_STEP][PASSED] - click: Object: 'Object Repository/Final Object Repo/Page_MyASSIST - ASSIST - Search Pending Case For Add Supporting Document/Search Reference No' is clicked on

2018-11-16 16:13:50 - [MESSAGE][PASSED] - Object: 'Object Repository/Final Object Repo/Page_MyASSIST - ASSIST - Search Pending Case For Add Supporting Document/Search Reference No' is clicked on

2018-11-16 16:13:50 - [TEST_STEP][PASSED] - delay: Delayed 2 second(s)

2018-11-16 16:13:52 - [MESSAGE][PASSED] - Delayed 2 second(s)

2018-11-16 16:13:52 - [TEST_STEP][PASSED] - click: Object: 'Object Repository/Final Object Repo/Page_MyASSIST - ASSIST - Search Pending Case For Add Supporting Document/Continue' is clicked on

2018-11-16 16:13:57 - [MESSAGE][PASSED] - Object: 'Object Repository/Final Object Repo/Page_MyASSIST - ASSIST - Search Pending Case For Add Supporting Document/Continue' is clicked on

2018-11-16 16:13:57 - [TEST_STEP][PASSED] - delay: Delayed 20 second(s)

2018-11-16 16:14:17 - [MESSAGE][PASSED] - Delayed 20 second(s)

2018-11-16 16:14:17 - [MESSAGE][PASSED] - Call Test Case 'Test Cases/Final Aug 2018 - PKS Automation/Registration Module/Workflow/Login and Search Case For Workflow' successfully

2018-11-16 16:14:17 - [TEST_STEP][PASSED] - delay: Delayed 2 second(s)

2018-11-16 16:14:19 - [MESSAGE][PASSED] - Delayed 2 second(s)

2018-11-16 16:14:19 - [TEST_STEP][PASSED] - click: Object: 'Object Repository/Final Object Repo/Page_Update Employee Information By Employer/Page_Update Employee Information by Employer (Approve)/Continue' is clicked on

2018-11-16 16:14:23 - [MESSAGE][PASSED] - Object: 'Object Repository/Final Object Repo/Page_Update Employee Information By Employer/Page_Update Employee Information by Employer (Approve)/Continue' is clicked on

2018-11-16 16:14:23 - [TEST_STEP][PASSED] - delay: Delayed 2 second(s)

2018-11-16 16:14:25 - [MESSAGE][PASSED] - Delayed 2 second(s)

2018-11-16 16:14:25 - [TEST_STEP][PASSED] - click: Object: 'Object Repository/Final Object Repo/Page_Update Employee Information By Employer/Page_Update Employee Information by Employer (Approve)/Save  Continue in Update Employee Information Page' is clicked on

2018-11-16 16:14:29 - [MESSAGE][PASSED] - Object: 'Object Repository/Final Object Repo/Page_Update Employee Information By Employer/Page_Update Employee Information by Employer (Approve)/Save  Continue in Update Employee Information Page' is clicked on

2018-11-16 16:14:29 - [TEST_STEP][PASSED] - delay: Delayed 4 second(s)

2018-11-16 16:14:33 - [MESSAGE][PASSED] - Delayed 4 second(s)

2018-11-16 16:14:33 - [TEST_STEP][PASSED] - click: Object: 'Object Repository/Final Object Repo/Page_Update Employee Information By Employer/Page_Update Employee Information by Employer (Approve)/Save  Continue in Upload Supporting Doucument Page' is clicked on

2018-11-16 16:14:37 - [MESSAGE][PASSED] - Object: 'Object Repository/Final Object Repo/Page_Update Employee Information By Employer/Page_Update Employee Information by Employer (Approve)/Save  Continue in Upload Supporting Doucument Page' is clicked on

2018-11-16 16:14:37 - [TEST_STEP][PASSED] - delay: Delayed 2 second(s)

2018-11-16 16:14:39 - [MESSAGE][PASSED] - Delayed 2 second(s)

2018-11-16 16:14:39 - [TEST_STEP][PASSED] - click: Object: 'Object Repository/Final Object Repo/Page_Update Employee Information By Employer/Page_Update Employee Information by Employer (Under enforcement)/Under enforcement' is clicked on

2018-11-16 16:14:40 - [MESSAGE][PASSED] - Object: 'Object Repository/Final Object Repo/Page_Update Employee Information By Employer/Page_Update Employee Information by Employer (Under enforcement)/Under enforcement' is clicked on

2018-11-16 16:14:40 - [TEST_STEP][PASSED] - delay: Delayed 2 second(s)

2018-11-16 16:14:42 - [MESSAGE][PASSED] - Delayed 2 second(s)

2018-11-16 16:14:42 - [TEST_STEP][PASSED] - setText: Text 'Remark' is set on object 'Object Repository/Final Object Repo/Page_Update Employee Information By Employer/Page_Update Employee Information by Employer (Under enforcement)/Under enforcement - Remark'

2018-11-16 16:14:42 - [MESSAGE][PASSED] - Text 'Remark' is set on object 'Object Repository/Final Object Repo/Page_Update Employee Information By Employer/Page_Update Employee Information by Employer (Under enforcement)/Under enforcement - Remark'

2018-11-16 16:14:42 - [TEST_STEP][PASSED] - delay: Delayed 2 second(s)

2018-11-16 16:14:44 - [MESSAGE][PASSED] - Delayed 2 second(s)

2018-11-16 16:14:44 - [TEST_STEP][PASSED] - click: Object: 'Object Repository/Final Object Repo/Page_Update Employee Information By Employer/Page_Update Employee Information by Employer (Under enforcement)/Save  Continu in Under enforcement Page' is clicked on

2018-11-16 16:14:48 - [MESSAGE][PASSED] - Object: 'Object Repository/Final Object Repo/Page_Update Employee Information By Employer/Page_Update Employee Information by Employer (Under enforcement)/Save  Continu in Under enforcement Page' is clicked on

2018-11-16 16:14:48 - [TEST_STEP][PASSED] - delay: Delayed 2 second(s)

2018-11-16 16:14:50 - [MESSAGE][PASSED] - Delayed 2 second(s)

2018-11-16 16:14:50 - [TEST_STEP][PASSED] - click: Object: 'Object Repository/Final Object Repo/Page_Update Employee Information By Employer/Page_Update Employee Information by Employer (Under enforcement)/Under enforceme Message The case is under enforcement' is clicked on

2018-11-16 16:14:50 - [MESSAGE][PASSED] - Object: 'Object Repository/Final Object Repo/Page_Update Employee Information By Employer/Page_Update Employee Information by Employer (Under enforcement)/Under enforceme Message The case is under enforcement' is clicked on

2018-11-16 16:14:50 - [TEST_STEP][PASSED] - click: Object: 'Object Repository/Final Object Repo/Page_Update Employee Information By Employer/Page_Update Employee Information by Employer (Under enforcement)/Under enforcement - OK button' is clicked on

2018-11-16 16:14:52 - [MESSAGE][PASSED] - Object: 'Object Repository/Final Object Repo/Page_Update Employee Information By Employer/Page_Update Employee Information by Employer (Under enforcement)/Under enforcement - OK button' is clicked on

2018-11-16 16:14:52 - [MESSAGE][PASSED] - Call Test Case 'Test Cases/Final Aug 2018 - PKS Automation/Registration Module/Workflow/Update Employee Information (Employer)/Template/Update Employee Information - Special Case - UO (UnderEnforcement)' successfully]]></system-out>
         <system-err><![CDATA[]]></system-err>
      </testcase>
      <testcase name="Test Cases/Final Aug 2018 - PKS Automation/Registration Module/Workflow/Update Employee Information (Employer)/PKRBO - UO (Approve)" classname="Test Cases/Final Aug 2018 - PKS Automation/Registration Module/Workflow/Update Employee Information (Employer)/PKRBO - UO (Approve)" status="PASSED">
         <system-out><![CDATA[2018-11-16 16:14:52 - [TEST_CASE][PASSED] - Test Cases/Final Aug 2018 - PKS Automation/Registration Module/Workflow/Update Employee Information (Employer)/PKRBO - UO (Approve): Test Cases/Final Aug 2018 - PKS Automation/Registration Module/Workflow/Update Employee Information (Employer)/PKRBO - UO (Approve)

2018-11-16 16:14:52 - [TEST_STEP][PASSED] - callTestCase: Call Test Case 'Test Cases/Final Aug 2018 - PKS Automation/Registration Module/Workflow/Update Employee Information (Employer)/Template/Update Employer Information - Special Case (PKRBO)' successfully

2018-11-16 16:14:52 - [TEST_CASE][PASSED] - Test Cases/Final Aug 2018 - PKS Automation/Registration Module/Workflow/Update Employee Information (Employer)/Template/Update Employer Information - Special Case (PKRBO): Test Cases/Final Aug 2018 - PKS Automation/Registration Module/Workflow/Update Employee Information (Employer)/Template/Update Employer Information - Special Case (PKRBO)

2018-11-16 16:14:52 - [TEST_STEP][PASSED] - openBrowser: Browser is opened with url: ''

2018-11-16 16:14:52 - [MESSAGE][WARNING] - A browser is already opened. Closing browser and opening a new one

2018-11-16 16:14:57 - [MESSAGE][PASSED] - Browser is opened with url: ''

2018-11-16 16:14:57 - [TEST_STEP][PASSED] - navigateToUrl: Navigate to 'https://assist2-uat.perkeso.gov.my/login' successfully

2018-11-16 16:15:00 - [MESSAGE][PASSED] - Navigate to 'https://assist2-uat.perkeso.gov.my/login' successfully

2018-11-16 16:15:00 - [TEST_STEP][PASSED] - setText: Text 'johorpkrbo1@gmail.com' is set on object 'Object Repository/Final Object Repo/Login Page/Internal User/Email Address'

2018-11-16 16:15:00 - [MESSAGE][PASSED] - Text 'johorpkrbo1@gmail.com' is set on object 'Object Repository/Final Object Repo/Login Page/Internal User/Email Address'

2018-11-16 16:15:00 - [TEST_STEP][PASSED] - click: Object: 'Object Repository/Final Object Repo/Login Page/Internal User/Next Button' is clicked on

2018-11-16 16:15:00 - [MESSAGE][PASSED] - Object: 'Object Repository/Final Object Repo/Login Page/Internal User/Next Button' is clicked on

2018-11-16 16:15:00 - [TEST_STEP][PASSED] - delay: Delayed 1 second(s)

2018-11-16 16:15:01 - [MESSAGE][PASSED] - Delayed 1 second(s)

2018-11-16 16:15:01 - [TEST_STEP][PASSED] - setEncryptedText: Text ****** has been set on object 'Object Repository/Final Object Repo/Login Page/Internal User/Password'

2018-11-16 16:15:01 - [MESSAGE][PASSED] - Text ****** has been set on object 'Object Repository/Final Object Repo/Login Page/Internal User/Password'

2018-11-16 16:15:01 - [TEST_STEP][PASSED] - click: Object: 'Object Repository/Final Object Repo/Login Page/Internal User/Login Button' is clicked on

2018-11-16 16:15:05 - [MESSAGE][PASSED] - Object: 'Object Repository/Final Object Repo/Login Page/Internal User/Login Button' is clicked on

2018-11-16 16:15:05 - [TEST_STEP][PASSED] - Statement - Try: Delayed 2 second(s)

2018-11-16 16:15:05 - [TEST_STEP][PASSED] - Statement - Checker = false: null

2018-11-16 16:15:05 - [TEST_STEP][PASSED] - Statement - Checker = com.kms.katalon.core.webui.keyword.WebUiBuiltInKeywords.verifyElementHasAttribute(com.kms.katalon.core.testobject.ObjectRepository.findTestObject(Final Object Repo/Landing Page/BM Detecting), "href", 20, OPTIONAL): Object 'Object Repository/Final Object Repo/Landing Page/BM Detecting' has attribute 'href'

2018-11-16 16:15:05 - [MESSAGE][PASSED] - Object 'Object Repository/Final Object Repo/Landing Page/BM Detecting' has attribute 'href'

2018-11-16 16:15:05 - [TEST_STEP][PASSED] - Statement - out.println(Checker): null

2018-11-16 16:15:05 - [TEST_STEP][PASSED] - Statement - If (Checker == false): null

2018-11-16 16:15:05 - [TEST_STEP][PASSED] - Statement - Else: null

2018-11-16 16:15:05 - [TEST_STEP][PASSED] - delay: Delayed 2 second(s)

2018-11-16 16:15:07 - [MESSAGE][PASSED] - Delayed 2 second(s)

2018-11-16 16:15:07 - [TEST_STEP][PASSED] - delay: Delayed 1 second(s)

2018-11-16 16:15:08 - [MESSAGE][PASSED] - Delayed 1 second(s)

2018-11-16 16:15:08 - [TEST_STEP][PASSED] - navigateToUrl: Navigate to 'https://assist2-uat.perkeso.gov.my/web/registration/update/update-employee-information-employer-' successfully

2018-11-16 16:15:09 - [MESSAGE][PASSED] - Navigate to 'https://assist2-uat.perkeso.gov.my/web/registration/update/update-employee-information-employer-' successfully

2018-11-16 16:15:09 - [TEST_STEP][PASSED] - setText: Text 'E1102001065V' is set on object 'Object Repository/Final Object Repo/Page_Update Employee Information By Employer/Employer Code'

2018-11-16 16:15:09 - [MESSAGE][PASSED] - Text 'E1102001065V' is set on object 'Object Repository/Final Object Repo/Page_Update Employee Information By Employer/Employer Code'

2018-11-16 16:15:09 - [TEST_STEP][PASSED] - click: Object: 'Object Repository/Final Object Repo/Page_Update Employee Information By Employer/Search Employer Code' is clicked on

2018-11-16 16:15:11 - [MESSAGE][PASSED] - Object: 'Object Repository/Final Object Repo/Page_Update Employee Information By Employer/Search Employer Code' is clicked on

2018-11-16 16:15:11 - [TEST_STEP][PASSED] - click: Object: 'Object Repository/Final Object Repo/Page_Update Employee Information By Employer/Edit Button' is clicked on

2018-11-16 16:15:14 - [MESSAGE][PASSED] - Object: 'Object Repository/Final Object Repo/Page_Update Employee Information By Employer/Edit Button' is clicked on

2018-11-16 16:15:14 - [TEST_STEP][PASSED] - click: Object: 'Object Repository/Final Object Repo/Page_Update Employee Information By Employer/Employee Name or New Identification' is clicked on

2018-11-16 16:15:14 - [MESSAGE][PASSED] - Object: 'Object Repository/Final Object Repo/Page_Update Employee Information By Employer/Employee Name or New Identification' is clicked on

2018-11-16 16:15:14 - [TEST_STEP][PASSED] - delay: Delayed 1 second(s)

2018-11-16 16:15:15 - [MESSAGE][PASSED] - Delayed 1 second(s)

2018-11-16 16:15:15 - [TEST_STEP][PASSED] - click: Object: 'Object Repository/Final Object Repo/Page_Update Employee Information By Employer/Selection - Employee Name' is clicked on

2018-11-16 16:15:16 - [MESSAGE][PASSED] - Object: 'Object Repository/Final Object Repo/Page_Update Employee Information By Employer/Selection - Employee Name' is clicked on

2018-11-16 16:15:16 - [TEST_STEP][PASSED] - delay: Delayed 1 second(s)

2018-11-16 16:15:17 - [MESSAGE][PASSED] - Delayed 1 second(s)

2018-11-16 16:15:17 - [TEST_STEP][PASSED] - setText: Text 'PERKESO' is set on object 'Object Repository/Final Object Repo/Page_Update Employee Information By Employer/Employee Name'

2018-11-16 16:15:17 - [MESSAGE][PASSED] - Text 'PERKESO' is set on object 'Object Repository/Final Object Repo/Page_Update Employee Information By Employer/Employee Name'

2018-11-16 16:15:17 - [TEST_STEP][PASSED] - delay: Delayed 2 second(s)

2018-11-16 16:15:19 - [MESSAGE][PASSED] - Delayed 2 second(s)

2018-11-16 16:15:19 - [TEST_STEP][PASSED] - click: Object: 'Object Repository/Final Object Repo/Page_Update Employee Information By Employer/Search Employee' is clicked on

2018-11-16 16:15:20 - [MESSAGE][PASSED] - Object: 'Object Repository/Final Object Repo/Page_Update Employee Information By Employer/Search Employee' is clicked on

2018-11-16 16:15:20 - [TEST_STEP][PASSED] - delay: Delayed 3 second(s)

2018-11-16 16:15:23 - [MESSAGE][PASSED] - Delayed 3 second(s)

2018-11-16 16:15:23 - [TEST_STEP][PASSED] - click: Object: 'Object Repository/Final Object Repo/Page_Update Employee Information By Employer/Employee Edit Button' is clicked on

2018-11-16 16:15:23 - [MESSAGE][PASSED] - Object: 'Object Repository/Final Object Repo/Page_Update Employee Information By Employer/Employee Edit Button' is clicked on

2018-11-16 16:15:23 - [TEST_STEP][PASSED] - delay: Delayed 3 second(s)

2018-11-16 16:15:26 - [MESSAGE][PASSED] - Delayed 3 second(s)

2018-11-16 16:15:26 - [TEST_STEP][PASSED] - setText: Text '' is set on object 'Object Repository/Final Object Repo/Page_Update Employee Information By Employer/Identification Number'

2018-11-16 16:15:26 - [MESSAGE][PASSED] - Text '' is set on object 'Object Repository/Final Object Repo/Page_Update Employee Information By Employer/Identification Number'

2018-11-16 16:15:26 - [TEST_STEP][PASSED] - Statement - rnd = new java.util.Random(): null

2018-11-16 16:15:26 - [TEST_STEP][PASSED] - Statement - snum = rnd.nextInt(899999 + 1) + 100000: null

2018-11-16 16:15:26 - [TEST_STEP][PASSED] - Statement - tnum = rnd.nextInt(899999 + 1) + 100000: null

2018-11-16 16:15:26 - [TEST_STEP][PASSED] - Statement - IC = java.lang.Integer.toString(snum) + java.lang.Integer.toString(tnum): null

2018-11-16 16:15:26 - [TEST_STEP][PASSED] - Statement - out.println(IC): null

2018-11-16 16:15:26 - [TEST_STEP][PASSED] - setText: Text '812095925591' is set on object 'Object Repository/Final Object Repo/Page_Update Employee Information By Employer/Identification Number'

2018-11-16 16:15:26 - [MESSAGE][PASSED] - Text '812095925591' is set on object 'Object Repository/Final Object Repo/Page_Update Employee Information By Employer/Identification Number'

2018-11-16 16:15:26 - [TEST_STEP][PASSED] - click: Object: 'Object Repository/Final Object Repo/Page_Update Employee Information By Employer/Save' is clicked on

2018-11-16 16:15:31 - [MESSAGE][PASSED] - Object: 'Object Repository/Final Object Repo/Page_Update Employee Information By Employer/Save' is clicked on

2018-11-16 16:15:31 - [TEST_STEP][PASSED] - delay: Delayed 5 second(s)

2018-11-16 16:15:36 - [MESSAGE][PASSED] - Delayed 5 second(s)

2018-11-16 16:15:36 - [TEST_STEP][PASSED] - Statement - CaseReferenceNo = com.kms.katalon.core.webui.keyword.WebUiBuiltInKeywords.getText(com.kms.katalon.core.testobject.ObjectRepository.findTestObject(Final Object Repo/Reference Number/Reference Number in Update Employee Information Page)): Text of object 'Object Repository/Final Object Repo/Reference Number/Reference Number in Update Employee Information Page' is: 'CUN112018C100005519'

2018-11-16 16:15:36 - [MESSAGE][PASSED] - Text of object 'Object Repository/Final Object Repo/Reference Number/Reference Number in Update Employee Information Page' is: 'CUN112018C100005519'

2018-11-16 16:15:36 - [TEST_STEP][PASSED] - callTestCase: Call Test Case 'Test Cases/Final Aug 2018 - PKS Automation/Common/Reference Number Setter' successfully

2018-11-16 16:15:36 - [TEST_CASE][PASSED] - Test Cases/Final Aug 2018 - PKS Automation/Common/Reference Number Setter: Test Cases/Final Aug 2018 - PKS Automation/Common/Reference Number Setter

2018-11-16 16:15:36 - [TEST_STEP][PASSED] - Statement - RefNoOldFile = new java.io.File(C://KatalonReference.txt): null

2018-11-16 16:15:36 - [TEST_STEP][PASSED] - Statement - RefNoOldFile.delete(): null

2018-11-16 16:15:36 - [TEST_STEP][PASSED] - delay: Delayed 5 second(s)

2018-11-16 16:15:41 - [MESSAGE][PASSED] - Delayed 5 second(s)

2018-11-16 16:15:41 - [TEST_STEP][PASSED] - Statement - RefNo = new java.io.File(C://KatalonReference.txt): null

2018-11-16 16:15:41 - [TEST_STEP][PASSED] - Statement - f2 = new java.io.FileWriter(RefNo, false): null

2018-11-16 16:15:41 - [TEST_STEP][PASSED] - Statement - f2.write(CaseReferenceNo): null

2018-11-16 16:15:41 - [TEST_STEP][PASSED] - Statement - f2.close(): null

2018-11-16 16:15:41 - [TEST_STEP][PASSED] - Statement - out.println("


" + CaseReferenceNo + "


"): null

2018-11-16 16:15:41 - [MESSAGE][PASSED] - Call Test Case 'Test Cases/Final Aug 2018 - PKS Automation/Common/Reference Number Setter' successfully

2018-11-16 16:15:41 - [TEST_STEP][PASSED] - delay: Delayed 5 second(s)

2018-11-16 16:15:46 - [MESSAGE][PASSED] - Delayed 5 second(s)

2018-11-16 16:15:46 - [TEST_STEP][PASSED] - click: Object: 'Object Repository/Final Object Repo/Page_Update Employee Information By Employer/Save  Continue in  Employee Information Page' is clicked on

2018-11-16 16:15:50 - [MESSAGE][PASSED] - Object: 'Object Repository/Final Object Repo/Page_Update Employee Information By Employer/Save  Continue in  Employee Information Page' is clicked on

2018-11-16 16:15:50 - [TEST_STEP][PASSED] - delay: Delayed 5 second(s)

2018-11-16 16:15:55 - [MESSAGE][PASSED] - Delayed 5 second(s)

2018-11-16 16:15:55 - [TEST_STEP][PASSED] - click: Object: 'Object Repository/Final Object Repo/Page_Update Employee Information By Employer/Save  Continue in Uploading Page 1' is clicked on

2018-11-16 16:16:00 - [MESSAGE][PASSED] - Object: 'Object Repository/Final Object Repo/Page_Update Employee Information By Employer/Save  Continue in Uploading Page 1' is clicked on

2018-11-16 16:16:00 - [TEST_STEP][PASSED] - delay: Delayed 5 second(s)

2018-11-16 16:16:05 - [MESSAGE][PASSED] - Delayed 5 second(s)

2018-11-16 16:16:05 - [TEST_STEP][PASSED] - click: Object: 'Object Repository/Final Object Repo/Page_Update Employee Information By Employer/Submit' is clicked on

2018-11-16 16:16:06 - [MESSAGE][PASSED] - Object: 'Object Repository/Final Object Repo/Page_Update Employee Information By Employer/Submit' is clicked on

2018-11-16 16:16:06 - [TEST_STEP][PASSED] - delay: Delayed 5 second(s)

2018-11-16 16:16:11 - [MESSAGE][PASSED] - Delayed 5 second(s)

2018-11-16 16:16:11 - [TEST_STEP][PASSED] - click: Object: 'Object Repository/Final Object Repo/Page_Update Employee Information By Employer/Confirm' is clicked on

2018-11-16 16:16:15 - [MESSAGE][PASSED] - Object: 'Object Repository/Final Object Repo/Page_Update Employee Information By Employer/Confirm' is clicked on

2018-11-16 16:16:15 - [TEST_STEP][PASSED] - delay: Delayed 5 second(s)

2018-11-16 16:16:20 - [MESSAGE][PASSED] - Delayed 5 second(s)

2018-11-16 16:16:20 - [TEST_STEP][PASSED] - verifyElementVisible: Object 'Object Repository/Final Object Repo/Page_Update Employee Information By Employer/Successfull Message Routed to UO' is visible

2018-11-16 16:16:20 - [MESSAGE][PASSED] - Object 'Object Repository/Final Object Repo/Page_Update Employee Information By Employer/Successfull Message Routed to UO' is visible

2018-11-16 16:16:20 - [MESSAGE][PASSED] - Call Test Case 'Test Cases/Final Aug 2018 - PKS Automation/Registration Module/Workflow/Update Employee Information (Employer)/Template/Update Employer Information - Special Case (PKRBO)' successfully

2018-11-16 16:16:20 - [TEST_STEP][PASSED] - callTestCase: Call Test Case 'Test Cases/Final Aug 2018 - PKS Automation/Registration Module/Workflow/Update Employee Information (Employer)/Template/Update Employee Information - Special Case - UO (Approve)' successfully

2018-11-16 16:16:20 - [TEST_CASE][PASSED] - Test Cases/Final Aug 2018 - PKS Automation/Registration Module/Workflow/Update Employee Information (Employer)/Template/Update Employee Information - Special Case - UO (Approve): Test Cases/Final Aug 2018 - PKS Automation/Registration Module/Workflow/Update Employee Information (Employer)/Template/Update Employee Information - Special Case - UO (Approve)

2018-11-16 16:16:20 - [TEST_STEP][NOT_RUN] - callTestCase: NOT_RUN: callTestCase

2018-11-16 16:16:20 - [MESSAGE][NOT_RUN] - NOT_RUN: callTestCase

2018-11-16 16:16:20 - [TEST_STEP][PASSED] - delay: Delayed 2 second(s)

2018-11-16 16:16:22 - [MESSAGE][PASSED] - Delayed 2 second(s)

2018-11-16 16:16:22 - [TEST_STEP][PASSED] - navigateToUrl: Navigate to 'https://assist2-uat.perkeso.gov.my/c/portal/logout' successfully

2018-11-16 16:16:23 - [MESSAGE][PASSED] - Navigate to 'https://assist2-uat.perkeso.gov.my/c/portal/logout' successfully

2018-11-16 16:16:23 - [TEST_STEP][PASSED] - delay: Delayed 2 second(s)

2018-11-16 16:16:25 - [MESSAGE][PASSED] - Delayed 2 second(s)

2018-11-16 16:16:25 - [TEST_STEP][PASSED] - callTestCase: Call Test Case 'Test Cases/Final Aug 2018 - PKS Automation/Common/Reference Number Getter' successfully

2018-11-16 16:16:25 - [TEST_CASE][PASSED] - Test Cases/Final Aug 2018 - PKS Automation/Common/Reference Number Getter: Test Cases/Final Aug 2018 - PKS Automation/Common/Reference Number Getter

2018-11-16 16:16:25 - [TEST_STEP][PASSED] - Statement - Try: null

2018-11-16 16:16:25 - [TEST_STEP][PASSED] - Statement - RefNo = new java.io.File(C://KatalonReference.txt): null

2018-11-16 16:16:25 - [TEST_STEP][PASSED] - Statement - bufferread = new java.io.BufferedReader(new java.io.FileReader(RefNo)): null

2018-11-16 16:16:25 - [TEST_STEP][PASSED] - Statement - readedVal = bufferread.readLine(): null

2018-11-16 16:16:25 - [TEST_STEP][PASSED] - Statement - out.println(CaseReferenceNo): null

2018-11-16 16:16:25 - [TEST_STEP][PASSED] - Statement - out.println(readedVal): null

2018-11-16 16:16:25 - [TEST_STEP][PASSED] - Statement - CaseReferenceNo = "": null

2018-11-16 16:16:25 - [TEST_STEP][PASSED] - Statement - CaseReferenceNo = readedVal: null

2018-11-16 16:16:25 - [MESSAGE][PASSED] - Call Test Case 'Test Cases/Final Aug 2018 - PKS Automation/Common/Reference Number Getter' successfully

2018-11-16 16:16:25 - [TEST_STEP][PASSED] - callTestCase: Call Test Case 'Test Cases/Final Aug 2018 - PKS Automation/Common/Workflow Owner Finder' successfully

2018-11-16 16:16:25 - [TEST_CASE][PASSED] - Test Cases/Final Aug 2018 - PKS Automation/Common/Workflow Owner Finder: Test Cases/Final Aug 2018 - PKS Automation/Common/Workflow Owner Finder

2018-11-16 16:16:25 - [TEST_STEP][PASSED] - openBrowser: Browser is opened with url: ''

2018-11-16 16:16:25 - [MESSAGE][WARNING] - A browser is already opened. Closing browser and opening a new one

2018-11-16 16:16:30 - [MESSAGE][PASSED] - Browser is opened with url: ''

2018-11-16 16:16:30 - [TEST_STEP][PASSED] - navigateToUrl: Navigate to 'https://assist2-uat.perkeso.gov.my/login' successfully

2018-11-16 16:16:32 - [MESSAGE][PASSED] - Navigate to 'https://assist2-uat.perkeso.gov.my/login' successfully

2018-11-16 16:16:32 - [TEST_STEP][PASSED] - delay: Delayed 5 second(s)

2018-11-16 16:16:37 - [MESSAGE][PASSED] - Delayed 5 second(s)

2018-11-16 16:16:37 - [TEST_STEP][PASSED] - setText: Text 'test@liferay.com' is set on object 'Object Repository/Final Object Repo/Login Page/Internal User/Email Address'

2018-11-16 16:16:38 - [MESSAGE][PASSED] - Text 'test@liferay.com' is set on object 'Object Repository/Final Object Repo/Login Page/Internal User/Email Address'

2018-11-16 16:16:38 - [TEST_STEP][PASSED] - click: Object: 'Object Repository/Final Object Repo/Login Page/Internal User/Next Button' is clicked on

2018-11-16 16:16:38 - [MESSAGE][PASSED] - Object: 'Object Repository/Final Object Repo/Login Page/Internal User/Next Button' is clicked on

2018-11-16 16:16:38 - [TEST_STEP][PASSED] - delay: Delayed 2 second(s)

2018-11-16 16:16:40 - [MESSAGE][PASSED] - Delayed 2 second(s)

2018-11-16 16:16:40 - [TEST_STEP][PASSED] - setText: Text 'test' is set on object 'Object Repository/Final Object Repo/Login Page/Internal User/Password'

2018-11-16 16:16:40 - [MESSAGE][PASSED] - Text 'test' is set on object 'Object Repository/Final Object Repo/Login Page/Internal User/Password'

2018-11-16 16:16:40 - [TEST_STEP][PASSED] - delay: Delayed 2 second(s)

2018-11-16 16:16:42 - [MESSAGE][PASSED] - Delayed 2 second(s)

2018-11-16 16:16:42 - [TEST_STEP][PASSED] - click: Object: 'Object Repository/Final Object Repo/Login Page/Internal User/Login Button' is clicked on

2018-11-16 16:16:45 - [MESSAGE][PASSED] - Object: 'Object Repository/Final Object Repo/Login Page/Internal User/Login Button' is clicked on

2018-11-16 16:16:45 - [TEST_STEP][PASSED] - Statement - Try: Delayed 2 second(s)

2018-11-16 16:16:45 - [TEST_STEP][PASSED] - Statement - Checker = false: null

2018-11-16 16:16:45 - [TEST_STEP][PASSED] - Statement - Checker = com.kms.katalon.core.webui.keyword.WebUiBuiltInKeywords.verifyElementHasAttribute(com.kms.katalon.core.testobject.ObjectRepository.findTestObject(Final Object Repo/Landing Page/BM Detecting), "href", 20, OPTIONAL): Object 'Object Repository/Final Object Repo/Landing Page/BM Detecting' has attribute 'href'

2018-11-16 16:16:45 - [MESSAGE][PASSED] - Object 'Object Repository/Final Object Repo/Landing Page/BM Detecting' has attribute 'href'

2018-11-16 16:16:45 - [TEST_STEP][PASSED] - Statement - out.println(Checker): null

2018-11-16 16:16:45 - [TEST_STEP][PASSED] - Statement - If (Checker == false): null

2018-11-16 16:16:45 - [TEST_STEP][PASSED] - Statement - Else: null

2018-11-16 16:16:45 - [TEST_STEP][PASSED] - delay: Delayed 2 second(s)

2018-11-16 16:16:47 - [MESSAGE][PASSED] - Delayed 2 second(s)

2018-11-16 16:16:47 - [TEST_STEP][PASSED] - delay: Delayed 3 second(s)

2018-11-16 16:16:50 - [MESSAGE][PASSED] - Delayed 3 second(s)

2018-11-16 16:16:50 - [TEST_STEP][PASSED] - mouseOver: Object: 'Object Repository/Final Object Repo/Landing Page/WorkFlow Menu' is hovered

2018-11-16 16:16:50 - [MESSAGE][PASSED] - Object: 'Object Repository/Final Object Repo/Landing Page/WorkFlow Menu' is hovered

2018-11-16 16:16:50 - [TEST_STEP][PASSED] - delay: Delayed 2 second(s)

2018-11-16 16:16:52 - [MESSAGE][PASSED] - Delayed 2 second(s)

2018-11-16 16:16:52 - [TEST_STEP][PASSED] - click: Object: 'Object Repository/Final Object Repo/Landing Page/Select to Workflow Listing' is clicked on

2018-11-16 16:16:54 - [MESSAGE][PASSED] - Object: 'Object Repository/Final Object Repo/Landing Page/Select to Workflow Listing' is clicked on

2018-11-16 16:16:54 - [TEST_STEP][PASSED] - delay: Delayed 2 second(s)

2018-11-16 16:16:56 - [MESSAGE][PASSED] - Delayed 2 second(s)

2018-11-16 16:16:56 - [TEST_STEP][PASSED] - click: Object: 'Object Repository/Final Object Repo/WorkFlow Listing Page/Search Information - To Put Ref No' is clicked on

2018-11-16 16:16:56 - [MESSAGE][PASSED] - Object: 'Object Repository/Final Object Repo/WorkFlow Listing Page/Search Information - To Put Ref No' is clicked on

2018-11-16 16:16:56 - [TEST_STEP][PASSED] - delay: Delayed 2 second(s)

2018-11-16 16:16:58 - [MESSAGE][PASSED] - Delayed 2 second(s)

2018-11-16 16:16:58 - [TEST_STEP][PASSED] - callTestCase: Call Test Case 'Test Cases/Final Aug 2018 - PKS Automation/Common/Reference Number Getter' successfully

2018-11-16 16:16:58 - [TEST_CASE][PASSED] - Test Cases/Final Aug 2018 - PKS Automation/Common/Reference Number Getter: Test Cases/Final Aug 2018 - PKS Automation/Common/Reference Number Getter

2018-11-16 16:16:58 - [TEST_STEP][PASSED] - Statement - Try: null

2018-11-16 16:16:58 - [TEST_STEP][PASSED] - Statement - RefNo = new java.io.File(C://KatalonReference.txt): null

2018-11-16 16:16:58 - [TEST_STEP][PASSED] - Statement - bufferread = new java.io.BufferedReader(new java.io.FileReader(RefNo)): null

2018-11-16 16:16:58 - [TEST_STEP][PASSED] - Statement - readedVal = bufferread.readLine(): null

2018-11-16 16:16:58 - [TEST_STEP][PASSED] - Statement - out.println(CaseReferenceNo): null

2018-11-16 16:16:58 - [TEST_STEP][PASSED] - Statement - out.println(readedVal): null

2018-11-16 16:16:58 - [TEST_STEP][PASSED] - Statement - CaseReferenceNo = "": null

2018-11-16 16:16:58 - [TEST_STEP][PASSED] - Statement - CaseReferenceNo = readedVal: null

2018-11-16 16:16:58 - [MESSAGE][PASSED] - Call Test Case 'Test Cases/Final Aug 2018 - PKS Automation/Common/Reference Number Getter' successfully

2018-11-16 16:16:58 - [TEST_STEP][PASSED] - setText: Text 'CUN112018C100005519' is set on object 'Object Repository/Final Object Repo/WorkFlow Listing Page/Ref No Set Text'

2018-11-16 16:16:59 - [MESSAGE][PASSED] - Text 'CUN112018C100005519' is set on object 'Object Repository/Final Object Repo/WorkFlow Listing Page/Ref No Set Text'

2018-11-16 16:16:59 - [TEST_STEP][PASSED] - delay: Delayed 2 second(s)

2018-11-16 16:17:01 - [MESSAGE][PASSED] - Delayed 2 second(s)

2018-11-16 16:17:01 - [TEST_STEP][PASSED] - click: Object: 'Object Repository/Final Object Repo/WorkFlow Listing Page/Search Ref No Search Button' is clicked on

2018-11-16 16:17:03 - [MESSAGE][PASSED] - Object: 'Object Repository/Final Object Repo/WorkFlow Listing Page/Search Ref No Search Button' is clicked on

2018-11-16 16:17:03 - [TEST_STEP][PASSED] - delay: Delayed 4 second(s)

2018-11-16 16:17:07 - [MESSAGE][PASSED] - Delayed 4 second(s)

2018-11-16 16:17:07 - [TEST_STEP][PASSED] - click: Object: 'Object Repository/Final Object Repo/WorkFlow Listing Page/Click Continue Tooltip' is clicked on

2018-11-16 16:17:09 - [MESSAGE][PASSED] - Object: 'Object Repository/Final Object Repo/WorkFlow Listing Page/Click Continue Tooltip' is clicked on

2018-11-16 16:17:09 - [TEST_STEP][PASSED] - delay: Delayed 5 second(s)

2018-11-16 16:17:14 - [MESSAGE][PASSED] - Delayed 5 second(s)

2018-11-16 16:17:14 - [TEST_STEP][PASSED] - doubleClick: Object: 'Object Repository/Final Object Repo/WorkFlow Listing Page/Workflow Found - Listing 1' is double clicked on

2018-11-16 16:17:14 - [MESSAGE][PASSED] - Object: 'Object Repository/Final Object Repo/WorkFlow Listing Page/Workflow Found - Listing 1' is double clicked on

2018-11-16 16:17:14 - [TEST_STEP][PASSED] - Statement - println(OwnerID): null

2018-11-16 16:17:14 - [TEST_STEP][PASSED] - Statement - OwnerID = com.kms.katalon.core.webui.keyword.WebUiBuiltInKeywords.getText(com.kms.katalon.core.testobject.ObjectRepository.findTestObject(Final Object Repo/WorkFlow Listing Page/Workflow Found - Listing 1), STOP_ON_FAILURE): Text of object 'Object Repository/Final Object Repo/WorkFlow Listing Page/Workflow Found - Listing 1' is: 'JOHORuo1'

2018-11-16 16:17:14 - [MESSAGE][PASSED] - Text of object 'Object Repository/Final Object Repo/WorkFlow Listing Page/Workflow Found - Listing 1' is: 'JOHORuo1'

2018-11-16 16:17:14 - [TEST_STEP][PASSED] - Statement - OwnerID = OwnerID.toLowerCase() + "@gmail.com": null

2018-11-16 16:17:14 - [TEST_STEP][PASSED] - Statement - println(OwnerID): null

2018-11-16 16:17:14 - [TEST_STEP][PASSED] - delay: Delayed 2 second(s)

2018-11-16 16:17:16 - [MESSAGE][PASSED] - Delayed 2 second(s)

2018-11-16 16:17:16 - [MESSAGE][PASSED] - Call Test Case 'Test Cases/Final Aug 2018 - PKS Automation/Common/Workflow Owner Finder' successfully

2018-11-16 16:17:16 - [TEST_STEP][PASSED] - delay: Delayed 2 second(s)

2018-11-16 16:17:18 - [MESSAGE][PASSED] - Delayed 2 second(s)

2018-11-16 16:17:18 - [TEST_STEP][PASSED] - navigateToUrl: Navigate to 'https://assist2-uat.perkeso.gov.my/c/portal/logout' successfully

2018-11-16 16:17:20 - [MESSAGE][PASSED] - Navigate to 'https://assist2-uat.perkeso.gov.my/c/portal/logout' successfully

2018-11-16 16:17:20 - [TEST_STEP][PASSED] - delay: Delayed 2 second(s)

2018-11-16 16:17:22 - [MESSAGE][PASSED] - Delayed 2 second(s)

2018-11-16 16:17:22 - [TEST_STEP][PASSED] - callTestCase: Call Test Case 'Test Cases/Final Aug 2018 - PKS Automation/Registration Module/Workflow/Login and Search Case For Workflow' successfully

2018-11-16 16:17:22 - [TEST_CASE][PASSED] - Test Cases/Final Aug 2018 - PKS Automation/Registration Module/Workflow/Login and Search Case For Workflow: Test Cases/Final Aug 2018 - PKS Automation/Registration Module/Workflow/Login and Search Case For Workflow

2018-11-16 16:17:22 - [TEST_STEP][PASSED] - navigateToUrl: Navigate to 'https://assist2-uat.perkeso.gov.my/login' successfully

2018-11-16 16:17:23 - [MESSAGE][PASSED] - Navigate to 'https://assist2-uat.perkeso.gov.my/login' successfully

2018-11-16 16:17:23 - [TEST_STEP][PASSED] - setText: Text 'johoruo1@gmail.com' is set on object 'Object Repository/Final Object Repo/Login Page/Internal User/Email Address'

2018-11-16 16:17:23 - [MESSAGE][PASSED] - Text 'johoruo1@gmail.com' is set on object 'Object Repository/Final Object Repo/Login Page/Internal User/Email Address'

2018-11-16 16:17:23 - [TEST_STEP][PASSED] - click: Object: 'Object Repository/Final Object Repo/Login Page/Internal User/Next Button' is clicked on

2018-11-16 16:17:23 - [MESSAGE][PASSED] - Object: 'Object Repository/Final Object Repo/Login Page/Internal User/Next Button' is clicked on

2018-11-16 16:17:23 - [TEST_STEP][PASSED] - delay: Delayed 1 second(s)

2018-11-16 16:17:24 - [MESSAGE][PASSED] - Delayed 1 second(s)

2018-11-16 16:17:24 - [TEST_STEP][PASSED] - setEncryptedText: Text ****** has been set on object 'Object Repository/Final Object Repo/Login Page/Internal User/Password'

2018-11-16 16:17:24 - [MESSAGE][PASSED] - Text ****** has been set on object 'Object Repository/Final Object Repo/Login Page/Internal User/Password'

2018-11-16 16:17:24 - [TEST_STEP][PASSED] - click: Object: 'Object Repository/Final Object Repo/Login Page/Internal User/Login Button' is clicked on

2018-11-16 16:17:27 - [MESSAGE][PASSED] - Object: 'Object Repository/Final Object Repo/Login Page/Internal User/Login Button' is clicked on

2018-11-16 16:17:27 - [TEST_STEP][PASSED] - delay: Delayed 2 second(s)

2018-11-16 16:17:29 - [MESSAGE][PASSED] - Delayed 2 second(s)

2018-11-16 16:17:29 - [TEST_STEP][PASSED] - Statement - Try: Delayed 2 second(s)

2018-11-16 16:17:29 - [TEST_STEP][PASSED] - Statement - Checker = false: null

2018-11-16 16:17:29 - [TEST_STEP][PASSED] - Statement - Checker = com.kms.katalon.core.webui.keyword.WebUiBuiltInKeywords.verifyElementHasAttribute(com.kms.katalon.core.testobject.ObjectRepository.findTestObject(Final Object Repo/Landing Page/BM Detecting), "href", 20, OPTIONAL): Object 'Object Repository/Final Object Repo/Landing Page/BM Detecting' has attribute 'href'

2018-11-16 16:17:29 - [MESSAGE][PASSED] - Object 'Object Repository/Final Object Repo/Landing Page/BM Detecting' has attribute 'href'

2018-11-16 16:17:29 - [TEST_STEP][PASSED] - Statement - out.println(Checker): null

2018-11-16 16:17:29 - [TEST_STEP][PASSED] - Statement - If (Checker == false): null

2018-11-16 16:17:29 - [TEST_STEP][PASSED] - Statement - Else: null

2018-11-16 16:17:29 - [TEST_STEP][PASSED] - delay: Delayed 2 second(s)

2018-11-16 16:17:31 - [MESSAGE][PASSED] - Delayed 2 second(s)

2018-11-16 16:17:31 - [TEST_STEP][PASSED] - click: Object: 'Object Repository/Final Object Repo/Page_MyASSIST - ASSIST - Search Pending Case For Add Supporting Document/Search Information' is clicked on

2018-11-16 16:17:31 - [MESSAGE][PASSED] - Object: 'Object Repository/Final Object Repo/Page_MyASSIST - ASSIST - Search Pending Case For Add Supporting Document/Search Information' is clicked on

2018-11-16 16:17:31 - [TEST_STEP][PASSED] - delay: Delayed 3 second(s)

2018-11-16 16:17:34 - [MESSAGE][PASSED] - Delayed 3 second(s)

2018-11-16 16:17:34 - [TEST_STEP][PASSED] - sendKeys: Keys 'CUN112018C100005519' sent to object: 'Object Repository/Final Object Repo/Page_MyASSIST - ASSIST - Search Pending Case For Add Supporting Document/Reference No'

2018-11-16 16:17:34 - [MESSAGE][PASSED] - Keys 'CUN112018C100005519' sent to object: 'Object Repository/Final Object Repo/Page_MyASSIST - ASSIST - Search Pending Case For Add Supporting Document/Reference No'

2018-11-16 16:17:34 - [TEST_STEP][PASSED] - click: Object: 'Object Repository/Final Object Repo/Page_MyASSIST - ASSIST - Search Pending Case For Add Supporting Document/Search Reference No' is clicked on

2018-11-16 16:17:37 - [MESSAGE][PASSED] - Object: 'Object Repository/Final Object Repo/Page_MyASSIST - ASSIST - Search Pending Case For Add Supporting Document/Search Reference No' is clicked on

2018-11-16 16:17:37 - [TEST_STEP][PASSED] - delay: Delayed 2 second(s)

2018-11-16 16:17:39 - [MESSAGE][PASSED] - Delayed 2 second(s)

2018-11-16 16:17:39 - [TEST_STEP][PASSED] - click: Object: 'Object Repository/Final Object Repo/Page_MyASSIST - ASSIST - Search Pending Case For Add Supporting Document/Continue' is clicked on

2018-11-16 16:17:43 - [MESSAGE][PASSED] - Object: 'Object Repository/Final Object Repo/Page_MyASSIST - ASSIST - Search Pending Case For Add Supporting Document/Continue' is clicked on

2018-11-16 16:17:43 - [TEST_STEP][PASSED] - delay: Delayed 20 second(s)

2018-11-16 16:18:03 - [MESSAGE][PASSED] - Delayed 20 second(s)

2018-11-16 16:18:03 - [MESSAGE][PASSED] - Call Test Case 'Test Cases/Final Aug 2018 - PKS Automation/Registration Module/Workflow/Login and Search Case For Workflow' successfully

2018-11-16 16:18:03 - [TEST_STEP][PASSED] - delay: Delayed 2 second(s)

2018-11-16 16:18:06 - [MESSAGE][PASSED] - Delayed 2 second(s)

2018-11-16 16:18:06 - [TEST_STEP][PASSED] - click: Object: 'Object Repository/Final Object Repo/Page_Update Employee Information By Employer/Page_Update Employee Information by Employer (Approve)/Continue' is clicked on

2018-11-16 16:18:09 - [MESSAGE][PASSED] - Object: 'Object Repository/Final Object Repo/Page_Update Employee Information By Employer/Page_Update Employee Information by Employer (Approve)/Continue' is clicked on

2018-11-16 16:18:09 - [TEST_STEP][PASSED] - delay: Delayed 2 second(s)

2018-11-16 16:18:11 - [MESSAGE][PASSED] - Delayed 2 second(s)

2018-11-16 16:18:11 - [TEST_STEP][PASSED] - click: Object: 'Object Repository/Final Object Repo/Page_Update Employee Information By Employer/Page_Update Employee Information by Employer (Approve)/Save  Continue in Update Employee Information Page' is clicked on

2018-11-16 16:18:15 - [MESSAGE][PASSED] - Object: 'Object Repository/Final Object Repo/Page_Update Employee Information By Employer/Page_Update Employee Information by Employer (Approve)/Save  Continue in Update Employee Information Page' is clicked on

2018-11-16 16:18:15 - [TEST_STEP][PASSED] - delay: Delayed 4 second(s)

2018-11-16 16:18:19 - [MESSAGE][PASSED] - Delayed 4 second(s)

2018-11-16 16:18:19 - [TEST_STEP][PASSED] - click: Object: 'Object Repository/Final Object Repo/Page_Update Employee Information By Employer/Page_Update Employee Information by Employer (Approve)/Save  Continue in Upload Supporting Doucument Page' is clicked on

2018-11-16 16:18:24 - [MESSAGE][PASSED] - Object: 'Object Repository/Final Object Repo/Page_Update Employee Information By Employer/Page_Update Employee Information by Employer (Approve)/Save  Continue in Upload Supporting Doucument Page' is clicked on

2018-11-16 16:18:24 - [TEST_STEP][PASSED] - delay: Delayed 2 second(s)

2018-11-16 16:18:26 - [MESSAGE][PASSED] - Delayed 2 second(s)

2018-11-16 16:18:26 - [TEST_STEP][PASSED] - click: Object: 'Object Repository/Final Object Repo/Page_Update Employee Information By Employer/Page_Update Employee Information by Employer (Approve)/Approve' is clicked on

2018-11-16 16:18:26 - [MESSAGE][PASSED] - Object: 'Object Repository/Final Object Repo/Page_Update Employee Information By Employer/Page_Update Employee Information by Employer (Approve)/Approve' is clicked on

2018-11-16 16:18:26 - [TEST_STEP][PASSED] - delay: Delayed 2 second(s)

2018-11-16 16:18:28 - [MESSAGE][PASSED] - Delayed 2 second(s)

2018-11-16 16:18:28 - [TEST_STEP][PASSED] - click: Object: 'Object Repository/Final Object Repo/Page_Update Employee Information By Employer/Page_Update Employee Information by Employer (Approve)/Confirm' is clicked on

2018-11-16 16:18:33 - [MESSAGE][PASSED] - Object: 'Object Repository/Final Object Repo/Page_Update Employee Information By Employer/Page_Update Employee Information by Employer (Approve)/Confirm' is clicked on

2018-11-16 16:18:33 - [TEST_STEP][PASSED] - delay: Delayed 2 second(s)

2018-11-16 16:18:35 - [MESSAGE][PASSED] - Delayed 2 second(s)

2018-11-16 16:18:35 - [TEST_STEP][PASSED] - verifyElementVisible: Object 'Object Repository/Final Object Repo/Page_Update Employee Information By Employer/Page_Update Employee Information by Employer (Approve)/Successfull Message Submitted Successfully' is visible

2018-11-16 16:18:35 - [MESSAGE][PASSED] - Object 'Object Repository/Final Object Repo/Page_Update Employee Information By Employer/Page_Update Employee Information by Employer (Approve)/Successfull Message Submitted Successfully' is visible

2018-11-16 16:18:35 - [TEST_STEP][PASSED] - delay: Delayed 2 second(s)

2018-11-16 16:18:37 - [MESSAGE][PASSED] - Delayed 2 second(s)

2018-11-16 16:18:37 - [TEST_STEP][PASSED] - verifyElementVisible: Object 'Object Repository/Final Object Repo/Page_Update Employee Information By Employer/Page_Update Employee Information by Employer (Approve)/Letter of Successful update' is visible

2018-11-16 16:18:37 - [MESSAGE][PASSED] - Object 'Object Repository/Final Object Repo/Page_Update Employee Information By Employer/Page_Update Employee Information by Employer (Approve)/Letter of Successful update' is visible

2018-11-16 16:18:37 - [MESSAGE][PASSED] - Call Test Case 'Test Cases/Final Aug 2018 - PKS Automation/Registration Module/Workflow/Update Employee Information (Employer)/Template/Update Employee Information - Special Case - UO (Approve)' successfully]]></system-out>
         <system-err><![CDATA[]]></system-err>
      </testcase>
      <testcase name="Test Cases/Final Aug 2018 - PKS Automation/Registration Module/Workflow/Update Employee Information (Employer)/PKRBO - UO (Query)" classname="Test Cases/Final Aug 2018 - PKS Automation/Registration Module/Workflow/Update Employee Information (Employer)/PKRBO - UO (Query)" status="PASSED">
         <system-out><![CDATA[2018-11-16 16:18:37 - [TEST_CASE][PASSED] - Test Cases/Final Aug 2018 - PKS Automation/Registration Module/Workflow/Update Employee Information (Employer)/PKRBO - UO (Query): Test Cases/Final Aug 2018 - PKS Automation/Registration Module/Workflow/Update Employee Information (Employer)/PKRBO - UO (Query)

2018-11-16 16:18:38 - [TEST_STEP][PASSED] - callTestCase: Call Test Case 'Test Cases/Final Aug 2018 - PKS Automation/Registration Module/Workflow/Update Employee Information (Employer)/Template/Update Employer Information - Special Case (PKRBO)' successfully

2018-11-16 16:18:38 - [TEST_CASE][PASSED] - Test Cases/Final Aug 2018 - PKS Automation/Registration Module/Workflow/Update Employee Information (Employer)/Template/Update Employer Information - Special Case (PKRBO): Test Cases/Final Aug 2018 - PKS Automation/Registration Module/Workflow/Update Employee Information (Employer)/Template/Update Employer Information - Special Case (PKRBO)

2018-11-16 16:18:38 - [TEST_STEP][PASSED] - openBrowser: Browser is opened with url: ''

2018-11-16 16:18:38 - [MESSAGE][WARNING] - A browser is already opened. Closing browser and opening a new one

2018-11-16 16:18:43 - [MESSAGE][PASSED] - Browser is opened with url: ''

2018-11-16 16:18:43 - [TEST_STEP][PASSED] - navigateToUrl: Navigate to 'https://assist2-uat.perkeso.gov.my/login' successfully

2018-11-16 16:18:45 - [MESSAGE][PASSED] - Navigate to 'https://assist2-uat.perkeso.gov.my/login' successfully

2018-11-16 16:18:45 - [TEST_STEP][PASSED] - setText: Text 'johorpkrbo1@gmail.com' is set on object 'Object Repository/Final Object Repo/Login Page/Internal User/Email Address'

2018-11-16 16:18:45 - [MESSAGE][PASSED] - Text 'johorpkrbo1@gmail.com' is set on object 'Object Repository/Final Object Repo/Login Page/Internal User/Email Address'

2018-11-16 16:18:45 - [TEST_STEP][PASSED] - click: Object: 'Object Repository/Final Object Repo/Login Page/Internal User/Next Button' is clicked on

2018-11-16 16:18:45 - [MESSAGE][PASSED] - Object: 'Object Repository/Final Object Repo/Login Page/Internal User/Next Button' is clicked on

2018-11-16 16:18:45 - [TEST_STEP][PASSED] - delay: Delayed 1 second(s)

2018-11-16 16:18:46 - [MESSAGE][PASSED] - Delayed 1 second(s)

2018-11-16 16:18:46 - [TEST_STEP][PASSED] - setEncryptedText: Text ****** has been set on object 'Object Repository/Final Object Repo/Login Page/Internal User/Password'

2018-11-16 16:18:46 - [MESSAGE][PASSED] - Text ****** has been set on object 'Object Repository/Final Object Repo/Login Page/Internal User/Password'

2018-11-16 16:18:46 - [TEST_STEP][PASSED] - click: Object: 'Object Repository/Final Object Repo/Login Page/Internal User/Login Button' is clicked on

2018-11-16 16:18:49 - [MESSAGE][PASSED] - Object: 'Object Repository/Final Object Repo/Login Page/Internal User/Login Button' is clicked on

2018-11-16 16:18:49 - [TEST_STEP][PASSED] - Statement - Try: Delayed 2 second(s)

2018-11-16 16:18:49 - [TEST_STEP][PASSED] - Statement - Checker = false: null

2018-11-16 16:18:49 - [TEST_STEP][PASSED] - Statement - Checker = com.kms.katalon.core.webui.keyword.WebUiBuiltInKeywords.verifyElementHasAttribute(com.kms.katalon.core.testobject.ObjectRepository.findTestObject(Final Object Repo/Landing Page/BM Detecting), "href", 20, OPTIONAL): Object 'Object Repository/Final Object Repo/Landing Page/BM Detecting' has attribute 'href'

2018-11-16 16:18:49 - [MESSAGE][PASSED] - Object 'Object Repository/Final Object Repo/Landing Page/BM Detecting' has attribute 'href'

2018-11-16 16:18:49 - [TEST_STEP][PASSED] - Statement - out.println(Checker): null

2018-11-16 16:18:49 - [TEST_STEP][PASSED] - Statement - If (Checker == false): null

2018-11-16 16:18:49 - [TEST_STEP][PASSED] - Statement - Else: null

2018-11-16 16:18:49 - [TEST_STEP][PASSED] - delay: Delayed 2 second(s)

2018-11-16 16:18:51 - [MESSAGE][PASSED] - Delayed 2 second(s)

2018-11-16 16:18:51 - [TEST_STEP][PASSED] - delay: Delayed 1 second(s)

2018-11-16 16:18:52 - [MESSAGE][PASSED] - Delayed 1 second(s)

2018-11-16 16:18:52 - [TEST_STEP][PASSED] - navigateToUrl: Navigate to 'https://assist2-uat.perkeso.gov.my/web/registration/update/update-employee-information-employer-' successfully

2018-11-16 16:18:54 - [MESSAGE][PASSED] - Navigate to 'https://assist2-uat.perkeso.gov.my/web/registration/update/update-employee-information-employer-' successfully

2018-11-16 16:18:54 - [TEST_STEP][PASSED] - setText: Text 'E1102001065V' is set on object 'Object Repository/Final Object Repo/Page_Update Employee Information By Employer/Employer Code'

2018-11-16 16:18:54 - [MESSAGE][PASSED] - Text 'E1102001065V' is set on object 'Object Repository/Final Object Repo/Page_Update Employee Information By Employer/Employer Code'

2018-11-16 16:18:54 - [TEST_STEP][PASSED] - click: Object: 'Object Repository/Final Object Repo/Page_Update Employee Information By Employer/Search Employer Code' is clicked on

2018-11-16 16:18:55 - [MESSAGE][PASSED] - Object: 'Object Repository/Final Object Repo/Page_Update Employee Information By Employer/Search Employer Code' is clicked on

2018-11-16 16:18:55 - [TEST_STEP][PASSED] - click: Object: 'Object Repository/Final Object Repo/Page_Update Employee Information By Employer/Edit Button' is clicked on

2018-11-16 16:18:59 - [MESSAGE][PASSED] - Object: 'Object Repository/Final Object Repo/Page_Update Employee Information By Employer/Edit Button' is clicked on

2018-11-16 16:18:59 - [TEST_STEP][PASSED] - click: Object: 'Object Repository/Final Object Repo/Page_Update Employee Information By Employer/Employee Name or New Identification' is clicked on

2018-11-16 16:18:59 - [MESSAGE][PASSED] - Object: 'Object Repository/Final Object Repo/Page_Update Employee Information By Employer/Employee Name or New Identification' is clicked on

2018-11-16 16:18:59 - [TEST_STEP][PASSED] - delay: Delayed 1 second(s)

2018-11-16 16:19:00 - [MESSAGE][PASSED] - Delayed 1 second(s)

2018-11-16 16:19:00 - [TEST_STEP][PASSED] - click: Object: 'Object Repository/Final Object Repo/Page_Update Employee Information By Employer/Selection - Employee Name' is clicked on

2018-11-16 16:19:01 - [MESSAGE][PASSED] - Object: 'Object Repository/Final Object Repo/Page_Update Employee Information By Employer/Selection - Employee Name' is clicked on

2018-11-16 16:19:01 - [TEST_STEP][PASSED] - delay: Delayed 1 second(s)

2018-11-16 16:19:02 - [MESSAGE][PASSED] - Delayed 1 second(s)

2018-11-16 16:19:02 - [TEST_STEP][PASSED] - setText: Text 'PERKESO' is set on object 'Object Repository/Final Object Repo/Page_Update Employee Information By Employer/Employee Name'

2018-11-16 16:19:02 - [MESSAGE][PASSED] - Text 'PERKESO' is set on object 'Object Repository/Final Object Repo/Page_Update Employee Information By Employer/Employee Name'

2018-11-16 16:19:02 - [TEST_STEP][PASSED] - delay: Delayed 2 second(s)

2018-11-16 16:19:04 - [MESSAGE][PASSED] - Delayed 2 second(s)

2018-11-16 16:19:04 - [TEST_STEP][PASSED] - click: Object: 'Object Repository/Final Object Repo/Page_Update Employee Information By Employer/Search Employee' is clicked on

2018-11-16 16:19:04 - [MESSAGE][PASSED] - Object: 'Object Repository/Final Object Repo/Page_Update Employee Information By Employer/Search Employee' is clicked on

2018-11-16 16:19:04 - [TEST_STEP][PASSED] - delay: Delayed 3 second(s)

2018-11-16 16:19:07 - [MESSAGE][PASSED] - Delayed 3 second(s)

2018-11-16 16:19:07 - [TEST_STEP][PASSED] - click: Object: 'Object Repository/Final Object Repo/Page_Update Employee Information By Employer/Employee Edit Button' is clicked on

2018-11-16 16:19:08 - [MESSAGE][PASSED] - Object: 'Object Repository/Final Object Repo/Page_Update Employee Information By Employer/Employee Edit Button' is clicked on

2018-11-16 16:19:08 - [TEST_STEP][PASSED] - delay: Delayed 3 second(s)

2018-11-16 16:19:11 - [MESSAGE][PASSED] - Delayed 3 second(s)

2018-11-16 16:19:11 - [TEST_STEP][PASSED] - setText: Text '' is set on object 'Object Repository/Final Object Repo/Page_Update Employee Information By Employer/Identification Number'

2018-11-16 16:19:11 - [MESSAGE][PASSED] - Text '' is set on object 'Object Repository/Final Object Repo/Page_Update Employee Information By Employer/Identification Number'

2018-11-16 16:19:11 - [TEST_STEP][PASSED] - Statement - rnd = new java.util.Random(): null

2018-11-16 16:19:11 - [TEST_STEP][PASSED] - Statement - snum = rnd.nextInt(899999 + 1) + 100000: null

2018-11-16 16:19:11 - [TEST_STEP][PASSED] - Statement - tnum = rnd.nextInt(899999 + 1) + 100000: null

2018-11-16 16:19:11 - [TEST_STEP][PASSED] - Statement - IC = java.lang.Integer.toString(snum) + java.lang.Integer.toString(tnum): null

2018-11-16 16:19:11 - [TEST_STEP][PASSED] - Statement - out.println(IC): null

2018-11-16 16:19:11 - [TEST_STEP][PASSED] - setText: Text '452112746966' is set on object 'Object Repository/Final Object Repo/Page_Update Employee Information By Employer/Identification Number'

2018-11-16 16:19:11 - [MESSAGE][PASSED] - Text '452112746966' is set on object 'Object Repository/Final Object Repo/Page_Update Employee Information By Employer/Identification Number'

2018-11-16 16:19:11 - [TEST_STEP][PASSED] - click: Object: 'Object Repository/Final Object Repo/Page_Update Employee Information By Employer/Save' is clicked on

2018-11-16 16:19:16 - [MESSAGE][PASSED] - Object: 'Object Repository/Final Object Repo/Page_Update Employee Information By Employer/Save' is clicked on

2018-11-16 16:19:16 - [TEST_STEP][PASSED] - delay: Delayed 5 second(s)

2018-11-16 16:19:21 - [MESSAGE][PASSED] - Delayed 5 second(s)

2018-11-16 16:19:21 - [TEST_STEP][PASSED] - Statement - CaseReferenceNo = com.kms.katalon.core.webui.keyword.WebUiBuiltInKeywords.getText(com.kms.katalon.core.testobject.ObjectRepository.findTestObject(Final Object Repo/Reference Number/Reference Number in Update Employee Information Page)): Text of object 'Object Repository/Final Object Repo/Reference Number/Reference Number in Update Employee Information Page' is: 'CUN112018C100005520'

2018-11-16 16:19:21 - [MESSAGE][PASSED] - Text of object 'Object Repository/Final Object Repo/Reference Number/Reference Number in Update Employee Information Page' is: 'CUN112018C100005520'

2018-11-16 16:19:21 - [TEST_STEP][PASSED] - callTestCase: Call Test Case 'Test Cases/Final Aug 2018 - PKS Automation/Common/Reference Number Setter' successfully

2018-11-16 16:19:21 - [TEST_CASE][PASSED] - Test Cases/Final Aug 2018 - PKS Automation/Common/Reference Number Setter: Test Cases/Final Aug 2018 - PKS Automation/Common/Reference Number Setter

2018-11-16 16:19:21 - [TEST_STEP][PASSED] - Statement - RefNoOldFile = new java.io.File(C://KatalonReference.txt): null

2018-11-16 16:19:21 - [TEST_STEP][PASSED] - Statement - RefNoOldFile.delete(): null

2018-11-16 16:19:21 - [TEST_STEP][PASSED] - delay: Delayed 5 second(s)

2018-11-16 16:19:26 - [MESSAGE][PASSED] - Delayed 5 second(s)

2018-11-16 16:19:26 - [TEST_STEP][PASSED] - Statement - RefNo = new java.io.File(C://KatalonReference.txt): null

2018-11-16 16:19:26 - [TEST_STEP][PASSED] - Statement - f2 = new java.io.FileWriter(RefNo, false): null

2018-11-16 16:19:26 - [TEST_STEP][PASSED] - Statement - f2.write(CaseReferenceNo): null

2018-11-16 16:19:26 - [TEST_STEP][PASSED] - Statement - f2.close(): null

2018-11-16 16:19:26 - [TEST_STEP][PASSED] - Statement - out.println("


" + CaseReferenceNo + "


"): null

2018-11-16 16:19:26 - [MESSAGE][PASSED] - Call Test Case 'Test Cases/Final Aug 2018 - PKS Automation/Common/Reference Number Setter' successfully

2018-11-16 16:19:26 - [TEST_STEP][PASSED] - delay: Delayed 5 second(s)

2018-11-16 16:19:31 - [MESSAGE][PASSED] - Delayed 5 second(s)

2018-11-16 16:19:31 - [TEST_STEP][PASSED] - click: Object: 'Object Repository/Final Object Repo/Page_Update Employee Information By Employer/Save  Continue in  Employee Information Page' is clicked on

2018-11-16 16:19:35 - [MESSAGE][PASSED] - Object: 'Object Repository/Final Object Repo/Page_Update Employee Information By Employer/Save  Continue in  Employee Information Page' is clicked on

2018-11-16 16:19:35 - [TEST_STEP][PASSED] - delay: Delayed 5 second(s)

2018-11-16 16:19:40 - [MESSAGE][PASSED] - Delayed 5 second(s)

2018-11-16 16:19:40 - [TEST_STEP][PASSED] - click: Object: 'Object Repository/Final Object Repo/Page_Update Employee Information By Employer/Save  Continue in Uploading Page 1' is clicked on

2018-11-16 16:19:44 - [MESSAGE][PASSED] - Object: 'Object Repository/Final Object Repo/Page_Update Employee Information By Employer/Save  Continue in Uploading Page 1' is clicked on

2018-11-16 16:19:44 - [TEST_STEP][PASSED] - delay: Delayed 5 second(s)

2018-11-16 16:19:49 - [MESSAGE][PASSED] - Delayed 5 second(s)

2018-11-16 16:19:49 - [TEST_STEP][PASSED] - click: Object: 'Object Repository/Final Object Repo/Page_Update Employee Information By Employer/Submit' is clicked on

2018-11-16 16:19:50 - [MESSAGE][PASSED] - Object: 'Object Repository/Final Object Repo/Page_Update Employee Information By Employer/Submit' is clicked on

2018-11-16 16:19:50 - [TEST_STEP][PASSED] - delay: Delayed 5 second(s)

2018-11-16 16:19:55 - [MESSAGE][PASSED] - Delayed 5 second(s)

2018-11-16 16:19:55 - [TEST_STEP][PASSED] - click: Object: 'Object Repository/Final Object Repo/Page_Update Employee Information By Employer/Confirm' is clicked on

2018-11-16 16:19:59 - [MESSAGE][PASSED] - Object: 'Object Repository/Final Object Repo/Page_Update Employee Information By Employer/Confirm' is clicked on

2018-11-16 16:19:59 - [TEST_STEP][PASSED] - delay: Delayed 5 second(s)

2018-11-16 16:20:04 - [MESSAGE][PASSED] - Delayed 5 second(s)

2018-11-16 16:20:04 - [TEST_STEP][PASSED] - verifyElementVisible: Object 'Object Repository/Final Object Repo/Page_Update Employee Information By Employer/Successfull Message Routed to UO' is visible

2018-11-16 16:20:04 - [MESSAGE][PASSED] - Object 'Object Repository/Final Object Repo/Page_Update Employee Information By Employer/Successfull Message Routed to UO' is visible

2018-11-16 16:20:04 - [MESSAGE][PASSED] - Call Test Case 'Test Cases/Final Aug 2018 - PKS Automation/Registration Module/Workflow/Update Employee Information (Employer)/Template/Update Employer Information - Special Case (PKRBO)' successfully

2018-11-16 16:20:04 - [TEST_STEP][PASSED] - callTestCase: Call Test Case 'Test Cases/Final Aug 2018 - PKS Automation/Registration Module/Workflow/Update Employee Information (Employer)/Template/Update Employee Information - Special Case - UO(Query)' successfully

2018-11-16 16:20:04 - [TEST_CASE][PASSED] - Test Cases/Final Aug 2018 - PKS Automation/Registration Module/Workflow/Update Employee Information (Employer)/Template/Update Employee Information - Special Case - UO(Query): Test Cases/Final Aug 2018 - PKS Automation/Registration Module/Workflow/Update Employee Information (Employer)/Template/Update Employee Information - Special Case - UO(Query)

2018-11-16 16:20:04 - [TEST_STEP][NOT_RUN] - callTestCase: NOT_RUN: callTestCase

2018-11-16 16:20:04 - [MESSAGE][NOT_RUN] - NOT_RUN: callTestCase

2018-11-16 16:20:04 - [TEST_STEP][PASSED] - delay: Delayed 2 second(s)

2018-11-16 16:20:06 - [MESSAGE][PASSED] - Delayed 2 second(s)

2018-11-16 16:20:06 - [TEST_STEP][PASSED] - navigateToUrl: Navigate to 'https://assist2-uat.perkeso.gov.my/c/portal/logout' successfully

2018-11-16 16:20:07 - [MESSAGE][PASSED] - Navigate to 'https://assist2-uat.perkeso.gov.my/c/portal/logout' successfully

2018-11-16 16:20:07 - [TEST_STEP][PASSED] - delay: Delayed 2 second(s)

2018-11-16 16:20:09 - [MESSAGE][PASSED] - Delayed 2 second(s)

2018-11-16 16:20:09 - [TEST_STEP][PASSED] - callTestCase: Call Test Case 'Test Cases/Final Aug 2018 - PKS Automation/Common/Reference Number Getter' successfully

2018-11-16 16:20:09 - [TEST_CASE][PASSED] - Test Cases/Final Aug 2018 - PKS Automation/Common/Reference Number Getter: Test Cases/Final Aug 2018 - PKS Automation/Common/Reference Number Getter

2018-11-16 16:20:09 - [TEST_STEP][PASSED] - Statement - Try: null

2018-11-16 16:20:09 - [TEST_STEP][PASSED] - Statement - RefNo = new java.io.File(C://KatalonReference.txt): null

2018-11-16 16:20:09 - [TEST_STEP][PASSED] - Statement - bufferread = new java.io.BufferedReader(new java.io.FileReader(RefNo)): null

2018-11-16 16:20:09 - [TEST_STEP][PASSED] - Statement - readedVal = bufferread.readLine(): null

2018-11-16 16:20:09 - [TEST_STEP][PASSED] - Statement - out.println(CaseReferenceNo): null

2018-11-16 16:20:09 - [TEST_STEP][PASSED] - Statement - out.println(readedVal): null

2018-11-16 16:20:09 - [TEST_STEP][PASSED] - Statement - CaseReferenceNo = "": null

2018-11-16 16:20:09 - [TEST_STEP][PASSED] - Statement - CaseReferenceNo = readedVal: null

2018-11-16 16:20:09 - [MESSAGE][PASSED] - Call Test Case 'Test Cases/Final Aug 2018 - PKS Automation/Common/Reference Number Getter' successfully

2018-11-16 16:20:09 - [TEST_STEP][PASSED] - callTestCase: Call Test Case 'Test Cases/Final Aug 2018 - PKS Automation/Common/Workflow Owner Finder' successfully

2018-11-16 16:20:09 - [TEST_CASE][PASSED] - Test Cases/Final Aug 2018 - PKS Automation/Common/Workflow Owner Finder: Test Cases/Final Aug 2018 - PKS Automation/Common/Workflow Owner Finder

2018-11-16 16:20:09 - [TEST_STEP][PASSED] - openBrowser: Browser is opened with url: ''

2018-11-16 16:20:09 - [MESSAGE][WARNING] - A browser is already opened. Closing browser and opening a new one

2018-11-16 16:20:14 - [MESSAGE][PASSED] - Browser is opened with url: ''

2018-11-16 16:20:14 - [TEST_STEP][PASSED] - navigateToUrl: Navigate to 'https://assist2-uat.perkeso.gov.my/login' successfully

2018-11-16 16:20:16 - [MESSAGE][PASSED] - Navigate to 'https://assist2-uat.perkeso.gov.my/login' successfully

2018-11-16 16:20:16 - [TEST_STEP][PASSED] - delay: Delayed 5 second(s)

2018-11-16 16:20:21 - [MESSAGE][PASSED] - Delayed 5 second(s)

2018-11-16 16:20:21 - [TEST_STEP][PASSED] - setText: Text 'test@liferay.com' is set on object 'Object Repository/Final Object Repo/Login Page/Internal User/Email Address'

2018-11-16 16:20:21 - [MESSAGE][PASSED] - Text 'test@liferay.com' is set on object 'Object Repository/Final Object Repo/Login Page/Internal User/Email Address'

2018-11-16 16:20:21 - [TEST_STEP][PASSED] - click: Object: 'Object Repository/Final Object Repo/Login Page/Internal User/Next Button' is clicked on

2018-11-16 16:20:22 - [MESSAGE][PASSED] - Object: 'Object Repository/Final Object Repo/Login Page/Internal User/Next Button' is clicked on

2018-11-16 16:20:22 - [TEST_STEP][PASSED] - delay: Delayed 2 second(s)

2018-11-16 16:20:24 - [MESSAGE][PASSED] - Delayed 2 second(s)

2018-11-16 16:20:24 - [TEST_STEP][PASSED] - setText: Text 'test' is set on object 'Object Repository/Final Object Repo/Login Page/Internal User/Password'

2018-11-16 16:20:24 - [MESSAGE][PASSED] - Text 'test' is set on object 'Object Repository/Final Object Repo/Login Page/Internal User/Password'

2018-11-16 16:20:24 - [TEST_STEP][PASSED] - delay: Delayed 2 second(s)

2018-11-16 16:20:26 - [MESSAGE][PASSED] - Delayed 2 second(s)

2018-11-16 16:20:26 - [TEST_STEP][PASSED] - click: Object: 'Object Repository/Final Object Repo/Login Page/Internal User/Login Button' is clicked on

2018-11-16 16:20:29 - [MESSAGE][PASSED] - Object: 'Object Repository/Final Object Repo/Login Page/Internal User/Login Button' is clicked on

2018-11-16 16:20:29 - [TEST_STEP][PASSED] - Statement - Try: Delayed 2 second(s)

2018-11-16 16:20:29 - [TEST_STEP][PASSED] - Statement - Checker = false: null

2018-11-16 16:20:29 - [TEST_STEP][PASSED] - Statement - Checker = com.kms.katalon.core.webui.keyword.WebUiBuiltInKeywords.verifyElementHasAttribute(com.kms.katalon.core.testobject.ObjectRepository.findTestObject(Final Object Repo/Landing Page/BM Detecting), "href", 20, OPTIONAL): Object 'Object Repository/Final Object Repo/Landing Page/BM Detecting' has attribute 'href'

2018-11-16 16:20:29 - [MESSAGE][PASSED] - Object 'Object Repository/Final Object Repo/Landing Page/BM Detecting' has attribute 'href'

2018-11-16 16:20:29 - [TEST_STEP][PASSED] - Statement - out.println(Checker): null

2018-11-16 16:20:29 - [TEST_STEP][PASSED] - Statement - If (Checker == false): null

2018-11-16 16:20:29 - [TEST_STEP][PASSED] - Statement - Else: null

2018-11-16 16:20:29 - [TEST_STEP][PASSED] - delay: Delayed 2 second(s)

2018-11-16 16:20:31 - [MESSAGE][PASSED] - Delayed 2 second(s)

2018-11-16 16:20:31 - [TEST_STEP][PASSED] - delay: Delayed 3 second(s)

2018-11-16 16:20:34 - [MESSAGE][PASSED] - Delayed 3 second(s)

2018-11-16 16:20:34 - [TEST_STEP][PASSED] - mouseOver: Object: 'Object Repository/Final Object Repo/Landing Page/WorkFlow Menu' is hovered

2018-11-16 16:20:34 - [MESSAGE][PASSED] - Object: 'Object Repository/Final Object Repo/Landing Page/WorkFlow Menu' is hovered

2018-11-16 16:20:34 - [TEST_STEP][PASSED] - delay: Delayed 2 second(s)

2018-11-16 16:20:36 - [MESSAGE][PASSED] - Delayed 2 second(s)

2018-11-16 16:20:36 - [TEST_STEP][PASSED] - click: Object: 'Object Repository/Final Object Repo/Landing Page/Select to Workflow Listing' is clicked on

2018-11-16 16:20:38 - [MESSAGE][PASSED] - Object: 'Object Repository/Final Object Repo/Landing Page/Select to Workflow Listing' is clicked on

2018-11-16 16:20:38 - [TEST_STEP][PASSED] - delay: Delayed 2 second(s)

2018-11-16 16:20:40 - [MESSAGE][PASSED] - Delayed 2 second(s)

2018-11-16 16:20:40 - [TEST_STEP][PASSED] - click: Object: 'Object Repository/Final Object Repo/WorkFlow Listing Page/Search Information - To Put Ref No' is clicked on

2018-11-16 16:20:40 - [MESSAGE][PASSED] - Object: 'Object Repository/Final Object Repo/WorkFlow Listing Page/Search Information - To Put Ref No' is clicked on

2018-11-16 16:20:40 - [TEST_STEP][PASSED] - delay: Delayed 2 second(s)

2018-11-16 16:20:42 - [MESSAGE][PASSED] - Delayed 2 second(s)

2018-11-16 16:20:42 - [TEST_STEP][PASSED] - callTestCase: Call Test Case 'Test Cases/Final Aug 2018 - PKS Automation/Common/Reference Number Getter' successfully

2018-11-16 16:20:42 - [TEST_CASE][PASSED] - Test Cases/Final Aug 2018 - PKS Automation/Common/Reference Number Getter: Test Cases/Final Aug 2018 - PKS Automation/Common/Reference Number Getter

2018-11-16 16:20:42 - [TEST_STEP][PASSED] - Statement - Try: null

2018-11-16 16:20:42 - [TEST_STEP][PASSED] - Statement - RefNo = new java.io.File(C://KatalonReference.txt): null

2018-11-16 16:20:42 - [TEST_STEP][PASSED] - Statement - bufferread = new java.io.BufferedReader(new java.io.FileReader(RefNo)): null

2018-11-16 16:20:42 - [TEST_STEP][PASSED] - Statement - readedVal = bufferread.readLine(): null

2018-11-16 16:20:42 - [TEST_STEP][PASSED] - Statement - out.println(CaseReferenceNo): null

2018-11-16 16:20:42 - [TEST_STEP][PASSED] - Statement - out.println(readedVal): null

2018-11-16 16:20:42 - [TEST_STEP][PASSED] - Statement - CaseReferenceNo = "": null

2018-11-16 16:20:42 - [TEST_STEP][PASSED] - Statement - CaseReferenceNo = readedVal: null

2018-11-16 16:20:42 - [MESSAGE][PASSED] - Call Test Case 'Test Cases/Final Aug 2018 - PKS Automation/Common/Reference Number Getter' successfully

2018-11-16 16:20:42 - [TEST_STEP][PASSED] - setText: Text 'CUN112018C100005520' is set on object 'Object Repository/Final Object Repo/WorkFlow Listing Page/Ref No Set Text'

2018-11-16 16:20:42 - [MESSAGE][PASSED] - Text 'CUN112018C100005520' is set on object 'Object Repository/Final Object Repo/WorkFlow Listing Page/Ref No Set Text'

2018-11-16 16:20:42 - [TEST_STEP][PASSED] - delay: Delayed 2 second(s)

2018-11-16 16:20:44 - [MESSAGE][PASSED] - Delayed 2 second(s)

2018-11-16 16:20:44 - [TEST_STEP][PASSED] - click: Object: 'Object Repository/Final Object Repo/WorkFlow Listing Page/Search Ref No Search Button' is clicked on

2018-11-16 16:20:47 - [MESSAGE][PASSED] - Object: 'Object Repository/Final Object Repo/WorkFlow Listing Page/Search Ref No Search Button' is clicked on

2018-11-16 16:20:47 - [TEST_STEP][PASSED] - delay: Delayed 4 second(s)

2018-11-16 16:20:51 - [MESSAGE][PASSED] - Delayed 4 second(s)

2018-11-16 16:20:51 - [TEST_STEP][PASSED] - click: Object: 'Object Repository/Final Object Repo/WorkFlow Listing Page/Click Continue Tooltip' is clicked on

2018-11-16 16:20:53 - [MESSAGE][PASSED] - Object: 'Object Repository/Final Object Repo/WorkFlow Listing Page/Click Continue Tooltip' is clicked on

2018-11-16 16:20:53 - [TEST_STEP][PASSED] - delay: Delayed 5 second(s)

2018-11-16 16:20:58 - [MESSAGE][PASSED] - Delayed 5 second(s)

2018-11-16 16:20:58 - [TEST_STEP][PASSED] - doubleClick: Object: 'Object Repository/Final Object Repo/WorkFlow Listing Page/Workflow Found - Listing 1' is double clicked on

2018-11-16 16:20:58 - [MESSAGE][PASSED] - Object: 'Object Repository/Final Object Repo/WorkFlow Listing Page/Workflow Found - Listing 1' is double clicked on

2018-11-16 16:20:58 - [TEST_STEP][PASSED] - Statement - println(OwnerID): null

2018-11-16 16:20:58 - [TEST_STEP][PASSED] - Statement - OwnerID = com.kms.katalon.core.webui.keyword.WebUiBuiltInKeywords.getText(com.kms.katalon.core.testobject.ObjectRepository.findTestObject(Final Object Repo/WorkFlow Listing Page/Workflow Found - Listing 1), STOP_ON_FAILURE): Text of object 'Object Repository/Final Object Repo/WorkFlow Listing Page/Workflow Found - Listing 1' is: 'JOHORuo2'

2018-11-16 16:20:58 - [MESSAGE][PASSED] - Text of object 'Object Repository/Final Object Repo/WorkFlow Listing Page/Workflow Found - Listing 1' is: 'JOHORuo2'

2018-11-16 16:20:58 - [TEST_STEP][PASSED] - Statement - OwnerID = OwnerID.toLowerCase() + "@gmail.com": null

2018-11-16 16:20:58 - [TEST_STEP][PASSED] - Statement - println(OwnerID): null

2018-11-16 16:20:58 - [TEST_STEP][PASSED] - delay: Delayed 2 second(s)

2018-11-16 16:21:00 - [MESSAGE][PASSED] - Delayed 2 second(s)

2018-11-16 16:21:00 - [MESSAGE][PASSED] - Call Test Case 'Test Cases/Final Aug 2018 - PKS Automation/Common/Workflow Owner Finder' successfully

2018-11-16 16:21:00 - [TEST_STEP][PASSED] - delay: Delayed 2 second(s)

2018-11-16 16:21:02 - [MESSAGE][PASSED] - Delayed 2 second(s)

2018-11-16 16:21:02 - [TEST_STEP][PASSED] - navigateToUrl: Navigate to 'https://assist2-uat.perkeso.gov.my/c/portal/logout' successfully

2018-11-16 16:21:03 - [MESSAGE][PASSED] - Navigate to 'https://assist2-uat.perkeso.gov.my/c/portal/logout' successfully

2018-11-16 16:21:03 - [TEST_STEP][PASSED] - delay: Delayed 2 second(s)

2018-11-16 16:21:05 - [MESSAGE][PASSED] - Delayed 2 second(s)

2018-11-16 16:21:05 - [TEST_STEP][PASSED] - callTestCase: Call Test Case 'Test Cases/Final Aug 2018 - PKS Automation/Registration Module/Workflow/Login and Search Case For Workflow' successfully

2018-11-16 16:21:05 - [TEST_CASE][PASSED] - Test Cases/Final Aug 2018 - PKS Automation/Registration Module/Workflow/Login and Search Case For Workflow: Test Cases/Final Aug 2018 - PKS Automation/Registration Module/Workflow/Login and Search Case For Workflow

2018-11-16 16:21:05 - [TEST_STEP][PASSED] - navigateToUrl: Navigate to 'https://assist2-uat.perkeso.gov.my/login' successfully

2018-11-16 16:21:06 - [MESSAGE][PASSED] - Navigate to 'https://assist2-uat.perkeso.gov.my/login' successfully

2018-11-16 16:21:06 - [TEST_STEP][PASSED] - setText: Text 'johoruo2@gmail.com' is set on object 'Object Repository/Final Object Repo/Login Page/Internal User/Email Address'

2018-11-16 16:21:07 - [MESSAGE][PASSED] - Text 'johoruo2@gmail.com' is set on object 'Object Repository/Final Object Repo/Login Page/Internal User/Email Address'

2018-11-16 16:21:07 - [TEST_STEP][PASSED] - click: Object: 'Object Repository/Final Object Repo/Login Page/Internal User/Next Button' is clicked on

2018-11-16 16:21:07 - [MESSAGE][PASSED] - Object: 'Object Repository/Final Object Repo/Login Page/Internal User/Next Button' is clicked on

2018-11-16 16:21:07 - [TEST_STEP][PASSED] - delay: Delayed 1 second(s)

2018-11-16 16:21:08 - [MESSAGE][PASSED] - Delayed 1 second(s)

2018-11-16 16:21:08 - [TEST_STEP][PASSED] - setEncryptedText: Text ****** has been set on object 'Object Repository/Final Object Repo/Login Page/Internal User/Password'

2018-11-16 16:21:08 - [MESSAGE][PASSED] - Text ****** has been set on object 'Object Repository/Final Object Repo/Login Page/Internal User/Password'

2018-11-16 16:21:08 - [TEST_STEP][PASSED] - click: Object: 'Object Repository/Final Object Repo/Login Page/Internal User/Login Button' is clicked on

2018-11-16 16:21:11 - [MESSAGE][PASSED] - Object: 'Object Repository/Final Object Repo/Login Page/Internal User/Login Button' is clicked on

2018-11-16 16:21:11 - [TEST_STEP][PASSED] - delay: Delayed 2 second(s)

2018-11-16 16:21:13 - [MESSAGE][PASSED] - Delayed 2 second(s)

2018-11-16 16:21:13 - [TEST_STEP][PASSED] - Statement - Try: Delayed 2 second(s)

2018-11-16 16:21:13 - [TEST_STEP][PASSED] - Statement - Checker = false: null

2018-11-16 16:21:13 - [TEST_STEP][PASSED] - Statement - Checker = com.kms.katalon.core.webui.keyword.WebUiBuiltInKeywords.verifyElementHasAttribute(com.kms.katalon.core.testobject.ObjectRepository.findTestObject(Final Object Repo/Landing Page/BM Detecting), "href", 20, OPTIONAL): Object 'Object Repository/Final Object Repo/Landing Page/BM Detecting' has attribute 'href'

2018-11-16 16:21:13 - [MESSAGE][PASSED] - Object 'Object Repository/Final Object Repo/Landing Page/BM Detecting' has attribute 'href'

2018-11-16 16:21:13 - [TEST_STEP][PASSED] - Statement - out.println(Checker): null

2018-11-16 16:21:13 - [TEST_STEP][PASSED] - Statement - If (Checker == false): null

2018-11-16 16:21:13 - [TEST_STEP][PASSED] - Statement - Else: null

2018-11-16 16:21:13 - [TEST_STEP][PASSED] - delay: Delayed 2 second(s)

2018-11-16 16:21:15 - [MESSAGE][PASSED] - Delayed 2 second(s)

2018-11-16 16:21:15 - [TEST_STEP][PASSED] - click: Object: 'Object Repository/Final Object Repo/Page_MyASSIST - ASSIST - Search Pending Case For Add Supporting Document/Search Information' is clicked on

2018-11-16 16:21:15 - [MESSAGE][PASSED] - Object: 'Object Repository/Final Object Repo/Page_MyASSIST - ASSIST - Search Pending Case For Add Supporting Document/Search Information' is clicked on

2018-11-16 16:21:15 - [TEST_STEP][PASSED] - delay: Delayed 3 second(s)

2018-11-16 16:21:18 - [MESSAGE][PASSED] - Delayed 3 second(s)

2018-11-16 16:21:18 - [TEST_STEP][PASSED] - sendKeys: Keys 'CUN112018C100005520' sent to object: 'Object Repository/Final Object Repo/Page_MyASSIST - ASSIST - Search Pending Case For Add Supporting Document/Reference No'

2018-11-16 16:21:19 - [MESSAGE][PASSED] - Keys 'CUN112018C100005520' sent to object: 'Object Repository/Final Object Repo/Page_MyASSIST - ASSIST - Search Pending Case For Add Supporting Document/Reference No'

2018-11-16 16:21:19 - [TEST_STEP][PASSED] - click: Object: 'Object Repository/Final Object Repo/Page_MyASSIST - ASSIST - Search Pending Case For Add Supporting Document/Search Reference No' is clicked on

2018-11-16 16:21:21 - [MESSAGE][PASSED] - Object: 'Object Repository/Final Object Repo/Page_MyASSIST - ASSIST - Search Pending Case For Add Supporting Document/Search Reference No' is clicked on

2018-11-16 16:21:21 - [TEST_STEP][PASSED] - delay: Delayed 2 second(s)

2018-11-16 16:21:23 - [MESSAGE][PASSED] - Delayed 2 second(s)

2018-11-16 16:21:23 - [TEST_STEP][PASSED] - click: Object: 'Object Repository/Final Object Repo/Page_MyASSIST - ASSIST - Search Pending Case For Add Supporting Document/Continue' is clicked on

2018-11-16 16:21:28 - [MESSAGE][PASSED] - Object: 'Object Repository/Final Object Repo/Page_MyASSIST - ASSIST - Search Pending Case For Add Supporting Document/Continue' is clicked on

2018-11-16 16:21:28 - [TEST_STEP][PASSED] - delay: Delayed 20 second(s)

2018-11-16 16:21:48 - [MESSAGE][PASSED] - Delayed 20 second(s)

2018-11-16 16:21:48 - [MESSAGE][PASSED] - Call Test Case 'Test Cases/Final Aug 2018 - PKS Automation/Registration Module/Workflow/Login and Search Case For Workflow' successfully

2018-11-16 16:21:48 - [TEST_STEP][PASSED] - delay: Delayed 2 second(s)

2018-11-16 16:21:50 - [MESSAGE][PASSED] - Delayed 2 second(s)

2018-11-16 16:21:50 - [TEST_STEP][PASSED] - click: Object: 'Object Repository/Final Object Repo/Page_Update Employee Information By Employer/Page_Update Employee Information by Employer (Approve)/Continue' is clicked on

2018-11-16 16:21:54 - [MESSAGE][PASSED] - Object: 'Object Repository/Final Object Repo/Page_Update Employee Information By Employer/Page_Update Employee Information by Employer (Approve)/Continue' is clicked on

2018-11-16 16:21:54 - [TEST_STEP][PASSED] - delay: Delayed 2 second(s)

2018-11-16 16:21:56 - [MESSAGE][PASSED] - Delayed 2 second(s)

2018-11-16 16:21:56 - [TEST_STEP][PASSED] - click: Object: 'Object Repository/Final Object Repo/Page_Update Employee Information By Employer/Page_Update Employee Information by Employer (Approve)/Save  Continue in Update Employee Information Page' is clicked on

2018-11-16 16:22:00 - [MESSAGE][PASSED] - Object: 'Object Repository/Final Object Repo/Page_Update Employee Information By Employer/Page_Update Employee Information by Employer (Approve)/Save  Continue in Update Employee Information Page' is clicked on

2018-11-16 16:22:00 - [TEST_STEP][PASSED] - delay: Delayed 4 second(s)

2018-11-16 16:22:04 - [MESSAGE][PASSED] - Delayed 4 second(s)

2018-11-16 16:22:04 - [TEST_STEP][PASSED] - setText: Text 'Query' is set on object 'Object Repository/Final Object Repo/Page_Update Employee Information By Employer/Page_Update Employee Information by Employer (Query)/Remark'

2018-11-16 16:22:04 - [MESSAGE][PASSED] - Text 'Query' is set on object 'Object Repository/Final Object Repo/Page_Update Employee Information By Employer/Page_Update Employee Information by Employer (Query)/Remark'

2018-11-16 16:22:04 - [TEST_STEP][PASSED] - delay: Delayed 2 second(s)

2018-11-16 16:22:06 - [MESSAGE][PASSED] - Delayed 2 second(s)

2018-11-16 16:22:06 - [TEST_STEP][PASSED] - click: Object: 'Object Repository/Final Object Repo/Page_Update Employee Information By Employer/Page_Update Employee Information by Employer (Approve)/Save  Continue in Upload Supporting Doucument Page' is clicked on

2018-11-16 16:22:11 - [MESSAGE][PASSED] - Object: 'Object Repository/Final Object Repo/Page_Update Employee Information By Employer/Page_Update Employee Information by Employer (Approve)/Save  Continue in Upload Supporting Doucument Page' is clicked on

2018-11-16 16:22:11 - [TEST_STEP][PASSED] - delay: Delayed 2 second(s)

2018-11-16 16:22:13 - [MESSAGE][PASSED] - Delayed 2 second(s)

2018-11-16 16:22:13 - [TEST_STEP][PASSED] - click: Object: 'Object Repository/Final Object Repo/Page_Update Employee Information By Employer/Page_Update Employee Information by Employer (Query)/Query' is clicked on

2018-11-16 16:22:13 - [MESSAGE][PASSED] - Object: 'Object Repository/Final Object Repo/Page_Update Employee Information By Employer/Page_Update Employee Information by Employer (Query)/Query' is clicked on

2018-11-16 16:22:13 - [TEST_STEP][PASSED] - delay: Delayed 2 second(s)

2018-11-16 16:22:15 - [MESSAGE][PASSED] - Delayed 2 second(s)

2018-11-16 16:22:15 - [TEST_STEP][PASSED] - click: Object: 'Object Repository/Final Object Repo/Page_Update Employee Information By Employer/Page_Update Employee Information by Employer (Approve)/Confirm' is clicked on

2018-11-16 16:22:21 - [MESSAGE][PASSED] - Object: 'Object Repository/Final Object Repo/Page_Update Employee Information By Employer/Page_Update Employee Information by Employer (Approve)/Confirm' is clicked on

2018-11-16 16:22:21 - [TEST_STEP][PASSED] - delay: Delayed 2 second(s)

2018-11-16 16:22:23 - [MESSAGE][PASSED] - Delayed 2 second(s)

2018-11-16 16:22:23 - [TEST_STEP][PASSED] - click: Object: 'Object Repository/Final Object Repo/Page_Update Employee Information By Employer/Page_Update Employee Information by Employer (Query)/Query Message The case is Under Query' is clicked on

2018-11-16 16:22:23 - [MESSAGE][PASSED] - Object: 'Object Repository/Final Object Repo/Page_Update Employee Information By Employer/Page_Update Employee Information by Employer (Query)/Query Message The case is Under Query' is clicked on

2018-11-16 16:22:23 - [TEST_STEP][PASSED] - delay: Delayed 2 second(s)

2018-11-16 16:22:25 - [MESSAGE][PASSED] - Delayed 2 second(s)

2018-11-16 16:22:25 - [TEST_STEP][PASSED] - click: Object: 'Object Repository/Final Object Repo/Page_Update Employee Information By Employer/Page_Update Employee Information by Employer (Query)/Letter of inquiry' is clicked on

2018-11-16 16:22:30 - [MESSAGE][PASSED] - Object: 'Object Repository/Final Object Repo/Page_Update Employee Information By Employer/Page_Update Employee Information by Employer (Query)/Letter of inquiry' is clicked on

2018-11-16 16:22:30 - [TEST_STEP][PASSED] - delay: Delayed 1 second(s)

2018-11-16 16:22:31 - [MESSAGE][PASSED] - Delayed 1 second(s)

2018-11-16 16:22:31 - [TEST_STEP][PASSED] - navigateToUrl: Navigate to 'https://assist2-uat.perkeso.gov.my/c/portal/logout' successfully

2018-11-16 16:22:32 - [MESSAGE][PASSED] - Navigate to 'https://assist2-uat.perkeso.gov.my/c/portal/logout' successfully

2018-11-16 16:22:32 - [TEST_STEP][PASSED] - delay: Delayed 1 second(s)

2018-11-16 16:22:33 - [MESSAGE][PASSED] - Delayed 1 second(s)

2018-11-16 16:22:33 - [TEST_STEP][PASSED] - callTestCase: Call Test Case 'Test Cases/Final Aug 2018 - PKS Automation/Registration Module/Workflow/Search Pending Case For Add Supporting Document (OTC)' successfully

2018-11-16 16:22:34 - [TEST_CASE][PASSED] - Test Cases/Final Aug 2018 - PKS Automation/Registration Module/Workflow/Search Pending Case For Add Supporting Document (OTC): Test Cases/Final Aug 2018 - PKS Automation/Registration Module/Workflow/Search Pending Case For Add Supporting Document (OTC)

2018-11-16 16:22:34 - [TEST_STEP][PASSED] - openBrowser: Browser is opened with url: ''

2018-11-16 16:22:34 - [MESSAGE][WARNING] - A browser is already opened. Closing browser and opening a new one

2018-11-16 16:22:39 - [MESSAGE][PASSED] - Browser is opened with url: ''

2018-11-16 16:22:39 - [TEST_STEP][PASSED] - navigateToUrl: Navigate to 'https://assist2-uat.perkeso.gov.my/login' successfully

2018-11-16 16:22:41 - [MESSAGE][PASSED] - Navigate to 'https://assist2-uat.perkeso.gov.my/login' successfully

2018-11-16 16:22:41 - [TEST_STEP][PASSED] - setText: Text 'johorotc1@gmail.com' is set on object 'Object Repository/Final Object Repo/Login Page/Internal User/Email Address'

2018-11-16 16:22:41 - [MESSAGE][PASSED] - Text 'johorotc1@gmail.com' is set on object 'Object Repository/Final Object Repo/Login Page/Internal User/Email Address'

2018-11-16 16:22:41 - [TEST_STEP][PASSED] - click: Object: 'Object Repository/Final Object Repo/Login Page/Internal User/Next Button' is clicked on

2018-11-16 16:22:42 - [MESSAGE][PASSED] - Object: 'Object Repository/Final Object Repo/Login Page/Internal User/Next Button' is clicked on

2018-11-16 16:22:42 - [TEST_STEP][PASSED] - delay: Delayed 1 second(s)

2018-11-16 16:22:43 - [MESSAGE][PASSED] - Delayed 1 second(s)

2018-11-16 16:22:43 - [TEST_STEP][PASSED] - setEncryptedText: Text ****** has been set on object 'Object Repository/Final Object Repo/Login Page/Internal User/Password'

2018-11-16 16:22:43 - [MESSAGE][PASSED] - Text ****** has been set on object 'Object Repository/Final Object Repo/Login Page/Internal User/Password'

2018-11-16 16:22:43 - [TEST_STEP][PASSED] - click: Object: 'Object Repository/Final Object Repo/Login Page/Internal User/Login Button' is clicked on

2018-11-16 16:22:47 - [MESSAGE][PASSED] - Object: 'Object Repository/Final Object Repo/Login Page/Internal User/Login Button' is clicked on

2018-11-16 16:22:47 - [TEST_STEP][PASSED] - delay: Delayed 1 second(s)

2018-11-16 16:22:48 - [MESSAGE][PASSED] - Delayed 1 second(s)

2018-11-16 16:22:48 - [TEST_STEP][PASSED] - Statement - Try: Delayed 2 second(s)

2018-11-16 16:22:48 - [TEST_STEP][PASSED] - Statement - Checker = false: null

2018-11-16 16:22:48 - [TEST_STEP][PASSED] - Statement - Checker = com.kms.katalon.core.webui.keyword.WebUiBuiltInKeywords.verifyElementHasAttribute(com.kms.katalon.core.testobject.ObjectRepository.findTestObject(Final Object Repo/Landing Page/BM Detecting), "href", 20, OPTIONAL): Object 'Object Repository/Final Object Repo/Landing Page/BM Detecting' has attribute 'href'

2018-11-16 16:22:48 - [MESSAGE][PASSED] - Object 'Object Repository/Final Object Repo/Landing Page/BM Detecting' has attribute 'href'

2018-11-16 16:22:48 - [TEST_STEP][PASSED] - Statement - out.println(Checker): null

2018-11-16 16:22:48 - [TEST_STEP][PASSED] - Statement - If (Checker == false): null

2018-11-16 16:22:48 - [TEST_STEP][PASSED] - Statement - Else: null

2018-11-16 16:22:48 - [TEST_STEP][PASSED] - delay: Delayed 2 second(s)

2018-11-16 16:22:50 - [MESSAGE][PASSED] - Delayed 2 second(s)

2018-11-16 16:22:50 - [TEST_STEP][PASSED] - navigateToUrl: Navigate to 'https://assist2-uat.perkeso.gov.my/web/registration/search/search-pending-case-for-add-supporting-document' successfully

2018-11-16 16:22:51 - [MESSAGE][PASSED] - Navigate to 'https://assist2-uat.perkeso.gov.my/web/registration/search/search-pending-case-for-add-supporting-document' successfully

2018-11-16 16:22:51 - [TEST_STEP][PASSED] - click: Object: 'Object Repository/Final Object Repo/Page_Search Pending Case For Add Suporting Document/Search By' is clicked on

2018-11-16 16:22:52 - [MESSAGE][PASSED] - Object: 'Object Repository/Final Object Repo/Page_Search Pending Case For Add Suporting Document/Search By' is clicked on

2018-11-16 16:22:52 - [TEST_STEP][PASSED] - click: Object: 'Object Repository/Final Object Repo/Page_Search Pending Case For Add Suporting Document/Search By - Reference ID' is clicked on

2018-11-16 16:22:52 - [MESSAGE][PASSED] - Object: 'Object Repository/Final Object Repo/Page_Search Pending Case For Add Suporting Document/Search By - Reference ID' is clicked on

2018-11-16 16:22:52 - [TEST_STEP][PASSED] - delay: Delayed 2 second(s)

2018-11-16 16:22:54 - [MESSAGE][PASSED] - Delayed 2 second(s)

2018-11-16 16:22:54 - [TEST_STEP][PASSED] - setText: Text 'CUN112018C100005520' is set on object 'Object Repository/Final Object Repo/Page_Search Pending Case For Add Suporting Document/Reference ID'

2018-11-16 16:22:55 - [MESSAGE][PASSED] - Text 'CUN112018C100005520' is set on object 'Object Repository/Final Object Repo/Page_Search Pending Case For Add Suporting Document/Reference ID'

2018-11-16 16:22:55 - [TEST_STEP][PASSED] - click: Object: 'Object Repository/Final Object Repo/Page_Search Pending Case For Add Suporting Document/Search' is clicked on

2018-11-16 16:22:56 - [MESSAGE][PASSED] - Object: 'Object Repository/Final Object Repo/Page_Search Pending Case For Add Suporting Document/Search' is clicked on

2018-11-16 16:22:56 - [TEST_STEP][PASSED] - delay: Delayed 2 second(s)

2018-11-16 16:22:58 - [MESSAGE][PASSED] - Delayed 2 second(s)

2018-11-16 16:22:58 - [TEST_STEP][PASSED] - click: Object: 'Object Repository/Final Object Repo/Page_Search Pending Case For Add Suporting Document/Edit' is clicked on

2018-11-16 16:23:03 - [MESSAGE][PASSED] - Object: 'Object Repository/Final Object Repo/Page_Search Pending Case For Add Suporting Document/Edit' is clicked on

2018-11-16 16:23:03 - [MESSAGE][PASSED] - Call Test Case 'Test Cases/Final Aug 2018 - PKS Automation/Registration Module/Workflow/Search Pending Case For Add Supporting Document (OTC)' successfully

2018-11-16 16:23:03 - [TEST_STEP][PASSED] - click: Object: 'Object Repository/Final Object Repo/Page_Update Employee Information By Employer/Page_Update Employee Information by Employer (Query -OTC -UO)/Next' is clicked on

2018-11-16 16:23:07 - [MESSAGE][PASSED] - Object: 'Object Repository/Final Object Repo/Page_Update Employee Information By Employer/Page_Update Employee Information by Employer (Query -OTC -UO)/Next' is clicked on

2018-11-16 16:23:07 - [TEST_STEP][PASSED] - delay: Delayed 2 second(s)

2018-11-16 16:23:09 - [MESSAGE][PASSED] - Delayed 2 second(s)

2018-11-16 16:23:09 - [TEST_STEP][PASSED] - click: Object: 'Object Repository/Final Object Repo/Page_Update Employee Information By Employer/Page_Update Employee Information by Employer (Query -OTC -UO)/Add Document Button' is clicked on

2018-11-16 16:23:10 - [MESSAGE][PASSED] - Object: 'Object Repository/Final Object Repo/Page_Update Employee Information By Employer/Page_Update Employee Information by Employer (Query -OTC -UO)/Add Document Button' is clicked on

2018-11-16 16:23:10 - [TEST_STEP][PASSED] - delay: Delayed 5 second(s)

2018-11-16 16:23:15 - [MESSAGE][PASSED] - Delayed 5 second(s)

2018-11-16 16:23:15 - [TEST_STEP][PASSED] - click: Object: 'Object Repository/Final Object Repo/Page_Update Employee Information By Employer/Page_Update Employee Information by Employer (Query -OTC -UO)/Document Type' is clicked on

2018-11-16 16:23:15 - [MESSAGE][PASSED] - Object: 'Object Repository/Final Object Repo/Page_Update Employee Information By Employer/Page_Update Employee Information by Employer (Query -OTC -UO)/Document Type' is clicked on

2018-11-16 16:23:15 - [TEST_STEP][PASSED] - click: Object: 'Object Repository/Final Object Repo/Page_Update Employee Information By Employer/Page_Update Employee Information by Employer (Query -OTC -UO)/Document Type - Other' is clicked on

2018-11-16 16:23:16 - [MESSAGE][PASSED] - Object: 'Object Repository/Final Object Repo/Page_Update Employee Information By Employer/Page_Update Employee Information by Employer (Query -OTC -UO)/Document Type - Other' is clicked on

2018-11-16 16:23:16 - [TEST_STEP][PASSED] - sendKeys: Keys 'C:\Users\Public\Pictures\Sample Pictures\Act.jpg' sent to object: 'Object Repository/Final Object Repo/Page_Update Employee Information By Employer/Page_Update Employee Information by Employer (Query -OTC -UO)/Upload File'

2018-11-16 16:23:16 - [MESSAGE][PASSED] - Keys 'C:\Users\Public\Pictures\Sample Pictures\Act.jpg' sent to object: 'Object Repository/Final Object Repo/Page_Update Employee Information By Employer/Page_Update Employee Information by Employer (Query -OTC -UO)/Upload File'

2018-11-16 16:23:16 - [TEST_STEP][PASSED] - click: Object: 'Object Repository/Final Object Repo/Page_Update Employee Information By Employer/Page_Update Employee Information by Employer (Query -OTC -UO)/Add Document' is clicked on

2018-11-16 16:23:21 - [MESSAGE][PASSED] - Object: 'Object Repository/Final Object Repo/Page_Update Employee Information By Employer/Page_Update Employee Information by Employer (Query -OTC -UO)/Add Document' is clicked on

2018-11-16 16:23:21 - [TEST_STEP][PASSED] - delay: Delayed 2 second(s)

2018-11-16 16:23:23 - [MESSAGE][PASSED] - Delayed 2 second(s)

2018-11-16 16:23:23 - [TEST_STEP][PASSED] - click: Object: 'Object Repository/Final Object Repo/Page_Update Employee Information By Employer/Page_Update Employee Information by Employer (Query -OTC -UO)/Exit' is clicked on

2018-11-16 16:23:25 - [MESSAGE][PASSED] - Object: 'Object Repository/Final Object Repo/Page_Update Employee Information By Employer/Page_Update Employee Information by Employer (Query -OTC -UO)/Exit' is clicked on

2018-11-16 16:23:25 - [TEST_STEP][PASSED] - delay: Delayed 2 second(s)

2018-11-16 16:23:27 - [MESSAGE][PASSED] - Delayed 2 second(s)

2018-11-16 16:23:27 - [TEST_STEP][PASSED] - navigateToUrl: Navigate to 'https://assist2-uat.perkeso.gov.my/c/portal/logout' successfully

2018-11-16 16:23:28 - [MESSAGE][PASSED] - Navigate to 'https://assist2-uat.perkeso.gov.my/c/portal/logout' successfully

2018-11-16 16:23:28 - [TEST_STEP][PASSED] - delay: Delayed 2 second(s)

2018-11-16 16:23:30 - [MESSAGE][PASSED] - Delayed 2 second(s)

2018-11-16 16:23:30 - [TEST_STEP][PASSED] - callTestCase: Call Test Case 'Test Cases/Final Aug 2018 - PKS Automation/Registration Module/Workflow/Login and Search Case For Workflow' successfully

2018-11-16 16:23:30 - [TEST_CASE][PASSED] - Test Cases/Final Aug 2018 - PKS Automation/Registration Module/Workflow/Login and Search Case For Workflow: Test Cases/Final Aug 2018 - PKS Automation/Registration Module/Workflow/Login and Search Case For Workflow

2018-11-16 16:23:30 - [TEST_STEP][PASSED] - navigateToUrl: Navigate to 'https://assist2-uat.perkeso.gov.my/login' successfully

2018-11-16 16:23:31 - [MESSAGE][PASSED] - Navigate to 'https://assist2-uat.perkeso.gov.my/login' successfully

2018-11-16 16:23:31 - [TEST_STEP][PASSED] - setText: Text 'johoruo2@gmail.com' is set on object 'Object Repository/Final Object Repo/Login Page/Internal User/Email Address'

2018-11-16 16:23:32 - [MESSAGE][PASSED] - Text 'johoruo2@gmail.com' is set on object 'Object Repository/Final Object Repo/Login Page/Internal User/Email Address'

2018-11-16 16:23:32 - [TEST_STEP][PASSED] - click: Object: 'Object Repository/Final Object Repo/Login Page/Internal User/Next Button' is clicked on

2018-11-16 16:23:32 - [MESSAGE][PASSED] - Object: 'Object Repository/Final Object Repo/Login Page/Internal User/Next Button' is clicked on

2018-11-16 16:23:32 - [TEST_STEP][PASSED] - delay: Delayed 1 second(s)

2018-11-16 16:23:33 - [MESSAGE][PASSED] - Delayed 1 second(s)

2018-11-16 16:23:33 - [TEST_STEP][PASSED] - setEncryptedText: Text ****** has been set on object 'Object Repository/Final Object Repo/Login Page/Internal User/Password'

2018-11-16 16:23:33 - [MESSAGE][PASSED] - Text ****** has been set on object 'Object Repository/Final Object Repo/Login Page/Internal User/Password'

2018-11-16 16:23:33 - [TEST_STEP][PASSED] - click: Object: 'Object Repository/Final Object Repo/Login Page/Internal User/Login Button' is clicked on

2018-11-16 16:23:36 - [MESSAGE][PASSED] - Object: 'Object Repository/Final Object Repo/Login Page/Internal User/Login Button' is clicked on

2018-11-16 16:23:36 - [TEST_STEP][PASSED] - delay: Delayed 2 second(s)

2018-11-16 16:23:38 - [MESSAGE][PASSED] - Delayed 2 second(s)

2018-11-16 16:23:38 - [TEST_STEP][PASSED] - Statement - Try: Delayed 2 second(s)

2018-11-16 16:23:38 - [TEST_STEP][PASSED] - Statement - Checker = false: null

2018-11-16 16:23:38 - [TEST_STEP][PASSED] - Statement - Checker = com.kms.katalon.core.webui.keyword.WebUiBuiltInKeywords.verifyElementHasAttribute(com.kms.katalon.core.testobject.ObjectRepository.findTestObject(Final Object Repo/Landing Page/BM Detecting), "href", 20, OPTIONAL): Object 'Object Repository/Final Object Repo/Landing Page/BM Detecting' has attribute 'href'

2018-11-16 16:23:38 - [MESSAGE][PASSED] - Object 'Object Repository/Final Object Repo/Landing Page/BM Detecting' has attribute 'href'

2018-11-16 16:23:38 - [TEST_STEP][PASSED] - Statement - out.println(Checker): null

2018-11-16 16:23:38 - [TEST_STEP][PASSED] - Statement - If (Checker == false): null

2018-11-16 16:23:38 - [TEST_STEP][PASSED] - Statement - Else: null

2018-11-16 16:23:38 - [TEST_STEP][PASSED] - delay: Delayed 2 second(s)

2018-11-16 16:23:40 - [MESSAGE][PASSED] - Delayed 2 second(s)

2018-11-16 16:23:40 - [TEST_STEP][PASSED] - click: Object: 'Object Repository/Final Object Repo/Page_MyASSIST - ASSIST - Search Pending Case For Add Supporting Document/Search Information' is clicked on

2018-11-16 16:23:40 - [MESSAGE][PASSED] - Object: 'Object Repository/Final Object Repo/Page_MyASSIST - ASSIST - Search Pending Case For Add Supporting Document/Search Information' is clicked on

2018-11-16 16:23:40 - [TEST_STEP][PASSED] - delay: Delayed 3 second(s)

2018-11-16 16:23:43 - [MESSAGE][PASSED] - Delayed 3 second(s)

2018-11-16 16:23:43 - [TEST_STEP][PASSED] - sendKeys: Keys 'CUN112018C100005520' sent to object: 'Object Repository/Final Object Repo/Page_MyASSIST - ASSIST - Search Pending Case For Add Supporting Document/Reference No'

2018-11-16 16:23:44 - [MESSAGE][PASSED] - Keys 'CUN112018C100005520' sent to object: 'Object Repository/Final Object Repo/Page_MyASSIST - ASSIST - Search Pending Case For Add Supporting Document/Reference No'

2018-11-16 16:23:44 - [TEST_STEP][PASSED] - click: Object: 'Object Repository/Final Object Repo/Page_MyASSIST - ASSIST - Search Pending Case For Add Supporting Document/Search Reference No' is clicked on

2018-11-16 16:23:46 - [MESSAGE][PASSED] - Object: 'Object Repository/Final Object Repo/Page_MyASSIST - ASSIST - Search Pending Case For Add Supporting Document/Search Reference No' is clicked on

2018-11-16 16:23:46 - [TEST_STEP][PASSED] - delay: Delayed 2 second(s)

2018-11-16 16:23:48 - [MESSAGE][PASSED] - Delayed 2 second(s)

2018-11-16 16:23:48 - [TEST_STEP][PASSED] - click: Object: 'Object Repository/Final Object Repo/Page_MyASSIST - ASSIST - Search Pending Case For Add Supporting Document/Continue' is clicked on

2018-11-16 16:23:52 - [MESSAGE][PASSED] - Object: 'Object Repository/Final Object Repo/Page_MyASSIST - ASSIST - Search Pending Case For Add Supporting Document/Continue' is clicked on

2018-11-16 16:23:52 - [TEST_STEP][PASSED] - delay: Delayed 20 second(s)

2018-11-16 16:24:12 - [MESSAGE][PASSED] - Delayed 20 second(s)

2018-11-16 16:24:12 - [MESSAGE][PASSED] - Call Test Case 'Test Cases/Final Aug 2018 - PKS Automation/Registration Module/Workflow/Login and Search Case For Workflow' successfully

2018-11-16 16:24:12 - [TEST_STEP][PASSED] - click: Object: 'Object Repository/Final Object Repo/Page_Update Employee Information By Employer/Page_Update Employee Information by Employer (Approve)/Continue' is clicked on

2018-11-16 16:24:16 - [MESSAGE][PASSED] - Object: 'Object Repository/Final Object Repo/Page_Update Employee Information By Employer/Page_Update Employee Information by Employer (Approve)/Continue' is clicked on

2018-11-16 16:24:16 - [TEST_STEP][PASSED] - delay: Delayed 2 second(s)

2018-11-16 16:24:18 - [MESSAGE][PASSED] - Delayed 2 second(s)

2018-11-16 16:24:18 - [TEST_STEP][PASSED] - click: Object: 'Object Repository/Final Object Repo/Page_Update Employee Information By Employer/Page_Update Employee Information by Employer (Approve)/Save  Continue in Update Employee Information Page' is clicked on

2018-11-16 16:24:22 - [MESSAGE][PASSED] - Object: 'Object Repository/Final Object Repo/Page_Update Employee Information By Employer/Page_Update Employee Information by Employer (Approve)/Save  Continue in Update Employee Information Page' is clicked on

2018-11-16 16:24:22 - [TEST_STEP][PASSED] - delay: Delayed 4 second(s)

2018-11-16 16:24:26 - [MESSAGE][PASSED] - Delayed 4 second(s)

2018-11-16 16:24:26 - [TEST_STEP][PASSED] - click: Object: 'Object Repository/Final Object Repo/Page_Update Employee Information By Employer/Page_Update Employee Information by Employer (Approve)/Save  Continue in Upload Supporting Doucument Page' is clicked on

2018-11-16 16:24:31 - [MESSAGE][PASSED] - Object: 'Object Repository/Final Object Repo/Page_Update Employee Information By Employer/Page_Update Employee Information by Employer (Approve)/Save  Continue in Upload Supporting Doucument Page' is clicked on

2018-11-16 16:24:31 - [TEST_STEP][PASSED] - delay: Delayed 2 second(s)

2018-11-16 16:24:33 - [MESSAGE][PASSED] - Delayed 2 second(s)

2018-11-16 16:24:33 - [TEST_STEP][PASSED] - click: Object: 'Object Repository/Final Object Repo/Page_Update Employee Information By Employer/Page_Update Employee Information by Employer (Approve)/Approve' is clicked on

2018-11-16 16:24:33 - [MESSAGE][PASSED] - Object: 'Object Repository/Final Object Repo/Page_Update Employee Information By Employer/Page_Update Employee Information by Employer (Approve)/Approve' is clicked on

2018-11-16 16:24:33 - [TEST_STEP][PASSED] - delay: Delayed 2 second(s)

2018-11-16 16:24:35 - [MESSAGE][PASSED] - Delayed 2 second(s)

2018-11-16 16:24:35 - [TEST_STEP][PASSED] - click: Object: 'Object Repository/Final Object Repo/Page_Update Employee Information By Employer/Page_Update Employee Information by Employer (Approve)/Confirm' is clicked on

2018-11-16 16:24:41 - [MESSAGE][PASSED] - Object: 'Object Repository/Final Object Repo/Page_Update Employee Information By Employer/Page_Update Employee Information by Employer (Approve)/Confirm' is clicked on

2018-11-16 16:24:41 - [TEST_STEP][PASSED] - delay: Delayed 2 second(s)

2018-11-16 16:24:43 - [MESSAGE][PASSED] - Delayed 2 second(s)

2018-11-16 16:24:43 - [TEST_STEP][PASSED] - verifyElementVisible: Object 'Object Repository/Final Object Repo/Page_Update Employee Information By Employer/Page_Update Employee Information by Employer (Approve)/Successfull Message Submitted Successfully' is visible

2018-11-16 16:24:43 - [MESSAGE][PASSED] - Object 'Object Repository/Final Object Repo/Page_Update Employee Information By Employer/Page_Update Employee Information by Employer (Approve)/Successfull Message Submitted Successfully' is visible

2018-11-16 16:24:43 - [TEST_STEP][PASSED] - delay: Delayed 2 second(s)

2018-11-16 16:24:45 - [MESSAGE][PASSED] - Delayed 2 second(s)

2018-11-16 16:24:45 - [TEST_STEP][PASSED] - verifyElementVisible: Object 'Object Repository/Final Object Repo/Page_Update Employee Information By Employer/Page_Update Employee Information by Employer (Approve)/Letter of Successful update' is visible

2018-11-16 16:24:45 - [MESSAGE][PASSED] - Object 'Object Repository/Final Object Repo/Page_Update Employee Information By Employer/Page_Update Employee Information by Employer (Approve)/Letter of Successful update' is visible

2018-11-16 16:24:45 - [MESSAGE][PASSED] - Call Test Case 'Test Cases/Final Aug 2018 - PKS Automation/Registration Module/Workflow/Update Employee Information (Employer)/Template/Update Employee Information - Special Case - UO(Query)' successfully]]></system-out>
         <system-err><![CDATA[]]></system-err>
      </testcase>
      <testcase name="Test Cases/Final Aug 2018 - PKS Automation/Registration Module/Workflow/Update Employee Information (Employer)/PKRBO - UO (Reject)" classname="Test Cases/Final Aug 2018 - PKS Automation/Registration Module/Workflow/Update Employee Information (Employer)/PKRBO - UO (Reject)" status="PASSED">
         <system-out><![CDATA[2018-11-16 16:24:45 - [TEST_CASE][PASSED] - Test Cases/Final Aug 2018 - PKS Automation/Registration Module/Workflow/Update Employee Information (Employer)/PKRBO - UO (Reject): Test Cases/Final Aug 2018 - PKS Automation/Registration Module/Workflow/Update Employee Information (Employer)/PKRBO - UO (Reject)

2018-11-16 16:24:45 - [TEST_STEP][PASSED] - callTestCase: Call Test Case 'Test Cases/Final Aug 2018 - PKS Automation/Registration Module/Workflow/Update Employee Information (Employer)/Template/Update Employer Information - Special Case (PKRBO)' successfully

2018-11-16 16:24:45 - [TEST_CASE][PASSED] - Test Cases/Final Aug 2018 - PKS Automation/Registration Module/Workflow/Update Employee Information (Employer)/Template/Update Employer Information - Special Case (PKRBO): Test Cases/Final Aug 2018 - PKS Automation/Registration Module/Workflow/Update Employee Information (Employer)/Template/Update Employer Information - Special Case (PKRBO)

2018-11-16 16:24:45 - [TEST_STEP][PASSED] - openBrowser: Browser is opened with url: ''

2018-11-16 16:24:45 - [MESSAGE][WARNING] - A browser is already opened. Closing browser and opening a new one

2018-11-16 16:24:50 - [MESSAGE][PASSED] - Browser is opened with url: ''

2018-11-16 16:24:50 - [TEST_STEP][PASSED] - navigateToUrl: Navigate to 'https://assist2-uat.perkeso.gov.my/login' successfully

2018-11-16 16:24:52 - [MESSAGE][PASSED] - Navigate to 'https://assist2-uat.perkeso.gov.my/login' successfully

2018-11-16 16:24:52 - [TEST_STEP][PASSED] - setText: Text 'johorpkrbo1@gmail.com' is set on object 'Object Repository/Final Object Repo/Login Page/Internal User/Email Address'

2018-11-16 16:24:53 - [MESSAGE][PASSED] - Text 'johorpkrbo1@gmail.com' is set on object 'Object Repository/Final Object Repo/Login Page/Internal User/Email Address'

2018-11-16 16:24:53 - [TEST_STEP][PASSED] - click: Object: 'Object Repository/Final Object Repo/Login Page/Internal User/Next Button' is clicked on

2018-11-16 16:24:53 - [MESSAGE][PASSED] - Object: 'Object Repository/Final Object Repo/Login Page/Internal User/Next Button' is clicked on

2018-11-16 16:24:53 - [TEST_STEP][PASSED] - delay: Delayed 1 second(s)

2018-11-16 16:24:54 - [MESSAGE][PASSED] - Delayed 1 second(s)

2018-11-16 16:24:54 - [TEST_STEP][PASSED] - setEncryptedText: Text ****** has been set on object 'Object Repository/Final Object Repo/Login Page/Internal User/Password'

2018-11-16 16:24:54 - [MESSAGE][PASSED] - Text ****** has been set on object 'Object Repository/Final Object Repo/Login Page/Internal User/Password'

2018-11-16 16:24:54 - [TEST_STEP][PASSED] - click: Object: 'Object Repository/Final Object Repo/Login Page/Internal User/Login Button' is clicked on

2018-11-16 16:24:57 - [MESSAGE][PASSED] - Object: 'Object Repository/Final Object Repo/Login Page/Internal User/Login Button' is clicked on

2018-11-16 16:24:57 - [TEST_STEP][PASSED] - Statement - Try: Delayed 2 second(s)

2018-11-16 16:24:57 - [TEST_STEP][PASSED] - Statement - Checker = false: null

2018-11-16 16:24:57 - [TEST_STEP][PASSED] - Statement - Checker = com.kms.katalon.core.webui.keyword.WebUiBuiltInKeywords.verifyElementHasAttribute(com.kms.katalon.core.testobject.ObjectRepository.findTestObject(Final Object Repo/Landing Page/BM Detecting), "href", 20, OPTIONAL): Object 'Object Repository/Final Object Repo/Landing Page/BM Detecting' has attribute 'href'

2018-11-16 16:24:57 - [MESSAGE][PASSED] - Object 'Object Repository/Final Object Repo/Landing Page/BM Detecting' has attribute 'href'

2018-11-16 16:24:57 - [TEST_STEP][PASSED] - Statement - out.println(Checker): null

2018-11-16 16:24:57 - [TEST_STEP][PASSED] - Statement - If (Checker == false): null

2018-11-16 16:24:57 - [TEST_STEP][PASSED] - Statement - Else: null

2018-11-16 16:24:57 - [TEST_STEP][PASSED] - delay: Delayed 2 second(s)

2018-11-16 16:24:59 - [MESSAGE][PASSED] - Delayed 2 second(s)

2018-11-16 16:24:59 - [TEST_STEP][PASSED] - delay: Delayed 1 second(s)

2018-11-16 16:25:00 - [MESSAGE][PASSED] - Delayed 1 second(s)

2018-11-16 16:25:00 - [TEST_STEP][PASSED] - navigateToUrl: Navigate to 'https://assist2-uat.perkeso.gov.my/web/registration/update/update-employee-information-employer-' successfully

2018-11-16 16:25:01 - [MESSAGE][PASSED] - Navigate to 'https://assist2-uat.perkeso.gov.my/web/registration/update/update-employee-information-employer-' successfully

2018-11-16 16:25:01 - [TEST_STEP][PASSED] - setText: Text 'E1102001065V' is set on object 'Object Repository/Final Object Repo/Page_Update Employee Information By Employer/Employer Code'

2018-11-16 16:25:01 - [MESSAGE][PASSED] - Text 'E1102001065V' is set on object 'Object Repository/Final Object Repo/Page_Update Employee Information By Employer/Employer Code'

2018-11-16 16:25:01 - [TEST_STEP][PASSED] - click: Object: 'Object Repository/Final Object Repo/Page_Update Employee Information By Employer/Search Employer Code' is clicked on

2018-11-16 16:25:03 - [MESSAGE][PASSED] - Object: 'Object Repository/Final Object Repo/Page_Update Employee Information By Employer/Search Employer Code' is clicked on

2018-11-16 16:25:03 - [TEST_STEP][PASSED] - click: Object: 'Object Repository/Final Object Repo/Page_Update Employee Information By Employer/Edit Button' is clicked on

2018-11-16 16:25:08 - [MESSAGE][PASSED] - Object: 'Object Repository/Final Object Repo/Page_Update Employee Information By Employer/Edit Button' is clicked on

2018-11-16 16:25:08 - [TEST_STEP][PASSED] - click: Object: 'Object Repository/Final Object Repo/Page_Update Employee Information By Employer/Employee Name or New Identification' is clicked on

2018-11-16 16:25:08 - [MESSAGE][PASSED] - Object: 'Object Repository/Final Object Repo/Page_Update Employee Information By Employer/Employee Name or New Identification' is clicked on

2018-11-16 16:25:08 - [TEST_STEP][PASSED] - delay: Delayed 1 second(s)

2018-11-16 16:25:09 - [MESSAGE][PASSED] - Delayed 1 second(s)

2018-11-16 16:25:09 - [TEST_STEP][PASSED] - click: Object: 'Object Repository/Final Object Repo/Page_Update Employee Information By Employer/Selection - Employee Name' is clicked on

2018-11-16 16:25:10 - [MESSAGE][PASSED] - Object: 'Object Repository/Final Object Repo/Page_Update Employee Information By Employer/Selection - Employee Name' is clicked on

2018-11-16 16:25:10 - [TEST_STEP][PASSED] - delay: Delayed 1 second(s)

2018-11-16 16:25:11 - [MESSAGE][PASSED] - Delayed 1 second(s)

2018-11-16 16:25:11 - [TEST_STEP][PASSED] - setText: Text 'PERKESO' is set on object 'Object Repository/Final Object Repo/Page_Update Employee Information By Employer/Employee Name'

2018-11-16 16:25:11 - [MESSAGE][PASSED] - Text 'PERKESO' is set on object 'Object Repository/Final Object Repo/Page_Update Employee Information By Employer/Employee Name'

2018-11-16 16:25:11 - [TEST_STEP][PASSED] - delay: Delayed 2 second(s)

2018-11-16 16:25:13 - [MESSAGE][PASSED] - Delayed 2 second(s)

2018-11-16 16:25:13 - [TEST_STEP][PASSED] - click: Object: 'Object Repository/Final Object Repo/Page_Update Employee Information By Employer/Search Employee' is clicked on

2018-11-16 16:25:14 - [MESSAGE][PASSED] - Object: 'Object Repository/Final Object Repo/Page_Update Employee Information By Employer/Search Employee' is clicked on

2018-11-16 16:25:14 - [TEST_STEP][PASSED] - delay: Delayed 3 second(s)

2018-11-16 16:25:17 - [MESSAGE][PASSED] - Delayed 3 second(s)

2018-11-16 16:25:17 - [TEST_STEP][PASSED] - click: Object: 'Object Repository/Final Object Repo/Page_Update Employee Information By Employer/Employee Edit Button' is clicked on

2018-11-16 16:25:17 - [MESSAGE][PASSED] - Object: 'Object Repository/Final Object Repo/Page_Update Employee Information By Employer/Employee Edit Button' is clicked on

2018-11-16 16:25:17 - [TEST_STEP][PASSED] - delay: Delayed 3 second(s)

2018-11-16 16:25:20 - [MESSAGE][PASSED] - Delayed 3 second(s)

2018-11-16 16:25:20 - [TEST_STEP][PASSED] - setText: Text '' is set on object 'Object Repository/Final Object Repo/Page_Update Employee Information By Employer/Identification Number'

2018-11-16 16:25:20 - [MESSAGE][PASSED] - Text '' is set on object 'Object Repository/Final Object Repo/Page_Update Employee Information By Employer/Identification Number'

2018-11-16 16:25:20 - [TEST_STEP][PASSED] - Statement - rnd = new java.util.Random(): null

2018-11-16 16:25:20 - [TEST_STEP][PASSED] - Statement - snum = rnd.nextInt(899999 + 1) + 100000: null

2018-11-16 16:25:20 - [TEST_STEP][PASSED] - Statement - tnum = rnd.nextInt(899999 + 1) + 100000: null

2018-11-16 16:25:20 - [TEST_STEP][PASSED] - Statement - IC = java.lang.Integer.toString(snum) + java.lang.Integer.toString(tnum): null

2018-11-16 16:25:20 - [TEST_STEP][PASSED] - Statement - out.println(IC): null

2018-11-16 16:25:20 - [TEST_STEP][PASSED] - setText: Text '347292116392' is set on object 'Object Repository/Final Object Repo/Page_Update Employee Information By Employer/Identification Number'

2018-11-16 16:25:20 - [MESSAGE][PASSED] - Text '347292116392' is set on object 'Object Repository/Final Object Repo/Page_Update Employee Information By Employer/Identification Number'

2018-11-16 16:25:20 - [TEST_STEP][PASSED] - click: Object: 'Object Repository/Final Object Repo/Page_Update Employee Information By Employer/Save' is clicked on

2018-11-16 16:25:25 - [MESSAGE][PASSED] - Object: 'Object Repository/Final Object Repo/Page_Update Employee Information By Employer/Save' is clicked on

2018-11-16 16:25:25 - [TEST_STEP][PASSED] - delay: Delayed 5 second(s)

2018-11-16 16:25:30 - [MESSAGE][PASSED] - Delayed 5 second(s)

2018-11-16 16:25:30 - [TEST_STEP][PASSED] - Statement - CaseReferenceNo = com.kms.katalon.core.webui.keyword.WebUiBuiltInKeywords.getText(com.kms.katalon.core.testobject.ObjectRepository.findTestObject(Final Object Repo/Reference Number/Reference Number in Update Employee Information Page)): Text of object 'Object Repository/Final Object Repo/Reference Number/Reference Number in Update Employee Information Page' is: 'CUN112018C100005521'

2018-11-16 16:25:30 - [MESSAGE][PASSED] - Text of object 'Object Repository/Final Object Repo/Reference Number/Reference Number in Update Employee Information Page' is: 'CUN112018C100005521'

2018-11-16 16:25:30 - [TEST_STEP][PASSED] - callTestCase: Call Test Case 'Test Cases/Final Aug 2018 - PKS Automation/Common/Reference Number Setter' successfully

2018-11-16 16:25:31 - [TEST_CASE][PASSED] - Test Cases/Final Aug 2018 - PKS Automation/Common/Reference Number Setter: Test Cases/Final Aug 2018 - PKS Automation/Common/Reference Number Setter

2018-11-16 16:25:31 - [TEST_STEP][PASSED] - Statement - RefNoOldFile = new java.io.File(C://KatalonReference.txt): null

2018-11-16 16:25:31 - [TEST_STEP][PASSED] - Statement - RefNoOldFile.delete(): null

2018-11-16 16:25:31 - [TEST_STEP][PASSED] - delay: Delayed 5 second(s)

2018-11-16 16:25:36 - [MESSAGE][PASSED] - Delayed 5 second(s)

2018-11-16 16:25:36 - [TEST_STEP][PASSED] - Statement - RefNo = new java.io.File(C://KatalonReference.txt): null

2018-11-16 16:25:36 - [TEST_STEP][PASSED] - Statement - f2 = new java.io.FileWriter(RefNo, false): null

2018-11-16 16:25:36 - [TEST_STEP][PASSED] - Statement - f2.write(CaseReferenceNo): null

2018-11-16 16:25:36 - [TEST_STEP][PASSED] - Statement - f2.close(): null

2018-11-16 16:25:36 - [TEST_STEP][PASSED] - Statement - out.println("


" + CaseReferenceNo + "


"): null

2018-11-16 16:25:36 - [MESSAGE][PASSED] - Call Test Case 'Test Cases/Final Aug 2018 - PKS Automation/Common/Reference Number Setter' successfully

2018-11-16 16:25:36 - [TEST_STEP][PASSED] - delay: Delayed 5 second(s)

2018-11-16 16:25:41 - [MESSAGE][PASSED] - Delayed 5 second(s)

2018-11-16 16:25:41 - [TEST_STEP][PASSED] - click: Object: 'Object Repository/Final Object Repo/Page_Update Employee Information By Employer/Save  Continue in  Employee Information Page' is clicked on

2018-11-16 16:25:45 - [MESSAGE][PASSED] - Object: 'Object Repository/Final Object Repo/Page_Update Employee Information By Employer/Save  Continue in  Employee Information Page' is clicked on

2018-11-16 16:25:45 - [TEST_STEP][PASSED] - delay: Delayed 5 second(s)

2018-11-16 16:25:50 - [MESSAGE][PASSED] - Delayed 5 second(s)

2018-11-16 16:25:50 - [TEST_STEP][PASSED] - click: Object: 'Object Repository/Final Object Repo/Page_Update Employee Information By Employer/Save  Continue in Uploading Page 1' is clicked on

2018-11-16 16:25:55 - [MESSAGE][PASSED] - Object: 'Object Repository/Final Object Repo/Page_Update Employee Information By Employer/Save  Continue in Uploading Page 1' is clicked on

2018-11-16 16:25:55 - [TEST_STEP][PASSED] - delay: Delayed 5 second(s)

2018-11-16 16:26:00 - [MESSAGE][PASSED] - Delayed 5 second(s)

2018-11-16 16:26:00 - [TEST_STEP][PASSED] - click: Object: 'Object Repository/Final Object Repo/Page_Update Employee Information By Employer/Submit' is clicked on

2018-11-16 16:26:00 - [MESSAGE][PASSED] - Object: 'Object Repository/Final Object Repo/Page_Update Employee Information By Employer/Submit' is clicked on

2018-11-16 16:26:00 - [TEST_STEP][PASSED] - delay: Delayed 5 second(s)

2018-11-16 16:26:05 - [MESSAGE][PASSED] - Delayed 5 second(s)

2018-11-16 16:26:05 - [TEST_STEP][PASSED] - click: Object: 'Object Repository/Final Object Repo/Page_Update Employee Information By Employer/Confirm' is clicked on

2018-11-16 16:26:09 - [MESSAGE][PASSED] - Object: 'Object Repository/Final Object Repo/Page_Update Employee Information By Employer/Confirm' is clicked on

2018-11-16 16:26:09 - [TEST_STEP][PASSED] - delay: Delayed 5 second(s)

2018-11-16 16:26:14 - [MESSAGE][PASSED] - Delayed 5 second(s)

2018-11-16 16:26:14 - [TEST_STEP][PASSED] - verifyElementVisible: Object 'Object Repository/Final Object Repo/Page_Update Employee Information By Employer/Successfull Message Routed to UO' is visible

2018-11-16 16:26:14 - [MESSAGE][PASSED] - Object 'Object Repository/Final Object Repo/Page_Update Employee Information By Employer/Successfull Message Routed to UO' is visible

2018-11-16 16:26:14 - [MESSAGE][PASSED] - Call Test Case 'Test Cases/Final Aug 2018 - PKS Automation/Registration Module/Workflow/Update Employee Information (Employer)/Template/Update Employer Information - Special Case (PKRBO)' successfully

2018-11-16 16:26:14 - [TEST_STEP][PASSED] - callTestCase: Call Test Case 'Test Cases/Final Aug 2018 - PKS Automation/Registration Module/Workflow/Update Employee Information (Employer)/Template/Update Employee Information - Special Case - UO (Reject)' successfully

2018-11-16 16:26:14 - [TEST_CASE][PASSED] - Test Cases/Final Aug 2018 - PKS Automation/Registration Module/Workflow/Update Employee Information (Employer)/Template/Update Employee Information - Special Case - UO (Reject): Test Cases/Final Aug 2018 - PKS Automation/Registration Module/Workflow/Update Employee Information (Employer)/Template/Update Employee Information - Special Case - UO (Reject)

2018-11-16 16:26:14 - [TEST_STEP][NOT_RUN] - callTestCase: NOT_RUN: callTestCase

2018-11-16 16:26:14 - [MESSAGE][NOT_RUN] - NOT_RUN: callTestCase

2018-11-16 16:26:14 - [TEST_STEP][PASSED] - delay: Delayed 2 second(s)

2018-11-16 16:26:16 - [MESSAGE][PASSED] - Delayed 2 second(s)

2018-11-16 16:26:16 - [TEST_STEP][PASSED] - navigateToUrl: Navigate to 'https://assist2-uat.perkeso.gov.my/c/portal/logout' successfully

2018-11-16 16:26:18 - [MESSAGE][PASSED] - Navigate to 'https://assist2-uat.perkeso.gov.my/c/portal/logout' successfully

2018-11-16 16:26:18 - [TEST_STEP][PASSED] - delay: Delayed 2 second(s)

2018-11-16 16:26:20 - [MESSAGE][PASSED] - Delayed 2 second(s)

2018-11-16 16:26:20 - [TEST_STEP][PASSED] - callTestCase: Call Test Case 'Test Cases/Final Aug 2018 - PKS Automation/Common/Reference Number Getter' successfully

2018-11-16 16:26:20 - [TEST_CASE][PASSED] - Test Cases/Final Aug 2018 - PKS Automation/Common/Reference Number Getter: Test Cases/Final Aug 2018 - PKS Automation/Common/Reference Number Getter

2018-11-16 16:26:20 - [TEST_STEP][PASSED] - Statement - Try: null

2018-11-16 16:26:20 - [TEST_STEP][PASSED] - Statement - RefNo = new java.io.File(C://KatalonReference.txt): null

2018-11-16 16:26:20 - [TEST_STEP][PASSED] - Statement - bufferread = new java.io.BufferedReader(new java.io.FileReader(RefNo)): null

2018-11-16 16:26:20 - [TEST_STEP][PASSED] - Statement - readedVal = bufferread.readLine(): null

2018-11-16 16:26:20 - [TEST_STEP][PASSED] - Statement - out.println(CaseReferenceNo): null

2018-11-16 16:26:20 - [TEST_STEP][PASSED] - Statement - out.println(readedVal): null

2018-11-16 16:26:20 - [TEST_STEP][PASSED] - Statement - CaseReferenceNo = "": null

2018-11-16 16:26:20 - [TEST_STEP][PASSED] - Statement - CaseReferenceNo = readedVal: null

2018-11-16 16:26:20 - [MESSAGE][PASSED] - Call Test Case 'Test Cases/Final Aug 2018 - PKS Automation/Common/Reference Number Getter' successfully

2018-11-16 16:26:20 - [TEST_STEP][PASSED] - callTestCase: Call Test Case 'Test Cases/Final Aug 2018 - PKS Automation/Common/Workflow Owner Finder' successfully

2018-11-16 16:26:20 - [TEST_CASE][PASSED] - Test Cases/Final Aug 2018 - PKS Automation/Common/Workflow Owner Finder: Test Cases/Final Aug 2018 - PKS Automation/Common/Workflow Owner Finder

2018-11-16 16:26:20 - [TEST_STEP][PASSED] - openBrowser: Browser is opened with url: ''

2018-11-16 16:26:20 - [MESSAGE][WARNING] - A browser is already opened. Closing browser and opening a new one

2018-11-16 16:26:25 - [MESSAGE][PASSED] - Browser is opened with url: ''

2018-11-16 16:26:25 - [TEST_STEP][PASSED] - navigateToUrl: Navigate to 'https://assist2-uat.perkeso.gov.my/login' successfully

2018-11-16 16:26:28 - [MESSAGE][PASSED] - Navigate to 'https://assist2-uat.perkeso.gov.my/login' successfully

2018-11-16 16:26:28 - [TEST_STEP][PASSED] - delay: Delayed 5 second(s)

2018-11-16 16:26:33 - [MESSAGE][PASSED] - Delayed 5 second(s)

2018-11-16 16:26:33 - [TEST_STEP][PASSED] - setText: Text 'test@liferay.com' is set on object 'Object Repository/Final Object Repo/Login Page/Internal User/Email Address'

2018-11-16 16:26:34 - [MESSAGE][PASSED] - Text 'test@liferay.com' is set on object 'Object Repository/Final Object Repo/Login Page/Internal User/Email Address'

2018-11-16 16:26:34 - [TEST_STEP][PASSED] - click: Object: 'Object Repository/Final Object Repo/Login Page/Internal User/Next Button' is clicked on

2018-11-16 16:26:34 - [MESSAGE][PASSED] - Object: 'Object Repository/Final Object Repo/Login Page/Internal User/Next Button' is clicked on

2018-11-16 16:26:34 - [TEST_STEP][PASSED] - delay: Delayed 2 second(s)

2018-11-16 16:26:36 - [MESSAGE][PASSED] - Delayed 2 second(s)

2018-11-16 16:26:36 - [TEST_STEP][PASSED] - setText: Text 'test' is set on object 'Object Repository/Final Object Repo/Login Page/Internal User/Password'

2018-11-16 16:26:36 - [MESSAGE][PASSED] - Text 'test' is set on object 'Object Repository/Final Object Repo/Login Page/Internal User/Password'

2018-11-16 16:26:36 - [TEST_STEP][PASSED] - delay: Delayed 2 second(s)

2018-11-16 16:26:38 - [MESSAGE][PASSED] - Delayed 2 second(s)

2018-11-16 16:26:38 - [TEST_STEP][PASSED] - click: Object: 'Object Repository/Final Object Repo/Login Page/Internal User/Login Button' is clicked on

2018-11-16 16:26:42 - [MESSAGE][PASSED] - Object: 'Object Repository/Final Object Repo/Login Page/Internal User/Login Button' is clicked on

2018-11-16 16:26:42 - [TEST_STEP][PASSED] - Statement - Try: Delayed 2 second(s)

2018-11-16 16:26:42 - [TEST_STEP][PASSED] - Statement - Checker = false: null

2018-11-16 16:26:42 - [TEST_STEP][PASSED] - Statement - Checker = com.kms.katalon.core.webui.keyword.WebUiBuiltInKeywords.verifyElementHasAttribute(com.kms.katalon.core.testobject.ObjectRepository.findTestObject(Final Object Repo/Landing Page/BM Detecting), "href", 20, OPTIONAL): Object 'Object Repository/Final Object Repo/Landing Page/BM Detecting' has attribute 'href'

2018-11-16 16:26:42 - [MESSAGE][PASSED] - Object 'Object Repository/Final Object Repo/Landing Page/BM Detecting' has attribute 'href'

2018-11-16 16:26:42 - [TEST_STEP][PASSED] - Statement - out.println(Checker): null

2018-11-16 16:26:42 - [TEST_STEP][PASSED] - Statement - If (Checker == false): null

2018-11-16 16:26:42 - [TEST_STEP][PASSED] - Statement - Else: null

2018-11-16 16:26:42 - [TEST_STEP][PASSED] - delay: Delayed 2 second(s)

2018-11-16 16:26:44 - [MESSAGE][PASSED] - Delayed 2 second(s)

2018-11-16 16:26:44 - [TEST_STEP][PASSED] - delay: Delayed 3 second(s)

2018-11-16 16:26:47 - [MESSAGE][PASSED] - Delayed 3 second(s)

2018-11-16 16:26:47 - [TEST_STEP][PASSED] - mouseOver: Object: 'Object Repository/Final Object Repo/Landing Page/WorkFlow Menu' is hovered

2018-11-16 16:26:47 - [MESSAGE][PASSED] - Object: 'Object Repository/Final Object Repo/Landing Page/WorkFlow Menu' is hovered

2018-11-16 16:26:47 - [TEST_STEP][PASSED] - delay: Delayed 2 second(s)

2018-11-16 16:26:49 - [MESSAGE][PASSED] - Delayed 2 second(s)

2018-11-16 16:26:49 - [TEST_STEP][PASSED] - click: Object: 'Object Repository/Final Object Repo/Landing Page/Select to Workflow Listing' is clicked on

2018-11-16 16:26:51 - [MESSAGE][PASSED] - Object: 'Object Repository/Final Object Repo/Landing Page/Select to Workflow Listing' is clicked on

2018-11-16 16:26:51 - [TEST_STEP][PASSED] - delay: Delayed 2 second(s)

2018-11-16 16:26:53 - [MESSAGE][PASSED] - Delayed 2 second(s)

2018-11-16 16:26:53 - [TEST_STEP][PASSED] - click: Object: 'Object Repository/Final Object Repo/WorkFlow Listing Page/Search Information - To Put Ref No' is clicked on

2018-11-16 16:26:53 - [MESSAGE][PASSED] - Object: 'Object Repository/Final Object Repo/WorkFlow Listing Page/Search Information - To Put Ref No' is clicked on

2018-11-16 16:26:53 - [TEST_STEP][PASSED] - delay: Delayed 2 second(s)

2018-11-16 16:26:55 - [MESSAGE][PASSED] - Delayed 2 second(s)

2018-11-16 16:26:55 - [TEST_STEP][PASSED] - callTestCase: Call Test Case 'Test Cases/Final Aug 2018 - PKS Automation/Common/Reference Number Getter' successfully

2018-11-16 16:26:55 - [TEST_CASE][PASSED] - Test Cases/Final Aug 2018 - PKS Automation/Common/Reference Number Getter: Test Cases/Final Aug 2018 - PKS Automation/Common/Reference Number Getter

2018-11-16 16:26:55 - [TEST_STEP][PASSED] - Statement - Try: null

2018-11-16 16:26:55 - [TEST_STEP][PASSED] - Statement - RefNo = new java.io.File(C://KatalonReference.txt): null

2018-11-16 16:26:55 - [TEST_STEP][PASSED] - Statement - bufferread = new java.io.BufferedReader(new java.io.FileReader(RefNo)): null

2018-11-16 16:26:55 - [TEST_STEP][PASSED] - Statement - readedVal = bufferread.readLine(): null

2018-11-16 16:26:55 - [TEST_STEP][PASSED] - Statement - out.println(CaseReferenceNo): null

2018-11-16 16:26:55 - [TEST_STEP][PASSED] - Statement - out.println(readedVal): null

2018-11-16 16:26:55 - [TEST_STEP][PASSED] - Statement - CaseReferenceNo = "": null

2018-11-16 16:26:55 - [TEST_STEP][PASSED] - Statement - CaseReferenceNo = readedVal: null

2018-11-16 16:26:55 - [MESSAGE][PASSED] - Call Test Case 'Test Cases/Final Aug 2018 - PKS Automation/Common/Reference Number Getter' successfully

2018-11-16 16:26:55 - [TEST_STEP][PASSED] - setText: Text 'CUN112018C100005521' is set on object 'Object Repository/Final Object Repo/WorkFlow Listing Page/Ref No Set Text'

2018-11-16 16:26:55 - [MESSAGE][PASSED] - Text 'CUN112018C100005521' is set on object 'Object Repository/Final Object Repo/WorkFlow Listing Page/Ref No Set Text'

2018-11-16 16:26:55 - [TEST_STEP][PASSED] - delay: Delayed 2 second(s)

2018-11-16 16:26:57 - [MESSAGE][PASSED] - Delayed 2 second(s)

2018-11-16 16:26:57 - [TEST_STEP][PASSED] - click: Object: 'Object Repository/Final Object Repo/WorkFlow Listing Page/Search Ref No Search Button' is clicked on

2018-11-16 16:27:00 - [MESSAGE][PASSED] - Object: 'Object Repository/Final Object Repo/WorkFlow Listing Page/Search Ref No Search Button' is clicked on

2018-11-16 16:27:00 - [TEST_STEP][PASSED] - delay: Delayed 4 second(s)

2018-11-16 16:27:04 - [MESSAGE][PASSED] - Delayed 4 second(s)

2018-11-16 16:27:04 - [TEST_STEP][PASSED] - click: Object: 'Object Repository/Final Object Repo/WorkFlow Listing Page/Click Continue Tooltip' is clicked on

2018-11-16 16:27:06 - [MESSAGE][PASSED] - Object: 'Object Repository/Final Object Repo/WorkFlow Listing Page/Click Continue Tooltip' is clicked on

2018-11-16 16:27:06 - [TEST_STEP][PASSED] - delay: Delayed 5 second(s)

2018-11-16 16:27:11 - [MESSAGE][PASSED] - Delayed 5 second(s)

2018-11-16 16:27:11 - [TEST_STEP][PASSED] - doubleClick: Object: 'Object Repository/Final Object Repo/WorkFlow Listing Page/Workflow Found - Listing 1' is double clicked on

2018-11-16 16:27:12 - [MESSAGE][PASSED] - Object: 'Object Repository/Final Object Repo/WorkFlow Listing Page/Workflow Found - Listing 1' is double clicked on

2018-11-16 16:27:12 - [TEST_STEP][PASSED] - Statement - println(OwnerID): null

2018-11-16 16:27:12 - [TEST_STEP][PASSED] - Statement - OwnerID = com.kms.katalon.core.webui.keyword.WebUiBuiltInKeywords.getText(com.kms.katalon.core.testobject.ObjectRepository.findTestObject(Final Object Repo/WorkFlow Listing Page/Workflow Found - Listing 1), STOP_ON_FAILURE): Text of object 'Object Repository/Final Object Repo/WorkFlow Listing Page/Workflow Found - Listing 1' is: 'JOHORuo3'

2018-11-16 16:27:12 - [MESSAGE][PASSED] - Text of object 'Object Repository/Final Object Repo/WorkFlow Listing Page/Workflow Found - Listing 1' is: 'JOHORuo3'

2018-11-16 16:27:12 - [TEST_STEP][PASSED] - Statement - OwnerID = OwnerID.toLowerCase() + "@gmail.com": null

2018-11-16 16:27:12 - [TEST_STEP][PASSED] - Statement - println(OwnerID): null

2018-11-16 16:27:12 - [TEST_STEP][PASSED] - delay: Delayed 2 second(s)

2018-11-16 16:27:14 - [MESSAGE][PASSED] - Delayed 2 second(s)

2018-11-16 16:27:14 - [MESSAGE][PASSED] - Call Test Case 'Test Cases/Final Aug 2018 - PKS Automation/Common/Workflow Owner Finder' successfully

2018-11-16 16:27:14 - [TEST_STEP][PASSED] - delay: Delayed 2 second(s)

2018-11-16 16:27:16 - [MESSAGE][PASSED] - Delayed 2 second(s)

2018-11-16 16:27:16 - [TEST_STEP][PASSED] - navigateToUrl: Navigate to 'https://assist2-uat.perkeso.gov.my/c/portal/logout' successfully

2018-11-16 16:27:17 - [MESSAGE][PASSED] - Navigate to 'https://assist2-uat.perkeso.gov.my/c/portal/logout' successfully

2018-11-16 16:27:17 - [TEST_STEP][PASSED] - delay: Delayed 2 second(s)

2018-11-16 16:27:19 - [MESSAGE][PASSED] - Delayed 2 second(s)

2018-11-16 16:27:19 - [TEST_STEP][PASSED] - callTestCase: Call Test Case 'Test Cases/Final Aug 2018 - PKS Automation/Registration Module/Workflow/Login and Search Case For Workflow' successfully

2018-11-16 16:27:19 - [TEST_CASE][PASSED] - Test Cases/Final Aug 2018 - PKS Automation/Registration Module/Workflow/Login and Search Case For Workflow: Test Cases/Final Aug 2018 - PKS Automation/Registration Module/Workflow/Login and Search Case For Workflow

2018-11-16 16:27:19 - [TEST_STEP][PASSED] - navigateToUrl: Navigate to 'https://assist2-uat.perkeso.gov.my/login' successfully

2018-11-16 16:27:20 - [MESSAGE][PASSED] - Navigate to 'https://assist2-uat.perkeso.gov.my/login' successfully

2018-11-16 16:27:20 - [TEST_STEP][PASSED] - setText: Text 'johoruo3@gmail.com' is set on object 'Object Repository/Final Object Repo/Login Page/Internal User/Email Address'

2018-11-16 16:27:21 - [MESSAGE][PASSED] - Text 'johoruo3@gmail.com' is set on object 'Object Repository/Final Object Repo/Login Page/Internal User/Email Address'

2018-11-16 16:27:21 - [TEST_STEP][PASSED] - click: Object: 'Object Repository/Final Object Repo/Login Page/Internal User/Next Button' is clicked on

2018-11-16 16:27:21 - [MESSAGE][PASSED] - Object: 'Object Repository/Final Object Repo/Login Page/Internal User/Next Button' is clicked on

2018-11-16 16:27:21 - [TEST_STEP][PASSED] - delay: Delayed 1 second(s)

2018-11-16 16:27:22 - [MESSAGE][PASSED] - Delayed 1 second(s)

2018-11-16 16:27:22 - [TEST_STEP][PASSED] - setEncryptedText: Text ****** has been set on object 'Object Repository/Final Object Repo/Login Page/Internal User/Password'

2018-11-16 16:27:22 - [MESSAGE][PASSED] - Text ****** has been set on object 'Object Repository/Final Object Repo/Login Page/Internal User/Password'

2018-11-16 16:27:22 - [TEST_STEP][PASSED] - click: Object: 'Object Repository/Final Object Repo/Login Page/Internal User/Login Button' is clicked on

2018-11-16 16:27:25 - [MESSAGE][PASSED] - Object: 'Object Repository/Final Object Repo/Login Page/Internal User/Login Button' is clicked on

2018-11-16 16:27:25 - [TEST_STEP][PASSED] - delay: Delayed 2 second(s)

2018-11-16 16:27:27 - [MESSAGE][PASSED] - Delayed 2 second(s)

2018-11-16 16:27:27 - [TEST_STEP][PASSED] - Statement - Try: Delayed 2 second(s)

2018-11-16 16:27:27 - [TEST_STEP][PASSED] - Statement - Checker = false: null

2018-11-16 16:27:27 - [TEST_STEP][PASSED] - Statement - Checker = com.kms.katalon.core.webui.keyword.WebUiBuiltInKeywords.verifyElementHasAttribute(com.kms.katalon.core.testobject.ObjectRepository.findTestObject(Final Object Repo/Landing Page/BM Detecting), "href", 20, OPTIONAL): Object 'Object Repository/Final Object Repo/Landing Page/BM Detecting' has attribute 'href'

2018-11-16 16:27:27 - [MESSAGE][PASSED] - Object 'Object Repository/Final Object Repo/Landing Page/BM Detecting' has attribute 'href'

2018-11-16 16:27:27 - [TEST_STEP][PASSED] - Statement - out.println(Checker): null

2018-11-16 16:27:27 - [TEST_STEP][PASSED] - Statement - If (Checker == false): null

2018-11-16 16:27:27 - [TEST_STEP][PASSED] - Statement - Else: null

2018-11-16 16:27:27 - [TEST_STEP][PASSED] - delay: Delayed 2 second(s)

2018-11-16 16:27:29 - [MESSAGE][PASSED] - Delayed 2 second(s)

2018-11-16 16:27:29 - [TEST_STEP][PASSED] - click: Object: 'Object Repository/Final Object Repo/Page_MyASSIST - ASSIST - Search Pending Case For Add Supporting Document/Search Information' is clicked on

2018-11-16 16:27:30 - [MESSAGE][PASSED] - Object: 'Object Repository/Final Object Repo/Page_MyASSIST - ASSIST - Search Pending Case For Add Supporting Document/Search Information' is clicked on

2018-11-16 16:27:30 - [TEST_STEP][PASSED] - delay: Delayed 3 second(s)

2018-11-16 16:27:33 - [MESSAGE][PASSED] - Delayed 3 second(s)

2018-11-16 16:27:33 - [TEST_STEP][PASSED] - sendKeys: Keys 'CUN112018C100005521' sent to object: 'Object Repository/Final Object Repo/Page_MyASSIST - ASSIST - Search Pending Case For Add Supporting Document/Reference No'

2018-11-16 16:27:33 - [MESSAGE][PASSED] - Keys 'CUN112018C100005521' sent to object: 'Object Repository/Final Object Repo/Page_MyASSIST - ASSIST - Search Pending Case For Add Supporting Document/Reference No'

2018-11-16 16:27:33 - [TEST_STEP][PASSED] - click: Object: 'Object Repository/Final Object Repo/Page_MyASSIST - ASSIST - Search Pending Case For Add Supporting Document/Search Reference No' is clicked on

2018-11-16 16:27:35 - [MESSAGE][PASSED] - Object: 'Object Repository/Final Object Repo/Page_MyASSIST - ASSIST - Search Pending Case For Add Supporting Document/Search Reference No' is clicked on

2018-11-16 16:27:35 - [TEST_STEP][PASSED] - delay: Delayed 2 second(s)

2018-11-16 16:27:37 - [MESSAGE][PASSED] - Delayed 2 second(s)

2018-11-16 16:27:37 - [TEST_STEP][PASSED] - click: Object: 'Object Repository/Final Object Repo/Page_MyASSIST - ASSIST - Search Pending Case For Add Supporting Document/Continue' is clicked on

2018-11-16 16:27:42 - [MESSAGE][PASSED] - Object: 'Object Repository/Final Object Repo/Page_MyASSIST - ASSIST - Search Pending Case For Add Supporting Document/Continue' is clicked on

2018-11-16 16:27:42 - [TEST_STEP][PASSED] - delay: Delayed 20 second(s)

2018-11-16 16:28:02 - [MESSAGE][PASSED] - Delayed 20 second(s)

2018-11-16 16:28:02 - [MESSAGE][PASSED] - Call Test Case 'Test Cases/Final Aug 2018 - PKS Automation/Registration Module/Workflow/Login and Search Case For Workflow' successfully

2018-11-16 16:28:02 - [TEST_STEP][PASSED] - delay: Delayed 2 second(s)

2018-11-16 16:28:04 - [MESSAGE][PASSED] - Delayed 2 second(s)

2018-11-16 16:28:04 - [TEST_STEP][PASSED] - click: Object: 'Object Repository/Final Object Repo/Page_Update Employee Information By Employer/Page_Update Employee Information by Employer (Approve)/Continue' is clicked on

2018-11-16 16:28:09 - [MESSAGE][PASSED] - Object: 'Object Repository/Final Object Repo/Page_Update Employee Information By Employer/Page_Update Employee Information by Employer (Approve)/Continue' is clicked on

2018-11-16 16:28:09 - [TEST_STEP][PASSED] - delay: Delayed 2 second(s)

2018-11-16 16:28:11 - [MESSAGE][PASSED] - Delayed 2 second(s)

2018-11-16 16:28:11 - [TEST_STEP][PASSED] - click: Object: 'Object Repository/Final Object Repo/Page_Update Employee Information By Employer/Page_Update Employee Information by Employer (Approve)/Save  Continue in Update Employee Information Page' is clicked on

2018-11-16 16:28:15 - [MESSAGE][PASSED] - Object: 'Object Repository/Final Object Repo/Page_Update Employee Information By Employer/Page_Update Employee Information by Employer (Approve)/Save  Continue in Update Employee Information Page' is clicked on

2018-11-16 16:28:15 - [TEST_STEP][PASSED] - delay: Delayed 4 second(s)

2018-11-16 16:28:19 - [MESSAGE][PASSED] - Delayed 4 second(s)

2018-11-16 16:28:19 - [TEST_STEP][PASSED] - click: Object: 'Object Repository/Final Object Repo/Page_Update Employee Information By Employer/Page_Update Employee Information by Employer (Approve)/Save  Continue in Upload Supporting Doucument Page' is clicked on

2018-11-16 16:28:23 - [MESSAGE][PASSED] - Object: 'Object Repository/Final Object Repo/Page_Update Employee Information By Employer/Page_Update Employee Information by Employer (Approve)/Save  Continue in Upload Supporting Doucument Page' is clicked on

2018-11-16 16:28:23 - [TEST_STEP][PASSED] - delay: Delayed 2 second(s)

2018-11-16 16:28:25 - [MESSAGE][PASSED] - Delayed 2 second(s)

2018-11-16 16:28:25 - [TEST_STEP][PASSED] - click: Object: 'Object Repository/Final Object Repo/Page_Update Employee Information By Employer/Page_Update Employee Information by Employer (Reject)/Reject' is clicked on

2018-11-16 16:28:26 - [MESSAGE][PASSED] - Object: 'Object Repository/Final Object Repo/Page_Update Employee Information By Employer/Page_Update Employee Information by Employer (Reject)/Reject' is clicked on

2018-11-16 16:28:26 - [TEST_STEP][PASSED] - delay: Delayed 2 second(s)

2018-11-16 16:28:28 - [MESSAGE][PASSED] - Delayed 2 second(s)

2018-11-16 16:28:28 - [TEST_STEP][PASSED] - click: Object: 'Object Repository/Final Object Repo/Page_Update Employee Information By Employer/Page_Update Employee Information by Employer (Approve)/Confirm' is clicked on

2018-11-16 16:28:34 - [MESSAGE][PASSED] - Object: 'Object Repository/Final Object Repo/Page_Update Employee Information By Employer/Page_Update Employee Information by Employer (Approve)/Confirm' is clicked on

2018-11-16 16:28:34 - [TEST_STEP][PASSED] - delay: Delayed 2 second(s)

2018-11-16 16:28:36 - [MESSAGE][PASSED] - Delayed 2 second(s)

2018-11-16 16:28:36 - [TEST_STEP][PASSED] - verifyElementVisible: Object 'Object Repository/Final Object Repo/Page_Update Employee Information By Employer/Page_Update Employee Information by Employer (Reject)/Rejected Messeage This Case has been Rejecte' is visible

2018-11-16 16:28:36 - [MESSAGE][PASSED] - Object 'Object Repository/Final Object Repo/Page_Update Employee Information By Employer/Page_Update Employee Information by Employer (Reject)/Rejected Messeage This Case has been Rejecte' is visible

2018-11-16 16:28:36 - [TEST_STEP][PASSED] - delay: Delayed 2 second(s)

2018-11-16 16:28:38 - [MESSAGE][PASSED] - Delayed 2 second(s)

2018-11-16 16:28:38 - [TEST_STEP][PASSED] - verifyElementVisible: Object 'Object Repository/Final Object Repo/Page_Update Employee Information By Employer/Page_Update Employee Information by Employer (Reject)/Letter of update rejection' is visible

2018-11-16 16:28:38 - [MESSAGE][PASSED] - Object 'Object Repository/Final Object Repo/Page_Update Employee Information By Employer/Page_Update Employee Information by Employer (Reject)/Letter of update rejection' is visible

2018-11-16 16:28:38 - [MESSAGE][PASSED] - Call Test Case 'Test Cases/Final Aug 2018 - PKS Automation/Registration Module/Workflow/Update Employee Information (Employer)/Template/Update Employee Information - Special Case - UO (Reject)' successfully]]></system-out>
         <system-err><![CDATA[]]></system-err>
      </testcase>
      <testcase name="Test Cases/Final Aug 2018 - PKS Automation/Registration Module/Workflow/Update Employee Information (Employer)/PKRBO - UO (Under enforcement)" classname="Test Cases/Final Aug 2018 - PKS Automation/Registration Module/Workflow/Update Employee Information (Employer)/PKRBO - UO (Under enforcement)" status="PASSED">
         <system-out><![CDATA[2018-11-16 16:28:38 - [TEST_CASE][PASSED] - Test Cases/Final Aug 2018 - PKS Automation/Registration Module/Workflow/Update Employee Information (Employer)/PKRBO - UO (Under enforcement): Test Cases/Final Aug 2018 - PKS Automation/Registration Module/Workflow/Update Employee Information (Employer)/PKRBO - UO (Under enforcement)

2018-11-16 16:28:38 - [TEST_STEP][PASSED] - callTestCase: Call Test Case 'Test Cases/Final Aug 2018 - PKS Automation/Registration Module/Workflow/Update Employee Information (Employer)/Template/Update Employer Information - Special Case (PKRBO)' successfully

2018-11-16 16:28:38 - [TEST_CASE][PASSED] - Test Cases/Final Aug 2018 - PKS Automation/Registration Module/Workflow/Update Employee Information (Employer)/Template/Update Employer Information - Special Case (PKRBO): Test Cases/Final Aug 2018 - PKS Automation/Registration Module/Workflow/Update Employee Information (Employer)/Template/Update Employer Information - Special Case (PKRBO)

2018-11-16 16:28:38 - [TEST_STEP][PASSED] - openBrowser: Browser is opened with url: ''

2018-11-16 16:28:38 - [MESSAGE][WARNING] - A browser is already opened. Closing browser and opening a new one

2018-11-16 16:28:43 - [MESSAGE][PASSED] - Browser is opened with url: ''

2018-11-16 16:28:43 - [TEST_STEP][PASSED] - navigateToUrl: Navigate to 'https://assist2-uat.perkeso.gov.my/login' successfully

2018-11-16 16:28:46 - [MESSAGE][PASSED] - Navigate to 'https://assist2-uat.perkeso.gov.my/login' successfully

2018-11-16 16:28:46 - [TEST_STEP][PASSED] - setText: Text 'johorpkrbo1@gmail.com' is set on object 'Object Repository/Final Object Repo/Login Page/Internal User/Email Address'

2018-11-16 16:28:46 - [MESSAGE][PASSED] - Text 'johorpkrbo1@gmail.com' is set on object 'Object Repository/Final Object Repo/Login Page/Internal User/Email Address'

2018-11-16 16:28:46 - [TEST_STEP][PASSED] - click: Object: 'Object Repository/Final Object Repo/Login Page/Internal User/Next Button' is clicked on

2018-11-16 16:28:46 - [MESSAGE][PASSED] - Object: 'Object Repository/Final Object Repo/Login Page/Internal User/Next Button' is clicked on

2018-11-16 16:28:46 - [TEST_STEP][PASSED] - delay: Delayed 1 second(s)

2018-11-16 16:28:47 - [MESSAGE][PASSED] - Delayed 1 second(s)

2018-11-16 16:28:47 - [TEST_STEP][PASSED] - setEncryptedText: Text ****** has been set on object 'Object Repository/Final Object Repo/Login Page/Internal User/Password'

2018-11-16 16:28:48 - [MESSAGE][PASSED] - Text ****** has been set on object 'Object Repository/Final Object Repo/Login Page/Internal User/Password'

2018-11-16 16:28:48 - [TEST_STEP][PASSED] - click: Object: 'Object Repository/Final Object Repo/Login Page/Internal User/Login Button' is clicked on

2018-11-16 16:28:51 - [MESSAGE][PASSED] - Object: 'Object Repository/Final Object Repo/Login Page/Internal User/Login Button' is clicked on

2018-11-16 16:28:51 - [TEST_STEP][PASSED] - Statement - Try: Delayed 2 second(s)

2018-11-16 16:28:51 - [TEST_STEP][PASSED] - Statement - Checker = false: null

2018-11-16 16:28:51 - [TEST_STEP][PASSED] - Statement - Checker = com.kms.katalon.core.webui.keyword.WebUiBuiltInKeywords.verifyElementHasAttribute(com.kms.katalon.core.testobject.ObjectRepository.findTestObject(Final Object Repo/Landing Page/BM Detecting), "href", 20, OPTIONAL): Object 'Object Repository/Final Object Repo/Landing Page/BM Detecting' has attribute 'href'

2018-11-16 16:28:51 - [MESSAGE][PASSED] - Object 'Object Repository/Final Object Repo/Landing Page/BM Detecting' has attribute 'href'

2018-11-16 16:28:51 - [TEST_STEP][PASSED] - Statement - out.println(Checker): null

2018-11-16 16:28:51 - [TEST_STEP][PASSED] - Statement - If (Checker == false): null

2018-11-16 16:28:51 - [TEST_STEP][PASSED] - Statement - Else: null

2018-11-16 16:28:51 - [TEST_STEP][PASSED] - delay: Delayed 2 second(s)

2018-11-16 16:28:53 - [MESSAGE][PASSED] - Delayed 2 second(s)

2018-11-16 16:28:53 - [TEST_STEP][PASSED] - delay: Delayed 1 second(s)

2018-11-16 16:28:54 - [MESSAGE][PASSED] - Delayed 1 second(s)

2018-11-16 16:28:54 - [TEST_STEP][PASSED] - navigateToUrl: Navigate to 'https://assist2-uat.perkeso.gov.my/web/registration/update/update-employee-information-employer-' successfully

2018-11-16 16:28:56 - [MESSAGE][PASSED] - Navigate to 'https://assist2-uat.perkeso.gov.my/web/registration/update/update-employee-information-employer-' successfully

2018-11-16 16:28:56 - [TEST_STEP][PASSED] - setText: Text 'E1102001065V' is set on object 'Object Repository/Final Object Repo/Page_Update Employee Information By Employer/Employer Code'

2018-11-16 16:28:56 - [MESSAGE][PASSED] - Text 'E1102001065V' is set on object 'Object Repository/Final Object Repo/Page_Update Employee Information By Employer/Employer Code'

2018-11-16 16:28:56 - [TEST_STEP][PASSED] - click: Object: 'Object Repository/Final Object Repo/Page_Update Employee Information By Employer/Search Employer Code' is clicked on

2018-11-16 16:28:58 - [MESSAGE][PASSED] - Object: 'Object Repository/Final Object Repo/Page_Update Employee Information By Employer/Search Employer Code' is clicked on

2018-11-16 16:28:58 - [TEST_STEP][PASSED] - click: Object: 'Object Repository/Final Object Repo/Page_Update Employee Information By Employer/Edit Button' is clicked on

2018-11-16 16:29:01 - [MESSAGE][PASSED] - Object: 'Object Repository/Final Object Repo/Page_Update Employee Information By Employer/Edit Button' is clicked on

2018-11-16 16:29:01 - [TEST_STEP][PASSED] - click: Object: 'Object Repository/Final Object Repo/Page_Update Employee Information By Employer/Employee Name or New Identification' is clicked on

2018-11-16 16:29:02 - [MESSAGE][PASSED] - Object: 'Object Repository/Final Object Repo/Page_Update Employee Information By Employer/Employee Name or New Identification' is clicked on

2018-11-16 16:29:02 - [TEST_STEP][PASSED] - delay: Delayed 1 second(s)

2018-11-16 16:29:03 - [MESSAGE][PASSED] - Delayed 1 second(s)

2018-11-16 16:29:03 - [TEST_STEP][PASSED] - click: Object: 'Object Repository/Final Object Repo/Page_Update Employee Information By Employer/Selection - Employee Name' is clicked on

2018-11-16 16:29:04 - [MESSAGE][PASSED] - Object: 'Object Repository/Final Object Repo/Page_Update Employee Information By Employer/Selection - Employee Name' is clicked on

2018-11-16 16:29:04 - [TEST_STEP][PASSED] - delay: Delayed 1 second(s)

2018-11-16 16:29:05 - [MESSAGE][PASSED] - Delayed 1 second(s)

2018-11-16 16:29:05 - [TEST_STEP][PASSED] - setText: Text 'PERKESO' is set on object 'Object Repository/Final Object Repo/Page_Update Employee Information By Employer/Employee Name'

2018-11-16 16:29:05 - [MESSAGE][PASSED] - Text 'PERKESO' is set on object 'Object Repository/Final Object Repo/Page_Update Employee Information By Employer/Employee Name'

2018-11-16 16:29:05 - [TEST_STEP][PASSED] - delay: Delayed 2 second(s)

2018-11-16 16:29:07 - [MESSAGE][PASSED] - Delayed 2 second(s)

2018-11-16 16:29:07 - [TEST_STEP][PASSED] - click: Object: 'Object Repository/Final Object Repo/Page_Update Employee Information By Employer/Search Employee' is clicked on

2018-11-16 16:29:07 - [MESSAGE][PASSED] - Object: 'Object Repository/Final Object Repo/Page_Update Employee Information By Employer/Search Employee' is clicked on

2018-11-16 16:29:07 - [TEST_STEP][PASSED] - delay: Delayed 3 second(s)

2018-11-16 16:29:10 - [MESSAGE][PASSED] - Delayed 3 second(s)

2018-11-16 16:29:10 - [TEST_STEP][PASSED] - click: Object: 'Object Repository/Final Object Repo/Page_Update Employee Information By Employer/Employee Edit Button' is clicked on

2018-11-16 16:29:11 - [MESSAGE][PASSED] - Object: 'Object Repository/Final Object Repo/Page_Update Employee Information By Employer/Employee Edit Button' is clicked on

2018-11-16 16:29:11 - [TEST_STEP][PASSED] - delay: Delayed 3 second(s)

2018-11-16 16:29:14 - [MESSAGE][PASSED] - Delayed 3 second(s)

2018-11-16 16:29:14 - [TEST_STEP][PASSED] - setText: Text '' is set on object 'Object Repository/Final Object Repo/Page_Update Employee Information By Employer/Identification Number'

2018-11-16 16:29:14 - [MESSAGE][PASSED] - Text '' is set on object 'Object Repository/Final Object Repo/Page_Update Employee Information By Employer/Identification Number'

2018-11-16 16:29:14 - [TEST_STEP][PASSED] - Statement - rnd = new java.util.Random(): null

2018-11-16 16:29:14 - [TEST_STEP][PASSED] - Statement - snum = rnd.nextInt(899999 + 1) + 100000: null

2018-11-16 16:29:14 - [TEST_STEP][PASSED] - Statement - tnum = rnd.nextInt(899999 + 1) + 100000: null

2018-11-16 16:29:14 - [TEST_STEP][PASSED] - Statement - IC = java.lang.Integer.toString(snum) + java.lang.Integer.toString(tnum): null

2018-11-16 16:29:14 - [TEST_STEP][PASSED] - Statement - out.println(IC): null

2018-11-16 16:29:14 - [TEST_STEP][PASSED] - setText: Text '496944715332' is set on object 'Object Repository/Final Object Repo/Page_Update Employee Information By Employer/Identification Number'

2018-11-16 16:29:14 - [MESSAGE][PASSED] - Text '496944715332' is set on object 'Object Repository/Final Object Repo/Page_Update Employee Information By Employer/Identification Number'

2018-11-16 16:29:14 - [TEST_STEP][PASSED] - click: Object: 'Object Repository/Final Object Repo/Page_Update Employee Information By Employer/Save' is clicked on

2018-11-16 16:29:19 - [MESSAGE][PASSED] - Object: 'Object Repository/Final Object Repo/Page_Update Employee Information By Employer/Save' is clicked on

2018-11-16 16:29:19 - [TEST_STEP][PASSED] - delay: Delayed 5 second(s)

2018-11-16 16:29:24 - [MESSAGE][PASSED] - Delayed 5 second(s)

2018-11-16 16:29:24 - [TEST_STEP][PASSED] - Statement - CaseReferenceNo = com.kms.katalon.core.webui.keyword.WebUiBuiltInKeywords.getText(com.kms.katalon.core.testobject.ObjectRepository.findTestObject(Final Object Repo/Reference Number/Reference Number in Update Employee Information Page)): Text of object 'Object Repository/Final Object Repo/Reference Number/Reference Number in Update Employee Information Page' is: 'CUN112018C100005522'

2018-11-16 16:29:24 - [MESSAGE][PASSED] - Text of object 'Object Repository/Final Object Repo/Reference Number/Reference Number in Update Employee Information Page' is: 'CUN112018C100005522'

2018-11-16 16:29:24 - [TEST_STEP][PASSED] - callTestCase: Call Test Case 'Test Cases/Final Aug 2018 - PKS Automation/Common/Reference Number Setter' successfully

2018-11-16 16:29:24 - [TEST_CASE][PASSED] - Test Cases/Final Aug 2018 - PKS Automation/Common/Reference Number Setter: Test Cases/Final Aug 2018 - PKS Automation/Common/Reference Number Setter

2018-11-16 16:29:24 - [TEST_STEP][PASSED] - Statement - RefNoOldFile = new java.io.File(C://KatalonReference.txt): null

2018-11-16 16:29:24 - [TEST_STEP][PASSED] - Statement - RefNoOldFile.delete(): null

2018-11-16 16:29:24 - [TEST_STEP][PASSED] - delay: Delayed 5 second(s)

2018-11-16 16:29:29 - [MESSAGE][PASSED] - Delayed 5 second(s)

2018-11-16 16:29:29 - [TEST_STEP][PASSED] - Statement - RefNo = new java.io.File(C://KatalonReference.txt): null

2018-11-16 16:29:29 - [TEST_STEP][PASSED] - Statement - f2 = new java.io.FileWriter(RefNo, false): null

2018-11-16 16:29:29 - [TEST_STEP][PASSED] - Statement - f2.write(CaseReferenceNo): null

2018-11-16 16:29:29 - [TEST_STEP][PASSED] - Statement - f2.close(): null

2018-11-16 16:29:29 - [TEST_STEP][PASSED] - Statement - out.println("


" + CaseReferenceNo + "


"): null

2018-11-16 16:29:29 - [MESSAGE][PASSED] - Call Test Case 'Test Cases/Final Aug 2018 - PKS Automation/Common/Reference Number Setter' successfully

2018-11-16 16:29:29 - [TEST_STEP][PASSED] - delay: Delayed 5 second(s)

2018-11-16 16:29:34 - [MESSAGE][PASSED] - Delayed 5 second(s)

2018-11-16 16:29:34 - [TEST_STEP][PASSED] - click: Object: 'Object Repository/Final Object Repo/Page_Update Employee Information By Employer/Save  Continue in  Employee Information Page' is clicked on

2018-11-16 16:29:39 - [MESSAGE][PASSED] - Object: 'Object Repository/Final Object Repo/Page_Update Employee Information By Employer/Save  Continue in  Employee Information Page' is clicked on

2018-11-16 16:29:39 - [TEST_STEP][PASSED] - delay: Delayed 5 second(s)

2018-11-16 16:29:44 - [MESSAGE][PASSED] - Delayed 5 second(s)

2018-11-16 16:29:44 - [TEST_STEP][PASSED] - click: Object: 'Object Repository/Final Object Repo/Page_Update Employee Information By Employer/Save  Continue in Uploading Page 1' is clicked on

2018-11-16 16:29:48 - [MESSAGE][PASSED] - Object: 'Object Repository/Final Object Repo/Page_Update Employee Information By Employer/Save  Continue in Uploading Page 1' is clicked on

2018-11-16 16:29:48 - [TEST_STEP][PASSED] - delay: Delayed 5 second(s)

2018-11-16 16:29:53 - [MESSAGE][PASSED] - Delayed 5 second(s)

2018-11-16 16:29:53 - [TEST_STEP][PASSED] - click: Object: 'Object Repository/Final Object Repo/Page_Update Employee Information By Employer/Submit' is clicked on

2018-11-16 16:29:53 - [MESSAGE][PASSED] - Object: 'Object Repository/Final Object Repo/Page_Update Employee Information By Employer/Submit' is clicked on

2018-11-16 16:29:53 - [TEST_STEP][PASSED] - delay: Delayed 5 second(s)

2018-11-16 16:29:58 - [MESSAGE][PASSED] - Delayed 5 second(s)

2018-11-16 16:29:58 - [TEST_STEP][PASSED] - click: Object: 'Object Repository/Final Object Repo/Page_Update Employee Information By Employer/Confirm' is clicked on

2018-11-16 16:30:03 - [MESSAGE][PASSED] - Object: 'Object Repository/Final Object Repo/Page_Update Employee Information By Employer/Confirm' is clicked on

2018-11-16 16:30:03 - [TEST_STEP][PASSED] - delay: Delayed 5 second(s)

2018-11-16 16:30:08 - [MESSAGE][PASSED] - Delayed 5 second(s)

2018-11-16 16:30:08 - [TEST_STEP][PASSED] - verifyElementVisible: Object 'Object Repository/Final Object Repo/Page_Update Employee Information By Employer/Successfull Message Routed to UO' is visible

2018-11-16 16:30:08 - [MESSAGE][PASSED] - Object 'Object Repository/Final Object Repo/Page_Update Employee Information By Employer/Successfull Message Routed to UO' is visible

2018-11-16 16:30:08 - [MESSAGE][PASSED] - Call Test Case 'Test Cases/Final Aug 2018 - PKS Automation/Registration Module/Workflow/Update Employee Information (Employer)/Template/Update Employer Information - Special Case (PKRBO)' successfully

2018-11-16 16:30:08 - [TEST_STEP][PASSED] - callTestCase: Call Test Case 'Test Cases/Final Aug 2018 - PKS Automation/Registration Module/Workflow/Update Employee Information (Employer)/Template/Update Employee Information - Special Case - UO (UnderEnforcement)' successfully

2018-11-16 16:30:08 - [TEST_CASE][PASSED] - Test Cases/Final Aug 2018 - PKS Automation/Registration Module/Workflow/Update Employee Information (Employer)/Template/Update Employee Information - Special Case - UO (UnderEnforcement): Test Cases/Final Aug 2018 - PKS Automation/Registration Module/Workflow/Update Employee Information (Employer)/Template/Update Employee Information - Special Case - UO (UnderEnforcement)

2018-11-16 16:30:08 - [TEST_STEP][NOT_RUN] - callTestCase: NOT_RUN: callTestCase

2018-11-16 16:30:08 - [MESSAGE][NOT_RUN] - NOT_RUN: callTestCase

2018-11-16 16:30:08 - [TEST_STEP][PASSED] - delay: Delayed 2 second(s)

2018-11-16 16:30:10 - [MESSAGE][PASSED] - Delayed 2 second(s)

2018-11-16 16:30:10 - [TEST_STEP][PASSED] - navigateToUrl: Navigate to 'https://assist2-uat.perkeso.gov.my/c/portal/logout' successfully

2018-11-16 16:30:11 - [MESSAGE][PASSED] - Navigate to 'https://assist2-uat.perkeso.gov.my/c/portal/logout' successfully

2018-11-16 16:30:11 - [TEST_STEP][PASSED] - delay: Delayed 2 second(s)

2018-11-16 16:30:13 - [MESSAGE][PASSED] - Delayed 2 second(s)

2018-11-16 16:30:13 - [TEST_STEP][PASSED] - callTestCase: Call Test Case 'Test Cases/Final Aug 2018 - PKS Automation/Common/Reference Number Getter' successfully

2018-11-16 16:30:13 - [TEST_CASE][PASSED] - Test Cases/Final Aug 2018 - PKS Automation/Common/Reference Number Getter: Test Cases/Final Aug 2018 - PKS Automation/Common/Reference Number Getter

2018-11-16 16:30:13 - [TEST_STEP][PASSED] - Statement - Try: null

2018-11-16 16:30:13 - [TEST_STEP][PASSED] - Statement - RefNo = new java.io.File(C://KatalonReference.txt): null

2018-11-16 16:30:13 - [TEST_STEP][PASSED] - Statement - bufferread = new java.io.BufferedReader(new java.io.FileReader(RefNo)): null

2018-11-16 16:30:13 - [TEST_STEP][PASSED] - Statement - readedVal = bufferread.readLine(): null

2018-11-16 16:30:13 - [TEST_STEP][PASSED] - Statement - out.println(CaseReferenceNo): null

2018-11-16 16:30:13 - [TEST_STEP][PASSED] - Statement - out.println(readedVal): null

2018-11-16 16:30:13 - [TEST_STEP][PASSED] - Statement - CaseReferenceNo = "": null

2018-11-16 16:30:13 - [TEST_STEP][PASSED] - Statement - CaseReferenceNo = readedVal: null

2018-11-16 16:30:13 - [MESSAGE][PASSED] - Call Test Case 'Test Cases/Final Aug 2018 - PKS Automation/Common/Reference Number Getter' successfully

2018-11-16 16:30:13 - [TEST_STEP][PASSED] - callTestCase: Call Test Case 'Test Cases/Final Aug 2018 - PKS Automation/Common/Workflow Owner Finder' successfully

2018-11-16 16:30:14 - [TEST_CASE][PASSED] - Test Cases/Final Aug 2018 - PKS Automation/Common/Workflow Owner Finder: Test Cases/Final Aug 2018 - PKS Automation/Common/Workflow Owner Finder

2018-11-16 16:30:14 - [TEST_STEP][PASSED] - openBrowser: Browser is opened with url: ''

2018-11-16 16:30:14 - [MESSAGE][WARNING] - A browser is already opened. Closing browser and opening a new one

2018-11-16 16:30:19 - [MESSAGE][PASSED] - Browser is opened with url: ''

2018-11-16 16:30:19 - [TEST_STEP][PASSED] - navigateToUrl: Navigate to 'https://assist2-uat.perkeso.gov.my/login' successfully

2018-11-16 16:30:21 - [MESSAGE][PASSED] - Navigate to 'https://assist2-uat.perkeso.gov.my/login' successfully

2018-11-16 16:30:21 - [TEST_STEP][PASSED] - delay: Delayed 5 second(s)

2018-11-16 16:30:26 - [MESSAGE][PASSED] - Delayed 5 second(s)

2018-11-16 16:30:26 - [TEST_STEP][PASSED] - setText: Text 'test@liferay.com' is set on object 'Object Repository/Final Object Repo/Login Page/Internal User/Email Address'

2018-11-16 16:30:26 - [MESSAGE][PASSED] - Text 'test@liferay.com' is set on object 'Object Repository/Final Object Repo/Login Page/Internal User/Email Address'

2018-11-16 16:30:26 - [TEST_STEP][PASSED] - click: Object: 'Object Repository/Final Object Repo/Login Page/Internal User/Next Button' is clicked on

2018-11-16 16:30:27 - [MESSAGE][PASSED] - Object: 'Object Repository/Final Object Repo/Login Page/Internal User/Next Button' is clicked on

2018-11-16 16:30:27 - [TEST_STEP][PASSED] - delay: Delayed 2 second(s)

2018-11-16 16:30:29 - [MESSAGE][PASSED] - Delayed 2 second(s)

2018-11-16 16:30:29 - [TEST_STEP][PASSED] - setText: Text 'test' is set on object 'Object Repository/Final Object Repo/Login Page/Internal User/Password'

2018-11-16 16:30:29 - [MESSAGE][PASSED] - Text 'test' is set on object 'Object Repository/Final Object Repo/Login Page/Internal User/Password'

2018-11-16 16:30:29 - [TEST_STEP][PASSED] - delay: Delayed 2 second(s)

2018-11-16 16:30:31 - [MESSAGE][PASSED] - Delayed 2 second(s)

2018-11-16 16:30:31 - [TEST_STEP][PASSED] - click: Object: 'Object Repository/Final Object Repo/Login Page/Internal User/Login Button' is clicked on

2018-11-16 16:30:35 - [MESSAGE][PASSED] - Object: 'Object Repository/Final Object Repo/Login Page/Internal User/Login Button' is clicked on

2018-11-16 16:30:35 - [TEST_STEP][PASSED] - Statement - Try: Delayed 2 second(s)

2018-11-16 16:30:35 - [TEST_STEP][PASSED] - Statement - Checker = false: null

2018-11-16 16:30:35 - [TEST_STEP][PASSED] - Statement - Checker = com.kms.katalon.core.webui.keyword.WebUiBuiltInKeywords.verifyElementHasAttribute(com.kms.katalon.core.testobject.ObjectRepository.findTestObject(Final Object Repo/Landing Page/BM Detecting), "href", 20, OPTIONAL): Object 'Object Repository/Final Object Repo/Landing Page/BM Detecting' has attribute 'href'

2018-11-16 16:30:35 - [MESSAGE][PASSED] - Object 'Object Repository/Final Object Repo/Landing Page/BM Detecting' has attribute 'href'

2018-11-16 16:30:35 - [TEST_STEP][PASSED] - Statement - out.println(Checker): null

2018-11-16 16:30:35 - [TEST_STEP][PASSED] - Statement - If (Checker == false): null

2018-11-16 16:30:35 - [TEST_STEP][PASSED] - Statement - Else: null

2018-11-16 16:30:35 - [TEST_STEP][PASSED] - delay: Delayed 2 second(s)

2018-11-16 16:30:37 - [MESSAGE][PASSED] - Delayed 2 second(s)

2018-11-16 16:30:37 - [TEST_STEP][PASSED] - delay: Delayed 3 second(s)

2018-11-16 16:30:40 - [MESSAGE][PASSED] - Delayed 3 second(s)

2018-11-16 16:30:40 - [TEST_STEP][PASSED] - mouseOver: Object: 'Object Repository/Final Object Repo/Landing Page/WorkFlow Menu' is hovered

2018-11-16 16:30:40 - [MESSAGE][PASSED] - Object: 'Object Repository/Final Object Repo/Landing Page/WorkFlow Menu' is hovered

2018-11-16 16:30:40 - [TEST_STEP][PASSED] - delay: Delayed 2 second(s)

2018-11-16 16:30:42 - [MESSAGE][PASSED] - Delayed 2 second(s)

2018-11-16 16:30:42 - [TEST_STEP][PASSED] - click: Object: 'Object Repository/Final Object Repo/Landing Page/Select to Workflow Listing' is clicked on

2018-11-16 16:30:44 - [MESSAGE][PASSED] - Object: 'Object Repository/Final Object Repo/Landing Page/Select to Workflow Listing' is clicked on

2018-11-16 16:30:44 - [TEST_STEP][PASSED] - delay: Delayed 2 second(s)

2018-11-16 16:30:46 - [MESSAGE][PASSED] - Delayed 2 second(s)

2018-11-16 16:30:46 - [TEST_STEP][PASSED] - click: Object: 'Object Repository/Final Object Repo/WorkFlow Listing Page/Search Information - To Put Ref No' is clicked on

2018-11-16 16:30:46 - [MESSAGE][PASSED] - Object: 'Object Repository/Final Object Repo/WorkFlow Listing Page/Search Information - To Put Ref No' is clicked on

2018-11-16 16:30:46 - [TEST_STEP][PASSED] - delay: Delayed 2 second(s)

2018-11-16 16:30:48 - [MESSAGE][PASSED] - Delayed 2 second(s)

2018-11-16 16:30:48 - [TEST_STEP][PASSED] - callTestCase: Call Test Case 'Test Cases/Final Aug 2018 - PKS Automation/Common/Reference Number Getter' successfully

2018-11-16 16:30:48 - [TEST_CASE][PASSED] - Test Cases/Final Aug 2018 - PKS Automation/Common/Reference Number Getter: Test Cases/Final Aug 2018 - PKS Automation/Common/Reference Number Getter

2018-11-16 16:30:48 - [TEST_STEP][PASSED] - Statement - Try: null

2018-11-16 16:30:48 - [TEST_STEP][PASSED] - Statement - RefNo = new java.io.File(C://KatalonReference.txt): null

2018-11-16 16:30:48 - [TEST_STEP][PASSED] - Statement - bufferread = new java.io.BufferedReader(new java.io.FileReader(RefNo)): null

2018-11-16 16:30:48 - [TEST_STEP][PASSED] - Statement - readedVal = bufferread.readLine(): null

2018-11-16 16:30:48 - [TEST_STEP][PASSED] - Statement - out.println(CaseReferenceNo): null

2018-11-16 16:30:48 - [TEST_STEP][PASSED] - Statement - out.println(readedVal): null

2018-11-16 16:30:48 - [TEST_STEP][PASSED] - Statement - CaseReferenceNo = "": null

2018-11-16 16:30:48 - [TEST_STEP][PASSED] - Statement - CaseReferenceNo = readedVal: null

2018-11-16 16:30:48 - [MESSAGE][PASSED] - Call Test Case 'Test Cases/Final Aug 2018 - PKS Automation/Common/Reference Number Getter' successfully

2018-11-16 16:30:48 - [TEST_STEP][PASSED] - setText: Text 'CUN112018C100005522' is set on object 'Object Repository/Final Object Repo/WorkFlow Listing Page/Ref No Set Text'

2018-11-16 16:30:48 - [MESSAGE][PASSED] - Text 'CUN112018C100005522' is set on object 'Object Repository/Final Object Repo/WorkFlow Listing Page/Ref No Set Text'

2018-11-16 16:30:48 - [TEST_STEP][PASSED] - delay: Delayed 2 second(s)

2018-11-16 16:30:50 - [MESSAGE][PASSED] - Delayed 2 second(s)

2018-11-16 16:30:50 - [TEST_STEP][PASSED] - click: Object: 'Object Repository/Final Object Repo/WorkFlow Listing Page/Search Ref No Search Button' is clicked on

2018-11-16 16:30:53 - [MESSAGE][PASSED] - Object: 'Object Repository/Final Object Repo/WorkFlow Listing Page/Search Ref No Search Button' is clicked on

2018-11-16 16:30:53 - [TEST_STEP][PASSED] - delay: Delayed 4 second(s)

2018-11-16 16:30:57 - [MESSAGE][PASSED] - Delayed 4 second(s)

2018-11-16 16:30:57 - [TEST_STEP][PASSED] - click: Object: 'Object Repository/Final Object Repo/WorkFlow Listing Page/Click Continue Tooltip' is clicked on

2018-11-16 16:30:59 - [MESSAGE][PASSED] - Object: 'Object Repository/Final Object Repo/WorkFlow Listing Page/Click Continue Tooltip' is clicked on

2018-11-16 16:30:59 - [TEST_STEP][PASSED] - delay: Delayed 5 second(s)

2018-11-16 16:31:04 - [MESSAGE][PASSED] - Delayed 5 second(s)

2018-11-16 16:31:04 - [TEST_STEP][PASSED] - doubleClick: Object: 'Object Repository/Final Object Repo/WorkFlow Listing Page/Workflow Found - Listing 1' is double clicked on

2018-11-16 16:31:04 - [MESSAGE][PASSED] - Object: 'Object Repository/Final Object Repo/WorkFlow Listing Page/Workflow Found - Listing 1' is double clicked on

2018-11-16 16:31:04 - [TEST_STEP][PASSED] - Statement - println(OwnerID): null

2018-11-16 16:31:04 - [TEST_STEP][PASSED] - Statement - OwnerID = com.kms.katalon.core.webui.keyword.WebUiBuiltInKeywords.getText(com.kms.katalon.core.testobject.ObjectRepository.findTestObject(Final Object Repo/WorkFlow Listing Page/Workflow Found - Listing 1), STOP_ON_FAILURE): Text of object 'Object Repository/Final Object Repo/WorkFlow Listing Page/Workflow Found - Listing 1' is: 'JOHORuo1'

2018-11-16 16:31:05 - [MESSAGE][PASSED] - Text of object 'Object Repository/Final Object Repo/WorkFlow Listing Page/Workflow Found - Listing 1' is: 'JOHORuo1'

2018-11-16 16:31:05 - [TEST_STEP][PASSED] - Statement - OwnerID = OwnerID.toLowerCase() + "@gmail.com": null

2018-11-16 16:31:05 - [TEST_STEP][PASSED] - Statement - println(OwnerID): null

2018-11-16 16:31:05 - [TEST_STEP][PASSED] - delay: Delayed 2 second(s)

2018-11-16 16:31:07 - [MESSAGE][PASSED] - Delayed 2 second(s)

2018-11-16 16:31:07 - [MESSAGE][PASSED] - Call Test Case 'Test Cases/Final Aug 2018 - PKS Automation/Common/Workflow Owner Finder' successfully

2018-11-16 16:31:07 - [TEST_STEP][PASSED] - delay: Delayed 2 second(s)

2018-11-16 16:31:09 - [MESSAGE][PASSED] - Delayed 2 second(s)

2018-11-16 16:31:09 - [TEST_STEP][PASSED] - navigateToUrl: Navigate to 'https://assist2-uat.perkeso.gov.my/c/portal/logout' successfully

2018-11-16 16:31:10 - [MESSAGE][PASSED] - Navigate to 'https://assist2-uat.perkeso.gov.my/c/portal/logout' successfully

2018-11-16 16:31:10 - [TEST_STEP][PASSED] - delay: Delayed 2 second(s)

2018-11-16 16:31:12 - [MESSAGE][PASSED] - Delayed 2 second(s)

2018-11-16 16:31:12 - [TEST_STEP][PASSED] - callTestCase: Call Test Case 'Test Cases/Final Aug 2018 - PKS Automation/Registration Module/Workflow/Login and Search Case For Workflow' successfully

2018-11-16 16:31:12 - [TEST_CASE][PASSED] - Test Cases/Final Aug 2018 - PKS Automation/Registration Module/Workflow/Login and Search Case For Workflow: Test Cases/Final Aug 2018 - PKS Automation/Registration Module/Workflow/Login and Search Case For Workflow

2018-11-16 16:31:12 - [TEST_STEP][PASSED] - navigateToUrl: Navigate to 'https://assist2-uat.perkeso.gov.my/login' successfully

2018-11-16 16:31:13 - [MESSAGE][PASSED] - Navigate to 'https://assist2-uat.perkeso.gov.my/login' successfully

2018-11-16 16:31:13 - [TEST_STEP][PASSED] - setText: Text 'johoruo1@gmail.com' is set on object 'Object Repository/Final Object Repo/Login Page/Internal User/Email Address'

2018-11-16 16:31:13 - [MESSAGE][PASSED] - Text 'johoruo1@gmail.com' is set on object 'Object Repository/Final Object Repo/Login Page/Internal User/Email Address'

2018-11-16 16:31:13 - [TEST_STEP][PASSED] - click: Object: 'Object Repository/Final Object Repo/Login Page/Internal User/Next Button' is clicked on

2018-11-16 16:31:13 - [MESSAGE][PASSED] - Object: 'Object Repository/Final Object Repo/Login Page/Internal User/Next Button' is clicked on

2018-11-16 16:31:13 - [TEST_STEP][PASSED] - delay: Delayed 1 second(s)

2018-11-16 16:31:14 - [MESSAGE][PASSED] - Delayed 1 second(s)

2018-11-16 16:31:14 - [TEST_STEP][PASSED] - setEncryptedText: Text ****** has been set on object 'Object Repository/Final Object Repo/Login Page/Internal User/Password'

2018-11-16 16:31:14 - [MESSAGE][PASSED] - Text ****** has been set on object 'Object Repository/Final Object Repo/Login Page/Internal User/Password'

2018-11-16 16:31:14 - [TEST_STEP][PASSED] - click: Object: 'Object Repository/Final Object Repo/Login Page/Internal User/Login Button' is clicked on

2018-11-16 16:31:17 - [MESSAGE][PASSED] - Object: 'Object Repository/Final Object Repo/Login Page/Internal User/Login Button' is clicked on

2018-11-16 16:31:17 - [TEST_STEP][PASSED] - delay: Delayed 2 second(s)

2018-11-16 16:31:19 - [MESSAGE][PASSED] - Delayed 2 second(s)

2018-11-16 16:31:19 - [TEST_STEP][PASSED] - Statement - Try: Delayed 2 second(s)

2018-11-16 16:31:19 - [TEST_STEP][PASSED] - Statement - Checker = false: null

2018-11-16 16:31:19 - [TEST_STEP][PASSED] - Statement - Checker = com.kms.katalon.core.webui.keyword.WebUiBuiltInKeywords.verifyElementHasAttribute(com.kms.katalon.core.testobject.ObjectRepository.findTestObject(Final Object Repo/Landing Page/BM Detecting), "href", 20, OPTIONAL): Object 'Object Repository/Final Object Repo/Landing Page/BM Detecting' has attribute 'href'

2018-11-16 16:31:19 - [MESSAGE][PASSED] - Object 'Object Repository/Final Object Repo/Landing Page/BM Detecting' has attribute 'href'

2018-11-16 16:31:19 - [TEST_STEP][PASSED] - Statement - out.println(Checker): null

2018-11-16 16:31:19 - [TEST_STEP][PASSED] - Statement - If (Checker == false): null

2018-11-16 16:31:19 - [TEST_STEP][PASSED] - Statement - Else: null

2018-11-16 16:31:19 - [TEST_STEP][PASSED] - delay: Delayed 2 second(s)

2018-11-16 16:31:21 - [MESSAGE][PASSED] - Delayed 2 second(s)

2018-11-16 16:31:21 - [TEST_STEP][PASSED] - click: Object: 'Object Repository/Final Object Repo/Page_MyASSIST - ASSIST - Search Pending Case For Add Supporting Document/Search Information' is clicked on

2018-11-16 16:31:21 - [MESSAGE][PASSED] - Object: 'Object Repository/Final Object Repo/Page_MyASSIST - ASSIST - Search Pending Case For Add Supporting Document/Search Information' is clicked on

2018-11-16 16:31:21 - [TEST_STEP][PASSED] - delay: Delayed 3 second(s)

2018-11-16 16:31:24 - [MESSAGE][PASSED] - Delayed 3 second(s)

2018-11-16 16:31:24 - [TEST_STEP][PASSED] - sendKeys: Keys 'CUN112018C100005522' sent to object: 'Object Repository/Final Object Repo/Page_MyASSIST - ASSIST - Search Pending Case For Add Supporting Document/Reference No'

2018-11-16 16:31:25 - [MESSAGE][PASSED] - Keys 'CUN112018C100005522' sent to object: 'Object Repository/Final Object Repo/Page_MyASSIST - ASSIST - Search Pending Case For Add Supporting Document/Reference No'

2018-11-16 16:31:25 - [TEST_STEP][PASSED] - click: Object: 'Object Repository/Final Object Repo/Page_MyASSIST - ASSIST - Search Pending Case For Add Supporting Document/Search Reference No' is clicked on

2018-11-16 16:31:27 - [MESSAGE][PASSED] - Object: 'Object Repository/Final Object Repo/Page_MyASSIST - ASSIST - Search Pending Case For Add Supporting Document/Search Reference No' is clicked on

2018-11-16 16:31:27 - [TEST_STEP][PASSED] - delay: Delayed 2 second(s)

2018-11-16 16:31:29 - [MESSAGE][PASSED] - Delayed 2 second(s)

2018-11-16 16:31:29 - [TEST_STEP][PASSED] - click: Object: 'Object Repository/Final Object Repo/Page_MyASSIST - ASSIST - Search Pending Case For Add Supporting Document/Continue' is clicked on

2018-11-16 16:31:34 - [MESSAGE][PASSED] - Object: 'Object Repository/Final Object Repo/Page_MyASSIST - ASSIST - Search Pending Case For Add Supporting Document/Continue' is clicked on

2018-11-16 16:31:34 - [TEST_STEP][PASSED] - delay: Delayed 20 second(s)

2018-11-16 16:31:54 - [MESSAGE][PASSED] - Delayed 20 second(s)

2018-11-16 16:31:54 - [MESSAGE][PASSED] - Call Test Case 'Test Cases/Final Aug 2018 - PKS Automation/Registration Module/Workflow/Login and Search Case For Workflow' successfully

2018-11-16 16:31:54 - [TEST_STEP][PASSED] - delay: Delayed 2 second(s)

2018-11-16 16:31:56 - [MESSAGE][PASSED] - Delayed 2 second(s)

2018-11-16 16:31:56 - [TEST_STEP][PASSED] - click: Object: 'Object Repository/Final Object Repo/Page_Update Employee Information By Employer/Page_Update Employee Information by Employer (Approve)/Continue' is clicked on

2018-11-16 16:32:00 - [MESSAGE][PASSED] - Object: 'Object Repository/Final Object Repo/Page_Update Employee Information By Employer/Page_Update Employee Information by Employer (Approve)/Continue' is clicked on

2018-11-16 16:32:00 - [TEST_STEP][PASSED] - delay: Delayed 2 second(s)

2018-11-16 16:32:02 - [MESSAGE][PASSED] - Delayed 2 second(s)

2018-11-16 16:32:02 - [TEST_STEP][PASSED] - click: Object: 'Object Repository/Final Object Repo/Page_Update Employee Information By Employer/Page_Update Employee Information by Employer (Approve)/Save  Continue in Update Employee Information Page' is clicked on

2018-11-16 16:32:05 - [MESSAGE][PASSED] - Object: 'Object Repository/Final Object Repo/Page_Update Employee Information By Employer/Page_Update Employee Information by Employer (Approve)/Save  Continue in Update Employee Information Page' is clicked on

2018-11-16 16:32:05 - [TEST_STEP][PASSED] - delay: Delayed 4 second(s)

2018-11-16 16:32:09 - [MESSAGE][PASSED] - Delayed 4 second(s)

2018-11-16 16:32:09 - [TEST_STEP][PASSED] - click: Object: 'Object Repository/Final Object Repo/Page_Update Employee Information By Employer/Page_Update Employee Information by Employer (Approve)/Save  Continue in Upload Supporting Doucument Page' is clicked on

2018-11-16 16:32:13 - [MESSAGE][PASSED] - Object: 'Object Repository/Final Object Repo/Page_Update Employee Information By Employer/Page_Update Employee Information by Employer (Approve)/Save  Continue in Upload Supporting Doucument Page' is clicked on

2018-11-16 16:32:13 - [TEST_STEP][PASSED] - delay: Delayed 2 second(s)

2018-11-16 16:32:15 - [MESSAGE][PASSED] - Delayed 2 second(s)

2018-11-16 16:32:15 - [TEST_STEP][PASSED] - click: Object: 'Object Repository/Final Object Repo/Page_Update Employee Information By Employer/Page_Update Employee Information by Employer (Under enforcement)/Under enforcement' is clicked on

2018-11-16 16:32:16 - [MESSAGE][PASSED] - Object: 'Object Repository/Final Object Repo/Page_Update Employee Information By Employer/Page_Update Employee Information by Employer (Under enforcement)/Under enforcement' is clicked on

2018-11-16 16:32:16 - [TEST_STEP][PASSED] - delay: Delayed 2 second(s)

2018-11-16 16:32:18 - [MESSAGE][PASSED] - Delayed 2 second(s)

2018-11-16 16:32:18 - [TEST_STEP][PASSED] - setText: Text 'Remark' is set on object 'Object Repository/Final Object Repo/Page_Update Employee Information By Employer/Page_Update Employee Information by Employer (Under enforcement)/Under enforcement - Remark'

2018-11-16 16:32:18 - [MESSAGE][PASSED] - Text 'Remark' is set on object 'Object Repository/Final Object Repo/Page_Update Employee Information By Employer/Page_Update Employee Information by Employer (Under enforcement)/Under enforcement - Remark'

2018-11-16 16:32:18 - [TEST_STEP][PASSED] - delay: Delayed 2 second(s)

2018-11-16 16:32:20 - [MESSAGE][PASSED] - Delayed 2 second(s)

2018-11-16 16:32:20 - [TEST_STEP][PASSED] - click: Object: 'Object Repository/Final Object Repo/Page_Update Employee Information By Employer/Page_Update Employee Information by Employer (Under enforcement)/Save  Continu in Under enforcement Page' is clicked on

2018-11-16 16:32:24 - [MESSAGE][PASSED] - Object: 'Object Repository/Final Object Repo/Page_Update Employee Information By Employer/Page_Update Employee Information by Employer (Under enforcement)/Save  Continu in Under enforcement Page' is clicked on

2018-11-16 16:32:24 - [TEST_STEP][PASSED] - delay: Delayed 2 second(s)

2018-11-16 16:32:26 - [MESSAGE][PASSED] - Delayed 2 second(s)

2018-11-16 16:32:26 - [TEST_STEP][PASSED] - click: Object: 'Object Repository/Final Object Repo/Page_Update Employee Information By Employer/Page_Update Employee Information by Employer (Under enforcement)/Under enforceme Message The case is under enforcement' is clicked on

2018-11-16 16:32:26 - [MESSAGE][PASSED] - Object: 'Object Repository/Final Object Repo/Page_Update Employee Information By Employer/Page_Update Employee Information by Employer (Under enforcement)/Under enforceme Message The case is under enforcement' is clicked on

2018-11-16 16:32:26 - [TEST_STEP][PASSED] - click: Object: 'Object Repository/Final Object Repo/Page_Update Employee Information By Employer/Page_Update Employee Information by Employer (Under enforcement)/Under enforcement - OK button' is clicked on

2018-11-16 16:32:28 - [MESSAGE][PASSED] - Object: 'Object Repository/Final Object Repo/Page_Update Employee Information By Employer/Page_Update Employee Information by Employer (Under enforcement)/Under enforcement - OK button' is clicked on

2018-11-16 16:32:28 - [MESSAGE][PASSED] - Call Test Case 'Test Cases/Final Aug 2018 - PKS Automation/Registration Module/Workflow/Update Employee Information (Employer)/Template/Update Employee Information - Special Case - UO (UnderEnforcement)' successfully]]></system-out>
         <system-err><![CDATA[]]></system-err>
      </testcase>
      <system-out><![CDATA[2018-11-16 14:57:05 - [TEST_SUITE][PASSED] - Update Employee Information (Employer): Test Cases/Final Aug 2018 - PKS Automation/Registration Module/Workflow/Update Employee Information (Employer)/PKRBO - UO (Under enforcement)]]></system-out>
      <system-err><![CDATA[]]></system-err>
   </testsuite>
</testsuites>
