<?xml version="1.0" encoding="UTF-8"?>
<testsuites name="Request SSN" time="2379" tests="6" failures="0" errors="0">
   <testsuite name="Request SSN" tests="6" failures="0" errors="0" time="2379" timestamp="2018-12-12 12:22:58" hostname="Admin - Win7Test02" id="Test Suites/Workflow/Request SSN">
      <properties>
         <property name="deviceName" value=""/>
         <property name="devicePlatform" value=""/>
         <property name="logFolder" value="C:\\Users\\Admin\\Desktop\\PKS\\Perkeso Phase A\\Reports\\Workflow\\Request SSN\\20181211_110148"/>
         <property name="logFiles" value="C:\\Users\\Admin\\Desktop\\PKS\\Perkeso Phase A\\Reports\\Workflow\\Request SSN\\20181211_110148\\execution0.log"/>
         <property name="attachments" value=""/>
         <property name="hostName" value="Admin - Win7Test02"/>
         <property name="os" value="Windows 7 64bit"/>
         <property name="katalonVersion" value="5.8.6.1"/>
         <property name="browser" value="Chrome 70.0.3538.110"/>
         <property name="hostAddress" value="10.20.3.72"/>
         <property name="sessionId" value="825bf351ab8a904e828c70dce46d1d62"/>
         <property name="seleniumVersion" value="3.7.1"/>
         <property name="proxyInformation" value="ProxyInformation{proxyOption=NO_PROXY, proxyServerType=HTTP, password=, proxyServerAddress=, proxyServerPort=0}"/>
         <property name="platform" value="Windows 7"/>
      </properties>
      <testcase name="Test Cases/Final Aug 2018 - PKS Automation/Registration Module/Workflow/Request SSN/OTC - RIO - RO (Approve)" classname="Test Cases/Final Aug 2018 - PKS Automation/Registration Module/Workflow/Request SSN/OTC - RIO - RO (Approve)" status="PASSED">
         <system-out><![CDATA[2018-12-12 12:22:58 - [TEST_CASE][PASSED] - Test Cases/Final Aug 2018 - PKS Automation/Registration Module/Workflow/Request SSN/OTC - RIO - RO (Approve): Test Cases/Final Aug 2018 - PKS Automation/Registration Module/Workflow/Request SSN/OTC - RIO - RO (Approve)

2018-12-12 12:22:58 - [TEST_STEP][PASSED] - callTestCase: Call Test Case 'Test Cases/Final Aug 2018 - PKS Automation/Registration Module/Workflow/Request SSN/Template/Request SSN - OTC (Using Current Employer Code)' successfully

2018-12-12 12:22:59 - [TEST_CASE][PASSED] - Test Cases/Final Aug 2018 - PKS Automation/Registration Module/Workflow/Request SSN/Template/Request SSN - OTC (Using Current Employer Code): Test Cases/Final Aug 2018 - PKS Automation/Registration Module/Workflow/Request SSN/Template/Request SSN - OTC (Using Current Employer Code)

2018-12-12 12:22:59 - [TEST_STEP][PASSED] - openBrowser: Browser is opened with url: ''

2018-12-12 12:23:04 - [MESSAGE][PASSED] - Browser is opened with url: ''

2018-12-12 12:23:04 - [TEST_STEP][PASSED] - navigateToUrl: Navigate to 'https://assist2-uat.perkeso.gov.my/login' successfully

2018-12-12 12:23:05 - [MESSAGE][PASSED] - Navigate to 'https://assist2-uat.perkeso.gov.my/login' successfully

2018-12-12 12:23:05 - [TEST_STEP][PASSED] - setText: Text 'johorotc1@gmail.com' is set on object 'Object Repository/Final Object Repo/Login Page/Internal User/Email Address'

2018-12-12 12:23:05 - [MESSAGE][PASSED] - Text 'johorotc1@gmail.com' is set on object 'Object Repository/Final Object Repo/Login Page/Internal User/Email Address'

2018-12-12 12:23:05 - [TEST_STEP][PASSED] - click: Object: 'Object Repository/Final Object Repo/Login Page/Internal User/Next Button' is clicked on

2018-12-12 12:23:06 - [MESSAGE][PASSED] - Object: 'Object Repository/Final Object Repo/Login Page/Internal User/Next Button' is clicked on

2018-12-12 12:23:06 - [TEST_STEP][PASSED] - delay: Delayed 1 second(s)

2018-12-12 12:23:07 - [MESSAGE][PASSED] - Delayed 1 second(s)

2018-12-12 12:23:07 - [TEST_STEP][PASSED] - setEncryptedText: Text ****** has been set on object 'Object Repository/Final Object Repo/Login Page/Internal User/Password'

2018-12-12 12:23:07 - [MESSAGE][PASSED] - Text ****** has been set on object 'Object Repository/Final Object Repo/Login Page/Internal User/Password'

2018-12-12 12:23:07 - [TEST_STEP][PASSED] - click: Object: 'Object Repository/Final Object Repo/Login Page/Internal User/Login Button' is clicked on

2018-12-12 12:23:07 - [MESSAGE][PASSED] - Object: 'Object Repository/Final Object Repo/Login Page/Internal User/Login Button' is clicked on

2018-12-12 12:23:07 - [TEST_STEP][PASSED] - delay: Delayed 1 second(s)

2018-12-12 12:23:08 - [MESSAGE][PASSED] - Delayed 1 second(s)

2018-12-12 12:23:08 - [TEST_STEP][PASSED] - Statement - tester = com.kms.katalon.core.testobject.ObjectRepository.findTestObject(Final Object Repo/Landing Page/Select to English): Finding Test Object with id 'Object Repository/Final Object Repo/Landing Page/Select to English'

2018-12-12 12:23:08 - [TEST_STEP][PASSED] - Statement - Try: Delayed 2 second(s)

2018-12-12 12:23:08 - [TEST_STEP][PASSED] - Statement - Checker = com.kms.katalon.core.webui.keyword.WebUiBuiltInKeywords.verifyElementNotPresent(tester, 5): Web element with id: 'Object Repository/Final Object Repo/Landing Page/Select to English' located by 'By.xpath: //a[@class = 'taglib-language-list-text' and @lang = 'en-US' and (contains(text(), 'EN') or contains(., 'EN'))]' is not present after '5' second(s)

2018-12-12 12:23:09 - [MESSAGE][PASSED] - Web element with id: 'Object Repository/Final Object Repo/Landing Page/Select to English' located by 'By.xpath: //a[@class = 'taglib-language-list-text' and @lang = 'en-US' and (contains(text(), 'EN') or contains(., 'EN'))]' is not present after '5' second(s)

2018-12-12 12:23:09 - [TEST_STEP][PASSED] - Statement - If (Checker == false): null

2018-12-12 12:23:09 - [TEST_STEP][PASSED] - delay: Delayed 2 second(s)

2018-12-12 12:23:11 - [MESSAGE][PASSED] - Delayed 2 second(s)

2018-12-12 12:23:11 - [TEST_STEP][PASSED] - delay: Delayed 5 second(s)

2018-12-12 12:23:16 - [MESSAGE][PASSED] - Delayed 5 second(s)

2018-12-12 12:23:16 - [TEST_STEP][PASSED] - delay: Delayed 1 second(s)

2018-12-12 12:23:17 - [MESSAGE][PASSED] - Delayed 1 second(s)

2018-12-12 12:23:17 - [TEST_STEP][PASSED] - navigateToUrl: Navigate to 'https://assist2-uat.perkeso.gov.my/web/registration/request-ssn' successfully

2018-12-12 12:23:22 - [MESSAGE][PASSED] - Navigate to 'https://assist2-uat.perkeso.gov.my/web/registration/request-ssn' successfully

2018-12-12 12:23:22 - [TEST_STEP][PASSED] - setText: Text 'perkeso' is set on object 'Object Repository/Final Object Repo/Page_Request SSN - ASSIST/AI - Name'

2018-12-12 12:23:22 - [MESSAGE][PASSED] - Text 'perkeso' is set on object 'Object Repository/Final Object Repo/Page_Request SSN - ASSIST/AI - Name'

2018-12-12 12:23:22 - [TEST_STEP][PASSED] - click: Object: 'Object Repository/Final Object Repo/Page_Request SSN - ASSIST/AI - DOB' is clicked on

2018-12-12 12:23:23 - [MESSAGE][PASSED] - Object: 'Object Repository/Final Object Repo/Page_Request SSN - ASSIST/AI - DOB' is clicked on

2018-12-12 12:23:23 - [TEST_STEP][PASSED] - selectOptionByValue: All options with value '1995' are selected in object 'Object Repository/Final Object Repo/Page_Request SSN - ASSIST/AI - DOB - Year' 

2018-12-12 12:23:23 - [MESSAGE][PASSED] - All options with value '1995' are selected in object 'Object Repository/Final Object Repo/Page_Request SSN - ASSIST/AI - DOB - Year' 

2018-12-12 12:23:23 - [TEST_STEP][PASSED] - delay: Delayed 3 second(s)

2018-12-12 12:23:26 - [MESSAGE][PASSED] - Delayed 3 second(s)

2018-12-12 12:23:26 - [TEST_STEP][PASSED] - doubleClick: Object: 'Object Repository/Final Object Repo/Page_Request SSN - ASSIST/AI - DOB - Year - Date' is double clicked on

2018-12-12 12:23:26 - [MESSAGE][PASSED] - Object: 'Object Repository/Final Object Repo/Page_Request SSN - ASSIST/AI - DOB - Year - Date' is double clicked on

2018-12-12 12:23:26 - [TEST_STEP][PASSED] - click: Object: 'Object Repository/Final Object Repo/Page_Request SSN - ASSIST/AI - Male' is clicked on

2018-12-12 12:23:26 - [MESSAGE][PASSED] - Object: 'Object Repository/Final Object Repo/Page_Request SSN - ASSIST/AI - Male' is clicked on

2018-12-12 12:23:26 - [TEST_STEP][PASSED] - click: Object: 'Object Repository/Final Object Repo/Page_Request SSN - ASSIST/AI- Race' is clicked on

2018-12-12 12:23:27 - [MESSAGE][PASSED] - Object: 'Object Repository/Final Object Repo/Page_Request SSN - ASSIST/AI- Race' is clicked on

2018-12-12 12:23:27 - [TEST_STEP][PASSED] - click: Object: 'Object Repository/Final Object Repo/Page_Request SSN - ASSIST/AI - Race - Melayu' is clicked on

2018-12-12 12:23:27 - [MESSAGE][PASSED] - Object: 'Object Repository/Final Object Repo/Page_Request SSN - ASSIST/AI - Race - Melayu' is clicked on

2018-12-12 12:23:27 - [TEST_STEP][PASSED] - click: Object: 'Object Repository/Final Object Repo/Page_Request SSN - ASSIST/AI - Religion' is clicked on

2018-12-12 12:23:27 - [MESSAGE][PASSED] - Object: 'Object Repository/Final Object Repo/Page_Request SSN - ASSIST/AI - Religion' is clicked on

2018-12-12 12:23:27 - [TEST_STEP][PASSED] - click: Object: 'Object Repository/Final Object Repo/Page_Request SSN - ASSIST/AI - Religion - Islam' is clicked on

2018-12-12 12:23:27 - [MESSAGE][PASSED] - Object: 'Object Repository/Final Object Repo/Page_Request SSN - ASSIST/AI - Religion - Islam' is clicked on

2018-12-12 12:23:27 - [TEST_STEP][PASSED] - setText: Text '12345' is set on object 'Object Repository/Final Object Repo/Page_Request SSN - ASSIST/AI - Birth Certificate'

2018-12-12 12:23:28 - [MESSAGE][PASSED] - Text '12345' is set on object 'Object Repository/Final Object Repo/Page_Request SSN - ASSIST/AI - Birth Certificate'

2018-12-12 12:23:28 - [TEST_STEP][PASSED] - click: Object: 'Object Repository/Final Object Repo/Page_Request SSN - ASSIST/AI - Nationality' is clicked on

2018-12-12 12:23:28 - [MESSAGE][PASSED] - Object: 'Object Repository/Final Object Repo/Page_Request SSN - ASSIST/AI - Nationality' is clicked on

2018-12-12 12:23:28 - [TEST_STEP][PASSED] - click: Object: 'Object Repository/Final Object Repo/Page_Request SSN - ASSIST/AI - Nationality - Afghanistan' is clicked on

2018-12-12 12:23:28 - [MESSAGE][PASSED] - Object: 'Object Repository/Final Object Repo/Page_Request SSN - ASSIST/AI - Nationality - Afghanistan' is clicked on

2018-12-12 12:23:28 - [TEST_STEP][PASSED] - setText: Text 'PERKESO ADDRESS1' is set on object 'Object Repository/Final Object Repo/Page_Request SSN - ASSIST/AI - Address1'

2018-12-12 12:23:30 - [MESSAGE][PASSED] - Text 'PERKESO ADDRESS1' is set on object 'Object Repository/Final Object Repo/Page_Request SSN - ASSIST/AI - Address1'

2018-12-12 12:23:30 - [TEST_STEP][PASSED] - setText: Text 'PERKESO ADDRESS2' is set on object 'Object Repository/Final Object Repo/Page_Request SSN - ASSIST/AI - Address2'

2018-12-12 12:23:31 - [MESSAGE][PASSED] - Text 'PERKESO ADDRESS2' is set on object 'Object Repository/Final Object Repo/Page_Request SSN - ASSIST/AI - Address2'

2018-12-12 12:23:31 - [TEST_STEP][PASSED] - setText: Text 'PERKESO ADDRESS3' is set on object 'Object Repository/Final Object Repo/Page_Request SSN - ASSIST/AI - Address3'

2018-12-12 12:23:32 - [MESSAGE][PASSED] - Text 'PERKESO ADDRESS3' is set on object 'Object Repository/Final Object Repo/Page_Request SSN - ASSIST/AI - Address3'

2018-12-12 12:23:32 - [TEST_STEP][PASSED] - click: Object: 'Object Repository/Final Object Repo/Page_Request SSN - ASSIST/AI - State' is clicked on

2018-12-12 12:23:32 - [MESSAGE][PASSED] - Object: 'Object Repository/Final Object Repo/Page_Request SSN - ASSIST/AI - State' is clicked on

2018-12-12 12:23:32 - [TEST_STEP][PASSED] - click: Object: 'Object Repository/Final Object Repo/Page_Request SSN - ASSIST/AI - Current Employer State - Johor' is clicked on

2018-12-12 12:23:33 - [MESSAGE][PASSED] - Object: 'Object Repository/Final Object Repo/Page_Request SSN - ASSIST/AI - Current Employer State - Johor' is clicked on

2018-12-12 12:23:33 - [TEST_STEP][PASSED] - click: Object: 'Object Repository/Final Object Repo/Page_Request SSN - ASSIST/AI - City' is clicked on

2018-12-12 12:23:33 - [MESSAGE][PASSED] - Object: 'Object Repository/Final Object Repo/Page_Request SSN - ASSIST/AI - City' is clicked on

2018-12-12 12:23:33 - [TEST_STEP][PASSED] - setText: Text 'JOH' is set on object 'Object Repository/Final Object Repo/Page_Request SSN - ASSIST/AI - City - JOH'

2018-12-12 12:23:33 - [MESSAGE][PASSED] - Text 'JOH' is set on object 'Object Repository/Final Object Repo/Page_Request SSN - ASSIST/AI - City - JOH'

2018-12-12 12:23:33 - [TEST_STEP][PASSED] - delay: Delayed 3 second(s)

2018-12-12 12:23:36 - [MESSAGE][PASSED] - Delayed 3 second(s)

2018-12-12 12:23:36 - [TEST_STEP][PASSED] - click: Object: 'Object Repository/Final Object Repo/Page_Request SSN - ASSIST/AI - City - Johor Bharu' is clicked on

2018-12-12 12:23:37 - [MESSAGE][PASSED] - Object: 'Object Repository/Final Object Repo/Page_Request SSN - ASSIST/AI - City - Johor Bharu' is clicked on

2018-12-12 12:23:37 - [TEST_STEP][PASSED] - click: Object: 'Object Repository/Final Object Repo/Page_Request SSN - ASSIST/AI - Post Code' is clicked on

2018-12-12 12:23:37 - [MESSAGE][PASSED] - Object: 'Object Repository/Final Object Repo/Page_Request SSN - ASSIST/AI - Post Code' is clicked on

2018-12-12 12:23:37 - [TEST_STEP][PASSED] - setText: Text '810' is set on object 'Object Repository/Final Object Repo/Page_Request SSN - ASSIST/AI - City - JOH'

2018-12-12 12:23:38 - [MESSAGE][PASSED] - Text '810' is set on object 'Object Repository/Final Object Repo/Page_Request SSN - ASSIST/AI - City - JOH'

2018-12-12 12:23:38 - [TEST_STEP][PASSED] - delay: Delayed 3 second(s)

2018-12-12 12:23:41 - [MESSAGE][PASSED] - Delayed 3 second(s)

2018-12-12 12:23:41 - [TEST_STEP][PASSED] - click: Object: 'Object Repository/Final Object Repo/Page_Request SSN - ASSIST/AI - PostCode - 81000' is clicked on

2018-12-12 12:23:41 - [MESSAGE][PASSED] - Object: 'Object Repository/Final Object Repo/Page_Request SSN - ASSIST/AI - PostCode - 81000' is clicked on

2018-12-12 12:23:41 - [TEST_STEP][PASSED] - setText: Text '100' is set on object 'Object Repository/Final Object Repo/Page_Request SSN - ASSIST/P.O.BOX'

2018-12-12 12:23:41 - [MESSAGE][PASSED] - Text '100' is set on object 'Object Repository/Final Object Repo/Page_Request SSN - ASSIST/P.O.BOX'

2018-12-12 12:23:41 - [TEST_STEP][PASSED] - setText: Text '100' is set on object 'Object Repository/Final Object Repo/Page_Request SSN - ASSIST/Locked Bag No'

2018-12-12 12:23:42 - [MESSAGE][PASSED] - Text '100' is set on object 'Object Repository/Final Object Repo/Page_Request SSN - ASSIST/Locked Bag No'

2018-12-12 12:23:42 - [TEST_STEP][PASSED] - delay: Delayed 2 second(s)

2018-12-12 12:23:44 - [MESSAGE][PASSED] - Delayed 2 second(s)

2018-12-12 12:23:44 - [TEST_STEP][PASSED] - setText: Text '123456789' is set on object 'Object Repository/Final Object Repo/Page_Request SSN - ASSIST/AI - Telephone No'

2018-12-12 12:23:45 - [MESSAGE][PASSED] - Text '123456789' is set on object 'Object Repository/Final Object Repo/Page_Request SSN - ASSIST/AI - Telephone No'

2018-12-12 12:23:45 - [TEST_STEP][PASSED] - click: Object: 'Object Repository/Final Object Repo/Page_Request SSN - ASSIST/AI - Occupation' is clicked on

2018-12-12 12:23:45 - [MESSAGE][PASSED] - Object: 'Object Repository/Final Object Repo/Page_Request SSN - ASSIST/AI - Occupation' is clicked on

2018-12-12 12:23:45 - [TEST_STEP][PASSED] - click: Object: 'Object Repository/Final Object Repo/Page_Request SSN - ASSIST/AI - Occupation - NUMERICAL AND MATERIAL R' is clicked on

2018-12-12 12:23:45 - [MESSAGE][PASSED] - Object: 'Object Repository/Final Object Repo/Page_Request SSN - ASSIST/AI - Occupation - NUMERICAL AND MATERIAL R' is clicked on

2018-12-12 12:23:45 - [TEST_STEP][PASSED] - delay: Delayed 2 second(s)

2018-12-12 12:23:47 - [MESSAGE][PASSED] - Delayed 2 second(s)

2018-12-12 12:23:47 - [TEST_STEP][PASSED] - click: Object: 'Object Repository/Final Object Repo/Page_Request SSN - ASSIST/AI - Sub Occupation' is clicked on

2018-12-12 12:23:47 - [MESSAGE][PASSED] - Object: 'Object Repository/Final Object Repo/Page_Request SSN - ASSIST/AI - Sub Occupation' is clicked on

2018-12-12 12:23:47 - [TEST_STEP][PASSED] - click: Object: 'Object Repository/Final Object Repo/Page_Request SSN - ASSIST/AI - Sub Occupation - Stock Clerks' is clicked on

2018-12-12 12:23:48 - [MESSAGE][PASSED] - Object: 'Object Repository/Final Object Repo/Page_Request SSN - ASSIST/AI - Sub Occupation - Stock Clerks' is clicked on

2018-12-12 12:23:48 - [TEST_STEP][PASSED] - delay: Delayed 2 second(s)

2018-12-12 12:23:50 - [MESSAGE][PASSED] - Delayed 2 second(s)

2018-12-12 12:23:50 - [TEST_STEP][PASSED] - click: Object: 'Object Repository/Final Object Repo/Page_Request SSN - ASSIST/AI - Sub Occupation List' is clicked on

2018-12-12 12:23:50 - [MESSAGE][PASSED] - Object: 'Object Repository/Final Object Repo/Page_Request SSN - ASSIST/AI - Sub Occupation List' is clicked on

2018-12-12 12:23:50 - [TEST_STEP][PASSED] - click: Object: 'Object Repository/Final Object Repo/Page_Request SSN - ASSIST/AI - Sub Occupation List - Clerk raw material' is clicked on

2018-12-12 12:23:50 - [MESSAGE][PASSED] - Object: 'Object Repository/Final Object Repo/Page_Request SSN - ASSIST/AI - Sub Occupation List - Clerk raw material' is clicked on

2018-12-12 12:23:50 - [TEST_STEP][PASSED] - click: Object: 'Object Repository/Final Object Repo/Page_Request SSN - ASSIST/AI - Employment Start Date' is clicked on

2018-12-12 12:23:50 - [MESSAGE][PASSED] - Object: 'Object Repository/Final Object Repo/Page_Request SSN - ASSIST/AI - Employment Start Date' is clicked on

2018-12-12 12:23:50 - [TEST_STEP][PASSED] - click: Object: 'Object Repository/Final Object Repo/Page_Request SSN - ASSIST/AI - DOB - Year - Date' is clicked on

2018-12-12 12:23:51 - [MESSAGE][PASSED] - Object: 'Object Repository/Final Object Repo/Page_Request SSN - ASSIST/AI - DOB - Year - Date' is clicked on

2018-12-12 12:23:51 - [TEST_STEP][PASSED] - setText: Text 'E1102001065V' is set on object 'Object Repository/Final Object Repo/Page_Request SSN - ASSIST/AI - Current Employer Code'

2018-12-12 12:23:52 - [MESSAGE][PASSED] - Text 'E1102001065V' is set on object 'Object Repository/Final Object Repo/Page_Request SSN - ASSIST/AI - Current Employer Code'

2018-12-12 12:23:52 - [TEST_STEP][PASSED] - delay: Delayed 2 second(s)

2018-12-12 12:23:54 - [MESSAGE][PASSED] - Delayed 2 second(s)

2018-12-12 12:23:54 - [TEST_STEP][PASSED] - click: Object: 'Object Repository/Final Object Repo/Page_Request SSN - ASSIST/AI - Current Employer Code - Search' is clicked on

2018-12-12 12:23:54 - [MESSAGE][PASSED] - Object: 'Object Repository/Final Object Repo/Page_Request SSN - ASSIST/AI - Current Employer Code - Search' is clicked on

2018-12-12 12:23:54 - [TEST_STEP][PASSED] - delay: Delayed 2 second(s)

2018-12-12 12:23:56 - [MESSAGE][PASSED] - Delayed 2 second(s)

2018-12-12 12:23:56 - [TEST_STEP][NOT_RUN] - setText: NOT_RUN: setText

2018-12-12 12:23:56 - [MESSAGE][NOT_RUN] - NOT_RUN: setText

2018-12-12 12:23:56 - [TEST_STEP][NOT_RUN] - setText: NOT_RUN: setText

2018-12-12 12:23:56 - [MESSAGE][NOT_RUN] - NOT_RUN: setText

2018-12-12 12:23:56 - [TEST_STEP][NOT_RUN] - setText: NOT_RUN: setText

2018-12-12 12:23:56 - [MESSAGE][NOT_RUN] - NOT_RUN: setText

2018-12-12 12:23:56 - [TEST_STEP][NOT_RUN] - setText: NOT_RUN: setText

2018-12-12 12:23:56 - [MESSAGE][NOT_RUN] - NOT_RUN: setText

2018-12-12 12:23:56 - [TEST_STEP][NOT_RUN] - click: NOT_RUN: click

2018-12-12 12:23:56 - [MESSAGE][NOT_RUN] - NOT_RUN: click

2018-12-12 12:23:56 - [TEST_STEP][NOT_RUN] - click: NOT_RUN: click

2018-12-12 12:23:56 - [MESSAGE][NOT_RUN] - NOT_RUN: click

2018-12-12 12:23:56 - [TEST_STEP][NOT_RUN] - click: NOT_RUN: click

2018-12-12 12:23:56 - [MESSAGE][NOT_RUN] - NOT_RUN: click

2018-12-12 12:23:56 - [TEST_STEP][NOT_RUN] - setText: NOT_RUN: setText

2018-12-12 12:23:56 - [MESSAGE][NOT_RUN] - NOT_RUN: setText

2018-12-12 12:23:56 - [TEST_STEP][NOT_RUN] - delay: NOT_RUN: delay

2018-12-12 12:23:56 - [MESSAGE][NOT_RUN] - NOT_RUN: delay

2018-12-12 12:23:56 - [TEST_STEP][NOT_RUN] - click: NOT_RUN: click

2018-12-12 12:23:56 - [MESSAGE][NOT_RUN] - NOT_RUN: click

2018-12-12 12:23:56 - [TEST_STEP][NOT_RUN] - click: NOT_RUN: click

2018-12-12 12:23:56 - [MESSAGE][NOT_RUN] - NOT_RUN: click

2018-12-12 12:23:56 - [TEST_STEP][NOT_RUN] - setText: NOT_RUN: setText

2018-12-12 12:23:56 - [MESSAGE][NOT_RUN] - NOT_RUN: setText

2018-12-12 12:23:56 - [TEST_STEP][NOT_RUN] - delay: NOT_RUN: delay

2018-12-12 12:23:56 - [MESSAGE][NOT_RUN] - NOT_RUN: delay

2018-12-12 12:23:56 - [TEST_STEP][NOT_RUN] - click: NOT_RUN: click

2018-12-12 12:23:56 - [MESSAGE][NOT_RUN] - NOT_RUN: click

2018-12-12 12:23:56 - [TEST_STEP][NOT_RUN] - setText: NOT_RUN: setText

2018-12-12 12:23:56 - [MESSAGE][NOT_RUN] - NOT_RUN: setText

2018-12-12 12:23:56 - [TEST_STEP][NOT_RUN] - setText: NOT_RUN: setText

2018-12-12 12:23:56 - [MESSAGE][NOT_RUN] - NOT_RUN: setText

2018-12-12 12:23:56 - [TEST_STEP][NOT_RUN] - click: NOT_RUN: click

2018-12-12 12:23:56 - [MESSAGE][NOT_RUN] - NOT_RUN: click

2018-12-12 12:23:56 - [TEST_STEP][NOT_RUN] - click: NOT_RUN: click

2018-12-12 12:23:56 - [MESSAGE][NOT_RUN] - NOT_RUN: click

2018-12-12 12:23:56 - [TEST_STEP][NOT_RUN] - setText: NOT_RUN: setText

2018-12-12 12:23:56 - [MESSAGE][NOT_RUN] - NOT_RUN: setText

2018-12-12 12:23:56 - [TEST_STEP][NOT_RUN] - click: NOT_RUN: click

2018-12-12 12:23:56 - [MESSAGE][NOT_RUN] - NOT_RUN: click

2018-12-12 12:23:56 - [TEST_STEP][NOT_RUN] - click: NOT_RUN: click

2018-12-12 12:23:56 - [MESSAGE][NOT_RUN] - NOT_RUN: click

2018-12-12 12:23:56 - [TEST_STEP][NOT_RUN] - click: NOT_RUN: click

2018-12-12 12:23:56 - [MESSAGE][NOT_RUN] - NOT_RUN: click

2018-12-12 12:23:56 - [TEST_STEP][NOT_RUN] - click: NOT_RUN: click

2018-12-12 12:23:56 - [MESSAGE][NOT_RUN] - NOT_RUN: click

2018-12-12 12:23:56 - [TEST_STEP][NOT_RUN] - click: NOT_RUN: click

2018-12-12 12:23:56 - [MESSAGE][NOT_RUN] - NOT_RUN: click

2018-12-12 12:23:56 - [TEST_STEP][NOT_RUN] - click: NOT_RUN: click

2018-12-12 12:23:56 - [MESSAGE][NOT_RUN] - NOT_RUN: click

2018-12-12 12:23:56 - [TEST_STEP][NOT_RUN] - setText: NOT_RUN: setText

2018-12-12 12:23:56 - [MESSAGE][NOT_RUN] - NOT_RUN: setText

2018-12-12 12:23:56 - [TEST_STEP][NOT_RUN] - setText: NOT_RUN: setText

2018-12-12 12:23:56 - [MESSAGE][NOT_RUN] - NOT_RUN: setText

2018-12-12 12:23:56 - [TEST_STEP][NOT_RUN] - setText: NOT_RUN: setText

2018-12-12 12:23:56 - [MESSAGE][NOT_RUN] - NOT_RUN: setText

2018-12-12 12:23:56 - [TEST_STEP][NOT_RUN] - click: NOT_RUN: click

2018-12-12 12:23:56 - [MESSAGE][NOT_RUN] - NOT_RUN: click

2018-12-12 12:23:56 - [TEST_STEP][NOT_RUN] - click: NOT_RUN: click

2018-12-12 12:23:56 - [MESSAGE][NOT_RUN] - NOT_RUN: click

2018-12-12 12:23:56 - [TEST_STEP][NOT_RUN] - click: NOT_RUN: click

2018-12-12 12:23:56 - [MESSAGE][NOT_RUN] - NOT_RUN: click

2018-12-12 12:23:56 - [TEST_STEP][NOT_RUN] - setText: NOT_RUN: setText

2018-12-12 12:23:56 - [MESSAGE][NOT_RUN] - NOT_RUN: setText

2018-12-12 12:23:56 - [TEST_STEP][NOT_RUN] - delay: NOT_RUN: delay

2018-12-12 12:23:56 - [MESSAGE][NOT_RUN] - NOT_RUN: delay

2018-12-12 12:23:56 - [TEST_STEP][NOT_RUN] - click: NOT_RUN: click

2018-12-12 12:23:56 - [MESSAGE][NOT_RUN] - NOT_RUN: click

2018-12-12 12:23:56 - [TEST_STEP][NOT_RUN] - click: NOT_RUN: click

2018-12-12 12:23:56 - [MESSAGE][NOT_RUN] - NOT_RUN: click

2018-12-12 12:23:56 - [TEST_STEP][NOT_RUN] - click: NOT_RUN: click

2018-12-12 12:23:56 - [MESSAGE][NOT_RUN] - NOT_RUN: click

2018-12-12 12:23:56 - [TEST_STEP][NOT_RUN] - setText: NOT_RUN: setText

2018-12-12 12:23:56 - [MESSAGE][NOT_RUN] - NOT_RUN: setText

2018-12-12 12:23:56 - [TEST_STEP][NOT_RUN] - delay: NOT_RUN: delay

2018-12-12 12:23:56 - [MESSAGE][NOT_RUN] - NOT_RUN: delay

2018-12-12 12:23:56 - [TEST_STEP][NOT_RUN] - click: NOT_RUN: click

2018-12-12 12:23:56 - [MESSAGE][NOT_RUN] - NOT_RUN: click

2018-12-12 12:23:56 - [TEST_STEP][NOT_RUN] - delay: NOT_RUN: delay

2018-12-12 12:23:56 - [MESSAGE][NOT_RUN] - NOT_RUN: delay

2018-12-12 12:23:56 - [TEST_STEP][NOT_RUN] - setText: NOT_RUN: setText

2018-12-12 12:23:56 - [MESSAGE][NOT_RUN] - NOT_RUN: setText

2018-12-12 12:23:56 - [TEST_STEP][NOT_RUN] - setText: NOT_RUN: setText

2018-12-12 12:23:56 - [MESSAGE][NOT_RUN] - NOT_RUN: setText

2018-12-12 12:23:56 - [TEST_STEP][NOT_RUN] - setText: NOT_RUN: setText

2018-12-12 12:23:56 - [MESSAGE][NOT_RUN] - NOT_RUN: setText

2018-12-12 12:23:56 - [TEST_STEP][NOT_RUN] - click: NOT_RUN: click

2018-12-12 12:23:56 - [MESSAGE][NOT_RUN] - NOT_RUN: click

2018-12-12 12:23:56 - [TEST_STEP][NOT_RUN] - click: NOT_RUN: click

2018-12-12 12:23:56 - [MESSAGE][NOT_RUN] - NOT_RUN: click

2018-12-12 12:23:56 - [TEST_STEP][NOT_RUN] - setText: NOT_RUN: setText

2018-12-12 12:23:56 - [MESSAGE][NOT_RUN] - NOT_RUN: setText

2018-12-12 12:23:56 - [TEST_STEP][NOT_RUN] - click: NOT_RUN: click

2018-12-12 12:23:56 - [MESSAGE][NOT_RUN] - NOT_RUN: click

2018-12-12 12:23:56 - [TEST_STEP][NOT_RUN] - click: NOT_RUN: click

2018-12-12 12:23:56 - [MESSAGE][NOT_RUN] - NOT_RUN: click

2018-12-12 12:23:56 - [TEST_STEP][NOT_RUN] - click: NOT_RUN: click

2018-12-12 12:23:56 - [MESSAGE][NOT_RUN] - NOT_RUN: click

2018-12-12 12:23:56 - [TEST_STEP][NOT_RUN] - click: NOT_RUN: click

2018-12-12 12:23:56 - [MESSAGE][NOT_RUN] - NOT_RUN: click

2018-12-12 12:23:56 - [TEST_STEP][NOT_RUN] - click: NOT_RUN: click

2018-12-12 12:23:56 - [MESSAGE][NOT_RUN] - NOT_RUN: click

2018-12-12 12:23:56 - [TEST_STEP][NOT_RUN] - click: NOT_RUN: click

2018-12-12 12:23:56 - [MESSAGE][NOT_RUN] - NOT_RUN: click

2018-12-12 12:23:56 - [TEST_STEP][NOT_RUN] - setText: NOT_RUN: setText

2018-12-12 12:23:56 - [MESSAGE][NOT_RUN] - NOT_RUN: setText

2018-12-12 12:23:56 - [TEST_STEP][NOT_RUN] - setText: NOT_RUN: setText

2018-12-12 12:23:56 - [MESSAGE][NOT_RUN] - NOT_RUN: setText

2018-12-12 12:23:56 - [TEST_STEP][NOT_RUN] - setText: NOT_RUN: setText

2018-12-12 12:23:56 - [MESSAGE][NOT_RUN] - NOT_RUN: setText

2018-12-12 12:23:56 - [TEST_STEP][NOT_RUN] - click: NOT_RUN: click

2018-12-12 12:23:56 - [MESSAGE][NOT_RUN] - NOT_RUN: click

2018-12-12 12:23:56 - [TEST_STEP][NOT_RUN] - click: NOT_RUN: click

2018-12-12 12:23:56 - [MESSAGE][NOT_RUN] - NOT_RUN: click

2018-12-12 12:23:56 - [TEST_STEP][NOT_RUN] - click: NOT_RUN: click

2018-12-12 12:23:56 - [MESSAGE][NOT_RUN] - NOT_RUN: click

2018-12-12 12:23:56 - [TEST_STEP][NOT_RUN] - delay: NOT_RUN: delay

2018-12-12 12:23:56 - [MESSAGE][NOT_RUN] - NOT_RUN: delay

2018-12-12 12:23:56 - [TEST_STEP][NOT_RUN] - setText: NOT_RUN: setText

2018-12-12 12:23:56 - [MESSAGE][NOT_RUN] - NOT_RUN: setText

2018-12-12 12:23:56 - [TEST_STEP][NOT_RUN] - delay: NOT_RUN: delay

2018-12-12 12:23:56 - [MESSAGE][NOT_RUN] - NOT_RUN: delay

2018-12-12 12:23:56 - [TEST_STEP][NOT_RUN] - click: NOT_RUN: click

2018-12-12 12:23:56 - [MESSAGE][NOT_RUN] - NOT_RUN: click

2018-12-12 12:23:56 - [TEST_STEP][NOT_RUN] - doubleClick: NOT_RUN: doubleClick

2018-12-12 12:23:56 - [MESSAGE][NOT_RUN] - NOT_RUN: doubleClick

2018-12-12 12:23:56 - [TEST_STEP][NOT_RUN] - click: NOT_RUN: click

2018-12-12 12:23:56 - [MESSAGE][NOT_RUN] - NOT_RUN: click

2018-12-12 12:23:56 - [TEST_STEP][NOT_RUN] - setText: NOT_RUN: setText

2018-12-12 12:23:56 - [MESSAGE][NOT_RUN] - NOT_RUN: setText

2018-12-12 12:23:56 - [TEST_STEP][NOT_RUN] - delay: NOT_RUN: delay

2018-12-12 12:23:56 - [MESSAGE][NOT_RUN] - NOT_RUN: delay

2018-12-12 12:23:56 - [TEST_STEP][NOT_RUN] - click: NOT_RUN: click

2018-12-12 12:23:56 - [MESSAGE][NOT_RUN] - NOT_RUN: click

2018-12-12 12:23:56 - [TEST_STEP][NOT_RUN] - delay: NOT_RUN: delay

2018-12-12 12:23:56 - [MESSAGE][NOT_RUN] - NOT_RUN: delay

2018-12-12 12:23:56 - [TEST_STEP][NOT_RUN] - setText: NOT_RUN: setText

2018-12-12 12:23:56 - [MESSAGE][NOT_RUN] - NOT_RUN: setText

2018-12-12 12:23:56 - [TEST_STEP][PASSED] - click: Object: 'Object Repository/Final Object Repo/Page_Request SSN - ASSIST/Save  Continue' is clicked on

2018-12-12 12:23:56 - [MESSAGE][PASSED] - Object: 'Object Repository/Final Object Repo/Page_Request SSN - ASSIST/Save  Continue' is clicked on

2018-12-12 12:23:56 - [TEST_STEP][PASSED] - delay: Delayed 3 second(s)

2018-12-12 12:23:59 - [MESSAGE][PASSED] - Delayed 3 second(s)

2018-12-12 12:23:59 - [TEST_STEP][PASSED] - Statement - CaseReferenceNo = com.kms.katalon.core.webui.keyword.WebUiBuiltInKeywords.getText(com.kms.katalon.core.testobject.ObjectRepository.findTestObject(Final Object Repo/Page_Request SSN - ASSIST/Reference Number in Uploading Page - OTC)): Text of object 'Object Repository/Final Object Repo/Page_Request SSN - ASSIST/Reference Number in Uploading Page - OTC' is: 'SSN12201800001187'

2018-12-12 12:23:59 - [MESSAGE][PASSED] - Text of object 'Object Repository/Final Object Repo/Page_Request SSN - ASSIST/Reference Number in Uploading Page - OTC' is: 'SSN12201800001187'

2018-12-12 12:23:59 - [TEST_STEP][PASSED] - Statement - out.println(CaseReferenceNo): null

2018-12-12 12:23:59 - [TEST_STEP][PASSED] - callTestCase: Call Test Case 'Test Cases/Final Aug 2018 - PKS Automation/Common/Reference Number Setter' successfully

2018-12-12 12:24:00 - [TEST_CASE][PASSED] - Test Cases/Final Aug 2018 - PKS Automation/Common/Reference Number Setter: Test Cases/Final Aug 2018 - PKS Automation/Common/Reference Number Setter

2018-12-12 12:24:00 - [TEST_STEP][PASSED] - Statement - RefNoOldFile = new java.io.File(C://Users//Admin//Desktop//PKS//Automation Reference Point//KatalonReference.txt): null

2018-12-12 12:24:00 - [TEST_STEP][PASSED] - Statement - RefNoOldFile.delete(): null

2018-12-12 12:24:00 - [TEST_STEP][PASSED] - delay: Delayed 5 second(s)

2018-12-12 12:24:05 - [MESSAGE][PASSED] - Delayed 5 second(s)

2018-12-12 12:24:05 - [TEST_STEP][PASSED] - Statement - RefNo = new java.io.File(C://Users//Admin//Desktop//PKS//Automation Reference Point//KatalonReference.txt): null

2018-12-12 12:24:05 - [TEST_STEP][PASSED] - Statement - f2 = new java.io.FileWriter(RefNo, false): null

2018-12-12 12:24:05 - [TEST_STEP][PASSED] - Statement - f2.write(CaseReferenceNo): null

2018-12-12 12:24:05 - [TEST_STEP][PASSED] - Statement - f2.close(): null

2018-12-12 12:24:05 - [TEST_STEP][PASSED] - Statement - out.println("


" + CaseReferenceNo + "


"): null

2018-12-12 12:24:05 - [MESSAGE][PASSED] - Call Test Case 'Test Cases/Final Aug 2018 - PKS Automation/Common/Reference Number Setter' successfully

2018-12-12 12:24:05 - [TEST_STEP][PASSED] - click: Object: 'Object Repository/Final Object Repo/Page_Request SSN - ASSIST/Add Document Button' is clicked on

2018-12-12 12:24:05 - [MESSAGE][PASSED] - Object: 'Object Repository/Final Object Repo/Page_Request SSN - ASSIST/Add Document Button' is clicked on

2018-12-12 12:24:05 - [TEST_STEP][PASSED] - delay: Delayed 2 second(s)

2018-12-12 12:24:07 - [MESSAGE][PASSED] - Delayed 2 second(s)

2018-12-12 12:24:07 - [TEST_STEP][PASSED] - click: Object: 'Object Repository/Final Object Repo/Page_Request SSN - ASSIST/Document Type' is clicked on

2018-12-12 12:24:08 - [MESSAGE][PASSED] - Object: 'Object Repository/Final Object Repo/Page_Request SSN - ASSIST/Document Type' is clicked on

2018-12-12 12:24:08 - [TEST_STEP][PASSED] - click: Object: 'Object Repository/Final Object Repo/Page_Request SSN - ASSIST/Document Type - Birth Certificate' is clicked on

2018-12-12 12:24:09 - [MESSAGE][PASSED] - Object: 'Object Repository/Final Object Repo/Page_Request SSN - ASSIST/Document Type - Birth Certificate' is clicked on

2018-12-12 12:24:09 - [TEST_STEP][PASSED] - sendKeys: Keys 'C:\Users\Public\Pictures\Sample Pictures\Koala.jpg' sent to object: 'Object Repository/Final Object Repo/Page_Request SSN - ASSIST/Upload File'

2018-12-12 12:24:09 - [MESSAGE][PASSED] - Keys 'C:\Users\Public\Pictures\Sample Pictures\Koala.jpg' sent to object: 'Object Repository/Final Object Repo/Page_Request SSN - ASSIST/Upload File'

2018-12-12 12:24:09 - [TEST_STEP][PASSED] - click: Object: 'Object Repository/Final Object Repo/Page_Request SSN - ASSIST/Add Document' is clicked on

2018-12-12 12:24:09 - [MESSAGE][PASSED] - Object: 'Object Repository/Final Object Repo/Page_Request SSN - ASSIST/Add Document' is clicked on

2018-12-12 12:24:09 - [TEST_STEP][PASSED] - delay: Delayed 2 second(s)

2018-12-12 12:24:11 - [MESSAGE][PASSED] - Delayed 2 second(s)

2018-12-12 12:24:11 - [TEST_STEP][PASSED] - click: Object: 'Object Repository/Final Object Repo/Page_Request SSN - ASSIST/Save  Continue in Uploading Document Page' is clicked on

2018-12-12 12:24:13 - [MESSAGE][PASSED] - Object: 'Object Repository/Final Object Repo/Page_Request SSN - ASSIST/Save  Continue in Uploading Document Page' is clicked on

2018-12-12 12:24:13 - [TEST_STEP][PASSED] - delay: Delayed 2 second(s)

2018-12-12 12:24:15 - [MESSAGE][PASSED] - Delayed 2 second(s)

2018-12-12 12:24:15 - [TEST_STEP][PASSED] - click: Object: 'Object Repository/Final Object Repo/Page_Request SSN - ASSIST/Submit' is clicked on

2018-12-12 12:24:17 - [MESSAGE][PASSED] - Object: 'Object Repository/Final Object Repo/Page_Request SSN - ASSIST/Submit' is clicked on

2018-12-12 12:24:17 - [TEST_STEP][PASSED] - delay: Delayed 2 second(s)

2018-12-12 12:24:19 - [MESSAGE][PASSED] - Delayed 2 second(s)

2018-12-12 12:24:19 - [TEST_STEP][PASSED] - click: Object: 'Object Repository/Final Object Repo/Page_Request SSN - ASSIST/Confirm' is clicked on

2018-12-12 12:24:19 - [MESSAGE][PASSED] - Object: 'Object Repository/Final Object Repo/Page_Request SSN - ASSIST/Confirm' is clicked on

2018-12-12 12:24:19 - [TEST_STEP][PASSED] - delay: Delayed 2 second(s)

2018-12-12 12:24:21 - [MESSAGE][PASSED] - Delayed 2 second(s)

2018-12-12 12:24:21 - [TEST_STEP][PASSED] - verifyElementVisible: Object 'Object Repository/Final Object Repo/Page_Request SSN - ASSIST/Message This Case will be routed to RIO' is visible

2018-12-12 12:24:27 - [MESSAGE][PASSED] - Object 'Object Repository/Final Object Repo/Page_Request SSN - ASSIST/Message This Case will be routed to RIO' is visible

2018-12-12 12:24:27 - [TEST_STEP][PASSED] - delay: Delayed 2 second(s)

2018-12-12 12:24:29 - [MESSAGE][PASSED] - Delayed 2 second(s)

2018-12-12 12:24:29 - [TEST_STEP][PASSED] - verifyElementVisible: Object 'Object Repository/Final Object Repo/Page_Request SSN - ASSIST/Letter of acknowledgement' is visible

2018-12-12 12:24:29 - [MESSAGE][PASSED] - Object 'Object Repository/Final Object Repo/Page_Request SSN - ASSIST/Letter of acknowledgement' is visible

2018-12-12 12:24:29 - [MESSAGE][PASSED] - Call Test Case 'Test Cases/Final Aug 2018 - PKS Automation/Registration Module/Workflow/Request SSN/Template/Request SSN - OTC (Using Current Employer Code)' successfully

2018-12-12 12:24:29 - [TEST_STEP][PASSED] - callTestCase: Call Test Case 'Test Cases/Final Aug 2018 - PKS Automation/Registration Module/Workflow/Request SSN/Template/Request SSN RIO - RO (Approve)' successfully

2018-12-12 12:24:29 - [TEST_CASE][PASSED] - Test Cases/Final Aug 2018 - PKS Automation/Registration Module/Workflow/Request SSN/Template/Request SSN RIO - RO (Approve): Test Cases/Final Aug 2018 - PKS Automation/Registration Module/Workflow/Request SSN/Template/Request SSN RIO - RO (Approve)

2018-12-12 12:24:29 - [TEST_STEP][NOT_RUN] - callTestCase: NOT_RUN: callTestCase

2018-12-12 12:24:29 - [MESSAGE][NOT_RUN] - NOT_RUN: callTestCase

2018-12-12 12:24:29 - [TEST_STEP][PASSED] - delay: Delayed 2 second(s)

2018-12-12 12:24:31 - [MESSAGE][PASSED] - Delayed 2 second(s)

2018-12-12 12:24:31 - [TEST_STEP][PASSED] - navigateToUrl: Navigate to 'https://assist2-uat.perkeso.gov.my/c/portal/logout' successfully

2018-12-12 12:24:32 - [MESSAGE][PASSED] - Navigate to 'https://assist2-uat.perkeso.gov.my/c/portal/logout' successfully

2018-12-12 12:24:32 - [TEST_STEP][PASSED] - delay: Delayed 2 second(s)

2018-12-12 12:24:34 - [MESSAGE][PASSED] - Delayed 2 second(s)

2018-12-12 12:24:34 - [TEST_STEP][PASSED] - callTestCase: Call Test Case 'Test Cases/Final Aug 2018 - PKS Automation/Common/Workflow Owner Finder' successfully

2018-12-12 12:24:34 - [TEST_CASE][PASSED] - Test Cases/Final Aug 2018 - PKS Automation/Common/Workflow Owner Finder: Test Cases/Final Aug 2018 - PKS Automation/Common/Workflow Owner Finder

2018-12-12 12:24:34 - [TEST_STEP][PASSED] - openBrowser: Browser is opened with url: ''

2018-12-12 12:24:34 - [MESSAGE][WARNING] - A browser is already opened. Closing browser and opening a new one

2018-12-12 12:24:38 - [MESSAGE][PASSED] - Browser is opened with url: ''

2018-12-12 12:24:38 - [TEST_STEP][PASSED] - navigateToUrl: Navigate to 'https://assist2-uat.perkeso.gov.my/login' successfully

2018-12-12 12:24:39 - [MESSAGE][PASSED] - Navigate to 'https://assist2-uat.perkeso.gov.my/login' successfully

2018-12-12 12:24:39 - [TEST_STEP][PASSED] - delay: Delayed 5 second(s)

2018-12-12 12:24:44 - [MESSAGE][PASSED] - Delayed 5 second(s)

2018-12-12 12:24:44 - [TEST_STEP][PASSED] - setText: Text 'test@liferay.com' is set on object 'Object Repository/Final Object Repo/Login Page/Internal User/Email Address'

2018-12-12 12:24:45 - [MESSAGE][PASSED] - Text 'test@liferay.com' is set on object 'Object Repository/Final Object Repo/Login Page/Internal User/Email Address'

2018-12-12 12:24:45 - [TEST_STEP][PASSED] - click: Object: 'Object Repository/Final Object Repo/Login Page/Internal User/Next Button' is clicked on

2018-12-12 12:24:45 - [MESSAGE][PASSED] - Object: 'Object Repository/Final Object Repo/Login Page/Internal User/Next Button' is clicked on

2018-12-12 12:24:45 - [TEST_STEP][PASSED] - delay: Delayed 2 second(s)

2018-12-12 12:24:47 - [MESSAGE][PASSED] - Delayed 2 second(s)

2018-12-12 12:24:47 - [TEST_STEP][PASSED] - setText: Text 'test' is set on object 'Object Repository/Final Object Repo/Login Page/Internal User/Password'

2018-12-12 12:24:47 - [MESSAGE][PASSED] - Text 'test' is set on object 'Object Repository/Final Object Repo/Login Page/Internal User/Password'

2018-12-12 12:24:47 - [TEST_STEP][PASSED] - delay: Delayed 2 second(s)

2018-12-12 12:24:49 - [MESSAGE][PASSED] - Delayed 2 second(s)

2018-12-12 12:24:49 - [TEST_STEP][PASSED] - click: Object: 'Object Repository/Final Object Repo/Login Page/Internal User/Login Button' is clicked on

2018-12-12 12:24:49 - [MESSAGE][PASSED] - Object: 'Object Repository/Final Object Repo/Login Page/Internal User/Login Button' is clicked on

2018-12-12 12:24:49 - [TEST_STEP][PASSED] - Statement - tester = com.kms.katalon.core.testobject.ObjectRepository.findTestObject(Final Object Repo/Landing Page/Select to English): Finding Test Object with id 'Object Repository/Final Object Repo/Landing Page/Select to English'

2018-12-12 12:24:49 - [TEST_STEP][PASSED] - Statement - Try: Delayed 2 second(s)

2018-12-12 12:24:49 - [TEST_STEP][PASSED] - Statement - Checker = com.kms.katalon.core.webui.keyword.WebUiBuiltInKeywords.verifyElementNotPresent(tester, 3): Web element with id: 'Object Repository/Final Object Repo/Landing Page/Select to English' located by 'By.xpath: //a[@class = 'taglib-language-list-text' and @lang = 'en-US' and (contains(text(), 'EN') or contains(., 'EN'))]' is not present after '3' second(s)

2018-12-12 12:24:51 - [MESSAGE][PASSED] - Web element with id: 'Object Repository/Final Object Repo/Landing Page/Select to English' located by 'By.xpath: //a[@class = 'taglib-language-list-text' and @lang = 'en-US' and (contains(text(), 'EN') or contains(., 'EN'))]' is not present after '3' second(s)

2018-12-12 12:24:51 - [TEST_STEP][PASSED] - Statement - If (Checker == false): null

2018-12-12 12:24:51 - [TEST_STEP][PASSED] - delay: Delayed 2 second(s)

2018-12-12 12:24:53 - [MESSAGE][PASSED] - Delayed 2 second(s)

2018-12-12 12:24:53 - [TEST_STEP][PASSED] - delay: Delayed 5 second(s)

2018-12-12 12:24:58 - [MESSAGE][PASSED] - Delayed 5 second(s)

2018-12-12 12:24:58 - [TEST_STEP][PASSED] - mouseOver: Object: 'Object Repository/Final Object Repo/Landing Page/WorkFlow Menu' is hovered

2018-12-12 12:24:58 - [MESSAGE][PASSED] - Object: 'Object Repository/Final Object Repo/Landing Page/WorkFlow Menu' is hovered

2018-12-12 12:24:58 - [TEST_STEP][PASSED] - delay: Delayed 2 second(s)

2018-12-12 12:25:00 - [MESSAGE][PASSED] - Delayed 2 second(s)

2018-12-12 12:25:00 - [TEST_STEP][PASSED] - click: Object: 'Object Repository/Final Object Repo/Landing Page/Select to Workflow Listing' is clicked on

2018-12-12 12:25:01 - [MESSAGE][PASSED] - Object: 'Object Repository/Final Object Repo/Landing Page/Select to Workflow Listing' is clicked on

2018-12-12 12:25:01 - [TEST_STEP][PASSED] - delay: Delayed 2 second(s)

2018-12-12 12:25:03 - [MESSAGE][PASSED] - Delayed 2 second(s)

2018-12-12 12:25:03 - [TEST_STEP][PASSED] - click: Object: 'Object Repository/Final Object Repo/WorkFlow Listing Page/Search Information - To Put Ref No' is clicked on

2018-12-12 12:25:03 - [MESSAGE][PASSED] - Object: 'Object Repository/Final Object Repo/WorkFlow Listing Page/Search Information - To Put Ref No' is clicked on

2018-12-12 12:25:03 - [TEST_STEP][PASSED] - delay: Delayed 2 second(s)

2018-12-12 12:25:05 - [MESSAGE][PASSED] - Delayed 2 second(s)

2018-12-12 12:25:05 - [TEST_STEP][PASSED] - callTestCase: Call Test Case 'Test Cases/Final Aug 2018 - PKS Automation/Common/Reference Number Getter' successfully

2018-12-12 12:25:06 - [TEST_CASE][PASSED] - Test Cases/Final Aug 2018 - PKS Automation/Common/Reference Number Getter: Test Cases/Final Aug 2018 - PKS Automation/Common/Reference Number Getter

2018-12-12 12:25:06 - [TEST_STEP][PASSED] - Statement - Try: null

2018-12-12 12:25:06 - [TEST_STEP][PASSED] - Statement - RefNo = new java.io.File(C://Users//Admin//Desktop//PKS//Automation Reference Point//KatalonReference.txt): null

2018-12-12 12:25:06 - [TEST_STEP][PASSED] - Statement - bufferread = new java.io.BufferedReader(new java.io.FileReader(RefNo)): null

2018-12-12 12:25:06 - [TEST_STEP][PASSED] - Statement - readedVal = bufferread.readLine(): null

2018-12-12 12:25:06 - [TEST_STEP][PASSED] - Statement - out.println(CaseReferenceNo): null

2018-12-12 12:25:06 - [TEST_STEP][PASSED] - Statement - out.println(readedVal): null

2018-12-12 12:25:06 - [TEST_STEP][PASSED] - Statement - CaseReferenceNo = "": null

2018-12-12 12:25:06 - [TEST_STEP][PASSED] - Statement - CaseReferenceNo = readedVal: null

2018-12-12 12:25:06 - [MESSAGE][PASSED] - Call Test Case 'Test Cases/Final Aug 2018 - PKS Automation/Common/Reference Number Getter' successfully

2018-12-12 12:25:06 - [TEST_STEP][PASSED] - setText: Text 'SSN12201800001187' is set on object 'Object Repository/Final Object Repo/WorkFlow Listing Page/Ref No Set Text'

2018-12-12 12:25:06 - [MESSAGE][PASSED] - Text 'SSN12201800001187' is set on object 'Object Repository/Final Object Repo/WorkFlow Listing Page/Ref No Set Text'

2018-12-12 12:25:06 - [TEST_STEP][PASSED] - delay: Delayed 2 second(s)

2018-12-12 12:25:08 - [MESSAGE][PASSED] - Delayed 2 second(s)

2018-12-12 12:25:08 - [TEST_STEP][PASSED] - click: Object: 'Object Repository/Final Object Repo/WorkFlow Listing Page/Search Ref No Search Button' is clicked on

2018-12-12 12:25:08 - [MESSAGE][PASSED] - Object: 'Object Repository/Final Object Repo/WorkFlow Listing Page/Search Ref No Search Button' is clicked on

2018-12-12 12:25:08 - [TEST_STEP][PASSED] - delay: Delayed 6 second(s)

2018-12-12 12:25:14 - [MESSAGE][PASSED] - Delayed 6 second(s)

2018-12-12 12:25:14 - [TEST_STEP][PASSED] - click: Object: 'Object Repository/Final Object Repo/WorkFlow Listing Page/Click Continue Tooltip' is clicked on

2018-12-12 12:25:15 - [MESSAGE][PASSED] - Object: 'Object Repository/Final Object Repo/WorkFlow Listing Page/Click Continue Tooltip' is clicked on

2018-12-12 12:25:15 - [TEST_STEP][PASSED] - delay: Delayed 5 second(s)

2018-12-12 12:25:20 - [MESSAGE][PASSED] - Delayed 5 second(s)

2018-12-12 12:25:20 - [TEST_STEP][PASSED] - doubleClick: Object: 'Object Repository/Final Object Repo/WorkFlow Listing Page/Workflow Found - Listing 1' is double clicked on

2018-12-12 12:25:21 - [MESSAGE][PASSED] - Object: 'Object Repository/Final Object Repo/WorkFlow Listing Page/Workflow Found - Listing 1' is double clicked on

2018-12-12 12:25:21 - [TEST_STEP][PASSED] - Statement - println(OwnerID): null

2018-12-12 12:25:21 - [TEST_STEP][PASSED] - Statement - OwnerID = com.kms.katalon.core.webui.keyword.WebUiBuiltInKeywords.getText(com.kms.katalon.core.testobject.ObjectRepository.findTestObject(Final Object Repo/WorkFlow Listing Page/Workflow Found - Listing 1), STOP_ON_FAILURE): Text of object 'Object Repository/Final Object Repo/WorkFlow Listing Page/Workflow Found - Listing 1' is: 'JOHORrio2'

2018-12-12 12:25:21 - [MESSAGE][PASSED] - Text of object 'Object Repository/Final Object Repo/WorkFlow Listing Page/Workflow Found - Listing 1' is: 'JOHORrio2'

2018-12-12 12:25:21 - [TEST_STEP][PASSED] - Statement - OwnerID = OwnerID.toLowerCase() + "@gmail.com": null

2018-12-12 12:25:21 - [TEST_STEP][PASSED] - Statement - println(OwnerID): null

2018-12-12 12:25:21 - [TEST_STEP][PASSED] - delay: Delayed 2 second(s)

2018-12-12 12:25:23 - [MESSAGE][PASSED] - Delayed 2 second(s)

2018-12-12 12:25:23 - [MESSAGE][PASSED] - Call Test Case 'Test Cases/Final Aug 2018 - PKS Automation/Common/Workflow Owner Finder' successfully

2018-12-12 12:25:23 - [TEST_STEP][PASSED] - delay: Delayed 2 second(s)

2018-12-12 12:25:25 - [MESSAGE][PASSED] - Delayed 2 second(s)

2018-12-12 12:25:25 - [TEST_STEP][PASSED] - navigateToUrl: Navigate to 'https://assist2-uat.perkeso.gov.my/c/portal/logout' successfully

2018-12-12 12:25:25 - [MESSAGE][PASSED] - Navigate to 'https://assist2-uat.perkeso.gov.my/c/portal/logout' successfully

2018-12-12 12:25:25 - [TEST_STEP][PASSED] - delay: Delayed 2 second(s)

2018-12-12 12:25:27 - [MESSAGE][PASSED] - Delayed 2 second(s)

2018-12-12 12:25:27 - [TEST_STEP][PASSED] - callTestCase: Call Test Case 'Test Cases/Final Aug 2018 - PKS Automation/Registration Module/Workflow/Login and Search Case For Workflow' successfully

2018-12-12 12:25:28 - [TEST_CASE][PASSED] - Test Cases/Final Aug 2018 - PKS Automation/Registration Module/Workflow/Login and Search Case For Workflow: Test Cases/Final Aug 2018 - PKS Automation/Registration Module/Workflow/Login and Search Case For Workflow

2018-12-12 12:25:28 - [TEST_STEP][PASSED] - navigateToUrl: Navigate to 'https://assist2-uat.perkeso.gov.my/login' successfully

2018-12-12 12:25:28 - [MESSAGE][PASSED] - Navigate to 'https://assist2-uat.perkeso.gov.my/login' successfully

2018-12-12 12:25:28 - [TEST_STEP][PASSED] - setText: Text 'johorrio2@gmail.com' is set on object 'Object Repository/Final Object Repo/Login Page/Internal User/Email Address'

2018-12-12 12:25:29 - [MESSAGE][PASSED] - Text 'johorrio2@gmail.com' is set on object 'Object Repository/Final Object Repo/Login Page/Internal User/Email Address'

2018-12-12 12:25:29 - [TEST_STEP][PASSED] - click: Object: 'Object Repository/Final Object Repo/Login Page/Internal User/Next Button' is clicked on

2018-12-12 12:25:29 - [MESSAGE][PASSED] - Object: 'Object Repository/Final Object Repo/Login Page/Internal User/Next Button' is clicked on

2018-12-12 12:25:29 - [TEST_STEP][PASSED] - delay: Delayed 1 second(s)

2018-12-12 12:25:30 - [MESSAGE][PASSED] - Delayed 1 second(s)

2018-12-12 12:25:30 - [TEST_STEP][PASSED] - setEncryptedText: Text ****** has been set on object 'Object Repository/Final Object Repo/Login Page/Internal User/Password'

2018-12-12 12:25:30 - [MESSAGE][PASSED] - Text ****** has been set on object 'Object Repository/Final Object Repo/Login Page/Internal User/Password'

2018-12-12 12:25:30 - [TEST_STEP][PASSED] - click: Object: 'Object Repository/Final Object Repo/Login Page/Internal User/Login Button' is clicked on

2018-12-12 12:25:30 - [MESSAGE][PASSED] - Object: 'Object Repository/Final Object Repo/Login Page/Internal User/Login Button' is clicked on

2018-12-12 12:25:30 - [TEST_STEP][PASSED] - delay: Delayed 2 second(s)

2018-12-12 12:25:32 - [MESSAGE][PASSED] - Delayed 2 second(s)

2018-12-12 12:25:32 - [TEST_STEP][PASSED] - Statement - Try: Delayed 2 second(s)

2018-12-12 12:25:32 - [TEST_STEP][PASSED] - Statement - Checker = false: null

2018-12-12 12:25:32 - [TEST_STEP][PASSED] - Statement - Checker = com.kms.katalon.core.webui.keyword.WebUiBuiltInKeywords.verifyElementHasAttribute(com.kms.katalon.core.testobject.ObjectRepository.findTestObject(Final Object Repo/Landing Page/BM Detecting), "href", 20, OPTIONAL): Object 'Object Repository/Final Object Repo/Landing Page/BM Detecting' has attribute 'href'

2018-12-12 12:25:32 - [MESSAGE][PASSED] - Object 'Object Repository/Final Object Repo/Landing Page/BM Detecting' has attribute 'href'

2018-12-12 12:25:32 - [TEST_STEP][PASSED] - Statement - out.println(Checker): null

2018-12-12 12:25:32 - [TEST_STEP][PASSED] - Statement - If (Checker == false): null

2018-12-12 12:25:32 - [TEST_STEP][PASSED] - Statement - Else: null

2018-12-12 12:25:32 - [TEST_STEP][PASSED] - delay: Delayed 2 second(s)

2018-12-12 12:25:34 - [MESSAGE][PASSED] - Delayed 2 second(s)

2018-12-12 12:25:34 - [TEST_STEP][PASSED] - click: Object: 'Object Repository/Final Object Repo/Page_MyASSIST - ASSIST - Search Pending Case For Add Supporting Document/Search Information' is clicked on

2018-12-12 12:25:35 - [MESSAGE][PASSED] - Object: 'Object Repository/Final Object Repo/Page_MyASSIST - ASSIST - Search Pending Case For Add Supporting Document/Search Information' is clicked on

2018-12-12 12:25:35 - [TEST_STEP][PASSED] - delay: Delayed 3 second(s)

2018-12-12 12:25:38 - [MESSAGE][PASSED] - Delayed 3 second(s)

2018-12-12 12:25:38 - [TEST_STEP][PASSED] - sendKeys: Keys 'SSN12201800001187' sent to object: 'Object Repository/Final Object Repo/Page_MyASSIST - ASSIST - Search Pending Case For Add Supporting Document/Reference No'

2018-12-12 12:25:38 - [MESSAGE][PASSED] - Keys 'SSN12201800001187' sent to object: 'Object Repository/Final Object Repo/Page_MyASSIST - ASSIST - Search Pending Case For Add Supporting Document/Reference No'

2018-12-12 12:25:38 - [TEST_STEP][PASSED] - click: Object: 'Object Repository/Final Object Repo/Page_MyASSIST - ASSIST - Search Pending Case For Add Supporting Document/Search Reference No' is clicked on

2018-12-12 12:25:38 - [MESSAGE][PASSED] - Object: 'Object Repository/Final Object Repo/Page_MyASSIST - ASSIST - Search Pending Case For Add Supporting Document/Search Reference No' is clicked on

2018-12-12 12:25:38 - [TEST_STEP][PASSED] - delay: Delayed 2 second(s)

2018-12-12 12:25:40 - [MESSAGE][PASSED] - Delayed 2 second(s)

2018-12-12 12:25:40 - [TEST_STEP][PASSED] - click: Object: 'Object Repository/Final Object Repo/Page_MyASSIST - ASSIST - Search Pending Case For Add Supporting Document/Continue' is clicked on

2018-12-12 12:25:47 - [MESSAGE][PASSED] - Object: 'Object Repository/Final Object Repo/Page_MyASSIST - ASSIST - Search Pending Case For Add Supporting Document/Continue' is clicked on

2018-12-12 12:25:47 - [TEST_STEP][PASSED] - delay: Delayed 20 second(s)

2018-12-12 12:26:07 - [MESSAGE][PASSED] - Delayed 20 second(s)

2018-12-12 12:26:07 - [MESSAGE][PASSED] - Call Test Case 'Test Cases/Final Aug 2018 - PKS Automation/Registration Module/Workflow/Login and Search Case For Workflow' successfully

2018-12-12 12:26:07 - [TEST_STEP][PASSED] - callTestCase: Call Test Case 'Test Cases/Final Aug 2018 - PKS Automation/Registration Module/Workflow/Request SSN/Template/Request SSN - RIO' successfully

2018-12-12 12:26:07 - [TEST_CASE][PASSED] - Test Cases/Final Aug 2018 - PKS Automation/Registration Module/Workflow/Request SSN/Template/Request SSN - RIO: Test Cases/Final Aug 2018 - PKS Automation/Registration Module/Workflow/Request SSN/Template/Request SSN - RIO

2018-12-12 12:26:08 - [TEST_STEP][NOT_RUN] - openBrowser: NOT_RUN: openBrowser

2018-12-12 12:26:08 - [MESSAGE][NOT_RUN] - NOT_RUN: openBrowser

2018-12-12 12:26:08 - [TEST_STEP][NOT_RUN] - navigateToUrl: NOT_RUN: navigateToUrl

2018-12-12 12:26:08 - [MESSAGE][NOT_RUN] - NOT_RUN: navigateToUrl

2018-12-12 12:26:08 - [TEST_STEP][NOT_RUN] - setText: NOT_RUN: setText

2018-12-12 12:26:08 - [MESSAGE][NOT_RUN] - NOT_RUN: setText

2018-12-12 12:26:08 - [TEST_STEP][NOT_RUN] - click: NOT_RUN: click

2018-12-12 12:26:08 - [MESSAGE][NOT_RUN] - NOT_RUN: click

2018-12-12 12:26:08 - [TEST_STEP][NOT_RUN] - delay: NOT_RUN: delay

2018-12-12 12:26:08 - [MESSAGE][NOT_RUN] - NOT_RUN: delay

2018-12-12 12:26:08 - [TEST_STEP][NOT_RUN] - setEncryptedText: NOT_RUN: setEncryptedText

2018-12-12 12:26:08 - [MESSAGE][NOT_RUN] - NOT_RUN: setEncryptedText

2018-12-12 12:26:08 - [TEST_STEP][NOT_RUN] - click: NOT_RUN: click

2018-12-12 12:26:08 - [MESSAGE][NOT_RUN] - NOT_RUN: click

2018-12-12 12:26:08 - [TEST_STEP][NOT_RUN] - delay: NOT_RUN: delay

2018-12-12 12:26:08 - [MESSAGE][NOT_RUN] - NOT_RUN: delay

2018-12-12 12:26:08 - [TEST_STEP][NOT_RUN] - click: NOT_RUN: click

2018-12-12 12:26:08 - [MESSAGE][NOT_RUN] - NOT_RUN: click

2018-12-12 12:26:08 - [TEST_STEP][NOT_RUN] - sendKeys: NOT_RUN: sendKeys

2018-12-12 12:26:08 - [MESSAGE][NOT_RUN] - NOT_RUN: sendKeys

2018-12-12 12:26:08 - [TEST_STEP][NOT_RUN] - click: NOT_RUN: click

2018-12-12 12:26:08 - [MESSAGE][NOT_RUN] - NOT_RUN: click

2018-12-12 12:26:08 - [TEST_STEP][NOT_RUN] - delay: NOT_RUN: delay

2018-12-12 12:26:08 - [MESSAGE][NOT_RUN] - NOT_RUN: delay

2018-12-12 12:26:08 - [TEST_STEP][NOT_RUN] - click: NOT_RUN: click

2018-12-12 12:26:08 - [MESSAGE][NOT_RUN] - NOT_RUN: click

2018-12-12 12:26:08 - [TEST_STEP][PASSED] - delay: Delayed 2 second(s)

2018-12-12 12:26:10 - [MESSAGE][PASSED] - Delayed 2 second(s)

2018-12-12 12:26:10 - [TEST_STEP][PASSED] - click: Object: 'Object Repository/Final Object Repo/Page_Request SSN - ASSIST/Page_Request SSN - ASSIST - RIO/Recommend For SSN' is clicked on

2018-12-12 12:26:10 - [MESSAGE][PASSED] - Object: 'Object Repository/Final Object Repo/Page_Request SSN - ASSIST/Page_Request SSN - ASSIST - RIO/Recommend For SSN' is clicked on

2018-12-12 12:26:10 - [TEST_STEP][PASSED] - click: Object: 'Object Repository/Final Object Repo/Page_Request SSN - ASSIST/Page_Request SSN - ASSIST - RIO/Recommend For SSN  - Yes' is clicked on

2018-12-12 12:26:10 - [MESSAGE][PASSED] - Object: 'Object Repository/Final Object Repo/Page_Request SSN - ASSIST/Page_Request SSN - ASSIST - RIO/Recommend For SSN  - Yes' is clicked on

2018-12-12 12:26:10 - [TEST_STEP][PASSED] - delay: Delayed 2 second(s)

2018-12-12 12:26:12 - [MESSAGE][PASSED] - Delayed 2 second(s)

2018-12-12 12:26:12 - [TEST_STEP][PASSED] - click: Object: 'Object Repository/Final Object Repo/Page_Request SSN - ASSIST/Page_Request SSN - ASSIST - RIO/Save  Continue in SSN page' is clicked on

2018-12-12 12:26:12 - [MESSAGE][PASSED] - Object: 'Object Repository/Final Object Repo/Page_Request SSN - ASSIST/Page_Request SSN - ASSIST - RIO/Save  Continue in SSN page' is clicked on

2018-12-12 12:26:12 - [TEST_STEP][PASSED] - delay: Delayed 2 second(s)

2018-12-12 12:26:14 - [MESSAGE][PASSED] - Delayed 2 second(s)

2018-12-12 12:26:14 - [TEST_STEP][PASSED] - click: Object: 'Object Repository/Final Object Repo/Page_Request SSN - ASSIST/Page_Request SSN - ASSIST - RIO/Save  Continue in Upload Document Page' is clicked on

2018-12-12 12:26:17 - [MESSAGE][PASSED] - Object: 'Object Repository/Final Object Repo/Page_Request SSN - ASSIST/Page_Request SSN - ASSIST - RIO/Save  Continue in Upload Document Page' is clicked on

2018-12-12 12:26:17 - [TEST_STEP][PASSED] - delay: Delayed 2 second(s)

2018-12-12 12:26:19 - [MESSAGE][PASSED] - Delayed 2 second(s)

2018-12-12 12:26:19 - [TEST_STEP][PASSED] - click: Object: 'Object Repository/Final Object Repo/Page_Request SSN - ASSIST/Page_Request SSN - ASSIST - RIO/Submit' is clicked on

2018-12-12 12:26:21 - [MESSAGE][PASSED] - Object: 'Object Repository/Final Object Repo/Page_Request SSN - ASSIST/Page_Request SSN - ASSIST - RIO/Submit' is clicked on

2018-12-12 12:26:21 - [TEST_STEP][PASSED] - delay: Delayed 2 second(s)

2018-12-12 12:26:23 - [MESSAGE][PASSED] - Delayed 2 second(s)

2018-12-12 12:26:23 - [TEST_STEP][PASSED] - click: Object: 'Object Repository/Final Object Repo/Page_Request SSN - ASSIST/Page_Request SSN - ASSIST - RIO/Confirm' is clicked on

2018-12-12 12:26:23 - [MESSAGE][PASSED] - Object: 'Object Repository/Final Object Repo/Page_Request SSN - ASSIST/Page_Request SSN - ASSIST - RIO/Confirm' is clicked on

2018-12-12 12:26:23 - [MESSAGE][PASSED] - Call Test Case 'Test Cases/Final Aug 2018 - PKS Automation/Registration Module/Workflow/Request SSN/Template/Request SSN - RIO' successfully

2018-12-12 12:26:23 - [TEST_STEP][PASSED] - delay: Delayed 2 second(s)

2018-12-12 12:26:25 - [MESSAGE][PASSED] - Delayed 2 second(s)

2018-12-12 12:26:25 - [TEST_STEP][PASSED] - navigateToUrl: Navigate to 'https://assist2-uat.perkeso.gov.my/c/portal/logout' successfully

2018-12-12 12:26:30 - [MESSAGE][PASSED] - Navigate to 'https://assist2-uat.perkeso.gov.my/c/portal/logout' successfully

2018-12-12 12:26:30 - [TEST_STEP][PASSED] - delay: Delayed 2 second(s)

2018-12-12 12:26:32 - [MESSAGE][PASSED] - Delayed 2 second(s)

2018-12-12 12:26:32 - [TEST_STEP][PASSED] - callTestCase: Call Test Case 'Test Cases/Final Aug 2018 - PKS Automation/Common/Workflow Owner Finder' successfully

2018-12-12 12:26:32 - [TEST_CASE][PASSED] - Test Cases/Final Aug 2018 - PKS Automation/Common/Workflow Owner Finder: Test Cases/Final Aug 2018 - PKS Automation/Common/Workflow Owner Finder

2018-12-12 12:26:32 - [TEST_STEP][PASSED] - openBrowser: Browser is opened with url: ''

2018-12-12 12:26:32 - [MESSAGE][WARNING] - A browser is already opened. Closing browser and opening a new one

2018-12-12 12:26:36 - [MESSAGE][PASSED] - Browser is opened with url: ''

2018-12-12 12:26:36 - [TEST_STEP][PASSED] - navigateToUrl: Navigate to 'https://assist2-uat.perkeso.gov.my/login' successfully

2018-12-12 12:26:37 - [MESSAGE][PASSED] - Navigate to 'https://assist2-uat.perkeso.gov.my/login' successfully

2018-12-12 12:26:37 - [TEST_STEP][PASSED] - delay: Delayed 5 second(s)

2018-12-12 12:26:42 - [MESSAGE][PASSED] - Delayed 5 second(s)

2018-12-12 12:26:42 - [TEST_STEP][PASSED] - setText: Text 'test@liferay.com' is set on object 'Object Repository/Final Object Repo/Login Page/Internal User/Email Address'

2018-12-12 12:26:42 - [MESSAGE][PASSED] - Text 'test@liferay.com' is set on object 'Object Repository/Final Object Repo/Login Page/Internal User/Email Address'

2018-12-12 12:26:42 - [TEST_STEP][PASSED] - click: Object: 'Object Repository/Final Object Repo/Login Page/Internal User/Next Button' is clicked on

2018-12-12 12:26:43 - [MESSAGE][PASSED] - Object: 'Object Repository/Final Object Repo/Login Page/Internal User/Next Button' is clicked on

2018-12-12 12:26:43 - [TEST_STEP][PASSED] - delay: Delayed 2 second(s)

2018-12-12 12:26:45 - [MESSAGE][PASSED] - Delayed 2 second(s)

2018-12-12 12:26:45 - [TEST_STEP][PASSED] - setText: Text 'test' is set on object 'Object Repository/Final Object Repo/Login Page/Internal User/Password'

2018-12-12 12:26:45 - [MESSAGE][PASSED] - Text 'test' is set on object 'Object Repository/Final Object Repo/Login Page/Internal User/Password'

2018-12-12 12:26:45 - [TEST_STEP][PASSED] - delay: Delayed 2 second(s)

2018-12-12 12:26:47 - [MESSAGE][PASSED] - Delayed 2 second(s)

2018-12-12 12:26:47 - [TEST_STEP][PASSED] - click: Object: 'Object Repository/Final Object Repo/Login Page/Internal User/Login Button' is clicked on

2018-12-12 12:26:47 - [MESSAGE][PASSED] - Object: 'Object Repository/Final Object Repo/Login Page/Internal User/Login Button' is clicked on

2018-12-12 12:26:47 - [TEST_STEP][PASSED] - Statement - tester = com.kms.katalon.core.testobject.ObjectRepository.findTestObject(Final Object Repo/Landing Page/Select to English): Finding Test Object with id 'Object Repository/Final Object Repo/Landing Page/Select to English'

2018-12-12 12:26:47 - [TEST_STEP][PASSED] - Statement - Try: Delayed 2 second(s)

2018-12-12 12:26:47 - [TEST_STEP][PASSED] - Statement - Checker = com.kms.katalon.core.webui.keyword.WebUiBuiltInKeywords.verifyElementNotPresent(tester, 3): Web element with id: 'Object Repository/Final Object Repo/Landing Page/Select to English' located by 'By.xpath: //a[@class = 'taglib-language-list-text' and @lang = 'en-US' and (contains(text(), 'EN') or contains(., 'EN'))]' is not present after '3' second(s)

2018-12-12 12:26:49 - [MESSAGE][PASSED] - Web element with id: 'Object Repository/Final Object Repo/Landing Page/Select to English' located by 'By.xpath: //a[@class = 'taglib-language-list-text' and @lang = 'en-US' and (contains(text(), 'EN') or contains(., 'EN'))]' is not present after '3' second(s)

2018-12-12 12:26:49 - [TEST_STEP][PASSED] - Statement - If (Checker == false): null

2018-12-12 12:26:49 - [TEST_STEP][PASSED] - delay: Delayed 2 second(s)

2018-12-12 12:26:51 - [MESSAGE][PASSED] - Delayed 2 second(s)

2018-12-12 12:26:51 - [TEST_STEP][PASSED] - delay: Delayed 5 second(s)

2018-12-12 12:26:56 - [MESSAGE][PASSED] - Delayed 5 second(s)

2018-12-12 12:26:56 - [TEST_STEP][PASSED] - mouseOver: Object: 'Object Repository/Final Object Repo/Landing Page/WorkFlow Menu' is hovered

2018-12-12 12:26:56 - [MESSAGE][PASSED] - Object: 'Object Repository/Final Object Repo/Landing Page/WorkFlow Menu' is hovered

2018-12-12 12:26:56 - [TEST_STEP][PASSED] - delay: Delayed 2 second(s)

2018-12-12 12:26:58 - [MESSAGE][PASSED] - Delayed 2 second(s)

2018-12-12 12:26:58 - [TEST_STEP][PASSED] - click: Object: 'Object Repository/Final Object Repo/Landing Page/Select to Workflow Listing' is clicked on

2018-12-12 12:26:59 - [MESSAGE][PASSED] - Object: 'Object Repository/Final Object Repo/Landing Page/Select to Workflow Listing' is clicked on

2018-12-12 12:26:59 - [TEST_STEP][PASSED] - delay: Delayed 2 second(s)

2018-12-12 12:27:01 - [MESSAGE][PASSED] - Delayed 2 second(s)

2018-12-12 12:27:01 - [TEST_STEP][PASSED] - click: Object: 'Object Repository/Final Object Repo/WorkFlow Listing Page/Search Information - To Put Ref No' is clicked on

2018-12-12 12:27:01 - [MESSAGE][PASSED] - Object: 'Object Repository/Final Object Repo/WorkFlow Listing Page/Search Information - To Put Ref No' is clicked on

2018-12-12 12:27:01 - [TEST_STEP][PASSED] - delay: Delayed 2 second(s)

2018-12-12 12:27:03 - [MESSAGE][PASSED] - Delayed 2 second(s)

2018-12-12 12:27:03 - [TEST_STEP][PASSED] - callTestCase: Call Test Case 'Test Cases/Final Aug 2018 - PKS Automation/Common/Reference Number Getter' successfully

2018-12-12 12:27:03 - [TEST_CASE][PASSED] - Test Cases/Final Aug 2018 - PKS Automation/Common/Reference Number Getter: Test Cases/Final Aug 2018 - PKS Automation/Common/Reference Number Getter

2018-12-12 12:27:03 - [TEST_STEP][PASSED] - Statement - Try: null

2018-12-12 12:27:03 - [TEST_STEP][PASSED] - Statement - RefNo = new java.io.File(C://Users//Admin//Desktop//PKS//Automation Reference Point//KatalonReference.txt): null

2018-12-12 12:27:03 - [TEST_STEP][PASSED] - Statement - bufferread = new java.io.BufferedReader(new java.io.FileReader(RefNo)): null

2018-12-12 12:27:03 - [TEST_STEP][PASSED] - Statement - readedVal = bufferread.readLine(): null

2018-12-12 12:27:03 - [TEST_STEP][PASSED] - Statement - out.println(CaseReferenceNo): null

2018-12-12 12:27:03 - [TEST_STEP][PASSED] - Statement - out.println(readedVal): null

2018-12-12 12:27:03 - [TEST_STEP][PASSED] - Statement - CaseReferenceNo = "": null

2018-12-12 12:27:03 - [TEST_STEP][PASSED] - Statement - CaseReferenceNo = readedVal: null

2018-12-12 12:27:03 - [MESSAGE][PASSED] - Call Test Case 'Test Cases/Final Aug 2018 - PKS Automation/Common/Reference Number Getter' successfully

2018-12-12 12:27:03 - [TEST_STEP][PASSED] - setText: Text 'SSN12201800001187' is set on object 'Object Repository/Final Object Repo/WorkFlow Listing Page/Ref No Set Text'

2018-12-12 12:27:03 - [MESSAGE][PASSED] - Text 'SSN12201800001187' is set on object 'Object Repository/Final Object Repo/WorkFlow Listing Page/Ref No Set Text'

2018-12-12 12:27:03 - [TEST_STEP][PASSED] - delay: Delayed 2 second(s)

2018-12-12 12:27:05 - [MESSAGE][PASSED] - Delayed 2 second(s)

2018-12-12 12:27:05 - [TEST_STEP][PASSED] - click: Object: 'Object Repository/Final Object Repo/WorkFlow Listing Page/Search Ref No Search Button' is clicked on

2018-12-12 12:27:06 - [MESSAGE][PASSED] - Object: 'Object Repository/Final Object Repo/WorkFlow Listing Page/Search Ref No Search Button' is clicked on

2018-12-12 12:27:06 - [TEST_STEP][PASSED] - delay: Delayed 6 second(s)

2018-12-12 12:27:12 - [MESSAGE][PASSED] - Delayed 6 second(s)

2018-12-12 12:27:12 - [TEST_STEP][PASSED] - click: Object: 'Object Repository/Final Object Repo/WorkFlow Listing Page/Click Continue Tooltip' is clicked on

2018-12-12 12:27:13 - [MESSAGE][PASSED] - Object: 'Object Repository/Final Object Repo/WorkFlow Listing Page/Click Continue Tooltip' is clicked on

2018-12-12 12:27:13 - [TEST_STEP][PASSED] - delay: Delayed 5 second(s)

2018-12-12 12:27:18 - [MESSAGE][PASSED] - Delayed 5 second(s)

2018-12-12 12:27:18 - [TEST_STEP][PASSED] - doubleClick: Object: 'Object Repository/Final Object Repo/WorkFlow Listing Page/Workflow Found - Listing 1' is double clicked on

2018-12-12 12:27:18 - [MESSAGE][PASSED] - Object: 'Object Repository/Final Object Repo/WorkFlow Listing Page/Workflow Found - Listing 1' is double clicked on

2018-12-12 12:27:18 - [TEST_STEP][PASSED] - Statement - println(OwnerID): null

2018-12-12 12:27:18 - [TEST_STEP][PASSED] - Statement - OwnerID = com.kms.katalon.core.webui.keyword.WebUiBuiltInKeywords.getText(com.kms.katalon.core.testobject.ObjectRepository.findTestObject(Final Object Repo/WorkFlow Listing Page/Workflow Found - Listing 1), STOP_ON_FAILURE): Text of object 'Object Repository/Final Object Repo/WorkFlow Listing Page/Workflow Found - Listing 1' is: 'JOHORro3'

2018-12-12 12:27:18 - [MESSAGE][PASSED] - Text of object 'Object Repository/Final Object Repo/WorkFlow Listing Page/Workflow Found - Listing 1' is: 'JOHORro3'

2018-12-12 12:27:18 - [TEST_STEP][PASSED] - Statement - OwnerID = OwnerID.toLowerCase() + "@gmail.com": null

2018-12-12 12:27:18 - [TEST_STEP][PASSED] - Statement - println(OwnerID): null

2018-12-12 12:27:18 - [TEST_STEP][PASSED] - delay: Delayed 2 second(s)

2018-12-12 12:27:20 - [MESSAGE][PASSED] - Delayed 2 second(s)

2018-12-12 12:27:20 - [MESSAGE][PASSED] - Call Test Case 'Test Cases/Final Aug 2018 - PKS Automation/Common/Workflow Owner Finder' successfully

2018-12-12 12:27:20 - [TEST_STEP][PASSED] - delay: Delayed 2 second(s)

2018-12-12 12:27:22 - [MESSAGE][PASSED] - Delayed 2 second(s)

2018-12-12 12:27:22 - [TEST_STEP][PASSED] - navigateToUrl: Navigate to 'https://assist2-uat.perkeso.gov.my/c/portal/logout' successfully

2018-12-12 12:27:23 - [MESSAGE][PASSED] - Navigate to 'https://assist2-uat.perkeso.gov.my/c/portal/logout' successfully

2018-12-12 12:27:23 - [TEST_STEP][PASSED] - delay: Delayed 2 second(s)

2018-12-12 12:27:25 - [MESSAGE][PASSED] - Delayed 2 second(s)

2018-12-12 12:27:25 - [TEST_STEP][PASSED] - callTestCase: Call Test Case 'Test Cases/Final Aug 2018 - PKS Automation/Registration Module/Workflow/Login and Search Case For Workflow' successfully

2018-12-12 12:27:25 - [TEST_CASE][PASSED] - Test Cases/Final Aug 2018 - PKS Automation/Registration Module/Workflow/Login and Search Case For Workflow: Test Cases/Final Aug 2018 - PKS Automation/Registration Module/Workflow/Login and Search Case For Workflow

2018-12-12 12:27:25 - [TEST_STEP][PASSED] - navigateToUrl: Navigate to 'https://assist2-uat.perkeso.gov.my/login' successfully

2018-12-12 12:27:25 - [MESSAGE][PASSED] - Navigate to 'https://assist2-uat.perkeso.gov.my/login' successfully

2018-12-12 12:27:25 - [TEST_STEP][PASSED] - setText: Text 'johorro3@gmail.com' is set on object 'Object Repository/Final Object Repo/Login Page/Internal User/Email Address'

2018-12-12 12:27:25 - [MESSAGE][PASSED] - Text 'johorro3@gmail.com' is set on object 'Object Repository/Final Object Repo/Login Page/Internal User/Email Address'

2018-12-12 12:27:25 - [TEST_STEP][PASSED] - click: Object: 'Object Repository/Final Object Repo/Login Page/Internal User/Next Button' is clicked on

2018-12-12 12:27:26 - [MESSAGE][PASSED] - Object: 'Object Repository/Final Object Repo/Login Page/Internal User/Next Button' is clicked on

2018-12-12 12:27:26 - [TEST_STEP][PASSED] - delay: Delayed 1 second(s)

2018-12-12 12:27:27 - [MESSAGE][PASSED] - Delayed 1 second(s)

2018-12-12 12:27:27 - [TEST_STEP][PASSED] - setEncryptedText: Text ****** has been set on object 'Object Repository/Final Object Repo/Login Page/Internal User/Password'

2018-12-12 12:27:27 - [MESSAGE][PASSED] - Text ****** has been set on object 'Object Repository/Final Object Repo/Login Page/Internal User/Password'

2018-12-12 12:27:27 - [TEST_STEP][PASSED] - click: Object: 'Object Repository/Final Object Repo/Login Page/Internal User/Login Button' is clicked on

2018-12-12 12:27:27 - [MESSAGE][PASSED] - Object: 'Object Repository/Final Object Repo/Login Page/Internal User/Login Button' is clicked on

2018-12-12 12:27:27 - [TEST_STEP][PASSED] - delay: Delayed 2 second(s)

2018-12-12 12:27:29 - [MESSAGE][PASSED] - Delayed 2 second(s)

2018-12-12 12:27:29 - [TEST_STEP][PASSED] - Statement - Try: Delayed 2 second(s)

2018-12-12 12:27:29 - [TEST_STEP][PASSED] - Statement - Checker = false: null

2018-12-12 12:27:29 - [TEST_STEP][PASSED] - Statement - Checker = com.kms.katalon.core.webui.keyword.WebUiBuiltInKeywords.verifyElementHasAttribute(com.kms.katalon.core.testobject.ObjectRepository.findTestObject(Final Object Repo/Landing Page/BM Detecting), "href", 20, OPTIONAL): Object 'Object Repository/Final Object Repo/Landing Page/BM Detecting' has attribute 'href'

2018-12-12 12:27:29 - [MESSAGE][PASSED] - Object 'Object Repository/Final Object Repo/Landing Page/BM Detecting' has attribute 'href'

2018-12-12 12:27:29 - [TEST_STEP][PASSED] - Statement - out.println(Checker): null

2018-12-12 12:27:29 - [TEST_STEP][PASSED] - Statement - If (Checker == false): null

2018-12-12 12:27:29 - [TEST_STEP][PASSED] - Statement - Else: null

2018-12-12 12:27:29 - [TEST_STEP][PASSED] - delay: Delayed 2 second(s)

2018-12-12 12:27:31 - [MESSAGE][PASSED] - Delayed 2 second(s)

2018-12-12 12:27:31 - [TEST_STEP][PASSED] - click: Object: 'Object Repository/Final Object Repo/Page_MyASSIST - ASSIST - Search Pending Case For Add Supporting Document/Search Information' is clicked on

2018-12-12 12:27:31 - [MESSAGE][PASSED] - Object: 'Object Repository/Final Object Repo/Page_MyASSIST - ASSIST - Search Pending Case For Add Supporting Document/Search Information' is clicked on

2018-12-12 12:27:31 - [TEST_STEP][PASSED] - delay: Delayed 3 second(s)

2018-12-12 12:27:34 - [MESSAGE][PASSED] - Delayed 3 second(s)

2018-12-12 12:27:34 - [TEST_STEP][PASSED] - sendKeys: Keys 'SSN12201800001187' sent to object: 'Object Repository/Final Object Repo/Page_MyASSIST - ASSIST - Search Pending Case For Add Supporting Document/Reference No'

2018-12-12 12:27:34 - [MESSAGE][PASSED] - Keys 'SSN12201800001187' sent to object: 'Object Repository/Final Object Repo/Page_MyASSIST - ASSIST - Search Pending Case For Add Supporting Document/Reference No'

2018-12-12 12:27:34 - [TEST_STEP][PASSED] - click: Object: 'Object Repository/Final Object Repo/Page_MyASSIST - ASSIST - Search Pending Case For Add Supporting Document/Search Reference No' is clicked on

2018-12-12 12:27:35 - [MESSAGE][PASSED] - Object: 'Object Repository/Final Object Repo/Page_MyASSIST - ASSIST - Search Pending Case For Add Supporting Document/Search Reference No' is clicked on

2018-12-12 12:27:35 - [TEST_STEP][PASSED] - delay: Delayed 2 second(s)

2018-12-12 12:27:37 - [MESSAGE][PASSED] - Delayed 2 second(s)

2018-12-12 12:27:37 - [TEST_STEP][PASSED] - click: Object: 'Object Repository/Final Object Repo/Page_MyASSIST - ASSIST - Search Pending Case For Add Supporting Document/Continue' is clicked on

2018-12-12 12:27:44 - [MESSAGE][PASSED] - Object: 'Object Repository/Final Object Repo/Page_MyASSIST - ASSIST - Search Pending Case For Add Supporting Document/Continue' is clicked on

2018-12-12 12:27:44 - [TEST_STEP][PASSED] - delay: Delayed 20 second(s)

2018-12-12 12:28:04 - [MESSAGE][PASSED] - Delayed 20 second(s)

2018-12-12 12:28:04 - [MESSAGE][PASSED] - Call Test Case 'Test Cases/Final Aug 2018 - PKS Automation/Registration Module/Workflow/Login and Search Case For Workflow' successfully

2018-12-12 12:28:04 - [TEST_STEP][PASSED] - callTestCase: Call Test Case 'Test Cases/Final Aug 2018 - PKS Automation/Registration Module/Workflow/Request SSN/Template/Request SSN - RO (Approve)' successfully

2018-12-12 12:28:04 - [TEST_CASE][PASSED] - Test Cases/Final Aug 2018 - PKS Automation/Registration Module/Workflow/Request SSN/Template/Request SSN - RO (Approve): Test Cases/Final Aug 2018 - PKS Automation/Registration Module/Workflow/Request SSN/Template/Request SSN - RO (Approve)

2018-12-12 12:28:04 - [TEST_STEP][NOT_RUN] - openBrowser: NOT_RUN: openBrowser

2018-12-12 12:28:04 - [MESSAGE][NOT_RUN] - NOT_RUN: openBrowser

2018-12-12 12:28:04 - [TEST_STEP][NOT_RUN] - navigateToUrl: NOT_RUN: navigateToUrl

2018-12-12 12:28:04 - [MESSAGE][NOT_RUN] - NOT_RUN: navigateToUrl

2018-12-12 12:28:04 - [TEST_STEP][NOT_RUN] - setText: NOT_RUN: setText

2018-12-12 12:28:04 - [MESSAGE][NOT_RUN] - NOT_RUN: setText

2018-12-12 12:28:04 - [TEST_STEP][NOT_RUN] - click: NOT_RUN: click

2018-12-12 12:28:04 - [MESSAGE][NOT_RUN] - NOT_RUN: click

2018-12-12 12:28:04 - [TEST_STEP][NOT_RUN] - delay: NOT_RUN: delay

2018-12-12 12:28:04 - [MESSAGE][NOT_RUN] - NOT_RUN: delay

2018-12-12 12:28:04 - [TEST_STEP][NOT_RUN] - setEncryptedText: NOT_RUN: setEncryptedText

2018-12-12 12:28:04 - [MESSAGE][NOT_RUN] - NOT_RUN: setEncryptedText

2018-12-12 12:28:04 - [TEST_STEP][NOT_RUN] - click: NOT_RUN: click

2018-12-12 12:28:04 - [MESSAGE][NOT_RUN] - NOT_RUN: click

2018-12-12 12:28:04 - [TEST_STEP][NOT_RUN] - delay: NOT_RUN: delay

2018-12-12 12:28:04 - [MESSAGE][NOT_RUN] - NOT_RUN: delay

2018-12-12 12:28:04 - [TEST_STEP][NOT_RUN] - click: NOT_RUN: click

2018-12-12 12:28:04 - [MESSAGE][NOT_RUN] - NOT_RUN: click

2018-12-12 12:28:04 - [TEST_STEP][NOT_RUN] - delay: NOT_RUN: delay

2018-12-12 12:28:04 - [MESSAGE][NOT_RUN] - NOT_RUN: delay

2018-12-12 12:28:04 - [TEST_STEP][NOT_RUN] - sendKeys: NOT_RUN: sendKeys

2018-12-12 12:28:04 - [MESSAGE][NOT_RUN] - NOT_RUN: sendKeys

2018-12-12 12:28:04 - [TEST_STEP][NOT_RUN] - click: NOT_RUN: click

2018-12-12 12:28:04 - [MESSAGE][NOT_RUN] - NOT_RUN: click

2018-12-12 12:28:04 - [TEST_STEP][NOT_RUN] - delay: NOT_RUN: delay

2018-12-12 12:28:04 - [MESSAGE][NOT_RUN] - NOT_RUN: delay

2018-12-12 12:28:04 - [TEST_STEP][NOT_RUN] - click: NOT_RUN: click

2018-12-12 12:28:04 - [MESSAGE][NOT_RUN] - NOT_RUN: click

2018-12-12 12:28:04 - [TEST_STEP][PASSED] - click: Object: 'Object Repository/Final Object Repo/Page_Request SSN - ASSIST/Page_Request SSN - ASSIST - RO/Approval For SSN' is clicked on

2018-12-12 12:28:05 - [MESSAGE][PASSED] - Object: 'Object Repository/Final Object Repo/Page_Request SSN - ASSIST/Page_Request SSN - ASSIST - RO/Approval For SSN' is clicked on

2018-12-12 12:28:05 - [TEST_STEP][PASSED] - click: Object: 'Object Repository/Final Object Repo/Page_Request SSN - ASSIST/Page_Request SSN - ASSIST - RO/Approval For SSN - Approve' is clicked on

2018-12-12 12:28:05 - [MESSAGE][PASSED] - Object: 'Object Repository/Final Object Repo/Page_Request SSN - ASSIST/Page_Request SSN - ASSIST - RO/Approval For SSN - Approve' is clicked on

2018-12-12 12:28:05 - [TEST_STEP][PASSED] - delay: Delayed 2 second(s)

2018-12-12 12:28:07 - [MESSAGE][PASSED] - Delayed 2 second(s)

2018-12-12 12:28:07 - [TEST_STEP][PASSED] - click: Object: 'Object Repository/Final Object Repo/Page_Request SSN - ASSIST/Page_Request SSN - ASSIST - RO/Save  Continue in SSN Page' is clicked on

2018-12-12 12:28:07 - [MESSAGE][PASSED] - Object: 'Object Repository/Final Object Repo/Page_Request SSN - ASSIST/Page_Request SSN - ASSIST - RO/Save  Continue in SSN Page' is clicked on

2018-12-12 12:28:07 - [TEST_STEP][PASSED] - delay: Delayed 2 second(s)

2018-12-12 12:28:09 - [MESSAGE][PASSED] - Delayed 2 second(s)

2018-12-12 12:28:09 - [TEST_STEP][PASSED] - click: Object: 'Object Repository/Final Object Repo/Page_Request SSN - ASSIST/Page_Request SSN - ASSIST - RO/Save  Continue in Uploading Document Page' is clicked on

2018-12-12 12:28:12 - [MESSAGE][PASSED] - Object: 'Object Repository/Final Object Repo/Page_Request SSN - ASSIST/Page_Request SSN - ASSIST - RO/Save  Continue in Uploading Document Page' is clicked on

2018-12-12 12:28:12 - [TEST_STEP][PASSED] - delay: Delayed 2 second(s)

2018-12-12 12:28:14 - [MESSAGE][PASSED] - Delayed 2 second(s)

2018-12-12 12:28:14 - [TEST_STEP][PASSED] - click: Object: 'Object Repository/Final Object Repo/Page_Request SSN - ASSIST/Page_Request SSN - ASSIST - RO/Submit' is clicked on

2018-12-12 12:28:16 - [MESSAGE][PASSED] - Object: 'Object Repository/Final Object Repo/Page_Request SSN - ASSIST/Page_Request SSN - ASSIST - RO/Submit' is clicked on

2018-12-12 12:28:16 - [TEST_STEP][PASSED] - delay: Delayed 2 second(s)

2018-12-12 12:28:18 - [MESSAGE][PASSED] - Delayed 2 second(s)

2018-12-12 12:28:18 - [TEST_STEP][PASSED] - click: Object: 'Object Repository/Final Object Repo/Page_Request SSN - ASSIST/Page_Request SSN - ASSIST - RO/Confirm' is clicked on

2018-12-12 12:28:18 - [MESSAGE][PASSED] - Object: 'Object Repository/Final Object Repo/Page_Request SSN - ASSIST/Page_Request SSN - ASSIST - RO/Confirm' is clicked on

2018-12-12 12:28:18 - [TEST_STEP][PASSED] - delay: Delayed 2 second(s)

2018-12-12 12:28:20 - [MESSAGE][PASSED] - Delayed 2 second(s)

2018-12-12 12:28:20 - [TEST_STEP][PASSED] - verifyElementVisible: Object 'Object Repository/Final Object Repo/Page_Request SSN - ASSIST/Page_Request SSN - ASSIST - RO/Successfull Message Your application has submitted' is visible

2018-12-12 12:28:26 - [MESSAGE][PASSED] - Object 'Object Repository/Final Object Repo/Page_Request SSN - ASSIST/Page_Request SSN - ASSIST - RO/Successfull Message Your application has submitted' is visible

2018-12-12 12:28:26 - [TEST_STEP][PASSED] - delay: Delayed 2 second(s)

2018-12-12 12:28:28 - [MESSAGE][PASSED] - Delayed 2 second(s)

2018-12-12 12:28:28 - [TEST_STEP][PASSED] - verifyElementVisible: Object 'Object Repository/Final Object Repo/Page_Request SSN - ASSIST/Page_Request SSN - ASSIST - RO/Letter of approval' is visible

2018-12-12 12:28:28 - [MESSAGE][PASSED] - Object 'Object Repository/Final Object Repo/Page_Request SSN - ASSIST/Page_Request SSN - ASSIST - RO/Letter of approval' is visible

2018-12-12 12:28:28 - [MESSAGE][PASSED] - Call Test Case 'Test Cases/Final Aug 2018 - PKS Automation/Registration Module/Workflow/Request SSN/Template/Request SSN - RO (Approve)' successfully

2018-12-12 12:28:28 - [MESSAGE][PASSED] - Call Test Case 'Test Cases/Final Aug 2018 - PKS Automation/Registration Module/Workflow/Request SSN/Template/Request SSN RIO - RO (Approve)' successfully]]></system-out>
         <system-err><![CDATA[]]></system-err>
      </testcase>
      <testcase name="Test Cases/Final Aug 2018 - PKS Automation/Registration Module/Workflow/Request SSN/OTC - RIO - RO (Query)" classname="Test Cases/Final Aug 2018 - PKS Automation/Registration Module/Workflow/Request SSN/OTC - RIO - RO (Query)" status="PASSED">
         <system-out><![CDATA[2018-12-12 12:28:28 - [TEST_CASE][PASSED] - Test Cases/Final Aug 2018 - PKS Automation/Registration Module/Workflow/Request SSN/OTC - RIO - RO (Query): Test Cases/Final Aug 2018 - PKS Automation/Registration Module/Workflow/Request SSN/OTC - RIO - RO (Query)

2018-12-12 12:28:29 - [TEST_STEP][PASSED] - callTestCase: Call Test Case 'Test Cases/Final Aug 2018 - PKS Automation/Registration Module/Workflow/Request SSN/Template/Request SSN - OTC' successfully

2018-12-12 12:28:29 - [TEST_CASE][PASSED] - Test Cases/Final Aug 2018 - PKS Automation/Registration Module/Workflow/Request SSN/Template/Request SSN - OTC: Test Cases/Final Aug 2018 - PKS Automation/Registration Module/Workflow/Request SSN/Template/Request SSN - OTC

2018-12-12 12:28:29 - [TEST_STEP][PASSED] - openBrowser: Browser is opened with url: ''

2018-12-12 12:28:29 - [MESSAGE][WARNING] - A browser is already opened. Closing browser and opening a new one

2018-12-12 12:28:33 - [MESSAGE][PASSED] - Browser is opened with url: ''

2018-12-12 12:28:33 - [TEST_STEP][PASSED] - navigateToUrl: Navigate to 'https://assist2-uat.perkeso.gov.my/login' successfully

2018-12-12 12:28:34 - [MESSAGE][PASSED] - Navigate to 'https://assist2-uat.perkeso.gov.my/login' successfully

2018-12-12 12:28:34 - [TEST_STEP][PASSED] - setText: Text 'johorotc1@gmail.com' is set on object 'Object Repository/Final Object Repo/Login Page/Internal User/Email Address'

2018-12-12 12:28:34 - [MESSAGE][PASSED] - Text 'johorotc1@gmail.com' is set on object 'Object Repository/Final Object Repo/Login Page/Internal User/Email Address'

2018-12-12 12:28:34 - [TEST_STEP][PASSED] - click: Object: 'Object Repository/Final Object Repo/Login Page/Internal User/Next Button' is clicked on

2018-12-12 12:28:35 - [MESSAGE][PASSED] - Object: 'Object Repository/Final Object Repo/Login Page/Internal User/Next Button' is clicked on

2018-12-12 12:28:35 - [TEST_STEP][PASSED] - delay: Delayed 1 second(s)

2018-12-12 12:28:36 - [MESSAGE][PASSED] - Delayed 1 second(s)

2018-12-12 12:28:36 - [TEST_STEP][PASSED] - setEncryptedText: Text ****** has been set on object 'Object Repository/Final Object Repo/Login Page/Internal User/Password'

2018-12-12 12:28:36 - [MESSAGE][PASSED] - Text ****** has been set on object 'Object Repository/Final Object Repo/Login Page/Internal User/Password'

2018-12-12 12:28:36 - [TEST_STEP][PASSED] - click: Object: 'Object Repository/Final Object Repo/Login Page/Internal User/Login Button' is clicked on

2018-12-12 12:28:36 - [MESSAGE][PASSED] - Object: 'Object Repository/Final Object Repo/Login Page/Internal User/Login Button' is clicked on

2018-12-12 12:28:36 - [TEST_STEP][PASSED] - Statement - Try: null

2018-12-12 12:28:36 - [TEST_STEP][PASSED] - Statement - Checker = com.kms.katalon.core.webui.keyword.WebUiBuiltInKeywords.verifyElementNotPresent("Final Object Repo/Landing Page/Select to English", 3): null

2018-12-12 12:28:36 - [TEST_STEP][PASSED] - Statement - Catch (Exception e): null

2018-12-12 12:28:36 - [TEST_STEP][PASSED] - Statement - e.printStackTrace(): null

2018-12-12 12:28:36 - [TEST_STEP][PASSED] - delay: Delayed 5 second(s)

2018-12-12 12:28:41 - [MESSAGE][PASSED] - Delayed 5 second(s)

2018-12-12 12:28:41 - [TEST_STEP][PASSED] - delay: Delayed 1 second(s)

2018-12-12 12:28:42 - [MESSAGE][PASSED] - Delayed 1 second(s)

2018-12-12 12:28:42 - [TEST_STEP][PASSED] - navigateToUrl: Navigate to 'https://assist2-uat.perkeso.gov.my/web/registration/request-ssn' successfully

2018-12-12 12:28:46 - [MESSAGE][PASSED] - Navigate to 'https://assist2-uat.perkeso.gov.my/web/registration/request-ssn' successfully

2018-12-12 12:28:46 - [TEST_STEP][PASSED] - setText: Text 'perkeso' is set on object 'Object Repository/Final Object Repo/Page_Request SSN - ASSIST/AI - Name'

2018-12-12 12:28:47 - [MESSAGE][PASSED] - Text 'perkeso' is set on object 'Object Repository/Final Object Repo/Page_Request SSN - ASSIST/AI - Name'

2018-12-12 12:28:47 - [TEST_STEP][PASSED] - click: Object: 'Object Repository/Final Object Repo/Page_Request SSN - ASSIST/AI - DOB' is clicked on

2018-12-12 12:28:47 - [MESSAGE][PASSED] - Object: 'Object Repository/Final Object Repo/Page_Request SSN - ASSIST/AI - DOB' is clicked on

2018-12-12 12:28:47 - [TEST_STEP][PASSED] - selectOptionByValue: All options with value '1995' are selected in object 'Object Repository/Final Object Repo/Page_Request SSN - ASSIST/AI - DOB - Year' 

2018-12-12 12:28:47 - [MESSAGE][PASSED] - All options with value '1995' are selected in object 'Object Repository/Final Object Repo/Page_Request SSN - ASSIST/AI - DOB - Year' 

2018-12-12 12:28:47 - [TEST_STEP][PASSED] - delay: Delayed 3 second(s)

2018-12-12 12:28:50 - [MESSAGE][PASSED] - Delayed 3 second(s)

2018-12-12 12:28:50 - [TEST_STEP][PASSED] - doubleClick: Object: 'Object Repository/Final Object Repo/Page_Request SSN - ASSIST/AI - DOB - Year - Date' is double clicked on

2018-12-12 12:28:51 - [MESSAGE][PASSED] - Object: 'Object Repository/Final Object Repo/Page_Request SSN - ASSIST/AI - DOB - Year - Date' is double clicked on

2018-12-12 12:28:51 - [TEST_STEP][PASSED] - click: Object: 'Object Repository/Final Object Repo/Page_Request SSN - ASSIST/AI - Male' is clicked on

2018-12-12 12:28:51 - [MESSAGE][PASSED] - Object: 'Object Repository/Final Object Repo/Page_Request SSN - ASSIST/AI - Male' is clicked on

2018-12-12 12:28:51 - [TEST_STEP][PASSED] - click: Object: 'Object Repository/Final Object Repo/Page_Request SSN - ASSIST/AI- Race' is clicked on

2018-12-12 12:28:51 - [MESSAGE][PASSED] - Object: 'Object Repository/Final Object Repo/Page_Request SSN - ASSIST/AI- Race' is clicked on

2018-12-12 12:28:51 - [TEST_STEP][PASSED] - click: Object: 'Object Repository/Final Object Repo/Page_Request SSN - ASSIST/AI - Race - Melayu' is clicked on

2018-12-12 12:28:51 - [MESSAGE][PASSED] - Object: 'Object Repository/Final Object Repo/Page_Request SSN - ASSIST/AI - Race - Melayu' is clicked on

2018-12-12 12:28:51 - [TEST_STEP][PASSED] - click: Object: 'Object Repository/Final Object Repo/Page_Request SSN - ASSIST/AI - Religion' is clicked on

2018-12-12 12:28:51 - [MESSAGE][PASSED] - Object: 'Object Repository/Final Object Repo/Page_Request SSN - ASSIST/AI - Religion' is clicked on

2018-12-12 12:28:51 - [TEST_STEP][PASSED] - click: Object: 'Object Repository/Final Object Repo/Page_Request SSN - ASSIST/AI - Religion - Islam' is clicked on

2018-12-12 12:28:52 - [MESSAGE][PASSED] - Object: 'Object Repository/Final Object Repo/Page_Request SSN - ASSIST/AI - Religion - Islam' is clicked on

2018-12-12 12:28:52 - [TEST_STEP][PASSED] - setText: Text '12345' is set on object 'Object Repository/Final Object Repo/Page_Request SSN - ASSIST/AI - Birth Certificate'

2018-12-12 12:28:52 - [MESSAGE][PASSED] - Text '12345' is set on object 'Object Repository/Final Object Repo/Page_Request SSN - ASSIST/AI - Birth Certificate'

2018-12-12 12:28:52 - [TEST_STEP][PASSED] - click: Object: 'Object Repository/Final Object Repo/Page_Request SSN - ASSIST/AI - Nationality' is clicked on

2018-12-12 12:28:52 - [MESSAGE][PASSED] - Object: 'Object Repository/Final Object Repo/Page_Request SSN - ASSIST/AI - Nationality' is clicked on

2018-12-12 12:28:52 - [TEST_STEP][PASSED] - click: Object: 'Object Repository/Final Object Repo/Page_Request SSN - ASSIST/AI - Nationality - Afghanistan' is clicked on

2018-12-12 12:28:53 - [MESSAGE][PASSED] - Object: 'Object Repository/Final Object Repo/Page_Request SSN - ASSIST/AI - Nationality - Afghanistan' is clicked on

2018-12-12 12:28:53 - [TEST_STEP][PASSED] - setText: Text 'PERKESO ADDRESS1' is set on object 'Object Repository/Final Object Repo/Page_Request SSN - ASSIST/AI - Address1'

2018-12-12 12:28:54 - [MESSAGE][PASSED] - Text 'PERKESO ADDRESS1' is set on object 'Object Repository/Final Object Repo/Page_Request SSN - ASSIST/AI - Address1'

2018-12-12 12:28:54 - [TEST_STEP][PASSED] - setText: Text 'PERKESO ADDRESS2' is set on object 'Object Repository/Final Object Repo/Page_Request SSN - ASSIST/AI - Address2'

2018-12-12 12:28:55 - [MESSAGE][PASSED] - Text 'PERKESO ADDRESS2' is set on object 'Object Repository/Final Object Repo/Page_Request SSN - ASSIST/AI - Address2'

2018-12-12 12:28:55 - [TEST_STEP][PASSED] - setText: Text 'PERKESO ADDRESS3' is set on object 'Object Repository/Final Object Repo/Page_Request SSN - ASSIST/AI - Address3'

2018-12-12 12:28:56 - [MESSAGE][PASSED] - Text 'PERKESO ADDRESS3' is set on object 'Object Repository/Final Object Repo/Page_Request SSN - ASSIST/AI - Address3'

2018-12-12 12:28:56 - [TEST_STEP][PASSED] - click: Object: 'Object Repository/Final Object Repo/Page_Request SSN - ASSIST/AI - State' is clicked on

2018-12-12 12:28:56 - [MESSAGE][PASSED] - Object: 'Object Repository/Final Object Repo/Page_Request SSN - ASSIST/AI - State' is clicked on

2018-12-12 12:28:56 - [TEST_STEP][PASSED] - click: Object: 'Object Repository/Final Object Repo/Page_Request SSN - ASSIST/AI - Current Employer State - Johor' is clicked on

2018-12-12 12:28:57 - [MESSAGE][PASSED] - Object: 'Object Repository/Final Object Repo/Page_Request SSN - ASSIST/AI - Current Employer State - Johor' is clicked on

2018-12-12 12:28:57 - [TEST_STEP][PASSED] - click: Object: 'Object Repository/Final Object Repo/Page_Request SSN - ASSIST/AI - City' is clicked on

2018-12-12 12:28:57 - [MESSAGE][PASSED] - Object: 'Object Repository/Final Object Repo/Page_Request SSN - ASSIST/AI - City' is clicked on

2018-12-12 12:28:57 - [TEST_STEP][PASSED] - setText: Text 'JOH' is set on object 'Object Repository/Final Object Repo/Page_Request SSN - ASSIST/AI - City - JOH'

2018-12-12 12:28:57 - [MESSAGE][PASSED] - Text 'JOH' is set on object 'Object Repository/Final Object Repo/Page_Request SSN - ASSIST/AI - City - JOH'

2018-12-12 12:28:57 - [TEST_STEP][PASSED] - delay: Delayed 3 second(s)

2018-12-12 12:29:00 - [MESSAGE][PASSED] - Delayed 3 second(s)

2018-12-12 12:29:00 - [TEST_STEP][PASSED] - click: Object: 'Object Repository/Final Object Repo/Page_Request SSN - ASSIST/AI - City - Johor Bharu' is clicked on

2018-12-12 12:29:01 - [MESSAGE][PASSED] - Object: 'Object Repository/Final Object Repo/Page_Request SSN - ASSIST/AI - City - Johor Bharu' is clicked on

2018-12-12 12:29:01 - [TEST_STEP][PASSED] - click: Object: 'Object Repository/Final Object Repo/Page_Request SSN - ASSIST/AI - Post Code' is clicked on

2018-12-12 12:29:01 - [MESSAGE][PASSED] - Object: 'Object Repository/Final Object Repo/Page_Request SSN - ASSIST/AI - Post Code' is clicked on

2018-12-12 12:29:01 - [TEST_STEP][PASSED] - setText: Text '810' is set on object 'Object Repository/Final Object Repo/Page_Request SSN - ASSIST/AI - City - JOH'

2018-12-12 12:29:02 - [MESSAGE][PASSED] - Text '810' is set on object 'Object Repository/Final Object Repo/Page_Request SSN - ASSIST/AI - City - JOH'

2018-12-12 12:29:02 - [TEST_STEP][PASSED] - delay: Delayed 3 second(s)

2018-12-12 12:29:05 - [MESSAGE][PASSED] - Delayed 3 second(s)

2018-12-12 12:29:05 - [TEST_STEP][PASSED] - click: Object: 'Object Repository/Final Object Repo/Page_Request SSN - ASSIST/AI - PostCode - 81000' is clicked on

2018-12-12 12:29:05 - [MESSAGE][PASSED] - Object: 'Object Repository/Final Object Repo/Page_Request SSN - ASSIST/AI - PostCode - 81000' is clicked on

2018-12-12 12:29:05 - [TEST_STEP][PASSED] - setText: Text '100' is set on object 'Object Repository/Final Object Repo/Page_Request SSN - ASSIST/P.O.BOX'

2018-12-12 12:29:05 - [MESSAGE][PASSED] - Text '100' is set on object 'Object Repository/Final Object Repo/Page_Request SSN - ASSIST/P.O.BOX'

2018-12-12 12:29:05 - [TEST_STEP][PASSED] - setText: Text '100' is set on object 'Object Repository/Final Object Repo/Page_Request SSN - ASSIST/Locked Bag No'

2018-12-12 12:29:06 - [MESSAGE][PASSED] - Text '100' is set on object 'Object Repository/Final Object Repo/Page_Request SSN - ASSIST/Locked Bag No'

2018-12-12 12:29:06 - [TEST_STEP][PASSED] - delay: Delayed 2 second(s)

2018-12-12 12:29:08 - [MESSAGE][PASSED] - Delayed 2 second(s)

2018-12-12 12:29:08 - [TEST_STEP][PASSED] - setText: Text '123456789' is set on object 'Object Repository/Final Object Repo/Page_Request SSN - ASSIST/AI - Telephone No'

2018-12-12 12:29:09 - [MESSAGE][PASSED] - Text '123456789' is set on object 'Object Repository/Final Object Repo/Page_Request SSN - ASSIST/AI - Telephone No'

2018-12-12 12:29:09 - [TEST_STEP][PASSED] - click: Object: 'Object Repository/Final Object Repo/Page_Request SSN - ASSIST/AI - Occupation' is clicked on

2018-12-12 12:29:09 - [MESSAGE][PASSED] - Object: 'Object Repository/Final Object Repo/Page_Request SSN - ASSIST/AI - Occupation' is clicked on

2018-12-12 12:29:09 - [TEST_STEP][PASSED] - click: Object: 'Object Repository/Final Object Repo/Page_Request SSN - ASSIST/AI - Occupation - NUMERICAL AND MATERIAL R' is clicked on

2018-12-12 12:29:09 - [MESSAGE][PASSED] - Object: 'Object Repository/Final Object Repo/Page_Request SSN - ASSIST/AI - Occupation - NUMERICAL AND MATERIAL R' is clicked on

2018-12-12 12:29:09 - [TEST_STEP][PASSED] - delay: Delayed 2 second(s)

2018-12-12 12:29:11 - [MESSAGE][PASSED] - Delayed 2 second(s)

2018-12-12 12:29:11 - [TEST_STEP][PASSED] - click: Object: 'Object Repository/Final Object Repo/Page_Request SSN - ASSIST/AI - Sub Occupation' is clicked on

2018-12-12 12:29:11 - [MESSAGE][PASSED] - Object: 'Object Repository/Final Object Repo/Page_Request SSN - ASSIST/AI - Sub Occupation' is clicked on

2018-12-12 12:29:11 - [TEST_STEP][PASSED] - click: Object: 'Object Repository/Final Object Repo/Page_Request SSN - ASSIST/AI - Sub Occupation - Stock Clerks' is clicked on

2018-12-12 12:29:12 - [MESSAGE][PASSED] - Object: 'Object Repository/Final Object Repo/Page_Request SSN - ASSIST/AI - Sub Occupation - Stock Clerks' is clicked on

2018-12-12 12:29:12 - [TEST_STEP][PASSED] - delay: Delayed 2 second(s)

2018-12-12 12:29:14 - [MESSAGE][PASSED] - Delayed 2 second(s)

2018-12-12 12:29:14 - [TEST_STEP][PASSED] - click: Object: 'Object Repository/Final Object Repo/Page_Request SSN - ASSIST/AI - Sub Occupation List' is clicked on

2018-12-12 12:29:14 - [MESSAGE][PASSED] - Object: 'Object Repository/Final Object Repo/Page_Request SSN - ASSIST/AI - Sub Occupation List' is clicked on

2018-12-12 12:29:14 - [TEST_STEP][PASSED] - click: Object: 'Object Repository/Final Object Repo/Page_Request SSN - ASSIST/AI - Sub Occupation List - Clerk raw material' is clicked on

2018-12-12 12:29:14 - [MESSAGE][PASSED] - Object: 'Object Repository/Final Object Repo/Page_Request SSN - ASSIST/AI - Sub Occupation List - Clerk raw material' is clicked on

2018-12-12 12:29:14 - [TEST_STEP][PASSED] - click: Object: 'Object Repository/Final Object Repo/Page_Request SSN - ASSIST/AI - Employment Start Date' is clicked on

2018-12-12 12:29:14 - [MESSAGE][PASSED] - Object: 'Object Repository/Final Object Repo/Page_Request SSN - ASSIST/AI - Employment Start Date' is clicked on

2018-12-12 12:29:14 - [TEST_STEP][PASSED] - click: Object: 'Object Repository/Final Object Repo/Page_Request SSN - ASSIST/AI - DOB - Year - Date' is clicked on

2018-12-12 12:29:15 - [MESSAGE][PASSED] - Object: 'Object Repository/Final Object Repo/Page_Request SSN - ASSIST/AI - DOB - Year - Date' is clicked on

2018-12-12 12:29:15 - [TEST_STEP][PASSED] - setText: Text 'perkeso' is set on object 'Object Repository/Final Object Repo/Page_Request SSN - ASSIST/AI - Current Employer Name'

2018-12-12 12:29:15 - [MESSAGE][PASSED] - Text 'perkeso' is set on object 'Object Repository/Final Object Repo/Page_Request SSN - ASSIST/AI - Current Employer Name'

2018-12-12 12:29:15 - [TEST_STEP][PASSED] - setText: Text 'perkeso1' is set on object 'Object Repository/Final Object Repo/Page_Request SSN - ASSIST/AI - Current Employer Address1'

2018-12-12 12:29:16 - [MESSAGE][PASSED] - Text 'perkeso1' is set on object 'Object Repository/Final Object Repo/Page_Request SSN - ASSIST/AI - Current Employer Address1'

2018-12-12 12:29:16 - [TEST_STEP][PASSED] - setText: Text 'perkeso2' is set on object 'Object Repository/Final Object Repo/Page_Request SSN - ASSIST/AI - Current Employer Address2'

2018-12-12 12:29:17 - [MESSAGE][PASSED] - Text 'perkeso2' is set on object 'Object Repository/Final Object Repo/Page_Request SSN - ASSIST/AI - Current Employer Address2'

2018-12-12 12:29:17 - [TEST_STEP][PASSED] - setText: Text 'perkeso3' is set on object 'Object Repository/Final Object Repo/Page_Request SSN - ASSIST/AI - Current Employer Address3'

2018-12-12 12:29:17 - [MESSAGE][PASSED] - Text 'perkeso3' is set on object 'Object Repository/Final Object Repo/Page_Request SSN - ASSIST/AI - Current Employer Address3'

2018-12-12 12:29:17 - [TEST_STEP][PASSED] - click: Object: 'Object Repository/Final Object Repo/Page_Request SSN - ASSIST/AI - Current Employer State' is clicked on

2018-12-12 12:29:17 - [MESSAGE][PASSED] - Object: 'Object Repository/Final Object Repo/Page_Request SSN - ASSIST/AI - Current Employer State' is clicked on

2018-12-12 12:29:17 - [TEST_STEP][PASSED] - click: Object: 'Object Repository/Final Object Repo/Page_Request SSN - ASSIST/AI - Current Employer State - Johor 1' is clicked on

2018-12-12 12:29:18 - [MESSAGE][PASSED] - Object: 'Object Repository/Final Object Repo/Page_Request SSN - ASSIST/AI - Current Employer State - Johor 1' is clicked on

2018-12-12 12:29:18 - [TEST_STEP][PASSED] - click: Object: 'Object Repository/Final Object Repo/Page_Request SSN - ASSIST/AI - Current Employer City' is clicked on

2018-12-12 12:29:18 - [MESSAGE][PASSED] - Object: 'Object Repository/Final Object Repo/Page_Request SSN - ASSIST/AI - Current Employer City' is clicked on

2018-12-12 12:29:18 - [TEST_STEP][PASSED] - setText: Text 'joh' is set on object 'Object Repository/Final Object Repo/Page_Request SSN - ASSIST/AI - City - JOH'

2018-12-12 12:29:18 - [MESSAGE][PASSED] - Text 'joh' is set on object 'Object Repository/Final Object Repo/Page_Request SSN - ASSIST/AI - City - JOH'

2018-12-12 12:29:18 - [TEST_STEP][PASSED] - delay: Delayed 2 second(s)

2018-12-12 12:29:20 - [MESSAGE][PASSED] - Delayed 2 second(s)

2018-12-12 12:29:20 - [TEST_STEP][PASSED] - click: Object: 'Object Repository/Final Object Repo/Page_Request SSN - ASSIST/AI - City - Johor Bharu' is clicked on

2018-12-12 12:29:21 - [MESSAGE][PASSED] - Object: 'Object Repository/Final Object Repo/Page_Request SSN - ASSIST/AI - City - Johor Bharu' is clicked on

2018-12-12 12:29:21 - [TEST_STEP][PASSED] - click: Object: 'Object Repository/Final Object Repo/Page_Request SSN - ASSIST/AI - Current Employer Postcode' is clicked on

2018-12-12 12:29:21 - [MESSAGE][PASSED] - Object: 'Object Repository/Final Object Repo/Page_Request SSN - ASSIST/AI - Current Employer Postcode' is clicked on

2018-12-12 12:29:21 - [TEST_STEP][PASSED] - setText: Text '810' is set on object 'Object Repository/Final Object Repo/Page_Request SSN - ASSIST/AI - City - JOH'

2018-12-12 12:29:21 - [MESSAGE][PASSED] - Text '810' is set on object 'Object Repository/Final Object Repo/Page_Request SSN - ASSIST/AI - City - JOH'

2018-12-12 12:29:21 - [TEST_STEP][PASSED] - delay: Delayed 2 second(s)

2018-12-12 12:29:23 - [MESSAGE][PASSED] - Delayed 2 second(s)

2018-12-12 12:29:23 - [TEST_STEP][PASSED] - click: Object: 'Object Repository/Final Object Repo/Page_Request SSN - ASSIST/AI - PostCode - 81000' is clicked on

2018-12-12 12:29:24 - [MESSAGE][PASSED] - Object: 'Object Repository/Final Object Repo/Page_Request SSN - ASSIST/AI - PostCode - 81000' is clicked on

2018-12-12 12:29:24 - [TEST_STEP][NOT_RUN] - setText: NOT_RUN: setText

2018-12-12 12:29:24 - [MESSAGE][NOT_RUN] - NOT_RUN: setText

2018-12-12 12:29:24 - [TEST_STEP][NOT_RUN] - setText: NOT_RUN: setText

2018-12-12 12:29:24 - [MESSAGE][NOT_RUN] - NOT_RUN: setText

2018-12-12 12:29:24 - [TEST_STEP][NOT_RUN] - click: NOT_RUN: click

2018-12-12 12:29:24 - [MESSAGE][NOT_RUN] - NOT_RUN: click

2018-12-12 12:29:24 - [TEST_STEP][NOT_RUN] - click: NOT_RUN: click

2018-12-12 12:29:24 - [MESSAGE][NOT_RUN] - NOT_RUN: click

2018-12-12 12:29:24 - [TEST_STEP][NOT_RUN] - setText: NOT_RUN: setText

2018-12-12 12:29:24 - [MESSAGE][NOT_RUN] - NOT_RUN: setText

2018-12-12 12:29:24 - [TEST_STEP][NOT_RUN] - click: NOT_RUN: click

2018-12-12 12:29:24 - [MESSAGE][NOT_RUN] - NOT_RUN: click

2018-12-12 12:29:24 - [TEST_STEP][NOT_RUN] - click: NOT_RUN: click

2018-12-12 12:29:24 - [MESSAGE][NOT_RUN] - NOT_RUN: click

2018-12-12 12:29:24 - [TEST_STEP][NOT_RUN] - click: NOT_RUN: click

2018-12-12 12:29:24 - [MESSAGE][NOT_RUN] - NOT_RUN: click

2018-12-12 12:29:24 - [TEST_STEP][NOT_RUN] - click: NOT_RUN: click

2018-12-12 12:29:24 - [MESSAGE][NOT_RUN] - NOT_RUN: click

2018-12-12 12:29:24 - [TEST_STEP][NOT_RUN] - click: NOT_RUN: click

2018-12-12 12:29:24 - [MESSAGE][NOT_RUN] - NOT_RUN: click

2018-12-12 12:29:24 - [TEST_STEP][NOT_RUN] - click: NOT_RUN: click

2018-12-12 12:29:24 - [MESSAGE][NOT_RUN] - NOT_RUN: click

2018-12-12 12:29:24 - [TEST_STEP][NOT_RUN] - setText: NOT_RUN: setText

2018-12-12 12:29:24 - [MESSAGE][NOT_RUN] - NOT_RUN: setText

2018-12-12 12:29:24 - [TEST_STEP][NOT_RUN] - setText: NOT_RUN: setText

2018-12-12 12:29:24 - [MESSAGE][NOT_RUN] - NOT_RUN: setText

2018-12-12 12:29:24 - [TEST_STEP][NOT_RUN] - setText: NOT_RUN: setText

2018-12-12 12:29:24 - [MESSAGE][NOT_RUN] - NOT_RUN: setText

2018-12-12 12:29:24 - [TEST_STEP][NOT_RUN] - click: NOT_RUN: click

2018-12-12 12:29:24 - [MESSAGE][NOT_RUN] - NOT_RUN: click

2018-12-12 12:29:24 - [TEST_STEP][NOT_RUN] - click: NOT_RUN: click

2018-12-12 12:29:24 - [MESSAGE][NOT_RUN] - NOT_RUN: click

2018-12-12 12:29:24 - [TEST_STEP][NOT_RUN] - click: NOT_RUN: click

2018-12-12 12:29:24 - [MESSAGE][NOT_RUN] - NOT_RUN: click

2018-12-12 12:29:24 - [TEST_STEP][NOT_RUN] - setText: NOT_RUN: setText

2018-12-12 12:29:24 - [MESSAGE][NOT_RUN] - NOT_RUN: setText

2018-12-12 12:29:24 - [TEST_STEP][NOT_RUN] - delay: NOT_RUN: delay

2018-12-12 12:29:24 - [MESSAGE][NOT_RUN] - NOT_RUN: delay

2018-12-12 12:29:24 - [TEST_STEP][NOT_RUN] - click: NOT_RUN: click

2018-12-12 12:29:24 - [MESSAGE][NOT_RUN] - NOT_RUN: click

2018-12-12 12:29:24 - [TEST_STEP][NOT_RUN] - click: NOT_RUN: click

2018-12-12 12:29:24 - [MESSAGE][NOT_RUN] - NOT_RUN: click

2018-12-12 12:29:24 - [TEST_STEP][NOT_RUN] - click: NOT_RUN: click

2018-12-12 12:29:24 - [MESSAGE][NOT_RUN] - NOT_RUN: click

2018-12-12 12:29:24 - [TEST_STEP][NOT_RUN] - setText: NOT_RUN: setText

2018-12-12 12:29:24 - [MESSAGE][NOT_RUN] - NOT_RUN: setText

2018-12-12 12:29:24 - [TEST_STEP][NOT_RUN] - delay: NOT_RUN: delay

2018-12-12 12:29:24 - [MESSAGE][NOT_RUN] - NOT_RUN: delay

2018-12-12 12:29:24 - [TEST_STEP][NOT_RUN] - click: NOT_RUN: click

2018-12-12 12:29:24 - [MESSAGE][NOT_RUN] - NOT_RUN: click

2018-12-12 12:29:24 - [TEST_STEP][NOT_RUN] - delay: NOT_RUN: delay

2018-12-12 12:29:24 - [MESSAGE][NOT_RUN] - NOT_RUN: delay

2018-12-12 12:29:24 - [TEST_STEP][NOT_RUN] - setText: NOT_RUN: setText

2018-12-12 12:29:24 - [MESSAGE][NOT_RUN] - NOT_RUN: setText

2018-12-12 12:29:24 - [TEST_STEP][NOT_RUN] - setText: NOT_RUN: setText

2018-12-12 12:29:24 - [MESSAGE][NOT_RUN] - NOT_RUN: setText

2018-12-12 12:29:24 - [TEST_STEP][NOT_RUN] - setText: NOT_RUN: setText

2018-12-12 12:29:24 - [MESSAGE][NOT_RUN] - NOT_RUN: setText

2018-12-12 12:29:24 - [TEST_STEP][NOT_RUN] - click: NOT_RUN: click

2018-12-12 12:29:24 - [MESSAGE][NOT_RUN] - NOT_RUN: click

2018-12-12 12:29:24 - [TEST_STEP][NOT_RUN] - click: NOT_RUN: click

2018-12-12 12:29:24 - [MESSAGE][NOT_RUN] - NOT_RUN: click

2018-12-12 12:29:24 - [TEST_STEP][NOT_RUN] - setText: NOT_RUN: setText

2018-12-12 12:29:24 - [MESSAGE][NOT_RUN] - NOT_RUN: setText

2018-12-12 12:29:24 - [TEST_STEP][NOT_RUN] - click: NOT_RUN: click

2018-12-12 12:29:24 - [MESSAGE][NOT_RUN] - NOT_RUN: click

2018-12-12 12:29:24 - [TEST_STEP][NOT_RUN] - click: NOT_RUN: click

2018-12-12 12:29:24 - [MESSAGE][NOT_RUN] - NOT_RUN: click

2018-12-12 12:29:24 - [TEST_STEP][NOT_RUN] - click: NOT_RUN: click

2018-12-12 12:29:24 - [MESSAGE][NOT_RUN] - NOT_RUN: click

2018-12-12 12:29:24 - [TEST_STEP][NOT_RUN] - click: NOT_RUN: click

2018-12-12 12:29:24 - [MESSAGE][NOT_RUN] - NOT_RUN: click

2018-12-12 12:29:24 - [TEST_STEP][NOT_RUN] - click: NOT_RUN: click

2018-12-12 12:29:24 - [MESSAGE][NOT_RUN] - NOT_RUN: click

2018-12-12 12:29:24 - [TEST_STEP][NOT_RUN] - click: NOT_RUN: click

2018-12-12 12:29:24 - [MESSAGE][NOT_RUN] - NOT_RUN: click

2018-12-12 12:29:24 - [TEST_STEP][NOT_RUN] - setText: NOT_RUN: setText

2018-12-12 12:29:24 - [MESSAGE][NOT_RUN] - NOT_RUN: setText

2018-12-12 12:29:24 - [TEST_STEP][NOT_RUN] - setText: NOT_RUN: setText

2018-12-12 12:29:24 - [MESSAGE][NOT_RUN] - NOT_RUN: setText

2018-12-12 12:29:24 - [TEST_STEP][NOT_RUN] - setText: NOT_RUN: setText

2018-12-12 12:29:24 - [MESSAGE][NOT_RUN] - NOT_RUN: setText

2018-12-12 12:29:24 - [TEST_STEP][NOT_RUN] - click: NOT_RUN: click

2018-12-12 12:29:24 - [MESSAGE][NOT_RUN] - NOT_RUN: click

2018-12-12 12:29:24 - [TEST_STEP][NOT_RUN] - click: NOT_RUN: click

2018-12-12 12:29:24 - [MESSAGE][NOT_RUN] - NOT_RUN: click

2018-12-12 12:29:24 - [TEST_STEP][NOT_RUN] - click: NOT_RUN: click

2018-12-12 12:29:24 - [MESSAGE][NOT_RUN] - NOT_RUN: click

2018-12-12 12:29:24 - [TEST_STEP][NOT_RUN] - delay: NOT_RUN: delay

2018-12-12 12:29:24 - [MESSAGE][NOT_RUN] - NOT_RUN: delay

2018-12-12 12:29:24 - [TEST_STEP][NOT_RUN] - setText: NOT_RUN: setText

2018-12-12 12:29:24 - [MESSAGE][NOT_RUN] - NOT_RUN: setText

2018-12-12 12:29:24 - [TEST_STEP][NOT_RUN] - delay: NOT_RUN: delay

2018-12-12 12:29:24 - [MESSAGE][NOT_RUN] - NOT_RUN: delay

2018-12-12 12:29:24 - [TEST_STEP][NOT_RUN] - click: NOT_RUN: click

2018-12-12 12:29:24 - [MESSAGE][NOT_RUN] - NOT_RUN: click

2018-12-12 12:29:24 - [TEST_STEP][NOT_RUN] - doubleClick: NOT_RUN: doubleClick

2018-12-12 12:29:24 - [MESSAGE][NOT_RUN] - NOT_RUN: doubleClick

2018-12-12 12:29:24 - [TEST_STEP][NOT_RUN] - click: NOT_RUN: click

2018-12-12 12:29:24 - [MESSAGE][NOT_RUN] - NOT_RUN: click

2018-12-12 12:29:24 - [TEST_STEP][NOT_RUN] - setText: NOT_RUN: setText

2018-12-12 12:29:24 - [MESSAGE][NOT_RUN] - NOT_RUN: setText

2018-12-12 12:29:24 - [TEST_STEP][NOT_RUN] - delay: NOT_RUN: delay

2018-12-12 12:29:24 - [MESSAGE][NOT_RUN] - NOT_RUN: delay

2018-12-12 12:29:24 - [TEST_STEP][NOT_RUN] - click: NOT_RUN: click

2018-12-12 12:29:24 - [MESSAGE][NOT_RUN] - NOT_RUN: click

2018-12-12 12:29:24 - [TEST_STEP][NOT_RUN] - delay: NOT_RUN: delay

2018-12-12 12:29:24 - [MESSAGE][NOT_RUN] - NOT_RUN: delay

2018-12-12 12:29:24 - [TEST_STEP][NOT_RUN] - setText: NOT_RUN: setText

2018-12-12 12:29:24 - [MESSAGE][NOT_RUN] - NOT_RUN: setText

2018-12-12 12:29:24 - [TEST_STEP][PASSED] - click: Object: 'Object Repository/Final Object Repo/Page_Request SSN - ASSIST/Save  Continue' is clicked on

2018-12-12 12:29:24 - [MESSAGE][PASSED] - Object: 'Object Repository/Final Object Repo/Page_Request SSN - ASSIST/Save  Continue' is clicked on

2018-12-12 12:29:24 - [TEST_STEP][PASSED] - delay: Delayed 3 second(s)

2018-12-12 12:29:27 - [MESSAGE][PASSED] - Delayed 3 second(s)

2018-12-12 12:29:27 - [TEST_STEP][PASSED] - Statement - CaseReferenceNo = com.kms.katalon.core.webui.keyword.WebUiBuiltInKeywords.getText(com.kms.katalon.core.testobject.ObjectRepository.findTestObject(Final Object Repo/Page_Request SSN - ASSIST/Reference Number in Uploading Page)): Text of object 'Object Repository/Final Object Repo/Page_Request SSN - ASSIST/Reference Number in Uploading Page' is: 'SSN12201800001188'

2018-12-12 12:29:28 - [MESSAGE][PASSED] - Text of object 'Object Repository/Final Object Repo/Page_Request SSN - ASSIST/Reference Number in Uploading Page' is: 'SSN12201800001188'

2018-12-12 12:29:28 - [TEST_STEP][PASSED] - callTestCase: Call Test Case 'Test Cases/Final Aug 2018 - PKS Automation/Common/Reference Number Setter' successfully

2018-12-12 12:29:28 - [TEST_CASE][PASSED] - Test Cases/Final Aug 2018 - PKS Automation/Common/Reference Number Setter: Test Cases/Final Aug 2018 - PKS Automation/Common/Reference Number Setter

2018-12-12 12:29:28 - [TEST_STEP][PASSED] - Statement - RefNoOldFile = new java.io.File(C://Users//Admin//Desktop//PKS//Automation Reference Point//KatalonReference.txt): null

2018-12-12 12:29:28 - [TEST_STEP][PASSED] - Statement - RefNoOldFile.delete(): null

2018-12-12 12:29:28 - [TEST_STEP][PASSED] - delay: Delayed 5 second(s)

2018-12-12 12:29:33 - [MESSAGE][PASSED] - Delayed 5 second(s)

2018-12-12 12:29:33 - [TEST_STEP][PASSED] - Statement - RefNo = new java.io.File(C://Users//Admin//Desktop//PKS//Automation Reference Point//KatalonReference.txt): null

2018-12-12 12:29:33 - [TEST_STEP][PASSED] - Statement - f2 = new java.io.FileWriter(RefNo, false): null

2018-12-12 12:29:33 - [TEST_STEP][PASSED] - Statement - f2.write(CaseReferenceNo): null

2018-12-12 12:29:33 - [TEST_STEP][PASSED] - Statement - f2.close(): null

2018-12-12 12:29:33 - [TEST_STEP][PASSED] - Statement - out.println("


" + CaseReferenceNo + "


"): null

2018-12-12 12:29:33 - [MESSAGE][PASSED] - Call Test Case 'Test Cases/Final Aug 2018 - PKS Automation/Common/Reference Number Setter' successfully

2018-12-12 12:29:33 - [TEST_STEP][PASSED] - click: Object: 'Object Repository/Final Object Repo/Page_Request SSN - ASSIST/Add Document Button' is clicked on

2018-12-12 12:29:33 - [MESSAGE][PASSED] - Object: 'Object Repository/Final Object Repo/Page_Request SSN - ASSIST/Add Document Button' is clicked on

2018-12-12 12:29:33 - [TEST_STEP][PASSED] - delay: Delayed 2 second(s)

2018-12-12 12:29:35 - [MESSAGE][PASSED] - Delayed 2 second(s)

2018-12-12 12:29:35 - [TEST_STEP][PASSED] - click: Object: 'Object Repository/Final Object Repo/Page_Request SSN - ASSIST/Document Type' is clicked on

2018-12-12 12:29:36 - [MESSAGE][PASSED] - Object: 'Object Repository/Final Object Repo/Page_Request SSN - ASSIST/Document Type' is clicked on

2018-12-12 12:29:36 - [TEST_STEP][PASSED] - delay: Delayed 2 second(s)

2018-12-12 12:29:38 - [MESSAGE][PASSED] - Delayed 2 second(s)

2018-12-12 12:29:38 - [TEST_STEP][PASSED] - click: Object: 'Object Repository/Final Object Repo/Page_Request SSN - ASSIST/Document Type - Birth Certificate' is clicked on

2018-12-12 12:29:38 - [MESSAGE][PASSED] - Object: 'Object Repository/Final Object Repo/Page_Request SSN - ASSIST/Document Type - Birth Certificate' is clicked on

2018-12-12 12:29:38 - [TEST_STEP][PASSED] - delay: Delayed 2 second(s)

2018-12-12 12:29:40 - [MESSAGE][PASSED] - Delayed 2 second(s)

2018-12-12 12:29:40 - [TEST_STEP][PASSED] - sendKeys: Keys 'C:\Users\Public\Pictures\Sample Pictures\Koala.jpg' sent to object: 'Object Repository/Final Object Repo/Page_Request SSN - ASSIST/Upload File'

2018-12-12 12:29:40 - [MESSAGE][PASSED] - Keys 'C:\Users\Public\Pictures\Sample Pictures\Koala.jpg' sent to object: 'Object Repository/Final Object Repo/Page_Request SSN - ASSIST/Upload File'

2018-12-12 12:29:40 - [TEST_STEP][PASSED] - click: Object: 'Object Repository/Final Object Repo/Page_Request SSN - ASSIST/Add Document' is clicked on

2018-12-12 12:29:40 - [MESSAGE][PASSED] - Object: 'Object Repository/Final Object Repo/Page_Request SSN - ASSIST/Add Document' is clicked on

2018-12-12 12:29:40 - [TEST_STEP][PASSED] - delay: Delayed 10 second(s)

2018-12-12 12:29:50 - [MESSAGE][PASSED] - Delayed 10 second(s)

2018-12-12 12:29:50 - [TEST_STEP][PASSED] - click: Object: 'Object Repository/Final Object Repo/Page_Request SSN - ASSIST/Save  Continue in Uploading Document Page' is clicked on

2018-12-12 12:29:50 - [MESSAGE][PASSED] - Object: 'Object Repository/Final Object Repo/Page_Request SSN - ASSIST/Save  Continue in Uploading Document Page' is clicked on

2018-12-12 12:29:50 - [TEST_STEP][PASSED] - delay: Delayed 2 second(s)

2018-12-12 12:29:52 - [MESSAGE][PASSED] - Delayed 2 second(s)

2018-12-12 12:29:52 - [TEST_STEP][PASSED] - click: Object: 'Object Repository/Final Object Repo/Page_Request SSN - ASSIST/Submit' is clicked on

2018-12-12 12:29:55 - [MESSAGE][PASSED] - Object: 'Object Repository/Final Object Repo/Page_Request SSN - ASSIST/Submit' is clicked on

2018-12-12 12:29:55 - [TEST_STEP][PASSED] - delay: Delayed 2 second(s)

2018-12-12 12:29:57 - [MESSAGE][PASSED] - Delayed 2 second(s)

2018-12-12 12:29:57 - [TEST_STEP][PASSED] - click: Object: 'Object Repository/Final Object Repo/Page_Request SSN - ASSIST/Confirm' is clicked on

2018-12-12 12:29:57 - [MESSAGE][PASSED] - Object: 'Object Repository/Final Object Repo/Page_Request SSN - ASSIST/Confirm' is clicked on

2018-12-12 12:29:57 - [TEST_STEP][PASSED] - delay: Delayed 2 second(s)

2018-12-12 12:29:59 - [MESSAGE][PASSED] - Delayed 2 second(s)

2018-12-12 12:29:59 - [TEST_STEP][PASSED] - verifyElementVisible: Object 'Object Repository/Final Object Repo/Page_Request SSN - ASSIST/Message This Case will be routed to RIO' is visible

2018-12-12 12:30:05 - [MESSAGE][PASSED] - Object 'Object Repository/Final Object Repo/Page_Request SSN - ASSIST/Message This Case will be routed to RIO' is visible

2018-12-12 12:30:05 - [TEST_STEP][PASSED] - delay: Delayed 2 second(s)

2018-12-12 12:30:07 - [MESSAGE][PASSED] - Delayed 2 second(s)

2018-12-12 12:30:07 - [TEST_STEP][PASSED] - verifyElementVisible: Object 'Object Repository/Final Object Repo/Page_Request SSN - ASSIST/Letter of acknowledgement' is visible

2018-12-12 12:30:07 - [MESSAGE][PASSED] - Object 'Object Repository/Final Object Repo/Page_Request SSN - ASSIST/Letter of acknowledgement' is visible

2018-12-12 12:30:07 - [MESSAGE][PASSED] - Call Test Case 'Test Cases/Final Aug 2018 - PKS Automation/Registration Module/Workflow/Request SSN/Template/Request SSN - OTC' successfully

2018-12-12 12:30:07 - [TEST_STEP][PASSED] - callTestCase: Call Test Case 'Test Cases/Final Aug 2018 - PKS Automation/Registration Module/Workflow/Request SSN/Template/Request SSN RIO - RO (Query)' successfully

2018-12-12 12:30:07 - [TEST_CASE][PASSED] - Test Cases/Final Aug 2018 - PKS Automation/Registration Module/Workflow/Request SSN/Template/Request SSN RIO - RO (Query): Test Cases/Final Aug 2018 - PKS Automation/Registration Module/Workflow/Request SSN/Template/Request SSN RIO - RO (Query)

2018-12-12 12:30:07 - [TEST_STEP][NOT_RUN] - callTestCase: NOT_RUN: callTestCase

2018-12-12 12:30:07 - [MESSAGE][NOT_RUN] - NOT_RUN: callTestCase

2018-12-12 12:30:07 - [TEST_STEP][PASSED] - delay: Delayed 2 second(s)

2018-12-12 12:30:09 - [MESSAGE][PASSED] - Delayed 2 second(s)

2018-12-12 12:30:09 - [TEST_STEP][PASSED] - navigateToUrl: Navigate to 'https://assist2-uat.perkeso.gov.my/c/portal/logout' successfully

2018-12-12 12:30:10 - [MESSAGE][PASSED] - Navigate to 'https://assist2-uat.perkeso.gov.my/c/portal/logout' successfully

2018-12-12 12:30:10 - [TEST_STEP][PASSED] - delay: Delayed 2 second(s)

2018-12-12 12:30:12 - [MESSAGE][PASSED] - Delayed 2 second(s)

2018-12-12 12:30:12 - [TEST_STEP][PASSED] - callTestCase: Call Test Case 'Test Cases/Final Aug 2018 - PKS Automation/Common/Reference Number Getter' successfully

2018-12-12 12:30:12 - [TEST_CASE][PASSED] - Test Cases/Final Aug 2018 - PKS Automation/Common/Reference Number Getter: Test Cases/Final Aug 2018 - PKS Automation/Common/Reference Number Getter

2018-12-12 12:30:12 - [TEST_STEP][PASSED] - Statement - Try: null

2018-12-12 12:30:12 - [TEST_STEP][PASSED] - Statement - RefNo = new java.io.File(C://Users//Admin//Desktop//PKS//Automation Reference Point//KatalonReference.txt): null

2018-12-12 12:30:12 - [TEST_STEP][PASSED] - Statement - bufferread = new java.io.BufferedReader(new java.io.FileReader(RefNo)): null

2018-12-12 12:30:12 - [TEST_STEP][PASSED] - Statement - readedVal = bufferread.readLine(): null

2018-12-12 12:30:12 - [TEST_STEP][PASSED] - Statement - out.println(CaseReferenceNo): null

2018-12-12 12:30:12 - [TEST_STEP][PASSED] - Statement - out.println(readedVal): null

2018-12-12 12:30:12 - [TEST_STEP][PASSED] - Statement - CaseReferenceNo = "": null

2018-12-12 12:30:12 - [TEST_STEP][PASSED] - Statement - CaseReferenceNo = readedVal: null

2018-12-12 12:30:12 - [MESSAGE][PASSED] - Call Test Case 'Test Cases/Final Aug 2018 - PKS Automation/Common/Reference Number Getter' successfully

2018-12-12 12:30:12 - [TEST_STEP][PASSED] - callTestCase: Call Test Case 'Test Cases/Final Aug 2018 - PKS Automation/Common/Workflow Owner Finder' successfully

2018-12-12 12:30:12 - [TEST_CASE][PASSED] - Test Cases/Final Aug 2018 - PKS Automation/Common/Workflow Owner Finder: Test Cases/Final Aug 2018 - PKS Automation/Common/Workflow Owner Finder

2018-12-12 12:30:12 - [TEST_STEP][PASSED] - openBrowser: Browser is opened with url: ''

2018-12-12 12:30:12 - [MESSAGE][WARNING] - A browser is already opened. Closing browser and opening a new one

2018-12-12 12:30:16 - [MESSAGE][PASSED] - Browser is opened with url: ''

2018-12-12 12:30:16 - [TEST_STEP][PASSED] - navigateToUrl: Navigate to 'https://assist2-uat.perkeso.gov.my/login' successfully

2018-12-12 12:30:17 - [MESSAGE][PASSED] - Navigate to 'https://assist2-uat.perkeso.gov.my/login' successfully

2018-12-12 12:30:17 - [TEST_STEP][PASSED] - delay: Delayed 5 second(s)

2018-12-12 12:30:22 - [MESSAGE][PASSED] - Delayed 5 second(s)

2018-12-12 12:30:22 - [TEST_STEP][PASSED] - setText: Text 'test@liferay.com' is set on object 'Object Repository/Final Object Repo/Login Page/Internal User/Email Address'

2018-12-12 12:30:22 - [MESSAGE][PASSED] - Text 'test@liferay.com' is set on object 'Object Repository/Final Object Repo/Login Page/Internal User/Email Address'

2018-12-12 12:30:22 - [TEST_STEP][PASSED] - click: Object: 'Object Repository/Final Object Repo/Login Page/Internal User/Next Button' is clicked on

2018-12-12 12:30:22 - [MESSAGE][PASSED] - Object: 'Object Repository/Final Object Repo/Login Page/Internal User/Next Button' is clicked on

2018-12-12 12:30:22 - [TEST_STEP][PASSED] - delay: Delayed 2 second(s)

2018-12-12 12:30:24 - [MESSAGE][PASSED] - Delayed 2 second(s)

2018-12-12 12:30:24 - [TEST_STEP][PASSED] - setText: Text 'test' is set on object 'Object Repository/Final Object Repo/Login Page/Internal User/Password'

2018-12-12 12:30:25 - [MESSAGE][PASSED] - Text 'test' is set on object 'Object Repository/Final Object Repo/Login Page/Internal User/Password'

2018-12-12 12:30:25 - [TEST_STEP][PASSED] - delay: Delayed 2 second(s)

2018-12-12 12:30:27 - [MESSAGE][PASSED] - Delayed 2 second(s)

2018-12-12 12:30:27 - [TEST_STEP][PASSED] - click: Object: 'Object Repository/Final Object Repo/Login Page/Internal User/Login Button' is clicked on

2018-12-12 12:30:27 - [MESSAGE][PASSED] - Object: 'Object Repository/Final Object Repo/Login Page/Internal User/Login Button' is clicked on

2018-12-12 12:30:27 - [TEST_STEP][PASSED] - Statement - tester = com.kms.katalon.core.testobject.ObjectRepository.findTestObject(Final Object Repo/Landing Page/Select to English): Finding Test Object with id 'Object Repository/Final Object Repo/Landing Page/Select to English'

2018-12-12 12:30:27 - [TEST_STEP][PASSED] - Statement - Try: Delayed 2 second(s)

2018-12-12 12:30:27 - [TEST_STEP][PASSED] - Statement - Checker = com.kms.katalon.core.webui.keyword.WebUiBuiltInKeywords.verifyElementNotPresent(tester, 3): Web element with id: 'Object Repository/Final Object Repo/Landing Page/Select to English' located by 'By.xpath: //a[@class = 'taglib-language-list-text' and @lang = 'en-US' and (contains(text(), 'EN') or contains(., 'EN'))]' is not present after '3' second(s)

2018-12-12 12:30:29 - [MESSAGE][PASSED] - Web element with id: 'Object Repository/Final Object Repo/Landing Page/Select to English' located by 'By.xpath: //a[@class = 'taglib-language-list-text' and @lang = 'en-US' and (contains(text(), 'EN') or contains(., 'EN'))]' is not present after '3' second(s)

2018-12-12 12:30:29 - [TEST_STEP][PASSED] - Statement - If (Checker == false): null

2018-12-12 12:30:29 - [TEST_STEP][PASSED] - delay: Delayed 2 second(s)

2018-12-12 12:30:31 - [MESSAGE][PASSED] - Delayed 2 second(s)

2018-12-12 12:30:31 - [TEST_STEP][PASSED] - delay: Delayed 5 second(s)

2018-12-12 12:30:36 - [MESSAGE][PASSED] - Delayed 5 second(s)

2018-12-12 12:30:36 - [TEST_STEP][PASSED] - mouseOver: Object: 'Object Repository/Final Object Repo/Landing Page/WorkFlow Menu' is hovered

2018-12-12 12:30:36 - [MESSAGE][PASSED] - Object: 'Object Repository/Final Object Repo/Landing Page/WorkFlow Menu' is hovered

2018-12-12 12:30:36 - [TEST_STEP][PASSED] - delay: Delayed 2 second(s)

2018-12-12 12:30:38 - [MESSAGE][PASSED] - Delayed 2 second(s)

2018-12-12 12:30:38 - [TEST_STEP][PASSED] - click: Object: 'Object Repository/Final Object Repo/Landing Page/Select to Workflow Listing' is clicked on

2018-12-12 12:30:39 - [MESSAGE][PASSED] - Object: 'Object Repository/Final Object Repo/Landing Page/Select to Workflow Listing' is clicked on

2018-12-12 12:30:39 - [TEST_STEP][PASSED] - delay: Delayed 2 second(s)

2018-12-12 12:30:41 - [MESSAGE][PASSED] - Delayed 2 second(s)

2018-12-12 12:30:41 - [TEST_STEP][PASSED] - click: Object: 'Object Repository/Final Object Repo/WorkFlow Listing Page/Search Information - To Put Ref No' is clicked on

2018-12-12 12:30:41 - [MESSAGE][PASSED] - Object: 'Object Repository/Final Object Repo/WorkFlow Listing Page/Search Information - To Put Ref No' is clicked on

2018-12-12 12:30:41 - [TEST_STEP][PASSED] - delay: Delayed 2 second(s)

2018-12-12 12:30:43 - [MESSAGE][PASSED] - Delayed 2 second(s)

2018-12-12 12:30:43 - [TEST_STEP][PASSED] - callTestCase: Call Test Case 'Test Cases/Final Aug 2018 - PKS Automation/Common/Reference Number Getter' successfully

2018-12-12 12:30:43 - [TEST_CASE][PASSED] - Test Cases/Final Aug 2018 - PKS Automation/Common/Reference Number Getter: Test Cases/Final Aug 2018 - PKS Automation/Common/Reference Number Getter

2018-12-12 12:30:43 - [TEST_STEP][PASSED] - Statement - Try: null

2018-12-12 12:30:43 - [TEST_STEP][PASSED] - Statement - RefNo = new java.io.File(C://Users//Admin//Desktop//PKS//Automation Reference Point//KatalonReference.txt): null

2018-12-12 12:30:43 - [TEST_STEP][PASSED] - Statement - bufferread = new java.io.BufferedReader(new java.io.FileReader(RefNo)): null

2018-12-12 12:30:43 - [TEST_STEP][PASSED] - Statement - readedVal = bufferread.readLine(): null

2018-12-12 12:30:43 - [TEST_STEP][PASSED] - Statement - out.println(CaseReferenceNo): null

2018-12-12 12:30:43 - [TEST_STEP][PASSED] - Statement - out.println(readedVal): null

2018-12-12 12:30:43 - [TEST_STEP][PASSED] - Statement - CaseReferenceNo = "": null

2018-12-12 12:30:43 - [TEST_STEP][PASSED] - Statement - CaseReferenceNo = readedVal: null

2018-12-12 12:30:43 - [MESSAGE][PASSED] - Call Test Case 'Test Cases/Final Aug 2018 - PKS Automation/Common/Reference Number Getter' successfully

2018-12-12 12:30:43 - [TEST_STEP][PASSED] - setText: Text 'SSN12201800001188' is set on object 'Object Repository/Final Object Repo/WorkFlow Listing Page/Ref No Set Text'

2018-12-12 12:30:43 - [MESSAGE][PASSED] - Text 'SSN12201800001188' is set on object 'Object Repository/Final Object Repo/WorkFlow Listing Page/Ref No Set Text'

2018-12-12 12:30:43 - [TEST_STEP][PASSED] - delay: Delayed 2 second(s)

2018-12-12 12:30:45 - [MESSAGE][PASSED] - Delayed 2 second(s)

2018-12-12 12:30:45 - [TEST_STEP][PASSED] - click: Object: 'Object Repository/Final Object Repo/WorkFlow Listing Page/Search Ref No Search Button' is clicked on

2018-12-12 12:30:46 - [MESSAGE][PASSED] - Object: 'Object Repository/Final Object Repo/WorkFlow Listing Page/Search Ref No Search Button' is clicked on

2018-12-12 12:30:46 - [TEST_STEP][PASSED] - delay: Delayed 6 second(s)

2018-12-12 12:30:52 - [MESSAGE][PASSED] - Delayed 6 second(s)

2018-12-12 12:30:52 - [TEST_STEP][PASSED] - click: Object: 'Object Repository/Final Object Repo/WorkFlow Listing Page/Click Continue Tooltip' is clicked on

2018-12-12 12:30:53 - [MESSAGE][PASSED] - Object: 'Object Repository/Final Object Repo/WorkFlow Listing Page/Click Continue Tooltip' is clicked on

2018-12-12 12:30:53 - [TEST_STEP][PASSED] - delay: Delayed 5 second(s)

2018-12-12 12:30:58 - [MESSAGE][PASSED] - Delayed 5 second(s)

2018-12-12 12:30:58 - [TEST_STEP][PASSED] - doubleClick: Object: 'Object Repository/Final Object Repo/WorkFlow Listing Page/Workflow Found - Listing 1' is double clicked on

2018-12-12 12:30:58 - [MESSAGE][PASSED] - Object: 'Object Repository/Final Object Repo/WorkFlow Listing Page/Workflow Found - Listing 1' is double clicked on

2018-12-12 12:30:58 - [TEST_STEP][PASSED] - Statement - println(OwnerID): null

2018-12-12 12:30:58 - [TEST_STEP][PASSED] - Statement - OwnerID = com.kms.katalon.core.webui.keyword.WebUiBuiltInKeywords.getText(com.kms.katalon.core.testobject.ObjectRepository.findTestObject(Final Object Repo/WorkFlow Listing Page/Workflow Found - Listing 1), STOP_ON_FAILURE): Text of object 'Object Repository/Final Object Repo/WorkFlow Listing Page/Workflow Found - Listing 1' is: 'JOHORrio1'

2018-12-12 12:30:58 - [MESSAGE][PASSED] - Text of object 'Object Repository/Final Object Repo/WorkFlow Listing Page/Workflow Found - Listing 1' is: 'JOHORrio1'

2018-12-12 12:30:58 - [TEST_STEP][PASSED] - Statement - OwnerID = OwnerID.toLowerCase() + "@gmail.com": null

2018-12-12 12:30:58 - [TEST_STEP][PASSED] - Statement - println(OwnerID): null

2018-12-12 12:30:58 - [TEST_STEP][PASSED] - delay: Delayed 2 second(s)

2018-12-12 12:31:00 - [MESSAGE][PASSED] - Delayed 2 second(s)

2018-12-12 12:31:00 - [MESSAGE][PASSED] - Call Test Case 'Test Cases/Final Aug 2018 - PKS Automation/Common/Workflow Owner Finder' successfully

2018-12-12 12:31:00 - [TEST_STEP][PASSED] - delay: Delayed 2 second(s)

2018-12-12 12:31:02 - [MESSAGE][PASSED] - Delayed 2 second(s)

2018-12-12 12:31:02 - [TEST_STEP][PASSED] - navigateToUrl: Navigate to 'https://assist2-uat.perkeso.gov.my/c/portal/logout' successfully

2018-12-12 12:31:03 - [MESSAGE][PASSED] - Navigate to 'https://assist2-uat.perkeso.gov.my/c/portal/logout' successfully

2018-12-12 12:31:03 - [TEST_STEP][PASSED] - delay: Delayed 2 second(s)

2018-12-12 12:31:05 - [MESSAGE][PASSED] - Delayed 2 second(s)

2018-12-12 12:31:05 - [TEST_STEP][PASSED] - callTestCase: Call Test Case 'Test Cases/Final Aug 2018 - PKS Automation/Registration Module/Workflow/Login and Search Case For Workflow' successfully

2018-12-12 12:31:05 - [TEST_CASE][PASSED] - Test Cases/Final Aug 2018 - PKS Automation/Registration Module/Workflow/Login and Search Case For Workflow: Test Cases/Final Aug 2018 - PKS Automation/Registration Module/Workflow/Login and Search Case For Workflow

2018-12-12 12:31:05 - [TEST_STEP][PASSED] - navigateToUrl: Navigate to 'https://assist2-uat.perkeso.gov.my/login' successfully

2018-12-12 12:31:05 - [MESSAGE][PASSED] - Navigate to 'https://assist2-uat.perkeso.gov.my/login' successfully

2018-12-12 12:31:05 - [TEST_STEP][PASSED] - setText: Text 'johorrio1@gmail.com' is set on object 'Object Repository/Final Object Repo/Login Page/Internal User/Email Address'

2018-12-12 12:31:06 - [MESSAGE][PASSED] - Text 'johorrio1@gmail.com' is set on object 'Object Repository/Final Object Repo/Login Page/Internal User/Email Address'

2018-12-12 12:31:06 - [TEST_STEP][PASSED] - click: Object: 'Object Repository/Final Object Repo/Login Page/Internal User/Next Button' is clicked on

2018-12-12 12:31:06 - [MESSAGE][PASSED] - Object: 'Object Repository/Final Object Repo/Login Page/Internal User/Next Button' is clicked on

2018-12-12 12:31:06 - [TEST_STEP][PASSED] - delay: Delayed 1 second(s)

2018-12-12 12:31:07 - [MESSAGE][PASSED] - Delayed 1 second(s)

2018-12-12 12:31:07 - [TEST_STEP][PASSED] - setEncryptedText: Text ****** has been set on object 'Object Repository/Final Object Repo/Login Page/Internal User/Password'

2018-12-12 12:31:07 - [MESSAGE][PASSED] - Text ****** has been set on object 'Object Repository/Final Object Repo/Login Page/Internal User/Password'

2018-12-12 12:31:07 - [TEST_STEP][PASSED] - click: Object: 'Object Repository/Final Object Repo/Login Page/Internal User/Login Button' is clicked on

2018-12-12 12:31:07 - [MESSAGE][PASSED] - Object: 'Object Repository/Final Object Repo/Login Page/Internal User/Login Button' is clicked on

2018-12-12 12:31:07 - [TEST_STEP][PASSED] - delay: Delayed 2 second(s)

2018-12-12 12:31:09 - [MESSAGE][PASSED] - Delayed 2 second(s)

2018-12-12 12:31:09 - [TEST_STEP][PASSED] - Statement - Try: Delayed 2 second(s)

2018-12-12 12:31:09 - [TEST_STEP][PASSED] - Statement - Checker = false: null

2018-12-12 12:31:09 - [TEST_STEP][PASSED] - Statement - Checker = com.kms.katalon.core.webui.keyword.WebUiBuiltInKeywords.verifyElementHasAttribute(com.kms.katalon.core.testobject.ObjectRepository.findTestObject(Final Object Repo/Landing Page/BM Detecting), "href", 20, OPTIONAL): Object 'Object Repository/Final Object Repo/Landing Page/BM Detecting' has attribute 'href'

2018-12-12 12:31:09 - [MESSAGE][PASSED] - Object 'Object Repository/Final Object Repo/Landing Page/BM Detecting' has attribute 'href'

2018-12-12 12:31:09 - [TEST_STEP][PASSED] - Statement - out.println(Checker): null

2018-12-12 12:31:09 - [TEST_STEP][PASSED] - Statement - If (Checker == false): null

2018-12-12 12:31:09 - [TEST_STEP][PASSED] - Statement - Else: null

2018-12-12 12:31:09 - [TEST_STEP][PASSED] - delay: Delayed 2 second(s)

2018-12-12 12:31:11 - [MESSAGE][PASSED] - Delayed 2 second(s)

2018-12-12 12:31:11 - [TEST_STEP][PASSED] - click: Object: 'Object Repository/Final Object Repo/Page_MyASSIST - ASSIST - Search Pending Case For Add Supporting Document/Search Information' is clicked on

2018-12-12 12:31:11 - [MESSAGE][PASSED] - Object: 'Object Repository/Final Object Repo/Page_MyASSIST - ASSIST - Search Pending Case For Add Supporting Document/Search Information' is clicked on

2018-12-12 12:31:11 - [TEST_STEP][PASSED] - delay: Delayed 3 second(s)

2018-12-12 12:31:14 - [MESSAGE][PASSED] - Delayed 3 second(s)

2018-12-12 12:31:14 - [TEST_STEP][PASSED] - sendKeys: Keys 'SSN12201800001188' sent to object: 'Object Repository/Final Object Repo/Page_MyASSIST - ASSIST - Search Pending Case For Add Supporting Document/Reference No'

2018-12-12 12:31:15 - [MESSAGE][PASSED] - Keys 'SSN12201800001188' sent to object: 'Object Repository/Final Object Repo/Page_MyASSIST - ASSIST - Search Pending Case For Add Supporting Document/Reference No'

2018-12-12 12:31:15 - [TEST_STEP][PASSED] - click: Object: 'Object Repository/Final Object Repo/Page_MyASSIST - ASSIST - Search Pending Case For Add Supporting Document/Search Reference No' is clicked on

2018-12-12 12:31:15 - [MESSAGE][PASSED] - Object: 'Object Repository/Final Object Repo/Page_MyASSIST - ASSIST - Search Pending Case For Add Supporting Document/Search Reference No' is clicked on

2018-12-12 12:31:15 - [TEST_STEP][PASSED] - delay: Delayed 2 second(s)

2018-12-12 12:31:17 - [MESSAGE][PASSED] - Delayed 2 second(s)

2018-12-12 12:31:17 - [TEST_STEP][PASSED] - click: Object: 'Object Repository/Final Object Repo/Page_MyASSIST - ASSIST - Search Pending Case For Add Supporting Document/Continue' is clicked on

2018-12-12 12:31:24 - [MESSAGE][PASSED] - Object: 'Object Repository/Final Object Repo/Page_MyASSIST - ASSIST - Search Pending Case For Add Supporting Document/Continue' is clicked on

2018-12-12 12:31:24 - [TEST_STEP][PASSED] - delay: Delayed 20 second(s)

2018-12-12 12:31:44 - [MESSAGE][PASSED] - Delayed 20 second(s)

2018-12-12 12:31:44 - [MESSAGE][PASSED] - Call Test Case 'Test Cases/Final Aug 2018 - PKS Automation/Registration Module/Workflow/Login and Search Case For Workflow' successfully

2018-12-12 12:31:44 - [TEST_STEP][PASSED] - callTestCase: Call Test Case 'Test Cases/Final Aug 2018 - PKS Automation/Registration Module/Workflow/Request SSN/Template/Request SSN - RIO' successfully

2018-12-12 12:31:44 - [TEST_CASE][PASSED] - Test Cases/Final Aug 2018 - PKS Automation/Registration Module/Workflow/Request SSN/Template/Request SSN - RIO: Test Cases/Final Aug 2018 - PKS Automation/Registration Module/Workflow/Request SSN/Template/Request SSN - RIO

2018-12-12 12:31:44 - [TEST_STEP][NOT_RUN] - openBrowser: NOT_RUN: openBrowser

2018-12-12 12:31:44 - [MESSAGE][NOT_RUN] - NOT_RUN: openBrowser

2018-12-12 12:31:44 - [TEST_STEP][NOT_RUN] - navigateToUrl: NOT_RUN: navigateToUrl

2018-12-12 12:31:44 - [MESSAGE][NOT_RUN] - NOT_RUN: navigateToUrl

2018-12-12 12:31:44 - [TEST_STEP][NOT_RUN] - setText: NOT_RUN: setText

2018-12-12 12:31:44 - [MESSAGE][NOT_RUN] - NOT_RUN: setText

2018-12-12 12:31:44 - [TEST_STEP][NOT_RUN] - click: NOT_RUN: click

2018-12-12 12:31:44 - [MESSAGE][NOT_RUN] - NOT_RUN: click

2018-12-12 12:31:44 - [TEST_STEP][NOT_RUN] - delay: NOT_RUN: delay

2018-12-12 12:31:44 - [MESSAGE][NOT_RUN] - NOT_RUN: delay

2018-12-12 12:31:44 - [TEST_STEP][NOT_RUN] - setEncryptedText: NOT_RUN: setEncryptedText

2018-12-12 12:31:44 - [MESSAGE][NOT_RUN] - NOT_RUN: setEncryptedText

2018-12-12 12:31:44 - [TEST_STEP][NOT_RUN] - click: NOT_RUN: click

2018-12-12 12:31:44 - [MESSAGE][NOT_RUN] - NOT_RUN: click

2018-12-12 12:31:44 - [TEST_STEP][NOT_RUN] - delay: NOT_RUN: delay

2018-12-12 12:31:44 - [MESSAGE][NOT_RUN] - NOT_RUN: delay

2018-12-12 12:31:44 - [TEST_STEP][NOT_RUN] - click: NOT_RUN: click

2018-12-12 12:31:44 - [MESSAGE][NOT_RUN] - NOT_RUN: click

2018-12-12 12:31:44 - [TEST_STEP][NOT_RUN] - sendKeys: NOT_RUN: sendKeys

2018-12-12 12:31:44 - [MESSAGE][NOT_RUN] - NOT_RUN: sendKeys

2018-12-12 12:31:44 - [TEST_STEP][NOT_RUN] - click: NOT_RUN: click

2018-12-12 12:31:44 - [MESSAGE][NOT_RUN] - NOT_RUN: click

2018-12-12 12:31:44 - [TEST_STEP][NOT_RUN] - delay: NOT_RUN: delay

2018-12-12 12:31:44 - [MESSAGE][NOT_RUN] - NOT_RUN: delay

2018-12-12 12:31:44 - [TEST_STEP][NOT_RUN] - click: NOT_RUN: click

2018-12-12 12:31:44 - [MESSAGE][NOT_RUN] - NOT_RUN: click

2018-12-12 12:31:44 - [TEST_STEP][PASSED] - delay: Delayed 2 second(s)

2018-12-12 12:31:46 - [MESSAGE][PASSED] - Delayed 2 second(s)

2018-12-12 12:31:46 - [TEST_STEP][PASSED] - click: Object: 'Object Repository/Final Object Repo/Page_Request SSN - ASSIST/Page_Request SSN - ASSIST - RIO/Recommend For SSN' is clicked on

2018-12-12 12:31:47 - [MESSAGE][PASSED] - Object: 'Object Repository/Final Object Repo/Page_Request SSN - ASSIST/Page_Request SSN - ASSIST - RIO/Recommend For SSN' is clicked on

2018-12-12 12:31:47 - [TEST_STEP][PASSED] - click: Object: 'Object Repository/Final Object Repo/Page_Request SSN - ASSIST/Page_Request SSN - ASSIST - RIO/Recommend For SSN  - Yes' is clicked on

2018-12-12 12:31:47 - [MESSAGE][PASSED] - Object: 'Object Repository/Final Object Repo/Page_Request SSN - ASSIST/Page_Request SSN - ASSIST - RIO/Recommend For SSN  - Yes' is clicked on

2018-12-12 12:31:47 - [TEST_STEP][PASSED] - delay: Delayed 2 second(s)

2018-12-12 12:31:49 - [MESSAGE][PASSED] - Delayed 2 second(s)

2018-12-12 12:31:49 - [TEST_STEP][PASSED] - click: Object: 'Object Repository/Final Object Repo/Page_Request SSN - ASSIST/Page_Request SSN - ASSIST - RIO/Save  Continue in SSN page' is clicked on

2018-12-12 12:31:49 - [MESSAGE][PASSED] - Object: 'Object Repository/Final Object Repo/Page_Request SSN - ASSIST/Page_Request SSN - ASSIST - RIO/Save  Continue in SSN page' is clicked on

2018-12-12 12:31:49 - [TEST_STEP][PASSED] - delay: Delayed 2 second(s)

2018-12-12 12:31:51 - [MESSAGE][PASSED] - Delayed 2 second(s)

2018-12-12 12:31:51 - [TEST_STEP][PASSED] - click: Object: 'Object Repository/Final Object Repo/Page_Request SSN - ASSIST/Page_Request SSN - ASSIST - RIO/Save  Continue in Upload Document Page' is clicked on

2018-12-12 12:31:54 - [MESSAGE][PASSED] - Object: 'Object Repository/Final Object Repo/Page_Request SSN - ASSIST/Page_Request SSN - ASSIST - RIO/Save  Continue in Upload Document Page' is clicked on

2018-12-12 12:31:54 - [TEST_STEP][PASSED] - delay: Delayed 2 second(s)

2018-12-12 12:31:56 - [MESSAGE][PASSED] - Delayed 2 second(s)

2018-12-12 12:31:56 - [TEST_STEP][PASSED] - click: Object: 'Object Repository/Final Object Repo/Page_Request SSN - ASSIST/Page_Request SSN - ASSIST - RIO/Submit' is clicked on

2018-12-12 12:31:58 - [MESSAGE][PASSED] - Object: 'Object Repository/Final Object Repo/Page_Request SSN - ASSIST/Page_Request SSN - ASSIST - RIO/Submit' is clicked on

2018-12-12 12:31:58 - [TEST_STEP][PASSED] - delay: Delayed 2 second(s)

2018-12-12 12:32:00 - [MESSAGE][PASSED] - Delayed 2 second(s)

2018-12-12 12:32:00 - [TEST_STEP][PASSED] - click: Object: 'Object Repository/Final Object Repo/Page_Request SSN - ASSIST/Page_Request SSN - ASSIST - RIO/Confirm' is clicked on

2018-12-12 12:32:00 - [MESSAGE][PASSED] - Object: 'Object Repository/Final Object Repo/Page_Request SSN - ASSIST/Page_Request SSN - ASSIST - RIO/Confirm' is clicked on

2018-12-12 12:32:00 - [MESSAGE][PASSED] - Call Test Case 'Test Cases/Final Aug 2018 - PKS Automation/Registration Module/Workflow/Request SSN/Template/Request SSN - RIO' successfully

2018-12-12 12:32:00 - [TEST_STEP][PASSED] - delay: Delayed 2 second(s)

2018-12-12 12:32:02 - [MESSAGE][PASSED] - Delayed 2 second(s)

2018-12-12 12:32:02 - [TEST_STEP][PASSED] - navigateToUrl: Navigate to 'https://assist2-uat.perkeso.gov.my/c/portal/logout' successfully

2018-12-12 12:32:07 - [MESSAGE][PASSED] - Navigate to 'https://assist2-uat.perkeso.gov.my/c/portal/logout' successfully

2018-12-12 12:32:07 - [TEST_STEP][PASSED] - delay: Delayed 2 second(s)

2018-12-12 12:32:09 - [MESSAGE][PASSED] - Delayed 2 second(s)

2018-12-12 12:32:09 - [TEST_STEP][PASSED] - callTestCase: Call Test Case 'Test Cases/Final Aug 2018 - PKS Automation/Common/Workflow Owner Finder' successfully

2018-12-12 12:32:09 - [TEST_CASE][PASSED] - Test Cases/Final Aug 2018 - PKS Automation/Common/Workflow Owner Finder: Test Cases/Final Aug 2018 - PKS Automation/Common/Workflow Owner Finder

2018-12-12 12:32:09 - [TEST_STEP][PASSED] - openBrowser: Browser is opened with url: ''

2018-12-12 12:32:09 - [MESSAGE][WARNING] - A browser is already opened. Closing browser and opening a new one

2018-12-12 12:32:13 - [MESSAGE][PASSED] - Browser is opened with url: ''

2018-12-12 12:32:13 - [TEST_STEP][PASSED] - navigateToUrl: Navigate to 'https://assist2-uat.perkeso.gov.my/login' successfully

2018-12-12 12:32:14 - [MESSAGE][PASSED] - Navigate to 'https://assist2-uat.perkeso.gov.my/login' successfully

2018-12-12 12:32:14 - [TEST_STEP][PASSED] - delay: Delayed 5 second(s)

2018-12-12 12:32:19 - [MESSAGE][PASSED] - Delayed 5 second(s)

2018-12-12 12:32:19 - [TEST_STEP][PASSED] - setText: Text 'test@liferay.com' is set on object 'Object Repository/Final Object Repo/Login Page/Internal User/Email Address'

2018-12-12 12:32:20 - [MESSAGE][PASSED] - Text 'test@liferay.com' is set on object 'Object Repository/Final Object Repo/Login Page/Internal User/Email Address'

2018-12-12 12:32:20 - [TEST_STEP][PASSED] - click: Object: 'Object Repository/Final Object Repo/Login Page/Internal User/Next Button' is clicked on

2018-12-12 12:32:20 - [MESSAGE][PASSED] - Object: 'Object Repository/Final Object Repo/Login Page/Internal User/Next Button' is clicked on

2018-12-12 12:32:20 - [TEST_STEP][PASSED] - delay: Delayed 2 second(s)

2018-12-12 12:32:22 - [MESSAGE][PASSED] - Delayed 2 second(s)

2018-12-12 12:32:22 - [TEST_STEP][PASSED] - setText: Text 'test' is set on object 'Object Repository/Final Object Repo/Login Page/Internal User/Password'

2018-12-12 12:32:22 - [MESSAGE][PASSED] - Text 'test' is set on object 'Object Repository/Final Object Repo/Login Page/Internal User/Password'

2018-12-12 12:32:22 - [TEST_STEP][PASSED] - delay: Delayed 2 second(s)

2018-12-12 12:32:24 - [MESSAGE][PASSED] - Delayed 2 second(s)

2018-12-12 12:32:24 - [TEST_STEP][PASSED] - click: Object: 'Object Repository/Final Object Repo/Login Page/Internal User/Login Button' is clicked on

2018-12-12 12:32:24 - [MESSAGE][PASSED] - Object: 'Object Repository/Final Object Repo/Login Page/Internal User/Login Button' is clicked on

2018-12-12 12:32:24 - [TEST_STEP][PASSED] - Statement - tester = com.kms.katalon.core.testobject.ObjectRepository.findTestObject(Final Object Repo/Landing Page/Select to English): Finding Test Object with id 'Object Repository/Final Object Repo/Landing Page/Select to English'

2018-12-12 12:32:24 - [TEST_STEP][PASSED] - Statement - Try: Delayed 2 second(s)

2018-12-12 12:32:24 - [TEST_STEP][PASSED] - Statement - Checker = com.kms.katalon.core.webui.keyword.WebUiBuiltInKeywords.verifyElementNotPresent(tester, 3): Web element with id: 'Object Repository/Final Object Repo/Landing Page/Select to English' located by 'By.xpath: //a[@class = 'taglib-language-list-text' and @lang = 'en-US' and (contains(text(), 'EN') or contains(., 'EN'))]' is not present after '3' second(s)

2018-12-12 12:32:26 - [MESSAGE][PASSED] - Web element with id: 'Object Repository/Final Object Repo/Landing Page/Select to English' located by 'By.xpath: //a[@class = 'taglib-language-list-text' and @lang = 'en-US' and (contains(text(), 'EN') or contains(., 'EN'))]' is not present after '3' second(s)

2018-12-12 12:32:26 - [TEST_STEP][PASSED] - Statement - If (Checker == false): null

2018-12-12 12:32:26 - [TEST_STEP][PASSED] - delay: Delayed 2 second(s)

2018-12-12 12:32:28 - [MESSAGE][PASSED] - Delayed 2 second(s)

2018-12-12 12:32:28 - [TEST_STEP][PASSED] - delay: Delayed 5 second(s)

2018-12-12 12:32:33 - [MESSAGE][PASSED] - Delayed 5 second(s)

2018-12-12 12:32:33 - [TEST_STEP][PASSED] - mouseOver: Object: 'Object Repository/Final Object Repo/Landing Page/WorkFlow Menu' is hovered

2018-12-12 12:32:33 - [MESSAGE][PASSED] - Object: 'Object Repository/Final Object Repo/Landing Page/WorkFlow Menu' is hovered

2018-12-12 12:32:33 - [TEST_STEP][PASSED] - delay: Delayed 2 second(s)

2018-12-12 12:32:35 - [MESSAGE][PASSED] - Delayed 2 second(s)

2018-12-12 12:32:35 - [TEST_STEP][PASSED] - click: Object: 'Object Repository/Final Object Repo/Landing Page/Select to Workflow Listing' is clicked on

2018-12-12 12:32:36 - [MESSAGE][PASSED] - Object: 'Object Repository/Final Object Repo/Landing Page/Select to Workflow Listing' is clicked on

2018-12-12 12:32:36 - [TEST_STEP][PASSED] - delay: Delayed 2 second(s)

2018-12-12 12:32:38 - [MESSAGE][PASSED] - Delayed 2 second(s)

2018-12-12 12:32:38 - [TEST_STEP][PASSED] - click: Object: 'Object Repository/Final Object Repo/WorkFlow Listing Page/Search Information - To Put Ref No' is clicked on

2018-12-12 12:32:39 - [MESSAGE][PASSED] - Object: 'Object Repository/Final Object Repo/WorkFlow Listing Page/Search Information - To Put Ref No' is clicked on

2018-12-12 12:32:39 - [TEST_STEP][PASSED] - delay: Delayed 2 second(s)

2018-12-12 12:32:41 - [MESSAGE][PASSED] - Delayed 2 second(s)

2018-12-12 12:32:41 - [TEST_STEP][PASSED] - callTestCase: Call Test Case 'Test Cases/Final Aug 2018 - PKS Automation/Common/Reference Number Getter' successfully

2018-12-12 12:32:41 - [TEST_CASE][PASSED] - Test Cases/Final Aug 2018 - PKS Automation/Common/Reference Number Getter: Test Cases/Final Aug 2018 - PKS Automation/Common/Reference Number Getter

2018-12-12 12:32:41 - [TEST_STEP][PASSED] - Statement - Try: null

2018-12-12 12:32:41 - [TEST_STEP][PASSED] - Statement - RefNo = new java.io.File(C://Users//Admin//Desktop//PKS//Automation Reference Point//KatalonReference.txt): null

2018-12-12 12:32:41 - [TEST_STEP][PASSED] - Statement - bufferread = new java.io.BufferedReader(new java.io.FileReader(RefNo)): null

2018-12-12 12:32:41 - [TEST_STEP][PASSED] - Statement - readedVal = bufferread.readLine(): null

2018-12-12 12:32:41 - [TEST_STEP][PASSED] - Statement - out.println(CaseReferenceNo): null

2018-12-12 12:32:41 - [TEST_STEP][PASSED] - Statement - out.println(readedVal): null

2018-12-12 12:32:41 - [TEST_STEP][PASSED] - Statement - CaseReferenceNo = "": null

2018-12-12 12:32:41 - [TEST_STEP][PASSED] - Statement - CaseReferenceNo = readedVal: null

2018-12-12 12:32:41 - [MESSAGE][PASSED] - Call Test Case 'Test Cases/Final Aug 2018 - PKS Automation/Common/Reference Number Getter' successfully

2018-12-12 12:32:41 - [TEST_STEP][PASSED] - setText: Text 'SSN12201800001188' is set on object 'Object Repository/Final Object Repo/WorkFlow Listing Page/Ref No Set Text'

2018-12-12 12:32:41 - [MESSAGE][PASSED] - Text 'SSN12201800001188' is set on object 'Object Repository/Final Object Repo/WorkFlow Listing Page/Ref No Set Text'

2018-12-12 12:32:41 - [TEST_STEP][PASSED] - delay: Delayed 2 second(s)

2018-12-12 12:32:43 - [MESSAGE][PASSED] - Delayed 2 second(s)

2018-12-12 12:32:43 - [TEST_STEP][PASSED] - click: Object: 'Object Repository/Final Object Repo/WorkFlow Listing Page/Search Ref No Search Button' is clicked on

2018-12-12 12:32:43 - [MESSAGE][PASSED] - Object: 'Object Repository/Final Object Repo/WorkFlow Listing Page/Search Ref No Search Button' is clicked on

2018-12-12 12:32:43 - [TEST_STEP][PASSED] - delay: Delayed 6 second(s)

2018-12-12 12:32:49 - [MESSAGE][PASSED] - Delayed 6 second(s)

2018-12-12 12:32:49 - [TEST_STEP][PASSED] - click: Object: 'Object Repository/Final Object Repo/WorkFlow Listing Page/Click Continue Tooltip' is clicked on

2018-12-12 12:32:50 - [MESSAGE][PASSED] - Object: 'Object Repository/Final Object Repo/WorkFlow Listing Page/Click Continue Tooltip' is clicked on

2018-12-12 12:32:50 - [TEST_STEP][PASSED] - delay: Delayed 5 second(s)

2018-12-12 12:32:55 - [MESSAGE][PASSED] - Delayed 5 second(s)

2018-12-12 12:32:55 - [TEST_STEP][PASSED] - doubleClick: Object: 'Object Repository/Final Object Repo/WorkFlow Listing Page/Workflow Found - Listing 1' is double clicked on

2018-12-12 12:32:55 - [MESSAGE][PASSED] - Object: 'Object Repository/Final Object Repo/WorkFlow Listing Page/Workflow Found - Listing 1' is double clicked on

2018-12-12 12:32:55 - [TEST_STEP][PASSED] - Statement - println(OwnerID): null

2018-12-12 12:32:55 - [TEST_STEP][PASSED] - Statement - OwnerID = com.kms.katalon.core.webui.keyword.WebUiBuiltInKeywords.getText(com.kms.katalon.core.testobject.ObjectRepository.findTestObject(Final Object Repo/WorkFlow Listing Page/Workflow Found - Listing 1), STOP_ON_FAILURE): Text of object 'Object Repository/Final Object Repo/WorkFlow Listing Page/Workflow Found - Listing 1' is: 'JOHORro1'

2018-12-12 12:32:55 - [MESSAGE][PASSED] - Text of object 'Object Repository/Final Object Repo/WorkFlow Listing Page/Workflow Found - Listing 1' is: 'JOHORro1'

2018-12-12 12:32:55 - [TEST_STEP][PASSED] - Statement - OwnerID = OwnerID.toLowerCase() + "@gmail.com": null

2018-12-12 12:32:55 - [TEST_STEP][PASSED] - Statement - println(OwnerID): null

2018-12-12 12:32:55 - [TEST_STEP][PASSED] - delay: Delayed 2 second(s)

2018-12-12 12:32:57 - [MESSAGE][PASSED] - Delayed 2 second(s)

2018-12-12 12:32:57 - [MESSAGE][PASSED] - Call Test Case 'Test Cases/Final Aug 2018 - PKS Automation/Common/Workflow Owner Finder' successfully

2018-12-12 12:32:57 - [TEST_STEP][PASSED] - delay: Delayed 2 second(s)

2018-12-12 12:32:59 - [MESSAGE][PASSED] - Delayed 2 second(s)

2018-12-12 12:32:59 - [TEST_STEP][PASSED] - navigateToUrl: Navigate to 'https://assist2-uat.perkeso.gov.my/c/portal/logout' successfully

2018-12-12 12:33:00 - [MESSAGE][PASSED] - Navigate to 'https://assist2-uat.perkeso.gov.my/c/portal/logout' successfully

2018-12-12 12:33:00 - [TEST_STEP][PASSED] - delay: Delayed 2 second(s)

2018-12-12 12:33:02 - [MESSAGE][PASSED] - Delayed 2 second(s)

2018-12-12 12:33:02 - [TEST_STEP][PASSED] - callTestCase: Call Test Case 'Test Cases/Final Aug 2018 - PKS Automation/Registration Module/Workflow/Login and Search Case For Workflow' successfully

2018-12-12 12:33:02 - [TEST_CASE][PASSED] - Test Cases/Final Aug 2018 - PKS Automation/Registration Module/Workflow/Login and Search Case For Workflow: Test Cases/Final Aug 2018 - PKS Automation/Registration Module/Workflow/Login and Search Case For Workflow

2018-12-12 12:33:02 - [TEST_STEP][PASSED] - navigateToUrl: Navigate to 'https://assist2-uat.perkeso.gov.my/login' successfully

2018-12-12 12:33:03 - [MESSAGE][PASSED] - Navigate to 'https://assist2-uat.perkeso.gov.my/login' successfully

2018-12-12 12:33:03 - [TEST_STEP][PASSED] - setText: Text 'johorro1@gmail.com' is set on object 'Object Repository/Final Object Repo/Login Page/Internal User/Email Address'

2018-12-12 12:33:03 - [MESSAGE][PASSED] - Text 'johorro1@gmail.com' is set on object 'Object Repository/Final Object Repo/Login Page/Internal User/Email Address'

2018-12-12 12:33:03 - [TEST_STEP][PASSED] - click: Object: 'Object Repository/Final Object Repo/Login Page/Internal User/Next Button' is clicked on

2018-12-12 12:33:03 - [MESSAGE][PASSED] - Object: 'Object Repository/Final Object Repo/Login Page/Internal User/Next Button' is clicked on

2018-12-12 12:33:03 - [TEST_STEP][PASSED] - delay: Delayed 1 second(s)

2018-12-12 12:33:04 - [MESSAGE][PASSED] - Delayed 1 second(s)

2018-12-12 12:33:04 - [TEST_STEP][PASSED] - setEncryptedText: Text ****** has been set on object 'Object Repository/Final Object Repo/Login Page/Internal User/Password'

2018-12-12 12:33:05 - [MESSAGE][PASSED] - Text ****** has been set on object 'Object Repository/Final Object Repo/Login Page/Internal User/Password'

2018-12-12 12:33:05 - [TEST_STEP][PASSED] - click: Object: 'Object Repository/Final Object Repo/Login Page/Internal User/Login Button' is clicked on

2018-12-12 12:33:05 - [MESSAGE][PASSED] - Object: 'Object Repository/Final Object Repo/Login Page/Internal User/Login Button' is clicked on

2018-12-12 12:33:05 - [TEST_STEP][PASSED] - delay: Delayed 2 second(s)

2018-12-12 12:33:07 - [MESSAGE][PASSED] - Delayed 2 second(s)

2018-12-12 12:33:07 - [TEST_STEP][PASSED] - Statement - Try: Delayed 2 second(s)

2018-12-12 12:33:07 - [TEST_STEP][PASSED] - Statement - Checker = false: null

2018-12-12 12:33:07 - [TEST_STEP][PASSED] - Statement - Checker = com.kms.katalon.core.webui.keyword.WebUiBuiltInKeywords.verifyElementHasAttribute(com.kms.katalon.core.testobject.ObjectRepository.findTestObject(Final Object Repo/Landing Page/BM Detecting), "href", 20, OPTIONAL): Object 'Object Repository/Final Object Repo/Landing Page/BM Detecting' has attribute 'href'

2018-12-12 12:33:07 - [MESSAGE][PASSED] - Object 'Object Repository/Final Object Repo/Landing Page/BM Detecting' has attribute 'href'

2018-12-12 12:33:07 - [TEST_STEP][PASSED] - Statement - out.println(Checker): null

2018-12-12 12:33:07 - [TEST_STEP][PASSED] - Statement - If (Checker == false): null

2018-12-12 12:33:07 - [TEST_STEP][PASSED] - Statement - Else: null

2018-12-12 12:33:07 - [TEST_STEP][PASSED] - delay: Delayed 2 second(s)

2018-12-12 12:33:09 - [MESSAGE][PASSED] - Delayed 2 second(s)

2018-12-12 12:33:09 - [TEST_STEP][PASSED] - click: Object: 'Object Repository/Final Object Repo/Page_MyASSIST - ASSIST - Search Pending Case For Add Supporting Document/Search Information' is clicked on

2018-12-12 12:33:09 - [MESSAGE][PASSED] - Object: 'Object Repository/Final Object Repo/Page_MyASSIST - ASSIST - Search Pending Case For Add Supporting Document/Search Information' is clicked on

2018-12-12 12:33:09 - [TEST_STEP][PASSED] - delay: Delayed 3 second(s)

2018-12-12 12:33:12 - [MESSAGE][PASSED] - Delayed 3 second(s)

2018-12-12 12:33:12 - [TEST_STEP][PASSED] - sendKeys: Keys 'SSN12201800001188' sent to object: 'Object Repository/Final Object Repo/Page_MyASSIST - ASSIST - Search Pending Case For Add Supporting Document/Reference No'

2018-12-12 12:33:12 - [MESSAGE][PASSED] - Keys 'SSN12201800001188' sent to object: 'Object Repository/Final Object Repo/Page_MyASSIST - ASSIST - Search Pending Case For Add Supporting Document/Reference No'

2018-12-12 12:33:12 - [TEST_STEP][PASSED] - click: Object: 'Object Repository/Final Object Repo/Page_MyASSIST - ASSIST - Search Pending Case For Add Supporting Document/Search Reference No' is clicked on

2018-12-12 12:33:12 - [MESSAGE][PASSED] - Object: 'Object Repository/Final Object Repo/Page_MyASSIST - ASSIST - Search Pending Case For Add Supporting Document/Search Reference No' is clicked on

2018-12-12 12:33:12 - [TEST_STEP][PASSED] - delay: Delayed 2 second(s)

2018-12-12 12:33:14 - [MESSAGE][PASSED] - Delayed 2 second(s)

2018-12-12 12:33:14 - [TEST_STEP][PASSED] - click: Object: 'Object Repository/Final Object Repo/Page_MyASSIST - ASSIST - Search Pending Case For Add Supporting Document/Continue' is clicked on

2018-12-12 12:33:21 - [MESSAGE][PASSED] - Object: 'Object Repository/Final Object Repo/Page_MyASSIST - ASSIST - Search Pending Case For Add Supporting Document/Continue' is clicked on

2018-12-12 12:33:21 - [TEST_STEP][PASSED] - delay: Delayed 20 second(s)

2018-12-12 12:33:41 - [MESSAGE][PASSED] - Delayed 20 second(s)

2018-12-12 12:33:41 - [MESSAGE][PASSED] - Call Test Case 'Test Cases/Final Aug 2018 - PKS Automation/Registration Module/Workflow/Login and Search Case For Workflow' successfully

2018-12-12 12:33:41 - [TEST_STEP][PASSED] - callTestCase: Call Test Case 'Test Cases/Final Aug 2018 - PKS Automation/Registration Module/Workflow/Request SSN/Template/Request SSN - RO (Query)' successfully

2018-12-12 12:33:41 - [TEST_CASE][PASSED] - Test Cases/Final Aug 2018 - PKS Automation/Registration Module/Workflow/Request SSN/Template/Request SSN - RO (Query): Test Cases/Final Aug 2018 - PKS Automation/Registration Module/Workflow/Request SSN/Template/Request SSN - RO (Query)

2018-12-12 12:33:42 - [TEST_STEP][NOT_RUN] - openBrowser: NOT_RUN: openBrowser

2018-12-12 12:33:42 - [MESSAGE][NOT_RUN] - NOT_RUN: openBrowser

2018-12-12 12:33:42 - [TEST_STEP][NOT_RUN] - navigateToUrl: NOT_RUN: navigateToUrl

2018-12-12 12:33:42 - [MESSAGE][NOT_RUN] - NOT_RUN: navigateToUrl

2018-12-12 12:33:42 - [TEST_STEP][NOT_RUN] - setText: NOT_RUN: setText

2018-12-12 12:33:42 - [MESSAGE][NOT_RUN] - NOT_RUN: setText

2018-12-12 12:33:42 - [TEST_STEP][NOT_RUN] - click: NOT_RUN: click

2018-12-12 12:33:42 - [MESSAGE][NOT_RUN] - NOT_RUN: click

2018-12-12 12:33:42 - [TEST_STEP][NOT_RUN] - delay: NOT_RUN: delay

2018-12-12 12:33:42 - [MESSAGE][NOT_RUN] - NOT_RUN: delay

2018-12-12 12:33:42 - [TEST_STEP][NOT_RUN] - setEncryptedText: NOT_RUN: setEncryptedText

2018-12-12 12:33:42 - [MESSAGE][NOT_RUN] - NOT_RUN: setEncryptedText

2018-12-12 12:33:42 - [TEST_STEP][NOT_RUN] - click: NOT_RUN: click

2018-12-12 12:33:42 - [MESSAGE][NOT_RUN] - NOT_RUN: click

2018-12-12 12:33:42 - [TEST_STEP][NOT_RUN] - delay: NOT_RUN: delay

2018-12-12 12:33:42 - [MESSAGE][NOT_RUN] - NOT_RUN: delay

2018-12-12 12:33:42 - [TEST_STEP][NOT_RUN] - click: NOT_RUN: click

2018-12-12 12:33:42 - [MESSAGE][NOT_RUN] - NOT_RUN: click

2018-12-12 12:33:42 - [TEST_STEP][NOT_RUN] - delay: NOT_RUN: delay

2018-12-12 12:33:42 - [MESSAGE][NOT_RUN] - NOT_RUN: delay

2018-12-12 12:33:42 - [TEST_STEP][NOT_RUN] - sendKeys: NOT_RUN: sendKeys

2018-12-12 12:33:42 - [MESSAGE][NOT_RUN] - NOT_RUN: sendKeys

2018-12-12 12:33:42 - [TEST_STEP][NOT_RUN] - click: NOT_RUN: click

2018-12-12 12:33:42 - [MESSAGE][NOT_RUN] - NOT_RUN: click

2018-12-12 12:33:42 - [TEST_STEP][NOT_RUN] - delay: NOT_RUN: delay

2018-12-12 12:33:42 - [MESSAGE][NOT_RUN] - NOT_RUN: delay

2018-12-12 12:33:42 - [TEST_STEP][NOT_RUN] - click: NOT_RUN: click

2018-12-12 12:33:42 - [MESSAGE][NOT_RUN] - NOT_RUN: click

2018-12-12 12:33:42 - [TEST_STEP][PASSED] - click: Object: 'Object Repository/Final Object Repo/Page_Request SSN - ASSIST/Page_Request SSN - ASSIST - RO/Approval For SSN' is clicked on

2018-12-12 12:33:42 - [MESSAGE][PASSED] - Object: 'Object Repository/Final Object Repo/Page_Request SSN - ASSIST/Page_Request SSN - ASSIST - RO/Approval For SSN' is clicked on

2018-12-12 12:33:42 - [TEST_STEP][PASSED] - click: Object: 'Object Repository/Final Object Repo/Page_Request SSN - ASSIST/Page_Request SSN - ASSIST - RO/Approval For SSN - Approve' is clicked on

2018-12-12 12:33:42 - [MESSAGE][PASSED] - Object: 'Object Repository/Final Object Repo/Page_Request SSN - ASSIST/Page_Request SSN - ASSIST - RO/Approval For SSN - Approve' is clicked on

2018-12-12 12:33:42 - [TEST_STEP][PASSED] - delay: Delayed 2 second(s)

2018-12-12 12:33:44 - [MESSAGE][PASSED] - Delayed 2 second(s)

2018-12-12 12:33:44 - [TEST_STEP][PASSED] - click: Object: 'Object Repository/Final Object Repo/Page_Request SSN - ASSIST/Page_Request SSN - ASSIST - RO/Save  Continue in SSN Page' is clicked on

2018-12-12 12:33:44 - [MESSAGE][PASSED] - Object: 'Object Repository/Final Object Repo/Page_Request SSN - ASSIST/Page_Request SSN - ASSIST - RO/Save  Continue in SSN Page' is clicked on

2018-12-12 12:33:44 - [TEST_STEP][PASSED] - delay: Delayed 2 second(s)

2018-12-12 12:33:46 - [MESSAGE][PASSED] - Delayed 2 second(s)

2018-12-12 12:33:46 - [TEST_STEP][PASSED] - setText: Text 'Query' is set on object 'Object Repository/Final Object Repo/Page_Request SSN - ASSIST/Page_Request SSN - ASSIST - RO/Page_Request SSN - ASSIST  (Query)/Remark'

2018-12-12 12:33:49 - [MESSAGE][PASSED] - Text 'Query' is set on object 'Object Repository/Final Object Repo/Page_Request SSN - ASSIST/Page_Request SSN - ASSIST - RO/Page_Request SSN - ASSIST  (Query)/Remark'

2018-12-12 12:33:49 - [TEST_STEP][PASSED] - delay: Delayed 2 second(s)

2018-12-12 12:33:51 - [MESSAGE][PASSED] - Delayed 2 second(s)

2018-12-12 12:33:51 - [TEST_STEP][PASSED] - click: Object: 'Object Repository/Final Object Repo/Page_Request SSN - ASSIST/Page_Request SSN - ASSIST - RO/Save  Continue in Uploading Document Page' is clicked on

2018-12-12 12:33:51 - [MESSAGE][PASSED] - Object: 'Object Repository/Final Object Repo/Page_Request SSN - ASSIST/Page_Request SSN - ASSIST - RO/Save  Continue in Uploading Document Page' is clicked on

2018-12-12 12:33:51 - [TEST_STEP][PASSED] - delay: Delayed 2 second(s)

2018-12-12 12:33:53 - [MESSAGE][PASSED] - Delayed 2 second(s)

2018-12-12 12:33:53 - [TEST_STEP][PASSED] - click: Object: 'Object Repository/Final Object Repo/Page_Request SSN - ASSIST/Page_Request SSN - ASSIST - RO/Page_Request SSN - ASSIST  (Query)/Query' is clicked on

2018-12-12 12:33:56 - [MESSAGE][PASSED] - Object: 'Object Repository/Final Object Repo/Page_Request SSN - ASSIST/Page_Request SSN - ASSIST - RO/Page_Request SSN - ASSIST  (Query)/Query' is clicked on

2018-12-12 12:33:56 - [TEST_STEP][PASSED] - delay: Delayed 2 second(s)

2018-12-12 12:33:58 - [MESSAGE][PASSED] - Delayed 2 second(s)

2018-12-12 12:33:58 - [TEST_STEP][PASSED] - click: Object: 'Object Repository/Final Object Repo/Page_Request SSN - ASSIST/Page_Request SSN - ASSIST - RO/Page_Request SSN - ASSIST  (Query)/Confirm' is clicked on

2018-12-12 12:34:06 - [MESSAGE][PASSED] - Object: 'Object Repository/Final Object Repo/Page_Request SSN - ASSIST/Page_Request SSN - ASSIST - RO/Page_Request SSN - ASSIST  (Query)/Confirm' is clicked on

2018-12-12 12:34:06 - [TEST_STEP][PASSED] - delay: Delayed 2 second(s)

2018-12-12 12:34:08 - [MESSAGE][PASSED] - Delayed 2 second(s)

2018-12-12 12:34:08 - [TEST_STEP][PASSED] - verifyElementVisible: Object 'Object Repository/Final Object Repo/Page_Request SSN - ASSIST/Page_Request SSN - ASSIST - RO/Page_Request SSN - ASSIST  (Query)/Message Case Is Under Query' is visible

2018-12-12 12:34:08 - [MESSAGE][PASSED] - Object 'Object Repository/Final Object Repo/Page_Request SSN - ASSIST/Page_Request SSN - ASSIST - RO/Page_Request SSN - ASSIST  (Query)/Message Case Is Under Query' is visible

2018-12-12 12:34:08 - [TEST_STEP][PASSED] - delay: Delayed 2 second(s)

2018-12-12 12:34:10 - [MESSAGE][PASSED] - Delayed 2 second(s)

2018-12-12 12:34:10 - [TEST_STEP][PASSED] - verifyElementVisible: Object 'Object Repository/Final Object Repo/Page_Request SSN - ASSIST/Page_Request SSN - ASSIST - RO/Page_Request SSN - ASSIST  (Query)/Letter of inquiry' is visible

2018-12-12 12:34:10 - [MESSAGE][PASSED] - Object 'Object Repository/Final Object Repo/Page_Request SSN - ASSIST/Page_Request SSN - ASSIST - RO/Page_Request SSN - ASSIST  (Query)/Letter of inquiry' is visible

2018-12-12 12:34:10 - [MESSAGE][PASSED] - Call Test Case 'Test Cases/Final Aug 2018 - PKS Automation/Registration Module/Workflow/Request SSN/Template/Request SSN - RO (Query)' successfully

2018-12-12 12:34:10 - [TEST_STEP][PASSED] - delay: Delayed 2 second(s)

2018-12-12 12:34:12 - [MESSAGE][PASSED] - Delayed 2 second(s)

2018-12-12 12:34:12 - [TEST_STEP][PASSED] - callTestCase: Call Test Case 'Test Cases/Final Aug 2018 - PKS Automation/Registration Module/Workflow/Request SSN/Template/Request SSN  RO (Approve after Query)' successfully

2018-12-12 12:34:12 - [TEST_CASE][PASSED] - Test Cases/Final Aug 2018 - PKS Automation/Registration Module/Workflow/Request SSN/Template/Request SSN  RO (Approve after Query): Test Cases/Final Aug 2018 - PKS Automation/Registration Module/Workflow/Request SSN/Template/Request SSN  RO (Approve after Query)

2018-12-12 12:34:13 - [TEST_STEP][PASSED] - openBrowser: Browser is opened with url: ''

2018-12-12 12:34:13 - [MESSAGE][WARNING] - A browser is already opened. Closing browser and opening a new one

2018-12-12 12:34:17 - [MESSAGE][PASSED] - Browser is opened with url: ''

2018-12-12 12:34:17 - [TEST_STEP][PASSED] - navigateToUrl: Navigate to 'https://assist2-uat.perkeso.gov.my/login' successfully

2018-12-12 12:34:18 - [MESSAGE][PASSED] - Navigate to 'https://assist2-uat.perkeso.gov.my/login' successfully

2018-12-12 12:34:18 - [TEST_STEP][PASSED] - setText: Text 'johorotc1@gmail.com' is set on object 'Object Repository/Final Object Repo/Login Page/Internal User/Email Address'

2018-12-12 12:34:19 - [MESSAGE][PASSED] - Text 'johorotc1@gmail.com' is set on object 'Object Repository/Final Object Repo/Login Page/Internal User/Email Address'

2018-12-12 12:34:19 - [TEST_STEP][PASSED] - click: Object: 'Object Repository/Final Object Repo/Login Page/Internal User/Next Button' is clicked on

2018-12-12 12:34:19 - [MESSAGE][PASSED] - Object: 'Object Repository/Final Object Repo/Login Page/Internal User/Next Button' is clicked on

2018-12-12 12:34:19 - [TEST_STEP][PASSED] - delay: Delayed 1 second(s)

2018-12-12 12:34:20 - [MESSAGE][PASSED] - Delayed 1 second(s)

2018-12-12 12:34:20 - [TEST_STEP][PASSED] - setEncryptedText: Text ****** has been set on object 'Object Repository/Final Object Repo/Login Page/Internal User/Password'

2018-12-12 12:34:20 - [MESSAGE][PASSED] - Text ****** has been set on object 'Object Repository/Final Object Repo/Login Page/Internal User/Password'

2018-12-12 12:34:20 - [TEST_STEP][PASSED] - click: Object: 'Object Repository/Final Object Repo/Login Page/Internal User/Login Button' is clicked on

2018-12-12 12:34:20 - [MESSAGE][PASSED] - Object: 'Object Repository/Final Object Repo/Login Page/Internal User/Login Button' is clicked on

2018-12-12 12:34:20 - [TEST_STEP][PASSED] - Statement - Try: null

2018-12-12 12:34:20 - [TEST_STEP][PASSED] - Statement - Checker = com.kms.katalon.core.webui.keyword.WebUiBuiltInKeywords.verifyElementNotPresent("Final Object Repo/Landing Page/Select to English", 3): null

2018-12-12 12:34:20 - [TEST_STEP][PASSED] - Statement - Catch (Exception e): null

2018-12-12 12:34:20 - [TEST_STEP][PASSED] - Statement - e.printStackTrace(): null

2018-12-12 12:34:20 - [TEST_STEP][PASSED] - delay: Delayed 5 second(s)

2018-12-12 12:34:25 - [MESSAGE][PASSED] - Delayed 5 second(s)

2018-12-12 12:34:25 - [TEST_STEP][PASSED] - delay: Delayed 1 second(s)

2018-12-12 12:34:26 - [MESSAGE][PASSED] - Delayed 1 second(s)

2018-12-12 12:34:26 - [TEST_STEP][PASSED] - navigateToUrl: Navigate to 'https://assist2-uat.perkeso.gov.my/web/registration/search/search-pending-case-for-add-supporting-document' successfully

2018-12-12 12:34:27 - [MESSAGE][PASSED] - Navigate to 'https://assist2-uat.perkeso.gov.my/web/registration/search/search-pending-case-for-add-supporting-document' successfully

2018-12-12 12:34:27 - [TEST_STEP][PASSED] - click: Object: 'Object Repository/Final Object Repo/Page_Search Pending Case For Add Suporting Document/Search By' is clicked on

2018-12-12 12:34:27 - [MESSAGE][PASSED] - Object: 'Object Repository/Final Object Repo/Page_Search Pending Case For Add Suporting Document/Search By' is clicked on

2018-12-12 12:34:27 - [TEST_STEP][PASSED] - click: Object: 'Object Repository/Final Object Repo/Page_Search Pending Case For Add Suporting Document/Search By - Reference ID' is clicked on

2018-12-12 12:34:28 - [MESSAGE][PASSED] - Object: 'Object Repository/Final Object Repo/Page_Search Pending Case For Add Suporting Document/Search By - Reference ID' is clicked on

2018-12-12 12:34:28 - [TEST_STEP][PASSED] - delay: Delayed 2 second(s)

2018-12-12 12:34:30 - [MESSAGE][PASSED] - Delayed 2 second(s)

2018-12-12 12:34:30 - [TEST_STEP][PASSED] - setText: Text 'SSN12201800001188' is set on object 'Object Repository/Final Object Repo/Page_Search Pending Case For Add Suporting Document/Reference ID'

2018-12-12 12:34:30 - [MESSAGE][PASSED] - Text 'SSN12201800001188' is set on object 'Object Repository/Final Object Repo/Page_Search Pending Case For Add Suporting Document/Reference ID'

2018-12-12 12:34:30 - [TEST_STEP][PASSED] - click: Object: 'Object Repository/Final Object Repo/Page_Search Pending Case For Add Suporting Document/Search' is clicked on

2018-12-12 12:34:30 - [MESSAGE][PASSED] - Object: 'Object Repository/Final Object Repo/Page_Search Pending Case For Add Suporting Document/Search' is clicked on

2018-12-12 12:34:30 - [TEST_STEP][PASSED] - delay: Delayed 2 second(s)

2018-12-12 12:34:32 - [MESSAGE][PASSED] - Delayed 2 second(s)

2018-12-12 12:34:32 - [TEST_STEP][PASSED] - click: Object: 'Object Repository/Final Object Repo/Page_Search Pending Case For Add Suporting Document/Edit' is clicked on

2018-12-12 12:34:39 - [MESSAGE][PASSED] - Object: 'Object Repository/Final Object Repo/Page_Search Pending Case For Add Suporting Document/Edit' is clicked on

2018-12-12 12:34:39 - [TEST_STEP][PASSED] - delay: Delayed 2 second(s)

2018-12-12 12:34:41 - [MESSAGE][PASSED] - Delayed 2 second(s)

2018-12-12 12:34:41 - [TEST_STEP][PASSED] - click: Object: 'Object Repository/Final Object Repo/Page_Request SSN - ASSIST/Page_Request SSN - ASSIST - RO/Page_Request SSN - ASSIST (Query -OTC -RO)/Next' is clicked on

2018-12-12 12:34:44 - [MESSAGE][PASSED] - Object: 'Object Repository/Final Object Repo/Page_Request SSN - ASSIST/Page_Request SSN - ASSIST - RO/Page_Request SSN - ASSIST (Query -OTC -RO)/Next' is clicked on

2018-12-12 12:34:44 - [TEST_STEP][PASSED] - delay: Delayed 2 second(s)

2018-12-12 12:34:46 - [MESSAGE][PASSED] - Delayed 2 second(s)

2018-12-12 12:34:46 - [TEST_STEP][PASSED] - click: Object: 'Object Repository/Final Object Repo/Page_Request SSN - ASSIST/Add Document Button' is clicked on

2018-12-12 12:34:47 - [MESSAGE][PASSED] - Object: 'Object Repository/Final Object Repo/Page_Request SSN - ASSIST/Add Document Button' is clicked on

2018-12-12 12:34:47 - [TEST_STEP][PASSED] - delay: Delayed 2 second(s)

2018-12-12 12:34:49 - [MESSAGE][PASSED] - Delayed 2 second(s)

2018-12-12 12:34:49 - [TEST_STEP][PASSED] - click: Object: 'Object Repository/Final Object Repo/Page_Request SSN - ASSIST/Document Type' is clicked on

2018-12-12 12:34:50 - [MESSAGE][PASSED] - Object: 'Object Repository/Final Object Repo/Page_Request SSN - ASSIST/Document Type' is clicked on

2018-12-12 12:34:50 - [TEST_STEP][PASSED] - click: Object: 'Object Repository/Final Object Repo/Page_Request SSN - ASSIST/Document Type - Birth Certificate' is clicked on

2018-12-12 12:34:50 - [MESSAGE][PASSED] - Object: 'Object Repository/Final Object Repo/Page_Request SSN - ASSIST/Document Type - Birth Certificate' is clicked on

2018-12-12 12:34:50 - [TEST_STEP][PASSED] - sendKeys: Keys 'C:\Users\Public\Pictures\Sample Pictures\Koala.jpg' sent to object: 'Object Repository/Final Object Repo/Page_Request SSN - ASSIST/Upload File'

2018-12-12 12:34:50 - [MESSAGE][PASSED] - Keys 'C:\Users\Public\Pictures\Sample Pictures\Koala.jpg' sent to object: 'Object Repository/Final Object Repo/Page_Request SSN - ASSIST/Upload File'

2018-12-12 12:34:50 - [TEST_STEP][PASSED] - click: Object: 'Object Repository/Final Object Repo/Page_Request SSN - ASSIST/Add Document' is clicked on

2018-12-12 12:34:50 - [MESSAGE][PASSED] - Object: 'Object Repository/Final Object Repo/Page_Request SSN - ASSIST/Add Document' is clicked on

2018-12-12 12:34:50 - [TEST_STEP][PASSED] - delay: Delayed 2 second(s)

2018-12-12 12:34:52 - [MESSAGE][PASSED] - Delayed 2 second(s)

2018-12-12 12:34:52 - [TEST_STEP][PASSED] - click: Object: 'Object Repository/Final Object Repo/Page_Request SSN - ASSIST/Page_Request SSN - ASSIST - RO/Page_Request SSN - ASSIST (Query -OTC -RO)/Exit' is clicked on

2018-12-12 12:34:55 - [MESSAGE][PASSED] - Object: 'Object Repository/Final Object Repo/Page_Request SSN - ASSIST/Page_Request SSN - ASSIST - RO/Page_Request SSN - ASSIST (Query -OTC -RO)/Exit' is clicked on

2018-12-12 12:34:55 - [TEST_STEP][PASSED] - delay: Delayed 2 second(s)

2018-12-12 12:34:57 - [MESSAGE][PASSED] - Delayed 2 second(s)

2018-12-12 12:34:57 - [TEST_STEP][PASSED] - navigateToUrl: Navigate to 'https://assist2-uat.perkeso.gov.my/c/portal/logout' successfully

2018-12-12 12:34:58 - [MESSAGE][PASSED] - Navigate to 'https://assist2-uat.perkeso.gov.my/c/portal/logout' successfully

2018-12-12 12:34:58 - [TEST_STEP][PASSED] - delay: Delayed 2 second(s)

2018-12-12 12:35:00 - [MESSAGE][PASSED] - Delayed 2 second(s)

2018-12-12 12:35:00 - [TEST_STEP][PASSED] - callTestCase: Call Test Case 'Test Cases/Final Aug 2018 - PKS Automation/Registration Module/Workflow/Login and Search Case For Workflow' successfully

2018-12-12 12:35:00 - [TEST_CASE][PASSED] - Test Cases/Final Aug 2018 - PKS Automation/Registration Module/Workflow/Login and Search Case For Workflow: Test Cases/Final Aug 2018 - PKS Automation/Registration Module/Workflow/Login and Search Case For Workflow

2018-12-12 12:35:00 - [TEST_STEP][PASSED] - navigateToUrl: Navigate to 'https://assist2-uat.perkeso.gov.my/login' successfully

2018-12-12 12:35:01 - [MESSAGE][PASSED] - Navigate to 'https://assist2-uat.perkeso.gov.my/login' successfully

2018-12-12 12:35:01 - [TEST_STEP][PASSED] - setText: Text 'johorro1@gmail.com' is set on object 'Object Repository/Final Object Repo/Login Page/Internal User/Email Address'

2018-12-12 12:35:01 - [MESSAGE][PASSED] - Text 'johorro1@gmail.com' is set on object 'Object Repository/Final Object Repo/Login Page/Internal User/Email Address'

2018-12-12 12:35:01 - [TEST_STEP][PASSED] - click: Object: 'Object Repository/Final Object Repo/Login Page/Internal User/Next Button' is clicked on

2018-12-12 12:35:01 - [MESSAGE][PASSED] - Object: 'Object Repository/Final Object Repo/Login Page/Internal User/Next Button' is clicked on

2018-12-12 12:35:01 - [TEST_STEP][PASSED] - delay: Delayed 1 second(s)

2018-12-12 12:35:02 - [MESSAGE][PASSED] - Delayed 1 second(s)

2018-12-12 12:35:02 - [TEST_STEP][PASSED] - setEncryptedText: Text ****** has been set on object 'Object Repository/Final Object Repo/Login Page/Internal User/Password'

2018-12-12 12:35:03 - [MESSAGE][PASSED] - Text ****** has been set on object 'Object Repository/Final Object Repo/Login Page/Internal User/Password'

2018-12-12 12:35:03 - [TEST_STEP][PASSED] - click: Object: 'Object Repository/Final Object Repo/Login Page/Internal User/Login Button' is clicked on

2018-12-12 12:35:03 - [MESSAGE][PASSED] - Object: 'Object Repository/Final Object Repo/Login Page/Internal User/Login Button' is clicked on

2018-12-12 12:35:03 - [TEST_STEP][PASSED] - delay: Delayed 2 second(s)

2018-12-12 12:35:05 - [MESSAGE][PASSED] - Delayed 2 second(s)

2018-12-12 12:35:05 - [TEST_STEP][PASSED] - Statement - Try: Delayed 2 second(s)

2018-12-12 12:35:05 - [TEST_STEP][PASSED] - Statement - Checker = false: null

2018-12-12 12:35:05 - [TEST_STEP][PASSED] - Statement - Checker = com.kms.katalon.core.webui.keyword.WebUiBuiltInKeywords.verifyElementHasAttribute(com.kms.katalon.core.testobject.ObjectRepository.findTestObject(Final Object Repo/Landing Page/BM Detecting), "href", 20, OPTIONAL): Object 'Object Repository/Final Object Repo/Landing Page/BM Detecting' has attribute 'href'

2018-12-12 12:35:05 - [MESSAGE][PASSED] - Object 'Object Repository/Final Object Repo/Landing Page/BM Detecting' has attribute 'href'

2018-12-12 12:35:05 - [TEST_STEP][PASSED] - Statement - out.println(Checker): null

2018-12-12 12:35:05 - [TEST_STEP][PASSED] - Statement - If (Checker == false): null

2018-12-12 12:35:05 - [TEST_STEP][PASSED] - Statement - Else: null

2018-12-12 12:35:05 - [TEST_STEP][PASSED] - delay: Delayed 2 second(s)

2018-12-12 12:35:07 - [MESSAGE][PASSED] - Delayed 2 second(s)

2018-12-12 12:35:07 - [TEST_STEP][PASSED] - click: Object: 'Object Repository/Final Object Repo/Page_MyASSIST - ASSIST - Search Pending Case For Add Supporting Document/Search Information' is clicked on

2018-12-12 12:35:08 - [MESSAGE][PASSED] - Object: 'Object Repository/Final Object Repo/Page_MyASSIST - ASSIST - Search Pending Case For Add Supporting Document/Search Information' is clicked on

2018-12-12 12:35:08 - [TEST_STEP][PASSED] - delay: Delayed 3 second(s)

2018-12-12 12:35:11 - [MESSAGE][PASSED] - Delayed 3 second(s)

2018-12-12 12:35:11 - [TEST_STEP][PASSED] - sendKeys: Keys 'SSN12201800001188' sent to object: 'Object Repository/Final Object Repo/Page_MyASSIST - ASSIST - Search Pending Case For Add Supporting Document/Reference No'

2018-12-12 12:35:11 - [MESSAGE][PASSED] - Keys 'SSN12201800001188' sent to object: 'Object Repository/Final Object Repo/Page_MyASSIST - ASSIST - Search Pending Case For Add Supporting Document/Reference No'

2018-12-12 12:35:11 - [TEST_STEP][PASSED] - click: Object: 'Object Repository/Final Object Repo/Page_MyASSIST - ASSIST - Search Pending Case For Add Supporting Document/Search Reference No' is clicked on

2018-12-12 12:35:11 - [MESSAGE][PASSED] - Object: 'Object Repository/Final Object Repo/Page_MyASSIST - ASSIST - Search Pending Case For Add Supporting Document/Search Reference No' is clicked on

2018-12-12 12:35:11 - [TEST_STEP][PASSED] - delay: Delayed 2 second(s)

2018-12-12 12:35:13 - [MESSAGE][PASSED] - Delayed 2 second(s)

2018-12-12 12:35:13 - [TEST_STEP][PASSED] - click: Object: 'Object Repository/Final Object Repo/Page_MyASSIST - ASSIST - Search Pending Case For Add Supporting Document/Continue' is clicked on

2018-12-12 12:35:20 - [MESSAGE][PASSED] - Object: 'Object Repository/Final Object Repo/Page_MyASSIST - ASSIST - Search Pending Case For Add Supporting Document/Continue' is clicked on

2018-12-12 12:35:20 - [TEST_STEP][PASSED] - delay: Delayed 20 second(s)

2018-12-12 12:35:40 - [MESSAGE][PASSED] - Delayed 20 second(s)

2018-12-12 12:35:40 - [MESSAGE][PASSED] - Call Test Case 'Test Cases/Final Aug 2018 - PKS Automation/Registration Module/Workflow/Login and Search Case For Workflow' successfully

2018-12-12 12:35:40 - [TEST_STEP][PASSED] - callTestCase: Call Test Case 'Test Cases/Final Aug 2018 - PKS Automation/Registration Module/Workflow/Request SSN/Template/Request SSN - RO (Approve)' successfully

2018-12-12 12:35:40 - [TEST_CASE][PASSED] - Test Cases/Final Aug 2018 - PKS Automation/Registration Module/Workflow/Request SSN/Template/Request SSN - RO (Approve): Test Cases/Final Aug 2018 - PKS Automation/Registration Module/Workflow/Request SSN/Template/Request SSN - RO (Approve)

2018-12-12 12:35:40 - [TEST_STEP][NOT_RUN] - openBrowser: NOT_RUN: openBrowser

2018-12-12 12:35:40 - [MESSAGE][NOT_RUN] - NOT_RUN: openBrowser

2018-12-12 12:35:40 - [TEST_STEP][NOT_RUN] - navigateToUrl: NOT_RUN: navigateToUrl

2018-12-12 12:35:40 - [MESSAGE][NOT_RUN] - NOT_RUN: navigateToUrl

2018-12-12 12:35:40 - [TEST_STEP][NOT_RUN] - setText: NOT_RUN: setText

2018-12-12 12:35:40 - [MESSAGE][NOT_RUN] - NOT_RUN: setText

2018-12-12 12:35:40 - [TEST_STEP][NOT_RUN] - click: NOT_RUN: click

2018-12-12 12:35:40 - [MESSAGE][NOT_RUN] - NOT_RUN: click

2018-12-12 12:35:40 - [TEST_STEP][NOT_RUN] - delay: NOT_RUN: delay

2018-12-12 12:35:40 - [MESSAGE][NOT_RUN] - NOT_RUN: delay

2018-12-12 12:35:40 - [TEST_STEP][NOT_RUN] - setEncryptedText: NOT_RUN: setEncryptedText

2018-12-12 12:35:40 - [MESSAGE][NOT_RUN] - NOT_RUN: setEncryptedText

2018-12-12 12:35:40 - [TEST_STEP][NOT_RUN] - click: NOT_RUN: click

2018-12-12 12:35:40 - [MESSAGE][NOT_RUN] - NOT_RUN: click

2018-12-12 12:35:40 - [TEST_STEP][NOT_RUN] - delay: NOT_RUN: delay

2018-12-12 12:35:40 - [MESSAGE][NOT_RUN] - NOT_RUN: delay

2018-12-12 12:35:40 - [TEST_STEP][NOT_RUN] - click: NOT_RUN: click

2018-12-12 12:35:40 - [MESSAGE][NOT_RUN] - NOT_RUN: click

2018-12-12 12:35:40 - [TEST_STEP][NOT_RUN] - delay: NOT_RUN: delay

2018-12-12 12:35:40 - [MESSAGE][NOT_RUN] - NOT_RUN: delay

2018-12-12 12:35:40 - [TEST_STEP][NOT_RUN] - sendKeys: NOT_RUN: sendKeys

2018-12-12 12:35:40 - [MESSAGE][NOT_RUN] - NOT_RUN: sendKeys

2018-12-12 12:35:40 - [TEST_STEP][NOT_RUN] - click: NOT_RUN: click

2018-12-12 12:35:40 - [MESSAGE][NOT_RUN] - NOT_RUN: click

2018-12-12 12:35:40 - [TEST_STEP][NOT_RUN] - delay: NOT_RUN: delay

2018-12-12 12:35:40 - [MESSAGE][NOT_RUN] - NOT_RUN: delay

2018-12-12 12:35:40 - [TEST_STEP][NOT_RUN] - click: NOT_RUN: click

2018-12-12 12:35:40 - [MESSAGE][NOT_RUN] - NOT_RUN: click

2018-12-12 12:35:40 - [TEST_STEP][PASSED] - click: Object: 'Object Repository/Final Object Repo/Page_Request SSN - ASSIST/Page_Request SSN - ASSIST - RO/Approval For SSN' is clicked on

2018-12-12 12:35:40 - [MESSAGE][PASSED] - Object: 'Object Repository/Final Object Repo/Page_Request SSN - ASSIST/Page_Request SSN - ASSIST - RO/Approval For SSN' is clicked on

2018-12-12 12:35:40 - [TEST_STEP][PASSED] - click: Object: 'Object Repository/Final Object Repo/Page_Request SSN - ASSIST/Page_Request SSN - ASSIST - RO/Approval For SSN - Approve' is clicked on

2018-12-12 12:35:40 - [MESSAGE][PASSED] - Object: 'Object Repository/Final Object Repo/Page_Request SSN - ASSIST/Page_Request SSN - ASSIST - RO/Approval For SSN - Approve' is clicked on

2018-12-12 12:35:40 - [TEST_STEP][PASSED] - delay: Delayed 2 second(s)

2018-12-12 12:35:42 - [MESSAGE][PASSED] - Delayed 2 second(s)

2018-12-12 12:35:42 - [TEST_STEP][PASSED] - click: Object: 'Object Repository/Final Object Repo/Page_Request SSN - ASSIST/Page_Request SSN - ASSIST - RO/Save  Continue in SSN Page' is clicked on

2018-12-12 12:35:43 - [MESSAGE][PASSED] - Object: 'Object Repository/Final Object Repo/Page_Request SSN - ASSIST/Page_Request SSN - ASSIST - RO/Save  Continue in SSN Page' is clicked on

2018-12-12 12:35:43 - [TEST_STEP][PASSED] - delay: Delayed 2 second(s)

2018-12-12 12:35:45 - [MESSAGE][PASSED] - Delayed 2 second(s)

2018-12-12 12:35:45 - [TEST_STEP][PASSED] - click: Object: 'Object Repository/Final Object Repo/Page_Request SSN - ASSIST/Page_Request SSN - ASSIST - RO/Save  Continue in Uploading Document Page' is clicked on

2018-12-12 12:35:47 - [MESSAGE][PASSED] - Object: 'Object Repository/Final Object Repo/Page_Request SSN - ASSIST/Page_Request SSN - ASSIST - RO/Save  Continue in Uploading Document Page' is clicked on

2018-12-12 12:35:47 - [TEST_STEP][PASSED] - delay: Delayed 2 second(s)

2018-12-12 12:35:49 - [MESSAGE][PASSED] - Delayed 2 second(s)

2018-12-12 12:35:49 - [TEST_STEP][PASSED] - click: Object: 'Object Repository/Final Object Repo/Page_Request SSN - ASSIST/Page_Request SSN - ASSIST - RO/Submit' is clicked on

2018-12-12 12:35:52 - [MESSAGE][PASSED] - Object: 'Object Repository/Final Object Repo/Page_Request SSN - ASSIST/Page_Request SSN - ASSIST - RO/Submit' is clicked on

2018-12-12 12:35:52 - [TEST_STEP][PASSED] - delay: Delayed 2 second(s)

2018-12-12 12:35:54 - [MESSAGE][PASSED] - Delayed 2 second(s)

2018-12-12 12:35:54 - [TEST_STEP][PASSED] - click: Object: 'Object Repository/Final Object Repo/Page_Request SSN - ASSIST/Page_Request SSN - ASSIST - RO/Confirm' is clicked on

2018-12-12 12:35:54 - [MESSAGE][PASSED] - Object: 'Object Repository/Final Object Repo/Page_Request SSN - ASSIST/Page_Request SSN - ASSIST - RO/Confirm' is clicked on

2018-12-12 12:35:54 - [TEST_STEP][PASSED] - delay: Delayed 2 second(s)

2018-12-12 12:35:56 - [MESSAGE][PASSED] - Delayed 2 second(s)

2018-12-12 12:35:56 - [TEST_STEP][PASSED] - verifyElementVisible: Object 'Object Repository/Final Object Repo/Page_Request SSN - ASSIST/Page_Request SSN - ASSIST - RO/Successfull Message Your application has submitted' is visible

2018-12-12 12:36:03 - [MESSAGE][PASSED] - Object 'Object Repository/Final Object Repo/Page_Request SSN - ASSIST/Page_Request SSN - ASSIST - RO/Successfull Message Your application has submitted' is visible

2018-12-12 12:36:03 - [TEST_STEP][PASSED] - delay: Delayed 2 second(s)

2018-12-12 12:36:05 - [MESSAGE][PASSED] - Delayed 2 second(s)

2018-12-12 12:36:05 - [TEST_STEP][PASSED] - verifyElementVisible: Object 'Object Repository/Final Object Repo/Page_Request SSN - ASSIST/Page_Request SSN - ASSIST - RO/Letter of approval' is visible

2018-12-12 12:36:05 - [MESSAGE][PASSED] - Object 'Object Repository/Final Object Repo/Page_Request SSN - ASSIST/Page_Request SSN - ASSIST - RO/Letter of approval' is visible

2018-12-12 12:36:05 - [MESSAGE][PASSED] - Call Test Case 'Test Cases/Final Aug 2018 - PKS Automation/Registration Module/Workflow/Request SSN/Template/Request SSN - RO (Approve)' successfully

2018-12-12 12:36:05 - [MESSAGE][PASSED] - Call Test Case 'Test Cases/Final Aug 2018 - PKS Automation/Registration Module/Workflow/Request SSN/Template/Request SSN  RO (Approve after Query)' successfully

2018-12-12 12:36:05 - [MESSAGE][PASSED] - Call Test Case 'Test Cases/Final Aug 2018 - PKS Automation/Registration Module/Workflow/Request SSN/Template/Request SSN RIO - RO (Query)' successfully]]></system-out>
         <system-err><![CDATA[]]></system-err>
      </testcase>
      <testcase name="Test Cases/Final Aug 2018 - PKS Automation/Registration Module/Workflow/Request SSN/OTC - RIO - RO (Under enforcement)" classname="Test Cases/Final Aug 2018 - PKS Automation/Registration Module/Workflow/Request SSN/OTC - RIO - RO (Under enforcement)" status="PASSED">
         <system-out><![CDATA[2018-12-12 12:36:05 - [TEST_CASE][PASSED] - Test Cases/Final Aug 2018 - PKS Automation/Registration Module/Workflow/Request SSN/OTC - RIO - RO (Under enforcement): Test Cases/Final Aug 2018 - PKS Automation/Registration Module/Workflow/Request SSN/OTC - RIO - RO (Under enforcement)

2018-12-12 12:36:05 - [TEST_STEP][PASSED] - callTestCase: Call Test Case 'Test Cases/Final Aug 2018 - PKS Automation/Registration Module/Workflow/Request SSN/Template/Request SSN - OTC' successfully

2018-12-12 12:36:05 - [TEST_CASE][PASSED] - Test Cases/Final Aug 2018 - PKS Automation/Registration Module/Workflow/Request SSN/Template/Request SSN - OTC: Test Cases/Final Aug 2018 - PKS Automation/Registration Module/Workflow/Request SSN/Template/Request SSN - OTC

2018-12-12 12:36:05 - [TEST_STEP][PASSED] - openBrowser: Browser is opened with url: ''

2018-12-12 12:36:05 - [MESSAGE][WARNING] - A browser is already opened. Closing browser and opening a new one

2018-12-12 12:36:10 - [MESSAGE][PASSED] - Browser is opened with url: ''

2018-12-12 12:36:10 - [TEST_STEP][PASSED] - navigateToUrl: Navigate to 'https://assist2-uat.perkeso.gov.my/login' successfully

2018-12-12 12:36:11 - [MESSAGE][PASSED] - Navigate to 'https://assist2-uat.perkeso.gov.my/login' successfully

2018-12-12 12:36:11 - [TEST_STEP][PASSED] - setText: Text 'johorotc1@gmail.com' is set on object 'Object Repository/Final Object Repo/Login Page/Internal User/Email Address'

2018-12-12 12:36:11 - [MESSAGE][PASSED] - Text 'johorotc1@gmail.com' is set on object 'Object Repository/Final Object Repo/Login Page/Internal User/Email Address'

2018-12-12 12:36:11 - [TEST_STEP][PASSED] - click: Object: 'Object Repository/Final Object Repo/Login Page/Internal User/Next Button' is clicked on

2018-12-12 12:36:11 - [MESSAGE][PASSED] - Object: 'Object Repository/Final Object Repo/Login Page/Internal User/Next Button' is clicked on

2018-12-12 12:36:11 - [TEST_STEP][PASSED] - delay: Delayed 1 second(s)

2018-12-12 12:36:12 - [MESSAGE][PASSED] - Delayed 1 second(s)

2018-12-12 12:36:12 - [TEST_STEP][PASSED] - setEncryptedText: Text ****** has been set on object 'Object Repository/Final Object Repo/Login Page/Internal User/Password'

2018-12-12 12:36:13 - [MESSAGE][PASSED] - Text ****** has been set on object 'Object Repository/Final Object Repo/Login Page/Internal User/Password'

2018-12-12 12:36:13 - [TEST_STEP][PASSED] - click: Object: 'Object Repository/Final Object Repo/Login Page/Internal User/Login Button' is clicked on

2018-12-12 12:36:13 - [MESSAGE][PASSED] - Object: 'Object Repository/Final Object Repo/Login Page/Internal User/Login Button' is clicked on

2018-12-12 12:36:13 - [TEST_STEP][PASSED] - Statement - Try: null

2018-12-12 12:36:13 - [TEST_STEP][PASSED] - Statement - Checker = com.kms.katalon.core.webui.keyword.WebUiBuiltInKeywords.verifyElementNotPresent("Final Object Repo/Landing Page/Select to English", 3): null

2018-12-12 12:36:13 - [TEST_STEP][PASSED] - Statement - Catch (Exception e): null

2018-12-12 12:36:13 - [TEST_STEP][PASSED] - Statement - e.printStackTrace(): null

2018-12-12 12:36:13 - [TEST_STEP][PASSED] - delay: Delayed 5 second(s)

2018-12-12 12:36:18 - [MESSAGE][PASSED] - Delayed 5 second(s)

2018-12-12 12:36:18 - [TEST_STEP][PASSED] - delay: Delayed 1 second(s)

2018-12-12 12:36:19 - [MESSAGE][PASSED] - Delayed 1 second(s)

2018-12-12 12:36:19 - [TEST_STEP][PASSED] - navigateToUrl: Navigate to 'https://assist2-uat.perkeso.gov.my/web/registration/request-ssn' successfully

2018-12-12 12:36:23 - [MESSAGE][PASSED] - Navigate to 'https://assist2-uat.perkeso.gov.my/web/registration/request-ssn' successfully

2018-12-12 12:36:23 - [TEST_STEP][PASSED] - setText: Text 'perkeso' is set on object 'Object Repository/Final Object Repo/Page_Request SSN - ASSIST/AI - Name'

2018-12-12 12:36:24 - [MESSAGE][PASSED] - Text 'perkeso' is set on object 'Object Repository/Final Object Repo/Page_Request SSN - ASSIST/AI - Name'

2018-12-12 12:36:24 - [TEST_STEP][PASSED] - click: Object: 'Object Repository/Final Object Repo/Page_Request SSN - ASSIST/AI - DOB' is clicked on

2018-12-12 12:36:24 - [MESSAGE][PASSED] - Object: 'Object Repository/Final Object Repo/Page_Request SSN - ASSIST/AI - DOB' is clicked on

2018-12-12 12:36:24 - [TEST_STEP][PASSED] - selectOptionByValue: All options with value '1995' are selected in object 'Object Repository/Final Object Repo/Page_Request SSN - ASSIST/AI - DOB - Year' 

2018-12-12 12:36:24 - [MESSAGE][PASSED] - All options with value '1995' are selected in object 'Object Repository/Final Object Repo/Page_Request SSN - ASSIST/AI - DOB - Year' 

2018-12-12 12:36:24 - [TEST_STEP][PASSED] - delay: Delayed 3 second(s)

2018-12-12 12:36:27 - [MESSAGE][PASSED] - Delayed 3 second(s)

2018-12-12 12:36:27 - [TEST_STEP][PASSED] - doubleClick: Object: 'Object Repository/Final Object Repo/Page_Request SSN - ASSIST/AI - DOB - Year - Date' is double clicked on

2018-12-12 12:36:27 - [MESSAGE][PASSED] - Object: 'Object Repository/Final Object Repo/Page_Request SSN - ASSIST/AI - DOB - Year - Date' is double clicked on

2018-12-12 12:36:27 - [TEST_STEP][PASSED] - click: Object: 'Object Repository/Final Object Repo/Page_Request SSN - ASSIST/AI - Male' is clicked on

2018-12-12 12:36:28 - [MESSAGE][PASSED] - Object: 'Object Repository/Final Object Repo/Page_Request SSN - ASSIST/AI - Male' is clicked on

2018-12-12 12:36:28 - [TEST_STEP][PASSED] - click: Object: 'Object Repository/Final Object Repo/Page_Request SSN - ASSIST/AI- Race' is clicked on

2018-12-12 12:36:28 - [MESSAGE][PASSED] - Object: 'Object Repository/Final Object Repo/Page_Request SSN - ASSIST/AI- Race' is clicked on

2018-12-12 12:36:28 - [TEST_STEP][PASSED] - click: Object: 'Object Repository/Final Object Repo/Page_Request SSN - ASSIST/AI - Race - Melayu' is clicked on

2018-12-12 12:36:28 - [MESSAGE][PASSED] - Object: 'Object Repository/Final Object Repo/Page_Request SSN - ASSIST/AI - Race - Melayu' is clicked on

2018-12-12 12:36:28 - [TEST_STEP][PASSED] - click: Object: 'Object Repository/Final Object Repo/Page_Request SSN - ASSIST/AI - Religion' is clicked on

2018-12-12 12:36:28 - [MESSAGE][PASSED] - Object: 'Object Repository/Final Object Repo/Page_Request SSN - ASSIST/AI - Religion' is clicked on

2018-12-12 12:36:28 - [TEST_STEP][PASSED] - click: Object: 'Object Repository/Final Object Repo/Page_Request SSN - ASSIST/AI - Religion - Islam' is clicked on

2018-12-12 12:36:29 - [MESSAGE][PASSED] - Object: 'Object Repository/Final Object Repo/Page_Request SSN - ASSIST/AI - Religion - Islam' is clicked on

2018-12-12 12:36:29 - [TEST_STEP][PASSED] - setText: Text '12345' is set on object 'Object Repository/Final Object Repo/Page_Request SSN - ASSIST/AI - Birth Certificate'

2018-12-12 12:36:29 - [MESSAGE][PASSED] - Text '12345' is set on object 'Object Repository/Final Object Repo/Page_Request SSN - ASSIST/AI - Birth Certificate'

2018-12-12 12:36:29 - [TEST_STEP][PASSED] - click: Object: 'Object Repository/Final Object Repo/Page_Request SSN - ASSIST/AI - Nationality' is clicked on

2018-12-12 12:36:29 - [MESSAGE][PASSED] - Object: 'Object Repository/Final Object Repo/Page_Request SSN - ASSIST/AI - Nationality' is clicked on

2018-12-12 12:36:29 - [TEST_STEP][PASSED] - click: Object: 'Object Repository/Final Object Repo/Page_Request SSN - ASSIST/AI - Nationality - Afghanistan' is clicked on

2018-12-12 12:36:30 - [MESSAGE][PASSED] - Object: 'Object Repository/Final Object Repo/Page_Request SSN - ASSIST/AI - Nationality - Afghanistan' is clicked on

2018-12-12 12:36:30 - [TEST_STEP][PASSED] - setText: Text 'PERKESO ADDRESS1' is set on object 'Object Repository/Final Object Repo/Page_Request SSN - ASSIST/AI - Address1'

2018-12-12 12:36:31 - [MESSAGE][PASSED] - Text 'PERKESO ADDRESS1' is set on object 'Object Repository/Final Object Repo/Page_Request SSN - ASSIST/AI - Address1'

2018-12-12 12:36:31 - [TEST_STEP][PASSED] - setText: Text 'PERKESO ADDRESS2' is set on object 'Object Repository/Final Object Repo/Page_Request SSN - ASSIST/AI - Address2'

2018-12-12 12:36:32 - [MESSAGE][PASSED] - Text 'PERKESO ADDRESS2' is set on object 'Object Repository/Final Object Repo/Page_Request SSN - ASSIST/AI - Address2'

2018-12-12 12:36:32 - [TEST_STEP][PASSED] - setText: Text 'PERKESO ADDRESS3' is set on object 'Object Repository/Final Object Repo/Page_Request SSN - ASSIST/AI - Address3'

2018-12-12 12:36:33 - [MESSAGE][PASSED] - Text 'PERKESO ADDRESS3' is set on object 'Object Repository/Final Object Repo/Page_Request SSN - ASSIST/AI - Address3'

2018-12-12 12:36:33 - [TEST_STEP][PASSED] - click: Object: 'Object Repository/Final Object Repo/Page_Request SSN - ASSIST/AI - State' is clicked on

2018-12-12 12:36:34 - [MESSAGE][PASSED] - Object: 'Object Repository/Final Object Repo/Page_Request SSN - ASSIST/AI - State' is clicked on

2018-12-12 12:36:34 - [TEST_STEP][PASSED] - click: Object: 'Object Repository/Final Object Repo/Page_Request SSN - ASSIST/AI - Current Employer State - Johor' is clicked on

2018-12-12 12:36:34 - [MESSAGE][PASSED] - Object: 'Object Repository/Final Object Repo/Page_Request SSN - ASSIST/AI - Current Employer State - Johor' is clicked on

2018-12-12 12:36:34 - [TEST_STEP][PASSED] - click: Object: 'Object Repository/Final Object Repo/Page_Request SSN - ASSIST/AI - City' is clicked on

2018-12-12 12:36:34 - [MESSAGE][PASSED] - Object: 'Object Repository/Final Object Repo/Page_Request SSN - ASSIST/AI - City' is clicked on

2018-12-12 12:36:34 - [TEST_STEP][PASSED] - setText: Text 'JOH' is set on object 'Object Repository/Final Object Repo/Page_Request SSN - ASSIST/AI - City - JOH'

2018-12-12 12:36:35 - [MESSAGE][PASSED] - Text 'JOH' is set on object 'Object Repository/Final Object Repo/Page_Request SSN - ASSIST/AI - City - JOH'

2018-12-12 12:36:35 - [TEST_STEP][PASSED] - delay: Delayed 3 second(s)

2018-12-12 12:36:38 - [MESSAGE][PASSED] - Delayed 3 second(s)

2018-12-12 12:36:38 - [TEST_STEP][PASSED] - click: Object: 'Object Repository/Final Object Repo/Page_Request SSN - ASSIST/AI - City - Johor Bharu' is clicked on

2018-12-12 12:36:38 - [MESSAGE][PASSED] - Object: 'Object Repository/Final Object Repo/Page_Request SSN - ASSIST/AI - City - Johor Bharu' is clicked on

2018-12-12 12:36:38 - [TEST_STEP][PASSED] - click: Object: 'Object Repository/Final Object Repo/Page_Request SSN - ASSIST/AI - Post Code' is clicked on

2018-12-12 12:36:38 - [MESSAGE][PASSED] - Object: 'Object Repository/Final Object Repo/Page_Request SSN - ASSIST/AI - Post Code' is clicked on

2018-12-12 12:36:38 - [TEST_STEP][PASSED] - setText: Text '810' is set on object 'Object Repository/Final Object Repo/Page_Request SSN - ASSIST/AI - City - JOH'

2018-12-12 12:36:39 - [MESSAGE][PASSED] - Text '810' is set on object 'Object Repository/Final Object Repo/Page_Request SSN - ASSIST/AI - City - JOH'

2018-12-12 12:36:39 - [TEST_STEP][PASSED] - delay: Delayed 3 second(s)

2018-12-12 12:36:42 - [MESSAGE][PASSED] - Delayed 3 second(s)

2018-12-12 12:36:42 - [TEST_STEP][PASSED] - click: Object: 'Object Repository/Final Object Repo/Page_Request SSN - ASSIST/AI - PostCode - 81000' is clicked on

2018-12-12 12:36:42 - [MESSAGE][PASSED] - Object: 'Object Repository/Final Object Repo/Page_Request SSN - ASSIST/AI - PostCode - 81000' is clicked on

2018-12-12 12:36:42 - [TEST_STEP][PASSED] - setText: Text '100' is set on object 'Object Repository/Final Object Repo/Page_Request SSN - ASSIST/P.O.BOX'

2018-12-12 12:36:43 - [MESSAGE][PASSED] - Text '100' is set on object 'Object Repository/Final Object Repo/Page_Request SSN - ASSIST/P.O.BOX'

2018-12-12 12:36:43 - [TEST_STEP][PASSED] - setText: Text '100' is set on object 'Object Repository/Final Object Repo/Page_Request SSN - ASSIST/Locked Bag No'

2018-12-12 12:36:43 - [MESSAGE][PASSED] - Text '100' is set on object 'Object Repository/Final Object Repo/Page_Request SSN - ASSIST/Locked Bag No'

2018-12-12 12:36:43 - [TEST_STEP][PASSED] - delay: Delayed 2 second(s)

2018-12-12 12:36:45 - [MESSAGE][PASSED] - Delayed 2 second(s)

2018-12-12 12:36:45 - [TEST_STEP][PASSED] - setText: Text '123456789' is set on object 'Object Repository/Final Object Repo/Page_Request SSN - ASSIST/AI - Telephone No'

2018-12-12 12:36:46 - [MESSAGE][PASSED] - Text '123456789' is set on object 'Object Repository/Final Object Repo/Page_Request SSN - ASSIST/AI - Telephone No'

2018-12-12 12:36:46 - [TEST_STEP][PASSED] - click: Object: 'Object Repository/Final Object Repo/Page_Request SSN - ASSIST/AI - Occupation' is clicked on

2018-12-12 12:36:46 - [MESSAGE][PASSED] - Object: 'Object Repository/Final Object Repo/Page_Request SSN - ASSIST/AI - Occupation' is clicked on

2018-12-12 12:36:46 - [TEST_STEP][PASSED] - click: Object: 'Object Repository/Final Object Repo/Page_Request SSN - ASSIST/AI - Occupation - NUMERICAL AND MATERIAL R' is clicked on

2018-12-12 12:36:47 - [MESSAGE][PASSED] - Object: 'Object Repository/Final Object Repo/Page_Request SSN - ASSIST/AI - Occupation - NUMERICAL AND MATERIAL R' is clicked on

2018-12-12 12:36:47 - [TEST_STEP][PASSED] - delay: Delayed 2 second(s)

2018-12-12 12:36:49 - [MESSAGE][PASSED] - Delayed 2 second(s)

2018-12-12 12:36:49 - [TEST_STEP][PASSED] - click: Object: 'Object Repository/Final Object Repo/Page_Request SSN - ASSIST/AI - Sub Occupation' is clicked on

2018-12-12 12:36:49 - [MESSAGE][PASSED] - Object: 'Object Repository/Final Object Repo/Page_Request SSN - ASSIST/AI - Sub Occupation' is clicked on

2018-12-12 12:36:49 - [TEST_STEP][PASSED] - click: Object: 'Object Repository/Final Object Repo/Page_Request SSN - ASSIST/AI - Sub Occupation - Stock Clerks' is clicked on

2018-12-12 12:36:49 - [MESSAGE][PASSED] - Object: 'Object Repository/Final Object Repo/Page_Request SSN - ASSIST/AI - Sub Occupation - Stock Clerks' is clicked on

2018-12-12 12:36:49 - [TEST_STEP][PASSED] - delay: Delayed 2 second(s)

2018-12-12 12:36:51 - [MESSAGE][PASSED] - Delayed 2 second(s)

2018-12-12 12:36:51 - [TEST_STEP][PASSED] - click: Object: 'Object Repository/Final Object Repo/Page_Request SSN - ASSIST/AI - Sub Occupation List' is clicked on

2018-12-12 12:36:51 - [MESSAGE][PASSED] - Object: 'Object Repository/Final Object Repo/Page_Request SSN - ASSIST/AI - Sub Occupation List' is clicked on

2018-12-12 12:36:51 - [TEST_STEP][PASSED] - click: Object: 'Object Repository/Final Object Repo/Page_Request SSN - ASSIST/AI - Sub Occupation List - Clerk raw material' is clicked on

2018-12-12 12:36:52 - [MESSAGE][PASSED] - Object: 'Object Repository/Final Object Repo/Page_Request SSN - ASSIST/AI - Sub Occupation List - Clerk raw material' is clicked on

2018-12-12 12:36:52 - [TEST_STEP][PASSED] - click: Object: 'Object Repository/Final Object Repo/Page_Request SSN - ASSIST/AI - Employment Start Date' is clicked on

2018-12-12 12:36:52 - [MESSAGE][PASSED] - Object: 'Object Repository/Final Object Repo/Page_Request SSN - ASSIST/AI - Employment Start Date' is clicked on

2018-12-12 12:36:52 - [TEST_STEP][PASSED] - click: Object: 'Object Repository/Final Object Repo/Page_Request SSN - ASSIST/AI - DOB - Year - Date' is clicked on

2018-12-12 12:36:52 - [MESSAGE][PASSED] - Object: 'Object Repository/Final Object Repo/Page_Request SSN - ASSIST/AI - DOB - Year - Date' is clicked on

2018-12-12 12:36:52 - [TEST_STEP][PASSED] - setText: Text 'perkeso' is set on object 'Object Repository/Final Object Repo/Page_Request SSN - ASSIST/AI - Current Employer Name'

2018-12-12 12:36:53 - [MESSAGE][PASSED] - Text 'perkeso' is set on object 'Object Repository/Final Object Repo/Page_Request SSN - ASSIST/AI - Current Employer Name'

2018-12-12 12:36:53 - [TEST_STEP][PASSED] - setText: Text 'perkeso1' is set on object 'Object Repository/Final Object Repo/Page_Request SSN - ASSIST/AI - Current Employer Address1'

2018-12-12 12:36:54 - [MESSAGE][PASSED] - Text 'perkeso1' is set on object 'Object Repository/Final Object Repo/Page_Request SSN - ASSIST/AI - Current Employer Address1'

2018-12-12 12:36:54 - [TEST_STEP][PASSED] - setText: Text 'perkeso2' is set on object 'Object Repository/Final Object Repo/Page_Request SSN - ASSIST/AI - Current Employer Address2'

2018-12-12 12:36:55 - [MESSAGE][PASSED] - Text 'perkeso2' is set on object 'Object Repository/Final Object Repo/Page_Request SSN - ASSIST/AI - Current Employer Address2'

2018-12-12 12:36:55 - [TEST_STEP][PASSED] - setText: Text 'perkeso3' is set on object 'Object Repository/Final Object Repo/Page_Request SSN - ASSIST/AI - Current Employer Address3'

2018-12-12 12:36:55 - [MESSAGE][PASSED] - Text 'perkeso3' is set on object 'Object Repository/Final Object Repo/Page_Request SSN - ASSIST/AI - Current Employer Address3'

2018-12-12 12:36:55 - [TEST_STEP][PASSED] - click: Object: 'Object Repository/Final Object Repo/Page_Request SSN - ASSIST/AI - Current Employer State' is clicked on

2018-12-12 12:36:55 - [MESSAGE][PASSED] - Object: 'Object Repository/Final Object Repo/Page_Request SSN - ASSIST/AI - Current Employer State' is clicked on

2018-12-12 12:36:55 - [TEST_STEP][PASSED] - click: Object: 'Object Repository/Final Object Repo/Page_Request SSN - ASSIST/AI - Current Employer State - Johor 1' is clicked on

2018-12-12 12:36:56 - [MESSAGE][PASSED] - Object: 'Object Repository/Final Object Repo/Page_Request SSN - ASSIST/AI - Current Employer State - Johor 1' is clicked on

2018-12-12 12:36:56 - [TEST_STEP][PASSED] - click: Object: 'Object Repository/Final Object Repo/Page_Request SSN - ASSIST/AI - Current Employer City' is clicked on

2018-12-12 12:36:56 - [MESSAGE][PASSED] - Object: 'Object Repository/Final Object Repo/Page_Request SSN - ASSIST/AI - Current Employer City' is clicked on

2018-12-12 12:36:56 - [TEST_STEP][PASSED] - setText: Text 'joh' is set on object 'Object Repository/Final Object Repo/Page_Request SSN - ASSIST/AI - City - JOH'

2018-12-12 12:36:57 - [MESSAGE][PASSED] - Text 'joh' is set on object 'Object Repository/Final Object Repo/Page_Request SSN - ASSIST/AI - City - JOH'

2018-12-12 12:36:57 - [TEST_STEP][PASSED] - delay: Delayed 2 second(s)

2018-12-12 12:36:59 - [MESSAGE][PASSED] - Delayed 2 second(s)

2018-12-12 12:36:59 - [TEST_STEP][PASSED] - click: Object: 'Object Repository/Final Object Repo/Page_Request SSN - ASSIST/AI - City - Johor Bharu' is clicked on

2018-12-12 12:36:59 - [MESSAGE][PASSED] - Object: 'Object Repository/Final Object Repo/Page_Request SSN - ASSIST/AI - City - Johor Bharu' is clicked on

2018-12-12 12:36:59 - [TEST_STEP][PASSED] - click: Object: 'Object Repository/Final Object Repo/Page_Request SSN - ASSIST/AI - Current Employer Postcode' is clicked on

2018-12-12 12:36:59 - [MESSAGE][PASSED] - Object: 'Object Repository/Final Object Repo/Page_Request SSN - ASSIST/AI - Current Employer Postcode' is clicked on

2018-12-12 12:36:59 - [TEST_STEP][PASSED] - setText: Text '810' is set on object 'Object Repository/Final Object Repo/Page_Request SSN - ASSIST/AI - City - JOH'

2018-12-12 12:37:00 - [MESSAGE][PASSED] - Text '810' is set on object 'Object Repository/Final Object Repo/Page_Request SSN - ASSIST/AI - City - JOH'

2018-12-12 12:37:00 - [TEST_STEP][PASSED] - delay: Delayed 2 second(s)

2018-12-12 12:37:02 - [MESSAGE][PASSED] - Delayed 2 second(s)

2018-12-12 12:37:02 - [TEST_STEP][PASSED] - click: Object: 'Object Repository/Final Object Repo/Page_Request SSN - ASSIST/AI - PostCode - 81000' is clicked on

2018-12-12 12:37:02 - [MESSAGE][PASSED] - Object: 'Object Repository/Final Object Repo/Page_Request SSN - ASSIST/AI - PostCode - 81000' is clicked on

2018-12-12 12:37:02 - [TEST_STEP][NOT_RUN] - setText: NOT_RUN: setText

2018-12-12 12:37:02 - [MESSAGE][NOT_RUN] - NOT_RUN: setText

2018-12-12 12:37:02 - [TEST_STEP][NOT_RUN] - setText: NOT_RUN: setText

2018-12-12 12:37:02 - [MESSAGE][NOT_RUN] - NOT_RUN: setText

2018-12-12 12:37:02 - [TEST_STEP][NOT_RUN] - click: NOT_RUN: click

2018-12-12 12:37:02 - [MESSAGE][NOT_RUN] - NOT_RUN: click

2018-12-12 12:37:02 - [TEST_STEP][NOT_RUN] - click: NOT_RUN: click

2018-12-12 12:37:02 - [MESSAGE][NOT_RUN] - NOT_RUN: click

2018-12-12 12:37:02 - [TEST_STEP][NOT_RUN] - setText: NOT_RUN: setText

2018-12-12 12:37:02 - [MESSAGE][NOT_RUN] - NOT_RUN: setText

2018-12-12 12:37:02 - [TEST_STEP][NOT_RUN] - click: NOT_RUN: click

2018-12-12 12:37:02 - [MESSAGE][NOT_RUN] - NOT_RUN: click

2018-12-12 12:37:02 - [TEST_STEP][NOT_RUN] - click: NOT_RUN: click

2018-12-12 12:37:02 - [MESSAGE][NOT_RUN] - NOT_RUN: click

2018-12-12 12:37:02 - [TEST_STEP][NOT_RUN] - click: NOT_RUN: click

2018-12-12 12:37:02 - [MESSAGE][NOT_RUN] - NOT_RUN: click

2018-12-12 12:37:02 - [TEST_STEP][NOT_RUN] - click: NOT_RUN: click

2018-12-12 12:37:02 - [MESSAGE][NOT_RUN] - NOT_RUN: click

2018-12-12 12:37:02 - [TEST_STEP][NOT_RUN] - click: NOT_RUN: click

2018-12-12 12:37:02 - [MESSAGE][NOT_RUN] - NOT_RUN: click

2018-12-12 12:37:02 - [TEST_STEP][NOT_RUN] - click: NOT_RUN: click

2018-12-12 12:37:02 - [MESSAGE][NOT_RUN] - NOT_RUN: click

2018-12-12 12:37:02 - [TEST_STEP][NOT_RUN] - setText: NOT_RUN: setText

2018-12-12 12:37:02 - [MESSAGE][NOT_RUN] - NOT_RUN: setText

2018-12-12 12:37:02 - [TEST_STEP][NOT_RUN] - setText: NOT_RUN: setText

2018-12-12 12:37:02 - [MESSAGE][NOT_RUN] - NOT_RUN: setText

2018-12-12 12:37:02 - [TEST_STEP][NOT_RUN] - setText: NOT_RUN: setText

2018-12-12 12:37:02 - [MESSAGE][NOT_RUN] - NOT_RUN: setText

2018-12-12 12:37:02 - [TEST_STEP][NOT_RUN] - click: NOT_RUN: click

2018-12-12 12:37:02 - [MESSAGE][NOT_RUN] - NOT_RUN: click

2018-12-12 12:37:02 - [TEST_STEP][NOT_RUN] - click: NOT_RUN: click

2018-12-12 12:37:02 - [MESSAGE][NOT_RUN] - NOT_RUN: click

2018-12-12 12:37:02 - [TEST_STEP][NOT_RUN] - click: NOT_RUN: click

2018-12-12 12:37:02 - [MESSAGE][NOT_RUN] - NOT_RUN: click

2018-12-12 12:37:02 - [TEST_STEP][NOT_RUN] - setText: NOT_RUN: setText

2018-12-12 12:37:02 - [MESSAGE][NOT_RUN] - NOT_RUN: setText

2018-12-12 12:37:02 - [TEST_STEP][NOT_RUN] - delay: NOT_RUN: delay

2018-12-12 12:37:02 - [MESSAGE][NOT_RUN] - NOT_RUN: delay

2018-12-12 12:37:02 - [TEST_STEP][NOT_RUN] - click: NOT_RUN: click

2018-12-12 12:37:02 - [MESSAGE][NOT_RUN] - NOT_RUN: click

2018-12-12 12:37:02 - [TEST_STEP][NOT_RUN] - click: NOT_RUN: click

2018-12-12 12:37:02 - [MESSAGE][NOT_RUN] - NOT_RUN: click

2018-12-12 12:37:02 - [TEST_STEP][NOT_RUN] - click: NOT_RUN: click

2018-12-12 12:37:02 - [MESSAGE][NOT_RUN] - NOT_RUN: click

2018-12-12 12:37:02 - [TEST_STEP][NOT_RUN] - setText: NOT_RUN: setText

2018-12-12 12:37:02 - [MESSAGE][NOT_RUN] - NOT_RUN: setText

2018-12-12 12:37:02 - [TEST_STEP][NOT_RUN] - delay: NOT_RUN: delay

2018-12-12 12:37:02 - [MESSAGE][NOT_RUN] - NOT_RUN: delay

2018-12-12 12:37:02 - [TEST_STEP][NOT_RUN] - click: NOT_RUN: click

2018-12-12 12:37:02 - [MESSAGE][NOT_RUN] - NOT_RUN: click

2018-12-12 12:37:02 - [TEST_STEP][NOT_RUN] - delay: NOT_RUN: delay

2018-12-12 12:37:02 - [MESSAGE][NOT_RUN] - NOT_RUN: delay

2018-12-12 12:37:02 - [TEST_STEP][NOT_RUN] - setText: NOT_RUN: setText

2018-12-12 12:37:02 - [MESSAGE][NOT_RUN] - NOT_RUN: setText

2018-12-12 12:37:02 - [TEST_STEP][NOT_RUN] - setText: NOT_RUN: setText

2018-12-12 12:37:02 - [MESSAGE][NOT_RUN] - NOT_RUN: setText

2018-12-12 12:37:02 - [TEST_STEP][NOT_RUN] - setText: NOT_RUN: setText

2018-12-12 12:37:02 - [MESSAGE][NOT_RUN] - NOT_RUN: setText

2018-12-12 12:37:02 - [TEST_STEP][NOT_RUN] - click: NOT_RUN: click

2018-12-12 12:37:02 - [MESSAGE][NOT_RUN] - NOT_RUN: click

2018-12-12 12:37:02 - [TEST_STEP][NOT_RUN] - click: NOT_RUN: click

2018-12-12 12:37:02 - [MESSAGE][NOT_RUN] - NOT_RUN: click

2018-12-12 12:37:02 - [TEST_STEP][NOT_RUN] - setText: NOT_RUN: setText

2018-12-12 12:37:02 - [MESSAGE][NOT_RUN] - NOT_RUN: setText

2018-12-12 12:37:02 - [TEST_STEP][NOT_RUN] - click: NOT_RUN: click

2018-12-12 12:37:02 - [MESSAGE][NOT_RUN] - NOT_RUN: click

2018-12-12 12:37:02 - [TEST_STEP][NOT_RUN] - click: NOT_RUN: click

2018-12-12 12:37:02 - [MESSAGE][NOT_RUN] - NOT_RUN: click

2018-12-12 12:37:02 - [TEST_STEP][NOT_RUN] - click: NOT_RUN: click

2018-12-12 12:37:02 - [MESSAGE][NOT_RUN] - NOT_RUN: click

2018-12-12 12:37:02 - [TEST_STEP][NOT_RUN] - click: NOT_RUN: click

2018-12-12 12:37:02 - [MESSAGE][NOT_RUN] - NOT_RUN: click

2018-12-12 12:37:02 - [TEST_STEP][NOT_RUN] - click: NOT_RUN: click

2018-12-12 12:37:02 - [MESSAGE][NOT_RUN] - NOT_RUN: click

2018-12-12 12:37:02 - [TEST_STEP][NOT_RUN] - click: NOT_RUN: click

2018-12-12 12:37:02 - [MESSAGE][NOT_RUN] - NOT_RUN: click

2018-12-12 12:37:02 - [TEST_STEP][NOT_RUN] - setText: NOT_RUN: setText

2018-12-12 12:37:02 - [MESSAGE][NOT_RUN] - NOT_RUN: setText

2018-12-12 12:37:02 - [TEST_STEP][NOT_RUN] - setText: NOT_RUN: setText

2018-12-12 12:37:02 - [MESSAGE][NOT_RUN] - NOT_RUN: setText

2018-12-12 12:37:02 - [TEST_STEP][NOT_RUN] - setText: NOT_RUN: setText

2018-12-12 12:37:02 - [MESSAGE][NOT_RUN] - NOT_RUN: setText

2018-12-12 12:37:02 - [TEST_STEP][NOT_RUN] - click: NOT_RUN: click

2018-12-12 12:37:02 - [MESSAGE][NOT_RUN] - NOT_RUN: click

2018-12-12 12:37:02 - [TEST_STEP][NOT_RUN] - click: NOT_RUN: click

2018-12-12 12:37:02 - [MESSAGE][NOT_RUN] - NOT_RUN: click

2018-12-12 12:37:02 - [TEST_STEP][NOT_RUN] - click: NOT_RUN: click

2018-12-12 12:37:02 - [MESSAGE][NOT_RUN] - NOT_RUN: click

2018-12-12 12:37:02 - [TEST_STEP][NOT_RUN] - delay: NOT_RUN: delay

2018-12-12 12:37:02 - [MESSAGE][NOT_RUN] - NOT_RUN: delay

2018-12-12 12:37:02 - [TEST_STEP][NOT_RUN] - setText: NOT_RUN: setText

2018-12-12 12:37:02 - [MESSAGE][NOT_RUN] - NOT_RUN: setText

2018-12-12 12:37:02 - [TEST_STEP][NOT_RUN] - delay: NOT_RUN: delay

2018-12-12 12:37:02 - [MESSAGE][NOT_RUN] - NOT_RUN: delay

2018-12-12 12:37:02 - [TEST_STEP][NOT_RUN] - click: NOT_RUN: click

2018-12-12 12:37:02 - [MESSAGE][NOT_RUN] - NOT_RUN: click

2018-12-12 12:37:02 - [TEST_STEP][NOT_RUN] - doubleClick: NOT_RUN: doubleClick

2018-12-12 12:37:02 - [MESSAGE][NOT_RUN] - NOT_RUN: doubleClick

2018-12-12 12:37:02 - [TEST_STEP][NOT_RUN] - click: NOT_RUN: click

2018-12-12 12:37:02 - [MESSAGE][NOT_RUN] - NOT_RUN: click

2018-12-12 12:37:02 - [TEST_STEP][NOT_RUN] - setText: NOT_RUN: setText

2018-12-12 12:37:02 - [MESSAGE][NOT_RUN] - NOT_RUN: setText

2018-12-12 12:37:02 - [TEST_STEP][NOT_RUN] - delay: NOT_RUN: delay

2018-12-12 12:37:02 - [MESSAGE][NOT_RUN] - NOT_RUN: delay

2018-12-12 12:37:02 - [TEST_STEP][NOT_RUN] - click: NOT_RUN: click

2018-12-12 12:37:02 - [MESSAGE][NOT_RUN] - NOT_RUN: click

2018-12-12 12:37:02 - [TEST_STEP][NOT_RUN] - delay: NOT_RUN: delay

2018-12-12 12:37:02 - [MESSAGE][NOT_RUN] - NOT_RUN: delay

2018-12-12 12:37:02 - [TEST_STEP][NOT_RUN] - setText: NOT_RUN: setText

2018-12-12 12:37:02 - [MESSAGE][NOT_RUN] - NOT_RUN: setText

2018-12-12 12:37:02 - [TEST_STEP][PASSED] - click: Object: 'Object Repository/Final Object Repo/Page_Request SSN - ASSIST/Save  Continue' is clicked on

2018-12-12 12:37:02 - [MESSAGE][PASSED] - Object: 'Object Repository/Final Object Repo/Page_Request SSN - ASSIST/Save  Continue' is clicked on

2018-12-12 12:37:02 - [TEST_STEP][PASSED] - delay: Delayed 3 second(s)

2018-12-12 12:37:05 - [MESSAGE][PASSED] - Delayed 3 second(s)

2018-12-12 12:37:05 - [TEST_STEP][PASSED] - Statement - CaseReferenceNo = com.kms.katalon.core.webui.keyword.WebUiBuiltInKeywords.getText(com.kms.katalon.core.testobject.ObjectRepository.findTestObject(Final Object Repo/Page_Request SSN - ASSIST/Reference Number in Uploading Page)): Text of object 'Object Repository/Final Object Repo/Page_Request SSN - ASSIST/Reference Number in Uploading Page' is: 'SSN12201800001189'

2018-12-12 12:37:06 - [MESSAGE][PASSED] - Text of object 'Object Repository/Final Object Repo/Page_Request SSN - ASSIST/Reference Number in Uploading Page' is: 'SSN12201800001189'

2018-12-12 12:37:06 - [TEST_STEP][PASSED] - callTestCase: Call Test Case 'Test Cases/Final Aug 2018 - PKS Automation/Common/Reference Number Setter' successfully

2018-12-12 12:37:06 - [TEST_CASE][PASSED] - Test Cases/Final Aug 2018 - PKS Automation/Common/Reference Number Setter: Test Cases/Final Aug 2018 - PKS Automation/Common/Reference Number Setter

2018-12-12 12:37:06 - [TEST_STEP][PASSED] - Statement - RefNoOldFile = new java.io.File(C://Users//Admin//Desktop//PKS//Automation Reference Point//KatalonReference.txt): null

2018-12-12 12:37:06 - [TEST_STEP][PASSED] - Statement - RefNoOldFile.delete(): null

2018-12-12 12:37:06 - [TEST_STEP][PASSED] - delay: Delayed 5 second(s)

2018-12-12 12:37:11 - [MESSAGE][PASSED] - Delayed 5 second(s)

2018-12-12 12:37:11 - [TEST_STEP][PASSED] - Statement - RefNo = new java.io.File(C://Users//Admin//Desktop//PKS//Automation Reference Point//KatalonReference.txt): null

2018-12-12 12:37:11 - [TEST_STEP][PASSED] - Statement - f2 = new java.io.FileWriter(RefNo, false): null

2018-12-12 12:37:11 - [TEST_STEP][PASSED] - Statement - f2.write(CaseReferenceNo): null

2018-12-12 12:37:11 - [TEST_STEP][PASSED] - Statement - f2.close(): null

2018-12-12 12:37:11 - [TEST_STEP][PASSED] - Statement - out.println("


" + CaseReferenceNo + "


"): null

2018-12-12 12:37:11 - [MESSAGE][PASSED] - Call Test Case 'Test Cases/Final Aug 2018 - PKS Automation/Common/Reference Number Setter' successfully

2018-12-12 12:37:11 - [TEST_STEP][PASSED] - click: Object: 'Object Repository/Final Object Repo/Page_Request SSN - ASSIST/Add Document Button' is clicked on

2018-12-12 12:37:11 - [MESSAGE][PASSED] - Object: 'Object Repository/Final Object Repo/Page_Request SSN - ASSIST/Add Document Button' is clicked on

2018-12-12 12:37:11 - [TEST_STEP][PASSED] - delay: Delayed 2 second(s)

2018-12-12 12:37:13 - [MESSAGE][PASSED] - Delayed 2 second(s)

2018-12-12 12:37:13 - [TEST_STEP][PASSED] - click: Object: 'Object Repository/Final Object Repo/Page_Request SSN - ASSIST/Document Type' is clicked on

2018-12-12 12:37:14 - [MESSAGE][PASSED] - Object: 'Object Repository/Final Object Repo/Page_Request SSN - ASSIST/Document Type' is clicked on

2018-12-12 12:37:14 - [TEST_STEP][PASSED] - delay: Delayed 2 second(s)

2018-12-12 12:37:16 - [MESSAGE][PASSED] - Delayed 2 second(s)

2018-12-12 12:37:16 - [TEST_STEP][PASSED] - click: Object: 'Object Repository/Final Object Repo/Page_Request SSN - ASSIST/Document Type - Birth Certificate' is clicked on

2018-12-12 12:37:16 - [MESSAGE][PASSED] - Object: 'Object Repository/Final Object Repo/Page_Request SSN - ASSIST/Document Type - Birth Certificate' is clicked on

2018-12-12 12:37:16 - [TEST_STEP][PASSED] - delay: Delayed 2 second(s)

2018-12-12 12:37:18 - [MESSAGE][PASSED] - Delayed 2 second(s)

2018-12-12 12:37:18 - [TEST_STEP][PASSED] - sendKeys: Keys 'C:\Users\Public\Pictures\Sample Pictures\Koala.jpg' sent to object: 'Object Repository/Final Object Repo/Page_Request SSN - ASSIST/Upload File'

2018-12-12 12:37:18 - [MESSAGE][PASSED] - Keys 'C:\Users\Public\Pictures\Sample Pictures\Koala.jpg' sent to object: 'Object Repository/Final Object Repo/Page_Request SSN - ASSIST/Upload File'

2018-12-12 12:37:18 - [TEST_STEP][PASSED] - click: Object: 'Object Repository/Final Object Repo/Page_Request SSN - ASSIST/Add Document' is clicked on

2018-12-12 12:37:19 - [MESSAGE][PASSED] - Object: 'Object Repository/Final Object Repo/Page_Request SSN - ASSIST/Add Document' is clicked on

2018-12-12 12:37:19 - [TEST_STEP][PASSED] - delay: Delayed 10 second(s)

2018-12-12 12:37:29 - [MESSAGE][PASSED] - Delayed 10 second(s)

2018-12-12 12:37:29 - [TEST_STEP][PASSED] - click: Object: 'Object Repository/Final Object Repo/Page_Request SSN - ASSIST/Save  Continue in Uploading Document Page' is clicked on

2018-12-12 12:37:29 - [MESSAGE][PASSED] - Object: 'Object Repository/Final Object Repo/Page_Request SSN - ASSIST/Save  Continue in Uploading Document Page' is clicked on

2018-12-12 12:37:29 - [TEST_STEP][PASSED] - delay: Delayed 2 second(s)

2018-12-12 12:37:31 - [MESSAGE][PASSED] - Delayed 2 second(s)

2018-12-12 12:37:31 - [TEST_STEP][PASSED] - click: Object: 'Object Repository/Final Object Repo/Page_Request SSN - ASSIST/Submit' is clicked on

2018-12-12 12:37:34 - [MESSAGE][PASSED] - Object: 'Object Repository/Final Object Repo/Page_Request SSN - ASSIST/Submit' is clicked on

2018-12-12 12:37:34 - [TEST_STEP][PASSED] - delay: Delayed 2 second(s)

2018-12-12 12:37:36 - [MESSAGE][PASSED] - Delayed 2 second(s)

2018-12-12 12:37:36 - [TEST_STEP][PASSED] - click: Object: 'Object Repository/Final Object Repo/Page_Request SSN - ASSIST/Confirm' is clicked on

2018-12-12 12:37:36 - [MESSAGE][PASSED] - Object: 'Object Repository/Final Object Repo/Page_Request SSN - ASSIST/Confirm' is clicked on

2018-12-12 12:37:36 - [TEST_STEP][PASSED] - delay: Delayed 2 second(s)

2018-12-12 12:37:38 - [MESSAGE][PASSED] - Delayed 2 second(s)

2018-12-12 12:37:38 - [TEST_STEP][PASSED] - verifyElementVisible: Object 'Object Repository/Final Object Repo/Page_Request SSN - ASSIST/Message This Case will be routed to RIO' is visible

2018-12-12 12:37:43 - [MESSAGE][PASSED] - Object 'Object Repository/Final Object Repo/Page_Request SSN - ASSIST/Message This Case will be routed to RIO' is visible

2018-12-12 12:37:43 - [TEST_STEP][PASSED] - delay: Delayed 2 second(s)

2018-12-12 12:37:45 - [MESSAGE][PASSED] - Delayed 2 second(s)

2018-12-12 12:37:45 - [TEST_STEP][PASSED] - verifyElementVisible: Object 'Object Repository/Final Object Repo/Page_Request SSN - ASSIST/Letter of acknowledgement' is visible

2018-12-12 12:37:46 - [MESSAGE][PASSED] - Object 'Object Repository/Final Object Repo/Page_Request SSN - ASSIST/Letter of acknowledgement' is visible

2018-12-12 12:37:46 - [MESSAGE][PASSED] - Call Test Case 'Test Cases/Final Aug 2018 - PKS Automation/Registration Module/Workflow/Request SSN/Template/Request SSN - OTC' successfully

2018-12-12 12:37:46 - [TEST_STEP][PASSED] - callTestCase: Call Test Case 'Test Cases/Final Aug 2018 - PKS Automation/Registration Module/Workflow/Request SSN/Template/Request SSN RIO - RO (Under Enforcement)' successfully

2018-12-12 12:37:46 - [TEST_CASE][PASSED] - Test Cases/Final Aug 2018 - PKS Automation/Registration Module/Workflow/Request SSN/Template/Request SSN RIO - RO (Under Enforcement): Test Cases/Final Aug 2018 - PKS Automation/Registration Module/Workflow/Request SSN/Template/Request SSN RIO - RO (Under Enforcement)

2018-12-12 12:37:46 - [TEST_STEP][NOT_RUN] - callTestCase: NOT_RUN: callTestCase

2018-12-12 12:37:46 - [MESSAGE][NOT_RUN] - NOT_RUN: callTestCase

2018-12-12 12:37:46 - [TEST_STEP][PASSED] - delay: Delayed 2 second(s)

2018-12-12 12:37:48 - [MESSAGE][PASSED] - Delayed 2 second(s)

2018-12-12 12:37:48 - [TEST_STEP][PASSED] - navigateToUrl: Navigate to 'https://assist2-uat.perkeso.gov.my/c/portal/logout' successfully

2018-12-12 12:37:49 - [MESSAGE][PASSED] - Navigate to 'https://assist2-uat.perkeso.gov.my/c/portal/logout' successfully

2018-12-12 12:37:49 - [TEST_STEP][PASSED] - delay: Delayed 2 second(s)

2018-12-12 12:37:51 - [MESSAGE][PASSED] - Delayed 2 second(s)

2018-12-12 12:37:51 - [TEST_STEP][PASSED] - callTestCase: Call Test Case 'Test Cases/Final Aug 2018 - PKS Automation/Common/Reference Number Getter' successfully

2018-12-12 12:37:51 - [TEST_CASE][PASSED] - Test Cases/Final Aug 2018 - PKS Automation/Common/Reference Number Getter: Test Cases/Final Aug 2018 - PKS Automation/Common/Reference Number Getter

2018-12-12 12:37:51 - [TEST_STEP][PASSED] - Statement - Try: null

2018-12-12 12:37:51 - [TEST_STEP][PASSED] - Statement - RefNo = new java.io.File(C://Users//Admin//Desktop//PKS//Automation Reference Point//KatalonReference.txt): null

2018-12-12 12:37:51 - [TEST_STEP][PASSED] - Statement - bufferread = new java.io.BufferedReader(new java.io.FileReader(RefNo)): null

2018-12-12 12:37:51 - [TEST_STEP][PASSED] - Statement - readedVal = bufferread.readLine(): null

2018-12-12 12:37:51 - [TEST_STEP][PASSED] - Statement - out.println(CaseReferenceNo): null

2018-12-12 12:37:51 - [TEST_STEP][PASSED] - Statement - out.println(readedVal): null

2018-12-12 12:37:51 - [TEST_STEP][PASSED] - Statement - CaseReferenceNo = "": null

2018-12-12 12:37:51 - [TEST_STEP][PASSED] - Statement - CaseReferenceNo = readedVal: null

2018-12-12 12:37:51 - [MESSAGE][PASSED] - Call Test Case 'Test Cases/Final Aug 2018 - PKS Automation/Common/Reference Number Getter' successfully

2018-12-12 12:37:51 - [TEST_STEP][PASSED] - callTestCase: Call Test Case 'Test Cases/Final Aug 2018 - PKS Automation/Common/Workflow Owner Finder' successfully

2018-12-12 12:37:51 - [TEST_CASE][PASSED] - Test Cases/Final Aug 2018 - PKS Automation/Common/Workflow Owner Finder: Test Cases/Final Aug 2018 - PKS Automation/Common/Workflow Owner Finder

2018-12-12 12:37:51 - [TEST_STEP][PASSED] - openBrowser: Browser is opened with url: ''

2018-12-12 12:37:51 - [MESSAGE][WARNING] - A browser is already opened. Closing browser and opening a new one

2018-12-12 12:37:55 - [MESSAGE][PASSED] - Browser is opened with url: ''

2018-12-12 12:37:55 - [TEST_STEP][PASSED] - navigateToUrl: Navigate to 'https://assist2-uat.perkeso.gov.my/login' successfully

2018-12-12 12:37:56 - [MESSAGE][PASSED] - Navigate to 'https://assist2-uat.perkeso.gov.my/login' successfully

2018-12-12 12:37:56 - [TEST_STEP][PASSED] - delay: Delayed 5 second(s)

2018-12-12 12:38:01 - [MESSAGE][PASSED] - Delayed 5 second(s)

2018-12-12 12:38:01 - [TEST_STEP][PASSED] - setText: Text 'test@liferay.com' is set on object 'Object Repository/Final Object Repo/Login Page/Internal User/Email Address'

2018-12-12 12:38:02 - [MESSAGE][PASSED] - Text 'test@liferay.com' is set on object 'Object Repository/Final Object Repo/Login Page/Internal User/Email Address'

2018-12-12 12:38:02 - [TEST_STEP][PASSED] - click: Object: 'Object Repository/Final Object Repo/Login Page/Internal User/Next Button' is clicked on

2018-12-12 12:38:02 - [MESSAGE][PASSED] - Object: 'Object Repository/Final Object Repo/Login Page/Internal User/Next Button' is clicked on

2018-12-12 12:38:02 - [TEST_STEP][PASSED] - delay: Delayed 2 second(s)

2018-12-12 12:38:04 - [MESSAGE][PASSED] - Delayed 2 second(s)

2018-12-12 12:38:04 - [TEST_STEP][PASSED] - setText: Text 'test' is set on object 'Object Repository/Final Object Repo/Login Page/Internal User/Password'

2018-12-12 12:38:04 - [MESSAGE][PASSED] - Text 'test' is set on object 'Object Repository/Final Object Repo/Login Page/Internal User/Password'

2018-12-12 12:38:04 - [TEST_STEP][PASSED] - delay: Delayed 2 second(s)

2018-12-12 12:38:06 - [MESSAGE][PASSED] - Delayed 2 second(s)

2018-12-12 12:38:06 - [TEST_STEP][PASSED] - click: Object: 'Object Repository/Final Object Repo/Login Page/Internal User/Login Button' is clicked on

2018-12-12 12:38:06 - [MESSAGE][PASSED] - Object: 'Object Repository/Final Object Repo/Login Page/Internal User/Login Button' is clicked on

2018-12-12 12:38:06 - [TEST_STEP][PASSED] - Statement - tester = com.kms.katalon.core.testobject.ObjectRepository.findTestObject(Final Object Repo/Landing Page/Select to English): Finding Test Object with id 'Object Repository/Final Object Repo/Landing Page/Select to English'

2018-12-12 12:38:06 - [TEST_STEP][PASSED] - Statement - Try: Delayed 2 second(s)

2018-12-12 12:38:06 - [TEST_STEP][PASSED] - Statement - Checker = com.kms.katalon.core.webui.keyword.WebUiBuiltInKeywords.verifyElementNotPresent(tester, 3): Web element with id: 'Object Repository/Final Object Repo/Landing Page/Select to English' located by 'By.xpath: //a[@class = 'taglib-language-list-text' and @lang = 'en-US' and (contains(text(), 'EN') or contains(., 'EN'))]' is not present after '3' second(s)

2018-12-12 12:38:09 - [MESSAGE][PASSED] - Web element with id: 'Object Repository/Final Object Repo/Landing Page/Select to English' located by 'By.xpath: //a[@class = 'taglib-language-list-text' and @lang = 'en-US' and (contains(text(), 'EN') or contains(., 'EN'))]' is not present after '3' second(s)

2018-12-12 12:38:09 - [TEST_STEP][PASSED] - Statement - If (Checker == false): null

2018-12-12 12:38:09 - [TEST_STEP][PASSED] - delay: Delayed 2 second(s)

2018-12-12 12:38:11 - [MESSAGE][PASSED] - Delayed 2 second(s)

2018-12-12 12:38:11 - [TEST_STEP][PASSED] - delay: Delayed 5 second(s)

2018-12-12 12:38:16 - [MESSAGE][PASSED] - Delayed 5 second(s)

2018-12-12 12:38:16 - [TEST_STEP][PASSED] - mouseOver: Object: 'Object Repository/Final Object Repo/Landing Page/WorkFlow Menu' is hovered

2018-12-12 12:38:16 - [MESSAGE][PASSED] - Object: 'Object Repository/Final Object Repo/Landing Page/WorkFlow Menu' is hovered

2018-12-12 12:38:16 - [TEST_STEP][PASSED] - delay: Delayed 2 second(s)

2018-12-12 12:38:18 - [MESSAGE][PASSED] - Delayed 2 second(s)

2018-12-12 12:38:18 - [TEST_STEP][PASSED] - click: Object: 'Object Repository/Final Object Repo/Landing Page/Select to Workflow Listing' is clicked on

2018-12-12 12:38:19 - [MESSAGE][PASSED] - Object: 'Object Repository/Final Object Repo/Landing Page/Select to Workflow Listing' is clicked on

2018-12-12 12:38:19 - [TEST_STEP][PASSED] - delay: Delayed 2 second(s)

2018-12-12 12:38:21 - [MESSAGE][PASSED] - Delayed 2 second(s)

2018-12-12 12:38:21 - [TEST_STEP][PASSED] - click: Object: 'Object Repository/Final Object Repo/WorkFlow Listing Page/Search Information - To Put Ref No' is clicked on

2018-12-12 12:38:21 - [MESSAGE][PASSED] - Object: 'Object Repository/Final Object Repo/WorkFlow Listing Page/Search Information - To Put Ref No' is clicked on

2018-12-12 12:38:21 - [TEST_STEP][PASSED] - delay: Delayed 2 second(s)

2018-12-12 12:38:23 - [MESSAGE][PASSED] - Delayed 2 second(s)

2018-12-12 12:38:23 - [TEST_STEP][PASSED] - callTestCase: Call Test Case 'Test Cases/Final Aug 2018 - PKS Automation/Common/Reference Number Getter' successfully

2018-12-12 12:38:23 - [TEST_CASE][PASSED] - Test Cases/Final Aug 2018 - PKS Automation/Common/Reference Number Getter: Test Cases/Final Aug 2018 - PKS Automation/Common/Reference Number Getter

2018-12-12 12:38:23 - [TEST_STEP][PASSED] - Statement - Try: null

2018-12-12 12:38:23 - [TEST_STEP][PASSED] - Statement - RefNo = new java.io.File(C://Users//Admin//Desktop//PKS//Automation Reference Point//KatalonReference.txt): null

2018-12-12 12:38:23 - [TEST_STEP][PASSED] - Statement - bufferread = new java.io.BufferedReader(new java.io.FileReader(RefNo)): null

2018-12-12 12:38:23 - [TEST_STEP][PASSED] - Statement - readedVal = bufferread.readLine(): null

2018-12-12 12:38:23 - [TEST_STEP][PASSED] - Statement - out.println(CaseReferenceNo): null

2018-12-12 12:38:23 - [TEST_STEP][PASSED] - Statement - out.println(readedVal): null

2018-12-12 12:38:23 - [TEST_STEP][PASSED] - Statement - CaseReferenceNo = "": null

2018-12-12 12:38:23 - [TEST_STEP][PASSED] - Statement - CaseReferenceNo = readedVal: null

2018-12-12 12:38:23 - [MESSAGE][PASSED] - Call Test Case 'Test Cases/Final Aug 2018 - PKS Automation/Common/Reference Number Getter' successfully

2018-12-12 12:38:23 - [TEST_STEP][PASSED] - setText: Text 'SSN12201800001189' is set on object 'Object Repository/Final Object Repo/WorkFlow Listing Page/Ref No Set Text'

2018-12-12 12:38:24 - [MESSAGE][PASSED] - Text 'SSN12201800001189' is set on object 'Object Repository/Final Object Repo/WorkFlow Listing Page/Ref No Set Text'

2018-12-12 12:38:24 - [TEST_STEP][PASSED] - delay: Delayed 2 second(s)

2018-12-12 12:38:26 - [MESSAGE][PASSED] - Delayed 2 second(s)

2018-12-12 12:38:26 - [TEST_STEP][PASSED] - click: Object: 'Object Repository/Final Object Repo/WorkFlow Listing Page/Search Ref No Search Button' is clicked on

2018-12-12 12:38:26 - [MESSAGE][PASSED] - Object: 'Object Repository/Final Object Repo/WorkFlow Listing Page/Search Ref No Search Button' is clicked on

2018-12-12 12:38:26 - [TEST_STEP][PASSED] - delay: Delayed 6 second(s)

2018-12-12 12:38:32 - [MESSAGE][PASSED] - Delayed 6 second(s)

2018-12-12 12:38:32 - [TEST_STEP][PASSED] - click: Object: 'Object Repository/Final Object Repo/WorkFlow Listing Page/Click Continue Tooltip' is clicked on

2018-12-12 12:38:33 - [MESSAGE][PASSED] - Object: 'Object Repository/Final Object Repo/WorkFlow Listing Page/Click Continue Tooltip' is clicked on

2018-12-12 12:38:33 - [TEST_STEP][PASSED] - delay: Delayed 5 second(s)

2018-12-12 12:38:38 - [MESSAGE][PASSED] - Delayed 5 second(s)

2018-12-12 12:38:38 - [TEST_STEP][PASSED] - doubleClick: Object: 'Object Repository/Final Object Repo/WorkFlow Listing Page/Workflow Found - Listing 1' is double clicked on

2018-12-12 12:38:38 - [MESSAGE][PASSED] - Object: 'Object Repository/Final Object Repo/WorkFlow Listing Page/Workflow Found - Listing 1' is double clicked on

2018-12-12 12:38:38 - [TEST_STEP][PASSED] - Statement - println(OwnerID): null

2018-12-12 12:38:38 - [TEST_STEP][PASSED] - Statement - OwnerID = com.kms.katalon.core.webui.keyword.WebUiBuiltInKeywords.getText(com.kms.katalon.core.testobject.ObjectRepository.findTestObject(Final Object Repo/WorkFlow Listing Page/Workflow Found - Listing 1), STOP_ON_FAILURE): Text of object 'Object Repository/Final Object Repo/WorkFlow Listing Page/Workflow Found - Listing 1' is: 'JOHORrio3'

2018-12-12 12:38:38 - [MESSAGE][PASSED] - Text of object 'Object Repository/Final Object Repo/WorkFlow Listing Page/Workflow Found - Listing 1' is: 'JOHORrio3'

2018-12-12 12:38:38 - [TEST_STEP][PASSED] - Statement - OwnerID = OwnerID.toLowerCase() + "@gmail.com": null

2018-12-12 12:38:38 - [TEST_STEP][PASSED] - Statement - println(OwnerID): null

2018-12-12 12:38:38 - [TEST_STEP][PASSED] - delay: Delayed 2 second(s)

2018-12-12 12:38:40 - [MESSAGE][PASSED] - Delayed 2 second(s)

2018-12-12 12:38:40 - [MESSAGE][PASSED] - Call Test Case 'Test Cases/Final Aug 2018 - PKS Automation/Common/Workflow Owner Finder' successfully

2018-12-12 12:38:40 - [TEST_STEP][PASSED] - delay: Delayed 2 second(s)

2018-12-12 12:38:42 - [MESSAGE][PASSED] - Delayed 2 second(s)

2018-12-12 12:38:42 - [TEST_STEP][PASSED] - navigateToUrl: Navigate to 'https://assist2-uat.perkeso.gov.my/c/portal/logout' successfully

2018-12-12 12:38:43 - [MESSAGE][PASSED] - Navigate to 'https://assist2-uat.perkeso.gov.my/c/portal/logout' successfully

2018-12-12 12:38:43 - [TEST_STEP][PASSED] - delay: Delayed 2 second(s)

2018-12-12 12:38:45 - [MESSAGE][PASSED] - Delayed 2 second(s)

2018-12-12 12:38:45 - [TEST_STEP][PASSED] - callTestCase: Call Test Case 'Test Cases/Final Aug 2018 - PKS Automation/Registration Module/Workflow/Login and Search Case For Workflow' successfully

2018-12-12 12:38:45 - [TEST_CASE][PASSED] - Test Cases/Final Aug 2018 - PKS Automation/Registration Module/Workflow/Login and Search Case For Workflow: Test Cases/Final Aug 2018 - PKS Automation/Registration Module/Workflow/Login and Search Case For Workflow

2018-12-12 12:38:45 - [TEST_STEP][PASSED] - navigateToUrl: Navigate to 'https://assist2-uat.perkeso.gov.my/login' successfully

2018-12-12 12:38:46 - [MESSAGE][PASSED] - Navigate to 'https://assist2-uat.perkeso.gov.my/login' successfully

2018-12-12 12:38:46 - [TEST_STEP][PASSED] - setText: Text 'johorrio3@gmail.com' is set on object 'Object Repository/Final Object Repo/Login Page/Internal User/Email Address'

2018-12-12 12:38:47 - [MESSAGE][PASSED] - Text 'johorrio3@gmail.com' is set on object 'Object Repository/Final Object Repo/Login Page/Internal User/Email Address'

2018-12-12 12:38:47 - [TEST_STEP][PASSED] - click: Object: 'Object Repository/Final Object Repo/Login Page/Internal User/Next Button' is clicked on

2018-12-12 12:38:47 - [MESSAGE][PASSED] - Object: 'Object Repository/Final Object Repo/Login Page/Internal User/Next Button' is clicked on

2018-12-12 12:38:47 - [TEST_STEP][PASSED] - delay: Delayed 1 second(s)

2018-12-12 12:38:48 - [MESSAGE][PASSED] - Delayed 1 second(s)

2018-12-12 12:38:48 - [TEST_STEP][PASSED] - setEncryptedText: Text ****** has been set on object 'Object Repository/Final Object Repo/Login Page/Internal User/Password'

2018-12-12 12:38:48 - [MESSAGE][PASSED] - Text ****** has been set on object 'Object Repository/Final Object Repo/Login Page/Internal User/Password'

2018-12-12 12:38:48 - [TEST_STEP][PASSED] - click: Object: 'Object Repository/Final Object Repo/Login Page/Internal User/Login Button' is clicked on

2018-12-12 12:38:48 - [MESSAGE][PASSED] - Object: 'Object Repository/Final Object Repo/Login Page/Internal User/Login Button' is clicked on

2018-12-12 12:38:48 - [TEST_STEP][PASSED] - delay: Delayed 2 second(s)

2018-12-12 12:38:50 - [MESSAGE][PASSED] - Delayed 2 second(s)

2018-12-12 12:38:50 - [TEST_STEP][PASSED] - Statement - Try: Delayed 2 second(s)

2018-12-12 12:38:50 - [TEST_STEP][PASSED] - Statement - Checker = false: null

2018-12-12 12:38:50 - [TEST_STEP][PASSED] - Statement - Checker = com.kms.katalon.core.webui.keyword.WebUiBuiltInKeywords.verifyElementHasAttribute(com.kms.katalon.core.testobject.ObjectRepository.findTestObject(Final Object Repo/Landing Page/BM Detecting), "href", 20, OPTIONAL): Object 'Object Repository/Final Object Repo/Landing Page/BM Detecting' has attribute 'href'

2018-12-12 12:38:51 - [MESSAGE][PASSED] - Object 'Object Repository/Final Object Repo/Landing Page/BM Detecting' has attribute 'href'

2018-12-12 12:38:51 - [TEST_STEP][PASSED] - Statement - out.println(Checker): null

2018-12-12 12:38:51 - [TEST_STEP][PASSED] - Statement - If (Checker == false): null

2018-12-12 12:38:51 - [TEST_STEP][PASSED] - Statement - Else: null

2018-12-12 12:38:51 - [TEST_STEP][PASSED] - delay: Delayed 2 second(s)

2018-12-12 12:38:53 - [MESSAGE][PASSED] - Delayed 2 second(s)

2018-12-12 12:38:53 - [TEST_STEP][PASSED] - click: Object: 'Object Repository/Final Object Repo/Page_MyASSIST - ASSIST - Search Pending Case For Add Supporting Document/Search Information' is clicked on

2018-12-12 12:38:53 - [MESSAGE][PASSED] - Object: 'Object Repository/Final Object Repo/Page_MyASSIST - ASSIST - Search Pending Case For Add Supporting Document/Search Information' is clicked on

2018-12-12 12:38:53 - [TEST_STEP][PASSED] - delay: Delayed 3 second(s)

2018-12-12 12:38:56 - [MESSAGE][PASSED] - Delayed 3 second(s)

2018-12-12 12:38:56 - [TEST_STEP][PASSED] - sendKeys: Keys 'SSN12201800001189' sent to object: 'Object Repository/Final Object Repo/Page_MyASSIST - ASSIST - Search Pending Case For Add Supporting Document/Reference No'

2018-12-12 12:38:56 - [MESSAGE][PASSED] - Keys 'SSN12201800001189' sent to object: 'Object Repository/Final Object Repo/Page_MyASSIST - ASSIST - Search Pending Case For Add Supporting Document/Reference No'

2018-12-12 12:38:56 - [TEST_STEP][PASSED] - click: Object: 'Object Repository/Final Object Repo/Page_MyASSIST - ASSIST - Search Pending Case For Add Supporting Document/Search Reference No' is clicked on

2018-12-12 12:38:57 - [MESSAGE][PASSED] - Object: 'Object Repository/Final Object Repo/Page_MyASSIST - ASSIST - Search Pending Case For Add Supporting Document/Search Reference No' is clicked on

2018-12-12 12:38:57 - [TEST_STEP][PASSED] - delay: Delayed 2 second(s)

2018-12-12 12:38:59 - [MESSAGE][PASSED] - Delayed 2 second(s)

2018-12-12 12:38:59 - [TEST_STEP][PASSED] - click: Object: 'Object Repository/Final Object Repo/Page_MyASSIST - ASSIST - Search Pending Case For Add Supporting Document/Continue' is clicked on

2018-12-12 12:39:06 - [MESSAGE][PASSED] - Object: 'Object Repository/Final Object Repo/Page_MyASSIST - ASSIST - Search Pending Case For Add Supporting Document/Continue' is clicked on

2018-12-12 12:39:06 - [TEST_STEP][PASSED] - delay: Delayed 20 second(s)

2018-12-12 12:39:26 - [MESSAGE][PASSED] - Delayed 20 second(s)

2018-12-12 12:39:26 - [MESSAGE][PASSED] - Call Test Case 'Test Cases/Final Aug 2018 - PKS Automation/Registration Module/Workflow/Login and Search Case For Workflow' successfully

2018-12-12 12:39:26 - [TEST_STEP][PASSED] - callTestCase: Call Test Case 'Test Cases/Final Aug 2018 - PKS Automation/Registration Module/Workflow/Request SSN/Template/Request SSN - RIO' successfully

2018-12-12 12:39:26 - [TEST_CASE][PASSED] - Test Cases/Final Aug 2018 - PKS Automation/Registration Module/Workflow/Request SSN/Template/Request SSN - RIO: Test Cases/Final Aug 2018 - PKS Automation/Registration Module/Workflow/Request SSN/Template/Request SSN - RIO

2018-12-12 12:39:26 - [TEST_STEP][NOT_RUN] - openBrowser: NOT_RUN: openBrowser

2018-12-12 12:39:26 - [MESSAGE][NOT_RUN] - NOT_RUN: openBrowser

2018-12-12 12:39:26 - [TEST_STEP][NOT_RUN] - navigateToUrl: NOT_RUN: navigateToUrl

2018-12-12 12:39:26 - [MESSAGE][NOT_RUN] - NOT_RUN: navigateToUrl

2018-12-12 12:39:26 - [TEST_STEP][NOT_RUN] - setText: NOT_RUN: setText

2018-12-12 12:39:26 - [MESSAGE][NOT_RUN] - NOT_RUN: setText

2018-12-12 12:39:26 - [TEST_STEP][NOT_RUN] - click: NOT_RUN: click

2018-12-12 12:39:26 - [MESSAGE][NOT_RUN] - NOT_RUN: click

2018-12-12 12:39:26 - [TEST_STEP][NOT_RUN] - delay: NOT_RUN: delay

2018-12-12 12:39:26 - [MESSAGE][NOT_RUN] - NOT_RUN: delay

2018-12-12 12:39:26 - [TEST_STEP][NOT_RUN] - setEncryptedText: NOT_RUN: setEncryptedText

2018-12-12 12:39:26 - [MESSAGE][NOT_RUN] - NOT_RUN: setEncryptedText

2018-12-12 12:39:26 - [TEST_STEP][NOT_RUN] - click: NOT_RUN: click

2018-12-12 12:39:26 - [MESSAGE][NOT_RUN] - NOT_RUN: click

2018-12-12 12:39:26 - [TEST_STEP][NOT_RUN] - delay: NOT_RUN: delay

2018-12-12 12:39:26 - [MESSAGE][NOT_RUN] - NOT_RUN: delay

2018-12-12 12:39:26 - [TEST_STEP][NOT_RUN] - click: NOT_RUN: click

2018-12-12 12:39:26 - [MESSAGE][NOT_RUN] - NOT_RUN: click

2018-12-12 12:39:26 - [TEST_STEP][NOT_RUN] - sendKeys: NOT_RUN: sendKeys

2018-12-12 12:39:26 - [MESSAGE][NOT_RUN] - NOT_RUN: sendKeys

2018-12-12 12:39:26 - [TEST_STEP][NOT_RUN] - click: NOT_RUN: click

2018-12-12 12:39:26 - [MESSAGE][NOT_RUN] - NOT_RUN: click

2018-12-12 12:39:26 - [TEST_STEP][NOT_RUN] - delay: NOT_RUN: delay

2018-12-12 12:39:26 - [MESSAGE][NOT_RUN] - NOT_RUN: delay

2018-12-12 12:39:26 - [TEST_STEP][NOT_RUN] - click: NOT_RUN: click

2018-12-12 12:39:26 - [MESSAGE][NOT_RUN] - NOT_RUN: click

2018-12-12 12:39:26 - [TEST_STEP][PASSED] - delay: Delayed 2 second(s)

2018-12-12 12:39:28 - [MESSAGE][PASSED] - Delayed 2 second(s)

2018-12-12 12:39:28 - [TEST_STEP][PASSED] - click: Object: 'Object Repository/Final Object Repo/Page_Request SSN - ASSIST/Page_Request SSN - ASSIST - RIO/Recommend For SSN' is clicked on

2018-12-12 12:39:28 - [MESSAGE][PASSED] - Object: 'Object Repository/Final Object Repo/Page_Request SSN - ASSIST/Page_Request SSN - ASSIST - RIO/Recommend For SSN' is clicked on

2018-12-12 12:39:28 - [TEST_STEP][PASSED] - click: Object: 'Object Repository/Final Object Repo/Page_Request SSN - ASSIST/Page_Request SSN - ASSIST - RIO/Recommend For SSN  - Yes' is clicked on

2018-12-12 12:39:28 - [MESSAGE][PASSED] - Object: 'Object Repository/Final Object Repo/Page_Request SSN - ASSIST/Page_Request SSN - ASSIST - RIO/Recommend For SSN  - Yes' is clicked on

2018-12-12 12:39:28 - [TEST_STEP][PASSED] - delay: Delayed 2 second(s)

2018-12-12 12:39:30 - [MESSAGE][PASSED] - Delayed 2 second(s)

2018-12-12 12:39:30 - [TEST_STEP][PASSED] - click: Object: 'Object Repository/Final Object Repo/Page_Request SSN - ASSIST/Page_Request SSN - ASSIST - RIO/Save  Continue in SSN page' is clicked on

2018-12-12 12:39:30 - [MESSAGE][PASSED] - Object: 'Object Repository/Final Object Repo/Page_Request SSN - ASSIST/Page_Request SSN - ASSIST - RIO/Save  Continue in SSN page' is clicked on

2018-12-12 12:39:30 - [TEST_STEP][PASSED] - delay: Delayed 2 second(s)

2018-12-12 12:39:32 - [MESSAGE][PASSED] - Delayed 2 second(s)

2018-12-12 12:39:32 - [TEST_STEP][PASSED] - click: Object: 'Object Repository/Final Object Repo/Page_Request SSN - ASSIST/Page_Request SSN - ASSIST - RIO/Save  Continue in Upload Document Page' is clicked on

2018-12-12 12:39:35 - [MESSAGE][PASSED] - Object: 'Object Repository/Final Object Repo/Page_Request SSN - ASSIST/Page_Request SSN - ASSIST - RIO/Save  Continue in Upload Document Page' is clicked on

2018-12-12 12:39:35 - [TEST_STEP][PASSED] - delay: Delayed 2 second(s)

2018-12-12 12:39:37 - [MESSAGE][PASSED] - Delayed 2 second(s)

2018-12-12 12:39:37 - [TEST_STEP][PASSED] - click: Object: 'Object Repository/Final Object Repo/Page_Request SSN - ASSIST/Page_Request SSN - ASSIST - RIO/Submit' is clicked on

2018-12-12 12:39:40 - [MESSAGE][PASSED] - Object: 'Object Repository/Final Object Repo/Page_Request SSN - ASSIST/Page_Request SSN - ASSIST - RIO/Submit' is clicked on

2018-12-12 12:39:40 - [TEST_STEP][PASSED] - delay: Delayed 2 second(s)

2018-12-12 12:39:42 - [MESSAGE][PASSED] - Delayed 2 second(s)

2018-12-12 12:39:42 - [TEST_STEP][PASSED] - click: Object: 'Object Repository/Final Object Repo/Page_Request SSN - ASSIST/Page_Request SSN - ASSIST - RIO/Confirm' is clicked on

2018-12-12 12:39:42 - [MESSAGE][PASSED] - Object: 'Object Repository/Final Object Repo/Page_Request SSN - ASSIST/Page_Request SSN - ASSIST - RIO/Confirm' is clicked on

2018-12-12 12:39:42 - [MESSAGE][PASSED] - Call Test Case 'Test Cases/Final Aug 2018 - PKS Automation/Registration Module/Workflow/Request SSN/Template/Request SSN - RIO' successfully

2018-12-12 12:39:42 - [TEST_STEP][PASSED] - delay: Delayed 2 second(s)

2018-12-12 12:39:44 - [MESSAGE][PASSED] - Delayed 2 second(s)

2018-12-12 12:39:44 - [TEST_STEP][PASSED] - navigateToUrl: Navigate to 'https://assist2-uat.perkeso.gov.my/c/portal/logout' successfully

2018-12-12 12:39:49 - [MESSAGE][PASSED] - Navigate to 'https://assist2-uat.perkeso.gov.my/c/portal/logout' successfully

2018-12-12 12:39:49 - [TEST_STEP][PASSED] - delay: Delayed 2 second(s)

2018-12-12 12:39:51 - [MESSAGE][PASSED] - Delayed 2 second(s)

2018-12-12 12:39:51 - [TEST_STEP][PASSED] - callTestCase: Call Test Case 'Test Cases/Final Aug 2018 - PKS Automation/Common/Workflow Owner Finder' successfully

2018-12-12 12:39:51 - [TEST_CASE][PASSED] - Test Cases/Final Aug 2018 - PKS Automation/Common/Workflow Owner Finder: Test Cases/Final Aug 2018 - PKS Automation/Common/Workflow Owner Finder

2018-12-12 12:39:51 - [TEST_STEP][PASSED] - openBrowser: Browser is opened with url: ''

2018-12-12 12:39:51 - [MESSAGE][WARNING] - A browser is already opened. Closing browser and opening a new one

2018-12-12 12:39:55 - [MESSAGE][PASSED] - Browser is opened with url: ''

2018-12-12 12:39:55 - [TEST_STEP][PASSED] - navigateToUrl: Navigate to 'https://assist2-uat.perkeso.gov.my/login' successfully

2018-12-12 12:39:56 - [MESSAGE][PASSED] - Navigate to 'https://assist2-uat.perkeso.gov.my/login' successfully

2018-12-12 12:39:56 - [TEST_STEP][PASSED] - delay: Delayed 5 second(s)

2018-12-12 12:40:01 - [MESSAGE][PASSED] - Delayed 5 second(s)

2018-12-12 12:40:01 - [TEST_STEP][PASSED] - setText: Text 'test@liferay.com' is set on object 'Object Repository/Final Object Repo/Login Page/Internal User/Email Address'

2018-12-12 12:40:02 - [MESSAGE][PASSED] - Text 'test@liferay.com' is set on object 'Object Repository/Final Object Repo/Login Page/Internal User/Email Address'

2018-12-12 12:40:02 - [TEST_STEP][PASSED] - click: Object: 'Object Repository/Final Object Repo/Login Page/Internal User/Next Button' is clicked on

2018-12-12 12:40:02 - [MESSAGE][PASSED] - Object: 'Object Repository/Final Object Repo/Login Page/Internal User/Next Button' is clicked on

2018-12-12 12:40:02 - [TEST_STEP][PASSED] - delay: Delayed 2 second(s)

2018-12-12 12:40:04 - [MESSAGE][PASSED] - Delayed 2 second(s)

2018-12-12 12:40:04 - [TEST_STEP][PASSED] - setText: Text 'test' is set on object 'Object Repository/Final Object Repo/Login Page/Internal User/Password'

2018-12-12 12:40:04 - [MESSAGE][PASSED] - Text 'test' is set on object 'Object Repository/Final Object Repo/Login Page/Internal User/Password'

2018-12-12 12:40:04 - [TEST_STEP][PASSED] - delay: Delayed 2 second(s)

2018-12-12 12:40:06 - [MESSAGE][PASSED] - Delayed 2 second(s)

2018-12-12 12:40:06 - [TEST_STEP][PASSED] - click: Object: 'Object Repository/Final Object Repo/Login Page/Internal User/Login Button' is clicked on

2018-12-12 12:40:06 - [MESSAGE][PASSED] - Object: 'Object Repository/Final Object Repo/Login Page/Internal User/Login Button' is clicked on

2018-12-12 12:40:06 - [TEST_STEP][PASSED] - Statement - tester = com.kms.katalon.core.testobject.ObjectRepository.findTestObject(Final Object Repo/Landing Page/Select to English): Finding Test Object with id 'Object Repository/Final Object Repo/Landing Page/Select to English'

2018-12-12 12:40:06 - [TEST_STEP][PASSED] - Statement - Try: Delayed 2 second(s)

2018-12-12 12:40:06 - [TEST_STEP][PASSED] - Statement - Checker = com.kms.katalon.core.webui.keyword.WebUiBuiltInKeywords.verifyElementNotPresent(tester, 3): Web element with id: 'Object Repository/Final Object Repo/Landing Page/Select to English' located by 'By.xpath: //a[@class = 'taglib-language-list-text' and @lang = 'en-US' and (contains(text(), 'EN') or contains(., 'EN'))]' is not present after '3' second(s)

2018-12-12 12:40:08 - [MESSAGE][PASSED] - Web element with id: 'Object Repository/Final Object Repo/Landing Page/Select to English' located by 'By.xpath: //a[@class = 'taglib-language-list-text' and @lang = 'en-US' and (contains(text(), 'EN') or contains(., 'EN'))]' is not present after '3' second(s)

2018-12-12 12:40:08 - [TEST_STEP][PASSED] - Statement - If (Checker == false): null

2018-12-12 12:40:08 - [TEST_STEP][PASSED] - delay: Delayed 2 second(s)

2018-12-12 12:40:10 - [MESSAGE][PASSED] - Delayed 2 second(s)

2018-12-12 12:40:10 - [TEST_STEP][PASSED] - delay: Delayed 5 second(s)

2018-12-12 12:40:15 - [MESSAGE][PASSED] - Delayed 5 second(s)

2018-12-12 12:40:15 - [TEST_STEP][PASSED] - mouseOver: Object: 'Object Repository/Final Object Repo/Landing Page/WorkFlow Menu' is hovered

2018-12-12 12:40:15 - [MESSAGE][PASSED] - Object: 'Object Repository/Final Object Repo/Landing Page/WorkFlow Menu' is hovered

2018-12-12 12:40:15 - [TEST_STEP][PASSED] - delay: Delayed 2 second(s)

2018-12-12 12:40:17 - [MESSAGE][PASSED] - Delayed 2 second(s)

2018-12-12 12:40:17 - [TEST_STEP][PASSED] - click: Object: 'Object Repository/Final Object Repo/Landing Page/Select to Workflow Listing' is clicked on

2018-12-12 12:40:19 - [MESSAGE][PASSED] - Object: 'Object Repository/Final Object Repo/Landing Page/Select to Workflow Listing' is clicked on

2018-12-12 12:40:19 - [TEST_STEP][PASSED] - delay: Delayed 2 second(s)

2018-12-12 12:40:21 - [MESSAGE][PASSED] - Delayed 2 second(s)

2018-12-12 12:40:21 - [TEST_STEP][PASSED] - click: Object: 'Object Repository/Final Object Repo/WorkFlow Listing Page/Search Information - To Put Ref No' is clicked on

2018-12-12 12:40:21 - [MESSAGE][PASSED] - Object: 'Object Repository/Final Object Repo/WorkFlow Listing Page/Search Information - To Put Ref No' is clicked on

2018-12-12 12:40:21 - [TEST_STEP][PASSED] - delay: Delayed 2 second(s)

2018-12-12 12:40:23 - [MESSAGE][PASSED] - Delayed 2 second(s)

2018-12-12 12:40:23 - [TEST_STEP][PASSED] - callTestCase: Call Test Case 'Test Cases/Final Aug 2018 - PKS Automation/Common/Reference Number Getter' successfully

2018-12-12 12:40:23 - [TEST_CASE][PASSED] - Test Cases/Final Aug 2018 - PKS Automation/Common/Reference Number Getter: Test Cases/Final Aug 2018 - PKS Automation/Common/Reference Number Getter

2018-12-12 12:40:23 - [TEST_STEP][PASSED] - Statement - Try: null

2018-12-12 12:40:23 - [TEST_STEP][PASSED] - Statement - RefNo = new java.io.File(C://Users//Admin//Desktop//PKS//Automation Reference Point//KatalonReference.txt): null

2018-12-12 12:40:23 - [TEST_STEP][PASSED] - Statement - bufferread = new java.io.BufferedReader(new java.io.FileReader(RefNo)): null

2018-12-12 12:40:23 - [TEST_STEP][PASSED] - Statement - readedVal = bufferread.readLine(): null

2018-12-12 12:40:23 - [TEST_STEP][PASSED] - Statement - out.println(CaseReferenceNo): null

2018-12-12 12:40:23 - [TEST_STEP][PASSED] - Statement - out.println(readedVal): null

2018-12-12 12:40:23 - [TEST_STEP][PASSED] - Statement - CaseReferenceNo = "": null

2018-12-12 12:40:23 - [TEST_STEP][PASSED] - Statement - CaseReferenceNo = readedVal: null

2018-12-12 12:40:23 - [MESSAGE][PASSED] - Call Test Case 'Test Cases/Final Aug 2018 - PKS Automation/Common/Reference Number Getter' successfully

2018-12-12 12:40:23 - [TEST_STEP][PASSED] - setText: Text 'SSN12201800001189' is set on object 'Object Repository/Final Object Repo/WorkFlow Listing Page/Ref No Set Text'

2018-12-12 12:40:23 - [MESSAGE][PASSED] - Text 'SSN12201800001189' is set on object 'Object Repository/Final Object Repo/WorkFlow Listing Page/Ref No Set Text'

2018-12-12 12:40:23 - [TEST_STEP][PASSED] - delay: Delayed 2 second(s)

2018-12-12 12:40:25 - [MESSAGE][PASSED] - Delayed 2 second(s)

2018-12-12 12:40:25 - [TEST_STEP][PASSED] - click: Object: 'Object Repository/Final Object Repo/WorkFlow Listing Page/Search Ref No Search Button' is clicked on

2018-12-12 12:40:26 - [MESSAGE][PASSED] - Object: 'Object Repository/Final Object Repo/WorkFlow Listing Page/Search Ref No Search Button' is clicked on

2018-12-12 12:40:26 - [TEST_STEP][PASSED] - delay: Delayed 6 second(s)

2018-12-12 12:40:32 - [MESSAGE][PASSED] - Delayed 6 second(s)

2018-12-12 12:40:32 - [TEST_STEP][PASSED] - click: Object: 'Object Repository/Final Object Repo/WorkFlow Listing Page/Click Continue Tooltip' is clicked on

2018-12-12 12:40:33 - [MESSAGE][PASSED] - Object: 'Object Repository/Final Object Repo/WorkFlow Listing Page/Click Continue Tooltip' is clicked on

2018-12-12 12:40:33 - [TEST_STEP][PASSED] - delay: Delayed 5 second(s)

2018-12-12 12:40:38 - [MESSAGE][PASSED] - Delayed 5 second(s)

2018-12-12 12:40:38 - [TEST_STEP][PASSED] - doubleClick: Object: 'Object Repository/Final Object Repo/WorkFlow Listing Page/Workflow Found - Listing 1' is double clicked on

2018-12-12 12:40:38 - [MESSAGE][PASSED] - Object: 'Object Repository/Final Object Repo/WorkFlow Listing Page/Workflow Found - Listing 1' is double clicked on

2018-12-12 12:40:38 - [TEST_STEP][PASSED] - Statement - println(OwnerID): null

2018-12-12 12:40:38 - [TEST_STEP][PASSED] - Statement - OwnerID = com.kms.katalon.core.webui.keyword.WebUiBuiltInKeywords.getText(com.kms.katalon.core.testobject.ObjectRepository.findTestObject(Final Object Repo/WorkFlow Listing Page/Workflow Found - Listing 1), STOP_ON_FAILURE): Text of object 'Object Repository/Final Object Repo/WorkFlow Listing Page/Workflow Found - Listing 1' is: 'JOHORro2'

2018-12-12 12:40:38 - [MESSAGE][PASSED] - Text of object 'Object Repository/Final Object Repo/WorkFlow Listing Page/Workflow Found - Listing 1' is: 'JOHORro2'

2018-12-12 12:40:38 - [TEST_STEP][PASSED] - Statement - OwnerID = OwnerID.toLowerCase() + "@gmail.com": null

2018-12-12 12:40:38 - [TEST_STEP][PASSED] - Statement - println(OwnerID): null

2018-12-12 12:40:38 - [TEST_STEP][PASSED] - delay: Delayed 2 second(s)

2018-12-12 12:40:40 - [MESSAGE][PASSED] - Delayed 2 second(s)

2018-12-12 12:40:40 - [MESSAGE][PASSED] - Call Test Case 'Test Cases/Final Aug 2018 - PKS Automation/Common/Workflow Owner Finder' successfully

2018-12-12 12:40:40 - [TEST_STEP][PASSED] - delay: Delayed 2 second(s)

2018-12-12 12:40:42 - [MESSAGE][PASSED] - Delayed 2 second(s)

2018-12-12 12:40:42 - [TEST_STEP][PASSED] - navigateToUrl: Navigate to 'https://assist2-uat.perkeso.gov.my/c/portal/logout' successfully

2018-12-12 12:40:43 - [MESSAGE][PASSED] - Navigate to 'https://assist2-uat.perkeso.gov.my/c/portal/logout' successfully

2018-12-12 12:40:43 - [TEST_STEP][PASSED] - delay: Delayed 2 second(s)

2018-12-12 12:40:45 - [MESSAGE][PASSED] - Delayed 2 second(s)

2018-12-12 12:40:45 - [TEST_STEP][PASSED] - callTestCase: Call Test Case 'Test Cases/Final Aug 2018 - PKS Automation/Registration Module/Workflow/Login and Search Case For Workflow' successfully

2018-12-12 12:40:45 - [TEST_CASE][PASSED] - Test Cases/Final Aug 2018 - PKS Automation/Registration Module/Workflow/Login and Search Case For Workflow: Test Cases/Final Aug 2018 - PKS Automation/Registration Module/Workflow/Login and Search Case For Workflow

2018-12-12 12:40:45 - [TEST_STEP][PASSED] - navigateToUrl: Navigate to 'https://assist2-uat.perkeso.gov.my/login' successfully

2018-12-12 12:40:45 - [MESSAGE][PASSED] - Navigate to 'https://assist2-uat.perkeso.gov.my/login' successfully

2018-12-12 12:40:45 - [TEST_STEP][PASSED] - setText: Text 'johorro2@gmail.com' is set on object 'Object Repository/Final Object Repo/Login Page/Internal User/Email Address'

2018-12-12 12:40:46 - [MESSAGE][PASSED] - Text 'johorro2@gmail.com' is set on object 'Object Repository/Final Object Repo/Login Page/Internal User/Email Address'

2018-12-12 12:40:46 - [TEST_STEP][PASSED] - click: Object: 'Object Repository/Final Object Repo/Login Page/Internal User/Next Button' is clicked on

2018-12-12 12:40:46 - [MESSAGE][PASSED] - Object: 'Object Repository/Final Object Repo/Login Page/Internal User/Next Button' is clicked on

2018-12-12 12:40:46 - [TEST_STEP][PASSED] - delay: Delayed 1 second(s)

2018-12-12 12:40:47 - [MESSAGE][PASSED] - Delayed 1 second(s)

2018-12-12 12:40:47 - [TEST_STEP][PASSED] - setEncryptedText: Text ****** has been set on object 'Object Repository/Final Object Repo/Login Page/Internal User/Password'

2018-12-12 12:40:47 - [MESSAGE][PASSED] - Text ****** has been set on object 'Object Repository/Final Object Repo/Login Page/Internal User/Password'

2018-12-12 12:40:47 - [TEST_STEP][PASSED] - click: Object: 'Object Repository/Final Object Repo/Login Page/Internal User/Login Button' is clicked on

2018-12-12 12:40:47 - [MESSAGE][PASSED] - Object: 'Object Repository/Final Object Repo/Login Page/Internal User/Login Button' is clicked on

2018-12-12 12:40:47 - [TEST_STEP][PASSED] - delay: Delayed 2 second(s)

2018-12-12 12:40:49 - [MESSAGE][PASSED] - Delayed 2 second(s)

2018-12-12 12:40:49 - [TEST_STEP][PASSED] - Statement - Try: Delayed 2 second(s)

2018-12-12 12:40:49 - [TEST_STEP][PASSED] - Statement - Checker = false: null

2018-12-12 12:40:49 - [TEST_STEP][PASSED] - Statement - Checker = com.kms.katalon.core.webui.keyword.WebUiBuiltInKeywords.verifyElementHasAttribute(com.kms.katalon.core.testobject.ObjectRepository.findTestObject(Final Object Repo/Landing Page/BM Detecting), "href", 20, OPTIONAL): Object 'Object Repository/Final Object Repo/Landing Page/BM Detecting' has attribute 'href'

2018-12-12 12:40:49 - [MESSAGE][PASSED] - Object 'Object Repository/Final Object Repo/Landing Page/BM Detecting' has attribute 'href'

2018-12-12 12:40:49 - [TEST_STEP][PASSED] - Statement - out.println(Checker): null

2018-12-12 12:40:49 - [TEST_STEP][PASSED] - Statement - If (Checker == false): null

2018-12-12 12:40:49 - [TEST_STEP][PASSED] - Statement - Else: null

2018-12-12 12:40:49 - [TEST_STEP][PASSED] - delay: Delayed 2 second(s)

2018-12-12 12:40:51 - [MESSAGE][PASSED] - Delayed 2 second(s)

2018-12-12 12:40:51 - [TEST_STEP][PASSED] - click: Object: 'Object Repository/Final Object Repo/Page_MyASSIST - ASSIST - Search Pending Case For Add Supporting Document/Search Information' is clicked on

2018-12-12 12:40:51 - [MESSAGE][PASSED] - Object: 'Object Repository/Final Object Repo/Page_MyASSIST - ASSIST - Search Pending Case For Add Supporting Document/Search Information' is clicked on

2018-12-12 12:40:51 - [TEST_STEP][PASSED] - delay: Delayed 3 second(s)

2018-12-12 12:40:54 - [MESSAGE][PASSED] - Delayed 3 second(s)

2018-12-12 12:40:54 - [TEST_STEP][PASSED] - sendKeys: Keys 'SSN12201800001189' sent to object: 'Object Repository/Final Object Repo/Page_MyASSIST - ASSIST - Search Pending Case For Add Supporting Document/Reference No'

2018-12-12 12:40:55 - [MESSAGE][PASSED] - Keys 'SSN12201800001189' sent to object: 'Object Repository/Final Object Repo/Page_MyASSIST - ASSIST - Search Pending Case For Add Supporting Document/Reference No'

2018-12-12 12:40:55 - [TEST_STEP][PASSED] - click: Object: 'Object Repository/Final Object Repo/Page_MyASSIST - ASSIST - Search Pending Case For Add Supporting Document/Search Reference No' is clicked on

2018-12-12 12:40:55 - [MESSAGE][PASSED] - Object: 'Object Repository/Final Object Repo/Page_MyASSIST - ASSIST - Search Pending Case For Add Supporting Document/Search Reference No' is clicked on

2018-12-12 12:40:55 - [TEST_STEP][PASSED] - delay: Delayed 2 second(s)

2018-12-12 12:40:57 - [MESSAGE][PASSED] - Delayed 2 second(s)

2018-12-12 12:40:57 - [TEST_STEP][PASSED] - click: Object: 'Object Repository/Final Object Repo/Page_MyASSIST - ASSIST - Search Pending Case For Add Supporting Document/Continue' is clicked on

2018-12-12 12:41:04 - [MESSAGE][PASSED] - Object: 'Object Repository/Final Object Repo/Page_MyASSIST - ASSIST - Search Pending Case For Add Supporting Document/Continue' is clicked on

2018-12-12 12:41:04 - [TEST_STEP][PASSED] - delay: Delayed 20 second(s)

2018-12-12 12:41:24 - [MESSAGE][PASSED] - Delayed 20 second(s)

2018-12-12 12:41:24 - [MESSAGE][PASSED] - Call Test Case 'Test Cases/Final Aug 2018 - PKS Automation/Registration Module/Workflow/Login and Search Case For Workflow' successfully

2018-12-12 12:41:24 - [TEST_STEP][PASSED] - callTestCase: Call Test Case 'Test Cases/Final Aug 2018 - PKS Automation/Registration Module/Workflow/Request SSN/Template/Request SSN - RO (Under enforcement)' successfully

2018-12-12 12:41:24 - [TEST_CASE][PASSED] - Test Cases/Final Aug 2018 - PKS Automation/Registration Module/Workflow/Request SSN/Template/Request SSN - RO (Under enforcement): Test Cases/Final Aug 2018 - PKS Automation/Registration Module/Workflow/Request SSN/Template/Request SSN - RO (Under enforcement)

2018-12-12 12:41:24 - [TEST_STEP][NOT_RUN] - openBrowser: NOT_RUN: openBrowser

2018-12-12 12:41:24 - [MESSAGE][NOT_RUN] - NOT_RUN: openBrowser

2018-12-12 12:41:24 - [TEST_STEP][NOT_RUN] - navigateToUrl: NOT_RUN: navigateToUrl

2018-12-12 12:41:24 - [MESSAGE][NOT_RUN] - NOT_RUN: navigateToUrl

2018-12-12 12:41:24 - [TEST_STEP][NOT_RUN] - setText: NOT_RUN: setText

2018-12-12 12:41:24 - [MESSAGE][NOT_RUN] - NOT_RUN: setText

2018-12-12 12:41:24 - [TEST_STEP][NOT_RUN] - click: NOT_RUN: click

2018-12-12 12:41:24 - [MESSAGE][NOT_RUN] - NOT_RUN: click

2018-12-12 12:41:24 - [TEST_STEP][NOT_RUN] - delay: NOT_RUN: delay

2018-12-12 12:41:24 - [MESSAGE][NOT_RUN] - NOT_RUN: delay

2018-12-12 12:41:24 - [TEST_STEP][NOT_RUN] - setEncryptedText: NOT_RUN: setEncryptedText

2018-12-12 12:41:24 - [MESSAGE][NOT_RUN] - NOT_RUN: setEncryptedText

2018-12-12 12:41:24 - [TEST_STEP][NOT_RUN] - click: NOT_RUN: click

2018-12-12 12:41:24 - [MESSAGE][NOT_RUN] - NOT_RUN: click

2018-12-12 12:41:24 - [TEST_STEP][NOT_RUN] - delay: NOT_RUN: delay

2018-12-12 12:41:24 - [MESSAGE][NOT_RUN] - NOT_RUN: delay

2018-12-12 12:41:24 - [TEST_STEP][NOT_RUN] - click: NOT_RUN: click

2018-12-12 12:41:24 - [MESSAGE][NOT_RUN] - NOT_RUN: click

2018-12-12 12:41:24 - [TEST_STEP][NOT_RUN] - delay: NOT_RUN: delay

2018-12-12 12:41:24 - [MESSAGE][NOT_RUN] - NOT_RUN: delay

2018-12-12 12:41:24 - [TEST_STEP][NOT_RUN] - sendKeys: NOT_RUN: sendKeys

2018-12-12 12:41:24 - [MESSAGE][NOT_RUN] - NOT_RUN: sendKeys

2018-12-12 12:41:24 - [TEST_STEP][NOT_RUN] - click: NOT_RUN: click

2018-12-12 12:41:24 - [MESSAGE][NOT_RUN] - NOT_RUN: click

2018-12-12 12:41:24 - [TEST_STEP][NOT_RUN] - delay: NOT_RUN: delay

2018-12-12 12:41:24 - [MESSAGE][NOT_RUN] - NOT_RUN: delay

2018-12-12 12:41:24 - [TEST_STEP][NOT_RUN] - click: NOT_RUN: click

2018-12-12 12:41:24 - [MESSAGE][NOT_RUN] - NOT_RUN: click

2018-12-12 12:41:24 - [TEST_STEP][PASSED] - click: Object: 'Object Repository/Final Object Repo/Page_Request SSN - ASSIST/Page_Request SSN - ASSIST - RO/Approval For SSN' is clicked on

2018-12-12 12:41:25 - [MESSAGE][PASSED] - Object: 'Object Repository/Final Object Repo/Page_Request SSN - ASSIST/Page_Request SSN - ASSIST - RO/Approval For SSN' is clicked on

2018-12-12 12:41:25 - [TEST_STEP][PASSED] - click: Object: 'Object Repository/Final Object Repo/Page_Request SSN - ASSIST/Page_Request SSN - ASSIST - RO/Approval For SSN - Approve' is clicked on

2018-12-12 12:41:25 - [MESSAGE][PASSED] - Object: 'Object Repository/Final Object Repo/Page_Request SSN - ASSIST/Page_Request SSN - ASSIST - RO/Approval For SSN - Approve' is clicked on

2018-12-12 12:41:25 - [TEST_STEP][PASSED] - delay: Delayed 2 second(s)

2018-12-12 12:41:27 - [MESSAGE][PASSED] - Delayed 2 second(s)

2018-12-12 12:41:27 - [TEST_STEP][PASSED] - click: Object: 'Object Repository/Final Object Repo/Page_Request SSN - ASSIST/Page_Request SSN - ASSIST - RO/Save  Continue in SSN Page' is clicked on

2018-12-12 12:41:27 - [MESSAGE][PASSED] - Object: 'Object Repository/Final Object Repo/Page_Request SSN - ASSIST/Page_Request SSN - ASSIST - RO/Save  Continue in SSN Page' is clicked on

2018-12-12 12:41:27 - [TEST_STEP][PASSED] - delay: Delayed 2 second(s)

2018-12-12 12:41:29 - [MESSAGE][PASSED] - Delayed 2 second(s)

2018-12-12 12:41:29 - [TEST_STEP][PASSED] - click: Object: 'Object Repository/Final Object Repo/Page_Request SSN - ASSIST/Page_Request SSN - ASSIST - RO/Save  Continue in Uploading Document Page' is clicked on

2018-12-12 12:41:32 - [MESSAGE][PASSED] - Object: 'Object Repository/Final Object Repo/Page_Request SSN - ASSIST/Page_Request SSN - ASSIST - RO/Save  Continue in Uploading Document Page' is clicked on

2018-12-12 12:41:32 - [TEST_STEP][PASSED] - delay: Delayed 2 second(s)

2018-12-12 12:41:34 - [MESSAGE][PASSED] - Delayed 2 second(s)

2018-12-12 12:41:34 - [TEST_STEP][PASSED] - click: Object: 'Object Repository/Final Object Repo/Page_Request SSN - ASSIST/Page_Request SSN - ASSIST - RO/Page_Request SSN - ASSIST (Under enforcement)/Under Enforcement' is clicked on

2018-12-12 12:41:36 - [MESSAGE][PASSED] - Object: 'Object Repository/Final Object Repo/Page_Request SSN - ASSIST/Page_Request SSN - ASSIST - RO/Page_Request SSN - ASSIST (Under enforcement)/Under Enforcement' is clicked on

2018-12-12 12:41:36 - [TEST_STEP][PASSED] - delay: Delayed 2 second(s)

2018-12-12 12:41:38 - [MESSAGE][PASSED] - Delayed 2 second(s)

2018-12-12 12:41:38 - [TEST_STEP][PASSED] - sendKeys: Keys 'Remark' sent to object: 'Object Repository/Final Object Repo/Page_Request SSN - ASSIST/Page_Request SSN - ASSIST - RO/Page_Request SSN - ASSIST (Under enforcement)/Under Endorcement - Remark'

2018-12-12 12:41:39 - [MESSAGE][PASSED] - Keys 'Remark' sent to object: 'Object Repository/Final Object Repo/Page_Request SSN - ASSIST/Page_Request SSN - ASSIST - RO/Page_Request SSN - ASSIST (Under enforcement)/Under Endorcement - Remark'

2018-12-12 12:41:39 - [TEST_STEP][PASSED] - delay: Delayed 2 second(s)

2018-12-12 12:41:41 - [MESSAGE][PASSED] - Delayed 2 second(s)

2018-12-12 12:41:41 - [TEST_STEP][PASSED] - click: Object: 'Object Repository/Final Object Repo/Page_Request SSN - ASSIST/Page_Request SSN - ASSIST - RO/Page_Request SSN - ASSIST (Under enforcement)/Save  Continue in Under Enforcement Page' is clicked on

2018-12-12 12:41:41 - [MESSAGE][PASSED] - Object: 'Object Repository/Final Object Repo/Page_Request SSN - ASSIST/Page_Request SSN - ASSIST - RO/Page_Request SSN - ASSIST (Under enforcement)/Save  Continue in Under Enforcement Page' is clicked on

2018-12-12 12:41:41 - [TEST_STEP][PASSED] - delay: Delayed 2 second(s)

2018-12-12 12:41:43 - [MESSAGE][PASSED] - Delayed 2 second(s)

2018-12-12 12:41:43 - [TEST_STEP][PASSED] - verifyElementVisible: Object 'Object Repository/Final Object Repo/Page_Request SSN - ASSIST/Page_Request SSN - ASSIST - RO/Page_Request SSN - ASSIST (Under enforcement)/Message The case is under enforceme' is visible

2018-12-12 12:41:46 - [MESSAGE][PASSED] - Object 'Object Repository/Final Object Repo/Page_Request SSN - ASSIST/Page_Request SSN - ASSIST - RO/Page_Request SSN - ASSIST (Under enforcement)/Message The case is under enforceme' is visible

2018-12-12 12:41:46 - [TEST_STEP][PASSED] - delay: Delayed 2 second(s)

2018-12-12 12:41:48 - [MESSAGE][PASSED] - Delayed 2 second(s)

2018-12-12 12:41:48 - [TEST_STEP][PASSED] - click: Object: 'Object Repository/Final Object Repo/Page_Request SSN - ASSIST/Page_Request SSN - ASSIST - RO/Page_Request SSN - ASSIST (Under enforcement)/OK' is clicked on

2018-12-12 12:41:49 - [MESSAGE][PASSED] - Object: 'Object Repository/Final Object Repo/Page_Request SSN - ASSIST/Page_Request SSN - ASSIST - RO/Page_Request SSN - ASSIST (Under enforcement)/OK' is clicked on

2018-12-12 12:41:49 - [MESSAGE][PASSED] - Call Test Case 'Test Cases/Final Aug 2018 - PKS Automation/Registration Module/Workflow/Request SSN/Template/Request SSN - RO (Under enforcement)' successfully

2018-12-12 12:41:49 - [MESSAGE][PASSED] - Call Test Case 'Test Cases/Final Aug 2018 - PKS Automation/Registration Module/Workflow/Request SSN/Template/Request SSN RIO - RO (Under Enforcement)' successfully]]></system-out>
         <system-err><![CDATA[]]></system-err>
      </testcase>
      <testcase name="Test Cases/Final Aug 2018 - PKS Automation/Registration Module/Workflow/Request SSN/PKRBO - RIO - RO (Approve)" classname="Test Cases/Final Aug 2018 - PKS Automation/Registration Module/Workflow/Request SSN/PKRBO - RIO - RO (Approve)" status="PASSED">
         <system-out><![CDATA[2018-12-12 12:41:49 - [TEST_CASE][PASSED] - Test Cases/Final Aug 2018 - PKS Automation/Registration Module/Workflow/Request SSN/PKRBO - RIO - RO (Approve): Test Cases/Final Aug 2018 - PKS Automation/Registration Module/Workflow/Request SSN/PKRBO - RIO - RO (Approve)

2018-12-12 12:41:50 - [TEST_STEP][PASSED] - callTestCase: Call Test Case 'Test Cases/Final Aug 2018 - PKS Automation/Registration Module/Workflow/Request SSN/Template/Request SSN - PKRBO' successfully

2018-12-12 12:41:50 - [TEST_CASE][PASSED] - Test Cases/Final Aug 2018 - PKS Automation/Registration Module/Workflow/Request SSN/Template/Request SSN - PKRBO: Test Cases/Final Aug 2018 - PKS Automation/Registration Module/Workflow/Request SSN/Template/Request SSN - PKRBO

2018-12-12 12:41:50 - [TEST_STEP][PASSED] - openBrowser: Browser is opened with url: ''

2018-12-12 12:41:50 - [MESSAGE][WARNING] - A browser is already opened. Closing browser and opening a new one

2018-12-12 12:41:55 - [MESSAGE][PASSED] - Browser is opened with url: ''

2018-12-12 12:41:55 - [TEST_STEP][PASSED] - navigateToUrl: Navigate to 'https://assist2-uat.perkeso.gov.my/login' successfully

2018-12-12 12:41:56 - [MESSAGE][PASSED] - Navigate to 'https://assist2-uat.perkeso.gov.my/login' successfully

2018-12-12 12:41:56 - [TEST_STEP][PASSED] - setText: Text 'johorpkrbo1@gmail.com' is set on object 'Object Repository/Final Object Repo/Login Page/Internal User/Email Address'

2018-12-12 12:41:56 - [MESSAGE][PASSED] - Text 'johorpkrbo1@gmail.com' is set on object 'Object Repository/Final Object Repo/Login Page/Internal User/Email Address'

2018-12-12 12:41:56 - [TEST_STEP][PASSED] - click: Object: 'Object Repository/Final Object Repo/Login Page/Internal User/Next Button' is clicked on

2018-12-12 12:41:56 - [MESSAGE][PASSED] - Object: 'Object Repository/Final Object Repo/Login Page/Internal User/Next Button' is clicked on

2018-12-12 12:41:56 - [TEST_STEP][PASSED] - delay: Delayed 1 second(s)

2018-12-12 12:41:57 - [MESSAGE][PASSED] - Delayed 1 second(s)

2018-12-12 12:41:57 - [TEST_STEP][PASSED] - setEncryptedText: Text ****** has been set on object 'Object Repository/Final Object Repo/Login Page/Internal User/Password'

2018-12-12 12:41:57 - [MESSAGE][PASSED] - Text ****** has been set on object 'Object Repository/Final Object Repo/Login Page/Internal User/Password'

2018-12-12 12:41:57 - [TEST_STEP][PASSED] - click: Object: 'Object Repository/Final Object Repo/Login Page/Internal User/Login Button' is clicked on

2018-12-12 12:41:58 - [MESSAGE][PASSED] - Object: 'Object Repository/Final Object Repo/Login Page/Internal User/Login Button' is clicked on

2018-12-12 12:41:58 - [TEST_STEP][PASSED] - Statement - Try: null

2018-12-12 12:41:58 - [TEST_STEP][PASSED] - Statement - Checker = com.kms.katalon.core.webui.keyword.WebUiBuiltInKeywords.verifyElementNotPresent("Final Object Repo/Landing Page/Select to English", 3): null

2018-12-12 12:41:58 - [TEST_STEP][PASSED] - Statement - Catch (Exception e): null

2018-12-12 12:41:58 - [TEST_STEP][PASSED] - Statement - e.printStackTrace(): null

2018-12-12 12:41:58 - [TEST_STEP][PASSED] - delay: Delayed 5 second(s)

2018-12-12 12:42:03 - [MESSAGE][PASSED] - Delayed 5 second(s)

2018-12-12 12:42:03 - [TEST_STEP][PASSED] - delay: Delayed 1 second(s)

2018-12-12 12:42:04 - [MESSAGE][PASSED] - Delayed 1 second(s)

2018-12-12 12:42:04 - [TEST_STEP][PASSED] - navigateToUrl: Navigate to 'https://assist2-uat.perkeso.gov.my/web/registration/request-ssn' successfully

2018-12-12 12:42:07 - [MESSAGE][PASSED] - Navigate to 'https://assist2-uat.perkeso.gov.my/web/registration/request-ssn' successfully

2018-12-12 12:42:07 - [TEST_STEP][PASSED] - setText: Text 'perkeso' is set on object 'Object Repository/Final Object Repo/Page_Request SSN - ASSIST/AI - Name'

2018-12-12 12:42:08 - [MESSAGE][PASSED] - Text 'perkeso' is set on object 'Object Repository/Final Object Repo/Page_Request SSN - ASSIST/AI - Name'

2018-12-12 12:42:08 - [TEST_STEP][PASSED] - click: Object: 'Object Repository/Final Object Repo/Page_Request SSN - ASSIST/AI - DOB' is clicked on

2018-12-12 12:42:08 - [MESSAGE][PASSED] - Object: 'Object Repository/Final Object Repo/Page_Request SSN - ASSIST/AI - DOB' is clicked on

2018-12-12 12:42:08 - [TEST_STEP][PASSED] - selectOptionByValue: All options with value '1995' are selected in object 'Object Repository/Final Object Repo/Page_Request SSN - ASSIST/AI - DOB - Year' 

2018-12-12 12:42:09 - [MESSAGE][PASSED] - All options with value '1995' are selected in object 'Object Repository/Final Object Repo/Page_Request SSN - ASSIST/AI - DOB - Year' 

2018-12-12 12:42:09 - [TEST_STEP][PASSED] - delay: Delayed 3 second(s)

2018-12-12 12:42:12 - [MESSAGE][PASSED] - Delayed 3 second(s)

2018-12-12 12:42:12 - [TEST_STEP][PASSED] - doubleClick: Object: 'Object Repository/Final Object Repo/Page_Request SSN - ASSIST/AI - DOB - Year - Date' is double clicked on

2018-12-12 12:42:12 - [MESSAGE][PASSED] - Object: 'Object Repository/Final Object Repo/Page_Request SSN - ASSIST/AI - DOB - Year - Date' is double clicked on

2018-12-12 12:42:12 - [TEST_STEP][PASSED] - click: Object: 'Object Repository/Final Object Repo/Page_Request SSN - ASSIST/AI - Male' is clicked on

2018-12-12 12:42:12 - [MESSAGE][PASSED] - Object: 'Object Repository/Final Object Repo/Page_Request SSN - ASSIST/AI - Male' is clicked on

2018-12-12 12:42:12 - [TEST_STEP][PASSED] - click: Object: 'Object Repository/Final Object Repo/Page_Request SSN - ASSIST/AI- Race' is clicked on

2018-12-12 12:42:12 - [MESSAGE][PASSED] - Object: 'Object Repository/Final Object Repo/Page_Request SSN - ASSIST/AI- Race' is clicked on

2018-12-12 12:42:12 - [TEST_STEP][PASSED] - click: Object: 'Object Repository/Final Object Repo/Page_Request SSN - ASSIST/AI - Race - Melayu' is clicked on

2018-12-12 12:42:13 - [MESSAGE][PASSED] - Object: 'Object Repository/Final Object Repo/Page_Request SSN - ASSIST/AI - Race - Melayu' is clicked on

2018-12-12 12:42:13 - [TEST_STEP][PASSED] - click: Object: 'Object Repository/Final Object Repo/Page_Request SSN - ASSIST/AI - Religion' is clicked on

2018-12-12 12:42:13 - [MESSAGE][PASSED] - Object: 'Object Repository/Final Object Repo/Page_Request SSN - ASSIST/AI - Religion' is clicked on

2018-12-12 12:42:13 - [TEST_STEP][PASSED] - click: Object: 'Object Repository/Final Object Repo/Page_Request SSN - ASSIST/AI - Religion - Islam' is clicked on

2018-12-12 12:42:13 - [MESSAGE][PASSED] - Object: 'Object Repository/Final Object Repo/Page_Request SSN - ASSIST/AI - Religion - Islam' is clicked on

2018-12-12 12:42:13 - [TEST_STEP][PASSED] - setText: Text '12345' is set on object 'Object Repository/Final Object Repo/Page_Request SSN - ASSIST/AI - Birth Certificate'

2018-12-12 12:42:14 - [MESSAGE][PASSED] - Text '12345' is set on object 'Object Repository/Final Object Repo/Page_Request SSN - ASSIST/AI - Birth Certificate'

2018-12-12 12:42:14 - [TEST_STEP][PASSED] - click: Object: 'Object Repository/Final Object Repo/Page_Request SSN - ASSIST/AI - Nationality' is clicked on

2018-12-12 12:42:14 - [MESSAGE][PASSED] - Object: 'Object Repository/Final Object Repo/Page_Request SSN - ASSIST/AI - Nationality' is clicked on

2018-12-12 12:42:14 - [TEST_STEP][PASSED] - click: Object: 'Object Repository/Final Object Repo/Page_Request SSN - ASSIST/AI - Nationality - Afghanistan' is clicked on

2018-12-12 12:42:14 - [MESSAGE][PASSED] - Object: 'Object Repository/Final Object Repo/Page_Request SSN - ASSIST/AI - Nationality - Afghanistan' is clicked on

2018-12-12 12:42:14 - [TEST_STEP][PASSED] - setText: Text 'PERKESO ADDRESS1' is set on object 'Object Repository/Final Object Repo/Page_Request SSN - ASSIST/AI - Address1'

2018-12-12 12:42:16 - [MESSAGE][PASSED] - Text 'PERKESO ADDRESS1' is set on object 'Object Repository/Final Object Repo/Page_Request SSN - ASSIST/AI - Address1'

2018-12-12 12:42:16 - [TEST_STEP][PASSED] - setText: Text 'PERKESO ADDRESS2' is set on object 'Object Repository/Final Object Repo/Page_Request SSN - ASSIST/AI - Address2'

2018-12-12 12:42:17 - [MESSAGE][PASSED] - Text 'PERKESO ADDRESS2' is set on object 'Object Repository/Final Object Repo/Page_Request SSN - ASSIST/AI - Address2'

2018-12-12 12:42:17 - [TEST_STEP][PASSED] - setText: Text 'PERKESO ADDRESS3' is set on object 'Object Repository/Final Object Repo/Page_Request SSN - ASSIST/AI - Address3'

2018-12-12 12:42:19 - [MESSAGE][PASSED] - Text 'PERKESO ADDRESS3' is set on object 'Object Repository/Final Object Repo/Page_Request SSN - ASSIST/AI - Address3'

2018-12-12 12:42:19 - [TEST_STEP][PASSED] - click: Object: 'Object Repository/Final Object Repo/Page_Request SSN - ASSIST/AI - State' is clicked on

2018-12-12 12:42:19 - [MESSAGE][PASSED] - Object: 'Object Repository/Final Object Repo/Page_Request SSN - ASSIST/AI - State' is clicked on

2018-12-12 12:42:19 - [TEST_STEP][PASSED] - click: Object: 'Object Repository/Final Object Repo/Page_Request SSN - ASSIST/AI - Current Employer State - Johor' is clicked on

2018-12-12 12:42:19 - [MESSAGE][PASSED] - Object: 'Object Repository/Final Object Repo/Page_Request SSN - ASSIST/AI - Current Employer State - Johor' is clicked on

2018-12-12 12:42:19 - [TEST_STEP][PASSED] - click: Object: 'Object Repository/Final Object Repo/Page_Request SSN - ASSIST/AI - City' is clicked on

2018-12-12 12:42:19 - [MESSAGE][PASSED] - Object: 'Object Repository/Final Object Repo/Page_Request SSN - ASSIST/AI - City' is clicked on

2018-12-12 12:42:19 - [TEST_STEP][PASSED] - setText: Text 'JOH' is set on object 'Object Repository/Final Object Repo/Page_Request SSN - ASSIST/AI - City - JOH'

2018-12-12 12:42:20 - [MESSAGE][PASSED] - Text 'JOH' is set on object 'Object Repository/Final Object Repo/Page_Request SSN - ASSIST/AI - City - JOH'

2018-12-12 12:42:20 - [TEST_STEP][PASSED] - delay: Delayed 3 second(s)

2018-12-12 12:42:23 - [MESSAGE][PASSED] - Delayed 3 second(s)

2018-12-12 12:42:23 - [TEST_STEP][PASSED] - click: Object: 'Object Repository/Final Object Repo/Page_Request SSN - ASSIST/AI - City - Johor Bharu' is clicked on

2018-12-12 12:42:23 - [MESSAGE][PASSED] - Object: 'Object Repository/Final Object Repo/Page_Request SSN - ASSIST/AI - City - Johor Bharu' is clicked on

2018-12-12 12:42:23 - [TEST_STEP][PASSED] - click: Object: 'Object Repository/Final Object Repo/Page_Request SSN - ASSIST/AI - Post Code' is clicked on

2018-12-12 12:42:24 - [MESSAGE][PASSED] - Object: 'Object Repository/Final Object Repo/Page_Request SSN - ASSIST/AI - Post Code' is clicked on

2018-12-12 12:42:24 - [TEST_STEP][PASSED] - setText: Text '810' is set on object 'Object Repository/Final Object Repo/Page_Request SSN - ASSIST/AI - City - JOH'

2018-12-12 12:42:24 - [MESSAGE][PASSED] - Text '810' is set on object 'Object Repository/Final Object Repo/Page_Request SSN - ASSIST/AI - City - JOH'

2018-12-12 12:42:24 - [TEST_STEP][PASSED] - delay: Delayed 3 second(s)

2018-12-12 12:42:27 - [MESSAGE][PASSED] - Delayed 3 second(s)

2018-12-12 12:42:27 - [TEST_STEP][PASSED] - click: Object: 'Object Repository/Final Object Repo/Page_Request SSN - ASSIST/AI - PostCode - 81000' is clicked on

2018-12-12 12:42:27 - [MESSAGE][PASSED] - Object: 'Object Repository/Final Object Repo/Page_Request SSN - ASSIST/AI - PostCode - 81000' is clicked on

2018-12-12 12:42:27 - [TEST_STEP][PASSED] - setText: Text '100' is set on object 'Object Repository/Final Object Repo/Page_Request SSN - ASSIST/P.O.BOX'

2018-12-12 12:42:28 - [MESSAGE][PASSED] - Text '100' is set on object 'Object Repository/Final Object Repo/Page_Request SSN - ASSIST/P.O.BOX'

2018-12-12 12:42:28 - [TEST_STEP][PASSED] - setText: Text '100' is set on object 'Object Repository/Final Object Repo/Page_Request SSN - ASSIST/Locked Bag No'

2018-12-12 12:42:28 - [MESSAGE][PASSED] - Text '100' is set on object 'Object Repository/Final Object Repo/Page_Request SSN - ASSIST/Locked Bag No'

2018-12-12 12:42:28 - [TEST_STEP][PASSED] - delay: Delayed 2 second(s)

2018-12-12 12:42:30 - [MESSAGE][PASSED] - Delayed 2 second(s)

2018-12-12 12:42:30 - [TEST_STEP][PASSED] - setText: Text '123456789' is set on object 'Object Repository/Final Object Repo/Page_Request SSN - ASSIST/AI - Telephone No'

2018-12-12 12:42:31 - [MESSAGE][PASSED] - Text '123456789' is set on object 'Object Repository/Final Object Repo/Page_Request SSN - ASSIST/AI - Telephone No'

2018-12-12 12:42:31 - [TEST_STEP][PASSED] - click: Object: 'Object Repository/Final Object Repo/Page_Request SSN - ASSIST/AI - Occupation' is clicked on

2018-12-12 12:42:31 - [MESSAGE][PASSED] - Object: 'Object Repository/Final Object Repo/Page_Request SSN - ASSIST/AI - Occupation' is clicked on

2018-12-12 12:42:31 - [TEST_STEP][PASSED] - click: Object: 'Object Repository/Final Object Repo/Page_Request SSN - ASSIST/AI - Occupation - NUMERICAL AND MATERIAL R' is clicked on

2018-12-12 12:42:32 - [MESSAGE][PASSED] - Object: 'Object Repository/Final Object Repo/Page_Request SSN - ASSIST/AI - Occupation - NUMERICAL AND MATERIAL R' is clicked on

2018-12-12 12:42:32 - [TEST_STEP][PASSED] - delay: Delayed 2 second(s)

2018-12-12 12:42:34 - [MESSAGE][PASSED] - Delayed 2 second(s)

2018-12-12 12:42:34 - [TEST_STEP][PASSED] - click: Object: 'Object Repository/Final Object Repo/Page_Request SSN - ASSIST/AI - Sub Occupation' is clicked on

2018-12-12 12:42:34 - [MESSAGE][PASSED] - Object: 'Object Repository/Final Object Repo/Page_Request SSN - ASSIST/AI - Sub Occupation' is clicked on

2018-12-12 12:42:34 - [TEST_STEP][PASSED] - click: Object: 'Object Repository/Final Object Repo/Page_Request SSN - ASSIST/AI - Sub Occupation - Stock Clerks' is clicked on

2018-12-12 12:42:34 - [MESSAGE][PASSED] - Object: 'Object Repository/Final Object Repo/Page_Request SSN - ASSIST/AI - Sub Occupation - Stock Clerks' is clicked on

2018-12-12 12:42:34 - [TEST_STEP][PASSED] - delay: Delayed 2 second(s)

2018-12-12 12:42:36 - [MESSAGE][PASSED] - Delayed 2 second(s)

2018-12-12 12:42:36 - [TEST_STEP][PASSED] - click: Object: 'Object Repository/Final Object Repo/Page_Request SSN - ASSIST/AI - Sub Occupation List' is clicked on

2018-12-12 12:42:37 - [MESSAGE][PASSED] - Object: 'Object Repository/Final Object Repo/Page_Request SSN - ASSIST/AI - Sub Occupation List' is clicked on

2018-12-12 12:42:37 - [TEST_STEP][PASSED] - click: Object: 'Object Repository/Final Object Repo/Page_Request SSN - ASSIST/AI - Sub Occupation List - Clerk raw material' is clicked on

2018-12-12 12:42:37 - [MESSAGE][PASSED] - Object: 'Object Repository/Final Object Repo/Page_Request SSN - ASSIST/AI - Sub Occupation List - Clerk raw material' is clicked on

2018-12-12 12:42:37 - [TEST_STEP][PASSED] - click: Object: 'Object Repository/Final Object Repo/Page_Request SSN - ASSIST/AI - Employment Start Date' is clicked on

2018-12-12 12:42:37 - [MESSAGE][PASSED] - Object: 'Object Repository/Final Object Repo/Page_Request SSN - ASSIST/AI - Employment Start Date' is clicked on

2018-12-12 12:42:37 - [TEST_STEP][PASSED] - click: Object: 'Object Repository/Final Object Repo/Page_Request SSN - ASSIST/AI - DOB - Year - Date' is clicked on

2018-12-12 12:42:37 - [MESSAGE][PASSED] - Object: 'Object Repository/Final Object Repo/Page_Request SSN - ASSIST/AI - DOB - Year - Date' is clicked on

2018-12-12 12:42:37 - [TEST_STEP][PASSED] - setText: Text 'perkeso' is set on object 'Object Repository/Final Object Repo/Page_Request SSN - ASSIST/AI - Current Employer Name'

2018-12-12 12:42:39 - [MESSAGE][PASSED] - Text 'perkeso' is set on object 'Object Repository/Final Object Repo/Page_Request SSN - ASSIST/AI - Current Employer Name'

2018-12-12 12:42:39 - [TEST_STEP][PASSED] - setText: Text 'perkeso1' is set on object 'Object Repository/Final Object Repo/Page_Request SSN - ASSIST/AI - Current Employer Address1'

2018-12-12 12:42:40 - [MESSAGE][PASSED] - Text 'perkeso1' is set on object 'Object Repository/Final Object Repo/Page_Request SSN - ASSIST/AI - Current Employer Address1'

2018-12-12 12:42:40 - [TEST_STEP][PASSED] - setText: Text 'perkeso2' is set on object 'Object Repository/Final Object Repo/Page_Request SSN - ASSIST/AI - Current Employer Address2'

2018-12-12 12:42:40 - [MESSAGE][PASSED] - Text 'perkeso2' is set on object 'Object Repository/Final Object Repo/Page_Request SSN - ASSIST/AI - Current Employer Address2'

2018-12-12 12:42:40 - [TEST_STEP][PASSED] - setText: Text 'perkeso3' is set on object 'Object Repository/Final Object Repo/Page_Request SSN - ASSIST/AI - Current Employer Address3'

2018-12-12 12:42:41 - [MESSAGE][PASSED] - Text 'perkeso3' is set on object 'Object Repository/Final Object Repo/Page_Request SSN - ASSIST/AI - Current Employer Address3'

2018-12-12 12:42:41 - [TEST_STEP][PASSED] - click: Object: 'Object Repository/Final Object Repo/Page_Request SSN - ASSIST/AI - Current Employer State' is clicked on

2018-12-12 12:42:41 - [MESSAGE][PASSED] - Object: 'Object Repository/Final Object Repo/Page_Request SSN - ASSIST/AI - Current Employer State' is clicked on

2018-12-12 12:42:41 - [TEST_STEP][PASSED] - click: Object: 'Object Repository/Final Object Repo/Page_Request SSN - ASSIST/AI - Current Employer State - Johor 1' is clicked on

2018-12-12 12:42:42 - [MESSAGE][PASSED] - Object: 'Object Repository/Final Object Repo/Page_Request SSN - ASSIST/AI - Current Employer State - Johor 1' is clicked on

2018-12-12 12:42:42 - [TEST_STEP][PASSED] - click: Object: 'Object Repository/Final Object Repo/Page_Request SSN - ASSIST/AI - Current Employer City' is clicked on

2018-12-12 12:42:42 - [MESSAGE][PASSED] - Object: 'Object Repository/Final Object Repo/Page_Request SSN - ASSIST/AI - Current Employer City' is clicked on

2018-12-12 12:42:42 - [TEST_STEP][PASSED] - setText: Text 'joh' is set on object 'Object Repository/Final Object Repo/Page_Request SSN - ASSIST/AI - City - JOH'

2018-12-12 12:42:42 - [MESSAGE][PASSED] - Text 'joh' is set on object 'Object Repository/Final Object Repo/Page_Request SSN - ASSIST/AI - City - JOH'

2018-12-12 12:42:42 - [TEST_STEP][PASSED] - delay: Delayed 2 second(s)

2018-12-12 12:42:44 - [MESSAGE][PASSED] - Delayed 2 second(s)

2018-12-12 12:42:44 - [TEST_STEP][PASSED] - click: Object: 'Object Repository/Final Object Repo/Page_Request SSN - ASSIST/AI - City - Johor Bharu' is clicked on

2018-12-12 12:42:45 - [MESSAGE][PASSED] - Object: 'Object Repository/Final Object Repo/Page_Request SSN - ASSIST/AI - City - Johor Bharu' is clicked on

2018-12-12 12:42:45 - [TEST_STEP][PASSED] - click: Object: 'Object Repository/Final Object Repo/Page_Request SSN - ASSIST/AI - Current Employer Postcode' is clicked on

2018-12-12 12:42:45 - [MESSAGE][PASSED] - Object: 'Object Repository/Final Object Repo/Page_Request SSN - ASSIST/AI - Current Employer Postcode' is clicked on

2018-12-12 12:42:45 - [TEST_STEP][PASSED] - setText: Text '810' is set on object 'Object Repository/Final Object Repo/Page_Request SSN - ASSIST/AI - City - JOH'

2018-12-12 12:42:45 - [MESSAGE][PASSED] - Text '810' is set on object 'Object Repository/Final Object Repo/Page_Request SSN - ASSIST/AI - City - JOH'

2018-12-12 12:42:45 - [TEST_STEP][PASSED] - delay: Delayed 2 second(s)

2018-12-12 12:42:47 - [MESSAGE][PASSED] - Delayed 2 second(s)

2018-12-12 12:42:47 - [TEST_STEP][PASSED] - click: Object: 'Object Repository/Final Object Repo/Page_Request SSN - ASSIST/AI - PostCode - 81000' is clicked on

2018-12-12 12:42:48 - [MESSAGE][PASSED] - Object: 'Object Repository/Final Object Repo/Page_Request SSN - ASSIST/AI - PostCode - 81000' is clicked on

2018-12-12 12:42:48 - [TEST_STEP][NOT_RUN] - setText: NOT_RUN: setText

2018-12-12 12:42:48 - [MESSAGE][NOT_RUN] - NOT_RUN: setText

2018-12-12 12:42:48 - [TEST_STEP][NOT_RUN] - setText: NOT_RUN: setText

2018-12-12 12:42:48 - [MESSAGE][NOT_RUN] - NOT_RUN: setText

2018-12-12 12:42:48 - [TEST_STEP][NOT_RUN] - click: NOT_RUN: click

2018-12-12 12:42:48 - [MESSAGE][NOT_RUN] - NOT_RUN: click

2018-12-12 12:42:48 - [TEST_STEP][NOT_RUN] - click: NOT_RUN: click

2018-12-12 12:42:48 - [MESSAGE][NOT_RUN] - NOT_RUN: click

2018-12-12 12:42:48 - [TEST_STEP][NOT_RUN] - setText: NOT_RUN: setText

2018-12-12 12:42:48 - [MESSAGE][NOT_RUN] - NOT_RUN: setText

2018-12-12 12:42:48 - [TEST_STEP][NOT_RUN] - click: NOT_RUN: click

2018-12-12 12:42:48 - [MESSAGE][NOT_RUN] - NOT_RUN: click

2018-12-12 12:42:48 - [TEST_STEP][NOT_RUN] - click: NOT_RUN: click

2018-12-12 12:42:48 - [MESSAGE][NOT_RUN] - NOT_RUN: click

2018-12-12 12:42:48 - [TEST_STEP][NOT_RUN] - click: NOT_RUN: click

2018-12-12 12:42:48 - [MESSAGE][NOT_RUN] - NOT_RUN: click

2018-12-12 12:42:48 - [TEST_STEP][NOT_RUN] - click: NOT_RUN: click

2018-12-12 12:42:48 - [MESSAGE][NOT_RUN] - NOT_RUN: click

2018-12-12 12:42:48 - [TEST_STEP][NOT_RUN] - click: NOT_RUN: click

2018-12-12 12:42:48 - [MESSAGE][NOT_RUN] - NOT_RUN: click

2018-12-12 12:42:48 - [TEST_STEP][NOT_RUN] - click: NOT_RUN: click

2018-12-12 12:42:48 - [MESSAGE][NOT_RUN] - NOT_RUN: click

2018-12-12 12:42:48 - [TEST_STEP][NOT_RUN] - setText: NOT_RUN: setText

2018-12-12 12:42:48 - [MESSAGE][NOT_RUN] - NOT_RUN: setText

2018-12-12 12:42:48 - [TEST_STEP][NOT_RUN] - setText: NOT_RUN: setText

2018-12-12 12:42:48 - [MESSAGE][NOT_RUN] - NOT_RUN: setText

2018-12-12 12:42:48 - [TEST_STEP][NOT_RUN] - setText: NOT_RUN: setText

2018-12-12 12:42:48 - [MESSAGE][NOT_RUN] - NOT_RUN: setText

2018-12-12 12:42:48 - [TEST_STEP][NOT_RUN] - click: NOT_RUN: click

2018-12-12 12:42:48 - [MESSAGE][NOT_RUN] - NOT_RUN: click

2018-12-12 12:42:48 - [TEST_STEP][NOT_RUN] - click: NOT_RUN: click

2018-12-12 12:42:48 - [MESSAGE][NOT_RUN] - NOT_RUN: click

2018-12-12 12:42:48 - [TEST_STEP][NOT_RUN] - click: NOT_RUN: click

2018-12-12 12:42:48 - [MESSAGE][NOT_RUN] - NOT_RUN: click

2018-12-12 12:42:48 - [TEST_STEP][NOT_RUN] - setText: NOT_RUN: setText

2018-12-12 12:42:48 - [MESSAGE][NOT_RUN] - NOT_RUN: setText

2018-12-12 12:42:48 - [TEST_STEP][NOT_RUN] - delay: NOT_RUN: delay

2018-12-12 12:42:48 - [MESSAGE][NOT_RUN] - NOT_RUN: delay

2018-12-12 12:42:48 - [TEST_STEP][NOT_RUN] - click: NOT_RUN: click

2018-12-12 12:42:48 - [MESSAGE][NOT_RUN] - NOT_RUN: click

2018-12-12 12:42:48 - [TEST_STEP][NOT_RUN] - click: NOT_RUN: click

2018-12-12 12:42:48 - [MESSAGE][NOT_RUN] - NOT_RUN: click

2018-12-12 12:42:48 - [TEST_STEP][NOT_RUN] - click: NOT_RUN: click

2018-12-12 12:42:48 - [MESSAGE][NOT_RUN] - NOT_RUN: click

2018-12-12 12:42:48 - [TEST_STEP][NOT_RUN] - setText: NOT_RUN: setText

2018-12-12 12:42:48 - [MESSAGE][NOT_RUN] - NOT_RUN: setText

2018-12-12 12:42:48 - [TEST_STEP][NOT_RUN] - delay: NOT_RUN: delay

2018-12-12 12:42:48 - [MESSAGE][NOT_RUN] - NOT_RUN: delay

2018-12-12 12:42:48 - [TEST_STEP][NOT_RUN] - click: NOT_RUN: click

2018-12-12 12:42:48 - [MESSAGE][NOT_RUN] - NOT_RUN: click

2018-12-12 12:42:48 - [TEST_STEP][NOT_RUN] - delay: NOT_RUN: delay

2018-12-12 12:42:48 - [MESSAGE][NOT_RUN] - NOT_RUN: delay

2018-12-12 12:42:48 - [TEST_STEP][NOT_RUN] - setText: NOT_RUN: setText

2018-12-12 12:42:48 - [MESSAGE][NOT_RUN] - NOT_RUN: setText

2018-12-12 12:42:48 - [TEST_STEP][NOT_RUN] - setText: NOT_RUN: setText

2018-12-12 12:42:48 - [MESSAGE][NOT_RUN] - NOT_RUN: setText

2018-12-12 12:42:48 - [TEST_STEP][NOT_RUN] - setText: NOT_RUN: setText

2018-12-12 12:42:48 - [MESSAGE][NOT_RUN] - NOT_RUN: setText

2018-12-12 12:42:48 - [TEST_STEP][NOT_RUN] - click: NOT_RUN: click

2018-12-12 12:42:48 - [MESSAGE][NOT_RUN] - NOT_RUN: click

2018-12-12 12:42:48 - [TEST_STEP][NOT_RUN] - click: NOT_RUN: click

2018-12-12 12:42:48 - [MESSAGE][NOT_RUN] - NOT_RUN: click

2018-12-12 12:42:48 - [TEST_STEP][NOT_RUN] - setText: NOT_RUN: setText

2018-12-12 12:42:48 - [MESSAGE][NOT_RUN] - NOT_RUN: setText

2018-12-12 12:42:48 - [TEST_STEP][NOT_RUN] - click: NOT_RUN: click

2018-12-12 12:42:48 - [MESSAGE][NOT_RUN] - NOT_RUN: click

2018-12-12 12:42:48 - [TEST_STEP][NOT_RUN] - click: NOT_RUN: click

2018-12-12 12:42:48 - [MESSAGE][NOT_RUN] - NOT_RUN: click

2018-12-12 12:42:48 - [TEST_STEP][NOT_RUN] - click: NOT_RUN: click

2018-12-12 12:42:48 - [MESSAGE][NOT_RUN] - NOT_RUN: click

2018-12-12 12:42:48 - [TEST_STEP][NOT_RUN] - click: NOT_RUN: click

2018-12-12 12:42:48 - [MESSAGE][NOT_RUN] - NOT_RUN: click

2018-12-12 12:42:48 - [TEST_STEP][NOT_RUN] - click: NOT_RUN: click

2018-12-12 12:42:48 - [MESSAGE][NOT_RUN] - NOT_RUN: click

2018-12-12 12:42:48 - [TEST_STEP][NOT_RUN] - click: NOT_RUN: click

2018-12-12 12:42:48 - [MESSAGE][NOT_RUN] - NOT_RUN: click

2018-12-12 12:42:48 - [TEST_STEP][NOT_RUN] - setText: NOT_RUN: setText

2018-12-12 12:42:48 - [MESSAGE][NOT_RUN] - NOT_RUN: setText

2018-12-12 12:42:48 - [TEST_STEP][NOT_RUN] - setText: NOT_RUN: setText

2018-12-12 12:42:48 - [MESSAGE][NOT_RUN] - NOT_RUN: setText

2018-12-12 12:42:48 - [TEST_STEP][NOT_RUN] - setText: NOT_RUN: setText

2018-12-12 12:42:48 - [MESSAGE][NOT_RUN] - NOT_RUN: setText

2018-12-12 12:42:48 - [TEST_STEP][NOT_RUN] - click: NOT_RUN: click

2018-12-12 12:42:48 - [MESSAGE][NOT_RUN] - NOT_RUN: click

2018-12-12 12:42:48 - [TEST_STEP][NOT_RUN] - click: NOT_RUN: click

2018-12-12 12:42:48 - [MESSAGE][NOT_RUN] - NOT_RUN: click

2018-12-12 12:42:48 - [TEST_STEP][NOT_RUN] - click: NOT_RUN: click

2018-12-12 12:42:48 - [MESSAGE][NOT_RUN] - NOT_RUN: click

2018-12-12 12:42:48 - [TEST_STEP][NOT_RUN] - delay: NOT_RUN: delay

2018-12-12 12:42:48 - [MESSAGE][NOT_RUN] - NOT_RUN: delay

2018-12-12 12:42:48 - [TEST_STEP][NOT_RUN] - setText: NOT_RUN: setText

2018-12-12 12:42:48 - [MESSAGE][NOT_RUN] - NOT_RUN: setText

2018-12-12 12:42:48 - [TEST_STEP][NOT_RUN] - delay: NOT_RUN: delay

2018-12-12 12:42:48 - [MESSAGE][NOT_RUN] - NOT_RUN: delay

2018-12-12 12:42:48 - [TEST_STEP][NOT_RUN] - click: NOT_RUN: click

2018-12-12 12:42:48 - [MESSAGE][NOT_RUN] - NOT_RUN: click

2018-12-12 12:42:48 - [TEST_STEP][NOT_RUN] - doubleClick: NOT_RUN: doubleClick

2018-12-12 12:42:48 - [MESSAGE][NOT_RUN] - NOT_RUN: doubleClick

2018-12-12 12:42:48 - [TEST_STEP][NOT_RUN] - click: NOT_RUN: click

2018-12-12 12:42:48 - [MESSAGE][NOT_RUN] - NOT_RUN: click

2018-12-12 12:42:48 - [TEST_STEP][NOT_RUN] - setText: NOT_RUN: setText

2018-12-12 12:42:48 - [MESSAGE][NOT_RUN] - NOT_RUN: setText

2018-12-12 12:42:48 - [TEST_STEP][NOT_RUN] - delay: NOT_RUN: delay

2018-12-12 12:42:48 - [MESSAGE][NOT_RUN] - NOT_RUN: delay

2018-12-12 12:42:48 - [TEST_STEP][NOT_RUN] - click: NOT_RUN: click

2018-12-12 12:42:48 - [MESSAGE][NOT_RUN] - NOT_RUN: click

2018-12-12 12:42:48 - [TEST_STEP][NOT_RUN] - delay: NOT_RUN: delay

2018-12-12 12:42:48 - [MESSAGE][NOT_RUN] - NOT_RUN: delay

2018-12-12 12:42:48 - [TEST_STEP][NOT_RUN] - setText: NOT_RUN: setText

2018-12-12 12:42:48 - [MESSAGE][NOT_RUN] - NOT_RUN: setText

2018-12-12 12:42:48 - [TEST_STEP][PASSED] - click: Object: 'Object Repository/Final Object Repo/Page_Request SSN - ASSIST/Save  Continue' is clicked on

2018-12-12 12:42:48 - [MESSAGE][PASSED] - Object: 'Object Repository/Final Object Repo/Page_Request SSN - ASSIST/Save  Continue' is clicked on

2018-12-12 12:42:48 - [TEST_STEP][PASSED] - delay: Delayed 3 second(s)

2018-12-12 12:42:51 - [MESSAGE][PASSED] - Delayed 3 second(s)

2018-12-12 12:42:51 - [TEST_STEP][PASSED] - Statement - CaseReferenceNo = com.kms.katalon.core.webui.keyword.WebUiBuiltInKeywords.getText(com.kms.katalon.core.testobject.ObjectRepository.findTestObject(Final Object Repo/Page_Request SSN - ASSIST/Reference Number in Uploading Page)): Text of object 'Object Repository/Final Object Repo/Page_Request SSN - ASSIST/Reference Number in Uploading Page' is: 'SSN12201800001190'

2018-12-12 12:42:51 - [MESSAGE][PASSED] - Text of object 'Object Repository/Final Object Repo/Page_Request SSN - ASSIST/Reference Number in Uploading Page' is: 'SSN12201800001190'

2018-12-12 12:42:51 - [TEST_STEP][PASSED] - callTestCase: Call Test Case 'Test Cases/Final Aug 2018 - PKS Automation/Common/Reference Number Setter' successfully

2018-12-12 12:42:51 - [TEST_CASE][PASSED] - Test Cases/Final Aug 2018 - PKS Automation/Common/Reference Number Setter: Test Cases/Final Aug 2018 - PKS Automation/Common/Reference Number Setter

2018-12-12 12:42:51 - [TEST_STEP][PASSED] - Statement - RefNoOldFile = new java.io.File(C://Users//Admin//Desktop//PKS//Automation Reference Point//KatalonReference.txt): null

2018-12-12 12:42:51 - [TEST_STEP][PASSED] - Statement - RefNoOldFile.delete(): null

2018-12-12 12:42:51 - [TEST_STEP][PASSED] - delay: Delayed 5 second(s)

2018-12-12 12:42:56 - [MESSAGE][PASSED] - Delayed 5 second(s)

2018-12-12 12:42:56 - [TEST_STEP][PASSED] - Statement - RefNo = new java.io.File(C://Users//Admin//Desktop//PKS//Automation Reference Point//KatalonReference.txt): null

2018-12-12 12:42:56 - [TEST_STEP][PASSED] - Statement - f2 = new java.io.FileWriter(RefNo, false): null

2018-12-12 12:42:56 - [TEST_STEP][PASSED] - Statement - f2.write(CaseReferenceNo): null

2018-12-12 12:42:56 - [TEST_STEP][PASSED] - Statement - f2.close(): null

2018-12-12 12:42:56 - [TEST_STEP][PASSED] - Statement - out.println("


" + CaseReferenceNo + "


"): null

2018-12-12 12:42:56 - [MESSAGE][PASSED] - Call Test Case 'Test Cases/Final Aug 2018 - PKS Automation/Common/Reference Number Setter' successfully

2018-12-12 12:42:56 - [TEST_STEP][PASSED] - click: Object: 'Object Repository/Final Object Repo/Page_Request SSN - ASSIST/Add Document Button' is clicked on

2018-12-12 12:42:57 - [MESSAGE][PASSED] - Object: 'Object Repository/Final Object Repo/Page_Request SSN - ASSIST/Add Document Button' is clicked on

2018-12-12 12:42:57 - [TEST_STEP][PASSED] - delay: Delayed 2 second(s)

2018-12-12 12:42:59 - [MESSAGE][PASSED] - Delayed 2 second(s)

2018-12-12 12:42:59 - [TEST_STEP][PASSED] - click: Object: 'Object Repository/Final Object Repo/Page_Request SSN - ASSIST/Document Type' is clicked on

2018-12-12 12:43:00 - [MESSAGE][PASSED] - Object: 'Object Repository/Final Object Repo/Page_Request SSN - ASSIST/Document Type' is clicked on

2018-12-12 12:43:00 - [TEST_STEP][PASSED] - click: Object: 'Object Repository/Final Object Repo/Page_Request SSN - ASSIST/Document Type - Birth Certificate' is clicked on

2018-12-12 12:43:00 - [MESSAGE][PASSED] - Object: 'Object Repository/Final Object Repo/Page_Request SSN - ASSIST/Document Type - Birth Certificate' is clicked on

2018-12-12 12:43:00 - [TEST_STEP][PASSED] - sendKeys: Keys 'C:\Users\Public\Pictures\Sample Pictures\Koala.jpg' sent to object: 'Object Repository/Final Object Repo/Page_Request SSN - ASSIST/Upload File'

2018-12-12 12:43:00 - [MESSAGE][PASSED] - Keys 'C:\Users\Public\Pictures\Sample Pictures\Koala.jpg' sent to object: 'Object Repository/Final Object Repo/Page_Request SSN - ASSIST/Upload File'

2018-12-12 12:43:00 - [TEST_STEP][PASSED] - click: Object: 'Object Repository/Final Object Repo/Page_Request SSN - ASSIST/Add Document' is clicked on

2018-12-12 12:43:00 - [MESSAGE][PASSED] - Object: 'Object Repository/Final Object Repo/Page_Request SSN - ASSIST/Add Document' is clicked on

2018-12-12 12:43:00 - [TEST_STEP][PASSED] - delay: Delayed 20 second(s)

2018-12-12 12:43:20 - [MESSAGE][PASSED] - Delayed 20 second(s)

2018-12-12 12:43:20 - [TEST_STEP][PASSED] - click: Object: 'Object Repository/Final Object Repo/Page_Request SSN - ASSIST/Save  Continue in Uploading Document Page' is clicked on

2018-12-12 12:43:20 - [MESSAGE][PASSED] - Object: 'Object Repository/Final Object Repo/Page_Request SSN - ASSIST/Save  Continue in Uploading Document Page' is clicked on

2018-12-12 12:43:20 - [TEST_STEP][PASSED] - delay: Delayed 2 second(s)

2018-12-12 12:43:22 - [MESSAGE][PASSED] - Delayed 2 second(s)

2018-12-12 12:43:22 - [TEST_STEP][PASSED] - click: Object: 'Object Repository/Final Object Repo/Page_Request SSN - ASSIST/Submit' is clicked on

2018-12-12 12:43:25 - [MESSAGE][PASSED] - Object: 'Object Repository/Final Object Repo/Page_Request SSN - ASSIST/Submit' is clicked on

2018-12-12 12:43:25 - [TEST_STEP][PASSED] - delay: Delayed 2 second(s)

2018-12-12 12:43:27 - [MESSAGE][PASSED] - Delayed 2 second(s)

2018-12-12 12:43:27 - [TEST_STEP][PASSED] - click: Object: 'Object Repository/Final Object Repo/Page_Request SSN - ASSIST/Confirm' is clicked on

2018-12-12 12:43:27 - [MESSAGE][PASSED] - Object: 'Object Repository/Final Object Repo/Page_Request SSN - ASSIST/Confirm' is clicked on

2018-12-12 12:43:27 - [TEST_STEP][PASSED] - delay: Delayed 2 second(s)

2018-12-12 12:43:29 - [MESSAGE][PASSED] - Delayed 2 second(s)

2018-12-12 12:43:29 - [TEST_STEP][PASSED] - verifyElementVisible: Object 'Object Repository/Final Object Repo/Page_Request SSN - ASSIST/Message This Case will be routed to RIO' is visible

2018-12-12 12:43:34 - [MESSAGE][PASSED] - Object 'Object Repository/Final Object Repo/Page_Request SSN - ASSIST/Message This Case will be routed to RIO' is visible

2018-12-12 12:43:34 - [TEST_STEP][PASSED] - delay: Delayed 2 second(s)

2018-12-12 12:43:36 - [MESSAGE][PASSED] - Delayed 2 second(s)

2018-12-12 12:43:36 - [TEST_STEP][PASSED] - verifyElementVisible: Object 'Object Repository/Final Object Repo/Page_Request SSN - ASSIST/Letter of acknowledgement' is visible

2018-12-12 12:43:36 - [MESSAGE][PASSED] - Object 'Object Repository/Final Object Repo/Page_Request SSN - ASSIST/Letter of acknowledgement' is visible

2018-12-12 12:43:36 - [MESSAGE][PASSED] - Call Test Case 'Test Cases/Final Aug 2018 - PKS Automation/Registration Module/Workflow/Request SSN/Template/Request SSN - PKRBO' successfully

2018-12-12 12:43:36 - [TEST_STEP][PASSED] - callTestCase: Call Test Case 'Test Cases/Final Aug 2018 - PKS Automation/Registration Module/Workflow/Request SSN/Template/Request SSN RIO - RO (Approve and Using Current Employer Code)' successfully

2018-12-12 12:43:36 - [TEST_CASE][PASSED] - Test Cases/Final Aug 2018 - PKS Automation/Registration Module/Workflow/Request SSN/Template/Request SSN RIO - RO (Approve and Using Current Employer Code): Test Cases/Final Aug 2018 - PKS Automation/Registration Module/Workflow/Request SSN/Template/Request SSN RIO - RO (Approve and Using Current Employer Code)

2018-12-12 12:43:37 - [TEST_STEP][PASSED] - callTestCase: Call Test Case 'Test Cases/Final Aug 2018 - PKS Automation/Registration Module/Workflow/Request SSN/Template/Request SSN - OTC (Using Current Employer Code)' successfully

2018-12-12 12:43:37 - [TEST_CASE][PASSED] - Test Cases/Final Aug 2018 - PKS Automation/Registration Module/Workflow/Request SSN/Template/Request SSN - OTC (Using Current Employer Code): Test Cases/Final Aug 2018 - PKS Automation/Registration Module/Workflow/Request SSN/Template/Request SSN - OTC (Using Current Employer Code)

2018-12-12 12:43:37 - [TEST_STEP][PASSED] - openBrowser: Browser is opened with url: ''

2018-12-12 12:43:37 - [MESSAGE][WARNING] - A browser is already opened. Closing browser and opening a new one

2018-12-12 12:43:41 - [MESSAGE][PASSED] - Browser is opened with url: ''

2018-12-12 12:43:41 - [TEST_STEP][PASSED] - navigateToUrl: Navigate to 'https://assist2-uat.perkeso.gov.my/login' successfully

2018-12-12 12:43:42 - [MESSAGE][PASSED] - Navigate to 'https://assist2-uat.perkeso.gov.my/login' successfully

2018-12-12 12:43:42 - [TEST_STEP][PASSED] - setText: Text 'johorotc1@gmail.com' is set on object 'Object Repository/Final Object Repo/Login Page/Internal User/Email Address'

2018-12-12 12:43:43 - [MESSAGE][PASSED] - Text 'johorotc1@gmail.com' is set on object 'Object Repository/Final Object Repo/Login Page/Internal User/Email Address'

2018-12-12 12:43:43 - [TEST_STEP][PASSED] - click: Object: 'Object Repository/Final Object Repo/Login Page/Internal User/Next Button' is clicked on

2018-12-12 12:43:43 - [MESSAGE][PASSED] - Object: 'Object Repository/Final Object Repo/Login Page/Internal User/Next Button' is clicked on

2018-12-12 12:43:43 - [TEST_STEP][PASSED] - delay: Delayed 1 second(s)

2018-12-12 12:43:44 - [MESSAGE][PASSED] - Delayed 1 second(s)

2018-12-12 12:43:44 - [TEST_STEP][PASSED] - setEncryptedText: Text ****** has been set on object 'Object Repository/Final Object Repo/Login Page/Internal User/Password'

2018-12-12 12:43:44 - [MESSAGE][PASSED] - Text ****** has been set on object 'Object Repository/Final Object Repo/Login Page/Internal User/Password'

2018-12-12 12:43:44 - [TEST_STEP][PASSED] - click: Object: 'Object Repository/Final Object Repo/Login Page/Internal User/Login Button' is clicked on

2018-12-12 12:43:44 - [MESSAGE][PASSED] - Object: 'Object Repository/Final Object Repo/Login Page/Internal User/Login Button' is clicked on

2018-12-12 12:43:44 - [TEST_STEP][PASSED] - delay: Delayed 1 second(s)

2018-12-12 12:43:45 - [MESSAGE][PASSED] - Delayed 1 second(s)

2018-12-12 12:43:45 - [TEST_STEP][PASSED] - Statement - tester = com.kms.katalon.core.testobject.ObjectRepository.findTestObject(Final Object Repo/Landing Page/Select to English): Finding Test Object with id 'Object Repository/Final Object Repo/Landing Page/Select to English'

2018-12-12 12:43:45 - [TEST_STEP][PASSED] - Statement - Try: Delayed 2 second(s)

2018-12-12 12:43:45 - [TEST_STEP][PASSED] - Statement - Checker = com.kms.katalon.core.webui.keyword.WebUiBuiltInKeywords.verifyElementNotPresent(tester, 5): Web element with id: 'Object Repository/Final Object Repo/Landing Page/Select to English' located by 'By.xpath: //a[@class = 'taglib-language-list-text' and @lang = 'en-US' and (contains(text(), 'EN') or contains(., 'EN'))]' is not present after '5' second(s)

2018-12-12 12:43:46 - [MESSAGE][PASSED] - Web element with id: 'Object Repository/Final Object Repo/Landing Page/Select to English' located by 'By.xpath: //a[@class = 'taglib-language-list-text' and @lang = 'en-US' and (contains(text(), 'EN') or contains(., 'EN'))]' is not present after '5' second(s)

2018-12-12 12:43:46 - [TEST_STEP][PASSED] - Statement - If (Checker == false): null

2018-12-12 12:43:46 - [TEST_STEP][PASSED] - delay: Delayed 2 second(s)

2018-12-12 12:43:48 - [MESSAGE][PASSED] - Delayed 2 second(s)

2018-12-12 12:43:48 - [TEST_STEP][PASSED] - delay: Delayed 5 second(s)

2018-12-12 12:43:53 - [MESSAGE][PASSED] - Delayed 5 second(s)

2018-12-12 12:43:53 - [TEST_STEP][PASSED] - delay: Delayed 1 second(s)

2018-12-12 12:43:54 - [MESSAGE][PASSED] - Delayed 1 second(s)

2018-12-12 12:43:54 - [TEST_STEP][PASSED] - navigateToUrl: Navigate to 'https://assist2-uat.perkeso.gov.my/web/registration/request-ssn' successfully

2018-12-12 12:43:59 - [MESSAGE][PASSED] - Navigate to 'https://assist2-uat.perkeso.gov.my/web/registration/request-ssn' successfully

2018-12-12 12:43:59 - [TEST_STEP][PASSED] - setText: Text 'perkeso' is set on object 'Object Repository/Final Object Repo/Page_Request SSN - ASSIST/AI - Name'

2018-12-12 12:43:59 - [MESSAGE][PASSED] - Text 'perkeso' is set on object 'Object Repository/Final Object Repo/Page_Request SSN - ASSIST/AI - Name'

2018-12-12 12:43:59 - [TEST_STEP][PASSED] - click: Object: 'Object Repository/Final Object Repo/Page_Request SSN - ASSIST/AI - DOB' is clicked on

2018-12-12 12:44:00 - [MESSAGE][PASSED] - Object: 'Object Repository/Final Object Repo/Page_Request SSN - ASSIST/AI - DOB' is clicked on

2018-12-12 12:44:00 - [TEST_STEP][PASSED] - selectOptionByValue: All options with value '1995' are selected in object 'Object Repository/Final Object Repo/Page_Request SSN - ASSIST/AI - DOB - Year' 

2018-12-12 12:44:00 - [MESSAGE][PASSED] - All options with value '1995' are selected in object 'Object Repository/Final Object Repo/Page_Request SSN - ASSIST/AI - DOB - Year' 

2018-12-12 12:44:00 - [TEST_STEP][PASSED] - delay: Delayed 3 second(s)

2018-12-12 12:44:03 - [MESSAGE][PASSED] - Delayed 3 second(s)

2018-12-12 12:44:03 - [TEST_STEP][PASSED] - doubleClick: Object: 'Object Repository/Final Object Repo/Page_Request SSN - ASSIST/AI - DOB - Year - Date' is double clicked on

2018-12-12 12:44:03 - [MESSAGE][PASSED] - Object: 'Object Repository/Final Object Repo/Page_Request SSN - ASSIST/AI - DOB - Year - Date' is double clicked on

2018-12-12 12:44:03 - [TEST_STEP][PASSED] - click: Object: 'Object Repository/Final Object Repo/Page_Request SSN - ASSIST/AI - Male' is clicked on

2018-12-12 12:44:03 - [MESSAGE][PASSED] - Object: 'Object Repository/Final Object Repo/Page_Request SSN - ASSIST/AI - Male' is clicked on

2018-12-12 12:44:03 - [TEST_STEP][PASSED] - click: Object: 'Object Repository/Final Object Repo/Page_Request SSN - ASSIST/AI- Race' is clicked on

2018-12-12 12:44:04 - [MESSAGE][PASSED] - Object: 'Object Repository/Final Object Repo/Page_Request SSN - ASSIST/AI- Race' is clicked on

2018-12-12 12:44:04 - [TEST_STEP][PASSED] - click: Object: 'Object Repository/Final Object Repo/Page_Request SSN - ASSIST/AI - Race - Melayu' is clicked on

2018-12-12 12:44:04 - [MESSAGE][PASSED] - Object: 'Object Repository/Final Object Repo/Page_Request SSN - ASSIST/AI - Race - Melayu' is clicked on

2018-12-12 12:44:04 - [TEST_STEP][PASSED] - click: Object: 'Object Repository/Final Object Repo/Page_Request SSN - ASSIST/AI - Religion' is clicked on

2018-12-12 12:44:04 - [MESSAGE][PASSED] - Object: 'Object Repository/Final Object Repo/Page_Request SSN - ASSIST/AI - Religion' is clicked on

2018-12-12 12:44:04 - [TEST_STEP][PASSED] - click: Object: 'Object Repository/Final Object Repo/Page_Request SSN - ASSIST/AI - Religion - Islam' is clicked on

2018-12-12 12:44:04 - [MESSAGE][PASSED] - Object: 'Object Repository/Final Object Repo/Page_Request SSN - ASSIST/AI - Religion - Islam' is clicked on

2018-12-12 12:44:04 - [TEST_STEP][PASSED] - setText: Text '12345' is set on object 'Object Repository/Final Object Repo/Page_Request SSN - ASSIST/AI - Birth Certificate'

2018-12-12 12:44:05 - [MESSAGE][PASSED] - Text '12345' is set on object 'Object Repository/Final Object Repo/Page_Request SSN - ASSIST/AI - Birth Certificate'

2018-12-12 12:44:05 - [TEST_STEP][PASSED] - click: Object: 'Object Repository/Final Object Repo/Page_Request SSN - ASSIST/AI - Nationality' is clicked on

2018-12-12 12:44:05 - [MESSAGE][PASSED] - Object: 'Object Repository/Final Object Repo/Page_Request SSN - ASSIST/AI - Nationality' is clicked on

2018-12-12 12:44:05 - [TEST_STEP][PASSED] - click: Object: 'Object Repository/Final Object Repo/Page_Request SSN - ASSIST/AI - Nationality - Afghanistan' is clicked on

2018-12-12 12:44:05 - [MESSAGE][PASSED] - Object: 'Object Repository/Final Object Repo/Page_Request SSN - ASSIST/AI - Nationality - Afghanistan' is clicked on

2018-12-12 12:44:05 - [TEST_STEP][PASSED] - setText: Text 'PERKESO ADDRESS1' is set on object 'Object Repository/Final Object Repo/Page_Request SSN - ASSIST/AI - Address1'

2018-12-12 12:44:07 - [MESSAGE][PASSED] - Text 'PERKESO ADDRESS1' is set on object 'Object Repository/Final Object Repo/Page_Request SSN - ASSIST/AI - Address1'

2018-12-12 12:44:07 - [TEST_STEP][PASSED] - setText: Text 'PERKESO ADDRESS2' is set on object 'Object Repository/Final Object Repo/Page_Request SSN - ASSIST/AI - Address2'

2018-12-12 12:44:08 - [MESSAGE][PASSED] - Text 'PERKESO ADDRESS2' is set on object 'Object Repository/Final Object Repo/Page_Request SSN - ASSIST/AI - Address2'

2018-12-12 12:44:08 - [TEST_STEP][PASSED] - setText: Text 'PERKESO ADDRESS3' is set on object 'Object Repository/Final Object Repo/Page_Request SSN - ASSIST/AI - Address3'

2018-12-12 12:44:09 - [MESSAGE][PASSED] - Text 'PERKESO ADDRESS3' is set on object 'Object Repository/Final Object Repo/Page_Request SSN - ASSIST/AI - Address3'

2018-12-12 12:44:09 - [TEST_STEP][PASSED] - click: Object: 'Object Repository/Final Object Repo/Page_Request SSN - ASSIST/AI - State' is clicked on

2018-12-12 12:44:09 - [MESSAGE][PASSED] - Object: 'Object Repository/Final Object Repo/Page_Request SSN - ASSIST/AI - State' is clicked on

2018-12-12 12:44:09 - [TEST_STEP][PASSED] - click: Object: 'Object Repository/Final Object Repo/Page_Request SSN - ASSIST/AI - Current Employer State - Johor' is clicked on

2018-12-12 12:44:10 - [MESSAGE][PASSED] - Object: 'Object Repository/Final Object Repo/Page_Request SSN - ASSIST/AI - Current Employer State - Johor' is clicked on

2018-12-12 12:44:10 - [TEST_STEP][PASSED] - click: Object: 'Object Repository/Final Object Repo/Page_Request SSN - ASSIST/AI - City' is clicked on

2018-12-12 12:44:10 - [MESSAGE][PASSED] - Object: 'Object Repository/Final Object Repo/Page_Request SSN - ASSIST/AI - City' is clicked on

2018-12-12 12:44:10 - [TEST_STEP][PASSED] - setText: Text 'JOH' is set on object 'Object Repository/Final Object Repo/Page_Request SSN - ASSIST/AI - City - JOH'

2018-12-12 12:44:11 - [MESSAGE][PASSED] - Text 'JOH' is set on object 'Object Repository/Final Object Repo/Page_Request SSN - ASSIST/AI - City - JOH'

2018-12-12 12:44:11 - [TEST_STEP][PASSED] - delay: Delayed 3 second(s)

2018-12-12 12:44:14 - [MESSAGE][PASSED] - Delayed 3 second(s)

2018-12-12 12:44:14 - [TEST_STEP][PASSED] - click: Object: 'Object Repository/Final Object Repo/Page_Request SSN - ASSIST/AI - City - Johor Bharu' is clicked on

2018-12-12 12:44:14 - [MESSAGE][PASSED] - Object: 'Object Repository/Final Object Repo/Page_Request SSN - ASSIST/AI - City - Johor Bharu' is clicked on

2018-12-12 12:44:14 - [TEST_STEP][PASSED] - click: Object: 'Object Repository/Final Object Repo/Page_Request SSN - ASSIST/AI - Post Code' is clicked on

2018-12-12 12:44:14 - [MESSAGE][PASSED] - Object: 'Object Repository/Final Object Repo/Page_Request SSN - ASSIST/AI - Post Code' is clicked on

2018-12-12 12:44:14 - [TEST_STEP][PASSED] - setText: Text '810' is set on object 'Object Repository/Final Object Repo/Page_Request SSN - ASSIST/AI - City - JOH'

2018-12-12 12:44:15 - [MESSAGE][PASSED] - Text '810' is set on object 'Object Repository/Final Object Repo/Page_Request SSN - ASSIST/AI - City - JOH'

2018-12-12 12:44:15 - [TEST_STEP][PASSED] - delay: Delayed 3 second(s)

2018-12-12 12:44:18 - [MESSAGE][PASSED] - Delayed 3 second(s)

2018-12-12 12:44:18 - [TEST_STEP][PASSED] - click: Object: 'Object Repository/Final Object Repo/Page_Request SSN - ASSIST/AI - PostCode - 81000' is clicked on

2018-12-12 12:44:18 - [MESSAGE][PASSED] - Object: 'Object Repository/Final Object Repo/Page_Request SSN - ASSIST/AI - PostCode - 81000' is clicked on

2018-12-12 12:44:18 - [TEST_STEP][PASSED] - setText: Text '100' is set on object 'Object Repository/Final Object Repo/Page_Request SSN - ASSIST/P.O.BOX'

2018-12-12 12:44:19 - [MESSAGE][PASSED] - Text '100' is set on object 'Object Repository/Final Object Repo/Page_Request SSN - ASSIST/P.O.BOX'

2018-12-12 12:44:19 - [TEST_STEP][PASSED] - setText: Text '100' is set on object 'Object Repository/Final Object Repo/Page_Request SSN - ASSIST/Locked Bag No'

2018-12-12 12:44:19 - [MESSAGE][PASSED] - Text '100' is set on object 'Object Repository/Final Object Repo/Page_Request SSN - ASSIST/Locked Bag No'

2018-12-12 12:44:19 - [TEST_STEP][PASSED] - delay: Delayed 2 second(s)

2018-12-12 12:44:21 - [MESSAGE][PASSED] - Delayed 2 second(s)

2018-12-12 12:44:21 - [TEST_STEP][PASSED] - setText: Text '123456789' is set on object 'Object Repository/Final Object Repo/Page_Request SSN - ASSIST/AI - Telephone No'

2018-12-12 12:44:22 - [MESSAGE][PASSED] - Text '123456789' is set on object 'Object Repository/Final Object Repo/Page_Request SSN - ASSIST/AI - Telephone No'

2018-12-12 12:44:22 - [TEST_STEP][PASSED] - click: Object: 'Object Repository/Final Object Repo/Page_Request SSN - ASSIST/AI - Occupation' is clicked on

2018-12-12 12:44:22 - [MESSAGE][PASSED] - Object: 'Object Repository/Final Object Repo/Page_Request SSN - ASSIST/AI - Occupation' is clicked on

2018-12-12 12:44:22 - [TEST_STEP][PASSED] - click: Object: 'Object Repository/Final Object Repo/Page_Request SSN - ASSIST/AI - Occupation - NUMERICAL AND MATERIAL R' is clicked on

2018-12-12 12:44:22 - [MESSAGE][PASSED] - Object: 'Object Repository/Final Object Repo/Page_Request SSN - ASSIST/AI - Occupation - NUMERICAL AND MATERIAL R' is clicked on

2018-12-12 12:44:22 - [TEST_STEP][PASSED] - delay: Delayed 2 second(s)

2018-12-12 12:44:24 - [MESSAGE][PASSED] - Delayed 2 second(s)

2018-12-12 12:44:24 - [TEST_STEP][PASSED] - click: Object: 'Object Repository/Final Object Repo/Page_Request SSN - ASSIST/AI - Sub Occupation' is clicked on

2018-12-12 12:44:25 - [MESSAGE][PASSED] - Object: 'Object Repository/Final Object Repo/Page_Request SSN - ASSIST/AI - Sub Occupation' is clicked on

2018-12-12 12:44:25 - [TEST_STEP][PASSED] - click: Object: 'Object Repository/Final Object Repo/Page_Request SSN - ASSIST/AI - Sub Occupation - Stock Clerks' is clicked on

2018-12-12 12:44:25 - [MESSAGE][PASSED] - Object: 'Object Repository/Final Object Repo/Page_Request SSN - ASSIST/AI - Sub Occupation - Stock Clerks' is clicked on

2018-12-12 12:44:25 - [TEST_STEP][PASSED] - delay: Delayed 2 second(s)

2018-12-12 12:44:27 - [MESSAGE][PASSED] - Delayed 2 second(s)

2018-12-12 12:44:27 - [TEST_STEP][PASSED] - click: Object: 'Object Repository/Final Object Repo/Page_Request SSN - ASSIST/AI - Sub Occupation List' is clicked on

2018-12-12 12:44:27 - [MESSAGE][PASSED] - Object: 'Object Repository/Final Object Repo/Page_Request SSN - ASSIST/AI - Sub Occupation List' is clicked on

2018-12-12 12:44:27 - [TEST_STEP][PASSED] - click: Object: 'Object Repository/Final Object Repo/Page_Request SSN - ASSIST/AI - Sub Occupation List - Clerk raw material' is clicked on

2018-12-12 12:44:27 - [MESSAGE][PASSED] - Object: 'Object Repository/Final Object Repo/Page_Request SSN - ASSIST/AI - Sub Occupation List - Clerk raw material' is clicked on

2018-12-12 12:44:27 - [TEST_STEP][PASSED] - click: Object: 'Object Repository/Final Object Repo/Page_Request SSN - ASSIST/AI - Employment Start Date' is clicked on

2018-12-12 12:44:28 - [MESSAGE][PASSED] - Object: 'Object Repository/Final Object Repo/Page_Request SSN - ASSIST/AI - Employment Start Date' is clicked on

2018-12-12 12:44:28 - [TEST_STEP][PASSED] - click: Object: 'Object Repository/Final Object Repo/Page_Request SSN - ASSIST/AI - DOB - Year - Date' is clicked on

2018-12-12 12:44:28 - [MESSAGE][PASSED] - Object: 'Object Repository/Final Object Repo/Page_Request SSN - ASSIST/AI - DOB - Year - Date' is clicked on

2018-12-12 12:44:28 - [TEST_STEP][PASSED] - setText: Text 'E1102001065V' is set on object 'Object Repository/Final Object Repo/Page_Request SSN - ASSIST/AI - Current Employer Code'

2018-12-12 12:44:29 - [MESSAGE][PASSED] - Text 'E1102001065V' is set on object 'Object Repository/Final Object Repo/Page_Request SSN - ASSIST/AI - Current Employer Code'

2018-12-12 12:44:29 - [TEST_STEP][PASSED] - delay: Delayed 2 second(s)

2018-12-12 12:44:31 - [MESSAGE][PASSED] - Delayed 2 second(s)

2018-12-12 12:44:31 - [TEST_STEP][PASSED] - click: Object: 'Object Repository/Final Object Repo/Page_Request SSN - ASSIST/AI - Current Employer Code - Search' is clicked on

2018-12-12 12:44:31 - [MESSAGE][PASSED] - Object: 'Object Repository/Final Object Repo/Page_Request SSN - ASSIST/AI - Current Employer Code - Search' is clicked on

2018-12-12 12:44:31 - [TEST_STEP][PASSED] - delay: Delayed 2 second(s)

2018-12-12 12:44:33 - [MESSAGE][PASSED] - Delayed 2 second(s)

2018-12-12 12:44:33 - [TEST_STEP][NOT_RUN] - setText: NOT_RUN: setText

2018-12-12 12:44:33 - [MESSAGE][NOT_RUN] - NOT_RUN: setText

2018-12-12 12:44:33 - [TEST_STEP][NOT_RUN] - setText: NOT_RUN: setText

2018-12-12 12:44:33 - [MESSAGE][NOT_RUN] - NOT_RUN: setText

2018-12-12 12:44:33 - [TEST_STEP][NOT_RUN] - setText: NOT_RUN: setText

2018-12-12 12:44:33 - [MESSAGE][NOT_RUN] - NOT_RUN: setText

2018-12-12 12:44:33 - [TEST_STEP][NOT_RUN] - setText: NOT_RUN: setText

2018-12-12 12:44:33 - [MESSAGE][NOT_RUN] - NOT_RUN: setText

2018-12-12 12:44:33 - [TEST_STEP][NOT_RUN] - click: NOT_RUN: click

2018-12-12 12:44:33 - [MESSAGE][NOT_RUN] - NOT_RUN: click

2018-12-12 12:44:33 - [TEST_STEP][NOT_RUN] - click: NOT_RUN: click

2018-12-12 12:44:33 - [MESSAGE][NOT_RUN] - NOT_RUN: click

2018-12-12 12:44:33 - [TEST_STEP][NOT_RUN] - click: NOT_RUN: click

2018-12-12 12:44:33 - [MESSAGE][NOT_RUN] - NOT_RUN: click

2018-12-12 12:44:33 - [TEST_STEP][NOT_RUN] - setText: NOT_RUN: setText

2018-12-12 12:44:33 - [MESSAGE][NOT_RUN] - NOT_RUN: setText

2018-12-12 12:44:33 - [TEST_STEP][NOT_RUN] - delay: NOT_RUN: delay

2018-12-12 12:44:33 - [MESSAGE][NOT_RUN] - NOT_RUN: delay

2018-12-12 12:44:33 - [TEST_STEP][NOT_RUN] - click: NOT_RUN: click

2018-12-12 12:44:33 - [MESSAGE][NOT_RUN] - NOT_RUN: click

2018-12-12 12:44:33 - [TEST_STEP][NOT_RUN] - click: NOT_RUN: click

2018-12-12 12:44:33 - [MESSAGE][NOT_RUN] - NOT_RUN: click

2018-12-12 12:44:33 - [TEST_STEP][NOT_RUN] - setText: NOT_RUN: setText

2018-12-12 12:44:33 - [MESSAGE][NOT_RUN] - NOT_RUN: setText

2018-12-12 12:44:33 - [TEST_STEP][NOT_RUN] - delay: NOT_RUN: delay

2018-12-12 12:44:33 - [MESSAGE][NOT_RUN] - NOT_RUN: delay

2018-12-12 12:44:33 - [TEST_STEP][NOT_RUN] - click: NOT_RUN: click

2018-12-12 12:44:33 - [MESSAGE][NOT_RUN] - NOT_RUN: click

2018-12-12 12:44:33 - [TEST_STEP][NOT_RUN] - setText: NOT_RUN: setText

2018-12-12 12:44:33 - [MESSAGE][NOT_RUN] - NOT_RUN: setText

2018-12-12 12:44:33 - [TEST_STEP][NOT_RUN] - setText: NOT_RUN: setText

2018-12-12 12:44:33 - [MESSAGE][NOT_RUN] - NOT_RUN: setText

2018-12-12 12:44:33 - [TEST_STEP][NOT_RUN] - click: NOT_RUN: click

2018-12-12 12:44:33 - [MESSAGE][NOT_RUN] - NOT_RUN: click

2018-12-12 12:44:33 - [TEST_STEP][NOT_RUN] - click: NOT_RUN: click

2018-12-12 12:44:33 - [MESSAGE][NOT_RUN] - NOT_RUN: click

2018-12-12 12:44:33 - [TEST_STEP][NOT_RUN] - setText: NOT_RUN: setText

2018-12-12 12:44:33 - [MESSAGE][NOT_RUN] - NOT_RUN: setText

2018-12-12 12:44:33 - [TEST_STEP][NOT_RUN] - click: NOT_RUN: click

2018-12-12 12:44:33 - [MESSAGE][NOT_RUN] - NOT_RUN: click

2018-12-12 12:44:33 - [TEST_STEP][NOT_RUN] - click: NOT_RUN: click

2018-12-12 12:44:33 - [MESSAGE][NOT_RUN] - NOT_RUN: click

2018-12-12 12:44:33 - [TEST_STEP][NOT_RUN] - click: NOT_RUN: click

2018-12-12 12:44:33 - [MESSAGE][NOT_RUN] - NOT_RUN: click

2018-12-12 12:44:33 - [TEST_STEP][NOT_RUN] - click: NOT_RUN: click

2018-12-12 12:44:33 - [MESSAGE][NOT_RUN] - NOT_RUN: click

2018-12-12 12:44:33 - [TEST_STEP][NOT_RUN] - click: NOT_RUN: click

2018-12-12 12:44:33 - [MESSAGE][NOT_RUN] - NOT_RUN: click

2018-12-12 12:44:33 - [TEST_STEP][NOT_RUN] - click: NOT_RUN: click

2018-12-12 12:44:33 - [MESSAGE][NOT_RUN] - NOT_RUN: click

2018-12-12 12:44:33 - [TEST_STEP][NOT_RUN] - setText: NOT_RUN: setText

2018-12-12 12:44:33 - [MESSAGE][NOT_RUN] - NOT_RUN: setText

2018-12-12 12:44:33 - [TEST_STEP][NOT_RUN] - setText: NOT_RUN: setText

2018-12-12 12:44:33 - [MESSAGE][NOT_RUN] - NOT_RUN: setText

2018-12-12 12:44:33 - [TEST_STEP][NOT_RUN] - setText: NOT_RUN: setText

2018-12-12 12:44:33 - [MESSAGE][NOT_RUN] - NOT_RUN: setText

2018-12-12 12:44:33 - [TEST_STEP][NOT_RUN] - click: NOT_RUN: click

2018-12-12 12:44:33 - [MESSAGE][NOT_RUN] - NOT_RUN: click

2018-12-12 12:44:33 - [TEST_STEP][NOT_RUN] - click: NOT_RUN: click

2018-12-12 12:44:33 - [MESSAGE][NOT_RUN] - NOT_RUN: click

2018-12-12 12:44:33 - [TEST_STEP][NOT_RUN] - click: NOT_RUN: click

2018-12-12 12:44:33 - [MESSAGE][NOT_RUN] - NOT_RUN: click

2018-12-12 12:44:33 - [TEST_STEP][NOT_RUN] - setText: NOT_RUN: setText

2018-12-12 12:44:33 - [MESSAGE][NOT_RUN] - NOT_RUN: setText

2018-12-12 12:44:33 - [TEST_STEP][NOT_RUN] - delay: NOT_RUN: delay

2018-12-12 12:44:33 - [MESSAGE][NOT_RUN] - NOT_RUN: delay

2018-12-12 12:44:33 - [TEST_STEP][NOT_RUN] - click: NOT_RUN: click

2018-12-12 12:44:33 - [MESSAGE][NOT_RUN] - NOT_RUN: click

2018-12-12 12:44:33 - [TEST_STEP][NOT_RUN] - click: NOT_RUN: click

2018-12-12 12:44:33 - [MESSAGE][NOT_RUN] - NOT_RUN: click

2018-12-12 12:44:33 - [TEST_STEP][NOT_RUN] - click: NOT_RUN: click

2018-12-12 12:44:33 - [MESSAGE][NOT_RUN] - NOT_RUN: click

2018-12-12 12:44:33 - [TEST_STEP][NOT_RUN] - setText: NOT_RUN: setText

2018-12-12 12:44:33 - [MESSAGE][NOT_RUN] - NOT_RUN: setText

2018-12-12 12:44:33 - [TEST_STEP][NOT_RUN] - delay: NOT_RUN: delay

2018-12-12 12:44:33 - [MESSAGE][NOT_RUN] - NOT_RUN: delay

2018-12-12 12:44:33 - [TEST_STEP][NOT_RUN] - click: NOT_RUN: click

2018-12-12 12:44:33 - [MESSAGE][NOT_RUN] - NOT_RUN: click

2018-12-12 12:44:33 - [TEST_STEP][NOT_RUN] - delay: NOT_RUN: delay

2018-12-12 12:44:33 - [MESSAGE][NOT_RUN] - NOT_RUN: delay

2018-12-12 12:44:33 - [TEST_STEP][NOT_RUN] - setText: NOT_RUN: setText

2018-12-12 12:44:33 - [MESSAGE][NOT_RUN] - NOT_RUN: setText

2018-12-12 12:44:33 - [TEST_STEP][NOT_RUN] - setText: NOT_RUN: setText

2018-12-12 12:44:33 - [MESSAGE][NOT_RUN] - NOT_RUN: setText

2018-12-12 12:44:33 - [TEST_STEP][NOT_RUN] - setText: NOT_RUN: setText

2018-12-12 12:44:33 - [MESSAGE][NOT_RUN] - NOT_RUN: setText

2018-12-12 12:44:33 - [TEST_STEP][NOT_RUN] - click: NOT_RUN: click

2018-12-12 12:44:33 - [MESSAGE][NOT_RUN] - NOT_RUN: click

2018-12-12 12:44:33 - [TEST_STEP][NOT_RUN] - click: NOT_RUN: click

2018-12-12 12:44:33 - [MESSAGE][NOT_RUN] - NOT_RUN: click

2018-12-12 12:44:33 - [TEST_STEP][NOT_RUN] - setText: NOT_RUN: setText

2018-12-12 12:44:33 - [MESSAGE][NOT_RUN] - NOT_RUN: setText

2018-12-12 12:44:33 - [TEST_STEP][NOT_RUN] - click: NOT_RUN: click

2018-12-12 12:44:33 - [MESSAGE][NOT_RUN] - NOT_RUN: click

2018-12-12 12:44:33 - [TEST_STEP][NOT_RUN] - click: NOT_RUN: click

2018-12-12 12:44:33 - [MESSAGE][NOT_RUN] - NOT_RUN: click

2018-12-12 12:44:33 - [TEST_STEP][NOT_RUN] - click: NOT_RUN: click

2018-12-12 12:44:33 - [MESSAGE][NOT_RUN] - NOT_RUN: click

2018-12-12 12:44:33 - [TEST_STEP][NOT_RUN] - click: NOT_RUN: click

2018-12-12 12:44:33 - [MESSAGE][NOT_RUN] - NOT_RUN: click

2018-12-12 12:44:33 - [TEST_STEP][NOT_RUN] - click: NOT_RUN: click

2018-12-12 12:44:33 - [MESSAGE][NOT_RUN] - NOT_RUN: click

2018-12-12 12:44:33 - [TEST_STEP][NOT_RUN] - click: NOT_RUN: click

2018-12-12 12:44:33 - [MESSAGE][NOT_RUN] - NOT_RUN: click

2018-12-12 12:44:33 - [TEST_STEP][NOT_RUN] - setText: NOT_RUN: setText

2018-12-12 12:44:33 - [MESSAGE][NOT_RUN] - NOT_RUN: setText

2018-12-12 12:44:33 - [TEST_STEP][NOT_RUN] - setText: NOT_RUN: setText

2018-12-12 12:44:33 - [MESSAGE][NOT_RUN] - NOT_RUN: setText

2018-12-12 12:44:33 - [TEST_STEP][NOT_RUN] - setText: NOT_RUN: setText

2018-12-12 12:44:33 - [MESSAGE][NOT_RUN] - NOT_RUN: setText

2018-12-12 12:44:33 - [TEST_STEP][NOT_RUN] - click: NOT_RUN: click

2018-12-12 12:44:33 - [MESSAGE][NOT_RUN] - NOT_RUN: click

2018-12-12 12:44:33 - [TEST_STEP][NOT_RUN] - click: NOT_RUN: click

2018-12-12 12:44:33 - [MESSAGE][NOT_RUN] - NOT_RUN: click

2018-12-12 12:44:33 - [TEST_STEP][NOT_RUN] - click: NOT_RUN: click

2018-12-12 12:44:33 - [MESSAGE][NOT_RUN] - NOT_RUN: click

2018-12-12 12:44:33 - [TEST_STEP][NOT_RUN] - delay: NOT_RUN: delay

2018-12-12 12:44:33 - [MESSAGE][NOT_RUN] - NOT_RUN: delay

2018-12-12 12:44:33 - [TEST_STEP][NOT_RUN] - setText: NOT_RUN: setText

2018-12-12 12:44:33 - [MESSAGE][NOT_RUN] - NOT_RUN: setText

2018-12-12 12:44:33 - [TEST_STEP][NOT_RUN] - delay: NOT_RUN: delay

2018-12-12 12:44:33 - [MESSAGE][NOT_RUN] - NOT_RUN: delay

2018-12-12 12:44:33 - [TEST_STEP][NOT_RUN] - click: NOT_RUN: click

2018-12-12 12:44:33 - [MESSAGE][NOT_RUN] - NOT_RUN: click

2018-12-12 12:44:33 - [TEST_STEP][NOT_RUN] - doubleClick: NOT_RUN: doubleClick

2018-12-12 12:44:33 - [MESSAGE][NOT_RUN] - NOT_RUN: doubleClick

2018-12-12 12:44:33 - [TEST_STEP][NOT_RUN] - click: NOT_RUN: click

2018-12-12 12:44:33 - [MESSAGE][NOT_RUN] - NOT_RUN: click

2018-12-12 12:44:33 - [TEST_STEP][NOT_RUN] - setText: NOT_RUN: setText

2018-12-12 12:44:33 - [MESSAGE][NOT_RUN] - NOT_RUN: setText

2018-12-12 12:44:33 - [TEST_STEP][NOT_RUN] - delay: NOT_RUN: delay

2018-12-12 12:44:33 - [MESSAGE][NOT_RUN] - NOT_RUN: delay

2018-12-12 12:44:33 - [TEST_STEP][NOT_RUN] - click: NOT_RUN: click

2018-12-12 12:44:33 - [MESSAGE][NOT_RUN] - NOT_RUN: click

2018-12-12 12:44:33 - [TEST_STEP][NOT_RUN] - delay: NOT_RUN: delay

2018-12-12 12:44:33 - [MESSAGE][NOT_RUN] - NOT_RUN: delay

2018-12-12 12:44:33 - [TEST_STEP][NOT_RUN] - setText: NOT_RUN: setText

2018-12-12 12:44:33 - [MESSAGE][NOT_RUN] - NOT_RUN: setText

2018-12-12 12:44:33 - [TEST_STEP][PASSED] - click: Object: 'Object Repository/Final Object Repo/Page_Request SSN - ASSIST/Save  Continue' is clicked on

2018-12-12 12:44:33 - [MESSAGE][PASSED] - Object: 'Object Repository/Final Object Repo/Page_Request SSN - ASSIST/Save  Continue' is clicked on

2018-12-12 12:44:33 - [TEST_STEP][PASSED] - delay: Delayed 3 second(s)

2018-12-12 12:44:36 - [MESSAGE][PASSED] - Delayed 3 second(s)

2018-12-12 12:44:36 - [TEST_STEP][PASSED] - Statement - CaseReferenceNo = com.kms.katalon.core.webui.keyword.WebUiBuiltInKeywords.getText(com.kms.katalon.core.testobject.ObjectRepository.findTestObject(Final Object Repo/Page_Request SSN - ASSIST/Reference Number in Uploading Page - OTC)): Text of object 'Object Repository/Final Object Repo/Page_Request SSN - ASSIST/Reference Number in Uploading Page - OTC' is: 'SSN12201800001191'

2018-12-12 12:44:37 - [MESSAGE][PASSED] - Text of object 'Object Repository/Final Object Repo/Page_Request SSN - ASSIST/Reference Number in Uploading Page - OTC' is: 'SSN12201800001191'

2018-12-12 12:44:37 - [TEST_STEP][PASSED] - Statement - out.println(CaseReferenceNo): null

2018-12-12 12:44:37 - [TEST_STEP][PASSED] - callTestCase: Call Test Case 'Test Cases/Final Aug 2018 - PKS Automation/Common/Reference Number Setter' successfully

2018-12-12 12:44:37 - [TEST_CASE][PASSED] - Test Cases/Final Aug 2018 - PKS Automation/Common/Reference Number Setter: Test Cases/Final Aug 2018 - PKS Automation/Common/Reference Number Setter

2018-12-12 12:44:37 - [TEST_STEP][PASSED] - Statement - RefNoOldFile = new java.io.File(C://Users//Admin//Desktop//PKS//Automation Reference Point//KatalonReference.txt): null

2018-12-12 12:44:37 - [TEST_STEP][PASSED] - Statement - RefNoOldFile.delete(): null

2018-12-12 12:44:37 - [TEST_STEP][PASSED] - delay: Delayed 5 second(s)

2018-12-12 12:44:42 - [MESSAGE][PASSED] - Delayed 5 second(s)

2018-12-12 12:44:42 - [TEST_STEP][PASSED] - Statement - RefNo = new java.io.File(C://Users//Admin//Desktop//PKS//Automation Reference Point//KatalonReference.txt): null

2018-12-12 12:44:42 - [TEST_STEP][PASSED] - Statement - f2 = new java.io.FileWriter(RefNo, false): null

2018-12-12 12:44:42 - [TEST_STEP][PASSED] - Statement - f2.write(CaseReferenceNo): null

2018-12-12 12:44:42 - [TEST_STEP][PASSED] - Statement - f2.close(): null

2018-12-12 12:44:42 - [TEST_STEP][PASSED] - Statement - out.println("


" + CaseReferenceNo + "


"): null

2018-12-12 12:44:42 - [MESSAGE][PASSED] - Call Test Case 'Test Cases/Final Aug 2018 - PKS Automation/Common/Reference Number Setter' successfully

2018-12-12 12:44:42 - [TEST_STEP][PASSED] - click: Object: 'Object Repository/Final Object Repo/Page_Request SSN - ASSIST/Add Document Button' is clicked on

2018-12-12 12:44:42 - [MESSAGE][PASSED] - Object: 'Object Repository/Final Object Repo/Page_Request SSN - ASSIST/Add Document Button' is clicked on

2018-12-12 12:44:42 - [TEST_STEP][PASSED] - delay: Delayed 2 second(s)

2018-12-12 12:44:44 - [MESSAGE][PASSED] - Delayed 2 second(s)

2018-12-12 12:44:44 - [TEST_STEP][PASSED] - click: Object: 'Object Repository/Final Object Repo/Page_Request SSN - ASSIST/Document Type' is clicked on

2018-12-12 12:44:45 - [MESSAGE][PASSED] - Object: 'Object Repository/Final Object Repo/Page_Request SSN - ASSIST/Document Type' is clicked on

2018-12-12 12:44:45 - [TEST_STEP][PASSED] - click: Object: 'Object Repository/Final Object Repo/Page_Request SSN - ASSIST/Document Type - Birth Certificate' is clicked on

2018-12-12 12:44:45 - [MESSAGE][PASSED] - Object: 'Object Repository/Final Object Repo/Page_Request SSN - ASSIST/Document Type - Birth Certificate' is clicked on

2018-12-12 12:44:45 - [TEST_STEP][PASSED] - sendKeys: Keys 'C:\Users\Public\Pictures\Sample Pictures\Koala.jpg' sent to object: 'Object Repository/Final Object Repo/Page_Request SSN - ASSIST/Upload File'

2018-12-12 12:44:45 - [MESSAGE][PASSED] - Keys 'C:\Users\Public\Pictures\Sample Pictures\Koala.jpg' sent to object: 'Object Repository/Final Object Repo/Page_Request SSN - ASSIST/Upload File'

2018-12-12 12:44:45 - [TEST_STEP][PASSED] - click: Object: 'Object Repository/Final Object Repo/Page_Request SSN - ASSIST/Add Document' is clicked on

2018-12-12 12:44:45 - [MESSAGE][PASSED] - Object: 'Object Repository/Final Object Repo/Page_Request SSN - ASSIST/Add Document' is clicked on

2018-12-12 12:44:45 - [TEST_STEP][PASSED] - delay: Delayed 2 second(s)

2018-12-12 12:44:47 - [MESSAGE][PASSED] - Delayed 2 second(s)

2018-12-12 12:44:47 - [TEST_STEP][PASSED] - click: Object: 'Object Repository/Final Object Repo/Page_Request SSN - ASSIST/Save  Continue in Uploading Document Page' is clicked on

2018-12-12 12:44:49 - [MESSAGE][PASSED] - Object: 'Object Repository/Final Object Repo/Page_Request SSN - ASSIST/Save  Continue in Uploading Document Page' is clicked on

2018-12-12 12:44:49 - [TEST_STEP][PASSED] - delay: Delayed 2 second(s)

2018-12-12 12:44:51 - [MESSAGE][PASSED] - Delayed 2 second(s)

2018-12-12 12:44:51 - [TEST_STEP][PASSED] - click: Object: 'Object Repository/Final Object Repo/Page_Request SSN - ASSIST/Submit' is clicked on

2018-12-12 12:44:54 - [MESSAGE][PASSED] - Object: 'Object Repository/Final Object Repo/Page_Request SSN - ASSIST/Submit' is clicked on

2018-12-12 12:44:54 - [TEST_STEP][PASSED] - delay: Delayed 2 second(s)

2018-12-12 12:44:56 - [MESSAGE][PASSED] - Delayed 2 second(s)

2018-12-12 12:44:56 - [TEST_STEP][PASSED] - click: Object: 'Object Repository/Final Object Repo/Page_Request SSN - ASSIST/Confirm' is clicked on

2018-12-12 12:44:56 - [MESSAGE][PASSED] - Object: 'Object Repository/Final Object Repo/Page_Request SSN - ASSIST/Confirm' is clicked on

2018-12-12 12:44:56 - [TEST_STEP][PASSED] - delay: Delayed 2 second(s)

2018-12-12 12:44:58 - [MESSAGE][PASSED] - Delayed 2 second(s)

2018-12-12 12:44:58 - [TEST_STEP][PASSED] - verifyElementVisible: Object 'Object Repository/Final Object Repo/Page_Request SSN - ASSIST/Message This Case will be routed to RIO' is visible

2018-12-12 12:45:04 - [MESSAGE][PASSED] - Object 'Object Repository/Final Object Repo/Page_Request SSN - ASSIST/Message This Case will be routed to RIO' is visible

2018-12-12 12:45:04 - [TEST_STEP][PASSED] - delay: Delayed 2 second(s)

2018-12-12 12:45:06 - [MESSAGE][PASSED] - Delayed 2 second(s)

2018-12-12 12:45:06 - [TEST_STEP][PASSED] - verifyElementVisible: Object 'Object Repository/Final Object Repo/Page_Request SSN - ASSIST/Letter of acknowledgement' is visible

2018-12-12 12:45:06 - [MESSAGE][PASSED] - Object 'Object Repository/Final Object Repo/Page_Request SSN - ASSIST/Letter of acknowledgement' is visible

2018-12-12 12:45:06 - [MESSAGE][PASSED] - Call Test Case 'Test Cases/Final Aug 2018 - PKS Automation/Registration Module/Workflow/Request SSN/Template/Request SSN - OTC (Using Current Employer Code)' successfully

2018-12-12 12:45:06 - [TEST_STEP][PASSED] - delay: Delayed 2 second(s)

2018-12-12 12:45:08 - [MESSAGE][PASSED] - Delayed 2 second(s)

2018-12-12 12:45:08 - [TEST_STEP][PASSED] - navigateToUrl: Navigate to 'https://assist2-uat.perkeso.gov.my/c/portal/logout' successfully

2018-12-12 12:45:09 - [MESSAGE][PASSED] - Navigate to 'https://assist2-uat.perkeso.gov.my/c/portal/logout' successfully

2018-12-12 12:45:09 - [TEST_STEP][PASSED] - delay: Delayed 2 second(s)

2018-12-12 12:45:11 - [MESSAGE][PASSED] - Delayed 2 second(s)

2018-12-12 12:45:11 - [TEST_STEP][PASSED] - callTestCase: Call Test Case 'Test Cases/Final Aug 2018 - PKS Automation/Common/Workflow Owner Finder' successfully

2018-12-12 12:45:11 - [TEST_CASE][PASSED] - Test Cases/Final Aug 2018 - PKS Automation/Common/Workflow Owner Finder: Test Cases/Final Aug 2018 - PKS Automation/Common/Workflow Owner Finder

2018-12-12 12:45:11 - [TEST_STEP][PASSED] - openBrowser: Browser is opened with url: ''

2018-12-12 12:45:11 - [MESSAGE][WARNING] - A browser is already opened. Closing browser and opening a new one

2018-12-12 12:45:15 - [MESSAGE][PASSED] - Browser is opened with url: ''

2018-12-12 12:45:15 - [TEST_STEP][PASSED] - navigateToUrl: Navigate to 'https://assist2-uat.perkeso.gov.my/login' successfully

2018-12-12 12:45:16 - [MESSAGE][PASSED] - Navigate to 'https://assist2-uat.perkeso.gov.my/login' successfully

2018-12-12 12:45:16 - [TEST_STEP][PASSED] - delay: Delayed 5 second(s)

2018-12-12 12:45:21 - [MESSAGE][PASSED] - Delayed 5 second(s)

2018-12-12 12:45:21 - [TEST_STEP][PASSED] - setText: Text 'test@liferay.com' is set on object 'Object Repository/Final Object Repo/Login Page/Internal User/Email Address'

2018-12-12 12:45:22 - [MESSAGE][PASSED] - Text 'test@liferay.com' is set on object 'Object Repository/Final Object Repo/Login Page/Internal User/Email Address'

2018-12-12 12:45:22 - [TEST_STEP][PASSED] - click: Object: 'Object Repository/Final Object Repo/Login Page/Internal User/Next Button' is clicked on

2018-12-12 12:45:22 - [MESSAGE][PASSED] - Object: 'Object Repository/Final Object Repo/Login Page/Internal User/Next Button' is clicked on

2018-12-12 12:45:22 - [TEST_STEP][PASSED] - delay: Delayed 2 second(s)

2018-12-12 12:45:24 - [MESSAGE][PASSED] - Delayed 2 second(s)

2018-12-12 12:45:24 - [TEST_STEP][PASSED] - setText: Text 'test' is set on object 'Object Repository/Final Object Repo/Login Page/Internal User/Password'

2018-12-12 12:45:24 - [MESSAGE][PASSED] - Text 'test' is set on object 'Object Repository/Final Object Repo/Login Page/Internal User/Password'

2018-12-12 12:45:24 - [TEST_STEP][PASSED] - delay: Delayed 2 second(s)

2018-12-12 12:45:26 - [MESSAGE][PASSED] - Delayed 2 second(s)

2018-12-12 12:45:26 - [TEST_STEP][PASSED] - click: Object: 'Object Repository/Final Object Repo/Login Page/Internal User/Login Button' is clicked on

2018-12-12 12:45:26 - [MESSAGE][PASSED] - Object: 'Object Repository/Final Object Repo/Login Page/Internal User/Login Button' is clicked on

2018-12-12 12:45:26 - [TEST_STEP][PASSED] - Statement - tester = com.kms.katalon.core.testobject.ObjectRepository.findTestObject(Final Object Repo/Landing Page/Select to English): Finding Test Object with id 'Object Repository/Final Object Repo/Landing Page/Select to English'

2018-12-12 12:45:26 - [TEST_STEP][PASSED] - Statement - Try: Delayed 2 second(s)

2018-12-12 12:45:26 - [TEST_STEP][PASSED] - Statement - Checker = com.kms.katalon.core.webui.keyword.WebUiBuiltInKeywords.verifyElementNotPresent(tester, 3): Web element with id: 'Object Repository/Final Object Repo/Landing Page/Select to English' located by 'By.xpath: //a[@class = 'taglib-language-list-text' and @lang = 'en-US' and (contains(text(), 'EN') or contains(., 'EN'))]' is not present after '3' second(s)

2018-12-12 12:45:28 - [MESSAGE][PASSED] - Web element with id: 'Object Repository/Final Object Repo/Landing Page/Select to English' located by 'By.xpath: //a[@class = 'taglib-language-list-text' and @lang = 'en-US' and (contains(text(), 'EN') or contains(., 'EN'))]' is not present after '3' second(s)

2018-12-12 12:45:28 - [TEST_STEP][PASSED] - Statement - If (Checker == false): null

2018-12-12 12:45:28 - [TEST_STEP][PASSED] - delay: Delayed 2 second(s)

2018-12-12 12:45:30 - [MESSAGE][PASSED] - Delayed 2 second(s)

2018-12-12 12:45:30 - [TEST_STEP][PASSED] - delay: Delayed 5 second(s)

2018-12-12 12:45:35 - [MESSAGE][PASSED] - Delayed 5 second(s)

2018-12-12 12:45:35 - [TEST_STEP][PASSED] - mouseOver: Object: 'Object Repository/Final Object Repo/Landing Page/WorkFlow Menu' is hovered

2018-12-12 12:45:35 - [MESSAGE][PASSED] - Object: 'Object Repository/Final Object Repo/Landing Page/WorkFlow Menu' is hovered

2018-12-12 12:45:35 - [TEST_STEP][PASSED] - delay: Delayed 2 second(s)

2018-12-12 12:45:37 - [MESSAGE][PASSED] - Delayed 2 second(s)

2018-12-12 12:45:37 - [TEST_STEP][PASSED] - click: Object: 'Object Repository/Final Object Repo/Landing Page/Select to Workflow Listing' is clicked on

2018-12-12 12:45:38 - [MESSAGE][PASSED] - Object: 'Object Repository/Final Object Repo/Landing Page/Select to Workflow Listing' is clicked on

2018-12-12 12:45:38 - [TEST_STEP][PASSED] - delay: Delayed 2 second(s)

2018-12-12 12:45:40 - [MESSAGE][PASSED] - Delayed 2 second(s)

2018-12-12 12:45:40 - [TEST_STEP][PASSED] - click: Object: 'Object Repository/Final Object Repo/WorkFlow Listing Page/Search Information - To Put Ref No' is clicked on

2018-12-12 12:45:40 - [MESSAGE][PASSED] - Object: 'Object Repository/Final Object Repo/WorkFlow Listing Page/Search Information - To Put Ref No' is clicked on

2018-12-12 12:45:40 - [TEST_STEP][PASSED] - delay: Delayed 2 second(s)

2018-12-12 12:45:42 - [MESSAGE][PASSED] - Delayed 2 second(s)

2018-12-12 12:45:42 - [TEST_STEP][PASSED] - callTestCase: Call Test Case 'Test Cases/Final Aug 2018 - PKS Automation/Common/Reference Number Getter' successfully

2018-12-12 12:45:43 - [TEST_CASE][PASSED] - Test Cases/Final Aug 2018 - PKS Automation/Common/Reference Number Getter: Test Cases/Final Aug 2018 - PKS Automation/Common/Reference Number Getter

2018-12-12 12:45:43 - [TEST_STEP][PASSED] - Statement - Try: null

2018-12-12 12:45:43 - [TEST_STEP][PASSED] - Statement - RefNo = new java.io.File(C://Users//Admin//Desktop//PKS//Automation Reference Point//KatalonReference.txt): null

2018-12-12 12:45:43 - [TEST_STEP][PASSED] - Statement - bufferread = new java.io.BufferedReader(new java.io.FileReader(RefNo)): null

2018-12-12 12:45:43 - [TEST_STEP][PASSED] - Statement - readedVal = bufferread.readLine(): null

2018-12-12 12:45:43 - [TEST_STEP][PASSED] - Statement - out.println(CaseReferenceNo): null

2018-12-12 12:45:43 - [TEST_STEP][PASSED] - Statement - out.println(readedVal): null

2018-12-12 12:45:43 - [TEST_STEP][PASSED] - Statement - CaseReferenceNo = "": null

2018-12-12 12:45:43 - [TEST_STEP][PASSED] - Statement - CaseReferenceNo = readedVal: null

2018-12-12 12:45:43 - [MESSAGE][PASSED] - Call Test Case 'Test Cases/Final Aug 2018 - PKS Automation/Common/Reference Number Getter' successfully

2018-12-12 12:45:43 - [TEST_STEP][PASSED] - setText: Text 'SSN12201800001191' is set on object 'Object Repository/Final Object Repo/WorkFlow Listing Page/Ref No Set Text'

2018-12-12 12:45:43 - [MESSAGE][PASSED] - Text 'SSN12201800001191' is set on object 'Object Repository/Final Object Repo/WorkFlow Listing Page/Ref No Set Text'

2018-12-12 12:45:43 - [TEST_STEP][PASSED] - delay: Delayed 2 second(s)

2018-12-12 12:45:45 - [MESSAGE][PASSED] - Delayed 2 second(s)

2018-12-12 12:45:45 - [TEST_STEP][PASSED] - click: Object: 'Object Repository/Final Object Repo/WorkFlow Listing Page/Search Ref No Search Button' is clicked on

2018-12-12 12:45:45 - [MESSAGE][PASSED] - Object: 'Object Repository/Final Object Repo/WorkFlow Listing Page/Search Ref No Search Button' is clicked on

2018-12-12 12:45:45 - [TEST_STEP][PASSED] - delay: Delayed 6 second(s)

2018-12-12 12:45:51 - [MESSAGE][PASSED] - Delayed 6 second(s)

2018-12-12 12:45:51 - [TEST_STEP][PASSED] - click: Object: 'Object Repository/Final Object Repo/WorkFlow Listing Page/Click Continue Tooltip' is clicked on

2018-12-12 12:45:52 - [MESSAGE][PASSED] - Object: 'Object Repository/Final Object Repo/WorkFlow Listing Page/Click Continue Tooltip' is clicked on

2018-12-12 12:45:52 - [TEST_STEP][PASSED] - delay: Delayed 5 second(s)

2018-12-12 12:45:57 - [MESSAGE][PASSED] - Delayed 5 second(s)

2018-12-12 12:45:57 - [TEST_STEP][PASSED] - doubleClick: Object: 'Object Repository/Final Object Repo/WorkFlow Listing Page/Workflow Found - Listing 1' is double clicked on

2018-12-12 12:45:57 - [MESSAGE][PASSED] - Object: 'Object Repository/Final Object Repo/WorkFlow Listing Page/Workflow Found - Listing 1' is double clicked on

2018-12-12 12:45:57 - [TEST_STEP][PASSED] - Statement - println(OwnerID): null

2018-12-12 12:45:57 - [TEST_STEP][PASSED] - Statement - OwnerID = com.kms.katalon.core.webui.keyword.WebUiBuiltInKeywords.getText(com.kms.katalon.core.testobject.ObjectRepository.findTestObject(Final Object Repo/WorkFlow Listing Page/Workflow Found - Listing 1), STOP_ON_FAILURE): Text of object 'Object Repository/Final Object Repo/WorkFlow Listing Page/Workflow Found - Listing 1' is: 'JOHORrio1'

2018-12-12 12:45:57 - [MESSAGE][PASSED] - Text of object 'Object Repository/Final Object Repo/WorkFlow Listing Page/Workflow Found - Listing 1' is: 'JOHORrio1'

2018-12-12 12:45:57 - [TEST_STEP][PASSED] - Statement - OwnerID = OwnerID.toLowerCase() + "@gmail.com": null

2018-12-12 12:45:57 - [TEST_STEP][PASSED] - Statement - println(OwnerID): null

2018-12-12 12:45:57 - [TEST_STEP][PASSED] - delay: Delayed 2 second(s)

2018-12-12 12:45:59 - [MESSAGE][PASSED] - Delayed 2 second(s)

2018-12-12 12:45:59 - [MESSAGE][PASSED] - Call Test Case 'Test Cases/Final Aug 2018 - PKS Automation/Common/Workflow Owner Finder' successfully

2018-12-12 12:45:59 - [TEST_STEP][PASSED] - delay: Delayed 2 second(s)

2018-12-12 12:46:01 - [MESSAGE][PASSED] - Delayed 2 second(s)

2018-12-12 12:46:01 - [TEST_STEP][PASSED] - navigateToUrl: Navigate to 'https://assist2-uat.perkeso.gov.my/c/portal/logout' successfully

2018-12-12 12:46:02 - [MESSAGE][PASSED] - Navigate to 'https://assist2-uat.perkeso.gov.my/c/portal/logout' successfully

2018-12-12 12:46:02 - [TEST_STEP][PASSED] - delay: Delayed 2 second(s)

2018-12-12 12:46:04 - [MESSAGE][PASSED] - Delayed 2 second(s)

2018-12-12 12:46:04 - [TEST_STEP][PASSED] - callTestCase: Call Test Case 'Test Cases/Final Aug 2018 - PKS Automation/Registration Module/Workflow/Login and Search Case For Workflow' successfully

2018-12-12 12:46:04 - [TEST_CASE][PASSED] - Test Cases/Final Aug 2018 - PKS Automation/Registration Module/Workflow/Login and Search Case For Workflow: Test Cases/Final Aug 2018 - PKS Automation/Registration Module/Workflow/Login and Search Case For Workflow

2018-12-12 12:46:04 - [TEST_STEP][PASSED] - navigateToUrl: Navigate to 'https://assist2-uat.perkeso.gov.my/login' successfully

2018-12-12 12:46:05 - [MESSAGE][PASSED] - Navigate to 'https://assist2-uat.perkeso.gov.my/login' successfully

2018-12-12 12:46:05 - [TEST_STEP][PASSED] - setText: Text 'johorrio1@gmail.com' is set on object 'Object Repository/Final Object Repo/Login Page/Internal User/Email Address'

2018-12-12 12:46:05 - [MESSAGE][PASSED] - Text 'johorrio1@gmail.com' is set on object 'Object Repository/Final Object Repo/Login Page/Internal User/Email Address'

2018-12-12 12:46:05 - [TEST_STEP][PASSED] - click: Object: 'Object Repository/Final Object Repo/Login Page/Internal User/Next Button' is clicked on

2018-12-12 12:46:05 - [MESSAGE][PASSED] - Object: 'Object Repository/Final Object Repo/Login Page/Internal User/Next Button' is clicked on

2018-12-12 12:46:05 - [TEST_STEP][PASSED] - delay: Delayed 1 second(s)

2018-12-12 12:46:06 - [MESSAGE][PASSED] - Delayed 1 second(s)

2018-12-12 12:46:06 - [TEST_STEP][PASSED] - setEncryptedText: Text ****** has been set on object 'Object Repository/Final Object Repo/Login Page/Internal User/Password'

2018-12-12 12:46:06 - [MESSAGE][PASSED] - Text ****** has been set on object 'Object Repository/Final Object Repo/Login Page/Internal User/Password'

2018-12-12 12:46:06 - [TEST_STEP][PASSED] - click: Object: 'Object Repository/Final Object Repo/Login Page/Internal User/Login Button' is clicked on

2018-12-12 12:46:07 - [MESSAGE][PASSED] - Object: 'Object Repository/Final Object Repo/Login Page/Internal User/Login Button' is clicked on

2018-12-12 12:46:07 - [TEST_STEP][PASSED] - delay: Delayed 2 second(s)

2018-12-12 12:46:09 - [MESSAGE][PASSED] - Delayed 2 second(s)

2018-12-12 12:46:09 - [TEST_STEP][PASSED] - Statement - Try: Delayed 2 second(s)

2018-12-12 12:46:09 - [TEST_STEP][PASSED] - Statement - Checker = false: null

2018-12-12 12:46:09 - [TEST_STEP][PASSED] - Statement - Checker = com.kms.katalon.core.webui.keyword.WebUiBuiltInKeywords.verifyElementHasAttribute(com.kms.katalon.core.testobject.ObjectRepository.findTestObject(Final Object Repo/Landing Page/BM Detecting), "href", 20, OPTIONAL): Object 'Object Repository/Final Object Repo/Landing Page/BM Detecting' has attribute 'href'

2018-12-12 12:46:09 - [MESSAGE][PASSED] - Object 'Object Repository/Final Object Repo/Landing Page/BM Detecting' has attribute 'href'

2018-12-12 12:46:09 - [TEST_STEP][PASSED] - Statement - out.println(Checker): null

2018-12-12 12:46:09 - [TEST_STEP][PASSED] - Statement - If (Checker == false): null

2018-12-12 12:46:09 - [TEST_STEP][PASSED] - Statement - Else: null

2018-12-12 12:46:09 - [TEST_STEP][PASSED] - delay: Delayed 2 second(s)

2018-12-12 12:46:11 - [MESSAGE][PASSED] - Delayed 2 second(s)

2018-12-12 12:46:11 - [TEST_STEP][PASSED] - click: Object: 'Object Repository/Final Object Repo/Page_MyASSIST - ASSIST - Search Pending Case For Add Supporting Document/Search Information' is clicked on

2018-12-12 12:46:11 - [MESSAGE][PASSED] - Object: 'Object Repository/Final Object Repo/Page_MyASSIST - ASSIST - Search Pending Case For Add Supporting Document/Search Information' is clicked on

2018-12-12 12:46:11 - [TEST_STEP][PASSED] - delay: Delayed 3 second(s)

2018-12-12 12:46:14 - [MESSAGE][PASSED] - Delayed 3 second(s)

2018-12-12 12:46:14 - [TEST_STEP][PASSED] - sendKeys: Keys 'SSN12201800001191' sent to object: 'Object Repository/Final Object Repo/Page_MyASSIST - ASSIST - Search Pending Case For Add Supporting Document/Reference No'

2018-12-12 12:46:14 - [MESSAGE][PASSED] - Keys 'SSN12201800001191' sent to object: 'Object Repository/Final Object Repo/Page_MyASSIST - ASSIST - Search Pending Case For Add Supporting Document/Reference No'

2018-12-12 12:46:14 - [TEST_STEP][PASSED] - click: Object: 'Object Repository/Final Object Repo/Page_MyASSIST - ASSIST - Search Pending Case For Add Supporting Document/Search Reference No' is clicked on

2018-12-12 12:46:14 - [MESSAGE][PASSED] - Object: 'Object Repository/Final Object Repo/Page_MyASSIST - ASSIST - Search Pending Case For Add Supporting Document/Search Reference No' is clicked on

2018-12-12 12:46:14 - [TEST_STEP][PASSED] - delay: Delayed 2 second(s)

2018-12-12 12:46:16 - [MESSAGE][PASSED] - Delayed 2 second(s)

2018-12-12 12:46:16 - [TEST_STEP][PASSED] - click: Object: 'Object Repository/Final Object Repo/Page_MyASSIST - ASSIST - Search Pending Case For Add Supporting Document/Continue' is clicked on

2018-12-12 12:46:23 - [MESSAGE][PASSED] - Object: 'Object Repository/Final Object Repo/Page_MyASSIST - ASSIST - Search Pending Case For Add Supporting Document/Continue' is clicked on

2018-12-12 12:46:23 - [TEST_STEP][PASSED] - delay: Delayed 20 second(s)

2018-12-12 12:46:43 - [MESSAGE][PASSED] - Delayed 20 second(s)

2018-12-12 12:46:43 - [MESSAGE][PASSED] - Call Test Case 'Test Cases/Final Aug 2018 - PKS Automation/Registration Module/Workflow/Login and Search Case For Workflow' successfully

2018-12-12 12:46:43 - [TEST_STEP][PASSED] - callTestCase: Call Test Case 'Test Cases/Final Aug 2018 - PKS Automation/Registration Module/Workflow/Request SSN/Template/Request SSN - RIO' successfully

2018-12-12 12:46:43 - [TEST_CASE][PASSED] - Test Cases/Final Aug 2018 - PKS Automation/Registration Module/Workflow/Request SSN/Template/Request SSN - RIO: Test Cases/Final Aug 2018 - PKS Automation/Registration Module/Workflow/Request SSN/Template/Request SSN - RIO

2018-12-12 12:46:43 - [TEST_STEP][NOT_RUN] - openBrowser: NOT_RUN: openBrowser

2018-12-12 12:46:43 - [MESSAGE][NOT_RUN] - NOT_RUN: openBrowser

2018-12-12 12:46:43 - [TEST_STEP][NOT_RUN] - navigateToUrl: NOT_RUN: navigateToUrl

2018-12-12 12:46:43 - [MESSAGE][NOT_RUN] - NOT_RUN: navigateToUrl

2018-12-12 12:46:43 - [TEST_STEP][NOT_RUN] - setText: NOT_RUN: setText

2018-12-12 12:46:43 - [MESSAGE][NOT_RUN] - NOT_RUN: setText

2018-12-12 12:46:43 - [TEST_STEP][NOT_RUN] - click: NOT_RUN: click

2018-12-12 12:46:43 - [MESSAGE][NOT_RUN] - NOT_RUN: click

2018-12-12 12:46:43 - [TEST_STEP][NOT_RUN] - delay: NOT_RUN: delay

2018-12-12 12:46:43 - [MESSAGE][NOT_RUN] - NOT_RUN: delay

2018-12-12 12:46:43 - [TEST_STEP][NOT_RUN] - setEncryptedText: NOT_RUN: setEncryptedText

2018-12-12 12:46:43 - [MESSAGE][NOT_RUN] - NOT_RUN: setEncryptedText

2018-12-12 12:46:43 - [TEST_STEP][NOT_RUN] - click: NOT_RUN: click

2018-12-12 12:46:43 - [MESSAGE][NOT_RUN] - NOT_RUN: click

2018-12-12 12:46:43 - [TEST_STEP][NOT_RUN] - delay: NOT_RUN: delay

2018-12-12 12:46:43 - [MESSAGE][NOT_RUN] - NOT_RUN: delay

2018-12-12 12:46:43 - [TEST_STEP][NOT_RUN] - click: NOT_RUN: click

2018-12-12 12:46:43 - [MESSAGE][NOT_RUN] - NOT_RUN: click

2018-12-12 12:46:43 - [TEST_STEP][NOT_RUN] - sendKeys: NOT_RUN: sendKeys

2018-12-12 12:46:43 - [MESSAGE][NOT_RUN] - NOT_RUN: sendKeys

2018-12-12 12:46:43 - [TEST_STEP][NOT_RUN] - click: NOT_RUN: click

2018-12-12 12:46:43 - [MESSAGE][NOT_RUN] - NOT_RUN: click

2018-12-12 12:46:43 - [TEST_STEP][NOT_RUN] - delay: NOT_RUN: delay

2018-12-12 12:46:43 - [MESSAGE][NOT_RUN] - NOT_RUN: delay

2018-12-12 12:46:43 - [TEST_STEP][NOT_RUN] - click: NOT_RUN: click

2018-12-12 12:46:43 - [MESSAGE][NOT_RUN] - NOT_RUN: click

2018-12-12 12:46:43 - [TEST_STEP][PASSED] - delay: Delayed 2 second(s)

2018-12-12 12:46:45 - [MESSAGE][PASSED] - Delayed 2 second(s)

2018-12-12 12:46:45 - [TEST_STEP][PASSED] - click: Object: 'Object Repository/Final Object Repo/Page_Request SSN - ASSIST/Page_Request SSN - ASSIST - RIO/Recommend For SSN' is clicked on

2018-12-12 12:46:46 - [MESSAGE][PASSED] - Object: 'Object Repository/Final Object Repo/Page_Request SSN - ASSIST/Page_Request SSN - ASSIST - RIO/Recommend For SSN' is clicked on

2018-12-12 12:46:46 - [TEST_STEP][PASSED] - click: Object: 'Object Repository/Final Object Repo/Page_Request SSN - ASSIST/Page_Request SSN - ASSIST - RIO/Recommend For SSN  - Yes' is clicked on

2018-12-12 12:46:46 - [MESSAGE][PASSED] - Object: 'Object Repository/Final Object Repo/Page_Request SSN - ASSIST/Page_Request SSN - ASSIST - RIO/Recommend For SSN  - Yes' is clicked on

2018-12-12 12:46:46 - [TEST_STEP][PASSED] - delay: Delayed 2 second(s)

2018-12-12 12:46:48 - [MESSAGE][PASSED] - Delayed 2 second(s)

2018-12-12 12:46:48 - [TEST_STEP][PASSED] - click: Object: 'Object Repository/Final Object Repo/Page_Request SSN - ASSIST/Page_Request SSN - ASSIST - RIO/Save  Continue in SSN page' is clicked on

2018-12-12 12:46:48 - [MESSAGE][PASSED] - Object: 'Object Repository/Final Object Repo/Page_Request SSN - ASSIST/Page_Request SSN - ASSIST - RIO/Save  Continue in SSN page' is clicked on

2018-12-12 12:46:48 - [TEST_STEP][PASSED] - delay: Delayed 2 second(s)

2018-12-12 12:46:50 - [MESSAGE][PASSED] - Delayed 2 second(s)

2018-12-12 12:46:50 - [TEST_STEP][PASSED] - click: Object: 'Object Repository/Final Object Repo/Page_Request SSN - ASSIST/Page_Request SSN - ASSIST - RIO/Save  Continue in Upload Document Page' is clicked on

2018-12-12 12:46:53 - [MESSAGE][PASSED] - Object: 'Object Repository/Final Object Repo/Page_Request SSN - ASSIST/Page_Request SSN - ASSIST - RIO/Save  Continue in Upload Document Page' is clicked on

2018-12-12 12:46:53 - [TEST_STEP][PASSED] - delay: Delayed 2 second(s)

2018-12-12 12:46:55 - [MESSAGE][PASSED] - Delayed 2 second(s)

2018-12-12 12:46:55 - [TEST_STEP][PASSED] - click: Object: 'Object Repository/Final Object Repo/Page_Request SSN - ASSIST/Page_Request SSN - ASSIST - RIO/Submit' is clicked on

2018-12-12 12:46:57 - [MESSAGE][PASSED] - Object: 'Object Repository/Final Object Repo/Page_Request SSN - ASSIST/Page_Request SSN - ASSIST - RIO/Submit' is clicked on

2018-12-12 12:46:57 - [TEST_STEP][PASSED] - delay: Delayed 2 second(s)

2018-12-12 12:46:59 - [MESSAGE][PASSED] - Delayed 2 second(s)

2018-12-12 12:46:59 - [TEST_STEP][PASSED] - click: Object: 'Object Repository/Final Object Repo/Page_Request SSN - ASSIST/Page_Request SSN - ASSIST - RIO/Confirm' is clicked on

2018-12-12 12:46:59 - [MESSAGE][PASSED] - Object: 'Object Repository/Final Object Repo/Page_Request SSN - ASSIST/Page_Request SSN - ASSIST - RIO/Confirm' is clicked on

2018-12-12 12:46:59 - [MESSAGE][PASSED] - Call Test Case 'Test Cases/Final Aug 2018 - PKS Automation/Registration Module/Workflow/Request SSN/Template/Request SSN - RIO' successfully

2018-12-12 12:46:59 - [TEST_STEP][PASSED] - delay: Delayed 2 second(s)

2018-12-12 12:47:01 - [MESSAGE][PASSED] - Delayed 2 second(s)

2018-12-12 12:47:01 - [TEST_STEP][PASSED] - navigateToUrl: Navigate to 'https://assist2-uat.perkeso.gov.my/c/portal/logout' successfully

2018-12-12 12:47:06 - [MESSAGE][PASSED] - Navigate to 'https://assist2-uat.perkeso.gov.my/c/portal/logout' successfully

2018-12-12 12:47:06 - [TEST_STEP][PASSED] - delay: Delayed 2 second(s)

2018-12-12 12:47:08 - [MESSAGE][PASSED] - Delayed 2 second(s)

2018-12-12 12:47:08 - [TEST_STEP][PASSED] - callTestCase: Call Test Case 'Test Cases/Final Aug 2018 - PKS Automation/Common/Workflow Owner Finder' successfully

2018-12-12 12:47:08 - [TEST_CASE][PASSED] - Test Cases/Final Aug 2018 - PKS Automation/Common/Workflow Owner Finder: Test Cases/Final Aug 2018 - PKS Automation/Common/Workflow Owner Finder

2018-12-12 12:47:08 - [TEST_STEP][PASSED] - openBrowser: Browser is opened with url: ''

2018-12-12 12:47:08 - [MESSAGE][WARNING] - A browser is already opened. Closing browser and opening a new one

2018-12-12 12:47:12 - [MESSAGE][PASSED] - Browser is opened with url: ''

2018-12-12 12:47:12 - [TEST_STEP][PASSED] - navigateToUrl: Navigate to 'https://assist2-uat.perkeso.gov.my/login' successfully

2018-12-12 12:47:13 - [MESSAGE][PASSED] - Navigate to 'https://assist2-uat.perkeso.gov.my/login' successfully

2018-12-12 12:47:13 - [TEST_STEP][PASSED] - delay: Delayed 5 second(s)

2018-12-12 12:47:18 - [MESSAGE][PASSED] - Delayed 5 second(s)

2018-12-12 12:47:18 - [TEST_STEP][PASSED] - setText: Text 'test@liferay.com' is set on object 'Object Repository/Final Object Repo/Login Page/Internal User/Email Address'

2018-12-12 12:47:19 - [MESSAGE][PASSED] - Text 'test@liferay.com' is set on object 'Object Repository/Final Object Repo/Login Page/Internal User/Email Address'

2018-12-12 12:47:19 - [TEST_STEP][PASSED] - click: Object: 'Object Repository/Final Object Repo/Login Page/Internal User/Next Button' is clicked on

2018-12-12 12:47:19 - [MESSAGE][PASSED] - Object: 'Object Repository/Final Object Repo/Login Page/Internal User/Next Button' is clicked on

2018-12-12 12:47:19 - [TEST_STEP][PASSED] - delay: Delayed 2 second(s)

2018-12-12 12:47:21 - [MESSAGE][PASSED] - Delayed 2 second(s)

2018-12-12 12:47:21 - [TEST_STEP][PASSED] - setText: Text 'test' is set on object 'Object Repository/Final Object Repo/Login Page/Internal User/Password'

2018-12-12 12:47:21 - [MESSAGE][PASSED] - Text 'test' is set on object 'Object Repository/Final Object Repo/Login Page/Internal User/Password'

2018-12-12 12:47:21 - [TEST_STEP][PASSED] - delay: Delayed 2 second(s)

2018-12-12 12:47:23 - [MESSAGE][PASSED] - Delayed 2 second(s)

2018-12-12 12:47:23 - [TEST_STEP][PASSED] - click: Object: 'Object Repository/Final Object Repo/Login Page/Internal User/Login Button' is clicked on

2018-12-12 12:47:23 - [MESSAGE][PASSED] - Object: 'Object Repository/Final Object Repo/Login Page/Internal User/Login Button' is clicked on

2018-12-12 12:47:23 - [TEST_STEP][PASSED] - Statement - tester = com.kms.katalon.core.testobject.ObjectRepository.findTestObject(Final Object Repo/Landing Page/Select to English): Finding Test Object with id 'Object Repository/Final Object Repo/Landing Page/Select to English'

2018-12-12 12:47:23 - [TEST_STEP][PASSED] - Statement - Try: Delayed 2 second(s)

2018-12-12 12:47:23 - [TEST_STEP][PASSED] - Statement - Checker = com.kms.katalon.core.webui.keyword.WebUiBuiltInKeywords.verifyElementNotPresent(tester, 3): Web element with id: 'Object Repository/Final Object Repo/Landing Page/Select to English' located by 'By.xpath: //a[@class = 'taglib-language-list-text' and @lang = 'en-US' and (contains(text(), 'EN') or contains(., 'EN'))]' is not present after '3' second(s)

2018-12-12 12:47:25 - [MESSAGE][PASSED] - Web element with id: 'Object Repository/Final Object Repo/Landing Page/Select to English' located by 'By.xpath: //a[@class = 'taglib-language-list-text' and @lang = 'en-US' and (contains(text(), 'EN') or contains(., 'EN'))]' is not present after '3' second(s)

2018-12-12 12:47:25 - [TEST_STEP][PASSED] - Statement - If (Checker == false): null

2018-12-12 12:47:25 - [TEST_STEP][PASSED] - delay: Delayed 2 second(s)

2018-12-12 12:47:27 - [MESSAGE][PASSED] - Delayed 2 second(s)

2018-12-12 12:47:27 - [TEST_STEP][PASSED] - delay: Delayed 5 second(s)

2018-12-12 12:47:32 - [MESSAGE][PASSED] - Delayed 5 second(s)

2018-12-12 12:47:32 - [TEST_STEP][PASSED] - mouseOver: Object: 'Object Repository/Final Object Repo/Landing Page/WorkFlow Menu' is hovered

2018-12-12 12:47:32 - [MESSAGE][PASSED] - Object: 'Object Repository/Final Object Repo/Landing Page/WorkFlow Menu' is hovered

2018-12-12 12:47:32 - [TEST_STEP][PASSED] - delay: Delayed 2 second(s)

2018-12-12 12:47:34 - [MESSAGE][PASSED] - Delayed 2 second(s)

2018-12-12 12:47:34 - [TEST_STEP][PASSED] - click: Object: 'Object Repository/Final Object Repo/Landing Page/Select to Workflow Listing' is clicked on

2018-12-12 12:47:35 - [MESSAGE][PASSED] - Object: 'Object Repository/Final Object Repo/Landing Page/Select to Workflow Listing' is clicked on

2018-12-12 12:47:35 - [TEST_STEP][PASSED] - delay: Delayed 2 second(s)

2018-12-12 12:47:37 - [MESSAGE][PASSED] - Delayed 2 second(s)

2018-12-12 12:47:37 - [TEST_STEP][PASSED] - click: Object: 'Object Repository/Final Object Repo/WorkFlow Listing Page/Search Information - To Put Ref No' is clicked on

2018-12-12 12:47:37 - [MESSAGE][PASSED] - Object: 'Object Repository/Final Object Repo/WorkFlow Listing Page/Search Information - To Put Ref No' is clicked on

2018-12-12 12:47:37 - [TEST_STEP][PASSED] - delay: Delayed 2 second(s)

2018-12-12 12:47:39 - [MESSAGE][PASSED] - Delayed 2 second(s)

2018-12-12 12:47:39 - [TEST_STEP][PASSED] - callTestCase: Call Test Case 'Test Cases/Final Aug 2018 - PKS Automation/Common/Reference Number Getter' successfully

2018-12-12 12:47:39 - [TEST_CASE][PASSED] - Test Cases/Final Aug 2018 - PKS Automation/Common/Reference Number Getter: Test Cases/Final Aug 2018 - PKS Automation/Common/Reference Number Getter

2018-12-12 12:47:39 - [TEST_STEP][PASSED] - Statement - Try: null

2018-12-12 12:47:39 - [TEST_STEP][PASSED] - Statement - RefNo = new java.io.File(C://Users//Admin//Desktop//PKS//Automation Reference Point//KatalonReference.txt): null

2018-12-12 12:47:39 - [TEST_STEP][PASSED] - Statement - bufferread = new java.io.BufferedReader(new java.io.FileReader(RefNo)): null

2018-12-12 12:47:39 - [TEST_STEP][PASSED] - Statement - readedVal = bufferread.readLine(): null

2018-12-12 12:47:39 - [TEST_STEP][PASSED] - Statement - out.println(CaseReferenceNo): null

2018-12-12 12:47:39 - [TEST_STEP][PASSED] - Statement - out.println(readedVal): null

2018-12-12 12:47:39 - [TEST_STEP][PASSED] - Statement - CaseReferenceNo = "": null

2018-12-12 12:47:39 - [TEST_STEP][PASSED] - Statement - CaseReferenceNo = readedVal: null

2018-12-12 12:47:39 - [MESSAGE][PASSED] - Call Test Case 'Test Cases/Final Aug 2018 - PKS Automation/Common/Reference Number Getter' successfully

2018-12-12 12:47:39 - [TEST_STEP][PASSED] - setText: Text 'SSN12201800001191' is set on object 'Object Repository/Final Object Repo/WorkFlow Listing Page/Ref No Set Text'

2018-12-12 12:47:40 - [MESSAGE][PASSED] - Text 'SSN12201800001191' is set on object 'Object Repository/Final Object Repo/WorkFlow Listing Page/Ref No Set Text'

2018-12-12 12:47:40 - [TEST_STEP][PASSED] - delay: Delayed 2 second(s)

2018-12-12 12:47:42 - [MESSAGE][PASSED] - Delayed 2 second(s)

2018-12-12 12:47:42 - [TEST_STEP][PASSED] - click: Object: 'Object Repository/Final Object Repo/WorkFlow Listing Page/Search Ref No Search Button' is clicked on

2018-12-12 12:47:42 - [MESSAGE][PASSED] - Object: 'Object Repository/Final Object Repo/WorkFlow Listing Page/Search Ref No Search Button' is clicked on

2018-12-12 12:47:42 - [TEST_STEP][PASSED] - delay: Delayed 6 second(s)

2018-12-12 12:47:48 - [MESSAGE][PASSED] - Delayed 6 second(s)

2018-12-12 12:47:48 - [TEST_STEP][PASSED] - click: Object: 'Object Repository/Final Object Repo/WorkFlow Listing Page/Click Continue Tooltip' is clicked on

2018-12-12 12:47:49 - [MESSAGE][PASSED] - Object: 'Object Repository/Final Object Repo/WorkFlow Listing Page/Click Continue Tooltip' is clicked on

2018-12-12 12:47:49 - [TEST_STEP][PASSED] - delay: Delayed 5 second(s)

2018-12-12 12:47:54 - [MESSAGE][PASSED] - Delayed 5 second(s)

2018-12-12 12:47:54 - [TEST_STEP][PASSED] - doubleClick: Object: 'Object Repository/Final Object Repo/WorkFlow Listing Page/Workflow Found - Listing 1' is double clicked on

2018-12-12 12:47:54 - [MESSAGE][PASSED] - Object: 'Object Repository/Final Object Repo/WorkFlow Listing Page/Workflow Found - Listing 1' is double clicked on

2018-12-12 12:47:54 - [TEST_STEP][PASSED] - Statement - println(OwnerID): null

2018-12-12 12:47:54 - [TEST_STEP][PASSED] - Statement - OwnerID = com.kms.katalon.core.webui.keyword.WebUiBuiltInKeywords.getText(com.kms.katalon.core.testobject.ObjectRepository.findTestObject(Final Object Repo/WorkFlow Listing Page/Workflow Found - Listing 1), STOP_ON_FAILURE): Text of object 'Object Repository/Final Object Repo/WorkFlow Listing Page/Workflow Found - Listing 1' is: 'JOHORro3'

2018-12-12 12:47:54 - [MESSAGE][PASSED] - Text of object 'Object Repository/Final Object Repo/WorkFlow Listing Page/Workflow Found - Listing 1' is: 'JOHORro3'

2018-12-12 12:47:54 - [TEST_STEP][PASSED] - Statement - OwnerID = OwnerID.toLowerCase() + "@gmail.com": null

2018-12-12 12:47:54 - [TEST_STEP][PASSED] - Statement - println(OwnerID): null

2018-12-12 12:47:54 - [TEST_STEP][PASSED] - delay: Delayed 2 second(s)

2018-12-12 12:47:56 - [MESSAGE][PASSED] - Delayed 2 second(s)

2018-12-12 12:47:56 - [MESSAGE][PASSED] - Call Test Case 'Test Cases/Final Aug 2018 - PKS Automation/Common/Workflow Owner Finder' successfully

2018-12-12 12:47:56 - [TEST_STEP][PASSED] - delay: Delayed 2 second(s)

2018-12-12 12:47:58 - [MESSAGE][PASSED] - Delayed 2 second(s)

2018-12-12 12:47:58 - [TEST_STEP][PASSED] - navigateToUrl: Navigate to 'https://assist2-uat.perkeso.gov.my/c/portal/logout' successfully

2018-12-12 12:47:59 - [MESSAGE][PASSED] - Navigate to 'https://assist2-uat.perkeso.gov.my/c/portal/logout' successfully

2018-12-12 12:47:59 - [TEST_STEP][PASSED] - delay: Delayed 2 second(s)

2018-12-12 12:48:01 - [MESSAGE][PASSED] - Delayed 2 second(s)

2018-12-12 12:48:01 - [TEST_STEP][PASSED] - callTestCase: Call Test Case 'Test Cases/Final Aug 2018 - PKS Automation/Registration Module/Workflow/Login and Search Case For Workflow' successfully

2018-12-12 12:48:01 - [TEST_CASE][PASSED] - Test Cases/Final Aug 2018 - PKS Automation/Registration Module/Workflow/Login and Search Case For Workflow: Test Cases/Final Aug 2018 - PKS Automation/Registration Module/Workflow/Login and Search Case For Workflow

2018-12-12 12:48:01 - [TEST_STEP][PASSED] - navigateToUrl: Navigate to 'https://assist2-uat.perkeso.gov.my/login' successfully

2018-12-12 12:48:02 - [MESSAGE][PASSED] - Navigate to 'https://assist2-uat.perkeso.gov.my/login' successfully

2018-12-12 12:48:02 - [TEST_STEP][PASSED] - setText: Text 'johorro3@gmail.com' is set on object 'Object Repository/Final Object Repo/Login Page/Internal User/Email Address'

2018-12-12 12:48:02 - [MESSAGE][PASSED] - Text 'johorro3@gmail.com' is set on object 'Object Repository/Final Object Repo/Login Page/Internal User/Email Address'

2018-12-12 12:48:02 - [TEST_STEP][PASSED] - click: Object: 'Object Repository/Final Object Repo/Login Page/Internal User/Next Button' is clicked on

2018-12-12 12:48:02 - [MESSAGE][PASSED] - Object: 'Object Repository/Final Object Repo/Login Page/Internal User/Next Button' is clicked on

2018-12-12 12:48:02 - [TEST_STEP][PASSED] - delay: Delayed 1 second(s)

2018-12-12 12:48:03 - [MESSAGE][PASSED] - Delayed 1 second(s)

2018-12-12 12:48:03 - [TEST_STEP][PASSED] - setEncryptedText: Text ****** has been set on object 'Object Repository/Final Object Repo/Login Page/Internal User/Password'

2018-12-12 12:48:03 - [MESSAGE][PASSED] - Text ****** has been set on object 'Object Repository/Final Object Repo/Login Page/Internal User/Password'

2018-12-12 12:48:03 - [TEST_STEP][PASSED] - click: Object: 'Object Repository/Final Object Repo/Login Page/Internal User/Login Button' is clicked on

2018-12-12 12:48:04 - [MESSAGE][PASSED] - Object: 'Object Repository/Final Object Repo/Login Page/Internal User/Login Button' is clicked on

2018-12-12 12:48:04 - [TEST_STEP][PASSED] - delay: Delayed 2 second(s)

2018-12-12 12:48:06 - [MESSAGE][PASSED] - Delayed 2 second(s)

2018-12-12 12:48:06 - [TEST_STEP][PASSED] - Statement - Try: Delayed 2 second(s)

2018-12-12 12:48:06 - [TEST_STEP][PASSED] - Statement - Checker = false: null

2018-12-12 12:48:06 - [TEST_STEP][PASSED] - Statement - Checker = com.kms.katalon.core.webui.keyword.WebUiBuiltInKeywords.verifyElementHasAttribute(com.kms.katalon.core.testobject.ObjectRepository.findTestObject(Final Object Repo/Landing Page/BM Detecting), "href", 20, OPTIONAL): Object 'Object Repository/Final Object Repo/Landing Page/BM Detecting' has attribute 'href'

2018-12-12 12:48:06 - [MESSAGE][PASSED] - Object 'Object Repository/Final Object Repo/Landing Page/BM Detecting' has attribute 'href'

2018-12-12 12:48:06 - [TEST_STEP][PASSED] - Statement - out.println(Checker): null

2018-12-12 12:48:06 - [TEST_STEP][PASSED] - Statement - If (Checker == false): null

2018-12-12 12:48:06 - [TEST_STEP][PASSED] - Statement - Else: null

2018-12-12 12:48:06 - [TEST_STEP][PASSED] - delay: Delayed 2 second(s)

2018-12-12 12:48:08 - [MESSAGE][PASSED] - Delayed 2 second(s)

2018-12-12 12:48:08 - [TEST_STEP][PASSED] - click: Object: 'Object Repository/Final Object Repo/Page_MyASSIST - ASSIST - Search Pending Case For Add Supporting Document/Search Information' is clicked on

2018-12-12 12:48:08 - [MESSAGE][PASSED] - Object: 'Object Repository/Final Object Repo/Page_MyASSIST - ASSIST - Search Pending Case For Add Supporting Document/Search Information' is clicked on

2018-12-12 12:48:08 - [TEST_STEP][PASSED] - delay: Delayed 3 second(s)

2018-12-12 12:48:11 - [MESSAGE][PASSED] - Delayed 3 second(s)

2018-12-12 12:48:11 - [TEST_STEP][PASSED] - sendKeys: Keys 'SSN12201800001191' sent to object: 'Object Repository/Final Object Repo/Page_MyASSIST - ASSIST - Search Pending Case For Add Supporting Document/Reference No'

2018-12-12 12:48:11 - [MESSAGE][PASSED] - Keys 'SSN12201800001191' sent to object: 'Object Repository/Final Object Repo/Page_MyASSIST - ASSIST - Search Pending Case For Add Supporting Document/Reference No'

2018-12-12 12:48:11 - [TEST_STEP][PASSED] - click: Object: 'Object Repository/Final Object Repo/Page_MyASSIST - ASSIST - Search Pending Case For Add Supporting Document/Search Reference No' is clicked on

2018-12-12 12:48:11 - [MESSAGE][PASSED] - Object: 'Object Repository/Final Object Repo/Page_MyASSIST - ASSIST - Search Pending Case For Add Supporting Document/Search Reference No' is clicked on

2018-12-12 12:48:11 - [TEST_STEP][PASSED] - delay: Delayed 2 second(s)

2018-12-12 12:48:13 - [MESSAGE][PASSED] - Delayed 2 second(s)

2018-12-12 12:48:13 - [TEST_STEP][PASSED] - click: Object: 'Object Repository/Final Object Repo/Page_MyASSIST - ASSIST - Search Pending Case For Add Supporting Document/Continue' is clicked on

2018-12-12 12:48:20 - [MESSAGE][PASSED] - Object: 'Object Repository/Final Object Repo/Page_MyASSIST - ASSIST - Search Pending Case For Add Supporting Document/Continue' is clicked on

2018-12-12 12:48:20 - [TEST_STEP][PASSED] - delay: Delayed 20 second(s)

2018-12-12 12:48:40 - [MESSAGE][PASSED] - Delayed 20 second(s)

2018-12-12 12:48:40 - [MESSAGE][PASSED] - Call Test Case 'Test Cases/Final Aug 2018 - PKS Automation/Registration Module/Workflow/Login and Search Case For Workflow' successfully

2018-12-12 12:48:40 - [TEST_STEP][PASSED] - callTestCase: Call Test Case 'Test Cases/Final Aug 2018 - PKS Automation/Registration Module/Workflow/Request SSN/Template/Request SSN - RO (Approve)' successfully

2018-12-12 12:48:41 - [TEST_CASE][PASSED] - Test Cases/Final Aug 2018 - PKS Automation/Registration Module/Workflow/Request SSN/Template/Request SSN - RO (Approve): Test Cases/Final Aug 2018 - PKS Automation/Registration Module/Workflow/Request SSN/Template/Request SSN - RO (Approve)

2018-12-12 12:48:41 - [TEST_STEP][NOT_RUN] - openBrowser: NOT_RUN: openBrowser

2018-12-12 12:48:41 - [MESSAGE][NOT_RUN] - NOT_RUN: openBrowser

2018-12-12 12:48:41 - [TEST_STEP][NOT_RUN] - navigateToUrl: NOT_RUN: navigateToUrl

2018-12-12 12:48:41 - [MESSAGE][NOT_RUN] - NOT_RUN: navigateToUrl

2018-12-12 12:48:41 - [TEST_STEP][NOT_RUN] - setText: NOT_RUN: setText

2018-12-12 12:48:41 - [MESSAGE][NOT_RUN] - NOT_RUN: setText

2018-12-12 12:48:41 - [TEST_STEP][NOT_RUN] - click: NOT_RUN: click

2018-12-12 12:48:41 - [MESSAGE][NOT_RUN] - NOT_RUN: click

2018-12-12 12:48:41 - [TEST_STEP][NOT_RUN] - delay: NOT_RUN: delay

2018-12-12 12:48:41 - [MESSAGE][NOT_RUN] - NOT_RUN: delay

2018-12-12 12:48:41 - [TEST_STEP][NOT_RUN] - setEncryptedText: NOT_RUN: setEncryptedText

2018-12-12 12:48:41 - [MESSAGE][NOT_RUN] - NOT_RUN: setEncryptedText

2018-12-12 12:48:41 - [TEST_STEP][NOT_RUN] - click: NOT_RUN: click

2018-12-12 12:48:41 - [MESSAGE][NOT_RUN] - NOT_RUN: click

2018-12-12 12:48:41 - [TEST_STEP][NOT_RUN] - delay: NOT_RUN: delay

2018-12-12 12:48:41 - [MESSAGE][NOT_RUN] - NOT_RUN: delay

2018-12-12 12:48:41 - [TEST_STEP][NOT_RUN] - click: NOT_RUN: click

2018-12-12 12:48:41 - [MESSAGE][NOT_RUN] - NOT_RUN: click

2018-12-12 12:48:41 - [TEST_STEP][NOT_RUN] - delay: NOT_RUN: delay

2018-12-12 12:48:41 - [MESSAGE][NOT_RUN] - NOT_RUN: delay

2018-12-12 12:48:41 - [TEST_STEP][NOT_RUN] - sendKeys: NOT_RUN: sendKeys

2018-12-12 12:48:41 - [MESSAGE][NOT_RUN] - NOT_RUN: sendKeys

2018-12-12 12:48:41 - [TEST_STEP][NOT_RUN] - click: NOT_RUN: click

2018-12-12 12:48:41 - [MESSAGE][NOT_RUN] - NOT_RUN: click

2018-12-12 12:48:41 - [TEST_STEP][NOT_RUN] - delay: NOT_RUN: delay

2018-12-12 12:48:41 - [MESSAGE][NOT_RUN] - NOT_RUN: delay

2018-12-12 12:48:41 - [TEST_STEP][NOT_RUN] - click: NOT_RUN: click

2018-12-12 12:48:41 - [MESSAGE][NOT_RUN] - NOT_RUN: click

2018-12-12 12:48:41 - [TEST_STEP][PASSED] - click: Object: 'Object Repository/Final Object Repo/Page_Request SSN - ASSIST/Page_Request SSN - ASSIST - RO/Approval For SSN' is clicked on

2018-12-12 12:48:41 - [MESSAGE][PASSED] - Object: 'Object Repository/Final Object Repo/Page_Request SSN - ASSIST/Page_Request SSN - ASSIST - RO/Approval For SSN' is clicked on

2018-12-12 12:48:41 - [TEST_STEP][PASSED] - click: Object: 'Object Repository/Final Object Repo/Page_Request SSN - ASSIST/Page_Request SSN - ASSIST - RO/Approval For SSN - Approve' is clicked on

2018-12-12 12:48:41 - [MESSAGE][PASSED] - Object: 'Object Repository/Final Object Repo/Page_Request SSN - ASSIST/Page_Request SSN - ASSIST - RO/Approval For SSN - Approve' is clicked on

2018-12-12 12:48:41 - [TEST_STEP][PASSED] - delay: Delayed 2 second(s)

2018-12-12 12:48:43 - [MESSAGE][PASSED] - Delayed 2 second(s)

2018-12-12 12:48:43 - [TEST_STEP][PASSED] - click: Object: 'Object Repository/Final Object Repo/Page_Request SSN - ASSIST/Page_Request SSN - ASSIST - RO/Save  Continue in SSN Page' is clicked on

2018-12-12 12:48:43 - [MESSAGE][PASSED] - Object: 'Object Repository/Final Object Repo/Page_Request SSN - ASSIST/Page_Request SSN - ASSIST - RO/Save  Continue in SSN Page' is clicked on

2018-12-12 12:48:43 - [TEST_STEP][PASSED] - delay: Delayed 2 second(s)

2018-12-12 12:48:45 - [MESSAGE][PASSED] - Delayed 2 second(s)

2018-12-12 12:48:45 - [TEST_STEP][PASSED] - click: Object: 'Object Repository/Final Object Repo/Page_Request SSN - ASSIST/Page_Request SSN - ASSIST - RO/Save  Continue in Uploading Document Page' is clicked on

2018-12-12 12:48:48 - [MESSAGE][PASSED] - Object: 'Object Repository/Final Object Repo/Page_Request SSN - ASSIST/Page_Request SSN - ASSIST - RO/Save  Continue in Uploading Document Page' is clicked on

2018-12-12 12:48:48 - [TEST_STEP][PASSED] - delay: Delayed 2 second(s)

2018-12-12 12:48:50 - [MESSAGE][PASSED] - Delayed 2 second(s)

2018-12-12 12:48:50 - [TEST_STEP][PASSED] - click: Object: 'Object Repository/Final Object Repo/Page_Request SSN - ASSIST/Page_Request SSN - ASSIST - RO/Submit' is clicked on

2018-12-12 12:48:52 - [MESSAGE][PASSED] - Object: 'Object Repository/Final Object Repo/Page_Request SSN - ASSIST/Page_Request SSN - ASSIST - RO/Submit' is clicked on

2018-12-12 12:48:52 - [TEST_STEP][PASSED] - delay: Delayed 2 second(s)

2018-12-12 12:48:54 - [MESSAGE][PASSED] - Delayed 2 second(s)

2018-12-12 12:48:54 - [TEST_STEP][PASSED] - click: Object: 'Object Repository/Final Object Repo/Page_Request SSN - ASSIST/Page_Request SSN - ASSIST - RO/Confirm' is clicked on

2018-12-12 12:48:54 - [MESSAGE][PASSED] - Object: 'Object Repository/Final Object Repo/Page_Request SSN - ASSIST/Page_Request SSN - ASSIST - RO/Confirm' is clicked on

2018-12-12 12:48:54 - [TEST_STEP][PASSED] - delay: Delayed 2 second(s)

2018-12-12 12:48:56 - [MESSAGE][PASSED] - Delayed 2 second(s)

2018-12-12 12:48:56 - [TEST_STEP][PASSED] - verifyElementVisible: Object 'Object Repository/Final Object Repo/Page_Request SSN - ASSIST/Page_Request SSN - ASSIST - RO/Successfull Message Your application has submitted' is visible

2018-12-12 12:49:03 - [MESSAGE][PASSED] - Object 'Object Repository/Final Object Repo/Page_Request SSN - ASSIST/Page_Request SSN - ASSIST - RO/Successfull Message Your application has submitted' is visible

2018-12-12 12:49:03 - [TEST_STEP][PASSED] - delay: Delayed 2 second(s)

2018-12-12 12:49:05 - [MESSAGE][PASSED] - Delayed 2 second(s)

2018-12-12 12:49:05 - [TEST_STEP][PASSED] - verifyElementVisible: Object 'Object Repository/Final Object Repo/Page_Request SSN - ASSIST/Page_Request SSN - ASSIST - RO/Letter of approval' is visible

2018-12-12 12:49:05 - [MESSAGE][PASSED] - Object 'Object Repository/Final Object Repo/Page_Request SSN - ASSIST/Page_Request SSN - ASSIST - RO/Letter of approval' is visible

2018-12-12 12:49:05 - [MESSAGE][PASSED] - Call Test Case 'Test Cases/Final Aug 2018 - PKS Automation/Registration Module/Workflow/Request SSN/Template/Request SSN - RO (Approve)' successfully

2018-12-12 12:49:05 - [MESSAGE][PASSED] - Call Test Case 'Test Cases/Final Aug 2018 - PKS Automation/Registration Module/Workflow/Request SSN/Template/Request SSN RIO - RO (Approve and Using Current Employer Code)' successfully]]></system-out>
         <system-err><![CDATA[]]></system-err>
      </testcase>
      <testcase name="Test Cases/Final Aug 2018 - PKS Automation/Registration Module/Workflow/Request SSN/PKRBO - RIO - RO (Query)" classname="Test Cases/Final Aug 2018 - PKS Automation/Registration Module/Workflow/Request SSN/PKRBO - RIO - RO (Query)" status="PASSED">
         <system-out><![CDATA[2018-12-12 12:49:05 - [TEST_CASE][PASSED] - Test Cases/Final Aug 2018 - PKS Automation/Registration Module/Workflow/Request SSN/PKRBO - RIO - RO (Query): Test Cases/Final Aug 2018 - PKS Automation/Registration Module/Workflow/Request SSN/PKRBO - RIO - RO (Query)

2018-12-12 12:49:05 - [TEST_STEP][PASSED] - callTestCase: Call Test Case 'Test Cases/Final Aug 2018 - PKS Automation/Registration Module/Workflow/Request SSN/Template/Request SSN - PKRBO' successfully

2018-12-12 12:49:05 - [TEST_CASE][PASSED] - Test Cases/Final Aug 2018 - PKS Automation/Registration Module/Workflow/Request SSN/Template/Request SSN - PKRBO: Test Cases/Final Aug 2018 - PKS Automation/Registration Module/Workflow/Request SSN/Template/Request SSN - PKRBO

2018-12-12 12:49:05 - [TEST_STEP][PASSED] - openBrowser: Browser is opened with url: ''

2018-12-12 12:49:05 - [MESSAGE][WARNING] - A browser is already opened. Closing browser and opening a new one

2018-12-12 12:49:10 - [MESSAGE][PASSED] - Browser is opened with url: ''

2018-12-12 12:49:10 - [TEST_STEP][PASSED] - navigateToUrl: Navigate to 'https://assist2-uat.perkeso.gov.my/login' successfully

2018-12-12 12:49:11 - [MESSAGE][PASSED] - Navigate to 'https://assist2-uat.perkeso.gov.my/login' successfully

2018-12-12 12:49:11 - [TEST_STEP][PASSED] - setText: Text 'johorpkrbo1@gmail.com' is set on object 'Object Repository/Final Object Repo/Login Page/Internal User/Email Address'

2018-12-12 12:49:11 - [MESSAGE][PASSED] - Text 'johorpkrbo1@gmail.com' is set on object 'Object Repository/Final Object Repo/Login Page/Internal User/Email Address'

2018-12-12 12:49:11 - [TEST_STEP][PASSED] - click: Object: 'Object Repository/Final Object Repo/Login Page/Internal User/Next Button' is clicked on

2018-12-12 12:49:11 - [MESSAGE][PASSED] - Object: 'Object Repository/Final Object Repo/Login Page/Internal User/Next Button' is clicked on

2018-12-12 12:49:11 - [TEST_STEP][PASSED] - delay: Delayed 1 second(s)

2018-12-12 12:49:12 - [MESSAGE][PASSED] - Delayed 1 second(s)

2018-12-12 12:49:12 - [TEST_STEP][PASSED] - setEncryptedText: Text ****** has been set on object 'Object Repository/Final Object Repo/Login Page/Internal User/Password'

2018-12-12 12:49:13 - [MESSAGE][PASSED] - Text ****** has been set on object 'Object Repository/Final Object Repo/Login Page/Internal User/Password'

2018-12-12 12:49:13 - [TEST_STEP][PASSED] - click: Object: 'Object Repository/Final Object Repo/Login Page/Internal User/Login Button' is clicked on

2018-12-12 12:49:13 - [MESSAGE][PASSED] - Object: 'Object Repository/Final Object Repo/Login Page/Internal User/Login Button' is clicked on

2018-12-12 12:49:13 - [TEST_STEP][PASSED] - Statement - Try: null

2018-12-12 12:49:13 - [TEST_STEP][PASSED] - Statement - Checker = com.kms.katalon.core.webui.keyword.WebUiBuiltInKeywords.verifyElementNotPresent("Final Object Repo/Landing Page/Select to English", 3): null

2018-12-12 12:49:13 - [TEST_STEP][PASSED] - Statement - Catch (Exception e): null

2018-12-12 12:49:13 - [TEST_STEP][PASSED] - Statement - e.printStackTrace(): null

2018-12-12 12:49:13 - [TEST_STEP][PASSED] - delay: Delayed 5 second(s)

2018-12-12 12:49:18 - [MESSAGE][PASSED] - Delayed 5 second(s)

2018-12-12 12:49:18 - [TEST_STEP][PASSED] - delay: Delayed 1 second(s)

2018-12-12 12:49:19 - [MESSAGE][PASSED] - Delayed 1 second(s)

2018-12-12 12:49:19 - [TEST_STEP][PASSED] - navigateToUrl: Navigate to 'https://assist2-uat.perkeso.gov.my/web/registration/request-ssn' successfully

2018-12-12 12:49:23 - [MESSAGE][PASSED] - Navigate to 'https://assist2-uat.perkeso.gov.my/web/registration/request-ssn' successfully

2018-12-12 12:49:23 - [TEST_STEP][PASSED] - setText: Text 'perkeso' is set on object 'Object Repository/Final Object Repo/Page_Request SSN - ASSIST/AI - Name'

2018-12-12 12:49:23 - [MESSAGE][PASSED] - Text 'perkeso' is set on object 'Object Repository/Final Object Repo/Page_Request SSN - ASSIST/AI - Name'

2018-12-12 12:49:24 - [TEST_STEP][PASSED] - click: Object: 'Object Repository/Final Object Repo/Page_Request SSN - ASSIST/AI - DOB' is clicked on

2018-12-12 12:49:24 - [MESSAGE][PASSED] - Object: 'Object Repository/Final Object Repo/Page_Request SSN - ASSIST/AI - DOB' is clicked on

2018-12-12 12:49:24 - [TEST_STEP][PASSED] - selectOptionByValue: All options with value '1995' are selected in object 'Object Repository/Final Object Repo/Page_Request SSN - ASSIST/AI - DOB - Year' 

2018-12-12 12:49:24 - [MESSAGE][PASSED] - All options with value '1995' are selected in object 'Object Repository/Final Object Repo/Page_Request SSN - ASSIST/AI - DOB - Year' 

2018-12-12 12:49:24 - [TEST_STEP][PASSED] - delay: Delayed 3 second(s)

2018-12-12 12:49:27 - [MESSAGE][PASSED] - Delayed 3 second(s)

2018-12-12 12:49:27 - [TEST_STEP][PASSED] - doubleClick: Object: 'Object Repository/Final Object Repo/Page_Request SSN - ASSIST/AI - DOB - Year - Date' is double clicked on

2018-12-12 12:49:27 - [MESSAGE][PASSED] - Object: 'Object Repository/Final Object Repo/Page_Request SSN - ASSIST/AI - DOB - Year - Date' is double clicked on

2018-12-12 12:49:27 - [TEST_STEP][PASSED] - click: Object: 'Object Repository/Final Object Repo/Page_Request SSN - ASSIST/AI - Male' is clicked on

2018-12-12 12:49:28 - [MESSAGE][PASSED] - Object: 'Object Repository/Final Object Repo/Page_Request SSN - ASSIST/AI - Male' is clicked on

2018-12-12 12:49:28 - [TEST_STEP][PASSED] - click: Object: 'Object Repository/Final Object Repo/Page_Request SSN - ASSIST/AI- Race' is clicked on

2018-12-12 12:49:28 - [MESSAGE][PASSED] - Object: 'Object Repository/Final Object Repo/Page_Request SSN - ASSIST/AI- Race' is clicked on

2018-12-12 12:49:28 - [TEST_STEP][PASSED] - click: Object: 'Object Repository/Final Object Repo/Page_Request SSN - ASSIST/AI - Race - Melayu' is clicked on

2018-12-12 12:49:28 - [MESSAGE][PASSED] - Object: 'Object Repository/Final Object Repo/Page_Request SSN - ASSIST/AI - Race - Melayu' is clicked on

2018-12-12 12:49:28 - [TEST_STEP][PASSED] - click: Object: 'Object Repository/Final Object Repo/Page_Request SSN - ASSIST/AI - Religion' is clicked on

2018-12-12 12:49:28 - [MESSAGE][PASSED] - Object: 'Object Repository/Final Object Repo/Page_Request SSN - ASSIST/AI - Religion' is clicked on

2018-12-12 12:49:28 - [TEST_STEP][PASSED] - click: Object: 'Object Repository/Final Object Repo/Page_Request SSN - ASSIST/AI - Religion - Islam' is clicked on

2018-12-12 12:49:29 - [MESSAGE][PASSED] - Object: 'Object Repository/Final Object Repo/Page_Request SSN - ASSIST/AI - Religion - Islam' is clicked on

2018-12-12 12:49:29 - [TEST_STEP][PASSED] - setText: Text '12345' is set on object 'Object Repository/Final Object Repo/Page_Request SSN - ASSIST/AI - Birth Certificate'

2018-12-12 12:49:29 - [MESSAGE][PASSED] - Text '12345' is set on object 'Object Repository/Final Object Repo/Page_Request SSN - ASSIST/AI - Birth Certificate'

2018-12-12 12:49:29 - [TEST_STEP][PASSED] - click: Object: 'Object Repository/Final Object Repo/Page_Request SSN - ASSIST/AI - Nationality' is clicked on

2018-12-12 12:49:29 - [MESSAGE][PASSED] - Object: 'Object Repository/Final Object Repo/Page_Request SSN - ASSIST/AI - Nationality' is clicked on

2018-12-12 12:49:29 - [TEST_STEP][PASSED] - click: Object: 'Object Repository/Final Object Repo/Page_Request SSN - ASSIST/AI - Nationality - Afghanistan' is clicked on

2018-12-12 12:49:30 - [MESSAGE][PASSED] - Object: 'Object Repository/Final Object Repo/Page_Request SSN - ASSIST/AI - Nationality - Afghanistan' is clicked on

2018-12-12 12:49:30 - [TEST_STEP][PASSED] - setText: Text 'PERKESO ADDRESS1' is set on object 'Object Repository/Final Object Repo/Page_Request SSN - ASSIST/AI - Address1'

2018-12-12 12:49:31 - [MESSAGE][PASSED] - Text 'PERKESO ADDRESS1' is set on object 'Object Repository/Final Object Repo/Page_Request SSN - ASSIST/AI - Address1'

2018-12-12 12:49:31 - [TEST_STEP][PASSED] - setText: Text 'PERKESO ADDRESS2' is set on object 'Object Repository/Final Object Repo/Page_Request SSN - ASSIST/AI - Address2'

2018-12-12 12:49:32 - [MESSAGE][PASSED] - Text 'PERKESO ADDRESS2' is set on object 'Object Repository/Final Object Repo/Page_Request SSN - ASSIST/AI - Address2'

2018-12-12 12:49:32 - [TEST_STEP][PASSED] - setText: Text 'PERKESO ADDRESS3' is set on object 'Object Repository/Final Object Repo/Page_Request SSN - ASSIST/AI - Address3'

2018-12-12 12:49:33 - [MESSAGE][PASSED] - Text 'PERKESO ADDRESS3' is set on object 'Object Repository/Final Object Repo/Page_Request SSN - ASSIST/AI - Address3'

2018-12-12 12:49:33 - [TEST_STEP][PASSED] - click: Object: 'Object Repository/Final Object Repo/Page_Request SSN - ASSIST/AI - State' is clicked on

2018-12-12 12:49:34 - [MESSAGE][PASSED] - Object: 'Object Repository/Final Object Repo/Page_Request SSN - ASSIST/AI - State' is clicked on

2018-12-12 12:49:34 - [TEST_STEP][PASSED] - click: Object: 'Object Repository/Final Object Repo/Page_Request SSN - ASSIST/AI - Current Employer State - Johor' is clicked on

2018-12-12 12:49:34 - [MESSAGE][PASSED] - Object: 'Object Repository/Final Object Repo/Page_Request SSN - ASSIST/AI - Current Employer State - Johor' is clicked on

2018-12-12 12:49:34 - [TEST_STEP][PASSED] - click: Object: 'Object Repository/Final Object Repo/Page_Request SSN - ASSIST/AI - City' is clicked on

2018-12-12 12:49:34 - [MESSAGE][PASSED] - Object: 'Object Repository/Final Object Repo/Page_Request SSN - ASSIST/AI - City' is clicked on

2018-12-12 12:49:34 - [TEST_STEP][PASSED] - setText: Text 'JOH' is set on object 'Object Repository/Final Object Repo/Page_Request SSN - ASSIST/AI - City - JOH'

2018-12-12 12:49:35 - [MESSAGE][PASSED] - Text 'JOH' is set on object 'Object Repository/Final Object Repo/Page_Request SSN - ASSIST/AI - City - JOH'

2018-12-12 12:49:35 - [TEST_STEP][PASSED] - delay: Delayed 3 second(s)

2018-12-12 12:49:38 - [MESSAGE][PASSED] - Delayed 3 second(s)

2018-12-12 12:49:38 - [TEST_STEP][PASSED] - click: Object: 'Object Repository/Final Object Repo/Page_Request SSN - ASSIST/AI - City - Johor Bharu' is clicked on

2018-12-12 12:49:38 - [MESSAGE][PASSED] - Object: 'Object Repository/Final Object Repo/Page_Request SSN - ASSIST/AI - City - Johor Bharu' is clicked on

2018-12-12 12:49:38 - [TEST_STEP][PASSED] - click: Object: 'Object Repository/Final Object Repo/Page_Request SSN - ASSIST/AI - Post Code' is clicked on

2018-12-12 12:49:39 - [MESSAGE][PASSED] - Object: 'Object Repository/Final Object Repo/Page_Request SSN - ASSIST/AI - Post Code' is clicked on

2018-12-12 12:49:39 - [TEST_STEP][PASSED] - setText: Text '810' is set on object 'Object Repository/Final Object Repo/Page_Request SSN - ASSIST/AI - City - JOH'

2018-12-12 12:49:39 - [MESSAGE][PASSED] - Text '810' is set on object 'Object Repository/Final Object Repo/Page_Request SSN - ASSIST/AI - City - JOH'

2018-12-12 12:49:39 - [TEST_STEP][PASSED] - delay: Delayed 3 second(s)

2018-12-12 12:49:42 - [MESSAGE][PASSED] - Delayed 3 second(s)

2018-12-12 12:49:42 - [TEST_STEP][PASSED] - click: Object: 'Object Repository/Final Object Repo/Page_Request SSN - ASSIST/AI - PostCode - 81000' is clicked on

2018-12-12 12:49:42 - [MESSAGE][PASSED] - Object: 'Object Repository/Final Object Repo/Page_Request SSN - ASSIST/AI - PostCode - 81000' is clicked on

2018-12-12 12:49:42 - [TEST_STEP][PASSED] - setText: Text '100' is set on object 'Object Repository/Final Object Repo/Page_Request SSN - ASSIST/P.O.BOX'

2018-12-12 12:49:43 - [MESSAGE][PASSED] - Text '100' is set on object 'Object Repository/Final Object Repo/Page_Request SSN - ASSIST/P.O.BOX'

2018-12-12 12:49:43 - [TEST_STEP][PASSED] - setText: Text '100' is set on object 'Object Repository/Final Object Repo/Page_Request SSN - ASSIST/Locked Bag No'

2018-12-12 12:49:43 - [MESSAGE][PASSED] - Text '100' is set on object 'Object Repository/Final Object Repo/Page_Request SSN - ASSIST/Locked Bag No'

2018-12-12 12:49:43 - [TEST_STEP][PASSED] - delay: Delayed 2 second(s)

2018-12-12 12:49:45 - [MESSAGE][PASSED] - Delayed 2 second(s)

2018-12-12 12:49:45 - [TEST_STEP][PASSED] - setText: Text '123456789' is set on object 'Object Repository/Final Object Repo/Page_Request SSN - ASSIST/AI - Telephone No'

2018-12-12 12:49:46 - [MESSAGE][PASSED] - Text '123456789' is set on object 'Object Repository/Final Object Repo/Page_Request SSN - ASSIST/AI - Telephone No'

2018-12-12 12:49:46 - [TEST_STEP][PASSED] - click: Object: 'Object Repository/Final Object Repo/Page_Request SSN - ASSIST/AI - Occupation' is clicked on

2018-12-12 12:49:46 - [MESSAGE][PASSED] - Object: 'Object Repository/Final Object Repo/Page_Request SSN - ASSIST/AI - Occupation' is clicked on

2018-12-12 12:49:46 - [TEST_STEP][PASSED] - click: Object: 'Object Repository/Final Object Repo/Page_Request SSN - ASSIST/AI - Occupation - NUMERICAL AND MATERIAL R' is clicked on

2018-12-12 12:49:47 - [MESSAGE][PASSED] - Object: 'Object Repository/Final Object Repo/Page_Request SSN - ASSIST/AI - Occupation - NUMERICAL AND MATERIAL R' is clicked on

2018-12-12 12:49:47 - [TEST_STEP][PASSED] - delay: Delayed 2 second(s)

2018-12-12 12:49:49 - [MESSAGE][PASSED] - Delayed 2 second(s)

2018-12-12 12:49:49 - [TEST_STEP][PASSED] - click: Object: 'Object Repository/Final Object Repo/Page_Request SSN - ASSIST/AI - Sub Occupation' is clicked on

2018-12-12 12:49:49 - [MESSAGE][PASSED] - Object: 'Object Repository/Final Object Repo/Page_Request SSN - ASSIST/AI - Sub Occupation' is clicked on

2018-12-12 12:49:49 - [TEST_STEP][PASSED] - click: Object: 'Object Repository/Final Object Repo/Page_Request SSN - ASSIST/AI - Sub Occupation - Stock Clerks' is clicked on

2018-12-12 12:49:49 - [MESSAGE][PASSED] - Object: 'Object Repository/Final Object Repo/Page_Request SSN - ASSIST/AI - Sub Occupation - Stock Clerks' is clicked on

2018-12-12 12:49:49 - [TEST_STEP][PASSED] - delay: Delayed 2 second(s)

2018-12-12 12:49:51 - [MESSAGE][PASSED] - Delayed 2 second(s)

2018-12-12 12:49:51 - [TEST_STEP][PASSED] - click: Object: 'Object Repository/Final Object Repo/Page_Request SSN - ASSIST/AI - Sub Occupation List' is clicked on

2018-12-12 12:49:51 - [MESSAGE][PASSED] - Object: 'Object Repository/Final Object Repo/Page_Request SSN - ASSIST/AI - Sub Occupation List' is clicked on

2018-12-12 12:49:51 - [TEST_STEP][PASSED] - click: Object: 'Object Repository/Final Object Repo/Page_Request SSN - ASSIST/AI - Sub Occupation List - Clerk raw material' is clicked on

2018-12-12 12:49:52 - [MESSAGE][PASSED] - Object: 'Object Repository/Final Object Repo/Page_Request SSN - ASSIST/AI - Sub Occupation List - Clerk raw material' is clicked on

2018-12-12 12:49:52 - [TEST_STEP][PASSED] - click: Object: 'Object Repository/Final Object Repo/Page_Request SSN - ASSIST/AI - Employment Start Date' is clicked on

2018-12-12 12:49:52 - [MESSAGE][PASSED] - Object: 'Object Repository/Final Object Repo/Page_Request SSN - ASSIST/AI - Employment Start Date' is clicked on

2018-12-12 12:49:52 - [TEST_STEP][PASSED] - click: Object: 'Object Repository/Final Object Repo/Page_Request SSN - ASSIST/AI - DOB - Year - Date' is clicked on

2018-12-12 12:49:52 - [MESSAGE][PASSED] - Object: 'Object Repository/Final Object Repo/Page_Request SSN - ASSIST/AI - DOB - Year - Date' is clicked on

2018-12-12 12:49:52 - [TEST_STEP][PASSED] - setText: Text 'perkeso' is set on object 'Object Repository/Final Object Repo/Page_Request SSN - ASSIST/AI - Current Employer Name'

2018-12-12 12:49:53 - [MESSAGE][PASSED] - Text 'perkeso' is set on object 'Object Repository/Final Object Repo/Page_Request SSN - ASSIST/AI - Current Employer Name'

2018-12-12 12:49:53 - [TEST_STEP][PASSED] - setText: Text 'perkeso1' is set on object 'Object Repository/Final Object Repo/Page_Request SSN - ASSIST/AI - Current Employer Address1'

2018-12-12 12:49:54 - [MESSAGE][PASSED] - Text 'perkeso1' is set on object 'Object Repository/Final Object Repo/Page_Request SSN - ASSIST/AI - Current Employer Address1'

2018-12-12 12:49:54 - [TEST_STEP][PASSED] - setText: Text 'perkeso2' is set on object 'Object Repository/Final Object Repo/Page_Request SSN - ASSIST/AI - Current Employer Address2'

2018-12-12 12:49:55 - [MESSAGE][PASSED] - Text 'perkeso2' is set on object 'Object Repository/Final Object Repo/Page_Request SSN - ASSIST/AI - Current Employer Address2'

2018-12-12 12:49:55 - [TEST_STEP][PASSED] - setText: Text 'perkeso3' is set on object 'Object Repository/Final Object Repo/Page_Request SSN - ASSIST/AI - Current Employer Address3'

2018-12-12 12:49:55 - [MESSAGE][PASSED] - Text 'perkeso3' is set on object 'Object Repository/Final Object Repo/Page_Request SSN - ASSIST/AI - Current Employer Address3'

2018-12-12 12:49:55 - [TEST_STEP][PASSED] - click: Object: 'Object Repository/Final Object Repo/Page_Request SSN - ASSIST/AI - Current Employer State' is clicked on

2018-12-12 12:49:56 - [MESSAGE][PASSED] - Object: 'Object Repository/Final Object Repo/Page_Request SSN - ASSIST/AI - Current Employer State' is clicked on

2018-12-12 12:49:56 - [TEST_STEP][PASSED] - click: Object: 'Object Repository/Final Object Repo/Page_Request SSN - ASSIST/AI - Current Employer State - Johor 1' is clicked on

2018-12-12 12:49:56 - [MESSAGE][PASSED] - Object: 'Object Repository/Final Object Repo/Page_Request SSN - ASSIST/AI - Current Employer State - Johor 1' is clicked on

2018-12-12 12:49:56 - [TEST_STEP][PASSED] - click: Object: 'Object Repository/Final Object Repo/Page_Request SSN - ASSIST/AI - Current Employer City' is clicked on

2018-12-12 12:49:56 - [MESSAGE][PASSED] - Object: 'Object Repository/Final Object Repo/Page_Request SSN - ASSIST/AI - Current Employer City' is clicked on

2018-12-12 12:49:56 - [TEST_STEP][PASSED] - setText: Text 'joh' is set on object 'Object Repository/Final Object Repo/Page_Request SSN - ASSIST/AI - City - JOH'

2018-12-12 12:49:57 - [MESSAGE][PASSED] - Text 'joh' is set on object 'Object Repository/Final Object Repo/Page_Request SSN - ASSIST/AI - City - JOH'

2018-12-12 12:49:57 - [TEST_STEP][PASSED] - delay: Delayed 2 second(s)

2018-12-12 12:49:59 - [MESSAGE][PASSED] - Delayed 2 second(s)

2018-12-12 12:49:59 - [TEST_STEP][PASSED] - click: Object: 'Object Repository/Final Object Repo/Page_Request SSN - ASSIST/AI - City - Johor Bharu' is clicked on

2018-12-12 12:49:59 - [MESSAGE][PASSED] - Object: 'Object Repository/Final Object Repo/Page_Request SSN - ASSIST/AI - City - Johor Bharu' is clicked on

2018-12-12 12:49:59 - [TEST_STEP][PASSED] - click: Object: 'Object Repository/Final Object Repo/Page_Request SSN - ASSIST/AI - Current Employer Postcode' is clicked on

2018-12-12 12:49:59 - [MESSAGE][PASSED] - Object: 'Object Repository/Final Object Repo/Page_Request SSN - ASSIST/AI - Current Employer Postcode' is clicked on

2018-12-12 12:49:59 - [TEST_STEP][PASSED] - setText: Text '810' is set on object 'Object Repository/Final Object Repo/Page_Request SSN - ASSIST/AI - City - JOH'

2018-12-12 12:50:00 - [MESSAGE][PASSED] - Text '810' is set on object 'Object Repository/Final Object Repo/Page_Request SSN - ASSIST/AI - City - JOH'

2018-12-12 12:50:00 - [TEST_STEP][PASSED] - delay: Delayed 2 second(s)

2018-12-12 12:50:02 - [MESSAGE][PASSED] - Delayed 2 second(s)

2018-12-12 12:50:02 - [TEST_STEP][PASSED] - click: Object: 'Object Repository/Final Object Repo/Page_Request SSN - ASSIST/AI - PostCode - 81000' is clicked on

2018-12-12 12:50:02 - [MESSAGE][PASSED] - Object: 'Object Repository/Final Object Repo/Page_Request SSN - ASSIST/AI - PostCode - 81000' is clicked on

2018-12-12 12:50:02 - [TEST_STEP][NOT_RUN] - setText: NOT_RUN: setText

2018-12-12 12:50:02 - [MESSAGE][NOT_RUN] - NOT_RUN: setText

2018-12-12 12:50:02 - [TEST_STEP][NOT_RUN] - setText: NOT_RUN: setText

2018-12-12 12:50:02 - [MESSAGE][NOT_RUN] - NOT_RUN: setText

2018-12-12 12:50:02 - [TEST_STEP][NOT_RUN] - click: NOT_RUN: click

2018-12-12 12:50:02 - [MESSAGE][NOT_RUN] - NOT_RUN: click

2018-12-12 12:50:02 - [TEST_STEP][NOT_RUN] - click: NOT_RUN: click

2018-12-12 12:50:02 - [MESSAGE][NOT_RUN] - NOT_RUN: click

2018-12-12 12:50:02 - [TEST_STEP][NOT_RUN] - setText: NOT_RUN: setText

2018-12-12 12:50:02 - [MESSAGE][NOT_RUN] - NOT_RUN: setText

2018-12-12 12:50:02 - [TEST_STEP][NOT_RUN] - click: NOT_RUN: click

2018-12-12 12:50:02 - [MESSAGE][NOT_RUN] - NOT_RUN: click

2018-12-12 12:50:02 - [TEST_STEP][NOT_RUN] - click: NOT_RUN: click

2018-12-12 12:50:02 - [MESSAGE][NOT_RUN] - NOT_RUN: click

2018-12-12 12:50:02 - [TEST_STEP][NOT_RUN] - click: NOT_RUN: click

2018-12-12 12:50:02 - [MESSAGE][NOT_RUN] - NOT_RUN: click

2018-12-12 12:50:02 - [TEST_STEP][NOT_RUN] - click: NOT_RUN: click

2018-12-12 12:50:02 - [MESSAGE][NOT_RUN] - NOT_RUN: click

2018-12-12 12:50:02 - [TEST_STEP][NOT_RUN] - click: NOT_RUN: click

2018-12-12 12:50:02 - [MESSAGE][NOT_RUN] - NOT_RUN: click

2018-12-12 12:50:02 - [TEST_STEP][NOT_RUN] - click: NOT_RUN: click

2018-12-12 12:50:02 - [MESSAGE][NOT_RUN] - NOT_RUN: click

2018-12-12 12:50:02 - [TEST_STEP][NOT_RUN] - setText: NOT_RUN: setText

2018-12-12 12:50:02 - [MESSAGE][NOT_RUN] - NOT_RUN: setText

2018-12-12 12:50:02 - [TEST_STEP][NOT_RUN] - setText: NOT_RUN: setText

2018-12-12 12:50:02 - [MESSAGE][NOT_RUN] - NOT_RUN: setText

2018-12-12 12:50:02 - [TEST_STEP][NOT_RUN] - setText: NOT_RUN: setText

2018-12-12 12:50:02 - [MESSAGE][NOT_RUN] - NOT_RUN: setText

2018-12-12 12:50:02 - [TEST_STEP][NOT_RUN] - click: NOT_RUN: click

2018-12-12 12:50:02 - [MESSAGE][NOT_RUN] - NOT_RUN: click

2018-12-12 12:50:02 - [TEST_STEP][NOT_RUN] - click: NOT_RUN: click

2018-12-12 12:50:02 - [MESSAGE][NOT_RUN] - NOT_RUN: click

2018-12-12 12:50:02 - [TEST_STEP][NOT_RUN] - click: NOT_RUN: click

2018-12-12 12:50:02 - [MESSAGE][NOT_RUN] - NOT_RUN: click

2018-12-12 12:50:02 - [TEST_STEP][NOT_RUN] - setText: NOT_RUN: setText

2018-12-12 12:50:02 - [MESSAGE][NOT_RUN] - NOT_RUN: setText

2018-12-12 12:50:02 - [TEST_STEP][NOT_RUN] - delay: NOT_RUN: delay

2018-12-12 12:50:02 - [MESSAGE][NOT_RUN] - NOT_RUN: delay

2018-12-12 12:50:02 - [TEST_STEP][NOT_RUN] - click: NOT_RUN: click

2018-12-12 12:50:02 - [MESSAGE][NOT_RUN] - NOT_RUN: click

2018-12-12 12:50:02 - [TEST_STEP][NOT_RUN] - click: NOT_RUN: click

2018-12-12 12:50:02 - [MESSAGE][NOT_RUN] - NOT_RUN: click

2018-12-12 12:50:02 - [TEST_STEP][NOT_RUN] - click: NOT_RUN: click

2018-12-12 12:50:02 - [MESSAGE][NOT_RUN] - NOT_RUN: click

2018-12-12 12:50:02 - [TEST_STEP][NOT_RUN] - setText: NOT_RUN: setText

2018-12-12 12:50:02 - [MESSAGE][NOT_RUN] - NOT_RUN: setText

2018-12-12 12:50:02 - [TEST_STEP][NOT_RUN] - delay: NOT_RUN: delay

2018-12-12 12:50:02 - [MESSAGE][NOT_RUN] - NOT_RUN: delay

2018-12-12 12:50:02 - [TEST_STEP][NOT_RUN] - click: NOT_RUN: click

2018-12-12 12:50:02 - [MESSAGE][NOT_RUN] - NOT_RUN: click

2018-12-12 12:50:02 - [TEST_STEP][NOT_RUN] - delay: NOT_RUN: delay

2018-12-12 12:50:02 - [MESSAGE][NOT_RUN] - NOT_RUN: delay

2018-12-12 12:50:02 - [TEST_STEP][NOT_RUN] - setText: NOT_RUN: setText

2018-12-12 12:50:02 - [MESSAGE][NOT_RUN] - NOT_RUN: setText

2018-12-12 12:50:02 - [TEST_STEP][NOT_RUN] - setText: NOT_RUN: setText

2018-12-12 12:50:02 - [MESSAGE][NOT_RUN] - NOT_RUN: setText

2018-12-12 12:50:02 - [TEST_STEP][NOT_RUN] - setText: NOT_RUN: setText

2018-12-12 12:50:02 - [MESSAGE][NOT_RUN] - NOT_RUN: setText

2018-12-12 12:50:02 - [TEST_STEP][NOT_RUN] - click: NOT_RUN: click

2018-12-12 12:50:02 - [MESSAGE][NOT_RUN] - NOT_RUN: click

2018-12-12 12:50:02 - [TEST_STEP][NOT_RUN] - click: NOT_RUN: click

2018-12-12 12:50:02 - [MESSAGE][NOT_RUN] - NOT_RUN: click

2018-12-12 12:50:02 - [TEST_STEP][NOT_RUN] - setText: NOT_RUN: setText

2018-12-12 12:50:02 - [MESSAGE][NOT_RUN] - NOT_RUN: setText

2018-12-12 12:50:02 - [TEST_STEP][NOT_RUN] - click: NOT_RUN: click

2018-12-12 12:50:02 - [MESSAGE][NOT_RUN] - NOT_RUN: click

2018-12-12 12:50:02 - [TEST_STEP][NOT_RUN] - click: NOT_RUN: click

2018-12-12 12:50:02 - [MESSAGE][NOT_RUN] - NOT_RUN: click

2018-12-12 12:50:02 - [TEST_STEP][NOT_RUN] - click: NOT_RUN: click

2018-12-12 12:50:02 - [MESSAGE][NOT_RUN] - NOT_RUN: click

2018-12-12 12:50:02 - [TEST_STEP][NOT_RUN] - click: NOT_RUN: click

2018-12-12 12:50:02 - [MESSAGE][NOT_RUN] - NOT_RUN: click

2018-12-12 12:50:02 - [TEST_STEP][NOT_RUN] - click: NOT_RUN: click

2018-12-12 12:50:02 - [MESSAGE][NOT_RUN] - NOT_RUN: click

2018-12-12 12:50:02 - [TEST_STEP][NOT_RUN] - click: NOT_RUN: click

2018-12-12 12:50:02 - [MESSAGE][NOT_RUN] - NOT_RUN: click

2018-12-12 12:50:02 - [TEST_STEP][NOT_RUN] - setText: NOT_RUN: setText

2018-12-12 12:50:02 - [MESSAGE][NOT_RUN] - NOT_RUN: setText

2018-12-12 12:50:02 - [TEST_STEP][NOT_RUN] - setText: NOT_RUN: setText

2018-12-12 12:50:02 - [MESSAGE][NOT_RUN] - NOT_RUN: setText

2018-12-12 12:50:02 - [TEST_STEP][NOT_RUN] - setText: NOT_RUN: setText

2018-12-12 12:50:02 - [MESSAGE][NOT_RUN] - NOT_RUN: setText

2018-12-12 12:50:02 - [TEST_STEP][NOT_RUN] - click: NOT_RUN: click

2018-12-12 12:50:02 - [MESSAGE][NOT_RUN] - NOT_RUN: click

2018-12-12 12:50:02 - [TEST_STEP][NOT_RUN] - click: NOT_RUN: click

2018-12-12 12:50:02 - [MESSAGE][NOT_RUN] - NOT_RUN: click

2018-12-12 12:50:02 - [TEST_STEP][NOT_RUN] - click: NOT_RUN: click

2018-12-12 12:50:02 - [MESSAGE][NOT_RUN] - NOT_RUN: click

2018-12-12 12:50:02 - [TEST_STEP][NOT_RUN] - delay: NOT_RUN: delay

2018-12-12 12:50:02 - [MESSAGE][NOT_RUN] - NOT_RUN: delay

2018-12-12 12:50:02 - [TEST_STEP][NOT_RUN] - setText: NOT_RUN: setText

2018-12-12 12:50:02 - [MESSAGE][NOT_RUN] - NOT_RUN: setText

2018-12-12 12:50:02 - [TEST_STEP][NOT_RUN] - delay: NOT_RUN: delay

2018-12-12 12:50:02 - [MESSAGE][NOT_RUN] - NOT_RUN: delay

2018-12-12 12:50:02 - [TEST_STEP][NOT_RUN] - click: NOT_RUN: click

2018-12-12 12:50:02 - [MESSAGE][NOT_RUN] - NOT_RUN: click

2018-12-12 12:50:02 - [TEST_STEP][NOT_RUN] - doubleClick: NOT_RUN: doubleClick

2018-12-12 12:50:02 - [MESSAGE][NOT_RUN] - NOT_RUN: doubleClick

2018-12-12 12:50:02 - [TEST_STEP][NOT_RUN] - click: NOT_RUN: click

2018-12-12 12:50:02 - [MESSAGE][NOT_RUN] - NOT_RUN: click

2018-12-12 12:50:02 - [TEST_STEP][NOT_RUN] - setText: NOT_RUN: setText

2018-12-12 12:50:02 - [MESSAGE][NOT_RUN] - NOT_RUN: setText

2018-12-12 12:50:02 - [TEST_STEP][NOT_RUN] - delay: NOT_RUN: delay

2018-12-12 12:50:02 - [MESSAGE][NOT_RUN] - NOT_RUN: delay

2018-12-12 12:50:02 - [TEST_STEP][NOT_RUN] - click: NOT_RUN: click

2018-12-12 12:50:02 - [MESSAGE][NOT_RUN] - NOT_RUN: click

2018-12-12 12:50:02 - [TEST_STEP][NOT_RUN] - delay: NOT_RUN: delay

2018-12-12 12:50:02 - [MESSAGE][NOT_RUN] - NOT_RUN: delay

2018-12-12 12:50:02 - [TEST_STEP][NOT_RUN] - setText: NOT_RUN: setText

2018-12-12 12:50:02 - [MESSAGE][NOT_RUN] - NOT_RUN: setText

2018-12-12 12:50:02 - [TEST_STEP][PASSED] - click: Object: 'Object Repository/Final Object Repo/Page_Request SSN - ASSIST/Save  Continue' is clicked on

2018-12-12 12:50:03 - [MESSAGE][PASSED] - Object: 'Object Repository/Final Object Repo/Page_Request SSN - ASSIST/Save  Continue' is clicked on

2018-12-12 12:50:03 - [TEST_STEP][PASSED] - delay: Delayed 3 second(s)

2018-12-12 12:50:06 - [MESSAGE][PASSED] - Delayed 3 second(s)

2018-12-12 12:50:06 - [TEST_STEP][PASSED] - Statement - CaseReferenceNo = com.kms.katalon.core.webui.keyword.WebUiBuiltInKeywords.getText(com.kms.katalon.core.testobject.ObjectRepository.findTestObject(Final Object Repo/Page_Request SSN - ASSIST/Reference Number in Uploading Page)): Text of object 'Object Repository/Final Object Repo/Page_Request SSN - ASSIST/Reference Number in Uploading Page' is: 'SSN12201800001192'

2018-12-12 12:50:06 - [MESSAGE][PASSED] - Text of object 'Object Repository/Final Object Repo/Page_Request SSN - ASSIST/Reference Number in Uploading Page' is: 'SSN12201800001192'

2018-12-12 12:50:06 - [TEST_STEP][PASSED] - callTestCase: Call Test Case 'Test Cases/Final Aug 2018 - PKS Automation/Common/Reference Number Setter' successfully

2018-12-12 12:50:06 - [TEST_CASE][PASSED] - Test Cases/Final Aug 2018 - PKS Automation/Common/Reference Number Setter: Test Cases/Final Aug 2018 - PKS Automation/Common/Reference Number Setter

2018-12-12 12:50:06 - [TEST_STEP][PASSED] - Statement - RefNoOldFile = new java.io.File(C://Users//Admin//Desktop//PKS//Automation Reference Point//KatalonReference.txt): null

2018-12-12 12:50:06 - [TEST_STEP][PASSED] - Statement - RefNoOldFile.delete(): null

2018-12-12 12:50:06 - [TEST_STEP][PASSED] - delay: Delayed 5 second(s)

2018-12-12 12:50:11 - [MESSAGE][PASSED] - Delayed 5 second(s)

2018-12-12 12:50:11 - [TEST_STEP][PASSED] - Statement - RefNo = new java.io.File(C://Users//Admin//Desktop//PKS//Automation Reference Point//KatalonReference.txt): null

2018-12-12 12:50:11 - [TEST_STEP][PASSED] - Statement - f2 = new java.io.FileWriter(RefNo, false): null

2018-12-12 12:50:11 - [TEST_STEP][PASSED] - Statement - f2.write(CaseReferenceNo): null

2018-12-12 12:50:11 - [TEST_STEP][PASSED] - Statement - f2.close(): null

2018-12-12 12:50:11 - [TEST_STEP][PASSED] - Statement - out.println("


" + CaseReferenceNo + "


"): null

2018-12-12 12:50:11 - [MESSAGE][PASSED] - Call Test Case 'Test Cases/Final Aug 2018 - PKS Automation/Common/Reference Number Setter' successfully

2018-12-12 12:50:11 - [TEST_STEP][PASSED] - click: Object: 'Object Repository/Final Object Repo/Page_Request SSN - ASSIST/Add Document Button' is clicked on

2018-12-12 12:50:11 - [MESSAGE][PASSED] - Object: 'Object Repository/Final Object Repo/Page_Request SSN - ASSIST/Add Document Button' is clicked on

2018-12-12 12:50:11 - [TEST_STEP][PASSED] - delay: Delayed 2 second(s)

2018-12-12 12:50:13 - [MESSAGE][PASSED] - Delayed 2 second(s)

2018-12-12 12:50:13 - [TEST_STEP][PASSED] - click: Object: 'Object Repository/Final Object Repo/Page_Request SSN - ASSIST/Document Type' is clicked on

2018-12-12 12:50:15 - [MESSAGE][PASSED] - Object: 'Object Repository/Final Object Repo/Page_Request SSN - ASSIST/Document Type' is clicked on

2018-12-12 12:50:15 - [TEST_STEP][PASSED] - click: Object: 'Object Repository/Final Object Repo/Page_Request SSN - ASSIST/Document Type - Birth Certificate' is clicked on

2018-12-12 12:50:15 - [MESSAGE][PASSED] - Object: 'Object Repository/Final Object Repo/Page_Request SSN - ASSIST/Document Type - Birth Certificate' is clicked on

2018-12-12 12:50:15 - [TEST_STEP][PASSED] - sendKeys: Keys 'C:\Users\Public\Pictures\Sample Pictures\Koala.jpg' sent to object: 'Object Repository/Final Object Repo/Page_Request SSN - ASSIST/Upload File'

2018-12-12 12:50:15 - [MESSAGE][PASSED] - Keys 'C:\Users\Public\Pictures\Sample Pictures\Koala.jpg' sent to object: 'Object Repository/Final Object Repo/Page_Request SSN - ASSIST/Upload File'

2018-12-12 12:50:15 - [TEST_STEP][PASSED] - click: Object: 'Object Repository/Final Object Repo/Page_Request SSN - ASSIST/Add Document' is clicked on

2018-12-12 12:50:15 - [MESSAGE][PASSED] - Object: 'Object Repository/Final Object Repo/Page_Request SSN - ASSIST/Add Document' is clicked on

2018-12-12 12:50:15 - [TEST_STEP][PASSED] - delay: Delayed 20 second(s)

2018-12-12 12:50:35 - [MESSAGE][PASSED] - Delayed 20 second(s)

2018-12-12 12:50:35 - [TEST_STEP][PASSED] - click: Object: 'Object Repository/Final Object Repo/Page_Request SSN - ASSIST/Save  Continue in Uploading Document Page' is clicked on

2018-12-12 12:50:35 - [MESSAGE][PASSED] - Object: 'Object Repository/Final Object Repo/Page_Request SSN - ASSIST/Save  Continue in Uploading Document Page' is clicked on

2018-12-12 12:50:35 - [TEST_STEP][PASSED] - delay: Delayed 2 second(s)

2018-12-12 12:50:37 - [MESSAGE][PASSED] - Delayed 2 second(s)

2018-12-12 12:50:37 - [TEST_STEP][PASSED] - click: Object: 'Object Repository/Final Object Repo/Page_Request SSN - ASSIST/Submit' is clicked on

2018-12-12 12:50:40 - [MESSAGE][PASSED] - Object: 'Object Repository/Final Object Repo/Page_Request SSN - ASSIST/Submit' is clicked on

2018-12-12 12:50:40 - [TEST_STEP][PASSED] - delay: Delayed 2 second(s)

2018-12-12 12:50:42 - [MESSAGE][PASSED] - Delayed 2 second(s)

2018-12-12 12:50:42 - [TEST_STEP][PASSED] - click: Object: 'Object Repository/Final Object Repo/Page_Request SSN - ASSIST/Confirm' is clicked on

2018-12-12 12:50:42 - [MESSAGE][PASSED] - Object: 'Object Repository/Final Object Repo/Page_Request SSN - ASSIST/Confirm' is clicked on

2018-12-12 12:50:42 - [TEST_STEP][PASSED] - delay: Delayed 2 second(s)

2018-12-12 12:50:44 - [MESSAGE][PASSED] - Delayed 2 second(s)

2018-12-12 12:50:44 - [TEST_STEP][PASSED] - verifyElementVisible: Object 'Object Repository/Final Object Repo/Page_Request SSN - ASSIST/Message This Case will be routed to RIO' is visible

2018-12-12 12:50:50 - [MESSAGE][PASSED] - Object 'Object Repository/Final Object Repo/Page_Request SSN - ASSIST/Message This Case will be routed to RIO' is visible

2018-12-12 12:50:50 - [TEST_STEP][PASSED] - delay: Delayed 2 second(s)

2018-12-12 12:50:52 - [MESSAGE][PASSED] - Delayed 2 second(s)

2018-12-12 12:50:52 - [TEST_STEP][PASSED] - verifyElementVisible: Object 'Object Repository/Final Object Repo/Page_Request SSN - ASSIST/Letter of acknowledgement' is visible

2018-12-12 12:50:52 - [MESSAGE][PASSED] - Object 'Object Repository/Final Object Repo/Page_Request SSN - ASSIST/Letter of acknowledgement' is visible

2018-12-12 12:50:52 - [MESSAGE][PASSED] - Call Test Case 'Test Cases/Final Aug 2018 - PKS Automation/Registration Module/Workflow/Request SSN/Template/Request SSN - PKRBO' successfully

2018-12-12 12:50:52 - [TEST_STEP][PASSED] - callTestCase: Call Test Case 'Test Cases/Final Aug 2018 - PKS Automation/Registration Module/Workflow/Request SSN/Template/Request SSN RIO - RO (Query)' successfully

2018-12-12 12:50:52 - [TEST_CASE][PASSED] - Test Cases/Final Aug 2018 - PKS Automation/Registration Module/Workflow/Request SSN/Template/Request SSN RIO - RO (Query): Test Cases/Final Aug 2018 - PKS Automation/Registration Module/Workflow/Request SSN/Template/Request SSN RIO - RO (Query)

2018-12-12 12:50:52 - [TEST_STEP][NOT_RUN] - callTestCase: NOT_RUN: callTestCase

2018-12-12 12:50:52 - [MESSAGE][NOT_RUN] - NOT_RUN: callTestCase

2018-12-12 12:50:52 - [TEST_STEP][PASSED] - delay: Delayed 2 second(s)

2018-12-12 12:50:54 - [MESSAGE][PASSED] - Delayed 2 second(s)

2018-12-12 12:50:54 - [TEST_STEP][PASSED] - navigateToUrl: Navigate to 'https://assist2-uat.perkeso.gov.my/c/portal/logout' successfully

2018-12-12 12:50:55 - [MESSAGE][PASSED] - Navigate to 'https://assist2-uat.perkeso.gov.my/c/portal/logout' successfully

2018-12-12 12:50:55 - [TEST_STEP][PASSED] - delay: Delayed 2 second(s)

2018-12-12 12:50:57 - [MESSAGE][PASSED] - Delayed 2 second(s)

2018-12-12 12:50:57 - [TEST_STEP][PASSED] - callTestCase: Call Test Case 'Test Cases/Final Aug 2018 - PKS Automation/Common/Reference Number Getter' successfully

2018-12-12 12:50:57 - [TEST_CASE][PASSED] - Test Cases/Final Aug 2018 - PKS Automation/Common/Reference Number Getter: Test Cases/Final Aug 2018 - PKS Automation/Common/Reference Number Getter

2018-12-12 12:50:57 - [TEST_STEP][PASSED] - Statement - Try: null

2018-12-12 12:50:57 - [TEST_STEP][PASSED] - Statement - RefNo = new java.io.File(C://Users//Admin//Desktop//PKS//Automation Reference Point//KatalonReference.txt): null

2018-12-12 12:50:57 - [TEST_STEP][PASSED] - Statement - bufferread = new java.io.BufferedReader(new java.io.FileReader(RefNo)): null

2018-12-12 12:50:57 - [TEST_STEP][PASSED] - Statement - readedVal = bufferread.readLine(): null

2018-12-12 12:50:57 - [TEST_STEP][PASSED] - Statement - out.println(CaseReferenceNo): null

2018-12-12 12:50:57 - [TEST_STEP][PASSED] - Statement - out.println(readedVal): null

2018-12-12 12:50:57 - [TEST_STEP][PASSED] - Statement - CaseReferenceNo = "": null

2018-12-12 12:50:57 - [TEST_STEP][PASSED] - Statement - CaseReferenceNo = readedVal: null

2018-12-12 12:50:57 - [MESSAGE][PASSED] - Call Test Case 'Test Cases/Final Aug 2018 - PKS Automation/Common/Reference Number Getter' successfully

2018-12-12 12:50:57 - [TEST_STEP][PASSED] - callTestCase: Call Test Case 'Test Cases/Final Aug 2018 - PKS Automation/Common/Workflow Owner Finder' successfully

2018-12-12 12:50:57 - [TEST_CASE][PASSED] - Test Cases/Final Aug 2018 - PKS Automation/Common/Workflow Owner Finder: Test Cases/Final Aug 2018 - PKS Automation/Common/Workflow Owner Finder

2018-12-12 12:50:57 - [TEST_STEP][PASSED] - openBrowser: Browser is opened with url: ''

2018-12-12 12:50:57 - [MESSAGE][WARNING] - A browser is already opened. Closing browser and opening a new one

2018-12-12 12:51:02 - [MESSAGE][PASSED] - Browser is opened with url: ''

2018-12-12 12:51:02 - [TEST_STEP][PASSED] - navigateToUrl: Navigate to 'https://assist2-uat.perkeso.gov.my/login' successfully

2018-12-12 12:51:03 - [MESSAGE][PASSED] - Navigate to 'https://assist2-uat.perkeso.gov.my/login' successfully

2018-12-12 12:51:03 - [TEST_STEP][PASSED] - delay: Delayed 5 second(s)

2018-12-12 12:51:08 - [MESSAGE][PASSED] - Delayed 5 second(s)

2018-12-12 12:51:08 - [TEST_STEP][PASSED] - setText: Text 'test@liferay.com' is set on object 'Object Repository/Final Object Repo/Login Page/Internal User/Email Address'

2018-12-12 12:51:08 - [MESSAGE][PASSED] - Text 'test@liferay.com' is set on object 'Object Repository/Final Object Repo/Login Page/Internal User/Email Address'

2018-12-12 12:51:08 - [TEST_STEP][PASSED] - click: Object: 'Object Repository/Final Object Repo/Login Page/Internal User/Next Button' is clicked on

2018-12-12 12:51:08 - [MESSAGE][PASSED] - Object: 'Object Repository/Final Object Repo/Login Page/Internal User/Next Button' is clicked on

2018-12-12 12:51:08 - [TEST_STEP][PASSED] - delay: Delayed 2 second(s)

2018-12-12 12:51:10 - [MESSAGE][PASSED] - Delayed 2 second(s)

2018-12-12 12:51:10 - [TEST_STEP][PASSED] - setText: Text 'test' is set on object 'Object Repository/Final Object Repo/Login Page/Internal User/Password'

2018-12-12 12:51:10 - [MESSAGE][PASSED] - Text 'test' is set on object 'Object Repository/Final Object Repo/Login Page/Internal User/Password'

2018-12-12 12:51:10 - [TEST_STEP][PASSED] - delay: Delayed 2 second(s)

2018-12-12 12:51:12 - [MESSAGE][PASSED] - Delayed 2 second(s)

2018-12-12 12:51:12 - [TEST_STEP][PASSED] - click: Object: 'Object Repository/Final Object Repo/Login Page/Internal User/Login Button' is clicked on

2018-12-12 12:51:13 - [MESSAGE][PASSED] - Object: 'Object Repository/Final Object Repo/Login Page/Internal User/Login Button' is clicked on

2018-12-12 12:51:13 - [TEST_STEP][PASSED] - Statement - tester = com.kms.katalon.core.testobject.ObjectRepository.findTestObject(Final Object Repo/Landing Page/Select to English): Finding Test Object with id 'Object Repository/Final Object Repo/Landing Page/Select to English'

2018-12-12 12:51:13 - [TEST_STEP][PASSED] - Statement - Try: Delayed 2 second(s)

2018-12-12 12:51:13 - [TEST_STEP][PASSED] - Statement - Checker = com.kms.katalon.core.webui.keyword.WebUiBuiltInKeywords.verifyElementNotPresent(tester, 3): Web element with id: 'Object Repository/Final Object Repo/Landing Page/Select to English' located by 'By.xpath: //a[@class = 'taglib-language-list-text' and @lang = 'en-US' and (contains(text(), 'EN') or contains(., 'EN'))]' is not present after '3' second(s)

2018-12-12 12:51:14 - [MESSAGE][PASSED] - Web element with id: 'Object Repository/Final Object Repo/Landing Page/Select to English' located by 'By.xpath: //a[@class = 'taglib-language-list-text' and @lang = 'en-US' and (contains(text(), 'EN') or contains(., 'EN'))]' is not present after '3' second(s)

2018-12-12 12:51:14 - [TEST_STEP][PASSED] - Statement - If (Checker == false): null

2018-12-12 12:51:14 - [TEST_STEP][PASSED] - delay: Delayed 2 second(s)

2018-12-12 12:51:16 - [MESSAGE][PASSED] - Delayed 2 second(s)

2018-12-12 12:51:16 - [TEST_STEP][PASSED] - delay: Delayed 5 second(s)

2018-12-12 12:51:21 - [MESSAGE][PASSED] - Delayed 5 second(s)

2018-12-12 12:51:21 - [TEST_STEP][PASSED] - mouseOver: Object: 'Object Repository/Final Object Repo/Landing Page/WorkFlow Menu' is hovered

2018-12-12 12:51:22 - [MESSAGE][PASSED] - Object: 'Object Repository/Final Object Repo/Landing Page/WorkFlow Menu' is hovered

2018-12-12 12:51:22 - [TEST_STEP][PASSED] - delay: Delayed 2 second(s)

2018-12-12 12:51:24 - [MESSAGE][PASSED] - Delayed 2 second(s)

2018-12-12 12:51:24 - [TEST_STEP][PASSED] - click: Object: 'Object Repository/Final Object Repo/Landing Page/Select to Workflow Listing' is clicked on

2018-12-12 12:51:25 - [MESSAGE][PASSED] - Object: 'Object Repository/Final Object Repo/Landing Page/Select to Workflow Listing' is clicked on

2018-12-12 12:51:25 - [TEST_STEP][PASSED] - delay: Delayed 2 second(s)

2018-12-12 12:51:27 - [MESSAGE][PASSED] - Delayed 2 second(s)

2018-12-12 12:51:27 - [TEST_STEP][PASSED] - click: Object: 'Object Repository/Final Object Repo/WorkFlow Listing Page/Search Information - To Put Ref No' is clicked on

2018-12-12 12:51:27 - [MESSAGE][PASSED] - Object: 'Object Repository/Final Object Repo/WorkFlow Listing Page/Search Information - To Put Ref No' is clicked on

2018-12-12 12:51:27 - [TEST_STEP][PASSED] - delay: Delayed 2 second(s)

2018-12-12 12:51:29 - [MESSAGE][PASSED] - Delayed 2 second(s)

2018-12-12 12:51:29 - [TEST_STEP][PASSED] - callTestCase: Call Test Case 'Test Cases/Final Aug 2018 - PKS Automation/Common/Reference Number Getter' successfully

2018-12-12 12:51:29 - [TEST_CASE][PASSED] - Test Cases/Final Aug 2018 - PKS Automation/Common/Reference Number Getter: Test Cases/Final Aug 2018 - PKS Automation/Common/Reference Number Getter

2018-12-12 12:51:29 - [TEST_STEP][PASSED] - Statement - Try: null

2018-12-12 12:51:29 - [TEST_STEP][PASSED] - Statement - RefNo = new java.io.File(C://Users//Admin//Desktop//PKS//Automation Reference Point//KatalonReference.txt): null

2018-12-12 12:51:29 - [TEST_STEP][PASSED] - Statement - bufferread = new java.io.BufferedReader(new java.io.FileReader(RefNo)): null

2018-12-12 12:51:29 - [TEST_STEP][PASSED] - Statement - readedVal = bufferread.readLine(): null

2018-12-12 12:51:29 - [TEST_STEP][PASSED] - Statement - out.println(CaseReferenceNo): null

2018-12-12 12:51:29 - [TEST_STEP][PASSED] - Statement - out.println(readedVal): null

2018-12-12 12:51:29 - [TEST_STEP][PASSED] - Statement - CaseReferenceNo = "": null

2018-12-12 12:51:29 - [TEST_STEP][PASSED] - Statement - CaseReferenceNo = readedVal: null

2018-12-12 12:51:29 - [MESSAGE][PASSED] - Call Test Case 'Test Cases/Final Aug 2018 - PKS Automation/Common/Reference Number Getter' successfully

2018-12-12 12:51:29 - [TEST_STEP][PASSED] - setText: Text 'SSN12201800001192' is set on object 'Object Repository/Final Object Repo/WorkFlow Listing Page/Ref No Set Text'

2018-12-12 12:51:29 - [MESSAGE][PASSED] - Text 'SSN12201800001192' is set on object 'Object Repository/Final Object Repo/WorkFlow Listing Page/Ref No Set Text'

2018-12-12 12:51:29 - [TEST_STEP][PASSED] - delay: Delayed 2 second(s)

2018-12-12 12:51:31 - [MESSAGE][PASSED] - Delayed 2 second(s)

2018-12-12 12:51:31 - [TEST_STEP][PASSED] - click: Object: 'Object Repository/Final Object Repo/WorkFlow Listing Page/Search Ref No Search Button' is clicked on

2018-12-12 12:51:32 - [MESSAGE][PASSED] - Object: 'Object Repository/Final Object Repo/WorkFlow Listing Page/Search Ref No Search Button' is clicked on

2018-12-12 12:51:32 - [TEST_STEP][PASSED] - delay: Delayed 6 second(s)

2018-12-12 12:51:38 - [MESSAGE][PASSED] - Delayed 6 second(s)

2018-12-12 12:51:38 - [TEST_STEP][PASSED] - click: Object: 'Object Repository/Final Object Repo/WorkFlow Listing Page/Click Continue Tooltip' is clicked on

2018-12-12 12:51:39 - [MESSAGE][PASSED] - Object: 'Object Repository/Final Object Repo/WorkFlow Listing Page/Click Continue Tooltip' is clicked on

2018-12-12 12:51:39 - [TEST_STEP][PASSED] - delay: Delayed 5 second(s)

2018-12-12 12:51:44 - [MESSAGE][PASSED] - Delayed 5 second(s)

2018-12-12 12:51:44 - [TEST_STEP][PASSED] - doubleClick: Object: 'Object Repository/Final Object Repo/WorkFlow Listing Page/Workflow Found - Listing 1' is double clicked on

2018-12-12 12:51:44 - [MESSAGE][PASSED] - Object: 'Object Repository/Final Object Repo/WorkFlow Listing Page/Workflow Found - Listing 1' is double clicked on

2018-12-12 12:51:44 - [TEST_STEP][PASSED] - Statement - println(OwnerID): null

2018-12-12 12:51:44 - [TEST_STEP][PASSED] - Statement - OwnerID = com.kms.katalon.core.webui.keyword.WebUiBuiltInKeywords.getText(com.kms.katalon.core.testobject.ObjectRepository.findTestObject(Final Object Repo/WorkFlow Listing Page/Workflow Found - Listing 1), STOP_ON_FAILURE): Text of object 'Object Repository/Final Object Repo/WorkFlow Listing Page/Workflow Found - Listing 1' is: 'JOHORrio3'

2018-12-12 12:51:44 - [MESSAGE][PASSED] - Text of object 'Object Repository/Final Object Repo/WorkFlow Listing Page/Workflow Found - Listing 1' is: 'JOHORrio3'

2018-12-12 12:51:44 - [TEST_STEP][PASSED] - Statement - OwnerID = OwnerID.toLowerCase() + "@gmail.com": null

2018-12-12 12:51:44 - [TEST_STEP][PASSED] - Statement - println(OwnerID): null

2018-12-12 12:51:44 - [TEST_STEP][PASSED] - delay: Delayed 2 second(s)

2018-12-12 12:51:46 - [MESSAGE][PASSED] - Delayed 2 second(s)

2018-12-12 12:51:46 - [MESSAGE][PASSED] - Call Test Case 'Test Cases/Final Aug 2018 - PKS Automation/Common/Workflow Owner Finder' successfully

2018-12-12 12:51:46 - [TEST_STEP][PASSED] - delay: Delayed 2 second(s)

2018-12-12 12:51:48 - [MESSAGE][PASSED] - Delayed 2 second(s)

2018-12-12 12:51:48 - [TEST_STEP][PASSED] - navigateToUrl: Navigate to 'https://assist2-uat.perkeso.gov.my/c/portal/logout' successfully

2018-12-12 12:51:49 - [MESSAGE][PASSED] - Navigate to 'https://assist2-uat.perkeso.gov.my/c/portal/logout' successfully

2018-12-12 12:51:49 - [TEST_STEP][PASSED] - delay: Delayed 2 second(s)

2018-12-12 12:51:51 - [MESSAGE][PASSED] - Delayed 2 second(s)

2018-12-12 12:51:51 - [TEST_STEP][PASSED] - callTestCase: Call Test Case 'Test Cases/Final Aug 2018 - PKS Automation/Registration Module/Workflow/Login and Search Case For Workflow' successfully

2018-12-12 12:51:51 - [TEST_CASE][PASSED] - Test Cases/Final Aug 2018 - PKS Automation/Registration Module/Workflow/Login and Search Case For Workflow: Test Cases/Final Aug 2018 - PKS Automation/Registration Module/Workflow/Login and Search Case For Workflow

2018-12-12 12:51:51 - [TEST_STEP][PASSED] - navigateToUrl: Navigate to 'https://assist2-uat.perkeso.gov.my/login' successfully

2018-12-12 12:51:51 - [MESSAGE][PASSED] - Navigate to 'https://assist2-uat.perkeso.gov.my/login' successfully

2018-12-12 12:51:51 - [TEST_STEP][PASSED] - setText: Text 'johorrio3@gmail.com' is set on object 'Object Repository/Final Object Repo/Login Page/Internal User/Email Address'

2018-12-12 12:51:52 - [MESSAGE][PASSED] - Text 'johorrio3@gmail.com' is set on object 'Object Repository/Final Object Repo/Login Page/Internal User/Email Address'

2018-12-12 12:51:52 - [TEST_STEP][PASSED] - click: Object: 'Object Repository/Final Object Repo/Login Page/Internal User/Next Button' is clicked on

2018-12-12 12:51:52 - [MESSAGE][PASSED] - Object: 'Object Repository/Final Object Repo/Login Page/Internal User/Next Button' is clicked on

2018-12-12 12:51:52 - [TEST_STEP][PASSED] - delay: Delayed 1 second(s)

2018-12-12 12:51:53 - [MESSAGE][PASSED] - Delayed 1 second(s)

2018-12-12 12:51:53 - [TEST_STEP][PASSED] - setEncryptedText: Text ****** has been set on object 'Object Repository/Final Object Repo/Login Page/Internal User/Password'

2018-12-12 12:51:53 - [MESSAGE][PASSED] - Text ****** has been set on object 'Object Repository/Final Object Repo/Login Page/Internal User/Password'

2018-12-12 12:51:53 - [TEST_STEP][PASSED] - click: Object: 'Object Repository/Final Object Repo/Login Page/Internal User/Login Button' is clicked on

2018-12-12 12:51:53 - [MESSAGE][PASSED] - Object: 'Object Repository/Final Object Repo/Login Page/Internal User/Login Button' is clicked on

2018-12-12 12:51:53 - [TEST_STEP][PASSED] - delay: Delayed 2 second(s)

2018-12-12 12:51:55 - [MESSAGE][PASSED] - Delayed 2 second(s)

2018-12-12 12:51:55 - [TEST_STEP][PASSED] - Statement - Try: Delayed 2 second(s)

2018-12-12 12:51:55 - [TEST_STEP][PASSED] - Statement - Checker = false: null

2018-12-12 12:51:55 - [TEST_STEP][PASSED] - Statement - Checker = com.kms.katalon.core.webui.keyword.WebUiBuiltInKeywords.verifyElementHasAttribute(com.kms.katalon.core.testobject.ObjectRepository.findTestObject(Final Object Repo/Landing Page/BM Detecting), "href", 20, OPTIONAL): Object 'Object Repository/Final Object Repo/Landing Page/BM Detecting' has attribute 'href'

2018-12-12 12:51:55 - [MESSAGE][PASSED] - Object 'Object Repository/Final Object Repo/Landing Page/BM Detecting' has attribute 'href'

2018-12-12 12:51:55 - [TEST_STEP][PASSED] - Statement - out.println(Checker): null

2018-12-12 12:51:55 - [TEST_STEP][PASSED] - Statement - If (Checker == false): null

2018-12-12 12:51:55 - [TEST_STEP][PASSED] - Statement - Else: null

2018-12-12 12:51:55 - [TEST_STEP][PASSED] - delay: Delayed 2 second(s)

2018-12-12 12:51:57 - [MESSAGE][PASSED] - Delayed 2 second(s)

2018-12-12 12:51:57 - [TEST_STEP][PASSED] - click: Object: 'Object Repository/Final Object Repo/Page_MyASSIST - ASSIST - Search Pending Case For Add Supporting Document/Search Information' is clicked on

2018-12-12 12:51:58 - [MESSAGE][PASSED] - Object: 'Object Repository/Final Object Repo/Page_MyASSIST - ASSIST - Search Pending Case For Add Supporting Document/Search Information' is clicked on

2018-12-12 12:51:58 - [TEST_STEP][PASSED] - delay: Delayed 3 second(s)

2018-12-12 12:52:01 - [MESSAGE][PASSED] - Delayed 3 second(s)

2018-12-12 12:52:01 - [TEST_STEP][PASSED] - sendKeys: Keys 'SSN12201800001192' sent to object: 'Object Repository/Final Object Repo/Page_MyASSIST - ASSIST - Search Pending Case For Add Supporting Document/Reference No'

2018-12-12 12:52:01 - [MESSAGE][PASSED] - Keys 'SSN12201800001192' sent to object: 'Object Repository/Final Object Repo/Page_MyASSIST - ASSIST - Search Pending Case For Add Supporting Document/Reference No'

2018-12-12 12:52:01 - [TEST_STEP][PASSED] - click: Object: 'Object Repository/Final Object Repo/Page_MyASSIST - ASSIST - Search Pending Case For Add Supporting Document/Search Reference No' is clicked on

2018-12-12 12:52:01 - [MESSAGE][PASSED] - Object: 'Object Repository/Final Object Repo/Page_MyASSIST - ASSIST - Search Pending Case For Add Supporting Document/Search Reference No' is clicked on

2018-12-12 12:52:01 - [TEST_STEP][PASSED] - delay: Delayed 2 second(s)

2018-12-12 12:52:03 - [MESSAGE][PASSED] - Delayed 2 second(s)

2018-12-12 12:52:03 - [TEST_STEP][PASSED] - click: Object: 'Object Repository/Final Object Repo/Page_MyASSIST - ASSIST - Search Pending Case For Add Supporting Document/Continue' is clicked on

2018-12-12 12:52:10 - [MESSAGE][PASSED] - Object: 'Object Repository/Final Object Repo/Page_MyASSIST - ASSIST - Search Pending Case For Add Supporting Document/Continue' is clicked on

2018-12-12 12:52:10 - [TEST_STEP][PASSED] - delay: Delayed 20 second(s)

2018-12-12 12:52:30 - [MESSAGE][PASSED] - Delayed 20 second(s)

2018-12-12 12:52:30 - [MESSAGE][PASSED] - Call Test Case 'Test Cases/Final Aug 2018 - PKS Automation/Registration Module/Workflow/Login and Search Case For Workflow' successfully

2018-12-12 12:52:30 - [TEST_STEP][PASSED] - callTestCase: Call Test Case 'Test Cases/Final Aug 2018 - PKS Automation/Registration Module/Workflow/Request SSN/Template/Request SSN - RIO' successfully

2018-12-12 12:52:30 - [TEST_CASE][PASSED] - Test Cases/Final Aug 2018 - PKS Automation/Registration Module/Workflow/Request SSN/Template/Request SSN - RIO: Test Cases/Final Aug 2018 - PKS Automation/Registration Module/Workflow/Request SSN/Template/Request SSN - RIO

2018-12-12 12:52:30 - [TEST_STEP][NOT_RUN] - openBrowser: NOT_RUN: openBrowser

2018-12-12 12:52:30 - [MESSAGE][NOT_RUN] - NOT_RUN: openBrowser

2018-12-12 12:52:30 - [TEST_STEP][NOT_RUN] - navigateToUrl: NOT_RUN: navigateToUrl

2018-12-12 12:52:30 - [MESSAGE][NOT_RUN] - NOT_RUN: navigateToUrl

2018-12-12 12:52:30 - [TEST_STEP][NOT_RUN] - setText: NOT_RUN: setText

2018-12-12 12:52:30 - [MESSAGE][NOT_RUN] - NOT_RUN: setText

2018-12-12 12:52:30 - [TEST_STEP][NOT_RUN] - click: NOT_RUN: click

2018-12-12 12:52:30 - [MESSAGE][NOT_RUN] - NOT_RUN: click

2018-12-12 12:52:30 - [TEST_STEP][NOT_RUN] - delay: NOT_RUN: delay

2018-12-12 12:52:30 - [MESSAGE][NOT_RUN] - NOT_RUN: delay

2018-12-12 12:52:30 - [TEST_STEP][NOT_RUN] - setEncryptedText: NOT_RUN: setEncryptedText

2018-12-12 12:52:30 - [MESSAGE][NOT_RUN] - NOT_RUN: setEncryptedText

2018-12-12 12:52:30 - [TEST_STEP][NOT_RUN] - click: NOT_RUN: click

2018-12-12 12:52:30 - [MESSAGE][NOT_RUN] - NOT_RUN: click

2018-12-12 12:52:30 - [TEST_STEP][NOT_RUN] - delay: NOT_RUN: delay

2018-12-12 12:52:30 - [MESSAGE][NOT_RUN] - NOT_RUN: delay

2018-12-12 12:52:30 - [TEST_STEP][NOT_RUN] - click: NOT_RUN: click

2018-12-12 12:52:30 - [MESSAGE][NOT_RUN] - NOT_RUN: click

2018-12-12 12:52:30 - [TEST_STEP][NOT_RUN] - sendKeys: NOT_RUN: sendKeys

2018-12-12 12:52:30 - [MESSAGE][NOT_RUN] - NOT_RUN: sendKeys

2018-12-12 12:52:30 - [TEST_STEP][NOT_RUN] - click: NOT_RUN: click

2018-12-12 12:52:30 - [MESSAGE][NOT_RUN] - NOT_RUN: click

2018-12-12 12:52:30 - [TEST_STEP][NOT_RUN] - delay: NOT_RUN: delay

2018-12-12 12:52:30 - [MESSAGE][NOT_RUN] - NOT_RUN: delay

2018-12-12 12:52:30 - [TEST_STEP][NOT_RUN] - click: NOT_RUN: click

2018-12-12 12:52:30 - [MESSAGE][NOT_RUN] - NOT_RUN: click

2018-12-12 12:52:30 - [TEST_STEP][PASSED] - delay: Delayed 2 second(s)

2018-12-12 12:52:32 - [MESSAGE][PASSED] - Delayed 2 second(s)

2018-12-12 12:52:32 - [TEST_STEP][PASSED] - click: Object: 'Object Repository/Final Object Repo/Page_Request SSN - ASSIST/Page_Request SSN - ASSIST - RIO/Recommend For SSN' is clicked on

2018-12-12 12:52:33 - [MESSAGE][PASSED] - Object: 'Object Repository/Final Object Repo/Page_Request SSN - ASSIST/Page_Request SSN - ASSIST - RIO/Recommend For SSN' is clicked on

2018-12-12 12:52:33 - [TEST_STEP][PASSED] - click: Object: 'Object Repository/Final Object Repo/Page_Request SSN - ASSIST/Page_Request SSN - ASSIST - RIO/Recommend For SSN  - Yes' is clicked on

2018-12-12 12:52:33 - [MESSAGE][PASSED] - Object: 'Object Repository/Final Object Repo/Page_Request SSN - ASSIST/Page_Request SSN - ASSIST - RIO/Recommend For SSN  - Yes' is clicked on

2018-12-12 12:52:33 - [TEST_STEP][PASSED] - delay: Delayed 2 second(s)

2018-12-12 12:52:35 - [MESSAGE][PASSED] - Delayed 2 second(s)

2018-12-12 12:52:35 - [TEST_STEP][PASSED] - click: Object: 'Object Repository/Final Object Repo/Page_Request SSN - ASSIST/Page_Request SSN - ASSIST - RIO/Save  Continue in SSN page' is clicked on

2018-12-12 12:52:35 - [MESSAGE][PASSED] - Object: 'Object Repository/Final Object Repo/Page_Request SSN - ASSIST/Page_Request SSN - ASSIST - RIO/Save  Continue in SSN page' is clicked on

2018-12-12 12:52:35 - [TEST_STEP][PASSED] - delay: Delayed 2 second(s)

2018-12-12 12:52:37 - [MESSAGE][PASSED] - Delayed 2 second(s)

2018-12-12 12:52:37 - [TEST_STEP][PASSED] - click: Object: 'Object Repository/Final Object Repo/Page_Request SSN - ASSIST/Page_Request SSN - ASSIST - RIO/Save  Continue in Upload Document Page' is clicked on

2018-12-12 12:52:40 - [MESSAGE][PASSED] - Object: 'Object Repository/Final Object Repo/Page_Request SSN - ASSIST/Page_Request SSN - ASSIST - RIO/Save  Continue in Upload Document Page' is clicked on

2018-12-12 12:52:40 - [TEST_STEP][PASSED] - delay: Delayed 2 second(s)

2018-12-12 12:52:42 - [MESSAGE][PASSED] - Delayed 2 second(s)

2018-12-12 12:52:42 - [TEST_STEP][PASSED] - click: Object: 'Object Repository/Final Object Repo/Page_Request SSN - ASSIST/Page_Request SSN - ASSIST - RIO/Submit' is clicked on

2018-12-12 12:52:45 - [MESSAGE][PASSED] - Object: 'Object Repository/Final Object Repo/Page_Request SSN - ASSIST/Page_Request SSN - ASSIST - RIO/Submit' is clicked on

2018-12-12 12:52:45 - [TEST_STEP][PASSED] - delay: Delayed 2 second(s)

2018-12-12 12:52:47 - [MESSAGE][PASSED] - Delayed 2 second(s)

2018-12-12 12:52:47 - [TEST_STEP][PASSED] - click: Object: 'Object Repository/Final Object Repo/Page_Request SSN - ASSIST/Page_Request SSN - ASSIST - RIO/Confirm' is clicked on

2018-12-12 12:52:47 - [MESSAGE][PASSED] - Object: 'Object Repository/Final Object Repo/Page_Request SSN - ASSIST/Page_Request SSN - ASSIST - RIO/Confirm' is clicked on

2018-12-12 12:52:47 - [MESSAGE][PASSED] - Call Test Case 'Test Cases/Final Aug 2018 - PKS Automation/Registration Module/Workflow/Request SSN/Template/Request SSN - RIO' successfully

2018-12-12 12:52:47 - [TEST_STEP][PASSED] - delay: Delayed 2 second(s)

2018-12-12 12:52:49 - [MESSAGE][PASSED] - Delayed 2 second(s)

2018-12-12 12:52:49 - [TEST_STEP][PASSED] - navigateToUrl: Navigate to 'https://assist2-uat.perkeso.gov.my/c/portal/logout' successfully

2018-12-12 12:52:53 - [MESSAGE][PASSED] - Navigate to 'https://assist2-uat.perkeso.gov.my/c/portal/logout' successfully

2018-12-12 12:52:53 - [TEST_STEP][PASSED] - delay: Delayed 2 second(s)

2018-12-12 12:52:55 - [MESSAGE][PASSED] - Delayed 2 second(s)

2018-12-12 12:52:55 - [TEST_STEP][PASSED] - callTestCase: Call Test Case 'Test Cases/Final Aug 2018 - PKS Automation/Common/Workflow Owner Finder' successfully

2018-12-12 12:52:55 - [TEST_CASE][PASSED] - Test Cases/Final Aug 2018 - PKS Automation/Common/Workflow Owner Finder: Test Cases/Final Aug 2018 - PKS Automation/Common/Workflow Owner Finder

2018-12-12 12:52:55 - [TEST_STEP][PASSED] - openBrowser: Browser is opened with url: ''

2018-12-12 12:52:55 - [MESSAGE][WARNING] - A browser is already opened. Closing browser and opening a new one

2018-12-12 12:53:00 - [MESSAGE][PASSED] - Browser is opened with url: ''

2018-12-12 12:53:00 - [TEST_STEP][PASSED] - navigateToUrl: Navigate to 'https://assist2-uat.perkeso.gov.my/login' successfully

2018-12-12 12:53:01 - [MESSAGE][PASSED] - Navigate to 'https://assist2-uat.perkeso.gov.my/login' successfully

2018-12-12 12:53:01 - [TEST_STEP][PASSED] - delay: Delayed 5 second(s)

2018-12-12 12:53:06 - [MESSAGE][PASSED] - Delayed 5 second(s)

2018-12-12 12:53:06 - [TEST_STEP][PASSED] - setText: Text 'test@liferay.com' is set on object 'Object Repository/Final Object Repo/Login Page/Internal User/Email Address'

2018-12-12 12:53:06 - [MESSAGE][PASSED] - Text 'test@liferay.com' is set on object 'Object Repository/Final Object Repo/Login Page/Internal User/Email Address'

2018-12-12 12:53:06 - [TEST_STEP][PASSED] - click: Object: 'Object Repository/Final Object Repo/Login Page/Internal User/Next Button' is clicked on

2018-12-12 12:53:07 - [MESSAGE][PASSED] - Object: 'Object Repository/Final Object Repo/Login Page/Internal User/Next Button' is clicked on

2018-12-12 12:53:07 - [TEST_STEP][PASSED] - delay: Delayed 2 second(s)

2018-12-12 12:53:09 - [MESSAGE][PASSED] - Delayed 2 second(s)

2018-12-12 12:53:09 - [TEST_STEP][PASSED] - setText: Text 'test' is set on object 'Object Repository/Final Object Repo/Login Page/Internal User/Password'

2018-12-12 12:53:09 - [MESSAGE][PASSED] - Text 'test' is set on object 'Object Repository/Final Object Repo/Login Page/Internal User/Password'

2018-12-12 12:53:09 - [TEST_STEP][PASSED] - delay: Delayed 2 second(s)

2018-12-12 12:53:11 - [MESSAGE][PASSED] - Delayed 2 second(s)

2018-12-12 12:53:11 - [TEST_STEP][PASSED] - click: Object: 'Object Repository/Final Object Repo/Login Page/Internal User/Login Button' is clicked on

2018-12-12 12:53:11 - [MESSAGE][PASSED] - Object: 'Object Repository/Final Object Repo/Login Page/Internal User/Login Button' is clicked on

2018-12-12 12:53:11 - [TEST_STEP][PASSED] - Statement - tester = com.kms.katalon.core.testobject.ObjectRepository.findTestObject(Final Object Repo/Landing Page/Select to English): Finding Test Object with id 'Object Repository/Final Object Repo/Landing Page/Select to English'

2018-12-12 12:53:11 - [TEST_STEP][PASSED] - Statement - Try: Delayed 2 second(s)

2018-12-12 12:53:11 - [TEST_STEP][PASSED] - Statement - Checker = com.kms.katalon.core.webui.keyword.WebUiBuiltInKeywords.verifyElementNotPresent(tester, 3): Web element with id: 'Object Repository/Final Object Repo/Landing Page/Select to English' located by 'By.xpath: //a[@class = 'taglib-language-list-text' and @lang = 'en-US' and (contains(text(), 'EN') or contains(., 'EN'))]' is not present after '3' second(s)

2018-12-12 12:53:13 - [MESSAGE][PASSED] - Web element with id: 'Object Repository/Final Object Repo/Landing Page/Select to English' located by 'By.xpath: //a[@class = 'taglib-language-list-text' and @lang = 'en-US' and (contains(text(), 'EN') or contains(., 'EN'))]' is not present after '3' second(s)

2018-12-12 12:53:13 - [TEST_STEP][PASSED] - Statement - If (Checker == false): null

2018-12-12 12:53:13 - [TEST_STEP][PASSED] - delay: Delayed 2 second(s)

2018-12-12 12:53:15 - [MESSAGE][PASSED] - Delayed 2 second(s)

2018-12-12 12:53:15 - [TEST_STEP][PASSED] - delay: Delayed 5 second(s)

2018-12-12 12:53:20 - [MESSAGE][PASSED] - Delayed 5 second(s)

2018-12-12 12:53:20 - [TEST_STEP][PASSED] - mouseOver: Object: 'Object Repository/Final Object Repo/Landing Page/WorkFlow Menu' is hovered

2018-12-12 12:53:20 - [MESSAGE][PASSED] - Object: 'Object Repository/Final Object Repo/Landing Page/WorkFlow Menu' is hovered

2018-12-12 12:53:20 - [TEST_STEP][PASSED] - delay: Delayed 2 second(s)

2018-12-12 12:53:22 - [MESSAGE][PASSED] - Delayed 2 second(s)

2018-12-12 12:53:22 - [TEST_STEP][PASSED] - click: Object: 'Object Repository/Final Object Repo/Landing Page/Select to Workflow Listing' is clicked on

2018-12-12 12:53:23 - [MESSAGE][PASSED] - Object: 'Object Repository/Final Object Repo/Landing Page/Select to Workflow Listing' is clicked on

2018-12-12 12:53:23 - [TEST_STEP][PASSED] - delay: Delayed 2 second(s)

2018-12-12 12:53:25 - [MESSAGE][PASSED] - Delayed 2 second(s)

2018-12-12 12:53:25 - [TEST_STEP][PASSED] - click: Object: 'Object Repository/Final Object Repo/WorkFlow Listing Page/Search Information - To Put Ref No' is clicked on

2018-12-12 12:53:26 - [MESSAGE][PASSED] - Object: 'Object Repository/Final Object Repo/WorkFlow Listing Page/Search Information - To Put Ref No' is clicked on

2018-12-12 12:53:26 - [TEST_STEP][PASSED] - delay: Delayed 2 second(s)

2018-12-12 12:53:28 - [MESSAGE][PASSED] - Delayed 2 second(s)

2018-12-12 12:53:28 - [TEST_STEP][PASSED] - callTestCase: Call Test Case 'Test Cases/Final Aug 2018 - PKS Automation/Common/Reference Number Getter' successfully

2018-12-12 12:53:28 - [TEST_CASE][PASSED] - Test Cases/Final Aug 2018 - PKS Automation/Common/Reference Number Getter: Test Cases/Final Aug 2018 - PKS Automation/Common/Reference Number Getter

2018-12-12 12:53:28 - [TEST_STEP][PASSED] - Statement - Try: null

2018-12-12 12:53:28 - [TEST_STEP][PASSED] - Statement - RefNo = new java.io.File(C://Users//Admin//Desktop//PKS//Automation Reference Point//KatalonReference.txt): null

2018-12-12 12:53:28 - [TEST_STEP][PASSED] - Statement - bufferread = new java.io.BufferedReader(new java.io.FileReader(RefNo)): null

2018-12-12 12:53:28 - [TEST_STEP][PASSED] - Statement - readedVal = bufferread.readLine(): null

2018-12-12 12:53:28 - [TEST_STEP][PASSED] - Statement - out.println(CaseReferenceNo): null

2018-12-12 12:53:28 - [TEST_STEP][PASSED] - Statement - out.println(readedVal): null

2018-12-12 12:53:28 - [TEST_STEP][PASSED] - Statement - CaseReferenceNo = "": null

2018-12-12 12:53:28 - [TEST_STEP][PASSED] - Statement - CaseReferenceNo = readedVal: null

2018-12-12 12:53:28 - [MESSAGE][PASSED] - Call Test Case 'Test Cases/Final Aug 2018 - PKS Automation/Common/Reference Number Getter' successfully

2018-12-12 12:53:28 - [TEST_STEP][PASSED] - setText: Text 'SSN12201800001192' is set on object 'Object Repository/Final Object Repo/WorkFlow Listing Page/Ref No Set Text'

2018-12-12 12:53:28 - [MESSAGE][PASSED] - Text 'SSN12201800001192' is set on object 'Object Repository/Final Object Repo/WorkFlow Listing Page/Ref No Set Text'

2018-12-12 12:53:28 - [TEST_STEP][PASSED] - delay: Delayed 2 second(s)

2018-12-12 12:53:30 - [MESSAGE][PASSED] - Delayed 2 second(s)

2018-12-12 12:53:30 - [TEST_STEP][PASSED] - click: Object: 'Object Repository/Final Object Repo/WorkFlow Listing Page/Search Ref No Search Button' is clicked on

2018-12-12 12:53:30 - [MESSAGE][PASSED] - Object: 'Object Repository/Final Object Repo/WorkFlow Listing Page/Search Ref No Search Button' is clicked on

2018-12-12 12:53:30 - [TEST_STEP][PASSED] - delay: Delayed 6 second(s)

2018-12-12 12:53:36 - [MESSAGE][PASSED] - Delayed 6 second(s)

2018-12-12 12:53:36 - [TEST_STEP][PASSED] - click: Object: 'Object Repository/Final Object Repo/WorkFlow Listing Page/Click Continue Tooltip' is clicked on

2018-12-12 12:53:37 - [MESSAGE][PASSED] - Object: 'Object Repository/Final Object Repo/WorkFlow Listing Page/Click Continue Tooltip' is clicked on

2018-12-12 12:53:37 - [TEST_STEP][PASSED] - delay: Delayed 5 second(s)

2018-12-12 12:53:42 - [MESSAGE][PASSED] - Delayed 5 second(s)

2018-12-12 12:53:42 - [TEST_STEP][PASSED] - doubleClick: Object: 'Object Repository/Final Object Repo/WorkFlow Listing Page/Workflow Found - Listing 1' is double clicked on

2018-12-12 12:53:42 - [MESSAGE][PASSED] - Object: 'Object Repository/Final Object Repo/WorkFlow Listing Page/Workflow Found - Listing 1' is double clicked on

2018-12-12 12:53:42 - [TEST_STEP][PASSED] - Statement - println(OwnerID): null

2018-12-12 12:53:42 - [TEST_STEP][PASSED] - Statement - OwnerID = com.kms.katalon.core.webui.keyword.WebUiBuiltInKeywords.getText(com.kms.katalon.core.testobject.ObjectRepository.findTestObject(Final Object Repo/WorkFlow Listing Page/Workflow Found - Listing 1), STOP_ON_FAILURE): Text of object 'Object Repository/Final Object Repo/WorkFlow Listing Page/Workflow Found - Listing 1' is: 'JOHORro1'

2018-12-12 12:53:42 - [MESSAGE][PASSED] - Text of object 'Object Repository/Final Object Repo/WorkFlow Listing Page/Workflow Found - Listing 1' is: 'JOHORro1'

2018-12-12 12:53:42 - [TEST_STEP][PASSED] - Statement - OwnerID = OwnerID.toLowerCase() + "@gmail.com": null

2018-12-12 12:53:42 - [TEST_STEP][PASSED] - Statement - println(OwnerID): null

2018-12-12 12:53:42 - [TEST_STEP][PASSED] - delay: Delayed 2 second(s)

2018-12-12 12:53:44 - [MESSAGE][PASSED] - Delayed 2 second(s)

2018-12-12 12:53:44 - [MESSAGE][PASSED] - Call Test Case 'Test Cases/Final Aug 2018 - PKS Automation/Common/Workflow Owner Finder' successfully

2018-12-12 12:53:44 - [TEST_STEP][PASSED] - delay: Delayed 2 second(s)

2018-12-12 12:53:46 - [MESSAGE][PASSED] - Delayed 2 second(s)

2018-12-12 12:53:46 - [TEST_STEP][PASSED] - navigateToUrl: Navigate to 'https://assist2-uat.perkeso.gov.my/c/portal/logout' successfully

2018-12-12 12:53:47 - [MESSAGE][PASSED] - Navigate to 'https://assist2-uat.perkeso.gov.my/c/portal/logout' successfully

2018-12-12 12:53:47 - [TEST_STEP][PASSED] - delay: Delayed 2 second(s)

2018-12-12 12:53:49 - [MESSAGE][PASSED] - Delayed 2 second(s)

2018-12-12 12:53:49 - [TEST_STEP][PASSED] - callTestCase: Call Test Case 'Test Cases/Final Aug 2018 - PKS Automation/Registration Module/Workflow/Login and Search Case For Workflow' successfully

2018-12-12 12:53:49 - [TEST_CASE][PASSED] - Test Cases/Final Aug 2018 - PKS Automation/Registration Module/Workflow/Login and Search Case For Workflow: Test Cases/Final Aug 2018 - PKS Automation/Registration Module/Workflow/Login and Search Case For Workflow

2018-12-12 12:53:49 - [TEST_STEP][PASSED] - navigateToUrl: Navigate to 'https://assist2-uat.perkeso.gov.my/login' successfully

2018-12-12 12:53:50 - [MESSAGE][PASSED] - Navigate to 'https://assist2-uat.perkeso.gov.my/login' successfully

2018-12-12 12:53:50 - [TEST_STEP][PASSED] - setText: Text 'johorro1@gmail.com' is set on object 'Object Repository/Final Object Repo/Login Page/Internal User/Email Address'

2018-12-12 12:53:50 - [MESSAGE][PASSED] - Text 'johorro1@gmail.com' is set on object 'Object Repository/Final Object Repo/Login Page/Internal User/Email Address'

2018-12-12 12:53:50 - [TEST_STEP][PASSED] - click: Object: 'Object Repository/Final Object Repo/Login Page/Internal User/Next Button' is clicked on

2018-12-12 12:53:50 - [MESSAGE][PASSED] - Object: 'Object Repository/Final Object Repo/Login Page/Internal User/Next Button' is clicked on

2018-12-12 12:53:50 - [TEST_STEP][PASSED] - delay: Delayed 1 second(s)

2018-12-12 12:53:51 - [MESSAGE][PASSED] - Delayed 1 second(s)

2018-12-12 12:53:51 - [TEST_STEP][PASSED] - setEncryptedText: Text ****** has been set on object 'Object Repository/Final Object Repo/Login Page/Internal User/Password'

2018-12-12 12:53:51 - [MESSAGE][PASSED] - Text ****** has been set on object 'Object Repository/Final Object Repo/Login Page/Internal User/Password'

2018-12-12 12:53:51 - [TEST_STEP][PASSED] - click: Object: 'Object Repository/Final Object Repo/Login Page/Internal User/Login Button' is clicked on

2018-12-12 12:53:52 - [MESSAGE][PASSED] - Object: 'Object Repository/Final Object Repo/Login Page/Internal User/Login Button' is clicked on

2018-12-12 12:53:52 - [TEST_STEP][PASSED] - delay: Delayed 2 second(s)

2018-12-12 12:53:54 - [MESSAGE][PASSED] - Delayed 2 second(s)

2018-12-12 12:53:54 - [TEST_STEP][PASSED] - Statement - Try: Delayed 2 second(s)

2018-12-12 12:53:54 - [TEST_STEP][PASSED] - Statement - Checker = false: null

2018-12-12 12:53:54 - [TEST_STEP][PASSED] - Statement - Checker = com.kms.katalon.core.webui.keyword.WebUiBuiltInKeywords.verifyElementHasAttribute(com.kms.katalon.core.testobject.ObjectRepository.findTestObject(Final Object Repo/Landing Page/BM Detecting), "href", 20, OPTIONAL): Object 'Object Repository/Final Object Repo/Landing Page/BM Detecting' has attribute 'href'

2018-12-12 12:53:54 - [MESSAGE][PASSED] - Object 'Object Repository/Final Object Repo/Landing Page/BM Detecting' has attribute 'href'

2018-12-12 12:53:54 - [TEST_STEP][PASSED] - Statement - out.println(Checker): null

2018-12-12 12:53:54 - [TEST_STEP][PASSED] - Statement - If (Checker == false): null

2018-12-12 12:53:54 - [TEST_STEP][PASSED] - Statement - Else: null

2018-12-12 12:53:54 - [TEST_STEP][PASSED] - delay: Delayed 2 second(s)

2018-12-12 12:53:56 - [MESSAGE][PASSED] - Delayed 2 second(s)

2018-12-12 12:53:56 - [TEST_STEP][PASSED] - click: Object: 'Object Repository/Final Object Repo/Page_MyASSIST - ASSIST - Search Pending Case For Add Supporting Document/Search Information' is clicked on

2018-12-12 12:53:56 - [MESSAGE][PASSED] - Object: 'Object Repository/Final Object Repo/Page_MyASSIST - ASSIST - Search Pending Case For Add Supporting Document/Search Information' is clicked on

2018-12-12 12:53:56 - [TEST_STEP][PASSED] - delay: Delayed 3 second(s)

2018-12-12 12:53:59 - [MESSAGE][PASSED] - Delayed 3 second(s)

2018-12-12 12:53:59 - [TEST_STEP][PASSED] - sendKeys: Keys 'SSN12201800001192' sent to object: 'Object Repository/Final Object Repo/Page_MyASSIST - ASSIST - Search Pending Case For Add Supporting Document/Reference No'

2018-12-12 12:53:59 - [MESSAGE][PASSED] - Keys 'SSN12201800001192' sent to object: 'Object Repository/Final Object Repo/Page_MyASSIST - ASSIST - Search Pending Case For Add Supporting Document/Reference No'

2018-12-12 12:53:59 - [TEST_STEP][PASSED] - click: Object: 'Object Repository/Final Object Repo/Page_MyASSIST - ASSIST - Search Pending Case For Add Supporting Document/Search Reference No' is clicked on

2018-12-12 12:53:59 - [MESSAGE][PASSED] - Object: 'Object Repository/Final Object Repo/Page_MyASSIST - ASSIST - Search Pending Case For Add Supporting Document/Search Reference No' is clicked on

2018-12-12 12:53:59 - [TEST_STEP][PASSED] - delay: Delayed 2 second(s)

2018-12-12 12:54:01 - [MESSAGE][PASSED] - Delayed 2 second(s)

2018-12-12 12:54:01 - [TEST_STEP][PASSED] - click: Object: 'Object Repository/Final Object Repo/Page_MyASSIST - ASSIST - Search Pending Case For Add Supporting Document/Continue' is clicked on

2018-12-12 12:54:09 - [MESSAGE][PASSED] - Object: 'Object Repository/Final Object Repo/Page_MyASSIST - ASSIST - Search Pending Case For Add Supporting Document/Continue' is clicked on

2018-12-12 12:54:09 - [TEST_STEP][PASSED] - delay: Delayed 20 second(s)

2018-12-12 12:54:29 - [MESSAGE][PASSED] - Delayed 20 second(s)

2018-12-12 12:54:29 - [MESSAGE][PASSED] - Call Test Case 'Test Cases/Final Aug 2018 - PKS Automation/Registration Module/Workflow/Login and Search Case For Workflow' successfully

2018-12-12 12:54:29 - [TEST_STEP][PASSED] - callTestCase: Call Test Case 'Test Cases/Final Aug 2018 - PKS Automation/Registration Module/Workflow/Request SSN/Template/Request SSN - RO (Query)' successfully

2018-12-12 12:54:29 - [TEST_CASE][PASSED] - Test Cases/Final Aug 2018 - PKS Automation/Registration Module/Workflow/Request SSN/Template/Request SSN - RO (Query): Test Cases/Final Aug 2018 - PKS Automation/Registration Module/Workflow/Request SSN/Template/Request SSN - RO (Query)

2018-12-12 12:54:29 - [TEST_STEP][NOT_RUN] - openBrowser: NOT_RUN: openBrowser

2018-12-12 12:54:29 - [MESSAGE][NOT_RUN] - NOT_RUN: openBrowser

2018-12-12 12:54:29 - [TEST_STEP][NOT_RUN] - navigateToUrl: NOT_RUN: navigateToUrl

2018-12-12 12:54:29 - [MESSAGE][NOT_RUN] - NOT_RUN: navigateToUrl

2018-12-12 12:54:29 - [TEST_STEP][NOT_RUN] - setText: NOT_RUN: setText

2018-12-12 12:54:29 - [MESSAGE][NOT_RUN] - NOT_RUN: setText

2018-12-12 12:54:29 - [TEST_STEP][NOT_RUN] - click: NOT_RUN: click

2018-12-12 12:54:29 - [MESSAGE][NOT_RUN] - NOT_RUN: click

2018-12-12 12:54:29 - [TEST_STEP][NOT_RUN] - delay: NOT_RUN: delay

2018-12-12 12:54:29 - [MESSAGE][NOT_RUN] - NOT_RUN: delay

2018-12-12 12:54:29 - [TEST_STEP][NOT_RUN] - setEncryptedText: NOT_RUN: setEncryptedText

2018-12-12 12:54:29 - [MESSAGE][NOT_RUN] - NOT_RUN: setEncryptedText

2018-12-12 12:54:29 - [TEST_STEP][NOT_RUN] - click: NOT_RUN: click

2018-12-12 12:54:29 - [MESSAGE][NOT_RUN] - NOT_RUN: click

2018-12-12 12:54:29 - [TEST_STEP][NOT_RUN] - delay: NOT_RUN: delay

2018-12-12 12:54:29 - [MESSAGE][NOT_RUN] - NOT_RUN: delay

2018-12-12 12:54:29 - [TEST_STEP][NOT_RUN] - click: NOT_RUN: click

2018-12-12 12:54:29 - [MESSAGE][NOT_RUN] - NOT_RUN: click

2018-12-12 12:54:29 - [TEST_STEP][NOT_RUN] - delay: NOT_RUN: delay

2018-12-12 12:54:29 - [MESSAGE][NOT_RUN] - NOT_RUN: delay

2018-12-12 12:54:29 - [TEST_STEP][NOT_RUN] - sendKeys: NOT_RUN: sendKeys

2018-12-12 12:54:29 - [MESSAGE][NOT_RUN] - NOT_RUN: sendKeys

2018-12-12 12:54:29 - [TEST_STEP][NOT_RUN] - click: NOT_RUN: click

2018-12-12 12:54:29 - [MESSAGE][NOT_RUN] - NOT_RUN: click

2018-12-12 12:54:29 - [TEST_STEP][NOT_RUN] - delay: NOT_RUN: delay

2018-12-12 12:54:29 - [MESSAGE][NOT_RUN] - NOT_RUN: delay

2018-12-12 12:54:29 - [TEST_STEP][NOT_RUN] - click: NOT_RUN: click

2018-12-12 12:54:29 - [MESSAGE][NOT_RUN] - NOT_RUN: click

2018-12-12 12:54:29 - [TEST_STEP][PASSED] - click: Object: 'Object Repository/Final Object Repo/Page_Request SSN - ASSIST/Page_Request SSN - ASSIST - RO/Approval For SSN' is clicked on

2018-12-12 12:54:29 - [MESSAGE][PASSED] - Object: 'Object Repository/Final Object Repo/Page_Request SSN - ASSIST/Page_Request SSN - ASSIST - RO/Approval For SSN' is clicked on

2018-12-12 12:54:29 - [TEST_STEP][PASSED] - click: Object: 'Object Repository/Final Object Repo/Page_Request SSN - ASSIST/Page_Request SSN - ASSIST - RO/Approval For SSN - Approve' is clicked on

2018-12-12 12:54:29 - [MESSAGE][PASSED] - Object: 'Object Repository/Final Object Repo/Page_Request SSN - ASSIST/Page_Request SSN - ASSIST - RO/Approval For SSN - Approve' is clicked on

2018-12-12 12:54:29 - [TEST_STEP][PASSED] - delay: Delayed 2 second(s)

2018-12-12 12:54:31 - [MESSAGE][PASSED] - Delayed 2 second(s)

2018-12-12 12:54:31 - [TEST_STEP][PASSED] - click: Object: 'Object Repository/Final Object Repo/Page_Request SSN - ASSIST/Page_Request SSN - ASSIST - RO/Save  Continue in SSN Page' is clicked on

2018-12-12 12:54:32 - [MESSAGE][PASSED] - Object: 'Object Repository/Final Object Repo/Page_Request SSN - ASSIST/Page_Request SSN - ASSIST - RO/Save  Continue in SSN Page' is clicked on

2018-12-12 12:54:32 - [TEST_STEP][PASSED] - delay: Delayed 2 second(s)

2018-12-12 12:54:34 - [MESSAGE][PASSED] - Delayed 2 second(s)

2018-12-12 12:54:34 - [TEST_STEP][PASSED] - setText: Text 'Query' is set on object 'Object Repository/Final Object Repo/Page_Request SSN - ASSIST/Page_Request SSN - ASSIST - RO/Page_Request SSN - ASSIST  (Query)/Remark'

2018-12-12 12:54:36 - [MESSAGE][PASSED] - Text 'Query' is set on object 'Object Repository/Final Object Repo/Page_Request SSN - ASSIST/Page_Request SSN - ASSIST - RO/Page_Request SSN - ASSIST  (Query)/Remark'

2018-12-12 12:54:36 - [TEST_STEP][PASSED] - delay: Delayed 2 second(s)

2018-12-12 12:54:38 - [MESSAGE][PASSED] - Delayed 2 second(s)

2018-12-12 12:54:38 - [TEST_STEP][PASSED] - click: Object: 'Object Repository/Final Object Repo/Page_Request SSN - ASSIST/Page_Request SSN - ASSIST - RO/Save  Continue in Uploading Document Page' is clicked on

2018-12-12 12:54:38 - [MESSAGE][PASSED] - Object: 'Object Repository/Final Object Repo/Page_Request SSN - ASSIST/Page_Request SSN - ASSIST - RO/Save  Continue in Uploading Document Page' is clicked on

2018-12-12 12:54:38 - [TEST_STEP][PASSED] - delay: Delayed 2 second(s)

2018-12-12 12:54:40 - [MESSAGE][PASSED] - Delayed 2 second(s)

2018-12-12 12:54:40 - [TEST_STEP][PASSED] - click: Object: 'Object Repository/Final Object Repo/Page_Request SSN - ASSIST/Page_Request SSN - ASSIST - RO/Page_Request SSN - ASSIST  (Query)/Query' is clicked on

2018-12-12 12:54:43 - [MESSAGE][PASSED] - Object: 'Object Repository/Final Object Repo/Page_Request SSN - ASSIST/Page_Request SSN - ASSIST - RO/Page_Request SSN - ASSIST  (Query)/Query' is clicked on

2018-12-12 12:54:43 - [TEST_STEP][PASSED] - delay: Delayed 2 second(s)

2018-12-12 12:54:45 - [MESSAGE][PASSED] - Delayed 2 second(s)

2018-12-12 12:54:45 - [TEST_STEP][PASSED] - click: Object: 'Object Repository/Final Object Repo/Page_Request SSN - ASSIST/Page_Request SSN - ASSIST - RO/Page_Request SSN - ASSIST  (Query)/Confirm' is clicked on

2018-12-12 12:54:53 - [MESSAGE][PASSED] - Object: 'Object Repository/Final Object Repo/Page_Request SSN - ASSIST/Page_Request SSN - ASSIST - RO/Page_Request SSN - ASSIST  (Query)/Confirm' is clicked on

2018-12-12 12:54:53 - [TEST_STEP][PASSED] - delay: Delayed 2 second(s)

2018-12-12 12:54:55 - [MESSAGE][PASSED] - Delayed 2 second(s)

2018-12-12 12:54:55 - [TEST_STEP][PASSED] - verifyElementVisible: Object 'Object Repository/Final Object Repo/Page_Request SSN - ASSIST/Page_Request SSN - ASSIST - RO/Page_Request SSN - ASSIST  (Query)/Message Case Is Under Query' is visible

2018-12-12 12:54:55 - [MESSAGE][PASSED] - Object 'Object Repository/Final Object Repo/Page_Request SSN - ASSIST/Page_Request SSN - ASSIST - RO/Page_Request SSN - ASSIST  (Query)/Message Case Is Under Query' is visible

2018-12-12 12:54:55 - [TEST_STEP][PASSED] - delay: Delayed 2 second(s)

2018-12-12 12:54:57 - [MESSAGE][PASSED] - Delayed 2 second(s)

2018-12-12 12:54:57 - [TEST_STEP][PASSED] - verifyElementVisible: Object 'Object Repository/Final Object Repo/Page_Request SSN - ASSIST/Page_Request SSN - ASSIST - RO/Page_Request SSN - ASSIST  (Query)/Letter of inquiry' is visible

2018-12-12 12:54:57 - [MESSAGE][PASSED] - Object 'Object Repository/Final Object Repo/Page_Request SSN - ASSIST/Page_Request SSN - ASSIST - RO/Page_Request SSN - ASSIST  (Query)/Letter of inquiry' is visible

2018-12-12 12:54:57 - [MESSAGE][PASSED] - Call Test Case 'Test Cases/Final Aug 2018 - PKS Automation/Registration Module/Workflow/Request SSN/Template/Request SSN - RO (Query)' successfully

2018-12-12 12:54:57 - [TEST_STEP][PASSED] - delay: Delayed 2 second(s)

2018-12-12 12:54:59 - [MESSAGE][PASSED] - Delayed 2 second(s)

2018-12-12 12:54:59 - [TEST_STEP][PASSED] - callTestCase: Call Test Case 'Test Cases/Final Aug 2018 - PKS Automation/Registration Module/Workflow/Request SSN/Template/Request SSN  RO (Approve after Query)' successfully

2018-12-12 12:54:59 - [TEST_CASE][PASSED] - Test Cases/Final Aug 2018 - PKS Automation/Registration Module/Workflow/Request SSN/Template/Request SSN  RO (Approve after Query): Test Cases/Final Aug 2018 - PKS Automation/Registration Module/Workflow/Request SSN/Template/Request SSN  RO (Approve after Query)

2018-12-12 12:54:59 - [TEST_STEP][PASSED] - openBrowser: Browser is opened with url: ''

2018-12-12 12:54:59 - [MESSAGE][WARNING] - A browser is already opened. Closing browser and opening a new one

2018-12-12 12:55:04 - [MESSAGE][PASSED] - Browser is opened with url: ''

2018-12-12 12:55:04 - [TEST_STEP][PASSED] - navigateToUrl: Navigate to 'https://assist2-uat.perkeso.gov.my/login' successfully

2018-12-12 12:55:05 - [MESSAGE][PASSED] - Navigate to 'https://assist2-uat.perkeso.gov.my/login' successfully

2018-12-12 12:55:05 - [TEST_STEP][PASSED] - setText: Text 'johorotc1@gmail.com' is set on object 'Object Repository/Final Object Repo/Login Page/Internal User/Email Address'

2018-12-12 12:55:05 - [MESSAGE][PASSED] - Text 'johorotc1@gmail.com' is set on object 'Object Repository/Final Object Repo/Login Page/Internal User/Email Address'

2018-12-12 12:55:05 - [TEST_STEP][PASSED] - click: Object: 'Object Repository/Final Object Repo/Login Page/Internal User/Next Button' is clicked on

2018-12-12 12:55:06 - [MESSAGE][PASSED] - Object: 'Object Repository/Final Object Repo/Login Page/Internal User/Next Button' is clicked on

2018-12-12 12:55:06 - [TEST_STEP][PASSED] - delay: Delayed 1 second(s)

2018-12-12 12:55:07 - [MESSAGE][PASSED] - Delayed 1 second(s)

2018-12-12 12:55:07 - [TEST_STEP][PASSED] - setEncryptedText: Text ****** has been set on object 'Object Repository/Final Object Repo/Login Page/Internal User/Password'

2018-12-12 12:55:07 - [MESSAGE][PASSED] - Text ****** has been set on object 'Object Repository/Final Object Repo/Login Page/Internal User/Password'

2018-12-12 12:55:07 - [TEST_STEP][PASSED] - click: Object: 'Object Repository/Final Object Repo/Login Page/Internal User/Login Button' is clicked on

2018-12-12 12:55:07 - [MESSAGE][PASSED] - Object: 'Object Repository/Final Object Repo/Login Page/Internal User/Login Button' is clicked on

2018-12-12 12:55:07 - [TEST_STEP][PASSED] - Statement - Try: null

2018-12-12 12:55:07 - [TEST_STEP][PASSED] - Statement - Checker = com.kms.katalon.core.webui.keyword.WebUiBuiltInKeywords.verifyElementNotPresent("Final Object Repo/Landing Page/Select to English", 3): null

2018-12-12 12:55:07 - [TEST_STEP][PASSED] - Statement - Catch (Exception e): null

2018-12-12 12:55:07 - [TEST_STEP][PASSED] - Statement - e.printStackTrace(): null

2018-12-12 12:55:07 - [TEST_STEP][PASSED] - delay: Delayed 5 second(s)

2018-12-12 12:55:12 - [MESSAGE][PASSED] - Delayed 5 second(s)

2018-12-12 12:55:12 - [TEST_STEP][PASSED] - delay: Delayed 1 second(s)

2018-12-12 12:55:13 - [MESSAGE][PASSED] - Delayed 1 second(s)

2018-12-12 12:55:13 - [TEST_STEP][PASSED] - navigateToUrl: Navigate to 'https://assist2-uat.perkeso.gov.my/web/registration/search/search-pending-case-for-add-supporting-document' successfully

2018-12-12 12:55:14 - [MESSAGE][PASSED] - Navigate to 'https://assist2-uat.perkeso.gov.my/web/registration/search/search-pending-case-for-add-supporting-document' successfully

2018-12-12 12:55:14 - [TEST_STEP][PASSED] - click: Object: 'Object Repository/Final Object Repo/Page_Search Pending Case For Add Suporting Document/Search By' is clicked on

2018-12-12 12:55:14 - [MESSAGE][PASSED] - Object: 'Object Repository/Final Object Repo/Page_Search Pending Case For Add Suporting Document/Search By' is clicked on

2018-12-12 12:55:14 - [TEST_STEP][PASSED] - click: Object: 'Object Repository/Final Object Repo/Page_Search Pending Case For Add Suporting Document/Search By - Reference ID' is clicked on

2018-12-12 12:55:14 - [MESSAGE][PASSED] - Object: 'Object Repository/Final Object Repo/Page_Search Pending Case For Add Suporting Document/Search By - Reference ID' is clicked on

2018-12-12 12:55:14 - [TEST_STEP][PASSED] - delay: Delayed 2 second(s)

2018-12-12 12:55:16 - [MESSAGE][PASSED] - Delayed 2 second(s)

2018-12-12 12:55:16 - [TEST_STEP][PASSED] - setText: Text 'SSN12201800001192' is set on object 'Object Repository/Final Object Repo/Page_Search Pending Case For Add Suporting Document/Reference ID'

2018-12-12 12:55:17 - [MESSAGE][PASSED] - Text 'SSN12201800001192' is set on object 'Object Repository/Final Object Repo/Page_Search Pending Case For Add Suporting Document/Reference ID'

2018-12-12 12:55:17 - [TEST_STEP][PASSED] - click: Object: 'Object Repository/Final Object Repo/Page_Search Pending Case For Add Suporting Document/Search' is clicked on

2018-12-12 12:55:17 - [MESSAGE][PASSED] - Object: 'Object Repository/Final Object Repo/Page_Search Pending Case For Add Suporting Document/Search' is clicked on

2018-12-12 12:55:17 - [TEST_STEP][PASSED] - delay: Delayed 2 second(s)

2018-12-12 12:55:19 - [MESSAGE][PASSED] - Delayed 2 second(s)

2018-12-12 12:55:19 - [TEST_STEP][PASSED] - click: Object: 'Object Repository/Final Object Repo/Page_Search Pending Case For Add Suporting Document/Edit' is clicked on

2018-12-12 12:55:26 - [MESSAGE][PASSED] - Object: 'Object Repository/Final Object Repo/Page_Search Pending Case For Add Suporting Document/Edit' is clicked on

2018-12-12 12:55:26 - [TEST_STEP][PASSED] - delay: Delayed 2 second(s)

2018-12-12 12:55:28 - [MESSAGE][PASSED] - Delayed 2 second(s)

2018-12-12 12:55:28 - [TEST_STEP][PASSED] - click: Object: 'Object Repository/Final Object Repo/Page_Request SSN - ASSIST/Page_Request SSN - ASSIST - RO/Page_Request SSN - ASSIST (Query -OTC -RO)/Next' is clicked on

2018-12-12 12:55:31 - [MESSAGE][PASSED] - Object: 'Object Repository/Final Object Repo/Page_Request SSN - ASSIST/Page_Request SSN - ASSIST - RO/Page_Request SSN - ASSIST (Query -OTC -RO)/Next' is clicked on

2018-12-12 12:55:31 - [TEST_STEP][PASSED] - delay: Delayed 2 second(s)

2018-12-12 12:55:33 - [MESSAGE][PASSED] - Delayed 2 second(s)

2018-12-12 12:55:33 - [TEST_STEP][PASSED] - click: Object: 'Object Repository/Final Object Repo/Page_Request SSN - ASSIST/Add Document Button' is clicked on

2018-12-12 12:55:33 - [MESSAGE][PASSED] - Object: 'Object Repository/Final Object Repo/Page_Request SSN - ASSIST/Add Document Button' is clicked on

2018-12-12 12:55:33 - [TEST_STEP][PASSED] - delay: Delayed 2 second(s)

2018-12-12 12:55:35 - [MESSAGE][PASSED] - Delayed 2 second(s)

2018-12-12 12:55:35 - [TEST_STEP][PASSED] - click: Object: 'Object Repository/Final Object Repo/Page_Request SSN - ASSIST/Document Type' is clicked on

2018-12-12 12:55:37 - [MESSAGE][PASSED] - Object: 'Object Repository/Final Object Repo/Page_Request SSN - ASSIST/Document Type' is clicked on

2018-12-12 12:55:37 - [TEST_STEP][PASSED] - click: Object: 'Object Repository/Final Object Repo/Page_Request SSN - ASSIST/Document Type - Birth Certificate' is clicked on

2018-12-12 12:55:37 - [MESSAGE][PASSED] - Object: 'Object Repository/Final Object Repo/Page_Request SSN - ASSIST/Document Type - Birth Certificate' is clicked on

2018-12-12 12:55:37 - [TEST_STEP][PASSED] - sendKeys: Keys 'C:\Users\Public\Pictures\Sample Pictures\Koala.jpg' sent to object: 'Object Repository/Final Object Repo/Page_Request SSN - ASSIST/Upload File'

2018-12-12 12:55:37 - [MESSAGE][PASSED] - Keys 'C:\Users\Public\Pictures\Sample Pictures\Koala.jpg' sent to object: 'Object Repository/Final Object Repo/Page_Request SSN - ASSIST/Upload File'

2018-12-12 12:55:37 - [TEST_STEP][PASSED] - click: Object: 'Object Repository/Final Object Repo/Page_Request SSN - ASSIST/Add Document' is clicked on

2018-12-12 12:55:37 - [MESSAGE][PASSED] - Object: 'Object Repository/Final Object Repo/Page_Request SSN - ASSIST/Add Document' is clicked on

2018-12-12 12:55:37 - [TEST_STEP][PASSED] - delay: Delayed 2 second(s)

2018-12-12 12:55:39 - [MESSAGE][PASSED] - Delayed 2 second(s)

2018-12-12 12:55:39 - [TEST_STEP][PASSED] - click: Object: 'Object Repository/Final Object Repo/Page_Request SSN - ASSIST/Page_Request SSN - ASSIST - RO/Page_Request SSN - ASSIST (Query -OTC -RO)/Exit' is clicked on

2018-12-12 12:55:42 - [MESSAGE][PASSED] - Object: 'Object Repository/Final Object Repo/Page_Request SSN - ASSIST/Page_Request SSN - ASSIST - RO/Page_Request SSN - ASSIST (Query -OTC -RO)/Exit' is clicked on

2018-12-12 12:55:42 - [TEST_STEP][PASSED] - delay: Delayed 2 second(s)

2018-12-12 12:55:44 - [MESSAGE][PASSED] - Delayed 2 second(s)

2018-12-12 12:55:44 - [TEST_STEP][PASSED] - navigateToUrl: Navigate to 'https://assist2-uat.perkeso.gov.my/c/portal/logout' successfully

2018-12-12 12:55:44 - [MESSAGE][PASSED] - Navigate to 'https://assist2-uat.perkeso.gov.my/c/portal/logout' successfully

2018-12-12 12:55:44 - [TEST_STEP][PASSED] - delay: Delayed 2 second(s)

2018-12-12 12:55:46 - [MESSAGE][PASSED] - Delayed 2 second(s)

2018-12-12 12:55:46 - [TEST_STEP][PASSED] - callTestCase: Call Test Case 'Test Cases/Final Aug 2018 - PKS Automation/Registration Module/Workflow/Login and Search Case For Workflow' successfully

2018-12-12 12:55:46 - [TEST_CASE][PASSED] - Test Cases/Final Aug 2018 - PKS Automation/Registration Module/Workflow/Login and Search Case For Workflow: Test Cases/Final Aug 2018 - PKS Automation/Registration Module/Workflow/Login and Search Case For Workflow

2018-12-12 12:55:46 - [TEST_STEP][PASSED] - navigateToUrl: Navigate to 'https://assist2-uat.perkeso.gov.my/login' successfully

2018-12-12 12:55:47 - [MESSAGE][PASSED] - Navigate to 'https://assist2-uat.perkeso.gov.my/login' successfully

2018-12-12 12:55:47 - [TEST_STEP][PASSED] - setText: Text 'johorro1@gmail.com' is set on object 'Object Repository/Final Object Repo/Login Page/Internal User/Email Address'

2018-12-12 12:55:47 - [MESSAGE][PASSED] - Text 'johorro1@gmail.com' is set on object 'Object Repository/Final Object Repo/Login Page/Internal User/Email Address'

2018-12-12 12:55:47 - [TEST_STEP][PASSED] - click: Object: 'Object Repository/Final Object Repo/Login Page/Internal User/Next Button' is clicked on

2018-12-12 12:55:48 - [MESSAGE][PASSED] - Object: 'Object Repository/Final Object Repo/Login Page/Internal User/Next Button' is clicked on

2018-12-12 12:55:48 - [TEST_STEP][PASSED] - delay: Delayed 1 second(s)

2018-12-12 12:55:49 - [MESSAGE][PASSED] - Delayed 1 second(s)

2018-12-12 12:55:49 - [TEST_STEP][PASSED] - setEncryptedText: Text ****** has been set on object 'Object Repository/Final Object Repo/Login Page/Internal User/Password'

2018-12-12 12:55:49 - [MESSAGE][PASSED] - Text ****** has been set on object 'Object Repository/Final Object Repo/Login Page/Internal User/Password'

2018-12-12 12:55:49 - [TEST_STEP][PASSED] - click: Object: 'Object Repository/Final Object Repo/Login Page/Internal User/Login Button' is clicked on

2018-12-12 12:55:49 - [MESSAGE][PASSED] - Object: 'Object Repository/Final Object Repo/Login Page/Internal User/Login Button' is clicked on

2018-12-12 12:55:49 - [TEST_STEP][PASSED] - delay: Delayed 2 second(s)

2018-12-12 12:55:51 - [MESSAGE][PASSED] - Delayed 2 second(s)

2018-12-12 12:55:51 - [TEST_STEP][PASSED] - Statement - Try: Delayed 2 second(s)

2018-12-12 12:55:51 - [TEST_STEP][PASSED] - Statement - Checker = false: null

2018-12-12 12:55:51 - [TEST_STEP][PASSED] - Statement - Checker = com.kms.katalon.core.webui.keyword.WebUiBuiltInKeywords.verifyElementHasAttribute(com.kms.katalon.core.testobject.ObjectRepository.findTestObject(Final Object Repo/Landing Page/BM Detecting), "href", 20, OPTIONAL): Object 'Object Repository/Final Object Repo/Landing Page/BM Detecting' has attribute 'href'

2018-12-12 12:55:51 - [MESSAGE][PASSED] - Object 'Object Repository/Final Object Repo/Landing Page/BM Detecting' has attribute 'href'

2018-12-12 12:55:51 - [TEST_STEP][PASSED] - Statement - out.println(Checker): null

2018-12-12 12:55:51 - [TEST_STEP][PASSED] - Statement - If (Checker == false): null

2018-12-12 12:55:51 - [TEST_STEP][PASSED] - Statement - Else: null

2018-12-12 12:55:51 - [TEST_STEP][PASSED] - delay: Delayed 2 second(s)

2018-12-12 12:55:53 - [MESSAGE][PASSED] - Delayed 2 second(s)

2018-12-12 12:55:53 - [TEST_STEP][PASSED] - click: Object: 'Object Repository/Final Object Repo/Page_MyASSIST - ASSIST - Search Pending Case For Add Supporting Document/Search Information' is clicked on

2018-12-12 12:55:53 - [MESSAGE][PASSED] - Object: 'Object Repository/Final Object Repo/Page_MyASSIST - ASSIST - Search Pending Case For Add Supporting Document/Search Information' is clicked on

2018-12-12 12:55:53 - [TEST_STEP][PASSED] - delay: Delayed 3 second(s)

2018-12-12 12:55:56 - [MESSAGE][PASSED] - Delayed 3 second(s)

2018-12-12 12:55:56 - [TEST_STEP][PASSED] - sendKeys: Keys 'SSN12201800001192' sent to object: 'Object Repository/Final Object Repo/Page_MyASSIST - ASSIST - Search Pending Case For Add Supporting Document/Reference No'

2018-12-12 12:55:57 - [MESSAGE][PASSED] - Keys 'SSN12201800001192' sent to object: 'Object Repository/Final Object Repo/Page_MyASSIST - ASSIST - Search Pending Case For Add Supporting Document/Reference No'

2018-12-12 12:55:57 - [TEST_STEP][PASSED] - click: Object: 'Object Repository/Final Object Repo/Page_MyASSIST - ASSIST - Search Pending Case For Add Supporting Document/Search Reference No' is clicked on

2018-12-12 12:55:57 - [MESSAGE][PASSED] - Object: 'Object Repository/Final Object Repo/Page_MyASSIST - ASSIST - Search Pending Case For Add Supporting Document/Search Reference No' is clicked on

2018-12-12 12:55:57 - [TEST_STEP][PASSED] - delay: Delayed 2 second(s)

2018-12-12 12:55:59 - [MESSAGE][PASSED] - Delayed 2 second(s)

2018-12-12 12:55:59 - [TEST_STEP][PASSED] - click: Object: 'Object Repository/Final Object Repo/Page_MyASSIST - ASSIST - Search Pending Case For Add Supporting Document/Continue' is clicked on

2018-12-12 12:56:05 - [MESSAGE][PASSED] - Object: 'Object Repository/Final Object Repo/Page_MyASSIST - ASSIST - Search Pending Case For Add Supporting Document/Continue' is clicked on

2018-12-12 12:56:05 - [TEST_STEP][PASSED] - delay: Delayed 20 second(s)

2018-12-12 12:56:25 - [MESSAGE][PASSED] - Delayed 20 second(s)

2018-12-12 12:56:25 - [MESSAGE][PASSED] - Call Test Case 'Test Cases/Final Aug 2018 - PKS Automation/Registration Module/Workflow/Login and Search Case For Workflow' successfully

2018-12-12 12:56:25 - [TEST_STEP][PASSED] - callTestCase: Call Test Case 'Test Cases/Final Aug 2018 - PKS Automation/Registration Module/Workflow/Request SSN/Template/Request SSN - RO (Approve)' successfully

2018-12-12 12:56:26 - [TEST_CASE][PASSED] - Test Cases/Final Aug 2018 - PKS Automation/Registration Module/Workflow/Request SSN/Template/Request SSN - RO (Approve): Test Cases/Final Aug 2018 - PKS Automation/Registration Module/Workflow/Request SSN/Template/Request SSN - RO (Approve)

2018-12-12 12:56:26 - [TEST_STEP][NOT_RUN] - openBrowser: NOT_RUN: openBrowser

2018-12-12 12:56:26 - [MESSAGE][NOT_RUN] - NOT_RUN: openBrowser

2018-12-12 12:56:26 - [TEST_STEP][NOT_RUN] - navigateToUrl: NOT_RUN: navigateToUrl

2018-12-12 12:56:26 - [MESSAGE][NOT_RUN] - NOT_RUN: navigateToUrl

2018-12-12 12:56:26 - [TEST_STEP][NOT_RUN] - setText: NOT_RUN: setText

2018-12-12 12:56:26 - [MESSAGE][NOT_RUN] - NOT_RUN: setText

2018-12-12 12:56:26 - [TEST_STEP][NOT_RUN] - click: NOT_RUN: click

2018-12-12 12:56:26 - [MESSAGE][NOT_RUN] - NOT_RUN: click

2018-12-12 12:56:26 - [TEST_STEP][NOT_RUN] - delay: NOT_RUN: delay

2018-12-12 12:56:26 - [MESSAGE][NOT_RUN] - NOT_RUN: delay

2018-12-12 12:56:26 - [TEST_STEP][NOT_RUN] - setEncryptedText: NOT_RUN: setEncryptedText

2018-12-12 12:56:26 - [MESSAGE][NOT_RUN] - NOT_RUN: setEncryptedText

2018-12-12 12:56:26 - [TEST_STEP][NOT_RUN] - click: NOT_RUN: click

2018-12-12 12:56:26 - [MESSAGE][NOT_RUN] - NOT_RUN: click

2018-12-12 12:56:26 - [TEST_STEP][NOT_RUN] - delay: NOT_RUN: delay

2018-12-12 12:56:26 - [MESSAGE][NOT_RUN] - NOT_RUN: delay

2018-12-12 12:56:26 - [TEST_STEP][NOT_RUN] - click: NOT_RUN: click

2018-12-12 12:56:26 - [MESSAGE][NOT_RUN] - NOT_RUN: click

2018-12-12 12:56:26 - [TEST_STEP][NOT_RUN] - delay: NOT_RUN: delay

2018-12-12 12:56:26 - [MESSAGE][NOT_RUN] - NOT_RUN: delay

2018-12-12 12:56:26 - [TEST_STEP][NOT_RUN] - sendKeys: NOT_RUN: sendKeys

2018-12-12 12:56:26 - [MESSAGE][NOT_RUN] - NOT_RUN: sendKeys

2018-12-12 12:56:26 - [TEST_STEP][NOT_RUN] - click: NOT_RUN: click

2018-12-12 12:56:26 - [MESSAGE][NOT_RUN] - NOT_RUN: click

2018-12-12 12:56:26 - [TEST_STEP][NOT_RUN] - delay: NOT_RUN: delay

2018-12-12 12:56:26 - [MESSAGE][NOT_RUN] - NOT_RUN: delay

2018-12-12 12:56:26 - [TEST_STEP][NOT_RUN] - click: NOT_RUN: click

2018-12-12 12:56:26 - [MESSAGE][NOT_RUN] - NOT_RUN: click

2018-12-12 12:56:26 - [TEST_STEP][PASSED] - click: Object: 'Object Repository/Final Object Repo/Page_Request SSN - ASSIST/Page_Request SSN - ASSIST - RO/Approval For SSN' is clicked on

2018-12-12 12:56:26 - [MESSAGE][PASSED] - Object: 'Object Repository/Final Object Repo/Page_Request SSN - ASSIST/Page_Request SSN - ASSIST - RO/Approval For SSN' is clicked on

2018-12-12 12:56:26 - [TEST_STEP][PASSED] - click: Object: 'Object Repository/Final Object Repo/Page_Request SSN - ASSIST/Page_Request SSN - ASSIST - RO/Approval For SSN - Approve' is clicked on

2018-12-12 12:56:26 - [MESSAGE][PASSED] - Object: 'Object Repository/Final Object Repo/Page_Request SSN - ASSIST/Page_Request SSN - ASSIST - RO/Approval For SSN - Approve' is clicked on

2018-12-12 12:56:26 - [TEST_STEP][PASSED] - delay: Delayed 2 second(s)

2018-12-12 12:56:28 - [MESSAGE][PASSED] - Delayed 2 second(s)

2018-12-12 12:56:28 - [TEST_STEP][PASSED] - click: Object: 'Object Repository/Final Object Repo/Page_Request SSN - ASSIST/Page_Request SSN - ASSIST - RO/Save  Continue in SSN Page' is clicked on

2018-12-12 12:56:28 - [MESSAGE][PASSED] - Object: 'Object Repository/Final Object Repo/Page_Request SSN - ASSIST/Page_Request SSN - ASSIST - RO/Save  Continue in SSN Page' is clicked on

2018-12-12 12:56:28 - [TEST_STEP][PASSED] - delay: Delayed 2 second(s)

2018-12-12 12:56:30 - [MESSAGE][PASSED] - Delayed 2 second(s)

2018-12-12 12:56:30 - [TEST_STEP][PASSED] - click: Object: 'Object Repository/Final Object Repo/Page_Request SSN - ASSIST/Page_Request SSN - ASSIST - RO/Save  Continue in Uploading Document Page' is clicked on

2018-12-12 12:56:33 - [MESSAGE][PASSED] - Object: 'Object Repository/Final Object Repo/Page_Request SSN - ASSIST/Page_Request SSN - ASSIST - RO/Save  Continue in Uploading Document Page' is clicked on

2018-12-12 12:56:33 - [TEST_STEP][PASSED] - delay: Delayed 2 second(s)

2018-12-12 12:56:35 - [MESSAGE][PASSED] - Delayed 2 second(s)

2018-12-12 12:56:35 - [TEST_STEP][PASSED] - click: Object: 'Object Repository/Final Object Repo/Page_Request SSN - ASSIST/Page_Request SSN - ASSIST - RO/Submit' is clicked on

2018-12-12 12:56:37 - [MESSAGE][PASSED] - Object: 'Object Repository/Final Object Repo/Page_Request SSN - ASSIST/Page_Request SSN - ASSIST - RO/Submit' is clicked on

2018-12-12 12:56:37 - [TEST_STEP][PASSED] - delay: Delayed 2 second(s)

2018-12-12 12:56:39 - [MESSAGE][PASSED] - Delayed 2 second(s)

2018-12-12 12:56:39 - [TEST_STEP][PASSED] - click: Object: 'Object Repository/Final Object Repo/Page_Request SSN - ASSIST/Page_Request SSN - ASSIST - RO/Confirm' is clicked on

2018-12-12 12:56:40 - [MESSAGE][PASSED] - Object: 'Object Repository/Final Object Repo/Page_Request SSN - ASSIST/Page_Request SSN - ASSIST - RO/Confirm' is clicked on

2018-12-12 12:56:40 - [TEST_STEP][PASSED] - delay: Delayed 2 second(s)

2018-12-12 12:56:42 - [MESSAGE][PASSED] - Delayed 2 second(s)

2018-12-12 12:56:42 - [TEST_STEP][PASSED] - verifyElementVisible: Object 'Object Repository/Final Object Repo/Page_Request SSN - ASSIST/Page_Request SSN - ASSIST - RO/Successfull Message Your application has submitted' is visible

2018-12-12 12:56:49 - [MESSAGE][PASSED] - Object 'Object Repository/Final Object Repo/Page_Request SSN - ASSIST/Page_Request SSN - ASSIST - RO/Successfull Message Your application has submitted' is visible

2018-12-12 12:56:49 - [TEST_STEP][PASSED] - delay: Delayed 2 second(s)

2018-12-12 12:56:51 - [MESSAGE][PASSED] - Delayed 2 second(s)

2018-12-12 12:56:51 - [TEST_STEP][PASSED] - verifyElementVisible: Object 'Object Repository/Final Object Repo/Page_Request SSN - ASSIST/Page_Request SSN - ASSIST - RO/Letter of approval' is visible

2018-12-12 12:56:51 - [MESSAGE][PASSED] - Object 'Object Repository/Final Object Repo/Page_Request SSN - ASSIST/Page_Request SSN - ASSIST - RO/Letter of approval' is visible

2018-12-12 12:56:51 - [MESSAGE][PASSED] - Call Test Case 'Test Cases/Final Aug 2018 - PKS Automation/Registration Module/Workflow/Request SSN/Template/Request SSN - RO (Approve)' successfully

2018-12-12 12:56:51 - [MESSAGE][PASSED] - Call Test Case 'Test Cases/Final Aug 2018 - PKS Automation/Registration Module/Workflow/Request SSN/Template/Request SSN  RO (Approve after Query)' successfully

2018-12-12 12:56:51 - [MESSAGE][PASSED] - Call Test Case 'Test Cases/Final Aug 2018 - PKS Automation/Registration Module/Workflow/Request SSN/Template/Request SSN RIO - RO (Query)' successfully]]></system-out>
         <system-err><![CDATA[]]></system-err>
      </testcase>
      <testcase name="Test Cases/Final Aug 2018 - PKS Automation/Registration Module/Workflow/Request SSN/PKRBO - RIO - RO (Under enforcement)" classname="Test Cases/Final Aug 2018 - PKS Automation/Registration Module/Workflow/Request SSN/PKRBO - RIO - RO (Under enforcement)" status="PASSED">
         <system-out><![CDATA[2018-12-12 12:56:51 - [TEST_CASE][PASSED] - Test Cases/Final Aug 2018 - PKS Automation/Registration Module/Workflow/Request SSN/PKRBO - RIO - RO (Under enforcement): Test Cases/Final Aug 2018 - PKS Automation/Registration Module/Workflow/Request SSN/PKRBO - RIO - RO (Under enforcement)

2018-12-12 12:56:51 - [TEST_STEP][PASSED] - callTestCase: Call Test Case 'Test Cases/Final Aug 2018 - PKS Automation/Registration Module/Workflow/Request SSN/Template/Request SSN - PKRBO' successfully

2018-12-12 12:56:51 - [TEST_CASE][PASSED] - Test Cases/Final Aug 2018 - PKS Automation/Registration Module/Workflow/Request SSN/Template/Request SSN - PKRBO: Test Cases/Final Aug 2018 - PKS Automation/Registration Module/Workflow/Request SSN/Template/Request SSN - PKRBO

2018-12-12 12:56:51 - [TEST_STEP][PASSED] - openBrowser: Browser is opened with url: ''

2018-12-12 12:56:51 - [MESSAGE][WARNING] - A browser is already opened. Closing browser and opening a new one

2018-12-12 12:56:56 - [MESSAGE][PASSED] - Browser is opened with url: ''

2018-12-12 12:56:56 - [TEST_STEP][PASSED] - navigateToUrl: Navigate to 'https://assist2-uat.perkeso.gov.my/login' successfully

2018-12-12 12:56:57 - [MESSAGE][PASSED] - Navigate to 'https://assist2-uat.perkeso.gov.my/login' successfully

2018-12-12 12:56:57 - [TEST_STEP][PASSED] - setText: Text 'johorpkrbo1@gmail.com' is set on object 'Object Repository/Final Object Repo/Login Page/Internal User/Email Address'

2018-12-12 12:56:57 - [MESSAGE][PASSED] - Text 'johorpkrbo1@gmail.com' is set on object 'Object Repository/Final Object Repo/Login Page/Internal User/Email Address'

2018-12-12 12:56:57 - [TEST_STEP][PASSED] - click: Object: 'Object Repository/Final Object Repo/Login Page/Internal User/Next Button' is clicked on

2018-12-12 12:56:57 - [MESSAGE][PASSED] - Object: 'Object Repository/Final Object Repo/Login Page/Internal User/Next Button' is clicked on

2018-12-12 12:56:57 - [TEST_STEP][PASSED] - delay: Delayed 1 second(s)

2018-12-12 12:56:58 - [MESSAGE][PASSED] - Delayed 1 second(s)

2018-12-12 12:56:58 - [TEST_STEP][PASSED] - setEncryptedText: Text ****** has been set on object 'Object Repository/Final Object Repo/Login Page/Internal User/Password'

2018-12-12 12:56:59 - [MESSAGE][PASSED] - Text ****** has been set on object 'Object Repository/Final Object Repo/Login Page/Internal User/Password'

2018-12-12 12:56:59 - [TEST_STEP][PASSED] - click: Object: 'Object Repository/Final Object Repo/Login Page/Internal User/Login Button' is clicked on

2018-12-12 12:56:59 - [MESSAGE][PASSED] - Object: 'Object Repository/Final Object Repo/Login Page/Internal User/Login Button' is clicked on

2018-12-12 12:56:59 - [TEST_STEP][PASSED] - Statement - Try: null

2018-12-12 12:56:59 - [TEST_STEP][PASSED] - Statement - Checker = com.kms.katalon.core.webui.keyword.WebUiBuiltInKeywords.verifyElementNotPresent("Final Object Repo/Landing Page/Select to English", 3): null

2018-12-12 12:56:59 - [TEST_STEP][PASSED] - Statement - Catch (Exception e): null

2018-12-12 12:56:59 - [TEST_STEP][PASSED] - Statement - e.printStackTrace(): null

2018-12-12 12:56:59 - [TEST_STEP][PASSED] - delay: Delayed 5 second(s)

2018-12-12 12:57:04 - [MESSAGE][PASSED] - Delayed 5 second(s)

2018-12-12 12:57:04 - [TEST_STEP][PASSED] - delay: Delayed 1 second(s)

2018-12-12 12:57:05 - [MESSAGE][PASSED] - Delayed 1 second(s)

2018-12-12 12:57:05 - [TEST_STEP][PASSED] - navigateToUrl: Navigate to 'https://assist2-uat.perkeso.gov.my/web/registration/request-ssn' successfully

2018-12-12 12:57:09 - [MESSAGE][PASSED] - Navigate to 'https://assist2-uat.perkeso.gov.my/web/registration/request-ssn' successfully

2018-12-12 12:57:09 - [TEST_STEP][PASSED] - setText: Text 'perkeso' is set on object 'Object Repository/Final Object Repo/Page_Request SSN - ASSIST/AI - Name'

2018-12-12 12:57:09 - [MESSAGE][PASSED] - Text 'perkeso' is set on object 'Object Repository/Final Object Repo/Page_Request SSN - ASSIST/AI - Name'

2018-12-12 12:57:09 - [TEST_STEP][PASSED] - click: Object: 'Object Repository/Final Object Repo/Page_Request SSN - ASSIST/AI - DOB' is clicked on

2018-12-12 12:57:10 - [MESSAGE][PASSED] - Object: 'Object Repository/Final Object Repo/Page_Request SSN - ASSIST/AI - DOB' is clicked on

2018-12-12 12:57:10 - [TEST_STEP][PASSED] - selectOptionByValue: All options with value '1995' are selected in object 'Object Repository/Final Object Repo/Page_Request SSN - ASSIST/AI - DOB - Year' 

2018-12-12 12:57:11 - [MESSAGE][PASSED] - All options with value '1995' are selected in object 'Object Repository/Final Object Repo/Page_Request SSN - ASSIST/AI - DOB - Year' 

2018-12-12 12:57:11 - [TEST_STEP][PASSED] - delay: Delayed 3 second(s)

2018-12-12 12:57:14 - [MESSAGE][PASSED] - Delayed 3 second(s)

2018-12-12 12:57:14 - [TEST_STEP][PASSED] - doubleClick: Object: 'Object Repository/Final Object Repo/Page_Request SSN - ASSIST/AI - DOB - Year - Date' is double clicked on

2018-12-12 12:57:14 - [MESSAGE][PASSED] - Object: 'Object Repository/Final Object Repo/Page_Request SSN - ASSIST/AI - DOB - Year - Date' is double clicked on

2018-12-12 12:57:14 - [TEST_STEP][PASSED] - click: Object: 'Object Repository/Final Object Repo/Page_Request SSN - ASSIST/AI - Male' is clicked on

2018-12-12 12:57:14 - [MESSAGE][PASSED] - Object: 'Object Repository/Final Object Repo/Page_Request SSN - ASSIST/AI - Male' is clicked on

2018-12-12 12:57:14 - [TEST_STEP][PASSED] - click: Object: 'Object Repository/Final Object Repo/Page_Request SSN - ASSIST/AI- Race' is clicked on

2018-12-12 12:57:15 - [MESSAGE][PASSED] - Object: 'Object Repository/Final Object Repo/Page_Request SSN - ASSIST/AI- Race' is clicked on

2018-12-12 12:57:15 - [TEST_STEP][PASSED] - click: Object: 'Object Repository/Final Object Repo/Page_Request SSN - ASSIST/AI - Race - Melayu' is clicked on

2018-12-12 12:57:15 - [MESSAGE][PASSED] - Object: 'Object Repository/Final Object Repo/Page_Request SSN - ASSIST/AI - Race - Melayu' is clicked on

2018-12-12 12:57:15 - [TEST_STEP][PASSED] - click: Object: 'Object Repository/Final Object Repo/Page_Request SSN - ASSIST/AI - Religion' is clicked on

2018-12-12 12:57:15 - [MESSAGE][PASSED] - Object: 'Object Repository/Final Object Repo/Page_Request SSN - ASSIST/AI - Religion' is clicked on

2018-12-12 12:57:15 - [TEST_STEP][PASSED] - click: Object: 'Object Repository/Final Object Repo/Page_Request SSN - ASSIST/AI - Religion - Islam' is clicked on

2018-12-12 12:57:15 - [MESSAGE][PASSED] - Object: 'Object Repository/Final Object Repo/Page_Request SSN - ASSIST/AI - Religion - Islam' is clicked on

2018-12-12 12:57:15 - [TEST_STEP][PASSED] - setText: Text '12345' is set on object 'Object Repository/Final Object Repo/Page_Request SSN - ASSIST/AI - Birth Certificate'

2018-12-12 12:57:16 - [MESSAGE][PASSED] - Text '12345' is set on object 'Object Repository/Final Object Repo/Page_Request SSN - ASSIST/AI - Birth Certificate'

2018-12-12 12:57:16 - [TEST_STEP][PASSED] - click: Object: 'Object Repository/Final Object Repo/Page_Request SSN - ASSIST/AI - Nationality' is clicked on

2018-12-12 12:57:16 - [MESSAGE][PASSED] - Object: 'Object Repository/Final Object Repo/Page_Request SSN - ASSIST/AI - Nationality' is clicked on

2018-12-12 12:57:16 - [TEST_STEP][PASSED] - click: Object: 'Object Repository/Final Object Repo/Page_Request SSN - ASSIST/AI - Nationality - Afghanistan' is clicked on

2018-12-12 12:57:16 - [MESSAGE][PASSED] - Object: 'Object Repository/Final Object Repo/Page_Request SSN - ASSIST/AI - Nationality - Afghanistan' is clicked on

2018-12-12 12:57:16 - [TEST_STEP][PASSED] - setText: Text 'PERKESO ADDRESS1' is set on object 'Object Repository/Final Object Repo/Page_Request SSN - ASSIST/AI - Address1'

2018-12-12 12:57:18 - [MESSAGE][PASSED] - Text 'PERKESO ADDRESS1' is set on object 'Object Repository/Final Object Repo/Page_Request SSN - ASSIST/AI - Address1'

2018-12-12 12:57:18 - [TEST_STEP][PASSED] - setText: Text 'PERKESO ADDRESS2' is set on object 'Object Repository/Final Object Repo/Page_Request SSN - ASSIST/AI - Address2'

2018-12-12 12:57:19 - [MESSAGE][PASSED] - Text 'PERKESO ADDRESS2' is set on object 'Object Repository/Final Object Repo/Page_Request SSN - ASSIST/AI - Address2'

2018-12-12 12:57:19 - [TEST_STEP][PASSED] - setText: Text 'PERKESO ADDRESS3' is set on object 'Object Repository/Final Object Repo/Page_Request SSN - ASSIST/AI - Address3'

2018-12-12 12:57:20 - [MESSAGE][PASSED] - Text 'PERKESO ADDRESS3' is set on object 'Object Repository/Final Object Repo/Page_Request SSN - ASSIST/AI - Address3'

2018-12-12 12:57:20 - [TEST_STEP][PASSED] - click: Object: 'Object Repository/Final Object Repo/Page_Request SSN - ASSIST/AI - State' is clicked on

2018-12-12 12:57:20 - [MESSAGE][PASSED] - Object: 'Object Repository/Final Object Repo/Page_Request SSN - ASSIST/AI - State' is clicked on

2018-12-12 12:57:20 - [TEST_STEP][PASSED] - click: Object: 'Object Repository/Final Object Repo/Page_Request SSN - ASSIST/AI - Current Employer State - Johor' is clicked on

2018-12-12 12:57:21 - [MESSAGE][PASSED] - Object: 'Object Repository/Final Object Repo/Page_Request SSN - ASSIST/AI - Current Employer State - Johor' is clicked on

2018-12-12 12:57:21 - [TEST_STEP][PASSED] - click: Object: 'Object Repository/Final Object Repo/Page_Request SSN - ASSIST/AI - City' is clicked on

2018-12-12 12:57:21 - [MESSAGE][PASSED] - Object: 'Object Repository/Final Object Repo/Page_Request SSN - ASSIST/AI - City' is clicked on

2018-12-12 12:57:21 - [TEST_STEP][PASSED] - setText: Text 'JOH' is set on object 'Object Repository/Final Object Repo/Page_Request SSN - ASSIST/AI - City - JOH'

2018-12-12 12:57:21 - [MESSAGE][PASSED] - Text 'JOH' is set on object 'Object Repository/Final Object Repo/Page_Request SSN - ASSIST/AI - City - JOH'

2018-12-12 12:57:21 - [TEST_STEP][PASSED] - delay: Delayed 3 second(s)

2018-12-12 12:57:24 - [MESSAGE][PASSED] - Delayed 3 second(s)

2018-12-12 12:57:24 - [TEST_STEP][PASSED] - click: Object: 'Object Repository/Final Object Repo/Page_Request SSN - ASSIST/AI - City - Johor Bharu' is clicked on

2018-12-12 12:57:25 - [MESSAGE][PASSED] - Object: 'Object Repository/Final Object Repo/Page_Request SSN - ASSIST/AI - City - Johor Bharu' is clicked on

2018-12-12 12:57:25 - [TEST_STEP][PASSED] - click: Object: 'Object Repository/Final Object Repo/Page_Request SSN - ASSIST/AI - Post Code' is clicked on

2018-12-12 12:57:25 - [MESSAGE][PASSED] - Object: 'Object Repository/Final Object Repo/Page_Request SSN - ASSIST/AI - Post Code' is clicked on

2018-12-12 12:57:25 - [TEST_STEP][PASSED] - setText: Text '810' is set on object 'Object Repository/Final Object Repo/Page_Request SSN - ASSIST/AI - City - JOH'

2018-12-12 12:57:26 - [MESSAGE][PASSED] - Text '810' is set on object 'Object Repository/Final Object Repo/Page_Request SSN - ASSIST/AI - City - JOH'

2018-12-12 12:57:26 - [TEST_STEP][PASSED] - delay: Delayed 3 second(s)

2018-12-12 12:57:29 - [MESSAGE][PASSED] - Delayed 3 second(s)

2018-12-12 12:57:29 - [TEST_STEP][PASSED] - click: Object: 'Object Repository/Final Object Repo/Page_Request SSN - ASSIST/AI - PostCode - 81000' is clicked on

2018-12-12 12:57:29 - [MESSAGE][PASSED] - Object: 'Object Repository/Final Object Repo/Page_Request SSN - ASSIST/AI - PostCode - 81000' is clicked on

2018-12-12 12:57:29 - [TEST_STEP][PASSED] - setText: Text '100' is set on object 'Object Repository/Final Object Repo/Page_Request SSN - ASSIST/P.O.BOX'

2018-12-12 12:57:29 - [MESSAGE][PASSED] - Text '100' is set on object 'Object Repository/Final Object Repo/Page_Request SSN - ASSIST/P.O.BOX'

2018-12-12 12:57:29 - [TEST_STEP][PASSED] - setText: Text '100' is set on object 'Object Repository/Final Object Repo/Page_Request SSN - ASSIST/Locked Bag No'

2018-12-12 12:57:30 - [MESSAGE][PASSED] - Text '100' is set on object 'Object Repository/Final Object Repo/Page_Request SSN - ASSIST/Locked Bag No'

2018-12-12 12:57:30 - [TEST_STEP][PASSED] - delay: Delayed 2 second(s)

2018-12-12 12:57:32 - [MESSAGE][PASSED] - Delayed 2 second(s)

2018-12-12 12:57:32 - [TEST_STEP][PASSED] - setText: Text '123456789' is set on object 'Object Repository/Final Object Repo/Page_Request SSN - ASSIST/AI - Telephone No'

2018-12-12 12:57:33 - [MESSAGE][PASSED] - Text '123456789' is set on object 'Object Repository/Final Object Repo/Page_Request SSN - ASSIST/AI - Telephone No'

2018-12-12 12:57:33 - [TEST_STEP][PASSED] - click: Object: 'Object Repository/Final Object Repo/Page_Request SSN - ASSIST/AI - Occupation' is clicked on

2018-12-12 12:57:33 - [MESSAGE][PASSED] - Object: 'Object Repository/Final Object Repo/Page_Request SSN - ASSIST/AI - Occupation' is clicked on

2018-12-12 12:57:33 - [TEST_STEP][PASSED] - click: Object: 'Object Repository/Final Object Repo/Page_Request SSN - ASSIST/AI - Occupation - NUMERICAL AND MATERIAL R' is clicked on

2018-12-12 12:57:33 - [MESSAGE][PASSED] - Object: 'Object Repository/Final Object Repo/Page_Request SSN - ASSIST/AI - Occupation - NUMERICAL AND MATERIAL R' is clicked on

2018-12-12 12:57:33 - [TEST_STEP][PASSED] - delay: Delayed 2 second(s)

2018-12-12 12:57:35 - [MESSAGE][PASSED] - Delayed 2 second(s)

2018-12-12 12:57:35 - [TEST_STEP][PASSED] - click: Object: 'Object Repository/Final Object Repo/Page_Request SSN - ASSIST/AI - Sub Occupation' is clicked on

2018-12-12 12:57:36 - [MESSAGE][PASSED] - Object: 'Object Repository/Final Object Repo/Page_Request SSN - ASSIST/AI - Sub Occupation' is clicked on

2018-12-12 12:57:36 - [TEST_STEP][PASSED] - click: Object: 'Object Repository/Final Object Repo/Page_Request SSN - ASSIST/AI - Sub Occupation - Stock Clerks' is clicked on

2018-12-12 12:57:36 - [MESSAGE][PASSED] - Object: 'Object Repository/Final Object Repo/Page_Request SSN - ASSIST/AI - Sub Occupation - Stock Clerks' is clicked on

2018-12-12 12:57:36 - [TEST_STEP][PASSED] - delay: Delayed 2 second(s)

2018-12-12 12:57:38 - [MESSAGE][PASSED] - Delayed 2 second(s)

2018-12-12 12:57:38 - [TEST_STEP][PASSED] - click: Object: 'Object Repository/Final Object Repo/Page_Request SSN - ASSIST/AI - Sub Occupation List' is clicked on

2018-12-12 12:57:38 - [MESSAGE][PASSED] - Object: 'Object Repository/Final Object Repo/Page_Request SSN - ASSIST/AI - Sub Occupation List' is clicked on

2018-12-12 12:57:38 - [TEST_STEP][PASSED] - click: Object: 'Object Repository/Final Object Repo/Page_Request SSN - ASSIST/AI - Sub Occupation List - Clerk raw material' is clicked on

2018-12-12 12:57:38 - [MESSAGE][PASSED] - Object: 'Object Repository/Final Object Repo/Page_Request SSN - ASSIST/AI - Sub Occupation List - Clerk raw material' is clicked on

2018-12-12 12:57:38 - [TEST_STEP][PASSED] - click: Object: 'Object Repository/Final Object Repo/Page_Request SSN - ASSIST/AI - Employment Start Date' is clicked on

2018-12-12 12:57:39 - [MESSAGE][PASSED] - Object: 'Object Repository/Final Object Repo/Page_Request SSN - ASSIST/AI - Employment Start Date' is clicked on

2018-12-12 12:57:39 - [TEST_STEP][PASSED] - click: Object: 'Object Repository/Final Object Repo/Page_Request SSN - ASSIST/AI - DOB - Year - Date' is clicked on

2018-12-12 12:57:39 - [MESSAGE][PASSED] - Object: 'Object Repository/Final Object Repo/Page_Request SSN - ASSIST/AI - DOB - Year - Date' is clicked on

2018-12-12 12:57:39 - [TEST_STEP][PASSED] - setText: Text 'perkeso' is set on object 'Object Repository/Final Object Repo/Page_Request SSN - ASSIST/AI - Current Employer Name'

2018-12-12 12:57:40 - [MESSAGE][PASSED] - Text 'perkeso' is set on object 'Object Repository/Final Object Repo/Page_Request SSN - ASSIST/AI - Current Employer Name'

2018-12-12 12:57:40 - [TEST_STEP][PASSED] - setText: Text 'perkeso1' is set on object 'Object Repository/Final Object Repo/Page_Request SSN - ASSIST/AI - Current Employer Address1'

2018-12-12 12:57:40 - [MESSAGE][PASSED] - Text 'perkeso1' is set on object 'Object Repository/Final Object Repo/Page_Request SSN - ASSIST/AI - Current Employer Address1'

2018-12-12 12:57:40 - [TEST_STEP][PASSED] - setText: Text 'perkeso2' is set on object 'Object Repository/Final Object Repo/Page_Request SSN - ASSIST/AI - Current Employer Address2'

2018-12-12 12:57:41 - [MESSAGE][PASSED] - Text 'perkeso2' is set on object 'Object Repository/Final Object Repo/Page_Request SSN - ASSIST/AI - Current Employer Address2'

2018-12-12 12:57:41 - [TEST_STEP][PASSED] - setText: Text 'perkeso3' is set on object 'Object Repository/Final Object Repo/Page_Request SSN - ASSIST/AI - Current Employer Address3'

2018-12-12 12:57:42 - [MESSAGE][PASSED] - Text 'perkeso3' is set on object 'Object Repository/Final Object Repo/Page_Request SSN - ASSIST/AI - Current Employer Address3'

2018-12-12 12:57:42 - [TEST_STEP][PASSED] - click: Object: 'Object Repository/Final Object Repo/Page_Request SSN - ASSIST/AI - Current Employer State' is clicked on

2018-12-12 12:57:42 - [MESSAGE][PASSED] - Object: 'Object Repository/Final Object Repo/Page_Request SSN - ASSIST/AI - Current Employer State' is clicked on

2018-12-12 12:57:42 - [TEST_STEP][PASSED] - click: Object: 'Object Repository/Final Object Repo/Page_Request SSN - ASSIST/AI - Current Employer State - Johor 1' is clicked on

2018-12-12 12:57:43 - [MESSAGE][PASSED] - Object: 'Object Repository/Final Object Repo/Page_Request SSN - ASSIST/AI - Current Employer State - Johor 1' is clicked on

2018-12-12 12:57:43 - [TEST_STEP][PASSED] - click: Object: 'Object Repository/Final Object Repo/Page_Request SSN - ASSIST/AI - Current Employer City' is clicked on

2018-12-12 12:57:43 - [MESSAGE][PASSED] - Object: 'Object Repository/Final Object Repo/Page_Request SSN - ASSIST/AI - Current Employer City' is clicked on

2018-12-12 12:57:43 - [TEST_STEP][PASSED] - setText: Text 'joh' is set on object 'Object Repository/Final Object Repo/Page_Request SSN - ASSIST/AI - City - JOH'

2018-12-12 12:57:43 - [MESSAGE][PASSED] - Text 'joh' is set on object 'Object Repository/Final Object Repo/Page_Request SSN - ASSIST/AI - City - JOH'

2018-12-12 12:57:43 - [TEST_STEP][PASSED] - delay: Delayed 2 second(s)

2018-12-12 12:57:45 - [MESSAGE][PASSED] - Delayed 2 second(s)

2018-12-12 12:57:45 - [TEST_STEP][PASSED] - click: Object: 'Object Repository/Final Object Repo/Page_Request SSN - ASSIST/AI - City - Johor Bharu' is clicked on

2018-12-12 12:57:45 - [MESSAGE][PASSED] - Object: 'Object Repository/Final Object Repo/Page_Request SSN - ASSIST/AI - City - Johor Bharu' is clicked on

2018-12-12 12:57:45 - [TEST_STEP][PASSED] - click: Object: 'Object Repository/Final Object Repo/Page_Request SSN - ASSIST/AI - Current Employer Postcode' is clicked on

2018-12-12 12:57:46 - [MESSAGE][PASSED] - Object: 'Object Repository/Final Object Repo/Page_Request SSN - ASSIST/AI - Current Employer Postcode' is clicked on

2018-12-12 12:57:46 - [TEST_STEP][PASSED] - setText: Text '810' is set on object 'Object Repository/Final Object Repo/Page_Request SSN - ASSIST/AI - City - JOH'

2018-12-12 12:57:46 - [MESSAGE][PASSED] - Text '810' is set on object 'Object Repository/Final Object Repo/Page_Request SSN - ASSIST/AI - City - JOH'

2018-12-12 12:57:46 - [TEST_STEP][PASSED] - delay: Delayed 2 second(s)

2018-12-12 12:57:48 - [MESSAGE][PASSED] - Delayed 2 second(s)

2018-12-12 12:57:48 - [TEST_STEP][PASSED] - click: Object: 'Object Repository/Final Object Repo/Page_Request SSN - ASSIST/AI - PostCode - 81000' is clicked on

2018-12-12 12:57:49 - [MESSAGE][PASSED] - Object: 'Object Repository/Final Object Repo/Page_Request SSN - ASSIST/AI - PostCode - 81000' is clicked on

2018-12-12 12:57:49 - [TEST_STEP][NOT_RUN] - setText: NOT_RUN: setText

2018-12-12 12:57:49 - [MESSAGE][NOT_RUN] - NOT_RUN: setText

2018-12-12 12:57:49 - [TEST_STEP][NOT_RUN] - setText: NOT_RUN: setText

2018-12-12 12:57:49 - [MESSAGE][NOT_RUN] - NOT_RUN: setText

2018-12-12 12:57:49 - [TEST_STEP][NOT_RUN] - click: NOT_RUN: click

2018-12-12 12:57:49 - [MESSAGE][NOT_RUN] - NOT_RUN: click

2018-12-12 12:57:49 - [TEST_STEP][NOT_RUN] - click: NOT_RUN: click

2018-12-12 12:57:49 - [MESSAGE][NOT_RUN] - NOT_RUN: click

2018-12-12 12:57:49 - [TEST_STEP][NOT_RUN] - setText: NOT_RUN: setText

2018-12-12 12:57:49 - [MESSAGE][NOT_RUN] - NOT_RUN: setText

2018-12-12 12:57:49 - [TEST_STEP][NOT_RUN] - click: NOT_RUN: click

2018-12-12 12:57:49 - [MESSAGE][NOT_RUN] - NOT_RUN: click

2018-12-12 12:57:49 - [TEST_STEP][NOT_RUN] - click: NOT_RUN: click

2018-12-12 12:57:49 - [MESSAGE][NOT_RUN] - NOT_RUN: click

2018-12-12 12:57:49 - [TEST_STEP][NOT_RUN] - click: NOT_RUN: click

2018-12-12 12:57:49 - [MESSAGE][NOT_RUN] - NOT_RUN: click

2018-12-12 12:57:49 - [TEST_STEP][NOT_RUN] - click: NOT_RUN: click

2018-12-12 12:57:49 - [MESSAGE][NOT_RUN] - NOT_RUN: click

2018-12-12 12:57:49 - [TEST_STEP][NOT_RUN] - click: NOT_RUN: click

2018-12-12 12:57:49 - [MESSAGE][NOT_RUN] - NOT_RUN: click

2018-12-12 12:57:49 - [TEST_STEP][NOT_RUN] - click: NOT_RUN: click

2018-12-12 12:57:49 - [MESSAGE][NOT_RUN] - NOT_RUN: click

2018-12-12 12:57:49 - [TEST_STEP][NOT_RUN] - setText: NOT_RUN: setText

2018-12-12 12:57:49 - [MESSAGE][NOT_RUN] - NOT_RUN: setText

2018-12-12 12:57:49 - [TEST_STEP][NOT_RUN] - setText: NOT_RUN: setText

2018-12-12 12:57:49 - [MESSAGE][NOT_RUN] - NOT_RUN: setText

2018-12-12 12:57:49 - [TEST_STEP][NOT_RUN] - setText: NOT_RUN: setText

2018-12-12 12:57:49 - [MESSAGE][NOT_RUN] - NOT_RUN: setText

2018-12-12 12:57:49 - [TEST_STEP][NOT_RUN] - click: NOT_RUN: click

2018-12-12 12:57:49 - [MESSAGE][NOT_RUN] - NOT_RUN: click

2018-12-12 12:57:49 - [TEST_STEP][NOT_RUN] - click: NOT_RUN: click

2018-12-12 12:57:49 - [MESSAGE][NOT_RUN] - NOT_RUN: click

2018-12-12 12:57:49 - [TEST_STEP][NOT_RUN] - click: NOT_RUN: click

2018-12-12 12:57:49 - [MESSAGE][NOT_RUN] - NOT_RUN: click

2018-12-12 12:57:49 - [TEST_STEP][NOT_RUN] - setText: NOT_RUN: setText

2018-12-12 12:57:49 - [MESSAGE][NOT_RUN] - NOT_RUN: setText

2018-12-12 12:57:49 - [TEST_STEP][NOT_RUN] - delay: NOT_RUN: delay

2018-12-12 12:57:49 - [MESSAGE][NOT_RUN] - NOT_RUN: delay

2018-12-12 12:57:49 - [TEST_STEP][NOT_RUN] - click: NOT_RUN: click

2018-12-12 12:57:49 - [MESSAGE][NOT_RUN] - NOT_RUN: click

2018-12-12 12:57:49 - [TEST_STEP][NOT_RUN] - click: NOT_RUN: click

2018-12-12 12:57:49 - [MESSAGE][NOT_RUN] - NOT_RUN: click

2018-12-12 12:57:49 - [TEST_STEP][NOT_RUN] - click: NOT_RUN: click

2018-12-12 12:57:49 - [MESSAGE][NOT_RUN] - NOT_RUN: click

2018-12-12 12:57:49 - [TEST_STEP][NOT_RUN] - setText: NOT_RUN: setText

2018-12-12 12:57:49 - [MESSAGE][NOT_RUN] - NOT_RUN: setText

2018-12-12 12:57:49 - [TEST_STEP][NOT_RUN] - delay: NOT_RUN: delay

2018-12-12 12:57:49 - [MESSAGE][NOT_RUN] - NOT_RUN: delay

2018-12-12 12:57:49 - [TEST_STEP][NOT_RUN] - click: NOT_RUN: click

2018-12-12 12:57:49 - [MESSAGE][NOT_RUN] - NOT_RUN: click

2018-12-12 12:57:49 - [TEST_STEP][NOT_RUN] - delay: NOT_RUN: delay

2018-12-12 12:57:49 - [MESSAGE][NOT_RUN] - NOT_RUN: delay

2018-12-12 12:57:49 - [TEST_STEP][NOT_RUN] - setText: NOT_RUN: setText

2018-12-12 12:57:49 - [MESSAGE][NOT_RUN] - NOT_RUN: setText

2018-12-12 12:57:49 - [TEST_STEP][NOT_RUN] - setText: NOT_RUN: setText

2018-12-12 12:57:49 - [MESSAGE][NOT_RUN] - NOT_RUN: setText

2018-12-12 12:57:49 - [TEST_STEP][NOT_RUN] - setText: NOT_RUN: setText

2018-12-12 12:57:49 - [MESSAGE][NOT_RUN] - NOT_RUN: setText

2018-12-12 12:57:49 - [TEST_STEP][NOT_RUN] - click: NOT_RUN: click

2018-12-12 12:57:49 - [MESSAGE][NOT_RUN] - NOT_RUN: click

2018-12-12 12:57:49 - [TEST_STEP][NOT_RUN] - click: NOT_RUN: click

2018-12-12 12:57:49 - [MESSAGE][NOT_RUN] - NOT_RUN: click

2018-12-12 12:57:49 - [TEST_STEP][NOT_RUN] - setText: NOT_RUN: setText

2018-12-12 12:57:49 - [MESSAGE][NOT_RUN] - NOT_RUN: setText

2018-12-12 12:57:49 - [TEST_STEP][NOT_RUN] - click: NOT_RUN: click

2018-12-12 12:57:49 - [MESSAGE][NOT_RUN] - NOT_RUN: click

2018-12-12 12:57:49 - [TEST_STEP][NOT_RUN] - click: NOT_RUN: click

2018-12-12 12:57:49 - [MESSAGE][NOT_RUN] - NOT_RUN: click

2018-12-12 12:57:49 - [TEST_STEP][NOT_RUN] - click: NOT_RUN: click

2018-12-12 12:57:49 - [MESSAGE][NOT_RUN] - NOT_RUN: click

2018-12-12 12:57:49 - [TEST_STEP][NOT_RUN] - click: NOT_RUN: click

2018-12-12 12:57:49 - [MESSAGE][NOT_RUN] - NOT_RUN: click

2018-12-12 12:57:49 - [TEST_STEP][NOT_RUN] - click: NOT_RUN: click

2018-12-12 12:57:49 - [MESSAGE][NOT_RUN] - NOT_RUN: click

2018-12-12 12:57:49 - [TEST_STEP][NOT_RUN] - click: NOT_RUN: click

2018-12-12 12:57:49 - [MESSAGE][NOT_RUN] - NOT_RUN: click

2018-12-12 12:57:49 - [TEST_STEP][NOT_RUN] - setText: NOT_RUN: setText

2018-12-12 12:57:49 - [MESSAGE][NOT_RUN] - NOT_RUN: setText

2018-12-12 12:57:49 - [TEST_STEP][NOT_RUN] - setText: NOT_RUN: setText

2018-12-12 12:57:49 - [MESSAGE][NOT_RUN] - NOT_RUN: setText

2018-12-12 12:57:49 - [TEST_STEP][NOT_RUN] - setText: NOT_RUN: setText

2018-12-12 12:57:49 - [MESSAGE][NOT_RUN] - NOT_RUN: setText

2018-12-12 12:57:49 - [TEST_STEP][NOT_RUN] - click: NOT_RUN: click

2018-12-12 12:57:49 - [MESSAGE][NOT_RUN] - NOT_RUN: click

2018-12-12 12:57:49 - [TEST_STEP][NOT_RUN] - click: NOT_RUN: click

2018-12-12 12:57:49 - [MESSAGE][NOT_RUN] - NOT_RUN: click

2018-12-12 12:57:49 - [TEST_STEP][NOT_RUN] - click: NOT_RUN: click

2018-12-12 12:57:49 - [MESSAGE][NOT_RUN] - NOT_RUN: click

2018-12-12 12:57:49 - [TEST_STEP][NOT_RUN] - delay: NOT_RUN: delay

2018-12-12 12:57:49 - [MESSAGE][NOT_RUN] - NOT_RUN: delay

2018-12-12 12:57:49 - [TEST_STEP][NOT_RUN] - setText: NOT_RUN: setText

2018-12-12 12:57:49 - [MESSAGE][NOT_RUN] - NOT_RUN: setText

2018-12-12 12:57:49 - [TEST_STEP][NOT_RUN] - delay: NOT_RUN: delay

2018-12-12 12:57:49 - [MESSAGE][NOT_RUN] - NOT_RUN: delay

2018-12-12 12:57:49 - [TEST_STEP][NOT_RUN] - click: NOT_RUN: click

2018-12-12 12:57:49 - [MESSAGE][NOT_RUN] - NOT_RUN: click

2018-12-12 12:57:49 - [TEST_STEP][NOT_RUN] - doubleClick: NOT_RUN: doubleClick

2018-12-12 12:57:49 - [MESSAGE][NOT_RUN] - NOT_RUN: doubleClick

2018-12-12 12:57:49 - [TEST_STEP][NOT_RUN] - click: NOT_RUN: click

2018-12-12 12:57:49 - [MESSAGE][NOT_RUN] - NOT_RUN: click

2018-12-12 12:57:49 - [TEST_STEP][NOT_RUN] - setText: NOT_RUN: setText

2018-12-12 12:57:49 - [MESSAGE][NOT_RUN] - NOT_RUN: setText

2018-12-12 12:57:49 - [TEST_STEP][NOT_RUN] - delay: NOT_RUN: delay

2018-12-12 12:57:49 - [MESSAGE][NOT_RUN] - NOT_RUN: delay

2018-12-12 12:57:49 - [TEST_STEP][NOT_RUN] - click: NOT_RUN: click

2018-12-12 12:57:49 - [MESSAGE][NOT_RUN] - NOT_RUN: click

2018-12-12 12:57:49 - [TEST_STEP][NOT_RUN] - delay: NOT_RUN: delay

2018-12-12 12:57:49 - [MESSAGE][NOT_RUN] - NOT_RUN: delay

2018-12-12 12:57:49 - [TEST_STEP][NOT_RUN] - setText: NOT_RUN: setText

2018-12-12 12:57:49 - [MESSAGE][NOT_RUN] - NOT_RUN: setText

2018-12-12 12:57:49 - [TEST_STEP][PASSED] - click: Object: 'Object Repository/Final Object Repo/Page_Request SSN - ASSIST/Save  Continue' is clicked on

2018-12-12 12:57:49 - [MESSAGE][PASSED] - Object: 'Object Repository/Final Object Repo/Page_Request SSN - ASSIST/Save  Continue' is clicked on

2018-12-12 12:57:49 - [TEST_STEP][PASSED] - delay: Delayed 3 second(s)

2018-12-12 12:57:52 - [MESSAGE][PASSED] - Delayed 3 second(s)

2018-12-12 12:57:52 - [TEST_STEP][PASSED] - Statement - CaseReferenceNo = com.kms.katalon.core.webui.keyword.WebUiBuiltInKeywords.getText(com.kms.katalon.core.testobject.ObjectRepository.findTestObject(Final Object Repo/Page_Request SSN - ASSIST/Reference Number in Uploading Page)): Text of object 'Object Repository/Final Object Repo/Page_Request SSN - ASSIST/Reference Number in Uploading Page' is: 'SSN12201800001193'

2018-12-12 12:57:52 - [MESSAGE][PASSED] - Text of object 'Object Repository/Final Object Repo/Page_Request SSN - ASSIST/Reference Number in Uploading Page' is: 'SSN12201800001193'

2018-12-12 12:57:52 - [TEST_STEP][PASSED] - callTestCase: Call Test Case 'Test Cases/Final Aug 2018 - PKS Automation/Common/Reference Number Setter' successfully

2018-12-12 12:57:52 - [TEST_CASE][PASSED] - Test Cases/Final Aug 2018 - PKS Automation/Common/Reference Number Setter: Test Cases/Final Aug 2018 - PKS Automation/Common/Reference Number Setter

2018-12-12 12:57:52 - [TEST_STEP][PASSED] - Statement - RefNoOldFile = new java.io.File(C://Users//Admin//Desktop//PKS//Automation Reference Point//KatalonReference.txt): null

2018-12-12 12:57:52 - [TEST_STEP][PASSED] - Statement - RefNoOldFile.delete(): null

2018-12-12 12:57:52 - [TEST_STEP][PASSED] - delay: Delayed 5 second(s)

2018-12-12 12:57:57 - [MESSAGE][PASSED] - Delayed 5 second(s)

2018-12-12 12:57:57 - [TEST_STEP][PASSED] - Statement - RefNo = new java.io.File(C://Users//Admin//Desktop//PKS//Automation Reference Point//KatalonReference.txt): null

2018-12-12 12:57:57 - [TEST_STEP][PASSED] - Statement - f2 = new java.io.FileWriter(RefNo, false): null

2018-12-12 12:57:57 - [TEST_STEP][PASSED] - Statement - f2.write(CaseReferenceNo): null

2018-12-12 12:57:57 - [TEST_STEP][PASSED] - Statement - f2.close(): null

2018-12-12 12:57:57 - [TEST_STEP][PASSED] - Statement - out.println("


" + CaseReferenceNo + "


"): null

2018-12-12 12:57:57 - [MESSAGE][PASSED] - Call Test Case 'Test Cases/Final Aug 2018 - PKS Automation/Common/Reference Number Setter' successfully

2018-12-12 12:57:57 - [TEST_STEP][PASSED] - click: Object: 'Object Repository/Final Object Repo/Page_Request SSN - ASSIST/Add Document Button' is clicked on

2018-12-12 12:57:58 - [MESSAGE][PASSED] - Object: 'Object Repository/Final Object Repo/Page_Request SSN - ASSIST/Add Document Button' is clicked on

2018-12-12 12:57:58 - [TEST_STEP][PASSED] - delay: Delayed 2 second(s)

2018-12-12 12:58:00 - [MESSAGE][PASSED] - Delayed 2 second(s)

2018-12-12 12:58:00 - [TEST_STEP][PASSED] - click: Object: 'Object Repository/Final Object Repo/Page_Request SSN - ASSIST/Document Type' is clicked on

2018-12-12 12:58:01 - [MESSAGE][PASSED] - Object: 'Object Repository/Final Object Repo/Page_Request SSN - ASSIST/Document Type' is clicked on

2018-12-12 12:58:01 - [TEST_STEP][PASSED] - click: Object: 'Object Repository/Final Object Repo/Page_Request SSN - ASSIST/Document Type - Birth Certificate' is clicked on

2018-12-12 12:58:01 - [MESSAGE][PASSED] - Object: 'Object Repository/Final Object Repo/Page_Request SSN - ASSIST/Document Type - Birth Certificate' is clicked on

2018-12-12 12:58:01 - [TEST_STEP][PASSED] - sendKeys: Keys 'C:\Users\Public\Pictures\Sample Pictures\Koala.jpg' sent to object: 'Object Repository/Final Object Repo/Page_Request SSN - ASSIST/Upload File'

2018-12-12 12:58:01 - [MESSAGE][PASSED] - Keys 'C:\Users\Public\Pictures\Sample Pictures\Koala.jpg' sent to object: 'Object Repository/Final Object Repo/Page_Request SSN - ASSIST/Upload File'

2018-12-12 12:58:01 - [TEST_STEP][PASSED] - click: Object: 'Object Repository/Final Object Repo/Page_Request SSN - ASSIST/Add Document' is clicked on

2018-12-12 12:58:01 - [MESSAGE][PASSED] - Object: 'Object Repository/Final Object Repo/Page_Request SSN - ASSIST/Add Document' is clicked on

2018-12-12 12:58:01 - [TEST_STEP][PASSED] - delay: Delayed 20 second(s)

2018-12-12 12:58:21 - [MESSAGE][PASSED] - Delayed 20 second(s)

2018-12-12 12:58:21 - [TEST_STEP][PASSED] - click: Object: 'Object Repository/Final Object Repo/Page_Request SSN - ASSIST/Save  Continue in Uploading Document Page' is clicked on

2018-12-12 12:58:22 - [MESSAGE][PASSED] - Object: 'Object Repository/Final Object Repo/Page_Request SSN - ASSIST/Save  Continue in Uploading Document Page' is clicked on

2018-12-12 12:58:22 - [TEST_STEP][PASSED] - delay: Delayed 2 second(s)

2018-12-12 12:58:24 - [MESSAGE][PASSED] - Delayed 2 second(s)

2018-12-12 12:58:24 - [TEST_STEP][PASSED] - click: Object: 'Object Repository/Final Object Repo/Page_Request SSN - ASSIST/Submit' is clicked on

2018-12-12 12:58:26 - [MESSAGE][PASSED] - Object: 'Object Repository/Final Object Repo/Page_Request SSN - ASSIST/Submit' is clicked on

2018-12-12 12:58:26 - [TEST_STEP][PASSED] - delay: Delayed 2 second(s)

2018-12-12 12:58:28 - [MESSAGE][PASSED] - Delayed 2 second(s)

2018-12-12 12:58:28 - [TEST_STEP][PASSED] - click: Object: 'Object Repository/Final Object Repo/Page_Request SSN - ASSIST/Confirm' is clicked on

2018-12-12 12:58:28 - [MESSAGE][PASSED] - Object: 'Object Repository/Final Object Repo/Page_Request SSN - ASSIST/Confirm' is clicked on

2018-12-12 12:58:28 - [TEST_STEP][PASSED] - delay: Delayed 2 second(s)

2018-12-12 12:58:30 - [MESSAGE][PASSED] - Delayed 2 second(s)

2018-12-12 12:58:30 - [TEST_STEP][PASSED] - verifyElementVisible: Object 'Object Repository/Final Object Repo/Page_Request SSN - ASSIST/Message This Case will be routed to RIO' is visible

2018-12-12 12:58:36 - [MESSAGE][PASSED] - Object 'Object Repository/Final Object Repo/Page_Request SSN - ASSIST/Message This Case will be routed to RIO' is visible

2018-12-12 12:58:36 - [TEST_STEP][PASSED] - delay: Delayed 2 second(s)

2018-12-12 12:58:38 - [MESSAGE][PASSED] - Delayed 2 second(s)

2018-12-12 12:58:38 - [TEST_STEP][PASSED] - verifyElementVisible: Object 'Object Repository/Final Object Repo/Page_Request SSN - ASSIST/Letter of acknowledgement' is visible

2018-12-12 12:58:38 - [MESSAGE][PASSED] - Object 'Object Repository/Final Object Repo/Page_Request SSN - ASSIST/Letter of acknowledgement' is visible

2018-12-12 12:58:38 - [MESSAGE][PASSED] - Call Test Case 'Test Cases/Final Aug 2018 - PKS Automation/Registration Module/Workflow/Request SSN/Template/Request SSN - PKRBO' successfully

2018-12-12 12:58:38 - [TEST_STEP][PASSED] - callTestCase: Call Test Case 'Test Cases/Final Aug 2018 - PKS Automation/Registration Module/Workflow/Request SSN/Template/Request SSN RIO - RO (Under Enforcement)' successfully

2018-12-12 12:58:38 - [TEST_CASE][PASSED] - Test Cases/Final Aug 2018 - PKS Automation/Registration Module/Workflow/Request SSN/Template/Request SSN RIO - RO (Under Enforcement): Test Cases/Final Aug 2018 - PKS Automation/Registration Module/Workflow/Request SSN/Template/Request SSN RIO - RO (Under Enforcement)

2018-12-12 12:58:38 - [TEST_STEP][NOT_RUN] - callTestCase: NOT_RUN: callTestCase

2018-12-12 12:58:38 - [MESSAGE][NOT_RUN] - NOT_RUN: callTestCase

2018-12-12 12:58:38 - [TEST_STEP][PASSED] - delay: Delayed 2 second(s)

2018-12-12 12:58:40 - [MESSAGE][PASSED] - Delayed 2 second(s)

2018-12-12 12:58:40 - [TEST_STEP][PASSED] - navigateToUrl: Navigate to 'https://assist2-uat.perkeso.gov.my/c/portal/logout' successfully

2018-12-12 12:58:40 - [MESSAGE][PASSED] - Navigate to 'https://assist2-uat.perkeso.gov.my/c/portal/logout' successfully

2018-12-12 12:58:40 - [TEST_STEP][PASSED] - delay: Delayed 2 second(s)

2018-12-12 12:58:42 - [MESSAGE][PASSED] - Delayed 2 second(s)

2018-12-12 12:58:42 - [TEST_STEP][PASSED] - callTestCase: Call Test Case 'Test Cases/Final Aug 2018 - PKS Automation/Common/Reference Number Getter' successfully

2018-12-12 12:58:43 - [TEST_CASE][PASSED] - Test Cases/Final Aug 2018 - PKS Automation/Common/Reference Number Getter: Test Cases/Final Aug 2018 - PKS Automation/Common/Reference Number Getter

2018-12-12 12:58:43 - [TEST_STEP][PASSED] - Statement - Try: null

2018-12-12 12:58:43 - [TEST_STEP][PASSED] - Statement - RefNo = new java.io.File(C://Users//Admin//Desktop//PKS//Automation Reference Point//KatalonReference.txt): null

2018-12-12 12:58:43 - [TEST_STEP][PASSED] - Statement - bufferread = new java.io.BufferedReader(new java.io.FileReader(RefNo)): null

2018-12-12 12:58:43 - [TEST_STEP][PASSED] - Statement - readedVal = bufferread.readLine(): null

2018-12-12 12:58:43 - [TEST_STEP][PASSED] - Statement - out.println(CaseReferenceNo): null

2018-12-12 12:58:43 - [TEST_STEP][PASSED] - Statement - out.println(readedVal): null

2018-12-12 12:58:43 - [TEST_STEP][PASSED] - Statement - CaseReferenceNo = "": null

2018-12-12 12:58:43 - [TEST_STEP][PASSED] - Statement - CaseReferenceNo = readedVal: null

2018-12-12 12:58:43 - [MESSAGE][PASSED] - Call Test Case 'Test Cases/Final Aug 2018 - PKS Automation/Common/Reference Number Getter' successfully

2018-12-12 12:58:43 - [TEST_STEP][PASSED] - callTestCase: Call Test Case 'Test Cases/Final Aug 2018 - PKS Automation/Common/Workflow Owner Finder' successfully

2018-12-12 12:58:43 - [TEST_CASE][PASSED] - Test Cases/Final Aug 2018 - PKS Automation/Common/Workflow Owner Finder: Test Cases/Final Aug 2018 - PKS Automation/Common/Workflow Owner Finder

2018-12-12 12:58:43 - [TEST_STEP][PASSED] - openBrowser: Browser is opened with url: ''

2018-12-12 12:58:43 - [MESSAGE][WARNING] - A browser is already opened. Closing browser and opening a new one

2018-12-12 12:58:47 - [MESSAGE][PASSED] - Browser is opened with url: ''

2018-12-12 12:58:47 - [TEST_STEP][PASSED] - navigateToUrl: Navigate to 'https://assist2-uat.perkeso.gov.my/login' successfully

2018-12-12 12:58:48 - [MESSAGE][PASSED] - Navigate to 'https://assist2-uat.perkeso.gov.my/login' successfully

2018-12-12 12:58:48 - [TEST_STEP][PASSED] - delay: Delayed 5 second(s)

2018-12-12 12:58:53 - [MESSAGE][PASSED] - Delayed 5 second(s)

2018-12-12 12:58:53 - [TEST_STEP][PASSED] - setText: Text 'test@liferay.com' is set on object 'Object Repository/Final Object Repo/Login Page/Internal User/Email Address'

2018-12-12 12:58:54 - [MESSAGE][PASSED] - Text 'test@liferay.com' is set on object 'Object Repository/Final Object Repo/Login Page/Internal User/Email Address'

2018-12-12 12:58:54 - [TEST_STEP][PASSED] - click: Object: 'Object Repository/Final Object Repo/Login Page/Internal User/Next Button' is clicked on

2018-12-12 12:58:54 - [MESSAGE][PASSED] - Object: 'Object Repository/Final Object Repo/Login Page/Internal User/Next Button' is clicked on

2018-12-12 12:58:54 - [TEST_STEP][PASSED] - delay: Delayed 2 second(s)

2018-12-12 12:58:56 - [MESSAGE][PASSED] - Delayed 2 second(s)

2018-12-12 12:58:56 - [TEST_STEP][PASSED] - setText: Text 'test' is set on object 'Object Repository/Final Object Repo/Login Page/Internal User/Password'

2018-12-12 12:58:56 - [MESSAGE][PASSED] - Text 'test' is set on object 'Object Repository/Final Object Repo/Login Page/Internal User/Password'

2018-12-12 12:58:56 - [TEST_STEP][PASSED] - delay: Delayed 2 second(s)

2018-12-12 12:58:58 - [MESSAGE][PASSED] - Delayed 2 second(s)

2018-12-12 12:58:58 - [TEST_STEP][PASSED] - click: Object: 'Object Repository/Final Object Repo/Login Page/Internal User/Login Button' is clicked on

2018-12-12 12:58:58 - [MESSAGE][PASSED] - Object: 'Object Repository/Final Object Repo/Login Page/Internal User/Login Button' is clicked on

2018-12-12 12:58:58 - [TEST_STEP][PASSED] - Statement - tester = com.kms.katalon.core.testobject.ObjectRepository.findTestObject(Final Object Repo/Landing Page/Select to English): Finding Test Object with id 'Object Repository/Final Object Repo/Landing Page/Select to English'

2018-12-12 12:58:58 - [TEST_STEP][PASSED] - Statement - Try: Delayed 2 second(s)

2018-12-12 12:58:58 - [TEST_STEP][PASSED] - Statement - Checker = com.kms.katalon.core.webui.keyword.WebUiBuiltInKeywords.verifyElementNotPresent(tester, 3): Web element with id: 'Object Repository/Final Object Repo/Landing Page/Select to English' located by 'By.xpath: //a[@class = 'taglib-language-list-text' and @lang = 'en-US' and (contains(text(), 'EN') or contains(., 'EN'))]' is not present after '3' second(s)

2018-12-12 12:59:00 - [MESSAGE][PASSED] - Web element with id: 'Object Repository/Final Object Repo/Landing Page/Select to English' located by 'By.xpath: //a[@class = 'taglib-language-list-text' and @lang = 'en-US' and (contains(text(), 'EN') or contains(., 'EN'))]' is not present after '3' second(s)

2018-12-12 12:59:00 - [TEST_STEP][PASSED] - Statement - If (Checker == false): null

2018-12-12 12:59:00 - [TEST_STEP][PASSED] - delay: Delayed 2 second(s)

2018-12-12 12:59:02 - [MESSAGE][PASSED] - Delayed 2 second(s)

2018-12-12 12:59:02 - [TEST_STEP][PASSED] - delay: Delayed 5 second(s)

2018-12-12 12:59:07 - [MESSAGE][PASSED] - Delayed 5 second(s)

2018-12-12 12:59:07 - [TEST_STEP][PASSED] - mouseOver: Object: 'Object Repository/Final Object Repo/Landing Page/WorkFlow Menu' is hovered

2018-12-12 12:59:07 - [MESSAGE][PASSED] - Object: 'Object Repository/Final Object Repo/Landing Page/WorkFlow Menu' is hovered

2018-12-12 12:59:07 - [TEST_STEP][PASSED] - delay: Delayed 2 second(s)

2018-12-12 12:59:09 - [MESSAGE][PASSED] - Delayed 2 second(s)

2018-12-12 12:59:09 - [TEST_STEP][PASSED] - click: Object: 'Object Repository/Final Object Repo/Landing Page/Select to Workflow Listing' is clicked on

2018-12-12 12:59:10 - [MESSAGE][PASSED] - Object: 'Object Repository/Final Object Repo/Landing Page/Select to Workflow Listing' is clicked on

2018-12-12 12:59:10 - [TEST_STEP][PASSED] - delay: Delayed 2 second(s)

2018-12-12 12:59:12 - [MESSAGE][PASSED] - Delayed 2 second(s)

2018-12-12 12:59:12 - [TEST_STEP][PASSED] - click: Object: 'Object Repository/Final Object Repo/WorkFlow Listing Page/Search Information - To Put Ref No' is clicked on

2018-12-12 12:59:12 - [MESSAGE][PASSED] - Object: 'Object Repository/Final Object Repo/WorkFlow Listing Page/Search Information - To Put Ref No' is clicked on

2018-12-12 12:59:12 - [TEST_STEP][PASSED] - delay: Delayed 2 second(s)

2018-12-12 12:59:14 - [MESSAGE][PASSED] - Delayed 2 second(s)

2018-12-12 12:59:14 - [TEST_STEP][PASSED] - callTestCase: Call Test Case 'Test Cases/Final Aug 2018 - PKS Automation/Common/Reference Number Getter' successfully

2018-12-12 12:59:15 - [TEST_CASE][PASSED] - Test Cases/Final Aug 2018 - PKS Automation/Common/Reference Number Getter: Test Cases/Final Aug 2018 - PKS Automation/Common/Reference Number Getter

2018-12-12 12:59:15 - [TEST_STEP][PASSED] - Statement - Try: null

2018-12-12 12:59:15 - [TEST_STEP][PASSED] - Statement - RefNo = new java.io.File(C://Users//Admin//Desktop//PKS//Automation Reference Point//KatalonReference.txt): null

2018-12-12 12:59:15 - [TEST_STEP][PASSED] - Statement - bufferread = new java.io.BufferedReader(new java.io.FileReader(RefNo)): null

2018-12-12 12:59:15 - [TEST_STEP][PASSED] - Statement - readedVal = bufferread.readLine(): null

2018-12-12 12:59:15 - [TEST_STEP][PASSED] - Statement - out.println(CaseReferenceNo): null

2018-12-12 12:59:15 - [TEST_STEP][PASSED] - Statement - out.println(readedVal): null

2018-12-12 12:59:15 - [TEST_STEP][PASSED] - Statement - CaseReferenceNo = "": null

2018-12-12 12:59:15 - [TEST_STEP][PASSED] - Statement - CaseReferenceNo = readedVal: null

2018-12-12 12:59:15 - [MESSAGE][PASSED] - Call Test Case 'Test Cases/Final Aug 2018 - PKS Automation/Common/Reference Number Getter' successfully

2018-12-12 12:59:15 - [TEST_STEP][PASSED] - setText: Text 'SSN12201800001193' is set on object 'Object Repository/Final Object Repo/WorkFlow Listing Page/Ref No Set Text'

2018-12-12 12:59:15 - [MESSAGE][PASSED] - Text 'SSN12201800001193' is set on object 'Object Repository/Final Object Repo/WorkFlow Listing Page/Ref No Set Text'

2018-12-12 12:59:15 - [TEST_STEP][PASSED] - delay: Delayed 2 second(s)

2018-12-12 12:59:17 - [MESSAGE][PASSED] - Delayed 2 second(s)

2018-12-12 12:59:17 - [TEST_STEP][PASSED] - click: Object: 'Object Repository/Final Object Repo/WorkFlow Listing Page/Search Ref No Search Button' is clicked on

2018-12-12 12:59:17 - [MESSAGE][PASSED] - Object: 'Object Repository/Final Object Repo/WorkFlow Listing Page/Search Ref No Search Button' is clicked on

2018-12-12 12:59:17 - [TEST_STEP][PASSED] - delay: Delayed 6 second(s)

2018-12-12 12:59:23 - [MESSAGE][PASSED] - Delayed 6 second(s)

2018-12-12 12:59:23 - [TEST_STEP][PASSED] - click: Object: 'Object Repository/Final Object Repo/WorkFlow Listing Page/Click Continue Tooltip' is clicked on

2018-12-12 12:59:24 - [MESSAGE][PASSED] - Object: 'Object Repository/Final Object Repo/WorkFlow Listing Page/Click Continue Tooltip' is clicked on

2018-12-12 12:59:24 - [TEST_STEP][PASSED] - delay: Delayed 5 second(s)

2018-12-12 12:59:29 - [MESSAGE][PASSED] - Delayed 5 second(s)

2018-12-12 12:59:29 - [TEST_STEP][PASSED] - doubleClick: Object: 'Object Repository/Final Object Repo/WorkFlow Listing Page/Workflow Found - Listing 1' is double clicked on

2018-12-12 12:59:29 - [MESSAGE][PASSED] - Object: 'Object Repository/Final Object Repo/WorkFlow Listing Page/Workflow Found - Listing 1' is double clicked on

2018-12-12 12:59:29 - [TEST_STEP][PASSED] - Statement - println(OwnerID): null

2018-12-12 12:59:29 - [TEST_STEP][PASSED] - Statement - OwnerID = com.kms.katalon.core.webui.keyword.WebUiBuiltInKeywords.getText(com.kms.katalon.core.testobject.ObjectRepository.findTestObject(Final Object Repo/WorkFlow Listing Page/Workflow Found - Listing 1), STOP_ON_FAILURE): Text of object 'Object Repository/Final Object Repo/WorkFlow Listing Page/Workflow Found - Listing 1' is: 'JOHORrio2'

2018-12-12 12:59:29 - [MESSAGE][PASSED] - Text of object 'Object Repository/Final Object Repo/WorkFlow Listing Page/Workflow Found - Listing 1' is: 'JOHORrio2'

2018-12-12 12:59:29 - [TEST_STEP][PASSED] - Statement - OwnerID = OwnerID.toLowerCase() + "@gmail.com": null

2018-12-12 12:59:29 - [TEST_STEP][PASSED] - Statement - println(OwnerID): null

2018-12-12 12:59:29 - [TEST_STEP][PASSED] - delay: Delayed 2 second(s)

2018-12-12 12:59:31 - [MESSAGE][PASSED] - Delayed 2 second(s)

2018-12-12 12:59:31 - [MESSAGE][PASSED] - Call Test Case 'Test Cases/Final Aug 2018 - PKS Automation/Common/Workflow Owner Finder' successfully

2018-12-12 12:59:31 - [TEST_STEP][PASSED] - delay: Delayed 2 second(s)

2018-12-12 12:59:33 - [MESSAGE][PASSED] - Delayed 2 second(s)

2018-12-12 12:59:33 - [TEST_STEP][PASSED] - navigateToUrl: Navigate to 'https://assist2-uat.perkeso.gov.my/c/portal/logout' successfully

2018-12-12 12:59:34 - [MESSAGE][PASSED] - Navigate to 'https://assist2-uat.perkeso.gov.my/c/portal/logout' successfully

2018-12-12 12:59:34 - [TEST_STEP][PASSED] - delay: Delayed 2 second(s)

2018-12-12 12:59:36 - [MESSAGE][PASSED] - Delayed 2 second(s)

2018-12-12 12:59:36 - [TEST_STEP][PASSED] - callTestCase: Call Test Case 'Test Cases/Final Aug 2018 - PKS Automation/Registration Module/Workflow/Login and Search Case For Workflow' successfully

2018-12-12 12:59:36 - [TEST_CASE][PASSED] - Test Cases/Final Aug 2018 - PKS Automation/Registration Module/Workflow/Login and Search Case For Workflow: Test Cases/Final Aug 2018 - PKS Automation/Registration Module/Workflow/Login and Search Case For Workflow

2018-12-12 12:59:36 - [TEST_STEP][PASSED] - navigateToUrl: Navigate to 'https://assist2-uat.perkeso.gov.my/login' successfully

2018-12-12 12:59:37 - [MESSAGE][PASSED] - Navigate to 'https://assist2-uat.perkeso.gov.my/login' successfully

2018-12-12 12:59:37 - [TEST_STEP][PASSED] - setText: Text 'johorrio2@gmail.com' is set on object 'Object Repository/Final Object Repo/Login Page/Internal User/Email Address'

2018-12-12 12:59:37 - [MESSAGE][PASSED] - Text 'johorrio2@gmail.com' is set on object 'Object Repository/Final Object Repo/Login Page/Internal User/Email Address'

2018-12-12 12:59:37 - [TEST_STEP][PASSED] - click: Object: 'Object Repository/Final Object Repo/Login Page/Internal User/Next Button' is clicked on

2018-12-12 12:59:37 - [MESSAGE][PASSED] - Object: 'Object Repository/Final Object Repo/Login Page/Internal User/Next Button' is clicked on

2018-12-12 12:59:37 - [TEST_STEP][PASSED] - delay: Delayed 1 second(s)

2018-12-12 12:59:38 - [MESSAGE][PASSED] - Delayed 1 second(s)

2018-12-12 12:59:38 - [TEST_STEP][PASSED] - setEncryptedText: Text ****** has been set on object 'Object Repository/Final Object Repo/Login Page/Internal User/Password'

2018-12-12 12:59:38 - [MESSAGE][PASSED] - Text ****** has been set on object 'Object Repository/Final Object Repo/Login Page/Internal User/Password'

2018-12-12 12:59:38 - [TEST_STEP][PASSED] - click: Object: 'Object Repository/Final Object Repo/Login Page/Internal User/Login Button' is clicked on

2018-12-12 12:59:39 - [MESSAGE][PASSED] - Object: 'Object Repository/Final Object Repo/Login Page/Internal User/Login Button' is clicked on

2018-12-12 12:59:39 - [TEST_STEP][PASSED] - delay: Delayed 2 second(s)

2018-12-12 12:59:41 - [MESSAGE][PASSED] - Delayed 2 second(s)

2018-12-12 12:59:41 - [TEST_STEP][PASSED] - Statement - Try: Delayed 2 second(s)

2018-12-12 12:59:41 - [TEST_STEP][PASSED] - Statement - Checker = false: null

2018-12-12 12:59:41 - [TEST_STEP][PASSED] - Statement - Checker = com.kms.katalon.core.webui.keyword.WebUiBuiltInKeywords.verifyElementHasAttribute(com.kms.katalon.core.testobject.ObjectRepository.findTestObject(Final Object Repo/Landing Page/BM Detecting), "href", 20, OPTIONAL): Object 'Object Repository/Final Object Repo/Landing Page/BM Detecting' has attribute 'href'

2018-12-12 12:59:41 - [MESSAGE][PASSED] - Object 'Object Repository/Final Object Repo/Landing Page/BM Detecting' has attribute 'href'

2018-12-12 12:59:41 - [TEST_STEP][PASSED] - Statement - out.println(Checker): null

2018-12-12 12:59:41 - [TEST_STEP][PASSED] - Statement - If (Checker == false): null

2018-12-12 12:59:41 - [TEST_STEP][PASSED] - Statement - Else: null

2018-12-12 12:59:41 - [TEST_STEP][PASSED] - delay: Delayed 2 second(s)

2018-12-12 12:59:43 - [MESSAGE][PASSED] - Delayed 2 second(s)

2018-12-12 12:59:43 - [TEST_STEP][PASSED] - click: Object: 'Object Repository/Final Object Repo/Page_MyASSIST - ASSIST - Search Pending Case For Add Supporting Document/Search Information' is clicked on

2018-12-12 12:59:43 - [MESSAGE][PASSED] - Object: 'Object Repository/Final Object Repo/Page_MyASSIST - ASSIST - Search Pending Case For Add Supporting Document/Search Information' is clicked on

2018-12-12 12:59:43 - [TEST_STEP][PASSED] - delay: Delayed 3 second(s)

2018-12-12 12:59:46 - [MESSAGE][PASSED] - Delayed 3 second(s)

2018-12-12 12:59:46 - [TEST_STEP][PASSED] - sendKeys: Keys 'SSN12201800001193' sent to object: 'Object Repository/Final Object Repo/Page_MyASSIST - ASSIST - Search Pending Case For Add Supporting Document/Reference No'

2018-12-12 12:59:46 - [MESSAGE][PASSED] - Keys 'SSN12201800001193' sent to object: 'Object Repository/Final Object Repo/Page_MyASSIST - ASSIST - Search Pending Case For Add Supporting Document/Reference No'

2018-12-12 12:59:46 - [TEST_STEP][PASSED] - click: Object: 'Object Repository/Final Object Repo/Page_MyASSIST - ASSIST - Search Pending Case For Add Supporting Document/Search Reference No' is clicked on

2018-12-12 12:59:46 - [MESSAGE][PASSED] - Object: 'Object Repository/Final Object Repo/Page_MyASSIST - ASSIST - Search Pending Case For Add Supporting Document/Search Reference No' is clicked on

2018-12-12 12:59:46 - [TEST_STEP][PASSED] - delay: Delayed 2 second(s)

2018-12-12 12:59:48 - [MESSAGE][PASSED] - Delayed 2 second(s)

2018-12-12 12:59:48 - [TEST_STEP][PASSED] - click: Object: 'Object Repository/Final Object Repo/Page_MyASSIST - ASSIST - Search Pending Case For Add Supporting Document/Continue' is clicked on

2018-12-12 12:59:55 - [MESSAGE][PASSED] - Object: 'Object Repository/Final Object Repo/Page_MyASSIST - ASSIST - Search Pending Case For Add Supporting Document/Continue' is clicked on

2018-12-12 12:59:55 - [TEST_STEP][PASSED] - delay: Delayed 20 second(s)

2018-12-12 13:00:16 - [MESSAGE][PASSED] - Delayed 20 second(s)

2018-12-12 13:00:16 - [MESSAGE][PASSED] - Call Test Case 'Test Cases/Final Aug 2018 - PKS Automation/Registration Module/Workflow/Login and Search Case For Workflow' successfully

2018-12-12 13:00:16 - [TEST_STEP][PASSED] - callTestCase: Call Test Case 'Test Cases/Final Aug 2018 - PKS Automation/Registration Module/Workflow/Request SSN/Template/Request SSN - RIO' successfully

2018-12-12 13:00:16 - [TEST_CASE][PASSED] - Test Cases/Final Aug 2018 - PKS Automation/Registration Module/Workflow/Request SSN/Template/Request SSN - RIO: Test Cases/Final Aug 2018 - PKS Automation/Registration Module/Workflow/Request SSN/Template/Request SSN - RIO

2018-12-12 13:00:16 - [TEST_STEP][NOT_RUN] - openBrowser: NOT_RUN: openBrowser

2018-12-12 13:00:16 - [MESSAGE][NOT_RUN] - NOT_RUN: openBrowser

2018-12-12 13:00:16 - [TEST_STEP][NOT_RUN] - navigateToUrl: NOT_RUN: navigateToUrl

2018-12-12 13:00:16 - [MESSAGE][NOT_RUN] - NOT_RUN: navigateToUrl

2018-12-12 13:00:16 - [TEST_STEP][NOT_RUN] - setText: NOT_RUN: setText

2018-12-12 13:00:16 - [MESSAGE][NOT_RUN] - NOT_RUN: setText

2018-12-12 13:00:16 - [TEST_STEP][NOT_RUN] - click: NOT_RUN: click

2018-12-12 13:00:16 - [MESSAGE][NOT_RUN] - NOT_RUN: click

2018-12-12 13:00:16 - [TEST_STEP][NOT_RUN] - delay: NOT_RUN: delay

2018-12-12 13:00:16 - [MESSAGE][NOT_RUN] - NOT_RUN: delay

2018-12-12 13:00:16 - [TEST_STEP][NOT_RUN] - setEncryptedText: NOT_RUN: setEncryptedText

2018-12-12 13:00:16 - [MESSAGE][NOT_RUN] - NOT_RUN: setEncryptedText

2018-12-12 13:00:16 - [TEST_STEP][NOT_RUN] - click: NOT_RUN: click

2018-12-12 13:00:16 - [MESSAGE][NOT_RUN] - NOT_RUN: click

2018-12-12 13:00:16 - [TEST_STEP][NOT_RUN] - delay: NOT_RUN: delay

2018-12-12 13:00:16 - [MESSAGE][NOT_RUN] - NOT_RUN: delay

2018-12-12 13:00:16 - [TEST_STEP][NOT_RUN] - click: NOT_RUN: click

2018-12-12 13:00:16 - [MESSAGE][NOT_RUN] - NOT_RUN: click

2018-12-12 13:00:16 - [TEST_STEP][NOT_RUN] - sendKeys: NOT_RUN: sendKeys

2018-12-12 13:00:16 - [MESSAGE][NOT_RUN] - NOT_RUN: sendKeys

2018-12-12 13:00:16 - [TEST_STEP][NOT_RUN] - click: NOT_RUN: click

2018-12-12 13:00:16 - [MESSAGE][NOT_RUN] - NOT_RUN: click

2018-12-12 13:00:16 - [TEST_STEP][NOT_RUN] - delay: NOT_RUN: delay

2018-12-12 13:00:16 - [MESSAGE][NOT_RUN] - NOT_RUN: delay

2018-12-12 13:00:16 - [TEST_STEP][NOT_RUN] - click: NOT_RUN: click

2018-12-12 13:00:16 - [MESSAGE][NOT_RUN] - NOT_RUN: click

2018-12-12 13:00:16 - [TEST_STEP][PASSED] - delay: Delayed 2 second(s)

2018-12-12 13:00:18 - [MESSAGE][PASSED] - Delayed 2 second(s)

2018-12-12 13:00:18 - [TEST_STEP][PASSED] - click: Object: 'Object Repository/Final Object Repo/Page_Request SSN - ASSIST/Page_Request SSN - ASSIST - RIO/Recommend For SSN' is clicked on

2018-12-12 13:00:18 - [MESSAGE][PASSED] - Object: 'Object Repository/Final Object Repo/Page_Request SSN - ASSIST/Page_Request SSN - ASSIST - RIO/Recommend For SSN' is clicked on

2018-12-12 13:00:18 - [TEST_STEP][PASSED] - click: Object: 'Object Repository/Final Object Repo/Page_Request SSN - ASSIST/Page_Request SSN - ASSIST - RIO/Recommend For SSN  - Yes' is clicked on

2018-12-12 13:00:18 - [MESSAGE][PASSED] - Object: 'Object Repository/Final Object Repo/Page_Request SSN - ASSIST/Page_Request SSN - ASSIST - RIO/Recommend For SSN  - Yes' is clicked on

2018-12-12 13:00:18 - [TEST_STEP][PASSED] - delay: Delayed 2 second(s)

2018-12-12 13:00:20 - [MESSAGE][PASSED] - Delayed 2 second(s)

2018-12-12 13:00:20 - [TEST_STEP][PASSED] - click: Object: 'Object Repository/Final Object Repo/Page_Request SSN - ASSIST/Page_Request SSN - ASSIST - RIO/Save  Continue in SSN page' is clicked on

2018-12-12 13:00:20 - [MESSAGE][PASSED] - Object: 'Object Repository/Final Object Repo/Page_Request SSN - ASSIST/Page_Request SSN - ASSIST - RIO/Save  Continue in SSN page' is clicked on

2018-12-12 13:00:20 - [TEST_STEP][PASSED] - delay: Delayed 2 second(s)

2018-12-12 13:00:22 - [MESSAGE][PASSED] - Delayed 2 second(s)

2018-12-12 13:00:22 - [TEST_STEP][PASSED] - click: Object: 'Object Repository/Final Object Repo/Page_Request SSN - ASSIST/Page_Request SSN - ASSIST - RIO/Save  Continue in Upload Document Page' is clicked on

2018-12-12 13:00:24 - [MESSAGE][PASSED] - Object: 'Object Repository/Final Object Repo/Page_Request SSN - ASSIST/Page_Request SSN - ASSIST - RIO/Save  Continue in Upload Document Page' is clicked on

2018-12-12 13:00:24 - [TEST_STEP][PASSED] - delay: Delayed 2 second(s)

2018-12-12 13:00:26 - [MESSAGE][PASSED] - Delayed 2 second(s)

2018-12-12 13:00:26 - [TEST_STEP][PASSED] - click: Object: 'Object Repository/Final Object Repo/Page_Request SSN - ASSIST/Page_Request SSN - ASSIST - RIO/Submit' is clicked on

2018-12-12 13:00:29 - [MESSAGE][PASSED] - Object: 'Object Repository/Final Object Repo/Page_Request SSN - ASSIST/Page_Request SSN - ASSIST - RIO/Submit' is clicked on

2018-12-12 13:00:29 - [TEST_STEP][PASSED] - delay: Delayed 2 second(s)

2018-12-12 13:00:31 - [MESSAGE][PASSED] - Delayed 2 second(s)

2018-12-12 13:00:31 - [TEST_STEP][PASSED] - click: Object: 'Object Repository/Final Object Repo/Page_Request SSN - ASSIST/Page_Request SSN - ASSIST - RIO/Confirm' is clicked on

2018-12-12 13:00:31 - [MESSAGE][PASSED] - Object: 'Object Repository/Final Object Repo/Page_Request SSN - ASSIST/Page_Request SSN - ASSIST - RIO/Confirm' is clicked on

2018-12-12 13:00:31 - [MESSAGE][PASSED] - Call Test Case 'Test Cases/Final Aug 2018 - PKS Automation/Registration Module/Workflow/Request SSN/Template/Request SSN - RIO' successfully

2018-12-12 13:00:31 - [TEST_STEP][PASSED] - delay: Delayed 2 second(s)

2018-12-12 13:00:33 - [MESSAGE][PASSED] - Delayed 2 second(s)

2018-12-12 13:00:33 - [TEST_STEP][PASSED] - navigateToUrl: Navigate to 'https://assist2-uat.perkeso.gov.my/c/portal/logout' successfully

2018-12-12 13:00:38 - [MESSAGE][PASSED] - Navigate to 'https://assist2-uat.perkeso.gov.my/c/portal/logout' successfully

2018-12-12 13:00:38 - [TEST_STEP][PASSED] - delay: Delayed 2 second(s)

2018-12-12 13:00:40 - [MESSAGE][PASSED] - Delayed 2 second(s)

2018-12-12 13:00:40 - [TEST_STEP][PASSED] - callTestCase: Call Test Case 'Test Cases/Final Aug 2018 - PKS Automation/Common/Workflow Owner Finder' successfully

2018-12-12 13:00:40 - [TEST_CASE][PASSED] - Test Cases/Final Aug 2018 - PKS Automation/Common/Workflow Owner Finder: Test Cases/Final Aug 2018 - PKS Automation/Common/Workflow Owner Finder

2018-12-12 13:00:40 - [TEST_STEP][PASSED] - openBrowser: Browser is opened with url: ''

2018-12-12 13:00:40 - [MESSAGE][WARNING] - A browser is already opened. Closing browser and opening a new one

2018-12-12 13:00:44 - [MESSAGE][PASSED] - Browser is opened with url: ''

2018-12-12 13:00:44 - [TEST_STEP][PASSED] - navigateToUrl: Navigate to 'https://assist2-uat.perkeso.gov.my/login' successfully

2018-12-12 13:00:45 - [MESSAGE][PASSED] - Navigate to 'https://assist2-uat.perkeso.gov.my/login' successfully

2018-12-12 13:00:45 - [TEST_STEP][PASSED] - delay: Delayed 5 second(s)

2018-12-12 13:00:50 - [MESSAGE][PASSED] - Delayed 5 second(s)

2018-12-12 13:00:50 - [TEST_STEP][PASSED] - setText: Text 'test@liferay.com' is set on object 'Object Repository/Final Object Repo/Login Page/Internal User/Email Address'

2018-12-12 13:00:50 - [MESSAGE][PASSED] - Text 'test@liferay.com' is set on object 'Object Repository/Final Object Repo/Login Page/Internal User/Email Address'

2018-12-12 13:00:50 - [TEST_STEP][PASSED] - click: Object: 'Object Repository/Final Object Repo/Login Page/Internal User/Next Button' is clicked on

2018-12-12 13:00:51 - [MESSAGE][PASSED] - Object: 'Object Repository/Final Object Repo/Login Page/Internal User/Next Button' is clicked on

2018-12-12 13:00:51 - [TEST_STEP][PASSED] - delay: Delayed 2 second(s)

2018-12-12 13:00:53 - [MESSAGE][PASSED] - Delayed 2 second(s)

2018-12-12 13:00:53 - [TEST_STEP][PASSED] - setText: Text 'test' is set on object 'Object Repository/Final Object Repo/Login Page/Internal User/Password'

2018-12-12 13:00:53 - [MESSAGE][PASSED] - Text 'test' is set on object 'Object Repository/Final Object Repo/Login Page/Internal User/Password'

2018-12-12 13:00:53 - [TEST_STEP][PASSED] - delay: Delayed 2 second(s)

2018-12-12 13:00:55 - [MESSAGE][PASSED] - Delayed 2 second(s)

2018-12-12 13:00:55 - [TEST_STEP][PASSED] - click: Object: 'Object Repository/Final Object Repo/Login Page/Internal User/Login Button' is clicked on

2018-12-12 13:00:55 - [MESSAGE][PASSED] - Object: 'Object Repository/Final Object Repo/Login Page/Internal User/Login Button' is clicked on

2018-12-12 13:00:55 - [TEST_STEP][PASSED] - Statement - tester = com.kms.katalon.core.testobject.ObjectRepository.findTestObject(Final Object Repo/Landing Page/Select to English): Finding Test Object with id 'Object Repository/Final Object Repo/Landing Page/Select to English'

2018-12-12 13:00:55 - [TEST_STEP][PASSED] - Statement - Try: Delayed 2 second(s)

2018-12-12 13:00:55 - [TEST_STEP][PASSED] - Statement - Checker = com.kms.katalon.core.webui.keyword.WebUiBuiltInKeywords.verifyElementNotPresent(tester, 3): Web element with id: 'Object Repository/Final Object Repo/Landing Page/Select to English' located by 'By.xpath: //a[@class = 'taglib-language-list-text' and @lang = 'en-US' and (contains(text(), 'EN') or contains(., 'EN'))]' is not present after '3' second(s)

2018-12-12 13:00:57 - [MESSAGE][PASSED] - Web element with id: 'Object Repository/Final Object Repo/Landing Page/Select to English' located by 'By.xpath: //a[@class = 'taglib-language-list-text' and @lang = 'en-US' and (contains(text(), 'EN') or contains(., 'EN'))]' is not present after '3' second(s)

2018-12-12 13:00:57 - [TEST_STEP][PASSED] - Statement - If (Checker == false): null

2018-12-12 13:00:57 - [TEST_STEP][PASSED] - delay: Delayed 2 second(s)

2018-12-12 13:00:59 - [MESSAGE][PASSED] - Delayed 2 second(s)

2018-12-12 13:00:59 - [TEST_STEP][PASSED] - delay: Delayed 5 second(s)

2018-12-12 13:01:04 - [MESSAGE][PASSED] - Delayed 5 second(s)

2018-12-12 13:01:04 - [TEST_STEP][PASSED] - mouseOver: Object: 'Object Repository/Final Object Repo/Landing Page/WorkFlow Menu' is hovered

2018-12-12 13:01:04 - [MESSAGE][PASSED] - Object: 'Object Repository/Final Object Repo/Landing Page/WorkFlow Menu' is hovered

2018-12-12 13:01:04 - [TEST_STEP][PASSED] - delay: Delayed 2 second(s)

2018-12-12 13:01:06 - [MESSAGE][PASSED] - Delayed 2 second(s)

2018-12-12 13:01:06 - [TEST_STEP][PASSED] - click: Object: 'Object Repository/Final Object Repo/Landing Page/Select to Workflow Listing' is clicked on

2018-12-12 13:01:07 - [MESSAGE][PASSED] - Object: 'Object Repository/Final Object Repo/Landing Page/Select to Workflow Listing' is clicked on

2018-12-12 13:01:07 - [TEST_STEP][PASSED] - delay: Delayed 2 second(s)

2018-12-12 13:01:09 - [MESSAGE][PASSED] - Delayed 2 second(s)

2018-12-12 13:01:09 - [TEST_STEP][PASSED] - click: Object: 'Object Repository/Final Object Repo/WorkFlow Listing Page/Search Information - To Put Ref No' is clicked on

2018-12-12 13:01:09 - [MESSAGE][PASSED] - Object: 'Object Repository/Final Object Repo/WorkFlow Listing Page/Search Information - To Put Ref No' is clicked on

2018-12-12 13:01:09 - [TEST_STEP][PASSED] - delay: Delayed 2 second(s)

2018-12-12 13:01:11 - [MESSAGE][PASSED] - Delayed 2 second(s)

2018-12-12 13:01:11 - [TEST_STEP][PASSED] - callTestCase: Call Test Case 'Test Cases/Final Aug 2018 - PKS Automation/Common/Reference Number Getter' successfully

2018-12-12 13:01:11 - [TEST_CASE][PASSED] - Test Cases/Final Aug 2018 - PKS Automation/Common/Reference Number Getter: Test Cases/Final Aug 2018 - PKS Automation/Common/Reference Number Getter

2018-12-12 13:01:11 - [TEST_STEP][PASSED] - Statement - Try: null

2018-12-12 13:01:11 - [TEST_STEP][PASSED] - Statement - RefNo = new java.io.File(C://Users//Admin//Desktop//PKS//Automation Reference Point//KatalonReference.txt): null

2018-12-12 13:01:11 - [TEST_STEP][PASSED] - Statement - bufferread = new java.io.BufferedReader(new java.io.FileReader(RefNo)): null

2018-12-12 13:01:11 - [TEST_STEP][PASSED] - Statement - readedVal = bufferread.readLine(): null

2018-12-12 13:01:11 - [TEST_STEP][PASSED] - Statement - out.println(CaseReferenceNo): null

2018-12-12 13:01:11 - [TEST_STEP][PASSED] - Statement - out.println(readedVal): null

2018-12-12 13:01:11 - [TEST_STEP][PASSED] - Statement - CaseReferenceNo = "": null

2018-12-12 13:01:11 - [TEST_STEP][PASSED] - Statement - CaseReferenceNo = readedVal: null

2018-12-12 13:01:11 - [MESSAGE][PASSED] - Call Test Case 'Test Cases/Final Aug 2018 - PKS Automation/Common/Reference Number Getter' successfully

2018-12-12 13:01:11 - [TEST_STEP][PASSED] - setText: Text 'SSN12201800001193' is set on object 'Object Repository/Final Object Repo/WorkFlow Listing Page/Ref No Set Text'

2018-12-12 13:01:12 - [MESSAGE][PASSED] - Text 'SSN12201800001193' is set on object 'Object Repository/Final Object Repo/WorkFlow Listing Page/Ref No Set Text'

2018-12-12 13:01:12 - [TEST_STEP][PASSED] - delay: Delayed 2 second(s)

2018-12-12 13:01:14 - [MESSAGE][PASSED] - Delayed 2 second(s)

2018-12-12 13:01:14 - [TEST_STEP][PASSED] - click: Object: 'Object Repository/Final Object Repo/WorkFlow Listing Page/Search Ref No Search Button' is clicked on

2018-12-12 13:01:14 - [MESSAGE][PASSED] - Object: 'Object Repository/Final Object Repo/WorkFlow Listing Page/Search Ref No Search Button' is clicked on

2018-12-12 13:01:14 - [TEST_STEP][PASSED] - delay: Delayed 6 second(s)

2018-12-12 13:01:20 - [MESSAGE][PASSED] - Delayed 6 second(s)

2018-12-12 13:01:20 - [TEST_STEP][PASSED] - click: Object: 'Object Repository/Final Object Repo/WorkFlow Listing Page/Click Continue Tooltip' is clicked on

2018-12-12 13:01:21 - [MESSAGE][PASSED] - Object: 'Object Repository/Final Object Repo/WorkFlow Listing Page/Click Continue Tooltip' is clicked on

2018-12-12 13:01:21 - [TEST_STEP][PASSED] - delay: Delayed 5 second(s)

2018-12-12 13:01:26 - [MESSAGE][PASSED] - Delayed 5 second(s)

2018-12-12 13:01:26 - [TEST_STEP][PASSED] - doubleClick: Object: 'Object Repository/Final Object Repo/WorkFlow Listing Page/Workflow Found - Listing 1' is double clicked on

2018-12-12 13:01:26 - [MESSAGE][PASSED] - Object: 'Object Repository/Final Object Repo/WorkFlow Listing Page/Workflow Found - Listing 1' is double clicked on

2018-12-12 13:01:26 - [TEST_STEP][PASSED] - Statement - println(OwnerID): null

2018-12-12 13:01:26 - [TEST_STEP][PASSED] - Statement - OwnerID = com.kms.katalon.core.webui.keyword.WebUiBuiltInKeywords.getText(com.kms.katalon.core.testobject.ObjectRepository.findTestObject(Final Object Repo/WorkFlow Listing Page/Workflow Found - Listing 1), STOP_ON_FAILURE): Text of object 'Object Repository/Final Object Repo/WorkFlow Listing Page/Workflow Found - Listing 1' is: 'JOHORro2'

2018-12-12 13:01:26 - [MESSAGE][PASSED] - Text of object 'Object Repository/Final Object Repo/WorkFlow Listing Page/Workflow Found - Listing 1' is: 'JOHORro2'

2018-12-12 13:01:26 - [TEST_STEP][PASSED] - Statement - OwnerID = OwnerID.toLowerCase() + "@gmail.com": null

2018-12-12 13:01:26 - [TEST_STEP][PASSED] - Statement - println(OwnerID): null

2018-12-12 13:01:26 - [TEST_STEP][PASSED] - delay: Delayed 2 second(s)

2018-12-12 13:01:28 - [MESSAGE][PASSED] - Delayed 2 second(s)

2018-12-12 13:01:28 - [MESSAGE][PASSED] - Call Test Case 'Test Cases/Final Aug 2018 - PKS Automation/Common/Workflow Owner Finder' successfully

2018-12-12 13:01:28 - [TEST_STEP][PASSED] - delay: Delayed 2 second(s)

2018-12-12 13:01:30 - [MESSAGE][PASSED] - Delayed 2 second(s)

2018-12-12 13:01:30 - [TEST_STEP][PASSED] - navigateToUrl: Navigate to 'https://assist2-uat.perkeso.gov.my/c/portal/logout' successfully

2018-12-12 13:01:31 - [MESSAGE][PASSED] - Navigate to 'https://assist2-uat.perkeso.gov.my/c/portal/logout' successfully

2018-12-12 13:01:31 - [TEST_STEP][PASSED] - delay: Delayed 2 second(s)

2018-12-12 13:01:33 - [MESSAGE][PASSED] - Delayed 2 second(s)

2018-12-12 13:01:33 - [TEST_STEP][PASSED] - callTestCase: Call Test Case 'Test Cases/Final Aug 2018 - PKS Automation/Registration Module/Workflow/Login and Search Case For Workflow' successfully

2018-12-12 13:01:33 - [TEST_CASE][PASSED] - Test Cases/Final Aug 2018 - PKS Automation/Registration Module/Workflow/Login and Search Case For Workflow: Test Cases/Final Aug 2018 - PKS Automation/Registration Module/Workflow/Login and Search Case For Workflow

2018-12-12 13:01:33 - [TEST_STEP][PASSED] - navigateToUrl: Navigate to 'https://assist2-uat.perkeso.gov.my/login' successfully

2018-12-12 13:01:34 - [MESSAGE][PASSED] - Navigate to 'https://assist2-uat.perkeso.gov.my/login' successfully

2018-12-12 13:01:34 - [TEST_STEP][PASSED] - setText: Text 'johorro2@gmail.com' is set on object 'Object Repository/Final Object Repo/Login Page/Internal User/Email Address'

2018-12-12 13:01:34 - [MESSAGE][PASSED] - Text 'johorro2@gmail.com' is set on object 'Object Repository/Final Object Repo/Login Page/Internal User/Email Address'

2018-12-12 13:01:34 - [TEST_STEP][PASSED] - click: Object: 'Object Repository/Final Object Repo/Login Page/Internal User/Next Button' is clicked on

2018-12-12 13:01:34 - [MESSAGE][PASSED] - Object: 'Object Repository/Final Object Repo/Login Page/Internal User/Next Button' is clicked on

2018-12-12 13:01:34 - [TEST_STEP][PASSED] - delay: Delayed 1 second(s)

2018-12-12 13:01:35 - [MESSAGE][PASSED] - Delayed 1 second(s)

2018-12-12 13:01:35 - [TEST_STEP][PASSED] - setEncryptedText: Text ****** has been set on object 'Object Repository/Final Object Repo/Login Page/Internal User/Password'

2018-12-12 13:01:35 - [MESSAGE][PASSED] - Text ****** has been set on object 'Object Repository/Final Object Repo/Login Page/Internal User/Password'

2018-12-12 13:01:35 - [TEST_STEP][PASSED] - click: Object: 'Object Repository/Final Object Repo/Login Page/Internal User/Login Button' is clicked on

2018-12-12 13:01:36 - [MESSAGE][PASSED] - Object: 'Object Repository/Final Object Repo/Login Page/Internal User/Login Button' is clicked on

2018-12-12 13:01:36 - [TEST_STEP][PASSED] - delay: Delayed 2 second(s)

2018-12-12 13:01:38 - [MESSAGE][PASSED] - Delayed 2 second(s)

2018-12-12 13:01:38 - [TEST_STEP][PASSED] - Statement - Try: Delayed 2 second(s)

2018-12-12 13:01:38 - [TEST_STEP][PASSED] - Statement - Checker = false: null

2018-12-12 13:01:38 - [TEST_STEP][PASSED] - Statement - Checker = com.kms.katalon.core.webui.keyword.WebUiBuiltInKeywords.verifyElementHasAttribute(com.kms.katalon.core.testobject.ObjectRepository.findTestObject(Final Object Repo/Landing Page/BM Detecting), "href", 20, OPTIONAL): Object 'Object Repository/Final Object Repo/Landing Page/BM Detecting' has attribute 'href'

2018-12-12 13:01:38 - [MESSAGE][PASSED] - Object 'Object Repository/Final Object Repo/Landing Page/BM Detecting' has attribute 'href'

2018-12-12 13:01:38 - [TEST_STEP][PASSED] - Statement - out.println(Checker): null

2018-12-12 13:01:38 - [TEST_STEP][PASSED] - Statement - If (Checker == false): null

2018-12-12 13:01:38 - [TEST_STEP][PASSED] - Statement - Else: null

2018-12-12 13:01:38 - [TEST_STEP][PASSED] - delay: Delayed 2 second(s)

2018-12-12 13:01:40 - [MESSAGE][PASSED] - Delayed 2 second(s)

2018-12-12 13:01:40 - [TEST_STEP][PASSED] - click: Object: 'Object Repository/Final Object Repo/Page_MyASSIST - ASSIST - Search Pending Case For Add Supporting Document/Search Information' is clicked on

2018-12-12 13:01:40 - [MESSAGE][PASSED] - Object: 'Object Repository/Final Object Repo/Page_MyASSIST - ASSIST - Search Pending Case For Add Supporting Document/Search Information' is clicked on

2018-12-12 13:01:40 - [TEST_STEP][PASSED] - delay: Delayed 3 second(s)

2018-12-12 13:01:43 - [MESSAGE][PASSED] - Delayed 3 second(s)

2018-12-12 13:01:43 - [TEST_STEP][PASSED] - sendKeys: Keys 'SSN12201800001193' sent to object: 'Object Repository/Final Object Repo/Page_MyASSIST - ASSIST - Search Pending Case For Add Supporting Document/Reference No'

2018-12-12 13:01:43 - [MESSAGE][PASSED] - Keys 'SSN12201800001193' sent to object: 'Object Repository/Final Object Repo/Page_MyASSIST - ASSIST - Search Pending Case For Add Supporting Document/Reference No'

2018-12-12 13:01:43 - [TEST_STEP][PASSED] - click: Object: 'Object Repository/Final Object Repo/Page_MyASSIST - ASSIST - Search Pending Case For Add Supporting Document/Search Reference No' is clicked on

2018-12-12 13:01:43 - [MESSAGE][PASSED] - Object: 'Object Repository/Final Object Repo/Page_MyASSIST - ASSIST - Search Pending Case For Add Supporting Document/Search Reference No' is clicked on

2018-12-12 13:01:43 - [TEST_STEP][PASSED] - delay: Delayed 2 second(s)

2018-12-12 13:01:45 - [MESSAGE][PASSED] - Delayed 2 second(s)

2018-12-12 13:01:45 - [TEST_STEP][PASSED] - click: Object: 'Object Repository/Final Object Repo/Page_MyASSIST - ASSIST - Search Pending Case For Add Supporting Document/Continue' is clicked on

2018-12-12 13:01:52 - [MESSAGE][PASSED] - Object: 'Object Repository/Final Object Repo/Page_MyASSIST - ASSIST - Search Pending Case For Add Supporting Document/Continue' is clicked on

2018-12-12 13:01:52 - [TEST_STEP][PASSED] - delay: Delayed 20 second(s)

2018-12-12 13:02:12 - [MESSAGE][PASSED] - Delayed 20 second(s)

2018-12-12 13:02:12 - [MESSAGE][PASSED] - Call Test Case 'Test Cases/Final Aug 2018 - PKS Automation/Registration Module/Workflow/Login and Search Case For Workflow' successfully

2018-12-12 13:02:12 - [TEST_STEP][PASSED] - callTestCase: Call Test Case 'Test Cases/Final Aug 2018 - PKS Automation/Registration Module/Workflow/Request SSN/Template/Request SSN - RO (Under enforcement)' successfully

2018-12-12 13:02:12 - [TEST_CASE][PASSED] - Test Cases/Final Aug 2018 - PKS Automation/Registration Module/Workflow/Request SSN/Template/Request SSN - RO (Under enforcement): Test Cases/Final Aug 2018 - PKS Automation/Registration Module/Workflow/Request SSN/Template/Request SSN - RO (Under enforcement)

2018-12-12 13:02:12 - [TEST_STEP][NOT_RUN] - openBrowser: NOT_RUN: openBrowser

2018-12-12 13:02:12 - [MESSAGE][NOT_RUN] - NOT_RUN: openBrowser

2018-12-12 13:02:12 - [TEST_STEP][NOT_RUN] - navigateToUrl: NOT_RUN: navigateToUrl

2018-12-12 13:02:12 - [MESSAGE][NOT_RUN] - NOT_RUN: navigateToUrl

2018-12-12 13:02:12 - [TEST_STEP][NOT_RUN] - setText: NOT_RUN: setText

2018-12-12 13:02:12 - [MESSAGE][NOT_RUN] - NOT_RUN: setText

2018-12-12 13:02:12 - [TEST_STEP][NOT_RUN] - click: NOT_RUN: click

2018-12-12 13:02:12 - [MESSAGE][NOT_RUN] - NOT_RUN: click

2018-12-12 13:02:12 - [TEST_STEP][NOT_RUN] - delay: NOT_RUN: delay

2018-12-12 13:02:12 - [MESSAGE][NOT_RUN] - NOT_RUN: delay

2018-12-12 13:02:12 - [TEST_STEP][NOT_RUN] - setEncryptedText: NOT_RUN: setEncryptedText

2018-12-12 13:02:12 - [MESSAGE][NOT_RUN] - NOT_RUN: setEncryptedText

2018-12-12 13:02:12 - [TEST_STEP][NOT_RUN] - click: NOT_RUN: click

2018-12-12 13:02:12 - [MESSAGE][NOT_RUN] - NOT_RUN: click

2018-12-12 13:02:12 - [TEST_STEP][NOT_RUN] - delay: NOT_RUN: delay

2018-12-12 13:02:12 - [MESSAGE][NOT_RUN] - NOT_RUN: delay

2018-12-12 13:02:12 - [TEST_STEP][NOT_RUN] - click: NOT_RUN: click

2018-12-12 13:02:12 - [MESSAGE][NOT_RUN] - NOT_RUN: click

2018-12-12 13:02:12 - [TEST_STEP][NOT_RUN] - delay: NOT_RUN: delay

2018-12-12 13:02:12 - [MESSAGE][NOT_RUN] - NOT_RUN: delay

2018-12-12 13:02:12 - [TEST_STEP][NOT_RUN] - sendKeys: NOT_RUN: sendKeys

2018-12-12 13:02:12 - [MESSAGE][NOT_RUN] - NOT_RUN: sendKeys

2018-12-12 13:02:12 - [TEST_STEP][NOT_RUN] - click: NOT_RUN: click

2018-12-12 13:02:12 - [MESSAGE][NOT_RUN] - NOT_RUN: click

2018-12-12 13:02:12 - [TEST_STEP][NOT_RUN] - delay: NOT_RUN: delay

2018-12-12 13:02:12 - [MESSAGE][NOT_RUN] - NOT_RUN: delay

2018-12-12 13:02:12 - [TEST_STEP][NOT_RUN] - click: NOT_RUN: click

2018-12-12 13:02:12 - [MESSAGE][NOT_RUN] - NOT_RUN: click

2018-12-12 13:02:12 - [TEST_STEP][PASSED] - click: Object: 'Object Repository/Final Object Repo/Page_Request SSN - ASSIST/Page_Request SSN - ASSIST - RO/Approval For SSN' is clicked on

2018-12-12 13:02:12 - [MESSAGE][PASSED] - Object: 'Object Repository/Final Object Repo/Page_Request SSN - ASSIST/Page_Request SSN - ASSIST - RO/Approval For SSN' is clicked on

2018-12-12 13:02:12 - [TEST_STEP][PASSED] - click: Object: 'Object Repository/Final Object Repo/Page_Request SSN - ASSIST/Page_Request SSN - ASSIST - RO/Approval For SSN - Approve' is clicked on

2018-12-12 13:02:12 - [MESSAGE][PASSED] - Object: 'Object Repository/Final Object Repo/Page_Request SSN - ASSIST/Page_Request SSN - ASSIST - RO/Approval For SSN - Approve' is clicked on

2018-12-12 13:02:12 - [TEST_STEP][PASSED] - delay: Delayed 2 second(s)

2018-12-12 13:02:14 - [MESSAGE][PASSED] - Delayed 2 second(s)

2018-12-12 13:02:14 - [TEST_STEP][PASSED] - click: Object: 'Object Repository/Final Object Repo/Page_Request SSN - ASSIST/Page_Request SSN - ASSIST - RO/Save  Continue in SSN Page' is clicked on

2018-12-12 13:02:15 - [MESSAGE][PASSED] - Object: 'Object Repository/Final Object Repo/Page_Request SSN - ASSIST/Page_Request SSN - ASSIST - RO/Save  Continue in SSN Page' is clicked on

2018-12-12 13:02:15 - [TEST_STEP][PASSED] - delay: Delayed 2 second(s)

2018-12-12 13:02:17 - [MESSAGE][PASSED] - Delayed 2 second(s)

2018-12-12 13:02:17 - [TEST_STEP][PASSED] - click: Object: 'Object Repository/Final Object Repo/Page_Request SSN - ASSIST/Page_Request SSN - ASSIST - RO/Save  Continue in Uploading Document Page' is clicked on

2018-12-12 13:02:19 - [MESSAGE][PASSED] - Object: 'Object Repository/Final Object Repo/Page_Request SSN - ASSIST/Page_Request SSN - ASSIST - RO/Save  Continue in Uploading Document Page' is clicked on

2018-12-12 13:02:19 - [TEST_STEP][PASSED] - delay: Delayed 2 second(s)

2018-12-12 13:02:21 - [MESSAGE][PASSED] - Delayed 2 second(s)

2018-12-12 13:02:21 - [TEST_STEP][PASSED] - click: Object: 'Object Repository/Final Object Repo/Page_Request SSN - ASSIST/Page_Request SSN - ASSIST - RO/Page_Request SSN - ASSIST (Under enforcement)/Under Enforcement' is clicked on

2018-12-12 13:02:24 - [MESSAGE][PASSED] - Object: 'Object Repository/Final Object Repo/Page_Request SSN - ASSIST/Page_Request SSN - ASSIST - RO/Page_Request SSN - ASSIST (Under enforcement)/Under Enforcement' is clicked on

2018-12-12 13:02:24 - [TEST_STEP][PASSED] - delay: Delayed 2 second(s)

2018-12-12 13:02:26 - [MESSAGE][PASSED] - Delayed 2 second(s)

2018-12-12 13:02:26 - [TEST_STEP][PASSED] - sendKeys: Keys 'Remark' sent to object: 'Object Repository/Final Object Repo/Page_Request SSN - ASSIST/Page_Request SSN - ASSIST - RO/Page_Request SSN - ASSIST (Under enforcement)/Under Endorcement - Remark'

2018-12-12 13:02:26 - [MESSAGE][PASSED] - Keys 'Remark' sent to object: 'Object Repository/Final Object Repo/Page_Request SSN - ASSIST/Page_Request SSN - ASSIST - RO/Page_Request SSN - ASSIST (Under enforcement)/Under Endorcement - Remark'

2018-12-12 13:02:26 - [TEST_STEP][PASSED] - delay: Delayed 2 second(s)

2018-12-12 13:02:28 - [MESSAGE][PASSED] - Delayed 2 second(s)

2018-12-12 13:02:28 - [TEST_STEP][PASSED] - click: Object: 'Object Repository/Final Object Repo/Page_Request SSN - ASSIST/Page_Request SSN - ASSIST - RO/Page_Request SSN - ASSIST (Under enforcement)/Save  Continue in Under Enforcement Page' is clicked on

2018-12-12 13:02:28 - [MESSAGE][PASSED] - Object: 'Object Repository/Final Object Repo/Page_Request SSN - ASSIST/Page_Request SSN - ASSIST - RO/Page_Request SSN - ASSIST (Under enforcement)/Save  Continue in Under Enforcement Page' is clicked on

2018-12-12 13:02:28 - [TEST_STEP][PASSED] - delay: Delayed 2 second(s)

2018-12-12 13:02:30 - [MESSAGE][PASSED] - Delayed 2 second(s)

2018-12-12 13:02:30 - [TEST_STEP][PASSED] - verifyElementVisible: Object 'Object Repository/Final Object Repo/Page_Request SSN - ASSIST/Page_Request SSN - ASSIST - RO/Page_Request SSN - ASSIST (Under enforcement)/Message The case is under enforceme' is visible

2018-12-12 13:02:34 - [MESSAGE][PASSED] - Object 'Object Repository/Final Object Repo/Page_Request SSN - ASSIST/Page_Request SSN - ASSIST - RO/Page_Request SSN - ASSIST (Under enforcement)/Message The case is under enforceme' is visible

2018-12-12 13:02:34 - [TEST_STEP][PASSED] - delay: Delayed 2 second(s)

2018-12-12 13:02:36 - [MESSAGE][PASSED] - Delayed 2 second(s)

2018-12-12 13:02:36 - [TEST_STEP][PASSED] - click: Object: 'Object Repository/Final Object Repo/Page_Request SSN - ASSIST/Page_Request SSN - ASSIST - RO/Page_Request SSN - ASSIST (Under enforcement)/OK' is clicked on

2018-12-12 13:02:37 - [MESSAGE][PASSED] - Object: 'Object Repository/Final Object Repo/Page_Request SSN - ASSIST/Page_Request SSN - ASSIST - RO/Page_Request SSN - ASSIST (Under enforcement)/OK' is clicked on

2018-12-12 13:02:37 - [MESSAGE][PASSED] - Call Test Case 'Test Cases/Final Aug 2018 - PKS Automation/Registration Module/Workflow/Request SSN/Template/Request SSN - RO (Under enforcement)' successfully

2018-12-12 13:02:37 - [MESSAGE][PASSED] - Call Test Case 'Test Cases/Final Aug 2018 - PKS Automation/Registration Module/Workflow/Request SSN/Template/Request SSN RIO - RO (Under Enforcement)' successfully]]></system-out>
         <system-err><![CDATA[]]></system-err>
      </testcase>
      <system-out><![CDATA[2018-12-12 12:22:58 - [TEST_SUITE][PASSED] - Request SSN: Test Cases/Final Aug 2018 - PKS Automation/Registration Module/Workflow/Request SSN/PKRBO - RIO - RO (Under enforcement)]]></system-out>
      <system-err><![CDATA[]]></system-err>
   </testsuite>
</testsuites>
