<?xml version="1.0" encoding="UTF-8"?>
<testsuites name="Critical Path" time="8127" tests="26" failures="0" errors="0">
   <testsuite name="Critical Path" tests="26" failures="0" errors="0" time="8127" timestamp="2018-12-10 16:54:37" hostname="Admin - Win7Test02" id="Test Suites/Critical Path">
      <properties>
         <property name="deviceName" value=""/>
         <property name="devicePlatform" value=""/>
         <property name="logFolder" value="C:\\Users\\Admin\\Desktop\\PKS\\Perkeso Phase A\\Reports\\Critical Path\\20181210_165434"/>
         <property name="logFiles" value="C:\\Users\\Admin\\Desktop\\PKS\\Perkeso Phase A\\Reports\\Critical Path\\20181210_165434\\execution0.log, C:\\Users\\Admin\\Desktop\\PKS\\Perkeso Phase A\\Reports\\Critical Path\\20181210_165434\\execution1.log"/>
         <property name="attachments" value="C:\\Users\\Admin\\Desktop\\PKS\\Perkeso Phase A\\Reports\\Critical Path\\20181210_165434\\1544439107430.png, C:\\Users\\Admin\\Desktop\\PKS\\Perkeso Phase A\\Reports\\Critical Path\\20181210_165434\\1544439158449.png, C:\\Users\\Admin\\Desktop\\PKS\\Perkeso Phase A\\Reports\\Critical Path\\20181210_165434\\1544439213498.png, C:\\Users\\Admin\\Desktop\\PKS\\Perkeso Phase A\\Reports\\Critical Path\\20181210_165434\\1544439267545.png, C:\\Users\\Admin\\Desktop\\PKS\\Perkeso Phase A\\Reports\\Critical Path\\20181210_165434\\1544439433764.png, C:\\Users\\Admin\\Desktop\\PKS\\Perkeso Phase A\\Reports\\Critical Path\\20181210_165434\\1544439473852.png"/>
         <property name="hostName" value="Admin - Win7Test02"/>
         <property name="os" value="Windows 7 64bit"/>
         <property name="katalonVersion" value="5.8.6.1"/>
         <property name="browser" value="Chrome 70.0.3538.110"/>
         <property name="hostAddress" value="10.20.3.72"/>
         <property name="sessionId" value="931b7619469a5975a58c18c0d68c1f11"/>
         <property name="seleniumVersion" value="3.7.1"/>
         <property name="proxyInformation" value="ProxyInformation{proxyOption=NO_PROXY, proxyServerType=HTTP, password=, proxyServerAddress=, proxyServerPort=0}"/>
         <property name="platform" value="Windows 7"/>
      </properties>
      <testcase name="Test Cases/Final Aug 2018 - PKS Automation/Registration Module/Critical Path/New Registration/Corporation - Sendirian Berhad" classname="Test Cases/Final Aug 2018 - PKS Automation/Registration Module/Critical Path/New Registration/Corporation - Sendirian Berhad" status="PASSED">
         <system-out><![CDATA[2018-12-10 16:54:37 - [TEST_CASE][PASSED] - Test Cases/Final Aug 2018 - PKS Automation/Registration Module/Critical Path/New Registration/Corporation - Sendirian Berhad: Test Cases/Final Aug 2018 - PKS Automation/Registration Module/Critical Path/New Registration/Corporation - Sendirian Berhad

2018-12-10 16:54:37 - [TEST_STEP][PASSED] - callTestCase: Call Test Case 'Test Cases/Final Aug 2018 - PKS Automation/Registration Module/New Registration/Form 1/Form 1 - Corporation - Sendirian Berhad' successfully

2018-12-10 16:54:38 - [TEST_CASE][PASSED] - Test Cases/Final Aug 2018 - PKS Automation/Registration Module/New Registration/Form 1/Form 1 - Corporation - Sendirian Berhad: Test Cases/Final Aug 2018 - PKS Automation/Registration Module/New Registration/Form 1/Form 1 - Corporation - Sendirian Berhad

2018-12-10 16:54:38 - [TEST_STEP][PASSED] - openBrowser: Browser is opened with url: ''

2018-12-10 16:54:42 - [MESSAGE][PASSED] - Browser is opened with url: ''

2018-12-10 16:54:42 - [TEST_STEP][PASSED] - navigateToUrl: Navigate to 'https://assist2-uat.perkeso.gov.my/login' successfully

2018-12-10 16:54:43 - [MESSAGE][PASSED] - Navigate to 'https://assist2-uat.perkeso.gov.my/login' successfully

2018-12-10 16:54:43 - [TEST_STEP][PASSED] - setText: Text 'johorotc1@gmail.com' is set on object 'Object Repository/Final Object Repo/Login Page/Internal User/Email Address'

2018-12-10 16:54:44 - [MESSAGE][PASSED] - Text 'johorotc1@gmail.com' is set on object 'Object Repository/Final Object Repo/Login Page/Internal User/Email Address'

2018-12-10 16:54:44 - [TEST_STEP][PASSED] - click: Object: 'Object Repository/Final Object Repo/Login Page/Internal User/Next Button' is clicked on

2018-12-10 16:54:44 - [MESSAGE][PASSED] - Object: 'Object Repository/Final Object Repo/Login Page/Internal User/Next Button' is clicked on

2018-12-10 16:54:44 - [TEST_STEP][PASSED] - delay: Delayed 1 second(s)

2018-12-10 16:54:45 - [MESSAGE][PASSED] - Delayed 1 second(s)

2018-12-10 16:54:45 - [TEST_STEP][PASSED] - setEncryptedText: Text ****** has been set on object 'Object Repository/Final Object Repo/Login Page/Internal User/Password'

2018-12-10 16:54:45 - [MESSAGE][PASSED] - Text ****** has been set on object 'Object Repository/Final Object Repo/Login Page/Internal User/Password'

2018-12-10 16:54:45 - [TEST_STEP][PASSED] - click: Object: 'Object Repository/Final Object Repo/Login Page/Internal User/Login Button' is clicked on

2018-12-10 16:54:46 - [MESSAGE][PASSED] - Object: 'Object Repository/Final Object Repo/Login Page/Internal User/Login Button' is clicked on

2018-12-10 16:54:46 - [TEST_STEP][PASSED] - delay: Delayed 1 second(s)

2018-12-10 16:54:47 - [MESSAGE][PASSED] - Delayed 1 second(s)

2018-12-10 16:54:47 - [TEST_STEP][PASSED] - Statement - Try: Delayed 2 second(s)

2018-12-10 16:54:47 - [TEST_STEP][PASSED] - Statement - Checker = false: null

2018-12-10 16:54:47 - [TEST_STEP][PASSED] - Statement - Checker = com.kms.katalon.core.webui.keyword.WebUiBuiltInKeywords.verifyElementHasAttribute(com.kms.katalon.core.testobject.ObjectRepository.findTestObject(Final Object Repo/Landing Page/BM Detecting), "href", 20, OPTIONAL): Object 'Object Repository/Final Object Repo/Landing Page/BM Detecting' has attribute 'href'

2018-12-10 16:54:48 - [MESSAGE][PASSED] - Object 'Object Repository/Final Object Repo/Landing Page/BM Detecting' has attribute 'href'

2018-12-10 16:54:48 - [TEST_STEP][PASSED] - Statement - out.println(Checker): null

2018-12-10 16:54:48 - [TEST_STEP][PASSED] - Statement - If (Checker == false): null

2018-12-10 16:54:48 - [TEST_STEP][PASSED] - Statement - Else: null

2018-12-10 16:54:48 - [TEST_STEP][PASSED] - delay: Delayed 2 second(s)

2018-12-10 16:54:50 - [MESSAGE][PASSED] - Delayed 2 second(s)

2018-12-10 16:54:50 - [TEST_STEP][PASSED] - navigateToUrl: Navigate to 'https://assist2-uat.perkeso.gov.my/web/registration/registration' successfully

2018-12-10 16:54:52 - [MESSAGE][PASSED] - Navigate to 'https://assist2-uat.perkeso.gov.my/web/registration/registration' successfully

2018-12-10 16:54:52 - [TEST_STEP][PASSED] - click: Object: 'Object Repository/Final Object Repo/New Registration - Registration Module Pages/Form 1/AEC - No' is clicked on

2018-12-10 16:54:52 - [MESSAGE][PASSED] - Object: 'Object Repository/Final Object Repo/New Registration - Registration Module Pages/Form 1/AEC - No' is clicked on

2018-12-10 16:54:52 - [TEST_STEP][PASSED] - click: Object: 'Object Repository/Final Object Repo/New Registration - Registration Module Pages/Form 1/Business Entity' is clicked on

2018-12-10 16:54:52 - [MESSAGE][PASSED] - Object: 'Object Repository/Final Object Repo/New Registration - Registration Module Pages/Form 1/Business Entity' is clicked on

2018-12-10 16:54:52 - [TEST_STEP][PASSED] - click: Object: 'Object Repository/Final Object Repo/New Registration - Registration Module Pages/Form 1/Businees Entity - Corporation' is clicked on

2018-12-10 16:54:52 - [MESSAGE][PASSED] - Object: 'Object Repository/Final Object Repo/New Registration - Registration Module Pages/Form 1/Businees Entity - Corporation' is clicked on

2018-12-10 16:54:52 - [TEST_STEP][PASSED] - delay: Delayed 1 second(s)

2018-12-10 16:54:53 - [MESSAGE][PASSED] - Delayed 1 second(s)

2018-12-10 16:54:53 - [TEST_STEP][PASSED] - click: Object: 'Object Repository/Final Object Repo/New Registration - Registration Module Pages/Form 1/Sub Business Entity' is clicked on

2018-12-10 16:54:53 - [MESSAGE][PASSED] - Object: 'Object Repository/Final Object Repo/New Registration - Registration Module Pages/Form 1/Sub Business Entity' is clicked on

2018-12-10 16:54:53 - [TEST_STEP][PASSED] - click: Object: 'Object Repository/Final Object Repo/New Registration - Registration Module Pages/Form 1/Sub Business Entity - Sendirian Berhad' is clicked on

2018-12-10 16:54:54 - [MESSAGE][PASSED] - Object: 'Object Repository/Final Object Repo/New Registration - Registration Module Pages/Form 1/Sub Business Entity - Sendirian Berhad' is clicked on

2018-12-10 16:54:54 - [TEST_STEP][PASSED] - delay: Delayed 1 second(s)

2018-12-10 16:54:55 - [MESSAGE][PASSED] - Delayed 1 second(s)

2018-12-10 16:54:55 - [TEST_STEP][PASSED] - setText: Text '123' is set on object 'Object Repository/Final Object Repo/New Registration - Registration Module Pages/Form 1/Registration Number'

2018-12-10 16:54:55 - [MESSAGE][PASSED] - Text '123' is set on object 'Object Repository/Final Object Repo/New Registration - Registration Module Pages/Form 1/Registration Number'

2018-12-10 16:54:55 - [TEST_STEP][PASSED] - click: Object: 'Object Repository/Final Object Repo/New Registration - Registration Module Pages/Form 1/Registred with SSM - Before Feb' is clicked on

2018-12-10 16:54:55 - [MESSAGE][PASSED] - Object: 'Object Repository/Final Object Repo/New Registration - Registration Module Pages/Form 1/Registred with SSM - Before Feb' is clicked on

2018-12-10 16:54:55 - [TEST_STEP][PASSED] - click: Object: 'Object Repository/Final Object Repo/New Registration - Registration Module Pages/Form 1/Registered As a Branch - Yes' is clicked on

2018-12-10 16:54:55 - [MESSAGE][PASSED] - Object: 'Object Repository/Final Object Repo/New Registration - Registration Module Pages/Form 1/Registered As a Branch - Yes' is clicked on

2018-12-10 16:54:55 - [TEST_STEP][PASSED] - click: Object: 'Object Repository/Final Object Repo/New Registration - Registration Module Pages/Form 1/Acknowledgement' is clicked on

2018-12-10 16:54:56 - [MESSAGE][PASSED] - Object: 'Object Repository/Final Object Repo/New Registration - Registration Module Pages/Form 1/Acknowledgement' is clicked on

2018-12-10 16:54:56 - [TEST_STEP][PASSED] - setText: Text 'perkeso' is set on object 'Object Repository/Final Object Repo/New Registration - Registration Module Pages/Form 1/Industry name'

2018-12-10 16:54:56 - [MESSAGE][PASSED] - Text 'perkeso' is set on object 'Object Repository/Final Object Repo/New Registration - Registration Module Pages/Form 1/Industry name'

2018-12-10 16:54:56 - [TEST_STEP][PASSED] - setText: Text 'perkeso1' is set on object 'Object Repository/Final Object Repo/New Registration - Registration Module Pages/Form 1/Postal Address1'

2018-12-10 16:54:56 - [MESSAGE][PASSED] - Text 'perkeso1' is set on object 'Object Repository/Final Object Repo/New Registration - Registration Module Pages/Form 1/Postal Address1'

2018-12-10 16:54:56 - [TEST_STEP][PASSED] - setText: Text 'perkeso2' is set on object 'Object Repository/Final Object Repo/New Registration - Registration Module Pages/Form 1/Postal Address2'

2018-12-10 16:54:57 - [MESSAGE][PASSED] - Text 'perkeso2' is set on object 'Object Repository/Final Object Repo/New Registration - Registration Module Pages/Form 1/Postal Address2'

2018-12-10 16:54:57 - [TEST_STEP][PASSED] - setText: Text 'perkeso3' is set on object 'Object Repository/Final Object Repo/New Registration - Registration Module Pages/Form 1/Postal Address3'

2018-12-10 16:54:57 - [MESSAGE][PASSED] - Text 'perkeso3' is set on object 'Object Repository/Final Object Repo/New Registration - Registration Module Pages/Form 1/Postal Address3'

2018-12-10 16:54:57 - [TEST_STEP][PASSED] - click: Object: 'Object Repository/Final Object Repo/New Registration - Registration Module Pages/Form 1/State' is clicked on

2018-12-10 16:54:57 - [MESSAGE][PASSED] - Object: 'Object Repository/Final Object Repo/New Registration - Registration Module Pages/Form 1/State' is clicked on

2018-12-10 16:54:57 - [TEST_STEP][PASSED] - click: Object: 'Object Repository/Final Object Repo/New Registration - Registration Module Pages/Form 1/State - Johor' is clicked on

2018-12-10 16:54:57 - [MESSAGE][PASSED] - Object: 'Object Repository/Final Object Repo/New Registration - Registration Module Pages/Form 1/State - Johor' is clicked on

2018-12-10 16:54:57 - [TEST_STEP][PASSED] - delay: Delayed 1 second(s)

2018-12-10 16:54:58 - [MESSAGE][PASSED] - Delayed 1 second(s)

2018-12-10 16:54:59 - [TEST_STEP][PASSED] - click: Object: 'Object Repository/Final Object Repo/New Registration - Registration Module Pages/Form 1/City' is clicked on

2018-12-10 16:54:59 - [MESSAGE][PASSED] - Object: 'Object Repository/Final Object Repo/New Registration - Registration Module Pages/Form 1/City' is clicked on

2018-12-10 16:54:59 - [TEST_STEP][PASSED] - setText: Text 'joh' is set on object 'Object Repository/Final Object Repo/New Registration - Registration Module Pages/Form 1/Postcode - 810'

2018-12-10 16:54:59 - [MESSAGE][PASSED] - Text 'joh' is set on object 'Object Repository/Final Object Repo/New Registration - Registration Module Pages/Form 1/Postcode - 810'

2018-12-10 16:54:59 - [TEST_STEP][PASSED] - delay: Delayed 1 second(s)

2018-12-10 16:55:00 - [MESSAGE][PASSED] - Delayed 1 second(s)

2018-12-10 16:55:00 - [TEST_STEP][PASSED] - click: Object: 'Object Repository/Final Object Repo/New Registration - Registration Module Pages/Form 1/City - Johor Bharu' is clicked on

2018-12-10 16:55:00 - [MESSAGE][PASSED] - Object: 'Object Repository/Final Object Repo/New Registration - Registration Module Pages/Form 1/City - Johor Bharu' is clicked on

2018-12-10 16:55:00 - [TEST_STEP][PASSED] - delay: Delayed 1 second(s)

2018-12-10 16:55:01 - [MESSAGE][PASSED] - Delayed 1 second(s)

2018-12-10 16:55:01 - [TEST_STEP][PASSED] - click: Object: 'Object Repository/Final Object Repo/New Registration - Registration Module Pages/Form 1/Postcode' is clicked on

2018-12-10 16:55:01 - [MESSAGE][PASSED] - Object: 'Object Repository/Final Object Repo/New Registration - Registration Module Pages/Form 1/Postcode' is clicked on

2018-12-10 16:55:01 - [TEST_STEP][PASSED] - delay: Delayed 1 second(s)

2018-12-10 16:55:02 - [MESSAGE][PASSED] - Delayed 1 second(s)

2018-12-10 16:55:02 - [TEST_STEP][PASSED] - setText: Text '810' is set on object 'Object Repository/Final Object Repo/New Registration - Registration Module Pages/Form 1/Postcode - 810'

2018-12-10 16:55:03 - [MESSAGE][PASSED] - Text '810' is set on object 'Object Repository/Final Object Repo/New Registration - Registration Module Pages/Form 1/Postcode - 810'

2018-12-10 16:55:03 - [TEST_STEP][PASSED] - delay: Delayed 1 second(s)

2018-12-10 16:55:04 - [MESSAGE][PASSED] - Delayed 1 second(s)

2018-12-10 16:55:04 - [TEST_STEP][PASSED] - click: Object: 'Object Repository/Final Object Repo/New Registration - Registration Module Pages/Form 1/Postcode - 81000' is clicked on

2018-12-10 16:55:04 - [MESSAGE][PASSED] - Object: 'Object Repository/Final Object Repo/New Registration - Registration Module Pages/Form 1/Postcode - 81000' is clicked on

2018-12-10 16:55:04 - [TEST_STEP][PASSED] - delay: Delayed 1 second(s)

2018-12-10 16:55:05 - [MESSAGE][PASSED] - Delayed 1 second(s)

2018-12-10 16:55:05 - [TEST_STEP][PASSED] - setText: Text '100' is set on object 'Object Repository/Final Object Repo/New Registration - Registration Module Pages/Form 1/P.O.BOX'

2018-12-10 16:55:05 - [MESSAGE][PASSED] - Text '100' is set on object 'Object Repository/Final Object Repo/New Registration - Registration Module Pages/Form 1/P.O.BOX'

2018-12-10 16:55:05 - [TEST_STEP][PASSED] - setText: Text '100' is set on object 'Object Repository/Final Object Repo/New Registration - Registration Module Pages/Form 1/Locked Bag No'

2018-12-10 16:55:05 - [MESSAGE][PASSED] - Text '100' is set on object 'Object Repository/Final Object Repo/New Registration - Registration Module Pages/Form 1/Locked Bag No'

2018-12-10 16:55:05 - [TEST_STEP][PASSED] - click: Object: 'Object Repository/Final Object Repo/New Registration - Registration Module Pages/Form 1/SOCSO Office Location' is clicked on

2018-12-10 16:55:06 - [MESSAGE][PASSED] - Object: 'Object Repository/Final Object Repo/New Registration - Registration Module Pages/Form 1/SOCSO Office Location' is clicked on

2018-12-10 16:55:06 - [TEST_STEP][PASSED] - click: Object: 'Object Repository/Final Object Repo/New Registration - Registration Module Pages/Form 1/SOCSO Office Location - Pejabat PERKESO Negeri Johor' is clicked on

2018-12-10 16:55:06 - [MESSAGE][PASSED] - Object: 'Object Repository/Final Object Repo/New Registration - Registration Module Pages/Form 1/SOCSO Office Location - Pejabat PERKESO Negeri Johor' is clicked on

2018-12-10 16:55:06 - [TEST_STEP][PASSED] - delay: Delayed 1 second(s)

2018-12-10 16:55:07 - [MESSAGE][PASSED] - Delayed 1 second(s)

2018-12-10 16:55:07 - [TEST_STEP][PASSED] - check: Object 'Object Repository/Final Object Repo/New Registration - Registration Module Pages/Form 1/Indusrty Address Same As Postal Address' is checked

2018-12-10 16:55:07 - [MESSAGE][PASSED] - Object 'Object Repository/Final Object Repo/New Registration - Registration Module Pages/Form 1/Indusrty Address Same As Postal Address' is checked

2018-12-10 16:55:07 - [TEST_STEP][PASSED] - delay: Delayed 3 second(s)

2018-12-10 16:55:10 - [MESSAGE][PASSED] - Delayed 3 second(s)

2018-12-10 16:55:10 - [TEST_STEP][PASSED] - click: Object: 'Object Repository/Final Object Repo/New Registration - Registration Module Pages/Form 1/Indusry Address Same As Postal Address False' is clicked on

2018-12-10 16:55:10 - [MESSAGE][PASSED] - Object: 'Object Repository/Final Object Repo/New Registration - Registration Module Pages/Form 1/Indusry Address Same As Postal Address False' is clicked on

2018-12-10 16:55:10 - [TEST_STEP][PASSED] - delay: Delayed 1 second(s)

2018-12-10 16:55:11 - [MESSAGE][PASSED] - Delayed 1 second(s)

2018-12-10 16:55:11 - [TEST_STEP][PASSED] - setText: Text 'perkeso1' is set on object 'Object Repository/Final Object Repo/New Registration - Registration Module Pages/Form 1/Industry Address1'

2018-12-10 16:55:12 - [MESSAGE][PASSED] - Text 'perkeso1' is set on object 'Object Repository/Final Object Repo/New Registration - Registration Module Pages/Form 1/Industry Address1'

2018-12-10 16:55:12 - [TEST_STEP][PASSED] - setText: Text 'perkeso2' is set on object 'Object Repository/Final Object Repo/New Registration - Registration Module Pages/Form 1/Industry Address2'

2018-12-10 16:55:12 - [MESSAGE][PASSED] - Text 'perkeso2' is set on object 'Object Repository/Final Object Repo/New Registration - Registration Module Pages/Form 1/Industry Address2'

2018-12-10 16:55:12 - [TEST_STEP][PASSED] - setText: Text 'perkeso3' is set on object 'Object Repository/Final Object Repo/New Registration - Registration Module Pages/Form 1/Industry Address3'

2018-12-10 16:55:12 - [MESSAGE][PASSED] - Text 'perkeso3' is set on object 'Object Repository/Final Object Repo/New Registration - Registration Module Pages/Form 1/Industry Address3'

2018-12-10 16:55:12 - [TEST_STEP][PASSED] - click: Object: 'Object Repository/Final Object Repo/New Registration - Registration Module Pages/Form 1/Industry State' is clicked on

2018-12-10 16:55:13 - [MESSAGE][PASSED] - Object: 'Object Repository/Final Object Repo/New Registration - Registration Module Pages/Form 1/Industry State' is clicked on

2018-12-10 16:55:13 - [TEST_STEP][PASSED] - delay: Delayed 2 second(s)

2018-12-10 16:55:15 - [MESSAGE][PASSED] - Delayed 2 second(s)

2018-12-10 16:55:15 - [TEST_STEP][PASSED] - click: Object: 'Object Repository/Final Object Repo/New Registration - Registration Module Pages/Form 1/Industry State - Johor' is clicked on

2018-12-10 16:55:15 - [MESSAGE][PASSED] - Object: 'Object Repository/Final Object Repo/New Registration - Registration Module Pages/Form 1/Industry State - Johor' is clicked on

2018-12-10 16:55:15 - [TEST_STEP][PASSED] - delay: Delayed 2 second(s)

2018-12-10 16:55:17 - [MESSAGE][PASSED] - Delayed 2 second(s)

2018-12-10 16:55:17 - [TEST_STEP][PASSED] - click: Object: 'Object Repository/Final Object Repo/New Registration - Registration Module Pages/Form 1/Industry Ciry' is clicked on

2018-12-10 16:55:17 - [MESSAGE][PASSED] - Object: 'Object Repository/Final Object Repo/New Registration - Registration Module Pages/Form 1/Industry Ciry' is clicked on

2018-12-10 16:55:17 - [TEST_STEP][PASSED] - setText: Text 'joh' is set on object 'Object Repository/Final Object Repo/New Registration - Registration Module Pages/Form 1/Industry Ciry - joh'

2018-12-10 16:55:17 - [MESSAGE][PASSED] - Text 'joh' is set on object 'Object Repository/Final Object Repo/New Registration - Registration Module Pages/Form 1/Industry Ciry - joh'

2018-12-10 16:55:17 - [TEST_STEP][PASSED] - delay: Delayed 2 second(s)

2018-12-10 16:55:19 - [MESSAGE][PASSED] - Delayed 2 second(s)

2018-12-10 16:55:19 - [TEST_STEP][PASSED] - click: Object: 'Object Repository/Final Object Repo/New Registration - Registration Module Pages/Form 1/Industy State - Johor Bharu' is clicked on

2018-12-10 16:55:20 - [MESSAGE][PASSED] - Object: 'Object Repository/Final Object Repo/New Registration - Registration Module Pages/Form 1/Industy State - Johor Bharu' is clicked on

2018-12-10 16:55:20 - [TEST_STEP][PASSED] - delay: Delayed 1 second(s)

2018-12-10 16:55:21 - [MESSAGE][PASSED] - Delayed 1 second(s)

2018-12-10 16:55:21 - [TEST_STEP][PASSED] - click: Object: 'Object Repository/Final Object Repo/New Registration - Registration Module Pages/Form 1/Indusry PostCode' is clicked on

2018-12-10 16:55:21 - [MESSAGE][PASSED] - Object: 'Object Repository/Final Object Repo/New Registration - Registration Module Pages/Form 1/Indusry PostCode' is clicked on

2018-12-10 16:55:21 - [TEST_STEP][PASSED] - delay: Delayed 1 second(s)

2018-12-10 16:55:22 - [MESSAGE][PASSED] - Delayed 1 second(s)

2018-12-10 16:55:22 - [TEST_STEP][PASSED] - setText: Text '810' is set on object 'Object Repository/Final Object Repo/New Registration - Registration Module Pages/Form 1/Insutry Post Code - 810'

2018-12-10 16:55:22 - [MESSAGE][PASSED] - Text '810' is set on object 'Object Repository/Final Object Repo/New Registration - Registration Module Pages/Form 1/Insutry Post Code - 810'

2018-12-10 16:55:22 - [TEST_STEP][PASSED] - delay: Delayed 1 second(s)

2018-12-10 16:55:23 - [MESSAGE][PASSED] - Delayed 1 second(s)

2018-12-10 16:55:23 - [TEST_STEP][PASSED] - click: Object: 'Object Repository/Final Object Repo/New Registration - Registration Module Pages/Form 1/Insutry Post Code - 81000' is clicked on

2018-12-10 16:55:23 - [MESSAGE][PASSED] - Object: 'Object Repository/Final Object Repo/New Registration - Registration Module Pages/Form 1/Insutry Post Code - 81000' is clicked on

2018-12-10 16:55:23 - [TEST_STEP][PASSED] - delay: Delayed 1 second(s)

2018-12-10 16:55:24 - [MESSAGE][PASSED] - Delayed 1 second(s)

2018-12-10 16:55:24 - [TEST_STEP][PASSED] - setText: Text '100' is set on object 'Object Repository/Final Object Repo/New Registration - Registration Module Pages/Form 1/Industry P.O.BOX'

2018-12-10 16:55:24 - [MESSAGE][PASSED] - Text '100' is set on object 'Object Repository/Final Object Repo/New Registration - Registration Module Pages/Form 1/Industry P.O.BOX'

2018-12-10 16:55:24 - [TEST_STEP][PASSED] - setText: Text '100' is set on object 'Object Repository/Final Object Repo/New Registration - Registration Module Pages/Form 1/Industry Locked Bag No'

2018-12-10 16:55:25 - [MESSAGE][PASSED] - Text '100' is set on object 'Object Repository/Final Object Repo/New Registration - Registration Module Pages/Form 1/Industry Locked Bag No'

2018-12-10 16:55:25 - [TEST_STEP][PASSED] - setText: Text '123456789' is set on object 'Object Repository/Final Object Repo/New Registration - Registration Module Pages/Form 1/Telephone No'

2018-12-10 16:55:25 - [MESSAGE][PASSED] - Text '123456789' is set on object 'Object Repository/Final Object Repo/New Registration - Registration Module Pages/Form 1/Telephone No'

2018-12-10 16:55:25 - [TEST_STEP][PASSED] - setText: Text '123456789' is set on object 'Object Repository/Final Object Repo/New Registration - Registration Module Pages/Form 1/Mobile No'

2018-12-10 16:55:26 - [MESSAGE][PASSED] - Text '123456789' is set on object 'Object Repository/Final Object Repo/New Registration - Registration Module Pages/Form 1/Mobile No'

2018-12-10 16:55:26 - [TEST_STEP][PASSED] - setText: Text '123456789' is set on object 'Object Repository/Final Object Repo/New Registration - Registration Module Pages/Form 1/Fax No'

2018-12-10 16:55:26 - [MESSAGE][PASSED] - Text '123456789' is set on object 'Object Repository/Final Object Repo/New Registration - Registration Module Pages/Form 1/Fax No'

2018-12-10 16:55:26 - [TEST_STEP][PASSED] - click: Object: 'Object Repository/Final Object Repo/New Registration - Registration Module Pages/Form 1/Industry Code' is clicked on

2018-12-10 16:55:26 - [MESSAGE][PASSED] - Object: 'Object Repository/Final Object Repo/New Registration - Registration Module Pages/Form 1/Industry Code' is clicked on

2018-12-10 16:55:26 - [TEST_STEP][PASSED] - click: Object: 'Object Repository/Final Object Repo/New Registration - Registration Module Pages/Form 1/Indudustry Code - Crops and Animal' is clicked on

2018-12-10 16:55:27 - [MESSAGE][PASSED] - Object: 'Object Repository/Final Object Repo/New Registration - Registration Module Pages/Form 1/Indudustry Code - Crops and Animal' is clicked on

2018-12-10 16:55:27 - [TEST_STEP][PASSED] - delay: Delayed 1 second(s)

2018-12-10 16:55:28 - [MESSAGE][PASSED] - Delayed 1 second(s)

2018-12-10 16:55:28 - [TEST_STEP][PASSED] - click: Object: 'Object Repository/Final Object Repo/New Registration - Registration Module Pages/Form 1/Sub Industry Code List' is clicked on

2018-12-10 16:55:28 - [MESSAGE][PASSED] - Object: 'Object Repository/Final Object Repo/New Registration - Registration Module Pages/Form 1/Sub Industry Code List' is clicked on

2018-12-10 16:55:28 - [TEST_STEP][PASSED] - click: Object: 'Object Repository/Final Object Repo/New Registration - Registration Module Pages/Form 1/Sub Industry Code List - Growing of Maize' is clicked on

2018-12-10 16:55:28 - [MESSAGE][PASSED] - Object: 'Object Repository/Final Object Repo/New Registration - Registration Module Pages/Form 1/Sub Industry Code List - Growing of Maize' is clicked on

2018-12-10 16:55:28 - [TEST_STEP][PASSED] - setText: Text 'perkeso123@gmail.com' is set on object 'Object Repository/Final Object Repo/New Registration - Registration Module Pages/Form 1/Email'

2018-12-10 16:55:29 - [MESSAGE][PASSED] - Text 'perkeso123@gmail.com' is set on object 'Object Repository/Final Object Repo/New Registration - Registration Module Pages/Form 1/Email'

2018-12-10 16:55:29 - [TEST_STEP][PASSED] - click: Object: 'Object Repository/Final Object Repo/New Registration - Registration Module Pages/Form 1/Method of Contribution Payment' is clicked on

2018-12-10 16:55:29 - [MESSAGE][PASSED] - Object: 'Object Repository/Final Object Repo/New Registration - Registration Module Pages/Form 1/Method of Contribution Payment' is clicked on

2018-12-10 16:55:29 - [TEST_STEP][PASSED] - click: Object: 'Object Repository/Final Object Repo/New Registration - Registration Module Pages/Form 1/Method of Contribution Payment - Portal' is clicked on

2018-12-10 16:55:29 - [MESSAGE][PASSED] - Object: 'Object Repository/Final Object Repo/New Registration - Registration Module Pages/Form 1/Method of Contribution Payment - Portal' is clicked on

2018-12-10 16:55:29 - [TEST_STEP][PASSED] - click: Object: 'Object Repository/Final Object Repo/New Registration - Registration Module Pages/Form 1/Servide Type' is clicked on

2018-12-10 16:55:29 - [MESSAGE][PASSED] - Object: 'Object Repository/Final Object Repo/New Registration - Registration Module Pages/Form 1/Servide Type' is clicked on

2018-12-10 16:55:29 - [TEST_STEP][PASSED] - click: Object: 'Object Repository/Final Object Repo/New Registration - Registration Module Pages/Form 1/Servide Type - Professional Bodies' is clicked on

2018-12-10 16:55:30 - [MESSAGE][PASSED] - Object: 'Object Repository/Final Object Repo/New Registration - Registration Module Pages/Form 1/Servide Type - Professional Bodies' is clicked on

2018-12-10 16:55:30 - [TEST_STEP][PASSED] - click: Object: 'Object Repository/Final Object Repo/New Registration - Registration Module Pages/Form 1/Industry Venue' is clicked on

2018-12-10 16:55:30 - [MESSAGE][PASSED] - Object: 'Object Repository/Final Object Repo/New Registration - Registration Module Pages/Form 1/Industry Venue' is clicked on

2018-12-10 16:55:30 - [TEST_STEP][PASSED] - click: Object: 'Object Repository/Final Object Repo/New Registration - Registration Module Pages/Form 1/Industry Venue -  PPN JOHOR' is clicked on

2018-12-10 16:55:30 - [MESSAGE][PASSED] - Object: 'Object Repository/Final Object Repo/New Registration - Registration Module Pages/Form 1/Industry Venue -  PPN JOHOR' is clicked on

2018-12-10 16:55:30 - [TEST_STEP][PASSED] - click: Object: 'Object Repository/Final Object Repo/New Registration - Registration Module Pages/Form 1/Save  Continue' is clicked on

2018-12-10 16:55:30 - [MESSAGE][PASSED] - Object: 'Object Repository/Final Object Repo/New Registration - Registration Module Pages/Form 1/Save  Continue' is clicked on

2018-12-10 16:55:30 - [MESSAGE][PASSED] - Call Test Case 'Test Cases/Final Aug 2018 - PKS Automation/Registration Module/New Registration/Form 1/Form 1 - Corporation - Sendirian Berhad' successfully

2018-12-10 16:55:30 - [TEST_STEP][PASSED] - callTestCase: Call Test Case 'Test Cases/Final Aug 2018 - PKS Automation/Registration Module/New Registration/Form 2/Add 2 Eligible 2 Not Eligible' successfully

2018-12-10 16:55:30 - [TEST_CASE][PASSED] - Test Cases/Final Aug 2018 - PKS Automation/Registration Module/New Registration/Form 2/Add 2 Eligible 2 Not Eligible: Test Cases/Final Aug 2018 - PKS Automation/Registration Module/New Registration/Form 2/Add 2 Eligible 2 Not Eligible

2018-12-10 16:55:31 - [TEST_STEP][PASSED] - delay: Delayed 2 second(s)

2018-12-10 16:55:33 - [MESSAGE][PASSED] - Delayed 2 second(s)

2018-12-10 16:55:33 - [TEST_STEP][PASSED] - callTestCase: Call Test Case 'Test Cases/Final Aug 2018 - PKS Automation/Registration Module/New Registration/Form 2/Date Updater' successfully

2018-12-10 16:55:33 - [TEST_CASE][PASSED] - Test Cases/Final Aug 2018 - PKS Automation/Registration Module/New Registration/Form 2/Date Updater: Test Cases/Final Aug 2018 - PKS Automation/Registration Module/New Registration/Form 2/Date Updater

2018-12-10 16:55:33 - [TEST_STEP][PASSED] - Statement - TodayDate = new java.util.Date(): null

2018-12-10 16:55:33 - [TEST_STEP][PASSED] - Statement - CurrentDateNoFilter = new java.text.SimpleDateFormat(): null

2018-12-10 16:55:33 - [TEST_STEP][PASSED] - Statement - CurrentDateNoFilter.applyPattern("MM"): null

2018-12-10 16:55:33 - [TEST_STEP][PASSED] - Statement - monthContainerMatcher = java.lang.Integer.parseInt(CurrentDateNoFilter.format(TodayDate)): null

2018-12-10 16:55:33 - [TEST_STEP][PASSED] - Statement - monthContainerMatcher = monthContainerMatcher - 1: null

2018-12-10 16:55:33 - [TEST_STEP][PASSED] - Statement - CurrentMonth = monthContainerMatcher.toString(): null

2018-12-10 16:55:33 - [TEST_STEP][PASSED] - Statement - CurrentMonth = CurrentMonth: null

2018-12-10 16:55:33 - [TEST_STEP][PASSED] - Statement - CurrentDateNoFilter.applyPattern("yyyy"): null

2018-12-10 16:55:33 - [TEST_STEP][PASSED] - Statement - CurrentYear = CurrentDateNoFilter.format(TodayDate): null

2018-12-10 16:55:33 - [TEST_STEP][PASSED] - Statement - CurrentYear = CurrentYear: null

2018-12-10 16:55:33 - [TEST_STEP][PASSED] - Statement - intCurrentYear = java.lang.Integer.parseInt(CurrentDateNoFilter.format(TodayDate)): null

2018-12-10 16:55:33 - [TEST_STEP][PASSED] - Statement - eighteenYrsAgo = intCurrentYear - 18: null

2018-12-10 16:55:33 - [TEST_STEP][PASSED] - Statement - eighteenYrsBeforeThisYr = eighteenYrsAgo.toString(): null

2018-12-10 16:55:33 - [TEST_STEP][PASSED] - Statement - EighteenYrsBefore = eighteenYrsBeforeThisYr: null

2018-12-10 16:55:33 - [TEST_STEP][PASSED] - Statement - fiftysevenYrsAgo = intCurrentYear - 57: null

2018-12-10 16:55:33 - [TEST_STEP][PASSED] - Statement - fiftysevenYrsBeforeThisYr = fiftysevenYrsAgo.toString(): null

2018-12-10 16:55:33 - [TEST_STEP][PASSED] - Statement - FiftysevenYrsBefore = fiftysevenYrsBeforeThisYr: null

2018-12-10 16:55:33 - [TEST_STEP][PASSED] - Statement - leapYear = false: null

2018-12-10 16:55:33 - [TEST_STEP][PASSED] - Statement - leapYear = intCurrentYear % 4 == 0: null

2018-12-10 16:55:33 - [TEST_STEP][PASSED] - Statement - CurrentDateNoFilter.applyPattern("dd"): null

2018-12-10 16:55:33 - [TEST_STEP][PASSED] - Statement - CurrentDate = CurrentDateNoFilter.format(TodayDate): null

2018-12-10 16:55:33 - [TEST_STEP][PASSED] - Statement - CurrentDate = java.lang.Integer.parseInt(CurrentDate): null

2018-12-10 16:55:33 - [TEST_STEP][PASSED] - Statement - CurrentDate = CurrentDate: null

2018-12-10 16:55:33 - [TEST_STEP][PASSED] - Statement - CurrentDay = java.lang.Integer.parseInt(CurrentDate): null

2018-12-10 16:55:33 - [TEST_STEP][PASSED] - Statement - ConfAdder = <not implemented yet for class: org.codehaus.groovy.ast.expr.EmptyExpression>: null

2018-12-10 16:55:33 - [TEST_STEP][PASSED] - Statement - out.println(CurrentMonth): null

2018-12-10 16:55:33 - [TEST_STEP][PASSED] - Statement - out.println(CurrentDate): null

2018-12-10 16:55:33 - [TEST_STEP][PASSED] - Statement - switch (CurrentDate): null

2018-12-10 16:55:33 - [TEST_STEP][PASSED] - Statement - Default: null

2018-12-10 16:55:33 - [TEST_STEP][PASSED] - Statement - ConfAdder = true: null

2018-12-10 16:55:33 - [TEST_STEP][PASSED] - Statement - Break: null

2018-12-10 16:55:33 - [TEST_STEP][PASSED] - Statement - aDayBefore = <not implemented yet for class: org.codehaus.groovy.ast.expr.EmptyExpression>: null

2018-12-10 16:55:33 - [TEST_STEP][PASSED] - Statement - out.println(ConfAdder): null

2018-12-10 16:55:33 - [TEST_STEP][PASSED] - Statement - If (ConfAdder == true): null

2018-12-10 16:55:33 - [TEST_STEP][PASSED] - Statement - aDayBefore = CurrentDay + 1: null

2018-12-10 16:55:33 - [TEST_STEP][PASSED] - Statement - out.println(aDayBefore): null

2018-12-10 16:55:33 - [TEST_STEP][PASSED] - Statement - If (aDayBefore == 1 && CurrentMonth == 11): null

2018-12-10 16:55:33 - [TEST_STEP][PASSED] - Statement - DayBefore = aDayBefore.toString(): null

2018-12-10 16:55:33 - [TEST_STEP][PASSED] - Statement - OneDayBefore = DayBefore: null

2018-12-10 16:55:33 - [MESSAGE][PASSED] - Call Test Case 'Test Cases/Final Aug 2018 - PKS Automation/Registration Module/New Registration/Form 2/Date Updater' successfully

2018-12-10 16:55:33 - [TEST_STEP][PASSED] - delay: Delayed 1 second(s)

2018-12-10 16:55:34 - [MESSAGE][PASSED] - Delayed 1 second(s)

2018-12-10 16:55:34 - [TEST_STEP][PASSED] - Statement - CaseReferenceNo = com.kms.katalon.core.webui.keyword.WebUiBuiltInKeywords.getText(com.kms.katalon.core.testobject.ObjectRepository.findTestObject(Final Object Repo/New Registration - Registration Module Pages/Form 2/RefNo Acquiring)): Text of object 'Object Repository/Final Object Repo/New Registration - Registration Module Pages/Form 2/RefNo Acquiring' is: 'CRN12201800123131'

2018-12-10 16:55:34 - [MESSAGE][PASSED] - Text of object 'Object Repository/Final Object Repo/New Registration - Registration Module Pages/Form 2/RefNo Acquiring' is: 'CRN12201800123131'

2018-12-10 16:55:34 - [TEST_STEP][PASSED] - delay: Delayed 1 second(s)

2018-12-10 16:55:35 - [MESSAGE][PASSED] - Delayed 1 second(s)

2018-12-10 16:55:35 - [TEST_STEP][PASSED] - click: Object: 'Object Repository/Final Object Repo/New Registration - Registration Module Pages/Form 2/Add Employee Button' is clicked on

2018-12-10 16:55:35 - [MESSAGE][PASSED] - Object: 'Object Repository/Final Object Repo/New Registration - Registration Module Pages/Form 2/Add Employee Button' is clicked on

2018-12-10 16:55:35 - [TEST_STEP][PASSED] - delay: Delayed 4 second(s)

2018-12-10 16:55:39 - [MESSAGE][PASSED] - Delayed 4 second(s)

2018-12-10 16:55:39 - [TEST_STEP][PASSED] - setText: Text '010903091927' is set on object 'Object Repository/Final Object Repo/New Registration - Registration Module Pages/Form 2/NRIC Input'

2018-12-10 16:55:40 - [MESSAGE][PASSED] - Text '010903091927' is set on object 'Object Repository/Final Object Repo/New Registration - Registration Module Pages/Form 2/NRIC Input'

2018-12-10 16:55:40 - [TEST_STEP][PASSED] - click: Object: 'Object Repository/Final Object Repo/New Registration - Registration Module Pages/Form 2/button for search for IC' is clicked on

2018-12-10 16:55:40 - [MESSAGE][PASSED] - Object: 'Object Repository/Final Object Repo/New Registration - Registration Module Pages/Form 2/button for search for IC' is clicked on

2018-12-10 16:55:40 - [TEST_STEP][PASSED] - delay: Delayed 2 second(s)

2018-12-10 16:55:42 - [MESSAGE][PASSED] - Delayed 2 second(s)

2018-12-10 16:55:42 - [TEST_STEP][PASSED] - setText: Text 'Automate001 eligible 1' is set on object 'Object Repository/Final Object Repo/New Registration - Registration Module Pages/Form 2/Employee Name Input'

2018-12-10 16:55:42 - [MESSAGE][PASSED] - Text 'Automate001 eligible 1' is set on object 'Object Repository/Final Object Repo/New Registration - Registration Module Pages/Form 2/Employee Name Input'

2018-12-10 16:55:42 - [TEST_STEP][PASSED] - delay: Delayed 2 second(s)

2018-12-10 16:55:44 - [MESSAGE][PASSED] - Delayed 2 second(s)

2018-12-10 16:55:44 - [TEST_STEP][PASSED] - click: Object: 'Object Repository/Final Object Repo/New Registration - Registration Module Pages/Form 2/DatePicker Pop Up' is clicked on

2018-12-10 16:55:45 - [MESSAGE][PASSED] - Object: 'Object Repository/Final Object Repo/New Registration - Registration Module Pages/Form 2/DatePicker Pop Up' is clicked on

2018-12-10 16:55:45 - [TEST_STEP][PASSED] - click: Object: 'Object Repository/Final Object Repo/New Registration - Registration Module Pages/Form 2/DOB Month' is clicked on

2018-12-10 16:55:45 - [MESSAGE][PASSED] - Object: 'Object Repository/Final Object Repo/New Registration - Registration Module Pages/Form 2/DOB Month' is clicked on

2018-12-10 16:55:45 - [TEST_STEP][PASSED] - Statement - CurrentMonth = CurrentMonth: null

2018-12-10 16:55:45 - [TEST_STEP][PASSED] - Statement - selectMonth = new com.kms.katalon.core.testobject.TestObject(): null

2018-12-10 16:55:45 - [TEST_STEP][PASSED] - Statement - selectMonth.addProperty("xpath", EQUALS, "//body/div/div/div/select/option[@value='" + CurrentMonth + "']", true): null

2018-12-10 16:55:45 - [TEST_STEP][PASSED] - click: Object: '' is clicked on

2018-12-10 16:55:45 - [MESSAGE][PASSED] - Object: '' is clicked on

2018-12-10 16:55:45 - [TEST_STEP][PASSED] - click: Object: 'Object Repository/Final Object Repo/New Registration - Registration Module Pages/Form 2/DOB Year' is clicked on

2018-12-10 16:55:45 - [MESSAGE][PASSED] - Object: 'Object Repository/Final Object Repo/New Registration - Registration Module Pages/Form 2/DOB Year' is clicked on

2018-12-10 16:55:45 - [TEST_STEP][PASSED] - Statement - Eyearsbf = EighteenYrsBefore: null

2018-12-10 16:55:45 - [TEST_STEP][PASSED] - Statement - selectYear = new com.kms.katalon.core.testobject.TestObject(): null

2018-12-10 16:55:45 - [TEST_STEP][PASSED] - Statement - selectYear.addProperty("xpath", EQUALS, "//div/div/div/select/option[@value='" + Eyearsbf + "']", true): null

2018-12-10 16:55:45 - [TEST_STEP][PASSED] - click: Object: '' is clicked on

2018-12-10 16:55:45 - [MESSAGE][PASSED] - Object: '' is clicked on

2018-12-10 16:55:45 - [TEST_STEP][PASSED] - Statement - UpdatedSelectDate = com.kms.katalon.core.webui.keyword.WebUiBuiltInKeywords.modifyObjectProperty(com.kms.katalon.core.testobject.ObjectRepository.findTestObject(Final Object Repo/New Registration - Registration Module Pages/Form 2/DOB Date), "xpath", "equals", "//body/div/table/tbody/tr/td/a[text()="" + CurrentDate + ""]", true): Modify property of object successfully

2018-12-10 16:55:45 - [MESSAGE][PASSED] - Modify property of object successfully

2018-12-10 16:55:45 - [TEST_STEP][PASSED] - delay: Delayed 3 second(s)

2018-12-10 16:55:48 - [MESSAGE][PASSED] - Delayed 3 second(s)

2018-12-10 16:55:48 - [TEST_STEP][PASSED] - click: Object: 'Object Repository/Final Object Repo/New Registration - Registration Module Pages/Form 2/DOB Date' is clicked on

2018-12-10 16:55:49 - [MESSAGE][PASSED] - Object: 'Object Repository/Final Object Repo/New Registration - Registration Module Pages/Form 2/DOB Date' is clicked on

2018-12-10 16:55:49 - [TEST_STEP][PASSED] - delay: Delayed 2 second(s)

2018-12-10 16:55:51 - [MESSAGE][PASSED] - Delayed 2 second(s)

2018-12-10 16:55:51 - [TEST_STEP][PASSED] - click: Object: 'Object Repository/Final Object Repo/New Registration - Registration Module Pages/Form 2/EmploymentStartDate Pop Up' is clicked on

2018-12-10 16:55:51 - [MESSAGE][PASSED] - Object: 'Object Repository/Final Object Repo/New Registration - Registration Module Pages/Form 2/EmploymentStartDate Pop Up' is clicked on

2018-12-10 16:55:51 - [TEST_STEP][PASSED] - delay: Delayed 2 second(s)

2018-12-10 16:55:53 - [MESSAGE][PASSED] - Delayed 2 second(s)

2018-12-10 16:55:53 - [TEST_STEP][PASSED] - click: Object: 'Object Repository/Final Object Repo/New Registration - Registration Module Pages/Form 2/Socso Employment StartDate Month' is clicked on

2018-12-10 16:55:53 - [MESSAGE][PASSED] - Object: 'Object Repository/Final Object Repo/New Registration - Registration Module Pages/Form 2/Socso Employment StartDate Month' is clicked on

2018-12-10 16:55:53 - [TEST_STEP][PASSED] - delay: Delayed 1 second(s)

2018-12-10 16:55:54 - [MESSAGE][PASSED] - Delayed 1 second(s)

2018-12-10 16:55:54 - [TEST_STEP][PASSED] - click: Object: 'Object Repository/Final Object Repo/New Registration - Registration Module Pages/Form 2/Select Socso Employement Startdate Month' is clicked on

2018-12-10 16:55:54 - [MESSAGE][PASSED] - Object: 'Object Repository/Final Object Repo/New Registration - Registration Module Pages/Form 2/Select Socso Employement Startdate Month' is clicked on

2018-12-10 16:55:54 - [TEST_STEP][PASSED] - delay: Delayed 2 second(s)

2018-12-10 16:55:56 - [MESSAGE][PASSED] - Delayed 2 second(s)

2018-12-10 16:55:56 - [TEST_STEP][PASSED] - click: Object: 'Object Repository/Final Object Repo/New Registration - Registration Module Pages/Form 2/Socso Employment StartDate Year' is clicked on

2018-12-10 16:55:56 - [MESSAGE][PASSED] - Object: 'Object Repository/Final Object Repo/New Registration - Registration Module Pages/Form 2/Socso Employment StartDate Year' is clicked on

2018-12-10 16:55:56 - [TEST_STEP][PASSED] - delay: Delayed 1 second(s)

2018-12-10 16:55:57 - [MESSAGE][PASSED] - Delayed 1 second(s)

2018-12-10 16:55:57 - [TEST_STEP][PASSED] - click: Object: 'Object Repository/Final Object Repo/New Registration - Registration Module Pages/Form 2/Select Socso Employment Startdate Year' is clicked on

2018-12-10 16:55:57 - [MESSAGE][PASSED] - Object: 'Object Repository/Final Object Repo/New Registration - Registration Module Pages/Form 2/Select Socso Employment Startdate Year' is clicked on

2018-12-10 16:55:57 - [TEST_STEP][PASSED] - delay: Delayed 2 second(s)

2018-12-10 16:55:59 - [MESSAGE][PASSED] - Delayed 2 second(s)

2018-12-10 16:55:59 - [TEST_STEP][PASSED] - click: Object: 'Object Repository/Final Object Repo/New Registration - Registration Module Pages/Form 2/Socso Employment Start Date Day' is clicked on

2018-12-10 16:56:00 - [MESSAGE][PASSED] - Object: 'Object Repository/Final Object Repo/New Registration - Registration Module Pages/Form 2/Socso Employment Start Date Day' is clicked on

2018-12-10 16:56:00 - [TEST_STEP][PASSED] - delay: Delayed 2 second(s)

2018-12-10 16:56:02 - [MESSAGE][PASSED] - Delayed 2 second(s)

2018-12-10 16:56:02 - [TEST_STEP][PASSED] - click: Object: 'Object Repository/Final Object Repo/New Registration - Registration Module Pages/Form 2/Save Button for Add Employee' is clicked on

2018-12-10 16:56:02 - [MESSAGE][PASSED] - Object: 'Object Repository/Final Object Repo/New Registration - Registration Module Pages/Form 2/Save Button for Add Employee' is clicked on

2018-12-10 16:56:02 - [TEST_STEP][PASSED] - delay: Delayed 6 second(s)

2018-12-10 16:56:08 - [MESSAGE][PASSED] - Delayed 6 second(s)

2018-12-10 16:56:08 - [TEST_STEP][PASSED] - click: Object: 'Object Repository/Final Object Repo/New Registration - Registration Module Pages/Form 2/Add Employee Button' is clicked on

2018-12-10 16:56:08 - [MESSAGE][PASSED] - Object: 'Object Repository/Final Object Repo/New Registration - Registration Module Pages/Form 2/Add Employee Button' is clicked on

2018-12-10 16:56:08 - [TEST_STEP][PASSED] - delay: Delayed 4 second(s)

2018-12-10 16:56:12 - [MESSAGE][PASSED] - Delayed 4 second(s)

2018-12-10 16:56:12 - [TEST_STEP][PASSED] - setText: Text '620904059691' is set on object 'Object Repository/Final Object Repo/New Registration - Registration Module Pages/Form 2/NRIC Input'

2018-12-10 16:56:12 - [MESSAGE][PASSED] - Text '620904059691' is set on object 'Object Repository/Final Object Repo/New Registration - Registration Module Pages/Form 2/NRIC Input'

2018-12-10 16:56:12 - [TEST_STEP][PASSED] - click: Object: 'Object Repository/Final Object Repo/New Registration - Registration Module Pages/Form 2/button for search for IC' is clicked on

2018-12-10 16:56:13 - [MESSAGE][PASSED] - Object: 'Object Repository/Final Object Repo/New Registration - Registration Module Pages/Form 2/button for search for IC' is clicked on

2018-12-10 16:56:13 - [TEST_STEP][PASSED] - delay: Delayed 2 second(s)

2018-12-10 16:56:15 - [MESSAGE][PASSED] - Delayed 2 second(s)

2018-12-10 16:56:15 - [TEST_STEP][PASSED] - setText: Text 'Automate001 eligible 2' is set on object 'Object Repository/Final Object Repo/New Registration - Registration Module Pages/Form 2/Employee Name Input'

2018-12-10 16:56:15 - [MESSAGE][PASSED] - Text 'Automate001 eligible 2' is set on object 'Object Repository/Final Object Repo/New Registration - Registration Module Pages/Form 2/Employee Name Input'

2018-12-10 16:56:15 - [TEST_STEP][PASSED] - delay: Delayed 2 second(s)

2018-12-10 16:56:17 - [MESSAGE][PASSED] - Delayed 2 second(s)

2018-12-10 16:56:17 - [TEST_STEP][PASSED] - click: Object: 'Object Repository/Final Object Repo/New Registration - Registration Module Pages/Form 2/DatePicker Pop Up' is clicked on

2018-12-10 16:56:17 - [MESSAGE][PASSED] - Object: 'Object Repository/Final Object Repo/New Registration - Registration Module Pages/Form 2/DatePicker Pop Up' is clicked on

2018-12-10 16:56:17 - [TEST_STEP][PASSED] - delay: Delayed 2 second(s)

2018-12-10 16:56:19 - [MESSAGE][PASSED] - Delayed 2 second(s)

2018-12-10 16:56:19 - [TEST_STEP][PASSED] - click: Object: 'Object Repository/Final Object Repo/New Registration - Registration Module Pages/Form 2/DOB Month' is clicked on

2018-12-10 16:56:19 - [MESSAGE][PASSED] - Object: 'Object Repository/Final Object Repo/New Registration - Registration Module Pages/Form 2/DOB Month' is clicked on

2018-12-10 16:56:19 - [TEST_STEP][PASSED] - Statement - selectMonth = com.kms.katalon.core.webui.keyword.WebUiBuiltInKeywords.modifyObjectProperty(selectMonth, "xpath", "equals", "//body/div/div/div/select/option[@value="" + CurrentMonth + ""]", true): Modify property of object successfully

2018-12-10 16:56:19 - [MESSAGE][PASSED] - Modify property of object successfully

2018-12-10 16:56:19 - [TEST_STEP][PASSED] - click: Object: '' is clicked on

2018-12-10 16:56:20 - [MESSAGE][PASSED] - Object: '' is clicked on

2018-12-10 16:56:20 - [TEST_STEP][PASSED] - click: Object: 'Object Repository/Final Object Repo/New Registration - Registration Module Pages/Form 2/DOB Year' is clicked on

2018-12-10 16:56:20 - [MESSAGE][PASSED] - Object: 'Object Repository/Final Object Repo/New Registration - Registration Module Pages/Form 2/DOB Year' is clicked on

2018-12-10 16:56:20 - [TEST_STEP][PASSED] - Statement - selectYear = com.kms.katalon.core.webui.keyword.WebUiBuiltInKeywords.modifyObjectProperty(selectYear, "xpath", "equals", "//div/div/div/select/option[@value="" + FiftysevenYrsBefore + ""]", true): Modify property of object successfully

2018-12-10 16:56:20 - [MESSAGE][PASSED] - Modify property of object successfully

2018-12-10 16:56:20 - [TEST_STEP][PASSED] - click: Object: '' is clicked on

2018-12-10 16:56:20 - [MESSAGE][PASSED] - Object: '' is clicked on

2018-12-10 16:56:20 - [TEST_STEP][PASSED] - Statement - UpdatedSelectDate = com.kms.katalon.core.webui.keyword.WebUiBuiltInKeywords.modifyObjectProperty(com.kms.katalon.core.testobject.ObjectRepository.findTestObject(Final Object Repo/New Registration - Registration Module Pages/Form 2/DOB Date), "xpath", "equals", "//body/div/table/tbody/tr/td/a[text()="" + OneDayBefore + ""]", true): Modify property of object successfully

2018-12-10 16:56:20 - [MESSAGE][PASSED] - Modify property of object successfully

2018-12-10 16:56:20 - [TEST_STEP][PASSED] - click: Object: 'Object Repository/Final Object Repo/New Registration - Registration Module Pages/Form 2/DOB Date' is clicked on

2018-12-10 16:56:20 - [MESSAGE][PASSED] - Object: 'Object Repository/Final Object Repo/New Registration - Registration Module Pages/Form 2/DOB Date' is clicked on

2018-12-10 16:56:20 - [TEST_STEP][PASSED] - delay: Delayed 2 second(s)

2018-12-10 16:56:22 - [MESSAGE][PASSED] - Delayed 2 second(s)

2018-12-10 16:56:22 - [TEST_STEP][PASSED] - click: Object: 'Object Repository/Final Object Repo/New Registration - Registration Module Pages/Form 2/EmploymentStartDate Pop Up' is clicked on

2018-12-10 16:56:22 - [MESSAGE][PASSED] - Object: 'Object Repository/Final Object Repo/New Registration - Registration Module Pages/Form 2/EmploymentStartDate Pop Up' is clicked on

2018-12-10 16:56:22 - [TEST_STEP][PASSED] - delay: Delayed 2 second(s)

2018-12-10 16:56:24 - [MESSAGE][PASSED] - Delayed 2 second(s)

2018-12-10 16:56:24 - [TEST_STEP][PASSED] - click: Object: 'Object Repository/Final Object Repo/New Registration - Registration Module Pages/Form 2/Socso Employment StartDate Month' is clicked on

2018-12-10 16:56:24 - [MESSAGE][PASSED] - Object: 'Object Repository/Final Object Repo/New Registration - Registration Module Pages/Form 2/Socso Employment StartDate Month' is clicked on

2018-12-10 16:56:24 - [TEST_STEP][PASSED] - delay: Delayed 1 second(s)

2018-12-10 16:56:25 - [MESSAGE][PASSED] - Delayed 1 second(s)

2018-12-10 16:56:25 - [TEST_STEP][PASSED] - click: Object: 'Object Repository/Final Object Repo/New Registration - Registration Module Pages/Form 2/Select Socso Employement Startdate Month' is clicked on

2018-12-10 16:56:26 - [MESSAGE][PASSED] - Object: 'Object Repository/Final Object Repo/New Registration - Registration Module Pages/Form 2/Select Socso Employement Startdate Month' is clicked on

2018-12-10 16:56:26 - [TEST_STEP][PASSED] - delay: Delayed 2 second(s)

2018-12-10 16:56:28 - [MESSAGE][PASSED] - Delayed 2 second(s)

2018-12-10 16:56:28 - [TEST_STEP][PASSED] - click: Object: 'Object Repository/Final Object Repo/New Registration - Registration Module Pages/Form 2/Socso Employment StartDate Year' is clicked on

2018-12-10 16:56:28 - [MESSAGE][PASSED] - Object: 'Object Repository/Final Object Repo/New Registration - Registration Module Pages/Form 2/Socso Employment StartDate Year' is clicked on

2018-12-10 16:56:28 - [TEST_STEP][PASSED] - delay: Delayed 1 second(s)

2018-12-10 16:56:29 - [MESSAGE][PASSED] - Delayed 1 second(s)

2018-12-10 16:56:29 - [TEST_STEP][PASSED] - click: Object: 'Object Repository/Final Object Repo/New Registration - Registration Module Pages/Form 2/Select Socso Employment Startdate Year' is clicked on

2018-12-10 16:56:29 - [MESSAGE][PASSED] - Object: 'Object Repository/Final Object Repo/New Registration - Registration Module Pages/Form 2/Select Socso Employment Startdate Year' is clicked on

2018-12-10 16:56:29 - [TEST_STEP][PASSED] - delay: Delayed 2 second(s)

2018-12-10 16:56:31 - [MESSAGE][PASSED] - Delayed 2 second(s)

2018-12-10 16:56:31 - [TEST_STEP][PASSED] - click: Object: 'Object Repository/Final Object Repo/New Registration - Registration Module Pages/Form 2/Socso Employment Start Date Day' is clicked on

2018-12-10 16:56:31 - [MESSAGE][PASSED] - Object: 'Object Repository/Final Object Repo/New Registration - Registration Module Pages/Form 2/Socso Employment Start Date Day' is clicked on

2018-12-10 16:56:31 - [TEST_STEP][PASSED] - delay: Delayed 2 second(s)

2018-12-10 16:56:33 - [MESSAGE][PASSED] - Delayed 2 second(s)

2018-12-10 16:56:33 - [TEST_STEP][PASSED] - click: Object: 'Object Repository/Final Object Repo/New Registration - Registration Module Pages/Form 2/Save Button for Add Employee' is clicked on

2018-12-10 16:56:33 - [MESSAGE][PASSED] - Object: 'Object Repository/Final Object Repo/New Registration - Registration Module Pages/Form 2/Save Button for Add Employee' is clicked on

2018-12-10 16:56:33 - [TEST_STEP][PASSED] - delay: Delayed 4 second(s)

2018-12-10 16:56:37 - [MESSAGE][PASSED] - Delayed 4 second(s)

2018-12-10 16:56:37 - [TEST_STEP][PASSED] - delay: Delayed 30 second(s)

2018-12-10 16:57:07 - [MESSAGE][PASSED] - Delayed 30 second(s)

2018-12-10 16:57:07 - [TEST_STEP][PASSED] - click: Object: 'Object Repository/Final Object Repo/New Registration - Registration Module Pages/Form 2/Add Employee Button' is clicked on

2018-12-10 16:57:07 - [MESSAGE][PASSED] - Object: 'Object Repository/Final Object Repo/New Registration - Registration Module Pages/Form 2/Add Employee Button' is clicked on

2018-12-10 16:57:07 - [TEST_STEP][PASSED] - delay: Delayed 4 second(s)

2018-12-10 16:57:11 - [MESSAGE][PASSED] - Delayed 4 second(s)

2018-12-10 16:57:11 - [TEST_STEP][PASSED] - setText: Text '000209039145' is set on object 'Object Repository/Final Object Repo/New Registration - Registration Module Pages/Form 2/NRIC Input'

2018-12-10 16:57:12 - [MESSAGE][PASSED] - Text '000209039145' is set on object 'Object Repository/Final Object Repo/New Registration - Registration Module Pages/Form 2/NRIC Input'

2018-12-10 16:57:12 - [TEST_STEP][PASSED] - click: Object: 'Object Repository/Final Object Repo/New Registration - Registration Module Pages/Form 2/button for search for IC' is clicked on

2018-12-10 16:57:12 - [MESSAGE][PASSED] - Object: 'Object Repository/Final Object Repo/New Registration - Registration Module Pages/Form 2/button for search for IC' is clicked on

2018-12-10 16:57:12 - [TEST_STEP][PASSED] - delay: Delayed 2 second(s)

2018-12-10 16:57:14 - [MESSAGE][PASSED] - Delayed 2 second(s)

2018-12-10 16:57:14 - [TEST_STEP][PASSED] - setText: Text 'Automate001 not eligible 1' is set on object 'Object Repository/Final Object Repo/New Registration - Registration Module Pages/Form 2/Employee Name Input'

2018-12-10 16:57:15 - [MESSAGE][PASSED] - Text 'Automate001 not eligible 1' is set on object 'Object Repository/Final Object Repo/New Registration - Registration Module Pages/Form 2/Employee Name Input'

2018-12-10 16:57:15 - [TEST_STEP][PASSED] - delay: Delayed 2 second(s)

2018-12-10 16:57:17 - [MESSAGE][PASSED] - Delayed 2 second(s)

2018-12-10 16:57:17 - [TEST_STEP][PASSED] - click: Object: 'Object Repository/Final Object Repo/New Registration - Registration Module Pages/Form 2/DatePicker Pop Up' is clicked on

2018-12-10 16:57:17 - [MESSAGE][PASSED] - Object: 'Object Repository/Final Object Repo/New Registration - Registration Module Pages/Form 2/DatePicker Pop Up' is clicked on

2018-12-10 16:57:17 - [TEST_STEP][PASSED] - delay: Delayed 2 second(s)

2018-12-10 16:57:19 - [MESSAGE][PASSED] - Delayed 2 second(s)

2018-12-10 16:57:19 - [TEST_STEP][PASSED] - click: Object: 'Object Repository/Final Object Repo/New Registration - Registration Module Pages/Form 2/DOB Month' is clicked on

2018-12-10 16:57:19 - [MESSAGE][PASSED] - Object: 'Object Repository/Final Object Repo/New Registration - Registration Module Pages/Form 2/DOB Month' is clicked on

2018-12-10 16:57:19 - [TEST_STEP][PASSED] - Statement - selectMonth = com.kms.katalon.core.webui.keyword.WebUiBuiltInKeywords.modifyObjectProperty(selectMonth, "xpath", "equals", "//body/div/div/div/select/option[@value="" + CurrentMonth + ""]", true): Modify property of object successfully

2018-12-10 16:57:19 - [MESSAGE][PASSED] - Modify property of object successfully

2018-12-10 16:57:19 - [TEST_STEP][PASSED] - click: Object: '' is clicked on

2018-12-10 16:57:19 - [MESSAGE][PASSED] - Object: '' is clicked on

2018-12-10 16:57:19 - [TEST_STEP][PASSED] - click: Object: 'Object Repository/Final Object Repo/New Registration - Registration Module Pages/Form 2/DOB Year' is clicked on

2018-12-10 16:57:19 - [MESSAGE][PASSED] - Object: 'Object Repository/Final Object Repo/New Registration - Registration Module Pages/Form 2/DOB Year' is clicked on

2018-12-10 16:57:19 - [TEST_STEP][PASSED] - Statement - selectYear = com.kms.katalon.core.webui.keyword.WebUiBuiltInKeywords.modifyObjectProperty(selectYear, "xpath", "equals", "//div/div/div/select/option[@value="" + EighteenYrsBefore + ""]", true): Modify property of object successfully

2018-12-10 16:57:19 - [MESSAGE][PASSED] - Modify property of object successfully

2018-12-10 16:57:19 - [TEST_STEP][PASSED] - click: Object: '' is clicked on

2018-12-10 16:57:19 - [MESSAGE][PASSED] - Object: '' is clicked on

2018-12-10 16:57:19 - [TEST_STEP][PASSED] - Statement - UpdatedSelectDate = com.kms.katalon.core.webui.keyword.WebUiBuiltInKeywords.modifyObjectProperty(com.kms.katalon.core.testobject.ObjectRepository.findTestObject(Final Object Repo/New Registration - Registration Module Pages/Form 2/DOB Date), "xpath", "equals", "//body/div/table/tbody/tr/td/a[text()="" + OneDayBefore + ""]", true): Modify property of object successfully

2018-12-10 16:57:19 - [MESSAGE][PASSED] - Modify property of object successfully

2018-12-10 16:57:19 - [TEST_STEP][PASSED] - click: Object: 'Object Repository/Final Object Repo/New Registration - Registration Module Pages/Form 2/DOB Date' is clicked on

2018-12-10 16:57:20 - [MESSAGE][PASSED] - Object: 'Object Repository/Final Object Repo/New Registration - Registration Module Pages/Form 2/DOB Date' is clicked on

2018-12-10 16:57:20 - [TEST_STEP][PASSED] - delay: Delayed 2 second(s)

2018-12-10 16:57:22 - [MESSAGE][PASSED] - Delayed 2 second(s)

2018-12-10 16:57:22 - [TEST_STEP][PASSED] - click: Object: 'Object Repository/Final Object Repo/New Registration - Registration Module Pages/Form 2/EmploymentStartDate Pop Up' is clicked on

2018-12-10 16:57:22 - [MESSAGE][PASSED] - Object: 'Object Repository/Final Object Repo/New Registration - Registration Module Pages/Form 2/EmploymentStartDate Pop Up' is clicked on

2018-12-10 16:57:22 - [TEST_STEP][PASSED] - delay: Delayed 2 second(s)

2018-12-10 16:57:24 - [MESSAGE][PASSED] - Delayed 2 second(s)

2018-12-10 16:57:24 - [TEST_STEP][PASSED] - click: Object: 'Object Repository/Final Object Repo/New Registration - Registration Module Pages/Form 2/Socso Employment StartDate Month' is clicked on

2018-12-10 16:57:24 - [MESSAGE][PASSED] - Object: 'Object Repository/Final Object Repo/New Registration - Registration Module Pages/Form 2/Socso Employment StartDate Month' is clicked on

2018-12-10 16:57:24 - [TEST_STEP][PASSED] - delay: Delayed 1 second(s)

2018-12-10 16:57:25 - [MESSAGE][PASSED] - Delayed 1 second(s)

2018-12-10 16:57:25 - [TEST_STEP][PASSED] - click: Object: 'Object Repository/Final Object Repo/New Registration - Registration Module Pages/Form 2/Select Socso Employement Startdate Month' is clicked on

2018-12-10 16:57:25 - [MESSAGE][PASSED] - Object: 'Object Repository/Final Object Repo/New Registration - Registration Module Pages/Form 2/Select Socso Employement Startdate Month' is clicked on

2018-12-10 16:57:25 - [TEST_STEP][PASSED] - delay: Delayed 2 second(s)

2018-12-10 16:57:27 - [MESSAGE][PASSED] - Delayed 2 second(s)

2018-12-10 16:57:27 - [TEST_STEP][PASSED] - click: Object: 'Object Repository/Final Object Repo/New Registration - Registration Module Pages/Form 2/Socso Employment StartDate Year' is clicked on

2018-12-10 16:57:27 - [MESSAGE][PASSED] - Object: 'Object Repository/Final Object Repo/New Registration - Registration Module Pages/Form 2/Socso Employment StartDate Year' is clicked on

2018-12-10 16:57:27 - [TEST_STEP][PASSED] - delay: Delayed 1 second(s)

2018-12-10 16:57:28 - [MESSAGE][PASSED] - Delayed 1 second(s)

2018-12-10 16:57:28 - [TEST_STEP][PASSED] - click: Object: 'Object Repository/Final Object Repo/New Registration - Registration Module Pages/Form 2/Select Socso Employment Startdate Year' is clicked on

2018-12-10 16:57:28 - [MESSAGE][PASSED] - Object: 'Object Repository/Final Object Repo/New Registration - Registration Module Pages/Form 2/Select Socso Employment Startdate Year' is clicked on

2018-12-10 16:57:28 - [TEST_STEP][PASSED] - delay: Delayed 2 second(s)

2018-12-10 16:57:30 - [MESSAGE][PASSED] - Delayed 2 second(s)

2018-12-10 16:57:30 - [TEST_STEP][PASSED] - click: Object: 'Object Repository/Final Object Repo/New Registration - Registration Module Pages/Form 2/Socso Employment Start Date Day' is clicked on

2018-12-10 16:57:31 - [MESSAGE][PASSED] - Object: 'Object Repository/Final Object Repo/New Registration - Registration Module Pages/Form 2/Socso Employment Start Date Day' is clicked on

2018-12-10 16:57:31 - [TEST_STEP][PASSED] - delay: Delayed 2 second(s)

2018-12-10 16:57:33 - [MESSAGE][PASSED] - Delayed 2 second(s)

2018-12-10 16:57:33 - [TEST_STEP][PASSED] - click: Object: 'Object Repository/Final Object Repo/New Registration - Registration Module Pages/Form 2/Save Button for Add Employee' is clicked on

2018-12-10 16:57:33 - [MESSAGE][PASSED] - Object: 'Object Repository/Final Object Repo/New Registration - Registration Module Pages/Form 2/Save Button for Add Employee' is clicked on

2018-12-10 16:57:33 - [TEST_STEP][PASSED] - delay: Delayed 6 second(s)

2018-12-10 16:57:39 - [MESSAGE][PASSED] - Delayed 6 second(s)

2018-12-10 16:57:39 - [TEST_STEP][PASSED] - click: Object: 'Object Repository/Final Object Repo/New Registration - Registration Module Pages/Form 2/Add Employee Button' is clicked on

2018-12-10 16:57:39 - [MESSAGE][PASSED] - Object: 'Object Repository/Final Object Repo/New Registration - Registration Module Pages/Form 2/Add Employee Button' is clicked on

2018-12-10 16:57:39 - [TEST_STEP][PASSED] - delay: Delayed 4 second(s)

2018-12-10 16:57:43 - [MESSAGE][PASSED] - Delayed 4 second(s)

2018-12-10 16:57:43 - [TEST_STEP][PASSED] - setText: Text '600203039154' is set on object 'Object Repository/Final Object Repo/New Registration - Registration Module Pages/Form 2/NRIC Input'

2018-12-10 16:57:43 - [MESSAGE][PASSED] - Text '600203039154' is set on object 'Object Repository/Final Object Repo/New Registration - Registration Module Pages/Form 2/NRIC Input'

2018-12-10 16:57:43 - [TEST_STEP][PASSED] - click: Object: 'Object Repository/Final Object Repo/New Registration - Registration Module Pages/Form 2/button for search for IC' is clicked on

2018-12-10 16:57:44 - [MESSAGE][PASSED] - Object: 'Object Repository/Final Object Repo/New Registration - Registration Module Pages/Form 2/button for search for IC' is clicked on

2018-12-10 16:57:44 - [TEST_STEP][PASSED] - delay: Delayed 2 second(s)

2018-12-10 16:57:46 - [MESSAGE][PASSED] - Delayed 2 second(s)

2018-12-10 16:57:46 - [TEST_STEP][PASSED] - setText: Text 'Automate001 not eligible 2' is set on object 'Object Repository/Final Object Repo/New Registration - Registration Module Pages/Form 2/Employee Name Input'

2018-12-10 16:57:46 - [MESSAGE][PASSED] - Text 'Automate001 not eligible 2' is set on object 'Object Repository/Final Object Repo/New Registration - Registration Module Pages/Form 2/Employee Name Input'

2018-12-10 16:57:46 - [TEST_STEP][PASSED] - delay: Delayed 2 second(s)

2018-12-10 16:57:48 - [MESSAGE][PASSED] - Delayed 2 second(s)

2018-12-10 16:57:48 - [TEST_STEP][PASSED] - click: Object: 'Object Repository/Final Object Repo/New Registration - Registration Module Pages/Form 2/DatePicker Pop Up' is clicked on

2018-12-10 16:57:48 - [MESSAGE][PASSED] - Object: 'Object Repository/Final Object Repo/New Registration - Registration Module Pages/Form 2/DatePicker Pop Up' is clicked on

2018-12-10 16:57:48 - [TEST_STEP][PASSED] - delay: Delayed 2 second(s)

2018-12-10 16:57:50 - [MESSAGE][PASSED] - Delayed 2 second(s)

2018-12-10 16:57:50 - [TEST_STEP][PASSED] - click: Object: 'Object Repository/Final Object Repo/New Registration - Registration Module Pages/Form 2/DOB Month' is clicked on

2018-12-10 16:57:51 - [MESSAGE][PASSED] - Object: 'Object Repository/Final Object Repo/New Registration - Registration Module Pages/Form 2/DOB Month' is clicked on

2018-12-10 16:57:51 - [TEST_STEP][PASSED] - Statement - selectMonth = com.kms.katalon.core.webui.keyword.WebUiBuiltInKeywords.modifyObjectProperty(selectMonth, "xpath", "equals", "//body/div/div/div/select/option[@value="" + CurrentMonth + ""]", true): Modify property of object successfully

2018-12-10 16:57:51 - [MESSAGE][PASSED] - Modify property of object successfully

2018-12-10 16:57:51 - [TEST_STEP][PASSED] - click: Object: '' is clicked on

2018-12-10 16:57:51 - [MESSAGE][PASSED] - Object: '' is clicked on

2018-12-10 16:57:51 - [TEST_STEP][PASSED] - click: Object: 'Object Repository/Final Object Repo/New Registration - Registration Module Pages/Form 2/DOB Year' is clicked on

2018-12-10 16:57:51 - [MESSAGE][PASSED] - Object: 'Object Repository/Final Object Repo/New Registration - Registration Module Pages/Form 2/DOB Year' is clicked on

2018-12-10 16:57:51 - [TEST_STEP][PASSED] - Statement - selectYear = com.kms.katalon.core.webui.keyword.WebUiBuiltInKeywords.modifyObjectProperty(selectYear, "xpath", "equals", "//div/div/div/select/option[@value="" + FiftysevenYrsBefore + ""]", true): Modify property of object successfully

2018-12-10 16:57:51 - [MESSAGE][PASSED] - Modify property of object successfully

2018-12-10 16:57:51 - [TEST_STEP][PASSED] - click: Object: '' is clicked on

2018-12-10 16:57:51 - [MESSAGE][PASSED] - Object: '' is clicked on

2018-12-10 16:57:51 - [TEST_STEP][PASSED] - Statement - UpdatedSelectDate = com.kms.katalon.core.webui.keyword.WebUiBuiltInKeywords.modifyObjectProperty(com.kms.katalon.core.testobject.ObjectRepository.findTestObject(Final Object Repo/New Registration - Registration Module Pages/Form 2/DOB Date), "xpath", "equals", "//body/div/table/tbody/tr/td/a[text()="" + CurrentDate + ""]", true): Modify property of object successfully

2018-12-10 16:57:51 - [MESSAGE][PASSED] - Modify property of object successfully

2018-12-10 16:57:51 - [TEST_STEP][PASSED] - click: Object: 'Object Repository/Final Object Repo/New Registration - Registration Module Pages/Form 2/DOB Date' is clicked on

2018-12-10 16:57:51 - [MESSAGE][PASSED] - Object: 'Object Repository/Final Object Repo/New Registration - Registration Module Pages/Form 2/DOB Date' is clicked on

2018-12-10 16:57:51 - [TEST_STEP][PASSED] - click: Object: 'Object Repository/Final Object Repo/New Registration - Registration Module Pages/Form 2/EmploymentStartDate Pop Up' is clicked on

2018-12-10 16:57:51 - [MESSAGE][PASSED] - Object: 'Object Repository/Final Object Repo/New Registration - Registration Module Pages/Form 2/EmploymentStartDate Pop Up' is clicked on

2018-12-10 16:57:51 - [TEST_STEP][PASSED] - delay: Delayed 2 second(s)

2018-12-10 16:57:53 - [MESSAGE][PASSED] - Delayed 2 second(s)

2018-12-10 16:57:53 - [TEST_STEP][PASSED] - click: Object: 'Object Repository/Final Object Repo/New Registration - Registration Module Pages/Form 2/Socso Employment StartDate Month' is clicked on

2018-12-10 16:57:54 - [MESSAGE][PASSED] - Object: 'Object Repository/Final Object Repo/New Registration - Registration Module Pages/Form 2/Socso Employment StartDate Month' is clicked on

2018-12-10 16:57:54 - [TEST_STEP][PASSED] - delay: Delayed 1 second(s)

2018-12-10 16:57:55 - [MESSAGE][PASSED] - Delayed 1 second(s)

2018-12-10 16:57:55 - [TEST_STEP][PASSED] - click: Object: 'Object Repository/Final Object Repo/New Registration - Registration Module Pages/Form 2/Select Socso Employement Startdate Month' is clicked on

2018-12-10 16:57:55 - [MESSAGE][PASSED] - Object: 'Object Repository/Final Object Repo/New Registration - Registration Module Pages/Form 2/Select Socso Employement Startdate Month' is clicked on

2018-12-10 16:57:55 - [TEST_STEP][PASSED] - delay: Delayed 2 second(s)

2018-12-10 16:57:57 - [MESSAGE][PASSED] - Delayed 2 second(s)

2018-12-10 16:57:57 - [TEST_STEP][PASSED] - click: Object: 'Object Repository/Final Object Repo/New Registration - Registration Module Pages/Form 2/Socso Employment StartDate Year' is clicked on

2018-12-10 16:57:57 - [MESSAGE][PASSED] - Object: 'Object Repository/Final Object Repo/New Registration - Registration Module Pages/Form 2/Socso Employment StartDate Year' is clicked on

2018-12-10 16:57:57 - [TEST_STEP][PASSED] - delay: Delayed 1 second(s)

2018-12-10 16:57:58 - [MESSAGE][PASSED] - Delayed 1 second(s)

2018-12-10 16:57:58 - [TEST_STEP][PASSED] - click: Object: 'Object Repository/Final Object Repo/New Registration - Registration Module Pages/Form 2/Select Socso Employment Startdate Year' is clicked on

2018-12-10 16:57:58 - [MESSAGE][PASSED] - Object: 'Object Repository/Final Object Repo/New Registration - Registration Module Pages/Form 2/Select Socso Employment Startdate Year' is clicked on

2018-12-10 16:57:58 - [TEST_STEP][PASSED] - delay: Delayed 2 second(s)

2018-12-10 16:58:00 - [MESSAGE][PASSED] - Delayed 2 second(s)

2018-12-10 16:58:00 - [TEST_STEP][PASSED] - click: Object: 'Object Repository/Final Object Repo/New Registration - Registration Module Pages/Form 2/Socso Employment Start Date Day' is clicked on

2018-12-10 16:58:00 - [MESSAGE][PASSED] - Object: 'Object Repository/Final Object Repo/New Registration - Registration Module Pages/Form 2/Socso Employment Start Date Day' is clicked on

2018-12-10 16:58:00 - [TEST_STEP][PASSED] - delay: Delayed 2 second(s)

2018-12-10 16:58:02 - [MESSAGE][PASSED] - Delayed 2 second(s)

2018-12-10 16:58:02 - [TEST_STEP][PASSED] - click: Object: 'Object Repository/Final Object Repo/New Registration - Registration Module Pages/Form 2/Save Button for Add Employee' is clicked on

2018-12-10 16:58:02 - [MESSAGE][PASSED] - Object: 'Object Repository/Final Object Repo/New Registration - Registration Module Pages/Form 2/Save Button for Add Employee' is clicked on

2018-12-10 16:58:02 - [TEST_STEP][PASSED] - delay: Delayed 2 second(s)

2018-12-10 16:58:04 - [MESSAGE][PASSED] - Delayed 2 second(s)

2018-12-10 16:58:04 - [TEST_STEP][PASSED] - click: Object: 'Object Repository/Final Object Repo/New Registration - Registration Module Pages/Form 2/Save and Continue Form 2' is clicked on

2018-12-10 16:58:05 - [MESSAGE][PASSED] - Object: 'Object Repository/Final Object Repo/New Registration - Registration Module Pages/Form 2/Save and Continue Form 2' is clicked on

2018-12-10 16:58:05 - [MESSAGE][PASSED] - Call Test Case 'Test Cases/Final Aug 2018 - PKS Automation/Registration Module/New Registration/Form 2/Add 2 Eligible 2 Not Eligible' successfully

2018-12-10 16:58:05 - [TEST_STEP][PASSED] - callTestCase: Call Test Case 'Test Cases/Final Aug 2018 - PKS Automation/Registration Module/New Registration/Flow of New Registration/Third Screen - Upload Supporting Doc - Preview' successfully

2018-12-10 16:58:05 - [TEST_CASE][PASSED] - Test Cases/Final Aug 2018 - PKS Automation/Registration Module/New Registration/Flow of New Registration/Third Screen - Upload Supporting Doc - Preview: Test Cases/Final Aug 2018 - PKS Automation/Registration Module/New Registration/Flow of New Registration/Third Screen - Upload Supporting Doc - Preview

2018-12-10 16:58:05 - [TEST_STEP][PASSED] - waitForPageLoad: Wait for page load successfully

2018-12-10 16:58:06 - [MESSAGE][PASSED] - Wait for page load successfully

2018-12-10 16:58:06 - [TEST_STEP][PASSED] - Statement - CaseReferenceNo = com.kms.katalon.core.webui.keyword.WebUiBuiltInKeywords.getText(com.kms.katalon.core.testobject.ObjectRepository.findTestObject(Final Object Repo/New Registration - Registration Module Pages/Third Screen - Upload Supporting Doc- Preview/RefNo Acquiring)): Text of object 'Object Repository/Final Object Repo/New Registration - Registration Module Pages/Third Screen - Upload Supporting Doc- Preview/RefNo Acquiring' is: 'CRN12201800123131'

2018-12-10 16:58:06 - [MESSAGE][PASSED] - Text of object 'Object Repository/Final Object Repo/New Registration - Registration Module Pages/Third Screen - Upload Supporting Doc- Preview/RefNo Acquiring' is: 'CRN12201800123131'

2018-12-10 16:58:06 - [TEST_STEP][PASSED] - delay: Delayed 2 second(s)

2018-12-10 16:58:08 - [MESSAGE][PASSED] - Delayed 2 second(s)

2018-12-10 16:58:08 - [TEST_STEP][PASSED] - callTestCase: Call Test Case 'Test Cases/Final Aug 2018 - PKS Automation/Common/Reference Number Setter' successfully

2018-12-10 16:58:08 - [TEST_CASE][PASSED] - Test Cases/Final Aug 2018 - PKS Automation/Common/Reference Number Setter: Test Cases/Final Aug 2018 - PKS Automation/Common/Reference Number Setter

2018-12-10 16:58:08 - [TEST_STEP][PASSED] - Statement - RefNoOldFile = new java.io.File(C://Users//Admin//Desktop//PKS//Automation Reference Point//KatalonReference.txt): null

2018-12-10 16:58:08 - [TEST_STEP][PASSED] - Statement - RefNoOldFile.delete(): null

2018-12-10 16:58:08 - [TEST_STEP][PASSED] - delay: Delayed 5 second(s)

2018-12-10 16:58:13 - [MESSAGE][PASSED] - Delayed 5 second(s)

2018-12-10 16:58:13 - [TEST_STEP][PASSED] - Statement - RefNo = new java.io.File(C://Users//Admin//Desktop//PKS//Automation Reference Point//KatalonReference.txt): null

2018-12-10 16:58:13 - [TEST_STEP][PASSED] - Statement - f2 = new java.io.FileWriter(RefNo, false): null

2018-12-10 16:58:13 - [TEST_STEP][PASSED] - Statement - f2.write(CaseReferenceNo): null

2018-12-10 16:58:13 - [TEST_STEP][PASSED] - Statement - f2.close(): null

2018-12-10 16:58:13 - [TEST_STEP][PASSED] - Statement - out.println("


" + CaseReferenceNo + "


"): null

2018-12-10 16:58:13 - [MESSAGE][PASSED] - Call Test Case 'Test Cases/Final Aug 2018 - PKS Automation/Common/Reference Number Setter' successfully

2018-12-10 16:58:13 - [TEST_STEP][PASSED] - waitForElementClickable: Object 'Object Repository/Final Object Repo/New Registration - Registration Module Pages/Third Screen - Upload Supporting Doc- Preview/Save n Continue in SIP Employee Listing Page' is clickable

2018-12-10 16:58:13 - [MESSAGE][PASSED] - Object 'Object Repository/Final Object Repo/New Registration - Registration Module Pages/Third Screen - Upload Supporting Doc- Preview/Save n Continue in SIP Employee Listing Page' is clickable

2018-12-10 16:58:13 - [TEST_STEP][PASSED] - click: Object: 'Object Repository/Final Object Repo/New Registration - Registration Module Pages/Third Screen - Upload Supporting Doc- Preview/Save n Continue in SIP Employee Listing Page' is clicked on

2018-12-10 16:58:19 - [MESSAGE][PASSED] - Object: 'Object Repository/Final Object Repo/New Registration - Registration Module Pages/Third Screen - Upload Supporting Doc- Preview/Save n Continue in SIP Employee Listing Page' is clicked on

2018-12-10 16:58:19 - [TEST_STEP][PASSED] - delay: Delayed 7 second(s)

2018-12-10 16:58:26 - [MESSAGE][PASSED] - Delayed 7 second(s)

2018-12-10 16:58:26 - [TEST_STEP][PASSED] - click: Object: 'Object Repository/Final Object Repo/New Registration - Registration Module Pages/Third Screen - Upload Supporting Doc- Preview/Add Document Button' is clicked on

2018-12-10 16:58:26 - [MESSAGE][PASSED] - Object: 'Object Repository/Final Object Repo/New Registration - Registration Module Pages/Third Screen - Upload Supporting Doc- Preview/Add Document Button' is clicked on

2018-12-10 16:58:26 - [TEST_STEP][PASSED] - delay: Delayed 30 second(s)

2018-12-10 16:58:56 - [MESSAGE][PASSED] - Delayed 30 second(s)

2018-12-10 16:58:56 - [TEST_STEP][PASSED] - click: Object: 'Object Repository/Final Object Repo/New Registration - Registration Module Pages/Third Screen - Upload Supporting Doc- Preview/Supporting Doc Please Select Drop Down' is clicked on

2018-12-10 16:58:56 - [MESSAGE][PASSED] - Object: 'Object Repository/Final Object Repo/New Registration - Registration Module Pages/Third Screen - Upload Supporting Doc- Preview/Supporting Doc Please Select Drop Down' is clicked on

2018-12-10 16:58:56 - [TEST_STEP][PASSED] - delay: Delayed 2 second(s)

2018-12-10 16:58:58 - [MESSAGE][PASSED] - Delayed 2 second(s)

2018-12-10 16:58:58 - [TEST_STEP][PASSED] - click: Object: 'Object Repository/Final Object Repo/New Registration - Registration Module Pages/Third Screen - Upload Supporting Doc- Preview/Select to Upload Form 1' is clicked on

2018-12-10 16:58:58 - [MESSAGE][PASSED] - Object: 'Object Repository/Final Object Repo/New Registration - Registration Module Pages/Third Screen - Upload Supporting Doc- Preview/Select to Upload Form 1' is clicked on

2018-12-10 16:58:58 - [TEST_STEP][PASSED] - delay: Delayed 2 second(s)

2018-12-10 16:59:00 - [MESSAGE][PASSED] - Delayed 2 second(s)

2018-12-10 16:59:00 - [TEST_STEP][PASSED] - uploadFile: File 'C:\Users\Public\Pictures\Sample Pictures\Koala.jpg' sent to object: 'Object Repository/Final Object Repo/New Registration - Registration Module Pages/Third Screen - Upload Supporting Doc- Preview/Upload File Adding'

2018-12-10 16:59:00 - [MESSAGE][PASSED] - File 'C:\Users\Public\Pictures\Sample Pictures\Koala.jpg' sent to object: 'Object Repository/Final Object Repo/New Registration - Registration Module Pages/Third Screen - Upload Supporting Doc- Preview/Upload File Adding'

2018-12-10 16:59:00 - [TEST_STEP][PASSED] - delay: Delayed 5 second(s)

2018-12-10 16:59:05 - [MESSAGE][PASSED] - Delayed 5 second(s)

2018-12-10 16:59:05 - [TEST_STEP][PASSED] - click: Object: 'Object Repository/Final Object Repo/New Registration - Registration Module Pages/Third Screen - Upload Supporting Doc- Preview/Inner Form Add Document Button' is clicked on

2018-12-10 16:59:06 - [MESSAGE][PASSED] - Object: 'Object Repository/Final Object Repo/New Registration - Registration Module Pages/Third Screen - Upload Supporting Doc- Preview/Inner Form Add Document Button' is clicked on

2018-12-10 16:59:06 - [TEST_STEP][PASSED] - delay: Delayed 3 second(s)

2018-12-10 16:59:09 - [MESSAGE][PASSED] - Delayed 3 second(s)

2018-12-10 16:59:09 - [TEST_STEP][PASSED] - click: Object: 'Object Repository/Final Object Repo/New Registration - Registration Module Pages/Third Screen - Upload Supporting Doc- Preview/Add Document Button' is clicked on

2018-12-10 16:59:10 - [MESSAGE][PASSED] - Object: 'Object Repository/Final Object Repo/New Registration - Registration Module Pages/Third Screen - Upload Supporting Doc- Preview/Add Document Button' is clicked on

2018-12-10 16:59:10 - [TEST_STEP][PASSED] - delay: Delayed 30 second(s)

2018-12-10 16:59:40 - [MESSAGE][PASSED] - Delayed 30 second(s)

2018-12-10 16:59:40 - [TEST_STEP][PASSED] - click: Object: 'Object Repository/Final Object Repo/New Registration - Registration Module Pages/Third Screen - Upload Supporting Doc- Preview/Supporting Doc Please Select Drop Down' is clicked on

2018-12-10 16:59:40 - [MESSAGE][PASSED] - Object: 'Object Repository/Final Object Repo/New Registration - Registration Module Pages/Third Screen - Upload Supporting Doc- Preview/Supporting Doc Please Select Drop Down' is clicked on

2018-12-10 16:59:40 - [TEST_STEP][PASSED] - delay: Delayed 4 second(s)

2018-12-10 16:59:44 - [MESSAGE][PASSED] - Delayed 4 second(s)

2018-12-10 16:59:44 - [TEST_STEP][PASSED] - click: Object: 'Object Repository/Final Object Repo/New Registration - Registration Module Pages/Third Screen - Upload Supporting Doc- Preview/Select to Upload Form 2' is clicked on

2018-12-10 16:59:44 - [MESSAGE][PASSED] - Object: 'Object Repository/Final Object Repo/New Registration - Registration Module Pages/Third Screen - Upload Supporting Doc- Preview/Select to Upload Form 2' is clicked on

2018-12-10 16:59:44 - [TEST_STEP][PASSED] - delay: Delayed 2 second(s)

2018-12-10 16:59:46 - [MESSAGE][PASSED] - Delayed 2 second(s)

2018-12-10 16:59:46 - [TEST_STEP][PASSED] - uploadFile: File 'C:\Users\Public\Pictures\Sample Pictures\Koala.jpg' sent to object: 'Object Repository/Final Object Repo/New Registration - Registration Module Pages/Third Screen - Upload Supporting Doc- Preview/Upload File Adding'

2018-12-10 16:59:46 - [MESSAGE][PASSED] - File 'C:\Users\Public\Pictures\Sample Pictures\Koala.jpg' sent to object: 'Object Repository/Final Object Repo/New Registration - Registration Module Pages/Third Screen - Upload Supporting Doc- Preview/Upload File Adding'

2018-12-10 16:59:46 - [TEST_STEP][PASSED] - click: Object: 'Object Repository/Final Object Repo/New Registration - Registration Module Pages/Third Screen - Upload Supporting Doc- Preview/Inner Form Add Document Button' is clicked on

2018-12-10 16:59:46 - [MESSAGE][PASSED] - Object: 'Object Repository/Final Object Repo/New Registration - Registration Module Pages/Third Screen - Upload Supporting Doc- Preview/Inner Form Add Document Button' is clicked on

2018-12-10 16:59:46 - [TEST_STEP][PASSED] - delay: Delayed 5 second(s)

2018-12-10 16:59:51 - [MESSAGE][PASSED] - Delayed 5 second(s)

2018-12-10 16:59:51 - [TEST_STEP][PASSED] - click: Object: 'Object Repository/Final Object Repo/New Registration - Registration Module Pages/Third Screen - Upload Supporting Doc- Preview/Add Document Button' is clicked on

2018-12-10 16:59:52 - [MESSAGE][PASSED] - Object: 'Object Repository/Final Object Repo/New Registration - Registration Module Pages/Third Screen - Upload Supporting Doc- Preview/Add Document Button' is clicked on

2018-12-10 16:59:52 - [TEST_STEP][PASSED] - delay: Delayed 30 second(s)

2018-12-10 17:00:22 - [MESSAGE][PASSED] - Delayed 30 second(s)

2018-12-10 17:00:22 - [TEST_STEP][PASSED] - click: Object: 'Object Repository/Final Object Repo/New Registration - Registration Module Pages/Third Screen - Upload Supporting Doc- Preview/Supporting Doc Please Select Drop Down' is clicked on

2018-12-10 17:00:22 - [MESSAGE][PASSED] - Object: 'Object Repository/Final Object Repo/New Registration - Registration Module Pages/Third Screen - Upload Supporting Doc- Preview/Supporting Doc Please Select Drop Down' is clicked on

2018-12-10 17:00:22 - [TEST_STEP][PASSED] - click: Object: 'Object Repository/Final Object Repo/New Registration - Registration Module Pages/Third Screen - Upload Supporting Doc- Preview/Select to Upload Borang SIP 1' is clicked on

2018-12-10 17:00:22 - [MESSAGE][PASSED] - Object: 'Object Repository/Final Object Repo/New Registration - Registration Module Pages/Third Screen - Upload Supporting Doc- Preview/Select to Upload Borang SIP 1' is clicked on

2018-12-10 17:00:22 - [TEST_STEP][PASSED] - delay: Delayed 2 second(s)

2018-12-10 17:00:24 - [MESSAGE][PASSED] - Delayed 2 second(s)

2018-12-10 17:00:24 - [TEST_STEP][PASSED] - uploadFile: File 'C:\Users\Public\Pictures\Sample Pictures\Koala.jpg' sent to object: 'Object Repository/Final Object Repo/New Registration - Registration Module Pages/Third Screen - Upload Supporting Doc- Preview/Upload File Adding'

2018-12-10 17:00:24 - [MESSAGE][PASSED] - File 'C:\Users\Public\Pictures\Sample Pictures\Koala.jpg' sent to object: 'Object Repository/Final Object Repo/New Registration - Registration Module Pages/Third Screen - Upload Supporting Doc- Preview/Upload File Adding'

2018-12-10 17:00:24 - [TEST_STEP][PASSED] - click: Object: 'Object Repository/Final Object Repo/New Registration - Registration Module Pages/Third Screen - Upload Supporting Doc- Preview/Inner Form Add Document Button' is clicked on

2018-12-10 17:00:24 - [MESSAGE][PASSED] - Object: 'Object Repository/Final Object Repo/New Registration - Registration Module Pages/Third Screen - Upload Supporting Doc- Preview/Inner Form Add Document Button' is clicked on

2018-12-10 17:00:24 - [TEST_STEP][PASSED] - delay: Delayed 5 second(s)

2018-12-10 17:00:29 - [MESSAGE][PASSED] - Delayed 5 second(s)

2018-12-10 17:00:29 - [TEST_STEP][PASSED] - click: Object: 'Object Repository/Final Object Repo/New Registration - Registration Module Pages/Third Screen - Upload Supporting Doc- Preview/Add Document Button' is clicked on

2018-12-10 17:00:30 - [MESSAGE][PASSED] - Object: 'Object Repository/Final Object Repo/New Registration - Registration Module Pages/Third Screen - Upload Supporting Doc- Preview/Add Document Button' is clicked on

2018-12-10 17:00:30 - [TEST_STEP][PASSED] - delay: Delayed 30 second(s)

2018-12-10 17:01:00 - [MESSAGE][PASSED] - Delayed 30 second(s)

2018-12-10 17:01:00 - [TEST_STEP][PASSED] - click: Object: 'Object Repository/Final Object Repo/New Registration - Registration Module Pages/Third Screen - Upload Supporting Doc- Preview/Supporting Doc Please Select Drop Down' is clicked on

2018-12-10 17:01:00 - [MESSAGE][PASSED] - Object: 'Object Repository/Final Object Repo/New Registration - Registration Module Pages/Third Screen - Upload Supporting Doc- Preview/Supporting Doc Please Select Drop Down' is clicked on

2018-12-10 17:01:00 - [TEST_STEP][PASSED] - delay: Delayed 3 second(s)

2018-12-10 17:01:03 - [MESSAGE][PASSED] - Delayed 3 second(s)

2018-12-10 17:01:03 - [TEST_STEP][PASSED] - click: Object: 'Object Repository/Final Object Repo/New Registration - Registration Module Pages/Third Screen - Upload Supporting Doc- Preview/Select to Upload Borang SIP 2' is clicked on

2018-12-10 17:01:03 - [MESSAGE][PASSED] - Object: 'Object Repository/Final Object Repo/New Registration - Registration Module Pages/Third Screen - Upload Supporting Doc- Preview/Select to Upload Borang SIP 2' is clicked on

2018-12-10 17:01:03 - [TEST_STEP][PASSED] - delay: Delayed 2 second(s)

2018-12-10 17:01:05 - [MESSAGE][PASSED] - Delayed 2 second(s)

2018-12-10 17:01:05 - [TEST_STEP][PASSED] - uploadFile: File 'C:\Users\Public\Pictures\Sample Pictures\Koala.jpg' sent to object: 'Object Repository/Final Object Repo/New Registration - Registration Module Pages/Third Screen - Upload Supporting Doc- Preview/Upload File Adding'

2018-12-10 17:01:05 - [MESSAGE][PASSED] - File 'C:\Users\Public\Pictures\Sample Pictures\Koala.jpg' sent to object: 'Object Repository/Final Object Repo/New Registration - Registration Module Pages/Third Screen - Upload Supporting Doc- Preview/Upload File Adding'

2018-12-10 17:01:05 - [TEST_STEP][PASSED] - delay: Delayed 5 second(s)

2018-12-10 17:01:10 - [MESSAGE][PASSED] - Delayed 5 second(s)

2018-12-10 17:01:10 - [TEST_STEP][PASSED] - click: Object: 'Object Repository/Final Object Repo/New Registration - Registration Module Pages/Third Screen - Upload Supporting Doc- Preview/Inner Form Add Document Button' is clicked on

2018-12-10 17:01:10 - [MESSAGE][PASSED] - Object: 'Object Repository/Final Object Repo/New Registration - Registration Module Pages/Third Screen - Upload Supporting Doc- Preview/Inner Form Add Document Button' is clicked on

2018-12-10 17:01:10 - [TEST_STEP][PASSED] - delay: Delayed 3 second(s)

2018-12-10 17:01:13 - [MESSAGE][PASSED] - Delayed 3 second(s)

2018-12-10 17:01:13 - [TEST_STEP][PASSED] - waitForElementClickable: Object 'Object Repository/Final Object Repo/New Registration - Registration Module Pages/Third Screen - Upload Supporting Doc- Preview/Save n Continue in Uploading Supporting Doc Page' is clickable

2018-12-10 17:01:14 - [MESSAGE][PASSED] - Object 'Object Repository/Final Object Repo/New Registration - Registration Module Pages/Third Screen - Upload Supporting Doc- Preview/Save n Continue in Uploading Supporting Doc Page' is clickable

2018-12-10 17:01:14 - [TEST_STEP][PASSED] - click: Object: 'Object Repository/Final Object Repo/New Registration - Registration Module Pages/Third Screen - Upload Supporting Doc- Preview/Save n Continue in Uploading Supporting Doc Page' is clicked on

2018-12-10 17:01:14 - [MESSAGE][PASSED] - Object: 'Object Repository/Final Object Repo/New Registration - Registration Module Pages/Third Screen - Upload Supporting Doc- Preview/Save n Continue in Uploading Supporting Doc Page' is clicked on

2018-12-10 17:01:14 - [MESSAGE][PASSED] - Call Test Case 'Test Cases/Final Aug 2018 - PKS Automation/Registration Module/New Registration/Flow of New Registration/Third Screen - Upload Supporting Doc - Preview' successfully

2018-12-10 17:01:14 - [TEST_STEP][PASSED] - callTestCase: Call Test Case 'Test Cases/Final Aug 2018 - PKS Automation/Registration Module/New Registration/Submit and Screenshot/Submit Registration and Screenshot' successfully

2018-12-10 17:01:14 - [TEST_CASE][PASSED] - Test Cases/Final Aug 2018 - PKS Automation/Registration Module/New Registration/Submit and Screenshot/Submit Registration and Screenshot: Test Cases/Final Aug 2018 - PKS Automation/Registration Module/New Registration/Submit and Screenshot/Submit Registration and Screenshot

2018-12-10 17:01:15 - [TEST_STEP][PASSED] - delay: Delayed 6 second(s)

2018-12-10 17:01:21 - [MESSAGE][PASSED] - Delayed 6 second(s)

2018-12-10 17:01:21 - [TEST_STEP][PASSED] - click: Object: 'Object Repository/Final Object Repo/New Registration - Registration Module Pages/Third Screen - Upload Supporting Doc- Preview/Preview Submit Button' is clicked on

2018-12-10 17:01:21 - [MESSAGE][PASSED] - Object: 'Object Repository/Final Object Repo/New Registration - Registration Module Pages/Third Screen - Upload Supporting Doc- Preview/Preview Submit Button' is clicked on

2018-12-10 17:01:21 - [TEST_STEP][PASSED] - delay: Delayed 2 second(s)

2018-12-10 17:01:23 - [MESSAGE][PASSED] - Delayed 2 second(s)

2018-12-10 17:01:23 - [TEST_STEP][PASSED] - click: Object: 'Object Repository/Final Object Repo/New Registration - Registration Module Pages/Third Screen - Upload Supporting Doc- Preview/Preview Submit - Confirm' is clicked on

2018-12-10 17:01:23 - [MESSAGE][PASSED] - Object: 'Object Repository/Final Object Repo/New Registration - Registration Module Pages/Third Screen - Upload Supporting Doc- Preview/Preview Submit - Confirm' is clicked on

2018-12-10 17:01:23 - [TEST_STEP][PASSED] - delay: Delayed 15 second(s)

2018-12-10 17:01:38 - [MESSAGE][PASSED] - Delayed 15 second(s)

2018-12-10 17:01:38 - [TEST_STEP][PASSED] - Statement - driver = com.kms.katalon.core.webui.driver.DriverFactory.getWebDriver(): null

2018-12-10 17:01:38 - [TEST_STEP][PASSED] - Statement - driver.manage().timeouts().implicitlyWait(10, SECONDS): null

2018-12-10 17:01:38 - [TEST_STEP][PASSED] - Statement - PresavePath = KatalonScreenshots: null

2018-12-10 17:01:38 - [TEST_STEP][PASSED] - Statement - pathPrefix = "C:\Users\Public\Pictures\Sample Pictures\Katalon Screenshots\Automate Ending Screen": null

2018-12-10 17:01:38 - [TEST_STEP][PASSED] - Statement - finalPath = <not implemented yet for class: org.codehaus.groovy.ast.expr.EmptyExpression>: null

2018-12-10 17:01:38 - [TEST_STEP][PASSED] - Statement - scrFile = driver.getScreenshotAs(FILE): null

2018-12-10 17:01:39 - [TEST_STEP][PASSED] - Statement - PreSaveFile = new java.io.File(PresavePath): null

2018-12-10 17:01:39 - [TEST_STEP][PASSED] - Statement - counter = 0: null

2018-12-10 17:01:39 - [TEST_STEP][PASSED] - Statement - If (PreSaveFile.exists()): null

2018-12-10 17:01:39 - [TEST_STEP][PASSED] - Statement - Else: null

2018-12-10 17:01:39 - [TEST_STEP][PASSED] - Statement - finalPath = pathPrefix + ".png": null

2018-12-10 17:01:39 - [TEST_STEP][PASSED] - Statement - SaveFile = new java.io.File(finalPath): null

2018-12-10 17:01:39 - [TEST_STEP][PASSED] - Statement - Try: null

2018-12-10 17:01:39 - [TEST_STEP][PASSED] - Statement - org.apache.commons.io.FileUtils.copyFile(scrFile, SaveFile): null

2018-12-10 17:01:39 - [TEST_STEP][PASSED] - Statement - out.println("file kept"): null

2018-12-10 17:01:39 - [TEST_STEP][PASSED] - delay: Delayed 10 second(s)

2018-12-10 17:01:49 - [MESSAGE][PASSED] - Delayed 10 second(s)

2018-12-10 17:01:49 - [MESSAGE][PASSED] - Call Test Case 'Test Cases/Final Aug 2018 - PKS Automation/Registration Module/New Registration/Submit and Screenshot/Submit Registration and Screenshot' successfully]]></system-out>
         <system-err><![CDATA[]]></system-err>
      </testcase>
      <testcase name="Test Cases/Final Aug 2018 - PKS Automation/Registration Module/Critical Path/New Registration/Corporation - BHD" classname="Test Cases/Final Aug 2018 - PKS Automation/Registration Module/Critical Path/New Registration/Corporation - BHD" status="PASSED">
         <system-out><![CDATA[2018-12-10 17:01:49 - [TEST_CASE][PASSED] - Test Cases/Final Aug 2018 - PKS Automation/Registration Module/Critical Path/New Registration/Corporation - BHD: Test Cases/Final Aug 2018 - PKS Automation/Registration Module/Critical Path/New Registration/Corporation - BHD

2018-12-10 17:01:49 - [TEST_STEP][PASSED] - callTestCase: Call Test Case 'Test Cases/Final Aug 2018 - PKS Automation/Registration Module/New Registration/Form 1/Form 1 - Corporation - BHD' successfully

2018-12-10 17:01:49 - [TEST_CASE][PASSED] - Test Cases/Final Aug 2018 - PKS Automation/Registration Module/New Registration/Form 1/Form 1 - Corporation - BHD: Test Cases/Final Aug 2018 - PKS Automation/Registration Module/New Registration/Form 1/Form 1 - Corporation - BHD

2018-12-10 17:01:50 - [TEST_STEP][PASSED] - openBrowser: Browser is opened with url: ''

2018-12-10 17:01:50 - [MESSAGE][WARNING] - A browser is already opened. Closing browser and opening a new one

2018-12-10 17:01:53 - [MESSAGE][PASSED] - Browser is opened with url: ''

2018-12-10 17:01:53 - [TEST_STEP][PASSED] - navigateToUrl: Navigate to 'https://assist2-uat.perkeso.gov.my/login' successfully

2018-12-10 17:01:54 - [MESSAGE][PASSED] - Navigate to 'https://assist2-uat.perkeso.gov.my/login' successfully

2018-12-10 17:01:54 - [TEST_STEP][PASSED] - setText: Text 'johorotc1@gmail.com' is set on object 'Object Repository/Final Object Repo/Login Page/Internal User/Email Address'

2018-12-10 17:01:54 - [MESSAGE][PASSED] - Text 'johorotc1@gmail.com' is set on object 'Object Repository/Final Object Repo/Login Page/Internal User/Email Address'

2018-12-10 17:01:54 - [TEST_STEP][PASSED] - click: Object: 'Object Repository/Final Object Repo/Login Page/Internal User/Next Button' is clicked on

2018-12-10 17:01:55 - [MESSAGE][PASSED] - Object: 'Object Repository/Final Object Repo/Login Page/Internal User/Next Button' is clicked on

2018-12-10 17:01:55 - [TEST_STEP][PASSED] - delay: Delayed 1 second(s)

2018-12-10 17:01:56 - [MESSAGE][PASSED] - Delayed 1 second(s)

2018-12-10 17:01:56 - [TEST_STEP][PASSED] - setEncryptedText: Text ****** has been set on object 'Object Repository/Final Object Repo/Login Page/Internal User/Password'

2018-12-10 17:01:56 - [MESSAGE][PASSED] - Text ****** has been set on object 'Object Repository/Final Object Repo/Login Page/Internal User/Password'

2018-12-10 17:01:56 - [TEST_STEP][PASSED] - click: Object: 'Object Repository/Final Object Repo/Login Page/Internal User/Login Button' is clicked on

2018-12-10 17:01:56 - [MESSAGE][PASSED] - Object: 'Object Repository/Final Object Repo/Login Page/Internal User/Login Button' is clicked on

2018-12-10 17:01:56 - [TEST_STEP][PASSED] - delay: Delayed 1 second(s)

2018-12-10 17:01:57 - [MESSAGE][PASSED] - Delayed 1 second(s)

2018-12-10 17:01:57 - [TEST_STEP][PASSED] - Statement - Try: Delayed 2 second(s)

2018-12-10 17:01:57 - [TEST_STEP][PASSED] - Statement - Checker = false: null

2018-12-10 17:01:57 - [TEST_STEP][PASSED] - Statement - Checker = com.kms.katalon.core.webui.keyword.WebUiBuiltInKeywords.verifyElementHasAttribute(com.kms.katalon.core.testobject.ObjectRepository.findTestObject(Final Object Repo/Landing Page/BM Detecting), "href", 20, OPTIONAL): Object 'Object Repository/Final Object Repo/Landing Page/BM Detecting' has attribute 'href'

2018-12-10 17:01:58 - [MESSAGE][PASSED] - Object 'Object Repository/Final Object Repo/Landing Page/BM Detecting' has attribute 'href'

2018-12-10 17:01:58 - [TEST_STEP][PASSED] - Statement - out.println(Checker): null

2018-12-10 17:01:58 - [TEST_STEP][PASSED] - Statement - If (Checker == false): null

2018-12-10 17:01:58 - [TEST_STEP][PASSED] - Statement - Else: null

2018-12-10 17:01:58 - [TEST_STEP][PASSED] - delay: Delayed 2 second(s)

2018-12-10 17:02:00 - [MESSAGE][PASSED] - Delayed 2 second(s)

2018-12-10 17:02:00 - [TEST_STEP][PASSED] - navigateToUrl: Navigate to 'https://assist2-uat.perkeso.gov.my/web/registration/registration' successfully

2018-12-10 17:02:01 - [MESSAGE][PASSED] - Navigate to 'https://assist2-uat.perkeso.gov.my/web/registration/registration' successfully

2018-12-10 17:02:01 - [TEST_STEP][PASSED] - click: Object: 'Object Repository/Final Object Repo/New Registration - Registration Module Pages/Form 1/AEC - No' is clicked on

2018-12-10 17:02:02 - [MESSAGE][PASSED] - Object: 'Object Repository/Final Object Repo/New Registration - Registration Module Pages/Form 1/AEC - No' is clicked on

2018-12-10 17:02:02 - [TEST_STEP][PASSED] - click: Object: 'Object Repository/Final Object Repo/New Registration - Registration Module Pages/Form 1/Business Entity' is clicked on

2018-12-10 17:02:02 - [MESSAGE][PASSED] - Object: 'Object Repository/Final Object Repo/New Registration - Registration Module Pages/Form 1/Business Entity' is clicked on

2018-12-10 17:02:02 - [TEST_STEP][PASSED] - click: Object: 'Object Repository/Final Object Repo/New Registration - Registration Module Pages/Form 1/Businees Entity - Corporation' is clicked on

2018-12-10 17:02:02 - [MESSAGE][PASSED] - Object: 'Object Repository/Final Object Repo/New Registration - Registration Module Pages/Form 1/Businees Entity - Corporation' is clicked on

2018-12-10 17:02:02 - [TEST_STEP][PASSED] - delay: Delayed 1 second(s)

2018-12-10 17:02:03 - [MESSAGE][PASSED] - Delayed 1 second(s)

2018-12-10 17:02:03 - [TEST_STEP][PASSED] - click: Object: 'Object Repository/Final Object Repo/New Registration - Registration Module Pages/Form 1/Sub Business Entity' is clicked on

2018-12-10 17:02:03 - [MESSAGE][PASSED] - Object: 'Object Repository/Final Object Repo/New Registration - Registration Module Pages/Form 1/Sub Business Entity' is clicked on

2018-12-10 17:02:03 - [TEST_STEP][PASSED] - click: Object: 'Object Repository/Final Object Repo/New Registration - Registration Module Pages/Form 1/Sub Business Entity - Berhad' is clicked on

2018-12-10 17:02:04 - [MESSAGE][PASSED] - Object: 'Object Repository/Final Object Repo/New Registration - Registration Module Pages/Form 1/Sub Business Entity - Berhad' is clicked on

2018-12-10 17:02:04 - [TEST_STEP][PASSED] - delay: Delayed 1 second(s)

2018-12-10 17:02:05 - [MESSAGE][PASSED] - Delayed 1 second(s)

2018-12-10 17:02:05 - [TEST_STEP][PASSED] - setText: Text '123' is set on object 'Object Repository/Final Object Repo/New Registration - Registration Module Pages/Form 1/Registration Number'

2018-12-10 17:02:05 - [MESSAGE][PASSED] - Text '123' is set on object 'Object Repository/Final Object Repo/New Registration - Registration Module Pages/Form 1/Registration Number'

2018-12-10 17:02:05 - [TEST_STEP][PASSED] - click: Object: 'Object Repository/Final Object Repo/New Registration - Registration Module Pages/Form 1/Registred with SSM - Before Feb' is clicked on

2018-12-10 17:02:05 - [MESSAGE][PASSED] - Object: 'Object Repository/Final Object Repo/New Registration - Registration Module Pages/Form 1/Registred with SSM - Before Feb' is clicked on

2018-12-10 17:02:05 - [TEST_STEP][PASSED] - click: Object: 'Object Repository/Final Object Repo/New Registration - Registration Module Pages/Form 1/Registered As a Branch - Yes' is clicked on

2018-12-10 17:02:05 - [MESSAGE][PASSED] - Object: 'Object Repository/Final Object Repo/New Registration - Registration Module Pages/Form 1/Registered As a Branch - Yes' is clicked on

2018-12-10 17:02:05 - [TEST_STEP][PASSED] - click: Object: 'Object Repository/Final Object Repo/New Registration - Registration Module Pages/Form 1/Acknowledgement' is clicked on

2018-12-10 17:02:05 - [MESSAGE][PASSED] - Object: 'Object Repository/Final Object Repo/New Registration - Registration Module Pages/Form 1/Acknowledgement' is clicked on

2018-12-10 17:02:05 - [TEST_STEP][PASSED] - setText: Text 'perkeso' is set on object 'Object Repository/Final Object Repo/New Registration - Registration Module Pages/Form 1/Industry name'

2018-12-10 17:02:06 - [MESSAGE][PASSED] - Text 'perkeso' is set on object 'Object Repository/Final Object Repo/New Registration - Registration Module Pages/Form 1/Industry name'

2018-12-10 17:02:06 - [TEST_STEP][PASSED] - setText: Text 'perkeso1' is set on object 'Object Repository/Final Object Repo/New Registration - Registration Module Pages/Form 1/Postal Address1'

2018-12-10 17:02:06 - [MESSAGE][PASSED] - Text 'perkeso1' is set on object 'Object Repository/Final Object Repo/New Registration - Registration Module Pages/Form 1/Postal Address1'

2018-12-10 17:02:06 - [TEST_STEP][PASSED] - setText: Text 'perkeso2' is set on object 'Object Repository/Final Object Repo/New Registration - Registration Module Pages/Form 1/Postal Address2'

2018-12-10 17:02:06 - [MESSAGE][PASSED] - Text 'perkeso2' is set on object 'Object Repository/Final Object Repo/New Registration - Registration Module Pages/Form 1/Postal Address2'

2018-12-10 17:02:06 - [TEST_STEP][PASSED] - setText: Text 'perkeso3' is set on object 'Object Repository/Final Object Repo/New Registration - Registration Module Pages/Form 1/Postal Address3'

2018-12-10 17:02:07 - [MESSAGE][PASSED] - Text 'perkeso3' is set on object 'Object Repository/Final Object Repo/New Registration - Registration Module Pages/Form 1/Postal Address3'

2018-12-10 17:02:07 - [TEST_STEP][PASSED] - click: Object: 'Object Repository/Final Object Repo/New Registration - Registration Module Pages/Form 1/State' is clicked on

2018-12-10 17:02:07 - [MESSAGE][PASSED] - Object: 'Object Repository/Final Object Repo/New Registration - Registration Module Pages/Form 1/State' is clicked on

2018-12-10 17:02:07 - [TEST_STEP][PASSED] - click: Object: 'Object Repository/Final Object Repo/New Registration - Registration Module Pages/Form 1/State - Johor' is clicked on

2018-12-10 17:02:07 - [MESSAGE][PASSED] - Object: 'Object Repository/Final Object Repo/New Registration - Registration Module Pages/Form 1/State - Johor' is clicked on

2018-12-10 17:02:07 - [TEST_STEP][PASSED] - delay: Delayed 1 second(s)

2018-12-10 17:02:08 - [MESSAGE][PASSED] - Delayed 1 second(s)

2018-12-10 17:02:08 - [TEST_STEP][PASSED] - click: Object: 'Object Repository/Final Object Repo/New Registration - Registration Module Pages/Form 1/City' is clicked on

2018-12-10 17:02:08 - [MESSAGE][PASSED] - Object: 'Object Repository/Final Object Repo/New Registration - Registration Module Pages/Form 1/City' is clicked on

2018-12-10 17:02:08 - [TEST_STEP][PASSED] - setText: Text 'joh' is set on object 'Object Repository/Final Object Repo/New Registration - Registration Module Pages/Form 1/Postcode - 810'

2018-12-10 17:02:09 - [MESSAGE][PASSED] - Text 'joh' is set on object 'Object Repository/Final Object Repo/New Registration - Registration Module Pages/Form 1/Postcode - 810'

2018-12-10 17:02:09 - [TEST_STEP][PASSED] - delay: Delayed 1 second(s)

2018-12-10 17:02:10 - [MESSAGE][PASSED] - Delayed 1 second(s)

2018-12-10 17:02:10 - [TEST_STEP][PASSED] - click: Object: 'Object Repository/Final Object Repo/New Registration - Registration Module Pages/Form 1/City - Johor Bharu' is clicked on

2018-12-10 17:02:10 - [MESSAGE][PASSED] - Object: 'Object Repository/Final Object Repo/New Registration - Registration Module Pages/Form 1/City - Johor Bharu' is clicked on

2018-12-10 17:02:10 - [TEST_STEP][PASSED] - delay: Delayed 1 second(s)

2018-12-10 17:02:11 - [MESSAGE][PASSED] - Delayed 1 second(s)

2018-12-10 17:02:11 - [TEST_STEP][PASSED] - click: Object: 'Object Repository/Final Object Repo/New Registration - Registration Module Pages/Form 1/Postcode' is clicked on

2018-12-10 17:02:11 - [MESSAGE][PASSED] - Object: 'Object Repository/Final Object Repo/New Registration - Registration Module Pages/Form 1/Postcode' is clicked on

2018-12-10 17:02:11 - [TEST_STEP][PASSED] - delay: Delayed 1 second(s)

2018-12-10 17:02:12 - [MESSAGE][PASSED] - Delayed 1 second(s)

2018-12-10 17:02:12 - [TEST_STEP][PASSED] - setText: Text '810' is set on object 'Object Repository/Final Object Repo/New Registration - Registration Module Pages/Form 1/Postcode - 810'

2018-12-10 17:02:12 - [MESSAGE][PASSED] - Text '810' is set on object 'Object Repository/Final Object Repo/New Registration - Registration Module Pages/Form 1/Postcode - 810'

2018-12-10 17:02:12 - [TEST_STEP][PASSED] - delay: Delayed 3 second(s)

2018-12-10 17:02:15 - [MESSAGE][PASSED] - Delayed 3 second(s)

2018-12-10 17:02:15 - [TEST_STEP][PASSED] - click: Object: 'Object Repository/Final Object Repo/New Registration - Registration Module Pages/Form 1/Postcode - 81000' is clicked on

2018-12-10 17:02:16 - [MESSAGE][PASSED] - Object: 'Object Repository/Final Object Repo/New Registration - Registration Module Pages/Form 1/Postcode - 81000' is clicked on

2018-12-10 17:02:16 - [TEST_STEP][PASSED] - delay: Delayed 1 second(s)

2018-12-10 17:02:17 - [MESSAGE][PASSED] - Delayed 1 second(s)

2018-12-10 17:02:17 - [TEST_STEP][PASSED] - setText: Text '100' is set on object 'Object Repository/Final Object Repo/New Registration - Registration Module Pages/Form 1/P.O.BOX'

2018-12-10 17:02:17 - [MESSAGE][PASSED] - Text '100' is set on object 'Object Repository/Final Object Repo/New Registration - Registration Module Pages/Form 1/P.O.BOX'

2018-12-10 17:02:17 - [TEST_STEP][PASSED] - setText: Text '100' is set on object 'Object Repository/Final Object Repo/New Registration - Registration Module Pages/Form 1/Locked Bag No'

2018-12-10 17:02:17 - [MESSAGE][PASSED] - Text '100' is set on object 'Object Repository/Final Object Repo/New Registration - Registration Module Pages/Form 1/Locked Bag No'

2018-12-10 17:02:17 - [TEST_STEP][PASSED] - click: Object: 'Object Repository/Final Object Repo/New Registration - Registration Module Pages/Form 1/SOCSO Office Location' is clicked on

2018-12-10 17:02:17 - [MESSAGE][PASSED] - Object: 'Object Repository/Final Object Repo/New Registration - Registration Module Pages/Form 1/SOCSO Office Location' is clicked on

2018-12-10 17:02:17 - [TEST_STEP][PASSED] - click: Object: 'Object Repository/Final Object Repo/New Registration - Registration Module Pages/Form 1/SOCSO Office Location - Pejabat PERKESO Negeri Johor' is clicked on

2018-12-10 17:02:18 - [MESSAGE][PASSED] - Object: 'Object Repository/Final Object Repo/New Registration - Registration Module Pages/Form 1/SOCSO Office Location - Pejabat PERKESO Negeri Johor' is clicked on

2018-12-10 17:02:18 - [TEST_STEP][PASSED] - delay: Delayed 1 second(s)

2018-12-10 17:02:19 - [MESSAGE][PASSED] - Delayed 1 second(s)

2018-12-10 17:02:19 - [TEST_STEP][PASSED] - check: Object 'Object Repository/Final Object Repo/New Registration - Registration Module Pages/Form 1/Indusrty Address Same As Postal Address' is checked

2018-12-10 17:02:19 - [MESSAGE][PASSED] - Object 'Object Repository/Final Object Repo/New Registration - Registration Module Pages/Form 1/Indusrty Address Same As Postal Address' is checked

2018-12-10 17:02:19 - [TEST_STEP][PASSED] - delay: Delayed 3 second(s)

2018-12-10 17:02:22 - [MESSAGE][PASSED] - Delayed 3 second(s)

2018-12-10 17:02:22 - [TEST_STEP][PASSED] - click: Object: 'Object Repository/Final Object Repo/New Registration - Registration Module Pages/Form 1/Indusry Address Same As Postal Address False' is clicked on

2018-12-10 17:02:22 - [MESSAGE][PASSED] - Object: 'Object Repository/Final Object Repo/New Registration - Registration Module Pages/Form 1/Indusry Address Same As Postal Address False' is clicked on

2018-12-10 17:02:22 - [TEST_STEP][PASSED] - delay: Delayed 1 second(s)

2018-12-10 17:02:23 - [MESSAGE][PASSED] - Delayed 1 second(s)

2018-12-10 17:02:23 - [TEST_STEP][PASSED] - setText: Text 'perkeso1' is set on object 'Object Repository/Final Object Repo/New Registration - Registration Module Pages/Form 1/Industry Address1'

2018-12-10 17:02:23 - [MESSAGE][PASSED] - Text 'perkeso1' is set on object 'Object Repository/Final Object Repo/New Registration - Registration Module Pages/Form 1/Industry Address1'

2018-12-10 17:02:23 - [TEST_STEP][PASSED] - setText: Text 'perkeso2' is set on object 'Object Repository/Final Object Repo/New Registration - Registration Module Pages/Form 1/Industry Address2'

2018-12-10 17:02:24 - [MESSAGE][PASSED] - Text 'perkeso2' is set on object 'Object Repository/Final Object Repo/New Registration - Registration Module Pages/Form 1/Industry Address2'

2018-12-10 17:02:24 - [TEST_STEP][PASSED] - setText: Text 'perkeso3' is set on object 'Object Repository/Final Object Repo/New Registration - Registration Module Pages/Form 1/Industry Address3'

2018-12-10 17:02:24 - [MESSAGE][PASSED] - Text 'perkeso3' is set on object 'Object Repository/Final Object Repo/New Registration - Registration Module Pages/Form 1/Industry Address3'

2018-12-10 17:02:24 - [TEST_STEP][PASSED] - click: Object: 'Object Repository/Final Object Repo/New Registration - Registration Module Pages/Form 1/Industry State' is clicked on

2018-12-10 17:02:24 - [MESSAGE][PASSED] - Object: 'Object Repository/Final Object Repo/New Registration - Registration Module Pages/Form 1/Industry State' is clicked on

2018-12-10 17:02:24 - [TEST_STEP][PASSED] - delay: Delayed 2 second(s)

2018-12-10 17:02:26 - [MESSAGE][PASSED] - Delayed 2 second(s)

2018-12-10 17:02:26 - [TEST_STEP][PASSED] - click: Object: 'Object Repository/Final Object Repo/New Registration - Registration Module Pages/Form 1/Industry State - Johor' is clicked on

2018-12-10 17:02:26 - [MESSAGE][PASSED] - Object: 'Object Repository/Final Object Repo/New Registration - Registration Module Pages/Form 1/Industry State - Johor' is clicked on

2018-12-10 17:02:26 - [TEST_STEP][PASSED] - delay: Delayed 2 second(s)

2018-12-10 17:02:28 - [MESSAGE][PASSED] - Delayed 2 second(s)

2018-12-10 17:02:28 - [TEST_STEP][PASSED] - click: Object: 'Object Repository/Final Object Repo/New Registration - Registration Module Pages/Form 1/Industry Ciry' is clicked on

2018-12-10 17:02:29 - [MESSAGE][PASSED] - Object: 'Object Repository/Final Object Repo/New Registration - Registration Module Pages/Form 1/Industry Ciry' is clicked on

2018-12-10 17:02:29 - [TEST_STEP][PASSED] - setText: Text 'joh' is set on object 'Object Repository/Final Object Repo/New Registration - Registration Module Pages/Form 1/Industry Ciry - joh'

2018-12-10 17:02:29 - [MESSAGE][PASSED] - Text 'joh' is set on object 'Object Repository/Final Object Repo/New Registration - Registration Module Pages/Form 1/Industry Ciry - joh'

2018-12-10 17:02:29 - [TEST_STEP][PASSED] - delay: Delayed 2 second(s)

2018-12-10 17:02:31 - [MESSAGE][PASSED] - Delayed 2 second(s)

2018-12-10 17:02:31 - [TEST_STEP][PASSED] - click: Object: 'Object Repository/Final Object Repo/New Registration - Registration Module Pages/Form 1/Industy State - Johor Bharu' is clicked on

2018-12-10 17:02:31 - [MESSAGE][PASSED] - Object: 'Object Repository/Final Object Repo/New Registration - Registration Module Pages/Form 1/Industy State - Johor Bharu' is clicked on

2018-12-10 17:02:31 - [TEST_STEP][PASSED] - delay: Delayed 1 second(s)

2018-12-10 17:02:32 - [MESSAGE][PASSED] - Delayed 1 second(s)

2018-12-10 17:02:32 - [TEST_STEP][PASSED] - click: Object: 'Object Repository/Final Object Repo/New Registration - Registration Module Pages/Form 1/Indusry PostCode' is clicked on

2018-12-10 17:02:32 - [MESSAGE][PASSED] - Object: 'Object Repository/Final Object Repo/New Registration - Registration Module Pages/Form 1/Indusry PostCode' is clicked on

2018-12-10 17:02:32 - [TEST_STEP][PASSED] - delay: Delayed 1 second(s)

2018-12-10 17:02:33 - [MESSAGE][PASSED] - Delayed 1 second(s)

2018-12-10 17:02:33 - [TEST_STEP][PASSED] - setText: Text '810' is set on object 'Object Repository/Final Object Repo/New Registration - Registration Module Pages/Form 1/Insutry Post Code - 810'

2018-12-10 17:02:34 - [MESSAGE][PASSED] - Text '810' is set on object 'Object Repository/Final Object Repo/New Registration - Registration Module Pages/Form 1/Insutry Post Code - 810'

2018-12-10 17:02:34 - [TEST_STEP][PASSED] - delay: Delayed 1 second(s)

2018-12-10 17:02:35 - [MESSAGE][PASSED] - Delayed 1 second(s)

2018-12-10 17:02:35 - [TEST_STEP][PASSED] - click: Object: 'Object Repository/Final Object Repo/New Registration - Registration Module Pages/Form 1/Insutry Post Code - 81000' is clicked on

2018-12-10 17:02:35 - [MESSAGE][PASSED] - Object: 'Object Repository/Final Object Repo/New Registration - Registration Module Pages/Form 1/Insutry Post Code - 81000' is clicked on

2018-12-10 17:02:35 - [TEST_STEP][PASSED] - delay: Delayed 1 second(s)

2018-12-10 17:02:36 - [MESSAGE][PASSED] - Delayed 1 second(s)

2018-12-10 17:02:36 - [TEST_STEP][PASSED] - setText: Text '100' is set on object 'Object Repository/Final Object Repo/New Registration - Registration Module Pages/Form 1/Industry P.O.BOX'

2018-12-10 17:02:36 - [MESSAGE][PASSED] - Text '100' is set on object 'Object Repository/Final Object Repo/New Registration - Registration Module Pages/Form 1/Industry P.O.BOX'

2018-12-10 17:02:36 - [TEST_STEP][PASSED] - setText: Text '100' is set on object 'Object Repository/Final Object Repo/New Registration - Registration Module Pages/Form 1/Industry Locked Bag No'

2018-12-10 17:02:36 - [MESSAGE][PASSED] - Text '100' is set on object 'Object Repository/Final Object Repo/New Registration - Registration Module Pages/Form 1/Industry Locked Bag No'

2018-12-10 17:02:36 - [TEST_STEP][PASSED] - setText: Text '123456789' is set on object 'Object Repository/Final Object Repo/New Registration - Registration Module Pages/Form 1/Telephone No'

2018-12-10 17:02:37 - [MESSAGE][PASSED] - Text '123456789' is set on object 'Object Repository/Final Object Repo/New Registration - Registration Module Pages/Form 1/Telephone No'

2018-12-10 17:02:37 - [TEST_STEP][PASSED] - setText: Text '123456789' is set on object 'Object Repository/Final Object Repo/New Registration - Registration Module Pages/Form 1/Mobile No'

2018-12-10 17:02:37 - [MESSAGE][PASSED] - Text '123456789' is set on object 'Object Repository/Final Object Repo/New Registration - Registration Module Pages/Form 1/Mobile No'

2018-12-10 17:02:37 - [TEST_STEP][PASSED] - setText: Text '123456789' is set on object 'Object Repository/Final Object Repo/New Registration - Registration Module Pages/Form 1/Fax No'

2018-12-10 17:02:37 - [MESSAGE][PASSED] - Text '123456789' is set on object 'Object Repository/Final Object Repo/New Registration - Registration Module Pages/Form 1/Fax No'

2018-12-10 17:02:37 - [TEST_STEP][PASSED] - click: Object: 'Object Repository/Final Object Repo/New Registration - Registration Module Pages/Form 1/Industry Code' is clicked on

2018-12-10 17:02:38 - [MESSAGE][PASSED] - Object: 'Object Repository/Final Object Repo/New Registration - Registration Module Pages/Form 1/Industry Code' is clicked on

2018-12-10 17:02:38 - [TEST_STEP][PASSED] - click: Object: 'Object Repository/Final Object Repo/New Registration - Registration Module Pages/Form 1/Indudustry Code - Crops and Animal' is clicked on

2018-12-10 17:02:38 - [MESSAGE][PASSED] - Object: 'Object Repository/Final Object Repo/New Registration - Registration Module Pages/Form 1/Indudustry Code - Crops and Animal' is clicked on

2018-12-10 17:02:38 - [TEST_STEP][PASSED] - delay: Delayed 1 second(s)

2018-12-10 17:02:39 - [MESSAGE][PASSED] - Delayed 1 second(s)

2018-12-10 17:02:39 - [TEST_STEP][PASSED] - click: Object: 'Object Repository/Final Object Repo/New Registration - Registration Module Pages/Form 1/Sub Industry Code List' is clicked on

2018-12-10 17:02:39 - [MESSAGE][PASSED] - Object: 'Object Repository/Final Object Repo/New Registration - Registration Module Pages/Form 1/Sub Industry Code List' is clicked on

2018-12-10 17:02:39 - [TEST_STEP][PASSED] - click: Object: 'Object Repository/Final Object Repo/New Registration - Registration Module Pages/Form 1/Sub Industry Code List - Growing of Maize' is clicked on

2018-12-10 17:02:39 - [MESSAGE][PASSED] - Object: 'Object Repository/Final Object Repo/New Registration - Registration Module Pages/Form 1/Sub Industry Code List - Growing of Maize' is clicked on

2018-12-10 17:02:39 - [TEST_STEP][PASSED] - setText: Text 'perkeso123@gmail.com' is set on object 'Object Repository/Final Object Repo/New Registration - Registration Module Pages/Form 1/Email'

2018-12-10 17:02:40 - [MESSAGE][PASSED] - Text 'perkeso123@gmail.com' is set on object 'Object Repository/Final Object Repo/New Registration - Registration Module Pages/Form 1/Email'

2018-12-10 17:02:40 - [TEST_STEP][PASSED] - click: Object: 'Object Repository/Final Object Repo/New Registration - Registration Module Pages/Form 1/Method of Contribution Payment' is clicked on

2018-12-10 17:02:40 - [MESSAGE][PASSED] - Object: 'Object Repository/Final Object Repo/New Registration - Registration Module Pages/Form 1/Method of Contribution Payment' is clicked on

2018-12-10 17:02:40 - [TEST_STEP][PASSED] - click: Object: 'Object Repository/Final Object Repo/New Registration - Registration Module Pages/Form 1/Method of Contribution Payment - Portal' is clicked on

2018-12-10 17:02:41 - [MESSAGE][PASSED] - Object: 'Object Repository/Final Object Repo/New Registration - Registration Module Pages/Form 1/Method of Contribution Payment - Portal' is clicked on

2018-12-10 17:02:41 - [TEST_STEP][PASSED] - click: Object: 'Object Repository/Final Object Repo/New Registration - Registration Module Pages/Form 1/Servide Type' is clicked on

2018-12-10 17:02:41 - [MESSAGE][PASSED] - Object: 'Object Repository/Final Object Repo/New Registration - Registration Module Pages/Form 1/Servide Type' is clicked on

2018-12-10 17:02:41 - [TEST_STEP][PASSED] - click: Object: 'Object Repository/Final Object Repo/New Registration - Registration Module Pages/Form 1/Servide Type - Professional Bodies' is clicked on

2018-12-10 17:02:41 - [MESSAGE][PASSED] - Object: 'Object Repository/Final Object Repo/New Registration - Registration Module Pages/Form 1/Servide Type - Professional Bodies' is clicked on

2018-12-10 17:02:41 - [TEST_STEP][PASSED] - click: Object: 'Object Repository/Final Object Repo/New Registration - Registration Module Pages/Form 1/Industry Venue' is clicked on

2018-12-10 17:02:41 - [MESSAGE][PASSED] - Object: 'Object Repository/Final Object Repo/New Registration - Registration Module Pages/Form 1/Industry Venue' is clicked on

2018-12-10 17:02:41 - [TEST_STEP][PASSED] - click: Object: 'Object Repository/Final Object Repo/New Registration - Registration Module Pages/Form 1/Industry Venue -  PPN JOHOR' is clicked on

2018-12-10 17:02:41 - [MESSAGE][PASSED] - Object: 'Object Repository/Final Object Repo/New Registration - Registration Module Pages/Form 1/Industry Venue -  PPN JOHOR' is clicked on

2018-12-10 17:02:41 - [TEST_STEP][PASSED] - click: Object: 'Object Repository/Final Object Repo/New Registration - Registration Module Pages/Form 1/Save  Continue' is clicked on

2018-12-10 17:02:42 - [MESSAGE][PASSED] - Object: 'Object Repository/Final Object Repo/New Registration - Registration Module Pages/Form 1/Save  Continue' is clicked on

2018-12-10 17:02:42 - [MESSAGE][PASSED] - Call Test Case 'Test Cases/Final Aug 2018 - PKS Automation/Registration Module/New Registration/Form 1/Form 1 - Corporation - BHD' successfully

2018-12-10 17:02:42 - [TEST_STEP][PASSED] - callTestCase: Call Test Case 'Test Cases/Final Aug 2018 - PKS Automation/Registration Module/New Registration/Form 2/Add 2 Eligible 2 Not Eligible' successfully

2018-12-10 17:02:42 - [TEST_CASE][PASSED] - Test Cases/Final Aug 2018 - PKS Automation/Registration Module/New Registration/Form 2/Add 2 Eligible 2 Not Eligible: Test Cases/Final Aug 2018 - PKS Automation/Registration Module/New Registration/Form 2/Add 2 Eligible 2 Not Eligible

2018-12-10 17:02:42 - [TEST_STEP][PASSED] - delay: Delayed 2 second(s)

2018-12-10 17:02:44 - [MESSAGE][PASSED] - Delayed 2 second(s)

2018-12-10 17:02:44 - [TEST_STEP][PASSED] - callTestCase: Call Test Case 'Test Cases/Final Aug 2018 - PKS Automation/Registration Module/New Registration/Form 2/Date Updater' successfully

2018-12-10 17:02:44 - [TEST_CASE][PASSED] - Test Cases/Final Aug 2018 - PKS Automation/Registration Module/New Registration/Form 2/Date Updater: Test Cases/Final Aug 2018 - PKS Automation/Registration Module/New Registration/Form 2/Date Updater

2018-12-10 17:02:44 - [TEST_STEP][PASSED] - Statement - TodayDate = new java.util.Date(): null

2018-12-10 17:02:44 - [TEST_STEP][PASSED] - Statement - CurrentDateNoFilter = new java.text.SimpleDateFormat(): null

2018-12-10 17:02:44 - [TEST_STEP][PASSED] - Statement - CurrentDateNoFilter.applyPattern("MM"): null

2018-12-10 17:02:44 - [TEST_STEP][PASSED] - Statement - monthContainerMatcher = java.lang.Integer.parseInt(CurrentDateNoFilter.format(TodayDate)): null

2018-12-10 17:02:44 - [TEST_STEP][PASSED] - Statement - monthContainerMatcher = monthContainerMatcher - 1: null

2018-12-10 17:02:44 - [TEST_STEP][PASSED] - Statement - CurrentMonth = monthContainerMatcher.toString(): null

2018-12-10 17:02:44 - [TEST_STEP][PASSED] - Statement - CurrentMonth = CurrentMonth: null

2018-12-10 17:02:44 - [TEST_STEP][PASSED] - Statement - CurrentDateNoFilter.applyPattern("yyyy"): null

2018-12-10 17:02:44 - [TEST_STEP][PASSED] - Statement - CurrentYear = CurrentDateNoFilter.format(TodayDate): null

2018-12-10 17:02:44 - [TEST_STEP][PASSED] - Statement - CurrentYear = CurrentYear: null

2018-12-10 17:02:44 - [TEST_STEP][PASSED] - Statement - intCurrentYear = java.lang.Integer.parseInt(CurrentDateNoFilter.format(TodayDate)): null

2018-12-10 17:02:44 - [TEST_STEP][PASSED] - Statement - eighteenYrsAgo = intCurrentYear - 18: null

2018-12-10 17:02:44 - [TEST_STEP][PASSED] - Statement - eighteenYrsBeforeThisYr = eighteenYrsAgo.toString(): null

2018-12-10 17:02:44 - [TEST_STEP][PASSED] - Statement - EighteenYrsBefore = eighteenYrsBeforeThisYr: null

2018-12-10 17:02:44 - [TEST_STEP][PASSED] - Statement - fiftysevenYrsAgo = intCurrentYear - 57: null

2018-12-10 17:02:44 - [TEST_STEP][PASSED] - Statement - fiftysevenYrsBeforeThisYr = fiftysevenYrsAgo.toString(): null

2018-12-10 17:02:44 - [TEST_STEP][PASSED] - Statement - FiftysevenYrsBefore = fiftysevenYrsBeforeThisYr: null

2018-12-10 17:02:44 - [TEST_STEP][PASSED] - Statement - leapYear = false: null

2018-12-10 17:02:44 - [TEST_STEP][PASSED] - Statement - leapYear = intCurrentYear % 4 == 0: null

2018-12-10 17:02:44 - [TEST_STEP][PASSED] - Statement - CurrentDateNoFilter.applyPattern("dd"): null

2018-12-10 17:02:44 - [TEST_STEP][PASSED] - Statement - CurrentDate = CurrentDateNoFilter.format(TodayDate): null

2018-12-10 17:02:44 - [TEST_STEP][PASSED] - Statement - CurrentDate = java.lang.Integer.parseInt(CurrentDate): null

2018-12-10 17:02:44 - [TEST_STEP][PASSED] - Statement - CurrentDate = CurrentDate: null

2018-12-10 17:02:44 - [TEST_STEP][PASSED] - Statement - CurrentDay = java.lang.Integer.parseInt(CurrentDate): null

2018-12-10 17:02:44 - [TEST_STEP][PASSED] - Statement - ConfAdder = <not implemented yet for class: org.codehaus.groovy.ast.expr.EmptyExpression>: null

2018-12-10 17:02:44 - [TEST_STEP][PASSED] - Statement - out.println(CurrentMonth): null

2018-12-10 17:02:44 - [TEST_STEP][PASSED] - Statement - out.println(CurrentDate): null

2018-12-10 17:02:44 - [TEST_STEP][PASSED] - Statement - switch (CurrentDate): null

2018-12-10 17:02:44 - [TEST_STEP][PASSED] - Statement - Default: null

2018-12-10 17:02:44 - [TEST_STEP][PASSED] - Statement - ConfAdder = true: null

2018-12-10 17:02:44 - [TEST_STEP][PASSED] - Statement - Break: null

2018-12-10 17:02:44 - [TEST_STEP][PASSED] - Statement - aDayBefore = <not implemented yet for class: org.codehaus.groovy.ast.expr.EmptyExpression>: null

2018-12-10 17:02:44 - [TEST_STEP][PASSED] - Statement - out.println(ConfAdder): null

2018-12-10 17:02:44 - [TEST_STEP][PASSED] - Statement - If (ConfAdder == true): null

2018-12-10 17:02:44 - [TEST_STEP][PASSED] - Statement - aDayBefore = CurrentDay + 1: null

2018-12-10 17:02:44 - [TEST_STEP][PASSED] - Statement - out.println(aDayBefore): null

2018-12-10 17:02:44 - [TEST_STEP][PASSED] - Statement - If (aDayBefore == 1 && CurrentMonth == 11): null

2018-12-10 17:02:44 - [TEST_STEP][PASSED] - Statement - DayBefore = aDayBefore.toString(): null

2018-12-10 17:02:44 - [TEST_STEP][PASSED] - Statement - OneDayBefore = DayBefore: null

2018-12-10 17:02:44 - [MESSAGE][PASSED] - Call Test Case 'Test Cases/Final Aug 2018 - PKS Automation/Registration Module/New Registration/Form 2/Date Updater' successfully

2018-12-10 17:02:44 - [TEST_STEP][PASSED] - delay: Delayed 1 second(s)

2018-12-10 17:02:45 - [MESSAGE][PASSED] - Delayed 1 second(s)

2018-12-10 17:02:45 - [TEST_STEP][PASSED] - Statement - CaseReferenceNo = com.kms.katalon.core.webui.keyword.WebUiBuiltInKeywords.getText(com.kms.katalon.core.testobject.ObjectRepository.findTestObject(Final Object Repo/New Registration - Registration Module Pages/Form 2/RefNo Acquiring)): Text of object 'Object Repository/Final Object Repo/New Registration - Registration Module Pages/Form 2/RefNo Acquiring' is: 'CRN12201800123132'

2018-12-10 17:02:45 - [MESSAGE][PASSED] - Text of object 'Object Repository/Final Object Repo/New Registration - Registration Module Pages/Form 2/RefNo Acquiring' is: 'CRN12201800123132'

2018-12-10 17:02:45 - [TEST_STEP][PASSED] - delay: Delayed 1 second(s)

2018-12-10 17:02:46 - [MESSAGE][PASSED] - Delayed 1 second(s)

2018-12-10 17:02:46 - [TEST_STEP][PASSED] - click: Object: 'Object Repository/Final Object Repo/New Registration - Registration Module Pages/Form 2/Add Employee Button' is clicked on

2018-12-10 17:02:46 - [MESSAGE][PASSED] - Object: 'Object Repository/Final Object Repo/New Registration - Registration Module Pages/Form 2/Add Employee Button' is clicked on

2018-12-10 17:02:46 - [TEST_STEP][PASSED] - delay: Delayed 4 second(s)

2018-12-10 17:02:50 - [MESSAGE][PASSED] - Delayed 4 second(s)

2018-12-10 17:02:50 - [TEST_STEP][PASSED] - setText: Text '010903091927' is set on object 'Object Repository/Final Object Repo/New Registration - Registration Module Pages/Form 2/NRIC Input'

2018-12-10 17:02:50 - [MESSAGE][PASSED] - Text '010903091927' is set on object 'Object Repository/Final Object Repo/New Registration - Registration Module Pages/Form 2/NRIC Input'

2018-12-10 17:02:50 - [TEST_STEP][PASSED] - click: Object: 'Object Repository/Final Object Repo/New Registration - Registration Module Pages/Form 2/button for search for IC' is clicked on

2018-12-10 17:02:51 - [MESSAGE][PASSED] - Object: 'Object Repository/Final Object Repo/New Registration - Registration Module Pages/Form 2/button for search for IC' is clicked on

2018-12-10 17:02:51 - [TEST_STEP][PASSED] - delay: Delayed 2 second(s)

2018-12-10 17:02:53 - [MESSAGE][PASSED] - Delayed 2 second(s)

2018-12-10 17:02:53 - [TEST_STEP][PASSED] - setText: Text 'Automate001 eligible 1' is set on object 'Object Repository/Final Object Repo/New Registration - Registration Module Pages/Form 2/Employee Name Input'

2018-12-10 17:02:53 - [MESSAGE][PASSED] - Text 'Automate001 eligible 1' is set on object 'Object Repository/Final Object Repo/New Registration - Registration Module Pages/Form 2/Employee Name Input'

2018-12-10 17:02:53 - [TEST_STEP][PASSED] - delay: Delayed 2 second(s)

2018-12-10 17:02:55 - [MESSAGE][PASSED] - Delayed 2 second(s)

2018-12-10 17:02:55 - [TEST_STEP][PASSED] - click: Object: 'Object Repository/Final Object Repo/New Registration - Registration Module Pages/Form 2/DatePicker Pop Up' is clicked on

2018-12-10 17:02:55 - [MESSAGE][PASSED] - Object: 'Object Repository/Final Object Repo/New Registration - Registration Module Pages/Form 2/DatePicker Pop Up' is clicked on

2018-12-10 17:02:55 - [TEST_STEP][PASSED] - click: Object: 'Object Repository/Final Object Repo/New Registration - Registration Module Pages/Form 2/DOB Month' is clicked on

2018-12-10 17:02:56 - [MESSAGE][PASSED] - Object: 'Object Repository/Final Object Repo/New Registration - Registration Module Pages/Form 2/DOB Month' is clicked on

2018-12-10 17:02:56 - [TEST_STEP][PASSED] - Statement - CurrentMonth = CurrentMonth: null

2018-12-10 17:02:56 - [TEST_STEP][PASSED] - Statement - selectMonth = new com.kms.katalon.core.testobject.TestObject(): null

2018-12-10 17:02:56 - [TEST_STEP][PASSED] - Statement - selectMonth.addProperty("xpath", EQUALS, "//body/div/div/div/select/option[@value='" + CurrentMonth + "']", true): null

2018-12-10 17:02:56 - [TEST_STEP][PASSED] - click: Object: '' is clicked on

2018-12-10 17:02:56 - [MESSAGE][PASSED] - Object: '' is clicked on

2018-12-10 17:02:56 - [TEST_STEP][PASSED] - click: Object: 'Object Repository/Final Object Repo/New Registration - Registration Module Pages/Form 2/DOB Year' is clicked on

2018-12-10 17:02:56 - [MESSAGE][PASSED] - Object: 'Object Repository/Final Object Repo/New Registration - Registration Module Pages/Form 2/DOB Year' is clicked on

2018-12-10 17:02:56 - [TEST_STEP][PASSED] - Statement - Eyearsbf = EighteenYrsBefore: null

2018-12-10 17:02:56 - [TEST_STEP][PASSED] - Statement - selectYear = new com.kms.katalon.core.testobject.TestObject(): null

2018-12-10 17:02:56 - [TEST_STEP][PASSED] - Statement - selectYear.addProperty("xpath", EQUALS, "//div/div/div/select/option[@value='" + Eyearsbf + "']", true): null

2018-12-10 17:02:56 - [TEST_STEP][PASSED] - click: Object: '' is clicked on

2018-12-10 17:02:56 - [MESSAGE][PASSED] - Object: '' is clicked on

2018-12-10 17:02:56 - [TEST_STEP][PASSED] - Statement - UpdatedSelectDate = com.kms.katalon.core.webui.keyword.WebUiBuiltInKeywords.modifyObjectProperty(com.kms.katalon.core.testobject.ObjectRepository.findTestObject(Final Object Repo/New Registration - Registration Module Pages/Form 2/DOB Date), "xpath", "equals", "//body/div/table/tbody/tr/td/a[text()="" + CurrentDate + ""]", true): Modify property of object successfully

2018-12-10 17:02:56 - [MESSAGE][PASSED] - Modify property of object successfully

2018-12-10 17:02:56 - [TEST_STEP][PASSED] - delay: Delayed 3 second(s)

2018-12-10 17:02:59 - [MESSAGE][PASSED] - Delayed 3 second(s)

2018-12-10 17:02:59 - [TEST_STEP][PASSED] - click: Object: 'Object Repository/Final Object Repo/New Registration - Registration Module Pages/Form 2/DOB Date' is clicked on

2018-12-10 17:02:59 - [MESSAGE][PASSED] - Object: 'Object Repository/Final Object Repo/New Registration - Registration Module Pages/Form 2/DOB Date' is clicked on

2018-12-10 17:02:59 - [TEST_STEP][PASSED] - delay: Delayed 2 second(s)

2018-12-10 17:03:01 - [MESSAGE][PASSED] - Delayed 2 second(s)

2018-12-10 17:03:01 - [TEST_STEP][PASSED] - click: Object: 'Object Repository/Final Object Repo/New Registration - Registration Module Pages/Form 2/EmploymentStartDate Pop Up' is clicked on

2018-12-10 17:03:01 - [MESSAGE][PASSED] - Object: 'Object Repository/Final Object Repo/New Registration - Registration Module Pages/Form 2/EmploymentStartDate Pop Up' is clicked on

2018-12-10 17:03:01 - [TEST_STEP][PASSED] - delay: Delayed 2 second(s)

2018-12-10 17:03:03 - [MESSAGE][PASSED] - Delayed 2 second(s)

2018-12-10 17:03:03 - [TEST_STEP][PASSED] - click: Object: 'Object Repository/Final Object Repo/New Registration - Registration Module Pages/Form 2/Socso Employment StartDate Month' is clicked on

2018-12-10 17:03:03 - [MESSAGE][PASSED] - Object: 'Object Repository/Final Object Repo/New Registration - Registration Module Pages/Form 2/Socso Employment StartDate Month' is clicked on

2018-12-10 17:03:03 - [TEST_STEP][PASSED] - delay: Delayed 1 second(s)

2018-12-10 17:03:04 - [MESSAGE][PASSED] - Delayed 1 second(s)

2018-12-10 17:03:04 - [TEST_STEP][PASSED] - click: Object: 'Object Repository/Final Object Repo/New Registration - Registration Module Pages/Form 2/Select Socso Employement Startdate Month' is clicked on

2018-12-10 17:03:05 - [MESSAGE][PASSED] - Object: 'Object Repository/Final Object Repo/New Registration - Registration Module Pages/Form 2/Select Socso Employement Startdate Month' is clicked on

2018-12-10 17:03:05 - [TEST_STEP][PASSED] - delay: Delayed 2 second(s)

2018-12-10 17:03:07 - [MESSAGE][PASSED] - Delayed 2 second(s)

2018-12-10 17:03:07 - [TEST_STEP][PASSED] - click: Object: 'Object Repository/Final Object Repo/New Registration - Registration Module Pages/Form 2/Socso Employment StartDate Year' is clicked on

2018-12-10 17:03:07 - [MESSAGE][PASSED] - Object: 'Object Repository/Final Object Repo/New Registration - Registration Module Pages/Form 2/Socso Employment StartDate Year' is clicked on

2018-12-10 17:03:07 - [TEST_STEP][PASSED] - delay: Delayed 1 second(s)

2018-12-10 17:03:08 - [MESSAGE][PASSED] - Delayed 1 second(s)

2018-12-10 17:03:08 - [TEST_STEP][PASSED] - click: Object: 'Object Repository/Final Object Repo/New Registration - Registration Module Pages/Form 2/Select Socso Employment Startdate Year' is clicked on

2018-12-10 17:03:08 - [MESSAGE][PASSED] - Object: 'Object Repository/Final Object Repo/New Registration - Registration Module Pages/Form 2/Select Socso Employment Startdate Year' is clicked on

2018-12-10 17:03:08 - [TEST_STEP][PASSED] - delay: Delayed 2 second(s)

2018-12-10 17:03:10 - [MESSAGE][PASSED] - Delayed 2 second(s)

2018-12-10 17:03:10 - [TEST_STEP][PASSED] - click: Object: 'Object Repository/Final Object Repo/New Registration - Registration Module Pages/Form 2/Socso Employment Start Date Day' is clicked on

2018-12-10 17:03:10 - [MESSAGE][PASSED] - Object: 'Object Repository/Final Object Repo/New Registration - Registration Module Pages/Form 2/Socso Employment Start Date Day' is clicked on

2018-12-10 17:03:10 - [TEST_STEP][PASSED] - delay: Delayed 2 second(s)

2018-12-10 17:03:12 - [MESSAGE][PASSED] - Delayed 2 second(s)

2018-12-10 17:03:12 - [TEST_STEP][PASSED] - click: Object: 'Object Repository/Final Object Repo/New Registration - Registration Module Pages/Form 2/Save Button for Add Employee' is clicked on

2018-12-10 17:03:12 - [MESSAGE][PASSED] - Object: 'Object Repository/Final Object Repo/New Registration - Registration Module Pages/Form 2/Save Button for Add Employee' is clicked on

2018-12-10 17:03:12 - [TEST_STEP][PASSED] - delay: Delayed 6 second(s)

2018-12-10 17:03:18 - [MESSAGE][PASSED] - Delayed 6 second(s)

2018-12-10 17:03:18 - [TEST_STEP][PASSED] - click: Object: 'Object Repository/Final Object Repo/New Registration - Registration Module Pages/Form 2/Add Employee Button' is clicked on

2018-12-10 17:03:19 - [MESSAGE][PASSED] - Object: 'Object Repository/Final Object Repo/New Registration - Registration Module Pages/Form 2/Add Employee Button' is clicked on

2018-12-10 17:03:19 - [TEST_STEP][PASSED] - delay: Delayed 4 second(s)

2018-12-10 17:03:23 - [MESSAGE][PASSED] - Delayed 4 second(s)

2018-12-10 17:03:23 - [TEST_STEP][PASSED] - setText: Text '620904059691' is set on object 'Object Repository/Final Object Repo/New Registration - Registration Module Pages/Form 2/NRIC Input'

2018-12-10 17:03:23 - [MESSAGE][PASSED] - Text '620904059691' is set on object 'Object Repository/Final Object Repo/New Registration - Registration Module Pages/Form 2/NRIC Input'

2018-12-10 17:03:23 - [TEST_STEP][PASSED] - click: Object: 'Object Repository/Final Object Repo/New Registration - Registration Module Pages/Form 2/button for search for IC' is clicked on

2018-12-10 17:03:23 - [MESSAGE][PASSED] - Object: 'Object Repository/Final Object Repo/New Registration - Registration Module Pages/Form 2/button for search for IC' is clicked on

2018-12-10 17:03:23 - [TEST_STEP][PASSED] - delay: Delayed 2 second(s)

2018-12-10 17:03:25 - [MESSAGE][PASSED] - Delayed 2 second(s)

2018-12-10 17:03:25 - [TEST_STEP][PASSED] - setText: Text 'Automate001 eligible 2' is set on object 'Object Repository/Final Object Repo/New Registration - Registration Module Pages/Form 2/Employee Name Input'

2018-12-10 17:03:26 - [MESSAGE][PASSED] - Text 'Automate001 eligible 2' is set on object 'Object Repository/Final Object Repo/New Registration - Registration Module Pages/Form 2/Employee Name Input'

2018-12-10 17:03:26 - [TEST_STEP][PASSED] - delay: Delayed 2 second(s)

2018-12-10 17:03:28 - [MESSAGE][PASSED] - Delayed 2 second(s)

2018-12-10 17:03:28 - [TEST_STEP][PASSED] - click: Object: 'Object Repository/Final Object Repo/New Registration - Registration Module Pages/Form 2/DatePicker Pop Up' is clicked on

2018-12-10 17:03:28 - [MESSAGE][PASSED] - Object: 'Object Repository/Final Object Repo/New Registration - Registration Module Pages/Form 2/DatePicker Pop Up' is clicked on

2018-12-10 17:03:28 - [TEST_STEP][PASSED] - delay: Delayed 2 second(s)

2018-12-10 17:03:30 - [MESSAGE][PASSED] - Delayed 2 second(s)

2018-12-10 17:03:30 - [TEST_STEP][PASSED] - click: Object: 'Object Repository/Final Object Repo/New Registration - Registration Module Pages/Form 2/DOB Month' is clicked on

2018-12-10 17:03:30 - [MESSAGE][PASSED] - Object: 'Object Repository/Final Object Repo/New Registration - Registration Module Pages/Form 2/DOB Month' is clicked on

2018-12-10 17:03:30 - [TEST_STEP][PASSED] - Statement - selectMonth = com.kms.katalon.core.webui.keyword.WebUiBuiltInKeywords.modifyObjectProperty(selectMonth, "xpath", "equals", "//body/div/div/div/select/option[@value="" + CurrentMonth + ""]", true): Modify property of object successfully

2018-12-10 17:03:30 - [MESSAGE][PASSED] - Modify property of object successfully

2018-12-10 17:03:30 - [TEST_STEP][PASSED] - click: Object: '' is clicked on

2018-12-10 17:03:30 - [MESSAGE][PASSED] - Object: '' is clicked on

2018-12-10 17:03:30 - [TEST_STEP][PASSED] - click: Object: 'Object Repository/Final Object Repo/New Registration - Registration Module Pages/Form 2/DOB Year' is clicked on

2018-12-10 17:03:30 - [MESSAGE][PASSED] - Object: 'Object Repository/Final Object Repo/New Registration - Registration Module Pages/Form 2/DOB Year' is clicked on

2018-12-10 17:03:30 - [TEST_STEP][PASSED] - Statement - selectYear = com.kms.katalon.core.webui.keyword.WebUiBuiltInKeywords.modifyObjectProperty(selectYear, "xpath", "equals", "//div/div/div/select/option[@value="" + FiftysevenYrsBefore + ""]", true): Modify property of object successfully

2018-12-10 17:03:30 - [MESSAGE][PASSED] - Modify property of object successfully

2018-12-10 17:03:30 - [TEST_STEP][PASSED] - click: Object: '' is clicked on

2018-12-10 17:03:30 - [MESSAGE][PASSED] - Object: '' is clicked on

2018-12-10 17:03:30 - [TEST_STEP][PASSED] - Statement - UpdatedSelectDate = com.kms.katalon.core.webui.keyword.WebUiBuiltInKeywords.modifyObjectProperty(com.kms.katalon.core.testobject.ObjectRepository.findTestObject(Final Object Repo/New Registration - Registration Module Pages/Form 2/DOB Date), "xpath", "equals", "//body/div/table/tbody/tr/td/a[text()="" + OneDayBefore + ""]", true): Modify property of object successfully

2018-12-10 17:03:30 - [MESSAGE][PASSED] - Modify property of object successfully

2018-12-10 17:03:30 - [TEST_STEP][PASSED] - click: Object: 'Object Repository/Final Object Repo/New Registration - Registration Module Pages/Form 2/DOB Date' is clicked on

2018-12-10 17:03:30 - [MESSAGE][PASSED] - Object: 'Object Repository/Final Object Repo/New Registration - Registration Module Pages/Form 2/DOB Date' is clicked on

2018-12-10 17:03:30 - [TEST_STEP][PASSED] - delay: Delayed 2 second(s)

2018-12-10 17:03:32 - [MESSAGE][PASSED] - Delayed 2 second(s)

2018-12-10 17:03:32 - [TEST_STEP][PASSED] - click: Object: 'Object Repository/Final Object Repo/New Registration - Registration Module Pages/Form 2/EmploymentStartDate Pop Up' is clicked on

2018-12-10 17:03:33 - [MESSAGE][PASSED] - Object: 'Object Repository/Final Object Repo/New Registration - Registration Module Pages/Form 2/EmploymentStartDate Pop Up' is clicked on

2018-12-10 17:03:33 - [TEST_STEP][PASSED] - delay: Delayed 2 second(s)

2018-12-10 17:03:35 - [MESSAGE][PASSED] - Delayed 2 second(s)

2018-12-10 17:03:35 - [TEST_STEP][PASSED] - click: Object: 'Object Repository/Final Object Repo/New Registration - Registration Module Pages/Form 2/Socso Employment StartDate Month' is clicked on

2018-12-10 17:03:35 - [MESSAGE][PASSED] - Object: 'Object Repository/Final Object Repo/New Registration - Registration Module Pages/Form 2/Socso Employment StartDate Month' is clicked on

2018-12-10 17:03:35 - [TEST_STEP][PASSED] - delay: Delayed 1 second(s)

2018-12-10 17:03:36 - [MESSAGE][PASSED] - Delayed 1 second(s)

2018-12-10 17:03:36 - [TEST_STEP][PASSED] - click: Object: 'Object Repository/Final Object Repo/New Registration - Registration Module Pages/Form 2/Select Socso Employement Startdate Month' is clicked on

2018-12-10 17:03:36 - [MESSAGE][PASSED] - Object: 'Object Repository/Final Object Repo/New Registration - Registration Module Pages/Form 2/Select Socso Employement Startdate Month' is clicked on

2018-12-10 17:03:36 - [TEST_STEP][PASSED] - delay: Delayed 2 second(s)

2018-12-10 17:03:38 - [MESSAGE][PASSED] - Delayed 2 second(s)

2018-12-10 17:03:38 - [TEST_STEP][PASSED] - click: Object: 'Object Repository/Final Object Repo/New Registration - Registration Module Pages/Form 2/Socso Employment StartDate Year' is clicked on

2018-12-10 17:03:38 - [MESSAGE][PASSED] - Object: 'Object Repository/Final Object Repo/New Registration - Registration Module Pages/Form 2/Socso Employment StartDate Year' is clicked on

2018-12-10 17:03:38 - [TEST_STEP][PASSED] - delay: Delayed 1 second(s)

2018-12-10 17:03:39 - [MESSAGE][PASSED] - Delayed 1 second(s)

2018-12-10 17:03:39 - [TEST_STEP][PASSED] - click: Object: 'Object Repository/Final Object Repo/New Registration - Registration Module Pages/Form 2/Select Socso Employment Startdate Year' is clicked on

2018-12-10 17:03:39 - [MESSAGE][PASSED] - Object: 'Object Repository/Final Object Repo/New Registration - Registration Module Pages/Form 2/Select Socso Employment Startdate Year' is clicked on

2018-12-10 17:03:39 - [TEST_STEP][PASSED] - delay: Delayed 2 second(s)

2018-12-10 17:03:41 - [MESSAGE][PASSED] - Delayed 2 second(s)

2018-12-10 17:03:41 - [TEST_STEP][PASSED] - click: Object: 'Object Repository/Final Object Repo/New Registration - Registration Module Pages/Form 2/Socso Employment Start Date Day' is clicked on

2018-12-10 17:03:42 - [MESSAGE][PASSED] - Object: 'Object Repository/Final Object Repo/New Registration - Registration Module Pages/Form 2/Socso Employment Start Date Day' is clicked on

2018-12-10 17:03:42 - [TEST_STEP][PASSED] - delay: Delayed 2 second(s)

2018-12-10 17:03:44 - [MESSAGE][PASSED] - Delayed 2 second(s)

2018-12-10 17:03:44 - [TEST_STEP][PASSED] - click: Object: 'Object Repository/Final Object Repo/New Registration - Registration Module Pages/Form 2/Save Button for Add Employee' is clicked on

2018-12-10 17:03:44 - [MESSAGE][PASSED] - Object: 'Object Repository/Final Object Repo/New Registration - Registration Module Pages/Form 2/Save Button for Add Employee' is clicked on

2018-12-10 17:03:44 - [TEST_STEP][PASSED] - delay: Delayed 4 second(s)

2018-12-10 17:03:48 - [MESSAGE][PASSED] - Delayed 4 second(s)

2018-12-10 17:03:48 - [TEST_STEP][PASSED] - delay: Delayed 30 second(s)

2018-12-10 17:04:18 - [MESSAGE][PASSED] - Delayed 30 second(s)

2018-12-10 17:04:18 - [TEST_STEP][PASSED] - click: Object: 'Object Repository/Final Object Repo/New Registration - Registration Module Pages/Form 2/Add Employee Button' is clicked on

2018-12-10 17:04:18 - [MESSAGE][PASSED] - Object: 'Object Repository/Final Object Repo/New Registration - Registration Module Pages/Form 2/Add Employee Button' is clicked on

2018-12-10 17:04:18 - [TEST_STEP][PASSED] - delay: Delayed 4 second(s)

2018-12-10 17:04:22 - [MESSAGE][PASSED] - Delayed 4 second(s)

2018-12-10 17:04:22 - [TEST_STEP][PASSED] - setText: Text '000209039145' is set on object 'Object Repository/Final Object Repo/New Registration - Registration Module Pages/Form 2/NRIC Input'

2018-12-10 17:04:22 - [MESSAGE][PASSED] - Text '000209039145' is set on object 'Object Repository/Final Object Repo/New Registration - Registration Module Pages/Form 2/NRIC Input'

2018-12-10 17:04:22 - [TEST_STEP][PASSED] - click: Object: 'Object Repository/Final Object Repo/New Registration - Registration Module Pages/Form 2/button for search for IC' is clicked on

2018-12-10 17:04:22 - [MESSAGE][PASSED] - Object: 'Object Repository/Final Object Repo/New Registration - Registration Module Pages/Form 2/button for search for IC' is clicked on

2018-12-10 17:04:22 - [TEST_STEP][PASSED] - delay: Delayed 2 second(s)

2018-12-10 17:04:24 - [MESSAGE][PASSED] - Delayed 2 second(s)

2018-12-10 17:04:24 - [TEST_STEP][PASSED] - setText: Text 'Automate001 not eligible 1' is set on object 'Object Repository/Final Object Repo/New Registration - Registration Module Pages/Form 2/Employee Name Input'

2018-12-10 17:04:25 - [MESSAGE][PASSED] - Text 'Automate001 not eligible 1' is set on object 'Object Repository/Final Object Repo/New Registration - Registration Module Pages/Form 2/Employee Name Input'

2018-12-10 17:04:25 - [TEST_STEP][PASSED] - delay: Delayed 2 second(s)

2018-12-10 17:04:27 - [MESSAGE][PASSED] - Delayed 2 second(s)

2018-12-10 17:04:27 - [TEST_STEP][PASSED] - click: Object: 'Object Repository/Final Object Repo/New Registration - Registration Module Pages/Form 2/DatePicker Pop Up' is clicked on

2018-12-10 17:04:27 - [MESSAGE][PASSED] - Object: 'Object Repository/Final Object Repo/New Registration - Registration Module Pages/Form 2/DatePicker Pop Up' is clicked on

2018-12-10 17:04:27 - [TEST_STEP][PASSED] - delay: Delayed 2 second(s)

2018-12-10 17:04:29 - [MESSAGE][PASSED] - Delayed 2 second(s)

2018-12-10 17:04:29 - [TEST_STEP][PASSED] - click: Object: 'Object Repository/Final Object Repo/New Registration - Registration Module Pages/Form 2/DOB Month' is clicked on

2018-12-10 17:04:29 - [MESSAGE][PASSED] - Object: 'Object Repository/Final Object Repo/New Registration - Registration Module Pages/Form 2/DOB Month' is clicked on

2018-12-10 17:04:29 - [TEST_STEP][PASSED] - Statement - selectMonth = com.kms.katalon.core.webui.keyword.WebUiBuiltInKeywords.modifyObjectProperty(selectMonth, "xpath", "equals", "//body/div/div/div/select/option[@value="" + CurrentMonth + ""]", true): Modify property of object successfully

2018-12-10 17:04:29 - [MESSAGE][PASSED] - Modify property of object successfully

2018-12-10 17:04:29 - [TEST_STEP][PASSED] - click: Object: '' is clicked on

2018-12-10 17:04:30 - [MESSAGE][PASSED] - Object: '' is clicked on

2018-12-10 17:04:30 - [TEST_STEP][PASSED] - click: Object: 'Object Repository/Final Object Repo/New Registration - Registration Module Pages/Form 2/DOB Year' is clicked on

2018-12-10 17:04:30 - [MESSAGE][PASSED] - Object: 'Object Repository/Final Object Repo/New Registration - Registration Module Pages/Form 2/DOB Year' is clicked on

2018-12-10 17:04:30 - [TEST_STEP][PASSED] - Statement - selectYear = com.kms.katalon.core.webui.keyword.WebUiBuiltInKeywords.modifyObjectProperty(selectYear, "xpath", "equals", "//div/div/div/select/option[@value="" + EighteenYrsBefore + ""]", true): Modify property of object successfully

2018-12-10 17:04:30 - [MESSAGE][PASSED] - Modify property of object successfully

2018-12-10 17:04:30 - [TEST_STEP][PASSED] - click: Object: '' is clicked on

2018-12-10 17:04:30 - [MESSAGE][PASSED] - Object: '' is clicked on

2018-12-10 17:04:30 - [TEST_STEP][PASSED] - Statement - UpdatedSelectDate = com.kms.katalon.core.webui.keyword.WebUiBuiltInKeywords.modifyObjectProperty(com.kms.katalon.core.testobject.ObjectRepository.findTestObject(Final Object Repo/New Registration - Registration Module Pages/Form 2/DOB Date), "xpath", "equals", "//body/div/table/tbody/tr/td/a[text()="" + OneDayBefore + ""]", true): Modify property of object successfully

2018-12-10 17:04:30 - [MESSAGE][PASSED] - Modify property of object successfully

2018-12-10 17:04:30 - [TEST_STEP][PASSED] - click: Object: 'Object Repository/Final Object Repo/New Registration - Registration Module Pages/Form 2/DOB Date' is clicked on

2018-12-10 17:04:30 - [MESSAGE][PASSED] - Object: 'Object Repository/Final Object Repo/New Registration - Registration Module Pages/Form 2/DOB Date' is clicked on

2018-12-10 17:04:30 - [TEST_STEP][PASSED] - delay: Delayed 2 second(s)

2018-12-10 17:04:32 - [MESSAGE][PASSED] - Delayed 2 second(s)

2018-12-10 17:04:32 - [TEST_STEP][PASSED] - click: Object: 'Object Repository/Final Object Repo/New Registration - Registration Module Pages/Form 2/EmploymentStartDate Pop Up' is clicked on

2018-12-10 17:04:32 - [MESSAGE][PASSED] - Object: 'Object Repository/Final Object Repo/New Registration - Registration Module Pages/Form 2/EmploymentStartDate Pop Up' is clicked on

2018-12-10 17:04:32 - [TEST_STEP][PASSED] - delay: Delayed 2 second(s)

2018-12-10 17:04:34 - [MESSAGE][PASSED] - Delayed 2 second(s)

2018-12-10 17:04:34 - [TEST_STEP][PASSED] - click: Object: 'Object Repository/Final Object Repo/New Registration - Registration Module Pages/Form 2/Socso Employment StartDate Month' is clicked on

2018-12-10 17:04:34 - [MESSAGE][PASSED] - Object: 'Object Repository/Final Object Repo/New Registration - Registration Module Pages/Form 2/Socso Employment StartDate Month' is clicked on

2018-12-10 17:04:34 - [TEST_STEP][PASSED] - delay: Delayed 1 second(s)

2018-12-10 17:04:35 - [MESSAGE][PASSED] - Delayed 1 second(s)

2018-12-10 17:04:35 - [TEST_STEP][PASSED] - click: Object: 'Object Repository/Final Object Repo/New Registration - Registration Module Pages/Form 2/Select Socso Employement Startdate Month' is clicked on

2018-12-10 17:04:35 - [MESSAGE][PASSED] - Object: 'Object Repository/Final Object Repo/New Registration - Registration Module Pages/Form 2/Select Socso Employement Startdate Month' is clicked on

2018-12-10 17:04:35 - [TEST_STEP][PASSED] - delay: Delayed 2 second(s)

2018-12-10 17:04:37 - [MESSAGE][PASSED] - Delayed 2 second(s)

2018-12-10 17:04:37 - [TEST_STEP][PASSED] - click: Object: 'Object Repository/Final Object Repo/New Registration - Registration Module Pages/Form 2/Socso Employment StartDate Year' is clicked on

2018-12-10 17:04:38 - [MESSAGE][PASSED] - Object: 'Object Repository/Final Object Repo/New Registration - Registration Module Pages/Form 2/Socso Employment StartDate Year' is clicked on

2018-12-10 17:04:38 - [TEST_STEP][PASSED] - delay: Delayed 1 second(s)

2018-12-10 17:04:39 - [MESSAGE][PASSED] - Delayed 1 second(s)

2018-12-10 17:04:39 - [TEST_STEP][PASSED] - click: Object: 'Object Repository/Final Object Repo/New Registration - Registration Module Pages/Form 2/Select Socso Employment Startdate Year' is clicked on

2018-12-10 17:04:39 - [MESSAGE][PASSED] - Object: 'Object Repository/Final Object Repo/New Registration - Registration Module Pages/Form 2/Select Socso Employment Startdate Year' is clicked on

2018-12-10 17:04:39 - [TEST_STEP][PASSED] - delay: Delayed 2 second(s)

2018-12-10 17:04:41 - [MESSAGE][PASSED] - Delayed 2 second(s)

2018-12-10 17:04:41 - [TEST_STEP][PASSED] - click: Object: 'Object Repository/Final Object Repo/New Registration - Registration Module Pages/Form 2/Socso Employment Start Date Day' is clicked on

2018-12-10 17:04:41 - [MESSAGE][PASSED] - Object: 'Object Repository/Final Object Repo/New Registration - Registration Module Pages/Form 2/Socso Employment Start Date Day' is clicked on

2018-12-10 17:04:41 - [TEST_STEP][PASSED] - delay: Delayed 2 second(s)

2018-12-10 17:04:43 - [MESSAGE][PASSED] - Delayed 2 second(s)

2018-12-10 17:04:43 - [TEST_STEP][PASSED] - click: Object: 'Object Repository/Final Object Repo/New Registration - Registration Module Pages/Form 2/Save Button for Add Employee' is clicked on

2018-12-10 17:04:43 - [MESSAGE][PASSED] - Object: 'Object Repository/Final Object Repo/New Registration - Registration Module Pages/Form 2/Save Button for Add Employee' is clicked on

2018-12-10 17:04:43 - [TEST_STEP][PASSED] - delay: Delayed 6 second(s)

2018-12-10 17:04:49 - [MESSAGE][PASSED] - Delayed 6 second(s)

2018-12-10 17:04:49 - [TEST_STEP][PASSED] - click: Object: 'Object Repository/Final Object Repo/New Registration - Registration Module Pages/Form 2/Add Employee Button' is clicked on

2018-12-10 17:04:49 - [MESSAGE][PASSED] - Object: 'Object Repository/Final Object Repo/New Registration - Registration Module Pages/Form 2/Add Employee Button' is clicked on

2018-12-10 17:04:49 - [TEST_STEP][PASSED] - delay: Delayed 4 second(s)

2018-12-10 17:04:53 - [MESSAGE][PASSED] - Delayed 4 second(s)

2018-12-10 17:04:53 - [TEST_STEP][PASSED] - setText: Text '600203039154' is set on object 'Object Repository/Final Object Repo/New Registration - Registration Module Pages/Form 2/NRIC Input'

2018-12-10 17:04:54 - [MESSAGE][PASSED] - Text '600203039154' is set on object 'Object Repository/Final Object Repo/New Registration - Registration Module Pages/Form 2/NRIC Input'

2018-12-10 17:04:54 - [TEST_STEP][PASSED] - click: Object: 'Object Repository/Final Object Repo/New Registration - Registration Module Pages/Form 2/button for search for IC' is clicked on

2018-12-10 17:04:54 - [MESSAGE][PASSED] - Object: 'Object Repository/Final Object Repo/New Registration - Registration Module Pages/Form 2/button for search for IC' is clicked on

2018-12-10 17:04:54 - [TEST_STEP][PASSED] - delay: Delayed 2 second(s)

2018-12-10 17:04:56 - [MESSAGE][PASSED] - Delayed 2 second(s)

2018-12-10 17:04:56 - [TEST_STEP][PASSED] - setText: Text 'Automate001 not eligible 2' is set on object 'Object Repository/Final Object Repo/New Registration - Registration Module Pages/Form 2/Employee Name Input'

2018-12-10 17:04:56 - [MESSAGE][PASSED] - Text 'Automate001 not eligible 2' is set on object 'Object Repository/Final Object Repo/New Registration - Registration Module Pages/Form 2/Employee Name Input'

2018-12-10 17:04:56 - [TEST_STEP][PASSED] - delay: Delayed 2 second(s)

2018-12-10 17:04:58 - [MESSAGE][PASSED] - Delayed 2 second(s)

2018-12-10 17:04:58 - [TEST_STEP][PASSED] - click: Object: 'Object Repository/Final Object Repo/New Registration - Registration Module Pages/Form 2/DatePicker Pop Up' is clicked on

2018-12-10 17:04:59 - [MESSAGE][PASSED] - Object: 'Object Repository/Final Object Repo/New Registration - Registration Module Pages/Form 2/DatePicker Pop Up' is clicked on

2018-12-10 17:04:59 - [TEST_STEP][PASSED] - delay: Delayed 2 second(s)

2018-12-10 17:05:01 - [MESSAGE][PASSED] - Delayed 2 second(s)

2018-12-10 17:05:01 - [TEST_STEP][PASSED] - click: Object: 'Object Repository/Final Object Repo/New Registration - Registration Module Pages/Form 2/DOB Month' is clicked on

2018-12-10 17:05:01 - [MESSAGE][PASSED] - Object: 'Object Repository/Final Object Repo/New Registration - Registration Module Pages/Form 2/DOB Month' is clicked on

2018-12-10 17:05:01 - [TEST_STEP][PASSED] - Statement - selectMonth = com.kms.katalon.core.webui.keyword.WebUiBuiltInKeywords.modifyObjectProperty(selectMonth, "xpath", "equals", "//body/div/div/div/select/option[@value="" + CurrentMonth + ""]", true): Modify property of object successfully

2018-12-10 17:05:01 - [MESSAGE][PASSED] - Modify property of object successfully

2018-12-10 17:05:01 - [TEST_STEP][PASSED] - click: Object: '' is clicked on

2018-12-10 17:05:01 - [MESSAGE][PASSED] - Object: '' is clicked on

2018-12-10 17:05:01 - [TEST_STEP][PASSED] - click: Object: 'Object Repository/Final Object Repo/New Registration - Registration Module Pages/Form 2/DOB Year' is clicked on

2018-12-10 17:05:01 - [MESSAGE][PASSED] - Object: 'Object Repository/Final Object Repo/New Registration - Registration Module Pages/Form 2/DOB Year' is clicked on

2018-12-10 17:05:01 - [TEST_STEP][PASSED] - Statement - selectYear = com.kms.katalon.core.webui.keyword.WebUiBuiltInKeywords.modifyObjectProperty(selectYear, "xpath", "equals", "//div/div/div/select/option[@value="" + FiftysevenYrsBefore + ""]", true): Modify property of object successfully

2018-12-10 17:05:01 - [MESSAGE][PASSED] - Modify property of object successfully

2018-12-10 17:05:01 - [TEST_STEP][PASSED] - click: Object: '' is clicked on

2018-12-10 17:05:01 - [MESSAGE][PASSED] - Object: '' is clicked on

2018-12-10 17:05:01 - [TEST_STEP][PASSED] - Statement - UpdatedSelectDate = com.kms.katalon.core.webui.keyword.WebUiBuiltInKeywords.modifyObjectProperty(com.kms.katalon.core.testobject.ObjectRepository.findTestObject(Final Object Repo/New Registration - Registration Module Pages/Form 2/DOB Date), "xpath", "equals", "//body/div/table/tbody/tr/td/a[text()="" + CurrentDate + ""]", true): Modify property of object successfully

2018-12-10 17:05:01 - [MESSAGE][PASSED] - Modify property of object successfully

2018-12-10 17:05:01 - [TEST_STEP][PASSED] - click: Object: 'Object Repository/Final Object Repo/New Registration - Registration Module Pages/Form 2/DOB Date' is clicked on

2018-12-10 17:05:01 - [MESSAGE][PASSED] - Object: 'Object Repository/Final Object Repo/New Registration - Registration Module Pages/Form 2/DOB Date' is clicked on

2018-12-10 17:05:01 - [TEST_STEP][PASSED] - click: Object: 'Object Repository/Final Object Repo/New Registration - Registration Module Pages/Form 2/EmploymentStartDate Pop Up' is clicked on

2018-12-10 17:05:02 - [MESSAGE][PASSED] - Object: 'Object Repository/Final Object Repo/New Registration - Registration Module Pages/Form 2/EmploymentStartDate Pop Up' is clicked on

2018-12-10 17:05:02 - [TEST_STEP][PASSED] - delay: Delayed 2 second(s)

2018-12-10 17:05:04 - [MESSAGE][PASSED] - Delayed 2 second(s)

2018-12-10 17:05:04 - [TEST_STEP][PASSED] - click: Object: 'Object Repository/Final Object Repo/New Registration - Registration Module Pages/Form 2/Socso Employment StartDate Month' is clicked on

2018-12-10 17:05:04 - [MESSAGE][PASSED] - Object: 'Object Repository/Final Object Repo/New Registration - Registration Module Pages/Form 2/Socso Employment StartDate Month' is clicked on

2018-12-10 17:05:04 - [TEST_STEP][PASSED] - delay: Delayed 1 second(s)

2018-12-10 17:05:05 - [MESSAGE][PASSED] - Delayed 1 second(s)

2018-12-10 17:05:05 - [TEST_STEP][PASSED] - click: Object: 'Object Repository/Final Object Repo/New Registration - Registration Module Pages/Form 2/Select Socso Employement Startdate Month' is clicked on

2018-12-10 17:05:05 - [MESSAGE][PASSED] - Object: 'Object Repository/Final Object Repo/New Registration - Registration Module Pages/Form 2/Select Socso Employement Startdate Month' is clicked on

2018-12-10 17:05:05 - [TEST_STEP][PASSED] - delay: Delayed 2 second(s)

2018-12-10 17:05:07 - [MESSAGE][PASSED] - Delayed 2 second(s)

2018-12-10 17:05:07 - [TEST_STEP][PASSED] - click: Object: 'Object Repository/Final Object Repo/New Registration - Registration Module Pages/Form 2/Socso Employment StartDate Year' is clicked on

2018-12-10 17:05:07 - [MESSAGE][PASSED] - Object: 'Object Repository/Final Object Repo/New Registration - Registration Module Pages/Form 2/Socso Employment StartDate Year' is clicked on

2018-12-10 17:05:07 - [TEST_STEP][PASSED] - delay: Delayed 1 second(s)

2018-12-10 17:05:08 - [MESSAGE][PASSED] - Delayed 1 second(s)

2018-12-10 17:05:08 - [TEST_STEP][PASSED] - click: Object: 'Object Repository/Final Object Repo/New Registration - Registration Module Pages/Form 2/Select Socso Employment Startdate Year' is clicked on

2018-12-10 17:05:08 - [MESSAGE][PASSED] - Object: 'Object Repository/Final Object Repo/New Registration - Registration Module Pages/Form 2/Select Socso Employment Startdate Year' is clicked on

2018-12-10 17:05:08 - [TEST_STEP][PASSED] - delay: Delayed 2 second(s)

2018-12-10 17:05:10 - [MESSAGE][PASSED] - Delayed 2 second(s)

2018-12-10 17:05:10 - [TEST_STEP][PASSED] - click: Object: 'Object Repository/Final Object Repo/New Registration - Registration Module Pages/Form 2/Socso Employment Start Date Day' is clicked on

2018-12-10 17:05:10 - [MESSAGE][PASSED] - Object: 'Object Repository/Final Object Repo/New Registration - Registration Module Pages/Form 2/Socso Employment Start Date Day' is clicked on

2018-12-10 17:05:10 - [TEST_STEP][PASSED] - delay: Delayed 2 second(s)

2018-12-10 17:05:12 - [MESSAGE][PASSED] - Delayed 2 second(s)

2018-12-10 17:05:12 - [TEST_STEP][PASSED] - click: Object: 'Object Repository/Final Object Repo/New Registration - Registration Module Pages/Form 2/Save Button for Add Employee' is clicked on

2018-12-10 17:05:13 - [MESSAGE][PASSED] - Object: 'Object Repository/Final Object Repo/New Registration - Registration Module Pages/Form 2/Save Button for Add Employee' is clicked on

2018-12-10 17:05:13 - [TEST_STEP][PASSED] - delay: Delayed 2 second(s)

2018-12-10 17:05:15 - [MESSAGE][PASSED] - Delayed 2 second(s)

2018-12-10 17:05:15 - [TEST_STEP][PASSED] - click: Object: 'Object Repository/Final Object Repo/New Registration - Registration Module Pages/Form 2/Save and Continue Form 2' is clicked on

2018-12-10 17:05:15 - [MESSAGE][PASSED] - Object: 'Object Repository/Final Object Repo/New Registration - Registration Module Pages/Form 2/Save and Continue Form 2' is clicked on

2018-12-10 17:05:15 - [MESSAGE][PASSED] - Call Test Case 'Test Cases/Final Aug 2018 - PKS Automation/Registration Module/New Registration/Form 2/Add 2 Eligible 2 Not Eligible' successfully

2018-12-10 17:05:15 - [TEST_STEP][PASSED] - callTestCase: Call Test Case 'Test Cases/Final Aug 2018 - PKS Automation/Registration Module/New Registration/Flow of New Registration/Third Screen - Upload Supporting Doc - Preview' successfully

2018-12-10 17:05:15 - [TEST_CASE][PASSED] - Test Cases/Final Aug 2018 - PKS Automation/Registration Module/New Registration/Flow of New Registration/Third Screen - Upload Supporting Doc - Preview: Test Cases/Final Aug 2018 - PKS Automation/Registration Module/New Registration/Flow of New Registration/Third Screen - Upload Supporting Doc - Preview

2018-12-10 17:05:15 - [TEST_STEP][PASSED] - waitForPageLoad: Wait for page load successfully

2018-12-10 17:05:16 - [MESSAGE][PASSED] - Wait for page load successfully

2018-12-10 17:05:16 - [TEST_STEP][PASSED] - Statement - CaseReferenceNo = com.kms.katalon.core.webui.keyword.WebUiBuiltInKeywords.getText(com.kms.katalon.core.testobject.ObjectRepository.findTestObject(Final Object Repo/New Registration - Registration Module Pages/Third Screen - Upload Supporting Doc- Preview/RefNo Acquiring)): Text of object 'Object Repository/Final Object Repo/New Registration - Registration Module Pages/Third Screen - Upload Supporting Doc- Preview/RefNo Acquiring' is: 'CRN12201800123132'

2018-12-10 17:05:16 - [MESSAGE][PASSED] - Text of object 'Object Repository/Final Object Repo/New Registration - Registration Module Pages/Third Screen - Upload Supporting Doc- Preview/RefNo Acquiring' is: 'CRN12201800123132'

2018-12-10 17:05:16 - [TEST_STEP][PASSED] - delay: Delayed 2 second(s)

2018-12-10 17:05:18 - [MESSAGE][PASSED] - Delayed 2 second(s)

2018-12-10 17:05:18 - [TEST_STEP][PASSED] - callTestCase: Call Test Case 'Test Cases/Final Aug 2018 - PKS Automation/Common/Reference Number Setter' successfully

2018-12-10 17:05:18 - [TEST_CASE][PASSED] - Test Cases/Final Aug 2018 - PKS Automation/Common/Reference Number Setter: Test Cases/Final Aug 2018 - PKS Automation/Common/Reference Number Setter

2018-12-10 17:05:18 - [TEST_STEP][PASSED] - Statement - RefNoOldFile = new java.io.File(C://Users//Admin//Desktop//PKS//Automation Reference Point//KatalonReference.txt): null

2018-12-10 17:05:18 - [TEST_STEP][PASSED] - Statement - RefNoOldFile.delete(): null

2018-12-10 17:05:18 - [TEST_STEP][PASSED] - delay: Delayed 5 second(s)

2018-12-10 17:05:23 - [MESSAGE][PASSED] - Delayed 5 second(s)

2018-12-10 17:05:23 - [TEST_STEP][PASSED] - Statement - RefNo = new java.io.File(C://Users//Admin//Desktop//PKS//Automation Reference Point//KatalonReference.txt): null

2018-12-10 17:05:23 - [TEST_STEP][PASSED] - Statement - f2 = new java.io.FileWriter(RefNo, false): null

2018-12-10 17:05:23 - [TEST_STEP][PASSED] - Statement - f2.write(CaseReferenceNo): null

2018-12-10 17:05:23 - [TEST_STEP][PASSED] - Statement - f2.close(): null

2018-12-10 17:05:23 - [TEST_STEP][PASSED] - Statement - out.println("


" + CaseReferenceNo + "


"): null

2018-12-10 17:05:23 - [MESSAGE][PASSED] - Call Test Case 'Test Cases/Final Aug 2018 - PKS Automation/Common/Reference Number Setter' successfully

2018-12-10 17:05:23 - [TEST_STEP][PASSED] - waitForElementClickable: Object 'Object Repository/Final Object Repo/New Registration - Registration Module Pages/Third Screen - Upload Supporting Doc- Preview/Save n Continue in SIP Employee Listing Page' is clickable

2018-12-10 17:05:23 - [MESSAGE][PASSED] - Object 'Object Repository/Final Object Repo/New Registration - Registration Module Pages/Third Screen - Upload Supporting Doc- Preview/Save n Continue in SIP Employee Listing Page' is clickable

2018-12-10 17:05:23 - [TEST_STEP][PASSED] - click: Object: 'Object Repository/Final Object Repo/New Registration - Registration Module Pages/Third Screen - Upload Supporting Doc- Preview/Save n Continue in SIP Employee Listing Page' is clicked on

2018-12-10 17:05:28 - [MESSAGE][PASSED] - Object: 'Object Repository/Final Object Repo/New Registration - Registration Module Pages/Third Screen - Upload Supporting Doc- Preview/Save n Continue in SIP Employee Listing Page' is clicked on

2018-12-10 17:05:28 - [TEST_STEP][PASSED] - delay: Delayed 7 second(s)

2018-12-10 17:05:35 - [MESSAGE][PASSED] - Delayed 7 second(s)

2018-12-10 17:05:35 - [TEST_STEP][PASSED] - click: Object: 'Object Repository/Final Object Repo/New Registration - Registration Module Pages/Third Screen - Upload Supporting Doc- Preview/Add Document Button' is clicked on

2018-12-10 17:05:35 - [MESSAGE][PASSED] - Object: 'Object Repository/Final Object Repo/New Registration - Registration Module Pages/Third Screen - Upload Supporting Doc- Preview/Add Document Button' is clicked on

2018-12-10 17:05:35 - [TEST_STEP][PASSED] - delay: Delayed 30 second(s)

2018-12-10 17:06:05 - [MESSAGE][PASSED] - Delayed 30 second(s)

2018-12-10 17:06:05 - [TEST_STEP][PASSED] - click: Object: 'Object Repository/Final Object Repo/New Registration - Registration Module Pages/Third Screen - Upload Supporting Doc- Preview/Supporting Doc Please Select Drop Down' is clicked on

2018-12-10 17:06:05 - [MESSAGE][PASSED] - Object: 'Object Repository/Final Object Repo/New Registration - Registration Module Pages/Third Screen - Upload Supporting Doc- Preview/Supporting Doc Please Select Drop Down' is clicked on

2018-12-10 17:06:05 - [TEST_STEP][PASSED] - delay: Delayed 2 second(s)

2018-12-10 17:06:07 - [MESSAGE][PASSED] - Delayed 2 second(s)

2018-12-10 17:06:07 - [TEST_STEP][PASSED] - click: Object: 'Object Repository/Final Object Repo/New Registration - Registration Module Pages/Third Screen - Upload Supporting Doc- Preview/Select to Upload Form 1' is clicked on

2018-12-10 17:06:08 - [MESSAGE][PASSED] - Object: 'Object Repository/Final Object Repo/New Registration - Registration Module Pages/Third Screen - Upload Supporting Doc- Preview/Select to Upload Form 1' is clicked on

2018-12-10 17:06:08 - [TEST_STEP][PASSED] - delay: Delayed 2 second(s)

2018-12-10 17:06:10 - [MESSAGE][PASSED] - Delayed 2 second(s)

2018-12-10 17:06:10 - [TEST_STEP][PASSED] - uploadFile: File 'C:\Users\Public\Pictures\Sample Pictures\Koala.jpg' sent to object: 'Object Repository/Final Object Repo/New Registration - Registration Module Pages/Third Screen - Upload Supporting Doc- Preview/Upload File Adding'

2018-12-10 17:06:10 - [MESSAGE][PASSED] - File 'C:\Users\Public\Pictures\Sample Pictures\Koala.jpg' sent to object: 'Object Repository/Final Object Repo/New Registration - Registration Module Pages/Third Screen - Upload Supporting Doc- Preview/Upload File Adding'

2018-12-10 17:06:10 - [TEST_STEP][PASSED] - delay: Delayed 5 second(s)

2018-12-10 17:06:15 - [MESSAGE][PASSED] - Delayed 5 second(s)

2018-12-10 17:06:15 - [TEST_STEP][PASSED] - click: Object: 'Object Repository/Final Object Repo/New Registration - Registration Module Pages/Third Screen - Upload Supporting Doc- Preview/Inner Form Add Document Button' is clicked on

2018-12-10 17:06:15 - [MESSAGE][PASSED] - Object: 'Object Repository/Final Object Repo/New Registration - Registration Module Pages/Third Screen - Upload Supporting Doc- Preview/Inner Form Add Document Button' is clicked on

2018-12-10 17:06:15 - [TEST_STEP][PASSED] - delay: Delayed 3 second(s)

2018-12-10 17:06:18 - [MESSAGE][PASSED] - Delayed 3 second(s)

2018-12-10 17:06:18 - [TEST_STEP][PASSED] - click: Object: 'Object Repository/Final Object Repo/New Registration - Registration Module Pages/Third Screen - Upload Supporting Doc- Preview/Add Document Button' is clicked on

2018-12-10 17:06:19 - [MESSAGE][PASSED] - Object: 'Object Repository/Final Object Repo/New Registration - Registration Module Pages/Third Screen - Upload Supporting Doc- Preview/Add Document Button' is clicked on

2018-12-10 17:06:19 - [TEST_STEP][PASSED] - delay: Delayed 30 second(s)

2018-12-10 17:06:49 - [MESSAGE][PASSED] - Delayed 30 second(s)

2018-12-10 17:06:49 - [TEST_STEP][PASSED] - click: Object: 'Object Repository/Final Object Repo/New Registration - Registration Module Pages/Third Screen - Upload Supporting Doc- Preview/Supporting Doc Please Select Drop Down' is clicked on

2018-12-10 17:06:49 - [MESSAGE][PASSED] - Object: 'Object Repository/Final Object Repo/New Registration - Registration Module Pages/Third Screen - Upload Supporting Doc- Preview/Supporting Doc Please Select Drop Down' is clicked on

2018-12-10 17:06:49 - [TEST_STEP][PASSED] - delay: Delayed 4 second(s)

2018-12-10 17:06:53 - [MESSAGE][PASSED] - Delayed 4 second(s)

2018-12-10 17:06:53 - [TEST_STEP][PASSED] - click: Object: 'Object Repository/Final Object Repo/New Registration - Registration Module Pages/Third Screen - Upload Supporting Doc- Preview/Select to Upload Form 2' is clicked on

2018-12-10 17:06:53 - [MESSAGE][PASSED] - Object: 'Object Repository/Final Object Repo/New Registration - Registration Module Pages/Third Screen - Upload Supporting Doc- Preview/Select to Upload Form 2' is clicked on

2018-12-10 17:06:53 - [TEST_STEP][PASSED] - delay: Delayed 2 second(s)

2018-12-10 17:06:55 - [MESSAGE][PASSED] - Delayed 2 second(s)

2018-12-10 17:06:55 - [TEST_STEP][PASSED] - uploadFile: File 'C:\Users\Public\Pictures\Sample Pictures\Koala.jpg' sent to object: 'Object Repository/Final Object Repo/New Registration - Registration Module Pages/Third Screen - Upload Supporting Doc- Preview/Upload File Adding'

2018-12-10 17:06:55 - [MESSAGE][PASSED] - File 'C:\Users\Public\Pictures\Sample Pictures\Koala.jpg' sent to object: 'Object Repository/Final Object Repo/New Registration - Registration Module Pages/Third Screen - Upload Supporting Doc- Preview/Upload File Adding'

2018-12-10 17:06:55 - [TEST_STEP][PASSED] - click: Object: 'Object Repository/Final Object Repo/New Registration - Registration Module Pages/Third Screen - Upload Supporting Doc- Preview/Inner Form Add Document Button' is clicked on

2018-12-10 17:06:56 - [MESSAGE][PASSED] - Object: 'Object Repository/Final Object Repo/New Registration - Registration Module Pages/Third Screen - Upload Supporting Doc- Preview/Inner Form Add Document Button' is clicked on

2018-12-10 17:06:56 - [TEST_STEP][PASSED] - delay: Delayed 5 second(s)

2018-12-10 17:07:01 - [MESSAGE][PASSED] - Delayed 5 second(s)

2018-12-10 17:07:01 - [TEST_STEP][PASSED] - click: Object: 'Object Repository/Final Object Repo/New Registration - Registration Module Pages/Third Screen - Upload Supporting Doc- Preview/Add Document Button' is clicked on

2018-12-10 17:07:01 - [MESSAGE][PASSED] - Object: 'Object Repository/Final Object Repo/New Registration - Registration Module Pages/Third Screen - Upload Supporting Doc- Preview/Add Document Button' is clicked on

2018-12-10 17:07:01 - [TEST_STEP][PASSED] - delay: Delayed 30 second(s)

2018-12-10 17:07:31 - [MESSAGE][PASSED] - Delayed 30 second(s)

2018-12-10 17:07:31 - [TEST_STEP][PASSED] - click: Object: 'Object Repository/Final Object Repo/New Registration - Registration Module Pages/Third Screen - Upload Supporting Doc- Preview/Supporting Doc Please Select Drop Down' is clicked on

2018-12-10 17:07:31 - [MESSAGE][PASSED] - Object: 'Object Repository/Final Object Repo/New Registration - Registration Module Pages/Third Screen - Upload Supporting Doc- Preview/Supporting Doc Please Select Drop Down' is clicked on

2018-12-10 17:07:31 - [TEST_STEP][PASSED] - click: Object: 'Object Repository/Final Object Repo/New Registration - Registration Module Pages/Third Screen - Upload Supporting Doc- Preview/Select to Upload Borang SIP 1' is clicked on

2018-12-10 17:07:31 - [MESSAGE][PASSED] - Object: 'Object Repository/Final Object Repo/New Registration - Registration Module Pages/Third Screen - Upload Supporting Doc- Preview/Select to Upload Borang SIP 1' is clicked on

2018-12-10 17:07:31 - [TEST_STEP][PASSED] - delay: Delayed 2 second(s)

2018-12-10 17:07:33 - [MESSAGE][PASSED] - Delayed 2 second(s)

2018-12-10 17:07:33 - [TEST_STEP][PASSED] - uploadFile: File 'C:\Users\Public\Pictures\Sample Pictures\Koala.jpg' sent to object: 'Object Repository/Final Object Repo/New Registration - Registration Module Pages/Third Screen - Upload Supporting Doc- Preview/Upload File Adding'

2018-12-10 17:07:33 - [MESSAGE][PASSED] - File 'C:\Users\Public\Pictures\Sample Pictures\Koala.jpg' sent to object: 'Object Repository/Final Object Repo/New Registration - Registration Module Pages/Third Screen - Upload Supporting Doc- Preview/Upload File Adding'

2018-12-10 17:07:33 - [TEST_STEP][PASSED] - click: Object: 'Object Repository/Final Object Repo/New Registration - Registration Module Pages/Third Screen - Upload Supporting Doc- Preview/Inner Form Add Document Button' is clicked on

2018-12-10 17:07:33 - [MESSAGE][PASSED] - Object: 'Object Repository/Final Object Repo/New Registration - Registration Module Pages/Third Screen - Upload Supporting Doc- Preview/Inner Form Add Document Button' is clicked on

2018-12-10 17:07:33 - [TEST_STEP][PASSED] - delay: Delayed 5 second(s)

2018-12-10 17:07:38 - [MESSAGE][PASSED] - Delayed 5 second(s)

2018-12-10 17:07:38 - [TEST_STEP][PASSED] - click: Object: 'Object Repository/Final Object Repo/New Registration - Registration Module Pages/Third Screen - Upload Supporting Doc- Preview/Add Document Button' is clicked on

2018-12-10 17:07:39 - [MESSAGE][PASSED] - Object: 'Object Repository/Final Object Repo/New Registration - Registration Module Pages/Third Screen - Upload Supporting Doc- Preview/Add Document Button' is clicked on

2018-12-10 17:07:39 - [TEST_STEP][PASSED] - delay: Delayed 30 second(s)

2018-12-10 17:08:09 - [MESSAGE][PASSED] - Delayed 30 second(s)

2018-12-10 17:08:09 - [TEST_STEP][PASSED] - click: Object: 'Object Repository/Final Object Repo/New Registration - Registration Module Pages/Third Screen - Upload Supporting Doc- Preview/Supporting Doc Please Select Drop Down' is clicked on

2018-12-10 17:08:09 - [MESSAGE][PASSED] - Object: 'Object Repository/Final Object Repo/New Registration - Registration Module Pages/Third Screen - Upload Supporting Doc- Preview/Supporting Doc Please Select Drop Down' is clicked on

2018-12-10 17:08:09 - [TEST_STEP][PASSED] - delay: Delayed 3 second(s)

2018-12-10 17:08:12 - [MESSAGE][PASSED] - Delayed 3 second(s)

2018-12-10 17:08:12 - [TEST_STEP][PASSED] - click: Object: 'Object Repository/Final Object Repo/New Registration - Registration Module Pages/Third Screen - Upload Supporting Doc- Preview/Select to Upload Borang SIP 2' is clicked on

2018-12-10 17:08:12 - [MESSAGE][PASSED] - Object: 'Object Repository/Final Object Repo/New Registration - Registration Module Pages/Third Screen - Upload Supporting Doc- Preview/Select to Upload Borang SIP 2' is clicked on

2018-12-10 17:08:12 - [TEST_STEP][PASSED] - delay: Delayed 2 second(s)

2018-12-10 17:08:14 - [MESSAGE][PASSED] - Delayed 2 second(s)

2018-12-10 17:08:14 - [TEST_STEP][PASSED] - uploadFile: File 'C:\Users\Public\Pictures\Sample Pictures\Koala.jpg' sent to object: 'Object Repository/Final Object Repo/New Registration - Registration Module Pages/Third Screen - Upload Supporting Doc- Preview/Upload File Adding'

2018-12-10 17:08:14 - [MESSAGE][PASSED] - File 'C:\Users\Public\Pictures\Sample Pictures\Koala.jpg' sent to object: 'Object Repository/Final Object Repo/New Registration - Registration Module Pages/Third Screen - Upload Supporting Doc- Preview/Upload File Adding'

2018-12-10 17:08:14 - [TEST_STEP][PASSED] - delay: Delayed 5 second(s)

2018-12-10 17:08:19 - [MESSAGE][PASSED] - Delayed 5 second(s)

2018-12-10 17:08:19 - [TEST_STEP][PASSED] - click: Object: 'Object Repository/Final Object Repo/New Registration - Registration Module Pages/Third Screen - Upload Supporting Doc- Preview/Inner Form Add Document Button' is clicked on

2018-12-10 17:08:19 - [MESSAGE][PASSED] - Object: 'Object Repository/Final Object Repo/New Registration - Registration Module Pages/Third Screen - Upload Supporting Doc- Preview/Inner Form Add Document Button' is clicked on

2018-12-10 17:08:19 - [TEST_STEP][PASSED] - delay: Delayed 3 second(s)

2018-12-10 17:08:22 - [MESSAGE][PASSED] - Delayed 3 second(s)

2018-12-10 17:08:22 - [TEST_STEP][PASSED] - waitForElementClickable: Object 'Object Repository/Final Object Repo/New Registration - Registration Module Pages/Third Screen - Upload Supporting Doc- Preview/Save n Continue in Uploading Supporting Doc Page' is clickable

2018-12-10 17:08:23 - [MESSAGE][PASSED] - Object 'Object Repository/Final Object Repo/New Registration - Registration Module Pages/Third Screen - Upload Supporting Doc- Preview/Save n Continue in Uploading Supporting Doc Page' is clickable

2018-12-10 17:08:23 - [TEST_STEP][PASSED] - click: Object: 'Object Repository/Final Object Repo/New Registration - Registration Module Pages/Third Screen - Upload Supporting Doc- Preview/Save n Continue in Uploading Supporting Doc Page' is clicked on

2018-12-10 17:08:24 - [MESSAGE][PASSED] - Object: 'Object Repository/Final Object Repo/New Registration - Registration Module Pages/Third Screen - Upload Supporting Doc- Preview/Save n Continue in Uploading Supporting Doc Page' is clicked on

2018-12-10 17:08:24 - [MESSAGE][PASSED] - Call Test Case 'Test Cases/Final Aug 2018 - PKS Automation/Registration Module/New Registration/Flow of New Registration/Third Screen - Upload Supporting Doc - Preview' successfully

2018-12-10 17:08:24 - [TEST_STEP][PASSED] - callTestCase: Call Test Case 'Test Cases/Final Aug 2018 - PKS Automation/Registration Module/New Registration/Submit and Screenshot/Submit Registration and Screenshot' successfully

2018-12-10 17:08:24 - [TEST_CASE][PASSED] - Test Cases/Final Aug 2018 - PKS Automation/Registration Module/New Registration/Submit and Screenshot/Submit Registration and Screenshot: Test Cases/Final Aug 2018 - PKS Automation/Registration Module/New Registration/Submit and Screenshot/Submit Registration and Screenshot

2018-12-10 17:08:24 - [TEST_STEP][PASSED] - delay: Delayed 6 second(s)

2018-12-10 17:08:30 - [MESSAGE][PASSED] - Delayed 6 second(s)

2018-12-10 17:08:30 - [TEST_STEP][PASSED] - click: Object: 'Object Repository/Final Object Repo/New Registration - Registration Module Pages/Third Screen - Upload Supporting Doc- Preview/Preview Submit Button' is clicked on

2018-12-10 17:08:30 - [MESSAGE][PASSED] - Object: 'Object Repository/Final Object Repo/New Registration - Registration Module Pages/Third Screen - Upload Supporting Doc- Preview/Preview Submit Button' is clicked on

2018-12-10 17:08:30 - [TEST_STEP][PASSED] - delay: Delayed 2 second(s)

2018-12-10 17:08:32 - [MESSAGE][PASSED] - Delayed 2 second(s)

2018-12-10 17:08:32 - [TEST_STEP][PASSED] - click: Object: 'Object Repository/Final Object Repo/New Registration - Registration Module Pages/Third Screen - Upload Supporting Doc- Preview/Preview Submit - Confirm' is clicked on

2018-12-10 17:08:32 - [MESSAGE][PASSED] - Object: 'Object Repository/Final Object Repo/New Registration - Registration Module Pages/Third Screen - Upload Supporting Doc- Preview/Preview Submit - Confirm' is clicked on

2018-12-10 17:08:32 - [TEST_STEP][PASSED] - delay: Delayed 15 second(s)

2018-12-10 17:08:47 - [MESSAGE][PASSED] - Delayed 15 second(s)

2018-12-10 17:08:47 - [TEST_STEP][PASSED] - Statement - driver = com.kms.katalon.core.webui.driver.DriverFactory.getWebDriver(): null

2018-12-10 17:08:47 - [TEST_STEP][PASSED] - Statement - driver.manage().timeouts().implicitlyWait(10, SECONDS): null

2018-12-10 17:08:47 - [TEST_STEP][PASSED] - Statement - PresavePath = KatalonScreenshots: null

2018-12-10 17:08:47 - [TEST_STEP][PASSED] - Statement - pathPrefix = "C:\Users\Public\Pictures\Sample Pictures\Katalon Screenshots\Automate Ending Screen": null

2018-12-10 17:08:47 - [TEST_STEP][PASSED] - Statement - finalPath = <not implemented yet for class: org.codehaus.groovy.ast.expr.EmptyExpression>: null

2018-12-10 17:08:47 - [TEST_STEP][PASSED] - Statement - scrFile = driver.getScreenshotAs(FILE): null

2018-12-10 17:08:48 - [TEST_STEP][PASSED] - Statement - PreSaveFile = new java.io.File(PresavePath): null

2018-12-10 17:08:48 - [TEST_STEP][PASSED] - Statement - counter = 0: null

2018-12-10 17:08:48 - [TEST_STEP][PASSED] - Statement - If (PreSaveFile.exists()): null

2018-12-10 17:08:48 - [TEST_STEP][PASSED] - Statement - While (PreSaveFile.exists()): null

2018-12-10 17:08:48 - [TEST_STEP][PASSED] - Statement - counter = counter + 1: null

2018-12-10 17:08:48 - [TEST_STEP][PASSED] - Statement - PreSaveFile = new java.io.File(((pathPrefix + java.lang.Integer.toString(counter)) + .png)): null

2018-12-10 17:08:48 - [TEST_STEP][PASSED] - Statement - finalPath = pathPrefix + java.lang.Integer.toString(counter) + ".png": null

2018-12-10 17:08:48 - [TEST_STEP][PASSED] - Statement - SaveFile = new java.io.File(finalPath): null

2018-12-10 17:08:48 - [TEST_STEP][PASSED] - Statement - Try: null

2018-12-10 17:08:48 - [TEST_STEP][PASSED] - Statement - org.apache.commons.io.FileUtils.copyFile(scrFile, SaveFile): null

2018-12-10 17:08:48 - [TEST_STEP][PASSED] - Statement - out.println("file kept"): null

2018-12-10 17:08:48 - [TEST_STEP][PASSED] - delay: Delayed 10 second(s)

2018-12-10 17:08:58 - [MESSAGE][PASSED] - Delayed 10 second(s)

2018-12-10 17:08:58 - [MESSAGE][PASSED] - Call Test Case 'Test Cases/Final Aug 2018 - PKS Automation/Registration Module/New Registration/Submit and Screenshot/Submit Registration and Screenshot' successfully]]></system-out>
         <system-err><![CDATA[]]></system-err>
      </testcase>
      <testcase name="Test Cases/Final Aug 2018 - PKS Automation/Registration Module/Critical Path/New Registration/Corporation - Limited Liability" classname="Test Cases/Final Aug 2018 - PKS Automation/Registration Module/Critical Path/New Registration/Corporation - Limited Liability" status="PASSED">
         <system-out><![CDATA[2018-12-10 17:08:58 - [TEST_CASE][PASSED] - Test Cases/Final Aug 2018 - PKS Automation/Registration Module/Critical Path/New Registration/Corporation - Limited Liability: Test Cases/Final Aug 2018 - PKS Automation/Registration Module/Critical Path/New Registration/Corporation - Limited Liability

2018-12-10 17:08:58 - [TEST_STEP][PASSED] - callTestCase: Call Test Case 'Test Cases/Final Aug 2018 - PKS Automation/Registration Module/New Registration/Form 1/Form 1 - Corporation - Limited Liability' successfully

2018-12-10 17:08:58 - [TEST_CASE][PASSED] - Test Cases/Final Aug 2018 - PKS Automation/Registration Module/New Registration/Form 1/Form 1 - Corporation - Limited Liability: Test Cases/Final Aug 2018 - PKS Automation/Registration Module/New Registration/Form 1/Form 1 - Corporation - Limited Liability

2018-12-10 17:08:58 - [TEST_STEP][PASSED] - openBrowser: Browser is opened with url: ''

2018-12-10 17:08:58 - [MESSAGE][WARNING] - A browser is already opened. Closing browser and opening a new one

2018-12-10 17:09:02 - [MESSAGE][PASSED] - Browser is opened with url: ''

2018-12-10 17:09:02 - [TEST_STEP][PASSED] - navigateToUrl: Navigate to 'https://assist2-uat.perkeso.gov.my/login' successfully

2018-12-10 17:09:03 - [MESSAGE][PASSED] - Navigate to 'https://assist2-uat.perkeso.gov.my/login' successfully

2018-12-10 17:09:03 - [TEST_STEP][PASSED] - setText: Text 'johorotc1@gmail.com' is set on object 'Object Repository/Final Object Repo/Login Page/Internal User/Email Address'

2018-12-10 17:09:03 - [MESSAGE][PASSED] - Text 'johorotc1@gmail.com' is set on object 'Object Repository/Final Object Repo/Login Page/Internal User/Email Address'

2018-12-10 17:09:03 - [TEST_STEP][PASSED] - click: Object: 'Object Repository/Final Object Repo/Login Page/Internal User/Next Button' is clicked on

2018-12-10 17:09:03 - [MESSAGE][PASSED] - Object: 'Object Repository/Final Object Repo/Login Page/Internal User/Next Button' is clicked on

2018-12-10 17:09:03 - [TEST_STEP][PASSED] - delay: Delayed 1 second(s)

2018-12-10 17:09:04 - [MESSAGE][PASSED] - Delayed 1 second(s)

2018-12-10 17:09:04 - [TEST_STEP][PASSED] - setEncryptedText: Text ****** has been set on object 'Object Repository/Final Object Repo/Login Page/Internal User/Password'

2018-12-10 17:09:05 - [MESSAGE][PASSED] - Text ****** has been set on object 'Object Repository/Final Object Repo/Login Page/Internal User/Password'

2018-12-10 17:09:05 - [TEST_STEP][PASSED] - click: Object: 'Object Repository/Final Object Repo/Login Page/Internal User/Login Button' is clicked on

2018-12-10 17:09:05 - [MESSAGE][PASSED] - Object: 'Object Repository/Final Object Repo/Login Page/Internal User/Login Button' is clicked on

2018-12-10 17:09:05 - [TEST_STEP][PASSED] - delay: Delayed 1 second(s)

2018-12-10 17:09:06 - [MESSAGE][PASSED] - Delayed 1 second(s)

2018-12-10 17:09:06 - [TEST_STEP][PASSED] - Statement - Try: Delayed 2 second(s)

2018-12-10 17:09:06 - [TEST_STEP][PASSED] - Statement - Checker = false: null

2018-12-10 17:09:06 - [TEST_STEP][PASSED] - Statement - Checker = com.kms.katalon.core.webui.keyword.WebUiBuiltInKeywords.verifyElementHasAttribute(com.kms.katalon.core.testobject.ObjectRepository.findTestObject(Final Object Repo/Landing Page/BM Detecting), "href", 20, OPTIONAL): Object 'Object Repository/Final Object Repo/Landing Page/BM Detecting' has attribute 'href'

2018-12-10 17:09:07 - [MESSAGE][PASSED] - Object 'Object Repository/Final Object Repo/Landing Page/BM Detecting' has attribute 'href'

2018-12-10 17:09:07 - [TEST_STEP][PASSED] - Statement - out.println(Checker): null

2018-12-10 17:09:07 - [TEST_STEP][PASSED] - Statement - If (Checker == false): null

2018-12-10 17:09:07 - [TEST_STEP][PASSED] - Statement - Else: null

2018-12-10 17:09:07 - [TEST_STEP][PASSED] - delay: Delayed 2 second(s)

2018-12-10 17:09:09 - [MESSAGE][PASSED] - Delayed 2 second(s)

2018-12-10 17:09:09 - [TEST_STEP][PASSED] - navigateToUrl: Navigate to 'https://assist2-uat.perkeso.gov.my/web/registration/registration' successfully

2018-12-10 17:09:10 - [MESSAGE][PASSED] - Navigate to 'https://assist2-uat.perkeso.gov.my/web/registration/registration' successfully

2018-12-10 17:09:10 - [TEST_STEP][PASSED] - click: Object: 'Object Repository/Final Object Repo/New Registration - Registration Module Pages/Form 1/AEC - No' is clicked on

2018-12-10 17:09:10 - [MESSAGE][PASSED] - Object: 'Object Repository/Final Object Repo/New Registration - Registration Module Pages/Form 1/AEC - No' is clicked on

2018-12-10 17:09:10 - [TEST_STEP][PASSED] - click: Object: 'Object Repository/Final Object Repo/New Registration - Registration Module Pages/Form 1/Business Entity' is clicked on

2018-12-10 17:09:10 - [MESSAGE][PASSED] - Object: 'Object Repository/Final Object Repo/New Registration - Registration Module Pages/Form 1/Business Entity' is clicked on

2018-12-10 17:09:10 - [TEST_STEP][PASSED] - click: Object: 'Object Repository/Final Object Repo/New Registration - Registration Module Pages/Form 1/Businees Entity - Corporation' is clicked on

2018-12-10 17:09:11 - [MESSAGE][PASSED] - Object: 'Object Repository/Final Object Repo/New Registration - Registration Module Pages/Form 1/Businees Entity - Corporation' is clicked on

2018-12-10 17:09:11 - [TEST_STEP][PASSED] - delay: Delayed 1 second(s)

2018-12-10 17:09:12 - [MESSAGE][PASSED] - Delayed 1 second(s)

2018-12-10 17:09:12 - [TEST_STEP][PASSED] - click: Object: 'Object Repository/Final Object Repo/New Registration - Registration Module Pages/Form 1/Sub Business Entity' is clicked on

2018-12-10 17:09:12 - [MESSAGE][PASSED] - Object: 'Object Repository/Final Object Repo/New Registration - Registration Module Pages/Form 1/Sub Business Entity' is clicked on

2018-12-10 17:09:12 - [TEST_STEP][PASSED] - click: Object: 'Object Repository/Final Object Repo/New Registration - Registration Module Pages/Form 1/Sub Business Entity - LLP' is clicked on

2018-12-10 17:09:12 - [MESSAGE][PASSED] - Object: 'Object Repository/Final Object Repo/New Registration - Registration Module Pages/Form 1/Sub Business Entity - LLP' is clicked on

2018-12-10 17:09:12 - [TEST_STEP][PASSED] - delay: Delayed 1 second(s)

2018-12-10 17:09:13 - [MESSAGE][PASSED] - Delayed 1 second(s)

2018-12-10 17:09:13 - [TEST_STEP][PASSED] - setText: Text '123' is set on object 'Object Repository/Final Object Repo/New Registration - Registration Module Pages/Form 1/Registration Number'

2018-12-10 17:09:13 - [MESSAGE][PASSED] - Text '123' is set on object 'Object Repository/Final Object Repo/New Registration - Registration Module Pages/Form 1/Registration Number'

2018-12-10 17:09:13 - [TEST_STEP][PASSED] - click: Object: 'Object Repository/Final Object Repo/New Registration - Registration Module Pages/Form 1/Registred with SSM - Before Feb' is clicked on

2018-12-10 17:09:14 - [MESSAGE][PASSED] - Object: 'Object Repository/Final Object Repo/New Registration - Registration Module Pages/Form 1/Registred with SSM - Before Feb' is clicked on

2018-12-10 17:09:14 - [TEST_STEP][PASSED] - click: Object: 'Object Repository/Final Object Repo/New Registration - Registration Module Pages/Form 1/Registered As a Branch - Yes' is clicked on

2018-12-10 17:09:14 - [MESSAGE][PASSED] - Object: 'Object Repository/Final Object Repo/New Registration - Registration Module Pages/Form 1/Registered As a Branch - Yes' is clicked on

2018-12-10 17:09:14 - [TEST_STEP][PASSED] - click: Object: 'Object Repository/Final Object Repo/New Registration - Registration Module Pages/Form 1/Acknowledgement' is clicked on

2018-12-10 17:09:14 - [MESSAGE][PASSED] - Object: 'Object Repository/Final Object Repo/New Registration - Registration Module Pages/Form 1/Acknowledgement' is clicked on

2018-12-10 17:09:14 - [TEST_STEP][PASSED] - setText: Text 'perkeso' is set on object 'Object Repository/Final Object Repo/New Registration - Registration Module Pages/Form 1/Industry name'

2018-12-10 17:09:14 - [MESSAGE][PASSED] - Text 'perkeso' is set on object 'Object Repository/Final Object Repo/New Registration - Registration Module Pages/Form 1/Industry name'

2018-12-10 17:09:14 - [TEST_STEP][PASSED] - setText: Text 'perkeso1' is set on object 'Object Repository/Final Object Repo/New Registration - Registration Module Pages/Form 1/Postal Address1'

2018-12-10 17:09:15 - [MESSAGE][PASSED] - Text 'perkeso1' is set on object 'Object Repository/Final Object Repo/New Registration - Registration Module Pages/Form 1/Postal Address1'

2018-12-10 17:09:15 - [TEST_STEP][PASSED] - setText: Text 'perkeso2' is set on object 'Object Repository/Final Object Repo/New Registration - Registration Module Pages/Form 1/Postal Address2'

2018-12-10 17:09:15 - [MESSAGE][PASSED] - Text 'perkeso2' is set on object 'Object Repository/Final Object Repo/New Registration - Registration Module Pages/Form 1/Postal Address2'

2018-12-10 17:09:15 - [TEST_STEP][PASSED] - setText: Text 'perkeso3' is set on object 'Object Repository/Final Object Repo/New Registration - Registration Module Pages/Form 1/Postal Address3'

2018-12-10 17:09:15 - [MESSAGE][PASSED] - Text 'perkeso3' is set on object 'Object Repository/Final Object Repo/New Registration - Registration Module Pages/Form 1/Postal Address3'

2018-12-10 17:09:15 - [TEST_STEP][PASSED] - click: Object: 'Object Repository/Final Object Repo/New Registration - Registration Module Pages/Form 1/State' is clicked on

2018-12-10 17:09:16 - [MESSAGE][PASSED] - Object: 'Object Repository/Final Object Repo/New Registration - Registration Module Pages/Form 1/State' is clicked on

2018-12-10 17:09:16 - [TEST_STEP][PASSED] - click: Object: 'Object Repository/Final Object Repo/New Registration - Registration Module Pages/Form 1/State - Johor' is clicked on

2018-12-10 17:09:16 - [MESSAGE][PASSED] - Object: 'Object Repository/Final Object Repo/New Registration - Registration Module Pages/Form 1/State - Johor' is clicked on

2018-12-10 17:09:16 - [TEST_STEP][PASSED] - delay: Delayed 1 second(s)

2018-12-10 17:09:17 - [MESSAGE][PASSED] - Delayed 1 second(s)

2018-12-10 17:09:17 - [TEST_STEP][PASSED] - click: Object: 'Object Repository/Final Object Repo/New Registration - Registration Module Pages/Form 1/City' is clicked on

2018-12-10 17:09:17 - [MESSAGE][PASSED] - Object: 'Object Repository/Final Object Repo/New Registration - Registration Module Pages/Form 1/City' is clicked on

2018-12-10 17:09:17 - [TEST_STEP][PASSED] - setText: Text 'joh' is set on object 'Object Repository/Final Object Repo/New Registration - Registration Module Pages/Form 1/Postcode - 810'

2018-12-10 17:09:17 - [MESSAGE][PASSED] - Text 'joh' is set on object 'Object Repository/Final Object Repo/New Registration - Registration Module Pages/Form 1/Postcode - 810'

2018-12-10 17:09:17 - [TEST_STEP][PASSED] - delay: Delayed 1 second(s)

2018-12-10 17:09:18 - [MESSAGE][PASSED] - Delayed 1 second(s)

2018-12-10 17:09:18 - [TEST_STEP][PASSED] - click: Object: 'Object Repository/Final Object Repo/New Registration - Registration Module Pages/Form 1/City - Johor Bharu' is clicked on

2018-12-10 17:09:18 - [MESSAGE][PASSED] - Object: 'Object Repository/Final Object Repo/New Registration - Registration Module Pages/Form 1/City - Johor Bharu' is clicked on

2018-12-10 17:09:18 - [TEST_STEP][PASSED] - delay: Delayed 1 second(s)

2018-12-10 17:09:19 - [MESSAGE][PASSED] - Delayed 1 second(s)

2018-12-10 17:09:19 - [TEST_STEP][PASSED] - click: Object: 'Object Repository/Final Object Repo/New Registration - Registration Module Pages/Form 1/Postcode' is clicked on

2018-12-10 17:09:20 - [MESSAGE][PASSED] - Object: 'Object Repository/Final Object Repo/New Registration - Registration Module Pages/Form 1/Postcode' is clicked on

2018-12-10 17:09:20 - [TEST_STEP][PASSED] - delay: Delayed 1 second(s)

2018-12-10 17:09:21 - [MESSAGE][PASSED] - Delayed 1 second(s)

2018-12-10 17:09:21 - [TEST_STEP][PASSED] - setText: Text '810' is set on object 'Object Repository/Final Object Repo/New Registration - Registration Module Pages/Form 1/Postcode - 810'

2018-12-10 17:09:21 - [MESSAGE][PASSED] - Text '810' is set on object 'Object Repository/Final Object Repo/New Registration - Registration Module Pages/Form 1/Postcode - 810'

2018-12-10 17:09:21 - [TEST_STEP][PASSED] - delay: Delayed 1 second(s)

2018-12-10 17:09:22 - [MESSAGE][PASSED] - Delayed 1 second(s)

2018-12-10 17:09:22 - [TEST_STEP][PASSED] - click: Object: 'Object Repository/Final Object Repo/New Registration - Registration Module Pages/Form 1/Postcode - 81000' is clicked on

2018-12-10 17:09:22 - [MESSAGE][PASSED] - Object: 'Object Repository/Final Object Repo/New Registration - Registration Module Pages/Form 1/Postcode - 81000' is clicked on

2018-12-10 17:09:22 - [TEST_STEP][PASSED] - delay: Delayed 1 second(s)

2018-12-10 17:09:23 - [MESSAGE][PASSED] - Delayed 1 second(s)

2018-12-10 17:09:23 - [TEST_STEP][PASSED] - setText: Text '100' is set on object 'Object Repository/Final Object Repo/New Registration - Registration Module Pages/Form 1/P.O.BOX'

2018-12-10 17:09:23 - [MESSAGE][PASSED] - Text '100' is set on object 'Object Repository/Final Object Repo/New Registration - Registration Module Pages/Form 1/P.O.BOX'

2018-12-10 17:09:23 - [TEST_STEP][PASSED] - setText: Text '100' is set on object 'Object Repository/Final Object Repo/New Registration - Registration Module Pages/Form 1/Locked Bag No'

2018-12-10 17:09:24 - [MESSAGE][PASSED] - Text '100' is set on object 'Object Repository/Final Object Repo/New Registration - Registration Module Pages/Form 1/Locked Bag No'

2018-12-10 17:09:24 - [TEST_STEP][PASSED] - click: Object: 'Object Repository/Final Object Repo/New Registration - Registration Module Pages/Form 1/SOCSO Office Location' is clicked on

2018-12-10 17:09:24 - [MESSAGE][PASSED] - Object: 'Object Repository/Final Object Repo/New Registration - Registration Module Pages/Form 1/SOCSO Office Location' is clicked on

2018-12-10 17:09:24 - [TEST_STEP][PASSED] - click: Object: 'Object Repository/Final Object Repo/New Registration - Registration Module Pages/Form 1/SOCSO Office Location - Pejabat PERKESO Negeri Johor' is clicked on

2018-12-10 17:09:24 - [MESSAGE][PASSED] - Object: 'Object Repository/Final Object Repo/New Registration - Registration Module Pages/Form 1/SOCSO Office Location - Pejabat PERKESO Negeri Johor' is clicked on

2018-12-10 17:09:24 - [TEST_STEP][PASSED] - delay: Delayed 1 second(s)

2018-12-10 17:09:25 - [MESSAGE][PASSED] - Delayed 1 second(s)

2018-12-10 17:09:25 - [TEST_STEP][PASSED] - check: Object 'Object Repository/Final Object Repo/New Registration - Registration Module Pages/Form 1/Indusrty Address Same As Postal Address' is checked

2018-12-10 17:09:25 - [MESSAGE][PASSED] - Object 'Object Repository/Final Object Repo/New Registration - Registration Module Pages/Form 1/Indusrty Address Same As Postal Address' is checked

2018-12-10 17:09:25 - [TEST_STEP][PASSED] - delay: Delayed 3 second(s)

2018-12-10 17:09:28 - [MESSAGE][PASSED] - Delayed 3 second(s)

2018-12-10 17:09:28 - [TEST_STEP][PASSED] - click: Object: 'Object Repository/Final Object Repo/New Registration - Registration Module Pages/Form 1/Indusry Address Same As Postal Address False' is clicked on

2018-12-10 17:09:28 - [MESSAGE][PASSED] - Object: 'Object Repository/Final Object Repo/New Registration - Registration Module Pages/Form 1/Indusry Address Same As Postal Address False' is clicked on

2018-12-10 17:09:28 - [TEST_STEP][PASSED] - delay: Delayed 1 second(s)

2018-12-10 17:09:29 - [MESSAGE][PASSED] - Delayed 1 second(s)

2018-12-10 17:09:29 - [TEST_STEP][PASSED] - setText: Text 'perkeso1' is set on object 'Object Repository/Final Object Repo/New Registration - Registration Module Pages/Form 1/Industry Address1'

2018-12-10 17:09:30 - [MESSAGE][PASSED] - Text 'perkeso1' is set on object 'Object Repository/Final Object Repo/New Registration - Registration Module Pages/Form 1/Industry Address1'

2018-12-10 17:09:30 - [TEST_STEP][PASSED] - setText: Text 'perkeso2' is set on object 'Object Repository/Final Object Repo/New Registration - Registration Module Pages/Form 1/Industry Address2'

2018-12-10 17:09:30 - [MESSAGE][PASSED] - Text 'perkeso2' is set on object 'Object Repository/Final Object Repo/New Registration - Registration Module Pages/Form 1/Industry Address2'

2018-12-10 17:09:30 - [TEST_STEP][PASSED] - setText: Text 'perkeso3' is set on object 'Object Repository/Final Object Repo/New Registration - Registration Module Pages/Form 1/Industry Address3'

2018-12-10 17:09:31 - [MESSAGE][PASSED] - Text 'perkeso3' is set on object 'Object Repository/Final Object Repo/New Registration - Registration Module Pages/Form 1/Industry Address3'

2018-12-10 17:09:31 - [TEST_STEP][PASSED] - click: Object: 'Object Repository/Final Object Repo/New Registration - Registration Module Pages/Form 1/Industry State' is clicked on

2018-12-10 17:09:31 - [MESSAGE][PASSED] - Object: 'Object Repository/Final Object Repo/New Registration - Registration Module Pages/Form 1/Industry State' is clicked on

2018-12-10 17:09:31 - [TEST_STEP][PASSED] - delay: Delayed 2 second(s)

2018-12-10 17:09:33 - [MESSAGE][PASSED] - Delayed 2 second(s)

2018-12-10 17:09:33 - [TEST_STEP][PASSED] - click: Object: 'Object Repository/Final Object Repo/New Registration - Registration Module Pages/Form 1/Industry State - Johor' is clicked on

2018-12-10 17:09:33 - [MESSAGE][PASSED] - Object: 'Object Repository/Final Object Repo/New Registration - Registration Module Pages/Form 1/Industry State - Johor' is clicked on

2018-12-10 17:09:33 - [TEST_STEP][PASSED] - delay: Delayed 2 second(s)

2018-12-10 17:09:35 - [MESSAGE][PASSED] - Delayed 2 second(s)

2018-12-10 17:09:35 - [TEST_STEP][PASSED] - click: Object: 'Object Repository/Final Object Repo/New Registration - Registration Module Pages/Form 1/Industry Ciry' is clicked on

2018-12-10 17:09:35 - [MESSAGE][PASSED] - Object: 'Object Repository/Final Object Repo/New Registration - Registration Module Pages/Form 1/Industry Ciry' is clicked on

2018-12-10 17:09:35 - [TEST_STEP][PASSED] - setText: Text 'joh' is set on object 'Object Repository/Final Object Repo/New Registration - Registration Module Pages/Form 1/Industry Ciry - joh'

2018-12-10 17:09:35 - [MESSAGE][PASSED] - Text 'joh' is set on object 'Object Repository/Final Object Repo/New Registration - Registration Module Pages/Form 1/Industry Ciry - joh'

2018-12-10 17:09:35 - [TEST_STEP][PASSED] - delay: Delayed 2 second(s)

2018-12-10 17:09:37 - [MESSAGE][PASSED] - Delayed 2 second(s)

2018-12-10 17:09:37 - [TEST_STEP][PASSED] - click: Object: 'Object Repository/Final Object Repo/New Registration - Registration Module Pages/Form 1/Industy State - Johor Bharu' is clicked on

2018-12-10 17:09:38 - [MESSAGE][PASSED] - Object: 'Object Repository/Final Object Repo/New Registration - Registration Module Pages/Form 1/Industy State - Johor Bharu' is clicked on

2018-12-10 17:09:38 - [TEST_STEP][PASSED] - delay: Delayed 1 second(s)

2018-12-10 17:09:39 - [MESSAGE][PASSED] - Delayed 1 second(s)

2018-12-10 17:09:39 - [TEST_STEP][PASSED] - click: Object: 'Object Repository/Final Object Repo/New Registration - Registration Module Pages/Form 1/Indusry PostCode' is clicked on

2018-12-10 17:09:39 - [MESSAGE][PASSED] - Object: 'Object Repository/Final Object Repo/New Registration - Registration Module Pages/Form 1/Indusry PostCode' is clicked on

2018-12-10 17:09:39 - [TEST_STEP][PASSED] - delay: Delayed 1 second(s)

2018-12-10 17:09:40 - [MESSAGE][PASSED] - Delayed 1 second(s)

2018-12-10 17:09:40 - [TEST_STEP][PASSED] - setText: Text '810' is set on object 'Object Repository/Final Object Repo/New Registration - Registration Module Pages/Form 1/Insutry Post Code - 810'

2018-12-10 17:09:40 - [MESSAGE][PASSED] - Text '810' is set on object 'Object Repository/Final Object Repo/New Registration - Registration Module Pages/Form 1/Insutry Post Code - 810'

2018-12-10 17:09:40 - [TEST_STEP][PASSED] - delay: Delayed 1 second(s)

2018-12-10 17:09:41 - [MESSAGE][PASSED] - Delayed 1 second(s)

2018-12-10 17:09:41 - [TEST_STEP][PASSED] - click: Object: 'Object Repository/Final Object Repo/New Registration - Registration Module Pages/Form 1/Insutry Post Code - 81000' is clicked on

2018-12-10 17:09:41 - [MESSAGE][PASSED] - Object: 'Object Repository/Final Object Repo/New Registration - Registration Module Pages/Form 1/Insutry Post Code - 81000' is clicked on

2018-12-10 17:09:41 - [TEST_STEP][PASSED] - delay: Delayed 1 second(s)

2018-12-10 17:09:42 - [MESSAGE][PASSED] - Delayed 1 second(s)

2018-12-10 17:09:42 - [TEST_STEP][PASSED] - setText: Text '100' is set on object 'Object Repository/Final Object Repo/New Registration - Registration Module Pages/Form 1/Industry P.O.BOX'

2018-12-10 17:09:42 - [MESSAGE][PASSED] - Text '100' is set on object 'Object Repository/Final Object Repo/New Registration - Registration Module Pages/Form 1/Industry P.O.BOX'

2018-12-10 17:09:42 - [TEST_STEP][PASSED] - setText: Text '100' is set on object 'Object Repository/Final Object Repo/New Registration - Registration Module Pages/Form 1/Industry Locked Bag No'

2018-12-10 17:09:43 - [MESSAGE][PASSED] - Text '100' is set on object 'Object Repository/Final Object Repo/New Registration - Registration Module Pages/Form 1/Industry Locked Bag No'

2018-12-10 17:09:43 - [TEST_STEP][PASSED] - setText: Text '123456789' is set on object 'Object Repository/Final Object Repo/New Registration - Registration Module Pages/Form 1/Telephone No'

2018-12-10 17:09:43 - [MESSAGE][PASSED] - Text '123456789' is set on object 'Object Repository/Final Object Repo/New Registration - Registration Module Pages/Form 1/Telephone No'

2018-12-10 17:09:43 - [TEST_STEP][PASSED] - setText: Text '123456789' is set on object 'Object Repository/Final Object Repo/New Registration - Registration Module Pages/Form 1/Mobile No'

2018-12-10 17:09:44 - [MESSAGE][PASSED] - Text '123456789' is set on object 'Object Repository/Final Object Repo/New Registration - Registration Module Pages/Form 1/Mobile No'

2018-12-10 17:09:44 - [TEST_STEP][PASSED] - setText: Text '123456789' is set on object 'Object Repository/Final Object Repo/New Registration - Registration Module Pages/Form 1/Fax No'

2018-12-10 17:09:44 - [MESSAGE][PASSED] - Text '123456789' is set on object 'Object Repository/Final Object Repo/New Registration - Registration Module Pages/Form 1/Fax No'

2018-12-10 17:09:44 - [TEST_STEP][PASSED] - click: Object: 'Object Repository/Final Object Repo/New Registration - Registration Module Pages/Form 1/Industry Code' is clicked on

2018-12-10 17:09:44 - [MESSAGE][PASSED] - Object: 'Object Repository/Final Object Repo/New Registration - Registration Module Pages/Form 1/Industry Code' is clicked on

2018-12-10 17:09:44 - [TEST_STEP][PASSED] - click: Object: 'Object Repository/Final Object Repo/New Registration - Registration Module Pages/Form 1/Indudustry Code - Crops and Animal' is clicked on

2018-12-10 17:09:45 - [MESSAGE][PASSED] - Object: 'Object Repository/Final Object Repo/New Registration - Registration Module Pages/Form 1/Indudustry Code - Crops and Animal' is clicked on

2018-12-10 17:09:45 - [TEST_STEP][PASSED] - delay: Delayed 1 second(s)

2018-12-10 17:09:46 - [MESSAGE][PASSED] - Delayed 1 second(s)

2018-12-10 17:09:46 - [TEST_STEP][PASSED] - click: Object: 'Object Repository/Final Object Repo/New Registration - Registration Module Pages/Form 1/Sub Industry Code List' is clicked on

2018-12-10 17:09:46 - [MESSAGE][PASSED] - Object: 'Object Repository/Final Object Repo/New Registration - Registration Module Pages/Form 1/Sub Industry Code List' is clicked on

2018-12-10 17:09:46 - [TEST_STEP][PASSED] - click: Object: 'Object Repository/Final Object Repo/New Registration - Registration Module Pages/Form 1/Sub Industry Code List - Growing of Maize' is clicked on

2018-12-10 17:09:46 - [MESSAGE][PASSED] - Object: 'Object Repository/Final Object Repo/New Registration - Registration Module Pages/Form 1/Sub Industry Code List - Growing of Maize' is clicked on

2018-12-10 17:09:46 - [TEST_STEP][PASSED] - setText: Text 'perkeso123@gmail.com' is set on object 'Object Repository/Final Object Repo/New Registration - Registration Module Pages/Form 1/Email'

2018-12-10 17:09:47 - [MESSAGE][PASSED] - Text 'perkeso123@gmail.com' is set on object 'Object Repository/Final Object Repo/New Registration - Registration Module Pages/Form 1/Email'

2018-12-10 17:09:47 - [TEST_STEP][PASSED] - click: Object: 'Object Repository/Final Object Repo/New Registration - Registration Module Pages/Form 1/Method of Contribution Payment' is clicked on

2018-12-10 17:09:47 - [MESSAGE][PASSED] - Object: 'Object Repository/Final Object Repo/New Registration - Registration Module Pages/Form 1/Method of Contribution Payment' is clicked on

2018-12-10 17:09:47 - [TEST_STEP][PASSED] - click: Object: 'Object Repository/Final Object Repo/New Registration - Registration Module Pages/Form 1/Method of Contribution Payment - Portal' is clicked on

2018-12-10 17:09:47 - [MESSAGE][PASSED] - Object: 'Object Repository/Final Object Repo/New Registration - Registration Module Pages/Form 1/Method of Contribution Payment - Portal' is clicked on

2018-12-10 17:09:47 - [TEST_STEP][PASSED] - click: Object: 'Object Repository/Final Object Repo/New Registration - Registration Module Pages/Form 1/Servide Type' is clicked on

2018-12-10 17:09:47 - [MESSAGE][PASSED] - Object: 'Object Repository/Final Object Repo/New Registration - Registration Module Pages/Form 1/Servide Type' is clicked on

2018-12-10 17:09:47 - [TEST_STEP][PASSED] - click: Object: 'Object Repository/Final Object Repo/New Registration - Registration Module Pages/Form 1/Servide Type - Professional Bodies' is clicked on

2018-12-10 17:09:47 - [MESSAGE][PASSED] - Object: 'Object Repository/Final Object Repo/New Registration - Registration Module Pages/Form 1/Servide Type - Professional Bodies' is clicked on

2018-12-10 17:09:47 - [TEST_STEP][PASSED] - click: Object: 'Object Repository/Final Object Repo/New Registration - Registration Module Pages/Form 1/Industry Venue' is clicked on

2018-12-10 17:09:48 - [MESSAGE][PASSED] - Object: 'Object Repository/Final Object Repo/New Registration - Registration Module Pages/Form 1/Industry Venue' is clicked on

2018-12-10 17:09:48 - [TEST_STEP][PASSED] - click: Object: 'Object Repository/Final Object Repo/New Registration - Registration Module Pages/Form 1/Industry Venue -  PPN JOHOR' is clicked on

2018-12-10 17:09:48 - [MESSAGE][PASSED] - Object: 'Object Repository/Final Object Repo/New Registration - Registration Module Pages/Form 1/Industry Venue -  PPN JOHOR' is clicked on

2018-12-10 17:09:48 - [TEST_STEP][PASSED] - click: Object: 'Object Repository/Final Object Repo/New Registration - Registration Module Pages/Form 1/Save  Continue' is clicked on

2018-12-10 17:09:48 - [MESSAGE][PASSED] - Object: 'Object Repository/Final Object Repo/New Registration - Registration Module Pages/Form 1/Save  Continue' is clicked on

2018-12-10 17:09:48 - [MESSAGE][PASSED] - Call Test Case 'Test Cases/Final Aug 2018 - PKS Automation/Registration Module/New Registration/Form 1/Form 1 - Corporation - Limited Liability' successfully

2018-12-10 17:09:48 - [TEST_STEP][PASSED] - callTestCase: Call Test Case 'Test Cases/Final Aug 2018 - PKS Automation/Registration Module/New Registration/Form 2/Add 2 Eligible 2 Not Eligible' successfully

2018-12-10 17:09:48 - [TEST_CASE][PASSED] - Test Cases/Final Aug 2018 - PKS Automation/Registration Module/New Registration/Form 2/Add 2 Eligible 2 Not Eligible: Test Cases/Final Aug 2018 - PKS Automation/Registration Module/New Registration/Form 2/Add 2 Eligible 2 Not Eligible

2018-12-10 17:09:48 - [TEST_STEP][PASSED] - delay: Delayed 2 second(s)

2018-12-10 17:09:50 - [MESSAGE][PASSED] - Delayed 2 second(s)

2018-12-10 17:09:50 - [TEST_STEP][PASSED] - callTestCase: Call Test Case 'Test Cases/Final Aug 2018 - PKS Automation/Registration Module/New Registration/Form 2/Date Updater' successfully

2018-12-10 17:09:50 - [TEST_CASE][PASSED] - Test Cases/Final Aug 2018 - PKS Automation/Registration Module/New Registration/Form 2/Date Updater: Test Cases/Final Aug 2018 - PKS Automation/Registration Module/New Registration/Form 2/Date Updater

2018-12-10 17:09:50 - [TEST_STEP][PASSED] - Statement - TodayDate = new java.util.Date(): null

2018-12-10 17:09:50 - [TEST_STEP][PASSED] - Statement - CurrentDateNoFilter = new java.text.SimpleDateFormat(): null

2018-12-10 17:09:50 - [TEST_STEP][PASSED] - Statement - CurrentDateNoFilter.applyPattern("MM"): null

2018-12-10 17:09:50 - [TEST_STEP][PASSED] - Statement - monthContainerMatcher = java.lang.Integer.parseInt(CurrentDateNoFilter.format(TodayDate)): null

2018-12-10 17:09:50 - [TEST_STEP][PASSED] - Statement - monthContainerMatcher = monthContainerMatcher - 1: null

2018-12-10 17:09:50 - [TEST_STEP][PASSED] - Statement - CurrentMonth = monthContainerMatcher.toString(): null

2018-12-10 17:09:50 - [TEST_STEP][PASSED] - Statement - CurrentMonth = CurrentMonth: null

2018-12-10 17:09:50 - [TEST_STEP][PASSED] - Statement - CurrentDateNoFilter.applyPattern("yyyy"): null

2018-12-10 17:09:50 - [TEST_STEP][PASSED] - Statement - CurrentYear = CurrentDateNoFilter.format(TodayDate): null

2018-12-10 17:09:50 - [TEST_STEP][PASSED] - Statement - CurrentYear = CurrentYear: null

2018-12-10 17:09:50 - [TEST_STEP][PASSED] - Statement - intCurrentYear = java.lang.Integer.parseInt(CurrentDateNoFilter.format(TodayDate)): null

2018-12-10 17:09:50 - [TEST_STEP][PASSED] - Statement - eighteenYrsAgo = intCurrentYear - 18: null

2018-12-10 17:09:50 - [TEST_STEP][PASSED] - Statement - eighteenYrsBeforeThisYr = eighteenYrsAgo.toString(): null

2018-12-10 17:09:50 - [TEST_STEP][PASSED] - Statement - EighteenYrsBefore = eighteenYrsBeforeThisYr: null

2018-12-10 17:09:50 - [TEST_STEP][PASSED] - Statement - fiftysevenYrsAgo = intCurrentYear - 57: null

2018-12-10 17:09:50 - [TEST_STEP][PASSED] - Statement - fiftysevenYrsBeforeThisYr = fiftysevenYrsAgo.toString(): null

2018-12-10 17:09:50 - [TEST_STEP][PASSED] - Statement - FiftysevenYrsBefore = fiftysevenYrsBeforeThisYr: null

2018-12-10 17:09:50 - [TEST_STEP][PASSED] - Statement - leapYear = false: null

2018-12-10 17:09:50 - [TEST_STEP][PASSED] - Statement - leapYear = intCurrentYear % 4 == 0: null

2018-12-10 17:09:50 - [TEST_STEP][PASSED] - Statement - CurrentDateNoFilter.applyPattern("dd"): null

2018-12-10 17:09:50 - [TEST_STEP][PASSED] - Statement - CurrentDate = CurrentDateNoFilter.format(TodayDate): null

2018-12-10 17:09:50 - [TEST_STEP][PASSED] - Statement - CurrentDate = java.lang.Integer.parseInt(CurrentDate): null

2018-12-10 17:09:50 - [TEST_STEP][PASSED] - Statement - CurrentDate = CurrentDate: null

2018-12-10 17:09:50 - [TEST_STEP][PASSED] - Statement - CurrentDay = java.lang.Integer.parseInt(CurrentDate): null

2018-12-10 17:09:50 - [TEST_STEP][PASSED] - Statement - ConfAdder = <not implemented yet for class: org.codehaus.groovy.ast.expr.EmptyExpression>: null

2018-12-10 17:09:50 - [TEST_STEP][PASSED] - Statement - out.println(CurrentMonth): null

2018-12-10 17:09:50 - [TEST_STEP][PASSED] - Statement - out.println(CurrentDate): null

2018-12-10 17:09:50 - [TEST_STEP][PASSED] - Statement - switch (CurrentDate): null

2018-12-10 17:09:50 - [TEST_STEP][PASSED] - Statement - Default: null

2018-12-10 17:09:50 - [TEST_STEP][PASSED] - Statement - ConfAdder = true: null

2018-12-10 17:09:50 - [TEST_STEP][PASSED] - Statement - Break: null

2018-12-10 17:09:50 - [TEST_STEP][PASSED] - Statement - aDayBefore = <not implemented yet for class: org.codehaus.groovy.ast.expr.EmptyExpression>: null

2018-12-10 17:09:50 - [TEST_STEP][PASSED] - Statement - out.println(ConfAdder): null

2018-12-10 17:09:50 - [TEST_STEP][PASSED] - Statement - If (ConfAdder == true): null

2018-12-10 17:09:50 - [TEST_STEP][PASSED] - Statement - aDayBefore = CurrentDay + 1: null

2018-12-10 17:09:50 - [TEST_STEP][PASSED] - Statement - out.println(aDayBefore): null

2018-12-10 17:09:50 - [TEST_STEP][PASSED] - Statement - If (aDayBefore == 1 && CurrentMonth == 11): null

2018-12-10 17:09:50 - [TEST_STEP][PASSED] - Statement - DayBefore = aDayBefore.toString(): null

2018-12-10 17:09:50 - [TEST_STEP][PASSED] - Statement - OneDayBefore = DayBefore: null

2018-12-10 17:09:50 - [MESSAGE][PASSED] - Call Test Case 'Test Cases/Final Aug 2018 - PKS Automation/Registration Module/New Registration/Form 2/Date Updater' successfully

2018-12-10 17:09:50 - [TEST_STEP][PASSED] - delay: Delayed 1 second(s)

2018-12-10 17:09:51 - [MESSAGE][PASSED] - Delayed 1 second(s)

2018-12-10 17:09:51 - [TEST_STEP][PASSED] - Statement - CaseReferenceNo = com.kms.katalon.core.webui.keyword.WebUiBuiltInKeywords.getText(com.kms.katalon.core.testobject.ObjectRepository.findTestObject(Final Object Repo/New Registration - Registration Module Pages/Form 2/RefNo Acquiring)): Text of object 'Object Repository/Final Object Repo/New Registration - Registration Module Pages/Form 2/RefNo Acquiring' is: 'CRN12201800123133'

2018-12-10 17:09:51 - [MESSAGE][PASSED] - Text of object 'Object Repository/Final Object Repo/New Registration - Registration Module Pages/Form 2/RefNo Acquiring' is: 'CRN12201800123133'

2018-12-10 17:09:51 - [TEST_STEP][PASSED] - delay: Delayed 1 second(s)

2018-12-10 17:09:52 - [MESSAGE][PASSED] - Delayed 1 second(s)

2018-12-10 17:09:52 - [TEST_STEP][PASSED] - click: Object: 'Object Repository/Final Object Repo/New Registration - Registration Module Pages/Form 2/Add Employee Button' is clicked on

2018-12-10 17:09:53 - [MESSAGE][PASSED] - Object: 'Object Repository/Final Object Repo/New Registration - Registration Module Pages/Form 2/Add Employee Button' is clicked on

2018-12-10 17:09:53 - [TEST_STEP][PASSED] - delay: Delayed 4 second(s)

2018-12-10 17:09:57 - [MESSAGE][PASSED] - Delayed 4 second(s)

2018-12-10 17:09:57 - [TEST_STEP][PASSED] - setText: Text '010903091927' is set on object 'Object Repository/Final Object Repo/New Registration - Registration Module Pages/Form 2/NRIC Input'

2018-12-10 17:09:57 - [MESSAGE][PASSED] - Text '010903091927' is set on object 'Object Repository/Final Object Repo/New Registration - Registration Module Pages/Form 2/NRIC Input'

2018-12-10 17:09:57 - [TEST_STEP][PASSED] - click: Object: 'Object Repository/Final Object Repo/New Registration - Registration Module Pages/Form 2/button for search for IC' is clicked on

2018-12-10 17:09:57 - [MESSAGE][PASSED] - Object: 'Object Repository/Final Object Repo/New Registration - Registration Module Pages/Form 2/button for search for IC' is clicked on

2018-12-10 17:09:57 - [TEST_STEP][PASSED] - delay: Delayed 2 second(s)

2018-12-10 17:09:59 - [MESSAGE][PASSED] - Delayed 2 second(s)

2018-12-10 17:09:59 - [TEST_STEP][PASSED] - setText: Text 'Automate001 eligible 1' is set on object 'Object Repository/Final Object Repo/New Registration - Registration Module Pages/Form 2/Employee Name Input'

2018-12-10 17:10:00 - [MESSAGE][PASSED] - Text 'Automate001 eligible 1' is set on object 'Object Repository/Final Object Repo/New Registration - Registration Module Pages/Form 2/Employee Name Input'

2018-12-10 17:10:00 - [TEST_STEP][PASSED] - delay: Delayed 2 second(s)

2018-12-10 17:10:02 - [MESSAGE][PASSED] - Delayed 2 second(s)

2018-12-10 17:10:02 - [TEST_STEP][PASSED] - click: Object: 'Object Repository/Final Object Repo/New Registration - Registration Module Pages/Form 2/DatePicker Pop Up' is clicked on

2018-12-10 17:10:02 - [MESSAGE][PASSED] - Object: 'Object Repository/Final Object Repo/New Registration - Registration Module Pages/Form 2/DatePicker Pop Up' is clicked on

2018-12-10 17:10:02 - [TEST_STEP][PASSED] - click: Object: 'Object Repository/Final Object Repo/New Registration - Registration Module Pages/Form 2/DOB Month' is clicked on

2018-12-10 17:10:02 - [MESSAGE][PASSED] - Object: 'Object Repository/Final Object Repo/New Registration - Registration Module Pages/Form 2/DOB Month' is clicked on

2018-12-10 17:10:02 - [TEST_STEP][PASSED] - Statement - CurrentMonth = CurrentMonth: null

2018-12-10 17:10:02 - [TEST_STEP][PASSED] - Statement - selectMonth = new com.kms.katalon.core.testobject.TestObject(): null

2018-12-10 17:10:02 - [TEST_STEP][PASSED] - Statement - selectMonth.addProperty("xpath", EQUALS, "//body/div/div/div/select/option[@value='" + CurrentMonth + "']", true): null

2018-12-10 17:10:02 - [TEST_STEP][PASSED] - click: Object: '' is clicked on

2018-12-10 17:10:02 - [MESSAGE][PASSED] - Object: '' is clicked on

2018-12-10 17:10:02 - [TEST_STEP][PASSED] - click: Object: 'Object Repository/Final Object Repo/New Registration - Registration Module Pages/Form 2/DOB Year' is clicked on

2018-12-10 17:10:02 - [MESSAGE][PASSED] - Object: 'Object Repository/Final Object Repo/New Registration - Registration Module Pages/Form 2/DOB Year' is clicked on

2018-12-10 17:10:02 - [TEST_STEP][PASSED] - Statement - Eyearsbf = EighteenYrsBefore: null

2018-12-10 17:10:02 - [TEST_STEP][PASSED] - Statement - selectYear = new com.kms.katalon.core.testobject.TestObject(): null

2018-12-10 17:10:02 - [TEST_STEP][PASSED] - Statement - selectYear.addProperty("xpath", EQUALS, "//div/div/div/select/option[@value='" + Eyearsbf + "']", true): null

2018-12-10 17:10:02 - [TEST_STEP][PASSED] - click: Object: '' is clicked on

2018-12-10 17:10:03 - [MESSAGE][PASSED] - Object: '' is clicked on

2018-12-10 17:10:03 - [TEST_STEP][PASSED] - Statement - UpdatedSelectDate = com.kms.katalon.core.webui.keyword.WebUiBuiltInKeywords.modifyObjectProperty(com.kms.katalon.core.testobject.ObjectRepository.findTestObject(Final Object Repo/New Registration - Registration Module Pages/Form 2/DOB Date), "xpath", "equals", "//body/div/table/tbody/tr/td/a[text()="" + CurrentDate + ""]", true): Modify property of object successfully

2018-12-10 17:10:03 - [MESSAGE][PASSED] - Modify property of object successfully

2018-12-10 17:10:03 - [TEST_STEP][PASSED] - delay: Delayed 3 second(s)

2018-12-10 17:10:06 - [MESSAGE][PASSED] - Delayed 3 second(s)

2018-12-10 17:10:06 - [TEST_STEP][PASSED] - click: Object: 'Object Repository/Final Object Repo/New Registration - Registration Module Pages/Form 2/DOB Date' is clicked on

2018-12-10 17:10:06 - [MESSAGE][PASSED] - Object: 'Object Repository/Final Object Repo/New Registration - Registration Module Pages/Form 2/DOB Date' is clicked on

2018-12-10 17:10:06 - [TEST_STEP][PASSED] - delay: Delayed 2 second(s)

2018-12-10 17:10:08 - [MESSAGE][PASSED] - Delayed 2 second(s)

2018-12-10 17:10:08 - [TEST_STEP][PASSED] - click: Object: 'Object Repository/Final Object Repo/New Registration - Registration Module Pages/Form 2/EmploymentStartDate Pop Up' is clicked on

2018-12-10 17:10:08 - [MESSAGE][PASSED] - Object: 'Object Repository/Final Object Repo/New Registration - Registration Module Pages/Form 2/EmploymentStartDate Pop Up' is clicked on

2018-12-10 17:10:08 - [TEST_STEP][PASSED] - delay: Delayed 2 second(s)

2018-12-10 17:10:10 - [MESSAGE][PASSED] - Delayed 2 second(s)

2018-12-10 17:10:10 - [TEST_STEP][PASSED] - click: Object: 'Object Repository/Final Object Repo/New Registration - Registration Module Pages/Form 2/Socso Employment StartDate Month' is clicked on

2018-12-10 17:10:10 - [MESSAGE][PASSED] - Object: 'Object Repository/Final Object Repo/New Registration - Registration Module Pages/Form 2/Socso Employment StartDate Month' is clicked on

2018-12-10 17:10:10 - [TEST_STEP][PASSED] - delay: Delayed 1 second(s)

2018-12-10 17:10:11 - [MESSAGE][PASSED] - Delayed 1 second(s)

2018-12-10 17:10:11 - [TEST_STEP][PASSED] - click: Object: 'Object Repository/Final Object Repo/New Registration - Registration Module Pages/Form 2/Select Socso Employement Startdate Month' is clicked on

2018-12-10 17:10:11 - [MESSAGE][PASSED] - Object: 'Object Repository/Final Object Repo/New Registration - Registration Module Pages/Form 2/Select Socso Employement Startdate Month' is clicked on

2018-12-10 17:10:11 - [TEST_STEP][PASSED] - delay: Delayed 2 second(s)

2018-12-10 17:10:13 - [MESSAGE][PASSED] - Delayed 2 second(s)

2018-12-10 17:10:13 - [TEST_STEP][PASSED] - click: Object: 'Object Repository/Final Object Repo/New Registration - Registration Module Pages/Form 2/Socso Employment StartDate Year' is clicked on

2018-12-10 17:10:13 - [MESSAGE][PASSED] - Object: 'Object Repository/Final Object Repo/New Registration - Registration Module Pages/Form 2/Socso Employment StartDate Year' is clicked on

2018-12-10 17:10:13 - [TEST_STEP][PASSED] - delay: Delayed 1 second(s)

2018-12-10 17:10:14 - [MESSAGE][PASSED] - Delayed 1 second(s)

2018-12-10 17:10:14 - [TEST_STEP][PASSED] - click: Object: 'Object Repository/Final Object Repo/New Registration - Registration Module Pages/Form 2/Select Socso Employment Startdate Year' is clicked on

2018-12-10 17:10:15 - [MESSAGE][PASSED] - Object: 'Object Repository/Final Object Repo/New Registration - Registration Module Pages/Form 2/Select Socso Employment Startdate Year' is clicked on

2018-12-10 17:10:15 - [TEST_STEP][PASSED] - delay: Delayed 2 second(s)

2018-12-10 17:10:17 - [MESSAGE][PASSED] - Delayed 2 second(s)

2018-12-10 17:10:17 - [TEST_STEP][PASSED] - click: Object: 'Object Repository/Final Object Repo/New Registration - Registration Module Pages/Form 2/Socso Employment Start Date Day' is clicked on

2018-12-10 17:10:17 - [MESSAGE][PASSED] - Object: 'Object Repository/Final Object Repo/New Registration - Registration Module Pages/Form 2/Socso Employment Start Date Day' is clicked on

2018-12-10 17:10:17 - [TEST_STEP][PASSED] - delay: Delayed 2 second(s)

2018-12-10 17:10:19 - [MESSAGE][PASSED] - Delayed 2 second(s)

2018-12-10 17:10:19 - [TEST_STEP][PASSED] - click: Object: 'Object Repository/Final Object Repo/New Registration - Registration Module Pages/Form 2/Save Button for Add Employee' is clicked on

2018-12-10 17:10:19 - [MESSAGE][PASSED] - Object: 'Object Repository/Final Object Repo/New Registration - Registration Module Pages/Form 2/Save Button for Add Employee' is clicked on

2018-12-10 17:10:19 - [TEST_STEP][PASSED] - delay: Delayed 6 second(s)

2018-12-10 17:10:25 - [MESSAGE][PASSED] - Delayed 6 second(s)

2018-12-10 17:10:25 - [TEST_STEP][PASSED] - click: Object: 'Object Repository/Final Object Repo/New Registration - Registration Module Pages/Form 2/Add Employee Button' is clicked on

2018-12-10 17:10:25 - [MESSAGE][PASSED] - Object: 'Object Repository/Final Object Repo/New Registration - Registration Module Pages/Form 2/Add Employee Button' is clicked on

2018-12-10 17:10:25 - [TEST_STEP][PASSED] - delay: Delayed 4 second(s)

2018-12-10 17:10:29 - [MESSAGE][PASSED] - Delayed 4 second(s)

2018-12-10 17:10:29 - [TEST_STEP][PASSED] - setText: Text '620904059691' is set on object 'Object Repository/Final Object Repo/New Registration - Registration Module Pages/Form 2/NRIC Input'

2018-12-10 17:10:30 - [MESSAGE][PASSED] - Text '620904059691' is set on object 'Object Repository/Final Object Repo/New Registration - Registration Module Pages/Form 2/NRIC Input'

2018-12-10 17:10:30 - [TEST_STEP][PASSED] - click: Object: 'Object Repository/Final Object Repo/New Registration - Registration Module Pages/Form 2/button for search for IC' is clicked on

2018-12-10 17:10:30 - [MESSAGE][PASSED] - Object: 'Object Repository/Final Object Repo/New Registration - Registration Module Pages/Form 2/button for search for IC' is clicked on

2018-12-10 17:10:30 - [TEST_STEP][PASSED] - delay: Delayed 2 second(s)

2018-12-10 17:10:32 - [MESSAGE][PASSED] - Delayed 2 second(s)

2018-12-10 17:10:32 - [TEST_STEP][PASSED] - setText: Text 'Automate001 eligible 2' is set on object 'Object Repository/Final Object Repo/New Registration - Registration Module Pages/Form 2/Employee Name Input'

2018-12-10 17:10:32 - [MESSAGE][PASSED] - Text 'Automate001 eligible 2' is set on object 'Object Repository/Final Object Repo/New Registration - Registration Module Pages/Form 2/Employee Name Input'

2018-12-10 17:10:32 - [TEST_STEP][PASSED] - delay: Delayed 2 second(s)

2018-12-10 17:10:34 - [MESSAGE][PASSED] - Delayed 2 second(s)

2018-12-10 17:10:34 - [TEST_STEP][PASSED] - click: Object: 'Object Repository/Final Object Repo/New Registration - Registration Module Pages/Form 2/DatePicker Pop Up' is clicked on

2018-12-10 17:10:35 - [MESSAGE][PASSED] - Object: 'Object Repository/Final Object Repo/New Registration - Registration Module Pages/Form 2/DatePicker Pop Up' is clicked on

2018-12-10 17:10:35 - [TEST_STEP][PASSED] - delay: Delayed 2 second(s)

2018-12-10 17:10:37 - [MESSAGE][PASSED] - Delayed 2 second(s)

2018-12-10 17:10:37 - [TEST_STEP][PASSED] - click: Object: 'Object Repository/Final Object Repo/New Registration - Registration Module Pages/Form 2/DOB Month' is clicked on

2018-12-10 17:10:37 - [MESSAGE][PASSED] - Object: 'Object Repository/Final Object Repo/New Registration - Registration Module Pages/Form 2/DOB Month' is clicked on

2018-12-10 17:10:37 - [TEST_STEP][PASSED] - Statement - selectMonth = com.kms.katalon.core.webui.keyword.WebUiBuiltInKeywords.modifyObjectProperty(selectMonth, "xpath", "equals", "//body/div/div/div/select/option[@value="" + CurrentMonth + ""]", true): Modify property of object successfully

2018-12-10 17:10:37 - [MESSAGE][PASSED] - Modify property of object successfully

2018-12-10 17:10:37 - [TEST_STEP][PASSED] - click: Object: '' is clicked on

2018-12-10 17:10:37 - [MESSAGE][PASSED] - Object: '' is clicked on

2018-12-10 17:10:37 - [TEST_STEP][PASSED] - click: Object: 'Object Repository/Final Object Repo/New Registration - Registration Module Pages/Form 2/DOB Year' is clicked on

2018-12-10 17:10:37 - [MESSAGE][PASSED] - Object: 'Object Repository/Final Object Repo/New Registration - Registration Module Pages/Form 2/DOB Year' is clicked on

2018-12-10 17:10:37 - [TEST_STEP][PASSED] - Statement - selectYear = com.kms.katalon.core.webui.keyword.WebUiBuiltInKeywords.modifyObjectProperty(selectYear, "xpath", "equals", "//div/div/div/select/option[@value="" + FiftysevenYrsBefore + ""]", true): Modify property of object successfully

2018-12-10 17:10:37 - [MESSAGE][PASSED] - Modify property of object successfully

2018-12-10 17:10:37 - [TEST_STEP][PASSED] - click: Object: '' is clicked on

2018-12-10 17:10:37 - [MESSAGE][PASSED] - Object: '' is clicked on

2018-12-10 17:10:37 - [TEST_STEP][PASSED] - Statement - UpdatedSelectDate = com.kms.katalon.core.webui.keyword.WebUiBuiltInKeywords.modifyObjectProperty(com.kms.katalon.core.testobject.ObjectRepository.findTestObject(Final Object Repo/New Registration - Registration Module Pages/Form 2/DOB Date), "xpath", "equals", "//body/div/table/tbody/tr/td/a[text()="" + OneDayBefore + ""]", true): Modify property of object successfully

2018-12-10 17:10:37 - [MESSAGE][PASSED] - Modify property of object successfully

2018-12-10 17:10:37 - [TEST_STEP][PASSED] - click: Object: 'Object Repository/Final Object Repo/New Registration - Registration Module Pages/Form 2/DOB Date' is clicked on

2018-12-10 17:10:37 - [MESSAGE][PASSED] - Object: 'Object Repository/Final Object Repo/New Registration - Registration Module Pages/Form 2/DOB Date' is clicked on

2018-12-10 17:10:37 - [TEST_STEP][PASSED] - delay: Delayed 2 second(s)

2018-12-10 17:10:39 - [MESSAGE][PASSED] - Delayed 2 second(s)

2018-12-10 17:10:39 - [TEST_STEP][PASSED] - click: Object: 'Object Repository/Final Object Repo/New Registration - Registration Module Pages/Form 2/EmploymentStartDate Pop Up' is clicked on

2018-12-10 17:10:40 - [MESSAGE][PASSED] - Object: 'Object Repository/Final Object Repo/New Registration - Registration Module Pages/Form 2/EmploymentStartDate Pop Up' is clicked on

2018-12-10 17:10:40 - [TEST_STEP][PASSED] - delay: Delayed 2 second(s)

2018-12-10 17:10:42 - [MESSAGE][PASSED] - Delayed 2 second(s)

2018-12-10 17:10:42 - [TEST_STEP][PASSED] - click: Object: 'Object Repository/Final Object Repo/New Registration - Registration Module Pages/Form 2/Socso Employment StartDate Month' is clicked on

2018-12-10 17:10:42 - [MESSAGE][PASSED] - Object: 'Object Repository/Final Object Repo/New Registration - Registration Module Pages/Form 2/Socso Employment StartDate Month' is clicked on

2018-12-10 17:10:42 - [TEST_STEP][PASSED] - delay: Delayed 1 second(s)

2018-12-10 17:10:43 - [MESSAGE][PASSED] - Delayed 1 second(s)

2018-12-10 17:10:43 - [TEST_STEP][PASSED] - click: Object: 'Object Repository/Final Object Repo/New Registration - Registration Module Pages/Form 2/Select Socso Employement Startdate Month' is clicked on

2018-12-10 17:10:43 - [MESSAGE][PASSED] - Object: 'Object Repository/Final Object Repo/New Registration - Registration Module Pages/Form 2/Select Socso Employement Startdate Month' is clicked on

2018-12-10 17:10:43 - [TEST_STEP][PASSED] - delay: Delayed 2 second(s)

2018-12-10 17:10:45 - [MESSAGE][PASSED] - Delayed 2 second(s)

2018-12-10 17:10:45 - [TEST_STEP][PASSED] - click: Object: 'Object Repository/Final Object Repo/New Registration - Registration Module Pages/Form 2/Socso Employment StartDate Year' is clicked on

2018-12-10 17:10:45 - [MESSAGE][PASSED] - Object: 'Object Repository/Final Object Repo/New Registration - Registration Module Pages/Form 2/Socso Employment StartDate Year' is clicked on

2018-12-10 17:10:45 - [TEST_STEP][PASSED] - delay: Delayed 1 second(s)

2018-12-10 17:10:46 - [MESSAGE][PASSED] - Delayed 1 second(s)

2018-12-10 17:10:46 - [TEST_STEP][PASSED] - click: Object: 'Object Repository/Final Object Repo/New Registration - Registration Module Pages/Form 2/Select Socso Employment Startdate Year' is clicked on

2018-12-10 17:10:46 - [MESSAGE][PASSED] - Object: 'Object Repository/Final Object Repo/New Registration - Registration Module Pages/Form 2/Select Socso Employment Startdate Year' is clicked on

2018-12-10 17:10:46 - [TEST_STEP][PASSED] - delay: Delayed 2 second(s)

2018-12-10 17:10:48 - [MESSAGE][PASSED] - Delayed 2 second(s)

2018-12-10 17:10:48 - [TEST_STEP][PASSED] - click: Object: 'Object Repository/Final Object Repo/New Registration - Registration Module Pages/Form 2/Socso Employment Start Date Day' is clicked on

2018-12-10 17:10:48 - [MESSAGE][PASSED] - Object: 'Object Repository/Final Object Repo/New Registration - Registration Module Pages/Form 2/Socso Employment Start Date Day' is clicked on

2018-12-10 17:10:48 - [TEST_STEP][PASSED] - delay: Delayed 2 second(s)

2018-12-10 17:10:50 - [MESSAGE][PASSED] - Delayed 2 second(s)

2018-12-10 17:10:50 - [TEST_STEP][PASSED] - click: Object: 'Object Repository/Final Object Repo/New Registration - Registration Module Pages/Form 2/Save Button for Add Employee' is clicked on

2018-12-10 17:10:51 - [MESSAGE][PASSED] - Object: 'Object Repository/Final Object Repo/New Registration - Registration Module Pages/Form 2/Save Button for Add Employee' is clicked on

2018-12-10 17:10:51 - [TEST_STEP][PASSED] - delay: Delayed 4 second(s)

2018-12-10 17:10:55 - [MESSAGE][PASSED] - Delayed 4 second(s)

2018-12-10 17:10:55 - [TEST_STEP][PASSED] - delay: Delayed 30 second(s)

2018-12-10 17:11:25 - [MESSAGE][PASSED] - Delayed 30 second(s)

2018-12-10 17:11:25 - [TEST_STEP][PASSED] - click: Object: 'Object Repository/Final Object Repo/New Registration - Registration Module Pages/Form 2/Add Employee Button' is clicked on

2018-12-10 17:11:25 - [MESSAGE][PASSED] - Object: 'Object Repository/Final Object Repo/New Registration - Registration Module Pages/Form 2/Add Employee Button' is clicked on

2018-12-10 17:11:25 - [TEST_STEP][PASSED] - delay: Delayed 4 second(s)

2018-12-10 17:11:29 - [MESSAGE][PASSED] - Delayed 4 second(s)

2018-12-10 17:11:29 - [TEST_STEP][PASSED] - setText: Text '000209039145' is set on object 'Object Repository/Final Object Repo/New Registration - Registration Module Pages/Form 2/NRIC Input'

2018-12-10 17:11:29 - [MESSAGE][PASSED] - Text '000209039145' is set on object 'Object Repository/Final Object Repo/New Registration - Registration Module Pages/Form 2/NRIC Input'

2018-12-10 17:11:29 - [TEST_STEP][PASSED] - click: Object: 'Object Repository/Final Object Repo/New Registration - Registration Module Pages/Form 2/button for search for IC' is clicked on

2018-12-10 17:11:29 - [MESSAGE][PASSED] - Object: 'Object Repository/Final Object Repo/New Registration - Registration Module Pages/Form 2/button for search for IC' is clicked on

2018-12-10 17:11:29 - [TEST_STEP][PASSED] - delay: Delayed 2 second(s)

2018-12-10 17:11:31 - [MESSAGE][PASSED] - Delayed 2 second(s)

2018-12-10 17:11:31 - [TEST_STEP][PASSED] - setText: Text 'Automate001 not eligible 1' is set on object 'Object Repository/Final Object Repo/New Registration - Registration Module Pages/Form 2/Employee Name Input'

2018-12-10 17:11:32 - [MESSAGE][PASSED] - Text 'Automate001 not eligible 1' is set on object 'Object Repository/Final Object Repo/New Registration - Registration Module Pages/Form 2/Employee Name Input'

2018-12-10 17:11:32 - [TEST_STEP][PASSED] - delay: Delayed 2 second(s)

2018-12-10 17:11:34 - [MESSAGE][PASSED] - Delayed 2 second(s)

2018-12-10 17:11:34 - [TEST_STEP][PASSED] - click: Object: 'Object Repository/Final Object Repo/New Registration - Registration Module Pages/Form 2/DatePicker Pop Up' is clicked on

2018-12-10 17:11:34 - [MESSAGE][PASSED] - Object: 'Object Repository/Final Object Repo/New Registration - Registration Module Pages/Form 2/DatePicker Pop Up' is clicked on

2018-12-10 17:11:34 - [TEST_STEP][PASSED] - delay: Delayed 2 second(s)

2018-12-10 17:11:36 - [MESSAGE][PASSED] - Delayed 2 second(s)

2018-12-10 17:11:36 - [TEST_STEP][PASSED] - click: Object: 'Object Repository/Final Object Repo/New Registration - Registration Module Pages/Form 2/DOB Month' is clicked on

2018-12-10 17:11:36 - [MESSAGE][PASSED] - Object: 'Object Repository/Final Object Repo/New Registration - Registration Module Pages/Form 2/DOB Month' is clicked on

2018-12-10 17:11:36 - [TEST_STEP][PASSED] - Statement - selectMonth = com.kms.katalon.core.webui.keyword.WebUiBuiltInKeywords.modifyObjectProperty(selectMonth, "xpath", "equals", "//body/div/div/div/select/option[@value="" + CurrentMonth + ""]", true): Modify property of object successfully

2018-12-10 17:11:36 - [MESSAGE][PASSED] - Modify property of object successfully

2018-12-10 17:11:36 - [TEST_STEP][PASSED] - click: Object: '' is clicked on

2018-12-10 17:11:36 - [MESSAGE][PASSED] - Object: '' is clicked on

2018-12-10 17:11:36 - [TEST_STEP][PASSED] - click: Object: 'Object Repository/Final Object Repo/New Registration - Registration Module Pages/Form 2/DOB Year' is clicked on

2018-12-10 17:11:36 - [MESSAGE][PASSED] - Object: 'Object Repository/Final Object Repo/New Registration - Registration Module Pages/Form 2/DOB Year' is clicked on

2018-12-10 17:11:36 - [TEST_STEP][PASSED] - Statement - selectYear = com.kms.katalon.core.webui.keyword.WebUiBuiltInKeywords.modifyObjectProperty(selectYear, "xpath", "equals", "//div/div/div/select/option[@value="" + EighteenYrsBefore + ""]", true): Modify property of object successfully

2018-12-10 17:11:36 - [MESSAGE][PASSED] - Modify property of object successfully

2018-12-10 17:11:36 - [TEST_STEP][PASSED] - click: Object: '' is clicked on

2018-12-10 17:11:37 - [MESSAGE][PASSED] - Object: '' is clicked on

2018-12-10 17:11:37 - [TEST_STEP][PASSED] - Statement - UpdatedSelectDate = com.kms.katalon.core.webui.keyword.WebUiBuiltInKeywords.modifyObjectProperty(com.kms.katalon.core.testobject.ObjectRepository.findTestObject(Final Object Repo/New Registration - Registration Module Pages/Form 2/DOB Date), "xpath", "equals", "//body/div/table/tbody/tr/td/a[text()="" + OneDayBefore + ""]", true): Modify property of object successfully

2018-12-10 17:11:37 - [MESSAGE][PASSED] - Modify property of object successfully

2018-12-10 17:11:37 - [TEST_STEP][PASSED] - click: Object: 'Object Repository/Final Object Repo/New Registration - Registration Module Pages/Form 2/DOB Date' is clicked on

2018-12-10 17:11:37 - [MESSAGE][PASSED] - Object: 'Object Repository/Final Object Repo/New Registration - Registration Module Pages/Form 2/DOB Date' is clicked on

2018-12-10 17:11:37 - [TEST_STEP][PASSED] - delay: Delayed 2 second(s)

2018-12-10 17:11:39 - [MESSAGE][PASSED] - Delayed 2 second(s)

2018-12-10 17:11:39 - [TEST_STEP][PASSED] - click: Object: 'Object Repository/Final Object Repo/New Registration - Registration Module Pages/Form 2/EmploymentStartDate Pop Up' is clicked on

2018-12-10 17:11:39 - [MESSAGE][PASSED] - Object: 'Object Repository/Final Object Repo/New Registration - Registration Module Pages/Form 2/EmploymentStartDate Pop Up' is clicked on

2018-12-10 17:11:39 - [TEST_STEP][PASSED] - delay: Delayed 2 second(s)

2018-12-10 17:11:41 - [MESSAGE][PASSED] - Delayed 2 second(s)

2018-12-10 17:11:41 - [TEST_STEP][PASSED] - click: Object: 'Object Repository/Final Object Repo/New Registration - Registration Module Pages/Form 2/Socso Employment StartDate Month' is clicked on

2018-12-10 17:11:41 - [MESSAGE][PASSED] - Object: 'Object Repository/Final Object Repo/New Registration - Registration Module Pages/Form 2/Socso Employment StartDate Month' is clicked on

2018-12-10 17:11:41 - [TEST_STEP][PASSED] - delay: Delayed 1 second(s)

2018-12-10 17:11:42 - [MESSAGE][PASSED] - Delayed 1 second(s)

2018-12-10 17:11:42 - [TEST_STEP][PASSED] - click: Object: 'Object Repository/Final Object Repo/New Registration - Registration Module Pages/Form 2/Select Socso Employement Startdate Month' is clicked on

2018-12-10 17:11:42 - [MESSAGE][PASSED] - Object: 'Object Repository/Final Object Repo/New Registration - Registration Module Pages/Form 2/Select Socso Employement Startdate Month' is clicked on

2018-12-10 17:11:42 - [TEST_STEP][PASSED] - delay: Delayed 2 second(s)

2018-12-10 17:11:44 - [MESSAGE][PASSED] - Delayed 2 second(s)

2018-12-10 17:11:44 - [TEST_STEP][PASSED] - click: Object: 'Object Repository/Final Object Repo/New Registration - Registration Module Pages/Form 2/Socso Employment StartDate Year' is clicked on

2018-12-10 17:11:44 - [MESSAGE][PASSED] - Object: 'Object Repository/Final Object Repo/New Registration - Registration Module Pages/Form 2/Socso Employment StartDate Year' is clicked on

2018-12-10 17:11:44 - [TEST_STEP][PASSED] - delay: Delayed 1 second(s)

2018-12-10 17:11:45 - [MESSAGE][PASSED] - Delayed 1 second(s)

2018-12-10 17:11:45 - [TEST_STEP][PASSED] - click: Object: 'Object Repository/Final Object Repo/New Registration - Registration Module Pages/Form 2/Select Socso Employment Startdate Year' is clicked on

2018-12-10 17:11:46 - [MESSAGE][PASSED] - Object: 'Object Repository/Final Object Repo/New Registration - Registration Module Pages/Form 2/Select Socso Employment Startdate Year' is clicked on

2018-12-10 17:11:46 - [TEST_STEP][PASSED] - delay: Delayed 2 second(s)

2018-12-10 17:11:48 - [MESSAGE][PASSED] - Delayed 2 second(s)

2018-12-10 17:11:48 - [TEST_STEP][PASSED] - click: Object: 'Object Repository/Final Object Repo/New Registration - Registration Module Pages/Form 2/Socso Employment Start Date Day' is clicked on

2018-12-10 17:11:48 - [MESSAGE][PASSED] - Object: 'Object Repository/Final Object Repo/New Registration - Registration Module Pages/Form 2/Socso Employment Start Date Day' is clicked on

2018-12-10 17:11:48 - [TEST_STEP][PASSED] - delay: Delayed 2 second(s)

2018-12-10 17:11:50 - [MESSAGE][PASSED] - Delayed 2 second(s)

2018-12-10 17:11:50 - [TEST_STEP][PASSED] - click: Object: 'Object Repository/Final Object Repo/New Registration - Registration Module Pages/Form 2/Save Button for Add Employee' is clicked on

2018-12-10 17:11:50 - [MESSAGE][PASSED] - Object: 'Object Repository/Final Object Repo/New Registration - Registration Module Pages/Form 2/Save Button for Add Employee' is clicked on

2018-12-10 17:11:50 - [TEST_STEP][PASSED] - delay: Delayed 6 second(s)

2018-12-10 17:11:56 - [MESSAGE][PASSED] - Delayed 6 second(s)

2018-12-10 17:11:56 - [TEST_STEP][PASSED] - click: Object: 'Object Repository/Final Object Repo/New Registration - Registration Module Pages/Form 2/Add Employee Button' is clicked on

2018-12-10 17:11:56 - [MESSAGE][PASSED] - Object: 'Object Repository/Final Object Repo/New Registration - Registration Module Pages/Form 2/Add Employee Button' is clicked on

2018-12-10 17:11:56 - [TEST_STEP][PASSED] - delay: Delayed 4 second(s)

2018-12-10 17:12:00 - [MESSAGE][PASSED] - Delayed 4 second(s)

2018-12-10 17:12:00 - [TEST_STEP][PASSED] - setText: Text '600203039154' is set on object 'Object Repository/Final Object Repo/New Registration - Registration Module Pages/Form 2/NRIC Input'

2018-12-10 17:12:01 - [MESSAGE][PASSED] - Text '600203039154' is set on object 'Object Repository/Final Object Repo/New Registration - Registration Module Pages/Form 2/NRIC Input'

2018-12-10 17:12:01 - [TEST_STEP][PASSED] - click: Object: 'Object Repository/Final Object Repo/New Registration - Registration Module Pages/Form 2/button for search for IC' is clicked on

2018-12-10 17:12:01 - [MESSAGE][PASSED] - Object: 'Object Repository/Final Object Repo/New Registration - Registration Module Pages/Form 2/button for search for IC' is clicked on

2018-12-10 17:12:01 - [TEST_STEP][PASSED] - delay: Delayed 2 second(s)

2018-12-10 17:12:03 - [MESSAGE][PASSED] - Delayed 2 second(s)

2018-12-10 17:12:03 - [TEST_STEP][PASSED] - setText: Text 'Automate001 not eligible 2' is set on object 'Object Repository/Final Object Repo/New Registration - Registration Module Pages/Form 2/Employee Name Input'

2018-12-10 17:12:03 - [MESSAGE][PASSED] - Text 'Automate001 not eligible 2' is set on object 'Object Repository/Final Object Repo/New Registration - Registration Module Pages/Form 2/Employee Name Input'

2018-12-10 17:12:03 - [TEST_STEP][PASSED] - delay: Delayed 2 second(s)

2018-12-10 17:12:05 - [MESSAGE][PASSED] - Delayed 2 second(s)

2018-12-10 17:12:05 - [TEST_STEP][PASSED] - click: Object: 'Object Repository/Final Object Repo/New Registration - Registration Module Pages/Form 2/DatePicker Pop Up' is clicked on

2018-12-10 17:12:05 - [MESSAGE][PASSED] - Object: 'Object Repository/Final Object Repo/New Registration - Registration Module Pages/Form 2/DatePicker Pop Up' is clicked on

2018-12-10 17:12:05 - [TEST_STEP][PASSED] - delay: Delayed 2 second(s)

2018-12-10 17:12:07 - [MESSAGE][PASSED] - Delayed 2 second(s)

2018-12-10 17:12:07 - [TEST_STEP][PASSED] - click: Object: 'Object Repository/Final Object Repo/New Registration - Registration Module Pages/Form 2/DOB Month' is clicked on

2018-12-10 17:12:08 - [MESSAGE][PASSED] - Object: 'Object Repository/Final Object Repo/New Registration - Registration Module Pages/Form 2/DOB Month' is clicked on

2018-12-10 17:12:08 - [TEST_STEP][PASSED] - Statement - selectMonth = com.kms.katalon.core.webui.keyword.WebUiBuiltInKeywords.modifyObjectProperty(selectMonth, "xpath", "equals", "//body/div/div/div/select/option[@value="" + CurrentMonth + ""]", true): Modify property of object successfully

2018-12-10 17:12:08 - [MESSAGE][PASSED] - Modify property of object successfully

2018-12-10 17:12:08 - [TEST_STEP][PASSED] - click: Object: '' is clicked on

2018-12-10 17:12:08 - [MESSAGE][PASSED] - Object: '' is clicked on

2018-12-10 17:12:08 - [TEST_STEP][PASSED] - click: Object: 'Object Repository/Final Object Repo/New Registration - Registration Module Pages/Form 2/DOB Year' is clicked on

2018-12-10 17:12:08 - [MESSAGE][PASSED] - Object: 'Object Repository/Final Object Repo/New Registration - Registration Module Pages/Form 2/DOB Year' is clicked on

2018-12-10 17:12:08 - [TEST_STEP][PASSED] - Statement - selectYear = com.kms.katalon.core.webui.keyword.WebUiBuiltInKeywords.modifyObjectProperty(selectYear, "xpath", "equals", "//div/div/div/select/option[@value="" + FiftysevenYrsBefore + ""]", true): Modify property of object successfully

2018-12-10 17:12:08 - [MESSAGE][PASSED] - Modify property of object successfully

2018-12-10 17:12:08 - [TEST_STEP][PASSED] - click: Object: '' is clicked on

2018-12-10 17:12:08 - [MESSAGE][PASSED] - Object: '' is clicked on

2018-12-10 17:12:08 - [TEST_STEP][PASSED] - Statement - UpdatedSelectDate = com.kms.katalon.core.webui.keyword.WebUiBuiltInKeywords.modifyObjectProperty(com.kms.katalon.core.testobject.ObjectRepository.findTestObject(Final Object Repo/New Registration - Registration Module Pages/Form 2/DOB Date), "xpath", "equals", "//body/div/table/tbody/tr/td/a[text()="" + CurrentDate + ""]", true): Modify property of object successfully

2018-12-10 17:12:08 - [MESSAGE][PASSED] - Modify property of object successfully

2018-12-10 17:12:08 - [TEST_STEP][PASSED] - click: Object: 'Object Repository/Final Object Repo/New Registration - Registration Module Pages/Form 2/DOB Date' is clicked on

2018-12-10 17:12:08 - [MESSAGE][PASSED] - Object: 'Object Repository/Final Object Repo/New Registration - Registration Module Pages/Form 2/DOB Date' is clicked on

2018-12-10 17:12:08 - [TEST_STEP][PASSED] - click: Object: 'Object Repository/Final Object Repo/New Registration - Registration Module Pages/Form 2/EmploymentStartDate Pop Up' is clicked on

2018-12-10 17:12:08 - [MESSAGE][PASSED] - Object: 'Object Repository/Final Object Repo/New Registration - Registration Module Pages/Form 2/EmploymentStartDate Pop Up' is clicked on

2018-12-10 17:12:08 - [TEST_STEP][PASSED] - delay: Delayed 2 second(s)

2018-12-10 17:12:10 - [MESSAGE][PASSED] - Delayed 2 second(s)

2018-12-10 17:12:10 - [TEST_STEP][PASSED] - click: Object: 'Object Repository/Final Object Repo/New Registration - Registration Module Pages/Form 2/Socso Employment StartDate Month' is clicked on

2018-12-10 17:12:11 - [MESSAGE][PASSED] - Object: 'Object Repository/Final Object Repo/New Registration - Registration Module Pages/Form 2/Socso Employment StartDate Month' is clicked on

2018-12-10 17:12:11 - [TEST_STEP][PASSED] - delay: Delayed 1 second(s)

2018-12-10 17:12:12 - [MESSAGE][PASSED] - Delayed 1 second(s)

2018-12-10 17:12:12 - [TEST_STEP][PASSED] - click: Object: 'Object Repository/Final Object Repo/New Registration - Registration Module Pages/Form 2/Select Socso Employement Startdate Month' is clicked on

2018-12-10 17:12:12 - [MESSAGE][PASSED] - Object: 'Object Repository/Final Object Repo/New Registration - Registration Module Pages/Form 2/Select Socso Employement Startdate Month' is clicked on

2018-12-10 17:12:12 - [TEST_STEP][PASSED] - delay: Delayed 2 second(s)

2018-12-10 17:12:14 - [MESSAGE][PASSED] - Delayed 2 second(s)

2018-12-10 17:12:14 - [TEST_STEP][PASSED] - click: Object: 'Object Repository/Final Object Repo/New Registration - Registration Module Pages/Form 2/Socso Employment StartDate Year' is clicked on

2018-12-10 17:12:14 - [MESSAGE][PASSED] - Object: 'Object Repository/Final Object Repo/New Registration - Registration Module Pages/Form 2/Socso Employment StartDate Year' is clicked on

2018-12-10 17:12:14 - [TEST_STEP][PASSED] - delay: Delayed 1 second(s)

2018-12-10 17:12:15 - [MESSAGE][PASSED] - Delayed 1 second(s)

2018-12-10 17:12:15 - [TEST_STEP][PASSED] - click: Object: 'Object Repository/Final Object Repo/New Registration - Registration Module Pages/Form 2/Select Socso Employment Startdate Year' is clicked on

2018-12-10 17:12:15 - [MESSAGE][PASSED] - Object: 'Object Repository/Final Object Repo/New Registration - Registration Module Pages/Form 2/Select Socso Employment Startdate Year' is clicked on

2018-12-10 17:12:15 - [TEST_STEP][PASSED] - delay: Delayed 2 second(s)

2018-12-10 17:12:17 - [MESSAGE][PASSED] - Delayed 2 second(s)

2018-12-10 17:12:17 - [TEST_STEP][PASSED] - click: Object: 'Object Repository/Final Object Repo/New Registration - Registration Module Pages/Form 2/Socso Employment Start Date Day' is clicked on

2018-12-10 17:12:17 - [MESSAGE][PASSED] - Object: 'Object Repository/Final Object Repo/New Registration - Registration Module Pages/Form 2/Socso Employment Start Date Day' is clicked on

2018-12-10 17:12:17 - [TEST_STEP][PASSED] - delay: Delayed 2 second(s)

2018-12-10 17:12:19 - [MESSAGE][PASSED] - Delayed 2 second(s)

2018-12-10 17:12:19 - [TEST_STEP][PASSED] - click: Object: 'Object Repository/Final Object Repo/New Registration - Registration Module Pages/Form 2/Save Button for Add Employee' is clicked on

2018-12-10 17:12:19 - [MESSAGE][PASSED] - Object: 'Object Repository/Final Object Repo/New Registration - Registration Module Pages/Form 2/Save Button for Add Employee' is clicked on

2018-12-10 17:12:19 - [TEST_STEP][PASSED] - delay: Delayed 2 second(s)

2018-12-10 17:12:21 - [MESSAGE][PASSED] - Delayed 2 second(s)

2018-12-10 17:12:21 - [TEST_STEP][PASSED] - click: Object: 'Object Repository/Final Object Repo/New Registration - Registration Module Pages/Form 2/Save and Continue Form 2' is clicked on

2018-12-10 17:12:22 - [MESSAGE][PASSED] - Object: 'Object Repository/Final Object Repo/New Registration - Registration Module Pages/Form 2/Save and Continue Form 2' is clicked on

2018-12-10 17:12:22 - [MESSAGE][PASSED] - Call Test Case 'Test Cases/Final Aug 2018 - PKS Automation/Registration Module/New Registration/Form 2/Add 2 Eligible 2 Not Eligible' successfully

2018-12-10 17:12:22 - [TEST_STEP][PASSED] - callTestCase: Call Test Case 'Test Cases/Final Aug 2018 - PKS Automation/Registration Module/New Registration/Flow of New Registration/Third Screen - Upload Supporting Doc - Preview' successfully

2018-12-10 17:12:22 - [TEST_CASE][PASSED] - Test Cases/Final Aug 2018 - PKS Automation/Registration Module/New Registration/Flow of New Registration/Third Screen - Upload Supporting Doc - Preview: Test Cases/Final Aug 2018 - PKS Automation/Registration Module/New Registration/Flow of New Registration/Third Screen - Upload Supporting Doc - Preview

2018-12-10 17:12:22 - [TEST_STEP][PASSED] - waitForPageLoad: Wait for page load successfully

2018-12-10 17:12:23 - [MESSAGE][PASSED] - Wait for page load successfully

2018-12-10 17:12:23 - [TEST_STEP][PASSED] - Statement - CaseReferenceNo = com.kms.katalon.core.webui.keyword.WebUiBuiltInKeywords.getText(com.kms.katalon.core.testobject.ObjectRepository.findTestObject(Final Object Repo/New Registration - Registration Module Pages/Third Screen - Upload Supporting Doc- Preview/RefNo Acquiring)): Text of object 'Object Repository/Final Object Repo/New Registration - Registration Module Pages/Third Screen - Upload Supporting Doc- Preview/RefNo Acquiring' is: 'CRN12201800123133'

2018-12-10 17:12:23 - [MESSAGE][PASSED] - Text of object 'Object Repository/Final Object Repo/New Registration - Registration Module Pages/Third Screen - Upload Supporting Doc- Preview/RefNo Acquiring' is: 'CRN12201800123133'

2018-12-10 17:12:23 - [TEST_STEP][PASSED] - delay: Delayed 2 second(s)

2018-12-10 17:12:25 - [MESSAGE][PASSED] - Delayed 2 second(s)

2018-12-10 17:12:25 - [TEST_STEP][PASSED] - callTestCase: Call Test Case 'Test Cases/Final Aug 2018 - PKS Automation/Common/Reference Number Setter' successfully

2018-12-10 17:12:25 - [TEST_CASE][PASSED] - Test Cases/Final Aug 2018 - PKS Automation/Common/Reference Number Setter: Test Cases/Final Aug 2018 - PKS Automation/Common/Reference Number Setter

2018-12-10 17:12:25 - [TEST_STEP][PASSED] - Statement - RefNoOldFile = new java.io.File(C://Users//Admin//Desktop//PKS//Automation Reference Point//KatalonReference.txt): null

2018-12-10 17:12:25 - [TEST_STEP][PASSED] - Statement - RefNoOldFile.delete(): null

2018-12-10 17:12:25 - [TEST_STEP][PASSED] - delay: Delayed 5 second(s)

2018-12-10 17:12:30 - [MESSAGE][PASSED] - Delayed 5 second(s)

2018-12-10 17:12:30 - [TEST_STEP][PASSED] - Statement - RefNo = new java.io.File(C://Users//Admin//Desktop//PKS//Automation Reference Point//KatalonReference.txt): null

2018-12-10 17:12:30 - [TEST_STEP][PASSED] - Statement - f2 = new java.io.FileWriter(RefNo, false): null

2018-12-10 17:12:30 - [TEST_STEP][PASSED] - Statement - f2.write(CaseReferenceNo): null

2018-12-10 17:12:30 - [TEST_STEP][PASSED] - Statement - f2.close(): null

2018-12-10 17:12:30 - [TEST_STEP][PASSED] - Statement - out.println("


" + CaseReferenceNo + "


"): null

2018-12-10 17:12:30 - [MESSAGE][PASSED] - Call Test Case 'Test Cases/Final Aug 2018 - PKS Automation/Common/Reference Number Setter' successfully

2018-12-10 17:12:30 - [TEST_STEP][PASSED] - waitForElementClickable: Object 'Object Repository/Final Object Repo/New Registration - Registration Module Pages/Third Screen - Upload Supporting Doc- Preview/Save n Continue in SIP Employee Listing Page' is clickable

2018-12-10 17:12:30 - [MESSAGE][PASSED] - Object 'Object Repository/Final Object Repo/New Registration - Registration Module Pages/Third Screen - Upload Supporting Doc- Preview/Save n Continue in SIP Employee Listing Page' is clickable

2018-12-10 17:12:30 - [TEST_STEP][PASSED] - click: Object: 'Object Repository/Final Object Repo/New Registration - Registration Module Pages/Third Screen - Upload Supporting Doc- Preview/Save n Continue in SIP Employee Listing Page' is clicked on

2018-12-10 17:12:35 - [MESSAGE][PASSED] - Object: 'Object Repository/Final Object Repo/New Registration - Registration Module Pages/Third Screen - Upload Supporting Doc- Preview/Save n Continue in SIP Employee Listing Page' is clicked on

2018-12-10 17:12:35 - [TEST_STEP][PASSED] - delay: Delayed 7 second(s)

2018-12-10 17:12:42 - [MESSAGE][PASSED] - Delayed 7 second(s)

2018-12-10 17:12:42 - [TEST_STEP][PASSED] - click: Object: 'Object Repository/Final Object Repo/New Registration - Registration Module Pages/Third Screen - Upload Supporting Doc- Preview/Add Document Button' is clicked on

2018-12-10 17:12:42 - [MESSAGE][PASSED] - Object: 'Object Repository/Final Object Repo/New Registration - Registration Module Pages/Third Screen - Upload Supporting Doc- Preview/Add Document Button' is clicked on

2018-12-10 17:12:42 - [TEST_STEP][PASSED] - delay: Delayed 30 second(s)

2018-12-10 17:13:12 - [MESSAGE][PASSED] - Delayed 30 second(s)

2018-12-10 17:13:12 - [TEST_STEP][PASSED] - click: Object: 'Object Repository/Final Object Repo/New Registration - Registration Module Pages/Third Screen - Upload Supporting Doc- Preview/Supporting Doc Please Select Drop Down' is clicked on

2018-12-10 17:13:13 - [MESSAGE][PASSED] - Object: 'Object Repository/Final Object Repo/New Registration - Registration Module Pages/Third Screen - Upload Supporting Doc- Preview/Supporting Doc Please Select Drop Down' is clicked on

2018-12-10 17:13:13 - [TEST_STEP][PASSED] - delay: Delayed 2 second(s)

2018-12-10 17:13:15 - [MESSAGE][PASSED] - Delayed 2 second(s)

2018-12-10 17:13:15 - [TEST_STEP][PASSED] - click: Object: 'Object Repository/Final Object Repo/New Registration - Registration Module Pages/Third Screen - Upload Supporting Doc- Preview/Select to Upload Form 1' is clicked on

2018-12-10 17:13:15 - [MESSAGE][PASSED] - Object: 'Object Repository/Final Object Repo/New Registration - Registration Module Pages/Third Screen - Upload Supporting Doc- Preview/Select to Upload Form 1' is clicked on

2018-12-10 17:13:15 - [TEST_STEP][PASSED] - delay: Delayed 2 second(s)

2018-12-10 17:13:17 - [MESSAGE][PASSED] - Delayed 2 second(s)

2018-12-10 17:13:17 - [TEST_STEP][PASSED] - uploadFile: File 'C:\Users\Public\Pictures\Sample Pictures\Koala.jpg' sent to object: 'Object Repository/Final Object Repo/New Registration - Registration Module Pages/Third Screen - Upload Supporting Doc- Preview/Upload File Adding'

2018-12-10 17:13:17 - [MESSAGE][PASSED] - File 'C:\Users\Public\Pictures\Sample Pictures\Koala.jpg' sent to object: 'Object Repository/Final Object Repo/New Registration - Registration Module Pages/Third Screen - Upload Supporting Doc- Preview/Upload File Adding'

2018-12-10 17:13:17 - [TEST_STEP][PASSED] - delay: Delayed 5 second(s)

2018-12-10 17:13:22 - [MESSAGE][PASSED] - Delayed 5 second(s)

2018-12-10 17:13:22 - [TEST_STEP][PASSED] - click: Object: 'Object Repository/Final Object Repo/New Registration - Registration Module Pages/Third Screen - Upload Supporting Doc- Preview/Inner Form Add Document Button' is clicked on

2018-12-10 17:13:22 - [MESSAGE][PASSED] - Object: 'Object Repository/Final Object Repo/New Registration - Registration Module Pages/Third Screen - Upload Supporting Doc- Preview/Inner Form Add Document Button' is clicked on

2018-12-10 17:13:22 - [TEST_STEP][PASSED] - delay: Delayed 3 second(s)

2018-12-10 17:13:25 - [MESSAGE][PASSED] - Delayed 3 second(s)

2018-12-10 17:13:25 - [TEST_STEP][PASSED] - click: Object: 'Object Repository/Final Object Repo/New Registration - Registration Module Pages/Third Screen - Upload Supporting Doc- Preview/Add Document Button' is clicked on

2018-12-10 17:13:26 - [MESSAGE][PASSED] - Object: 'Object Repository/Final Object Repo/New Registration - Registration Module Pages/Third Screen - Upload Supporting Doc- Preview/Add Document Button' is clicked on

2018-12-10 17:13:26 - [TEST_STEP][PASSED] - delay: Delayed 30 second(s)

2018-12-10 17:13:56 - [MESSAGE][PASSED] - Delayed 30 second(s)

2018-12-10 17:13:56 - [TEST_STEP][PASSED] - click: Object: 'Object Repository/Final Object Repo/New Registration - Registration Module Pages/Third Screen - Upload Supporting Doc- Preview/Supporting Doc Please Select Drop Down' is clicked on

2018-12-10 17:13:56 - [MESSAGE][PASSED] - Object: 'Object Repository/Final Object Repo/New Registration - Registration Module Pages/Third Screen - Upload Supporting Doc- Preview/Supporting Doc Please Select Drop Down' is clicked on

2018-12-10 17:13:56 - [TEST_STEP][PASSED] - delay: Delayed 4 second(s)

2018-12-10 17:14:00 - [MESSAGE][PASSED] - Delayed 4 second(s)

2018-12-10 17:14:00 - [TEST_STEP][PASSED] - click: Object: 'Object Repository/Final Object Repo/New Registration - Registration Module Pages/Third Screen - Upload Supporting Doc- Preview/Select to Upload Form 2' is clicked on

2018-12-10 17:14:00 - [MESSAGE][PASSED] - Object: 'Object Repository/Final Object Repo/New Registration - Registration Module Pages/Third Screen - Upload Supporting Doc- Preview/Select to Upload Form 2' is clicked on

2018-12-10 17:14:00 - [TEST_STEP][PASSED] - delay: Delayed 2 second(s)

2018-12-10 17:14:02 - [MESSAGE][PASSED] - Delayed 2 second(s)

2018-12-10 17:14:02 - [TEST_STEP][PASSED] - uploadFile: File 'C:\Users\Public\Pictures\Sample Pictures\Koala.jpg' sent to object: 'Object Repository/Final Object Repo/New Registration - Registration Module Pages/Third Screen - Upload Supporting Doc- Preview/Upload File Adding'

2018-12-10 17:14:03 - [MESSAGE][PASSED] - File 'C:\Users\Public\Pictures\Sample Pictures\Koala.jpg' sent to object: 'Object Repository/Final Object Repo/New Registration - Registration Module Pages/Third Screen - Upload Supporting Doc- Preview/Upload File Adding'

2018-12-10 17:14:03 - [TEST_STEP][PASSED] - click: Object: 'Object Repository/Final Object Repo/New Registration - Registration Module Pages/Third Screen - Upload Supporting Doc- Preview/Inner Form Add Document Button' is clicked on

2018-12-10 17:14:03 - [MESSAGE][PASSED] - Object: 'Object Repository/Final Object Repo/New Registration - Registration Module Pages/Third Screen - Upload Supporting Doc- Preview/Inner Form Add Document Button' is clicked on

2018-12-10 17:14:03 - [TEST_STEP][PASSED] - delay: Delayed 5 second(s)

2018-12-10 17:14:08 - [MESSAGE][PASSED] - Delayed 5 second(s)

2018-12-10 17:14:08 - [TEST_STEP][PASSED] - click: Object: 'Object Repository/Final Object Repo/New Registration - Registration Module Pages/Third Screen - Upload Supporting Doc- Preview/Add Document Button' is clicked on

2018-12-10 17:14:08 - [MESSAGE][PASSED] - Object: 'Object Repository/Final Object Repo/New Registration - Registration Module Pages/Third Screen - Upload Supporting Doc- Preview/Add Document Button' is clicked on

2018-12-10 17:14:08 - [TEST_STEP][PASSED] - delay: Delayed 30 second(s)

2018-12-10 17:14:38 - [MESSAGE][PASSED] - Delayed 30 second(s)

2018-12-10 17:14:38 - [TEST_STEP][PASSED] - click: Object: 'Object Repository/Final Object Repo/New Registration - Registration Module Pages/Third Screen - Upload Supporting Doc- Preview/Supporting Doc Please Select Drop Down' is clicked on

2018-12-10 17:14:38 - [MESSAGE][PASSED] - Object: 'Object Repository/Final Object Repo/New Registration - Registration Module Pages/Third Screen - Upload Supporting Doc- Preview/Supporting Doc Please Select Drop Down' is clicked on

2018-12-10 17:14:38 - [TEST_STEP][PASSED] - click: Object: 'Object Repository/Final Object Repo/New Registration - Registration Module Pages/Third Screen - Upload Supporting Doc- Preview/Select to Upload Borang SIP 1' is clicked on

2018-12-10 17:14:38 - [MESSAGE][PASSED] - Object: 'Object Repository/Final Object Repo/New Registration - Registration Module Pages/Third Screen - Upload Supporting Doc- Preview/Select to Upload Borang SIP 1' is clicked on

2018-12-10 17:14:38 - [TEST_STEP][PASSED] - delay: Delayed 2 second(s)

2018-12-10 17:14:40 - [MESSAGE][PASSED] - Delayed 2 second(s)

2018-12-10 17:14:40 - [TEST_STEP][PASSED] - uploadFile: File 'C:\Users\Public\Pictures\Sample Pictures\Koala.jpg' sent to object: 'Object Repository/Final Object Repo/New Registration - Registration Module Pages/Third Screen - Upload Supporting Doc- Preview/Upload File Adding'

2018-12-10 17:14:40 - [MESSAGE][PASSED] - File 'C:\Users\Public\Pictures\Sample Pictures\Koala.jpg' sent to object: 'Object Repository/Final Object Repo/New Registration - Registration Module Pages/Third Screen - Upload Supporting Doc- Preview/Upload File Adding'

2018-12-10 17:14:40 - [TEST_STEP][PASSED] - click: Object: 'Object Repository/Final Object Repo/New Registration - Registration Module Pages/Third Screen - Upload Supporting Doc- Preview/Inner Form Add Document Button' is clicked on

2018-12-10 17:14:41 - [MESSAGE][PASSED] - Object: 'Object Repository/Final Object Repo/New Registration - Registration Module Pages/Third Screen - Upload Supporting Doc- Preview/Inner Form Add Document Button' is clicked on

2018-12-10 17:14:41 - [TEST_STEP][PASSED] - delay: Delayed 5 second(s)

2018-12-10 17:14:46 - [MESSAGE][PASSED] - Delayed 5 second(s)

2018-12-10 17:14:46 - [TEST_STEP][PASSED] - click: Object: 'Object Repository/Final Object Repo/New Registration - Registration Module Pages/Third Screen - Upload Supporting Doc- Preview/Add Document Button' is clicked on

2018-12-10 17:14:46 - [MESSAGE][PASSED] - Object: 'Object Repository/Final Object Repo/New Registration - Registration Module Pages/Third Screen - Upload Supporting Doc- Preview/Add Document Button' is clicked on

2018-12-10 17:14:46 - [TEST_STEP][PASSED] - delay: Delayed 30 second(s)

2018-12-10 17:15:16 - [MESSAGE][PASSED] - Delayed 30 second(s)

2018-12-10 17:15:16 - [TEST_STEP][PASSED] - click: Object: 'Object Repository/Final Object Repo/New Registration - Registration Module Pages/Third Screen - Upload Supporting Doc- Preview/Supporting Doc Please Select Drop Down' is clicked on

2018-12-10 17:15:16 - [MESSAGE][PASSED] - Object: 'Object Repository/Final Object Repo/New Registration - Registration Module Pages/Third Screen - Upload Supporting Doc- Preview/Supporting Doc Please Select Drop Down' is clicked on

2018-12-10 17:15:16 - [TEST_STEP][PASSED] - delay: Delayed 3 second(s)

2018-12-10 17:15:19 - [MESSAGE][PASSED] - Delayed 3 second(s)

2018-12-10 17:15:19 - [TEST_STEP][PASSED] - click: Object: 'Object Repository/Final Object Repo/New Registration - Registration Module Pages/Third Screen - Upload Supporting Doc- Preview/Select to Upload Borang SIP 2' is clicked on

2018-12-10 17:15:19 - [MESSAGE][PASSED] - Object: 'Object Repository/Final Object Repo/New Registration - Registration Module Pages/Third Screen - Upload Supporting Doc- Preview/Select to Upload Borang SIP 2' is clicked on

2018-12-10 17:15:19 - [TEST_STEP][PASSED] - delay: Delayed 2 second(s)

2018-12-10 17:15:21 - [MESSAGE][PASSED] - Delayed 2 second(s)

2018-12-10 17:15:21 - [TEST_STEP][PASSED] - uploadFile: File 'C:\Users\Public\Pictures\Sample Pictures\Koala.jpg' sent to object: 'Object Repository/Final Object Repo/New Registration - Registration Module Pages/Third Screen - Upload Supporting Doc- Preview/Upload File Adding'

2018-12-10 17:15:21 - [MESSAGE][PASSED] - File 'C:\Users\Public\Pictures\Sample Pictures\Koala.jpg' sent to object: 'Object Repository/Final Object Repo/New Registration - Registration Module Pages/Third Screen - Upload Supporting Doc- Preview/Upload File Adding'

2018-12-10 17:15:21 - [TEST_STEP][PASSED] - delay: Delayed 5 second(s)

2018-12-10 17:15:26 - [MESSAGE][PASSED] - Delayed 5 second(s)

2018-12-10 17:15:26 - [TEST_STEP][PASSED] - click: Object: 'Object Repository/Final Object Repo/New Registration - Registration Module Pages/Third Screen - Upload Supporting Doc- Preview/Inner Form Add Document Button' is clicked on

2018-12-10 17:15:26 - [MESSAGE][PASSED] - Object: 'Object Repository/Final Object Repo/New Registration - Registration Module Pages/Third Screen - Upload Supporting Doc- Preview/Inner Form Add Document Button' is clicked on

2018-12-10 17:15:26 - [TEST_STEP][PASSED] - delay: Delayed 3 second(s)

2018-12-10 17:15:29 - [MESSAGE][PASSED] - Delayed 3 second(s)

2018-12-10 17:15:29 - [TEST_STEP][PASSED] - waitForElementClickable: Object 'Object Repository/Final Object Repo/New Registration - Registration Module Pages/Third Screen - Upload Supporting Doc- Preview/Save n Continue in Uploading Supporting Doc Page' is clickable

2018-12-10 17:15:31 - [MESSAGE][PASSED] - Object 'Object Repository/Final Object Repo/New Registration - Registration Module Pages/Third Screen - Upload Supporting Doc- Preview/Save n Continue in Uploading Supporting Doc Page' is clickable

2018-12-10 17:15:31 - [TEST_STEP][PASSED] - click: Object: 'Object Repository/Final Object Repo/New Registration - Registration Module Pages/Third Screen - Upload Supporting Doc- Preview/Save n Continue in Uploading Supporting Doc Page' is clicked on

2018-12-10 17:15:31 - [MESSAGE][PASSED] - Object: 'Object Repository/Final Object Repo/New Registration - Registration Module Pages/Third Screen - Upload Supporting Doc- Preview/Save n Continue in Uploading Supporting Doc Page' is clicked on

2018-12-10 17:15:31 - [MESSAGE][PASSED] - Call Test Case 'Test Cases/Final Aug 2018 - PKS Automation/Registration Module/New Registration/Flow of New Registration/Third Screen - Upload Supporting Doc - Preview' successfully

2018-12-10 17:15:31 - [TEST_STEP][PASSED] - callTestCase: Call Test Case 'Test Cases/Final Aug 2018 - PKS Automation/Registration Module/New Registration/Submit and Screenshot/Submit Registration and Screenshot' successfully

2018-12-10 17:15:31 - [TEST_CASE][PASSED] - Test Cases/Final Aug 2018 - PKS Automation/Registration Module/New Registration/Submit and Screenshot/Submit Registration and Screenshot: Test Cases/Final Aug 2018 - PKS Automation/Registration Module/New Registration/Submit and Screenshot/Submit Registration and Screenshot

2018-12-10 17:15:31 - [TEST_STEP][PASSED] - delay: Delayed 6 second(s)

2018-12-10 17:15:37 - [MESSAGE][PASSED] - Delayed 6 second(s)

2018-12-10 17:15:37 - [TEST_STEP][PASSED] - click: Object: 'Object Repository/Final Object Repo/New Registration - Registration Module Pages/Third Screen - Upload Supporting Doc- Preview/Preview Submit Button' is clicked on

2018-12-10 17:15:37 - [MESSAGE][PASSED] - Object: 'Object Repository/Final Object Repo/New Registration - Registration Module Pages/Third Screen - Upload Supporting Doc- Preview/Preview Submit Button' is clicked on

2018-12-10 17:15:37 - [TEST_STEP][PASSED] - delay: Delayed 2 second(s)

2018-12-10 17:15:39 - [MESSAGE][PASSED] - Delayed 2 second(s)

2018-12-10 17:15:39 - [TEST_STEP][PASSED] - click: Object: 'Object Repository/Final Object Repo/New Registration - Registration Module Pages/Third Screen - Upload Supporting Doc- Preview/Preview Submit - Confirm' is clicked on

2018-12-10 17:15:39 - [MESSAGE][PASSED] - Object: 'Object Repository/Final Object Repo/New Registration - Registration Module Pages/Third Screen - Upload Supporting Doc- Preview/Preview Submit - Confirm' is clicked on

2018-12-10 17:15:39 - [TEST_STEP][PASSED] - delay: Delayed 15 second(s)

2018-12-10 17:15:54 - [MESSAGE][PASSED] - Delayed 15 second(s)

2018-12-10 17:15:54 - [TEST_STEP][PASSED] - Statement - driver = com.kms.katalon.core.webui.driver.DriverFactory.getWebDriver(): null

2018-12-10 17:15:54 - [TEST_STEP][PASSED] - Statement - driver.manage().timeouts().implicitlyWait(10, SECONDS): null

2018-12-10 17:15:54 - [TEST_STEP][PASSED] - Statement - PresavePath = KatalonScreenshots: null

2018-12-10 17:15:54 - [TEST_STEP][PASSED] - Statement - pathPrefix = "C:\Users\Public\Pictures\Sample Pictures\Katalon Screenshots\Automate Ending Screen": null

2018-12-10 17:15:54 - [TEST_STEP][PASSED] - Statement - finalPath = <not implemented yet for class: org.codehaus.groovy.ast.expr.EmptyExpression>: null

2018-12-10 17:15:54 - [TEST_STEP][PASSED] - Statement - scrFile = driver.getScreenshotAs(FILE): null

2018-12-10 17:15:55 - [TEST_STEP][PASSED] - Statement - PreSaveFile = new java.io.File(PresavePath): null

2018-12-10 17:15:55 - [TEST_STEP][PASSED] - Statement - counter = 0: null

2018-12-10 17:15:55 - [TEST_STEP][PASSED] - Statement - If (PreSaveFile.exists()): null

2018-12-10 17:15:55 - [TEST_STEP][PASSED] - Statement - While (PreSaveFile.exists()): null

2018-12-10 17:15:55 - [TEST_STEP][PASSED] - Statement - counter = counter + 1: null

2018-12-10 17:15:55 - [TEST_STEP][PASSED] - Statement - PreSaveFile = new java.io.File(((pathPrefix + java.lang.Integer.toString(counter)) + .png)): null

2018-12-10 17:15:55 - [TEST_STEP][PASSED] - Statement - counter = counter + 1: null

2018-12-10 17:15:55 - [TEST_STEP][PASSED] - Statement - PreSaveFile = new java.io.File(((pathPrefix + java.lang.Integer.toString(counter)) + .png)): null

2018-12-10 17:15:55 - [TEST_STEP][PASSED] - Statement - finalPath = pathPrefix + java.lang.Integer.toString(counter) + ".png": null

2018-12-10 17:15:55 - [TEST_STEP][PASSED] - Statement - SaveFile = new java.io.File(finalPath): null

2018-12-10 17:15:55 - [TEST_STEP][PASSED] - Statement - Try: null

2018-12-10 17:15:55 - [TEST_STEP][PASSED] - Statement - org.apache.commons.io.FileUtils.copyFile(scrFile, SaveFile): null

2018-12-10 17:15:55 - [TEST_STEP][PASSED] - Statement - out.println("file kept"): null

2018-12-10 17:15:55 - [TEST_STEP][PASSED] - delay: Delayed 10 second(s)

2018-12-10 17:16:05 - [MESSAGE][PASSED] - Delayed 10 second(s)

2018-12-10 17:16:05 - [MESSAGE][PASSED] - Call Test Case 'Test Cases/Final Aug 2018 - PKS Automation/Registration Module/New Registration/Submit and Screenshot/Submit Registration and Screenshot' successfully]]></system-out>
         <system-err><![CDATA[]]></system-err>
      </testcase>
      <testcase name="Test Cases/Final Aug 2018 - PKS Automation/Registration Module/Critical Path/New Registration/Other - Embassy" classname="Test Cases/Final Aug 2018 - PKS Automation/Registration Module/Critical Path/New Registration/Other - Embassy" status="PASSED">
         <system-out><![CDATA[2018-12-10 17:16:05 - [TEST_CASE][PASSED] - Test Cases/Final Aug 2018 - PKS Automation/Registration Module/Critical Path/New Registration/Other - Embassy: Test Cases/Final Aug 2018 - PKS Automation/Registration Module/Critical Path/New Registration/Other - Embassy

2018-12-10 17:16:05 - [TEST_STEP][PASSED] - callTestCase: Call Test Case 'Test Cases/Final Aug 2018 - PKS Automation/Registration Module/New Registration/Form 1/Form 1 - Other - Embassy' successfully

2018-12-10 17:16:05 - [TEST_CASE][PASSED] - Test Cases/Final Aug 2018 - PKS Automation/Registration Module/New Registration/Form 1/Form 1 - Other - Embassy: Test Cases/Final Aug 2018 - PKS Automation/Registration Module/New Registration/Form 1/Form 1 - Other - Embassy

2018-12-10 17:16:05 - [TEST_STEP][PASSED] - openBrowser: Browser is opened with url: ''

2018-12-10 17:16:05 - [MESSAGE][WARNING] - A browser is already opened. Closing browser and opening a new one

2018-12-10 17:16:08 - [MESSAGE][PASSED] - Browser is opened with url: ''

2018-12-10 17:16:08 - [TEST_STEP][PASSED] - navigateToUrl: Navigate to 'https://assist2-uat.perkeso.gov.my/login' successfully

2018-12-10 17:16:09 - [MESSAGE][PASSED] - Navigate to 'https://assist2-uat.perkeso.gov.my/login' successfully

2018-12-10 17:16:09 - [TEST_STEP][PASSED] - setText: Text 'johorotc1@gmail.com' is set on object 'Object Repository/Final Object Repo/Login Page/Internal User/Email Address'

2018-12-10 17:16:09 - [MESSAGE][PASSED] - Text 'johorotc1@gmail.com' is set on object 'Object Repository/Final Object Repo/Login Page/Internal User/Email Address'

2018-12-10 17:16:09 - [TEST_STEP][PASSED] - click: Object: 'Object Repository/Final Object Repo/Login Page/Internal User/Next Button' is clicked on

2018-12-10 17:16:10 - [MESSAGE][PASSED] - Object: 'Object Repository/Final Object Repo/Login Page/Internal User/Next Button' is clicked on

2018-12-10 17:16:10 - [TEST_STEP][PASSED] - delay: Delayed 1 second(s)

2018-12-10 17:16:11 - [MESSAGE][PASSED] - Delayed 1 second(s)

2018-12-10 17:16:11 - [TEST_STEP][PASSED] - setEncryptedText: Text ****** has been set on object 'Object Repository/Final Object Repo/Login Page/Internal User/Password'

2018-12-10 17:16:11 - [MESSAGE][PASSED] - Text ****** has been set on object 'Object Repository/Final Object Repo/Login Page/Internal User/Password'

2018-12-10 17:16:11 - [TEST_STEP][PASSED] - click: Object: 'Object Repository/Final Object Repo/Login Page/Internal User/Login Button' is clicked on

2018-12-10 17:16:11 - [MESSAGE][PASSED] - Object: 'Object Repository/Final Object Repo/Login Page/Internal User/Login Button' is clicked on

2018-12-10 17:16:11 - [TEST_STEP][PASSED] - delay: Delayed 1 second(s)

2018-12-10 17:16:12 - [MESSAGE][PASSED] - Delayed 1 second(s)

2018-12-10 17:16:12 - [TEST_STEP][PASSED] - Statement - Try: Delayed 2 second(s)

2018-12-10 17:16:12 - [TEST_STEP][PASSED] - Statement - Checker = false: null

2018-12-10 17:16:12 - [TEST_STEP][PASSED] - Statement - Checker = com.kms.katalon.core.webui.keyword.WebUiBuiltInKeywords.verifyElementHasAttribute(com.kms.katalon.core.testobject.ObjectRepository.findTestObject(Final Object Repo/Landing Page/BM Detecting), "href", 20, OPTIONAL): Object 'Object Repository/Final Object Repo/Landing Page/BM Detecting' has attribute 'href'

2018-12-10 17:16:13 - [MESSAGE][PASSED] - Object 'Object Repository/Final Object Repo/Landing Page/BM Detecting' has attribute 'href'

2018-12-10 17:16:13 - [TEST_STEP][PASSED] - Statement - out.println(Checker): null

2018-12-10 17:16:13 - [TEST_STEP][PASSED] - Statement - If (Checker == false): null

2018-12-10 17:16:13 - [TEST_STEP][PASSED] - Statement - Else: null

2018-12-10 17:16:13 - [TEST_STEP][PASSED] - delay: Delayed 2 second(s)

2018-12-10 17:16:15 - [MESSAGE][PASSED] - Delayed 2 second(s)

2018-12-10 17:16:15 - [TEST_STEP][PASSED] - navigateToUrl: Navigate to 'https://assist2-uat.perkeso.gov.my/web/registration/registration' successfully

2018-12-10 17:16:16 - [MESSAGE][PASSED] - Navigate to 'https://assist2-uat.perkeso.gov.my/web/registration/registration' successfully

2018-12-10 17:16:16 - [TEST_STEP][PASSED] - click: Object: 'Object Repository/Final Object Repo/New Registration - Registration Module Pages/Form 1/AEC - No' is clicked on

2018-12-10 17:16:16 - [MESSAGE][PASSED] - Object: 'Object Repository/Final Object Repo/New Registration - Registration Module Pages/Form 1/AEC - No' is clicked on

2018-12-10 17:16:16 - [TEST_STEP][PASSED] - click: Object: 'Object Repository/Final Object Repo/New Registration - Registration Module Pages/Form 1/Business Entity' is clicked on

2018-12-10 17:16:17 - [MESSAGE][PASSED] - Object: 'Object Repository/Final Object Repo/New Registration - Registration Module Pages/Form 1/Business Entity' is clicked on

2018-12-10 17:16:17 - [TEST_STEP][PASSED] - click: Object: 'Object Repository/Final Object Repo/New Registration - Registration Module Pages/Form 1/Business Entity - Other' is clicked on

2018-12-10 17:16:17 - [MESSAGE][PASSED] - Object: 'Object Repository/Final Object Repo/New Registration - Registration Module Pages/Form 1/Business Entity - Other' is clicked on

2018-12-10 17:16:17 - [TEST_STEP][PASSED] - delay: Delayed 1 second(s)

2018-12-10 17:16:18 - [MESSAGE][PASSED] - Delayed 1 second(s)

2018-12-10 17:16:18 - [TEST_STEP][PASSED] - click: Object: 'Object Repository/Final Object Repo/New Registration - Registration Module Pages/Form 1/Sub Business Entity' is clicked on

2018-12-10 17:16:18 - [MESSAGE][PASSED] - Object: 'Object Repository/Final Object Repo/New Registration - Registration Module Pages/Form 1/Sub Business Entity' is clicked on

2018-12-10 17:16:18 - [TEST_STEP][PASSED] - click: Object: 'Object Repository/Final Object Repo/New Registration - Registration Module Pages/Form 1/Sub Business Entity - Other/Sub Business Entity  - Embassy' is clicked on

2018-12-10 17:16:18 - [MESSAGE][PASSED] - Object: 'Object Repository/Final Object Repo/New Registration - Registration Module Pages/Form 1/Sub Business Entity - Other/Sub Business Entity  - Embassy' is clicked on

2018-12-10 17:16:18 - [TEST_STEP][PASSED] - delay: Delayed 1 second(s)

2018-12-10 17:16:19 - [MESSAGE][PASSED] - Delayed 1 second(s)

2018-12-10 17:16:19 - [TEST_STEP][NOT_RUN] - delay: NOT_RUN: delay

2018-12-10 17:16:19 - [MESSAGE][NOT_RUN] - NOT_RUN: delay

2018-12-10 17:16:19 - [TEST_STEP][NOT_RUN] - click: NOT_RUN: click

2018-12-10 17:16:19 - [MESSAGE][NOT_RUN] - NOT_RUN: click

2018-12-10 17:16:19 - [TEST_STEP][NOT_RUN] - click: NOT_RUN: click

2018-12-10 17:16:19 - [MESSAGE][NOT_RUN] - NOT_RUN: click

2018-12-10 17:16:19 - [TEST_STEP][NOT_RUN] - delay: NOT_RUN: delay

2018-12-10 17:16:19 - [MESSAGE][NOT_RUN] - NOT_RUN: delay

2018-12-10 17:16:19 - [TEST_STEP][NOT_RUN] - setText: NOT_RUN: setText

2018-12-10 17:16:19 - [MESSAGE][NOT_RUN] - NOT_RUN: setText

2018-12-10 17:16:19 - [TEST_STEP][NOT_RUN] - click: NOT_RUN: click

2018-12-10 17:16:19 - [MESSAGE][NOT_RUN] - NOT_RUN: click

2018-12-10 17:16:19 - [TEST_STEP][PASSED] - click: Object: 'Object Repository/Final Object Repo/New Registration - Registration Module Pages/Form 1/Registered As a Branch - Yes' is clicked on

2018-12-10 17:16:19 - [MESSAGE][PASSED] - Object: 'Object Repository/Final Object Repo/New Registration - Registration Module Pages/Form 1/Registered As a Branch - Yes' is clicked on

2018-12-10 17:16:19 - [TEST_STEP][PASSED] - check: Object 'Object Repository/Final Object Repo/New Registration - Registration Module Pages/Form 1/Acknowledgement' is checked

2018-12-10 17:16:20 - [MESSAGE][PASSED] - Object 'Object Repository/Final Object Repo/New Registration - Registration Module Pages/Form 1/Acknowledgement' is checked

2018-12-10 17:16:20 - [TEST_STEP][PASSED] - click: Object: 'Object Repository/Final Object Repo/New Registration - Registration Module Pages/Form 1/Industry Name Selection' is clicked on

2018-12-10 17:16:20 - [MESSAGE][PASSED] - Object: 'Object Repository/Final Object Repo/New Registration - Registration Module Pages/Form 1/Industry Name Selection' is clicked on

2018-12-10 17:16:20 - [TEST_STEP][PASSED] - click: Object: 'Object Repository/Final Object Repo/New Registration - Registration Module Pages/Form 1/Industry Name List - Other/Others - Embasy - Japan - Embassy of Japan' is clicked on

2018-12-10 17:16:20 - [MESSAGE][PASSED] - Object: 'Object Repository/Final Object Repo/New Registration - Registration Module Pages/Form 1/Industry Name List - Other/Others - Embasy - Japan - Embassy of Japan' is clicked on

2018-12-10 17:16:20 - [TEST_STEP][PASSED] - delay: Delayed 1 second(s)

2018-12-10 17:16:21 - [MESSAGE][PASSED] - Delayed 1 second(s)

2018-12-10 17:16:21 - [TEST_STEP][PASSED] - setText: Text 'perkeso1' is set on object 'Object Repository/Final Object Repo/New Registration - Registration Module Pages/Form 1/Postal Address1'

2018-12-10 17:16:21 - [MESSAGE][PASSED] - Text 'perkeso1' is set on object 'Object Repository/Final Object Repo/New Registration - Registration Module Pages/Form 1/Postal Address1'

2018-12-10 17:16:21 - [TEST_STEP][PASSED] - setText: Text 'perkeso2' is set on object 'Object Repository/Final Object Repo/New Registration - Registration Module Pages/Form 1/Postal Address2'

2018-12-10 17:16:22 - [MESSAGE][PASSED] - Text 'perkeso2' is set on object 'Object Repository/Final Object Repo/New Registration - Registration Module Pages/Form 1/Postal Address2'

2018-12-10 17:16:22 - [TEST_STEP][PASSED] - setText: Text 'perkeso3' is set on object 'Object Repository/Final Object Repo/New Registration - Registration Module Pages/Form 1/Postal Address3'

2018-12-10 17:16:22 - [MESSAGE][PASSED] - Text 'perkeso3' is set on object 'Object Repository/Final Object Repo/New Registration - Registration Module Pages/Form 1/Postal Address3'

2018-12-10 17:16:22 - [TEST_STEP][PASSED] - click: Object: 'Object Repository/Final Object Repo/New Registration - Registration Module Pages/Form 1/State' is clicked on

2018-12-10 17:16:22 - [MESSAGE][PASSED] - Object: 'Object Repository/Final Object Repo/New Registration - Registration Module Pages/Form 1/State' is clicked on

2018-12-10 17:16:22 - [TEST_STEP][PASSED] - click: Object: 'Object Repository/Final Object Repo/New Registration - Registration Module Pages/Form 1/State - Johor' is clicked on

2018-12-10 17:16:23 - [MESSAGE][PASSED] - Object: 'Object Repository/Final Object Repo/New Registration - Registration Module Pages/Form 1/State - Johor' is clicked on

2018-12-10 17:16:23 - [TEST_STEP][PASSED] - delay: Delayed 3 second(s)

2018-12-10 17:16:26 - [MESSAGE][PASSED] - Delayed 3 second(s)

2018-12-10 17:16:26 - [TEST_STEP][PASSED] - click: Object: 'Object Repository/Final Object Repo/New Registration - Registration Module Pages/Form 1/City' is clicked on

2018-12-10 17:16:26 - [MESSAGE][PASSED] - Object: 'Object Repository/Final Object Repo/New Registration - Registration Module Pages/Form 1/City' is clicked on

2018-12-10 17:16:26 - [TEST_STEP][PASSED] - setText: Text 'joh' is set on object 'Object Repository/Final Object Repo/New Registration - Registration Module Pages/Form 1/Postcode - 810'

2018-12-10 17:16:26 - [MESSAGE][PASSED] - Text 'joh' is set on object 'Object Repository/Final Object Repo/New Registration - Registration Module Pages/Form 1/Postcode - 810'

2018-12-10 17:16:26 - [TEST_STEP][PASSED] - delay: Delayed 2 second(s)

2018-12-10 17:16:28 - [MESSAGE][PASSED] - Delayed 2 second(s)

2018-12-10 17:16:28 - [TEST_STEP][PASSED] - click: Object: 'Object Repository/Final Object Repo/New Registration - Registration Module Pages/Form 1/City - Johor Bharu' is clicked on

2018-12-10 17:16:28 - [MESSAGE][PASSED] - Object: 'Object Repository/Final Object Repo/New Registration - Registration Module Pages/Form 1/City - Johor Bharu' is clicked on

2018-12-10 17:16:28 - [TEST_STEP][PASSED] - delay: Delayed 1 second(s)

2018-12-10 17:16:29 - [MESSAGE][PASSED] - Delayed 1 second(s)

2018-12-10 17:16:29 - [TEST_STEP][PASSED] - click: Object: 'Object Repository/Final Object Repo/New Registration - Registration Module Pages/Form 1/Postcode' is clicked on

2018-12-10 17:16:29 - [MESSAGE][PASSED] - Object: 'Object Repository/Final Object Repo/New Registration - Registration Module Pages/Form 1/Postcode' is clicked on

2018-12-10 17:16:29 - [TEST_STEP][PASSED] - delay: Delayed 1 second(s)

2018-12-10 17:16:30 - [MESSAGE][PASSED] - Delayed 1 second(s)

2018-12-10 17:16:30 - [TEST_STEP][PASSED] - setText: Text '810' is set on object 'Object Repository/Final Object Repo/New Registration - Registration Module Pages/Form 1/Postcode - 810'

2018-12-10 17:16:30 - [MESSAGE][PASSED] - Text '810' is set on object 'Object Repository/Final Object Repo/New Registration - Registration Module Pages/Form 1/Postcode - 810'

2018-12-10 17:16:30 - [TEST_STEP][PASSED] - delay: Delayed 1 second(s)

2018-12-10 17:16:31 - [MESSAGE][PASSED] - Delayed 1 second(s)

2018-12-10 17:16:31 - [TEST_STEP][PASSED] - click: Object: 'Object Repository/Final Object Repo/New Registration - Registration Module Pages/Form 1/Postcode - 81000' is clicked on

2018-12-10 17:16:32 - [MESSAGE][PASSED] - Object: 'Object Repository/Final Object Repo/New Registration - Registration Module Pages/Form 1/Postcode - 81000' is clicked on

2018-12-10 17:16:32 - [TEST_STEP][PASSED] - delay: Delayed 1 second(s)

2018-12-10 17:16:33 - [MESSAGE][PASSED] - Delayed 1 second(s)

2018-12-10 17:16:33 - [TEST_STEP][PASSED] - setText: Text '100' is set on object 'Object Repository/Final Object Repo/New Registration - Registration Module Pages/Form 1/P.O.BOX'

2018-12-10 17:16:33 - [MESSAGE][PASSED] - Text '100' is set on object 'Object Repository/Final Object Repo/New Registration - Registration Module Pages/Form 1/P.O.BOX'

2018-12-10 17:16:33 - [TEST_STEP][PASSED] - setText: Text '100' is set on object 'Object Repository/Final Object Repo/New Registration - Registration Module Pages/Form 1/Locked Bag No'

2018-12-10 17:16:33 - [MESSAGE][PASSED] - Text '100' is set on object 'Object Repository/Final Object Repo/New Registration - Registration Module Pages/Form 1/Locked Bag No'

2018-12-10 17:16:33 - [TEST_STEP][PASSED] - click: Object: 'Object Repository/Final Object Repo/New Registration - Registration Module Pages/Form 1/SOCSO Office Location' is clicked on

2018-12-10 17:16:33 - [MESSAGE][PASSED] - Object: 'Object Repository/Final Object Repo/New Registration - Registration Module Pages/Form 1/SOCSO Office Location' is clicked on

2018-12-10 17:16:33 - [TEST_STEP][PASSED] - click: Object: 'Object Repository/Final Object Repo/New Registration - Registration Module Pages/Form 1/SOCSO Office Location - Pejabat PERKESO Negeri Johor' is clicked on

2018-12-10 17:16:34 - [MESSAGE][PASSED] - Object: 'Object Repository/Final Object Repo/New Registration - Registration Module Pages/Form 1/SOCSO Office Location - Pejabat PERKESO Negeri Johor' is clicked on

2018-12-10 17:16:34 - [TEST_STEP][PASSED] - delay: Delayed 1 second(s)

2018-12-10 17:16:35 - [MESSAGE][PASSED] - Delayed 1 second(s)

2018-12-10 17:16:35 - [TEST_STEP][PASSED] - check: Object 'Object Repository/Final Object Repo/New Registration - Registration Module Pages/Form 1/Indusrty Address Same As Postal Address' is checked

2018-12-10 17:16:35 - [MESSAGE][PASSED] - Object 'Object Repository/Final Object Repo/New Registration - Registration Module Pages/Form 1/Indusrty Address Same As Postal Address' is checked

2018-12-10 17:16:35 - [TEST_STEP][PASSED] - delay: Delayed 3 second(s)

2018-12-10 17:16:38 - [MESSAGE][PASSED] - Delayed 3 second(s)

2018-12-10 17:16:38 - [TEST_STEP][PASSED] - click: Object: 'Object Repository/Final Object Repo/New Registration - Registration Module Pages/Form 1/Indusry Address Same As Postal Address False' is clicked on

2018-12-10 17:16:38 - [MESSAGE][PASSED] - Object: 'Object Repository/Final Object Repo/New Registration - Registration Module Pages/Form 1/Indusry Address Same As Postal Address False' is clicked on

2018-12-10 17:16:38 - [TEST_STEP][PASSED] - delay: Delayed 1 second(s)

2018-12-10 17:16:39 - [MESSAGE][PASSED] - Delayed 1 second(s)

2018-12-10 17:16:39 - [TEST_STEP][PASSED] - setText: Text 'perkeso1' is set on object 'Object Repository/Final Object Repo/New Registration - Registration Module Pages/Form 1/Industry Address1'

2018-12-10 17:16:39 - [MESSAGE][PASSED] - Text 'perkeso1' is set on object 'Object Repository/Final Object Repo/New Registration - Registration Module Pages/Form 1/Industry Address1'

2018-12-10 17:16:39 - [TEST_STEP][PASSED] - setText: Text 'perkeso2' is set on object 'Object Repository/Final Object Repo/New Registration - Registration Module Pages/Form 1/Industry Address2'

2018-12-10 17:16:40 - [MESSAGE][PASSED] - Text 'perkeso2' is set on object 'Object Repository/Final Object Repo/New Registration - Registration Module Pages/Form 1/Industry Address2'

2018-12-10 17:16:40 - [TEST_STEP][PASSED] - setText: Text 'perkeso3' is set on object 'Object Repository/Final Object Repo/New Registration - Registration Module Pages/Form 1/Industry Address3'

2018-12-10 17:16:40 - [MESSAGE][PASSED] - Text 'perkeso3' is set on object 'Object Repository/Final Object Repo/New Registration - Registration Module Pages/Form 1/Industry Address3'

2018-12-10 17:16:40 - [TEST_STEP][PASSED] - click: Object: 'Object Repository/Final Object Repo/New Registration - Registration Module Pages/Form 1/Industry State' is clicked on

2018-12-10 17:16:40 - [MESSAGE][PASSED] - Object: 'Object Repository/Final Object Repo/New Registration - Registration Module Pages/Form 1/Industry State' is clicked on

2018-12-10 17:16:40 - [TEST_STEP][PASSED] - delay: Delayed 2 second(s)

2018-12-10 17:16:42 - [MESSAGE][PASSED] - Delayed 2 second(s)

2018-12-10 17:16:42 - [TEST_STEP][PASSED] - click: Object: 'Object Repository/Final Object Repo/New Registration - Registration Module Pages/Form 1/Industry State - Johor' is clicked on

2018-12-10 17:16:43 - [MESSAGE][PASSED] - Object: 'Object Repository/Final Object Repo/New Registration - Registration Module Pages/Form 1/Industry State - Johor' is clicked on

2018-12-10 17:16:43 - [TEST_STEP][PASSED] - delay: Delayed 2 second(s)

2018-12-10 17:16:45 - [MESSAGE][PASSED] - Delayed 2 second(s)

2018-12-10 17:16:45 - [TEST_STEP][PASSED] - click: Object: 'Object Repository/Final Object Repo/New Registration - Registration Module Pages/Form 1/Industry Ciry' is clicked on

2018-12-10 17:16:45 - [MESSAGE][PASSED] - Object: 'Object Repository/Final Object Repo/New Registration - Registration Module Pages/Form 1/Industry Ciry' is clicked on

2018-12-10 17:16:45 - [TEST_STEP][PASSED] - setText: Text 'joh' is set on object 'Object Repository/Final Object Repo/New Registration - Registration Module Pages/Form 1/Industry Ciry - joh'

2018-12-10 17:16:45 - [MESSAGE][PASSED] - Text 'joh' is set on object 'Object Repository/Final Object Repo/New Registration - Registration Module Pages/Form 1/Industry Ciry - joh'

2018-12-10 17:16:45 - [TEST_STEP][PASSED] - delay: Delayed 2 second(s)

2018-12-10 17:16:47 - [MESSAGE][PASSED] - Delayed 2 second(s)

2018-12-10 17:16:47 - [TEST_STEP][PASSED] - click: Object: 'Object Repository/Final Object Repo/New Registration - Registration Module Pages/Form 1/Industy State - Johor Bharu' is clicked on

2018-12-10 17:16:47 - [MESSAGE][PASSED] - Object: 'Object Repository/Final Object Repo/New Registration - Registration Module Pages/Form 1/Industy State - Johor Bharu' is clicked on

2018-12-10 17:16:47 - [TEST_STEP][PASSED] - delay: Delayed 1 second(s)

2018-12-10 17:16:48 - [MESSAGE][PASSED] - Delayed 1 second(s)

2018-12-10 17:16:48 - [TEST_STEP][PASSED] - click: Object: 'Object Repository/Final Object Repo/New Registration - Registration Module Pages/Form 1/Indusry PostCode' is clicked on

2018-12-10 17:16:48 - [MESSAGE][PASSED] - Object: 'Object Repository/Final Object Repo/New Registration - Registration Module Pages/Form 1/Indusry PostCode' is clicked on

2018-12-10 17:16:48 - [TEST_STEP][PASSED] - delay: Delayed 1 second(s)

2018-12-10 17:16:49 - [MESSAGE][PASSED] - Delayed 1 second(s)

2018-12-10 17:16:49 - [TEST_STEP][PASSED] - setText: Text '810' is set on object 'Object Repository/Final Object Repo/New Registration - Registration Module Pages/Form 1/Insutry Post Code - 810'

2018-12-10 17:16:50 - [MESSAGE][PASSED] - Text '810' is set on object 'Object Repository/Final Object Repo/New Registration - Registration Module Pages/Form 1/Insutry Post Code - 810'

2018-12-10 17:16:50 - [TEST_STEP][PASSED] - delay: Delayed 1 second(s)

2018-12-10 17:16:51 - [MESSAGE][PASSED] - Delayed 1 second(s)

2018-12-10 17:16:51 - [TEST_STEP][PASSED] - click: Object: 'Object Repository/Final Object Repo/New Registration - Registration Module Pages/Form 1/Insutry Post Code - 81000' is clicked on

2018-12-10 17:16:51 - [MESSAGE][PASSED] - Object: 'Object Repository/Final Object Repo/New Registration - Registration Module Pages/Form 1/Insutry Post Code - 81000' is clicked on

2018-12-10 17:16:51 - [TEST_STEP][PASSED] - delay: Delayed 1 second(s)

2018-12-10 17:16:52 - [MESSAGE][PASSED] - Delayed 1 second(s)

2018-12-10 17:16:52 - [TEST_STEP][PASSED] - setText: Text '100' is set on object 'Object Repository/Final Object Repo/New Registration - Registration Module Pages/Form 1/Industry P.O.BOX'

2018-12-10 17:16:52 - [MESSAGE][PASSED] - Text '100' is set on object 'Object Repository/Final Object Repo/New Registration - Registration Module Pages/Form 1/Industry P.O.BOX'

2018-12-10 17:16:52 - [TEST_STEP][PASSED] - setText: Text '100' is set on object 'Object Repository/Final Object Repo/New Registration - Registration Module Pages/Form 1/Industry Locked Bag No'

2018-12-10 17:16:52 - [MESSAGE][PASSED] - Text '100' is set on object 'Object Repository/Final Object Repo/New Registration - Registration Module Pages/Form 1/Industry Locked Bag No'

2018-12-10 17:16:52 - [TEST_STEP][PASSED] - setText: Text '123456789' is set on object 'Object Repository/Final Object Repo/New Registration - Registration Module Pages/Form 1/Telephone No'

2018-12-10 17:16:53 - [MESSAGE][PASSED] - Text '123456789' is set on object 'Object Repository/Final Object Repo/New Registration - Registration Module Pages/Form 1/Telephone No'

2018-12-10 17:16:53 - [TEST_STEP][PASSED] - setText: Text '123456789' is set on object 'Object Repository/Final Object Repo/New Registration - Registration Module Pages/Form 1/Mobile No'

2018-12-10 17:16:53 - [MESSAGE][PASSED] - Text '123456789' is set on object 'Object Repository/Final Object Repo/New Registration - Registration Module Pages/Form 1/Mobile No'

2018-12-10 17:16:53 - [TEST_STEP][PASSED] - setText: Text '123456789' is set on object 'Object Repository/Final Object Repo/New Registration - Registration Module Pages/Form 1/Fax No'

2018-12-10 17:16:53 - [MESSAGE][PASSED] - Text '123456789' is set on object 'Object Repository/Final Object Repo/New Registration - Registration Module Pages/Form 1/Fax No'

2018-12-10 17:16:53 - [TEST_STEP][PASSED] - click: Object: 'Object Repository/Final Object Repo/New Registration - Registration Module Pages/Form 1/Industry Code' is clicked on

2018-12-10 17:16:54 - [MESSAGE][PASSED] - Object: 'Object Repository/Final Object Repo/New Registration - Registration Module Pages/Form 1/Industry Code' is clicked on

2018-12-10 17:16:54 - [TEST_STEP][PASSED] - click: Object: 'Object Repository/Final Object Repo/New Registration - Registration Module Pages/Form 1/Indudustry Code - Crops and Animal' is clicked on

2018-12-10 17:16:54 - [MESSAGE][PASSED] - Object: 'Object Repository/Final Object Repo/New Registration - Registration Module Pages/Form 1/Indudustry Code - Crops and Animal' is clicked on

2018-12-10 17:16:54 - [TEST_STEP][PASSED] - delay: Delayed 1 second(s)

2018-12-10 17:16:55 - [MESSAGE][PASSED] - Delayed 1 second(s)

2018-12-10 17:16:55 - [TEST_STEP][PASSED] - click: Object: 'Object Repository/Final Object Repo/New Registration - Registration Module Pages/Form 1/Sub Industry Code List' is clicked on

2018-12-10 17:16:55 - [MESSAGE][PASSED] - Object: 'Object Repository/Final Object Repo/New Registration - Registration Module Pages/Form 1/Sub Industry Code List' is clicked on

2018-12-10 17:16:55 - [TEST_STEP][PASSED] - click: Object: 'Object Repository/Final Object Repo/New Registration - Registration Module Pages/Form 1/Sub Industry Code List - Growing of Maize' is clicked on

2018-12-10 17:16:55 - [MESSAGE][PASSED] - Object: 'Object Repository/Final Object Repo/New Registration - Registration Module Pages/Form 1/Sub Industry Code List - Growing of Maize' is clicked on

2018-12-10 17:16:55 - [TEST_STEP][PASSED] - setText: Text 'perkeso123@gmail.com' is set on object 'Object Repository/Final Object Repo/New Registration - Registration Module Pages/Form 1/Email'

2018-12-10 17:16:56 - [MESSAGE][PASSED] - Text 'perkeso123@gmail.com' is set on object 'Object Repository/Final Object Repo/New Registration - Registration Module Pages/Form 1/Email'

2018-12-10 17:16:56 - [TEST_STEP][PASSED] - click: Object: 'Object Repository/Final Object Repo/New Registration - Registration Module Pages/Form 1/Method of Contribution Payment' is clicked on

2018-12-10 17:16:56 - [MESSAGE][PASSED] - Object: 'Object Repository/Final Object Repo/New Registration - Registration Module Pages/Form 1/Method of Contribution Payment' is clicked on

2018-12-10 17:16:56 - [TEST_STEP][PASSED] - click: Object: 'Object Repository/Final Object Repo/New Registration - Registration Module Pages/Form 1/Method of Contribution Payment - Portal' is clicked on

2018-12-10 17:16:56 - [MESSAGE][PASSED] - Object: 'Object Repository/Final Object Repo/New Registration - Registration Module Pages/Form 1/Method of Contribution Payment - Portal' is clicked on

2018-12-10 17:16:56 - [TEST_STEP][PASSED] - click: Object: 'Object Repository/Final Object Repo/New Registration - Registration Module Pages/Form 1/Servide Type' is clicked on

2018-12-10 17:16:57 - [MESSAGE][PASSED] - Object: 'Object Repository/Final Object Repo/New Registration - Registration Module Pages/Form 1/Servide Type' is clicked on

2018-12-10 17:16:57 - [TEST_STEP][PASSED] - click: Object: 'Object Repository/Final Object Repo/New Registration - Registration Module Pages/Form 1/Servide Type - Professional Bodies' is clicked on

2018-12-10 17:16:57 - [MESSAGE][PASSED] - Object: 'Object Repository/Final Object Repo/New Registration - Registration Module Pages/Form 1/Servide Type - Professional Bodies' is clicked on

2018-12-10 17:16:57 - [TEST_STEP][PASSED] - click: Object: 'Object Repository/Final Object Repo/New Registration - Registration Module Pages/Form 1/Industry Venue' is clicked on

2018-12-10 17:16:57 - [MESSAGE][PASSED] - Object: 'Object Repository/Final Object Repo/New Registration - Registration Module Pages/Form 1/Industry Venue' is clicked on

2018-12-10 17:16:57 - [TEST_STEP][PASSED] - click: Object: 'Object Repository/Final Object Repo/New Registration - Registration Module Pages/Form 1/Industry Venue -  PPN JOHOR' is clicked on

2018-12-10 17:16:57 - [MESSAGE][PASSED] - Object: 'Object Repository/Final Object Repo/New Registration - Registration Module Pages/Form 1/Industry Venue -  PPN JOHOR' is clicked on

2018-12-10 17:16:57 - [TEST_STEP][PASSED] - click: Object: 'Object Repository/Final Object Repo/New Registration - Registration Module Pages/Form 1/Save  Continue' is clicked on

2018-12-10 17:16:57 - [MESSAGE][PASSED] - Object: 'Object Repository/Final Object Repo/New Registration - Registration Module Pages/Form 1/Save  Continue' is clicked on

2018-12-10 17:16:57 - [MESSAGE][PASSED] - Call Test Case 'Test Cases/Final Aug 2018 - PKS Automation/Registration Module/New Registration/Form 1/Form 1 - Other - Embassy' successfully

2018-12-10 17:16:57 - [TEST_STEP][PASSED] - callTestCase: Call Test Case 'Test Cases/Final Aug 2018 - PKS Automation/Registration Module/New Registration/Form 2/Add 2 Eligible 2 Not Eligible' successfully

2018-12-10 17:16:57 - [TEST_CASE][PASSED] - Test Cases/Final Aug 2018 - PKS Automation/Registration Module/New Registration/Form 2/Add 2 Eligible 2 Not Eligible: Test Cases/Final Aug 2018 - PKS Automation/Registration Module/New Registration/Form 2/Add 2 Eligible 2 Not Eligible

2018-12-10 17:16:58 - [TEST_STEP][PASSED] - delay: Delayed 2 second(s)

2018-12-10 17:17:00 - [MESSAGE][PASSED] - Delayed 2 second(s)

2018-12-10 17:17:00 - [TEST_STEP][PASSED] - callTestCase: Call Test Case 'Test Cases/Final Aug 2018 - PKS Automation/Registration Module/New Registration/Form 2/Date Updater' successfully

2018-12-10 17:17:00 - [TEST_CASE][PASSED] - Test Cases/Final Aug 2018 - PKS Automation/Registration Module/New Registration/Form 2/Date Updater: Test Cases/Final Aug 2018 - PKS Automation/Registration Module/New Registration/Form 2/Date Updater

2018-12-10 17:17:00 - [TEST_STEP][PASSED] - Statement - TodayDate = new java.util.Date(): null

2018-12-10 17:17:00 - [TEST_STEP][PASSED] - Statement - CurrentDateNoFilter = new java.text.SimpleDateFormat(): null

2018-12-10 17:17:00 - [TEST_STEP][PASSED] - Statement - CurrentDateNoFilter.applyPattern("MM"): null

2018-12-10 17:17:00 - [TEST_STEP][PASSED] - Statement - monthContainerMatcher = java.lang.Integer.parseInt(CurrentDateNoFilter.format(TodayDate)): null

2018-12-10 17:17:00 - [TEST_STEP][PASSED] - Statement - monthContainerMatcher = monthContainerMatcher - 1: null

2018-12-10 17:17:00 - [TEST_STEP][PASSED] - Statement - CurrentMonth = monthContainerMatcher.toString(): null

2018-12-10 17:17:00 - [TEST_STEP][PASSED] - Statement - CurrentMonth = CurrentMonth: null

2018-12-10 17:17:00 - [TEST_STEP][PASSED] - Statement - CurrentDateNoFilter.applyPattern("yyyy"): null

2018-12-10 17:17:00 - [TEST_STEP][PASSED] - Statement - CurrentYear = CurrentDateNoFilter.format(TodayDate): null

2018-12-10 17:17:00 - [TEST_STEP][PASSED] - Statement - CurrentYear = CurrentYear: null

2018-12-10 17:17:00 - [TEST_STEP][PASSED] - Statement - intCurrentYear = java.lang.Integer.parseInt(CurrentDateNoFilter.format(TodayDate)): null

2018-12-10 17:17:00 - [TEST_STEP][PASSED] - Statement - eighteenYrsAgo = intCurrentYear - 18: null

2018-12-10 17:17:00 - [TEST_STEP][PASSED] - Statement - eighteenYrsBeforeThisYr = eighteenYrsAgo.toString(): null

2018-12-10 17:17:00 - [TEST_STEP][PASSED] - Statement - EighteenYrsBefore = eighteenYrsBeforeThisYr: null

2018-12-10 17:17:00 - [TEST_STEP][PASSED] - Statement - fiftysevenYrsAgo = intCurrentYear - 57: null

2018-12-10 17:17:00 - [TEST_STEP][PASSED] - Statement - fiftysevenYrsBeforeThisYr = fiftysevenYrsAgo.toString(): null

2018-12-10 17:17:00 - [TEST_STEP][PASSED] - Statement - FiftysevenYrsBefore = fiftysevenYrsBeforeThisYr: null

2018-12-10 17:17:00 - [TEST_STEP][PASSED] - Statement - leapYear = false: null

2018-12-10 17:17:00 - [TEST_STEP][PASSED] - Statement - leapYear = intCurrentYear % 4 == 0: null

2018-12-10 17:17:00 - [TEST_STEP][PASSED] - Statement - CurrentDateNoFilter.applyPattern("dd"): null

2018-12-10 17:17:00 - [TEST_STEP][PASSED] - Statement - CurrentDate = CurrentDateNoFilter.format(TodayDate): null

2018-12-10 17:17:00 - [TEST_STEP][PASSED] - Statement - CurrentDate = java.lang.Integer.parseInt(CurrentDate): null

2018-12-10 17:17:00 - [TEST_STEP][PASSED] - Statement - CurrentDate = CurrentDate: null

2018-12-10 17:17:00 - [TEST_STEP][PASSED] - Statement - CurrentDay = java.lang.Integer.parseInt(CurrentDate): null

2018-12-10 17:17:00 - [TEST_STEP][PASSED] - Statement - ConfAdder = <not implemented yet for class: org.codehaus.groovy.ast.expr.EmptyExpression>: null

2018-12-10 17:17:00 - [TEST_STEP][PASSED] - Statement - out.println(CurrentMonth): null

2018-12-10 17:17:00 - [TEST_STEP][PASSED] - Statement - out.println(CurrentDate): null

2018-12-10 17:17:00 - [TEST_STEP][PASSED] - Statement - switch (CurrentDate): null

2018-12-10 17:17:00 - [TEST_STEP][PASSED] - Statement - Default: null

2018-12-10 17:17:00 - [TEST_STEP][PASSED] - Statement - ConfAdder = true: null

2018-12-10 17:17:00 - [TEST_STEP][PASSED] - Statement - Break: null

2018-12-10 17:17:00 - [TEST_STEP][PASSED] - Statement - aDayBefore = <not implemented yet for class: org.codehaus.groovy.ast.expr.EmptyExpression>: null

2018-12-10 17:17:00 - [TEST_STEP][PASSED] - Statement - out.println(ConfAdder): null

2018-12-10 17:17:00 - [TEST_STEP][PASSED] - Statement - If (ConfAdder == true): null

2018-12-10 17:17:00 - [TEST_STEP][PASSED] - Statement - aDayBefore = CurrentDay + 1: null

2018-12-10 17:17:00 - [TEST_STEP][PASSED] - Statement - out.println(aDayBefore): null

2018-12-10 17:17:00 - [TEST_STEP][PASSED] - Statement - If (aDayBefore == 1 && CurrentMonth == 11): null

2018-12-10 17:17:00 - [TEST_STEP][PASSED] - Statement - DayBefore = aDayBefore.toString(): null

2018-12-10 17:17:00 - [TEST_STEP][PASSED] - Statement - OneDayBefore = DayBefore: null

2018-12-10 17:17:00 - [MESSAGE][PASSED] - Call Test Case 'Test Cases/Final Aug 2018 - PKS Automation/Registration Module/New Registration/Form 2/Date Updater' successfully

2018-12-10 17:17:00 - [TEST_STEP][PASSED] - delay: Delayed 1 second(s)

2018-12-10 17:17:01 - [MESSAGE][PASSED] - Delayed 1 second(s)

2018-12-10 17:17:01 - [TEST_STEP][PASSED] - Statement - CaseReferenceNo = com.kms.katalon.core.webui.keyword.WebUiBuiltInKeywords.getText(com.kms.katalon.core.testobject.ObjectRepository.findTestObject(Final Object Repo/New Registration - Registration Module Pages/Form 2/RefNo Acquiring)): Text of object 'Object Repository/Final Object Repo/New Registration - Registration Module Pages/Form 2/RefNo Acquiring' is: 'CRN12201800123134'

2018-12-10 17:17:01 - [MESSAGE][PASSED] - Text of object 'Object Repository/Final Object Repo/New Registration - Registration Module Pages/Form 2/RefNo Acquiring' is: 'CRN12201800123134'

2018-12-10 17:17:01 - [TEST_STEP][PASSED] - delay: Delayed 1 second(s)

2018-12-10 17:17:02 - [MESSAGE][PASSED] - Delayed 1 second(s)

2018-12-10 17:17:02 - [TEST_STEP][PASSED] - click: Object: 'Object Repository/Final Object Repo/New Registration - Registration Module Pages/Form 2/Add Employee Button' is clicked on

2018-12-10 17:17:02 - [MESSAGE][PASSED] - Object: 'Object Repository/Final Object Repo/New Registration - Registration Module Pages/Form 2/Add Employee Button' is clicked on

2018-12-10 17:17:02 - [TEST_STEP][PASSED] - delay: Delayed 4 second(s)

2018-12-10 17:17:06 - [MESSAGE][PASSED] - Delayed 4 second(s)

2018-12-10 17:17:06 - [TEST_STEP][PASSED] - setText: Text '010903091927' is set on object 'Object Repository/Final Object Repo/New Registration - Registration Module Pages/Form 2/NRIC Input'

2018-12-10 17:17:06 - [MESSAGE][PASSED] - Text '010903091927' is set on object 'Object Repository/Final Object Repo/New Registration - Registration Module Pages/Form 2/NRIC Input'

2018-12-10 17:17:06 - [TEST_STEP][PASSED] - click: Object: 'Object Repository/Final Object Repo/New Registration - Registration Module Pages/Form 2/button for search for IC' is clicked on

2018-12-10 17:17:06 - [MESSAGE][PASSED] - Object: 'Object Repository/Final Object Repo/New Registration - Registration Module Pages/Form 2/button for search for IC' is clicked on

2018-12-10 17:17:06 - [TEST_STEP][PASSED] - delay: Delayed 2 second(s)

2018-12-10 17:17:08 - [MESSAGE][PASSED] - Delayed 2 second(s)

2018-12-10 17:17:08 - [TEST_STEP][PASSED] - setText: Text 'Automate001 eligible 1' is set on object 'Object Repository/Final Object Repo/New Registration - Registration Module Pages/Form 2/Employee Name Input'

2018-12-10 17:17:09 - [MESSAGE][PASSED] - Text 'Automate001 eligible 1' is set on object 'Object Repository/Final Object Repo/New Registration - Registration Module Pages/Form 2/Employee Name Input'

2018-12-10 17:17:09 - [TEST_STEP][PASSED] - delay: Delayed 2 second(s)

2018-12-10 17:17:11 - [MESSAGE][PASSED] - Delayed 2 second(s)

2018-12-10 17:17:11 - [TEST_STEP][PASSED] - click: Object: 'Object Repository/Final Object Repo/New Registration - Registration Module Pages/Form 2/DatePicker Pop Up' is clicked on

2018-12-10 17:17:11 - [MESSAGE][PASSED] - Object: 'Object Repository/Final Object Repo/New Registration - Registration Module Pages/Form 2/DatePicker Pop Up' is clicked on

2018-12-10 17:17:11 - [TEST_STEP][PASSED] - click: Object: 'Object Repository/Final Object Repo/New Registration - Registration Module Pages/Form 2/DOB Month' is clicked on

2018-12-10 17:17:11 - [MESSAGE][PASSED] - Object: 'Object Repository/Final Object Repo/New Registration - Registration Module Pages/Form 2/DOB Month' is clicked on

2018-12-10 17:17:11 - [TEST_STEP][PASSED] - Statement - CurrentMonth = CurrentMonth: null

2018-12-10 17:17:11 - [TEST_STEP][PASSED] - Statement - selectMonth = new com.kms.katalon.core.testobject.TestObject(): null

2018-12-10 17:17:11 - [TEST_STEP][PASSED] - Statement - selectMonth.addProperty("xpath", EQUALS, "//body/div/div/div/select/option[@value='" + CurrentMonth + "']", true): null

2018-12-10 17:17:11 - [TEST_STEP][PASSED] - click: Object: '' is clicked on

2018-12-10 17:17:11 - [MESSAGE][PASSED] - Object: '' is clicked on

2018-12-10 17:17:11 - [TEST_STEP][PASSED] - click: Object: 'Object Repository/Final Object Repo/New Registration - Registration Module Pages/Form 2/DOB Year' is clicked on

2018-12-10 17:17:12 - [MESSAGE][PASSED] - Object: 'Object Repository/Final Object Repo/New Registration - Registration Module Pages/Form 2/DOB Year' is clicked on

2018-12-10 17:17:12 - [TEST_STEP][PASSED] - Statement - Eyearsbf = EighteenYrsBefore: null

2018-12-10 17:17:12 - [TEST_STEP][PASSED] - Statement - selectYear = new com.kms.katalon.core.testobject.TestObject(): null

2018-12-10 17:17:12 - [TEST_STEP][PASSED] - Statement - selectYear.addProperty("xpath", EQUALS, "//div/div/div/select/option[@value='" + Eyearsbf + "']", true): null

2018-12-10 17:17:12 - [TEST_STEP][PASSED] - click: Object: '' is clicked on

2018-12-10 17:17:12 - [MESSAGE][PASSED] - Object: '' is clicked on

2018-12-10 17:17:12 - [TEST_STEP][PASSED] - Statement - UpdatedSelectDate = com.kms.katalon.core.webui.keyword.WebUiBuiltInKeywords.modifyObjectProperty(com.kms.katalon.core.testobject.ObjectRepository.findTestObject(Final Object Repo/New Registration - Registration Module Pages/Form 2/DOB Date), "xpath", "equals", "//body/div/table/tbody/tr/td/a[text()="" + CurrentDate + ""]", true): Modify property of object successfully

2018-12-10 17:17:12 - [MESSAGE][PASSED] - Modify property of object successfully

2018-12-10 17:17:12 - [TEST_STEP][PASSED] - delay: Delayed 3 second(s)

2018-12-10 17:17:15 - [MESSAGE][PASSED] - Delayed 3 second(s)

2018-12-10 17:17:15 - [TEST_STEP][PASSED] - click: Object: 'Object Repository/Final Object Repo/New Registration - Registration Module Pages/Form 2/DOB Date' is clicked on

2018-12-10 17:17:15 - [MESSAGE][PASSED] - Object: 'Object Repository/Final Object Repo/New Registration - Registration Module Pages/Form 2/DOB Date' is clicked on

2018-12-10 17:17:15 - [TEST_STEP][PASSED] - delay: Delayed 2 second(s)

2018-12-10 17:17:17 - [MESSAGE][PASSED] - Delayed 2 second(s)

2018-12-10 17:17:17 - [TEST_STEP][PASSED] - click: Object: 'Object Repository/Final Object Repo/New Registration - Registration Module Pages/Form 2/EmploymentStartDate Pop Up' is clicked on

2018-12-10 17:17:17 - [MESSAGE][PASSED] - Object: 'Object Repository/Final Object Repo/New Registration - Registration Module Pages/Form 2/EmploymentStartDate Pop Up' is clicked on

2018-12-10 17:17:17 - [TEST_STEP][PASSED] - delay: Delayed 2 second(s)

2018-12-10 17:17:19 - [MESSAGE][PASSED] - Delayed 2 second(s)

2018-12-10 17:17:19 - [TEST_STEP][PASSED] - click: Object: 'Object Repository/Final Object Repo/New Registration - Registration Module Pages/Form 2/Socso Employment StartDate Month' is clicked on

2018-12-10 17:17:19 - [MESSAGE][PASSED] - Object: 'Object Repository/Final Object Repo/New Registration - Registration Module Pages/Form 2/Socso Employment StartDate Month' is clicked on

2018-12-10 17:17:19 - [TEST_STEP][PASSED] - delay: Delayed 1 second(s)

2018-12-10 17:17:20 - [MESSAGE][PASSED] - Delayed 1 second(s)

2018-12-10 17:17:20 - [TEST_STEP][PASSED] - click: Object: 'Object Repository/Final Object Repo/New Registration - Registration Module Pages/Form 2/Select Socso Employement Startdate Month' is clicked on

2018-12-10 17:17:20 - [MESSAGE][PASSED] - Object: 'Object Repository/Final Object Repo/New Registration - Registration Module Pages/Form 2/Select Socso Employement Startdate Month' is clicked on

2018-12-10 17:17:20 - [TEST_STEP][PASSED] - delay: Delayed 2 second(s)

2018-12-10 17:17:22 - [MESSAGE][PASSED] - Delayed 2 second(s)

2018-12-10 17:17:22 - [TEST_STEP][PASSED] - click: Object: 'Object Repository/Final Object Repo/New Registration - Registration Module Pages/Form 2/Socso Employment StartDate Year' is clicked on

2018-12-10 17:17:23 - [MESSAGE][PASSED] - Object: 'Object Repository/Final Object Repo/New Registration - Registration Module Pages/Form 2/Socso Employment StartDate Year' is clicked on

2018-12-10 17:17:23 - [TEST_STEP][PASSED] - delay: Delayed 1 second(s)

2018-12-10 17:17:24 - [MESSAGE][PASSED] - Delayed 1 second(s)

2018-12-10 17:17:24 - [TEST_STEP][PASSED] - click: Object: 'Object Repository/Final Object Repo/New Registration - Registration Module Pages/Form 2/Select Socso Employment Startdate Year' is clicked on

2018-12-10 17:17:24 - [MESSAGE][PASSED] - Object: 'Object Repository/Final Object Repo/New Registration - Registration Module Pages/Form 2/Select Socso Employment Startdate Year' is clicked on

2018-12-10 17:17:24 - [TEST_STEP][PASSED] - delay: Delayed 2 second(s)

2018-12-10 17:17:26 - [MESSAGE][PASSED] - Delayed 2 second(s)

2018-12-10 17:17:26 - [TEST_STEP][PASSED] - click: Object: 'Object Repository/Final Object Repo/New Registration - Registration Module Pages/Form 2/Socso Employment Start Date Day' is clicked on

2018-12-10 17:17:26 - [MESSAGE][PASSED] - Object: 'Object Repository/Final Object Repo/New Registration - Registration Module Pages/Form 2/Socso Employment Start Date Day' is clicked on

2018-12-10 17:17:26 - [TEST_STEP][PASSED] - delay: Delayed 2 second(s)

2018-12-10 17:17:28 - [MESSAGE][PASSED] - Delayed 2 second(s)

2018-12-10 17:17:28 - [TEST_STEP][PASSED] - click: Object: 'Object Repository/Final Object Repo/New Registration - Registration Module Pages/Form 2/Save Button for Add Employee' is clicked on

2018-12-10 17:17:28 - [MESSAGE][PASSED] - Object: 'Object Repository/Final Object Repo/New Registration - Registration Module Pages/Form 2/Save Button for Add Employee' is clicked on

2018-12-10 17:17:28 - [TEST_STEP][PASSED] - delay: Delayed 6 second(s)

2018-12-10 17:17:34 - [MESSAGE][PASSED] - Delayed 6 second(s)

2018-12-10 17:17:34 - [TEST_STEP][PASSED] - click: Object: 'Object Repository/Final Object Repo/New Registration - Registration Module Pages/Form 2/Add Employee Button' is clicked on

2018-12-10 17:17:34 - [MESSAGE][PASSED] - Object: 'Object Repository/Final Object Repo/New Registration - Registration Module Pages/Form 2/Add Employee Button' is clicked on

2018-12-10 17:17:34 - [TEST_STEP][PASSED] - delay: Delayed 4 second(s)

2018-12-10 17:17:38 - [MESSAGE][PASSED] - Delayed 4 second(s)

2018-12-10 17:17:38 - [TEST_STEP][PASSED] - setText: Text '620904059691' is set on object 'Object Repository/Final Object Repo/New Registration - Registration Module Pages/Form 2/NRIC Input'

2018-12-10 17:17:39 - [MESSAGE][PASSED] - Text '620904059691' is set on object 'Object Repository/Final Object Repo/New Registration - Registration Module Pages/Form 2/NRIC Input'

2018-12-10 17:17:39 - [TEST_STEP][PASSED] - click: Object: 'Object Repository/Final Object Repo/New Registration - Registration Module Pages/Form 2/button for search for IC' is clicked on

2018-12-10 17:17:39 - [MESSAGE][PASSED] - Object: 'Object Repository/Final Object Repo/New Registration - Registration Module Pages/Form 2/button for search for IC' is clicked on

2018-12-10 17:17:39 - [TEST_STEP][PASSED] - delay: Delayed 2 second(s)

2018-12-10 17:17:41 - [MESSAGE][PASSED] - Delayed 2 second(s)

2018-12-10 17:17:41 - [TEST_STEP][PASSED] - setText: Text 'Automate001 eligible 2' is set on object 'Object Repository/Final Object Repo/New Registration - Registration Module Pages/Form 2/Employee Name Input'

2018-12-10 17:17:41 - [MESSAGE][PASSED] - Text 'Automate001 eligible 2' is set on object 'Object Repository/Final Object Repo/New Registration - Registration Module Pages/Form 2/Employee Name Input'

2018-12-10 17:17:41 - [TEST_STEP][PASSED] - delay: Delayed 2 second(s)

2018-12-10 17:17:43 - [MESSAGE][PASSED] - Delayed 2 second(s)

2018-12-10 17:17:43 - [TEST_STEP][PASSED] - click: Object: 'Object Repository/Final Object Repo/New Registration - Registration Module Pages/Form 2/DatePicker Pop Up' is clicked on

2018-12-10 17:17:44 - [MESSAGE][PASSED] - Object: 'Object Repository/Final Object Repo/New Registration - Registration Module Pages/Form 2/DatePicker Pop Up' is clicked on

2018-12-10 17:17:44 - [TEST_STEP][PASSED] - delay: Delayed 2 second(s)

2018-12-10 17:17:46 - [MESSAGE][PASSED] - Delayed 2 second(s)

2018-12-10 17:17:46 - [TEST_STEP][PASSED] - click: Object: 'Object Repository/Final Object Repo/New Registration - Registration Module Pages/Form 2/DOB Month' is clicked on

2018-12-10 17:17:46 - [MESSAGE][PASSED] - Object: 'Object Repository/Final Object Repo/New Registration - Registration Module Pages/Form 2/DOB Month' is clicked on

2018-12-10 17:17:46 - [TEST_STEP][PASSED] - Statement - selectMonth = com.kms.katalon.core.webui.keyword.WebUiBuiltInKeywords.modifyObjectProperty(selectMonth, "xpath", "equals", "//body/div/div/div/select/option[@value="" + CurrentMonth + ""]", true): Modify property of object successfully

2018-12-10 17:17:46 - [MESSAGE][PASSED] - Modify property of object successfully

2018-12-10 17:17:46 - [TEST_STEP][PASSED] - click: Object: '' is clicked on

2018-12-10 17:17:46 - [MESSAGE][PASSED] - Object: '' is clicked on

2018-12-10 17:17:46 - [TEST_STEP][PASSED] - click: Object: 'Object Repository/Final Object Repo/New Registration - Registration Module Pages/Form 2/DOB Year' is clicked on

2018-12-10 17:17:46 - [MESSAGE][PASSED] - Object: 'Object Repository/Final Object Repo/New Registration - Registration Module Pages/Form 2/DOB Year' is clicked on

2018-12-10 17:17:46 - [TEST_STEP][PASSED] - Statement - selectYear = com.kms.katalon.core.webui.keyword.WebUiBuiltInKeywords.modifyObjectProperty(selectYear, "xpath", "equals", "//div/div/div/select/option[@value="" + FiftysevenYrsBefore + ""]", true): Modify property of object successfully

2018-12-10 17:17:46 - [MESSAGE][PASSED] - Modify property of object successfully

2018-12-10 17:17:46 - [TEST_STEP][PASSED] - click: Object: '' is clicked on

2018-12-10 17:17:46 - [MESSAGE][PASSED] - Object: '' is clicked on

2018-12-10 17:17:46 - [TEST_STEP][PASSED] - Statement - UpdatedSelectDate = com.kms.katalon.core.webui.keyword.WebUiBuiltInKeywords.modifyObjectProperty(com.kms.katalon.core.testobject.ObjectRepository.findTestObject(Final Object Repo/New Registration - Registration Module Pages/Form 2/DOB Date), "xpath", "equals", "//body/div/table/tbody/tr/td/a[text()="" + OneDayBefore + ""]", true): Modify property of object successfully

2018-12-10 17:17:46 - [MESSAGE][PASSED] - Modify property of object successfully

2018-12-10 17:17:46 - [TEST_STEP][PASSED] - click: Object: 'Object Repository/Final Object Repo/New Registration - Registration Module Pages/Form 2/DOB Date' is clicked on

2018-12-10 17:17:46 - [MESSAGE][PASSED] - Object: 'Object Repository/Final Object Repo/New Registration - Registration Module Pages/Form 2/DOB Date' is clicked on

2018-12-10 17:17:46 - [TEST_STEP][PASSED] - delay: Delayed 2 second(s)

2018-12-10 17:17:48 - [MESSAGE][PASSED] - Delayed 2 second(s)

2018-12-10 17:17:48 - [TEST_STEP][PASSED] - click: Object: 'Object Repository/Final Object Repo/New Registration - Registration Module Pages/Form 2/EmploymentStartDate Pop Up' is clicked on

2018-12-10 17:17:48 - [MESSAGE][PASSED] - Object: 'Object Repository/Final Object Repo/New Registration - Registration Module Pages/Form 2/EmploymentStartDate Pop Up' is clicked on

2018-12-10 17:17:48 - [TEST_STEP][PASSED] - delay: Delayed 2 second(s)

2018-12-10 17:17:50 - [MESSAGE][PASSED] - Delayed 2 second(s)

2018-12-10 17:17:50 - [TEST_STEP][PASSED] - click: Object: 'Object Repository/Final Object Repo/New Registration - Registration Module Pages/Form 2/Socso Employment StartDate Month' is clicked on

2018-12-10 17:17:51 - [MESSAGE][PASSED] - Object: 'Object Repository/Final Object Repo/New Registration - Registration Module Pages/Form 2/Socso Employment StartDate Month' is clicked on

2018-12-10 17:17:51 - [TEST_STEP][PASSED] - delay: Delayed 1 second(s)

2018-12-10 17:17:52 - [MESSAGE][PASSED] - Delayed 1 second(s)

2018-12-10 17:17:52 - [TEST_STEP][PASSED] - click: Object: 'Object Repository/Final Object Repo/New Registration - Registration Module Pages/Form 2/Select Socso Employement Startdate Month' is clicked on

2018-12-10 17:17:52 - [MESSAGE][PASSED] - Object: 'Object Repository/Final Object Repo/New Registration - Registration Module Pages/Form 2/Select Socso Employement Startdate Month' is clicked on

2018-12-10 17:17:52 - [TEST_STEP][PASSED] - delay: Delayed 2 second(s)

2018-12-10 17:17:54 - [MESSAGE][PASSED] - Delayed 2 second(s)

2018-12-10 17:17:54 - [TEST_STEP][PASSED] - click: Object: 'Object Repository/Final Object Repo/New Registration - Registration Module Pages/Form 2/Socso Employment StartDate Year' is clicked on

2018-12-10 17:17:54 - [MESSAGE][PASSED] - Object: 'Object Repository/Final Object Repo/New Registration - Registration Module Pages/Form 2/Socso Employment StartDate Year' is clicked on

2018-12-10 17:17:54 - [TEST_STEP][PASSED] - delay: Delayed 1 second(s)

2018-12-10 17:17:55 - [MESSAGE][PASSED] - Delayed 1 second(s)

2018-12-10 17:17:55 - [TEST_STEP][PASSED] - click: Object: 'Object Repository/Final Object Repo/New Registration - Registration Module Pages/Form 2/Select Socso Employment Startdate Year' is clicked on

2018-12-10 17:17:55 - [MESSAGE][PASSED] - Object: 'Object Repository/Final Object Repo/New Registration - Registration Module Pages/Form 2/Select Socso Employment Startdate Year' is clicked on

2018-12-10 17:17:55 - [TEST_STEP][PASSED] - delay: Delayed 2 second(s)

2018-12-10 17:17:57 - [MESSAGE][PASSED] - Delayed 2 second(s)

2018-12-10 17:17:57 - [TEST_STEP][PASSED] - click: Object: 'Object Repository/Final Object Repo/New Registration - Registration Module Pages/Form 2/Socso Employment Start Date Day' is clicked on

2018-12-10 17:17:57 - [MESSAGE][PASSED] - Object: 'Object Repository/Final Object Repo/New Registration - Registration Module Pages/Form 2/Socso Employment Start Date Day' is clicked on

2018-12-10 17:17:57 - [TEST_STEP][PASSED] - delay: Delayed 2 second(s)

2018-12-10 17:17:59 - [MESSAGE][PASSED] - Delayed 2 second(s)

2018-12-10 17:17:59 - [TEST_STEP][PASSED] - click: Object: 'Object Repository/Final Object Repo/New Registration - Registration Module Pages/Form 2/Save Button for Add Employee' is clicked on

2018-12-10 17:17:59 - [MESSAGE][PASSED] - Object: 'Object Repository/Final Object Repo/New Registration - Registration Module Pages/Form 2/Save Button for Add Employee' is clicked on

2018-12-10 17:17:59 - [TEST_STEP][PASSED] - delay: Delayed 4 second(s)

2018-12-10 17:18:03 - [MESSAGE][PASSED] - Delayed 4 second(s)

2018-12-10 17:18:03 - [TEST_STEP][PASSED] - delay: Delayed 30 second(s)

2018-12-10 17:18:33 - [MESSAGE][PASSED] - Delayed 30 second(s)

2018-12-10 17:18:33 - [TEST_STEP][PASSED] - click: Object: 'Object Repository/Final Object Repo/New Registration - Registration Module Pages/Form 2/Add Employee Button' is clicked on

2018-12-10 17:18:34 - [MESSAGE][PASSED] - Object: 'Object Repository/Final Object Repo/New Registration - Registration Module Pages/Form 2/Add Employee Button' is clicked on

2018-12-10 17:18:34 - [TEST_STEP][PASSED] - delay: Delayed 4 second(s)

2018-12-10 17:18:38 - [MESSAGE][PASSED] - Delayed 4 second(s)

2018-12-10 17:18:38 - [TEST_STEP][PASSED] - setText: Text '000209039145' is set on object 'Object Repository/Final Object Repo/New Registration - Registration Module Pages/Form 2/NRIC Input'

2018-12-10 17:18:38 - [MESSAGE][PASSED] - Text '000209039145' is set on object 'Object Repository/Final Object Repo/New Registration - Registration Module Pages/Form 2/NRIC Input'

2018-12-10 17:18:38 - [TEST_STEP][PASSED] - click: Object: 'Object Repository/Final Object Repo/New Registration - Registration Module Pages/Form 2/button for search for IC' is clicked on

2018-12-10 17:18:38 - [MESSAGE][PASSED] - Object: 'Object Repository/Final Object Repo/New Registration - Registration Module Pages/Form 2/button for search for IC' is clicked on

2018-12-10 17:18:38 - [TEST_STEP][PASSED] - delay: Delayed 2 second(s)

2018-12-10 17:18:40 - [MESSAGE][PASSED] - Delayed 2 second(s)

2018-12-10 17:18:40 - [TEST_STEP][PASSED] - setText: Text 'Automate001 not eligible 1' is set on object 'Object Repository/Final Object Repo/New Registration - Registration Module Pages/Form 2/Employee Name Input'

2018-12-10 17:18:41 - [MESSAGE][PASSED] - Text 'Automate001 not eligible 1' is set on object 'Object Repository/Final Object Repo/New Registration - Registration Module Pages/Form 2/Employee Name Input'

2018-12-10 17:18:41 - [TEST_STEP][PASSED] - delay: Delayed 2 second(s)

2018-12-10 17:18:43 - [MESSAGE][PASSED] - Delayed 2 second(s)

2018-12-10 17:18:43 - [TEST_STEP][PASSED] - click: Object: 'Object Repository/Final Object Repo/New Registration - Registration Module Pages/Form 2/DatePicker Pop Up' is clicked on

2018-12-10 17:18:43 - [MESSAGE][PASSED] - Object: 'Object Repository/Final Object Repo/New Registration - Registration Module Pages/Form 2/DatePicker Pop Up' is clicked on

2018-12-10 17:18:43 - [TEST_STEP][PASSED] - delay: Delayed 2 second(s)

2018-12-10 17:18:45 - [MESSAGE][PASSED] - Delayed 2 second(s)

2018-12-10 17:18:45 - [TEST_STEP][PASSED] - click: Object: 'Object Repository/Final Object Repo/New Registration - Registration Module Pages/Form 2/DOB Month' is clicked on

2018-12-10 17:18:45 - [MESSAGE][PASSED] - Object: 'Object Repository/Final Object Repo/New Registration - Registration Module Pages/Form 2/DOB Month' is clicked on

2018-12-10 17:18:45 - [TEST_STEP][PASSED] - Statement - selectMonth = com.kms.katalon.core.webui.keyword.WebUiBuiltInKeywords.modifyObjectProperty(selectMonth, "xpath", "equals", "//body/div/div/div/select/option[@value="" + CurrentMonth + ""]", true): Modify property of object successfully

2018-12-10 17:18:45 - [MESSAGE][PASSED] - Modify property of object successfully

2018-12-10 17:18:45 - [TEST_STEP][PASSED] - click: Object: '' is clicked on

2018-12-10 17:18:45 - [MESSAGE][PASSED] - Object: '' is clicked on

2018-12-10 17:18:45 - [TEST_STEP][PASSED] - click: Object: 'Object Repository/Final Object Repo/New Registration - Registration Module Pages/Form 2/DOB Year' is clicked on

2018-12-10 17:18:45 - [MESSAGE][PASSED] - Object: 'Object Repository/Final Object Repo/New Registration - Registration Module Pages/Form 2/DOB Year' is clicked on

2018-12-10 17:18:45 - [TEST_STEP][PASSED] - Statement - selectYear = com.kms.katalon.core.webui.keyword.WebUiBuiltInKeywords.modifyObjectProperty(selectYear, "xpath", "equals", "//div/div/div/select/option[@value="" + EighteenYrsBefore + ""]", true): Modify property of object successfully

2018-12-10 17:18:45 - [MESSAGE][PASSED] - Modify property of object successfully

2018-12-10 17:18:45 - [TEST_STEP][PASSED] - click: Object: '' is clicked on

2018-12-10 17:18:45 - [MESSAGE][PASSED] - Object: '' is clicked on

2018-12-10 17:18:45 - [TEST_STEP][PASSED] - Statement - UpdatedSelectDate = com.kms.katalon.core.webui.keyword.WebUiBuiltInKeywords.modifyObjectProperty(com.kms.katalon.core.testobject.ObjectRepository.findTestObject(Final Object Repo/New Registration - Registration Module Pages/Form 2/DOB Date), "xpath", "equals", "//body/div/table/tbody/tr/td/a[text()="" + OneDayBefore + ""]", true): Modify property of object successfully

2018-12-10 17:18:45 - [MESSAGE][PASSED] - Modify property of object successfully

2018-12-10 17:18:45 - [TEST_STEP][PASSED] - click: Object: 'Object Repository/Final Object Repo/New Registration - Registration Module Pages/Form 2/DOB Date' is clicked on

2018-12-10 17:18:46 - [MESSAGE][PASSED] - Object: 'Object Repository/Final Object Repo/New Registration - Registration Module Pages/Form 2/DOB Date' is clicked on

2018-12-10 17:18:46 - [TEST_STEP][PASSED] - delay: Delayed 2 second(s)

2018-12-10 17:18:48 - [MESSAGE][PASSED] - Delayed 2 second(s)

2018-12-10 17:18:48 - [TEST_STEP][PASSED] - click: Object: 'Object Repository/Final Object Repo/New Registration - Registration Module Pages/Form 2/EmploymentStartDate Pop Up' is clicked on

2018-12-10 17:18:48 - [MESSAGE][PASSED] - Object: 'Object Repository/Final Object Repo/New Registration - Registration Module Pages/Form 2/EmploymentStartDate Pop Up' is clicked on

2018-12-10 17:18:48 - [TEST_STEP][PASSED] - delay: Delayed 2 second(s)

2018-12-10 17:18:50 - [MESSAGE][PASSED] - Delayed 2 second(s)

2018-12-10 17:18:50 - [TEST_STEP][PASSED] - click: Object: 'Object Repository/Final Object Repo/New Registration - Registration Module Pages/Form 2/Socso Employment StartDate Month' is clicked on

2018-12-10 17:18:50 - [MESSAGE][PASSED] - Object: 'Object Repository/Final Object Repo/New Registration - Registration Module Pages/Form 2/Socso Employment StartDate Month' is clicked on

2018-12-10 17:18:50 - [TEST_STEP][PASSED] - delay: Delayed 1 second(s)

2018-12-10 17:18:51 - [MESSAGE][PASSED] - Delayed 1 second(s)

2018-12-10 17:18:51 - [TEST_STEP][PASSED] - click: Object: 'Object Repository/Final Object Repo/New Registration - Registration Module Pages/Form 2/Select Socso Employement Startdate Month' is clicked on

2018-12-10 17:18:51 - [MESSAGE][PASSED] - Object: 'Object Repository/Final Object Repo/New Registration - Registration Module Pages/Form 2/Select Socso Employement Startdate Month' is clicked on

2018-12-10 17:18:51 - [TEST_STEP][PASSED] - delay: Delayed 2 second(s)

2018-12-10 17:18:53 - [MESSAGE][PASSED] - Delayed 2 second(s)

2018-12-10 17:18:53 - [TEST_STEP][PASSED] - click: Object: 'Object Repository/Final Object Repo/New Registration - Registration Module Pages/Form 2/Socso Employment StartDate Year' is clicked on

2018-12-10 17:18:53 - [MESSAGE][PASSED] - Object: 'Object Repository/Final Object Repo/New Registration - Registration Module Pages/Form 2/Socso Employment StartDate Year' is clicked on

2018-12-10 17:18:53 - [TEST_STEP][PASSED] - delay: Delayed 1 second(s)

2018-12-10 17:18:54 - [MESSAGE][PASSED] - Delayed 1 second(s)

2018-12-10 17:18:54 - [TEST_STEP][PASSED] - click: Object: 'Object Repository/Final Object Repo/New Registration - Registration Module Pages/Form 2/Select Socso Employment Startdate Year' is clicked on

2018-12-10 17:18:55 - [MESSAGE][PASSED] - Object: 'Object Repository/Final Object Repo/New Registration - Registration Module Pages/Form 2/Select Socso Employment Startdate Year' is clicked on

2018-12-10 17:18:55 - [TEST_STEP][PASSED] - delay: Delayed 2 second(s)

2018-12-10 17:18:57 - [MESSAGE][PASSED] - Delayed 2 second(s)

2018-12-10 17:18:57 - [TEST_STEP][PASSED] - click: Object: 'Object Repository/Final Object Repo/New Registration - Registration Module Pages/Form 2/Socso Employment Start Date Day' is clicked on

2018-12-10 17:18:57 - [MESSAGE][PASSED] - Object: 'Object Repository/Final Object Repo/New Registration - Registration Module Pages/Form 2/Socso Employment Start Date Day' is clicked on

2018-12-10 17:18:57 - [TEST_STEP][PASSED] - delay: Delayed 2 second(s)

2018-12-10 17:18:59 - [MESSAGE][PASSED] - Delayed 2 second(s)

2018-12-10 17:18:59 - [TEST_STEP][PASSED] - click: Object: 'Object Repository/Final Object Repo/New Registration - Registration Module Pages/Form 2/Save Button for Add Employee' is clicked on

2018-12-10 17:18:59 - [MESSAGE][PASSED] - Object: 'Object Repository/Final Object Repo/New Registration - Registration Module Pages/Form 2/Save Button for Add Employee' is clicked on

2018-12-10 17:18:59 - [TEST_STEP][PASSED] - delay: Delayed 6 second(s)

2018-12-10 17:19:05 - [MESSAGE][PASSED] - Delayed 6 second(s)

2018-12-10 17:19:05 - [TEST_STEP][PASSED] - click: Object: 'Object Repository/Final Object Repo/New Registration - Registration Module Pages/Form 2/Add Employee Button' is clicked on

2018-12-10 17:19:05 - [MESSAGE][PASSED] - Object: 'Object Repository/Final Object Repo/New Registration - Registration Module Pages/Form 2/Add Employee Button' is clicked on

2018-12-10 17:19:05 - [TEST_STEP][PASSED] - delay: Delayed 4 second(s)

2018-12-10 17:19:09 - [MESSAGE][PASSED] - Delayed 4 second(s)

2018-12-10 17:19:09 - [TEST_STEP][PASSED] - setText: Text '600203039154' is set on object 'Object Repository/Final Object Repo/New Registration - Registration Module Pages/Form 2/NRIC Input'

2018-12-10 17:19:09 - [MESSAGE][PASSED] - Text '600203039154' is set on object 'Object Repository/Final Object Repo/New Registration - Registration Module Pages/Form 2/NRIC Input'

2018-12-10 17:19:09 - [TEST_STEP][PASSED] - click: Object: 'Object Repository/Final Object Repo/New Registration - Registration Module Pages/Form 2/button for search for IC' is clicked on

2018-12-10 17:19:10 - [MESSAGE][PASSED] - Object: 'Object Repository/Final Object Repo/New Registration - Registration Module Pages/Form 2/button for search for IC' is clicked on

2018-12-10 17:19:10 - [TEST_STEP][PASSED] - delay: Delayed 2 second(s)

2018-12-10 17:19:12 - [MESSAGE][PASSED] - Delayed 2 second(s)

2018-12-10 17:19:12 - [TEST_STEP][PASSED] - setText: Text 'Automate001 not eligible 2' is set on object 'Object Repository/Final Object Repo/New Registration - Registration Module Pages/Form 2/Employee Name Input'

2018-12-10 17:19:12 - [MESSAGE][PASSED] - Text 'Automate001 not eligible 2' is set on object 'Object Repository/Final Object Repo/New Registration - Registration Module Pages/Form 2/Employee Name Input'

2018-12-10 17:19:12 - [TEST_STEP][PASSED] - delay: Delayed 2 second(s)

2018-12-10 17:19:14 - [MESSAGE][PASSED] - Delayed 2 second(s)

2018-12-10 17:19:14 - [TEST_STEP][PASSED] - click: Object: 'Object Repository/Final Object Repo/New Registration - Registration Module Pages/Form 2/DatePicker Pop Up' is clicked on

2018-12-10 17:19:14 - [MESSAGE][PASSED] - Object: 'Object Repository/Final Object Repo/New Registration - Registration Module Pages/Form 2/DatePicker Pop Up' is clicked on

2018-12-10 17:19:14 - [TEST_STEP][PASSED] - delay: Delayed 2 second(s)

2018-12-10 17:19:16 - [MESSAGE][PASSED] - Delayed 2 second(s)

2018-12-10 17:19:16 - [TEST_STEP][PASSED] - click: Object: 'Object Repository/Final Object Repo/New Registration - Registration Module Pages/Form 2/DOB Month' is clicked on

2018-12-10 17:19:16 - [MESSAGE][PASSED] - Object: 'Object Repository/Final Object Repo/New Registration - Registration Module Pages/Form 2/DOB Month' is clicked on

2018-12-10 17:19:16 - [TEST_STEP][PASSED] - Statement - selectMonth = com.kms.katalon.core.webui.keyword.WebUiBuiltInKeywords.modifyObjectProperty(selectMonth, "xpath", "equals", "//body/div/div/div/select/option[@value="" + CurrentMonth + ""]", true): Modify property of object successfully

2018-12-10 17:19:16 - [MESSAGE][PASSED] - Modify property of object successfully

2018-12-10 17:19:16 - [TEST_STEP][PASSED] - click: Object: '' is clicked on

2018-12-10 17:19:17 - [MESSAGE][PASSED] - Object: '' is clicked on

2018-12-10 17:19:17 - [TEST_STEP][PASSED] - click: Object: 'Object Repository/Final Object Repo/New Registration - Registration Module Pages/Form 2/DOB Year' is clicked on

2018-12-10 17:19:17 - [MESSAGE][PASSED] - Object: 'Object Repository/Final Object Repo/New Registration - Registration Module Pages/Form 2/DOB Year' is clicked on

2018-12-10 17:19:17 - [TEST_STEP][PASSED] - Statement - selectYear = com.kms.katalon.core.webui.keyword.WebUiBuiltInKeywords.modifyObjectProperty(selectYear, "xpath", "equals", "//div/div/div/select/option[@value="" + FiftysevenYrsBefore + ""]", true): Modify property of object successfully

2018-12-10 17:19:17 - [MESSAGE][PASSED] - Modify property of object successfully

2018-12-10 17:19:17 - [TEST_STEP][PASSED] - click: Object: '' is clicked on

2018-12-10 17:19:17 - [MESSAGE][PASSED] - Object: '' is clicked on

2018-12-10 17:19:17 - [TEST_STEP][PASSED] - Statement - UpdatedSelectDate = com.kms.katalon.core.webui.keyword.WebUiBuiltInKeywords.modifyObjectProperty(com.kms.katalon.core.testobject.ObjectRepository.findTestObject(Final Object Repo/New Registration - Registration Module Pages/Form 2/DOB Date), "xpath", "equals", "//body/div/table/tbody/tr/td/a[text()="" + CurrentDate + ""]", true): Modify property of object successfully

2018-12-10 17:19:17 - [MESSAGE][PASSED] - Modify property of object successfully

2018-12-10 17:19:17 - [TEST_STEP][PASSED] - click: Object: 'Object Repository/Final Object Repo/New Registration - Registration Module Pages/Form 2/DOB Date' is clicked on

2018-12-10 17:19:17 - [MESSAGE][PASSED] - Object: 'Object Repository/Final Object Repo/New Registration - Registration Module Pages/Form 2/DOB Date' is clicked on

2018-12-10 17:19:17 - [TEST_STEP][PASSED] - click: Object: 'Object Repository/Final Object Repo/New Registration - Registration Module Pages/Form 2/EmploymentStartDate Pop Up' is clicked on

2018-12-10 17:19:17 - [MESSAGE][PASSED] - Object: 'Object Repository/Final Object Repo/New Registration - Registration Module Pages/Form 2/EmploymentStartDate Pop Up' is clicked on

2018-12-10 17:19:17 - [TEST_STEP][PASSED] - delay: Delayed 2 second(s)

2018-12-10 17:19:19 - [MESSAGE][PASSED] - Delayed 2 second(s)

2018-12-10 17:19:19 - [TEST_STEP][PASSED] - click: Object: 'Object Repository/Final Object Repo/New Registration - Registration Module Pages/Form 2/Socso Employment StartDate Month' is clicked on

2018-12-10 17:19:19 - [MESSAGE][PASSED] - Object: 'Object Repository/Final Object Repo/New Registration - Registration Module Pages/Form 2/Socso Employment StartDate Month' is clicked on

2018-12-10 17:19:19 - [TEST_STEP][PASSED] - delay: Delayed 1 second(s)

2018-12-10 17:19:20 - [MESSAGE][PASSED] - Delayed 1 second(s)

2018-12-10 17:19:20 - [TEST_STEP][PASSED] - click: Object: 'Object Repository/Final Object Repo/New Registration - Registration Module Pages/Form 2/Select Socso Employement Startdate Month' is clicked on

2018-12-10 17:19:21 - [MESSAGE][PASSED] - Object: 'Object Repository/Final Object Repo/New Registration - Registration Module Pages/Form 2/Select Socso Employement Startdate Month' is clicked on

2018-12-10 17:19:21 - [TEST_STEP][PASSED] - delay: Delayed 2 second(s)

2018-12-10 17:19:23 - [MESSAGE][PASSED] - Delayed 2 second(s)

2018-12-10 17:19:23 - [TEST_STEP][PASSED] - click: Object: 'Object Repository/Final Object Repo/New Registration - Registration Module Pages/Form 2/Socso Employment StartDate Year' is clicked on

2018-12-10 17:19:23 - [MESSAGE][PASSED] - Object: 'Object Repository/Final Object Repo/New Registration - Registration Module Pages/Form 2/Socso Employment StartDate Year' is clicked on

2018-12-10 17:19:23 - [TEST_STEP][PASSED] - delay: Delayed 1 second(s)

2018-12-10 17:19:24 - [MESSAGE][PASSED] - Delayed 1 second(s)

2018-12-10 17:19:24 - [TEST_STEP][PASSED] - click: Object: 'Object Repository/Final Object Repo/New Registration - Registration Module Pages/Form 2/Select Socso Employment Startdate Year' is clicked on

2018-12-10 17:19:24 - [MESSAGE][PASSED] - Object: 'Object Repository/Final Object Repo/New Registration - Registration Module Pages/Form 2/Select Socso Employment Startdate Year' is clicked on

2018-12-10 17:19:24 - [TEST_STEP][PASSED] - delay: Delayed 2 second(s)

2018-12-10 17:19:26 - [MESSAGE][PASSED] - Delayed 2 second(s)

2018-12-10 17:19:26 - [TEST_STEP][PASSED] - click: Object: 'Object Repository/Final Object Repo/New Registration - Registration Module Pages/Form 2/Socso Employment Start Date Day' is clicked on

2018-12-10 17:19:26 - [MESSAGE][PASSED] - Object: 'Object Repository/Final Object Repo/New Registration - Registration Module Pages/Form 2/Socso Employment Start Date Day' is clicked on

2018-12-10 17:19:26 - [TEST_STEP][PASSED] - delay: Delayed 2 second(s)

2018-12-10 17:19:28 - [MESSAGE][PASSED] - Delayed 2 second(s)

2018-12-10 17:19:28 - [TEST_STEP][PASSED] - click: Object: 'Object Repository/Final Object Repo/New Registration - Registration Module Pages/Form 2/Save Button for Add Employee' is clicked on

2018-12-10 17:19:28 - [MESSAGE][PASSED] - Object: 'Object Repository/Final Object Repo/New Registration - Registration Module Pages/Form 2/Save Button for Add Employee' is clicked on

2018-12-10 17:19:28 - [TEST_STEP][PASSED] - delay: Delayed 2 second(s)

2018-12-10 17:19:30 - [MESSAGE][PASSED] - Delayed 2 second(s)

2018-12-10 17:19:30 - [TEST_STEP][PASSED] - click: Object: 'Object Repository/Final Object Repo/New Registration - Registration Module Pages/Form 2/Save and Continue Form 2' is clicked on

2018-12-10 17:19:30 - [MESSAGE][PASSED] - Object: 'Object Repository/Final Object Repo/New Registration - Registration Module Pages/Form 2/Save and Continue Form 2' is clicked on

2018-12-10 17:19:30 - [MESSAGE][PASSED] - Call Test Case 'Test Cases/Final Aug 2018 - PKS Automation/Registration Module/New Registration/Form 2/Add 2 Eligible 2 Not Eligible' successfully

2018-12-10 17:19:30 - [TEST_STEP][PASSED] - callTestCase: Call Test Case 'Test Cases/Final Aug 2018 - PKS Automation/Registration Module/New Registration/Flow of New Registration/Third Screen - Upload Supporting Doc - Preview' successfully

2018-12-10 17:19:31 - [TEST_CASE][PASSED] - Test Cases/Final Aug 2018 - PKS Automation/Registration Module/New Registration/Flow of New Registration/Third Screen - Upload Supporting Doc - Preview: Test Cases/Final Aug 2018 - PKS Automation/Registration Module/New Registration/Flow of New Registration/Third Screen - Upload Supporting Doc - Preview

2018-12-10 17:19:31 - [TEST_STEP][PASSED] - waitForPageLoad: Wait for page load successfully

2018-12-10 17:19:31 - [MESSAGE][PASSED] - Wait for page load successfully

2018-12-10 17:19:31 - [TEST_STEP][PASSED] - Statement - CaseReferenceNo = com.kms.katalon.core.webui.keyword.WebUiBuiltInKeywords.getText(com.kms.katalon.core.testobject.ObjectRepository.findTestObject(Final Object Repo/New Registration - Registration Module Pages/Third Screen - Upload Supporting Doc- Preview/RefNo Acquiring)): Text of object 'Object Repository/Final Object Repo/New Registration - Registration Module Pages/Third Screen - Upload Supporting Doc- Preview/RefNo Acquiring' is: 'CRN12201800123134'

2018-12-10 17:19:31 - [MESSAGE][PASSED] - Text of object 'Object Repository/Final Object Repo/New Registration - Registration Module Pages/Third Screen - Upload Supporting Doc- Preview/RefNo Acquiring' is: 'CRN12201800123134'

2018-12-10 17:19:31 - [TEST_STEP][PASSED] - delay: Delayed 2 second(s)

2018-12-10 17:19:33 - [MESSAGE][PASSED] - Delayed 2 second(s)

2018-12-10 17:19:33 - [TEST_STEP][PASSED] - callTestCase: Call Test Case 'Test Cases/Final Aug 2018 - PKS Automation/Common/Reference Number Setter' successfully

2018-12-10 17:19:33 - [TEST_CASE][PASSED] - Test Cases/Final Aug 2018 - PKS Automation/Common/Reference Number Setter: Test Cases/Final Aug 2018 - PKS Automation/Common/Reference Number Setter

2018-12-10 17:19:33 - [TEST_STEP][PASSED] - Statement - RefNoOldFile = new java.io.File(C://Users//Admin//Desktop//PKS//Automation Reference Point//KatalonReference.txt): null

2018-12-10 17:19:33 - [TEST_STEP][PASSED] - Statement - RefNoOldFile.delete(): null

2018-12-10 17:19:33 - [TEST_STEP][PASSED] - delay: Delayed 5 second(s)

2018-12-10 17:19:38 - [MESSAGE][PASSED] - Delayed 5 second(s)

2018-12-10 17:19:38 - [TEST_STEP][PASSED] - Statement - RefNo = new java.io.File(C://Users//Admin//Desktop//PKS//Automation Reference Point//KatalonReference.txt): null

2018-12-10 17:19:38 - [TEST_STEP][PASSED] - Statement - f2 = new java.io.FileWriter(RefNo, false): null

2018-12-10 17:19:38 - [TEST_STEP][PASSED] - Statement - f2.write(CaseReferenceNo): null

2018-12-10 17:19:38 - [TEST_STEP][PASSED] - Statement - f2.close(): null

2018-12-10 17:19:38 - [TEST_STEP][PASSED] - Statement - out.println("


" + CaseReferenceNo + "


"): null

2018-12-10 17:19:38 - [MESSAGE][PASSED] - Call Test Case 'Test Cases/Final Aug 2018 - PKS Automation/Common/Reference Number Setter' successfully

2018-12-10 17:19:38 - [TEST_STEP][PASSED] - waitForElementClickable: Object 'Object Repository/Final Object Repo/New Registration - Registration Module Pages/Third Screen - Upload Supporting Doc- Preview/Save n Continue in SIP Employee Listing Page' is clickable

2018-12-10 17:19:38 - [MESSAGE][PASSED] - Object 'Object Repository/Final Object Repo/New Registration - Registration Module Pages/Third Screen - Upload Supporting Doc- Preview/Save n Continue in SIP Employee Listing Page' is clickable

2018-12-10 17:19:38 - [TEST_STEP][PASSED] - click: Object: 'Object Repository/Final Object Repo/New Registration - Registration Module Pages/Third Screen - Upload Supporting Doc- Preview/Save n Continue in SIP Employee Listing Page' is clicked on

2018-12-10 17:19:44 - [MESSAGE][PASSED] - Object: 'Object Repository/Final Object Repo/New Registration - Registration Module Pages/Third Screen - Upload Supporting Doc- Preview/Save n Continue in SIP Employee Listing Page' is clicked on

2018-12-10 17:19:44 - [TEST_STEP][PASSED] - delay: Delayed 7 second(s)

2018-12-10 17:19:51 - [MESSAGE][PASSED] - Delayed 7 second(s)

2018-12-10 17:19:51 - [TEST_STEP][PASSED] - click: Object: 'Object Repository/Final Object Repo/New Registration - Registration Module Pages/Third Screen - Upload Supporting Doc- Preview/Add Document Button' is clicked on

2018-12-10 17:19:51 - [MESSAGE][PASSED] - Object: 'Object Repository/Final Object Repo/New Registration - Registration Module Pages/Third Screen - Upload Supporting Doc- Preview/Add Document Button' is clicked on

2018-12-10 17:19:51 - [TEST_STEP][PASSED] - delay: Delayed 30 second(s)

2018-12-10 17:20:21 - [MESSAGE][PASSED] - Delayed 30 second(s)

2018-12-10 17:20:21 - [TEST_STEP][PASSED] - click: Object: 'Object Repository/Final Object Repo/New Registration - Registration Module Pages/Third Screen - Upload Supporting Doc- Preview/Supporting Doc Please Select Drop Down' is clicked on

2018-12-10 17:20:21 - [MESSAGE][PASSED] - Object: 'Object Repository/Final Object Repo/New Registration - Registration Module Pages/Third Screen - Upload Supporting Doc- Preview/Supporting Doc Please Select Drop Down' is clicked on

2018-12-10 17:20:21 - [TEST_STEP][PASSED] - delay: Delayed 2 second(s)

2018-12-10 17:20:23 - [MESSAGE][PASSED] - Delayed 2 second(s)

2018-12-10 17:20:23 - [TEST_STEP][PASSED] - click: Object: 'Object Repository/Final Object Repo/New Registration - Registration Module Pages/Third Screen - Upload Supporting Doc- Preview/Select to Upload Form 1' is clicked on

2018-12-10 17:20:23 - [MESSAGE][PASSED] - Object: 'Object Repository/Final Object Repo/New Registration - Registration Module Pages/Third Screen - Upload Supporting Doc- Preview/Select to Upload Form 1' is clicked on

2018-12-10 17:20:23 - [TEST_STEP][PASSED] - delay: Delayed 2 second(s)

2018-12-10 17:20:25 - [MESSAGE][PASSED] - Delayed 2 second(s)

2018-12-10 17:20:25 - [TEST_STEP][PASSED] - uploadFile: File 'C:\Users\Public\Pictures\Sample Pictures\Koala.jpg' sent to object: 'Object Repository/Final Object Repo/New Registration - Registration Module Pages/Third Screen - Upload Supporting Doc- Preview/Upload File Adding'

2018-12-10 17:20:26 - [MESSAGE][PASSED] - File 'C:\Users\Public\Pictures\Sample Pictures\Koala.jpg' sent to object: 'Object Repository/Final Object Repo/New Registration - Registration Module Pages/Third Screen - Upload Supporting Doc- Preview/Upload File Adding'

2018-12-10 17:20:26 - [TEST_STEP][PASSED] - delay: Delayed 5 second(s)

2018-12-10 17:20:31 - [MESSAGE][PASSED] - Delayed 5 second(s)

2018-12-10 17:20:31 - [TEST_STEP][PASSED] - click: Object: 'Object Repository/Final Object Repo/New Registration - Registration Module Pages/Third Screen - Upload Supporting Doc- Preview/Inner Form Add Document Button' is clicked on

2018-12-10 17:20:31 - [MESSAGE][PASSED] - Object: 'Object Repository/Final Object Repo/New Registration - Registration Module Pages/Third Screen - Upload Supporting Doc- Preview/Inner Form Add Document Button' is clicked on

2018-12-10 17:20:31 - [TEST_STEP][PASSED] - delay: Delayed 3 second(s)

2018-12-10 17:20:34 - [MESSAGE][PASSED] - Delayed 3 second(s)

2018-12-10 17:20:34 - [TEST_STEP][PASSED] - click: Object: 'Object Repository/Final Object Repo/New Registration - Registration Module Pages/Third Screen - Upload Supporting Doc- Preview/Add Document Button' is clicked on

2018-12-10 17:20:35 - [MESSAGE][PASSED] - Object: 'Object Repository/Final Object Repo/New Registration - Registration Module Pages/Third Screen - Upload Supporting Doc- Preview/Add Document Button' is clicked on

2018-12-10 17:20:35 - [TEST_STEP][PASSED] - delay: Delayed 30 second(s)

2018-12-10 17:21:05 - [MESSAGE][PASSED] - Delayed 30 second(s)

2018-12-10 17:21:05 - [TEST_STEP][PASSED] - click: Object: 'Object Repository/Final Object Repo/New Registration - Registration Module Pages/Third Screen - Upload Supporting Doc- Preview/Supporting Doc Please Select Drop Down' is clicked on

2018-12-10 17:21:05 - [MESSAGE][PASSED] - Object: 'Object Repository/Final Object Repo/New Registration - Registration Module Pages/Third Screen - Upload Supporting Doc- Preview/Supporting Doc Please Select Drop Down' is clicked on

2018-12-10 17:21:05 - [TEST_STEP][PASSED] - delay: Delayed 4 second(s)

2018-12-10 17:21:09 - [MESSAGE][PASSED] - Delayed 4 second(s)

2018-12-10 17:21:09 - [TEST_STEP][PASSED] - click: Object: 'Object Repository/Final Object Repo/New Registration - Registration Module Pages/Third Screen - Upload Supporting Doc- Preview/Select to Upload Form 2' is clicked on

2018-12-10 17:21:09 - [MESSAGE][PASSED] - Object: 'Object Repository/Final Object Repo/New Registration - Registration Module Pages/Third Screen - Upload Supporting Doc- Preview/Select to Upload Form 2' is clicked on

2018-12-10 17:21:09 - [TEST_STEP][PASSED] - delay: Delayed 2 second(s)

2018-12-10 17:21:11 - [MESSAGE][PASSED] - Delayed 2 second(s)

2018-12-10 17:21:11 - [TEST_STEP][PASSED] - uploadFile: File 'C:\Users\Public\Pictures\Sample Pictures\Koala.jpg' sent to object: 'Object Repository/Final Object Repo/New Registration - Registration Module Pages/Third Screen - Upload Supporting Doc- Preview/Upload File Adding'

2018-12-10 17:21:11 - [MESSAGE][PASSED] - File 'C:\Users\Public\Pictures\Sample Pictures\Koala.jpg' sent to object: 'Object Repository/Final Object Repo/New Registration - Registration Module Pages/Third Screen - Upload Supporting Doc- Preview/Upload File Adding'

2018-12-10 17:21:11 - [TEST_STEP][PASSED] - click: Object: 'Object Repository/Final Object Repo/New Registration - Registration Module Pages/Third Screen - Upload Supporting Doc- Preview/Inner Form Add Document Button' is clicked on

2018-12-10 17:21:12 - [MESSAGE][PASSED] - Object: 'Object Repository/Final Object Repo/New Registration - Registration Module Pages/Third Screen - Upload Supporting Doc- Preview/Inner Form Add Document Button' is clicked on

2018-12-10 17:21:12 - [TEST_STEP][PASSED] - delay: Delayed 5 second(s)

2018-12-10 17:21:17 - [MESSAGE][PASSED] - Delayed 5 second(s)

2018-12-10 17:21:17 - [TEST_STEP][PASSED] - click: Object: 'Object Repository/Final Object Repo/New Registration - Registration Module Pages/Third Screen - Upload Supporting Doc- Preview/Add Document Button' is clicked on

2018-12-10 17:21:17 - [MESSAGE][PASSED] - Object: 'Object Repository/Final Object Repo/New Registration - Registration Module Pages/Third Screen - Upload Supporting Doc- Preview/Add Document Button' is clicked on

2018-12-10 17:21:17 - [TEST_STEP][PASSED] - delay: Delayed 30 second(s)

2018-12-10 17:21:47 - [MESSAGE][PASSED] - Delayed 30 second(s)

2018-12-10 17:21:47 - [TEST_STEP][PASSED] - click: Object: 'Object Repository/Final Object Repo/New Registration - Registration Module Pages/Third Screen - Upload Supporting Doc- Preview/Supporting Doc Please Select Drop Down' is clicked on

2018-12-10 17:21:47 - [MESSAGE][PASSED] - Object: 'Object Repository/Final Object Repo/New Registration - Registration Module Pages/Third Screen - Upload Supporting Doc- Preview/Supporting Doc Please Select Drop Down' is clicked on

2018-12-10 17:21:47 - [TEST_STEP][PASSED] - click: Object: 'Object Repository/Final Object Repo/New Registration - Registration Module Pages/Third Screen - Upload Supporting Doc- Preview/Select to Upload Borang SIP 1' is clicked on

2018-12-10 17:21:47 - [MESSAGE][PASSED] - Object: 'Object Repository/Final Object Repo/New Registration - Registration Module Pages/Third Screen - Upload Supporting Doc- Preview/Select to Upload Borang SIP 1' is clicked on

2018-12-10 17:21:47 - [TEST_STEP][PASSED] - delay: Delayed 2 second(s)

2018-12-10 17:21:49 - [MESSAGE][PASSED] - Delayed 2 second(s)

2018-12-10 17:21:49 - [TEST_STEP][PASSED] - uploadFile: File 'C:\Users\Public\Pictures\Sample Pictures\Koala.jpg' sent to object: 'Object Repository/Final Object Repo/New Registration - Registration Module Pages/Third Screen - Upload Supporting Doc- Preview/Upload File Adding'

2018-12-10 17:21:49 - [MESSAGE][PASSED] - File 'C:\Users\Public\Pictures\Sample Pictures\Koala.jpg' sent to object: 'Object Repository/Final Object Repo/New Registration - Registration Module Pages/Third Screen - Upload Supporting Doc- Preview/Upload File Adding'

2018-12-10 17:21:49 - [TEST_STEP][PASSED] - click: Object: 'Object Repository/Final Object Repo/New Registration - Registration Module Pages/Third Screen - Upload Supporting Doc- Preview/Inner Form Add Document Button' is clicked on

2018-12-10 17:21:49 - [MESSAGE][PASSED] - Object: 'Object Repository/Final Object Repo/New Registration - Registration Module Pages/Third Screen - Upload Supporting Doc- Preview/Inner Form Add Document Button' is clicked on

2018-12-10 17:21:49 - [TEST_STEP][PASSED] - delay: Delayed 5 second(s)

2018-12-10 17:21:54 - [MESSAGE][PASSED] - Delayed 5 second(s)

2018-12-10 17:21:54 - [TEST_STEP][PASSED] - click: Object: 'Object Repository/Final Object Repo/New Registration - Registration Module Pages/Third Screen - Upload Supporting Doc- Preview/Add Document Button' is clicked on

2018-12-10 17:21:55 - [MESSAGE][PASSED] - Object: 'Object Repository/Final Object Repo/New Registration - Registration Module Pages/Third Screen - Upload Supporting Doc- Preview/Add Document Button' is clicked on

2018-12-10 17:21:55 - [TEST_STEP][PASSED] - delay: Delayed 30 second(s)

2018-12-10 17:22:25 - [MESSAGE][PASSED] - Delayed 30 second(s)

2018-12-10 17:22:25 - [TEST_STEP][PASSED] - click: Object: 'Object Repository/Final Object Repo/New Registration - Registration Module Pages/Third Screen - Upload Supporting Doc- Preview/Supporting Doc Please Select Drop Down' is clicked on

2018-12-10 17:22:25 - [MESSAGE][PASSED] - Object: 'Object Repository/Final Object Repo/New Registration - Registration Module Pages/Third Screen - Upload Supporting Doc- Preview/Supporting Doc Please Select Drop Down' is clicked on

2018-12-10 17:22:25 - [TEST_STEP][PASSED] - delay: Delayed 3 second(s)

2018-12-10 17:22:28 - [MESSAGE][PASSED] - Delayed 3 second(s)

2018-12-10 17:22:28 - [TEST_STEP][PASSED] - click: Object: 'Object Repository/Final Object Repo/New Registration - Registration Module Pages/Third Screen - Upload Supporting Doc- Preview/Select to Upload Borang SIP 2' is clicked on

2018-12-10 17:22:28 - [MESSAGE][PASSED] - Object: 'Object Repository/Final Object Repo/New Registration - Registration Module Pages/Third Screen - Upload Supporting Doc- Preview/Select to Upload Borang SIP 2' is clicked on

2018-12-10 17:22:28 - [TEST_STEP][PASSED] - delay: Delayed 2 second(s)

2018-12-10 17:22:30 - [MESSAGE][PASSED] - Delayed 2 second(s)

2018-12-10 17:22:30 - [TEST_STEP][PASSED] - uploadFile: File 'C:\Users\Public\Pictures\Sample Pictures\Koala.jpg' sent to object: 'Object Repository/Final Object Repo/New Registration - Registration Module Pages/Third Screen - Upload Supporting Doc- Preview/Upload File Adding'

2018-12-10 17:22:30 - [MESSAGE][PASSED] - File 'C:\Users\Public\Pictures\Sample Pictures\Koala.jpg' sent to object: 'Object Repository/Final Object Repo/New Registration - Registration Module Pages/Third Screen - Upload Supporting Doc- Preview/Upload File Adding'

2018-12-10 17:22:30 - [TEST_STEP][PASSED] - delay: Delayed 5 second(s)

2018-12-10 17:22:35 - [MESSAGE][PASSED] - Delayed 5 second(s)

2018-12-10 17:22:35 - [TEST_STEP][PASSED] - click: Object: 'Object Repository/Final Object Repo/New Registration - Registration Module Pages/Third Screen - Upload Supporting Doc- Preview/Inner Form Add Document Button' is clicked on

2018-12-10 17:22:35 - [MESSAGE][PASSED] - Object: 'Object Repository/Final Object Repo/New Registration - Registration Module Pages/Third Screen - Upload Supporting Doc- Preview/Inner Form Add Document Button' is clicked on

2018-12-10 17:22:35 - [TEST_STEP][PASSED] - delay: Delayed 3 second(s)

2018-12-10 17:22:38 - [MESSAGE][PASSED] - Delayed 3 second(s)

2018-12-10 17:22:38 - [TEST_STEP][PASSED] - waitForElementClickable: Object 'Object Repository/Final Object Repo/New Registration - Registration Module Pages/Third Screen - Upload Supporting Doc- Preview/Save n Continue in Uploading Supporting Doc Page' is clickable

2018-12-10 17:22:39 - [MESSAGE][PASSED] - Object 'Object Repository/Final Object Repo/New Registration - Registration Module Pages/Third Screen - Upload Supporting Doc- Preview/Save n Continue in Uploading Supporting Doc Page' is clickable

2018-12-10 17:22:39 - [TEST_STEP][PASSED] - click: Object: 'Object Repository/Final Object Repo/New Registration - Registration Module Pages/Third Screen - Upload Supporting Doc- Preview/Save n Continue in Uploading Supporting Doc Page' is clicked on

2018-12-10 17:22:39 - [MESSAGE][PASSED] - Object: 'Object Repository/Final Object Repo/New Registration - Registration Module Pages/Third Screen - Upload Supporting Doc- Preview/Save n Continue in Uploading Supporting Doc Page' is clicked on

2018-12-10 17:22:39 - [MESSAGE][PASSED] - Call Test Case 'Test Cases/Final Aug 2018 - PKS Automation/Registration Module/New Registration/Flow of New Registration/Third Screen - Upload Supporting Doc - Preview' successfully

2018-12-10 17:22:39 - [TEST_STEP][PASSED] - callTestCase: Call Test Case 'Test Cases/Final Aug 2018 - PKS Automation/Registration Module/New Registration/Submit and Screenshot/Submit Registration and Screenshot' successfully

2018-12-10 17:22:40 - [TEST_CASE][PASSED] - Test Cases/Final Aug 2018 - PKS Automation/Registration Module/New Registration/Submit and Screenshot/Submit Registration and Screenshot: Test Cases/Final Aug 2018 - PKS Automation/Registration Module/New Registration/Submit and Screenshot/Submit Registration and Screenshot

2018-12-10 17:22:40 - [TEST_STEP][PASSED] - delay: Delayed 6 second(s)

2018-12-10 17:22:46 - [MESSAGE][PASSED] - Delayed 6 second(s)

2018-12-10 17:22:46 - [TEST_STEP][PASSED] - click: Object: 'Object Repository/Final Object Repo/New Registration - Registration Module Pages/Third Screen - Upload Supporting Doc- Preview/Preview Submit Button' is clicked on

2018-12-10 17:22:46 - [MESSAGE][PASSED] - Object: 'Object Repository/Final Object Repo/New Registration - Registration Module Pages/Third Screen - Upload Supporting Doc- Preview/Preview Submit Button' is clicked on

2018-12-10 17:22:46 - [TEST_STEP][PASSED] - delay: Delayed 2 second(s)

2018-12-10 17:22:48 - [MESSAGE][PASSED] - Delayed 2 second(s)

2018-12-10 17:22:48 - [TEST_STEP][PASSED] - click: Object: 'Object Repository/Final Object Repo/New Registration - Registration Module Pages/Third Screen - Upload Supporting Doc- Preview/Preview Submit - Confirm' is clicked on

2018-12-10 17:22:48 - [MESSAGE][PASSED] - Object: 'Object Repository/Final Object Repo/New Registration - Registration Module Pages/Third Screen - Upload Supporting Doc- Preview/Preview Submit - Confirm' is clicked on

2018-12-10 17:22:48 - [TEST_STEP][PASSED] - delay: Delayed 15 second(s)

2018-12-10 17:23:03 - [MESSAGE][PASSED] - Delayed 15 second(s)

2018-12-10 17:23:03 - [TEST_STEP][PASSED] - Statement - driver = com.kms.katalon.core.webui.driver.DriverFactory.getWebDriver(): null

2018-12-10 17:23:03 - [TEST_STEP][PASSED] - Statement - driver.manage().timeouts().implicitlyWait(10, SECONDS): null

2018-12-10 17:23:03 - [TEST_STEP][PASSED] - Statement - PresavePath = KatalonScreenshots: null

2018-12-10 17:23:03 - [TEST_STEP][PASSED] - Statement - pathPrefix = "C:\Users\Public\Pictures\Sample Pictures\Katalon Screenshots\Automate Ending Screen": null

2018-12-10 17:23:03 - [TEST_STEP][PASSED] - Statement - finalPath = <not implemented yet for class: org.codehaus.groovy.ast.expr.EmptyExpression>: null

2018-12-10 17:23:03 - [TEST_STEP][PASSED] - Statement - scrFile = driver.getScreenshotAs(FILE): null

2018-12-10 17:23:04 - [TEST_STEP][PASSED] - Statement - PreSaveFile = new java.io.File(PresavePath): null

2018-12-10 17:23:04 - [TEST_STEP][PASSED] - Statement - counter = 0: null

2018-12-10 17:23:04 - [TEST_STEP][PASSED] - Statement - If (PreSaveFile.exists()): null

2018-12-10 17:23:04 - [TEST_STEP][PASSED] - Statement - While (PreSaveFile.exists()): null

2018-12-10 17:23:04 - [TEST_STEP][PASSED] - Statement - counter = counter + 1: null

2018-12-10 17:23:04 - [TEST_STEP][PASSED] - Statement - PreSaveFile = new java.io.File(((pathPrefix + java.lang.Integer.toString(counter)) + .png)): null

2018-12-10 17:23:04 - [TEST_STEP][PASSED] - Statement - counter = counter + 1: null

2018-12-10 17:23:04 - [TEST_STEP][PASSED] - Statement - PreSaveFile = new java.io.File(((pathPrefix + java.lang.Integer.toString(counter)) + .png)): null

2018-12-10 17:23:04 - [TEST_STEP][PASSED] - Statement - counter = counter + 1: null

2018-12-10 17:23:04 - [TEST_STEP][PASSED] - Statement - PreSaveFile = new java.io.File(((pathPrefix + java.lang.Integer.toString(counter)) + .png)): null

2018-12-10 17:23:04 - [TEST_STEP][PASSED] - Statement - finalPath = pathPrefix + java.lang.Integer.toString(counter) + ".png": null

2018-12-10 17:23:04 - [TEST_STEP][PASSED] - Statement - SaveFile = new java.io.File(finalPath): null

2018-12-10 17:23:04 - [TEST_STEP][PASSED] - Statement - Try: null

2018-12-10 17:23:04 - [TEST_STEP][PASSED] - Statement - org.apache.commons.io.FileUtils.copyFile(scrFile, SaveFile): null

2018-12-10 17:23:04 - [TEST_STEP][PASSED] - Statement - out.println("file kept"): null

2018-12-10 17:23:04 - [TEST_STEP][PASSED] - delay: Delayed 10 second(s)

2018-12-10 17:23:14 - [MESSAGE][PASSED] - Delayed 10 second(s)

2018-12-10 17:23:14 - [MESSAGE][PASSED] - Call Test Case 'Test Cases/Final Aug 2018 - PKS Automation/Registration Module/New Registration/Submit and Screenshot/Submit Registration and Screenshot' successfully]]></system-out>
         <system-err><![CDATA[]]></system-err>
      </testcase>
      <testcase name="Test Cases/Final Aug 2018 - PKS Automation/Registration Module/Critical Path/New Registration/Other - Business Representative" classname="Test Cases/Final Aug 2018 - PKS Automation/Registration Module/Critical Path/New Registration/Other - Business Representative" status="PASSED">
         <system-out><![CDATA[2018-12-10 17:23:14 - [TEST_CASE][PASSED] - Test Cases/Final Aug 2018 - PKS Automation/Registration Module/Critical Path/New Registration/Other - Business Representative: Test Cases/Final Aug 2018 - PKS Automation/Registration Module/Critical Path/New Registration/Other - Business Representative

2018-12-10 17:23:14 - [TEST_STEP][PASSED] - callTestCase: Call Test Case 'Test Cases/Final Aug 2018 - PKS Automation/Registration Module/New Registration/Form 1/Form 1 - Other - Businss Representative' successfully

2018-12-10 17:23:14 - [TEST_CASE][PASSED] - Test Cases/Final Aug 2018 - PKS Automation/Registration Module/New Registration/Form 1/Form 1 - Other - Businss Representative: Test Cases/Final Aug 2018 - PKS Automation/Registration Module/New Registration/Form 1/Form 1 - Other - Businss Representative

2018-12-10 17:23:14 - [TEST_STEP][PASSED] - openBrowser: Browser is opened with url: ''

2018-12-10 17:23:14 - [MESSAGE][WARNING] - A browser is already opened. Closing browser and opening a new one

2018-12-10 17:23:17 - [MESSAGE][PASSED] - Browser is opened with url: ''

2018-12-10 17:23:17 - [TEST_STEP][PASSED] - navigateToUrl: Navigate to 'https://assist2-uat.perkeso.gov.my/login' successfully

2018-12-10 17:23:18 - [MESSAGE][PASSED] - Navigate to 'https://assist2-uat.perkeso.gov.my/login' successfully

2018-12-10 17:23:18 - [TEST_STEP][PASSED] - setText: Text 'johorotc1@gmail.com' is set on object 'Object Repository/Final Object Repo/Login Page/Internal User/Email Address'

2018-12-10 17:23:18 - [MESSAGE][PASSED] - Text 'johorotc1@gmail.com' is set on object 'Object Repository/Final Object Repo/Login Page/Internal User/Email Address'

2018-12-10 17:23:18 - [TEST_STEP][PASSED] - click: Object: 'Object Repository/Final Object Repo/Login Page/Internal User/Next Button' is clicked on

2018-12-10 17:23:19 - [MESSAGE][PASSED] - Object: 'Object Repository/Final Object Repo/Login Page/Internal User/Next Button' is clicked on

2018-12-10 17:23:19 - [TEST_STEP][PASSED] - delay: Delayed 1 second(s)

2018-12-10 17:23:20 - [MESSAGE][PASSED] - Delayed 1 second(s)

2018-12-10 17:23:20 - [TEST_STEP][PASSED] - setEncryptedText: Text ****** has been set on object 'Object Repository/Final Object Repo/Login Page/Internal User/Password'

2018-12-10 17:23:20 - [MESSAGE][PASSED] - Text ****** has been set on object 'Object Repository/Final Object Repo/Login Page/Internal User/Password'

2018-12-10 17:23:20 - [TEST_STEP][PASSED] - click: Object: 'Object Repository/Final Object Repo/Login Page/Internal User/Login Button' is clicked on

2018-12-10 17:23:20 - [MESSAGE][PASSED] - Object: 'Object Repository/Final Object Repo/Login Page/Internal User/Login Button' is clicked on

2018-12-10 17:23:20 - [TEST_STEP][PASSED] - delay: Delayed 1 second(s)

2018-12-10 17:23:21 - [MESSAGE][PASSED] - Delayed 1 second(s)

2018-12-10 17:23:21 - [TEST_STEP][PASSED] - Statement - Try: Delayed 2 second(s)

2018-12-10 17:23:21 - [TEST_STEP][PASSED] - Statement - Checker = false: null

2018-12-10 17:23:21 - [TEST_STEP][PASSED] - Statement - Checker = com.kms.katalon.core.webui.keyword.WebUiBuiltInKeywords.verifyElementHasAttribute(com.kms.katalon.core.testobject.ObjectRepository.findTestObject(Final Object Repo/Landing Page/BM Detecting), "href", 20, OPTIONAL): Object 'Object Repository/Final Object Repo/Landing Page/BM Detecting' has attribute 'href'

2018-12-10 17:23:22 - [MESSAGE][PASSED] - Object 'Object Repository/Final Object Repo/Landing Page/BM Detecting' has attribute 'href'

2018-12-10 17:23:22 - [TEST_STEP][PASSED] - Statement - out.println(Checker): null

2018-12-10 17:23:22 - [TEST_STEP][PASSED] - Statement - If (Checker == false): null

2018-12-10 17:23:22 - [TEST_STEP][PASSED] - Statement - Else: null

2018-12-10 17:23:22 - [TEST_STEP][PASSED] - delay: Delayed 2 second(s)

2018-12-10 17:23:24 - [MESSAGE][PASSED] - Delayed 2 second(s)

2018-12-10 17:23:24 - [TEST_STEP][PASSED] - navigateToUrl: Navigate to 'https://assist2-uat.perkeso.gov.my/web/registration/registration' successfully

2018-12-10 17:23:25 - [MESSAGE][PASSED] - Navigate to 'https://assist2-uat.perkeso.gov.my/web/registration/registration' successfully

2018-12-10 17:23:25 - [TEST_STEP][PASSED] - click: Object: 'Object Repository/Final Object Repo/New Registration - Registration Module Pages/Form 1/AEC - No' is clicked on

2018-12-10 17:23:26 - [MESSAGE][PASSED] - Object: 'Object Repository/Final Object Repo/New Registration - Registration Module Pages/Form 1/AEC - No' is clicked on

2018-12-10 17:23:26 - [TEST_STEP][PASSED] - click: Object: 'Object Repository/Final Object Repo/New Registration - Registration Module Pages/Form 1/Business Entity' is clicked on

2018-12-10 17:23:26 - [MESSAGE][PASSED] - Object: 'Object Repository/Final Object Repo/New Registration - Registration Module Pages/Form 1/Business Entity' is clicked on

2018-12-10 17:23:26 - [TEST_STEP][PASSED] - click: Object: 'Object Repository/Final Object Repo/New Registration - Registration Module Pages/Form 1/Business Entity - Other' is clicked on

2018-12-10 17:23:26 - [MESSAGE][PASSED] - Object: 'Object Repository/Final Object Repo/New Registration - Registration Module Pages/Form 1/Business Entity - Other' is clicked on

2018-12-10 17:23:26 - [TEST_STEP][PASSED] - delay: Delayed 1 second(s)

2018-12-10 17:23:27 - [MESSAGE][PASSED] - Delayed 1 second(s)

2018-12-10 17:23:27 - [TEST_STEP][PASSED] - click: Object: 'Object Repository/Final Object Repo/New Registration - Registration Module Pages/Form 1/Sub Business Entity' is clicked on

2018-12-10 17:23:27 - [MESSAGE][PASSED] - Object: 'Object Repository/Final Object Repo/New Registration - Registration Module Pages/Form 1/Sub Business Entity' is clicked on

2018-12-10 17:23:27 - [TEST_STEP][PASSED] - click: Object: 'Object Repository/Final Object Repo/New Registration - Registration Module Pages/Form 1/Sub Business Entity - Other/Sub Business Entity  - Business Representative' is clicked on

2018-12-10 17:23:27 - [MESSAGE][PASSED] - Object: 'Object Repository/Final Object Repo/New Registration - Registration Module Pages/Form 1/Sub Business Entity - Other/Sub Business Entity  - Business Representative' is clicked on

2018-12-10 17:23:27 - [TEST_STEP][PASSED] - delay: Delayed 1 second(s)

2018-12-10 17:23:28 - [MESSAGE][PASSED] - Delayed 1 second(s)

2018-12-10 17:23:28 - [TEST_STEP][PASSED] - click: Object: 'Object Repository/Final Object Repo/New Registration - Registration Module Pages/Form 1/Sub Business Entity List' is clicked on

2018-12-10 17:23:29 - [MESSAGE][PASSED] - Object: 'Object Repository/Final Object Repo/New Registration - Registration Module Pages/Form 1/Sub Business Entity List' is clicked on

2018-12-10 17:23:29 - [TEST_STEP][PASSED] - click: Object: 'Object Repository/Final Object Repo/New Registration - Registration Module Pages/Form 1/Sub Business Entity List - Other/Sub Business Entity List - Others - Business Representative - Consulate' is clicked on

2018-12-10 17:23:29 - [MESSAGE][PASSED] - Object: 'Object Repository/Final Object Repo/New Registration - Registration Module Pages/Form 1/Sub Business Entity List - Other/Sub Business Entity List - Others - Business Representative - Consulate' is clicked on

2018-12-10 17:23:29 - [TEST_STEP][PASSED] - delay: Delayed 1 second(s)

2018-12-10 17:23:30 - [MESSAGE][PASSED] - Delayed 1 second(s)

2018-12-10 17:23:30 - [TEST_STEP][PASSED] - setText: Text '123' is set on object 'Object Repository/Final Object Repo/New Registration - Registration Module Pages/Form 1/Registration Number'

2018-12-10 17:23:30 - [MESSAGE][PASSED] - Text '123' is set on object 'Object Repository/Final Object Repo/New Registration - Registration Module Pages/Form 1/Registration Number'

2018-12-10 17:23:30 - [TEST_STEP][NOT_RUN] - click: NOT_RUN: click

2018-12-10 17:23:30 - [MESSAGE][NOT_RUN] - NOT_RUN: click

2018-12-10 17:23:30 - [TEST_STEP][PASSED] - click: Object: 'Object Repository/Final Object Repo/New Registration - Registration Module Pages/Form 1/Registered As a Branch - Yes' is clicked on

2018-12-10 17:23:30 - [MESSAGE][PASSED] - Object: 'Object Repository/Final Object Repo/New Registration - Registration Module Pages/Form 1/Registered As a Branch - Yes' is clicked on

2018-12-10 17:23:30 - [TEST_STEP][PASSED] - check: Object 'Object Repository/Final Object Repo/New Registration - Registration Module Pages/Form 1/Acknowledgement' is checked

2018-12-10 17:23:30 - [MESSAGE][PASSED] - Object 'Object Repository/Final Object Repo/New Registration - Registration Module Pages/Form 1/Acknowledgement' is checked

2018-12-10 17:23:30 - [TEST_STEP][PASSED] - setText: Text 'perkeso' is set on object 'Object Repository/Final Object Repo/New Registration - Registration Module Pages/Form 1/Industry name'

2018-12-10 17:23:31 - [MESSAGE][PASSED] - Text 'perkeso' is set on object 'Object Repository/Final Object Repo/New Registration - Registration Module Pages/Form 1/Industry name'

2018-12-10 17:23:31 - [TEST_STEP][PASSED] - setText: Text 'perkeso1' is set on object 'Object Repository/Final Object Repo/New Registration - Registration Module Pages/Form 1/Postal Address1'

2018-12-10 17:23:31 - [MESSAGE][PASSED] - Text 'perkeso1' is set on object 'Object Repository/Final Object Repo/New Registration - Registration Module Pages/Form 1/Postal Address1'

2018-12-10 17:23:31 - [TEST_STEP][PASSED] - setText: Text 'perkeso2' is set on object 'Object Repository/Final Object Repo/New Registration - Registration Module Pages/Form 1/Postal Address2'

2018-12-10 17:23:31 - [MESSAGE][PASSED] - Text 'perkeso2' is set on object 'Object Repository/Final Object Repo/New Registration - Registration Module Pages/Form 1/Postal Address2'

2018-12-10 17:23:31 - [TEST_STEP][PASSED] - setText: Text 'perkeso3' is set on object 'Object Repository/Final Object Repo/New Registration - Registration Module Pages/Form 1/Postal Address3'

2018-12-10 17:23:32 - [MESSAGE][PASSED] - Text 'perkeso3' is set on object 'Object Repository/Final Object Repo/New Registration - Registration Module Pages/Form 1/Postal Address3'

2018-12-10 17:23:32 - [TEST_STEP][PASSED] - click: Object: 'Object Repository/Final Object Repo/New Registration - Registration Module Pages/Form 1/State' is clicked on

2018-12-10 17:23:32 - [MESSAGE][PASSED] - Object: 'Object Repository/Final Object Repo/New Registration - Registration Module Pages/Form 1/State' is clicked on

2018-12-10 17:23:32 - [TEST_STEP][PASSED] - click: Object: 'Object Repository/Final Object Repo/New Registration - Registration Module Pages/Form 1/State - Johor' is clicked on

2018-12-10 17:23:32 - [MESSAGE][PASSED] - Object: 'Object Repository/Final Object Repo/New Registration - Registration Module Pages/Form 1/State - Johor' is clicked on

2018-12-10 17:23:32 - [TEST_STEP][PASSED] - delay: Delayed 1 second(s)

2018-12-10 17:23:33 - [MESSAGE][PASSED] - Delayed 1 second(s)

2018-12-10 17:23:33 - [TEST_STEP][PASSED] - click: Object: 'Object Repository/Final Object Repo/New Registration - Registration Module Pages/Form 1/City' is clicked on

2018-12-10 17:23:33 - [MESSAGE][PASSED] - Object: 'Object Repository/Final Object Repo/New Registration - Registration Module Pages/Form 1/City' is clicked on

2018-12-10 17:23:33 - [TEST_STEP][PASSED] - setText: Text 'joh' is set on object 'Object Repository/Final Object Repo/New Registration - Registration Module Pages/Form 1/Postcode - 810'

2018-12-10 17:23:34 - [MESSAGE][PASSED] - Text 'joh' is set on object 'Object Repository/Final Object Repo/New Registration - Registration Module Pages/Form 1/Postcode - 810'

2018-12-10 17:23:34 - [TEST_STEP][PASSED] - delay: Delayed 1 second(s)

2018-12-10 17:23:35 - [MESSAGE][PASSED] - Delayed 1 second(s)

2018-12-10 17:23:35 - [TEST_STEP][PASSED] - click: Object: 'Object Repository/Final Object Repo/New Registration - Registration Module Pages/Form 1/City - Johor Bharu' is clicked on

2018-12-10 17:23:35 - [MESSAGE][PASSED] - Object: 'Object Repository/Final Object Repo/New Registration - Registration Module Pages/Form 1/City - Johor Bharu' is clicked on

2018-12-10 17:23:35 - [TEST_STEP][PASSED] - delay: Delayed 1 second(s)

2018-12-10 17:23:36 - [MESSAGE][PASSED] - Delayed 1 second(s)

2018-12-10 17:23:36 - [TEST_STEP][PASSED] - click: Object: 'Object Repository/Final Object Repo/New Registration - Registration Module Pages/Form 1/Postcode' is clicked on

2018-12-10 17:23:36 - [MESSAGE][PASSED] - Object: 'Object Repository/Final Object Repo/New Registration - Registration Module Pages/Form 1/Postcode' is clicked on

2018-12-10 17:23:36 - [TEST_STEP][PASSED] - delay: Delayed 1 second(s)

2018-12-10 17:23:37 - [MESSAGE][PASSED] - Delayed 1 second(s)

2018-12-10 17:23:37 - [TEST_STEP][PASSED] - setText: Text '810' is set on object 'Object Repository/Final Object Repo/New Registration - Registration Module Pages/Form 1/Postcode - 810'

2018-12-10 17:23:37 - [MESSAGE][PASSED] - Text '810' is set on object 'Object Repository/Final Object Repo/New Registration - Registration Module Pages/Form 1/Postcode - 810'

2018-12-10 17:23:37 - [TEST_STEP][PASSED] - delay: Delayed 1 second(s)

2018-12-10 17:23:38 - [MESSAGE][PASSED] - Delayed 1 second(s)

2018-12-10 17:23:38 - [TEST_STEP][PASSED] - click: Object: 'Object Repository/Final Object Repo/New Registration - Registration Module Pages/Form 1/Postcode - 81000' is clicked on

2018-12-10 17:23:38 - [MESSAGE][PASSED] - Object: 'Object Repository/Final Object Repo/New Registration - Registration Module Pages/Form 1/Postcode - 81000' is clicked on

2018-12-10 17:23:38 - [TEST_STEP][PASSED] - delay: Delayed 1 second(s)

2018-12-10 17:23:39 - [MESSAGE][PASSED] - Delayed 1 second(s)

2018-12-10 17:23:39 - [TEST_STEP][PASSED] - setText: Text '100' is set on object 'Object Repository/Final Object Repo/New Registration - Registration Module Pages/Form 1/P.O.BOX'

2018-12-10 17:23:40 - [MESSAGE][PASSED] - Text '100' is set on object 'Object Repository/Final Object Repo/New Registration - Registration Module Pages/Form 1/P.O.BOX'

2018-12-10 17:23:40 - [TEST_STEP][PASSED] - setText: Text '100' is set on object 'Object Repository/Final Object Repo/New Registration - Registration Module Pages/Form 1/Locked Bag No'

2018-12-10 17:23:40 - [MESSAGE][PASSED] - Text '100' is set on object 'Object Repository/Final Object Repo/New Registration - Registration Module Pages/Form 1/Locked Bag No'

2018-12-10 17:23:40 - [TEST_STEP][PASSED] - click: Object: 'Object Repository/Final Object Repo/New Registration - Registration Module Pages/Form 1/SOCSO Office Location' is clicked on

2018-12-10 17:23:40 - [MESSAGE][PASSED] - Object: 'Object Repository/Final Object Repo/New Registration - Registration Module Pages/Form 1/SOCSO Office Location' is clicked on

2018-12-10 17:23:40 - [TEST_STEP][PASSED] - click: Object: 'Object Repository/Final Object Repo/New Registration - Registration Module Pages/Form 1/SOCSO Office Location - Pejabat PERKESO Negeri Johor' is clicked on

2018-12-10 17:23:40 - [MESSAGE][PASSED] - Object: 'Object Repository/Final Object Repo/New Registration - Registration Module Pages/Form 1/SOCSO Office Location - Pejabat PERKESO Negeri Johor' is clicked on

2018-12-10 17:23:40 - [TEST_STEP][PASSED] - delay: Delayed 1 second(s)

2018-12-10 17:23:41 - [MESSAGE][PASSED] - Delayed 1 second(s)

2018-12-10 17:23:41 - [TEST_STEP][PASSED] - check: Object 'Object Repository/Final Object Repo/New Registration - Registration Module Pages/Form 1/Indusrty Address Same As Postal Address' is checked

2018-12-10 17:23:42 - [MESSAGE][PASSED] - Object 'Object Repository/Final Object Repo/New Registration - Registration Module Pages/Form 1/Indusrty Address Same As Postal Address' is checked

2018-12-10 17:23:42 - [TEST_STEP][PASSED] - delay: Delayed 3 second(s)

2018-12-10 17:23:45 - [MESSAGE][PASSED] - Delayed 3 second(s)

2018-12-10 17:23:45 - [TEST_STEP][PASSED] - click: Object: 'Object Repository/Final Object Repo/New Registration - Registration Module Pages/Form 1/Indusry Address Same As Postal Address False' is clicked on

2018-12-10 17:23:45 - [MESSAGE][PASSED] - Object: 'Object Repository/Final Object Repo/New Registration - Registration Module Pages/Form 1/Indusry Address Same As Postal Address False' is clicked on

2018-12-10 17:23:45 - [TEST_STEP][PASSED] - delay: Delayed 1 second(s)

2018-12-10 17:23:46 - [MESSAGE][PASSED] - Delayed 1 second(s)

2018-12-10 17:23:46 - [TEST_STEP][PASSED] - setText: Text 'perkeso1' is set on object 'Object Repository/Final Object Repo/New Registration - Registration Module Pages/Form 1/Industry Address1'

2018-12-10 17:23:46 - [MESSAGE][PASSED] - Text 'perkeso1' is set on object 'Object Repository/Final Object Repo/New Registration - Registration Module Pages/Form 1/Industry Address1'

2018-12-10 17:23:46 - [TEST_STEP][PASSED] - setText: Text 'perkeso2' is set on object 'Object Repository/Final Object Repo/New Registration - Registration Module Pages/Form 1/Industry Address2'

2018-12-10 17:23:46 - [MESSAGE][PASSED] - Text 'perkeso2' is set on object 'Object Repository/Final Object Repo/New Registration - Registration Module Pages/Form 1/Industry Address2'

2018-12-10 17:23:46 - [TEST_STEP][PASSED] - setText: Text 'perkeso3' is set on object 'Object Repository/Final Object Repo/New Registration - Registration Module Pages/Form 1/Industry Address3'

2018-12-10 17:23:47 - [MESSAGE][PASSED] - Text 'perkeso3' is set on object 'Object Repository/Final Object Repo/New Registration - Registration Module Pages/Form 1/Industry Address3'

2018-12-10 17:23:47 - [TEST_STEP][PASSED] - click: Object: 'Object Repository/Final Object Repo/New Registration - Registration Module Pages/Form 1/Industry State' is clicked on

2018-12-10 17:23:47 - [MESSAGE][PASSED] - Object: 'Object Repository/Final Object Repo/New Registration - Registration Module Pages/Form 1/Industry State' is clicked on

2018-12-10 17:23:47 - [TEST_STEP][PASSED] - delay: Delayed 2 second(s)

2018-12-10 17:23:49 - [MESSAGE][PASSED] - Delayed 2 second(s)

2018-12-10 17:23:49 - [TEST_STEP][PASSED] - click: Object: 'Object Repository/Final Object Repo/New Registration - Registration Module Pages/Form 1/Industry State - Johor' is clicked on

2018-12-10 17:23:49 - [MESSAGE][PASSED] - Object: 'Object Repository/Final Object Repo/New Registration - Registration Module Pages/Form 1/Industry State - Johor' is clicked on

2018-12-10 17:23:49 - [TEST_STEP][PASSED] - delay: Delayed 2 second(s)

2018-12-10 17:23:51 - [MESSAGE][PASSED] - Delayed 2 second(s)

2018-12-10 17:23:51 - [TEST_STEP][PASSED] - click: Object: 'Object Repository/Final Object Repo/New Registration - Registration Module Pages/Form 1/Industry Ciry' is clicked on

2018-12-10 17:23:51 - [MESSAGE][PASSED] - Object: 'Object Repository/Final Object Repo/New Registration - Registration Module Pages/Form 1/Industry Ciry' is clicked on

2018-12-10 17:23:51 - [TEST_STEP][PASSED] - setText: Text 'joh' is set on object 'Object Repository/Final Object Repo/New Registration - Registration Module Pages/Form 1/Industry Ciry - joh'

2018-12-10 17:23:52 - [MESSAGE][PASSED] - Text 'joh' is set on object 'Object Repository/Final Object Repo/New Registration - Registration Module Pages/Form 1/Industry Ciry - joh'

2018-12-10 17:23:52 - [TEST_STEP][PASSED] - delay: Delayed 2 second(s)

2018-12-10 17:23:54 - [MESSAGE][PASSED] - Delayed 2 second(s)

2018-12-10 17:23:54 - [TEST_STEP][PASSED] - click: Object: 'Object Repository/Final Object Repo/New Registration - Registration Module Pages/Form 1/Industy State - Johor Bharu' is clicked on

2018-12-10 17:23:54 - [MESSAGE][PASSED] - Object: 'Object Repository/Final Object Repo/New Registration - Registration Module Pages/Form 1/Industy State - Johor Bharu' is clicked on

2018-12-10 17:23:54 - [TEST_STEP][PASSED] - delay: Delayed 1 second(s)

2018-12-10 17:23:55 - [MESSAGE][PASSED] - Delayed 1 second(s)

2018-12-10 17:23:55 - [TEST_STEP][PASSED] - click: Object: 'Object Repository/Final Object Repo/New Registration - Registration Module Pages/Form 1/Indusry PostCode' is clicked on

2018-12-10 17:23:55 - [MESSAGE][PASSED] - Object: 'Object Repository/Final Object Repo/New Registration - Registration Module Pages/Form 1/Indusry PostCode' is clicked on

2018-12-10 17:23:55 - [TEST_STEP][PASSED] - delay: Delayed 1 second(s)

2018-12-10 17:23:56 - [MESSAGE][PASSED] - Delayed 1 second(s)

2018-12-10 17:23:56 - [TEST_STEP][PASSED] - setText: Text '810' is set on object 'Object Repository/Final Object Repo/New Registration - Registration Module Pages/Form 1/Insutry Post Code - 810'

2018-12-10 17:23:56 - [MESSAGE][PASSED] - Text '810' is set on object 'Object Repository/Final Object Repo/New Registration - Registration Module Pages/Form 1/Insutry Post Code - 810'

2018-12-10 17:23:56 - [TEST_STEP][PASSED] - delay: Delayed 1 second(s)

2018-12-10 17:23:57 - [MESSAGE][PASSED] - Delayed 1 second(s)

2018-12-10 17:23:57 - [TEST_STEP][PASSED] - click: Object: 'Object Repository/Final Object Repo/New Registration - Registration Module Pages/Form 1/Insutry Post Code - 81000' is clicked on

2018-12-10 17:23:57 - [MESSAGE][PASSED] - Object: 'Object Repository/Final Object Repo/New Registration - Registration Module Pages/Form 1/Insutry Post Code - 81000' is clicked on

2018-12-10 17:23:57 - [TEST_STEP][PASSED] - delay: Delayed 1 second(s)

2018-12-10 17:23:58 - [MESSAGE][PASSED] - Delayed 1 second(s)

2018-12-10 17:23:58 - [TEST_STEP][PASSED] - setText: Text '100' is set on object 'Object Repository/Final Object Repo/New Registration - Registration Module Pages/Form 1/Industry P.O.BOX'

2018-12-10 17:23:59 - [MESSAGE][PASSED] - Text '100' is set on object 'Object Repository/Final Object Repo/New Registration - Registration Module Pages/Form 1/Industry P.O.BOX'

2018-12-10 17:23:59 - [TEST_STEP][PASSED] - setText: Text '100' is set on object 'Object Repository/Final Object Repo/New Registration - Registration Module Pages/Form 1/Industry Locked Bag No'

2018-12-10 17:23:59 - [MESSAGE][PASSED] - Text '100' is set on object 'Object Repository/Final Object Repo/New Registration - Registration Module Pages/Form 1/Industry Locked Bag No'

2018-12-10 17:23:59 - [TEST_STEP][PASSED] - setText: Text '123456789' is set on object 'Object Repository/Final Object Repo/New Registration - Registration Module Pages/Form 1/Telephone No'

2018-12-10 17:23:59 - [MESSAGE][PASSED] - Text '123456789' is set on object 'Object Repository/Final Object Repo/New Registration - Registration Module Pages/Form 1/Telephone No'

2018-12-10 17:23:59 - [TEST_STEP][PASSED] - setText: Text '123456789' is set on object 'Object Repository/Final Object Repo/New Registration - Registration Module Pages/Form 1/Mobile No'

2018-12-10 17:24:00 - [MESSAGE][PASSED] - Text '123456789' is set on object 'Object Repository/Final Object Repo/New Registration - Registration Module Pages/Form 1/Mobile No'

2018-12-10 17:24:00 - [TEST_STEP][PASSED] - setText: Text '123456789' is set on object 'Object Repository/Final Object Repo/New Registration - Registration Module Pages/Form 1/Fax No'

2018-12-10 17:24:00 - [MESSAGE][PASSED] - Text '123456789' is set on object 'Object Repository/Final Object Repo/New Registration - Registration Module Pages/Form 1/Fax No'

2018-12-10 17:24:00 - [TEST_STEP][PASSED] - click: Object: 'Object Repository/Final Object Repo/New Registration - Registration Module Pages/Form 1/Industry Code' is clicked on

2018-12-10 17:24:00 - [MESSAGE][PASSED] - Object: 'Object Repository/Final Object Repo/New Registration - Registration Module Pages/Form 1/Industry Code' is clicked on

2018-12-10 17:24:00 - [TEST_STEP][PASSED] - click: Object: 'Object Repository/Final Object Repo/New Registration - Registration Module Pages/Form 1/Indudustry Code - Crops and Animal' is clicked on

2018-12-10 17:24:01 - [MESSAGE][PASSED] - Object: 'Object Repository/Final Object Repo/New Registration - Registration Module Pages/Form 1/Indudustry Code - Crops and Animal' is clicked on

2018-12-10 17:24:01 - [TEST_STEP][PASSED] - delay: Delayed 1 second(s)

2018-12-10 17:24:02 - [MESSAGE][PASSED] - Delayed 1 second(s)

2018-12-10 17:24:02 - [TEST_STEP][PASSED] - click: Object: 'Object Repository/Final Object Repo/New Registration - Registration Module Pages/Form 1/Sub Industry Code List' is clicked on

2018-12-10 17:24:02 - [MESSAGE][PASSED] - Object: 'Object Repository/Final Object Repo/New Registration - Registration Module Pages/Form 1/Sub Industry Code List' is clicked on

2018-12-10 17:24:02 - [TEST_STEP][PASSED] - click: Object: 'Object Repository/Final Object Repo/New Registration - Registration Module Pages/Form 1/Sub Industry Code List - Growing of Maize' is clicked on

2018-12-10 17:24:02 - [MESSAGE][PASSED] - Object: 'Object Repository/Final Object Repo/New Registration - Registration Module Pages/Form 1/Sub Industry Code List - Growing of Maize' is clicked on

2018-12-10 17:24:02 - [TEST_STEP][PASSED] - setText: Text 'perkeso123@gmail.com' is set on object 'Object Repository/Final Object Repo/New Registration - Registration Module Pages/Form 1/Email'

2018-12-10 17:24:03 - [MESSAGE][PASSED] - Text 'perkeso123@gmail.com' is set on object 'Object Repository/Final Object Repo/New Registration - Registration Module Pages/Form 1/Email'

2018-12-10 17:24:03 - [TEST_STEP][PASSED] - click: Object: 'Object Repository/Final Object Repo/New Registration - Registration Module Pages/Form 1/Method of Contribution Payment' is clicked on

2018-12-10 17:24:03 - [MESSAGE][PASSED] - Object: 'Object Repository/Final Object Repo/New Registration - Registration Module Pages/Form 1/Method of Contribution Payment' is clicked on

2018-12-10 17:24:03 - [TEST_STEP][PASSED] - click: Object: 'Object Repository/Final Object Repo/New Registration - Registration Module Pages/Form 1/Method of Contribution Payment - Portal' is clicked on

2018-12-10 17:24:03 - [MESSAGE][PASSED] - Object: 'Object Repository/Final Object Repo/New Registration - Registration Module Pages/Form 1/Method of Contribution Payment - Portal' is clicked on

2018-12-10 17:24:03 - [TEST_STEP][PASSED] - click: Object: 'Object Repository/Final Object Repo/New Registration - Registration Module Pages/Form 1/Servide Type' is clicked on

2018-12-10 17:24:03 - [MESSAGE][PASSED] - Object: 'Object Repository/Final Object Repo/New Registration - Registration Module Pages/Form 1/Servide Type' is clicked on

2018-12-10 17:24:03 - [TEST_STEP][PASSED] - click: Object: 'Object Repository/Final Object Repo/New Registration - Registration Module Pages/Form 1/Servide Type - Professional Bodies' is clicked on

2018-12-10 17:24:03 - [MESSAGE][PASSED] - Object: 'Object Repository/Final Object Repo/New Registration - Registration Module Pages/Form 1/Servide Type - Professional Bodies' is clicked on

2018-12-10 17:24:03 - [TEST_STEP][PASSED] - click: Object: 'Object Repository/Final Object Repo/New Registration - Registration Module Pages/Form 1/Industry Venue' is clicked on

2018-12-10 17:24:04 - [MESSAGE][PASSED] - Object: 'Object Repository/Final Object Repo/New Registration - Registration Module Pages/Form 1/Industry Venue' is clicked on

2018-12-10 17:24:04 - [TEST_STEP][PASSED] - click: Object: 'Object Repository/Final Object Repo/New Registration - Registration Module Pages/Form 1/Industry Venue -  PPN JOHOR' is clicked on

2018-12-10 17:24:04 - [MESSAGE][PASSED] - Object: 'Object Repository/Final Object Repo/New Registration - Registration Module Pages/Form 1/Industry Venue -  PPN JOHOR' is clicked on

2018-12-10 17:24:04 - [TEST_STEP][PASSED] - click: Object: 'Object Repository/Final Object Repo/New Registration - Registration Module Pages/Form 1/Save  Continue' is clicked on

2018-12-10 17:24:04 - [MESSAGE][PASSED] - Object: 'Object Repository/Final Object Repo/New Registration - Registration Module Pages/Form 1/Save  Continue' is clicked on

2018-12-10 17:24:04 - [MESSAGE][PASSED] - Call Test Case 'Test Cases/Final Aug 2018 - PKS Automation/Registration Module/New Registration/Form 1/Form 1 - Other - Businss Representative' successfully

2018-12-10 17:24:04 - [TEST_STEP][PASSED] - callTestCase: Call Test Case 'Test Cases/Final Aug 2018 - PKS Automation/Registration Module/New Registration/Form 2/Add 2 Eligible 2 Not Eligible' successfully

2018-12-10 17:24:04 - [TEST_CASE][PASSED] - Test Cases/Final Aug 2018 - PKS Automation/Registration Module/New Registration/Form 2/Add 2 Eligible 2 Not Eligible: Test Cases/Final Aug 2018 - PKS Automation/Registration Module/New Registration/Form 2/Add 2 Eligible 2 Not Eligible

2018-12-10 17:24:04 - [TEST_STEP][PASSED] - delay: Delayed 2 second(s)

2018-12-10 17:24:06 - [MESSAGE][PASSED] - Delayed 2 second(s)

2018-12-10 17:24:06 - [TEST_STEP][PASSED] - callTestCase: Call Test Case 'Test Cases/Final Aug 2018 - PKS Automation/Registration Module/New Registration/Form 2/Date Updater' successfully

2018-12-10 17:24:06 - [TEST_CASE][PASSED] - Test Cases/Final Aug 2018 - PKS Automation/Registration Module/New Registration/Form 2/Date Updater: Test Cases/Final Aug 2018 - PKS Automation/Registration Module/New Registration/Form 2/Date Updater

2018-12-10 17:24:06 - [TEST_STEP][PASSED] - Statement - TodayDate = new java.util.Date(): null

2018-12-10 17:24:06 - [TEST_STEP][PASSED] - Statement - CurrentDateNoFilter = new java.text.SimpleDateFormat(): null

2018-12-10 17:24:06 - [TEST_STEP][PASSED] - Statement - CurrentDateNoFilter.applyPattern("MM"): null

2018-12-10 17:24:06 - [TEST_STEP][PASSED] - Statement - monthContainerMatcher = java.lang.Integer.parseInt(CurrentDateNoFilter.format(TodayDate)): null

2018-12-10 17:24:06 - [TEST_STEP][PASSED] - Statement - monthContainerMatcher = monthContainerMatcher - 1: null

2018-12-10 17:24:06 - [TEST_STEP][PASSED] - Statement - CurrentMonth = monthContainerMatcher.toString(): null

2018-12-10 17:24:06 - [TEST_STEP][PASSED] - Statement - CurrentMonth = CurrentMonth: null

2018-12-10 17:24:06 - [TEST_STEP][PASSED] - Statement - CurrentDateNoFilter.applyPattern("yyyy"): null

2018-12-10 17:24:06 - [TEST_STEP][PASSED] - Statement - CurrentYear = CurrentDateNoFilter.format(TodayDate): null

2018-12-10 17:24:06 - [TEST_STEP][PASSED] - Statement - CurrentYear = CurrentYear: null

2018-12-10 17:24:06 - [TEST_STEP][PASSED] - Statement - intCurrentYear = java.lang.Integer.parseInt(CurrentDateNoFilter.format(TodayDate)): null

2018-12-10 17:24:06 - [TEST_STEP][PASSED] - Statement - eighteenYrsAgo = intCurrentYear - 18: null

2018-12-10 17:24:06 - [TEST_STEP][PASSED] - Statement - eighteenYrsBeforeThisYr = eighteenYrsAgo.toString(): null

2018-12-10 17:24:06 - [TEST_STEP][PASSED] - Statement - EighteenYrsBefore = eighteenYrsBeforeThisYr: null

2018-12-10 17:24:06 - [TEST_STEP][PASSED] - Statement - fiftysevenYrsAgo = intCurrentYear - 57: null

2018-12-10 17:24:06 - [TEST_STEP][PASSED] - Statement - fiftysevenYrsBeforeThisYr = fiftysevenYrsAgo.toString(): null

2018-12-10 17:24:06 - [TEST_STEP][PASSED] - Statement - FiftysevenYrsBefore = fiftysevenYrsBeforeThisYr: null

2018-12-10 17:24:06 - [TEST_STEP][PASSED] - Statement - leapYear = false: null

2018-12-10 17:24:06 - [TEST_STEP][PASSED] - Statement - leapYear = intCurrentYear % 4 == 0: null

2018-12-10 17:24:06 - [TEST_STEP][PASSED] - Statement - CurrentDateNoFilter.applyPattern("dd"): null

2018-12-10 17:24:06 - [TEST_STEP][PASSED] - Statement - CurrentDate = CurrentDateNoFilter.format(TodayDate): null

2018-12-10 17:24:06 - [TEST_STEP][PASSED] - Statement - CurrentDate = java.lang.Integer.parseInt(CurrentDate): null

2018-12-10 17:24:06 - [TEST_STEP][PASSED] - Statement - CurrentDate = CurrentDate: null

2018-12-10 17:24:06 - [TEST_STEP][PASSED] - Statement - CurrentDay = java.lang.Integer.parseInt(CurrentDate): null

2018-12-10 17:24:06 - [TEST_STEP][PASSED] - Statement - ConfAdder = <not implemented yet for class: org.codehaus.groovy.ast.expr.EmptyExpression>: null

2018-12-10 17:24:06 - [TEST_STEP][PASSED] - Statement - out.println(CurrentMonth): null

2018-12-10 17:24:06 - [TEST_STEP][PASSED] - Statement - out.println(CurrentDate): null

2018-12-10 17:24:06 - [TEST_STEP][PASSED] - Statement - switch (CurrentDate): null

2018-12-10 17:24:06 - [TEST_STEP][PASSED] - Statement - Default: null

2018-12-10 17:24:06 - [TEST_STEP][PASSED] - Statement - ConfAdder = true: null

2018-12-10 17:24:06 - [TEST_STEP][PASSED] - Statement - Break: null

2018-12-10 17:24:06 - [TEST_STEP][PASSED] - Statement - aDayBefore = <not implemented yet for class: org.codehaus.groovy.ast.expr.EmptyExpression>: null

2018-12-10 17:24:06 - [TEST_STEP][PASSED] - Statement - out.println(ConfAdder): null

2018-12-10 17:24:06 - [TEST_STEP][PASSED] - Statement - If (ConfAdder == true): null

2018-12-10 17:24:06 - [TEST_STEP][PASSED] - Statement - aDayBefore = CurrentDay + 1: null

2018-12-10 17:24:06 - [TEST_STEP][PASSED] - Statement - out.println(aDayBefore): null

2018-12-10 17:24:06 - [TEST_STEP][PASSED] - Statement - If (aDayBefore == 1 && CurrentMonth == 11): null

2018-12-10 17:24:06 - [TEST_STEP][PASSED] - Statement - DayBefore = aDayBefore.toString(): null

2018-12-10 17:24:06 - [TEST_STEP][PASSED] - Statement - OneDayBefore = DayBefore: null

2018-12-10 17:24:06 - [MESSAGE][PASSED] - Call Test Case 'Test Cases/Final Aug 2018 - PKS Automation/Registration Module/New Registration/Form 2/Date Updater' successfully

2018-12-10 17:24:06 - [TEST_STEP][PASSED] - delay: Delayed 1 second(s)

2018-12-10 17:24:07 - [MESSAGE][PASSED] - Delayed 1 second(s)

2018-12-10 17:24:07 - [TEST_STEP][PASSED] - Statement - CaseReferenceNo = com.kms.katalon.core.webui.keyword.WebUiBuiltInKeywords.getText(com.kms.katalon.core.testobject.ObjectRepository.findTestObject(Final Object Repo/New Registration - Registration Module Pages/Form 2/RefNo Acquiring)): Text of object 'Object Repository/Final Object Repo/New Registration - Registration Module Pages/Form 2/RefNo Acquiring' is: 'CRN12201800123135'

2018-12-10 17:24:07 - [MESSAGE][PASSED] - Text of object 'Object Repository/Final Object Repo/New Registration - Registration Module Pages/Form 2/RefNo Acquiring' is: 'CRN12201800123135'

2018-12-10 17:24:07 - [TEST_STEP][PASSED] - delay: Delayed 1 second(s)

2018-12-10 17:24:08 - [MESSAGE][PASSED] - Delayed 1 second(s)

2018-12-10 17:24:08 - [TEST_STEP][PASSED] - click: Object: 'Object Repository/Final Object Repo/New Registration - Registration Module Pages/Form 2/Add Employee Button' is clicked on

2018-12-10 17:24:08 - [MESSAGE][PASSED] - Object: 'Object Repository/Final Object Repo/New Registration - Registration Module Pages/Form 2/Add Employee Button' is clicked on

2018-12-10 17:24:08 - [TEST_STEP][PASSED] - delay: Delayed 4 second(s)

2018-12-10 17:24:12 - [MESSAGE][PASSED] - Delayed 4 second(s)

2018-12-10 17:24:12 - [TEST_STEP][PASSED] - setText: Text '010903091927' is set on object 'Object Repository/Final Object Repo/New Registration - Registration Module Pages/Form 2/NRIC Input'

2018-12-10 17:24:13 - [MESSAGE][PASSED] - Text '010903091927' is set on object 'Object Repository/Final Object Repo/New Registration - Registration Module Pages/Form 2/NRIC Input'

2018-12-10 17:24:13 - [TEST_STEP][PASSED] - click: Object: 'Object Repository/Final Object Repo/New Registration - Registration Module Pages/Form 2/button for search for IC' is clicked on

2018-12-10 17:24:13 - [MESSAGE][PASSED] - Object: 'Object Repository/Final Object Repo/New Registration - Registration Module Pages/Form 2/button for search for IC' is clicked on

2018-12-10 17:24:13 - [TEST_STEP][PASSED] - delay: Delayed 2 second(s)

2018-12-10 17:24:15 - [MESSAGE][PASSED] - Delayed 2 second(s)

2018-12-10 17:24:15 - [TEST_STEP][PASSED] - setText: Text 'Automate001 eligible 1' is set on object 'Object Repository/Final Object Repo/New Registration - Registration Module Pages/Form 2/Employee Name Input'

2018-12-10 17:24:15 - [MESSAGE][PASSED] - Text 'Automate001 eligible 1' is set on object 'Object Repository/Final Object Repo/New Registration - Registration Module Pages/Form 2/Employee Name Input'

2018-12-10 17:24:15 - [TEST_STEP][PASSED] - delay: Delayed 2 second(s)

2018-12-10 17:24:17 - [MESSAGE][PASSED] - Delayed 2 second(s)

2018-12-10 17:24:17 - [TEST_STEP][PASSED] - click: Object: 'Object Repository/Final Object Repo/New Registration - Registration Module Pages/Form 2/DatePicker Pop Up' is clicked on

2018-12-10 17:24:18 - [MESSAGE][PASSED] - Object: 'Object Repository/Final Object Repo/New Registration - Registration Module Pages/Form 2/DatePicker Pop Up' is clicked on

2018-12-10 17:24:18 - [TEST_STEP][PASSED] - click: Object: 'Object Repository/Final Object Repo/New Registration - Registration Module Pages/Form 2/DOB Month' is clicked on

2018-12-10 17:24:18 - [MESSAGE][PASSED] - Object: 'Object Repository/Final Object Repo/New Registration - Registration Module Pages/Form 2/DOB Month' is clicked on

2018-12-10 17:24:18 - [TEST_STEP][PASSED] - Statement - CurrentMonth = CurrentMonth: null

2018-12-10 17:24:18 - [TEST_STEP][PASSED] - Statement - selectMonth = new com.kms.katalon.core.testobject.TestObject(): null

2018-12-10 17:24:18 - [TEST_STEP][PASSED] - Statement - selectMonth.addProperty("xpath", EQUALS, "//body/div/div/div/select/option[@value='" + CurrentMonth + "']", true): null

2018-12-10 17:24:18 - [TEST_STEP][PASSED] - click: Object: '' is clicked on

2018-12-10 17:24:18 - [MESSAGE][PASSED] - Object: '' is clicked on

2018-12-10 17:24:18 - [TEST_STEP][PASSED] - click: Object: 'Object Repository/Final Object Repo/New Registration - Registration Module Pages/Form 2/DOB Year' is clicked on

2018-12-10 17:24:18 - [MESSAGE][PASSED] - Object: 'Object Repository/Final Object Repo/New Registration - Registration Module Pages/Form 2/DOB Year' is clicked on

2018-12-10 17:24:18 - [TEST_STEP][PASSED] - Statement - Eyearsbf = EighteenYrsBefore: null

2018-12-10 17:24:18 - [TEST_STEP][PASSED] - Statement - selectYear = new com.kms.katalon.core.testobject.TestObject(): null

2018-12-10 17:24:18 - [TEST_STEP][PASSED] - Statement - selectYear.addProperty("xpath", EQUALS, "//div/div/div/select/option[@value='" + Eyearsbf + "']", true): null

2018-12-10 17:24:18 - [TEST_STEP][PASSED] - click: Object: '' is clicked on

2018-12-10 17:24:18 - [MESSAGE][PASSED] - Object: '' is clicked on

2018-12-10 17:24:18 - [TEST_STEP][PASSED] - Statement - UpdatedSelectDate = com.kms.katalon.core.webui.keyword.WebUiBuiltInKeywords.modifyObjectProperty(com.kms.katalon.core.testobject.ObjectRepository.findTestObject(Final Object Repo/New Registration - Registration Module Pages/Form 2/DOB Date), "xpath", "equals", "//body/div/table/tbody/tr/td/a[text()="" + CurrentDate + ""]", true): Modify property of object successfully

2018-12-10 17:24:18 - [MESSAGE][PASSED] - Modify property of object successfully

2018-12-10 17:24:18 - [TEST_STEP][PASSED] - delay: Delayed 3 second(s)

2018-12-10 17:24:21 - [MESSAGE][PASSED] - Delayed 3 second(s)

2018-12-10 17:24:21 - [TEST_STEP][PASSED] - click: Object: 'Object Repository/Final Object Repo/New Registration - Registration Module Pages/Form 2/DOB Date' is clicked on

2018-12-10 17:24:21 - [MESSAGE][PASSED] - Object: 'Object Repository/Final Object Repo/New Registration - Registration Module Pages/Form 2/DOB Date' is clicked on

2018-12-10 17:24:21 - [TEST_STEP][PASSED] - delay: Delayed 2 second(s)

2018-12-10 17:24:23 - [MESSAGE][PASSED] - Delayed 2 second(s)

2018-12-10 17:24:23 - [TEST_STEP][PASSED] - click: Object: 'Object Repository/Final Object Repo/New Registration - Registration Module Pages/Form 2/EmploymentStartDate Pop Up' is clicked on

2018-12-10 17:24:24 - [MESSAGE][PASSED] - Object: 'Object Repository/Final Object Repo/New Registration - Registration Module Pages/Form 2/EmploymentStartDate Pop Up' is clicked on

2018-12-10 17:24:24 - [TEST_STEP][PASSED] - delay: Delayed 2 second(s)

2018-12-10 17:24:26 - [MESSAGE][PASSED] - Delayed 2 second(s)

2018-12-10 17:24:26 - [TEST_STEP][PASSED] - click: Object: 'Object Repository/Final Object Repo/New Registration - Registration Module Pages/Form 2/Socso Employment StartDate Month' is clicked on

2018-12-10 17:24:26 - [MESSAGE][PASSED] - Object: 'Object Repository/Final Object Repo/New Registration - Registration Module Pages/Form 2/Socso Employment StartDate Month' is clicked on

2018-12-10 17:24:26 - [TEST_STEP][PASSED] - delay: Delayed 1 second(s)

2018-12-10 17:24:27 - [MESSAGE][PASSED] - Delayed 1 second(s)

2018-12-10 17:24:27 - [TEST_STEP][PASSED] - click: Object: 'Object Repository/Final Object Repo/New Registration - Registration Module Pages/Form 2/Select Socso Employement Startdate Month' is clicked on

2018-12-10 17:24:27 - [MESSAGE][PASSED] - Object: 'Object Repository/Final Object Repo/New Registration - Registration Module Pages/Form 2/Select Socso Employement Startdate Month' is clicked on

2018-12-10 17:24:27 - [TEST_STEP][PASSED] - delay: Delayed 2 second(s)

2018-12-10 17:24:29 - [MESSAGE][PASSED] - Delayed 2 second(s)

2018-12-10 17:24:29 - [TEST_STEP][PASSED] - click: Object: 'Object Repository/Final Object Repo/New Registration - Registration Module Pages/Form 2/Socso Employment StartDate Year' is clicked on

2018-12-10 17:24:29 - [MESSAGE][PASSED] - Object: 'Object Repository/Final Object Repo/New Registration - Registration Module Pages/Form 2/Socso Employment StartDate Year' is clicked on

2018-12-10 17:24:29 - [TEST_STEP][PASSED] - delay: Delayed 1 second(s)

2018-12-10 17:24:30 - [MESSAGE][PASSED] - Delayed 1 second(s)

2018-12-10 17:24:30 - [TEST_STEP][PASSED] - click: Object: 'Object Repository/Final Object Repo/New Registration - Registration Module Pages/Form 2/Select Socso Employment Startdate Year' is clicked on

2018-12-10 17:24:30 - [MESSAGE][PASSED] - Object: 'Object Repository/Final Object Repo/New Registration - Registration Module Pages/Form 2/Select Socso Employment Startdate Year' is clicked on

2018-12-10 17:24:30 - [TEST_STEP][PASSED] - delay: Delayed 2 second(s)

2018-12-10 17:24:32 - [MESSAGE][PASSED] - Delayed 2 second(s)

2018-12-10 17:24:32 - [TEST_STEP][PASSED] - click: Object: 'Object Repository/Final Object Repo/New Registration - Registration Module Pages/Form 2/Socso Employment Start Date Day' is clicked on

2018-12-10 17:24:32 - [MESSAGE][PASSED] - Object: 'Object Repository/Final Object Repo/New Registration - Registration Module Pages/Form 2/Socso Employment Start Date Day' is clicked on

2018-12-10 17:24:32 - [TEST_STEP][PASSED] - delay: Delayed 2 second(s)

2018-12-10 17:24:34 - [MESSAGE][PASSED] - Delayed 2 second(s)

2018-12-10 17:24:34 - [TEST_STEP][PASSED] - click: Object: 'Object Repository/Final Object Repo/New Registration - Registration Module Pages/Form 2/Save Button for Add Employee' is clicked on

2018-12-10 17:24:35 - [MESSAGE][PASSED] - Object: 'Object Repository/Final Object Repo/New Registration - Registration Module Pages/Form 2/Save Button for Add Employee' is clicked on

2018-12-10 17:24:35 - [TEST_STEP][PASSED] - delay: Delayed 6 second(s)

2018-12-10 17:24:41 - [MESSAGE][PASSED] - Delayed 6 second(s)

2018-12-10 17:24:41 - [TEST_STEP][PASSED] - click: Object: 'Object Repository/Final Object Repo/New Registration - Registration Module Pages/Form 2/Add Employee Button' is clicked on

2018-12-10 17:24:41 - [MESSAGE][PASSED] - Object: 'Object Repository/Final Object Repo/New Registration - Registration Module Pages/Form 2/Add Employee Button' is clicked on

2018-12-10 17:24:41 - [TEST_STEP][PASSED] - delay: Delayed 4 second(s)

2018-12-10 17:24:45 - [MESSAGE][PASSED] - Delayed 4 second(s)

2018-12-10 17:24:45 - [TEST_STEP][PASSED] - setText: Text '620904059691' is set on object 'Object Repository/Final Object Repo/New Registration - Registration Module Pages/Form 2/NRIC Input'

2018-12-10 17:24:45 - [MESSAGE][PASSED] - Text '620904059691' is set on object 'Object Repository/Final Object Repo/New Registration - Registration Module Pages/Form 2/NRIC Input'

2018-12-10 17:24:45 - [TEST_STEP][PASSED] - click: Object: 'Object Repository/Final Object Repo/New Registration - Registration Module Pages/Form 2/button for search for IC' is clicked on

2018-12-10 17:24:45 - [MESSAGE][PASSED] - Object: 'Object Repository/Final Object Repo/New Registration - Registration Module Pages/Form 2/button for search for IC' is clicked on

2018-12-10 17:24:45 - [TEST_STEP][PASSED] - delay: Delayed 2 second(s)

2018-12-10 17:24:47 - [MESSAGE][PASSED] - Delayed 2 second(s)

2018-12-10 17:24:47 - [TEST_STEP][PASSED] - setText: Text 'Automate001 eligible 2' is set on object 'Object Repository/Final Object Repo/New Registration - Registration Module Pages/Form 2/Employee Name Input'

2018-12-10 17:24:48 - [MESSAGE][PASSED] - Text 'Automate001 eligible 2' is set on object 'Object Repository/Final Object Repo/New Registration - Registration Module Pages/Form 2/Employee Name Input'

2018-12-10 17:24:48 - [TEST_STEP][PASSED] - delay: Delayed 2 second(s)

2018-12-10 17:24:50 - [MESSAGE][PASSED] - Delayed 2 second(s)

2018-12-10 17:24:50 - [TEST_STEP][PASSED] - click: Object: 'Object Repository/Final Object Repo/New Registration - Registration Module Pages/Form 2/DatePicker Pop Up' is clicked on

2018-12-10 17:24:50 - [MESSAGE][PASSED] - Object: 'Object Repository/Final Object Repo/New Registration - Registration Module Pages/Form 2/DatePicker Pop Up' is clicked on

2018-12-10 17:24:50 - [TEST_STEP][PASSED] - delay: Delayed 2 second(s)

2018-12-10 17:24:52 - [MESSAGE][PASSED] - Delayed 2 second(s)

2018-12-10 17:24:52 - [TEST_STEP][PASSED] - click: Object: 'Object Repository/Final Object Repo/New Registration - Registration Module Pages/Form 2/DOB Month' is clicked on

2018-12-10 17:24:52 - [MESSAGE][PASSED] - Object: 'Object Repository/Final Object Repo/New Registration - Registration Module Pages/Form 2/DOB Month' is clicked on

2018-12-10 17:24:52 - [TEST_STEP][PASSED] - Statement - selectMonth = com.kms.katalon.core.webui.keyword.WebUiBuiltInKeywords.modifyObjectProperty(selectMonth, "xpath", "equals", "//body/div/div/div/select/option[@value="" + CurrentMonth + ""]", true): Modify property of object successfully

2018-12-10 17:24:52 - [MESSAGE][PASSED] - Modify property of object successfully

2018-12-10 17:24:52 - [TEST_STEP][PASSED] - click: Object: '' is clicked on

2018-12-10 17:24:52 - [MESSAGE][PASSED] - Object: '' is clicked on

2018-12-10 17:24:52 - [TEST_STEP][PASSED] - click: Object: 'Object Repository/Final Object Repo/New Registration - Registration Module Pages/Form 2/DOB Year' is clicked on

2018-12-10 17:24:52 - [MESSAGE][PASSED] - Object: 'Object Repository/Final Object Repo/New Registration - Registration Module Pages/Form 2/DOB Year' is clicked on

2018-12-10 17:24:52 - [TEST_STEP][PASSED] - Statement - selectYear = com.kms.katalon.core.webui.keyword.WebUiBuiltInKeywords.modifyObjectProperty(selectYear, "xpath", "equals", "//div/div/div/select/option[@value="" + FiftysevenYrsBefore + ""]", true): Modify property of object successfully

2018-12-10 17:24:52 - [MESSAGE][PASSED] - Modify property of object successfully

2018-12-10 17:24:52 - [TEST_STEP][PASSED] - click: Object: '' is clicked on

2018-12-10 17:24:53 - [MESSAGE][PASSED] - Object: '' is clicked on

2018-12-10 17:24:53 - [TEST_STEP][PASSED] - Statement - UpdatedSelectDate = com.kms.katalon.core.webui.keyword.WebUiBuiltInKeywords.modifyObjectProperty(com.kms.katalon.core.testobject.ObjectRepository.findTestObject(Final Object Repo/New Registration - Registration Module Pages/Form 2/DOB Date), "xpath", "equals", "//body/div/table/tbody/tr/td/a[text()="" + OneDayBefore + ""]", true): Modify property of object successfully

2018-12-10 17:24:53 - [MESSAGE][PASSED] - Modify property of object successfully

2018-12-10 17:24:53 - [TEST_STEP][PASSED] - click: Object: 'Object Repository/Final Object Repo/New Registration - Registration Module Pages/Form 2/DOB Date' is clicked on

2018-12-10 17:24:53 - [MESSAGE][PASSED] - Object: 'Object Repository/Final Object Repo/New Registration - Registration Module Pages/Form 2/DOB Date' is clicked on

2018-12-10 17:24:53 - [TEST_STEP][PASSED] - delay: Delayed 2 second(s)

2018-12-10 17:24:55 - [MESSAGE][PASSED] - Delayed 2 second(s)

2018-12-10 17:24:55 - [TEST_STEP][PASSED] - click: Object: 'Object Repository/Final Object Repo/New Registration - Registration Module Pages/Form 2/EmploymentStartDate Pop Up' is clicked on

2018-12-10 17:24:55 - [MESSAGE][PASSED] - Object: 'Object Repository/Final Object Repo/New Registration - Registration Module Pages/Form 2/EmploymentStartDate Pop Up' is clicked on

2018-12-10 17:24:55 - [TEST_STEP][PASSED] - delay: Delayed 2 second(s)

2018-12-10 17:24:57 - [MESSAGE][PASSED] - Delayed 2 second(s)

2018-12-10 17:24:57 - [TEST_STEP][PASSED] - click: Object: 'Object Repository/Final Object Repo/New Registration - Registration Module Pages/Form 2/Socso Employment StartDate Month' is clicked on

2018-12-10 17:24:57 - [MESSAGE][PASSED] - Object: 'Object Repository/Final Object Repo/New Registration - Registration Module Pages/Form 2/Socso Employment StartDate Month' is clicked on

2018-12-10 17:24:57 - [TEST_STEP][PASSED] - delay: Delayed 1 second(s)

2018-12-10 17:24:58 - [MESSAGE][PASSED] - Delayed 1 second(s)

2018-12-10 17:24:58 - [TEST_STEP][PASSED] - click: Object: 'Object Repository/Final Object Repo/New Registration - Registration Module Pages/Form 2/Select Socso Employement Startdate Month' is clicked on

2018-12-10 17:24:58 - [MESSAGE][PASSED] - Object: 'Object Repository/Final Object Repo/New Registration - Registration Module Pages/Form 2/Select Socso Employement Startdate Month' is clicked on

2018-12-10 17:24:58 - [TEST_STEP][PASSED] - delay: Delayed 2 second(s)

2018-12-10 17:25:00 - [MESSAGE][PASSED] - Delayed 2 second(s)

2018-12-10 17:25:00 - [TEST_STEP][PASSED] - click: Object: 'Object Repository/Final Object Repo/New Registration - Registration Module Pages/Form 2/Socso Employment StartDate Year' is clicked on

2018-12-10 17:25:00 - [MESSAGE][PASSED] - Object: 'Object Repository/Final Object Repo/New Registration - Registration Module Pages/Form 2/Socso Employment StartDate Year' is clicked on

2018-12-10 17:25:00 - [TEST_STEP][PASSED] - delay: Delayed 1 second(s)

2018-12-10 17:25:01 - [MESSAGE][PASSED] - Delayed 1 second(s)

2018-12-10 17:25:01 - [TEST_STEP][PASSED] - click: Object: 'Object Repository/Final Object Repo/New Registration - Registration Module Pages/Form 2/Select Socso Employment Startdate Year' is clicked on

2018-12-10 17:25:02 - [MESSAGE][PASSED] - Object: 'Object Repository/Final Object Repo/New Registration - Registration Module Pages/Form 2/Select Socso Employment Startdate Year' is clicked on

2018-12-10 17:25:02 - [TEST_STEP][PASSED] - delay: Delayed 2 second(s)

2018-12-10 17:25:04 - [MESSAGE][PASSED] - Delayed 2 second(s)

2018-12-10 17:25:04 - [TEST_STEP][PASSED] - click: Object: 'Object Repository/Final Object Repo/New Registration - Registration Module Pages/Form 2/Socso Employment Start Date Day' is clicked on

2018-12-10 17:25:04 - [MESSAGE][PASSED] - Object: 'Object Repository/Final Object Repo/New Registration - Registration Module Pages/Form 2/Socso Employment Start Date Day' is clicked on

2018-12-10 17:25:04 - [TEST_STEP][PASSED] - delay: Delayed 2 second(s)

2018-12-10 17:25:06 - [MESSAGE][PASSED] - Delayed 2 second(s)

2018-12-10 17:25:06 - [TEST_STEP][PASSED] - click: Object: 'Object Repository/Final Object Repo/New Registration - Registration Module Pages/Form 2/Save Button for Add Employee' is clicked on

2018-12-10 17:25:06 - [MESSAGE][PASSED] - Object: 'Object Repository/Final Object Repo/New Registration - Registration Module Pages/Form 2/Save Button for Add Employee' is clicked on

2018-12-10 17:25:06 - [TEST_STEP][PASSED] - delay: Delayed 4 second(s)

2018-12-10 17:25:10 - [MESSAGE][PASSED] - Delayed 4 second(s)

2018-12-10 17:25:10 - [TEST_STEP][PASSED] - delay: Delayed 30 second(s)

2018-12-10 17:25:40 - [MESSAGE][PASSED] - Delayed 30 second(s)

2018-12-10 17:25:40 - [TEST_STEP][PASSED] - click: Object: 'Object Repository/Final Object Repo/New Registration - Registration Module Pages/Form 2/Add Employee Button' is clicked on

2018-12-10 17:25:40 - [MESSAGE][PASSED] - Object: 'Object Repository/Final Object Repo/New Registration - Registration Module Pages/Form 2/Add Employee Button' is clicked on

2018-12-10 17:25:40 - [TEST_STEP][PASSED] - delay: Delayed 4 second(s)

2018-12-10 17:25:44 - [MESSAGE][PASSED] - Delayed 4 second(s)

2018-12-10 17:25:44 - [TEST_STEP][PASSED] - setText: Text '000209039145' is set on object 'Object Repository/Final Object Repo/New Registration - Registration Module Pages/Form 2/NRIC Input'

2018-12-10 17:25:44 - [MESSAGE][PASSED] - Text '000209039145' is set on object 'Object Repository/Final Object Repo/New Registration - Registration Module Pages/Form 2/NRIC Input'

2018-12-10 17:25:44 - [TEST_STEP][PASSED] - click: Object: 'Object Repository/Final Object Repo/New Registration - Registration Module Pages/Form 2/button for search for IC' is clicked on

2018-12-10 17:25:45 - [MESSAGE][PASSED] - Object: 'Object Repository/Final Object Repo/New Registration - Registration Module Pages/Form 2/button for search for IC' is clicked on

2018-12-10 17:25:45 - [TEST_STEP][PASSED] - delay: Delayed 2 second(s)

2018-12-10 17:25:47 - [MESSAGE][PASSED] - Delayed 2 second(s)

2018-12-10 17:25:47 - [TEST_STEP][PASSED] - setText: Text 'Automate001 not eligible 1' is set on object 'Object Repository/Final Object Repo/New Registration - Registration Module Pages/Form 2/Employee Name Input'

2018-12-10 17:25:47 - [MESSAGE][PASSED] - Text 'Automate001 not eligible 1' is set on object 'Object Repository/Final Object Repo/New Registration - Registration Module Pages/Form 2/Employee Name Input'

2018-12-10 17:25:47 - [TEST_STEP][PASSED] - delay: Delayed 2 second(s)

2018-12-10 17:25:49 - [MESSAGE][PASSED] - Delayed 2 second(s)

2018-12-10 17:25:49 - [TEST_STEP][PASSED] - click: Object: 'Object Repository/Final Object Repo/New Registration - Registration Module Pages/Form 2/DatePicker Pop Up' is clicked on

2018-12-10 17:25:49 - [MESSAGE][PASSED] - Object: 'Object Repository/Final Object Repo/New Registration - Registration Module Pages/Form 2/DatePicker Pop Up' is clicked on

2018-12-10 17:25:49 - [TEST_STEP][PASSED] - delay: Delayed 2 second(s)

2018-12-10 17:25:51 - [MESSAGE][PASSED] - Delayed 2 second(s)

2018-12-10 17:25:51 - [TEST_STEP][PASSED] - click: Object: 'Object Repository/Final Object Repo/New Registration - Registration Module Pages/Form 2/DOB Month' is clicked on

2018-12-10 17:25:51 - [MESSAGE][PASSED] - Object: 'Object Repository/Final Object Repo/New Registration - Registration Module Pages/Form 2/DOB Month' is clicked on

2018-12-10 17:25:51 - [TEST_STEP][PASSED] - Statement - selectMonth = com.kms.katalon.core.webui.keyword.WebUiBuiltInKeywords.modifyObjectProperty(selectMonth, "xpath", "equals", "//body/div/div/div/select/option[@value="" + CurrentMonth + ""]", true): Modify property of object successfully

2018-12-10 17:25:51 - [MESSAGE][PASSED] - Modify property of object successfully

2018-12-10 17:25:51 - [TEST_STEP][PASSED] - click: Object: '' is clicked on

2018-12-10 17:25:52 - [MESSAGE][PASSED] - Object: '' is clicked on

2018-12-10 17:25:52 - [TEST_STEP][PASSED] - click: Object: 'Object Repository/Final Object Repo/New Registration - Registration Module Pages/Form 2/DOB Year' is clicked on

2018-12-10 17:25:52 - [MESSAGE][PASSED] - Object: 'Object Repository/Final Object Repo/New Registration - Registration Module Pages/Form 2/DOB Year' is clicked on

2018-12-10 17:25:52 - [TEST_STEP][PASSED] - Statement - selectYear = com.kms.katalon.core.webui.keyword.WebUiBuiltInKeywords.modifyObjectProperty(selectYear, "xpath", "equals", "//div/div/div/select/option[@value="" + EighteenYrsBefore + ""]", true): Modify property of object successfully

2018-12-10 17:25:52 - [MESSAGE][PASSED] - Modify property of object successfully

2018-12-10 17:25:52 - [TEST_STEP][PASSED] - click: Object: '' is clicked on

2018-12-10 17:25:52 - [MESSAGE][PASSED] - Object: '' is clicked on

2018-12-10 17:25:52 - [TEST_STEP][PASSED] - Statement - UpdatedSelectDate = com.kms.katalon.core.webui.keyword.WebUiBuiltInKeywords.modifyObjectProperty(com.kms.katalon.core.testobject.ObjectRepository.findTestObject(Final Object Repo/New Registration - Registration Module Pages/Form 2/DOB Date), "xpath", "equals", "//body/div/table/tbody/tr/td/a[text()="" + OneDayBefore + ""]", true): Modify property of object successfully

2018-12-10 17:25:52 - [MESSAGE][PASSED] - Modify property of object successfully

2018-12-10 17:25:52 - [TEST_STEP][PASSED] - click: Object: 'Object Repository/Final Object Repo/New Registration - Registration Module Pages/Form 2/DOB Date' is clicked on

2018-12-10 17:25:52 - [MESSAGE][PASSED] - Object: 'Object Repository/Final Object Repo/New Registration - Registration Module Pages/Form 2/DOB Date' is clicked on

2018-12-10 17:25:52 - [TEST_STEP][PASSED] - delay: Delayed 2 second(s)

2018-12-10 17:25:54 - [MESSAGE][PASSED] - Delayed 2 second(s)

2018-12-10 17:25:54 - [TEST_STEP][PASSED] - click: Object: 'Object Repository/Final Object Repo/New Registration - Registration Module Pages/Form 2/EmploymentStartDate Pop Up' is clicked on

2018-12-10 17:25:54 - [MESSAGE][PASSED] - Object: 'Object Repository/Final Object Repo/New Registration - Registration Module Pages/Form 2/EmploymentStartDate Pop Up' is clicked on

2018-12-10 17:25:54 - [TEST_STEP][PASSED] - delay: Delayed 2 second(s)

2018-12-10 17:25:56 - [MESSAGE][PASSED] - Delayed 2 second(s)

2018-12-10 17:25:56 - [TEST_STEP][PASSED] - click: Object: 'Object Repository/Final Object Repo/New Registration - Registration Module Pages/Form 2/Socso Employment StartDate Month' is clicked on

2018-12-10 17:25:56 - [MESSAGE][PASSED] - Object: 'Object Repository/Final Object Repo/New Registration - Registration Module Pages/Form 2/Socso Employment StartDate Month' is clicked on

2018-12-10 17:25:56 - [TEST_STEP][PASSED] - delay: Delayed 1 second(s)

2018-12-10 17:25:57 - [MESSAGE][PASSED] - Delayed 1 second(s)

2018-12-10 17:25:57 - [TEST_STEP][PASSED] - click: Object: 'Object Repository/Final Object Repo/New Registration - Registration Module Pages/Form 2/Select Socso Employement Startdate Month' is clicked on

2018-12-10 17:25:58 - [MESSAGE][PASSED] - Object: 'Object Repository/Final Object Repo/New Registration - Registration Module Pages/Form 2/Select Socso Employement Startdate Month' is clicked on

2018-12-10 17:25:58 - [TEST_STEP][PASSED] - delay: Delayed 2 second(s)

2018-12-10 17:26:00 - [MESSAGE][PASSED] - Delayed 2 second(s)

2018-12-10 17:26:00 - [TEST_STEP][PASSED] - click: Object: 'Object Repository/Final Object Repo/New Registration - Registration Module Pages/Form 2/Socso Employment StartDate Year' is clicked on

2018-12-10 17:26:00 - [MESSAGE][PASSED] - Object: 'Object Repository/Final Object Repo/New Registration - Registration Module Pages/Form 2/Socso Employment StartDate Year' is clicked on

2018-12-10 17:26:00 - [TEST_STEP][PASSED] - delay: Delayed 1 second(s)

2018-12-10 17:26:01 - [MESSAGE][PASSED] - Delayed 1 second(s)

2018-12-10 17:26:01 - [TEST_STEP][PASSED] - click: Object: 'Object Repository/Final Object Repo/New Registration - Registration Module Pages/Form 2/Select Socso Employment Startdate Year' is clicked on

2018-12-10 17:26:01 - [MESSAGE][PASSED] - Object: 'Object Repository/Final Object Repo/New Registration - Registration Module Pages/Form 2/Select Socso Employment Startdate Year' is clicked on

2018-12-10 17:26:01 - [TEST_STEP][PASSED] - delay: Delayed 2 second(s)

2018-12-10 17:26:03 - [MESSAGE][PASSED] - Delayed 2 second(s)

2018-12-10 17:26:03 - [TEST_STEP][PASSED] - click: Object: 'Object Repository/Final Object Repo/New Registration - Registration Module Pages/Form 2/Socso Employment Start Date Day' is clicked on

2018-12-10 17:26:03 - [MESSAGE][PASSED] - Object: 'Object Repository/Final Object Repo/New Registration - Registration Module Pages/Form 2/Socso Employment Start Date Day' is clicked on

2018-12-10 17:26:03 - [TEST_STEP][PASSED] - delay: Delayed 2 second(s)

2018-12-10 17:26:05 - [MESSAGE][PASSED] - Delayed 2 second(s)

2018-12-10 17:26:05 - [TEST_STEP][PASSED] - click: Object: 'Object Repository/Final Object Repo/New Registration - Registration Module Pages/Form 2/Save Button for Add Employee' is clicked on

2018-12-10 17:26:05 - [MESSAGE][PASSED] - Object: 'Object Repository/Final Object Repo/New Registration - Registration Module Pages/Form 2/Save Button for Add Employee' is clicked on

2018-12-10 17:26:05 - [TEST_STEP][PASSED] - delay: Delayed 6 second(s)

2018-12-10 17:26:11 - [MESSAGE][PASSED] - Delayed 6 second(s)

2018-12-10 17:26:11 - [TEST_STEP][PASSED] - click: Object: 'Object Repository/Final Object Repo/New Registration - Registration Module Pages/Form 2/Add Employee Button' is clicked on

2018-12-10 17:26:11 - [MESSAGE][PASSED] - Object: 'Object Repository/Final Object Repo/New Registration - Registration Module Pages/Form 2/Add Employee Button' is clicked on

2018-12-10 17:26:11 - [TEST_STEP][PASSED] - delay: Delayed 4 second(s)

2018-12-10 17:26:15 - [MESSAGE][PASSED] - Delayed 4 second(s)

2018-12-10 17:26:15 - [TEST_STEP][PASSED] - setText: Text '600203039154' is set on object 'Object Repository/Final Object Repo/New Registration - Registration Module Pages/Form 2/NRIC Input'

2018-12-10 17:26:16 - [MESSAGE][PASSED] - Text '600203039154' is set on object 'Object Repository/Final Object Repo/New Registration - Registration Module Pages/Form 2/NRIC Input'

2018-12-10 17:26:16 - [TEST_STEP][PASSED] - click: Object: 'Object Repository/Final Object Repo/New Registration - Registration Module Pages/Form 2/button for search for IC' is clicked on

2018-12-10 17:26:16 - [MESSAGE][PASSED] - Object: 'Object Repository/Final Object Repo/New Registration - Registration Module Pages/Form 2/button for search for IC' is clicked on

2018-12-10 17:26:16 - [TEST_STEP][PASSED] - delay: Delayed 2 second(s)

2018-12-10 17:26:18 - [MESSAGE][PASSED] - Delayed 2 second(s)

2018-12-10 17:26:18 - [TEST_STEP][PASSED] - setText: Text 'Automate001 not eligible 2' is set on object 'Object Repository/Final Object Repo/New Registration - Registration Module Pages/Form 2/Employee Name Input'

2018-12-10 17:26:18 - [MESSAGE][PASSED] - Text 'Automate001 not eligible 2' is set on object 'Object Repository/Final Object Repo/New Registration - Registration Module Pages/Form 2/Employee Name Input'

2018-12-10 17:26:18 - [TEST_STEP][PASSED] - delay: Delayed 2 second(s)

2018-12-10 17:26:20 - [MESSAGE][PASSED] - Delayed 2 second(s)

2018-12-10 17:26:20 - [TEST_STEP][PASSED] - click: Object: 'Object Repository/Final Object Repo/New Registration - Registration Module Pages/Form 2/DatePicker Pop Up' is clicked on

2018-12-10 17:26:21 - [MESSAGE][PASSED] - Object: 'Object Repository/Final Object Repo/New Registration - Registration Module Pages/Form 2/DatePicker Pop Up' is clicked on

2018-12-10 17:26:21 - [TEST_STEP][PASSED] - delay: Delayed 2 second(s)

2018-12-10 17:26:23 - [MESSAGE][PASSED] - Delayed 2 second(s)

2018-12-10 17:26:23 - [TEST_STEP][PASSED] - click: Object: 'Object Repository/Final Object Repo/New Registration - Registration Module Pages/Form 2/DOB Month' is clicked on

2018-12-10 17:26:23 - [MESSAGE][PASSED] - Object: 'Object Repository/Final Object Repo/New Registration - Registration Module Pages/Form 2/DOB Month' is clicked on

2018-12-10 17:26:23 - [TEST_STEP][PASSED] - Statement - selectMonth = com.kms.katalon.core.webui.keyword.WebUiBuiltInKeywords.modifyObjectProperty(selectMonth, "xpath", "equals", "//body/div/div/div/select/option[@value="" + CurrentMonth + ""]", true): Modify property of object successfully

2018-12-10 17:26:23 - [MESSAGE][PASSED] - Modify property of object successfully

2018-12-10 17:26:23 - [TEST_STEP][PASSED] - click: Object: '' is clicked on

2018-12-10 17:26:23 - [MESSAGE][PASSED] - Object: '' is clicked on

2018-12-10 17:26:23 - [TEST_STEP][PASSED] - click: Object: 'Object Repository/Final Object Repo/New Registration - Registration Module Pages/Form 2/DOB Year' is clicked on

2018-12-10 17:26:23 - [MESSAGE][PASSED] - Object: 'Object Repository/Final Object Repo/New Registration - Registration Module Pages/Form 2/DOB Year' is clicked on

2018-12-10 17:26:23 - [TEST_STEP][PASSED] - Statement - selectYear = com.kms.katalon.core.webui.keyword.WebUiBuiltInKeywords.modifyObjectProperty(selectYear, "xpath", "equals", "//div/div/div/select/option[@value="" + FiftysevenYrsBefore + ""]", true): Modify property of object successfully

2018-12-10 17:26:23 - [MESSAGE][PASSED] - Modify property of object successfully

2018-12-10 17:26:23 - [TEST_STEP][PASSED] - click: Object: '' is clicked on

2018-12-10 17:26:23 - [MESSAGE][PASSED] - Object: '' is clicked on

2018-12-10 17:26:23 - [TEST_STEP][PASSED] - Statement - UpdatedSelectDate = com.kms.katalon.core.webui.keyword.WebUiBuiltInKeywords.modifyObjectProperty(com.kms.katalon.core.testobject.ObjectRepository.findTestObject(Final Object Repo/New Registration - Registration Module Pages/Form 2/DOB Date), "xpath", "equals", "//body/div/table/tbody/tr/td/a[text()="" + CurrentDate + ""]", true): Modify property of object successfully

2018-12-10 17:26:23 - [MESSAGE][PASSED] - Modify property of object successfully

2018-12-10 17:26:23 - [TEST_STEP][PASSED] - click: Object: 'Object Repository/Final Object Repo/New Registration - Registration Module Pages/Form 2/DOB Date' is clicked on

2018-12-10 17:26:23 - [MESSAGE][PASSED] - Object: 'Object Repository/Final Object Repo/New Registration - Registration Module Pages/Form 2/DOB Date' is clicked on

2018-12-10 17:26:23 - [TEST_STEP][PASSED] - click: Object: 'Object Repository/Final Object Repo/New Registration - Registration Module Pages/Form 2/EmploymentStartDate Pop Up' is clicked on

2018-12-10 17:26:24 - [MESSAGE][PASSED] - Object: 'Object Repository/Final Object Repo/New Registration - Registration Module Pages/Form 2/EmploymentStartDate Pop Up' is clicked on

2018-12-10 17:26:24 - [TEST_STEP][PASSED] - delay: Delayed 2 second(s)

2018-12-10 17:26:26 - [MESSAGE][PASSED] - Delayed 2 second(s)

2018-12-10 17:26:26 - [TEST_STEP][PASSED] - click: Object: 'Object Repository/Final Object Repo/New Registration - Registration Module Pages/Form 2/Socso Employment StartDate Month' is clicked on

2018-12-10 17:26:26 - [MESSAGE][PASSED] - Object: 'Object Repository/Final Object Repo/New Registration - Registration Module Pages/Form 2/Socso Employment StartDate Month' is clicked on

2018-12-10 17:26:26 - [TEST_STEP][PASSED] - delay: Delayed 1 second(s)

2018-12-10 17:26:27 - [MESSAGE][PASSED] - Delayed 1 second(s)

2018-12-10 17:26:27 - [TEST_STEP][PASSED] - click: Object: 'Object Repository/Final Object Repo/New Registration - Registration Module Pages/Form 2/Select Socso Employement Startdate Month' is clicked on

2018-12-10 17:26:27 - [MESSAGE][PASSED] - Object: 'Object Repository/Final Object Repo/New Registration - Registration Module Pages/Form 2/Select Socso Employement Startdate Month' is clicked on

2018-12-10 17:26:27 - [TEST_STEP][PASSED] - delay: Delayed 2 second(s)

2018-12-10 17:26:29 - [MESSAGE][PASSED] - Delayed 2 second(s)

2018-12-10 17:26:29 - [TEST_STEP][PASSED] - click: Object: 'Object Repository/Final Object Repo/New Registration - Registration Module Pages/Form 2/Socso Employment StartDate Year' is clicked on

2018-12-10 17:26:29 - [MESSAGE][PASSED] - Object: 'Object Repository/Final Object Repo/New Registration - Registration Module Pages/Form 2/Socso Employment StartDate Year' is clicked on

2018-12-10 17:26:29 - [TEST_STEP][PASSED] - delay: Delayed 1 second(s)

2018-12-10 17:26:30 - [MESSAGE][PASSED] - Delayed 1 second(s)

2018-12-10 17:26:30 - [TEST_STEP][PASSED] - click: Object: 'Object Repository/Final Object Repo/New Registration - Registration Module Pages/Form 2/Select Socso Employment Startdate Year' is clicked on

2018-12-10 17:26:30 - [MESSAGE][PASSED] - Object: 'Object Repository/Final Object Repo/New Registration - Registration Module Pages/Form 2/Select Socso Employment Startdate Year' is clicked on

2018-12-10 17:26:30 - [TEST_STEP][PASSED] - delay: Delayed 2 second(s)

2018-12-10 17:26:32 - [MESSAGE][PASSED] - Delayed 2 second(s)

2018-12-10 17:26:32 - [TEST_STEP][PASSED] - click: Object: 'Object Repository/Final Object Repo/New Registration - Registration Module Pages/Form 2/Socso Employment Start Date Day' is clicked on

2018-12-10 17:26:32 - [MESSAGE][PASSED] - Object: 'Object Repository/Final Object Repo/New Registration - Registration Module Pages/Form 2/Socso Employment Start Date Day' is clicked on

2018-12-10 17:26:32 - [TEST_STEP][PASSED] - delay: Delayed 2 second(s)

2018-12-10 17:26:34 - [MESSAGE][PASSED] - Delayed 2 second(s)

2018-12-10 17:26:34 - [TEST_STEP][PASSED] - click: Object: 'Object Repository/Final Object Repo/New Registration - Registration Module Pages/Form 2/Save Button for Add Employee' is clicked on

2018-12-10 17:26:35 - [MESSAGE][PASSED] - Object: 'Object Repository/Final Object Repo/New Registration - Registration Module Pages/Form 2/Save Button for Add Employee' is clicked on

2018-12-10 17:26:35 - [TEST_STEP][PASSED] - delay: Delayed 2 second(s)

2018-12-10 17:26:37 - [MESSAGE][PASSED] - Delayed 2 second(s)

2018-12-10 17:26:37 - [TEST_STEP][PASSED] - click: Object: 'Object Repository/Final Object Repo/New Registration - Registration Module Pages/Form 2/Save and Continue Form 2' is clicked on

2018-12-10 17:26:37 - [MESSAGE][PASSED] - Object: 'Object Repository/Final Object Repo/New Registration - Registration Module Pages/Form 2/Save and Continue Form 2' is clicked on

2018-12-10 17:26:37 - [MESSAGE][PASSED] - Call Test Case 'Test Cases/Final Aug 2018 - PKS Automation/Registration Module/New Registration/Form 2/Add 2 Eligible 2 Not Eligible' successfully

2018-12-10 17:26:37 - [TEST_STEP][PASSED] - callTestCase: Call Test Case 'Test Cases/Final Aug 2018 - PKS Automation/Registration Module/New Registration/Flow of New Registration/Third Screen - Upload Supporting Doc - Preview' successfully

2018-12-10 17:26:37 - [TEST_CASE][PASSED] - Test Cases/Final Aug 2018 - PKS Automation/Registration Module/New Registration/Flow of New Registration/Third Screen - Upload Supporting Doc - Preview: Test Cases/Final Aug 2018 - PKS Automation/Registration Module/New Registration/Flow of New Registration/Third Screen - Upload Supporting Doc - Preview

2018-12-10 17:26:37 - [TEST_STEP][PASSED] - waitForPageLoad: Wait for page load successfully

2018-12-10 17:26:38 - [MESSAGE][PASSED] - Wait for page load successfully

2018-12-10 17:26:38 - [TEST_STEP][PASSED] - Statement - CaseReferenceNo = com.kms.katalon.core.webui.keyword.WebUiBuiltInKeywords.getText(com.kms.katalon.core.testobject.ObjectRepository.findTestObject(Final Object Repo/New Registration - Registration Module Pages/Third Screen - Upload Supporting Doc- Preview/RefNo Acquiring)): Text of object 'Object Repository/Final Object Repo/New Registration - Registration Module Pages/Third Screen - Upload Supporting Doc- Preview/RefNo Acquiring' is: 'CRN12201800123135'

2018-12-10 17:26:38 - [MESSAGE][PASSED] - Text of object 'Object Repository/Final Object Repo/New Registration - Registration Module Pages/Third Screen - Upload Supporting Doc- Preview/RefNo Acquiring' is: 'CRN12201800123135'

2018-12-10 17:26:38 - [TEST_STEP][PASSED] - delay: Delayed 2 second(s)

2018-12-10 17:26:40 - [MESSAGE][PASSED] - Delayed 2 second(s)

2018-12-10 17:26:40 - [TEST_STEP][PASSED] - callTestCase: Call Test Case 'Test Cases/Final Aug 2018 - PKS Automation/Common/Reference Number Setter' successfully

2018-12-10 17:26:40 - [TEST_CASE][PASSED] - Test Cases/Final Aug 2018 - PKS Automation/Common/Reference Number Setter: Test Cases/Final Aug 2018 - PKS Automation/Common/Reference Number Setter

2018-12-10 17:26:40 - [TEST_STEP][PASSED] - Statement - RefNoOldFile = new java.io.File(C://Users//Admin//Desktop//PKS//Automation Reference Point//KatalonReference.txt): null

2018-12-10 17:26:40 - [TEST_STEP][PASSED] - Statement - RefNoOldFile.delete(): null

2018-12-10 17:26:40 - [TEST_STEP][PASSED] - delay: Delayed 5 second(s)

2018-12-10 17:26:45 - [MESSAGE][PASSED] - Delayed 5 second(s)

2018-12-10 17:26:45 - [TEST_STEP][PASSED] - Statement - RefNo = new java.io.File(C://Users//Admin//Desktop//PKS//Automation Reference Point//KatalonReference.txt): null

2018-12-10 17:26:45 - [TEST_STEP][PASSED] - Statement - f2 = new java.io.FileWriter(RefNo, false): null

2018-12-10 17:26:45 - [TEST_STEP][PASSED] - Statement - f2.write(CaseReferenceNo): null

2018-12-10 17:26:45 - [TEST_STEP][PASSED] - Statement - f2.close(): null

2018-12-10 17:26:45 - [TEST_STEP][PASSED] - Statement - out.println("


" + CaseReferenceNo + "


"): null

2018-12-10 17:26:45 - [MESSAGE][PASSED] - Call Test Case 'Test Cases/Final Aug 2018 - PKS Automation/Common/Reference Number Setter' successfully

2018-12-10 17:26:45 - [TEST_STEP][PASSED] - waitForElementClickable: Object 'Object Repository/Final Object Repo/New Registration - Registration Module Pages/Third Screen - Upload Supporting Doc- Preview/Save n Continue in SIP Employee Listing Page' is clickable

2018-12-10 17:26:45 - [MESSAGE][PASSED] - Object 'Object Repository/Final Object Repo/New Registration - Registration Module Pages/Third Screen - Upload Supporting Doc- Preview/Save n Continue in SIP Employee Listing Page' is clickable

2018-12-10 17:26:45 - [TEST_STEP][PASSED] - click: Object: 'Object Repository/Final Object Repo/New Registration - Registration Module Pages/Third Screen - Upload Supporting Doc- Preview/Save n Continue in SIP Employee Listing Page' is clicked on

2018-12-10 17:26:50 - [MESSAGE][PASSED] - Object: 'Object Repository/Final Object Repo/New Registration - Registration Module Pages/Third Screen - Upload Supporting Doc- Preview/Save n Continue in SIP Employee Listing Page' is clicked on

2018-12-10 17:26:50 - [TEST_STEP][PASSED] - delay: Delayed 7 second(s)

2018-12-10 17:26:57 - [MESSAGE][PASSED] - Delayed 7 second(s)

2018-12-10 17:26:57 - [TEST_STEP][PASSED] - click: Object: 'Object Repository/Final Object Repo/New Registration - Registration Module Pages/Third Screen - Upload Supporting Doc- Preview/Add Document Button' is clicked on

2018-12-10 17:26:57 - [MESSAGE][PASSED] - Object: 'Object Repository/Final Object Repo/New Registration - Registration Module Pages/Third Screen - Upload Supporting Doc- Preview/Add Document Button' is clicked on

2018-12-10 17:26:57 - [TEST_STEP][PASSED] - delay: Delayed 30 second(s)

2018-12-10 17:27:27 - [MESSAGE][PASSED] - Delayed 30 second(s)

2018-12-10 17:27:28 - [TEST_STEP][PASSED] - click: Object: 'Object Repository/Final Object Repo/New Registration - Registration Module Pages/Third Screen - Upload Supporting Doc- Preview/Supporting Doc Please Select Drop Down' is clicked on

2018-12-10 17:27:28 - [MESSAGE][PASSED] - Object: 'Object Repository/Final Object Repo/New Registration - Registration Module Pages/Third Screen - Upload Supporting Doc- Preview/Supporting Doc Please Select Drop Down' is clicked on

2018-12-10 17:27:28 - [TEST_STEP][PASSED] - delay: Delayed 2 second(s)

2018-12-10 17:27:30 - [MESSAGE][PASSED] - Delayed 2 second(s)

2018-12-10 17:27:30 - [TEST_STEP][PASSED] - click: Object: 'Object Repository/Final Object Repo/New Registration - Registration Module Pages/Third Screen - Upload Supporting Doc- Preview/Select to Upload Form 1' is clicked on

2018-12-10 17:27:30 - [MESSAGE][PASSED] - Object: 'Object Repository/Final Object Repo/New Registration - Registration Module Pages/Third Screen - Upload Supporting Doc- Preview/Select to Upload Form 1' is clicked on

2018-12-10 17:27:30 - [TEST_STEP][PASSED] - delay: Delayed 2 second(s)

2018-12-10 17:27:32 - [MESSAGE][PASSED] - Delayed 2 second(s)

2018-12-10 17:27:32 - [TEST_STEP][PASSED] - uploadFile: File 'C:\Users\Public\Pictures\Sample Pictures\Koala.jpg' sent to object: 'Object Repository/Final Object Repo/New Registration - Registration Module Pages/Third Screen - Upload Supporting Doc- Preview/Upload File Adding'

2018-12-10 17:27:32 - [MESSAGE][PASSED] - File 'C:\Users\Public\Pictures\Sample Pictures\Koala.jpg' sent to object: 'Object Repository/Final Object Repo/New Registration - Registration Module Pages/Third Screen - Upload Supporting Doc- Preview/Upload File Adding'

2018-12-10 17:27:32 - [TEST_STEP][PASSED] - delay: Delayed 5 second(s)

2018-12-10 17:27:37 - [MESSAGE][PASSED] - Delayed 5 second(s)

2018-12-10 17:27:37 - [TEST_STEP][PASSED] - click: Object: 'Object Repository/Final Object Repo/New Registration - Registration Module Pages/Third Screen - Upload Supporting Doc- Preview/Inner Form Add Document Button' is clicked on

2018-12-10 17:27:37 - [MESSAGE][PASSED] - Object: 'Object Repository/Final Object Repo/New Registration - Registration Module Pages/Third Screen - Upload Supporting Doc- Preview/Inner Form Add Document Button' is clicked on

2018-12-10 17:27:37 - [TEST_STEP][PASSED] - delay: Delayed 3 second(s)

2018-12-10 17:27:40 - [MESSAGE][PASSED] - Delayed 3 second(s)

2018-12-10 17:27:40 - [TEST_STEP][PASSED] - click: Object: 'Object Repository/Final Object Repo/New Registration - Registration Module Pages/Third Screen - Upload Supporting Doc- Preview/Add Document Button' is clicked on

2018-12-10 17:27:41 - [MESSAGE][PASSED] - Object: 'Object Repository/Final Object Repo/New Registration - Registration Module Pages/Third Screen - Upload Supporting Doc- Preview/Add Document Button' is clicked on

2018-12-10 17:27:41 - [TEST_STEP][PASSED] - delay: Delayed 30 second(s)

2018-12-10 17:28:11 - [MESSAGE][PASSED] - Delayed 30 second(s)

2018-12-10 17:28:11 - [TEST_STEP][PASSED] - click: Object: 'Object Repository/Final Object Repo/New Registration - Registration Module Pages/Third Screen - Upload Supporting Doc- Preview/Supporting Doc Please Select Drop Down' is clicked on

2018-12-10 17:28:12 - [MESSAGE][PASSED] - Object: 'Object Repository/Final Object Repo/New Registration - Registration Module Pages/Third Screen - Upload Supporting Doc- Preview/Supporting Doc Please Select Drop Down' is clicked on

2018-12-10 17:28:12 - [TEST_STEP][PASSED] - delay: Delayed 4 second(s)

2018-12-10 17:28:16 - [MESSAGE][PASSED] - Delayed 4 second(s)

2018-12-10 17:28:16 - [TEST_STEP][PASSED] - click: Object: 'Object Repository/Final Object Repo/New Registration - Registration Module Pages/Third Screen - Upload Supporting Doc- Preview/Select to Upload Form 2' is clicked on

2018-12-10 17:28:16 - [MESSAGE][PASSED] - Object: 'Object Repository/Final Object Repo/New Registration - Registration Module Pages/Third Screen - Upload Supporting Doc- Preview/Select to Upload Form 2' is clicked on

2018-12-10 17:28:16 - [TEST_STEP][PASSED] - delay: Delayed 2 second(s)

2018-12-10 17:28:18 - [MESSAGE][PASSED] - Delayed 2 second(s)

2018-12-10 17:28:18 - [TEST_STEP][PASSED] - uploadFile: File 'C:\Users\Public\Pictures\Sample Pictures\Koala.jpg' sent to object: 'Object Repository/Final Object Repo/New Registration - Registration Module Pages/Third Screen - Upload Supporting Doc- Preview/Upload File Adding'

2018-12-10 17:28:18 - [MESSAGE][PASSED] - File 'C:\Users\Public\Pictures\Sample Pictures\Koala.jpg' sent to object: 'Object Repository/Final Object Repo/New Registration - Registration Module Pages/Third Screen - Upload Supporting Doc- Preview/Upload File Adding'

2018-12-10 17:28:18 - [TEST_STEP][PASSED] - click: Object: 'Object Repository/Final Object Repo/New Registration - Registration Module Pages/Third Screen - Upload Supporting Doc- Preview/Inner Form Add Document Button' is clicked on

2018-12-10 17:28:18 - [MESSAGE][PASSED] - Object: 'Object Repository/Final Object Repo/New Registration - Registration Module Pages/Third Screen - Upload Supporting Doc- Preview/Inner Form Add Document Button' is clicked on

2018-12-10 17:28:18 - [TEST_STEP][PASSED] - delay: Delayed 5 second(s)

2018-12-10 17:28:23 - [MESSAGE][PASSED] - Delayed 5 second(s)

2018-12-10 17:28:23 - [TEST_STEP][PASSED] - click: Object: 'Object Repository/Final Object Repo/New Registration - Registration Module Pages/Third Screen - Upload Supporting Doc- Preview/Add Document Button' is clicked on

2018-12-10 17:28:23 - [MESSAGE][PASSED] - Object: 'Object Repository/Final Object Repo/New Registration - Registration Module Pages/Third Screen - Upload Supporting Doc- Preview/Add Document Button' is clicked on

2018-12-10 17:28:23 - [TEST_STEP][PASSED] - delay: Delayed 30 second(s)

2018-12-10 17:28:53 - [MESSAGE][PASSED] - Delayed 30 second(s)

2018-12-10 17:28:53 - [TEST_STEP][PASSED] - click: Object: 'Object Repository/Final Object Repo/New Registration - Registration Module Pages/Third Screen - Upload Supporting Doc- Preview/Supporting Doc Please Select Drop Down' is clicked on

2018-12-10 17:28:53 - [MESSAGE][PASSED] - Object: 'Object Repository/Final Object Repo/New Registration - Registration Module Pages/Third Screen - Upload Supporting Doc- Preview/Supporting Doc Please Select Drop Down' is clicked on

2018-12-10 17:28:53 - [TEST_STEP][PASSED] - click: Object: 'Object Repository/Final Object Repo/New Registration - Registration Module Pages/Third Screen - Upload Supporting Doc- Preview/Select to Upload Borang SIP 1' is clicked on

2018-12-10 17:28:54 - [MESSAGE][PASSED] - Object: 'Object Repository/Final Object Repo/New Registration - Registration Module Pages/Third Screen - Upload Supporting Doc- Preview/Select to Upload Borang SIP 1' is clicked on

2018-12-10 17:28:54 - [TEST_STEP][PASSED] - delay: Delayed 2 second(s)

2018-12-10 17:28:56 - [MESSAGE][PASSED] - Delayed 2 second(s)

2018-12-10 17:28:56 - [TEST_STEP][PASSED] - uploadFile: File 'C:\Users\Public\Pictures\Sample Pictures\Koala.jpg' sent to object: 'Object Repository/Final Object Repo/New Registration - Registration Module Pages/Third Screen - Upload Supporting Doc- Preview/Upload File Adding'

2018-12-10 17:28:56 - [MESSAGE][PASSED] - File 'C:\Users\Public\Pictures\Sample Pictures\Koala.jpg' sent to object: 'Object Repository/Final Object Repo/New Registration - Registration Module Pages/Third Screen - Upload Supporting Doc- Preview/Upload File Adding'

2018-12-10 17:28:56 - [TEST_STEP][PASSED] - click: Object: 'Object Repository/Final Object Repo/New Registration - Registration Module Pages/Third Screen - Upload Supporting Doc- Preview/Inner Form Add Document Button' is clicked on

2018-12-10 17:28:56 - [MESSAGE][PASSED] - Object: 'Object Repository/Final Object Repo/New Registration - Registration Module Pages/Third Screen - Upload Supporting Doc- Preview/Inner Form Add Document Button' is clicked on

2018-12-10 17:28:56 - [TEST_STEP][PASSED] - delay: Delayed 5 second(s)

2018-12-10 17:29:01 - [MESSAGE][PASSED] - Delayed 5 second(s)

2018-12-10 17:29:01 - [TEST_STEP][PASSED] - click: Object: 'Object Repository/Final Object Repo/New Registration - Registration Module Pages/Third Screen - Upload Supporting Doc- Preview/Add Document Button' is clicked on

2018-12-10 17:29:01 - [MESSAGE][PASSED] - Object: 'Object Repository/Final Object Repo/New Registration - Registration Module Pages/Third Screen - Upload Supporting Doc- Preview/Add Document Button' is clicked on

2018-12-10 17:29:01 - [TEST_STEP][PASSED] - delay: Delayed 30 second(s)

2018-12-10 17:29:31 - [MESSAGE][PASSED] - Delayed 30 second(s)

2018-12-10 17:29:31 - [TEST_STEP][PASSED] - click: Object: 'Object Repository/Final Object Repo/New Registration - Registration Module Pages/Third Screen - Upload Supporting Doc- Preview/Supporting Doc Please Select Drop Down' is clicked on

2018-12-10 17:29:31 - [MESSAGE][PASSED] - Object: 'Object Repository/Final Object Repo/New Registration - Registration Module Pages/Third Screen - Upload Supporting Doc- Preview/Supporting Doc Please Select Drop Down' is clicked on

2018-12-10 17:29:31 - [TEST_STEP][PASSED] - delay: Delayed 3 second(s)

2018-12-10 17:29:34 - [MESSAGE][PASSED] - Delayed 3 second(s)

2018-12-10 17:29:34 - [TEST_STEP][PASSED] - click: Object: 'Object Repository/Final Object Repo/New Registration - Registration Module Pages/Third Screen - Upload Supporting Doc- Preview/Select to Upload Borang SIP 2' is clicked on

2018-12-10 17:29:34 - [MESSAGE][PASSED] - Object: 'Object Repository/Final Object Repo/New Registration - Registration Module Pages/Third Screen - Upload Supporting Doc- Preview/Select to Upload Borang SIP 2' is clicked on

2018-12-10 17:29:34 - [TEST_STEP][PASSED] - delay: Delayed 2 second(s)

2018-12-10 17:29:37 - [MESSAGE][PASSED] - Delayed 2 second(s)

2018-12-10 17:29:37 - [TEST_STEP][PASSED] - uploadFile: File 'C:\Users\Public\Pictures\Sample Pictures\Koala.jpg' sent to object: 'Object Repository/Final Object Repo/New Registration - Registration Module Pages/Third Screen - Upload Supporting Doc- Preview/Upload File Adding'

2018-12-10 17:29:37 - [MESSAGE][PASSED] - File 'C:\Users\Public\Pictures\Sample Pictures\Koala.jpg' sent to object: 'Object Repository/Final Object Repo/New Registration - Registration Module Pages/Third Screen - Upload Supporting Doc- Preview/Upload File Adding'

2018-12-10 17:29:37 - [TEST_STEP][PASSED] - delay: Delayed 5 second(s)

2018-12-10 17:29:42 - [MESSAGE][PASSED] - Delayed 5 second(s)

2018-12-10 17:29:42 - [TEST_STEP][PASSED] - click: Object: 'Object Repository/Final Object Repo/New Registration - Registration Module Pages/Third Screen - Upload Supporting Doc- Preview/Inner Form Add Document Button' is clicked on

2018-12-10 17:29:42 - [MESSAGE][PASSED] - Object: 'Object Repository/Final Object Repo/New Registration - Registration Module Pages/Third Screen - Upload Supporting Doc- Preview/Inner Form Add Document Button' is clicked on

2018-12-10 17:29:42 - [TEST_STEP][PASSED] - delay: Delayed 3 second(s)

2018-12-10 17:29:45 - [MESSAGE][PASSED] - Delayed 3 second(s)

2018-12-10 17:29:45 - [TEST_STEP][PASSED] - waitForElementClickable: Object 'Object Repository/Final Object Repo/New Registration - Registration Module Pages/Third Screen - Upload Supporting Doc- Preview/Save n Continue in Uploading Supporting Doc Page' is clickable

2018-12-10 17:29:46 - [MESSAGE][PASSED] - Object 'Object Repository/Final Object Repo/New Registration - Registration Module Pages/Third Screen - Upload Supporting Doc- Preview/Save n Continue in Uploading Supporting Doc Page' is clickable

2018-12-10 17:29:46 - [TEST_STEP][PASSED] - click: Object: 'Object Repository/Final Object Repo/New Registration - Registration Module Pages/Third Screen - Upload Supporting Doc- Preview/Save n Continue in Uploading Supporting Doc Page' is clicked on

2018-12-10 17:29:46 - [MESSAGE][PASSED] - Object: 'Object Repository/Final Object Repo/New Registration - Registration Module Pages/Third Screen - Upload Supporting Doc- Preview/Save n Continue in Uploading Supporting Doc Page' is clicked on

2018-12-10 17:29:46 - [MESSAGE][PASSED] - Call Test Case 'Test Cases/Final Aug 2018 - PKS Automation/Registration Module/New Registration/Flow of New Registration/Third Screen - Upload Supporting Doc - Preview' successfully

2018-12-10 17:29:46 - [TEST_STEP][PASSED] - callTestCase: Call Test Case 'Test Cases/Final Aug 2018 - PKS Automation/Registration Module/New Registration/Submit and Screenshot/Submit Registration and Screenshot' successfully

2018-12-10 17:29:46 - [TEST_CASE][PASSED] - Test Cases/Final Aug 2018 - PKS Automation/Registration Module/New Registration/Submit and Screenshot/Submit Registration and Screenshot: Test Cases/Final Aug 2018 - PKS Automation/Registration Module/New Registration/Submit and Screenshot/Submit Registration and Screenshot

2018-12-10 17:29:46 - [TEST_STEP][PASSED] - delay: Delayed 6 second(s)

2018-12-10 17:29:52 - [MESSAGE][PASSED] - Delayed 6 second(s)

2018-12-10 17:29:52 - [TEST_STEP][PASSED] - click: Object: 'Object Repository/Final Object Repo/New Registration - Registration Module Pages/Third Screen - Upload Supporting Doc- Preview/Preview Submit Button' is clicked on

2018-12-10 17:29:52 - [MESSAGE][PASSED] - Object: 'Object Repository/Final Object Repo/New Registration - Registration Module Pages/Third Screen - Upload Supporting Doc- Preview/Preview Submit Button' is clicked on

2018-12-10 17:29:52 - [TEST_STEP][PASSED] - delay: Delayed 2 second(s)

2018-12-10 17:29:54 - [MESSAGE][PASSED] - Delayed 2 second(s)

2018-12-10 17:29:54 - [TEST_STEP][PASSED] - click: Object: 'Object Repository/Final Object Repo/New Registration - Registration Module Pages/Third Screen - Upload Supporting Doc- Preview/Preview Submit - Confirm' is clicked on

2018-12-10 17:29:54 - [MESSAGE][PASSED] - Object: 'Object Repository/Final Object Repo/New Registration - Registration Module Pages/Third Screen - Upload Supporting Doc- Preview/Preview Submit - Confirm' is clicked on

2018-12-10 17:29:54 - [TEST_STEP][PASSED] - delay: Delayed 15 second(s)

2018-12-10 17:30:09 - [MESSAGE][PASSED] - Delayed 15 second(s)

2018-12-10 17:30:09 - [TEST_STEP][PASSED] - Statement - driver = com.kms.katalon.core.webui.driver.DriverFactory.getWebDriver(): null

2018-12-10 17:30:09 - [TEST_STEP][PASSED] - Statement - driver.manage().timeouts().implicitlyWait(10, SECONDS): null

2018-12-10 17:30:09 - [TEST_STEP][PASSED] - Statement - PresavePath = KatalonScreenshots: null

2018-12-10 17:30:09 - [TEST_STEP][PASSED] - Statement - pathPrefix = "C:\Users\Public\Pictures\Sample Pictures\Katalon Screenshots\Automate Ending Screen": null

2018-12-10 17:30:09 - [TEST_STEP][PASSED] - Statement - finalPath = <not implemented yet for class: org.codehaus.groovy.ast.expr.EmptyExpression>: null

2018-12-10 17:30:09 - [TEST_STEP][PASSED] - Statement - scrFile = driver.getScreenshotAs(FILE): null

2018-12-10 17:30:10 - [TEST_STEP][PASSED] - Statement - PreSaveFile = new java.io.File(PresavePath): null

2018-12-10 17:30:10 - [TEST_STEP][PASSED] - Statement - counter = 0: null

2018-12-10 17:30:10 - [TEST_STEP][PASSED] - Statement - If (PreSaveFile.exists()): null

2018-12-10 17:30:10 - [TEST_STEP][PASSED] - Statement - While (PreSaveFile.exists()): null

2018-12-10 17:30:10 - [TEST_STEP][PASSED] - Statement - counter = counter + 1: null

2018-12-10 17:30:10 - [TEST_STEP][PASSED] - Statement - PreSaveFile = new java.io.File(((pathPrefix + java.lang.Integer.toString(counter)) + .png)): null

2018-12-10 17:30:10 - [TEST_STEP][PASSED] - Statement - counter = counter + 1: null

2018-12-10 17:30:10 - [TEST_STEP][PASSED] - Statement - PreSaveFile = new java.io.File(((pathPrefix + java.lang.Integer.toString(counter)) + .png)): null

2018-12-10 17:30:10 - [TEST_STEP][PASSED] - Statement - counter = counter + 1: null

2018-12-10 17:30:10 - [TEST_STEP][PASSED] - Statement - PreSaveFile = new java.io.File(((pathPrefix + java.lang.Integer.toString(counter)) + .png)): null

2018-12-10 17:30:10 - [TEST_STEP][PASSED] - Statement - counter = counter + 1: null

2018-12-10 17:30:10 - [TEST_STEP][PASSED] - Statement - PreSaveFile = new java.io.File(((pathPrefix + java.lang.Integer.toString(counter)) + .png)): null

2018-12-10 17:30:10 - [TEST_STEP][PASSED] - Statement - finalPath = pathPrefix + java.lang.Integer.toString(counter) + ".png": null

2018-12-10 17:30:10 - [TEST_STEP][PASSED] - Statement - SaveFile = new java.io.File(finalPath): null

2018-12-10 17:30:10 - [TEST_STEP][PASSED] - Statement - Try: null

2018-12-10 17:30:10 - [TEST_STEP][PASSED] - Statement - org.apache.commons.io.FileUtils.copyFile(scrFile, SaveFile): null

2018-12-10 17:30:10 - [TEST_STEP][PASSED] - Statement - out.println("file kept"): null

2018-12-10 17:30:10 - [TEST_STEP][PASSED] - delay: Delayed 10 second(s)

2018-12-10 17:30:20 - [MESSAGE][PASSED] - Delayed 10 second(s)

2018-12-10 17:30:20 - [MESSAGE][PASSED] - Call Test Case 'Test Cases/Final Aug 2018 - PKS Automation/Registration Module/New Registration/Submit and Screenshot/Submit Registration and Screenshot' successfully]]></system-out>
         <system-err><![CDATA[]]></system-err>
      </testcase>
      <testcase name="Test Cases/Final Aug 2018 - PKS Automation/Registration Module/Critical Path/New Registration/Other - Cooperative" classname="Test Cases/Final Aug 2018 - PKS Automation/Registration Module/Critical Path/New Registration/Other - Cooperative" status="PASSED">
         <system-out><![CDATA[2018-12-10 17:30:20 - [TEST_CASE][PASSED] - Test Cases/Final Aug 2018 - PKS Automation/Registration Module/Critical Path/New Registration/Other - Cooperative: Test Cases/Final Aug 2018 - PKS Automation/Registration Module/Critical Path/New Registration/Other - Cooperative

2018-12-10 17:30:20 - [TEST_STEP][PASSED] - callTestCase: Call Test Case 'Test Cases/Final Aug 2018 - PKS Automation/Registration Module/New Registration/Form 1/Form 1 - Other - Cooperative' successfully

2018-12-10 17:30:20 - [TEST_CASE][PASSED] - Test Cases/Final Aug 2018 - PKS Automation/Registration Module/New Registration/Form 1/Form 1 - Other - Cooperative: Test Cases/Final Aug 2018 - PKS Automation/Registration Module/New Registration/Form 1/Form 1 - Other - Cooperative

2018-12-10 17:30:21 - [TEST_STEP][PASSED] - openBrowser: Browser is opened with url: ''

2018-12-10 17:30:21 - [MESSAGE][WARNING] - A browser is already opened. Closing browser and opening a new one

2018-12-10 17:30:24 - [MESSAGE][PASSED] - Browser is opened with url: ''

2018-12-10 17:30:24 - [TEST_STEP][PASSED] - navigateToUrl: Navigate to 'https://assist2-uat.perkeso.gov.my/login' successfully

2018-12-10 17:30:25 - [MESSAGE][PASSED] - Navigate to 'https://assist2-uat.perkeso.gov.my/login' successfully

2018-12-10 17:30:25 - [TEST_STEP][PASSED] - setText: Text 'johorotc1@gmail.com' is set on object 'Object Repository/Final Object Repo/Login Page/Internal User/Email Address'

2018-12-10 17:30:25 - [MESSAGE][PASSED] - Text 'johorotc1@gmail.com' is set on object 'Object Repository/Final Object Repo/Login Page/Internal User/Email Address'

2018-12-10 17:30:25 - [TEST_STEP][PASSED] - click: Object: 'Object Repository/Final Object Repo/Login Page/Internal User/Next Button' is clicked on

2018-12-10 17:30:25 - [MESSAGE][PASSED] - Object: 'Object Repository/Final Object Repo/Login Page/Internal User/Next Button' is clicked on

2018-12-10 17:30:25 - [TEST_STEP][PASSED] - delay: Delayed 1 second(s)

2018-12-10 17:30:26 - [MESSAGE][PASSED] - Delayed 1 second(s)

2018-12-10 17:30:26 - [TEST_STEP][PASSED] - setEncryptedText: Text ****** has been set on object 'Object Repository/Final Object Repo/Login Page/Internal User/Password'

2018-12-10 17:30:27 - [MESSAGE][PASSED] - Text ****** has been set on object 'Object Repository/Final Object Repo/Login Page/Internal User/Password'

2018-12-10 17:30:27 - [TEST_STEP][PASSED] - click: Object: 'Object Repository/Final Object Repo/Login Page/Internal User/Login Button' is clicked on

2018-12-10 17:30:27 - [MESSAGE][PASSED] - Object: 'Object Repository/Final Object Repo/Login Page/Internal User/Login Button' is clicked on

2018-12-10 17:30:27 - [TEST_STEP][PASSED] - delay: Delayed 1 second(s)

2018-12-10 17:30:28 - [MESSAGE][PASSED] - Delayed 1 second(s)

2018-12-10 17:30:28 - [TEST_STEP][PASSED] - Statement - Try: Delayed 2 second(s)

2018-12-10 17:30:28 - [TEST_STEP][PASSED] - Statement - Checker = false: null

2018-12-10 17:30:28 - [TEST_STEP][PASSED] - Statement - Checker = com.kms.katalon.core.webui.keyword.WebUiBuiltInKeywords.verifyElementHasAttribute(com.kms.katalon.core.testobject.ObjectRepository.findTestObject(Final Object Repo/Landing Page/BM Detecting), "href", 20, OPTIONAL): Object 'Object Repository/Final Object Repo/Landing Page/BM Detecting' has attribute 'href'

2018-12-10 17:30:29 - [MESSAGE][PASSED] - Object 'Object Repository/Final Object Repo/Landing Page/BM Detecting' has attribute 'href'

2018-12-10 17:30:29 - [TEST_STEP][PASSED] - Statement - out.println(Checker): null

2018-12-10 17:30:29 - [TEST_STEP][PASSED] - Statement - If (Checker == false): null

2018-12-10 17:30:29 - [TEST_STEP][PASSED] - Statement - Else: null

2018-12-10 17:30:29 - [TEST_STEP][PASSED] - delay: Delayed 2 second(s)

2018-12-10 17:30:31 - [MESSAGE][PASSED] - Delayed 2 second(s)

2018-12-10 17:30:31 - [TEST_STEP][PASSED] - navigateToUrl: Navigate to 'https://assist2-uat.perkeso.gov.my/web/registration/registration' successfully

2018-12-10 17:30:32 - [MESSAGE][PASSED] - Navigate to 'https://assist2-uat.perkeso.gov.my/web/registration/registration' successfully

2018-12-10 17:30:32 - [TEST_STEP][PASSED] - click: Object: 'Object Repository/Final Object Repo/New Registration - Registration Module Pages/Form 1/AEC - No' is clicked on

2018-12-10 17:30:32 - [MESSAGE][PASSED] - Object: 'Object Repository/Final Object Repo/New Registration - Registration Module Pages/Form 1/AEC - No' is clicked on

2018-12-10 17:30:32 - [TEST_STEP][PASSED] - click: Object: 'Object Repository/Final Object Repo/New Registration - Registration Module Pages/Form 1/Business Entity' is clicked on

2018-12-10 17:30:33 - [MESSAGE][PASSED] - Object: 'Object Repository/Final Object Repo/New Registration - Registration Module Pages/Form 1/Business Entity' is clicked on

2018-12-10 17:30:33 - [TEST_STEP][PASSED] - click: Object: 'Object Repository/Final Object Repo/New Registration - Registration Module Pages/Form 1/Business Entity - Other' is clicked on

2018-12-10 17:30:33 - [MESSAGE][PASSED] - Object: 'Object Repository/Final Object Repo/New Registration - Registration Module Pages/Form 1/Business Entity - Other' is clicked on

2018-12-10 17:30:33 - [TEST_STEP][PASSED] - delay: Delayed 1 second(s)

2018-12-10 17:30:34 - [MESSAGE][PASSED] - Delayed 1 second(s)

2018-12-10 17:30:34 - [TEST_STEP][PASSED] - click: Object: 'Object Repository/Final Object Repo/New Registration - Registration Module Pages/Form 1/Sub Business Entity' is clicked on

2018-12-10 17:30:34 - [MESSAGE][PASSED] - Object: 'Object Repository/Final Object Repo/New Registration - Registration Module Pages/Form 1/Sub Business Entity' is clicked on

2018-12-10 17:30:34 - [TEST_STEP][PASSED] - click: Object: 'Object Repository/Final Object Repo/New Registration - Registration Module Pages/Form 1/Sub Business Entity - Other/Sub Business Entity  - Cooperative' is clicked on

2018-12-10 17:30:34 - [MESSAGE][PASSED] - Object: 'Object Repository/Final Object Repo/New Registration - Registration Module Pages/Form 1/Sub Business Entity - Other/Sub Business Entity  - Cooperative' is clicked on

2018-12-10 17:30:34 - [TEST_STEP][PASSED] - delay: Delayed 1 second(s)

2018-12-10 17:30:35 - [MESSAGE][PASSED] - Delayed 1 second(s)

2018-12-10 17:30:35 - [TEST_STEP][NOT_RUN] - click: NOT_RUN: click

2018-12-10 17:30:35 - [MESSAGE][NOT_RUN] - NOT_RUN: click

2018-12-10 17:30:35 - [TEST_STEP][NOT_RUN] - click: NOT_RUN: click

2018-12-10 17:30:35 - [MESSAGE][NOT_RUN] - NOT_RUN: click

2018-12-10 17:30:35 - [TEST_STEP][NOT_RUN] - delay: NOT_RUN: delay

2018-12-10 17:30:35 - [MESSAGE][NOT_RUN] - NOT_RUN: delay

2018-12-10 17:30:35 - [TEST_STEP][PASSED] - setText: Text '123' is set on object 'Object Repository/Final Object Repo/New Registration - Registration Module Pages/Form 1/Registration Number'

2018-12-10 17:30:35 - [MESSAGE][PASSED] - Text '123' is set on object 'Object Repository/Final Object Repo/New Registration - Registration Module Pages/Form 1/Registration Number'

2018-12-10 17:30:35 - [TEST_STEP][NOT_RUN] - click: NOT_RUN: click

2018-12-10 17:30:35 - [MESSAGE][NOT_RUN] - NOT_RUN: click

2018-12-10 17:30:35 - [TEST_STEP][PASSED] - click: Object: 'Object Repository/Final Object Repo/New Registration - Registration Module Pages/Form 1/Registered As a Branch - Yes' is clicked on

2018-12-10 17:30:36 - [MESSAGE][PASSED] - Object: 'Object Repository/Final Object Repo/New Registration - Registration Module Pages/Form 1/Registered As a Branch - Yes' is clicked on

2018-12-10 17:30:36 - [TEST_STEP][NOT_RUN] - verifyElementPresent: NOT_RUN: verifyElementPresent

2018-12-10 17:30:36 - [MESSAGE][NOT_RUN] - NOT_RUN: verifyElementPresent

2018-12-10 17:30:36 - [TEST_STEP][PASSED] - check: Object 'Object Repository/Final Object Repo/New Registration - Registration Module Pages/Form 1/Acknowledgement' is checked

2018-12-10 17:30:36 - [MESSAGE][PASSED] - Object 'Object Repository/Final Object Repo/New Registration - Registration Module Pages/Form 1/Acknowledgement' is checked

2018-12-10 17:30:36 - [TEST_STEP][PASSED] - setText: Text 'perkeso' is set on object 'Object Repository/Final Object Repo/New Registration - Registration Module Pages/Form 1/Industry name'

2018-12-10 17:30:36 - [MESSAGE][PASSED] - Text 'perkeso' is set on object 'Object Repository/Final Object Repo/New Registration - Registration Module Pages/Form 1/Industry name'

2018-12-10 17:30:36 - [TEST_STEP][PASSED] - setText: Text 'perkeso1' is set on object 'Object Repository/Final Object Repo/New Registration - Registration Module Pages/Form 1/Postal Address1'

2018-12-10 17:30:36 - [MESSAGE][PASSED] - Text 'perkeso1' is set on object 'Object Repository/Final Object Repo/New Registration - Registration Module Pages/Form 1/Postal Address1'

2018-12-10 17:30:36 - [TEST_STEP][PASSED] - setText: Text 'perkeso2' is set on object 'Object Repository/Final Object Repo/New Registration - Registration Module Pages/Form 1/Postal Address2'

2018-12-10 17:30:37 - [MESSAGE][PASSED] - Text 'perkeso2' is set on object 'Object Repository/Final Object Repo/New Registration - Registration Module Pages/Form 1/Postal Address2'

2018-12-10 17:30:37 - [TEST_STEP][PASSED] - setText: Text 'perkeso3' is set on object 'Object Repository/Final Object Repo/New Registration - Registration Module Pages/Form 1/Postal Address3'

2018-12-10 17:30:37 - [MESSAGE][PASSED] - Text 'perkeso3' is set on object 'Object Repository/Final Object Repo/New Registration - Registration Module Pages/Form 1/Postal Address3'

2018-12-10 17:30:37 - [TEST_STEP][PASSED] - click: Object: 'Object Repository/Final Object Repo/New Registration - Registration Module Pages/Form 1/State' is clicked on

2018-12-10 17:30:37 - [MESSAGE][PASSED] - Object: 'Object Repository/Final Object Repo/New Registration - Registration Module Pages/Form 1/State' is clicked on

2018-12-10 17:30:37 - [TEST_STEP][PASSED] - click: Object: 'Object Repository/Final Object Repo/New Registration - Registration Module Pages/Form 1/State - Johor' is clicked on

2018-12-10 17:30:38 - [MESSAGE][PASSED] - Object: 'Object Repository/Final Object Repo/New Registration - Registration Module Pages/Form 1/State - Johor' is clicked on

2018-12-10 17:30:38 - [TEST_STEP][PASSED] - delay: Delayed 1 second(s)

2018-12-10 17:30:39 - [MESSAGE][PASSED] - Delayed 1 second(s)

2018-12-10 17:30:39 - [TEST_STEP][PASSED] - click: Object: 'Object Repository/Final Object Repo/New Registration - Registration Module Pages/Form 1/City' is clicked on

2018-12-10 17:30:39 - [MESSAGE][PASSED] - Object: 'Object Repository/Final Object Repo/New Registration - Registration Module Pages/Form 1/City' is clicked on

2018-12-10 17:30:39 - [TEST_STEP][PASSED] - setText: Text 'joh' is set on object 'Object Repository/Final Object Repo/New Registration - Registration Module Pages/Form 1/Postcode - 810'

2018-12-10 17:30:39 - [MESSAGE][PASSED] - Text 'joh' is set on object 'Object Repository/Final Object Repo/New Registration - Registration Module Pages/Form 1/Postcode - 810'

2018-12-10 17:30:39 - [TEST_STEP][PASSED] - delay: Delayed 1 second(s)

2018-12-10 17:30:40 - [MESSAGE][PASSED] - Delayed 1 second(s)

2018-12-10 17:30:40 - [TEST_STEP][PASSED] - click: Object: 'Object Repository/Final Object Repo/New Registration - Registration Module Pages/Form 1/City - Johor Bharu' is clicked on

2018-12-10 17:30:40 - [MESSAGE][PASSED] - Object: 'Object Repository/Final Object Repo/New Registration - Registration Module Pages/Form 1/City - Johor Bharu' is clicked on

2018-12-10 17:30:40 - [TEST_STEP][PASSED] - delay: Delayed 1 second(s)

2018-12-10 17:30:41 - [MESSAGE][PASSED] - Delayed 1 second(s)

2018-12-10 17:30:41 - [TEST_STEP][PASSED] - click: Object: 'Object Repository/Final Object Repo/New Registration - Registration Module Pages/Form 1/Postcode' is clicked on

2018-12-10 17:30:41 - [MESSAGE][PASSED] - Object: 'Object Repository/Final Object Repo/New Registration - Registration Module Pages/Form 1/Postcode' is clicked on

2018-12-10 17:30:41 - [TEST_STEP][PASSED] - delay: Delayed 1 second(s)

2018-12-10 17:30:42 - [MESSAGE][PASSED] - Delayed 1 second(s)

2018-12-10 17:30:42 - [TEST_STEP][PASSED] - setText: Text '810' is set on object 'Object Repository/Final Object Repo/New Registration - Registration Module Pages/Form 1/Postcode - 810'

2018-12-10 17:30:42 - [MESSAGE][PASSED] - Text '810' is set on object 'Object Repository/Final Object Repo/New Registration - Registration Module Pages/Form 1/Postcode - 810'

2018-12-10 17:30:42 - [TEST_STEP][PASSED] - delay: Delayed 1 second(s)

2018-12-10 17:30:43 - [MESSAGE][PASSED] - Delayed 1 second(s)

2018-12-10 17:30:43 - [TEST_STEP][PASSED] - click: Object: 'Object Repository/Final Object Repo/New Registration - Registration Module Pages/Form 1/Postcode - 81000' is clicked on

2018-12-10 17:30:44 - [MESSAGE][PASSED] - Object: 'Object Repository/Final Object Repo/New Registration - Registration Module Pages/Form 1/Postcode - 81000' is clicked on

2018-12-10 17:30:44 - [TEST_STEP][PASSED] - delay: Delayed 1 second(s)

2018-12-10 17:30:45 - [MESSAGE][PASSED] - Delayed 1 second(s)

2018-12-10 17:30:45 - [TEST_STEP][PASSED] - setText: Text '100' is set on object 'Object Repository/Final Object Repo/New Registration - Registration Module Pages/Form 1/P.O.BOX'

2018-12-10 17:30:45 - [MESSAGE][PASSED] - Text '100' is set on object 'Object Repository/Final Object Repo/New Registration - Registration Module Pages/Form 1/P.O.BOX'

2018-12-10 17:30:45 - [TEST_STEP][PASSED] - setText: Text '100' is set on object 'Object Repository/Final Object Repo/New Registration - Registration Module Pages/Form 1/Locked Bag No'

2018-12-10 17:30:45 - [MESSAGE][PASSED] - Text '100' is set on object 'Object Repository/Final Object Repo/New Registration - Registration Module Pages/Form 1/Locked Bag No'

2018-12-10 17:30:45 - [TEST_STEP][PASSED] - click: Object: 'Object Repository/Final Object Repo/New Registration - Registration Module Pages/Form 1/SOCSO Office Location' is clicked on

2018-12-10 17:30:45 - [MESSAGE][PASSED] - Object: 'Object Repository/Final Object Repo/New Registration - Registration Module Pages/Form 1/SOCSO Office Location' is clicked on

2018-12-10 17:30:45 - [TEST_STEP][PASSED] - click: Object: 'Object Repository/Final Object Repo/New Registration - Registration Module Pages/Form 1/SOCSO Office Location - Pejabat PERKESO Negeri Johor' is clicked on

2018-12-10 17:30:46 - [MESSAGE][PASSED] - Object: 'Object Repository/Final Object Repo/New Registration - Registration Module Pages/Form 1/SOCSO Office Location - Pejabat PERKESO Negeri Johor' is clicked on

2018-12-10 17:30:46 - [TEST_STEP][PASSED] - delay: Delayed 1 second(s)

2018-12-10 17:30:47 - [MESSAGE][PASSED] - Delayed 1 second(s)

2018-12-10 17:30:47 - [TEST_STEP][PASSED] - check: Object 'Object Repository/Final Object Repo/New Registration - Registration Module Pages/Form 1/Indusrty Address Same As Postal Address' is checked

2018-12-10 17:30:47 - [MESSAGE][PASSED] - Object 'Object Repository/Final Object Repo/New Registration - Registration Module Pages/Form 1/Indusrty Address Same As Postal Address' is checked

2018-12-10 17:30:47 - [TEST_STEP][PASSED] - delay: Delayed 3 second(s)

2018-12-10 17:30:50 - [MESSAGE][PASSED] - Delayed 3 second(s)

2018-12-10 17:30:50 - [TEST_STEP][PASSED] - click: Object: 'Object Repository/Final Object Repo/New Registration - Registration Module Pages/Form 1/Indusry Address Same As Postal Address False' is clicked on

2018-12-10 17:30:50 - [MESSAGE][PASSED] - Object: 'Object Repository/Final Object Repo/New Registration - Registration Module Pages/Form 1/Indusry Address Same As Postal Address False' is clicked on

2018-12-10 17:30:50 - [TEST_STEP][PASSED] - delay: Delayed 1 second(s)

2018-12-10 17:30:51 - [MESSAGE][PASSED] - Delayed 1 second(s)

2018-12-10 17:30:51 - [TEST_STEP][PASSED] - setText: Text 'perkeso1' is set on object 'Object Repository/Final Object Repo/New Registration - Registration Module Pages/Form 1/Industry Address1'

2018-12-10 17:30:51 - [MESSAGE][PASSED] - Text 'perkeso1' is set on object 'Object Repository/Final Object Repo/New Registration - Registration Module Pages/Form 1/Industry Address1'

2018-12-10 17:30:51 - [TEST_STEP][PASSED] - setText: Text 'perkeso2' is set on object 'Object Repository/Final Object Repo/New Registration - Registration Module Pages/Form 1/Industry Address2'

2018-12-10 17:30:52 - [MESSAGE][PASSED] - Text 'perkeso2' is set on object 'Object Repository/Final Object Repo/New Registration - Registration Module Pages/Form 1/Industry Address2'

2018-12-10 17:30:52 - [TEST_STEP][PASSED] - setText: Text 'perkeso3' is set on object 'Object Repository/Final Object Repo/New Registration - Registration Module Pages/Form 1/Industry Address3'

2018-12-10 17:30:52 - [MESSAGE][PASSED] - Text 'perkeso3' is set on object 'Object Repository/Final Object Repo/New Registration - Registration Module Pages/Form 1/Industry Address3'

2018-12-10 17:30:52 - [TEST_STEP][PASSED] - click: Object: 'Object Repository/Final Object Repo/New Registration - Registration Module Pages/Form 1/Industry State' is clicked on

2018-12-10 17:30:52 - [MESSAGE][PASSED] - Object: 'Object Repository/Final Object Repo/New Registration - Registration Module Pages/Form 1/Industry State' is clicked on

2018-12-10 17:30:52 - [TEST_STEP][PASSED] - delay: Delayed 2 second(s)

2018-12-10 17:30:54 - [MESSAGE][PASSED] - Delayed 2 second(s)

2018-12-10 17:30:54 - [TEST_STEP][PASSED] - click: Object: 'Object Repository/Final Object Repo/New Registration - Registration Module Pages/Form 1/Industry State - Johor' is clicked on

2018-12-10 17:30:55 - [MESSAGE][PASSED] - Object: 'Object Repository/Final Object Repo/New Registration - Registration Module Pages/Form 1/Industry State - Johor' is clicked on

2018-12-10 17:30:55 - [TEST_STEP][PASSED] - delay: Delayed 2 second(s)

2018-12-10 17:30:57 - [MESSAGE][PASSED] - Delayed 2 second(s)

2018-12-10 17:30:57 - [TEST_STEP][PASSED] - click: Object: 'Object Repository/Final Object Repo/New Registration - Registration Module Pages/Form 1/Industry Ciry' is clicked on

2018-12-10 17:30:57 - [MESSAGE][PASSED] - Object: 'Object Repository/Final Object Repo/New Registration - Registration Module Pages/Form 1/Industry Ciry' is clicked on

2018-12-10 17:30:57 - [TEST_STEP][PASSED] - setText: Text 'joh' is set on object 'Object Repository/Final Object Repo/New Registration - Registration Module Pages/Form 1/Industry Ciry - joh'

2018-12-10 17:30:57 - [MESSAGE][PASSED] - Text 'joh' is set on object 'Object Repository/Final Object Repo/New Registration - Registration Module Pages/Form 1/Industry Ciry - joh'

2018-12-10 17:30:57 - [TEST_STEP][PASSED] - delay: Delayed 2 second(s)

2018-12-10 17:30:59 - [MESSAGE][PASSED] - Delayed 2 second(s)

2018-12-10 17:30:59 - [TEST_STEP][PASSED] - click: Object: 'Object Repository/Final Object Repo/New Registration - Registration Module Pages/Form 1/Industy State - Johor Bharu' is clicked on

2018-12-10 17:30:59 - [MESSAGE][PASSED] - Object: 'Object Repository/Final Object Repo/New Registration - Registration Module Pages/Form 1/Industy State - Johor Bharu' is clicked on

2018-12-10 17:30:59 - [TEST_STEP][PASSED] - delay: Delayed 1 second(s)

2018-12-10 17:31:00 - [MESSAGE][PASSED] - Delayed 1 second(s)

2018-12-10 17:31:00 - [TEST_STEP][PASSED] - click: Object: 'Object Repository/Final Object Repo/New Registration - Registration Module Pages/Form 1/Indusry PostCode' is clicked on

2018-12-10 17:31:00 - [MESSAGE][PASSED] - Object: 'Object Repository/Final Object Repo/New Registration - Registration Module Pages/Form 1/Indusry PostCode' is clicked on

2018-12-10 17:31:00 - [TEST_STEP][PASSED] - delay: Delayed 1 second(s)

2018-12-10 17:31:01 - [MESSAGE][PASSED] - Delayed 1 second(s)

2018-12-10 17:31:01 - [TEST_STEP][PASSED] - setText: Text '810' is set on object 'Object Repository/Final Object Repo/New Registration - Registration Module Pages/Form 1/Insutry Post Code - 810'

2018-12-10 17:31:01 - [MESSAGE][PASSED] - Text '810' is set on object 'Object Repository/Final Object Repo/New Registration - Registration Module Pages/Form 1/Insutry Post Code - 810'

2018-12-10 17:31:01 - [TEST_STEP][PASSED] - delay: Delayed 1 second(s)

2018-12-10 17:31:02 - [MESSAGE][PASSED] - Delayed 1 second(s)

2018-12-10 17:31:02 - [TEST_STEP][PASSED] - click: Object: 'Object Repository/Final Object Repo/New Registration - Registration Module Pages/Form 1/Insutry Post Code - 81000' is clicked on

2018-12-10 17:31:03 - [MESSAGE][PASSED] - Object: 'Object Repository/Final Object Repo/New Registration - Registration Module Pages/Form 1/Insutry Post Code - 81000' is clicked on

2018-12-10 17:31:03 - [TEST_STEP][PASSED] - delay: Delayed 1 second(s)

2018-12-10 17:31:04 - [MESSAGE][PASSED] - Delayed 1 second(s)

2018-12-10 17:31:04 - [TEST_STEP][PASSED] - setText: Text '100' is set on object 'Object Repository/Final Object Repo/New Registration - Registration Module Pages/Form 1/Industry P.O.BOX'

2018-12-10 17:31:04 - [MESSAGE][PASSED] - Text '100' is set on object 'Object Repository/Final Object Repo/New Registration - Registration Module Pages/Form 1/Industry P.O.BOX'

2018-12-10 17:31:04 - [TEST_STEP][PASSED] - setText: Text '100' is set on object 'Object Repository/Final Object Repo/New Registration - Registration Module Pages/Form 1/Industry Locked Bag No'

2018-12-10 17:31:04 - [MESSAGE][PASSED] - Text '100' is set on object 'Object Repository/Final Object Repo/New Registration - Registration Module Pages/Form 1/Industry Locked Bag No'

2018-12-10 17:31:04 - [TEST_STEP][PASSED] - setText: Text '123456789' is set on object 'Object Repository/Final Object Repo/New Registration - Registration Module Pages/Form 1/Telephone No'

2018-12-10 17:31:05 - [MESSAGE][PASSED] - Text '123456789' is set on object 'Object Repository/Final Object Repo/New Registration - Registration Module Pages/Form 1/Telephone No'

2018-12-10 17:31:05 - [TEST_STEP][PASSED] - setText: Text '123456789' is set on object 'Object Repository/Final Object Repo/New Registration - Registration Module Pages/Form 1/Mobile No'

2018-12-10 17:31:05 - [MESSAGE][PASSED] - Text '123456789' is set on object 'Object Repository/Final Object Repo/New Registration - Registration Module Pages/Form 1/Mobile No'

2018-12-10 17:31:05 - [TEST_STEP][PASSED] - setText: Text '123456789' is set on object 'Object Repository/Final Object Repo/New Registration - Registration Module Pages/Form 1/Fax No'

2018-12-10 17:31:05 - [MESSAGE][PASSED] - Text '123456789' is set on object 'Object Repository/Final Object Repo/New Registration - Registration Module Pages/Form 1/Fax No'

2018-12-10 17:31:05 - [TEST_STEP][PASSED] - click: Object: 'Object Repository/Final Object Repo/New Registration - Registration Module Pages/Form 1/Industry Code' is clicked on

2018-12-10 17:31:06 - [MESSAGE][PASSED] - Object: 'Object Repository/Final Object Repo/New Registration - Registration Module Pages/Form 1/Industry Code' is clicked on

2018-12-10 17:31:06 - [TEST_STEP][PASSED] - click: Object: 'Object Repository/Final Object Repo/New Registration - Registration Module Pages/Form 1/Indudustry Code - Crops and Animal' is clicked on

2018-12-10 17:31:06 - [MESSAGE][PASSED] - Object: 'Object Repository/Final Object Repo/New Registration - Registration Module Pages/Form 1/Indudustry Code - Crops and Animal' is clicked on

2018-12-10 17:31:06 - [TEST_STEP][PASSED] - delay: Delayed 1 second(s)

2018-12-10 17:31:07 - [MESSAGE][PASSED] - Delayed 1 second(s)

2018-12-10 17:31:07 - [TEST_STEP][PASSED] - click: Object: 'Object Repository/Final Object Repo/New Registration - Registration Module Pages/Form 1/Sub Industry Code List' is clicked on

2018-12-10 17:31:07 - [MESSAGE][PASSED] - Object: 'Object Repository/Final Object Repo/New Registration - Registration Module Pages/Form 1/Sub Industry Code List' is clicked on

2018-12-10 17:31:07 - [TEST_STEP][PASSED] - click: Object: 'Object Repository/Final Object Repo/New Registration - Registration Module Pages/Form 1/Sub Industry Code List - Growing of Maize' is clicked on

2018-12-10 17:31:07 - [MESSAGE][PASSED] - Object: 'Object Repository/Final Object Repo/New Registration - Registration Module Pages/Form 1/Sub Industry Code List - Growing of Maize' is clicked on

2018-12-10 17:31:07 - [TEST_STEP][PASSED] - setText: Text 'perkeso123@gmail.com' is set on object 'Object Repository/Final Object Repo/New Registration - Registration Module Pages/Form 1/Email'

2018-12-10 17:31:08 - [MESSAGE][PASSED] - Text 'perkeso123@gmail.com' is set on object 'Object Repository/Final Object Repo/New Registration - Registration Module Pages/Form 1/Email'

2018-12-10 17:31:08 - [TEST_STEP][PASSED] - click: Object: 'Object Repository/Final Object Repo/New Registration - Registration Module Pages/Form 1/Method of Contribution Payment' is clicked on

2018-12-10 17:31:08 - [MESSAGE][PASSED] - Object: 'Object Repository/Final Object Repo/New Registration - Registration Module Pages/Form 1/Method of Contribution Payment' is clicked on

2018-12-10 17:31:08 - [TEST_STEP][PASSED] - click: Object: 'Object Repository/Final Object Repo/New Registration - Registration Module Pages/Form 1/Method of Contribution Payment - Portal' is clicked on

2018-12-10 17:31:08 - [MESSAGE][PASSED] - Object: 'Object Repository/Final Object Repo/New Registration - Registration Module Pages/Form 1/Method of Contribution Payment - Portal' is clicked on

2018-12-10 17:31:08 - [TEST_STEP][PASSED] - click: Object: 'Object Repository/Final Object Repo/New Registration - Registration Module Pages/Form 1/Servide Type' is clicked on

2018-12-10 17:31:08 - [MESSAGE][PASSED] - Object: 'Object Repository/Final Object Repo/New Registration - Registration Module Pages/Form 1/Servide Type' is clicked on

2018-12-10 17:31:08 - [TEST_STEP][PASSED] - click: Object: 'Object Repository/Final Object Repo/New Registration - Registration Module Pages/Form 1/Servide Type - Professional Bodies' is clicked on

2018-12-10 17:31:09 - [MESSAGE][PASSED] - Object: 'Object Repository/Final Object Repo/New Registration - Registration Module Pages/Form 1/Servide Type - Professional Bodies' is clicked on

2018-12-10 17:31:09 - [TEST_STEP][PASSED] - click: Object: 'Object Repository/Final Object Repo/New Registration - Registration Module Pages/Form 1/Industry Venue' is clicked on

2018-12-10 17:31:09 - [MESSAGE][PASSED] - Object: 'Object Repository/Final Object Repo/New Registration - Registration Module Pages/Form 1/Industry Venue' is clicked on

2018-12-10 17:31:09 - [TEST_STEP][PASSED] - click: Object: 'Object Repository/Final Object Repo/New Registration - Registration Module Pages/Form 1/Industry Venue -  PPN JOHOR' is clicked on

2018-12-10 17:31:09 - [MESSAGE][PASSED] - Object: 'Object Repository/Final Object Repo/New Registration - Registration Module Pages/Form 1/Industry Venue -  PPN JOHOR' is clicked on

2018-12-10 17:31:09 - [TEST_STEP][PASSED] - click: Object: 'Object Repository/Final Object Repo/New Registration - Registration Module Pages/Form 1/Save  Continue' is clicked on

2018-12-10 17:31:09 - [MESSAGE][PASSED] - Object: 'Object Repository/Final Object Repo/New Registration - Registration Module Pages/Form 1/Save  Continue' is clicked on

2018-12-10 17:31:09 - [MESSAGE][PASSED] - Call Test Case 'Test Cases/Final Aug 2018 - PKS Automation/Registration Module/New Registration/Form 1/Form 1 - Other - Cooperative' successfully

2018-12-10 17:31:09 - [TEST_STEP][PASSED] - callTestCase: Call Test Case 'Test Cases/Final Aug 2018 - PKS Automation/Registration Module/New Registration/Form 2/Add 2 Eligible 2 Not Eligible' successfully

2018-12-10 17:31:09 - [TEST_CASE][PASSED] - Test Cases/Final Aug 2018 - PKS Automation/Registration Module/New Registration/Form 2/Add 2 Eligible 2 Not Eligible: Test Cases/Final Aug 2018 - PKS Automation/Registration Module/New Registration/Form 2/Add 2 Eligible 2 Not Eligible

2018-12-10 17:31:09 - [TEST_STEP][PASSED] - delay: Delayed 2 second(s)

2018-12-10 17:31:11 - [MESSAGE][PASSED] - Delayed 2 second(s)

2018-12-10 17:31:11 - [TEST_STEP][PASSED] - callTestCase: Call Test Case 'Test Cases/Final Aug 2018 - PKS Automation/Registration Module/New Registration/Form 2/Date Updater' successfully

2018-12-10 17:31:11 - [TEST_CASE][PASSED] - Test Cases/Final Aug 2018 - PKS Automation/Registration Module/New Registration/Form 2/Date Updater: Test Cases/Final Aug 2018 - PKS Automation/Registration Module/New Registration/Form 2/Date Updater

2018-12-10 17:31:11 - [TEST_STEP][PASSED] - Statement - TodayDate = new java.util.Date(): null

2018-12-10 17:31:11 - [TEST_STEP][PASSED] - Statement - CurrentDateNoFilter = new java.text.SimpleDateFormat(): null

2018-12-10 17:31:11 - [TEST_STEP][PASSED] - Statement - CurrentDateNoFilter.applyPattern("MM"): null

2018-12-10 17:31:11 - [TEST_STEP][PASSED] - Statement - monthContainerMatcher = java.lang.Integer.parseInt(CurrentDateNoFilter.format(TodayDate)): null

2018-12-10 17:31:11 - [TEST_STEP][PASSED] - Statement - monthContainerMatcher = monthContainerMatcher - 1: null

2018-12-10 17:31:11 - [TEST_STEP][PASSED] - Statement - CurrentMonth = monthContainerMatcher.toString(): null

2018-12-10 17:31:11 - [TEST_STEP][PASSED] - Statement - CurrentMonth = CurrentMonth: null

2018-12-10 17:31:11 - [TEST_STEP][PASSED] - Statement - CurrentDateNoFilter.applyPattern("yyyy"): null

2018-12-10 17:31:11 - [TEST_STEP][PASSED] - Statement - CurrentYear = CurrentDateNoFilter.format(TodayDate): null

2018-12-10 17:31:11 - [TEST_STEP][PASSED] - Statement - CurrentYear = CurrentYear: null

2018-12-10 17:31:11 - [TEST_STEP][PASSED] - Statement - intCurrentYear = java.lang.Integer.parseInt(CurrentDateNoFilter.format(TodayDate)): null

2018-12-10 17:31:11 - [TEST_STEP][PASSED] - Statement - eighteenYrsAgo = intCurrentYear - 18: null

2018-12-10 17:31:11 - [TEST_STEP][PASSED] - Statement - eighteenYrsBeforeThisYr = eighteenYrsAgo.toString(): null

2018-12-10 17:31:11 - [TEST_STEP][PASSED] - Statement - EighteenYrsBefore = eighteenYrsBeforeThisYr: null

2018-12-10 17:31:11 - [TEST_STEP][PASSED] - Statement - fiftysevenYrsAgo = intCurrentYear - 57: null

2018-12-10 17:31:11 - [TEST_STEP][PASSED] - Statement - fiftysevenYrsBeforeThisYr = fiftysevenYrsAgo.toString(): null

2018-12-10 17:31:11 - [TEST_STEP][PASSED] - Statement - FiftysevenYrsBefore = fiftysevenYrsBeforeThisYr: null

2018-12-10 17:31:11 - [TEST_STEP][PASSED] - Statement - leapYear = false: null

2018-12-10 17:31:11 - [TEST_STEP][PASSED] - Statement - leapYear = intCurrentYear % 4 == 0: null

2018-12-10 17:31:11 - [TEST_STEP][PASSED] - Statement - CurrentDateNoFilter.applyPattern("dd"): null

2018-12-10 17:31:11 - [TEST_STEP][PASSED] - Statement - CurrentDate = CurrentDateNoFilter.format(TodayDate): null

2018-12-10 17:31:11 - [TEST_STEP][PASSED] - Statement - CurrentDate = java.lang.Integer.parseInt(CurrentDate): null

2018-12-10 17:31:11 - [TEST_STEP][PASSED] - Statement - CurrentDate = CurrentDate: null

2018-12-10 17:31:11 - [TEST_STEP][PASSED] - Statement - CurrentDay = java.lang.Integer.parseInt(CurrentDate): null

2018-12-10 17:31:11 - [TEST_STEP][PASSED] - Statement - ConfAdder = <not implemented yet for class: org.codehaus.groovy.ast.expr.EmptyExpression>: null

2018-12-10 17:31:11 - [TEST_STEP][PASSED] - Statement - out.println(CurrentMonth): null

2018-12-10 17:31:11 - [TEST_STEP][PASSED] - Statement - out.println(CurrentDate): null

2018-12-10 17:31:11 - [TEST_STEP][PASSED] - Statement - switch (CurrentDate): null

2018-12-10 17:31:11 - [TEST_STEP][PASSED] - Statement - Default: null

2018-12-10 17:31:11 - [TEST_STEP][PASSED] - Statement - ConfAdder = true: null

2018-12-10 17:31:11 - [TEST_STEP][PASSED] - Statement - Break: null

2018-12-10 17:31:11 - [TEST_STEP][PASSED] - Statement - aDayBefore = <not implemented yet for class: org.codehaus.groovy.ast.expr.EmptyExpression>: null

2018-12-10 17:31:11 - [TEST_STEP][PASSED] - Statement - out.println(ConfAdder): null

2018-12-10 17:31:11 - [TEST_STEP][PASSED] - Statement - If (ConfAdder == true): null

2018-12-10 17:31:11 - [TEST_STEP][PASSED] - Statement - aDayBefore = CurrentDay + 1: null

2018-12-10 17:31:11 - [TEST_STEP][PASSED] - Statement - out.println(aDayBefore): null

2018-12-10 17:31:11 - [TEST_STEP][PASSED] - Statement - If (aDayBefore == 1 && CurrentMonth == 11): null

2018-12-10 17:31:11 - [TEST_STEP][PASSED] - Statement - DayBefore = aDayBefore.toString(): null

2018-12-10 17:31:11 - [TEST_STEP][PASSED] - Statement - OneDayBefore = DayBefore: null

2018-12-10 17:31:11 - [MESSAGE][PASSED] - Call Test Case 'Test Cases/Final Aug 2018 - PKS Automation/Registration Module/New Registration/Form 2/Date Updater' successfully

2018-12-10 17:31:11 - [TEST_STEP][PASSED] - delay: Delayed 1 second(s)

2018-12-10 17:31:12 - [MESSAGE][PASSED] - Delayed 1 second(s)

2018-12-10 17:31:12 - [TEST_STEP][PASSED] - Statement - CaseReferenceNo = com.kms.katalon.core.webui.keyword.WebUiBuiltInKeywords.getText(com.kms.katalon.core.testobject.ObjectRepository.findTestObject(Final Object Repo/New Registration - Registration Module Pages/Form 2/RefNo Acquiring)): Text of object 'Object Repository/Final Object Repo/New Registration - Registration Module Pages/Form 2/RefNo Acquiring' is: 'CRN12201800123136'

2018-12-10 17:31:13 - [MESSAGE][PASSED] - Text of object 'Object Repository/Final Object Repo/New Registration - Registration Module Pages/Form 2/RefNo Acquiring' is: 'CRN12201800123136'

2018-12-10 17:31:13 - [TEST_STEP][PASSED] - delay: Delayed 1 second(s)

2018-12-10 17:31:14 - [MESSAGE][PASSED] - Delayed 1 second(s)

2018-12-10 17:31:14 - [TEST_STEP][PASSED] - click: Object: 'Object Repository/Final Object Repo/New Registration - Registration Module Pages/Form 2/Add Employee Button' is clicked on

2018-12-10 17:31:14 - [MESSAGE][PASSED] - Object: 'Object Repository/Final Object Repo/New Registration - Registration Module Pages/Form 2/Add Employee Button' is clicked on

2018-12-10 17:31:14 - [TEST_STEP][PASSED] - delay: Delayed 4 second(s)

2018-12-10 17:31:18 - [MESSAGE][PASSED] - Delayed 4 second(s)

2018-12-10 17:31:18 - [TEST_STEP][PASSED] - setText: Text '010903091927' is set on object 'Object Repository/Final Object Repo/New Registration - Registration Module Pages/Form 2/NRIC Input'

2018-12-10 17:31:18 - [MESSAGE][PASSED] - Text '010903091927' is set on object 'Object Repository/Final Object Repo/New Registration - Registration Module Pages/Form 2/NRIC Input'

2018-12-10 17:31:18 - [TEST_STEP][PASSED] - click: Object: 'Object Repository/Final Object Repo/New Registration - Registration Module Pages/Form 2/button for search for IC' is clicked on

2018-12-10 17:31:18 - [MESSAGE][PASSED] - Object: 'Object Repository/Final Object Repo/New Registration - Registration Module Pages/Form 2/button for search for IC' is clicked on

2018-12-10 17:31:18 - [TEST_STEP][PASSED] - delay: Delayed 2 second(s)

2018-12-10 17:31:20 - [MESSAGE][PASSED] - Delayed 2 second(s)

2018-12-10 17:31:20 - [TEST_STEP][PASSED] - setText: Text 'Automate001 eligible 1' is set on object 'Object Repository/Final Object Repo/New Registration - Registration Module Pages/Form 2/Employee Name Input'

2018-12-10 17:31:21 - [MESSAGE][PASSED] - Text 'Automate001 eligible 1' is set on object 'Object Repository/Final Object Repo/New Registration - Registration Module Pages/Form 2/Employee Name Input'

2018-12-10 17:31:21 - [TEST_STEP][PASSED] - delay: Delayed 2 second(s)

2018-12-10 17:31:23 - [MESSAGE][PASSED] - Delayed 2 second(s)

2018-12-10 17:31:23 - [TEST_STEP][PASSED] - click: Object: 'Object Repository/Final Object Repo/New Registration - Registration Module Pages/Form 2/DatePicker Pop Up' is clicked on

2018-12-10 17:31:23 - [MESSAGE][PASSED] - Object: 'Object Repository/Final Object Repo/New Registration - Registration Module Pages/Form 2/DatePicker Pop Up' is clicked on

2018-12-10 17:31:23 - [TEST_STEP][PASSED] - click: Object: 'Object Repository/Final Object Repo/New Registration - Registration Module Pages/Form 2/DOB Month' is clicked on

2018-12-10 17:31:23 - [MESSAGE][PASSED] - Object: 'Object Repository/Final Object Repo/New Registration - Registration Module Pages/Form 2/DOB Month' is clicked on

2018-12-10 17:31:23 - [TEST_STEP][PASSED] - Statement - CurrentMonth = CurrentMonth: null

2018-12-10 17:31:23 - [TEST_STEP][PASSED] - Statement - selectMonth = new com.kms.katalon.core.testobject.TestObject(): null

2018-12-10 17:31:23 - [TEST_STEP][PASSED] - Statement - selectMonth.addProperty("xpath", EQUALS, "//body/div/div/div/select/option[@value='" + CurrentMonth + "']", true): null

2018-12-10 17:31:23 - [TEST_STEP][PASSED] - click: Object: '' is clicked on

2018-12-10 17:31:23 - [MESSAGE][PASSED] - Object: '' is clicked on

2018-12-10 17:31:23 - [TEST_STEP][PASSED] - click: Object: 'Object Repository/Final Object Repo/New Registration - Registration Module Pages/Form 2/DOB Year' is clicked on

2018-12-10 17:31:23 - [MESSAGE][PASSED] - Object: 'Object Repository/Final Object Repo/New Registration - Registration Module Pages/Form 2/DOB Year' is clicked on

2018-12-10 17:31:23 - [TEST_STEP][PASSED] - Statement - Eyearsbf = EighteenYrsBefore: null

2018-12-10 17:31:23 - [TEST_STEP][PASSED] - Statement - selectYear = new com.kms.katalon.core.testobject.TestObject(): null

2018-12-10 17:31:23 - [TEST_STEP][PASSED] - Statement - selectYear.addProperty("xpath", EQUALS, "//div/div/div/select/option[@value='" + Eyearsbf + "']", true): null

2018-12-10 17:31:23 - [TEST_STEP][PASSED] - click: Object: '' is clicked on

2018-12-10 17:31:24 - [MESSAGE][PASSED] - Object: '' is clicked on

2018-12-10 17:31:24 - [TEST_STEP][PASSED] - Statement - UpdatedSelectDate = com.kms.katalon.core.webui.keyword.WebUiBuiltInKeywords.modifyObjectProperty(com.kms.katalon.core.testobject.ObjectRepository.findTestObject(Final Object Repo/New Registration - Registration Module Pages/Form 2/DOB Date), "xpath", "equals", "//body/div/table/tbody/tr/td/a[text()="" + CurrentDate + ""]", true): Modify property of object successfully

2018-12-10 17:31:24 - [MESSAGE][PASSED] - Modify property of object successfully

2018-12-10 17:31:24 - [TEST_STEP][PASSED] - delay: Delayed 3 second(s)

2018-12-10 17:31:27 - [MESSAGE][PASSED] - Delayed 3 second(s)

2018-12-10 17:31:27 - [TEST_STEP][PASSED] - click: Object: 'Object Repository/Final Object Repo/New Registration - Registration Module Pages/Form 2/DOB Date' is clicked on

2018-12-10 17:31:27 - [MESSAGE][PASSED] - Object: 'Object Repository/Final Object Repo/New Registration - Registration Module Pages/Form 2/DOB Date' is clicked on

2018-12-10 17:31:27 - [TEST_STEP][PASSED] - delay: Delayed 2 second(s)

2018-12-10 17:31:29 - [MESSAGE][PASSED] - Delayed 2 second(s)

2018-12-10 17:31:29 - [TEST_STEP][PASSED] - click: Object: 'Object Repository/Final Object Repo/New Registration - Registration Module Pages/Form 2/EmploymentStartDate Pop Up' is clicked on

2018-12-10 17:31:29 - [MESSAGE][PASSED] - Object: 'Object Repository/Final Object Repo/New Registration - Registration Module Pages/Form 2/EmploymentStartDate Pop Up' is clicked on

2018-12-10 17:31:29 - [TEST_STEP][PASSED] - delay: Delayed 2 second(s)

2018-12-10 17:31:31 - [MESSAGE][PASSED] - Delayed 2 second(s)

2018-12-10 17:31:31 - [TEST_STEP][PASSED] - click: Object: 'Object Repository/Final Object Repo/New Registration - Registration Module Pages/Form 2/Socso Employment StartDate Month' is clicked on

2018-12-10 17:31:31 - [MESSAGE][PASSED] - Object: 'Object Repository/Final Object Repo/New Registration - Registration Module Pages/Form 2/Socso Employment StartDate Month' is clicked on

2018-12-10 17:31:31 - [TEST_STEP][PASSED] - delay: Delayed 1 second(s)

2018-12-10 17:31:32 - [MESSAGE][PASSED] - Delayed 1 second(s)

2018-12-10 17:31:32 - [TEST_STEP][PASSED] - click: Object: 'Object Repository/Final Object Repo/New Registration - Registration Module Pages/Form 2/Select Socso Employement Startdate Month' is clicked on

2018-12-10 17:31:32 - [MESSAGE][PASSED] - Object: 'Object Repository/Final Object Repo/New Registration - Registration Module Pages/Form 2/Select Socso Employement Startdate Month' is clicked on

2018-12-10 17:31:32 - [TEST_STEP][PASSED] - delay: Delayed 2 second(s)

2018-12-10 17:31:34 - [MESSAGE][PASSED] - Delayed 2 second(s)

2018-12-10 17:31:34 - [TEST_STEP][PASSED] - click: Object: 'Object Repository/Final Object Repo/New Registration - Registration Module Pages/Form 2/Socso Employment StartDate Year' is clicked on

2018-12-10 17:31:34 - [MESSAGE][PASSED] - Object: 'Object Repository/Final Object Repo/New Registration - Registration Module Pages/Form 2/Socso Employment StartDate Year' is clicked on

2018-12-10 17:31:34 - [TEST_STEP][PASSED] - delay: Delayed 1 second(s)

2018-12-10 17:31:35 - [MESSAGE][PASSED] - Delayed 1 second(s)

2018-12-10 17:31:35 - [TEST_STEP][PASSED] - click: Object: 'Object Repository/Final Object Repo/New Registration - Registration Module Pages/Form 2/Select Socso Employment Startdate Year' is clicked on

2018-12-10 17:31:36 - [MESSAGE][PASSED] - Object: 'Object Repository/Final Object Repo/New Registration - Registration Module Pages/Form 2/Select Socso Employment Startdate Year' is clicked on

2018-12-10 17:31:36 - [TEST_STEP][PASSED] - delay: Delayed 2 second(s)

2018-12-10 17:31:38 - [MESSAGE][PASSED] - Delayed 2 second(s)

2018-12-10 17:31:38 - [TEST_STEP][PASSED] - click: Object: 'Object Repository/Final Object Repo/New Registration - Registration Module Pages/Form 2/Socso Employment Start Date Day' is clicked on

2018-12-10 17:31:38 - [MESSAGE][PASSED] - Object: 'Object Repository/Final Object Repo/New Registration - Registration Module Pages/Form 2/Socso Employment Start Date Day' is clicked on

2018-12-10 17:31:38 - [TEST_STEP][PASSED] - delay: Delayed 2 second(s)

2018-12-10 17:31:40 - [MESSAGE][PASSED] - Delayed 2 second(s)

2018-12-10 17:31:40 - [TEST_STEP][PASSED] - click: Object: 'Object Repository/Final Object Repo/New Registration - Registration Module Pages/Form 2/Save Button for Add Employee' is clicked on

2018-12-10 17:31:40 - [MESSAGE][PASSED] - Object: 'Object Repository/Final Object Repo/New Registration - Registration Module Pages/Form 2/Save Button for Add Employee' is clicked on

2018-12-10 17:31:40 - [TEST_STEP][PASSED] - delay: Delayed 6 second(s)

2018-12-10 17:31:46 - [MESSAGE][PASSED] - Delayed 6 second(s)

2018-12-10 17:31:46 - [TEST_STEP][PASSED] - click: Object: 'Object Repository/Final Object Repo/New Registration - Registration Module Pages/Form 2/Add Employee Button' is clicked on

2018-12-10 17:31:46 - [MESSAGE][PASSED] - Object: 'Object Repository/Final Object Repo/New Registration - Registration Module Pages/Form 2/Add Employee Button' is clicked on

2018-12-10 17:31:46 - [TEST_STEP][PASSED] - delay: Delayed 4 second(s)

2018-12-10 17:31:50 - [MESSAGE][PASSED] - Delayed 4 second(s)

2018-12-10 17:31:50 - [TEST_STEP][PASSED] - setText: Text '620904059691' is set on object 'Object Repository/Final Object Repo/New Registration - Registration Module Pages/Form 2/NRIC Input'

2018-12-10 17:31:50 - [MESSAGE][PASSED] - Text '620904059691' is set on object 'Object Repository/Final Object Repo/New Registration - Registration Module Pages/Form 2/NRIC Input'

2018-12-10 17:31:50 - [TEST_STEP][PASSED] - click: Object: 'Object Repository/Final Object Repo/New Registration - Registration Module Pages/Form 2/button for search for IC' is clicked on

2018-12-10 17:31:51 - [MESSAGE][PASSED] - Object: 'Object Repository/Final Object Repo/New Registration - Registration Module Pages/Form 2/button for search for IC' is clicked on

2018-12-10 17:31:51 - [TEST_STEP][PASSED] - delay: Delayed 2 second(s)

2018-12-10 17:31:53 - [MESSAGE][PASSED] - Delayed 2 second(s)

2018-12-10 17:31:53 - [TEST_STEP][PASSED] - setText: Text 'Automate001 eligible 2' is set on object 'Object Repository/Final Object Repo/New Registration - Registration Module Pages/Form 2/Employee Name Input'

2018-12-10 17:31:53 - [MESSAGE][PASSED] - Text 'Automate001 eligible 2' is set on object 'Object Repository/Final Object Repo/New Registration - Registration Module Pages/Form 2/Employee Name Input'

2018-12-10 17:31:53 - [TEST_STEP][PASSED] - delay: Delayed 2 second(s)

2018-12-10 17:31:55 - [MESSAGE][PASSED] - Delayed 2 second(s)

2018-12-10 17:31:55 - [TEST_STEP][PASSED] - click: Object: 'Object Repository/Final Object Repo/New Registration - Registration Module Pages/Form 2/DatePicker Pop Up' is clicked on

2018-12-10 17:31:55 - [MESSAGE][PASSED] - Object: 'Object Repository/Final Object Repo/New Registration - Registration Module Pages/Form 2/DatePicker Pop Up' is clicked on

2018-12-10 17:31:55 - [TEST_STEP][PASSED] - delay: Delayed 2 second(s)

2018-12-10 17:31:57 - [MESSAGE][PASSED] - Delayed 2 second(s)

2018-12-10 17:31:57 - [TEST_STEP][PASSED] - click: Object: 'Object Repository/Final Object Repo/New Registration - Registration Module Pages/Form 2/DOB Month' is clicked on

2018-12-10 17:31:58 - [MESSAGE][PASSED] - Object: 'Object Repository/Final Object Repo/New Registration - Registration Module Pages/Form 2/DOB Month' is clicked on

2018-12-10 17:31:58 - [TEST_STEP][PASSED] - Statement - selectMonth = com.kms.katalon.core.webui.keyword.WebUiBuiltInKeywords.modifyObjectProperty(selectMonth, "xpath", "equals", "//body/div/div/div/select/option[@value="" + CurrentMonth + ""]", true): Modify property of object successfully

2018-12-10 17:31:58 - [MESSAGE][PASSED] - Modify property of object successfully

2018-12-10 17:31:58 - [TEST_STEP][PASSED] - click: Object: '' is clicked on

2018-12-10 17:31:58 - [MESSAGE][PASSED] - Object: '' is clicked on

2018-12-10 17:31:58 - [TEST_STEP][PASSED] - click: Object: 'Object Repository/Final Object Repo/New Registration - Registration Module Pages/Form 2/DOB Year' is clicked on

2018-12-10 17:31:58 - [MESSAGE][PASSED] - Object: 'Object Repository/Final Object Repo/New Registration - Registration Module Pages/Form 2/DOB Year' is clicked on

2018-12-10 17:31:58 - [TEST_STEP][PASSED] - Statement - selectYear = com.kms.katalon.core.webui.keyword.WebUiBuiltInKeywords.modifyObjectProperty(selectYear, "xpath", "equals", "//div/div/div/select/option[@value="" + FiftysevenYrsBefore + ""]", true): Modify property of object successfully

2018-12-10 17:31:58 - [MESSAGE][PASSED] - Modify property of object successfully

2018-12-10 17:31:58 - [TEST_STEP][PASSED] - click: Object: '' is clicked on

2018-12-10 17:31:58 - [MESSAGE][PASSED] - Object: '' is clicked on

2018-12-10 17:31:58 - [TEST_STEP][PASSED] - Statement - UpdatedSelectDate = com.kms.katalon.core.webui.keyword.WebUiBuiltInKeywords.modifyObjectProperty(com.kms.katalon.core.testobject.ObjectRepository.findTestObject(Final Object Repo/New Registration - Registration Module Pages/Form 2/DOB Date), "xpath", "equals", "//body/div/table/tbody/tr/td/a[text()="" + OneDayBefore + ""]", true): Modify property of object successfully

2018-12-10 17:31:58 - [MESSAGE][PASSED] - Modify property of object successfully

2018-12-10 17:31:58 - [TEST_STEP][PASSED] - click: Object: 'Object Repository/Final Object Repo/New Registration - Registration Module Pages/Form 2/DOB Date' is clicked on

2018-12-10 17:31:58 - [MESSAGE][PASSED] - Object: 'Object Repository/Final Object Repo/New Registration - Registration Module Pages/Form 2/DOB Date' is clicked on

2018-12-10 17:31:58 - [TEST_STEP][PASSED] - delay: Delayed 2 second(s)

2018-12-10 17:32:00 - [MESSAGE][PASSED] - Delayed 2 second(s)

2018-12-10 17:32:00 - [TEST_STEP][PASSED] - click: Object: 'Object Repository/Final Object Repo/New Registration - Registration Module Pages/Form 2/EmploymentStartDate Pop Up' is clicked on

2018-12-10 17:32:00 - [MESSAGE][PASSED] - Object: 'Object Repository/Final Object Repo/New Registration - Registration Module Pages/Form 2/EmploymentStartDate Pop Up' is clicked on

2018-12-10 17:32:00 - [TEST_STEP][PASSED] - delay: Delayed 2 second(s)

2018-12-10 17:32:02 - [MESSAGE][PASSED] - Delayed 2 second(s)

2018-12-10 17:32:02 - [TEST_STEP][PASSED] - click: Object: 'Object Repository/Final Object Repo/New Registration - Registration Module Pages/Form 2/Socso Employment StartDate Month' is clicked on

2018-12-10 17:32:02 - [MESSAGE][PASSED] - Object: 'Object Repository/Final Object Repo/New Registration - Registration Module Pages/Form 2/Socso Employment StartDate Month' is clicked on

2018-12-10 17:32:02 - [TEST_STEP][PASSED] - delay: Delayed 1 second(s)

2018-12-10 17:32:03 - [MESSAGE][PASSED] - Delayed 1 second(s)

2018-12-10 17:32:03 - [TEST_STEP][PASSED] - click: Object: 'Object Repository/Final Object Repo/New Registration - Registration Module Pages/Form 2/Select Socso Employement Startdate Month' is clicked on

2018-12-10 17:32:04 - [MESSAGE][PASSED] - Object: 'Object Repository/Final Object Repo/New Registration - Registration Module Pages/Form 2/Select Socso Employement Startdate Month' is clicked on

2018-12-10 17:32:04 - [TEST_STEP][PASSED] - delay: Delayed 2 second(s)

2018-12-10 17:32:06 - [MESSAGE][PASSED] - Delayed 2 second(s)

2018-12-10 17:32:06 - [TEST_STEP][PASSED] - click: Object: 'Object Repository/Final Object Repo/New Registration - Registration Module Pages/Form 2/Socso Employment StartDate Year' is clicked on

2018-12-10 17:32:06 - [MESSAGE][PASSED] - Object: 'Object Repository/Final Object Repo/New Registration - Registration Module Pages/Form 2/Socso Employment StartDate Year' is clicked on

2018-12-10 17:32:06 - [TEST_STEP][PASSED] - delay: Delayed 1 second(s)

2018-12-10 17:32:07 - [MESSAGE][PASSED] - Delayed 1 second(s)

2018-12-10 17:32:07 - [TEST_STEP][PASSED] - click: Object: 'Object Repository/Final Object Repo/New Registration - Registration Module Pages/Form 2/Select Socso Employment Startdate Year' is clicked on

2018-12-10 17:32:07 - [MESSAGE][PASSED] - Object: 'Object Repository/Final Object Repo/New Registration - Registration Module Pages/Form 2/Select Socso Employment Startdate Year' is clicked on

2018-12-10 17:32:07 - [TEST_STEP][PASSED] - delay: Delayed 2 second(s)

2018-12-10 17:32:09 - [MESSAGE][PASSED] - Delayed 2 second(s)

2018-12-10 17:32:09 - [TEST_STEP][PASSED] - click: Object: 'Object Repository/Final Object Repo/New Registration - Registration Module Pages/Form 2/Socso Employment Start Date Day' is clicked on

2018-12-10 17:32:09 - [MESSAGE][PASSED] - Object: 'Object Repository/Final Object Repo/New Registration - Registration Module Pages/Form 2/Socso Employment Start Date Day' is clicked on

2018-12-10 17:32:09 - [TEST_STEP][PASSED] - delay: Delayed 2 second(s)

2018-12-10 17:32:11 - [MESSAGE][PASSED] - Delayed 2 second(s)

2018-12-10 17:32:11 - [TEST_STEP][PASSED] - click: Object: 'Object Repository/Final Object Repo/New Registration - Registration Module Pages/Form 2/Save Button for Add Employee' is clicked on

2018-12-10 17:32:11 - [MESSAGE][PASSED] - Object: 'Object Repository/Final Object Repo/New Registration - Registration Module Pages/Form 2/Save Button for Add Employee' is clicked on

2018-12-10 17:32:11 - [TEST_STEP][PASSED] - delay: Delayed 4 second(s)

2018-12-10 17:32:15 - [MESSAGE][PASSED] - Delayed 4 second(s)

2018-12-10 17:32:15 - [TEST_STEP][PASSED] - delay: Delayed 30 second(s)

2018-12-10 17:32:45 - [MESSAGE][PASSED] - Delayed 30 second(s)

2018-12-10 17:32:45 - [TEST_STEP][PASSED] - click: Object: 'Object Repository/Final Object Repo/New Registration - Registration Module Pages/Form 2/Add Employee Button' is clicked on

2018-12-10 17:32:46 - [MESSAGE][PASSED] - Object: 'Object Repository/Final Object Repo/New Registration - Registration Module Pages/Form 2/Add Employee Button' is clicked on

2018-12-10 17:32:46 - [TEST_STEP][PASSED] - delay: Delayed 4 second(s)

2018-12-10 17:32:50 - [MESSAGE][PASSED] - Delayed 4 second(s)

2018-12-10 17:32:50 - [TEST_STEP][PASSED] - setText: Text '000209039145' is set on object 'Object Repository/Final Object Repo/New Registration - Registration Module Pages/Form 2/NRIC Input'

2018-12-10 17:32:50 - [MESSAGE][PASSED] - Text '000209039145' is set on object 'Object Repository/Final Object Repo/New Registration - Registration Module Pages/Form 2/NRIC Input'

2018-12-10 17:32:50 - [TEST_STEP][PASSED] - click: Object: 'Object Repository/Final Object Repo/New Registration - Registration Module Pages/Form 2/button for search for IC' is clicked on

2018-12-10 17:32:50 - [MESSAGE][PASSED] - Object: 'Object Repository/Final Object Repo/New Registration - Registration Module Pages/Form 2/button for search for IC' is clicked on

2018-12-10 17:32:50 - [TEST_STEP][PASSED] - delay: Delayed 2 second(s)

2018-12-10 17:32:52 - [MESSAGE][PASSED] - Delayed 2 second(s)

2018-12-10 17:32:52 - [TEST_STEP][PASSED] - setText: Text 'Automate001 not eligible 1' is set on object 'Object Repository/Final Object Repo/New Registration - Registration Module Pages/Form 2/Employee Name Input'

2018-12-10 17:32:53 - [MESSAGE][PASSED] - Text 'Automate001 not eligible 1' is set on object 'Object Repository/Final Object Repo/New Registration - Registration Module Pages/Form 2/Employee Name Input'

2018-12-10 17:32:53 - [TEST_STEP][PASSED] - delay: Delayed 2 second(s)

2018-12-10 17:32:55 - [MESSAGE][PASSED] - Delayed 2 second(s)

2018-12-10 17:32:55 - [TEST_STEP][PASSED] - click: Object: 'Object Repository/Final Object Repo/New Registration - Registration Module Pages/Form 2/DatePicker Pop Up' is clicked on

2018-12-10 17:32:55 - [MESSAGE][PASSED] - Object: 'Object Repository/Final Object Repo/New Registration - Registration Module Pages/Form 2/DatePicker Pop Up' is clicked on

2018-12-10 17:32:55 - [TEST_STEP][PASSED] - delay: Delayed 2 second(s)

2018-12-10 17:32:57 - [MESSAGE][PASSED] - Delayed 2 second(s)

2018-12-10 17:32:57 - [TEST_STEP][PASSED] - click: Object: 'Object Repository/Final Object Repo/New Registration - Registration Module Pages/Form 2/DOB Month' is clicked on

2018-12-10 17:32:57 - [MESSAGE][PASSED] - Object: 'Object Repository/Final Object Repo/New Registration - Registration Module Pages/Form 2/DOB Month' is clicked on

2018-12-10 17:32:57 - [TEST_STEP][PASSED] - Statement - selectMonth = com.kms.katalon.core.webui.keyword.WebUiBuiltInKeywords.modifyObjectProperty(selectMonth, "xpath", "equals", "//body/div/div/div/select/option[@value="" + CurrentMonth + ""]", true): Modify property of object successfully

2018-12-10 17:32:57 - [MESSAGE][PASSED] - Modify property of object successfully

2018-12-10 17:32:57 - [TEST_STEP][PASSED] - click: Object: '' is clicked on

2018-12-10 17:32:57 - [MESSAGE][PASSED] - Object: '' is clicked on

2018-12-10 17:32:57 - [TEST_STEP][PASSED] - click: Object: 'Object Repository/Final Object Repo/New Registration - Registration Module Pages/Form 2/DOB Year' is clicked on

2018-12-10 17:32:57 - [MESSAGE][PASSED] - Object: 'Object Repository/Final Object Repo/New Registration - Registration Module Pages/Form 2/DOB Year' is clicked on

2018-12-10 17:32:57 - [TEST_STEP][PASSED] - Statement - selectYear = com.kms.katalon.core.webui.keyword.WebUiBuiltInKeywords.modifyObjectProperty(selectYear, "xpath", "equals", "//div/div/div/select/option[@value="" + EighteenYrsBefore + ""]", true): Modify property of object successfully

2018-12-10 17:32:57 - [MESSAGE][PASSED] - Modify property of object successfully

2018-12-10 17:32:57 - [TEST_STEP][PASSED] - click: Object: '' is clicked on

2018-12-10 17:32:57 - [MESSAGE][PASSED] - Object: '' is clicked on

2018-12-10 17:32:57 - [TEST_STEP][PASSED] - Statement - UpdatedSelectDate = com.kms.katalon.core.webui.keyword.WebUiBuiltInKeywords.modifyObjectProperty(com.kms.katalon.core.testobject.ObjectRepository.findTestObject(Final Object Repo/New Registration - Registration Module Pages/Form 2/DOB Date), "xpath", "equals", "//body/div/table/tbody/tr/td/a[text()="" + OneDayBefore + ""]", true): Modify property of object successfully

2018-12-10 17:32:57 - [MESSAGE][PASSED] - Modify property of object successfully

2018-12-10 17:32:57 - [TEST_STEP][PASSED] - click: Object: 'Object Repository/Final Object Repo/New Registration - Registration Module Pages/Form 2/DOB Date' is clicked on

2018-12-10 17:32:57 - [MESSAGE][PASSED] - Object: 'Object Repository/Final Object Repo/New Registration - Registration Module Pages/Form 2/DOB Date' is clicked on

2018-12-10 17:32:57 - [TEST_STEP][PASSED] - delay: Delayed 2 second(s)

2018-12-10 17:32:59 - [MESSAGE][PASSED] - Delayed 2 second(s)

2018-12-10 17:32:59 - [TEST_STEP][PASSED] - click: Object: 'Object Repository/Final Object Repo/New Registration - Registration Module Pages/Form 2/EmploymentStartDate Pop Up' is clicked on

2018-12-10 17:33:00 - [MESSAGE][PASSED] - Object: 'Object Repository/Final Object Repo/New Registration - Registration Module Pages/Form 2/EmploymentStartDate Pop Up' is clicked on

2018-12-10 17:33:00 - [TEST_STEP][PASSED] - delay: Delayed 2 second(s)

2018-12-10 17:33:02 - [MESSAGE][PASSED] - Delayed 2 second(s)

2018-12-10 17:33:02 - [TEST_STEP][PASSED] - click: Object: 'Object Repository/Final Object Repo/New Registration - Registration Module Pages/Form 2/Socso Employment StartDate Month' is clicked on

2018-12-10 17:33:02 - [MESSAGE][PASSED] - Object: 'Object Repository/Final Object Repo/New Registration - Registration Module Pages/Form 2/Socso Employment StartDate Month' is clicked on

2018-12-10 17:33:02 - [TEST_STEP][PASSED] - delay: Delayed 1 second(s)

2018-12-10 17:33:03 - [MESSAGE][PASSED] - Delayed 1 second(s)

2018-12-10 17:33:03 - [TEST_STEP][PASSED] - click: Object: 'Object Repository/Final Object Repo/New Registration - Registration Module Pages/Form 2/Select Socso Employement Startdate Month' is clicked on

2018-12-10 17:33:03 - [MESSAGE][PASSED] - Object: 'Object Repository/Final Object Repo/New Registration - Registration Module Pages/Form 2/Select Socso Employement Startdate Month' is clicked on

2018-12-10 17:33:03 - [TEST_STEP][PASSED] - delay: Delayed 2 second(s)

2018-12-10 17:33:05 - [MESSAGE][PASSED] - Delayed 2 second(s)

2018-12-10 17:33:05 - [TEST_STEP][PASSED] - click: Object: 'Object Repository/Final Object Repo/New Registration - Registration Module Pages/Form 2/Socso Employment StartDate Year' is clicked on

2018-12-10 17:33:05 - [MESSAGE][PASSED] - Object: 'Object Repository/Final Object Repo/New Registration - Registration Module Pages/Form 2/Socso Employment StartDate Year' is clicked on

2018-12-10 17:33:05 - [TEST_STEP][PASSED] - delay: Delayed 1 second(s)

2018-12-10 17:33:06 - [MESSAGE][PASSED] - Delayed 1 second(s)

2018-12-10 17:33:06 - [TEST_STEP][PASSED] - click: Object: 'Object Repository/Final Object Repo/New Registration - Registration Module Pages/Form 2/Select Socso Employment Startdate Year' is clicked on

2018-12-10 17:33:06 - [MESSAGE][PASSED] - Object: 'Object Repository/Final Object Repo/New Registration - Registration Module Pages/Form 2/Select Socso Employment Startdate Year' is clicked on

2018-12-10 17:33:06 - [TEST_STEP][PASSED] - delay: Delayed 2 second(s)

2018-12-10 17:33:08 - [MESSAGE][PASSED] - Delayed 2 second(s)

2018-12-10 17:33:08 - [TEST_STEP][PASSED] - click: Object: 'Object Repository/Final Object Repo/New Registration - Registration Module Pages/Form 2/Socso Employment Start Date Day' is clicked on

2018-12-10 17:33:08 - [MESSAGE][PASSED] - Object: 'Object Repository/Final Object Repo/New Registration - Registration Module Pages/Form 2/Socso Employment Start Date Day' is clicked on

2018-12-10 17:33:08 - [TEST_STEP][PASSED] - delay: Delayed 2 second(s)

2018-12-10 17:33:10 - [MESSAGE][PASSED] - Delayed 2 second(s)

2018-12-10 17:33:10 - [TEST_STEP][PASSED] - click: Object: 'Object Repository/Final Object Repo/New Registration - Registration Module Pages/Form 2/Save Button for Add Employee' is clicked on

2018-12-10 17:33:11 - [MESSAGE][PASSED] - Object: 'Object Repository/Final Object Repo/New Registration - Registration Module Pages/Form 2/Save Button for Add Employee' is clicked on

2018-12-10 17:33:11 - [TEST_STEP][PASSED] - delay: Delayed 6 second(s)

2018-12-10 17:33:17 - [MESSAGE][PASSED] - Delayed 6 second(s)

2018-12-10 17:33:17 - [TEST_STEP][PASSED] - click: Object: 'Object Repository/Final Object Repo/New Registration - Registration Module Pages/Form 2/Add Employee Button' is clicked on

2018-12-10 17:33:17 - [MESSAGE][PASSED] - Object: 'Object Repository/Final Object Repo/New Registration - Registration Module Pages/Form 2/Add Employee Button' is clicked on

2018-12-10 17:33:17 - [TEST_STEP][PASSED] - delay: Delayed 4 second(s)

2018-12-10 17:33:21 - [MESSAGE][PASSED] - Delayed 4 second(s)

2018-12-10 17:33:21 - [TEST_STEP][PASSED] - setText: Text '600203039154' is set on object 'Object Repository/Final Object Repo/New Registration - Registration Module Pages/Form 2/NRIC Input'

2018-12-10 17:33:21 - [MESSAGE][PASSED] - Text '600203039154' is set on object 'Object Repository/Final Object Repo/New Registration - Registration Module Pages/Form 2/NRIC Input'

2018-12-10 17:33:21 - [TEST_STEP][PASSED] - click: Object: 'Object Repository/Final Object Repo/New Registration - Registration Module Pages/Form 2/button for search for IC' is clicked on

2018-12-10 17:33:21 - [MESSAGE][PASSED] - Object: 'Object Repository/Final Object Repo/New Registration - Registration Module Pages/Form 2/button for search for IC' is clicked on

2018-12-10 17:33:21 - [TEST_STEP][PASSED] - delay: Delayed 2 second(s)

2018-12-10 17:33:23 - [MESSAGE][PASSED] - Delayed 2 second(s)

2018-12-10 17:33:23 - [TEST_STEP][PASSED] - setText: Text 'Automate001 not eligible 2' is set on object 'Object Repository/Final Object Repo/New Registration - Registration Module Pages/Form 2/Employee Name Input'

2018-12-10 17:33:24 - [MESSAGE][PASSED] - Text 'Automate001 not eligible 2' is set on object 'Object Repository/Final Object Repo/New Registration - Registration Module Pages/Form 2/Employee Name Input'

2018-12-10 17:33:24 - [TEST_STEP][PASSED] - delay: Delayed 2 second(s)

2018-12-10 17:33:26 - [MESSAGE][PASSED] - Delayed 2 second(s)

2018-12-10 17:33:26 - [TEST_STEP][PASSED] - click: Object: 'Object Repository/Final Object Repo/New Registration - Registration Module Pages/Form 2/DatePicker Pop Up' is clicked on

2018-12-10 17:33:26 - [MESSAGE][PASSED] - Object: 'Object Repository/Final Object Repo/New Registration - Registration Module Pages/Form 2/DatePicker Pop Up' is clicked on

2018-12-10 17:33:26 - [TEST_STEP][PASSED] - delay: Delayed 2 second(s)

2018-12-10 17:33:28 - [MESSAGE][PASSED] - Delayed 2 second(s)

2018-12-10 17:33:28 - [TEST_STEP][PASSED] - click: Object: 'Object Repository/Final Object Repo/New Registration - Registration Module Pages/Form 2/DOB Month' is clicked on

2018-12-10 17:33:28 - [MESSAGE][PASSED] - Object: 'Object Repository/Final Object Repo/New Registration - Registration Module Pages/Form 2/DOB Month' is clicked on

2018-12-10 17:33:28 - [TEST_STEP][PASSED] - Statement - selectMonth = com.kms.katalon.core.webui.keyword.WebUiBuiltInKeywords.modifyObjectProperty(selectMonth, "xpath", "equals", "//body/div/div/div/select/option[@value="" + CurrentMonth + ""]", true): Modify property of object successfully

2018-12-10 17:33:28 - [MESSAGE][PASSED] - Modify property of object successfully

2018-12-10 17:33:28 - [TEST_STEP][PASSED] - click: Object: '' is clicked on

2018-12-10 17:33:28 - [MESSAGE][PASSED] - Object: '' is clicked on

2018-12-10 17:33:28 - [TEST_STEP][PASSED] - click: Object: 'Object Repository/Final Object Repo/New Registration - Registration Module Pages/Form 2/DOB Year' is clicked on

2018-12-10 17:33:28 - [MESSAGE][PASSED] - Object: 'Object Repository/Final Object Repo/New Registration - Registration Module Pages/Form 2/DOB Year' is clicked on

2018-12-10 17:33:28 - [TEST_STEP][PASSED] - Statement - selectYear = com.kms.katalon.core.webui.keyword.WebUiBuiltInKeywords.modifyObjectProperty(selectYear, "xpath", "equals", "//div/div/div/select/option[@value="" + FiftysevenYrsBefore + ""]", true): Modify property of object successfully

2018-12-10 17:33:28 - [MESSAGE][PASSED] - Modify property of object successfully

2018-12-10 17:33:28 - [TEST_STEP][PASSED] - click: Object: '' is clicked on

2018-12-10 17:33:29 - [MESSAGE][PASSED] - Object: '' is clicked on

2018-12-10 17:33:29 - [TEST_STEP][PASSED] - Statement - UpdatedSelectDate = com.kms.katalon.core.webui.keyword.WebUiBuiltInKeywords.modifyObjectProperty(com.kms.katalon.core.testobject.ObjectRepository.findTestObject(Final Object Repo/New Registration - Registration Module Pages/Form 2/DOB Date), "xpath", "equals", "//body/div/table/tbody/tr/td/a[text()="" + CurrentDate + ""]", true): Modify property of object successfully

2018-12-10 17:33:29 - [MESSAGE][PASSED] - Modify property of object successfully

2018-12-10 17:33:29 - [TEST_STEP][PASSED] - click: Object: 'Object Repository/Final Object Repo/New Registration - Registration Module Pages/Form 2/DOB Date' is clicked on

2018-12-10 17:33:29 - [MESSAGE][PASSED] - Object: 'Object Repository/Final Object Repo/New Registration - Registration Module Pages/Form 2/DOB Date' is clicked on

2018-12-10 17:33:29 - [TEST_STEP][PASSED] - click: Object: 'Object Repository/Final Object Repo/New Registration - Registration Module Pages/Form 2/EmploymentStartDate Pop Up' is clicked on

2018-12-10 17:33:29 - [MESSAGE][PASSED] - Object: 'Object Repository/Final Object Repo/New Registration - Registration Module Pages/Form 2/EmploymentStartDate Pop Up' is clicked on

2018-12-10 17:33:29 - [TEST_STEP][PASSED] - delay: Delayed 2 second(s)

2018-12-10 17:33:31 - [MESSAGE][PASSED] - Delayed 2 second(s)

2018-12-10 17:33:31 - [TEST_STEP][PASSED] - click: Object: 'Object Repository/Final Object Repo/New Registration - Registration Module Pages/Form 2/Socso Employment StartDate Month' is clicked on

2018-12-10 17:33:31 - [MESSAGE][PASSED] - Object: 'Object Repository/Final Object Repo/New Registration - Registration Module Pages/Form 2/Socso Employment StartDate Month' is clicked on

2018-12-10 17:33:31 - [TEST_STEP][PASSED] - delay: Delayed 1 second(s)

2018-12-10 17:33:32 - [MESSAGE][PASSED] - Delayed 1 second(s)

2018-12-10 17:33:32 - [TEST_STEP][PASSED] - click: Object: 'Object Repository/Final Object Repo/New Registration - Registration Module Pages/Form 2/Select Socso Employement Startdate Month' is clicked on

2018-12-10 17:33:32 - [MESSAGE][PASSED] - Object: 'Object Repository/Final Object Repo/New Registration - Registration Module Pages/Form 2/Select Socso Employement Startdate Month' is clicked on

2018-12-10 17:33:32 - [TEST_STEP][PASSED] - delay: Delayed 2 second(s)

2018-12-10 17:33:34 - [MESSAGE][PASSED] - Delayed 2 second(s)

2018-12-10 17:33:34 - [TEST_STEP][PASSED] - click: Object: 'Object Repository/Final Object Repo/New Registration - Registration Module Pages/Form 2/Socso Employment StartDate Year' is clicked on

2018-12-10 17:33:34 - [MESSAGE][PASSED] - Object: 'Object Repository/Final Object Repo/New Registration - Registration Module Pages/Form 2/Socso Employment StartDate Year' is clicked on

2018-12-10 17:33:34 - [TEST_STEP][PASSED] - delay: Delayed 1 second(s)

2018-12-10 17:33:35 - [MESSAGE][PASSED] - Delayed 1 second(s)

2018-12-10 17:33:35 - [TEST_STEP][PASSED] - click: Object: 'Object Repository/Final Object Repo/New Registration - Registration Module Pages/Form 2/Select Socso Employment Startdate Year' is clicked on

2018-12-10 17:33:36 - [MESSAGE][PASSED] - Object: 'Object Repository/Final Object Repo/New Registration - Registration Module Pages/Form 2/Select Socso Employment Startdate Year' is clicked on

2018-12-10 17:33:36 - [TEST_STEP][PASSED] - delay: Delayed 2 second(s)

2018-12-10 17:33:38 - [MESSAGE][PASSED] - Delayed 2 second(s)

2018-12-10 17:33:38 - [TEST_STEP][PASSED] - click: Object: 'Object Repository/Final Object Repo/New Registration - Registration Module Pages/Form 2/Socso Employment Start Date Day' is clicked on

2018-12-10 17:33:38 - [MESSAGE][PASSED] - Object: 'Object Repository/Final Object Repo/New Registration - Registration Module Pages/Form 2/Socso Employment Start Date Day' is clicked on

2018-12-10 17:33:38 - [TEST_STEP][PASSED] - delay: Delayed 2 second(s)

2018-12-10 17:33:40 - [MESSAGE][PASSED] - Delayed 2 second(s)

2018-12-10 17:33:40 - [TEST_STEP][PASSED] - click: Object: 'Object Repository/Final Object Repo/New Registration - Registration Module Pages/Form 2/Save Button for Add Employee' is clicked on

2018-12-10 17:33:40 - [MESSAGE][PASSED] - Object: 'Object Repository/Final Object Repo/New Registration - Registration Module Pages/Form 2/Save Button for Add Employee' is clicked on

2018-12-10 17:33:40 - [TEST_STEP][PASSED] - delay: Delayed 2 second(s)

2018-12-10 17:33:42 - [MESSAGE][PASSED] - Delayed 2 second(s)

2018-12-10 17:33:42 - [TEST_STEP][PASSED] - click: Object: 'Object Repository/Final Object Repo/New Registration - Registration Module Pages/Form 2/Save and Continue Form 2' is clicked on

2018-12-10 17:33:42 - [MESSAGE][PASSED] - Object: 'Object Repository/Final Object Repo/New Registration - Registration Module Pages/Form 2/Save and Continue Form 2' is clicked on

2018-12-10 17:33:42 - [MESSAGE][PASSED] - Call Test Case 'Test Cases/Final Aug 2018 - PKS Automation/Registration Module/New Registration/Form 2/Add 2 Eligible 2 Not Eligible' successfully

2018-12-10 17:33:42 - [TEST_STEP][PASSED] - callTestCase: Call Test Case 'Test Cases/Final Aug 2018 - PKS Automation/Registration Module/New Registration/Flow of New Registration/Third Screen - Upload Supporting Doc - Preview' successfully

2018-12-10 17:33:42 - [TEST_CASE][PASSED] - Test Cases/Final Aug 2018 - PKS Automation/Registration Module/New Registration/Flow of New Registration/Third Screen - Upload Supporting Doc - Preview: Test Cases/Final Aug 2018 - PKS Automation/Registration Module/New Registration/Flow of New Registration/Third Screen - Upload Supporting Doc - Preview

2018-12-10 17:33:42 - [TEST_STEP][PASSED] - waitForPageLoad: Wait for page load successfully

2018-12-10 17:33:43 - [MESSAGE][PASSED] - Wait for page load successfully

2018-12-10 17:33:43 - [TEST_STEP][PASSED] - Statement - CaseReferenceNo = com.kms.katalon.core.webui.keyword.WebUiBuiltInKeywords.getText(com.kms.katalon.core.testobject.ObjectRepository.findTestObject(Final Object Repo/New Registration - Registration Module Pages/Third Screen - Upload Supporting Doc- Preview/RefNo Acquiring)): Text of object 'Object Repository/Final Object Repo/New Registration - Registration Module Pages/Third Screen - Upload Supporting Doc- Preview/RefNo Acquiring' is: 'CRN12201800123136'

2018-12-10 17:33:43 - [MESSAGE][PASSED] - Text of object 'Object Repository/Final Object Repo/New Registration - Registration Module Pages/Third Screen - Upload Supporting Doc- Preview/RefNo Acquiring' is: 'CRN12201800123136'

2018-12-10 17:33:43 - [TEST_STEP][PASSED] - delay: Delayed 2 second(s)

2018-12-10 17:33:45 - [MESSAGE][PASSED] - Delayed 2 second(s)

2018-12-10 17:33:45 - [TEST_STEP][PASSED] - callTestCase: Call Test Case 'Test Cases/Final Aug 2018 - PKS Automation/Common/Reference Number Setter' successfully

2018-12-10 17:33:45 - [TEST_CASE][PASSED] - Test Cases/Final Aug 2018 - PKS Automation/Common/Reference Number Setter: Test Cases/Final Aug 2018 - PKS Automation/Common/Reference Number Setter

2018-12-10 17:33:45 - [TEST_STEP][PASSED] - Statement - RefNoOldFile = new java.io.File(C://Users//Admin//Desktop//PKS//Automation Reference Point//KatalonReference.txt): null

2018-12-10 17:33:45 - [TEST_STEP][PASSED] - Statement - RefNoOldFile.delete(): null

2018-12-10 17:33:45 - [TEST_STEP][PASSED] - delay: Delayed 5 second(s)

2018-12-10 17:33:50 - [MESSAGE][PASSED] - Delayed 5 second(s)

2018-12-10 17:33:50 - [TEST_STEP][PASSED] - Statement - RefNo = new java.io.File(C://Users//Admin//Desktop//PKS//Automation Reference Point//KatalonReference.txt): null

2018-12-10 17:33:50 - [TEST_STEP][PASSED] - Statement - f2 = new java.io.FileWriter(RefNo, false): null

2018-12-10 17:33:50 - [TEST_STEP][PASSED] - Statement - f2.write(CaseReferenceNo): null

2018-12-10 17:33:50 - [TEST_STEP][PASSED] - Statement - f2.close(): null

2018-12-10 17:33:50 - [TEST_STEP][PASSED] - Statement - out.println("


" + CaseReferenceNo + "


"): null

2018-12-10 17:33:50 - [MESSAGE][PASSED] - Call Test Case 'Test Cases/Final Aug 2018 - PKS Automation/Common/Reference Number Setter' successfully

2018-12-10 17:33:50 - [TEST_STEP][PASSED] - waitForElementClickable: Object 'Object Repository/Final Object Repo/New Registration - Registration Module Pages/Third Screen - Upload Supporting Doc- Preview/Save n Continue in SIP Employee Listing Page' is clickable

2018-12-10 17:33:50 - [MESSAGE][PASSED] - Object 'Object Repository/Final Object Repo/New Registration - Registration Module Pages/Third Screen - Upload Supporting Doc- Preview/Save n Continue in SIP Employee Listing Page' is clickable

2018-12-10 17:33:50 - [TEST_STEP][PASSED] - click: Object: 'Object Repository/Final Object Repo/New Registration - Registration Module Pages/Third Screen - Upload Supporting Doc- Preview/Save n Continue in SIP Employee Listing Page' is clicked on

2018-12-10 17:33:56 - [MESSAGE][PASSED] - Object: 'Object Repository/Final Object Repo/New Registration - Registration Module Pages/Third Screen - Upload Supporting Doc- Preview/Save n Continue in SIP Employee Listing Page' is clicked on

2018-12-10 17:33:56 - [TEST_STEP][PASSED] - delay: Delayed 7 second(s)

2018-12-10 17:34:03 - [MESSAGE][PASSED] - Delayed 7 second(s)

2018-12-10 17:34:03 - [TEST_STEP][PASSED] - click: Object: 'Object Repository/Final Object Repo/New Registration - Registration Module Pages/Third Screen - Upload Supporting Doc- Preview/Add Document Button' is clicked on

2018-12-10 17:34:03 - [MESSAGE][PASSED] - Object: 'Object Repository/Final Object Repo/New Registration - Registration Module Pages/Third Screen - Upload Supporting Doc- Preview/Add Document Button' is clicked on

2018-12-10 17:34:03 - [TEST_STEP][PASSED] - delay: Delayed 30 second(s)

2018-12-10 17:34:33 - [MESSAGE][PASSED] - Delayed 30 second(s)

2018-12-10 17:34:33 - [TEST_STEP][PASSED] - click: Object: 'Object Repository/Final Object Repo/New Registration - Registration Module Pages/Third Screen - Upload Supporting Doc- Preview/Supporting Doc Please Select Drop Down' is clicked on

2018-12-10 17:34:33 - [MESSAGE][PASSED] - Object: 'Object Repository/Final Object Repo/New Registration - Registration Module Pages/Third Screen - Upload Supporting Doc- Preview/Supporting Doc Please Select Drop Down' is clicked on

2018-12-10 17:34:33 - [TEST_STEP][PASSED] - delay: Delayed 2 second(s)

2018-12-10 17:34:35 - [MESSAGE][PASSED] - Delayed 2 second(s)

2018-12-10 17:34:35 - [TEST_STEP][PASSED] - click: Object: 'Object Repository/Final Object Repo/New Registration - Registration Module Pages/Third Screen - Upload Supporting Doc- Preview/Select to Upload Form 1' is clicked on

2018-12-10 17:34:35 - [MESSAGE][PASSED] - Object: 'Object Repository/Final Object Repo/New Registration - Registration Module Pages/Third Screen - Upload Supporting Doc- Preview/Select to Upload Form 1' is clicked on

2018-12-10 17:34:35 - [TEST_STEP][PASSED] - delay: Delayed 2 second(s)

2018-12-10 17:34:37 - [MESSAGE][PASSED] - Delayed 2 second(s)

2018-12-10 17:34:37 - [TEST_STEP][PASSED] - uploadFile: File 'C:\Users\Public\Pictures\Sample Pictures\Koala.jpg' sent to object: 'Object Repository/Final Object Repo/New Registration - Registration Module Pages/Third Screen - Upload Supporting Doc- Preview/Upload File Adding'

2018-12-10 17:34:37 - [MESSAGE][PASSED] - File 'C:\Users\Public\Pictures\Sample Pictures\Koala.jpg' sent to object: 'Object Repository/Final Object Repo/New Registration - Registration Module Pages/Third Screen - Upload Supporting Doc- Preview/Upload File Adding'

2018-12-10 17:34:37 - [TEST_STEP][PASSED] - delay: Delayed 5 second(s)

2018-12-10 17:34:42 - [MESSAGE][PASSED] - Delayed 5 second(s)

2018-12-10 17:34:42 - [TEST_STEP][PASSED] - click: Object: 'Object Repository/Final Object Repo/New Registration - Registration Module Pages/Third Screen - Upload Supporting Doc- Preview/Inner Form Add Document Button' is clicked on

2018-12-10 17:34:42 - [MESSAGE][PASSED] - Object: 'Object Repository/Final Object Repo/New Registration - Registration Module Pages/Third Screen - Upload Supporting Doc- Preview/Inner Form Add Document Button' is clicked on

2018-12-10 17:34:42 - [TEST_STEP][PASSED] - delay: Delayed 3 second(s)

2018-12-10 17:34:45 - [MESSAGE][PASSED] - Delayed 3 second(s)

2018-12-10 17:34:45 - [TEST_STEP][PASSED] - click: Object: 'Object Repository/Final Object Repo/New Registration - Registration Module Pages/Third Screen - Upload Supporting Doc- Preview/Add Document Button' is clicked on

2018-12-10 17:34:47 - [MESSAGE][PASSED] - Object: 'Object Repository/Final Object Repo/New Registration - Registration Module Pages/Third Screen - Upload Supporting Doc- Preview/Add Document Button' is clicked on

2018-12-10 17:34:47 - [TEST_STEP][PASSED] - delay: Delayed 30 second(s)

2018-12-10 17:35:17 - [MESSAGE][PASSED] - Delayed 30 second(s)

2018-12-10 17:35:17 - [TEST_STEP][PASSED] - click: Object: 'Object Repository/Final Object Repo/New Registration - Registration Module Pages/Third Screen - Upload Supporting Doc- Preview/Supporting Doc Please Select Drop Down' is clicked on

2018-12-10 17:35:17 - [MESSAGE][PASSED] - Object: 'Object Repository/Final Object Repo/New Registration - Registration Module Pages/Third Screen - Upload Supporting Doc- Preview/Supporting Doc Please Select Drop Down' is clicked on

2018-12-10 17:35:17 - [TEST_STEP][PASSED] - delay: Delayed 4 second(s)

2018-12-10 17:35:21 - [MESSAGE][PASSED] - Delayed 4 second(s)

2018-12-10 17:35:21 - [TEST_STEP][PASSED] - click: Object: 'Object Repository/Final Object Repo/New Registration - Registration Module Pages/Third Screen - Upload Supporting Doc- Preview/Select to Upload Form 2' is clicked on

2018-12-10 17:35:21 - [MESSAGE][PASSED] - Object: 'Object Repository/Final Object Repo/New Registration - Registration Module Pages/Third Screen - Upload Supporting Doc- Preview/Select to Upload Form 2' is clicked on

2018-12-10 17:35:21 - [TEST_STEP][PASSED] - delay: Delayed 2 second(s)

2018-12-10 17:35:23 - [MESSAGE][PASSED] - Delayed 2 second(s)

2018-12-10 17:35:23 - [TEST_STEP][PASSED] - uploadFile: File 'C:\Users\Public\Pictures\Sample Pictures\Koala.jpg' sent to object: 'Object Repository/Final Object Repo/New Registration - Registration Module Pages/Third Screen - Upload Supporting Doc- Preview/Upload File Adding'

2018-12-10 17:35:23 - [MESSAGE][PASSED] - File 'C:\Users\Public\Pictures\Sample Pictures\Koala.jpg' sent to object: 'Object Repository/Final Object Repo/New Registration - Registration Module Pages/Third Screen - Upload Supporting Doc- Preview/Upload File Adding'

2018-12-10 17:35:23 - [TEST_STEP][PASSED] - click: Object: 'Object Repository/Final Object Repo/New Registration - Registration Module Pages/Third Screen - Upload Supporting Doc- Preview/Inner Form Add Document Button' is clicked on

2018-12-10 17:35:23 - [MESSAGE][PASSED] - Object: 'Object Repository/Final Object Repo/New Registration - Registration Module Pages/Third Screen - Upload Supporting Doc- Preview/Inner Form Add Document Button' is clicked on

2018-12-10 17:35:23 - [TEST_STEP][PASSED] - delay: Delayed 5 second(s)

2018-12-10 17:35:28 - [MESSAGE][PASSED] - Delayed 5 second(s)

2018-12-10 17:35:28 - [TEST_STEP][PASSED] - click: Object: 'Object Repository/Final Object Repo/New Registration - Registration Module Pages/Third Screen - Upload Supporting Doc- Preview/Add Document Button' is clicked on

2018-12-10 17:35:29 - [MESSAGE][PASSED] - Object: 'Object Repository/Final Object Repo/New Registration - Registration Module Pages/Third Screen - Upload Supporting Doc- Preview/Add Document Button' is clicked on

2018-12-10 17:35:29 - [TEST_STEP][PASSED] - delay: Delayed 30 second(s)

2018-12-10 17:35:59 - [MESSAGE][PASSED] - Delayed 30 second(s)

2018-12-10 17:35:59 - [TEST_STEP][PASSED] - click: Object: 'Object Repository/Final Object Repo/New Registration - Registration Module Pages/Third Screen - Upload Supporting Doc- Preview/Supporting Doc Please Select Drop Down' is clicked on

2018-12-10 17:35:59 - [MESSAGE][PASSED] - Object: 'Object Repository/Final Object Repo/New Registration - Registration Module Pages/Third Screen - Upload Supporting Doc- Preview/Supporting Doc Please Select Drop Down' is clicked on

2018-12-10 17:35:59 - [TEST_STEP][PASSED] - click: Object: 'Object Repository/Final Object Repo/New Registration - Registration Module Pages/Third Screen - Upload Supporting Doc- Preview/Select to Upload Borang SIP 1' is clicked on

2018-12-10 17:35:59 - [MESSAGE][PASSED] - Object: 'Object Repository/Final Object Repo/New Registration - Registration Module Pages/Third Screen - Upload Supporting Doc- Preview/Select to Upload Borang SIP 1' is clicked on

2018-12-10 17:35:59 - [TEST_STEP][PASSED] - delay: Delayed 2 second(s)

2018-12-10 17:36:01 - [MESSAGE][PASSED] - Delayed 2 second(s)

2018-12-10 17:36:01 - [TEST_STEP][PASSED] - uploadFile: File 'C:\Users\Public\Pictures\Sample Pictures\Koala.jpg' sent to object: 'Object Repository/Final Object Repo/New Registration - Registration Module Pages/Third Screen - Upload Supporting Doc- Preview/Upload File Adding'

2018-12-10 17:36:01 - [MESSAGE][PASSED] - File 'C:\Users\Public\Pictures\Sample Pictures\Koala.jpg' sent to object: 'Object Repository/Final Object Repo/New Registration - Registration Module Pages/Third Screen - Upload Supporting Doc- Preview/Upload File Adding'

2018-12-10 17:36:01 - [TEST_STEP][PASSED] - click: Object: 'Object Repository/Final Object Repo/New Registration - Registration Module Pages/Third Screen - Upload Supporting Doc- Preview/Inner Form Add Document Button' is clicked on

2018-12-10 17:36:01 - [MESSAGE][PASSED] - Object: 'Object Repository/Final Object Repo/New Registration - Registration Module Pages/Third Screen - Upload Supporting Doc- Preview/Inner Form Add Document Button' is clicked on

2018-12-10 17:36:01 - [TEST_STEP][PASSED] - delay: Delayed 5 second(s)

2018-12-10 17:36:06 - [MESSAGE][PASSED] - Delayed 5 second(s)

2018-12-10 17:36:06 - [TEST_STEP][PASSED] - click: Object: 'Object Repository/Final Object Repo/New Registration - Registration Module Pages/Third Screen - Upload Supporting Doc- Preview/Add Document Button' is clicked on

2018-12-10 17:36:06 - [MESSAGE][PASSED] - Object: 'Object Repository/Final Object Repo/New Registration - Registration Module Pages/Third Screen - Upload Supporting Doc- Preview/Add Document Button' is clicked on

2018-12-10 17:36:06 - [TEST_STEP][PASSED] - delay: Delayed 30 second(s)

2018-12-10 17:36:36 - [MESSAGE][PASSED] - Delayed 30 second(s)

2018-12-10 17:36:36 - [TEST_STEP][PASSED] - click: Object: 'Object Repository/Final Object Repo/New Registration - Registration Module Pages/Third Screen - Upload Supporting Doc- Preview/Supporting Doc Please Select Drop Down' is clicked on

2018-12-10 17:36:37 - [MESSAGE][PASSED] - Object: 'Object Repository/Final Object Repo/New Registration - Registration Module Pages/Third Screen - Upload Supporting Doc- Preview/Supporting Doc Please Select Drop Down' is clicked on

2018-12-10 17:36:37 - [TEST_STEP][PASSED] - delay: Delayed 3 second(s)

2018-12-10 17:36:40 - [MESSAGE][PASSED] - Delayed 3 second(s)

2018-12-10 17:36:40 - [TEST_STEP][PASSED] - click: Object: 'Object Repository/Final Object Repo/New Registration - Registration Module Pages/Third Screen - Upload Supporting Doc- Preview/Select to Upload Borang SIP 2' is clicked on

2018-12-10 17:36:40 - [MESSAGE][PASSED] - Object: 'Object Repository/Final Object Repo/New Registration - Registration Module Pages/Third Screen - Upload Supporting Doc- Preview/Select to Upload Borang SIP 2' is clicked on

2018-12-10 17:36:40 - [TEST_STEP][PASSED] - delay: Delayed 2 second(s)

2018-12-10 17:36:42 - [MESSAGE][PASSED] - Delayed 2 second(s)

2018-12-10 17:36:42 - [TEST_STEP][PASSED] - uploadFile: File 'C:\Users\Public\Pictures\Sample Pictures\Koala.jpg' sent to object: 'Object Repository/Final Object Repo/New Registration - Registration Module Pages/Third Screen - Upload Supporting Doc- Preview/Upload File Adding'

2018-12-10 17:36:42 - [MESSAGE][PASSED] - File 'C:\Users\Public\Pictures\Sample Pictures\Koala.jpg' sent to object: 'Object Repository/Final Object Repo/New Registration - Registration Module Pages/Third Screen - Upload Supporting Doc- Preview/Upload File Adding'

2018-12-10 17:36:42 - [TEST_STEP][PASSED] - delay: Delayed 5 second(s)

2018-12-10 17:36:47 - [MESSAGE][PASSED] - Delayed 5 second(s)

2018-12-10 17:36:47 - [TEST_STEP][PASSED] - click: Object: 'Object Repository/Final Object Repo/New Registration - Registration Module Pages/Third Screen - Upload Supporting Doc- Preview/Inner Form Add Document Button' is clicked on

2018-12-10 17:36:47 - [MESSAGE][PASSED] - Object: 'Object Repository/Final Object Repo/New Registration - Registration Module Pages/Third Screen - Upload Supporting Doc- Preview/Inner Form Add Document Button' is clicked on

2018-12-10 17:36:47 - [TEST_STEP][PASSED] - delay: Delayed 3 second(s)

2018-12-10 17:36:50 - [MESSAGE][PASSED] - Delayed 3 second(s)

2018-12-10 17:36:50 - [TEST_STEP][PASSED] - waitForElementClickable: Object 'Object Repository/Final Object Repo/New Registration - Registration Module Pages/Third Screen - Upload Supporting Doc- Preview/Save n Continue in Uploading Supporting Doc Page' is clickable

2018-12-10 17:36:51 - [MESSAGE][PASSED] - Object 'Object Repository/Final Object Repo/New Registration - Registration Module Pages/Third Screen - Upload Supporting Doc- Preview/Save n Continue in Uploading Supporting Doc Page' is clickable

2018-12-10 17:36:51 - [TEST_STEP][PASSED] - click: Object: 'Object Repository/Final Object Repo/New Registration - Registration Module Pages/Third Screen - Upload Supporting Doc- Preview/Save n Continue in Uploading Supporting Doc Page' is clicked on

2018-12-10 17:36:52 - [MESSAGE][PASSED] - Object: 'Object Repository/Final Object Repo/New Registration - Registration Module Pages/Third Screen - Upload Supporting Doc- Preview/Save n Continue in Uploading Supporting Doc Page' is clicked on

2018-12-10 17:36:52 - [MESSAGE][PASSED] - Call Test Case 'Test Cases/Final Aug 2018 - PKS Automation/Registration Module/New Registration/Flow of New Registration/Third Screen - Upload Supporting Doc - Preview' successfully

2018-12-10 17:36:52 - [TEST_STEP][PASSED] - callTestCase: Call Test Case 'Test Cases/Final Aug 2018 - PKS Automation/Registration Module/New Registration/Submit and Screenshot/Submit Registration and Screenshot' successfully

2018-12-10 17:36:52 - [TEST_CASE][PASSED] - Test Cases/Final Aug 2018 - PKS Automation/Registration Module/New Registration/Submit and Screenshot/Submit Registration and Screenshot: Test Cases/Final Aug 2018 - PKS Automation/Registration Module/New Registration/Submit and Screenshot/Submit Registration and Screenshot

2018-12-10 17:36:52 - [TEST_STEP][PASSED] - delay: Delayed 6 second(s)

2018-12-10 17:36:58 - [MESSAGE][PASSED] - Delayed 6 second(s)

2018-12-10 17:36:58 - [TEST_STEP][PASSED] - click: Object: 'Object Repository/Final Object Repo/New Registration - Registration Module Pages/Third Screen - Upload Supporting Doc- Preview/Preview Submit Button' is clicked on

2018-12-10 17:36:58 - [MESSAGE][PASSED] - Object: 'Object Repository/Final Object Repo/New Registration - Registration Module Pages/Third Screen - Upload Supporting Doc- Preview/Preview Submit Button' is clicked on

2018-12-10 17:36:58 - [TEST_STEP][PASSED] - delay: Delayed 2 second(s)

2018-12-10 17:37:00 - [MESSAGE][PASSED] - Delayed 2 second(s)

2018-12-10 17:37:00 - [TEST_STEP][PASSED] - click: Object: 'Object Repository/Final Object Repo/New Registration - Registration Module Pages/Third Screen - Upload Supporting Doc- Preview/Preview Submit - Confirm' is clicked on

2018-12-10 17:37:00 - [MESSAGE][PASSED] - Object: 'Object Repository/Final Object Repo/New Registration - Registration Module Pages/Third Screen - Upload Supporting Doc- Preview/Preview Submit - Confirm' is clicked on

2018-12-10 17:37:00 - [TEST_STEP][PASSED] - delay: Delayed 15 second(s)

2018-12-10 17:37:15 - [MESSAGE][PASSED] - Delayed 15 second(s)

2018-12-10 17:37:15 - [TEST_STEP][PASSED] - Statement - driver = com.kms.katalon.core.webui.driver.DriverFactory.getWebDriver(): null

2018-12-10 17:37:15 - [TEST_STEP][PASSED] - Statement - driver.manage().timeouts().implicitlyWait(10, SECONDS): null

2018-12-10 17:37:15 - [TEST_STEP][PASSED] - Statement - PresavePath = KatalonScreenshots: null

2018-12-10 17:37:15 - [TEST_STEP][PASSED] - Statement - pathPrefix = "C:\Users\Public\Pictures\Sample Pictures\Katalon Screenshots\Automate Ending Screen": null

2018-12-10 17:37:15 - [TEST_STEP][PASSED] - Statement - finalPath = <not implemented yet for class: org.codehaus.groovy.ast.expr.EmptyExpression>: null

2018-12-10 17:37:15 - [TEST_STEP][PASSED] - Statement - scrFile = driver.getScreenshotAs(FILE): null

2018-12-10 17:37:16 - [TEST_STEP][PASSED] - Statement - PreSaveFile = new java.io.File(PresavePath): null

2018-12-10 17:37:16 - [TEST_STEP][PASSED] - Statement - counter = 0: null

2018-12-10 17:37:16 - [TEST_STEP][PASSED] - Statement - If (PreSaveFile.exists()): null

2018-12-10 17:37:16 - [TEST_STEP][PASSED] - Statement - While (PreSaveFile.exists()): null

2018-12-10 17:37:16 - [TEST_STEP][PASSED] - Statement - counter = counter + 1: null

2018-12-10 17:37:16 - [TEST_STEP][PASSED] - Statement - PreSaveFile = new java.io.File(((pathPrefix + java.lang.Integer.toString(counter)) + .png)): null

2018-12-10 17:37:16 - [TEST_STEP][PASSED] - Statement - counter = counter + 1: null

2018-12-10 17:37:16 - [TEST_STEP][PASSED] - Statement - PreSaveFile = new java.io.File(((pathPrefix + java.lang.Integer.toString(counter)) + .png)): null

2018-12-10 17:37:16 - [TEST_STEP][PASSED] - Statement - counter = counter + 1: null

2018-12-10 17:37:16 - [TEST_STEP][PASSED] - Statement - PreSaveFile = new java.io.File(((pathPrefix + java.lang.Integer.toString(counter)) + .png)): null

2018-12-10 17:37:16 - [TEST_STEP][PASSED] - Statement - counter = counter + 1: null

2018-12-10 17:37:16 - [TEST_STEP][PASSED] - Statement - PreSaveFile = new java.io.File(((pathPrefix + java.lang.Integer.toString(counter)) + .png)): null

2018-12-10 17:37:16 - [TEST_STEP][PASSED] - Statement - counter = counter + 1: null

2018-12-10 17:37:16 - [TEST_STEP][PASSED] - Statement - PreSaveFile = new java.io.File(((pathPrefix + java.lang.Integer.toString(counter)) + .png)): null

2018-12-10 17:37:16 - [TEST_STEP][PASSED] - Statement - finalPath = pathPrefix + java.lang.Integer.toString(counter) + ".png": null

2018-12-10 17:37:16 - [TEST_STEP][PASSED] - Statement - SaveFile = new java.io.File(finalPath): null

2018-12-10 17:37:16 - [TEST_STEP][PASSED] - Statement - Try: null

2018-12-10 17:37:16 - [TEST_STEP][PASSED] - Statement - org.apache.commons.io.FileUtils.copyFile(scrFile, SaveFile): null

2018-12-10 17:37:16 - [TEST_STEP][PASSED] - Statement - out.println("file kept"): null

2018-12-10 17:37:16 - [TEST_STEP][PASSED] - delay: Delayed 10 second(s)

2018-12-10 17:37:26 - [MESSAGE][PASSED] - Delayed 10 second(s)

2018-12-10 17:37:26 - [MESSAGE][PASSED] - Call Test Case 'Test Cases/Final Aug 2018 - PKS Automation/Registration Module/New Registration/Submit and Screenshot/Submit Registration and Screenshot' successfully]]></system-out>
         <system-err><![CDATA[]]></system-err>
      </testcase>
      <testcase name="Test Cases/Final Aug 2018 - PKS Automation/Registration Module/Critical Path/New Registration/Other - IPTS" classname="Test Cases/Final Aug 2018 - PKS Automation/Registration Module/Critical Path/New Registration/Other - IPTS" status="PASSED">
         <system-out><![CDATA[2018-12-10 17:37:26 - [TEST_CASE][PASSED] - Test Cases/Final Aug 2018 - PKS Automation/Registration Module/Critical Path/New Registration/Other - IPTS: Test Cases/Final Aug 2018 - PKS Automation/Registration Module/Critical Path/New Registration/Other - IPTS

2018-12-10 17:37:26 - [TEST_STEP][PASSED] - callTestCase: Call Test Case 'Test Cases/Final Aug 2018 - PKS Automation/Registration Module/New Registration/Form 1/Form 1 - Other - IPTS' successfully

2018-12-10 17:37:26 - [TEST_CASE][PASSED] - Test Cases/Final Aug 2018 - PKS Automation/Registration Module/New Registration/Form 1/Form 1 - Other - IPTS: Test Cases/Final Aug 2018 - PKS Automation/Registration Module/New Registration/Form 1/Form 1 - Other - IPTS

2018-12-10 17:37:26 - [TEST_STEP][PASSED] - openBrowser: Browser is opened with url: ''

2018-12-10 17:37:26 - [MESSAGE][WARNING] - A browser is already opened. Closing browser and opening a new one

2018-12-10 17:37:29 - [MESSAGE][PASSED] - Browser is opened with url: ''

2018-12-10 17:37:29 - [TEST_STEP][PASSED] - navigateToUrl: Navigate to 'https://assist2-uat.perkeso.gov.my/login' successfully

2018-12-10 17:37:31 - [MESSAGE][PASSED] - Navigate to 'https://assist2-uat.perkeso.gov.my/login' successfully

2018-12-10 17:37:31 - [TEST_STEP][PASSED] - setText: Text 'johorotc1@gmail.com' is set on object 'Object Repository/Final Object Repo/Login Page/Internal User/Email Address'

2018-12-10 17:37:31 - [MESSAGE][PASSED] - Text 'johorotc1@gmail.com' is set on object 'Object Repository/Final Object Repo/Login Page/Internal User/Email Address'

2018-12-10 17:37:31 - [TEST_STEP][PASSED] - click: Object: 'Object Repository/Final Object Repo/Login Page/Internal User/Next Button' is clicked on

2018-12-10 17:37:31 - [MESSAGE][PASSED] - Object: 'Object Repository/Final Object Repo/Login Page/Internal User/Next Button' is clicked on

2018-12-10 17:37:31 - [TEST_STEP][PASSED] - delay: Delayed 1 second(s)

2018-12-10 17:37:32 - [MESSAGE][PASSED] - Delayed 1 second(s)

2018-12-10 17:37:32 - [TEST_STEP][PASSED] - setEncryptedText: Text ****** has been set on object 'Object Repository/Final Object Repo/Login Page/Internal User/Password'

2018-12-10 17:37:33 - [MESSAGE][PASSED] - Text ****** has been set on object 'Object Repository/Final Object Repo/Login Page/Internal User/Password'

2018-12-10 17:37:33 - [TEST_STEP][PASSED] - click: Object: 'Object Repository/Final Object Repo/Login Page/Internal User/Login Button' is clicked on

2018-12-10 17:37:33 - [MESSAGE][PASSED] - Object: 'Object Repository/Final Object Repo/Login Page/Internal User/Login Button' is clicked on

2018-12-10 17:37:33 - [TEST_STEP][PASSED] - delay: Delayed 1 second(s)

2018-12-10 17:37:34 - [MESSAGE][PASSED] - Delayed 1 second(s)

2018-12-10 17:37:34 - [TEST_STEP][PASSED] - Statement - Try: Delayed 2 second(s)

2018-12-10 17:37:34 - [TEST_STEP][PASSED] - Statement - Checker = false: null

2018-12-10 17:37:34 - [TEST_STEP][PASSED] - Statement - Checker = com.kms.katalon.core.webui.keyword.WebUiBuiltInKeywords.verifyElementHasAttribute(com.kms.katalon.core.testobject.ObjectRepository.findTestObject(Final Object Repo/Landing Page/BM Detecting), "href", 20, OPTIONAL): Object 'Object Repository/Final Object Repo/Landing Page/BM Detecting' has attribute 'href'

2018-12-10 17:37:35 - [MESSAGE][PASSED] - Object 'Object Repository/Final Object Repo/Landing Page/BM Detecting' has attribute 'href'

2018-12-10 17:37:35 - [TEST_STEP][PASSED] - Statement - out.println(Checker): null

2018-12-10 17:37:35 - [TEST_STEP][PASSED] - Statement - If (Checker == false): null

2018-12-10 17:37:35 - [TEST_STEP][PASSED] - Statement - Else: null

2018-12-10 17:37:35 - [TEST_STEP][PASSED] - delay: Delayed 2 second(s)

2018-12-10 17:37:37 - [MESSAGE][PASSED] - Delayed 2 second(s)

2018-12-10 17:37:37 - [TEST_STEP][PASSED] - navigateToUrl: Navigate to 'https://assist2-uat.perkeso.gov.my/web/registration/registration' successfully

2018-12-10 17:37:38 - [MESSAGE][PASSED] - Navigate to 'https://assist2-uat.perkeso.gov.my/web/registration/registration' successfully

2018-12-10 17:37:38 - [TEST_STEP][PASSED] - click: Object: 'Object Repository/Final Object Repo/New Registration - Registration Module Pages/Form 1/AEC - No' is clicked on

2018-12-10 17:37:38 - [MESSAGE][PASSED] - Object: 'Object Repository/Final Object Repo/New Registration - Registration Module Pages/Form 1/AEC - No' is clicked on

2018-12-10 17:37:38 - [TEST_STEP][PASSED] - click: Object: 'Object Repository/Final Object Repo/New Registration - Registration Module Pages/Form 1/Business Entity' is clicked on

2018-12-10 17:37:39 - [MESSAGE][PASSED] - Object: 'Object Repository/Final Object Repo/New Registration - Registration Module Pages/Form 1/Business Entity' is clicked on

2018-12-10 17:37:39 - [TEST_STEP][PASSED] - click: Object: 'Object Repository/Final Object Repo/New Registration - Registration Module Pages/Form 1/Business Entity - Other' is clicked on

2018-12-10 17:37:39 - [MESSAGE][PASSED] - Object: 'Object Repository/Final Object Repo/New Registration - Registration Module Pages/Form 1/Business Entity - Other' is clicked on

2018-12-10 17:37:39 - [TEST_STEP][PASSED] - delay: Delayed 1 second(s)

2018-12-10 17:37:40 - [MESSAGE][PASSED] - Delayed 1 second(s)

2018-12-10 17:37:40 - [TEST_STEP][PASSED] - click: Object: 'Object Repository/Final Object Repo/New Registration - Registration Module Pages/Form 1/Sub Business Entity' is clicked on

2018-12-10 17:37:40 - [MESSAGE][PASSED] - Object: 'Object Repository/Final Object Repo/New Registration - Registration Module Pages/Form 1/Sub Business Entity' is clicked on

2018-12-10 17:37:40 - [TEST_STEP][PASSED] - click: Object: 'Object Repository/Final Object Repo/New Registration - Registration Module Pages/Form 1/Sub Business Entity - Other/Sub Business Entity  - IPTS' is clicked on

2018-12-10 17:37:40 - [MESSAGE][PASSED] - Object: 'Object Repository/Final Object Repo/New Registration - Registration Module Pages/Form 1/Sub Business Entity - Other/Sub Business Entity  - IPTS' is clicked on

2018-12-10 17:37:40 - [TEST_STEP][PASSED] - delay: Delayed 1 second(s)

2018-12-10 17:37:41 - [MESSAGE][PASSED] - Delayed 1 second(s)

2018-12-10 17:37:41 - [TEST_STEP][NOT_RUN] - click: NOT_RUN: click

2018-12-10 17:37:41 - [MESSAGE][NOT_RUN] - NOT_RUN: click

2018-12-10 17:37:41 - [TEST_STEP][NOT_RUN] - click: NOT_RUN: click

2018-12-10 17:37:41 - [MESSAGE][NOT_RUN] - NOT_RUN: click

2018-12-10 17:37:41 - [TEST_STEP][NOT_RUN] - delay: NOT_RUN: delay

2018-12-10 17:37:41 - [MESSAGE][NOT_RUN] - NOT_RUN: delay

2018-12-10 17:37:41 - [TEST_STEP][PASSED] - setText: Text '123' is set on object 'Object Repository/Final Object Repo/New Registration - Registration Module Pages/Form 1/Registration Number'

2018-12-10 17:37:42 - [MESSAGE][PASSED] - Text '123' is set on object 'Object Repository/Final Object Repo/New Registration - Registration Module Pages/Form 1/Registration Number'

2018-12-10 17:37:42 - [TEST_STEP][NOT_RUN] - click: NOT_RUN: click

2018-12-10 17:37:42 - [MESSAGE][NOT_RUN] - NOT_RUN: click

2018-12-10 17:37:42 - [TEST_STEP][PASSED] - click: Object: 'Object Repository/Final Object Repo/New Registration - Registration Module Pages/Form 1/Registered As a Branch - Yes' is clicked on

2018-12-10 17:37:42 - [MESSAGE][PASSED] - Object: 'Object Repository/Final Object Repo/New Registration - Registration Module Pages/Form 1/Registered As a Branch - Yes' is clicked on

2018-12-10 17:37:42 - [TEST_STEP][PASSED] - check: Object 'Object Repository/Final Object Repo/New Registration - Registration Module Pages/Form 1/Acknowledgement' is checked

2018-12-10 17:37:42 - [MESSAGE][PASSED] - Object 'Object Repository/Final Object Repo/New Registration - Registration Module Pages/Form 1/Acknowledgement' is checked

2018-12-10 17:37:42 - [TEST_STEP][PASSED] - setText: Text 'perkeso' is set on object 'Object Repository/Final Object Repo/New Registration - Registration Module Pages/Form 1/Industry name'

2018-12-10 17:37:42 - [MESSAGE][PASSED] - Text 'perkeso' is set on object 'Object Repository/Final Object Repo/New Registration - Registration Module Pages/Form 1/Industry name'

2018-12-10 17:37:42 - [TEST_STEP][PASSED] - setText: Text 'perkeso1' is set on object 'Object Repository/Final Object Repo/New Registration - Registration Module Pages/Form 1/Postal Address1'

2018-12-10 17:37:43 - [MESSAGE][PASSED] - Text 'perkeso1' is set on object 'Object Repository/Final Object Repo/New Registration - Registration Module Pages/Form 1/Postal Address1'

2018-12-10 17:37:43 - [TEST_STEP][PASSED] - setText: Text 'perkeso2' is set on object 'Object Repository/Final Object Repo/New Registration - Registration Module Pages/Form 1/Postal Address2'

2018-12-10 17:37:43 - [MESSAGE][PASSED] - Text 'perkeso2' is set on object 'Object Repository/Final Object Repo/New Registration - Registration Module Pages/Form 1/Postal Address2'

2018-12-10 17:37:43 - [TEST_STEP][PASSED] - setText: Text 'perkeso3' is set on object 'Object Repository/Final Object Repo/New Registration - Registration Module Pages/Form 1/Postal Address3'

2018-12-10 17:37:43 - [MESSAGE][PASSED] - Text 'perkeso3' is set on object 'Object Repository/Final Object Repo/New Registration - Registration Module Pages/Form 1/Postal Address3'

2018-12-10 17:37:43 - [TEST_STEP][PASSED] - click: Object: 'Object Repository/Final Object Repo/New Registration - Registration Module Pages/Form 1/State' is clicked on

2018-12-10 17:37:43 - [MESSAGE][PASSED] - Object: 'Object Repository/Final Object Repo/New Registration - Registration Module Pages/Form 1/State' is clicked on

2018-12-10 17:37:43 - [TEST_STEP][PASSED] - click: Object: 'Object Repository/Final Object Repo/New Registration - Registration Module Pages/Form 1/State - Johor' is clicked on

2018-12-10 17:37:44 - [MESSAGE][PASSED] - Object: 'Object Repository/Final Object Repo/New Registration - Registration Module Pages/Form 1/State - Johor' is clicked on

2018-12-10 17:37:44 - [TEST_STEP][PASSED] - delay: Delayed 1 second(s)

2018-12-10 17:37:45 - [MESSAGE][PASSED] - Delayed 1 second(s)

2018-12-10 17:37:45 - [TEST_STEP][PASSED] - click: Object: 'Object Repository/Final Object Repo/New Registration - Registration Module Pages/Form 1/City' is clicked on

2018-12-10 17:37:45 - [MESSAGE][PASSED] - Object: 'Object Repository/Final Object Repo/New Registration - Registration Module Pages/Form 1/City' is clicked on

2018-12-10 17:37:45 - [TEST_STEP][PASSED] - setText: Text 'joh' is set on object 'Object Repository/Final Object Repo/New Registration - Registration Module Pages/Form 1/Postcode - 810'

2018-12-10 17:37:45 - [MESSAGE][PASSED] - Text 'joh' is set on object 'Object Repository/Final Object Repo/New Registration - Registration Module Pages/Form 1/Postcode - 810'

2018-12-10 17:37:45 - [TEST_STEP][PASSED] - delay: Delayed 1 second(s)

2018-12-10 17:37:46 - [MESSAGE][PASSED] - Delayed 1 second(s)

2018-12-10 17:37:46 - [TEST_STEP][PASSED] - click: Object: 'Object Repository/Final Object Repo/New Registration - Registration Module Pages/Form 1/City - Johor Bharu' is clicked on

2018-12-10 17:37:46 - [MESSAGE][PASSED] - Object: 'Object Repository/Final Object Repo/New Registration - Registration Module Pages/Form 1/City - Johor Bharu' is clicked on

2018-12-10 17:37:46 - [TEST_STEP][PASSED] - delay: Delayed 1 second(s)

2018-12-10 17:37:47 - [MESSAGE][PASSED] - Delayed 1 second(s)

2018-12-10 17:37:47 - [TEST_STEP][PASSED] - click: Object: 'Object Repository/Final Object Repo/New Registration - Registration Module Pages/Form 1/Postcode' is clicked on

2018-12-10 17:37:47 - [MESSAGE][PASSED] - Object: 'Object Repository/Final Object Repo/New Registration - Registration Module Pages/Form 1/Postcode' is clicked on

2018-12-10 17:37:47 - [TEST_STEP][PASSED] - delay: Delayed 1 second(s)

2018-12-10 17:37:48 - [MESSAGE][PASSED] - Delayed 1 second(s)

2018-12-10 17:37:48 - [TEST_STEP][PASSED] - setText: Text '810' is set on object 'Object Repository/Final Object Repo/New Registration - Registration Module Pages/Form 1/Postcode - 810'

2018-12-10 17:37:49 - [MESSAGE][PASSED] - Text '810' is set on object 'Object Repository/Final Object Repo/New Registration - Registration Module Pages/Form 1/Postcode - 810'

2018-12-10 17:37:49 - [TEST_STEP][PASSED] - delay: Delayed 1 second(s)

2018-12-10 17:37:50 - [MESSAGE][PASSED] - Delayed 1 second(s)

2018-12-10 17:37:50 - [TEST_STEP][PASSED] - click: Object: 'Object Repository/Final Object Repo/New Registration - Registration Module Pages/Form 1/Postcode - 81000' is clicked on

2018-12-10 17:37:50 - [MESSAGE][PASSED] - Object: 'Object Repository/Final Object Repo/New Registration - Registration Module Pages/Form 1/Postcode - 81000' is clicked on

2018-12-10 17:37:50 - [TEST_STEP][PASSED] - delay: Delayed 1 second(s)

2018-12-10 17:37:51 - [MESSAGE][PASSED] - Delayed 1 second(s)

2018-12-10 17:37:51 - [TEST_STEP][PASSED] - setText: Text '100' is set on object 'Object Repository/Final Object Repo/New Registration - Registration Module Pages/Form 1/P.O.BOX'

2018-12-10 17:37:51 - [MESSAGE][PASSED] - Text '100' is set on object 'Object Repository/Final Object Repo/New Registration - Registration Module Pages/Form 1/P.O.BOX'

2018-12-10 17:37:51 - [TEST_STEP][PASSED] - setText: Text '100' is set on object 'Object Repository/Final Object Repo/New Registration - Registration Module Pages/Form 1/Locked Bag No'

2018-12-10 17:37:51 - [MESSAGE][PASSED] - Text '100' is set on object 'Object Repository/Final Object Repo/New Registration - Registration Module Pages/Form 1/Locked Bag No'

2018-12-10 17:37:51 - [TEST_STEP][PASSED] - click: Object: 'Object Repository/Final Object Repo/New Registration - Registration Module Pages/Form 1/SOCSO Office Location' is clicked on

2018-12-10 17:37:52 - [MESSAGE][PASSED] - Object: 'Object Repository/Final Object Repo/New Registration - Registration Module Pages/Form 1/SOCSO Office Location' is clicked on

2018-12-10 17:37:52 - [TEST_STEP][PASSED] - click: Object: 'Object Repository/Final Object Repo/New Registration - Registration Module Pages/Form 1/SOCSO Office Location - Pejabat PERKESO Negeri Johor' is clicked on

2018-12-10 17:37:52 - [MESSAGE][PASSED] - Object: 'Object Repository/Final Object Repo/New Registration - Registration Module Pages/Form 1/SOCSO Office Location - Pejabat PERKESO Negeri Johor' is clicked on

2018-12-10 17:37:52 - [TEST_STEP][PASSED] - delay: Delayed 1 second(s)

2018-12-10 17:37:53 - [MESSAGE][PASSED] - Delayed 1 second(s)

2018-12-10 17:37:53 - [TEST_STEP][PASSED] - check: Object 'Object Repository/Final Object Repo/New Registration - Registration Module Pages/Form 1/Indusrty Address Same As Postal Address' is checked

2018-12-10 17:37:53 - [MESSAGE][PASSED] - Object 'Object Repository/Final Object Repo/New Registration - Registration Module Pages/Form 1/Indusrty Address Same As Postal Address' is checked

2018-12-10 17:37:53 - [TEST_STEP][PASSED] - delay: Delayed 3 second(s)

2018-12-10 17:37:56 - [MESSAGE][PASSED] - Delayed 3 second(s)

2018-12-10 17:37:56 - [TEST_STEP][PASSED] - click: Object: 'Object Repository/Final Object Repo/New Registration - Registration Module Pages/Form 1/Indusry Address Same As Postal Address False' is clicked on

2018-12-10 17:37:56 - [MESSAGE][PASSED] - Object: 'Object Repository/Final Object Repo/New Registration - Registration Module Pages/Form 1/Indusry Address Same As Postal Address False' is clicked on

2018-12-10 17:37:56 - [TEST_STEP][PASSED] - delay: Delayed 1 second(s)

2018-12-10 17:37:57 - [MESSAGE][PASSED] - Delayed 1 second(s)

2018-12-10 17:37:57 - [TEST_STEP][PASSED] - setText: Text 'perkeso1' is set on object 'Object Repository/Final Object Repo/New Registration - Registration Module Pages/Form 1/Industry Address1'

2018-12-10 17:37:58 - [MESSAGE][PASSED] - Text 'perkeso1' is set on object 'Object Repository/Final Object Repo/New Registration - Registration Module Pages/Form 1/Industry Address1'

2018-12-10 17:37:58 - [TEST_STEP][PASSED] - setText: Text 'perkeso2' is set on object 'Object Repository/Final Object Repo/New Registration - Registration Module Pages/Form 1/Industry Address2'

2018-12-10 17:37:58 - [MESSAGE][PASSED] - Text 'perkeso2' is set on object 'Object Repository/Final Object Repo/New Registration - Registration Module Pages/Form 1/Industry Address2'

2018-12-10 17:37:58 - [TEST_STEP][PASSED] - setText: Text 'perkeso3' is set on object 'Object Repository/Final Object Repo/New Registration - Registration Module Pages/Form 1/Industry Address3'

2018-12-10 17:37:58 - [MESSAGE][PASSED] - Text 'perkeso3' is set on object 'Object Repository/Final Object Repo/New Registration - Registration Module Pages/Form 1/Industry Address3'

2018-12-10 17:37:58 - [TEST_STEP][PASSED] - click: Object: 'Object Repository/Final Object Repo/New Registration - Registration Module Pages/Form 1/Industry State' is clicked on

2018-12-10 17:37:59 - [MESSAGE][PASSED] - Object: 'Object Repository/Final Object Repo/New Registration - Registration Module Pages/Form 1/Industry State' is clicked on

2018-12-10 17:37:59 - [TEST_STEP][PASSED] - delay: Delayed 2 second(s)

2018-12-10 17:38:01 - [MESSAGE][PASSED] - Delayed 2 second(s)

2018-12-10 17:38:01 - [TEST_STEP][PASSED] - click: Object: 'Object Repository/Final Object Repo/New Registration - Registration Module Pages/Form 1/Industry State - Johor' is clicked on

2018-12-10 17:38:01 - [MESSAGE][PASSED] - Object: 'Object Repository/Final Object Repo/New Registration - Registration Module Pages/Form 1/Industry State - Johor' is clicked on

2018-12-10 17:38:01 - [TEST_STEP][PASSED] - delay: Delayed 2 second(s)

2018-12-10 17:38:03 - [MESSAGE][PASSED] - Delayed 2 second(s)

2018-12-10 17:38:03 - [TEST_STEP][PASSED] - click: Object: 'Object Repository/Final Object Repo/New Registration - Registration Module Pages/Form 1/Industry Ciry' is clicked on

2018-12-10 17:38:03 - [MESSAGE][PASSED] - Object: 'Object Repository/Final Object Repo/New Registration - Registration Module Pages/Form 1/Industry Ciry' is clicked on

2018-12-10 17:38:03 - [TEST_STEP][PASSED] - setText: Text 'joh' is set on object 'Object Repository/Final Object Repo/New Registration - Registration Module Pages/Form 1/Industry Ciry - joh'

2018-12-10 17:38:03 - [MESSAGE][PASSED] - Text 'joh' is set on object 'Object Repository/Final Object Repo/New Registration - Registration Module Pages/Form 1/Industry Ciry - joh'

2018-12-10 17:38:03 - [TEST_STEP][PASSED] - delay: Delayed 2 second(s)

2018-12-10 17:38:05 - [MESSAGE][PASSED] - Delayed 2 second(s)

2018-12-10 17:38:05 - [TEST_STEP][PASSED] - click: Object: 'Object Repository/Final Object Repo/New Registration - Registration Module Pages/Form 1/Industy State - Johor Bharu' is clicked on

2018-12-10 17:38:05 - [MESSAGE][PASSED] - Object: 'Object Repository/Final Object Repo/New Registration - Registration Module Pages/Form 1/Industy State - Johor Bharu' is clicked on

2018-12-10 17:38:05 - [TEST_STEP][PASSED] - delay: Delayed 1 second(s)

2018-12-10 17:38:06 - [MESSAGE][PASSED] - Delayed 1 second(s)

2018-12-10 17:38:06 - [TEST_STEP][PASSED] - click: Object: 'Object Repository/Final Object Repo/New Registration - Registration Module Pages/Form 1/Indusry PostCode' is clicked on

2018-12-10 17:38:07 - [MESSAGE][PASSED] - Object: 'Object Repository/Final Object Repo/New Registration - Registration Module Pages/Form 1/Indusry PostCode' is clicked on

2018-12-10 17:38:07 - [TEST_STEP][PASSED] - delay: Delayed 1 second(s)

2018-12-10 17:38:08 - [MESSAGE][PASSED] - Delayed 1 second(s)

2018-12-10 17:38:08 - [TEST_STEP][PASSED] - setText: Text '810' is set on object 'Object Repository/Final Object Repo/New Registration - Registration Module Pages/Form 1/Insutry Post Code - 810'

2018-12-10 17:38:08 - [MESSAGE][PASSED] - Text '810' is set on object 'Object Repository/Final Object Repo/New Registration - Registration Module Pages/Form 1/Insutry Post Code - 810'

2018-12-10 17:38:08 - [TEST_STEP][PASSED] - delay: Delayed 1 second(s)

2018-12-10 17:38:09 - [MESSAGE][PASSED] - Delayed 1 second(s)

2018-12-10 17:38:09 - [TEST_STEP][PASSED] - click: Object: 'Object Repository/Final Object Repo/New Registration - Registration Module Pages/Form 1/Insutry Post Code - 81000' is clicked on

2018-12-10 17:38:09 - [MESSAGE][PASSED] - Object: 'Object Repository/Final Object Repo/New Registration - Registration Module Pages/Form 1/Insutry Post Code - 81000' is clicked on

2018-12-10 17:38:09 - [TEST_STEP][PASSED] - delay: Delayed 1 second(s)

2018-12-10 17:38:10 - [MESSAGE][PASSED] - Delayed 1 second(s)

2018-12-10 17:38:10 - [TEST_STEP][PASSED] - setText: Text '100' is set on object 'Object Repository/Final Object Repo/New Registration - Registration Module Pages/Form 1/Industry P.O.BOX'

2018-12-10 17:38:10 - [MESSAGE][PASSED] - Text '100' is set on object 'Object Repository/Final Object Repo/New Registration - Registration Module Pages/Form 1/Industry P.O.BOX'

2018-12-10 17:38:10 - [TEST_STEP][PASSED] - setText: Text '100' is set on object 'Object Repository/Final Object Repo/New Registration - Registration Module Pages/Form 1/Industry Locked Bag No'

2018-12-10 17:38:10 - [MESSAGE][PASSED] - Text '100' is set on object 'Object Repository/Final Object Repo/New Registration - Registration Module Pages/Form 1/Industry Locked Bag No'

2018-12-10 17:38:10 - [TEST_STEP][PASSED] - setText: Text '123456789' is set on object 'Object Repository/Final Object Repo/New Registration - Registration Module Pages/Form 1/Telephone No'

2018-12-10 17:38:11 - [MESSAGE][PASSED] - Text '123456789' is set on object 'Object Repository/Final Object Repo/New Registration - Registration Module Pages/Form 1/Telephone No'

2018-12-10 17:38:11 - [TEST_STEP][PASSED] - setText: Text '123456789' is set on object 'Object Repository/Final Object Repo/New Registration - Registration Module Pages/Form 1/Mobile No'

2018-12-10 17:38:11 - [MESSAGE][PASSED] - Text '123456789' is set on object 'Object Repository/Final Object Repo/New Registration - Registration Module Pages/Form 1/Mobile No'

2018-12-10 17:38:11 - [TEST_STEP][PASSED] - setText: Text '123456789' is set on object 'Object Repository/Final Object Repo/New Registration - Registration Module Pages/Form 1/Fax No'

2018-12-10 17:38:12 - [MESSAGE][PASSED] - Text '123456789' is set on object 'Object Repository/Final Object Repo/New Registration - Registration Module Pages/Form 1/Fax No'

2018-12-10 17:38:12 - [TEST_STEP][PASSED] - click: Object: 'Object Repository/Final Object Repo/New Registration - Registration Module Pages/Form 1/Industry Code' is clicked on

2018-12-10 17:38:12 - [MESSAGE][PASSED] - Object: 'Object Repository/Final Object Repo/New Registration - Registration Module Pages/Form 1/Industry Code' is clicked on

2018-12-10 17:38:12 - [TEST_STEP][PASSED] - click: Object: 'Object Repository/Final Object Repo/New Registration - Registration Module Pages/Form 1/Indudustry Code - Crops and Animal' is clicked on

2018-12-10 17:38:12 - [MESSAGE][PASSED] - Object: 'Object Repository/Final Object Repo/New Registration - Registration Module Pages/Form 1/Indudustry Code - Crops and Animal' is clicked on

2018-12-10 17:38:12 - [TEST_STEP][PASSED] - delay: Delayed 1 second(s)

2018-12-10 17:38:13 - [MESSAGE][PASSED] - Delayed 1 second(s)

2018-12-10 17:38:13 - [TEST_STEP][PASSED] - click: Object: 'Object Repository/Final Object Repo/New Registration - Registration Module Pages/Form 1/Sub Industry Code List' is clicked on

2018-12-10 17:38:13 - [MESSAGE][PASSED] - Object: 'Object Repository/Final Object Repo/New Registration - Registration Module Pages/Form 1/Sub Industry Code List' is clicked on

2018-12-10 17:38:13 - [TEST_STEP][PASSED] - click: Object: 'Object Repository/Final Object Repo/New Registration - Registration Module Pages/Form 1/Sub Industry Code List - Growing of Maize' is clicked on

2018-12-10 17:38:14 - [MESSAGE][PASSED] - Object: 'Object Repository/Final Object Repo/New Registration - Registration Module Pages/Form 1/Sub Industry Code List - Growing of Maize' is clicked on

2018-12-10 17:38:14 - [TEST_STEP][PASSED] - setText: Text 'perkeso123@gmail.com' is set on object 'Object Repository/Final Object Repo/New Registration - Registration Module Pages/Form 1/Email'

2018-12-10 17:38:14 - [MESSAGE][PASSED] - Text 'perkeso123@gmail.com' is set on object 'Object Repository/Final Object Repo/New Registration - Registration Module Pages/Form 1/Email'

2018-12-10 17:38:14 - [TEST_STEP][PASSED] - click: Object: 'Object Repository/Final Object Repo/New Registration - Registration Module Pages/Form 1/Method of Contribution Payment' is clicked on

2018-12-10 17:38:14 - [MESSAGE][PASSED] - Object: 'Object Repository/Final Object Repo/New Registration - Registration Module Pages/Form 1/Method of Contribution Payment' is clicked on

2018-12-10 17:38:14 - [TEST_STEP][PASSED] - click: Object: 'Object Repository/Final Object Repo/New Registration - Registration Module Pages/Form 1/Method of Contribution Payment - Portal' is clicked on

2018-12-10 17:38:15 - [MESSAGE][PASSED] - Object: 'Object Repository/Final Object Repo/New Registration - Registration Module Pages/Form 1/Method of Contribution Payment - Portal' is clicked on

2018-12-10 17:38:15 - [TEST_STEP][PASSED] - click: Object: 'Object Repository/Final Object Repo/New Registration - Registration Module Pages/Form 1/Servide Type' is clicked on

2018-12-10 17:38:15 - [MESSAGE][PASSED] - Object: 'Object Repository/Final Object Repo/New Registration - Registration Module Pages/Form 1/Servide Type' is clicked on

2018-12-10 17:38:15 - [TEST_STEP][PASSED] - click: Object: 'Object Repository/Final Object Repo/New Registration - Registration Module Pages/Form 1/Servide Type - Professional Bodies' is clicked on

2018-12-10 17:38:15 - [MESSAGE][PASSED] - Object: 'Object Repository/Final Object Repo/New Registration - Registration Module Pages/Form 1/Servide Type - Professional Bodies' is clicked on

2018-12-10 17:38:15 - [TEST_STEP][PASSED] - click: Object: 'Object Repository/Final Object Repo/New Registration - Registration Module Pages/Form 1/Industry Venue' is clicked on

2018-12-10 17:38:15 - [MESSAGE][PASSED] - Object: 'Object Repository/Final Object Repo/New Registration - Registration Module Pages/Form 1/Industry Venue' is clicked on

2018-12-10 17:38:15 - [TEST_STEP][PASSED] - click: Object: 'Object Repository/Final Object Repo/New Registration - Registration Module Pages/Form 1/Industry Venue -  PPN JOHOR' is clicked on

2018-12-10 17:38:15 - [MESSAGE][PASSED] - Object: 'Object Repository/Final Object Repo/New Registration - Registration Module Pages/Form 1/Industry Venue -  PPN JOHOR' is clicked on

2018-12-10 17:38:15 - [TEST_STEP][PASSED] - click: Object: 'Object Repository/Final Object Repo/New Registration - Registration Module Pages/Form 1/Save  Continue' is clicked on

2018-12-10 17:38:16 - [MESSAGE][PASSED] - Object: 'Object Repository/Final Object Repo/New Registration - Registration Module Pages/Form 1/Save  Continue' is clicked on

2018-12-10 17:38:16 - [MESSAGE][PASSED] - Call Test Case 'Test Cases/Final Aug 2018 - PKS Automation/Registration Module/New Registration/Form 1/Form 1 - Other - IPTS' successfully

2018-12-10 17:38:16 - [TEST_STEP][PASSED] - callTestCase: Call Test Case 'Test Cases/Final Aug 2018 - PKS Automation/Registration Module/New Registration/Form 2/Add 2 Eligible 2 Not Eligible' successfully

2018-12-10 17:38:16 - [TEST_CASE][PASSED] - Test Cases/Final Aug 2018 - PKS Automation/Registration Module/New Registration/Form 2/Add 2 Eligible 2 Not Eligible: Test Cases/Final Aug 2018 - PKS Automation/Registration Module/New Registration/Form 2/Add 2 Eligible 2 Not Eligible

2018-12-10 17:38:16 - [TEST_STEP][PASSED] - delay: Delayed 2 second(s)

2018-12-10 17:38:18 - [MESSAGE][PASSED] - Delayed 2 second(s)

2018-12-10 17:38:18 - [TEST_STEP][PASSED] - callTestCase: Call Test Case 'Test Cases/Final Aug 2018 - PKS Automation/Registration Module/New Registration/Form 2/Date Updater' successfully

2018-12-10 17:38:18 - [TEST_CASE][PASSED] - Test Cases/Final Aug 2018 - PKS Automation/Registration Module/New Registration/Form 2/Date Updater: Test Cases/Final Aug 2018 - PKS Automation/Registration Module/New Registration/Form 2/Date Updater

2018-12-10 17:38:18 - [TEST_STEP][PASSED] - Statement - TodayDate = new java.util.Date(): null

2018-12-10 17:38:18 - [TEST_STEP][PASSED] - Statement - CurrentDateNoFilter = new java.text.SimpleDateFormat(): null

2018-12-10 17:38:18 - [TEST_STEP][PASSED] - Statement - CurrentDateNoFilter.applyPattern("MM"): null

2018-12-10 17:38:18 - [TEST_STEP][PASSED] - Statement - monthContainerMatcher = java.lang.Integer.parseInt(CurrentDateNoFilter.format(TodayDate)): null

2018-12-10 17:38:18 - [TEST_STEP][PASSED] - Statement - monthContainerMatcher = monthContainerMatcher - 1: null

2018-12-10 17:38:18 - [TEST_STEP][PASSED] - Statement - CurrentMonth = monthContainerMatcher.toString(): null

2018-12-10 17:38:18 - [TEST_STEP][PASSED] - Statement - CurrentMonth = CurrentMonth: null

2018-12-10 17:38:18 - [TEST_STEP][PASSED] - Statement - CurrentDateNoFilter.applyPattern("yyyy"): null

2018-12-10 17:38:18 - [TEST_STEP][PASSED] - Statement - CurrentYear = CurrentDateNoFilter.format(TodayDate): null

2018-12-10 17:38:18 - [TEST_STEP][PASSED] - Statement - CurrentYear = CurrentYear: null

2018-12-10 17:38:18 - [TEST_STEP][PASSED] - Statement - intCurrentYear = java.lang.Integer.parseInt(CurrentDateNoFilter.format(TodayDate)): null

2018-12-10 17:38:18 - [TEST_STEP][PASSED] - Statement - eighteenYrsAgo = intCurrentYear - 18: null

2018-12-10 17:38:18 - [TEST_STEP][PASSED] - Statement - eighteenYrsBeforeThisYr = eighteenYrsAgo.toString(): null

2018-12-10 17:38:18 - [TEST_STEP][PASSED] - Statement - EighteenYrsBefore = eighteenYrsBeforeThisYr: null

2018-12-10 17:38:18 - [TEST_STEP][PASSED] - Statement - fiftysevenYrsAgo = intCurrentYear - 57: null

2018-12-10 17:38:18 - [TEST_STEP][PASSED] - Statement - fiftysevenYrsBeforeThisYr = fiftysevenYrsAgo.toString(): null

2018-12-10 17:38:18 - [TEST_STEP][PASSED] - Statement - FiftysevenYrsBefore = fiftysevenYrsBeforeThisYr: null

2018-12-10 17:38:18 - [TEST_STEP][PASSED] - Statement - leapYear = false: null

2018-12-10 17:38:18 - [TEST_STEP][PASSED] - Statement - leapYear = intCurrentYear % 4 == 0: null

2018-12-10 17:38:18 - [TEST_STEP][PASSED] - Statement - CurrentDateNoFilter.applyPattern("dd"): null

2018-12-10 17:38:18 - [TEST_STEP][PASSED] - Statement - CurrentDate = CurrentDateNoFilter.format(TodayDate): null

2018-12-10 17:38:18 - [TEST_STEP][PASSED] - Statement - CurrentDate = java.lang.Integer.parseInt(CurrentDate): null

2018-12-10 17:38:18 - [TEST_STEP][PASSED] - Statement - CurrentDate = CurrentDate: null

2018-12-10 17:38:18 - [TEST_STEP][PASSED] - Statement - CurrentDay = java.lang.Integer.parseInt(CurrentDate): null

2018-12-10 17:38:18 - [TEST_STEP][PASSED] - Statement - ConfAdder = <not implemented yet for class: org.codehaus.groovy.ast.expr.EmptyExpression>: null

2018-12-10 17:38:18 - [TEST_STEP][PASSED] - Statement - out.println(CurrentMonth): null

2018-12-10 17:38:18 - [TEST_STEP][PASSED] - Statement - out.println(CurrentDate): null

2018-12-10 17:38:18 - [TEST_STEP][PASSED] - Statement - switch (CurrentDate): null

2018-12-10 17:38:18 - [TEST_STEP][PASSED] - Statement - Default: null

2018-12-10 17:38:18 - [TEST_STEP][PASSED] - Statement - ConfAdder = true: null

2018-12-10 17:38:18 - [TEST_STEP][PASSED] - Statement - Break: null

2018-12-10 17:38:18 - [TEST_STEP][PASSED] - Statement - aDayBefore = <not implemented yet for class: org.codehaus.groovy.ast.expr.EmptyExpression>: null

2018-12-10 17:38:18 - [TEST_STEP][PASSED] - Statement - out.println(ConfAdder): null

2018-12-10 17:38:18 - [TEST_STEP][PASSED] - Statement - If (ConfAdder == true): null

2018-12-10 17:38:18 - [TEST_STEP][PASSED] - Statement - aDayBefore = CurrentDay + 1: null

2018-12-10 17:38:18 - [TEST_STEP][PASSED] - Statement - out.println(aDayBefore): null

2018-12-10 17:38:18 - [TEST_STEP][PASSED] - Statement - If (aDayBefore == 1 && CurrentMonth == 11): null

2018-12-10 17:38:18 - [TEST_STEP][PASSED] - Statement - DayBefore = aDayBefore.toString(): null

2018-12-10 17:38:18 - [TEST_STEP][PASSED] - Statement - OneDayBefore = DayBefore: null

2018-12-10 17:38:18 - [MESSAGE][PASSED] - Call Test Case 'Test Cases/Final Aug 2018 - PKS Automation/Registration Module/New Registration/Form 2/Date Updater' successfully

2018-12-10 17:38:18 - [TEST_STEP][PASSED] - delay: Delayed 1 second(s)

2018-12-10 17:38:19 - [MESSAGE][PASSED] - Delayed 1 second(s)

2018-12-10 17:38:19 - [TEST_STEP][PASSED] - Statement - CaseReferenceNo = com.kms.katalon.core.webui.keyword.WebUiBuiltInKeywords.getText(com.kms.katalon.core.testobject.ObjectRepository.findTestObject(Final Object Repo/New Registration - Registration Module Pages/Form 2/RefNo Acquiring)): Text of object 'Object Repository/Final Object Repo/New Registration - Registration Module Pages/Form 2/RefNo Acquiring' is: 'CRN12201800123137'

2018-12-10 17:38:19 - [MESSAGE][PASSED] - Text of object 'Object Repository/Final Object Repo/New Registration - Registration Module Pages/Form 2/RefNo Acquiring' is: 'CRN12201800123137'

2018-12-10 17:38:19 - [TEST_STEP][PASSED] - delay: Delayed 1 second(s)

2018-12-10 17:38:20 - [MESSAGE][PASSED] - Delayed 1 second(s)

2018-12-10 17:38:20 - [TEST_STEP][PASSED] - click: Object: 'Object Repository/Final Object Repo/New Registration - Registration Module Pages/Form 2/Add Employee Button' is clicked on

2018-12-10 17:38:20 - [MESSAGE][PASSED] - Object: 'Object Repository/Final Object Repo/New Registration - Registration Module Pages/Form 2/Add Employee Button' is clicked on

2018-12-10 17:38:20 - [TEST_STEP][PASSED] - delay: Delayed 4 second(s)

2018-12-10 17:38:24 - [MESSAGE][PASSED] - Delayed 4 second(s)

2018-12-10 17:38:24 - [TEST_STEP][PASSED] - setText: Text '010903091927' is set on object 'Object Repository/Final Object Repo/New Registration - Registration Module Pages/Form 2/NRIC Input'

2018-12-10 17:38:24 - [MESSAGE][PASSED] - Text '010903091927' is set on object 'Object Repository/Final Object Repo/New Registration - Registration Module Pages/Form 2/NRIC Input'

2018-12-10 17:38:24 - [TEST_STEP][PASSED] - click: Object: 'Object Repository/Final Object Repo/New Registration - Registration Module Pages/Form 2/button for search for IC' is clicked on

2018-12-10 17:38:25 - [MESSAGE][PASSED] - Object: 'Object Repository/Final Object Repo/New Registration - Registration Module Pages/Form 2/button for search for IC' is clicked on

2018-12-10 17:38:25 - [TEST_STEP][PASSED] - delay: Delayed 2 second(s)

2018-12-10 17:38:27 - [MESSAGE][PASSED] - Delayed 2 second(s)

2018-12-10 17:38:27 - [TEST_STEP][PASSED] - setText: Text 'Automate001 eligible 1' is set on object 'Object Repository/Final Object Repo/New Registration - Registration Module Pages/Form 2/Employee Name Input'

2018-12-10 17:38:27 - [MESSAGE][PASSED] - Text 'Automate001 eligible 1' is set on object 'Object Repository/Final Object Repo/New Registration - Registration Module Pages/Form 2/Employee Name Input'

2018-12-10 17:38:27 - [TEST_STEP][PASSED] - delay: Delayed 2 second(s)

2018-12-10 17:38:29 - [MESSAGE][PASSED] - Delayed 2 second(s)

2018-12-10 17:38:29 - [TEST_STEP][PASSED] - click: Object: 'Object Repository/Final Object Repo/New Registration - Registration Module Pages/Form 2/DatePicker Pop Up' is clicked on

2018-12-10 17:38:29 - [MESSAGE][PASSED] - Object: 'Object Repository/Final Object Repo/New Registration - Registration Module Pages/Form 2/DatePicker Pop Up' is clicked on

2018-12-10 17:38:29 - [TEST_STEP][PASSED] - click: Object: 'Object Repository/Final Object Repo/New Registration - Registration Module Pages/Form 2/DOB Month' is clicked on

2018-12-10 17:38:29 - [MESSAGE][PASSED] - Object: 'Object Repository/Final Object Repo/New Registration - Registration Module Pages/Form 2/DOB Month' is clicked on

2018-12-10 17:38:29 - [TEST_STEP][PASSED] - Statement - CurrentMonth = CurrentMonth: null

2018-12-10 17:38:29 - [TEST_STEP][PASSED] - Statement - selectMonth = new com.kms.katalon.core.testobject.TestObject(): null

2018-12-10 17:38:29 - [TEST_STEP][PASSED] - Statement - selectMonth.addProperty("xpath", EQUALS, "//body/div/div/div/select/option[@value='" + CurrentMonth + "']", true): null

2018-12-10 17:38:29 - [TEST_STEP][PASSED] - click: Object: '' is clicked on

2018-12-10 17:38:30 - [MESSAGE][PASSED] - Object: '' is clicked on

2018-12-10 17:38:30 - [TEST_STEP][PASSED] - click: Object: 'Object Repository/Final Object Repo/New Registration - Registration Module Pages/Form 2/DOB Year' is clicked on

2018-12-10 17:38:30 - [MESSAGE][PASSED] - Object: 'Object Repository/Final Object Repo/New Registration - Registration Module Pages/Form 2/DOB Year' is clicked on

2018-12-10 17:38:30 - [TEST_STEP][PASSED] - Statement - Eyearsbf = EighteenYrsBefore: null

2018-12-10 17:38:30 - [TEST_STEP][PASSED] - Statement - selectYear = new com.kms.katalon.core.testobject.TestObject(): null

2018-12-10 17:38:30 - [TEST_STEP][PASSED] - Statement - selectYear.addProperty("xpath", EQUALS, "//div/div/div/select/option[@value='" + Eyearsbf + "']", true): null

2018-12-10 17:38:30 - [TEST_STEP][PASSED] - click: Object: '' is clicked on

2018-12-10 17:38:30 - [MESSAGE][PASSED] - Object: '' is clicked on

2018-12-10 17:38:30 - [TEST_STEP][PASSED] - Statement - UpdatedSelectDate = com.kms.katalon.core.webui.keyword.WebUiBuiltInKeywords.modifyObjectProperty(com.kms.katalon.core.testobject.ObjectRepository.findTestObject(Final Object Repo/New Registration - Registration Module Pages/Form 2/DOB Date), "xpath", "equals", "//body/div/table/tbody/tr/td/a[text()="" + CurrentDate + ""]", true): Modify property of object successfully

2018-12-10 17:38:30 - [MESSAGE][PASSED] - Modify property of object successfully

2018-12-10 17:38:30 - [TEST_STEP][PASSED] - delay: Delayed 3 second(s)

2018-12-10 17:38:33 - [MESSAGE][PASSED] - Delayed 3 second(s)

2018-12-10 17:38:33 - [TEST_STEP][PASSED] - click: Object: 'Object Repository/Final Object Repo/New Registration - Registration Module Pages/Form 2/DOB Date' is clicked on

2018-12-10 17:38:33 - [MESSAGE][PASSED] - Object: 'Object Repository/Final Object Repo/New Registration - Registration Module Pages/Form 2/DOB Date' is clicked on

2018-12-10 17:38:33 - [TEST_STEP][PASSED] - delay: Delayed 2 second(s)

2018-12-10 17:38:35 - [MESSAGE][PASSED] - Delayed 2 second(s)

2018-12-10 17:38:35 - [TEST_STEP][PASSED] - click: Object: 'Object Repository/Final Object Repo/New Registration - Registration Module Pages/Form 2/EmploymentStartDate Pop Up' is clicked on

2018-12-10 17:38:35 - [MESSAGE][PASSED] - Object: 'Object Repository/Final Object Repo/New Registration - Registration Module Pages/Form 2/EmploymentStartDate Pop Up' is clicked on

2018-12-10 17:38:35 - [TEST_STEP][PASSED] - delay: Delayed 2 second(s)

2018-12-10 17:38:37 - [MESSAGE][PASSED] - Delayed 2 second(s)

2018-12-10 17:38:37 - [TEST_STEP][PASSED] - click: Object: 'Object Repository/Final Object Repo/New Registration - Registration Module Pages/Form 2/Socso Employment StartDate Month' is clicked on

2018-12-10 17:38:37 - [MESSAGE][PASSED] - Object: 'Object Repository/Final Object Repo/New Registration - Registration Module Pages/Form 2/Socso Employment StartDate Month' is clicked on

2018-12-10 17:38:37 - [TEST_STEP][PASSED] - delay: Delayed 1 second(s)

2018-12-10 17:38:38 - [MESSAGE][PASSED] - Delayed 1 second(s)

2018-12-10 17:38:38 - [TEST_STEP][PASSED] - click: Object: 'Object Repository/Final Object Repo/New Registration - Registration Module Pages/Form 2/Select Socso Employement Startdate Month' is clicked on

2018-12-10 17:38:39 - [MESSAGE][PASSED] - Object: 'Object Repository/Final Object Repo/New Registration - Registration Module Pages/Form 2/Select Socso Employement Startdate Month' is clicked on

2018-12-10 17:38:39 - [TEST_STEP][PASSED] - delay: Delayed 2 second(s)

2018-12-10 17:38:41 - [MESSAGE][PASSED] - Delayed 2 second(s)

2018-12-10 17:38:41 - [TEST_STEP][PASSED] - click: Object: 'Object Repository/Final Object Repo/New Registration - Registration Module Pages/Form 2/Socso Employment StartDate Year' is clicked on

2018-12-10 17:38:41 - [MESSAGE][PASSED] - Object: 'Object Repository/Final Object Repo/New Registration - Registration Module Pages/Form 2/Socso Employment StartDate Year' is clicked on

2018-12-10 17:38:41 - [TEST_STEP][PASSED] - delay: Delayed 1 second(s)

2018-12-10 17:38:42 - [MESSAGE][PASSED] - Delayed 1 second(s)

2018-12-10 17:38:42 - [TEST_STEP][PASSED] - click: Object: 'Object Repository/Final Object Repo/New Registration - Registration Module Pages/Form 2/Select Socso Employment Startdate Year' is clicked on

2018-12-10 17:38:42 - [MESSAGE][PASSED] - Object: 'Object Repository/Final Object Repo/New Registration - Registration Module Pages/Form 2/Select Socso Employment Startdate Year' is clicked on

2018-12-10 17:38:42 - [TEST_STEP][PASSED] - delay: Delayed 2 second(s)

2018-12-10 17:38:44 - [MESSAGE][PASSED] - Delayed 2 second(s)

2018-12-10 17:38:44 - [TEST_STEP][PASSED] - click: Object: 'Object Repository/Final Object Repo/New Registration - Registration Module Pages/Form 2/Socso Employment Start Date Day' is clicked on

2018-12-10 17:38:44 - [MESSAGE][PASSED] - Object: 'Object Repository/Final Object Repo/New Registration - Registration Module Pages/Form 2/Socso Employment Start Date Day' is clicked on

2018-12-10 17:38:44 - [TEST_STEP][PASSED] - delay: Delayed 2 second(s)

2018-12-10 17:38:46 - [MESSAGE][PASSED] - Delayed 2 second(s)

2018-12-10 17:38:46 - [TEST_STEP][PASSED] - click: Object: 'Object Repository/Final Object Repo/New Registration - Registration Module Pages/Form 2/Save Button for Add Employee' is clicked on

2018-12-10 17:38:46 - [MESSAGE][PASSED] - Object: 'Object Repository/Final Object Repo/New Registration - Registration Module Pages/Form 2/Save Button for Add Employee' is clicked on

2018-12-10 17:38:46 - [TEST_STEP][PASSED] - delay: Delayed 6 second(s)

2018-12-10 17:38:52 - [MESSAGE][PASSED] - Delayed 6 second(s)

2018-12-10 17:38:52 - [TEST_STEP][PASSED] - click: Object: 'Object Repository/Final Object Repo/New Registration - Registration Module Pages/Form 2/Add Employee Button' is clicked on

2018-12-10 17:38:52 - [MESSAGE][PASSED] - Object: 'Object Repository/Final Object Repo/New Registration - Registration Module Pages/Form 2/Add Employee Button' is clicked on

2018-12-10 17:38:52 - [TEST_STEP][PASSED] - delay: Delayed 4 second(s)

2018-12-10 17:38:56 - [MESSAGE][PASSED] - Delayed 4 second(s)

2018-12-10 17:38:56 - [TEST_STEP][PASSED] - setText: Text '620904059691' is set on object 'Object Repository/Final Object Repo/New Registration - Registration Module Pages/Form 2/NRIC Input'

2018-12-10 17:38:57 - [MESSAGE][PASSED] - Text '620904059691' is set on object 'Object Repository/Final Object Repo/New Registration - Registration Module Pages/Form 2/NRIC Input'

2018-12-10 17:38:57 - [TEST_STEP][PASSED] - click: Object: 'Object Repository/Final Object Repo/New Registration - Registration Module Pages/Form 2/button for search for IC' is clicked on

2018-12-10 17:38:57 - [MESSAGE][PASSED] - Object: 'Object Repository/Final Object Repo/New Registration - Registration Module Pages/Form 2/button for search for IC' is clicked on

2018-12-10 17:38:57 - [TEST_STEP][PASSED] - delay: Delayed 2 second(s)

2018-12-10 17:38:59 - [MESSAGE][PASSED] - Delayed 2 second(s)

2018-12-10 17:38:59 - [TEST_STEP][PASSED] - setText: Text 'Automate001 eligible 2' is set on object 'Object Repository/Final Object Repo/New Registration - Registration Module Pages/Form 2/Employee Name Input'

2018-12-10 17:38:59 - [MESSAGE][PASSED] - Text 'Automate001 eligible 2' is set on object 'Object Repository/Final Object Repo/New Registration - Registration Module Pages/Form 2/Employee Name Input'

2018-12-10 17:38:59 - [TEST_STEP][PASSED] - delay: Delayed 2 second(s)

2018-12-10 17:39:01 - [MESSAGE][PASSED] - Delayed 2 second(s)

2018-12-10 17:39:01 - [TEST_STEP][PASSED] - click: Object: 'Object Repository/Final Object Repo/New Registration - Registration Module Pages/Form 2/DatePicker Pop Up' is clicked on

2018-12-10 17:39:02 - [MESSAGE][PASSED] - Object: 'Object Repository/Final Object Repo/New Registration - Registration Module Pages/Form 2/DatePicker Pop Up' is clicked on

2018-12-10 17:39:02 - [TEST_STEP][PASSED] - delay: Delayed 2 second(s)

2018-12-10 17:39:04 - [MESSAGE][PASSED] - Delayed 2 second(s)

2018-12-10 17:39:04 - [TEST_STEP][PASSED] - click: Object: 'Object Repository/Final Object Repo/New Registration - Registration Module Pages/Form 2/DOB Month' is clicked on

2018-12-10 17:39:04 - [MESSAGE][PASSED] - Object: 'Object Repository/Final Object Repo/New Registration - Registration Module Pages/Form 2/DOB Month' is clicked on

2018-12-10 17:39:04 - [TEST_STEP][PASSED] - Statement - selectMonth = com.kms.katalon.core.webui.keyword.WebUiBuiltInKeywords.modifyObjectProperty(selectMonth, "xpath", "equals", "//body/div/div/div/select/option[@value="" + CurrentMonth + ""]", true): Modify property of object successfully

2018-12-10 17:39:04 - [MESSAGE][PASSED] - Modify property of object successfully

2018-12-10 17:39:04 - [TEST_STEP][PASSED] - click: Object: '' is clicked on

2018-12-10 17:39:04 - [MESSAGE][PASSED] - Object: '' is clicked on

2018-12-10 17:39:04 - [TEST_STEP][PASSED] - click: Object: 'Object Repository/Final Object Repo/New Registration - Registration Module Pages/Form 2/DOB Year' is clicked on

2018-12-10 17:39:04 - [MESSAGE][PASSED] - Object: 'Object Repository/Final Object Repo/New Registration - Registration Module Pages/Form 2/DOB Year' is clicked on

2018-12-10 17:39:04 - [TEST_STEP][PASSED] - Statement - selectYear = com.kms.katalon.core.webui.keyword.WebUiBuiltInKeywords.modifyObjectProperty(selectYear, "xpath", "equals", "//div/div/div/select/option[@value="" + FiftysevenYrsBefore + ""]", true): Modify property of object successfully

2018-12-10 17:39:04 - [MESSAGE][PASSED] - Modify property of object successfully

2018-12-10 17:39:04 - [TEST_STEP][PASSED] - click: Object: '' is clicked on

2018-12-10 17:39:04 - [MESSAGE][PASSED] - Object: '' is clicked on

2018-12-10 17:39:04 - [TEST_STEP][PASSED] - Statement - UpdatedSelectDate = com.kms.katalon.core.webui.keyword.WebUiBuiltInKeywords.modifyObjectProperty(com.kms.katalon.core.testobject.ObjectRepository.findTestObject(Final Object Repo/New Registration - Registration Module Pages/Form 2/DOB Date), "xpath", "equals", "//body/div/table/tbody/tr/td/a[text()="" + OneDayBefore + ""]", true): Modify property of object successfully

2018-12-10 17:39:04 - [MESSAGE][PASSED] - Modify property of object successfully

2018-12-10 17:39:04 - [TEST_STEP][PASSED] - click: Object: 'Object Repository/Final Object Repo/New Registration - Registration Module Pages/Form 2/DOB Date' is clicked on

2018-12-10 17:39:04 - [MESSAGE][PASSED] - Object: 'Object Repository/Final Object Repo/New Registration - Registration Module Pages/Form 2/DOB Date' is clicked on

2018-12-10 17:39:04 - [TEST_STEP][PASSED] - delay: Delayed 2 second(s)

2018-12-10 17:39:06 - [MESSAGE][PASSED] - Delayed 2 second(s)

2018-12-10 17:39:06 - [TEST_STEP][PASSED] - click: Object: 'Object Repository/Final Object Repo/New Registration - Registration Module Pages/Form 2/EmploymentStartDate Pop Up' is clicked on

2018-12-10 17:39:07 - [MESSAGE][PASSED] - Object: 'Object Repository/Final Object Repo/New Registration - Registration Module Pages/Form 2/EmploymentStartDate Pop Up' is clicked on

2018-12-10 17:39:07 - [TEST_STEP][PASSED] - delay: Delayed 2 second(s)

2018-12-10 17:39:09 - [MESSAGE][PASSED] - Delayed 2 second(s)

2018-12-10 17:39:09 - [TEST_STEP][PASSED] - click: Object: 'Object Repository/Final Object Repo/New Registration - Registration Module Pages/Form 2/Socso Employment StartDate Month' is clicked on

2018-12-10 17:39:09 - [MESSAGE][PASSED] - Object: 'Object Repository/Final Object Repo/New Registration - Registration Module Pages/Form 2/Socso Employment StartDate Month' is clicked on

2018-12-10 17:39:09 - [TEST_STEP][PASSED] - delay: Delayed 1 second(s)

2018-12-10 17:39:10 - [MESSAGE][PASSED] - Delayed 1 second(s)

2018-12-10 17:39:10 - [TEST_STEP][PASSED] - click: Object: 'Object Repository/Final Object Repo/New Registration - Registration Module Pages/Form 2/Select Socso Employement Startdate Month' is clicked on

2018-12-10 17:39:10 - [MESSAGE][PASSED] - Object: 'Object Repository/Final Object Repo/New Registration - Registration Module Pages/Form 2/Select Socso Employement Startdate Month' is clicked on

2018-12-10 17:39:10 - [TEST_STEP][PASSED] - delay: Delayed 2 second(s)

2018-12-10 17:39:12 - [MESSAGE][PASSED] - Delayed 2 second(s)

2018-12-10 17:39:12 - [TEST_STEP][PASSED] - click: Object: 'Object Repository/Final Object Repo/New Registration - Registration Module Pages/Form 2/Socso Employment StartDate Year' is clicked on

2018-12-10 17:39:12 - [MESSAGE][PASSED] - Object: 'Object Repository/Final Object Repo/New Registration - Registration Module Pages/Form 2/Socso Employment StartDate Year' is clicked on

2018-12-10 17:39:12 - [TEST_STEP][PASSED] - delay: Delayed 1 second(s)

2018-12-10 17:39:13 - [MESSAGE][PASSED] - Delayed 1 second(s)

2018-12-10 17:39:13 - [TEST_STEP][PASSED] - click: Object: 'Object Repository/Final Object Repo/New Registration - Registration Module Pages/Form 2/Select Socso Employment Startdate Year' is clicked on

2018-12-10 17:39:13 - [MESSAGE][PASSED] - Object: 'Object Repository/Final Object Repo/New Registration - Registration Module Pages/Form 2/Select Socso Employment Startdate Year' is clicked on

2018-12-10 17:39:13 - [TEST_STEP][PASSED] - delay: Delayed 2 second(s)

2018-12-10 17:39:15 - [MESSAGE][PASSED] - Delayed 2 second(s)

2018-12-10 17:39:15 - [TEST_STEP][PASSED] - click: Object: 'Object Repository/Final Object Repo/New Registration - Registration Module Pages/Form 2/Socso Employment Start Date Day' is clicked on

2018-12-10 17:39:15 - [MESSAGE][PASSED] - Object: 'Object Repository/Final Object Repo/New Registration - Registration Module Pages/Form 2/Socso Employment Start Date Day' is clicked on

2018-12-10 17:39:15 - [TEST_STEP][PASSED] - delay: Delayed 2 second(s)

2018-12-10 17:39:17 - [MESSAGE][PASSED] - Delayed 2 second(s)

2018-12-10 17:39:17 - [TEST_STEP][PASSED] - click: Object: 'Object Repository/Final Object Repo/New Registration - Registration Module Pages/Form 2/Save Button for Add Employee' is clicked on

2018-12-10 17:39:18 - [MESSAGE][PASSED] - Object: 'Object Repository/Final Object Repo/New Registration - Registration Module Pages/Form 2/Save Button for Add Employee' is clicked on

2018-12-10 17:39:18 - [TEST_STEP][PASSED] - delay: Delayed 4 second(s)

2018-12-10 17:39:22 - [MESSAGE][PASSED] - Delayed 4 second(s)

2018-12-10 17:39:22 - [TEST_STEP][PASSED] - delay: Delayed 30 second(s)

2018-12-10 17:39:52 - [MESSAGE][PASSED] - Delayed 30 second(s)

2018-12-10 17:39:52 - [TEST_STEP][PASSED] - click: Object: 'Object Repository/Final Object Repo/New Registration - Registration Module Pages/Form 2/Add Employee Button' is clicked on

2018-12-10 17:39:52 - [MESSAGE][PASSED] - Object: 'Object Repository/Final Object Repo/New Registration - Registration Module Pages/Form 2/Add Employee Button' is clicked on

2018-12-10 17:39:52 - [TEST_STEP][PASSED] - delay: Delayed 4 second(s)

2018-12-10 17:39:56 - [MESSAGE][PASSED] - Delayed 4 second(s)

2018-12-10 17:39:56 - [TEST_STEP][PASSED] - setText: Text '000209039145' is set on object 'Object Repository/Final Object Repo/New Registration - Registration Module Pages/Form 2/NRIC Input'

2018-12-10 17:39:56 - [MESSAGE][PASSED] - Text '000209039145' is set on object 'Object Repository/Final Object Repo/New Registration - Registration Module Pages/Form 2/NRIC Input'

2018-12-10 17:39:56 - [TEST_STEP][PASSED] - click: Object: 'Object Repository/Final Object Repo/New Registration - Registration Module Pages/Form 2/button for search for IC' is clicked on

2018-12-10 17:39:56 - [MESSAGE][PASSED] - Object: 'Object Repository/Final Object Repo/New Registration - Registration Module Pages/Form 2/button for search for IC' is clicked on

2018-12-10 17:39:56 - [TEST_STEP][PASSED] - delay: Delayed 2 second(s)

2018-12-10 17:39:58 - [MESSAGE][PASSED] - Delayed 2 second(s)

2018-12-10 17:39:58 - [TEST_STEP][PASSED] - setText: Text 'Automate001 not eligible 1' is set on object 'Object Repository/Final Object Repo/New Registration - Registration Module Pages/Form 2/Employee Name Input'

2018-12-10 17:39:59 - [MESSAGE][PASSED] - Text 'Automate001 not eligible 1' is set on object 'Object Repository/Final Object Repo/New Registration - Registration Module Pages/Form 2/Employee Name Input'

2018-12-10 17:39:59 - [TEST_STEP][PASSED] - delay: Delayed 2 second(s)

2018-12-10 17:40:01 - [MESSAGE][PASSED] - Delayed 2 second(s)

2018-12-10 17:40:01 - [TEST_STEP][PASSED] - click: Object: 'Object Repository/Final Object Repo/New Registration - Registration Module Pages/Form 2/DatePicker Pop Up' is clicked on

2018-12-10 17:40:01 - [MESSAGE][PASSED] - Object: 'Object Repository/Final Object Repo/New Registration - Registration Module Pages/Form 2/DatePicker Pop Up' is clicked on

2018-12-10 17:40:01 - [TEST_STEP][PASSED] - delay: Delayed 2 second(s)

2018-12-10 17:40:03 - [MESSAGE][PASSED] - Delayed 2 second(s)

2018-12-10 17:40:03 - [TEST_STEP][PASSED] - click: Object: 'Object Repository/Final Object Repo/New Registration - Registration Module Pages/Form 2/DOB Month' is clicked on

2018-12-10 17:40:03 - [MESSAGE][PASSED] - Object: 'Object Repository/Final Object Repo/New Registration - Registration Module Pages/Form 2/DOB Month' is clicked on

2018-12-10 17:40:03 - [TEST_STEP][PASSED] - Statement - selectMonth = com.kms.katalon.core.webui.keyword.WebUiBuiltInKeywords.modifyObjectProperty(selectMonth, "xpath", "equals", "//body/div/div/div/select/option[@value="" + CurrentMonth + ""]", true): Modify property of object successfully

2018-12-10 17:40:03 - [MESSAGE][PASSED] - Modify property of object successfully

2018-12-10 17:40:03 - [TEST_STEP][PASSED] - click: Object: '' is clicked on

2018-12-10 17:40:03 - [MESSAGE][PASSED] - Object: '' is clicked on

2018-12-10 17:40:03 - [TEST_STEP][PASSED] - click: Object: 'Object Repository/Final Object Repo/New Registration - Registration Module Pages/Form 2/DOB Year' is clicked on

2018-12-10 17:40:04 - [MESSAGE][PASSED] - Object: 'Object Repository/Final Object Repo/New Registration - Registration Module Pages/Form 2/DOB Year' is clicked on

2018-12-10 17:40:04 - [TEST_STEP][PASSED] - Statement - selectYear = com.kms.katalon.core.webui.keyword.WebUiBuiltInKeywords.modifyObjectProperty(selectYear, "xpath", "equals", "//div/div/div/select/option[@value="" + EighteenYrsBefore + ""]", true): Modify property of object successfully

2018-12-10 17:40:04 - [MESSAGE][PASSED] - Modify property of object successfully

2018-12-10 17:40:04 - [TEST_STEP][PASSED] - click: Object: '' is clicked on

2018-12-10 17:40:04 - [MESSAGE][PASSED] - Object: '' is clicked on

2018-12-10 17:40:04 - [TEST_STEP][PASSED] - Statement - UpdatedSelectDate = com.kms.katalon.core.webui.keyword.WebUiBuiltInKeywords.modifyObjectProperty(com.kms.katalon.core.testobject.ObjectRepository.findTestObject(Final Object Repo/New Registration - Registration Module Pages/Form 2/DOB Date), "xpath", "equals", "//body/div/table/tbody/tr/td/a[text()="" + OneDayBefore + ""]", true): Modify property of object successfully

2018-12-10 17:40:04 - [MESSAGE][PASSED] - Modify property of object successfully

2018-12-10 17:40:04 - [TEST_STEP][PASSED] - click: Object: 'Object Repository/Final Object Repo/New Registration - Registration Module Pages/Form 2/DOB Date' is clicked on

2018-12-10 17:40:04 - [MESSAGE][PASSED] - Object: 'Object Repository/Final Object Repo/New Registration - Registration Module Pages/Form 2/DOB Date' is clicked on

2018-12-10 17:40:04 - [TEST_STEP][PASSED] - delay: Delayed 2 second(s)

2018-12-10 17:40:06 - [MESSAGE][PASSED] - Delayed 2 second(s)

2018-12-10 17:40:06 - [TEST_STEP][PASSED] - click: Object: 'Object Repository/Final Object Repo/New Registration - Registration Module Pages/Form 2/EmploymentStartDate Pop Up' is clicked on

2018-12-10 17:40:06 - [MESSAGE][PASSED] - Object: 'Object Repository/Final Object Repo/New Registration - Registration Module Pages/Form 2/EmploymentStartDate Pop Up' is clicked on

2018-12-10 17:40:06 - [TEST_STEP][PASSED] - delay: Delayed 2 second(s)

2018-12-10 17:40:08 - [MESSAGE][PASSED] - Delayed 2 second(s)

2018-12-10 17:40:08 - [TEST_STEP][PASSED] - click: Object: 'Object Repository/Final Object Repo/New Registration - Registration Module Pages/Form 2/Socso Employment StartDate Month' is clicked on

2018-12-10 17:40:08 - [MESSAGE][PASSED] - Object: 'Object Repository/Final Object Repo/New Registration - Registration Module Pages/Form 2/Socso Employment StartDate Month' is clicked on

2018-12-10 17:40:08 - [TEST_STEP][PASSED] - delay: Delayed 1 second(s)

2018-12-10 17:40:09 - [MESSAGE][PASSED] - Delayed 1 second(s)

2018-12-10 17:40:09 - [TEST_STEP][PASSED] - click: Object: 'Object Repository/Final Object Repo/New Registration - Registration Module Pages/Form 2/Select Socso Employement Startdate Month' is clicked on

2018-12-10 17:40:09 - [MESSAGE][PASSED] - Object: 'Object Repository/Final Object Repo/New Registration - Registration Module Pages/Form 2/Select Socso Employement Startdate Month' is clicked on

2018-12-10 17:40:09 - [TEST_STEP][PASSED] - delay: Delayed 2 second(s)

2018-12-10 17:40:11 - [MESSAGE][PASSED] - Delayed 2 second(s)

2018-12-10 17:40:11 - [TEST_STEP][PASSED] - click: Object: 'Object Repository/Final Object Repo/New Registration - Registration Module Pages/Form 2/Socso Employment StartDate Year' is clicked on

2018-12-10 17:40:12 - [MESSAGE][PASSED] - Object: 'Object Repository/Final Object Repo/New Registration - Registration Module Pages/Form 2/Socso Employment StartDate Year' is clicked on

2018-12-10 17:40:12 - [TEST_STEP][PASSED] - delay: Delayed 1 second(s)

2018-12-10 17:40:13 - [MESSAGE][PASSED] - Delayed 1 second(s)

2018-12-10 17:40:13 - [TEST_STEP][PASSED] - click: Object: 'Object Repository/Final Object Repo/New Registration - Registration Module Pages/Form 2/Select Socso Employment Startdate Year' is clicked on

2018-12-10 17:40:13 - [MESSAGE][PASSED] - Object: 'Object Repository/Final Object Repo/New Registration - Registration Module Pages/Form 2/Select Socso Employment Startdate Year' is clicked on

2018-12-10 17:40:13 - [TEST_STEP][PASSED] - delay: Delayed 2 second(s)

2018-12-10 17:40:15 - [MESSAGE][PASSED] - Delayed 2 second(s)

2018-12-10 17:40:15 - [TEST_STEP][PASSED] - click: Object: 'Object Repository/Final Object Repo/New Registration - Registration Module Pages/Form 2/Socso Employment Start Date Day' is clicked on

2018-12-10 17:40:15 - [MESSAGE][PASSED] - Object: 'Object Repository/Final Object Repo/New Registration - Registration Module Pages/Form 2/Socso Employment Start Date Day' is clicked on

2018-12-10 17:40:15 - [TEST_STEP][PASSED] - delay: Delayed 2 second(s)

2018-12-10 17:40:17 - [MESSAGE][PASSED] - Delayed 2 second(s)

2018-12-10 17:40:17 - [TEST_STEP][PASSED] - click: Object: 'Object Repository/Final Object Repo/New Registration - Registration Module Pages/Form 2/Save Button for Add Employee' is clicked on

2018-12-10 17:40:17 - [MESSAGE][PASSED] - Object: 'Object Repository/Final Object Repo/New Registration - Registration Module Pages/Form 2/Save Button for Add Employee' is clicked on

2018-12-10 17:40:17 - [TEST_STEP][PASSED] - delay: Delayed 6 second(s)

2018-12-10 17:40:23 - [MESSAGE][PASSED] - Delayed 6 second(s)

2018-12-10 17:40:23 - [TEST_STEP][PASSED] - click: Object: 'Object Repository/Final Object Repo/New Registration - Registration Module Pages/Form 2/Add Employee Button' is clicked on

2018-12-10 17:40:23 - [MESSAGE][PASSED] - Object: 'Object Repository/Final Object Repo/New Registration - Registration Module Pages/Form 2/Add Employee Button' is clicked on

2018-12-10 17:40:23 - [TEST_STEP][PASSED] - delay: Delayed 4 second(s)

2018-12-10 17:40:27 - [MESSAGE][PASSED] - Delayed 4 second(s)

2018-12-10 17:40:27 - [TEST_STEP][PASSED] - setText: Text '600203039154' is set on object 'Object Repository/Final Object Repo/New Registration - Registration Module Pages/Form 2/NRIC Input'

2018-12-10 17:40:28 - [MESSAGE][PASSED] - Text '600203039154' is set on object 'Object Repository/Final Object Repo/New Registration - Registration Module Pages/Form 2/NRIC Input'

2018-12-10 17:40:28 - [TEST_STEP][PASSED] - click: Object: 'Object Repository/Final Object Repo/New Registration - Registration Module Pages/Form 2/button for search for IC' is clicked on

2018-12-10 17:40:28 - [MESSAGE][PASSED] - Object: 'Object Repository/Final Object Repo/New Registration - Registration Module Pages/Form 2/button for search for IC' is clicked on

2018-12-10 17:40:28 - [TEST_STEP][PASSED] - delay: Delayed 2 second(s)

2018-12-10 17:40:30 - [MESSAGE][PASSED] - Delayed 2 second(s)

2018-12-10 17:40:30 - [TEST_STEP][PASSED] - setText: Text 'Automate001 not eligible 2' is set on object 'Object Repository/Final Object Repo/New Registration - Registration Module Pages/Form 2/Employee Name Input'

2018-12-10 17:40:30 - [MESSAGE][PASSED] - Text 'Automate001 not eligible 2' is set on object 'Object Repository/Final Object Repo/New Registration - Registration Module Pages/Form 2/Employee Name Input'

2018-12-10 17:40:30 - [TEST_STEP][PASSED] - delay: Delayed 2 second(s)

2018-12-10 17:40:32 - [MESSAGE][PASSED] - Delayed 2 second(s)

2018-12-10 17:40:32 - [TEST_STEP][PASSED] - click: Object: 'Object Repository/Final Object Repo/New Registration - Registration Module Pages/Form 2/DatePicker Pop Up' is clicked on

2018-12-10 17:40:32 - [MESSAGE][PASSED] - Object: 'Object Repository/Final Object Repo/New Registration - Registration Module Pages/Form 2/DatePicker Pop Up' is clicked on

2018-12-10 17:40:33 - [TEST_STEP][PASSED] - delay: Delayed 2 second(s)

2018-12-10 17:40:35 - [MESSAGE][PASSED] - Delayed 2 second(s)

2018-12-10 17:40:35 - [TEST_STEP][PASSED] - click: Object: 'Object Repository/Final Object Repo/New Registration - Registration Module Pages/Form 2/DOB Month' is clicked on

2018-12-10 17:40:35 - [MESSAGE][PASSED] - Object: 'Object Repository/Final Object Repo/New Registration - Registration Module Pages/Form 2/DOB Month' is clicked on

2018-12-10 17:40:35 - [TEST_STEP][PASSED] - Statement - selectMonth = com.kms.katalon.core.webui.keyword.WebUiBuiltInKeywords.modifyObjectProperty(selectMonth, "xpath", "equals", "//body/div/div/div/select/option[@value="" + CurrentMonth + ""]", true): Modify property of object successfully

2018-12-10 17:40:35 - [MESSAGE][PASSED] - Modify property of object successfully

2018-12-10 17:40:35 - [TEST_STEP][PASSED] - click: Object: '' is clicked on

2018-12-10 17:40:35 - [MESSAGE][PASSED] - Object: '' is clicked on

2018-12-10 17:40:35 - [TEST_STEP][PASSED] - click: Object: 'Object Repository/Final Object Repo/New Registration - Registration Module Pages/Form 2/DOB Year' is clicked on

2018-12-10 17:40:35 - [MESSAGE][PASSED] - Object: 'Object Repository/Final Object Repo/New Registration - Registration Module Pages/Form 2/DOB Year' is clicked on

2018-12-10 17:40:35 - [TEST_STEP][PASSED] - Statement - selectYear = com.kms.katalon.core.webui.keyword.WebUiBuiltInKeywords.modifyObjectProperty(selectYear, "xpath", "equals", "//div/div/div/select/option[@value="" + FiftysevenYrsBefore + ""]", true): Modify property of object successfully

2018-12-10 17:40:35 - [MESSAGE][PASSED] - Modify property of object successfully

2018-12-10 17:40:35 - [TEST_STEP][PASSED] - click: Object: '' is clicked on

2018-12-10 17:40:35 - [MESSAGE][PASSED] - Object: '' is clicked on

2018-12-10 17:40:35 - [TEST_STEP][PASSED] - Statement - UpdatedSelectDate = com.kms.katalon.core.webui.keyword.WebUiBuiltInKeywords.modifyObjectProperty(com.kms.katalon.core.testobject.ObjectRepository.findTestObject(Final Object Repo/New Registration - Registration Module Pages/Form 2/DOB Date), "xpath", "equals", "//body/div/table/tbody/tr/td/a[text()="" + CurrentDate + ""]", true): Modify property of object successfully

2018-12-10 17:40:35 - [MESSAGE][PASSED] - Modify property of object successfully

2018-12-10 17:40:35 - [TEST_STEP][PASSED] - click: Object: 'Object Repository/Final Object Repo/New Registration - Registration Module Pages/Form 2/DOB Date' is clicked on

2018-12-10 17:40:35 - [MESSAGE][PASSED] - Object: 'Object Repository/Final Object Repo/New Registration - Registration Module Pages/Form 2/DOB Date' is clicked on

2018-12-10 17:40:35 - [TEST_STEP][PASSED] - click: Object: 'Object Repository/Final Object Repo/New Registration - Registration Module Pages/Form 2/EmploymentStartDate Pop Up' is clicked on

2018-12-10 17:40:35 - [MESSAGE][PASSED] - Object: 'Object Repository/Final Object Repo/New Registration - Registration Module Pages/Form 2/EmploymentStartDate Pop Up' is clicked on

2018-12-10 17:40:35 - [TEST_STEP][PASSED] - delay: Delayed 2 second(s)

2018-12-10 17:40:37 - [MESSAGE][PASSED] - Delayed 2 second(s)

2018-12-10 17:40:37 - [TEST_STEP][PASSED] - click: Object: 'Object Repository/Final Object Repo/New Registration - Registration Module Pages/Form 2/Socso Employment StartDate Month' is clicked on

2018-12-10 17:40:38 - [MESSAGE][PASSED] - Object: 'Object Repository/Final Object Repo/New Registration - Registration Module Pages/Form 2/Socso Employment StartDate Month' is clicked on

2018-12-10 17:40:38 - [TEST_STEP][PASSED] - delay: Delayed 1 second(s)

2018-12-10 17:40:39 - [MESSAGE][PASSED] - Delayed 1 second(s)

2018-12-10 17:40:39 - [TEST_STEP][PASSED] - click: Object: 'Object Repository/Final Object Repo/New Registration - Registration Module Pages/Form 2/Select Socso Employement Startdate Month' is clicked on

2018-12-10 17:40:39 - [MESSAGE][PASSED] - Object: 'Object Repository/Final Object Repo/New Registration - Registration Module Pages/Form 2/Select Socso Employement Startdate Month' is clicked on

2018-12-10 17:40:39 - [TEST_STEP][PASSED] - delay: Delayed 2 second(s)

2018-12-10 17:40:41 - [MESSAGE][PASSED] - Delayed 2 second(s)

2018-12-10 17:40:41 - [TEST_STEP][PASSED] - click: Object: 'Object Repository/Final Object Repo/New Registration - Registration Module Pages/Form 2/Socso Employment StartDate Year' is clicked on

2018-12-10 17:40:41 - [MESSAGE][PASSED] - Object: 'Object Repository/Final Object Repo/New Registration - Registration Module Pages/Form 2/Socso Employment StartDate Year' is clicked on

2018-12-10 17:40:41 - [TEST_STEP][PASSED] - delay: Delayed 1 second(s)

2018-12-10 17:40:42 - [MESSAGE][PASSED] - Delayed 1 second(s)

2018-12-10 17:40:42 - [TEST_STEP][PASSED] - click: Object: 'Object Repository/Final Object Repo/New Registration - Registration Module Pages/Form 2/Select Socso Employment Startdate Year' is clicked on

2018-12-10 17:40:42 - [MESSAGE][PASSED] - Object: 'Object Repository/Final Object Repo/New Registration - Registration Module Pages/Form 2/Select Socso Employment Startdate Year' is clicked on

2018-12-10 17:40:42 - [TEST_STEP][PASSED] - delay: Delayed 2 second(s)

2018-12-10 17:40:44 - [MESSAGE][PASSED] - Delayed 2 second(s)

2018-12-10 17:40:44 - [TEST_STEP][PASSED] - click: Object: 'Object Repository/Final Object Repo/New Registration - Registration Module Pages/Form 2/Socso Employment Start Date Day' is clicked on

2018-12-10 17:40:44 - [MESSAGE][PASSED] - Object: 'Object Repository/Final Object Repo/New Registration - Registration Module Pages/Form 2/Socso Employment Start Date Day' is clicked on

2018-12-10 17:40:44 - [TEST_STEP][PASSED] - delay: Delayed 2 second(s)

2018-12-10 17:40:46 - [MESSAGE][PASSED] - Delayed 2 second(s)

2018-12-10 17:40:46 - [TEST_STEP][PASSED] - click: Object: 'Object Repository/Final Object Repo/New Registration - Registration Module Pages/Form 2/Save Button for Add Employee' is clicked on

2018-12-10 17:40:46 - [MESSAGE][PASSED] - Object: 'Object Repository/Final Object Repo/New Registration - Registration Module Pages/Form 2/Save Button for Add Employee' is clicked on

2018-12-10 17:40:46 - [TEST_STEP][PASSED] - delay: Delayed 2 second(s)

2018-12-10 17:40:48 - [MESSAGE][PASSED] - Delayed 2 second(s)

2018-12-10 17:40:48 - [TEST_STEP][PASSED] - click: Object: 'Object Repository/Final Object Repo/New Registration - Registration Module Pages/Form 2/Save and Continue Form 2' is clicked on

2018-12-10 17:40:49 - [MESSAGE][PASSED] - Object: 'Object Repository/Final Object Repo/New Registration - Registration Module Pages/Form 2/Save and Continue Form 2' is clicked on

2018-12-10 17:40:49 - [MESSAGE][PASSED] - Call Test Case 'Test Cases/Final Aug 2018 - PKS Automation/Registration Module/New Registration/Form 2/Add 2 Eligible 2 Not Eligible' successfully

2018-12-10 17:40:49 - [TEST_STEP][PASSED] - callTestCase: Call Test Case 'Test Cases/Final Aug 2018 - PKS Automation/Registration Module/New Registration/Flow of New Registration/Third Screen - Upload Supporting Doc - Preview' successfully

2018-12-10 17:40:49 - [TEST_CASE][PASSED] - Test Cases/Final Aug 2018 - PKS Automation/Registration Module/New Registration/Flow of New Registration/Third Screen - Upload Supporting Doc - Preview: Test Cases/Final Aug 2018 - PKS Automation/Registration Module/New Registration/Flow of New Registration/Third Screen - Upload Supporting Doc - Preview

2018-12-10 17:40:49 - [TEST_STEP][PASSED] - waitForPageLoad: Wait for page load successfully

2018-12-10 17:40:49 - [MESSAGE][PASSED] - Wait for page load successfully

2018-12-10 17:40:49 - [TEST_STEP][PASSED] - Statement - CaseReferenceNo = com.kms.katalon.core.webui.keyword.WebUiBuiltInKeywords.getText(com.kms.katalon.core.testobject.ObjectRepository.findTestObject(Final Object Repo/New Registration - Registration Module Pages/Third Screen - Upload Supporting Doc- Preview/RefNo Acquiring)): Text of object 'Object Repository/Final Object Repo/New Registration - Registration Module Pages/Third Screen - Upload Supporting Doc- Preview/RefNo Acquiring' is: 'CRN12201800123137'

2018-12-10 17:40:49 - [MESSAGE][PASSED] - Text of object 'Object Repository/Final Object Repo/New Registration - Registration Module Pages/Third Screen - Upload Supporting Doc- Preview/RefNo Acquiring' is: 'CRN12201800123137'

2018-12-10 17:40:49 - [TEST_STEP][PASSED] - delay: Delayed 2 second(s)

2018-12-10 17:40:51 - [MESSAGE][PASSED] - Delayed 2 second(s)

2018-12-10 17:40:51 - [TEST_STEP][PASSED] - callTestCase: Call Test Case 'Test Cases/Final Aug 2018 - PKS Automation/Common/Reference Number Setter' successfully

2018-12-10 17:40:51 - [TEST_CASE][PASSED] - Test Cases/Final Aug 2018 - PKS Automation/Common/Reference Number Setter: Test Cases/Final Aug 2018 - PKS Automation/Common/Reference Number Setter

2018-12-10 17:40:51 - [TEST_STEP][PASSED] - Statement - RefNoOldFile = new java.io.File(C://Users//Admin//Desktop//PKS//Automation Reference Point//KatalonReference.txt): null

2018-12-10 17:40:51 - [TEST_STEP][PASSED] - Statement - RefNoOldFile.delete(): null

2018-12-10 17:40:51 - [TEST_STEP][PASSED] - delay: Delayed 5 second(s)

2018-12-10 17:40:56 - [MESSAGE][PASSED] - Delayed 5 second(s)

2018-12-10 17:40:56 - [TEST_STEP][PASSED] - Statement - RefNo = new java.io.File(C://Users//Admin//Desktop//PKS//Automation Reference Point//KatalonReference.txt): null

2018-12-10 17:40:56 - [TEST_STEP][PASSED] - Statement - f2 = new java.io.FileWriter(RefNo, false): null

2018-12-10 17:40:56 - [TEST_STEP][PASSED] - Statement - f2.write(CaseReferenceNo): null

2018-12-10 17:40:56 - [TEST_STEP][PASSED] - Statement - f2.close(): null

2018-12-10 17:40:56 - [TEST_STEP][PASSED] - Statement - out.println("


" + CaseReferenceNo + "


"): null

2018-12-10 17:40:57 - [MESSAGE][PASSED] - Call Test Case 'Test Cases/Final Aug 2018 - PKS Automation/Common/Reference Number Setter' successfully

2018-12-10 17:40:57 - [TEST_STEP][PASSED] - waitForElementClickable: Object 'Object Repository/Final Object Repo/New Registration - Registration Module Pages/Third Screen - Upload Supporting Doc- Preview/Save n Continue in SIP Employee Listing Page' is clickable

2018-12-10 17:40:57 - [MESSAGE][PASSED] - Object 'Object Repository/Final Object Repo/New Registration - Registration Module Pages/Third Screen - Upload Supporting Doc- Preview/Save n Continue in SIP Employee Listing Page' is clickable

2018-12-10 17:40:57 - [TEST_STEP][PASSED] - click: Object: 'Object Repository/Final Object Repo/New Registration - Registration Module Pages/Third Screen - Upload Supporting Doc- Preview/Save n Continue in SIP Employee Listing Page' is clicked on

2018-12-10 17:41:02 - [MESSAGE][PASSED] - Object: 'Object Repository/Final Object Repo/New Registration - Registration Module Pages/Third Screen - Upload Supporting Doc- Preview/Save n Continue in SIP Employee Listing Page' is clicked on

2018-12-10 17:41:02 - [TEST_STEP][PASSED] - delay: Delayed 7 second(s)

2018-12-10 17:41:09 - [MESSAGE][PASSED] - Delayed 7 second(s)

2018-12-10 17:41:09 - [TEST_STEP][PASSED] - click: Object: 'Object Repository/Final Object Repo/New Registration - Registration Module Pages/Third Screen - Upload Supporting Doc- Preview/Add Document Button' is clicked on

2018-12-10 17:41:09 - [MESSAGE][PASSED] - Object: 'Object Repository/Final Object Repo/New Registration - Registration Module Pages/Third Screen - Upload Supporting Doc- Preview/Add Document Button' is clicked on

2018-12-10 17:41:09 - [TEST_STEP][PASSED] - delay: Delayed 30 second(s)

2018-12-10 17:41:39 - [MESSAGE][PASSED] - Delayed 30 second(s)

2018-12-10 17:41:39 - [TEST_STEP][PASSED] - click: Object: 'Object Repository/Final Object Repo/New Registration - Registration Module Pages/Third Screen - Upload Supporting Doc- Preview/Supporting Doc Please Select Drop Down' is clicked on

2018-12-10 17:41:40 - [MESSAGE][PASSED] - Object: 'Object Repository/Final Object Repo/New Registration - Registration Module Pages/Third Screen - Upload Supporting Doc- Preview/Supporting Doc Please Select Drop Down' is clicked on

2018-12-10 17:41:40 - [TEST_STEP][PASSED] - delay: Delayed 2 second(s)

2018-12-10 17:41:42 - [MESSAGE][PASSED] - Delayed 2 second(s)

2018-12-10 17:41:42 - [TEST_STEP][PASSED] - click: Object: 'Object Repository/Final Object Repo/New Registration - Registration Module Pages/Third Screen - Upload Supporting Doc- Preview/Select to Upload Form 1' is clicked on

2018-12-10 17:41:42 - [MESSAGE][PASSED] - Object: 'Object Repository/Final Object Repo/New Registration - Registration Module Pages/Third Screen - Upload Supporting Doc- Preview/Select to Upload Form 1' is clicked on

2018-12-10 17:41:42 - [TEST_STEP][PASSED] - delay: Delayed 2 second(s)

2018-12-10 17:41:44 - [MESSAGE][PASSED] - Delayed 2 second(s)

2018-12-10 17:41:44 - [TEST_STEP][PASSED] - uploadFile: File 'C:\Users\Public\Pictures\Sample Pictures\Koala.jpg' sent to object: 'Object Repository/Final Object Repo/New Registration - Registration Module Pages/Third Screen - Upload Supporting Doc- Preview/Upload File Adding'

2018-12-10 17:41:44 - [MESSAGE][PASSED] - File 'C:\Users\Public\Pictures\Sample Pictures\Koala.jpg' sent to object: 'Object Repository/Final Object Repo/New Registration - Registration Module Pages/Third Screen - Upload Supporting Doc- Preview/Upload File Adding'

2018-12-10 17:41:44 - [TEST_STEP][PASSED] - delay: Delayed 5 second(s)

2018-12-10 17:41:49 - [MESSAGE][PASSED] - Delayed 5 second(s)

2018-12-10 17:41:49 - [TEST_STEP][PASSED] - click: Object: 'Object Repository/Final Object Repo/New Registration - Registration Module Pages/Third Screen - Upload Supporting Doc- Preview/Inner Form Add Document Button' is clicked on

2018-12-10 17:41:49 - [MESSAGE][PASSED] - Object: 'Object Repository/Final Object Repo/New Registration - Registration Module Pages/Third Screen - Upload Supporting Doc- Preview/Inner Form Add Document Button' is clicked on

2018-12-10 17:41:49 - [TEST_STEP][PASSED] - delay: Delayed 3 second(s)

2018-12-10 17:41:52 - [MESSAGE][PASSED] - Delayed 3 second(s)

2018-12-10 17:41:52 - [TEST_STEP][PASSED] - click: Object: 'Object Repository/Final Object Repo/New Registration - Registration Module Pages/Third Screen - Upload Supporting Doc- Preview/Add Document Button' is clicked on

2018-12-10 17:41:53 - [MESSAGE][PASSED] - Object: 'Object Repository/Final Object Repo/New Registration - Registration Module Pages/Third Screen - Upload Supporting Doc- Preview/Add Document Button' is clicked on

2018-12-10 17:41:53 - [TEST_STEP][PASSED] - delay: Delayed 30 second(s)

2018-12-10 17:42:23 - [MESSAGE][PASSED] - Delayed 30 second(s)

2018-12-10 17:42:23 - [TEST_STEP][PASSED] - click: Object: 'Object Repository/Final Object Repo/New Registration - Registration Module Pages/Third Screen - Upload Supporting Doc- Preview/Supporting Doc Please Select Drop Down' is clicked on

2018-12-10 17:42:24 - [MESSAGE][PASSED] - Object: 'Object Repository/Final Object Repo/New Registration - Registration Module Pages/Third Screen - Upload Supporting Doc- Preview/Supporting Doc Please Select Drop Down' is clicked on

2018-12-10 17:42:24 - [TEST_STEP][PASSED] - delay: Delayed 4 second(s)

2018-12-10 17:42:28 - [MESSAGE][PASSED] - Delayed 4 second(s)

2018-12-10 17:42:28 - [TEST_STEP][PASSED] - click: Object: 'Object Repository/Final Object Repo/New Registration - Registration Module Pages/Third Screen - Upload Supporting Doc- Preview/Select to Upload Form 2' is clicked on

2018-12-10 17:42:28 - [MESSAGE][PASSED] - Object: 'Object Repository/Final Object Repo/New Registration - Registration Module Pages/Third Screen - Upload Supporting Doc- Preview/Select to Upload Form 2' is clicked on

2018-12-10 17:42:28 - [TEST_STEP][PASSED] - delay: Delayed 2 second(s)

2018-12-10 17:42:30 - [MESSAGE][PASSED] - Delayed 2 second(s)

2018-12-10 17:42:30 - [TEST_STEP][PASSED] - uploadFile: File 'C:\Users\Public\Pictures\Sample Pictures\Koala.jpg' sent to object: 'Object Repository/Final Object Repo/New Registration - Registration Module Pages/Third Screen - Upload Supporting Doc- Preview/Upload File Adding'

2018-12-10 17:42:30 - [MESSAGE][PASSED] - File 'C:\Users\Public\Pictures\Sample Pictures\Koala.jpg' sent to object: 'Object Repository/Final Object Repo/New Registration - Registration Module Pages/Third Screen - Upload Supporting Doc- Preview/Upload File Adding'

2018-12-10 17:42:30 - [TEST_STEP][PASSED] - click: Object: 'Object Repository/Final Object Repo/New Registration - Registration Module Pages/Third Screen - Upload Supporting Doc- Preview/Inner Form Add Document Button' is clicked on

2018-12-10 17:42:30 - [MESSAGE][PASSED] - Object: 'Object Repository/Final Object Repo/New Registration - Registration Module Pages/Third Screen - Upload Supporting Doc- Preview/Inner Form Add Document Button' is clicked on

2018-12-10 17:42:30 - [TEST_STEP][PASSED] - delay: Delayed 5 second(s)

2018-12-10 17:42:35 - [MESSAGE][PASSED] - Delayed 5 second(s)

2018-12-10 17:42:35 - [TEST_STEP][PASSED] - click: Object: 'Object Repository/Final Object Repo/New Registration - Registration Module Pages/Third Screen - Upload Supporting Doc- Preview/Add Document Button' is clicked on

2018-12-10 17:42:36 - [MESSAGE][PASSED] - Object: 'Object Repository/Final Object Repo/New Registration - Registration Module Pages/Third Screen - Upload Supporting Doc- Preview/Add Document Button' is clicked on

2018-12-10 17:42:36 - [TEST_STEP][PASSED] - delay: Delayed 30 second(s)

2018-12-10 17:43:06 - [MESSAGE][PASSED] - Delayed 30 second(s)

2018-12-10 17:43:06 - [TEST_STEP][PASSED] - click: Object: 'Object Repository/Final Object Repo/New Registration - Registration Module Pages/Third Screen - Upload Supporting Doc- Preview/Supporting Doc Please Select Drop Down' is clicked on

2018-12-10 17:43:06 - [MESSAGE][PASSED] - Object: 'Object Repository/Final Object Repo/New Registration - Registration Module Pages/Third Screen - Upload Supporting Doc- Preview/Supporting Doc Please Select Drop Down' is clicked on

2018-12-10 17:43:06 - [TEST_STEP][PASSED] - click: Object: 'Object Repository/Final Object Repo/New Registration - Registration Module Pages/Third Screen - Upload Supporting Doc- Preview/Select to Upload Borang SIP 1' is clicked on

2018-12-10 17:43:06 - [MESSAGE][PASSED] - Object: 'Object Repository/Final Object Repo/New Registration - Registration Module Pages/Third Screen - Upload Supporting Doc- Preview/Select to Upload Borang SIP 1' is clicked on

2018-12-10 17:43:06 - [TEST_STEP][PASSED] - delay: Delayed 2 second(s)

2018-12-10 17:43:08 - [MESSAGE][PASSED] - Delayed 2 second(s)

2018-12-10 17:43:08 - [TEST_STEP][PASSED] - uploadFile: File 'C:\Users\Public\Pictures\Sample Pictures\Koala.jpg' sent to object: 'Object Repository/Final Object Repo/New Registration - Registration Module Pages/Third Screen - Upload Supporting Doc- Preview/Upload File Adding'

2018-12-10 17:43:08 - [MESSAGE][PASSED] - File 'C:\Users\Public\Pictures\Sample Pictures\Koala.jpg' sent to object: 'Object Repository/Final Object Repo/New Registration - Registration Module Pages/Third Screen - Upload Supporting Doc- Preview/Upload File Adding'

2018-12-10 17:43:08 - [TEST_STEP][PASSED] - click: Object: 'Object Repository/Final Object Repo/New Registration - Registration Module Pages/Third Screen - Upload Supporting Doc- Preview/Inner Form Add Document Button' is clicked on

2018-12-10 17:43:08 - [MESSAGE][PASSED] - Object: 'Object Repository/Final Object Repo/New Registration - Registration Module Pages/Third Screen - Upload Supporting Doc- Preview/Inner Form Add Document Button' is clicked on

2018-12-10 17:43:08 - [TEST_STEP][PASSED] - delay: Delayed 5 second(s)

2018-12-10 17:43:13 - [MESSAGE][PASSED] - Delayed 5 second(s)

2018-12-10 17:43:13 - [TEST_STEP][PASSED] - click: Object: 'Object Repository/Final Object Repo/New Registration - Registration Module Pages/Third Screen - Upload Supporting Doc- Preview/Add Document Button' is clicked on

2018-12-10 17:43:13 - [MESSAGE][PASSED] - Object: 'Object Repository/Final Object Repo/New Registration - Registration Module Pages/Third Screen - Upload Supporting Doc- Preview/Add Document Button' is clicked on

2018-12-10 17:43:13 - [TEST_STEP][PASSED] - delay: Delayed 30 second(s)

2018-12-10 17:43:43 - [MESSAGE][PASSED] - Delayed 30 second(s)

2018-12-10 17:43:43 - [TEST_STEP][PASSED] - click: Object: 'Object Repository/Final Object Repo/New Registration - Registration Module Pages/Third Screen - Upload Supporting Doc- Preview/Supporting Doc Please Select Drop Down' is clicked on

2018-12-10 17:43:44 - [MESSAGE][PASSED] - Object: 'Object Repository/Final Object Repo/New Registration - Registration Module Pages/Third Screen - Upload Supporting Doc- Preview/Supporting Doc Please Select Drop Down' is clicked on

2018-12-10 17:43:44 - [TEST_STEP][PASSED] - delay: Delayed 3 second(s)

2018-12-10 17:43:47 - [MESSAGE][PASSED] - Delayed 3 second(s)

2018-12-10 17:43:47 - [TEST_STEP][PASSED] - click: Object: 'Object Repository/Final Object Repo/New Registration - Registration Module Pages/Third Screen - Upload Supporting Doc- Preview/Select to Upload Borang SIP 2' is clicked on

2018-12-10 17:43:47 - [MESSAGE][PASSED] - Object: 'Object Repository/Final Object Repo/New Registration - Registration Module Pages/Third Screen - Upload Supporting Doc- Preview/Select to Upload Borang SIP 2' is clicked on

2018-12-10 17:43:47 - [TEST_STEP][PASSED] - delay: Delayed 2 second(s)

2018-12-10 17:43:49 - [MESSAGE][PASSED] - Delayed 2 second(s)

2018-12-10 17:43:49 - [TEST_STEP][PASSED] - uploadFile: File 'C:\Users\Public\Pictures\Sample Pictures\Koala.jpg' sent to object: 'Object Repository/Final Object Repo/New Registration - Registration Module Pages/Third Screen - Upload Supporting Doc- Preview/Upload File Adding'

2018-12-10 17:43:49 - [MESSAGE][PASSED] - File 'C:\Users\Public\Pictures\Sample Pictures\Koala.jpg' sent to object: 'Object Repository/Final Object Repo/New Registration - Registration Module Pages/Third Screen - Upload Supporting Doc- Preview/Upload File Adding'

2018-12-10 17:43:49 - [TEST_STEP][PASSED] - delay: Delayed 5 second(s)

2018-12-10 17:43:54 - [MESSAGE][PASSED] - Delayed 5 second(s)

2018-12-10 17:43:54 - [TEST_STEP][PASSED] - click: Object: 'Object Repository/Final Object Repo/New Registration - Registration Module Pages/Third Screen - Upload Supporting Doc- Preview/Inner Form Add Document Button' is clicked on

2018-12-10 17:43:54 - [MESSAGE][PASSED] - Object: 'Object Repository/Final Object Repo/New Registration - Registration Module Pages/Third Screen - Upload Supporting Doc- Preview/Inner Form Add Document Button' is clicked on

2018-12-10 17:43:54 - [TEST_STEP][PASSED] - delay: Delayed 3 second(s)

2018-12-10 17:43:57 - [MESSAGE][PASSED] - Delayed 3 second(s)

2018-12-10 17:43:57 - [TEST_STEP][PASSED] - waitForElementClickable: Object 'Object Repository/Final Object Repo/New Registration - Registration Module Pages/Third Screen - Upload Supporting Doc- Preview/Save n Continue in Uploading Supporting Doc Page' is clickable

2018-12-10 17:43:58 - [MESSAGE][PASSED] - Object 'Object Repository/Final Object Repo/New Registration - Registration Module Pages/Third Screen - Upload Supporting Doc- Preview/Save n Continue in Uploading Supporting Doc Page' is clickable

2018-12-10 17:43:58 - [TEST_STEP][PASSED] - click: Object: 'Object Repository/Final Object Repo/New Registration - Registration Module Pages/Third Screen - Upload Supporting Doc- Preview/Save n Continue in Uploading Supporting Doc Page' is clicked on

2018-12-10 17:43:59 - [MESSAGE][PASSED] - Object: 'Object Repository/Final Object Repo/New Registration - Registration Module Pages/Third Screen - Upload Supporting Doc- Preview/Save n Continue in Uploading Supporting Doc Page' is clicked on

2018-12-10 17:43:59 - [MESSAGE][PASSED] - Call Test Case 'Test Cases/Final Aug 2018 - PKS Automation/Registration Module/New Registration/Flow of New Registration/Third Screen - Upload Supporting Doc - Preview' successfully

2018-12-10 17:43:59 - [TEST_STEP][PASSED] - callTestCase: Call Test Case 'Test Cases/Final Aug 2018 - PKS Automation/Registration Module/New Registration/Submit and Screenshot/Submit Registration and Screenshot' successfully

2018-12-10 17:43:59 - [TEST_CASE][PASSED] - Test Cases/Final Aug 2018 - PKS Automation/Registration Module/New Registration/Submit and Screenshot/Submit Registration and Screenshot: Test Cases/Final Aug 2018 - PKS Automation/Registration Module/New Registration/Submit and Screenshot/Submit Registration and Screenshot

2018-12-10 17:43:59 - [TEST_STEP][PASSED] - delay: Delayed 6 second(s)

2018-12-10 17:44:05 - [MESSAGE][PASSED] - Delayed 6 second(s)

2018-12-10 17:44:05 - [TEST_STEP][PASSED] - click: Object: 'Object Repository/Final Object Repo/New Registration - Registration Module Pages/Third Screen - Upload Supporting Doc- Preview/Preview Submit Button' is clicked on

2018-12-10 17:44:05 - [MESSAGE][PASSED] - Object: 'Object Repository/Final Object Repo/New Registration - Registration Module Pages/Third Screen - Upload Supporting Doc- Preview/Preview Submit Button' is clicked on

2018-12-10 17:44:05 - [TEST_STEP][PASSED] - delay: Delayed 2 second(s)

2018-12-10 17:44:07 - [MESSAGE][PASSED] - Delayed 2 second(s)

2018-12-10 17:44:07 - [TEST_STEP][PASSED] - click: Object: 'Object Repository/Final Object Repo/New Registration - Registration Module Pages/Third Screen - Upload Supporting Doc- Preview/Preview Submit - Confirm' is clicked on

2018-12-10 17:44:07 - [MESSAGE][PASSED] - Object: 'Object Repository/Final Object Repo/New Registration - Registration Module Pages/Third Screen - Upload Supporting Doc- Preview/Preview Submit - Confirm' is clicked on

2018-12-10 17:44:07 - [TEST_STEP][PASSED] - delay: Delayed 15 second(s)

2018-12-10 17:44:22 - [MESSAGE][PASSED] - Delayed 15 second(s)

2018-12-10 17:44:22 - [TEST_STEP][PASSED] - Statement - driver = com.kms.katalon.core.webui.driver.DriverFactory.getWebDriver(): null

2018-12-10 17:44:22 - [TEST_STEP][PASSED] - Statement - driver.manage().timeouts().implicitlyWait(10, SECONDS): null

2018-12-10 17:44:22 - [TEST_STEP][PASSED] - Statement - PresavePath = KatalonScreenshots: null

2018-12-10 17:44:22 - [TEST_STEP][PASSED] - Statement - pathPrefix = "C:\Users\Public\Pictures\Sample Pictures\Katalon Screenshots\Automate Ending Screen": null

2018-12-10 17:44:22 - [TEST_STEP][PASSED] - Statement - finalPath = <not implemented yet for class: org.codehaus.groovy.ast.expr.EmptyExpression>: null

2018-12-10 17:44:22 - [TEST_STEP][PASSED] - Statement - scrFile = driver.getScreenshotAs(FILE): null

2018-12-10 17:44:23 - [TEST_STEP][PASSED] - Statement - PreSaveFile = new java.io.File(PresavePath): null

2018-12-10 17:44:23 - [TEST_STEP][PASSED] - Statement - counter = 0: null

2018-12-10 17:44:23 - [TEST_STEP][PASSED] - Statement - If (PreSaveFile.exists()): null

2018-12-10 17:44:23 - [TEST_STEP][PASSED] - Statement - While (PreSaveFile.exists()): null

2018-12-10 17:44:23 - [TEST_STEP][PASSED] - Statement - counter = counter + 1: null

2018-12-10 17:44:23 - [TEST_STEP][PASSED] - Statement - PreSaveFile = new java.io.File(((pathPrefix + java.lang.Integer.toString(counter)) + .png)): null

2018-12-10 17:44:23 - [TEST_STEP][PASSED] - Statement - counter = counter + 1: null

2018-12-10 17:44:23 - [TEST_STEP][PASSED] - Statement - PreSaveFile = new java.io.File(((pathPrefix + java.lang.Integer.toString(counter)) + .png)): null

2018-12-10 17:44:23 - [TEST_STEP][PASSED] - Statement - counter = counter + 1: null

2018-12-10 17:44:23 - [TEST_STEP][PASSED] - Statement - PreSaveFile = new java.io.File(((pathPrefix + java.lang.Integer.toString(counter)) + .png)): null

2018-12-10 17:44:23 - [TEST_STEP][PASSED] - Statement - counter = counter + 1: null

2018-12-10 17:44:23 - [TEST_STEP][PASSED] - Statement - PreSaveFile = new java.io.File(((pathPrefix + java.lang.Integer.toString(counter)) + .png)): null

2018-12-10 17:44:23 - [TEST_STEP][PASSED] - Statement - counter = counter + 1: null

2018-12-10 17:44:23 - [TEST_STEP][PASSED] - Statement - PreSaveFile = new java.io.File(((pathPrefix + java.lang.Integer.toString(counter)) + .png)): null

2018-12-10 17:44:23 - [TEST_STEP][PASSED] - Statement - counter = counter + 1: null

2018-12-10 17:44:23 - [TEST_STEP][PASSED] - Statement - PreSaveFile = new java.io.File(((pathPrefix + java.lang.Integer.toString(counter)) + .png)): null

2018-12-10 17:44:23 - [TEST_STEP][PASSED] - Statement - finalPath = pathPrefix + java.lang.Integer.toString(counter) + ".png": null

2018-12-10 17:44:23 - [TEST_STEP][PASSED] - Statement - SaveFile = new java.io.File(finalPath): null

2018-12-10 17:44:23 - [TEST_STEP][PASSED] - Statement - Try: null

2018-12-10 17:44:23 - [TEST_STEP][PASSED] - Statement - org.apache.commons.io.FileUtils.copyFile(scrFile, SaveFile): null

2018-12-10 17:44:23 - [TEST_STEP][PASSED] - Statement - out.println("file kept"): null

2018-12-10 17:44:23 - [TEST_STEP][PASSED] - delay: Delayed 10 second(s)

2018-12-10 17:44:33 - [MESSAGE][PASSED] - Delayed 10 second(s)

2018-12-10 17:44:33 - [MESSAGE][PASSED] - Call Test Case 'Test Cases/Final Aug 2018 - PKS Automation/Registration Module/New Registration/Submit and Screenshot/Submit Registration and Screenshot' successfully]]></system-out>
         <system-err><![CDATA[]]></system-err>
      </testcase>
      <testcase name="Test Cases/Final Aug 2018 - PKS Automation/Registration Module/Critical Path/New Registration/Other - NGO" classname="Test Cases/Final Aug 2018 - PKS Automation/Registration Module/Critical Path/New Registration/Other - NGO" status="PASSED">
         <system-out><![CDATA[2018-12-10 17:44:33 - [TEST_CASE][PASSED] - Test Cases/Final Aug 2018 - PKS Automation/Registration Module/Critical Path/New Registration/Other - NGO: Test Cases/Final Aug 2018 - PKS Automation/Registration Module/Critical Path/New Registration/Other - NGO

2018-12-10 17:44:33 - [TEST_STEP][PASSED] - callTestCase: Call Test Case 'Test Cases/Final Aug 2018 - PKS Automation/Registration Module/New Registration/Form 1/Form 1 - Other - NGO' successfully

2018-12-10 17:44:33 - [TEST_CASE][PASSED] - Test Cases/Final Aug 2018 - PKS Automation/Registration Module/New Registration/Form 1/Form 1 - Other - NGO: Test Cases/Final Aug 2018 - PKS Automation/Registration Module/New Registration/Form 1/Form 1 - Other - NGO

2018-12-10 17:44:33 - [TEST_STEP][PASSED] - openBrowser: Browser is opened with url: ''

2018-12-10 17:44:33 - [MESSAGE][WARNING] - A browser is already opened. Closing browser and opening a new one

2018-12-10 17:44:36 - [MESSAGE][PASSED] - Browser is opened with url: ''

2018-12-10 17:44:36 - [TEST_STEP][PASSED] - navigateToUrl: Navigate to 'https://assist2-uat.perkeso.gov.my/login' successfully

2018-12-10 17:44:37 - [MESSAGE][PASSED] - Navigate to 'https://assist2-uat.perkeso.gov.my/login' successfully

2018-12-10 17:44:37 - [TEST_STEP][PASSED] - setText: Text 'johorotc1@gmail.com' is set on object 'Object Repository/Final Object Repo/Login Page/Internal User/Email Address'

2018-12-10 17:44:38 - [MESSAGE][PASSED] - Text 'johorotc1@gmail.com' is set on object 'Object Repository/Final Object Repo/Login Page/Internal User/Email Address'

2018-12-10 17:44:38 - [TEST_STEP][PASSED] - click: Object: 'Object Repository/Final Object Repo/Login Page/Internal User/Next Button' is clicked on

2018-12-10 17:44:38 - [MESSAGE][PASSED] - Object: 'Object Repository/Final Object Repo/Login Page/Internal User/Next Button' is clicked on

2018-12-10 17:44:38 - [TEST_STEP][PASSED] - delay: Delayed 1 second(s)

2018-12-10 17:44:39 - [MESSAGE][PASSED] - Delayed 1 second(s)

2018-12-10 17:44:39 - [TEST_STEP][PASSED] - setEncryptedText: Text ****** has been set on object 'Object Repository/Final Object Repo/Login Page/Internal User/Password'

2018-12-10 17:44:39 - [MESSAGE][PASSED] - Text ****** has been set on object 'Object Repository/Final Object Repo/Login Page/Internal User/Password'

2018-12-10 17:44:39 - [TEST_STEP][PASSED] - click: Object: 'Object Repository/Final Object Repo/Login Page/Internal User/Login Button' is clicked on

2018-12-10 17:44:39 - [MESSAGE][PASSED] - Object: 'Object Repository/Final Object Repo/Login Page/Internal User/Login Button' is clicked on

2018-12-10 17:44:39 - [TEST_STEP][PASSED] - delay: Delayed 1 second(s)

2018-12-10 17:44:40 - [MESSAGE][PASSED] - Delayed 1 second(s)

2018-12-10 17:44:40 - [TEST_STEP][PASSED] - Statement - Try: Delayed 2 second(s)

2018-12-10 17:44:40 - [TEST_STEP][PASSED] - Statement - Checker = false: null

2018-12-10 17:44:40 - [TEST_STEP][PASSED] - Statement - Checker = com.kms.katalon.core.webui.keyword.WebUiBuiltInKeywords.verifyElementHasAttribute(com.kms.katalon.core.testobject.ObjectRepository.findTestObject(Final Object Repo/Landing Page/BM Detecting), "href", 20, OPTIONAL): Object 'Object Repository/Final Object Repo/Landing Page/BM Detecting' has attribute 'href'

2018-12-10 17:44:41 - [MESSAGE][PASSED] - Object 'Object Repository/Final Object Repo/Landing Page/BM Detecting' has attribute 'href'

2018-12-10 17:44:41 - [TEST_STEP][PASSED] - Statement - out.println(Checker): null

2018-12-10 17:44:41 - [TEST_STEP][PASSED] - Statement - If (Checker == false): null

2018-12-10 17:44:41 - [TEST_STEP][PASSED] - Statement - Else: null

2018-12-10 17:44:41 - [TEST_STEP][PASSED] - delay: Delayed 2 second(s)

2018-12-10 17:44:43 - [MESSAGE][PASSED] - Delayed 2 second(s)

2018-12-10 17:44:43 - [TEST_STEP][PASSED] - navigateToUrl: Navigate to 'https://assist2-uat.perkeso.gov.my/web/registration/registration' successfully

2018-12-10 17:44:44 - [MESSAGE][PASSED] - Navigate to 'https://assist2-uat.perkeso.gov.my/web/registration/registration' successfully

2018-12-10 17:44:44 - [TEST_STEP][PASSED] - click: Object: 'Object Repository/Final Object Repo/New Registration - Registration Module Pages/Form 1/AEC - No' is clicked on

2018-12-10 17:44:45 - [MESSAGE][PASSED] - Object: 'Object Repository/Final Object Repo/New Registration - Registration Module Pages/Form 1/AEC - No' is clicked on

2018-12-10 17:44:45 - [TEST_STEP][PASSED] - click: Object: 'Object Repository/Final Object Repo/New Registration - Registration Module Pages/Form 1/Business Entity' is clicked on

2018-12-10 17:44:45 - [MESSAGE][PASSED] - Object: 'Object Repository/Final Object Repo/New Registration - Registration Module Pages/Form 1/Business Entity' is clicked on

2018-12-10 17:44:45 - [TEST_STEP][PASSED] - click: Object: 'Object Repository/Final Object Repo/New Registration - Registration Module Pages/Form 1/Business Entity - Other' is clicked on

2018-12-10 17:44:45 - [MESSAGE][PASSED] - Object: 'Object Repository/Final Object Repo/New Registration - Registration Module Pages/Form 1/Business Entity - Other' is clicked on

2018-12-10 17:44:45 - [TEST_STEP][PASSED] - delay: Delayed 1 second(s)

2018-12-10 17:44:46 - [MESSAGE][PASSED] - Delayed 1 second(s)

2018-12-10 17:44:46 - [TEST_STEP][PASSED] - click: Object: 'Object Repository/Final Object Repo/New Registration - Registration Module Pages/Form 1/Sub Business Entity' is clicked on

2018-12-10 17:44:46 - [MESSAGE][PASSED] - Object: 'Object Repository/Final Object Repo/New Registration - Registration Module Pages/Form 1/Sub Business Entity' is clicked on

2018-12-10 17:44:46 - [TEST_STEP][PASSED] - click: Object: 'Object Repository/Final Object Repo/New Registration - Registration Module Pages/Form 1/Sub Business Entity - Other/Sub Business Entity  - NGO  Society' is clicked on

2018-12-10 17:44:46 - [MESSAGE][PASSED] - Object: 'Object Repository/Final Object Repo/New Registration - Registration Module Pages/Form 1/Sub Business Entity - Other/Sub Business Entity  - NGO  Society' is clicked on

2018-12-10 17:44:46 - [TEST_STEP][PASSED] - delay: Delayed 1 second(s)

2018-12-10 17:44:47 - [MESSAGE][PASSED] - Delayed 1 second(s)

2018-12-10 17:44:47 - [TEST_STEP][PASSED] - click: Object: 'Object Repository/Final Object Repo/New Registration - Registration Module Pages/Form 1/Sub Business Entity List' is clicked on

2018-12-10 17:44:48 - [MESSAGE][PASSED] - Object: 'Object Repository/Final Object Repo/New Registration - Registration Module Pages/Form 1/Sub Business Entity List' is clicked on

2018-12-10 17:44:48 - [TEST_STEP][PASSED] - click: Object: 'Object Repository/Final Object Repo/New Registration - Registration Module Pages/Form 1/Sub Business Entity List - Other/Sub Business Entity List - Others - NGO - Registered with Register of Society' is clicked on

2018-12-10 17:44:48 - [MESSAGE][PASSED] - Object: 'Object Repository/Final Object Repo/New Registration - Registration Module Pages/Form 1/Sub Business Entity List - Other/Sub Business Entity List - Others - NGO - Registered with Register of Society' is clicked on

2018-12-10 17:44:48 - [TEST_STEP][PASSED] - delay: Delayed 1 second(s)

2018-12-10 17:44:49 - [MESSAGE][PASSED] - Delayed 1 second(s)

2018-12-10 17:44:49 - [TEST_STEP][PASSED] - setText: Text '123' is set on object 'Object Repository/Final Object Repo/New Registration - Registration Module Pages/Form 1/Registration Number'

2018-12-10 17:44:49 - [MESSAGE][PASSED] - Text '123' is set on object 'Object Repository/Final Object Repo/New Registration - Registration Module Pages/Form 1/Registration Number'

2018-12-10 17:44:49 - [TEST_STEP][NOT_RUN] - click: NOT_RUN: click

2018-12-10 17:44:49 - [MESSAGE][NOT_RUN] - NOT_RUN: click

2018-12-10 17:44:49 - [TEST_STEP][PASSED] - click: Object: 'Object Repository/Final Object Repo/New Registration - Registration Module Pages/Form 1/Registered As a Branch - Yes' is clicked on

2018-12-10 17:44:49 - [MESSAGE][PASSED] - Object: 'Object Repository/Final Object Repo/New Registration - Registration Module Pages/Form 1/Registered As a Branch - Yes' is clicked on

2018-12-10 17:44:49 - [TEST_STEP][NOT_RUN] - verifyElementPresent: NOT_RUN: verifyElementPresent

2018-12-10 17:44:49 - [MESSAGE][NOT_RUN] - NOT_RUN: verifyElementPresent

2018-12-10 17:44:49 - [TEST_STEP][PASSED] - check: Object 'Object Repository/Final Object Repo/New Registration - Registration Module Pages/Form 1/Acknowledgement' is checked

2018-12-10 17:44:50 - [MESSAGE][PASSED] - Object 'Object Repository/Final Object Repo/New Registration - Registration Module Pages/Form 1/Acknowledgement' is checked

2018-12-10 17:44:50 - [TEST_STEP][PASSED] - setText: Text 'perkeso' is set on object 'Object Repository/Final Object Repo/New Registration - Registration Module Pages/Form 1/Industry name'

2018-12-10 17:44:50 - [MESSAGE][PASSED] - Text 'perkeso' is set on object 'Object Repository/Final Object Repo/New Registration - Registration Module Pages/Form 1/Industry name'

2018-12-10 17:44:50 - [TEST_STEP][PASSED] - setText: Text 'perkeso1' is set on object 'Object Repository/Final Object Repo/New Registration - Registration Module Pages/Form 1/Postal Address1'

2018-12-10 17:44:50 - [MESSAGE][PASSED] - Text 'perkeso1' is set on object 'Object Repository/Final Object Repo/New Registration - Registration Module Pages/Form 1/Postal Address1'

2018-12-10 17:44:50 - [TEST_STEP][PASSED] - setText: Text 'perkeso2' is set on object 'Object Repository/Final Object Repo/New Registration - Registration Module Pages/Form 1/Postal Address2'

2018-12-10 17:44:51 - [MESSAGE][PASSED] - Text 'perkeso2' is set on object 'Object Repository/Final Object Repo/New Registration - Registration Module Pages/Form 1/Postal Address2'

2018-12-10 17:44:51 - [TEST_STEP][PASSED] - setText: Text 'perkeso3' is set on object 'Object Repository/Final Object Repo/New Registration - Registration Module Pages/Form 1/Postal Address3'

2018-12-10 17:44:51 - [MESSAGE][PASSED] - Text 'perkeso3' is set on object 'Object Repository/Final Object Repo/New Registration - Registration Module Pages/Form 1/Postal Address3'

2018-12-10 17:44:51 - [TEST_STEP][PASSED] - click: Object: 'Object Repository/Final Object Repo/New Registration - Registration Module Pages/Form 1/State' is clicked on

2018-12-10 17:44:51 - [MESSAGE][PASSED] - Object: 'Object Repository/Final Object Repo/New Registration - Registration Module Pages/Form 1/State' is clicked on

2018-12-10 17:44:51 - [TEST_STEP][PASSED] - click: Object: 'Object Repository/Final Object Repo/New Registration - Registration Module Pages/Form 1/State - Johor' is clicked on

2018-12-10 17:44:51 - [MESSAGE][PASSED] - Object: 'Object Repository/Final Object Repo/New Registration - Registration Module Pages/Form 1/State - Johor' is clicked on

2018-12-10 17:44:51 - [TEST_STEP][PASSED] - delay: Delayed 1 second(s)

2018-12-10 17:44:52 - [MESSAGE][PASSED] - Delayed 1 second(s)

2018-12-10 17:44:52 - [TEST_STEP][PASSED] - click: Object: 'Object Repository/Final Object Repo/New Registration - Registration Module Pages/Form 1/City' is clicked on

2018-12-10 17:44:53 - [MESSAGE][PASSED] - Object: 'Object Repository/Final Object Repo/New Registration - Registration Module Pages/Form 1/City' is clicked on

2018-12-10 17:44:53 - [TEST_STEP][PASSED] - setText: Text 'joh' is set on object 'Object Repository/Final Object Repo/New Registration - Registration Module Pages/Form 1/Postcode - 810'

2018-12-10 17:44:53 - [MESSAGE][PASSED] - Text 'joh' is set on object 'Object Repository/Final Object Repo/New Registration - Registration Module Pages/Form 1/Postcode - 810'

2018-12-10 17:44:53 - [TEST_STEP][PASSED] - delay: Delayed 1 second(s)

2018-12-10 17:44:54 - [MESSAGE][PASSED] - Delayed 1 second(s)

2018-12-10 17:44:54 - [TEST_STEP][PASSED] - click: Object: 'Object Repository/Final Object Repo/New Registration - Registration Module Pages/Form 1/City - Johor Bharu' is clicked on

2018-12-10 17:44:54 - [MESSAGE][PASSED] - Object: 'Object Repository/Final Object Repo/New Registration - Registration Module Pages/Form 1/City - Johor Bharu' is clicked on

2018-12-10 17:44:54 - [TEST_STEP][PASSED] - delay: Delayed 1 second(s)

2018-12-10 17:44:55 - [MESSAGE][PASSED] - Delayed 1 second(s)

2018-12-10 17:44:55 - [TEST_STEP][PASSED] - click: Object: 'Object Repository/Final Object Repo/New Registration - Registration Module Pages/Form 1/Postcode' is clicked on

2018-12-10 17:44:55 - [MESSAGE][PASSED] - Object: 'Object Repository/Final Object Repo/New Registration - Registration Module Pages/Form 1/Postcode' is clicked on

2018-12-10 17:44:55 - [TEST_STEP][PASSED] - delay: Delayed 1 second(s)

2018-12-10 17:44:56 - [MESSAGE][PASSED] - Delayed 1 second(s)

2018-12-10 17:44:56 - [TEST_STEP][PASSED] - setText: Text '810' is set on object 'Object Repository/Final Object Repo/New Registration - Registration Module Pages/Form 1/Postcode - 810'

2018-12-10 17:44:56 - [MESSAGE][PASSED] - Text '810' is set on object 'Object Repository/Final Object Repo/New Registration - Registration Module Pages/Form 1/Postcode - 810'

2018-12-10 17:44:56 - [TEST_STEP][PASSED] - delay: Delayed 1 second(s)

2018-12-10 17:44:57 - [MESSAGE][PASSED] - Delayed 1 second(s)

2018-12-10 17:44:57 - [TEST_STEP][PASSED] - click: Object: 'Object Repository/Final Object Repo/New Registration - Registration Module Pages/Form 1/Postcode - 81000' is clicked on

2018-12-10 17:44:58 - [MESSAGE][PASSED] - Object: 'Object Repository/Final Object Repo/New Registration - Registration Module Pages/Form 1/Postcode - 81000' is clicked on

2018-12-10 17:44:58 - [TEST_STEP][PASSED] - delay: Delayed 1 second(s)

2018-12-10 17:44:59 - [MESSAGE][PASSED] - Delayed 1 second(s)

2018-12-10 17:44:59 - [TEST_STEP][PASSED] - setText: Text '100' is set on object 'Object Repository/Final Object Repo/New Registration - Registration Module Pages/Form 1/P.O.BOX'

2018-12-10 17:44:59 - [MESSAGE][PASSED] - Text '100' is set on object 'Object Repository/Final Object Repo/New Registration - Registration Module Pages/Form 1/P.O.BOX'

2018-12-10 17:44:59 - [TEST_STEP][PASSED] - setText: Text '100' is set on object 'Object Repository/Final Object Repo/New Registration - Registration Module Pages/Form 1/Locked Bag No'

2018-12-10 17:44:59 - [MESSAGE][PASSED] - Text '100' is set on object 'Object Repository/Final Object Repo/New Registration - Registration Module Pages/Form 1/Locked Bag No'

2018-12-10 17:44:59 - [TEST_STEP][PASSED] - click: Object: 'Object Repository/Final Object Repo/New Registration - Registration Module Pages/Form 1/SOCSO Office Location' is clicked on

2018-12-10 17:44:59 - [MESSAGE][PASSED] - Object: 'Object Repository/Final Object Repo/New Registration - Registration Module Pages/Form 1/SOCSO Office Location' is clicked on

2018-12-10 17:44:59 - [TEST_STEP][PASSED] - click: Object: 'Object Repository/Final Object Repo/New Registration - Registration Module Pages/Form 1/SOCSO Office Location - Pejabat PERKESO Negeri Johor' is clicked on

2018-12-10 17:45:00 - [MESSAGE][PASSED] - Object: 'Object Repository/Final Object Repo/New Registration - Registration Module Pages/Form 1/SOCSO Office Location - Pejabat PERKESO Negeri Johor' is clicked on

2018-12-10 17:45:00 - [TEST_STEP][PASSED] - delay: Delayed 1 second(s)

2018-12-10 17:45:01 - [MESSAGE][PASSED] - Delayed 1 second(s)

2018-12-10 17:45:01 - [TEST_STEP][PASSED] - check: Object 'Object Repository/Final Object Repo/New Registration - Registration Module Pages/Form 1/Indusrty Address Same As Postal Address' is checked

2018-12-10 17:45:01 - [MESSAGE][PASSED] - Object 'Object Repository/Final Object Repo/New Registration - Registration Module Pages/Form 1/Indusrty Address Same As Postal Address' is checked

2018-12-10 17:45:01 - [TEST_STEP][PASSED] - delay: Delayed 3 second(s)

2018-12-10 17:45:04 - [MESSAGE][PASSED] - Delayed 3 second(s)

2018-12-10 17:45:04 - [TEST_STEP][PASSED] - click: Object: 'Object Repository/Final Object Repo/New Registration - Registration Module Pages/Form 1/Indusry Address Same As Postal Address False' is clicked on

2018-12-10 17:45:04 - [MESSAGE][PASSED] - Object: 'Object Repository/Final Object Repo/New Registration - Registration Module Pages/Form 1/Indusry Address Same As Postal Address False' is clicked on

2018-12-10 17:45:04 - [TEST_STEP][PASSED] - delay: Delayed 1 second(s)

2018-12-10 17:45:05 - [MESSAGE][PASSED] - Delayed 1 second(s)

2018-12-10 17:45:05 - [TEST_STEP][PASSED] - setText: Text 'perkeso1' is set on object 'Object Repository/Final Object Repo/New Registration - Registration Module Pages/Form 1/Industry Address1'

2018-12-10 17:45:05 - [MESSAGE][PASSED] - Text 'perkeso1' is set on object 'Object Repository/Final Object Repo/New Registration - Registration Module Pages/Form 1/Industry Address1'

2018-12-10 17:45:05 - [TEST_STEP][PASSED] - setText: Text 'perkeso2' is set on object 'Object Repository/Final Object Repo/New Registration - Registration Module Pages/Form 1/Industry Address2'

2018-12-10 17:45:06 - [MESSAGE][PASSED] - Text 'perkeso2' is set on object 'Object Repository/Final Object Repo/New Registration - Registration Module Pages/Form 1/Industry Address2'

2018-12-10 17:45:06 - [TEST_STEP][PASSED] - setText: Text 'perkeso3' is set on object 'Object Repository/Final Object Repo/New Registration - Registration Module Pages/Form 1/Industry Address3'

2018-12-10 17:45:06 - [MESSAGE][PASSED] - Text 'perkeso3' is set on object 'Object Repository/Final Object Repo/New Registration - Registration Module Pages/Form 1/Industry Address3'

2018-12-10 17:45:06 - [TEST_STEP][PASSED] - click: Object: 'Object Repository/Final Object Repo/New Registration - Registration Module Pages/Form 1/Industry State' is clicked on

2018-12-10 17:45:06 - [MESSAGE][PASSED] - Object: 'Object Repository/Final Object Repo/New Registration - Registration Module Pages/Form 1/Industry State' is clicked on

2018-12-10 17:45:06 - [TEST_STEP][PASSED] - delay: Delayed 2 second(s)

2018-12-10 17:45:08 - [MESSAGE][PASSED] - Delayed 2 second(s)

2018-12-10 17:45:08 - [TEST_STEP][PASSED] - click: Object: 'Object Repository/Final Object Repo/New Registration - Registration Module Pages/Form 1/Industry State - Johor' is clicked on

2018-12-10 17:45:08 - [MESSAGE][PASSED] - Object: 'Object Repository/Final Object Repo/New Registration - Registration Module Pages/Form 1/Industry State - Johor' is clicked on

2018-12-10 17:45:08 - [TEST_STEP][PASSED] - delay: Delayed 2 second(s)

2018-12-10 17:45:10 - [MESSAGE][PASSED] - Delayed 2 second(s)

2018-12-10 17:45:10 - [TEST_STEP][PASSED] - click: Object: 'Object Repository/Final Object Repo/New Registration - Registration Module Pages/Form 1/Industry Ciry' is clicked on

2018-12-10 17:45:11 - [MESSAGE][PASSED] - Object: 'Object Repository/Final Object Repo/New Registration - Registration Module Pages/Form 1/Industry Ciry' is clicked on

2018-12-10 17:45:11 - [TEST_STEP][PASSED] - setText: Text 'joh' is set on object 'Object Repository/Final Object Repo/New Registration - Registration Module Pages/Form 1/Industry Ciry - joh'

2018-12-10 17:45:11 - [MESSAGE][PASSED] - Text 'joh' is set on object 'Object Repository/Final Object Repo/New Registration - Registration Module Pages/Form 1/Industry Ciry - joh'

2018-12-10 17:45:11 - [TEST_STEP][PASSED] - delay: Delayed 2 second(s)

2018-12-10 17:45:13 - [MESSAGE][PASSED] - Delayed 2 second(s)

2018-12-10 17:45:13 - [TEST_STEP][PASSED] - click: Object: 'Object Repository/Final Object Repo/New Registration - Registration Module Pages/Form 1/Industy State - Johor Bharu' is clicked on

2018-12-10 17:45:13 - [MESSAGE][PASSED] - Object: 'Object Repository/Final Object Repo/New Registration - Registration Module Pages/Form 1/Industy State - Johor Bharu' is clicked on

2018-12-10 17:45:13 - [TEST_STEP][PASSED] - delay: Delayed 1 second(s)

2018-12-10 17:45:14 - [MESSAGE][PASSED] - Delayed 1 second(s)

2018-12-10 17:45:14 - [TEST_STEP][PASSED] - click: Object: 'Object Repository/Final Object Repo/New Registration - Registration Module Pages/Form 1/Indusry PostCode' is clicked on

2018-12-10 17:45:14 - [MESSAGE][PASSED] - Object: 'Object Repository/Final Object Repo/New Registration - Registration Module Pages/Form 1/Indusry PostCode' is clicked on

2018-12-10 17:45:14 - [TEST_STEP][PASSED] - delay: Delayed 1 second(s)

2018-12-10 17:45:15 - [MESSAGE][PASSED] - Delayed 1 second(s)

2018-12-10 17:45:15 - [TEST_STEP][PASSED] - setText: Text '810' is set on object 'Object Repository/Final Object Repo/New Registration - Registration Module Pages/Form 1/Insutry Post Code - 810'

2018-12-10 17:45:15 - [MESSAGE][PASSED] - Text '810' is set on object 'Object Repository/Final Object Repo/New Registration - Registration Module Pages/Form 1/Insutry Post Code - 810'

2018-12-10 17:45:15 - [TEST_STEP][PASSED] - delay: Delayed 1 second(s)

2018-12-10 17:45:16 - [MESSAGE][PASSED] - Delayed 1 second(s)

2018-12-10 17:45:16 - [TEST_STEP][PASSED] - click: Object: 'Object Repository/Final Object Repo/New Registration - Registration Module Pages/Form 1/Insutry Post Code - 81000' is clicked on

2018-12-10 17:45:17 - [MESSAGE][PASSED] - Object: 'Object Repository/Final Object Repo/New Registration - Registration Module Pages/Form 1/Insutry Post Code - 81000' is clicked on

2018-12-10 17:45:17 - [TEST_STEP][PASSED] - delay: Delayed 1 second(s)

2018-12-10 17:45:18 - [MESSAGE][PASSED] - Delayed 1 second(s)

2018-12-10 17:45:18 - [TEST_STEP][PASSED] - setText: Text '100' is set on object 'Object Repository/Final Object Repo/New Registration - Registration Module Pages/Form 1/Industry P.O.BOX'

2018-12-10 17:45:18 - [MESSAGE][PASSED] - Text '100' is set on object 'Object Repository/Final Object Repo/New Registration - Registration Module Pages/Form 1/Industry P.O.BOX'

2018-12-10 17:45:18 - [TEST_STEP][PASSED] - setText: Text '100' is set on object 'Object Repository/Final Object Repo/New Registration - Registration Module Pages/Form 1/Industry Locked Bag No'

2018-12-10 17:45:18 - [MESSAGE][PASSED] - Text '100' is set on object 'Object Repository/Final Object Repo/New Registration - Registration Module Pages/Form 1/Industry Locked Bag No'

2018-12-10 17:45:18 - [TEST_STEP][PASSED] - setText: Text '123456789' is set on object 'Object Repository/Final Object Repo/New Registration - Registration Module Pages/Form 1/Telephone No'

2018-12-10 17:45:19 - [MESSAGE][PASSED] - Text '123456789' is set on object 'Object Repository/Final Object Repo/New Registration - Registration Module Pages/Form 1/Telephone No'

2018-12-10 17:45:19 - [TEST_STEP][PASSED] - setText: Text '123456789' is set on object 'Object Repository/Final Object Repo/New Registration - Registration Module Pages/Form 1/Mobile No'

2018-12-10 17:45:19 - [MESSAGE][PASSED] - Text '123456789' is set on object 'Object Repository/Final Object Repo/New Registration - Registration Module Pages/Form 1/Mobile No'

2018-12-10 17:45:19 - [TEST_STEP][PASSED] - setText: Text '123456789' is set on object 'Object Repository/Final Object Repo/New Registration - Registration Module Pages/Form 1/Fax No'

2018-12-10 17:45:19 - [MESSAGE][PASSED] - Text '123456789' is set on object 'Object Repository/Final Object Repo/New Registration - Registration Module Pages/Form 1/Fax No'

2018-12-10 17:45:19 - [TEST_STEP][PASSED] - click: Object: 'Object Repository/Final Object Repo/New Registration - Registration Module Pages/Form 1/Industry Code' is clicked on

2018-12-10 17:45:20 - [MESSAGE][PASSED] - Object: 'Object Repository/Final Object Repo/New Registration - Registration Module Pages/Form 1/Industry Code' is clicked on

2018-12-10 17:45:20 - [TEST_STEP][PASSED] - click: Object: 'Object Repository/Final Object Repo/New Registration - Registration Module Pages/Form 1/Indudustry Code - Crops and Animal' is clicked on

2018-12-10 17:45:20 - [MESSAGE][PASSED] - Object: 'Object Repository/Final Object Repo/New Registration - Registration Module Pages/Form 1/Indudustry Code - Crops and Animal' is clicked on

2018-12-10 17:45:20 - [TEST_STEP][PASSED] - delay: Delayed 1 second(s)

2018-12-10 17:45:21 - [MESSAGE][PASSED] - Delayed 1 second(s)

2018-12-10 17:45:21 - [TEST_STEP][PASSED] - click: Object: 'Object Repository/Final Object Repo/New Registration - Registration Module Pages/Form 1/Sub Industry Code List' is clicked on

2018-12-10 17:45:21 - [MESSAGE][PASSED] - Object: 'Object Repository/Final Object Repo/New Registration - Registration Module Pages/Form 1/Sub Industry Code List' is clicked on

2018-12-10 17:45:21 - [TEST_STEP][PASSED] - click: Object: 'Object Repository/Final Object Repo/New Registration - Registration Module Pages/Form 1/Sub Industry Code List - Growing of Maize' is clicked on

2018-12-10 17:45:21 - [MESSAGE][PASSED] - Object: 'Object Repository/Final Object Repo/New Registration - Registration Module Pages/Form 1/Sub Industry Code List - Growing of Maize' is clicked on

2018-12-10 17:45:21 - [TEST_STEP][PASSED] - setText: Text 'perkeso123@gmail.com' is set on object 'Object Repository/Final Object Repo/New Registration - Registration Module Pages/Form 1/Email'

2018-12-10 17:45:22 - [MESSAGE][PASSED] - Text 'perkeso123@gmail.com' is set on object 'Object Repository/Final Object Repo/New Registration - Registration Module Pages/Form 1/Email'

2018-12-10 17:45:22 - [TEST_STEP][PASSED] - click: Object: 'Object Repository/Final Object Repo/New Registration - Registration Module Pages/Form 1/Method of Contribution Payment' is clicked on

2018-12-10 17:45:22 - [MESSAGE][PASSED] - Object: 'Object Repository/Final Object Repo/New Registration - Registration Module Pages/Form 1/Method of Contribution Payment' is clicked on

2018-12-10 17:45:22 - [TEST_STEP][PASSED] - click: Object: 'Object Repository/Final Object Repo/New Registration - Registration Module Pages/Form 1/Method of Contribution Payment - Portal' is clicked on

2018-12-10 17:45:22 - [MESSAGE][PASSED] - Object: 'Object Repository/Final Object Repo/New Registration - Registration Module Pages/Form 1/Method of Contribution Payment - Portal' is clicked on

2018-12-10 17:45:22 - [TEST_STEP][PASSED] - click: Object: 'Object Repository/Final Object Repo/New Registration - Registration Module Pages/Form 1/Servide Type' is clicked on

2018-12-10 17:45:22 - [MESSAGE][PASSED] - Object: 'Object Repository/Final Object Repo/New Registration - Registration Module Pages/Form 1/Servide Type' is clicked on

2018-12-10 17:45:22 - [TEST_STEP][PASSED] - click: Object: 'Object Repository/Final Object Repo/New Registration - Registration Module Pages/Form 1/Servide Type - Professional Bodies' is clicked on

2018-12-10 17:45:23 - [MESSAGE][PASSED] - Object: 'Object Repository/Final Object Repo/New Registration - Registration Module Pages/Form 1/Servide Type - Professional Bodies' is clicked on

2018-12-10 17:45:23 - [TEST_STEP][PASSED] - click: Object: 'Object Repository/Final Object Repo/New Registration - Registration Module Pages/Form 1/Industry Venue' is clicked on

2018-12-10 17:45:23 - [MESSAGE][PASSED] - Object: 'Object Repository/Final Object Repo/New Registration - Registration Module Pages/Form 1/Industry Venue' is clicked on

2018-12-10 17:45:23 - [TEST_STEP][PASSED] - click: Object: 'Object Repository/Final Object Repo/New Registration - Registration Module Pages/Form 1/Industry Venue -  PPN JOHOR' is clicked on

2018-12-10 17:45:23 - [MESSAGE][PASSED] - Object: 'Object Repository/Final Object Repo/New Registration - Registration Module Pages/Form 1/Industry Venue -  PPN JOHOR' is clicked on

2018-12-10 17:45:23 - [TEST_STEP][PASSED] - click: Object: 'Object Repository/Final Object Repo/New Registration - Registration Module Pages/Form 1/Save  Continue' is clicked on

2018-12-10 17:45:23 - [MESSAGE][PASSED] - Object: 'Object Repository/Final Object Repo/New Registration - Registration Module Pages/Form 1/Save  Continue' is clicked on

2018-12-10 17:45:23 - [MESSAGE][PASSED] - Call Test Case 'Test Cases/Final Aug 2018 - PKS Automation/Registration Module/New Registration/Form 1/Form 1 - Other - NGO' successfully

2018-12-10 17:45:23 - [TEST_STEP][PASSED] - callTestCase: Call Test Case 'Test Cases/Final Aug 2018 - PKS Automation/Registration Module/New Registration/Form 2/Add 2 Eligible 2 Not Eligible' successfully

2018-12-10 17:45:23 - [TEST_CASE][PASSED] - Test Cases/Final Aug 2018 - PKS Automation/Registration Module/New Registration/Form 2/Add 2 Eligible 2 Not Eligible: Test Cases/Final Aug 2018 - PKS Automation/Registration Module/New Registration/Form 2/Add 2 Eligible 2 Not Eligible

2018-12-10 17:45:23 - [TEST_STEP][PASSED] - delay: Delayed 2 second(s)

2018-12-10 17:45:25 - [MESSAGE][PASSED] - Delayed 2 second(s)

2018-12-10 17:45:25 - [TEST_STEP][PASSED] - callTestCase: Call Test Case 'Test Cases/Final Aug 2018 - PKS Automation/Registration Module/New Registration/Form 2/Date Updater' successfully

2018-12-10 17:45:25 - [TEST_CASE][PASSED] - Test Cases/Final Aug 2018 - PKS Automation/Registration Module/New Registration/Form 2/Date Updater: Test Cases/Final Aug 2018 - PKS Automation/Registration Module/New Registration/Form 2/Date Updater

2018-12-10 17:45:25 - [TEST_STEP][PASSED] - Statement - TodayDate = new java.util.Date(): null

2018-12-10 17:45:25 - [TEST_STEP][PASSED] - Statement - CurrentDateNoFilter = new java.text.SimpleDateFormat(): null

2018-12-10 17:45:25 - [TEST_STEP][PASSED] - Statement - CurrentDateNoFilter.applyPattern("MM"): null

2018-12-10 17:45:25 - [TEST_STEP][PASSED] - Statement - monthContainerMatcher = java.lang.Integer.parseInt(CurrentDateNoFilter.format(TodayDate)): null

2018-12-10 17:45:25 - [TEST_STEP][PASSED] - Statement - monthContainerMatcher = monthContainerMatcher - 1: null

2018-12-10 17:45:25 - [TEST_STEP][PASSED] - Statement - CurrentMonth = monthContainerMatcher.toString(): null

2018-12-10 17:45:25 - [TEST_STEP][PASSED] - Statement - CurrentMonth = CurrentMonth: null

2018-12-10 17:45:25 - [TEST_STEP][PASSED] - Statement - CurrentDateNoFilter.applyPattern("yyyy"): null

2018-12-10 17:45:25 - [TEST_STEP][PASSED] - Statement - CurrentYear = CurrentDateNoFilter.format(TodayDate): null

2018-12-10 17:45:25 - [TEST_STEP][PASSED] - Statement - CurrentYear = CurrentYear: null

2018-12-10 17:45:25 - [TEST_STEP][PASSED] - Statement - intCurrentYear = java.lang.Integer.parseInt(CurrentDateNoFilter.format(TodayDate)): null

2018-12-10 17:45:25 - [TEST_STEP][PASSED] - Statement - eighteenYrsAgo = intCurrentYear - 18: null

2018-12-10 17:45:25 - [TEST_STEP][PASSED] - Statement - eighteenYrsBeforeThisYr = eighteenYrsAgo.toString(): null

2018-12-10 17:45:25 - [TEST_STEP][PASSED] - Statement - EighteenYrsBefore = eighteenYrsBeforeThisYr: null

2018-12-10 17:45:25 - [TEST_STEP][PASSED] - Statement - fiftysevenYrsAgo = intCurrentYear - 57: null

2018-12-10 17:45:25 - [TEST_STEP][PASSED] - Statement - fiftysevenYrsBeforeThisYr = fiftysevenYrsAgo.toString(): null

2018-12-10 17:45:25 - [TEST_STEP][PASSED] - Statement - FiftysevenYrsBefore = fiftysevenYrsBeforeThisYr: null

2018-12-10 17:45:25 - [TEST_STEP][PASSED] - Statement - leapYear = false: null

2018-12-10 17:45:25 - [TEST_STEP][PASSED] - Statement - leapYear = intCurrentYear % 4 == 0: null

2018-12-10 17:45:25 - [TEST_STEP][PASSED] - Statement - CurrentDateNoFilter.applyPattern("dd"): null

2018-12-10 17:45:25 - [TEST_STEP][PASSED] - Statement - CurrentDate = CurrentDateNoFilter.format(TodayDate): null

2018-12-10 17:45:25 - [TEST_STEP][PASSED] - Statement - CurrentDate = java.lang.Integer.parseInt(CurrentDate): null

2018-12-10 17:45:25 - [TEST_STEP][PASSED] - Statement - CurrentDate = CurrentDate: null

2018-12-10 17:45:25 - [TEST_STEP][PASSED] - Statement - CurrentDay = java.lang.Integer.parseInt(CurrentDate): null

2018-12-10 17:45:25 - [TEST_STEP][PASSED] - Statement - ConfAdder = <not implemented yet for class: org.codehaus.groovy.ast.expr.EmptyExpression>: null

2018-12-10 17:45:25 - [TEST_STEP][PASSED] - Statement - out.println(CurrentMonth): null

2018-12-10 17:45:25 - [TEST_STEP][PASSED] - Statement - out.println(CurrentDate): null

2018-12-10 17:45:25 - [TEST_STEP][PASSED] - Statement - switch (CurrentDate): null

2018-12-10 17:45:25 - [TEST_STEP][PASSED] - Statement - Default: null

2018-12-10 17:45:25 - [TEST_STEP][PASSED] - Statement - ConfAdder = true: null

2018-12-10 17:45:25 - [TEST_STEP][PASSED] - Statement - Break: null

2018-12-10 17:45:25 - [TEST_STEP][PASSED] - Statement - aDayBefore = <not implemented yet for class: org.codehaus.groovy.ast.expr.EmptyExpression>: null

2018-12-10 17:45:25 - [TEST_STEP][PASSED] - Statement - out.println(ConfAdder): null

2018-12-10 17:45:25 - [TEST_STEP][PASSED] - Statement - If (ConfAdder == true): null

2018-12-10 17:45:25 - [TEST_STEP][PASSED] - Statement - aDayBefore = CurrentDay + 1: null

2018-12-10 17:45:25 - [TEST_STEP][PASSED] - Statement - out.println(aDayBefore): null

2018-12-10 17:45:25 - [TEST_STEP][PASSED] - Statement - If (aDayBefore == 1 && CurrentMonth == 11): null

2018-12-10 17:45:25 - [TEST_STEP][PASSED] - Statement - DayBefore = aDayBefore.toString(): null

2018-12-10 17:45:25 - [TEST_STEP][PASSED] - Statement - OneDayBefore = DayBefore: null

2018-12-10 17:45:25 - [MESSAGE][PASSED] - Call Test Case 'Test Cases/Final Aug 2018 - PKS Automation/Registration Module/New Registration/Form 2/Date Updater' successfully

2018-12-10 17:45:25 - [TEST_STEP][PASSED] - delay: Delayed 1 second(s)

2018-12-10 17:45:26 - [MESSAGE][PASSED] - Delayed 1 second(s)

2018-12-10 17:45:26 - [TEST_STEP][PASSED] - Statement - CaseReferenceNo = com.kms.katalon.core.webui.keyword.WebUiBuiltInKeywords.getText(com.kms.katalon.core.testobject.ObjectRepository.findTestObject(Final Object Repo/New Registration - Registration Module Pages/Form 2/RefNo Acquiring)): Text of object 'Object Repository/Final Object Repo/New Registration - Registration Module Pages/Form 2/RefNo Acquiring' is: 'CRN12201800123138'

2018-12-10 17:45:27 - [MESSAGE][PASSED] - Text of object 'Object Repository/Final Object Repo/New Registration - Registration Module Pages/Form 2/RefNo Acquiring' is: 'CRN12201800123138'

2018-12-10 17:45:27 - [TEST_STEP][PASSED] - delay: Delayed 1 second(s)

2018-12-10 17:45:28 - [MESSAGE][PASSED] - Delayed 1 second(s)

2018-12-10 17:45:28 - [TEST_STEP][PASSED] - click: Object: 'Object Repository/Final Object Repo/New Registration - Registration Module Pages/Form 2/Add Employee Button' is clicked on

2018-12-10 17:45:28 - [MESSAGE][PASSED] - Object: 'Object Repository/Final Object Repo/New Registration - Registration Module Pages/Form 2/Add Employee Button' is clicked on

2018-12-10 17:45:28 - [TEST_STEP][PASSED] - delay: Delayed 4 second(s)

2018-12-10 17:45:32 - [MESSAGE][PASSED] - Delayed 4 second(s)

2018-12-10 17:45:32 - [TEST_STEP][PASSED] - setText: Text '010903091927' is set on object 'Object Repository/Final Object Repo/New Registration - Registration Module Pages/Form 2/NRIC Input'

2018-12-10 17:45:32 - [MESSAGE][PASSED] - Text '010903091927' is set on object 'Object Repository/Final Object Repo/New Registration - Registration Module Pages/Form 2/NRIC Input'

2018-12-10 17:45:32 - [TEST_STEP][PASSED] - click: Object: 'Object Repository/Final Object Repo/New Registration - Registration Module Pages/Form 2/button for search for IC' is clicked on

2018-12-10 17:45:32 - [MESSAGE][PASSED] - Object: 'Object Repository/Final Object Repo/New Registration - Registration Module Pages/Form 2/button for search for IC' is clicked on

2018-12-10 17:45:32 - [TEST_STEP][PASSED] - delay: Delayed 2 second(s)

2018-12-10 17:45:34 - [MESSAGE][PASSED] - Delayed 2 second(s)

2018-12-10 17:45:34 - [TEST_STEP][PASSED] - setText: Text 'Automate001 eligible 1' is set on object 'Object Repository/Final Object Repo/New Registration - Registration Module Pages/Form 2/Employee Name Input'

2018-12-10 17:45:35 - [MESSAGE][PASSED] - Text 'Automate001 eligible 1' is set on object 'Object Repository/Final Object Repo/New Registration - Registration Module Pages/Form 2/Employee Name Input'

2018-12-10 17:45:35 - [TEST_STEP][PASSED] - delay: Delayed 2 second(s)

2018-12-10 17:45:37 - [MESSAGE][PASSED] - Delayed 2 second(s)

2018-12-10 17:45:37 - [TEST_STEP][PASSED] - click: Object: 'Object Repository/Final Object Repo/New Registration - Registration Module Pages/Form 2/DatePicker Pop Up' is clicked on

2018-12-10 17:45:37 - [MESSAGE][PASSED] - Object: 'Object Repository/Final Object Repo/New Registration - Registration Module Pages/Form 2/DatePicker Pop Up' is clicked on

2018-12-10 17:45:37 - [TEST_STEP][PASSED] - click: Object: 'Object Repository/Final Object Repo/New Registration - Registration Module Pages/Form 2/DOB Month' is clicked on

2018-12-10 17:45:37 - [MESSAGE][PASSED] - Object: 'Object Repository/Final Object Repo/New Registration - Registration Module Pages/Form 2/DOB Month' is clicked on

2018-12-10 17:45:37 - [TEST_STEP][PASSED] - Statement - CurrentMonth = CurrentMonth: null

2018-12-10 17:45:37 - [TEST_STEP][PASSED] - Statement - selectMonth = new com.kms.katalon.core.testobject.TestObject(): null

2018-12-10 17:45:37 - [TEST_STEP][PASSED] - Statement - selectMonth.addProperty("xpath", EQUALS, "//body/div/div/div/select/option[@value='" + CurrentMonth + "']", true): null

2018-12-10 17:45:37 - [TEST_STEP][PASSED] - click: Object: '' is clicked on

2018-12-10 17:45:37 - [MESSAGE][PASSED] - Object: '' is clicked on

2018-12-10 17:45:37 - [TEST_STEP][PASSED] - click: Object: 'Object Repository/Final Object Repo/New Registration - Registration Module Pages/Form 2/DOB Year' is clicked on

2018-12-10 17:45:37 - [MESSAGE][PASSED] - Object: 'Object Repository/Final Object Repo/New Registration - Registration Module Pages/Form 2/DOB Year' is clicked on

2018-12-10 17:45:37 - [TEST_STEP][PASSED] - Statement - Eyearsbf = EighteenYrsBefore: null

2018-12-10 17:45:37 - [TEST_STEP][PASSED] - Statement - selectYear = new com.kms.katalon.core.testobject.TestObject(): null

2018-12-10 17:45:37 - [TEST_STEP][PASSED] - Statement - selectYear.addProperty("xpath", EQUALS, "//div/div/div/select/option[@value='" + Eyearsbf + "']", true): null

2018-12-10 17:45:37 - [TEST_STEP][PASSED] - click: Object: '' is clicked on

2018-12-10 17:45:38 - [MESSAGE][PASSED] - Object: '' is clicked on

2018-12-10 17:45:38 - [TEST_STEP][PASSED] - Statement - UpdatedSelectDate = com.kms.katalon.core.webui.keyword.WebUiBuiltInKeywords.modifyObjectProperty(com.kms.katalon.core.testobject.ObjectRepository.findTestObject(Final Object Repo/New Registration - Registration Module Pages/Form 2/DOB Date), "xpath", "equals", "//body/div/table/tbody/tr/td/a[text()="" + CurrentDate + ""]", true): Modify property of object successfully

2018-12-10 17:45:38 - [MESSAGE][PASSED] - Modify property of object successfully

2018-12-10 17:45:38 - [TEST_STEP][PASSED] - delay: Delayed 3 second(s)

2018-12-10 17:45:41 - [MESSAGE][PASSED] - Delayed 3 second(s)

2018-12-10 17:45:41 - [TEST_STEP][PASSED] - click: Object: 'Object Repository/Final Object Repo/New Registration - Registration Module Pages/Form 2/DOB Date' is clicked on

2018-12-10 17:45:41 - [MESSAGE][PASSED] - Object: 'Object Repository/Final Object Repo/New Registration - Registration Module Pages/Form 2/DOB Date' is clicked on

2018-12-10 17:45:41 - [TEST_STEP][PASSED] - delay: Delayed 2 second(s)

2018-12-10 17:45:43 - [MESSAGE][PASSED] - Delayed 2 second(s)

2018-12-10 17:45:43 - [TEST_STEP][PASSED] - click: Object: 'Object Repository/Final Object Repo/New Registration - Registration Module Pages/Form 2/EmploymentStartDate Pop Up' is clicked on

2018-12-10 17:45:43 - [MESSAGE][PASSED] - Object: 'Object Repository/Final Object Repo/New Registration - Registration Module Pages/Form 2/EmploymentStartDate Pop Up' is clicked on

2018-12-10 17:45:43 - [TEST_STEP][PASSED] - delay: Delayed 2 second(s)

2018-12-10 17:45:45 - [MESSAGE][PASSED] - Delayed 2 second(s)

2018-12-10 17:45:45 - [TEST_STEP][PASSED] - click: Object: 'Object Repository/Final Object Repo/New Registration - Registration Module Pages/Form 2/Socso Employment StartDate Month' is clicked on

2018-12-10 17:45:45 - [MESSAGE][PASSED] - Object: 'Object Repository/Final Object Repo/New Registration - Registration Module Pages/Form 2/Socso Employment StartDate Month' is clicked on

2018-12-10 17:45:45 - [TEST_STEP][PASSED] - delay: Delayed 1 second(s)

2018-12-10 17:45:46 - [MESSAGE][PASSED] - Delayed 1 second(s)

2018-12-10 17:45:46 - [TEST_STEP][PASSED] - click: Object: 'Object Repository/Final Object Repo/New Registration - Registration Module Pages/Form 2/Select Socso Employement Startdate Month' is clicked on

2018-12-10 17:45:46 - [MESSAGE][PASSED] - Object: 'Object Repository/Final Object Repo/New Registration - Registration Module Pages/Form 2/Select Socso Employement Startdate Month' is clicked on

2018-12-10 17:45:46 - [TEST_STEP][PASSED] - delay: Delayed 2 second(s)

2018-12-10 17:45:48 - [MESSAGE][PASSED] - Delayed 2 second(s)

2018-12-10 17:45:48 - [TEST_STEP][PASSED] - click: Object: 'Object Repository/Final Object Repo/New Registration - Registration Module Pages/Form 2/Socso Employment StartDate Year' is clicked on

2018-12-10 17:45:48 - [MESSAGE][PASSED] - Object: 'Object Repository/Final Object Repo/New Registration - Registration Module Pages/Form 2/Socso Employment StartDate Year' is clicked on

2018-12-10 17:45:48 - [TEST_STEP][PASSED] - delay: Delayed 1 second(s)

2018-12-10 17:45:49 - [MESSAGE][PASSED] - Delayed 1 second(s)

2018-12-10 17:45:49 - [TEST_STEP][PASSED] - click: Object: 'Object Repository/Final Object Repo/New Registration - Registration Module Pages/Form 2/Select Socso Employment Startdate Year' is clicked on

2018-12-10 17:45:50 - [MESSAGE][PASSED] - Object: 'Object Repository/Final Object Repo/New Registration - Registration Module Pages/Form 2/Select Socso Employment Startdate Year' is clicked on

2018-12-10 17:45:50 - [TEST_STEP][PASSED] - delay: Delayed 2 second(s)

2018-12-10 17:45:52 - [MESSAGE][PASSED] - Delayed 2 second(s)

2018-12-10 17:45:52 - [TEST_STEP][PASSED] - click: Object: 'Object Repository/Final Object Repo/New Registration - Registration Module Pages/Form 2/Socso Employment Start Date Day' is clicked on

2018-12-10 17:45:52 - [MESSAGE][PASSED] - Object: 'Object Repository/Final Object Repo/New Registration - Registration Module Pages/Form 2/Socso Employment Start Date Day' is clicked on

2018-12-10 17:45:52 - [TEST_STEP][PASSED] - delay: Delayed 2 second(s)

2018-12-10 17:45:54 - [MESSAGE][PASSED] - Delayed 2 second(s)

2018-12-10 17:45:54 - [TEST_STEP][PASSED] - click: Object: 'Object Repository/Final Object Repo/New Registration - Registration Module Pages/Form 2/Save Button for Add Employee' is clicked on

2018-12-10 17:45:54 - [MESSAGE][PASSED] - Object: 'Object Repository/Final Object Repo/New Registration - Registration Module Pages/Form 2/Save Button for Add Employee' is clicked on

2018-12-10 17:45:54 - [TEST_STEP][PASSED] - delay: Delayed 6 second(s)

2018-12-10 17:46:00 - [MESSAGE][PASSED] - Delayed 6 second(s)

2018-12-10 17:46:00 - [TEST_STEP][PASSED] - click: Object: 'Object Repository/Final Object Repo/New Registration - Registration Module Pages/Form 2/Add Employee Button' is clicked on

2018-12-10 17:46:00 - [MESSAGE][PASSED] - Object: 'Object Repository/Final Object Repo/New Registration - Registration Module Pages/Form 2/Add Employee Button' is clicked on

2018-12-10 17:46:00 - [TEST_STEP][PASSED] - delay: Delayed 4 second(s)

2018-12-10 17:46:04 - [MESSAGE][PASSED] - Delayed 4 second(s)

2018-12-10 17:46:04 - [TEST_STEP][PASSED] - setText: Text '620904059691' is set on object 'Object Repository/Final Object Repo/New Registration - Registration Module Pages/Form 2/NRIC Input'

2018-12-10 17:46:05 - [MESSAGE][PASSED] - Text '620904059691' is set on object 'Object Repository/Final Object Repo/New Registration - Registration Module Pages/Form 2/NRIC Input'

2018-12-10 17:46:05 - [TEST_STEP][PASSED] - click: Object: 'Object Repository/Final Object Repo/New Registration - Registration Module Pages/Form 2/button for search for IC' is clicked on

2018-12-10 17:46:05 - [MESSAGE][PASSED] - Object: 'Object Repository/Final Object Repo/New Registration - Registration Module Pages/Form 2/button for search for IC' is clicked on

2018-12-10 17:46:05 - [TEST_STEP][PASSED] - delay: Delayed 2 second(s)

2018-12-10 17:46:07 - [MESSAGE][PASSED] - Delayed 2 second(s)

2018-12-10 17:46:07 - [TEST_STEP][PASSED] - setText: Text 'Automate001 eligible 2' is set on object 'Object Repository/Final Object Repo/New Registration - Registration Module Pages/Form 2/Employee Name Input'

2018-12-10 17:46:07 - [MESSAGE][PASSED] - Text 'Automate001 eligible 2' is set on object 'Object Repository/Final Object Repo/New Registration - Registration Module Pages/Form 2/Employee Name Input'

2018-12-10 17:46:07 - [TEST_STEP][PASSED] - delay: Delayed 2 second(s)

2018-12-10 17:46:09 - [MESSAGE][PASSED] - Delayed 2 second(s)

2018-12-10 17:46:09 - [TEST_STEP][PASSED] - click: Object: 'Object Repository/Final Object Repo/New Registration - Registration Module Pages/Form 2/DatePicker Pop Up' is clicked on

2018-12-10 17:46:09 - [MESSAGE][PASSED] - Object: 'Object Repository/Final Object Repo/New Registration - Registration Module Pages/Form 2/DatePicker Pop Up' is clicked on

2018-12-10 17:46:09 - [TEST_STEP][PASSED] - delay: Delayed 2 second(s)

2018-12-10 17:46:11 - [MESSAGE][PASSED] - Delayed 2 second(s)

2018-12-10 17:46:11 - [TEST_STEP][PASSED] - click: Object: 'Object Repository/Final Object Repo/New Registration - Registration Module Pages/Form 2/DOB Month' is clicked on

2018-12-10 17:46:12 - [MESSAGE][PASSED] - Object: 'Object Repository/Final Object Repo/New Registration - Registration Module Pages/Form 2/DOB Month' is clicked on

2018-12-10 17:46:12 - [TEST_STEP][PASSED] - Statement - selectMonth = com.kms.katalon.core.webui.keyword.WebUiBuiltInKeywords.modifyObjectProperty(selectMonth, "xpath", "equals", "//body/div/div/div/select/option[@value="" + CurrentMonth + ""]", true): Modify property of object successfully

2018-12-10 17:46:12 - [MESSAGE][PASSED] - Modify property of object successfully

2018-12-10 17:46:12 - [TEST_STEP][PASSED] - click: Object: '' is clicked on

2018-12-10 17:46:12 - [MESSAGE][PASSED] - Object: '' is clicked on

2018-12-10 17:46:12 - [TEST_STEP][PASSED] - click: Object: 'Object Repository/Final Object Repo/New Registration - Registration Module Pages/Form 2/DOB Year' is clicked on

2018-12-10 17:46:12 - [MESSAGE][PASSED] - Object: 'Object Repository/Final Object Repo/New Registration - Registration Module Pages/Form 2/DOB Year' is clicked on

2018-12-10 17:46:12 - [TEST_STEP][PASSED] - Statement - selectYear = com.kms.katalon.core.webui.keyword.WebUiBuiltInKeywords.modifyObjectProperty(selectYear, "xpath", "equals", "//div/div/div/select/option[@value="" + FiftysevenYrsBefore + ""]", true): Modify property of object successfully

2018-12-10 17:46:12 - [MESSAGE][PASSED] - Modify property of object successfully

2018-12-10 17:46:12 - [TEST_STEP][PASSED] - click: Object: '' is clicked on

2018-12-10 17:46:12 - [MESSAGE][PASSED] - Object: '' is clicked on

2018-12-10 17:46:12 - [TEST_STEP][PASSED] - Statement - UpdatedSelectDate = com.kms.katalon.core.webui.keyword.WebUiBuiltInKeywords.modifyObjectProperty(com.kms.katalon.core.testobject.ObjectRepository.findTestObject(Final Object Repo/New Registration - Registration Module Pages/Form 2/DOB Date), "xpath", "equals", "//body/div/table/tbody/tr/td/a[text()="" + OneDayBefore + ""]", true): Modify property of object successfully

2018-12-10 17:46:12 - [MESSAGE][PASSED] - Modify property of object successfully

2018-12-10 17:46:12 - [TEST_STEP][PASSED] - click: Object: 'Object Repository/Final Object Repo/New Registration - Registration Module Pages/Form 2/DOB Date' is clicked on

2018-12-10 17:46:12 - [MESSAGE][PASSED] - Object: 'Object Repository/Final Object Repo/New Registration - Registration Module Pages/Form 2/DOB Date' is clicked on

2018-12-10 17:46:12 - [TEST_STEP][PASSED] - delay: Delayed 2 second(s)

2018-12-10 17:46:14 - [MESSAGE][PASSED] - Delayed 2 second(s)

2018-12-10 17:46:14 - [TEST_STEP][PASSED] - click: Object: 'Object Repository/Final Object Repo/New Registration - Registration Module Pages/Form 2/EmploymentStartDate Pop Up' is clicked on

2018-12-10 17:46:14 - [MESSAGE][PASSED] - Object: 'Object Repository/Final Object Repo/New Registration - Registration Module Pages/Form 2/EmploymentStartDate Pop Up' is clicked on

2018-12-10 17:46:14 - [TEST_STEP][PASSED] - delay: Delayed 2 second(s)

2018-12-10 17:46:16 - [MESSAGE][PASSED] - Delayed 2 second(s)

2018-12-10 17:46:16 - [TEST_STEP][PASSED] - click: Object: 'Object Repository/Final Object Repo/New Registration - Registration Module Pages/Form 2/Socso Employment StartDate Month' is clicked on

2018-12-10 17:46:17 - [MESSAGE][PASSED] - Object: 'Object Repository/Final Object Repo/New Registration - Registration Module Pages/Form 2/Socso Employment StartDate Month' is clicked on

2018-12-10 17:46:17 - [TEST_STEP][PASSED] - delay: Delayed 1 second(s)

2018-12-10 17:46:18 - [MESSAGE][PASSED] - Delayed 1 second(s)

2018-12-10 17:46:18 - [TEST_STEP][PASSED] - click: Object: 'Object Repository/Final Object Repo/New Registration - Registration Module Pages/Form 2/Select Socso Employement Startdate Month' is clicked on

2018-12-10 17:46:18 - [MESSAGE][PASSED] - Object: 'Object Repository/Final Object Repo/New Registration - Registration Module Pages/Form 2/Select Socso Employement Startdate Month' is clicked on

2018-12-10 17:46:18 - [TEST_STEP][PASSED] - delay: Delayed 2 second(s)

2018-12-10 17:46:20 - [MESSAGE][PASSED] - Delayed 2 second(s)

2018-12-10 17:46:20 - [TEST_STEP][PASSED] - click: Object: 'Object Repository/Final Object Repo/New Registration - Registration Module Pages/Form 2/Socso Employment StartDate Year' is clicked on

2018-12-10 17:46:20 - [MESSAGE][PASSED] - Object: 'Object Repository/Final Object Repo/New Registration - Registration Module Pages/Form 2/Socso Employment StartDate Year' is clicked on

2018-12-10 17:46:20 - [TEST_STEP][PASSED] - delay: Delayed 1 second(s)

2018-12-10 17:46:21 - [MESSAGE][PASSED] - Delayed 1 second(s)

2018-12-10 17:46:21 - [TEST_STEP][PASSED] - click: Object: 'Object Repository/Final Object Repo/New Registration - Registration Module Pages/Form 2/Select Socso Employment Startdate Year' is clicked on

2018-12-10 17:46:21 - [MESSAGE][PASSED] - Object: 'Object Repository/Final Object Repo/New Registration - Registration Module Pages/Form 2/Select Socso Employment Startdate Year' is clicked on

2018-12-10 17:46:21 - [TEST_STEP][PASSED] - delay: Delayed 2 second(s)

2018-12-10 17:46:23 - [MESSAGE][PASSED] - Delayed 2 second(s)

2018-12-10 17:46:23 - [TEST_STEP][PASSED] - click: Object: 'Object Repository/Final Object Repo/New Registration - Registration Module Pages/Form 2/Socso Employment Start Date Day' is clicked on

2018-12-10 17:46:23 - [MESSAGE][PASSED] - Object: 'Object Repository/Final Object Repo/New Registration - Registration Module Pages/Form 2/Socso Employment Start Date Day' is clicked on

2018-12-10 17:46:23 - [TEST_STEP][PASSED] - delay: Delayed 2 second(s)

2018-12-10 17:46:25 - [MESSAGE][PASSED] - Delayed 2 second(s)

2018-12-10 17:46:25 - [TEST_STEP][PASSED] - click: Object: 'Object Repository/Final Object Repo/New Registration - Registration Module Pages/Form 2/Save Button for Add Employee' is clicked on

2018-12-10 17:46:25 - [MESSAGE][PASSED] - Object: 'Object Repository/Final Object Repo/New Registration - Registration Module Pages/Form 2/Save Button for Add Employee' is clicked on

2018-12-10 17:46:25 - [TEST_STEP][PASSED] - delay: Delayed 4 second(s)

2018-12-10 17:46:29 - [MESSAGE][PASSED] - Delayed 4 second(s)

2018-12-10 17:46:29 - [TEST_STEP][PASSED] - delay: Delayed 30 second(s)

2018-12-10 17:46:59 - [MESSAGE][PASSED] - Delayed 30 second(s)

2018-12-10 17:46:59 - [TEST_STEP][PASSED] - click: Object: 'Object Repository/Final Object Repo/New Registration - Registration Module Pages/Form 2/Add Employee Button' is clicked on

2018-12-10 17:47:00 - [MESSAGE][PASSED] - Object: 'Object Repository/Final Object Repo/New Registration - Registration Module Pages/Form 2/Add Employee Button' is clicked on

2018-12-10 17:47:00 - [TEST_STEP][PASSED] - delay: Delayed 4 second(s)

2018-12-10 17:47:04 - [MESSAGE][PASSED] - Delayed 4 second(s)

2018-12-10 17:47:04 - [TEST_STEP][PASSED] - setText: Text '000209039145' is set on object 'Object Repository/Final Object Repo/New Registration - Registration Module Pages/Form 2/NRIC Input'

2018-12-10 17:47:04 - [MESSAGE][PASSED] - Text '000209039145' is set on object 'Object Repository/Final Object Repo/New Registration - Registration Module Pages/Form 2/NRIC Input'

2018-12-10 17:47:04 - [TEST_STEP][PASSED] - click: Object: 'Object Repository/Final Object Repo/New Registration - Registration Module Pages/Form 2/button for search for IC' is clicked on

2018-12-10 17:47:04 - [MESSAGE][PASSED] - Object: 'Object Repository/Final Object Repo/New Registration - Registration Module Pages/Form 2/button for search for IC' is clicked on

2018-12-10 17:47:04 - [TEST_STEP][PASSED] - delay: Delayed 2 second(s)

2018-12-10 17:47:06 - [MESSAGE][PASSED] - Delayed 2 second(s)

2018-12-10 17:47:06 - [TEST_STEP][PASSED] - setText: Text 'Automate001 not eligible 1' is set on object 'Object Repository/Final Object Repo/New Registration - Registration Module Pages/Form 2/Employee Name Input'

2018-12-10 17:47:07 - [MESSAGE][PASSED] - Text 'Automate001 not eligible 1' is set on object 'Object Repository/Final Object Repo/New Registration - Registration Module Pages/Form 2/Employee Name Input'

2018-12-10 17:47:07 - [TEST_STEP][PASSED] - delay: Delayed 2 second(s)

2018-12-10 17:47:09 - [MESSAGE][PASSED] - Delayed 2 second(s)

2018-12-10 17:47:09 - [TEST_STEP][PASSED] - click: Object: 'Object Repository/Final Object Repo/New Registration - Registration Module Pages/Form 2/DatePicker Pop Up' is clicked on

2018-12-10 17:47:09 - [MESSAGE][PASSED] - Object: 'Object Repository/Final Object Repo/New Registration - Registration Module Pages/Form 2/DatePicker Pop Up' is clicked on

2018-12-10 17:47:09 - [TEST_STEP][PASSED] - delay: Delayed 2 second(s)

2018-12-10 17:47:11 - [MESSAGE][PASSED] - Delayed 2 second(s)

2018-12-10 17:47:11 - [TEST_STEP][PASSED] - click: Object: 'Object Repository/Final Object Repo/New Registration - Registration Module Pages/Form 2/DOB Month' is clicked on

2018-12-10 17:47:11 - [MESSAGE][PASSED] - Object: 'Object Repository/Final Object Repo/New Registration - Registration Module Pages/Form 2/DOB Month' is clicked on

2018-12-10 17:47:11 - [TEST_STEP][PASSED] - Statement - selectMonth = com.kms.katalon.core.webui.keyword.WebUiBuiltInKeywords.modifyObjectProperty(selectMonth, "xpath", "equals", "//body/div/div/div/select/option[@value="" + CurrentMonth + ""]", true): Modify property of object successfully

2018-12-10 17:47:11 - [MESSAGE][PASSED] - Modify property of object successfully

2018-12-10 17:47:11 - [TEST_STEP][PASSED] - click: Object: '' is clicked on

2018-12-10 17:47:11 - [MESSAGE][PASSED] - Object: '' is clicked on

2018-12-10 17:47:11 - [TEST_STEP][PASSED] - click: Object: 'Object Repository/Final Object Repo/New Registration - Registration Module Pages/Form 2/DOB Year' is clicked on

2018-12-10 17:47:11 - [MESSAGE][PASSED] - Object: 'Object Repository/Final Object Repo/New Registration - Registration Module Pages/Form 2/DOB Year' is clicked on

2018-12-10 17:47:11 - [TEST_STEP][PASSED] - Statement - selectYear = com.kms.katalon.core.webui.keyword.WebUiBuiltInKeywords.modifyObjectProperty(selectYear, "xpath", "equals", "//div/div/div/select/option[@value="" + EighteenYrsBefore + ""]", true): Modify property of object successfully

2018-12-10 17:47:11 - [MESSAGE][PASSED] - Modify property of object successfully

2018-12-10 17:47:11 - [TEST_STEP][PASSED] - click: Object: '' is clicked on

2018-12-10 17:47:11 - [MESSAGE][PASSED] - Object: '' is clicked on

2018-12-10 17:47:11 - [TEST_STEP][PASSED] - Statement - UpdatedSelectDate = com.kms.katalon.core.webui.keyword.WebUiBuiltInKeywords.modifyObjectProperty(com.kms.katalon.core.testobject.ObjectRepository.findTestObject(Final Object Repo/New Registration - Registration Module Pages/Form 2/DOB Date), "xpath", "equals", "//body/div/table/tbody/tr/td/a[text()="" + OneDayBefore + ""]", true): Modify property of object successfully

2018-12-10 17:47:11 - [MESSAGE][PASSED] - Modify property of object successfully

2018-12-10 17:47:11 - [TEST_STEP][PASSED] - click: Object: 'Object Repository/Final Object Repo/New Registration - Registration Module Pages/Form 2/DOB Date' is clicked on

2018-12-10 17:47:12 - [MESSAGE][PASSED] - Object: 'Object Repository/Final Object Repo/New Registration - Registration Module Pages/Form 2/DOB Date' is clicked on

2018-12-10 17:47:12 - [TEST_STEP][PASSED] - delay: Delayed 2 second(s)

2018-12-10 17:47:14 - [MESSAGE][PASSED] - Delayed 2 second(s)

2018-12-10 17:47:14 - [TEST_STEP][PASSED] - click: Object: 'Object Repository/Final Object Repo/New Registration - Registration Module Pages/Form 2/EmploymentStartDate Pop Up' is clicked on

2018-12-10 17:47:14 - [MESSAGE][PASSED] - Object: 'Object Repository/Final Object Repo/New Registration - Registration Module Pages/Form 2/EmploymentStartDate Pop Up' is clicked on

2018-12-10 17:47:14 - [TEST_STEP][PASSED] - delay: Delayed 2 second(s)

2018-12-10 17:47:16 - [MESSAGE][PASSED] - Delayed 2 second(s)

2018-12-10 17:47:16 - [TEST_STEP][PASSED] - click: Object: 'Object Repository/Final Object Repo/New Registration - Registration Module Pages/Form 2/Socso Employment StartDate Month' is clicked on

2018-12-10 17:47:16 - [MESSAGE][PASSED] - Object: 'Object Repository/Final Object Repo/New Registration - Registration Module Pages/Form 2/Socso Employment StartDate Month' is clicked on

2018-12-10 17:47:16 - [TEST_STEP][PASSED] - delay: Delayed 1 second(s)

2018-12-10 17:47:17 - [MESSAGE][PASSED] - Delayed 1 second(s)

2018-12-10 17:47:17 - [TEST_STEP][PASSED] - click: Object: 'Object Repository/Final Object Repo/New Registration - Registration Module Pages/Form 2/Select Socso Employement Startdate Month' is clicked on

2018-12-10 17:47:17 - [MESSAGE][PASSED] - Object: 'Object Repository/Final Object Repo/New Registration - Registration Module Pages/Form 2/Select Socso Employement Startdate Month' is clicked on

2018-12-10 17:47:17 - [TEST_STEP][PASSED] - delay: Delayed 2 second(s)

2018-12-10 17:47:19 - [MESSAGE][PASSED] - Delayed 2 second(s)

2018-12-10 17:47:19 - [TEST_STEP][PASSED] - click: Object: 'Object Repository/Final Object Repo/New Registration - Registration Module Pages/Form 2/Socso Employment StartDate Year' is clicked on

2018-12-10 17:47:19 - [MESSAGE][PASSED] - Object: 'Object Repository/Final Object Repo/New Registration - Registration Module Pages/Form 2/Socso Employment StartDate Year' is clicked on

2018-12-10 17:47:19 - [TEST_STEP][PASSED] - delay: Delayed 1 second(s)

2018-12-10 17:47:20 - [MESSAGE][PASSED] - Delayed 1 second(s)

2018-12-10 17:47:20 - [TEST_STEP][PASSED] - click: Object: 'Object Repository/Final Object Repo/New Registration - Registration Module Pages/Form 2/Select Socso Employment Startdate Year' is clicked on

2018-12-10 17:47:20 - [MESSAGE][PASSED] - Object: 'Object Repository/Final Object Repo/New Registration - Registration Module Pages/Form 2/Select Socso Employment Startdate Year' is clicked on

2018-12-10 17:47:20 - [TEST_STEP][PASSED] - delay: Delayed 2 second(s)

2018-12-10 17:47:22 - [MESSAGE][PASSED] - Delayed 2 second(s)

2018-12-10 17:47:22 - [TEST_STEP][PASSED] - click: Object: 'Object Repository/Final Object Repo/New Registration - Registration Module Pages/Form 2/Socso Employment Start Date Day' is clicked on

2018-12-10 17:47:23 - [MESSAGE][PASSED] - Object: 'Object Repository/Final Object Repo/New Registration - Registration Module Pages/Form 2/Socso Employment Start Date Day' is clicked on

2018-12-10 17:47:23 - [TEST_STEP][PASSED] - delay: Delayed 2 second(s)

2018-12-10 17:47:25 - [MESSAGE][PASSED] - Delayed 2 second(s)

2018-12-10 17:47:25 - [TEST_STEP][PASSED] - click: Object: 'Object Repository/Final Object Repo/New Registration - Registration Module Pages/Form 2/Save Button for Add Employee' is clicked on

2018-12-10 17:47:25 - [MESSAGE][PASSED] - Object: 'Object Repository/Final Object Repo/New Registration - Registration Module Pages/Form 2/Save Button for Add Employee' is clicked on

2018-12-10 17:47:25 - [TEST_STEP][PASSED] - delay: Delayed 6 second(s)

2018-12-10 17:47:31 - [MESSAGE][PASSED] - Delayed 6 second(s)

2018-12-10 17:47:31 - [TEST_STEP][PASSED] - click: Object: 'Object Repository/Final Object Repo/New Registration - Registration Module Pages/Form 2/Add Employee Button' is clicked on

2018-12-10 17:47:31 - [MESSAGE][PASSED] - Object: 'Object Repository/Final Object Repo/New Registration - Registration Module Pages/Form 2/Add Employee Button' is clicked on

2018-12-10 17:47:31 - [TEST_STEP][PASSED] - delay: Delayed 4 second(s)

2018-12-10 17:47:35 - [MESSAGE][PASSED] - Delayed 4 second(s)

2018-12-10 17:47:35 - [TEST_STEP][PASSED] - setText: Text '600203039154' is set on object 'Object Repository/Final Object Repo/New Registration - Registration Module Pages/Form 2/NRIC Input'

2018-12-10 17:47:35 - [MESSAGE][PASSED] - Text '600203039154' is set on object 'Object Repository/Final Object Repo/New Registration - Registration Module Pages/Form 2/NRIC Input'

2018-12-10 17:47:35 - [TEST_STEP][PASSED] - click: Object: 'Object Repository/Final Object Repo/New Registration - Registration Module Pages/Form 2/button for search for IC' is clicked on

2018-12-10 17:47:36 - [MESSAGE][PASSED] - Object: 'Object Repository/Final Object Repo/New Registration - Registration Module Pages/Form 2/button for search for IC' is clicked on

2018-12-10 17:47:36 - [TEST_STEP][PASSED] - delay: Delayed 2 second(s)

2018-12-10 17:47:38 - [MESSAGE][PASSED] - Delayed 2 second(s)

2018-12-10 17:47:38 - [TEST_STEP][PASSED] - setText: Text 'Automate001 not eligible 2' is set on object 'Object Repository/Final Object Repo/New Registration - Registration Module Pages/Form 2/Employee Name Input'

2018-12-10 17:47:38 - [MESSAGE][PASSED] - Text 'Automate001 not eligible 2' is set on object 'Object Repository/Final Object Repo/New Registration - Registration Module Pages/Form 2/Employee Name Input'

2018-12-10 17:47:38 - [TEST_STEP][PASSED] - delay: Delayed 2 second(s)

2018-12-10 17:47:40 - [MESSAGE][PASSED] - Delayed 2 second(s)

2018-12-10 17:47:40 - [TEST_STEP][PASSED] - click: Object: 'Object Repository/Final Object Repo/New Registration - Registration Module Pages/Form 2/DatePicker Pop Up' is clicked on

2018-12-10 17:47:40 - [MESSAGE][PASSED] - Object: 'Object Repository/Final Object Repo/New Registration - Registration Module Pages/Form 2/DatePicker Pop Up' is clicked on

2018-12-10 17:47:40 - [TEST_STEP][PASSED] - delay: Delayed 2 second(s)

2018-12-10 17:47:42 - [MESSAGE][PASSED] - Delayed 2 second(s)

2018-12-10 17:47:42 - [TEST_STEP][PASSED] - click: Object: 'Object Repository/Final Object Repo/New Registration - Registration Module Pages/Form 2/DOB Month' is clicked on

2018-12-10 17:47:42 - [MESSAGE][PASSED] - Object: 'Object Repository/Final Object Repo/New Registration - Registration Module Pages/Form 2/DOB Month' is clicked on

2018-12-10 17:47:42 - [TEST_STEP][PASSED] - Statement - selectMonth = com.kms.katalon.core.webui.keyword.WebUiBuiltInKeywords.modifyObjectProperty(selectMonth, "xpath", "equals", "//body/div/div/div/select/option[@value="" + CurrentMonth + ""]", true): Modify property of object successfully

2018-12-10 17:47:42 - [MESSAGE][PASSED] - Modify property of object successfully

2018-12-10 17:47:42 - [TEST_STEP][PASSED] - click: Object: '' is clicked on

2018-12-10 17:47:43 - [MESSAGE][PASSED] - Object: '' is clicked on

2018-12-10 17:47:43 - [TEST_STEP][PASSED] - click: Object: 'Object Repository/Final Object Repo/New Registration - Registration Module Pages/Form 2/DOB Year' is clicked on

2018-12-10 17:47:43 - [MESSAGE][PASSED] - Object: 'Object Repository/Final Object Repo/New Registration - Registration Module Pages/Form 2/DOB Year' is clicked on

2018-12-10 17:47:43 - [TEST_STEP][PASSED] - Statement - selectYear = com.kms.katalon.core.webui.keyword.WebUiBuiltInKeywords.modifyObjectProperty(selectYear, "xpath", "equals", "//div/div/div/select/option[@value="" + FiftysevenYrsBefore + ""]", true): Modify property of object successfully

2018-12-10 17:47:43 - [MESSAGE][PASSED] - Modify property of object successfully

2018-12-10 17:47:43 - [TEST_STEP][PASSED] - click: Object: '' is clicked on

2018-12-10 17:47:43 - [MESSAGE][PASSED] - Object: '' is clicked on

2018-12-10 17:47:43 - [TEST_STEP][PASSED] - Statement - UpdatedSelectDate = com.kms.katalon.core.webui.keyword.WebUiBuiltInKeywords.modifyObjectProperty(com.kms.katalon.core.testobject.ObjectRepository.findTestObject(Final Object Repo/New Registration - Registration Module Pages/Form 2/DOB Date), "xpath", "equals", "//body/div/table/tbody/tr/td/a[text()="" + CurrentDate + ""]", true): Modify property of object successfully

2018-12-10 17:47:43 - [MESSAGE][PASSED] - Modify property of object successfully

2018-12-10 17:47:43 - [TEST_STEP][PASSED] - click: Object: 'Object Repository/Final Object Repo/New Registration - Registration Module Pages/Form 2/DOB Date' is clicked on

2018-12-10 17:47:43 - [MESSAGE][PASSED] - Object: 'Object Repository/Final Object Repo/New Registration - Registration Module Pages/Form 2/DOB Date' is clicked on

2018-12-10 17:47:43 - [TEST_STEP][PASSED] - click: Object: 'Object Repository/Final Object Repo/New Registration - Registration Module Pages/Form 2/EmploymentStartDate Pop Up' is clicked on

2018-12-10 17:47:43 - [MESSAGE][PASSED] - Object: 'Object Repository/Final Object Repo/New Registration - Registration Module Pages/Form 2/EmploymentStartDate Pop Up' is clicked on

2018-12-10 17:47:43 - [TEST_STEP][PASSED] - delay: Delayed 2 second(s)

2018-12-10 17:47:45 - [MESSAGE][PASSED] - Delayed 2 second(s)

2018-12-10 17:47:45 - [TEST_STEP][PASSED] - click: Object: 'Object Repository/Final Object Repo/New Registration - Registration Module Pages/Form 2/Socso Employment StartDate Month' is clicked on

2018-12-10 17:47:45 - [MESSAGE][PASSED] - Object: 'Object Repository/Final Object Repo/New Registration - Registration Module Pages/Form 2/Socso Employment StartDate Month' is clicked on

2018-12-10 17:47:45 - [TEST_STEP][PASSED] - delay: Delayed 1 second(s)

2018-12-10 17:47:46 - [MESSAGE][PASSED] - Delayed 1 second(s)

2018-12-10 17:47:46 - [TEST_STEP][PASSED] - click: Object: 'Object Repository/Final Object Repo/New Registration - Registration Module Pages/Form 2/Select Socso Employement Startdate Month' is clicked on

2018-12-10 17:47:47 - [MESSAGE][PASSED] - Object: 'Object Repository/Final Object Repo/New Registration - Registration Module Pages/Form 2/Select Socso Employement Startdate Month' is clicked on

2018-12-10 17:47:47 - [TEST_STEP][PASSED] - delay: Delayed 2 second(s)

2018-12-10 17:47:49 - [MESSAGE][PASSED] - Delayed 2 second(s)

2018-12-10 17:47:49 - [TEST_STEP][PASSED] - click: Object: 'Object Repository/Final Object Repo/New Registration - Registration Module Pages/Form 2/Socso Employment StartDate Year' is clicked on

2018-12-10 17:47:49 - [MESSAGE][PASSED] - Object: 'Object Repository/Final Object Repo/New Registration - Registration Module Pages/Form 2/Socso Employment StartDate Year' is clicked on

2018-12-10 17:47:49 - [TEST_STEP][PASSED] - delay: Delayed 1 second(s)

2018-12-10 17:47:50 - [MESSAGE][PASSED] - Delayed 1 second(s)

2018-12-10 17:47:50 - [TEST_STEP][PASSED] - click: Object: 'Object Repository/Final Object Repo/New Registration - Registration Module Pages/Form 2/Select Socso Employment Startdate Year' is clicked on

2018-12-10 17:47:50 - [MESSAGE][PASSED] - Object: 'Object Repository/Final Object Repo/New Registration - Registration Module Pages/Form 2/Select Socso Employment Startdate Year' is clicked on

2018-12-10 17:47:50 - [TEST_STEP][PASSED] - delay: Delayed 2 second(s)

2018-12-10 17:47:52 - [MESSAGE][PASSED] - Delayed 2 second(s)

2018-12-10 17:47:52 - [TEST_STEP][PASSED] - click: Object: 'Object Repository/Final Object Repo/New Registration - Registration Module Pages/Form 2/Socso Employment Start Date Day' is clicked on

2018-12-10 17:47:52 - [MESSAGE][PASSED] - Object: 'Object Repository/Final Object Repo/New Registration - Registration Module Pages/Form 2/Socso Employment Start Date Day' is clicked on

2018-12-10 17:47:52 - [TEST_STEP][PASSED] - delay: Delayed 2 second(s)

2018-12-10 17:47:54 - [MESSAGE][PASSED] - Delayed 2 second(s)

2018-12-10 17:47:54 - [TEST_STEP][PASSED] - click: Object: 'Object Repository/Final Object Repo/New Registration - Registration Module Pages/Form 2/Save Button for Add Employee' is clicked on

2018-12-10 17:47:54 - [MESSAGE][PASSED] - Object: 'Object Repository/Final Object Repo/New Registration - Registration Module Pages/Form 2/Save Button for Add Employee' is clicked on

2018-12-10 17:47:54 - [TEST_STEP][PASSED] - delay: Delayed 2 second(s)

2018-12-10 17:47:56 - [MESSAGE][PASSED] - Delayed 2 second(s)

2018-12-10 17:47:56 - [TEST_STEP][PASSED] - click: Object: 'Object Repository/Final Object Repo/New Registration - Registration Module Pages/Form 2/Save and Continue Form 2' is clicked on

2018-12-10 17:47:56 - [MESSAGE][PASSED] - Object: 'Object Repository/Final Object Repo/New Registration - Registration Module Pages/Form 2/Save and Continue Form 2' is clicked on

2018-12-10 17:47:56 - [MESSAGE][PASSED] - Call Test Case 'Test Cases/Final Aug 2018 - PKS Automation/Registration Module/New Registration/Form 2/Add 2 Eligible 2 Not Eligible' successfully

2018-12-10 17:47:56 - [TEST_STEP][PASSED] - callTestCase: Call Test Case 'Test Cases/Final Aug 2018 - PKS Automation/Registration Module/New Registration/Flow of New Registration/Third Screen - Upload Supporting Doc - Preview' successfully

2018-12-10 17:47:56 - [TEST_CASE][PASSED] - Test Cases/Final Aug 2018 - PKS Automation/Registration Module/New Registration/Flow of New Registration/Third Screen - Upload Supporting Doc - Preview: Test Cases/Final Aug 2018 - PKS Automation/Registration Module/New Registration/Flow of New Registration/Third Screen - Upload Supporting Doc - Preview

2018-12-10 17:47:56 - [TEST_STEP][PASSED] - waitForPageLoad: Wait for page load successfully

2018-12-10 17:47:57 - [MESSAGE][PASSED] - Wait for page load successfully

2018-12-10 17:47:57 - [TEST_STEP][PASSED] - Statement - CaseReferenceNo = com.kms.katalon.core.webui.keyword.WebUiBuiltInKeywords.getText(com.kms.katalon.core.testobject.ObjectRepository.findTestObject(Final Object Repo/New Registration - Registration Module Pages/Third Screen - Upload Supporting Doc- Preview/RefNo Acquiring)): Text of object 'Object Repository/Final Object Repo/New Registration - Registration Module Pages/Third Screen - Upload Supporting Doc- Preview/RefNo Acquiring' is: 'CRN12201800123138'

2018-12-10 17:47:57 - [MESSAGE][PASSED] - Text of object 'Object Repository/Final Object Repo/New Registration - Registration Module Pages/Third Screen - Upload Supporting Doc- Preview/RefNo Acquiring' is: 'CRN12201800123138'

2018-12-10 17:47:57 - [TEST_STEP][PASSED] - delay: Delayed 2 second(s)

2018-12-10 17:47:59 - [MESSAGE][PASSED] - Delayed 2 second(s)

2018-12-10 17:47:59 - [TEST_STEP][PASSED] - callTestCase: Call Test Case 'Test Cases/Final Aug 2018 - PKS Automation/Common/Reference Number Setter' successfully

2018-12-10 17:47:59 - [TEST_CASE][PASSED] - Test Cases/Final Aug 2018 - PKS Automation/Common/Reference Number Setter: Test Cases/Final Aug 2018 - PKS Automation/Common/Reference Number Setter

2018-12-10 17:47:59 - [TEST_STEP][PASSED] - Statement - RefNoOldFile = new java.io.File(C://Users//Admin//Desktop//PKS//Automation Reference Point//KatalonReference.txt): null

2018-12-10 17:47:59 - [TEST_STEP][PASSED] - Statement - RefNoOldFile.delete(): null

2018-12-10 17:47:59 - [TEST_STEP][PASSED] - delay: Delayed 5 second(s)

2018-12-10 17:48:04 - [MESSAGE][PASSED] - Delayed 5 second(s)

2018-12-10 17:48:04 - [TEST_STEP][PASSED] - Statement - RefNo = new java.io.File(C://Users//Admin//Desktop//PKS//Automation Reference Point//KatalonReference.txt): null

2018-12-10 17:48:04 - [TEST_STEP][PASSED] - Statement - f2 = new java.io.FileWriter(RefNo, false): null

2018-12-10 17:48:04 - [TEST_STEP][PASSED] - Statement - f2.write(CaseReferenceNo): null

2018-12-10 17:48:04 - [TEST_STEP][PASSED] - Statement - f2.close(): null

2018-12-10 17:48:04 - [TEST_STEP][PASSED] - Statement - out.println("


" + CaseReferenceNo + "


"): null

2018-12-10 17:48:04 - [MESSAGE][PASSED] - Call Test Case 'Test Cases/Final Aug 2018 - PKS Automation/Common/Reference Number Setter' successfully

2018-12-10 17:48:04 - [TEST_STEP][PASSED] - waitForElementClickable: Object 'Object Repository/Final Object Repo/New Registration - Registration Module Pages/Third Screen - Upload Supporting Doc- Preview/Save n Continue in SIP Employee Listing Page' is clickable

2018-12-10 17:48:04 - [MESSAGE][PASSED] - Object 'Object Repository/Final Object Repo/New Registration - Registration Module Pages/Third Screen - Upload Supporting Doc- Preview/Save n Continue in SIP Employee Listing Page' is clickable

2018-12-10 17:48:04 - [TEST_STEP][PASSED] - click: Object: 'Object Repository/Final Object Repo/New Registration - Registration Module Pages/Third Screen - Upload Supporting Doc- Preview/Save n Continue in SIP Employee Listing Page' is clicked on

2018-12-10 17:48:10 - [MESSAGE][PASSED] - Object: 'Object Repository/Final Object Repo/New Registration - Registration Module Pages/Third Screen - Upload Supporting Doc- Preview/Save n Continue in SIP Employee Listing Page' is clicked on

2018-12-10 17:48:10 - [TEST_STEP][PASSED] - delay: Delayed 7 second(s)

2018-12-10 17:48:17 - [MESSAGE][PASSED] - Delayed 7 second(s)

2018-12-10 17:48:17 - [TEST_STEP][PASSED] - click: Object: 'Object Repository/Final Object Repo/New Registration - Registration Module Pages/Third Screen - Upload Supporting Doc- Preview/Add Document Button' is clicked on

2018-12-10 17:48:17 - [MESSAGE][PASSED] - Object: 'Object Repository/Final Object Repo/New Registration - Registration Module Pages/Third Screen - Upload Supporting Doc- Preview/Add Document Button' is clicked on

2018-12-10 17:48:17 - [TEST_STEP][PASSED] - delay: Delayed 30 second(s)

2018-12-10 17:48:47 - [MESSAGE][PASSED] - Delayed 30 second(s)

2018-12-10 17:48:47 - [TEST_STEP][PASSED] - click: Object: 'Object Repository/Final Object Repo/New Registration - Registration Module Pages/Third Screen - Upload Supporting Doc- Preview/Supporting Doc Please Select Drop Down' is clicked on

2018-12-10 17:48:47 - [MESSAGE][PASSED] - Object: 'Object Repository/Final Object Repo/New Registration - Registration Module Pages/Third Screen - Upload Supporting Doc- Preview/Supporting Doc Please Select Drop Down' is clicked on

2018-12-10 17:48:47 - [TEST_STEP][PASSED] - delay: Delayed 2 second(s)

2018-12-10 17:48:49 - [MESSAGE][PASSED] - Delayed 2 second(s)

2018-12-10 17:48:49 - [TEST_STEP][PASSED] - click: Object: 'Object Repository/Final Object Repo/New Registration - Registration Module Pages/Third Screen - Upload Supporting Doc- Preview/Select to Upload Form 1' is clicked on

2018-12-10 17:48:50 - [MESSAGE][PASSED] - Object: 'Object Repository/Final Object Repo/New Registration - Registration Module Pages/Third Screen - Upload Supporting Doc- Preview/Select to Upload Form 1' is clicked on

2018-12-10 17:48:50 - [TEST_STEP][PASSED] - delay: Delayed 2 second(s)

2018-12-10 17:48:52 - [MESSAGE][PASSED] - Delayed 2 second(s)

2018-12-10 17:48:52 - [TEST_STEP][PASSED] - uploadFile: File 'C:\Users\Public\Pictures\Sample Pictures\Koala.jpg' sent to object: 'Object Repository/Final Object Repo/New Registration - Registration Module Pages/Third Screen - Upload Supporting Doc- Preview/Upload File Adding'

2018-12-10 17:48:52 - [MESSAGE][PASSED] - File 'C:\Users\Public\Pictures\Sample Pictures\Koala.jpg' sent to object: 'Object Repository/Final Object Repo/New Registration - Registration Module Pages/Third Screen - Upload Supporting Doc- Preview/Upload File Adding'

2018-12-10 17:48:52 - [TEST_STEP][PASSED] - delay: Delayed 5 second(s)

2018-12-10 17:48:57 - [MESSAGE][PASSED] - Delayed 5 second(s)

2018-12-10 17:48:57 - [TEST_STEP][PASSED] - click: Object: 'Object Repository/Final Object Repo/New Registration - Registration Module Pages/Third Screen - Upload Supporting Doc- Preview/Inner Form Add Document Button' is clicked on

2018-12-10 17:48:57 - [MESSAGE][PASSED] - Object: 'Object Repository/Final Object Repo/New Registration - Registration Module Pages/Third Screen - Upload Supporting Doc- Preview/Inner Form Add Document Button' is clicked on

2018-12-10 17:48:57 - [TEST_STEP][PASSED] - delay: Delayed 3 second(s)

2018-12-10 17:49:00 - [MESSAGE][PASSED] - Delayed 3 second(s)

2018-12-10 17:49:00 - [TEST_STEP][PASSED] - click: Object: 'Object Repository/Final Object Repo/New Registration - Registration Module Pages/Third Screen - Upload Supporting Doc- Preview/Add Document Button' is clicked on

2018-12-10 17:49:01 - [MESSAGE][PASSED] - Object: 'Object Repository/Final Object Repo/New Registration - Registration Module Pages/Third Screen - Upload Supporting Doc- Preview/Add Document Button' is clicked on

2018-12-10 17:49:01 - [TEST_STEP][PASSED] - delay: Delayed 30 second(s)

2018-12-10 17:49:31 - [MESSAGE][PASSED] - Delayed 30 second(s)

2018-12-10 17:49:31 - [TEST_STEP][PASSED] - click: Object: 'Object Repository/Final Object Repo/New Registration - Registration Module Pages/Third Screen - Upload Supporting Doc- Preview/Supporting Doc Please Select Drop Down' is clicked on

2018-12-10 17:49:31 - [MESSAGE][PASSED] - Object: 'Object Repository/Final Object Repo/New Registration - Registration Module Pages/Third Screen - Upload Supporting Doc- Preview/Supporting Doc Please Select Drop Down' is clicked on

2018-12-10 17:49:31 - [TEST_STEP][PASSED] - delay: Delayed 4 second(s)

2018-12-10 17:49:35 - [MESSAGE][PASSED] - Delayed 4 second(s)

2018-12-10 17:49:35 - [TEST_STEP][PASSED] - click: Object: 'Object Repository/Final Object Repo/New Registration - Registration Module Pages/Third Screen - Upload Supporting Doc- Preview/Select to Upload Form 2' is clicked on

2018-12-10 17:49:36 - [MESSAGE][PASSED] - Object: 'Object Repository/Final Object Repo/New Registration - Registration Module Pages/Third Screen - Upload Supporting Doc- Preview/Select to Upload Form 2' is clicked on

2018-12-10 17:49:36 - [TEST_STEP][PASSED] - delay: Delayed 2 second(s)

2018-12-10 17:49:38 - [MESSAGE][PASSED] - Delayed 2 second(s)

2018-12-10 17:49:38 - [TEST_STEP][PASSED] - uploadFile: File 'C:\Users\Public\Pictures\Sample Pictures\Koala.jpg' sent to object: 'Object Repository/Final Object Repo/New Registration - Registration Module Pages/Third Screen - Upload Supporting Doc- Preview/Upload File Adding'

2018-12-10 17:49:38 - [MESSAGE][PASSED] - File 'C:\Users\Public\Pictures\Sample Pictures\Koala.jpg' sent to object: 'Object Repository/Final Object Repo/New Registration - Registration Module Pages/Third Screen - Upload Supporting Doc- Preview/Upload File Adding'

2018-12-10 17:49:38 - [TEST_STEP][PASSED] - click: Object: 'Object Repository/Final Object Repo/New Registration - Registration Module Pages/Third Screen - Upload Supporting Doc- Preview/Inner Form Add Document Button' is clicked on

2018-12-10 17:49:38 - [MESSAGE][PASSED] - Object: 'Object Repository/Final Object Repo/New Registration - Registration Module Pages/Third Screen - Upload Supporting Doc- Preview/Inner Form Add Document Button' is clicked on

2018-12-10 17:49:38 - [TEST_STEP][PASSED] - delay: Delayed 5 second(s)

2018-12-10 17:49:43 - [MESSAGE][PASSED] - Delayed 5 second(s)

2018-12-10 17:49:43 - [TEST_STEP][PASSED] - click: Object: 'Object Repository/Final Object Repo/New Registration - Registration Module Pages/Third Screen - Upload Supporting Doc- Preview/Add Document Button' is clicked on

2018-12-10 17:49:43 - [MESSAGE][PASSED] - Object: 'Object Repository/Final Object Repo/New Registration - Registration Module Pages/Third Screen - Upload Supporting Doc- Preview/Add Document Button' is clicked on

2018-12-10 17:49:43 - [TEST_STEP][PASSED] - delay: Delayed 30 second(s)

2018-12-10 17:50:13 - [MESSAGE][PASSED] - Delayed 30 second(s)

2018-12-10 17:50:13 - [TEST_STEP][PASSED] - click: Object: 'Object Repository/Final Object Repo/New Registration - Registration Module Pages/Third Screen - Upload Supporting Doc- Preview/Supporting Doc Please Select Drop Down' is clicked on

2018-12-10 17:50:13 - [MESSAGE][PASSED] - Object: 'Object Repository/Final Object Repo/New Registration - Registration Module Pages/Third Screen - Upload Supporting Doc- Preview/Supporting Doc Please Select Drop Down' is clicked on

2018-12-10 17:50:13 - [TEST_STEP][PASSED] - click: Object: 'Object Repository/Final Object Repo/New Registration - Registration Module Pages/Third Screen - Upload Supporting Doc- Preview/Select to Upload Borang SIP 1' is clicked on

2018-12-10 17:50:13 - [MESSAGE][PASSED] - Object: 'Object Repository/Final Object Repo/New Registration - Registration Module Pages/Third Screen - Upload Supporting Doc- Preview/Select to Upload Borang SIP 1' is clicked on

2018-12-10 17:50:13 - [TEST_STEP][PASSED] - delay: Delayed 2 second(s)

2018-12-10 17:50:15 - [MESSAGE][PASSED] - Delayed 2 second(s)

2018-12-10 17:50:15 - [TEST_STEP][PASSED] - uploadFile: File 'C:\Users\Public\Pictures\Sample Pictures\Koala.jpg' sent to object: 'Object Repository/Final Object Repo/New Registration - Registration Module Pages/Third Screen - Upload Supporting Doc- Preview/Upload File Adding'

2018-12-10 17:50:15 - [MESSAGE][PASSED] - File 'C:\Users\Public\Pictures\Sample Pictures\Koala.jpg' sent to object: 'Object Repository/Final Object Repo/New Registration - Registration Module Pages/Third Screen - Upload Supporting Doc- Preview/Upload File Adding'

2018-12-10 17:50:15 - [TEST_STEP][PASSED] - click: Object: 'Object Repository/Final Object Repo/New Registration - Registration Module Pages/Third Screen - Upload Supporting Doc- Preview/Inner Form Add Document Button' is clicked on

2018-12-10 17:50:16 - [MESSAGE][PASSED] - Object: 'Object Repository/Final Object Repo/New Registration - Registration Module Pages/Third Screen - Upload Supporting Doc- Preview/Inner Form Add Document Button' is clicked on

2018-12-10 17:50:16 - [TEST_STEP][PASSED] - delay: Delayed 5 second(s)

2018-12-10 17:50:21 - [MESSAGE][PASSED] - Delayed 5 second(s)

2018-12-10 17:50:21 - [TEST_STEP][PASSED] - click: Object: 'Object Repository/Final Object Repo/New Registration - Registration Module Pages/Third Screen - Upload Supporting Doc- Preview/Add Document Button' is clicked on

2018-12-10 17:50:21 - [MESSAGE][PASSED] - Object: 'Object Repository/Final Object Repo/New Registration - Registration Module Pages/Third Screen - Upload Supporting Doc- Preview/Add Document Button' is clicked on

2018-12-10 17:50:21 - [TEST_STEP][PASSED] - delay: Delayed 30 second(s)

2018-12-10 17:50:51 - [MESSAGE][PASSED] - Delayed 30 second(s)

2018-12-10 17:50:51 - [TEST_STEP][PASSED] - click: Object: 'Object Repository/Final Object Repo/New Registration - Registration Module Pages/Third Screen - Upload Supporting Doc- Preview/Supporting Doc Please Select Drop Down' is clicked on

2018-12-10 17:50:51 - [MESSAGE][PASSED] - Object: 'Object Repository/Final Object Repo/New Registration - Registration Module Pages/Third Screen - Upload Supporting Doc- Preview/Supporting Doc Please Select Drop Down' is clicked on

2018-12-10 17:50:51 - [TEST_STEP][PASSED] - delay: Delayed 3 second(s)

2018-12-10 17:50:54 - [MESSAGE][PASSED] - Delayed 3 second(s)

2018-12-10 17:50:54 - [TEST_STEP][PASSED] - click: Object: 'Object Repository/Final Object Repo/New Registration - Registration Module Pages/Third Screen - Upload Supporting Doc- Preview/Select to Upload Borang SIP 2' is clicked on

2018-12-10 17:50:54 - [MESSAGE][PASSED] - Object: 'Object Repository/Final Object Repo/New Registration - Registration Module Pages/Third Screen - Upload Supporting Doc- Preview/Select to Upload Borang SIP 2' is clicked on

2018-12-10 17:50:54 - [TEST_STEP][PASSED] - delay: Delayed 2 second(s)

2018-12-10 17:50:56 - [MESSAGE][PASSED] - Delayed 2 second(s)

2018-12-10 17:50:56 - [TEST_STEP][PASSED] - uploadFile: File 'C:\Users\Public\Pictures\Sample Pictures\Koala.jpg' sent to object: 'Object Repository/Final Object Repo/New Registration - Registration Module Pages/Third Screen - Upload Supporting Doc- Preview/Upload File Adding'

2018-12-10 17:50:56 - [MESSAGE][PASSED] - File 'C:\Users\Public\Pictures\Sample Pictures\Koala.jpg' sent to object: 'Object Repository/Final Object Repo/New Registration - Registration Module Pages/Third Screen - Upload Supporting Doc- Preview/Upload File Adding'

2018-12-10 17:50:56 - [TEST_STEP][PASSED] - delay: Delayed 5 second(s)

2018-12-10 17:51:01 - [MESSAGE][PASSED] - Delayed 5 second(s)

2018-12-10 17:51:01 - [TEST_STEP][PASSED] - click: Object: 'Object Repository/Final Object Repo/New Registration - Registration Module Pages/Third Screen - Upload Supporting Doc- Preview/Inner Form Add Document Button' is clicked on

2018-12-10 17:51:02 - [MESSAGE][PASSED] - Object: 'Object Repository/Final Object Repo/New Registration - Registration Module Pages/Third Screen - Upload Supporting Doc- Preview/Inner Form Add Document Button' is clicked on

2018-12-10 17:51:02 - [TEST_STEP][PASSED] - delay: Delayed 3 second(s)

2018-12-10 17:51:05 - [MESSAGE][PASSED] - Delayed 3 second(s)

2018-12-10 17:51:05 - [TEST_STEP][PASSED] - waitForElementClickable: Object 'Object Repository/Final Object Repo/New Registration - Registration Module Pages/Third Screen - Upload Supporting Doc- Preview/Save n Continue in Uploading Supporting Doc Page' is clickable

2018-12-10 17:51:06 - [MESSAGE][PASSED] - Object 'Object Repository/Final Object Repo/New Registration - Registration Module Pages/Third Screen - Upload Supporting Doc- Preview/Save n Continue in Uploading Supporting Doc Page' is clickable

2018-12-10 17:51:06 - [TEST_STEP][PASSED] - click: Object: 'Object Repository/Final Object Repo/New Registration - Registration Module Pages/Third Screen - Upload Supporting Doc- Preview/Save n Continue in Uploading Supporting Doc Page' is clicked on

2018-12-10 17:51:06 - [MESSAGE][PASSED] - Object: 'Object Repository/Final Object Repo/New Registration - Registration Module Pages/Third Screen - Upload Supporting Doc- Preview/Save n Continue in Uploading Supporting Doc Page' is clicked on

2018-12-10 17:51:06 - [MESSAGE][PASSED] - Call Test Case 'Test Cases/Final Aug 2018 - PKS Automation/Registration Module/New Registration/Flow of New Registration/Third Screen - Upload Supporting Doc - Preview' successfully

2018-12-10 17:51:06 - [TEST_STEP][PASSED] - callTestCase: Call Test Case 'Test Cases/Final Aug 2018 - PKS Automation/Registration Module/New Registration/Submit and Screenshot/Submit Registration and Screenshot' successfully

2018-12-10 17:51:06 - [TEST_CASE][PASSED] - Test Cases/Final Aug 2018 - PKS Automation/Registration Module/New Registration/Submit and Screenshot/Submit Registration and Screenshot: Test Cases/Final Aug 2018 - PKS Automation/Registration Module/New Registration/Submit and Screenshot/Submit Registration and Screenshot

2018-12-10 17:51:06 - [TEST_STEP][PASSED] - delay: Delayed 6 second(s)

2018-12-10 17:51:12 - [MESSAGE][PASSED] - Delayed 6 second(s)

2018-12-10 17:51:12 - [TEST_STEP][PASSED] - click: Object: 'Object Repository/Final Object Repo/New Registration - Registration Module Pages/Third Screen - Upload Supporting Doc- Preview/Preview Submit Button' is clicked on

2018-12-10 17:51:12 - [MESSAGE][PASSED] - Object: 'Object Repository/Final Object Repo/New Registration - Registration Module Pages/Third Screen - Upload Supporting Doc- Preview/Preview Submit Button' is clicked on

2018-12-10 17:51:12 - [TEST_STEP][PASSED] - delay: Delayed 2 second(s)

2018-12-10 17:51:14 - [MESSAGE][PASSED] - Delayed 2 second(s)

2018-12-10 17:51:14 - [TEST_STEP][PASSED] - click: Object: 'Object Repository/Final Object Repo/New Registration - Registration Module Pages/Third Screen - Upload Supporting Doc- Preview/Preview Submit - Confirm' is clicked on

2018-12-10 17:51:14 - [MESSAGE][PASSED] - Object: 'Object Repository/Final Object Repo/New Registration - Registration Module Pages/Third Screen - Upload Supporting Doc- Preview/Preview Submit - Confirm' is clicked on

2018-12-10 17:51:14 - [TEST_STEP][PASSED] - delay: Delayed 15 second(s)

2018-12-10 17:51:29 - [MESSAGE][PASSED] - Delayed 15 second(s)

2018-12-10 17:51:29 - [TEST_STEP][PASSED] - Statement - driver = com.kms.katalon.core.webui.driver.DriverFactory.getWebDriver(): null

2018-12-10 17:51:29 - [TEST_STEP][PASSED] - Statement - driver.manage().timeouts().implicitlyWait(10, SECONDS): null

2018-12-10 17:51:29 - [TEST_STEP][PASSED] - Statement - PresavePath = KatalonScreenshots: null

2018-12-10 17:51:29 - [TEST_STEP][PASSED] - Statement - pathPrefix = "C:\Users\Public\Pictures\Sample Pictures\Katalon Screenshots\Automate Ending Screen": null

2018-12-10 17:51:29 - [TEST_STEP][PASSED] - Statement - finalPath = <not implemented yet for class: org.codehaus.groovy.ast.expr.EmptyExpression>: null

2018-12-10 17:51:29 - [TEST_STEP][PASSED] - Statement - scrFile = driver.getScreenshotAs(FILE): null

2018-12-10 17:51:30 - [TEST_STEP][PASSED] - Statement - PreSaveFile = new java.io.File(PresavePath): null

2018-12-10 17:51:30 - [TEST_STEP][PASSED] - Statement - counter = 0: null

2018-12-10 17:51:30 - [TEST_STEP][PASSED] - Statement - If (PreSaveFile.exists()): null

2018-12-10 17:51:30 - [TEST_STEP][PASSED] - Statement - While (PreSaveFile.exists()): null

2018-12-10 17:51:30 - [TEST_STEP][PASSED] - Statement - counter = counter + 1: null

2018-12-10 17:51:30 - [TEST_STEP][PASSED] - Statement - PreSaveFile = new java.io.File(((pathPrefix + java.lang.Integer.toString(counter)) + .png)): null

2018-12-10 17:51:30 - [TEST_STEP][PASSED] - Statement - counter = counter + 1: null

2018-12-10 17:51:30 - [TEST_STEP][PASSED] - Statement - PreSaveFile = new java.io.File(((pathPrefix + java.lang.Integer.toString(counter)) + .png)): null

2018-12-10 17:51:30 - [TEST_STEP][PASSED] - Statement - counter = counter + 1: null

2018-12-10 17:51:30 - [TEST_STEP][PASSED] - Statement - PreSaveFile = new java.io.File(((pathPrefix + java.lang.Integer.toString(counter)) + .png)): null

2018-12-10 17:51:30 - [TEST_STEP][PASSED] - Statement - counter = counter + 1: null

2018-12-10 17:51:30 - [TEST_STEP][PASSED] - Statement - PreSaveFile = new java.io.File(((pathPrefix + java.lang.Integer.toString(counter)) + .png)): null

2018-12-10 17:51:30 - [TEST_STEP][PASSED] - Statement - counter = counter + 1: null

2018-12-10 17:51:30 - [TEST_STEP][PASSED] - Statement - PreSaveFile = new java.io.File(((pathPrefix + java.lang.Integer.toString(counter)) + .png)): null

2018-12-10 17:51:30 - [TEST_STEP][PASSED] - Statement - counter = counter + 1: null

2018-12-10 17:51:30 - [TEST_STEP][PASSED] - Statement - PreSaveFile = new java.io.File(((pathPrefix + java.lang.Integer.toString(counter)) + .png)): null

2018-12-10 17:51:30 - [TEST_STEP][PASSED] - Statement - counter = counter + 1: null

2018-12-10 17:51:30 - [TEST_STEP][PASSED] - Statement - PreSaveFile = new java.io.File(((pathPrefix + java.lang.Integer.toString(counter)) + .png)): null

2018-12-10 17:51:30 - [TEST_STEP][PASSED] - Statement - finalPath = pathPrefix + java.lang.Integer.toString(counter) + ".png": null

2018-12-10 17:51:30 - [TEST_STEP][PASSED] - Statement - SaveFile = new java.io.File(finalPath): null

2018-12-10 17:51:30 - [TEST_STEP][PASSED] - Statement - Try: null

2018-12-10 17:51:30 - [TEST_STEP][PASSED] - Statement - org.apache.commons.io.FileUtils.copyFile(scrFile, SaveFile): null

2018-12-10 17:51:30 - [TEST_STEP][PASSED] - Statement - out.println("file kept"): null

2018-12-10 17:51:30 - [TEST_STEP][PASSED] - delay: Delayed 10 second(s)

2018-12-10 17:51:40 - [MESSAGE][PASSED] - Delayed 10 second(s)

2018-12-10 17:51:40 - [MESSAGE][PASSED] - Call Test Case 'Test Cases/Final Aug 2018 - PKS Automation/Registration Module/New Registration/Submit and Screenshot/Submit Registration and Screenshot' successfully]]></system-out>
         <system-err><![CDATA[]]></system-err>
      </testcase>
      <testcase name="Test Cases/Final Aug 2018 - PKS Automation/Registration Module/Critical Path/New Registration/Partnership - Not Registered" classname="Test Cases/Final Aug 2018 - PKS Automation/Registration Module/Critical Path/New Registration/Partnership - Not Registered" status="PASSED">
         <system-out><![CDATA[2018-12-10 17:51:40 - [TEST_CASE][PASSED] - Test Cases/Final Aug 2018 - PKS Automation/Registration Module/Critical Path/New Registration/Partnership - Not Registered: Test Cases/Final Aug 2018 - PKS Automation/Registration Module/Critical Path/New Registration/Partnership - Not Registered

2018-12-10 17:51:40 - [TEST_STEP][PASSED] - callTestCase: Call Test Case 'Test Cases/Final Aug 2018 - PKS Automation/Registration Module/New Registration/Form 1/Form 1 - Partnership - Not Registered' successfully

2018-12-10 17:51:40 - [TEST_CASE][PASSED] - Test Cases/Final Aug 2018 - PKS Automation/Registration Module/New Registration/Form 1/Form 1 - Partnership - Not Registered: Test Cases/Final Aug 2018 - PKS Automation/Registration Module/New Registration/Form 1/Form 1 - Partnership - Not Registered

2018-12-10 17:51:41 - [TEST_STEP][PASSED] - openBrowser: Browser is opened with url: ''

2018-12-10 17:51:41 - [MESSAGE][WARNING] - A browser is already opened. Closing browser and opening a new one

2018-12-10 17:51:43 - [MESSAGE][PASSED] - Browser is opened with url: ''

2018-12-10 17:51:43 - [TEST_STEP][PASSED] - navigateToUrl: Navigate to 'https://assist2-uat.perkeso.gov.my/login' successfully

2018-12-10 17:51:45 - [MESSAGE][PASSED] - Navigate to 'https://assist2-uat.perkeso.gov.my/login' successfully

2018-12-10 17:51:45 - [TEST_STEP][PASSED] - setText: Text 'johorotc1@gmail.com' is set on object 'Object Repository/Final Object Repo/Login Page/Internal User/Email Address'

2018-12-10 17:51:45 - [MESSAGE][PASSED] - Text 'johorotc1@gmail.com' is set on object 'Object Repository/Final Object Repo/Login Page/Internal User/Email Address'

2018-12-10 17:51:45 - [TEST_STEP][PASSED] - click: Object: 'Object Repository/Final Object Repo/Login Page/Internal User/Next Button' is clicked on

2018-12-10 17:51:45 - [MESSAGE][PASSED] - Object: 'Object Repository/Final Object Repo/Login Page/Internal User/Next Button' is clicked on

2018-12-10 17:51:45 - [TEST_STEP][PASSED] - delay: Delayed 1 second(s)

2018-12-10 17:51:46 - [MESSAGE][PASSED] - Delayed 1 second(s)

2018-12-10 17:51:46 - [TEST_STEP][PASSED] - setEncryptedText: Text ****** has been set on object 'Object Repository/Final Object Repo/Login Page/Internal User/Password'

2018-12-10 17:51:46 - [MESSAGE][PASSED] - Text ****** has been set on object 'Object Repository/Final Object Repo/Login Page/Internal User/Password'

2018-12-10 17:51:46 - [TEST_STEP][PASSED] - click: Object: 'Object Repository/Final Object Repo/Login Page/Internal User/Login Button' is clicked on

2018-12-10 17:51:46 - [MESSAGE][PASSED] - Object: 'Object Repository/Final Object Repo/Login Page/Internal User/Login Button' is clicked on

2018-12-10 17:51:46 - [TEST_STEP][PASSED] - delay: Delayed 1 second(s)

2018-12-10 17:51:47 - [MESSAGE][PASSED] - Delayed 1 second(s)

2018-12-10 17:51:47 - [TEST_STEP][PASSED] - Statement - Try: Delayed 2 second(s)

2018-12-10 17:51:47 - [TEST_STEP][PASSED] - Statement - Checker = false: null

2018-12-10 17:51:47 - [TEST_STEP][PASSED] - Statement - Checker = com.kms.katalon.core.webui.keyword.WebUiBuiltInKeywords.verifyElementHasAttribute(com.kms.katalon.core.testobject.ObjectRepository.findTestObject(Final Object Repo/Landing Page/BM Detecting), "href", 20, OPTIONAL): Object 'Object Repository/Final Object Repo/Landing Page/BM Detecting' has attribute 'href'

2018-12-10 17:51:48 - [MESSAGE][PASSED] - Object 'Object Repository/Final Object Repo/Landing Page/BM Detecting' has attribute 'href'

2018-12-10 17:51:48 - [TEST_STEP][PASSED] - Statement - out.println(Checker): null

2018-12-10 17:51:48 - [TEST_STEP][PASSED] - Statement - If (Checker == false): null

2018-12-10 17:51:48 - [TEST_STEP][PASSED] - Statement - Else: null

2018-12-10 17:51:48 - [TEST_STEP][PASSED] - delay: Delayed 2 second(s)

2018-12-10 17:51:50 - [MESSAGE][PASSED] - Delayed 2 second(s)

2018-12-10 17:51:50 - [TEST_STEP][PASSED] - navigateToUrl: Navigate to 'https://assist2-uat.perkeso.gov.my/web/registration/registration' successfully

2018-12-10 17:51:52 - [MESSAGE][PASSED] - Navigate to 'https://assist2-uat.perkeso.gov.my/web/registration/registration' successfully

2018-12-10 17:51:52 - [TEST_STEP][PASSED] - click: Object: 'Object Repository/Final Object Repo/New Registration - Registration Module Pages/Form 1/AEC - No' is clicked on

2018-12-10 17:51:52 - [MESSAGE][PASSED] - Object: 'Object Repository/Final Object Repo/New Registration - Registration Module Pages/Form 1/AEC - No' is clicked on

2018-12-10 17:51:52 - [TEST_STEP][PASSED] - click: Object: 'Object Repository/Final Object Repo/New Registration - Registration Module Pages/Form 1/Business Entity' is clicked on

2018-12-10 17:51:52 - [MESSAGE][PASSED] - Object: 'Object Repository/Final Object Repo/New Registration - Registration Module Pages/Form 1/Business Entity' is clicked on

2018-12-10 17:51:52 - [TEST_STEP][PASSED] - click: Object: 'Object Repository/Final Object Repo/New Registration - Registration Module Pages/Form 1/Business Entity - Partnership' is clicked on

2018-12-10 17:51:53 - [MESSAGE][PASSED] - Object: 'Object Repository/Final Object Repo/New Registration - Registration Module Pages/Form 1/Business Entity - Partnership' is clicked on

2018-12-10 17:51:53 - [TEST_STEP][PASSED] - delay: Delayed 1 second(s)

2018-12-10 17:51:54 - [MESSAGE][PASSED] - Delayed 1 second(s)

2018-12-10 17:51:54 - [TEST_STEP][PASSED] - click: Object: 'Object Repository/Final Object Repo/New Registration - Registration Module Pages/Form 1/Sub Business Entity' is clicked on

2018-12-10 17:51:54 - [MESSAGE][PASSED] - Object: 'Object Repository/Final Object Repo/New Registration - Registration Module Pages/Form 1/Sub Business Entity' is clicked on

2018-12-10 17:51:54 - [TEST_STEP][PASSED] - click: Object: 'Object Repository/Final Object Repo/New Registration - Registration Module Pages/Form 1/Sub Business Entity - Not Registered' is clicked on

2018-12-10 17:51:54 - [MESSAGE][PASSED] - Object: 'Object Repository/Final Object Repo/New Registration - Registration Module Pages/Form 1/Sub Business Entity - Not Registered' is clicked on

2018-12-10 17:51:54 - [TEST_STEP][PASSED] - delay: Delayed 1 second(s)

2018-12-10 17:51:55 - [MESSAGE][PASSED] - Delayed 1 second(s)

2018-12-10 17:51:55 - [TEST_STEP][PASSED] - setText: Text '123' is set on object 'Object Repository/Final Object Repo/New Registration - Registration Module Pages/Form 1/Registration Number'

2018-12-10 17:51:55 - [MESSAGE][PASSED] - Text '123' is set on object 'Object Repository/Final Object Repo/New Registration - Registration Module Pages/Form 1/Registration Number'

2018-12-10 17:51:55 - [TEST_STEP][NOT_RUN] - click: NOT_RUN: click

2018-12-10 17:51:55 - [MESSAGE][NOT_RUN] - NOT_RUN: click

2018-12-10 17:51:55 - [TEST_STEP][PASSED] - click: Object: 'Object Repository/Final Object Repo/New Registration - Registration Module Pages/Form 1/Registered As a Branch - Yes' is clicked on

2018-12-10 17:51:56 - [MESSAGE][PASSED] - Object: 'Object Repository/Final Object Repo/New Registration - Registration Module Pages/Form 1/Registered As a Branch - Yes' is clicked on

2018-12-10 17:51:56 - [TEST_STEP][PASSED] - click: Object: 'Object Repository/Final Object Repo/New Registration - Registration Module Pages/Form 1/Acknowledgement' is clicked on

2018-12-10 17:51:56 - [MESSAGE][PASSED] - Object: 'Object Repository/Final Object Repo/New Registration - Registration Module Pages/Form 1/Acknowledgement' is clicked on

2018-12-10 17:51:56 - [TEST_STEP][PASSED] - setText: Text 'perkeso' is set on object 'Object Repository/Final Object Repo/New Registration - Registration Module Pages/Form 1/Industry name'

2018-12-10 17:51:56 - [MESSAGE][PASSED] - Text 'perkeso' is set on object 'Object Repository/Final Object Repo/New Registration - Registration Module Pages/Form 1/Industry name'

2018-12-10 17:51:56 - [TEST_STEP][PASSED] - setText: Text 'perkeso1' is set on object 'Object Repository/Final Object Repo/New Registration - Registration Module Pages/Form 1/Postal Address1'

2018-12-10 17:51:56 - [MESSAGE][PASSED] - Text 'perkeso1' is set on object 'Object Repository/Final Object Repo/New Registration - Registration Module Pages/Form 1/Postal Address1'

2018-12-10 17:51:56 - [TEST_STEP][PASSED] - setText: Text 'perkeso2' is set on object 'Object Repository/Final Object Repo/New Registration - Registration Module Pages/Form 1/Postal Address2'

2018-12-10 17:51:57 - [MESSAGE][PASSED] - Text 'perkeso2' is set on object 'Object Repository/Final Object Repo/New Registration - Registration Module Pages/Form 1/Postal Address2'

2018-12-10 17:51:57 - [TEST_STEP][PASSED] - setText: Text 'perkeso3' is set on object 'Object Repository/Final Object Repo/New Registration - Registration Module Pages/Form 1/Postal Address3'

2018-12-10 17:51:57 - [MESSAGE][PASSED] - Text 'perkeso3' is set on object 'Object Repository/Final Object Repo/New Registration - Registration Module Pages/Form 1/Postal Address3'

2018-12-10 17:51:57 - [TEST_STEP][PASSED] - click: Object: 'Object Repository/Final Object Repo/New Registration - Registration Module Pages/Form 1/State' is clicked on

2018-12-10 17:51:57 - [MESSAGE][PASSED] - Object: 'Object Repository/Final Object Repo/New Registration - Registration Module Pages/Form 1/State' is clicked on

2018-12-10 17:51:57 - [TEST_STEP][PASSED] - click: Object: 'Object Repository/Final Object Repo/New Registration - Registration Module Pages/Form 1/State - Johor' is clicked on

2018-12-10 17:51:58 - [MESSAGE][PASSED] - Object: 'Object Repository/Final Object Repo/New Registration - Registration Module Pages/Form 1/State - Johor' is clicked on

2018-12-10 17:51:58 - [TEST_STEP][PASSED] - delay: Delayed 1 second(s)

2018-12-10 17:51:59 - [MESSAGE][PASSED] - Delayed 1 second(s)

2018-12-10 17:51:59 - [TEST_STEP][PASSED] - click: Object: 'Object Repository/Final Object Repo/New Registration - Registration Module Pages/Form 1/City' is clicked on

2018-12-10 17:51:59 - [MESSAGE][PASSED] - Object: 'Object Repository/Final Object Repo/New Registration - Registration Module Pages/Form 1/City' is clicked on

2018-12-10 17:51:59 - [TEST_STEP][PASSED] - setText: Text 'joh' is set on object 'Object Repository/Final Object Repo/New Registration - Registration Module Pages/Form 1/Postcode - 810'

2018-12-10 17:51:59 - [MESSAGE][PASSED] - Text 'joh' is set on object 'Object Repository/Final Object Repo/New Registration - Registration Module Pages/Form 1/Postcode - 810'

2018-12-10 17:51:59 - [TEST_STEP][PASSED] - delay: Delayed 1 second(s)

2018-12-10 17:52:00 - [MESSAGE][PASSED] - Delayed 1 second(s)

2018-12-10 17:52:00 - [TEST_STEP][PASSED] - click: Object: 'Object Repository/Final Object Repo/New Registration - Registration Module Pages/Form 1/City - Johor Bharu' is clicked on

2018-12-10 17:52:00 - [MESSAGE][PASSED] - Object: 'Object Repository/Final Object Repo/New Registration - Registration Module Pages/Form 1/City - Johor Bharu' is clicked on

2018-12-10 17:52:00 - [TEST_STEP][PASSED] - delay: Delayed 1 second(s)

2018-12-10 17:52:01 - [MESSAGE][PASSED] - Delayed 1 second(s)

2018-12-10 17:52:01 - [TEST_STEP][PASSED] - click: Object: 'Object Repository/Final Object Repo/New Registration - Registration Module Pages/Form 1/Postcode' is clicked on

2018-12-10 17:52:01 - [MESSAGE][PASSED] - Object: 'Object Repository/Final Object Repo/New Registration - Registration Module Pages/Form 1/Postcode' is clicked on

2018-12-10 17:52:01 - [TEST_STEP][PASSED] - delay: Delayed 1 second(s)

2018-12-10 17:52:02 - [MESSAGE][PASSED] - Delayed 1 second(s)

2018-12-10 17:52:02 - [TEST_STEP][PASSED] - setText: Text '810' is set on object 'Object Repository/Final Object Repo/New Registration - Registration Module Pages/Form 1/Postcode - 810'

2018-12-10 17:52:03 - [MESSAGE][PASSED] - Text '810' is set on object 'Object Repository/Final Object Repo/New Registration - Registration Module Pages/Form 1/Postcode - 810'

2018-12-10 17:52:03 - [TEST_STEP][PASSED] - delay: Delayed 1 second(s)

2018-12-10 17:52:04 - [MESSAGE][PASSED] - Delayed 1 second(s)

2018-12-10 17:52:04 - [TEST_STEP][PASSED] - click: Object: 'Object Repository/Final Object Repo/New Registration - Registration Module Pages/Form 1/Postcode - 81000' is clicked on

2018-12-10 17:52:04 - [MESSAGE][PASSED] - Object: 'Object Repository/Final Object Repo/New Registration - Registration Module Pages/Form 1/Postcode - 81000' is clicked on

2018-12-10 17:52:04 - [TEST_STEP][PASSED] - delay: Delayed 1 second(s)

2018-12-10 17:52:05 - [MESSAGE][PASSED] - Delayed 1 second(s)

2018-12-10 17:52:05 - [TEST_STEP][PASSED] - setText: Text '100' is set on object 'Object Repository/Final Object Repo/New Registration - Registration Module Pages/Form 1/P.O.BOX'

2018-12-10 17:52:05 - [MESSAGE][PASSED] - Text '100' is set on object 'Object Repository/Final Object Repo/New Registration - Registration Module Pages/Form 1/P.O.BOX'

2018-12-10 17:52:05 - [TEST_STEP][PASSED] - setText: Text '100' is set on object 'Object Repository/Final Object Repo/New Registration - Registration Module Pages/Form 1/Locked Bag No'

2018-12-10 17:52:05 - [MESSAGE][PASSED] - Text '100' is set on object 'Object Repository/Final Object Repo/New Registration - Registration Module Pages/Form 1/Locked Bag No'

2018-12-10 17:52:05 - [TEST_STEP][PASSED] - click: Object: 'Object Repository/Final Object Repo/New Registration - Registration Module Pages/Form 1/SOCSO Office Location' is clicked on

2018-12-10 17:52:05 - [MESSAGE][PASSED] - Object: 'Object Repository/Final Object Repo/New Registration - Registration Module Pages/Form 1/SOCSO Office Location' is clicked on

2018-12-10 17:52:05 - [TEST_STEP][PASSED] - click: Object: 'Object Repository/Final Object Repo/New Registration - Registration Module Pages/Form 1/SOCSO Office Location - Pejabat PERKESO Negeri Johor' is clicked on

2018-12-10 17:52:06 - [MESSAGE][PASSED] - Object: 'Object Repository/Final Object Repo/New Registration - Registration Module Pages/Form 1/SOCSO Office Location - Pejabat PERKESO Negeri Johor' is clicked on

2018-12-10 17:52:06 - [TEST_STEP][PASSED] - delay: Delayed 1 second(s)

2018-12-10 17:52:07 - [MESSAGE][PASSED] - Delayed 1 second(s)

2018-12-10 17:52:07 - [TEST_STEP][PASSED] - check: Object 'Object Repository/Final Object Repo/New Registration - Registration Module Pages/Form 1/Indusrty Address Same As Postal Address' is checked

2018-12-10 17:52:07 - [MESSAGE][PASSED] - Object 'Object Repository/Final Object Repo/New Registration - Registration Module Pages/Form 1/Indusrty Address Same As Postal Address' is checked

2018-12-10 17:52:07 - [TEST_STEP][PASSED] - delay: Delayed 3 second(s)

2018-12-10 17:52:10 - [MESSAGE][PASSED] - Delayed 3 second(s)

2018-12-10 17:52:10 - [TEST_STEP][PASSED] - click: Object: 'Object Repository/Final Object Repo/New Registration - Registration Module Pages/Form 1/Indusry Address Same As Postal Address False' is clicked on

2018-12-10 17:52:10 - [MESSAGE][PASSED] - Object: 'Object Repository/Final Object Repo/New Registration - Registration Module Pages/Form 1/Indusry Address Same As Postal Address False' is clicked on

2018-12-10 17:52:10 - [TEST_STEP][PASSED] - delay: Delayed 1 second(s)

2018-12-10 17:52:11 - [MESSAGE][PASSED] - Delayed 1 second(s)

2018-12-10 17:52:11 - [TEST_STEP][PASSED] - setText: Text 'perkeso1' is set on object 'Object Repository/Final Object Repo/New Registration - Registration Module Pages/Form 1/Industry Address1'

2018-12-10 17:52:11 - [MESSAGE][PASSED] - Text 'perkeso1' is set on object 'Object Repository/Final Object Repo/New Registration - Registration Module Pages/Form 1/Industry Address1'

2018-12-10 17:52:11 - [TEST_STEP][PASSED] - setText: Text 'perkeso2' is set on object 'Object Repository/Final Object Repo/New Registration - Registration Module Pages/Form 1/Industry Address2'

2018-12-10 17:52:12 - [MESSAGE][PASSED] - Text 'perkeso2' is set on object 'Object Repository/Final Object Repo/New Registration - Registration Module Pages/Form 1/Industry Address2'

2018-12-10 17:52:12 - [TEST_STEP][PASSED] - setText: Text 'perkeso3' is set on object 'Object Repository/Final Object Repo/New Registration - Registration Module Pages/Form 1/Industry Address3'

2018-12-10 17:52:12 - [MESSAGE][PASSED] - Text 'perkeso3' is set on object 'Object Repository/Final Object Repo/New Registration - Registration Module Pages/Form 1/Industry Address3'

2018-12-10 17:52:12 - [TEST_STEP][PASSED] - click: Object: 'Object Repository/Final Object Repo/New Registration - Registration Module Pages/Form 1/Industry State' is clicked on

2018-12-10 17:52:12 - [MESSAGE][PASSED] - Object: 'Object Repository/Final Object Repo/New Registration - Registration Module Pages/Form 1/Industry State' is clicked on

2018-12-10 17:52:12 - [TEST_STEP][PASSED] - delay: Delayed 2 second(s)

2018-12-10 17:52:14 - [MESSAGE][PASSED] - Delayed 2 second(s)

2018-12-10 17:52:14 - [TEST_STEP][PASSED] - click: Object: 'Object Repository/Final Object Repo/New Registration - Registration Module Pages/Form 1/Industry State - Johor' is clicked on

2018-12-10 17:52:14 - [MESSAGE][PASSED] - Object: 'Object Repository/Final Object Repo/New Registration - Registration Module Pages/Form 1/Industry State - Johor' is clicked on

2018-12-10 17:52:14 - [TEST_STEP][PASSED] - delay: Delayed 2 second(s)

2018-12-10 17:52:16 - [MESSAGE][PASSED] - Delayed 2 second(s)

2018-12-10 17:52:16 - [TEST_STEP][PASSED] - click: Object: 'Object Repository/Final Object Repo/New Registration - Registration Module Pages/Form 1/Industry Ciry' is clicked on

2018-12-10 17:52:17 - [MESSAGE][PASSED] - Object: 'Object Repository/Final Object Repo/New Registration - Registration Module Pages/Form 1/Industry Ciry' is clicked on

2018-12-10 17:52:17 - [TEST_STEP][PASSED] - setText: Text 'joh' is set on object 'Object Repository/Final Object Repo/New Registration - Registration Module Pages/Form 1/Industry Ciry - joh'

2018-12-10 17:52:17 - [MESSAGE][PASSED] - Text 'joh' is set on object 'Object Repository/Final Object Repo/New Registration - Registration Module Pages/Form 1/Industry Ciry - joh'

2018-12-10 17:52:17 - [TEST_STEP][PASSED] - delay: Delayed 2 second(s)

2018-12-10 17:52:19 - [MESSAGE][PASSED] - Delayed 2 second(s)

2018-12-10 17:52:19 - [TEST_STEP][PASSED] - click: Object: 'Object Repository/Final Object Repo/New Registration - Registration Module Pages/Form 1/Industy State - Johor Bharu' is clicked on

2018-12-10 17:52:19 - [MESSAGE][PASSED] - Object: 'Object Repository/Final Object Repo/New Registration - Registration Module Pages/Form 1/Industy State - Johor Bharu' is clicked on

2018-12-10 17:52:19 - [TEST_STEP][PASSED] - delay: Delayed 1 second(s)

2018-12-10 17:52:20 - [MESSAGE][PASSED] - Delayed 1 second(s)

2018-12-10 17:52:20 - [TEST_STEP][PASSED] - click: Object: 'Object Repository/Final Object Repo/New Registration - Registration Module Pages/Form 1/Indusry PostCode' is clicked on

2018-12-10 17:52:20 - [MESSAGE][PASSED] - Object: 'Object Repository/Final Object Repo/New Registration - Registration Module Pages/Form 1/Indusry PostCode' is clicked on

2018-12-10 17:52:20 - [TEST_STEP][PASSED] - delay: Delayed 1 second(s)

2018-12-10 17:52:21 - [MESSAGE][PASSED] - Delayed 1 second(s)

2018-12-10 17:52:21 - [TEST_STEP][PASSED] - setText: Text '810' is set on object 'Object Repository/Final Object Repo/New Registration - Registration Module Pages/Form 1/Insutry Post Code - 810'

2018-12-10 17:52:21 - [MESSAGE][PASSED] - Text '810' is set on object 'Object Repository/Final Object Repo/New Registration - Registration Module Pages/Form 1/Insutry Post Code - 810'

2018-12-10 17:52:21 - [TEST_STEP][PASSED] - delay: Delayed 1 second(s)

2018-12-10 17:52:22 - [MESSAGE][PASSED] - Delayed 1 second(s)

2018-12-10 17:52:22 - [TEST_STEP][PASSED] - click: Object: 'Object Repository/Final Object Repo/New Registration - Registration Module Pages/Form 1/Insutry Post Code - 81000' is clicked on

2018-12-10 17:52:23 - [MESSAGE][PASSED] - Object: 'Object Repository/Final Object Repo/New Registration - Registration Module Pages/Form 1/Insutry Post Code - 81000' is clicked on

2018-12-10 17:52:23 - [TEST_STEP][PASSED] - delay: Delayed 1 second(s)

2018-12-10 17:52:24 - [MESSAGE][PASSED] - Delayed 1 second(s)

2018-12-10 17:52:24 - [TEST_STEP][PASSED] - setText: Text '100' is set on object 'Object Repository/Final Object Repo/New Registration - Registration Module Pages/Form 1/Industry P.O.BOX'

2018-12-10 17:52:24 - [MESSAGE][PASSED] - Text '100' is set on object 'Object Repository/Final Object Repo/New Registration - Registration Module Pages/Form 1/Industry P.O.BOX'

2018-12-10 17:52:24 - [TEST_STEP][PASSED] - setText: Text '100' is set on object 'Object Repository/Final Object Repo/New Registration - Registration Module Pages/Form 1/Industry Locked Bag No'

2018-12-10 17:52:24 - [MESSAGE][PASSED] - Text '100' is set on object 'Object Repository/Final Object Repo/New Registration - Registration Module Pages/Form 1/Industry Locked Bag No'

2018-12-10 17:52:24 - [TEST_STEP][PASSED] - setText: Text '123456789' is set on object 'Object Repository/Final Object Repo/New Registration - Registration Module Pages/Form 1/Telephone No'

2018-12-10 17:52:25 - [MESSAGE][PASSED] - Text '123456789' is set on object 'Object Repository/Final Object Repo/New Registration - Registration Module Pages/Form 1/Telephone No'

2018-12-10 17:52:25 - [TEST_STEP][PASSED] - setText: Text '123456789' is set on object 'Object Repository/Final Object Repo/New Registration - Registration Module Pages/Form 1/Mobile No'

2018-12-10 17:52:25 - [MESSAGE][PASSED] - Text '123456789' is set on object 'Object Repository/Final Object Repo/New Registration - Registration Module Pages/Form 1/Mobile No'

2018-12-10 17:52:25 - [TEST_STEP][PASSED] - setText: Text '123456789' is set on object 'Object Repository/Final Object Repo/New Registration - Registration Module Pages/Form 1/Fax No'

2018-12-10 17:52:25 - [MESSAGE][PASSED] - Text '123456789' is set on object 'Object Repository/Final Object Repo/New Registration - Registration Module Pages/Form 1/Fax No'

2018-12-10 17:52:25 - [TEST_STEP][PASSED] - click: Object: 'Object Repository/Final Object Repo/New Registration - Registration Module Pages/Form 1/Industry Code' is clicked on

2018-12-10 17:52:25 - [MESSAGE][PASSED] - Object: 'Object Repository/Final Object Repo/New Registration - Registration Module Pages/Form 1/Industry Code' is clicked on

2018-12-10 17:52:25 - [TEST_STEP][PASSED] - click: Object: 'Object Repository/Final Object Repo/New Registration - Registration Module Pages/Form 1/Indudustry Code - Crops and Animal' is clicked on

2018-12-10 17:52:26 - [MESSAGE][PASSED] - Object: 'Object Repository/Final Object Repo/New Registration - Registration Module Pages/Form 1/Indudustry Code - Crops and Animal' is clicked on

2018-12-10 17:52:26 - [TEST_STEP][PASSED] - delay: Delayed 1 second(s)

2018-12-10 17:52:27 - [MESSAGE][PASSED] - Delayed 1 second(s)

2018-12-10 17:52:27 - [TEST_STEP][PASSED] - click: Object: 'Object Repository/Final Object Repo/New Registration - Registration Module Pages/Form 1/Sub Industry Code List' is clicked on

2018-12-10 17:52:27 - [MESSAGE][PASSED] - Object: 'Object Repository/Final Object Repo/New Registration - Registration Module Pages/Form 1/Sub Industry Code List' is clicked on

2018-12-10 17:52:27 - [TEST_STEP][PASSED] - click: Object: 'Object Repository/Final Object Repo/New Registration - Registration Module Pages/Form 1/Sub Industry Code List - Growing of Maize' is clicked on

2018-12-10 17:52:27 - [MESSAGE][PASSED] - Object: 'Object Repository/Final Object Repo/New Registration - Registration Module Pages/Form 1/Sub Industry Code List - Growing of Maize' is clicked on

2018-12-10 17:52:27 - [TEST_STEP][PASSED] - setText: Text 'perkeso123@gmail.com' is set on object 'Object Repository/Final Object Repo/New Registration - Registration Module Pages/Form 1/Email'

2018-12-10 17:52:28 - [MESSAGE][PASSED] - Text 'perkeso123@gmail.com' is set on object 'Object Repository/Final Object Repo/New Registration - Registration Module Pages/Form 1/Email'

2018-12-10 17:52:28 - [TEST_STEP][PASSED] - click: Object: 'Object Repository/Final Object Repo/New Registration - Registration Module Pages/Form 1/Method of Contribution Payment' is clicked on

2018-12-10 17:52:28 - [MESSAGE][PASSED] - Object: 'Object Repository/Final Object Repo/New Registration - Registration Module Pages/Form 1/Method of Contribution Payment' is clicked on

2018-12-10 17:52:28 - [TEST_STEP][PASSED] - click: Object: 'Object Repository/Final Object Repo/New Registration - Registration Module Pages/Form 1/Method of Contribution Payment - Portal' is clicked on

2018-12-10 17:52:28 - [MESSAGE][PASSED] - Object: 'Object Repository/Final Object Repo/New Registration - Registration Module Pages/Form 1/Method of Contribution Payment - Portal' is clicked on

2018-12-10 17:52:28 - [TEST_STEP][PASSED] - click: Object: 'Object Repository/Final Object Repo/New Registration - Registration Module Pages/Form 1/Servide Type' is clicked on

2018-12-10 17:52:28 - [MESSAGE][PASSED] - Object: 'Object Repository/Final Object Repo/New Registration - Registration Module Pages/Form 1/Servide Type' is clicked on

2018-12-10 17:52:28 - [TEST_STEP][PASSED] - click: Object: 'Object Repository/Final Object Repo/New Registration - Registration Module Pages/Form 1/Servide Type - Professional Bodies' is clicked on

2018-12-10 17:52:29 - [MESSAGE][PASSED] - Object: 'Object Repository/Final Object Repo/New Registration - Registration Module Pages/Form 1/Servide Type - Professional Bodies' is clicked on

2018-12-10 17:52:29 - [TEST_STEP][PASSED] - click: Object: 'Object Repository/Final Object Repo/New Registration - Registration Module Pages/Form 1/Industry Venue' is clicked on

2018-12-10 17:52:29 - [MESSAGE][PASSED] - Object: 'Object Repository/Final Object Repo/New Registration - Registration Module Pages/Form 1/Industry Venue' is clicked on

2018-12-10 17:52:29 - [TEST_STEP][PASSED] - click: Object: 'Object Repository/Final Object Repo/New Registration - Registration Module Pages/Form 1/Industry Venue -  PPN JOHOR' is clicked on

2018-12-10 17:52:29 - [MESSAGE][PASSED] - Object: 'Object Repository/Final Object Repo/New Registration - Registration Module Pages/Form 1/Industry Venue -  PPN JOHOR' is clicked on

2018-12-10 17:52:29 - [TEST_STEP][PASSED] - click: Object: 'Object Repository/Final Object Repo/New Registration - Registration Module Pages/Form 1/Save  Continue' is clicked on

2018-12-10 17:52:29 - [MESSAGE][PASSED] - Object: 'Object Repository/Final Object Repo/New Registration - Registration Module Pages/Form 1/Save  Continue' is clicked on

2018-12-10 17:52:29 - [MESSAGE][PASSED] - Call Test Case 'Test Cases/Final Aug 2018 - PKS Automation/Registration Module/New Registration/Form 1/Form 1 - Partnership - Not Registered' successfully

2018-12-10 17:52:29 - [TEST_STEP][PASSED] - callTestCase: Call Test Case 'Test Cases/Final Aug 2018 - PKS Automation/Registration Module/New Registration/Form 2/Add 2 Eligible 2 Not Eligible' successfully

2018-12-10 17:52:29 - [TEST_CASE][PASSED] - Test Cases/Final Aug 2018 - PKS Automation/Registration Module/New Registration/Form 2/Add 2 Eligible 2 Not Eligible: Test Cases/Final Aug 2018 - PKS Automation/Registration Module/New Registration/Form 2/Add 2 Eligible 2 Not Eligible

2018-12-10 17:52:29 - [TEST_STEP][PASSED] - delay: Delayed 2 second(s)

2018-12-10 17:52:31 - [MESSAGE][PASSED] - Delayed 2 second(s)

2018-12-10 17:52:31 - [TEST_STEP][PASSED] - callTestCase: Call Test Case 'Test Cases/Final Aug 2018 - PKS Automation/Registration Module/New Registration/Form 2/Date Updater' successfully

2018-12-10 17:52:31 - [TEST_CASE][PASSED] - Test Cases/Final Aug 2018 - PKS Automation/Registration Module/New Registration/Form 2/Date Updater: Test Cases/Final Aug 2018 - PKS Automation/Registration Module/New Registration/Form 2/Date Updater

2018-12-10 17:52:31 - [TEST_STEP][PASSED] - Statement - TodayDate = new java.util.Date(): null

2018-12-10 17:52:31 - [TEST_STEP][PASSED] - Statement - CurrentDateNoFilter = new java.text.SimpleDateFormat(): null

2018-12-10 17:52:31 - [TEST_STEP][PASSED] - Statement - CurrentDateNoFilter.applyPattern("MM"): null

2018-12-10 17:52:31 - [TEST_STEP][PASSED] - Statement - monthContainerMatcher = java.lang.Integer.parseInt(CurrentDateNoFilter.format(TodayDate)): null

2018-12-10 17:52:31 - [TEST_STEP][PASSED] - Statement - monthContainerMatcher = monthContainerMatcher - 1: null

2018-12-10 17:52:31 - [TEST_STEP][PASSED] - Statement - CurrentMonth = monthContainerMatcher.toString(): null

2018-12-10 17:52:31 - [TEST_STEP][PASSED] - Statement - CurrentMonth = CurrentMonth: null

2018-12-10 17:52:31 - [TEST_STEP][PASSED] - Statement - CurrentDateNoFilter.applyPattern("yyyy"): null

2018-12-10 17:52:31 - [TEST_STEP][PASSED] - Statement - CurrentYear = CurrentDateNoFilter.format(TodayDate): null

2018-12-10 17:52:31 - [TEST_STEP][PASSED] - Statement - CurrentYear = CurrentYear: null

2018-12-10 17:52:31 - [TEST_STEP][PASSED] - Statement - intCurrentYear = java.lang.Integer.parseInt(CurrentDateNoFilter.format(TodayDate)): null

2018-12-10 17:52:31 - [TEST_STEP][PASSED] - Statement - eighteenYrsAgo = intCurrentYear - 18: null

2018-12-10 17:52:31 - [TEST_STEP][PASSED] - Statement - eighteenYrsBeforeThisYr = eighteenYrsAgo.toString(): null

2018-12-10 17:52:31 - [TEST_STEP][PASSED] - Statement - EighteenYrsBefore = eighteenYrsBeforeThisYr: null

2018-12-10 17:52:31 - [TEST_STEP][PASSED] - Statement - fiftysevenYrsAgo = intCurrentYear - 57: null

2018-12-10 17:52:31 - [TEST_STEP][PASSED] - Statement - fiftysevenYrsBeforeThisYr = fiftysevenYrsAgo.toString(): null

2018-12-10 17:52:31 - [TEST_STEP][PASSED] - Statement - FiftysevenYrsBefore = fiftysevenYrsBeforeThisYr: null

2018-12-10 17:52:31 - [TEST_STEP][PASSED] - Statement - leapYear = false: null

2018-12-10 17:52:31 - [TEST_STEP][PASSED] - Statement - leapYear = intCurrentYear % 4 == 0: null

2018-12-10 17:52:31 - [TEST_STEP][PASSED] - Statement - CurrentDateNoFilter.applyPattern("dd"): null

2018-12-10 17:52:31 - [TEST_STEP][PASSED] - Statement - CurrentDate = CurrentDateNoFilter.format(TodayDate): null

2018-12-10 17:52:31 - [TEST_STEP][PASSED] - Statement - CurrentDate = java.lang.Integer.parseInt(CurrentDate): null

2018-12-10 17:52:31 - [TEST_STEP][PASSED] - Statement - CurrentDate = CurrentDate: null

2018-12-10 17:52:31 - [TEST_STEP][PASSED] - Statement - CurrentDay = java.lang.Integer.parseInt(CurrentDate): null

2018-12-10 17:52:31 - [TEST_STEP][PASSED] - Statement - ConfAdder = <not implemented yet for class: org.codehaus.groovy.ast.expr.EmptyExpression>: null

2018-12-10 17:52:31 - [TEST_STEP][PASSED] - Statement - out.println(CurrentMonth): null

2018-12-10 17:52:31 - [TEST_STEP][PASSED] - Statement - out.println(CurrentDate): null

2018-12-10 17:52:31 - [TEST_STEP][PASSED] - Statement - switch (CurrentDate): null

2018-12-10 17:52:31 - [TEST_STEP][PASSED] - Statement - Default: null

2018-12-10 17:52:31 - [TEST_STEP][PASSED] - Statement - ConfAdder = true: null

2018-12-10 17:52:31 - [TEST_STEP][PASSED] - Statement - Break: null

2018-12-10 17:52:31 - [TEST_STEP][PASSED] - Statement - aDayBefore = <not implemented yet for class: org.codehaus.groovy.ast.expr.EmptyExpression>: null

2018-12-10 17:52:31 - [TEST_STEP][PASSED] - Statement - out.println(ConfAdder): null

2018-12-10 17:52:31 - [TEST_STEP][PASSED] - Statement - If (ConfAdder == true): null

2018-12-10 17:52:31 - [TEST_STEP][PASSED] - Statement - aDayBefore = CurrentDay + 1: null

2018-12-10 17:52:31 - [TEST_STEP][PASSED] - Statement - out.println(aDayBefore): null

2018-12-10 17:52:31 - [TEST_STEP][PASSED] - Statement - If (aDayBefore == 1 && CurrentMonth == 11): null

2018-12-10 17:52:31 - [TEST_STEP][PASSED] - Statement - DayBefore = aDayBefore.toString(): null

2018-12-10 17:52:31 - [TEST_STEP][PASSED] - Statement - OneDayBefore = DayBefore: null

2018-12-10 17:52:31 - [MESSAGE][PASSED] - Call Test Case 'Test Cases/Final Aug 2018 - PKS Automation/Registration Module/New Registration/Form 2/Date Updater' successfully

2018-12-10 17:52:31 - [TEST_STEP][PASSED] - delay: Delayed 1 second(s)

2018-12-10 17:52:32 - [MESSAGE][PASSED] - Delayed 1 second(s)

2018-12-10 17:52:32 - [TEST_STEP][PASSED] - Statement - CaseReferenceNo = com.kms.katalon.core.webui.keyword.WebUiBuiltInKeywords.getText(com.kms.katalon.core.testobject.ObjectRepository.findTestObject(Final Object Repo/New Registration - Registration Module Pages/Form 2/RefNo Acquiring)): Text of object 'Object Repository/Final Object Repo/New Registration - Registration Module Pages/Form 2/RefNo Acquiring' is: 'CRN12201800123139'

2018-12-10 17:52:32 - [MESSAGE][PASSED] - Text of object 'Object Repository/Final Object Repo/New Registration - Registration Module Pages/Form 2/RefNo Acquiring' is: 'CRN12201800123139'

2018-12-10 17:52:32 - [TEST_STEP][PASSED] - delay: Delayed 1 second(s)

2018-12-10 17:52:33 - [MESSAGE][PASSED] - Delayed 1 second(s)

2018-12-10 17:52:33 - [TEST_STEP][PASSED] - click: Object: 'Object Repository/Final Object Repo/New Registration - Registration Module Pages/Form 2/Add Employee Button' is clicked on

2018-12-10 17:52:34 - [MESSAGE][PASSED] - Object: 'Object Repository/Final Object Repo/New Registration - Registration Module Pages/Form 2/Add Employee Button' is clicked on

2018-12-10 17:52:34 - [TEST_STEP][PASSED] - delay: Delayed 4 second(s)

2018-12-10 17:52:38 - [MESSAGE][PASSED] - Delayed 4 second(s)

2018-12-10 17:52:38 - [TEST_STEP][PASSED] - setText: Text '010903091927' is set on object 'Object Repository/Final Object Repo/New Registration - Registration Module Pages/Form 2/NRIC Input'

2018-12-10 17:52:38 - [MESSAGE][PASSED] - Text '010903091927' is set on object 'Object Repository/Final Object Repo/New Registration - Registration Module Pages/Form 2/NRIC Input'

2018-12-10 17:52:38 - [TEST_STEP][PASSED] - click: Object: 'Object Repository/Final Object Repo/New Registration - Registration Module Pages/Form 2/button for search for IC' is clicked on

2018-12-10 17:52:38 - [MESSAGE][PASSED] - Object: 'Object Repository/Final Object Repo/New Registration - Registration Module Pages/Form 2/button for search for IC' is clicked on

2018-12-10 17:52:38 - [TEST_STEP][PASSED] - delay: Delayed 2 second(s)

2018-12-10 17:52:40 - [MESSAGE][PASSED] - Delayed 2 second(s)

2018-12-10 17:52:40 - [TEST_STEP][PASSED] - setText: Text 'Automate001 eligible 1' is set on object 'Object Repository/Final Object Repo/New Registration - Registration Module Pages/Form 2/Employee Name Input'

2018-12-10 17:52:41 - [MESSAGE][PASSED] - Text 'Automate001 eligible 1' is set on object 'Object Repository/Final Object Repo/New Registration - Registration Module Pages/Form 2/Employee Name Input'

2018-12-10 17:52:41 - [TEST_STEP][PASSED] - delay: Delayed 2 second(s)

2018-12-10 17:52:43 - [MESSAGE][PASSED] - Delayed 2 second(s)

2018-12-10 17:52:43 - [TEST_STEP][PASSED] - click: Object: 'Object Repository/Final Object Repo/New Registration - Registration Module Pages/Form 2/DatePicker Pop Up' is clicked on

2018-12-10 17:52:43 - [MESSAGE][PASSED] - Object: 'Object Repository/Final Object Repo/New Registration - Registration Module Pages/Form 2/DatePicker Pop Up' is clicked on

2018-12-10 17:52:43 - [TEST_STEP][PASSED] - click: Object: 'Object Repository/Final Object Repo/New Registration - Registration Module Pages/Form 2/DOB Month' is clicked on

2018-12-10 17:52:43 - [MESSAGE][PASSED] - Object: 'Object Repository/Final Object Repo/New Registration - Registration Module Pages/Form 2/DOB Month' is clicked on

2018-12-10 17:52:43 - [TEST_STEP][PASSED] - Statement - CurrentMonth = CurrentMonth: null

2018-12-10 17:52:43 - [TEST_STEP][PASSED] - Statement - selectMonth = new com.kms.katalon.core.testobject.TestObject(): null

2018-12-10 17:52:43 - [TEST_STEP][PASSED] - Statement - selectMonth.addProperty("xpath", EQUALS, "//body/div/div/div/select/option[@value='" + CurrentMonth + "']", true): null

2018-12-10 17:52:43 - [TEST_STEP][PASSED] - click: Object: '' is clicked on

2018-12-10 17:52:43 - [MESSAGE][PASSED] - Object: '' is clicked on

2018-12-10 17:52:43 - [TEST_STEP][PASSED] - click: Object: 'Object Repository/Final Object Repo/New Registration - Registration Module Pages/Form 2/DOB Year' is clicked on

2018-12-10 17:52:43 - [MESSAGE][PASSED] - Object: 'Object Repository/Final Object Repo/New Registration - Registration Module Pages/Form 2/DOB Year' is clicked on

2018-12-10 17:52:43 - [TEST_STEP][PASSED] - Statement - Eyearsbf = EighteenYrsBefore: null

2018-12-10 17:52:43 - [TEST_STEP][PASSED] - Statement - selectYear = new com.kms.katalon.core.testobject.TestObject(): null

2018-12-10 17:52:43 - [TEST_STEP][PASSED] - Statement - selectYear.addProperty("xpath", EQUALS, "//div/div/div/select/option[@value='" + Eyearsbf + "']", true): null

2018-12-10 17:52:43 - [TEST_STEP][PASSED] - click: Object: '' is clicked on

2018-12-10 17:52:43 - [MESSAGE][PASSED] - Object: '' is clicked on

2018-12-10 17:52:43 - [TEST_STEP][PASSED] - Statement - UpdatedSelectDate = com.kms.katalon.core.webui.keyword.WebUiBuiltInKeywords.modifyObjectProperty(com.kms.katalon.core.testobject.ObjectRepository.findTestObject(Final Object Repo/New Registration - Registration Module Pages/Form 2/DOB Date), "xpath", "equals", "//body/div/table/tbody/tr/td/a[text()="" + CurrentDate + ""]", true): Modify property of object successfully

2018-12-10 17:52:43 - [MESSAGE][PASSED] - Modify property of object successfully

2018-12-10 17:52:43 - [TEST_STEP][PASSED] - delay: Delayed 3 second(s)

2018-12-10 17:52:46 - [MESSAGE][PASSED] - Delayed 3 second(s)

2018-12-10 17:52:46 - [TEST_STEP][PASSED] - click: Object: 'Object Repository/Final Object Repo/New Registration - Registration Module Pages/Form 2/DOB Date' is clicked on

2018-12-10 17:52:47 - [MESSAGE][PASSED] - Object: 'Object Repository/Final Object Repo/New Registration - Registration Module Pages/Form 2/DOB Date' is clicked on

2018-12-10 17:52:47 - [TEST_STEP][PASSED] - delay: Delayed 2 second(s)

2018-12-10 17:52:49 - [MESSAGE][PASSED] - Delayed 2 second(s)

2018-12-10 17:52:49 - [TEST_STEP][PASSED] - click: Object: 'Object Repository/Final Object Repo/New Registration - Registration Module Pages/Form 2/EmploymentStartDate Pop Up' is clicked on

2018-12-10 17:52:49 - [MESSAGE][PASSED] - Object: 'Object Repository/Final Object Repo/New Registration - Registration Module Pages/Form 2/EmploymentStartDate Pop Up' is clicked on

2018-12-10 17:52:49 - [TEST_STEP][PASSED] - delay: Delayed 2 second(s)

2018-12-10 17:52:51 - [MESSAGE][PASSED] - Delayed 2 second(s)

2018-12-10 17:52:51 - [TEST_STEP][PASSED] - click: Object: 'Object Repository/Final Object Repo/New Registration - Registration Module Pages/Form 2/Socso Employment StartDate Month' is clicked on

2018-12-10 17:52:51 - [MESSAGE][PASSED] - Object: 'Object Repository/Final Object Repo/New Registration - Registration Module Pages/Form 2/Socso Employment StartDate Month' is clicked on

2018-12-10 17:52:51 - [TEST_STEP][PASSED] - delay: Delayed 1 second(s)

2018-12-10 17:52:52 - [MESSAGE][PASSED] - Delayed 1 second(s)

2018-12-10 17:52:52 - [TEST_STEP][PASSED] - click: Object: 'Object Repository/Final Object Repo/New Registration - Registration Module Pages/Form 2/Select Socso Employement Startdate Month' is clicked on

2018-12-10 17:52:52 - [MESSAGE][PASSED] - Object: 'Object Repository/Final Object Repo/New Registration - Registration Module Pages/Form 2/Select Socso Employement Startdate Month' is clicked on

2018-12-10 17:52:52 - [TEST_STEP][PASSED] - delay: Delayed 2 second(s)

2018-12-10 17:52:54 - [MESSAGE][PASSED] - Delayed 2 second(s)

2018-12-10 17:52:54 - [TEST_STEP][PASSED] - click: Object: 'Object Repository/Final Object Repo/New Registration - Registration Module Pages/Form 2/Socso Employment StartDate Year' is clicked on

2018-12-10 17:52:54 - [MESSAGE][PASSED] - Object: 'Object Repository/Final Object Repo/New Registration - Registration Module Pages/Form 2/Socso Employment StartDate Year' is clicked on

2018-12-10 17:52:54 - [TEST_STEP][PASSED] - delay: Delayed 1 second(s)

2018-12-10 17:52:55 - [MESSAGE][PASSED] - Delayed 1 second(s)

2018-12-10 17:52:55 - [TEST_STEP][PASSED] - click: Object: 'Object Repository/Final Object Repo/New Registration - Registration Module Pages/Form 2/Select Socso Employment Startdate Year' is clicked on

2018-12-10 17:52:55 - [MESSAGE][PASSED] - Object: 'Object Repository/Final Object Repo/New Registration - Registration Module Pages/Form 2/Select Socso Employment Startdate Year' is clicked on

2018-12-10 17:52:55 - [TEST_STEP][PASSED] - delay: Delayed 2 second(s)

2018-12-10 17:52:57 - [MESSAGE][PASSED] - Delayed 2 second(s)

2018-12-10 17:52:57 - [TEST_STEP][PASSED] - click: Object: 'Object Repository/Final Object Repo/New Registration - Registration Module Pages/Form 2/Socso Employment Start Date Day' is clicked on

2018-12-10 17:52:58 - [MESSAGE][PASSED] - Object: 'Object Repository/Final Object Repo/New Registration - Registration Module Pages/Form 2/Socso Employment Start Date Day' is clicked on

2018-12-10 17:52:58 - [TEST_STEP][PASSED] - delay: Delayed 2 second(s)

2018-12-10 17:53:00 - [MESSAGE][PASSED] - Delayed 2 second(s)

2018-12-10 17:53:00 - [TEST_STEP][PASSED] - click: Object: 'Object Repository/Final Object Repo/New Registration - Registration Module Pages/Form 2/Save Button for Add Employee' is clicked on

2018-12-10 17:53:00 - [MESSAGE][PASSED] - Object: 'Object Repository/Final Object Repo/New Registration - Registration Module Pages/Form 2/Save Button for Add Employee' is clicked on

2018-12-10 17:53:00 - [TEST_STEP][PASSED] - delay: Delayed 6 second(s)

2018-12-10 17:53:06 - [MESSAGE][PASSED] - Delayed 6 second(s)

2018-12-10 17:53:06 - [TEST_STEP][PASSED] - click: Object: 'Object Repository/Final Object Repo/New Registration - Registration Module Pages/Form 2/Add Employee Button' is clicked on

2018-12-10 17:53:06 - [MESSAGE][PASSED] - Object: 'Object Repository/Final Object Repo/New Registration - Registration Module Pages/Form 2/Add Employee Button' is clicked on

2018-12-10 17:53:06 - [TEST_STEP][PASSED] - delay: Delayed 4 second(s)

2018-12-10 17:53:10 - [MESSAGE][PASSED] - Delayed 4 second(s)

2018-12-10 17:53:10 - [TEST_STEP][PASSED] - setText: Text '620904059691' is set on object 'Object Repository/Final Object Repo/New Registration - Registration Module Pages/Form 2/NRIC Input'

2018-12-10 17:53:10 - [MESSAGE][PASSED] - Text '620904059691' is set on object 'Object Repository/Final Object Repo/New Registration - Registration Module Pages/Form 2/NRIC Input'

2018-12-10 17:53:10 - [TEST_STEP][PASSED] - click: Object: 'Object Repository/Final Object Repo/New Registration - Registration Module Pages/Form 2/button for search for IC' is clicked on

2018-12-10 17:53:10 - [MESSAGE][PASSED] - Object: 'Object Repository/Final Object Repo/New Registration - Registration Module Pages/Form 2/button for search for IC' is clicked on

2018-12-10 17:53:10 - [TEST_STEP][PASSED] - delay: Delayed 2 second(s)

2018-12-10 17:53:12 - [MESSAGE][PASSED] - Delayed 2 second(s)

2018-12-10 17:53:12 - [TEST_STEP][PASSED] - setText: Text 'Automate001 eligible 2' is set on object 'Object Repository/Final Object Repo/New Registration - Registration Module Pages/Form 2/Employee Name Input'

2018-12-10 17:53:13 - [MESSAGE][PASSED] - Text 'Automate001 eligible 2' is set on object 'Object Repository/Final Object Repo/New Registration - Registration Module Pages/Form 2/Employee Name Input'

2018-12-10 17:53:13 - [TEST_STEP][PASSED] - delay: Delayed 2 second(s)

2018-12-10 17:53:15 - [MESSAGE][PASSED] - Delayed 2 second(s)

2018-12-10 17:53:15 - [TEST_STEP][PASSED] - click: Object: 'Object Repository/Final Object Repo/New Registration - Registration Module Pages/Form 2/DatePicker Pop Up' is clicked on

2018-12-10 17:53:15 - [MESSAGE][PASSED] - Object: 'Object Repository/Final Object Repo/New Registration - Registration Module Pages/Form 2/DatePicker Pop Up' is clicked on

2018-12-10 17:53:15 - [TEST_STEP][PASSED] - delay: Delayed 2 second(s)

2018-12-10 17:53:17 - [MESSAGE][PASSED] - Delayed 2 second(s)

2018-12-10 17:53:17 - [TEST_STEP][PASSED] - click: Object: 'Object Repository/Final Object Repo/New Registration - Registration Module Pages/Form 2/DOB Month' is clicked on

2018-12-10 17:53:17 - [MESSAGE][PASSED] - Object: 'Object Repository/Final Object Repo/New Registration - Registration Module Pages/Form 2/DOB Month' is clicked on

2018-12-10 17:53:17 - [TEST_STEP][PASSED] - Statement - selectMonth = com.kms.katalon.core.webui.keyword.WebUiBuiltInKeywords.modifyObjectProperty(selectMonth, "xpath", "equals", "//body/div/div/div/select/option[@value="" + CurrentMonth + ""]", true): Modify property of object successfully

2018-12-10 17:53:17 - [MESSAGE][PASSED] - Modify property of object successfully

2018-12-10 17:53:17 - [TEST_STEP][PASSED] - click: Object: '' is clicked on

2018-12-10 17:53:17 - [MESSAGE][PASSED] - Object: '' is clicked on

2018-12-10 17:53:17 - [TEST_STEP][PASSED] - click: Object: 'Object Repository/Final Object Repo/New Registration - Registration Module Pages/Form 2/DOB Year' is clicked on

2018-12-10 17:53:18 - [MESSAGE][PASSED] - Object: 'Object Repository/Final Object Repo/New Registration - Registration Module Pages/Form 2/DOB Year' is clicked on

2018-12-10 17:53:18 - [TEST_STEP][PASSED] - Statement - selectYear = com.kms.katalon.core.webui.keyword.WebUiBuiltInKeywords.modifyObjectProperty(selectYear, "xpath", "equals", "//div/div/div/select/option[@value="" + FiftysevenYrsBefore + ""]", true): Modify property of object successfully

2018-12-10 17:53:18 - [MESSAGE][PASSED] - Modify property of object successfully

2018-12-10 17:53:18 - [TEST_STEP][PASSED] - click: Object: '' is clicked on

2018-12-10 17:53:18 - [MESSAGE][PASSED] - Object: '' is clicked on

2018-12-10 17:53:18 - [TEST_STEP][PASSED] - Statement - UpdatedSelectDate = com.kms.katalon.core.webui.keyword.WebUiBuiltInKeywords.modifyObjectProperty(com.kms.katalon.core.testobject.ObjectRepository.findTestObject(Final Object Repo/New Registration - Registration Module Pages/Form 2/DOB Date), "xpath", "equals", "//body/div/table/tbody/tr/td/a[text()="" + OneDayBefore + ""]", true): Modify property of object successfully

2018-12-10 17:53:18 - [MESSAGE][PASSED] - Modify property of object successfully

2018-12-10 17:53:18 - [TEST_STEP][PASSED] - click: Object: 'Object Repository/Final Object Repo/New Registration - Registration Module Pages/Form 2/DOB Date' is clicked on

2018-12-10 17:53:18 - [MESSAGE][PASSED] - Object: 'Object Repository/Final Object Repo/New Registration - Registration Module Pages/Form 2/DOB Date' is clicked on

2018-12-10 17:53:18 - [TEST_STEP][PASSED] - delay: Delayed 2 second(s)

2018-12-10 17:53:20 - [MESSAGE][PASSED] - Delayed 2 second(s)

2018-12-10 17:53:20 - [TEST_STEP][PASSED] - click: Object: 'Object Repository/Final Object Repo/New Registration - Registration Module Pages/Form 2/EmploymentStartDate Pop Up' is clicked on

2018-12-10 17:53:20 - [MESSAGE][PASSED] - Object: 'Object Repository/Final Object Repo/New Registration - Registration Module Pages/Form 2/EmploymentStartDate Pop Up' is clicked on

2018-12-10 17:53:20 - [TEST_STEP][PASSED] - delay: Delayed 2 second(s)

2018-12-10 17:53:22 - [MESSAGE][PASSED] - Delayed 2 second(s)

2018-12-10 17:53:22 - [TEST_STEP][PASSED] - click: Object: 'Object Repository/Final Object Repo/New Registration - Registration Module Pages/Form 2/Socso Employment StartDate Month' is clicked on

2018-12-10 17:53:22 - [MESSAGE][PASSED] - Object: 'Object Repository/Final Object Repo/New Registration - Registration Module Pages/Form 2/Socso Employment StartDate Month' is clicked on

2018-12-10 17:53:22 - [TEST_STEP][PASSED] - delay: Delayed 1 second(s)

2018-12-10 17:53:23 - [MESSAGE][PASSED] - Delayed 1 second(s)

2018-12-10 17:53:23 - [TEST_STEP][PASSED] - click: Object: 'Object Repository/Final Object Repo/New Registration - Registration Module Pages/Form 2/Select Socso Employement Startdate Month' is clicked on

2018-12-10 17:53:23 - [MESSAGE][PASSED] - Object: 'Object Repository/Final Object Repo/New Registration - Registration Module Pages/Form 2/Select Socso Employement Startdate Month' is clicked on

2018-12-10 17:53:23 - [TEST_STEP][PASSED] - delay: Delayed 2 second(s)

2018-12-10 17:53:25 - [MESSAGE][PASSED] - Delayed 2 second(s)

2018-12-10 17:53:25 - [TEST_STEP][PASSED] - click: Object: 'Object Repository/Final Object Repo/New Registration - Registration Module Pages/Form 2/Socso Employment StartDate Year' is clicked on

2018-12-10 17:53:26 - [MESSAGE][PASSED] - Object: 'Object Repository/Final Object Repo/New Registration - Registration Module Pages/Form 2/Socso Employment StartDate Year' is clicked on

2018-12-10 17:53:26 - [TEST_STEP][PASSED] - delay: Delayed 1 second(s)

2018-12-10 17:53:27 - [MESSAGE][PASSED] - Delayed 1 second(s)

2018-12-10 17:53:27 - [TEST_STEP][PASSED] - click: Object: 'Object Repository/Final Object Repo/New Registration - Registration Module Pages/Form 2/Select Socso Employment Startdate Year' is clicked on

2018-12-10 17:53:27 - [MESSAGE][PASSED] - Object: 'Object Repository/Final Object Repo/New Registration - Registration Module Pages/Form 2/Select Socso Employment Startdate Year' is clicked on

2018-12-10 17:53:27 - [TEST_STEP][PASSED] - delay: Delayed 2 second(s)

2018-12-10 17:53:29 - [MESSAGE][PASSED] - Delayed 2 second(s)

2018-12-10 17:53:29 - [TEST_STEP][PASSED] - click: Object: 'Object Repository/Final Object Repo/New Registration - Registration Module Pages/Form 2/Socso Employment Start Date Day' is clicked on

2018-12-10 17:53:29 - [MESSAGE][PASSED] - Object: 'Object Repository/Final Object Repo/New Registration - Registration Module Pages/Form 2/Socso Employment Start Date Day' is clicked on

2018-12-10 17:53:29 - [TEST_STEP][PASSED] - delay: Delayed 2 second(s)

2018-12-10 17:53:31 - [MESSAGE][PASSED] - Delayed 2 second(s)

2018-12-10 17:53:31 - [TEST_STEP][PASSED] - click: Object: 'Object Repository/Final Object Repo/New Registration - Registration Module Pages/Form 2/Save Button for Add Employee' is clicked on

2018-12-10 17:53:31 - [MESSAGE][PASSED] - Object: 'Object Repository/Final Object Repo/New Registration - Registration Module Pages/Form 2/Save Button for Add Employee' is clicked on

2018-12-10 17:53:31 - [TEST_STEP][PASSED] - delay: Delayed 4 second(s)

2018-12-10 17:53:35 - [MESSAGE][PASSED] - Delayed 4 second(s)

2018-12-10 17:53:35 - [TEST_STEP][PASSED] - delay: Delayed 30 second(s)

2018-12-10 17:54:05 - [MESSAGE][PASSED] - Delayed 30 second(s)

2018-12-10 17:54:05 - [TEST_STEP][PASSED] - click: Object: 'Object Repository/Final Object Repo/New Registration - Registration Module Pages/Form 2/Add Employee Button' is clicked on

2018-12-10 17:54:05 - [MESSAGE][PASSED] - Object: 'Object Repository/Final Object Repo/New Registration - Registration Module Pages/Form 2/Add Employee Button' is clicked on

2018-12-10 17:54:05 - [TEST_STEP][PASSED] - delay: Delayed 4 second(s)

2018-12-10 17:54:09 - [MESSAGE][PASSED] - Delayed 4 second(s)

2018-12-10 17:54:09 - [TEST_STEP][PASSED] - setText: Text '000209039145' is set on object 'Object Repository/Final Object Repo/New Registration - Registration Module Pages/Form 2/NRIC Input'

2018-12-10 17:54:10 - [MESSAGE][PASSED] - Text '000209039145' is set on object 'Object Repository/Final Object Repo/New Registration - Registration Module Pages/Form 2/NRIC Input'

2018-12-10 17:54:10 - [TEST_STEP][PASSED] - click: Object: 'Object Repository/Final Object Repo/New Registration - Registration Module Pages/Form 2/button for search for IC' is clicked on

2018-12-10 17:54:10 - [MESSAGE][PASSED] - Object: 'Object Repository/Final Object Repo/New Registration - Registration Module Pages/Form 2/button for search for IC' is clicked on

2018-12-10 17:54:10 - [TEST_STEP][PASSED] - delay: Delayed 2 second(s)

2018-12-10 17:54:12 - [MESSAGE][PASSED] - Delayed 2 second(s)

2018-12-10 17:54:12 - [TEST_STEP][PASSED] - setText: Text 'Automate001 not eligible 1' is set on object 'Object Repository/Final Object Repo/New Registration - Registration Module Pages/Form 2/Employee Name Input'

2018-12-10 17:54:12 - [MESSAGE][PASSED] - Text 'Automate001 not eligible 1' is set on object 'Object Repository/Final Object Repo/New Registration - Registration Module Pages/Form 2/Employee Name Input'

2018-12-10 17:54:12 - [TEST_STEP][PASSED] - delay: Delayed 2 second(s)

2018-12-10 17:54:14 - [MESSAGE][PASSED] - Delayed 2 second(s)

2018-12-10 17:54:14 - [TEST_STEP][PASSED] - click: Object: 'Object Repository/Final Object Repo/New Registration - Registration Module Pages/Form 2/DatePicker Pop Up' is clicked on

2018-12-10 17:54:14 - [MESSAGE][PASSED] - Object: 'Object Repository/Final Object Repo/New Registration - Registration Module Pages/Form 2/DatePicker Pop Up' is clicked on

2018-12-10 17:54:14 - [TEST_STEP][PASSED] - delay: Delayed 2 second(s)

2018-12-10 17:54:16 - [MESSAGE][PASSED] - Delayed 2 second(s)

2018-12-10 17:54:16 - [TEST_STEP][PASSED] - click: Object: 'Object Repository/Final Object Repo/New Registration - Registration Module Pages/Form 2/DOB Month' is clicked on

2018-12-10 17:54:17 - [MESSAGE][PASSED] - Object: 'Object Repository/Final Object Repo/New Registration - Registration Module Pages/Form 2/DOB Month' is clicked on

2018-12-10 17:54:17 - [TEST_STEP][PASSED] - Statement - selectMonth = com.kms.katalon.core.webui.keyword.WebUiBuiltInKeywords.modifyObjectProperty(selectMonth, "xpath", "equals", "//body/div/div/div/select/option[@value="" + CurrentMonth + ""]", true): Modify property of object successfully

2018-12-10 17:54:17 - [MESSAGE][PASSED] - Modify property of object successfully

2018-12-10 17:54:17 - [TEST_STEP][PASSED] - click: Object: '' is clicked on

2018-12-10 17:54:17 - [MESSAGE][PASSED] - Object: '' is clicked on

2018-12-10 17:54:17 - [TEST_STEP][PASSED] - click: Object: 'Object Repository/Final Object Repo/New Registration - Registration Module Pages/Form 2/DOB Year' is clicked on

2018-12-10 17:54:17 - [MESSAGE][PASSED] - Object: 'Object Repository/Final Object Repo/New Registration - Registration Module Pages/Form 2/DOB Year' is clicked on

2018-12-10 17:54:17 - [TEST_STEP][PASSED] - Statement - selectYear = com.kms.katalon.core.webui.keyword.WebUiBuiltInKeywords.modifyObjectProperty(selectYear, "xpath", "equals", "//div/div/div/select/option[@value="" + EighteenYrsBefore + ""]", true): Modify property of object successfully

2018-12-10 17:54:17 - [MESSAGE][PASSED] - Modify property of object successfully

2018-12-10 17:54:17 - [TEST_STEP][PASSED] - click: Object: '' is clicked on

2018-12-10 17:54:17 - [MESSAGE][PASSED] - Object: '' is clicked on

2018-12-10 17:54:17 - [TEST_STEP][PASSED] - Statement - UpdatedSelectDate = com.kms.katalon.core.webui.keyword.WebUiBuiltInKeywords.modifyObjectProperty(com.kms.katalon.core.testobject.ObjectRepository.findTestObject(Final Object Repo/New Registration - Registration Module Pages/Form 2/DOB Date), "xpath", "equals", "//body/div/table/tbody/tr/td/a[text()="" + OneDayBefore + ""]", true): Modify property of object successfully

2018-12-10 17:54:17 - [MESSAGE][PASSED] - Modify property of object successfully

2018-12-10 17:54:17 - [TEST_STEP][PASSED] - click: Object: 'Object Repository/Final Object Repo/New Registration - Registration Module Pages/Form 2/DOB Date' is clicked on

2018-12-10 17:54:17 - [MESSAGE][PASSED] - Object: 'Object Repository/Final Object Repo/New Registration - Registration Module Pages/Form 2/DOB Date' is clicked on

2018-12-10 17:54:17 - [TEST_STEP][PASSED] - delay: Delayed 2 second(s)

2018-12-10 17:54:19 - [MESSAGE][PASSED] - Delayed 2 second(s)

2018-12-10 17:54:19 - [TEST_STEP][PASSED] - click: Object: 'Object Repository/Final Object Repo/New Registration - Registration Module Pages/Form 2/EmploymentStartDate Pop Up' is clicked on

2018-12-10 17:54:19 - [MESSAGE][PASSED] - Object: 'Object Repository/Final Object Repo/New Registration - Registration Module Pages/Form 2/EmploymentStartDate Pop Up' is clicked on

2018-12-10 17:54:19 - [TEST_STEP][PASSED] - delay: Delayed 2 second(s)

2018-12-10 17:54:21 - [MESSAGE][PASSED] - Delayed 2 second(s)

2018-12-10 17:54:21 - [TEST_STEP][PASSED] - click: Object: 'Object Repository/Final Object Repo/New Registration - Registration Module Pages/Form 2/Socso Employment StartDate Month' is clicked on

2018-12-10 17:54:22 - [MESSAGE][PASSED] - Object: 'Object Repository/Final Object Repo/New Registration - Registration Module Pages/Form 2/Socso Employment StartDate Month' is clicked on

2018-12-10 17:54:22 - [TEST_STEP][PASSED] - delay: Delayed 1 second(s)

2018-12-10 17:54:23 - [MESSAGE][PASSED] - Delayed 1 second(s)

2018-12-10 17:54:23 - [TEST_STEP][PASSED] - click: Object: 'Object Repository/Final Object Repo/New Registration - Registration Module Pages/Form 2/Select Socso Employement Startdate Month' is clicked on

2018-12-10 17:54:23 - [MESSAGE][PASSED] - Object: 'Object Repository/Final Object Repo/New Registration - Registration Module Pages/Form 2/Select Socso Employement Startdate Month' is clicked on

2018-12-10 17:54:23 - [TEST_STEP][PASSED] - delay: Delayed 2 second(s)

2018-12-10 17:54:25 - [MESSAGE][PASSED] - Delayed 2 second(s)

2018-12-10 17:54:25 - [TEST_STEP][PASSED] - click: Object: 'Object Repository/Final Object Repo/New Registration - Registration Module Pages/Form 2/Socso Employment StartDate Year' is clicked on

2018-12-10 17:54:25 - [MESSAGE][PASSED] - Object: 'Object Repository/Final Object Repo/New Registration - Registration Module Pages/Form 2/Socso Employment StartDate Year' is clicked on

2018-12-10 17:54:25 - [TEST_STEP][PASSED] - delay: Delayed 1 second(s)

2018-12-10 17:54:26 - [MESSAGE][PASSED] - Delayed 1 second(s)

2018-12-10 17:54:26 - [TEST_STEP][PASSED] - click: Object: 'Object Repository/Final Object Repo/New Registration - Registration Module Pages/Form 2/Select Socso Employment Startdate Year' is clicked on

2018-12-10 17:54:26 - [MESSAGE][PASSED] - Object: 'Object Repository/Final Object Repo/New Registration - Registration Module Pages/Form 2/Select Socso Employment Startdate Year' is clicked on

2018-12-10 17:54:26 - [TEST_STEP][PASSED] - delay: Delayed 2 second(s)

2018-12-10 17:54:28 - [MESSAGE][PASSED] - Delayed 2 second(s)

2018-12-10 17:54:28 - [TEST_STEP][PASSED] - click: Object: 'Object Repository/Final Object Repo/New Registration - Registration Module Pages/Form 2/Socso Employment Start Date Day' is clicked on

2018-12-10 17:54:28 - [MESSAGE][PASSED] - Object: 'Object Repository/Final Object Repo/New Registration - Registration Module Pages/Form 2/Socso Employment Start Date Day' is clicked on

2018-12-10 17:54:28 - [TEST_STEP][PASSED] - delay: Delayed 2 second(s)

2018-12-10 17:54:30 - [MESSAGE][PASSED] - Delayed 2 second(s)

2018-12-10 17:54:30 - [TEST_STEP][PASSED] - click: Object: 'Object Repository/Final Object Repo/New Registration - Registration Module Pages/Form 2/Save Button for Add Employee' is clicked on

2018-12-10 17:54:30 - [MESSAGE][PASSED] - Object: 'Object Repository/Final Object Repo/New Registration - Registration Module Pages/Form 2/Save Button for Add Employee' is clicked on

2018-12-10 17:54:30 - [TEST_STEP][PASSED] - delay: Delayed 6 second(s)

2018-12-10 17:54:36 - [MESSAGE][PASSED] - Delayed 6 second(s)

2018-12-10 17:54:36 - [TEST_STEP][PASSED] - click: Object: 'Object Repository/Final Object Repo/New Registration - Registration Module Pages/Form 2/Add Employee Button' is clicked on

2018-12-10 17:54:37 - [MESSAGE][PASSED] - Object: 'Object Repository/Final Object Repo/New Registration - Registration Module Pages/Form 2/Add Employee Button' is clicked on

2018-12-10 17:54:37 - [TEST_STEP][PASSED] - delay: Delayed 4 second(s)

2018-12-10 17:54:41 - [MESSAGE][PASSED] - Delayed 4 second(s)

2018-12-10 17:54:41 - [TEST_STEP][PASSED] - setText: Text '600203039154' is set on object 'Object Repository/Final Object Repo/New Registration - Registration Module Pages/Form 2/NRIC Input'

2018-12-10 17:54:41 - [MESSAGE][PASSED] - Text '600203039154' is set on object 'Object Repository/Final Object Repo/New Registration - Registration Module Pages/Form 2/NRIC Input'

2018-12-10 17:54:41 - [TEST_STEP][PASSED] - click: Object: 'Object Repository/Final Object Repo/New Registration - Registration Module Pages/Form 2/button for search for IC' is clicked on

2018-12-10 17:54:41 - [MESSAGE][PASSED] - Object: 'Object Repository/Final Object Repo/New Registration - Registration Module Pages/Form 2/button for search for IC' is clicked on

2018-12-10 17:54:41 - [TEST_STEP][PASSED] - delay: Delayed 2 second(s)

2018-12-10 17:54:43 - [MESSAGE][PASSED] - Delayed 2 second(s)

2018-12-10 17:54:43 - [TEST_STEP][PASSED] - setText: Text 'Automate001 not eligible 2' is set on object 'Object Repository/Final Object Repo/New Registration - Registration Module Pages/Form 2/Employee Name Input'

2018-12-10 17:54:44 - [MESSAGE][PASSED] - Text 'Automate001 not eligible 2' is set on object 'Object Repository/Final Object Repo/New Registration - Registration Module Pages/Form 2/Employee Name Input'

2018-12-10 17:54:44 - [TEST_STEP][PASSED] - delay: Delayed 2 second(s)

2018-12-10 17:54:46 - [MESSAGE][PASSED] - Delayed 2 second(s)

2018-12-10 17:54:46 - [TEST_STEP][PASSED] - click: Object: 'Object Repository/Final Object Repo/New Registration - Registration Module Pages/Form 2/DatePicker Pop Up' is clicked on

2018-12-10 17:54:46 - [MESSAGE][PASSED] - Object: 'Object Repository/Final Object Repo/New Registration - Registration Module Pages/Form 2/DatePicker Pop Up' is clicked on

2018-12-10 17:54:46 - [TEST_STEP][PASSED] - delay: Delayed 2 second(s)

2018-12-10 17:54:48 - [MESSAGE][PASSED] - Delayed 2 second(s)

2018-12-10 17:54:48 - [TEST_STEP][PASSED] - click: Object: 'Object Repository/Final Object Repo/New Registration - Registration Module Pages/Form 2/DOB Month' is clicked on

2018-12-10 17:54:48 - [MESSAGE][PASSED] - Object: 'Object Repository/Final Object Repo/New Registration - Registration Module Pages/Form 2/DOB Month' is clicked on

2018-12-10 17:54:48 - [TEST_STEP][PASSED] - Statement - selectMonth = com.kms.katalon.core.webui.keyword.WebUiBuiltInKeywords.modifyObjectProperty(selectMonth, "xpath", "equals", "//body/div/div/div/select/option[@value="" + CurrentMonth + ""]", true): Modify property of object successfully

2018-12-10 17:54:48 - [MESSAGE][PASSED] - Modify property of object successfully

2018-12-10 17:54:48 - [TEST_STEP][PASSED] - click: Object: '' is clicked on

2018-12-10 17:54:48 - [MESSAGE][PASSED] - Object: '' is clicked on

2018-12-10 17:54:48 - [TEST_STEP][PASSED] - click: Object: 'Object Repository/Final Object Repo/New Registration - Registration Module Pages/Form 2/DOB Year' is clicked on

2018-12-10 17:54:48 - [MESSAGE][PASSED] - Object: 'Object Repository/Final Object Repo/New Registration - Registration Module Pages/Form 2/DOB Year' is clicked on

2018-12-10 17:54:48 - [TEST_STEP][PASSED] - Statement - selectYear = com.kms.katalon.core.webui.keyword.WebUiBuiltInKeywords.modifyObjectProperty(selectYear, "xpath", "equals", "//div/div/div/select/option[@value="" + FiftysevenYrsBefore + ""]", true): Modify property of object successfully

2018-12-10 17:54:48 - [MESSAGE][PASSED] - Modify property of object successfully

2018-12-10 17:54:48 - [TEST_STEP][PASSED] - click: Object: '' is clicked on

2018-12-10 17:54:48 - [MESSAGE][PASSED] - Object: '' is clicked on

2018-12-10 17:54:48 - [TEST_STEP][PASSED] - Statement - UpdatedSelectDate = com.kms.katalon.core.webui.keyword.WebUiBuiltInKeywords.modifyObjectProperty(com.kms.katalon.core.testobject.ObjectRepository.findTestObject(Final Object Repo/New Registration - Registration Module Pages/Form 2/DOB Date), "xpath", "equals", "//body/div/table/tbody/tr/td/a[text()="" + CurrentDate + ""]", true): Modify property of object successfully

2018-12-10 17:54:48 - [MESSAGE][PASSED] - Modify property of object successfully

2018-12-10 17:54:48 - [TEST_STEP][PASSED] - click: Object: 'Object Repository/Final Object Repo/New Registration - Registration Module Pages/Form 2/DOB Date' is clicked on

2018-12-10 17:54:49 - [MESSAGE][PASSED] - Object: 'Object Repository/Final Object Repo/New Registration - Registration Module Pages/Form 2/DOB Date' is clicked on

2018-12-10 17:54:49 - [TEST_STEP][PASSED] - click: Object: 'Object Repository/Final Object Repo/New Registration - Registration Module Pages/Form 2/EmploymentStartDate Pop Up' is clicked on

2018-12-10 17:54:49 - [MESSAGE][PASSED] - Object: 'Object Repository/Final Object Repo/New Registration - Registration Module Pages/Form 2/EmploymentStartDate Pop Up' is clicked on

2018-12-10 17:54:49 - [TEST_STEP][PASSED] - delay: Delayed 2 second(s)

2018-12-10 17:54:51 - [MESSAGE][PASSED] - Delayed 2 second(s)

2018-12-10 17:54:51 - [TEST_STEP][PASSED] - click: Object: 'Object Repository/Final Object Repo/New Registration - Registration Module Pages/Form 2/Socso Employment StartDate Month' is clicked on

2018-12-10 17:54:51 - [MESSAGE][PASSED] - Object: 'Object Repository/Final Object Repo/New Registration - Registration Module Pages/Form 2/Socso Employment StartDate Month' is clicked on

2018-12-10 17:54:51 - [TEST_STEP][PASSED] - delay: Delayed 1 second(s)

2018-12-10 17:54:52 - [MESSAGE][PASSED] - Delayed 1 second(s)

2018-12-10 17:54:52 - [TEST_STEP][PASSED] - click: Object: 'Object Repository/Final Object Repo/New Registration - Registration Module Pages/Form 2/Select Socso Employement Startdate Month' is clicked on

2018-12-10 17:54:52 - [MESSAGE][PASSED] - Object: 'Object Repository/Final Object Repo/New Registration - Registration Module Pages/Form 2/Select Socso Employement Startdate Month' is clicked on

2018-12-10 17:54:52 - [TEST_STEP][PASSED] - delay: Delayed 2 second(s)

2018-12-10 17:54:54 - [MESSAGE][PASSED] - Delayed 2 second(s)

2018-12-10 17:54:54 - [TEST_STEP][PASSED] - click: Object: 'Object Repository/Final Object Repo/New Registration - Registration Module Pages/Form 2/Socso Employment StartDate Year' is clicked on

2018-12-10 17:54:54 - [MESSAGE][PASSED] - Object: 'Object Repository/Final Object Repo/New Registration - Registration Module Pages/Form 2/Socso Employment StartDate Year' is clicked on

2018-12-10 17:54:54 - [TEST_STEP][PASSED] - delay: Delayed 1 second(s)

2018-12-10 17:54:55 - [MESSAGE][PASSED] - Delayed 1 second(s)

2018-12-10 17:54:55 - [TEST_STEP][PASSED] - click: Object: 'Object Repository/Final Object Repo/New Registration - Registration Module Pages/Form 2/Select Socso Employment Startdate Year' is clicked on

2018-12-10 17:54:55 - [MESSAGE][PASSED] - Object: 'Object Repository/Final Object Repo/New Registration - Registration Module Pages/Form 2/Select Socso Employment Startdate Year' is clicked on

2018-12-10 17:54:55 - [TEST_STEP][PASSED] - delay: Delayed 2 second(s)

2018-12-10 17:54:57 - [MESSAGE][PASSED] - Delayed 2 second(s)

2018-12-10 17:54:57 - [TEST_STEP][PASSED] - click: Object: 'Object Repository/Final Object Repo/New Registration - Registration Module Pages/Form 2/Socso Employment Start Date Day' is clicked on

2018-12-10 17:54:58 - [MESSAGE][PASSED] - Object: 'Object Repository/Final Object Repo/New Registration - Registration Module Pages/Form 2/Socso Employment Start Date Day' is clicked on

2018-12-10 17:54:58 - [TEST_STEP][PASSED] - delay: Delayed 2 second(s)

2018-12-10 17:55:00 - [MESSAGE][PASSED] - Delayed 2 second(s)

2018-12-10 17:55:00 - [TEST_STEP][PASSED] - click: Object: 'Object Repository/Final Object Repo/New Registration - Registration Module Pages/Form 2/Save Button for Add Employee' is clicked on

2018-12-10 17:55:00 - [MESSAGE][PASSED] - Object: 'Object Repository/Final Object Repo/New Registration - Registration Module Pages/Form 2/Save Button for Add Employee' is clicked on

2018-12-10 17:55:00 - [TEST_STEP][PASSED] - delay: Delayed 2 second(s)

2018-12-10 17:55:02 - [MESSAGE][PASSED] - Delayed 2 second(s)

2018-12-10 17:55:02 - [TEST_STEP][PASSED] - click: Object: 'Object Repository/Final Object Repo/New Registration - Registration Module Pages/Form 2/Save and Continue Form 2' is clicked on

2018-12-10 17:55:02 - [MESSAGE][PASSED] - Object: 'Object Repository/Final Object Repo/New Registration - Registration Module Pages/Form 2/Save and Continue Form 2' is clicked on

2018-12-10 17:55:02 - [MESSAGE][PASSED] - Call Test Case 'Test Cases/Final Aug 2018 - PKS Automation/Registration Module/New Registration/Form 2/Add 2 Eligible 2 Not Eligible' successfully

2018-12-10 17:55:02 - [TEST_STEP][PASSED] - callTestCase: Call Test Case 'Test Cases/Final Aug 2018 - PKS Automation/Registration Module/New Registration/Flow of New Registration/Third Screen - Upload Supporting Doc - Preview' successfully

2018-12-10 17:55:02 - [TEST_CASE][PASSED] - Test Cases/Final Aug 2018 - PKS Automation/Registration Module/New Registration/Flow of New Registration/Third Screen - Upload Supporting Doc - Preview: Test Cases/Final Aug 2018 - PKS Automation/Registration Module/New Registration/Flow of New Registration/Third Screen - Upload Supporting Doc - Preview

2018-12-10 17:55:02 - [TEST_STEP][PASSED] - waitForPageLoad: Wait for page load successfully

2018-12-10 17:55:03 - [MESSAGE][PASSED] - Wait for page load successfully

2018-12-10 17:55:03 - [TEST_STEP][PASSED] - Statement - CaseReferenceNo = com.kms.katalon.core.webui.keyword.WebUiBuiltInKeywords.getText(com.kms.katalon.core.testobject.ObjectRepository.findTestObject(Final Object Repo/New Registration - Registration Module Pages/Third Screen - Upload Supporting Doc- Preview/RefNo Acquiring)): Text of object 'Object Repository/Final Object Repo/New Registration - Registration Module Pages/Third Screen - Upload Supporting Doc- Preview/RefNo Acquiring' is: 'CRN12201800123139'

2018-12-10 17:55:03 - [MESSAGE][PASSED] - Text of object 'Object Repository/Final Object Repo/New Registration - Registration Module Pages/Third Screen - Upload Supporting Doc- Preview/RefNo Acquiring' is: 'CRN12201800123139'

2018-12-10 17:55:03 - [TEST_STEP][PASSED] - delay: Delayed 2 second(s)

2018-12-10 17:55:05 - [MESSAGE][PASSED] - Delayed 2 second(s)

2018-12-10 17:55:05 - [TEST_STEP][PASSED] - callTestCase: Call Test Case 'Test Cases/Final Aug 2018 - PKS Automation/Common/Reference Number Setter' successfully

2018-12-10 17:55:05 - [TEST_CASE][PASSED] - Test Cases/Final Aug 2018 - PKS Automation/Common/Reference Number Setter: Test Cases/Final Aug 2018 - PKS Automation/Common/Reference Number Setter

2018-12-10 17:55:05 - [TEST_STEP][PASSED] - Statement - RefNoOldFile = new java.io.File(C://Users//Admin//Desktop//PKS//Automation Reference Point//KatalonReference.txt): null

2018-12-10 17:55:05 - [TEST_STEP][PASSED] - Statement - RefNoOldFile.delete(): null

2018-12-10 17:55:05 - [TEST_STEP][PASSED] - delay: Delayed 5 second(s)

2018-12-10 17:55:10 - [MESSAGE][PASSED] - Delayed 5 second(s)

2018-12-10 17:55:10 - [TEST_STEP][PASSED] - Statement - RefNo = new java.io.File(C://Users//Admin//Desktop//PKS//Automation Reference Point//KatalonReference.txt): null

2018-12-10 17:55:10 - [TEST_STEP][PASSED] - Statement - f2 = new java.io.FileWriter(RefNo, false): null

2018-12-10 17:55:10 - [TEST_STEP][PASSED] - Statement - f2.write(CaseReferenceNo): null

2018-12-10 17:55:10 - [TEST_STEP][PASSED] - Statement - f2.close(): null

2018-12-10 17:55:10 - [TEST_STEP][PASSED] - Statement - out.println("


" + CaseReferenceNo + "


"): null

2018-12-10 17:55:10 - [MESSAGE][PASSED] - Call Test Case 'Test Cases/Final Aug 2018 - PKS Automation/Common/Reference Number Setter' successfully

2018-12-10 17:55:10 - [TEST_STEP][PASSED] - waitForElementClickable: Object 'Object Repository/Final Object Repo/New Registration - Registration Module Pages/Third Screen - Upload Supporting Doc- Preview/Save n Continue in SIP Employee Listing Page' is clickable

2018-12-10 17:55:10 - [MESSAGE][PASSED] - Object 'Object Repository/Final Object Repo/New Registration - Registration Module Pages/Third Screen - Upload Supporting Doc- Preview/Save n Continue in SIP Employee Listing Page' is clickable

2018-12-10 17:55:10 - [TEST_STEP][PASSED] - click: Object: 'Object Repository/Final Object Repo/New Registration - Registration Module Pages/Third Screen - Upload Supporting Doc- Preview/Save n Continue in SIP Employee Listing Page' is clicked on

2018-12-10 17:55:15 - [MESSAGE][PASSED] - Object: 'Object Repository/Final Object Repo/New Registration - Registration Module Pages/Third Screen - Upload Supporting Doc- Preview/Save n Continue in SIP Employee Listing Page' is clicked on

2018-12-10 17:55:15 - [TEST_STEP][PASSED] - delay: Delayed 7 second(s)

2018-12-10 17:55:22 - [MESSAGE][PASSED] - Delayed 7 second(s)

2018-12-10 17:55:22 - [TEST_STEP][PASSED] - click: Object: 'Object Repository/Final Object Repo/New Registration - Registration Module Pages/Third Screen - Upload Supporting Doc- Preview/Add Document Button' is clicked on

2018-12-10 17:55:23 - [MESSAGE][PASSED] - Object: 'Object Repository/Final Object Repo/New Registration - Registration Module Pages/Third Screen - Upload Supporting Doc- Preview/Add Document Button' is clicked on

2018-12-10 17:55:23 - [TEST_STEP][PASSED] - delay: Delayed 30 second(s)

2018-12-10 17:55:53 - [MESSAGE][PASSED] - Delayed 30 second(s)

2018-12-10 17:55:53 - [TEST_STEP][PASSED] - click: Object: 'Object Repository/Final Object Repo/New Registration - Registration Module Pages/Third Screen - Upload Supporting Doc- Preview/Supporting Doc Please Select Drop Down' is clicked on

2018-12-10 17:55:53 - [MESSAGE][PASSED] - Object: 'Object Repository/Final Object Repo/New Registration - Registration Module Pages/Third Screen - Upload Supporting Doc- Preview/Supporting Doc Please Select Drop Down' is clicked on

2018-12-10 17:55:53 - [TEST_STEP][PASSED] - delay: Delayed 2 second(s)

2018-12-10 17:55:55 - [MESSAGE][PASSED] - Delayed 2 second(s)

2018-12-10 17:55:55 - [TEST_STEP][PASSED] - click: Object: 'Object Repository/Final Object Repo/New Registration - Registration Module Pages/Third Screen - Upload Supporting Doc- Preview/Select to Upload Form 1' is clicked on

2018-12-10 17:55:55 - [MESSAGE][PASSED] - Object: 'Object Repository/Final Object Repo/New Registration - Registration Module Pages/Third Screen - Upload Supporting Doc- Preview/Select to Upload Form 1' is clicked on

2018-12-10 17:55:55 - [TEST_STEP][PASSED] - delay: Delayed 2 second(s)

2018-12-10 17:55:57 - [MESSAGE][PASSED] - Delayed 2 second(s)

2018-12-10 17:55:57 - [TEST_STEP][PASSED] - uploadFile: File 'C:\Users\Public\Pictures\Sample Pictures\Koala.jpg' sent to object: 'Object Repository/Final Object Repo/New Registration - Registration Module Pages/Third Screen - Upload Supporting Doc- Preview/Upload File Adding'

2018-12-10 17:55:57 - [MESSAGE][PASSED] - File 'C:\Users\Public\Pictures\Sample Pictures\Koala.jpg' sent to object: 'Object Repository/Final Object Repo/New Registration - Registration Module Pages/Third Screen - Upload Supporting Doc- Preview/Upload File Adding'

2018-12-10 17:55:57 - [TEST_STEP][PASSED] - delay: Delayed 5 second(s)

2018-12-10 17:56:02 - [MESSAGE][PASSED] - Delayed 5 second(s)

2018-12-10 17:56:02 - [TEST_STEP][PASSED] - click: Object: 'Object Repository/Final Object Repo/New Registration - Registration Module Pages/Third Screen - Upload Supporting Doc- Preview/Inner Form Add Document Button' is clicked on

2018-12-10 17:56:02 - [MESSAGE][PASSED] - Object: 'Object Repository/Final Object Repo/New Registration - Registration Module Pages/Third Screen - Upload Supporting Doc- Preview/Inner Form Add Document Button' is clicked on

2018-12-10 17:56:02 - [TEST_STEP][PASSED] - delay: Delayed 3 second(s)

2018-12-10 17:56:05 - [MESSAGE][PASSED] - Delayed 3 second(s)

2018-12-10 17:56:05 - [TEST_STEP][PASSED] - click: Object: 'Object Repository/Final Object Repo/New Registration - Registration Module Pages/Third Screen - Upload Supporting Doc- Preview/Add Document Button' is clicked on

2018-12-10 17:56:06 - [MESSAGE][PASSED] - Object: 'Object Repository/Final Object Repo/New Registration - Registration Module Pages/Third Screen - Upload Supporting Doc- Preview/Add Document Button' is clicked on

2018-12-10 17:56:06 - [TEST_STEP][PASSED] - delay: Delayed 30 second(s)

2018-12-10 17:56:36 - [MESSAGE][PASSED] - Delayed 30 second(s)

2018-12-10 17:56:36 - [TEST_STEP][PASSED] - click: Object: 'Object Repository/Final Object Repo/New Registration - Registration Module Pages/Third Screen - Upload Supporting Doc- Preview/Supporting Doc Please Select Drop Down' is clicked on

2018-12-10 17:56:37 - [MESSAGE][PASSED] - Object: 'Object Repository/Final Object Repo/New Registration - Registration Module Pages/Third Screen - Upload Supporting Doc- Preview/Supporting Doc Please Select Drop Down' is clicked on

2018-12-10 17:56:37 - [TEST_STEP][PASSED] - delay: Delayed 4 second(s)

2018-12-10 17:56:41 - [MESSAGE][PASSED] - Delayed 4 second(s)

2018-12-10 17:56:41 - [TEST_STEP][PASSED] - click: Object: 'Object Repository/Final Object Repo/New Registration - Registration Module Pages/Third Screen - Upload Supporting Doc- Preview/Select to Upload Form 2' is clicked on

2018-12-10 17:56:41 - [MESSAGE][PASSED] - Object: 'Object Repository/Final Object Repo/New Registration - Registration Module Pages/Third Screen - Upload Supporting Doc- Preview/Select to Upload Form 2' is clicked on

2018-12-10 17:56:41 - [TEST_STEP][PASSED] - delay: Delayed 2 second(s)

2018-12-10 17:56:43 - [MESSAGE][PASSED] - Delayed 2 second(s)

2018-12-10 17:56:43 - [TEST_STEP][PASSED] - uploadFile: File 'C:\Users\Public\Pictures\Sample Pictures\Koala.jpg' sent to object: 'Object Repository/Final Object Repo/New Registration - Registration Module Pages/Third Screen - Upload Supporting Doc- Preview/Upload File Adding'

2018-12-10 17:56:43 - [MESSAGE][PASSED] - File 'C:\Users\Public\Pictures\Sample Pictures\Koala.jpg' sent to object: 'Object Repository/Final Object Repo/New Registration - Registration Module Pages/Third Screen - Upload Supporting Doc- Preview/Upload File Adding'

2018-12-10 17:56:43 - [TEST_STEP][PASSED] - click: Object: 'Object Repository/Final Object Repo/New Registration - Registration Module Pages/Third Screen - Upload Supporting Doc- Preview/Inner Form Add Document Button' is clicked on

2018-12-10 17:56:43 - [MESSAGE][PASSED] - Object: 'Object Repository/Final Object Repo/New Registration - Registration Module Pages/Third Screen - Upload Supporting Doc- Preview/Inner Form Add Document Button' is clicked on

2018-12-10 17:56:43 - [TEST_STEP][PASSED] - delay: Delayed 5 second(s)

2018-12-10 17:56:48 - [MESSAGE][PASSED] - Delayed 5 second(s)

2018-12-10 17:56:48 - [TEST_STEP][PASSED] - click: Object: 'Object Repository/Final Object Repo/New Registration - Registration Module Pages/Third Screen - Upload Supporting Doc- Preview/Add Document Button' is clicked on

2018-12-10 17:56:48 - [MESSAGE][PASSED] - Object: 'Object Repository/Final Object Repo/New Registration - Registration Module Pages/Third Screen - Upload Supporting Doc- Preview/Add Document Button' is clicked on

2018-12-10 17:56:48 - [TEST_STEP][PASSED] - delay: Delayed 30 second(s)

2018-12-10 17:57:18 - [MESSAGE][PASSED] - Delayed 30 second(s)

2018-12-10 17:57:18 - [TEST_STEP][PASSED] - click: Object: 'Object Repository/Final Object Repo/New Registration - Registration Module Pages/Third Screen - Upload Supporting Doc- Preview/Supporting Doc Please Select Drop Down' is clicked on

2018-12-10 17:57:18 - [MESSAGE][PASSED] - Object: 'Object Repository/Final Object Repo/New Registration - Registration Module Pages/Third Screen - Upload Supporting Doc- Preview/Supporting Doc Please Select Drop Down' is clicked on

2018-12-10 17:57:18 - [TEST_STEP][PASSED] - click: Object: 'Object Repository/Final Object Repo/New Registration - Registration Module Pages/Third Screen - Upload Supporting Doc- Preview/Select to Upload Borang SIP 1' is clicked on

2018-12-10 17:57:19 - [MESSAGE][PASSED] - Object: 'Object Repository/Final Object Repo/New Registration - Registration Module Pages/Third Screen - Upload Supporting Doc- Preview/Select to Upload Borang SIP 1' is clicked on

2018-12-10 17:57:19 - [TEST_STEP][PASSED] - delay: Delayed 2 second(s)

2018-12-10 17:57:21 - [MESSAGE][PASSED] - Delayed 2 second(s)

2018-12-10 17:57:21 - [TEST_STEP][PASSED] - uploadFile: File 'C:\Users\Public\Pictures\Sample Pictures\Koala.jpg' sent to object: 'Object Repository/Final Object Repo/New Registration - Registration Module Pages/Third Screen - Upload Supporting Doc- Preview/Upload File Adding'

2018-12-10 17:57:21 - [MESSAGE][PASSED] - File 'C:\Users\Public\Pictures\Sample Pictures\Koala.jpg' sent to object: 'Object Repository/Final Object Repo/New Registration - Registration Module Pages/Third Screen - Upload Supporting Doc- Preview/Upload File Adding'

2018-12-10 17:57:21 - [TEST_STEP][PASSED] - click: Object: 'Object Repository/Final Object Repo/New Registration - Registration Module Pages/Third Screen - Upload Supporting Doc- Preview/Inner Form Add Document Button' is clicked on

2018-12-10 17:57:21 - [MESSAGE][PASSED] - Object: 'Object Repository/Final Object Repo/New Registration - Registration Module Pages/Third Screen - Upload Supporting Doc- Preview/Inner Form Add Document Button' is clicked on

2018-12-10 17:57:21 - [TEST_STEP][PASSED] - delay: Delayed 5 second(s)

2018-12-10 17:57:26 - [MESSAGE][PASSED] - Delayed 5 second(s)

2018-12-10 17:57:26 - [TEST_STEP][PASSED] - click: Object: 'Object Repository/Final Object Repo/New Registration - Registration Module Pages/Third Screen - Upload Supporting Doc- Preview/Add Document Button' is clicked on

2018-12-10 17:57:26 - [MESSAGE][PASSED] - Object: 'Object Repository/Final Object Repo/New Registration - Registration Module Pages/Third Screen - Upload Supporting Doc- Preview/Add Document Button' is clicked on

2018-12-10 17:57:26 - [TEST_STEP][PASSED] - delay: Delayed 30 second(s)

2018-12-10 17:57:56 - [MESSAGE][PASSED] - Delayed 30 second(s)

2018-12-10 17:57:56 - [TEST_STEP][PASSED] - click: Object: 'Object Repository/Final Object Repo/New Registration - Registration Module Pages/Third Screen - Upload Supporting Doc- Preview/Supporting Doc Please Select Drop Down' is clicked on

2018-12-10 17:57:56 - [MESSAGE][PASSED] - Object: 'Object Repository/Final Object Repo/New Registration - Registration Module Pages/Third Screen - Upload Supporting Doc- Preview/Supporting Doc Please Select Drop Down' is clicked on

2018-12-10 17:57:56 - [TEST_STEP][PASSED] - delay: Delayed 3 second(s)

2018-12-10 17:57:59 - [MESSAGE][PASSED] - Delayed 3 second(s)

2018-12-10 17:57:59 - [TEST_STEP][PASSED] - click: Object: 'Object Repository/Final Object Repo/New Registration - Registration Module Pages/Third Screen - Upload Supporting Doc- Preview/Select to Upload Borang SIP 2' is clicked on

2018-12-10 17:57:59 - [MESSAGE][PASSED] - Object: 'Object Repository/Final Object Repo/New Registration - Registration Module Pages/Third Screen - Upload Supporting Doc- Preview/Select to Upload Borang SIP 2' is clicked on

2018-12-10 17:57:59 - [TEST_STEP][PASSED] - delay: Delayed 2 second(s)

2018-12-10 17:58:01 - [MESSAGE][PASSED] - Delayed 2 second(s)

2018-12-10 17:58:01 - [TEST_STEP][PASSED] - uploadFile: File 'C:\Users\Public\Pictures\Sample Pictures\Koala.jpg' sent to object: 'Object Repository/Final Object Repo/New Registration - Registration Module Pages/Third Screen - Upload Supporting Doc- Preview/Upload File Adding'

2018-12-10 17:58:01 - [MESSAGE][PASSED] - File 'C:\Users\Public\Pictures\Sample Pictures\Koala.jpg' sent to object: 'Object Repository/Final Object Repo/New Registration - Registration Module Pages/Third Screen - Upload Supporting Doc- Preview/Upload File Adding'

2018-12-10 17:58:01 - [TEST_STEP][PASSED] - delay: Delayed 5 second(s)

2018-12-10 17:58:06 - [MESSAGE][PASSED] - Delayed 5 second(s)

2018-12-10 17:58:06 - [TEST_STEP][PASSED] - click: Object: 'Object Repository/Final Object Repo/New Registration - Registration Module Pages/Third Screen - Upload Supporting Doc- Preview/Inner Form Add Document Button' is clicked on

2018-12-10 17:58:07 - [MESSAGE][PASSED] - Object: 'Object Repository/Final Object Repo/New Registration - Registration Module Pages/Third Screen - Upload Supporting Doc- Preview/Inner Form Add Document Button' is clicked on

2018-12-10 17:58:07 - [TEST_STEP][PASSED] - delay: Delayed 3 second(s)

2018-12-10 17:58:10 - [MESSAGE][PASSED] - Delayed 3 second(s)

2018-12-10 17:58:10 - [TEST_STEP][PASSED] - waitForElementClickable: Object 'Object Repository/Final Object Repo/New Registration - Registration Module Pages/Third Screen - Upload Supporting Doc- Preview/Save n Continue in Uploading Supporting Doc Page' is clickable

2018-12-10 17:58:11 - [MESSAGE][PASSED] - Object 'Object Repository/Final Object Repo/New Registration - Registration Module Pages/Third Screen - Upload Supporting Doc- Preview/Save n Continue in Uploading Supporting Doc Page' is clickable

2018-12-10 17:58:11 - [TEST_STEP][PASSED] - click: Object: 'Object Repository/Final Object Repo/New Registration - Registration Module Pages/Third Screen - Upload Supporting Doc- Preview/Save n Continue in Uploading Supporting Doc Page' is clicked on

2018-12-10 17:58:11 - [MESSAGE][PASSED] - Object: 'Object Repository/Final Object Repo/New Registration - Registration Module Pages/Third Screen - Upload Supporting Doc- Preview/Save n Continue in Uploading Supporting Doc Page' is clicked on

2018-12-10 17:58:11 - [MESSAGE][PASSED] - Call Test Case 'Test Cases/Final Aug 2018 - PKS Automation/Registration Module/New Registration/Flow of New Registration/Third Screen - Upload Supporting Doc - Preview' successfully

2018-12-10 17:58:11 - [TEST_STEP][PASSED] - callTestCase: Call Test Case 'Test Cases/Final Aug 2018 - PKS Automation/Registration Module/New Registration/Submit and Screenshot/Submit Registration and Screenshot' successfully

2018-12-10 17:58:11 - [TEST_CASE][PASSED] - Test Cases/Final Aug 2018 - PKS Automation/Registration Module/New Registration/Submit and Screenshot/Submit Registration and Screenshot: Test Cases/Final Aug 2018 - PKS Automation/Registration Module/New Registration/Submit and Screenshot/Submit Registration and Screenshot

2018-12-10 17:58:11 - [TEST_STEP][PASSED] - delay: Delayed 6 second(s)

2018-12-10 17:58:17 - [MESSAGE][PASSED] - Delayed 6 second(s)

2018-12-10 17:58:17 - [TEST_STEP][PASSED] - click: Object: 'Object Repository/Final Object Repo/New Registration - Registration Module Pages/Third Screen - Upload Supporting Doc- Preview/Preview Submit Button' is clicked on

2018-12-10 17:58:17 - [MESSAGE][PASSED] - Object: 'Object Repository/Final Object Repo/New Registration - Registration Module Pages/Third Screen - Upload Supporting Doc- Preview/Preview Submit Button' is clicked on

2018-12-10 17:58:17 - [TEST_STEP][PASSED] - delay: Delayed 2 second(s)

2018-12-10 17:58:19 - [MESSAGE][PASSED] - Delayed 2 second(s)

2018-12-10 17:58:19 - [TEST_STEP][PASSED] - click: Object: 'Object Repository/Final Object Repo/New Registration - Registration Module Pages/Third Screen - Upload Supporting Doc- Preview/Preview Submit - Confirm' is clicked on

2018-12-10 17:58:20 - [MESSAGE][PASSED] - Object: 'Object Repository/Final Object Repo/New Registration - Registration Module Pages/Third Screen - Upload Supporting Doc- Preview/Preview Submit - Confirm' is clicked on

2018-12-10 17:58:20 - [TEST_STEP][PASSED] - delay: Delayed 15 second(s)

2018-12-10 17:58:35 - [MESSAGE][PASSED] - Delayed 15 second(s)

2018-12-10 17:58:35 - [TEST_STEP][PASSED] - Statement - driver = com.kms.katalon.core.webui.driver.DriverFactory.getWebDriver(): null

2018-12-10 17:58:35 - [TEST_STEP][PASSED] - Statement - driver.manage().timeouts().implicitlyWait(10, SECONDS): null

2018-12-10 17:58:35 - [TEST_STEP][PASSED] - Statement - PresavePath = KatalonScreenshots: null

2018-12-10 17:58:35 - [TEST_STEP][PASSED] - Statement - pathPrefix = "C:\Users\Public\Pictures\Sample Pictures\Katalon Screenshots\Automate Ending Screen": null

2018-12-10 17:58:35 - [TEST_STEP][PASSED] - Statement - finalPath = <not implemented yet for class: org.codehaus.groovy.ast.expr.EmptyExpression>: null

2018-12-10 17:58:35 - [TEST_STEP][PASSED] - Statement - scrFile = driver.getScreenshotAs(FILE): null

2018-12-10 17:58:35 - [TEST_STEP][PASSED] - Statement - PreSaveFile = new java.io.File(PresavePath): null

2018-12-10 17:58:35 - [TEST_STEP][PASSED] - Statement - counter = 0: null

2018-12-10 17:58:35 - [TEST_STEP][PASSED] - Statement - If (PreSaveFile.exists()): null

2018-12-10 17:58:35 - [TEST_STEP][PASSED] - Statement - While (PreSaveFile.exists()): null

2018-12-10 17:58:35 - [TEST_STEP][PASSED] - Statement - counter = counter + 1: null

2018-12-10 17:58:35 - [TEST_STEP][PASSED] - Statement - PreSaveFile = new java.io.File(((pathPrefix + java.lang.Integer.toString(counter)) + .png)): null

2018-12-10 17:58:35 - [TEST_STEP][PASSED] - Statement - counter = counter + 1: null

2018-12-10 17:58:35 - [TEST_STEP][PASSED] - Statement - PreSaveFile = new java.io.File(((pathPrefix + java.lang.Integer.toString(counter)) + .png)): null

2018-12-10 17:58:35 - [TEST_STEP][PASSED] - Statement - counter = counter + 1: null

2018-12-10 17:58:35 - [TEST_STEP][PASSED] - Statement - PreSaveFile = new java.io.File(((pathPrefix + java.lang.Integer.toString(counter)) + .png)): null

2018-12-10 17:58:35 - [TEST_STEP][PASSED] - Statement - counter = counter + 1: null

2018-12-10 17:58:35 - [TEST_STEP][PASSED] - Statement - PreSaveFile = new java.io.File(((pathPrefix + java.lang.Integer.toString(counter)) + .png)): null

2018-12-10 17:58:35 - [TEST_STEP][PASSED] - Statement - counter = counter + 1: null

2018-12-10 17:58:35 - [TEST_STEP][PASSED] - Statement - PreSaveFile = new java.io.File(((pathPrefix + java.lang.Integer.toString(counter)) + .png)): null

2018-12-10 17:58:35 - [TEST_STEP][PASSED] - Statement - counter = counter + 1: null

2018-12-10 17:58:35 - [TEST_STEP][PASSED] - Statement - PreSaveFile = new java.io.File(((pathPrefix + java.lang.Integer.toString(counter)) + .png)): null

2018-12-10 17:58:35 - [TEST_STEP][PASSED] - Statement - counter = counter + 1: null

2018-12-10 17:58:35 - [TEST_STEP][PASSED] - Statement - PreSaveFile = new java.io.File(((pathPrefix + java.lang.Integer.toString(counter)) + .png)): null

2018-12-10 17:58:35 - [TEST_STEP][PASSED] - Statement - counter = counter + 1: null

2018-12-10 17:58:35 - [TEST_STEP][PASSED] - Statement - PreSaveFile = new java.io.File(((pathPrefix + java.lang.Integer.toString(counter)) + .png)): null

2018-12-10 17:58:35 - [TEST_STEP][PASSED] - Statement - finalPath = pathPrefix + java.lang.Integer.toString(counter) + ".png": null

2018-12-10 17:58:35 - [TEST_STEP][PASSED] - Statement - SaveFile = new java.io.File(finalPath): null

2018-12-10 17:58:35 - [TEST_STEP][PASSED] - Statement - Try: null

2018-12-10 17:58:35 - [TEST_STEP][PASSED] - Statement - org.apache.commons.io.FileUtils.copyFile(scrFile, SaveFile): null

2018-12-10 17:58:35 - [TEST_STEP][PASSED] - Statement - out.println("file kept"): null

2018-12-10 17:58:35 - [TEST_STEP][PASSED] - delay: Delayed 10 second(s)

2018-12-10 17:58:45 - [MESSAGE][PASSED] - Delayed 10 second(s)

2018-12-10 17:58:45 - [MESSAGE][PASSED] - Call Test Case 'Test Cases/Final Aug 2018 - PKS Automation/Registration Module/New Registration/Submit and Screenshot/Submit Registration and Screenshot' successfully]]></system-out>
         <system-err><![CDATA[]]></system-err>
      </testcase>
      <testcase name="Test Cases/Final Aug 2018 - PKS Automation/Registration Module/Critical Path/New Registration/Partnership - Registered with Agency" classname="Test Cases/Final Aug 2018 - PKS Automation/Registration Module/Critical Path/New Registration/Partnership - Registered with Agency" status="PASSED">
         <system-out><![CDATA[2018-12-10 17:58:45 - [TEST_CASE][PASSED] - Test Cases/Final Aug 2018 - PKS Automation/Registration Module/Critical Path/New Registration/Partnership - Registered with Agency: Test Cases/Final Aug 2018 - PKS Automation/Registration Module/Critical Path/New Registration/Partnership - Registered with Agency

2018-12-10 17:58:46 - [TEST_STEP][PASSED] - callTestCase: Call Test Case 'Test Cases/Final Aug 2018 - PKS Automation/Registration Module/New Registration/Form 1/Form 1 - Partnership - Registered with other Agencies' successfully

2018-12-10 17:58:46 - [TEST_CASE][PASSED] - Test Cases/Final Aug 2018 - PKS Automation/Registration Module/New Registration/Form 1/Form 1 - Partnership - Registered with other Agencies: Test Cases/Final Aug 2018 - PKS Automation/Registration Module/New Registration/Form 1/Form 1 - Partnership - Registered with other Agencies

2018-12-10 17:58:46 - [TEST_STEP][PASSED] - openBrowser: Browser is opened with url: ''

2018-12-10 17:58:46 - [MESSAGE][WARNING] - A browser is already opened. Closing browser and opening a new one

2018-12-10 17:58:49 - [MESSAGE][PASSED] - Browser is opened with url: ''

2018-12-10 17:58:49 - [TEST_STEP][PASSED] - navigateToUrl: Navigate to 'https://assist2-uat.perkeso.gov.my/login' successfully

2018-12-10 17:58:50 - [MESSAGE][PASSED] - Navigate to 'https://assist2-uat.perkeso.gov.my/login' successfully

2018-12-10 17:58:50 - [TEST_STEP][PASSED] - setText: Text 'johorotc1@gmail.com' is set on object 'Object Repository/Final Object Repo/Login Page/Internal User/Email Address'

2018-12-10 17:58:50 - [MESSAGE][PASSED] - Text 'johorotc1@gmail.com' is set on object 'Object Repository/Final Object Repo/Login Page/Internal User/Email Address'

2018-12-10 17:58:50 - [TEST_STEP][PASSED] - click: Object: 'Object Repository/Final Object Repo/Login Page/Internal User/Next Button' is clicked on

2018-12-10 17:58:50 - [MESSAGE][PASSED] - Object: 'Object Repository/Final Object Repo/Login Page/Internal User/Next Button' is clicked on

2018-12-10 17:58:50 - [TEST_STEP][PASSED] - delay: Delayed 1 second(s)

2018-12-10 17:58:51 - [MESSAGE][PASSED] - Delayed 1 second(s)

2018-12-10 17:58:51 - [TEST_STEP][PASSED] - setEncryptedText: Text ****** has been set on object 'Object Repository/Final Object Repo/Login Page/Internal User/Password'

2018-12-10 17:58:52 - [MESSAGE][PASSED] - Text ****** has been set on object 'Object Repository/Final Object Repo/Login Page/Internal User/Password'

2018-12-10 17:58:52 - [TEST_STEP][PASSED] - click: Object: 'Object Repository/Final Object Repo/Login Page/Internal User/Login Button' is clicked on

2018-12-10 17:58:52 - [MESSAGE][PASSED] - Object: 'Object Repository/Final Object Repo/Login Page/Internal User/Login Button' is clicked on

2018-12-10 17:58:52 - [TEST_STEP][PASSED] - delay: Delayed 1 second(s)

2018-12-10 17:58:53 - [MESSAGE][PASSED] - Delayed 1 second(s)

2018-12-10 17:58:53 - [TEST_STEP][PASSED] - Statement - Try: Delayed 2 second(s)

2018-12-10 17:58:53 - [TEST_STEP][PASSED] - Statement - Checker = false: null

2018-12-10 17:58:53 - [TEST_STEP][PASSED] - Statement - Checker = com.kms.katalon.core.webui.keyword.WebUiBuiltInKeywords.verifyElementHasAttribute(com.kms.katalon.core.testobject.ObjectRepository.findTestObject(Final Object Repo/Landing Page/BM Detecting), "href", 20, OPTIONAL): Object 'Object Repository/Final Object Repo/Landing Page/BM Detecting' has attribute 'href'

2018-12-10 17:58:54 - [MESSAGE][PASSED] - Object 'Object Repository/Final Object Repo/Landing Page/BM Detecting' has attribute 'href'

2018-12-10 17:58:54 - [TEST_STEP][PASSED] - Statement - out.println(Checker): null

2018-12-10 17:58:54 - [TEST_STEP][PASSED] - Statement - If (Checker == false): null

2018-12-10 17:58:54 - [TEST_STEP][PASSED] - Statement - Else: null

2018-12-10 17:58:54 - [TEST_STEP][PASSED] - delay: Delayed 2 second(s)

2018-12-10 17:58:56 - [MESSAGE][PASSED] - Delayed 2 second(s)

2018-12-10 17:58:56 - [TEST_STEP][PASSED] - navigateToUrl: Navigate to 'https://assist2-uat.perkeso.gov.my/web/registration/registration' successfully

2018-12-10 17:58:57 - [MESSAGE][PASSED] - Navigate to 'https://assist2-uat.perkeso.gov.my/web/registration/registration' successfully

2018-12-10 17:58:57 - [TEST_STEP][PASSED] - click: Object: 'Object Repository/Final Object Repo/New Registration - Registration Module Pages/Form 1/AEC - No' is clicked on

2018-12-10 17:58:57 - [MESSAGE][PASSED] - Object: 'Object Repository/Final Object Repo/New Registration - Registration Module Pages/Form 1/AEC - No' is clicked on

2018-12-10 17:58:57 - [TEST_STEP][PASSED] - click: Object: 'Object Repository/Final Object Repo/New Registration - Registration Module Pages/Form 1/Business Entity' is clicked on

2018-12-10 17:58:57 - [MESSAGE][PASSED] - Object: 'Object Repository/Final Object Repo/New Registration - Registration Module Pages/Form 1/Business Entity' is clicked on

2018-12-10 17:58:57 - [TEST_STEP][PASSED] - click: Object: 'Object Repository/Final Object Repo/New Registration - Registration Module Pages/Form 1/Business Entity - Partnership' is clicked on

2018-12-10 17:58:58 - [MESSAGE][PASSED] - Object: 'Object Repository/Final Object Repo/New Registration - Registration Module Pages/Form 1/Business Entity - Partnership' is clicked on

2018-12-10 17:58:58 - [TEST_STEP][PASSED] - delay: Delayed 1 second(s)

2018-12-10 17:58:59 - [MESSAGE][PASSED] - Delayed 1 second(s)

2018-12-10 17:58:59 - [TEST_STEP][PASSED] - click: Object: 'Object Repository/Final Object Repo/New Registration - Registration Module Pages/Form 1/Sub Business Entity' is clicked on

2018-12-10 17:58:59 - [MESSAGE][PASSED] - Object: 'Object Repository/Final Object Repo/New Registration - Registration Module Pages/Form 1/Sub Business Entity' is clicked on

2018-12-10 17:58:59 - [TEST_STEP][PASSED] - click: Object: 'Object Repository/Final Object Repo/New Registration - Registration Module Pages/Form 1/Sub Business Entity - Registered with other Age' is clicked on

2018-12-10 17:58:59 - [MESSAGE][PASSED] - Object: 'Object Repository/Final Object Repo/New Registration - Registration Module Pages/Form 1/Sub Business Entity - Registered with other Age' is clicked on

2018-12-10 17:58:59 - [TEST_STEP][PASSED] - delay: Delayed 1 second(s)

2018-12-10 17:59:00 - [MESSAGE][PASSED] - Delayed 1 second(s)

2018-12-10 17:59:00 - [TEST_STEP][PASSED] - setText: Text '123' is set on object 'Object Repository/Final Object Repo/New Registration - Registration Module Pages/Form 1/Registration Number'

2018-12-10 17:59:00 - [MESSAGE][PASSED] - Text '123' is set on object 'Object Repository/Final Object Repo/New Registration - Registration Module Pages/Form 1/Registration Number'

2018-12-10 17:59:00 - [TEST_STEP][NOT_RUN] - click: NOT_RUN: click

2018-12-10 17:59:00 - [MESSAGE][NOT_RUN] - NOT_RUN: click

2018-12-10 17:59:00 - [TEST_STEP][PASSED] - click: Object: 'Object Repository/Final Object Repo/New Registration - Registration Module Pages/Form 1/Registered As a Branch - Yes' is clicked on

2018-12-10 17:59:01 - [MESSAGE][PASSED] - Object: 'Object Repository/Final Object Repo/New Registration - Registration Module Pages/Form 1/Registered As a Branch - Yes' is clicked on

2018-12-10 17:59:01 - [TEST_STEP][PASSED] - click: Object: 'Object Repository/Final Object Repo/New Registration - Registration Module Pages/Form 1/Acknowledgement' is clicked on

2018-12-10 17:59:01 - [MESSAGE][PASSED] - Object: 'Object Repository/Final Object Repo/New Registration - Registration Module Pages/Form 1/Acknowledgement' is clicked on

2018-12-10 17:59:01 - [TEST_STEP][PASSED] - setText: Text 'perkeso' is set on object 'Object Repository/Final Object Repo/New Registration - Registration Module Pages/Form 1/Industry name'

2018-12-10 17:59:01 - [MESSAGE][PASSED] - Text 'perkeso' is set on object 'Object Repository/Final Object Repo/New Registration - Registration Module Pages/Form 1/Industry name'

2018-12-10 17:59:01 - [TEST_STEP][PASSED] - setText: Text 'perkeso1' is set on object 'Object Repository/Final Object Repo/New Registration - Registration Module Pages/Form 1/Postal Address1'

2018-12-10 17:59:01 - [MESSAGE][PASSED] - Text 'perkeso1' is set on object 'Object Repository/Final Object Repo/New Registration - Registration Module Pages/Form 1/Postal Address1'

2018-12-10 17:59:01 - [TEST_STEP][PASSED] - setText: Text 'perkeso2' is set on object 'Object Repository/Final Object Repo/New Registration - Registration Module Pages/Form 1/Postal Address2'

2018-12-10 17:59:02 - [MESSAGE][PASSED] - Text 'perkeso2' is set on object 'Object Repository/Final Object Repo/New Registration - Registration Module Pages/Form 1/Postal Address2'

2018-12-10 17:59:02 - [TEST_STEP][PASSED] - setText: Text 'perkeso3' is set on object 'Object Repository/Final Object Repo/New Registration - Registration Module Pages/Form 1/Postal Address3'

2018-12-10 17:59:02 - [MESSAGE][PASSED] - Text 'perkeso3' is set on object 'Object Repository/Final Object Repo/New Registration - Registration Module Pages/Form 1/Postal Address3'

2018-12-10 17:59:02 - [TEST_STEP][PASSED] - click: Object: 'Object Repository/Final Object Repo/New Registration - Registration Module Pages/Form 1/State' is clicked on

2018-12-10 17:59:02 - [MESSAGE][PASSED] - Object: 'Object Repository/Final Object Repo/New Registration - Registration Module Pages/Form 1/State' is clicked on

2018-12-10 17:59:02 - [TEST_STEP][PASSED] - click: Object: 'Object Repository/Final Object Repo/New Registration - Registration Module Pages/Form 1/State - Johor' is clicked on

2018-12-10 17:59:03 - [MESSAGE][PASSED] - Object: 'Object Repository/Final Object Repo/New Registration - Registration Module Pages/Form 1/State - Johor' is clicked on

2018-12-10 17:59:03 - [TEST_STEP][PASSED] - delay: Delayed 1 second(s)

2018-12-10 17:59:04 - [MESSAGE][PASSED] - Delayed 1 second(s)

2018-12-10 17:59:04 - [TEST_STEP][PASSED] - click: Object: 'Object Repository/Final Object Repo/New Registration - Registration Module Pages/Form 1/City' is clicked on

2018-12-10 17:59:04 - [MESSAGE][PASSED] - Object: 'Object Repository/Final Object Repo/New Registration - Registration Module Pages/Form 1/City' is clicked on

2018-12-10 17:59:04 - [TEST_STEP][PASSED] - setText: Text 'joh' is set on object 'Object Repository/Final Object Repo/New Registration - Registration Module Pages/Form 1/Postcode - 810'

2018-12-10 17:59:04 - [MESSAGE][PASSED] - Text 'joh' is set on object 'Object Repository/Final Object Repo/New Registration - Registration Module Pages/Form 1/Postcode - 810'

2018-12-10 17:59:04 - [TEST_STEP][PASSED] - delay: Delayed 1 second(s)

2018-12-10 17:59:05 - [MESSAGE][PASSED] - Delayed 1 second(s)

2018-12-10 17:59:05 - [TEST_STEP][PASSED] - click: Object: 'Object Repository/Final Object Repo/New Registration - Registration Module Pages/Form 1/City - Johor Bharu' is clicked on

2018-12-10 17:59:05 - [MESSAGE][PASSED] - Object: 'Object Repository/Final Object Repo/New Registration - Registration Module Pages/Form 1/City - Johor Bharu' is clicked on

2018-12-10 17:59:05 - [TEST_STEP][PASSED] - delay: Delayed 1 second(s)

2018-12-10 17:59:06 - [MESSAGE][PASSED] - Delayed 1 second(s)

2018-12-10 17:59:06 - [TEST_STEP][PASSED] - click: Object: 'Object Repository/Final Object Repo/New Registration - Registration Module Pages/Form 1/Postcode' is clicked on

2018-12-10 17:59:06 - [MESSAGE][PASSED] - Object: 'Object Repository/Final Object Repo/New Registration - Registration Module Pages/Form 1/Postcode' is clicked on

2018-12-10 17:59:06 - [TEST_STEP][PASSED] - delay: Delayed 1 second(s)

2018-12-10 17:59:07 - [MESSAGE][PASSED] - Delayed 1 second(s)

2018-12-10 17:59:07 - [TEST_STEP][PASSED] - setText: Text '810' is set on object 'Object Repository/Final Object Repo/New Registration - Registration Module Pages/Form 1/Postcode - 810'

2018-12-10 17:59:08 - [MESSAGE][PASSED] - Text '810' is set on object 'Object Repository/Final Object Repo/New Registration - Registration Module Pages/Form 1/Postcode - 810'

2018-12-10 17:59:08 - [TEST_STEP][PASSED] - delay: Delayed 1 second(s)

2018-12-10 17:59:09 - [MESSAGE][PASSED] - Delayed 1 second(s)

2018-12-10 17:59:09 - [TEST_STEP][PASSED] - click: Object: 'Object Repository/Final Object Repo/New Registration - Registration Module Pages/Form 1/Postcode - 81000' is clicked on

2018-12-10 17:59:09 - [MESSAGE][PASSED] - Object: 'Object Repository/Final Object Repo/New Registration - Registration Module Pages/Form 1/Postcode - 81000' is clicked on

2018-12-10 17:59:09 - [TEST_STEP][PASSED] - delay: Delayed 1 second(s)

2018-12-10 17:59:10 - [MESSAGE][PASSED] - Delayed 1 second(s)

2018-12-10 17:59:10 - [TEST_STEP][PASSED] - setText: Text '100' is set on object 'Object Repository/Final Object Repo/New Registration - Registration Module Pages/Form 1/P.O.BOX'

2018-12-10 17:59:10 - [MESSAGE][PASSED] - Text '100' is set on object 'Object Repository/Final Object Repo/New Registration - Registration Module Pages/Form 1/P.O.BOX'

2018-12-10 17:59:10 - [TEST_STEP][PASSED] - setText: Text '100' is set on object 'Object Repository/Final Object Repo/New Registration - Registration Module Pages/Form 1/Locked Bag No'

2018-12-10 17:59:10 - [MESSAGE][PASSED] - Text '100' is set on object 'Object Repository/Final Object Repo/New Registration - Registration Module Pages/Form 1/Locked Bag No'

2018-12-10 17:59:10 - [TEST_STEP][PASSED] - click: Object: 'Object Repository/Final Object Repo/New Registration - Registration Module Pages/Form 1/SOCSO Office Location' is clicked on

2018-12-10 17:59:10 - [MESSAGE][PASSED] - Object: 'Object Repository/Final Object Repo/New Registration - Registration Module Pages/Form 1/SOCSO Office Location' is clicked on

2018-12-10 17:59:10 - [TEST_STEP][PASSED] - click: Object: 'Object Repository/Final Object Repo/New Registration - Registration Module Pages/Form 1/SOCSO Office Location - Pejabat PERKESO Negeri Johor' is clicked on

2018-12-10 17:59:11 - [MESSAGE][PASSED] - Object: 'Object Repository/Final Object Repo/New Registration - Registration Module Pages/Form 1/SOCSO Office Location - Pejabat PERKESO Negeri Johor' is clicked on

2018-12-10 17:59:11 - [TEST_STEP][PASSED] - delay: Delayed 1 second(s)

2018-12-10 17:59:12 - [MESSAGE][PASSED] - Delayed 1 second(s)

2018-12-10 17:59:12 - [TEST_STEP][PASSED] - check: Object 'Object Repository/Final Object Repo/New Registration - Registration Module Pages/Form 1/Indusrty Address Same As Postal Address' is checked

2018-12-10 17:59:12 - [MESSAGE][PASSED] - Object 'Object Repository/Final Object Repo/New Registration - Registration Module Pages/Form 1/Indusrty Address Same As Postal Address' is checked

2018-12-10 17:59:12 - [TEST_STEP][PASSED] - delay: Delayed 3 second(s)

2018-12-10 17:59:15 - [MESSAGE][PASSED] - Delayed 3 second(s)

2018-12-10 17:59:15 - [TEST_STEP][PASSED] - click: Object: 'Object Repository/Final Object Repo/New Registration - Registration Module Pages/Form 1/Indusry Address Same As Postal Address False' is clicked on

2018-12-10 17:59:15 - [MESSAGE][PASSED] - Object: 'Object Repository/Final Object Repo/New Registration - Registration Module Pages/Form 1/Indusry Address Same As Postal Address False' is clicked on

2018-12-10 17:59:15 - [TEST_STEP][PASSED] - delay: Delayed 1 second(s)

2018-12-10 17:59:16 - [MESSAGE][PASSED] - Delayed 1 second(s)

2018-12-10 17:59:16 - [TEST_STEP][PASSED] - setText: Text 'perkeso1' is set on object 'Object Repository/Final Object Repo/New Registration - Registration Module Pages/Form 1/Industry Address1'

2018-12-10 17:59:17 - [MESSAGE][PASSED] - Text 'perkeso1' is set on object 'Object Repository/Final Object Repo/New Registration - Registration Module Pages/Form 1/Industry Address1'

2018-12-10 17:59:17 - [TEST_STEP][PASSED] - setText: Text 'perkeso2' is set on object 'Object Repository/Final Object Repo/New Registration - Registration Module Pages/Form 1/Industry Address2'

2018-12-10 17:59:17 - [MESSAGE][PASSED] - Text 'perkeso2' is set on object 'Object Repository/Final Object Repo/New Registration - Registration Module Pages/Form 1/Industry Address2'

2018-12-10 17:59:17 - [TEST_STEP][PASSED] - setText: Text 'perkeso3' is set on object 'Object Repository/Final Object Repo/New Registration - Registration Module Pages/Form 1/Industry Address3'

2018-12-10 17:59:17 - [MESSAGE][PASSED] - Text 'perkeso3' is set on object 'Object Repository/Final Object Repo/New Registration - Registration Module Pages/Form 1/Industry Address3'

2018-12-10 17:59:17 - [TEST_STEP][PASSED] - click: Object: 'Object Repository/Final Object Repo/New Registration - Registration Module Pages/Form 1/Industry State' is clicked on

2018-12-10 17:59:17 - [MESSAGE][PASSED] - Object: 'Object Repository/Final Object Repo/New Registration - Registration Module Pages/Form 1/Industry State' is clicked on

2018-12-10 17:59:17 - [TEST_STEP][PASSED] - delay: Delayed 2 second(s)

2018-12-10 17:59:19 - [MESSAGE][PASSED] - Delayed 2 second(s)

2018-12-10 17:59:19 - [TEST_STEP][PASSED] - click: Object: 'Object Repository/Final Object Repo/New Registration - Registration Module Pages/Form 1/Industry State - Johor' is clicked on

2018-12-10 17:59:20 - [MESSAGE][PASSED] - Object: 'Object Repository/Final Object Repo/New Registration - Registration Module Pages/Form 1/Industry State - Johor' is clicked on

2018-12-10 17:59:20 - [TEST_STEP][PASSED] - delay: Delayed 2 second(s)

2018-12-10 17:59:22 - [MESSAGE][PASSED] - Delayed 2 second(s)

2018-12-10 17:59:22 - [TEST_STEP][PASSED] - click: Object: 'Object Repository/Final Object Repo/New Registration - Registration Module Pages/Form 1/Industry Ciry' is clicked on

2018-12-10 17:59:22 - [MESSAGE][PASSED] - Object: 'Object Repository/Final Object Repo/New Registration - Registration Module Pages/Form 1/Industry Ciry' is clicked on

2018-12-10 17:59:22 - [TEST_STEP][PASSED] - setText: Text 'joh' is set on object 'Object Repository/Final Object Repo/New Registration - Registration Module Pages/Form 1/Industry Ciry - joh'

2018-12-10 17:59:22 - [MESSAGE][PASSED] - Text 'joh' is set on object 'Object Repository/Final Object Repo/New Registration - Registration Module Pages/Form 1/Industry Ciry - joh'

2018-12-10 17:59:22 - [TEST_STEP][PASSED] - delay: Delayed 2 second(s)

2018-12-10 17:59:24 - [MESSAGE][PASSED] - Delayed 2 second(s)

2018-12-10 17:59:24 - [TEST_STEP][PASSED] - click: Object: 'Object Repository/Final Object Repo/New Registration - Registration Module Pages/Form 1/Industy State - Johor Bharu' is clicked on

2018-12-10 17:59:24 - [MESSAGE][PASSED] - Object: 'Object Repository/Final Object Repo/New Registration - Registration Module Pages/Form 1/Industy State - Johor Bharu' is clicked on

2018-12-10 17:59:24 - [TEST_STEP][PASSED] - delay: Delayed 1 second(s)

2018-12-10 17:59:25 - [MESSAGE][PASSED] - Delayed 1 second(s)

2018-12-10 17:59:25 - [TEST_STEP][PASSED] - click: Object: 'Object Repository/Final Object Repo/New Registration - Registration Module Pages/Form 1/Indusry PostCode' is clicked on

2018-12-10 17:59:25 - [MESSAGE][PASSED] - Object: 'Object Repository/Final Object Repo/New Registration - Registration Module Pages/Form 1/Indusry PostCode' is clicked on

2018-12-10 17:59:25 - [TEST_STEP][PASSED] - delay: Delayed 1 second(s)

2018-12-10 17:59:26 - [MESSAGE][PASSED] - Delayed 1 second(s)

2018-12-10 17:59:26 - [TEST_STEP][PASSED] - setText: Text '810' is set on object 'Object Repository/Final Object Repo/New Registration - Registration Module Pages/Form 1/Insutry Post Code - 810'

2018-12-10 17:59:27 - [MESSAGE][PASSED] - Text '810' is set on object 'Object Repository/Final Object Repo/New Registration - Registration Module Pages/Form 1/Insutry Post Code - 810'

2018-12-10 17:59:27 - [TEST_STEP][PASSED] - delay: Delayed 1 second(s)

2018-12-10 17:59:28 - [MESSAGE][PASSED] - Delayed 1 second(s)

2018-12-10 17:59:28 - [TEST_STEP][PASSED] - click: Object: 'Object Repository/Final Object Repo/New Registration - Registration Module Pages/Form 1/Insutry Post Code - 81000' is clicked on

2018-12-10 17:59:28 - [MESSAGE][PASSED] - Object: 'Object Repository/Final Object Repo/New Registration - Registration Module Pages/Form 1/Insutry Post Code - 81000' is clicked on

2018-12-10 17:59:28 - [TEST_STEP][PASSED] - delay: Delayed 1 second(s)

2018-12-10 17:59:29 - [MESSAGE][PASSED] - Delayed 1 second(s)

2018-12-10 17:59:29 - [TEST_STEP][PASSED] - setText: Text '100' is set on object 'Object Repository/Final Object Repo/New Registration - Registration Module Pages/Form 1/Industry P.O.BOX'

2018-12-10 17:59:29 - [MESSAGE][PASSED] - Text '100' is set on object 'Object Repository/Final Object Repo/New Registration - Registration Module Pages/Form 1/Industry P.O.BOX'

2018-12-10 17:59:29 - [TEST_STEP][PASSED] - setText: Text '100' is set on object 'Object Repository/Final Object Repo/New Registration - Registration Module Pages/Form 1/Industry Locked Bag No'

2018-12-10 17:59:29 - [MESSAGE][PASSED] - Text '100' is set on object 'Object Repository/Final Object Repo/New Registration - Registration Module Pages/Form 1/Industry Locked Bag No'

2018-12-10 17:59:29 - [TEST_STEP][PASSED] - setText: Text '123456789' is set on object 'Object Repository/Final Object Repo/New Registration - Registration Module Pages/Form 1/Telephone No'

2018-12-10 17:59:30 - [MESSAGE][PASSED] - Text '123456789' is set on object 'Object Repository/Final Object Repo/New Registration - Registration Module Pages/Form 1/Telephone No'

2018-12-10 17:59:30 - [TEST_STEP][PASSED] - setText: Text '123456789' is set on object 'Object Repository/Final Object Repo/New Registration - Registration Module Pages/Form 1/Mobile No'

2018-12-10 17:59:30 - [MESSAGE][PASSED] - Text '123456789' is set on object 'Object Repository/Final Object Repo/New Registration - Registration Module Pages/Form 1/Mobile No'

2018-12-10 17:59:30 - [TEST_STEP][PASSED] - setText: Text '123456789' is set on object 'Object Repository/Final Object Repo/New Registration - Registration Module Pages/Form 1/Fax No'

2018-12-10 17:59:30 - [MESSAGE][PASSED] - Text '123456789' is set on object 'Object Repository/Final Object Repo/New Registration - Registration Module Pages/Form 1/Fax No'

2018-12-10 17:59:30 - [TEST_STEP][PASSED] - click: Object: 'Object Repository/Final Object Repo/New Registration - Registration Module Pages/Form 1/Industry Code' is clicked on

2018-12-10 17:59:31 - [MESSAGE][PASSED] - Object: 'Object Repository/Final Object Repo/New Registration - Registration Module Pages/Form 1/Industry Code' is clicked on

2018-12-10 17:59:31 - [TEST_STEP][PASSED] - click: Object: 'Object Repository/Final Object Repo/New Registration - Registration Module Pages/Form 1/Indudustry Code - Crops and Animal' is clicked on

2018-12-10 17:59:31 - [MESSAGE][PASSED] - Object: 'Object Repository/Final Object Repo/New Registration - Registration Module Pages/Form 1/Indudustry Code - Crops and Animal' is clicked on

2018-12-10 17:59:31 - [TEST_STEP][PASSED] - delay: Delayed 1 second(s)

2018-12-10 17:59:32 - [MESSAGE][PASSED] - Delayed 1 second(s)

2018-12-10 17:59:32 - [TEST_STEP][PASSED] - click: Object: 'Object Repository/Final Object Repo/New Registration - Registration Module Pages/Form 1/Sub Industry Code List' is clicked on

2018-12-10 17:59:32 - [MESSAGE][PASSED] - Object: 'Object Repository/Final Object Repo/New Registration - Registration Module Pages/Form 1/Sub Industry Code List' is clicked on

2018-12-10 17:59:32 - [TEST_STEP][PASSED] - click: Object: 'Object Repository/Final Object Repo/New Registration - Registration Module Pages/Form 1/Sub Industry Code List - Growing of Maize' is clicked on

2018-12-10 17:59:32 - [MESSAGE][PASSED] - Object: 'Object Repository/Final Object Repo/New Registration - Registration Module Pages/Form 1/Sub Industry Code List - Growing of Maize' is clicked on

2018-12-10 17:59:32 - [TEST_STEP][PASSED] - setText: Text 'perkeso123@gmail.com' is set on object 'Object Repository/Final Object Repo/New Registration - Registration Module Pages/Form 1/Email'

2018-12-10 17:59:33 - [MESSAGE][PASSED] - Text 'perkeso123@gmail.com' is set on object 'Object Repository/Final Object Repo/New Registration - Registration Module Pages/Form 1/Email'

2018-12-10 17:59:33 - [TEST_STEP][PASSED] - click: Object: 'Object Repository/Final Object Repo/New Registration - Registration Module Pages/Form 1/Method of Contribution Payment' is clicked on

2018-12-10 17:59:33 - [MESSAGE][PASSED] - Object: 'Object Repository/Final Object Repo/New Registration - Registration Module Pages/Form 1/Method of Contribution Payment' is clicked on

2018-12-10 17:59:33 - [TEST_STEP][PASSED] - click: Object: 'Object Repository/Final Object Repo/New Registration - Registration Module Pages/Form 1/Method of Contribution Payment - Portal' is clicked on

2018-12-10 17:59:33 - [MESSAGE][PASSED] - Object: 'Object Repository/Final Object Repo/New Registration - Registration Module Pages/Form 1/Method of Contribution Payment - Portal' is clicked on

2018-12-10 17:59:34 - [TEST_STEP][PASSED] - click: Object: 'Object Repository/Final Object Repo/New Registration - Registration Module Pages/Form 1/Servide Type' is clicked on

2018-12-10 17:59:34 - [MESSAGE][PASSED] - Object: 'Object Repository/Final Object Repo/New Registration - Registration Module Pages/Form 1/Servide Type' is clicked on

2018-12-10 17:59:34 - [TEST_STEP][PASSED] - click: Object: 'Object Repository/Final Object Repo/New Registration - Registration Module Pages/Form 1/Servide Type - Professional Bodies' is clicked on

2018-12-10 17:59:34 - [MESSAGE][PASSED] - Object: 'Object Repository/Final Object Repo/New Registration - Registration Module Pages/Form 1/Servide Type - Professional Bodies' is clicked on

2018-12-10 17:59:34 - [TEST_STEP][PASSED] - click: Object: 'Object Repository/Final Object Repo/New Registration - Registration Module Pages/Form 1/Industry Venue' is clicked on

2018-12-10 17:59:34 - [MESSAGE][PASSED] - Object: 'Object Repository/Final Object Repo/New Registration - Registration Module Pages/Form 1/Industry Venue' is clicked on

2018-12-10 17:59:34 - [TEST_STEP][PASSED] - click: Object: 'Object Repository/Final Object Repo/New Registration - Registration Module Pages/Form 1/Industry Venue -  PPN JOHOR' is clicked on

2018-12-10 17:59:34 - [MESSAGE][PASSED] - Object: 'Object Repository/Final Object Repo/New Registration - Registration Module Pages/Form 1/Industry Venue -  PPN JOHOR' is clicked on

2018-12-10 17:59:34 - [TEST_STEP][PASSED] - click: Object: 'Object Repository/Final Object Repo/New Registration - Registration Module Pages/Form 1/Save  Continue' is clicked on

2018-12-10 17:59:35 - [MESSAGE][PASSED] - Object: 'Object Repository/Final Object Repo/New Registration - Registration Module Pages/Form 1/Save  Continue' is clicked on

2018-12-10 17:59:35 - [MESSAGE][PASSED] - Call Test Case 'Test Cases/Final Aug 2018 - PKS Automation/Registration Module/New Registration/Form 1/Form 1 - Partnership - Registered with other Agencies' successfully

2018-12-10 17:59:35 - [TEST_STEP][PASSED] - callTestCase: Call Test Case 'Test Cases/Final Aug 2018 - PKS Automation/Registration Module/New Registration/Form 2/Add 2 Eligible 2 Not Eligible' successfully

2018-12-10 17:59:35 - [TEST_CASE][PASSED] - Test Cases/Final Aug 2018 - PKS Automation/Registration Module/New Registration/Form 2/Add 2 Eligible 2 Not Eligible: Test Cases/Final Aug 2018 - PKS Automation/Registration Module/New Registration/Form 2/Add 2 Eligible 2 Not Eligible

2018-12-10 17:59:35 - [TEST_STEP][PASSED] - delay: Delayed 2 second(s)

2018-12-10 17:59:37 - [MESSAGE][PASSED] - Delayed 2 second(s)

2018-12-10 17:59:37 - [TEST_STEP][PASSED] - callTestCase: Call Test Case 'Test Cases/Final Aug 2018 - PKS Automation/Registration Module/New Registration/Form 2/Date Updater' successfully

2018-12-10 17:59:37 - [TEST_CASE][PASSED] - Test Cases/Final Aug 2018 - PKS Automation/Registration Module/New Registration/Form 2/Date Updater: Test Cases/Final Aug 2018 - PKS Automation/Registration Module/New Registration/Form 2/Date Updater

2018-12-10 17:59:37 - [TEST_STEP][PASSED] - Statement - TodayDate = new java.util.Date(): null

2018-12-10 17:59:37 - [TEST_STEP][PASSED] - Statement - CurrentDateNoFilter = new java.text.SimpleDateFormat(): null

2018-12-10 17:59:37 - [TEST_STEP][PASSED] - Statement - CurrentDateNoFilter.applyPattern("MM"): null

2018-12-10 17:59:37 - [TEST_STEP][PASSED] - Statement - monthContainerMatcher = java.lang.Integer.parseInt(CurrentDateNoFilter.format(TodayDate)): null

2018-12-10 17:59:37 - [TEST_STEP][PASSED] - Statement - monthContainerMatcher = monthContainerMatcher - 1: null

2018-12-10 17:59:37 - [TEST_STEP][PASSED] - Statement - CurrentMonth = monthContainerMatcher.toString(): null

2018-12-10 17:59:37 - [TEST_STEP][PASSED] - Statement - CurrentMonth = CurrentMonth: null

2018-12-10 17:59:37 - [TEST_STEP][PASSED] - Statement - CurrentDateNoFilter.applyPattern("yyyy"): null

2018-12-10 17:59:37 - [TEST_STEP][PASSED] - Statement - CurrentYear = CurrentDateNoFilter.format(TodayDate): null

2018-12-10 17:59:37 - [TEST_STEP][PASSED] - Statement - CurrentYear = CurrentYear: null

2018-12-10 17:59:37 - [TEST_STEP][PASSED] - Statement - intCurrentYear = java.lang.Integer.parseInt(CurrentDateNoFilter.format(TodayDate)): null

2018-12-10 17:59:37 - [TEST_STEP][PASSED] - Statement - eighteenYrsAgo = intCurrentYear - 18: null

2018-12-10 17:59:37 - [TEST_STEP][PASSED] - Statement - eighteenYrsBeforeThisYr = eighteenYrsAgo.toString(): null

2018-12-10 17:59:37 - [TEST_STEP][PASSED] - Statement - EighteenYrsBefore = eighteenYrsBeforeThisYr: null

2018-12-10 17:59:37 - [TEST_STEP][PASSED] - Statement - fiftysevenYrsAgo = intCurrentYear - 57: null

2018-12-10 17:59:37 - [TEST_STEP][PASSED] - Statement - fiftysevenYrsBeforeThisYr = fiftysevenYrsAgo.toString(): null

2018-12-10 17:59:37 - [TEST_STEP][PASSED] - Statement - FiftysevenYrsBefore = fiftysevenYrsBeforeThisYr: null

2018-12-10 17:59:37 - [TEST_STEP][PASSED] - Statement - leapYear = false: null

2018-12-10 17:59:37 - [TEST_STEP][PASSED] - Statement - leapYear = intCurrentYear % 4 == 0: null

2018-12-10 17:59:37 - [TEST_STEP][PASSED] - Statement - CurrentDateNoFilter.applyPattern("dd"): null

2018-12-10 17:59:37 - [TEST_STEP][PASSED] - Statement - CurrentDate = CurrentDateNoFilter.format(TodayDate): null

2018-12-10 17:59:37 - [TEST_STEP][PASSED] - Statement - CurrentDate = java.lang.Integer.parseInt(CurrentDate): null

2018-12-10 17:59:37 - [TEST_STEP][PASSED] - Statement - CurrentDate = CurrentDate: null

2018-12-10 17:59:37 - [TEST_STEP][PASSED] - Statement - CurrentDay = java.lang.Integer.parseInt(CurrentDate): null

2018-12-10 17:59:37 - [TEST_STEP][PASSED] - Statement - ConfAdder = <not implemented yet for class: org.codehaus.groovy.ast.expr.EmptyExpression>: null

2018-12-10 17:59:37 - [TEST_STEP][PASSED] - Statement - out.println(CurrentMonth): null

2018-12-10 17:59:37 - [TEST_STEP][PASSED] - Statement - out.println(CurrentDate): null

2018-12-10 17:59:37 - [TEST_STEP][PASSED] - Statement - switch (CurrentDate): null

2018-12-10 17:59:37 - [TEST_STEP][PASSED] - Statement - Default: null

2018-12-10 17:59:37 - [TEST_STEP][PASSED] - Statement - ConfAdder = true: null

2018-12-10 17:59:37 - [TEST_STEP][PASSED] - Statement - Break: null

2018-12-10 17:59:37 - [TEST_STEP][PASSED] - Statement - aDayBefore = <not implemented yet for class: org.codehaus.groovy.ast.expr.EmptyExpression>: null

2018-12-10 17:59:37 - [TEST_STEP][PASSED] - Statement - out.println(ConfAdder): null

2018-12-10 17:59:37 - [TEST_STEP][PASSED] - Statement - If (ConfAdder == true): null

2018-12-10 17:59:37 - [TEST_STEP][PASSED] - Statement - aDayBefore = CurrentDay + 1: null

2018-12-10 17:59:37 - [TEST_STEP][PASSED] - Statement - out.println(aDayBefore): null

2018-12-10 17:59:37 - [TEST_STEP][PASSED] - Statement - If (aDayBefore == 1 && CurrentMonth == 11): null

2018-12-10 17:59:37 - [TEST_STEP][PASSED] - Statement - DayBefore = aDayBefore.toString(): null

2018-12-10 17:59:37 - [TEST_STEP][PASSED] - Statement - OneDayBefore = DayBefore: null

2018-12-10 17:59:37 - [MESSAGE][PASSED] - Call Test Case 'Test Cases/Final Aug 2018 - PKS Automation/Registration Module/New Registration/Form 2/Date Updater' successfully

2018-12-10 17:59:37 - [TEST_STEP][PASSED] - delay: Delayed 1 second(s)

2018-12-10 17:59:38 - [MESSAGE][PASSED] - Delayed 1 second(s)

2018-12-10 17:59:38 - [TEST_STEP][PASSED] - Statement - CaseReferenceNo = com.kms.katalon.core.webui.keyword.WebUiBuiltInKeywords.getText(com.kms.katalon.core.testobject.ObjectRepository.findTestObject(Final Object Repo/New Registration - Registration Module Pages/Form 2/RefNo Acquiring)): Text of object 'Object Repository/Final Object Repo/New Registration - Registration Module Pages/Form 2/RefNo Acquiring' is: 'CRN12201800123140'

2018-12-10 17:59:38 - [MESSAGE][PASSED] - Text of object 'Object Repository/Final Object Repo/New Registration - Registration Module Pages/Form 2/RefNo Acquiring' is: 'CRN12201800123140'

2018-12-10 17:59:38 - [TEST_STEP][PASSED] - delay: Delayed 1 second(s)

2018-12-10 17:59:39 - [MESSAGE][PASSED] - Delayed 1 second(s)

2018-12-10 17:59:39 - [TEST_STEP][PASSED] - click: Object: 'Object Repository/Final Object Repo/New Registration - Registration Module Pages/Form 2/Add Employee Button' is clicked on

2018-12-10 17:59:39 - [MESSAGE][PASSED] - Object: 'Object Repository/Final Object Repo/New Registration - Registration Module Pages/Form 2/Add Employee Button' is clicked on

2018-12-10 17:59:39 - [TEST_STEP][PASSED] - delay: Delayed 4 second(s)

2018-12-10 17:59:43 - [MESSAGE][PASSED] - Delayed 4 second(s)

2018-12-10 17:59:43 - [TEST_STEP][PASSED] - setText: Text '010903091927' is set on object 'Object Repository/Final Object Repo/New Registration - Registration Module Pages/Form 2/NRIC Input'

2018-12-10 17:59:43 - [MESSAGE][PASSED] - Text '010903091927' is set on object 'Object Repository/Final Object Repo/New Registration - Registration Module Pages/Form 2/NRIC Input'

2018-12-10 17:59:43 - [TEST_STEP][PASSED] - click: Object: 'Object Repository/Final Object Repo/New Registration - Registration Module Pages/Form 2/button for search for IC' is clicked on

2018-12-10 17:59:44 - [MESSAGE][PASSED] - Object: 'Object Repository/Final Object Repo/New Registration - Registration Module Pages/Form 2/button for search for IC' is clicked on

2018-12-10 17:59:44 - [TEST_STEP][PASSED] - delay: Delayed 2 second(s)

2018-12-10 17:59:46 - [MESSAGE][PASSED] - Delayed 2 second(s)

2018-12-10 17:59:46 - [TEST_STEP][PASSED] - setText: Text 'Automate001 eligible 1' is set on object 'Object Repository/Final Object Repo/New Registration - Registration Module Pages/Form 2/Employee Name Input'

2018-12-10 17:59:46 - [MESSAGE][PASSED] - Text 'Automate001 eligible 1' is set on object 'Object Repository/Final Object Repo/New Registration - Registration Module Pages/Form 2/Employee Name Input'

2018-12-10 17:59:46 - [TEST_STEP][PASSED] - delay: Delayed 2 second(s)

2018-12-10 17:59:48 - [MESSAGE][PASSED] - Delayed 2 second(s)

2018-12-10 17:59:48 - [TEST_STEP][PASSED] - click: Object: 'Object Repository/Final Object Repo/New Registration - Registration Module Pages/Form 2/DatePicker Pop Up' is clicked on

2018-12-10 17:59:48 - [MESSAGE][PASSED] - Object: 'Object Repository/Final Object Repo/New Registration - Registration Module Pages/Form 2/DatePicker Pop Up' is clicked on

2018-12-10 17:59:48 - [TEST_STEP][PASSED] - click: Object: 'Object Repository/Final Object Repo/New Registration - Registration Module Pages/Form 2/DOB Month' is clicked on

2018-12-10 17:59:48 - [MESSAGE][PASSED] - Object: 'Object Repository/Final Object Repo/New Registration - Registration Module Pages/Form 2/DOB Month' is clicked on

2018-12-10 17:59:48 - [TEST_STEP][PASSED] - Statement - CurrentMonth = CurrentMonth: null

2018-12-10 17:59:48 - [TEST_STEP][PASSED] - Statement - selectMonth = new com.kms.katalon.core.testobject.TestObject(): null

2018-12-10 17:59:48 - [TEST_STEP][PASSED] - Statement - selectMonth.addProperty("xpath", EQUALS, "//body/div/div/div/select/option[@value='" + CurrentMonth + "']", true): null

2018-12-10 17:59:48 - [TEST_STEP][PASSED] - click: Object: '' is clicked on

2018-12-10 17:59:49 - [MESSAGE][PASSED] - Object: '' is clicked on

2018-12-10 17:59:49 - [TEST_STEP][PASSED] - click: Object: 'Object Repository/Final Object Repo/New Registration - Registration Module Pages/Form 2/DOB Year' is clicked on

2018-12-10 17:59:49 - [MESSAGE][PASSED] - Object: 'Object Repository/Final Object Repo/New Registration - Registration Module Pages/Form 2/DOB Year' is clicked on

2018-12-10 17:59:49 - [TEST_STEP][PASSED] - Statement - Eyearsbf = EighteenYrsBefore: null

2018-12-10 17:59:49 - [TEST_STEP][PASSED] - Statement - selectYear = new com.kms.katalon.core.testobject.TestObject(): null

2018-12-10 17:59:49 - [TEST_STEP][PASSED] - Statement - selectYear.addProperty("xpath", EQUALS, "//div/div/div/select/option[@value='" + Eyearsbf + "']", true): null

2018-12-10 17:59:49 - [TEST_STEP][PASSED] - click: Object: '' is clicked on

2018-12-10 17:59:49 - [MESSAGE][PASSED] - Object: '' is clicked on

2018-12-10 17:59:49 - [TEST_STEP][PASSED] - Statement - UpdatedSelectDate = com.kms.katalon.core.webui.keyword.WebUiBuiltInKeywords.modifyObjectProperty(com.kms.katalon.core.testobject.ObjectRepository.findTestObject(Final Object Repo/New Registration - Registration Module Pages/Form 2/DOB Date), "xpath", "equals", "//body/div/table/tbody/tr/td/a[text()="" + CurrentDate + ""]", true): Modify property of object successfully

2018-12-10 17:59:49 - [MESSAGE][PASSED] - Modify property of object successfully

2018-12-10 17:59:49 - [TEST_STEP][PASSED] - delay: Delayed 3 second(s)

2018-12-10 17:59:52 - [MESSAGE][PASSED] - Delayed 3 second(s)

2018-12-10 17:59:52 - [TEST_STEP][PASSED] - click: Object: 'Object Repository/Final Object Repo/New Registration - Registration Module Pages/Form 2/DOB Date' is clicked on

2018-12-10 17:59:52 - [MESSAGE][PASSED] - Object: 'Object Repository/Final Object Repo/New Registration - Registration Module Pages/Form 2/DOB Date' is clicked on

2018-12-10 17:59:52 - [TEST_STEP][PASSED] - delay: Delayed 2 second(s)

2018-12-10 17:59:54 - [MESSAGE][PASSED] - Delayed 2 second(s)

2018-12-10 17:59:54 - [TEST_STEP][PASSED] - click: Object: 'Object Repository/Final Object Repo/New Registration - Registration Module Pages/Form 2/EmploymentStartDate Pop Up' is clicked on

2018-12-10 17:59:54 - [MESSAGE][PASSED] - Object: 'Object Repository/Final Object Repo/New Registration - Registration Module Pages/Form 2/EmploymentStartDate Pop Up' is clicked on

2018-12-10 17:59:54 - [TEST_STEP][PASSED] - delay: Delayed 2 second(s)

2018-12-10 17:59:56 - [MESSAGE][PASSED] - Delayed 2 second(s)

2018-12-10 17:59:56 - [TEST_STEP][PASSED] - click: Object: 'Object Repository/Final Object Repo/New Registration - Registration Module Pages/Form 2/Socso Employment StartDate Month' is clicked on

2018-12-10 17:59:56 - [MESSAGE][PASSED] - Object: 'Object Repository/Final Object Repo/New Registration - Registration Module Pages/Form 2/Socso Employment StartDate Month' is clicked on

2018-12-10 17:59:56 - [TEST_STEP][PASSED] - delay: Delayed 1 second(s)

2018-12-10 17:59:57 - [MESSAGE][PASSED] - Delayed 1 second(s)

2018-12-10 17:59:57 - [TEST_STEP][PASSED] - click: Object: 'Object Repository/Final Object Repo/New Registration - Registration Module Pages/Form 2/Select Socso Employement Startdate Month' is clicked on

2018-12-10 17:59:58 - [MESSAGE][PASSED] - Object: 'Object Repository/Final Object Repo/New Registration - Registration Module Pages/Form 2/Select Socso Employement Startdate Month' is clicked on

2018-12-10 17:59:58 - [TEST_STEP][PASSED] - delay: Delayed 2 second(s)

2018-12-10 18:00:00 - [MESSAGE][PASSED] - Delayed 2 second(s)

2018-12-10 18:00:00 - [TEST_STEP][PASSED] - click: Object: 'Object Repository/Final Object Repo/New Registration - Registration Module Pages/Form 2/Socso Employment StartDate Year' is clicked on

2018-12-10 18:00:00 - [MESSAGE][PASSED] - Object: 'Object Repository/Final Object Repo/New Registration - Registration Module Pages/Form 2/Socso Employment StartDate Year' is clicked on

2018-12-10 18:00:00 - [TEST_STEP][PASSED] - delay: Delayed 1 second(s)

2018-12-10 18:00:01 - [MESSAGE][PASSED] - Delayed 1 second(s)

2018-12-10 18:00:01 - [TEST_STEP][PASSED] - click: Object: 'Object Repository/Final Object Repo/New Registration - Registration Module Pages/Form 2/Select Socso Employment Startdate Year' is clicked on

2018-12-10 18:00:01 - [MESSAGE][PASSED] - Object: 'Object Repository/Final Object Repo/New Registration - Registration Module Pages/Form 2/Select Socso Employment Startdate Year' is clicked on

2018-12-10 18:00:01 - [TEST_STEP][PASSED] - delay: Delayed 2 second(s)

2018-12-10 18:00:03 - [MESSAGE][PASSED] - Delayed 2 second(s)

2018-12-10 18:00:03 - [TEST_STEP][PASSED] - click: Object: 'Object Repository/Final Object Repo/New Registration - Registration Module Pages/Form 2/Socso Employment Start Date Day' is clicked on

2018-12-10 18:00:03 - [MESSAGE][PASSED] - Object: 'Object Repository/Final Object Repo/New Registration - Registration Module Pages/Form 2/Socso Employment Start Date Day' is clicked on

2018-12-10 18:00:03 - [TEST_STEP][PASSED] - delay: Delayed 2 second(s)

2018-12-10 18:00:05 - [MESSAGE][PASSED] - Delayed 2 second(s)

2018-12-10 18:00:05 - [TEST_STEP][PASSED] - click: Object: 'Object Repository/Final Object Repo/New Registration - Registration Module Pages/Form 2/Save Button for Add Employee' is clicked on

2018-12-10 18:00:05 - [MESSAGE][PASSED] - Object: 'Object Repository/Final Object Repo/New Registration - Registration Module Pages/Form 2/Save Button for Add Employee' is clicked on

2018-12-10 18:00:05 - [TEST_STEP][PASSED] - delay: Delayed 6 second(s)

2018-12-10 18:00:11 - [MESSAGE][PASSED] - Delayed 6 second(s)

2018-12-10 18:00:11 - [TEST_STEP][PASSED] - click: Object: 'Object Repository/Final Object Repo/New Registration - Registration Module Pages/Form 2/Add Employee Button' is clicked on

2018-12-10 18:00:11 - [MESSAGE][PASSED] - Object: 'Object Repository/Final Object Repo/New Registration - Registration Module Pages/Form 2/Add Employee Button' is clicked on

2018-12-10 18:00:11 - [TEST_STEP][PASSED] - delay: Delayed 4 second(s)

2018-12-10 18:00:15 - [MESSAGE][PASSED] - Delayed 4 second(s)

2018-12-10 18:00:15 - [TEST_STEP][PASSED] - setText: Text '620904059691' is set on object 'Object Repository/Final Object Repo/New Registration - Registration Module Pages/Form 2/NRIC Input'

2018-12-10 18:00:16 - [MESSAGE][PASSED] - Text '620904059691' is set on object 'Object Repository/Final Object Repo/New Registration - Registration Module Pages/Form 2/NRIC Input'

2018-12-10 18:00:16 - [TEST_STEP][PASSED] - click: Object: 'Object Repository/Final Object Repo/New Registration - Registration Module Pages/Form 2/button for search for IC' is clicked on

2018-12-10 18:00:16 - [MESSAGE][PASSED] - Object: 'Object Repository/Final Object Repo/New Registration - Registration Module Pages/Form 2/button for search for IC' is clicked on

2018-12-10 18:00:16 - [TEST_STEP][PASSED] - delay: Delayed 2 second(s)

2018-12-10 18:00:18 - [MESSAGE][PASSED] - Delayed 2 second(s)

2018-12-10 18:00:18 - [TEST_STEP][PASSED] - setText: Text 'Automate001 eligible 2' is set on object 'Object Repository/Final Object Repo/New Registration - Registration Module Pages/Form 2/Employee Name Input'

2018-12-10 18:00:18 - [MESSAGE][PASSED] - Text 'Automate001 eligible 2' is set on object 'Object Repository/Final Object Repo/New Registration - Registration Module Pages/Form 2/Employee Name Input'

2018-12-10 18:00:18 - [TEST_STEP][PASSED] - delay: Delayed 2 second(s)

2018-12-10 18:00:20 - [MESSAGE][PASSED] - Delayed 2 second(s)

2018-12-10 18:00:20 - [TEST_STEP][PASSED] - click: Object: 'Object Repository/Final Object Repo/New Registration - Registration Module Pages/Form 2/DatePicker Pop Up' is clicked on

2018-12-10 18:00:21 - [MESSAGE][PASSED] - Object: 'Object Repository/Final Object Repo/New Registration - Registration Module Pages/Form 2/DatePicker Pop Up' is clicked on

2018-12-10 18:00:21 - [TEST_STEP][PASSED] - delay: Delayed 2 second(s)

2018-12-10 18:00:23 - [MESSAGE][PASSED] - Delayed 2 second(s)

2018-12-10 18:00:23 - [TEST_STEP][PASSED] - click: Object: 'Object Repository/Final Object Repo/New Registration - Registration Module Pages/Form 2/DOB Month' is clicked on

2018-12-10 18:00:23 - [MESSAGE][PASSED] - Object: 'Object Repository/Final Object Repo/New Registration - Registration Module Pages/Form 2/DOB Month' is clicked on

2018-12-10 18:00:23 - [TEST_STEP][PASSED] - Statement - selectMonth = com.kms.katalon.core.webui.keyword.WebUiBuiltInKeywords.modifyObjectProperty(selectMonth, "xpath", "equals", "//body/div/div/div/select/option[@value="" + CurrentMonth + ""]", true): Modify property of object successfully

2018-12-10 18:00:23 - [MESSAGE][PASSED] - Modify property of object successfully

2018-12-10 18:00:23 - [TEST_STEP][PASSED] - click: Object: '' is clicked on

2018-12-10 18:00:23 - [MESSAGE][PASSED] - Object: '' is clicked on

2018-12-10 18:00:23 - [TEST_STEP][PASSED] - click: Object: 'Object Repository/Final Object Repo/New Registration - Registration Module Pages/Form 2/DOB Year' is clicked on

2018-12-10 18:00:23 - [MESSAGE][PASSED] - Object: 'Object Repository/Final Object Repo/New Registration - Registration Module Pages/Form 2/DOB Year' is clicked on

2018-12-10 18:00:23 - [TEST_STEP][PASSED] - Statement - selectYear = com.kms.katalon.core.webui.keyword.WebUiBuiltInKeywords.modifyObjectProperty(selectYear, "xpath", "equals", "//div/div/div/select/option[@value="" + FiftysevenYrsBefore + ""]", true): Modify property of object successfully

2018-12-10 18:00:23 - [MESSAGE][PASSED] - Modify property of object successfully

2018-12-10 18:00:23 - [TEST_STEP][PASSED] - click: Object: '' is clicked on

2018-12-10 18:00:23 - [MESSAGE][PASSED] - Object: '' is clicked on

2018-12-10 18:00:23 - [TEST_STEP][PASSED] - Statement - UpdatedSelectDate = com.kms.katalon.core.webui.keyword.WebUiBuiltInKeywords.modifyObjectProperty(com.kms.katalon.core.testobject.ObjectRepository.findTestObject(Final Object Repo/New Registration - Registration Module Pages/Form 2/DOB Date), "xpath", "equals", "//body/div/table/tbody/tr/td/a[text()="" + OneDayBefore + ""]", true): Modify property of object successfully

2018-12-10 18:00:23 - [MESSAGE][PASSED] - Modify property of object successfully

2018-12-10 18:00:23 - [TEST_STEP][PASSED] - click: Object: 'Object Repository/Final Object Repo/New Registration - Registration Module Pages/Form 2/DOB Date' is clicked on

2018-12-10 18:00:23 - [MESSAGE][PASSED] - Object: 'Object Repository/Final Object Repo/New Registration - Registration Module Pages/Form 2/DOB Date' is clicked on

2018-12-10 18:00:23 - [TEST_STEP][PASSED] - delay: Delayed 2 second(s)

2018-12-10 18:00:25 - [MESSAGE][PASSED] - Delayed 2 second(s)

2018-12-10 18:00:25 - [TEST_STEP][PASSED] - click: Object: 'Object Repository/Final Object Repo/New Registration - Registration Module Pages/Form 2/EmploymentStartDate Pop Up' is clicked on

2018-12-10 18:00:26 - [MESSAGE][PASSED] - Object: 'Object Repository/Final Object Repo/New Registration - Registration Module Pages/Form 2/EmploymentStartDate Pop Up' is clicked on

2018-12-10 18:00:26 - [TEST_STEP][PASSED] - delay: Delayed 2 second(s)

2018-12-10 18:00:28 - [MESSAGE][PASSED] - Delayed 2 second(s)

2018-12-10 18:00:28 - [TEST_STEP][PASSED] - click: Object: 'Object Repository/Final Object Repo/New Registration - Registration Module Pages/Form 2/Socso Employment StartDate Month' is clicked on

2018-12-10 18:00:28 - [MESSAGE][PASSED] - Object: 'Object Repository/Final Object Repo/New Registration - Registration Module Pages/Form 2/Socso Employment StartDate Month' is clicked on

2018-12-10 18:00:28 - [TEST_STEP][PASSED] - delay: Delayed 1 second(s)

2018-12-10 18:00:29 - [MESSAGE][PASSED] - Delayed 1 second(s)

2018-12-10 18:00:29 - [TEST_STEP][PASSED] - click: Object: 'Object Repository/Final Object Repo/New Registration - Registration Module Pages/Form 2/Select Socso Employement Startdate Month' is clicked on

2018-12-10 18:00:29 - [MESSAGE][PASSED] - Object: 'Object Repository/Final Object Repo/New Registration - Registration Module Pages/Form 2/Select Socso Employement Startdate Month' is clicked on

2018-12-10 18:00:29 - [TEST_STEP][PASSED] - delay: Delayed 2 second(s)

2018-12-10 18:00:31 - [MESSAGE][PASSED] - Delayed 2 second(s)

2018-12-10 18:00:31 - [TEST_STEP][PASSED] - click: Object: 'Object Repository/Final Object Repo/New Registration - Registration Module Pages/Form 2/Socso Employment StartDate Year' is clicked on

2018-12-10 18:00:31 - [MESSAGE][PASSED] - Object: 'Object Repository/Final Object Repo/New Registration - Registration Module Pages/Form 2/Socso Employment StartDate Year' is clicked on

2018-12-10 18:00:31 - [TEST_STEP][PASSED] - delay: Delayed 1 second(s)

2018-12-10 18:00:32 - [MESSAGE][PASSED] - Delayed 1 second(s)

2018-12-10 18:00:32 - [TEST_STEP][PASSED] - click: Object: 'Object Repository/Final Object Repo/New Registration - Registration Module Pages/Form 2/Select Socso Employment Startdate Year' is clicked on

2018-12-10 18:00:32 - [MESSAGE][PASSED] - Object: 'Object Repository/Final Object Repo/New Registration - Registration Module Pages/Form 2/Select Socso Employment Startdate Year' is clicked on

2018-12-10 18:00:32 - [TEST_STEP][PASSED] - delay: Delayed 2 second(s)

2018-12-10 18:00:34 - [MESSAGE][PASSED] - Delayed 2 second(s)

2018-12-10 18:00:34 - [TEST_STEP][PASSED] - click: Object: 'Object Repository/Final Object Repo/New Registration - Registration Module Pages/Form 2/Socso Employment Start Date Day' is clicked on

2018-12-10 18:00:34 - [MESSAGE][PASSED] - Object: 'Object Repository/Final Object Repo/New Registration - Registration Module Pages/Form 2/Socso Employment Start Date Day' is clicked on

2018-12-10 18:00:34 - [TEST_STEP][PASSED] - delay: Delayed 2 second(s)

2018-12-10 18:00:36 - [MESSAGE][PASSED] - Delayed 2 second(s)

2018-12-10 18:00:36 - [TEST_STEP][PASSED] - click: Object: 'Object Repository/Final Object Repo/New Registration - Registration Module Pages/Form 2/Save Button for Add Employee' is clicked on

2018-12-10 18:00:37 - [MESSAGE][PASSED] - Object: 'Object Repository/Final Object Repo/New Registration - Registration Module Pages/Form 2/Save Button for Add Employee' is clicked on

2018-12-10 18:00:37 - [TEST_STEP][PASSED] - delay: Delayed 4 second(s)

2018-12-10 18:00:41 - [MESSAGE][PASSED] - Delayed 4 second(s)

2018-12-10 18:00:41 - [TEST_STEP][PASSED] - delay: Delayed 30 second(s)

2018-12-10 18:01:11 - [MESSAGE][PASSED] - Delayed 30 second(s)

2018-12-10 18:01:11 - [TEST_STEP][PASSED] - click: Object: 'Object Repository/Final Object Repo/New Registration - Registration Module Pages/Form 2/Add Employee Button' is clicked on

2018-12-10 18:01:11 - [MESSAGE][PASSED] - Object: 'Object Repository/Final Object Repo/New Registration - Registration Module Pages/Form 2/Add Employee Button' is clicked on

2018-12-10 18:01:11 - [TEST_STEP][PASSED] - delay: Delayed 4 second(s)

2018-12-10 18:01:15 - [MESSAGE][PASSED] - Delayed 4 second(s)

2018-12-10 18:01:15 - [TEST_STEP][PASSED] - setText: Text '000209039145' is set on object 'Object Repository/Final Object Repo/New Registration - Registration Module Pages/Form 2/NRIC Input'

2018-12-10 18:01:15 - [MESSAGE][PASSED] - Text '000209039145' is set on object 'Object Repository/Final Object Repo/New Registration - Registration Module Pages/Form 2/NRIC Input'

2018-12-10 18:01:15 - [TEST_STEP][PASSED] - click: Object: 'Object Repository/Final Object Repo/New Registration - Registration Module Pages/Form 2/button for search for IC' is clicked on

2018-12-10 18:01:15 - [MESSAGE][PASSED] - Object: 'Object Repository/Final Object Repo/New Registration - Registration Module Pages/Form 2/button for search for IC' is clicked on

2018-12-10 18:01:15 - [TEST_STEP][PASSED] - delay: Delayed 2 second(s)

2018-12-10 18:01:17 - [MESSAGE][PASSED] - Delayed 2 second(s)

2018-12-10 18:01:17 - [TEST_STEP][PASSED] - setText: Text 'Automate001 not eligible 1' is set on object 'Object Repository/Final Object Repo/New Registration - Registration Module Pages/Form 2/Employee Name Input'

2018-12-10 18:01:18 - [MESSAGE][PASSED] - Text 'Automate001 not eligible 1' is set on object 'Object Repository/Final Object Repo/New Registration - Registration Module Pages/Form 2/Employee Name Input'

2018-12-10 18:01:18 - [TEST_STEP][PASSED] - delay: Delayed 2 second(s)

2018-12-10 18:01:20 - [MESSAGE][PASSED] - Delayed 2 second(s)

2018-12-10 18:01:20 - [TEST_STEP][PASSED] - click: Object: 'Object Repository/Final Object Repo/New Registration - Registration Module Pages/Form 2/DatePicker Pop Up' is clicked on

2018-12-10 18:01:20 - [MESSAGE][PASSED] - Object: 'Object Repository/Final Object Repo/New Registration - Registration Module Pages/Form 2/DatePicker Pop Up' is clicked on

2018-12-10 18:01:20 - [TEST_STEP][PASSED] - delay: Delayed 2 second(s)

2018-12-10 18:01:22 - [MESSAGE][PASSED] - Delayed 2 second(s)

2018-12-10 18:01:22 - [TEST_STEP][PASSED] - click: Object: 'Object Repository/Final Object Repo/New Registration - Registration Module Pages/Form 2/DOB Month' is clicked on

2018-12-10 18:01:22 - [MESSAGE][PASSED] - Object: 'Object Repository/Final Object Repo/New Registration - Registration Module Pages/Form 2/DOB Month' is clicked on

2018-12-10 18:01:22 - [TEST_STEP][PASSED] - Statement - selectMonth = com.kms.katalon.core.webui.keyword.WebUiBuiltInKeywords.modifyObjectProperty(selectMonth, "xpath", "equals", "//body/div/div/div/select/option[@value="" + CurrentMonth + ""]", true): Modify property of object successfully

2018-12-10 18:01:22 - [MESSAGE][PASSED] - Modify property of object successfully

2018-12-10 18:01:22 - [TEST_STEP][PASSED] - click: Object: '' is clicked on

2018-12-10 18:01:22 - [MESSAGE][PASSED] - Object: '' is clicked on

2018-12-10 18:01:22 - [TEST_STEP][PASSED] - click: Object: 'Object Repository/Final Object Repo/New Registration - Registration Module Pages/Form 2/DOB Year' is clicked on

2018-12-10 18:01:23 - [MESSAGE][PASSED] - Object: 'Object Repository/Final Object Repo/New Registration - Registration Module Pages/Form 2/DOB Year' is clicked on

2018-12-10 18:01:23 - [TEST_STEP][PASSED] - Statement - selectYear = com.kms.katalon.core.webui.keyword.WebUiBuiltInKeywords.modifyObjectProperty(selectYear, "xpath", "equals", "//div/div/div/select/option[@value="" + EighteenYrsBefore + ""]", true): Modify property of object successfully

2018-12-10 18:01:23 - [MESSAGE][PASSED] - Modify property of object successfully

2018-12-10 18:01:23 - [TEST_STEP][PASSED] - click: Object: '' is clicked on

2018-12-10 18:01:23 - [MESSAGE][PASSED] - Object: '' is clicked on

2018-12-10 18:01:23 - [TEST_STEP][PASSED] - Statement - UpdatedSelectDate = com.kms.katalon.core.webui.keyword.WebUiBuiltInKeywords.modifyObjectProperty(com.kms.katalon.core.testobject.ObjectRepository.findTestObject(Final Object Repo/New Registration - Registration Module Pages/Form 2/DOB Date), "xpath", "equals", "//body/div/table/tbody/tr/td/a[text()="" + OneDayBefore + ""]", true): Modify property of object successfully

2018-12-10 18:01:23 - [MESSAGE][PASSED] - Modify property of object successfully

2018-12-10 18:01:23 - [TEST_STEP][PASSED] - click: Object: 'Object Repository/Final Object Repo/New Registration - Registration Module Pages/Form 2/DOB Date' is clicked on

2018-12-10 18:01:23 - [MESSAGE][PASSED] - Object: 'Object Repository/Final Object Repo/New Registration - Registration Module Pages/Form 2/DOB Date' is clicked on

2018-12-10 18:01:23 - [TEST_STEP][PASSED] - delay: Delayed 2 second(s)

2018-12-10 18:01:25 - [MESSAGE][PASSED] - Delayed 2 second(s)

2018-12-10 18:01:25 - [TEST_STEP][PASSED] - click: Object: 'Object Repository/Final Object Repo/New Registration - Registration Module Pages/Form 2/EmploymentStartDate Pop Up' is clicked on

2018-12-10 18:01:25 - [MESSAGE][PASSED] - Object: 'Object Repository/Final Object Repo/New Registration - Registration Module Pages/Form 2/EmploymentStartDate Pop Up' is clicked on

2018-12-10 18:01:25 - [TEST_STEP][PASSED] - delay: Delayed 2 second(s)

2018-12-10 18:01:27 - [MESSAGE][PASSED] - Delayed 2 second(s)

2018-12-10 18:01:27 - [TEST_STEP][PASSED] - click: Object: 'Object Repository/Final Object Repo/New Registration - Registration Module Pages/Form 2/Socso Employment StartDate Month' is clicked on

2018-12-10 18:01:27 - [MESSAGE][PASSED] - Object: 'Object Repository/Final Object Repo/New Registration - Registration Module Pages/Form 2/Socso Employment StartDate Month' is clicked on

2018-12-10 18:01:27 - [TEST_STEP][PASSED] - delay: Delayed 1 second(s)

2018-12-10 18:01:28 - [MESSAGE][PASSED] - Delayed 1 second(s)

2018-12-10 18:01:28 - [TEST_STEP][PASSED] - click: Object: 'Object Repository/Final Object Repo/New Registration - Registration Module Pages/Form 2/Select Socso Employement Startdate Month' is clicked on

2018-12-10 18:01:28 - [MESSAGE][PASSED] - Object: 'Object Repository/Final Object Repo/New Registration - Registration Module Pages/Form 2/Select Socso Employement Startdate Month' is clicked on

2018-12-10 18:01:28 - [TEST_STEP][PASSED] - delay: Delayed 2 second(s)

2018-12-10 18:01:30 - [MESSAGE][PASSED] - Delayed 2 second(s)

2018-12-10 18:01:30 - [TEST_STEP][PASSED] - click: Object: 'Object Repository/Final Object Repo/New Registration - Registration Module Pages/Form 2/Socso Employment StartDate Year' is clicked on

2018-12-10 18:01:31 - [MESSAGE][PASSED] - Object: 'Object Repository/Final Object Repo/New Registration - Registration Module Pages/Form 2/Socso Employment StartDate Year' is clicked on

2018-12-10 18:01:31 - [TEST_STEP][PASSED] - delay: Delayed 1 second(s)

2018-12-10 18:01:32 - [MESSAGE][PASSED] - Delayed 1 second(s)

2018-12-10 18:01:32 - [TEST_STEP][PASSED] - click: Object: 'Object Repository/Final Object Repo/New Registration - Registration Module Pages/Form 2/Select Socso Employment Startdate Year' is clicked on

2018-12-10 18:01:32 - [MESSAGE][PASSED] - Object: 'Object Repository/Final Object Repo/New Registration - Registration Module Pages/Form 2/Select Socso Employment Startdate Year' is clicked on

2018-12-10 18:01:32 - [TEST_STEP][PASSED] - delay: Delayed 2 second(s)

2018-12-10 18:01:34 - [MESSAGE][PASSED] - Delayed 2 second(s)

2018-12-10 18:01:34 - [TEST_STEP][PASSED] - click: Object: 'Object Repository/Final Object Repo/New Registration - Registration Module Pages/Form 2/Socso Employment Start Date Day' is clicked on

2018-12-10 18:01:34 - [MESSAGE][PASSED] - Object: 'Object Repository/Final Object Repo/New Registration - Registration Module Pages/Form 2/Socso Employment Start Date Day' is clicked on

2018-12-10 18:01:34 - [TEST_STEP][PASSED] - delay: Delayed 2 second(s)

2018-12-10 18:01:36 - [MESSAGE][PASSED] - Delayed 2 second(s)

2018-12-10 18:01:36 - [TEST_STEP][PASSED] - click: Object: 'Object Repository/Final Object Repo/New Registration - Registration Module Pages/Form 2/Save Button for Add Employee' is clicked on

2018-12-10 18:01:36 - [MESSAGE][PASSED] - Object: 'Object Repository/Final Object Repo/New Registration - Registration Module Pages/Form 2/Save Button for Add Employee' is clicked on

2018-12-10 18:01:36 - [TEST_STEP][PASSED] - delay: Delayed 6 second(s)

2018-12-10 18:01:42 - [MESSAGE][PASSED] - Delayed 6 second(s)

2018-12-10 18:01:42 - [TEST_STEP][PASSED] - click: Object: 'Object Repository/Final Object Repo/New Registration - Registration Module Pages/Form 2/Add Employee Button' is clicked on

2018-12-10 18:01:42 - [MESSAGE][PASSED] - Object: 'Object Repository/Final Object Repo/New Registration - Registration Module Pages/Form 2/Add Employee Button' is clicked on

2018-12-10 18:01:42 - [TEST_STEP][PASSED] - delay: Delayed 4 second(s)

2018-12-10 18:01:46 - [MESSAGE][PASSED] - Delayed 4 second(s)

2018-12-10 18:01:46 - [TEST_STEP][PASSED] - setText: Text '600203039154' is set on object 'Object Repository/Final Object Repo/New Registration - Registration Module Pages/Form 2/NRIC Input'

2018-12-10 18:01:47 - [MESSAGE][PASSED] - Text '600203039154' is set on object 'Object Repository/Final Object Repo/New Registration - Registration Module Pages/Form 2/NRIC Input'

2018-12-10 18:01:47 - [TEST_STEP][PASSED] - click: Object: 'Object Repository/Final Object Repo/New Registration - Registration Module Pages/Form 2/button for search for IC' is clicked on

2018-12-10 18:01:47 - [MESSAGE][PASSED] - Object: 'Object Repository/Final Object Repo/New Registration - Registration Module Pages/Form 2/button for search for IC' is clicked on

2018-12-10 18:01:47 - [TEST_STEP][PASSED] - delay: Delayed 2 second(s)

2018-12-10 18:01:49 - [MESSAGE][PASSED] - Delayed 2 second(s)

2018-12-10 18:01:49 - [TEST_STEP][PASSED] - setText: Text 'Automate001 not eligible 2' is set on object 'Object Repository/Final Object Repo/New Registration - Registration Module Pages/Form 2/Employee Name Input'

2018-12-10 18:01:49 - [MESSAGE][PASSED] - Text 'Automate001 not eligible 2' is set on object 'Object Repository/Final Object Repo/New Registration - Registration Module Pages/Form 2/Employee Name Input'

2018-12-10 18:01:49 - [TEST_STEP][PASSED] - delay: Delayed 2 second(s)

2018-12-10 18:01:51 - [MESSAGE][PASSED] - Delayed 2 second(s)

2018-12-10 18:01:51 - [TEST_STEP][PASSED] - click: Object: 'Object Repository/Final Object Repo/New Registration - Registration Module Pages/Form 2/DatePicker Pop Up' is clicked on

2018-12-10 18:01:52 - [MESSAGE][PASSED] - Object: 'Object Repository/Final Object Repo/New Registration - Registration Module Pages/Form 2/DatePicker Pop Up' is clicked on

2018-12-10 18:01:52 - [TEST_STEP][PASSED] - delay: Delayed 2 second(s)

2018-12-10 18:01:54 - [MESSAGE][PASSED] - Delayed 2 second(s)

2018-12-10 18:01:54 - [TEST_STEP][PASSED] - click: Object: 'Object Repository/Final Object Repo/New Registration - Registration Module Pages/Form 2/DOB Month' is clicked on

2018-12-10 18:01:54 - [MESSAGE][PASSED] - Object: 'Object Repository/Final Object Repo/New Registration - Registration Module Pages/Form 2/DOB Month' is clicked on

2018-12-10 18:01:54 - [TEST_STEP][PASSED] - Statement - selectMonth = com.kms.katalon.core.webui.keyword.WebUiBuiltInKeywords.modifyObjectProperty(selectMonth, "xpath", "equals", "//body/div/div/div/select/option[@value="" + CurrentMonth + ""]", true): Modify property of object successfully

2018-12-10 18:01:54 - [MESSAGE][PASSED] - Modify property of object successfully

2018-12-10 18:01:54 - [TEST_STEP][PASSED] - click: Object: '' is clicked on

2018-12-10 18:01:54 - [MESSAGE][PASSED] - Object: '' is clicked on

2018-12-10 18:01:54 - [TEST_STEP][PASSED] - click: Object: 'Object Repository/Final Object Repo/New Registration - Registration Module Pages/Form 2/DOB Year' is clicked on

2018-12-10 18:01:54 - [MESSAGE][PASSED] - Object: 'Object Repository/Final Object Repo/New Registration - Registration Module Pages/Form 2/DOB Year' is clicked on

2018-12-10 18:01:54 - [TEST_STEP][PASSED] - Statement - selectYear = com.kms.katalon.core.webui.keyword.WebUiBuiltInKeywords.modifyObjectProperty(selectYear, "xpath", "equals", "//div/div/div/select/option[@value="" + FiftysevenYrsBefore + ""]", true): Modify property of object successfully

2018-12-10 18:01:54 - [MESSAGE][PASSED] - Modify property of object successfully

2018-12-10 18:01:54 - [TEST_STEP][PASSED] - click: Object: '' is clicked on

2018-12-10 18:01:54 - [MESSAGE][PASSED] - Object: '' is clicked on

2018-12-10 18:01:54 - [TEST_STEP][PASSED] - Statement - UpdatedSelectDate = com.kms.katalon.core.webui.keyword.WebUiBuiltInKeywords.modifyObjectProperty(com.kms.katalon.core.testobject.ObjectRepository.findTestObject(Final Object Repo/New Registration - Registration Module Pages/Form 2/DOB Date), "xpath", "equals", "//body/div/table/tbody/tr/td/a[text()="" + CurrentDate + ""]", true): Modify property of object successfully

2018-12-10 18:01:54 - [MESSAGE][PASSED] - Modify property of object successfully

2018-12-10 18:01:54 - [TEST_STEP][PASSED] - click: Object: 'Object Repository/Final Object Repo/New Registration - Registration Module Pages/Form 2/DOB Date' is clicked on

2018-12-10 18:01:54 - [MESSAGE][PASSED] - Object: 'Object Repository/Final Object Repo/New Registration - Registration Module Pages/Form 2/DOB Date' is clicked on

2018-12-10 18:01:54 - [TEST_STEP][PASSED] - click: Object: 'Object Repository/Final Object Repo/New Registration - Registration Module Pages/Form 2/EmploymentStartDate Pop Up' is clicked on

2018-12-10 18:01:55 - [MESSAGE][PASSED] - Object: 'Object Repository/Final Object Repo/New Registration - Registration Module Pages/Form 2/EmploymentStartDate Pop Up' is clicked on

2018-12-10 18:01:55 - [TEST_STEP][PASSED] - delay: Delayed 2 second(s)

2018-12-10 18:01:57 - [MESSAGE][PASSED] - Delayed 2 second(s)

2018-12-10 18:01:57 - [TEST_STEP][PASSED] - click: Object: 'Object Repository/Final Object Repo/New Registration - Registration Module Pages/Form 2/Socso Employment StartDate Month' is clicked on

2018-12-10 18:01:57 - [MESSAGE][PASSED] - Object: 'Object Repository/Final Object Repo/New Registration - Registration Module Pages/Form 2/Socso Employment StartDate Month' is clicked on

2018-12-10 18:01:57 - [TEST_STEP][PASSED] - delay: Delayed 1 second(s)

2018-12-10 18:01:58 - [MESSAGE][PASSED] - Delayed 1 second(s)

2018-12-10 18:01:58 - [TEST_STEP][PASSED] - click: Object: 'Object Repository/Final Object Repo/New Registration - Registration Module Pages/Form 2/Select Socso Employement Startdate Month' is clicked on

2018-12-10 18:01:58 - [MESSAGE][PASSED] - Object: 'Object Repository/Final Object Repo/New Registration - Registration Module Pages/Form 2/Select Socso Employement Startdate Month' is clicked on

2018-12-10 18:01:58 - [TEST_STEP][PASSED] - delay: Delayed 2 second(s)

2018-12-10 18:02:00 - [MESSAGE][PASSED] - Delayed 2 second(s)

2018-12-10 18:02:00 - [TEST_STEP][PASSED] - click: Object: 'Object Repository/Final Object Repo/New Registration - Registration Module Pages/Form 2/Socso Employment StartDate Year' is clicked on

2018-12-10 18:02:00 - [MESSAGE][PASSED] - Object: 'Object Repository/Final Object Repo/New Registration - Registration Module Pages/Form 2/Socso Employment StartDate Year' is clicked on

2018-12-10 18:02:00 - [TEST_STEP][PASSED] - delay: Delayed 1 second(s)

2018-12-10 18:02:01 - [MESSAGE][PASSED] - Delayed 1 second(s)

2018-12-10 18:02:01 - [TEST_STEP][PASSED] - click: Object: 'Object Repository/Final Object Repo/New Registration - Registration Module Pages/Form 2/Select Socso Employment Startdate Year' is clicked on

2018-12-10 18:02:01 - [MESSAGE][PASSED] - Object: 'Object Repository/Final Object Repo/New Registration - Registration Module Pages/Form 2/Select Socso Employment Startdate Year' is clicked on

2018-12-10 18:02:01 - [TEST_STEP][PASSED] - delay: Delayed 2 second(s)

2018-12-10 18:02:03 - [MESSAGE][PASSED] - Delayed 2 second(s)

2018-12-10 18:02:03 - [TEST_STEP][PASSED] - click: Object: 'Object Repository/Final Object Repo/New Registration - Registration Module Pages/Form 2/Socso Employment Start Date Day' is clicked on

2018-12-10 18:02:03 - [MESSAGE][PASSED] - Object: 'Object Repository/Final Object Repo/New Registration - Registration Module Pages/Form 2/Socso Employment Start Date Day' is clicked on

2018-12-10 18:02:03 - [TEST_STEP][PASSED] - delay: Delayed 2 second(s)

2018-12-10 18:02:05 - [MESSAGE][PASSED] - Delayed 2 second(s)

2018-12-10 18:02:05 - [TEST_STEP][PASSED] - click: Object: 'Object Repository/Final Object Repo/New Registration - Registration Module Pages/Form 2/Save Button for Add Employee' is clicked on

2018-12-10 18:02:06 - [MESSAGE][PASSED] - Object: 'Object Repository/Final Object Repo/New Registration - Registration Module Pages/Form 2/Save Button for Add Employee' is clicked on

2018-12-10 18:02:06 - [TEST_STEP][PASSED] - delay: Delayed 2 second(s)

2018-12-10 18:02:08 - [MESSAGE][PASSED] - Delayed 2 second(s)

2018-12-10 18:02:08 - [TEST_STEP][PASSED] - click: Object: 'Object Repository/Final Object Repo/New Registration - Registration Module Pages/Form 2/Save and Continue Form 2' is clicked on

2018-12-10 18:02:08 - [MESSAGE][PASSED] - Object: 'Object Repository/Final Object Repo/New Registration - Registration Module Pages/Form 2/Save and Continue Form 2' is clicked on

2018-12-10 18:02:08 - [MESSAGE][PASSED] - Call Test Case 'Test Cases/Final Aug 2018 - PKS Automation/Registration Module/New Registration/Form 2/Add 2 Eligible 2 Not Eligible' successfully

2018-12-10 18:02:08 - [TEST_STEP][PASSED] - callTestCase: Call Test Case 'Test Cases/Final Aug 2018 - PKS Automation/Registration Module/New Registration/Flow of New Registration/Third Screen - Upload Supporting Doc - Preview' successfully

2018-12-10 18:02:08 - [TEST_CASE][PASSED] - Test Cases/Final Aug 2018 - PKS Automation/Registration Module/New Registration/Flow of New Registration/Third Screen - Upload Supporting Doc - Preview: Test Cases/Final Aug 2018 - PKS Automation/Registration Module/New Registration/Flow of New Registration/Third Screen - Upload Supporting Doc - Preview

2018-12-10 18:02:08 - [TEST_STEP][PASSED] - waitForPageLoad: Wait for page load successfully

2018-12-10 18:02:09 - [MESSAGE][PASSED] - Wait for page load successfully

2018-12-10 18:02:09 - [TEST_STEP][PASSED] - Statement - CaseReferenceNo = com.kms.katalon.core.webui.keyword.WebUiBuiltInKeywords.getText(com.kms.katalon.core.testobject.ObjectRepository.findTestObject(Final Object Repo/New Registration - Registration Module Pages/Third Screen - Upload Supporting Doc- Preview/RefNo Acquiring)): Text of object 'Object Repository/Final Object Repo/New Registration - Registration Module Pages/Third Screen - Upload Supporting Doc- Preview/RefNo Acquiring' is: 'CRN12201800123140'

2018-12-10 18:02:09 - [MESSAGE][PASSED] - Text of object 'Object Repository/Final Object Repo/New Registration - Registration Module Pages/Third Screen - Upload Supporting Doc- Preview/RefNo Acquiring' is: 'CRN12201800123140'

2018-12-10 18:02:09 - [TEST_STEP][PASSED] - delay: Delayed 2 second(s)

2018-12-10 18:02:11 - [MESSAGE][PASSED] - Delayed 2 second(s)

2018-12-10 18:02:11 - [TEST_STEP][PASSED] - callTestCase: Call Test Case 'Test Cases/Final Aug 2018 - PKS Automation/Common/Reference Number Setter' successfully

2018-12-10 18:02:11 - [TEST_CASE][PASSED] - Test Cases/Final Aug 2018 - PKS Automation/Common/Reference Number Setter: Test Cases/Final Aug 2018 - PKS Automation/Common/Reference Number Setter

2018-12-10 18:02:11 - [TEST_STEP][PASSED] - Statement - RefNoOldFile = new java.io.File(C://Users//Admin//Desktop//PKS//Automation Reference Point//KatalonReference.txt): null

2018-12-10 18:02:11 - [TEST_STEP][PASSED] - Statement - RefNoOldFile.delete(): null

2018-12-10 18:02:11 - [TEST_STEP][PASSED] - delay: Delayed 5 second(s)

2018-12-10 18:02:16 - [MESSAGE][PASSED] - Delayed 5 second(s)

2018-12-10 18:02:16 - [TEST_STEP][PASSED] - Statement - RefNo = new java.io.File(C://Users//Admin//Desktop//PKS//Automation Reference Point//KatalonReference.txt): null

2018-12-10 18:02:16 - [TEST_STEP][PASSED] - Statement - f2 = new java.io.FileWriter(RefNo, false): null

2018-12-10 18:02:16 - [TEST_STEP][PASSED] - Statement - f2.write(CaseReferenceNo): null

2018-12-10 18:02:16 - [TEST_STEP][PASSED] - Statement - f2.close(): null

2018-12-10 18:02:16 - [TEST_STEP][PASSED] - Statement - out.println("


" + CaseReferenceNo + "


"): null

2018-12-10 18:02:16 - [MESSAGE][PASSED] - Call Test Case 'Test Cases/Final Aug 2018 - PKS Automation/Common/Reference Number Setter' successfully

2018-12-10 18:02:16 - [TEST_STEP][PASSED] - waitForElementClickable: Object 'Object Repository/Final Object Repo/New Registration - Registration Module Pages/Third Screen - Upload Supporting Doc- Preview/Save n Continue in SIP Employee Listing Page' is clickable

2018-12-10 18:02:16 - [MESSAGE][PASSED] - Object 'Object Repository/Final Object Repo/New Registration - Registration Module Pages/Third Screen - Upload Supporting Doc- Preview/Save n Continue in SIP Employee Listing Page' is clickable

2018-12-10 18:02:16 - [TEST_STEP][PASSED] - click: Object: 'Object Repository/Final Object Repo/New Registration - Registration Module Pages/Third Screen - Upload Supporting Doc- Preview/Save n Continue in SIP Employee Listing Page' is clicked on

2018-12-10 18:02:22 - [MESSAGE][PASSED] - Object: 'Object Repository/Final Object Repo/New Registration - Registration Module Pages/Third Screen - Upload Supporting Doc- Preview/Save n Continue in SIP Employee Listing Page' is clicked on

2018-12-10 18:02:22 - [TEST_STEP][PASSED] - delay: Delayed 7 second(s)

2018-12-10 18:02:29 - [MESSAGE][PASSED] - Delayed 7 second(s)

2018-12-10 18:02:29 - [TEST_STEP][PASSED] - click: Object: 'Object Repository/Final Object Repo/New Registration - Registration Module Pages/Third Screen - Upload Supporting Doc- Preview/Add Document Button' is clicked on

2018-12-10 18:02:29 - [MESSAGE][PASSED] - Object: 'Object Repository/Final Object Repo/New Registration - Registration Module Pages/Third Screen - Upload Supporting Doc- Preview/Add Document Button' is clicked on

2018-12-10 18:02:29 - [TEST_STEP][PASSED] - delay: Delayed 30 second(s)

2018-12-10 18:02:59 - [MESSAGE][PASSED] - Delayed 30 second(s)

2018-12-10 18:02:59 - [TEST_STEP][PASSED] - click: Object: 'Object Repository/Final Object Repo/New Registration - Registration Module Pages/Third Screen - Upload Supporting Doc- Preview/Supporting Doc Please Select Drop Down' is clicked on

2018-12-10 18:02:59 - [MESSAGE][PASSED] - Object: 'Object Repository/Final Object Repo/New Registration - Registration Module Pages/Third Screen - Upload Supporting Doc- Preview/Supporting Doc Please Select Drop Down' is clicked on

2018-12-10 18:02:59 - [TEST_STEP][PASSED] - delay: Delayed 2 second(s)

2018-12-10 18:03:01 - [MESSAGE][PASSED] - Delayed 2 second(s)

2018-12-10 18:03:01 - [TEST_STEP][PASSED] - click: Object: 'Object Repository/Final Object Repo/New Registration - Registration Module Pages/Third Screen - Upload Supporting Doc- Preview/Select to Upload Form 1' is clicked on

2018-12-10 18:03:01 - [MESSAGE][PASSED] - Object: 'Object Repository/Final Object Repo/New Registration - Registration Module Pages/Third Screen - Upload Supporting Doc- Preview/Select to Upload Form 1' is clicked on

2018-12-10 18:03:01 - [TEST_STEP][PASSED] - delay: Delayed 2 second(s)

2018-12-10 18:03:03 - [MESSAGE][PASSED] - Delayed 2 second(s)

2018-12-10 18:03:03 - [TEST_STEP][PASSED] - uploadFile: File 'C:\Users\Public\Pictures\Sample Pictures\Koala.jpg' sent to object: 'Object Repository/Final Object Repo/New Registration - Registration Module Pages/Third Screen - Upload Supporting Doc- Preview/Upload File Adding'

2018-12-10 18:03:03 - [MESSAGE][PASSED] - File 'C:\Users\Public\Pictures\Sample Pictures\Koala.jpg' sent to object: 'Object Repository/Final Object Repo/New Registration - Registration Module Pages/Third Screen - Upload Supporting Doc- Preview/Upload File Adding'

2018-12-10 18:03:03 - [TEST_STEP][PASSED] - delay: Delayed 5 second(s)

2018-12-10 18:03:08 - [MESSAGE][PASSED] - Delayed 5 second(s)

2018-12-10 18:03:08 - [TEST_STEP][PASSED] - click: Object: 'Object Repository/Final Object Repo/New Registration - Registration Module Pages/Third Screen - Upload Supporting Doc- Preview/Inner Form Add Document Button' is clicked on

2018-12-10 18:03:09 - [MESSAGE][PASSED] - Object: 'Object Repository/Final Object Repo/New Registration - Registration Module Pages/Third Screen - Upload Supporting Doc- Preview/Inner Form Add Document Button' is clicked on

2018-12-10 18:03:09 - [TEST_STEP][PASSED] - delay: Delayed 3 second(s)

2018-12-10 18:03:12 - [MESSAGE][PASSED] - Delayed 3 second(s)

2018-12-10 18:03:12 - [TEST_STEP][PASSED] - click: Object: 'Object Repository/Final Object Repo/New Registration - Registration Module Pages/Third Screen - Upload Supporting Doc- Preview/Add Document Button' is clicked on

2018-12-10 18:03:13 - [MESSAGE][PASSED] - Object: 'Object Repository/Final Object Repo/New Registration - Registration Module Pages/Third Screen - Upload Supporting Doc- Preview/Add Document Button' is clicked on

2018-12-10 18:03:13 - [TEST_STEP][PASSED] - delay: Delayed 30 second(s)

2018-12-10 18:03:43 - [MESSAGE][PASSED] - Delayed 30 second(s)

2018-12-10 18:03:43 - [TEST_STEP][PASSED] - click: Object: 'Object Repository/Final Object Repo/New Registration - Registration Module Pages/Third Screen - Upload Supporting Doc- Preview/Supporting Doc Please Select Drop Down' is clicked on

2018-12-10 18:03:43 - [MESSAGE][PASSED] - Object: 'Object Repository/Final Object Repo/New Registration - Registration Module Pages/Third Screen - Upload Supporting Doc- Preview/Supporting Doc Please Select Drop Down' is clicked on

2018-12-10 18:03:43 - [TEST_STEP][PASSED] - delay: Delayed 4 second(s)

2018-12-10 18:03:47 - [MESSAGE][PASSED] - Delayed 4 second(s)

2018-12-10 18:03:47 - [TEST_STEP][PASSED] - click: Object: 'Object Repository/Final Object Repo/New Registration - Registration Module Pages/Third Screen - Upload Supporting Doc- Preview/Select to Upload Form 2' is clicked on

2018-12-10 18:03:47 - [MESSAGE][PASSED] - Object: 'Object Repository/Final Object Repo/New Registration - Registration Module Pages/Third Screen - Upload Supporting Doc- Preview/Select to Upload Form 2' is clicked on

2018-12-10 18:03:47 - [TEST_STEP][PASSED] - delay: Delayed 2 second(s)

2018-12-10 18:03:49 - [MESSAGE][PASSED] - Delayed 2 second(s)

2018-12-10 18:03:49 - [TEST_STEP][PASSED] - uploadFile: File 'C:\Users\Public\Pictures\Sample Pictures\Koala.jpg' sent to object: 'Object Repository/Final Object Repo/New Registration - Registration Module Pages/Third Screen - Upload Supporting Doc- Preview/Upload File Adding'

2018-12-10 18:03:49 - [MESSAGE][PASSED] - File 'C:\Users\Public\Pictures\Sample Pictures\Koala.jpg' sent to object: 'Object Repository/Final Object Repo/New Registration - Registration Module Pages/Third Screen - Upload Supporting Doc- Preview/Upload File Adding'

2018-12-10 18:03:49 - [TEST_STEP][PASSED] - click: Object: 'Object Repository/Final Object Repo/New Registration - Registration Module Pages/Third Screen - Upload Supporting Doc- Preview/Inner Form Add Document Button' is clicked on

2018-12-10 18:03:49 - [MESSAGE][PASSED] - Object: 'Object Repository/Final Object Repo/New Registration - Registration Module Pages/Third Screen - Upload Supporting Doc- Preview/Inner Form Add Document Button' is clicked on

2018-12-10 18:03:49 - [TEST_STEP][PASSED] - delay: Delayed 5 second(s)

2018-12-10 18:03:54 - [MESSAGE][PASSED] - Delayed 5 second(s)

2018-12-10 18:03:54 - [TEST_STEP][PASSED] - click: Object: 'Object Repository/Final Object Repo/New Registration - Registration Module Pages/Third Screen - Upload Supporting Doc- Preview/Add Document Button' is clicked on

2018-12-10 18:03:55 - [MESSAGE][PASSED] - Object: 'Object Repository/Final Object Repo/New Registration - Registration Module Pages/Third Screen - Upload Supporting Doc- Preview/Add Document Button' is clicked on

2018-12-10 18:03:55 - [TEST_STEP][PASSED] - delay: Delayed 30 second(s)

2018-12-10 18:04:25 - [MESSAGE][PASSED] - Delayed 30 second(s)

2018-12-10 18:04:25 - [TEST_STEP][PASSED] - click: Object: 'Object Repository/Final Object Repo/New Registration - Registration Module Pages/Third Screen - Upload Supporting Doc- Preview/Supporting Doc Please Select Drop Down' is clicked on

2018-12-10 18:04:25 - [MESSAGE][PASSED] - Object: 'Object Repository/Final Object Repo/New Registration - Registration Module Pages/Third Screen - Upload Supporting Doc- Preview/Supporting Doc Please Select Drop Down' is clicked on

2018-12-10 18:04:25 - [TEST_STEP][PASSED] - click: Object: 'Object Repository/Final Object Repo/New Registration - Registration Module Pages/Third Screen - Upload Supporting Doc- Preview/Select to Upload Borang SIP 1' is clicked on

2018-12-10 18:04:25 - [MESSAGE][PASSED] - Object: 'Object Repository/Final Object Repo/New Registration - Registration Module Pages/Third Screen - Upload Supporting Doc- Preview/Select to Upload Borang SIP 1' is clicked on

2018-12-10 18:04:25 - [TEST_STEP][PASSED] - delay: Delayed 2 second(s)

2018-12-10 18:04:27 - [MESSAGE][PASSED] - Delayed 2 second(s)

2018-12-10 18:04:27 - [TEST_STEP][PASSED] - uploadFile: File 'C:\Users\Public\Pictures\Sample Pictures\Koala.jpg' sent to object: 'Object Repository/Final Object Repo/New Registration - Registration Module Pages/Third Screen - Upload Supporting Doc- Preview/Upload File Adding'

2018-12-10 18:04:27 - [MESSAGE][PASSED] - File 'C:\Users\Public\Pictures\Sample Pictures\Koala.jpg' sent to object: 'Object Repository/Final Object Repo/New Registration - Registration Module Pages/Third Screen - Upload Supporting Doc- Preview/Upload File Adding'

2018-12-10 18:04:27 - [TEST_STEP][PASSED] - click: Object: 'Object Repository/Final Object Repo/New Registration - Registration Module Pages/Third Screen - Upload Supporting Doc- Preview/Inner Form Add Document Button' is clicked on

2018-12-10 18:04:27 - [MESSAGE][PASSED] - Object: 'Object Repository/Final Object Repo/New Registration - Registration Module Pages/Third Screen - Upload Supporting Doc- Preview/Inner Form Add Document Button' is clicked on

2018-12-10 18:04:27 - [TEST_STEP][PASSED] - delay: Delayed 5 second(s)

2018-12-10 18:04:32 - [MESSAGE][PASSED] - Delayed 5 second(s)

2018-12-10 18:04:32 - [TEST_STEP][PASSED] - click: Object: 'Object Repository/Final Object Repo/New Registration - Registration Module Pages/Third Screen - Upload Supporting Doc- Preview/Add Document Button' is clicked on

2018-12-10 18:04:32 - [MESSAGE][PASSED] - Object: 'Object Repository/Final Object Repo/New Registration - Registration Module Pages/Third Screen - Upload Supporting Doc- Preview/Add Document Button' is clicked on

2018-12-10 18:04:32 - [TEST_STEP][PASSED] - delay: Delayed 30 second(s)

2018-12-10 18:05:02 - [MESSAGE][PASSED] - Delayed 30 second(s)

2018-12-10 18:05:02 - [TEST_STEP][PASSED] - click: Object: 'Object Repository/Final Object Repo/New Registration - Registration Module Pages/Third Screen - Upload Supporting Doc- Preview/Supporting Doc Please Select Drop Down' is clicked on

2018-12-10 18:05:03 - [MESSAGE][PASSED] - Object: 'Object Repository/Final Object Repo/New Registration - Registration Module Pages/Third Screen - Upload Supporting Doc- Preview/Supporting Doc Please Select Drop Down' is clicked on

2018-12-10 18:05:03 - [TEST_STEP][PASSED] - delay: Delayed 3 second(s)

2018-12-10 18:05:06 - [MESSAGE][PASSED] - Delayed 3 second(s)

2018-12-10 18:05:06 - [TEST_STEP][PASSED] - click: Object: 'Object Repository/Final Object Repo/New Registration - Registration Module Pages/Third Screen - Upload Supporting Doc- Preview/Select to Upload Borang SIP 2' is clicked on

2018-12-10 18:05:06 - [MESSAGE][PASSED] - Object: 'Object Repository/Final Object Repo/New Registration - Registration Module Pages/Third Screen - Upload Supporting Doc- Preview/Select to Upload Borang SIP 2' is clicked on

2018-12-10 18:05:06 - [TEST_STEP][PASSED] - delay: Delayed 2 second(s)

2018-12-10 18:05:08 - [MESSAGE][PASSED] - Delayed 2 second(s)

2018-12-10 18:05:08 - [TEST_STEP][PASSED] - uploadFile: File 'C:\Users\Public\Pictures\Sample Pictures\Koala.jpg' sent to object: 'Object Repository/Final Object Repo/New Registration - Registration Module Pages/Third Screen - Upload Supporting Doc- Preview/Upload File Adding'

2018-12-10 18:05:08 - [MESSAGE][PASSED] - File 'C:\Users\Public\Pictures\Sample Pictures\Koala.jpg' sent to object: 'Object Repository/Final Object Repo/New Registration - Registration Module Pages/Third Screen - Upload Supporting Doc- Preview/Upload File Adding'

2018-12-10 18:05:08 - [TEST_STEP][PASSED] - delay: Delayed 5 second(s)

2018-12-10 18:05:13 - [MESSAGE][PASSED] - Delayed 5 second(s)

2018-12-10 18:05:13 - [TEST_STEP][PASSED] - click: Object: 'Object Repository/Final Object Repo/New Registration - Registration Module Pages/Third Screen - Upload Supporting Doc- Preview/Inner Form Add Document Button' is clicked on

2018-12-10 18:05:13 - [MESSAGE][PASSED] - Object: 'Object Repository/Final Object Repo/New Registration - Registration Module Pages/Third Screen - Upload Supporting Doc- Preview/Inner Form Add Document Button' is clicked on

2018-12-10 18:05:13 - [TEST_STEP][PASSED] - delay: Delayed 3 second(s)

2018-12-10 18:05:16 - [MESSAGE][PASSED] - Delayed 3 second(s)

2018-12-10 18:05:16 - [TEST_STEP][PASSED] - waitForElementClickable: Object 'Object Repository/Final Object Repo/New Registration - Registration Module Pages/Third Screen - Upload Supporting Doc- Preview/Save n Continue in Uploading Supporting Doc Page' is clickable

2018-12-10 18:05:17 - [MESSAGE][PASSED] - Object 'Object Repository/Final Object Repo/New Registration - Registration Module Pages/Third Screen - Upload Supporting Doc- Preview/Save n Continue in Uploading Supporting Doc Page' is clickable

2018-12-10 18:05:17 - [TEST_STEP][PASSED] - click: Object: 'Object Repository/Final Object Repo/New Registration - Registration Module Pages/Third Screen - Upload Supporting Doc- Preview/Save n Continue in Uploading Supporting Doc Page' is clicked on

2018-12-10 18:05:17 - [MESSAGE][PASSED] - Object: 'Object Repository/Final Object Repo/New Registration - Registration Module Pages/Third Screen - Upload Supporting Doc- Preview/Save n Continue in Uploading Supporting Doc Page' is clicked on

2018-12-10 18:05:17 - [MESSAGE][PASSED] - Call Test Case 'Test Cases/Final Aug 2018 - PKS Automation/Registration Module/New Registration/Flow of New Registration/Third Screen - Upload Supporting Doc - Preview' successfully

2018-12-10 18:05:17 - [TEST_STEP][PASSED] - callTestCase: Call Test Case 'Test Cases/Final Aug 2018 - PKS Automation/Registration Module/New Registration/Submit and Screenshot/Submit Registration and Screenshot' successfully

2018-12-10 18:05:17 - [TEST_CASE][PASSED] - Test Cases/Final Aug 2018 - PKS Automation/Registration Module/New Registration/Submit and Screenshot/Submit Registration and Screenshot: Test Cases/Final Aug 2018 - PKS Automation/Registration Module/New Registration/Submit and Screenshot/Submit Registration and Screenshot

2018-12-10 18:05:17 - [TEST_STEP][PASSED] - delay: Delayed 6 second(s)

2018-12-10 18:05:23 - [MESSAGE][PASSED] - Delayed 6 second(s)

2018-12-10 18:05:23 - [TEST_STEP][PASSED] - click: Object: 'Object Repository/Final Object Repo/New Registration - Registration Module Pages/Third Screen - Upload Supporting Doc- Preview/Preview Submit Button' is clicked on

2018-12-10 18:05:24 - [MESSAGE][PASSED] - Object: 'Object Repository/Final Object Repo/New Registration - Registration Module Pages/Third Screen - Upload Supporting Doc- Preview/Preview Submit Button' is clicked on

2018-12-10 18:05:24 - [TEST_STEP][PASSED] - delay: Delayed 2 second(s)

2018-12-10 18:05:26 - [MESSAGE][PASSED] - Delayed 2 second(s)

2018-12-10 18:05:26 - [TEST_STEP][PASSED] - click: Object: 'Object Repository/Final Object Repo/New Registration - Registration Module Pages/Third Screen - Upload Supporting Doc- Preview/Preview Submit - Confirm' is clicked on

2018-12-10 18:05:26 - [MESSAGE][PASSED] - Object: 'Object Repository/Final Object Repo/New Registration - Registration Module Pages/Third Screen - Upload Supporting Doc- Preview/Preview Submit - Confirm' is clicked on

2018-12-10 18:05:26 - [TEST_STEP][PASSED] - delay: Delayed 15 second(s)

2018-12-10 18:05:41 - [MESSAGE][PASSED] - Delayed 15 second(s)

2018-12-10 18:05:41 - [TEST_STEP][PASSED] - Statement - driver = com.kms.katalon.core.webui.driver.DriverFactory.getWebDriver(): null

2018-12-10 18:05:41 - [TEST_STEP][PASSED] - Statement - driver.manage().timeouts().implicitlyWait(10, SECONDS): null

2018-12-10 18:05:41 - [TEST_STEP][PASSED] - Statement - PresavePath = KatalonScreenshots: null

2018-12-10 18:05:41 - [TEST_STEP][PASSED] - Statement - pathPrefix = "C:\Users\Public\Pictures\Sample Pictures\Katalon Screenshots\Automate Ending Screen": null

2018-12-10 18:05:41 - [TEST_STEP][PASSED] - Statement - finalPath = <not implemented yet for class: org.codehaus.groovy.ast.expr.EmptyExpression>: null

2018-12-10 18:05:41 - [TEST_STEP][PASSED] - Statement - scrFile = driver.getScreenshotAs(FILE): null

2018-12-10 18:05:41 - [TEST_STEP][PASSED] - Statement - PreSaveFile = new java.io.File(PresavePath): null

2018-12-10 18:05:41 - [TEST_STEP][PASSED] - Statement - counter = 0: null

2018-12-10 18:05:41 - [TEST_STEP][PASSED] - Statement - If (PreSaveFile.exists()): null

2018-12-10 18:05:41 - [TEST_STEP][PASSED] - Statement - While (PreSaveFile.exists()): null

2018-12-10 18:05:41 - [TEST_STEP][PASSED] - Statement - counter = counter + 1: null

2018-12-10 18:05:41 - [TEST_STEP][PASSED] - Statement - PreSaveFile = new java.io.File(((pathPrefix + java.lang.Integer.toString(counter)) + .png)): null

2018-12-10 18:05:41 - [TEST_STEP][PASSED] - Statement - counter = counter + 1: null

2018-12-10 18:05:41 - [TEST_STEP][PASSED] - Statement - PreSaveFile = new java.io.File(((pathPrefix + java.lang.Integer.toString(counter)) + .png)): null

2018-12-10 18:05:41 - [TEST_STEP][PASSED] - Statement - counter = counter + 1: null

2018-12-10 18:05:41 - [TEST_STEP][PASSED] - Statement - PreSaveFile = new java.io.File(((pathPrefix + java.lang.Integer.toString(counter)) + .png)): null

2018-12-10 18:05:41 - [TEST_STEP][PASSED] - Statement - counter = counter + 1: null

2018-12-10 18:05:41 - [TEST_STEP][PASSED] - Statement - PreSaveFile = new java.io.File(((pathPrefix + java.lang.Integer.toString(counter)) + .png)): null

2018-12-10 18:05:41 - [TEST_STEP][PASSED] - Statement - counter = counter + 1: null

2018-12-10 18:05:41 - [TEST_STEP][PASSED] - Statement - PreSaveFile = new java.io.File(((pathPrefix + java.lang.Integer.toString(counter)) + .png)): null

2018-12-10 18:05:41 - [TEST_STEP][PASSED] - Statement - counter = counter + 1: null

2018-12-10 18:05:41 - [TEST_STEP][PASSED] - Statement - PreSaveFile = new java.io.File(((pathPrefix + java.lang.Integer.toString(counter)) + .png)): null

2018-12-10 18:05:41 - [TEST_STEP][PASSED] - Statement - counter = counter + 1: null

2018-12-10 18:05:41 - [TEST_STEP][PASSED] - Statement - PreSaveFile = new java.io.File(((pathPrefix + java.lang.Integer.toString(counter)) + .png)): null

2018-12-10 18:05:41 - [TEST_STEP][PASSED] - Statement - counter = counter + 1: null

2018-12-10 18:05:41 - [TEST_STEP][PASSED] - Statement - PreSaveFile = new java.io.File(((pathPrefix + java.lang.Integer.toString(counter)) + .png)): null

2018-12-10 18:05:41 - [TEST_STEP][PASSED] - Statement - counter = counter + 1: null

2018-12-10 18:05:41 - [TEST_STEP][PASSED] - Statement - PreSaveFile = new java.io.File(((pathPrefix + java.lang.Integer.toString(counter)) + .png)): null

2018-12-10 18:05:41 - [TEST_STEP][PASSED] - Statement - finalPath = pathPrefix + java.lang.Integer.toString(counter) + ".png": null

2018-12-10 18:05:41 - [TEST_STEP][PASSED] - Statement - SaveFile = new java.io.File(finalPath): null

2018-12-10 18:05:41 - [TEST_STEP][PASSED] - Statement - Try: null

2018-12-10 18:05:41 - [TEST_STEP][PASSED] - Statement - org.apache.commons.io.FileUtils.copyFile(scrFile, SaveFile): null

2018-12-10 18:05:41 - [TEST_STEP][PASSED] - Statement - out.println("file kept"): null

2018-12-10 18:05:41 - [TEST_STEP][PASSED] - delay: Delayed 10 second(s)

2018-12-10 18:05:51 - [MESSAGE][PASSED] - Delayed 10 second(s)

2018-12-10 18:05:51 - [MESSAGE][PASSED] - Call Test Case 'Test Cases/Final Aug 2018 - PKS Automation/Registration Module/New Registration/Submit and Screenshot/Submit Registration and Screenshot' successfully]]></system-out>
         <system-err><![CDATA[]]></system-err>
      </testcase>
      <testcase name="Test Cases/Final Aug 2018 - PKS Automation/Registration Module/Critical Path/New Registration/Partnership - Registered with SSM" classname="Test Cases/Final Aug 2018 - PKS Automation/Registration Module/Critical Path/New Registration/Partnership - Registered with SSM" status="PASSED">
         <system-out><![CDATA[2018-12-10 18:05:51 - [TEST_CASE][PASSED] - Test Cases/Final Aug 2018 - PKS Automation/Registration Module/Critical Path/New Registration/Partnership - Registered with SSM: Test Cases/Final Aug 2018 - PKS Automation/Registration Module/Critical Path/New Registration/Partnership - Registered with SSM

2018-12-10 18:05:52 - [TEST_STEP][PASSED] - callTestCase: Call Test Case 'Test Cases/Final Aug 2018 - PKS Automation/Registration Module/New Registration/Form 1/Form 1 - Partnership - Registered with SSM' successfully

2018-12-10 18:05:52 - [TEST_CASE][PASSED] - Test Cases/Final Aug 2018 - PKS Automation/Registration Module/New Registration/Form 1/Form 1 - Partnership - Registered with SSM: Test Cases/Final Aug 2018 - PKS Automation/Registration Module/New Registration/Form 1/Form 1 - Partnership - Registered with SSM

2018-12-10 18:05:52 - [TEST_STEP][PASSED] - openBrowser: Browser is opened with url: ''

2018-12-10 18:05:52 - [MESSAGE][WARNING] - A browser is already opened. Closing browser and opening a new one

2018-12-10 18:05:55 - [MESSAGE][PASSED] - Browser is opened with url: ''

2018-12-10 18:05:55 - [TEST_STEP][PASSED] - navigateToUrl: Navigate to 'https://assist2-uat.perkeso.gov.my/login' successfully

2018-12-10 18:05:56 - [MESSAGE][PASSED] - Navigate to 'https://assist2-uat.perkeso.gov.my/login' successfully

2018-12-10 18:05:56 - [TEST_STEP][PASSED] - setText: Text 'johorotc1@gmail.com' is set on object 'Object Repository/Final Object Repo/Login Page/Internal User/Email Address'

2018-12-10 18:05:56 - [MESSAGE][PASSED] - Text 'johorotc1@gmail.com' is set on object 'Object Repository/Final Object Repo/Login Page/Internal User/Email Address'

2018-12-10 18:05:56 - [TEST_STEP][PASSED] - click: Object: 'Object Repository/Final Object Repo/Login Page/Internal User/Next Button' is clicked on

2018-12-10 18:05:57 - [MESSAGE][PASSED] - Object: 'Object Repository/Final Object Repo/Login Page/Internal User/Next Button' is clicked on

2018-12-10 18:05:57 - [TEST_STEP][PASSED] - delay: Delayed 1 second(s)

2018-12-10 18:05:58 - [MESSAGE][PASSED] - Delayed 1 second(s)

2018-12-10 18:05:58 - [TEST_STEP][PASSED] - setEncryptedText: Text ****** has been set on object 'Object Repository/Final Object Repo/Login Page/Internal User/Password'

2018-12-10 18:05:58 - [MESSAGE][PASSED] - Text ****** has been set on object 'Object Repository/Final Object Repo/Login Page/Internal User/Password'

2018-12-10 18:05:58 - [TEST_STEP][PASSED] - click: Object: 'Object Repository/Final Object Repo/Login Page/Internal User/Login Button' is clicked on

2018-12-10 18:05:58 - [MESSAGE][PASSED] - Object: 'Object Repository/Final Object Repo/Login Page/Internal User/Login Button' is clicked on

2018-12-10 18:05:58 - [TEST_STEP][PASSED] - delay: Delayed 1 second(s)

2018-12-10 18:05:59 - [MESSAGE][PASSED] - Delayed 1 second(s)

2018-12-10 18:05:59 - [TEST_STEP][PASSED] - Statement - Try: Delayed 2 second(s)

2018-12-10 18:05:59 - [TEST_STEP][PASSED] - Statement - Checker = false: null

2018-12-10 18:05:59 - [TEST_STEP][PASSED] - Statement - Checker = com.kms.katalon.core.webui.keyword.WebUiBuiltInKeywords.verifyElementHasAttribute(com.kms.katalon.core.testobject.ObjectRepository.findTestObject(Final Object Repo/Landing Page/BM Detecting), "href", 20, OPTIONAL): Object 'Object Repository/Final Object Repo/Landing Page/BM Detecting' has attribute 'href'

2018-12-10 18:06:00 - [MESSAGE][PASSED] - Object 'Object Repository/Final Object Repo/Landing Page/BM Detecting' has attribute 'href'

2018-12-10 18:06:00 - [TEST_STEP][PASSED] - Statement - out.println(Checker): null

2018-12-10 18:06:00 - [TEST_STEP][PASSED] - Statement - If (Checker == false): null

2018-12-10 18:06:00 - [TEST_STEP][PASSED] - Statement - Else: null

2018-12-10 18:06:00 - [TEST_STEP][PASSED] - delay: Delayed 2 second(s)

2018-12-10 18:06:02 - [MESSAGE][PASSED] - Delayed 2 second(s)

2018-12-10 18:06:02 - [TEST_STEP][PASSED] - navigateToUrl: Navigate to 'https://assist2-uat.perkeso.gov.my/web/registration/registration' successfully

2018-12-10 18:06:03 - [MESSAGE][PASSED] - Navigate to 'https://assist2-uat.perkeso.gov.my/web/registration/registration' successfully

2018-12-10 18:06:03 - [TEST_STEP][PASSED] - click: Object: 'Object Repository/Final Object Repo/New Registration - Registration Module Pages/Form 1/AEC - No' is clicked on

2018-12-10 18:06:04 - [MESSAGE][PASSED] - Object: 'Object Repository/Final Object Repo/New Registration - Registration Module Pages/Form 1/AEC - No' is clicked on

2018-12-10 18:06:04 - [TEST_STEP][PASSED] - click: Object: 'Object Repository/Final Object Repo/New Registration - Registration Module Pages/Form 1/Business Entity' is clicked on

2018-12-10 18:06:04 - [MESSAGE][PASSED] - Object: 'Object Repository/Final Object Repo/New Registration - Registration Module Pages/Form 1/Business Entity' is clicked on

2018-12-10 18:06:04 - [TEST_STEP][PASSED] - click: Object: 'Object Repository/Final Object Repo/New Registration - Registration Module Pages/Form 1/Business Entity - Partnership' is clicked on

2018-12-10 18:06:04 - [MESSAGE][PASSED] - Object: 'Object Repository/Final Object Repo/New Registration - Registration Module Pages/Form 1/Business Entity - Partnership' is clicked on

2018-12-10 18:06:04 - [TEST_STEP][PASSED] - delay: Delayed 1 second(s)

2018-12-10 18:06:05 - [MESSAGE][PASSED] - Delayed 1 second(s)

2018-12-10 18:06:05 - [TEST_STEP][PASSED] - click: Object: 'Object Repository/Final Object Repo/New Registration - Registration Module Pages/Form 1/Sub Business Entity' is clicked on

2018-12-10 18:06:05 - [MESSAGE][PASSED] - Object: 'Object Repository/Final Object Repo/New Registration - Registration Module Pages/Form 1/Sub Business Entity' is clicked on

2018-12-10 18:06:05 - [TEST_STEP][PASSED] - click: Object: 'Object Repository/Final Object Repo/New Registration - Registration Module Pages/Form 1/Sub Business Entity - Registered with SSM' is clicked on

2018-12-10 18:06:05 - [MESSAGE][PASSED] - Object: 'Object Repository/Final Object Repo/New Registration - Registration Module Pages/Form 1/Sub Business Entity - Registered with SSM' is clicked on

2018-12-10 18:06:05 - [TEST_STEP][PASSED] - delay: Delayed 1 second(s)

2018-12-10 18:06:06 - [MESSAGE][PASSED] - Delayed 1 second(s)

2018-12-10 18:06:06 - [TEST_STEP][PASSED] - setText: Text '123' is set on object 'Object Repository/Final Object Repo/New Registration - Registration Module Pages/Form 1/Registration Number'

2018-12-10 18:06:07 - [MESSAGE][PASSED] - Text '123' is set on object 'Object Repository/Final Object Repo/New Registration - Registration Module Pages/Form 1/Registration Number'

2018-12-10 18:06:07 - [TEST_STEP][NOT_RUN] - click: NOT_RUN: click

2018-12-10 18:06:07 - [MESSAGE][NOT_RUN] - NOT_RUN: click

2018-12-10 18:06:07 - [TEST_STEP][PASSED] - click: Object: 'Object Repository/Final Object Repo/New Registration - Registration Module Pages/Form 1/Registered As a Branch - Yes' is clicked on

2018-12-10 18:06:07 - [MESSAGE][PASSED] - Object: 'Object Repository/Final Object Repo/New Registration - Registration Module Pages/Form 1/Registered As a Branch - Yes' is clicked on

2018-12-10 18:06:07 - [TEST_STEP][PASSED] - click: Object: 'Object Repository/Final Object Repo/New Registration - Registration Module Pages/Form 1/Acknowledgement' is clicked on

2018-12-10 18:06:07 - [MESSAGE][PASSED] - Object: 'Object Repository/Final Object Repo/New Registration - Registration Module Pages/Form 1/Acknowledgement' is clicked on

2018-12-10 18:06:07 - [TEST_STEP][PASSED] - setText: Text 'perkeso' is set on object 'Object Repository/Final Object Repo/New Registration - Registration Module Pages/Form 1/Industry name'

2018-12-10 18:06:07 - [MESSAGE][PASSED] - Text 'perkeso' is set on object 'Object Repository/Final Object Repo/New Registration - Registration Module Pages/Form 1/Industry name'

2018-12-10 18:06:07 - [TEST_STEP][PASSED] - setText: Text 'perkeso1' is set on object 'Object Repository/Final Object Repo/New Registration - Registration Module Pages/Form 1/Postal Address1'

2018-12-10 18:06:08 - [MESSAGE][PASSED] - Text 'perkeso1' is set on object 'Object Repository/Final Object Repo/New Registration - Registration Module Pages/Form 1/Postal Address1'

2018-12-10 18:06:08 - [TEST_STEP][PASSED] - setText: Text 'perkeso2' is set on object 'Object Repository/Final Object Repo/New Registration - Registration Module Pages/Form 1/Postal Address2'

2018-12-10 18:06:08 - [MESSAGE][PASSED] - Text 'perkeso2' is set on object 'Object Repository/Final Object Repo/New Registration - Registration Module Pages/Form 1/Postal Address2'

2018-12-10 18:06:08 - [TEST_STEP][PASSED] - setText: Text 'perkeso3' is set on object 'Object Repository/Final Object Repo/New Registration - Registration Module Pages/Form 1/Postal Address3'

2018-12-10 18:06:08 - [MESSAGE][PASSED] - Text 'perkeso3' is set on object 'Object Repository/Final Object Repo/New Registration - Registration Module Pages/Form 1/Postal Address3'

2018-12-10 18:06:08 - [TEST_STEP][PASSED] - click: Object: 'Object Repository/Final Object Repo/New Registration - Registration Module Pages/Form 1/State' is clicked on

2018-12-10 18:06:08 - [MESSAGE][PASSED] - Object: 'Object Repository/Final Object Repo/New Registration - Registration Module Pages/Form 1/State' is clicked on

2018-12-10 18:06:08 - [TEST_STEP][PASSED] - click: Object: 'Object Repository/Final Object Repo/New Registration - Registration Module Pages/Form 1/State - Johor' is clicked on

2018-12-10 18:06:09 - [MESSAGE][PASSED] - Object: 'Object Repository/Final Object Repo/New Registration - Registration Module Pages/Form 1/State - Johor' is clicked on

2018-12-10 18:06:09 - [TEST_STEP][PASSED] - delay: Delayed 1 second(s)

2018-12-10 18:06:10 - [MESSAGE][PASSED] - Delayed 1 second(s)

2018-12-10 18:06:10 - [TEST_STEP][PASSED] - click: Object: 'Object Repository/Final Object Repo/New Registration - Registration Module Pages/Form 1/City' is clicked on

2018-12-10 18:06:10 - [MESSAGE][PASSED] - Object: 'Object Repository/Final Object Repo/New Registration - Registration Module Pages/Form 1/City' is clicked on

2018-12-10 18:06:10 - [TEST_STEP][PASSED] - setText: Text 'joh' is set on object 'Object Repository/Final Object Repo/New Registration - Registration Module Pages/Form 1/Postcode - 810'

2018-12-10 18:06:10 - [MESSAGE][PASSED] - Text 'joh' is set on object 'Object Repository/Final Object Repo/New Registration - Registration Module Pages/Form 1/Postcode - 810'

2018-12-10 18:06:10 - [TEST_STEP][PASSED] - delay: Delayed 1 second(s)

2018-12-10 18:06:11 - [MESSAGE][PASSED] - Delayed 1 second(s)

2018-12-10 18:06:11 - [TEST_STEP][PASSED] - click: Object: 'Object Repository/Final Object Repo/New Registration - Registration Module Pages/Form 1/City - Johor Bharu' is clicked on

2018-12-10 18:06:11 - [MESSAGE][PASSED] - Object: 'Object Repository/Final Object Repo/New Registration - Registration Module Pages/Form 1/City - Johor Bharu' is clicked on

2018-12-10 18:06:11 - [TEST_STEP][PASSED] - delay: Delayed 1 second(s)

2018-12-10 18:06:12 - [MESSAGE][PASSED] - Delayed 1 second(s)

2018-12-10 18:06:12 - [TEST_STEP][PASSED] - click: Object: 'Object Repository/Final Object Repo/New Registration - Registration Module Pages/Form 1/Postcode' is clicked on

2018-12-10 18:06:13 - [MESSAGE][PASSED] - Object: 'Object Repository/Final Object Repo/New Registration - Registration Module Pages/Form 1/Postcode' is clicked on

2018-12-10 18:06:13 - [TEST_STEP][PASSED] - delay: Delayed 1 second(s)

2018-12-10 18:06:14 - [MESSAGE][PASSED] - Delayed 1 second(s)

2018-12-10 18:06:14 - [TEST_STEP][PASSED] - setText: Text '810' is set on object 'Object Repository/Final Object Repo/New Registration - Registration Module Pages/Form 1/Postcode - 810'

2018-12-10 18:06:14 - [MESSAGE][PASSED] - Text '810' is set on object 'Object Repository/Final Object Repo/New Registration - Registration Module Pages/Form 1/Postcode - 810'

2018-12-10 18:06:14 - [TEST_STEP][PASSED] - delay: Delayed 1 second(s)

2018-12-10 18:06:15 - [MESSAGE][PASSED] - Delayed 1 second(s)

2018-12-10 18:06:15 - [TEST_STEP][PASSED] - click: Object: 'Object Repository/Final Object Repo/New Registration - Registration Module Pages/Form 1/Postcode - 81000' is clicked on

2018-12-10 18:06:15 - [MESSAGE][PASSED] - Object: 'Object Repository/Final Object Repo/New Registration - Registration Module Pages/Form 1/Postcode - 81000' is clicked on

2018-12-10 18:06:15 - [TEST_STEP][PASSED] - delay: Delayed 1 second(s)

2018-12-10 18:06:16 - [MESSAGE][PASSED] - Delayed 1 second(s)

2018-12-10 18:06:16 - [TEST_STEP][PASSED] - setText: Text '100' is set on object 'Object Repository/Final Object Repo/New Registration - Registration Module Pages/Form 1/P.O.BOX'

2018-12-10 18:06:16 - [MESSAGE][PASSED] - Text '100' is set on object 'Object Repository/Final Object Repo/New Registration - Registration Module Pages/Form 1/P.O.BOX'

2018-12-10 18:06:16 - [TEST_STEP][PASSED] - setText: Text '100' is set on object 'Object Repository/Final Object Repo/New Registration - Registration Module Pages/Form 1/Locked Bag No'

2018-12-10 18:06:16 - [MESSAGE][PASSED] - Text '100' is set on object 'Object Repository/Final Object Repo/New Registration - Registration Module Pages/Form 1/Locked Bag No'

2018-12-10 18:06:16 - [TEST_STEP][PASSED] - click: Object: 'Object Repository/Final Object Repo/New Registration - Registration Module Pages/Form 1/SOCSO Office Location' is clicked on

2018-12-10 18:06:17 - [MESSAGE][PASSED] - Object: 'Object Repository/Final Object Repo/New Registration - Registration Module Pages/Form 1/SOCSO Office Location' is clicked on

2018-12-10 18:06:17 - [TEST_STEP][PASSED] - click: Object: 'Object Repository/Final Object Repo/New Registration - Registration Module Pages/Form 1/SOCSO Office Location - Pejabat PERKESO Negeri Johor' is clicked on

2018-12-10 18:06:17 - [MESSAGE][PASSED] - Object: 'Object Repository/Final Object Repo/New Registration - Registration Module Pages/Form 1/SOCSO Office Location - Pejabat PERKESO Negeri Johor' is clicked on

2018-12-10 18:06:17 - [TEST_STEP][PASSED] - delay: Delayed 1 second(s)

2018-12-10 18:06:18 - [MESSAGE][PASSED] - Delayed 1 second(s)

2018-12-10 18:06:18 - [TEST_STEP][PASSED] - check: Object 'Object Repository/Final Object Repo/New Registration - Registration Module Pages/Form 1/Indusrty Address Same As Postal Address' is checked

2018-12-10 18:06:18 - [MESSAGE][PASSED] - Object 'Object Repository/Final Object Repo/New Registration - Registration Module Pages/Form 1/Indusrty Address Same As Postal Address' is checked

2018-12-10 18:06:18 - [TEST_STEP][PASSED] - delay: Delayed 3 second(s)

2018-12-10 18:06:21 - [MESSAGE][PASSED] - Delayed 3 second(s)

2018-12-10 18:06:21 - [TEST_STEP][PASSED] - click: Object: 'Object Repository/Final Object Repo/New Registration - Registration Module Pages/Form 1/Indusry Address Same As Postal Address False' is clicked on

2018-12-10 18:06:21 - [MESSAGE][PASSED] - Object: 'Object Repository/Final Object Repo/New Registration - Registration Module Pages/Form 1/Indusry Address Same As Postal Address False' is clicked on

2018-12-10 18:06:21 - [TEST_STEP][PASSED] - delay: Delayed 1 second(s)

2018-12-10 18:06:22 - [MESSAGE][PASSED] - Delayed 1 second(s)

2018-12-10 18:06:22 - [TEST_STEP][PASSED] - setText: Text 'perkeso1' is set on object 'Object Repository/Final Object Repo/New Registration - Registration Module Pages/Form 1/Industry Address1'

2018-12-10 18:06:23 - [MESSAGE][PASSED] - Text 'perkeso1' is set on object 'Object Repository/Final Object Repo/New Registration - Registration Module Pages/Form 1/Industry Address1'

2018-12-10 18:06:23 - [TEST_STEP][PASSED] - setText: Text 'perkeso2' is set on object 'Object Repository/Final Object Repo/New Registration - Registration Module Pages/Form 1/Industry Address2'

2018-12-10 18:06:23 - [MESSAGE][PASSED] - Text 'perkeso2' is set on object 'Object Repository/Final Object Repo/New Registration - Registration Module Pages/Form 1/Industry Address2'

2018-12-10 18:06:23 - [TEST_STEP][PASSED] - setText: Text 'perkeso3' is set on object 'Object Repository/Final Object Repo/New Registration - Registration Module Pages/Form 1/Industry Address3'

2018-12-10 18:06:23 - [MESSAGE][PASSED] - Text 'perkeso3' is set on object 'Object Repository/Final Object Repo/New Registration - Registration Module Pages/Form 1/Industry Address3'

2018-12-10 18:06:23 - [TEST_STEP][PASSED] - click: Object: 'Object Repository/Final Object Repo/New Registration - Registration Module Pages/Form 1/Industry State' is clicked on

2018-12-10 18:06:23 - [MESSAGE][PASSED] - Object: 'Object Repository/Final Object Repo/New Registration - Registration Module Pages/Form 1/Industry State' is clicked on

2018-12-10 18:06:23 - [TEST_STEP][PASSED] - delay: Delayed 2 second(s)

2018-12-10 18:06:25 - [MESSAGE][PASSED] - Delayed 2 second(s)

2018-12-10 18:06:25 - [TEST_STEP][PASSED] - click: Object: 'Object Repository/Final Object Repo/New Registration - Registration Module Pages/Form 1/Industry State - Johor' is clicked on

2018-12-10 18:06:26 - [MESSAGE][PASSED] - Object: 'Object Repository/Final Object Repo/New Registration - Registration Module Pages/Form 1/Industry State - Johor' is clicked on

2018-12-10 18:06:26 - [TEST_STEP][PASSED] - delay: Delayed 2 second(s)

2018-12-10 18:06:28 - [MESSAGE][PASSED] - Delayed 2 second(s)

2018-12-10 18:06:28 - [TEST_STEP][PASSED] - click: Object: 'Object Repository/Final Object Repo/New Registration - Registration Module Pages/Form 1/Industry Ciry' is clicked on

2018-12-10 18:06:28 - [MESSAGE][PASSED] - Object: 'Object Repository/Final Object Repo/New Registration - Registration Module Pages/Form 1/Industry Ciry' is clicked on

2018-12-10 18:06:28 - [TEST_STEP][PASSED] - setText: Text 'joh' is set on object 'Object Repository/Final Object Repo/New Registration - Registration Module Pages/Form 1/Industry Ciry - joh'

2018-12-10 18:06:28 - [MESSAGE][PASSED] - Text 'joh' is set on object 'Object Repository/Final Object Repo/New Registration - Registration Module Pages/Form 1/Industry Ciry - joh'

2018-12-10 18:06:28 - [TEST_STEP][PASSED] - delay: Delayed 2 second(s)

2018-12-10 18:06:30 - [MESSAGE][PASSED] - Delayed 2 second(s)

2018-12-10 18:06:30 - [TEST_STEP][PASSED] - click: Object: 'Object Repository/Final Object Repo/New Registration - Registration Module Pages/Form 1/Industy State - Johor Bharu' is clicked on

2018-12-10 18:06:30 - [MESSAGE][PASSED] - Object: 'Object Repository/Final Object Repo/New Registration - Registration Module Pages/Form 1/Industy State - Johor Bharu' is clicked on

2018-12-10 18:06:30 - [TEST_STEP][PASSED] - delay: Delayed 1 second(s)

2018-12-10 18:06:31 - [MESSAGE][PASSED] - Delayed 1 second(s)

2018-12-10 18:06:31 - [TEST_STEP][PASSED] - click: Object: 'Object Repository/Final Object Repo/New Registration - Registration Module Pages/Form 1/Indusry PostCode' is clicked on

2018-12-10 18:06:31 - [MESSAGE][PASSED] - Object: 'Object Repository/Final Object Repo/New Registration - Registration Module Pages/Form 1/Indusry PostCode' is clicked on

2018-12-10 18:06:31 - [TEST_STEP][PASSED] - delay: Delayed 1 second(s)

2018-12-10 18:06:32 - [MESSAGE][PASSED] - Delayed 1 second(s)

2018-12-10 18:06:32 - [TEST_STEP][PASSED] - setText: Text '810' is set on object 'Object Repository/Final Object Repo/New Registration - Registration Module Pages/Form 1/Insutry Post Code - 810'

2018-12-10 18:06:33 - [MESSAGE][PASSED] - Text '810' is set on object 'Object Repository/Final Object Repo/New Registration - Registration Module Pages/Form 1/Insutry Post Code - 810'

2018-12-10 18:06:33 - [TEST_STEP][PASSED] - delay: Delayed 1 second(s)

2018-12-10 18:06:34 - [MESSAGE][PASSED] - Delayed 1 second(s)

2018-12-10 18:06:34 - [TEST_STEP][PASSED] - click: Object: 'Object Repository/Final Object Repo/New Registration - Registration Module Pages/Form 1/Insutry Post Code - 81000' is clicked on

2018-12-10 18:06:34 - [MESSAGE][PASSED] - Object: 'Object Repository/Final Object Repo/New Registration - Registration Module Pages/Form 1/Insutry Post Code - 81000' is clicked on

2018-12-10 18:06:34 - [TEST_STEP][PASSED] - delay: Delayed 1 second(s)

2018-12-10 18:06:35 - [MESSAGE][PASSED] - Delayed 1 second(s)

2018-12-10 18:06:35 - [TEST_STEP][PASSED] - setText: Text '100' is set on object 'Object Repository/Final Object Repo/New Registration - Registration Module Pages/Form 1/Industry P.O.BOX'

2018-12-10 18:06:35 - [MESSAGE][PASSED] - Text '100' is set on object 'Object Repository/Final Object Repo/New Registration - Registration Module Pages/Form 1/Industry P.O.BOX'

2018-12-10 18:06:35 - [TEST_STEP][PASSED] - setText: Text '100' is set on object 'Object Repository/Final Object Repo/New Registration - Registration Module Pages/Form 1/Industry Locked Bag No'

2018-12-10 18:06:35 - [MESSAGE][PASSED] - Text '100' is set on object 'Object Repository/Final Object Repo/New Registration - Registration Module Pages/Form 1/Industry Locked Bag No'

2018-12-10 18:06:35 - [TEST_STEP][PASSED] - setText: Text '123456789' is set on object 'Object Repository/Final Object Repo/New Registration - Registration Module Pages/Form 1/Telephone No'

2018-12-10 18:06:36 - [MESSAGE][PASSED] - Text '123456789' is set on object 'Object Repository/Final Object Repo/New Registration - Registration Module Pages/Form 1/Telephone No'

2018-12-10 18:06:36 - [TEST_STEP][PASSED] - setText: Text '123456789' is set on object 'Object Repository/Final Object Repo/New Registration - Registration Module Pages/Form 1/Mobile No'

2018-12-10 18:06:36 - [MESSAGE][PASSED] - Text '123456789' is set on object 'Object Repository/Final Object Repo/New Registration - Registration Module Pages/Form 1/Mobile No'

2018-12-10 18:06:36 - [TEST_STEP][PASSED] - setText: Text '123456789' is set on object 'Object Repository/Final Object Repo/New Registration - Registration Module Pages/Form 1/Fax No'

2018-12-10 18:06:37 - [MESSAGE][PASSED] - Text '123456789' is set on object 'Object Repository/Final Object Repo/New Registration - Registration Module Pages/Form 1/Fax No'

2018-12-10 18:06:37 - [TEST_STEP][PASSED] - click: Object: 'Object Repository/Final Object Repo/New Registration - Registration Module Pages/Form 1/Industry Code' is clicked on

2018-12-10 18:06:37 - [MESSAGE][PASSED] - Object: 'Object Repository/Final Object Repo/New Registration - Registration Module Pages/Form 1/Industry Code' is clicked on

2018-12-10 18:06:37 - [TEST_STEP][PASSED] - click: Object: 'Object Repository/Final Object Repo/New Registration - Registration Module Pages/Form 1/Indudustry Code - Crops and Animal' is clicked on

2018-12-10 18:06:37 - [MESSAGE][PASSED] - Object: 'Object Repository/Final Object Repo/New Registration - Registration Module Pages/Form 1/Indudustry Code - Crops and Animal' is clicked on

2018-12-10 18:06:37 - [TEST_STEP][PASSED] - delay: Delayed 1 second(s)

2018-12-10 18:06:38 - [MESSAGE][PASSED] - Delayed 1 second(s)

2018-12-10 18:06:38 - [TEST_STEP][PASSED] - click: Object: 'Object Repository/Final Object Repo/New Registration - Registration Module Pages/Form 1/Sub Industry Code List' is clicked on

2018-12-10 18:06:38 - [MESSAGE][PASSED] - Object: 'Object Repository/Final Object Repo/New Registration - Registration Module Pages/Form 1/Sub Industry Code List' is clicked on

2018-12-10 18:06:38 - [TEST_STEP][PASSED] - click: Object: 'Object Repository/Final Object Repo/New Registration - Registration Module Pages/Form 1/Sub Industry Code List - Growing of Maize' is clicked on

2018-12-10 18:06:39 - [MESSAGE][PASSED] - Object: 'Object Repository/Final Object Repo/New Registration - Registration Module Pages/Form 1/Sub Industry Code List - Growing of Maize' is clicked on

2018-12-10 18:06:39 - [TEST_STEP][PASSED] - setText: Text 'perkeso123@gmail.com' is set on object 'Object Repository/Final Object Repo/New Registration - Registration Module Pages/Form 1/Email'

2018-12-10 18:06:39 - [MESSAGE][PASSED] - Text 'perkeso123@gmail.com' is set on object 'Object Repository/Final Object Repo/New Registration - Registration Module Pages/Form 1/Email'

2018-12-10 18:06:39 - [TEST_STEP][PASSED] - click: Object: 'Object Repository/Final Object Repo/New Registration - Registration Module Pages/Form 1/Method of Contribution Payment' is clicked on

2018-12-10 18:06:39 - [MESSAGE][PASSED] - Object: 'Object Repository/Final Object Repo/New Registration - Registration Module Pages/Form 1/Method of Contribution Payment' is clicked on

2018-12-10 18:06:39 - [TEST_STEP][PASSED] - click: Object: 'Object Repository/Final Object Repo/New Registration - Registration Module Pages/Form 1/Method of Contribution Payment - Portal' is clicked on

2018-12-10 18:06:40 - [MESSAGE][PASSED] - Object: 'Object Repository/Final Object Repo/New Registration - Registration Module Pages/Form 1/Method of Contribution Payment - Portal' is clicked on

2018-12-10 18:06:40 - [TEST_STEP][PASSED] - click: Object: 'Object Repository/Final Object Repo/New Registration - Registration Module Pages/Form 1/Servide Type' is clicked on

2018-12-10 18:06:40 - [MESSAGE][PASSED] - Object: 'Object Repository/Final Object Repo/New Registration - Registration Module Pages/Form 1/Servide Type' is clicked on

2018-12-10 18:06:40 - [TEST_STEP][PASSED] - click: Object: 'Object Repository/Final Object Repo/New Registration - Registration Module Pages/Form 1/Servide Type - Professional Bodies' is clicked on

2018-12-10 18:06:40 - [MESSAGE][PASSED] - Object: 'Object Repository/Final Object Repo/New Registration - Registration Module Pages/Form 1/Servide Type - Professional Bodies' is clicked on

2018-12-10 18:06:40 - [TEST_STEP][PASSED] - click: Object: 'Object Repository/Final Object Repo/New Registration - Registration Module Pages/Form 1/Industry Venue' is clicked on

2018-12-10 18:06:40 - [MESSAGE][PASSED] - Object: 'Object Repository/Final Object Repo/New Registration - Registration Module Pages/Form 1/Industry Venue' is clicked on

2018-12-10 18:06:40 - [TEST_STEP][PASSED] - click: Object: 'Object Repository/Final Object Repo/New Registration - Registration Module Pages/Form 1/Industry Venue -  PPN JOHOR' is clicked on

2018-12-10 18:06:40 - [MESSAGE][PASSED] - Object: 'Object Repository/Final Object Repo/New Registration - Registration Module Pages/Form 1/Industry Venue -  PPN JOHOR' is clicked on

2018-12-10 18:06:40 - [TEST_STEP][PASSED] - click: Object: 'Object Repository/Final Object Repo/New Registration - Registration Module Pages/Form 1/Save  Continue' is clicked on

2018-12-10 18:06:41 - [MESSAGE][PASSED] - Object: 'Object Repository/Final Object Repo/New Registration - Registration Module Pages/Form 1/Save  Continue' is clicked on

2018-12-10 18:06:41 - [MESSAGE][PASSED] - Call Test Case 'Test Cases/Final Aug 2018 - PKS Automation/Registration Module/New Registration/Form 1/Form 1 - Partnership - Registered with SSM' successfully

2018-12-10 18:06:41 - [TEST_STEP][PASSED] - callTestCase: Call Test Case 'Test Cases/Final Aug 2018 - PKS Automation/Registration Module/New Registration/Form 2/Add 2 Eligible 2 Not Eligible' successfully

2018-12-10 18:06:41 - [TEST_CASE][PASSED] - Test Cases/Final Aug 2018 - PKS Automation/Registration Module/New Registration/Form 2/Add 2 Eligible 2 Not Eligible: Test Cases/Final Aug 2018 - PKS Automation/Registration Module/New Registration/Form 2/Add 2 Eligible 2 Not Eligible

2018-12-10 18:06:41 - [TEST_STEP][PASSED] - delay: Delayed 2 second(s)

2018-12-10 18:06:43 - [MESSAGE][PASSED] - Delayed 2 second(s)

2018-12-10 18:06:43 - [TEST_STEP][PASSED] - callTestCase: Call Test Case 'Test Cases/Final Aug 2018 - PKS Automation/Registration Module/New Registration/Form 2/Date Updater' successfully

2018-12-10 18:06:43 - [TEST_CASE][PASSED] - Test Cases/Final Aug 2018 - PKS Automation/Registration Module/New Registration/Form 2/Date Updater: Test Cases/Final Aug 2018 - PKS Automation/Registration Module/New Registration/Form 2/Date Updater

2018-12-10 18:06:43 - [TEST_STEP][PASSED] - Statement - TodayDate = new java.util.Date(): null

2018-12-10 18:06:43 - [TEST_STEP][PASSED] - Statement - CurrentDateNoFilter = new java.text.SimpleDateFormat(): null

2018-12-10 18:06:43 - [TEST_STEP][PASSED] - Statement - CurrentDateNoFilter.applyPattern("MM"): null

2018-12-10 18:06:43 - [TEST_STEP][PASSED] - Statement - monthContainerMatcher = java.lang.Integer.parseInt(CurrentDateNoFilter.format(TodayDate)): null

2018-12-10 18:06:43 - [TEST_STEP][PASSED] - Statement - monthContainerMatcher = monthContainerMatcher - 1: null

2018-12-10 18:06:43 - [TEST_STEP][PASSED] - Statement - CurrentMonth = monthContainerMatcher.toString(): null

2018-12-10 18:06:43 - [TEST_STEP][PASSED] - Statement - CurrentMonth = CurrentMonth: null

2018-12-10 18:06:43 - [TEST_STEP][PASSED] - Statement - CurrentDateNoFilter.applyPattern("yyyy"): null

2018-12-10 18:06:43 - [TEST_STEP][PASSED] - Statement - CurrentYear = CurrentDateNoFilter.format(TodayDate): null

2018-12-10 18:06:43 - [TEST_STEP][PASSED] - Statement - CurrentYear = CurrentYear: null

2018-12-10 18:06:43 - [TEST_STEP][PASSED] - Statement - intCurrentYear = java.lang.Integer.parseInt(CurrentDateNoFilter.format(TodayDate)): null

2018-12-10 18:06:43 - [TEST_STEP][PASSED] - Statement - eighteenYrsAgo = intCurrentYear - 18: null

2018-12-10 18:06:43 - [TEST_STEP][PASSED] - Statement - eighteenYrsBeforeThisYr = eighteenYrsAgo.toString(): null

2018-12-10 18:06:43 - [TEST_STEP][PASSED] - Statement - EighteenYrsBefore = eighteenYrsBeforeThisYr: null

2018-12-10 18:06:43 - [TEST_STEP][PASSED] - Statement - fiftysevenYrsAgo = intCurrentYear - 57: null

2018-12-10 18:06:43 - [TEST_STEP][PASSED] - Statement - fiftysevenYrsBeforeThisYr = fiftysevenYrsAgo.toString(): null

2018-12-10 18:06:43 - [TEST_STEP][PASSED] - Statement - FiftysevenYrsBefore = fiftysevenYrsBeforeThisYr: null

2018-12-10 18:06:43 - [TEST_STEP][PASSED] - Statement - leapYear = false: null

2018-12-10 18:06:43 - [TEST_STEP][PASSED] - Statement - leapYear = intCurrentYear % 4 == 0: null

2018-12-10 18:06:43 - [TEST_STEP][PASSED] - Statement - CurrentDateNoFilter.applyPattern("dd"): null

2018-12-10 18:06:43 - [TEST_STEP][PASSED] - Statement - CurrentDate = CurrentDateNoFilter.format(TodayDate): null

2018-12-10 18:06:43 - [TEST_STEP][PASSED] - Statement - CurrentDate = java.lang.Integer.parseInt(CurrentDate): null

2018-12-10 18:06:43 - [TEST_STEP][PASSED] - Statement - CurrentDate = CurrentDate: null

2018-12-10 18:06:43 - [TEST_STEP][PASSED] - Statement - CurrentDay = java.lang.Integer.parseInt(CurrentDate): null

2018-12-10 18:06:43 - [TEST_STEP][PASSED] - Statement - ConfAdder = <not implemented yet for class: org.codehaus.groovy.ast.expr.EmptyExpression>: null

2018-12-10 18:06:43 - [TEST_STEP][PASSED] - Statement - out.println(CurrentMonth): null

2018-12-10 18:06:43 - [TEST_STEP][PASSED] - Statement - out.println(CurrentDate): null

2018-12-10 18:06:43 - [TEST_STEP][PASSED] - Statement - switch (CurrentDate): null

2018-12-10 18:06:43 - [TEST_STEP][PASSED] - Statement - Default: null

2018-12-10 18:06:43 - [TEST_STEP][PASSED] - Statement - ConfAdder = true: null

2018-12-10 18:06:43 - [TEST_STEP][PASSED] - Statement - Break: null

2018-12-10 18:06:43 - [TEST_STEP][PASSED] - Statement - aDayBefore = <not implemented yet for class: org.codehaus.groovy.ast.expr.EmptyExpression>: null

2018-12-10 18:06:43 - [TEST_STEP][PASSED] - Statement - out.println(ConfAdder): null

2018-12-10 18:06:43 - [TEST_STEP][PASSED] - Statement - If (ConfAdder == true): null

2018-12-10 18:06:43 - [TEST_STEP][PASSED] - Statement - aDayBefore = CurrentDay + 1: null

2018-12-10 18:06:43 - [TEST_STEP][PASSED] - Statement - out.println(aDayBefore): null

2018-12-10 18:06:43 - [TEST_STEP][PASSED] - Statement - If (aDayBefore == 1 && CurrentMonth == 11): null

2018-12-10 18:06:43 - [TEST_STEP][PASSED] - Statement - DayBefore = aDayBefore.toString(): null

2018-12-10 18:06:43 - [TEST_STEP][PASSED] - Statement - OneDayBefore = DayBefore: null

2018-12-10 18:06:43 - [MESSAGE][PASSED] - Call Test Case 'Test Cases/Final Aug 2018 - PKS Automation/Registration Module/New Registration/Form 2/Date Updater' successfully

2018-12-10 18:06:43 - [TEST_STEP][PASSED] - delay: Delayed 1 second(s)

2018-12-10 18:06:44 - [MESSAGE][PASSED] - Delayed 1 second(s)

2018-12-10 18:06:44 - [TEST_STEP][PASSED] - Statement - CaseReferenceNo = com.kms.katalon.core.webui.keyword.WebUiBuiltInKeywords.getText(com.kms.katalon.core.testobject.ObjectRepository.findTestObject(Final Object Repo/New Registration - Registration Module Pages/Form 2/RefNo Acquiring)): Text of object 'Object Repository/Final Object Repo/New Registration - Registration Module Pages/Form 2/RefNo Acquiring' is: 'CRN12201800123141'

2018-12-10 18:06:44 - [MESSAGE][PASSED] - Text of object 'Object Repository/Final Object Repo/New Registration - Registration Module Pages/Form 2/RefNo Acquiring' is: 'CRN12201800123141'

2018-12-10 18:06:44 - [TEST_STEP][PASSED] - delay: Delayed 1 second(s)

2018-12-10 18:06:45 - [MESSAGE][PASSED] - Delayed 1 second(s)

2018-12-10 18:06:45 - [TEST_STEP][PASSED] - click: Object: 'Object Repository/Final Object Repo/New Registration - Registration Module Pages/Form 2/Add Employee Button' is clicked on

2018-12-10 18:06:45 - [MESSAGE][PASSED] - Object: 'Object Repository/Final Object Repo/New Registration - Registration Module Pages/Form 2/Add Employee Button' is clicked on

2018-12-10 18:06:45 - [TEST_STEP][PASSED] - delay: Delayed 4 second(s)

2018-12-10 18:06:49 - [MESSAGE][PASSED] - Delayed 4 second(s)

2018-12-10 18:06:49 - [TEST_STEP][PASSED] - setText: Text '010903091927' is set on object 'Object Repository/Final Object Repo/New Registration - Registration Module Pages/Form 2/NRIC Input'

2018-12-10 18:06:49 - [MESSAGE][PASSED] - Text '010903091927' is set on object 'Object Repository/Final Object Repo/New Registration - Registration Module Pages/Form 2/NRIC Input'

2018-12-10 18:06:49 - [TEST_STEP][PASSED] - click: Object: 'Object Repository/Final Object Repo/New Registration - Registration Module Pages/Form 2/button for search for IC' is clicked on

2018-12-10 18:06:50 - [MESSAGE][PASSED] - Object: 'Object Repository/Final Object Repo/New Registration - Registration Module Pages/Form 2/button for search for IC' is clicked on

2018-12-10 18:06:50 - [TEST_STEP][PASSED] - delay: Delayed 2 second(s)

2018-12-10 18:06:52 - [MESSAGE][PASSED] - Delayed 2 second(s)

2018-12-10 18:06:52 - [TEST_STEP][PASSED] - setText: Text 'Automate001 eligible 1' is set on object 'Object Repository/Final Object Repo/New Registration - Registration Module Pages/Form 2/Employee Name Input'

2018-12-10 18:06:52 - [MESSAGE][PASSED] - Text 'Automate001 eligible 1' is set on object 'Object Repository/Final Object Repo/New Registration - Registration Module Pages/Form 2/Employee Name Input'

2018-12-10 18:06:52 - [TEST_STEP][PASSED] - delay: Delayed 2 second(s)

2018-12-10 18:06:54 - [MESSAGE][PASSED] - Delayed 2 second(s)

2018-12-10 18:06:54 - [TEST_STEP][PASSED] - click: Object: 'Object Repository/Final Object Repo/New Registration - Registration Module Pages/Form 2/DatePicker Pop Up' is clicked on

2018-12-10 18:06:54 - [MESSAGE][PASSED] - Object: 'Object Repository/Final Object Repo/New Registration - Registration Module Pages/Form 2/DatePicker Pop Up' is clicked on

2018-12-10 18:06:54 - [TEST_STEP][PASSED] - click: Object: 'Object Repository/Final Object Repo/New Registration - Registration Module Pages/Form 2/DOB Month' is clicked on

2018-12-10 18:06:54 - [MESSAGE][PASSED] - Object: 'Object Repository/Final Object Repo/New Registration - Registration Module Pages/Form 2/DOB Month' is clicked on

2018-12-10 18:06:54 - [TEST_STEP][PASSED] - Statement - CurrentMonth = CurrentMonth: null

2018-12-10 18:06:54 - [TEST_STEP][PASSED] - Statement - selectMonth = new com.kms.katalon.core.testobject.TestObject(): null

2018-12-10 18:06:54 - [TEST_STEP][PASSED] - Statement - selectMonth.addProperty("xpath", EQUALS, "//body/div/div/div/select/option[@value='" + CurrentMonth + "']", true): null

2018-12-10 18:06:54 - [TEST_STEP][PASSED] - click: Object: '' is clicked on

2018-12-10 18:06:55 - [MESSAGE][PASSED] - Object: '' is clicked on

2018-12-10 18:06:55 - [TEST_STEP][PASSED] - click: Object: 'Object Repository/Final Object Repo/New Registration - Registration Module Pages/Form 2/DOB Year' is clicked on

2018-12-10 18:06:55 - [MESSAGE][PASSED] - Object: 'Object Repository/Final Object Repo/New Registration - Registration Module Pages/Form 2/DOB Year' is clicked on

2018-12-10 18:06:55 - [TEST_STEP][PASSED] - Statement - Eyearsbf = EighteenYrsBefore: null

2018-12-10 18:06:55 - [TEST_STEP][PASSED] - Statement - selectYear = new com.kms.katalon.core.testobject.TestObject(): null

2018-12-10 18:06:55 - [TEST_STEP][PASSED] - Statement - selectYear.addProperty("xpath", EQUALS, "//div/div/div/select/option[@value='" + Eyearsbf + "']", true): null

2018-12-10 18:06:55 - [TEST_STEP][PASSED] - click: Object: '' is clicked on

2018-12-10 18:06:55 - [MESSAGE][PASSED] - Object: '' is clicked on

2018-12-10 18:06:55 - [TEST_STEP][PASSED] - Statement - UpdatedSelectDate = com.kms.katalon.core.webui.keyword.WebUiBuiltInKeywords.modifyObjectProperty(com.kms.katalon.core.testobject.ObjectRepository.findTestObject(Final Object Repo/New Registration - Registration Module Pages/Form 2/DOB Date), "xpath", "equals", "//body/div/table/tbody/tr/td/a[text()="" + CurrentDate + ""]", true): Modify property of object successfully

2018-12-10 18:06:55 - [MESSAGE][PASSED] - Modify property of object successfully

2018-12-10 18:06:55 - [TEST_STEP][PASSED] - delay: Delayed 3 second(s)

2018-12-10 18:06:58 - [MESSAGE][PASSED] - Delayed 3 second(s)

2018-12-10 18:06:58 - [TEST_STEP][PASSED] - click: Object: 'Object Repository/Final Object Repo/New Registration - Registration Module Pages/Form 2/DOB Date' is clicked on

2018-12-10 18:06:58 - [MESSAGE][PASSED] - Object: 'Object Repository/Final Object Repo/New Registration - Registration Module Pages/Form 2/DOB Date' is clicked on

2018-12-10 18:06:58 - [TEST_STEP][PASSED] - delay: Delayed 2 second(s)

2018-12-10 18:07:00 - [MESSAGE][PASSED] - Delayed 2 second(s)

2018-12-10 18:07:00 - [TEST_STEP][PASSED] - click: Object: 'Object Repository/Final Object Repo/New Registration - Registration Module Pages/Form 2/EmploymentStartDate Pop Up' is clicked on

2018-12-10 18:07:00 - [MESSAGE][PASSED] - Object: 'Object Repository/Final Object Repo/New Registration - Registration Module Pages/Form 2/EmploymentStartDate Pop Up' is clicked on

2018-12-10 18:07:00 - [TEST_STEP][PASSED] - delay: Delayed 2 second(s)

2018-12-10 18:07:02 - [MESSAGE][PASSED] - Delayed 2 second(s)

2018-12-10 18:07:02 - [TEST_STEP][PASSED] - click: Object: 'Object Repository/Final Object Repo/New Registration - Registration Module Pages/Form 2/Socso Employment StartDate Month' is clicked on

2018-12-10 18:07:02 - [MESSAGE][PASSED] - Object: 'Object Repository/Final Object Repo/New Registration - Registration Module Pages/Form 2/Socso Employment StartDate Month' is clicked on

2018-12-10 18:07:02 - [TEST_STEP][PASSED] - delay: Delayed 1 second(s)

2018-12-10 18:07:03 - [MESSAGE][PASSED] - Delayed 1 second(s)

2018-12-10 18:07:03 - [TEST_STEP][PASSED] - click: Object: 'Object Repository/Final Object Repo/New Registration - Registration Module Pages/Form 2/Select Socso Employement Startdate Month' is clicked on

2018-12-10 18:07:03 - [MESSAGE][PASSED] - Object: 'Object Repository/Final Object Repo/New Registration - Registration Module Pages/Form 2/Select Socso Employement Startdate Month' is clicked on

2018-12-10 18:07:03 - [TEST_STEP][PASSED] - delay: Delayed 2 second(s)

2018-12-10 18:07:05 - [MESSAGE][PASSED] - Delayed 2 second(s)

2018-12-10 18:07:05 - [TEST_STEP][PASSED] - click: Object: 'Object Repository/Final Object Repo/New Registration - Registration Module Pages/Form 2/Socso Employment StartDate Year' is clicked on

2018-12-10 18:07:06 - [MESSAGE][PASSED] - Object: 'Object Repository/Final Object Repo/New Registration - Registration Module Pages/Form 2/Socso Employment StartDate Year' is clicked on

2018-12-10 18:07:06 - [TEST_STEP][PASSED] - delay: Delayed 1 second(s)

2018-12-10 18:07:07 - [MESSAGE][PASSED] - Delayed 1 second(s)

2018-12-10 18:07:07 - [TEST_STEP][PASSED] - click: Object: 'Object Repository/Final Object Repo/New Registration - Registration Module Pages/Form 2/Select Socso Employment Startdate Year' is clicked on

2018-12-10 18:07:07 - [MESSAGE][PASSED] - Object: 'Object Repository/Final Object Repo/New Registration - Registration Module Pages/Form 2/Select Socso Employment Startdate Year' is clicked on

2018-12-10 18:07:07 - [TEST_STEP][PASSED] - delay: Delayed 2 second(s)

2018-12-10 18:07:09 - [MESSAGE][PASSED] - Delayed 2 second(s)

2018-12-10 18:07:09 - [TEST_STEP][PASSED] - click: Object: 'Object Repository/Final Object Repo/New Registration - Registration Module Pages/Form 2/Socso Employment Start Date Day' is clicked on

2018-12-10 18:07:09 - [MESSAGE][PASSED] - Object: 'Object Repository/Final Object Repo/New Registration - Registration Module Pages/Form 2/Socso Employment Start Date Day' is clicked on

2018-12-10 18:07:09 - [TEST_STEP][PASSED] - delay: Delayed 2 second(s)

2018-12-10 18:07:11 - [MESSAGE][PASSED] - Delayed 2 second(s)

2018-12-10 18:07:11 - [TEST_STEP][PASSED] - click: Object: 'Object Repository/Final Object Repo/New Registration - Registration Module Pages/Form 2/Save Button for Add Employee' is clicked on

2018-12-10 18:07:11 - [MESSAGE][PASSED] - Object: 'Object Repository/Final Object Repo/New Registration - Registration Module Pages/Form 2/Save Button for Add Employee' is clicked on

2018-12-10 18:07:11 - [TEST_STEP][PASSED] - delay: Delayed 6 second(s)

2018-12-10 18:07:17 - [MESSAGE][PASSED] - Delayed 6 second(s)

2018-12-10 18:07:17 - [TEST_STEP][PASSED] - click: Object: 'Object Repository/Final Object Repo/New Registration - Registration Module Pages/Form 2/Add Employee Button' is clicked on

2018-12-10 18:07:17 - [MESSAGE][PASSED] - Object: 'Object Repository/Final Object Repo/New Registration - Registration Module Pages/Form 2/Add Employee Button' is clicked on

2018-12-10 18:07:17 - [TEST_STEP][PASSED] - delay: Delayed 4 second(s)

2018-12-10 18:07:21 - [MESSAGE][PASSED] - Delayed 4 second(s)

2018-12-10 18:07:21 - [TEST_STEP][PASSED] - setText: Text '620904059691' is set on object 'Object Repository/Final Object Repo/New Registration - Registration Module Pages/Form 2/NRIC Input'

2018-12-10 18:07:22 - [MESSAGE][PASSED] - Text '620904059691' is set on object 'Object Repository/Final Object Repo/New Registration - Registration Module Pages/Form 2/NRIC Input'

2018-12-10 18:07:22 - [TEST_STEP][PASSED] - click: Object: 'Object Repository/Final Object Repo/New Registration - Registration Module Pages/Form 2/button for search for IC' is clicked on

2018-12-10 18:07:22 - [MESSAGE][PASSED] - Object: 'Object Repository/Final Object Repo/New Registration - Registration Module Pages/Form 2/button for search for IC' is clicked on

2018-12-10 18:07:22 - [TEST_STEP][PASSED] - delay: Delayed 2 second(s)

2018-12-10 18:07:24 - [MESSAGE][PASSED] - Delayed 2 second(s)

2018-12-10 18:07:24 - [TEST_STEP][PASSED] - setText: Text 'Automate001 eligible 2' is set on object 'Object Repository/Final Object Repo/New Registration - Registration Module Pages/Form 2/Employee Name Input'

2018-12-10 18:07:24 - [MESSAGE][PASSED] - Text 'Automate001 eligible 2' is set on object 'Object Repository/Final Object Repo/New Registration - Registration Module Pages/Form 2/Employee Name Input'

2018-12-10 18:07:24 - [TEST_STEP][PASSED] - delay: Delayed 2 second(s)

2018-12-10 18:07:26 - [MESSAGE][PASSED] - Delayed 2 second(s)

2018-12-10 18:07:26 - [TEST_STEP][PASSED] - click: Object: 'Object Repository/Final Object Repo/New Registration - Registration Module Pages/Form 2/DatePicker Pop Up' is clicked on

2018-12-10 18:07:27 - [MESSAGE][PASSED] - Object: 'Object Repository/Final Object Repo/New Registration - Registration Module Pages/Form 2/DatePicker Pop Up' is clicked on

2018-12-10 18:07:27 - [TEST_STEP][PASSED] - delay: Delayed 2 second(s)

2018-12-10 18:07:29 - [MESSAGE][PASSED] - Delayed 2 second(s)

2018-12-10 18:07:29 - [TEST_STEP][PASSED] - click: Object: 'Object Repository/Final Object Repo/New Registration - Registration Module Pages/Form 2/DOB Month' is clicked on

2018-12-10 18:07:29 - [MESSAGE][PASSED] - Object: 'Object Repository/Final Object Repo/New Registration - Registration Module Pages/Form 2/DOB Month' is clicked on

2018-12-10 18:07:29 - [TEST_STEP][PASSED] - Statement - selectMonth = com.kms.katalon.core.webui.keyword.WebUiBuiltInKeywords.modifyObjectProperty(selectMonth, "xpath", "equals", "//body/div/div/div/select/option[@value="" + CurrentMonth + ""]", true): Modify property of object successfully

2018-12-10 18:07:29 - [MESSAGE][PASSED] - Modify property of object successfully

2018-12-10 18:07:29 - [TEST_STEP][PASSED] - click: Object: '' is clicked on

2018-12-10 18:07:29 - [MESSAGE][PASSED] - Object: '' is clicked on

2018-12-10 18:07:29 - [TEST_STEP][PASSED] - click: Object: 'Object Repository/Final Object Repo/New Registration - Registration Module Pages/Form 2/DOB Year' is clicked on

2018-12-10 18:07:29 - [MESSAGE][PASSED] - Object: 'Object Repository/Final Object Repo/New Registration - Registration Module Pages/Form 2/DOB Year' is clicked on

2018-12-10 18:07:29 - [TEST_STEP][PASSED] - Statement - selectYear = com.kms.katalon.core.webui.keyword.WebUiBuiltInKeywords.modifyObjectProperty(selectYear, "xpath", "equals", "//div/div/div/select/option[@value="" + FiftysevenYrsBefore + ""]", true): Modify property of object successfully

2018-12-10 18:07:29 - [MESSAGE][PASSED] - Modify property of object successfully

2018-12-10 18:07:29 - [TEST_STEP][PASSED] - click: Object: '' is clicked on

2018-12-10 18:07:29 - [MESSAGE][PASSED] - Object: '' is clicked on

2018-12-10 18:07:29 - [TEST_STEP][PASSED] - Statement - UpdatedSelectDate = com.kms.katalon.core.webui.keyword.WebUiBuiltInKeywords.modifyObjectProperty(com.kms.katalon.core.testobject.ObjectRepository.findTestObject(Final Object Repo/New Registration - Registration Module Pages/Form 2/DOB Date), "xpath", "equals", "//body/div/table/tbody/tr/td/a[text()="" + OneDayBefore + ""]", true): Modify property of object successfully

2018-12-10 18:07:29 - [MESSAGE][PASSED] - Modify property of object successfully

2018-12-10 18:07:29 - [TEST_STEP][PASSED] - click: Object: 'Object Repository/Final Object Repo/New Registration - Registration Module Pages/Form 2/DOB Date' is clicked on

2018-12-10 18:07:29 - [MESSAGE][PASSED] - Object: 'Object Repository/Final Object Repo/New Registration - Registration Module Pages/Form 2/DOB Date' is clicked on

2018-12-10 18:07:29 - [TEST_STEP][PASSED] - delay: Delayed 2 second(s)

2018-12-10 18:07:31 - [MESSAGE][PASSED] - Delayed 2 second(s)

2018-12-10 18:07:31 - [TEST_STEP][PASSED] - click: Object: 'Object Repository/Final Object Repo/New Registration - Registration Module Pages/Form 2/EmploymentStartDate Pop Up' is clicked on

2018-12-10 18:07:31 - [MESSAGE][PASSED] - Object: 'Object Repository/Final Object Repo/New Registration - Registration Module Pages/Form 2/EmploymentStartDate Pop Up' is clicked on

2018-12-10 18:07:31 - [TEST_STEP][PASSED] - delay: Delayed 2 second(s)

2018-12-10 18:07:33 - [MESSAGE][PASSED] - Delayed 2 second(s)

2018-12-10 18:07:33 - [TEST_STEP][PASSED] - click: Object: 'Object Repository/Final Object Repo/New Registration - Registration Module Pages/Form 2/Socso Employment StartDate Month' is clicked on

2018-12-10 18:07:34 - [MESSAGE][PASSED] - Object: 'Object Repository/Final Object Repo/New Registration - Registration Module Pages/Form 2/Socso Employment StartDate Month' is clicked on

2018-12-10 18:07:34 - [TEST_STEP][PASSED] - delay: Delayed 1 second(s)

2018-12-10 18:07:35 - [MESSAGE][PASSED] - Delayed 1 second(s)

2018-12-10 18:07:35 - [TEST_STEP][PASSED] - click: Object: 'Object Repository/Final Object Repo/New Registration - Registration Module Pages/Form 2/Select Socso Employement Startdate Month' is clicked on

2018-12-10 18:07:35 - [MESSAGE][PASSED] - Object: 'Object Repository/Final Object Repo/New Registration - Registration Module Pages/Form 2/Select Socso Employement Startdate Month' is clicked on

2018-12-10 18:07:35 - [TEST_STEP][PASSED] - delay: Delayed 2 second(s)

2018-12-10 18:07:37 - [MESSAGE][PASSED] - Delayed 2 second(s)

2018-12-10 18:07:37 - [TEST_STEP][PASSED] - click: Object: 'Object Repository/Final Object Repo/New Registration - Registration Module Pages/Form 2/Socso Employment StartDate Year' is clicked on

2018-12-10 18:07:37 - [MESSAGE][PASSED] - Object: 'Object Repository/Final Object Repo/New Registration - Registration Module Pages/Form 2/Socso Employment StartDate Year' is clicked on

2018-12-10 18:07:37 - [TEST_STEP][PASSED] - delay: Delayed 1 second(s)

2018-12-10 18:07:38 - [MESSAGE][PASSED] - Delayed 1 second(s)

2018-12-10 18:07:38 - [TEST_STEP][PASSED] - click: Object: 'Object Repository/Final Object Repo/New Registration - Registration Module Pages/Form 2/Select Socso Employment Startdate Year' is clicked on

2018-12-10 18:07:38 - [MESSAGE][PASSED] - Object: 'Object Repository/Final Object Repo/New Registration - Registration Module Pages/Form 2/Select Socso Employment Startdate Year' is clicked on

2018-12-10 18:07:38 - [TEST_STEP][PASSED] - delay: Delayed 2 second(s)

2018-12-10 18:07:40 - [MESSAGE][PASSED] - Delayed 2 second(s)

2018-12-10 18:07:40 - [TEST_STEP][PASSED] - click: Object: 'Object Repository/Final Object Repo/New Registration - Registration Module Pages/Form 2/Socso Employment Start Date Day' is clicked on

2018-12-10 18:07:40 - [MESSAGE][PASSED] - Object: 'Object Repository/Final Object Repo/New Registration - Registration Module Pages/Form 2/Socso Employment Start Date Day' is clicked on

2018-12-10 18:07:40 - [TEST_STEP][PASSED] - delay: Delayed 2 second(s)

2018-12-10 18:07:42 - [MESSAGE][PASSED] - Delayed 2 second(s)

2018-12-10 18:07:42 - [TEST_STEP][PASSED] - click: Object: 'Object Repository/Final Object Repo/New Registration - Registration Module Pages/Form 2/Save Button for Add Employee' is clicked on

2018-12-10 18:07:42 - [MESSAGE][PASSED] - Object: 'Object Repository/Final Object Repo/New Registration - Registration Module Pages/Form 2/Save Button for Add Employee' is clicked on

2018-12-10 18:07:42 - [TEST_STEP][PASSED] - delay: Delayed 4 second(s)

2018-12-10 18:07:46 - [MESSAGE][PASSED] - Delayed 4 second(s)

2018-12-10 18:07:46 - [TEST_STEP][PASSED] - delay: Delayed 30 second(s)

2018-12-10 18:08:16 - [MESSAGE][PASSED] - Delayed 30 second(s)

2018-12-10 18:08:16 - [TEST_STEP][PASSED] - click: Object: 'Object Repository/Final Object Repo/New Registration - Registration Module Pages/Form 2/Add Employee Button' is clicked on

2018-12-10 18:08:17 - [MESSAGE][PASSED] - Object: 'Object Repository/Final Object Repo/New Registration - Registration Module Pages/Form 2/Add Employee Button' is clicked on

2018-12-10 18:08:17 - [TEST_STEP][PASSED] - delay: Delayed 4 second(s)

2018-12-10 18:08:21 - [MESSAGE][PASSED] - Delayed 4 second(s)

2018-12-10 18:08:21 - [TEST_STEP][PASSED] - setText: Text '000209039145' is set on object 'Object Repository/Final Object Repo/New Registration - Registration Module Pages/Form 2/NRIC Input'

2018-12-10 18:08:21 - [MESSAGE][PASSED] - Text '000209039145' is set on object 'Object Repository/Final Object Repo/New Registration - Registration Module Pages/Form 2/NRIC Input'

2018-12-10 18:08:21 - [TEST_STEP][PASSED] - click: Object: 'Object Repository/Final Object Repo/New Registration - Registration Module Pages/Form 2/button for search for IC' is clicked on

2018-12-10 18:08:21 - [MESSAGE][PASSED] - Object: 'Object Repository/Final Object Repo/New Registration - Registration Module Pages/Form 2/button for search for IC' is clicked on

2018-12-10 18:08:21 - [TEST_STEP][PASSED] - delay: Delayed 2 second(s)

2018-12-10 18:08:23 - [MESSAGE][PASSED] - Delayed 2 second(s)

2018-12-10 18:08:23 - [TEST_STEP][PASSED] - setText: Text 'Automate001 not eligible 1' is set on object 'Object Repository/Final Object Repo/New Registration - Registration Module Pages/Form 2/Employee Name Input'

2018-12-10 18:08:24 - [MESSAGE][PASSED] - Text 'Automate001 not eligible 1' is set on object 'Object Repository/Final Object Repo/New Registration - Registration Module Pages/Form 2/Employee Name Input'

2018-12-10 18:08:24 - [TEST_STEP][PASSED] - delay: Delayed 2 second(s)

2018-12-10 18:08:26 - [MESSAGE][PASSED] - Delayed 2 second(s)

2018-12-10 18:08:26 - [TEST_STEP][PASSED] - click: Object: 'Object Repository/Final Object Repo/New Registration - Registration Module Pages/Form 2/DatePicker Pop Up' is clicked on

2018-12-10 18:08:26 - [MESSAGE][PASSED] - Object: 'Object Repository/Final Object Repo/New Registration - Registration Module Pages/Form 2/DatePicker Pop Up' is clicked on

2018-12-10 18:08:26 - [TEST_STEP][PASSED] - delay: Delayed 2 second(s)

2018-12-10 18:08:28 - [MESSAGE][PASSED] - Delayed 2 second(s)

2018-12-10 18:08:28 - [TEST_STEP][PASSED] - click: Object: 'Object Repository/Final Object Repo/New Registration - Registration Module Pages/Form 2/DOB Month' is clicked on

2018-12-10 18:08:28 - [MESSAGE][PASSED] - Object: 'Object Repository/Final Object Repo/New Registration - Registration Module Pages/Form 2/DOB Month' is clicked on

2018-12-10 18:08:28 - [TEST_STEP][PASSED] - Statement - selectMonth = com.kms.katalon.core.webui.keyword.WebUiBuiltInKeywords.modifyObjectProperty(selectMonth, "xpath", "equals", "//body/div/div/div/select/option[@value="" + CurrentMonth + ""]", true): Modify property of object successfully

2018-12-10 18:08:28 - [MESSAGE][PASSED] - Modify property of object successfully

2018-12-10 18:08:28 - [TEST_STEP][PASSED] - click: Object: '' is clicked on

2018-12-10 18:08:28 - [MESSAGE][PASSED] - Object: '' is clicked on

2018-12-10 18:08:28 - [TEST_STEP][PASSED] - click: Object: 'Object Repository/Final Object Repo/New Registration - Registration Module Pages/Form 2/DOB Year' is clicked on

2018-12-10 18:08:28 - [MESSAGE][PASSED] - Object: 'Object Repository/Final Object Repo/New Registration - Registration Module Pages/Form 2/DOB Year' is clicked on

2018-12-10 18:08:28 - [TEST_STEP][PASSED] - Statement - selectYear = com.kms.katalon.core.webui.keyword.WebUiBuiltInKeywords.modifyObjectProperty(selectYear, "xpath", "equals", "//div/div/div/select/option[@value="" + EighteenYrsBefore + ""]", true): Modify property of object successfully

2018-12-10 18:08:28 - [MESSAGE][PASSED] - Modify property of object successfully

2018-12-10 18:08:28 - [TEST_STEP][PASSED] - click: Object: '' is clicked on

2018-12-10 18:08:28 - [MESSAGE][PASSED] - Object: '' is clicked on

2018-12-10 18:08:28 - [TEST_STEP][PASSED] - Statement - UpdatedSelectDate = com.kms.katalon.core.webui.keyword.WebUiBuiltInKeywords.modifyObjectProperty(com.kms.katalon.core.testobject.ObjectRepository.findTestObject(Final Object Repo/New Registration - Registration Module Pages/Form 2/DOB Date), "xpath", "equals", "//body/div/table/tbody/tr/td/a[text()="" + OneDayBefore + ""]", true): Modify property of object successfully

2018-12-10 18:08:28 - [MESSAGE][PASSED] - Modify property of object successfully

2018-12-10 18:08:28 - [TEST_STEP][PASSED] - click: Object: 'Object Repository/Final Object Repo/New Registration - Registration Module Pages/Form 2/DOB Date' is clicked on

2018-12-10 18:08:29 - [MESSAGE][PASSED] - Object: 'Object Repository/Final Object Repo/New Registration - Registration Module Pages/Form 2/DOB Date' is clicked on

2018-12-10 18:08:29 - [TEST_STEP][PASSED] - delay: Delayed 2 second(s)

2018-12-10 18:08:31 - [MESSAGE][PASSED] - Delayed 2 second(s)

2018-12-10 18:08:31 - [TEST_STEP][PASSED] - click: Object: 'Object Repository/Final Object Repo/New Registration - Registration Module Pages/Form 2/EmploymentStartDate Pop Up' is clicked on

2018-12-10 18:08:31 - [MESSAGE][PASSED] - Object: 'Object Repository/Final Object Repo/New Registration - Registration Module Pages/Form 2/EmploymentStartDate Pop Up' is clicked on

2018-12-10 18:08:31 - [TEST_STEP][PASSED] - delay: Delayed 2 second(s)

2018-12-10 18:08:33 - [MESSAGE][PASSED] - Delayed 2 second(s)

2018-12-10 18:08:33 - [TEST_STEP][PASSED] - click: Object: 'Object Repository/Final Object Repo/New Registration - Registration Module Pages/Form 2/Socso Employment StartDate Month' is clicked on

2018-12-10 18:08:33 - [MESSAGE][PASSED] - Object: 'Object Repository/Final Object Repo/New Registration - Registration Module Pages/Form 2/Socso Employment StartDate Month' is clicked on

2018-12-10 18:08:33 - [TEST_STEP][PASSED] - delay: Delayed 1 second(s)

2018-12-10 18:08:34 - [MESSAGE][PASSED] - Delayed 1 second(s)

2018-12-10 18:08:34 - [TEST_STEP][PASSED] - click: Object: 'Object Repository/Final Object Repo/New Registration - Registration Module Pages/Form 2/Select Socso Employement Startdate Month' is clicked on

2018-12-10 18:08:34 - [MESSAGE][PASSED] - Object: 'Object Repository/Final Object Repo/New Registration - Registration Module Pages/Form 2/Select Socso Employement Startdate Month' is clicked on

2018-12-10 18:08:34 - [TEST_STEP][PASSED] - delay: Delayed 2 second(s)

2018-12-10 18:08:36 - [MESSAGE][PASSED] - Delayed 2 second(s)

2018-12-10 18:08:36 - [TEST_STEP][PASSED] - click: Object: 'Object Repository/Final Object Repo/New Registration - Registration Module Pages/Form 2/Socso Employment StartDate Year' is clicked on

2018-12-10 18:08:36 - [MESSAGE][PASSED] - Object: 'Object Repository/Final Object Repo/New Registration - Registration Module Pages/Form 2/Socso Employment StartDate Year' is clicked on

2018-12-10 18:08:36 - [TEST_STEP][PASSED] - delay: Delayed 1 second(s)

2018-12-10 18:08:37 - [MESSAGE][PASSED] - Delayed 1 second(s)

2018-12-10 18:08:37 - [TEST_STEP][PASSED] - click: Object: 'Object Repository/Final Object Repo/New Registration - Registration Module Pages/Form 2/Select Socso Employment Startdate Year' is clicked on

2018-12-10 18:08:37 - [MESSAGE][PASSED] - Object: 'Object Repository/Final Object Repo/New Registration - Registration Module Pages/Form 2/Select Socso Employment Startdate Year' is clicked on

2018-12-10 18:08:37 - [TEST_STEP][PASSED] - delay: Delayed 2 second(s)

2018-12-10 18:08:39 - [MESSAGE][PASSED] - Delayed 2 second(s)

2018-12-10 18:08:39 - [TEST_STEP][PASSED] - click: Object: 'Object Repository/Final Object Repo/New Registration - Registration Module Pages/Form 2/Socso Employment Start Date Day' is clicked on

2018-12-10 18:08:40 - [MESSAGE][PASSED] - Object: 'Object Repository/Final Object Repo/New Registration - Registration Module Pages/Form 2/Socso Employment Start Date Day' is clicked on

2018-12-10 18:08:40 - [TEST_STEP][PASSED] - delay: Delayed 2 second(s)

2018-12-10 18:08:42 - [MESSAGE][PASSED] - Delayed 2 second(s)

2018-12-10 18:08:42 - [TEST_STEP][PASSED] - click: Object: 'Object Repository/Final Object Repo/New Registration - Registration Module Pages/Form 2/Save Button for Add Employee' is clicked on

2018-12-10 18:08:42 - [MESSAGE][PASSED] - Object: 'Object Repository/Final Object Repo/New Registration - Registration Module Pages/Form 2/Save Button for Add Employee' is clicked on

2018-12-10 18:08:42 - [TEST_STEP][PASSED] - delay: Delayed 6 second(s)

2018-12-10 18:08:48 - [MESSAGE][PASSED] - Delayed 6 second(s)

2018-12-10 18:08:48 - [TEST_STEP][PASSED] - click: Object: 'Object Repository/Final Object Repo/New Registration - Registration Module Pages/Form 2/Add Employee Button' is clicked on

2018-12-10 18:08:48 - [MESSAGE][PASSED] - Object: 'Object Repository/Final Object Repo/New Registration - Registration Module Pages/Form 2/Add Employee Button' is clicked on

2018-12-10 18:08:48 - [TEST_STEP][PASSED] - delay: Delayed 4 second(s)

2018-12-10 18:08:52 - [MESSAGE][PASSED] - Delayed 4 second(s)

2018-12-10 18:08:52 - [TEST_STEP][PASSED] - setText: Text '600203039154' is set on object 'Object Repository/Final Object Repo/New Registration - Registration Module Pages/Form 2/NRIC Input'

2018-12-10 18:08:52 - [MESSAGE][PASSED] - Text '600203039154' is set on object 'Object Repository/Final Object Repo/New Registration - Registration Module Pages/Form 2/NRIC Input'

2018-12-10 18:08:52 - [TEST_STEP][PASSED] - click: Object: 'Object Repository/Final Object Repo/New Registration - Registration Module Pages/Form 2/button for search for IC' is clicked on

2018-12-10 18:08:53 - [MESSAGE][PASSED] - Object: 'Object Repository/Final Object Repo/New Registration - Registration Module Pages/Form 2/button for search for IC' is clicked on

2018-12-10 18:08:53 - [TEST_STEP][PASSED] - delay: Delayed 2 second(s)

2018-12-10 18:08:55 - [MESSAGE][PASSED] - Delayed 2 second(s)

2018-12-10 18:08:55 - [TEST_STEP][PASSED] - setText: Text 'Automate001 not eligible 2' is set on object 'Object Repository/Final Object Repo/New Registration - Registration Module Pages/Form 2/Employee Name Input'

2018-12-10 18:08:55 - [MESSAGE][PASSED] - Text 'Automate001 not eligible 2' is set on object 'Object Repository/Final Object Repo/New Registration - Registration Module Pages/Form 2/Employee Name Input'

2018-12-10 18:08:55 - [TEST_STEP][PASSED] - delay: Delayed 2 second(s)

2018-12-10 18:08:57 - [MESSAGE][PASSED] - Delayed 2 second(s)

2018-12-10 18:08:57 - [TEST_STEP][PASSED] - click: Object: 'Object Repository/Final Object Repo/New Registration - Registration Module Pages/Form 2/DatePicker Pop Up' is clicked on

2018-12-10 18:08:57 - [MESSAGE][PASSED] - Object: 'Object Repository/Final Object Repo/New Registration - Registration Module Pages/Form 2/DatePicker Pop Up' is clicked on

2018-12-10 18:08:57 - [TEST_STEP][PASSED] - delay: Delayed 2 second(s)

2018-12-10 18:08:59 - [MESSAGE][PASSED] - Delayed 2 second(s)

2018-12-10 18:08:59 - [TEST_STEP][PASSED] - click: Object: 'Object Repository/Final Object Repo/New Registration - Registration Module Pages/Form 2/DOB Month' is clicked on

2018-12-10 18:08:59 - [MESSAGE][PASSED] - Object: 'Object Repository/Final Object Repo/New Registration - Registration Module Pages/Form 2/DOB Month' is clicked on

2018-12-10 18:08:59 - [TEST_STEP][PASSED] - Statement - selectMonth = com.kms.katalon.core.webui.keyword.WebUiBuiltInKeywords.modifyObjectProperty(selectMonth, "xpath", "equals", "//body/div/div/div/select/option[@value="" + CurrentMonth + ""]", true): Modify property of object successfully

2018-12-10 18:08:59 - [MESSAGE][PASSED] - Modify property of object successfully

2018-12-10 18:08:59 - [TEST_STEP][PASSED] - click: Object: '' is clicked on

2018-12-10 18:08:59 - [MESSAGE][PASSED] - Object: '' is clicked on

2018-12-10 18:08:59 - [TEST_STEP][PASSED] - click: Object: 'Object Repository/Final Object Repo/New Registration - Registration Module Pages/Form 2/DOB Year' is clicked on

2018-12-10 18:09:00 - [MESSAGE][PASSED] - Object: 'Object Repository/Final Object Repo/New Registration - Registration Module Pages/Form 2/DOB Year' is clicked on

2018-12-10 18:09:00 - [TEST_STEP][PASSED] - Statement - selectYear = com.kms.katalon.core.webui.keyword.WebUiBuiltInKeywords.modifyObjectProperty(selectYear, "xpath", "equals", "//div/div/div/select/option[@value="" + FiftysevenYrsBefore + ""]", true): Modify property of object successfully

2018-12-10 18:09:00 - [MESSAGE][PASSED] - Modify property of object successfully

2018-12-10 18:09:00 - [TEST_STEP][PASSED] - click: Object: '' is clicked on

2018-12-10 18:09:00 - [MESSAGE][PASSED] - Object: '' is clicked on

2018-12-10 18:09:00 - [TEST_STEP][PASSED] - Statement - UpdatedSelectDate = com.kms.katalon.core.webui.keyword.WebUiBuiltInKeywords.modifyObjectProperty(com.kms.katalon.core.testobject.ObjectRepository.findTestObject(Final Object Repo/New Registration - Registration Module Pages/Form 2/DOB Date), "xpath", "equals", "//body/div/table/tbody/tr/td/a[text()="" + CurrentDate + ""]", true): Modify property of object successfully

2018-12-10 18:09:00 - [MESSAGE][PASSED] - Modify property of object successfully

2018-12-10 18:09:00 - [TEST_STEP][PASSED] - click: Object: 'Object Repository/Final Object Repo/New Registration - Registration Module Pages/Form 2/DOB Date' is clicked on

2018-12-10 18:09:00 - [MESSAGE][PASSED] - Object: 'Object Repository/Final Object Repo/New Registration - Registration Module Pages/Form 2/DOB Date' is clicked on

2018-12-10 18:09:00 - [TEST_STEP][PASSED] - click: Object: 'Object Repository/Final Object Repo/New Registration - Registration Module Pages/Form 2/EmploymentStartDate Pop Up' is clicked on

2018-12-10 18:09:00 - [MESSAGE][PASSED] - Object: 'Object Repository/Final Object Repo/New Registration - Registration Module Pages/Form 2/EmploymentStartDate Pop Up' is clicked on

2018-12-10 18:09:00 - [TEST_STEP][PASSED] - delay: Delayed 2 second(s)

2018-12-10 18:09:02 - [MESSAGE][PASSED] - Delayed 2 second(s)

2018-12-10 18:09:02 - [TEST_STEP][PASSED] - click: Object: 'Object Repository/Final Object Repo/New Registration - Registration Module Pages/Form 2/Socso Employment StartDate Month' is clicked on

2018-12-10 18:09:02 - [MESSAGE][PASSED] - Object: 'Object Repository/Final Object Repo/New Registration - Registration Module Pages/Form 2/Socso Employment StartDate Month' is clicked on

2018-12-10 18:09:02 - [TEST_STEP][PASSED] - delay: Delayed 1 second(s)

2018-12-10 18:09:03 - [MESSAGE][PASSED] - Delayed 1 second(s)

2018-12-10 18:09:03 - [TEST_STEP][PASSED] - click: Object: 'Object Repository/Final Object Repo/New Registration - Registration Module Pages/Form 2/Select Socso Employement Startdate Month' is clicked on

2018-12-10 18:09:03 - [MESSAGE][PASSED] - Object: 'Object Repository/Final Object Repo/New Registration - Registration Module Pages/Form 2/Select Socso Employement Startdate Month' is clicked on

2018-12-10 18:09:03 - [TEST_STEP][PASSED] - delay: Delayed 2 second(s)

2018-12-10 18:09:05 - [MESSAGE][PASSED] - Delayed 2 second(s)

2018-12-10 18:09:05 - [TEST_STEP][PASSED] - click: Object: 'Object Repository/Final Object Repo/New Registration - Registration Module Pages/Form 2/Socso Employment StartDate Year' is clicked on

2018-12-10 18:09:06 - [MESSAGE][PASSED] - Object: 'Object Repository/Final Object Repo/New Registration - Registration Module Pages/Form 2/Socso Employment StartDate Year' is clicked on

2018-12-10 18:09:06 - [TEST_STEP][PASSED] - delay: Delayed 1 second(s)

2018-12-10 18:09:07 - [MESSAGE][PASSED] - Delayed 1 second(s)

2018-12-10 18:09:07 - [TEST_STEP][PASSED] - click: Object: 'Object Repository/Final Object Repo/New Registration - Registration Module Pages/Form 2/Select Socso Employment Startdate Year' is clicked on

2018-12-10 18:09:07 - [MESSAGE][PASSED] - Object: 'Object Repository/Final Object Repo/New Registration - Registration Module Pages/Form 2/Select Socso Employment Startdate Year' is clicked on

2018-12-10 18:09:07 - [TEST_STEP][PASSED] - delay: Delayed 2 second(s)

2018-12-10 18:09:09 - [MESSAGE][PASSED] - Delayed 2 second(s)

2018-12-10 18:09:09 - [TEST_STEP][PASSED] - click: Object: 'Object Repository/Final Object Repo/New Registration - Registration Module Pages/Form 2/Socso Employment Start Date Day' is clicked on

2018-12-10 18:09:09 - [MESSAGE][PASSED] - Object: 'Object Repository/Final Object Repo/New Registration - Registration Module Pages/Form 2/Socso Employment Start Date Day' is clicked on

2018-12-10 18:09:09 - [TEST_STEP][PASSED] - delay: Delayed 2 second(s)

2018-12-10 18:09:11 - [MESSAGE][PASSED] - Delayed 2 second(s)

2018-12-10 18:09:11 - [TEST_STEP][PASSED] - click: Object: 'Object Repository/Final Object Repo/New Registration - Registration Module Pages/Form 2/Save Button for Add Employee' is clicked on

2018-12-10 18:09:11 - [MESSAGE][PASSED] - Object: 'Object Repository/Final Object Repo/New Registration - Registration Module Pages/Form 2/Save Button for Add Employee' is clicked on

2018-12-10 18:09:11 - [TEST_STEP][PASSED] - delay: Delayed 2 second(s)

2018-12-10 18:09:13 - [MESSAGE][PASSED] - Delayed 2 second(s)

2018-12-10 18:09:13 - [TEST_STEP][PASSED] - click: Object: 'Object Repository/Final Object Repo/New Registration - Registration Module Pages/Form 2/Save and Continue Form 2' is clicked on

2018-12-10 18:09:13 - [MESSAGE][PASSED] - Object: 'Object Repository/Final Object Repo/New Registration - Registration Module Pages/Form 2/Save and Continue Form 2' is clicked on

2018-12-10 18:09:13 - [MESSAGE][PASSED] - Call Test Case 'Test Cases/Final Aug 2018 - PKS Automation/Registration Module/New Registration/Form 2/Add 2 Eligible 2 Not Eligible' successfully

2018-12-10 18:09:13 - [TEST_STEP][PASSED] - callTestCase: Call Test Case 'Test Cases/Final Aug 2018 - PKS Automation/Registration Module/New Registration/Flow of New Registration/Third Screen - Upload Supporting Doc - Preview' successfully

2018-12-10 18:09:13 - [TEST_CASE][PASSED] - Test Cases/Final Aug 2018 - PKS Automation/Registration Module/New Registration/Flow of New Registration/Third Screen - Upload Supporting Doc - Preview: Test Cases/Final Aug 2018 - PKS Automation/Registration Module/New Registration/Flow of New Registration/Third Screen - Upload Supporting Doc - Preview

2018-12-10 18:09:13 - [TEST_STEP][PASSED] - waitForPageLoad: Wait for page load successfully

2018-12-10 18:09:14 - [MESSAGE][PASSED] - Wait for page load successfully

2018-12-10 18:09:14 - [TEST_STEP][PASSED] - Statement - CaseReferenceNo = com.kms.katalon.core.webui.keyword.WebUiBuiltInKeywords.getText(com.kms.katalon.core.testobject.ObjectRepository.findTestObject(Final Object Repo/New Registration - Registration Module Pages/Third Screen - Upload Supporting Doc- Preview/RefNo Acquiring)): Text of object 'Object Repository/Final Object Repo/New Registration - Registration Module Pages/Third Screen - Upload Supporting Doc- Preview/RefNo Acquiring' is: 'CRN12201800123141'

2018-12-10 18:09:14 - [MESSAGE][PASSED] - Text of object 'Object Repository/Final Object Repo/New Registration - Registration Module Pages/Third Screen - Upload Supporting Doc- Preview/RefNo Acquiring' is: 'CRN12201800123141'

2018-12-10 18:09:14 - [TEST_STEP][PASSED] - delay: Delayed 2 second(s)

2018-12-10 18:09:16 - [MESSAGE][PASSED] - Delayed 2 second(s)

2018-12-10 18:09:16 - [TEST_STEP][PASSED] - callTestCase: Call Test Case 'Test Cases/Final Aug 2018 - PKS Automation/Common/Reference Number Setter' successfully

2018-12-10 18:09:16 - [TEST_CASE][PASSED] - Test Cases/Final Aug 2018 - PKS Automation/Common/Reference Number Setter: Test Cases/Final Aug 2018 - PKS Automation/Common/Reference Number Setter

2018-12-10 18:09:16 - [TEST_STEP][PASSED] - Statement - RefNoOldFile = new java.io.File(C://Users//Admin//Desktop//PKS//Automation Reference Point//KatalonReference.txt): null

2018-12-10 18:09:16 - [TEST_STEP][PASSED] - Statement - RefNoOldFile.delete(): null

2018-12-10 18:09:16 - [TEST_STEP][PASSED] - delay: Delayed 5 second(s)

2018-12-10 18:09:21 - [MESSAGE][PASSED] - Delayed 5 second(s)

2018-12-10 18:09:21 - [TEST_STEP][PASSED] - Statement - RefNo = new java.io.File(C://Users//Admin//Desktop//PKS//Automation Reference Point//KatalonReference.txt): null

2018-12-10 18:09:21 - [TEST_STEP][PASSED] - Statement - f2 = new java.io.FileWriter(RefNo, false): null

2018-12-10 18:09:21 - [TEST_STEP][PASSED] - Statement - f2.write(CaseReferenceNo): null

2018-12-10 18:09:21 - [TEST_STEP][PASSED] - Statement - f2.close(): null

2018-12-10 18:09:21 - [TEST_STEP][PASSED] - Statement - out.println("


" + CaseReferenceNo + "


"): null

2018-12-10 18:09:21 - [MESSAGE][PASSED] - Call Test Case 'Test Cases/Final Aug 2018 - PKS Automation/Common/Reference Number Setter' successfully

2018-12-10 18:09:21 - [TEST_STEP][PASSED] - waitForElementClickable: Object 'Object Repository/Final Object Repo/New Registration - Registration Module Pages/Third Screen - Upload Supporting Doc- Preview/Save n Continue in SIP Employee Listing Page' is clickable

2018-12-10 18:09:21 - [MESSAGE][PASSED] - Object 'Object Repository/Final Object Repo/New Registration - Registration Module Pages/Third Screen - Upload Supporting Doc- Preview/Save n Continue in SIP Employee Listing Page' is clickable

2018-12-10 18:09:21 - [TEST_STEP][PASSED] - click: Object: 'Object Repository/Final Object Repo/New Registration - Registration Module Pages/Third Screen - Upload Supporting Doc- Preview/Save n Continue in SIP Employee Listing Page' is clicked on

2018-12-10 18:09:27 - [MESSAGE][PASSED] - Object: 'Object Repository/Final Object Repo/New Registration - Registration Module Pages/Third Screen - Upload Supporting Doc- Preview/Save n Continue in SIP Employee Listing Page' is clicked on

2018-12-10 18:09:27 - [TEST_STEP][PASSED] - delay: Delayed 7 second(s)

2018-12-10 18:09:34 - [MESSAGE][PASSED] - Delayed 7 second(s)

2018-12-10 18:09:34 - [TEST_STEP][PASSED] - click: Object: 'Object Repository/Final Object Repo/New Registration - Registration Module Pages/Third Screen - Upload Supporting Doc- Preview/Add Document Button' is clicked on

2018-12-10 18:09:34 - [MESSAGE][PASSED] - Object: 'Object Repository/Final Object Repo/New Registration - Registration Module Pages/Third Screen - Upload Supporting Doc- Preview/Add Document Button' is clicked on

2018-12-10 18:09:34 - [TEST_STEP][PASSED] - delay: Delayed 30 second(s)

2018-12-10 18:10:04 - [MESSAGE][PASSED] - Delayed 30 second(s)

2018-12-10 18:10:04 - [TEST_STEP][PASSED] - click: Object: 'Object Repository/Final Object Repo/New Registration - Registration Module Pages/Third Screen - Upload Supporting Doc- Preview/Supporting Doc Please Select Drop Down' is clicked on

2018-12-10 18:10:04 - [MESSAGE][PASSED] - Object: 'Object Repository/Final Object Repo/New Registration - Registration Module Pages/Third Screen - Upload Supporting Doc- Preview/Supporting Doc Please Select Drop Down' is clicked on

2018-12-10 18:10:04 - [TEST_STEP][PASSED] - delay: Delayed 2 second(s)

2018-12-10 18:10:06 - [MESSAGE][PASSED] - Delayed 2 second(s)

2018-12-10 18:10:06 - [TEST_STEP][PASSED] - click: Object: 'Object Repository/Final Object Repo/New Registration - Registration Module Pages/Third Screen - Upload Supporting Doc- Preview/Select to Upload Form 1' is clicked on

2018-12-10 18:10:07 - [MESSAGE][PASSED] - Object: 'Object Repository/Final Object Repo/New Registration - Registration Module Pages/Third Screen - Upload Supporting Doc- Preview/Select to Upload Form 1' is clicked on

2018-12-10 18:10:07 - [TEST_STEP][PASSED] - delay: Delayed 2 second(s)

2018-12-10 18:10:09 - [MESSAGE][PASSED] - Delayed 2 second(s)

2018-12-10 18:10:09 - [TEST_STEP][PASSED] - uploadFile: File 'C:\Users\Public\Pictures\Sample Pictures\Koala.jpg' sent to object: 'Object Repository/Final Object Repo/New Registration - Registration Module Pages/Third Screen - Upload Supporting Doc- Preview/Upload File Adding'

2018-12-10 18:10:09 - [MESSAGE][PASSED] - File 'C:\Users\Public\Pictures\Sample Pictures\Koala.jpg' sent to object: 'Object Repository/Final Object Repo/New Registration - Registration Module Pages/Third Screen - Upload Supporting Doc- Preview/Upload File Adding'

2018-12-10 18:10:09 - [TEST_STEP][PASSED] - delay: Delayed 5 second(s)

2018-12-10 18:10:14 - [MESSAGE][PASSED] - Delayed 5 second(s)

2018-12-10 18:10:14 - [TEST_STEP][PASSED] - click: Object: 'Object Repository/Final Object Repo/New Registration - Registration Module Pages/Third Screen - Upload Supporting Doc- Preview/Inner Form Add Document Button' is clicked on

2018-12-10 18:10:14 - [MESSAGE][PASSED] - Object: 'Object Repository/Final Object Repo/New Registration - Registration Module Pages/Third Screen - Upload Supporting Doc- Preview/Inner Form Add Document Button' is clicked on

2018-12-10 18:10:14 - [TEST_STEP][PASSED] - delay: Delayed 3 second(s)

2018-12-10 18:10:17 - [MESSAGE][PASSED] - Delayed 3 second(s)

2018-12-10 18:10:17 - [TEST_STEP][PASSED] - click: Object: 'Object Repository/Final Object Repo/New Registration - Registration Module Pages/Third Screen - Upload Supporting Doc- Preview/Add Document Button' is clicked on

2018-12-10 18:10:18 - [MESSAGE][PASSED] - Object: 'Object Repository/Final Object Repo/New Registration - Registration Module Pages/Third Screen - Upload Supporting Doc- Preview/Add Document Button' is clicked on

2018-12-10 18:10:18 - [TEST_STEP][PASSED] - delay: Delayed 30 second(s)

2018-12-10 18:10:48 - [MESSAGE][PASSED] - Delayed 30 second(s)

2018-12-10 18:10:48 - [TEST_STEP][PASSED] - click: Object: 'Object Repository/Final Object Repo/New Registration - Registration Module Pages/Third Screen - Upload Supporting Doc- Preview/Supporting Doc Please Select Drop Down' is clicked on

2018-12-10 18:10:48 - [MESSAGE][PASSED] - Object: 'Object Repository/Final Object Repo/New Registration - Registration Module Pages/Third Screen - Upload Supporting Doc- Preview/Supporting Doc Please Select Drop Down' is clicked on

2018-12-10 18:10:48 - [TEST_STEP][PASSED] - delay: Delayed 4 second(s)

2018-12-10 18:10:52 - [MESSAGE][PASSED] - Delayed 4 second(s)

2018-12-10 18:10:52 - [TEST_STEP][PASSED] - click: Object: 'Object Repository/Final Object Repo/New Registration - Registration Module Pages/Third Screen - Upload Supporting Doc- Preview/Select to Upload Form 2' is clicked on

2018-12-10 18:10:52 - [MESSAGE][PASSED] - Object: 'Object Repository/Final Object Repo/New Registration - Registration Module Pages/Third Screen - Upload Supporting Doc- Preview/Select to Upload Form 2' is clicked on

2018-12-10 18:10:52 - [TEST_STEP][PASSED] - delay: Delayed 2 second(s)

2018-12-10 18:10:54 - [MESSAGE][PASSED] - Delayed 2 second(s)

2018-12-10 18:10:54 - [TEST_STEP][PASSED] - uploadFile: File 'C:\Users\Public\Pictures\Sample Pictures\Koala.jpg' sent to object: 'Object Repository/Final Object Repo/New Registration - Registration Module Pages/Third Screen - Upload Supporting Doc- Preview/Upload File Adding'

2018-12-10 18:10:55 - [MESSAGE][PASSED] - File 'C:\Users\Public\Pictures\Sample Pictures\Koala.jpg' sent to object: 'Object Repository/Final Object Repo/New Registration - Registration Module Pages/Third Screen - Upload Supporting Doc- Preview/Upload File Adding'

2018-12-10 18:10:55 - [TEST_STEP][PASSED] - click: Object: 'Object Repository/Final Object Repo/New Registration - Registration Module Pages/Third Screen - Upload Supporting Doc- Preview/Inner Form Add Document Button' is clicked on

2018-12-10 18:10:55 - [MESSAGE][PASSED] - Object: 'Object Repository/Final Object Repo/New Registration - Registration Module Pages/Third Screen - Upload Supporting Doc- Preview/Inner Form Add Document Button' is clicked on

2018-12-10 18:10:55 - [TEST_STEP][PASSED] - delay: Delayed 5 second(s)

2018-12-10 18:11:00 - [MESSAGE][PASSED] - Delayed 5 second(s)

2018-12-10 18:11:00 - [TEST_STEP][PASSED] - click: Object: 'Object Repository/Final Object Repo/New Registration - Registration Module Pages/Third Screen - Upload Supporting Doc- Preview/Add Document Button' is clicked on

2018-12-10 18:11:00 - [MESSAGE][PASSED] - Object: 'Object Repository/Final Object Repo/New Registration - Registration Module Pages/Third Screen - Upload Supporting Doc- Preview/Add Document Button' is clicked on

2018-12-10 18:11:00 - [TEST_STEP][PASSED] - delay: Delayed 30 second(s)

2018-12-10 18:11:30 - [MESSAGE][PASSED] - Delayed 30 second(s)

2018-12-10 18:11:30 - [TEST_STEP][PASSED] - click: Object: 'Object Repository/Final Object Repo/New Registration - Registration Module Pages/Third Screen - Upload Supporting Doc- Preview/Supporting Doc Please Select Drop Down' is clicked on

2018-12-10 18:11:30 - [MESSAGE][PASSED] - Object: 'Object Repository/Final Object Repo/New Registration - Registration Module Pages/Third Screen - Upload Supporting Doc- Preview/Supporting Doc Please Select Drop Down' is clicked on

2018-12-10 18:11:30 - [TEST_STEP][PASSED] - click: Object: 'Object Repository/Final Object Repo/New Registration - Registration Module Pages/Third Screen - Upload Supporting Doc- Preview/Select to Upload Borang SIP 1' is clicked on

2018-12-10 18:11:30 - [MESSAGE][PASSED] - Object: 'Object Repository/Final Object Repo/New Registration - Registration Module Pages/Third Screen - Upload Supporting Doc- Preview/Select to Upload Borang SIP 1' is clicked on

2018-12-10 18:11:30 - [TEST_STEP][PASSED] - delay: Delayed 2 second(s)

2018-12-10 18:11:32 - [MESSAGE][PASSED] - Delayed 2 second(s)

2018-12-10 18:11:32 - [TEST_STEP][PASSED] - uploadFile: File 'C:\Users\Public\Pictures\Sample Pictures\Koala.jpg' sent to object: 'Object Repository/Final Object Repo/New Registration - Registration Module Pages/Third Screen - Upload Supporting Doc- Preview/Upload File Adding'

2018-12-10 18:11:32 - [MESSAGE][PASSED] - File 'C:\Users\Public\Pictures\Sample Pictures\Koala.jpg' sent to object: 'Object Repository/Final Object Repo/New Registration - Registration Module Pages/Third Screen - Upload Supporting Doc- Preview/Upload File Adding'

2018-12-10 18:11:32 - [TEST_STEP][PASSED] - click: Object: 'Object Repository/Final Object Repo/New Registration - Registration Module Pages/Third Screen - Upload Supporting Doc- Preview/Inner Form Add Document Button' is clicked on

2018-12-10 18:11:33 - [MESSAGE][PASSED] - Object: 'Object Repository/Final Object Repo/New Registration - Registration Module Pages/Third Screen - Upload Supporting Doc- Preview/Inner Form Add Document Button' is clicked on

2018-12-10 18:11:33 - [TEST_STEP][PASSED] - delay: Delayed 5 second(s)

2018-12-10 18:11:38 - [MESSAGE][PASSED] - Delayed 5 second(s)

2018-12-10 18:11:38 - [TEST_STEP][PASSED] - click: Object: 'Object Repository/Final Object Repo/New Registration - Registration Module Pages/Third Screen - Upload Supporting Doc- Preview/Add Document Button' is clicked on

2018-12-10 18:11:38 - [MESSAGE][PASSED] - Object: 'Object Repository/Final Object Repo/New Registration - Registration Module Pages/Third Screen - Upload Supporting Doc- Preview/Add Document Button' is clicked on

2018-12-10 18:11:38 - [TEST_STEP][PASSED] - delay: Delayed 30 second(s)

2018-12-10 18:12:08 - [MESSAGE][PASSED] - Delayed 30 second(s)

2018-12-10 18:12:08 - [TEST_STEP][PASSED] - click: Object: 'Object Repository/Final Object Repo/New Registration - Registration Module Pages/Third Screen - Upload Supporting Doc- Preview/Supporting Doc Please Select Drop Down' is clicked on

2018-12-10 18:12:08 - [MESSAGE][PASSED] - Object: 'Object Repository/Final Object Repo/New Registration - Registration Module Pages/Third Screen - Upload Supporting Doc- Preview/Supporting Doc Please Select Drop Down' is clicked on

2018-12-10 18:12:08 - [TEST_STEP][PASSED] - delay: Delayed 3 second(s)

2018-12-10 18:12:11 - [MESSAGE][PASSED] - Delayed 3 second(s)

2018-12-10 18:12:11 - [TEST_STEP][PASSED] - click: Object: 'Object Repository/Final Object Repo/New Registration - Registration Module Pages/Third Screen - Upload Supporting Doc- Preview/Select to Upload Borang SIP 2' is clicked on

2018-12-10 18:12:11 - [MESSAGE][PASSED] - Object: 'Object Repository/Final Object Repo/New Registration - Registration Module Pages/Third Screen - Upload Supporting Doc- Preview/Select to Upload Borang SIP 2' is clicked on

2018-12-10 18:12:11 - [TEST_STEP][PASSED] - delay: Delayed 2 second(s)

2018-12-10 18:12:13 - [MESSAGE][PASSED] - Delayed 2 second(s)

2018-12-10 18:12:13 - [TEST_STEP][PASSED] - uploadFile: File 'C:\Users\Public\Pictures\Sample Pictures\Koala.jpg' sent to object: 'Object Repository/Final Object Repo/New Registration - Registration Module Pages/Third Screen - Upload Supporting Doc- Preview/Upload File Adding'

2018-12-10 18:12:13 - [MESSAGE][PASSED] - File 'C:\Users\Public\Pictures\Sample Pictures\Koala.jpg' sent to object: 'Object Repository/Final Object Repo/New Registration - Registration Module Pages/Third Screen - Upload Supporting Doc- Preview/Upload File Adding'

2018-12-10 18:12:13 - [TEST_STEP][PASSED] - delay: Delayed 5 second(s)

2018-12-10 18:12:18 - [MESSAGE][PASSED] - Delayed 5 second(s)

2018-12-10 18:12:18 - [TEST_STEP][PASSED] - click: Object: 'Object Repository/Final Object Repo/New Registration - Registration Module Pages/Third Screen - Upload Supporting Doc- Preview/Inner Form Add Document Button' is clicked on

2018-12-10 18:12:18 - [MESSAGE][PASSED] - Object: 'Object Repository/Final Object Repo/New Registration - Registration Module Pages/Third Screen - Upload Supporting Doc- Preview/Inner Form Add Document Button' is clicked on

2018-12-10 18:12:18 - [TEST_STEP][PASSED] - delay: Delayed 3 second(s)

2018-12-10 18:12:21 - [MESSAGE][PASSED] - Delayed 3 second(s)

2018-12-10 18:12:21 - [TEST_STEP][PASSED] - waitForElementClickable: Object 'Object Repository/Final Object Repo/New Registration - Registration Module Pages/Third Screen - Upload Supporting Doc- Preview/Save n Continue in Uploading Supporting Doc Page' is clickable

2018-12-10 18:12:23 - [MESSAGE][PASSED] - Object 'Object Repository/Final Object Repo/New Registration - Registration Module Pages/Third Screen - Upload Supporting Doc- Preview/Save n Continue in Uploading Supporting Doc Page' is clickable

2018-12-10 18:12:23 - [TEST_STEP][PASSED] - click: Object: 'Object Repository/Final Object Repo/New Registration - Registration Module Pages/Third Screen - Upload Supporting Doc- Preview/Save n Continue in Uploading Supporting Doc Page' is clicked on

2018-12-10 18:12:23 - [MESSAGE][PASSED] - Object: 'Object Repository/Final Object Repo/New Registration - Registration Module Pages/Third Screen - Upload Supporting Doc- Preview/Save n Continue in Uploading Supporting Doc Page' is clicked on

2018-12-10 18:12:23 - [MESSAGE][PASSED] - Call Test Case 'Test Cases/Final Aug 2018 - PKS Automation/Registration Module/New Registration/Flow of New Registration/Third Screen - Upload Supporting Doc - Preview' successfully

2018-12-10 18:12:23 - [TEST_STEP][PASSED] - callTestCase: Call Test Case 'Test Cases/Final Aug 2018 - PKS Automation/Registration Module/New Registration/Submit and Screenshot/Submit Registration and Screenshot' successfully

2018-12-10 18:12:23 - [TEST_CASE][PASSED] - Test Cases/Final Aug 2018 - PKS Automation/Registration Module/New Registration/Submit and Screenshot/Submit Registration and Screenshot: Test Cases/Final Aug 2018 - PKS Automation/Registration Module/New Registration/Submit and Screenshot/Submit Registration and Screenshot

2018-12-10 18:12:23 - [TEST_STEP][PASSED] - delay: Delayed 6 second(s)

2018-12-10 18:12:29 - [MESSAGE][PASSED] - Delayed 6 second(s)

2018-12-10 18:12:29 - [TEST_STEP][PASSED] - click: Object: 'Object Repository/Final Object Repo/New Registration - Registration Module Pages/Third Screen - Upload Supporting Doc- Preview/Preview Submit Button' is clicked on

2018-12-10 18:12:29 - [MESSAGE][PASSED] - Object: 'Object Repository/Final Object Repo/New Registration - Registration Module Pages/Third Screen - Upload Supporting Doc- Preview/Preview Submit Button' is clicked on

2018-12-10 18:12:29 - [TEST_STEP][PASSED] - delay: Delayed 2 second(s)

2018-12-10 18:12:31 - [MESSAGE][PASSED] - Delayed 2 second(s)

2018-12-10 18:12:31 - [TEST_STEP][PASSED] - click: Object: 'Object Repository/Final Object Repo/New Registration - Registration Module Pages/Third Screen - Upload Supporting Doc- Preview/Preview Submit - Confirm' is clicked on

2018-12-10 18:12:31 - [MESSAGE][PASSED] - Object: 'Object Repository/Final Object Repo/New Registration - Registration Module Pages/Third Screen - Upload Supporting Doc- Preview/Preview Submit - Confirm' is clicked on

2018-12-10 18:12:31 - [TEST_STEP][PASSED] - delay: Delayed 15 second(s)

2018-12-10 18:12:46 - [MESSAGE][PASSED] - Delayed 15 second(s)

2018-12-10 18:12:46 - [TEST_STEP][PASSED] - Statement - driver = com.kms.katalon.core.webui.driver.DriverFactory.getWebDriver(): null

2018-12-10 18:12:46 - [TEST_STEP][PASSED] - Statement - driver.manage().timeouts().implicitlyWait(10, SECONDS): null

2018-12-10 18:12:46 - [TEST_STEP][PASSED] - Statement - PresavePath = KatalonScreenshots: null

2018-12-10 18:12:46 - [TEST_STEP][PASSED] - Statement - pathPrefix = "C:\Users\Public\Pictures\Sample Pictures\Katalon Screenshots\Automate Ending Screen": null

2018-12-10 18:12:46 - [TEST_STEP][PASSED] - Statement - finalPath = <not implemented yet for class: org.codehaus.groovy.ast.expr.EmptyExpression>: null

2018-12-10 18:12:46 - [TEST_STEP][PASSED] - Statement - scrFile = driver.getScreenshotAs(FILE): null

2018-12-10 18:12:47 - [TEST_STEP][PASSED] - Statement - PreSaveFile = new java.io.File(PresavePath): null

2018-12-10 18:12:47 - [TEST_STEP][PASSED] - Statement - counter = 0: null

2018-12-10 18:12:47 - [TEST_STEP][PASSED] - Statement - If (PreSaveFile.exists()): null

2018-12-10 18:12:47 - [TEST_STEP][PASSED] - Statement - While (PreSaveFile.exists()): null

2018-12-10 18:12:47 - [TEST_STEP][PASSED] - Statement - counter = counter + 1: null

2018-12-10 18:12:47 - [TEST_STEP][PASSED] - Statement - PreSaveFile = new java.io.File(((pathPrefix + java.lang.Integer.toString(counter)) + .png)): null

2018-12-10 18:12:47 - [TEST_STEP][PASSED] - Statement - counter = counter + 1: null

2018-12-10 18:12:47 - [TEST_STEP][PASSED] - Statement - PreSaveFile = new java.io.File(((pathPrefix + java.lang.Integer.toString(counter)) + .png)): null

2018-12-10 18:12:47 - [TEST_STEP][PASSED] - Statement - counter = counter + 1: null

2018-12-10 18:12:47 - [TEST_STEP][PASSED] - Statement - PreSaveFile = new java.io.File(((pathPrefix + java.lang.Integer.toString(counter)) + .png)): null

2018-12-10 18:12:47 - [TEST_STEP][PASSED] - Statement - counter = counter + 1: null

2018-12-10 18:12:47 - [TEST_STEP][PASSED] - Statement - PreSaveFile = new java.io.File(((pathPrefix + java.lang.Integer.toString(counter)) + .png)): null

2018-12-10 18:12:47 - [TEST_STEP][PASSED] - Statement - counter = counter + 1: null

2018-12-10 18:12:47 - [TEST_STEP][PASSED] - Statement - PreSaveFile = new java.io.File(((pathPrefix + java.lang.Integer.toString(counter)) + .png)): null

2018-12-10 18:12:47 - [TEST_STEP][PASSED] - Statement - counter = counter + 1: null

2018-12-10 18:12:47 - [TEST_STEP][PASSED] - Statement - PreSaveFile = new java.io.File(((pathPrefix + java.lang.Integer.toString(counter)) + .png)): null

2018-12-10 18:12:47 - [TEST_STEP][PASSED] - Statement - counter = counter + 1: null

2018-12-10 18:12:47 - [TEST_STEP][PASSED] - Statement - PreSaveFile = new java.io.File(((pathPrefix + java.lang.Integer.toString(counter)) + .png)): null

2018-12-10 18:12:47 - [TEST_STEP][PASSED] - Statement - counter = counter + 1: null

2018-12-10 18:12:47 - [TEST_STEP][PASSED] - Statement - PreSaveFile = new java.io.File(((pathPrefix + java.lang.Integer.toString(counter)) + .png)): null

2018-12-10 18:12:47 - [TEST_STEP][PASSED] - Statement - counter = counter + 1: null

2018-12-10 18:12:47 - [TEST_STEP][PASSED] - Statement - PreSaveFile = new java.io.File(((pathPrefix + java.lang.Integer.toString(counter)) + .png)): null

2018-12-10 18:12:47 - [TEST_STEP][PASSED] - Statement - counter = counter + 1: null

2018-12-10 18:12:47 - [TEST_STEP][PASSED] - Statement - PreSaveFile = new java.io.File(((pathPrefix + java.lang.Integer.toString(counter)) + .png)): null

2018-12-10 18:12:47 - [TEST_STEP][PASSED] - Statement - finalPath = pathPrefix + java.lang.Integer.toString(counter) + ".png": null

2018-12-10 18:12:47 - [TEST_STEP][PASSED] - Statement - SaveFile = new java.io.File(finalPath): null

2018-12-10 18:12:47 - [TEST_STEP][PASSED] - Statement - Try: null

2018-12-10 18:12:47 - [TEST_STEP][PASSED] - Statement - org.apache.commons.io.FileUtils.copyFile(scrFile, SaveFile): null

2018-12-10 18:12:47 - [TEST_STEP][PASSED] - Statement - out.println("file kept"): null

2018-12-10 18:12:47 - [TEST_STEP][PASSED] - delay: Delayed 10 second(s)

2018-12-10 18:12:57 - [MESSAGE][PASSED] - Delayed 10 second(s)

2018-12-10 18:12:57 - [MESSAGE][PASSED] - Call Test Case 'Test Cases/Final Aug 2018 - PKS Automation/Registration Module/New Registration/Submit and Screenshot/Submit Registration and Screenshot' successfully]]></system-out>
         <system-err><![CDATA[]]></system-err>
      </testcase>
      <testcase name="Test Cases/Final Aug 2018 - PKS Automation/Registration Module/Critical Path/New Registration/Sole Proprietor - Registered with SSM" classname="Test Cases/Final Aug 2018 - PKS Automation/Registration Module/Critical Path/New Registration/Sole Proprietor - Registered with SSM" status="PASSED">
         <system-out><![CDATA[2018-12-10 18:12:57 - [TEST_CASE][PASSED] - Test Cases/Final Aug 2018 - PKS Automation/Registration Module/Critical Path/New Registration/Sole Proprietor - Registered with SSM: Test Cases/Final Aug 2018 - PKS Automation/Registration Module/Critical Path/New Registration/Sole Proprietor - Registered with SSM

2018-12-10 18:12:57 - [TEST_STEP][PASSED] - callTestCase: Call Test Case 'Test Cases/Final Aug 2018 - PKS Automation/Registration Module/New Registration/Form 1/Form 1 - Sole Proprietor - Registered with SSM' successfully

2018-12-10 18:12:57 - [TEST_CASE][PASSED] - Test Cases/Final Aug 2018 - PKS Automation/Registration Module/New Registration/Form 1/Form 1 - Sole Proprietor - Registered with SSM: Test Cases/Final Aug 2018 - PKS Automation/Registration Module/New Registration/Form 1/Form 1 - Sole Proprietor - Registered with SSM

2018-12-10 18:12:57 - [TEST_STEP][PASSED] - openBrowser: Browser is opened with url: ''

2018-12-10 18:12:57 - [MESSAGE][WARNING] - A browser is already opened. Closing browser and opening a new one

2018-12-10 18:13:00 - [MESSAGE][PASSED] - Browser is opened with url: ''

2018-12-10 18:13:00 - [TEST_STEP][PASSED] - navigateToUrl: Navigate to 'https://assist2-uat.perkeso.gov.my/login' successfully

2018-12-10 18:13:01 - [MESSAGE][PASSED] - Navigate to 'https://assist2-uat.perkeso.gov.my/login' successfully

2018-12-10 18:13:01 - [TEST_STEP][PASSED] - setText: Text 'johorotc1@gmail.com' is set on object 'Object Repository/Final Object Repo/Login Page/Internal User/Email Address'

2018-12-10 18:13:02 - [MESSAGE][PASSED] - Text 'johorotc1@gmail.com' is set on object 'Object Repository/Final Object Repo/Login Page/Internal User/Email Address'

2018-12-10 18:13:02 - [TEST_STEP][PASSED] - click: Object: 'Object Repository/Final Object Repo/Login Page/Internal User/Next Button' is clicked on

2018-12-10 18:13:02 - [MESSAGE][PASSED] - Object: 'Object Repository/Final Object Repo/Login Page/Internal User/Next Button' is clicked on

2018-12-10 18:13:02 - [TEST_STEP][PASSED] - delay: Delayed 1 second(s)

2018-12-10 18:13:03 - [MESSAGE][PASSED] - Delayed 1 second(s)

2018-12-10 18:13:03 - [TEST_STEP][PASSED] - setEncryptedText: Text ****** has been set on object 'Object Repository/Final Object Repo/Login Page/Internal User/Password'

2018-12-10 18:13:03 - [MESSAGE][PASSED] - Text ****** has been set on object 'Object Repository/Final Object Repo/Login Page/Internal User/Password'

2018-12-10 18:13:03 - [TEST_STEP][PASSED] - click: Object: 'Object Repository/Final Object Repo/Login Page/Internal User/Login Button' is clicked on

2018-12-10 18:13:03 - [MESSAGE][PASSED] - Object: 'Object Repository/Final Object Repo/Login Page/Internal User/Login Button' is clicked on

2018-12-10 18:13:03 - [TEST_STEP][PASSED] - delay: Delayed 1 second(s)

2018-12-10 18:13:04 - [MESSAGE][PASSED] - Delayed 1 second(s)

2018-12-10 18:13:04 - [TEST_STEP][PASSED] - Statement - Try: Delayed 2 second(s)

2018-12-10 18:13:04 - [TEST_STEP][PASSED] - Statement - Checker = false: null

2018-12-10 18:13:04 - [TEST_STEP][PASSED] - Statement - Checker = com.kms.katalon.core.webui.keyword.WebUiBuiltInKeywords.verifyElementHasAttribute(com.kms.katalon.core.testobject.ObjectRepository.findTestObject(Final Object Repo/Landing Page/BM Detecting), "href", 20, OPTIONAL): Object 'Object Repository/Final Object Repo/Landing Page/BM Detecting' has attribute 'href'

2018-12-10 18:13:05 - [MESSAGE][PASSED] - Object 'Object Repository/Final Object Repo/Landing Page/BM Detecting' has attribute 'href'

2018-12-10 18:13:05 - [TEST_STEP][PASSED] - Statement - out.println(Checker): null

2018-12-10 18:13:05 - [TEST_STEP][PASSED] - Statement - If (Checker == false): null

2018-12-10 18:13:05 - [TEST_STEP][PASSED] - Statement - Else: null

2018-12-10 18:13:05 - [TEST_STEP][PASSED] - delay: Delayed 2 second(s)

2018-12-10 18:13:07 - [MESSAGE][PASSED] - Delayed 2 second(s)

2018-12-10 18:13:07 - [TEST_STEP][PASSED] - navigateToUrl: Navigate to 'https://assist2-uat.perkeso.gov.my/web/registration/registration' successfully

2018-12-10 18:13:08 - [MESSAGE][PASSED] - Navigate to 'https://assist2-uat.perkeso.gov.my/web/registration/registration' successfully

2018-12-10 18:13:08 - [TEST_STEP][PASSED] - click: Object: 'Object Repository/Final Object Repo/New Registration - Registration Module Pages/Form 1/AEC - No' is clicked on

2018-12-10 18:13:08 - [MESSAGE][PASSED] - Object: 'Object Repository/Final Object Repo/New Registration - Registration Module Pages/Form 1/AEC - No' is clicked on

2018-12-10 18:13:08 - [TEST_STEP][PASSED] - click: Object: 'Object Repository/Final Object Repo/New Registration - Registration Module Pages/Form 1/Business Entity' is clicked on

2018-12-10 18:13:09 - [MESSAGE][PASSED] - Object: 'Object Repository/Final Object Repo/New Registration - Registration Module Pages/Form 1/Business Entity' is clicked on

2018-12-10 18:13:09 - [TEST_STEP][PASSED] - click: Object: 'Object Repository/Final Object Repo/New Registration - Registration Module Pages/Form 1/Business Entity - Sole Proprietor ' is clicked on

2018-12-10 18:13:09 - [MESSAGE][PASSED] - Object: 'Object Repository/Final Object Repo/New Registration - Registration Module Pages/Form 1/Business Entity - Sole Proprietor ' is clicked on

2018-12-10 18:13:09 - [TEST_STEP][PASSED] - delay: Delayed 1 second(s)

2018-12-10 18:13:10 - [MESSAGE][PASSED] - Delayed 1 second(s)

2018-12-10 18:13:10 - [TEST_STEP][PASSED] - click: Object: 'Object Repository/Final Object Repo/New Registration - Registration Module Pages/Form 1/Sub Business Entity' is clicked on

2018-12-10 18:13:10 - [MESSAGE][PASSED] - Object: 'Object Repository/Final Object Repo/New Registration - Registration Module Pages/Form 1/Sub Business Entity' is clicked on

2018-12-10 18:13:10 - [TEST_STEP][PASSED] - click: Object: 'Object Repository/Final Object Repo/New Registration - Registration Module Pages/Form 1/Sub Business Entity - Registered with SSM' is clicked on

2018-12-10 18:13:10 - [MESSAGE][PASSED] - Object: 'Object Repository/Final Object Repo/New Registration - Registration Module Pages/Form 1/Sub Business Entity - Registered with SSM' is clicked on

2018-12-10 18:13:10 - [TEST_STEP][PASSED] - delay: Delayed 1 second(s)

2018-12-10 18:13:11 - [MESSAGE][PASSED] - Delayed 1 second(s)

2018-12-10 18:13:11 - [TEST_STEP][PASSED] - setText: Text '123' is set on object 'Object Repository/Final Object Repo/New Registration - Registration Module Pages/Form 1/Registration Number'

2018-12-10 18:13:12 - [MESSAGE][PASSED] - Text '123' is set on object 'Object Repository/Final Object Repo/New Registration - Registration Module Pages/Form 1/Registration Number'

2018-12-10 18:13:12 - [TEST_STEP][NOT_RUN] - click: NOT_RUN: click

2018-12-10 18:13:12 - [MESSAGE][NOT_RUN] - NOT_RUN: click

2018-12-10 18:13:12 - [TEST_STEP][PASSED] - click: Object: 'Object Repository/Final Object Repo/New Registration - Registration Module Pages/Form 1/Registered As a Branch - Yes' is clicked on

2018-12-10 18:13:12 - [MESSAGE][PASSED] - Object: 'Object Repository/Final Object Repo/New Registration - Registration Module Pages/Form 1/Registered As a Branch - Yes' is clicked on

2018-12-10 18:13:12 - [TEST_STEP][PASSED] - click: Object: 'Object Repository/Final Object Repo/New Registration - Registration Module Pages/Form 1/Acknowledgement' is clicked on

2018-12-10 18:13:12 - [MESSAGE][PASSED] - Object: 'Object Repository/Final Object Repo/New Registration - Registration Module Pages/Form 1/Acknowledgement' is clicked on

2018-12-10 18:13:12 - [TEST_STEP][PASSED] - setText: Text 'perkeso' is set on object 'Object Repository/Final Object Repo/New Registration - Registration Module Pages/Form 1/Industry name'

2018-12-10 18:13:12 - [MESSAGE][PASSED] - Text 'perkeso' is set on object 'Object Repository/Final Object Repo/New Registration - Registration Module Pages/Form 1/Industry name'

2018-12-10 18:13:12 - [TEST_STEP][PASSED] - setText: Text 'perkeso1' is set on object 'Object Repository/Final Object Repo/New Registration - Registration Module Pages/Form 1/Postal Address1'

2018-12-10 18:13:13 - [MESSAGE][PASSED] - Text 'perkeso1' is set on object 'Object Repository/Final Object Repo/New Registration - Registration Module Pages/Form 1/Postal Address1'

2018-12-10 18:13:13 - [TEST_STEP][PASSED] - setText: Text 'perkeso2' is set on object 'Object Repository/Final Object Repo/New Registration - Registration Module Pages/Form 1/Postal Address2'

2018-12-10 18:13:13 - [MESSAGE][PASSED] - Text 'perkeso2' is set on object 'Object Repository/Final Object Repo/New Registration - Registration Module Pages/Form 1/Postal Address2'

2018-12-10 18:13:13 - [TEST_STEP][PASSED] - setText: Text 'perkeso3' is set on object 'Object Repository/Final Object Repo/New Registration - Registration Module Pages/Form 1/Postal Address3'

2018-12-10 18:13:13 - [MESSAGE][PASSED] - Text 'perkeso3' is set on object 'Object Repository/Final Object Repo/New Registration - Registration Module Pages/Form 1/Postal Address3'

2018-12-10 18:13:13 - [TEST_STEP][PASSED] - click: Object: 'Object Repository/Final Object Repo/New Registration - Registration Module Pages/Form 1/State' is clicked on

2018-12-10 18:13:13 - [MESSAGE][PASSED] - Object: 'Object Repository/Final Object Repo/New Registration - Registration Module Pages/Form 1/State' is clicked on

2018-12-10 18:13:13 - [TEST_STEP][PASSED] - click: Object: 'Object Repository/Final Object Repo/New Registration - Registration Module Pages/Form 1/State - Johor' is clicked on

2018-12-10 18:13:14 - [MESSAGE][PASSED] - Object: 'Object Repository/Final Object Repo/New Registration - Registration Module Pages/Form 1/State - Johor' is clicked on

2018-12-10 18:13:14 - [TEST_STEP][PASSED] - delay: Delayed 1 second(s)

2018-12-10 18:13:15 - [MESSAGE][PASSED] - Delayed 1 second(s)

2018-12-10 18:13:15 - [TEST_STEP][PASSED] - click: Object: 'Object Repository/Final Object Repo/New Registration - Registration Module Pages/Form 1/City' is clicked on

2018-12-10 18:13:15 - [MESSAGE][PASSED] - Object: 'Object Repository/Final Object Repo/New Registration - Registration Module Pages/Form 1/City' is clicked on

2018-12-10 18:13:15 - [TEST_STEP][PASSED] - setText: Text 'joh' is set on object 'Object Repository/Final Object Repo/New Registration - Registration Module Pages/Form 1/Postcode - 810'

2018-12-10 18:13:15 - [MESSAGE][PASSED] - Text 'joh' is set on object 'Object Repository/Final Object Repo/New Registration - Registration Module Pages/Form 1/Postcode - 810'

2018-12-10 18:13:15 - [TEST_STEP][PASSED] - delay: Delayed 1 second(s)

2018-12-10 18:13:16 - [MESSAGE][PASSED] - Delayed 1 second(s)

2018-12-10 18:13:16 - [TEST_STEP][PASSED] - click: Object: 'Object Repository/Final Object Repo/New Registration - Registration Module Pages/Form 1/City - Johor Bharu' is clicked on

2018-12-10 18:13:16 - [MESSAGE][PASSED] - Object: 'Object Repository/Final Object Repo/New Registration - Registration Module Pages/Form 1/City - Johor Bharu' is clicked on

2018-12-10 18:13:16 - [TEST_STEP][PASSED] - delay: Delayed 1 second(s)

2018-12-10 18:13:17 - [MESSAGE][PASSED] - Delayed 1 second(s)

2018-12-10 18:13:17 - [TEST_STEP][PASSED] - click: Object: 'Object Repository/Final Object Repo/New Registration - Registration Module Pages/Form 1/Postcode' is clicked on

2018-12-10 18:13:17 - [MESSAGE][PASSED] - Object: 'Object Repository/Final Object Repo/New Registration - Registration Module Pages/Form 1/Postcode' is clicked on

2018-12-10 18:13:17 - [TEST_STEP][PASSED] - delay: Delayed 1 second(s)

2018-12-10 18:13:18 - [MESSAGE][PASSED] - Delayed 1 second(s)

2018-12-10 18:13:18 - [TEST_STEP][PASSED] - setText: Text '810' is set on object 'Object Repository/Final Object Repo/New Registration - Registration Module Pages/Form 1/Postcode - 810'

2018-12-10 18:13:19 - [MESSAGE][PASSED] - Text '810' is set on object 'Object Repository/Final Object Repo/New Registration - Registration Module Pages/Form 1/Postcode - 810'

2018-12-10 18:13:19 - [TEST_STEP][PASSED] - delay: Delayed 1 second(s)

2018-12-10 18:13:20 - [MESSAGE][PASSED] - Delayed 1 second(s)

2018-12-10 18:13:20 - [TEST_STEP][PASSED] - click: Object: 'Object Repository/Final Object Repo/New Registration - Registration Module Pages/Form 1/Postcode - 81000' is clicked on

2018-12-10 18:13:20 - [MESSAGE][PASSED] - Object: 'Object Repository/Final Object Repo/New Registration - Registration Module Pages/Form 1/Postcode - 81000' is clicked on

2018-12-10 18:13:20 - [TEST_STEP][PASSED] - delay: Delayed 1 second(s)

2018-12-10 18:13:21 - [MESSAGE][PASSED] - Delayed 1 second(s)

2018-12-10 18:13:21 - [TEST_STEP][PASSED] - setText: Text '100' is set on object 'Object Repository/Final Object Repo/New Registration - Registration Module Pages/Form 1/P.O.BOX'

2018-12-10 18:13:21 - [MESSAGE][PASSED] - Text '100' is set on object 'Object Repository/Final Object Repo/New Registration - Registration Module Pages/Form 1/P.O.BOX'

2018-12-10 18:13:21 - [TEST_STEP][PASSED] - setText: Text '100' is set on object 'Object Repository/Final Object Repo/New Registration - Registration Module Pages/Form 1/Locked Bag No'

2018-12-10 18:13:21 - [MESSAGE][PASSED] - Text '100' is set on object 'Object Repository/Final Object Repo/New Registration - Registration Module Pages/Form 1/Locked Bag No'

2018-12-10 18:13:21 - [TEST_STEP][PASSED] - click: Object: 'Object Repository/Final Object Repo/New Registration - Registration Module Pages/Form 1/SOCSO Office Location' is clicked on

2018-12-10 18:13:22 - [MESSAGE][PASSED] - Object: 'Object Repository/Final Object Repo/New Registration - Registration Module Pages/Form 1/SOCSO Office Location' is clicked on

2018-12-10 18:13:22 - [TEST_STEP][PASSED] - click: Object: 'Object Repository/Final Object Repo/New Registration - Registration Module Pages/Form 1/SOCSO Office Location - Pejabat PERKESO Negeri Johor' is clicked on

2018-12-10 18:13:22 - [MESSAGE][PASSED] - Object: 'Object Repository/Final Object Repo/New Registration - Registration Module Pages/Form 1/SOCSO Office Location - Pejabat PERKESO Negeri Johor' is clicked on

2018-12-10 18:13:22 - [TEST_STEP][PASSED] - delay: Delayed 1 second(s)

2018-12-10 18:13:23 - [MESSAGE][PASSED] - Delayed 1 second(s)

2018-12-10 18:13:23 - [TEST_STEP][PASSED] - check: Object 'Object Repository/Final Object Repo/New Registration - Registration Module Pages/Form 1/Indusrty Address Same As Postal Address' is checked

2018-12-10 18:13:23 - [MESSAGE][PASSED] - Object 'Object Repository/Final Object Repo/New Registration - Registration Module Pages/Form 1/Indusrty Address Same As Postal Address' is checked

2018-12-10 18:13:23 - [TEST_STEP][PASSED] - delay: Delayed 3 second(s)

2018-12-10 18:13:26 - [MESSAGE][PASSED] - Delayed 3 second(s)

2018-12-10 18:13:26 - [TEST_STEP][PASSED] - click: Object: 'Object Repository/Final Object Repo/New Registration - Registration Module Pages/Form 1/Indusry Address Same As Postal Address False' is clicked on

2018-12-10 18:13:26 - [MESSAGE][PASSED] - Object: 'Object Repository/Final Object Repo/New Registration - Registration Module Pages/Form 1/Indusry Address Same As Postal Address False' is clicked on

2018-12-10 18:13:26 - [TEST_STEP][PASSED] - delay: Delayed 1 second(s)

2018-12-10 18:13:27 - [MESSAGE][PASSED] - Delayed 1 second(s)

2018-12-10 18:13:27 - [TEST_STEP][PASSED] - setText: Text 'perkeso1' is set on object 'Object Repository/Final Object Repo/New Registration - Registration Module Pages/Form 1/Industry Address1'

2018-12-10 18:13:28 - [MESSAGE][PASSED] - Text 'perkeso1' is set on object 'Object Repository/Final Object Repo/New Registration - Registration Module Pages/Form 1/Industry Address1'

2018-12-10 18:13:28 - [TEST_STEP][PASSED] - setText: Text 'perkeso2' is set on object 'Object Repository/Final Object Repo/New Registration - Registration Module Pages/Form 1/Industry Address2'

2018-12-10 18:13:28 - [MESSAGE][PASSED] - Text 'perkeso2' is set on object 'Object Repository/Final Object Repo/New Registration - Registration Module Pages/Form 1/Industry Address2'

2018-12-10 18:13:28 - [TEST_STEP][PASSED] - setText: Text 'perkeso3' is set on object 'Object Repository/Final Object Repo/New Registration - Registration Module Pages/Form 1/Industry Address3'

2018-12-10 18:13:28 - [MESSAGE][PASSED] - Text 'perkeso3' is set on object 'Object Repository/Final Object Repo/New Registration - Registration Module Pages/Form 1/Industry Address3'

2018-12-10 18:13:28 - [TEST_STEP][PASSED] - click: Object: 'Object Repository/Final Object Repo/New Registration - Registration Module Pages/Form 1/Industry State' is clicked on

2018-12-10 18:13:28 - [MESSAGE][PASSED] - Object: 'Object Repository/Final Object Repo/New Registration - Registration Module Pages/Form 1/Industry State' is clicked on

2018-12-10 18:13:28 - [TEST_STEP][PASSED] - delay: Delayed 2 second(s)

2018-12-10 18:13:30 - [MESSAGE][PASSED] - Delayed 2 second(s)

2018-12-10 18:13:30 - [TEST_STEP][PASSED] - click: Object: 'Object Repository/Final Object Repo/New Registration - Registration Module Pages/Form 1/Industry State - Johor' is clicked on

2018-12-10 18:13:31 - [MESSAGE][PASSED] - Object: 'Object Repository/Final Object Repo/New Registration - Registration Module Pages/Form 1/Industry State - Johor' is clicked on

2018-12-10 18:13:31 - [TEST_STEP][PASSED] - delay: Delayed 2 second(s)

2018-12-10 18:13:33 - [MESSAGE][PASSED] - Delayed 2 second(s)

2018-12-10 18:13:33 - [TEST_STEP][PASSED] - click: Object: 'Object Repository/Final Object Repo/New Registration - Registration Module Pages/Form 1/Industry Ciry' is clicked on

2018-12-10 18:13:33 - [MESSAGE][PASSED] - Object: 'Object Repository/Final Object Repo/New Registration - Registration Module Pages/Form 1/Industry Ciry' is clicked on

2018-12-10 18:13:33 - [TEST_STEP][PASSED] - setText: Text 'joh' is set on object 'Object Repository/Final Object Repo/New Registration - Registration Module Pages/Form 1/Industry Ciry - joh'

2018-12-10 18:13:33 - [MESSAGE][PASSED] - Text 'joh' is set on object 'Object Repository/Final Object Repo/New Registration - Registration Module Pages/Form 1/Industry Ciry - joh'

2018-12-10 18:13:33 - [TEST_STEP][PASSED] - delay: Delayed 2 second(s)

2018-12-10 18:13:35 - [MESSAGE][PASSED] - Delayed 2 second(s)

2018-12-10 18:13:35 - [TEST_STEP][PASSED] - click: Object: 'Object Repository/Final Object Repo/New Registration - Registration Module Pages/Form 1/Industy State - Johor Bharu' is clicked on

2018-12-10 18:13:35 - [MESSAGE][PASSED] - Object: 'Object Repository/Final Object Repo/New Registration - Registration Module Pages/Form 1/Industy State - Johor Bharu' is clicked on

2018-12-10 18:13:35 - [TEST_STEP][PASSED] - delay: Delayed 1 second(s)

2018-12-10 18:13:36 - [MESSAGE][PASSED] - Delayed 1 second(s)

2018-12-10 18:13:36 - [TEST_STEP][PASSED] - click: Object: 'Object Repository/Final Object Repo/New Registration - Registration Module Pages/Form 1/Indusry PostCode' is clicked on

2018-12-10 18:13:36 - [MESSAGE][PASSED] - Object: 'Object Repository/Final Object Repo/New Registration - Registration Module Pages/Form 1/Indusry PostCode' is clicked on

2018-12-10 18:13:36 - [TEST_STEP][PASSED] - delay: Delayed 1 second(s)

2018-12-10 18:13:37 - [MESSAGE][PASSED] - Delayed 1 second(s)

2018-12-10 18:13:37 - [TEST_STEP][PASSED] - setText: Text '810' is set on object 'Object Repository/Final Object Repo/New Registration - Registration Module Pages/Form 1/Insutry Post Code - 810'

2018-12-10 18:13:38 - [MESSAGE][PASSED] - Text '810' is set on object 'Object Repository/Final Object Repo/New Registration - Registration Module Pages/Form 1/Insutry Post Code - 810'

2018-12-10 18:13:38 - [TEST_STEP][PASSED] - delay: Delayed 1 second(s)

2018-12-10 18:13:39 - [MESSAGE][PASSED] - Delayed 1 second(s)

2018-12-10 18:13:39 - [TEST_STEP][PASSED] - click: Object: 'Object Repository/Final Object Repo/New Registration - Registration Module Pages/Form 1/Insutry Post Code - 81000' is clicked on

2018-12-10 18:13:39 - [MESSAGE][PASSED] - Object: 'Object Repository/Final Object Repo/New Registration - Registration Module Pages/Form 1/Insutry Post Code - 81000' is clicked on

2018-12-10 18:13:39 - [TEST_STEP][PASSED] - delay: Delayed 1 second(s)

2018-12-10 18:13:40 - [MESSAGE][PASSED] - Delayed 1 second(s)

2018-12-10 18:13:40 - [TEST_STEP][PASSED] - setText: Text '100' is set on object 'Object Repository/Final Object Repo/New Registration - Registration Module Pages/Form 1/Industry P.O.BOX'

2018-12-10 18:13:40 - [MESSAGE][PASSED] - Text '100' is set on object 'Object Repository/Final Object Repo/New Registration - Registration Module Pages/Form 1/Industry P.O.BOX'

2018-12-10 18:13:40 - [TEST_STEP][PASSED] - setText: Text '100' is set on object 'Object Repository/Final Object Repo/New Registration - Registration Module Pages/Form 1/Industry Locked Bag No'

2018-12-10 18:13:40 - [MESSAGE][PASSED] - Text '100' is set on object 'Object Repository/Final Object Repo/New Registration - Registration Module Pages/Form 1/Industry Locked Bag No'

2018-12-10 18:13:40 - [TEST_STEP][PASSED] - setText: Text '123456789' is set on object 'Object Repository/Final Object Repo/New Registration - Registration Module Pages/Form 1/Telephone No'

2018-12-10 18:13:41 - [MESSAGE][PASSED] - Text '123456789' is set on object 'Object Repository/Final Object Repo/New Registration - Registration Module Pages/Form 1/Telephone No'

2018-12-10 18:13:41 - [TEST_STEP][PASSED] - setText: Text '123456789' is set on object 'Object Repository/Final Object Repo/New Registration - Registration Module Pages/Form 1/Mobile No'

2018-12-10 18:13:41 - [MESSAGE][PASSED] - Text '123456789' is set on object 'Object Repository/Final Object Repo/New Registration - Registration Module Pages/Form 1/Mobile No'

2018-12-10 18:13:41 - [TEST_STEP][PASSED] - setText: Text '123456789' is set on object 'Object Repository/Final Object Repo/New Registration - Registration Module Pages/Form 1/Fax No'

2018-12-10 18:13:42 - [MESSAGE][PASSED] - Text '123456789' is set on object 'Object Repository/Final Object Repo/New Registration - Registration Module Pages/Form 1/Fax No'

2018-12-10 18:13:42 - [TEST_STEP][PASSED] - click: Object: 'Object Repository/Final Object Repo/New Registration - Registration Module Pages/Form 1/Industry Code' is clicked on

2018-12-10 18:13:42 - [MESSAGE][PASSED] - Object: 'Object Repository/Final Object Repo/New Registration - Registration Module Pages/Form 1/Industry Code' is clicked on

2018-12-10 18:13:42 - [TEST_STEP][PASSED] - click: Object: 'Object Repository/Final Object Repo/New Registration - Registration Module Pages/Form 1/Indudustry Code - Crops and Animal' is clicked on

2018-12-10 18:13:42 - [MESSAGE][PASSED] - Object: 'Object Repository/Final Object Repo/New Registration - Registration Module Pages/Form 1/Indudustry Code - Crops and Animal' is clicked on

2018-12-10 18:13:42 - [TEST_STEP][PASSED] - delay: Delayed 1 second(s)

2018-12-10 18:13:43 - [MESSAGE][PASSED] - Delayed 1 second(s)

2018-12-10 18:13:43 - [TEST_STEP][PASSED] - click: Object: 'Object Repository/Final Object Repo/New Registration - Registration Module Pages/Form 1/Sub Industry Code List' is clicked on

2018-12-10 18:13:43 - [MESSAGE][PASSED] - Object: 'Object Repository/Final Object Repo/New Registration - Registration Module Pages/Form 1/Sub Industry Code List' is clicked on

2018-12-10 18:13:43 - [TEST_STEP][PASSED] - click: Object: 'Object Repository/Final Object Repo/New Registration - Registration Module Pages/Form 1/Sub Industry Code List - Growing of Maize' is clicked on

2018-12-10 18:13:43 - [MESSAGE][PASSED] - Object: 'Object Repository/Final Object Repo/New Registration - Registration Module Pages/Form 1/Sub Industry Code List - Growing of Maize' is clicked on

2018-12-10 18:13:43 - [TEST_STEP][PASSED] - setText: Text 'perkeso123@gmail.com' is set on object 'Object Repository/Final Object Repo/New Registration - Registration Module Pages/Form 1/Email'

2018-12-10 18:13:44 - [MESSAGE][PASSED] - Text 'perkeso123@gmail.com' is set on object 'Object Repository/Final Object Repo/New Registration - Registration Module Pages/Form 1/Email'

2018-12-10 18:13:44 - [TEST_STEP][PASSED] - click: Object: 'Object Repository/Final Object Repo/New Registration - Registration Module Pages/Form 1/Method of Contribution Payment' is clicked on

2018-12-10 18:13:44 - [MESSAGE][PASSED] - Object: 'Object Repository/Final Object Repo/New Registration - Registration Module Pages/Form 1/Method of Contribution Payment' is clicked on

2018-12-10 18:13:44 - [TEST_STEP][PASSED] - click: Object: 'Object Repository/Final Object Repo/New Registration - Registration Module Pages/Form 1/Method of Contribution Payment - Portal' is clicked on

2018-12-10 18:13:44 - [MESSAGE][PASSED] - Object: 'Object Repository/Final Object Repo/New Registration - Registration Module Pages/Form 1/Method of Contribution Payment - Portal' is clicked on

2018-12-10 18:13:44 - [TEST_STEP][PASSED] - click: Object: 'Object Repository/Final Object Repo/New Registration - Registration Module Pages/Form 1/Servide Type' is clicked on

2018-12-10 18:13:45 - [MESSAGE][PASSED] - Object: 'Object Repository/Final Object Repo/New Registration - Registration Module Pages/Form 1/Servide Type' is clicked on

2018-12-10 18:13:45 - [TEST_STEP][PASSED] - click: Object: 'Object Repository/Final Object Repo/New Registration - Registration Module Pages/Form 1/Servide Type - Professional Bodies' is clicked on

2018-12-10 18:13:45 - [MESSAGE][PASSED] - Object: 'Object Repository/Final Object Repo/New Registration - Registration Module Pages/Form 1/Servide Type - Professional Bodies' is clicked on

2018-12-10 18:13:45 - [TEST_STEP][PASSED] - click: Object: 'Object Repository/Final Object Repo/New Registration - Registration Module Pages/Form 1/Industry Venue' is clicked on

2018-12-10 18:13:45 - [MESSAGE][PASSED] - Object: 'Object Repository/Final Object Repo/New Registration - Registration Module Pages/Form 1/Industry Venue' is clicked on

2018-12-10 18:13:45 - [TEST_STEP][PASSED] - click: Object: 'Object Repository/Final Object Repo/New Registration - Registration Module Pages/Form 1/Industry Venue -  PPN JOHOR' is clicked on

2018-12-10 18:13:45 - [MESSAGE][PASSED] - Object: 'Object Repository/Final Object Repo/New Registration - Registration Module Pages/Form 1/Industry Venue -  PPN JOHOR' is clicked on

2018-12-10 18:13:45 - [TEST_STEP][PASSED] - click: Object: 'Object Repository/Final Object Repo/New Registration - Registration Module Pages/Form 1/Save  Continue' is clicked on

2018-12-10 18:13:45 - [MESSAGE][PASSED] - Object: 'Object Repository/Final Object Repo/New Registration - Registration Module Pages/Form 1/Save  Continue' is clicked on

2018-12-10 18:13:45 - [MESSAGE][PASSED] - Call Test Case 'Test Cases/Final Aug 2018 - PKS Automation/Registration Module/New Registration/Form 1/Form 1 - Sole Proprietor - Registered with SSM' successfully

2018-12-10 18:13:45 - [TEST_STEP][PASSED] - callTestCase: Call Test Case 'Test Cases/Final Aug 2018 - PKS Automation/Registration Module/New Registration/Form 2/Add 2 Eligible 2 Not Eligible' successfully

2018-12-10 18:13:45 - [TEST_CASE][PASSED] - Test Cases/Final Aug 2018 - PKS Automation/Registration Module/New Registration/Form 2/Add 2 Eligible 2 Not Eligible: Test Cases/Final Aug 2018 - PKS Automation/Registration Module/New Registration/Form 2/Add 2 Eligible 2 Not Eligible

2018-12-10 18:13:45 - [TEST_STEP][PASSED] - delay: Delayed 2 second(s)

2018-12-10 18:13:47 - [MESSAGE][PASSED] - Delayed 2 second(s)

2018-12-10 18:13:47 - [TEST_STEP][PASSED] - callTestCase: Call Test Case 'Test Cases/Final Aug 2018 - PKS Automation/Registration Module/New Registration/Form 2/Date Updater' successfully

2018-12-10 18:13:48 - [TEST_CASE][PASSED] - Test Cases/Final Aug 2018 - PKS Automation/Registration Module/New Registration/Form 2/Date Updater: Test Cases/Final Aug 2018 - PKS Automation/Registration Module/New Registration/Form 2/Date Updater

2018-12-10 18:13:48 - [TEST_STEP][PASSED] - Statement - TodayDate = new java.util.Date(): null

2018-12-10 18:13:48 - [TEST_STEP][PASSED] - Statement - CurrentDateNoFilter = new java.text.SimpleDateFormat(): null

2018-12-10 18:13:48 - [TEST_STEP][PASSED] - Statement - CurrentDateNoFilter.applyPattern("MM"): null

2018-12-10 18:13:48 - [TEST_STEP][PASSED] - Statement - monthContainerMatcher = java.lang.Integer.parseInt(CurrentDateNoFilter.format(TodayDate)): null

2018-12-10 18:13:48 - [TEST_STEP][PASSED] - Statement - monthContainerMatcher = monthContainerMatcher - 1: null

2018-12-10 18:13:48 - [TEST_STEP][PASSED] - Statement - CurrentMonth = monthContainerMatcher.toString(): null

2018-12-10 18:13:48 - [TEST_STEP][PASSED] - Statement - CurrentMonth = CurrentMonth: null

2018-12-10 18:13:48 - [TEST_STEP][PASSED] - Statement - CurrentDateNoFilter.applyPattern("yyyy"): null

2018-12-10 18:13:48 - [TEST_STEP][PASSED] - Statement - CurrentYear = CurrentDateNoFilter.format(TodayDate): null

2018-12-10 18:13:48 - [TEST_STEP][PASSED] - Statement - CurrentYear = CurrentYear: null

2018-12-10 18:13:48 - [TEST_STEP][PASSED] - Statement - intCurrentYear = java.lang.Integer.parseInt(CurrentDateNoFilter.format(TodayDate)): null

2018-12-10 18:13:48 - [TEST_STEP][PASSED] - Statement - eighteenYrsAgo = intCurrentYear - 18: null

2018-12-10 18:13:48 - [TEST_STEP][PASSED] - Statement - eighteenYrsBeforeThisYr = eighteenYrsAgo.toString(): null

2018-12-10 18:13:48 - [TEST_STEP][PASSED] - Statement - EighteenYrsBefore = eighteenYrsBeforeThisYr: null

2018-12-10 18:13:48 - [TEST_STEP][PASSED] - Statement - fiftysevenYrsAgo = intCurrentYear - 57: null

2018-12-10 18:13:48 - [TEST_STEP][PASSED] - Statement - fiftysevenYrsBeforeThisYr = fiftysevenYrsAgo.toString(): null

2018-12-10 18:13:48 - [TEST_STEP][PASSED] - Statement - FiftysevenYrsBefore = fiftysevenYrsBeforeThisYr: null

2018-12-10 18:13:48 - [TEST_STEP][PASSED] - Statement - leapYear = false: null

2018-12-10 18:13:48 - [TEST_STEP][PASSED] - Statement - leapYear = intCurrentYear % 4 == 0: null

2018-12-10 18:13:48 - [TEST_STEP][PASSED] - Statement - CurrentDateNoFilter.applyPattern("dd"): null

2018-12-10 18:13:48 - [TEST_STEP][PASSED] - Statement - CurrentDate = CurrentDateNoFilter.format(TodayDate): null

2018-12-10 18:13:48 - [TEST_STEP][PASSED] - Statement - CurrentDate = java.lang.Integer.parseInt(CurrentDate): null

2018-12-10 18:13:48 - [TEST_STEP][PASSED] - Statement - CurrentDate = CurrentDate: null

2018-12-10 18:13:48 - [TEST_STEP][PASSED] - Statement - CurrentDay = java.lang.Integer.parseInt(CurrentDate): null

2018-12-10 18:13:48 - [TEST_STEP][PASSED] - Statement - ConfAdder = <not implemented yet for class: org.codehaus.groovy.ast.expr.EmptyExpression>: null

2018-12-10 18:13:48 - [TEST_STEP][PASSED] - Statement - out.println(CurrentMonth): null

2018-12-10 18:13:48 - [TEST_STEP][PASSED] - Statement - out.println(CurrentDate): null

2018-12-10 18:13:48 - [TEST_STEP][PASSED] - Statement - switch (CurrentDate): null

2018-12-10 18:13:48 - [TEST_STEP][PASSED] - Statement - Default: null

2018-12-10 18:13:48 - [TEST_STEP][PASSED] - Statement - ConfAdder = true: null

2018-12-10 18:13:48 - [TEST_STEP][PASSED] - Statement - Break: null

2018-12-10 18:13:48 - [TEST_STEP][PASSED] - Statement - aDayBefore = <not implemented yet for class: org.codehaus.groovy.ast.expr.EmptyExpression>: null

2018-12-10 18:13:48 - [TEST_STEP][PASSED] - Statement - out.println(ConfAdder): null

2018-12-10 18:13:48 - [TEST_STEP][PASSED] - Statement - If (ConfAdder == true): null

2018-12-10 18:13:48 - [TEST_STEP][PASSED] - Statement - aDayBefore = CurrentDay + 1: null

2018-12-10 18:13:48 - [TEST_STEP][PASSED] - Statement - out.println(aDayBefore): null

2018-12-10 18:13:48 - [TEST_STEP][PASSED] - Statement - If (aDayBefore == 1 && CurrentMonth == 11): null

2018-12-10 18:13:48 - [TEST_STEP][PASSED] - Statement - DayBefore = aDayBefore.toString(): null

2018-12-10 18:13:48 - [TEST_STEP][PASSED] - Statement - OneDayBefore = DayBefore: null

2018-12-10 18:13:48 - [MESSAGE][PASSED] - Call Test Case 'Test Cases/Final Aug 2018 - PKS Automation/Registration Module/New Registration/Form 2/Date Updater' successfully

2018-12-10 18:13:48 - [TEST_STEP][PASSED] - delay: Delayed 1 second(s)

2018-12-10 18:13:49 - [MESSAGE][PASSED] - Delayed 1 second(s)

2018-12-10 18:13:49 - [TEST_STEP][PASSED] - Statement - CaseReferenceNo = com.kms.katalon.core.webui.keyword.WebUiBuiltInKeywords.getText(com.kms.katalon.core.testobject.ObjectRepository.findTestObject(Final Object Repo/New Registration - Registration Module Pages/Form 2/RefNo Acquiring)): Text of object 'Object Repository/Final Object Repo/New Registration - Registration Module Pages/Form 2/RefNo Acquiring' is: 'CRN12201800123142'

2018-12-10 18:13:49 - [MESSAGE][PASSED] - Text of object 'Object Repository/Final Object Repo/New Registration - Registration Module Pages/Form 2/RefNo Acquiring' is: 'CRN12201800123142'

2018-12-10 18:13:49 - [TEST_STEP][PASSED] - delay: Delayed 1 second(s)

2018-12-10 18:13:50 - [MESSAGE][PASSED] - Delayed 1 second(s)

2018-12-10 18:13:50 - [TEST_STEP][PASSED] - click: Object: 'Object Repository/Final Object Repo/New Registration - Registration Module Pages/Form 2/Add Employee Button' is clicked on

2018-12-10 18:13:50 - [MESSAGE][PASSED] - Object: 'Object Repository/Final Object Repo/New Registration - Registration Module Pages/Form 2/Add Employee Button' is clicked on

2018-12-10 18:13:50 - [TEST_STEP][PASSED] - delay: Delayed 4 second(s)

2018-12-10 18:13:54 - [MESSAGE][PASSED] - Delayed 4 second(s)

2018-12-10 18:13:54 - [TEST_STEP][PASSED] - setText: Text '010903091927' is set on object 'Object Repository/Final Object Repo/New Registration - Registration Module Pages/Form 2/NRIC Input'

2018-12-10 18:13:54 - [MESSAGE][PASSED] - Text '010903091927' is set on object 'Object Repository/Final Object Repo/New Registration - Registration Module Pages/Form 2/NRIC Input'

2018-12-10 18:13:54 - [TEST_STEP][PASSED] - click: Object: 'Object Repository/Final Object Repo/New Registration - Registration Module Pages/Form 2/button for search for IC' is clicked on

2018-12-10 18:13:54 - [MESSAGE][PASSED] - Object: 'Object Repository/Final Object Repo/New Registration - Registration Module Pages/Form 2/button for search for IC' is clicked on

2018-12-10 18:13:54 - [TEST_STEP][PASSED] - delay: Delayed 2 second(s)

2018-12-10 18:13:56 - [MESSAGE][PASSED] - Delayed 2 second(s)

2018-12-10 18:13:56 - [TEST_STEP][PASSED] - setText: Text 'Automate001 eligible 1' is set on object 'Object Repository/Final Object Repo/New Registration - Registration Module Pages/Form 2/Employee Name Input'

2018-12-10 18:13:57 - [MESSAGE][PASSED] - Text 'Automate001 eligible 1' is set on object 'Object Repository/Final Object Repo/New Registration - Registration Module Pages/Form 2/Employee Name Input'

2018-12-10 18:13:57 - [TEST_STEP][PASSED] - delay: Delayed 2 second(s)

2018-12-10 18:13:59 - [MESSAGE][PASSED] - Delayed 2 second(s)

2018-12-10 18:13:59 - [TEST_STEP][PASSED] - click: Object: 'Object Repository/Final Object Repo/New Registration - Registration Module Pages/Form 2/DatePicker Pop Up' is clicked on

2018-12-10 18:13:59 - [MESSAGE][PASSED] - Object: 'Object Repository/Final Object Repo/New Registration - Registration Module Pages/Form 2/DatePicker Pop Up' is clicked on

2018-12-10 18:13:59 - [TEST_STEP][PASSED] - click: Object: 'Object Repository/Final Object Repo/New Registration - Registration Module Pages/Form 2/DOB Month' is clicked on

2018-12-10 18:13:59 - [MESSAGE][PASSED] - Object: 'Object Repository/Final Object Repo/New Registration - Registration Module Pages/Form 2/DOB Month' is clicked on

2018-12-10 18:13:59 - [TEST_STEP][PASSED] - Statement - CurrentMonth = CurrentMonth: null

2018-12-10 18:13:59 - [TEST_STEP][PASSED] - Statement - selectMonth = new com.kms.katalon.core.testobject.TestObject(): null

2018-12-10 18:13:59 - [TEST_STEP][PASSED] - Statement - selectMonth.addProperty("xpath", EQUALS, "//body/div/div/div/select/option[@value='" + CurrentMonth + "']", true): null

2018-12-10 18:13:59 - [TEST_STEP][PASSED] - click: Object: '' is clicked on

2018-12-10 18:13:59 - [MESSAGE][PASSED] - Object: '' is clicked on

2018-12-10 18:13:59 - [TEST_STEP][PASSED] - click: Object: 'Object Repository/Final Object Repo/New Registration - Registration Module Pages/Form 2/DOB Year' is clicked on

2018-12-10 18:14:00 - [MESSAGE][PASSED] - Object: 'Object Repository/Final Object Repo/New Registration - Registration Module Pages/Form 2/DOB Year' is clicked on

2018-12-10 18:14:00 - [TEST_STEP][PASSED] - Statement - Eyearsbf = EighteenYrsBefore: null

2018-12-10 18:14:00 - [TEST_STEP][PASSED] - Statement - selectYear = new com.kms.katalon.core.testobject.TestObject(): null

2018-12-10 18:14:00 - [TEST_STEP][PASSED] - Statement - selectYear.addProperty("xpath", EQUALS, "//div/div/div/select/option[@value='" + Eyearsbf + "']", true): null

2018-12-10 18:14:00 - [TEST_STEP][PASSED] - click: Object: '' is clicked on

2018-12-10 18:14:00 - [MESSAGE][PASSED] - Object: '' is clicked on

2018-12-10 18:14:00 - [TEST_STEP][PASSED] - Statement - UpdatedSelectDate = com.kms.katalon.core.webui.keyword.WebUiBuiltInKeywords.modifyObjectProperty(com.kms.katalon.core.testobject.ObjectRepository.findTestObject(Final Object Repo/New Registration - Registration Module Pages/Form 2/DOB Date), "xpath", "equals", "//body/div/table/tbody/tr/td/a[text()="" + CurrentDate + ""]", true): Modify property of object successfully

2018-12-10 18:14:00 - [MESSAGE][PASSED] - Modify property of object successfully

2018-12-10 18:14:00 - [TEST_STEP][PASSED] - delay: Delayed 3 second(s)

2018-12-10 18:14:03 - [MESSAGE][PASSED] - Delayed 3 second(s)

2018-12-10 18:14:03 - [TEST_STEP][PASSED] - click: Object: 'Object Repository/Final Object Repo/New Registration - Registration Module Pages/Form 2/DOB Date' is clicked on

2018-12-10 18:14:03 - [MESSAGE][PASSED] - Object: 'Object Repository/Final Object Repo/New Registration - Registration Module Pages/Form 2/DOB Date' is clicked on

2018-12-10 18:14:03 - [TEST_STEP][PASSED] - delay: Delayed 2 second(s)

2018-12-10 18:14:05 - [MESSAGE][PASSED] - Delayed 2 second(s)

2018-12-10 18:14:05 - [TEST_STEP][PASSED] - click: Object: 'Object Repository/Final Object Repo/New Registration - Registration Module Pages/Form 2/EmploymentStartDate Pop Up' is clicked on

2018-12-10 18:14:05 - [MESSAGE][PASSED] - Object: 'Object Repository/Final Object Repo/New Registration - Registration Module Pages/Form 2/EmploymentStartDate Pop Up' is clicked on

2018-12-10 18:14:05 - [TEST_STEP][PASSED] - delay: Delayed 2 second(s)

2018-12-10 18:14:07 - [MESSAGE][PASSED] - Delayed 2 second(s)

2018-12-10 18:14:07 - [TEST_STEP][PASSED] - click: Object: 'Object Repository/Final Object Repo/New Registration - Registration Module Pages/Form 2/Socso Employment StartDate Month' is clicked on

2018-12-10 18:14:07 - [MESSAGE][PASSED] - Object: 'Object Repository/Final Object Repo/New Registration - Registration Module Pages/Form 2/Socso Employment StartDate Month' is clicked on

2018-12-10 18:14:07 - [TEST_STEP][PASSED] - delay: Delayed 1 second(s)

2018-12-10 18:14:08 - [MESSAGE][PASSED] - Delayed 1 second(s)

2018-12-10 18:14:08 - [TEST_STEP][PASSED] - click: Object: 'Object Repository/Final Object Repo/New Registration - Registration Module Pages/Form 2/Select Socso Employement Startdate Month' is clicked on

2018-12-10 18:14:08 - [MESSAGE][PASSED] - Object: 'Object Repository/Final Object Repo/New Registration - Registration Module Pages/Form 2/Select Socso Employement Startdate Month' is clicked on

2018-12-10 18:14:08 - [TEST_STEP][PASSED] - delay: Delayed 2 second(s)

2018-12-10 18:14:10 - [MESSAGE][PASSED] - Delayed 2 second(s)

2018-12-10 18:14:10 - [TEST_STEP][PASSED] - click: Object: 'Object Repository/Final Object Repo/New Registration - Registration Module Pages/Form 2/Socso Employment StartDate Year' is clicked on

2018-12-10 18:14:11 - [MESSAGE][PASSED] - Object: 'Object Repository/Final Object Repo/New Registration - Registration Module Pages/Form 2/Socso Employment StartDate Year' is clicked on

2018-12-10 18:14:11 - [TEST_STEP][PASSED] - delay: Delayed 1 second(s)

2018-12-10 18:14:12 - [MESSAGE][PASSED] - Delayed 1 second(s)

2018-12-10 18:14:12 - [TEST_STEP][PASSED] - click: Object: 'Object Repository/Final Object Repo/New Registration - Registration Module Pages/Form 2/Select Socso Employment Startdate Year' is clicked on

2018-12-10 18:14:12 - [MESSAGE][PASSED] - Object: 'Object Repository/Final Object Repo/New Registration - Registration Module Pages/Form 2/Select Socso Employment Startdate Year' is clicked on

2018-12-10 18:14:12 - [TEST_STEP][PASSED] - delay: Delayed 2 second(s)

2018-12-10 18:14:14 - [MESSAGE][PASSED] - Delayed 2 second(s)

2018-12-10 18:14:14 - [TEST_STEP][PASSED] - click: Object: 'Object Repository/Final Object Repo/New Registration - Registration Module Pages/Form 2/Socso Employment Start Date Day' is clicked on

2018-12-10 18:14:14 - [MESSAGE][PASSED] - Object: 'Object Repository/Final Object Repo/New Registration - Registration Module Pages/Form 2/Socso Employment Start Date Day' is clicked on

2018-12-10 18:14:14 - [TEST_STEP][PASSED] - delay: Delayed 2 second(s)

2018-12-10 18:14:16 - [MESSAGE][PASSED] - Delayed 2 second(s)

2018-12-10 18:14:16 - [TEST_STEP][PASSED] - click: Object: 'Object Repository/Final Object Repo/New Registration - Registration Module Pages/Form 2/Save Button for Add Employee' is clicked on

2018-12-10 18:14:16 - [MESSAGE][PASSED] - Object: 'Object Repository/Final Object Repo/New Registration - Registration Module Pages/Form 2/Save Button for Add Employee' is clicked on

2018-12-10 18:14:16 - [TEST_STEP][PASSED] - delay: Delayed 6 second(s)

2018-12-10 18:14:22 - [MESSAGE][PASSED] - Delayed 6 second(s)

2018-12-10 18:14:22 - [TEST_STEP][PASSED] - click: Object: 'Object Repository/Final Object Repo/New Registration - Registration Module Pages/Form 2/Add Employee Button' is clicked on

2018-12-10 18:14:22 - [MESSAGE][PASSED] - Object: 'Object Repository/Final Object Repo/New Registration - Registration Module Pages/Form 2/Add Employee Button' is clicked on

2018-12-10 18:14:22 - [TEST_STEP][PASSED] - delay: Delayed 4 second(s)

2018-12-10 18:14:26 - [MESSAGE][PASSED] - Delayed 4 second(s)

2018-12-10 18:14:26 - [TEST_STEP][PASSED] - setText: Text '620904059691' is set on object 'Object Repository/Final Object Repo/New Registration - Registration Module Pages/Form 2/NRIC Input'

2018-12-10 18:14:27 - [MESSAGE][PASSED] - Text '620904059691' is set on object 'Object Repository/Final Object Repo/New Registration - Registration Module Pages/Form 2/NRIC Input'

2018-12-10 18:14:27 - [TEST_STEP][PASSED] - click: Object: 'Object Repository/Final Object Repo/New Registration - Registration Module Pages/Form 2/button for search for IC' is clicked on

2018-12-10 18:14:27 - [MESSAGE][PASSED] - Object: 'Object Repository/Final Object Repo/New Registration - Registration Module Pages/Form 2/button for search for IC' is clicked on

2018-12-10 18:14:27 - [TEST_STEP][PASSED] - delay: Delayed 2 second(s)

2018-12-10 18:14:29 - [MESSAGE][PASSED] - Delayed 2 second(s)

2018-12-10 18:14:29 - [TEST_STEP][PASSED] - setText: Text 'Automate001 eligible 2' is set on object 'Object Repository/Final Object Repo/New Registration - Registration Module Pages/Form 2/Employee Name Input'

2018-12-10 18:14:29 - [MESSAGE][PASSED] - Text 'Automate001 eligible 2' is set on object 'Object Repository/Final Object Repo/New Registration - Registration Module Pages/Form 2/Employee Name Input'

2018-12-10 18:14:29 - [TEST_STEP][PASSED] - delay: Delayed 2 second(s)

2018-12-10 18:14:31 - [MESSAGE][PASSED] - Delayed 2 second(s)

2018-12-10 18:14:31 - [TEST_STEP][PASSED] - click: Object: 'Object Repository/Final Object Repo/New Registration - Registration Module Pages/Form 2/DatePicker Pop Up' is clicked on

2018-12-10 18:14:32 - [MESSAGE][PASSED] - Object: 'Object Repository/Final Object Repo/New Registration - Registration Module Pages/Form 2/DatePicker Pop Up' is clicked on

2018-12-10 18:14:32 - [TEST_STEP][PASSED] - delay: Delayed 2 second(s)

2018-12-10 18:14:34 - [MESSAGE][PASSED] - Delayed 2 second(s)

2018-12-10 18:14:34 - [TEST_STEP][PASSED] - click: Object: 'Object Repository/Final Object Repo/New Registration - Registration Module Pages/Form 2/DOB Month' is clicked on

2018-12-10 18:14:34 - [MESSAGE][PASSED] - Object: 'Object Repository/Final Object Repo/New Registration - Registration Module Pages/Form 2/DOB Month' is clicked on

2018-12-10 18:14:34 - [TEST_STEP][PASSED] - Statement - selectMonth = com.kms.katalon.core.webui.keyword.WebUiBuiltInKeywords.modifyObjectProperty(selectMonth, "xpath", "equals", "//body/div/div/div/select/option[@value="" + CurrentMonth + ""]", true): Modify property of object successfully

2018-12-10 18:14:34 - [MESSAGE][PASSED] - Modify property of object successfully

2018-12-10 18:14:34 - [TEST_STEP][PASSED] - click: Object: '' is clicked on

2018-12-10 18:14:34 - [MESSAGE][PASSED] - Object: '' is clicked on

2018-12-10 18:14:34 - [TEST_STEP][PASSED] - click: Object: 'Object Repository/Final Object Repo/New Registration - Registration Module Pages/Form 2/DOB Year' is clicked on

2018-12-10 18:14:34 - [MESSAGE][PASSED] - Object: 'Object Repository/Final Object Repo/New Registration - Registration Module Pages/Form 2/DOB Year' is clicked on

2018-12-10 18:14:34 - [TEST_STEP][PASSED] - Statement - selectYear = com.kms.katalon.core.webui.keyword.WebUiBuiltInKeywords.modifyObjectProperty(selectYear, "xpath", "equals", "//div/div/div/select/option[@value="" + FiftysevenYrsBefore + ""]", true): Modify property of object successfully

2018-12-10 18:14:34 - [MESSAGE][PASSED] - Modify property of object successfully

2018-12-10 18:14:34 - [TEST_STEP][PASSED] - click: Object: '' is clicked on

2018-12-10 18:14:34 - [MESSAGE][PASSED] - Object: '' is clicked on

2018-12-10 18:14:34 - [TEST_STEP][PASSED] - Statement - UpdatedSelectDate = com.kms.katalon.core.webui.keyword.WebUiBuiltInKeywords.modifyObjectProperty(com.kms.katalon.core.testobject.ObjectRepository.findTestObject(Final Object Repo/New Registration - Registration Module Pages/Form 2/DOB Date), "xpath", "equals", "//body/div/table/tbody/tr/td/a[text()="" + OneDayBefore + ""]", true): Modify property of object successfully

2018-12-10 18:14:34 - [MESSAGE][PASSED] - Modify property of object successfully

2018-12-10 18:14:34 - [TEST_STEP][PASSED] - click: Object: 'Object Repository/Final Object Repo/New Registration - Registration Module Pages/Form 2/DOB Date' is clicked on

2018-12-10 18:14:34 - [MESSAGE][PASSED] - Object: 'Object Repository/Final Object Repo/New Registration - Registration Module Pages/Form 2/DOB Date' is clicked on

2018-12-10 18:14:34 - [TEST_STEP][PASSED] - delay: Delayed 2 second(s)

2018-12-10 18:14:36 - [MESSAGE][PASSED] - Delayed 2 second(s)

2018-12-10 18:14:36 - [TEST_STEP][PASSED] - click: Object: 'Object Repository/Final Object Repo/New Registration - Registration Module Pages/Form 2/EmploymentStartDate Pop Up' is clicked on

2018-12-10 18:14:37 - [MESSAGE][PASSED] - Object: 'Object Repository/Final Object Repo/New Registration - Registration Module Pages/Form 2/EmploymentStartDate Pop Up' is clicked on

2018-12-10 18:14:37 - [TEST_STEP][PASSED] - delay: Delayed 2 second(s)

2018-12-10 18:14:39 - [MESSAGE][PASSED] - Delayed 2 second(s)

2018-12-10 18:14:39 - [TEST_STEP][PASSED] - click: Object: 'Object Repository/Final Object Repo/New Registration - Registration Module Pages/Form 2/Socso Employment StartDate Month' is clicked on

2018-12-10 18:14:39 - [MESSAGE][PASSED] - Object: 'Object Repository/Final Object Repo/New Registration - Registration Module Pages/Form 2/Socso Employment StartDate Month' is clicked on

2018-12-10 18:14:39 - [TEST_STEP][PASSED] - delay: Delayed 1 second(s)

2018-12-10 18:14:40 - [MESSAGE][PASSED] - Delayed 1 second(s)

2018-12-10 18:14:40 - [TEST_STEP][PASSED] - click: Object: 'Object Repository/Final Object Repo/New Registration - Registration Module Pages/Form 2/Select Socso Employement Startdate Month' is clicked on

2018-12-10 18:14:40 - [MESSAGE][PASSED] - Object: 'Object Repository/Final Object Repo/New Registration - Registration Module Pages/Form 2/Select Socso Employement Startdate Month' is clicked on

2018-12-10 18:14:40 - [TEST_STEP][PASSED] - delay: Delayed 2 second(s)

2018-12-10 18:14:42 - [MESSAGE][PASSED] - Delayed 2 second(s)

2018-12-10 18:14:42 - [TEST_STEP][PASSED] - click: Object: 'Object Repository/Final Object Repo/New Registration - Registration Module Pages/Form 2/Socso Employment StartDate Year' is clicked on

2018-12-10 18:14:42 - [MESSAGE][PASSED] - Object: 'Object Repository/Final Object Repo/New Registration - Registration Module Pages/Form 2/Socso Employment StartDate Year' is clicked on

2018-12-10 18:14:42 - [TEST_STEP][PASSED] - delay: Delayed 1 second(s)

2018-12-10 18:14:43 - [MESSAGE][PASSED] - Delayed 1 second(s)

2018-12-10 18:14:43 - [TEST_STEP][PASSED] - click: Object: 'Object Repository/Final Object Repo/New Registration - Registration Module Pages/Form 2/Select Socso Employment Startdate Year' is clicked on

2018-12-10 18:14:43 - [MESSAGE][PASSED] - Object: 'Object Repository/Final Object Repo/New Registration - Registration Module Pages/Form 2/Select Socso Employment Startdate Year' is clicked on

2018-12-10 18:14:43 - [TEST_STEP][PASSED] - delay: Delayed 2 second(s)

2018-12-10 18:14:45 - [MESSAGE][PASSED] - Delayed 2 second(s)

2018-12-10 18:14:45 - [TEST_STEP][PASSED] - click: Object: 'Object Repository/Final Object Repo/New Registration - Registration Module Pages/Form 2/Socso Employment Start Date Day' is clicked on

2018-12-10 18:14:45 - [MESSAGE][PASSED] - Object: 'Object Repository/Final Object Repo/New Registration - Registration Module Pages/Form 2/Socso Employment Start Date Day' is clicked on

2018-12-10 18:14:45 - [TEST_STEP][PASSED] - delay: Delayed 2 second(s)

2018-12-10 18:14:47 - [MESSAGE][PASSED] - Delayed 2 second(s)

2018-12-10 18:14:47 - [TEST_STEP][PASSED] - click: Object: 'Object Repository/Final Object Repo/New Registration - Registration Module Pages/Form 2/Save Button for Add Employee' is clicked on

2018-12-10 18:14:48 - [MESSAGE][PASSED] - Object: 'Object Repository/Final Object Repo/New Registration - Registration Module Pages/Form 2/Save Button for Add Employee' is clicked on

2018-12-10 18:14:48 - [TEST_STEP][PASSED] - delay: Delayed 4 second(s)

2018-12-10 18:14:52 - [MESSAGE][PASSED] - Delayed 4 second(s)

2018-12-10 18:14:52 - [TEST_STEP][PASSED] - delay: Delayed 30 second(s)

2018-12-10 18:15:22 - [MESSAGE][PASSED] - Delayed 30 second(s)

2018-12-10 18:15:22 - [TEST_STEP][PASSED] - click: Object: 'Object Repository/Final Object Repo/New Registration - Registration Module Pages/Form 2/Add Employee Button' is clicked on

2018-12-10 18:15:22 - [MESSAGE][PASSED] - Object: 'Object Repository/Final Object Repo/New Registration - Registration Module Pages/Form 2/Add Employee Button' is clicked on

2018-12-10 18:15:22 - [TEST_STEP][PASSED] - delay: Delayed 4 second(s)

2018-12-10 18:15:26 - [MESSAGE][PASSED] - Delayed 4 second(s)

2018-12-10 18:15:26 - [TEST_STEP][PASSED] - setText: Text '000209039145' is set on object 'Object Repository/Final Object Repo/New Registration - Registration Module Pages/Form 2/NRIC Input'

2018-12-10 18:15:26 - [MESSAGE][PASSED] - Text '000209039145' is set on object 'Object Repository/Final Object Repo/New Registration - Registration Module Pages/Form 2/NRIC Input'

2018-12-10 18:15:26 - [TEST_STEP][PASSED] - click: Object: 'Object Repository/Final Object Repo/New Registration - Registration Module Pages/Form 2/button for search for IC' is clicked on

2018-12-10 18:15:26 - [MESSAGE][PASSED] - Object: 'Object Repository/Final Object Repo/New Registration - Registration Module Pages/Form 2/button for search for IC' is clicked on

2018-12-10 18:15:26 - [TEST_STEP][PASSED] - delay: Delayed 2 second(s)

2018-12-10 18:15:28 - [MESSAGE][PASSED] - Delayed 2 second(s)

2018-12-10 18:15:28 - [TEST_STEP][PASSED] - setText: Text 'Automate001 not eligible 1' is set on object 'Object Repository/Final Object Repo/New Registration - Registration Module Pages/Form 2/Employee Name Input'

2018-12-10 18:15:29 - [MESSAGE][PASSED] - Text 'Automate001 not eligible 1' is set on object 'Object Repository/Final Object Repo/New Registration - Registration Module Pages/Form 2/Employee Name Input'

2018-12-10 18:15:29 - [TEST_STEP][PASSED] - delay: Delayed 2 second(s)

2018-12-10 18:15:31 - [MESSAGE][PASSED] - Delayed 2 second(s)

2018-12-10 18:15:31 - [TEST_STEP][PASSED] - click: Object: 'Object Repository/Final Object Repo/New Registration - Registration Module Pages/Form 2/DatePicker Pop Up' is clicked on

2018-12-10 18:15:31 - [MESSAGE][PASSED] - Object: 'Object Repository/Final Object Repo/New Registration - Registration Module Pages/Form 2/DatePicker Pop Up' is clicked on

2018-12-10 18:15:31 - [TEST_STEP][PASSED] - delay: Delayed 2 second(s)

2018-12-10 18:15:33 - [MESSAGE][PASSED] - Delayed 2 second(s)

2018-12-10 18:15:33 - [TEST_STEP][PASSED] - click: Object: 'Object Repository/Final Object Repo/New Registration - Registration Module Pages/Form 2/DOB Month' is clicked on

2018-12-10 18:15:33 - [MESSAGE][PASSED] - Object: 'Object Repository/Final Object Repo/New Registration - Registration Module Pages/Form 2/DOB Month' is clicked on

2018-12-10 18:15:33 - [TEST_STEP][PASSED] - Statement - selectMonth = com.kms.katalon.core.webui.keyword.WebUiBuiltInKeywords.modifyObjectProperty(selectMonth, "xpath", "equals", "//body/div/div/div/select/option[@value="" + CurrentMonth + ""]", true): Modify property of object successfully

2018-12-10 18:15:33 - [MESSAGE][PASSED] - Modify property of object successfully

2018-12-10 18:15:33 - [TEST_STEP][PASSED] - click: Object: '' is clicked on

2018-12-10 18:15:33 - [MESSAGE][PASSED] - Object: '' is clicked on

2018-12-10 18:15:33 - [TEST_STEP][PASSED] - click: Object: 'Object Repository/Final Object Repo/New Registration - Registration Module Pages/Form 2/DOB Year' is clicked on

2018-12-10 18:15:33 - [MESSAGE][PASSED] - Object: 'Object Repository/Final Object Repo/New Registration - Registration Module Pages/Form 2/DOB Year' is clicked on

2018-12-10 18:15:33 - [TEST_STEP][PASSED] - Statement - selectYear = com.kms.katalon.core.webui.keyword.WebUiBuiltInKeywords.modifyObjectProperty(selectYear, "xpath", "equals", "//div/div/div/select/option[@value="" + EighteenYrsBefore + ""]", true): Modify property of object successfully

2018-12-10 18:15:33 - [MESSAGE][PASSED] - Modify property of object successfully

2018-12-10 18:15:33 - [TEST_STEP][PASSED] - click: Object: '' is clicked on

2018-12-10 18:15:34 - [MESSAGE][PASSED] - Object: '' is clicked on

2018-12-10 18:15:34 - [TEST_STEP][PASSED] - Statement - UpdatedSelectDate = com.kms.katalon.core.webui.keyword.WebUiBuiltInKeywords.modifyObjectProperty(com.kms.katalon.core.testobject.ObjectRepository.findTestObject(Final Object Repo/New Registration - Registration Module Pages/Form 2/DOB Date), "xpath", "equals", "//body/div/table/tbody/tr/td/a[text()="" + OneDayBefore + ""]", true): Modify property of object successfully

2018-12-10 18:15:34 - [MESSAGE][PASSED] - Modify property of object successfully

2018-12-10 18:15:34 - [TEST_STEP][PASSED] - click: Object: 'Object Repository/Final Object Repo/New Registration - Registration Module Pages/Form 2/DOB Date' is clicked on

2018-12-10 18:15:34 - [MESSAGE][PASSED] - Object: 'Object Repository/Final Object Repo/New Registration - Registration Module Pages/Form 2/DOB Date' is clicked on

2018-12-10 18:15:34 - [TEST_STEP][PASSED] - delay: Delayed 2 second(s)

2018-12-10 18:15:36 - [MESSAGE][PASSED] - Delayed 2 second(s)

2018-12-10 18:15:36 - [TEST_STEP][PASSED] - click: Object: 'Object Repository/Final Object Repo/New Registration - Registration Module Pages/Form 2/EmploymentStartDate Pop Up' is clicked on

2018-12-10 18:15:36 - [MESSAGE][PASSED] - Object: 'Object Repository/Final Object Repo/New Registration - Registration Module Pages/Form 2/EmploymentStartDate Pop Up' is clicked on

2018-12-10 18:15:36 - [TEST_STEP][PASSED] - delay: Delayed 2 second(s)

2018-12-10 18:15:38 - [MESSAGE][PASSED] - Delayed 2 second(s)

2018-12-10 18:15:38 - [TEST_STEP][PASSED] - click: Object: 'Object Repository/Final Object Repo/New Registration - Registration Module Pages/Form 2/Socso Employment StartDate Month' is clicked on

2018-12-10 18:15:38 - [MESSAGE][PASSED] - Object: 'Object Repository/Final Object Repo/New Registration - Registration Module Pages/Form 2/Socso Employment StartDate Month' is clicked on

2018-12-10 18:15:38 - [TEST_STEP][PASSED] - delay: Delayed 1 second(s)

2018-12-10 18:15:39 - [MESSAGE][PASSED] - Delayed 1 second(s)

2018-12-10 18:15:39 - [TEST_STEP][PASSED] - click: Object: 'Object Repository/Final Object Repo/New Registration - Registration Module Pages/Form 2/Select Socso Employement Startdate Month' is clicked on

2018-12-10 18:15:39 - [MESSAGE][PASSED] - Object: 'Object Repository/Final Object Repo/New Registration - Registration Module Pages/Form 2/Select Socso Employement Startdate Month' is clicked on

2018-12-10 18:15:39 - [TEST_STEP][PASSED] - delay: Delayed 2 second(s)

2018-12-10 18:15:41 - [MESSAGE][PASSED] - Delayed 2 second(s)

2018-12-10 18:15:41 - [TEST_STEP][PASSED] - click: Object: 'Object Repository/Final Object Repo/New Registration - Registration Module Pages/Form 2/Socso Employment StartDate Year' is clicked on

2018-12-10 18:15:41 - [MESSAGE][PASSED] - Object: 'Object Repository/Final Object Repo/New Registration - Registration Module Pages/Form 2/Socso Employment StartDate Year' is clicked on

2018-12-10 18:15:41 - [TEST_STEP][PASSED] - delay: Delayed 1 second(s)

2018-12-10 18:15:42 - [MESSAGE][PASSED] - Delayed 1 second(s)

2018-12-10 18:15:42 - [TEST_STEP][PASSED] - click: Object: 'Object Repository/Final Object Repo/New Registration - Registration Module Pages/Form 2/Select Socso Employment Startdate Year' is clicked on

2018-12-10 18:15:43 - [MESSAGE][PASSED] - Object: 'Object Repository/Final Object Repo/New Registration - Registration Module Pages/Form 2/Select Socso Employment Startdate Year' is clicked on

2018-12-10 18:15:43 - [TEST_STEP][PASSED] - delay: Delayed 2 second(s)

2018-12-10 18:15:45 - [MESSAGE][PASSED] - Delayed 2 second(s)

2018-12-10 18:15:45 - [TEST_STEP][PASSED] - click: Object: 'Object Repository/Final Object Repo/New Registration - Registration Module Pages/Form 2/Socso Employment Start Date Day' is clicked on

2018-12-10 18:15:45 - [MESSAGE][PASSED] - Object: 'Object Repository/Final Object Repo/New Registration - Registration Module Pages/Form 2/Socso Employment Start Date Day' is clicked on

2018-12-10 18:15:45 - [TEST_STEP][PASSED] - delay: Delayed 2 second(s)

2018-12-10 18:15:47 - [MESSAGE][PASSED] - Delayed 2 second(s)

2018-12-10 18:15:47 - [TEST_STEP][PASSED] - click: Object: 'Object Repository/Final Object Repo/New Registration - Registration Module Pages/Form 2/Save Button for Add Employee' is clicked on

2018-12-10 18:15:47 - [MESSAGE][PASSED] - Object: 'Object Repository/Final Object Repo/New Registration - Registration Module Pages/Form 2/Save Button for Add Employee' is clicked on

2018-12-10 18:15:47 - [TEST_STEP][PASSED] - delay: Delayed 6 second(s)

2018-12-10 18:15:53 - [MESSAGE][PASSED] - Delayed 6 second(s)

2018-12-10 18:15:53 - [TEST_STEP][PASSED] - click: Object: 'Object Repository/Final Object Repo/New Registration - Registration Module Pages/Form 2/Add Employee Button' is clicked on

2018-12-10 18:15:53 - [MESSAGE][PASSED] - Object: 'Object Repository/Final Object Repo/New Registration - Registration Module Pages/Form 2/Add Employee Button' is clicked on

2018-12-10 18:15:53 - [TEST_STEP][PASSED] - delay: Delayed 4 second(s)

2018-12-10 18:15:57 - [MESSAGE][PASSED] - Delayed 4 second(s)

2018-12-10 18:15:57 - [TEST_STEP][PASSED] - setText: Text '600203039154' is set on object 'Object Repository/Final Object Repo/New Registration - Registration Module Pages/Form 2/NRIC Input'

2018-12-10 18:15:57 - [MESSAGE][PASSED] - Text '600203039154' is set on object 'Object Repository/Final Object Repo/New Registration - Registration Module Pages/Form 2/NRIC Input'

2018-12-10 18:15:57 - [TEST_STEP][PASSED] - click: Object: 'Object Repository/Final Object Repo/New Registration - Registration Module Pages/Form 2/button for search for IC' is clicked on

2018-12-10 18:15:58 - [MESSAGE][PASSED] - Object: 'Object Repository/Final Object Repo/New Registration - Registration Module Pages/Form 2/button for search for IC' is clicked on

2018-12-10 18:15:58 - [TEST_STEP][PASSED] - delay: Delayed 2 second(s)

2018-12-10 18:16:00 - [MESSAGE][PASSED] - Delayed 2 second(s)

2018-12-10 18:16:00 - [TEST_STEP][PASSED] - setText: Text 'Automate001 not eligible 2' is set on object 'Object Repository/Final Object Repo/New Registration - Registration Module Pages/Form 2/Employee Name Input'

2018-12-10 18:16:00 - [MESSAGE][PASSED] - Text 'Automate001 not eligible 2' is set on object 'Object Repository/Final Object Repo/New Registration - Registration Module Pages/Form 2/Employee Name Input'

2018-12-10 18:16:00 - [TEST_STEP][PASSED] - delay: Delayed 2 second(s)

2018-12-10 18:16:02 - [MESSAGE][PASSED] - Delayed 2 second(s)

2018-12-10 18:16:02 - [TEST_STEP][PASSED] - click: Object: 'Object Repository/Final Object Repo/New Registration - Registration Module Pages/Form 2/DatePicker Pop Up' is clicked on

2018-12-10 18:16:02 - [MESSAGE][PASSED] - Object: 'Object Repository/Final Object Repo/New Registration - Registration Module Pages/Form 2/DatePicker Pop Up' is clicked on

2018-12-10 18:16:02 - [TEST_STEP][PASSED] - delay: Delayed 2 second(s)

2018-12-10 18:16:04 - [MESSAGE][PASSED] - Delayed 2 second(s)

2018-12-10 18:16:04 - [TEST_STEP][PASSED] - click: Object: 'Object Repository/Final Object Repo/New Registration - Registration Module Pages/Form 2/DOB Month' is clicked on

2018-12-10 18:16:05 - [MESSAGE][PASSED] - Object: 'Object Repository/Final Object Repo/New Registration - Registration Module Pages/Form 2/DOB Month' is clicked on

2018-12-10 18:16:05 - [TEST_STEP][PASSED] - Statement - selectMonth = com.kms.katalon.core.webui.keyword.WebUiBuiltInKeywords.modifyObjectProperty(selectMonth, "xpath", "equals", "//body/div/div/div/select/option[@value="" + CurrentMonth + ""]", true): Modify property of object successfully

2018-12-10 18:16:05 - [MESSAGE][PASSED] - Modify property of object successfully

2018-12-10 18:16:05 - [TEST_STEP][PASSED] - click: Object: '' is clicked on

2018-12-10 18:16:05 - [MESSAGE][PASSED] - Object: '' is clicked on

2018-12-10 18:16:05 - [TEST_STEP][PASSED] - click: Object: 'Object Repository/Final Object Repo/New Registration - Registration Module Pages/Form 2/DOB Year' is clicked on

2018-12-10 18:16:05 - [MESSAGE][PASSED] - Object: 'Object Repository/Final Object Repo/New Registration - Registration Module Pages/Form 2/DOB Year' is clicked on

2018-12-10 18:16:05 - [TEST_STEP][PASSED] - Statement - selectYear = com.kms.katalon.core.webui.keyword.WebUiBuiltInKeywords.modifyObjectProperty(selectYear, "xpath", "equals", "//div/div/div/select/option[@value="" + FiftysevenYrsBefore + ""]", true): Modify property of object successfully

2018-12-10 18:16:05 - [MESSAGE][PASSED] - Modify property of object successfully

2018-12-10 18:16:05 - [TEST_STEP][PASSED] - click: Object: '' is clicked on

2018-12-10 18:16:05 - [MESSAGE][PASSED] - Object: '' is clicked on

2018-12-10 18:16:05 - [TEST_STEP][PASSED] - Statement - UpdatedSelectDate = com.kms.katalon.core.webui.keyword.WebUiBuiltInKeywords.modifyObjectProperty(com.kms.katalon.core.testobject.ObjectRepository.findTestObject(Final Object Repo/New Registration - Registration Module Pages/Form 2/DOB Date), "xpath", "equals", "//body/div/table/tbody/tr/td/a[text()="" + CurrentDate + ""]", true): Modify property of object successfully

2018-12-10 18:16:05 - [MESSAGE][PASSED] - Modify property of object successfully

2018-12-10 18:16:05 - [TEST_STEP][PASSED] - click: Object: 'Object Repository/Final Object Repo/New Registration - Registration Module Pages/Form 2/DOB Date' is clicked on

2018-12-10 18:16:05 - [MESSAGE][PASSED] - Object: 'Object Repository/Final Object Repo/New Registration - Registration Module Pages/Form 2/DOB Date' is clicked on

2018-12-10 18:16:05 - [TEST_STEP][PASSED] - click: Object: 'Object Repository/Final Object Repo/New Registration - Registration Module Pages/Form 2/EmploymentStartDate Pop Up' is clicked on

2018-12-10 18:16:05 - [MESSAGE][PASSED] - Object: 'Object Repository/Final Object Repo/New Registration - Registration Module Pages/Form 2/EmploymentStartDate Pop Up' is clicked on

2018-12-10 18:16:05 - [TEST_STEP][PASSED] - delay: Delayed 2 second(s)

2018-12-10 18:16:07 - [MESSAGE][PASSED] - Delayed 2 second(s)

2018-12-10 18:16:07 - [TEST_STEP][PASSED] - click: Object: 'Object Repository/Final Object Repo/New Registration - Registration Module Pages/Form 2/Socso Employment StartDate Month' is clicked on

2018-12-10 18:16:07 - [MESSAGE][PASSED] - Object: 'Object Repository/Final Object Repo/New Registration - Registration Module Pages/Form 2/Socso Employment StartDate Month' is clicked on

2018-12-10 18:16:07 - [TEST_STEP][PASSED] - delay: Delayed 1 second(s)

2018-12-10 18:16:08 - [MESSAGE][PASSED] - Delayed 1 second(s)

2018-12-10 18:16:08 - [TEST_STEP][PASSED] - click: Object: 'Object Repository/Final Object Repo/New Registration - Registration Module Pages/Form 2/Select Socso Employement Startdate Month' is clicked on

2018-12-10 18:16:09 - [MESSAGE][PASSED] - Object: 'Object Repository/Final Object Repo/New Registration - Registration Module Pages/Form 2/Select Socso Employement Startdate Month' is clicked on

2018-12-10 18:16:09 - [TEST_STEP][PASSED] - delay: Delayed 2 second(s)

2018-12-10 18:16:11 - [MESSAGE][PASSED] - Delayed 2 second(s)

2018-12-10 18:16:11 - [TEST_STEP][PASSED] - click: Object: 'Object Repository/Final Object Repo/New Registration - Registration Module Pages/Form 2/Socso Employment StartDate Year' is clicked on

2018-12-10 18:16:11 - [MESSAGE][PASSED] - Object: 'Object Repository/Final Object Repo/New Registration - Registration Module Pages/Form 2/Socso Employment StartDate Year' is clicked on

2018-12-10 18:16:11 - [TEST_STEP][PASSED] - delay: Delayed 1 second(s)

2018-12-10 18:16:12 - [MESSAGE][PASSED] - Delayed 1 second(s)

2018-12-10 18:16:12 - [TEST_STEP][PASSED] - click: Object: 'Object Repository/Final Object Repo/New Registration - Registration Module Pages/Form 2/Select Socso Employment Startdate Year' is clicked on

2018-12-10 18:16:12 - [MESSAGE][PASSED] - Object: 'Object Repository/Final Object Repo/New Registration - Registration Module Pages/Form 2/Select Socso Employment Startdate Year' is clicked on

2018-12-10 18:16:12 - [TEST_STEP][PASSED] - delay: Delayed 2 second(s)

2018-12-10 18:16:14 - [MESSAGE][PASSED] - Delayed 2 second(s)

2018-12-10 18:16:14 - [TEST_STEP][PASSED] - click: Object: 'Object Repository/Final Object Repo/New Registration - Registration Module Pages/Form 2/Socso Employment Start Date Day' is clicked on

2018-12-10 18:16:14 - [MESSAGE][PASSED] - Object: 'Object Repository/Final Object Repo/New Registration - Registration Module Pages/Form 2/Socso Employment Start Date Day' is clicked on

2018-12-10 18:16:14 - [TEST_STEP][PASSED] - delay: Delayed 2 second(s)

2018-12-10 18:16:16 - [MESSAGE][PASSED] - Delayed 2 second(s)

2018-12-10 18:16:16 - [TEST_STEP][PASSED] - click: Object: 'Object Repository/Final Object Repo/New Registration - Registration Module Pages/Form 2/Save Button for Add Employee' is clicked on

2018-12-10 18:16:16 - [MESSAGE][PASSED] - Object: 'Object Repository/Final Object Repo/New Registration - Registration Module Pages/Form 2/Save Button for Add Employee' is clicked on

2018-12-10 18:16:16 - [TEST_STEP][PASSED] - delay: Delayed 2 second(s)

2018-12-10 18:16:18 - [MESSAGE][PASSED] - Delayed 2 second(s)

2018-12-10 18:16:18 - [TEST_STEP][PASSED] - click: Object: 'Object Repository/Final Object Repo/New Registration - Registration Module Pages/Form 2/Save and Continue Form 2' is clicked on

2018-12-10 18:16:18 - [MESSAGE][PASSED] - Object: 'Object Repository/Final Object Repo/New Registration - Registration Module Pages/Form 2/Save and Continue Form 2' is clicked on

2018-12-10 18:16:18 - [MESSAGE][PASSED] - Call Test Case 'Test Cases/Final Aug 2018 - PKS Automation/Registration Module/New Registration/Form 2/Add 2 Eligible 2 Not Eligible' successfully

2018-12-10 18:16:18 - [TEST_STEP][PASSED] - callTestCase: Call Test Case 'Test Cases/Final Aug 2018 - PKS Automation/Registration Module/New Registration/Flow of New Registration/Third Screen - Upload Supporting Doc - Preview' successfully

2018-12-10 18:16:19 - [TEST_CASE][PASSED] - Test Cases/Final Aug 2018 - PKS Automation/Registration Module/New Registration/Flow of New Registration/Third Screen - Upload Supporting Doc - Preview: Test Cases/Final Aug 2018 - PKS Automation/Registration Module/New Registration/Flow of New Registration/Third Screen - Upload Supporting Doc - Preview

2018-12-10 18:16:19 - [TEST_STEP][PASSED] - waitForPageLoad: Wait for page load successfully

2018-12-10 18:16:19 - [MESSAGE][PASSED] - Wait for page load successfully

2018-12-10 18:16:19 - [TEST_STEP][PASSED] - Statement - CaseReferenceNo = com.kms.katalon.core.webui.keyword.WebUiBuiltInKeywords.getText(com.kms.katalon.core.testobject.ObjectRepository.findTestObject(Final Object Repo/New Registration - Registration Module Pages/Third Screen - Upload Supporting Doc- Preview/RefNo Acquiring)): Text of object 'Object Repository/Final Object Repo/New Registration - Registration Module Pages/Third Screen - Upload Supporting Doc- Preview/RefNo Acquiring' is: 'CRN12201800123142'

2018-12-10 18:16:19 - [MESSAGE][PASSED] - Text of object 'Object Repository/Final Object Repo/New Registration - Registration Module Pages/Third Screen - Upload Supporting Doc- Preview/RefNo Acquiring' is: 'CRN12201800123142'

2018-12-10 18:16:19 - [TEST_STEP][PASSED] - delay: Delayed 2 second(s)

2018-12-10 18:16:21 - [MESSAGE][PASSED] - Delayed 2 second(s)

2018-12-10 18:16:21 - [TEST_STEP][PASSED] - callTestCase: Call Test Case 'Test Cases/Final Aug 2018 - PKS Automation/Common/Reference Number Setter' successfully

2018-12-10 18:16:21 - [TEST_CASE][PASSED] - Test Cases/Final Aug 2018 - PKS Automation/Common/Reference Number Setter: Test Cases/Final Aug 2018 - PKS Automation/Common/Reference Number Setter

2018-12-10 18:16:21 - [TEST_STEP][PASSED] - Statement - RefNoOldFile = new java.io.File(C://Users//Admin//Desktop//PKS//Automation Reference Point//KatalonReference.txt): null

2018-12-10 18:16:21 - [TEST_STEP][PASSED] - Statement - RefNoOldFile.delete(): null

2018-12-10 18:16:21 - [TEST_STEP][PASSED] - delay: Delayed 5 second(s)

2018-12-10 18:16:26 - [MESSAGE][PASSED] - Delayed 5 second(s)

2018-12-10 18:16:26 - [TEST_STEP][PASSED] - Statement - RefNo = new java.io.File(C://Users//Admin//Desktop//PKS//Automation Reference Point//KatalonReference.txt): null

2018-12-10 18:16:26 - [TEST_STEP][PASSED] - Statement - f2 = new java.io.FileWriter(RefNo, false): null

2018-12-10 18:16:26 - [TEST_STEP][PASSED] - Statement - f2.write(CaseReferenceNo): null

2018-12-10 18:16:26 - [TEST_STEP][PASSED] - Statement - f2.close(): null

2018-12-10 18:16:26 - [TEST_STEP][PASSED] - Statement - out.println("


" + CaseReferenceNo + "


"): null

2018-12-10 18:16:26 - [MESSAGE][PASSED] - Call Test Case 'Test Cases/Final Aug 2018 - PKS Automation/Common/Reference Number Setter' successfully

2018-12-10 18:16:26 - [TEST_STEP][PASSED] - waitForElementClickable: Object 'Object Repository/Final Object Repo/New Registration - Registration Module Pages/Third Screen - Upload Supporting Doc- Preview/Save n Continue in SIP Employee Listing Page' is clickable

2018-12-10 18:16:26 - [MESSAGE][PASSED] - Object 'Object Repository/Final Object Repo/New Registration - Registration Module Pages/Third Screen - Upload Supporting Doc- Preview/Save n Continue in SIP Employee Listing Page' is clickable

2018-12-10 18:16:26 - [TEST_STEP][PASSED] - click: Object: 'Object Repository/Final Object Repo/New Registration - Registration Module Pages/Third Screen - Upload Supporting Doc- Preview/Save n Continue in SIP Employee Listing Page' is clicked on

2018-12-10 18:16:32 - [MESSAGE][PASSED] - Object: 'Object Repository/Final Object Repo/New Registration - Registration Module Pages/Third Screen - Upload Supporting Doc- Preview/Save n Continue in SIP Employee Listing Page' is clicked on

2018-12-10 18:16:32 - [TEST_STEP][PASSED] - delay: Delayed 7 second(s)

2018-12-10 18:16:39 - [MESSAGE][PASSED] - Delayed 7 second(s)

2018-12-10 18:16:39 - [TEST_STEP][PASSED] - click: Object: 'Object Repository/Final Object Repo/New Registration - Registration Module Pages/Third Screen - Upload Supporting Doc- Preview/Add Document Button' is clicked on

2018-12-10 18:16:39 - [MESSAGE][PASSED] - Object: 'Object Repository/Final Object Repo/New Registration - Registration Module Pages/Third Screen - Upload Supporting Doc- Preview/Add Document Button' is clicked on

2018-12-10 18:16:39 - [TEST_STEP][PASSED] - delay: Delayed 30 second(s)

2018-12-10 18:17:09 - [MESSAGE][PASSED] - Delayed 30 second(s)

2018-12-10 18:17:09 - [TEST_STEP][PASSED] - click: Object: 'Object Repository/Final Object Repo/New Registration - Registration Module Pages/Third Screen - Upload Supporting Doc- Preview/Supporting Doc Please Select Drop Down' is clicked on

2018-12-10 18:17:10 - [MESSAGE][PASSED] - Object: 'Object Repository/Final Object Repo/New Registration - Registration Module Pages/Third Screen - Upload Supporting Doc- Preview/Supporting Doc Please Select Drop Down' is clicked on

2018-12-10 18:17:10 - [TEST_STEP][PASSED] - delay: Delayed 2 second(s)

2018-12-10 18:17:12 - [MESSAGE][PASSED] - Delayed 2 second(s)

2018-12-10 18:17:12 - [TEST_STEP][PASSED] - click: Object: 'Object Repository/Final Object Repo/New Registration - Registration Module Pages/Third Screen - Upload Supporting Doc- Preview/Select to Upload Form 1' is clicked on

2018-12-10 18:17:12 - [MESSAGE][PASSED] - Object: 'Object Repository/Final Object Repo/New Registration - Registration Module Pages/Third Screen - Upload Supporting Doc- Preview/Select to Upload Form 1' is clicked on

2018-12-10 18:17:12 - [TEST_STEP][PASSED] - delay: Delayed 2 second(s)

2018-12-10 18:17:14 - [MESSAGE][PASSED] - Delayed 2 second(s)

2018-12-10 18:17:14 - [TEST_STEP][PASSED] - uploadFile: File 'C:\Users\Public\Pictures\Sample Pictures\Koala.jpg' sent to object: 'Object Repository/Final Object Repo/New Registration - Registration Module Pages/Third Screen - Upload Supporting Doc- Preview/Upload File Adding'

2018-12-10 18:17:14 - [MESSAGE][PASSED] - File 'C:\Users\Public\Pictures\Sample Pictures\Koala.jpg' sent to object: 'Object Repository/Final Object Repo/New Registration - Registration Module Pages/Third Screen - Upload Supporting Doc- Preview/Upload File Adding'

2018-12-10 18:17:14 - [TEST_STEP][PASSED] - delay: Delayed 5 second(s)

2018-12-10 18:17:19 - [MESSAGE][PASSED] - Delayed 5 second(s)

2018-12-10 18:17:19 - [TEST_STEP][PASSED] - click: Object: 'Object Repository/Final Object Repo/New Registration - Registration Module Pages/Third Screen - Upload Supporting Doc- Preview/Inner Form Add Document Button' is clicked on

2018-12-10 18:17:19 - [MESSAGE][PASSED] - Object: 'Object Repository/Final Object Repo/New Registration - Registration Module Pages/Third Screen - Upload Supporting Doc- Preview/Inner Form Add Document Button' is clicked on

2018-12-10 18:17:19 - [TEST_STEP][PASSED] - delay: Delayed 3 second(s)

2018-12-10 18:17:22 - [MESSAGE][PASSED] - Delayed 3 second(s)

2018-12-10 18:17:22 - [TEST_STEP][PASSED] - click: Object: 'Object Repository/Final Object Repo/New Registration - Registration Module Pages/Third Screen - Upload Supporting Doc- Preview/Add Document Button' is clicked on

2018-12-10 18:17:23 - [MESSAGE][PASSED] - Object: 'Object Repository/Final Object Repo/New Registration - Registration Module Pages/Third Screen - Upload Supporting Doc- Preview/Add Document Button' is clicked on

2018-12-10 18:17:23 - [TEST_STEP][PASSED] - delay: Delayed 30 second(s)

2018-12-10 18:17:53 - [MESSAGE][PASSED] - Delayed 30 second(s)

2018-12-10 18:17:53 - [TEST_STEP][PASSED] - click: Object: 'Object Repository/Final Object Repo/New Registration - Registration Module Pages/Third Screen - Upload Supporting Doc- Preview/Supporting Doc Please Select Drop Down' is clicked on

2018-12-10 18:17:54 - [MESSAGE][PASSED] - Object: 'Object Repository/Final Object Repo/New Registration - Registration Module Pages/Third Screen - Upload Supporting Doc- Preview/Supporting Doc Please Select Drop Down' is clicked on

2018-12-10 18:17:54 - [TEST_STEP][PASSED] - delay: Delayed 4 second(s)

2018-12-10 18:17:58 - [MESSAGE][PASSED] - Delayed 4 second(s)

2018-12-10 18:17:58 - [TEST_STEP][PASSED] - click: Object: 'Object Repository/Final Object Repo/New Registration - Registration Module Pages/Third Screen - Upload Supporting Doc- Preview/Select to Upload Form 2' is clicked on

2018-12-10 18:17:58 - [MESSAGE][PASSED] - Object: 'Object Repository/Final Object Repo/New Registration - Registration Module Pages/Third Screen - Upload Supporting Doc- Preview/Select to Upload Form 2' is clicked on

2018-12-10 18:17:58 - [TEST_STEP][PASSED] - delay: Delayed 2 second(s)

2018-12-10 18:18:00 - [MESSAGE][PASSED] - Delayed 2 second(s)

2018-12-10 18:18:00 - [TEST_STEP][PASSED] - uploadFile: File 'C:\Users\Public\Pictures\Sample Pictures\Koala.jpg' sent to object: 'Object Repository/Final Object Repo/New Registration - Registration Module Pages/Third Screen - Upload Supporting Doc- Preview/Upload File Adding'

2018-12-10 18:18:00 - [MESSAGE][PASSED] - File 'C:\Users\Public\Pictures\Sample Pictures\Koala.jpg' sent to object: 'Object Repository/Final Object Repo/New Registration - Registration Module Pages/Third Screen - Upload Supporting Doc- Preview/Upload File Adding'

2018-12-10 18:18:00 - [TEST_STEP][PASSED] - click: Object: 'Object Repository/Final Object Repo/New Registration - Registration Module Pages/Third Screen - Upload Supporting Doc- Preview/Inner Form Add Document Button' is clicked on

2018-12-10 18:18:00 - [MESSAGE][PASSED] - Object: 'Object Repository/Final Object Repo/New Registration - Registration Module Pages/Third Screen - Upload Supporting Doc- Preview/Inner Form Add Document Button' is clicked on

2018-12-10 18:18:00 - [TEST_STEP][PASSED] - delay: Delayed 5 second(s)

2018-12-10 18:18:05 - [MESSAGE][PASSED] - Delayed 5 second(s)

2018-12-10 18:18:05 - [TEST_STEP][PASSED] - click: Object: 'Object Repository/Final Object Repo/New Registration - Registration Module Pages/Third Screen - Upload Supporting Doc- Preview/Add Document Button' is clicked on

2018-12-10 18:18:05 - [MESSAGE][PASSED] - Object: 'Object Repository/Final Object Repo/New Registration - Registration Module Pages/Third Screen - Upload Supporting Doc- Preview/Add Document Button' is clicked on

2018-12-10 18:18:05 - [TEST_STEP][PASSED] - delay: Delayed 30 second(s)

2018-12-10 18:18:35 - [MESSAGE][PASSED] - Delayed 30 second(s)

2018-12-10 18:18:35 - [TEST_STEP][PASSED] - click: Object: 'Object Repository/Final Object Repo/New Registration - Registration Module Pages/Third Screen - Upload Supporting Doc- Preview/Supporting Doc Please Select Drop Down' is clicked on

2018-12-10 18:18:35 - [MESSAGE][PASSED] - Object: 'Object Repository/Final Object Repo/New Registration - Registration Module Pages/Third Screen - Upload Supporting Doc- Preview/Supporting Doc Please Select Drop Down' is clicked on

2018-12-10 18:18:35 - [TEST_STEP][PASSED] - click: Object: 'Object Repository/Final Object Repo/New Registration - Registration Module Pages/Third Screen - Upload Supporting Doc- Preview/Select to Upload Borang SIP 1' is clicked on

2018-12-10 18:18:36 - [MESSAGE][PASSED] - Object: 'Object Repository/Final Object Repo/New Registration - Registration Module Pages/Third Screen - Upload Supporting Doc- Preview/Select to Upload Borang SIP 1' is clicked on

2018-12-10 18:18:36 - [TEST_STEP][PASSED] - delay: Delayed 2 second(s)

2018-12-10 18:18:38 - [MESSAGE][PASSED] - Delayed 2 second(s)

2018-12-10 18:18:38 - [TEST_STEP][PASSED] - uploadFile: File 'C:\Users\Public\Pictures\Sample Pictures\Koala.jpg' sent to object: 'Object Repository/Final Object Repo/New Registration - Registration Module Pages/Third Screen - Upload Supporting Doc- Preview/Upload File Adding'

2018-12-10 18:18:38 - [MESSAGE][PASSED] - File 'C:\Users\Public\Pictures\Sample Pictures\Koala.jpg' sent to object: 'Object Repository/Final Object Repo/New Registration - Registration Module Pages/Third Screen - Upload Supporting Doc- Preview/Upload File Adding'

2018-12-10 18:18:38 - [TEST_STEP][PASSED] - click: Object: 'Object Repository/Final Object Repo/New Registration - Registration Module Pages/Third Screen - Upload Supporting Doc- Preview/Inner Form Add Document Button' is clicked on

2018-12-10 18:18:38 - [MESSAGE][PASSED] - Object: 'Object Repository/Final Object Repo/New Registration - Registration Module Pages/Third Screen - Upload Supporting Doc- Preview/Inner Form Add Document Button' is clicked on

2018-12-10 18:18:38 - [TEST_STEP][PASSED] - delay: Delayed 5 second(s)

2018-12-10 18:18:43 - [MESSAGE][PASSED] - Delayed 5 second(s)

2018-12-10 18:18:43 - [TEST_STEP][PASSED] - click: Object: 'Object Repository/Final Object Repo/New Registration - Registration Module Pages/Third Screen - Upload Supporting Doc- Preview/Add Document Button' is clicked on

2018-12-10 18:18:43 - [MESSAGE][PASSED] - Object: 'Object Repository/Final Object Repo/New Registration - Registration Module Pages/Third Screen - Upload Supporting Doc- Preview/Add Document Button' is clicked on

2018-12-10 18:18:43 - [TEST_STEP][PASSED] - delay: Delayed 30 second(s)

2018-12-10 18:19:13 - [MESSAGE][PASSED] - Delayed 30 second(s)

2018-12-10 18:19:13 - [TEST_STEP][PASSED] - click: Object: 'Object Repository/Final Object Repo/New Registration - Registration Module Pages/Third Screen - Upload Supporting Doc- Preview/Supporting Doc Please Select Drop Down' is clicked on

2018-12-10 18:19:13 - [MESSAGE][PASSED] - Object: 'Object Repository/Final Object Repo/New Registration - Registration Module Pages/Third Screen - Upload Supporting Doc- Preview/Supporting Doc Please Select Drop Down' is clicked on

2018-12-10 18:19:13 - [TEST_STEP][PASSED] - delay: Delayed 3 second(s)

2018-12-10 18:19:16 - [MESSAGE][PASSED] - Delayed 3 second(s)

2018-12-10 18:19:16 - [TEST_STEP][PASSED] - click: Object: 'Object Repository/Final Object Repo/New Registration - Registration Module Pages/Third Screen - Upload Supporting Doc- Preview/Select to Upload Borang SIP 2' is clicked on

2018-12-10 18:19:16 - [MESSAGE][PASSED] - Object: 'Object Repository/Final Object Repo/New Registration - Registration Module Pages/Third Screen - Upload Supporting Doc- Preview/Select to Upload Borang SIP 2' is clicked on

2018-12-10 18:19:16 - [TEST_STEP][PASSED] - delay: Delayed 2 second(s)

2018-12-10 18:19:18 - [MESSAGE][PASSED] - Delayed 2 second(s)

2018-12-10 18:19:18 - [TEST_STEP][PASSED] - uploadFile: File 'C:\Users\Public\Pictures\Sample Pictures\Koala.jpg' sent to object: 'Object Repository/Final Object Repo/New Registration - Registration Module Pages/Third Screen - Upload Supporting Doc- Preview/Upload File Adding'

2018-12-10 18:19:18 - [MESSAGE][PASSED] - File 'C:\Users\Public\Pictures\Sample Pictures\Koala.jpg' sent to object: 'Object Repository/Final Object Repo/New Registration - Registration Module Pages/Third Screen - Upload Supporting Doc- Preview/Upload File Adding'

2018-12-10 18:19:18 - [TEST_STEP][PASSED] - delay: Delayed 5 second(s)

2018-12-10 18:19:23 - [MESSAGE][PASSED] - Delayed 5 second(s)

2018-12-10 18:19:23 - [TEST_STEP][PASSED] - click: Object: 'Object Repository/Final Object Repo/New Registration - Registration Module Pages/Third Screen - Upload Supporting Doc- Preview/Inner Form Add Document Button' is clicked on

2018-12-10 18:19:24 - [MESSAGE][PASSED] - Object: 'Object Repository/Final Object Repo/New Registration - Registration Module Pages/Third Screen - Upload Supporting Doc- Preview/Inner Form Add Document Button' is clicked on

2018-12-10 18:19:24 - [TEST_STEP][PASSED] - delay: Delayed 3 second(s)

2018-12-10 18:19:27 - [MESSAGE][PASSED] - Delayed 3 second(s)

2018-12-10 18:19:27 - [TEST_STEP][PASSED] - waitForElementClickable: Object 'Object Repository/Final Object Repo/New Registration - Registration Module Pages/Third Screen - Upload Supporting Doc- Preview/Save n Continue in Uploading Supporting Doc Page' is clickable

2018-12-10 18:19:28 - [MESSAGE][PASSED] - Object 'Object Repository/Final Object Repo/New Registration - Registration Module Pages/Third Screen - Upload Supporting Doc- Preview/Save n Continue in Uploading Supporting Doc Page' is clickable

2018-12-10 18:19:28 - [TEST_STEP][PASSED] - click: Object: 'Object Repository/Final Object Repo/New Registration - Registration Module Pages/Third Screen - Upload Supporting Doc- Preview/Save n Continue in Uploading Supporting Doc Page' is clicked on

2018-12-10 18:19:28 - [MESSAGE][PASSED] - Object: 'Object Repository/Final Object Repo/New Registration - Registration Module Pages/Third Screen - Upload Supporting Doc- Preview/Save n Continue in Uploading Supporting Doc Page' is clicked on

2018-12-10 18:19:28 - [MESSAGE][PASSED] - Call Test Case 'Test Cases/Final Aug 2018 - PKS Automation/Registration Module/New Registration/Flow of New Registration/Third Screen - Upload Supporting Doc - Preview' successfully

2018-12-10 18:19:28 - [TEST_STEP][PASSED] - callTestCase: Call Test Case 'Test Cases/Final Aug 2018 - PKS Automation/Registration Module/New Registration/Submit and Screenshot/Submit Registration and Screenshot' successfully

2018-12-10 18:19:28 - [TEST_CASE][PASSED] - Test Cases/Final Aug 2018 - PKS Automation/Registration Module/New Registration/Submit and Screenshot/Submit Registration and Screenshot: Test Cases/Final Aug 2018 - PKS Automation/Registration Module/New Registration/Submit and Screenshot/Submit Registration and Screenshot

2018-12-10 18:19:28 - [TEST_STEP][PASSED] - delay: Delayed 6 second(s)

2018-12-10 18:19:34 - [MESSAGE][PASSED] - Delayed 6 second(s)

2018-12-10 18:19:34 - [TEST_STEP][PASSED] - click: Object: 'Object Repository/Final Object Repo/New Registration - Registration Module Pages/Third Screen - Upload Supporting Doc- Preview/Preview Submit Button' is clicked on

2018-12-10 18:19:35 - [MESSAGE][PASSED] - Object: 'Object Repository/Final Object Repo/New Registration - Registration Module Pages/Third Screen - Upload Supporting Doc- Preview/Preview Submit Button' is clicked on

2018-12-10 18:19:35 - [TEST_STEP][PASSED] - delay: Delayed 2 second(s)

2018-12-10 18:19:37 - [MESSAGE][PASSED] - Delayed 2 second(s)

2018-12-10 18:19:37 - [TEST_STEP][PASSED] - click: Object: 'Object Repository/Final Object Repo/New Registration - Registration Module Pages/Third Screen - Upload Supporting Doc- Preview/Preview Submit - Confirm' is clicked on

2018-12-10 18:19:37 - [MESSAGE][PASSED] - Object: 'Object Repository/Final Object Repo/New Registration - Registration Module Pages/Third Screen - Upload Supporting Doc- Preview/Preview Submit - Confirm' is clicked on

2018-12-10 18:19:37 - [TEST_STEP][PASSED] - delay: Delayed 15 second(s)

2018-12-10 18:19:52 - [MESSAGE][PASSED] - Delayed 15 second(s)

2018-12-10 18:19:52 - [TEST_STEP][PASSED] - Statement - driver = com.kms.katalon.core.webui.driver.DriverFactory.getWebDriver(): null

2018-12-10 18:19:52 - [TEST_STEP][PASSED] - Statement - driver.manage().timeouts().implicitlyWait(10, SECONDS): null

2018-12-10 18:19:52 - [TEST_STEP][PASSED] - Statement - PresavePath = KatalonScreenshots: null

2018-12-10 18:19:52 - [TEST_STEP][PASSED] - Statement - pathPrefix = "C:\Users\Public\Pictures\Sample Pictures\Katalon Screenshots\Automate Ending Screen": null

2018-12-10 18:19:52 - [TEST_STEP][PASSED] - Statement - finalPath = <not implemented yet for class: org.codehaus.groovy.ast.expr.EmptyExpression>: null

2018-12-10 18:19:52 - [TEST_STEP][PASSED] - Statement - scrFile = driver.getScreenshotAs(FILE): null

2018-12-10 18:19:52 - [TEST_STEP][PASSED] - Statement - PreSaveFile = new java.io.File(PresavePath): null

2018-12-10 18:19:52 - [TEST_STEP][PASSED] - Statement - counter = 0: null

2018-12-10 18:19:52 - [TEST_STEP][PASSED] - Statement - If (PreSaveFile.exists()): null

2018-12-10 18:19:52 - [TEST_STEP][PASSED] - Statement - While (PreSaveFile.exists()): null

2018-12-10 18:19:52 - [TEST_STEP][PASSED] - Statement - counter = counter + 1: null

2018-12-10 18:19:52 - [TEST_STEP][PASSED] - Statement - PreSaveFile = new java.io.File(((pathPrefix + java.lang.Integer.toString(counter)) + .png)): null

2018-12-10 18:19:52 - [TEST_STEP][PASSED] - Statement - counter = counter + 1: null

2018-12-10 18:19:52 - [TEST_STEP][PASSED] - Statement - PreSaveFile = new java.io.File(((pathPrefix + java.lang.Integer.toString(counter)) + .png)): null

2018-12-10 18:19:52 - [TEST_STEP][PASSED] - Statement - counter = counter + 1: null

2018-12-10 18:19:52 - [TEST_STEP][PASSED] - Statement - PreSaveFile = new java.io.File(((pathPrefix + java.lang.Integer.toString(counter)) + .png)): null

2018-12-10 18:19:52 - [TEST_STEP][PASSED] - Statement - counter = counter + 1: null

2018-12-10 18:19:52 - [TEST_STEP][PASSED] - Statement - PreSaveFile = new java.io.File(((pathPrefix + java.lang.Integer.toString(counter)) + .png)): null

2018-12-10 18:19:52 - [TEST_STEP][PASSED] - Statement - counter = counter + 1: null

2018-12-10 18:19:52 - [TEST_STEP][PASSED] - Statement - PreSaveFile = new java.io.File(((pathPrefix + java.lang.Integer.toString(counter)) + .png)): null

2018-12-10 18:19:52 - [TEST_STEP][PASSED] - Statement - counter = counter + 1: null

2018-12-10 18:19:52 - [TEST_STEP][PASSED] - Statement - PreSaveFile = new java.io.File(((pathPrefix + java.lang.Integer.toString(counter)) + .png)): null

2018-12-10 18:19:52 - [TEST_STEP][PASSED] - Statement - counter = counter + 1: null

2018-12-10 18:19:52 - [TEST_STEP][PASSED] - Statement - PreSaveFile = new java.io.File(((pathPrefix + java.lang.Integer.toString(counter)) + .png)): null

2018-12-10 18:19:52 - [TEST_STEP][PASSED] - Statement - counter = counter + 1: null

2018-12-10 18:19:52 - [TEST_STEP][PASSED] - Statement - PreSaveFile = new java.io.File(((pathPrefix + java.lang.Integer.toString(counter)) + .png)): null

2018-12-10 18:19:52 - [TEST_STEP][PASSED] - Statement - counter = counter + 1: null

2018-12-10 18:19:52 - [TEST_STEP][PASSED] - Statement - PreSaveFile = new java.io.File(((pathPrefix + java.lang.Integer.toString(counter)) + .png)): null

2018-12-10 18:19:52 - [TEST_STEP][PASSED] - Statement - counter = counter + 1: null

2018-12-10 18:19:52 - [TEST_STEP][PASSED] - Statement - PreSaveFile = new java.io.File(((pathPrefix + java.lang.Integer.toString(counter)) + .png)): null

2018-12-10 18:19:52 - [TEST_STEP][PASSED] - Statement - counter = counter + 1: null

2018-12-10 18:19:52 - [TEST_STEP][PASSED] - Statement - PreSaveFile = new java.io.File(((pathPrefix + java.lang.Integer.toString(counter)) + .png)): null

2018-12-10 18:19:52 - [TEST_STEP][PASSED] - Statement - finalPath = pathPrefix + java.lang.Integer.toString(counter) + ".png": null

2018-12-10 18:19:52 - [TEST_STEP][PASSED] - Statement - SaveFile = new java.io.File(finalPath): null

2018-12-10 18:19:52 - [TEST_STEP][PASSED] - Statement - Try: null

2018-12-10 18:19:52 - [TEST_STEP][PASSED] - Statement - org.apache.commons.io.FileUtils.copyFile(scrFile, SaveFile): null

2018-12-10 18:19:52 - [TEST_STEP][PASSED] - Statement - out.println("file kept"): null

2018-12-10 18:19:52 - [TEST_STEP][PASSED] - delay: Delayed 10 second(s)

2018-12-10 18:20:02 - [MESSAGE][PASSED] - Delayed 10 second(s)

2018-12-10 18:20:02 - [MESSAGE][PASSED] - Call Test Case 'Test Cases/Final Aug 2018 - PKS Automation/Registration Module/New Registration/Submit and Screenshot/Submit Registration and Screenshot' successfully]]></system-out>
         <system-err><![CDATA[]]></system-err>
      </testcase>
      <testcase name="Test Cases/Final Aug 2018 - PKS Automation/Registration Module/Critical Path/New Registration/Sole Proprietor - Registered with Agency" classname="Test Cases/Final Aug 2018 - PKS Automation/Registration Module/Critical Path/New Registration/Sole Proprietor - Registered with Agency" status="PASSED">
         <system-out><![CDATA[2018-12-10 18:20:02 - [TEST_CASE][PASSED] - Test Cases/Final Aug 2018 - PKS Automation/Registration Module/Critical Path/New Registration/Sole Proprietor - Registered with Agency: Test Cases/Final Aug 2018 - PKS Automation/Registration Module/Critical Path/New Registration/Sole Proprietor - Registered with Agency

2018-12-10 18:20:03 - [TEST_STEP][PASSED] - callTestCase: Call Test Case 'Test Cases/Final Aug 2018 - PKS Automation/Registration Module/New Registration/Form 1/Form 1 - Sole Proprietor - Registered with Agencies' successfully

2018-12-10 18:20:03 - [TEST_CASE][PASSED] - Test Cases/Final Aug 2018 - PKS Automation/Registration Module/New Registration/Form 1/Form 1 - Sole Proprietor - Registered with Agencies: Test Cases/Final Aug 2018 - PKS Automation/Registration Module/New Registration/Form 1/Form 1 - Sole Proprietor - Registered with Agencies

2018-12-10 18:20:03 - [TEST_STEP][PASSED] - openBrowser: Browser is opened with url: ''

2018-12-10 18:20:03 - [MESSAGE][WARNING] - A browser is already opened. Closing browser and opening a new one

2018-12-10 18:20:06 - [MESSAGE][PASSED] - Browser is opened with url: ''

2018-12-10 18:20:06 - [TEST_STEP][PASSED] - navigateToUrl: Navigate to 'https://assist2-uat.perkeso.gov.my/login' successfully

2018-12-10 18:20:07 - [MESSAGE][PASSED] - Navigate to 'https://assist2-uat.perkeso.gov.my/login' successfully

2018-12-10 18:20:07 - [TEST_STEP][PASSED] - setText: Text 'johorotc1@gmail.com' is set on object 'Object Repository/Final Object Repo/Login Page/Internal User/Email Address'

2018-12-10 18:20:07 - [MESSAGE][PASSED] - Text 'johorotc1@gmail.com' is set on object 'Object Repository/Final Object Repo/Login Page/Internal User/Email Address'

2018-12-10 18:20:07 - [TEST_STEP][PASSED] - click: Object: 'Object Repository/Final Object Repo/Login Page/Internal User/Next Button' is clicked on

2018-12-10 18:20:08 - [MESSAGE][PASSED] - Object: 'Object Repository/Final Object Repo/Login Page/Internal User/Next Button' is clicked on

2018-12-10 18:20:08 - [TEST_STEP][PASSED] - delay: Delayed 1 second(s)

2018-12-10 18:20:09 - [MESSAGE][PASSED] - Delayed 1 second(s)

2018-12-10 18:20:09 - [TEST_STEP][PASSED] - setEncryptedText: Text ****** has been set on object 'Object Repository/Final Object Repo/Login Page/Internal User/Password'

2018-12-10 18:20:09 - [MESSAGE][PASSED] - Text ****** has been set on object 'Object Repository/Final Object Repo/Login Page/Internal User/Password'

2018-12-10 18:20:09 - [TEST_STEP][PASSED] - click: Object: 'Object Repository/Final Object Repo/Login Page/Internal User/Login Button' is clicked on

2018-12-10 18:20:09 - [MESSAGE][PASSED] - Object: 'Object Repository/Final Object Repo/Login Page/Internal User/Login Button' is clicked on

2018-12-10 18:20:09 - [TEST_STEP][PASSED] - delay: Delayed 1 second(s)

2018-12-10 18:20:10 - [MESSAGE][PASSED] - Delayed 1 second(s)

2018-12-10 18:20:10 - [TEST_STEP][PASSED] - Statement - Try: Delayed 2 second(s)

2018-12-10 18:20:10 - [TEST_STEP][PASSED] - Statement - Checker = false: null

2018-12-10 18:20:10 - [TEST_STEP][PASSED] - Statement - Checker = com.kms.katalon.core.webui.keyword.WebUiBuiltInKeywords.verifyElementHasAttribute(com.kms.katalon.core.testobject.ObjectRepository.findTestObject(Final Object Repo/Landing Page/BM Detecting), "href", 20, OPTIONAL): Object 'Object Repository/Final Object Repo/Landing Page/BM Detecting' has attribute 'href'

2018-12-10 18:20:11 - [MESSAGE][PASSED] - Object 'Object Repository/Final Object Repo/Landing Page/BM Detecting' has attribute 'href'

2018-12-10 18:20:11 - [TEST_STEP][PASSED] - Statement - out.println(Checker): null

2018-12-10 18:20:11 - [TEST_STEP][PASSED] - Statement - If (Checker == false): null

2018-12-10 18:20:11 - [TEST_STEP][PASSED] - Statement - Else: null

2018-12-10 18:20:11 - [TEST_STEP][PASSED] - delay: Delayed 2 second(s)

2018-12-10 18:20:13 - [MESSAGE][PASSED] - Delayed 2 second(s)

2018-12-10 18:20:13 - [TEST_STEP][PASSED] - navigateToUrl: Navigate to 'https://assist2-uat.perkeso.gov.my/web/registration/registration' successfully

2018-12-10 18:20:14 - [MESSAGE][PASSED] - Navigate to 'https://assist2-uat.perkeso.gov.my/web/registration/registration' successfully

2018-12-10 18:20:14 - [TEST_STEP][PASSED] - click: Object: 'Object Repository/Final Object Repo/New Registration - Registration Module Pages/Form 1/AEC - No' is clicked on

2018-12-10 18:20:14 - [MESSAGE][PASSED] - Object: 'Object Repository/Final Object Repo/New Registration - Registration Module Pages/Form 1/AEC - No' is clicked on

2018-12-10 18:20:14 - [TEST_STEP][PASSED] - click: Object: 'Object Repository/Final Object Repo/New Registration - Registration Module Pages/Form 1/Business Entity' is clicked on

2018-12-10 18:20:15 - [MESSAGE][PASSED] - Object: 'Object Repository/Final Object Repo/New Registration - Registration Module Pages/Form 1/Business Entity' is clicked on

2018-12-10 18:20:15 - [TEST_STEP][PASSED] - click: Object: 'Object Repository/Final Object Repo/New Registration - Registration Module Pages/Form 1/Business Entity - Sole Proprietor ' is clicked on

2018-12-10 18:20:15 - [MESSAGE][PASSED] - Object: 'Object Repository/Final Object Repo/New Registration - Registration Module Pages/Form 1/Business Entity - Sole Proprietor ' is clicked on

2018-12-10 18:20:15 - [TEST_STEP][PASSED] - delay: Delayed 1 second(s)

2018-12-10 18:20:16 - [MESSAGE][PASSED] - Delayed 1 second(s)

2018-12-10 18:20:16 - [TEST_STEP][PASSED] - click: Object: 'Object Repository/Final Object Repo/New Registration - Registration Module Pages/Form 1/Sub Business Entity' is clicked on

2018-12-10 18:20:16 - [MESSAGE][PASSED] - Object: 'Object Repository/Final Object Repo/New Registration - Registration Module Pages/Form 1/Sub Business Entity' is clicked on

2018-12-10 18:20:16 - [TEST_STEP][PASSED] - click: Object: 'Object Repository/Final Object Repo/New Registration - Registration Module Pages/Form 1/Sub Business Entity - Registered with other Age' is clicked on

2018-12-10 18:20:16 - [MESSAGE][PASSED] - Object: 'Object Repository/Final Object Repo/New Registration - Registration Module Pages/Form 1/Sub Business Entity - Registered with other Age' is clicked on

2018-12-10 18:20:16 - [TEST_STEP][PASSED] - delay: Delayed 1 second(s)

2018-12-10 18:20:17 - [MESSAGE][PASSED] - Delayed 1 second(s)

2018-12-10 18:20:17 - [TEST_STEP][PASSED] - setText: Text '123' is set on object 'Object Repository/Final Object Repo/New Registration - Registration Module Pages/Form 1/Registration Number'

2018-12-10 18:20:18 - [MESSAGE][PASSED] - Text '123' is set on object 'Object Repository/Final Object Repo/New Registration - Registration Module Pages/Form 1/Registration Number'

2018-12-10 18:20:18 - [TEST_STEP][NOT_RUN] - click: NOT_RUN: click

2018-12-10 18:20:18 - [MESSAGE][NOT_RUN] - NOT_RUN: click

2018-12-10 18:20:18 - [TEST_STEP][PASSED] - click: Object: 'Object Repository/Final Object Repo/New Registration - Registration Module Pages/Form 1/Registered As a Branch - Yes' is clicked on

2018-12-10 18:20:18 - [MESSAGE][PASSED] - Object: 'Object Repository/Final Object Repo/New Registration - Registration Module Pages/Form 1/Registered As a Branch - Yes' is clicked on

2018-12-10 18:20:18 - [TEST_STEP][PASSED] - click: Object: 'Object Repository/Final Object Repo/New Registration - Registration Module Pages/Form 1/Acknowledgement' is clicked on

2018-12-10 18:20:18 - [MESSAGE][PASSED] - Object: 'Object Repository/Final Object Repo/New Registration - Registration Module Pages/Form 1/Acknowledgement' is clicked on

2018-12-10 18:20:18 - [TEST_STEP][PASSED] - setText: Text 'perkeso' is set on object 'Object Repository/Final Object Repo/New Registration - Registration Module Pages/Form 1/Industry name'

2018-12-10 18:20:18 - [MESSAGE][PASSED] - Text 'perkeso' is set on object 'Object Repository/Final Object Repo/New Registration - Registration Module Pages/Form 1/Industry name'

2018-12-10 18:20:18 - [TEST_STEP][PASSED] - setText: Text 'perkeso1' is set on object 'Object Repository/Final Object Repo/New Registration - Registration Module Pages/Form 1/Postal Address1'

2018-12-10 18:20:18 - [MESSAGE][PASSED] - Text 'perkeso1' is set on object 'Object Repository/Final Object Repo/New Registration - Registration Module Pages/Form 1/Postal Address1'

2018-12-10 18:20:18 - [TEST_STEP][PASSED] - setText: Text 'perkeso2' is set on object 'Object Repository/Final Object Repo/New Registration - Registration Module Pages/Form 1/Postal Address2'

2018-12-10 18:20:19 - [MESSAGE][PASSED] - Text 'perkeso2' is set on object 'Object Repository/Final Object Repo/New Registration - Registration Module Pages/Form 1/Postal Address2'

2018-12-10 18:20:19 - [TEST_STEP][PASSED] - setText: Text 'perkeso3' is set on object 'Object Repository/Final Object Repo/New Registration - Registration Module Pages/Form 1/Postal Address3'

2018-12-10 18:20:19 - [MESSAGE][PASSED] - Text 'perkeso3' is set on object 'Object Repository/Final Object Repo/New Registration - Registration Module Pages/Form 1/Postal Address3'

2018-12-10 18:20:19 - [TEST_STEP][PASSED] - click: Object: 'Object Repository/Final Object Repo/New Registration - Registration Module Pages/Form 1/State' is clicked on

2018-12-10 18:20:19 - [MESSAGE][PASSED] - Object: 'Object Repository/Final Object Repo/New Registration - Registration Module Pages/Form 1/State' is clicked on

2018-12-10 18:20:19 - [TEST_STEP][PASSED] - click: Object: 'Object Repository/Final Object Repo/New Registration - Registration Module Pages/Form 1/State - Johor' is clicked on

2018-12-10 18:20:20 - [MESSAGE][PASSED] - Object: 'Object Repository/Final Object Repo/New Registration - Registration Module Pages/Form 1/State - Johor' is clicked on

2018-12-10 18:20:20 - [TEST_STEP][PASSED] - delay: Delayed 1 second(s)

2018-12-10 18:20:21 - [MESSAGE][PASSED] - Delayed 1 second(s)

2018-12-10 18:20:21 - [TEST_STEP][PASSED] - click: Object: 'Object Repository/Final Object Repo/New Registration - Registration Module Pages/Form 1/City' is clicked on

2018-12-10 18:20:21 - [MESSAGE][PASSED] - Object: 'Object Repository/Final Object Repo/New Registration - Registration Module Pages/Form 1/City' is clicked on

2018-12-10 18:20:21 - [TEST_STEP][PASSED] - setText: Text 'joh' is set on object 'Object Repository/Final Object Repo/New Registration - Registration Module Pages/Form 1/Postcode - 810'

2018-12-10 18:20:21 - [MESSAGE][PASSED] - Text 'joh' is set on object 'Object Repository/Final Object Repo/New Registration - Registration Module Pages/Form 1/Postcode - 810'

2018-12-10 18:20:21 - [TEST_STEP][PASSED] - delay: Delayed 1 second(s)

2018-12-10 18:20:22 - [MESSAGE][PASSED] - Delayed 1 second(s)

2018-12-10 18:20:22 - [TEST_STEP][PASSED] - click: Object: 'Object Repository/Final Object Repo/New Registration - Registration Module Pages/Form 1/City - Johor Bharu' is clicked on

2018-12-10 18:20:22 - [MESSAGE][PASSED] - Object: 'Object Repository/Final Object Repo/New Registration - Registration Module Pages/Form 1/City - Johor Bharu' is clicked on

2018-12-10 18:20:22 - [TEST_STEP][PASSED] - delay: Delayed 1 second(s)

2018-12-10 18:20:23 - [MESSAGE][PASSED] - Delayed 1 second(s)

2018-12-10 18:20:23 - [TEST_STEP][PASSED] - click: Object: 'Object Repository/Final Object Repo/New Registration - Registration Module Pages/Form 1/Postcode' is clicked on

2018-12-10 18:20:23 - [MESSAGE][PASSED] - Object: 'Object Repository/Final Object Repo/New Registration - Registration Module Pages/Form 1/Postcode' is clicked on

2018-12-10 18:20:23 - [TEST_STEP][PASSED] - delay: Delayed 1 second(s)

2018-12-10 18:20:24 - [MESSAGE][PASSED] - Delayed 1 second(s)

2018-12-10 18:20:24 - [TEST_STEP][PASSED] - setText: Text '810' is set on object 'Object Repository/Final Object Repo/New Registration - Registration Module Pages/Form 1/Postcode - 810'

2018-12-10 18:20:25 - [MESSAGE][PASSED] - Text '810' is set on object 'Object Repository/Final Object Repo/New Registration - Registration Module Pages/Form 1/Postcode - 810'

2018-12-10 18:20:25 - [TEST_STEP][PASSED] - delay: Delayed 1 second(s)

2018-12-10 18:20:26 - [MESSAGE][PASSED] - Delayed 1 second(s)

2018-12-10 18:20:26 - [TEST_STEP][PASSED] - click: Object: 'Object Repository/Final Object Repo/New Registration - Registration Module Pages/Form 1/Postcode - 81000' is clicked on

2018-12-10 18:20:26 - [MESSAGE][PASSED] - Object: 'Object Repository/Final Object Repo/New Registration - Registration Module Pages/Form 1/Postcode - 81000' is clicked on

2018-12-10 18:20:26 - [TEST_STEP][PASSED] - delay: Delayed 1 second(s)

2018-12-10 18:20:27 - [MESSAGE][PASSED] - Delayed 1 second(s)

2018-12-10 18:20:27 - [TEST_STEP][PASSED] - setText: Text '100' is set on object 'Object Repository/Final Object Repo/New Registration - Registration Module Pages/Form 1/P.O.BOX'

2018-12-10 18:20:27 - [MESSAGE][PASSED] - Text '100' is set on object 'Object Repository/Final Object Repo/New Registration - Registration Module Pages/Form 1/P.O.BOX'

2018-12-10 18:20:27 - [TEST_STEP][PASSED] - setText: Text '100' is set on object 'Object Repository/Final Object Repo/New Registration - Registration Module Pages/Form 1/Locked Bag No'

2018-12-10 18:20:27 - [MESSAGE][PASSED] - Text '100' is set on object 'Object Repository/Final Object Repo/New Registration - Registration Module Pages/Form 1/Locked Bag No'

2018-12-10 18:20:27 - [TEST_STEP][PASSED] - click: Object: 'Object Repository/Final Object Repo/New Registration - Registration Module Pages/Form 1/SOCSO Office Location' is clicked on

2018-12-10 18:20:28 - [MESSAGE][PASSED] - Object: 'Object Repository/Final Object Repo/New Registration - Registration Module Pages/Form 1/SOCSO Office Location' is clicked on

2018-12-10 18:20:28 - [TEST_STEP][PASSED] - click: Object: 'Object Repository/Final Object Repo/New Registration - Registration Module Pages/Form 1/SOCSO Office Location - Pejabat PERKESO Negeri Johor' is clicked on

2018-12-10 18:20:28 - [MESSAGE][PASSED] - Object: 'Object Repository/Final Object Repo/New Registration - Registration Module Pages/Form 1/SOCSO Office Location - Pejabat PERKESO Negeri Johor' is clicked on

2018-12-10 18:20:28 - [TEST_STEP][PASSED] - delay: Delayed 1 second(s)

2018-12-10 18:20:29 - [MESSAGE][PASSED] - Delayed 1 second(s)

2018-12-10 18:20:29 - [TEST_STEP][PASSED] - check: Object 'Object Repository/Final Object Repo/New Registration - Registration Module Pages/Form 1/Indusrty Address Same As Postal Address' is checked

2018-12-10 18:20:29 - [MESSAGE][PASSED] - Object 'Object Repository/Final Object Repo/New Registration - Registration Module Pages/Form 1/Indusrty Address Same As Postal Address' is checked

2018-12-10 18:20:29 - [TEST_STEP][PASSED] - delay: Delayed 3 second(s)

2018-12-10 18:20:32 - [MESSAGE][PASSED] - Delayed 3 second(s)

2018-12-10 18:20:32 - [TEST_STEP][PASSED] - click: Object: 'Object Repository/Final Object Repo/New Registration - Registration Module Pages/Form 1/Indusry Address Same As Postal Address False' is clicked on

2018-12-10 18:20:32 - [MESSAGE][PASSED] - Object: 'Object Repository/Final Object Repo/New Registration - Registration Module Pages/Form 1/Indusry Address Same As Postal Address False' is clicked on

2018-12-10 18:20:32 - [TEST_STEP][PASSED] - delay: Delayed 1 second(s)

2018-12-10 18:20:33 - [MESSAGE][PASSED] - Delayed 1 second(s)

2018-12-10 18:20:33 - [TEST_STEP][PASSED] - setText: Text 'perkeso1' is set on object 'Object Repository/Final Object Repo/New Registration - Registration Module Pages/Form 1/Industry Address1'

2018-12-10 18:20:34 - [MESSAGE][PASSED] - Text 'perkeso1' is set on object 'Object Repository/Final Object Repo/New Registration - Registration Module Pages/Form 1/Industry Address1'

2018-12-10 18:20:34 - [TEST_STEP][PASSED] - setText: Text 'perkeso2' is set on object 'Object Repository/Final Object Repo/New Registration - Registration Module Pages/Form 1/Industry Address2'

2018-12-10 18:20:34 - [MESSAGE][PASSED] - Text 'perkeso2' is set on object 'Object Repository/Final Object Repo/New Registration - Registration Module Pages/Form 1/Industry Address2'

2018-12-10 18:20:34 - [TEST_STEP][PASSED] - setText: Text 'perkeso3' is set on object 'Object Repository/Final Object Repo/New Registration - Registration Module Pages/Form 1/Industry Address3'

2018-12-10 18:20:34 - [MESSAGE][PASSED] - Text 'perkeso3' is set on object 'Object Repository/Final Object Repo/New Registration - Registration Module Pages/Form 1/Industry Address3'

2018-12-10 18:20:34 - [TEST_STEP][PASSED] - click: Object: 'Object Repository/Final Object Repo/New Registration - Registration Module Pages/Form 1/Industry State' is clicked on

2018-12-10 18:20:34 - [MESSAGE][PASSED] - Object: 'Object Repository/Final Object Repo/New Registration - Registration Module Pages/Form 1/Industry State' is clicked on

2018-12-10 18:20:34 - [TEST_STEP][PASSED] - delay: Delayed 2 second(s)

2018-12-10 18:20:36 - [MESSAGE][PASSED] - Delayed 2 second(s)

2018-12-10 18:20:36 - [TEST_STEP][PASSED] - click: Object: 'Object Repository/Final Object Repo/New Registration - Registration Module Pages/Form 1/Industry State - Johor' is clicked on

2018-12-10 18:20:37 - [MESSAGE][PASSED] - Object: 'Object Repository/Final Object Repo/New Registration - Registration Module Pages/Form 1/Industry State - Johor' is clicked on

2018-12-10 18:20:37 - [TEST_STEP][PASSED] - delay: Delayed 2 second(s)

2018-12-10 18:20:39 - [MESSAGE][PASSED] - Delayed 2 second(s)

2018-12-10 18:20:39 - [TEST_STEP][PASSED] - click: Object: 'Object Repository/Final Object Repo/New Registration - Registration Module Pages/Form 1/Industry Ciry' is clicked on

2018-12-10 18:20:39 - [MESSAGE][PASSED] - Object: 'Object Repository/Final Object Repo/New Registration - Registration Module Pages/Form 1/Industry Ciry' is clicked on

2018-12-10 18:20:39 - [TEST_STEP][PASSED] - setText: Text 'joh' is set on object 'Object Repository/Final Object Repo/New Registration - Registration Module Pages/Form 1/Industry Ciry - joh'

2018-12-10 18:20:39 - [MESSAGE][PASSED] - Text 'joh' is set on object 'Object Repository/Final Object Repo/New Registration - Registration Module Pages/Form 1/Industry Ciry - joh'

2018-12-10 18:20:39 - [TEST_STEP][PASSED] - delay: Delayed 2 second(s)

2018-12-10 18:20:41 - [MESSAGE][PASSED] - Delayed 2 second(s)

2018-12-10 18:20:41 - [TEST_STEP][PASSED] - click: Object: 'Object Repository/Final Object Repo/New Registration - Registration Module Pages/Form 1/Industy State - Johor Bharu' is clicked on

2018-12-10 18:20:41 - [MESSAGE][PASSED] - Object: 'Object Repository/Final Object Repo/New Registration - Registration Module Pages/Form 1/Industy State - Johor Bharu' is clicked on

2018-12-10 18:20:41 - [TEST_STEP][PASSED] - delay: Delayed 1 second(s)

2018-12-10 18:20:42 - [MESSAGE][PASSED] - Delayed 1 second(s)

2018-12-10 18:20:42 - [TEST_STEP][PASSED] - click: Object: 'Object Repository/Final Object Repo/New Registration - Registration Module Pages/Form 1/Indusry PostCode' is clicked on

2018-12-10 18:20:42 - [MESSAGE][PASSED] - Object: 'Object Repository/Final Object Repo/New Registration - Registration Module Pages/Form 1/Indusry PostCode' is clicked on

2018-12-10 18:20:42 - [TEST_STEP][PASSED] - delay: Delayed 1 second(s)

2018-12-10 18:20:43 - [MESSAGE][PASSED] - Delayed 1 second(s)

2018-12-10 18:20:43 - [TEST_STEP][PASSED] - setText: Text '810' is set on object 'Object Repository/Final Object Repo/New Registration - Registration Module Pages/Form 1/Insutry Post Code - 810'

2018-12-10 18:20:44 - [MESSAGE][PASSED] - Text '810' is set on object 'Object Repository/Final Object Repo/New Registration - Registration Module Pages/Form 1/Insutry Post Code - 810'

2018-12-10 18:20:44 - [TEST_STEP][PASSED] - delay: Delayed 3 second(s)

2018-12-10 18:20:47 - [MESSAGE][PASSED] - Delayed 3 second(s)

2018-12-10 18:20:47 - [TEST_STEP][PASSED] - click: Object: 'Object Repository/Final Object Repo/New Registration - Registration Module Pages/Form 1/Insutry Post Code - 81000' is clicked on

2018-12-10 18:20:47 - [MESSAGE][PASSED] - Object: 'Object Repository/Final Object Repo/New Registration - Registration Module Pages/Form 1/Insutry Post Code - 81000' is clicked on

2018-12-10 18:20:47 - [TEST_STEP][PASSED] - delay: Delayed 1 second(s)

2018-12-10 18:20:48 - [MESSAGE][PASSED] - Delayed 1 second(s)

2018-12-10 18:20:48 - [TEST_STEP][PASSED] - setText: Text '100' is set on object 'Object Repository/Final Object Repo/New Registration - Registration Module Pages/Form 1/Industry P.O.BOX'

2018-12-10 18:20:48 - [MESSAGE][PASSED] - Text '100' is set on object 'Object Repository/Final Object Repo/New Registration - Registration Module Pages/Form 1/Industry P.O.BOX'

2018-12-10 18:20:48 - [TEST_STEP][PASSED] - setText: Text '100' is set on object 'Object Repository/Final Object Repo/New Registration - Registration Module Pages/Form 1/Industry Locked Bag No'

2018-12-10 18:20:48 - [MESSAGE][PASSED] - Text '100' is set on object 'Object Repository/Final Object Repo/New Registration - Registration Module Pages/Form 1/Industry Locked Bag No'

2018-12-10 18:20:48 - [TEST_STEP][PASSED] - setText: Text '123456789' is set on object 'Object Repository/Final Object Repo/New Registration - Registration Module Pages/Form 1/Telephone No'

2018-12-10 18:20:49 - [MESSAGE][PASSED] - Text '123456789' is set on object 'Object Repository/Final Object Repo/New Registration - Registration Module Pages/Form 1/Telephone No'

2018-12-10 18:20:49 - [TEST_STEP][PASSED] - setText: Text '123456789' is set on object 'Object Repository/Final Object Repo/New Registration - Registration Module Pages/Form 1/Mobile No'

2018-12-10 18:20:49 - [MESSAGE][PASSED] - Text '123456789' is set on object 'Object Repository/Final Object Repo/New Registration - Registration Module Pages/Form 1/Mobile No'

2018-12-10 18:20:49 - [TEST_STEP][PASSED] - setText: Text '123456789' is set on object 'Object Repository/Final Object Repo/New Registration - Registration Module Pages/Form 1/Fax No'

2018-12-10 18:20:49 - [MESSAGE][PASSED] - Text '123456789' is set on object 'Object Repository/Final Object Repo/New Registration - Registration Module Pages/Form 1/Fax No'

2018-12-10 18:20:49 - [TEST_STEP][PASSED] - click: Object: 'Object Repository/Final Object Repo/New Registration - Registration Module Pages/Form 1/Industry Code' is clicked on

2018-12-10 18:20:50 - [MESSAGE][PASSED] - Object: 'Object Repository/Final Object Repo/New Registration - Registration Module Pages/Form 1/Industry Code' is clicked on

2018-12-10 18:20:50 - [TEST_STEP][PASSED] - click: Object: 'Object Repository/Final Object Repo/New Registration - Registration Module Pages/Form 1/Indudustry Code - Crops and Animal' is clicked on

2018-12-10 18:20:50 - [MESSAGE][PASSED] - Object: 'Object Repository/Final Object Repo/New Registration - Registration Module Pages/Form 1/Indudustry Code - Crops and Animal' is clicked on

2018-12-10 18:20:50 - [TEST_STEP][PASSED] - delay: Delayed 1 second(s)

2018-12-10 18:20:51 - [MESSAGE][PASSED] - Delayed 1 second(s)

2018-12-10 18:20:51 - [TEST_STEP][PASSED] - click: Object: 'Object Repository/Final Object Repo/New Registration - Registration Module Pages/Form 1/Sub Industry Code List' is clicked on

2018-12-10 18:20:51 - [MESSAGE][PASSED] - Object: 'Object Repository/Final Object Repo/New Registration - Registration Module Pages/Form 1/Sub Industry Code List' is clicked on

2018-12-10 18:20:51 - [TEST_STEP][PASSED] - click: Object: 'Object Repository/Final Object Repo/New Registration - Registration Module Pages/Form 1/Sub Industry Code List - Growing of Maize' is clicked on

2018-12-10 18:20:51 - [MESSAGE][PASSED] - Object: 'Object Repository/Final Object Repo/New Registration - Registration Module Pages/Form 1/Sub Industry Code List - Growing of Maize' is clicked on

2018-12-10 18:20:51 - [TEST_STEP][PASSED] - setText: Text 'perkeso123@gmail.com' is set on object 'Object Repository/Final Object Repo/New Registration - Registration Module Pages/Form 1/Email'

2018-12-10 18:20:52 - [MESSAGE][PASSED] - Text 'perkeso123@gmail.com' is set on object 'Object Repository/Final Object Repo/New Registration - Registration Module Pages/Form 1/Email'

2018-12-10 18:20:52 - [TEST_STEP][PASSED] - click: Object: 'Object Repository/Final Object Repo/New Registration - Registration Module Pages/Form 1/Method of Contribution Payment' is clicked on

2018-12-10 18:20:52 - [MESSAGE][PASSED] - Object: 'Object Repository/Final Object Repo/New Registration - Registration Module Pages/Form 1/Method of Contribution Payment' is clicked on

2018-12-10 18:20:52 - [TEST_STEP][PASSED] - click: Object: 'Object Repository/Final Object Repo/New Registration - Registration Module Pages/Form 1/Method of Contribution Payment - Portal' is clicked on

2018-12-10 18:20:52 - [MESSAGE][PASSED] - Object: 'Object Repository/Final Object Repo/New Registration - Registration Module Pages/Form 1/Method of Contribution Payment - Portal' is clicked on

2018-12-10 18:20:52 - [TEST_STEP][PASSED] - click: Object: 'Object Repository/Final Object Repo/New Registration - Registration Module Pages/Form 1/Servide Type' is clicked on

2018-12-10 18:20:53 - [MESSAGE][PASSED] - Object: 'Object Repository/Final Object Repo/New Registration - Registration Module Pages/Form 1/Servide Type' is clicked on

2018-12-10 18:20:53 - [TEST_STEP][PASSED] - click: Object: 'Object Repository/Final Object Repo/New Registration - Registration Module Pages/Form 1/Servide Type - Professional Bodies' is clicked on

2018-12-10 18:20:53 - [MESSAGE][PASSED] - Object: 'Object Repository/Final Object Repo/New Registration - Registration Module Pages/Form 1/Servide Type - Professional Bodies' is clicked on

2018-12-10 18:20:53 - [TEST_STEP][PASSED] - click: Object: 'Object Repository/Final Object Repo/New Registration - Registration Module Pages/Form 1/Industry Venue' is clicked on

2018-12-10 18:20:53 - [MESSAGE][PASSED] - Object: 'Object Repository/Final Object Repo/New Registration - Registration Module Pages/Form 1/Industry Venue' is clicked on

2018-12-10 18:20:53 - [TEST_STEP][PASSED] - click: Object: 'Object Repository/Final Object Repo/New Registration - Registration Module Pages/Form 1/Industry Venue -  PPN JOHOR' is clicked on

2018-12-10 18:20:53 - [MESSAGE][PASSED] - Object: 'Object Repository/Final Object Repo/New Registration - Registration Module Pages/Form 1/Industry Venue -  PPN JOHOR' is clicked on

2018-12-10 18:20:53 - [TEST_STEP][PASSED] - click: Object: 'Object Repository/Final Object Repo/New Registration - Registration Module Pages/Form 1/Save  Continue' is clicked on

2018-12-10 18:20:53 - [MESSAGE][PASSED] - Object: 'Object Repository/Final Object Repo/New Registration - Registration Module Pages/Form 1/Save  Continue' is clicked on

2018-12-10 18:20:53 - [MESSAGE][PASSED] - Call Test Case 'Test Cases/Final Aug 2018 - PKS Automation/Registration Module/New Registration/Form 1/Form 1 - Sole Proprietor - Registered with Agencies' successfully

2018-12-10 18:20:53 - [TEST_STEP][PASSED] - callTestCase: Call Test Case 'Test Cases/Final Aug 2018 - PKS Automation/Registration Module/New Registration/Form 2/Add 2 Eligible 2 Not Eligible' successfully

2018-12-10 18:20:53 - [TEST_CASE][PASSED] - Test Cases/Final Aug 2018 - PKS Automation/Registration Module/New Registration/Form 2/Add 2 Eligible 2 Not Eligible: Test Cases/Final Aug 2018 - PKS Automation/Registration Module/New Registration/Form 2/Add 2 Eligible 2 Not Eligible

2018-12-10 18:20:53 - [TEST_STEP][PASSED] - delay: Delayed 2 second(s)

2018-12-10 18:20:55 - [MESSAGE][PASSED] - Delayed 2 second(s)

2018-12-10 18:20:55 - [TEST_STEP][PASSED] - callTestCase: Call Test Case 'Test Cases/Final Aug 2018 - PKS Automation/Registration Module/New Registration/Form 2/Date Updater' successfully

2018-12-10 18:20:55 - [TEST_CASE][PASSED] - Test Cases/Final Aug 2018 - PKS Automation/Registration Module/New Registration/Form 2/Date Updater: Test Cases/Final Aug 2018 - PKS Automation/Registration Module/New Registration/Form 2/Date Updater

2018-12-10 18:20:56 - [TEST_STEP][PASSED] - Statement - TodayDate = new java.util.Date(): null

2018-12-10 18:20:56 - [TEST_STEP][PASSED] - Statement - CurrentDateNoFilter = new java.text.SimpleDateFormat(): null

2018-12-10 18:20:56 - [TEST_STEP][PASSED] - Statement - CurrentDateNoFilter.applyPattern("MM"): null

2018-12-10 18:20:56 - [TEST_STEP][PASSED] - Statement - monthContainerMatcher = java.lang.Integer.parseInt(CurrentDateNoFilter.format(TodayDate)): null

2018-12-10 18:20:56 - [TEST_STEP][PASSED] - Statement - monthContainerMatcher = monthContainerMatcher - 1: null

2018-12-10 18:20:56 - [TEST_STEP][PASSED] - Statement - CurrentMonth = monthContainerMatcher.toString(): null

2018-12-10 18:20:56 - [TEST_STEP][PASSED] - Statement - CurrentMonth = CurrentMonth: null

2018-12-10 18:20:56 - [TEST_STEP][PASSED] - Statement - CurrentDateNoFilter.applyPattern("yyyy"): null

2018-12-10 18:20:56 - [TEST_STEP][PASSED] - Statement - CurrentYear = CurrentDateNoFilter.format(TodayDate): null

2018-12-10 18:20:56 - [TEST_STEP][PASSED] - Statement - CurrentYear = CurrentYear: null

2018-12-10 18:20:56 - [TEST_STEP][PASSED] - Statement - intCurrentYear = java.lang.Integer.parseInt(CurrentDateNoFilter.format(TodayDate)): null

2018-12-10 18:20:56 - [TEST_STEP][PASSED] - Statement - eighteenYrsAgo = intCurrentYear - 18: null

2018-12-10 18:20:56 - [TEST_STEP][PASSED] - Statement - eighteenYrsBeforeThisYr = eighteenYrsAgo.toString(): null

2018-12-10 18:20:56 - [TEST_STEP][PASSED] - Statement - EighteenYrsBefore = eighteenYrsBeforeThisYr: null

2018-12-10 18:20:56 - [TEST_STEP][PASSED] - Statement - fiftysevenYrsAgo = intCurrentYear - 57: null

2018-12-10 18:20:56 - [TEST_STEP][PASSED] - Statement - fiftysevenYrsBeforeThisYr = fiftysevenYrsAgo.toString(): null

2018-12-10 18:20:56 - [TEST_STEP][PASSED] - Statement - FiftysevenYrsBefore = fiftysevenYrsBeforeThisYr: null

2018-12-10 18:20:56 - [TEST_STEP][PASSED] - Statement - leapYear = false: null

2018-12-10 18:20:56 - [TEST_STEP][PASSED] - Statement - leapYear = intCurrentYear % 4 == 0: null

2018-12-10 18:20:56 - [TEST_STEP][PASSED] - Statement - CurrentDateNoFilter.applyPattern("dd"): null

2018-12-10 18:20:56 - [TEST_STEP][PASSED] - Statement - CurrentDate = CurrentDateNoFilter.format(TodayDate): null

2018-12-10 18:20:56 - [TEST_STEP][PASSED] - Statement - CurrentDate = java.lang.Integer.parseInt(CurrentDate): null

2018-12-10 18:20:56 - [TEST_STEP][PASSED] - Statement - CurrentDate = CurrentDate: null

2018-12-10 18:20:56 - [TEST_STEP][PASSED] - Statement - CurrentDay = java.lang.Integer.parseInt(CurrentDate): null

2018-12-10 18:20:56 - [TEST_STEP][PASSED] - Statement - ConfAdder = <not implemented yet for class: org.codehaus.groovy.ast.expr.EmptyExpression>: null

2018-12-10 18:20:56 - [TEST_STEP][PASSED] - Statement - out.println(CurrentMonth): null

2018-12-10 18:20:56 - [TEST_STEP][PASSED] - Statement - out.println(CurrentDate): null

2018-12-10 18:20:56 - [TEST_STEP][PASSED] - Statement - switch (CurrentDate): null

2018-12-10 18:20:56 - [TEST_STEP][PASSED] - Statement - Default: null

2018-12-10 18:20:56 - [TEST_STEP][PASSED] - Statement - ConfAdder = true: null

2018-12-10 18:20:56 - [TEST_STEP][PASSED] - Statement - Break: null

2018-12-10 18:20:56 - [TEST_STEP][PASSED] - Statement - aDayBefore = <not implemented yet for class: org.codehaus.groovy.ast.expr.EmptyExpression>: null

2018-12-10 18:20:56 - [TEST_STEP][PASSED] - Statement - out.println(ConfAdder): null

2018-12-10 18:20:56 - [TEST_STEP][PASSED] - Statement - If (ConfAdder == true): null

2018-12-10 18:20:56 - [TEST_STEP][PASSED] - Statement - aDayBefore = CurrentDay + 1: null

2018-12-10 18:20:56 - [TEST_STEP][PASSED] - Statement - out.println(aDayBefore): null

2018-12-10 18:20:56 - [TEST_STEP][PASSED] - Statement - If (aDayBefore == 1 && CurrentMonth == 11): null

2018-12-10 18:20:56 - [TEST_STEP][PASSED] - Statement - DayBefore = aDayBefore.toString(): null

2018-12-10 18:20:56 - [TEST_STEP][PASSED] - Statement - OneDayBefore = DayBefore: null

2018-12-10 18:20:56 - [MESSAGE][PASSED] - Call Test Case 'Test Cases/Final Aug 2018 - PKS Automation/Registration Module/New Registration/Form 2/Date Updater' successfully

2018-12-10 18:20:56 - [TEST_STEP][PASSED] - delay: Delayed 1 second(s)

2018-12-10 18:20:57 - [MESSAGE][PASSED] - Delayed 1 second(s)

2018-12-10 18:20:57 - [TEST_STEP][PASSED] - Statement - CaseReferenceNo = com.kms.katalon.core.webui.keyword.WebUiBuiltInKeywords.getText(com.kms.katalon.core.testobject.ObjectRepository.findTestObject(Final Object Repo/New Registration - Registration Module Pages/Form 2/RefNo Acquiring)): Text of object 'Object Repository/Final Object Repo/New Registration - Registration Module Pages/Form 2/RefNo Acquiring' is: 'CRN12201800123143'

2018-12-10 18:20:57 - [MESSAGE][PASSED] - Text of object 'Object Repository/Final Object Repo/New Registration - Registration Module Pages/Form 2/RefNo Acquiring' is: 'CRN12201800123143'

2018-12-10 18:20:57 - [TEST_STEP][PASSED] - delay: Delayed 1 second(s)

2018-12-10 18:20:58 - [MESSAGE][PASSED] - Delayed 1 second(s)

2018-12-10 18:20:58 - [TEST_STEP][PASSED] - click: Object: 'Object Repository/Final Object Repo/New Registration - Registration Module Pages/Form 2/Add Employee Button' is clicked on

2018-12-10 18:20:58 - [MESSAGE][PASSED] - Object: 'Object Repository/Final Object Repo/New Registration - Registration Module Pages/Form 2/Add Employee Button' is clicked on

2018-12-10 18:20:58 - [TEST_STEP][PASSED] - delay: Delayed 4 second(s)

2018-12-10 18:21:02 - [MESSAGE][PASSED] - Delayed 4 second(s)

2018-12-10 18:21:02 - [TEST_STEP][PASSED] - setText: Text '010903091927' is set on object 'Object Repository/Final Object Repo/New Registration - Registration Module Pages/Form 2/NRIC Input'

2018-12-10 18:21:02 - [MESSAGE][PASSED] - Text '010903091927' is set on object 'Object Repository/Final Object Repo/New Registration - Registration Module Pages/Form 2/NRIC Input'

2018-12-10 18:21:02 - [TEST_STEP][PASSED] - click: Object: 'Object Repository/Final Object Repo/New Registration - Registration Module Pages/Form 2/button for search for IC' is clicked on

2018-12-10 18:21:02 - [MESSAGE][PASSED] - Object: 'Object Repository/Final Object Repo/New Registration - Registration Module Pages/Form 2/button for search for IC' is clicked on

2018-12-10 18:21:02 - [TEST_STEP][PASSED] - delay: Delayed 2 second(s)

2018-12-10 18:21:04 - [MESSAGE][PASSED] - Delayed 2 second(s)

2018-12-10 18:21:04 - [TEST_STEP][PASSED] - setText: Text 'Automate001 eligible 1' is set on object 'Object Repository/Final Object Repo/New Registration - Registration Module Pages/Form 2/Employee Name Input'

2018-12-10 18:21:05 - [MESSAGE][PASSED] - Text 'Automate001 eligible 1' is set on object 'Object Repository/Final Object Repo/New Registration - Registration Module Pages/Form 2/Employee Name Input'

2018-12-10 18:21:05 - [TEST_STEP][PASSED] - delay: Delayed 2 second(s)

2018-12-10 18:21:07 - [MESSAGE][PASSED] - Delayed 2 second(s)

2018-12-10 18:21:07 - [TEST_STEP][PASSED] - click: Object: 'Object Repository/Final Object Repo/New Registration - Registration Module Pages/Form 2/DatePicker Pop Up' is clicked on

2018-12-10 18:21:07 - [MESSAGE][PASSED] - Object: 'Object Repository/Final Object Repo/New Registration - Registration Module Pages/Form 2/DatePicker Pop Up' is clicked on

2018-12-10 18:21:07 - [TEST_STEP][PASSED] - click: Object: 'Object Repository/Final Object Repo/New Registration - Registration Module Pages/Form 2/DOB Month' is clicked on

2018-12-10 18:21:07 - [MESSAGE][PASSED] - Object: 'Object Repository/Final Object Repo/New Registration - Registration Module Pages/Form 2/DOB Month' is clicked on

2018-12-10 18:21:07 - [TEST_STEP][PASSED] - Statement - CurrentMonth = CurrentMonth: null

2018-12-10 18:21:07 - [TEST_STEP][PASSED] - Statement - selectMonth = new com.kms.katalon.core.testobject.TestObject(): null

2018-12-10 18:21:07 - [TEST_STEP][PASSED] - Statement - selectMonth.addProperty("xpath", EQUALS, "//body/div/div/div/select/option[@value='" + CurrentMonth + "']", true): null

2018-12-10 18:21:07 - [TEST_STEP][PASSED] - click: Object: '' is clicked on

2018-12-10 18:21:07 - [MESSAGE][PASSED] - Object: '' is clicked on

2018-12-10 18:21:07 - [TEST_STEP][PASSED] - click: Object: 'Object Repository/Final Object Repo/New Registration - Registration Module Pages/Form 2/DOB Year' is clicked on

2018-12-10 18:21:08 - [MESSAGE][PASSED] - Object: 'Object Repository/Final Object Repo/New Registration - Registration Module Pages/Form 2/DOB Year' is clicked on

2018-12-10 18:21:08 - [TEST_STEP][PASSED] - Statement - Eyearsbf = EighteenYrsBefore: null

2018-12-10 18:21:08 - [TEST_STEP][PASSED] - Statement - selectYear = new com.kms.katalon.core.testobject.TestObject(): null

2018-12-10 18:21:08 - [TEST_STEP][PASSED] - Statement - selectYear.addProperty("xpath", EQUALS, "//div/div/div/select/option[@value='" + Eyearsbf + "']", true): null

2018-12-10 18:21:08 - [TEST_STEP][PASSED] - click: Object: '' is clicked on

2018-12-10 18:21:08 - [MESSAGE][PASSED] - Object: '' is clicked on

2018-12-10 18:21:08 - [TEST_STEP][PASSED] - Statement - UpdatedSelectDate = com.kms.katalon.core.webui.keyword.WebUiBuiltInKeywords.modifyObjectProperty(com.kms.katalon.core.testobject.ObjectRepository.findTestObject(Final Object Repo/New Registration - Registration Module Pages/Form 2/DOB Date), "xpath", "equals", "//body/div/table/tbody/tr/td/a[text()="" + CurrentDate + ""]", true): Modify property of object successfully

2018-12-10 18:21:08 - [MESSAGE][PASSED] - Modify property of object successfully

2018-12-10 18:21:08 - [TEST_STEP][PASSED] - delay: Delayed 3 second(s)

2018-12-10 18:21:11 - [MESSAGE][PASSED] - Delayed 3 second(s)

2018-12-10 18:21:11 - [TEST_STEP][PASSED] - click: Object: 'Object Repository/Final Object Repo/New Registration - Registration Module Pages/Form 2/DOB Date' is clicked on

2018-12-10 18:21:11 - [MESSAGE][PASSED] - Object: 'Object Repository/Final Object Repo/New Registration - Registration Module Pages/Form 2/DOB Date' is clicked on

2018-12-10 18:21:11 - [TEST_STEP][PASSED] - delay: Delayed 2 second(s)

2018-12-10 18:21:13 - [MESSAGE][PASSED] - Delayed 2 second(s)

2018-12-10 18:21:13 - [TEST_STEP][PASSED] - click: Object: 'Object Repository/Final Object Repo/New Registration - Registration Module Pages/Form 2/EmploymentStartDate Pop Up' is clicked on

2018-12-10 18:21:13 - [MESSAGE][PASSED] - Object: 'Object Repository/Final Object Repo/New Registration - Registration Module Pages/Form 2/EmploymentStartDate Pop Up' is clicked on

2018-12-10 18:21:13 - [TEST_STEP][PASSED] - delay: Delayed 2 second(s)

2018-12-10 18:21:15 - [MESSAGE][PASSED] - Delayed 2 second(s)

2018-12-10 18:21:15 - [TEST_STEP][PASSED] - click: Object: 'Object Repository/Final Object Repo/New Registration - Registration Module Pages/Form 2/Socso Employment StartDate Month' is clicked on

2018-12-10 18:21:15 - [MESSAGE][PASSED] - Object: 'Object Repository/Final Object Repo/New Registration - Registration Module Pages/Form 2/Socso Employment StartDate Month' is clicked on

2018-12-10 18:21:15 - [TEST_STEP][PASSED] - delay: Delayed 1 second(s)

2018-12-10 18:21:16 - [MESSAGE][PASSED] - Delayed 1 second(s)

2018-12-10 18:21:16 - [TEST_STEP][PASSED] - click: Object: 'Object Repository/Final Object Repo/New Registration - Registration Module Pages/Form 2/Select Socso Employement Startdate Month' is clicked on

2018-12-10 18:21:16 - [MESSAGE][PASSED] - Object: 'Object Repository/Final Object Repo/New Registration - Registration Module Pages/Form 2/Select Socso Employement Startdate Month' is clicked on

2018-12-10 18:21:16 - [TEST_STEP][PASSED] - delay: Delayed 2 second(s)

2018-12-10 18:21:18 - [MESSAGE][PASSED] - Delayed 2 second(s)

2018-12-10 18:21:18 - [TEST_STEP][PASSED] - click: Object: 'Object Repository/Final Object Repo/New Registration - Registration Module Pages/Form 2/Socso Employment StartDate Year' is clicked on

2018-12-10 18:21:19 - [MESSAGE][PASSED] - Object: 'Object Repository/Final Object Repo/New Registration - Registration Module Pages/Form 2/Socso Employment StartDate Year' is clicked on

2018-12-10 18:21:19 - [TEST_STEP][PASSED] - delay: Delayed 1 second(s)

2018-12-10 18:21:20 - [MESSAGE][PASSED] - Delayed 1 second(s)

2018-12-10 18:21:20 - [TEST_STEP][PASSED] - click: Object: 'Object Repository/Final Object Repo/New Registration - Registration Module Pages/Form 2/Select Socso Employment Startdate Year' is clicked on

2018-12-10 18:21:20 - [MESSAGE][PASSED] - Object: 'Object Repository/Final Object Repo/New Registration - Registration Module Pages/Form 2/Select Socso Employment Startdate Year' is clicked on

2018-12-10 18:21:20 - [TEST_STEP][PASSED] - delay: Delayed 2 second(s)

2018-12-10 18:21:22 - [MESSAGE][PASSED] - Delayed 2 second(s)

2018-12-10 18:21:22 - [TEST_STEP][PASSED] - click: Object: 'Object Repository/Final Object Repo/New Registration - Registration Module Pages/Form 2/Socso Employment Start Date Day' is clicked on

2018-12-10 18:21:22 - [MESSAGE][PASSED] - Object: 'Object Repository/Final Object Repo/New Registration - Registration Module Pages/Form 2/Socso Employment Start Date Day' is clicked on

2018-12-10 18:21:22 - [TEST_STEP][PASSED] - delay: Delayed 2 second(s)

2018-12-10 18:21:24 - [MESSAGE][PASSED] - Delayed 2 second(s)

2018-12-10 18:21:24 - [TEST_STEP][PASSED] - click: Object: 'Object Repository/Final Object Repo/New Registration - Registration Module Pages/Form 2/Save Button for Add Employee' is clicked on

2018-12-10 18:21:24 - [MESSAGE][PASSED] - Object: 'Object Repository/Final Object Repo/New Registration - Registration Module Pages/Form 2/Save Button for Add Employee' is clicked on

2018-12-10 18:21:24 - [TEST_STEP][PASSED] - delay: Delayed 6 second(s)

2018-12-10 18:21:30 - [MESSAGE][PASSED] - Delayed 6 second(s)

2018-12-10 18:21:30 - [TEST_STEP][PASSED] - click: Object: 'Object Repository/Final Object Repo/New Registration - Registration Module Pages/Form 2/Add Employee Button' is clicked on

2018-12-10 18:21:30 - [MESSAGE][PASSED] - Object: 'Object Repository/Final Object Repo/New Registration - Registration Module Pages/Form 2/Add Employee Button' is clicked on

2018-12-10 18:21:30 - [TEST_STEP][PASSED] - delay: Delayed 4 second(s)

2018-12-10 18:21:34 - [MESSAGE][PASSED] - Delayed 4 second(s)

2018-12-10 18:21:34 - [TEST_STEP][PASSED] - setText: Text '620904059691' is set on object 'Object Repository/Final Object Repo/New Registration - Registration Module Pages/Form 2/NRIC Input'

2018-12-10 18:21:35 - [MESSAGE][PASSED] - Text '620904059691' is set on object 'Object Repository/Final Object Repo/New Registration - Registration Module Pages/Form 2/NRIC Input'

2018-12-10 18:21:35 - [TEST_STEP][PASSED] - click: Object: 'Object Repository/Final Object Repo/New Registration - Registration Module Pages/Form 2/button for search for IC' is clicked on

2018-12-10 18:21:35 - [MESSAGE][PASSED] - Object: 'Object Repository/Final Object Repo/New Registration - Registration Module Pages/Form 2/button for search for IC' is clicked on

2018-12-10 18:21:35 - [TEST_STEP][PASSED] - delay: Delayed 2 second(s)

2018-12-10 18:21:37 - [MESSAGE][PASSED] - Delayed 2 second(s)

2018-12-10 18:21:37 - [TEST_STEP][PASSED] - setText: Text 'Automate001 eligible 2' is set on object 'Object Repository/Final Object Repo/New Registration - Registration Module Pages/Form 2/Employee Name Input'

2018-12-10 18:21:37 - [MESSAGE][PASSED] - Text 'Automate001 eligible 2' is set on object 'Object Repository/Final Object Repo/New Registration - Registration Module Pages/Form 2/Employee Name Input'

2018-12-10 18:21:37 - [TEST_STEP][PASSED] - delay: Delayed 2 second(s)

2018-12-10 18:21:39 - [MESSAGE][PASSED] - Delayed 2 second(s)

2018-12-10 18:21:39 - [TEST_STEP][PASSED] - click: Object: 'Object Repository/Final Object Repo/New Registration - Registration Module Pages/Form 2/DatePicker Pop Up' is clicked on

2018-12-10 18:21:39 - [MESSAGE][PASSED] - Object: 'Object Repository/Final Object Repo/New Registration - Registration Module Pages/Form 2/DatePicker Pop Up' is clicked on

2018-12-10 18:21:39 - [TEST_STEP][PASSED] - delay: Delayed 2 second(s)

2018-12-10 18:21:41 - [MESSAGE][PASSED] - Delayed 2 second(s)

2018-12-10 18:21:41 - [TEST_STEP][PASSED] - click: Object: 'Object Repository/Final Object Repo/New Registration - Registration Module Pages/Form 2/DOB Month' is clicked on

2018-12-10 18:21:42 - [MESSAGE][PASSED] - Object: 'Object Repository/Final Object Repo/New Registration - Registration Module Pages/Form 2/DOB Month' is clicked on

2018-12-10 18:21:42 - [TEST_STEP][PASSED] - Statement - selectMonth = com.kms.katalon.core.webui.keyword.WebUiBuiltInKeywords.modifyObjectProperty(selectMonth, "xpath", "equals", "//body/div/div/div/select/option[@value="" + CurrentMonth + ""]", true): Modify property of object successfully

2018-12-10 18:21:42 - [MESSAGE][PASSED] - Modify property of object successfully

2018-12-10 18:21:42 - [TEST_STEP][PASSED] - click: Object: '' is clicked on

2018-12-10 18:21:42 - [MESSAGE][PASSED] - Object: '' is clicked on

2018-12-10 18:21:42 - [TEST_STEP][PASSED] - click: Object: 'Object Repository/Final Object Repo/New Registration - Registration Module Pages/Form 2/DOB Year' is clicked on

2018-12-10 18:21:42 - [MESSAGE][PASSED] - Object: 'Object Repository/Final Object Repo/New Registration - Registration Module Pages/Form 2/DOB Year' is clicked on

2018-12-10 18:21:42 - [TEST_STEP][PASSED] - Statement - selectYear = com.kms.katalon.core.webui.keyword.WebUiBuiltInKeywords.modifyObjectProperty(selectYear, "xpath", "equals", "//div/div/div/select/option[@value="" + FiftysevenYrsBefore + ""]", true): Modify property of object successfully

2018-12-10 18:21:42 - [MESSAGE][PASSED] - Modify property of object successfully

2018-12-10 18:21:42 - [TEST_STEP][PASSED] - click: Object: '' is clicked on

2018-12-10 18:21:42 - [MESSAGE][PASSED] - Object: '' is clicked on

2018-12-10 18:21:42 - [TEST_STEP][PASSED] - Statement - UpdatedSelectDate = com.kms.katalon.core.webui.keyword.WebUiBuiltInKeywords.modifyObjectProperty(com.kms.katalon.core.testobject.ObjectRepository.findTestObject(Final Object Repo/New Registration - Registration Module Pages/Form 2/DOB Date), "xpath", "equals", "//body/div/table/tbody/tr/td/a[text()="" + OneDayBefore + ""]", true): Modify property of object successfully

2018-12-10 18:21:42 - [MESSAGE][PASSED] - Modify property of object successfully

2018-12-10 18:21:42 - [TEST_STEP][PASSED] - click: Object: 'Object Repository/Final Object Repo/New Registration - Registration Module Pages/Form 2/DOB Date' is clicked on

2018-12-10 18:21:42 - [MESSAGE][PASSED] - Object: 'Object Repository/Final Object Repo/New Registration - Registration Module Pages/Form 2/DOB Date' is clicked on

2018-12-10 18:21:42 - [TEST_STEP][PASSED] - delay: Delayed 2 second(s)

2018-12-10 18:21:44 - [MESSAGE][PASSED] - Delayed 2 second(s)

2018-12-10 18:21:44 - [TEST_STEP][PASSED] - click: Object: 'Object Repository/Final Object Repo/New Registration - Registration Module Pages/Form 2/EmploymentStartDate Pop Up' is clicked on

2018-12-10 18:21:44 - [MESSAGE][PASSED] - Object: 'Object Repository/Final Object Repo/New Registration - Registration Module Pages/Form 2/EmploymentStartDate Pop Up' is clicked on

2018-12-10 18:21:44 - [TEST_STEP][PASSED] - delay: Delayed 2 second(s)

2018-12-10 18:21:46 - [MESSAGE][PASSED] - Delayed 2 second(s)

2018-12-10 18:21:46 - [TEST_STEP][PASSED] - click: Object: 'Object Repository/Final Object Repo/New Registration - Registration Module Pages/Form 2/Socso Employment StartDate Month' is clicked on

2018-12-10 18:21:46 - [MESSAGE][PASSED] - Object: 'Object Repository/Final Object Repo/New Registration - Registration Module Pages/Form 2/Socso Employment StartDate Month' is clicked on

2018-12-10 18:21:46 - [TEST_STEP][PASSED] - delay: Delayed 1 second(s)

2018-12-10 18:21:47 - [MESSAGE][PASSED] - Delayed 1 second(s)

2018-12-10 18:21:47 - [TEST_STEP][PASSED] - click: Object: 'Object Repository/Final Object Repo/New Registration - Registration Module Pages/Form 2/Select Socso Employement Startdate Month' is clicked on

2018-12-10 18:21:48 - [MESSAGE][PASSED] - Object: 'Object Repository/Final Object Repo/New Registration - Registration Module Pages/Form 2/Select Socso Employement Startdate Month' is clicked on

2018-12-10 18:21:48 - [TEST_STEP][PASSED] - delay: Delayed 2 second(s)

2018-12-10 18:21:50 - [MESSAGE][PASSED] - Delayed 2 second(s)

2018-12-10 18:21:50 - [TEST_STEP][PASSED] - click: Object: 'Object Repository/Final Object Repo/New Registration - Registration Module Pages/Form 2/Socso Employment StartDate Year' is clicked on

2018-12-10 18:21:50 - [MESSAGE][PASSED] - Object: 'Object Repository/Final Object Repo/New Registration - Registration Module Pages/Form 2/Socso Employment StartDate Year' is clicked on

2018-12-10 18:21:50 - [TEST_STEP][PASSED] - delay: Delayed 1 second(s)

2018-12-10 18:21:51 - [MESSAGE][PASSED] - Delayed 1 second(s)

2018-12-10 18:21:51 - [TEST_STEP][PASSED] - click: Object: 'Object Repository/Final Object Repo/New Registration - Registration Module Pages/Form 2/Select Socso Employment Startdate Year' is clicked on

2018-12-10 18:21:51 - [MESSAGE][PASSED] - Object: 'Object Repository/Final Object Repo/New Registration - Registration Module Pages/Form 2/Select Socso Employment Startdate Year' is clicked on

2018-12-10 18:21:51 - [TEST_STEP][PASSED] - delay: Delayed 2 second(s)

2018-12-10 18:21:53 - [MESSAGE][PASSED] - Delayed 2 second(s)

2018-12-10 18:21:53 - [TEST_STEP][PASSED] - click: Object: 'Object Repository/Final Object Repo/New Registration - Registration Module Pages/Form 2/Socso Employment Start Date Day' is clicked on

2018-12-10 18:21:53 - [MESSAGE][PASSED] - Object: 'Object Repository/Final Object Repo/New Registration - Registration Module Pages/Form 2/Socso Employment Start Date Day' is clicked on

2018-12-10 18:21:53 - [TEST_STEP][PASSED] - delay: Delayed 2 second(s)

2018-12-10 18:21:55 - [MESSAGE][PASSED] - Delayed 2 second(s)

2018-12-10 18:21:55 - [TEST_STEP][PASSED] - click: Object: 'Object Repository/Final Object Repo/New Registration - Registration Module Pages/Form 2/Save Button for Add Employee' is clicked on

2018-12-10 18:21:55 - [MESSAGE][PASSED] - Object: 'Object Repository/Final Object Repo/New Registration - Registration Module Pages/Form 2/Save Button for Add Employee' is clicked on

2018-12-10 18:21:55 - [TEST_STEP][PASSED] - delay: Delayed 4 second(s)

2018-12-10 18:21:59 - [MESSAGE][PASSED] - Delayed 4 second(s)

2018-12-10 18:21:59 - [TEST_STEP][PASSED] - delay: Delayed 30 second(s)

2018-12-10 18:22:29 - [MESSAGE][PASSED] - Delayed 30 second(s)

2018-12-10 18:22:29 - [TEST_STEP][PASSED] - click: Object: 'Object Repository/Final Object Repo/New Registration - Registration Module Pages/Form 2/Add Employee Button' is clicked on

2018-12-10 18:22:30 - [MESSAGE][PASSED] - Object: 'Object Repository/Final Object Repo/New Registration - Registration Module Pages/Form 2/Add Employee Button' is clicked on

2018-12-10 18:22:30 - [TEST_STEP][PASSED] - delay: Delayed 4 second(s)

2018-12-10 18:22:34 - [MESSAGE][PASSED] - Delayed 4 second(s)

2018-12-10 18:22:34 - [TEST_STEP][PASSED] - setText: Text '000209039145' is set on object 'Object Repository/Final Object Repo/New Registration - Registration Module Pages/Form 2/NRIC Input'

2018-12-10 18:22:34 - [MESSAGE][PASSED] - Text '000209039145' is set on object 'Object Repository/Final Object Repo/New Registration - Registration Module Pages/Form 2/NRIC Input'

2018-12-10 18:22:34 - [TEST_STEP][PASSED] - click: Object: 'Object Repository/Final Object Repo/New Registration - Registration Module Pages/Form 2/button for search for IC' is clicked on

2018-12-10 18:22:34 - [MESSAGE][PASSED] - Object: 'Object Repository/Final Object Repo/New Registration - Registration Module Pages/Form 2/button for search for IC' is clicked on

2018-12-10 18:22:34 - [TEST_STEP][PASSED] - delay: Delayed 2 second(s)

2018-12-10 18:22:36 - [MESSAGE][PASSED] - Delayed 2 second(s)

2018-12-10 18:22:36 - [TEST_STEP][PASSED] - setText: Text 'Automate001 not eligible 1' is set on object 'Object Repository/Final Object Repo/New Registration - Registration Module Pages/Form 2/Employee Name Input'

2018-12-10 18:22:37 - [MESSAGE][PASSED] - Text 'Automate001 not eligible 1' is set on object 'Object Repository/Final Object Repo/New Registration - Registration Module Pages/Form 2/Employee Name Input'

2018-12-10 18:22:37 - [TEST_STEP][PASSED] - delay: Delayed 2 second(s)

2018-12-10 18:22:39 - [MESSAGE][PASSED] - Delayed 2 second(s)

2018-12-10 18:22:39 - [TEST_STEP][PASSED] - click: Object: 'Object Repository/Final Object Repo/New Registration - Registration Module Pages/Form 2/DatePicker Pop Up' is clicked on

2018-12-10 18:22:39 - [MESSAGE][PASSED] - Object: 'Object Repository/Final Object Repo/New Registration - Registration Module Pages/Form 2/DatePicker Pop Up' is clicked on

2018-12-10 18:22:39 - [TEST_STEP][PASSED] - delay: Delayed 2 second(s)

2018-12-10 18:22:41 - [MESSAGE][PASSED] - Delayed 2 second(s)

2018-12-10 18:22:41 - [TEST_STEP][PASSED] - click: Object: 'Object Repository/Final Object Repo/New Registration - Registration Module Pages/Form 2/DOB Month' is clicked on

2018-12-10 18:22:41 - [MESSAGE][PASSED] - Object: 'Object Repository/Final Object Repo/New Registration - Registration Module Pages/Form 2/DOB Month' is clicked on

2018-12-10 18:22:41 - [TEST_STEP][PASSED] - Statement - selectMonth = com.kms.katalon.core.webui.keyword.WebUiBuiltInKeywords.modifyObjectProperty(selectMonth, "xpath", "equals", "//body/div/div/div/select/option[@value="" + CurrentMonth + ""]", true): Modify property of object successfully

2018-12-10 18:22:41 - [MESSAGE][PASSED] - Modify property of object successfully

2018-12-10 18:22:41 - [TEST_STEP][PASSED] - click: Object: '' is clicked on

2018-12-10 18:22:41 - [MESSAGE][PASSED] - Object: '' is clicked on

2018-12-10 18:22:41 - [TEST_STEP][PASSED] - click: Object: 'Object Repository/Final Object Repo/New Registration - Registration Module Pages/Form 2/DOB Year' is clicked on

2018-12-10 18:22:41 - [MESSAGE][PASSED] - Object: 'Object Repository/Final Object Repo/New Registration - Registration Module Pages/Form 2/DOB Year' is clicked on

2018-12-10 18:22:41 - [TEST_STEP][PASSED] - Statement - selectYear = com.kms.katalon.core.webui.keyword.WebUiBuiltInKeywords.modifyObjectProperty(selectYear, "xpath", "equals", "//div/div/div/select/option[@value="" + EighteenYrsBefore + ""]", true): Modify property of object successfully

2018-12-10 18:22:41 - [MESSAGE][PASSED] - Modify property of object successfully

2018-12-10 18:22:41 - [TEST_STEP][PASSED] - click: Object: '' is clicked on

2018-12-10 18:22:41 - [MESSAGE][PASSED] - Object: '' is clicked on

2018-12-10 18:22:41 - [TEST_STEP][PASSED] - Statement - UpdatedSelectDate = com.kms.katalon.core.webui.keyword.WebUiBuiltInKeywords.modifyObjectProperty(com.kms.katalon.core.testobject.ObjectRepository.findTestObject(Final Object Repo/New Registration - Registration Module Pages/Form 2/DOB Date), "xpath", "equals", "//body/div/table/tbody/tr/td/a[text()="" + OneDayBefore + ""]", true): Modify property of object successfully

2018-12-10 18:22:41 - [MESSAGE][PASSED] - Modify property of object successfully

2018-12-10 18:22:41 - [TEST_STEP][PASSED] - click: Object: 'Object Repository/Final Object Repo/New Registration - Registration Module Pages/Form 2/DOB Date' is clicked on

2018-12-10 18:22:42 - [MESSAGE][PASSED] - Object: 'Object Repository/Final Object Repo/New Registration - Registration Module Pages/Form 2/DOB Date' is clicked on

2018-12-10 18:22:42 - [TEST_STEP][PASSED] - delay: Delayed 2 second(s)

2018-12-10 18:22:44 - [MESSAGE][PASSED] - Delayed 2 second(s)

2018-12-10 18:22:44 - [TEST_STEP][PASSED] - click: Object: 'Object Repository/Final Object Repo/New Registration - Registration Module Pages/Form 2/EmploymentStartDate Pop Up' is clicked on

2018-12-10 18:22:44 - [MESSAGE][PASSED] - Object: 'Object Repository/Final Object Repo/New Registration - Registration Module Pages/Form 2/EmploymentStartDate Pop Up' is clicked on

2018-12-10 18:22:44 - [TEST_STEP][PASSED] - delay: Delayed 2 second(s)

2018-12-10 18:22:46 - [MESSAGE][PASSED] - Delayed 2 second(s)

2018-12-10 18:22:46 - [TEST_STEP][PASSED] - click: Object: 'Object Repository/Final Object Repo/New Registration - Registration Module Pages/Form 2/Socso Employment StartDate Month' is clicked on

2018-12-10 18:22:46 - [MESSAGE][PASSED] - Object: 'Object Repository/Final Object Repo/New Registration - Registration Module Pages/Form 2/Socso Employment StartDate Month' is clicked on

2018-12-10 18:22:46 - [TEST_STEP][PASSED] - delay: Delayed 1 second(s)

2018-12-10 18:22:47 - [MESSAGE][PASSED] - Delayed 1 second(s)

2018-12-10 18:22:47 - [TEST_STEP][PASSED] - click: Object: 'Object Repository/Final Object Repo/New Registration - Registration Module Pages/Form 2/Select Socso Employement Startdate Month' is clicked on

2018-12-10 18:22:47 - [MESSAGE][PASSED] - Object: 'Object Repository/Final Object Repo/New Registration - Registration Module Pages/Form 2/Select Socso Employement Startdate Month' is clicked on

2018-12-10 18:22:47 - [TEST_STEP][PASSED] - delay: Delayed 2 second(s)

2018-12-10 18:22:49 - [MESSAGE][PASSED] - Delayed 2 second(s)

2018-12-10 18:22:49 - [TEST_STEP][PASSED] - click: Object: 'Object Repository/Final Object Repo/New Registration - Registration Module Pages/Form 2/Socso Employment StartDate Year' is clicked on

2018-12-10 18:22:49 - [MESSAGE][PASSED] - Object: 'Object Repository/Final Object Repo/New Registration - Registration Module Pages/Form 2/Socso Employment StartDate Year' is clicked on

2018-12-10 18:22:49 - [TEST_STEP][PASSED] - delay: Delayed 1 second(s)

2018-12-10 18:22:50 - [MESSAGE][PASSED] - Delayed 1 second(s)

2018-12-10 18:22:50 - [TEST_STEP][PASSED] - click: Object: 'Object Repository/Final Object Repo/New Registration - Registration Module Pages/Form 2/Select Socso Employment Startdate Year' is clicked on

2018-12-10 18:22:50 - [MESSAGE][PASSED] - Object: 'Object Repository/Final Object Repo/New Registration - Registration Module Pages/Form 2/Select Socso Employment Startdate Year' is clicked on

2018-12-10 18:22:50 - [TEST_STEP][PASSED] - delay: Delayed 2 second(s)

2018-12-10 18:22:52 - [MESSAGE][PASSED] - Delayed 2 second(s)

2018-12-10 18:22:52 - [TEST_STEP][PASSED] - click: Object: 'Object Repository/Final Object Repo/New Registration - Registration Module Pages/Form 2/Socso Employment Start Date Day' is clicked on

2018-12-10 18:22:53 - [MESSAGE][PASSED] - Object: 'Object Repository/Final Object Repo/New Registration - Registration Module Pages/Form 2/Socso Employment Start Date Day' is clicked on

2018-12-10 18:22:53 - [TEST_STEP][PASSED] - delay: Delayed 2 second(s)

2018-12-10 18:22:55 - [MESSAGE][PASSED] - Delayed 2 second(s)

2018-12-10 18:22:55 - [TEST_STEP][PASSED] - click: Object: 'Object Repository/Final Object Repo/New Registration - Registration Module Pages/Form 2/Save Button for Add Employee' is clicked on

2018-12-10 18:22:55 - [MESSAGE][PASSED] - Object: 'Object Repository/Final Object Repo/New Registration - Registration Module Pages/Form 2/Save Button for Add Employee' is clicked on

2018-12-10 18:22:55 - [TEST_STEP][PASSED] - delay: Delayed 6 second(s)

2018-12-10 18:23:01 - [MESSAGE][PASSED] - Delayed 6 second(s)

2018-12-10 18:23:01 - [TEST_STEP][PASSED] - click: Object: 'Object Repository/Final Object Repo/New Registration - Registration Module Pages/Form 2/Add Employee Button' is clicked on

2018-12-10 18:23:01 - [MESSAGE][PASSED] - Object: 'Object Repository/Final Object Repo/New Registration - Registration Module Pages/Form 2/Add Employee Button' is clicked on

2018-12-10 18:23:01 - [TEST_STEP][PASSED] - delay: Delayed 4 second(s)

2018-12-10 18:23:05 - [MESSAGE][PASSED] - Delayed 4 second(s)

2018-12-10 18:23:05 - [TEST_STEP][PASSED] - setText: Text '600203039154' is set on object 'Object Repository/Final Object Repo/New Registration - Registration Module Pages/Form 2/NRIC Input'

2018-12-10 18:23:05 - [MESSAGE][PASSED] - Text '600203039154' is set on object 'Object Repository/Final Object Repo/New Registration - Registration Module Pages/Form 2/NRIC Input'

2018-12-10 18:23:05 - [TEST_STEP][PASSED] - click: Object: 'Object Repository/Final Object Repo/New Registration - Registration Module Pages/Form 2/button for search for IC' is clicked on

2018-12-10 18:23:05 - [MESSAGE][PASSED] - Object: 'Object Repository/Final Object Repo/New Registration - Registration Module Pages/Form 2/button for search for IC' is clicked on

2018-12-10 18:23:05 - [TEST_STEP][PASSED] - delay: Delayed 2 second(s)

2018-12-10 18:23:07 - [MESSAGE][PASSED] - Delayed 2 second(s)

2018-12-10 18:23:07 - [TEST_STEP][PASSED] - setText: Text 'Automate001 not eligible 2' is set on object 'Object Repository/Final Object Repo/New Registration - Registration Module Pages/Form 2/Employee Name Input'

2018-12-10 18:23:08 - [MESSAGE][PASSED] - Text 'Automate001 not eligible 2' is set on object 'Object Repository/Final Object Repo/New Registration - Registration Module Pages/Form 2/Employee Name Input'

2018-12-10 18:23:08 - [TEST_STEP][PASSED] - delay: Delayed 2 second(s)

2018-12-10 18:23:10 - [MESSAGE][PASSED] - Delayed 2 second(s)

2018-12-10 18:23:10 - [TEST_STEP][PASSED] - click: Object: 'Object Repository/Final Object Repo/New Registration - Registration Module Pages/Form 2/DatePicker Pop Up' is clicked on

2018-12-10 18:23:10 - [MESSAGE][PASSED] - Object: 'Object Repository/Final Object Repo/New Registration - Registration Module Pages/Form 2/DatePicker Pop Up' is clicked on

2018-12-10 18:23:10 - [TEST_STEP][PASSED] - delay: Delayed 2 second(s)

2018-12-10 18:23:12 - [MESSAGE][PASSED] - Delayed 2 second(s)

2018-12-10 18:23:12 - [TEST_STEP][PASSED] - click: Object: 'Object Repository/Final Object Repo/New Registration - Registration Module Pages/Form 2/DOB Month' is clicked on

2018-12-10 18:23:12 - [MESSAGE][PASSED] - Object: 'Object Repository/Final Object Repo/New Registration - Registration Module Pages/Form 2/DOB Month' is clicked on

2018-12-10 18:23:12 - [TEST_STEP][PASSED] - Statement - selectMonth = com.kms.katalon.core.webui.keyword.WebUiBuiltInKeywords.modifyObjectProperty(selectMonth, "xpath", "equals", "//body/div/div/div/select/option[@value="" + CurrentMonth + ""]", true): Modify property of object successfully

2018-12-10 18:23:12 - [MESSAGE][PASSED] - Modify property of object successfully

2018-12-10 18:23:12 - [TEST_STEP][PASSED] - click: Object: '' is clicked on

2018-12-10 18:23:12 - [MESSAGE][PASSED] - Object: '' is clicked on

2018-12-10 18:23:12 - [TEST_STEP][PASSED] - click: Object: 'Object Repository/Final Object Repo/New Registration - Registration Module Pages/Form 2/DOB Year' is clicked on

2018-12-10 18:23:13 - [MESSAGE][PASSED] - Object: 'Object Repository/Final Object Repo/New Registration - Registration Module Pages/Form 2/DOB Year' is clicked on

2018-12-10 18:23:13 - [TEST_STEP][PASSED] - Statement - selectYear = com.kms.katalon.core.webui.keyword.WebUiBuiltInKeywords.modifyObjectProperty(selectYear, "xpath", "equals", "//div/div/div/select/option[@value="" + FiftysevenYrsBefore + ""]", true): Modify property of object successfully

2018-12-10 18:23:13 - [MESSAGE][PASSED] - Modify property of object successfully

2018-12-10 18:23:13 - [TEST_STEP][PASSED] - click: Object: '' is clicked on

2018-12-10 18:23:13 - [MESSAGE][PASSED] - Object: '' is clicked on

2018-12-10 18:23:13 - [TEST_STEP][PASSED] - Statement - UpdatedSelectDate = com.kms.katalon.core.webui.keyword.WebUiBuiltInKeywords.modifyObjectProperty(com.kms.katalon.core.testobject.ObjectRepository.findTestObject(Final Object Repo/New Registration - Registration Module Pages/Form 2/DOB Date), "xpath", "equals", "//body/div/table/tbody/tr/td/a[text()="" + CurrentDate + ""]", true): Modify property of object successfully

2018-12-10 18:23:13 - [MESSAGE][PASSED] - Modify property of object successfully

2018-12-10 18:23:13 - [TEST_STEP][PASSED] - click: Object: 'Object Repository/Final Object Repo/New Registration - Registration Module Pages/Form 2/DOB Date' is clicked on

2018-12-10 18:23:13 - [MESSAGE][PASSED] - Object: 'Object Repository/Final Object Repo/New Registration - Registration Module Pages/Form 2/DOB Date' is clicked on

2018-12-10 18:23:13 - [TEST_STEP][PASSED] - click: Object: 'Object Repository/Final Object Repo/New Registration - Registration Module Pages/Form 2/EmploymentStartDate Pop Up' is clicked on

2018-12-10 18:23:13 - [MESSAGE][PASSED] - Object: 'Object Repository/Final Object Repo/New Registration - Registration Module Pages/Form 2/EmploymentStartDate Pop Up' is clicked on

2018-12-10 18:23:13 - [TEST_STEP][PASSED] - delay: Delayed 2 second(s)

2018-12-10 18:23:15 - [MESSAGE][PASSED] - Delayed 2 second(s)

2018-12-10 18:23:15 - [TEST_STEP][PASSED] - click: Object: 'Object Repository/Final Object Repo/New Registration - Registration Module Pages/Form 2/Socso Employment StartDate Month' is clicked on

2018-12-10 18:23:15 - [MESSAGE][PASSED] - Object: 'Object Repository/Final Object Repo/New Registration - Registration Module Pages/Form 2/Socso Employment StartDate Month' is clicked on

2018-12-10 18:23:15 - [TEST_STEP][PASSED] - delay: Delayed 1 second(s)

2018-12-10 18:23:16 - [MESSAGE][PASSED] - Delayed 1 second(s)

2018-12-10 18:23:16 - [TEST_STEP][PASSED] - click: Object: 'Object Repository/Final Object Repo/New Registration - Registration Module Pages/Form 2/Select Socso Employement Startdate Month' is clicked on

2018-12-10 18:23:16 - [MESSAGE][PASSED] - Object: 'Object Repository/Final Object Repo/New Registration - Registration Module Pages/Form 2/Select Socso Employement Startdate Month' is clicked on

2018-12-10 18:23:16 - [TEST_STEP][PASSED] - delay: Delayed 2 second(s)

2018-12-10 18:23:18 - [MESSAGE][PASSED] - Delayed 2 second(s)

2018-12-10 18:23:18 - [TEST_STEP][PASSED] - click: Object: 'Object Repository/Final Object Repo/New Registration - Registration Module Pages/Form 2/Socso Employment StartDate Year' is clicked on

2018-12-10 18:23:19 - [MESSAGE][PASSED] - Object: 'Object Repository/Final Object Repo/New Registration - Registration Module Pages/Form 2/Socso Employment StartDate Year' is clicked on

2018-12-10 18:23:19 - [TEST_STEP][PASSED] - delay: Delayed 1 second(s)

2018-12-10 18:23:20 - [MESSAGE][PASSED] - Delayed 1 second(s)

2018-12-10 18:23:20 - [TEST_STEP][PASSED] - click: Object: 'Object Repository/Final Object Repo/New Registration - Registration Module Pages/Form 2/Select Socso Employment Startdate Year' is clicked on

2018-12-10 18:23:20 - [MESSAGE][PASSED] - Object: 'Object Repository/Final Object Repo/New Registration - Registration Module Pages/Form 2/Select Socso Employment Startdate Year' is clicked on

2018-12-10 18:23:20 - [TEST_STEP][PASSED] - delay: Delayed 2 second(s)

2018-12-10 18:23:22 - [MESSAGE][PASSED] - Delayed 2 second(s)

2018-12-10 18:23:22 - [TEST_STEP][PASSED] - click: Object: 'Object Repository/Final Object Repo/New Registration - Registration Module Pages/Form 2/Socso Employment Start Date Day' is clicked on

2018-12-10 18:23:22 - [MESSAGE][PASSED] - Object: 'Object Repository/Final Object Repo/New Registration - Registration Module Pages/Form 2/Socso Employment Start Date Day' is clicked on

2018-12-10 18:23:22 - [TEST_STEP][PASSED] - delay: Delayed 2 second(s)

2018-12-10 18:23:24 - [MESSAGE][PASSED] - Delayed 2 second(s)

2018-12-10 18:23:24 - [TEST_STEP][PASSED] - click: Object: 'Object Repository/Final Object Repo/New Registration - Registration Module Pages/Form 2/Save Button for Add Employee' is clicked on

2018-12-10 18:23:24 - [MESSAGE][PASSED] - Object: 'Object Repository/Final Object Repo/New Registration - Registration Module Pages/Form 2/Save Button for Add Employee' is clicked on

2018-12-10 18:23:24 - [TEST_STEP][PASSED] - delay: Delayed 2 second(s)

2018-12-10 18:23:26 - [MESSAGE][PASSED] - Delayed 2 second(s)

2018-12-10 18:23:26 - [TEST_STEP][PASSED] - click: Object: 'Object Repository/Final Object Repo/New Registration - Registration Module Pages/Form 2/Save and Continue Form 2' is clicked on

2018-12-10 18:23:26 - [MESSAGE][PASSED] - Object: 'Object Repository/Final Object Repo/New Registration - Registration Module Pages/Form 2/Save and Continue Form 2' is clicked on

2018-12-10 18:23:26 - [MESSAGE][PASSED] - Call Test Case 'Test Cases/Final Aug 2018 - PKS Automation/Registration Module/New Registration/Form 2/Add 2 Eligible 2 Not Eligible' successfully

2018-12-10 18:23:26 - [TEST_STEP][PASSED] - callTestCase: Call Test Case 'Test Cases/Final Aug 2018 - PKS Automation/Registration Module/New Registration/Flow of New Registration/Third Screen - Upload Supporting Doc - Preview' successfully

2018-12-10 18:23:26 - [TEST_CASE][PASSED] - Test Cases/Final Aug 2018 - PKS Automation/Registration Module/New Registration/Flow of New Registration/Third Screen - Upload Supporting Doc - Preview: Test Cases/Final Aug 2018 - PKS Automation/Registration Module/New Registration/Flow of New Registration/Third Screen - Upload Supporting Doc - Preview

2018-12-10 18:23:26 - [TEST_STEP][PASSED] - waitForPageLoad: Wait for page load successfully

2018-12-10 18:23:27 - [MESSAGE][PASSED] - Wait for page load successfully

2018-12-10 18:23:27 - [TEST_STEP][PASSED] - Statement - CaseReferenceNo = com.kms.katalon.core.webui.keyword.WebUiBuiltInKeywords.getText(com.kms.katalon.core.testobject.ObjectRepository.findTestObject(Final Object Repo/New Registration - Registration Module Pages/Third Screen - Upload Supporting Doc- Preview/RefNo Acquiring)): Text of object 'Object Repository/Final Object Repo/New Registration - Registration Module Pages/Third Screen - Upload Supporting Doc- Preview/RefNo Acquiring' is: 'CRN12201800123143'

2018-12-10 18:23:27 - [MESSAGE][PASSED] - Text of object 'Object Repository/Final Object Repo/New Registration - Registration Module Pages/Third Screen - Upload Supporting Doc- Preview/RefNo Acquiring' is: 'CRN12201800123143'

2018-12-10 18:23:27 - [TEST_STEP][PASSED] - delay: Delayed 2 second(s)

2018-12-10 18:23:29 - [MESSAGE][PASSED] - Delayed 2 second(s)

2018-12-10 18:23:29 - [TEST_STEP][PASSED] - callTestCase: Call Test Case 'Test Cases/Final Aug 2018 - PKS Automation/Common/Reference Number Setter' successfully

2018-12-10 18:23:29 - [TEST_CASE][PASSED] - Test Cases/Final Aug 2018 - PKS Automation/Common/Reference Number Setter: Test Cases/Final Aug 2018 - PKS Automation/Common/Reference Number Setter

2018-12-10 18:23:29 - [TEST_STEP][PASSED] - Statement - RefNoOldFile = new java.io.File(C://Users//Admin//Desktop//PKS//Automation Reference Point//KatalonReference.txt): null

2018-12-10 18:23:29 - [TEST_STEP][PASSED] - Statement - RefNoOldFile.delete(): null

2018-12-10 18:23:29 - [TEST_STEP][PASSED] - delay: Delayed 5 second(s)

2018-12-10 18:23:34 - [MESSAGE][PASSED] - Delayed 5 second(s)

2018-12-10 18:23:34 - [TEST_STEP][PASSED] - Statement - RefNo = new java.io.File(C://Users//Admin//Desktop//PKS//Automation Reference Point//KatalonReference.txt): null

2018-12-10 18:23:34 - [TEST_STEP][PASSED] - Statement - f2 = new java.io.FileWriter(RefNo, false): null

2018-12-10 18:23:34 - [TEST_STEP][PASSED] - Statement - f2.write(CaseReferenceNo): null

2018-12-10 18:23:34 - [TEST_STEP][PASSED] - Statement - f2.close(): null

2018-12-10 18:23:34 - [TEST_STEP][PASSED] - Statement - out.println("


" + CaseReferenceNo + "


"): null

2018-12-10 18:23:34 - [MESSAGE][PASSED] - Call Test Case 'Test Cases/Final Aug 2018 - PKS Automation/Common/Reference Number Setter' successfully

2018-12-10 18:23:34 - [TEST_STEP][PASSED] - waitForElementClickable: Object 'Object Repository/Final Object Repo/New Registration - Registration Module Pages/Third Screen - Upload Supporting Doc- Preview/Save n Continue in SIP Employee Listing Page' is clickable

2018-12-10 18:23:34 - [MESSAGE][PASSED] - Object 'Object Repository/Final Object Repo/New Registration - Registration Module Pages/Third Screen - Upload Supporting Doc- Preview/Save n Continue in SIP Employee Listing Page' is clickable

2018-12-10 18:23:34 - [TEST_STEP][PASSED] - click: Object: 'Object Repository/Final Object Repo/New Registration - Registration Module Pages/Third Screen - Upload Supporting Doc- Preview/Save n Continue in SIP Employee Listing Page' is clicked on

2018-12-10 18:23:40 - [MESSAGE][PASSED] - Object: 'Object Repository/Final Object Repo/New Registration - Registration Module Pages/Third Screen - Upload Supporting Doc- Preview/Save n Continue in SIP Employee Listing Page' is clicked on

2018-12-10 18:23:40 - [TEST_STEP][PASSED] - delay: Delayed 7 second(s)

2018-12-10 18:23:47 - [MESSAGE][PASSED] - Delayed 7 second(s)

2018-12-10 18:23:47 - [TEST_STEP][PASSED] - click: Object: 'Object Repository/Final Object Repo/New Registration - Registration Module Pages/Third Screen - Upload Supporting Doc- Preview/Add Document Button' is clicked on

2018-12-10 18:23:47 - [MESSAGE][PASSED] - Object: 'Object Repository/Final Object Repo/New Registration - Registration Module Pages/Third Screen - Upload Supporting Doc- Preview/Add Document Button' is clicked on

2018-12-10 18:23:47 - [TEST_STEP][PASSED] - delay: Delayed 30 second(s)

2018-12-10 18:24:17 - [MESSAGE][PASSED] - Delayed 30 second(s)

2018-12-10 18:24:17 - [TEST_STEP][PASSED] - click: Object: 'Object Repository/Final Object Repo/New Registration - Registration Module Pages/Third Screen - Upload Supporting Doc- Preview/Supporting Doc Please Select Drop Down' is clicked on

2018-12-10 18:24:17 - [MESSAGE][PASSED] - Object: 'Object Repository/Final Object Repo/New Registration - Registration Module Pages/Third Screen - Upload Supporting Doc- Preview/Supporting Doc Please Select Drop Down' is clicked on

2018-12-10 18:24:17 - [TEST_STEP][PASSED] - delay: Delayed 2 second(s)

2018-12-10 18:24:19 - [MESSAGE][PASSED] - Delayed 2 second(s)

2018-12-10 18:24:19 - [TEST_STEP][PASSED] - click: Object: 'Object Repository/Final Object Repo/New Registration - Registration Module Pages/Third Screen - Upload Supporting Doc- Preview/Select to Upload Form 1' is clicked on

2018-12-10 18:24:19 - [MESSAGE][PASSED] - Object: 'Object Repository/Final Object Repo/New Registration - Registration Module Pages/Third Screen - Upload Supporting Doc- Preview/Select to Upload Form 1' is clicked on

2018-12-10 18:24:19 - [TEST_STEP][PASSED] - delay: Delayed 2 second(s)

2018-12-10 18:24:21 - [MESSAGE][PASSED] - Delayed 2 second(s)

2018-12-10 18:24:21 - [TEST_STEP][PASSED] - uploadFile: File 'C:\Users\Public\Pictures\Sample Pictures\Koala.jpg' sent to object: 'Object Repository/Final Object Repo/New Registration - Registration Module Pages/Third Screen - Upload Supporting Doc- Preview/Upload File Adding'

2018-12-10 18:24:21 - [MESSAGE][PASSED] - File 'C:\Users\Public\Pictures\Sample Pictures\Koala.jpg' sent to object: 'Object Repository/Final Object Repo/New Registration - Registration Module Pages/Third Screen - Upload Supporting Doc- Preview/Upload File Adding'

2018-12-10 18:24:21 - [TEST_STEP][PASSED] - delay: Delayed 5 second(s)

2018-12-10 18:24:26 - [MESSAGE][PASSED] - Delayed 5 second(s)

2018-12-10 18:24:26 - [TEST_STEP][PASSED] - click: Object: 'Object Repository/Final Object Repo/New Registration - Registration Module Pages/Third Screen - Upload Supporting Doc- Preview/Inner Form Add Document Button' is clicked on

2018-12-10 18:24:27 - [MESSAGE][PASSED] - Object: 'Object Repository/Final Object Repo/New Registration - Registration Module Pages/Third Screen - Upload Supporting Doc- Preview/Inner Form Add Document Button' is clicked on

2018-12-10 18:24:27 - [TEST_STEP][PASSED] - delay: Delayed 3 second(s)

2018-12-10 18:24:30 - [MESSAGE][PASSED] - Delayed 3 second(s)

2018-12-10 18:24:30 - [TEST_STEP][PASSED] - click: Object: 'Object Repository/Final Object Repo/New Registration - Registration Module Pages/Third Screen - Upload Supporting Doc- Preview/Add Document Button' is clicked on

2018-12-10 18:24:31 - [MESSAGE][PASSED] - Object: 'Object Repository/Final Object Repo/New Registration - Registration Module Pages/Third Screen - Upload Supporting Doc- Preview/Add Document Button' is clicked on

2018-12-10 18:24:31 - [TEST_STEP][PASSED] - delay: Delayed 30 second(s)

2018-12-10 18:25:01 - [MESSAGE][PASSED] - Delayed 30 second(s)

2018-12-10 18:25:01 - [TEST_STEP][PASSED] - click: Object: 'Object Repository/Final Object Repo/New Registration - Registration Module Pages/Third Screen - Upload Supporting Doc- Preview/Supporting Doc Please Select Drop Down' is clicked on

2018-12-10 18:25:01 - [MESSAGE][PASSED] - Object: 'Object Repository/Final Object Repo/New Registration - Registration Module Pages/Third Screen - Upload Supporting Doc- Preview/Supporting Doc Please Select Drop Down' is clicked on

2018-12-10 18:25:01 - [TEST_STEP][PASSED] - delay: Delayed 4 second(s)

2018-12-10 18:25:05 - [MESSAGE][PASSED] - Delayed 4 second(s)

2018-12-10 18:25:05 - [TEST_STEP][PASSED] - click: Object: 'Object Repository/Final Object Repo/New Registration - Registration Module Pages/Third Screen - Upload Supporting Doc- Preview/Select to Upload Form 2' is clicked on

2018-12-10 18:25:06 - [MESSAGE][PASSED] - Object: 'Object Repository/Final Object Repo/New Registration - Registration Module Pages/Third Screen - Upload Supporting Doc- Preview/Select to Upload Form 2' is clicked on

2018-12-10 18:25:06 - [TEST_STEP][PASSED] - delay: Delayed 2 second(s)

2018-12-10 18:25:08 - [MESSAGE][PASSED] - Delayed 2 second(s)

2018-12-10 18:25:08 - [TEST_STEP][PASSED] - uploadFile: File 'C:\Users\Public\Pictures\Sample Pictures\Koala.jpg' sent to object: 'Object Repository/Final Object Repo/New Registration - Registration Module Pages/Third Screen - Upload Supporting Doc- Preview/Upload File Adding'

2018-12-10 18:25:08 - [MESSAGE][PASSED] - File 'C:\Users\Public\Pictures\Sample Pictures\Koala.jpg' sent to object: 'Object Repository/Final Object Repo/New Registration - Registration Module Pages/Third Screen - Upload Supporting Doc- Preview/Upload File Adding'

2018-12-10 18:25:08 - [TEST_STEP][PASSED] - click: Object: 'Object Repository/Final Object Repo/New Registration - Registration Module Pages/Third Screen - Upload Supporting Doc- Preview/Inner Form Add Document Button' is clicked on

2018-12-10 18:25:08 - [MESSAGE][PASSED] - Object: 'Object Repository/Final Object Repo/New Registration - Registration Module Pages/Third Screen - Upload Supporting Doc- Preview/Inner Form Add Document Button' is clicked on

2018-12-10 18:25:08 - [TEST_STEP][PASSED] - delay: Delayed 5 second(s)

2018-12-10 18:25:13 - [MESSAGE][PASSED] - Delayed 5 second(s)

2018-12-10 18:25:13 - [TEST_STEP][PASSED] - click: Object: 'Object Repository/Final Object Repo/New Registration - Registration Module Pages/Third Screen - Upload Supporting Doc- Preview/Add Document Button' is clicked on

2018-12-10 18:25:13 - [MESSAGE][PASSED] - Object: 'Object Repository/Final Object Repo/New Registration - Registration Module Pages/Third Screen - Upload Supporting Doc- Preview/Add Document Button' is clicked on

2018-12-10 18:25:13 - [TEST_STEP][PASSED] - delay: Delayed 30 second(s)

2018-12-10 18:25:43 - [MESSAGE][PASSED] - Delayed 30 second(s)

2018-12-10 18:25:43 - [TEST_STEP][PASSED] - click: Object: 'Object Repository/Final Object Repo/New Registration - Registration Module Pages/Third Screen - Upload Supporting Doc- Preview/Supporting Doc Please Select Drop Down' is clicked on

2018-12-10 18:25:43 - [MESSAGE][PASSED] - Object: 'Object Repository/Final Object Repo/New Registration - Registration Module Pages/Third Screen - Upload Supporting Doc- Preview/Supporting Doc Please Select Drop Down' is clicked on

2018-12-10 18:25:43 - [TEST_STEP][PASSED] - click: Object: 'Object Repository/Final Object Repo/New Registration - Registration Module Pages/Third Screen - Upload Supporting Doc- Preview/Select to Upload Borang SIP 1' is clicked on

2018-12-10 18:25:43 - [MESSAGE][PASSED] - Object: 'Object Repository/Final Object Repo/New Registration - Registration Module Pages/Third Screen - Upload Supporting Doc- Preview/Select to Upload Borang SIP 1' is clicked on

2018-12-10 18:25:43 - [TEST_STEP][PASSED] - delay: Delayed 2 second(s)

2018-12-10 18:25:45 - [MESSAGE][PASSED] - Delayed 2 second(s)

2018-12-10 18:25:45 - [TEST_STEP][PASSED] - uploadFile: File 'C:\Users\Public\Pictures\Sample Pictures\Koala.jpg' sent to object: 'Object Repository/Final Object Repo/New Registration - Registration Module Pages/Third Screen - Upload Supporting Doc- Preview/Upload File Adding'

2018-12-10 18:25:45 - [MESSAGE][PASSED] - File 'C:\Users\Public\Pictures\Sample Pictures\Koala.jpg' sent to object: 'Object Repository/Final Object Repo/New Registration - Registration Module Pages/Third Screen - Upload Supporting Doc- Preview/Upload File Adding'

2018-12-10 18:25:45 - [TEST_STEP][PASSED] - click: Object: 'Object Repository/Final Object Repo/New Registration - Registration Module Pages/Third Screen - Upload Supporting Doc- Preview/Inner Form Add Document Button' is clicked on

2018-12-10 18:25:46 - [MESSAGE][PASSED] - Object: 'Object Repository/Final Object Repo/New Registration - Registration Module Pages/Third Screen - Upload Supporting Doc- Preview/Inner Form Add Document Button' is clicked on

2018-12-10 18:25:46 - [TEST_STEP][PASSED] - delay: Delayed 5 second(s)

2018-12-10 18:25:51 - [MESSAGE][PASSED] - Delayed 5 second(s)

2018-12-10 18:25:51 - [TEST_STEP][PASSED] - click: Object: 'Object Repository/Final Object Repo/New Registration - Registration Module Pages/Third Screen - Upload Supporting Doc- Preview/Add Document Button' is clicked on

2018-12-10 18:25:51 - [MESSAGE][PASSED] - Object: 'Object Repository/Final Object Repo/New Registration - Registration Module Pages/Third Screen - Upload Supporting Doc- Preview/Add Document Button' is clicked on

2018-12-10 18:25:51 - [TEST_STEP][PASSED] - delay: Delayed 30 second(s)

2018-12-10 18:26:21 - [MESSAGE][PASSED] - Delayed 30 second(s)

2018-12-10 18:26:21 - [TEST_STEP][PASSED] - click: Object: 'Object Repository/Final Object Repo/New Registration - Registration Module Pages/Third Screen - Upload Supporting Doc- Preview/Supporting Doc Please Select Drop Down' is clicked on

2018-12-10 18:26:21 - [MESSAGE][PASSED] - Object: 'Object Repository/Final Object Repo/New Registration - Registration Module Pages/Third Screen - Upload Supporting Doc- Preview/Supporting Doc Please Select Drop Down' is clicked on

2018-12-10 18:26:21 - [TEST_STEP][PASSED] - delay: Delayed 3 second(s)

2018-12-10 18:26:24 - [MESSAGE][PASSED] - Delayed 3 second(s)

2018-12-10 18:26:24 - [TEST_STEP][PASSED] - click: Object: 'Object Repository/Final Object Repo/New Registration - Registration Module Pages/Third Screen - Upload Supporting Doc- Preview/Select to Upload Borang SIP 2' is clicked on

2018-12-10 18:26:24 - [MESSAGE][PASSED] - Object: 'Object Repository/Final Object Repo/New Registration - Registration Module Pages/Third Screen - Upload Supporting Doc- Preview/Select to Upload Borang SIP 2' is clicked on

2018-12-10 18:26:24 - [TEST_STEP][PASSED] - delay: Delayed 2 second(s)

2018-12-10 18:26:26 - [MESSAGE][PASSED] - Delayed 2 second(s)

2018-12-10 18:26:26 - [TEST_STEP][PASSED] - uploadFile: File 'C:\Users\Public\Pictures\Sample Pictures\Koala.jpg' sent to object: 'Object Repository/Final Object Repo/New Registration - Registration Module Pages/Third Screen - Upload Supporting Doc- Preview/Upload File Adding'

2018-12-10 18:26:26 - [MESSAGE][PASSED] - File 'C:\Users\Public\Pictures\Sample Pictures\Koala.jpg' sent to object: 'Object Repository/Final Object Repo/New Registration - Registration Module Pages/Third Screen - Upload Supporting Doc- Preview/Upload File Adding'

2018-12-10 18:26:26 - [TEST_STEP][PASSED] - delay: Delayed 5 second(s)

2018-12-10 18:26:31 - [MESSAGE][PASSED] - Delayed 5 second(s)

2018-12-10 18:26:31 - [TEST_STEP][PASSED] - click: Object: 'Object Repository/Final Object Repo/New Registration - Registration Module Pages/Third Screen - Upload Supporting Doc- Preview/Inner Form Add Document Button' is clicked on

2018-12-10 18:26:31 - [MESSAGE][PASSED] - Object: 'Object Repository/Final Object Repo/New Registration - Registration Module Pages/Third Screen - Upload Supporting Doc- Preview/Inner Form Add Document Button' is clicked on

2018-12-10 18:26:31 - [TEST_STEP][PASSED] - delay: Delayed 3 second(s)

2018-12-10 18:26:34 - [MESSAGE][PASSED] - Delayed 3 second(s)

2018-12-10 18:26:34 - [TEST_STEP][PASSED] - waitForElementClickable: Object 'Object Repository/Final Object Repo/New Registration - Registration Module Pages/Third Screen - Upload Supporting Doc- Preview/Save n Continue in Uploading Supporting Doc Page' is clickable

2018-12-10 18:26:36 - [MESSAGE][PASSED] - Object 'Object Repository/Final Object Repo/New Registration - Registration Module Pages/Third Screen - Upload Supporting Doc- Preview/Save n Continue in Uploading Supporting Doc Page' is clickable

2018-12-10 18:26:36 - [TEST_STEP][PASSED] - click: Object: 'Object Repository/Final Object Repo/New Registration - Registration Module Pages/Third Screen - Upload Supporting Doc- Preview/Save n Continue in Uploading Supporting Doc Page' is clicked on

2018-12-10 18:26:36 - [MESSAGE][PASSED] - Object: 'Object Repository/Final Object Repo/New Registration - Registration Module Pages/Third Screen - Upload Supporting Doc- Preview/Save n Continue in Uploading Supporting Doc Page' is clicked on

2018-12-10 18:26:36 - [MESSAGE][PASSED] - Call Test Case 'Test Cases/Final Aug 2018 - PKS Automation/Registration Module/New Registration/Flow of New Registration/Third Screen - Upload Supporting Doc - Preview' successfully

2018-12-10 18:26:36 - [TEST_STEP][PASSED] - callTestCase: Call Test Case 'Test Cases/Final Aug 2018 - PKS Automation/Registration Module/New Registration/Submit and Screenshot/Submit Registration and Screenshot' successfully

2018-12-10 18:26:36 - [TEST_CASE][PASSED] - Test Cases/Final Aug 2018 - PKS Automation/Registration Module/New Registration/Submit and Screenshot/Submit Registration and Screenshot: Test Cases/Final Aug 2018 - PKS Automation/Registration Module/New Registration/Submit and Screenshot/Submit Registration and Screenshot

2018-12-10 18:26:36 - [TEST_STEP][PASSED] - delay: Delayed 6 second(s)

2018-12-10 18:26:42 - [MESSAGE][PASSED] - Delayed 6 second(s)

2018-12-10 18:26:42 - [TEST_STEP][PASSED] - click: Object: 'Object Repository/Final Object Repo/New Registration - Registration Module Pages/Third Screen - Upload Supporting Doc- Preview/Preview Submit Button' is clicked on

2018-12-10 18:26:42 - [MESSAGE][PASSED] - Object: 'Object Repository/Final Object Repo/New Registration - Registration Module Pages/Third Screen - Upload Supporting Doc- Preview/Preview Submit Button' is clicked on

2018-12-10 18:26:42 - [TEST_STEP][PASSED] - delay: Delayed 2 second(s)

2018-12-10 18:26:44 - [MESSAGE][PASSED] - Delayed 2 second(s)

2018-12-10 18:26:44 - [TEST_STEP][PASSED] - click: Object: 'Object Repository/Final Object Repo/New Registration - Registration Module Pages/Third Screen - Upload Supporting Doc- Preview/Preview Submit - Confirm' is clicked on

2018-12-10 18:26:44 - [MESSAGE][PASSED] - Object: 'Object Repository/Final Object Repo/New Registration - Registration Module Pages/Third Screen - Upload Supporting Doc- Preview/Preview Submit - Confirm' is clicked on

2018-12-10 18:26:44 - [TEST_STEP][PASSED] - delay: Delayed 15 second(s)

2018-12-10 18:26:59 - [MESSAGE][PASSED] - Delayed 15 second(s)

2018-12-10 18:26:59 - [TEST_STEP][PASSED] - Statement - driver = com.kms.katalon.core.webui.driver.DriverFactory.getWebDriver(): null

2018-12-10 18:26:59 - [TEST_STEP][PASSED] - Statement - driver.manage().timeouts().implicitlyWait(10, SECONDS): null

2018-12-10 18:26:59 - [TEST_STEP][PASSED] - Statement - PresavePath = KatalonScreenshots: null

2018-12-10 18:26:59 - [TEST_STEP][PASSED] - Statement - pathPrefix = "C:\Users\Public\Pictures\Sample Pictures\Katalon Screenshots\Automate Ending Screen": null

2018-12-10 18:26:59 - [TEST_STEP][PASSED] - Statement - finalPath = <not implemented yet for class: org.codehaus.groovy.ast.expr.EmptyExpression>: null

2018-12-10 18:26:59 - [TEST_STEP][PASSED] - Statement - scrFile = driver.getScreenshotAs(FILE): null

2018-12-10 18:27:00 - [TEST_STEP][PASSED] - Statement - PreSaveFile = new java.io.File(PresavePath): null

2018-12-10 18:27:00 - [TEST_STEP][PASSED] - Statement - counter = 0: null

2018-12-10 18:27:00 - [TEST_STEP][PASSED] - Statement - If (PreSaveFile.exists()): null

2018-12-10 18:27:00 - [TEST_STEP][PASSED] - Statement - While (PreSaveFile.exists()): null

2018-12-10 18:27:00 - [TEST_STEP][PASSED] - Statement - counter = counter + 1: null

2018-12-10 18:27:00 - [TEST_STEP][PASSED] - Statement - PreSaveFile = new java.io.File(((pathPrefix + java.lang.Integer.toString(counter)) + .png)): null

2018-12-10 18:27:00 - [TEST_STEP][PASSED] - Statement - counter = counter + 1: null

2018-12-10 18:27:00 - [TEST_STEP][PASSED] - Statement - PreSaveFile = new java.io.File(((pathPrefix + java.lang.Integer.toString(counter)) + .png)): null

2018-12-10 18:27:00 - [TEST_STEP][PASSED] - Statement - counter = counter + 1: null

2018-12-10 18:27:00 - [TEST_STEP][PASSED] - Statement - PreSaveFile = new java.io.File(((pathPrefix + java.lang.Integer.toString(counter)) + .png)): null

2018-12-10 18:27:00 - [TEST_STEP][PASSED] - Statement - counter = counter + 1: null

2018-12-10 18:27:00 - [TEST_STEP][PASSED] - Statement - PreSaveFile = new java.io.File(((pathPrefix + java.lang.Integer.toString(counter)) + .png)): null

2018-12-10 18:27:00 - [TEST_STEP][PASSED] - Statement - counter = counter + 1: null

2018-12-10 18:27:00 - [TEST_STEP][PASSED] - Statement - PreSaveFile = new java.io.File(((pathPrefix + java.lang.Integer.toString(counter)) + .png)): null

2018-12-10 18:27:00 - [TEST_STEP][PASSED] - Statement - counter = counter + 1: null

2018-12-10 18:27:00 - [TEST_STEP][PASSED] - Statement - PreSaveFile = new java.io.File(((pathPrefix + java.lang.Integer.toString(counter)) + .png)): null

2018-12-10 18:27:00 - [TEST_STEP][PASSED] - Statement - counter = counter + 1: null

2018-12-10 18:27:00 - [TEST_STEP][PASSED] - Statement - PreSaveFile = new java.io.File(((pathPrefix + java.lang.Integer.toString(counter)) + .png)): null

2018-12-10 18:27:00 - [TEST_STEP][PASSED] - Statement - counter = counter + 1: null

2018-12-10 18:27:00 - [TEST_STEP][PASSED] - Statement - PreSaveFile = new java.io.File(((pathPrefix + java.lang.Integer.toString(counter)) + .png)): null

2018-12-10 18:27:00 - [TEST_STEP][PASSED] - Statement - counter = counter + 1: null

2018-12-10 18:27:00 - [TEST_STEP][PASSED] - Statement - PreSaveFile = new java.io.File(((pathPrefix + java.lang.Integer.toString(counter)) + .png)): null

2018-12-10 18:27:00 - [TEST_STEP][PASSED] - Statement - counter = counter + 1: null

2018-12-10 18:27:00 - [TEST_STEP][PASSED] - Statement - PreSaveFile = new java.io.File(((pathPrefix + java.lang.Integer.toString(counter)) + .png)): null

2018-12-10 18:27:00 - [TEST_STEP][PASSED] - Statement - counter = counter + 1: null

2018-12-10 18:27:00 - [TEST_STEP][PASSED] - Statement - PreSaveFile = new java.io.File(((pathPrefix + java.lang.Integer.toString(counter)) + .png)): null

2018-12-10 18:27:00 - [TEST_STEP][PASSED] - Statement - counter = counter + 1: null

2018-12-10 18:27:00 - [TEST_STEP][PASSED] - Statement - PreSaveFile = new java.io.File(((pathPrefix + java.lang.Integer.toString(counter)) + .png)): null

2018-12-10 18:27:00 - [TEST_STEP][PASSED] - Statement - finalPath = pathPrefix + java.lang.Integer.toString(counter) + ".png": null

2018-12-10 18:27:00 - [TEST_STEP][PASSED] - Statement - SaveFile = new java.io.File(finalPath): null

2018-12-10 18:27:00 - [TEST_STEP][PASSED] - Statement - Try: null

2018-12-10 18:27:00 - [TEST_STEP][PASSED] - Statement - org.apache.commons.io.FileUtils.copyFile(scrFile, SaveFile): null

2018-12-10 18:27:00 - [TEST_STEP][PASSED] - Statement - out.println("file kept"): null

2018-12-10 18:27:00 - [TEST_STEP][PASSED] - delay: Delayed 10 second(s)

2018-12-10 18:27:10 - [MESSAGE][PASSED] - Delayed 10 second(s)

2018-12-10 18:27:10 - [MESSAGE][PASSED] - Call Test Case 'Test Cases/Final Aug 2018 - PKS Automation/Registration Module/New Registration/Submit and Screenshot/Submit Registration and Screenshot' successfully]]></system-out>
         <system-err><![CDATA[]]></system-err>
      </testcase>
      <testcase name="Test Cases/Final Aug 2018 - PKS Automation/Registration Module/Critical Path/New Registration/Sole Proprietor - Not Registered" classname="Test Cases/Final Aug 2018 - PKS Automation/Registration Module/Critical Path/New Registration/Sole Proprietor - Not Registered" status="PASSED">
         <system-out><![CDATA[2018-12-10 18:27:10 - [TEST_CASE][PASSED] - Test Cases/Final Aug 2018 - PKS Automation/Registration Module/Critical Path/New Registration/Sole Proprietor - Not Registered: Test Cases/Final Aug 2018 - PKS Automation/Registration Module/Critical Path/New Registration/Sole Proprietor - Not Registered

2018-12-10 18:27:10 - [TEST_STEP][PASSED] - callTestCase: Call Test Case 'Test Cases/Final Aug 2018 - PKS Automation/Registration Module/New Registration/Form 1/Form 1 - Sole Proprietor - Not Registered' successfully

2018-12-10 18:27:10 - [TEST_CASE][PASSED] - Test Cases/Final Aug 2018 - PKS Automation/Registration Module/New Registration/Form 1/Form 1 - Sole Proprietor - Not Registered: Test Cases/Final Aug 2018 - PKS Automation/Registration Module/New Registration/Form 1/Form 1 - Sole Proprietor - Not Registered

2018-12-10 18:27:11 - [TEST_STEP][PASSED] - openBrowser: Browser is opened with url: ''

2018-12-10 18:27:11 - [MESSAGE][WARNING] - A browser is already opened. Closing browser and opening a new one

2018-12-10 18:27:14 - [MESSAGE][PASSED] - Browser is opened with url: ''

2018-12-10 18:27:14 - [TEST_STEP][PASSED] - navigateToUrl: Navigate to 'https://assist2-uat.perkeso.gov.my/login' successfully

2018-12-10 18:27:15 - [MESSAGE][PASSED] - Navigate to 'https://assist2-uat.perkeso.gov.my/login' successfully

2018-12-10 18:27:15 - [TEST_STEP][PASSED] - setText: Text 'johorotc1@gmail.com' is set on object 'Object Repository/Final Object Repo/Login Page/Internal User/Email Address'

2018-12-10 18:27:15 - [MESSAGE][PASSED] - Text 'johorotc1@gmail.com' is set on object 'Object Repository/Final Object Repo/Login Page/Internal User/Email Address'

2018-12-10 18:27:15 - [TEST_STEP][PASSED] - click: Object: 'Object Repository/Final Object Repo/Login Page/Internal User/Next Button' is clicked on

2018-12-10 18:27:15 - [MESSAGE][PASSED] - Object: 'Object Repository/Final Object Repo/Login Page/Internal User/Next Button' is clicked on

2018-12-10 18:27:15 - [TEST_STEP][PASSED] - delay: Delayed 1 second(s)

2018-12-10 18:27:16 - [MESSAGE][PASSED] - Delayed 1 second(s)

2018-12-10 18:27:16 - [TEST_STEP][PASSED] - setEncryptedText: Text ****** has been set on object 'Object Repository/Final Object Repo/Login Page/Internal User/Password'

2018-12-10 18:27:17 - [MESSAGE][PASSED] - Text ****** has been set on object 'Object Repository/Final Object Repo/Login Page/Internal User/Password'

2018-12-10 18:27:17 - [TEST_STEP][PASSED] - click: Object: 'Object Repository/Final Object Repo/Login Page/Internal User/Login Button' is clicked on

2018-12-10 18:27:17 - [MESSAGE][PASSED] - Object: 'Object Repository/Final Object Repo/Login Page/Internal User/Login Button' is clicked on

2018-12-10 18:27:17 - [TEST_STEP][PASSED] - delay: Delayed 1 second(s)

2018-12-10 18:27:18 - [MESSAGE][PASSED] - Delayed 1 second(s)

2018-12-10 18:27:18 - [TEST_STEP][PASSED] - Statement - Try: Delayed 2 second(s)

2018-12-10 18:27:18 - [TEST_STEP][PASSED] - Statement - Checker = false: null

2018-12-10 18:27:18 - [TEST_STEP][PASSED] - Statement - Checker = com.kms.katalon.core.webui.keyword.WebUiBuiltInKeywords.verifyElementHasAttribute(com.kms.katalon.core.testobject.ObjectRepository.findTestObject(Final Object Repo/Landing Page/BM Detecting), "href", 20, OPTIONAL): Object 'Object Repository/Final Object Repo/Landing Page/BM Detecting' has attribute 'href'

2018-12-10 18:27:19 - [MESSAGE][PASSED] - Object 'Object Repository/Final Object Repo/Landing Page/BM Detecting' has attribute 'href'

2018-12-10 18:27:19 - [TEST_STEP][PASSED] - Statement - out.println(Checker): null

2018-12-10 18:27:19 - [TEST_STEP][PASSED] - Statement - If (Checker == false): null

2018-12-10 18:27:19 - [TEST_STEP][PASSED] - Statement - Else: null

2018-12-10 18:27:19 - [TEST_STEP][PASSED] - delay: Delayed 2 second(s)

2018-12-10 18:27:21 - [MESSAGE][PASSED] - Delayed 2 second(s)

2018-12-10 18:27:21 - [TEST_STEP][PASSED] - navigateToUrl: Navigate to 'https://assist2-uat.perkeso.gov.my/web/registration/registration' successfully

2018-12-10 18:27:22 - [MESSAGE][PASSED] - Navigate to 'https://assist2-uat.perkeso.gov.my/web/registration/registration' successfully

2018-12-10 18:27:22 - [TEST_STEP][PASSED] - click: Object: 'Object Repository/Final Object Repo/New Registration - Registration Module Pages/Form 1/AEC - No' is clicked on

2018-12-10 18:27:22 - [MESSAGE][PASSED] - Object: 'Object Repository/Final Object Repo/New Registration - Registration Module Pages/Form 1/AEC - No' is clicked on

2018-12-10 18:27:22 - [TEST_STEP][PASSED] - click: Object: 'Object Repository/Final Object Repo/New Registration - Registration Module Pages/Form 1/Business Entity' is clicked on

2018-12-10 18:27:23 - [MESSAGE][PASSED] - Object: 'Object Repository/Final Object Repo/New Registration - Registration Module Pages/Form 1/Business Entity' is clicked on

2018-12-10 18:27:23 - [TEST_STEP][PASSED] - click: Object: 'Object Repository/Final Object Repo/New Registration - Registration Module Pages/Form 1/Business Entity - Sole Proprietor ' is clicked on

2018-12-10 18:27:23 - [MESSAGE][PASSED] - Object: 'Object Repository/Final Object Repo/New Registration - Registration Module Pages/Form 1/Business Entity - Sole Proprietor ' is clicked on

2018-12-10 18:27:23 - [TEST_STEP][PASSED] - delay: Delayed 1 second(s)

2018-12-10 18:27:24 - [MESSAGE][PASSED] - Delayed 1 second(s)

2018-12-10 18:27:24 - [TEST_STEP][PASSED] - click: Object: 'Object Repository/Final Object Repo/New Registration - Registration Module Pages/Form 1/Sub Business Entity' is clicked on

2018-12-10 18:27:24 - [MESSAGE][PASSED] - Object: 'Object Repository/Final Object Repo/New Registration - Registration Module Pages/Form 1/Sub Business Entity' is clicked on

2018-12-10 18:27:24 - [TEST_STEP][PASSED] - click: Object: 'Object Repository/Final Object Repo/New Registration - Registration Module Pages/Form 1/Sub Business Entity - Not Registered' is clicked on

2018-12-10 18:27:24 - [MESSAGE][PASSED] - Object: 'Object Repository/Final Object Repo/New Registration - Registration Module Pages/Form 1/Sub Business Entity - Not Registered' is clicked on

2018-12-10 18:27:24 - [TEST_STEP][PASSED] - delay: Delayed 1 second(s)

2018-12-10 18:27:25 - [MESSAGE][PASSED] - Delayed 1 second(s)

2018-12-10 18:27:25 - [TEST_STEP][PASSED] - setText: Text '123' is set on object 'Object Repository/Final Object Repo/New Registration - Registration Module Pages/Form 1/Registration Number'

2018-12-10 18:27:25 - [MESSAGE][PASSED] - Text '123' is set on object 'Object Repository/Final Object Repo/New Registration - Registration Module Pages/Form 1/Registration Number'

2018-12-10 18:27:25 - [TEST_STEP][NOT_RUN] - click: NOT_RUN: click

2018-12-10 18:27:25 - [MESSAGE][NOT_RUN] - NOT_RUN: click

2018-12-10 18:27:25 - [TEST_STEP][PASSED] - click: Object: 'Object Repository/Final Object Repo/New Registration - Registration Module Pages/Form 1/Registered As a Branch - Yes' is clicked on

2018-12-10 18:27:26 - [MESSAGE][PASSED] - Object: 'Object Repository/Final Object Repo/New Registration - Registration Module Pages/Form 1/Registered As a Branch - Yes' is clicked on

2018-12-10 18:27:26 - [TEST_STEP][PASSED] - click: Object: 'Object Repository/Final Object Repo/New Registration - Registration Module Pages/Form 1/Acknowledgement' is clicked on

2018-12-10 18:27:26 - [MESSAGE][PASSED] - Object: 'Object Repository/Final Object Repo/New Registration - Registration Module Pages/Form 1/Acknowledgement' is clicked on

2018-12-10 18:27:26 - [TEST_STEP][PASSED] - setText: Text 'perkeso' is set on object 'Object Repository/Final Object Repo/New Registration - Registration Module Pages/Form 1/Industry name'

2018-12-10 18:27:26 - [MESSAGE][PASSED] - Text 'perkeso' is set on object 'Object Repository/Final Object Repo/New Registration - Registration Module Pages/Form 1/Industry name'

2018-12-10 18:27:26 - [TEST_STEP][PASSED] - setText: Text 'perkeso1' is set on object 'Object Repository/Final Object Repo/New Registration - Registration Module Pages/Form 1/Postal Address1'

2018-12-10 18:27:26 - [MESSAGE][PASSED] - Text 'perkeso1' is set on object 'Object Repository/Final Object Repo/New Registration - Registration Module Pages/Form 1/Postal Address1'

2018-12-10 18:27:26 - [TEST_STEP][PASSED] - setText: Text 'perkeso2' is set on object 'Object Repository/Final Object Repo/New Registration - Registration Module Pages/Form 1/Postal Address2'

2018-12-10 18:27:27 - [MESSAGE][PASSED] - Text 'perkeso2' is set on object 'Object Repository/Final Object Repo/New Registration - Registration Module Pages/Form 1/Postal Address2'

2018-12-10 18:27:27 - [TEST_STEP][PASSED] - setText: Text 'perkeso3' is set on object 'Object Repository/Final Object Repo/New Registration - Registration Module Pages/Form 1/Postal Address3'

2018-12-10 18:27:27 - [MESSAGE][PASSED] - Text 'perkeso3' is set on object 'Object Repository/Final Object Repo/New Registration - Registration Module Pages/Form 1/Postal Address3'

2018-12-10 18:27:27 - [TEST_STEP][PASSED] - click: Object: 'Object Repository/Final Object Repo/New Registration - Registration Module Pages/Form 1/State' is clicked on

2018-12-10 18:27:27 - [MESSAGE][PASSED] - Object: 'Object Repository/Final Object Repo/New Registration - Registration Module Pages/Form 1/State' is clicked on

2018-12-10 18:27:27 - [TEST_STEP][PASSED] - click: Object: 'Object Repository/Final Object Repo/New Registration - Registration Module Pages/Form 1/State - Johor' is clicked on

2018-12-10 18:27:28 - [MESSAGE][PASSED] - Object: 'Object Repository/Final Object Repo/New Registration - Registration Module Pages/Form 1/State - Johor' is clicked on

2018-12-10 18:27:28 - [TEST_STEP][PASSED] - delay: Delayed 2 second(s)

2018-12-10 18:27:30 - [MESSAGE][PASSED] - Delayed 2 second(s)

2018-12-10 18:27:30 - [TEST_STEP][PASSED] - click: Object: 'Object Repository/Final Object Repo/New Registration - Registration Module Pages/Form 1/City' is clicked on

2018-12-10 18:27:30 - [MESSAGE][PASSED] - Object: 'Object Repository/Final Object Repo/New Registration - Registration Module Pages/Form 1/City' is clicked on

2018-12-10 18:27:30 - [TEST_STEP][PASSED] - setText: Text 'joh' is set on object 'Object Repository/Final Object Repo/New Registration - Registration Module Pages/Form 1/Postcode - 810'

2018-12-10 18:27:30 - [MESSAGE][PASSED] - Text 'joh' is set on object 'Object Repository/Final Object Repo/New Registration - Registration Module Pages/Form 1/Postcode - 810'

2018-12-10 18:27:30 - [TEST_STEP][PASSED] - delay: Delayed 2 second(s)

2018-12-10 18:27:32 - [MESSAGE][PASSED] - Delayed 2 second(s)

2018-12-10 18:27:32 - [TEST_STEP][PASSED] - click: Object: 'Object Repository/Final Object Repo/New Registration - Registration Module Pages/Form 1/City - Johor Bharu' is clicked on

2018-12-10 18:27:32 - [MESSAGE][PASSED] - Object: 'Object Repository/Final Object Repo/New Registration - Registration Module Pages/Form 1/City - Johor Bharu' is clicked on

2018-12-10 18:27:32 - [TEST_STEP][PASSED] - delay: Delayed 1 second(s)

2018-12-10 18:27:33 - [MESSAGE][PASSED] - Delayed 1 second(s)

2018-12-10 18:27:33 - [TEST_STEP][PASSED] - click: Object: 'Object Repository/Final Object Repo/New Registration - Registration Module Pages/Form 1/Postcode' is clicked on

2018-12-10 18:27:33 - [MESSAGE][PASSED] - Object: 'Object Repository/Final Object Repo/New Registration - Registration Module Pages/Form 1/Postcode' is clicked on

2018-12-10 18:27:33 - [TEST_STEP][PASSED] - delay: Delayed 2 second(s)

2018-12-10 18:27:35 - [MESSAGE][PASSED] - Delayed 2 second(s)

2018-12-10 18:27:35 - [TEST_STEP][PASSED] - setText: Text '810' is set on object 'Object Repository/Final Object Repo/New Registration - Registration Module Pages/Form 1/Postcode - 810'

2018-12-10 18:27:36 - [MESSAGE][PASSED] - Text '810' is set on object 'Object Repository/Final Object Repo/New Registration - Registration Module Pages/Form 1/Postcode - 810'

2018-12-10 18:27:36 - [TEST_STEP][PASSED] - delay: Delayed 1 second(s)

2018-12-10 18:27:37 - [MESSAGE][PASSED] - Delayed 1 second(s)

2018-12-10 18:27:37 - [TEST_STEP][PASSED] - click: Object: 'Object Repository/Final Object Repo/New Registration - Registration Module Pages/Form 1/Postcode - 81000' is clicked on

2018-12-10 18:27:37 - [MESSAGE][PASSED] - Object: 'Object Repository/Final Object Repo/New Registration - Registration Module Pages/Form 1/Postcode - 81000' is clicked on

2018-12-10 18:27:37 - [TEST_STEP][PASSED] - delay: Delayed 1 second(s)

2018-12-10 18:27:38 - [MESSAGE][PASSED] - Delayed 1 second(s)

2018-12-10 18:27:38 - [TEST_STEP][PASSED] - setText: Text '100' is set on object 'Object Repository/Final Object Repo/New Registration - Registration Module Pages/Form 1/P.O.BOX'

2018-12-10 18:27:38 - [MESSAGE][PASSED] - Text '100' is set on object 'Object Repository/Final Object Repo/New Registration - Registration Module Pages/Form 1/P.O.BOX'

2018-12-10 18:27:38 - [TEST_STEP][PASSED] - setText: Text '100' is set on object 'Object Repository/Final Object Repo/New Registration - Registration Module Pages/Form 1/Locked Bag No'

2018-12-10 18:27:38 - [MESSAGE][PASSED] - Text '100' is set on object 'Object Repository/Final Object Repo/New Registration - Registration Module Pages/Form 1/Locked Bag No'

2018-12-10 18:27:38 - [TEST_STEP][PASSED] - click: Object: 'Object Repository/Final Object Repo/New Registration - Registration Module Pages/Form 1/SOCSO Office Location' is clicked on

2018-12-10 18:27:39 - [MESSAGE][PASSED] - Object: 'Object Repository/Final Object Repo/New Registration - Registration Module Pages/Form 1/SOCSO Office Location' is clicked on

2018-12-10 18:27:39 - [TEST_STEP][PASSED] - click: Object: 'Object Repository/Final Object Repo/New Registration - Registration Module Pages/Form 1/SOCSO Office Location - Pejabat PERKESO Negeri Johor' is clicked on

2018-12-10 18:27:39 - [MESSAGE][PASSED] - Object: 'Object Repository/Final Object Repo/New Registration - Registration Module Pages/Form 1/SOCSO Office Location - Pejabat PERKESO Negeri Johor' is clicked on

2018-12-10 18:27:39 - [TEST_STEP][PASSED] - delay: Delayed 1 second(s)

2018-12-10 18:27:40 - [MESSAGE][PASSED] - Delayed 1 second(s)

2018-12-10 18:27:40 - [TEST_STEP][PASSED] - check: Object 'Object Repository/Final Object Repo/New Registration - Registration Module Pages/Form 1/Indusrty Address Same As Postal Address' is checked

2018-12-10 18:27:40 - [MESSAGE][PASSED] - Object 'Object Repository/Final Object Repo/New Registration - Registration Module Pages/Form 1/Indusrty Address Same As Postal Address' is checked

2018-12-10 18:27:40 - [TEST_STEP][PASSED] - delay: Delayed 3 second(s)

2018-12-10 18:27:43 - [MESSAGE][PASSED] - Delayed 3 second(s)

2018-12-10 18:27:43 - [TEST_STEP][PASSED] - click: Object: 'Object Repository/Final Object Repo/New Registration - Registration Module Pages/Form 1/Indusry Address Same As Postal Address False' is clicked on

2018-12-10 18:27:43 - [MESSAGE][PASSED] - Object: 'Object Repository/Final Object Repo/New Registration - Registration Module Pages/Form 1/Indusry Address Same As Postal Address False' is clicked on

2018-12-10 18:27:43 - [TEST_STEP][PASSED] - delay: Delayed 1 second(s)

2018-12-10 18:27:44 - [MESSAGE][PASSED] - Delayed 1 second(s)

2018-12-10 18:27:44 - [TEST_STEP][PASSED] - setText: Text 'perkeso1' is set on object 'Object Repository/Final Object Repo/New Registration - Registration Module Pages/Form 1/Industry Address1'

2018-12-10 18:27:45 - [MESSAGE][PASSED] - Text 'perkeso1' is set on object 'Object Repository/Final Object Repo/New Registration - Registration Module Pages/Form 1/Industry Address1'

2018-12-10 18:27:45 - [TEST_STEP][PASSED] - setText: Text 'perkeso2' is set on object 'Object Repository/Final Object Repo/New Registration - Registration Module Pages/Form 1/Industry Address2'

2018-12-10 18:27:45 - [MESSAGE][PASSED] - Text 'perkeso2' is set on object 'Object Repository/Final Object Repo/New Registration - Registration Module Pages/Form 1/Industry Address2'

2018-12-10 18:27:45 - [TEST_STEP][PASSED] - setText: Text 'perkeso3' is set on object 'Object Repository/Final Object Repo/New Registration - Registration Module Pages/Form 1/Industry Address3'

2018-12-10 18:27:45 - [MESSAGE][PASSED] - Text 'perkeso3' is set on object 'Object Repository/Final Object Repo/New Registration - Registration Module Pages/Form 1/Industry Address3'

2018-12-10 18:27:45 - [TEST_STEP][PASSED] - click: Object: 'Object Repository/Final Object Repo/New Registration - Registration Module Pages/Form 1/Industry State' is clicked on

2018-12-10 18:27:45 - [MESSAGE][PASSED] - Object: 'Object Repository/Final Object Repo/New Registration - Registration Module Pages/Form 1/Industry State' is clicked on

2018-12-10 18:27:45 - [TEST_STEP][PASSED] - delay: Delayed 2 second(s)

2018-12-10 18:27:47 - [MESSAGE][PASSED] - Delayed 2 second(s)

2018-12-10 18:27:47 - [TEST_STEP][PASSED] - click: Object: 'Object Repository/Final Object Repo/New Registration - Registration Module Pages/Form 1/Industry State - Johor' is clicked on

2018-12-10 18:27:48 - [MESSAGE][PASSED] - Object: 'Object Repository/Final Object Repo/New Registration - Registration Module Pages/Form 1/Industry State - Johor' is clicked on

2018-12-10 18:27:48 - [TEST_STEP][PASSED] - delay: Delayed 2 second(s)

2018-12-10 18:27:50 - [MESSAGE][PASSED] - Delayed 2 second(s)

2018-12-10 18:27:50 - [TEST_STEP][PASSED] - click: Object: 'Object Repository/Final Object Repo/New Registration - Registration Module Pages/Form 1/Industry Ciry' is clicked on

2018-12-10 18:27:50 - [MESSAGE][PASSED] - Object: 'Object Repository/Final Object Repo/New Registration - Registration Module Pages/Form 1/Industry Ciry' is clicked on

2018-12-10 18:27:50 - [TEST_STEP][PASSED] - setText: Text 'joh' is set on object 'Object Repository/Final Object Repo/New Registration - Registration Module Pages/Form 1/Industry Ciry - joh'

2018-12-10 18:27:50 - [MESSAGE][PASSED] - Text 'joh' is set on object 'Object Repository/Final Object Repo/New Registration - Registration Module Pages/Form 1/Industry Ciry - joh'

2018-12-10 18:27:50 - [TEST_STEP][PASSED] - delay: Delayed 2 second(s)

2018-12-10 18:27:52 - [MESSAGE][PASSED] - Delayed 2 second(s)

2018-12-10 18:27:52 - [TEST_STEP][PASSED] - click: Object: 'Object Repository/Final Object Repo/New Registration - Registration Module Pages/Form 1/Industy State - Johor Bharu' is clicked on

2018-12-10 18:27:52 - [MESSAGE][PASSED] - Object: 'Object Repository/Final Object Repo/New Registration - Registration Module Pages/Form 1/Industy State - Johor Bharu' is clicked on

2018-12-10 18:27:52 - [TEST_STEP][PASSED] - delay: Delayed 1 second(s)

2018-12-10 18:27:53 - [MESSAGE][PASSED] - Delayed 1 second(s)

2018-12-10 18:27:53 - [TEST_STEP][PASSED] - click: Object: 'Object Repository/Final Object Repo/New Registration - Registration Module Pages/Form 1/Indusry PostCode' is clicked on

2018-12-10 18:27:53 - [MESSAGE][PASSED] - Object: 'Object Repository/Final Object Repo/New Registration - Registration Module Pages/Form 1/Indusry PostCode' is clicked on

2018-12-10 18:27:53 - [TEST_STEP][PASSED] - delay: Delayed 1 second(s)

2018-12-10 18:27:54 - [MESSAGE][PASSED] - Delayed 1 second(s)

2018-12-10 18:27:54 - [TEST_STEP][PASSED] - setText: Text '810' is set on object 'Object Repository/Final Object Repo/New Registration - Registration Module Pages/Form 1/Insutry Post Code - 810'

2018-12-10 18:27:55 - [MESSAGE][PASSED] - Text '810' is set on object 'Object Repository/Final Object Repo/New Registration - Registration Module Pages/Form 1/Insutry Post Code - 810'

2018-12-10 18:27:55 - [TEST_STEP][PASSED] - delay: Delayed 1 second(s)

2018-12-10 18:27:56 - [MESSAGE][PASSED] - Delayed 1 second(s)

2018-12-10 18:27:56 - [TEST_STEP][PASSED] - click: Object: 'Object Repository/Final Object Repo/New Registration - Registration Module Pages/Form 1/Insutry Post Code - 81000' is clicked on

2018-12-10 18:27:56 - [MESSAGE][PASSED] - Object: 'Object Repository/Final Object Repo/New Registration - Registration Module Pages/Form 1/Insutry Post Code - 81000' is clicked on

2018-12-10 18:27:56 - [TEST_STEP][PASSED] - delay: Delayed 1 second(s)

2018-12-10 18:27:57 - [MESSAGE][PASSED] - Delayed 1 second(s)

2018-12-10 18:27:57 - [TEST_STEP][PASSED] - setText: Text '100' is set on object 'Object Repository/Final Object Repo/New Registration - Registration Module Pages/Form 1/Industry P.O.BOX'

2018-12-10 18:27:57 - [MESSAGE][PASSED] - Text '100' is set on object 'Object Repository/Final Object Repo/New Registration - Registration Module Pages/Form 1/Industry P.O.BOX'

2018-12-10 18:27:57 - [TEST_STEP][PASSED] - setText: Text '100' is set on object 'Object Repository/Final Object Repo/New Registration - Registration Module Pages/Form 1/Industry Locked Bag No'

2018-12-10 18:27:57 - [MESSAGE][PASSED] - Text '100' is set on object 'Object Repository/Final Object Repo/New Registration - Registration Module Pages/Form 1/Industry Locked Bag No'

2018-12-10 18:27:57 - [TEST_STEP][PASSED] - setText: Text '123456789' is set on object 'Object Repository/Final Object Repo/New Registration - Registration Module Pages/Form 1/Telephone No'

2018-12-10 18:27:58 - [MESSAGE][PASSED] - Text '123456789' is set on object 'Object Repository/Final Object Repo/New Registration - Registration Module Pages/Form 1/Telephone No'

2018-12-10 18:27:58 - [TEST_STEP][PASSED] - setText: Text '123456789' is set on object 'Object Repository/Final Object Repo/New Registration - Registration Module Pages/Form 1/Mobile No'

2018-12-10 18:27:58 - [MESSAGE][PASSED] - Text '123456789' is set on object 'Object Repository/Final Object Repo/New Registration - Registration Module Pages/Form 1/Mobile No'

2018-12-10 18:27:58 - [TEST_STEP][PASSED] - setText: Text '123456789' is set on object 'Object Repository/Final Object Repo/New Registration - Registration Module Pages/Form 1/Fax No'

2018-12-10 18:27:59 - [MESSAGE][PASSED] - Text '123456789' is set on object 'Object Repository/Final Object Repo/New Registration - Registration Module Pages/Form 1/Fax No'

2018-12-10 18:27:59 - [TEST_STEP][PASSED] - click: Object: 'Object Repository/Final Object Repo/New Registration - Registration Module Pages/Form 1/Industry Code' is clicked on

2018-12-10 18:27:59 - [MESSAGE][PASSED] - Object: 'Object Repository/Final Object Repo/New Registration - Registration Module Pages/Form 1/Industry Code' is clicked on

2018-12-10 18:27:59 - [TEST_STEP][PASSED] - click: Object: 'Object Repository/Final Object Repo/New Registration - Registration Module Pages/Form 1/Indudustry Code - Crops and Animal' is clicked on

2018-12-10 18:27:59 - [MESSAGE][PASSED] - Object: 'Object Repository/Final Object Repo/New Registration - Registration Module Pages/Form 1/Indudustry Code - Crops and Animal' is clicked on

2018-12-10 18:27:59 - [TEST_STEP][PASSED] - delay: Delayed 1 second(s)

2018-12-10 18:28:00 - [MESSAGE][PASSED] - Delayed 1 second(s)

2018-12-10 18:28:00 - [TEST_STEP][PASSED] - click: Object: 'Object Repository/Final Object Repo/New Registration - Registration Module Pages/Form 1/Sub Industry Code List' is clicked on

2018-12-10 18:28:00 - [MESSAGE][PASSED] - Object: 'Object Repository/Final Object Repo/New Registration - Registration Module Pages/Form 1/Sub Industry Code List' is clicked on

2018-12-10 18:28:00 - [TEST_STEP][PASSED] - click: Object: 'Object Repository/Final Object Repo/New Registration - Registration Module Pages/Form 1/Sub Industry Code List - Growing of Maize' is clicked on

2018-12-10 18:28:01 - [MESSAGE][PASSED] - Object: 'Object Repository/Final Object Repo/New Registration - Registration Module Pages/Form 1/Sub Industry Code List - Growing of Maize' is clicked on

2018-12-10 18:28:01 - [TEST_STEP][PASSED] - setText: Text 'perkeso123@gmail.com' is set on object 'Object Repository/Final Object Repo/New Registration - Registration Module Pages/Form 1/Email'

2018-12-10 18:28:01 - [MESSAGE][PASSED] - Text 'perkeso123@gmail.com' is set on object 'Object Repository/Final Object Repo/New Registration - Registration Module Pages/Form 1/Email'

2018-12-10 18:28:01 - [TEST_STEP][PASSED] - click: Object: 'Object Repository/Final Object Repo/New Registration - Registration Module Pages/Form 1/Method of Contribution Payment' is clicked on

2018-12-10 18:28:01 - [MESSAGE][PASSED] - Object: 'Object Repository/Final Object Repo/New Registration - Registration Module Pages/Form 1/Method of Contribution Payment' is clicked on

2018-12-10 18:28:01 - [TEST_STEP][PASSED] - click: Object: 'Object Repository/Final Object Repo/New Registration - Registration Module Pages/Form 1/Method of Contribution Payment - Portal' is clicked on

2018-12-10 18:28:02 - [MESSAGE][PASSED] - Object: 'Object Repository/Final Object Repo/New Registration - Registration Module Pages/Form 1/Method of Contribution Payment - Portal' is clicked on

2018-12-10 18:28:02 - [TEST_STEP][PASSED] - click: Object: 'Object Repository/Final Object Repo/New Registration - Registration Module Pages/Form 1/Servide Type' is clicked on

2018-12-10 18:28:02 - [MESSAGE][PASSED] - Object: 'Object Repository/Final Object Repo/New Registration - Registration Module Pages/Form 1/Servide Type' is clicked on

2018-12-10 18:28:02 - [TEST_STEP][PASSED] - click: Object: 'Object Repository/Final Object Repo/New Registration - Registration Module Pages/Form 1/Servide Type - Professional Bodies' is clicked on

2018-12-10 18:28:02 - [MESSAGE][PASSED] - Object: 'Object Repository/Final Object Repo/New Registration - Registration Module Pages/Form 1/Servide Type - Professional Bodies' is clicked on

2018-12-10 18:28:02 - [TEST_STEP][PASSED] - click: Object: 'Object Repository/Final Object Repo/New Registration - Registration Module Pages/Form 1/Industry Venue' is clicked on

2018-12-10 18:28:02 - [MESSAGE][PASSED] - Object: 'Object Repository/Final Object Repo/New Registration - Registration Module Pages/Form 1/Industry Venue' is clicked on

2018-12-10 18:28:02 - [TEST_STEP][PASSED] - click: Object: 'Object Repository/Final Object Repo/New Registration - Registration Module Pages/Form 1/Industry Venue -  PPN JOHOR' is clicked on

2018-12-10 18:28:02 - [MESSAGE][PASSED] - Object: 'Object Repository/Final Object Repo/New Registration - Registration Module Pages/Form 1/Industry Venue -  PPN JOHOR' is clicked on

2018-12-10 18:28:02 - [TEST_STEP][PASSED] - click: Object: 'Object Repository/Final Object Repo/New Registration - Registration Module Pages/Form 1/Save  Continue' is clicked on

2018-12-10 18:28:03 - [MESSAGE][PASSED] - Object: 'Object Repository/Final Object Repo/New Registration - Registration Module Pages/Form 1/Save  Continue' is clicked on

2018-12-10 18:28:03 - [MESSAGE][PASSED] - Call Test Case 'Test Cases/Final Aug 2018 - PKS Automation/Registration Module/New Registration/Form 1/Form 1 - Sole Proprietor - Not Registered' successfully

2018-12-10 18:28:03 - [TEST_STEP][PASSED] - callTestCase: Call Test Case 'Test Cases/Final Aug 2018 - PKS Automation/Registration Module/New Registration/Form 2/Add 2 Eligible 2 Not Eligible' successfully

2018-12-10 18:28:03 - [TEST_CASE][PASSED] - Test Cases/Final Aug 2018 - PKS Automation/Registration Module/New Registration/Form 2/Add 2 Eligible 2 Not Eligible: Test Cases/Final Aug 2018 - PKS Automation/Registration Module/New Registration/Form 2/Add 2 Eligible 2 Not Eligible

2018-12-10 18:28:03 - [TEST_STEP][PASSED] - delay: Delayed 2 second(s)

2018-12-10 18:28:05 - [MESSAGE][PASSED] - Delayed 2 second(s)

2018-12-10 18:28:05 - [TEST_STEP][PASSED] - callTestCase: Call Test Case 'Test Cases/Final Aug 2018 - PKS Automation/Registration Module/New Registration/Form 2/Date Updater' successfully

2018-12-10 18:28:05 - [TEST_CASE][PASSED] - Test Cases/Final Aug 2018 - PKS Automation/Registration Module/New Registration/Form 2/Date Updater: Test Cases/Final Aug 2018 - PKS Automation/Registration Module/New Registration/Form 2/Date Updater

2018-12-10 18:28:05 - [TEST_STEP][PASSED] - Statement - TodayDate = new java.util.Date(): null

2018-12-10 18:28:05 - [TEST_STEP][PASSED] - Statement - CurrentDateNoFilter = new java.text.SimpleDateFormat(): null

2018-12-10 18:28:05 - [TEST_STEP][PASSED] - Statement - CurrentDateNoFilter.applyPattern("MM"): null

2018-12-10 18:28:05 - [TEST_STEP][PASSED] - Statement - monthContainerMatcher = java.lang.Integer.parseInt(CurrentDateNoFilter.format(TodayDate)): null

2018-12-10 18:28:05 - [TEST_STEP][PASSED] - Statement - monthContainerMatcher = monthContainerMatcher - 1: null

2018-12-10 18:28:05 - [TEST_STEP][PASSED] - Statement - CurrentMonth = monthContainerMatcher.toString(): null

2018-12-10 18:28:05 - [TEST_STEP][PASSED] - Statement - CurrentMonth = CurrentMonth: null

2018-12-10 18:28:05 - [TEST_STEP][PASSED] - Statement - CurrentDateNoFilter.applyPattern("yyyy"): null

2018-12-10 18:28:05 - [TEST_STEP][PASSED] - Statement - CurrentYear = CurrentDateNoFilter.format(TodayDate): null

2018-12-10 18:28:05 - [TEST_STEP][PASSED] - Statement - CurrentYear = CurrentYear: null

2018-12-10 18:28:05 - [TEST_STEP][PASSED] - Statement - intCurrentYear = java.lang.Integer.parseInt(CurrentDateNoFilter.format(TodayDate)): null

2018-12-10 18:28:05 - [TEST_STEP][PASSED] - Statement - eighteenYrsAgo = intCurrentYear - 18: null

2018-12-10 18:28:05 - [TEST_STEP][PASSED] - Statement - eighteenYrsBeforeThisYr = eighteenYrsAgo.toString(): null

2018-12-10 18:28:05 - [TEST_STEP][PASSED] - Statement - EighteenYrsBefore = eighteenYrsBeforeThisYr: null

2018-12-10 18:28:05 - [TEST_STEP][PASSED] - Statement - fiftysevenYrsAgo = intCurrentYear - 57: null

2018-12-10 18:28:05 - [TEST_STEP][PASSED] - Statement - fiftysevenYrsBeforeThisYr = fiftysevenYrsAgo.toString(): null

2018-12-10 18:28:05 - [TEST_STEP][PASSED] - Statement - FiftysevenYrsBefore = fiftysevenYrsBeforeThisYr: null

2018-12-10 18:28:05 - [TEST_STEP][PASSED] - Statement - leapYear = false: null

2018-12-10 18:28:05 - [TEST_STEP][PASSED] - Statement - leapYear = intCurrentYear % 4 == 0: null

2018-12-10 18:28:05 - [TEST_STEP][PASSED] - Statement - CurrentDateNoFilter.applyPattern("dd"): null

2018-12-10 18:28:05 - [TEST_STEP][PASSED] - Statement - CurrentDate = CurrentDateNoFilter.format(TodayDate): null

2018-12-10 18:28:05 - [TEST_STEP][PASSED] - Statement - CurrentDate = java.lang.Integer.parseInt(CurrentDate): null

2018-12-10 18:28:05 - [TEST_STEP][PASSED] - Statement - CurrentDate = CurrentDate: null

2018-12-10 18:28:05 - [TEST_STEP][PASSED] - Statement - CurrentDay = java.lang.Integer.parseInt(CurrentDate): null

2018-12-10 18:28:05 - [TEST_STEP][PASSED] - Statement - ConfAdder = <not implemented yet for class: org.codehaus.groovy.ast.expr.EmptyExpression>: null

2018-12-10 18:28:05 - [TEST_STEP][PASSED] - Statement - out.println(CurrentMonth): null

2018-12-10 18:28:05 - [TEST_STEP][PASSED] - Statement - out.println(CurrentDate): null

2018-12-10 18:28:05 - [TEST_STEP][PASSED] - Statement - switch (CurrentDate): null

2018-12-10 18:28:05 - [TEST_STEP][PASSED] - Statement - Default: null

2018-12-10 18:28:05 - [TEST_STEP][PASSED] - Statement - ConfAdder = true: null

2018-12-10 18:28:05 - [TEST_STEP][PASSED] - Statement - Break: null

2018-12-10 18:28:05 - [TEST_STEP][PASSED] - Statement - aDayBefore = <not implemented yet for class: org.codehaus.groovy.ast.expr.EmptyExpression>: null

2018-12-10 18:28:05 - [TEST_STEP][PASSED] - Statement - out.println(ConfAdder): null

2018-12-10 18:28:05 - [TEST_STEP][PASSED] - Statement - If (ConfAdder == true): null

2018-12-10 18:28:05 - [TEST_STEP][PASSED] - Statement - aDayBefore = CurrentDay + 1: null

2018-12-10 18:28:05 - [TEST_STEP][PASSED] - Statement - out.println(aDayBefore): null

2018-12-10 18:28:05 - [TEST_STEP][PASSED] - Statement - If (aDayBefore == 1 && CurrentMonth == 11): null

2018-12-10 18:28:05 - [TEST_STEP][PASSED] - Statement - DayBefore = aDayBefore.toString(): null

2018-12-10 18:28:05 - [TEST_STEP][PASSED] - Statement - OneDayBefore = DayBefore: null

2018-12-10 18:28:05 - [MESSAGE][PASSED] - Call Test Case 'Test Cases/Final Aug 2018 - PKS Automation/Registration Module/New Registration/Form 2/Date Updater' successfully

2018-12-10 18:28:05 - [TEST_STEP][PASSED] - delay: Delayed 1 second(s)

2018-12-10 18:28:06 - [MESSAGE][PASSED] - Delayed 1 second(s)

2018-12-10 18:28:06 - [TEST_STEP][PASSED] - Statement - CaseReferenceNo = com.kms.katalon.core.webui.keyword.WebUiBuiltInKeywords.getText(com.kms.katalon.core.testobject.ObjectRepository.findTestObject(Final Object Repo/New Registration - Registration Module Pages/Form 2/RefNo Acquiring)): Text of object 'Object Repository/Final Object Repo/New Registration - Registration Module Pages/Form 2/RefNo Acquiring' is: 'CRN12201800123144'

2018-12-10 18:28:06 - [MESSAGE][PASSED] - Text of object 'Object Repository/Final Object Repo/New Registration - Registration Module Pages/Form 2/RefNo Acquiring' is: 'CRN12201800123144'

2018-12-10 18:28:06 - [TEST_STEP][PASSED] - delay: Delayed 1 second(s)

2018-12-10 18:28:07 - [MESSAGE][PASSED] - Delayed 1 second(s)

2018-12-10 18:28:07 - [TEST_STEP][PASSED] - click: Object: 'Object Repository/Final Object Repo/New Registration - Registration Module Pages/Form 2/Add Employee Button' is clicked on

2018-12-10 18:28:07 - [MESSAGE][PASSED] - Object: 'Object Repository/Final Object Repo/New Registration - Registration Module Pages/Form 2/Add Employee Button' is clicked on

2018-12-10 18:28:07 - [TEST_STEP][PASSED] - delay: Delayed 4 second(s)

2018-12-10 18:28:11 - [MESSAGE][PASSED] - Delayed 4 second(s)

2018-12-10 18:28:11 - [TEST_STEP][PASSED] - setText: Text '010903091927' is set on object 'Object Repository/Final Object Repo/New Registration - Registration Module Pages/Form 2/NRIC Input'

2018-12-10 18:28:11 - [MESSAGE][PASSED] - Text '010903091927' is set on object 'Object Repository/Final Object Repo/New Registration - Registration Module Pages/Form 2/NRIC Input'

2018-12-10 18:28:11 - [TEST_STEP][PASSED] - click: Object: 'Object Repository/Final Object Repo/New Registration - Registration Module Pages/Form 2/button for search for IC' is clicked on

2018-12-10 18:28:12 - [MESSAGE][PASSED] - Object: 'Object Repository/Final Object Repo/New Registration - Registration Module Pages/Form 2/button for search for IC' is clicked on

2018-12-10 18:28:12 - [TEST_STEP][PASSED] - delay: Delayed 2 second(s)

2018-12-10 18:28:14 - [MESSAGE][PASSED] - Delayed 2 second(s)

2018-12-10 18:28:14 - [TEST_STEP][PASSED] - setText: Text 'Automate001 eligible 1' is set on object 'Object Repository/Final Object Repo/New Registration - Registration Module Pages/Form 2/Employee Name Input'

2018-12-10 18:28:14 - [MESSAGE][PASSED] - Text 'Automate001 eligible 1' is set on object 'Object Repository/Final Object Repo/New Registration - Registration Module Pages/Form 2/Employee Name Input'

2018-12-10 18:28:14 - [TEST_STEP][PASSED] - delay: Delayed 2 second(s)

2018-12-10 18:28:16 - [MESSAGE][PASSED] - Delayed 2 second(s)

2018-12-10 18:28:16 - [TEST_STEP][PASSED] - click: Object: 'Object Repository/Final Object Repo/New Registration - Registration Module Pages/Form 2/DatePicker Pop Up' is clicked on

2018-12-10 18:28:16 - [MESSAGE][PASSED] - Object: 'Object Repository/Final Object Repo/New Registration - Registration Module Pages/Form 2/DatePicker Pop Up' is clicked on

2018-12-10 18:28:16 - [TEST_STEP][PASSED] - click: Object: 'Object Repository/Final Object Repo/New Registration - Registration Module Pages/Form 2/DOB Month' is clicked on

2018-12-10 18:28:16 - [MESSAGE][PASSED] - Object: 'Object Repository/Final Object Repo/New Registration - Registration Module Pages/Form 2/DOB Month' is clicked on

2018-12-10 18:28:16 - [TEST_STEP][PASSED] - Statement - CurrentMonth = CurrentMonth: null

2018-12-10 18:28:16 - [TEST_STEP][PASSED] - Statement - selectMonth = new com.kms.katalon.core.testobject.TestObject(): null

2018-12-10 18:28:16 - [TEST_STEP][PASSED] - Statement - selectMonth.addProperty("xpath", EQUALS, "//body/div/div/div/select/option[@value='" + CurrentMonth + "']", true): null

2018-12-10 18:28:16 - [TEST_STEP][PASSED] - click: Object: '' is clicked on

2018-12-10 18:28:17 - [MESSAGE][PASSED] - Object: '' is clicked on

2018-12-10 18:28:17 - [TEST_STEP][PASSED] - click: Object: 'Object Repository/Final Object Repo/New Registration - Registration Module Pages/Form 2/DOB Year' is clicked on

2018-12-10 18:28:17 - [MESSAGE][PASSED] - Object: 'Object Repository/Final Object Repo/New Registration - Registration Module Pages/Form 2/DOB Year' is clicked on

2018-12-10 18:28:17 - [TEST_STEP][PASSED] - Statement - Eyearsbf = EighteenYrsBefore: null

2018-12-10 18:28:17 - [TEST_STEP][PASSED] - Statement - selectYear = new com.kms.katalon.core.testobject.TestObject(): null

2018-12-10 18:28:17 - [TEST_STEP][PASSED] - Statement - selectYear.addProperty("xpath", EQUALS, "//div/div/div/select/option[@value='" + Eyearsbf + "']", true): null

2018-12-10 18:28:17 - [TEST_STEP][PASSED] - click: Object: '' is clicked on

2018-12-10 18:28:17 - [MESSAGE][PASSED] - Object: '' is clicked on

2018-12-10 18:28:17 - [TEST_STEP][PASSED] - Statement - UpdatedSelectDate = com.kms.katalon.core.webui.keyword.WebUiBuiltInKeywords.modifyObjectProperty(com.kms.katalon.core.testobject.ObjectRepository.findTestObject(Final Object Repo/New Registration - Registration Module Pages/Form 2/DOB Date), "xpath", "equals", "//body/div/table/tbody/tr/td/a[text()="" + CurrentDate + ""]", true): Modify property of object successfully

2018-12-10 18:28:17 - [MESSAGE][PASSED] - Modify property of object successfully

2018-12-10 18:28:17 - [TEST_STEP][PASSED] - delay: Delayed 3 second(s)

2018-12-10 18:28:20 - [MESSAGE][PASSED] - Delayed 3 second(s)

2018-12-10 18:28:20 - [TEST_STEP][PASSED] - click: Object: 'Object Repository/Final Object Repo/New Registration - Registration Module Pages/Form 2/DOB Date' is clicked on

2018-12-10 18:28:20 - [MESSAGE][PASSED] - Object: 'Object Repository/Final Object Repo/New Registration - Registration Module Pages/Form 2/DOB Date' is clicked on

2018-12-10 18:28:20 - [TEST_STEP][PASSED] - delay: Delayed 2 second(s)

2018-12-10 18:28:22 - [MESSAGE][PASSED] - Delayed 2 second(s)

2018-12-10 18:28:22 - [TEST_STEP][PASSED] - click: Object: 'Object Repository/Final Object Repo/New Registration - Registration Module Pages/Form 2/EmploymentStartDate Pop Up' is clicked on

2018-12-10 18:28:22 - [MESSAGE][PASSED] - Object: 'Object Repository/Final Object Repo/New Registration - Registration Module Pages/Form 2/EmploymentStartDate Pop Up' is clicked on

2018-12-10 18:28:22 - [TEST_STEP][PASSED] - delay: Delayed 2 second(s)

2018-12-10 18:28:24 - [MESSAGE][PASSED] - Delayed 2 second(s)

2018-12-10 18:28:24 - [TEST_STEP][PASSED] - click: Object: 'Object Repository/Final Object Repo/New Registration - Registration Module Pages/Form 2/Socso Employment StartDate Month' is clicked on

2018-12-10 18:28:24 - [MESSAGE][PASSED] - Object: 'Object Repository/Final Object Repo/New Registration - Registration Module Pages/Form 2/Socso Employment StartDate Month' is clicked on

2018-12-10 18:28:24 - [TEST_STEP][PASSED] - delay: Delayed 1 second(s)

2018-12-10 18:28:25 - [MESSAGE][PASSED] - Delayed 1 second(s)

2018-12-10 18:28:25 - [TEST_STEP][PASSED] - click: Object: 'Object Repository/Final Object Repo/New Registration - Registration Module Pages/Form 2/Select Socso Employement Startdate Month' is clicked on

2018-12-10 18:28:26 - [MESSAGE][PASSED] - Object: 'Object Repository/Final Object Repo/New Registration - Registration Module Pages/Form 2/Select Socso Employement Startdate Month' is clicked on

2018-12-10 18:28:26 - [TEST_STEP][PASSED] - delay: Delayed 2 second(s)

2018-12-10 18:28:28 - [MESSAGE][PASSED] - Delayed 2 second(s)

2018-12-10 18:28:28 - [TEST_STEP][PASSED] - click: Object: 'Object Repository/Final Object Repo/New Registration - Registration Module Pages/Form 2/Socso Employment StartDate Year' is clicked on

2018-12-10 18:28:28 - [MESSAGE][PASSED] - Object: 'Object Repository/Final Object Repo/New Registration - Registration Module Pages/Form 2/Socso Employment StartDate Year' is clicked on

2018-12-10 18:28:28 - [TEST_STEP][PASSED] - delay: Delayed 1 second(s)

2018-12-10 18:28:29 - [MESSAGE][PASSED] - Delayed 1 second(s)

2018-12-10 18:28:29 - [TEST_STEP][PASSED] - click: Object: 'Object Repository/Final Object Repo/New Registration - Registration Module Pages/Form 2/Select Socso Employment Startdate Year' is clicked on

2018-12-10 18:28:29 - [MESSAGE][PASSED] - Object: 'Object Repository/Final Object Repo/New Registration - Registration Module Pages/Form 2/Select Socso Employment Startdate Year' is clicked on

2018-12-10 18:28:29 - [TEST_STEP][PASSED] - delay: Delayed 2 second(s)

2018-12-10 18:28:31 - [MESSAGE][PASSED] - Delayed 2 second(s)

2018-12-10 18:28:31 - [TEST_STEP][PASSED] - click: Object: 'Object Repository/Final Object Repo/New Registration - Registration Module Pages/Form 2/Socso Employment Start Date Day' is clicked on

2018-12-10 18:28:31 - [MESSAGE][PASSED] - Object: 'Object Repository/Final Object Repo/New Registration - Registration Module Pages/Form 2/Socso Employment Start Date Day' is clicked on

2018-12-10 18:28:31 - [TEST_STEP][PASSED] - delay: Delayed 2 second(s)

2018-12-10 18:28:33 - [MESSAGE][PASSED] - Delayed 2 second(s)

2018-12-10 18:28:33 - [TEST_STEP][PASSED] - click: Object: 'Object Repository/Final Object Repo/New Registration - Registration Module Pages/Form 2/Save Button for Add Employee' is clicked on

2018-12-10 18:28:33 - [MESSAGE][PASSED] - Object: 'Object Repository/Final Object Repo/New Registration - Registration Module Pages/Form 2/Save Button for Add Employee' is clicked on

2018-12-10 18:28:33 - [TEST_STEP][PASSED] - delay: Delayed 6 second(s)

2018-12-10 18:28:39 - [MESSAGE][PASSED] - Delayed 6 second(s)

2018-12-10 18:28:39 - [TEST_STEP][PASSED] - click: Object: 'Object Repository/Final Object Repo/New Registration - Registration Module Pages/Form 2/Add Employee Button' is clicked on

2018-12-10 18:28:39 - [MESSAGE][PASSED] - Object: 'Object Repository/Final Object Repo/New Registration - Registration Module Pages/Form 2/Add Employee Button' is clicked on

2018-12-10 18:28:39 - [TEST_STEP][PASSED] - delay: Delayed 4 second(s)

2018-12-10 18:28:43 - [MESSAGE][PASSED] - Delayed 4 second(s)

2018-12-10 18:28:43 - [TEST_STEP][PASSED] - setText: Text '620904059691' is set on object 'Object Repository/Final Object Repo/New Registration - Registration Module Pages/Form 2/NRIC Input'

2018-12-10 18:28:44 - [MESSAGE][PASSED] - Text '620904059691' is set on object 'Object Repository/Final Object Repo/New Registration - Registration Module Pages/Form 2/NRIC Input'

2018-12-10 18:28:44 - [TEST_STEP][PASSED] - click: Object: 'Object Repository/Final Object Repo/New Registration - Registration Module Pages/Form 2/button for search for IC' is clicked on

2018-12-10 18:28:44 - [MESSAGE][PASSED] - Object: 'Object Repository/Final Object Repo/New Registration - Registration Module Pages/Form 2/button for search for IC' is clicked on

2018-12-10 18:28:44 - [TEST_STEP][PASSED] - delay: Delayed 2 second(s)

2018-12-10 18:28:46 - [MESSAGE][PASSED] - Delayed 2 second(s)

2018-12-10 18:28:46 - [TEST_STEP][PASSED] - setText: Text 'Automate001 eligible 2' is set on object 'Object Repository/Final Object Repo/New Registration - Registration Module Pages/Form 2/Employee Name Input'

2018-12-10 18:28:46 - [MESSAGE][PASSED] - Text 'Automate001 eligible 2' is set on object 'Object Repository/Final Object Repo/New Registration - Registration Module Pages/Form 2/Employee Name Input'

2018-12-10 18:28:46 - [TEST_STEP][PASSED] - delay: Delayed 2 second(s)

2018-12-10 18:28:48 - [MESSAGE][PASSED] - Delayed 2 second(s)

2018-12-10 18:28:48 - [TEST_STEP][PASSED] - click: Object: 'Object Repository/Final Object Repo/New Registration - Registration Module Pages/Form 2/DatePicker Pop Up' is clicked on

2018-12-10 18:28:49 - [MESSAGE][PASSED] - Object: 'Object Repository/Final Object Repo/New Registration - Registration Module Pages/Form 2/DatePicker Pop Up' is clicked on

2018-12-10 18:28:49 - [TEST_STEP][PASSED] - delay: Delayed 2 second(s)

2018-12-10 18:28:51 - [MESSAGE][PASSED] - Delayed 2 second(s)

2018-12-10 18:28:51 - [TEST_STEP][PASSED] - click: Object: 'Object Repository/Final Object Repo/New Registration - Registration Module Pages/Form 2/DOB Month' is clicked on

2018-12-10 18:28:51 - [MESSAGE][PASSED] - Object: 'Object Repository/Final Object Repo/New Registration - Registration Module Pages/Form 2/DOB Month' is clicked on

2018-12-10 18:28:51 - [TEST_STEP][PASSED] - Statement - selectMonth = com.kms.katalon.core.webui.keyword.WebUiBuiltInKeywords.modifyObjectProperty(selectMonth, "xpath", "equals", "//body/div/div/div/select/option[@value="" + CurrentMonth + ""]", true): Modify property of object successfully

2018-12-10 18:28:51 - [MESSAGE][PASSED] - Modify property of object successfully

2018-12-10 18:28:51 - [TEST_STEP][PASSED] - click: Object: '' is clicked on

2018-12-10 18:28:51 - [MESSAGE][PASSED] - Object: '' is clicked on

2018-12-10 18:28:51 - [TEST_STEP][PASSED] - click: Object: 'Object Repository/Final Object Repo/New Registration - Registration Module Pages/Form 2/DOB Year' is clicked on

2018-12-10 18:28:51 - [MESSAGE][PASSED] - Object: 'Object Repository/Final Object Repo/New Registration - Registration Module Pages/Form 2/DOB Year' is clicked on

2018-12-10 18:28:51 - [TEST_STEP][PASSED] - Statement - selectYear = com.kms.katalon.core.webui.keyword.WebUiBuiltInKeywords.modifyObjectProperty(selectYear, "xpath", "equals", "//div/div/div/select/option[@value="" + FiftysevenYrsBefore + ""]", true): Modify property of object successfully

2018-12-10 18:28:51 - [MESSAGE][PASSED] - Modify property of object successfully

2018-12-10 18:28:51 - [TEST_STEP][PASSED] - click: Object: '' is clicked on

2018-12-10 18:28:51 - [MESSAGE][PASSED] - Object: '' is clicked on

2018-12-10 18:28:51 - [TEST_STEP][PASSED] - Statement - UpdatedSelectDate = com.kms.katalon.core.webui.keyword.WebUiBuiltInKeywords.modifyObjectProperty(com.kms.katalon.core.testobject.ObjectRepository.findTestObject(Final Object Repo/New Registration - Registration Module Pages/Form 2/DOB Date), "xpath", "equals", "//body/div/table/tbody/tr/td/a[text()="" + OneDayBefore + ""]", true): Modify property of object successfully

2018-12-10 18:28:51 - [MESSAGE][PASSED] - Modify property of object successfully

2018-12-10 18:28:51 - [TEST_STEP][PASSED] - click: Object: 'Object Repository/Final Object Repo/New Registration - Registration Module Pages/Form 2/DOB Date' is clicked on

2018-12-10 18:28:51 - [MESSAGE][PASSED] - Object: 'Object Repository/Final Object Repo/New Registration - Registration Module Pages/Form 2/DOB Date' is clicked on

2018-12-10 18:28:51 - [TEST_STEP][PASSED] - delay: Delayed 2 second(s)

2018-12-10 18:28:53 - [MESSAGE][PASSED] - Delayed 2 second(s)

2018-12-10 18:28:53 - [TEST_STEP][PASSED] - click: Object: 'Object Repository/Final Object Repo/New Registration - Registration Module Pages/Form 2/EmploymentStartDate Pop Up' is clicked on

2018-12-10 18:28:54 - [MESSAGE][PASSED] - Object: 'Object Repository/Final Object Repo/New Registration - Registration Module Pages/Form 2/EmploymentStartDate Pop Up' is clicked on

2018-12-10 18:28:54 - [TEST_STEP][PASSED] - delay: Delayed 2 second(s)

2018-12-10 18:28:56 - [MESSAGE][PASSED] - Delayed 2 second(s)

2018-12-10 18:28:56 - [TEST_STEP][PASSED] - click: Object: 'Object Repository/Final Object Repo/New Registration - Registration Module Pages/Form 2/Socso Employment StartDate Month' is clicked on

2018-12-10 18:28:56 - [MESSAGE][PASSED] - Object: 'Object Repository/Final Object Repo/New Registration - Registration Module Pages/Form 2/Socso Employment StartDate Month' is clicked on

2018-12-10 18:28:56 - [TEST_STEP][PASSED] - delay: Delayed 1 second(s)

2018-12-10 18:28:57 - [MESSAGE][PASSED] - Delayed 1 second(s)

2018-12-10 18:28:57 - [TEST_STEP][PASSED] - click: Object: 'Object Repository/Final Object Repo/New Registration - Registration Module Pages/Form 2/Select Socso Employement Startdate Month' is clicked on

2018-12-10 18:28:57 - [MESSAGE][PASSED] - Object: 'Object Repository/Final Object Repo/New Registration - Registration Module Pages/Form 2/Select Socso Employement Startdate Month' is clicked on

2018-12-10 18:28:57 - [TEST_STEP][PASSED] - delay: Delayed 2 second(s)

2018-12-10 18:28:59 - [MESSAGE][PASSED] - Delayed 2 second(s)

2018-12-10 18:28:59 - [TEST_STEP][PASSED] - click: Object: 'Object Repository/Final Object Repo/New Registration - Registration Module Pages/Form 2/Socso Employment StartDate Year' is clicked on

2018-12-10 18:28:59 - [MESSAGE][PASSED] - Object: 'Object Repository/Final Object Repo/New Registration - Registration Module Pages/Form 2/Socso Employment StartDate Year' is clicked on

2018-12-10 18:28:59 - [TEST_STEP][PASSED] - delay: Delayed 1 second(s)

2018-12-10 18:29:00 - [MESSAGE][PASSED] - Delayed 1 second(s)

2018-12-10 18:29:00 - [TEST_STEP][PASSED] - click: Object: 'Object Repository/Final Object Repo/New Registration - Registration Module Pages/Form 2/Select Socso Employment Startdate Year' is clicked on

2018-12-10 18:29:00 - [MESSAGE][PASSED] - Object: 'Object Repository/Final Object Repo/New Registration - Registration Module Pages/Form 2/Select Socso Employment Startdate Year' is clicked on

2018-12-10 18:29:00 - [TEST_STEP][PASSED] - delay: Delayed 2 second(s)

2018-12-10 18:29:02 - [MESSAGE][PASSED] - Delayed 2 second(s)

2018-12-10 18:29:02 - [TEST_STEP][PASSED] - click: Object: 'Object Repository/Final Object Repo/New Registration - Registration Module Pages/Form 2/Socso Employment Start Date Day' is clicked on

2018-12-10 18:29:02 - [MESSAGE][PASSED] - Object: 'Object Repository/Final Object Repo/New Registration - Registration Module Pages/Form 2/Socso Employment Start Date Day' is clicked on

2018-12-10 18:29:02 - [TEST_STEP][PASSED] - delay: Delayed 2 second(s)

2018-12-10 18:29:04 - [MESSAGE][PASSED] - Delayed 2 second(s)

2018-12-10 18:29:04 - [TEST_STEP][PASSED] - click: Object: 'Object Repository/Final Object Repo/New Registration - Registration Module Pages/Form 2/Save Button for Add Employee' is clicked on

2018-12-10 18:29:05 - [MESSAGE][PASSED] - Object: 'Object Repository/Final Object Repo/New Registration - Registration Module Pages/Form 2/Save Button for Add Employee' is clicked on

2018-12-10 18:29:05 - [TEST_STEP][PASSED] - delay: Delayed 4 second(s)

2018-12-10 18:29:09 - [MESSAGE][PASSED] - Delayed 4 second(s)

2018-12-10 18:29:09 - [TEST_STEP][PASSED] - delay: Delayed 30 second(s)

2018-12-10 18:29:39 - [MESSAGE][PASSED] - Delayed 30 second(s)

2018-12-10 18:29:39 - [TEST_STEP][PASSED] - click: Object: 'Object Repository/Final Object Repo/New Registration - Registration Module Pages/Form 2/Add Employee Button' is clicked on

2018-12-10 18:29:39 - [MESSAGE][PASSED] - Object: 'Object Repository/Final Object Repo/New Registration - Registration Module Pages/Form 2/Add Employee Button' is clicked on

2018-12-10 18:29:39 - [TEST_STEP][PASSED] - delay: Delayed 4 second(s)

2018-12-10 18:29:43 - [MESSAGE][PASSED] - Delayed 4 second(s)

2018-12-10 18:29:43 - [TEST_STEP][PASSED] - setText: Text '000209039145' is set on object 'Object Repository/Final Object Repo/New Registration - Registration Module Pages/Form 2/NRIC Input'

2018-12-10 18:29:43 - [MESSAGE][PASSED] - Text '000209039145' is set on object 'Object Repository/Final Object Repo/New Registration - Registration Module Pages/Form 2/NRIC Input'

2018-12-10 18:29:43 - [TEST_STEP][PASSED] - click: Object: 'Object Repository/Final Object Repo/New Registration - Registration Module Pages/Form 2/button for search for IC' is clicked on

2018-12-10 18:29:43 - [MESSAGE][PASSED] - Object: 'Object Repository/Final Object Repo/New Registration - Registration Module Pages/Form 2/button for search for IC' is clicked on

2018-12-10 18:29:43 - [TEST_STEP][PASSED] - delay: Delayed 2 second(s)

2018-12-10 18:29:45 - [MESSAGE][PASSED] - Delayed 2 second(s)

2018-12-10 18:29:45 - [TEST_STEP][PASSED] - setText: Text 'Automate001 not eligible 1' is set on object 'Object Repository/Final Object Repo/New Registration - Registration Module Pages/Form 2/Employee Name Input'

2018-12-10 18:29:46 - [MESSAGE][PASSED] - Text 'Automate001 not eligible 1' is set on object 'Object Repository/Final Object Repo/New Registration - Registration Module Pages/Form 2/Employee Name Input'

2018-12-10 18:29:46 - [TEST_STEP][PASSED] - delay: Delayed 2 second(s)

2018-12-10 18:29:48 - [MESSAGE][PASSED] - Delayed 2 second(s)

2018-12-10 18:29:48 - [TEST_STEP][PASSED] - click: Object: 'Object Repository/Final Object Repo/New Registration - Registration Module Pages/Form 2/DatePicker Pop Up' is clicked on

2018-12-10 18:29:48 - [MESSAGE][PASSED] - Object: 'Object Repository/Final Object Repo/New Registration - Registration Module Pages/Form 2/DatePicker Pop Up' is clicked on

2018-12-10 18:29:48 - [TEST_STEP][PASSED] - delay: Delayed 2 second(s)

2018-12-10 18:29:50 - [MESSAGE][PASSED] - Delayed 2 second(s)

2018-12-10 18:29:50 - [TEST_STEP][PASSED] - click: Object: 'Object Repository/Final Object Repo/New Registration - Registration Module Pages/Form 2/DOB Month' is clicked on

2018-12-10 18:29:50 - [MESSAGE][PASSED] - Object: 'Object Repository/Final Object Repo/New Registration - Registration Module Pages/Form 2/DOB Month' is clicked on

2018-12-10 18:29:50 - [TEST_STEP][PASSED] - Statement - selectMonth = com.kms.katalon.core.webui.keyword.WebUiBuiltInKeywords.modifyObjectProperty(selectMonth, "xpath", "equals", "//body/div/div/div/select/option[@value="" + CurrentMonth + ""]", true): Modify property of object successfully

2018-12-10 18:29:50 - [MESSAGE][PASSED] - Modify property of object successfully

2018-12-10 18:29:50 - [TEST_STEP][PASSED] - click: Object: '' is clicked on

2018-12-10 18:29:50 - [MESSAGE][PASSED] - Object: '' is clicked on

2018-12-10 18:29:50 - [TEST_STEP][PASSED] - click: Object: 'Object Repository/Final Object Repo/New Registration - Registration Module Pages/Form 2/DOB Year' is clicked on

2018-12-10 18:29:51 - [MESSAGE][PASSED] - Object: 'Object Repository/Final Object Repo/New Registration - Registration Module Pages/Form 2/DOB Year' is clicked on

2018-12-10 18:29:51 - [TEST_STEP][PASSED] - Statement - selectYear = com.kms.katalon.core.webui.keyword.WebUiBuiltInKeywords.modifyObjectProperty(selectYear, "xpath", "equals", "//div/div/div/select/option[@value="" + EighteenYrsBefore + ""]", true): Modify property of object successfully

2018-12-10 18:29:51 - [MESSAGE][PASSED] - Modify property of object successfully

2018-12-10 18:29:51 - [TEST_STEP][PASSED] - click: Object: '' is clicked on

2018-12-10 18:29:51 - [MESSAGE][PASSED] - Object: '' is clicked on

2018-12-10 18:29:51 - [TEST_STEP][PASSED] - Statement - UpdatedSelectDate = com.kms.katalon.core.webui.keyword.WebUiBuiltInKeywords.modifyObjectProperty(com.kms.katalon.core.testobject.ObjectRepository.findTestObject(Final Object Repo/New Registration - Registration Module Pages/Form 2/DOB Date), "xpath", "equals", "//body/div/table/tbody/tr/td/a[text()="" + OneDayBefore + ""]", true): Modify property of object successfully

2018-12-10 18:29:51 - [MESSAGE][PASSED] - Modify property of object successfully

2018-12-10 18:29:51 - [TEST_STEP][PASSED] - click: Object: 'Object Repository/Final Object Repo/New Registration - Registration Module Pages/Form 2/DOB Date' is clicked on

2018-12-10 18:29:51 - [MESSAGE][PASSED] - Object: 'Object Repository/Final Object Repo/New Registration - Registration Module Pages/Form 2/DOB Date' is clicked on

2018-12-10 18:29:51 - [TEST_STEP][PASSED] - delay: Delayed 2 second(s)

2018-12-10 18:29:53 - [MESSAGE][PASSED] - Delayed 2 second(s)

2018-12-10 18:29:53 - [TEST_STEP][PASSED] - click: Object: 'Object Repository/Final Object Repo/New Registration - Registration Module Pages/Form 2/EmploymentStartDate Pop Up' is clicked on

2018-12-10 18:29:53 - [MESSAGE][PASSED] - Object: 'Object Repository/Final Object Repo/New Registration - Registration Module Pages/Form 2/EmploymentStartDate Pop Up' is clicked on

2018-12-10 18:29:53 - [TEST_STEP][PASSED] - delay: Delayed 2 second(s)

2018-12-10 18:29:55 - [MESSAGE][PASSED] - Delayed 2 second(s)

2018-12-10 18:29:55 - [TEST_STEP][PASSED] - click: Object: 'Object Repository/Final Object Repo/New Registration - Registration Module Pages/Form 2/Socso Employment StartDate Month' is clicked on

2018-12-10 18:29:55 - [MESSAGE][PASSED] - Object: 'Object Repository/Final Object Repo/New Registration - Registration Module Pages/Form 2/Socso Employment StartDate Month' is clicked on

2018-12-10 18:29:55 - [TEST_STEP][PASSED] - delay: Delayed 1 second(s)

2018-12-10 18:29:56 - [MESSAGE][PASSED] - Delayed 1 second(s)

2018-12-10 18:29:56 - [TEST_STEP][PASSED] - click: Object: 'Object Repository/Final Object Repo/New Registration - Registration Module Pages/Form 2/Select Socso Employement Startdate Month' is clicked on

2018-12-10 18:29:56 - [MESSAGE][PASSED] - Object: 'Object Repository/Final Object Repo/New Registration - Registration Module Pages/Form 2/Select Socso Employement Startdate Month' is clicked on

2018-12-10 18:29:56 - [TEST_STEP][PASSED] - delay: Delayed 2 second(s)

2018-12-10 18:29:58 - [MESSAGE][PASSED] - Delayed 2 second(s)

2018-12-10 18:29:58 - [TEST_STEP][PASSED] - click: Object: 'Object Repository/Final Object Repo/New Registration - Registration Module Pages/Form 2/Socso Employment StartDate Year' is clicked on

2018-12-10 18:29:59 - [MESSAGE][PASSED] - Object: 'Object Repository/Final Object Repo/New Registration - Registration Module Pages/Form 2/Socso Employment StartDate Year' is clicked on

2018-12-10 18:29:59 - [TEST_STEP][PASSED] - delay: Delayed 1 second(s)

2018-12-10 18:30:00 - [MESSAGE][PASSED] - Delayed 1 second(s)

2018-12-10 18:30:00 - [TEST_STEP][PASSED] - click: Object: 'Object Repository/Final Object Repo/New Registration - Registration Module Pages/Form 2/Select Socso Employment Startdate Year' is clicked on

2018-12-10 18:30:00 - [MESSAGE][PASSED] - Object: 'Object Repository/Final Object Repo/New Registration - Registration Module Pages/Form 2/Select Socso Employment Startdate Year' is clicked on

2018-12-10 18:30:00 - [TEST_STEP][PASSED] - delay: Delayed 2 second(s)

2018-12-10 18:30:02 - [MESSAGE][PASSED] - Delayed 2 second(s)

2018-12-10 18:30:02 - [TEST_STEP][PASSED] - click: Object: 'Object Repository/Final Object Repo/New Registration - Registration Module Pages/Form 2/Socso Employment Start Date Day' is clicked on

2018-12-10 18:30:02 - [MESSAGE][PASSED] - Object: 'Object Repository/Final Object Repo/New Registration - Registration Module Pages/Form 2/Socso Employment Start Date Day' is clicked on

2018-12-10 18:30:02 - [TEST_STEP][PASSED] - delay: Delayed 2 second(s)

2018-12-10 18:30:04 - [MESSAGE][PASSED] - Delayed 2 second(s)

2018-12-10 18:30:04 - [TEST_STEP][PASSED] - click: Object: 'Object Repository/Final Object Repo/New Registration - Registration Module Pages/Form 2/Save Button for Add Employee' is clicked on

2018-12-10 18:30:04 - [MESSAGE][PASSED] - Object: 'Object Repository/Final Object Repo/New Registration - Registration Module Pages/Form 2/Save Button for Add Employee' is clicked on

2018-12-10 18:30:04 - [TEST_STEP][PASSED] - delay: Delayed 6 second(s)

2018-12-10 18:30:10 - [MESSAGE][PASSED] - Delayed 6 second(s)

2018-12-10 18:30:10 - [TEST_STEP][PASSED] - click: Object: 'Object Repository/Final Object Repo/New Registration - Registration Module Pages/Form 2/Add Employee Button' is clicked on

2018-12-10 18:30:10 - [MESSAGE][PASSED] - Object: 'Object Repository/Final Object Repo/New Registration - Registration Module Pages/Form 2/Add Employee Button' is clicked on

2018-12-10 18:30:10 - [TEST_STEP][PASSED] - delay: Delayed 4 second(s)

2018-12-10 18:30:14 - [MESSAGE][PASSED] - Delayed 4 second(s)

2018-12-10 18:30:14 - [TEST_STEP][PASSED] - setText: Text '600203039154' is set on object 'Object Repository/Final Object Repo/New Registration - Registration Module Pages/Form 2/NRIC Input'

2018-12-10 18:30:15 - [MESSAGE][PASSED] - Text '600203039154' is set on object 'Object Repository/Final Object Repo/New Registration - Registration Module Pages/Form 2/NRIC Input'

2018-12-10 18:30:15 - [TEST_STEP][PASSED] - click: Object: 'Object Repository/Final Object Repo/New Registration - Registration Module Pages/Form 2/button for search for IC' is clicked on

2018-12-10 18:30:15 - [MESSAGE][PASSED] - Object: 'Object Repository/Final Object Repo/New Registration - Registration Module Pages/Form 2/button for search for IC' is clicked on

2018-12-10 18:30:15 - [TEST_STEP][PASSED] - delay: Delayed 2 second(s)

2018-12-10 18:30:17 - [MESSAGE][PASSED] - Delayed 2 second(s)

2018-12-10 18:30:17 - [TEST_STEP][PASSED] - setText: Text 'Automate001 not eligible 2' is set on object 'Object Repository/Final Object Repo/New Registration - Registration Module Pages/Form 2/Employee Name Input'

2018-12-10 18:30:17 - [MESSAGE][PASSED] - Text 'Automate001 not eligible 2' is set on object 'Object Repository/Final Object Repo/New Registration - Registration Module Pages/Form 2/Employee Name Input'

2018-12-10 18:30:17 - [TEST_STEP][PASSED] - delay: Delayed 2 second(s)

2018-12-10 18:30:19 - [MESSAGE][PASSED] - Delayed 2 second(s)

2018-12-10 18:30:19 - [TEST_STEP][PASSED] - click: Object: 'Object Repository/Final Object Repo/New Registration - Registration Module Pages/Form 2/DatePicker Pop Up' is clicked on

2018-12-10 18:30:20 - [MESSAGE][PASSED] - Object: 'Object Repository/Final Object Repo/New Registration - Registration Module Pages/Form 2/DatePicker Pop Up' is clicked on

2018-12-10 18:30:20 - [TEST_STEP][PASSED] - delay: Delayed 2 second(s)

2018-12-10 18:30:22 - [MESSAGE][PASSED] - Delayed 2 second(s)

2018-12-10 18:30:22 - [TEST_STEP][PASSED] - click: Object: 'Object Repository/Final Object Repo/New Registration - Registration Module Pages/Form 2/DOB Month' is clicked on

2018-12-10 18:30:22 - [MESSAGE][PASSED] - Object: 'Object Repository/Final Object Repo/New Registration - Registration Module Pages/Form 2/DOB Month' is clicked on

2018-12-10 18:30:22 - [TEST_STEP][PASSED] - Statement - selectMonth = com.kms.katalon.core.webui.keyword.WebUiBuiltInKeywords.modifyObjectProperty(selectMonth, "xpath", "equals", "//body/div/div/div/select/option[@value="" + CurrentMonth + ""]", true): Modify property of object successfully

2018-12-10 18:30:22 - [MESSAGE][PASSED] - Modify property of object successfully

2018-12-10 18:30:22 - [TEST_STEP][PASSED] - click: Object: '' is clicked on

2018-12-10 18:30:22 - [MESSAGE][PASSED] - Object: '' is clicked on

2018-12-10 18:30:22 - [TEST_STEP][PASSED] - click: Object: 'Object Repository/Final Object Repo/New Registration - Registration Module Pages/Form 2/DOB Year' is clicked on

2018-12-10 18:30:22 - [MESSAGE][PASSED] - Object: 'Object Repository/Final Object Repo/New Registration - Registration Module Pages/Form 2/DOB Year' is clicked on

2018-12-10 18:30:22 - [TEST_STEP][PASSED] - Statement - selectYear = com.kms.katalon.core.webui.keyword.WebUiBuiltInKeywords.modifyObjectProperty(selectYear, "xpath", "equals", "//div/div/div/select/option[@value="" + FiftysevenYrsBefore + ""]", true): Modify property of object successfully

2018-12-10 18:30:22 - [MESSAGE][PASSED] - Modify property of object successfully

2018-12-10 18:30:22 - [TEST_STEP][PASSED] - click: Object: '' is clicked on

2018-12-10 18:30:22 - [MESSAGE][PASSED] - Object: '' is clicked on

2018-12-10 18:30:22 - [TEST_STEP][PASSED] - Statement - UpdatedSelectDate = com.kms.katalon.core.webui.keyword.WebUiBuiltInKeywords.modifyObjectProperty(com.kms.katalon.core.testobject.ObjectRepository.findTestObject(Final Object Repo/New Registration - Registration Module Pages/Form 2/DOB Date), "xpath", "equals", "//body/div/table/tbody/tr/td/a[text()="" + CurrentDate + ""]", true): Modify property of object successfully

2018-12-10 18:30:22 - [MESSAGE][PASSED] - Modify property of object successfully

2018-12-10 18:30:22 - [TEST_STEP][PASSED] - click: Object: 'Object Repository/Final Object Repo/New Registration - Registration Module Pages/Form 2/DOB Date' is clicked on

2018-12-10 18:30:22 - [MESSAGE][PASSED] - Object: 'Object Repository/Final Object Repo/New Registration - Registration Module Pages/Form 2/DOB Date' is clicked on

2018-12-10 18:30:22 - [TEST_STEP][PASSED] - click: Object: 'Object Repository/Final Object Repo/New Registration - Registration Module Pages/Form 2/EmploymentStartDate Pop Up' is clicked on

2018-12-10 18:30:23 - [MESSAGE][PASSED] - Object: 'Object Repository/Final Object Repo/New Registration - Registration Module Pages/Form 2/EmploymentStartDate Pop Up' is clicked on

2018-12-10 18:30:23 - [TEST_STEP][PASSED] - delay: Delayed 2 second(s)

2018-12-10 18:30:25 - [MESSAGE][PASSED] - Delayed 2 second(s)

2018-12-10 18:30:25 - [TEST_STEP][PASSED] - click: Object: 'Object Repository/Final Object Repo/New Registration - Registration Module Pages/Form 2/Socso Employment StartDate Month' is clicked on

2018-12-10 18:30:25 - [MESSAGE][PASSED] - Object: 'Object Repository/Final Object Repo/New Registration - Registration Module Pages/Form 2/Socso Employment StartDate Month' is clicked on

2018-12-10 18:30:25 - [TEST_STEP][PASSED] - delay: Delayed 1 second(s)

2018-12-10 18:30:26 - [MESSAGE][PASSED] - Delayed 1 second(s)

2018-12-10 18:30:26 - [TEST_STEP][PASSED] - click: Object: 'Object Repository/Final Object Repo/New Registration - Registration Module Pages/Form 2/Select Socso Employement Startdate Month' is clicked on

2018-12-10 18:30:26 - [MESSAGE][PASSED] - Object: 'Object Repository/Final Object Repo/New Registration - Registration Module Pages/Form 2/Select Socso Employement Startdate Month' is clicked on

2018-12-10 18:30:26 - [TEST_STEP][PASSED] - delay: Delayed 2 second(s)

2018-12-10 18:30:28 - [MESSAGE][PASSED] - Delayed 2 second(s)

2018-12-10 18:30:28 - [TEST_STEP][PASSED] - click: Object: 'Object Repository/Final Object Repo/New Registration - Registration Module Pages/Form 2/Socso Employment StartDate Year' is clicked on

2018-12-10 18:30:28 - [MESSAGE][PASSED] - Object: 'Object Repository/Final Object Repo/New Registration - Registration Module Pages/Form 2/Socso Employment StartDate Year' is clicked on

2018-12-10 18:30:28 - [TEST_STEP][PASSED] - delay: Delayed 1 second(s)

2018-12-10 18:30:29 - [MESSAGE][PASSED] - Delayed 1 second(s)

2018-12-10 18:30:29 - [TEST_STEP][PASSED] - click: Object: 'Object Repository/Final Object Repo/New Registration - Registration Module Pages/Form 2/Select Socso Employment Startdate Year' is clicked on

2018-12-10 18:30:29 - [MESSAGE][PASSED] - Object: 'Object Repository/Final Object Repo/New Registration - Registration Module Pages/Form 2/Select Socso Employment Startdate Year' is clicked on

2018-12-10 18:30:29 - [TEST_STEP][PASSED] - delay: Delayed 2 second(s)

2018-12-10 18:30:31 - [MESSAGE][PASSED] - Delayed 2 second(s)

2018-12-10 18:30:31 - [TEST_STEP][PASSED] - click: Object: 'Object Repository/Final Object Repo/New Registration - Registration Module Pages/Form 2/Socso Employment Start Date Day' is clicked on

2018-12-10 18:30:31 - [MESSAGE][PASSED] - Object: 'Object Repository/Final Object Repo/New Registration - Registration Module Pages/Form 2/Socso Employment Start Date Day' is clicked on

2018-12-10 18:30:31 - [TEST_STEP][PASSED] - delay: Delayed 2 second(s)

2018-12-10 18:30:33 - [MESSAGE][PASSED] - Delayed 2 second(s)

2018-12-10 18:30:33 - [TEST_STEP][PASSED] - click: Object: 'Object Repository/Final Object Repo/New Registration - Registration Module Pages/Form 2/Save Button for Add Employee' is clicked on

2018-12-10 18:30:34 - [MESSAGE][PASSED] - Object: 'Object Repository/Final Object Repo/New Registration - Registration Module Pages/Form 2/Save Button for Add Employee' is clicked on

2018-12-10 18:30:34 - [TEST_STEP][PASSED] - delay: Delayed 2 second(s)

2018-12-10 18:30:36 - [MESSAGE][PASSED] - Delayed 2 second(s)

2018-12-10 18:30:36 - [TEST_STEP][PASSED] - click: Object: 'Object Repository/Final Object Repo/New Registration - Registration Module Pages/Form 2/Save and Continue Form 2' is clicked on

2018-12-10 18:30:36 - [MESSAGE][PASSED] - Object: 'Object Repository/Final Object Repo/New Registration - Registration Module Pages/Form 2/Save and Continue Form 2' is clicked on

2018-12-10 18:30:36 - [MESSAGE][PASSED] - Call Test Case 'Test Cases/Final Aug 2018 - PKS Automation/Registration Module/New Registration/Form 2/Add 2 Eligible 2 Not Eligible' successfully

2018-12-10 18:30:36 - [TEST_STEP][PASSED] - callTestCase: Call Test Case 'Test Cases/Final Aug 2018 - PKS Automation/Registration Module/New Registration/Flow of New Registration/Third Screen - Upload Supporting Doc - Preview' successfully

2018-12-10 18:30:36 - [TEST_CASE][PASSED] - Test Cases/Final Aug 2018 - PKS Automation/Registration Module/New Registration/Flow of New Registration/Third Screen - Upload Supporting Doc - Preview: Test Cases/Final Aug 2018 - PKS Automation/Registration Module/New Registration/Flow of New Registration/Third Screen - Upload Supporting Doc - Preview

2018-12-10 18:30:36 - [TEST_STEP][PASSED] - waitForPageLoad: Wait for page load successfully

2018-12-10 18:30:37 - [MESSAGE][PASSED] - Wait for page load successfully

2018-12-10 18:30:37 - [TEST_STEP][PASSED] - Statement - CaseReferenceNo = com.kms.katalon.core.webui.keyword.WebUiBuiltInKeywords.getText(com.kms.katalon.core.testobject.ObjectRepository.findTestObject(Final Object Repo/New Registration - Registration Module Pages/Third Screen - Upload Supporting Doc- Preview/RefNo Acquiring)): Text of object 'Object Repository/Final Object Repo/New Registration - Registration Module Pages/Third Screen - Upload Supporting Doc- Preview/RefNo Acquiring' is: 'CRN12201800123144'

2018-12-10 18:30:37 - [MESSAGE][PASSED] - Text of object 'Object Repository/Final Object Repo/New Registration - Registration Module Pages/Third Screen - Upload Supporting Doc- Preview/RefNo Acquiring' is: 'CRN12201800123144'

2018-12-10 18:30:37 - [TEST_STEP][PASSED] - delay: Delayed 2 second(s)

2018-12-10 18:30:39 - [MESSAGE][PASSED] - Delayed 2 second(s)

2018-12-10 18:30:39 - [TEST_STEP][PASSED] - callTestCase: Call Test Case 'Test Cases/Final Aug 2018 - PKS Automation/Common/Reference Number Setter' successfully

2018-12-10 18:30:39 - [TEST_CASE][PASSED] - Test Cases/Final Aug 2018 - PKS Automation/Common/Reference Number Setter: Test Cases/Final Aug 2018 - PKS Automation/Common/Reference Number Setter

2018-12-10 18:30:39 - [TEST_STEP][PASSED] - Statement - RefNoOldFile = new java.io.File(C://Users//Admin//Desktop//PKS//Automation Reference Point//KatalonReference.txt): null

2018-12-10 18:30:39 - [TEST_STEP][PASSED] - Statement - RefNoOldFile.delete(): null

2018-12-10 18:30:39 - [TEST_STEP][PASSED] - delay: Delayed 5 second(s)

2018-12-10 18:30:44 - [MESSAGE][PASSED] - Delayed 5 second(s)

2018-12-10 18:30:44 - [TEST_STEP][PASSED] - Statement - RefNo = new java.io.File(C://Users//Admin//Desktop//PKS//Automation Reference Point//KatalonReference.txt): null

2018-12-10 18:30:44 - [TEST_STEP][PASSED] - Statement - f2 = new java.io.FileWriter(RefNo, false): null

2018-12-10 18:30:44 - [TEST_STEP][PASSED] - Statement - f2.write(CaseReferenceNo): null

2018-12-10 18:30:44 - [TEST_STEP][PASSED] - Statement - f2.close(): null

2018-12-10 18:30:44 - [TEST_STEP][PASSED] - Statement - out.println("


" + CaseReferenceNo + "


"): null

2018-12-10 18:30:44 - [MESSAGE][PASSED] - Call Test Case 'Test Cases/Final Aug 2018 - PKS Automation/Common/Reference Number Setter' successfully

2018-12-10 18:30:44 - [TEST_STEP][PASSED] - waitForElementClickable: Object 'Object Repository/Final Object Repo/New Registration - Registration Module Pages/Third Screen - Upload Supporting Doc- Preview/Save n Continue in SIP Employee Listing Page' is clickable

2018-12-10 18:30:44 - [MESSAGE][PASSED] - Object 'Object Repository/Final Object Repo/New Registration - Registration Module Pages/Third Screen - Upload Supporting Doc- Preview/Save n Continue in SIP Employee Listing Page' is clickable

2018-12-10 18:30:44 - [TEST_STEP][PASSED] - click: Object: 'Object Repository/Final Object Repo/New Registration - Registration Module Pages/Third Screen - Upload Supporting Doc- Preview/Save n Continue in SIP Employee Listing Page' is clicked on

2018-12-10 18:30:49 - [MESSAGE][PASSED] - Object: 'Object Repository/Final Object Repo/New Registration - Registration Module Pages/Third Screen - Upload Supporting Doc- Preview/Save n Continue in SIP Employee Listing Page' is clicked on

2018-12-10 18:30:49 - [TEST_STEP][PASSED] - delay: Delayed 7 second(s)

2018-12-10 18:30:56 - [MESSAGE][PASSED] - Delayed 7 second(s)

2018-12-10 18:30:56 - [TEST_STEP][PASSED] - click: Object: 'Object Repository/Final Object Repo/New Registration - Registration Module Pages/Third Screen - Upload Supporting Doc- Preview/Add Document Button' is clicked on

2018-12-10 18:30:57 - [MESSAGE][PASSED] - Object: 'Object Repository/Final Object Repo/New Registration - Registration Module Pages/Third Screen - Upload Supporting Doc- Preview/Add Document Button' is clicked on

2018-12-10 18:30:57 - [TEST_STEP][PASSED] - delay: Delayed 30 second(s)

2018-12-10 18:31:27 - [MESSAGE][PASSED] - Delayed 30 second(s)

2018-12-10 18:31:27 - [TEST_STEP][PASSED] - click: Object: 'Object Repository/Final Object Repo/New Registration - Registration Module Pages/Third Screen - Upload Supporting Doc- Preview/Supporting Doc Please Select Drop Down' is clicked on

2018-12-10 18:31:27 - [MESSAGE][PASSED] - Object: 'Object Repository/Final Object Repo/New Registration - Registration Module Pages/Third Screen - Upload Supporting Doc- Preview/Supporting Doc Please Select Drop Down' is clicked on

2018-12-10 18:31:27 - [TEST_STEP][PASSED] - delay: Delayed 2 second(s)

2018-12-10 18:31:29 - [MESSAGE][PASSED] - Delayed 2 second(s)

2018-12-10 18:31:29 - [TEST_STEP][PASSED] - click: Object: 'Object Repository/Final Object Repo/New Registration - Registration Module Pages/Third Screen - Upload Supporting Doc- Preview/Select to Upload Form 1' is clicked on

2018-12-10 18:31:29 - [MESSAGE][PASSED] - Object: 'Object Repository/Final Object Repo/New Registration - Registration Module Pages/Third Screen - Upload Supporting Doc- Preview/Select to Upload Form 1' is clicked on

2018-12-10 18:31:29 - [TEST_STEP][PASSED] - delay: Delayed 2 second(s)

2018-12-10 18:31:31 - [MESSAGE][PASSED] - Delayed 2 second(s)

2018-12-10 18:31:31 - [TEST_STEP][PASSED] - uploadFile: File 'C:\Users\Public\Pictures\Sample Pictures\Koala.jpg' sent to object: 'Object Repository/Final Object Repo/New Registration - Registration Module Pages/Third Screen - Upload Supporting Doc- Preview/Upload File Adding'

2018-12-10 18:31:31 - [MESSAGE][PASSED] - File 'C:\Users\Public\Pictures\Sample Pictures\Koala.jpg' sent to object: 'Object Repository/Final Object Repo/New Registration - Registration Module Pages/Third Screen - Upload Supporting Doc- Preview/Upload File Adding'

2018-12-10 18:31:31 - [TEST_STEP][PASSED] - delay: Delayed 5 second(s)

2018-12-10 18:31:36 - [MESSAGE][PASSED] - Delayed 5 second(s)

2018-12-10 18:31:36 - [TEST_STEP][PASSED] - click: Object: 'Object Repository/Final Object Repo/New Registration - Registration Module Pages/Third Screen - Upload Supporting Doc- Preview/Inner Form Add Document Button' is clicked on

2018-12-10 18:31:36 - [MESSAGE][PASSED] - Object: 'Object Repository/Final Object Repo/New Registration - Registration Module Pages/Third Screen - Upload Supporting Doc- Preview/Inner Form Add Document Button' is clicked on

2018-12-10 18:31:36 - [TEST_STEP][PASSED] - delay: Delayed 3 second(s)

2018-12-10 18:31:39 - [MESSAGE][PASSED] - Delayed 3 second(s)

2018-12-10 18:31:39 - [TEST_STEP][PASSED] - click: Object: 'Object Repository/Final Object Repo/New Registration - Registration Module Pages/Third Screen - Upload Supporting Doc- Preview/Add Document Button' is clicked on

2018-12-10 18:31:40 - [MESSAGE][PASSED] - Object: 'Object Repository/Final Object Repo/New Registration - Registration Module Pages/Third Screen - Upload Supporting Doc- Preview/Add Document Button' is clicked on

2018-12-10 18:31:40 - [TEST_STEP][PASSED] - delay: Delayed 30 second(s)

2018-12-10 18:32:10 - [MESSAGE][PASSED] - Delayed 30 second(s)

2018-12-10 18:32:10 - [TEST_STEP][PASSED] - click: Object: 'Object Repository/Final Object Repo/New Registration - Registration Module Pages/Third Screen - Upload Supporting Doc- Preview/Supporting Doc Please Select Drop Down' is clicked on

2018-12-10 18:32:11 - [MESSAGE][PASSED] - Object: 'Object Repository/Final Object Repo/New Registration - Registration Module Pages/Third Screen - Upload Supporting Doc- Preview/Supporting Doc Please Select Drop Down' is clicked on

2018-12-10 18:32:11 - [TEST_STEP][PASSED] - delay: Delayed 4 second(s)

2018-12-10 18:32:15 - [MESSAGE][PASSED] - Delayed 4 second(s)

2018-12-10 18:32:15 - [TEST_STEP][PASSED] - click: Object: 'Object Repository/Final Object Repo/New Registration - Registration Module Pages/Third Screen - Upload Supporting Doc- Preview/Select to Upload Form 2' is clicked on

2018-12-10 18:32:15 - [MESSAGE][PASSED] - Object: 'Object Repository/Final Object Repo/New Registration - Registration Module Pages/Third Screen - Upload Supporting Doc- Preview/Select to Upload Form 2' is clicked on

2018-12-10 18:32:15 - [TEST_STEP][PASSED] - delay: Delayed 2 second(s)

2018-12-10 18:32:17 - [MESSAGE][PASSED] - Delayed 2 second(s)

2018-12-10 18:32:17 - [TEST_STEP][PASSED] - uploadFile: File 'C:\Users\Public\Pictures\Sample Pictures\Koala.jpg' sent to object: 'Object Repository/Final Object Repo/New Registration - Registration Module Pages/Third Screen - Upload Supporting Doc- Preview/Upload File Adding'

2018-12-10 18:32:17 - [MESSAGE][PASSED] - File 'C:\Users\Public\Pictures\Sample Pictures\Koala.jpg' sent to object: 'Object Repository/Final Object Repo/New Registration - Registration Module Pages/Third Screen - Upload Supporting Doc- Preview/Upload File Adding'

2018-12-10 18:32:17 - [TEST_STEP][PASSED] - click: Object: 'Object Repository/Final Object Repo/New Registration - Registration Module Pages/Third Screen - Upload Supporting Doc- Preview/Inner Form Add Document Button' is clicked on

2018-12-10 18:32:17 - [MESSAGE][PASSED] - Object: 'Object Repository/Final Object Repo/New Registration - Registration Module Pages/Third Screen - Upload Supporting Doc- Preview/Inner Form Add Document Button' is clicked on

2018-12-10 18:32:17 - [TEST_STEP][PASSED] - delay: Delayed 5 second(s)

2018-12-10 18:32:22 - [MESSAGE][PASSED] - Delayed 5 second(s)

2018-12-10 18:32:22 - [TEST_STEP][PASSED] - click: Object: 'Object Repository/Final Object Repo/New Registration - Registration Module Pages/Third Screen - Upload Supporting Doc- Preview/Add Document Button' is clicked on

2018-12-10 18:32:22 - [MESSAGE][PASSED] - Object: 'Object Repository/Final Object Repo/New Registration - Registration Module Pages/Third Screen - Upload Supporting Doc- Preview/Add Document Button' is clicked on

2018-12-10 18:32:22 - [TEST_STEP][PASSED] - delay: Delayed 30 second(s)

2018-12-10 18:32:52 - [MESSAGE][PASSED] - Delayed 30 second(s)

2018-12-10 18:32:52 - [TEST_STEP][PASSED] - click: Object: 'Object Repository/Final Object Repo/New Registration - Registration Module Pages/Third Screen - Upload Supporting Doc- Preview/Supporting Doc Please Select Drop Down' is clicked on

2018-12-10 18:32:53 - [MESSAGE][PASSED] - Object: 'Object Repository/Final Object Repo/New Registration - Registration Module Pages/Third Screen - Upload Supporting Doc- Preview/Supporting Doc Please Select Drop Down' is clicked on

2018-12-10 18:32:53 - [TEST_STEP][PASSED] - click: Object: 'Object Repository/Final Object Repo/New Registration - Registration Module Pages/Third Screen - Upload Supporting Doc- Preview/Select to Upload Borang SIP 1' is clicked on

2018-12-10 18:32:53 - [MESSAGE][PASSED] - Object: 'Object Repository/Final Object Repo/New Registration - Registration Module Pages/Third Screen - Upload Supporting Doc- Preview/Select to Upload Borang SIP 1' is clicked on

2018-12-10 18:32:53 - [TEST_STEP][PASSED] - delay: Delayed 2 second(s)

2018-12-10 18:32:55 - [MESSAGE][PASSED] - Delayed 2 second(s)

2018-12-10 18:32:55 - [TEST_STEP][PASSED] - uploadFile: File 'C:\Users\Public\Pictures\Sample Pictures\Koala.jpg' sent to object: 'Object Repository/Final Object Repo/New Registration - Registration Module Pages/Third Screen - Upload Supporting Doc- Preview/Upload File Adding'

2018-12-10 18:32:55 - [MESSAGE][PASSED] - File 'C:\Users\Public\Pictures\Sample Pictures\Koala.jpg' sent to object: 'Object Repository/Final Object Repo/New Registration - Registration Module Pages/Third Screen - Upload Supporting Doc- Preview/Upload File Adding'

2018-12-10 18:32:55 - [TEST_STEP][PASSED] - click: Object: 'Object Repository/Final Object Repo/New Registration - Registration Module Pages/Third Screen - Upload Supporting Doc- Preview/Inner Form Add Document Button' is clicked on

2018-12-10 18:32:55 - [MESSAGE][PASSED] - Object: 'Object Repository/Final Object Repo/New Registration - Registration Module Pages/Third Screen - Upload Supporting Doc- Preview/Inner Form Add Document Button' is clicked on

2018-12-10 18:32:55 - [TEST_STEP][PASSED] - delay: Delayed 5 second(s)

2018-12-10 18:33:00 - [MESSAGE][PASSED] - Delayed 5 second(s)

2018-12-10 18:33:00 - [TEST_STEP][PASSED] - click: Object: 'Object Repository/Final Object Repo/New Registration - Registration Module Pages/Third Screen - Upload Supporting Doc- Preview/Add Document Button' is clicked on

2018-12-10 18:33:00 - [MESSAGE][PASSED] - Object: 'Object Repository/Final Object Repo/New Registration - Registration Module Pages/Third Screen - Upload Supporting Doc- Preview/Add Document Button' is clicked on

2018-12-10 18:33:00 - [TEST_STEP][PASSED] - delay: Delayed 30 second(s)

2018-12-10 18:33:30 - [MESSAGE][PASSED] - Delayed 30 second(s)

2018-12-10 18:33:30 - [TEST_STEP][PASSED] - click: Object: 'Object Repository/Final Object Repo/New Registration - Registration Module Pages/Third Screen - Upload Supporting Doc- Preview/Supporting Doc Please Select Drop Down' is clicked on

2018-12-10 18:33:30 - [MESSAGE][PASSED] - Object: 'Object Repository/Final Object Repo/New Registration - Registration Module Pages/Third Screen - Upload Supporting Doc- Preview/Supporting Doc Please Select Drop Down' is clicked on

2018-12-10 18:33:30 - [TEST_STEP][PASSED] - delay: Delayed 3 second(s)

2018-12-10 18:33:33 - [MESSAGE][PASSED] - Delayed 3 second(s)

2018-12-10 18:33:33 - [TEST_STEP][PASSED] - click: Object: 'Object Repository/Final Object Repo/New Registration - Registration Module Pages/Third Screen - Upload Supporting Doc- Preview/Select to Upload Borang SIP 2' is clicked on

2018-12-10 18:33:34 - [MESSAGE][PASSED] - Object: 'Object Repository/Final Object Repo/New Registration - Registration Module Pages/Third Screen - Upload Supporting Doc- Preview/Select to Upload Borang SIP 2' is clicked on

2018-12-10 18:33:34 - [TEST_STEP][PASSED] - delay: Delayed 2 second(s)

2018-12-10 18:33:36 - [MESSAGE][PASSED] - Delayed 2 second(s)

2018-12-10 18:33:36 - [TEST_STEP][PASSED] - uploadFile: File 'C:\Users\Public\Pictures\Sample Pictures\Koala.jpg' sent to object: 'Object Repository/Final Object Repo/New Registration - Registration Module Pages/Third Screen - Upload Supporting Doc- Preview/Upload File Adding'

2018-12-10 18:33:36 - [MESSAGE][PASSED] - File 'C:\Users\Public\Pictures\Sample Pictures\Koala.jpg' sent to object: 'Object Repository/Final Object Repo/New Registration - Registration Module Pages/Third Screen - Upload Supporting Doc- Preview/Upload File Adding'

2018-12-10 18:33:36 - [TEST_STEP][PASSED] - delay: Delayed 5 second(s)

2018-12-10 18:33:41 - [MESSAGE][PASSED] - Delayed 5 second(s)

2018-12-10 18:33:41 - [TEST_STEP][PASSED] - click: Object: 'Object Repository/Final Object Repo/New Registration - Registration Module Pages/Third Screen - Upload Supporting Doc- Preview/Inner Form Add Document Button' is clicked on

2018-12-10 18:33:41 - [MESSAGE][PASSED] - Object: 'Object Repository/Final Object Repo/New Registration - Registration Module Pages/Third Screen - Upload Supporting Doc- Preview/Inner Form Add Document Button' is clicked on

2018-12-10 18:33:41 - [TEST_STEP][PASSED] - delay: Delayed 3 second(s)

2018-12-10 18:33:44 - [MESSAGE][PASSED] - Delayed 3 second(s)

2018-12-10 18:33:44 - [TEST_STEP][PASSED] - waitForElementClickable: Object 'Object Repository/Final Object Repo/New Registration - Registration Module Pages/Third Screen - Upload Supporting Doc- Preview/Save n Continue in Uploading Supporting Doc Page' is clickable

2018-12-10 18:33:45 - [MESSAGE][PASSED] - Object 'Object Repository/Final Object Repo/New Registration - Registration Module Pages/Third Screen - Upload Supporting Doc- Preview/Save n Continue in Uploading Supporting Doc Page' is clickable

2018-12-10 18:33:45 - [TEST_STEP][PASSED] - click: Object: 'Object Repository/Final Object Repo/New Registration - Registration Module Pages/Third Screen - Upload Supporting Doc- Preview/Save n Continue in Uploading Supporting Doc Page' is clicked on

2018-12-10 18:33:45 - [MESSAGE][PASSED] - Object: 'Object Repository/Final Object Repo/New Registration - Registration Module Pages/Third Screen - Upload Supporting Doc- Preview/Save n Continue in Uploading Supporting Doc Page' is clicked on

2018-12-10 18:33:45 - [MESSAGE][PASSED] - Call Test Case 'Test Cases/Final Aug 2018 - PKS Automation/Registration Module/New Registration/Flow of New Registration/Third Screen - Upload Supporting Doc - Preview' successfully

2018-12-10 18:33:45 - [TEST_STEP][PASSED] - callTestCase: Call Test Case 'Test Cases/Final Aug 2018 - PKS Automation/Registration Module/New Registration/Submit and Screenshot/Submit Registration and Screenshot' successfully

2018-12-10 18:33:45 - [TEST_CASE][PASSED] - Test Cases/Final Aug 2018 - PKS Automation/Registration Module/New Registration/Submit and Screenshot/Submit Registration and Screenshot: Test Cases/Final Aug 2018 - PKS Automation/Registration Module/New Registration/Submit and Screenshot/Submit Registration and Screenshot

2018-12-10 18:33:45 - [TEST_STEP][PASSED] - delay: Delayed 6 second(s)

2018-12-10 18:33:51 - [MESSAGE][PASSED] - Delayed 6 second(s)

2018-12-10 18:33:51 - [TEST_STEP][PASSED] - click: Object: 'Object Repository/Final Object Repo/New Registration - Registration Module Pages/Third Screen - Upload Supporting Doc- Preview/Preview Submit Button' is clicked on

2018-12-10 18:33:52 - [MESSAGE][PASSED] - Object: 'Object Repository/Final Object Repo/New Registration - Registration Module Pages/Third Screen - Upload Supporting Doc- Preview/Preview Submit Button' is clicked on

2018-12-10 18:33:52 - [TEST_STEP][PASSED] - delay: Delayed 2 second(s)

2018-12-10 18:33:54 - [MESSAGE][PASSED] - Delayed 2 second(s)

2018-12-10 18:33:54 - [TEST_STEP][PASSED] - click: Object: 'Object Repository/Final Object Repo/New Registration - Registration Module Pages/Third Screen - Upload Supporting Doc- Preview/Preview Submit - Confirm' is clicked on

2018-12-10 18:33:54 - [MESSAGE][PASSED] - Object: 'Object Repository/Final Object Repo/New Registration - Registration Module Pages/Third Screen - Upload Supporting Doc- Preview/Preview Submit - Confirm' is clicked on

2018-12-10 18:33:54 - [TEST_STEP][PASSED] - delay: Delayed 15 second(s)

2018-12-10 18:34:09 - [MESSAGE][PASSED] - Delayed 15 second(s)

2018-12-10 18:34:09 - [TEST_STEP][PASSED] - Statement - driver = com.kms.katalon.core.webui.driver.DriverFactory.getWebDriver(): null

2018-12-10 18:34:09 - [TEST_STEP][PASSED] - Statement - driver.manage().timeouts().implicitlyWait(10, SECONDS): null

2018-12-10 18:34:09 - [TEST_STEP][PASSED] - Statement - PresavePath = KatalonScreenshots: null

2018-12-10 18:34:09 - [TEST_STEP][PASSED] - Statement - pathPrefix = "C:\Users\Public\Pictures\Sample Pictures\Katalon Screenshots\Automate Ending Screen": null

2018-12-10 18:34:09 - [TEST_STEP][PASSED] - Statement - finalPath = <not implemented yet for class: org.codehaus.groovy.ast.expr.EmptyExpression>: null

2018-12-10 18:34:09 - [TEST_STEP][PASSED] - Statement - scrFile = driver.getScreenshotAs(FILE): null

2018-12-10 18:34:09 - [TEST_STEP][PASSED] - Statement - PreSaveFile = new java.io.File(PresavePath): null

2018-12-10 18:34:09 - [TEST_STEP][PASSED] - Statement - counter = 0: null

2018-12-10 18:34:09 - [TEST_STEP][PASSED] - Statement - If (PreSaveFile.exists()): null

2018-12-10 18:34:09 - [TEST_STEP][PASSED] - Statement - While (PreSaveFile.exists()): null

2018-12-10 18:34:09 - [TEST_STEP][PASSED] - Statement - counter = counter + 1: null

2018-12-10 18:34:09 - [TEST_STEP][PASSED] - Statement - PreSaveFile = new java.io.File(((pathPrefix + java.lang.Integer.toString(counter)) + .png)): null

2018-12-10 18:34:09 - [TEST_STEP][PASSED] - Statement - counter = counter + 1: null

2018-12-10 18:34:09 - [TEST_STEP][PASSED] - Statement - PreSaveFile = new java.io.File(((pathPrefix + java.lang.Integer.toString(counter)) + .png)): null

2018-12-10 18:34:09 - [TEST_STEP][PASSED] - Statement - counter = counter + 1: null

2018-12-10 18:34:09 - [TEST_STEP][PASSED] - Statement - PreSaveFile = new java.io.File(((pathPrefix + java.lang.Integer.toString(counter)) + .png)): null

2018-12-10 18:34:09 - [TEST_STEP][PASSED] - Statement - counter = counter + 1: null

2018-12-10 18:34:09 - [TEST_STEP][PASSED] - Statement - PreSaveFile = new java.io.File(((pathPrefix + java.lang.Integer.toString(counter)) + .png)): null

2018-12-10 18:34:09 - [TEST_STEP][PASSED] - Statement - counter = counter + 1: null

2018-12-10 18:34:09 - [TEST_STEP][PASSED] - Statement - PreSaveFile = new java.io.File(((pathPrefix + java.lang.Integer.toString(counter)) + .png)): null

2018-12-10 18:34:09 - [TEST_STEP][PASSED] - Statement - counter = counter + 1: null

2018-12-10 18:34:09 - [TEST_STEP][PASSED] - Statement - PreSaveFile = new java.io.File(((pathPrefix + java.lang.Integer.toString(counter)) + .png)): null

2018-12-10 18:34:09 - [TEST_STEP][PASSED] - Statement - counter = counter + 1: null

2018-12-10 18:34:09 - [TEST_STEP][PASSED] - Statement - PreSaveFile = new java.io.File(((pathPrefix + java.lang.Integer.toString(counter)) + .png)): null

2018-12-10 18:34:09 - [TEST_STEP][PASSED] - Statement - counter = counter + 1: null

2018-12-10 18:34:09 - [TEST_STEP][PASSED] - Statement - PreSaveFile = new java.io.File(((pathPrefix + java.lang.Integer.toString(counter)) + .png)): null

2018-12-10 18:34:09 - [TEST_STEP][PASSED] - Statement - counter = counter + 1: null

2018-12-10 18:34:09 - [TEST_STEP][PASSED] - Statement - PreSaveFile = new java.io.File(((pathPrefix + java.lang.Integer.toString(counter)) + .png)): null

2018-12-10 18:34:09 - [TEST_STEP][PASSED] - Statement - counter = counter + 1: null

2018-12-10 18:34:09 - [TEST_STEP][PASSED] - Statement - PreSaveFile = new java.io.File(((pathPrefix + java.lang.Integer.toString(counter)) + .png)): null

2018-12-10 18:34:09 - [TEST_STEP][PASSED] - Statement - counter = counter + 1: null

2018-12-10 18:34:09 - [TEST_STEP][PASSED] - Statement - PreSaveFile = new java.io.File(((pathPrefix + java.lang.Integer.toString(counter)) + .png)): null

2018-12-10 18:34:09 - [TEST_STEP][PASSED] - Statement - counter = counter + 1: null

2018-12-10 18:34:09 - [TEST_STEP][PASSED] - Statement - PreSaveFile = new java.io.File(((pathPrefix + java.lang.Integer.toString(counter)) + .png)): null

2018-12-10 18:34:09 - [TEST_STEP][PASSED] - Statement - counter = counter + 1: null

2018-12-10 18:34:09 - [TEST_STEP][PASSED] - Statement - PreSaveFile = new java.io.File(((pathPrefix + java.lang.Integer.toString(counter)) + .png)): null

2018-12-10 18:34:09 - [TEST_STEP][PASSED] - Statement - finalPath = pathPrefix + java.lang.Integer.toString(counter) + ".png": null

2018-12-10 18:34:09 - [TEST_STEP][PASSED] - Statement - SaveFile = new java.io.File(finalPath): null

2018-12-10 18:34:09 - [TEST_STEP][PASSED] - Statement - Try: null

2018-12-10 18:34:09 - [TEST_STEP][PASSED] - Statement - org.apache.commons.io.FileUtils.copyFile(scrFile, SaveFile): null

2018-12-10 18:34:09 - [TEST_STEP][PASSED] - Statement - out.println("file kept"): null

2018-12-10 18:34:09 - [TEST_STEP][PASSED] - delay: Delayed 10 second(s)

2018-12-10 18:34:19 - [MESSAGE][PASSED] - Delayed 10 second(s)

2018-12-10 18:34:19 - [MESSAGE][PASSED] - Call Test Case 'Test Cases/Final Aug 2018 - PKS Automation/Registration Module/New Registration/Submit and Screenshot/Submit Registration and Screenshot' successfully]]></system-out>
         <system-err><![CDATA[]]></system-err>
      </testcase>
      <testcase name="Test Cases/Final Aug 2018 - PKS Automation/Registration Module/Critical Path/New Registration/Register ASSIST Only/Other - Federal Government Agency" classname="Test Cases/Final Aug 2018 - PKS Automation/Registration Module/Critical Path/New Registration/Register ASSIST Only/Other - Federal Government Agency" status="PASSED">
         <system-out><![CDATA[2018-12-10 18:34:19 - [TEST_CASE][PASSED] - Test Cases/Final Aug 2018 - PKS Automation/Registration Module/Critical Path/New Registration/Register ASSIST Only/Other - Federal Government Agency: Test Cases/Final Aug 2018 - PKS Automation/Registration Module/Critical Path/New Registration/Register ASSIST Only/Other - Federal Government Agency

2018-12-10 18:34:20 - [TEST_STEP][PASSED] - callTestCase: Call Test Case 'Test Cases/Final Aug 2018 - PKS Automation/Registration Module/New Registration/Form 1/Form 1 - Other - Federal Government Agency' successfully

2018-12-10 18:34:20 - [TEST_CASE][PASSED] - Test Cases/Final Aug 2018 - PKS Automation/Registration Module/New Registration/Form 1/Form 1 - Other - Federal Government Agency: Test Cases/Final Aug 2018 - PKS Automation/Registration Module/New Registration/Form 1/Form 1 - Other - Federal Government Agency

2018-12-10 18:34:20 - [TEST_STEP][PASSED] - openBrowser: Browser is opened with url: ''

2018-12-10 18:34:20 - [MESSAGE][WARNING] - A browser is already opened. Closing browser and opening a new one

2018-12-10 18:34:23 - [MESSAGE][PASSED] - Browser is opened with url: ''

2018-12-10 18:34:23 - [TEST_STEP][PASSED] - navigateToUrl: Navigate to 'https://assist2-uat.perkeso.gov.my/login' successfully

2018-12-10 18:34:24 - [MESSAGE][PASSED] - Navigate to 'https://assist2-uat.perkeso.gov.my/login' successfully

2018-12-10 18:34:24 - [TEST_STEP][PASSED] - setText: Text 'klotc2@gmail.com' is set on object 'Object Repository/Final Object Repo/Login Page/Internal User/Email Address'

2018-12-10 18:34:24 - [MESSAGE][PASSED] - Text 'klotc2@gmail.com' is set on object 'Object Repository/Final Object Repo/Login Page/Internal User/Email Address'

2018-12-10 18:34:24 - [TEST_STEP][PASSED] - click: Object: 'Object Repository/Final Object Repo/Login Page/Internal User/Next Button' is clicked on

2018-12-10 18:34:24 - [MESSAGE][PASSED] - Object: 'Object Repository/Final Object Repo/Login Page/Internal User/Next Button' is clicked on

2018-12-10 18:34:24 - [TEST_STEP][PASSED] - delay: Delayed 1 second(s)

2018-12-10 18:34:25 - [MESSAGE][PASSED] - Delayed 1 second(s)

2018-12-10 18:34:25 - [TEST_STEP][PASSED] - setEncryptedText: Text ****** has been set on object 'Object Repository/Final Object Repo/Login Page/Internal User/Password'

2018-12-10 18:34:26 - [MESSAGE][PASSED] - Text ****** has been set on object 'Object Repository/Final Object Repo/Login Page/Internal User/Password'

2018-12-10 18:34:26 - [TEST_STEP][PASSED] - click: Object: 'Object Repository/Final Object Repo/Login Page/Internal User/Login Button' is clicked on

2018-12-10 18:34:26 - [MESSAGE][PASSED] - Object: 'Object Repository/Final Object Repo/Login Page/Internal User/Login Button' is clicked on

2018-12-10 18:34:26 - [TEST_STEP][PASSED] - delay: Delayed 1 second(s)

2018-12-10 18:34:27 - [MESSAGE][PASSED] - Delayed 1 second(s)

2018-12-10 18:34:27 - [TEST_STEP][PASSED] - Statement - Try: Delayed 2 second(s)

2018-12-10 18:34:27 - [TEST_STEP][PASSED] - Statement - Checker = false: null

2018-12-10 18:34:27 - [TEST_STEP][PASSED] - Statement - Checker = com.kms.katalon.core.webui.keyword.WebUiBuiltInKeywords.verifyElementHasAttribute(com.kms.katalon.core.testobject.ObjectRepository.findTestObject(Final Object Repo/Landing Page/BM Detecting), "href", 20, OPTIONAL): Object 'Object Repository/Final Object Repo/Landing Page/BM Detecting' has attribute 'href'

2018-12-10 18:34:28 - [MESSAGE][PASSED] - Object 'Object Repository/Final Object Repo/Landing Page/BM Detecting' has attribute 'href'

2018-12-10 18:34:28 - [TEST_STEP][PASSED] - Statement - out.println(Checker): null

2018-12-10 18:34:28 - [TEST_STEP][PASSED] - Statement - If (Checker == false): null

2018-12-10 18:34:28 - [TEST_STEP][PASSED] - Statement - Else: null

2018-12-10 18:34:28 - [TEST_STEP][PASSED] - delay: Delayed 2 second(s)

2018-12-10 18:34:30 - [MESSAGE][PASSED] - Delayed 2 second(s)

2018-12-10 18:34:30 - [TEST_STEP][PASSED] - navigateToUrl: Navigate to 'https://assist2-uat.perkeso.gov.my/web/registration/registration' successfully

2018-12-10 18:34:31 - [MESSAGE][PASSED] - Navigate to 'https://assist2-uat.perkeso.gov.my/web/registration/registration' successfully

2018-12-10 18:34:31 - [TEST_STEP][PASSED] - click: Object: 'Object Repository/Final Object Repo/New Registration - Registration Module Pages/Form 1/AEC - No' is clicked on

2018-12-10 18:34:32 - [MESSAGE][PASSED] - Object: 'Object Repository/Final Object Repo/New Registration - Registration Module Pages/Form 1/AEC - No' is clicked on

2018-12-10 18:34:32 - [TEST_STEP][PASSED] - click: Object: 'Object Repository/Final Object Repo/New Registration - Registration Module Pages/Form 1/Business Entity' is clicked on

2018-12-10 18:34:32 - [MESSAGE][PASSED] - Object: 'Object Repository/Final Object Repo/New Registration - Registration Module Pages/Form 1/Business Entity' is clicked on

2018-12-10 18:34:32 - [TEST_STEP][PASSED] - click: Object: 'Object Repository/Final Object Repo/New Registration - Registration Module Pages/Form 1/Business Entity - Other' is clicked on

2018-12-10 18:34:32 - [MESSAGE][PASSED] - Object: 'Object Repository/Final Object Repo/New Registration - Registration Module Pages/Form 1/Business Entity - Other' is clicked on

2018-12-10 18:34:32 - [TEST_STEP][PASSED] - delay: Delayed 1 second(s)

2018-12-10 18:34:33 - [MESSAGE][PASSED] - Delayed 1 second(s)

2018-12-10 18:34:33 - [TEST_STEP][PASSED] - click: Object: 'Object Repository/Final Object Repo/New Registration - Registration Module Pages/Form 1/Sub Business Entity' is clicked on

2018-12-10 18:34:33 - [MESSAGE][PASSED] - Object: 'Object Repository/Final Object Repo/New Registration - Registration Module Pages/Form 1/Sub Business Entity' is clicked on

2018-12-10 18:34:33 - [TEST_STEP][PASSED] - click: Object: 'Object Repository/Final Object Repo/New Registration - Registration Module Pages/Form 1/Sub Business Entity - Other/Sub Business Entity - Federal Government Agency' is clicked on

2018-12-10 18:34:33 - [MESSAGE][PASSED] - Object: 'Object Repository/Final Object Repo/New Registration - Registration Module Pages/Form 1/Sub Business Entity - Other/Sub Business Entity - Federal Government Agency' is clicked on

2018-12-10 18:34:33 - [TEST_STEP][PASSED] - delay: Delayed 1 second(s)

2018-12-10 18:34:34 - [MESSAGE][PASSED] - Delayed 1 second(s)

2018-12-10 18:34:34 - [TEST_STEP][PASSED] - click: Object: 'Object Repository/Final Object Repo/New Registration - Registration Module Pages/Form 1/Sub Business Entity List' is clicked on

2018-12-10 18:34:35 - [MESSAGE][PASSED] - Object: 'Object Repository/Final Object Repo/New Registration - Registration Module Pages/Form 1/Sub Business Entity List' is clicked on

2018-12-10 18:34:35 - [TEST_STEP][PASSED] - click: Object: 'Object Repository/Final Object Repo/New Registration - Registration Module Pages/Form 1/Sub Business Entity List - Other/Sub Business Entity List - Others - Federal Government Agency - Kementerian Pelajaran' is clicked on

2018-12-10 18:34:35 - [MESSAGE][PASSED] - Object: 'Object Repository/Final Object Repo/New Registration - Registration Module Pages/Form 1/Sub Business Entity List - Other/Sub Business Entity List - Others - Federal Government Agency - Kementerian Pelajaran' is clicked on

2018-12-10 18:34:35 - [TEST_STEP][PASSED] - delay: Delayed 1 second(s)

2018-12-10 18:34:36 - [MESSAGE][PASSED] - Delayed 1 second(s)

2018-12-10 18:34:36 - [TEST_STEP][PASSED] - setText: Text '123' is set on object 'Object Repository/Final Object Repo/New Registration - Registration Module Pages/Form 1/Registration Number'

2018-12-10 18:34:36 - [MESSAGE][PASSED] - Text '123' is set on object 'Object Repository/Final Object Repo/New Registration - Registration Module Pages/Form 1/Registration Number'

2018-12-10 18:34:36 - [TEST_STEP][NOT_RUN] - click: NOT_RUN: click

2018-12-10 18:34:36 - [MESSAGE][NOT_RUN] - NOT_RUN: click

2018-12-10 18:34:36 - [TEST_STEP][PASSED] - click: Object: 'Object Repository/Final Object Repo/New Registration - Registration Module Pages/Form 1/Registered As a Branch - Yes' is clicked on

2018-12-10 18:34:36 - [MESSAGE][PASSED] - Object: 'Object Repository/Final Object Repo/New Registration - Registration Module Pages/Form 1/Registered As a Branch - Yes' is clicked on

2018-12-10 18:34:36 - [TEST_STEP][NOT_RUN] - verifyElementNotClickable: NOT_RUN: verifyElementNotClickable

2018-12-10 18:34:36 - [MESSAGE][NOT_RUN] - NOT_RUN: verifyElementNotClickable

2018-12-10 18:34:36 - [TEST_STEP][PASSED] - verifyElementPresent: Object 'Object Repository/Final Object Repo/New Registration - Registration Module Pages/Form 1/Acknowledgement Disabled' is present

2018-12-10 18:34:36 - [MESSAGE][WARNING] - Timeout '0' is invalid. Using default page load timeout: '30'

2018-12-10 18:34:36 - [MESSAGE][PASSED] - Object 'Object Repository/Final Object Repo/New Registration - Registration Module Pages/Form 1/Acknowledgement Disabled' is present

2018-12-10 18:34:36 - [TEST_STEP][PASSED] - setText: Text 'perkeso' is set on object 'Object Repository/Final Object Repo/New Registration - Registration Module Pages/Form 1/Industry name'

2018-12-10 18:34:37 - [MESSAGE][PASSED] - Text 'perkeso' is set on object 'Object Repository/Final Object Repo/New Registration - Registration Module Pages/Form 1/Industry name'

2018-12-10 18:34:37 - [TEST_STEP][PASSED] - setText: Text 'perkeso1' is set on object 'Object Repository/Final Object Repo/New Registration - Registration Module Pages/Form 1/Postal Address1'

2018-12-10 18:34:37 - [MESSAGE][PASSED] - Text 'perkeso1' is set on object 'Object Repository/Final Object Repo/New Registration - Registration Module Pages/Form 1/Postal Address1'

2018-12-10 18:34:37 - [TEST_STEP][PASSED] - setText: Text 'perkeso2' is set on object 'Object Repository/Final Object Repo/New Registration - Registration Module Pages/Form 1/Postal Address2'

2018-12-10 18:34:37 - [MESSAGE][PASSED] - Text 'perkeso2' is set on object 'Object Repository/Final Object Repo/New Registration - Registration Module Pages/Form 1/Postal Address2'

2018-12-10 18:34:37 - [TEST_STEP][PASSED] - setText: Text 'perkeso3' is set on object 'Object Repository/Final Object Repo/New Registration - Registration Module Pages/Form 1/Postal Address3'

2018-12-10 18:34:38 - [MESSAGE][PASSED] - Text 'perkeso3' is set on object 'Object Repository/Final Object Repo/New Registration - Registration Module Pages/Form 1/Postal Address3'

2018-12-10 18:34:38 - [TEST_STEP][PASSED] - click: Object: 'Object Repository/Final Object Repo/New Registration - Registration Module Pages/Form 1/State' is clicked on

2018-12-10 18:34:38 - [MESSAGE][PASSED] - Object: 'Object Repository/Final Object Repo/New Registration - Registration Module Pages/Form 1/State' is clicked on

2018-12-10 18:34:38 - [TEST_STEP][PASSED] - click: Object: 'Object Repository/Final Object Repo/New Registration - Registration Module Pages/Form 1/State - Johor' is clicked on

2018-12-10 18:34:38 - [MESSAGE][PASSED] - Object: 'Object Repository/Final Object Repo/New Registration - Registration Module Pages/Form 1/State - Johor' is clicked on

2018-12-10 18:34:38 - [TEST_STEP][PASSED] - delay: Delayed 1 second(s)

2018-12-10 18:34:39 - [MESSAGE][PASSED] - Delayed 1 second(s)

2018-12-10 18:34:39 - [TEST_STEP][PASSED] - click: Object: 'Object Repository/Final Object Repo/New Registration - Registration Module Pages/Form 1/City' is clicked on

2018-12-10 18:34:39 - [MESSAGE][PASSED] - Object: 'Object Repository/Final Object Repo/New Registration - Registration Module Pages/Form 1/City' is clicked on

2018-12-10 18:34:39 - [TEST_STEP][PASSED] - setText: Text 'joh' is set on object 'Object Repository/Final Object Repo/New Registration - Registration Module Pages/Form 1/Postcode - 810'

2018-12-10 18:34:40 - [MESSAGE][PASSED] - Text 'joh' is set on object 'Object Repository/Final Object Repo/New Registration - Registration Module Pages/Form 1/Postcode - 810'

2018-12-10 18:34:40 - [TEST_STEP][PASSED] - delay: Delayed 1 second(s)

2018-12-10 18:34:41 - [MESSAGE][PASSED] - Delayed 1 second(s)

2018-12-10 18:34:41 - [TEST_STEP][PASSED] - click: Object: 'Object Repository/Final Object Repo/New Registration - Registration Module Pages/Form 1/City - Johor Bharu' is clicked on

2018-12-10 18:34:41 - [MESSAGE][PASSED] - Object: 'Object Repository/Final Object Repo/New Registration - Registration Module Pages/Form 1/City - Johor Bharu' is clicked on

2018-12-10 18:34:41 - [TEST_STEP][PASSED] - delay: Delayed 1 second(s)

2018-12-10 18:34:42 - [MESSAGE][PASSED] - Delayed 1 second(s)

2018-12-10 18:34:42 - [TEST_STEP][PASSED] - click: Object: 'Object Repository/Final Object Repo/New Registration - Registration Module Pages/Form 1/Postcode' is clicked on

2018-12-10 18:34:42 - [MESSAGE][PASSED] - Object: 'Object Repository/Final Object Repo/New Registration - Registration Module Pages/Form 1/Postcode' is clicked on

2018-12-10 18:34:42 - [TEST_STEP][PASSED] - delay: Delayed 1 second(s)

2018-12-10 18:34:43 - [MESSAGE][PASSED] - Delayed 1 second(s)

2018-12-10 18:34:43 - [TEST_STEP][PASSED] - setText: Text '810' is set on object 'Object Repository/Final Object Repo/New Registration - Registration Module Pages/Form 1/Postcode - 810'

2018-12-10 18:34:43 - [MESSAGE][PASSED] - Text '810' is set on object 'Object Repository/Final Object Repo/New Registration - Registration Module Pages/Form 1/Postcode - 810'

2018-12-10 18:34:43 - [TEST_STEP][PASSED] - delay: Delayed 1 second(s)

2018-12-10 18:34:44 - [MESSAGE][PASSED] - Delayed 1 second(s)

2018-12-10 18:34:44 - [TEST_STEP][PASSED] - click: Object: 'Object Repository/Final Object Repo/New Registration - Registration Module Pages/Form 1/Postcode - 81000' is clicked on

2018-12-10 18:34:44 - [MESSAGE][PASSED] - Object: 'Object Repository/Final Object Repo/New Registration - Registration Module Pages/Form 1/Postcode - 81000' is clicked on

2018-12-10 18:34:44 - [TEST_STEP][PASSED] - delay: Delayed 1 second(s)

2018-12-10 18:34:45 - [MESSAGE][PASSED] - Delayed 1 second(s)

2018-12-10 18:34:45 - [TEST_STEP][PASSED] - setText: Text '100' is set on object 'Object Repository/Final Object Repo/New Registration - Registration Module Pages/Form 1/P.O.BOX'

2018-12-10 18:34:46 - [MESSAGE][PASSED] - Text '100' is set on object 'Object Repository/Final Object Repo/New Registration - Registration Module Pages/Form 1/P.O.BOX'

2018-12-10 18:34:46 - [TEST_STEP][PASSED] - setText: Text '100' is set on object 'Object Repository/Final Object Repo/New Registration - Registration Module Pages/Form 1/Locked Bag No'

2018-12-10 18:34:46 - [MESSAGE][PASSED] - Text '100' is set on object 'Object Repository/Final Object Repo/New Registration - Registration Module Pages/Form 1/Locked Bag No'

2018-12-10 18:34:46 - [TEST_STEP][PASSED] - click: Object: 'Object Repository/Final Object Repo/New Registration - Registration Module Pages/Form 1/SOCSO Office Location' is clicked on

2018-12-10 18:34:46 - [MESSAGE][PASSED] - Object: 'Object Repository/Final Object Repo/New Registration - Registration Module Pages/Form 1/SOCSO Office Location' is clicked on

2018-12-10 18:34:46 - [TEST_STEP][PASSED] - click: Object: 'Object Repository/Final Object Repo/New Registration - Registration Module Pages/Form 1/SOCSO Office Location - Pejabat PERKESO Negeri Johor' is clicked on

2018-12-10 18:34:46 - [MESSAGE][PASSED] - Object: 'Object Repository/Final Object Repo/New Registration - Registration Module Pages/Form 1/SOCSO Office Location - Pejabat PERKESO Negeri Johor' is clicked on

2018-12-10 18:34:46 - [TEST_STEP][PASSED] - delay: Delayed 1 second(s)

2018-12-10 18:34:47 - [MESSAGE][PASSED] - Delayed 1 second(s)

2018-12-10 18:34:47 - [TEST_STEP][PASSED] - check: Object 'Object Repository/Final Object Repo/New Registration - Registration Module Pages/Form 1/Indusrty Address Same As Postal Address' is checked

2018-12-10 18:34:48 - [MESSAGE][PASSED] - Object 'Object Repository/Final Object Repo/New Registration - Registration Module Pages/Form 1/Indusrty Address Same As Postal Address' is checked

2018-12-10 18:34:48 - [TEST_STEP][PASSED] - delay: Delayed 3 second(s)

2018-12-10 18:34:51 - [MESSAGE][PASSED] - Delayed 3 second(s)

2018-12-10 18:34:51 - [TEST_STEP][PASSED] - click: Object: 'Object Repository/Final Object Repo/New Registration - Registration Module Pages/Form 1/Indusry Address Same As Postal Address False' is clicked on

2018-12-10 18:34:51 - [MESSAGE][PASSED] - Object: 'Object Repository/Final Object Repo/New Registration - Registration Module Pages/Form 1/Indusry Address Same As Postal Address False' is clicked on

2018-12-10 18:34:51 - [TEST_STEP][PASSED] - delay: Delayed 1 second(s)

2018-12-10 18:34:52 - [MESSAGE][PASSED] - Delayed 1 second(s)

2018-12-10 18:34:52 - [TEST_STEP][PASSED] - setText: Text 'perkeso1' is set on object 'Object Repository/Final Object Repo/New Registration - Registration Module Pages/Form 1/Industry Address1'

2018-12-10 18:34:52 - [MESSAGE][PASSED] - Text 'perkeso1' is set on object 'Object Repository/Final Object Repo/New Registration - Registration Module Pages/Form 1/Industry Address1'

2018-12-10 18:34:52 - [TEST_STEP][PASSED] - setText: Text 'perkeso2' is set on object 'Object Repository/Final Object Repo/New Registration - Registration Module Pages/Form 1/Industry Address2'

2018-12-10 18:34:52 - [MESSAGE][PASSED] - Text 'perkeso2' is set on object 'Object Repository/Final Object Repo/New Registration - Registration Module Pages/Form 1/Industry Address2'

2018-12-10 18:34:52 - [TEST_STEP][PASSED] - setText: Text 'perkeso3' is set on object 'Object Repository/Final Object Repo/New Registration - Registration Module Pages/Form 1/Industry Address3'

2018-12-10 18:34:53 - [MESSAGE][PASSED] - Text 'perkeso3' is set on object 'Object Repository/Final Object Repo/New Registration - Registration Module Pages/Form 1/Industry Address3'

2018-12-10 18:34:53 - [TEST_STEP][PASSED] - click: Object: 'Object Repository/Final Object Repo/New Registration - Registration Module Pages/Form 1/Industry State' is clicked on

2018-12-10 18:34:53 - [MESSAGE][PASSED] - Object: 'Object Repository/Final Object Repo/New Registration - Registration Module Pages/Form 1/Industry State' is clicked on

2018-12-10 18:34:53 - [TEST_STEP][PASSED] - delay: Delayed 2 second(s)

2018-12-10 18:34:55 - [MESSAGE][PASSED] - Delayed 2 second(s)

2018-12-10 18:34:55 - [TEST_STEP][PASSED] - click: Object: 'Object Repository/Final Object Repo/New Registration - Registration Module Pages/Form 1/Industry State - Johor' is clicked on

2018-12-10 18:34:55 - [MESSAGE][PASSED] - Object: 'Object Repository/Final Object Repo/New Registration - Registration Module Pages/Form 1/Industry State - Johor' is clicked on

2018-12-10 18:34:55 - [TEST_STEP][PASSED] - delay: Delayed 2 second(s)

2018-12-10 18:34:57 - [MESSAGE][PASSED] - Delayed 2 second(s)

2018-12-10 18:34:57 - [TEST_STEP][PASSED] - click: Object: 'Object Repository/Final Object Repo/New Registration - Registration Module Pages/Form 1/Industry Ciry' is clicked on

2018-12-10 18:34:57 - [MESSAGE][PASSED] - Object: 'Object Repository/Final Object Repo/New Registration - Registration Module Pages/Form 1/Industry Ciry' is clicked on

2018-12-10 18:34:57 - [TEST_STEP][PASSED] - setText: Text 'joh' is set on object 'Object Repository/Final Object Repo/New Registration - Registration Module Pages/Form 1/Industry Ciry - joh'

2018-12-10 18:34:58 - [MESSAGE][PASSED] - Text 'joh' is set on object 'Object Repository/Final Object Repo/New Registration - Registration Module Pages/Form 1/Industry Ciry - joh'

2018-12-10 18:34:58 - [TEST_STEP][PASSED] - delay: Delayed 2 second(s)

2018-12-10 18:35:00 - [MESSAGE][PASSED] - Delayed 2 second(s)

2018-12-10 18:35:00 - [TEST_STEP][PASSED] - click: Object: 'Object Repository/Final Object Repo/New Registration - Registration Module Pages/Form 1/Industy State - Johor Bharu' is clicked on

2018-12-10 18:35:00 - [MESSAGE][PASSED] - Object: 'Object Repository/Final Object Repo/New Registration - Registration Module Pages/Form 1/Industy State - Johor Bharu' is clicked on

2018-12-10 18:35:00 - [TEST_STEP][PASSED] - delay: Delayed 1 second(s)

2018-12-10 18:35:01 - [MESSAGE][PASSED] - Delayed 1 second(s)

2018-12-10 18:35:01 - [TEST_STEP][PASSED] - click: Object: 'Object Repository/Final Object Repo/New Registration - Registration Module Pages/Form 1/Indusry PostCode' is clicked on

2018-12-10 18:35:01 - [MESSAGE][PASSED] - Object: 'Object Repository/Final Object Repo/New Registration - Registration Module Pages/Form 1/Indusry PostCode' is clicked on

2018-12-10 18:35:01 - [TEST_STEP][PASSED] - delay: Delayed 1 second(s)

2018-12-10 18:35:02 - [MESSAGE][PASSED] - Delayed 1 second(s)

2018-12-10 18:35:02 - [TEST_STEP][PASSED] - setText: Text '810' is set on object 'Object Repository/Final Object Repo/New Registration - Registration Module Pages/Form 1/Insutry Post Code - 810'

2018-12-10 18:35:02 - [MESSAGE][PASSED] - Text '810' is set on object 'Object Repository/Final Object Repo/New Registration - Registration Module Pages/Form 1/Insutry Post Code - 810'

2018-12-10 18:35:02 - [TEST_STEP][PASSED] - delay: Delayed 1 second(s)

2018-12-10 18:35:03 - [MESSAGE][PASSED] - Delayed 1 second(s)

2018-12-10 18:35:03 - [TEST_STEP][PASSED] - click: Object: 'Object Repository/Final Object Repo/New Registration - Registration Module Pages/Form 1/Insutry Post Code - 81000' is clicked on

2018-12-10 18:35:03 - [MESSAGE][PASSED] - Object: 'Object Repository/Final Object Repo/New Registration - Registration Module Pages/Form 1/Insutry Post Code - 81000' is clicked on

2018-12-10 18:35:03 - [TEST_STEP][PASSED] - delay: Delayed 1 second(s)

2018-12-10 18:35:04 - [MESSAGE][PASSED] - Delayed 1 second(s)

2018-12-10 18:35:04 - [TEST_STEP][PASSED] - setText: Text '100' is set on object 'Object Repository/Final Object Repo/New Registration - Registration Module Pages/Form 1/Industry P.O.BOX'

2018-12-10 18:35:05 - [MESSAGE][PASSED] - Text '100' is set on object 'Object Repository/Final Object Repo/New Registration - Registration Module Pages/Form 1/Industry P.O.BOX'

2018-12-10 18:35:05 - [TEST_STEP][PASSED] - setText: Text '100' is set on object 'Object Repository/Final Object Repo/New Registration - Registration Module Pages/Form 1/Industry Locked Bag No'

2018-12-10 18:35:05 - [MESSAGE][PASSED] - Text '100' is set on object 'Object Repository/Final Object Repo/New Registration - Registration Module Pages/Form 1/Industry Locked Bag No'

2018-12-10 18:35:05 - [TEST_STEP][PASSED] - setText: Text '123456789' is set on object 'Object Repository/Final Object Repo/New Registration - Registration Module Pages/Form 1/Telephone No'

2018-12-10 18:35:05 - [MESSAGE][PASSED] - Text '123456789' is set on object 'Object Repository/Final Object Repo/New Registration - Registration Module Pages/Form 1/Telephone No'

2018-12-10 18:35:05 - [TEST_STEP][PASSED] - setText: Text '123456789' is set on object 'Object Repository/Final Object Repo/New Registration - Registration Module Pages/Form 1/Mobile No'

2018-12-10 18:35:06 - [MESSAGE][PASSED] - Text '123456789' is set on object 'Object Repository/Final Object Repo/New Registration - Registration Module Pages/Form 1/Mobile No'

2018-12-10 18:35:06 - [TEST_STEP][PASSED] - setText: Text '123456789' is set on object 'Object Repository/Final Object Repo/New Registration - Registration Module Pages/Form 1/Fax No'

2018-12-10 18:35:06 - [MESSAGE][PASSED] - Text '123456789' is set on object 'Object Repository/Final Object Repo/New Registration - Registration Module Pages/Form 1/Fax No'

2018-12-10 18:35:06 - [TEST_STEP][PASSED] - click: Object: 'Object Repository/Final Object Repo/New Registration - Registration Module Pages/Form 1/Industry Code' is clicked on

2018-12-10 18:35:06 - [MESSAGE][PASSED] - Object: 'Object Repository/Final Object Repo/New Registration - Registration Module Pages/Form 1/Industry Code' is clicked on

2018-12-10 18:35:06 - [TEST_STEP][PASSED] - click: Object: 'Object Repository/Final Object Repo/New Registration - Registration Module Pages/Form 1/Indudustry Code - Crops and Animal' is clicked on

2018-12-10 18:35:06 - [MESSAGE][PASSED] - Object: 'Object Repository/Final Object Repo/New Registration - Registration Module Pages/Form 1/Indudustry Code - Crops and Animal' is clicked on

2018-12-10 18:35:06 - [TEST_STEP][PASSED] - delay: Delayed 1 second(s)

2018-12-10 18:35:07 - [MESSAGE][PASSED] - Delayed 1 second(s)

2018-12-10 18:35:07 - [TEST_STEP][PASSED] - click: Object: 'Object Repository/Final Object Repo/New Registration - Registration Module Pages/Form 1/Sub Industry Code List' is clicked on

2018-12-10 18:35:08 - [MESSAGE][PASSED] - Object: 'Object Repository/Final Object Repo/New Registration - Registration Module Pages/Form 1/Sub Industry Code List' is clicked on

2018-12-10 18:35:08 - [TEST_STEP][PASSED] - click: Object: 'Object Repository/Final Object Repo/New Registration - Registration Module Pages/Form 1/Sub Industry Code List - Growing of Maize' is clicked on

2018-12-10 18:35:08 - [MESSAGE][PASSED] - Object: 'Object Repository/Final Object Repo/New Registration - Registration Module Pages/Form 1/Sub Industry Code List - Growing of Maize' is clicked on

2018-12-10 18:35:08 - [TEST_STEP][PASSED] - setText: Text 'perkeso123@gmail.com' is set on object 'Object Repository/Final Object Repo/New Registration - Registration Module Pages/Form 1/Email'

2018-12-10 18:35:08 - [MESSAGE][PASSED] - Text 'perkeso123@gmail.com' is set on object 'Object Repository/Final Object Repo/New Registration - Registration Module Pages/Form 1/Email'

2018-12-10 18:35:09 - [TEST_STEP][PASSED] - click: Object: 'Object Repository/Final Object Repo/New Registration - Registration Module Pages/Form 1/Method of Contribution Payment' is clicked on

2018-12-10 18:35:09 - [MESSAGE][PASSED] - Object: 'Object Repository/Final Object Repo/New Registration - Registration Module Pages/Form 1/Method of Contribution Payment' is clicked on

2018-12-10 18:35:09 - [TEST_STEP][PASSED] - click: Object: 'Object Repository/Final Object Repo/New Registration - Registration Module Pages/Form 1/Method of Contribution Payment - Portal' is clicked on

2018-12-10 18:35:09 - [MESSAGE][PASSED] - Object: 'Object Repository/Final Object Repo/New Registration - Registration Module Pages/Form 1/Method of Contribution Payment - Portal' is clicked on

2018-12-10 18:35:09 - [TEST_STEP][PASSED] - click: Object: 'Object Repository/Final Object Repo/New Registration - Registration Module Pages/Form 1/Servide Type' is clicked on

2018-12-10 18:35:09 - [MESSAGE][PASSED] - Object: 'Object Repository/Final Object Repo/New Registration - Registration Module Pages/Form 1/Servide Type' is clicked on

2018-12-10 18:35:09 - [TEST_STEP][PASSED] - click: Object: 'Object Repository/Final Object Repo/New Registration - Registration Module Pages/Form 1/Servide Type - Professional Bodies' is clicked on

2018-12-10 18:35:09 - [MESSAGE][PASSED] - Object: 'Object Repository/Final Object Repo/New Registration - Registration Module Pages/Form 1/Servide Type - Professional Bodies' is clicked on

2018-12-10 18:35:09 - [TEST_STEP][PASSED] - click: Object: 'Object Repository/Final Object Repo/New Registration - Registration Module Pages/Form 1/Industry Venue' is clicked on

2018-12-10 18:35:09 - [MESSAGE][PASSED] - Object: 'Object Repository/Final Object Repo/New Registration - Registration Module Pages/Form 1/Industry Venue' is clicked on

2018-12-10 18:35:09 - [TEST_STEP][PASSED] - click: Object: 'Object Repository/Final Object Repo/New Registration - Registration Module Pages/Form 1/Industry Venue -  PPN JOHOR' is clicked on

2018-12-10 18:35:10 - [MESSAGE][PASSED] - Object: 'Object Repository/Final Object Repo/New Registration - Registration Module Pages/Form 1/Industry Venue -  PPN JOHOR' is clicked on

2018-12-10 18:35:10 - [TEST_STEP][PASSED] - click: Object: 'Object Repository/Final Object Repo/New Registration - Registration Module Pages/Form 1/Save  Continue' is clicked on

2018-12-10 18:35:10 - [MESSAGE][PASSED] - Object: 'Object Repository/Final Object Repo/New Registration - Registration Module Pages/Form 1/Save  Continue' is clicked on

2018-12-10 18:35:10 - [MESSAGE][PASSED] - Call Test Case 'Test Cases/Final Aug 2018 - PKS Automation/Registration Module/New Registration/Form 1/Form 1 - Other - Federal Government Agency' successfully

2018-12-10 18:35:10 - [TEST_STEP][PASSED] - callTestCase: Call Test Case 'Test Cases/Final Aug 2018 - PKS Automation/Registration Module/New Registration/Form 2/Add 2 Not Eligible - No 3rd Screen' successfully

2018-12-10 18:35:10 - [TEST_CASE][PASSED] - Test Cases/Final Aug 2018 - PKS Automation/Registration Module/New Registration/Form 2/Add 2 Not Eligible - No 3rd Screen: Test Cases/Final Aug 2018 - PKS Automation/Registration Module/New Registration/Form 2/Add 2 Not Eligible - No 3rd Screen

2018-12-10 18:35:10 - [TEST_STEP][PASSED] - delay: Delayed 2 second(s)

2018-12-10 18:35:12 - [MESSAGE][PASSED] - Delayed 2 second(s)

2018-12-10 18:35:12 - [TEST_STEP][PASSED] - callTestCase: Call Test Case 'Test Cases/Final Aug 2018 - PKS Automation/Registration Module/New Registration/Form 2/Date Updater' successfully

2018-12-10 18:35:12 - [TEST_CASE][PASSED] - Test Cases/Final Aug 2018 - PKS Automation/Registration Module/New Registration/Form 2/Date Updater: Test Cases/Final Aug 2018 - PKS Automation/Registration Module/New Registration/Form 2/Date Updater

2018-12-10 18:35:12 - [TEST_STEP][PASSED] - Statement - TodayDate = new java.util.Date(): null

2018-12-10 18:35:12 - [TEST_STEP][PASSED] - Statement - CurrentDateNoFilter = new java.text.SimpleDateFormat(): null

2018-12-10 18:35:12 - [TEST_STEP][PASSED] - Statement - CurrentDateNoFilter.applyPattern("MM"): null

2018-12-10 18:35:12 - [TEST_STEP][PASSED] - Statement - monthContainerMatcher = java.lang.Integer.parseInt(CurrentDateNoFilter.format(TodayDate)): null

2018-12-10 18:35:12 - [TEST_STEP][PASSED] - Statement - monthContainerMatcher = monthContainerMatcher - 1: null

2018-12-10 18:35:12 - [TEST_STEP][PASSED] - Statement - CurrentMonth = monthContainerMatcher.toString(): null

2018-12-10 18:35:12 - [TEST_STEP][PASSED] - Statement - CurrentMonth = CurrentMonth: null

2018-12-10 18:35:12 - [TEST_STEP][PASSED] - Statement - CurrentDateNoFilter.applyPattern("yyyy"): null

2018-12-10 18:35:12 - [TEST_STEP][PASSED] - Statement - CurrentYear = CurrentDateNoFilter.format(TodayDate): null

2018-12-10 18:35:12 - [TEST_STEP][PASSED] - Statement - CurrentYear = CurrentYear: null

2018-12-10 18:35:12 - [TEST_STEP][PASSED] - Statement - intCurrentYear = java.lang.Integer.parseInt(CurrentDateNoFilter.format(TodayDate)): null

2018-12-10 18:35:12 - [TEST_STEP][PASSED] - Statement - eighteenYrsAgo = intCurrentYear - 18: null

2018-12-10 18:35:12 - [TEST_STEP][PASSED] - Statement - eighteenYrsBeforeThisYr = eighteenYrsAgo.toString(): null

2018-12-10 18:35:12 - [TEST_STEP][PASSED] - Statement - EighteenYrsBefore = eighteenYrsBeforeThisYr: null

2018-12-10 18:35:12 - [TEST_STEP][PASSED] - Statement - fiftysevenYrsAgo = intCurrentYear - 57: null

2018-12-10 18:35:12 - [TEST_STEP][PASSED] - Statement - fiftysevenYrsBeforeThisYr = fiftysevenYrsAgo.toString(): null

2018-12-10 18:35:12 - [TEST_STEP][PASSED] - Statement - FiftysevenYrsBefore = fiftysevenYrsBeforeThisYr: null

2018-12-10 18:35:12 - [TEST_STEP][PASSED] - Statement - leapYear = false: null

2018-12-10 18:35:12 - [TEST_STEP][PASSED] - Statement - leapYear = intCurrentYear % 4 == 0: null

2018-12-10 18:35:12 - [TEST_STEP][PASSED] - Statement - CurrentDateNoFilter.applyPattern("dd"): null

2018-12-10 18:35:12 - [TEST_STEP][PASSED] - Statement - CurrentDate = CurrentDateNoFilter.format(TodayDate): null

2018-12-10 18:35:12 - [TEST_STEP][PASSED] - Statement - CurrentDate = java.lang.Integer.parseInt(CurrentDate): null

2018-12-10 18:35:12 - [TEST_STEP][PASSED] - Statement - CurrentDate = CurrentDate: null

2018-12-10 18:35:12 - [TEST_STEP][PASSED] - Statement - CurrentDay = java.lang.Integer.parseInt(CurrentDate): null

2018-12-10 18:35:12 - [TEST_STEP][PASSED] - Statement - ConfAdder = <not implemented yet for class: org.codehaus.groovy.ast.expr.EmptyExpression>: null

2018-12-10 18:35:12 - [TEST_STEP][PASSED] - Statement - out.println(CurrentMonth): null

2018-12-10 18:35:12 - [TEST_STEP][PASSED] - Statement - out.println(CurrentDate): null

2018-12-10 18:35:12 - [TEST_STEP][PASSED] - Statement - switch (CurrentDate): null

2018-12-10 18:35:12 - [TEST_STEP][PASSED] - Statement - Default: null

2018-12-10 18:35:12 - [TEST_STEP][PASSED] - Statement - ConfAdder = true: null

2018-12-10 18:35:12 - [TEST_STEP][PASSED] - Statement - Break: null

2018-12-10 18:35:12 - [TEST_STEP][PASSED] - Statement - aDayBefore = <not implemented yet for class: org.codehaus.groovy.ast.expr.EmptyExpression>: null

2018-12-10 18:35:12 - [TEST_STEP][PASSED] - Statement - out.println(ConfAdder): null

2018-12-10 18:35:12 - [TEST_STEP][PASSED] - Statement - If (ConfAdder == true): null

2018-12-10 18:35:12 - [TEST_STEP][PASSED] - Statement - aDayBefore = CurrentDay + 1: null

2018-12-10 18:35:12 - [TEST_STEP][PASSED] - Statement - out.println(aDayBefore): null

2018-12-10 18:35:12 - [TEST_STEP][PASSED] - Statement - If (aDayBefore == 1 && CurrentMonth == 11): null

2018-12-10 18:35:12 - [TEST_STEP][PASSED] - Statement - DayBefore = aDayBefore.toString(): null

2018-12-10 18:35:12 - [TEST_STEP][PASSED] - Statement - OneDayBefore = DayBefore: null

2018-12-10 18:35:12 - [MESSAGE][PASSED] - Call Test Case 'Test Cases/Final Aug 2018 - PKS Automation/Registration Module/New Registration/Form 2/Date Updater' successfully

2018-12-10 18:35:12 - [TEST_STEP][PASSED] - Statement - CaseReferenceNo = com.kms.katalon.core.webui.keyword.WebUiBuiltInKeywords.getText(com.kms.katalon.core.testobject.ObjectRepository.findTestObject(Final Object Repo/New Registration - Registration Module Pages/Form 2/RefNo Acquiring)): Text of object 'Object Repository/Final Object Repo/New Registration - Registration Module Pages/Form 2/RefNo Acquiring' is: 'CRN12201800123145'

2018-12-10 18:35:12 - [MESSAGE][PASSED] - Text of object 'Object Repository/Final Object Repo/New Registration - Registration Module Pages/Form 2/RefNo Acquiring' is: 'CRN12201800123145'

2018-12-10 18:35:12 - [TEST_STEP][PASSED] - delay: Delayed 6 second(s)

2018-12-10 18:35:18 - [MESSAGE][PASSED] - Delayed 6 second(s)

2018-12-10 18:35:18 - [TEST_STEP][PASSED] - click: Object: 'Object Repository/Final Object Repo/New Registration - Registration Module Pages/Form 2/Add Employee Button' is clicked on

2018-12-10 18:35:19 - [MESSAGE][PASSED] - Object: 'Object Repository/Final Object Repo/New Registration - Registration Module Pages/Form 2/Add Employee Button' is clicked on

2018-12-10 18:35:19 - [TEST_STEP][PASSED] - delay: Delayed 4 second(s)

2018-12-10 18:35:23 - [MESSAGE][PASSED] - Delayed 4 second(s)

2018-12-10 18:35:23 - [TEST_STEP][PASSED] - setText: Text '000209039189' is set on object 'Object Repository/Final Object Repo/New Registration - Registration Module Pages/Form 2/NRIC Input'

2018-12-10 18:35:23 - [MESSAGE][PASSED] - Text '000209039189' is set on object 'Object Repository/Final Object Repo/New Registration - Registration Module Pages/Form 2/NRIC Input'

2018-12-10 18:35:23 - [TEST_STEP][PASSED] - click: Object: 'Object Repository/Final Object Repo/New Registration - Registration Module Pages/Form 2/button for search for IC' is clicked on

2018-12-10 18:35:23 - [MESSAGE][PASSED] - Object: 'Object Repository/Final Object Repo/New Registration - Registration Module Pages/Form 2/button for search for IC' is clicked on

2018-12-10 18:35:23 - [TEST_STEP][PASSED] - delay: Delayed 2 second(s)

2018-12-10 18:35:25 - [MESSAGE][PASSED] - Delayed 2 second(s)

2018-12-10 18:35:25 - [TEST_STEP][PASSED] - setText: Text 'Automate001 not eligible 1' is set on object 'Object Repository/Final Object Repo/New Registration - Registration Module Pages/Form 2/Employee Name Input'

2018-12-10 18:35:26 - [MESSAGE][PASSED] - Text 'Automate001 not eligible 1' is set on object 'Object Repository/Final Object Repo/New Registration - Registration Module Pages/Form 2/Employee Name Input'

2018-12-10 18:35:26 - [TEST_STEP][PASSED] - delay: Delayed 2 second(s)

2018-12-10 18:35:28 - [MESSAGE][PASSED] - Delayed 2 second(s)

2018-12-10 18:35:28 - [TEST_STEP][PASSED] - click: Object: 'Object Repository/Final Object Repo/New Registration - Registration Module Pages/Form 2/DatePicker Pop Up' is clicked on

2018-12-10 18:35:28 - [MESSAGE][PASSED] - Object: 'Object Repository/Final Object Repo/New Registration - Registration Module Pages/Form 2/DatePicker Pop Up' is clicked on

2018-12-10 18:35:28 - [TEST_STEP][PASSED] - click: Object: 'Object Repository/Final Object Repo/New Registration - Registration Module Pages/Form 2/DOB Month' is clicked on

2018-12-10 18:35:28 - [MESSAGE][PASSED] - Object: 'Object Repository/Final Object Repo/New Registration - Registration Module Pages/Form 2/DOB Month' is clicked on

2018-12-10 18:35:28 - [TEST_STEP][PASSED] - Statement - CurrentMonth = CurrentMonth: null

2018-12-10 18:35:28 - [TEST_STEP][PASSED] - Statement - selectMonth = new com.kms.katalon.core.testobject.TestObject(): null

2018-12-10 18:35:28 - [TEST_STEP][PASSED] - Statement - selectMonth.addProperty("xpath", EQUALS, "//body/div/div/div/select/option[@value='" + CurrentMonth + "']", true): null

2018-12-10 18:35:28 - [TEST_STEP][PASSED] - click: Object: '' is clicked on

2018-12-10 18:35:28 - [MESSAGE][PASSED] - Object: '' is clicked on

2018-12-10 18:35:28 - [TEST_STEP][PASSED] - delay: Delayed 2 second(s)

2018-12-10 18:35:30 - [MESSAGE][PASSED] - Delayed 2 second(s)

2018-12-10 18:35:30 - [TEST_STEP][PASSED] - click: Object: 'Object Repository/Final Object Repo/New Registration - Registration Module Pages/Form 2/DOB Year' is clicked on

2018-12-10 18:35:30 - [MESSAGE][PASSED] - Object: 'Object Repository/Final Object Repo/New Registration - Registration Module Pages/Form 2/DOB Year' is clicked on

2018-12-10 18:35:30 - [TEST_STEP][PASSED] - Statement - Eyearsbf = EighteenYrsBefore: null

2018-12-10 18:35:30 - [TEST_STEP][PASSED] - Statement - selectYear = new com.kms.katalon.core.testobject.TestObject(): null

2018-12-10 18:35:30 - [TEST_STEP][PASSED] - Statement - selectYear.addProperty("xpath", EQUALS, "//div/div/div/select/option[@value='" + Eyearsbf + "']", true): null

2018-12-10 18:35:30 - [TEST_STEP][PASSED] - click: Object: '' is clicked on

2018-12-10 18:35:31 - [MESSAGE][PASSED] - Object: '' is clicked on

2018-12-10 18:35:31 - [TEST_STEP][PASSED] - delay: Delayed 3 second(s)

2018-12-10 18:35:34 - [MESSAGE][PASSED] - Delayed 3 second(s)

2018-12-10 18:35:34 - [TEST_STEP][PASSED] - Statement - UpdatedSelectDate = com.kms.katalon.core.webui.keyword.WebUiBuiltInKeywords.modifyObjectProperty(com.kms.katalon.core.testobject.ObjectRepository.findTestObject(Final Object Repo/New Registration - Registration Module Pages/Form 2/DOB Date), "xpath", "equals", "//body/div/table/tbody/tr/td/a[text()="" + OneDayBefore + ""]", true): Modify property of object successfully

2018-12-10 18:35:34 - [MESSAGE][PASSED] - Modify property of object successfully

2018-12-10 18:35:34 - [TEST_STEP][PASSED] - delay: Delayed 3 second(s)

2018-12-10 18:35:37 - [MESSAGE][PASSED] - Delayed 3 second(s)

2018-12-10 18:35:37 - [TEST_STEP][PASSED] - click: Object: 'Object Repository/Final Object Repo/New Registration - Registration Module Pages/Form 2/DOB Date' is clicked on

2018-12-10 18:35:37 - [MESSAGE][PASSED] - Object: 'Object Repository/Final Object Repo/New Registration - Registration Module Pages/Form 2/DOB Date' is clicked on

2018-12-10 18:35:37 - [TEST_STEP][PASSED] - delay: Delayed 2 second(s)

2018-12-10 18:35:39 - [MESSAGE][PASSED] - Delayed 2 second(s)

2018-12-10 18:35:39 - [TEST_STEP][PASSED] - click: Object: 'Object Repository/Final Object Repo/New Registration - Registration Module Pages/Form 2/EmploymentStartDate Pop Up' is clicked on

2018-12-10 18:35:39 - [MESSAGE][PASSED] - Object: 'Object Repository/Final Object Repo/New Registration - Registration Module Pages/Form 2/EmploymentStartDate Pop Up' is clicked on

2018-12-10 18:35:39 - [TEST_STEP][PASSED] - delay: Delayed 2 second(s)

2018-12-10 18:35:41 - [MESSAGE][PASSED] - Delayed 2 second(s)

2018-12-10 18:35:41 - [TEST_STEP][PASSED] - click: Object: 'Object Repository/Final Object Repo/New Registration - Registration Module Pages/Form 2/Socso Employment StartDate Month' is clicked on

2018-12-10 18:35:41 - [MESSAGE][PASSED] - Object: 'Object Repository/Final Object Repo/New Registration - Registration Module Pages/Form 2/Socso Employment StartDate Month' is clicked on

2018-12-10 18:35:41 - [TEST_STEP][PASSED] - delay: Delayed 1 second(s)

2018-12-10 18:35:42 - [MESSAGE][PASSED] - Delayed 1 second(s)

2018-12-10 18:35:42 - [TEST_STEP][PASSED] - click: Object: 'Object Repository/Final Object Repo/New Registration - Registration Module Pages/Form 2/Select Socso Employement Startdate Month' is clicked on

2018-12-10 18:35:42 - [MESSAGE][PASSED] - Object: 'Object Repository/Final Object Repo/New Registration - Registration Module Pages/Form 2/Select Socso Employement Startdate Month' is clicked on

2018-12-10 18:35:42 - [TEST_STEP][PASSED] - delay: Delayed 2 second(s)

2018-12-10 18:35:44 - [MESSAGE][PASSED] - Delayed 2 second(s)

2018-12-10 18:35:44 - [TEST_STEP][PASSED] - click: Object: 'Object Repository/Final Object Repo/New Registration - Registration Module Pages/Form 2/Socso Employment StartDate Year' is clicked on

2018-12-10 18:35:44 - [MESSAGE][PASSED] - Object: 'Object Repository/Final Object Repo/New Registration - Registration Module Pages/Form 2/Socso Employment StartDate Year' is clicked on

2018-12-10 18:35:44 - [TEST_STEP][PASSED] - delay: Delayed 1 second(s)

2018-12-10 18:35:45 - [MESSAGE][PASSED] - Delayed 1 second(s)

2018-12-10 18:35:45 - [TEST_STEP][PASSED] - click: Object: 'Object Repository/Final Object Repo/New Registration - Registration Module Pages/Form 2/Select Socso Employment Startdate Year' is clicked on

2018-12-10 18:35:46 - [MESSAGE][PASSED] - Object: 'Object Repository/Final Object Repo/New Registration - Registration Module Pages/Form 2/Select Socso Employment Startdate Year' is clicked on

2018-12-10 18:35:46 - [TEST_STEP][PASSED] - delay: Delayed 2 second(s)

2018-12-10 18:35:48 - [MESSAGE][PASSED] - Delayed 2 second(s)

2018-12-10 18:35:48 - [TEST_STEP][PASSED] - click: Object: 'Object Repository/Final Object Repo/New Registration - Registration Module Pages/Form 2/Socso Employment Start Date Day' is clicked on

2018-12-10 18:35:48 - [MESSAGE][PASSED] - Object: 'Object Repository/Final Object Repo/New Registration - Registration Module Pages/Form 2/Socso Employment Start Date Day' is clicked on

2018-12-10 18:35:48 - [TEST_STEP][PASSED] - delay: Delayed 2 second(s)

2018-12-10 18:35:50 - [MESSAGE][PASSED] - Delayed 2 second(s)

2018-12-10 18:35:50 - [TEST_STEP][PASSED] - click: Object: 'Object Repository/Final Object Repo/New Registration - Registration Module Pages/Form 2/Save Button for Add Employee' is clicked on

2018-12-10 18:35:50 - [MESSAGE][PASSED] - Object: 'Object Repository/Final Object Repo/New Registration - Registration Module Pages/Form 2/Save Button for Add Employee' is clicked on

2018-12-10 18:35:50 - [TEST_STEP][PASSED] - delay: Delayed 6 second(s)

2018-12-10 18:35:56 - [MESSAGE][PASSED] - Delayed 6 second(s)

2018-12-10 18:35:56 - [TEST_STEP][PASSED] - click: Object: 'Object Repository/Final Object Repo/New Registration - Registration Module Pages/Form 2/Add Employee Button' is clicked on

2018-12-10 18:35:56 - [MESSAGE][PASSED] - Object: 'Object Repository/Final Object Repo/New Registration - Registration Module Pages/Form 2/Add Employee Button' is clicked on

2018-12-10 18:35:56 - [TEST_STEP][PASSED] - delay: Delayed 4 second(s)

2018-12-10 18:36:00 - [MESSAGE][PASSED] - Delayed 4 second(s)

2018-12-10 18:36:00 - [TEST_STEP][PASSED] - setText: Text '600203039194' is set on object 'Object Repository/Final Object Repo/New Registration - Registration Module Pages/Form 2/NRIC Input'

2018-12-10 18:36:00 - [MESSAGE][PASSED] - Text '600203039194' is set on object 'Object Repository/Final Object Repo/New Registration - Registration Module Pages/Form 2/NRIC Input'

2018-12-10 18:36:00 - [TEST_STEP][PASSED] - click: Object: 'Object Repository/Final Object Repo/New Registration - Registration Module Pages/Form 2/button for search for IC' is clicked on

2018-12-10 18:36:01 - [MESSAGE][PASSED] - Object: 'Object Repository/Final Object Repo/New Registration - Registration Module Pages/Form 2/button for search for IC' is clicked on

2018-12-10 18:36:01 - [TEST_STEP][PASSED] - delay: Delayed 2 second(s)

2018-12-10 18:36:03 - [MESSAGE][PASSED] - Delayed 2 second(s)

2018-12-10 18:36:03 - [TEST_STEP][PASSED] - setText: Text 'Automate001 not eligible 2' is set on object 'Object Repository/Final Object Repo/New Registration - Registration Module Pages/Form 2/Employee Name Input'

2018-12-10 18:36:03 - [MESSAGE][PASSED] - Text 'Automate001 not eligible 2' is set on object 'Object Repository/Final Object Repo/New Registration - Registration Module Pages/Form 2/Employee Name Input'

2018-12-10 18:36:03 - [TEST_STEP][PASSED] - delay: Delayed 2 second(s)

2018-12-10 18:36:05 - [MESSAGE][PASSED] - Delayed 2 second(s)

2018-12-10 18:36:05 - [TEST_STEP][PASSED] - click: Object: 'Object Repository/Final Object Repo/New Registration - Registration Module Pages/Form 2/DatePicker Pop Up' is clicked on

2018-12-10 18:36:05 - [MESSAGE][PASSED] - Object: 'Object Repository/Final Object Repo/New Registration - Registration Module Pages/Form 2/DatePicker Pop Up' is clicked on

2018-12-10 18:36:05 - [TEST_STEP][PASSED] - delay: Delayed 1 second(s)

2018-12-10 18:36:06 - [MESSAGE][PASSED] - Delayed 1 second(s)

2018-12-10 18:36:06 - [TEST_STEP][PASSED] - click: Object: 'Object Repository/Final Object Repo/New Registration - Registration Module Pages/Form 2/DOB Month' is clicked on

2018-12-10 18:36:07 - [MESSAGE][PASSED] - Object: 'Object Repository/Final Object Repo/New Registration - Registration Module Pages/Form 2/DOB Month' is clicked on

2018-12-10 18:36:07 - [TEST_STEP][PASSED] - Statement - selectMonth = com.kms.katalon.core.webui.keyword.WebUiBuiltInKeywords.modifyObjectProperty(selectMonth, "xpath", "equals", "//body/div/div/div/select/option[@value="" + CurrentMonth + ""]", true): Modify property of object successfully

2018-12-10 18:36:07 - [MESSAGE][PASSED] - Modify property of object successfully

2018-12-10 18:36:07 - [TEST_STEP][PASSED] - click: Object: '' is clicked on

2018-12-10 18:36:07 - [MESSAGE][PASSED] - Object: '' is clicked on

2018-12-10 18:36:07 - [TEST_STEP][PASSED] - click: Object: 'Object Repository/Final Object Repo/New Registration - Registration Module Pages/Form 2/DOB Year' is clicked on

2018-12-10 18:36:07 - [MESSAGE][PASSED] - Object: 'Object Repository/Final Object Repo/New Registration - Registration Module Pages/Form 2/DOB Year' is clicked on

2018-12-10 18:36:07 - [TEST_STEP][PASSED] - Statement - selectYear = com.kms.katalon.core.webui.keyword.WebUiBuiltInKeywords.modifyObjectProperty(selectYear, "xpath", "equals", "//div/div/div/select/option[@value="" + FiftysevenYrsBefore + ""]", true): Modify property of object successfully

2018-12-10 18:36:07 - [MESSAGE][PASSED] - Modify property of object successfully

2018-12-10 18:36:07 - [TEST_STEP][PASSED] - click: Object: '' is clicked on

2018-12-10 18:36:07 - [MESSAGE][PASSED] - Object: '' is clicked on

2018-12-10 18:36:07 - [TEST_STEP][PASSED] - Statement - UpdatedSelectDate = com.kms.katalon.core.webui.keyword.WebUiBuiltInKeywords.modifyObjectProperty(com.kms.katalon.core.testobject.ObjectRepository.findTestObject(Final Object Repo/New Registration - Registration Module Pages/Form 2/DOB Date), "xpath", "equals", "//body/div/table/tbody/tr/td/a[text()="" + CurrentDate + ""]", true): Modify property of object successfully

2018-12-10 18:36:07 - [MESSAGE][PASSED] - Modify property of object successfully

2018-12-10 18:36:07 - [TEST_STEP][PASSED] - delay: Delayed 3 second(s)

2018-12-10 18:36:10 - [MESSAGE][PASSED] - Delayed 3 second(s)

2018-12-10 18:36:10 - [TEST_STEP][PASSED] - click: Object: 'Object Repository/Final Object Repo/New Registration - Registration Module Pages/Form 2/DOB Date' is clicked on

2018-12-10 18:36:10 - [MESSAGE][PASSED] - Object: 'Object Repository/Final Object Repo/New Registration - Registration Module Pages/Form 2/DOB Date' is clicked on

2018-12-10 18:36:10 - [TEST_STEP][PASSED] - delay: Delayed 2 second(s)

2018-12-10 18:36:12 - [MESSAGE][PASSED] - Delayed 2 second(s)

2018-12-10 18:36:12 - [TEST_STEP][PASSED] - click: Object: 'Object Repository/Final Object Repo/New Registration - Registration Module Pages/Form 2/EmploymentStartDate Pop Up' is clicked on

2018-12-10 18:36:12 - [MESSAGE][PASSED] - Object: 'Object Repository/Final Object Repo/New Registration - Registration Module Pages/Form 2/EmploymentStartDate Pop Up' is clicked on

2018-12-10 18:36:12 - [TEST_STEP][PASSED] - delay: Delayed 2 second(s)

2018-12-10 18:36:14 - [MESSAGE][PASSED] - Delayed 2 second(s)

2018-12-10 18:36:14 - [TEST_STEP][PASSED] - click: Object: 'Object Repository/Final Object Repo/New Registration - Registration Module Pages/Form 2/Socso Employment StartDate Month' is clicked on

2018-12-10 18:36:14 - [MESSAGE][PASSED] - Object: 'Object Repository/Final Object Repo/New Registration - Registration Module Pages/Form 2/Socso Employment StartDate Month' is clicked on

2018-12-10 18:36:14 - [TEST_STEP][PASSED] - delay: Delayed 1 second(s)

2018-12-10 18:36:15 - [MESSAGE][PASSED] - Delayed 1 second(s)

2018-12-10 18:36:15 - [TEST_STEP][PASSED] - click: Object: 'Object Repository/Final Object Repo/New Registration - Registration Module Pages/Form 2/Select Socso Employement Startdate Month' is clicked on

2018-12-10 18:36:16 - [MESSAGE][PASSED] - Object: 'Object Repository/Final Object Repo/New Registration - Registration Module Pages/Form 2/Select Socso Employement Startdate Month' is clicked on

2018-12-10 18:36:16 - [TEST_STEP][PASSED] - delay: Delayed 2 second(s)

2018-12-10 18:36:18 - [MESSAGE][PASSED] - Delayed 2 second(s)

2018-12-10 18:36:18 - [TEST_STEP][PASSED] - click: Object: 'Object Repository/Final Object Repo/New Registration - Registration Module Pages/Form 2/Socso Employment StartDate Year' is clicked on

2018-12-10 18:36:18 - [MESSAGE][PASSED] - Object: 'Object Repository/Final Object Repo/New Registration - Registration Module Pages/Form 2/Socso Employment StartDate Year' is clicked on

2018-12-10 18:36:18 - [TEST_STEP][PASSED] - click: Object: 'Object Repository/Final Object Repo/New Registration - Registration Module Pages/Form 2/Select Socso Employment Startdate Year' is clicked on

2018-12-10 18:36:18 - [MESSAGE][PASSED] - Object: 'Object Repository/Final Object Repo/New Registration - Registration Module Pages/Form 2/Select Socso Employment Startdate Year' is clicked on

2018-12-10 18:36:18 - [TEST_STEP][PASSED] - delay: Delayed 2 second(s)

2018-12-10 18:36:20 - [MESSAGE][PASSED] - Delayed 2 second(s)

2018-12-10 18:36:20 - [TEST_STEP][PASSED] - click: Object: 'Object Repository/Final Object Repo/New Registration - Registration Module Pages/Form 2/Socso Employment Start Date Day' is clicked on

2018-12-10 18:36:20 - [MESSAGE][PASSED] - Object: 'Object Repository/Final Object Repo/New Registration - Registration Module Pages/Form 2/Socso Employment Start Date Day' is clicked on

2018-12-10 18:36:20 - [TEST_STEP][PASSED] - delay: Delayed 2 second(s)

2018-12-10 18:36:22 - [MESSAGE][PASSED] - Delayed 2 second(s)

2018-12-10 18:36:22 - [TEST_STEP][PASSED] - click: Object: 'Object Repository/Final Object Repo/New Registration - Registration Module Pages/Form 2/Save Button for Add Employee' is clicked on

2018-12-10 18:36:22 - [MESSAGE][PASSED] - Object: 'Object Repository/Final Object Repo/New Registration - Registration Module Pages/Form 2/Save Button for Add Employee' is clicked on

2018-12-10 18:36:22 - [TEST_STEP][PASSED] - delay: Delayed 2 second(s)

2018-12-10 18:36:24 - [MESSAGE][PASSED] - Delayed 2 second(s)

2018-12-10 18:36:24 - [TEST_STEP][PASSED] - click: Object: 'Object Repository/Final Object Repo/New Registration - Registration Module Pages/Form 2/Save and Continue Form 2' is clicked on

2018-12-10 18:36:24 - [MESSAGE][PASSED] - Object: 'Object Repository/Final Object Repo/New Registration - Registration Module Pages/Form 2/Save and Continue Form 2' is clicked on

2018-12-10 18:36:24 - [MESSAGE][PASSED] - Call Test Case 'Test Cases/Final Aug 2018 - PKS Automation/Registration Module/New Registration/Form 2/Add 2 Not Eligible - No 3rd Screen' successfully

2018-12-10 18:36:24 - [TEST_STEP][PASSED] - callTestCase: Call Test Case 'Test Cases/Final Aug 2018 - PKS Automation/Registration Module/New Registration/Flow of New Registration/No Third Screen - Upload 2 Supporting Doc - Preview' successfully

2018-12-10 18:36:25 - [TEST_CASE][PASSED] - Test Cases/Final Aug 2018 - PKS Automation/Registration Module/New Registration/Flow of New Registration/No Third Screen - Upload 2 Supporting Doc - Preview: Test Cases/Final Aug 2018 - PKS Automation/Registration Module/New Registration/Flow of New Registration/No Third Screen - Upload 2 Supporting Doc - Preview

2018-12-10 18:36:25 - [TEST_STEP][PASSED] - delay: Delayed 4 second(s)

2018-12-10 18:36:29 - [MESSAGE][PASSED] - Delayed 4 second(s)

2018-12-10 18:36:29 - [TEST_STEP][PASSED] - click: Object: 'Object Repository/Final Object Repo/New Registration - Registration Module Pages/Third Screen - Upload Supporting Doc- Preview/Add Document Button' is clicked on

2018-12-10 18:36:29 - [MESSAGE][PASSED] - Object: 'Object Repository/Final Object Repo/New Registration - Registration Module Pages/Third Screen - Upload Supporting Doc- Preview/Add Document Button' is clicked on

2018-12-10 18:36:29 - [TEST_STEP][PASSED] - delay: Delayed 4 second(s)

2018-12-10 18:36:33 - [MESSAGE][PASSED] - Delayed 4 second(s)

2018-12-10 18:36:33 - [TEST_STEP][PASSED] - click: Object: 'Object Repository/Final Object Repo/New Registration - Registration Module Pages/Third Screen - Upload Supporting Doc- Preview/Supporting Doc Please Select Drop Down' is clicked on

2018-12-10 18:36:33 - [MESSAGE][PASSED] - Object: 'Object Repository/Final Object Repo/New Registration - Registration Module Pages/Third Screen - Upload Supporting Doc- Preview/Supporting Doc Please Select Drop Down' is clicked on

2018-12-10 18:36:33 - [TEST_STEP][PASSED] - delay: Delayed 2 second(s)

2018-12-10 18:36:35 - [MESSAGE][PASSED] - Delayed 2 second(s)

2018-12-10 18:36:35 - [TEST_STEP][PASSED] - click: Object: 'Object Repository/Final Object Repo/New Registration - Registration Module Pages/Third Screen - Upload Supporting Doc- Preview/Select to Upload Form 1' is clicked on

2018-12-10 18:36:35 - [MESSAGE][PASSED] - Object: 'Object Repository/Final Object Repo/New Registration - Registration Module Pages/Third Screen - Upload Supporting Doc- Preview/Select to Upload Form 1' is clicked on

2018-12-10 18:36:35 - [TEST_STEP][PASSED] - delay: Delayed 2 second(s)

2018-12-10 18:36:37 - [MESSAGE][PASSED] - Delayed 2 second(s)

2018-12-10 18:36:37 - [TEST_STEP][PASSED] - uploadFile: File 'C:\Users\Public\Pictures\Sample Pictures\Koala.jpg' sent to object: 'Object Repository/Final Object Repo/New Registration - Registration Module Pages/Third Screen - Upload Supporting Doc- Preview/Upload File Adding'

2018-12-10 18:36:37 - [MESSAGE][PASSED] - File 'C:\Users\Public\Pictures\Sample Pictures\Koala.jpg' sent to object: 'Object Repository/Final Object Repo/New Registration - Registration Module Pages/Third Screen - Upload Supporting Doc- Preview/Upload File Adding'

2018-12-10 18:36:37 - [TEST_STEP][PASSED] - delay: Delayed 5 second(s)

2018-12-10 18:36:42 - [MESSAGE][PASSED] - Delayed 5 second(s)

2018-12-10 18:36:42 - [TEST_STEP][PASSED] - click: Object: 'Object Repository/Final Object Repo/New Registration - Registration Module Pages/Third Screen - Upload Supporting Doc- Preview/Inner Form Add Document Button' is clicked on

2018-12-10 18:36:43 - [MESSAGE][PASSED] - Object: 'Object Repository/Final Object Repo/New Registration - Registration Module Pages/Third Screen - Upload Supporting Doc- Preview/Inner Form Add Document Button' is clicked on

2018-12-10 18:36:43 - [TEST_STEP][PASSED] - delay: Delayed 3 second(s)

2018-12-10 18:36:46 - [MESSAGE][PASSED] - Delayed 3 second(s)

2018-12-10 18:36:46 - [TEST_STEP][PASSED] - click: Object: 'Object Repository/Final Object Repo/New Registration - Registration Module Pages/Third Screen - Upload Supporting Doc- Preview/Add Document Button' is clicked on

2018-12-10 18:36:47 - [MESSAGE][PASSED] - Object: 'Object Repository/Final Object Repo/New Registration - Registration Module Pages/Third Screen - Upload Supporting Doc- Preview/Add Document Button' is clicked on

2018-12-10 18:36:47 - [TEST_STEP][PASSED] - delay: Delayed 4 second(s)

2018-12-10 18:36:51 - [MESSAGE][PASSED] - Delayed 4 second(s)

2018-12-10 18:36:51 - [TEST_STEP][PASSED] - click: Object: 'Object Repository/Final Object Repo/New Registration - Registration Module Pages/Third Screen - Upload Supporting Doc- Preview/Supporting Doc Please Select Drop Down' is clicked on

2018-12-10 18:36:51 - [MESSAGE][PASSED] - Object: 'Object Repository/Final Object Repo/New Registration - Registration Module Pages/Third Screen - Upload Supporting Doc- Preview/Supporting Doc Please Select Drop Down' is clicked on

2018-12-10 18:36:51 - [TEST_STEP][PASSED] - delay: Delayed 2 second(s)

2018-12-10 18:36:53 - [MESSAGE][PASSED] - Delayed 2 second(s)

2018-12-10 18:36:53 - [TEST_STEP][PASSED] - click: Object: 'Object Repository/Final Object Repo/New Registration - Registration Module Pages/Third Screen - Upload Supporting Doc- Preview/Select to Upload Form 2' is clicked on

2018-12-10 18:36:53 - [MESSAGE][PASSED] - Object: 'Object Repository/Final Object Repo/New Registration - Registration Module Pages/Third Screen - Upload Supporting Doc- Preview/Select to Upload Form 2' is clicked on

2018-12-10 18:36:53 - [TEST_STEP][PASSED] - delay: Delayed 2 second(s)

2018-12-10 18:36:55 - [MESSAGE][PASSED] - Delayed 2 second(s)

2018-12-10 18:36:55 - [TEST_STEP][PASSED] - uploadFile: File 'C:\Users\Public\Pictures\Sample Pictures\Koala.jpg' sent to object: 'Object Repository/Final Object Repo/New Registration - Registration Module Pages/Third Screen - Upload Supporting Doc- Preview/Upload File Adding'

2018-12-10 18:36:55 - [MESSAGE][PASSED] - File 'C:\Users\Public\Pictures\Sample Pictures\Koala.jpg' sent to object: 'Object Repository/Final Object Repo/New Registration - Registration Module Pages/Third Screen - Upload Supporting Doc- Preview/Upload File Adding'

2018-12-10 18:36:55 - [TEST_STEP][PASSED] - delay: Delayed 5 second(s)

2018-12-10 18:37:00 - [MESSAGE][PASSED] - Delayed 5 second(s)

2018-12-10 18:37:00 - [TEST_STEP][PASSED] - click: Object: 'Object Repository/Final Object Repo/New Registration - Registration Module Pages/Third Screen - Upload Supporting Doc- Preview/Inner Form Add Document Button' is clicked on

2018-12-10 18:37:00 - [MESSAGE][PASSED] - Object: 'Object Repository/Final Object Repo/New Registration - Registration Module Pages/Third Screen - Upload Supporting Doc- Preview/Inner Form Add Document Button' is clicked on

2018-12-10 18:37:00 - [TEST_STEP][PASSED] - delay: Delayed 3 second(s)

2018-12-10 18:37:03 - [MESSAGE][PASSED] - Delayed 3 second(s)

2018-12-10 18:37:03 - [TEST_STEP][PASSED] - click: Object: 'Object Repository/Final Object Repo/New Registration - Registration Module Pages/Third Screen - Upload Supporting Doc- Preview/Save n Continue in Uploading Supporting Doc Page' is clicked on

2018-12-10 18:37:04 - [MESSAGE][PASSED] - Object: 'Object Repository/Final Object Repo/New Registration - Registration Module Pages/Third Screen - Upload Supporting Doc- Preview/Save n Continue in Uploading Supporting Doc Page' is clicked on

2018-12-10 18:37:04 - [MESSAGE][PASSED] - Call Test Case 'Test Cases/Final Aug 2018 - PKS Automation/Registration Module/New Registration/Flow of New Registration/No Third Screen - Upload 2 Supporting Doc - Preview' successfully

2018-12-10 18:37:04 - [TEST_STEP][PASSED] - callTestCase: Call Test Case 'Test Cases/Final Aug 2018 - PKS Automation/Registration Module/New Registration/Submit and Screenshot/Submit Registration and Screenshot' successfully

2018-12-10 18:37:04 - [TEST_CASE][PASSED] - Test Cases/Final Aug 2018 - PKS Automation/Registration Module/New Registration/Submit and Screenshot/Submit Registration and Screenshot: Test Cases/Final Aug 2018 - PKS Automation/Registration Module/New Registration/Submit and Screenshot/Submit Registration and Screenshot

2018-12-10 18:37:04 - [TEST_STEP][PASSED] - delay: Delayed 6 second(s)

2018-12-10 18:37:10 - [MESSAGE][PASSED] - Delayed 6 second(s)

2018-12-10 18:37:10 - [TEST_STEP][PASSED] - click: Object: 'Object Repository/Final Object Repo/New Registration - Registration Module Pages/Third Screen - Upload Supporting Doc- Preview/Preview Submit Button' is clicked on

2018-12-10 18:37:11 - [MESSAGE][PASSED] - Object: 'Object Repository/Final Object Repo/New Registration - Registration Module Pages/Third Screen - Upload Supporting Doc- Preview/Preview Submit Button' is clicked on

2018-12-10 18:37:11 - [TEST_STEP][PASSED] - delay: Delayed 2 second(s)

2018-12-10 18:37:13 - [MESSAGE][PASSED] - Delayed 2 second(s)

2018-12-10 18:37:13 - [TEST_STEP][PASSED] - click: Object: 'Object Repository/Final Object Repo/New Registration - Registration Module Pages/Third Screen - Upload Supporting Doc- Preview/Preview Submit - Confirm' is clicked on

2018-12-10 18:37:13 - [MESSAGE][PASSED] - Object: 'Object Repository/Final Object Repo/New Registration - Registration Module Pages/Third Screen - Upload Supporting Doc- Preview/Preview Submit - Confirm' is clicked on

2018-12-10 18:37:13 - [TEST_STEP][PASSED] - delay: Delayed 15 second(s)

2018-12-10 18:37:28 - [MESSAGE][PASSED] - Delayed 15 second(s)

2018-12-10 18:37:28 - [TEST_STEP][PASSED] - Statement - driver = com.kms.katalon.core.webui.driver.DriverFactory.getWebDriver(): null

2018-12-10 18:37:28 - [TEST_STEP][PASSED] - Statement - driver.manage().timeouts().implicitlyWait(10, SECONDS): null

2018-12-10 18:37:28 - [TEST_STEP][PASSED] - Statement - PresavePath = KatalonScreenshots: null

2018-12-10 18:37:28 - [TEST_STEP][PASSED] - Statement - pathPrefix = "C:\Users\Public\Pictures\Sample Pictures\Katalon Screenshots\Automate Ending Screen": null

2018-12-10 18:37:28 - [TEST_STEP][PASSED] - Statement - finalPath = <not implemented yet for class: org.codehaus.groovy.ast.expr.EmptyExpression>: null

2018-12-10 18:37:28 - [TEST_STEP][PASSED] - Statement - scrFile = driver.getScreenshotAs(FILE): null

2018-12-10 18:37:28 - [TEST_STEP][PASSED] - Statement - PreSaveFile = new java.io.File(PresavePath): null

2018-12-10 18:37:28 - [TEST_STEP][PASSED] - Statement - counter = 0: null

2018-12-10 18:37:28 - [TEST_STEP][PASSED] - Statement - If (PreSaveFile.exists()): null

2018-12-10 18:37:28 - [TEST_STEP][PASSED] - Statement - While (PreSaveFile.exists()): null

2018-12-10 18:37:28 - [TEST_STEP][PASSED] - Statement - counter = counter + 1: null

2018-12-10 18:37:28 - [TEST_STEP][PASSED] - Statement - PreSaveFile = new java.io.File(((pathPrefix + java.lang.Integer.toString(counter)) + .png)): null

2018-12-10 18:37:28 - [TEST_STEP][PASSED] - Statement - counter = counter + 1: null

2018-12-10 18:37:28 - [TEST_STEP][PASSED] - Statement - PreSaveFile = new java.io.File(((pathPrefix + java.lang.Integer.toString(counter)) + .png)): null

2018-12-10 18:37:28 - [TEST_STEP][PASSED] - Statement - counter = counter + 1: null

2018-12-10 18:37:28 - [TEST_STEP][PASSED] - Statement - PreSaveFile = new java.io.File(((pathPrefix + java.lang.Integer.toString(counter)) + .png)): null

2018-12-10 18:37:28 - [TEST_STEP][PASSED] - Statement - counter = counter + 1: null

2018-12-10 18:37:28 - [TEST_STEP][PASSED] - Statement - PreSaveFile = new java.io.File(((pathPrefix + java.lang.Integer.toString(counter)) + .png)): null

2018-12-10 18:37:28 - [TEST_STEP][PASSED] - Statement - counter = counter + 1: null

2018-12-10 18:37:28 - [TEST_STEP][PASSED] - Statement - PreSaveFile = new java.io.File(((pathPrefix + java.lang.Integer.toString(counter)) + .png)): null

2018-12-10 18:37:28 - [TEST_STEP][PASSED] - Statement - counter = counter + 1: null

2018-12-10 18:37:28 - [TEST_STEP][PASSED] - Statement - PreSaveFile = new java.io.File(((pathPrefix + java.lang.Integer.toString(counter)) + .png)): null

2018-12-10 18:37:28 - [TEST_STEP][PASSED] - Statement - counter = counter + 1: null

2018-12-10 18:37:28 - [TEST_STEP][PASSED] - Statement - PreSaveFile = new java.io.File(((pathPrefix + java.lang.Integer.toString(counter)) + .png)): null

2018-12-10 18:37:28 - [TEST_STEP][PASSED] - Statement - counter = counter + 1: null

2018-12-10 18:37:28 - [TEST_STEP][PASSED] - Statement - PreSaveFile = new java.io.File(((pathPrefix + java.lang.Integer.toString(counter)) + .png)): null

2018-12-10 18:37:28 - [TEST_STEP][PASSED] - Statement - counter = counter + 1: null

2018-12-10 18:37:28 - [TEST_STEP][PASSED] - Statement - PreSaveFile = new java.io.File(((pathPrefix + java.lang.Integer.toString(counter)) + .png)): null

2018-12-10 18:37:28 - [TEST_STEP][PASSED] - Statement - counter = counter + 1: null

2018-12-10 18:37:28 - [TEST_STEP][PASSED] - Statement - PreSaveFile = new java.io.File(((pathPrefix + java.lang.Integer.toString(counter)) + .png)): null

2018-12-10 18:37:28 - [TEST_STEP][PASSED] - Statement - counter = counter + 1: null

2018-12-10 18:37:28 - [TEST_STEP][PASSED] - Statement - PreSaveFile = new java.io.File(((pathPrefix + java.lang.Integer.toString(counter)) + .png)): null

2018-12-10 18:37:28 - [TEST_STEP][PASSED] - Statement - counter = counter + 1: null

2018-12-10 18:37:28 - [TEST_STEP][PASSED] - Statement - PreSaveFile = new java.io.File(((pathPrefix + java.lang.Integer.toString(counter)) + .png)): null

2018-12-10 18:37:28 - [TEST_STEP][PASSED] - Statement - counter = counter + 1: null

2018-12-10 18:37:28 - [TEST_STEP][PASSED] - Statement - PreSaveFile = new java.io.File(((pathPrefix + java.lang.Integer.toString(counter)) + .png)): null

2018-12-10 18:37:28 - [TEST_STEP][PASSED] - Statement - counter = counter + 1: null

2018-12-10 18:37:28 - [TEST_STEP][PASSED] - Statement - PreSaveFile = new java.io.File(((pathPrefix + java.lang.Integer.toString(counter)) + .png)): null

2018-12-10 18:37:28 - [TEST_STEP][PASSED] - Statement - finalPath = pathPrefix + java.lang.Integer.toString(counter) + ".png": null

2018-12-10 18:37:28 - [TEST_STEP][PASSED] - Statement - SaveFile = new java.io.File(finalPath): null

2018-12-10 18:37:28 - [TEST_STEP][PASSED] - Statement - Try: null

2018-12-10 18:37:28 - [TEST_STEP][PASSED] - Statement - org.apache.commons.io.FileUtils.copyFile(scrFile, SaveFile): null

2018-12-10 18:37:28 - [TEST_STEP][PASSED] - Statement - out.println("file kept"): null

2018-12-10 18:37:28 - [TEST_STEP][PASSED] - delay: Delayed 10 second(s)

2018-12-10 18:37:38 - [MESSAGE][PASSED] - Delayed 10 second(s)

2018-12-10 18:37:38 - [MESSAGE][PASSED] - Call Test Case 'Test Cases/Final Aug 2018 - PKS Automation/Registration Module/New Registration/Submit and Screenshot/Submit Registration and Screenshot' successfully]]></system-out>
         <system-err><![CDATA[]]></system-err>
      </testcase>
      <testcase name="Test Cases/Final Aug 2018 - PKS Automation/Registration Module/Critical Path/New Registration/Register ASSIST Only/Other - Federal Statutory Body" classname="Test Cases/Final Aug 2018 - PKS Automation/Registration Module/Critical Path/New Registration/Register ASSIST Only/Other - Federal Statutory Body" status="PASSED">
         <system-out><![CDATA[2018-12-10 18:37:38 - [TEST_CASE][PASSED] - Test Cases/Final Aug 2018 - PKS Automation/Registration Module/Critical Path/New Registration/Register ASSIST Only/Other - Federal Statutory Body: Test Cases/Final Aug 2018 - PKS Automation/Registration Module/Critical Path/New Registration/Register ASSIST Only/Other - Federal Statutory Body

2018-12-10 18:37:38 - [TEST_STEP][PASSED] - callTestCase: Call Test Case 'Test Cases/Final Aug 2018 - PKS Automation/Registration Module/New Registration/Form 1/Form 1 - Other - Federal Statutory Body' successfully

2018-12-10 18:37:38 - [TEST_CASE][PASSED] - Test Cases/Final Aug 2018 - PKS Automation/Registration Module/New Registration/Form 1/Form 1 - Other - Federal Statutory Body: Test Cases/Final Aug 2018 - PKS Automation/Registration Module/New Registration/Form 1/Form 1 - Other - Federal Statutory Body

2018-12-10 18:37:39 - [TEST_STEP][PASSED] - openBrowser: Browser is opened with url: ''

2018-12-10 18:37:39 - [MESSAGE][WARNING] - A browser is already opened. Closing browser and opening a new one

2018-12-10 18:37:42 - [MESSAGE][PASSED] - Browser is opened with url: ''

2018-12-10 18:37:42 - [TEST_STEP][PASSED] - navigateToUrl: Navigate to 'https://assist2-uat.perkeso.gov.my/login' successfully

2018-12-10 18:37:43 - [MESSAGE][PASSED] - Navigate to 'https://assist2-uat.perkeso.gov.my/login' successfully

2018-12-10 18:37:43 - [TEST_STEP][PASSED] - setText: Text 'klotc3@gmail.com' is set on object 'Object Repository/Final Object Repo/Login Page/Internal User/Email Address'

2018-12-10 18:37:43 - [MESSAGE][PASSED] - Text 'klotc3@gmail.com' is set on object 'Object Repository/Final Object Repo/Login Page/Internal User/Email Address'

2018-12-10 18:37:43 - [TEST_STEP][PASSED] - click: Object: 'Object Repository/Final Object Repo/Login Page/Internal User/Next Button' is clicked on

2018-12-10 18:37:43 - [MESSAGE][PASSED] - Object: 'Object Repository/Final Object Repo/Login Page/Internal User/Next Button' is clicked on

2018-12-10 18:37:43 - [TEST_STEP][PASSED] - delay: Delayed 1 second(s)

2018-12-10 18:37:44 - [MESSAGE][PASSED] - Delayed 1 second(s)

2018-12-10 18:37:44 - [TEST_STEP][PASSED] - setEncryptedText: Text ****** has been set on object 'Object Repository/Final Object Repo/Login Page/Internal User/Password'

2018-12-10 18:37:44 - [MESSAGE][PASSED] - Text ****** has been set on object 'Object Repository/Final Object Repo/Login Page/Internal User/Password'

2018-12-10 18:37:44 - [TEST_STEP][PASSED] - click: Object: 'Object Repository/Final Object Repo/Login Page/Internal User/Login Button' is clicked on

2018-12-10 18:37:45 - [MESSAGE][PASSED] - Object: 'Object Repository/Final Object Repo/Login Page/Internal User/Login Button' is clicked on

2018-12-10 18:37:45 - [TEST_STEP][PASSED] - delay: Delayed 1 second(s)

2018-12-10 18:37:46 - [MESSAGE][PASSED] - Delayed 1 second(s)

2018-12-10 18:37:46 - [TEST_STEP][PASSED] - Statement - Try: Delayed 2 second(s)

2018-12-10 18:37:46 - [TEST_STEP][PASSED] - Statement - Checker = false: null

2018-12-10 18:37:46 - [TEST_STEP][PASSED] - Statement - Checker = com.kms.katalon.core.webui.keyword.WebUiBuiltInKeywords.verifyElementHasAttribute(com.kms.katalon.core.testobject.ObjectRepository.findTestObject(Final Object Repo/Landing Page/BM Detecting), "href", 20, OPTIONAL): Object 'Object Repository/Final Object Repo/Landing Page/BM Detecting' has attribute 'href'

2018-12-10 18:37:46 - [MESSAGE][PASSED] - Object 'Object Repository/Final Object Repo/Landing Page/BM Detecting' has attribute 'href'

2018-12-10 18:37:46 - [TEST_STEP][PASSED] - Statement - out.println(Checker): null

2018-12-10 18:37:46 - [TEST_STEP][PASSED] - Statement - If (Checker == false): null

2018-12-10 18:37:46 - [TEST_STEP][PASSED] - Statement - Else: null

2018-12-10 18:37:46 - [TEST_STEP][PASSED] - delay: Delayed 2 second(s)

2018-12-10 18:37:48 - [MESSAGE][PASSED] - Delayed 2 second(s)

2018-12-10 18:37:48 - [TEST_STEP][PASSED] - navigateToUrl: Navigate to 'https://assist2-uat.perkeso.gov.my/web/registration/registration' successfully

2018-12-10 18:37:50 - [MESSAGE][PASSED] - Navigate to 'https://assist2-uat.perkeso.gov.my/web/registration/registration' successfully

2018-12-10 18:37:50 - [TEST_STEP][PASSED] - click: Object: 'Object Repository/Final Object Repo/New Registration - Registration Module Pages/Form 1/AEC - No' is clicked on

2018-12-10 18:37:50 - [MESSAGE][PASSED] - Object: 'Object Repository/Final Object Repo/New Registration - Registration Module Pages/Form 1/AEC - No' is clicked on

2018-12-10 18:37:50 - [TEST_STEP][PASSED] - click: Object: 'Object Repository/Final Object Repo/New Registration - Registration Module Pages/Form 1/Business Entity' is clicked on

2018-12-10 18:37:50 - [MESSAGE][PASSED] - Object: 'Object Repository/Final Object Repo/New Registration - Registration Module Pages/Form 1/Business Entity' is clicked on

2018-12-10 18:37:50 - [TEST_STEP][PASSED] - click: Object: 'Object Repository/Final Object Repo/New Registration - Registration Module Pages/Form 1/Business Entity - Other' is clicked on

2018-12-10 18:37:50 - [MESSAGE][PASSED] - Object: 'Object Repository/Final Object Repo/New Registration - Registration Module Pages/Form 1/Business Entity - Other' is clicked on

2018-12-10 18:37:50 - [TEST_STEP][PASSED] - delay: Delayed 1 second(s)

2018-12-10 18:37:51 - [MESSAGE][PASSED] - Delayed 1 second(s)

2018-12-10 18:37:51 - [TEST_STEP][PASSED] - click: Object: 'Object Repository/Final Object Repo/New Registration - Registration Module Pages/Form 1/Sub Business Entity' is clicked on

2018-12-10 18:37:51 - [MESSAGE][PASSED] - Object: 'Object Repository/Final Object Repo/New Registration - Registration Module Pages/Form 1/Sub Business Entity' is clicked on

2018-12-10 18:37:51 - [TEST_STEP][PASSED] - click: Object: 'Object Repository/Final Object Repo/New Registration - Registration Module Pages/Form 1/Sub Business Entity - Other/Sub Business Entity  - Federal Statutory Body' is clicked on

2018-12-10 18:37:52 - [MESSAGE][PASSED] - Object: 'Object Repository/Final Object Repo/New Registration - Registration Module Pages/Form 1/Sub Business Entity - Other/Sub Business Entity  - Federal Statutory Body' is clicked on

2018-12-10 18:37:52 - [TEST_STEP][PASSED] - delay: Delayed 1 second(s)

2018-12-10 18:37:53 - [MESSAGE][PASSED] - Delayed 1 second(s)

2018-12-10 18:37:53 - [TEST_STEP][PASSED] - click: Object: 'Object Repository/Final Object Repo/New Registration - Registration Module Pages/Form 1/Sub Business Entity List' is clicked on

2018-12-10 18:37:53 - [MESSAGE][PASSED] - Object: 'Object Repository/Final Object Repo/New Registration - Registration Module Pages/Form 1/Sub Business Entity List' is clicked on

2018-12-10 18:37:53 - [TEST_STEP][PASSED] - click: Object: 'Object Repository/Final Object Repo/New Registration - Registration Module Pages/Form 1/Sub Business Entity List - Other/Sub Business Entity List - Others - Federal Statutory Body - Kementerian pelajaran' is clicked on

2018-12-10 18:37:53 - [MESSAGE][PASSED] - Object: 'Object Repository/Final Object Repo/New Registration - Registration Module Pages/Form 1/Sub Business Entity List - Other/Sub Business Entity List - Others - Federal Statutory Body - Kementerian pelajaran' is clicked on

2018-12-10 18:37:53 - [TEST_STEP][PASSED] - delay: Delayed 1 second(s)

2018-12-10 18:37:54 - [MESSAGE][PASSED] - Delayed 1 second(s)

2018-12-10 18:37:54 - [TEST_STEP][NOT_RUN] - setText: NOT_RUN: setText

2018-12-10 18:37:54 - [MESSAGE][NOT_RUN] - NOT_RUN: setText

2018-12-10 18:37:54 - [TEST_STEP][NOT_RUN] - click: NOT_RUN: click

2018-12-10 18:37:54 - [MESSAGE][NOT_RUN] - NOT_RUN: click

2018-12-10 18:37:54 - [TEST_STEP][PASSED] - click: Object: 'Object Repository/Final Object Repo/New Registration - Registration Module Pages/Form 1/Registered As a Branch - Yes' is clicked on

2018-12-10 18:37:54 - [MESSAGE][PASSED] - Object: 'Object Repository/Final Object Repo/New Registration - Registration Module Pages/Form 1/Registered As a Branch - Yes' is clicked on

2018-12-10 18:37:54 - [TEST_STEP][PASSED] - verifyElementPresent: Object 'Object Repository/Final Object Repo/New Registration - Registration Module Pages/Form 1/Acknowledgement Disabled' is present

2018-12-10 18:37:54 - [MESSAGE][WARNING] - Timeout '0' is invalid. Using default page load timeout: '30'

2018-12-10 18:37:54 - [MESSAGE][PASSED] - Object 'Object Repository/Final Object Repo/New Registration - Registration Module Pages/Form 1/Acknowledgement Disabled' is present

2018-12-10 18:37:54 - [TEST_STEP][NOT_RUN] - verifyElementNotClickable: NOT_RUN: verifyElementNotClickable

2018-12-10 18:37:54 - [MESSAGE][NOT_RUN] - NOT_RUN: verifyElementNotClickable

2018-12-10 18:37:54 - [TEST_STEP][PASSED] - click: Object: 'Object Repository/Final Object Repo/New Registration - Registration Module Pages/Form 1/Industry Name Selection' is clicked on

2018-12-10 18:37:54 - [MESSAGE][PASSED] - Object: 'Object Repository/Final Object Repo/New Registration - Registration Module Pages/Form 1/Industry Name Selection' is clicked on

2018-12-10 18:37:54 - [TEST_STEP][PASSED] - click: Object: 'Object Repository/Final Object Repo/New Registration - Registration Module Pages/Form 1/Industry Name List - Other/Others - Federal Statutory Body - Kementerian pelajaran - UNIVERSITI' is clicked on

2018-12-10 18:37:55 - [MESSAGE][PASSED] - Object: 'Object Repository/Final Object Repo/New Registration - Registration Module Pages/Form 1/Industry Name List - Other/Others - Federal Statutory Body - Kementerian pelajaran - UNIVERSITI' is clicked on

2018-12-10 18:37:55 - [TEST_STEP][PASSED] - setText: Text 'perkeso1' is set on object 'Object Repository/Final Object Repo/New Registration - Registration Module Pages/Form 1/Postal Address1'

2018-12-10 18:37:55 - [MESSAGE][PASSED] - Text 'perkeso1' is set on object 'Object Repository/Final Object Repo/New Registration - Registration Module Pages/Form 1/Postal Address1'

2018-12-10 18:37:55 - [TEST_STEP][PASSED] - setText: Text 'perkeso2' is set on object 'Object Repository/Final Object Repo/New Registration - Registration Module Pages/Form 1/Postal Address2'

2018-12-10 18:37:55 - [MESSAGE][PASSED] - Text 'perkeso2' is set on object 'Object Repository/Final Object Repo/New Registration - Registration Module Pages/Form 1/Postal Address2'

2018-12-10 18:37:55 - [TEST_STEP][PASSED] - setText: Text 'perkeso3' is set on object 'Object Repository/Final Object Repo/New Registration - Registration Module Pages/Form 1/Postal Address3'

2018-12-10 18:37:56 - [MESSAGE][PASSED] - Text 'perkeso3' is set on object 'Object Repository/Final Object Repo/New Registration - Registration Module Pages/Form 1/Postal Address3'

2018-12-10 18:37:56 - [TEST_STEP][PASSED] - click: Object: 'Object Repository/Final Object Repo/New Registration - Registration Module Pages/Form 1/State' is clicked on

2018-12-10 18:37:56 - [MESSAGE][PASSED] - Object: 'Object Repository/Final Object Repo/New Registration - Registration Module Pages/Form 1/State' is clicked on

2018-12-10 18:37:56 - [TEST_STEP][PASSED] - click: Object: 'Object Repository/Final Object Repo/New Registration - Registration Module Pages/Form 1/State - Johor' is clicked on

2018-12-10 18:37:56 - [MESSAGE][PASSED] - Object: 'Object Repository/Final Object Repo/New Registration - Registration Module Pages/Form 1/State - Johor' is clicked on

2018-12-10 18:37:56 - [TEST_STEP][PASSED] - delay: Delayed 1 second(s)

2018-12-10 18:37:57 - [MESSAGE][PASSED] - Delayed 1 second(s)

2018-12-10 18:37:57 - [TEST_STEP][PASSED] - click: Object: 'Object Repository/Final Object Repo/New Registration - Registration Module Pages/Form 1/City' is clicked on

2018-12-10 18:37:57 - [MESSAGE][PASSED] - Object: 'Object Repository/Final Object Repo/New Registration - Registration Module Pages/Form 1/City' is clicked on

2018-12-10 18:37:57 - [TEST_STEP][PASSED] - setText: Text 'joh' is set on object 'Object Repository/Final Object Repo/New Registration - Registration Module Pages/Form 1/Postcode - 810'

2018-12-10 18:37:57 - [MESSAGE][PASSED] - Text 'joh' is set on object 'Object Repository/Final Object Repo/New Registration - Registration Module Pages/Form 1/Postcode - 810'

2018-12-10 18:37:57 - [TEST_STEP][PASSED] - delay: Delayed 1 second(s)

2018-12-10 18:37:58 - [MESSAGE][PASSED] - Delayed 1 second(s)

2018-12-10 18:37:58 - [TEST_STEP][PASSED] - click: Object: 'Object Repository/Final Object Repo/New Registration - Registration Module Pages/Form 1/City - Johor Bharu' is clicked on

2018-12-10 18:37:59 - [MESSAGE][PASSED] - Object: 'Object Repository/Final Object Repo/New Registration - Registration Module Pages/Form 1/City - Johor Bharu' is clicked on

2018-12-10 18:37:59 - [TEST_STEP][PASSED] - delay: Delayed 1 second(s)

2018-12-10 18:38:00 - [MESSAGE][PASSED] - Delayed 1 second(s)

2018-12-10 18:38:00 - [TEST_STEP][PASSED] - click: Object: 'Object Repository/Final Object Repo/New Registration - Registration Module Pages/Form 1/Postcode' is clicked on

2018-12-10 18:38:00 - [MESSAGE][PASSED] - Object: 'Object Repository/Final Object Repo/New Registration - Registration Module Pages/Form 1/Postcode' is clicked on

2018-12-10 18:38:00 - [TEST_STEP][PASSED] - delay: Delayed 1 second(s)

2018-12-10 18:38:01 - [MESSAGE][PASSED] - Delayed 1 second(s)

2018-12-10 18:38:01 - [TEST_STEP][PASSED] - setText: Text '810' is set on object 'Object Repository/Final Object Repo/New Registration - Registration Module Pages/Form 1/Postcode - 810'

2018-12-10 18:38:01 - [MESSAGE][PASSED] - Text '810' is set on object 'Object Repository/Final Object Repo/New Registration - Registration Module Pages/Form 1/Postcode - 810'

2018-12-10 18:38:01 - [TEST_STEP][PASSED] - delay: Delayed 1 second(s)

2018-12-10 18:38:02 - [MESSAGE][PASSED] - Delayed 1 second(s)

2018-12-10 18:38:02 - [TEST_STEP][PASSED] - click: Object: 'Object Repository/Final Object Repo/New Registration - Registration Module Pages/Form 1/Postcode - 81000' is clicked on

2018-12-10 18:38:02 - [MESSAGE][PASSED] - Object: 'Object Repository/Final Object Repo/New Registration - Registration Module Pages/Form 1/Postcode - 81000' is clicked on

2018-12-10 18:38:02 - [TEST_STEP][PASSED] - delay: Delayed 1 second(s)

2018-12-10 18:38:03 - [MESSAGE][PASSED] - Delayed 1 second(s)

2018-12-10 18:38:03 - [TEST_STEP][PASSED] - setText: Text '100' is set on object 'Object Repository/Final Object Repo/New Registration - Registration Module Pages/Form 1/P.O.BOX'

2018-12-10 18:38:04 - [MESSAGE][PASSED] - Text '100' is set on object 'Object Repository/Final Object Repo/New Registration - Registration Module Pages/Form 1/P.O.BOX'

2018-12-10 18:38:04 - [TEST_STEP][PASSED] - setText: Text '100' is set on object 'Object Repository/Final Object Repo/New Registration - Registration Module Pages/Form 1/Locked Bag No'

2018-12-10 18:38:04 - [MESSAGE][PASSED] - Text '100' is set on object 'Object Repository/Final Object Repo/New Registration - Registration Module Pages/Form 1/Locked Bag No'

2018-12-10 18:38:04 - [TEST_STEP][PASSED] - click: Object: 'Object Repository/Final Object Repo/New Registration - Registration Module Pages/Form 1/SOCSO Office Location' is clicked on

2018-12-10 18:38:04 - [MESSAGE][PASSED] - Object: 'Object Repository/Final Object Repo/New Registration - Registration Module Pages/Form 1/SOCSO Office Location' is clicked on

2018-12-10 18:38:04 - [TEST_STEP][PASSED] - click: Object: 'Object Repository/Final Object Repo/New Registration - Registration Module Pages/Form 1/SOCSO Office Location - Pejabat PERKESO Negeri Johor' is clicked on

2018-12-10 18:38:04 - [MESSAGE][PASSED] - Object: 'Object Repository/Final Object Repo/New Registration - Registration Module Pages/Form 1/SOCSO Office Location - Pejabat PERKESO Negeri Johor' is clicked on

2018-12-10 18:38:04 - [TEST_STEP][PASSED] - delay: Delayed 1 second(s)

2018-12-10 18:38:05 - [MESSAGE][PASSED] - Delayed 1 second(s)

2018-12-10 18:38:05 - [TEST_STEP][PASSED] - check: Object 'Object Repository/Final Object Repo/New Registration - Registration Module Pages/Form 1/Indusrty Address Same As Postal Address' is checked

2018-12-10 18:38:06 - [MESSAGE][PASSED] - Object 'Object Repository/Final Object Repo/New Registration - Registration Module Pages/Form 1/Indusrty Address Same As Postal Address' is checked

2018-12-10 18:38:06 - [TEST_STEP][PASSED] - delay: Delayed 3 second(s)

2018-12-10 18:38:09 - [MESSAGE][PASSED] - Delayed 3 second(s)

2018-12-10 18:38:09 - [TEST_STEP][PASSED] - click: Object: 'Object Repository/Final Object Repo/New Registration - Registration Module Pages/Form 1/Indusry Address Same As Postal Address False' is clicked on

2018-12-10 18:38:09 - [MESSAGE][PASSED] - Object: 'Object Repository/Final Object Repo/New Registration - Registration Module Pages/Form 1/Indusry Address Same As Postal Address False' is clicked on

2018-12-10 18:38:09 - [TEST_STEP][PASSED] - delay: Delayed 1 second(s)

2018-12-10 18:38:10 - [MESSAGE][PASSED] - Delayed 1 second(s)

2018-12-10 18:38:10 - [TEST_STEP][PASSED] - setText: Text 'perkeso1' is set on object 'Object Repository/Final Object Repo/New Registration - Registration Module Pages/Form 1/Industry Address1'

2018-12-10 18:38:10 - [MESSAGE][PASSED] - Text 'perkeso1' is set on object 'Object Repository/Final Object Repo/New Registration - Registration Module Pages/Form 1/Industry Address1'

2018-12-10 18:38:10 - [TEST_STEP][PASSED] - setText: Text 'perkeso2' is set on object 'Object Repository/Final Object Repo/New Registration - Registration Module Pages/Form 1/Industry Address2'

2018-12-10 18:38:10 - [MESSAGE][PASSED] - Text 'perkeso2' is set on object 'Object Repository/Final Object Repo/New Registration - Registration Module Pages/Form 1/Industry Address2'

2018-12-10 18:38:10 - [TEST_STEP][PASSED] - setText: Text 'perkeso3' is set on object 'Object Repository/Final Object Repo/New Registration - Registration Module Pages/Form 1/Industry Address3'

2018-12-10 18:38:11 - [MESSAGE][PASSED] - Text 'perkeso3' is set on object 'Object Repository/Final Object Repo/New Registration - Registration Module Pages/Form 1/Industry Address3'

2018-12-10 18:38:11 - [TEST_STEP][PASSED] - click: Object: 'Object Repository/Final Object Repo/New Registration - Registration Module Pages/Form 1/Industry State' is clicked on

2018-12-10 18:38:11 - [MESSAGE][PASSED] - Object: 'Object Repository/Final Object Repo/New Registration - Registration Module Pages/Form 1/Industry State' is clicked on

2018-12-10 18:38:11 - [TEST_STEP][PASSED] - delay: Delayed 2 second(s)

2018-12-10 18:38:13 - [MESSAGE][PASSED] - Delayed 2 second(s)

2018-12-10 18:38:13 - [TEST_STEP][PASSED] - click: Object: 'Object Repository/Final Object Repo/New Registration - Registration Module Pages/Form 1/Industry State - Johor' is clicked on

2018-12-10 18:38:13 - [MESSAGE][PASSED] - Object: 'Object Repository/Final Object Repo/New Registration - Registration Module Pages/Form 1/Industry State - Johor' is clicked on

2018-12-10 18:38:13 - [TEST_STEP][PASSED] - delay: Delayed 2 second(s)

2018-12-10 18:38:15 - [MESSAGE][PASSED] - Delayed 2 second(s)

2018-12-10 18:38:15 - [TEST_STEP][PASSED] - click: Object: 'Object Repository/Final Object Repo/New Registration - Registration Module Pages/Form 1/Industry Ciry' is clicked on

2018-12-10 18:38:15 - [MESSAGE][PASSED] - Object: 'Object Repository/Final Object Repo/New Registration - Registration Module Pages/Form 1/Industry Ciry' is clicked on

2018-12-10 18:38:15 - [TEST_STEP][PASSED] - setText: Text 'joh' is set on object 'Object Repository/Final Object Repo/New Registration - Registration Module Pages/Form 1/Industry Ciry - joh'

2018-12-10 18:38:16 - [MESSAGE][PASSED] - Text 'joh' is set on object 'Object Repository/Final Object Repo/New Registration - Registration Module Pages/Form 1/Industry Ciry - joh'

2018-12-10 18:38:16 - [TEST_STEP][PASSED] - delay: Delayed 2 second(s)

2018-12-10 18:38:18 - [MESSAGE][PASSED] - Delayed 2 second(s)

2018-12-10 18:38:18 - [TEST_STEP][PASSED] - click: Object: 'Object Repository/Final Object Repo/New Registration - Registration Module Pages/Form 1/Industy State - Johor Bharu' is clicked on

2018-12-10 18:38:18 - [MESSAGE][PASSED] - Object: 'Object Repository/Final Object Repo/New Registration - Registration Module Pages/Form 1/Industy State - Johor Bharu' is clicked on

2018-12-10 18:38:18 - [TEST_STEP][PASSED] - delay: Delayed 1 second(s)

2018-12-10 18:38:19 - [MESSAGE][PASSED] - Delayed 1 second(s)

2018-12-10 18:38:19 - [TEST_STEP][PASSED] - click: Object: 'Object Repository/Final Object Repo/New Registration - Registration Module Pages/Form 1/Indusry PostCode' is clicked on

2018-12-10 18:38:19 - [MESSAGE][PASSED] - Object: 'Object Repository/Final Object Repo/New Registration - Registration Module Pages/Form 1/Indusry PostCode' is clicked on

2018-12-10 18:38:19 - [TEST_STEP][PASSED] - delay: Delayed 1 second(s)

2018-12-10 18:38:20 - [MESSAGE][PASSED] - Delayed 1 second(s)

2018-12-10 18:38:20 - [TEST_STEP][PASSED] - setText: Text '810' is set on object 'Object Repository/Final Object Repo/New Registration - Registration Module Pages/Form 1/Insutry Post Code - 810'

2018-12-10 18:38:20 - [MESSAGE][PASSED] - Text '810' is set on object 'Object Repository/Final Object Repo/New Registration - Registration Module Pages/Form 1/Insutry Post Code - 810'

2018-12-10 18:38:20 - [TEST_STEP][PASSED] - delay: Delayed 1 second(s)

2018-12-10 18:38:21 - [MESSAGE][PASSED] - Delayed 1 second(s)

2018-12-10 18:38:21 - [TEST_STEP][PASSED] - click: Object: 'Object Repository/Final Object Repo/New Registration - Registration Module Pages/Form 1/Insutry Post Code - 81000' is clicked on

2018-12-10 18:38:21 - [MESSAGE][PASSED] - Object: 'Object Repository/Final Object Repo/New Registration - Registration Module Pages/Form 1/Insutry Post Code - 81000' is clicked on

2018-12-10 18:38:21 - [TEST_STEP][PASSED] - delay: Delayed 1 second(s)

2018-12-10 18:38:22 - [MESSAGE][PASSED] - Delayed 1 second(s)

2018-12-10 18:38:22 - [TEST_STEP][PASSED] - setText: Text '100' is set on object 'Object Repository/Final Object Repo/New Registration - Registration Module Pages/Form 1/Industry P.O.BOX'

2018-12-10 18:38:23 - [MESSAGE][PASSED] - Text '100' is set on object 'Object Repository/Final Object Repo/New Registration - Registration Module Pages/Form 1/Industry P.O.BOX'

2018-12-10 18:38:23 - [TEST_STEP][PASSED] - setText: Text '100' is set on object 'Object Repository/Final Object Repo/New Registration - Registration Module Pages/Form 1/Industry Locked Bag No'

2018-12-10 18:38:23 - [MESSAGE][PASSED] - Text '100' is set on object 'Object Repository/Final Object Repo/New Registration - Registration Module Pages/Form 1/Industry Locked Bag No'

2018-12-10 18:38:23 - [TEST_STEP][PASSED] - setText: Text '123456789' is set on object 'Object Repository/Final Object Repo/New Registration - Registration Module Pages/Form 1/Telephone No'

2018-12-10 18:38:23 - [MESSAGE][PASSED] - Text '123456789' is set on object 'Object Repository/Final Object Repo/New Registration - Registration Module Pages/Form 1/Telephone No'

2018-12-10 18:38:23 - [TEST_STEP][PASSED] - setText: Text '123456789' is set on object 'Object Repository/Final Object Repo/New Registration - Registration Module Pages/Form 1/Mobile No'

2018-12-10 18:38:24 - [MESSAGE][PASSED] - Text '123456789' is set on object 'Object Repository/Final Object Repo/New Registration - Registration Module Pages/Form 1/Mobile No'

2018-12-10 18:38:24 - [TEST_STEP][PASSED] - setText: Text '123456789' is set on object 'Object Repository/Final Object Repo/New Registration - Registration Module Pages/Form 1/Fax No'

2018-12-10 18:38:24 - [MESSAGE][PASSED] - Text '123456789' is set on object 'Object Repository/Final Object Repo/New Registration - Registration Module Pages/Form 1/Fax No'

2018-12-10 18:38:24 - [TEST_STEP][PASSED] - click: Object: 'Object Repository/Final Object Repo/New Registration - Registration Module Pages/Form 1/Industry Code' is clicked on

2018-12-10 18:38:24 - [MESSAGE][PASSED] - Object: 'Object Repository/Final Object Repo/New Registration - Registration Module Pages/Form 1/Industry Code' is clicked on

2018-12-10 18:38:24 - [TEST_STEP][PASSED] - click: Object: 'Object Repository/Final Object Repo/New Registration - Registration Module Pages/Form 1/Indudustry Code - Crops and Animal' is clicked on

2018-12-10 18:38:25 - [MESSAGE][PASSED] - Object: 'Object Repository/Final Object Repo/New Registration - Registration Module Pages/Form 1/Indudustry Code - Crops and Animal' is clicked on

2018-12-10 18:38:25 - [TEST_STEP][PASSED] - delay: Delayed 1 second(s)

2018-12-10 18:38:26 - [MESSAGE][PASSED] - Delayed 1 second(s)

2018-12-10 18:38:26 - [TEST_STEP][PASSED] - click: Object: 'Object Repository/Final Object Repo/New Registration - Registration Module Pages/Form 1/Sub Industry Code List' is clicked on

2018-12-10 18:38:26 - [MESSAGE][PASSED] - Object: 'Object Repository/Final Object Repo/New Registration - Registration Module Pages/Form 1/Sub Industry Code List' is clicked on

2018-12-10 18:38:26 - [TEST_STEP][PASSED] - click: Object: 'Object Repository/Final Object Repo/New Registration - Registration Module Pages/Form 1/Sub Industry Code List - Growing of Maize' is clicked on

2018-12-10 18:38:26 - [MESSAGE][PASSED] - Object: 'Object Repository/Final Object Repo/New Registration - Registration Module Pages/Form 1/Sub Industry Code List - Growing of Maize' is clicked on

2018-12-10 18:38:26 - [TEST_STEP][PASSED] - setText: Text 'perkeso123@gmail.com' is set on object 'Object Repository/Final Object Repo/New Registration - Registration Module Pages/Form 1/Email'

2018-12-10 18:38:27 - [MESSAGE][PASSED] - Text 'perkeso123@gmail.com' is set on object 'Object Repository/Final Object Repo/New Registration - Registration Module Pages/Form 1/Email'

2018-12-10 18:38:27 - [TEST_STEP][PASSED] - click: Object: 'Object Repository/Final Object Repo/New Registration - Registration Module Pages/Form 1/Method of Contribution Payment' is clicked on

2018-12-10 18:38:27 - [MESSAGE][PASSED] - Object: 'Object Repository/Final Object Repo/New Registration - Registration Module Pages/Form 1/Method of Contribution Payment' is clicked on

2018-12-10 18:38:27 - [TEST_STEP][PASSED] - click: Object: 'Object Repository/Final Object Repo/New Registration - Registration Module Pages/Form 1/Method of Contribution Payment - Portal' is clicked on

2018-12-10 18:38:27 - [MESSAGE][PASSED] - Object: 'Object Repository/Final Object Repo/New Registration - Registration Module Pages/Form 1/Method of Contribution Payment - Portal' is clicked on

2018-12-10 18:38:27 - [TEST_STEP][PASSED] - click: Object: 'Object Repository/Final Object Repo/New Registration - Registration Module Pages/Form 1/Servide Type' is clicked on

2018-12-10 18:38:27 - [MESSAGE][PASSED] - Object: 'Object Repository/Final Object Repo/New Registration - Registration Module Pages/Form 1/Servide Type' is clicked on

2018-12-10 18:38:27 - [TEST_STEP][PASSED] - click: Object: 'Object Repository/Final Object Repo/New Registration - Registration Module Pages/Form 1/Servide Type - Professional Bodies' is clicked on

2018-12-10 18:38:27 - [MESSAGE][PASSED] - Object: 'Object Repository/Final Object Repo/New Registration - Registration Module Pages/Form 1/Servide Type - Professional Bodies' is clicked on

2018-12-10 18:38:27 - [TEST_STEP][PASSED] - click: Object: 'Object Repository/Final Object Repo/New Registration - Registration Module Pages/Form 1/Industry Venue' is clicked on

2018-12-10 18:38:28 - [MESSAGE][PASSED] - Object: 'Object Repository/Final Object Repo/New Registration - Registration Module Pages/Form 1/Industry Venue' is clicked on

2018-12-10 18:38:28 - [TEST_STEP][PASSED] - click: Object: 'Object Repository/Final Object Repo/New Registration - Registration Module Pages/Form 1/Industry Venue -  PPN JOHOR' is clicked on

2018-12-10 18:38:28 - [MESSAGE][PASSED] - Object: 'Object Repository/Final Object Repo/New Registration - Registration Module Pages/Form 1/Industry Venue -  PPN JOHOR' is clicked on

2018-12-10 18:38:28 - [TEST_STEP][PASSED] - click: Object: 'Object Repository/Final Object Repo/New Registration - Registration Module Pages/Form 1/Save  Continue' is clicked on

2018-12-10 18:38:28 - [MESSAGE][PASSED] - Object: 'Object Repository/Final Object Repo/New Registration - Registration Module Pages/Form 1/Save  Continue' is clicked on

2018-12-10 18:38:28 - [MESSAGE][PASSED] - Call Test Case 'Test Cases/Final Aug 2018 - PKS Automation/Registration Module/New Registration/Form 1/Form 1 - Other - Federal Statutory Body' successfully

2018-12-10 18:38:28 - [TEST_STEP][PASSED] - callTestCase: Call Test Case 'Test Cases/Final Aug 2018 - PKS Automation/Registration Module/New Registration/Form 2/Add 2 Not Eligible - No 3rd Screen' successfully

2018-12-10 18:38:28 - [TEST_CASE][PASSED] - Test Cases/Final Aug 2018 - PKS Automation/Registration Module/New Registration/Form 2/Add 2 Not Eligible - No 3rd Screen: Test Cases/Final Aug 2018 - PKS Automation/Registration Module/New Registration/Form 2/Add 2 Not Eligible - No 3rd Screen

2018-12-10 18:38:28 - [TEST_STEP][PASSED] - delay: Delayed 2 second(s)

2018-12-10 18:38:30 - [MESSAGE][PASSED] - Delayed 2 second(s)

2018-12-10 18:38:30 - [TEST_STEP][PASSED] - callTestCase: Call Test Case 'Test Cases/Final Aug 2018 - PKS Automation/Registration Module/New Registration/Form 2/Date Updater' successfully

2018-12-10 18:38:30 - [TEST_CASE][PASSED] - Test Cases/Final Aug 2018 - PKS Automation/Registration Module/New Registration/Form 2/Date Updater: Test Cases/Final Aug 2018 - PKS Automation/Registration Module/New Registration/Form 2/Date Updater

2018-12-10 18:38:30 - [TEST_STEP][PASSED] - Statement - TodayDate = new java.util.Date(): null

2018-12-10 18:38:30 - [TEST_STEP][PASSED] - Statement - CurrentDateNoFilter = new java.text.SimpleDateFormat(): null

2018-12-10 18:38:30 - [TEST_STEP][PASSED] - Statement - CurrentDateNoFilter.applyPattern("MM"): null

2018-12-10 18:38:30 - [TEST_STEP][PASSED] - Statement - monthContainerMatcher = java.lang.Integer.parseInt(CurrentDateNoFilter.format(TodayDate)): null

2018-12-10 18:38:30 - [TEST_STEP][PASSED] - Statement - monthContainerMatcher = monthContainerMatcher - 1: null

2018-12-10 18:38:30 - [TEST_STEP][PASSED] - Statement - CurrentMonth = monthContainerMatcher.toString(): null

2018-12-10 18:38:30 - [TEST_STEP][PASSED] - Statement - CurrentMonth = CurrentMonth: null

2018-12-10 18:38:30 - [TEST_STEP][PASSED] - Statement - CurrentDateNoFilter.applyPattern("yyyy"): null

2018-12-10 18:38:30 - [TEST_STEP][PASSED] - Statement - CurrentYear = CurrentDateNoFilter.format(TodayDate): null

2018-12-10 18:38:30 - [TEST_STEP][PASSED] - Statement - CurrentYear = CurrentYear: null

2018-12-10 18:38:30 - [TEST_STEP][PASSED] - Statement - intCurrentYear = java.lang.Integer.parseInt(CurrentDateNoFilter.format(TodayDate)): null

2018-12-10 18:38:30 - [TEST_STEP][PASSED] - Statement - eighteenYrsAgo = intCurrentYear - 18: null

2018-12-10 18:38:30 - [TEST_STEP][PASSED] - Statement - eighteenYrsBeforeThisYr = eighteenYrsAgo.toString(): null

2018-12-10 18:38:30 - [TEST_STEP][PASSED] - Statement - EighteenYrsBefore = eighteenYrsBeforeThisYr: null

2018-12-10 18:38:30 - [TEST_STEP][PASSED] - Statement - fiftysevenYrsAgo = intCurrentYear - 57: null

2018-12-10 18:38:30 - [TEST_STEP][PASSED] - Statement - fiftysevenYrsBeforeThisYr = fiftysevenYrsAgo.toString(): null

2018-12-10 18:38:30 - [TEST_STEP][PASSED] - Statement - FiftysevenYrsBefore = fiftysevenYrsBeforeThisYr: null

2018-12-10 18:38:30 - [TEST_STEP][PASSED] - Statement - leapYear = false: null

2018-12-10 18:38:30 - [TEST_STEP][PASSED] - Statement - leapYear = intCurrentYear % 4 == 0: null

2018-12-10 18:38:30 - [TEST_STEP][PASSED] - Statement - CurrentDateNoFilter.applyPattern("dd"): null

2018-12-10 18:38:30 - [TEST_STEP][PASSED] - Statement - CurrentDate = CurrentDateNoFilter.format(TodayDate): null

2018-12-10 18:38:30 - [TEST_STEP][PASSED] - Statement - CurrentDate = java.lang.Integer.parseInt(CurrentDate): null

2018-12-10 18:38:30 - [TEST_STEP][PASSED] - Statement - CurrentDate = CurrentDate: null

2018-12-10 18:38:30 - [TEST_STEP][PASSED] - Statement - CurrentDay = java.lang.Integer.parseInt(CurrentDate): null

2018-12-10 18:38:30 - [TEST_STEP][PASSED] - Statement - ConfAdder = <not implemented yet for class: org.codehaus.groovy.ast.expr.EmptyExpression>: null

2018-12-10 18:38:30 - [TEST_STEP][PASSED] - Statement - out.println(CurrentMonth): null

2018-12-10 18:38:30 - [TEST_STEP][PASSED] - Statement - out.println(CurrentDate): null

2018-12-10 18:38:30 - [TEST_STEP][PASSED] - Statement - switch (CurrentDate): null

2018-12-10 18:38:30 - [TEST_STEP][PASSED] - Statement - Default: null

2018-12-10 18:38:30 - [TEST_STEP][PASSED] - Statement - ConfAdder = true: null

2018-12-10 18:38:30 - [TEST_STEP][PASSED] - Statement - Break: null

2018-12-10 18:38:30 - [TEST_STEP][PASSED] - Statement - aDayBefore = <not implemented yet for class: org.codehaus.groovy.ast.expr.EmptyExpression>: null

2018-12-10 18:38:30 - [TEST_STEP][PASSED] - Statement - out.println(ConfAdder): null

2018-12-10 18:38:30 - [TEST_STEP][PASSED] - Statement - If (ConfAdder == true): null

2018-12-10 18:38:30 - [TEST_STEP][PASSED] - Statement - aDayBefore = CurrentDay + 1: null

2018-12-10 18:38:30 - [TEST_STEP][PASSED] - Statement - out.println(aDayBefore): null

2018-12-10 18:38:30 - [TEST_STEP][PASSED] - Statement - If (aDayBefore == 1 && CurrentMonth == 11): null

2018-12-10 18:38:30 - [TEST_STEP][PASSED] - Statement - DayBefore = aDayBefore.toString(): null

2018-12-10 18:38:30 - [TEST_STEP][PASSED] - Statement - OneDayBefore = DayBefore: null

2018-12-10 18:38:30 - [MESSAGE][PASSED] - Call Test Case 'Test Cases/Final Aug 2018 - PKS Automation/Registration Module/New Registration/Form 2/Date Updater' successfully

2018-12-10 18:38:30 - [TEST_STEP][PASSED] - Statement - CaseReferenceNo = com.kms.katalon.core.webui.keyword.WebUiBuiltInKeywords.getText(com.kms.katalon.core.testobject.ObjectRepository.findTestObject(Final Object Repo/New Registration - Registration Module Pages/Form 2/RefNo Acquiring)): Text of object 'Object Repository/Final Object Repo/New Registration - Registration Module Pages/Form 2/RefNo Acquiring' is: 'CRN12201800123146'

2018-12-10 18:38:30 - [MESSAGE][PASSED] - Text of object 'Object Repository/Final Object Repo/New Registration - Registration Module Pages/Form 2/RefNo Acquiring' is: 'CRN12201800123146'

2018-12-10 18:38:30 - [TEST_STEP][PASSED] - delay: Delayed 6 second(s)

2018-12-10 18:38:36 - [MESSAGE][PASSED] - Delayed 6 second(s)

2018-12-10 18:38:36 - [TEST_STEP][PASSED] - click: Object: 'Object Repository/Final Object Repo/New Registration - Registration Module Pages/Form 2/Add Employee Button' is clicked on

2018-12-10 18:38:37 - [MESSAGE][PASSED] - Object: 'Object Repository/Final Object Repo/New Registration - Registration Module Pages/Form 2/Add Employee Button' is clicked on

2018-12-10 18:38:37 - [TEST_STEP][PASSED] - delay: Delayed 4 second(s)

2018-12-10 18:38:41 - [MESSAGE][PASSED] - Delayed 4 second(s)

2018-12-10 18:38:41 - [TEST_STEP][PASSED] - setText: Text '000209039189' is set on object 'Object Repository/Final Object Repo/New Registration - Registration Module Pages/Form 2/NRIC Input'

2018-12-10 18:38:41 - [MESSAGE][PASSED] - Text '000209039189' is set on object 'Object Repository/Final Object Repo/New Registration - Registration Module Pages/Form 2/NRIC Input'

2018-12-10 18:38:41 - [TEST_STEP][PASSED] - click: Object: 'Object Repository/Final Object Repo/New Registration - Registration Module Pages/Form 2/button for search for IC' is clicked on

2018-12-10 18:38:41 - [MESSAGE][PASSED] - Object: 'Object Repository/Final Object Repo/New Registration - Registration Module Pages/Form 2/button for search for IC' is clicked on

2018-12-10 18:38:41 - [TEST_STEP][PASSED] - delay: Delayed 2 second(s)

2018-12-10 18:38:43 - [MESSAGE][PASSED] - Delayed 2 second(s)

2018-12-10 18:38:43 - [TEST_STEP][PASSED] - setText: Text 'Automate001 not eligible 1' is set on object 'Object Repository/Final Object Repo/New Registration - Registration Module Pages/Form 2/Employee Name Input'

2018-12-10 18:38:44 - [MESSAGE][PASSED] - Text 'Automate001 not eligible 1' is set on object 'Object Repository/Final Object Repo/New Registration - Registration Module Pages/Form 2/Employee Name Input'

2018-12-10 18:38:44 - [TEST_STEP][PASSED] - delay: Delayed 2 second(s)

2018-12-10 18:38:46 - [MESSAGE][PASSED] - Delayed 2 second(s)

2018-12-10 18:38:46 - [TEST_STEP][PASSED] - click: Object: 'Object Repository/Final Object Repo/New Registration - Registration Module Pages/Form 2/DatePicker Pop Up' is clicked on

2018-12-10 18:38:46 - [MESSAGE][PASSED] - Object: 'Object Repository/Final Object Repo/New Registration - Registration Module Pages/Form 2/DatePicker Pop Up' is clicked on

2018-12-10 18:38:46 - [TEST_STEP][PASSED] - click: Object: 'Object Repository/Final Object Repo/New Registration - Registration Module Pages/Form 2/DOB Month' is clicked on

2018-12-10 18:38:46 - [MESSAGE][PASSED] - Object: 'Object Repository/Final Object Repo/New Registration - Registration Module Pages/Form 2/DOB Month' is clicked on

2018-12-10 18:38:46 - [TEST_STEP][PASSED] - Statement - CurrentMonth = CurrentMonth: null

2018-12-10 18:38:46 - [TEST_STEP][PASSED] - Statement - selectMonth = new com.kms.katalon.core.testobject.TestObject(): null

2018-12-10 18:38:46 - [TEST_STEP][PASSED] - Statement - selectMonth.addProperty("xpath", EQUALS, "//body/div/div/div/select/option[@value='" + CurrentMonth + "']", true): null

2018-12-10 18:38:46 - [TEST_STEP][PASSED] - click: Object: '' is clicked on

2018-12-10 18:38:46 - [MESSAGE][PASSED] - Object: '' is clicked on

2018-12-10 18:38:46 - [TEST_STEP][PASSED] - delay: Delayed 2 second(s)

2018-12-10 18:38:48 - [MESSAGE][PASSED] - Delayed 2 second(s)

2018-12-10 18:38:48 - [TEST_STEP][PASSED] - click: Object: 'Object Repository/Final Object Repo/New Registration - Registration Module Pages/Form 2/DOB Year' is clicked on

2018-12-10 18:38:48 - [MESSAGE][PASSED] - Object: 'Object Repository/Final Object Repo/New Registration - Registration Module Pages/Form 2/DOB Year' is clicked on

2018-12-10 18:38:48 - [TEST_STEP][PASSED] - Statement - Eyearsbf = EighteenYrsBefore: null

2018-12-10 18:38:48 - [TEST_STEP][PASSED] - Statement - selectYear = new com.kms.katalon.core.testobject.TestObject(): null

2018-12-10 18:38:48 - [TEST_STEP][PASSED] - Statement - selectYear.addProperty("xpath", EQUALS, "//div/div/div/select/option[@value='" + Eyearsbf + "']", true): null

2018-12-10 18:38:48 - [TEST_STEP][PASSED] - click: Object: '' is clicked on

2018-12-10 18:38:48 - [MESSAGE][PASSED] - Object: '' is clicked on

2018-12-10 18:38:48 - [TEST_STEP][PASSED] - delay: Delayed 3 second(s)

2018-12-10 18:38:51 - [MESSAGE][PASSED] - Delayed 3 second(s)

2018-12-10 18:38:51 - [TEST_STEP][PASSED] - Statement - UpdatedSelectDate = com.kms.katalon.core.webui.keyword.WebUiBuiltInKeywords.modifyObjectProperty(com.kms.katalon.core.testobject.ObjectRepository.findTestObject(Final Object Repo/New Registration - Registration Module Pages/Form 2/DOB Date), "xpath", "equals", "//body/div/table/tbody/tr/td/a[text()="" + OneDayBefore + ""]", true): Modify property of object successfully

2018-12-10 18:38:51 - [MESSAGE][PASSED] - Modify property of object successfully

2018-12-10 18:38:51 - [TEST_STEP][PASSED] - delay: Delayed 3 second(s)

2018-12-10 18:38:54 - [MESSAGE][PASSED] - Delayed 3 second(s)

2018-12-10 18:38:54 - [TEST_STEP][PASSED] - click: Object: 'Object Repository/Final Object Repo/New Registration - Registration Module Pages/Form 2/DOB Date' is clicked on

2018-12-10 18:38:55 - [MESSAGE][PASSED] - Object: 'Object Repository/Final Object Repo/New Registration - Registration Module Pages/Form 2/DOB Date' is clicked on

2018-12-10 18:38:55 - [TEST_STEP][PASSED] - delay: Delayed 2 second(s)

2018-12-10 18:38:57 - [MESSAGE][PASSED] - Delayed 2 second(s)

2018-12-10 18:38:57 - [TEST_STEP][PASSED] - click: Object: 'Object Repository/Final Object Repo/New Registration - Registration Module Pages/Form 2/EmploymentStartDate Pop Up' is clicked on

2018-12-10 18:38:57 - [MESSAGE][PASSED] - Object: 'Object Repository/Final Object Repo/New Registration - Registration Module Pages/Form 2/EmploymentStartDate Pop Up' is clicked on

2018-12-10 18:38:57 - [TEST_STEP][PASSED] - delay: Delayed 2 second(s)

2018-12-10 18:38:59 - [MESSAGE][PASSED] - Delayed 2 second(s)

2018-12-10 18:38:59 - [TEST_STEP][PASSED] - click: Object: 'Object Repository/Final Object Repo/New Registration - Registration Module Pages/Form 2/Socso Employment StartDate Month' is clicked on

2018-12-10 18:38:59 - [MESSAGE][PASSED] - Object: 'Object Repository/Final Object Repo/New Registration - Registration Module Pages/Form 2/Socso Employment StartDate Month' is clicked on

2018-12-10 18:38:59 - [TEST_STEP][PASSED] - delay: Delayed 1 second(s)

2018-12-10 18:39:00 - [MESSAGE][PASSED] - Delayed 1 second(s)

2018-12-10 18:39:00 - [TEST_STEP][PASSED] - click: Object: 'Object Repository/Final Object Repo/New Registration - Registration Module Pages/Form 2/Select Socso Employement Startdate Month' is clicked on

2018-12-10 18:39:00 - [MESSAGE][PASSED] - Object: 'Object Repository/Final Object Repo/New Registration - Registration Module Pages/Form 2/Select Socso Employement Startdate Month' is clicked on

2018-12-10 18:39:00 - [TEST_STEP][PASSED] - delay: Delayed 2 second(s)

2018-12-10 18:39:02 - [MESSAGE][PASSED] - Delayed 2 second(s)

2018-12-10 18:39:02 - [TEST_STEP][PASSED] - click: Object: 'Object Repository/Final Object Repo/New Registration - Registration Module Pages/Form 2/Socso Employment StartDate Year' is clicked on

2018-12-10 18:39:02 - [MESSAGE][PASSED] - Object: 'Object Repository/Final Object Repo/New Registration - Registration Module Pages/Form 2/Socso Employment StartDate Year' is clicked on

2018-12-10 18:39:02 - [TEST_STEP][PASSED] - delay: Delayed 1 second(s)

2018-12-10 18:39:03 - [MESSAGE][PASSED] - Delayed 1 second(s)

2018-12-10 18:39:03 - [TEST_STEP][PASSED] - click: Object: 'Object Repository/Final Object Repo/New Registration - Registration Module Pages/Form 2/Select Socso Employment Startdate Year' is clicked on

2018-12-10 18:39:03 - [MESSAGE][PASSED] - Object: 'Object Repository/Final Object Repo/New Registration - Registration Module Pages/Form 2/Select Socso Employment Startdate Year' is clicked on

2018-12-10 18:39:03 - [TEST_STEP][PASSED] - delay: Delayed 2 second(s)

2018-12-10 18:39:05 - [MESSAGE][PASSED] - Delayed 2 second(s)

2018-12-10 18:39:05 - [TEST_STEP][PASSED] - click: Object: 'Object Repository/Final Object Repo/New Registration - Registration Module Pages/Form 2/Socso Employment Start Date Day' is clicked on

2018-12-10 18:39:06 - [MESSAGE][PASSED] - Object: 'Object Repository/Final Object Repo/New Registration - Registration Module Pages/Form 2/Socso Employment Start Date Day' is clicked on

2018-12-10 18:39:06 - [TEST_STEP][PASSED] - delay: Delayed 2 second(s)

2018-12-10 18:39:08 - [MESSAGE][PASSED] - Delayed 2 second(s)

2018-12-10 18:39:08 - [TEST_STEP][PASSED] - click: Object: 'Object Repository/Final Object Repo/New Registration - Registration Module Pages/Form 2/Save Button for Add Employee' is clicked on

2018-12-10 18:39:08 - [MESSAGE][PASSED] - Object: 'Object Repository/Final Object Repo/New Registration - Registration Module Pages/Form 2/Save Button for Add Employee' is clicked on

2018-12-10 18:39:08 - [TEST_STEP][PASSED] - delay: Delayed 6 second(s)

2018-12-10 18:39:14 - [MESSAGE][PASSED] - Delayed 6 second(s)

2018-12-10 18:39:14 - [TEST_STEP][PASSED] - click: Object: 'Object Repository/Final Object Repo/New Registration - Registration Module Pages/Form 2/Add Employee Button' is clicked on

2018-12-10 18:39:14 - [MESSAGE][PASSED] - Object: 'Object Repository/Final Object Repo/New Registration - Registration Module Pages/Form 2/Add Employee Button' is clicked on

2018-12-10 18:39:14 - [TEST_STEP][PASSED] - delay: Delayed 4 second(s)

2018-12-10 18:39:18 - [MESSAGE][PASSED] - Delayed 4 second(s)

2018-12-10 18:39:18 - [TEST_STEP][PASSED] - setText: Text '600203039194' is set on object 'Object Repository/Final Object Repo/New Registration - Registration Module Pages/Form 2/NRIC Input'

2018-12-10 18:39:18 - [MESSAGE][PASSED] - Text '600203039194' is set on object 'Object Repository/Final Object Repo/New Registration - Registration Module Pages/Form 2/NRIC Input'

2018-12-10 18:39:18 - [TEST_STEP][PASSED] - click: Object: 'Object Repository/Final Object Repo/New Registration - Registration Module Pages/Form 2/button for search for IC' is clicked on

2018-12-10 18:39:19 - [MESSAGE][PASSED] - Object: 'Object Repository/Final Object Repo/New Registration - Registration Module Pages/Form 2/button for search for IC' is clicked on

2018-12-10 18:39:19 - [TEST_STEP][PASSED] - delay: Delayed 2 second(s)

2018-12-10 18:39:21 - [MESSAGE][PASSED] - Delayed 2 second(s)

2018-12-10 18:39:21 - [TEST_STEP][PASSED] - setText: Text 'Automate001 not eligible 2' is set on object 'Object Repository/Final Object Repo/New Registration - Registration Module Pages/Form 2/Employee Name Input'

2018-12-10 18:39:21 - [MESSAGE][PASSED] - Text 'Automate001 not eligible 2' is set on object 'Object Repository/Final Object Repo/New Registration - Registration Module Pages/Form 2/Employee Name Input'

2018-12-10 18:39:21 - [TEST_STEP][PASSED] - delay: Delayed 2 second(s)

2018-12-10 18:39:23 - [MESSAGE][PASSED] - Delayed 2 second(s)

2018-12-10 18:39:23 - [TEST_STEP][PASSED] - click: Object: 'Object Repository/Final Object Repo/New Registration - Registration Module Pages/Form 2/DatePicker Pop Up' is clicked on

2018-12-10 18:39:23 - [MESSAGE][PASSED] - Object: 'Object Repository/Final Object Repo/New Registration - Registration Module Pages/Form 2/DatePicker Pop Up' is clicked on

2018-12-10 18:39:23 - [TEST_STEP][PASSED] - delay: Delayed 1 second(s)

2018-12-10 18:39:24 - [MESSAGE][PASSED] - Delayed 1 second(s)

2018-12-10 18:39:24 - [TEST_STEP][PASSED] - click: Object: 'Object Repository/Final Object Repo/New Registration - Registration Module Pages/Form 2/DOB Month' is clicked on

2018-12-10 18:39:24 - [MESSAGE][PASSED] - Object: 'Object Repository/Final Object Repo/New Registration - Registration Module Pages/Form 2/DOB Month' is clicked on

2018-12-10 18:39:24 - [TEST_STEP][PASSED] - Statement - selectMonth = com.kms.katalon.core.webui.keyword.WebUiBuiltInKeywords.modifyObjectProperty(selectMonth, "xpath", "equals", "//body/div/div/div/select/option[@value="" + CurrentMonth + ""]", true): Modify property of object successfully

2018-12-10 18:39:24 - [MESSAGE][PASSED] - Modify property of object successfully

2018-12-10 18:39:24 - [TEST_STEP][PASSED] - click: Object: '' is clicked on

2018-12-10 18:39:25 - [MESSAGE][PASSED] - Object: '' is clicked on

2018-12-10 18:39:25 - [TEST_STEP][PASSED] - click: Object: 'Object Repository/Final Object Repo/New Registration - Registration Module Pages/Form 2/DOB Year' is clicked on

2018-12-10 18:39:25 - [MESSAGE][PASSED] - Object: 'Object Repository/Final Object Repo/New Registration - Registration Module Pages/Form 2/DOB Year' is clicked on

2018-12-10 18:39:25 - [TEST_STEP][PASSED] - Statement - selectYear = com.kms.katalon.core.webui.keyword.WebUiBuiltInKeywords.modifyObjectProperty(selectYear, "xpath", "equals", "//div/div/div/select/option[@value="" + FiftysevenYrsBefore + ""]", true): Modify property of object successfully

2018-12-10 18:39:25 - [MESSAGE][PASSED] - Modify property of object successfully

2018-12-10 18:39:25 - [TEST_STEP][PASSED] - click: Object: '' is clicked on

2018-12-10 18:39:25 - [MESSAGE][PASSED] - Object: '' is clicked on

2018-12-10 18:39:25 - [TEST_STEP][PASSED] - Statement - UpdatedSelectDate = com.kms.katalon.core.webui.keyword.WebUiBuiltInKeywords.modifyObjectProperty(com.kms.katalon.core.testobject.ObjectRepository.findTestObject(Final Object Repo/New Registration - Registration Module Pages/Form 2/DOB Date), "xpath", "equals", "//body/div/table/tbody/tr/td/a[text()="" + CurrentDate + ""]", true): Modify property of object successfully

2018-12-10 18:39:25 - [MESSAGE][PASSED] - Modify property of object successfully

2018-12-10 18:39:25 - [TEST_STEP][PASSED] - delay: Delayed 3 second(s)

2018-12-10 18:39:28 - [MESSAGE][PASSED] - Delayed 3 second(s)

2018-12-10 18:39:28 - [TEST_STEP][PASSED] - click: Object: 'Object Repository/Final Object Repo/New Registration - Registration Module Pages/Form 2/DOB Date' is clicked on

2018-12-10 18:39:28 - [MESSAGE][PASSED] - Object: 'Object Repository/Final Object Repo/New Registration - Registration Module Pages/Form 2/DOB Date' is clicked on

2018-12-10 18:39:28 - [TEST_STEP][PASSED] - delay: Delayed 2 second(s)

2018-12-10 18:39:30 - [MESSAGE][PASSED] - Delayed 2 second(s)

2018-12-10 18:39:30 - [TEST_STEP][PASSED] - click: Object: 'Object Repository/Final Object Repo/New Registration - Registration Module Pages/Form 2/EmploymentStartDate Pop Up' is clicked on

2018-12-10 18:39:30 - [MESSAGE][PASSED] - Object: 'Object Repository/Final Object Repo/New Registration - Registration Module Pages/Form 2/EmploymentStartDate Pop Up' is clicked on

2018-12-10 18:39:30 - [TEST_STEP][PASSED] - delay: Delayed 2 second(s)

2018-12-10 18:39:32 - [MESSAGE][PASSED] - Delayed 2 second(s)

2018-12-10 18:39:32 - [TEST_STEP][PASSED] - click: Object: 'Object Repository/Final Object Repo/New Registration - Registration Module Pages/Form 2/Socso Employment StartDate Month' is clicked on

2018-12-10 18:39:32 - [MESSAGE][PASSED] - Object: 'Object Repository/Final Object Repo/New Registration - Registration Module Pages/Form 2/Socso Employment StartDate Month' is clicked on

2018-12-10 18:39:32 - [TEST_STEP][PASSED] - delay: Delayed 1 second(s)

2018-12-10 18:39:33 - [MESSAGE][PASSED] - Delayed 1 second(s)

2018-12-10 18:39:33 - [TEST_STEP][PASSED] - click: Object: 'Object Repository/Final Object Repo/New Registration - Registration Module Pages/Form 2/Select Socso Employement Startdate Month' is clicked on

2018-12-10 18:39:34 - [MESSAGE][PASSED] - Object: 'Object Repository/Final Object Repo/New Registration - Registration Module Pages/Form 2/Select Socso Employement Startdate Month' is clicked on

2018-12-10 18:39:34 - [TEST_STEP][PASSED] - delay: Delayed 2 second(s)

2018-12-10 18:39:36 - [MESSAGE][PASSED] - Delayed 2 second(s)

2018-12-10 18:39:36 - [TEST_STEP][PASSED] - click: Object: 'Object Repository/Final Object Repo/New Registration - Registration Module Pages/Form 2/Socso Employment StartDate Year' is clicked on

2018-12-10 18:39:36 - [MESSAGE][PASSED] - Object: 'Object Repository/Final Object Repo/New Registration - Registration Module Pages/Form 2/Socso Employment StartDate Year' is clicked on

2018-12-10 18:39:36 - [TEST_STEP][PASSED] - click: Object: 'Object Repository/Final Object Repo/New Registration - Registration Module Pages/Form 2/Select Socso Employment Startdate Year' is clicked on

2018-12-10 18:39:36 - [MESSAGE][PASSED] - Object: 'Object Repository/Final Object Repo/New Registration - Registration Module Pages/Form 2/Select Socso Employment Startdate Year' is clicked on

2018-12-10 18:39:36 - [TEST_STEP][PASSED] - delay: Delayed 2 second(s)

2018-12-10 18:39:38 - [MESSAGE][PASSED] - Delayed 2 second(s)

2018-12-10 18:39:38 - [TEST_STEP][PASSED] - click: Object: 'Object Repository/Final Object Repo/New Registration - Registration Module Pages/Form 2/Socso Employment Start Date Day' is clicked on

2018-12-10 18:39:38 - [MESSAGE][PASSED] - Object: 'Object Repository/Final Object Repo/New Registration - Registration Module Pages/Form 2/Socso Employment Start Date Day' is clicked on

2018-12-10 18:39:38 - [TEST_STEP][PASSED] - delay: Delayed 2 second(s)

2018-12-10 18:39:40 - [MESSAGE][PASSED] - Delayed 2 second(s)

2018-12-10 18:39:40 - [TEST_STEP][PASSED] - click: Object: 'Object Repository/Final Object Repo/New Registration - Registration Module Pages/Form 2/Save Button for Add Employee' is clicked on

2018-12-10 18:39:40 - [MESSAGE][PASSED] - Object: 'Object Repository/Final Object Repo/New Registration - Registration Module Pages/Form 2/Save Button for Add Employee' is clicked on

2018-12-10 18:39:40 - [TEST_STEP][PASSED] - delay: Delayed 2 second(s)

2018-12-10 18:39:42 - [MESSAGE][PASSED] - Delayed 2 second(s)

2018-12-10 18:39:42 - [TEST_STEP][PASSED] - click: Object: 'Object Repository/Final Object Repo/New Registration - Registration Module Pages/Form 2/Save and Continue Form 2' is clicked on

2018-12-10 18:39:42 - [MESSAGE][PASSED] - Object: 'Object Repository/Final Object Repo/New Registration - Registration Module Pages/Form 2/Save and Continue Form 2' is clicked on

2018-12-10 18:39:42 - [MESSAGE][PASSED] - Call Test Case 'Test Cases/Final Aug 2018 - PKS Automation/Registration Module/New Registration/Form 2/Add 2 Not Eligible - No 3rd Screen' successfully

2018-12-10 18:39:42 - [TEST_STEP][PASSED] - callTestCase: Call Test Case 'Test Cases/Final Aug 2018 - PKS Automation/Registration Module/New Registration/Flow of New Registration/No Third Screen - Upload 2 Supporting Doc - Preview' successfully

2018-12-10 18:39:43 - [TEST_CASE][PASSED] - Test Cases/Final Aug 2018 - PKS Automation/Registration Module/New Registration/Flow of New Registration/No Third Screen - Upload 2 Supporting Doc - Preview: Test Cases/Final Aug 2018 - PKS Automation/Registration Module/New Registration/Flow of New Registration/No Third Screen - Upload 2 Supporting Doc - Preview

2018-12-10 18:39:43 - [TEST_STEP][PASSED] - delay: Delayed 4 second(s)

2018-12-10 18:39:47 - [MESSAGE][PASSED] - Delayed 4 second(s)

2018-12-10 18:39:47 - [TEST_STEP][PASSED] - click: Object: 'Object Repository/Final Object Repo/New Registration - Registration Module Pages/Third Screen - Upload Supporting Doc- Preview/Add Document Button' is clicked on

2018-12-10 18:39:47 - [MESSAGE][PASSED] - Object: 'Object Repository/Final Object Repo/New Registration - Registration Module Pages/Third Screen - Upload Supporting Doc- Preview/Add Document Button' is clicked on

2018-12-10 18:39:47 - [TEST_STEP][PASSED] - delay: Delayed 4 second(s)

2018-12-10 18:39:51 - [MESSAGE][PASSED] - Delayed 4 second(s)

2018-12-10 18:39:51 - [TEST_STEP][PASSED] - click: Object: 'Object Repository/Final Object Repo/New Registration - Registration Module Pages/Third Screen - Upload Supporting Doc- Preview/Supporting Doc Please Select Drop Down' is clicked on

2018-12-10 18:39:51 - [MESSAGE][PASSED] - Object: 'Object Repository/Final Object Repo/New Registration - Registration Module Pages/Third Screen - Upload Supporting Doc- Preview/Supporting Doc Please Select Drop Down' is clicked on

2018-12-10 18:39:51 - [TEST_STEP][PASSED] - delay: Delayed 2 second(s)

2018-12-10 18:39:53 - [MESSAGE][PASSED] - Delayed 2 second(s)

2018-12-10 18:39:53 - [TEST_STEP][PASSED] - click: Object: 'Object Repository/Final Object Repo/New Registration - Registration Module Pages/Third Screen - Upload Supporting Doc- Preview/Select to Upload Form 1' is clicked on

2018-12-10 18:39:53 - [MESSAGE][PASSED] - Object: 'Object Repository/Final Object Repo/New Registration - Registration Module Pages/Third Screen - Upload Supporting Doc- Preview/Select to Upload Form 1' is clicked on

2018-12-10 18:39:53 - [TEST_STEP][PASSED] - delay: Delayed 2 second(s)

2018-12-10 18:39:55 - [MESSAGE][PASSED] - Delayed 2 second(s)

2018-12-10 18:39:55 - [TEST_STEP][PASSED] - uploadFile: File 'C:\Users\Public\Pictures\Sample Pictures\Koala.jpg' sent to object: 'Object Repository/Final Object Repo/New Registration - Registration Module Pages/Third Screen - Upload Supporting Doc- Preview/Upload File Adding'

2018-12-10 18:39:55 - [MESSAGE][PASSED] - File 'C:\Users\Public\Pictures\Sample Pictures\Koala.jpg' sent to object: 'Object Repository/Final Object Repo/New Registration - Registration Module Pages/Third Screen - Upload Supporting Doc- Preview/Upload File Adding'

2018-12-10 18:39:55 - [TEST_STEP][PASSED] - delay: Delayed 5 second(s)

2018-12-10 18:40:00 - [MESSAGE][PASSED] - Delayed 5 second(s)

2018-12-10 18:40:00 - [TEST_STEP][PASSED] - click: Object: 'Object Repository/Final Object Repo/New Registration - Registration Module Pages/Third Screen - Upload Supporting Doc- Preview/Inner Form Add Document Button' is clicked on

2018-12-10 18:40:00 - [MESSAGE][PASSED] - Object: 'Object Repository/Final Object Repo/New Registration - Registration Module Pages/Third Screen - Upload Supporting Doc- Preview/Inner Form Add Document Button' is clicked on

2018-12-10 18:40:00 - [TEST_STEP][PASSED] - delay: Delayed 3 second(s)

2018-12-10 18:40:03 - [MESSAGE][PASSED] - Delayed 3 second(s)

2018-12-10 18:40:03 - [TEST_STEP][PASSED] - click: Object: 'Object Repository/Final Object Repo/New Registration - Registration Module Pages/Third Screen - Upload Supporting Doc- Preview/Add Document Button' is clicked on

2018-12-10 18:40:05 - [MESSAGE][PASSED] - Object: 'Object Repository/Final Object Repo/New Registration - Registration Module Pages/Third Screen - Upload Supporting Doc- Preview/Add Document Button' is clicked on

2018-12-10 18:40:05 - [TEST_STEP][PASSED] - delay: Delayed 4 second(s)

2018-12-10 18:40:09 - [MESSAGE][PASSED] - Delayed 4 second(s)

2018-12-10 18:40:09 - [TEST_STEP][PASSED] - click: Object: 'Object Repository/Final Object Repo/New Registration - Registration Module Pages/Third Screen - Upload Supporting Doc- Preview/Supporting Doc Please Select Drop Down' is clicked on

2018-12-10 18:40:09 - [MESSAGE][PASSED] - Object: 'Object Repository/Final Object Repo/New Registration - Registration Module Pages/Third Screen - Upload Supporting Doc- Preview/Supporting Doc Please Select Drop Down' is clicked on

2018-12-10 18:40:09 - [TEST_STEP][PASSED] - delay: Delayed 2 second(s)

2018-12-10 18:40:11 - [MESSAGE][PASSED] - Delayed 2 second(s)

2018-12-10 18:40:11 - [TEST_STEP][PASSED] - click: Object: 'Object Repository/Final Object Repo/New Registration - Registration Module Pages/Third Screen - Upload Supporting Doc- Preview/Select to Upload Form 2' is clicked on

2018-12-10 18:40:11 - [MESSAGE][PASSED] - Object: 'Object Repository/Final Object Repo/New Registration - Registration Module Pages/Third Screen - Upload Supporting Doc- Preview/Select to Upload Form 2' is clicked on

2018-12-10 18:40:11 - [TEST_STEP][PASSED] - delay: Delayed 2 second(s)

2018-12-10 18:40:13 - [MESSAGE][PASSED] - Delayed 2 second(s)

2018-12-10 18:40:13 - [TEST_STEP][PASSED] - uploadFile: File 'C:\Users\Public\Pictures\Sample Pictures\Koala.jpg' sent to object: 'Object Repository/Final Object Repo/New Registration - Registration Module Pages/Third Screen - Upload Supporting Doc- Preview/Upload File Adding'

2018-12-10 18:40:13 - [MESSAGE][PASSED] - File 'C:\Users\Public\Pictures\Sample Pictures\Koala.jpg' sent to object: 'Object Repository/Final Object Repo/New Registration - Registration Module Pages/Third Screen - Upload Supporting Doc- Preview/Upload File Adding'

2018-12-10 18:40:13 - [TEST_STEP][PASSED] - delay: Delayed 5 second(s)

2018-12-10 18:40:18 - [MESSAGE][PASSED] - Delayed 5 second(s)

2018-12-10 18:40:18 - [TEST_STEP][PASSED] - click: Object: 'Object Repository/Final Object Repo/New Registration - Registration Module Pages/Third Screen - Upload Supporting Doc- Preview/Inner Form Add Document Button' is clicked on

2018-12-10 18:40:18 - [MESSAGE][PASSED] - Object: 'Object Repository/Final Object Repo/New Registration - Registration Module Pages/Third Screen - Upload Supporting Doc- Preview/Inner Form Add Document Button' is clicked on

2018-12-10 18:40:18 - [TEST_STEP][PASSED] - delay: Delayed 3 second(s)

2018-12-10 18:40:21 - [MESSAGE][PASSED] - Delayed 3 second(s)

2018-12-10 18:40:21 - [TEST_STEP][PASSED] - click: Object: 'Object Repository/Final Object Repo/New Registration - Registration Module Pages/Third Screen - Upload Supporting Doc- Preview/Save n Continue in Uploading Supporting Doc Page' is clicked on

2018-12-10 18:40:22 - [MESSAGE][PASSED] - Object: 'Object Repository/Final Object Repo/New Registration - Registration Module Pages/Third Screen - Upload Supporting Doc- Preview/Save n Continue in Uploading Supporting Doc Page' is clicked on

2018-12-10 18:40:22 - [MESSAGE][PASSED] - Call Test Case 'Test Cases/Final Aug 2018 - PKS Automation/Registration Module/New Registration/Flow of New Registration/No Third Screen - Upload 2 Supporting Doc - Preview' successfully

2018-12-10 18:40:22 - [TEST_STEP][PASSED] - callTestCase: Call Test Case 'Test Cases/Final Aug 2018 - PKS Automation/Registration Module/New Registration/Submit and Screenshot/Submit Registration and Screenshot' successfully

2018-12-10 18:40:22 - [TEST_CASE][PASSED] - Test Cases/Final Aug 2018 - PKS Automation/Registration Module/New Registration/Submit and Screenshot/Submit Registration and Screenshot: Test Cases/Final Aug 2018 - PKS Automation/Registration Module/New Registration/Submit and Screenshot/Submit Registration and Screenshot

2018-12-10 18:40:22 - [TEST_STEP][PASSED] - delay: Delayed 6 second(s)

2018-12-10 18:40:28 - [MESSAGE][PASSED] - Delayed 6 second(s)

2018-12-10 18:40:28 - [TEST_STEP][PASSED] - click: Object: 'Object Repository/Final Object Repo/New Registration - Registration Module Pages/Third Screen - Upload Supporting Doc- Preview/Preview Submit Button' is clicked on

2018-12-10 18:40:29 - [MESSAGE][PASSED] - Object: 'Object Repository/Final Object Repo/New Registration - Registration Module Pages/Third Screen - Upload Supporting Doc- Preview/Preview Submit Button' is clicked on

2018-12-10 18:40:29 - [TEST_STEP][PASSED] - delay: Delayed 2 second(s)

2018-12-10 18:40:31 - [MESSAGE][PASSED] - Delayed 2 second(s)

2018-12-10 18:40:31 - [TEST_STEP][PASSED] - click: Object: 'Object Repository/Final Object Repo/New Registration - Registration Module Pages/Third Screen - Upload Supporting Doc- Preview/Preview Submit - Confirm' is clicked on

2018-12-10 18:40:31 - [MESSAGE][PASSED] - Object: 'Object Repository/Final Object Repo/New Registration - Registration Module Pages/Third Screen - Upload Supporting Doc- Preview/Preview Submit - Confirm' is clicked on

2018-12-10 18:40:31 - [TEST_STEP][PASSED] - delay: Delayed 15 second(s)

2018-12-10 18:40:46 - [MESSAGE][PASSED] - Delayed 15 second(s)

2018-12-10 18:40:46 - [TEST_STEP][PASSED] - Statement - driver = com.kms.katalon.core.webui.driver.DriverFactory.getWebDriver(): null

2018-12-10 18:40:46 - [TEST_STEP][PASSED] - Statement - driver.manage().timeouts().implicitlyWait(10, SECONDS): null

2018-12-10 18:40:46 - [TEST_STEP][PASSED] - Statement - PresavePath = KatalonScreenshots: null

2018-12-10 18:40:46 - [TEST_STEP][PASSED] - Statement - pathPrefix = "C:\Users\Public\Pictures\Sample Pictures\Katalon Screenshots\Automate Ending Screen": null

2018-12-10 18:40:46 - [TEST_STEP][PASSED] - Statement - finalPath = <not implemented yet for class: org.codehaus.groovy.ast.expr.EmptyExpression>: null

2018-12-10 18:40:46 - [TEST_STEP][PASSED] - Statement - scrFile = driver.getScreenshotAs(FILE): null

2018-12-10 18:40:46 - [TEST_STEP][PASSED] - Statement - PreSaveFile = new java.io.File(PresavePath): null

2018-12-10 18:40:46 - [TEST_STEP][PASSED] - Statement - counter = 0: null

2018-12-10 18:40:46 - [TEST_STEP][PASSED] - Statement - If (PreSaveFile.exists()): null

2018-12-10 18:40:46 - [TEST_STEP][PASSED] - Statement - While (PreSaveFile.exists()): null

2018-12-10 18:40:46 - [TEST_STEP][PASSED] - Statement - counter = counter + 1: null

2018-12-10 18:40:46 - [TEST_STEP][PASSED] - Statement - PreSaveFile = new java.io.File(((pathPrefix + java.lang.Integer.toString(counter)) + .png)): null

2018-12-10 18:40:46 - [TEST_STEP][PASSED] - Statement - counter = counter + 1: null

2018-12-10 18:40:46 - [TEST_STEP][PASSED] - Statement - PreSaveFile = new java.io.File(((pathPrefix + java.lang.Integer.toString(counter)) + .png)): null

2018-12-10 18:40:46 - [TEST_STEP][PASSED] - Statement - counter = counter + 1: null

2018-12-10 18:40:46 - [TEST_STEP][PASSED] - Statement - PreSaveFile = new java.io.File(((pathPrefix + java.lang.Integer.toString(counter)) + .png)): null

2018-12-10 18:40:46 - [TEST_STEP][PASSED] - Statement - counter = counter + 1: null

2018-12-10 18:40:46 - [TEST_STEP][PASSED] - Statement - PreSaveFile = new java.io.File(((pathPrefix + java.lang.Integer.toString(counter)) + .png)): null

2018-12-10 18:40:46 - [TEST_STEP][PASSED] - Statement - counter = counter + 1: null

2018-12-10 18:40:46 - [TEST_STEP][PASSED] - Statement - PreSaveFile = new java.io.File(((pathPrefix + java.lang.Integer.toString(counter)) + .png)): null

2018-12-10 18:40:46 - [TEST_STEP][PASSED] - Statement - counter = counter + 1: null

2018-12-10 18:40:46 - [TEST_STEP][PASSED] - Statement - PreSaveFile = new java.io.File(((pathPrefix + java.lang.Integer.toString(counter)) + .png)): null

2018-12-10 18:40:46 - [TEST_STEP][PASSED] - Statement - counter = counter + 1: null

2018-12-10 18:40:46 - [TEST_STEP][PASSED] - Statement - PreSaveFile = new java.io.File(((pathPrefix + java.lang.Integer.toString(counter)) + .png)): null

2018-12-10 18:40:46 - [TEST_STEP][PASSED] - Statement - counter = counter + 1: null

2018-12-10 18:40:46 - [TEST_STEP][PASSED] - Statement - PreSaveFile = new java.io.File(((pathPrefix + java.lang.Integer.toString(counter)) + .png)): null

2018-12-10 18:40:46 - [TEST_STEP][PASSED] - Statement - counter = counter + 1: null

2018-12-10 18:40:46 - [TEST_STEP][PASSED] - Statement - PreSaveFile = new java.io.File(((pathPrefix + java.lang.Integer.toString(counter)) + .png)): null

2018-12-10 18:40:46 - [TEST_STEP][PASSED] - Statement - counter = counter + 1: null

2018-12-10 18:40:46 - [TEST_STEP][PASSED] - Statement - PreSaveFile = new java.io.File(((pathPrefix + java.lang.Integer.toString(counter)) + .png)): null

2018-12-10 18:40:46 - [TEST_STEP][PASSED] - Statement - counter = counter + 1: null

2018-12-10 18:40:46 - [TEST_STEP][PASSED] - Statement - PreSaveFile = new java.io.File(((pathPrefix + java.lang.Integer.toString(counter)) + .png)): null

2018-12-10 18:40:46 - [TEST_STEP][PASSED] - Statement - counter = counter + 1: null

2018-12-10 18:40:46 - [TEST_STEP][PASSED] - Statement - PreSaveFile = new java.io.File(((pathPrefix + java.lang.Integer.toString(counter)) + .png)): null

2018-12-10 18:40:46 - [TEST_STEP][PASSED] - Statement - counter = counter + 1: null

2018-12-10 18:40:46 - [TEST_STEP][PASSED] - Statement - PreSaveFile = new java.io.File(((pathPrefix + java.lang.Integer.toString(counter)) + .png)): null

2018-12-10 18:40:46 - [TEST_STEP][PASSED] - Statement - counter = counter + 1: null

2018-12-10 18:40:46 - [TEST_STEP][PASSED] - Statement - PreSaveFile = new java.io.File(((pathPrefix + java.lang.Integer.toString(counter)) + .png)): null

2018-12-10 18:40:46 - [TEST_STEP][PASSED] - Statement - counter = counter + 1: null

2018-12-10 18:40:46 - [TEST_STEP][PASSED] - Statement - PreSaveFile = new java.io.File(((pathPrefix + java.lang.Integer.toString(counter)) + .png)): null

2018-12-10 18:40:46 - [TEST_STEP][PASSED] - Statement - finalPath = pathPrefix + java.lang.Integer.toString(counter) + ".png": null

2018-12-10 18:40:46 - [TEST_STEP][PASSED] - Statement - SaveFile = new java.io.File(finalPath): null

2018-12-10 18:40:46 - [TEST_STEP][PASSED] - Statement - Try: null

2018-12-10 18:40:46 - [TEST_STEP][PASSED] - Statement - org.apache.commons.io.FileUtils.copyFile(scrFile, SaveFile): null

2018-12-10 18:40:46 - [TEST_STEP][PASSED] - Statement - out.println("file kept"): null

2018-12-10 18:40:46 - [TEST_STEP][PASSED] - delay: Delayed 10 second(s)

2018-12-10 18:40:56 - [MESSAGE][PASSED] - Delayed 10 second(s)

2018-12-10 18:40:56 - [MESSAGE][PASSED] - Call Test Case 'Test Cases/Final Aug 2018 - PKS Automation/Registration Module/New Registration/Submit and Screenshot/Submit Registration and Screenshot' successfully]]></system-out>
         <system-err><![CDATA[]]></system-err>
      </testcase>
      <testcase name="Test Cases/Final Aug 2018 - PKS Automation/Registration Module/Critical Path/New Registration/Register ASSIST Only/Other - Local Authority" classname="Test Cases/Final Aug 2018 - PKS Automation/Registration Module/Critical Path/New Registration/Register ASSIST Only/Other - Local Authority" status="PASSED">
         <system-out><![CDATA[2018-12-10 18:40:56 - [TEST_CASE][PASSED] - Test Cases/Final Aug 2018 - PKS Automation/Registration Module/Critical Path/New Registration/Register ASSIST Only/Other - Local Authority: Test Cases/Final Aug 2018 - PKS Automation/Registration Module/Critical Path/New Registration/Register ASSIST Only/Other - Local Authority

2018-12-10 18:40:56 - [TEST_STEP][PASSED] - callTestCase: Call Test Case 'Test Cases/Final Aug 2018 - PKS Automation/Registration Module/New Registration/Form 1/Form 1 - Other - Local Authority' successfully

2018-12-10 18:40:56 - [TEST_CASE][PASSED] - Test Cases/Final Aug 2018 - PKS Automation/Registration Module/New Registration/Form 1/Form 1 - Other - Local Authority: Test Cases/Final Aug 2018 - PKS Automation/Registration Module/New Registration/Form 1/Form 1 - Other - Local Authority

2018-12-10 18:40:57 - [TEST_STEP][PASSED] - openBrowser: Browser is opened with url: ''

2018-12-10 18:40:57 - [MESSAGE][WARNING] - A browser is already opened. Closing browser and opening a new one

2018-12-10 18:41:00 - [MESSAGE][PASSED] - Browser is opened with url: ''

2018-12-10 18:41:00 - [TEST_STEP][PASSED] - navigateToUrl: Navigate to 'https://assist2-uat.perkeso.gov.my/login' successfully

2018-12-10 18:41:01 - [MESSAGE][PASSED] - Navigate to 'https://assist2-uat.perkeso.gov.my/login' successfully

2018-12-10 18:41:01 - [TEST_STEP][PASSED] - setText: Text 'johorotc1@gmail.com' is set on object 'Object Repository/Final Object Repo/Login Page/Internal User/Email Address'

2018-12-10 18:41:01 - [MESSAGE][PASSED] - Text 'johorotc1@gmail.com' is set on object 'Object Repository/Final Object Repo/Login Page/Internal User/Email Address'

2018-12-10 18:41:01 - [TEST_STEP][PASSED] - click: Object: 'Object Repository/Final Object Repo/Login Page/Internal User/Next Button' is clicked on

2018-12-10 18:41:01 - [MESSAGE][PASSED] - Object: 'Object Repository/Final Object Repo/Login Page/Internal User/Next Button' is clicked on

2018-12-10 18:41:01 - [TEST_STEP][PASSED] - delay: Delayed 1 second(s)

2018-12-10 18:41:02 - [MESSAGE][PASSED] - Delayed 1 second(s)

2018-12-10 18:41:02 - [TEST_STEP][PASSED] - setEncryptedText: Text ****** has been set on object 'Object Repository/Final Object Repo/Login Page/Internal User/Password'

2018-12-10 18:41:03 - [MESSAGE][PASSED] - Text ****** has been set on object 'Object Repository/Final Object Repo/Login Page/Internal User/Password'

2018-12-10 18:41:03 - [TEST_STEP][PASSED] - click: Object: 'Object Repository/Final Object Repo/Login Page/Internal User/Login Button' is clicked on

2018-12-10 18:41:03 - [MESSAGE][PASSED] - Object: 'Object Repository/Final Object Repo/Login Page/Internal User/Login Button' is clicked on

2018-12-10 18:41:03 - [TEST_STEP][PASSED] - delay: Delayed 1 second(s)

2018-12-10 18:41:04 - [MESSAGE][PASSED] - Delayed 1 second(s)

2018-12-10 18:41:04 - [TEST_STEP][PASSED] - Statement - Try: Delayed 2 second(s)

2018-12-10 18:41:04 - [TEST_STEP][PASSED] - Statement - Checker = false: null

2018-12-10 18:41:04 - [TEST_STEP][PASSED] - Statement - Checker = com.kms.katalon.core.webui.keyword.WebUiBuiltInKeywords.verifyElementHasAttribute(com.kms.katalon.core.testobject.ObjectRepository.findTestObject(Final Object Repo/Landing Page/BM Detecting), "href", 20, OPTIONAL): Object 'Object Repository/Final Object Repo/Landing Page/BM Detecting' has attribute 'href'

2018-12-10 18:41:05 - [MESSAGE][PASSED] - Object 'Object Repository/Final Object Repo/Landing Page/BM Detecting' has attribute 'href'

2018-12-10 18:41:05 - [TEST_STEP][PASSED] - Statement - out.println(Checker): null

2018-12-10 18:41:05 - [TEST_STEP][PASSED] - Statement - If (Checker == false): null

2018-12-10 18:41:05 - [TEST_STEP][PASSED] - Statement - Else: null

2018-12-10 18:41:05 - [TEST_STEP][PASSED] - delay: Delayed 2 second(s)

2018-12-10 18:41:07 - [MESSAGE][PASSED] - Delayed 2 second(s)

2018-12-10 18:41:07 - [TEST_STEP][PASSED] - navigateToUrl: Navigate to 'https://assist2-uat.perkeso.gov.my/web/registration/registration' successfully

2018-12-10 18:41:08 - [MESSAGE][PASSED] - Navigate to 'https://assist2-uat.perkeso.gov.my/web/registration/registration' successfully

2018-12-10 18:41:08 - [TEST_STEP][PASSED] - click: Object: 'Object Repository/Final Object Repo/New Registration - Registration Module Pages/Form 1/AEC - No' is clicked on

2018-12-10 18:41:08 - [MESSAGE][PASSED] - Object: 'Object Repository/Final Object Repo/New Registration - Registration Module Pages/Form 1/AEC - No' is clicked on

2018-12-10 18:41:08 - [TEST_STEP][PASSED] - click: Object: 'Object Repository/Final Object Repo/New Registration - Registration Module Pages/Form 1/Business Entity' is clicked on

2018-12-10 18:41:08 - [MESSAGE][PASSED] - Object: 'Object Repository/Final Object Repo/New Registration - Registration Module Pages/Form 1/Business Entity' is clicked on

2018-12-10 18:41:08 - [TEST_STEP][PASSED] - click: Object: 'Object Repository/Final Object Repo/New Registration - Registration Module Pages/Form 1/Business Entity - Other' is clicked on

2018-12-10 18:41:09 - [MESSAGE][PASSED] - Object: 'Object Repository/Final Object Repo/New Registration - Registration Module Pages/Form 1/Business Entity - Other' is clicked on

2018-12-10 18:41:09 - [TEST_STEP][PASSED] - delay: Delayed 1 second(s)

2018-12-10 18:41:10 - [MESSAGE][PASSED] - Delayed 1 second(s)

2018-12-10 18:41:10 - [TEST_STEP][PASSED] - click: Object: 'Object Repository/Final Object Repo/New Registration - Registration Module Pages/Form 1/Sub Business Entity' is clicked on

2018-12-10 18:41:10 - [MESSAGE][PASSED] - Object: 'Object Repository/Final Object Repo/New Registration - Registration Module Pages/Form 1/Sub Business Entity' is clicked on

2018-12-10 18:41:10 - [TEST_STEP][PASSED] - click: Object: 'Object Repository/Final Object Repo/New Registration - Registration Module Pages/Form 1/Sub Business Entity - Other/Sub Business Entity  - Local Authority' is clicked on

2018-12-10 18:41:10 - [MESSAGE][PASSED] - Object: 'Object Repository/Final Object Repo/New Registration - Registration Module Pages/Form 1/Sub Business Entity - Other/Sub Business Entity  - Local Authority' is clicked on

2018-12-10 18:41:10 - [TEST_STEP][PASSED] - delay: Delayed 1 second(s)

2018-12-10 18:41:11 - [MESSAGE][PASSED] - Delayed 1 second(s)

2018-12-10 18:41:11 - [TEST_STEP][PASSED] - click: Object: 'Object Repository/Final Object Repo/New Registration - Registration Module Pages/Form 1/Sub Business Entity List' is clicked on

2018-12-10 18:41:11 - [MESSAGE][PASSED] - Object: 'Object Repository/Final Object Repo/New Registration - Registration Module Pages/Form 1/Sub Business Entity List' is clicked on

2018-12-10 18:41:11 - [TEST_STEP][PASSED] - click: Object: 'Object Repository/Final Object Repo/New Registration - Registration Module Pages/Form 1/Sub Business Entity List - Other/Sub Business Entity List - Others - Local Authority - Perak' is clicked on

2018-12-10 18:41:11 - [MESSAGE][PASSED] - Object: 'Object Repository/Final Object Repo/New Registration - Registration Module Pages/Form 1/Sub Business Entity List - Other/Sub Business Entity List - Others - Local Authority - Perak' is clicked on

2018-12-10 18:41:11 - [TEST_STEP][PASSED] - delay: Delayed 1 second(s)

2018-12-10 18:41:12 - [MESSAGE][PASSED] - Delayed 1 second(s)

2018-12-10 18:41:12 - [TEST_STEP][NOT_RUN] - setText: NOT_RUN: setText

2018-12-10 18:41:12 - [MESSAGE][NOT_RUN] - NOT_RUN: setText

2018-12-10 18:41:12 - [TEST_STEP][NOT_RUN] - click: NOT_RUN: click

2018-12-10 18:41:12 - [MESSAGE][NOT_RUN] - NOT_RUN: click

2018-12-10 18:41:12 - [TEST_STEP][PASSED] - click: Object: 'Object Repository/Final Object Repo/New Registration - Registration Module Pages/Form 1/Registered As a Branch - Yes' is clicked on

2018-12-10 18:41:13 - [MESSAGE][PASSED] - Object: 'Object Repository/Final Object Repo/New Registration - Registration Module Pages/Form 1/Registered As a Branch - Yes' is clicked on

2018-12-10 18:41:13 - [TEST_STEP][PASSED] - delay: Delayed 1 second(s)

2018-12-10 18:41:14 - [MESSAGE][PASSED] - Delayed 1 second(s)

2018-12-10 18:41:14 - [TEST_STEP][NOT_RUN] - verifyElementNotClickable: NOT_RUN: verifyElementNotClickable

2018-12-10 18:41:14 - [MESSAGE][NOT_RUN] - NOT_RUN: verifyElementNotClickable

2018-12-10 18:41:14 - [TEST_STEP][PASSED] - verifyElementPresent: Object 'Object Repository/Final Object Repo/New Registration - Registration Module Pages/Form 1/Acknowledgement Disabled' is present

2018-12-10 18:41:14 - [MESSAGE][WARNING] - Timeout '0' is invalid. Using default page load timeout: '30'

2018-12-10 18:41:14 - [MESSAGE][PASSED] - Object 'Object Repository/Final Object Repo/New Registration - Registration Module Pages/Form 1/Acknowledgement Disabled' is present

2018-12-10 18:41:14 - [TEST_STEP][PASSED] - click: Object: 'Object Repository/Final Object Repo/New Registration - Registration Module Pages/Form 1/Industry Name Selection' is clicked on

2018-12-10 18:41:14 - [MESSAGE][PASSED] - Object: 'Object Repository/Final Object Repo/New Registration - Registration Module Pages/Form 1/Industry Name Selection' is clicked on

2018-12-10 18:41:14 - [TEST_STEP][PASSED] - click: Object: 'Object Repository/Final Object Repo/New Registration - Registration Module Pages/Form 1/Industry Name List - Other/Others - Local Authority - Perak - MAJLIS' is clicked on

2018-12-10 18:41:14 - [MESSAGE][PASSED] - Object: 'Object Repository/Final Object Repo/New Registration - Registration Module Pages/Form 1/Industry Name List - Other/Others - Local Authority - Perak - MAJLIS' is clicked on

2018-12-10 18:41:14 - [TEST_STEP][PASSED] - delay: Delayed 1 second(s)

2018-12-10 18:41:15 - [MESSAGE][PASSED] - Delayed 1 second(s)

2018-12-10 18:41:15 - [TEST_STEP][PASSED] - setText: Text 'perkeso1' is set on object 'Object Repository/Final Object Repo/New Registration - Registration Module Pages/Form 1/Postal Address1'

2018-12-10 18:41:15 - [MESSAGE][PASSED] - Text 'perkeso1' is set on object 'Object Repository/Final Object Repo/New Registration - Registration Module Pages/Form 1/Postal Address1'

2018-12-10 18:41:15 - [TEST_STEP][PASSED] - setText: Text 'perkeso2' is set on object 'Object Repository/Final Object Repo/New Registration - Registration Module Pages/Form 1/Postal Address2'

2018-12-10 18:41:16 - [MESSAGE][PASSED] - Text 'perkeso2' is set on object 'Object Repository/Final Object Repo/New Registration - Registration Module Pages/Form 1/Postal Address2'

2018-12-10 18:41:16 - [TEST_STEP][PASSED] - setText: Text 'perkeso3' is set on object 'Object Repository/Final Object Repo/New Registration - Registration Module Pages/Form 1/Postal Address3'

2018-12-10 18:41:16 - [MESSAGE][PASSED] - Text 'perkeso3' is set on object 'Object Repository/Final Object Repo/New Registration - Registration Module Pages/Form 1/Postal Address3'

2018-12-10 18:41:16 - [TEST_STEP][PASSED] - click: Object: 'Object Repository/Final Object Repo/New Registration - Registration Module Pages/Form 1/State' is clicked on

2018-12-10 18:41:16 - [MESSAGE][PASSED] - Object: 'Object Repository/Final Object Repo/New Registration - Registration Module Pages/Form 1/State' is clicked on

2018-12-10 18:41:16 - [TEST_STEP][PASSED] - click: Object: 'Object Repository/Final Object Repo/New Registration - Registration Module Pages/Form 1/State - Johor' is clicked on

2018-12-10 18:41:17 - [MESSAGE][PASSED] - Object: 'Object Repository/Final Object Repo/New Registration - Registration Module Pages/Form 1/State - Johor' is clicked on

2018-12-10 18:41:17 - [TEST_STEP][PASSED] - delay: Delayed 1 second(s)

2018-12-10 18:41:18 - [MESSAGE][PASSED] - Delayed 1 second(s)

2018-12-10 18:41:18 - [TEST_STEP][PASSED] - click: Object: 'Object Repository/Final Object Repo/New Registration - Registration Module Pages/Form 1/City' is clicked on

2018-12-10 18:41:18 - [MESSAGE][PASSED] - Object: 'Object Repository/Final Object Repo/New Registration - Registration Module Pages/Form 1/City' is clicked on

2018-12-10 18:41:18 - [TEST_STEP][PASSED] - setText: Text 'joh' is set on object 'Object Repository/Final Object Repo/New Registration - Registration Module Pages/Form 1/Postcode - 810'

2018-12-10 18:41:18 - [MESSAGE][PASSED] - Text 'joh' is set on object 'Object Repository/Final Object Repo/New Registration - Registration Module Pages/Form 1/Postcode - 810'

2018-12-10 18:41:18 - [TEST_STEP][PASSED] - delay: Delayed 1 second(s)

2018-12-10 18:41:19 - [MESSAGE][PASSED] - Delayed 1 second(s)

2018-12-10 18:41:19 - [TEST_STEP][PASSED] - click: Object: 'Object Repository/Final Object Repo/New Registration - Registration Module Pages/Form 1/City - Johor Bharu' is clicked on

2018-12-10 18:41:19 - [MESSAGE][PASSED] - Object: 'Object Repository/Final Object Repo/New Registration - Registration Module Pages/Form 1/City - Johor Bharu' is clicked on

2018-12-10 18:41:19 - [TEST_STEP][PASSED] - delay: Delayed 1 second(s)

2018-12-10 18:41:20 - [MESSAGE][PASSED] - Delayed 1 second(s)

2018-12-10 18:41:20 - [TEST_STEP][PASSED] - click: Object: 'Object Repository/Final Object Repo/New Registration - Registration Module Pages/Form 1/Postcode' is clicked on

2018-12-10 18:41:20 - [MESSAGE][PASSED] - Object: 'Object Repository/Final Object Repo/New Registration - Registration Module Pages/Form 1/Postcode' is clicked on

2018-12-10 18:41:20 - [TEST_STEP][PASSED] - delay: Delayed 1 second(s)

2018-12-10 18:41:21 - [MESSAGE][PASSED] - Delayed 1 second(s)

2018-12-10 18:41:21 - [TEST_STEP][PASSED] - setText: Text '810' is set on object 'Object Repository/Final Object Repo/New Registration - Registration Module Pages/Form 1/Postcode - 810'

2018-12-10 18:41:22 - [MESSAGE][PASSED] - Text '810' is set on object 'Object Repository/Final Object Repo/New Registration - Registration Module Pages/Form 1/Postcode - 810'

2018-12-10 18:41:22 - [TEST_STEP][PASSED] - delay: Delayed 1 second(s)

2018-12-10 18:41:23 - [MESSAGE][PASSED] - Delayed 1 second(s)

2018-12-10 18:41:23 - [TEST_STEP][PASSED] - click: Object: 'Object Repository/Final Object Repo/New Registration - Registration Module Pages/Form 1/Postcode - 81000' is clicked on

2018-12-10 18:41:23 - [MESSAGE][PASSED] - Object: 'Object Repository/Final Object Repo/New Registration - Registration Module Pages/Form 1/Postcode - 81000' is clicked on

2018-12-10 18:41:23 - [TEST_STEP][PASSED] - delay: Delayed 1 second(s)

2018-12-10 18:41:24 - [MESSAGE][PASSED] - Delayed 1 second(s)

2018-12-10 18:41:24 - [TEST_STEP][PASSED] - setText: Text '100' is set on object 'Object Repository/Final Object Repo/New Registration - Registration Module Pages/Form 1/P.O.BOX'

2018-12-10 18:41:24 - [MESSAGE][PASSED] - Text '100' is set on object 'Object Repository/Final Object Repo/New Registration - Registration Module Pages/Form 1/P.O.BOX'

2018-12-10 18:41:24 - [TEST_STEP][PASSED] - setText: Text '100' is set on object 'Object Repository/Final Object Repo/New Registration - Registration Module Pages/Form 1/Locked Bag No'

2018-12-10 18:41:24 - [MESSAGE][PASSED] - Text '100' is set on object 'Object Repository/Final Object Repo/New Registration - Registration Module Pages/Form 1/Locked Bag No'

2018-12-10 18:41:24 - [TEST_STEP][PASSED] - click: Object: 'Object Repository/Final Object Repo/New Registration - Registration Module Pages/Form 1/SOCSO Office Location' is clicked on

2018-12-10 18:41:25 - [MESSAGE][PASSED] - Object: 'Object Repository/Final Object Repo/New Registration - Registration Module Pages/Form 1/SOCSO Office Location' is clicked on

2018-12-10 18:41:25 - [TEST_STEP][PASSED] - click: Object: 'Object Repository/Final Object Repo/New Registration - Registration Module Pages/Form 1/SOCSO Office Location - Pejabat PERKESO Negeri Johor' is clicked on

2018-12-10 18:41:25 - [MESSAGE][PASSED] - Object: 'Object Repository/Final Object Repo/New Registration - Registration Module Pages/Form 1/SOCSO Office Location - Pejabat PERKESO Negeri Johor' is clicked on

2018-12-10 18:41:25 - [TEST_STEP][PASSED] - delay: Delayed 1 second(s)

2018-12-10 18:41:26 - [MESSAGE][PASSED] - Delayed 1 second(s)

2018-12-10 18:41:26 - [TEST_STEP][PASSED] - check: Object 'Object Repository/Final Object Repo/New Registration - Registration Module Pages/Form 1/Indusrty Address Same As Postal Address' is checked

2018-12-10 18:41:26 - [MESSAGE][PASSED] - Object 'Object Repository/Final Object Repo/New Registration - Registration Module Pages/Form 1/Indusrty Address Same As Postal Address' is checked

2018-12-10 18:41:26 - [TEST_STEP][PASSED] - delay: Delayed 3 second(s)

2018-12-10 18:41:29 - [MESSAGE][PASSED] - Delayed 3 second(s)

2018-12-10 18:41:29 - [TEST_STEP][PASSED] - click: Object: 'Object Repository/Final Object Repo/New Registration - Registration Module Pages/Form 1/Indusry Address Same As Postal Address False' is clicked on

2018-12-10 18:41:29 - [MESSAGE][PASSED] - Object: 'Object Repository/Final Object Repo/New Registration - Registration Module Pages/Form 1/Indusry Address Same As Postal Address False' is clicked on

2018-12-10 18:41:29 - [TEST_STEP][PASSED] - delay: Delayed 1 second(s)

2018-12-10 18:41:30 - [MESSAGE][PASSED] - Delayed 1 second(s)

2018-12-10 18:41:30 - [TEST_STEP][PASSED] - setText: Text 'perkeso1' is set on object 'Object Repository/Final Object Repo/New Registration - Registration Module Pages/Form 1/Industry Address1'

2018-12-10 18:41:31 - [MESSAGE][PASSED] - Text 'perkeso1' is set on object 'Object Repository/Final Object Repo/New Registration - Registration Module Pages/Form 1/Industry Address1'

2018-12-10 18:41:31 - [TEST_STEP][PASSED] - setText: Text 'perkeso2' is set on object 'Object Repository/Final Object Repo/New Registration - Registration Module Pages/Form 1/Industry Address2'

2018-12-10 18:41:31 - [MESSAGE][PASSED] - Text 'perkeso2' is set on object 'Object Repository/Final Object Repo/New Registration - Registration Module Pages/Form 1/Industry Address2'

2018-12-10 18:41:31 - [TEST_STEP][PASSED] - setText: Text 'perkeso3' is set on object 'Object Repository/Final Object Repo/New Registration - Registration Module Pages/Form 1/Industry Address3'

2018-12-10 18:41:31 - [MESSAGE][PASSED] - Text 'perkeso3' is set on object 'Object Repository/Final Object Repo/New Registration - Registration Module Pages/Form 1/Industry Address3'

2018-12-10 18:41:31 - [TEST_STEP][PASSED] - click: Object: 'Object Repository/Final Object Repo/New Registration - Registration Module Pages/Form 1/Industry State' is clicked on

2018-12-10 18:41:31 - [MESSAGE][PASSED] - Object: 'Object Repository/Final Object Repo/New Registration - Registration Module Pages/Form 1/Industry State' is clicked on

2018-12-10 18:41:31 - [TEST_STEP][PASSED] - delay: Delayed 2 second(s)

2018-12-10 18:41:33 - [MESSAGE][PASSED] - Delayed 2 second(s)

2018-12-10 18:41:33 - [TEST_STEP][PASSED] - click: Object: 'Object Repository/Final Object Repo/New Registration - Registration Module Pages/Form 1/Industry State - Johor' is clicked on

2018-12-10 18:41:34 - [MESSAGE][PASSED] - Object: 'Object Repository/Final Object Repo/New Registration - Registration Module Pages/Form 1/Industry State - Johor' is clicked on

2018-12-10 18:41:34 - [TEST_STEP][PASSED] - delay: Delayed 2 second(s)

2018-12-10 18:41:36 - [MESSAGE][PASSED] - Delayed 2 second(s)

2018-12-10 18:41:36 - [TEST_STEP][PASSED] - click: Object: 'Object Repository/Final Object Repo/New Registration - Registration Module Pages/Form 1/Industry Ciry' is clicked on

2018-12-10 18:41:36 - [MESSAGE][PASSED] - Object: 'Object Repository/Final Object Repo/New Registration - Registration Module Pages/Form 1/Industry Ciry' is clicked on

2018-12-10 18:41:36 - [TEST_STEP][PASSED] - setText: Text 'joh' is set on object 'Object Repository/Final Object Repo/New Registration - Registration Module Pages/Form 1/Industry Ciry - joh'

2018-12-10 18:41:36 - [MESSAGE][PASSED] - Text 'joh' is set on object 'Object Repository/Final Object Repo/New Registration - Registration Module Pages/Form 1/Industry Ciry - joh'

2018-12-10 18:41:36 - [TEST_STEP][PASSED] - delay: Delayed 2 second(s)

2018-12-10 18:41:38 - [MESSAGE][PASSED] - Delayed 2 second(s)

2018-12-10 18:41:38 - [TEST_STEP][PASSED] - click: Object: 'Object Repository/Final Object Repo/New Registration - Registration Module Pages/Form 1/Industy State - Johor Bharu' is clicked on

2018-12-10 18:41:38 - [MESSAGE][PASSED] - Object: 'Object Repository/Final Object Repo/New Registration - Registration Module Pages/Form 1/Industy State - Johor Bharu' is clicked on

2018-12-10 18:41:38 - [TEST_STEP][PASSED] - delay: Delayed 2 second(s)

2018-12-10 18:41:40 - [MESSAGE][PASSED] - Delayed 2 second(s)

2018-12-10 18:41:40 - [TEST_STEP][PASSED] - click: Object: 'Object Repository/Final Object Repo/New Registration - Registration Module Pages/Form 1/Indusry PostCode' is clicked on

2018-12-10 18:41:40 - [MESSAGE][PASSED] - Object: 'Object Repository/Final Object Repo/New Registration - Registration Module Pages/Form 1/Indusry PostCode' is clicked on

2018-12-10 18:41:40 - [TEST_STEP][PASSED] - delay: Delayed 2 second(s)

2018-12-10 18:41:42 - [MESSAGE][PASSED] - Delayed 2 second(s)

2018-12-10 18:41:42 - [TEST_STEP][PASSED] - setText: Text '810' is set on object 'Object Repository/Final Object Repo/New Registration - Registration Module Pages/Form 1/Insutry Post Code - 810'

2018-12-10 18:41:43 - [MESSAGE][PASSED] - Text '810' is set on object 'Object Repository/Final Object Repo/New Registration - Registration Module Pages/Form 1/Insutry Post Code - 810'

2018-12-10 18:41:43 - [TEST_STEP][PASSED] - delay: Delayed 1 second(s)

2018-12-10 18:41:44 - [MESSAGE][PASSED] - Delayed 1 second(s)

2018-12-10 18:41:44 - [TEST_STEP][PASSED] - click: Object: 'Object Repository/Final Object Repo/New Registration - Registration Module Pages/Form 1/Insutry Post Code - 81000' is clicked on

2018-12-10 18:41:44 - [MESSAGE][PASSED] - Object: 'Object Repository/Final Object Repo/New Registration - Registration Module Pages/Form 1/Insutry Post Code - 81000' is clicked on

2018-12-10 18:41:44 - [TEST_STEP][PASSED] - delay: Delayed 1 second(s)

2018-12-10 18:41:45 - [MESSAGE][PASSED] - Delayed 1 second(s)

2018-12-10 18:41:45 - [TEST_STEP][PASSED] - setText: Text '100' is set on object 'Object Repository/Final Object Repo/New Registration - Registration Module Pages/Form 1/Industry P.O.BOX'

2018-12-10 18:41:45 - [MESSAGE][PASSED] - Text '100' is set on object 'Object Repository/Final Object Repo/New Registration - Registration Module Pages/Form 1/Industry P.O.BOX'

2018-12-10 18:41:45 - [TEST_STEP][PASSED] - setText: Text '100' is set on object 'Object Repository/Final Object Repo/New Registration - Registration Module Pages/Form 1/Industry Locked Bag No'

2018-12-10 18:41:45 - [MESSAGE][PASSED] - Text '100' is set on object 'Object Repository/Final Object Repo/New Registration - Registration Module Pages/Form 1/Industry Locked Bag No'

2018-12-10 18:41:45 - [TEST_STEP][PASSED] - setText: Text '123456789' is set on object 'Object Repository/Final Object Repo/New Registration - Registration Module Pages/Form 1/Telephone No'

2018-12-10 18:41:46 - [MESSAGE][PASSED] - Text '123456789' is set on object 'Object Repository/Final Object Repo/New Registration - Registration Module Pages/Form 1/Telephone No'

2018-12-10 18:41:46 - [TEST_STEP][PASSED] - setText: Text '123456789' is set on object 'Object Repository/Final Object Repo/New Registration - Registration Module Pages/Form 1/Mobile No'

2018-12-10 18:41:46 - [MESSAGE][PASSED] - Text '123456789' is set on object 'Object Repository/Final Object Repo/New Registration - Registration Module Pages/Form 1/Mobile No'

2018-12-10 18:41:46 - [TEST_STEP][PASSED] - setText: Text '123456789' is set on object 'Object Repository/Final Object Repo/New Registration - Registration Module Pages/Form 1/Fax No'

2018-12-10 18:41:47 - [MESSAGE][PASSED] - Text '123456789' is set on object 'Object Repository/Final Object Repo/New Registration - Registration Module Pages/Form 1/Fax No'

2018-12-10 18:41:47 - [TEST_STEP][PASSED] - click: Object: 'Object Repository/Final Object Repo/New Registration - Registration Module Pages/Form 1/Industry Code' is clicked on

2018-12-10 18:41:47 - [MESSAGE][PASSED] - Object: 'Object Repository/Final Object Repo/New Registration - Registration Module Pages/Form 1/Industry Code' is clicked on

2018-12-10 18:41:47 - [TEST_STEP][PASSED] - click: Object: 'Object Repository/Final Object Repo/New Registration - Registration Module Pages/Form 1/Indudustry Code - Crops and Animal' is clicked on

2018-12-10 18:41:47 - [MESSAGE][PASSED] - Object: 'Object Repository/Final Object Repo/New Registration - Registration Module Pages/Form 1/Indudustry Code - Crops and Animal' is clicked on

2018-12-10 18:41:47 - [TEST_STEP][PASSED] - delay: Delayed 1 second(s)

2018-12-10 18:41:48 - [MESSAGE][PASSED] - Delayed 1 second(s)

2018-12-10 18:41:48 - [TEST_STEP][PASSED] - click: Object: 'Object Repository/Final Object Repo/New Registration - Registration Module Pages/Form 1/Sub Industry Code List' is clicked on

2018-12-10 18:41:48 - [MESSAGE][PASSED] - Object: 'Object Repository/Final Object Repo/New Registration - Registration Module Pages/Form 1/Sub Industry Code List' is clicked on

2018-12-10 18:41:48 - [TEST_STEP][PASSED] - click: Object: 'Object Repository/Final Object Repo/New Registration - Registration Module Pages/Form 1/Sub Industry Code List - Growing of Maize' is clicked on

2018-12-10 18:41:48 - [MESSAGE][PASSED] - Object: 'Object Repository/Final Object Repo/New Registration - Registration Module Pages/Form 1/Sub Industry Code List - Growing of Maize' is clicked on

2018-12-10 18:41:48 - [TEST_STEP][PASSED] - setText: Text 'perkeso123@gmail.com' is set on object 'Object Repository/Final Object Repo/New Registration - Registration Module Pages/Form 1/Email'

2018-12-10 18:41:49 - [MESSAGE][PASSED] - Text 'perkeso123@gmail.com' is set on object 'Object Repository/Final Object Repo/New Registration - Registration Module Pages/Form 1/Email'

2018-12-10 18:41:49 - [TEST_STEP][PASSED] - click: Object: 'Object Repository/Final Object Repo/New Registration - Registration Module Pages/Form 1/Method of Contribution Payment' is clicked on

2018-12-10 18:41:49 - [MESSAGE][PASSED] - Object: 'Object Repository/Final Object Repo/New Registration - Registration Module Pages/Form 1/Method of Contribution Payment' is clicked on

2018-12-10 18:41:49 - [TEST_STEP][PASSED] - click: Object: 'Object Repository/Final Object Repo/New Registration - Registration Module Pages/Form 1/Method of Contribution Payment - Portal' is clicked on

2018-12-10 18:41:49 - [MESSAGE][PASSED] - Object: 'Object Repository/Final Object Repo/New Registration - Registration Module Pages/Form 1/Method of Contribution Payment - Portal' is clicked on

2018-12-10 18:41:49 - [TEST_STEP][PASSED] - click: Object: 'Object Repository/Final Object Repo/New Registration - Registration Module Pages/Form 1/Servide Type' is clicked on

2018-12-10 18:41:50 - [MESSAGE][PASSED] - Object: 'Object Repository/Final Object Repo/New Registration - Registration Module Pages/Form 1/Servide Type' is clicked on

2018-12-10 18:41:50 - [TEST_STEP][PASSED] - click: Object: 'Object Repository/Final Object Repo/New Registration - Registration Module Pages/Form 1/Servide Type - Professional Bodies' is clicked on

2018-12-10 18:41:50 - [MESSAGE][PASSED] - Object: 'Object Repository/Final Object Repo/New Registration - Registration Module Pages/Form 1/Servide Type - Professional Bodies' is clicked on

2018-12-10 18:41:50 - [TEST_STEP][PASSED] - click: Object: 'Object Repository/Final Object Repo/New Registration - Registration Module Pages/Form 1/Industry Venue' is clicked on

2018-12-10 18:41:50 - [MESSAGE][PASSED] - Object: 'Object Repository/Final Object Repo/New Registration - Registration Module Pages/Form 1/Industry Venue' is clicked on

2018-12-10 18:41:50 - [TEST_STEP][PASSED] - click: Object: 'Object Repository/Final Object Repo/New Registration - Registration Module Pages/Form 1/Industry Venue -  PPN JOHOR' is clicked on

2018-12-10 18:41:50 - [MESSAGE][PASSED] - Object: 'Object Repository/Final Object Repo/New Registration - Registration Module Pages/Form 1/Industry Venue -  PPN JOHOR' is clicked on

2018-12-10 18:41:50 - [TEST_STEP][PASSED] - click: Object: 'Object Repository/Final Object Repo/New Registration - Registration Module Pages/Form 1/Save  Continue' is clicked on

2018-12-10 18:41:50 - [MESSAGE][PASSED] - Object: 'Object Repository/Final Object Repo/New Registration - Registration Module Pages/Form 1/Save  Continue' is clicked on

2018-12-10 18:41:50 - [MESSAGE][PASSED] - Call Test Case 'Test Cases/Final Aug 2018 - PKS Automation/Registration Module/New Registration/Form 1/Form 1 - Other - Local Authority' successfully

2018-12-10 18:41:50 - [TEST_STEP][PASSED] - callTestCase: Call Test Case 'Test Cases/Final Aug 2018 - PKS Automation/Registration Module/New Registration/Form 2/Add 2 Not Eligible - No 3rd Screen' successfully

2018-12-10 18:41:50 - [TEST_CASE][PASSED] - Test Cases/Final Aug 2018 - PKS Automation/Registration Module/New Registration/Form 2/Add 2 Not Eligible - No 3rd Screen: Test Cases/Final Aug 2018 - PKS Automation/Registration Module/New Registration/Form 2/Add 2 Not Eligible - No 3rd Screen

2018-12-10 18:41:50 - [TEST_STEP][PASSED] - delay: Delayed 2 second(s)

2018-12-10 18:41:52 - [MESSAGE][PASSED] - Delayed 2 second(s)

2018-12-10 18:41:52 - [TEST_STEP][PASSED] - callTestCase: Call Test Case 'Test Cases/Final Aug 2018 - PKS Automation/Registration Module/New Registration/Form 2/Date Updater' successfully

2018-12-10 18:41:52 - [TEST_CASE][PASSED] - Test Cases/Final Aug 2018 - PKS Automation/Registration Module/New Registration/Form 2/Date Updater: Test Cases/Final Aug 2018 - PKS Automation/Registration Module/New Registration/Form 2/Date Updater

2018-12-10 18:41:53 - [TEST_STEP][PASSED] - Statement - TodayDate = new java.util.Date(): null

2018-12-10 18:41:53 - [TEST_STEP][PASSED] - Statement - CurrentDateNoFilter = new java.text.SimpleDateFormat(): null

2018-12-10 18:41:53 - [TEST_STEP][PASSED] - Statement - CurrentDateNoFilter.applyPattern("MM"): null

2018-12-10 18:41:53 - [TEST_STEP][PASSED] - Statement - monthContainerMatcher = java.lang.Integer.parseInt(CurrentDateNoFilter.format(TodayDate)): null

2018-12-10 18:41:53 - [TEST_STEP][PASSED] - Statement - monthContainerMatcher = monthContainerMatcher - 1: null

2018-12-10 18:41:53 - [TEST_STEP][PASSED] - Statement - CurrentMonth = monthContainerMatcher.toString(): null

2018-12-10 18:41:53 - [TEST_STEP][PASSED] - Statement - CurrentMonth = CurrentMonth: null

2018-12-10 18:41:53 - [TEST_STEP][PASSED] - Statement - CurrentDateNoFilter.applyPattern("yyyy"): null

2018-12-10 18:41:53 - [TEST_STEP][PASSED] - Statement - CurrentYear = CurrentDateNoFilter.format(TodayDate): null

2018-12-10 18:41:53 - [TEST_STEP][PASSED] - Statement - CurrentYear = CurrentYear: null

2018-12-10 18:41:53 - [TEST_STEP][PASSED] - Statement - intCurrentYear = java.lang.Integer.parseInt(CurrentDateNoFilter.format(TodayDate)): null

2018-12-10 18:41:53 - [TEST_STEP][PASSED] - Statement - eighteenYrsAgo = intCurrentYear - 18: null

2018-12-10 18:41:53 - [TEST_STEP][PASSED] - Statement - eighteenYrsBeforeThisYr = eighteenYrsAgo.toString(): null

2018-12-10 18:41:53 - [TEST_STEP][PASSED] - Statement - EighteenYrsBefore = eighteenYrsBeforeThisYr: null

2018-12-10 18:41:53 - [TEST_STEP][PASSED] - Statement - fiftysevenYrsAgo = intCurrentYear - 57: null

2018-12-10 18:41:53 - [TEST_STEP][PASSED] - Statement - fiftysevenYrsBeforeThisYr = fiftysevenYrsAgo.toString(): null

2018-12-10 18:41:53 - [TEST_STEP][PASSED] - Statement - FiftysevenYrsBefore = fiftysevenYrsBeforeThisYr: null

2018-12-10 18:41:53 - [TEST_STEP][PASSED] - Statement - leapYear = false: null

2018-12-10 18:41:53 - [TEST_STEP][PASSED] - Statement - leapYear = intCurrentYear % 4 == 0: null

2018-12-10 18:41:53 - [TEST_STEP][PASSED] - Statement - CurrentDateNoFilter.applyPattern("dd"): null

2018-12-10 18:41:53 - [TEST_STEP][PASSED] - Statement - CurrentDate = CurrentDateNoFilter.format(TodayDate): null

2018-12-10 18:41:53 - [TEST_STEP][PASSED] - Statement - CurrentDate = java.lang.Integer.parseInt(CurrentDate): null

2018-12-10 18:41:53 - [TEST_STEP][PASSED] - Statement - CurrentDate = CurrentDate: null

2018-12-10 18:41:53 - [TEST_STEP][PASSED] - Statement - CurrentDay = java.lang.Integer.parseInt(CurrentDate): null

2018-12-10 18:41:53 - [TEST_STEP][PASSED] - Statement - ConfAdder = <not implemented yet for class: org.codehaus.groovy.ast.expr.EmptyExpression>: null

2018-12-10 18:41:53 - [TEST_STEP][PASSED] - Statement - out.println(CurrentMonth): null

2018-12-10 18:41:53 - [TEST_STEP][PASSED] - Statement - out.println(CurrentDate): null

2018-12-10 18:41:53 - [TEST_STEP][PASSED] - Statement - switch (CurrentDate): null

2018-12-10 18:41:53 - [TEST_STEP][PASSED] - Statement - Default: null

2018-12-10 18:41:53 - [TEST_STEP][PASSED] - Statement - ConfAdder = true: null

2018-12-10 18:41:53 - [TEST_STEP][PASSED] - Statement - Break: null

2018-12-10 18:41:53 - [TEST_STEP][PASSED] - Statement - aDayBefore = <not implemented yet for class: org.codehaus.groovy.ast.expr.EmptyExpression>: null

2018-12-10 18:41:53 - [TEST_STEP][PASSED] - Statement - out.println(ConfAdder): null

2018-12-10 18:41:53 - [TEST_STEP][PASSED] - Statement - If (ConfAdder == true): null

2018-12-10 18:41:53 - [TEST_STEP][PASSED] - Statement - aDayBefore = CurrentDay + 1: null

2018-12-10 18:41:53 - [TEST_STEP][PASSED] - Statement - out.println(aDayBefore): null

2018-12-10 18:41:53 - [TEST_STEP][PASSED] - Statement - If (aDayBefore == 1 && CurrentMonth == 11): null

2018-12-10 18:41:53 - [TEST_STEP][PASSED] - Statement - DayBefore = aDayBefore.toString(): null

2018-12-10 18:41:53 - [TEST_STEP][PASSED] - Statement - OneDayBefore = DayBefore: null

2018-12-10 18:41:53 - [MESSAGE][PASSED] - Call Test Case 'Test Cases/Final Aug 2018 - PKS Automation/Registration Module/New Registration/Form 2/Date Updater' successfully

2018-12-10 18:41:53 - [TEST_STEP][PASSED] - Statement - CaseReferenceNo = com.kms.katalon.core.webui.keyword.WebUiBuiltInKeywords.getText(com.kms.katalon.core.testobject.ObjectRepository.findTestObject(Final Object Repo/New Registration - Registration Module Pages/Form 2/RefNo Acquiring)): Text of object 'Object Repository/Final Object Repo/New Registration - Registration Module Pages/Form 2/RefNo Acquiring' is: 'CRN12201800123147'

2018-12-10 18:41:53 - [MESSAGE][PASSED] - Text of object 'Object Repository/Final Object Repo/New Registration - Registration Module Pages/Form 2/RefNo Acquiring' is: 'CRN12201800123147'

2018-12-10 18:41:53 - [TEST_STEP][PASSED] - delay: Delayed 6 second(s)

2018-12-10 18:41:59 - [MESSAGE][PASSED] - Delayed 6 second(s)

2018-12-10 18:41:59 - [TEST_STEP][PASSED] - click: Object: 'Object Repository/Final Object Repo/New Registration - Registration Module Pages/Form 2/Add Employee Button' is clicked on

2018-12-10 18:41:59 - [MESSAGE][PASSED] - Object: 'Object Repository/Final Object Repo/New Registration - Registration Module Pages/Form 2/Add Employee Button' is clicked on

2018-12-10 18:41:59 - [TEST_STEP][PASSED] - delay: Delayed 4 second(s)

2018-12-10 18:42:03 - [MESSAGE][PASSED] - Delayed 4 second(s)

2018-12-10 18:42:03 - [TEST_STEP][PASSED] - setText: Text '000209039189' is set on object 'Object Repository/Final Object Repo/New Registration - Registration Module Pages/Form 2/NRIC Input'

2018-12-10 18:42:03 - [MESSAGE][PASSED] - Text '000209039189' is set on object 'Object Repository/Final Object Repo/New Registration - Registration Module Pages/Form 2/NRIC Input'

2018-12-10 18:42:03 - [TEST_STEP][PASSED] - click: Object: 'Object Repository/Final Object Repo/New Registration - Registration Module Pages/Form 2/button for search for IC' is clicked on

2018-12-10 18:42:03 - [MESSAGE][PASSED] - Object: 'Object Repository/Final Object Repo/New Registration - Registration Module Pages/Form 2/button for search for IC' is clicked on

2018-12-10 18:42:03 - [TEST_STEP][PASSED] - delay: Delayed 2 second(s)

2018-12-10 18:42:05 - [MESSAGE][PASSED] - Delayed 2 second(s)

2018-12-10 18:42:05 - [TEST_STEP][PASSED] - setText: Text 'Automate001 not eligible 1' is set on object 'Object Repository/Final Object Repo/New Registration - Registration Module Pages/Form 2/Employee Name Input'

2018-12-10 18:42:06 - [MESSAGE][PASSED] - Text 'Automate001 not eligible 1' is set on object 'Object Repository/Final Object Repo/New Registration - Registration Module Pages/Form 2/Employee Name Input'

2018-12-10 18:42:06 - [TEST_STEP][PASSED] - delay: Delayed 2 second(s)

2018-12-10 18:42:08 - [MESSAGE][PASSED] - Delayed 2 second(s)

2018-12-10 18:42:08 - [TEST_STEP][PASSED] - click: Object: 'Object Repository/Final Object Repo/New Registration - Registration Module Pages/Form 2/DatePicker Pop Up' is clicked on

2018-12-10 18:42:08 - [MESSAGE][PASSED] - Object: 'Object Repository/Final Object Repo/New Registration - Registration Module Pages/Form 2/DatePicker Pop Up' is clicked on

2018-12-10 18:42:08 - [TEST_STEP][PASSED] - click: Object: 'Object Repository/Final Object Repo/New Registration - Registration Module Pages/Form 2/DOB Month' is clicked on

2018-12-10 18:42:08 - [MESSAGE][PASSED] - Object: 'Object Repository/Final Object Repo/New Registration - Registration Module Pages/Form 2/DOB Month' is clicked on

2018-12-10 18:42:08 - [TEST_STEP][PASSED] - Statement - CurrentMonth = CurrentMonth: null

2018-12-10 18:42:08 - [TEST_STEP][PASSED] - Statement - selectMonth = new com.kms.katalon.core.testobject.TestObject(): null

2018-12-10 18:42:08 - [TEST_STEP][PASSED] - Statement - selectMonth.addProperty("xpath", EQUALS, "//body/div/div/div/select/option[@value='" + CurrentMonth + "']", true): null

2018-12-10 18:42:08 - [TEST_STEP][PASSED] - click: Object: '' is clicked on

2018-12-10 18:42:08 - [MESSAGE][PASSED] - Object: '' is clicked on

2018-12-10 18:42:08 - [TEST_STEP][PASSED] - delay: Delayed 2 second(s)

2018-12-10 18:42:10 - [MESSAGE][PASSED] - Delayed 2 second(s)

2018-12-10 18:42:10 - [TEST_STEP][PASSED] - click: Object: 'Object Repository/Final Object Repo/New Registration - Registration Module Pages/Form 2/DOB Year' is clicked on

2018-12-10 18:42:11 - [MESSAGE][PASSED] - Object: 'Object Repository/Final Object Repo/New Registration - Registration Module Pages/Form 2/DOB Year' is clicked on

2018-12-10 18:42:11 - [TEST_STEP][PASSED] - Statement - Eyearsbf = EighteenYrsBefore: null

2018-12-10 18:42:11 - [TEST_STEP][PASSED] - Statement - selectYear = new com.kms.katalon.core.testobject.TestObject(): null

2018-12-10 18:42:11 - [TEST_STEP][PASSED] - Statement - selectYear.addProperty("xpath", EQUALS, "//div/div/div/select/option[@value='" + Eyearsbf + "']", true): null

2018-12-10 18:42:11 - [TEST_STEP][PASSED] - click: Object: '' is clicked on

2018-12-10 18:42:11 - [MESSAGE][PASSED] - Object: '' is clicked on

2018-12-10 18:42:11 - [TEST_STEP][PASSED] - delay: Delayed 3 second(s)

2018-12-10 18:42:14 - [MESSAGE][PASSED] - Delayed 3 second(s)

2018-12-10 18:42:14 - [TEST_STEP][PASSED] - Statement - UpdatedSelectDate = com.kms.katalon.core.webui.keyword.WebUiBuiltInKeywords.modifyObjectProperty(com.kms.katalon.core.testobject.ObjectRepository.findTestObject(Final Object Repo/New Registration - Registration Module Pages/Form 2/DOB Date), "xpath", "equals", "//body/div/table/tbody/tr/td/a[text()="" + OneDayBefore + ""]", true): Modify property of object successfully

2018-12-10 18:42:14 - [MESSAGE][PASSED] - Modify property of object successfully

2018-12-10 18:42:14 - [TEST_STEP][PASSED] - delay: Delayed 3 second(s)

2018-12-10 18:42:17 - [MESSAGE][PASSED] - Delayed 3 second(s)

2018-12-10 18:42:17 - [TEST_STEP][PASSED] - click: Object: 'Object Repository/Final Object Repo/New Registration - Registration Module Pages/Form 2/DOB Date' is clicked on

2018-12-10 18:42:17 - [MESSAGE][PASSED] - Object: 'Object Repository/Final Object Repo/New Registration - Registration Module Pages/Form 2/DOB Date' is clicked on

2018-12-10 18:42:17 - [TEST_STEP][PASSED] - delay: Delayed 2 second(s)

2018-12-10 18:42:19 - [MESSAGE][PASSED] - Delayed 2 second(s)

2018-12-10 18:42:19 - [TEST_STEP][PASSED] - click: Object: 'Object Repository/Final Object Repo/New Registration - Registration Module Pages/Form 2/EmploymentStartDate Pop Up' is clicked on

2018-12-10 18:42:19 - [MESSAGE][PASSED] - Object: 'Object Repository/Final Object Repo/New Registration - Registration Module Pages/Form 2/EmploymentStartDate Pop Up' is clicked on

2018-12-10 18:42:19 - [TEST_STEP][PASSED] - delay: Delayed 2 second(s)

2018-12-10 18:42:21 - [MESSAGE][PASSED] - Delayed 2 second(s)

2018-12-10 18:42:21 - [TEST_STEP][PASSED] - click: Object: 'Object Repository/Final Object Repo/New Registration - Registration Module Pages/Form 2/Socso Employment StartDate Month' is clicked on

2018-12-10 18:42:21 - [MESSAGE][PASSED] - Object: 'Object Repository/Final Object Repo/New Registration - Registration Module Pages/Form 2/Socso Employment StartDate Month' is clicked on

2018-12-10 18:42:21 - [TEST_STEP][PASSED] - delay: Delayed 1 second(s)

2018-12-10 18:42:22 - [MESSAGE][PASSED] - Delayed 1 second(s)

2018-12-10 18:42:22 - [TEST_STEP][PASSED] - click: Object: 'Object Repository/Final Object Repo/New Registration - Registration Module Pages/Form 2/Select Socso Employement Startdate Month' is clicked on

2018-12-10 18:42:22 - [MESSAGE][PASSED] - Object: 'Object Repository/Final Object Repo/New Registration - Registration Module Pages/Form 2/Select Socso Employement Startdate Month' is clicked on

2018-12-10 18:42:22 - [TEST_STEP][PASSED] - delay: Delayed 2 second(s)

2018-12-10 18:42:24 - [MESSAGE][PASSED] - Delayed 2 second(s)

2018-12-10 18:42:24 - [TEST_STEP][PASSED] - click: Object: 'Object Repository/Final Object Repo/New Registration - Registration Module Pages/Form 2/Socso Employment StartDate Year' is clicked on

2018-12-10 18:42:25 - [MESSAGE][PASSED] - Object: 'Object Repository/Final Object Repo/New Registration - Registration Module Pages/Form 2/Socso Employment StartDate Year' is clicked on

2018-12-10 18:42:25 - [TEST_STEP][PASSED] - delay: Delayed 1 second(s)

2018-12-10 18:42:26 - [MESSAGE][PASSED] - Delayed 1 second(s)

2018-12-10 18:42:26 - [TEST_STEP][PASSED] - click: Object: 'Object Repository/Final Object Repo/New Registration - Registration Module Pages/Form 2/Select Socso Employment Startdate Year' is clicked on

2018-12-10 18:42:26 - [MESSAGE][PASSED] - Object: 'Object Repository/Final Object Repo/New Registration - Registration Module Pages/Form 2/Select Socso Employment Startdate Year' is clicked on

2018-12-10 18:42:26 - [TEST_STEP][PASSED] - delay: Delayed 2 second(s)

2018-12-10 18:42:28 - [MESSAGE][PASSED] - Delayed 2 second(s)

2018-12-10 18:42:28 - [TEST_STEP][PASSED] - click: Object: 'Object Repository/Final Object Repo/New Registration - Registration Module Pages/Form 2/Socso Employment Start Date Day' is clicked on

2018-12-10 18:42:28 - [MESSAGE][PASSED] - Object: 'Object Repository/Final Object Repo/New Registration - Registration Module Pages/Form 2/Socso Employment Start Date Day' is clicked on

2018-12-10 18:42:28 - [TEST_STEP][PASSED] - delay: Delayed 2 second(s)

2018-12-10 18:42:30 - [MESSAGE][PASSED] - Delayed 2 second(s)

2018-12-10 18:42:30 - [TEST_STEP][PASSED] - click: Object: 'Object Repository/Final Object Repo/New Registration - Registration Module Pages/Form 2/Save Button for Add Employee' is clicked on

2018-12-10 18:42:30 - [MESSAGE][PASSED] - Object: 'Object Repository/Final Object Repo/New Registration - Registration Module Pages/Form 2/Save Button for Add Employee' is clicked on

2018-12-10 18:42:30 - [TEST_STEP][PASSED] - delay: Delayed 6 second(s)

2018-12-10 18:42:36 - [MESSAGE][PASSED] - Delayed 6 second(s)

2018-12-10 18:42:36 - [TEST_STEP][PASSED] - click: Object: 'Object Repository/Final Object Repo/New Registration - Registration Module Pages/Form 2/Add Employee Button' is clicked on

2018-12-10 18:42:36 - [MESSAGE][PASSED] - Object: 'Object Repository/Final Object Repo/New Registration - Registration Module Pages/Form 2/Add Employee Button' is clicked on

2018-12-10 18:42:36 - [TEST_STEP][PASSED] - delay: Delayed 4 second(s)

2018-12-10 18:42:40 - [MESSAGE][PASSED] - Delayed 4 second(s)

2018-12-10 18:42:40 - [TEST_STEP][PASSED] - setText: Text '600203039194' is set on object 'Object Repository/Final Object Repo/New Registration - Registration Module Pages/Form 2/NRIC Input'

2018-12-10 18:42:41 - [MESSAGE][PASSED] - Text '600203039194' is set on object 'Object Repository/Final Object Repo/New Registration - Registration Module Pages/Form 2/NRIC Input'

2018-12-10 18:42:41 - [TEST_STEP][PASSED] - click: Object: 'Object Repository/Final Object Repo/New Registration - Registration Module Pages/Form 2/button for search for IC' is clicked on

2018-12-10 18:42:41 - [MESSAGE][PASSED] - Object: 'Object Repository/Final Object Repo/New Registration - Registration Module Pages/Form 2/button for search for IC' is clicked on

2018-12-10 18:42:41 - [TEST_STEP][PASSED] - delay: Delayed 2 second(s)

2018-12-10 18:42:43 - [MESSAGE][PASSED] - Delayed 2 second(s)

2018-12-10 18:42:43 - [TEST_STEP][PASSED] - setText: Text 'Automate001 not eligible 2' is set on object 'Object Repository/Final Object Repo/New Registration - Registration Module Pages/Form 2/Employee Name Input'

2018-12-10 18:42:43 - [MESSAGE][PASSED] - Text 'Automate001 not eligible 2' is set on object 'Object Repository/Final Object Repo/New Registration - Registration Module Pages/Form 2/Employee Name Input'

2018-12-10 18:42:43 - [TEST_STEP][PASSED] - delay: Delayed 2 second(s)

2018-12-10 18:42:45 - [MESSAGE][PASSED] - Delayed 2 second(s)

2018-12-10 18:42:45 - [TEST_STEP][PASSED] - click: Object: 'Object Repository/Final Object Repo/New Registration - Registration Module Pages/Form 2/DatePicker Pop Up' is clicked on

2018-12-10 18:42:46 - [MESSAGE][PASSED] - Object: 'Object Repository/Final Object Repo/New Registration - Registration Module Pages/Form 2/DatePicker Pop Up' is clicked on

2018-12-10 18:42:46 - [TEST_STEP][PASSED] - delay: Delayed 1 second(s)

2018-12-10 18:42:47 - [MESSAGE][PASSED] - Delayed 1 second(s)

2018-12-10 18:42:47 - [TEST_STEP][PASSED] - click: Object: 'Object Repository/Final Object Repo/New Registration - Registration Module Pages/Form 2/DOB Month' is clicked on

2018-12-10 18:42:47 - [MESSAGE][PASSED] - Object: 'Object Repository/Final Object Repo/New Registration - Registration Module Pages/Form 2/DOB Month' is clicked on

2018-12-10 18:42:47 - [TEST_STEP][PASSED] - Statement - selectMonth = com.kms.katalon.core.webui.keyword.WebUiBuiltInKeywords.modifyObjectProperty(selectMonth, "xpath", "equals", "//body/div/div/div/select/option[@value="" + CurrentMonth + ""]", true): Modify property of object successfully

2018-12-10 18:42:47 - [MESSAGE][PASSED] - Modify property of object successfully

2018-12-10 18:42:47 - [TEST_STEP][PASSED] - click: Object: '' is clicked on

2018-12-10 18:42:47 - [MESSAGE][PASSED] - Object: '' is clicked on

2018-12-10 18:42:47 - [TEST_STEP][PASSED] - click: Object: 'Object Repository/Final Object Repo/New Registration - Registration Module Pages/Form 2/DOB Year' is clicked on

2018-12-10 18:42:47 - [MESSAGE][PASSED] - Object: 'Object Repository/Final Object Repo/New Registration - Registration Module Pages/Form 2/DOB Year' is clicked on

2018-12-10 18:42:47 - [TEST_STEP][PASSED] - Statement - selectYear = com.kms.katalon.core.webui.keyword.WebUiBuiltInKeywords.modifyObjectProperty(selectYear, "xpath", "equals", "//div/div/div/select/option[@value="" + FiftysevenYrsBefore + ""]", true): Modify property of object successfully

2018-12-10 18:42:47 - [MESSAGE][PASSED] - Modify property of object successfully

2018-12-10 18:42:47 - [TEST_STEP][PASSED] - click: Object: '' is clicked on

2018-12-10 18:42:47 - [MESSAGE][PASSED] - Object: '' is clicked on

2018-12-10 18:42:47 - [TEST_STEP][PASSED] - Statement - UpdatedSelectDate = com.kms.katalon.core.webui.keyword.WebUiBuiltInKeywords.modifyObjectProperty(com.kms.katalon.core.testobject.ObjectRepository.findTestObject(Final Object Repo/New Registration - Registration Module Pages/Form 2/DOB Date), "xpath", "equals", "//body/div/table/tbody/tr/td/a[text()="" + CurrentDate + ""]", true): Modify property of object successfully

2018-12-10 18:42:47 - [MESSAGE][PASSED] - Modify property of object successfully

2018-12-10 18:42:47 - [TEST_STEP][PASSED] - delay: Delayed 3 second(s)

2018-12-10 18:42:50 - [MESSAGE][PASSED] - Delayed 3 second(s)

2018-12-10 18:42:50 - [TEST_STEP][PASSED] - click: Object: 'Object Repository/Final Object Repo/New Registration - Registration Module Pages/Form 2/DOB Date' is clicked on

2018-12-10 18:42:50 - [MESSAGE][PASSED] - Object: 'Object Repository/Final Object Repo/New Registration - Registration Module Pages/Form 2/DOB Date' is clicked on

2018-12-10 18:42:50 - [TEST_STEP][PASSED] - delay: Delayed 2 second(s)

2018-12-10 18:42:52 - [MESSAGE][PASSED] - Delayed 2 second(s)

2018-12-10 18:42:52 - [TEST_STEP][PASSED] - click: Object: 'Object Repository/Final Object Repo/New Registration - Registration Module Pages/Form 2/EmploymentStartDate Pop Up' is clicked on

2018-12-10 18:42:52 - [MESSAGE][PASSED] - Object: 'Object Repository/Final Object Repo/New Registration - Registration Module Pages/Form 2/EmploymentStartDate Pop Up' is clicked on

2018-12-10 18:42:52 - [TEST_STEP][PASSED] - delay: Delayed 2 second(s)

2018-12-10 18:42:54 - [MESSAGE][PASSED] - Delayed 2 second(s)

2018-12-10 18:42:54 - [TEST_STEP][PASSED] - click: Object: 'Object Repository/Final Object Repo/New Registration - Registration Module Pages/Form 2/Socso Employment StartDate Month' is clicked on

2018-12-10 18:42:55 - [MESSAGE][PASSED] - Object: 'Object Repository/Final Object Repo/New Registration - Registration Module Pages/Form 2/Socso Employment StartDate Month' is clicked on

2018-12-10 18:42:55 - [TEST_STEP][PASSED] - delay: Delayed 1 second(s)

2018-12-10 18:42:56 - [MESSAGE][PASSED] - Delayed 1 second(s)

2018-12-10 18:42:56 - [TEST_STEP][PASSED] - click: Object: 'Object Repository/Final Object Repo/New Registration - Registration Module Pages/Form 2/Select Socso Employement Startdate Month' is clicked on

2018-12-10 18:42:56 - [MESSAGE][PASSED] - Object: 'Object Repository/Final Object Repo/New Registration - Registration Module Pages/Form 2/Select Socso Employement Startdate Month' is clicked on

2018-12-10 18:42:56 - [TEST_STEP][PASSED] - delay: Delayed 2 second(s)

2018-12-10 18:42:58 - [MESSAGE][PASSED] - Delayed 2 second(s)

2018-12-10 18:42:58 - [TEST_STEP][PASSED] - click: Object: 'Object Repository/Final Object Repo/New Registration - Registration Module Pages/Form 2/Socso Employment StartDate Year' is clicked on

2018-12-10 18:42:58 - [MESSAGE][PASSED] - Object: 'Object Repository/Final Object Repo/New Registration - Registration Module Pages/Form 2/Socso Employment StartDate Year' is clicked on

2018-12-10 18:42:58 - [TEST_STEP][PASSED] - click: Object: 'Object Repository/Final Object Repo/New Registration - Registration Module Pages/Form 2/Select Socso Employment Startdate Year' is clicked on

2018-12-10 18:42:58 - [MESSAGE][PASSED] - Object: 'Object Repository/Final Object Repo/New Registration - Registration Module Pages/Form 2/Select Socso Employment Startdate Year' is clicked on

2018-12-10 18:42:58 - [TEST_STEP][PASSED] - delay: Delayed 2 second(s)

2018-12-10 18:43:00 - [MESSAGE][PASSED] - Delayed 2 second(s)

2018-12-10 18:43:00 - [TEST_STEP][PASSED] - click: Object: 'Object Repository/Final Object Repo/New Registration - Registration Module Pages/Form 2/Socso Employment Start Date Day' is clicked on

2018-12-10 18:43:00 - [MESSAGE][PASSED] - Object: 'Object Repository/Final Object Repo/New Registration - Registration Module Pages/Form 2/Socso Employment Start Date Day' is clicked on

2018-12-10 18:43:00 - [TEST_STEP][PASSED] - delay: Delayed 2 second(s)

2018-12-10 18:43:02 - [MESSAGE][PASSED] - Delayed 2 second(s)

2018-12-10 18:43:02 - [TEST_STEP][PASSED] - click: Object: 'Object Repository/Final Object Repo/New Registration - Registration Module Pages/Form 2/Save Button for Add Employee' is clicked on

2018-12-10 18:43:02 - [MESSAGE][PASSED] - Object: 'Object Repository/Final Object Repo/New Registration - Registration Module Pages/Form 2/Save Button for Add Employee' is clicked on

2018-12-10 18:43:02 - [TEST_STEP][PASSED] - delay: Delayed 2 second(s)

2018-12-10 18:43:04 - [MESSAGE][PASSED] - Delayed 2 second(s)

2018-12-10 18:43:04 - [TEST_STEP][PASSED] - click: Object: 'Object Repository/Final Object Repo/New Registration - Registration Module Pages/Form 2/Save and Continue Form 2' is clicked on

2018-12-10 18:43:05 - [MESSAGE][PASSED] - Object: 'Object Repository/Final Object Repo/New Registration - Registration Module Pages/Form 2/Save and Continue Form 2' is clicked on

2018-12-10 18:43:05 - [MESSAGE][PASSED] - Call Test Case 'Test Cases/Final Aug 2018 - PKS Automation/Registration Module/New Registration/Form 2/Add 2 Not Eligible - No 3rd Screen' successfully

2018-12-10 18:43:05 - [TEST_STEP][PASSED] - callTestCase: Call Test Case 'Test Cases/Final Aug 2018 - PKS Automation/Registration Module/New Registration/Flow of New Registration/No Third Screen - Upload 2 Supporting Doc - Preview' successfully

2018-12-10 18:43:05 - [TEST_CASE][PASSED] - Test Cases/Final Aug 2018 - PKS Automation/Registration Module/New Registration/Flow of New Registration/No Third Screen - Upload 2 Supporting Doc - Preview: Test Cases/Final Aug 2018 - PKS Automation/Registration Module/New Registration/Flow of New Registration/No Third Screen - Upload 2 Supporting Doc - Preview

2018-12-10 18:43:05 - [TEST_STEP][PASSED] - delay: Delayed 4 second(s)

2018-12-10 18:43:09 - [MESSAGE][PASSED] - Delayed 4 second(s)

2018-12-10 18:43:09 - [TEST_STEP][PASSED] - click: Object: 'Object Repository/Final Object Repo/New Registration - Registration Module Pages/Third Screen - Upload Supporting Doc- Preview/Add Document Button' is clicked on

2018-12-10 18:43:09 - [MESSAGE][PASSED] - Object: 'Object Repository/Final Object Repo/New Registration - Registration Module Pages/Third Screen - Upload Supporting Doc- Preview/Add Document Button' is clicked on

2018-12-10 18:43:09 - [TEST_STEP][PASSED] - delay: Delayed 4 second(s)

2018-12-10 18:43:13 - [MESSAGE][PASSED] - Delayed 4 second(s)

2018-12-10 18:43:13 - [TEST_STEP][PASSED] - click: Object: 'Object Repository/Final Object Repo/New Registration - Registration Module Pages/Third Screen - Upload Supporting Doc- Preview/Supporting Doc Please Select Drop Down' is clicked on

2018-12-10 18:43:13 - [MESSAGE][PASSED] - Object: 'Object Repository/Final Object Repo/New Registration - Registration Module Pages/Third Screen - Upload Supporting Doc- Preview/Supporting Doc Please Select Drop Down' is clicked on

2018-12-10 18:43:13 - [TEST_STEP][PASSED] - delay: Delayed 2 second(s)

2018-12-10 18:43:15 - [MESSAGE][PASSED] - Delayed 2 second(s)

2018-12-10 18:43:15 - [TEST_STEP][PASSED] - click: Object: 'Object Repository/Final Object Repo/New Registration - Registration Module Pages/Third Screen - Upload Supporting Doc- Preview/Select to Upload Form 1' is clicked on

2018-12-10 18:43:15 - [MESSAGE][PASSED] - Object: 'Object Repository/Final Object Repo/New Registration - Registration Module Pages/Third Screen - Upload Supporting Doc- Preview/Select to Upload Form 1' is clicked on

2018-12-10 18:43:15 - [TEST_STEP][PASSED] - delay: Delayed 2 second(s)

2018-12-10 18:43:17 - [MESSAGE][PASSED] - Delayed 2 second(s)

2018-12-10 18:43:17 - [TEST_STEP][PASSED] - uploadFile: File 'C:\Users\Public\Pictures\Sample Pictures\Koala.jpg' sent to object: 'Object Repository/Final Object Repo/New Registration - Registration Module Pages/Third Screen - Upload Supporting Doc- Preview/Upload File Adding'

2018-12-10 18:43:17 - [MESSAGE][PASSED] - File 'C:\Users\Public\Pictures\Sample Pictures\Koala.jpg' sent to object: 'Object Repository/Final Object Repo/New Registration - Registration Module Pages/Third Screen - Upload Supporting Doc- Preview/Upload File Adding'

2018-12-10 18:43:17 - [TEST_STEP][PASSED] - delay: Delayed 5 second(s)

2018-12-10 18:43:22 - [MESSAGE][PASSED] - Delayed 5 second(s)

2018-12-10 18:43:22 - [TEST_STEP][PASSED] - click: Object: 'Object Repository/Final Object Repo/New Registration - Registration Module Pages/Third Screen - Upload Supporting Doc- Preview/Inner Form Add Document Button' is clicked on

2018-12-10 18:43:23 - [MESSAGE][PASSED] - Object: 'Object Repository/Final Object Repo/New Registration - Registration Module Pages/Third Screen - Upload Supporting Doc- Preview/Inner Form Add Document Button' is clicked on

2018-12-10 18:43:23 - [TEST_STEP][PASSED] - delay: Delayed 3 second(s)

2018-12-10 18:43:26 - [MESSAGE][PASSED] - Delayed 3 second(s)

2018-12-10 18:43:26 - [TEST_STEP][PASSED] - click: Object: 'Object Repository/Final Object Repo/New Registration - Registration Module Pages/Third Screen - Upload Supporting Doc- Preview/Add Document Button' is clicked on

2018-12-10 18:43:27 - [MESSAGE][PASSED] - Object: 'Object Repository/Final Object Repo/New Registration - Registration Module Pages/Third Screen - Upload Supporting Doc- Preview/Add Document Button' is clicked on

2018-12-10 18:43:27 - [TEST_STEP][PASSED] - delay: Delayed 4 second(s)

2018-12-10 18:43:31 - [MESSAGE][PASSED] - Delayed 4 second(s)

2018-12-10 18:43:31 - [TEST_STEP][PASSED] - click: Object: 'Object Repository/Final Object Repo/New Registration - Registration Module Pages/Third Screen - Upload Supporting Doc- Preview/Supporting Doc Please Select Drop Down' is clicked on

2018-12-10 18:43:31 - [MESSAGE][PASSED] - Object: 'Object Repository/Final Object Repo/New Registration - Registration Module Pages/Third Screen - Upload Supporting Doc- Preview/Supporting Doc Please Select Drop Down' is clicked on

2018-12-10 18:43:31 - [TEST_STEP][PASSED] - delay: Delayed 2 second(s)

2018-12-10 18:43:33 - [MESSAGE][PASSED] - Delayed 2 second(s)

2018-12-10 18:43:33 - [TEST_STEP][PASSED] - click: Object: 'Object Repository/Final Object Repo/New Registration - Registration Module Pages/Third Screen - Upload Supporting Doc- Preview/Select to Upload Form 2' is clicked on

2018-12-10 18:43:33 - [MESSAGE][PASSED] - Object: 'Object Repository/Final Object Repo/New Registration - Registration Module Pages/Third Screen - Upload Supporting Doc- Preview/Select to Upload Form 2' is clicked on

2018-12-10 18:43:33 - [TEST_STEP][PASSED] - delay: Delayed 2 second(s)

2018-12-10 18:43:35 - [MESSAGE][PASSED] - Delayed 2 second(s)

2018-12-10 18:43:35 - [TEST_STEP][PASSED] - uploadFile: File 'C:\Users\Public\Pictures\Sample Pictures\Koala.jpg' sent to object: 'Object Repository/Final Object Repo/New Registration - Registration Module Pages/Third Screen - Upload Supporting Doc- Preview/Upload File Adding'

2018-12-10 18:43:35 - [MESSAGE][PASSED] - File 'C:\Users\Public\Pictures\Sample Pictures\Koala.jpg' sent to object: 'Object Repository/Final Object Repo/New Registration - Registration Module Pages/Third Screen - Upload Supporting Doc- Preview/Upload File Adding'

2018-12-10 18:43:35 - [TEST_STEP][PASSED] - delay: Delayed 5 second(s)

2018-12-10 18:43:40 - [MESSAGE][PASSED] - Delayed 5 second(s)

2018-12-10 18:43:40 - [TEST_STEP][PASSED] - click: Object: 'Object Repository/Final Object Repo/New Registration - Registration Module Pages/Third Screen - Upload Supporting Doc- Preview/Inner Form Add Document Button' is clicked on

2018-12-10 18:43:40 - [MESSAGE][PASSED] - Object: 'Object Repository/Final Object Repo/New Registration - Registration Module Pages/Third Screen - Upload Supporting Doc- Preview/Inner Form Add Document Button' is clicked on

2018-12-10 18:43:40 - [TEST_STEP][PASSED] - delay: Delayed 3 second(s)

2018-12-10 18:43:43 - [MESSAGE][PASSED] - Delayed 3 second(s)

2018-12-10 18:43:43 - [TEST_STEP][PASSED] - click: Object: 'Object Repository/Final Object Repo/New Registration - Registration Module Pages/Third Screen - Upload Supporting Doc- Preview/Save n Continue in Uploading Supporting Doc Page' is clicked on

2018-12-10 18:43:45 - [MESSAGE][PASSED] - Object: 'Object Repository/Final Object Repo/New Registration - Registration Module Pages/Third Screen - Upload Supporting Doc- Preview/Save n Continue in Uploading Supporting Doc Page' is clicked on

2018-12-10 18:43:45 - [MESSAGE][PASSED] - Call Test Case 'Test Cases/Final Aug 2018 - PKS Automation/Registration Module/New Registration/Flow of New Registration/No Third Screen - Upload 2 Supporting Doc - Preview' successfully

2018-12-10 18:43:45 - [TEST_STEP][PASSED] - callTestCase: Call Test Case 'Test Cases/Final Aug 2018 - PKS Automation/Registration Module/New Registration/Submit and Screenshot/Submit Registration and Screenshot' successfully

2018-12-10 18:43:45 - [TEST_CASE][PASSED] - Test Cases/Final Aug 2018 - PKS Automation/Registration Module/New Registration/Submit and Screenshot/Submit Registration and Screenshot: Test Cases/Final Aug 2018 - PKS Automation/Registration Module/New Registration/Submit and Screenshot/Submit Registration and Screenshot

2018-12-10 18:43:45 - [TEST_STEP][PASSED] - delay: Delayed 6 second(s)

2018-12-10 18:43:51 - [MESSAGE][PASSED] - Delayed 6 second(s)

2018-12-10 18:43:51 - [TEST_STEP][PASSED] - click: Object: 'Object Repository/Final Object Repo/New Registration - Registration Module Pages/Third Screen - Upload Supporting Doc- Preview/Preview Submit Button' is clicked on

2018-12-10 18:43:51 - [MESSAGE][PASSED] - Object: 'Object Repository/Final Object Repo/New Registration - Registration Module Pages/Third Screen - Upload Supporting Doc- Preview/Preview Submit Button' is clicked on

2018-12-10 18:43:51 - [TEST_STEP][PASSED] - delay: Delayed 2 second(s)

2018-12-10 18:43:53 - [MESSAGE][PASSED] - Delayed 2 second(s)

2018-12-10 18:43:53 - [TEST_STEP][PASSED] - click: Object: 'Object Repository/Final Object Repo/New Registration - Registration Module Pages/Third Screen - Upload Supporting Doc- Preview/Preview Submit - Confirm' is clicked on

2018-12-10 18:43:53 - [MESSAGE][PASSED] - Object: 'Object Repository/Final Object Repo/New Registration - Registration Module Pages/Third Screen - Upload Supporting Doc- Preview/Preview Submit - Confirm' is clicked on

2018-12-10 18:43:53 - [TEST_STEP][PASSED] - delay: Delayed 15 second(s)

2018-12-10 18:44:08 - [MESSAGE][PASSED] - Delayed 15 second(s)

2018-12-10 18:44:08 - [TEST_STEP][PASSED] - Statement - driver = com.kms.katalon.core.webui.driver.DriverFactory.getWebDriver(): null

2018-12-10 18:44:08 - [TEST_STEP][PASSED] - Statement - driver.manage().timeouts().implicitlyWait(10, SECONDS): null

2018-12-10 18:44:08 - [TEST_STEP][PASSED] - Statement - PresavePath = KatalonScreenshots: null

2018-12-10 18:44:08 - [TEST_STEP][PASSED] - Statement - pathPrefix = "C:\Users\Public\Pictures\Sample Pictures\Katalon Screenshots\Automate Ending Screen": null

2018-12-10 18:44:08 - [TEST_STEP][PASSED] - Statement - finalPath = <not implemented yet for class: org.codehaus.groovy.ast.expr.EmptyExpression>: null

2018-12-10 18:44:08 - [TEST_STEP][PASSED] - Statement - scrFile = driver.getScreenshotAs(FILE): null

2018-12-10 18:44:08 - [TEST_STEP][PASSED] - Statement - PreSaveFile = new java.io.File(PresavePath): null

2018-12-10 18:44:08 - [TEST_STEP][PASSED] - Statement - counter = 0: null

2018-12-10 18:44:08 - [TEST_STEP][PASSED] - Statement - If (PreSaveFile.exists()): null

2018-12-10 18:44:08 - [TEST_STEP][PASSED] - Statement - While (PreSaveFile.exists()): null

2018-12-10 18:44:08 - [TEST_STEP][PASSED] - Statement - counter = counter + 1: null

2018-12-10 18:44:08 - [TEST_STEP][PASSED] - Statement - PreSaveFile = new java.io.File(((pathPrefix + java.lang.Integer.toString(counter)) + .png)): null

2018-12-10 18:44:08 - [TEST_STEP][PASSED] - Statement - counter = counter + 1: null

2018-12-10 18:44:08 - [TEST_STEP][PASSED] - Statement - PreSaveFile = new java.io.File(((pathPrefix + java.lang.Integer.toString(counter)) + .png)): null

2018-12-10 18:44:08 - [TEST_STEP][PASSED] - Statement - counter = counter + 1: null

2018-12-10 18:44:08 - [TEST_STEP][PASSED] - Statement - PreSaveFile = new java.io.File(((pathPrefix + java.lang.Integer.toString(counter)) + .png)): null

2018-12-10 18:44:08 - [TEST_STEP][PASSED] - Statement - counter = counter + 1: null

2018-12-10 18:44:08 - [TEST_STEP][PASSED] - Statement - PreSaveFile = new java.io.File(((pathPrefix + java.lang.Integer.toString(counter)) + .png)): null

2018-12-10 18:44:08 - [TEST_STEP][PASSED] - Statement - counter = counter + 1: null

2018-12-10 18:44:08 - [TEST_STEP][PASSED] - Statement - PreSaveFile = new java.io.File(((pathPrefix + java.lang.Integer.toString(counter)) + .png)): null

2018-12-10 18:44:08 - [TEST_STEP][PASSED] - Statement - counter = counter + 1: null

2018-12-10 18:44:08 - [TEST_STEP][PASSED] - Statement - PreSaveFile = new java.io.File(((pathPrefix + java.lang.Integer.toString(counter)) + .png)): null

2018-12-10 18:44:08 - [TEST_STEP][PASSED] - Statement - counter = counter + 1: null

2018-12-10 18:44:08 - [TEST_STEP][PASSED] - Statement - PreSaveFile = new java.io.File(((pathPrefix + java.lang.Integer.toString(counter)) + .png)): null

2018-12-10 18:44:08 - [TEST_STEP][PASSED] - Statement - counter = counter + 1: null

2018-12-10 18:44:08 - [TEST_STEP][PASSED] - Statement - PreSaveFile = new java.io.File(((pathPrefix + java.lang.Integer.toString(counter)) + .png)): null

2018-12-10 18:44:08 - [TEST_STEP][PASSED] - Statement - counter = counter + 1: null

2018-12-10 18:44:08 - [TEST_STEP][PASSED] - Statement - PreSaveFile = new java.io.File(((pathPrefix + java.lang.Integer.toString(counter)) + .png)): null

2018-12-10 18:44:08 - [TEST_STEP][PASSED] - Statement - counter = counter + 1: null

2018-12-10 18:44:08 - [TEST_STEP][PASSED] - Statement - PreSaveFile = new java.io.File(((pathPrefix + java.lang.Integer.toString(counter)) + .png)): null

2018-12-10 18:44:08 - [TEST_STEP][PASSED] - Statement - counter = counter + 1: null

2018-12-10 18:44:08 - [TEST_STEP][PASSED] - Statement - PreSaveFile = new java.io.File(((pathPrefix + java.lang.Integer.toString(counter)) + .png)): null

2018-12-10 18:44:08 - [TEST_STEP][PASSED] - Statement - counter = counter + 1: null

2018-12-10 18:44:08 - [TEST_STEP][PASSED] - Statement - PreSaveFile = new java.io.File(((pathPrefix + java.lang.Integer.toString(counter)) + .png)): null

2018-12-10 18:44:08 - [TEST_STEP][PASSED] - Statement - counter = counter + 1: null

2018-12-10 18:44:08 - [TEST_STEP][PASSED] - Statement - PreSaveFile = new java.io.File(((pathPrefix + java.lang.Integer.toString(counter)) + .png)): null

2018-12-10 18:44:08 - [TEST_STEP][PASSED] - Statement - counter = counter + 1: null

2018-12-10 18:44:08 - [TEST_STEP][PASSED] - Statement - PreSaveFile = new java.io.File(((pathPrefix + java.lang.Integer.toString(counter)) + .png)): null

2018-12-10 18:44:08 - [TEST_STEP][PASSED] - Statement - counter = counter + 1: null

2018-12-10 18:44:08 - [TEST_STEP][PASSED] - Statement - PreSaveFile = new java.io.File(((pathPrefix + java.lang.Integer.toString(counter)) + .png)): null

2018-12-10 18:44:08 - [TEST_STEP][PASSED] - Statement - counter = counter + 1: null

2018-12-10 18:44:08 - [TEST_STEP][PASSED] - Statement - PreSaveFile = new java.io.File(((pathPrefix + java.lang.Integer.toString(counter)) + .png)): null

2018-12-10 18:44:08 - [TEST_STEP][PASSED] - Statement - finalPath = pathPrefix + java.lang.Integer.toString(counter) + ".png": null

2018-12-10 18:44:08 - [TEST_STEP][PASSED] - Statement - SaveFile = new java.io.File(finalPath): null

2018-12-10 18:44:08 - [TEST_STEP][PASSED] - Statement - Try: null

2018-12-10 18:44:08 - [TEST_STEP][PASSED] - Statement - org.apache.commons.io.FileUtils.copyFile(scrFile, SaveFile): null

2018-12-10 18:44:08 - [TEST_STEP][PASSED] - Statement - out.println("file kept"): null

2018-12-10 18:44:08 - [TEST_STEP][PASSED] - delay: Delayed 10 second(s)

2018-12-10 18:44:18 - [MESSAGE][PASSED] - Delayed 10 second(s)

2018-12-10 18:44:18 - [MESSAGE][PASSED] - Call Test Case 'Test Cases/Final Aug 2018 - PKS Automation/Registration Module/New Registration/Submit and Screenshot/Submit Registration and Screenshot' successfully]]></system-out>
         <system-err><![CDATA[]]></system-err>
      </testcase>
      <testcase name="Test Cases/Final Aug 2018 - PKS Automation/Registration Module/Critical Path/New Registration/Register ASSIST Only/Other - State Government Body" classname="Test Cases/Final Aug 2018 - PKS Automation/Registration Module/Critical Path/New Registration/Register ASSIST Only/Other - State Government Body" status="PASSED">
         <system-out><![CDATA[2018-12-10 18:44:18 - [TEST_CASE][PASSED] - Test Cases/Final Aug 2018 - PKS Automation/Registration Module/Critical Path/New Registration/Register ASSIST Only/Other - State Government Body: Test Cases/Final Aug 2018 - PKS Automation/Registration Module/Critical Path/New Registration/Register ASSIST Only/Other - State Government Body

2018-12-10 18:44:19 - [TEST_STEP][PASSED] - callTestCase: Call Test Case 'Test Cases/Final Aug 2018 - PKS Automation/Registration Module/New Registration/Form 1/Form 1 - Other - State Government Agency' successfully

2018-12-10 18:44:19 - [TEST_CASE][PASSED] - Test Cases/Final Aug 2018 - PKS Automation/Registration Module/New Registration/Form 1/Form 1 - Other - State Government Agency: Test Cases/Final Aug 2018 - PKS Automation/Registration Module/New Registration/Form 1/Form 1 - Other - State Government Agency

2018-12-10 18:44:19 - [TEST_STEP][PASSED] - openBrowser: Browser is opened with url: ''

2018-12-10 18:44:19 - [MESSAGE][WARNING] - A browser is already opened. Closing browser and opening a new one

2018-12-10 18:44:22 - [MESSAGE][PASSED] - Browser is opened with url: ''

2018-12-10 18:44:22 - [TEST_STEP][PASSED] - navigateToUrl: Navigate to 'https://assist2-uat.perkeso.gov.my/login' successfully

2018-12-10 18:44:23 - [MESSAGE][PASSED] - Navigate to 'https://assist2-uat.perkeso.gov.my/login' successfully

2018-12-10 18:44:23 - [TEST_STEP][PASSED] - delay: Delayed 3 second(s)

2018-12-10 18:44:26 - [MESSAGE][PASSED] - Delayed 3 second(s)

2018-12-10 18:44:26 - [TEST_STEP][PASSED] - setText: Text 'johorotc1@gmail.com' is set on object 'Object Repository/Final Object Repo/Login Page/Internal User/Email Address'

2018-12-10 18:44:26 - [MESSAGE][PASSED] - Text 'johorotc1@gmail.com' is set on object 'Object Repository/Final Object Repo/Login Page/Internal User/Email Address'

2018-12-10 18:44:26 - [TEST_STEP][PASSED] - click: Object: 'Object Repository/Final Object Repo/Login Page/Internal User/Next Button' is clicked on

2018-12-10 18:44:27 - [MESSAGE][PASSED] - Object: 'Object Repository/Final Object Repo/Login Page/Internal User/Next Button' is clicked on

2018-12-10 18:44:27 - [TEST_STEP][PASSED] - delay: Delayed 1 second(s)

2018-12-10 18:44:28 - [MESSAGE][PASSED] - Delayed 1 second(s)

2018-12-10 18:44:28 - [TEST_STEP][PASSED] - setEncryptedText: Text ****** has been set on object 'Object Repository/Final Object Repo/Login Page/Internal User/Password'

2018-12-10 18:44:28 - [MESSAGE][PASSED] - Text ****** has been set on object 'Object Repository/Final Object Repo/Login Page/Internal User/Password'

2018-12-10 18:44:28 - [TEST_STEP][PASSED] - click: Object: 'Object Repository/Final Object Repo/Login Page/Internal User/Login Button' is clicked on

2018-12-10 18:44:28 - [MESSAGE][PASSED] - Object: 'Object Repository/Final Object Repo/Login Page/Internal User/Login Button' is clicked on

2018-12-10 18:44:28 - [TEST_STEP][PASSED] - delay: Delayed 1 second(s)

2018-12-10 18:44:29 - [MESSAGE][PASSED] - Delayed 1 second(s)

2018-12-10 18:44:29 - [TEST_STEP][PASSED] - Statement - Try: Delayed 2 second(s)

2018-12-10 18:44:29 - [TEST_STEP][PASSED] - Statement - Checker = false: null

2018-12-10 18:44:29 - [TEST_STEP][PASSED] - Statement - Checker = com.kms.katalon.core.webui.keyword.WebUiBuiltInKeywords.verifyElementHasAttribute(com.kms.katalon.core.testobject.ObjectRepository.findTestObject(Final Object Repo/Landing Page/BM Detecting), "href", 20, OPTIONAL): Object 'Object Repository/Final Object Repo/Landing Page/BM Detecting' has attribute 'href'

2018-12-10 18:44:30 - [MESSAGE][PASSED] - Object 'Object Repository/Final Object Repo/Landing Page/BM Detecting' has attribute 'href'

2018-12-10 18:44:30 - [TEST_STEP][PASSED] - Statement - out.println(Checker): null

2018-12-10 18:44:30 - [TEST_STEP][PASSED] - Statement - If (Checker == false): null

2018-12-10 18:44:30 - [TEST_STEP][PASSED] - Statement - Else: null

2018-12-10 18:44:30 - [TEST_STEP][PASSED] - delay: Delayed 2 second(s)

2018-12-10 18:44:32 - [MESSAGE][PASSED] - Delayed 2 second(s)

2018-12-10 18:44:32 - [TEST_STEP][PASSED] - navigateToUrl: Navigate to 'https://assist2-uat.perkeso.gov.my/web/registration/registration' successfully

2018-12-10 18:44:33 - [MESSAGE][PASSED] - Navigate to 'https://assist2-uat.perkeso.gov.my/web/registration/registration' successfully

2018-12-10 18:44:33 - [TEST_STEP][PASSED] - click: Object: 'Object Repository/Final Object Repo/New Registration - Registration Module Pages/Form 1/AEC - No' is clicked on

2018-12-10 18:44:34 - [MESSAGE][PASSED] - Object: 'Object Repository/Final Object Repo/New Registration - Registration Module Pages/Form 1/AEC - No' is clicked on

2018-12-10 18:44:34 - [TEST_STEP][PASSED] - click: Object: 'Object Repository/Final Object Repo/New Registration - Registration Module Pages/Form 1/Business Entity' is clicked on

2018-12-10 18:44:34 - [MESSAGE][PASSED] - Object: 'Object Repository/Final Object Repo/New Registration - Registration Module Pages/Form 1/Business Entity' is clicked on

2018-12-10 18:44:34 - [TEST_STEP][PASSED] - click: Object: 'Object Repository/Final Object Repo/New Registration - Registration Module Pages/Form 1/Business Entity - Other' is clicked on

2018-12-10 18:44:34 - [MESSAGE][PASSED] - Object: 'Object Repository/Final Object Repo/New Registration - Registration Module Pages/Form 1/Business Entity - Other' is clicked on

2018-12-10 18:44:34 - [TEST_STEP][PASSED] - delay: Delayed 1 second(s)

2018-12-10 18:44:35 - [MESSAGE][PASSED] - Delayed 1 second(s)

2018-12-10 18:44:35 - [TEST_STEP][PASSED] - click: Object: 'Object Repository/Final Object Repo/New Registration - Registration Module Pages/Form 1/Sub Business Entity' is clicked on

2018-12-10 18:44:35 - [MESSAGE][PASSED] - Object: 'Object Repository/Final Object Repo/New Registration - Registration Module Pages/Form 1/Sub Business Entity' is clicked on

2018-12-10 18:44:35 - [TEST_STEP][PASSED] - click: Object: 'Object Repository/Final Object Repo/New Registration - Registration Module Pages/Form 1/Sub Business Entity - Other/Sub Business Entity  - State Government Agency' is clicked on

2018-12-10 18:44:35 - [MESSAGE][PASSED] - Object: 'Object Repository/Final Object Repo/New Registration - Registration Module Pages/Form 1/Sub Business Entity - Other/Sub Business Entity  - State Government Agency' is clicked on

2018-12-10 18:44:35 - [TEST_STEP][PASSED] - delay: Delayed 1 second(s)

2018-12-10 18:44:36 - [MESSAGE][PASSED] - Delayed 1 second(s)

2018-12-10 18:44:36 - [TEST_STEP][PASSED] - click: Object: 'Object Repository/Final Object Repo/New Registration - Registration Module Pages/Form 1/Sub Business Entity List' is clicked on

2018-12-10 18:44:37 - [MESSAGE][PASSED] - Object: 'Object Repository/Final Object Repo/New Registration - Registration Module Pages/Form 1/Sub Business Entity List' is clicked on

2018-12-10 18:44:37 - [TEST_STEP][PASSED] - click: Object: 'Object Repository/Final Object Repo/New Registration - Registration Module Pages/Form 1/Sub Business Entity List - Other/Sub Business Entity List - Others - State Government Agency - Perlis' is clicked on

2018-12-10 18:44:37 - [MESSAGE][PASSED] - Object: 'Object Repository/Final Object Repo/New Registration - Registration Module Pages/Form 1/Sub Business Entity List - Other/Sub Business Entity List - Others - State Government Agency - Perlis' is clicked on

2018-12-10 18:44:37 - [TEST_STEP][PASSED] - delay: Delayed 1 second(s)

2018-12-10 18:44:38 - [MESSAGE][PASSED] - Delayed 1 second(s)

2018-12-10 18:44:38 - [TEST_STEP][PASSED] - setText: Text '123' is set on object 'Object Repository/Final Object Repo/New Registration - Registration Module Pages/Form 1/Registration Number'

2018-12-10 18:44:38 - [MESSAGE][PASSED] - Text '123' is set on object 'Object Repository/Final Object Repo/New Registration - Registration Module Pages/Form 1/Registration Number'

2018-12-10 18:44:38 - [TEST_STEP][NOT_RUN] - click: NOT_RUN: click

2018-12-10 18:44:38 - [MESSAGE][NOT_RUN] - NOT_RUN: click

2018-12-10 18:44:38 - [TEST_STEP][PASSED] - click: Object: 'Object Repository/Final Object Repo/New Registration - Registration Module Pages/Form 1/Registered As a Branch - Yes' is clicked on

2018-12-10 18:44:38 - [MESSAGE][PASSED] - Object: 'Object Repository/Final Object Repo/New Registration - Registration Module Pages/Form 1/Registered As a Branch - Yes' is clicked on

2018-12-10 18:44:38 - [TEST_STEP][PASSED] - verifyElementPresent: Object 'Object Repository/Final Object Repo/New Registration - Registration Module Pages/Form 1/Acknowledgement Disabled' is present

2018-12-10 18:44:38 - [MESSAGE][WARNING] - Timeout '0' is invalid. Using default page load timeout: '30'

2018-12-10 18:44:38 - [MESSAGE][PASSED] - Object 'Object Repository/Final Object Repo/New Registration - Registration Module Pages/Form 1/Acknowledgement Disabled' is present

2018-12-10 18:44:38 - [TEST_STEP][NOT_RUN] - verifyElementNotClickable: NOT_RUN: verifyElementNotClickable

2018-12-10 18:44:38 - [MESSAGE][NOT_RUN] - NOT_RUN: verifyElementNotClickable

2018-12-10 18:44:38 - [TEST_STEP][PASSED] - setText: Text 'perkeso' is set on object 'Object Repository/Final Object Repo/New Registration - Registration Module Pages/Form 1/Industry name'

2018-12-10 18:44:39 - [MESSAGE][PASSED] - Text 'perkeso' is set on object 'Object Repository/Final Object Repo/New Registration - Registration Module Pages/Form 1/Industry name'

2018-12-10 18:44:39 - [TEST_STEP][PASSED] - setText: Text 'perkeso1' is set on object 'Object Repository/Final Object Repo/New Registration - Registration Module Pages/Form 1/Postal Address1'

2018-12-10 18:44:39 - [MESSAGE][PASSED] - Text 'perkeso1' is set on object 'Object Repository/Final Object Repo/New Registration - Registration Module Pages/Form 1/Postal Address1'

2018-12-10 18:44:39 - [TEST_STEP][PASSED] - setText: Text 'perkeso2' is set on object 'Object Repository/Final Object Repo/New Registration - Registration Module Pages/Form 1/Postal Address2'

2018-12-10 18:44:39 - [MESSAGE][PASSED] - Text 'perkeso2' is set on object 'Object Repository/Final Object Repo/New Registration - Registration Module Pages/Form 1/Postal Address2'

2018-12-10 18:44:39 - [TEST_STEP][PASSED] - setText: Text 'perkeso3' is set on object 'Object Repository/Final Object Repo/New Registration - Registration Module Pages/Form 1/Postal Address3'

2018-12-10 18:44:40 - [MESSAGE][PASSED] - Text 'perkeso3' is set on object 'Object Repository/Final Object Repo/New Registration - Registration Module Pages/Form 1/Postal Address3'

2018-12-10 18:44:40 - [TEST_STEP][PASSED] - click: Object: 'Object Repository/Final Object Repo/New Registration - Registration Module Pages/Form 1/State' is clicked on

2018-12-10 18:44:40 - [MESSAGE][PASSED] - Object: 'Object Repository/Final Object Repo/New Registration - Registration Module Pages/Form 1/State' is clicked on

2018-12-10 18:44:40 - [TEST_STEP][PASSED] - click: Object: 'Object Repository/Final Object Repo/New Registration - Registration Module Pages/Form 1/State - Johor' is clicked on

2018-12-10 18:44:40 - [MESSAGE][PASSED] - Object: 'Object Repository/Final Object Repo/New Registration - Registration Module Pages/Form 1/State - Johor' is clicked on

2018-12-10 18:44:40 - [TEST_STEP][PASSED] - delay: Delayed 1 second(s)

2018-12-10 18:44:41 - [MESSAGE][PASSED] - Delayed 1 second(s)

2018-12-10 18:44:41 - [TEST_STEP][PASSED] - click: Object: 'Object Repository/Final Object Repo/New Registration - Registration Module Pages/Form 1/City' is clicked on

2018-12-10 18:44:41 - [MESSAGE][PASSED] - Object: 'Object Repository/Final Object Repo/New Registration - Registration Module Pages/Form 1/City' is clicked on

2018-12-10 18:44:41 - [TEST_STEP][PASSED] - setText: Text 'joh' is set on object 'Object Repository/Final Object Repo/New Registration - Registration Module Pages/Form 1/Postcode - 810'

2018-12-10 18:44:41 - [MESSAGE][PASSED] - Text 'joh' is set on object 'Object Repository/Final Object Repo/New Registration - Registration Module Pages/Form 1/Postcode - 810'

2018-12-10 18:44:41 - [TEST_STEP][PASSED] - delay: Delayed 1 second(s)

2018-12-10 18:44:42 - [MESSAGE][PASSED] - Delayed 1 second(s)

2018-12-10 18:44:42 - [TEST_STEP][PASSED] - click: Object: 'Object Repository/Final Object Repo/New Registration - Registration Module Pages/Form 1/City - Johor Bharu' is clicked on

2018-12-10 18:44:43 - [MESSAGE][PASSED] - Object: 'Object Repository/Final Object Repo/New Registration - Registration Module Pages/Form 1/City - Johor Bharu' is clicked on

2018-12-10 18:44:43 - [TEST_STEP][PASSED] - delay: Delayed 1 second(s)

2018-12-10 18:44:44 - [MESSAGE][PASSED] - Delayed 1 second(s)

2018-12-10 18:44:44 - [TEST_STEP][PASSED] - click: Object: 'Object Repository/Final Object Repo/New Registration - Registration Module Pages/Form 1/Postcode' is clicked on

2018-12-10 18:44:44 - [MESSAGE][PASSED] - Object: 'Object Repository/Final Object Repo/New Registration - Registration Module Pages/Form 1/Postcode' is clicked on

2018-12-10 18:44:44 - [TEST_STEP][PASSED] - delay: Delayed 1 second(s)

2018-12-10 18:44:45 - [MESSAGE][PASSED] - Delayed 1 second(s)

2018-12-10 18:44:45 - [TEST_STEP][PASSED] - setText: Text '810' is set on object 'Object Repository/Final Object Repo/New Registration - Registration Module Pages/Form 1/Postcode - 810'

2018-12-10 18:44:45 - [MESSAGE][PASSED] - Text '810' is set on object 'Object Repository/Final Object Repo/New Registration - Registration Module Pages/Form 1/Postcode - 810'

2018-12-10 18:44:45 - [TEST_STEP][PASSED] - delay: Delayed 3 second(s)

2018-12-10 18:44:48 - [MESSAGE][PASSED] - Delayed 3 second(s)

2018-12-10 18:44:48 - [TEST_STEP][PASSED] - click: Object: 'Object Repository/Final Object Repo/New Registration - Registration Module Pages/Form 1/Postcode - 81000' is clicked on

2018-12-10 18:44:48 - [MESSAGE][PASSED] - Object: 'Object Repository/Final Object Repo/New Registration - Registration Module Pages/Form 1/Postcode - 81000' is clicked on

2018-12-10 18:44:48 - [TEST_STEP][PASSED] - delay: Delayed 1 second(s)

2018-12-10 18:44:49 - [MESSAGE][PASSED] - Delayed 1 second(s)

2018-12-10 18:44:49 - [TEST_STEP][PASSED] - setText: Text '100' is set on object 'Object Repository/Final Object Repo/New Registration - Registration Module Pages/Form 1/P.O.BOX'

2018-12-10 18:44:50 - [MESSAGE][PASSED] - Text '100' is set on object 'Object Repository/Final Object Repo/New Registration - Registration Module Pages/Form 1/P.O.BOX'

2018-12-10 18:44:50 - [TEST_STEP][PASSED] - setText: Text '100' is set on object 'Object Repository/Final Object Repo/New Registration - Registration Module Pages/Form 1/Locked Bag No'

2018-12-10 18:44:50 - [MESSAGE][PASSED] - Text '100' is set on object 'Object Repository/Final Object Repo/New Registration - Registration Module Pages/Form 1/Locked Bag No'

2018-12-10 18:44:50 - [TEST_STEP][PASSED] - click: Object: 'Object Repository/Final Object Repo/New Registration - Registration Module Pages/Form 1/SOCSO Office Location' is clicked on

2018-12-10 18:44:50 - [MESSAGE][PASSED] - Object: 'Object Repository/Final Object Repo/New Registration - Registration Module Pages/Form 1/SOCSO Office Location' is clicked on

2018-12-10 18:44:50 - [TEST_STEP][PASSED] - click: Object: 'Object Repository/Final Object Repo/New Registration - Registration Module Pages/Form 1/SOCSO Office Location - Pejabat PERKESO Negeri Johor' is clicked on

2018-12-10 18:44:50 - [MESSAGE][PASSED] - Object: 'Object Repository/Final Object Repo/New Registration - Registration Module Pages/Form 1/SOCSO Office Location - Pejabat PERKESO Negeri Johor' is clicked on

2018-12-10 18:44:50 - [TEST_STEP][PASSED] - delay: Delayed 1 second(s)

2018-12-10 18:44:51 - [MESSAGE][PASSED] - Delayed 1 second(s)

2018-12-10 18:44:51 - [TEST_STEP][PASSED] - check: Object 'Object Repository/Final Object Repo/New Registration - Registration Module Pages/Form 1/Indusrty Address Same As Postal Address' is checked

2018-12-10 18:44:51 - [MESSAGE][PASSED] - Object 'Object Repository/Final Object Repo/New Registration - Registration Module Pages/Form 1/Indusrty Address Same As Postal Address' is checked

2018-12-10 18:44:51 - [TEST_STEP][PASSED] - delay: Delayed 3 second(s)

2018-12-10 18:44:54 - [MESSAGE][PASSED] - Delayed 3 second(s)

2018-12-10 18:44:54 - [TEST_STEP][PASSED] - click: Object: 'Object Repository/Final Object Repo/New Registration - Registration Module Pages/Form 1/Indusry Address Same As Postal Address False' is clicked on

2018-12-10 18:44:55 - [MESSAGE][PASSED] - Object: 'Object Repository/Final Object Repo/New Registration - Registration Module Pages/Form 1/Indusry Address Same As Postal Address False' is clicked on

2018-12-10 18:44:55 - [TEST_STEP][PASSED] - delay: Delayed 1 second(s)

2018-12-10 18:44:56 - [MESSAGE][PASSED] - Delayed 1 second(s)

2018-12-10 18:44:56 - [TEST_STEP][PASSED] - setText: Text 'perkeso1' is set on object 'Object Repository/Final Object Repo/New Registration - Registration Module Pages/Form 1/Industry Address1'

2018-12-10 18:44:56 - [MESSAGE][PASSED] - Text 'perkeso1' is set on object 'Object Repository/Final Object Repo/New Registration - Registration Module Pages/Form 1/Industry Address1'

2018-12-10 18:44:56 - [TEST_STEP][PASSED] - setText: Text 'perkeso2' is set on object 'Object Repository/Final Object Repo/New Registration - Registration Module Pages/Form 1/Industry Address2'

2018-12-10 18:44:56 - [MESSAGE][PASSED] - Text 'perkeso2' is set on object 'Object Repository/Final Object Repo/New Registration - Registration Module Pages/Form 1/Industry Address2'

2018-12-10 18:44:56 - [TEST_STEP][PASSED] - setText: Text 'perkeso3' is set on object 'Object Repository/Final Object Repo/New Registration - Registration Module Pages/Form 1/Industry Address3'

2018-12-10 18:44:57 - [MESSAGE][PASSED] - Text 'perkeso3' is set on object 'Object Repository/Final Object Repo/New Registration - Registration Module Pages/Form 1/Industry Address3'

2018-12-10 18:44:57 - [TEST_STEP][PASSED] - click: Object: 'Object Repository/Final Object Repo/New Registration - Registration Module Pages/Form 1/Industry State' is clicked on

2018-12-10 18:44:57 - [MESSAGE][PASSED] - Object: 'Object Repository/Final Object Repo/New Registration - Registration Module Pages/Form 1/Industry State' is clicked on

2018-12-10 18:44:57 - [TEST_STEP][PASSED] - delay: Delayed 2 second(s)

2018-12-10 18:44:59 - [MESSAGE][PASSED] - Delayed 2 second(s)

2018-12-10 18:44:59 - [TEST_STEP][PASSED] - click: Object: 'Object Repository/Final Object Repo/New Registration - Registration Module Pages/Form 1/Industry State - Johor' is clicked on

2018-12-10 18:44:59 - [MESSAGE][PASSED] - Object: 'Object Repository/Final Object Repo/New Registration - Registration Module Pages/Form 1/Industry State - Johor' is clicked on

2018-12-10 18:44:59 - [TEST_STEP][PASSED] - delay: Delayed 2 second(s)

2018-12-10 18:45:01 - [MESSAGE][PASSED] - Delayed 2 second(s)

2018-12-10 18:45:01 - [TEST_STEP][PASSED] - click: Object: 'Object Repository/Final Object Repo/New Registration - Registration Module Pages/Form 1/Industry Ciry' is clicked on

2018-12-10 18:45:01 - [MESSAGE][PASSED] - Object: 'Object Repository/Final Object Repo/New Registration - Registration Module Pages/Form 1/Industry Ciry' is clicked on

2018-12-10 18:45:01 - [TEST_STEP][PASSED] - setText: Text 'joh' is set on object 'Object Repository/Final Object Repo/New Registration - Registration Module Pages/Form 1/Industry Ciry - joh'

2018-12-10 18:45:01 - [MESSAGE][PASSED] - Text 'joh' is set on object 'Object Repository/Final Object Repo/New Registration - Registration Module Pages/Form 1/Industry Ciry - joh'

2018-12-10 18:45:01 - [TEST_STEP][PASSED] - delay: Delayed 2 second(s)

2018-12-10 18:45:03 - [MESSAGE][PASSED] - Delayed 2 second(s)

2018-12-10 18:45:03 - [TEST_STEP][PASSED] - click: Object: 'Object Repository/Final Object Repo/New Registration - Registration Module Pages/Form 1/Industy State - Johor Bharu' is clicked on

2018-12-10 18:45:04 - [MESSAGE][PASSED] - Object: 'Object Repository/Final Object Repo/New Registration - Registration Module Pages/Form 1/Industy State - Johor Bharu' is clicked on

2018-12-10 18:45:04 - [TEST_STEP][PASSED] - delay: Delayed 1 second(s)

2018-12-10 18:45:05 - [MESSAGE][PASSED] - Delayed 1 second(s)

2018-12-10 18:45:05 - [TEST_STEP][PASSED] - click: Object: 'Object Repository/Final Object Repo/New Registration - Registration Module Pages/Form 1/Indusry PostCode' is clicked on

2018-12-10 18:45:05 - [MESSAGE][PASSED] - Object: 'Object Repository/Final Object Repo/New Registration - Registration Module Pages/Form 1/Indusry PostCode' is clicked on

2018-12-10 18:45:05 - [TEST_STEP][PASSED] - delay: Delayed 1 second(s)

2018-12-10 18:45:06 - [MESSAGE][PASSED] - Delayed 1 second(s)

2018-12-10 18:45:06 - [TEST_STEP][PASSED] - setText: Text '810' is set on object 'Object Repository/Final Object Repo/New Registration - Registration Module Pages/Form 1/Insutry Post Code - 810'

2018-12-10 18:45:06 - [MESSAGE][PASSED] - Text '810' is set on object 'Object Repository/Final Object Repo/New Registration - Registration Module Pages/Form 1/Insutry Post Code - 810'

2018-12-10 18:45:06 - [TEST_STEP][PASSED] - delay: Delayed 1 second(s)

2018-12-10 18:45:07 - [MESSAGE][PASSED] - Delayed 1 second(s)

2018-12-10 18:45:07 - [TEST_STEP][PASSED] - click: Object: 'Object Repository/Final Object Repo/New Registration - Registration Module Pages/Form 1/Insutry Post Code - 81000' is clicked on

2018-12-10 18:45:07 - [MESSAGE][PASSED] - Object: 'Object Repository/Final Object Repo/New Registration - Registration Module Pages/Form 1/Insutry Post Code - 81000' is clicked on

2018-12-10 18:45:07 - [TEST_STEP][PASSED] - delay: Delayed 1 second(s)

2018-12-10 18:45:08 - [MESSAGE][PASSED] - Delayed 1 second(s)

2018-12-10 18:45:08 - [TEST_STEP][PASSED] - setText: Text '100' is set on object 'Object Repository/Final Object Repo/New Registration - Registration Module Pages/Form 1/Industry P.O.BOX'

2018-12-10 18:45:08 - [MESSAGE][PASSED] - Text '100' is set on object 'Object Repository/Final Object Repo/New Registration - Registration Module Pages/Form 1/Industry P.O.BOX'

2018-12-10 18:45:08 - [TEST_STEP][PASSED] - setText: Text '100' is set on object 'Object Repository/Final Object Repo/New Registration - Registration Module Pages/Form 1/Industry Locked Bag No'

2018-12-10 18:45:09 - [MESSAGE][PASSED] - Text '100' is set on object 'Object Repository/Final Object Repo/New Registration - Registration Module Pages/Form 1/Industry Locked Bag No'

2018-12-10 18:45:09 - [TEST_STEP][PASSED] - setText: Text '123456789' is set on object 'Object Repository/Final Object Repo/New Registration - Registration Module Pages/Form 1/Telephone No'

2018-12-10 18:45:09 - [MESSAGE][PASSED] - Text '123456789' is set on object 'Object Repository/Final Object Repo/New Registration - Registration Module Pages/Form 1/Telephone No'

2018-12-10 18:45:09 - [TEST_STEP][PASSED] - setText: Text '123456789' is set on object 'Object Repository/Final Object Repo/New Registration - Registration Module Pages/Form 1/Mobile No'

2018-12-10 18:45:09 - [MESSAGE][PASSED] - Text '123456789' is set on object 'Object Repository/Final Object Repo/New Registration - Registration Module Pages/Form 1/Mobile No'

2018-12-10 18:45:09 - [TEST_STEP][PASSED] - setText: Text '123456789' is set on object 'Object Repository/Final Object Repo/New Registration - Registration Module Pages/Form 1/Fax No'

2018-12-10 18:45:10 - [MESSAGE][PASSED] - Text '123456789' is set on object 'Object Repository/Final Object Repo/New Registration - Registration Module Pages/Form 1/Fax No'

2018-12-10 18:45:10 - [TEST_STEP][PASSED] - click: Object: 'Object Repository/Final Object Repo/New Registration - Registration Module Pages/Form 1/Industry Code' is clicked on

2018-12-10 18:45:10 - [MESSAGE][PASSED] - Object: 'Object Repository/Final Object Repo/New Registration - Registration Module Pages/Form 1/Industry Code' is clicked on

2018-12-10 18:45:10 - [TEST_STEP][PASSED] - click: Object: 'Object Repository/Final Object Repo/New Registration - Registration Module Pages/Form 1/Indudustry Code - Crops and Animal' is clicked on

2018-12-10 18:45:10 - [MESSAGE][PASSED] - Object: 'Object Repository/Final Object Repo/New Registration - Registration Module Pages/Form 1/Indudustry Code - Crops and Animal' is clicked on

2018-12-10 18:45:10 - [TEST_STEP][PASSED] - delay: Delayed 1 second(s)

2018-12-10 18:45:11 - [MESSAGE][PASSED] - Delayed 1 second(s)

2018-12-10 18:45:11 - [TEST_STEP][PASSED] - click: Object: 'Object Repository/Final Object Repo/New Registration - Registration Module Pages/Form 1/Sub Industry Code List' is clicked on

2018-12-10 18:45:11 - [MESSAGE][PASSED] - Object: 'Object Repository/Final Object Repo/New Registration - Registration Module Pages/Form 1/Sub Industry Code List' is clicked on

2018-12-10 18:45:11 - [TEST_STEP][PASSED] - click: Object: 'Object Repository/Final Object Repo/New Registration - Registration Module Pages/Form 1/Sub Industry Code List - Growing of Maize' is clicked on

2018-12-10 18:45:12 - [MESSAGE][PASSED] - Object: 'Object Repository/Final Object Repo/New Registration - Registration Module Pages/Form 1/Sub Industry Code List - Growing of Maize' is clicked on

2018-12-10 18:45:12 - [TEST_STEP][PASSED] - setText: Text 'perkeso123@gmail.com' is set on object 'Object Repository/Final Object Repo/New Registration - Registration Module Pages/Form 1/Email'

2018-12-10 18:45:12 - [MESSAGE][PASSED] - Text 'perkeso123@gmail.com' is set on object 'Object Repository/Final Object Repo/New Registration - Registration Module Pages/Form 1/Email'

2018-12-10 18:45:12 - [TEST_STEP][PASSED] - click: Object: 'Object Repository/Final Object Repo/New Registration - Registration Module Pages/Form 1/Method of Contribution Payment' is clicked on

2018-12-10 18:45:13 - [MESSAGE][PASSED] - Object: 'Object Repository/Final Object Repo/New Registration - Registration Module Pages/Form 1/Method of Contribution Payment' is clicked on

2018-12-10 18:45:13 - [TEST_STEP][PASSED] - click: Object: 'Object Repository/Final Object Repo/New Registration - Registration Module Pages/Form 1/Method of Contribution Payment - Portal' is clicked on

2018-12-10 18:45:13 - [MESSAGE][PASSED] - Object: 'Object Repository/Final Object Repo/New Registration - Registration Module Pages/Form 1/Method of Contribution Payment - Portal' is clicked on

2018-12-10 18:45:13 - [TEST_STEP][PASSED] - click: Object: 'Object Repository/Final Object Repo/New Registration - Registration Module Pages/Form 1/Servide Type' is clicked on

2018-12-10 18:45:13 - [MESSAGE][PASSED] - Object: 'Object Repository/Final Object Repo/New Registration - Registration Module Pages/Form 1/Servide Type' is clicked on

2018-12-10 18:45:13 - [TEST_STEP][PASSED] - click: Object: 'Object Repository/Final Object Repo/New Registration - Registration Module Pages/Form 1/Servide Type - Professional Bodies' is clicked on

2018-12-10 18:45:13 - [MESSAGE][PASSED] - Object: 'Object Repository/Final Object Repo/New Registration - Registration Module Pages/Form 1/Servide Type - Professional Bodies' is clicked on

2018-12-10 18:45:13 - [TEST_STEP][PASSED] - click: Object: 'Object Repository/Final Object Repo/New Registration - Registration Module Pages/Form 1/Industry Venue' is clicked on

2018-12-10 18:45:13 - [MESSAGE][PASSED] - Object: 'Object Repository/Final Object Repo/New Registration - Registration Module Pages/Form 1/Industry Venue' is clicked on

2018-12-10 18:45:13 - [TEST_STEP][PASSED] - click: Object: 'Object Repository/Final Object Repo/New Registration - Registration Module Pages/Form 1/Industry Venue -  PPN JOHOR' is clicked on

2018-12-10 18:45:14 - [MESSAGE][PASSED] - Object: 'Object Repository/Final Object Repo/New Registration - Registration Module Pages/Form 1/Industry Venue -  PPN JOHOR' is clicked on

2018-12-10 18:45:14 - [TEST_STEP][PASSED] - click: Object: 'Object Repository/Final Object Repo/New Registration - Registration Module Pages/Form 1/Save  Continue' is clicked on

2018-12-10 18:45:14 - [MESSAGE][PASSED] - Object: 'Object Repository/Final Object Repo/New Registration - Registration Module Pages/Form 1/Save  Continue' is clicked on

2018-12-10 18:45:14 - [MESSAGE][PASSED] - Call Test Case 'Test Cases/Final Aug 2018 - PKS Automation/Registration Module/New Registration/Form 1/Form 1 - Other - State Government Agency' successfully

2018-12-10 18:45:14 - [TEST_STEP][PASSED] - callTestCase: Call Test Case 'Test Cases/Final Aug 2018 - PKS Automation/Registration Module/New Registration/Form 2/Add 2 Not Eligible - No 3rd Screen' successfully

2018-12-10 18:45:14 - [TEST_CASE][PASSED] - Test Cases/Final Aug 2018 - PKS Automation/Registration Module/New Registration/Form 2/Add 2 Not Eligible - No 3rd Screen: Test Cases/Final Aug 2018 - PKS Automation/Registration Module/New Registration/Form 2/Add 2 Not Eligible - No 3rd Screen

2018-12-10 18:45:14 - [TEST_STEP][PASSED] - delay: Delayed 2 second(s)

2018-12-10 18:45:16 - [MESSAGE][PASSED] - Delayed 2 second(s)

2018-12-10 18:45:16 - [TEST_STEP][PASSED] - callTestCase: Call Test Case 'Test Cases/Final Aug 2018 - PKS Automation/Registration Module/New Registration/Form 2/Date Updater' successfully

2018-12-10 18:45:16 - [TEST_CASE][PASSED] - Test Cases/Final Aug 2018 - PKS Automation/Registration Module/New Registration/Form 2/Date Updater: Test Cases/Final Aug 2018 - PKS Automation/Registration Module/New Registration/Form 2/Date Updater

2018-12-10 18:45:16 - [TEST_STEP][PASSED] - Statement - TodayDate = new java.util.Date(): null

2018-12-10 18:45:16 - [TEST_STEP][PASSED] - Statement - CurrentDateNoFilter = new java.text.SimpleDateFormat(): null

2018-12-10 18:45:16 - [TEST_STEP][PASSED] - Statement - CurrentDateNoFilter.applyPattern("MM"): null

2018-12-10 18:45:16 - [TEST_STEP][PASSED] - Statement - monthContainerMatcher = java.lang.Integer.parseInt(CurrentDateNoFilter.format(TodayDate)): null

2018-12-10 18:45:16 - [TEST_STEP][PASSED] - Statement - monthContainerMatcher = monthContainerMatcher - 1: null

2018-12-10 18:45:16 - [TEST_STEP][PASSED] - Statement - CurrentMonth = monthContainerMatcher.toString(): null

2018-12-10 18:45:16 - [TEST_STEP][PASSED] - Statement - CurrentMonth = CurrentMonth: null

2018-12-10 18:45:16 - [TEST_STEP][PASSED] - Statement - CurrentDateNoFilter.applyPattern("yyyy"): null

2018-12-10 18:45:16 - [TEST_STEP][PASSED] - Statement - CurrentYear = CurrentDateNoFilter.format(TodayDate): null

2018-12-10 18:45:16 - [TEST_STEP][PASSED] - Statement - CurrentYear = CurrentYear: null

2018-12-10 18:45:16 - [TEST_STEP][PASSED] - Statement - intCurrentYear = java.lang.Integer.parseInt(CurrentDateNoFilter.format(TodayDate)): null

2018-12-10 18:45:16 - [TEST_STEP][PASSED] - Statement - eighteenYrsAgo = intCurrentYear - 18: null

2018-12-10 18:45:16 - [TEST_STEP][PASSED] - Statement - eighteenYrsBeforeThisYr = eighteenYrsAgo.toString(): null

2018-12-10 18:45:16 - [TEST_STEP][PASSED] - Statement - EighteenYrsBefore = eighteenYrsBeforeThisYr: null

2018-12-10 18:45:16 - [TEST_STEP][PASSED] - Statement - fiftysevenYrsAgo = intCurrentYear - 57: null

2018-12-10 18:45:16 - [TEST_STEP][PASSED] - Statement - fiftysevenYrsBeforeThisYr = fiftysevenYrsAgo.toString(): null

2018-12-10 18:45:16 - [TEST_STEP][PASSED] - Statement - FiftysevenYrsBefore = fiftysevenYrsBeforeThisYr: null

2018-12-10 18:45:16 - [TEST_STEP][PASSED] - Statement - leapYear = false: null

2018-12-10 18:45:16 - [TEST_STEP][PASSED] - Statement - leapYear = intCurrentYear % 4 == 0: null

2018-12-10 18:45:16 - [TEST_STEP][PASSED] - Statement - CurrentDateNoFilter.applyPattern("dd"): null

2018-12-10 18:45:16 - [TEST_STEP][PASSED] - Statement - CurrentDate = CurrentDateNoFilter.format(TodayDate): null

2018-12-10 18:45:16 - [TEST_STEP][PASSED] - Statement - CurrentDate = java.lang.Integer.parseInt(CurrentDate): null

2018-12-10 18:45:16 - [TEST_STEP][PASSED] - Statement - CurrentDate = CurrentDate: null

2018-12-10 18:45:16 - [TEST_STEP][PASSED] - Statement - CurrentDay = java.lang.Integer.parseInt(CurrentDate): null

2018-12-10 18:45:16 - [TEST_STEP][PASSED] - Statement - ConfAdder = <not implemented yet for class: org.codehaus.groovy.ast.expr.EmptyExpression>: null

2018-12-10 18:45:16 - [TEST_STEP][PASSED] - Statement - out.println(CurrentMonth): null

2018-12-10 18:45:16 - [TEST_STEP][PASSED] - Statement - out.println(CurrentDate): null

2018-12-10 18:45:16 - [TEST_STEP][PASSED] - Statement - switch (CurrentDate): null

2018-12-10 18:45:16 - [TEST_STEP][PASSED] - Statement - Default: null

2018-12-10 18:45:16 - [TEST_STEP][PASSED] - Statement - ConfAdder = true: null

2018-12-10 18:45:16 - [TEST_STEP][PASSED] - Statement - Break: null

2018-12-10 18:45:16 - [TEST_STEP][PASSED] - Statement - aDayBefore = <not implemented yet for class: org.codehaus.groovy.ast.expr.EmptyExpression>: null

2018-12-10 18:45:16 - [TEST_STEP][PASSED] - Statement - out.println(ConfAdder): null

2018-12-10 18:45:16 - [TEST_STEP][PASSED] - Statement - If (ConfAdder == true): null

2018-12-10 18:45:16 - [TEST_STEP][PASSED] - Statement - aDayBefore = CurrentDay + 1: null

2018-12-10 18:45:16 - [TEST_STEP][PASSED] - Statement - out.println(aDayBefore): null

2018-12-10 18:45:16 - [TEST_STEP][PASSED] - Statement - If (aDayBefore == 1 && CurrentMonth == 11): null

2018-12-10 18:45:16 - [TEST_STEP][PASSED] - Statement - DayBefore = aDayBefore.toString(): null

2018-12-10 18:45:16 - [TEST_STEP][PASSED] - Statement - OneDayBefore = DayBefore: null

2018-12-10 18:45:16 - [MESSAGE][PASSED] - Call Test Case 'Test Cases/Final Aug 2018 - PKS Automation/Registration Module/New Registration/Form 2/Date Updater' successfully

2018-12-10 18:45:16 - [TEST_STEP][PASSED] - Statement - CaseReferenceNo = com.kms.katalon.core.webui.keyword.WebUiBuiltInKeywords.getText(com.kms.katalon.core.testobject.ObjectRepository.findTestObject(Final Object Repo/New Registration - Registration Module Pages/Form 2/RefNo Acquiring)): Text of object 'Object Repository/Final Object Repo/New Registration - Registration Module Pages/Form 2/RefNo Acquiring' is: 'CRN12201800123148'

2018-12-10 18:45:16 - [MESSAGE][PASSED] - Text of object 'Object Repository/Final Object Repo/New Registration - Registration Module Pages/Form 2/RefNo Acquiring' is: 'CRN12201800123148'

2018-12-10 18:45:16 - [TEST_STEP][PASSED] - delay: Delayed 6 second(s)

2018-12-10 18:45:22 - [MESSAGE][PASSED] - Delayed 6 second(s)

2018-12-10 18:45:22 - [TEST_STEP][PASSED] - click: Object: 'Object Repository/Final Object Repo/New Registration - Registration Module Pages/Form 2/Add Employee Button' is clicked on

2018-12-10 18:45:22 - [MESSAGE][PASSED] - Object: 'Object Repository/Final Object Repo/New Registration - Registration Module Pages/Form 2/Add Employee Button' is clicked on

2018-12-10 18:45:22 - [TEST_STEP][PASSED] - delay: Delayed 4 second(s)

2018-12-10 18:45:26 - [MESSAGE][PASSED] - Delayed 4 second(s)

2018-12-10 18:45:26 - [TEST_STEP][PASSED] - setText: Text '000209039189' is set on object 'Object Repository/Final Object Repo/New Registration - Registration Module Pages/Form 2/NRIC Input'

2018-12-10 18:45:26 - [MESSAGE][PASSED] - Text '000209039189' is set on object 'Object Repository/Final Object Repo/New Registration - Registration Module Pages/Form 2/NRIC Input'

2018-12-10 18:45:26 - [TEST_STEP][PASSED] - click: Object: 'Object Repository/Final Object Repo/New Registration - Registration Module Pages/Form 2/button for search for IC' is clicked on

2018-12-10 18:45:27 - [MESSAGE][PASSED] - Object: 'Object Repository/Final Object Repo/New Registration - Registration Module Pages/Form 2/button for search for IC' is clicked on

2018-12-10 18:45:27 - [TEST_STEP][PASSED] - delay: Delayed 2 second(s)

2018-12-10 18:45:29 - [MESSAGE][PASSED] - Delayed 2 second(s)

2018-12-10 18:45:29 - [TEST_STEP][PASSED] - setText: Text 'Automate001 not eligible 1' is set on object 'Object Repository/Final Object Repo/New Registration - Registration Module Pages/Form 2/Employee Name Input'

2018-12-10 18:45:29 - [MESSAGE][PASSED] - Text 'Automate001 not eligible 1' is set on object 'Object Repository/Final Object Repo/New Registration - Registration Module Pages/Form 2/Employee Name Input'

2018-12-10 18:45:29 - [TEST_STEP][PASSED] - delay: Delayed 2 second(s)

2018-12-10 18:45:31 - [MESSAGE][PASSED] - Delayed 2 second(s)

2018-12-10 18:45:31 - [TEST_STEP][PASSED] - click: Object: 'Object Repository/Final Object Repo/New Registration - Registration Module Pages/Form 2/DatePicker Pop Up' is clicked on

2018-12-10 18:45:31 - [MESSAGE][PASSED] - Object: 'Object Repository/Final Object Repo/New Registration - Registration Module Pages/Form 2/DatePicker Pop Up' is clicked on

2018-12-10 18:45:31 - [TEST_STEP][PASSED] - click: Object: 'Object Repository/Final Object Repo/New Registration - Registration Module Pages/Form 2/DOB Month' is clicked on

2018-12-10 18:45:32 - [MESSAGE][PASSED] - Object: 'Object Repository/Final Object Repo/New Registration - Registration Module Pages/Form 2/DOB Month' is clicked on

2018-12-10 18:45:32 - [TEST_STEP][PASSED] - Statement - CurrentMonth = CurrentMonth: null

2018-12-10 18:45:32 - [TEST_STEP][PASSED] - Statement - selectMonth = new com.kms.katalon.core.testobject.TestObject(): null

2018-12-10 18:45:32 - [TEST_STEP][PASSED] - Statement - selectMonth.addProperty("xpath", EQUALS, "//body/div/div/div/select/option[@value='" + CurrentMonth + "']", true): null

2018-12-10 18:45:32 - [TEST_STEP][PASSED] - click: Object: '' is clicked on

2018-12-10 18:45:32 - [MESSAGE][PASSED] - Object: '' is clicked on

2018-12-10 18:45:32 - [TEST_STEP][PASSED] - delay: Delayed 2 second(s)

2018-12-10 18:45:34 - [MESSAGE][PASSED] - Delayed 2 second(s)

2018-12-10 18:45:34 - [TEST_STEP][PASSED] - click: Object: 'Object Repository/Final Object Repo/New Registration - Registration Module Pages/Form 2/DOB Year' is clicked on

2018-12-10 18:45:34 - [MESSAGE][PASSED] - Object: 'Object Repository/Final Object Repo/New Registration - Registration Module Pages/Form 2/DOB Year' is clicked on

2018-12-10 18:45:34 - [TEST_STEP][PASSED] - Statement - Eyearsbf = EighteenYrsBefore: null

2018-12-10 18:45:34 - [TEST_STEP][PASSED] - Statement - selectYear = new com.kms.katalon.core.testobject.TestObject(): null

2018-12-10 18:45:34 - [TEST_STEP][PASSED] - Statement - selectYear.addProperty("xpath", EQUALS, "//div/div/div/select/option[@value='" + Eyearsbf + "']", true): null

2018-12-10 18:45:34 - [TEST_STEP][PASSED] - click: Object: '' is clicked on

2018-12-10 18:45:34 - [MESSAGE][PASSED] - Object: '' is clicked on

2018-12-10 18:45:34 - [TEST_STEP][PASSED] - delay: Delayed 3 second(s)

2018-12-10 18:45:37 - [MESSAGE][PASSED] - Delayed 3 second(s)

2018-12-10 18:45:37 - [TEST_STEP][PASSED] - Statement - UpdatedSelectDate = com.kms.katalon.core.webui.keyword.WebUiBuiltInKeywords.modifyObjectProperty(com.kms.katalon.core.testobject.ObjectRepository.findTestObject(Final Object Repo/New Registration - Registration Module Pages/Form 2/DOB Date), "xpath", "equals", "//body/div/table/tbody/tr/td/a[text()="" + OneDayBefore + ""]", true): Modify property of object successfully

2018-12-10 18:45:37 - [MESSAGE][PASSED] - Modify property of object successfully

2018-12-10 18:45:37 - [TEST_STEP][PASSED] - delay: Delayed 3 second(s)

2018-12-10 18:45:40 - [MESSAGE][PASSED] - Delayed 3 second(s)

2018-12-10 18:45:40 - [TEST_STEP][PASSED] - click: Object: 'Object Repository/Final Object Repo/New Registration - Registration Module Pages/Form 2/DOB Date' is clicked on

2018-12-10 18:45:40 - [MESSAGE][PASSED] - Object: 'Object Repository/Final Object Repo/New Registration - Registration Module Pages/Form 2/DOB Date' is clicked on

2018-12-10 18:45:40 - [TEST_STEP][PASSED] - delay: Delayed 2 second(s)

2018-12-10 18:45:42 - [MESSAGE][PASSED] - Delayed 2 second(s)

2018-12-10 18:45:42 - [TEST_STEP][PASSED] - click: Object: 'Object Repository/Final Object Repo/New Registration - Registration Module Pages/Form 2/EmploymentStartDate Pop Up' is clicked on

2018-12-10 18:45:42 - [MESSAGE][PASSED] - Object: 'Object Repository/Final Object Repo/New Registration - Registration Module Pages/Form 2/EmploymentStartDate Pop Up' is clicked on

2018-12-10 18:45:42 - [TEST_STEP][PASSED] - delay: Delayed 2 second(s)

2018-12-10 18:45:44 - [MESSAGE][PASSED] - Delayed 2 second(s)

2018-12-10 18:45:44 - [TEST_STEP][PASSED] - click: Object: 'Object Repository/Final Object Repo/New Registration - Registration Module Pages/Form 2/Socso Employment StartDate Month' is clicked on

2018-12-10 18:45:44 - [MESSAGE][PASSED] - Object: 'Object Repository/Final Object Repo/New Registration - Registration Module Pages/Form 2/Socso Employment StartDate Month' is clicked on

2018-12-10 18:45:44 - [TEST_STEP][PASSED] - delay: Delayed 1 second(s)

2018-12-10 18:45:45 - [MESSAGE][PASSED] - Delayed 1 second(s)

2018-12-10 18:45:45 - [TEST_STEP][PASSED] - click: Object: 'Object Repository/Final Object Repo/New Registration - Registration Module Pages/Form 2/Select Socso Employement Startdate Month' is clicked on

2018-12-10 18:45:46 - [MESSAGE][PASSED] - Object: 'Object Repository/Final Object Repo/New Registration - Registration Module Pages/Form 2/Select Socso Employement Startdate Month' is clicked on

2018-12-10 18:45:46 - [TEST_STEP][PASSED] - delay: Delayed 2 second(s)

2018-12-10 18:45:48 - [MESSAGE][PASSED] - Delayed 2 second(s)

2018-12-10 18:45:48 - [TEST_STEP][PASSED] - click: Object: 'Object Repository/Final Object Repo/New Registration - Registration Module Pages/Form 2/Socso Employment StartDate Year' is clicked on

2018-12-10 18:45:48 - [MESSAGE][PASSED] - Object: 'Object Repository/Final Object Repo/New Registration - Registration Module Pages/Form 2/Socso Employment StartDate Year' is clicked on

2018-12-10 18:45:48 - [TEST_STEP][PASSED] - delay: Delayed 1 second(s)

2018-12-10 18:45:49 - [MESSAGE][PASSED] - Delayed 1 second(s)

2018-12-10 18:45:49 - [TEST_STEP][PASSED] - click: Object: 'Object Repository/Final Object Repo/New Registration - Registration Module Pages/Form 2/Select Socso Employment Startdate Year' is clicked on

2018-12-10 18:45:49 - [MESSAGE][PASSED] - Object: 'Object Repository/Final Object Repo/New Registration - Registration Module Pages/Form 2/Select Socso Employment Startdate Year' is clicked on

2018-12-10 18:45:49 - [TEST_STEP][PASSED] - delay: Delayed 2 second(s)

2018-12-10 18:45:51 - [MESSAGE][PASSED] - Delayed 2 second(s)

2018-12-10 18:45:51 - [TEST_STEP][PASSED] - click: Object: 'Object Repository/Final Object Repo/New Registration - Registration Module Pages/Form 2/Socso Employment Start Date Day' is clicked on

2018-12-10 18:45:51 - [MESSAGE][PASSED] - Object: 'Object Repository/Final Object Repo/New Registration - Registration Module Pages/Form 2/Socso Employment Start Date Day' is clicked on

2018-12-10 18:45:51 - [TEST_STEP][PASSED] - delay: Delayed 2 second(s)

2018-12-10 18:45:53 - [MESSAGE][PASSED] - Delayed 2 second(s)

2018-12-10 18:45:53 - [TEST_STEP][PASSED] - click: Object: 'Object Repository/Final Object Repo/New Registration - Registration Module Pages/Form 2/Save Button for Add Employee' is clicked on

2018-12-10 18:45:53 - [MESSAGE][PASSED] - Object: 'Object Repository/Final Object Repo/New Registration - Registration Module Pages/Form 2/Save Button for Add Employee' is clicked on

2018-12-10 18:45:53 - [TEST_STEP][PASSED] - delay: Delayed 6 second(s)

2018-12-10 18:45:59 - [MESSAGE][PASSED] - Delayed 6 second(s)

2018-12-10 18:45:59 - [TEST_STEP][PASSED] - click: Object: 'Object Repository/Final Object Repo/New Registration - Registration Module Pages/Form 2/Add Employee Button' is clicked on

2018-12-10 18:46:00 - [MESSAGE][PASSED] - Object: 'Object Repository/Final Object Repo/New Registration - Registration Module Pages/Form 2/Add Employee Button' is clicked on

2018-12-10 18:46:00 - [TEST_STEP][PASSED] - delay: Delayed 4 second(s)

2018-12-10 18:46:04 - [MESSAGE][PASSED] - Delayed 4 second(s)

2018-12-10 18:46:04 - [TEST_STEP][PASSED] - setText: Text '600203039194' is set on object 'Object Repository/Final Object Repo/New Registration - Registration Module Pages/Form 2/NRIC Input'

2018-12-10 18:46:04 - [MESSAGE][PASSED] - Text '600203039194' is set on object 'Object Repository/Final Object Repo/New Registration - Registration Module Pages/Form 2/NRIC Input'

2018-12-10 18:46:04 - [TEST_STEP][PASSED] - click: Object: 'Object Repository/Final Object Repo/New Registration - Registration Module Pages/Form 2/button for search for IC' is clicked on

2018-12-10 18:46:04 - [MESSAGE][PASSED] - Object: 'Object Repository/Final Object Repo/New Registration - Registration Module Pages/Form 2/button for search for IC' is clicked on

2018-12-10 18:46:04 - [TEST_STEP][PASSED] - delay: Delayed 2 second(s)

2018-12-10 18:46:06 - [MESSAGE][PASSED] - Delayed 2 second(s)

2018-12-10 18:46:06 - [TEST_STEP][PASSED] - setText: Text 'Automate001 not eligible 2' is set on object 'Object Repository/Final Object Repo/New Registration - Registration Module Pages/Form 2/Employee Name Input'

2018-12-10 18:46:07 - [MESSAGE][PASSED] - Text 'Automate001 not eligible 2' is set on object 'Object Repository/Final Object Repo/New Registration - Registration Module Pages/Form 2/Employee Name Input'

2018-12-10 18:46:07 - [TEST_STEP][PASSED] - delay: Delayed 2 second(s)

2018-12-10 18:46:09 - [MESSAGE][PASSED] - Delayed 2 second(s)

2018-12-10 18:46:09 - [TEST_STEP][PASSED] - click: Object: 'Object Repository/Final Object Repo/New Registration - Registration Module Pages/Form 2/DatePicker Pop Up' is clicked on

2018-12-10 18:46:09 - [MESSAGE][PASSED] - Object: 'Object Repository/Final Object Repo/New Registration - Registration Module Pages/Form 2/DatePicker Pop Up' is clicked on

2018-12-10 18:46:09 - [TEST_STEP][PASSED] - delay: Delayed 1 second(s)

2018-12-10 18:46:10 - [MESSAGE][PASSED] - Delayed 1 second(s)

2018-12-10 18:46:10 - [TEST_STEP][PASSED] - click: Object: 'Object Repository/Final Object Repo/New Registration - Registration Module Pages/Form 2/DOB Month' is clicked on

2018-12-10 18:46:10 - [MESSAGE][PASSED] - Object: 'Object Repository/Final Object Repo/New Registration - Registration Module Pages/Form 2/DOB Month' is clicked on

2018-12-10 18:46:10 - [TEST_STEP][PASSED] - Statement - selectMonth = com.kms.katalon.core.webui.keyword.WebUiBuiltInKeywords.modifyObjectProperty(selectMonth, "xpath", "equals", "//body/div/div/div/select/option[@value="" + CurrentMonth + ""]", true): Modify property of object successfully

2018-12-10 18:46:10 - [MESSAGE][PASSED] - Modify property of object successfully

2018-12-10 18:46:10 - [TEST_STEP][PASSED] - click: Object: '' is clicked on

2018-12-10 18:46:10 - [MESSAGE][PASSED] - Object: '' is clicked on

2018-12-10 18:46:10 - [TEST_STEP][PASSED] - click: Object: 'Object Repository/Final Object Repo/New Registration - Registration Module Pages/Form 2/DOB Year' is clicked on

2018-12-10 18:46:10 - [MESSAGE][PASSED] - Object: 'Object Repository/Final Object Repo/New Registration - Registration Module Pages/Form 2/DOB Year' is clicked on

2018-12-10 18:46:10 - [TEST_STEP][PASSED] - Statement - selectYear = com.kms.katalon.core.webui.keyword.WebUiBuiltInKeywords.modifyObjectProperty(selectYear, "xpath", "equals", "//div/div/div/select/option[@value="" + FiftysevenYrsBefore + ""]", true): Modify property of object successfully

2018-12-10 18:46:10 - [MESSAGE][PASSED] - Modify property of object successfully

2018-12-10 18:46:10 - [TEST_STEP][PASSED] - click: Object: '' is clicked on

2018-12-10 18:46:10 - [MESSAGE][PASSED] - Object: '' is clicked on

2018-12-10 18:46:10 - [TEST_STEP][PASSED] - Statement - UpdatedSelectDate = com.kms.katalon.core.webui.keyword.WebUiBuiltInKeywords.modifyObjectProperty(com.kms.katalon.core.testobject.ObjectRepository.findTestObject(Final Object Repo/New Registration - Registration Module Pages/Form 2/DOB Date), "xpath", "equals", "//body/div/table/tbody/tr/td/a[text()="" + CurrentDate + ""]", true): Modify property of object successfully

2018-12-10 18:46:10 - [MESSAGE][PASSED] - Modify property of object successfully

2018-12-10 18:46:10 - [TEST_STEP][PASSED] - delay: Delayed 3 second(s)

2018-12-10 18:46:13 - [MESSAGE][PASSED] - Delayed 3 second(s)

2018-12-10 18:46:13 - [TEST_STEP][PASSED] - click: Object: 'Object Repository/Final Object Repo/New Registration - Registration Module Pages/Form 2/DOB Date' is clicked on

2018-12-10 18:46:13 - [MESSAGE][PASSED] - Object: 'Object Repository/Final Object Repo/New Registration - Registration Module Pages/Form 2/DOB Date' is clicked on

2018-12-10 18:46:13 - [TEST_STEP][PASSED] - delay: Delayed 2 second(s)

2018-12-10 18:46:15 - [MESSAGE][PASSED] - Delayed 2 second(s)

2018-12-10 18:46:15 - [TEST_STEP][PASSED] - click: Object: 'Object Repository/Final Object Repo/New Registration - Registration Module Pages/Form 2/EmploymentStartDate Pop Up' is clicked on

2018-12-10 18:46:16 - [MESSAGE][PASSED] - Object: 'Object Repository/Final Object Repo/New Registration - Registration Module Pages/Form 2/EmploymentStartDate Pop Up' is clicked on

2018-12-10 18:46:16 - [TEST_STEP][PASSED] - delay: Delayed 2 second(s)

2018-12-10 18:46:18 - [MESSAGE][PASSED] - Delayed 2 second(s)

2018-12-10 18:46:18 - [TEST_STEP][PASSED] - click: Object: 'Object Repository/Final Object Repo/New Registration - Registration Module Pages/Form 2/Socso Employment StartDate Month' is clicked on

2018-12-10 18:46:18 - [MESSAGE][PASSED] - Object: 'Object Repository/Final Object Repo/New Registration - Registration Module Pages/Form 2/Socso Employment StartDate Month' is clicked on

2018-12-10 18:46:18 - [TEST_STEP][PASSED] - delay: Delayed 1 second(s)

2018-12-10 18:46:19 - [MESSAGE][PASSED] - Delayed 1 second(s)

2018-12-10 18:46:19 - [TEST_STEP][PASSED] - click: Object: 'Object Repository/Final Object Repo/New Registration - Registration Module Pages/Form 2/Select Socso Employement Startdate Month' is clicked on

2018-12-10 18:46:19 - [MESSAGE][PASSED] - Object: 'Object Repository/Final Object Repo/New Registration - Registration Module Pages/Form 2/Select Socso Employement Startdate Month' is clicked on

2018-12-10 18:46:19 - [TEST_STEP][PASSED] - delay: Delayed 2 second(s)

2018-12-10 18:46:21 - [MESSAGE][PASSED] - Delayed 2 second(s)

2018-12-10 18:46:21 - [TEST_STEP][PASSED] - click: Object: 'Object Repository/Final Object Repo/New Registration - Registration Module Pages/Form 2/Socso Employment StartDate Year' is clicked on

2018-12-10 18:46:21 - [MESSAGE][PASSED] - Object: 'Object Repository/Final Object Repo/New Registration - Registration Module Pages/Form 2/Socso Employment StartDate Year' is clicked on

2018-12-10 18:46:21 - [TEST_STEP][PASSED] - click: Object: 'Object Repository/Final Object Repo/New Registration - Registration Module Pages/Form 2/Select Socso Employment Startdate Year' is clicked on

2018-12-10 18:46:21 - [MESSAGE][PASSED] - Object: 'Object Repository/Final Object Repo/New Registration - Registration Module Pages/Form 2/Select Socso Employment Startdate Year' is clicked on

2018-12-10 18:46:21 - [TEST_STEP][PASSED] - delay: Delayed 2 second(s)

2018-12-10 18:46:23 - [MESSAGE][PASSED] - Delayed 2 second(s)

2018-12-10 18:46:23 - [TEST_STEP][PASSED] - click: Object: 'Object Repository/Final Object Repo/New Registration - Registration Module Pages/Form 2/Socso Employment Start Date Day' is clicked on

2018-12-10 18:46:24 - [MESSAGE][PASSED] - Object: 'Object Repository/Final Object Repo/New Registration - Registration Module Pages/Form 2/Socso Employment Start Date Day' is clicked on

2018-12-10 18:46:24 - [TEST_STEP][PASSED] - delay: Delayed 2 second(s)

2018-12-10 18:46:26 - [MESSAGE][PASSED] - Delayed 2 second(s)

2018-12-10 18:46:26 - [TEST_STEP][PASSED] - click: Object: 'Object Repository/Final Object Repo/New Registration - Registration Module Pages/Form 2/Save Button for Add Employee' is clicked on

2018-12-10 18:46:26 - [MESSAGE][PASSED] - Object: 'Object Repository/Final Object Repo/New Registration - Registration Module Pages/Form 2/Save Button for Add Employee' is clicked on

2018-12-10 18:46:26 - [TEST_STEP][PASSED] - delay: Delayed 2 second(s)

2018-12-10 18:46:28 - [MESSAGE][PASSED] - Delayed 2 second(s)

2018-12-10 18:46:28 - [TEST_STEP][PASSED] - click: Object: 'Object Repository/Final Object Repo/New Registration - Registration Module Pages/Form 2/Save and Continue Form 2' is clicked on

2018-12-10 18:46:28 - [MESSAGE][PASSED] - Object: 'Object Repository/Final Object Repo/New Registration - Registration Module Pages/Form 2/Save and Continue Form 2' is clicked on

2018-12-10 18:46:28 - [MESSAGE][PASSED] - Call Test Case 'Test Cases/Final Aug 2018 - PKS Automation/Registration Module/New Registration/Form 2/Add 2 Not Eligible - No 3rd Screen' successfully

2018-12-10 18:46:28 - [TEST_STEP][PASSED] - callTestCase: Call Test Case 'Test Cases/Final Aug 2018 - PKS Automation/Registration Module/New Registration/Flow of New Registration/No Third Screen - Upload 2 Supporting Doc - Preview' successfully

2018-12-10 18:46:28 - [TEST_CASE][PASSED] - Test Cases/Final Aug 2018 - PKS Automation/Registration Module/New Registration/Flow of New Registration/No Third Screen - Upload 2 Supporting Doc - Preview: Test Cases/Final Aug 2018 - PKS Automation/Registration Module/New Registration/Flow of New Registration/No Third Screen - Upload 2 Supporting Doc - Preview

2018-12-10 18:46:28 - [TEST_STEP][PASSED] - delay: Delayed 4 second(s)

2018-12-10 18:46:32 - [MESSAGE][PASSED] - Delayed 4 second(s)

2018-12-10 18:46:32 - [TEST_STEP][PASSED] - click: Object: 'Object Repository/Final Object Repo/New Registration - Registration Module Pages/Third Screen - Upload Supporting Doc- Preview/Add Document Button' is clicked on

2018-12-10 18:46:32 - [MESSAGE][PASSED] - Object: 'Object Repository/Final Object Repo/New Registration - Registration Module Pages/Third Screen - Upload Supporting Doc- Preview/Add Document Button' is clicked on

2018-12-10 18:46:32 - [TEST_STEP][PASSED] - delay: Delayed 4 second(s)

2018-12-10 18:46:36 - [MESSAGE][PASSED] - Delayed 4 second(s)

2018-12-10 18:46:36 - [TEST_STEP][PASSED] - click: Object: 'Object Repository/Final Object Repo/New Registration - Registration Module Pages/Third Screen - Upload Supporting Doc- Preview/Supporting Doc Please Select Drop Down' is clicked on

2018-12-10 18:46:36 - [MESSAGE][PASSED] - Object: 'Object Repository/Final Object Repo/New Registration - Registration Module Pages/Third Screen - Upload Supporting Doc- Preview/Supporting Doc Please Select Drop Down' is clicked on

2018-12-10 18:46:36 - [TEST_STEP][PASSED] - delay: Delayed 2 second(s)

2018-12-10 18:46:38 - [MESSAGE][PASSED] - Delayed 2 second(s)

2018-12-10 18:46:38 - [TEST_STEP][PASSED] - click: Object: 'Object Repository/Final Object Repo/New Registration - Registration Module Pages/Third Screen - Upload Supporting Doc- Preview/Select to Upload Form 1' is clicked on

2018-12-10 18:46:38 - [MESSAGE][PASSED] - Object: 'Object Repository/Final Object Repo/New Registration - Registration Module Pages/Third Screen - Upload Supporting Doc- Preview/Select to Upload Form 1' is clicked on

2018-12-10 18:46:38 - [TEST_STEP][PASSED] - delay: Delayed 2 second(s)

2018-12-10 18:46:40 - [MESSAGE][PASSED] - Delayed 2 second(s)

2018-12-10 18:46:40 - [TEST_STEP][PASSED] - uploadFile: File 'C:\Users\Public\Pictures\Sample Pictures\Koala.jpg' sent to object: 'Object Repository/Final Object Repo/New Registration - Registration Module Pages/Third Screen - Upload Supporting Doc- Preview/Upload File Adding'

2018-12-10 18:46:41 - [MESSAGE][PASSED] - File 'C:\Users\Public\Pictures\Sample Pictures\Koala.jpg' sent to object: 'Object Repository/Final Object Repo/New Registration - Registration Module Pages/Third Screen - Upload Supporting Doc- Preview/Upload File Adding'

2018-12-10 18:46:41 - [TEST_STEP][PASSED] - delay: Delayed 5 second(s)

2018-12-10 18:46:46 - [MESSAGE][PASSED] - Delayed 5 second(s)

2018-12-10 18:46:46 - [TEST_STEP][PASSED] - click: Object: 'Object Repository/Final Object Repo/New Registration - Registration Module Pages/Third Screen - Upload Supporting Doc- Preview/Inner Form Add Document Button' is clicked on

2018-12-10 18:46:46 - [MESSAGE][PASSED] - Object: 'Object Repository/Final Object Repo/New Registration - Registration Module Pages/Third Screen - Upload Supporting Doc- Preview/Inner Form Add Document Button' is clicked on

2018-12-10 18:46:46 - [TEST_STEP][PASSED] - delay: Delayed 3 second(s)

2018-12-10 18:46:49 - [MESSAGE][PASSED] - Delayed 3 second(s)

2018-12-10 18:46:49 - [TEST_STEP][PASSED] - click: Object: 'Object Repository/Final Object Repo/New Registration - Registration Module Pages/Third Screen - Upload Supporting Doc- Preview/Add Document Button' is clicked on

2018-12-10 18:46:50 - [MESSAGE][PASSED] - Object: 'Object Repository/Final Object Repo/New Registration - Registration Module Pages/Third Screen - Upload Supporting Doc- Preview/Add Document Button' is clicked on

2018-12-10 18:46:50 - [TEST_STEP][PASSED] - delay: Delayed 4 second(s)

2018-12-10 18:46:54 - [MESSAGE][PASSED] - Delayed 4 second(s)

2018-12-10 18:46:54 - [TEST_STEP][PASSED] - click: Object: 'Object Repository/Final Object Repo/New Registration - Registration Module Pages/Third Screen - Upload Supporting Doc- Preview/Supporting Doc Please Select Drop Down' is clicked on

2018-12-10 18:46:54 - [MESSAGE][PASSED] - Object: 'Object Repository/Final Object Repo/New Registration - Registration Module Pages/Third Screen - Upload Supporting Doc- Preview/Supporting Doc Please Select Drop Down' is clicked on

2018-12-10 18:46:54 - [TEST_STEP][PASSED] - delay: Delayed 2 second(s)

2018-12-10 18:46:56 - [MESSAGE][PASSED] - Delayed 2 second(s)

2018-12-10 18:46:56 - [TEST_STEP][PASSED] - click: Object: 'Object Repository/Final Object Repo/New Registration - Registration Module Pages/Third Screen - Upload Supporting Doc- Preview/Select to Upload Form 2' is clicked on

2018-12-10 18:46:56 - [MESSAGE][PASSED] - Object: 'Object Repository/Final Object Repo/New Registration - Registration Module Pages/Third Screen - Upload Supporting Doc- Preview/Select to Upload Form 2' is clicked on

2018-12-10 18:46:56 - [TEST_STEP][PASSED] - delay: Delayed 2 second(s)

2018-12-10 18:46:58 - [MESSAGE][PASSED] - Delayed 2 second(s)

2018-12-10 18:46:58 - [TEST_STEP][PASSED] - uploadFile: File 'C:\Users\Public\Pictures\Sample Pictures\Koala.jpg' sent to object: 'Object Repository/Final Object Repo/New Registration - Registration Module Pages/Third Screen - Upload Supporting Doc- Preview/Upload File Adding'

2018-12-10 18:46:58 - [MESSAGE][PASSED] - File 'C:\Users\Public\Pictures\Sample Pictures\Koala.jpg' sent to object: 'Object Repository/Final Object Repo/New Registration - Registration Module Pages/Third Screen - Upload Supporting Doc- Preview/Upload File Adding'

2018-12-10 18:46:58 - [TEST_STEP][PASSED] - delay: Delayed 5 second(s)

2018-12-10 18:47:03 - [MESSAGE][PASSED] - Delayed 5 second(s)

2018-12-10 18:47:03 - [TEST_STEP][PASSED] - click: Object: 'Object Repository/Final Object Repo/New Registration - Registration Module Pages/Third Screen - Upload Supporting Doc- Preview/Inner Form Add Document Button' is clicked on

2018-12-10 18:47:04 - [MESSAGE][PASSED] - Object: 'Object Repository/Final Object Repo/New Registration - Registration Module Pages/Third Screen - Upload Supporting Doc- Preview/Inner Form Add Document Button' is clicked on

2018-12-10 18:47:04 - [TEST_STEP][PASSED] - delay: Delayed 3 second(s)

2018-12-10 18:47:07 - [MESSAGE][PASSED] - Delayed 3 second(s)

2018-12-10 18:47:07 - [TEST_STEP][PASSED] - click: Object: 'Object Repository/Final Object Repo/New Registration - Registration Module Pages/Third Screen - Upload Supporting Doc- Preview/Save n Continue in Uploading Supporting Doc Page' is clicked on

2018-12-10 18:47:08 - [MESSAGE][PASSED] - Object: 'Object Repository/Final Object Repo/New Registration - Registration Module Pages/Third Screen - Upload Supporting Doc- Preview/Save n Continue in Uploading Supporting Doc Page' is clicked on

2018-12-10 18:47:08 - [MESSAGE][PASSED] - Call Test Case 'Test Cases/Final Aug 2018 - PKS Automation/Registration Module/New Registration/Flow of New Registration/No Third Screen - Upload 2 Supporting Doc - Preview' successfully

2018-12-10 18:47:08 - [TEST_STEP][PASSED] - callTestCase: Call Test Case 'Test Cases/Final Aug 2018 - PKS Automation/Registration Module/New Registration/Submit and Screenshot/Submit Registration and Screenshot' successfully

2018-12-10 18:47:08 - [TEST_CASE][PASSED] - Test Cases/Final Aug 2018 - PKS Automation/Registration Module/New Registration/Submit and Screenshot/Submit Registration and Screenshot: Test Cases/Final Aug 2018 - PKS Automation/Registration Module/New Registration/Submit and Screenshot/Submit Registration and Screenshot

2018-12-10 18:47:08 - [TEST_STEP][PASSED] - delay: Delayed 6 second(s)

2018-12-10 18:47:14 - [MESSAGE][PASSED] - Delayed 6 second(s)

2018-12-10 18:47:14 - [TEST_STEP][PASSED] - click: Object: 'Object Repository/Final Object Repo/New Registration - Registration Module Pages/Third Screen - Upload Supporting Doc- Preview/Preview Submit Button' is clicked on

2018-12-10 18:47:14 - [MESSAGE][PASSED] - Object: 'Object Repository/Final Object Repo/New Registration - Registration Module Pages/Third Screen - Upload Supporting Doc- Preview/Preview Submit Button' is clicked on

2018-12-10 18:47:14 - [TEST_STEP][PASSED] - delay: Delayed 2 second(s)

2018-12-10 18:47:16 - [MESSAGE][PASSED] - Delayed 2 second(s)

2018-12-10 18:47:16 - [TEST_STEP][PASSED] - click: Object: 'Object Repository/Final Object Repo/New Registration - Registration Module Pages/Third Screen - Upload Supporting Doc- Preview/Preview Submit - Confirm' is clicked on

2018-12-10 18:47:16 - [MESSAGE][PASSED] - Object: 'Object Repository/Final Object Repo/New Registration - Registration Module Pages/Third Screen - Upload Supporting Doc- Preview/Preview Submit - Confirm' is clicked on

2018-12-10 18:47:16 - [TEST_STEP][PASSED] - delay: Delayed 15 second(s)

2018-12-10 18:47:31 - [MESSAGE][PASSED] - Delayed 15 second(s)

2018-12-10 18:47:31 - [TEST_STEP][PASSED] - Statement - driver = com.kms.katalon.core.webui.driver.DriverFactory.getWebDriver(): null

2018-12-10 18:47:31 - [TEST_STEP][PASSED] - Statement - driver.manage().timeouts().implicitlyWait(10, SECONDS): null

2018-12-10 18:47:31 - [TEST_STEP][PASSED] - Statement - PresavePath = KatalonScreenshots: null

2018-12-10 18:47:31 - [TEST_STEP][PASSED] - Statement - pathPrefix = "C:\Users\Public\Pictures\Sample Pictures\Katalon Screenshots\Automate Ending Screen": null

2018-12-10 18:47:31 - [TEST_STEP][PASSED] - Statement - finalPath = <not implemented yet for class: org.codehaus.groovy.ast.expr.EmptyExpression>: null

2018-12-10 18:47:31 - [TEST_STEP][PASSED] - Statement - scrFile = driver.getScreenshotAs(FILE): null

2018-12-10 18:47:32 - [TEST_STEP][PASSED] - Statement - PreSaveFile = new java.io.File(PresavePath): null

2018-12-10 18:47:32 - [TEST_STEP][PASSED] - Statement - counter = 0: null

2018-12-10 18:47:32 - [TEST_STEP][PASSED] - Statement - If (PreSaveFile.exists()): null

2018-12-10 18:47:32 - [TEST_STEP][PASSED] - Statement - While (PreSaveFile.exists()): null

2018-12-10 18:47:32 - [TEST_STEP][PASSED] - Statement - counter = counter + 1: null

2018-12-10 18:47:32 - [TEST_STEP][PASSED] - Statement - PreSaveFile = new java.io.File(((pathPrefix + java.lang.Integer.toString(counter)) + .png)): null

2018-12-10 18:47:32 - [TEST_STEP][PASSED] - Statement - counter = counter + 1: null

2018-12-10 18:47:32 - [TEST_STEP][PASSED] - Statement - PreSaveFile = new java.io.File(((pathPrefix + java.lang.Integer.toString(counter)) + .png)): null

2018-12-10 18:47:32 - [TEST_STEP][PASSED] - Statement - counter = counter + 1: null

2018-12-10 18:47:32 - [TEST_STEP][PASSED] - Statement - PreSaveFile = new java.io.File(((pathPrefix + java.lang.Integer.toString(counter)) + .png)): null

2018-12-10 18:47:32 - [TEST_STEP][PASSED] - Statement - counter = counter + 1: null

2018-12-10 18:47:32 - [TEST_STEP][PASSED] - Statement - PreSaveFile = new java.io.File(((pathPrefix + java.lang.Integer.toString(counter)) + .png)): null

2018-12-10 18:47:32 - [TEST_STEP][PASSED] - Statement - counter = counter + 1: null

2018-12-10 18:47:32 - [TEST_STEP][PASSED] - Statement - PreSaveFile = new java.io.File(((pathPrefix + java.lang.Integer.toString(counter)) + .png)): null

2018-12-10 18:47:32 - [TEST_STEP][PASSED] - Statement - counter = counter + 1: null

2018-12-10 18:47:32 - [TEST_STEP][PASSED] - Statement - PreSaveFile = new java.io.File(((pathPrefix + java.lang.Integer.toString(counter)) + .png)): null

2018-12-10 18:47:32 - [TEST_STEP][PASSED] - Statement - counter = counter + 1: null

2018-12-10 18:47:32 - [TEST_STEP][PASSED] - Statement - PreSaveFile = new java.io.File(((pathPrefix + java.lang.Integer.toString(counter)) + .png)): null

2018-12-10 18:47:32 - [TEST_STEP][PASSED] - Statement - counter = counter + 1: null

2018-12-10 18:47:32 - [TEST_STEP][PASSED] - Statement - PreSaveFile = new java.io.File(((pathPrefix + java.lang.Integer.toString(counter)) + .png)): null

2018-12-10 18:47:32 - [TEST_STEP][PASSED] - Statement - counter = counter + 1: null

2018-12-10 18:47:32 - [TEST_STEP][PASSED] - Statement - PreSaveFile = new java.io.File(((pathPrefix + java.lang.Integer.toString(counter)) + .png)): null

2018-12-10 18:47:32 - [TEST_STEP][PASSED] - Statement - counter = counter + 1: null

2018-12-10 18:47:32 - [TEST_STEP][PASSED] - Statement - PreSaveFile = new java.io.File(((pathPrefix + java.lang.Integer.toString(counter)) + .png)): null

2018-12-10 18:47:32 - [TEST_STEP][PASSED] - Statement - counter = counter + 1: null

2018-12-10 18:47:32 - [TEST_STEP][PASSED] - Statement - PreSaveFile = new java.io.File(((pathPrefix + java.lang.Integer.toString(counter)) + .png)): null

2018-12-10 18:47:32 - [TEST_STEP][PASSED] - Statement - counter = counter + 1: null

2018-12-10 18:47:32 - [TEST_STEP][PASSED] - Statement - PreSaveFile = new java.io.File(((pathPrefix + java.lang.Integer.toString(counter)) + .png)): null

2018-12-10 18:47:32 - [TEST_STEP][PASSED] - Statement - counter = counter + 1: null

2018-12-10 18:47:32 - [TEST_STEP][PASSED] - Statement - PreSaveFile = new java.io.File(((pathPrefix + java.lang.Integer.toString(counter)) + .png)): null

2018-12-10 18:47:32 - [TEST_STEP][PASSED] - Statement - counter = counter + 1: null

2018-12-10 18:47:32 - [TEST_STEP][PASSED] - Statement - PreSaveFile = new java.io.File(((pathPrefix + java.lang.Integer.toString(counter)) + .png)): null

2018-12-10 18:47:32 - [TEST_STEP][PASSED] - Statement - counter = counter + 1: null

2018-12-10 18:47:32 - [TEST_STEP][PASSED] - Statement - PreSaveFile = new java.io.File(((pathPrefix + java.lang.Integer.toString(counter)) + .png)): null

2018-12-10 18:47:32 - [TEST_STEP][PASSED] - Statement - counter = counter + 1: null

2018-12-10 18:47:32 - [TEST_STEP][PASSED] - Statement - PreSaveFile = new java.io.File(((pathPrefix + java.lang.Integer.toString(counter)) + .png)): null

2018-12-10 18:47:32 - [TEST_STEP][PASSED] - Statement - counter = counter + 1: null

2018-12-10 18:47:32 - [TEST_STEP][PASSED] - Statement - PreSaveFile = new java.io.File(((pathPrefix + java.lang.Integer.toString(counter)) + .png)): null

2018-12-10 18:47:32 - [TEST_STEP][PASSED] - Statement - finalPath = pathPrefix + java.lang.Integer.toString(counter) + ".png": null

2018-12-10 18:47:32 - [TEST_STEP][PASSED] - Statement - SaveFile = new java.io.File(finalPath): null

2018-12-10 18:47:32 - [TEST_STEP][PASSED] - Statement - Try: null

2018-12-10 18:47:32 - [TEST_STEP][PASSED] - Statement - org.apache.commons.io.FileUtils.copyFile(scrFile, SaveFile): null

2018-12-10 18:47:32 - [TEST_STEP][PASSED] - Statement - out.println("file kept"): null

2018-12-10 18:47:32 - [TEST_STEP][PASSED] - delay: Delayed 10 second(s)

2018-12-10 18:47:42 - [MESSAGE][PASSED] - Delayed 10 second(s)

2018-12-10 18:47:42 - [MESSAGE][PASSED] - Call Test Case 'Test Cases/Final Aug 2018 - PKS Automation/Registration Module/New Registration/Submit and Screenshot/Submit Registration and Screenshot' successfully]]></system-out>
         <system-err><![CDATA[]]></system-err>
      </testcase>
      <testcase name="Test Cases/Final Aug 2018 - PKS Automation/Registration Module/Critical Path/New Registration/Register ASSIST Only/Other - State Statutory Body" classname="Test Cases/Final Aug 2018 - PKS Automation/Registration Module/Critical Path/New Registration/Register ASSIST Only/Other - State Statutory Body" status="PASSED">
         <system-out><![CDATA[2018-12-10 18:47:42 - [TEST_CASE][PASSED] - Test Cases/Final Aug 2018 - PKS Automation/Registration Module/Critical Path/New Registration/Register ASSIST Only/Other - State Statutory Body: Test Cases/Final Aug 2018 - PKS Automation/Registration Module/Critical Path/New Registration/Register ASSIST Only/Other - State Statutory Body

2018-12-10 18:47:42 - [TEST_STEP][PASSED] - callTestCase: Call Test Case 'Test Cases/Final Aug 2018 - PKS Automation/Registration Module/New Registration/Form 1/Form 1 - Other - State Statutory Body' successfully

2018-12-10 18:47:42 - [TEST_CASE][PASSED] - Test Cases/Final Aug 2018 - PKS Automation/Registration Module/New Registration/Form 1/Form 1 - Other - State Statutory Body: Test Cases/Final Aug 2018 - PKS Automation/Registration Module/New Registration/Form 1/Form 1 - Other - State Statutory Body

2018-12-10 18:47:42 - [TEST_STEP][PASSED] - openBrowser: Browser is opened with url: ''

2018-12-10 18:47:42 - [MESSAGE][WARNING] - A browser is already opened. Closing browser and opening a new one

2018-12-10 18:47:45 - [MESSAGE][PASSED] - Browser is opened with url: ''

2018-12-10 18:47:45 - [TEST_STEP][PASSED] - navigateToUrl: Navigate to 'https://assist2-uat.perkeso.gov.my/login' successfully

2018-12-10 18:47:46 - [MESSAGE][PASSED] - Navigate to 'https://assist2-uat.perkeso.gov.my/login' successfully

2018-12-10 18:47:46 - [TEST_STEP][PASSED] - setText: Text 'johorotc1@gmail.com' is set on object 'Object Repository/Final Object Repo/Login Page/Internal User/Email Address'

2018-12-10 18:47:47 - [MESSAGE][PASSED] - Text 'johorotc1@gmail.com' is set on object 'Object Repository/Final Object Repo/Login Page/Internal User/Email Address'

2018-12-10 18:47:47 - [TEST_STEP][PASSED] - click: Object: 'Object Repository/Final Object Repo/Login Page/Internal User/Next Button' is clicked on

2018-12-10 18:47:47 - [MESSAGE][PASSED] - Object: 'Object Repository/Final Object Repo/Login Page/Internal User/Next Button' is clicked on

2018-12-10 18:47:47 - [TEST_STEP][PASSED] - delay: Delayed 1 second(s)

2018-12-10 18:47:48 - [MESSAGE][PASSED] - Delayed 1 second(s)

2018-12-10 18:47:48 - [TEST_STEP][PASSED] - setEncryptedText: Text ****** has been set on object 'Object Repository/Final Object Repo/Login Page/Internal User/Password'

2018-12-10 18:47:48 - [MESSAGE][PASSED] - Text ****** has been set on object 'Object Repository/Final Object Repo/Login Page/Internal User/Password'

2018-12-10 18:47:48 - [TEST_STEP][PASSED] - click: Object: 'Object Repository/Final Object Repo/Login Page/Internal User/Login Button' is clicked on

2018-12-10 18:47:48 - [MESSAGE][PASSED] - Object: 'Object Repository/Final Object Repo/Login Page/Internal User/Login Button' is clicked on

2018-12-10 18:47:48 - [TEST_STEP][PASSED] - delay: Delayed 1 second(s)

2018-12-10 18:47:49 - [MESSAGE][PASSED] - Delayed 1 second(s)

2018-12-10 18:47:49 - [TEST_STEP][PASSED] - Statement - Try: Delayed 2 second(s)

2018-12-10 18:47:49 - [TEST_STEP][PASSED] - Statement - Checker = false: null

2018-12-10 18:47:49 - [TEST_STEP][PASSED] - Statement - Checker = com.kms.katalon.core.webui.keyword.WebUiBuiltInKeywords.verifyElementHasAttribute(com.kms.katalon.core.testobject.ObjectRepository.findTestObject(Final Object Repo/Landing Page/BM Detecting), "href", 20, OPTIONAL): Object 'Object Repository/Final Object Repo/Landing Page/BM Detecting' has attribute 'href'

2018-12-10 18:47:50 - [MESSAGE][PASSED] - Object 'Object Repository/Final Object Repo/Landing Page/BM Detecting' has attribute 'href'

2018-12-10 18:47:50 - [TEST_STEP][PASSED] - Statement - out.println(Checker): null

2018-12-10 18:47:50 - [TEST_STEP][PASSED] - Statement - If (Checker == false): null

2018-12-10 18:47:50 - [TEST_STEP][PASSED] - Statement - Else: null

2018-12-10 18:47:50 - [TEST_STEP][PASSED] - delay: Delayed 2 second(s)

2018-12-10 18:47:52 - [MESSAGE][PASSED] - Delayed 2 second(s)

2018-12-10 18:47:52 - [TEST_STEP][PASSED] - navigateToUrl: Navigate to 'https://assist2-uat.perkeso.gov.my/web/registration/registration' successfully

2018-12-10 18:47:53 - [MESSAGE][PASSED] - Navigate to 'https://assist2-uat.perkeso.gov.my/web/registration/registration' successfully

2018-12-10 18:47:53 - [TEST_STEP][PASSED] - click: Object: 'Object Repository/Final Object Repo/New Registration - Registration Module Pages/Form 1/AEC - No' is clicked on

2018-12-10 18:47:53 - [MESSAGE][PASSED] - Object: 'Object Repository/Final Object Repo/New Registration - Registration Module Pages/Form 1/AEC - No' is clicked on

2018-12-10 18:47:53 - [TEST_STEP][PASSED] - click: Object: 'Object Repository/Final Object Repo/New Registration - Registration Module Pages/Form 1/Business Entity' is clicked on

2018-12-10 18:47:54 - [MESSAGE][PASSED] - Object: 'Object Repository/Final Object Repo/New Registration - Registration Module Pages/Form 1/Business Entity' is clicked on

2018-12-10 18:47:54 - [TEST_STEP][PASSED] - click: Object: 'Object Repository/Final Object Repo/New Registration - Registration Module Pages/Form 1/Business Entity - Other' is clicked on

2018-12-10 18:47:54 - [MESSAGE][PASSED] - Object: 'Object Repository/Final Object Repo/New Registration - Registration Module Pages/Form 1/Business Entity - Other' is clicked on

2018-12-10 18:47:54 - [TEST_STEP][PASSED] - delay: Delayed 1 second(s)

2018-12-10 18:47:55 - [MESSAGE][PASSED] - Delayed 1 second(s)

2018-12-10 18:47:55 - [TEST_STEP][PASSED] - click: Object: 'Object Repository/Final Object Repo/New Registration - Registration Module Pages/Form 1/Sub Business Entity' is clicked on

2018-12-10 18:47:55 - [MESSAGE][PASSED] - Object: 'Object Repository/Final Object Repo/New Registration - Registration Module Pages/Form 1/Sub Business Entity' is clicked on

2018-12-10 18:47:55 - [TEST_STEP][PASSED] - click: Object: 'Object Repository/Final Object Repo/New Registration - Registration Module Pages/Form 1/Sub Business Entity - Other/Sub Business Entity - State Statutory Body' is clicked on

2018-12-10 18:47:55 - [MESSAGE][PASSED] - Object: 'Object Repository/Final Object Repo/New Registration - Registration Module Pages/Form 1/Sub Business Entity - Other/Sub Business Entity - State Statutory Body' is clicked on

2018-12-10 18:47:55 - [TEST_STEP][PASSED] - delay: Delayed 1 second(s)

2018-12-10 18:47:56 - [MESSAGE][PASSED] - Delayed 1 second(s)

2018-12-10 18:47:56 - [TEST_STEP][PASSED] - click: Object: 'Object Repository/Final Object Repo/New Registration - Registration Module Pages/Form 1/Sub Business Entity List' is clicked on

2018-12-10 18:47:56 - [MESSAGE][PASSED] - Object: 'Object Repository/Final Object Repo/New Registration - Registration Module Pages/Form 1/Sub Business Entity List' is clicked on

2018-12-10 18:47:56 - [TEST_STEP][PASSED] - click: Object: 'Object Repository/Final Object Repo/New Registration - Registration Module Pages/Form 1/Sub Business Entity List - Other/Sub Business Entity List - Others - State Statutory Body -Selangor' is clicked on

2018-12-10 18:47:57 - [MESSAGE][PASSED] - Object: 'Object Repository/Final Object Repo/New Registration - Registration Module Pages/Form 1/Sub Business Entity List - Other/Sub Business Entity List - Others - State Statutory Body -Selangor' is clicked on

2018-12-10 18:47:57 - [TEST_STEP][PASSED] - delay: Delayed 1 second(s)

2018-12-10 18:47:58 - [MESSAGE][PASSED] - Delayed 1 second(s)

2018-12-10 18:47:58 - [TEST_STEP][NOT_RUN] - setText: NOT_RUN: setText

2018-12-10 18:47:58 - [MESSAGE][NOT_RUN] - NOT_RUN: setText

2018-12-10 18:47:58 - [TEST_STEP][NOT_RUN] - click: NOT_RUN: click

2018-12-10 18:47:58 - [MESSAGE][NOT_RUN] - NOT_RUN: click

2018-12-10 18:47:58 - [TEST_STEP][PASSED] - click: Object: 'Object Repository/Final Object Repo/New Registration - Registration Module Pages/Form 1/Registered As a Branch - Yes' is clicked on

2018-12-10 18:47:58 - [MESSAGE][PASSED] - Object: 'Object Repository/Final Object Repo/New Registration - Registration Module Pages/Form 1/Registered As a Branch - Yes' is clicked on

2018-12-10 18:47:58 - [TEST_STEP][PASSED] - verifyElementPresent: Object 'Object Repository/Final Object Repo/New Registration - Registration Module Pages/Form 1/Acknowledgement Disabled' is present

2018-12-10 18:47:58 - [MESSAGE][WARNING] - Timeout '0' is invalid. Using default page load timeout: '30'

2018-12-10 18:47:58 - [MESSAGE][PASSED] - Object 'Object Repository/Final Object Repo/New Registration - Registration Module Pages/Form 1/Acknowledgement Disabled' is present

2018-12-10 18:47:58 - [TEST_STEP][NOT_RUN] - verifyElementNotChecked: NOT_RUN: verifyElementNotChecked

2018-12-10 18:47:58 - [MESSAGE][NOT_RUN] - NOT_RUN: verifyElementNotChecked

2018-12-10 18:47:58 - [TEST_STEP][PASSED] - click: Object: 'Object Repository/Final Object Repo/New Registration - Registration Module Pages/Form 1/Industry Name Selection' is clicked on

2018-12-10 18:47:58 - [MESSAGE][PASSED] - Object: 'Object Repository/Final Object Repo/New Registration - Registration Module Pages/Form 1/Industry Name Selection' is clicked on

2018-12-10 18:47:58 - [TEST_STEP][PASSED] - click: Object: 'Object Repository/Final Object Repo/New Registration - Registration Module Pages/Form 1/Industry Name List - Other/Others - State Statutory Body -Jabatan Ketua Menteri Sab - Perbadanan' is clicked on

2018-12-10 18:47:58 - [MESSAGE][PASSED] - Object: 'Object Repository/Final Object Repo/New Registration - Registration Module Pages/Form 1/Industry Name List - Other/Others - State Statutory Body -Jabatan Ketua Menteri Sab - Perbadanan' is clicked on

2018-12-10 18:47:58 - [TEST_STEP][PASSED] - setText: Text 'perkeso1' is set on object 'Object Repository/Final Object Repo/New Registration - Registration Module Pages/Form 1/Postal Address1'

2018-12-10 18:47:59 - [MESSAGE][PASSED] - Text 'perkeso1' is set on object 'Object Repository/Final Object Repo/New Registration - Registration Module Pages/Form 1/Postal Address1'

2018-12-10 18:47:59 - [TEST_STEP][PASSED] - setText: Text 'perkeso2' is set on object 'Object Repository/Final Object Repo/New Registration - Registration Module Pages/Form 1/Postal Address2'

2018-12-10 18:47:59 - [MESSAGE][PASSED] - Text 'perkeso2' is set on object 'Object Repository/Final Object Repo/New Registration - Registration Module Pages/Form 1/Postal Address2'

2018-12-10 18:47:59 - [TEST_STEP][PASSED] - setText: Text 'perkeso3' is set on object 'Object Repository/Final Object Repo/New Registration - Registration Module Pages/Form 1/Postal Address3'

2018-12-10 18:47:59 - [MESSAGE][PASSED] - Text 'perkeso3' is set on object 'Object Repository/Final Object Repo/New Registration - Registration Module Pages/Form 1/Postal Address3'

2018-12-10 18:47:59 - [TEST_STEP][PASSED] - click: Object: 'Object Repository/Final Object Repo/New Registration - Registration Module Pages/Form 1/State' is clicked on

2018-12-10 18:47:59 - [MESSAGE][PASSED] - Object: 'Object Repository/Final Object Repo/New Registration - Registration Module Pages/Form 1/State' is clicked on

2018-12-10 18:47:59 - [TEST_STEP][PASSED] - click: Object: 'Object Repository/Final Object Repo/New Registration - Registration Module Pages/Form 1/State - Johor' is clicked on

2018-12-10 18:48:00 - [MESSAGE][PASSED] - Object: 'Object Repository/Final Object Repo/New Registration - Registration Module Pages/Form 1/State - Johor' is clicked on

2018-12-10 18:48:00 - [TEST_STEP][PASSED] - delay: Delayed 2 second(s)

2018-12-10 18:48:02 - [MESSAGE][PASSED] - Delayed 2 second(s)

2018-12-10 18:48:02 - [TEST_STEP][PASSED] - click: Object: 'Object Repository/Final Object Repo/New Registration - Registration Module Pages/Form 1/City' is clicked on

2018-12-10 18:48:02 - [MESSAGE][PASSED] - Object: 'Object Repository/Final Object Repo/New Registration - Registration Module Pages/Form 1/City' is clicked on

2018-12-10 18:48:02 - [TEST_STEP][PASSED] - setText: Text 'joh' is set on object 'Object Repository/Final Object Repo/New Registration - Registration Module Pages/Form 1/Postcode - 810'

2018-12-10 18:48:02 - [MESSAGE][PASSED] - Text 'joh' is set on object 'Object Repository/Final Object Repo/New Registration - Registration Module Pages/Form 1/Postcode - 810'

2018-12-10 18:48:02 - [TEST_STEP][PASSED] - delay: Delayed 2 second(s)

2018-12-10 18:48:04 - [MESSAGE][PASSED] - Delayed 2 second(s)

2018-12-10 18:48:04 - [TEST_STEP][PASSED] - click: Object: 'Object Repository/Final Object Repo/New Registration - Registration Module Pages/Form 1/City - Johor Bharu' is clicked on

2018-12-10 18:48:04 - [MESSAGE][PASSED] - Object: 'Object Repository/Final Object Repo/New Registration - Registration Module Pages/Form 1/City - Johor Bharu' is clicked on

2018-12-10 18:48:04 - [TEST_STEP][PASSED] - delay: Delayed 1 second(s)

2018-12-10 18:48:05 - [MESSAGE][PASSED] - Delayed 1 second(s)

2018-12-10 18:48:05 - [TEST_STEP][PASSED] - click: Object: 'Object Repository/Final Object Repo/New Registration - Registration Module Pages/Form 1/Postcode' is clicked on

2018-12-10 18:48:06 - [MESSAGE][PASSED] - Object: 'Object Repository/Final Object Repo/New Registration - Registration Module Pages/Form 1/Postcode' is clicked on

2018-12-10 18:48:06 - [TEST_STEP][PASSED] - delay: Delayed 1 second(s)

2018-12-10 18:48:07 - [MESSAGE][PASSED] - Delayed 1 second(s)

2018-12-10 18:48:07 - [TEST_STEP][PASSED] - setText: Text '810' is set on object 'Object Repository/Final Object Repo/New Registration - Registration Module Pages/Form 1/Postcode - 810'

2018-12-10 18:48:07 - [MESSAGE][PASSED] - Text '810' is set on object 'Object Repository/Final Object Repo/New Registration - Registration Module Pages/Form 1/Postcode - 810'

2018-12-10 18:48:07 - [TEST_STEP][PASSED] - delay: Delayed 2 second(s)

2018-12-10 18:48:09 - [MESSAGE][PASSED] - Delayed 2 second(s)

2018-12-10 18:48:09 - [TEST_STEP][PASSED] - click: Object: 'Object Repository/Final Object Repo/New Registration - Registration Module Pages/Form 1/Postcode - 81000' is clicked on

2018-12-10 18:48:09 - [MESSAGE][PASSED] - Object: 'Object Repository/Final Object Repo/New Registration - Registration Module Pages/Form 1/Postcode - 81000' is clicked on

2018-12-10 18:48:09 - [TEST_STEP][PASSED] - delay: Delayed 1 second(s)

2018-12-10 18:48:10 - [MESSAGE][PASSED] - Delayed 1 second(s)

2018-12-10 18:48:10 - [TEST_STEP][PASSED] - setText: Text '100' is set on object 'Object Repository/Final Object Repo/New Registration - Registration Module Pages/Form 1/P.O.BOX'

2018-12-10 18:48:10 - [MESSAGE][PASSED] - Text '100' is set on object 'Object Repository/Final Object Repo/New Registration - Registration Module Pages/Form 1/P.O.BOX'

2018-12-10 18:48:10 - [TEST_STEP][PASSED] - setText: Text '100' is set on object 'Object Repository/Final Object Repo/New Registration - Registration Module Pages/Form 1/Locked Bag No'

2018-12-10 18:48:10 - [MESSAGE][PASSED] - Text '100' is set on object 'Object Repository/Final Object Repo/New Registration - Registration Module Pages/Form 1/Locked Bag No'

2018-12-10 18:48:10 - [TEST_STEP][PASSED] - click: Object: 'Object Repository/Final Object Repo/New Registration - Registration Module Pages/Form 1/SOCSO Office Location' is clicked on

2018-12-10 18:48:11 - [MESSAGE][PASSED] - Object: 'Object Repository/Final Object Repo/New Registration - Registration Module Pages/Form 1/SOCSO Office Location' is clicked on

2018-12-10 18:48:11 - [TEST_STEP][PASSED] - click: Object: 'Object Repository/Final Object Repo/New Registration - Registration Module Pages/Form 1/SOCSO Office Location - Pejabat PERKESO Negeri Johor' is clicked on

2018-12-10 18:48:11 - [MESSAGE][PASSED] - Object: 'Object Repository/Final Object Repo/New Registration - Registration Module Pages/Form 1/SOCSO Office Location - Pejabat PERKESO Negeri Johor' is clicked on

2018-12-10 18:48:11 - [TEST_STEP][PASSED] - delay: Delayed 1 second(s)

2018-12-10 18:48:12 - [MESSAGE][PASSED] - Delayed 1 second(s)

2018-12-10 18:48:12 - [TEST_STEP][PASSED] - check: Object 'Object Repository/Final Object Repo/New Registration - Registration Module Pages/Form 1/Indusrty Address Same As Postal Address' is checked

2018-12-10 18:48:12 - [MESSAGE][PASSED] - Object 'Object Repository/Final Object Repo/New Registration - Registration Module Pages/Form 1/Indusrty Address Same As Postal Address' is checked

2018-12-10 18:48:12 - [TEST_STEP][PASSED] - delay: Delayed 3 second(s)

2018-12-10 18:48:15 - [MESSAGE][PASSED] - Delayed 3 second(s)

2018-12-10 18:48:15 - [TEST_STEP][PASSED] - click: Object: 'Object Repository/Final Object Repo/New Registration - Registration Module Pages/Form 1/Indusry Address Same As Postal Address False' is clicked on

2018-12-10 18:48:15 - [MESSAGE][PASSED] - Object: 'Object Repository/Final Object Repo/New Registration - Registration Module Pages/Form 1/Indusry Address Same As Postal Address False' is clicked on

2018-12-10 18:48:15 - [TEST_STEP][PASSED] - delay: Delayed 1 second(s)

2018-12-10 18:48:16 - [MESSAGE][PASSED] - Delayed 1 second(s)

2018-12-10 18:48:16 - [TEST_STEP][PASSED] - setText: Text 'perkeso1' is set on object 'Object Repository/Final Object Repo/New Registration - Registration Module Pages/Form 1/Industry Address1'

2018-12-10 18:48:17 - [MESSAGE][PASSED] - Text 'perkeso1' is set on object 'Object Repository/Final Object Repo/New Registration - Registration Module Pages/Form 1/Industry Address1'

2018-12-10 18:48:17 - [TEST_STEP][PASSED] - setText: Text 'perkeso2' is set on object 'Object Repository/Final Object Repo/New Registration - Registration Module Pages/Form 1/Industry Address2'

2018-12-10 18:48:17 - [MESSAGE][PASSED] - Text 'perkeso2' is set on object 'Object Repository/Final Object Repo/New Registration - Registration Module Pages/Form 1/Industry Address2'

2018-12-10 18:48:17 - [TEST_STEP][PASSED] - setText: Text 'perkeso3' is set on object 'Object Repository/Final Object Repo/New Registration - Registration Module Pages/Form 1/Industry Address3'

2018-12-10 18:48:17 - [MESSAGE][PASSED] - Text 'perkeso3' is set on object 'Object Repository/Final Object Repo/New Registration - Registration Module Pages/Form 1/Industry Address3'

2018-12-10 18:48:17 - [TEST_STEP][PASSED] - click: Object: 'Object Repository/Final Object Repo/New Registration - Registration Module Pages/Form 1/Industry State' is clicked on

2018-12-10 18:48:18 - [MESSAGE][PASSED] - Object: 'Object Repository/Final Object Repo/New Registration - Registration Module Pages/Form 1/Industry State' is clicked on

2018-12-10 18:48:18 - [TEST_STEP][PASSED] - delay: Delayed 2 second(s)

2018-12-10 18:48:20 - [MESSAGE][PASSED] - Delayed 2 second(s)

2018-12-10 18:48:20 - [TEST_STEP][PASSED] - click: Object: 'Object Repository/Final Object Repo/New Registration - Registration Module Pages/Form 1/Industry State - Johor' is clicked on

2018-12-10 18:48:20 - [MESSAGE][PASSED] - Object: 'Object Repository/Final Object Repo/New Registration - Registration Module Pages/Form 1/Industry State - Johor' is clicked on

2018-12-10 18:48:20 - [TEST_STEP][PASSED] - delay: Delayed 2 second(s)

2018-12-10 18:48:22 - [MESSAGE][PASSED] - Delayed 2 second(s)

2018-12-10 18:48:22 - [TEST_STEP][PASSED] - click: Object: 'Object Repository/Final Object Repo/New Registration - Registration Module Pages/Form 1/Industry Ciry' is clicked on

2018-12-10 18:48:22 - [MESSAGE][PASSED] - Object: 'Object Repository/Final Object Repo/New Registration - Registration Module Pages/Form 1/Industry Ciry' is clicked on

2018-12-10 18:48:22 - [TEST_STEP][PASSED] - setText: Text 'joh' is set on object 'Object Repository/Final Object Repo/New Registration - Registration Module Pages/Form 1/Industry Ciry - joh'

2018-12-10 18:48:22 - [MESSAGE][PASSED] - Text 'joh' is set on object 'Object Repository/Final Object Repo/New Registration - Registration Module Pages/Form 1/Industry Ciry - joh'

2018-12-10 18:48:22 - [TEST_STEP][PASSED] - delay: Delayed 2 second(s)

2018-12-10 18:48:24 - [MESSAGE][PASSED] - Delayed 2 second(s)

2018-12-10 18:48:24 - [TEST_STEP][PASSED] - click: Object: 'Object Repository/Final Object Repo/New Registration - Registration Module Pages/Form 1/Industy State - Johor Bharu' is clicked on

2018-12-10 18:48:24 - [MESSAGE][PASSED] - Object: 'Object Repository/Final Object Repo/New Registration - Registration Module Pages/Form 1/Industy State - Johor Bharu' is clicked on

2018-12-10 18:48:24 - [TEST_STEP][PASSED] - delay: Delayed 1 second(s)

2018-12-10 18:48:25 - [MESSAGE][PASSED] - Delayed 1 second(s)

2018-12-10 18:48:25 - [TEST_STEP][PASSED] - click: Object: 'Object Repository/Final Object Repo/New Registration - Registration Module Pages/Form 1/Indusry PostCode' is clicked on

2018-12-10 18:48:26 - [MESSAGE][PASSED] - Object: 'Object Repository/Final Object Repo/New Registration - Registration Module Pages/Form 1/Indusry PostCode' is clicked on

2018-12-10 18:48:26 - [TEST_STEP][PASSED] - delay: Delayed 1 second(s)

2018-12-10 18:48:27 - [MESSAGE][PASSED] - Delayed 1 second(s)

2018-12-10 18:48:27 - [TEST_STEP][PASSED] - setText: Text '810' is set on object 'Object Repository/Final Object Repo/New Registration - Registration Module Pages/Form 1/Insutry Post Code - 810'

2018-12-10 18:48:27 - [MESSAGE][PASSED] - Text '810' is set on object 'Object Repository/Final Object Repo/New Registration - Registration Module Pages/Form 1/Insutry Post Code - 810'

2018-12-10 18:48:27 - [TEST_STEP][PASSED] - delay: Delayed 1 second(s)

2018-12-10 18:48:28 - [MESSAGE][PASSED] - Delayed 1 second(s)

2018-12-10 18:48:28 - [TEST_STEP][PASSED] - click: Object: 'Object Repository/Final Object Repo/New Registration - Registration Module Pages/Form 1/Insutry Post Code - 81000' is clicked on

2018-12-10 18:48:28 - [MESSAGE][PASSED] - Object: 'Object Repository/Final Object Repo/New Registration - Registration Module Pages/Form 1/Insutry Post Code - 81000' is clicked on

2018-12-10 18:48:28 - [TEST_STEP][PASSED] - delay: Delayed 1 second(s)

2018-12-10 18:48:29 - [MESSAGE][PASSED] - Delayed 1 second(s)

2018-12-10 18:48:29 - [TEST_STEP][PASSED] - setText: Text '100' is set on object 'Object Repository/Final Object Repo/New Registration - Registration Module Pages/Form 1/Industry P.O.BOX'

2018-12-10 18:48:29 - [MESSAGE][PASSED] - Text '100' is set on object 'Object Repository/Final Object Repo/New Registration - Registration Module Pages/Form 1/Industry P.O.BOX'

2018-12-10 18:48:29 - [TEST_STEP][PASSED] - setText: Text '100' is set on object 'Object Repository/Final Object Repo/New Registration - Registration Module Pages/Form 1/Industry Locked Bag No'

2018-12-10 18:48:29 - [MESSAGE][PASSED] - Text '100' is set on object 'Object Repository/Final Object Repo/New Registration - Registration Module Pages/Form 1/Industry Locked Bag No'

2018-12-10 18:48:29 - [TEST_STEP][PASSED] - setText: Text '123456789' is set on object 'Object Repository/Final Object Repo/New Registration - Registration Module Pages/Form 1/Telephone No'

2018-12-10 18:48:30 - [MESSAGE][PASSED] - Text '123456789' is set on object 'Object Repository/Final Object Repo/New Registration - Registration Module Pages/Form 1/Telephone No'

2018-12-10 18:48:30 - [TEST_STEP][PASSED] - setText: Text '123456789' is set on object 'Object Repository/Final Object Repo/New Registration - Registration Module Pages/Form 1/Mobile No'

2018-12-10 18:48:30 - [MESSAGE][PASSED] - Text '123456789' is set on object 'Object Repository/Final Object Repo/New Registration - Registration Module Pages/Form 1/Mobile No'

2018-12-10 18:48:30 - [TEST_STEP][PASSED] - setText: Text '123456789' is set on object 'Object Repository/Final Object Repo/New Registration - Registration Module Pages/Form 1/Fax No'

2018-12-10 18:48:31 - [MESSAGE][PASSED] - Text '123456789' is set on object 'Object Repository/Final Object Repo/New Registration - Registration Module Pages/Form 1/Fax No'

2018-12-10 18:48:31 - [TEST_STEP][PASSED] - click: Object: 'Object Repository/Final Object Repo/New Registration - Registration Module Pages/Form 1/Industry Code' is clicked on

2018-12-10 18:48:31 - [MESSAGE][PASSED] - Object: 'Object Repository/Final Object Repo/New Registration - Registration Module Pages/Form 1/Industry Code' is clicked on

2018-12-10 18:48:31 - [TEST_STEP][PASSED] - click: Object: 'Object Repository/Final Object Repo/New Registration - Registration Module Pages/Form 1/Indudustry Code - Crops and Animal' is clicked on

2018-12-10 18:48:31 - [MESSAGE][PASSED] - Object: 'Object Repository/Final Object Repo/New Registration - Registration Module Pages/Form 1/Indudustry Code - Crops and Animal' is clicked on

2018-12-10 18:48:31 - [TEST_STEP][PASSED] - delay: Delayed 1 second(s)

2018-12-10 18:48:32 - [MESSAGE][PASSED] - Delayed 1 second(s)

2018-12-10 18:48:32 - [TEST_STEP][PASSED] - click: Object: 'Object Repository/Final Object Repo/New Registration - Registration Module Pages/Form 1/Sub Industry Code List' is clicked on

2018-12-10 18:48:32 - [MESSAGE][PASSED] - Object: 'Object Repository/Final Object Repo/New Registration - Registration Module Pages/Form 1/Sub Industry Code List' is clicked on

2018-12-10 18:48:32 - [TEST_STEP][PASSED] - click: Object: 'Object Repository/Final Object Repo/New Registration - Registration Module Pages/Form 1/Sub Industry Code List - Growing of Maize' is clicked on

2018-12-10 18:48:33 - [MESSAGE][PASSED] - Object: 'Object Repository/Final Object Repo/New Registration - Registration Module Pages/Form 1/Sub Industry Code List - Growing of Maize' is clicked on

2018-12-10 18:48:33 - [TEST_STEP][PASSED] - setText: Text 'perkeso123@gmail.com' is set on object 'Object Repository/Final Object Repo/New Registration - Registration Module Pages/Form 1/Email'

2018-12-10 18:48:33 - [MESSAGE][PASSED] - Text 'perkeso123@gmail.com' is set on object 'Object Repository/Final Object Repo/New Registration - Registration Module Pages/Form 1/Email'

2018-12-10 18:48:33 - [TEST_STEP][PASSED] - click: Object: 'Object Repository/Final Object Repo/New Registration - Registration Module Pages/Form 1/Method of Contribution Payment' is clicked on

2018-12-10 18:48:33 - [MESSAGE][PASSED] - Object: 'Object Repository/Final Object Repo/New Registration - Registration Module Pages/Form 1/Method of Contribution Payment' is clicked on

2018-12-10 18:48:33 - [TEST_STEP][PASSED] - click: Object: 'Object Repository/Final Object Repo/New Registration - Registration Module Pages/Form 1/Method of Contribution Payment - Portal' is clicked on

2018-12-10 18:48:34 - [MESSAGE][PASSED] - Object: 'Object Repository/Final Object Repo/New Registration - Registration Module Pages/Form 1/Method of Contribution Payment - Portal' is clicked on

2018-12-10 18:48:34 - [TEST_STEP][PASSED] - click: Object: 'Object Repository/Final Object Repo/New Registration - Registration Module Pages/Form 1/Servide Type' is clicked on

2018-12-10 18:48:34 - [MESSAGE][PASSED] - Object: 'Object Repository/Final Object Repo/New Registration - Registration Module Pages/Form 1/Servide Type' is clicked on

2018-12-10 18:48:34 - [TEST_STEP][PASSED] - click: Object: 'Object Repository/Final Object Repo/New Registration - Registration Module Pages/Form 1/Servide Type - Professional Bodies' is clicked on

2018-12-10 18:48:34 - [MESSAGE][PASSED] - Object: 'Object Repository/Final Object Repo/New Registration - Registration Module Pages/Form 1/Servide Type - Professional Bodies' is clicked on

2018-12-10 18:48:34 - [TEST_STEP][PASSED] - click: Object: 'Object Repository/Final Object Repo/New Registration - Registration Module Pages/Form 1/Industry Venue' is clicked on

2018-12-10 18:48:34 - [MESSAGE][PASSED] - Object: 'Object Repository/Final Object Repo/New Registration - Registration Module Pages/Form 1/Industry Venue' is clicked on

2018-12-10 18:48:34 - [TEST_STEP][PASSED] - click: Object: 'Object Repository/Final Object Repo/New Registration - Registration Module Pages/Form 1/Industry Venue -  PPN JOHOR' is clicked on

2018-12-10 18:48:34 - [MESSAGE][PASSED] - Object: 'Object Repository/Final Object Repo/New Registration - Registration Module Pages/Form 1/Industry Venue -  PPN JOHOR' is clicked on

2018-12-10 18:48:34 - [TEST_STEP][PASSED] - click: Object: 'Object Repository/Final Object Repo/New Registration - Registration Module Pages/Form 1/Save  Continue' is clicked on

2018-12-10 18:48:35 - [MESSAGE][PASSED] - Object: 'Object Repository/Final Object Repo/New Registration - Registration Module Pages/Form 1/Save  Continue' is clicked on

2018-12-10 18:48:35 - [MESSAGE][PASSED] - Call Test Case 'Test Cases/Final Aug 2018 - PKS Automation/Registration Module/New Registration/Form 1/Form 1 - Other - State Statutory Body' successfully

2018-12-10 18:48:35 - [TEST_STEP][PASSED] - callTestCase: Call Test Case 'Test Cases/Final Aug 2018 - PKS Automation/Registration Module/New Registration/Form 2/Add 2 Not Eligible - No 3rd Screen' successfully

2018-12-10 18:48:35 - [TEST_CASE][PASSED] - Test Cases/Final Aug 2018 - PKS Automation/Registration Module/New Registration/Form 2/Add 2 Not Eligible - No 3rd Screen: Test Cases/Final Aug 2018 - PKS Automation/Registration Module/New Registration/Form 2/Add 2 Not Eligible - No 3rd Screen

2018-12-10 18:48:35 - [TEST_STEP][PASSED] - delay: Delayed 2 second(s)

2018-12-10 18:48:37 - [MESSAGE][PASSED] - Delayed 2 second(s)

2018-12-10 18:48:37 - [TEST_STEP][PASSED] - callTestCase: Call Test Case 'Test Cases/Final Aug 2018 - PKS Automation/Registration Module/New Registration/Form 2/Date Updater' successfully

2018-12-10 18:48:37 - [TEST_CASE][PASSED] - Test Cases/Final Aug 2018 - PKS Automation/Registration Module/New Registration/Form 2/Date Updater: Test Cases/Final Aug 2018 - PKS Automation/Registration Module/New Registration/Form 2/Date Updater

2018-12-10 18:48:37 - [TEST_STEP][PASSED] - Statement - TodayDate = new java.util.Date(): null

2018-12-10 18:48:37 - [TEST_STEP][PASSED] - Statement - CurrentDateNoFilter = new java.text.SimpleDateFormat(): null

2018-12-10 18:48:37 - [TEST_STEP][PASSED] - Statement - CurrentDateNoFilter.applyPattern("MM"): null

2018-12-10 18:48:37 - [TEST_STEP][PASSED] - Statement - monthContainerMatcher = java.lang.Integer.parseInt(CurrentDateNoFilter.format(TodayDate)): null

2018-12-10 18:48:37 - [TEST_STEP][PASSED] - Statement - monthContainerMatcher = monthContainerMatcher - 1: null

2018-12-10 18:48:37 - [TEST_STEP][PASSED] - Statement - CurrentMonth = monthContainerMatcher.toString(): null

2018-12-10 18:48:37 - [TEST_STEP][PASSED] - Statement - CurrentMonth = CurrentMonth: null

2018-12-10 18:48:37 - [TEST_STEP][PASSED] - Statement - CurrentDateNoFilter.applyPattern("yyyy"): null

2018-12-10 18:48:37 - [TEST_STEP][PASSED] - Statement - CurrentYear = CurrentDateNoFilter.format(TodayDate): null

2018-12-10 18:48:37 - [TEST_STEP][PASSED] - Statement - CurrentYear = CurrentYear: null

2018-12-10 18:48:37 - [TEST_STEP][PASSED] - Statement - intCurrentYear = java.lang.Integer.parseInt(CurrentDateNoFilter.format(TodayDate)): null

2018-12-10 18:48:37 - [TEST_STEP][PASSED] - Statement - eighteenYrsAgo = intCurrentYear - 18: null

2018-12-10 18:48:37 - [TEST_STEP][PASSED] - Statement - eighteenYrsBeforeThisYr = eighteenYrsAgo.toString(): null

2018-12-10 18:48:37 - [TEST_STEP][PASSED] - Statement - EighteenYrsBefore = eighteenYrsBeforeThisYr: null

2018-12-10 18:48:37 - [TEST_STEP][PASSED] - Statement - fiftysevenYrsAgo = intCurrentYear - 57: null

2018-12-10 18:48:37 - [TEST_STEP][PASSED] - Statement - fiftysevenYrsBeforeThisYr = fiftysevenYrsAgo.toString(): null

2018-12-10 18:48:37 - [TEST_STEP][PASSED] - Statement - FiftysevenYrsBefore = fiftysevenYrsBeforeThisYr: null

2018-12-10 18:48:37 - [TEST_STEP][PASSED] - Statement - leapYear = false: null

2018-12-10 18:48:37 - [TEST_STEP][PASSED] - Statement - leapYear = intCurrentYear % 4 == 0: null

2018-12-10 18:48:37 - [TEST_STEP][PASSED] - Statement - CurrentDateNoFilter.applyPattern("dd"): null

2018-12-10 18:48:37 - [TEST_STEP][PASSED] - Statement - CurrentDate = CurrentDateNoFilter.format(TodayDate): null

2018-12-10 18:48:37 - [TEST_STEP][PASSED] - Statement - CurrentDate = java.lang.Integer.parseInt(CurrentDate): null

2018-12-10 18:48:37 - [TEST_STEP][PASSED] - Statement - CurrentDate = CurrentDate: null

2018-12-10 18:48:37 - [TEST_STEP][PASSED] - Statement - CurrentDay = java.lang.Integer.parseInt(CurrentDate): null

2018-12-10 18:48:37 - [TEST_STEP][PASSED] - Statement - ConfAdder = <not implemented yet for class: org.codehaus.groovy.ast.expr.EmptyExpression>: null

2018-12-10 18:48:37 - [TEST_STEP][PASSED] - Statement - out.println(CurrentMonth): null

2018-12-10 18:48:37 - [TEST_STEP][PASSED] - Statement - out.println(CurrentDate): null

2018-12-10 18:48:37 - [TEST_STEP][PASSED] - Statement - switch (CurrentDate): null

2018-12-10 18:48:37 - [TEST_STEP][PASSED] - Statement - Default: null

2018-12-10 18:48:37 - [TEST_STEP][PASSED] - Statement - ConfAdder = true: null

2018-12-10 18:48:37 - [TEST_STEP][PASSED] - Statement - Break: null

2018-12-10 18:48:37 - [TEST_STEP][PASSED] - Statement - aDayBefore = <not implemented yet for class: org.codehaus.groovy.ast.expr.EmptyExpression>: null

2018-12-10 18:48:37 - [TEST_STEP][PASSED] - Statement - out.println(ConfAdder): null

2018-12-10 18:48:37 - [TEST_STEP][PASSED] - Statement - If (ConfAdder == true): null

2018-12-10 18:48:37 - [TEST_STEP][PASSED] - Statement - aDayBefore = CurrentDay + 1: null

2018-12-10 18:48:37 - [TEST_STEP][PASSED] - Statement - out.println(aDayBefore): null

2018-12-10 18:48:37 - [TEST_STEP][PASSED] - Statement - If (aDayBefore == 1 && CurrentMonth == 11): null

2018-12-10 18:48:37 - [TEST_STEP][PASSED] - Statement - DayBefore = aDayBefore.toString(): null

2018-12-10 18:48:37 - [TEST_STEP][PASSED] - Statement - OneDayBefore = DayBefore: null

2018-12-10 18:48:37 - [MESSAGE][PASSED] - Call Test Case 'Test Cases/Final Aug 2018 - PKS Automation/Registration Module/New Registration/Form 2/Date Updater' successfully

2018-12-10 18:48:37 - [TEST_STEP][PASSED] - Statement - CaseReferenceNo = com.kms.katalon.core.webui.keyword.WebUiBuiltInKeywords.getText(com.kms.katalon.core.testobject.ObjectRepository.findTestObject(Final Object Repo/New Registration - Registration Module Pages/Form 2/RefNo Acquiring)): Text of object 'Object Repository/Final Object Repo/New Registration - Registration Module Pages/Form 2/RefNo Acquiring' is: 'CRN12201800123149'

2018-12-10 18:48:37 - [MESSAGE][PASSED] - Text of object 'Object Repository/Final Object Repo/New Registration - Registration Module Pages/Form 2/RefNo Acquiring' is: 'CRN12201800123149'

2018-12-10 18:48:37 - [TEST_STEP][PASSED] - delay: Delayed 6 second(s)

2018-12-10 18:48:43 - [MESSAGE][PASSED] - Delayed 6 second(s)

2018-12-10 18:48:43 - [TEST_STEP][PASSED] - click: Object: 'Object Repository/Final Object Repo/New Registration - Registration Module Pages/Form 2/Add Employee Button' is clicked on

2018-12-10 18:48:43 - [MESSAGE][PASSED] - Object: 'Object Repository/Final Object Repo/New Registration - Registration Module Pages/Form 2/Add Employee Button' is clicked on

2018-12-10 18:48:43 - [TEST_STEP][PASSED] - delay: Delayed 4 second(s)

2018-12-10 18:48:47 - [MESSAGE][PASSED] - Delayed 4 second(s)

2018-12-10 18:48:47 - [TEST_STEP][PASSED] - setText: Text '000209039189' is set on object 'Object Repository/Final Object Repo/New Registration - Registration Module Pages/Form 2/NRIC Input'

2018-12-10 18:48:47 - [MESSAGE][PASSED] - Text '000209039189' is set on object 'Object Repository/Final Object Repo/New Registration - Registration Module Pages/Form 2/NRIC Input'

2018-12-10 18:48:47 - [TEST_STEP][PASSED] - click: Object: 'Object Repository/Final Object Repo/New Registration - Registration Module Pages/Form 2/button for search for IC' is clicked on

2018-12-10 18:48:48 - [MESSAGE][PASSED] - Object: 'Object Repository/Final Object Repo/New Registration - Registration Module Pages/Form 2/button for search for IC' is clicked on

2018-12-10 18:48:48 - [TEST_STEP][PASSED] - delay: Delayed 2 second(s)

2018-12-10 18:48:50 - [MESSAGE][PASSED] - Delayed 2 second(s)

2018-12-10 18:48:50 - [TEST_STEP][PASSED] - setText: Text 'Automate001 not eligible 1' is set on object 'Object Repository/Final Object Repo/New Registration - Registration Module Pages/Form 2/Employee Name Input'

2018-12-10 18:48:50 - [MESSAGE][PASSED] - Text 'Automate001 not eligible 1' is set on object 'Object Repository/Final Object Repo/New Registration - Registration Module Pages/Form 2/Employee Name Input'

2018-12-10 18:48:50 - [TEST_STEP][PASSED] - delay: Delayed 2 second(s)

2018-12-10 18:48:52 - [MESSAGE][PASSED] - Delayed 2 second(s)

2018-12-10 18:48:52 - [TEST_STEP][PASSED] - click: Object: 'Object Repository/Final Object Repo/New Registration - Registration Module Pages/Form 2/DatePicker Pop Up' is clicked on

2018-12-10 18:48:52 - [MESSAGE][PASSED] - Object: 'Object Repository/Final Object Repo/New Registration - Registration Module Pages/Form 2/DatePicker Pop Up' is clicked on

2018-12-10 18:48:52 - [TEST_STEP][PASSED] - click: Object: 'Object Repository/Final Object Repo/New Registration - Registration Module Pages/Form 2/DOB Month' is clicked on

2018-12-10 18:48:52 - [MESSAGE][PASSED] - Object: 'Object Repository/Final Object Repo/New Registration - Registration Module Pages/Form 2/DOB Month' is clicked on

2018-12-10 18:48:52 - [TEST_STEP][PASSED] - Statement - CurrentMonth = CurrentMonth: null

2018-12-10 18:48:52 - [TEST_STEP][PASSED] - Statement - selectMonth = new com.kms.katalon.core.testobject.TestObject(): null

2018-12-10 18:48:52 - [TEST_STEP][PASSED] - Statement - selectMonth.addProperty("xpath", EQUALS, "//body/div/div/div/select/option[@value='" + CurrentMonth + "']", true): null

2018-12-10 18:48:52 - [TEST_STEP][PASSED] - click: Object: '' is clicked on

2018-12-10 18:48:53 - [MESSAGE][PASSED] - Object: '' is clicked on

2018-12-10 18:48:53 - [TEST_STEP][PASSED] - delay: Delayed 2 second(s)

2018-12-10 18:48:55 - [MESSAGE][PASSED] - Delayed 2 second(s)

2018-12-10 18:48:55 - [TEST_STEP][PASSED] - click: Object: 'Object Repository/Final Object Repo/New Registration - Registration Module Pages/Form 2/DOB Year' is clicked on

2018-12-10 18:48:55 - [MESSAGE][PASSED] - Object: 'Object Repository/Final Object Repo/New Registration - Registration Module Pages/Form 2/DOB Year' is clicked on

2018-12-10 18:48:55 - [TEST_STEP][PASSED] - Statement - Eyearsbf = EighteenYrsBefore: null

2018-12-10 18:48:55 - [TEST_STEP][PASSED] - Statement - selectYear = new com.kms.katalon.core.testobject.TestObject(): null

2018-12-10 18:48:55 - [TEST_STEP][PASSED] - Statement - selectYear.addProperty("xpath", EQUALS, "//div/div/div/select/option[@value='" + Eyearsbf + "']", true): null

2018-12-10 18:48:55 - [TEST_STEP][PASSED] - click: Object: '' is clicked on

2018-12-10 18:48:55 - [MESSAGE][PASSED] - Object: '' is clicked on

2018-12-10 18:48:55 - [TEST_STEP][PASSED] - delay: Delayed 3 second(s)

2018-12-10 18:48:58 - [MESSAGE][PASSED] - Delayed 3 second(s)

2018-12-10 18:48:58 - [TEST_STEP][PASSED] - Statement - UpdatedSelectDate = com.kms.katalon.core.webui.keyword.WebUiBuiltInKeywords.modifyObjectProperty(com.kms.katalon.core.testobject.ObjectRepository.findTestObject(Final Object Repo/New Registration - Registration Module Pages/Form 2/DOB Date), "xpath", "equals", "//body/div/table/tbody/tr/td/a[text()="" + OneDayBefore + ""]", true): Modify property of object successfully

2018-12-10 18:48:58 - [MESSAGE][PASSED] - Modify property of object successfully

2018-12-10 18:48:58 - [TEST_STEP][PASSED] - delay: Delayed 3 second(s)

2018-12-10 18:49:01 - [MESSAGE][PASSED] - Delayed 3 second(s)

2018-12-10 18:49:01 - [TEST_STEP][PASSED] - click: Object: 'Object Repository/Final Object Repo/New Registration - Registration Module Pages/Form 2/DOB Date' is clicked on

2018-12-10 18:49:01 - [MESSAGE][PASSED] - Object: 'Object Repository/Final Object Repo/New Registration - Registration Module Pages/Form 2/DOB Date' is clicked on

2018-12-10 18:49:01 - [TEST_STEP][PASSED] - delay: Delayed 2 second(s)

2018-12-10 18:49:03 - [MESSAGE][PASSED] - Delayed 2 second(s)

2018-12-10 18:49:03 - [TEST_STEP][PASSED] - click: Object: 'Object Repository/Final Object Repo/New Registration - Registration Module Pages/Form 2/EmploymentStartDate Pop Up' is clicked on

2018-12-10 18:49:03 - [MESSAGE][PASSED] - Object: 'Object Repository/Final Object Repo/New Registration - Registration Module Pages/Form 2/EmploymentStartDate Pop Up' is clicked on

2018-12-10 18:49:03 - [TEST_STEP][PASSED] - delay: Delayed 2 second(s)

2018-12-10 18:49:05 - [MESSAGE][PASSED] - Delayed 2 second(s)

2018-12-10 18:49:05 - [TEST_STEP][PASSED] - click: Object: 'Object Repository/Final Object Repo/New Registration - Registration Module Pages/Form 2/Socso Employment StartDate Month' is clicked on

2018-12-10 18:49:05 - [MESSAGE][PASSED] - Object: 'Object Repository/Final Object Repo/New Registration - Registration Module Pages/Form 2/Socso Employment StartDate Month' is clicked on

2018-12-10 18:49:05 - [TEST_STEP][PASSED] - delay: Delayed 1 second(s)

2018-12-10 18:49:06 - [MESSAGE][PASSED] - Delayed 1 second(s)

2018-12-10 18:49:06 - [TEST_STEP][PASSED] - click: Object: 'Object Repository/Final Object Repo/New Registration - Registration Module Pages/Form 2/Select Socso Employement Startdate Month' is clicked on

2018-12-10 18:49:07 - [MESSAGE][PASSED] - Object: 'Object Repository/Final Object Repo/New Registration - Registration Module Pages/Form 2/Select Socso Employement Startdate Month' is clicked on

2018-12-10 18:49:07 - [TEST_STEP][PASSED] - delay: Delayed 2 second(s)

2018-12-10 18:49:09 - [MESSAGE][PASSED] - Delayed 2 second(s)

2018-12-10 18:49:09 - [TEST_STEP][PASSED] - click: Object: 'Object Repository/Final Object Repo/New Registration - Registration Module Pages/Form 2/Socso Employment StartDate Year' is clicked on

2018-12-10 18:49:09 - [MESSAGE][PASSED] - Object: 'Object Repository/Final Object Repo/New Registration - Registration Module Pages/Form 2/Socso Employment StartDate Year' is clicked on

2018-12-10 18:49:09 - [TEST_STEP][PASSED] - delay: Delayed 1 second(s)

2018-12-10 18:49:10 - [MESSAGE][PASSED] - Delayed 1 second(s)

2018-12-10 18:49:10 - [TEST_STEP][PASSED] - click: Object: 'Object Repository/Final Object Repo/New Registration - Registration Module Pages/Form 2/Select Socso Employment Startdate Year' is clicked on

2018-12-10 18:49:10 - [MESSAGE][PASSED] - Object: 'Object Repository/Final Object Repo/New Registration - Registration Module Pages/Form 2/Select Socso Employment Startdate Year' is clicked on

2018-12-10 18:49:10 - [TEST_STEP][PASSED] - delay: Delayed 2 second(s)

2018-12-10 18:49:12 - [MESSAGE][PASSED] - Delayed 2 second(s)

2018-12-10 18:49:12 - [TEST_STEP][PASSED] - click: Object: 'Object Repository/Final Object Repo/New Registration - Registration Module Pages/Form 2/Socso Employment Start Date Day' is clicked on

2018-12-10 18:49:12 - [MESSAGE][PASSED] - Object: 'Object Repository/Final Object Repo/New Registration - Registration Module Pages/Form 2/Socso Employment Start Date Day' is clicked on

2018-12-10 18:49:12 - [TEST_STEP][PASSED] - delay: Delayed 2 second(s)

2018-12-10 18:49:14 - [MESSAGE][PASSED] - Delayed 2 second(s)

2018-12-10 18:49:14 - [TEST_STEP][PASSED] - click: Object: 'Object Repository/Final Object Repo/New Registration - Registration Module Pages/Form 2/Save Button for Add Employee' is clicked on

2018-12-10 18:49:14 - [MESSAGE][PASSED] - Object: 'Object Repository/Final Object Repo/New Registration - Registration Module Pages/Form 2/Save Button for Add Employee' is clicked on

2018-12-10 18:49:14 - [TEST_STEP][PASSED] - delay: Delayed 6 second(s)

2018-12-10 18:49:20 - [MESSAGE][PASSED] - Delayed 6 second(s)

2018-12-10 18:49:20 - [TEST_STEP][PASSED] - click: Object: 'Object Repository/Final Object Repo/New Registration - Registration Module Pages/Form 2/Add Employee Button' is clicked on

2018-12-10 18:49:20 - [MESSAGE][PASSED] - Object: 'Object Repository/Final Object Repo/New Registration - Registration Module Pages/Form 2/Add Employee Button' is clicked on

2018-12-10 18:49:20 - [TEST_STEP][PASSED] - delay: Delayed 4 second(s)

2018-12-10 18:49:24 - [MESSAGE][PASSED] - Delayed 4 second(s)

2018-12-10 18:49:24 - [TEST_STEP][PASSED] - setText: Text '600203039194' is set on object 'Object Repository/Final Object Repo/New Registration - Registration Module Pages/Form 2/NRIC Input'

2018-12-10 18:49:25 - [MESSAGE][PASSED] - Text '600203039194' is set on object 'Object Repository/Final Object Repo/New Registration - Registration Module Pages/Form 2/NRIC Input'

2018-12-10 18:49:25 - [TEST_STEP][PASSED] - click: Object: 'Object Repository/Final Object Repo/New Registration - Registration Module Pages/Form 2/button for search for IC' is clicked on

2018-12-10 18:49:25 - [MESSAGE][PASSED] - Object: 'Object Repository/Final Object Repo/New Registration - Registration Module Pages/Form 2/button for search for IC' is clicked on

2018-12-10 18:49:25 - [TEST_STEP][PASSED] - delay: Delayed 2 second(s)

2018-12-10 18:49:27 - [MESSAGE][PASSED] - Delayed 2 second(s)

2018-12-10 18:49:27 - [TEST_STEP][PASSED] - setText: Text 'Automate001 not eligible 2' is set on object 'Object Repository/Final Object Repo/New Registration - Registration Module Pages/Form 2/Employee Name Input'

2018-12-10 18:49:27 - [MESSAGE][PASSED] - Text 'Automate001 not eligible 2' is set on object 'Object Repository/Final Object Repo/New Registration - Registration Module Pages/Form 2/Employee Name Input'

2018-12-10 18:49:27 - [TEST_STEP][PASSED] - delay: Delayed 2 second(s)

2018-12-10 18:49:29 - [MESSAGE][PASSED] - Delayed 2 second(s)

2018-12-10 18:49:29 - [TEST_STEP][PASSED] - click: Object: 'Object Repository/Final Object Repo/New Registration - Registration Module Pages/Form 2/DatePicker Pop Up' is clicked on

2018-12-10 18:49:30 - [MESSAGE][PASSED] - Object: 'Object Repository/Final Object Repo/New Registration - Registration Module Pages/Form 2/DatePicker Pop Up' is clicked on

2018-12-10 18:49:30 - [TEST_STEP][PASSED] - delay: Delayed 1 second(s)

2018-12-10 18:49:31 - [MESSAGE][PASSED] - Delayed 1 second(s)

2018-12-10 18:49:31 - [TEST_STEP][PASSED] - click: Object: 'Object Repository/Final Object Repo/New Registration - Registration Module Pages/Form 2/DOB Month' is clicked on

2018-12-10 18:49:31 - [MESSAGE][PASSED] - Object: 'Object Repository/Final Object Repo/New Registration - Registration Module Pages/Form 2/DOB Month' is clicked on

2018-12-10 18:49:31 - [TEST_STEP][PASSED] - Statement - selectMonth = com.kms.katalon.core.webui.keyword.WebUiBuiltInKeywords.modifyObjectProperty(selectMonth, "xpath", "equals", "//body/div/div/div/select/option[@value="" + CurrentMonth + ""]", true): Modify property of object successfully

2018-12-10 18:49:31 - [MESSAGE][PASSED] - Modify property of object successfully

2018-12-10 18:49:31 - [TEST_STEP][PASSED] - click: Object: '' is clicked on

2018-12-10 18:49:31 - [MESSAGE][PASSED] - Object: '' is clicked on

2018-12-10 18:49:31 - [TEST_STEP][PASSED] - click: Object: 'Object Repository/Final Object Repo/New Registration - Registration Module Pages/Form 2/DOB Year' is clicked on

2018-12-10 18:49:31 - [MESSAGE][PASSED] - Object: 'Object Repository/Final Object Repo/New Registration - Registration Module Pages/Form 2/DOB Year' is clicked on

2018-12-10 18:49:31 - [TEST_STEP][PASSED] - Statement - selectYear = com.kms.katalon.core.webui.keyword.WebUiBuiltInKeywords.modifyObjectProperty(selectYear, "xpath", "equals", "//div/div/div/select/option[@value="" + FiftysevenYrsBefore + ""]", true): Modify property of object successfully

2018-12-10 18:49:31 - [MESSAGE][PASSED] - Modify property of object successfully

2018-12-10 18:49:31 - [TEST_STEP][PASSED] - click: Object: '' is clicked on

2018-12-10 18:49:31 - [MESSAGE][PASSED] - Object: '' is clicked on

2018-12-10 18:49:31 - [TEST_STEP][PASSED] - Statement - UpdatedSelectDate = com.kms.katalon.core.webui.keyword.WebUiBuiltInKeywords.modifyObjectProperty(com.kms.katalon.core.testobject.ObjectRepository.findTestObject(Final Object Repo/New Registration - Registration Module Pages/Form 2/DOB Date), "xpath", "equals", "//body/div/table/tbody/tr/td/a[text()="" + CurrentDate + ""]", true): Modify property of object successfully

2018-12-10 18:49:31 - [MESSAGE][PASSED] - Modify property of object successfully

2018-12-10 18:49:31 - [TEST_STEP][PASSED] - delay: Delayed 3 second(s)

2018-12-10 18:49:34 - [MESSAGE][PASSED] - Delayed 3 second(s)

2018-12-10 18:49:34 - [TEST_STEP][PASSED] - click: Object: 'Object Repository/Final Object Repo/New Registration - Registration Module Pages/Form 2/DOB Date' is clicked on

2018-12-10 18:49:34 - [MESSAGE][PASSED] - Object: 'Object Repository/Final Object Repo/New Registration - Registration Module Pages/Form 2/DOB Date' is clicked on

2018-12-10 18:49:34 - [TEST_STEP][PASSED] - delay: Delayed 2 second(s)

2018-12-10 18:49:36 - [MESSAGE][PASSED] - Delayed 2 second(s)

2018-12-10 18:49:36 - [TEST_STEP][PASSED] - click: Object: 'Object Repository/Final Object Repo/New Registration - Registration Module Pages/Form 2/EmploymentStartDate Pop Up' is clicked on

2018-12-10 18:49:37 - [MESSAGE][PASSED] - Object: 'Object Repository/Final Object Repo/New Registration - Registration Module Pages/Form 2/EmploymentStartDate Pop Up' is clicked on

2018-12-10 18:49:37 - [TEST_STEP][PASSED] - delay: Delayed 2 second(s)

2018-12-10 18:49:39 - [MESSAGE][PASSED] - Delayed 2 second(s)

2018-12-10 18:49:39 - [TEST_STEP][PASSED] - click: Object: 'Object Repository/Final Object Repo/New Registration - Registration Module Pages/Form 2/Socso Employment StartDate Month' is clicked on

2018-12-10 18:49:39 - [MESSAGE][PASSED] - Object: 'Object Repository/Final Object Repo/New Registration - Registration Module Pages/Form 2/Socso Employment StartDate Month' is clicked on

2018-12-10 18:49:39 - [TEST_STEP][PASSED] - delay: Delayed 1 second(s)

2018-12-10 18:49:40 - [MESSAGE][PASSED] - Delayed 1 second(s)

2018-12-10 18:49:40 - [TEST_STEP][PASSED] - click: Object: 'Object Repository/Final Object Repo/New Registration - Registration Module Pages/Form 2/Select Socso Employement Startdate Month' is clicked on

2018-12-10 18:49:40 - [MESSAGE][PASSED] - Object: 'Object Repository/Final Object Repo/New Registration - Registration Module Pages/Form 2/Select Socso Employement Startdate Month' is clicked on

2018-12-10 18:49:40 - [TEST_STEP][PASSED] - delay: Delayed 2 second(s)

2018-12-10 18:49:42 - [MESSAGE][PASSED] - Delayed 2 second(s)

2018-12-10 18:49:42 - [TEST_STEP][PASSED] - click: Object: 'Object Repository/Final Object Repo/New Registration - Registration Module Pages/Form 2/Socso Employment StartDate Year' is clicked on

2018-12-10 18:49:42 - [MESSAGE][PASSED] - Object: 'Object Repository/Final Object Repo/New Registration - Registration Module Pages/Form 2/Socso Employment StartDate Year' is clicked on

2018-12-10 18:49:42 - [TEST_STEP][PASSED] - click: Object: 'Object Repository/Final Object Repo/New Registration - Registration Module Pages/Form 2/Select Socso Employment Startdate Year' is clicked on

2018-12-10 18:49:42 - [MESSAGE][PASSED] - Object: 'Object Repository/Final Object Repo/New Registration - Registration Module Pages/Form 2/Select Socso Employment Startdate Year' is clicked on

2018-12-10 18:49:42 - [TEST_STEP][PASSED] - delay: Delayed 2 second(s)

2018-12-10 18:49:44 - [MESSAGE][PASSED] - Delayed 2 second(s)

2018-12-10 18:49:44 - [TEST_STEP][PASSED] - click: Object: 'Object Repository/Final Object Repo/New Registration - Registration Module Pages/Form 2/Socso Employment Start Date Day' is clicked on

2018-12-10 18:49:44 - [MESSAGE][PASSED] - Object: 'Object Repository/Final Object Repo/New Registration - Registration Module Pages/Form 2/Socso Employment Start Date Day' is clicked on

2018-12-10 18:49:44 - [TEST_STEP][PASSED] - delay: Delayed 2 second(s)

2018-12-10 18:49:46 - [MESSAGE][PASSED] - Delayed 2 second(s)

2018-12-10 18:49:46 - [TEST_STEP][PASSED] - click: Object: 'Object Repository/Final Object Repo/New Registration - Registration Module Pages/Form 2/Save Button for Add Employee' is clicked on

2018-12-10 18:49:47 - [MESSAGE][PASSED] - Object: 'Object Repository/Final Object Repo/New Registration - Registration Module Pages/Form 2/Save Button for Add Employee' is clicked on

2018-12-10 18:49:47 - [TEST_STEP][PASSED] - delay: Delayed 2 second(s)

2018-12-10 18:49:49 - [MESSAGE][PASSED] - Delayed 2 second(s)

2018-12-10 18:49:49 - [TEST_STEP][PASSED] - click: Object: 'Object Repository/Final Object Repo/New Registration - Registration Module Pages/Form 2/Save and Continue Form 2' is clicked on

2018-12-10 18:49:49 - [MESSAGE][PASSED] - Object: 'Object Repository/Final Object Repo/New Registration - Registration Module Pages/Form 2/Save and Continue Form 2' is clicked on

2018-12-10 18:49:49 - [MESSAGE][PASSED] - Call Test Case 'Test Cases/Final Aug 2018 - PKS Automation/Registration Module/New Registration/Form 2/Add 2 Not Eligible - No 3rd Screen' successfully

2018-12-10 18:49:49 - [TEST_STEP][PASSED] - callTestCase: Call Test Case 'Test Cases/Final Aug 2018 - PKS Automation/Registration Module/New Registration/Flow of New Registration/No Third Screen - Upload 2 Supporting Doc - Preview' successfully

2018-12-10 18:49:49 - [TEST_CASE][PASSED] - Test Cases/Final Aug 2018 - PKS Automation/Registration Module/New Registration/Flow of New Registration/No Third Screen - Upload 2 Supporting Doc - Preview: Test Cases/Final Aug 2018 - PKS Automation/Registration Module/New Registration/Flow of New Registration/No Third Screen - Upload 2 Supporting Doc - Preview

2018-12-10 18:49:49 - [TEST_STEP][PASSED] - delay: Delayed 4 second(s)

2018-12-10 18:49:53 - [MESSAGE][PASSED] - Delayed 4 second(s)

2018-12-10 18:49:53 - [TEST_STEP][PASSED] - click: Object: 'Object Repository/Final Object Repo/New Registration - Registration Module Pages/Third Screen - Upload Supporting Doc- Preview/Add Document Button' is clicked on

2018-12-10 18:49:53 - [MESSAGE][PASSED] - Object: 'Object Repository/Final Object Repo/New Registration - Registration Module Pages/Third Screen - Upload Supporting Doc- Preview/Add Document Button' is clicked on

2018-12-10 18:49:53 - [TEST_STEP][PASSED] - delay: Delayed 4 second(s)

2018-12-10 18:49:57 - [MESSAGE][PASSED] - Delayed 4 second(s)

2018-12-10 18:49:57 - [TEST_STEP][PASSED] - click: Object: 'Object Repository/Final Object Repo/New Registration - Registration Module Pages/Third Screen - Upload Supporting Doc- Preview/Supporting Doc Please Select Drop Down' is clicked on

2018-12-10 18:49:57 - [MESSAGE][PASSED] - Object: 'Object Repository/Final Object Repo/New Registration - Registration Module Pages/Third Screen - Upload Supporting Doc- Preview/Supporting Doc Please Select Drop Down' is clicked on

2018-12-10 18:49:57 - [TEST_STEP][PASSED] - delay: Delayed 2 second(s)

2018-12-10 18:49:59 - [MESSAGE][PASSED] - Delayed 2 second(s)

2018-12-10 18:49:59 - [TEST_STEP][PASSED] - click: Object: 'Object Repository/Final Object Repo/New Registration - Registration Module Pages/Third Screen - Upload Supporting Doc- Preview/Select to Upload Form 1' is clicked on

2018-12-10 18:49:59 - [MESSAGE][PASSED] - Object: 'Object Repository/Final Object Repo/New Registration - Registration Module Pages/Third Screen - Upload Supporting Doc- Preview/Select to Upload Form 1' is clicked on

2018-12-10 18:49:59 - [TEST_STEP][PASSED] - delay: Delayed 2 second(s)

2018-12-10 18:50:01 - [MESSAGE][PASSED] - Delayed 2 second(s)

2018-12-10 18:50:01 - [TEST_STEP][PASSED] - uploadFile: File 'C:\Users\Public\Pictures\Sample Pictures\Koala.jpg' sent to object: 'Object Repository/Final Object Repo/New Registration - Registration Module Pages/Third Screen - Upload Supporting Doc- Preview/Upload File Adding'

2018-12-10 18:50:02 - [MESSAGE][PASSED] - File 'C:\Users\Public\Pictures\Sample Pictures\Koala.jpg' sent to object: 'Object Repository/Final Object Repo/New Registration - Registration Module Pages/Third Screen - Upload Supporting Doc- Preview/Upload File Adding'

2018-12-10 18:50:02 - [TEST_STEP][PASSED] - delay: Delayed 5 second(s)

2018-12-10 18:50:07 - [MESSAGE][PASSED] - Delayed 5 second(s)

2018-12-10 18:50:07 - [TEST_STEP][PASSED] - click: Object: 'Object Repository/Final Object Repo/New Registration - Registration Module Pages/Third Screen - Upload Supporting Doc- Preview/Inner Form Add Document Button' is clicked on

2018-12-10 18:50:07 - [MESSAGE][PASSED] - Object: 'Object Repository/Final Object Repo/New Registration - Registration Module Pages/Third Screen - Upload Supporting Doc- Preview/Inner Form Add Document Button' is clicked on

2018-12-10 18:50:07 - [TEST_STEP][PASSED] - delay: Delayed 3 second(s)

2018-12-10 18:50:10 - [MESSAGE][PASSED] - Delayed 3 second(s)

2018-12-10 18:50:10 - [TEST_STEP][PASSED] - click: Object: 'Object Repository/Final Object Repo/New Registration - Registration Module Pages/Third Screen - Upload Supporting Doc- Preview/Add Document Button' is clicked on

2018-12-10 18:50:11 - [MESSAGE][PASSED] - Object: 'Object Repository/Final Object Repo/New Registration - Registration Module Pages/Third Screen - Upload Supporting Doc- Preview/Add Document Button' is clicked on

2018-12-10 18:50:11 - [TEST_STEP][PASSED] - delay: Delayed 4 second(s)

2018-12-10 18:50:15 - [MESSAGE][PASSED] - Delayed 4 second(s)

2018-12-10 18:50:15 - [TEST_STEP][PASSED] - click: Object: 'Object Repository/Final Object Repo/New Registration - Registration Module Pages/Third Screen - Upload Supporting Doc- Preview/Supporting Doc Please Select Drop Down' is clicked on

2018-12-10 18:50:15 - [MESSAGE][PASSED] - Object: 'Object Repository/Final Object Repo/New Registration - Registration Module Pages/Third Screen - Upload Supporting Doc- Preview/Supporting Doc Please Select Drop Down' is clicked on

2018-12-10 18:50:15 - [TEST_STEP][PASSED] - delay: Delayed 2 second(s)

2018-12-10 18:50:17 - [MESSAGE][PASSED] - Delayed 2 second(s)

2018-12-10 18:50:17 - [TEST_STEP][PASSED] - click: Object: 'Object Repository/Final Object Repo/New Registration - Registration Module Pages/Third Screen - Upload Supporting Doc- Preview/Select to Upload Form 2' is clicked on

2018-12-10 18:50:17 - [MESSAGE][PASSED] - Object: 'Object Repository/Final Object Repo/New Registration - Registration Module Pages/Third Screen - Upload Supporting Doc- Preview/Select to Upload Form 2' is clicked on

2018-12-10 18:50:17 - [TEST_STEP][PASSED] - delay: Delayed 2 second(s)

2018-12-10 18:50:19 - [MESSAGE][PASSED] - Delayed 2 second(s)

2018-12-10 18:50:19 - [TEST_STEP][PASSED] - uploadFile: File 'C:\Users\Public\Pictures\Sample Pictures\Koala.jpg' sent to object: 'Object Repository/Final Object Repo/New Registration - Registration Module Pages/Third Screen - Upload Supporting Doc- Preview/Upload File Adding'

2018-12-10 18:50:19 - [MESSAGE][PASSED] - File 'C:\Users\Public\Pictures\Sample Pictures\Koala.jpg' sent to object: 'Object Repository/Final Object Repo/New Registration - Registration Module Pages/Third Screen - Upload Supporting Doc- Preview/Upload File Adding'

2018-12-10 18:50:19 - [TEST_STEP][PASSED] - delay: Delayed 5 second(s)

2018-12-10 18:50:24 - [MESSAGE][PASSED] - Delayed 5 second(s)

2018-12-10 18:50:24 - [TEST_STEP][PASSED] - click: Object: 'Object Repository/Final Object Repo/New Registration - Registration Module Pages/Third Screen - Upload Supporting Doc- Preview/Inner Form Add Document Button' is clicked on

2018-12-10 18:50:25 - [MESSAGE][PASSED] - Object: 'Object Repository/Final Object Repo/New Registration - Registration Module Pages/Third Screen - Upload Supporting Doc- Preview/Inner Form Add Document Button' is clicked on

2018-12-10 18:50:25 - [TEST_STEP][PASSED] - delay: Delayed 3 second(s)

2018-12-10 18:50:28 - [MESSAGE][PASSED] - Delayed 3 second(s)

2018-12-10 18:50:28 - [TEST_STEP][PASSED] - click: Object: 'Object Repository/Final Object Repo/New Registration - Registration Module Pages/Third Screen - Upload Supporting Doc- Preview/Save n Continue in Uploading Supporting Doc Page' is clicked on

2018-12-10 18:50:29 - [MESSAGE][PASSED] - Object: 'Object Repository/Final Object Repo/New Registration - Registration Module Pages/Third Screen - Upload Supporting Doc- Preview/Save n Continue in Uploading Supporting Doc Page' is clicked on

2018-12-10 18:50:29 - [MESSAGE][PASSED] - Call Test Case 'Test Cases/Final Aug 2018 - PKS Automation/Registration Module/New Registration/Flow of New Registration/No Third Screen - Upload 2 Supporting Doc - Preview' successfully

2018-12-10 18:50:29 - [TEST_STEP][PASSED] - callTestCase: Call Test Case 'Test Cases/Final Aug 2018 - PKS Automation/Registration Module/New Registration/Submit and Screenshot/Submit Registration and Screenshot' successfully

2018-12-10 18:50:29 - [TEST_CASE][PASSED] - Test Cases/Final Aug 2018 - PKS Automation/Registration Module/New Registration/Submit and Screenshot/Submit Registration and Screenshot: Test Cases/Final Aug 2018 - PKS Automation/Registration Module/New Registration/Submit and Screenshot/Submit Registration and Screenshot

2018-12-10 18:50:29 - [TEST_STEP][PASSED] - delay: Delayed 6 second(s)

2018-12-10 18:50:35 - [MESSAGE][PASSED] - Delayed 6 second(s)

2018-12-10 18:50:35 - [TEST_STEP][PASSED] - click: Object: 'Object Repository/Final Object Repo/New Registration - Registration Module Pages/Third Screen - Upload Supporting Doc- Preview/Preview Submit Button' is clicked on

2018-12-10 18:50:35 - [MESSAGE][PASSED] - Object: 'Object Repository/Final Object Repo/New Registration - Registration Module Pages/Third Screen - Upload Supporting Doc- Preview/Preview Submit Button' is clicked on

2018-12-10 18:50:35 - [TEST_STEP][PASSED] - delay: Delayed 2 second(s)

2018-12-10 18:50:37 - [MESSAGE][PASSED] - Delayed 2 second(s)

2018-12-10 18:50:37 - [TEST_STEP][PASSED] - click: Object: 'Object Repository/Final Object Repo/New Registration - Registration Module Pages/Third Screen - Upload Supporting Doc- Preview/Preview Submit - Confirm' is clicked on

2018-12-10 18:50:37 - [MESSAGE][PASSED] - Object: 'Object Repository/Final Object Repo/New Registration - Registration Module Pages/Third Screen - Upload Supporting Doc- Preview/Preview Submit - Confirm' is clicked on

2018-12-10 18:50:37 - [TEST_STEP][PASSED] - delay: Delayed 15 second(s)

2018-12-10 18:50:52 - [MESSAGE][PASSED] - Delayed 15 second(s)

2018-12-10 18:50:52 - [TEST_STEP][PASSED] - Statement - driver = com.kms.katalon.core.webui.driver.DriverFactory.getWebDriver(): null

2018-12-10 18:50:52 - [TEST_STEP][PASSED] - Statement - driver.manage().timeouts().implicitlyWait(10, SECONDS): null

2018-12-10 18:50:52 - [TEST_STEP][PASSED] - Statement - PresavePath = KatalonScreenshots: null

2018-12-10 18:50:52 - [TEST_STEP][PASSED] - Statement - pathPrefix = "C:\Users\Public\Pictures\Sample Pictures\Katalon Screenshots\Automate Ending Screen": null

2018-12-10 18:50:52 - [TEST_STEP][PASSED] - Statement - finalPath = <not implemented yet for class: org.codehaus.groovy.ast.expr.EmptyExpression>: null

2018-12-10 18:50:52 - [TEST_STEP][PASSED] - Statement - scrFile = driver.getScreenshotAs(FILE): null

2018-12-10 18:50:52 - [TEST_STEP][PASSED] - Statement - PreSaveFile = new java.io.File(PresavePath): null

2018-12-10 18:50:52 - [TEST_STEP][PASSED] - Statement - counter = 0: null

2018-12-10 18:50:52 - [TEST_STEP][PASSED] - Statement - If (PreSaveFile.exists()): null

2018-12-10 18:50:52 - [TEST_STEP][PASSED] - Statement - While (PreSaveFile.exists()): null

2018-12-10 18:50:52 - [TEST_STEP][PASSED] - Statement - counter = counter + 1: null

2018-12-10 18:50:52 - [TEST_STEP][PASSED] - Statement - PreSaveFile = new java.io.File(((pathPrefix + java.lang.Integer.toString(counter)) + .png)): null

2018-12-10 18:50:52 - [TEST_STEP][PASSED] - Statement - counter = counter + 1: null

2018-12-10 18:50:52 - [TEST_STEP][PASSED] - Statement - PreSaveFile = new java.io.File(((pathPrefix + java.lang.Integer.toString(counter)) + .png)): null

2018-12-10 18:50:52 - [TEST_STEP][PASSED] - Statement - counter = counter + 1: null

2018-12-10 18:50:52 - [TEST_STEP][PASSED] - Statement - PreSaveFile = new java.io.File(((pathPrefix + java.lang.Integer.toString(counter)) + .png)): null

2018-12-10 18:50:52 - [TEST_STEP][PASSED] - Statement - counter = counter + 1: null

2018-12-10 18:50:52 - [TEST_STEP][PASSED] - Statement - PreSaveFile = new java.io.File(((pathPrefix + java.lang.Integer.toString(counter)) + .png)): null

2018-12-10 18:50:52 - [TEST_STEP][PASSED] - Statement - counter = counter + 1: null

2018-12-10 18:50:52 - [TEST_STEP][PASSED] - Statement - PreSaveFile = new java.io.File(((pathPrefix + java.lang.Integer.toString(counter)) + .png)): null

2018-12-10 18:50:52 - [TEST_STEP][PASSED] - Statement - counter = counter + 1: null

2018-12-10 18:50:52 - [TEST_STEP][PASSED] - Statement - PreSaveFile = new java.io.File(((pathPrefix + java.lang.Integer.toString(counter)) + .png)): null

2018-12-10 18:50:52 - [TEST_STEP][PASSED] - Statement - counter = counter + 1: null

2018-12-10 18:50:52 - [TEST_STEP][PASSED] - Statement - PreSaveFile = new java.io.File(((pathPrefix + java.lang.Integer.toString(counter)) + .png)): null

2018-12-10 18:50:52 - [TEST_STEP][PASSED] - Statement - counter = counter + 1: null

2018-12-10 18:50:52 - [TEST_STEP][PASSED] - Statement - PreSaveFile = new java.io.File(((pathPrefix + java.lang.Integer.toString(counter)) + .png)): null

2018-12-10 18:50:52 - [TEST_STEP][PASSED] - Statement - counter = counter + 1: null

2018-12-10 18:50:52 - [TEST_STEP][PASSED] - Statement - PreSaveFile = new java.io.File(((pathPrefix + java.lang.Integer.toString(counter)) + .png)): null

2018-12-10 18:50:52 - [TEST_STEP][PASSED] - Statement - counter = counter + 1: null

2018-12-10 18:50:52 - [TEST_STEP][PASSED] - Statement - PreSaveFile = new java.io.File(((pathPrefix + java.lang.Integer.toString(counter)) + .png)): null

2018-12-10 18:50:52 - [TEST_STEP][PASSED] - Statement - counter = counter + 1: null

2018-12-10 18:50:52 - [TEST_STEP][PASSED] - Statement - PreSaveFile = new java.io.File(((pathPrefix + java.lang.Integer.toString(counter)) + .png)): null

2018-12-10 18:50:52 - [TEST_STEP][PASSED] - Statement - counter = counter + 1: null

2018-12-10 18:50:52 - [TEST_STEP][PASSED] - Statement - PreSaveFile = new java.io.File(((pathPrefix + java.lang.Integer.toString(counter)) + .png)): null

2018-12-10 18:50:52 - [TEST_STEP][PASSED] - Statement - counter = counter + 1: null

2018-12-10 18:50:52 - [TEST_STEP][PASSED] - Statement - PreSaveFile = new java.io.File(((pathPrefix + java.lang.Integer.toString(counter)) + .png)): null

2018-12-10 18:50:52 - [TEST_STEP][PASSED] - Statement - counter = counter + 1: null

2018-12-10 18:50:52 - [TEST_STEP][PASSED] - Statement - PreSaveFile = new java.io.File(((pathPrefix + java.lang.Integer.toString(counter)) + .png)): null

2018-12-10 18:50:52 - [TEST_STEP][PASSED] - Statement - counter = counter + 1: null

2018-12-10 18:50:52 - [TEST_STEP][PASSED] - Statement - PreSaveFile = new java.io.File(((pathPrefix + java.lang.Integer.toString(counter)) + .png)): null

2018-12-10 18:50:52 - [TEST_STEP][PASSED] - Statement - counter = counter + 1: null

2018-12-10 18:50:52 - [TEST_STEP][PASSED] - Statement - PreSaveFile = new java.io.File(((pathPrefix + java.lang.Integer.toString(counter)) + .png)): null

2018-12-10 18:50:52 - [TEST_STEP][PASSED] - Statement - counter = counter + 1: null

2018-12-10 18:50:52 - [TEST_STEP][PASSED] - Statement - PreSaveFile = new java.io.File(((pathPrefix + java.lang.Integer.toString(counter)) + .png)): null

2018-12-10 18:50:52 - [TEST_STEP][PASSED] - Statement - counter = counter + 1: null

2018-12-10 18:50:52 - [TEST_STEP][PASSED] - Statement - PreSaveFile = new java.io.File(((pathPrefix + java.lang.Integer.toString(counter)) + .png)): null

2018-12-10 18:50:52 - [TEST_STEP][PASSED] - Statement - finalPath = pathPrefix + java.lang.Integer.toString(counter) + ".png": null

2018-12-10 18:50:52 - [TEST_STEP][PASSED] - Statement - SaveFile = new java.io.File(finalPath): null

2018-12-10 18:50:52 - [TEST_STEP][PASSED] - Statement - Try: null

2018-12-10 18:50:52 - [TEST_STEP][PASSED] - Statement - org.apache.commons.io.FileUtils.copyFile(scrFile, SaveFile): null

2018-12-10 18:50:52 - [TEST_STEP][PASSED] - Statement - out.println("file kept"): null

2018-12-10 18:50:52 - [TEST_STEP][PASSED] - delay: Delayed 10 second(s)

2018-12-10 18:51:02 - [MESSAGE][PASSED] - Delayed 10 second(s)

2018-12-10 18:51:02 - [MESSAGE][PASSED] - Call Test Case 'Test Cases/Final Aug 2018 - PKS Automation/Registration Module/New Registration/Submit and Screenshot/Submit Registration and Screenshot' successfully]]></system-out>
         <system-err><![CDATA[]]></system-err>
      </testcase>
      <testcase name="Test Cases/Final Aug 2018 - PKS Automation/Registration Module/Critical Path/Update Add New Employee/Update Add New Employee With Eligible Employee" classname="Test Cases/Final Aug 2018 - PKS Automation/Registration Module/Critical Path/Update Add New Employee/Update Add New Employee With Eligible Employee" status="PASSED">
         <system-out><![CDATA[2018-12-10 18:51:02 - [TEST_CASE][PASSED] - Test Cases/Final Aug 2018 - PKS Automation/Registration Module/Critical Path/Update Add New Employee/Update Add New Employee With Eligible Employee: Test Cases/Final Aug 2018 - PKS Automation/Registration Module/Critical Path/Update Add New Employee/Update Add New Employee With Eligible Employee

2018-12-10 18:51:03 - [TEST_STEP][PASSED] - openBrowser: Browser is opened with url: ''

2018-12-10 18:51:03 - [MESSAGE][WARNING] - A browser is already opened. Closing browser and opening a new one

2018-12-10 18:51:06 - [MESSAGE][PASSED] - Browser is opened with url: ''

2018-12-10 18:51:06 - [TEST_STEP][PASSED] - navigateToUrl: Navigate to 'https://assist2-uat.perkeso.gov.my/login' successfully

2018-12-10 18:51:07 - [MESSAGE][PASSED] - Navigate to 'https://assist2-uat.perkeso.gov.my/login' successfully

2018-12-10 18:51:07 - [TEST_STEP][PASSED] - callTestCase: Call Test Case 'Test Cases/Final Aug 2018 - PKS Automation/Registration Module/New Registration/Form 2/Date Updater' successfully

2018-12-10 18:51:07 - [TEST_CASE][PASSED] - Test Cases/Final Aug 2018 - PKS Automation/Registration Module/New Registration/Form 2/Date Updater: Test Cases/Final Aug 2018 - PKS Automation/Registration Module/New Registration/Form 2/Date Updater

2018-12-10 18:51:07 - [TEST_STEP][PASSED] - Statement - TodayDate = new java.util.Date(): null

2018-12-10 18:51:07 - [TEST_STEP][PASSED] - Statement - CurrentDateNoFilter = new java.text.SimpleDateFormat(): null

2018-12-10 18:51:07 - [TEST_STEP][PASSED] - Statement - CurrentDateNoFilter.applyPattern("MM"): null

2018-12-10 18:51:07 - [TEST_STEP][PASSED] - Statement - monthContainerMatcher = java.lang.Integer.parseInt(CurrentDateNoFilter.format(TodayDate)): null

2018-12-10 18:51:07 - [TEST_STEP][PASSED] - Statement - monthContainerMatcher = monthContainerMatcher - 1: null

2018-12-10 18:51:07 - [TEST_STEP][PASSED] - Statement - CurrentMonth = monthContainerMatcher.toString(): null

2018-12-10 18:51:07 - [TEST_STEP][PASSED] - Statement - CurrentMonth = CurrentMonth: null

2018-12-10 18:51:07 - [TEST_STEP][PASSED] - Statement - CurrentDateNoFilter.applyPattern("yyyy"): null

2018-12-10 18:51:07 - [TEST_STEP][PASSED] - Statement - CurrentYear = CurrentDateNoFilter.format(TodayDate): null

2018-12-10 18:51:07 - [TEST_STEP][PASSED] - Statement - CurrentYear = CurrentYear: null

2018-12-10 18:51:07 - [TEST_STEP][PASSED] - Statement - intCurrentYear = java.lang.Integer.parseInt(CurrentDateNoFilter.format(TodayDate)): null

2018-12-10 18:51:07 - [TEST_STEP][PASSED] - Statement - eighteenYrsAgo = intCurrentYear - 18: null

2018-12-10 18:51:07 - [TEST_STEP][PASSED] - Statement - eighteenYrsBeforeThisYr = eighteenYrsAgo.toString(): null

2018-12-10 18:51:07 - [TEST_STEP][PASSED] - Statement - EighteenYrsBefore = eighteenYrsBeforeThisYr: null

2018-12-10 18:51:07 - [TEST_STEP][PASSED] - Statement - fiftysevenYrsAgo = intCurrentYear - 57: null

2018-12-10 18:51:07 - [TEST_STEP][PASSED] - Statement - fiftysevenYrsBeforeThisYr = fiftysevenYrsAgo.toString(): null

2018-12-10 18:51:07 - [TEST_STEP][PASSED] - Statement - FiftysevenYrsBefore = fiftysevenYrsBeforeThisYr: null

2018-12-10 18:51:07 - [TEST_STEP][PASSED] - Statement - leapYear = false: null

2018-12-10 18:51:07 - [TEST_STEP][PASSED] - Statement - leapYear = intCurrentYear % 4 == 0: null

2018-12-10 18:51:07 - [TEST_STEP][PASSED] - Statement - CurrentDateNoFilter.applyPattern("dd"): null

2018-12-10 18:51:07 - [TEST_STEP][PASSED] - Statement - CurrentDate = CurrentDateNoFilter.format(TodayDate): null

2018-12-10 18:51:07 - [TEST_STEP][PASSED] - Statement - CurrentDate = java.lang.Integer.parseInt(CurrentDate): null

2018-12-10 18:51:07 - [TEST_STEP][PASSED] - Statement - CurrentDate = CurrentDate: null

2018-12-10 18:51:07 - [TEST_STEP][PASSED] - Statement - CurrentDay = java.lang.Integer.parseInt(CurrentDate): null

2018-12-10 18:51:07 - [TEST_STEP][PASSED] - Statement - ConfAdder = <not implemented yet for class: org.codehaus.groovy.ast.expr.EmptyExpression>: null

2018-12-10 18:51:07 - [TEST_STEP][PASSED] - Statement - out.println(CurrentMonth): null

2018-12-10 18:51:07 - [TEST_STEP][PASSED] - Statement - out.println(CurrentDate): null

2018-12-10 18:51:07 - [TEST_STEP][PASSED] - Statement - switch (CurrentDate): null

2018-12-10 18:51:07 - [TEST_STEP][PASSED] - Statement - Default: null

2018-12-10 18:51:07 - [TEST_STEP][PASSED] - Statement - ConfAdder = true: null

2018-12-10 18:51:07 - [TEST_STEP][PASSED] - Statement - Break: null

2018-12-10 18:51:07 - [TEST_STEP][PASSED] - Statement - aDayBefore = <not implemented yet for class: org.codehaus.groovy.ast.expr.EmptyExpression>: null

2018-12-10 18:51:07 - [TEST_STEP][PASSED] - Statement - out.println(ConfAdder): null

2018-12-10 18:51:07 - [TEST_STEP][PASSED] - Statement - If (ConfAdder == true): null

2018-12-10 18:51:07 - [TEST_STEP][PASSED] - Statement - aDayBefore = CurrentDay + 1: null

2018-12-10 18:51:07 - [TEST_STEP][PASSED] - Statement - out.println(aDayBefore): null

2018-12-10 18:51:07 - [TEST_STEP][PASSED] - Statement - If (aDayBefore == 1 && CurrentMonth == 11): null

2018-12-10 18:51:07 - [TEST_STEP][PASSED] - Statement - DayBefore = aDayBefore.toString(): null

2018-12-10 18:51:07 - [TEST_STEP][PASSED] - Statement - OneDayBefore = DayBefore: null

2018-12-10 18:51:07 - [MESSAGE][PASSED] - Call Test Case 'Test Cases/Final Aug 2018 - PKS Automation/Registration Module/New Registration/Form 2/Date Updater' successfully

2018-12-10 18:51:07 - [TEST_STEP][PASSED] - delay: Delayed 2 second(s)

2018-12-10 18:51:09 - [MESSAGE][PASSED] - Delayed 2 second(s)

2018-12-10 18:51:09 - [TEST_STEP][PASSED] - setText: Text 'klotc2@gmail.com' is set on object 'Object Repository/Final Object Repo/Page_Update Add New Employee - ASSIST/Email TextBox'

2018-12-10 18:51:09 - [MESSAGE][PASSED] - Text 'klotc2@gmail.com' is set on object 'Object Repository/Final Object Repo/Page_Update Add New Employee - ASSIST/Email TextBox'

2018-12-10 18:51:09 - [TEST_STEP][PASSED] - click: Object: 'Object Repository/Final Object Repo/Page_Update Add New Employee - ASSIST/Next Button' is clicked on

2018-12-10 18:51:09 - [MESSAGE][PASSED] - Object: 'Object Repository/Final Object Repo/Page_Update Add New Employee - ASSIST/Next Button' is clicked on

2018-12-10 18:51:09 - [TEST_STEP][PASSED] - delay: Delayed 2 second(s)

2018-12-10 18:51:11 - [MESSAGE][PASSED] - Delayed 2 second(s)

2018-12-10 18:51:11 - [TEST_STEP][PASSED] - setText: Text 'Test1@3456789' is set on object 'Object Repository/Final Object Repo/Page_Update Add New Employee - ASSIST/Password TextBox'

2018-12-10 18:51:11 - [MESSAGE][PASSED] - Text 'Test1@3456789' is set on object 'Object Repository/Final Object Repo/Page_Update Add New Employee - ASSIST/Password TextBox'

2018-12-10 18:51:11 - [TEST_STEP][PASSED] - delay: Delayed 2 second(s)

2018-12-10 18:51:13 - [MESSAGE][PASSED] - Delayed 2 second(s)

2018-12-10 18:51:13 - [TEST_STEP][PASSED] - click: Object: 'Object Repository/Final Object Repo/Page_Update Add New Employee - ASSIST/Login Button' is clicked on

2018-12-10 18:51:14 - [MESSAGE][PASSED] - Object: 'Object Repository/Final Object Repo/Page_Update Add New Employee - ASSIST/Login Button' is clicked on

2018-12-10 18:51:14 - [TEST_STEP][PASSED] - Statement - Try: null

2018-12-10 18:51:14 - [TEST_STEP][PASSED] - Statement - Checker = com.kms.katalon.core.webui.keyword.WebUiBuiltInKeywords.verifyElementNotPresent("Final Object Repo/Landing Page/Select to English", 3): null

2018-12-10 18:51:14 - [TEST_STEP][PASSED] - Statement - Catch (Exception e): null

2018-12-10 18:51:14 - [TEST_STEP][PASSED] - Statement - e.printStackTrace(): null

2018-12-10 18:51:14 - [TEST_STEP][PASSED] - delay: Delayed 5 second(s)

2018-12-10 18:51:19 - [MESSAGE][PASSED] - Delayed 5 second(s)

2018-12-10 18:51:19 - [TEST_STEP][PASSED] - click: Object: 'Object Repository/Final Object Repo/Page_Update Add New Employee - ASSIST/My Sites Drop Down' is clicked on

2018-12-10 18:51:19 - [MESSAGE][PASSED] - Object: 'Object Repository/Final Object Repo/Page_Update Add New Employee - ASSIST/My Sites Drop Down' is clicked on

2018-12-10 18:51:19 - [TEST_STEP][PASSED] - click: Object: 'Object Repository/Final Object Repo/Page_Update Add New Employee - ASSIST/Select to Registration Module' is clicked on

2018-12-10 18:51:20 - [MESSAGE][PASSED] - Object: 'Object Repository/Final Object Repo/Page_Update Add New Employee - ASSIST/Select to Registration Module' is clicked on

2018-12-10 18:51:20 - [TEST_STEP][PASSED] - navigateToUrl: Navigate to 'https://assist2-uat.perkeso.gov.my/web/registration/myassist' successfully

2018-12-10 18:51:20 - [MESSAGE][PASSED] - Navigate to 'https://assist2-uat.perkeso.gov.my/web/registration/myassist' successfully

2018-12-10 18:51:20 - [TEST_STEP][PASSED] - mouseOver: Object: 'Object Repository/Final Object Repo/Page_Update Add New Employee - ASSIST/Select to Update Akta 4 Tab' is hovered

2018-12-10 18:51:20 - [MESSAGE][PASSED] - Object: 'Object Repository/Final Object Repo/Page_Update Add New Employee - ASSIST/Select to Update Akta 4 Tab' is hovered

2018-12-10 18:51:20 - [TEST_STEP][PASSED] - delay: Delayed 2 second(s)

2018-12-10 18:51:22 - [MESSAGE][PASSED] - Delayed 2 second(s)

2018-12-10 18:51:22 - [TEST_STEP][PASSED] - click: Object: 'Object Repository/Final Object Repo/Page_Update Add New Employee - ASSIST/Select to Update Add New Employee' is clicked on

2018-12-10 18:51:23 - [MESSAGE][PASSED] - Object: 'Object Repository/Final Object Repo/Page_Update Add New Employee - ASSIST/Select to Update Add New Employee' is clicked on

2018-12-10 18:51:23 - [TEST_STEP][PASSED] - delay: Delayed 2 second(s)

2018-12-10 18:51:25 - [MESSAGE][PASSED] - Delayed 2 second(s)

2018-12-10 18:51:25 - [TEST_STEP][PASSED] - setText: Text 'E1102069801V' is set on object 'Object Repository/Final Object Repo/Page_Update Add New Employee - ASSIST/Employer Code input textbox'

2018-12-10 18:51:25 - [MESSAGE][PASSED] - Text 'E1102069801V' is set on object 'Object Repository/Final Object Repo/Page_Update Add New Employee - ASSIST/Employer Code input textbox'

2018-12-10 18:51:25 - [TEST_STEP][PASSED] - delay: Delayed 2 second(s)

2018-12-10 18:51:27 - [MESSAGE][PASSED] - Delayed 2 second(s)

2018-12-10 18:51:27 - [TEST_STEP][PASSED] - click: Object: 'Object Repository/Final Object Repo/Page_Update Add New Employee - ASSIST/Search Button for Employer Code' is clicked on

2018-12-10 18:51:28 - [MESSAGE][PASSED] - Object: 'Object Repository/Final Object Repo/Page_Update Add New Employee - ASSIST/Search Button for Employer Code' is clicked on

2018-12-10 18:51:28 - [TEST_STEP][PASSED] - delay: Delayed 4 second(s)

2018-12-10 18:51:32 - [MESSAGE][PASSED] - Delayed 4 second(s)

2018-12-10 18:51:32 - [TEST_STEP][PASSED] - click: Object: 'Object Repository/Final Object Repo/Page_Update Add New Employee - ASSIST/Click to Edit Case' is clicked on

2018-12-10 18:51:34 - [MESSAGE][PASSED] - Object: 'Object Repository/Final Object Repo/Page_Update Add New Employee - ASSIST/Click to Edit Case' is clicked on

2018-12-10 18:51:34 - [TEST_STEP][PASSED] - callTestCase: Call Test Case 'Test Cases/Final Aug 2018 - PKS Automation/Registration Module/Workflow/Update Add New Employee/Template/Employee Adding/Employee Adding Action No Repeat IC' successfully

2018-12-10 18:51:34 - [TEST_CASE][PASSED] - Test Cases/Final Aug 2018 - PKS Automation/Registration Module/Workflow/Update Add New Employee/Template/Employee Adding/Employee Adding Action No Repeat IC: Test Cases/Final Aug 2018 - PKS Automation/Registration Module/Workflow/Update Add New Employee/Template/Employee Adding/Employee Adding Action No Repeat IC

2018-12-10 18:51:35 - [TEST_STEP][PASSED] - delay: Delayed 4 second(s)

2018-12-10 18:51:39 - [MESSAGE][PASSED] - Delayed 4 second(s)

2018-12-10 18:51:39 - [TEST_STEP][PASSED] - click: Object: 'Object Repository/Final Object Repo/Page_Update Add New Employee - ASSIST/Add Employee Button' is clicked on

2018-12-10 18:51:39 - [MESSAGE][PASSED] - Object: 'Object Repository/Final Object Repo/Page_Update Add New Employee - ASSIST/Add Employee Button' is clicked on

2018-12-10 18:51:39 - [TEST_STEP][PASSED] - delay: Delayed 3 second(s)

2018-12-10 18:51:42 - [MESSAGE][PASSED] - Delayed 3 second(s)

2018-12-10 18:51:42 - [TEST_STEP][PASSED] - Statement - While (com.kms.katalon.core.webui.keyword.WebUiBuiltInKeywords.verifyElementNotVisible(com.kms.katalon.core.testobject.ObjectRepository.findTestObject(Final Object Repo/Page_Update Add New Employee - ASSIST/No Duplicate Employee Cross), OPTIONAL)): Object 'Object Repository/Final Object Repo/Page_Update Add New Employee - ASSIST/No Duplicate Employee Cross' is visible

2018-12-10 18:51:42 - [MESSAGE][PASSED] - Object 'Object Repository/Final Object Repo/Page_Update Add New Employee - ASSIST/No Duplicate Employee Cross' is NOT visible

2018-12-10 18:51:42 - [TEST_STEP][PASSED] - callTestCase: Call Test Case 'Test Cases/Final Aug 2018 - PKS Automation/Common/IC Generator' successfully

2018-12-10 18:51:42 - [TEST_CASE][PASSED] - Test Cases/Final Aug 2018 - PKS Automation/Common/IC Generator: Test Cases/Final Aug 2018 - PKS Automation/Common/IC Generator

2018-12-10 18:51:42 - [TEST_STEP][PASSED] - Statement - rnd = new java.util.Random(): null

2018-12-10 18:51:42 - [TEST_STEP][PASSED] - Statement - snum = rnd.nextInt(899999 + 1) + 100000: null

2018-12-10 18:51:42 - [TEST_STEP][PASSED] - Statement - tnum = rnd.nextInt(899999 + 1) + 100000: null

2018-12-10 18:51:42 - [TEST_STEP][PASSED] - Statement - IC = java.lang.Integer.toString(snum) + java.lang.Integer.toString(tnum): null

2018-12-10 18:51:42 - [TEST_STEP][PASSED] - Statement - ICtoAdd = IC: null

2018-12-10 18:51:42 - [TEST_STEP][PASSED] - Statement - out.println(ICtoAdd): null

2018-12-10 18:51:42 - [MESSAGE][PASSED] - Call Test Case 'Test Cases/Final Aug 2018 - PKS Automation/Common/IC Generator' successfully

2018-12-10 18:51:42 - [TEST_STEP][PASSED] - delay: Delayed 1 second(s)

2018-12-10 18:51:43 - [MESSAGE][PASSED] - Delayed 1 second(s)

2018-12-10 18:51:43 - [TEST_STEP][PASSED] - setText: Text '917946153007' is set on object 'Object Repository/Final Object Repo/Page_Update Add New Employee - ASSIST/NRIC Input'

2018-12-10 18:51:44 - [MESSAGE][PASSED] - Text '917946153007' is set on object 'Object Repository/Final Object Repo/Page_Update Add New Employee - ASSIST/NRIC Input'

2018-12-10 18:51:44 - [TEST_STEP][PASSED] - delay: Delayed 2 second(s)

2018-12-10 18:51:46 - [MESSAGE][PASSED] - Delayed 2 second(s)

2018-12-10 18:51:46 - [TEST_STEP][PASSED] - click: Object: 'Object Repository/Final Object Repo/Page_Update Add New Employee - ASSIST/button for search for IC' is clicked on

2018-12-10 18:51:46 - [MESSAGE][PASSED] - Object: 'Object Repository/Final Object Repo/Page_Update Add New Employee - ASSIST/button for search for IC' is clicked on

2018-12-10 18:51:46 - [TEST_STEP][PASSED] - delay: Object 'Object Repository/Final Object Repo/Page_Update Add New Employee - ASSIST/No Duplicate Employee Cross' is visible

2018-12-10 18:51:47 - [MESSAGE][PASSED] - Delayed 1 second(s)

2018-12-10 18:51:47 - [MESSAGE][WARNING] - Object 'Object Repository/Final Object Repo/Page_Update Add New Employee - ASSIST/No Duplicate Employee Cross' is visible
[[ATTACHMENT|C:\\Users\\Admin\\Desktop\\PKS\\Perkeso Phase A\\Reports\\Critical Path\\20181210_165434\\1544439107430.png]]

2018-12-10 18:51:47 - [TEST_STEP][PASSED] - delay: Delayed 2 second(s)

2018-12-10 18:51:49 - [MESSAGE][PASSED] - Delayed 2 second(s)

2018-12-10 18:51:49 - [TEST_STEP][PASSED] - setText: Text 'Automate002 eligible 1' is set on object 'Object Repository/Final Object Repo/Page_Update Add New Employee - ASSIST/Employee Name Input'

2018-12-10 18:51:50 - [MESSAGE][PASSED] - Text 'Automate002 eligible 1' is set on object 'Object Repository/Final Object Repo/Page_Update Add New Employee - ASSIST/Employee Name Input'

2018-12-10 18:51:50 - [TEST_STEP][PASSED] - delay: Delayed 2 second(s)

2018-12-10 18:51:52 - [MESSAGE][PASSED] - Delayed 2 second(s)

2018-12-10 18:51:52 - [TEST_STEP][PASSED] - click: Object: 'Object Repository/Final Object Repo/Page_Update Add New Employee - ASSIST/DatePicker Pop Up' is clicked on

2018-12-10 18:51:52 - [MESSAGE][PASSED] - Object: 'Object Repository/Final Object Repo/Page_Update Add New Employee - ASSIST/DatePicker Pop Up' is clicked on

2018-12-10 18:51:52 - [TEST_STEP][PASSED] - click: Object: 'Object Repository/Final Object Repo/Page_Update Add New Employee - ASSIST/DOB Month' is clicked on

2018-12-10 18:51:52 - [MESSAGE][PASSED] - Object: 'Object Repository/Final Object Repo/Page_Update Add New Employee - ASSIST/DOB Month' is clicked on

2018-12-10 18:51:52 - [TEST_STEP][PASSED] - Statement - CurrentMonth = CurrentMonth: null

2018-12-10 18:51:52 - [TEST_STEP][PASSED] - Statement - selectMonth = new com.kms.katalon.core.testobject.TestObject(): null

2018-12-10 18:51:52 - [TEST_STEP][PASSED] - Statement - selectMonth.addProperty("xpath", EQUALS, "//body/div/div/div/select/option[@value='" + CurrentMonth + "']", true): null

2018-12-10 18:51:52 - [TEST_STEP][PASSED] - click: Object: '' is clicked on

2018-12-10 18:51:52 - [MESSAGE][PASSED] - Object: '' is clicked on

2018-12-10 18:51:52 - [TEST_STEP][PASSED] - click: Object: 'Object Repository/Final Object Repo/Page_Update Add New Employee - ASSIST/DOB Year' is clicked on

2018-12-10 18:51:52 - [MESSAGE][PASSED] - Object: 'Object Repository/Final Object Repo/Page_Update Add New Employee - ASSIST/DOB Year' is clicked on

2018-12-10 18:51:52 - [TEST_STEP][PASSED] - Statement - Eyearsbf = EighteenYrsBefore: null

2018-12-10 18:51:52 - [TEST_STEP][PASSED] - Statement - selectYear = new com.kms.katalon.core.testobject.TestObject(): null

2018-12-10 18:51:52 - [TEST_STEP][PASSED] - Statement - selectYear.addProperty("xpath", EQUALS, "//div/div/div/select/option[@value='" + Eyearsbf + "']", true): null

2018-12-10 18:51:52 - [TEST_STEP][PASSED] - click: Object: '' is clicked on

2018-12-10 18:51:53 - [MESSAGE][PASSED] - Object: '' is clicked on

2018-12-10 18:51:53 - [TEST_STEP][PASSED] - Statement - UpdatedSelectDate = com.kms.katalon.core.webui.keyword.WebUiBuiltInKeywords.modifyObjectProperty(com.kms.katalon.core.testobject.ObjectRepository.findTestObject(Final Object Repo/Page_Update Add New Employee - ASSIST/DOB Date), "xpath", "equals", "//body/div/table/tbody/tr/td/a[text()="" + CurrentDate + ""]", true): Modify property of object successfully

2018-12-10 18:51:53 - [MESSAGE][PASSED] - Modify property of object successfully

2018-12-10 18:51:53 - [TEST_STEP][PASSED] - delay: Delayed 3 second(s)

2018-12-10 18:51:56 - [MESSAGE][PASSED] - Delayed 3 second(s)

2018-12-10 18:51:56 - [TEST_STEP][PASSED] - click: Object: 'Object Repository/Final Object Repo/Page_Update Add New Employee - ASSIST/DOB Date' is clicked on

2018-12-10 18:51:56 - [MESSAGE][PASSED] - Object: 'Object Repository/Final Object Repo/Page_Update Add New Employee - ASSIST/DOB Date' is clicked on

2018-12-10 18:51:56 - [TEST_STEP][PASSED] - delay: Delayed 2 second(s)

2018-12-10 18:51:58 - [MESSAGE][PASSED] - Delayed 2 second(s)

2018-12-10 18:51:58 - [TEST_STEP][PASSED] - click: Object: 'Object Repository/Final Object Repo/Page_Update Add New Employee - ASSIST/EmploymentStartDate Pop Up' is clicked on

2018-12-10 18:51:58 - [MESSAGE][PASSED] - Object: 'Object Repository/Final Object Repo/Page_Update Add New Employee - ASSIST/EmploymentStartDate Pop Up' is clicked on

2018-12-10 18:51:58 - [TEST_STEP][PASSED] - delay: Delayed 2 second(s)

2018-12-10 18:52:00 - [MESSAGE][PASSED] - Delayed 2 second(s)

2018-12-10 18:52:00 - [TEST_STEP][PASSED] - click: Object: 'Object Repository/Final Object Repo/Page_Update Add New Employee - ASSIST/Socso Employment StartDate Month' is clicked on

2018-12-10 18:52:00 - [MESSAGE][PASSED] - Object: 'Object Repository/Final Object Repo/Page_Update Add New Employee - ASSIST/Socso Employment StartDate Month' is clicked on

2018-12-10 18:52:00 - [TEST_STEP][PASSED] - delay: Delayed 1 second(s)

2018-12-10 18:52:01 - [MESSAGE][PASSED] - Delayed 1 second(s)

2018-12-10 18:52:01 - [TEST_STEP][PASSED] - click: Object: 'Object Repository/Final Object Repo/Page_Update Add New Employee - ASSIST/Select Socso Employement Startdate Month' is clicked on

2018-12-10 18:52:01 - [MESSAGE][PASSED] - Object: 'Object Repository/Final Object Repo/Page_Update Add New Employee - ASSIST/Select Socso Employement Startdate Month' is clicked on

2018-12-10 18:52:01 - [TEST_STEP][PASSED] - delay: Delayed 2 second(s)

2018-12-10 18:52:03 - [MESSAGE][PASSED] - Delayed 2 second(s)

2018-12-10 18:52:03 - [TEST_STEP][PASSED] - click: Object: 'Object Repository/Final Object Repo/Page_Update Add New Employee - ASSIST/Socso Employment StartDate Year' is clicked on

2018-12-10 18:52:03 - [MESSAGE][PASSED] - Object: 'Object Repository/Final Object Repo/Page_Update Add New Employee - ASSIST/Socso Employment StartDate Year' is clicked on

2018-12-10 18:52:03 - [TEST_STEP][PASSED] - delay: Delayed 1 second(s)

2018-12-10 18:52:04 - [MESSAGE][PASSED] - Delayed 1 second(s)

2018-12-10 18:52:04 - [TEST_STEP][PASSED] - click: Object: 'Object Repository/Final Object Repo/Page_Update Add New Employee - ASSIST/Select Socso Employment Startdate Year' is clicked on

2018-12-10 18:52:05 - [MESSAGE][PASSED] - Object: 'Object Repository/Final Object Repo/Page_Update Add New Employee - ASSIST/Select Socso Employment Startdate Year' is clicked on

2018-12-10 18:52:05 - [TEST_STEP][PASSED] - delay: Delayed 2 second(s)

2018-12-10 18:52:07 - [MESSAGE][PASSED] - Delayed 2 second(s)

2018-12-10 18:52:07 - [TEST_STEP][PASSED] - click: Object: 'Object Repository/Final Object Repo/Page_Update Add New Employee - ASSIST/Socso Employment Start Date Day' is clicked on

2018-12-10 18:52:07 - [MESSAGE][PASSED] - Object: 'Object Repository/Final Object Repo/Page_Update Add New Employee - ASSIST/Socso Employment Start Date Day' is clicked on

2018-12-10 18:52:07 - [TEST_STEP][PASSED] - delay: Delayed 2 second(s)

2018-12-10 18:52:09 - [MESSAGE][PASSED] - Delayed 2 second(s)

2018-12-10 18:52:09 - [TEST_STEP][PASSED] - click: Object: 'Object Repository/Final Object Repo/Page_Update Add New Employee - ASSIST/Save Button for Add Employee' is clicked on

2018-12-10 18:52:09 - [MESSAGE][PASSED] - Object: 'Object Repository/Final Object Repo/Page_Update Add New Employee - ASSIST/Save Button for Add Employee' is clicked on

2018-12-10 18:52:09 - [TEST_STEP][PASSED] - delay: Delayed 20 second(s)

2018-12-10 18:52:29 - [MESSAGE][PASSED] - Delayed 20 second(s)

2018-12-10 18:52:29 - [TEST_STEP][PASSED] - click: Object: 'Object Repository/Final Object Repo/Page_Update Add New Employee - ASSIST/Add Employee Button' is clicked on

2018-12-10 18:52:29 - [MESSAGE][PASSED] - Object: 'Object Repository/Final Object Repo/Page_Update Add New Employee - ASSIST/Add Employee Button' is clicked on

2018-12-10 18:52:29 - [TEST_STEP][PASSED] - delay: Delayed 4 second(s)

2018-12-10 18:52:33 - [MESSAGE][PASSED] - Delayed 4 second(s)

2018-12-10 18:52:33 - [TEST_STEP][PASSED] - Statement - While (com.kms.katalon.core.webui.keyword.WebUiBuiltInKeywords.verifyElementNotVisible(com.kms.katalon.core.testobject.ObjectRepository.findTestObject(Final Object Repo/Page_Update Add New Employee - ASSIST/No Duplicate Employee Cross), OPTIONAL)): Object 'Object Repository/Final Object Repo/Page_Update Add New Employee - ASSIST/No Duplicate Employee Cross' is visible

2018-12-10 18:52:33 - [MESSAGE][PASSED] - Object 'Object Repository/Final Object Repo/Page_Update Add New Employee - ASSIST/No Duplicate Employee Cross' is NOT visible

2018-12-10 18:52:33 - [TEST_STEP][PASSED] - callTestCase: Call Test Case 'Test Cases/Final Aug 2018 - PKS Automation/Common/IC Generator' successfully

2018-12-10 18:52:33 - [TEST_CASE][PASSED] - Test Cases/Final Aug 2018 - PKS Automation/Common/IC Generator: Test Cases/Final Aug 2018 - PKS Automation/Common/IC Generator

2018-12-10 18:52:33 - [TEST_STEP][PASSED] - Statement - rnd = new java.util.Random(): null

2018-12-10 18:52:33 - [TEST_STEP][PASSED] - Statement - snum = rnd.nextInt(899999 + 1) + 100000: null

2018-12-10 18:52:33 - [TEST_STEP][PASSED] - Statement - tnum = rnd.nextInt(899999 + 1) + 100000: null

2018-12-10 18:52:33 - [TEST_STEP][PASSED] - Statement - IC = java.lang.Integer.toString(snum) + java.lang.Integer.toString(tnum): null

2018-12-10 18:52:33 - [TEST_STEP][PASSED] - Statement - ICtoAdd = IC: null

2018-12-10 18:52:33 - [TEST_STEP][PASSED] - Statement - out.println(ICtoAdd): null

2018-12-10 18:52:33 - [MESSAGE][PASSED] - Call Test Case 'Test Cases/Final Aug 2018 - PKS Automation/Common/IC Generator' successfully

2018-12-10 18:52:33 - [TEST_STEP][PASSED] - delay: Delayed 1 second(s)

2018-12-10 18:52:34 - [MESSAGE][PASSED] - Delayed 1 second(s)

2018-12-10 18:52:34 - [TEST_STEP][PASSED] - setText: Text '261157727670' is set on object 'Object Repository/Final Object Repo/Page_Update Add New Employee - ASSIST/NRIC Input'

2018-12-10 18:52:35 - [MESSAGE][PASSED] - Text '261157727670' is set on object 'Object Repository/Final Object Repo/Page_Update Add New Employee - ASSIST/NRIC Input'

2018-12-10 18:52:35 - [TEST_STEP][PASSED] - delay: Delayed 2 second(s)

2018-12-10 18:52:37 - [MESSAGE][PASSED] - Delayed 2 second(s)

2018-12-10 18:52:37 - [TEST_STEP][PASSED] - click: Object: 'Object Repository/Final Object Repo/Page_Update Add New Employee - ASSIST/button for search for IC' is clicked on

2018-12-10 18:52:37 - [MESSAGE][PASSED] - Object: 'Object Repository/Final Object Repo/Page_Update Add New Employee - ASSIST/button for search for IC' is clicked on

2018-12-10 18:52:37 - [TEST_STEP][PASSED] - delay: Object 'Object Repository/Final Object Repo/Page_Update Add New Employee - ASSIST/No Duplicate Employee Cross' is visible

2018-12-10 18:52:38 - [MESSAGE][PASSED] - Delayed 1 second(s)

2018-12-10 18:52:38 - [MESSAGE][WARNING] - Object 'Object Repository/Final Object Repo/Page_Update Add New Employee - ASSIST/No Duplicate Employee Cross' is visible
[[ATTACHMENT|C:\\Users\\Admin\\Desktop\\PKS\\Perkeso Phase A\\Reports\\Critical Path\\20181210_165434\\1544439158449.png]]

2018-12-10 18:52:38 - [TEST_STEP][PASSED] - delay: Delayed 2 second(s)

2018-12-10 18:52:40 - [MESSAGE][PASSED] - Delayed 2 second(s)

2018-12-10 18:52:40 - [TEST_STEP][PASSED] - setText: Text 'Automate002 eligible 2' is set on object 'Object Repository/Final Object Repo/Page_Update Add New Employee - ASSIST/Employee Name Input'

2018-12-10 18:52:41 - [MESSAGE][PASSED] - Text 'Automate002 eligible 2' is set on object 'Object Repository/Final Object Repo/Page_Update Add New Employee - ASSIST/Employee Name Input'

2018-12-10 18:52:41 - [TEST_STEP][PASSED] - delay: Delayed 3 second(s)

2018-12-10 18:52:44 - [MESSAGE][PASSED] - Delayed 3 second(s)

2018-12-10 18:52:44 - [TEST_STEP][PASSED] - click: Object: 'Object Repository/Final Object Repo/Page_Update Add New Employee - ASSIST/DatePicker Pop Up' is clicked on

2018-12-10 18:52:44 - [MESSAGE][PASSED] - Object: 'Object Repository/Final Object Repo/Page_Update Add New Employee - ASSIST/DatePicker Pop Up' is clicked on

2018-12-10 18:52:44 - [TEST_STEP][PASSED] - delay: Delayed 2 second(s)

2018-12-10 18:52:46 - [MESSAGE][PASSED] - Delayed 2 second(s)

2018-12-10 18:52:46 - [TEST_STEP][PASSED] - click: Object: 'Object Repository/Final Object Repo/Page_Update Add New Employee - ASSIST/DOB Month' is clicked on

2018-12-10 18:52:46 - [MESSAGE][PASSED] - Object: 'Object Repository/Final Object Repo/Page_Update Add New Employee - ASSIST/DOB Month' is clicked on

2018-12-10 18:52:46 - [TEST_STEP][PASSED] - Statement - selectMonth = com.kms.katalon.core.webui.keyword.WebUiBuiltInKeywords.modifyObjectProperty(selectMonth, "xpath", "equals", "//body/div/div/div/select/option[@value="" + CurrentMonth + ""]", true): Modify property of object successfully

2018-12-10 18:52:46 - [MESSAGE][PASSED] - Modify property of object successfully

2018-12-10 18:52:46 - [TEST_STEP][PASSED] - click: Object: '' is clicked on

2018-12-10 18:52:46 - [MESSAGE][PASSED] - Object: '' is clicked on

2018-12-10 18:52:46 - [TEST_STEP][PASSED] - delay: Delayed 2 second(s)

2018-12-10 18:52:48 - [MESSAGE][PASSED] - Delayed 2 second(s)

2018-12-10 18:52:48 - [TEST_STEP][PASSED] - click: Object: 'Object Repository/Final Object Repo/Page_Update Add New Employee - ASSIST/DOB Year' is clicked on

2018-12-10 18:52:48 - [MESSAGE][PASSED] - Object: 'Object Repository/Final Object Repo/Page_Update Add New Employee - ASSIST/DOB Year' is clicked on

2018-12-10 18:52:48 - [TEST_STEP][PASSED] - Statement - selectYear = com.kms.katalon.core.webui.keyword.WebUiBuiltInKeywords.modifyObjectProperty(selectYear, "xpath", "equals", "//div/div/div/select/option[@value="" + FiftysevenYrsBefore + ""]", true): Modify property of object successfully

2018-12-10 18:52:48 - [MESSAGE][PASSED] - Modify property of object successfully

2018-12-10 18:52:48 - [TEST_STEP][PASSED] - click: Object: '' is clicked on

2018-12-10 18:52:49 - [MESSAGE][PASSED] - Object: '' is clicked on

2018-12-10 18:52:49 - [TEST_STEP][PASSED] - delay: Delayed 2 second(s)

2018-12-10 18:52:51 - [MESSAGE][PASSED] - Delayed 2 second(s)

2018-12-10 18:52:51 - [TEST_STEP][PASSED] - Statement - UpdatedSelectDate = com.kms.katalon.core.webui.keyword.WebUiBuiltInKeywords.modifyObjectProperty(com.kms.katalon.core.testobject.ObjectRepository.findTestObject(Final Object Repo/Page_Update Add New Employee - ASSIST/DOB Date), "xpath", "equals", "//body/div/table/tbody/tr/td/a[text()="" + OneDayBefore + ""]", true): Modify property of object successfully

2018-12-10 18:52:51 - [MESSAGE][PASSED] - Modify property of object successfully

2018-12-10 18:52:51 - [TEST_STEP][PASSED] - click: Object: 'Object Repository/Final Object Repo/Page_Update Add New Employee - ASSIST/DOB Date' is clicked on

2018-12-10 18:52:51 - [MESSAGE][PASSED] - Object: 'Object Repository/Final Object Repo/Page_Update Add New Employee - ASSIST/DOB Date' is clicked on

2018-12-10 18:52:51 - [TEST_STEP][PASSED] - delay: Delayed 2 second(s)

2018-12-10 18:52:53 - [MESSAGE][PASSED] - Delayed 2 second(s)

2018-12-10 18:52:53 - [TEST_STEP][PASSED] - click: Object: 'Object Repository/Final Object Repo/Page_Update Add New Employee - ASSIST/EmploymentStartDate Pop Up' is clicked on

2018-12-10 18:52:53 - [MESSAGE][PASSED] - Object: 'Object Repository/Final Object Repo/Page_Update Add New Employee - ASSIST/EmploymentStartDate Pop Up' is clicked on

2018-12-10 18:52:53 - [TEST_STEP][PASSED] - delay: Delayed 2 second(s)

2018-12-10 18:52:55 - [MESSAGE][PASSED] - Delayed 2 second(s)

2018-12-10 18:52:55 - [TEST_STEP][PASSED] - click: Object: 'Object Repository/Final Object Repo/Page_Update Add New Employee - ASSIST/Socso Employment StartDate Month' is clicked on

2018-12-10 18:52:55 - [MESSAGE][PASSED] - Object: 'Object Repository/Final Object Repo/Page_Update Add New Employee - ASSIST/Socso Employment StartDate Month' is clicked on

2018-12-10 18:52:55 - [TEST_STEP][PASSED] - delay: Delayed 1 second(s)

2018-12-10 18:52:56 - [MESSAGE][PASSED] - Delayed 1 second(s)

2018-12-10 18:52:56 - [TEST_STEP][PASSED] - click: Object: 'Object Repository/Final Object Repo/Page_Update Add New Employee - ASSIST/Select Socso Employement Startdate Month' is clicked on

2018-12-10 18:52:56 - [MESSAGE][PASSED] - Object: 'Object Repository/Final Object Repo/Page_Update Add New Employee - ASSIST/Select Socso Employement Startdate Month' is clicked on

2018-12-10 18:52:56 - [TEST_STEP][PASSED] - delay: Delayed 2 second(s)

2018-12-10 18:52:58 - [MESSAGE][PASSED] - Delayed 2 second(s)

2018-12-10 18:52:58 - [TEST_STEP][PASSED] - click: Object: 'Object Repository/Final Object Repo/Page_Update Add New Employee - ASSIST/Socso Employment StartDate Year' is clicked on

2018-12-10 18:52:59 - [MESSAGE][PASSED] - Object: 'Object Repository/Final Object Repo/Page_Update Add New Employee - ASSIST/Socso Employment StartDate Year' is clicked on

2018-12-10 18:52:59 - [TEST_STEP][PASSED] - delay: Delayed 1 second(s)

2018-12-10 18:53:00 - [MESSAGE][PASSED] - Delayed 1 second(s)

2018-12-10 18:53:00 - [TEST_STEP][PASSED] - click: Object: 'Object Repository/Final Object Repo/Page_Update Add New Employee - ASSIST/Select Socso Employment Startdate Year' is clicked on

2018-12-10 18:53:00 - [MESSAGE][PASSED] - Object: 'Object Repository/Final Object Repo/Page_Update Add New Employee - ASSIST/Select Socso Employment Startdate Year' is clicked on

2018-12-10 18:53:00 - [TEST_STEP][PASSED] - delay: Delayed 2 second(s)

2018-12-10 18:53:02 - [MESSAGE][PASSED] - Delayed 2 second(s)

2018-12-10 18:53:02 - [TEST_STEP][PASSED] - click: Object: 'Object Repository/Final Object Repo/Page_Update Add New Employee - ASSIST/Socso Employment Start Date Day' is clicked on

2018-12-10 18:53:02 - [MESSAGE][PASSED] - Object: 'Object Repository/Final Object Repo/Page_Update Add New Employee - ASSIST/Socso Employment Start Date Day' is clicked on

2018-12-10 18:53:02 - [TEST_STEP][PASSED] - delay: Delayed 2 second(s)

2018-12-10 18:53:04 - [MESSAGE][PASSED] - Delayed 2 second(s)

2018-12-10 18:53:04 - [TEST_STEP][PASSED] - click: Object: 'Object Repository/Final Object Repo/Page_Update Add New Employee - ASSIST/Save Button for Add Employee' is clicked on

2018-12-10 18:53:04 - [MESSAGE][PASSED] - Object: 'Object Repository/Final Object Repo/Page_Update Add New Employee - ASSIST/Save Button for Add Employee' is clicked on

2018-12-10 18:53:04 - [TEST_STEP][PASSED] - delay: Delayed 20 second(s)

2018-12-10 18:53:24 - [MESSAGE][PASSED] - Delayed 20 second(s)

2018-12-10 18:53:24 - [TEST_STEP][PASSED] - waitForElementClickable: Object 'Object Repository/Final Object Repo/Page_Update Add New Employee - ASSIST/Add Employee Button' is clickable

2018-12-10 18:53:24 - [MESSAGE][PASSED] - Object 'Object Repository/Final Object Repo/Page_Update Add New Employee - ASSIST/Add Employee Button' is clickable

2018-12-10 18:53:24 - [TEST_STEP][PASSED] - click: Object: 'Object Repository/Final Object Repo/Page_Update Add New Employee - ASSIST/Add Employee Button' is clicked on

2018-12-10 18:53:24 - [MESSAGE][PASSED] - Object: 'Object Repository/Final Object Repo/Page_Update Add New Employee - ASSIST/Add Employee Button' is clicked on

2018-12-10 18:53:24 - [TEST_STEP][PASSED] - delay: Delayed 4 second(s)

2018-12-10 18:53:28 - [MESSAGE][PASSED] - Delayed 4 second(s)

2018-12-10 18:53:28 - [TEST_STEP][PASSED] - Statement - While (com.kms.katalon.core.webui.keyword.WebUiBuiltInKeywords.verifyElementNotVisible(com.kms.katalon.core.testobject.ObjectRepository.findTestObject(Final Object Repo/Page_Update Add New Employee - ASSIST/No Duplicate Employee Cross), OPTIONAL)): Object 'Object Repository/Final Object Repo/Page_Update Add New Employee - ASSIST/No Duplicate Employee Cross' is visible

2018-12-10 18:53:28 - [MESSAGE][PASSED] - Object 'Object Repository/Final Object Repo/Page_Update Add New Employee - ASSIST/No Duplicate Employee Cross' is NOT visible

2018-12-10 18:53:28 - [TEST_STEP][PASSED] - callTestCase: Call Test Case 'Test Cases/Final Aug 2018 - PKS Automation/Common/IC Generator' successfully

2018-12-10 18:53:28 - [TEST_CASE][PASSED] - Test Cases/Final Aug 2018 - PKS Automation/Common/IC Generator: Test Cases/Final Aug 2018 - PKS Automation/Common/IC Generator

2018-12-10 18:53:28 - [TEST_STEP][PASSED] - Statement - rnd = new java.util.Random(): null

2018-12-10 18:53:28 - [TEST_STEP][PASSED] - Statement - snum = rnd.nextInt(899999 + 1) + 100000: null

2018-12-10 18:53:28 - [TEST_STEP][PASSED] - Statement - tnum = rnd.nextInt(899999 + 1) + 100000: null

2018-12-10 18:53:28 - [TEST_STEP][PASSED] - Statement - IC = java.lang.Integer.toString(snum) + java.lang.Integer.toString(tnum): null

2018-12-10 18:53:28 - [TEST_STEP][PASSED] - Statement - ICtoAdd = IC: null

2018-12-10 18:53:28 - [TEST_STEP][PASSED] - Statement - out.println(ICtoAdd): null

2018-12-10 18:53:28 - [MESSAGE][PASSED] - Call Test Case 'Test Cases/Final Aug 2018 - PKS Automation/Common/IC Generator' successfully

2018-12-10 18:53:28 - [TEST_STEP][PASSED] - delay: Delayed 1 second(s)

2018-12-10 18:53:29 - [MESSAGE][PASSED] - Delayed 1 second(s)

2018-12-10 18:53:29 - [TEST_STEP][PASSED] - setText: Text '676697293971' is set on object 'Object Repository/Final Object Repo/Page_Update Add New Employee - ASSIST/NRIC Input'

2018-12-10 18:53:30 - [MESSAGE][PASSED] - Text '676697293971' is set on object 'Object Repository/Final Object Repo/Page_Update Add New Employee - ASSIST/NRIC Input'

2018-12-10 18:53:30 - [TEST_STEP][PASSED] - delay: Delayed 2 second(s)

2018-12-10 18:53:32 - [MESSAGE][PASSED] - Delayed 2 second(s)

2018-12-10 18:53:32 - [TEST_STEP][PASSED] - click: Object: 'Object Repository/Final Object Repo/Page_Update Add New Employee - ASSIST/button for search for IC' is clicked on

2018-12-10 18:53:32 - [MESSAGE][PASSED] - Object: 'Object Repository/Final Object Repo/Page_Update Add New Employee - ASSIST/button for search for IC' is clicked on

2018-12-10 18:53:32 - [TEST_STEP][PASSED] - delay: Object 'Object Repository/Final Object Repo/Page_Update Add New Employee - ASSIST/No Duplicate Employee Cross' is visible

2018-12-10 18:53:33 - [MESSAGE][PASSED] - Delayed 1 second(s)

2018-12-10 18:53:33 - [MESSAGE][WARNING] - Object 'Object Repository/Final Object Repo/Page_Update Add New Employee - ASSIST/No Duplicate Employee Cross' is visible
[[ATTACHMENT|C:\\Users\\Admin\\Desktop\\PKS\\Perkeso Phase A\\Reports\\Critical Path\\20181210_165434\\1544439213498.png]]

2018-12-10 18:53:33 - [TEST_STEP][PASSED] - delay: Delayed 2 second(s)

2018-12-10 18:53:35 - [MESSAGE][PASSED] - Delayed 2 second(s)

2018-12-10 18:53:35 - [TEST_STEP][PASSED] - setText: Text 'Automate002 not eligible 1' is set on object 'Object Repository/Final Object Repo/Page_Update Add New Employee - ASSIST/Employee Name Input'

2018-12-10 18:53:36 - [MESSAGE][PASSED] - Text 'Automate002 not eligible 1' is set on object 'Object Repository/Final Object Repo/Page_Update Add New Employee - ASSIST/Employee Name Input'

2018-12-10 18:53:36 - [TEST_STEP][PASSED] - delay: Delayed 2 second(s)

2018-12-10 18:53:38 - [MESSAGE][PASSED] - Delayed 2 second(s)

2018-12-10 18:53:38 - [TEST_STEP][PASSED] - click: Object: 'Object Repository/Final Object Repo/Page_Update Add New Employee - ASSIST/DatePicker Pop Up' is clicked on

2018-12-10 18:53:38 - [MESSAGE][PASSED] - Object: 'Object Repository/Final Object Repo/Page_Update Add New Employee - ASSIST/DatePicker Pop Up' is clicked on

2018-12-10 18:53:38 - [TEST_STEP][PASSED] - delay: Delayed 2 second(s)

2018-12-10 18:53:40 - [MESSAGE][PASSED] - Delayed 2 second(s)

2018-12-10 18:53:40 - [TEST_STEP][PASSED] - click: Object: 'Object Repository/Final Object Repo/Page_Update Add New Employee - ASSIST/DOB Month' is clicked on

2018-12-10 18:53:40 - [MESSAGE][PASSED] - Object: 'Object Repository/Final Object Repo/Page_Update Add New Employee - ASSIST/DOB Month' is clicked on

2018-12-10 18:53:40 - [TEST_STEP][PASSED] - Statement - selectMonth = com.kms.katalon.core.webui.keyword.WebUiBuiltInKeywords.modifyObjectProperty(selectMonth, "xpath", "equals", "//body/div/div/div/select/option[@value="" + CurrentMonth + ""]", true): Modify property of object successfully

2018-12-10 18:53:40 - [MESSAGE][PASSED] - Modify property of object successfully

2018-12-10 18:53:40 - [TEST_STEP][PASSED] - click: Object: '' is clicked on

2018-12-10 18:53:40 - [MESSAGE][PASSED] - Object: '' is clicked on

2018-12-10 18:53:40 - [TEST_STEP][PASSED] - delay: Delayed 2 second(s)

2018-12-10 18:53:42 - [MESSAGE][PASSED] - Delayed 2 second(s)

2018-12-10 18:53:42 - [TEST_STEP][PASSED] - click: Object: 'Object Repository/Final Object Repo/Page_Update Add New Employee - ASSIST/DOB Year' is clicked on

2018-12-10 18:53:43 - [MESSAGE][PASSED] - Object: 'Object Repository/Final Object Repo/Page_Update Add New Employee - ASSIST/DOB Year' is clicked on

2018-12-10 18:53:43 - [TEST_STEP][PASSED] - Statement - selectYear = com.kms.katalon.core.webui.keyword.WebUiBuiltInKeywords.modifyObjectProperty(selectYear, "xpath", "equals", "//div/div/div/select/option[@value="" + EighteenYrsBefore + ""]", true): Modify property of object successfully

2018-12-10 18:53:43 - [MESSAGE][PASSED] - Modify property of object successfully

2018-12-10 18:53:43 - [TEST_STEP][PASSED] - click: Object: '' is clicked on

2018-12-10 18:53:43 - [MESSAGE][PASSED] - Object: '' is clicked on

2018-12-10 18:53:43 - [TEST_STEP][PASSED] - delay: Delayed 2 second(s)

2018-12-10 18:53:45 - [MESSAGE][PASSED] - Delayed 2 second(s)

2018-12-10 18:53:45 - [TEST_STEP][PASSED] - Statement - UpdatedSelectDate = com.kms.katalon.core.webui.keyword.WebUiBuiltInKeywords.modifyObjectProperty(com.kms.katalon.core.testobject.ObjectRepository.findTestObject(Final Object Repo/Page_Update Add New Employee - ASSIST/DOB Date), "xpath", "equals", "//body/div/table/tbody/tr/td/a[text()="" + OneDayBefore + ""]", true): Modify property of object successfully

2018-12-10 18:53:45 - [MESSAGE][PASSED] - Modify property of object successfully

2018-12-10 18:53:45 - [TEST_STEP][PASSED] - click: Object: 'Object Repository/Final Object Repo/Page_Update Add New Employee - ASSIST/DOB Date' is clicked on

2018-12-10 18:53:45 - [MESSAGE][PASSED] - Object: 'Object Repository/Final Object Repo/Page_Update Add New Employee - ASSIST/DOB Date' is clicked on

2018-12-10 18:53:45 - [TEST_STEP][PASSED] - delay: Delayed 2 second(s)

2018-12-10 18:53:47 - [MESSAGE][PASSED] - Delayed 2 second(s)

2018-12-10 18:53:47 - [TEST_STEP][PASSED] - click: Object: 'Object Repository/Final Object Repo/Page_Update Add New Employee - ASSIST/EmploymentStartDate Pop Up' is clicked on

2018-12-10 18:53:47 - [MESSAGE][PASSED] - Object: 'Object Repository/Final Object Repo/Page_Update Add New Employee - ASSIST/EmploymentStartDate Pop Up' is clicked on

2018-12-10 18:53:47 - [TEST_STEP][PASSED] - delay: Delayed 2 second(s)

2018-12-10 18:53:49 - [MESSAGE][PASSED] - Delayed 2 second(s)

2018-12-10 18:53:49 - [TEST_STEP][PASSED] - click: Object: 'Object Repository/Final Object Repo/Page_Update Add New Employee - ASSIST/Socso Employment StartDate Month' is clicked on

2018-12-10 18:53:49 - [MESSAGE][PASSED] - Object: 'Object Repository/Final Object Repo/Page_Update Add New Employee - ASSIST/Socso Employment StartDate Month' is clicked on

2018-12-10 18:53:49 - [TEST_STEP][PASSED] - delay: Delayed 1 second(s)

2018-12-10 18:53:50 - [MESSAGE][PASSED] - Delayed 1 second(s)

2018-12-10 18:53:50 - [TEST_STEP][PASSED] - click: Object: 'Object Repository/Final Object Repo/Page_Update Add New Employee - ASSIST/Select Socso Employement Startdate Month' is clicked on

2018-12-10 18:53:50 - [MESSAGE][PASSED] - Object: 'Object Repository/Final Object Repo/Page_Update Add New Employee - ASSIST/Select Socso Employement Startdate Month' is clicked on

2018-12-10 18:53:50 - [TEST_STEP][PASSED] - delay: Delayed 2 second(s)

2018-12-10 18:53:52 - [MESSAGE][PASSED] - Delayed 2 second(s)

2018-12-10 18:53:52 - [TEST_STEP][PASSED] - click: Object: 'Object Repository/Final Object Repo/Page_Update Add New Employee - ASSIST/Socso Employment StartDate Year' is clicked on

2018-12-10 18:53:53 - [MESSAGE][PASSED] - Object: 'Object Repository/Final Object Repo/Page_Update Add New Employee - ASSIST/Socso Employment StartDate Year' is clicked on

2018-12-10 18:53:53 - [TEST_STEP][PASSED] - delay: Delayed 1 second(s)

2018-12-10 18:53:54 - [MESSAGE][PASSED] - Delayed 1 second(s)

2018-12-10 18:53:54 - [TEST_STEP][PASSED] - click: Object: 'Object Repository/Final Object Repo/Page_Update Add New Employee - ASSIST/Select Socso Employment Startdate Year' is clicked on

2018-12-10 18:53:54 - [MESSAGE][PASSED] - Object: 'Object Repository/Final Object Repo/Page_Update Add New Employee - ASSIST/Select Socso Employment Startdate Year' is clicked on

2018-12-10 18:53:54 - [TEST_STEP][PASSED] - delay: Delayed 2 second(s)

2018-12-10 18:53:56 - [MESSAGE][PASSED] - Delayed 2 second(s)

2018-12-10 18:53:56 - [TEST_STEP][PASSED] - click: Object: 'Object Repository/Final Object Repo/Page_Update Add New Employee - ASSIST/Socso Employment Start Date Day' is clicked on

2018-12-10 18:53:56 - [MESSAGE][PASSED] - Object: 'Object Repository/Final Object Repo/Page_Update Add New Employee - ASSIST/Socso Employment Start Date Day' is clicked on

2018-12-10 18:53:56 - [TEST_STEP][PASSED] - delay: Delayed 2 second(s)

2018-12-10 18:53:58 - [MESSAGE][PASSED] - Delayed 2 second(s)

2018-12-10 18:53:58 - [TEST_STEP][PASSED] - click: Object: 'Object Repository/Final Object Repo/Page_Update Add New Employee - ASSIST/Save Button for Add Employee' is clicked on

2018-12-10 18:53:58 - [MESSAGE][PASSED] - Object: 'Object Repository/Final Object Repo/Page_Update Add New Employee - ASSIST/Save Button for Add Employee' is clicked on

2018-12-10 18:53:58 - [TEST_STEP][PASSED] - delay: Delayed 20 second(s)

2018-12-10 18:54:18 - [MESSAGE][PASSED] - Delayed 20 second(s)

2018-12-10 18:54:18 - [TEST_STEP][PASSED] - click: Object: 'Object Repository/Final Object Repo/Page_Update Add New Employee - ASSIST/Add Employee Button' is clicked on

2018-12-10 18:54:18 - [MESSAGE][PASSED] - Object: 'Object Repository/Final Object Repo/Page_Update Add New Employee - ASSIST/Add Employee Button' is clicked on

2018-12-10 18:54:18 - [TEST_STEP][PASSED] - delay: Delayed 4 second(s)

2018-12-10 18:54:22 - [MESSAGE][PASSED] - Delayed 4 second(s)

2018-12-10 18:54:22 - [TEST_STEP][PASSED] - Statement - While (com.kms.katalon.core.webui.keyword.WebUiBuiltInKeywords.verifyElementNotVisible(com.kms.katalon.core.testobject.ObjectRepository.findTestObject(Final Object Repo/Page_Update Add New Employee - ASSIST/No Duplicate Employee Cross), OPTIONAL)): Object 'Object Repository/Final Object Repo/Page_Update Add New Employee - ASSIST/No Duplicate Employee Cross' is visible

2018-12-10 18:54:22 - [MESSAGE][PASSED] - Object 'Object Repository/Final Object Repo/Page_Update Add New Employee - ASSIST/No Duplicate Employee Cross' is NOT visible

2018-12-10 18:54:22 - [TEST_STEP][PASSED] - callTestCase: Call Test Case 'Test Cases/Final Aug 2018 - PKS Automation/Common/IC Generator' successfully

2018-12-10 18:54:22 - [TEST_CASE][PASSED] - Test Cases/Final Aug 2018 - PKS Automation/Common/IC Generator: Test Cases/Final Aug 2018 - PKS Automation/Common/IC Generator

2018-12-10 18:54:22 - [TEST_STEP][PASSED] - Statement - rnd = new java.util.Random(): null

2018-12-10 18:54:22 - [TEST_STEP][PASSED] - Statement - snum = rnd.nextInt(899999 + 1) + 100000: null

2018-12-10 18:54:22 - [TEST_STEP][PASSED] - Statement - tnum = rnd.nextInt(899999 + 1) + 100000: null

2018-12-10 18:54:22 - [TEST_STEP][PASSED] - Statement - IC = java.lang.Integer.toString(snum) + java.lang.Integer.toString(tnum): null

2018-12-10 18:54:22 - [TEST_STEP][PASSED] - Statement - ICtoAdd = IC: null

2018-12-10 18:54:22 - [TEST_STEP][PASSED] - Statement - out.println(ICtoAdd): null

2018-12-10 18:54:22 - [MESSAGE][PASSED] - Call Test Case 'Test Cases/Final Aug 2018 - PKS Automation/Common/IC Generator' successfully

2018-12-10 18:54:22 - [TEST_STEP][PASSED] - delay: Delayed 1 second(s)

2018-12-10 18:54:23 - [MESSAGE][PASSED] - Delayed 1 second(s)

2018-12-10 18:54:23 - [TEST_STEP][PASSED] - setText: Text '957219748983' is set on object 'Object Repository/Final Object Repo/Page_Update Add New Employee - ASSIST/NRIC Input'

2018-12-10 18:54:24 - [MESSAGE][PASSED] - Text '957219748983' is set on object 'Object Repository/Final Object Repo/Page_Update Add New Employee - ASSIST/NRIC Input'

2018-12-10 18:54:24 - [TEST_STEP][PASSED] - delay: Delayed 2 second(s)

2018-12-10 18:54:26 - [MESSAGE][PASSED] - Delayed 2 second(s)

2018-12-10 18:54:26 - [TEST_STEP][PASSED] - click: Object: 'Object Repository/Final Object Repo/Page_Update Add New Employee - ASSIST/button for search for IC' is clicked on

2018-12-10 18:54:26 - [MESSAGE][PASSED] - Object: 'Object Repository/Final Object Repo/Page_Update Add New Employee - ASSIST/button for search for IC' is clicked on

2018-12-10 18:54:26 - [TEST_STEP][PASSED] - delay: Object 'Object Repository/Final Object Repo/Page_Update Add New Employee - ASSIST/No Duplicate Employee Cross' is visible

2018-12-10 18:54:27 - [MESSAGE][PASSED] - Delayed 1 second(s)

2018-12-10 18:54:27 - [MESSAGE][WARNING] - Object 'Object Repository/Final Object Repo/Page_Update Add New Employee - ASSIST/No Duplicate Employee Cross' is visible
[[ATTACHMENT|C:\\Users\\Admin\\Desktop\\PKS\\Perkeso Phase A\\Reports\\Critical Path\\20181210_165434\\1544439267545.png]]

2018-12-10 18:54:27 - [TEST_STEP][PASSED] - delay: Delayed 2 second(s)

2018-12-10 18:54:29 - [MESSAGE][PASSED] - Delayed 2 second(s)

2018-12-10 18:54:29 - [TEST_STEP][PASSED] - setText: Text 'Automate002 not eligible 2' is set on object 'Object Repository/Final Object Repo/Page_Update Add New Employee - ASSIST/Employee Name Input'

2018-12-10 18:54:30 - [MESSAGE][PASSED] - Text 'Automate002 not eligible 2' is set on object 'Object Repository/Final Object Repo/Page_Update Add New Employee - ASSIST/Employee Name Input'

2018-12-10 18:54:30 - [TEST_STEP][PASSED] - delay: Delayed 2 second(s)

2018-12-10 18:54:32 - [MESSAGE][PASSED] - Delayed 2 second(s)

2018-12-10 18:54:32 - [TEST_STEP][PASSED] - click: Object: 'Object Repository/Final Object Repo/Page_Update Add New Employee - ASSIST/DatePicker Pop Up' is clicked on

2018-12-10 18:54:32 - [MESSAGE][PASSED] - Object: 'Object Repository/Final Object Repo/Page_Update Add New Employee - ASSIST/DatePicker Pop Up' is clicked on

2018-12-10 18:54:32 - [TEST_STEP][PASSED] - delay: Delayed 2 second(s)

2018-12-10 18:54:34 - [MESSAGE][PASSED] - Delayed 2 second(s)

2018-12-10 18:54:34 - [TEST_STEP][PASSED] - click: Object: 'Object Repository/Final Object Repo/Page_Update Add New Employee - ASSIST/DOB Month' is clicked on

2018-12-10 18:54:34 - [MESSAGE][PASSED] - Object: 'Object Repository/Final Object Repo/Page_Update Add New Employee - ASSIST/DOB Month' is clicked on

2018-12-10 18:54:34 - [TEST_STEP][PASSED] - Statement - selectMonth = com.kms.katalon.core.webui.keyword.WebUiBuiltInKeywords.modifyObjectProperty(selectMonth, "xpath", "equals", "//body/div/div/div/select/option[@value="" + CurrentMonth + ""]", true): Modify property of object successfully

2018-12-10 18:54:34 - [MESSAGE][PASSED] - Modify property of object successfully

2018-12-10 18:54:34 - [TEST_STEP][PASSED] - click: Object: '' is clicked on

2018-12-10 18:54:34 - [MESSAGE][PASSED] - Object: '' is clicked on

2018-12-10 18:54:34 - [TEST_STEP][PASSED] - delay: Delayed 2 second(s)

2018-12-10 18:54:36 - [MESSAGE][PASSED] - Delayed 2 second(s)

2018-12-10 18:54:36 - [TEST_STEP][PASSED] - click: Object: 'Object Repository/Final Object Repo/Page_Update Add New Employee - ASSIST/DOB Year' is clicked on

2018-12-10 18:54:37 - [MESSAGE][PASSED] - Object: 'Object Repository/Final Object Repo/Page_Update Add New Employee - ASSIST/DOB Year' is clicked on

2018-12-10 18:54:37 - [TEST_STEP][PASSED] - Statement - selectYear = com.kms.katalon.core.webui.keyword.WebUiBuiltInKeywords.modifyObjectProperty(selectYear, "xpath", "equals", "//div/div/div/select/option[@value="" + FiftysevenYrsBefore + ""]", true): Modify property of object successfully

2018-12-10 18:54:37 - [MESSAGE][PASSED] - Modify property of object successfully

2018-12-10 18:54:37 - [TEST_STEP][PASSED] - click: Object: '' is clicked on

2018-12-10 18:54:37 - [MESSAGE][PASSED] - Object: '' is clicked on

2018-12-10 18:54:37 - [TEST_STEP][PASSED] - delay: Delayed 2 second(s)

2018-12-10 18:54:39 - [MESSAGE][PASSED] - Delayed 2 second(s)

2018-12-10 18:54:39 - [TEST_STEP][PASSED] - Statement - UpdatedSelectDate = com.kms.katalon.core.webui.keyword.WebUiBuiltInKeywords.modifyObjectProperty(com.kms.katalon.core.testobject.ObjectRepository.findTestObject(Final Object Repo/Page_Update Add New Employee - ASSIST/DOB Date), "xpath", "equals", "//body/div/table/tbody/tr/td/a[text()="" + CurrentDate + ""]", true): Modify property of object successfully

2018-12-10 18:54:39 - [MESSAGE][PASSED] - Modify property of object successfully

2018-12-10 18:54:39 - [TEST_STEP][PASSED] - click: Object: 'Object Repository/Final Object Repo/Page_Update Add New Employee - ASSIST/DOB Date' is clicked on

2018-12-10 18:54:39 - [MESSAGE][PASSED] - Object: 'Object Repository/Final Object Repo/Page_Update Add New Employee - ASSIST/DOB Date' is clicked on

2018-12-10 18:54:39 - [TEST_STEP][PASSED] - click: Object: 'Object Repository/Final Object Repo/Page_Update Add New Employee - ASSIST/EmploymentStartDate Pop Up' is clicked on

2018-12-10 18:54:39 - [MESSAGE][PASSED] - Object: 'Object Repository/Final Object Repo/Page_Update Add New Employee - ASSIST/EmploymentStartDate Pop Up' is clicked on

2018-12-10 18:54:39 - [TEST_STEP][PASSED] - delay: Delayed 2 second(s)

2018-12-10 18:54:41 - [MESSAGE][PASSED] - Delayed 2 second(s)

2018-12-10 18:54:41 - [TEST_STEP][PASSED] - click: Object: 'Object Repository/Final Object Repo/Page_Update Add New Employee - ASSIST/Socso Employment StartDate Month' is clicked on

2018-12-10 18:54:41 - [MESSAGE][PASSED] - Object: 'Object Repository/Final Object Repo/Page_Update Add New Employee - ASSIST/Socso Employment StartDate Month' is clicked on

2018-12-10 18:54:41 - [TEST_STEP][PASSED] - delay: Delayed 1 second(s)

2018-12-10 18:54:42 - [MESSAGE][PASSED] - Delayed 1 second(s)

2018-12-10 18:54:42 - [TEST_STEP][PASSED] - click: Object: 'Object Repository/Final Object Repo/Page_Update Add New Employee - ASSIST/Select Socso Employement Startdate Month' is clicked on

2018-12-10 18:54:42 - [MESSAGE][PASSED] - Object: 'Object Repository/Final Object Repo/Page_Update Add New Employee - ASSIST/Select Socso Employement Startdate Month' is clicked on

2018-12-10 18:54:42 - [TEST_STEP][PASSED] - delay: Delayed 2 second(s)

2018-12-10 18:54:44 - [MESSAGE][PASSED] - Delayed 2 second(s)

2018-12-10 18:54:44 - [TEST_STEP][PASSED] - click: Object: 'Object Repository/Final Object Repo/Page_Update Add New Employee - ASSIST/Socso Employment StartDate Year' is clicked on

2018-12-10 18:54:45 - [MESSAGE][PASSED] - Object: 'Object Repository/Final Object Repo/Page_Update Add New Employee - ASSIST/Socso Employment StartDate Year' is clicked on

2018-12-10 18:54:45 - [TEST_STEP][PASSED] - delay: Delayed 1 second(s)

2018-12-10 18:54:46 - [MESSAGE][PASSED] - Delayed 1 second(s)

2018-12-10 18:54:46 - [TEST_STEP][PASSED] - click: Object: 'Object Repository/Final Object Repo/Page_Update Add New Employee - ASSIST/Select Socso Employment Startdate Year' is clicked on

2018-12-10 18:54:46 - [MESSAGE][PASSED] - Object: 'Object Repository/Final Object Repo/Page_Update Add New Employee - ASSIST/Select Socso Employment Startdate Year' is clicked on

2018-12-10 18:54:46 - [TEST_STEP][PASSED] - delay: Delayed 2 second(s)

2018-12-10 18:54:48 - [MESSAGE][PASSED] - Delayed 2 second(s)

2018-12-10 18:54:48 - [TEST_STEP][PASSED] - click: Object: 'Object Repository/Final Object Repo/Page_Update Add New Employee - ASSIST/Socso Employment Start Date Day' is clicked on

2018-12-10 18:54:48 - [MESSAGE][PASSED] - Object: 'Object Repository/Final Object Repo/Page_Update Add New Employee - ASSIST/Socso Employment Start Date Day' is clicked on

2018-12-10 18:54:48 - [TEST_STEP][PASSED] - delay: Delayed 2 second(s)

2018-12-10 18:54:50 - [MESSAGE][PASSED] - Delayed 2 second(s)

2018-12-10 18:54:50 - [TEST_STEP][PASSED] - click: Object: 'Object Repository/Final Object Repo/Page_Update Add New Employee - ASSIST/Save Button for Add Employee' is clicked on

2018-12-10 18:54:50 - [MESSAGE][PASSED] - Object: 'Object Repository/Final Object Repo/Page_Update Add New Employee - ASSIST/Save Button for Add Employee' is clicked on

2018-12-10 18:54:50 - [MESSAGE][PASSED] - Call Test Case 'Test Cases/Final Aug 2018 - PKS Automation/Registration Module/Workflow/Update Add New Employee/Template/Employee Adding/Employee Adding Action No Repeat IC' successfully

2018-12-10 18:54:50 - [TEST_STEP][PASSED] - delay: Delayed 4 second(s)

2018-12-10 18:54:54 - [MESSAGE][PASSED] - Delayed 4 second(s)

2018-12-10 18:54:54 - [TEST_STEP][PASSED] - Statement - CaseReferenceNo = com.kms.katalon.core.webui.keyword.WebUiBuiltInKeywords.getText(com.kms.katalon.core.testobject.ObjectRepository.findTestObject(Final Object Repo/Page_Update Add New Employee - ASSIST/RefNo)): Text of object 'Object Repository/Final Object Repo/Page_Update Add New Employee - ASSIST/RefNo' is: 'CAN12201800002297'

2018-12-10 18:54:54 - [MESSAGE][PASSED] - Text of object 'Object Repository/Final Object Repo/Page_Update Add New Employee - ASSIST/RefNo' is: 'CAN12201800002297'

2018-12-10 18:54:54 - [TEST_STEP][PASSED] - callTestCase: Call Test Case 'Test Cases/Final Aug 2018 - PKS Automation/Common/Reference Number Setter' successfully

2018-12-10 18:54:54 - [TEST_CASE][PASSED] - Test Cases/Final Aug 2018 - PKS Automation/Common/Reference Number Setter: Test Cases/Final Aug 2018 - PKS Automation/Common/Reference Number Setter

2018-12-10 18:54:54 - [TEST_STEP][PASSED] - Statement - RefNoOldFile = new java.io.File(C://Users//Admin//Desktop//PKS//Automation Reference Point//KatalonReference.txt): null

2018-12-10 18:54:54 - [TEST_STEP][PASSED] - Statement - RefNoOldFile.delete(): null

2018-12-10 18:54:54 - [TEST_STEP][PASSED] - delay: Delayed 5 second(s)

2018-12-10 18:54:59 - [MESSAGE][PASSED] - Delayed 5 second(s)

2018-12-10 18:54:59 - [TEST_STEP][PASSED] - Statement - RefNo = new java.io.File(C://Users//Admin//Desktop//PKS//Automation Reference Point//KatalonReference.txt): null

2018-12-10 18:54:59 - [TEST_STEP][PASSED] - Statement - f2 = new java.io.FileWriter(RefNo, false): null

2018-12-10 18:54:59 - [TEST_STEP][PASSED] - Statement - f2.write(CaseReferenceNo): null

2018-12-10 18:54:59 - [TEST_STEP][PASSED] - Statement - f2.close(): null

2018-12-10 18:54:59 - [TEST_STEP][PASSED] - Statement - out.println("


" + CaseReferenceNo + "


"): null

2018-12-10 18:54:59 - [MESSAGE][PASSED] - Call Test Case 'Test Cases/Final Aug 2018 - PKS Automation/Common/Reference Number Setter' successfully

2018-12-10 18:54:59 - [TEST_STEP][PASSED] - delay: Delayed 5 second(s)

2018-12-10 18:55:04 - [MESSAGE][PASSED] - Delayed 5 second(s)

2018-12-10 18:55:04 - [TEST_STEP][PASSED] - click: Object: 'Object Repository/Final Object Repo/Page_Update Add New Employee - ASSIST/Save  Continue Button' is clicked on

2018-12-10 18:55:04 - [MESSAGE][PASSED] - Object: 'Object Repository/Final Object Repo/Page_Update Add New Employee - ASSIST/Save  Continue Button' is clicked on

2018-12-10 18:55:04 - [TEST_STEP][PASSED] - delay: Delayed 4 second(s)

2018-12-10 18:55:08 - [MESSAGE][PASSED] - Delayed 4 second(s)

2018-12-10 18:55:08 - [TEST_STEP][PASSED] - click: Object: 'Object Repository/Final Object Repo/Page_Update Add New Employee - ASSIST/Save  Continue Third Screen' is clicked on

2018-12-10 18:55:11 - [MESSAGE][PASSED] - Object: 'Object Repository/Final Object Repo/Page_Update Add New Employee - ASSIST/Save  Continue Third Screen' is clicked on

2018-12-10 18:55:11 - [TEST_STEP][PASSED] - delay: Delayed 10 second(s)

2018-12-10 18:55:21 - [MESSAGE][PASSED] - Delayed 10 second(s)

2018-12-10 18:55:21 - [TEST_STEP][PASSED] - click: Object: 'Object Repository/Final Object Repo/Page_Update Add New Employee - ASSIST/Save   Continue Supporting Doc Page' is clicked on

2018-12-10 18:55:22 - [MESSAGE][PASSED] - Object: 'Object Repository/Final Object Repo/Page_Update Add New Employee - ASSIST/Save   Continue Supporting Doc Page' is clicked on

2018-12-10 18:55:22 - [TEST_STEP][PASSED] - delay: Delayed 4 second(s)

2018-12-10 18:55:26 - [MESSAGE][PASSED] - Delayed 4 second(s)

2018-12-10 18:55:26 - [TEST_STEP][PASSED] - click: Object: 'Object Repository/Final Object Repo/Page_Update Add New Employee - ASSIST/Submit Button' is clicked on

2018-12-10 18:55:26 - [MESSAGE][PASSED] - Object: 'Object Repository/Final Object Repo/Page_Update Add New Employee - ASSIST/Submit Button' is clicked on

2018-12-10 18:55:26 - [TEST_STEP][PASSED] - delay: Delayed 4 second(s)

2018-12-10 18:55:30 - [MESSAGE][PASSED] - Delayed 4 second(s)

2018-12-10 18:55:30 - [TEST_STEP][PASSED] - click: Object: 'Object Repository/Final Object Repo/Page_Update Add New Employee - ASSIST/Confirm Submit Button' is clicked on

2018-12-10 18:55:30 - [MESSAGE][PASSED] - Object: 'Object Repository/Final Object Repo/Page_Update Add New Employee - ASSIST/Confirm Submit Button' is clicked on

2018-12-10 18:55:30 - [TEST_STEP][PASSED] - delay: Delayed 30 second(s)

2018-12-10 18:56:00 - [MESSAGE][PASSED] - Delayed 30 second(s)

2018-12-10 18:56:00 - [TEST_STEP][PASSED] - callTestCase: Call Test Case 'Test Cases/Final Aug 2018 - PKS Automation/Common/Screenshoting tool' successfully

2018-12-10 18:56:00 - [TEST_CASE][PASSED] - Test Cases/Final Aug 2018 - PKS Automation/Common/Screenshoting tool: Test Cases/Final Aug 2018 - PKS Automation/Common/Screenshoting tool

2018-12-10 18:56:01 - [TEST_STEP][PASSED] - delay: Delayed 15 second(s)

2018-12-10 18:56:16 - [MESSAGE][PASSED] - Delayed 15 second(s)

2018-12-10 18:56:16 - [TEST_STEP][PASSED] - Statement - driver = com.kms.katalon.core.webui.driver.DriverFactory.getWebDriver(): null

2018-12-10 18:56:16 - [TEST_STEP][PASSED] - Statement - driver.manage().timeouts().implicitlyWait(10, SECONDS): null

2018-12-10 18:56:16 - [TEST_STEP][PASSED] - Statement - PresavePath = KatalonScreenshots: null

2018-12-10 18:56:16 - [TEST_STEP][PASSED] - Statement - pathPrefix = "C:\Users\Public\Pictures\Sample Pictures\Katalon Screenshots\Automate Ending Screen": null

2018-12-10 18:56:16 - [TEST_STEP][PASSED] - Statement - finalPath = <not implemented yet for class: org.codehaus.groovy.ast.expr.EmptyExpression>: null

2018-12-10 18:56:16 - [TEST_STEP][PASSED] - Statement - scrFile = driver.getScreenshotAs(FILE): null

2018-12-10 18:56:16 - [TEST_STEP][PASSED] - Statement - PreSaveFile = new java.io.File(PresavePath): null

2018-12-10 18:56:16 - [TEST_STEP][PASSED] - Statement - counter = 0: null

2018-12-10 18:56:16 - [TEST_STEP][PASSED] - Statement - If (PreSaveFile.exists()): null

2018-12-10 18:56:16 - [TEST_STEP][PASSED] - Statement - While (PreSaveFile.exists()): null

2018-12-10 18:56:16 - [TEST_STEP][PASSED] - Statement - counter = counter + 1: null

2018-12-10 18:56:16 - [TEST_STEP][PASSED] - Statement - PreSaveFile = new java.io.File(((pathPrefix + java.lang.Integer.toString(counter)) + .png)): null

2018-12-10 18:56:16 - [TEST_STEP][PASSED] - Statement - counter = counter + 1: null

2018-12-10 18:56:16 - [TEST_STEP][PASSED] - Statement - PreSaveFile = new java.io.File(((pathPrefix + java.lang.Integer.toString(counter)) + .png)): null

2018-12-10 18:56:16 - [TEST_STEP][PASSED] - Statement - counter = counter + 1: null

2018-12-10 18:56:16 - [TEST_STEP][PASSED] - Statement - PreSaveFile = new java.io.File(((pathPrefix + java.lang.Integer.toString(counter)) + .png)): null

2018-12-10 18:56:16 - [TEST_STEP][PASSED] - Statement - counter = counter + 1: null

2018-12-10 18:56:16 - [TEST_STEP][PASSED] - Statement - PreSaveFile = new java.io.File(((pathPrefix + java.lang.Integer.toString(counter)) + .png)): null

2018-12-10 18:56:16 - [TEST_STEP][PASSED] - Statement - counter = counter + 1: null

2018-12-10 18:56:16 - [TEST_STEP][PASSED] - Statement - PreSaveFile = new java.io.File(((pathPrefix + java.lang.Integer.toString(counter)) + .png)): null

2018-12-10 18:56:16 - [TEST_STEP][PASSED] - Statement - counter = counter + 1: null

2018-12-10 18:56:16 - [TEST_STEP][PASSED] - Statement - PreSaveFile = new java.io.File(((pathPrefix + java.lang.Integer.toString(counter)) + .png)): null

2018-12-10 18:56:16 - [TEST_STEP][PASSED] - Statement - counter = counter + 1: null

2018-12-10 18:56:16 - [TEST_STEP][PASSED] - Statement - PreSaveFile = new java.io.File(((pathPrefix + java.lang.Integer.toString(counter)) + .png)): null

2018-12-10 18:56:16 - [TEST_STEP][PASSED] - Statement - counter = counter + 1: null

2018-12-10 18:56:16 - [TEST_STEP][PASSED] - Statement - PreSaveFile = new java.io.File(((pathPrefix + java.lang.Integer.toString(counter)) + .png)): null

2018-12-10 18:56:16 - [TEST_STEP][PASSED] - Statement - counter = counter + 1: null

2018-12-10 18:56:16 - [TEST_STEP][PASSED] - Statement - PreSaveFile = new java.io.File(((pathPrefix + java.lang.Integer.toString(counter)) + .png)): null

2018-12-10 18:56:16 - [TEST_STEP][PASSED] - Statement - counter = counter + 1: null

2018-12-10 18:56:16 - [TEST_STEP][PASSED] - Statement - PreSaveFile = new java.io.File(((pathPrefix + java.lang.Integer.toString(counter)) + .png)): null

2018-12-10 18:56:16 - [TEST_STEP][PASSED] - Statement - counter = counter + 1: null

2018-12-10 18:56:16 - [TEST_STEP][PASSED] - Statement - PreSaveFile = new java.io.File(((pathPrefix + java.lang.Integer.toString(counter)) + .png)): null

2018-12-10 18:56:16 - [TEST_STEP][PASSED] - Statement - counter = counter + 1: null

2018-12-10 18:56:16 - [TEST_STEP][PASSED] - Statement - PreSaveFile = new java.io.File(((pathPrefix + java.lang.Integer.toString(counter)) + .png)): null

2018-12-10 18:56:16 - [TEST_STEP][PASSED] - Statement - counter = counter + 1: null

2018-12-10 18:56:16 - [TEST_STEP][PASSED] - Statement - PreSaveFile = new java.io.File(((pathPrefix + java.lang.Integer.toString(counter)) + .png)): null

2018-12-10 18:56:16 - [TEST_STEP][PASSED] - Statement - counter = counter + 1: null

2018-12-10 18:56:16 - [TEST_STEP][PASSED] - Statement - PreSaveFile = new java.io.File(((pathPrefix + java.lang.Integer.toString(counter)) + .png)): null

2018-12-10 18:56:16 - [TEST_STEP][PASSED] - Statement - counter = counter + 1: null

2018-12-10 18:56:16 - [TEST_STEP][PASSED] - Statement - PreSaveFile = new java.io.File(((pathPrefix + java.lang.Integer.toString(counter)) + .png)): null

2018-12-10 18:56:16 - [TEST_STEP][PASSED] - Statement - counter = counter + 1: null

2018-12-10 18:56:16 - [TEST_STEP][PASSED] - Statement - PreSaveFile = new java.io.File(((pathPrefix + java.lang.Integer.toString(counter)) + .png)): null

2018-12-10 18:56:16 - [TEST_STEP][PASSED] - Statement - counter = counter + 1: null

2018-12-10 18:56:16 - [TEST_STEP][PASSED] - Statement - PreSaveFile = new java.io.File(((pathPrefix + java.lang.Integer.toString(counter)) + .png)): null

2018-12-10 18:56:16 - [TEST_STEP][PASSED] - Statement - counter = counter + 1: null

2018-12-10 18:56:16 - [TEST_STEP][PASSED] - Statement - PreSaveFile = new java.io.File(((pathPrefix + java.lang.Integer.toString(counter)) + .png)): null

2018-12-10 18:56:16 - [TEST_STEP][PASSED] - Statement - counter = counter + 1: null

2018-12-10 18:56:16 - [TEST_STEP][PASSED] - Statement - PreSaveFile = new java.io.File(((pathPrefix + java.lang.Integer.toString(counter)) + .png)): null

2018-12-10 18:56:16 - [TEST_STEP][PASSED] - Statement - finalPath = pathPrefix + java.lang.Integer.toString(counter) + ".png": null

2018-12-10 18:56:16 - [TEST_STEP][PASSED] - Statement - SaveFile = new java.io.File(finalPath): null

2018-12-10 18:56:16 - [TEST_STEP][PASSED] - Statement - Try: null

2018-12-10 18:56:16 - [TEST_STEP][PASSED] - Statement - org.apache.commons.io.FileUtils.copyFile(scrFile, SaveFile): null

2018-12-10 18:56:16 - [TEST_STEP][PASSED] - Statement - out.println("file kept"): null

2018-12-10 18:56:16 - [TEST_STEP][PASSED] - delay: Delayed 10 second(s)

2018-12-10 18:56:26 - [MESSAGE][PASSED] - Delayed 10 second(s)

2018-12-10 18:56:26 - [MESSAGE][PASSED] - Call Test Case 'Test Cases/Final Aug 2018 - PKS Automation/Common/Screenshoting tool' successfully

2018-12-10 18:56:26 - [TEST_STEP][PASSED] - callTestCase: Call Test Case 'Test Cases/Final Aug 2018 - PKS Automation/Registration Module/Log Out/log out avoiding katalon tagging' successfully

2018-12-10 18:56:26 - [TEST_CASE][PASSED] - Test Cases/Final Aug 2018 - PKS Automation/Registration Module/Log Out/log out avoiding katalon tagging: Test Cases/Final Aug 2018 - PKS Automation/Registration Module/Log Out/log out avoiding katalon tagging

2018-12-10 18:56:26 - [TEST_STEP][PASSED] - navigateToUrl: Navigate to 'https://assist2-uat.perkeso.gov.my/c/portal/logout' successfully

2018-12-10 18:56:27 - [MESSAGE][PASSED] - Navigate to 'https://assist2-uat.perkeso.gov.my/c/portal/logout' successfully

2018-12-10 18:56:27 - [MESSAGE][PASSED] - Call Test Case 'Test Cases/Final Aug 2018 - PKS Automation/Registration Module/Log Out/log out avoiding katalon tagging' successfully]]></system-out>
         <system-err><![CDATA[]]></system-err>
      </testcase>
      <testcase name="Test Cases/Final Aug 2018 - PKS Automation/Registration Module/Critical Path/Update Add New Employee/Update Add New Employee Without Eligible Employee" classname="Test Cases/Final Aug 2018 - PKS Automation/Registration Module/Critical Path/Update Add New Employee/Update Add New Employee Without Eligible Employee" status="PASSED">
         <system-out><![CDATA[2018-12-10 18:56:27 - [TEST_CASE][PASSED] - Test Cases/Final Aug 2018 - PKS Automation/Registration Module/Critical Path/Update Add New Employee/Update Add New Employee Without Eligible Employee: Test Cases/Final Aug 2018 - PKS Automation/Registration Module/Critical Path/Update Add New Employee/Update Add New Employee Without Eligible Employee

2018-12-10 18:56:27 - [TEST_STEP][PASSED] - openBrowser: Browser is opened with url: ''

2018-12-10 18:56:27 - [MESSAGE][WARNING] - A browser is already opened. Closing browser and opening a new one

2018-12-10 18:56:30 - [MESSAGE][PASSED] - Browser is opened with url: ''

2018-12-10 18:56:30 - [TEST_STEP][PASSED] - navigateToUrl: Navigate to 'https://assist2-uat.perkeso.gov.my/login' successfully

2018-12-10 18:56:31 - [MESSAGE][PASSED] - Navigate to 'https://assist2-uat.perkeso.gov.my/login' successfully

2018-12-10 18:56:31 - [TEST_STEP][PASSED] - delay: Delayed 2 second(s)

2018-12-10 18:56:33 - [MESSAGE][PASSED] - Delayed 2 second(s)

2018-12-10 18:56:33 - [TEST_STEP][PASSED] - callTestCase: Call Test Case 'Test Cases/Final Aug 2018 - PKS Automation/Registration Module/New Registration/Form 2/Date Updater' successfully

2018-12-10 18:56:33 - [TEST_CASE][PASSED] - Test Cases/Final Aug 2018 - PKS Automation/Registration Module/New Registration/Form 2/Date Updater: Test Cases/Final Aug 2018 - PKS Automation/Registration Module/New Registration/Form 2/Date Updater

2018-12-10 18:56:33 - [TEST_STEP][PASSED] - Statement - TodayDate = new java.util.Date(): null

2018-12-10 18:56:33 - [TEST_STEP][PASSED] - Statement - CurrentDateNoFilter = new java.text.SimpleDateFormat(): null

2018-12-10 18:56:33 - [TEST_STEP][PASSED] - Statement - CurrentDateNoFilter.applyPattern("MM"): null

2018-12-10 18:56:33 - [TEST_STEP][PASSED] - Statement - monthContainerMatcher = java.lang.Integer.parseInt(CurrentDateNoFilter.format(TodayDate)): null

2018-12-10 18:56:33 - [TEST_STEP][PASSED] - Statement - monthContainerMatcher = monthContainerMatcher - 1: null

2018-12-10 18:56:33 - [TEST_STEP][PASSED] - Statement - CurrentMonth = monthContainerMatcher.toString(): null

2018-12-10 18:56:33 - [TEST_STEP][PASSED] - Statement - CurrentMonth = CurrentMonth: null

2018-12-10 18:56:33 - [TEST_STEP][PASSED] - Statement - CurrentDateNoFilter.applyPattern("yyyy"): null

2018-12-10 18:56:33 - [TEST_STEP][PASSED] - Statement - CurrentYear = CurrentDateNoFilter.format(TodayDate): null

2018-12-10 18:56:33 - [TEST_STEP][PASSED] - Statement - CurrentYear = CurrentYear: null

2018-12-10 18:56:33 - [TEST_STEP][PASSED] - Statement - intCurrentYear = java.lang.Integer.parseInt(CurrentDateNoFilter.format(TodayDate)): null

2018-12-10 18:56:33 - [TEST_STEP][PASSED] - Statement - eighteenYrsAgo = intCurrentYear - 18: null

2018-12-10 18:56:33 - [TEST_STEP][PASSED] - Statement - eighteenYrsBeforeThisYr = eighteenYrsAgo.toString(): null

2018-12-10 18:56:33 - [TEST_STEP][PASSED] - Statement - EighteenYrsBefore = eighteenYrsBeforeThisYr: null

2018-12-10 18:56:33 - [TEST_STEP][PASSED] - Statement - fiftysevenYrsAgo = intCurrentYear - 57: null

2018-12-10 18:56:33 - [TEST_STEP][PASSED] - Statement - fiftysevenYrsBeforeThisYr = fiftysevenYrsAgo.toString(): null

2018-12-10 18:56:33 - [TEST_STEP][PASSED] - Statement - FiftysevenYrsBefore = fiftysevenYrsBeforeThisYr: null

2018-12-10 18:56:33 - [TEST_STEP][PASSED] - Statement - leapYear = false: null

2018-12-10 18:56:33 - [TEST_STEP][PASSED] - Statement - leapYear = intCurrentYear % 4 == 0: null

2018-12-10 18:56:33 - [TEST_STEP][PASSED] - Statement - CurrentDateNoFilter.applyPattern("dd"): null

2018-12-10 18:56:33 - [TEST_STEP][PASSED] - Statement - CurrentDate = CurrentDateNoFilter.format(TodayDate): null

2018-12-10 18:56:33 - [TEST_STEP][PASSED] - Statement - CurrentDate = java.lang.Integer.parseInt(CurrentDate): null

2018-12-10 18:56:33 - [TEST_STEP][PASSED] - Statement - CurrentDate = CurrentDate: null

2018-12-10 18:56:33 - [TEST_STEP][PASSED] - Statement - CurrentDay = java.lang.Integer.parseInt(CurrentDate): null

2018-12-10 18:56:33 - [TEST_STEP][PASSED] - Statement - ConfAdder = <not implemented yet for class: org.codehaus.groovy.ast.expr.EmptyExpression>: null

2018-12-10 18:56:33 - [TEST_STEP][PASSED] - Statement - out.println(CurrentMonth): null

2018-12-10 18:56:33 - [TEST_STEP][PASSED] - Statement - out.println(CurrentDate): null

2018-12-10 18:56:33 - [TEST_STEP][PASSED] - Statement - switch (CurrentDate): null

2018-12-10 18:56:33 - [TEST_STEP][PASSED] - Statement - Default: null

2018-12-10 18:56:33 - [TEST_STEP][PASSED] - Statement - ConfAdder = true: null

2018-12-10 18:56:33 - [TEST_STEP][PASSED] - Statement - Break: null

2018-12-10 18:56:33 - [TEST_STEP][PASSED] - Statement - aDayBefore = <not implemented yet for class: org.codehaus.groovy.ast.expr.EmptyExpression>: null

2018-12-10 18:56:33 - [TEST_STEP][PASSED] - Statement - out.println(ConfAdder): null

2018-12-10 18:56:33 - [TEST_STEP][PASSED] - Statement - If (ConfAdder == true): null

2018-12-10 18:56:33 - [TEST_STEP][PASSED] - Statement - aDayBefore = CurrentDay + 1: null

2018-12-10 18:56:33 - [TEST_STEP][PASSED] - Statement - out.println(aDayBefore): null

2018-12-10 18:56:33 - [TEST_STEP][PASSED] - Statement - If (aDayBefore == 1 && CurrentMonth == 11): null

2018-12-10 18:56:33 - [TEST_STEP][PASSED] - Statement - DayBefore = aDayBefore.toString(): null

2018-12-10 18:56:33 - [TEST_STEP][PASSED] - Statement - OneDayBefore = DayBefore: null

2018-12-10 18:56:33 - [MESSAGE][PASSED] - Call Test Case 'Test Cases/Final Aug 2018 - PKS Automation/Registration Module/New Registration/Form 2/Date Updater' successfully

2018-12-10 18:56:33 - [TEST_STEP][PASSED] - delay: Delayed 2 second(s)

2018-12-10 18:56:35 - [MESSAGE][PASSED] - Delayed 2 second(s)

2018-12-10 18:56:35 - [TEST_STEP][PASSED] - setText: Text 'klotc2@gmail.com' is set on object 'Object Repository/Final Object Repo/Page_Update Add New Employee - ASSIST/Email TextBox'

2018-12-10 18:56:36 - [MESSAGE][PASSED] - Text 'klotc2@gmail.com' is set on object 'Object Repository/Final Object Repo/Page_Update Add New Employee - ASSIST/Email TextBox'

2018-12-10 18:56:36 - [TEST_STEP][PASSED] - click: Object: 'Object Repository/Final Object Repo/Page_Update Add New Employee - ASSIST/Next Button' is clicked on

2018-12-10 18:56:36 - [MESSAGE][PASSED] - Object: 'Object Repository/Final Object Repo/Page_Update Add New Employee - ASSIST/Next Button' is clicked on

2018-12-10 18:56:36 - [TEST_STEP][PASSED] - delay: Delayed 2 second(s)

2018-12-10 18:56:38 - [MESSAGE][PASSED] - Delayed 2 second(s)

2018-12-10 18:56:38 - [TEST_STEP][PASSED] - setText: Text 'Test1@3456789' is set on object 'Object Repository/Final Object Repo/Page_Update Add New Employee - ASSIST/Password TextBox'

2018-12-10 18:56:38 - [MESSAGE][PASSED] - Text 'Test1@3456789' is set on object 'Object Repository/Final Object Repo/Page_Update Add New Employee - ASSIST/Password TextBox'

2018-12-10 18:56:38 - [TEST_STEP][PASSED] - delay: Delayed 2 second(s)

2018-12-10 18:56:40 - [MESSAGE][PASSED] - Delayed 2 second(s)

2018-12-10 18:56:40 - [TEST_STEP][PASSED] - click: Object: 'Object Repository/Final Object Repo/Page_Update Add New Employee - ASSIST/Login Button' is clicked on

2018-12-10 18:56:40 - [MESSAGE][PASSED] - Object: 'Object Repository/Final Object Repo/Page_Update Add New Employee - ASSIST/Login Button' is clicked on

2018-12-10 18:56:40 - [TEST_STEP][PASSED] - Statement - Try: null

2018-12-10 18:56:40 - [TEST_STEP][PASSED] - Statement - Checker = com.kms.katalon.core.webui.keyword.WebUiBuiltInKeywords.verifyElementNotPresent("Final Object Repo/Landing Page/Select to English", 3): null

2018-12-10 18:56:40 - [TEST_STEP][PASSED] - Statement - Catch (Exception e): null

2018-12-10 18:56:40 - [TEST_STEP][PASSED] - Statement - e.printStackTrace(): null

2018-12-10 18:56:40 - [TEST_STEP][PASSED] - delay: Delayed 4 second(s)

2018-12-10 18:56:44 - [MESSAGE][PASSED] - Delayed 4 second(s)

2018-12-10 18:56:44 - [TEST_STEP][PASSED] - click: Object: 'Object Repository/Final Object Repo/Page_Update Add New Employee - ASSIST/My Sites Drop Down' is clicked on

2018-12-10 18:56:45 - [MESSAGE][PASSED] - Object: 'Object Repository/Final Object Repo/Page_Update Add New Employee - ASSIST/My Sites Drop Down' is clicked on

2018-12-10 18:56:45 - [TEST_STEP][PASSED] - click: Object: 'Object Repository/Final Object Repo/Page_Update Add New Employee - ASSIST/Select to Registration Module' is clicked on

2018-12-10 18:56:46 - [MESSAGE][PASSED] - Object: 'Object Repository/Final Object Repo/Page_Update Add New Employee - ASSIST/Select to Registration Module' is clicked on

2018-12-10 18:56:46 - [TEST_STEP][PASSED] - navigateToUrl: Navigate to 'https://assist2-uat.perkeso.gov.my/web/registration/myassist' successfully

2018-12-10 18:56:46 - [MESSAGE][PASSED] - Navigate to 'https://assist2-uat.perkeso.gov.my/web/registration/myassist' successfully

2018-12-10 18:56:46 - [TEST_STEP][PASSED] - mouseOver: Object: 'Object Repository/Final Object Repo/Page_Update Add New Employee - ASSIST/Select to Update Akta 4 Tab' is hovered

2018-12-10 18:56:46 - [MESSAGE][PASSED] - Object: 'Object Repository/Final Object Repo/Page_Update Add New Employee - ASSIST/Select to Update Akta 4 Tab' is hovered

2018-12-10 18:56:46 - [TEST_STEP][PASSED] - delay: Delayed 2 second(s)

2018-12-10 18:56:48 - [MESSAGE][PASSED] - Delayed 2 second(s)

2018-12-10 18:56:48 - [TEST_STEP][PASSED] - click: Object: 'Object Repository/Final Object Repo/Page_Update Add New Employee - ASSIST/Select to Update Add New Employee' is clicked on

2018-12-10 18:56:49 - [MESSAGE][PASSED] - Object: 'Object Repository/Final Object Repo/Page_Update Add New Employee - ASSIST/Select to Update Add New Employee' is clicked on

2018-12-10 18:56:49 - [TEST_STEP][PASSED] - delay: Delayed 2 second(s)

2018-12-10 18:56:51 - [MESSAGE][PASSED] - Delayed 2 second(s)

2018-12-10 18:56:51 - [TEST_STEP][PASSED] - setText: Text 'E1102069801V' is set on object 'Object Repository/Final Object Repo/Page_Update Add New Employee - ASSIST/Employer Code input textbox'

2018-12-10 18:56:51 - [MESSAGE][PASSED] - Text 'E1102069801V' is set on object 'Object Repository/Final Object Repo/Page_Update Add New Employee - ASSIST/Employer Code input textbox'

2018-12-10 18:56:51 - [TEST_STEP][PASSED] - delay: Delayed 2 second(s)

2018-12-10 18:56:53 - [MESSAGE][PASSED] - Delayed 2 second(s)

2018-12-10 18:56:53 - [TEST_STEP][PASSED] - click: Object: 'Object Repository/Final Object Repo/Page_Update Add New Employee - ASSIST/Search Button for Employer Code' is clicked on

2018-12-10 18:56:53 - [MESSAGE][PASSED] - Object: 'Object Repository/Final Object Repo/Page_Update Add New Employee - ASSIST/Search Button for Employer Code' is clicked on

2018-12-10 18:56:53 - [TEST_STEP][PASSED] - delay: Delayed 4 second(s)

2018-12-10 18:56:57 - [MESSAGE][PASSED] - Delayed 4 second(s)

2018-12-10 18:56:57 - [TEST_STEP][PASSED] - click: Object: 'Object Repository/Final Object Repo/Page_Update Add New Employee - ASSIST/Click to Edit Case' is clicked on

2018-12-10 18:57:00 - [MESSAGE][PASSED] - Object: 'Object Repository/Final Object Repo/Page_Update Add New Employee - ASSIST/Click to Edit Case' is clicked on

2018-12-10 18:57:00 - [TEST_STEP][PASSED] - callTestCase: Call Test Case 'Test Cases/Final Aug 2018 - PKS Automation/Registration Module/Workflow/Update Add New Employee/Template/Employee Adding/Employee Adding Action No Repeat IC - No Eligible Only' successfully

2018-12-10 18:57:00 - [TEST_CASE][PASSED] - Test Cases/Final Aug 2018 - PKS Automation/Registration Module/Workflow/Update Add New Employee/Template/Employee Adding/Employee Adding Action No Repeat IC - No Eligible Only: Test Cases/Final Aug 2018 - PKS Automation/Registration Module/Workflow/Update Add New Employee/Template/Employee Adding/Employee Adding Action No Repeat IC - No Eligible Only

2018-12-10 18:57:00 - [TEST_STEP][PASSED] - delay: Delayed 4 second(s)

2018-12-10 18:57:04 - [MESSAGE][PASSED] - Delayed 4 second(s)

2018-12-10 18:57:04 - [TEST_STEP][PASSED] - click: Object: 'Object Repository/Final Object Repo/Page_Update Add New Employee - ASSIST/Add Employee Button' is clicked on

2018-12-10 18:57:04 - [MESSAGE][PASSED] - Object: 'Object Repository/Final Object Repo/Page_Update Add New Employee - ASSIST/Add Employee Button' is clicked on

2018-12-10 18:57:04 - [TEST_STEP][PASSED] - Statement - CurrentMonth = CurrentMonth: null

2018-12-10 18:57:04 - [TEST_STEP][PASSED] - Statement - selectMonth = new com.kms.katalon.core.testobject.TestObject(): null

2018-12-10 18:57:04 - [TEST_STEP][PASSED] - Statement - selectYear = new com.kms.katalon.core.testobject.TestObject(): null

2018-12-10 18:57:04 - [TEST_STEP][PASSED] - delay: Delayed 4 second(s)

2018-12-10 18:57:08 - [MESSAGE][PASSED] - Delayed 4 second(s)

2018-12-10 18:57:08 - [TEST_STEP][PASSED] - Statement - While (com.kms.katalon.core.webui.keyword.WebUiBuiltInKeywords.verifyElementNotVisible(com.kms.katalon.core.testobject.ObjectRepository.findTestObject(Final Object Repo/Page_Update Add New Employee - ASSIST/No Duplicate Employee Cross), OPTIONAL)): Object 'Object Repository/Final Object Repo/Page_Update Add New Employee - ASSIST/No Duplicate Employee Cross' is visible

2018-12-10 18:57:09 - [MESSAGE][PASSED] - Object 'Object Repository/Final Object Repo/Page_Update Add New Employee - ASSIST/No Duplicate Employee Cross' is NOT visible

2018-12-10 18:57:09 - [TEST_STEP][PASSED] - callTestCase: Call Test Case 'Test Cases/Final Aug 2018 - PKS Automation/Common/IC Generator' successfully

2018-12-10 18:57:09 - [TEST_CASE][PASSED] - Test Cases/Final Aug 2018 - PKS Automation/Common/IC Generator: Test Cases/Final Aug 2018 - PKS Automation/Common/IC Generator

2018-12-10 18:57:09 - [TEST_STEP][PASSED] - Statement - rnd = new java.util.Random(): null

2018-12-10 18:57:09 - [TEST_STEP][PASSED] - Statement - snum = rnd.nextInt(899999 + 1) + 100000: null

2018-12-10 18:57:09 - [TEST_STEP][PASSED] - Statement - tnum = rnd.nextInt(899999 + 1) + 100000: null

2018-12-10 18:57:09 - [TEST_STEP][PASSED] - Statement - IC = java.lang.Integer.toString(snum) + java.lang.Integer.toString(tnum): null

2018-12-10 18:57:09 - [TEST_STEP][PASSED] - Statement - ICtoAdd = IC: null

2018-12-10 18:57:09 - [TEST_STEP][PASSED] - Statement - out.println(ICtoAdd): null

2018-12-10 18:57:09 - [MESSAGE][PASSED] - Call Test Case 'Test Cases/Final Aug 2018 - PKS Automation/Common/IC Generator' successfully

2018-12-10 18:57:09 - [TEST_STEP][PASSED] - delay: Delayed 1 second(s)

2018-12-10 18:57:10 - [MESSAGE][PASSED] - Delayed 1 second(s)

2018-12-10 18:57:10 - [TEST_STEP][PASSED] - setText: Text '689923840193' is set on object 'Object Repository/Final Object Repo/Page_Update Add New Employee - ASSIST/NRIC Input'

2018-12-10 18:57:10 - [MESSAGE][PASSED] - Text '689923840193' is set on object 'Object Repository/Final Object Repo/Page_Update Add New Employee - ASSIST/NRIC Input'

2018-12-10 18:57:10 - [TEST_STEP][PASSED] - delay: Delayed 2 second(s)

2018-12-10 18:57:12 - [MESSAGE][PASSED] - Delayed 2 second(s)

2018-12-10 18:57:12 - [TEST_STEP][PASSED] - click: Object: 'Object Repository/Final Object Repo/Page_Update Add New Employee - ASSIST/button for search for IC' is clicked on

2018-12-10 18:57:12 - [MESSAGE][PASSED] - Object: 'Object Repository/Final Object Repo/Page_Update Add New Employee - ASSIST/button for search for IC' is clicked on

2018-12-10 18:57:12 - [TEST_STEP][PASSED] - delay: Object 'Object Repository/Final Object Repo/Page_Update Add New Employee - ASSIST/No Duplicate Employee Cross' is visible

2018-12-10 18:57:13 - [MESSAGE][PASSED] - Delayed 1 second(s)

2018-12-10 18:57:14 - [MESSAGE][WARNING] - Object 'Object Repository/Final Object Repo/Page_Update Add New Employee - ASSIST/No Duplicate Employee Cross' is visible
[[ATTACHMENT|C:\\Users\\Admin\\Desktop\\PKS\\Perkeso Phase A\\Reports\\Critical Path\\20181210_165434\\1544439433764.png]]

2018-12-10 18:57:14 - [TEST_STEP][PASSED] - delay: Delayed 2 second(s)

2018-12-10 18:57:16 - [MESSAGE][PASSED] - Delayed 2 second(s)

2018-12-10 18:57:16 - [TEST_STEP][PASSED] - setText: Text 'Automate002 not eligible 1' is set on object 'Object Repository/Final Object Repo/Page_Update Add New Employee - ASSIST/Employee Name Input'

2018-12-10 18:57:16 - [MESSAGE][PASSED] - Text 'Automate002 not eligible 1' is set on object 'Object Repository/Final Object Repo/Page_Update Add New Employee - ASSIST/Employee Name Input'

2018-12-10 18:57:16 - [TEST_STEP][PASSED] - delay: Delayed 2 second(s)

2018-12-10 18:57:18 - [MESSAGE][PASSED] - Delayed 2 second(s)

2018-12-10 18:57:18 - [TEST_STEP][PASSED] - click: Object: 'Object Repository/Final Object Repo/Page_Update Add New Employee - ASSIST/DatePicker Pop Up' is clicked on

2018-12-10 18:57:18 - [MESSAGE][PASSED] - Object: 'Object Repository/Final Object Repo/Page_Update Add New Employee - ASSIST/DatePicker Pop Up' is clicked on

2018-12-10 18:57:18 - [TEST_STEP][PASSED] - delay: Delayed 2 second(s)

2018-12-10 18:57:20 - [MESSAGE][PASSED] - Delayed 2 second(s)

2018-12-10 18:57:20 - [TEST_STEP][PASSED] - click: Object: 'Object Repository/Final Object Repo/Page_Update Add New Employee - ASSIST/DOB Month' is clicked on

2018-12-10 18:57:21 - [MESSAGE][PASSED] - Object: 'Object Repository/Final Object Repo/Page_Update Add New Employee - ASSIST/DOB Month' is clicked on

2018-12-10 18:57:21 - [TEST_STEP][PASSED] - Statement - selectMonth = com.kms.katalon.core.webui.keyword.WebUiBuiltInKeywords.modifyObjectProperty(selectMonth, "xpath", "equals", "//body/div/div/div/select/option[@value="" + CurrentMonth + ""]", true): Modify property of object successfully

2018-12-10 18:57:21 - [MESSAGE][PASSED] - Modify property of object successfully

2018-12-10 18:57:21 - [TEST_STEP][PASSED] - click: Object: '' is clicked on

2018-12-10 18:57:21 - [MESSAGE][PASSED] - Object: '' is clicked on

2018-12-10 18:57:21 - [TEST_STEP][PASSED] - click: Object: 'Object Repository/Final Object Repo/Page_Update Add New Employee - ASSIST/DOB Year' is clicked on

2018-12-10 18:57:21 - [MESSAGE][PASSED] - Object: 'Object Repository/Final Object Repo/Page_Update Add New Employee - ASSIST/DOB Year' is clicked on

2018-12-10 18:57:21 - [TEST_STEP][PASSED] - Statement - selectYear = com.kms.katalon.core.webui.keyword.WebUiBuiltInKeywords.modifyObjectProperty(selectYear, "xpath", "equals", "//div/div/div/select/option[@value="" + EighteenYrsBefore + ""]", true): Modify property of object successfully

2018-12-10 18:57:21 - [MESSAGE][PASSED] - Modify property of object successfully

2018-12-10 18:57:21 - [TEST_STEP][PASSED] - click: Object: '' is clicked on

2018-12-10 18:57:21 - [MESSAGE][PASSED] - Object: '' is clicked on

2018-12-10 18:57:21 - [TEST_STEP][PASSED] - Statement - UpdatedSelectDate = com.kms.katalon.core.webui.keyword.WebUiBuiltInKeywords.modifyObjectProperty(com.kms.katalon.core.testobject.ObjectRepository.findTestObject(Final Object Repo/Page_Update Add New Employee - ASSIST/DOB Date), "xpath", "equals", "//body/div/table/tbody/tr/td/a[text()="" + OneDayBefore + ""]", true): Modify property of object successfully

2018-12-10 18:57:21 - [MESSAGE][PASSED] - Modify property of object successfully

2018-12-10 18:57:21 - [TEST_STEP][PASSED] - click: Object: 'Object Repository/Final Object Repo/Page_Update Add New Employee - ASSIST/DOB Date' is clicked on

2018-12-10 18:57:21 - [MESSAGE][PASSED] - Object: 'Object Repository/Final Object Repo/Page_Update Add New Employee - ASSIST/DOB Date' is clicked on

2018-12-10 18:57:21 - [TEST_STEP][PASSED] - delay: Delayed 2 second(s)

2018-12-10 18:57:23 - [MESSAGE][PASSED] - Delayed 2 second(s)

2018-12-10 18:57:23 - [TEST_STEP][PASSED] - click: Object: 'Object Repository/Final Object Repo/Page_Update Add New Employee - ASSIST/EmploymentStartDate Pop Up' is clicked on

2018-12-10 18:57:23 - [MESSAGE][PASSED] - Object: 'Object Repository/Final Object Repo/Page_Update Add New Employee - ASSIST/EmploymentStartDate Pop Up' is clicked on

2018-12-10 18:57:23 - [TEST_STEP][PASSED] - delay: Delayed 2 second(s)

2018-12-10 18:57:25 - [MESSAGE][PASSED] - Delayed 2 second(s)

2018-12-10 18:57:25 - [TEST_STEP][PASSED] - click: Object: 'Object Repository/Final Object Repo/Page_Update Add New Employee - ASSIST/Socso Employment StartDate Month' is clicked on

2018-12-10 18:57:26 - [MESSAGE][PASSED] - Object: 'Object Repository/Final Object Repo/Page_Update Add New Employee - ASSIST/Socso Employment StartDate Month' is clicked on

2018-12-10 18:57:26 - [TEST_STEP][PASSED] - delay: Delayed 1 second(s)

2018-12-10 18:57:27 - [MESSAGE][PASSED] - Delayed 1 second(s)

2018-12-10 18:57:27 - [TEST_STEP][PASSED] - click: Object: 'Object Repository/Final Object Repo/Page_Update Add New Employee - ASSIST/Select Socso Employement Startdate Month' is clicked on

2018-12-10 18:57:27 - [MESSAGE][PASSED] - Object: 'Object Repository/Final Object Repo/Page_Update Add New Employee - ASSIST/Select Socso Employement Startdate Month' is clicked on

2018-12-10 18:57:27 - [TEST_STEP][PASSED] - delay: Delayed 2 second(s)

2018-12-10 18:57:29 - [MESSAGE][PASSED] - Delayed 2 second(s)

2018-12-10 18:57:29 - [TEST_STEP][PASSED] - click: Object: 'Object Repository/Final Object Repo/Page_Update Add New Employee - ASSIST/Socso Employment StartDate Year' is clicked on

2018-12-10 18:57:29 - [MESSAGE][PASSED] - Object: 'Object Repository/Final Object Repo/Page_Update Add New Employee - ASSIST/Socso Employment StartDate Year' is clicked on

2018-12-10 18:57:29 - [TEST_STEP][PASSED] - delay: Delayed 1 second(s)

2018-12-10 18:57:30 - [MESSAGE][PASSED] - Delayed 1 second(s)

2018-12-10 18:57:30 - [TEST_STEP][PASSED] - click: Object: 'Object Repository/Final Object Repo/Page_Update Add New Employee - ASSIST/Select Socso Employment Startdate Year' is clicked on

2018-12-10 18:57:30 - [MESSAGE][PASSED] - Object: 'Object Repository/Final Object Repo/Page_Update Add New Employee - ASSIST/Select Socso Employment Startdate Year' is clicked on

2018-12-10 18:57:30 - [TEST_STEP][PASSED] - delay: Delayed 2 second(s)

2018-12-10 18:57:32 - [MESSAGE][PASSED] - Delayed 2 second(s)

2018-12-10 18:57:32 - [TEST_STEP][PASSED] - click: Object: 'Object Repository/Final Object Repo/Page_Update Add New Employee - ASSIST/Socso Employment Start Date Day' is clicked on

2018-12-10 18:57:32 - [MESSAGE][PASSED] - Object: 'Object Repository/Final Object Repo/Page_Update Add New Employee - ASSIST/Socso Employment Start Date Day' is clicked on

2018-12-10 18:57:32 - [TEST_STEP][PASSED] - delay: Delayed 2 second(s)

2018-12-10 18:57:34 - [MESSAGE][PASSED] - Delayed 2 second(s)

2018-12-10 18:57:34 - [TEST_STEP][PASSED] - click: Object: 'Object Repository/Final Object Repo/Page_Update Add New Employee - ASSIST/Save Button for Add Employee' is clicked on

2018-12-10 18:57:34 - [MESSAGE][PASSED] - Object: 'Object Repository/Final Object Repo/Page_Update Add New Employee - ASSIST/Save Button for Add Employee' is clicked on

2018-12-10 18:57:34 - [TEST_STEP][PASSED] - delay: Delayed 10 second(s)

2018-12-10 18:57:44 - [MESSAGE][PASSED] - Delayed 10 second(s)

2018-12-10 18:57:44 - [TEST_STEP][PASSED] - click: Object: 'Object Repository/Final Object Repo/Page_Update Add New Employee - ASSIST/Add Employee Button' is clicked on

2018-12-10 18:57:45 - [MESSAGE][PASSED] - Object: 'Object Repository/Final Object Repo/Page_Update Add New Employee - ASSIST/Add Employee Button' is clicked on

2018-12-10 18:57:45 - [TEST_STEP][PASSED] - delay: Delayed 4 second(s)

2018-12-10 18:57:49 - [MESSAGE][PASSED] - Delayed 4 second(s)

2018-12-10 18:57:49 - [TEST_STEP][PASSED] - Statement - While (com.kms.katalon.core.webui.keyword.WebUiBuiltInKeywords.verifyElementNotVisible(com.kms.katalon.core.testobject.ObjectRepository.findTestObject(Final Object Repo/Page_Update Add New Employee - ASSIST/No Duplicate Employee Cross), OPTIONAL)): Object 'Object Repository/Final Object Repo/Page_Update Add New Employee - ASSIST/No Duplicate Employee Cross' is visible

2018-12-10 18:57:49 - [MESSAGE][PASSED] - Object 'Object Repository/Final Object Repo/Page_Update Add New Employee - ASSIST/No Duplicate Employee Cross' is NOT visible

2018-12-10 18:57:49 - [TEST_STEP][PASSED] - callTestCase: Call Test Case 'Test Cases/Final Aug 2018 - PKS Automation/Common/IC Generator' successfully

2018-12-10 18:57:49 - [TEST_CASE][PASSED] - Test Cases/Final Aug 2018 - PKS Automation/Common/IC Generator: Test Cases/Final Aug 2018 - PKS Automation/Common/IC Generator

2018-12-10 18:57:49 - [TEST_STEP][PASSED] - Statement - rnd = new java.util.Random(): null

2018-12-10 18:57:49 - [TEST_STEP][PASSED] - Statement - snum = rnd.nextInt(899999 + 1) + 100000: null

2018-12-10 18:57:49 - [TEST_STEP][PASSED] - Statement - tnum = rnd.nextInt(899999 + 1) + 100000: null

2018-12-10 18:57:49 - [TEST_STEP][PASSED] - Statement - IC = java.lang.Integer.toString(snum) + java.lang.Integer.toString(tnum): null

2018-12-10 18:57:49 - [TEST_STEP][PASSED] - Statement - ICtoAdd = IC: null

2018-12-10 18:57:49 - [TEST_STEP][PASSED] - Statement - out.println(ICtoAdd): null

2018-12-10 18:57:49 - [MESSAGE][PASSED] - Call Test Case 'Test Cases/Final Aug 2018 - PKS Automation/Common/IC Generator' successfully

2018-12-10 18:57:49 - [TEST_STEP][PASSED] - delay: Delayed 1 second(s)

2018-12-10 18:57:50 - [MESSAGE][PASSED] - Delayed 1 second(s)

2018-12-10 18:57:50 - [TEST_STEP][PASSED] - setText: Text '334729459427' is set on object 'Object Repository/Final Object Repo/Page_Update Add New Employee - ASSIST/NRIC Input'

2018-12-10 18:57:50 - [MESSAGE][PASSED] - Text '334729459427' is set on object 'Object Repository/Final Object Repo/Page_Update Add New Employee - ASSIST/NRIC Input'

2018-12-10 18:57:50 - [TEST_STEP][PASSED] - delay: Delayed 2 second(s)

2018-12-10 18:57:52 - [MESSAGE][PASSED] - Delayed 2 second(s)

2018-12-10 18:57:52 - [TEST_STEP][PASSED] - click: Object: 'Object Repository/Final Object Repo/Page_Update Add New Employee - ASSIST/button for search for IC' is clicked on

2018-12-10 18:57:52 - [MESSAGE][PASSED] - Object: 'Object Repository/Final Object Repo/Page_Update Add New Employee - ASSIST/button for search for IC' is clicked on

2018-12-10 18:57:52 - [TEST_STEP][PASSED] - delay: Object 'Object Repository/Final Object Repo/Page_Update Add New Employee - ASSIST/No Duplicate Employee Cross' is visible

2018-12-10 18:57:53 - [MESSAGE][PASSED] - Delayed 1 second(s)

2018-12-10 18:57:54 - [MESSAGE][WARNING] - Object 'Object Repository/Final Object Repo/Page_Update Add New Employee - ASSIST/No Duplicate Employee Cross' is visible
[[ATTACHMENT|C:\\Users\\Admin\\Desktop\\PKS\\Perkeso Phase A\\Reports\\Critical Path\\20181210_165434\\1544439473852.png]]

2018-12-10 18:57:54 - [TEST_STEP][PASSED] - delay: Delayed 2 second(s)

2018-12-10 18:57:56 - [MESSAGE][PASSED] - Delayed 2 second(s)

2018-12-10 18:57:56 - [TEST_STEP][PASSED] - setText: Text 'Automate002 not eligible 2' is set on object 'Object Repository/Final Object Repo/Page_Update Add New Employee - ASSIST/Employee Name Input'

2018-12-10 18:57:56 - [MESSAGE][PASSED] - Text 'Automate002 not eligible 2' is set on object 'Object Repository/Final Object Repo/Page_Update Add New Employee - ASSIST/Employee Name Input'

2018-12-10 18:57:56 - [TEST_STEP][PASSED] - delay: Delayed 2 second(s)

2018-12-10 18:57:58 - [MESSAGE][PASSED] - Delayed 2 second(s)

2018-12-10 18:57:58 - [TEST_STEP][PASSED] - click: Object: 'Object Repository/Final Object Repo/Page_Update Add New Employee - ASSIST/DatePicker Pop Up' is clicked on

2018-12-10 18:57:58 - [MESSAGE][PASSED] - Object: 'Object Repository/Final Object Repo/Page_Update Add New Employee - ASSIST/DatePicker Pop Up' is clicked on

2018-12-10 18:57:58 - [TEST_STEP][PASSED] - delay: Delayed 2 second(s)

2018-12-10 18:58:00 - [MESSAGE][PASSED] - Delayed 2 second(s)

2018-12-10 18:58:00 - [TEST_STEP][PASSED] - click: Object: 'Object Repository/Final Object Repo/Page_Update Add New Employee - ASSIST/DOB Month' is clicked on

2018-12-10 18:58:01 - [MESSAGE][PASSED] - Object: 'Object Repository/Final Object Repo/Page_Update Add New Employee - ASSIST/DOB Month' is clicked on

2018-12-10 18:58:01 - [TEST_STEP][PASSED] - Statement - selectMonth = com.kms.katalon.core.webui.keyword.WebUiBuiltInKeywords.modifyObjectProperty(selectMonth, "xpath", "equals", "//body/div/div/div/select/option[@value="" + CurrentMonth + ""]", true): Modify property of object successfully

2018-12-10 18:58:01 - [MESSAGE][PASSED] - Modify property of object successfully

2018-12-10 18:58:01 - [TEST_STEP][PASSED] - click: Object: '' is clicked on

2018-12-10 18:58:01 - [MESSAGE][PASSED] - Object: '' is clicked on

2018-12-10 18:58:01 - [TEST_STEP][PASSED] - click: Object: 'Object Repository/Final Object Repo/Page_Update Add New Employee - ASSIST/DOB Year' is clicked on

2018-12-10 18:58:01 - [MESSAGE][PASSED] - Object: 'Object Repository/Final Object Repo/Page_Update Add New Employee - ASSIST/DOB Year' is clicked on

2018-12-10 18:58:01 - [TEST_STEP][PASSED] - Statement - selectYear = com.kms.katalon.core.webui.keyword.WebUiBuiltInKeywords.modifyObjectProperty(selectYear, "xpath", "equals", "//div/div/div/select/option[@value="" + FiftysevenYrsBefore + ""]", true): Modify property of object successfully

2018-12-10 18:58:01 - [MESSAGE][PASSED] - Modify property of object successfully

2018-12-10 18:58:01 - [TEST_STEP][PASSED] - click: Object: '' is clicked on

2018-12-10 18:58:01 - [MESSAGE][PASSED] - Object: '' is clicked on

2018-12-10 18:58:01 - [TEST_STEP][PASSED] - Statement - UpdatedSelectDate = com.kms.katalon.core.webui.keyword.WebUiBuiltInKeywords.modifyObjectProperty(com.kms.katalon.core.testobject.ObjectRepository.findTestObject(Final Object Repo/Page_Update Add New Employee - ASSIST/DOB Date), "xpath", "equals", "//body/div/table/tbody/tr/td/a[text()="" + CurrentDate + ""]", true): Modify property of object successfully

2018-12-10 18:58:01 - [MESSAGE][PASSED] - Modify property of object successfully

2018-12-10 18:58:01 - [TEST_STEP][PASSED] - click: Object: 'Object Repository/Final Object Repo/Page_Update Add New Employee - ASSIST/DOB Date' is clicked on

2018-12-10 18:58:01 - [MESSAGE][PASSED] - Object: 'Object Repository/Final Object Repo/Page_Update Add New Employee - ASSIST/DOB Date' is clicked on

2018-12-10 18:58:01 - [TEST_STEP][PASSED] - click: Object: 'Object Repository/Final Object Repo/Page_Update Add New Employee - ASSIST/EmploymentStartDate Pop Up' is clicked on

2018-12-10 18:58:01 - [MESSAGE][PASSED] - Object: 'Object Repository/Final Object Repo/Page_Update Add New Employee - ASSIST/EmploymentStartDate Pop Up' is clicked on

2018-12-10 18:58:01 - [TEST_STEP][PASSED] - delay: Delayed 2 second(s)

2018-12-10 18:58:03 - [MESSAGE][PASSED] - Delayed 2 second(s)

2018-12-10 18:58:03 - [TEST_STEP][PASSED] - click: Object: 'Object Repository/Final Object Repo/Page_Update Add New Employee - ASSIST/Socso Employment StartDate Month' is clicked on

2018-12-10 18:58:04 - [MESSAGE][PASSED] - Object: 'Object Repository/Final Object Repo/Page_Update Add New Employee - ASSIST/Socso Employment StartDate Month' is clicked on

2018-12-10 18:58:04 - [TEST_STEP][PASSED] - delay: Delayed 1 second(s)

2018-12-10 18:58:05 - [MESSAGE][PASSED] - Delayed 1 second(s)

2018-12-10 18:58:05 - [TEST_STEP][PASSED] - click: Object: 'Object Repository/Final Object Repo/Page_Update Add New Employee - ASSIST/Select Socso Employement Startdate Month' is clicked on

2018-12-10 18:58:05 - [MESSAGE][PASSED] - Object: 'Object Repository/Final Object Repo/Page_Update Add New Employee - ASSIST/Select Socso Employement Startdate Month' is clicked on

2018-12-10 18:58:05 - [TEST_STEP][PASSED] - delay: Delayed 2 second(s)

2018-12-10 18:58:07 - [MESSAGE][PASSED] - Delayed 2 second(s)

2018-12-10 18:58:07 - [TEST_STEP][PASSED] - click: Object: 'Object Repository/Final Object Repo/Page_Update Add New Employee - ASSIST/Socso Employment StartDate Year' is clicked on

2018-12-10 18:58:07 - [MESSAGE][PASSED] - Object: 'Object Repository/Final Object Repo/Page_Update Add New Employee - ASSIST/Socso Employment StartDate Year' is clicked on

2018-12-10 18:58:07 - [TEST_STEP][PASSED] - delay: Delayed 1 second(s)

2018-12-10 18:58:08 - [MESSAGE][PASSED] - Delayed 1 second(s)

2018-12-10 18:58:08 - [TEST_STEP][PASSED] - click: Object: 'Object Repository/Final Object Repo/Page_Update Add New Employee - ASSIST/Select Socso Employment Startdate Year' is clicked on

2018-12-10 18:58:08 - [MESSAGE][PASSED] - Object: 'Object Repository/Final Object Repo/Page_Update Add New Employee - ASSIST/Select Socso Employment Startdate Year' is clicked on

2018-12-10 18:58:08 - [TEST_STEP][PASSED] - delay: Delayed 2 second(s)

2018-12-10 18:58:10 - [MESSAGE][PASSED] - Delayed 2 second(s)

2018-12-10 18:58:10 - [TEST_STEP][PASSED] - click: Object: 'Object Repository/Final Object Repo/Page_Update Add New Employee - ASSIST/Socso Employment Start Date Day' is clicked on

2018-12-10 18:58:10 - [MESSAGE][PASSED] - Object: 'Object Repository/Final Object Repo/Page_Update Add New Employee - ASSIST/Socso Employment Start Date Day' is clicked on

2018-12-10 18:58:10 - [TEST_STEP][PASSED] - delay: Delayed 4 second(s)

2018-12-10 18:58:14 - [MESSAGE][PASSED] - Delayed 4 second(s)

2018-12-10 18:58:14 - [TEST_STEP][PASSED] - click: Object: 'Object Repository/Final Object Repo/Page_Update Add New Employee - ASSIST/Save Button for Add Employee' is clicked on

2018-12-10 18:58:14 - [MESSAGE][PASSED] - Object: 'Object Repository/Final Object Repo/Page_Update Add New Employee - ASSIST/Save Button for Add Employee' is clicked on

2018-12-10 18:58:14 - [MESSAGE][PASSED] - Call Test Case 'Test Cases/Final Aug 2018 - PKS Automation/Registration Module/Workflow/Update Add New Employee/Template/Employee Adding/Employee Adding Action No Repeat IC - No Eligible Only' successfully

2018-12-10 18:58:14 - [TEST_STEP][PASSED] - delay: Delayed 4 second(s)

2018-12-10 18:58:18 - [MESSAGE][PASSED] - Delayed 4 second(s)

2018-12-10 18:58:18 - [TEST_STEP][PASSED] - Statement - CaseReferenceNo = com.kms.katalon.core.webui.keyword.WebUiBuiltInKeywords.getText(com.kms.katalon.core.testobject.ObjectRepository.findTestObject(Final Object Repo/Page_Update Add New Employee - ASSIST/RefNo)): Text of object 'Object Repository/Final Object Repo/Page_Update Add New Employee - ASSIST/RefNo' is: 'CAN12201800002298'

2018-12-10 18:58:19 - [MESSAGE][PASSED] - Text of object 'Object Repository/Final Object Repo/Page_Update Add New Employee - ASSIST/RefNo' is: 'CAN12201800002298'

2018-12-10 18:58:19 - [TEST_STEP][PASSED] - callTestCase: Call Test Case 'Test Cases/Final Aug 2018 - PKS Automation/Common/Reference Number Setter' successfully

2018-12-10 18:58:19 - [TEST_CASE][PASSED] - Test Cases/Final Aug 2018 - PKS Automation/Common/Reference Number Setter: Test Cases/Final Aug 2018 - PKS Automation/Common/Reference Number Setter

2018-12-10 18:58:19 - [TEST_STEP][PASSED] - Statement - RefNoOldFile = new java.io.File(C://Users//Admin//Desktop//PKS//Automation Reference Point//KatalonReference.txt): null

2018-12-10 18:58:19 - [TEST_STEP][PASSED] - Statement - RefNoOldFile.delete(): null

2018-12-10 18:58:19 - [TEST_STEP][PASSED] - delay: Delayed 5 second(s)

2018-12-10 18:58:24 - [MESSAGE][PASSED] - Delayed 5 second(s)

2018-12-10 18:58:24 - [TEST_STEP][PASSED] - Statement - RefNo = new java.io.File(C://Users//Admin//Desktop//PKS//Automation Reference Point//KatalonReference.txt): null

2018-12-10 18:58:24 - [TEST_STEP][PASSED] - Statement - f2 = new java.io.FileWriter(RefNo, false): null

2018-12-10 18:58:24 - [TEST_STEP][PASSED] - Statement - f2.write(CaseReferenceNo): null

2018-12-10 18:58:24 - [TEST_STEP][PASSED] - Statement - f2.close(): null

2018-12-10 18:58:24 - [TEST_STEP][PASSED] - Statement - out.println("


" + CaseReferenceNo + "


"): null

2018-12-10 18:58:24 - [MESSAGE][PASSED] - Call Test Case 'Test Cases/Final Aug 2018 - PKS Automation/Common/Reference Number Setter' successfully

2018-12-10 18:58:24 - [TEST_STEP][PASSED] - delay: Delayed 5 second(s)

2018-12-10 18:58:29 - [MESSAGE][PASSED] - Delayed 5 second(s)

2018-12-10 18:58:29 - [TEST_STEP][PASSED] - click: Object: 'Object Repository/Final Object Repo/Page_Update Add New Employee - ASSIST/Save  Continue Button' is clicked on

2018-12-10 18:58:29 - [MESSAGE][PASSED] - Object: 'Object Repository/Final Object Repo/Page_Update Add New Employee - ASSIST/Save  Continue Button' is clicked on

2018-12-10 18:58:29 - [TEST_STEP][PASSED] - delay: Delayed 10 second(s)

2018-12-10 18:58:39 - [MESSAGE][PASSED] - Delayed 10 second(s)

2018-12-10 18:58:39 - [TEST_STEP][PASSED] - click: Object: 'Object Repository/Final Object Repo/Page_Update Add New Employee - ASSIST/Save   Continue Supporting Doc Page' is clicked on

2018-12-10 18:58:39 - [MESSAGE][PASSED] - Object: 'Object Repository/Final Object Repo/Page_Update Add New Employee - ASSIST/Save   Continue Supporting Doc Page' is clicked on

2018-12-10 18:58:39 - [TEST_STEP][PASSED] - delay: Delayed 4 second(s)

2018-12-10 18:58:43 - [MESSAGE][PASSED] - Delayed 4 second(s)

2018-12-10 18:58:43 - [TEST_STEP][PASSED] - click: Object: 'Object Repository/Final Object Repo/Page_Update Add New Employee - ASSIST/Submit Button' is clicked on

2018-12-10 18:58:43 - [MESSAGE][PASSED] - Object: 'Object Repository/Final Object Repo/Page_Update Add New Employee - ASSIST/Submit Button' is clicked on

2018-12-10 18:58:43 - [TEST_STEP][PASSED] - delay: Delayed 4 second(s)

2018-12-10 18:58:47 - [MESSAGE][PASSED] - Delayed 4 second(s)

2018-12-10 18:58:47 - [TEST_STEP][PASSED] - click: Object: 'Object Repository/Final Object Repo/Page_Update Add New Employee - ASSIST/Confirm Submit Button' is clicked on

2018-12-10 18:58:47 - [MESSAGE][PASSED] - Object: 'Object Repository/Final Object Repo/Page_Update Add New Employee - ASSIST/Confirm Submit Button' is clicked on

2018-12-10 18:58:47 - [TEST_STEP][PASSED] - delay: Delayed 30 second(s)

2018-12-10 18:59:17 - [MESSAGE][PASSED] - Delayed 30 second(s)

2018-12-10 18:59:17 - [TEST_STEP][PASSED] - callTestCase: Call Test Case 'Test Cases/Final Aug 2018 - PKS Automation/Common/Screenshoting tool' successfully

2018-12-10 18:59:17 - [TEST_CASE][PASSED] - Test Cases/Final Aug 2018 - PKS Automation/Common/Screenshoting tool: Test Cases/Final Aug 2018 - PKS Automation/Common/Screenshoting tool

2018-12-10 18:59:17 - [TEST_STEP][PASSED] - delay: Delayed 15 second(s)

2018-12-10 18:59:32 - [MESSAGE][PASSED] - Delayed 15 second(s)

2018-12-10 18:59:32 - [TEST_STEP][PASSED] - Statement - driver = com.kms.katalon.core.webui.driver.DriverFactory.getWebDriver(): null

2018-12-10 18:59:32 - [TEST_STEP][PASSED] - Statement - driver.manage().timeouts().implicitlyWait(10, SECONDS): null

2018-12-10 18:59:32 - [TEST_STEP][PASSED] - Statement - PresavePath = KatalonScreenshots: null

2018-12-10 18:59:32 - [TEST_STEP][PASSED] - Statement - pathPrefix = "C:\Users\Public\Pictures\Sample Pictures\Katalon Screenshots\Automate Ending Screen": null

2018-12-10 18:59:32 - [TEST_STEP][PASSED] - Statement - finalPath = <not implemented yet for class: org.codehaus.groovy.ast.expr.EmptyExpression>: null

2018-12-10 18:59:32 - [TEST_STEP][PASSED] - Statement - scrFile = driver.getScreenshotAs(FILE): null

2018-12-10 18:59:33 - [TEST_STEP][PASSED] - Statement - PreSaveFile = new java.io.File(PresavePath): null

2018-12-10 18:59:33 - [TEST_STEP][PASSED] - Statement - counter = 0: null

2018-12-10 18:59:33 - [TEST_STEP][PASSED] - Statement - If (PreSaveFile.exists()): null

2018-12-10 18:59:33 - [TEST_STEP][PASSED] - Statement - While (PreSaveFile.exists()): null

2018-12-10 18:59:33 - [TEST_STEP][PASSED] - Statement - counter = counter + 1: null

2018-12-10 18:59:33 - [TEST_STEP][PASSED] - Statement - PreSaveFile = new java.io.File(((pathPrefix + java.lang.Integer.toString(counter)) + .png)): null

2018-12-10 18:59:33 - [TEST_STEP][PASSED] - Statement - counter = counter + 1: null

2018-12-10 18:59:33 - [TEST_STEP][PASSED] - Statement - PreSaveFile = new java.io.File(((pathPrefix + java.lang.Integer.toString(counter)) + .png)): null

2018-12-10 18:59:33 - [TEST_STEP][PASSED] - Statement - counter = counter + 1: null

2018-12-10 18:59:33 - [TEST_STEP][PASSED] - Statement - PreSaveFile = new java.io.File(((pathPrefix + java.lang.Integer.toString(counter)) + .png)): null

2018-12-10 18:59:33 - [TEST_STEP][PASSED] - Statement - counter = counter + 1: null

2018-12-10 18:59:33 - [TEST_STEP][PASSED] - Statement - PreSaveFile = new java.io.File(((pathPrefix + java.lang.Integer.toString(counter)) + .png)): null

2018-12-10 18:59:33 - [TEST_STEP][PASSED] - Statement - counter = counter + 1: null

2018-12-10 18:59:33 - [TEST_STEP][PASSED] - Statement - PreSaveFile = new java.io.File(((pathPrefix + java.lang.Integer.toString(counter)) + .png)): null

2018-12-10 18:59:33 - [TEST_STEP][PASSED] - Statement - counter = counter + 1: null

2018-12-10 18:59:33 - [TEST_STEP][PASSED] - Statement - PreSaveFile = new java.io.File(((pathPrefix + java.lang.Integer.toString(counter)) + .png)): null

2018-12-10 18:59:33 - [TEST_STEP][PASSED] - Statement - counter = counter + 1: null

2018-12-10 18:59:33 - [TEST_STEP][PASSED] - Statement - PreSaveFile = new java.io.File(((pathPrefix + java.lang.Integer.toString(counter)) + .png)): null

2018-12-10 18:59:33 - [TEST_STEP][PASSED] - Statement - counter = counter + 1: null

2018-12-10 18:59:33 - [TEST_STEP][PASSED] - Statement - PreSaveFile = new java.io.File(((pathPrefix + java.lang.Integer.toString(counter)) + .png)): null

2018-12-10 18:59:33 - [TEST_STEP][PASSED] - Statement - counter = counter + 1: null

2018-12-10 18:59:33 - [TEST_STEP][PASSED] - Statement - PreSaveFile = new java.io.File(((pathPrefix + java.lang.Integer.toString(counter)) + .png)): null

2018-12-10 18:59:33 - [TEST_STEP][PASSED] - Statement - counter = counter + 1: null

2018-12-10 18:59:33 - [TEST_STEP][PASSED] - Statement - PreSaveFile = new java.io.File(((pathPrefix + java.lang.Integer.toString(counter)) + .png)): null

2018-12-10 18:59:33 - [TEST_STEP][PASSED] - Statement - counter = counter + 1: null

2018-12-10 18:59:33 - [TEST_STEP][PASSED] - Statement - PreSaveFile = new java.io.File(((pathPrefix + java.lang.Integer.toString(counter)) + .png)): null

2018-12-10 18:59:33 - [TEST_STEP][PASSED] - Statement - counter = counter + 1: null

2018-12-10 18:59:33 - [TEST_STEP][PASSED] - Statement - PreSaveFile = new java.io.File(((pathPrefix + java.lang.Integer.toString(counter)) + .png)): null

2018-12-10 18:59:33 - [TEST_STEP][PASSED] - Statement - counter = counter + 1: null

2018-12-10 18:59:33 - [TEST_STEP][PASSED] - Statement - PreSaveFile = new java.io.File(((pathPrefix + java.lang.Integer.toString(counter)) + .png)): null

2018-12-10 18:59:33 - [TEST_STEP][PASSED] - Statement - counter = counter + 1: null

2018-12-10 18:59:33 - [TEST_STEP][PASSED] - Statement - PreSaveFile = new java.io.File(((pathPrefix + java.lang.Integer.toString(counter)) + .png)): null

2018-12-10 18:59:33 - [TEST_STEP][PASSED] - Statement - counter = counter + 1: null

2018-12-10 18:59:33 - [TEST_STEP][PASSED] - Statement - PreSaveFile = new java.io.File(((pathPrefix + java.lang.Integer.toString(counter)) + .png)): null

2018-12-10 18:59:33 - [TEST_STEP][PASSED] - Statement - counter = counter + 1: null

2018-12-10 18:59:33 - [TEST_STEP][PASSED] - Statement - PreSaveFile = new java.io.File(((pathPrefix + java.lang.Integer.toString(counter)) + .png)): null

2018-12-10 18:59:33 - [TEST_STEP][PASSED] - Statement - counter = counter + 1: null

2018-12-10 18:59:33 - [TEST_STEP][PASSED] - Statement - PreSaveFile = new java.io.File(((pathPrefix + java.lang.Integer.toString(counter)) + .png)): null

2018-12-10 18:59:33 - [TEST_STEP][PASSED] - Statement - counter = counter + 1: null

2018-12-10 18:59:33 - [TEST_STEP][PASSED] - Statement - PreSaveFile = new java.io.File(((pathPrefix + java.lang.Integer.toString(counter)) + .png)): null

2018-12-10 18:59:33 - [TEST_STEP][PASSED] - Statement - counter = counter + 1: null

2018-12-10 18:59:33 - [TEST_STEP][PASSED] - Statement - PreSaveFile = new java.io.File(((pathPrefix + java.lang.Integer.toString(counter)) + .png)): null

2018-12-10 18:59:33 - [TEST_STEP][PASSED] - Statement - counter = counter + 1: null

2018-12-10 18:59:33 - [TEST_STEP][PASSED] - Statement - PreSaveFile = new java.io.File(((pathPrefix + java.lang.Integer.toString(counter)) + .png)): null

2018-12-10 18:59:33 - [TEST_STEP][PASSED] - Statement - finalPath = pathPrefix + java.lang.Integer.toString(counter) + ".png": null

2018-12-10 18:59:33 - [TEST_STEP][PASSED] - Statement - SaveFile = new java.io.File(finalPath): null

2018-12-10 18:59:33 - [TEST_STEP][PASSED] - Statement - Try: null

2018-12-10 18:59:33 - [TEST_STEP][PASSED] - Statement - org.apache.commons.io.FileUtils.copyFile(scrFile, SaveFile): null

2018-12-10 18:59:33 - [TEST_STEP][PASSED] - Statement - out.println("file kept"): null

2018-12-10 18:59:33 - [TEST_STEP][PASSED] - delay: Delayed 10 second(s)

2018-12-10 18:59:43 - [MESSAGE][PASSED] - Delayed 10 second(s)

2018-12-10 18:59:43 - [MESSAGE][PASSED] - Call Test Case 'Test Cases/Final Aug 2018 - PKS Automation/Common/Screenshoting tool' successfully

2018-12-10 18:59:43 - [TEST_STEP][PASSED] - callTestCase: Call Test Case 'Test Cases/Final Aug 2018 - PKS Automation/Registration Module/Log Out/log out avoiding katalon tagging' successfully

2018-12-10 18:59:43 - [TEST_CASE][PASSED] - Test Cases/Final Aug 2018 - PKS Automation/Registration Module/Log Out/log out avoiding katalon tagging: Test Cases/Final Aug 2018 - PKS Automation/Registration Module/Log Out/log out avoiding katalon tagging

2018-12-10 18:59:43 - [TEST_STEP][PASSED] - navigateToUrl: Navigate to 'https://assist2-uat.perkeso.gov.my/c/portal/logout' successfully

2018-12-10 18:59:44 - [MESSAGE][PASSED] - Navigate to 'https://assist2-uat.perkeso.gov.my/c/portal/logout' successfully

2018-12-10 18:59:44 - [MESSAGE][PASSED] - Call Test Case 'Test Cases/Final Aug 2018 - PKS Automation/Registration Module/Log Out/log out avoiding katalon tagging' successfully]]></system-out>
         <system-err><![CDATA[]]></system-err>
      </testcase>
      <testcase name="Test Cases/Final Aug 2018 - PKS Automation/Registration Module/Critical Path/Update Employee Info by Employer" classname="Test Cases/Final Aug 2018 - PKS Automation/Registration Module/Critical Path/Update Employee Info by Employer" status="PASSED">
         <system-out><![CDATA[2018-12-10 18:59:44 - [TEST_CASE][PASSED] - Test Cases/Final Aug 2018 - PKS Automation/Registration Module/Critical Path/Update Employee Info by Employer: Test Cases/Final Aug 2018 - PKS Automation/Registration Module/Critical Path/Update Employee Info by Employer

2018-12-10 18:59:44 - [TEST_STEP][PASSED] - openBrowser: Browser is opened with url: ''

2018-12-10 18:59:44 - [MESSAGE][WARNING] - A browser is already opened. Closing browser and opening a new one

2018-12-10 18:59:47 - [MESSAGE][PASSED] - Browser is opened with url: ''

2018-12-10 18:59:47 - [TEST_STEP][PASSED] - navigateToUrl: Navigate to 'https://assist2-uat.perkeso.gov.my/login' successfully

2018-12-10 18:59:48 - [MESSAGE][PASSED] - Navigate to 'https://assist2-uat.perkeso.gov.my/login' successfully

2018-12-10 18:59:48 - [TEST_STEP][PASSED] - setText: Text 'johorotc1@gmail.com' is set on object 'Object Repository/Final Object Repo/Login Page/Internal User/Email Address'

2018-12-10 18:59:48 - [MESSAGE][PASSED] - Text 'johorotc1@gmail.com' is set on object 'Object Repository/Final Object Repo/Login Page/Internal User/Email Address'

2018-12-10 18:59:48 - [TEST_STEP][PASSED] - click: Object: 'Object Repository/Final Object Repo/Login Page/Internal User/Next Button' is clicked on

2018-12-10 18:59:48 - [MESSAGE][PASSED] - Object: 'Object Repository/Final Object Repo/Login Page/Internal User/Next Button' is clicked on

2018-12-10 18:59:48 - [TEST_STEP][PASSED] - delay: Delayed 1 second(s)

2018-12-10 18:59:49 - [MESSAGE][PASSED] - Delayed 1 second(s)

2018-12-10 18:59:49 - [TEST_STEP][PASSED] - setEncryptedText: Text ****** has been set on object 'Object Repository/Final Object Repo/Login Page/Internal User/Password'

2018-12-10 18:59:49 - [MESSAGE][PASSED] - Text ****** has been set on object 'Object Repository/Final Object Repo/Login Page/Internal User/Password'

2018-12-10 18:59:49 - [TEST_STEP][PASSED] - click: Object: 'Object Repository/Final Object Repo/Login Page/Internal User/Login Button' is clicked on

2018-12-10 18:59:50 - [MESSAGE][PASSED] - Object: 'Object Repository/Final Object Repo/Login Page/Internal User/Login Button' is clicked on

2018-12-10 18:59:50 - [TEST_STEP][PASSED] - Statement - Try: null

2018-12-10 18:59:50 - [TEST_STEP][PASSED] - Statement - Checker = com.kms.katalon.core.webui.keyword.WebUiBuiltInKeywords.verifyElementNotPresent("Final Object Repo/Landing Page/Select to English", 3): null

2018-12-10 18:59:50 - [TEST_STEP][PASSED] - Statement - Catch (Exception e): null

2018-12-10 18:59:50 - [TEST_STEP][PASSED] - Statement - e.printStackTrace(): null

2018-12-10 18:59:50 - [TEST_STEP][PASSED] - delay: Delayed 4 second(s)

2018-12-10 18:59:54 - [MESSAGE][PASSED] - Delayed 4 second(s)

2018-12-10 18:59:54 - [TEST_STEP][PASSED] - navigateToUrl: Navigate to 'https://assist2-uat.perkeso.gov.my/web/registration/update/update-employee-information-employer-' successfully

2018-12-10 18:59:55 - [MESSAGE][PASSED] - Navigate to 'https://assist2-uat.perkeso.gov.my/web/registration/update/update-employee-information-employer-' successfully

2018-12-10 18:59:55 - [TEST_STEP][PASSED] - setText: Text 'E1102001065V' is set on object 'Object Repository/Final Object Repo/Page_Update Employee Information By Employer/Employer Code'

2018-12-10 18:59:55 - [MESSAGE][PASSED] - Text 'E1102001065V' is set on object 'Object Repository/Final Object Repo/Page_Update Employee Information By Employer/Employer Code'

2018-12-10 18:59:55 - [TEST_STEP][PASSED] - click: Object: 'Object Repository/Final Object Repo/Page_Update Employee Information By Employer/Search Employer Code' is clicked on

2018-12-10 18:59:55 - [MESSAGE][PASSED] - Object: 'Object Repository/Final Object Repo/Page_Update Employee Information By Employer/Search Employer Code' is clicked on

2018-12-10 18:59:55 - [TEST_STEP][PASSED] - click: Object: 'Object Repository/Final Object Repo/Page_Update Employee Information By Employer/Edit Button' is clicked on

2018-12-10 18:59:59 - [MESSAGE][PASSED] - Object: 'Object Repository/Final Object Repo/Page_Update Employee Information By Employer/Edit Button' is clicked on

2018-12-10 18:59:59 - [TEST_STEP][PASSED] - click: Object: 'Object Repository/Final Object Repo/Page_Update Employee Information By Employer/Employee Name or New Identification' is clicked on

2018-12-10 18:59:59 - [MESSAGE][PASSED] - Object: 'Object Repository/Final Object Repo/Page_Update Employee Information By Employer/Employee Name or New Identification' is clicked on

2018-12-10 18:59:59 - [TEST_STEP][PASSED] - delay: Delayed 1 second(s)

2018-12-10 19:00:00 - [MESSAGE][PASSED] - Delayed 1 second(s)

2018-12-10 19:00:00 - [TEST_STEP][PASSED] - click: Object: 'Object Repository/Final Object Repo/Page_Update Employee Information By Employer/Selection - Employee Name' is clicked on

2018-12-10 19:00:00 - [MESSAGE][PASSED] - Object: 'Object Repository/Final Object Repo/Page_Update Employee Information By Employer/Selection - Employee Name' is clicked on

2018-12-10 19:00:00 - [TEST_STEP][PASSED] - delay: Delayed 1 second(s)

2018-12-10 19:00:01 - [MESSAGE][PASSED] - Delayed 1 second(s)

2018-12-10 19:00:01 - [TEST_STEP][PASSED] - setText: Text 'FFFC' is set on object 'Object Repository/Final Object Repo/Page_Update Employee Information By Employer/Employee Name'

2018-12-10 19:00:01 - [MESSAGE][PASSED] - Text 'FFFC' is set on object 'Object Repository/Final Object Repo/Page_Update Employee Information By Employer/Employee Name'

2018-12-10 19:00:01 - [TEST_STEP][PASSED] - delay: Delayed 2 second(s)

2018-12-10 19:00:03 - [MESSAGE][PASSED] - Delayed 2 second(s)

2018-12-10 19:00:03 - [TEST_STEP][PASSED] - click: Object: 'Object Repository/Final Object Repo/Page_Update Employee Information By Employer/Search Employee' is clicked on

2018-12-10 19:00:03 - [MESSAGE][PASSED] - Object: 'Object Repository/Final Object Repo/Page_Update Employee Information By Employer/Search Employee' is clicked on

2018-12-10 19:00:03 - [TEST_STEP][PASSED] - delay: Delayed 3 second(s)

2018-12-10 19:00:06 - [MESSAGE][PASSED] - Delayed 3 second(s)

2018-12-10 19:00:06 - [TEST_STEP][PASSED] - click: Object: 'Object Repository/Final Object Repo/Page_Update Employee Information By Employer/Employee Edit Button' is clicked on

2018-12-10 19:00:07 - [MESSAGE][PASSED] - Object: 'Object Repository/Final Object Repo/Page_Update Employee Information By Employer/Employee Edit Button' is clicked on

2018-12-10 19:00:07 - [TEST_STEP][PASSED] - delay: Delayed 3 second(s)

2018-12-10 19:00:10 - [MESSAGE][PASSED] - Delayed 3 second(s)

2018-12-10 19:00:10 - [TEST_STEP][PASSED] - clearText: Text of object 'Object Repository/Final Object Repo/Page_Update Employee Information By Employer/Page_Update Employee Information by Employer (Normal Flow)/Old ID' is cleared

2018-12-10 19:00:10 - [MESSAGE][PASSED] - Text of object 'Object Repository/Final Object Repo/Page_Update Employee Information By Employer/Page_Update Employee Information by Employer (Normal Flow)/Old ID' is cleared

2018-12-10 19:00:10 - [TEST_STEP][PASSED] - setText: Text '12345678' is set on object 'Object Repository/Final Object Repo/Page_Update Employee Information By Employer/Page_Update Employee Information by Employer (Normal Flow)/Old ID'

2018-12-10 19:00:10 - [MESSAGE][PASSED] - Text '12345678' is set on object 'Object Repository/Final Object Repo/Page_Update Employee Information By Employer/Page_Update Employee Information by Employer (Normal Flow)/Old ID'

2018-12-10 19:00:10 - [TEST_STEP][PASSED] - clearText: Text of object 'Object Repository/Final Object Repo/Page_Update Employee Information By Employer/Page_Update Employee Information by Employer (Normal Flow)/Employee Name' is cleared

2018-12-10 19:00:10 - [MESSAGE][PASSED] - Text of object 'Object Repository/Final Object Repo/Page_Update Employee Information By Employer/Page_Update Employee Information by Employer (Normal Flow)/Employee Name' is cleared

2018-12-10 19:00:10 - [TEST_STEP][PASSED] - setText: Text 'fffc' is set on object 'Object Repository/Final Object Repo/Page_Update Employee Information By Employer/Page_Update Employee Information by Employer (Normal Flow)/Employee Name'

2018-12-10 19:00:10 - [MESSAGE][PASSED] - Text 'fffc' is set on object 'Object Repository/Final Object Repo/Page_Update Employee Information By Employer/Page_Update Employee Information by Employer (Normal Flow)/Employee Name'

2018-12-10 19:00:10 - [TEST_STEP][PASSED] - click: Object: 'Object Repository/Final Object Repo/Page_Update Employee Information By Employer/Page_Update Employee Information by Employer (Normal Flow)/Male' is clicked on

2018-12-10 19:00:10 - [MESSAGE][PASSED] - Object: 'Object Repository/Final Object Repo/Page_Update Employee Information By Employer/Page_Update Employee Information by Employer (Normal Flow)/Male' is clicked on

2018-12-10 19:00:10 - [TEST_STEP][PASSED] - click: Object: 'Object Repository/Final Object Repo/Page_Update Employee Information By Employer/Save' is clicked on

2018-12-10 19:00:11 - [MESSAGE][PASSED] - Object: 'Object Repository/Final Object Repo/Page_Update Employee Information By Employer/Save' is clicked on

2018-12-10 19:00:11 - [TEST_STEP][PASSED] - delay: Delayed 5 second(s)

2018-12-10 19:00:16 - [MESSAGE][PASSED] - Delayed 5 second(s)

2018-12-10 19:00:16 - [TEST_STEP][PASSED] - click: Object: 'Object Repository/Final Object Repo/Page_Update Employee Information By Employer/Save  Continue in  Employee Information Page' is clicked on

2018-12-10 19:00:16 - [MESSAGE][PASSED] - Object: 'Object Repository/Final Object Repo/Page_Update Employee Information By Employer/Save  Continue in  Employee Information Page' is clicked on

2018-12-10 19:00:16 - [TEST_STEP][PASSED] - delay: Delayed 5 second(s)

2018-12-10 19:00:21 - [MESSAGE][PASSED] - Delayed 5 second(s)

2018-12-10 19:00:21 - [TEST_STEP][PASSED] - click: Object: 'Object Repository/Final Object Repo/Page_Update Employee Information By Employer/Save  Continue in Uploading Page 1' is clicked on

2018-12-10 19:00:21 - [MESSAGE][PASSED] - Object: 'Object Repository/Final Object Repo/Page_Update Employee Information By Employer/Save  Continue in Uploading Page 1' is clicked on

2018-12-10 19:00:21 - [TEST_STEP][PASSED] - delay: Delayed 5 second(s)

2018-12-10 19:00:26 - [MESSAGE][PASSED] - Delayed 5 second(s)

2018-12-10 19:00:26 - [TEST_STEP][PASSED] - click: Object: 'Object Repository/Final Object Repo/Page_Update Employee Information By Employer/Submit' is clicked on

2018-12-10 19:00:26 - [MESSAGE][PASSED] - Object: 'Object Repository/Final Object Repo/Page_Update Employee Information By Employer/Submit' is clicked on

2018-12-10 19:00:26 - [TEST_STEP][PASSED] - delay: Delayed 5 second(s)

2018-12-10 19:00:31 - [MESSAGE][PASSED] - Delayed 5 second(s)

2018-12-10 19:00:31 - [TEST_STEP][PASSED] - click: Object: 'Object Repository/Final Object Repo/Page_Update Employee Information By Employer/Confirm' is clicked on

2018-12-10 19:00:31 - [MESSAGE][PASSED] - Object: 'Object Repository/Final Object Repo/Page_Update Employee Information By Employer/Confirm' is clicked on]]></system-out>
         <system-err><![CDATA[]]></system-err>
      </testcase>
      <testcase name="Test Cases/Final Aug 2018 - PKS Automation/Registration Module/Critical Path/Update Employer Information" classname="Test Cases/Final Aug 2018 - PKS Automation/Registration Module/Critical Path/Update Employer Information" status="PASSED">
         <system-out><![CDATA[2018-12-10 19:00:31 - [TEST_CASE][PASSED] - Test Cases/Final Aug 2018 - PKS Automation/Registration Module/Critical Path/Update Employer Information: Test Cases/Final Aug 2018 - PKS Automation/Registration Module/Critical Path/Update Employer Information

2018-12-10 19:00:32 - [TEST_STEP][PASSED] - openBrowser: Browser is opened with url: ''

2018-12-10 19:00:32 - [MESSAGE][WARNING] - A browser is already opened. Closing browser and opening a new one

2018-12-10 19:00:35 - [MESSAGE][PASSED] - Browser is opened with url: ''

2018-12-10 19:00:35 - [TEST_STEP][PASSED] - navigateToUrl: Navigate to 'https://assist2-uat.perkeso.gov.my/login' successfully

2018-12-10 19:00:36 - [MESSAGE][PASSED] - Navigate to 'https://assist2-uat.perkeso.gov.my/login' successfully

2018-12-10 19:00:36 - [TEST_STEP][PASSED] - setText: Text 'johorotc1@gmail.com' is set on object 'Object Repository/Final Object Repo/Login Page/Internal User/Email Address'

2018-12-10 19:00:36 - [MESSAGE][PASSED] - Text 'johorotc1@gmail.com' is set on object 'Object Repository/Final Object Repo/Login Page/Internal User/Email Address'

2018-12-10 19:00:36 - [TEST_STEP][PASSED] - click: Object: 'Object Repository/Final Object Repo/Login Page/Internal User/Next Button' is clicked on

2018-12-10 19:00:36 - [MESSAGE][PASSED] - Object: 'Object Repository/Final Object Repo/Login Page/Internal User/Next Button' is clicked on

2018-12-10 19:00:36 - [TEST_STEP][PASSED] - delay: Delayed 1 second(s)

2018-12-10 19:00:37 - [MESSAGE][PASSED] - Delayed 1 second(s)

2018-12-10 19:00:37 - [TEST_STEP][PASSED] - setEncryptedText: Text ****** has been set on object 'Object Repository/Final Object Repo/Login Page/Internal User/Password'

2018-12-10 19:00:37 - [MESSAGE][PASSED] - Text ****** has been set on object 'Object Repository/Final Object Repo/Login Page/Internal User/Password'

2018-12-10 19:00:37 - [TEST_STEP][PASSED] - click: Object: 'Object Repository/Final Object Repo/Login Page/Internal User/Login Button' is clicked on

2018-12-10 19:00:38 - [MESSAGE][PASSED] - Object: 'Object Repository/Final Object Repo/Login Page/Internal User/Login Button' is clicked on

2018-12-10 19:00:38 - [TEST_STEP][PASSED] - Statement - Try: null

2018-12-10 19:00:38 - [TEST_STEP][PASSED] - Statement - Checker = com.kms.katalon.core.webui.keyword.WebUiBuiltInKeywords.verifyElementNotPresent("Final Object Repo/Landing Page/Select to English", 3): null

2018-12-10 19:00:38 - [TEST_STEP][PASSED] - Statement - Catch (Exception e): null

2018-12-10 19:00:38 - [TEST_STEP][PASSED] - Statement - e.printStackTrace(): null

2018-12-10 19:00:38 - [TEST_STEP][PASSED] - delay: Delayed 4 second(s)

2018-12-10 19:00:42 - [MESSAGE][PASSED] - Delayed 4 second(s)

2018-12-10 19:00:42 - [TEST_STEP][PASSED] - navigateToUrl: Navigate to 'https://assist2-uat.perkeso.gov.my/web/registration/update/update-employer-information' successfully

2018-12-10 19:00:42 - [MESSAGE][PASSED] - Navigate to 'https://assist2-uat.perkeso.gov.my/web/registration/update/update-employer-information' successfully

2018-12-10 19:00:42 - [TEST_STEP][PASSED] - setText: Text 'E1102001065V ' is set on object 'Object Repository/Final Object Repo/Page_Update Employer Information/Employer Code'

2018-12-10 19:00:43 - [MESSAGE][PASSED] - Text 'E1102001065V ' is set on object 'Object Repository/Final Object Repo/Page_Update Employer Information/Employer Code'

2018-12-10 19:00:43 - [TEST_STEP][PASSED] - click: Object: 'Object Repository/Final Object Repo/Page_Update Employer Information/Search Button' is clicked on

2018-12-10 19:00:43 - [MESSAGE][PASSED] - Object: 'Object Repository/Final Object Repo/Page_Update Employer Information/Search Button' is clicked on

2018-12-10 19:00:43 - [TEST_STEP][PASSED] - click: Object: 'Object Repository/Final Object Repo/Page_Update Employer Information/Edit Button' is clicked on

2018-12-10 19:00:46 - [MESSAGE][PASSED] - Object: 'Object Repository/Final Object Repo/Page_Update Employer Information/Edit Button' is clicked on

2018-12-10 19:00:46 - [TEST_STEP][NOT_RUN] - clearText: NOT_RUN: clearText

2018-12-10 19:00:46 - [MESSAGE][NOT_RUN] - NOT_RUN: clearText

2018-12-10 19:00:46 - [TEST_STEP][NOT_RUN] - setText: NOT_RUN: setText

2018-12-10 19:00:46 - [MESSAGE][NOT_RUN] - NOT_RUN: setText

2018-12-10 19:00:46 - [TEST_STEP][PASSED] - clearText: Text of object 'Object Repository/Final Object Repo/Page_Update Employer Information/Page_Update Employer Information (Normal Flow)/Address' is cleared

2018-12-10 19:00:46 - [MESSAGE][PASSED] - Text of object 'Object Repository/Final Object Repo/Page_Update Employer Information/Page_Update Employer Information (Normal Flow)/Address' is cleared

2018-12-10 19:00:46 - [TEST_STEP][PASSED] - setText: Text 'address' is set on object 'Object Repository/Final Object Repo/Page_Update Employer Information/Page_Update Employer Information (Normal Flow)/Address'

2018-12-10 19:00:47 - [MESSAGE][PASSED] - Text 'address' is set on object 'Object Repository/Final Object Repo/Page_Update Employer Information/Page_Update Employer Information (Normal Flow)/Address'

2018-12-10 19:00:47 - [TEST_STEP][PASSED] - clearText: Text of object 'Object Repository/Final Object Repo/Page_Update Employer Information/Page_Update Employer Information (Normal Flow)/input_P.O. Box' is cleared

2018-12-10 19:00:47 - [MESSAGE][PASSED] - Text of object 'Object Repository/Final Object Repo/Page_Update Employer Information/Page_Update Employer Information (Normal Flow)/input_P.O. Box' is cleared

2018-12-10 19:00:47 - [TEST_STEP][PASSED] - setText: Text '100' is set on object 'Object Repository/Final Object Repo/Page_Update Employer Information/Page_Update Employer Information (Normal Flow)/input_P.O. Box'

2018-12-10 19:00:47 - [MESSAGE][PASSED] - Text '100' is set on object 'Object Repository/Final Object Repo/Page_Update Employer Information/Page_Update Employer Information (Normal Flow)/input_P.O. Box'

2018-12-10 19:00:47 - [TEST_STEP][PASSED] - clearText: Text of object 'Object Repository/Final Object Repo/Page_Update Employer Information/Page_Update Employer Information (Normal Flow)/Locked Bag No' is cleared

2018-12-10 19:00:47 - [MESSAGE][PASSED] - Text of object 'Object Repository/Final Object Repo/Page_Update Employer Information/Page_Update Employer Information (Normal Flow)/Locked Bag No' is cleared

2018-12-10 19:00:47 - [TEST_STEP][PASSED] - setText: Text '100' is set on object 'Object Repository/Final Object Repo/Page_Update Employer Information/Page_Update Employer Information (Normal Flow)/Locked Bag No'

2018-12-10 19:00:47 - [MESSAGE][PASSED] - Text '100' is set on object 'Object Repository/Final Object Repo/Page_Update Employer Information/Page_Update Employer Information (Normal Flow)/Locked Bag No'

2018-12-10 19:00:47 - [TEST_STEP][PASSED] - clearText: Text of object 'Object Repository/Final Object Repo/Page_Update Employer Information/Page_Update Employer Information (Normal Flow)/Email' is cleared

2018-12-10 19:00:48 - [MESSAGE][PASSED] - Text of object 'Object Repository/Final Object Repo/Page_Update Employer Information/Page_Update Employer Information (Normal Flow)/Email' is cleared

2018-12-10 19:00:48 - [TEST_STEP][PASSED] - setText: Text 'perkeso@gmail.com' is set on object 'Object Repository/Final Object Repo/Page_Update Employer Information/Page_Update Employer Information (Normal Flow)/Email'

2018-12-10 19:00:48 - [MESSAGE][PASSED] - Text 'perkeso@gmail.com' is set on object 'Object Repository/Final Object Repo/Page_Update Employer Information/Page_Update Employer Information (Normal Flow)/Email'

2018-12-10 19:00:48 - [TEST_STEP][PASSED] - delay: Delayed 4 second(s)

2018-12-10 19:00:52 - [MESSAGE][PASSED] - Delayed 4 second(s)

2018-12-10 19:00:52 - [TEST_STEP][PASSED] - click: Object: 'Object Repository/Final Object Repo/Page_Update Employer Information/Save  Continue' is clicked on

2018-12-10 19:00:52 - [MESSAGE][PASSED] - Object: 'Object Repository/Final Object Repo/Page_Update Employer Information/Save  Continue' is clicked on

2018-12-10 19:00:52 - [TEST_STEP][PASSED] - delay: Delayed 4 second(s)

2018-12-10 19:00:56 - [MESSAGE][PASSED] - Delayed 4 second(s)

2018-12-10 19:00:56 - [TEST_STEP][PASSED] - click: Object: 'Object Repository/Final Object Repo/Page_Update Employer Information/Page_Update Employer Information UO (Query -OTC -UO)/Add Document' is clicked on

2018-12-10 19:00:56 - [MESSAGE][PASSED] - Object: 'Object Repository/Final Object Repo/Page_Update Employer Information/Page_Update Employer Information UO (Query -OTC -UO)/Add Document' is clicked on

2018-12-10 19:00:56 - [TEST_STEP][PASSED] - delay: Delayed 3 second(s)

2018-12-10 19:00:59 - [MESSAGE][PASSED] - Delayed 3 second(s)

2018-12-10 19:00:59 - [TEST_STEP][PASSED] - click: Object: 'Object Repository/Final Object Repo/Page_Update Employer Information/Page_Update Employer Information UO (Query -OTC -UO)/Document Type' is clicked on

2018-12-10 19:01:00 - [MESSAGE][PASSED] - Object: 'Object Repository/Final Object Repo/Page_Update Employer Information/Page_Update Employer Information UO (Query -OTC -UO)/Document Type' is clicked on

2018-12-10 19:01:00 - [TEST_STEP][PASSED] - click: Object: 'Object Repository/Final Object Repo/Page_Update Employer Information/Page_Update Employer Information UO (Query -OTC -UO)/Document Type - Other' is clicked on

2018-12-10 19:01:00 - [MESSAGE][PASSED] - Object: 'Object Repository/Final Object Repo/Page_Update Employer Information/Page_Update Employer Information UO (Query -OTC -UO)/Document Type - Other' is clicked on

2018-12-10 19:01:00 - [TEST_STEP][PASSED] - delay: Delayed 2 second(s)

2018-12-10 19:01:02 - [MESSAGE][PASSED] - Delayed 2 second(s)

2018-12-10 19:01:02 - [TEST_STEP][PASSED] - sendKeys: Keys 'C:\Users\Public\Pictures\Sample Pictures\Koala.jpg' sent to object: 'Object Repository/Final Object Repo/Page_Update Employer Information/Page_Update Employer Information UO (Query -OTC -UO)/Uploading File'

2018-12-10 19:01:02 - [MESSAGE][PASSED] - Keys 'C:\Users\Public\Pictures\Sample Pictures\Koala.jpg' sent to object: 'Object Repository/Final Object Repo/Page_Update Employer Information/Page_Update Employer Information UO (Query -OTC -UO)/Uploading File'

2018-12-10 19:01:02 - [TEST_STEP][PASSED] - delay: Delayed 2 second(s)

2018-12-10 19:01:04 - [MESSAGE][PASSED] - Delayed 2 second(s)

2018-12-10 19:01:04 - [TEST_STEP][PASSED] - click: Object: 'Object Repository/Final Object Repo/Page_Update Employer Information/Page_Update Employer Information UO (Query -OTC -UO)/Add Document in Uploading Page' is clicked on

2018-12-10 19:01:04 - [MESSAGE][PASSED] - Object: 'Object Repository/Final Object Repo/Page_Update Employer Information/Page_Update Employer Information UO (Query -OTC -UO)/Add Document in Uploading Page' is clicked on

2018-12-10 19:01:04 - [TEST_STEP][PASSED] - delay: Delayed 4 second(s)

2018-12-10 19:01:08 - [MESSAGE][PASSED] - Delayed 4 second(s)

2018-12-10 19:01:08 - [TEST_STEP][PASSED] - click: Object: 'Object Repository/Final Object Repo/Page_Update Employer Information/Save  Continue (1)' is clicked on

2018-12-10 19:01:08 - [MESSAGE][PASSED] - Object: 'Object Repository/Final Object Repo/Page_Update Employer Information/Save  Continue (1)' is clicked on

2018-12-10 19:01:08 - [TEST_STEP][PASSED] - delay: Delayed 4 second(s)

2018-12-10 19:01:12 - [MESSAGE][PASSED] - Delayed 4 second(s)

2018-12-10 19:01:12 - [TEST_STEP][PASSED] - click: Object: 'Object Repository/Final Object Repo/Page_Update Employer Information/Submit - Copy' is clicked on

2018-12-10 19:01:12 - [MESSAGE][PASSED] - Object: 'Object Repository/Final Object Repo/Page_Update Employer Information/Submit - Copy' is clicked on

2018-12-10 19:01:12 - [TEST_STEP][PASSED] - delay: Delayed 2 second(s)

2018-12-10 19:01:14 - [MESSAGE][PASSED] - Delayed 2 second(s)

2018-12-10 19:01:14 - [TEST_STEP][PASSED] - click: Object: 'Object Repository/Final Object Repo/Page_Update Employer Information/Confirm' is clicked on

2018-12-10 19:01:14 - [MESSAGE][PASSED] - Object: 'Object Repository/Final Object Repo/Page_Update Employer Information/Confirm' is clicked on]]></system-out>
         <system-err><![CDATA[]]></system-err>
      </testcase>
      <testcase name="Test Cases/Final Aug 2018 - PKS Automation/Registration Module/Critical Path/Update Add Supporting Document" classname="Test Cases/Final Aug 2018 - PKS Automation/Registration Module/Critical Path/Update Add Supporting Document" status="PASSED">
         <system-out><![CDATA[2018-12-10 19:01:14 - [TEST_CASE][PASSED] - Test Cases/Final Aug 2018 - PKS Automation/Registration Module/Critical Path/Update Add Supporting Document: Test Cases/Final Aug 2018 - PKS Automation/Registration Module/Critical Path/Update Add Supporting Document

2018-12-10 19:01:15 - [TEST_STEP][PASSED] - openBrowser: Browser is opened with url: ''

2018-12-10 19:01:15 - [MESSAGE][WARNING] - A browser is already opened. Closing browser and opening a new one

2018-12-10 19:01:18 - [MESSAGE][PASSED] - Browser is opened with url: ''

2018-12-10 19:01:18 - [TEST_STEP][PASSED] - navigateToUrl: Navigate to 'https://assist2-uat.perkeso.gov.my/login' successfully

2018-12-10 19:01:19 - [MESSAGE][PASSED] - Navigate to 'https://assist2-uat.perkeso.gov.my/login' successfully

2018-12-10 19:01:19 - [TEST_STEP][PASSED] - setText: Text 'johorotc1@gmail.com' is set on object 'Object Repository/Final Object Repo/Login Page/Internal User/Email Address'

2018-12-10 19:01:19 - [MESSAGE][PASSED] - Text 'johorotc1@gmail.com' is set on object 'Object Repository/Final Object Repo/Login Page/Internal User/Email Address'

2018-12-10 19:01:19 - [TEST_STEP][PASSED] - click: Object: 'Object Repository/Final Object Repo/Login Page/Internal User/Next Button' is clicked on

2018-12-10 19:01:19 - [MESSAGE][PASSED] - Object: 'Object Repository/Final Object Repo/Login Page/Internal User/Next Button' is clicked on

2018-12-10 19:01:19 - [TEST_STEP][PASSED] - delay: Delayed 1 second(s)

2018-12-10 19:01:20 - [MESSAGE][PASSED] - Delayed 1 second(s)

2018-12-10 19:01:20 - [TEST_STEP][PASSED] - setEncryptedText: Text ****** has been set on object 'Object Repository/Final Object Repo/Login Page/Internal User/Password'

2018-12-10 19:01:20 - [MESSAGE][PASSED] - Text ****** has been set on object 'Object Repository/Final Object Repo/Login Page/Internal User/Password'

2018-12-10 19:01:20 - [TEST_STEP][PASSED] - click: Object: 'Object Repository/Final Object Repo/Login Page/Internal User/Login Button' is clicked on

2018-12-10 19:01:21 - [MESSAGE][PASSED] - Object: 'Object Repository/Final Object Repo/Login Page/Internal User/Login Button' is clicked on

2018-12-10 19:01:21 - [TEST_STEP][PASSED] - Statement - Try: null

2018-12-10 19:01:21 - [TEST_STEP][PASSED] - Statement - Checker = com.kms.katalon.core.webui.keyword.WebUiBuiltInKeywords.verifyElementNotPresent("Final Object Repo/Landing Page/Select to English", 3): null

2018-12-10 19:01:21 - [TEST_STEP][PASSED] - Statement - Catch (Exception e): null

2018-12-10 19:01:21 - [TEST_STEP][PASSED] - Statement - e.printStackTrace(): null

2018-12-10 19:01:21 - [TEST_STEP][PASSED] - delay: Delayed 4 second(s)

2018-12-10 19:01:25 - [MESSAGE][PASSED] - Delayed 4 second(s)

2018-12-10 19:01:25 - [TEST_STEP][PASSED] - navigateToUrl: Navigate to 'https://assist2-uat.perkeso.gov.my/web/registration/update/update-add-supporting-document' successfully

2018-12-10 19:01:25 - [MESSAGE][PASSED] - Navigate to 'https://assist2-uat.perkeso.gov.my/web/registration/update/update-add-supporting-document' successfully

2018-12-10 19:01:25 - [TEST_STEP][PASSED] - setText: Text 'E1102001065V' is set on object 'Object Repository/Final Object Repo/Page_Update Add Supporting Document/Employer Code'

2018-12-10 19:01:26 - [MESSAGE][PASSED] - Text 'E1102001065V' is set on object 'Object Repository/Final Object Repo/Page_Update Add Supporting Document/Employer Code'

2018-12-10 19:01:26 - [TEST_STEP][PASSED] - click: Object: 'Object Repository/Final Object Repo/Page_Update Add Supporting Document/Search' is clicked on

2018-12-10 19:01:26 - [MESSAGE][PASSED] - Object: 'Object Repository/Final Object Repo/Page_Update Add Supporting Document/Search' is clicked on

2018-12-10 19:01:26 - [TEST_STEP][PASSED] - click: Object: 'Object Repository/Final Object Repo/Page_Update Add Supporting Document/Edit' is clicked on

2018-12-10 19:01:28 - [MESSAGE][PASSED] - Object: 'Object Repository/Final Object Repo/Page_Update Add Supporting Document/Edit' is clicked on

2018-12-10 19:01:28 - [TEST_STEP][PASSED] - click: Object: 'Object Repository/Final Object Repo/Page_Update Add Supporting Document/Add Document' is clicked on

2018-12-10 19:01:28 - [MESSAGE][PASSED] - Object: 'Object Repository/Final Object Repo/Page_Update Add Supporting Document/Add Document' is clicked on

2018-12-10 19:01:28 - [TEST_STEP][PASSED] - delay: Delayed 2 second(s)

2018-12-10 19:01:30 - [MESSAGE][PASSED] - Delayed 2 second(s)

2018-12-10 19:01:30 - [TEST_STEP][PASSED] - click: Object: 'Object Repository/Final Object Repo/Page_Update Add Supporting Document/Document Type' is clicked on

2018-12-10 19:01:31 - [MESSAGE][PASSED] - Object: 'Object Repository/Final Object Repo/Page_Update Add Supporting Document/Document Type' is clicked on

2018-12-10 19:01:31 - [TEST_STEP][PASSED] - delay: Delayed 2 second(s)

2018-12-10 19:01:33 - [MESSAGE][PASSED] - Delayed 2 second(s)

2018-12-10 19:01:33 - [TEST_STEP][PASSED] - click: Object: 'Object Repository/Final Object Repo/Page_Update Add Supporting Document/Document Type - Other' is clicked on

2018-12-10 19:01:33 - [MESSAGE][PASSED] - Object: 'Object Repository/Final Object Repo/Page_Update Add Supporting Document/Document Type - Other' is clicked on

2018-12-10 19:01:33 - [TEST_STEP][PASSED] - delay: Delayed 2 second(s)

2018-12-10 19:01:35 - [MESSAGE][PASSED] - Delayed 2 second(s)

2018-12-10 19:01:35 - [TEST_STEP][PASSED] - sendKeys: Keys 'C:\Users\Public\Pictures\Sample Pictures\Koala.jpg' sent to object: 'Object Repository/Final Object Repo/Page_Update Add Supporting Document/Uploading File'

2018-12-10 19:01:35 - [MESSAGE][PASSED] - Keys 'C:\Users\Public\Pictures\Sample Pictures\Koala.jpg' sent to object: 'Object Repository/Final Object Repo/Page_Update Add Supporting Document/Uploading File'

2018-12-10 19:01:35 - [TEST_STEP][PASSED] - delay: Delayed 2 second(s)

2018-12-10 19:01:37 - [MESSAGE][PASSED] - Delayed 2 second(s)

2018-12-10 19:01:37 - [TEST_STEP][PASSED] - click: Object: 'Object Repository/Final Object Repo/Page_Update Add Supporting Document/Add Document in uploading page' is clicked on

2018-12-10 19:01:37 - [MESSAGE][PASSED] - Object: 'Object Repository/Final Object Repo/Page_Update Add Supporting Document/Add Document in uploading page' is clicked on

2018-12-10 19:01:37 - [TEST_STEP][PASSED] - delay: Delayed 2 second(s)

2018-12-10 19:01:39 - [MESSAGE][PASSED] - Delayed 2 second(s)

2018-12-10 19:01:39 - [TEST_STEP][PASSED] - click: Object: 'Object Repository/Final Object Repo/Page_Update Add Supporting Document/Save and Continue in Uploading Page' is clicked on

2018-12-10 19:01:41 - [MESSAGE][PASSED] - Object: 'Object Repository/Final Object Repo/Page_Update Add Supporting Document/Save and Continue in Uploading Page' is clicked on

2018-12-10 19:01:41 - [TEST_STEP][PASSED] - delay: Delayed 2 second(s)

2018-12-10 19:01:43 - [MESSAGE][PASSED] - Delayed 2 second(s)

2018-12-10 19:01:43 - [TEST_STEP][PASSED] - click: Object: 'Object Repository/Final Object Repo/Page_Update Add Supporting Document/Submit' is clicked on

2018-12-10 19:01:45 - [MESSAGE][PASSED] - Object: 'Object Repository/Final Object Repo/Page_Update Add Supporting Document/Submit' is clicked on]]></system-out>
         <system-err><![CDATA[]]></system-err>
      </testcase>
      <testcase name="Test Cases/Final Aug 2018 - PKS Automation/Registration Module/Update Director and Owner Information/Update Director and Owner Information" classname="Test Cases/Final Aug 2018 - PKS Automation/Registration Module/Update Director and Owner Information/Update Director and Owner Information" status="PASSED">
         <system-out><![CDATA[2018-12-10 19:01:45 - [TEST_CASE][PASSED] - Test Cases/Final Aug 2018 - PKS Automation/Registration Module/Update Director and Owner Information/Update Director and Owner Information: Test Cases/Final Aug 2018 - PKS Automation/Registration Module/Update Director and Owner Information/Update Director and Owner Information

2018-12-10 19:01:45 - [TEST_STEP][PASSED] - openBrowser: Browser is opened with url: ''

2018-12-10 19:01:45 - [MESSAGE][WARNING] - A browser is already opened. Closing browser and opening a new one

2018-12-10 19:01:48 - [MESSAGE][PASSED] - Browser is opened with url: ''

2018-12-10 19:01:48 - [TEST_STEP][PASSED] - navigateToUrl: Navigate to 'https://assist2-uat.perkeso.gov.my/login' successfully

2018-12-10 19:01:49 - [MESSAGE][PASSED] - Navigate to 'https://assist2-uat.perkeso.gov.my/login' successfully

2018-12-10 19:01:49 - [TEST_STEP][PASSED] - setText: Text 'johorotc1@gmail.com' is set on object 'Object Repository/Final Object Repo/Login Page/Internal User/Email Address'

2018-12-10 19:01:50 - [MESSAGE][PASSED] - Text 'johorotc1@gmail.com' is set on object 'Object Repository/Final Object Repo/Login Page/Internal User/Email Address'

2018-12-10 19:01:50 - [TEST_STEP][PASSED] - click: Object: 'Object Repository/Final Object Repo/Login Page/Internal User/Next Button' is clicked on

2018-12-10 19:01:50 - [MESSAGE][PASSED] - Object: 'Object Repository/Final Object Repo/Login Page/Internal User/Next Button' is clicked on

2018-12-10 19:01:50 - [TEST_STEP][PASSED] - delay: Delayed 1 second(s)

2018-12-10 19:01:51 - [MESSAGE][PASSED] - Delayed 1 second(s)

2018-12-10 19:01:51 - [TEST_STEP][PASSED] - setEncryptedText: Text ****** has been set on object 'Object Repository/Final Object Repo/Login Page/Internal User/Password'

2018-12-10 19:01:51 - [MESSAGE][PASSED] - Text ****** has been set on object 'Object Repository/Final Object Repo/Login Page/Internal User/Password'

2018-12-10 19:01:51 - [TEST_STEP][PASSED] - click: Object: 'Object Repository/Final Object Repo/Login Page/Internal User/Login Button' is clicked on

2018-12-10 19:01:51 - [MESSAGE][PASSED] - Object: 'Object Repository/Final Object Repo/Login Page/Internal User/Login Button' is clicked on

2018-12-10 19:01:51 - [TEST_STEP][PASSED] - delay: Delayed 1 second(s)

2018-12-10 19:01:52 - [MESSAGE][PASSED] - Delayed 1 second(s)

2018-12-10 19:01:52 - [TEST_STEP][PASSED] - Statement - Try: Delayed 2 second(s)

2018-12-10 19:01:52 - [TEST_STEP][PASSED] - Statement - Checker = false: null

2018-12-10 19:01:52 - [TEST_STEP][PASSED] - Statement - Checker = com.kms.katalon.core.webui.keyword.WebUiBuiltInKeywords.verifyElementHasAttribute(com.kms.katalon.core.testobject.ObjectRepository.findTestObject(Final Object Repo/Landing Page/BM Detecting), "href", 20, OPTIONAL): Object 'Object Repository/Final Object Repo/Landing Page/BM Detecting' has attribute 'href'

2018-12-10 19:01:53 - [MESSAGE][PASSED] - Object 'Object Repository/Final Object Repo/Landing Page/BM Detecting' has attribute 'href'

2018-12-10 19:01:53 - [TEST_STEP][PASSED] - Statement - out.println(Checker): null

2018-12-10 19:01:53 - [TEST_STEP][PASSED] - Statement - If (Checker == false): null

2018-12-10 19:01:53 - [TEST_STEP][PASSED] - Statement - Else: null

2018-12-10 19:01:53 - [TEST_STEP][PASSED] - delay: Delayed 2 second(s)

2018-12-10 19:01:55 - [MESSAGE][PASSED] - Delayed 2 second(s)

2018-12-10 19:01:55 - [TEST_STEP][PASSED] - navigateToUrl: Navigate to 'https://assist2-uat.perkeso.gov.my/web/registration/update/update-director/owner-information' successfully

2018-12-10 19:01:56 - [MESSAGE][PASSED] - Navigate to 'https://assist2-uat.perkeso.gov.my/web/registration/update/update-director/owner-information' successfully

2018-12-10 19:01:56 - [TEST_STEP][PASSED] - setText: Text 'E1102001065V' is set on object 'Object Repository/Final Object Repo/Page_Update DirectorOwner Information/Employer Code'

2018-12-10 19:01:56 - [MESSAGE][PASSED] - Text 'E1102001065V' is set on object 'Object Repository/Final Object Repo/Page_Update DirectorOwner Information/Employer Code'

2018-12-10 19:01:56 - [TEST_STEP][PASSED] - click: Object: 'Object Repository/Final Object Repo/Page_Update DirectorOwner Information/Search' is clicked on

2018-12-10 19:01:57 - [MESSAGE][PASSED] - Object: 'Object Repository/Final Object Repo/Page_Update DirectorOwner Information/Search' is clicked on

2018-12-10 19:01:57 - [TEST_STEP][PASSED] - click: Object: 'Object Repository/Final Object Repo/Page_Update DirectorOwner Information/Edit' is clicked on

2018-12-10 19:02:01 - [MESSAGE][PASSED] - Object: 'Object Repository/Final Object Repo/Page_Update DirectorOwner Information/Edit' is clicked on

2018-12-10 19:02:01 - [TEST_STEP][PASSED] - delay: Delayed 3 second(s)

2018-12-10 19:02:04 - [MESSAGE][PASSED] - Delayed 3 second(s)

2018-12-10 19:02:04 - [TEST_STEP][PASSED] - click: Object: 'Object Repository/Final Object Repo/Page_Update DirectorOwner Information/Add Director' is clicked on

2018-12-10 19:02:04 - [MESSAGE][PASSED] - Object: 'Object Repository/Final Object Repo/Page_Update DirectorOwner Information/Add Director' is clicked on

2018-12-10 19:02:04 - [TEST_STEP][PASSED] - click: Object: 'Object Repository/Final Object Repo/Page_Update DirectorOwner Information/Identification Type' is clicked on

2018-12-10 19:02:05 - [MESSAGE][PASSED] - Object: 'Object Repository/Final Object Repo/Page_Update DirectorOwner Information/Identification Type' is clicked on

2018-12-10 19:02:05 - [TEST_STEP][PASSED] - click: Object: 'Object Repository/Final Object Repo/Page_Update DirectorOwner Information/Identification Type - IC' is clicked on

2018-12-10 19:02:06 - [MESSAGE][PASSED] - Object: 'Object Repository/Final Object Repo/Page_Update DirectorOwner Information/Identification Type - IC' is clicked on

2018-12-10 19:02:06 - [TEST_STEP][PASSED] - setText: Text '123456789012' is set on object 'Object Repository/Final Object Repo/Page_Update DirectorOwner Information/IC Number'

2018-12-10 19:02:06 - [MESSAGE][PASSED] - Text '123456789012' is set on object 'Object Repository/Final Object Repo/Page_Update DirectorOwner Information/IC Number'

2018-12-10 19:02:06 - [TEST_STEP][PASSED] - setText: Text 'perkeso' is set on object 'Object Repository/Final Object Repo/Page_Update DirectorOwner Information/input_DirectorOwner Name__sear'

2018-12-10 19:02:06 - [MESSAGE][PASSED] - Text 'perkeso' is set on object 'Object Repository/Final Object Repo/Page_Update DirectorOwner Information/input_DirectorOwner Name__sear'

2018-12-10 19:02:06 - [TEST_STEP][PASSED] - sendKeys: Keys 'address1' sent to object: 'Object Repository/Final Object Repo/Page_Update DirectorOwner Information/Address1'

2018-12-10 19:02:07 - [MESSAGE][PASSED] - Keys 'address1' sent to object: 'Object Repository/Final Object Repo/Page_Update DirectorOwner Information/Address1'

2018-12-10 19:02:07 - [TEST_STEP][PASSED] - sendKeys: Keys 'address2' sent to object: 'Object Repository/Final Object Repo/Page_Update DirectorOwner Information/Address2'

2018-12-10 19:02:07 - [MESSAGE][PASSED] - Keys 'address2' sent to object: 'Object Repository/Final Object Repo/Page_Update DirectorOwner Information/Address2'

2018-12-10 19:02:07 - [TEST_STEP][PASSED] - setText: Text 'address3' is set on object 'Object Repository/Final Object Repo/Page_Update DirectorOwner Information/Address3'

2018-12-10 19:02:07 - [MESSAGE][PASSED] - Text 'address3' is set on object 'Object Repository/Final Object Repo/Page_Update DirectorOwner Information/Address3'

2018-12-10 19:02:07 - [TEST_STEP][PASSED] - click: Object: 'Object Repository/Final Object Repo/Page_Update DirectorOwner Information/State' is clicked on

2018-12-10 19:02:08 - [MESSAGE][PASSED] - Object: 'Object Repository/Final Object Repo/Page_Update DirectorOwner Information/State' is clicked on

2018-12-10 19:02:08 - [TEST_STEP][PASSED] - delay: Delayed 2 second(s)

2018-12-10 19:02:10 - [MESSAGE][PASSED] - Delayed 2 second(s)

2018-12-10 19:02:10 - [TEST_STEP][PASSED] - click: Object: 'Object Repository/Final Object Repo/Page_Update DirectorOwner Information/State - Johor' is clicked on

2018-12-10 19:02:10 - [MESSAGE][PASSED] - Object: 'Object Repository/Final Object Repo/Page_Update DirectorOwner Information/State - Johor' is clicked on

2018-12-10 19:02:10 - [TEST_STEP][PASSED] - click: Object: 'Object Repository/Final Object Repo/Page_Update DirectorOwner Information/City' is clicked on

2018-12-10 19:02:10 - [MESSAGE][PASSED] - Object: 'Object Repository/Final Object Repo/Page_Update DirectorOwner Information/City' is clicked on

2018-12-10 19:02:10 - [TEST_STEP][PASSED] - delay: Delayed 2 second(s)

2018-12-10 19:02:12 - [MESSAGE][PASSED] - Delayed 2 second(s)

2018-12-10 19:02:12 - [TEST_STEP][PASSED] - setText: Text 'joh' is set on object 'Object Repository/Final Object Repo/Page_Update DirectorOwner Information/City - joh'

2018-12-10 19:02:12 - [MESSAGE][PASSED] - Text 'joh' is set on object 'Object Repository/Final Object Repo/Page_Update DirectorOwner Information/City - joh'

2018-12-10 19:02:12 - [TEST_STEP][PASSED] - delay: Delayed 2 second(s)

2018-12-10 19:02:14 - [MESSAGE][PASSED] - Delayed 2 second(s)

2018-12-10 19:02:14 - [TEST_STEP][PASSED] - click: Object: 'Object Repository/Final Object Repo/Page_Update DirectorOwner Information/span_JOHOR BAHRU' is clicked on

2018-12-10 19:02:15 - [MESSAGE][PASSED] - Object: 'Object Repository/Final Object Repo/Page_Update DirectorOwner Information/span_JOHOR BAHRU' is clicked on

2018-12-10 19:02:15 - [TEST_STEP][PASSED] - click: Object: 'Object Repository/Final Object Repo/Page_Update DirectorOwner Information/PostCode' is clicked on

2018-12-10 19:02:15 - [MESSAGE][PASSED] - Object: 'Object Repository/Final Object Repo/Page_Update DirectorOwner Information/PostCode' is clicked on

2018-12-10 19:02:15 - [TEST_STEP][PASSED] - delay: Delayed 2 second(s)

2018-12-10 19:02:17 - [MESSAGE][PASSED] - Delayed 2 second(s)

2018-12-10 19:02:17 - [TEST_STEP][PASSED] - setText: Text '810' is set on object 'Object Repository/Final Object Repo/Page_Update DirectorOwner Information/Post Code'

2018-12-10 19:02:17 - [MESSAGE][PASSED] - Text '810' is set on object 'Object Repository/Final Object Repo/Page_Update DirectorOwner Information/Post Code'

2018-12-10 19:02:17 - [TEST_STEP][PASSED] - delay: Delayed 3 second(s)

2018-12-10 19:02:20 - [MESSAGE][PASSED] - Delayed 3 second(s)

2018-12-10 19:02:20 - [TEST_STEP][PASSED] - click: Object: 'Object Repository/Final Object Repo/Page_Update DirectorOwner Information/span_81000' is clicked on

2018-12-10 19:02:21 - [MESSAGE][PASSED] - Object: 'Object Repository/Final Object Repo/Page_Update DirectorOwner Information/span_81000' is clicked on

2018-12-10 19:02:21 - [TEST_STEP][PASSED] - setText: Text '100' is set on object 'Object Repository/Final Object Repo/Page_Update DirectorOwner Information/input_P.O. Box'

2018-12-10 19:02:21 - [MESSAGE][PASSED] - Text '100' is set on object 'Object Repository/Final Object Repo/Page_Update DirectorOwner Information/input_P.O. Box'

2018-12-10 19:02:21 - [TEST_STEP][PASSED] - setText: Text '100' is set on object 'Object Repository/Final Object Repo/Page_Update DirectorOwner Information/Locked Bag No'

2018-12-10 19:02:21 - [MESSAGE][PASSED] - Text '100' is set on object 'Object Repository/Final Object Repo/Page_Update DirectorOwner Information/Locked Bag No'

2018-12-10 19:02:21 - [TEST_STEP][PASSED] - setText: Text '123456789' is set on object 'Object Repository/Final Object Repo/Page_Update DirectorOwner Information/Telephone Number'

2018-12-10 19:02:22 - [MESSAGE][PASSED] - Text '123456789' is set on object 'Object Repository/Final Object Repo/Page_Update DirectorOwner Information/Telephone Number'

2018-12-10 19:02:22 - [TEST_STEP][PASSED] - setText: Text '123456789' is set on object 'Object Repository/Final Object Repo/Page_Update DirectorOwner Information/Mobile Number'

2018-12-10 19:02:22 - [MESSAGE][PASSED] - Text '123456789' is set on object 'Object Repository/Final Object Repo/Page_Update DirectorOwner Information/Mobile Number'

2018-12-10 19:02:22 - [TEST_STEP][PASSED] - setText: Text '123456789' is set on object 'Object Repository/Final Object Repo/Page_Update DirectorOwner Information/Fax Number'

2018-12-10 19:02:23 - [MESSAGE][PASSED] - Text '123456789' is set on object 'Object Repository/Final Object Repo/Page_Update DirectorOwner Information/Fax Number'

2018-12-10 19:02:23 - [TEST_STEP][PASSED] - setText: Text 'perkeso@gmail.com' is set on object 'Object Repository/Final Object Repo/Page_Update DirectorOwner Information/Email'

2018-12-10 19:02:23 - [MESSAGE][PASSED] - Text 'perkeso@gmail.com' is set on object 'Object Repository/Final Object Repo/Page_Update DirectorOwner Information/Email'

2018-12-10 19:02:23 - [TEST_STEP][PASSED] - click: Object: 'Object Repository/Final Object Repo/Page_Update DirectorOwner Information/Marital Status' is clicked on

2018-12-10 19:02:23 - [MESSAGE][PASSED] - Object: 'Object Repository/Final Object Repo/Page_Update DirectorOwner Information/Marital Status' is clicked on

2018-12-10 19:02:23 - [TEST_STEP][PASSED] - click: Object: 'Object Repository/Final Object Repo/Page_Update DirectorOwner Information/span_Widow  Widower' is clicked on

2018-12-10 19:02:24 - [MESSAGE][PASSED] - Object: 'Object Repository/Final Object Repo/Page_Update DirectorOwner Information/span_Widow  Widower' is clicked on

2018-12-10 19:02:24 - [TEST_STEP][PASSED] - click: Object: 'Object Repository/Final Object Repo/Page_Update DirectorOwner Information/a_SAVE' is clicked on

2018-12-10 19:02:24 - [MESSAGE][PASSED] - Object: 'Object Repository/Final Object Repo/Page_Update DirectorOwner Information/a_SAVE' is clicked on]]></system-out>
         <system-err><![CDATA[]]></system-err>
      </testcase>
      <testcase name="Test Cases/Final Aug 2018 - PKS Automation/Registration Module/Workflow/Update Add New Employee/Template/New Company for Update Add New - Employer" classname="Test Cases/Final Aug 2018 - PKS Automation/Registration Module/Workflow/Update Add New Employee/Template/New Company for Update Add New - Employer" status="PASSED">
         <system-out><![CDATA[2018-12-10 19:02:24 - [TEST_CASE][PASSED] - Test Cases/Final Aug 2018 - PKS Automation/Registration Module/Workflow/Update Add New Employee/Template/New Company for Update Add New - Employer: Test Cases/Final Aug 2018 - PKS Automation/Registration Module/Workflow/Update Add New Employee/Template/New Company for Update Add New - Employer

2018-12-10 19:02:24 - [TEST_STEP][PASSED] - callTestCase: Call Test Case 'Test Cases/Final Aug 2018 - PKS Automation/Create Employer Acc/Create Employer Account' successfully

2018-12-10 19:02:24 - [TEST_CASE][PASSED] - Test Cases/Final Aug 2018 - PKS Automation/Create Employer Acc/Create Employer Account: Test Cases/Final Aug 2018 - PKS Automation/Create Employer Acc/Create Employer Account

2018-12-10 19:02:24 - [TEST_STEP][PASSED] - callTestCase: Call Test Case 'Test Cases/Final Aug 2018 - PKS Automation/Create Employer Acc/Template/Register Employer' successfully

2018-12-10 19:02:24 - [TEST_CASE][PASSED] - Test Cases/Final Aug 2018 - PKS Automation/Create Employer Acc/Template/Register Employer: Test Cases/Final Aug 2018 - PKS Automation/Create Employer Acc/Template/Register Employer

2018-12-10 19:02:25 - [TEST_STEP][PASSED] - openBrowser: Browser is opened with url: ''

2018-12-10 19:02:25 - [MESSAGE][WARNING] - A browser is already opened. Closing browser and opening a new one

2018-12-10 19:02:27 - [MESSAGE][PASSED] - Browser is opened with url: ''

2018-12-10 19:02:27 - [TEST_STEP][PASSED] - navigateToUrl: Navigate to 'https://assist2-uat.perkeso.gov.my/login' successfully

2018-12-10 19:02:28 - [MESSAGE][PASSED] - Navigate to 'https://assist2-uat.perkeso.gov.my/login' successfully

2018-12-10 19:02:28 - [TEST_STEP][PASSED] - setText: Text 'johorotc1@gmail.com' is set on object 'Object Repository/Final Object Repo/Login Page/Internal User/Email Address'

2018-12-10 19:02:29 - [MESSAGE][PASSED] - Text 'johorotc1@gmail.com' is set on object 'Object Repository/Final Object Repo/Login Page/Internal User/Email Address'

2018-12-10 19:02:29 - [TEST_STEP][PASSED] - click: Object: 'Object Repository/Final Object Repo/Login Page/Internal User/Next Button' is clicked on

2018-12-10 19:02:29 - [MESSAGE][PASSED] - Object: 'Object Repository/Final Object Repo/Login Page/Internal User/Next Button' is clicked on

2018-12-10 19:02:29 - [TEST_STEP][PASSED] - delay: Delayed 1 second(s)

2018-12-10 19:02:30 - [MESSAGE][PASSED] - Delayed 1 second(s)

2018-12-10 19:02:30 - [TEST_STEP][PASSED] - setEncryptedText: Text ****** has been set on object 'Object Repository/Final Object Repo/Login Page/Internal User/Password'

2018-12-10 19:02:30 - [MESSAGE][PASSED] - Text ****** has been set on object 'Object Repository/Final Object Repo/Login Page/Internal User/Password'

2018-12-10 19:02:30 - [TEST_STEP][PASSED] - click: Object: 'Object Repository/Final Object Repo/Login Page/Internal User/Login Button' is clicked on

2018-12-10 19:02:30 - [MESSAGE][PASSED] - Object: 'Object Repository/Final Object Repo/Login Page/Internal User/Login Button' is clicked on

2018-12-10 19:02:30 - [TEST_STEP][PASSED] - delay: Delayed 1 second(s)

2018-12-10 19:02:31 - [MESSAGE][PASSED] - Delayed 1 second(s)

2018-12-10 19:02:31 - [TEST_STEP][PASSED] - navigateToUrl: Navigate to 'https://assist2-uat.perkeso.gov.my/web/base/portal-id/registration' successfully

2018-12-10 19:02:33 - [MESSAGE][PASSED] - Navigate to 'https://assist2-uat.perkeso.gov.my/web/base/portal-id/registration' successfully

2018-12-10 19:02:33 - [TEST_STEP][PASSED] - setText: Text 'AUTOMATION EMPLOYER' is set on object 'Object Repository/Final Object Repo/Creating Employer Account/Page_Registration - ASSIST (Base)/Employer Name'

2018-12-10 19:02:33 - [MESSAGE][PASSED] - Text 'AUTOMATION EMPLOYER' is set on object 'Object Repository/Final Object Repo/Creating Employer Account/Page_Registration - ASSIST (Base)/Employer Name'

2018-12-10 19:02:33 - [TEST_STEP][PASSED] - delay: Delayed 2 second(s)

2018-12-10 19:02:35 - [MESSAGE][PASSED] - Delayed 2 second(s)

2018-12-10 19:02:35 - [TEST_STEP][PASSED] - click: Object: 'Object Repository/Final Object Repo/Creating Employer Account/Page_Registration - ASSIST (Base)/Registration Type' is clicked on

2018-12-10 19:02:35 - [MESSAGE][PASSED] - Object: 'Object Repository/Final Object Repo/Creating Employer Account/Page_Registration - ASSIST (Base)/Registration Type' is clicked on

2018-12-10 19:02:35 - [TEST_STEP][PASSED] - delay: Delayed 2 second(s)

2018-12-10 19:02:37 - [MESSAGE][PASSED] - Delayed 2 second(s)

2018-12-10 19:02:37 - [TEST_STEP][PASSED] - click: Object: 'Object Repository/Final Object Repo/Creating Employer Account/Page_Registration - ASSIST (Base)/Registration Type - Registration No' is clicked on

2018-12-10 19:02:38 - [MESSAGE][PASSED] - Object: 'Object Repository/Final Object Repo/Creating Employer Account/Page_Registration - ASSIST (Base)/Registration Type - Registration No' is clicked on

2018-12-10 19:02:38 - [TEST_STEP][PASSED] - delay: Delayed 2 second(s)

2018-12-10 19:02:40 - [MESSAGE][PASSED] - Delayed 2 second(s)

2018-12-10 19:02:40 - [TEST_STEP][PASSED] - setText: Text 'AUTOMATE001' is set on object 'Object Repository/Final Object Repo/Creating Employer Account/Page_Registration - ASSIST (Base)/Registration Number'

2018-12-10 19:02:40 - [MESSAGE][PASSED] - Text 'AUTOMATE001' is set on object 'Object Repository/Final Object Repo/Creating Employer Account/Page_Registration - ASSIST (Base)/Registration Number'

2018-12-10 19:02:40 - [TEST_STEP][PASSED] - delay: Delayed 2 second(s)

2018-12-10 19:02:42 - [MESSAGE][PASSED] - Delayed 2 second(s)

2018-12-10 19:02:42 - [TEST_STEP][PASSED] - setText: Text 'ADDRESS 1' is set on object 'Object Repository/Final Object Repo/Creating Employer Account/Page_Registration - ASSIST (Base)/Postal Address 1'

2018-12-10 19:02:42 - [MESSAGE][PASSED] - Text 'ADDRESS 1' is set on object 'Object Repository/Final Object Repo/Creating Employer Account/Page_Registration - ASSIST (Base)/Postal Address 1'

2018-12-10 19:02:42 - [TEST_STEP][PASSED] - setText: Text 'ADDRESS 2' is set on object 'Object Repository/Final Object Repo/Creating Employer Account/Page_Registration - ASSIST (Base)/Postal Address 2'

2018-12-10 19:02:43 - [MESSAGE][PASSED] - Text 'ADDRESS 2' is set on object 'Object Repository/Final Object Repo/Creating Employer Account/Page_Registration - ASSIST (Base)/Postal Address 2'

2018-12-10 19:02:43 - [TEST_STEP][PASSED] - click: Object: 'Object Repository/Final Object Repo/Creating Employer Account/Page_Registration - ASSIST (Base)/State' is clicked on

2018-12-10 19:02:43 - [MESSAGE][PASSED] - Object: 'Object Repository/Final Object Repo/Creating Employer Account/Page_Registration - ASSIST (Base)/State' is clicked on

2018-12-10 19:02:43 - [TEST_STEP][PASSED] - delay: Delayed 2 second(s)

2018-12-10 19:02:45 - [MESSAGE][PASSED] - Delayed 2 second(s)

2018-12-10 19:02:45 - [TEST_STEP][PASSED] - click: Object: 'Object Repository/Final Object Repo/Creating Employer Account/Page_Registration - ASSIST (Base)/State - Johor' is clicked on

2018-12-10 19:02:45 - [MESSAGE][PASSED] - Object: 'Object Repository/Final Object Repo/Creating Employer Account/Page_Registration - ASSIST (Base)/State - Johor' is clicked on

2018-12-10 19:02:45 - [TEST_STEP][PASSED] - delay: Delayed 2 second(s)

2018-12-10 19:02:47 - [MESSAGE][PASSED] - Delayed 2 second(s)

2018-12-10 19:02:47 - [TEST_STEP][PASSED] - click: Object: 'Object Repository/Final Object Repo/Creating Employer Account/Page_Registration - ASSIST (Base)/City' is clicked on

2018-12-10 19:02:47 - [MESSAGE][PASSED] - Object: 'Object Repository/Final Object Repo/Creating Employer Account/Page_Registration - ASSIST (Base)/City' is clicked on

2018-12-10 19:02:47 - [TEST_STEP][PASSED] - delay: Delayed 2 second(s)

2018-12-10 19:02:49 - [MESSAGE][PASSED] - Delayed 2 second(s)

2018-12-10 19:02:49 - [TEST_STEP][PASSED] - setText: Text 'joh' is set on object 'Object Repository/Final Object Repo/Creating Employer Account/Page_Registration - ASSIST (Base)/City - joh'

2018-12-10 19:02:49 - [MESSAGE][PASSED] - Text 'joh' is set on object 'Object Repository/Final Object Repo/Creating Employer Account/Page_Registration - ASSIST (Base)/City - joh'

2018-12-10 19:02:49 - [TEST_STEP][PASSED] - delay: Delayed 2 second(s)

2018-12-10 19:02:51 - [MESSAGE][PASSED] - Delayed 2 second(s)

2018-12-10 19:02:51 - [TEST_STEP][PASSED] - click: Object: 'Object Repository/Final Object Repo/Creating Employer Account/Page_Registration - ASSIST (Base)/City - Johor Bharu' is clicked on

2018-12-10 19:02:51 - [MESSAGE][PASSED] - Object: 'Object Repository/Final Object Repo/Creating Employer Account/Page_Registration - ASSIST (Base)/City - Johor Bharu' is clicked on

2018-12-10 19:02:51 - [TEST_STEP][PASSED] - delay: Delayed 2 second(s)

2018-12-10 19:02:53 - [MESSAGE][PASSED] - Delayed 2 second(s)

2018-12-10 19:02:53 - [TEST_STEP][PASSED] - click: Object: 'Object Repository/Final Object Repo/Creating Employer Account/Page_Registration - ASSIST (Base)/Post Code' is clicked on

2018-12-10 19:02:54 - [MESSAGE][PASSED] - Object: 'Object Repository/Final Object Repo/Creating Employer Account/Page_Registration - ASSIST (Base)/Post Code' is clicked on

2018-12-10 19:02:54 - [TEST_STEP][PASSED] - delay: Delayed 2 second(s)

2018-12-10 19:02:56 - [MESSAGE][PASSED] - Delayed 2 second(s)

2018-12-10 19:02:56 - [TEST_STEP][PASSED] - setText: Text '810' is set on object 'Object Repository/Final Object Repo/Creating Employer Account/Page_Registration - ASSIST (Base)/Post Code - 810'

2018-12-10 19:02:56 - [MESSAGE][PASSED] - Text '810' is set on object 'Object Repository/Final Object Repo/Creating Employer Account/Page_Registration - ASSIST (Base)/Post Code - 810'

2018-12-10 19:02:56 - [TEST_STEP][PASSED] - delay: Delayed 2 second(s)

2018-12-10 19:02:58 - [MESSAGE][PASSED] - Delayed 2 second(s)

2018-12-10 19:02:58 - [TEST_STEP][PASSED] - click: Object: 'Object Repository/Final Object Repo/Creating Employer Account/Page_Registration - ASSIST (Base)/Post Code - 81000' is clicked on

2018-12-10 19:02:58 - [MESSAGE][PASSED] - Object: 'Object Repository/Final Object Repo/Creating Employer Account/Page_Registration - ASSIST (Base)/Post Code - 81000' is clicked on

2018-12-10 19:02:58 - [TEST_STEP][PASSED] - delay: Delayed 2 second(s)

2018-12-10 19:03:00 - [MESSAGE][PASSED] - Delayed 2 second(s)

2018-12-10 19:03:00 - [TEST_STEP][PASSED] - setText: Text 'PERKESO' is set on object 'Object Repository/Final Object Repo/Creating Employer Account/Page_Registration - ASSIST (Base)/Full Name'

2018-12-10 19:03:00 - [MESSAGE][PASSED] - Text 'PERKESO' is set on object 'Object Repository/Final Object Repo/Creating Employer Account/Page_Registration - ASSIST (Base)/Full Name'

2018-12-10 19:03:00 - [TEST_STEP][PASSED] - Statement - rnd = new java.util.Random(): null

2018-12-10 19:03:00 - [TEST_STEP][PASSED] - Statement - snum = rnd.nextInt(899999 + 1) + 100000: null

2018-12-10 19:03:00 - [TEST_STEP][PASSED] - Statement - tnum = rnd.nextInt(899999 + 1) + 100000: null

2018-12-10 19:03:00 - [TEST_STEP][PASSED] - Statement - IC = java.lang.Integer.toString(snum) + java.lang.Integer.toString(tnum): null

2018-12-10 19:03:00 - [TEST_STEP][PASSED] - Statement - out.println(IC): null

2018-12-10 19:03:00 - [TEST_STEP][PASSED] - setText: Text '110614767873' is set on object 'Object Repository/Final Object Repo/Creating Employer Account/Page_Registration - ASSIST (Base)/Identification Number'

2018-12-10 19:03:01 - [MESSAGE][PASSED] - Text '110614767873' is set on object 'Object Repository/Final Object Repo/Creating Employer Account/Page_Registration - ASSIST (Base)/Identification Number'

2018-12-10 19:03:01 - [TEST_STEP][PASSED] - delay: Delayed 2 second(s)

2018-12-10 19:03:03 - [MESSAGE][PASSED] - Delayed 2 second(s)

2018-12-10 19:03:03 - [TEST_STEP][PASSED] - setText: Text '123456789012' is set on object 'Object Repository/Final Object Repo/Creating Employer Account/Page_Registration - ASSIST (Base)/Contact Number'

2018-12-10 19:03:03 - [MESSAGE][PASSED] - Text '123456789012' is set on object 'Object Repository/Final Object Repo/Creating Employer Account/Page_Registration - ASSIST (Base)/Contact Number'

2018-12-10 19:03:03 - [TEST_STEP][PASSED] - Statement - Email = "perkeso" + IC + "@gmail.com": null

2018-12-10 19:03:03 - [TEST_STEP][PASSED] - delay: Delayed 2 second(s)

2018-12-10 19:03:05 - [MESSAGE][PASSED] - Delayed 2 second(s)

2018-12-10 19:03:05 - [TEST_STEP][PASSED] - callTestCase: Call Test Case 'Test Cases/Final Aug 2018 - PKS Automation/Create Employer Acc/Template/Employer Email Settler' successfully

2018-12-10 19:03:05 - [TEST_CASE][PASSED] - Test Cases/Final Aug 2018 - PKS Automation/Create Employer Acc/Template/Employer Email Settler: Test Cases/Final Aug 2018 - PKS Automation/Create Employer Acc/Template/Employer Email Settler

2018-12-10 19:03:05 - [TEST_STEP][PASSED] - Statement - EmpEmailOld = new java.io.File(C://Users//Admin//Desktop//PKS//Automation Reference Point//EmpEmail.txt): null

2018-12-10 19:03:05 - [TEST_STEP][PASSED] - Statement - EmpEmailOld.delete(): null

2018-12-10 19:03:05 - [TEST_STEP][PASSED] - delay: Delayed 5 second(s)

2018-12-10 19:03:10 - [MESSAGE][PASSED] - Delayed 5 second(s)

2018-12-10 19:03:10 - [TEST_STEP][PASSED] - Statement - EmpEmail = new java.io.File(C://Users//Admin//Desktop//PKS//Automation Reference Point//EmpEmail.txt): null

2018-12-10 19:03:10 - [TEST_STEP][PASSED] - Statement - f2 = new java.io.FileWriter(EmpEmail, false): null

2018-12-10 19:03:10 - [TEST_STEP][PASSED] - Statement - f2.write(Email): null

2018-12-10 19:03:10 - [TEST_STEP][PASSED] - Statement - f2.close(): null

2018-12-10 19:03:10 - [TEST_STEP][PASSED] - Statement - out.println(Email): null

2018-12-10 19:03:10 - [MESSAGE][PASSED] - Call Test Case 'Test Cases/Final Aug 2018 - PKS Automation/Create Employer Acc/Template/Employer Email Settler' successfully

2018-12-10 19:03:10 - [TEST_STEP][PASSED] - delay: Delayed 2 second(s)

2018-12-10 19:03:12 - [MESSAGE][PASSED] - Delayed 2 second(s)

2018-12-10 19:03:12 - [TEST_STEP][PASSED] - setText: Text 'perkeso110614767873@gmail.com' is set on object 'Object Repository/Final Object Repo/Creating Employer Account/Page_Registration - ASSIST (Base)/Email'

2018-12-10 19:03:13 - [MESSAGE][PASSED] - Text 'perkeso110614767873@gmail.com' is set on object 'Object Repository/Final Object Repo/Creating Employer Account/Page_Registration - ASSIST (Base)/Email'

2018-12-10 19:03:13 - [TEST_STEP][PASSED] - setText: Text '123' is set on object 'Object Repository/Final Object Repo/Creating Employer Account/Page_Registration - ASSIST (Base)/Security Phase'

2018-12-10 19:03:13 - [MESSAGE][PASSED] - Text '123' is set on object 'Object Repository/Final Object Repo/Creating Employer Account/Page_Registration - ASSIST (Base)/Security Phase'

2018-12-10 19:03:13 - [TEST_STEP][PASSED] - click: Object: 'Object Repository/Final Object Repo/Creating Employer Account/Page_Registration - ASSIST (Base)/Save  Continue' is clicked on

2018-12-10 19:03:13 - [MESSAGE][PASSED] - Object: 'Object Repository/Final Object Repo/Creating Employer Account/Page_Registration - ASSIST (Base)/Save  Continue' is clicked on

2018-12-10 19:03:13 - [TEST_STEP][PASSED] - delay: Delayed 2 second(s)

2018-12-10 19:03:15 - [MESSAGE][PASSED] - Delayed 2 second(s)

2018-12-10 19:03:15 - [TEST_STEP][PASSED] - click: Object: 'Object Repository/Final Object Repo/Creating Employer Account/Page_Registration - ASSIST (Base)/Add Document' is clicked on

2018-12-10 19:03:15 - [MESSAGE][PASSED] - Object: 'Object Repository/Final Object Repo/Creating Employer Account/Page_Registration - ASSIST (Base)/Add Document' is clicked on

2018-12-10 19:03:15 - [TEST_STEP][PASSED] - delay: Delayed 2 second(s)

2018-12-10 19:03:17 - [MESSAGE][PASSED] - Delayed 2 second(s)

2018-12-10 19:03:17 - [TEST_STEP][PASSED] - click: Object: 'Object Repository/Final Object Repo/Creating Employer Account/Page_Registration - ASSIST (Base)/Document Type' is clicked on

2018-12-10 19:03:18 - [MESSAGE][PASSED] - Object: 'Object Repository/Final Object Repo/Creating Employer Account/Page_Registration - ASSIST (Base)/Document Type' is clicked on

2018-12-10 19:03:18 - [TEST_STEP][PASSED] - delay: Delayed 2 second(s)

2018-12-10 19:03:20 - [MESSAGE][PASSED] - Delayed 2 second(s)

2018-12-10 19:03:20 - [TEST_STEP][PASSED] - click: Object: 'Object Repository/Final Object Repo/Creating Employer Account/Page_Registration - ASSIST (Base)/Document Type - Letter of Authorization' is clicked on

2018-12-10 19:03:20 - [MESSAGE][PASSED] - Object: 'Object Repository/Final Object Repo/Creating Employer Account/Page_Registration - ASSIST (Base)/Document Type - Letter of Authorization' is clicked on

2018-12-10 19:03:20 - [TEST_STEP][PASSED] - delay: Delayed 2 second(s)

2018-12-10 19:03:22 - [MESSAGE][PASSED] - Delayed 2 second(s)

2018-12-10 19:03:22 - [TEST_STEP][PASSED] - sendKeys: Keys 'C:\Users\Public\Pictures\Sample Pictures\Koala.jpg' sent to object: 'Object Repository/Final Object Repo/Creating Employer Account/Page_Registration - ASSIST (Base)/Uploading File'

2018-12-10 19:03:22 - [MESSAGE][PASSED] - Keys 'C:\Users\Public\Pictures\Sample Pictures\Koala.jpg' sent to object: 'Object Repository/Final Object Repo/Creating Employer Account/Page_Registration - ASSIST (Base)/Uploading File'

2018-12-10 19:03:22 - [TEST_STEP][PASSED] - delay: Delayed 2 second(s)

2018-12-10 19:03:24 - [MESSAGE][PASSED] - Delayed 2 second(s)

2018-12-10 19:03:24 - [TEST_STEP][PASSED] - click: Object: 'Object Repository/Final Object Repo/Creating Employer Account/Page_Registration - ASSIST (Base)/Add Document in Uploading File' is clicked on

2018-12-10 19:03:24 - [MESSAGE][PASSED] - Object: 'Object Repository/Final Object Repo/Creating Employer Account/Page_Registration - ASSIST (Base)/Add Document in Uploading File' is clicked on

2018-12-10 19:03:24 - [TEST_STEP][PASSED] - delay: Delayed 2 second(s)

2018-12-10 19:03:26 - [MESSAGE][PASSED] - Delayed 2 second(s)

2018-12-10 19:03:26 - [TEST_STEP][PASSED] - click: Object: 'Object Repository/Final Object Repo/Creating Employer Account/Page_Registration - ASSIST (Base)/Save' is clicked on

2018-12-10 19:03:26 - [MESSAGE][PASSED] - Object: 'Object Repository/Final Object Repo/Creating Employer Account/Page_Registration - ASSIST (Base)/Save' is clicked on

2018-12-10 19:03:26 - [TEST_STEP][PASSED] - delay: Delayed 2 second(s)

2018-12-10 19:03:28 - [MESSAGE][PASSED] - Delayed 2 second(s)

2018-12-10 19:03:28 - [TEST_STEP][PASSED] - click: Object: 'Object Repository/Final Object Repo/Creating Employer Account/Page_Registration - ASSIST (Base)/Submit' is clicked on

2018-12-10 19:03:28 - [MESSAGE][PASSED] - Object: 'Object Repository/Final Object Repo/Creating Employer Account/Page_Registration - ASSIST (Base)/Submit' is clicked on

2018-12-10 19:03:28 - [TEST_STEP][PASSED] - delay: Delayed 2 second(s)

2018-12-10 19:03:30 - [MESSAGE][PASSED] - Delayed 2 second(s)

2018-12-10 19:03:30 - [TEST_STEP][PASSED] - click: Object: 'Object Repository/Final Object Repo/Creating Employer Account/Page_Registration - ASSIST (Base)/Confirm' is clicked on

2018-12-10 19:03:30 - [MESSAGE][PASSED] - Object: 'Object Repository/Final Object Repo/Creating Employer Account/Page_Registration - ASSIST (Base)/Confirm' is clicked on

2018-12-10 19:03:30 - [MESSAGE][PASSED] - Call Test Case 'Test Cases/Final Aug 2018 - PKS Automation/Create Employer Acc/Template/Register Employer' successfully

2018-12-10 19:03:30 - [TEST_STEP][PASSED] - delay: Delayed 1 second(s)

2018-12-10 19:03:31 - [MESSAGE][PASSED] - Delayed 1 second(s)

2018-12-10 19:03:31 - [TEST_STEP][PASSED] - navigateToUrl: Navigate to 'https://assist2-uat.perkeso.gov.my/c/portal/logout' successfully

2018-12-10 19:03:33 - [MESSAGE][PASSED] - Navigate to 'https://assist2-uat.perkeso.gov.my/c/portal/logout' successfully

2018-12-10 19:03:33 - [TEST_STEP][PASSED] - delay: Delayed 1 second(s)

2018-12-10 19:03:34 - [MESSAGE][PASSED] - Delayed 1 second(s)

2018-12-10 19:03:34 - [TEST_STEP][PASSED] - callTestCase: Call Test Case 'Test Cases/Final Aug 2018 - PKS Automation/Create Employer Acc/Template/Change Password of Employer' successfully

2018-12-10 19:03:34 - [TEST_CASE][PASSED] - Test Cases/Final Aug 2018 - PKS Automation/Create Employer Acc/Template/Change Password of Employer: Test Cases/Final Aug 2018 - PKS Automation/Create Employer Acc/Template/Change Password of Employer

2018-12-10 19:03:35 - [TEST_STEP][PASSED] - openBrowser: Browser is opened with url: ''

2018-12-10 19:03:35 - [MESSAGE][WARNING] - A browser is already opened. Closing browser and opening a new one

2018-12-10 19:03:37 - [MESSAGE][PASSED] - Browser is opened with url: ''

2018-12-10 19:03:37 - [TEST_STEP][PASSED] - navigateToUrl: Navigate to 'https://assist2-uat.perkeso.gov.my/login' successfully

2018-12-10 19:03:38 - [MESSAGE][PASSED] - Navigate to 'https://assist2-uat.perkeso.gov.my/login' successfully

2018-12-10 19:03:38 - [TEST_STEP][PASSED] - delay: Delayed 5 second(s)

2018-12-10 19:03:43 - [MESSAGE][PASSED] - Delayed 5 second(s)

2018-12-10 19:03:43 - [TEST_STEP][PASSED] - setText: Text 'test@liferay.com' is set on object 'Object Repository/Final Object Repo/Login Page/Internal User/Email Address'

2018-12-10 19:03:44 - [MESSAGE][PASSED] - Text 'test@liferay.com' is set on object 'Object Repository/Final Object Repo/Login Page/Internal User/Email Address'

2018-12-10 19:03:44 - [TEST_STEP][PASSED] - click: Object: 'Object Repository/Final Object Repo/Login Page/Internal User/Next Button' is clicked on

2018-12-10 19:03:44 - [MESSAGE][PASSED] - Object: 'Object Repository/Final Object Repo/Login Page/Internal User/Next Button' is clicked on

2018-12-10 19:03:44 - [TEST_STEP][PASSED] - delay: Delayed 2 second(s)

2018-12-10 19:03:46 - [MESSAGE][PASSED] - Delayed 2 second(s)

2018-12-10 19:03:46 - [TEST_STEP][PASSED] - setText: Text 'test' is set on object 'Object Repository/Final Object Repo/Login Page/Internal User/Password'

2018-12-10 19:03:46 - [MESSAGE][PASSED] - Text 'test' is set on object 'Object Repository/Final Object Repo/Login Page/Internal User/Password'

2018-12-10 19:03:46 - [TEST_STEP][PASSED] - delay: Delayed 2 second(s)

2018-12-10 19:03:48 - [MESSAGE][PASSED] - Delayed 2 second(s)

2018-12-10 19:03:48 - [TEST_STEP][PASSED] - click: Object: 'Object Repository/Final Object Repo/Login Page/Internal User/Login Button' is clicked on

2018-12-10 19:03:48 - [MESSAGE][PASSED] - Object: 'Object Repository/Final Object Repo/Login Page/Internal User/Login Button' is clicked on

2018-12-10 19:03:48 - [TEST_STEP][PASSED] - delay: Delayed 3 second(s)

2018-12-10 19:03:51 - [MESSAGE][PASSED] - Delayed 3 second(s)

2018-12-10 19:03:51 - [TEST_STEP][PASSED] - navigateToUrl: Navigate to 'https://assist2-uat.perkeso.gov.my/group/control_panel/manage?p_p_id=125&p_p_lifecycle=0&p_p_state=maximized&p_p_mode=view&refererPlid=20455&_125_usersListView=flat-users&_125_toolbarItem=view-all-users&_125_saveUsersListView=true&_125_struts_action=%2Fusers_admin%2Fview' successfully

2018-12-10 19:03:53 - [MESSAGE][PASSED] - Navigate to 'https://assist2-uat.perkeso.gov.my/group/control_panel/manage?p_p_id=125&p_p_lifecycle=0&p_p_state=maximized&p_p_mode=view&refererPlid=20455&_125_usersListView=flat-users&_125_toolbarItem=view-all-users&_125_saveUsersListView=true&_125_struts_action=%2Fusers_admin%2Fview' successfully

2018-12-10 19:03:53 - [TEST_STEP][PASSED] - delay: Delayed 3 second(s)

2018-12-10 19:03:56 - [MESSAGE][PASSED] - Delayed 3 second(s)

2018-12-10 19:03:56 - [TEST_STEP][PASSED] - setText: Text 'perkeso110614767873@gmail.com' is set on object 'Object Repository/Final Object Repo/Creating Employer Account/Page_Users and Organizations - ASSIST/Employer name'

2018-12-10 19:03:56 - [MESSAGE][PASSED] - Text 'perkeso110614767873@gmail.com' is set on object 'Object Repository/Final Object Repo/Creating Employer Account/Page_Users and Organizations - ASSIST/Employer name'

2018-12-10 19:03:56 - [TEST_STEP][PASSED] - delay: Delayed 3 second(s)

2018-12-10 19:03:59 - [MESSAGE][PASSED] - Delayed 3 second(s)

2018-12-10 19:03:59 - [TEST_STEP][PASSED] - click: Object: 'Object Repository/Final Object Repo/Creating Employer Account/Page_Users and Organizations - ASSIST/Search' is clicked on

2018-12-10 19:04:00 - [MESSAGE][PASSED] - Object: 'Object Repository/Final Object Repo/Creating Employer Account/Page_Users and Organizations - ASSIST/Search' is clicked on

2018-12-10 19:04:00 - [TEST_STEP][PASSED] - delay: Delayed 3 second(s)

2018-12-10 19:04:03 - [MESSAGE][PASSED] - Delayed 3 second(s)

2018-12-10 19:04:03 - [TEST_STEP][PASSED] - click: Object: 'Object Repository/Final Object Repo/Creating Employer Account/Page_Users and Organizations - ASSIST/Action' is clicked on

2018-12-10 19:04:03 - [MESSAGE][PASSED] - Object: 'Object Repository/Final Object Repo/Creating Employer Account/Page_Users and Organizations - ASSIST/Action' is clicked on

2018-12-10 19:04:03 - [TEST_STEP][PASSED] - delay: Delayed 3 second(s)

2018-12-10 19:04:06 - [MESSAGE][PASSED] - Delayed 3 second(s)

2018-12-10 19:04:06 - [TEST_STEP][PASSED] - click: Object: 'Object Repository/Final Object Repo/Creating Employer Account/Page_Users and Organizations - ASSIST/Edit' is clicked on

2018-12-10 19:04:07 - [MESSAGE][PASSED] - Object: 'Object Repository/Final Object Repo/Creating Employer Account/Page_Users and Organizations - ASSIST/Edit' is clicked on

2018-12-10 19:04:07 - [TEST_STEP][PASSED] - delay: Delayed 3 second(s)

2018-12-10 19:04:10 - [MESSAGE][PASSED] - Delayed 3 second(s)

2018-12-10 19:04:10 - [TEST_STEP][PASSED] - click: Object: 'Object Repository/Final Object Repo/Creating Employer Account/Page_PERKESO - Users and Organizati/a_Password (Modified)' is clicked on

2018-12-10 19:04:10 - [MESSAGE][PASSED] - Object: 'Object Repository/Final Object Repo/Creating Employer Account/Page_PERKESO - Users and Organizati/a_Password (Modified)' is clicked on

2018-12-10 19:04:10 - [TEST_STEP][PASSED] - delay: Delayed 3 second(s)

2018-12-10 19:04:13 - [MESSAGE][PASSED] - Delayed 3 second(s)

2018-12-10 19:04:13 - [TEST_STEP][PASSED] - setEncryptedText: Text ****** has been set on object 'Object Repository/Final Object Repo/Creating Employer Account/Page_PERKESO - Users and Organizati/input__125_password1'

2018-12-10 19:04:13 - [MESSAGE][PASSED] - Text ****** has been set on object 'Object Repository/Final Object Repo/Creating Employer Account/Page_PERKESO - Users and Organizati/input__125_password1'

2018-12-10 19:04:13 - [TEST_STEP][PASSED] - delay: Delayed 3 second(s)

2018-12-10 19:04:16 - [MESSAGE][PASSED] - Delayed 3 second(s)

2018-12-10 19:04:16 - [TEST_STEP][PASSED] - setEncryptedText: Text ****** has been set on object 'Object Repository/Final Object Repo/Creating Employer Account/Page_PERKESO - Users and Organizati/input__125_password2'

2018-12-10 19:04:17 - [MESSAGE][PASSED] - Text ****** has been set on object 'Object Repository/Final Object Repo/Creating Employer Account/Page_PERKESO - Users and Organizati/input__125_password2'

2018-12-10 19:04:17 - [TEST_STEP][PASSED] - delay: Delayed 3 second(s)

2018-12-10 19:04:20 - [MESSAGE][PASSED] - Delayed 3 second(s)

2018-12-10 19:04:20 - [TEST_STEP][PASSED] - click: Object: 'Object Repository/Final Object Repo/Creating Employer Account/Page_PERKESO - Users and Organizati/Save' is clicked on

2018-12-10 19:04:21 - [MESSAGE][PASSED] - Object: 'Object Repository/Final Object Repo/Creating Employer Account/Page_PERKESO - Users and Organizati/Save' is clicked on

2018-12-10 19:04:21 - [MESSAGE][PASSED] - Call Test Case 'Test Cases/Final Aug 2018 - PKS Automation/Create Employer Acc/Template/Change Password of Employer' successfully

2018-12-10 19:04:21 - [TEST_STEP][PASSED] - delay: Delayed 1 second(s)

2018-12-10 19:04:22 - [MESSAGE][PASSED] - Delayed 1 second(s)

2018-12-10 19:04:22 - [TEST_STEP][PASSED] - navigateToUrl: Navigate to 'https://assist2-uat.perkeso.gov.my/c/portal/logout' successfully

2018-12-10 19:04:23 - [MESSAGE][PASSED] - Navigate to 'https://assist2-uat.perkeso.gov.my/c/portal/logout' successfully

2018-12-10 19:04:23 - [TEST_STEP][PASSED] - delay: Delayed 1 second(s)

2018-12-10 19:04:24 - [MESSAGE][PASSED] - Delayed 1 second(s)

2018-12-10 19:04:24 - [TEST_STEP][PASSED] - callTestCase: Call Test Case 'Test Cases/Final Aug 2018 - PKS Automation/Create Employer Acc/Template/Login to Employer Account (First Time)' successfully

2018-12-10 19:04:24 - [TEST_CASE][PASSED] - Test Cases/Final Aug 2018 - PKS Automation/Create Employer Acc/Template/Login to Employer Account (First Time): Test Cases/Final Aug 2018 - PKS Automation/Create Employer Acc/Template/Login to Employer Account (First Time)

2018-12-10 19:04:24 - [TEST_STEP][PASSED] - openBrowser: Browser is opened with url: ''

2018-12-10 19:04:24 - [MESSAGE][WARNING] - A browser is already opened. Closing browser and opening a new one

2018-12-10 19:04:27 - [MESSAGE][PASSED] - Browser is opened with url: ''

2018-12-10 19:04:27 - [TEST_STEP][PASSED] - navigateToUrl: Navigate to 'https://assist2-uat.perkeso.gov.my/employer/login' successfully

2018-12-10 19:04:28 - [MESSAGE][PASSED] - Navigate to 'https://assist2-uat.perkeso.gov.my/employer/login' successfully

2018-12-10 19:04:28 - [TEST_STEP][PASSED] - delay: Delayed 3 second(s)

2018-12-10 19:04:31 - [MESSAGE][PASSED] - Delayed 3 second(s)

2018-12-10 19:04:31 - [TEST_STEP][PASSED] - callTestCase: Call Test Case 'Test Cases/Final Aug 2018 - PKS Automation/Create Employer Acc/Template/Employer Email Getter' successfully

2018-12-10 19:04:32 - [TEST_CASE][PASSED] - Test Cases/Final Aug 2018 - PKS Automation/Create Employer Acc/Template/Employer Email Getter: Test Cases/Final Aug 2018 - PKS Automation/Create Employer Acc/Template/Employer Email Getter

2018-12-10 19:04:32 - [TEST_STEP][PASSED] - Statement - Try: null

2018-12-10 19:04:32 - [TEST_STEP][PASSED] - Statement - EmpEmail = new java.io.File(C://Users//Admin//Desktop//PKS//Automation Reference Point//EmpEmail.txt): null

2018-12-10 19:04:32 - [TEST_STEP][PASSED] - Statement - bufferread = new java.io.BufferedReader(new java.io.FileReader(EmpEmail)): null

2018-12-10 19:04:32 - [TEST_STEP][PASSED] - Statement - readedVal = bufferread.readLine(): null

2018-12-10 19:04:32 - [TEST_STEP][PASSED] - Statement - out.println(readedVal): null

2018-12-10 19:04:32 - [TEST_STEP][PASSED] - Statement - Email = readedVal: null

2018-12-10 19:04:32 - [MESSAGE][PASSED] - Call Test Case 'Test Cases/Final Aug 2018 - PKS Automation/Create Employer Acc/Template/Employer Email Getter' successfully

2018-12-10 19:04:32 - [TEST_STEP][PASSED] - setText: Text 'perkeso110614767873@gmail.com' is set on object 'Object Repository/Final Object Repo/Login Page/External Login Page/Email'

2018-12-10 19:04:32 - [MESSAGE][PASSED] - Text 'perkeso110614767873@gmail.com' is set on object 'Object Repository/Final Object Repo/Login Page/External Login Page/Email'

2018-12-10 19:04:32 - [TEST_STEP][PASSED] - click: Object: 'Object Repository/Final Object Repo/Login Page/External Login Page/Next' is clicked on

2018-12-10 19:04:32 - [MESSAGE][PASSED] - Object: 'Object Repository/Final Object Repo/Login Page/External Login Page/Next' is clicked on

2018-12-10 19:04:32 - [TEST_STEP][PASSED] - delay: Delayed 3 second(s)

2018-12-10 19:04:35 - [MESSAGE][PASSED] - Delayed 3 second(s)

2018-12-10 19:04:35 - [TEST_STEP][PASSED] - setEncryptedText: Text ****** has been set on object 'Object Repository/Final Object Repo/Login Page/External Login Page/Password'

2018-12-10 19:04:36 - [MESSAGE][PASSED] - Text ****** has been set on object 'Object Repository/Final Object Repo/Login Page/External Login Page/Password'

2018-12-10 19:04:36 - [TEST_STEP][PASSED] - click: Object: 'Object Repository/Final Object Repo/Login Page/External Login Page/Login' is clicked on

2018-12-10 19:04:36 - [MESSAGE][PASSED] - Object: 'Object Repository/Final Object Repo/Login Page/External Login Page/Login' is clicked on

2018-12-10 19:04:36 - [TEST_STEP][PASSED] - delay: Delayed 3 second(s)

2018-12-10 19:04:39 - [MESSAGE][PASSED] - Delayed 3 second(s)

2018-12-10 19:04:39 - [TEST_STEP][PASSED] - click: Object: 'Object Repository/Final Object Repo/Creating Employer Account/Page_Terms of Use - ASSIST/button_I Agree' is clicked on

2018-12-10 19:04:40 - [MESSAGE][PASSED] - Object: 'Object Repository/Final Object Repo/Creating Employer Account/Page_Terms of Use - ASSIST/button_I Agree' is clicked on

2018-12-10 19:04:40 - [TEST_STEP][PASSED] - delay: Delayed 2 second(s)

2018-12-10 19:04:42 - [MESSAGE][PASSED] - Delayed 2 second(s)

2018-12-10 19:04:42 - [TEST_STEP][PASSED] - setEncryptedText: Text ****** has been set on object 'Object Repository/Final Object Repo/Creating Employer Account/Page_New Password - ASSIST/input_password1'

2018-12-10 19:04:42 - [MESSAGE][PASSED] - Text ****** has been set on object 'Object Repository/Final Object Repo/Creating Employer Account/Page_New Password - ASSIST/input_password1'

2018-12-10 19:04:42 - [TEST_STEP][PASSED] - setEncryptedText: Text ****** has been set on object 'Object Repository/Final Object Repo/Creating Employer Account/Page_New Password - ASSIST/input_password2'

2018-12-10 19:04:42 - [MESSAGE][PASSED] - Text ****** has been set on object 'Object Repository/Final Object Repo/Creating Employer Account/Page_New Password - ASSIST/input_password2'

2018-12-10 19:04:42 - [TEST_STEP][PASSED] - delay: Delayed 2 second(s)

2018-12-10 19:04:44 - [MESSAGE][PASSED] - Delayed 2 second(s)

2018-12-10 19:04:44 - [TEST_STEP][PASSED] - click: Object: 'Object Repository/Final Object Repo/Creating Employer Account/Page_New Password - ASSIST/Save' is clicked on

2018-12-10 19:04:44 - [MESSAGE][PASSED] - Object: 'Object Repository/Final Object Repo/Creating Employer Account/Page_New Password - ASSIST/Save' is clicked on

2018-12-10 19:04:44 - [TEST_STEP][PASSED] - delay: Delayed 2 second(s)

2018-12-10 19:04:46 - [MESSAGE][PASSED] - Delayed 2 second(s)

2018-12-10 19:04:46 - [TEST_STEP][PASSED] - setText: Text 'test' is set on object 'Object Repository/Final Object Repo/Creating Employer Account/Page_Password Reminder - ASSIST/Reminder Query Answer'

2018-12-10 19:04:47 - [MESSAGE][PASSED] - Text 'test' is set on object 'Object Repository/Final Object Repo/Creating Employer Account/Page_Password Reminder - ASSIST/Reminder Query Answer'

2018-12-10 19:04:47 - [TEST_STEP][PASSED] - delay: Delayed 2 second(s)

2018-12-10 19:04:49 - [MESSAGE][PASSED] - Delayed 2 second(s)

2018-12-10 19:04:49 - [TEST_STEP][PASSED] - doubleClick: Object: 'Object Repository/Final Object Repo/Creating Employer Account/Page_Password Reminder - ASSIST/Save' is double clicked on

2018-12-10 19:04:51 - [MESSAGE][PASSED] - Object: 'Object Repository/Final Object Repo/Creating Employer Account/Page_Password Reminder - ASSIST/Save' is double clicked on

2018-12-10 19:04:51 - [MESSAGE][PASSED] - Call Test Case 'Test Cases/Final Aug 2018 - PKS Automation/Create Employer Acc/Template/Login to Employer Account (First Time)' successfully

2018-12-10 19:04:51 - [MESSAGE][PASSED] - Call Test Case 'Test Cases/Final Aug 2018 - PKS Automation/Create Employer Acc/Create Employer Account' successfully

2018-12-10 19:04:51 - [TEST_STEP][PASSED] - callTestCase: Call Test Case 'Test Cases/Final Aug 2018 - PKS Automation/Registration Module/Log Out/log out avoiding katalon tagging' successfully

2018-12-10 19:04:51 - [TEST_CASE][PASSED] - Test Cases/Final Aug 2018 - PKS Automation/Registration Module/Log Out/log out avoiding katalon tagging: Test Cases/Final Aug 2018 - PKS Automation/Registration Module/Log Out/log out avoiding katalon tagging

2018-12-10 19:04:51 - [TEST_STEP][PASSED] - navigateToUrl: Navigate to 'https://assist2-uat.perkeso.gov.my/c/portal/logout' successfully

2018-12-10 19:04:52 - [MESSAGE][PASSED] - Navigate to 'https://assist2-uat.perkeso.gov.my/c/portal/logout' successfully

2018-12-10 19:04:52 - [MESSAGE][PASSED] - Call Test Case 'Test Cases/Final Aug 2018 - PKS Automation/Registration Module/Log Out/log out avoiding katalon tagging' successfully

2018-12-10 19:04:52 - [TEST_STEP][PASSED] - callTestCase: Call Test Case 'Test Cases/Final Aug 2018 - PKS Automation/Create Employer Acc/Login to Employer Account (Second time)' successfully

2018-12-10 19:04:52 - [TEST_CASE][PASSED] - Test Cases/Final Aug 2018 - PKS Automation/Create Employer Acc/Login to Employer Account (Second time): Test Cases/Final Aug 2018 - PKS Automation/Create Employer Acc/Login to Employer Account (Second time)

2018-12-10 19:04:52 - [TEST_STEP][PASSED] - openBrowser: Browser is opened with url: ''

2018-12-10 19:04:52 - [MESSAGE][WARNING] - A browser is already opened. Closing browser and opening a new one

2018-12-10 19:04:55 - [MESSAGE][PASSED] - Browser is opened with url: ''

2018-12-10 19:04:55 - [TEST_STEP][PASSED] - navigateToUrl: Navigate to 'https://assist2-uat.perkeso.gov.my/employer/login' successfully

2018-12-10 19:04:56 - [MESSAGE][PASSED] - Navigate to 'https://assist2-uat.perkeso.gov.my/employer/login' successfully

2018-12-10 19:04:56 - [TEST_STEP][PASSED] - delay: Delayed 3 second(s)

2018-12-10 19:04:59 - [MESSAGE][PASSED] - Delayed 3 second(s)

2018-12-10 19:04:59 - [TEST_STEP][PASSED] - callTestCase: Call Test Case 'Test Cases/Final Aug 2018 - PKS Automation/Create Employer Acc/Template/Employer Email Getter' successfully

2018-12-10 19:04:59 - [TEST_CASE][PASSED] - Test Cases/Final Aug 2018 - PKS Automation/Create Employer Acc/Template/Employer Email Getter: Test Cases/Final Aug 2018 - PKS Automation/Create Employer Acc/Template/Employer Email Getter

2018-12-10 19:04:59 - [TEST_STEP][PASSED] - Statement - Try: null

2018-12-10 19:04:59 - [TEST_STEP][PASSED] - Statement - EmpEmail = new java.io.File(C://Users//Admin//Desktop//PKS//Automation Reference Point//EmpEmail.txt): null

2018-12-10 19:04:59 - [TEST_STEP][PASSED] - Statement - bufferread = new java.io.BufferedReader(new java.io.FileReader(EmpEmail)): null

2018-12-10 19:04:59 - [TEST_STEP][PASSED] - Statement - readedVal = bufferread.readLine(): null

2018-12-10 19:04:59 - [TEST_STEP][PASSED] - Statement - out.println(readedVal): null

2018-12-10 19:04:59 - [TEST_STEP][PASSED] - Statement - Email = readedVal: null

2018-12-10 19:04:59 - [MESSAGE][PASSED] - Call Test Case 'Test Cases/Final Aug 2018 - PKS Automation/Create Employer Acc/Template/Employer Email Getter' successfully

2018-12-10 19:04:59 - [TEST_STEP][PASSED] - setText: Text 'perkeso110614767873@gmail.com' is set on object 'Object Repository/Final Object Repo/Login Page/External Login Page/Email'

2018-12-10 19:05:00 - [MESSAGE][PASSED] - Text 'perkeso110614767873@gmail.com' is set on object 'Object Repository/Final Object Repo/Login Page/External Login Page/Email'

2018-12-10 19:05:00 - [TEST_STEP][PASSED] - click: Object: 'Object Repository/Final Object Repo/Login Page/External Login Page/Next' is clicked on

2018-12-10 19:05:00 - [MESSAGE][PASSED] - Object: 'Object Repository/Final Object Repo/Login Page/External Login Page/Next' is clicked on

2018-12-10 19:05:00 - [TEST_STEP][PASSED] - delay: Delayed 3 second(s)

2018-12-10 19:05:03 - [MESSAGE][PASSED] - Delayed 3 second(s)

2018-12-10 19:05:03 - [TEST_STEP][PASSED] - setEncryptedText: Text ****** has been set on object 'Object Repository/Final Object Repo/Login Page/External Login Page/Password'

2018-12-10 19:05:03 - [MESSAGE][PASSED] - Text ****** has been set on object 'Object Repository/Final Object Repo/Login Page/External Login Page/Password'

2018-12-10 19:05:03 - [TEST_STEP][PASSED] - click: Object: 'Object Repository/Final Object Repo/Login Page/External Login Page/Login' is clicked on

2018-12-10 19:05:03 - [MESSAGE][PASSED] - Object: 'Object Repository/Final Object Repo/Login Page/External Login Page/Login' is clicked on

2018-12-10 19:05:03 - [TEST_STEP][PASSED] - delay: Delayed 5 second(s)

2018-12-10 19:05:08 - [MESSAGE][PASSED] - Delayed 5 second(s)

2018-12-10 19:05:08 - [MESSAGE][PASSED] - Call Test Case 'Test Cases/Final Aug 2018 - PKS Automation/Create Employer Acc/Login to Employer Account (Second time)' successfully

2018-12-10 19:05:08 - [TEST_STEP][PASSED] - delay: Delayed 4 second(s)

2018-12-10 19:05:12 - [MESSAGE][PASSED] - Delayed 4 second(s)

2018-12-10 19:05:12 - [TEST_STEP][PASSED] - Statement - Try: Delayed 2 second(s)

2018-12-10 19:05:12 - [TEST_STEP][PASSED] - Statement - Checker = false: null

2018-12-10 19:05:12 - [TEST_STEP][PASSED] - Statement - Checker = com.kms.katalon.core.webui.keyword.WebUiBuiltInKeywords.verifyElementHasAttribute(com.kms.katalon.core.testobject.ObjectRepository.findTestObject(Final Object Repo/Landing Page/BM Detecting), "href", 20, OPTIONAL): Object 'Object Repository/Final Object Repo/Landing Page/BM Detecting' has attribute 'href'

2018-12-10 19:05:12 - [MESSAGE][PASSED] - Object 'Object Repository/Final Object Repo/Landing Page/BM Detecting' has attribute 'href'

2018-12-10 19:05:12 - [TEST_STEP][PASSED] - Statement - out.println(Checker): null

2018-12-10 19:05:12 - [TEST_STEP][PASSED] - Statement - If (Checker == false): null

2018-12-10 19:05:12 - [TEST_STEP][PASSED] - Statement - Else: null

2018-12-10 19:05:12 - [TEST_STEP][PASSED] - delay: Delayed 2 second(s)

2018-12-10 19:05:14 - [MESSAGE][PASSED] - Delayed 2 second(s)

2018-12-10 19:05:14 - [TEST_STEP][PASSED] - delay: Delayed 4 second(s)

2018-12-10 19:05:18 - [MESSAGE][PASSED] - Delayed 4 second(s)

2018-12-10 19:05:18 - [TEST_STEP][PASSED] - click: Object: 'Object Repository/Final Object Repo/Landing Page/My Sites Drop Down' is clicked on

2018-12-10 19:05:19 - [MESSAGE][PASSED] - Object: 'Object Repository/Final Object Repo/Landing Page/My Sites Drop Down' is clicked on

2018-12-10 19:05:19 - [TEST_STEP][PASSED] - click: Object: 'Object Repository/Final Object Repo/Landing Page/Select to Registration Module' is clicked on

2018-12-10 19:05:21 - [MESSAGE][PASSED] - Object: 'Object Repository/Final Object Repo/Landing Page/Select to Registration Module' is clicked on

2018-12-10 19:05:21 - [TEST_STEP][PASSED] - click: Object: 'Object Repository/Final Object Repo/Landing Page/Registration Button' is clicked on

2018-12-10 19:05:23 - [MESSAGE][PASSED] - Object: 'Object Repository/Final Object Repo/Landing Page/Registration Button' is clicked on

2018-12-10 19:05:23 - [TEST_STEP][PASSED] - delay: Delayed 2 second(s)

2018-12-10 19:05:25 - [MESSAGE][PASSED] - Delayed 2 second(s)

2018-12-10 19:05:25 - [TEST_STEP][PASSED] - click: Object: 'Object Repository/Final Object Repo/New Registration - Registration Module Pages/New Reg - OTC to RO/Special Case - OTC - Form 1/AEC NO' is clicked on

2018-12-10 19:05:25 - [MESSAGE][PASSED] - Object: 'Object Repository/Final Object Repo/New Registration - Registration Module Pages/New Reg - OTC to RO/Special Case - OTC - Form 1/AEC NO' is clicked on

2018-12-10 19:05:25 - [TEST_STEP][PASSED] - click: Object: 'Object Repository/Final Object Repo/New Registration - Registration Module Pages/New Reg - OTC to RO/Special Case - OTC - Form 1/Business Entity - Please Select' is clicked on

2018-12-10 19:05:25 - [MESSAGE][PASSED] - Object: 'Object Repository/Final Object Repo/New Registration - Registration Module Pages/New Reg - OTC to RO/Special Case - OTC - Form 1/Business Entity - Please Select' is clicked on

2018-12-10 19:05:25 - [TEST_STEP][PASSED] - click: Object: 'Object Repository/Final Object Repo/New Registration - Registration Module Pages/New Reg - OTC to RO/Special Case - OTC - Form 1/Selected - Corporation' is clicked on

2018-12-10 19:05:26 - [MESSAGE][PASSED] - Object: 'Object Repository/Final Object Repo/New Registration - Registration Module Pages/New Reg - OTC to RO/Special Case - OTC - Form 1/Selected - Corporation' is clicked on

2018-12-10 19:05:26 - [TEST_STEP][PASSED] - delay: Delayed 2 second(s)

2018-12-10 19:05:28 - [MESSAGE][PASSED] - Delayed 2 second(s)

2018-12-10 19:05:28 - [TEST_STEP][PASSED] - click: Object: 'Object Repository/Final Object Repo/New Registration - Registration Module Pages/New Reg - OTC to RO/Special Case - OTC - Form 1/Sub Business Entity - Please Select' is clicked on

2018-12-10 19:05:28 - [MESSAGE][PASSED] - Object: 'Object Repository/Final Object Repo/New Registration - Registration Module Pages/New Reg - OTC to RO/Special Case - OTC - Form 1/Sub Business Entity - Please Select' is clicked on

2018-12-10 19:05:28 - [TEST_STEP][PASSED] - delay: Delayed 2 second(s)

2018-12-10 19:05:30 - [MESSAGE][PASSED] - Delayed 2 second(s)

2018-12-10 19:05:30 - [TEST_STEP][PASSED] - click: Object: 'Object Repository/Final Object Repo/New Registration - Registration Module Pages/New Reg - OTC to RO/Special Case - OTC - Form 1/Selected - Sendirian Berhad' is clicked on

2018-12-10 19:05:30 - [MESSAGE][PASSED] - Object: 'Object Repository/Final Object Repo/New Registration - Registration Module Pages/New Reg - OTC to RO/Special Case - OTC - Form 1/Selected - Sendirian Berhad' is clicked on

2018-12-10 19:05:30 - [TEST_STEP][PASSED] - setText: Text 'AUTOMATE001' is set on object 'Object Repository/Final Object Repo/New Registration - Registration Module Pages/New Reg - OTC to RO/Special Case - OTC - Form 1/Input BRN Number'

2018-12-10 19:05:30 - [MESSAGE][PASSED] - Text 'AUTOMATE001' is set on object 'Object Repository/Final Object Repo/New Registration - Registration Module Pages/New Reg - OTC to RO/Special Case - OTC - Form 1/Input BRN Number'

2018-12-10 19:05:30 - [TEST_STEP][PASSED] - delay: Delayed 2 second(s)

2018-12-10 19:05:32 - [MESSAGE][PASSED] - Delayed 2 second(s)

2018-12-10 19:05:32 - [TEST_STEP][PASSED] - click: Object: 'Object Repository/Final Object Repo/New Registration - Registration Module Pages/New Reg - OTC to RO/Special Case - OTC - Form 1/BRN Search' is clicked on

2018-12-10 19:05:33 - [MESSAGE][PASSED] - Object: 'Object Repository/Final Object Repo/New Registration - Registration Module Pages/New Reg - OTC to RO/Special Case - OTC - Form 1/BRN Search' is clicked on

2018-12-10 19:05:33 - [TEST_STEP][PASSED] - delay: Delayed 4 second(s)

2018-12-10 19:05:37 - [MESSAGE][PASSED] - Delayed 4 second(s)

2018-12-10 19:05:37 - [TEST_STEP][PASSED] - click: Object: 'Object Repository/Final Object Repo/New Registration - Registration Module Pages/New Reg - OTC to RO/Special Case - OTC - Form 1/Registered with SSM - After Feb 2017' is clicked on

2018-12-10 19:05:37 - [MESSAGE][PASSED] - Object: 'Object Repository/Final Object Repo/New Registration - Registration Module Pages/New Reg - OTC to RO/Special Case - OTC - Form 1/Registered with SSM - After Feb 2017' is clicked on

2018-12-10 19:05:37 - [TEST_STEP][PASSED] - delay: Delayed 2 second(s)

2018-12-10 19:05:39 - [MESSAGE][PASSED] - Delayed 2 second(s)

2018-12-10 19:05:39 - [TEST_STEP][PASSED] - click: Object: 'Object Repository/Final Object Repo/New Registration - Registration Module Pages/Form 1/Registered As a Branch - Yes' is clicked on

2018-12-10 19:05:39 - [MESSAGE][PASSED] - Object: 'Object Repository/Final Object Repo/New Registration - Registration Module Pages/Form 1/Registered As a Branch - Yes' is clicked on

2018-12-10 19:05:39 - [TEST_STEP][PASSED] - click: Object: 'Object Repository/Final Object Repo/New Registration - Registration Module Pages/New Reg - OTC to RO/Special Case - OTC - Form 1/Acknowledgement Ticked' is clicked on

2018-12-10 19:05:39 - [MESSAGE][PASSED] - Object: 'Object Repository/Final Object Repo/New Registration - Registration Module Pages/New Reg - OTC to RO/Special Case - OTC - Form 1/Acknowledgement Ticked' is clicked on

2018-12-10 19:05:39 - [TEST_STEP][PASSED] - setText: Text 'perkeso110614767873@gmail.com' is set on object 'Object Repository/Final Object Repo/New Registration - Registration Module Pages/Form 1/Email'

2018-12-10 19:05:40 - [MESSAGE][PASSED] - Text 'perkeso110614767873@gmail.com' is set on object 'Object Repository/Final Object Repo/New Registration - Registration Module Pages/Form 1/Email'

2018-12-10 19:05:40 - [TEST_STEP][PASSED] - click: Object: 'Object Repository/Final Object Repo/New Registration - Registration Module Pages/New Reg - OTC to RO/Special Case - OTC - Form 1/Submit Button' is clicked on

2018-12-10 19:05:40 - [MESSAGE][PASSED] - Object: 'Object Repository/Final Object Repo/New Registration - Registration Module Pages/New Reg - OTC to RO/Special Case - OTC - Form 1/Submit Button' is clicked on

2018-12-10 19:05:40 - [TEST_STEP][PASSED] - callTestCase: Call Test Case 'Test Cases/Final Aug 2018 - PKS Automation/Registration Module/New Registration/Form 2/Add 1 Eligible - Employer Account Use' successfully

2018-12-10 19:05:40 - [TEST_CASE][PASSED] - Test Cases/Final Aug 2018 - PKS Automation/Registration Module/New Registration/Form 2/Add 1 Eligible - Employer Account Use: Test Cases/Final Aug 2018 - PKS Automation/Registration Module/New Registration/Form 2/Add 1 Eligible - Employer Account Use

2018-12-10 19:05:40 - [TEST_STEP][PASSED] - delay: Delayed 2 second(s)

2018-12-10 19:05:42 - [MESSAGE][PASSED] - Delayed 2 second(s)

2018-12-10 19:05:42 - [TEST_STEP][PASSED] - callTestCase: Call Test Case 'Test Cases/Final Aug 2018 - PKS Automation/Registration Module/New Registration/Form 2/Date Updater' successfully

2018-12-10 19:05:42 - [TEST_CASE][PASSED] - Test Cases/Final Aug 2018 - PKS Automation/Registration Module/New Registration/Form 2/Date Updater: Test Cases/Final Aug 2018 - PKS Automation/Registration Module/New Registration/Form 2/Date Updater

2018-12-10 19:05:42 - [TEST_STEP][PASSED] - Statement - TodayDate = new java.util.Date(): null

2018-12-10 19:05:42 - [TEST_STEP][PASSED] - Statement - CurrentDateNoFilter = new java.text.SimpleDateFormat(): null

2018-12-10 19:05:42 - [TEST_STEP][PASSED] - Statement - CurrentDateNoFilter.applyPattern("MM"): null

2018-12-10 19:05:42 - [TEST_STEP][PASSED] - Statement - monthContainerMatcher = java.lang.Integer.parseInt(CurrentDateNoFilter.format(TodayDate)): null

2018-12-10 19:05:42 - [TEST_STEP][PASSED] - Statement - monthContainerMatcher = monthContainerMatcher - 1: null

2018-12-10 19:05:42 - [TEST_STEP][PASSED] - Statement - CurrentMonth = monthContainerMatcher.toString(): null

2018-12-10 19:05:42 - [TEST_STEP][PASSED] - Statement - CurrentMonth = CurrentMonth: null

2018-12-10 19:05:42 - [TEST_STEP][PASSED] - Statement - CurrentDateNoFilter.applyPattern("yyyy"): null

2018-12-10 19:05:42 - [TEST_STEP][PASSED] - Statement - CurrentYear = CurrentDateNoFilter.format(TodayDate): null

2018-12-10 19:05:42 - [TEST_STEP][PASSED] - Statement - CurrentYear = CurrentYear: null

2018-12-10 19:05:42 - [TEST_STEP][PASSED] - Statement - intCurrentYear = java.lang.Integer.parseInt(CurrentDateNoFilter.format(TodayDate)): null

2018-12-10 19:05:42 - [TEST_STEP][PASSED] - Statement - eighteenYrsAgo = intCurrentYear - 18: null

2018-12-10 19:05:42 - [TEST_STEP][PASSED] - Statement - eighteenYrsBeforeThisYr = eighteenYrsAgo.toString(): null

2018-12-10 19:05:42 - [TEST_STEP][PASSED] - Statement - EighteenYrsBefore = eighteenYrsBeforeThisYr: null

2018-12-10 19:05:42 - [TEST_STEP][PASSED] - Statement - fiftysevenYrsAgo = intCurrentYear - 57: null

2018-12-10 19:05:42 - [TEST_STEP][PASSED] - Statement - fiftysevenYrsBeforeThisYr = fiftysevenYrsAgo.toString(): null

2018-12-10 19:05:42 - [TEST_STEP][PASSED] - Statement - FiftysevenYrsBefore = fiftysevenYrsBeforeThisYr: null

2018-12-10 19:05:42 - [TEST_STEP][PASSED] - Statement - leapYear = false: null

2018-12-10 19:05:42 - [TEST_STEP][PASSED] - Statement - leapYear = intCurrentYear % 4 == 0: null

2018-12-10 19:05:42 - [TEST_STEP][PASSED] - Statement - CurrentDateNoFilter.applyPattern("dd"): null

2018-12-10 19:05:42 - [TEST_STEP][PASSED] - Statement - CurrentDate = CurrentDateNoFilter.format(TodayDate): null

2018-12-10 19:05:42 - [TEST_STEP][PASSED] - Statement - CurrentDate = java.lang.Integer.parseInt(CurrentDate): null

2018-12-10 19:05:42 - [TEST_STEP][PASSED] - Statement - CurrentDate = CurrentDate: null

2018-12-10 19:05:42 - [TEST_STEP][PASSED] - Statement - CurrentDay = java.lang.Integer.parseInt(CurrentDate): null

2018-12-10 19:05:42 - [TEST_STEP][PASSED] - Statement - ConfAdder = <not implemented yet for class: org.codehaus.groovy.ast.expr.EmptyExpression>: null

2018-12-10 19:05:42 - [TEST_STEP][PASSED] - Statement - out.println(CurrentMonth): null

2018-12-10 19:05:42 - [TEST_STEP][PASSED] - Statement - out.println(CurrentDate): null

2018-12-10 19:05:42 - [TEST_STEP][PASSED] - Statement - switch (CurrentDate): null

2018-12-10 19:05:42 - [TEST_STEP][PASSED] - Statement - Default: null

2018-12-10 19:05:42 - [TEST_STEP][PASSED] - Statement - ConfAdder = true: null

2018-12-10 19:05:42 - [TEST_STEP][PASSED] - Statement - Break: null

2018-12-10 19:05:42 - [TEST_STEP][PASSED] - Statement - aDayBefore = <not implemented yet for class: org.codehaus.groovy.ast.expr.EmptyExpression>: null

2018-12-10 19:05:42 - [TEST_STEP][PASSED] - Statement - out.println(ConfAdder): null

2018-12-10 19:05:42 - [TEST_STEP][PASSED] - Statement - If (ConfAdder == true): null

2018-12-10 19:05:42 - [TEST_STEP][PASSED] - Statement - aDayBefore = CurrentDay + 1: null

2018-12-10 19:05:42 - [TEST_STEP][PASSED] - Statement - out.println(aDayBefore): null

2018-12-10 19:05:42 - [TEST_STEP][PASSED] - Statement - If (aDayBefore == 1 && CurrentMonth == 11): null

2018-12-10 19:05:42 - [TEST_STEP][PASSED] - Statement - DayBefore = aDayBefore.toString(): null

2018-12-10 19:05:42 - [TEST_STEP][PASSED] - Statement - OneDayBefore = DayBefore: null

2018-12-10 19:05:42 - [MESSAGE][PASSED] - Call Test Case 'Test Cases/Final Aug 2018 - PKS Automation/Registration Module/New Registration/Form 2/Date Updater' successfully

2018-12-10 19:05:42 - [TEST_STEP][PASSED] - delay: Delayed 1 second(s)

2018-12-10 19:05:43 - [MESSAGE][PASSED] - Delayed 1 second(s)

2018-12-10 19:05:43 - [TEST_STEP][PASSED] - Statement - CaseReferenceNo = com.kms.katalon.core.webui.keyword.WebUiBuiltInKeywords.getText(com.kms.katalon.core.testobject.ObjectRepository.findTestObject(Final Object Repo/New Registration - Registration Module Pages/Form 2/RefNo Acquiring)): Text of object 'Object Repository/Final Object Repo/New Registration - Registration Module Pages/Form 2/RefNo Acquiring' is: 'CRN12201800123150'

2018-12-10 19:05:44 - [MESSAGE][PASSED] - Text of object 'Object Repository/Final Object Repo/New Registration - Registration Module Pages/Form 2/RefNo Acquiring' is: 'CRN12201800123150'

2018-12-10 19:05:44 - [TEST_STEP][PASSED] - delay: Delayed 1 second(s)

2018-12-10 19:05:45 - [MESSAGE][PASSED] - Delayed 1 second(s)

2018-12-10 19:05:45 - [TEST_STEP][PASSED] - click: Object: 'Object Repository/Final Object Repo/New Registration - Registration Module Pages/Form 2/Add Employee Button' is clicked on

2018-12-10 19:05:45 - [MESSAGE][PASSED] - Object: 'Object Repository/Final Object Repo/New Registration - Registration Module Pages/Form 2/Add Employee Button' is clicked on

2018-12-10 19:05:45 - [TEST_STEP][PASSED] - delay: Delayed 1 second(s)

2018-12-10 19:05:46 - [MESSAGE][PASSED] - Delayed 1 second(s)

2018-12-10 19:05:46 - [TEST_STEP][PASSED] - setText: Text '010903091948' is set on object 'Object Repository/Final Object Repo/New Registration - Registration Module Pages/Form 2/NRIC Input'

2018-12-10 19:05:46 - [MESSAGE][PASSED] - Text '010903091948' is set on object 'Object Repository/Final Object Repo/New Registration - Registration Module Pages/Form 2/NRIC Input'

2018-12-10 19:05:46 - [TEST_STEP][PASSED] - delay: Delayed 2 second(s)

2018-12-10 19:05:48 - [MESSAGE][PASSED] - Delayed 2 second(s)

2018-12-10 19:05:48 - [TEST_STEP][PASSED] - setText: Text 'Automate001 eligible 1' is set on object 'Object Repository/Final Object Repo/New Registration - Registration Module Pages/Form 2/Employee Name Input'

2018-12-10 19:05:48 - [MESSAGE][PASSED] - Text 'Automate001 eligible 1' is set on object 'Object Repository/Final Object Repo/New Registration - Registration Module Pages/Form 2/Employee Name Input'

2018-12-10 19:05:48 - [TEST_STEP][PASSED] - delay: Delayed 2 second(s)

2018-12-10 19:05:50 - [MESSAGE][PASSED] - Delayed 2 second(s)

2018-12-10 19:05:50 - [TEST_STEP][PASSED] - click: Object: 'Object Repository/Final Object Repo/New Registration - Registration Module Pages/Form 2/DatePicker Pop Up' is clicked on

2018-12-10 19:05:51 - [MESSAGE][PASSED] - Object: 'Object Repository/Final Object Repo/New Registration - Registration Module Pages/Form 2/DatePicker Pop Up' is clicked on

2018-12-10 19:05:51 - [TEST_STEP][PASSED] - click: Object: 'Object Repository/Final Object Repo/New Registration - Registration Module Pages/Form 2/DOB Month' is clicked on

2018-12-10 19:05:51 - [MESSAGE][PASSED] - Object: 'Object Repository/Final Object Repo/New Registration - Registration Module Pages/Form 2/DOB Month' is clicked on

2018-12-10 19:05:51 - [TEST_STEP][PASSED] - Statement - CurrentMonth = CurrentMonth: null

2018-12-10 19:05:51 - [TEST_STEP][PASSED] - Statement - selectMonth = new com.kms.katalon.core.testobject.TestObject(): null

2018-12-10 19:05:51 - [TEST_STEP][PASSED] - Statement - selectMonth.addProperty("xpath", EQUALS, "//body/div/div/div/select/option[@value='" + CurrentMonth + "']", true): null

2018-12-10 19:05:51 - [TEST_STEP][PASSED] - click: Object: '' is clicked on

2018-12-10 19:05:51 - [MESSAGE][PASSED] - Object: '' is clicked on

2018-12-10 19:05:51 - [TEST_STEP][PASSED] - click: Object: 'Object Repository/Final Object Repo/New Registration - Registration Module Pages/Form 2/DOB Year' is clicked on

2018-12-10 19:05:51 - [MESSAGE][PASSED] - Object: 'Object Repository/Final Object Repo/New Registration - Registration Module Pages/Form 2/DOB Year' is clicked on

2018-12-10 19:05:51 - [TEST_STEP][PASSED] - Statement - Eyearsbf = EighteenYrsBefore: null

2018-12-10 19:05:51 - [TEST_STEP][PASSED] - Statement - selectYear = new com.kms.katalon.core.testobject.TestObject(): null

2018-12-10 19:05:51 - [TEST_STEP][PASSED] - Statement - selectYear.addProperty("xpath", EQUALS, "//div/div/div/select/option[@value='" + Eyearsbf + "']", true): null

2018-12-10 19:05:51 - [TEST_STEP][PASSED] - click: Object: '' is clicked on

2018-12-10 19:05:51 - [MESSAGE][PASSED] - Object: '' is clicked on

2018-12-10 19:05:51 - [TEST_STEP][PASSED] - Statement - UpdatedSelectDate = com.kms.katalon.core.webui.keyword.WebUiBuiltInKeywords.modifyObjectProperty(com.kms.katalon.core.testobject.ObjectRepository.findTestObject(Final Object Repo/New Registration - Registration Module Pages/Form 2/DOB Date), "xpath", "equals", "//body/div/table/tbody/tr/td/a[text()="" + CurrentDate + ""]", true): Modify property of object successfully

2018-12-10 19:05:51 - [MESSAGE][PASSED] - Modify property of object successfully

2018-12-10 19:05:51 - [TEST_STEP][PASSED] - delay: Delayed 3 second(s)

2018-12-10 19:05:54 - [MESSAGE][PASSED] - Delayed 3 second(s)

2018-12-10 19:05:54 - [TEST_STEP][PASSED] - click: Object: 'Object Repository/Final Object Repo/New Registration - Registration Module Pages/Form 2/DOB Date' is clicked on

2018-12-10 19:05:54 - [MESSAGE][PASSED] - Object: 'Object Repository/Final Object Repo/New Registration - Registration Module Pages/Form 2/DOB Date' is clicked on

2018-12-10 19:05:54 - [TEST_STEP][PASSED] - delay: Delayed 2 second(s)

2018-12-10 19:05:56 - [MESSAGE][PASSED] - Delayed 2 second(s)

2018-12-10 19:05:56 - [TEST_STEP][PASSED] - click: Object: 'Object Repository/Final Object Repo/New Registration - Registration Module Pages/Form 2/EmploymentStartDate Pop Up' is clicked on

2018-12-10 19:05:57 - [MESSAGE][PASSED] - Object: 'Object Repository/Final Object Repo/New Registration - Registration Module Pages/Form 2/EmploymentStartDate Pop Up' is clicked on

2018-12-10 19:05:57 - [TEST_STEP][PASSED] - delay: Delayed 2 second(s)

2018-12-10 19:05:59 - [MESSAGE][PASSED] - Delayed 2 second(s)

2018-12-10 19:05:59 - [TEST_STEP][PASSED] - click: Object: 'Object Repository/Final Object Repo/New Registration - Registration Module Pages/Form 2/Socso Employment StartDate Month' is clicked on

2018-12-10 19:05:59 - [MESSAGE][PASSED] - Object: 'Object Repository/Final Object Repo/New Registration - Registration Module Pages/Form 2/Socso Employment StartDate Month' is clicked on

2018-12-10 19:05:59 - [TEST_STEP][PASSED] - delay: Delayed 1 second(s)

2018-12-10 19:06:00 - [MESSAGE][PASSED] - Delayed 1 second(s)

2018-12-10 19:06:00 - [TEST_STEP][PASSED] - click: Object: 'Object Repository/Final Object Repo/New Registration - Registration Module Pages/Form 2/Select Socso Employement Startdate Month' is clicked on

2018-12-10 19:06:00 - [MESSAGE][PASSED] - Object: 'Object Repository/Final Object Repo/New Registration - Registration Module Pages/Form 2/Select Socso Employement Startdate Month' is clicked on

2018-12-10 19:06:00 - [TEST_STEP][PASSED] - delay: Delayed 2 second(s)

2018-12-10 19:06:02 - [MESSAGE][PASSED] - Delayed 2 second(s)

2018-12-10 19:06:02 - [TEST_STEP][PASSED] - click: Object: 'Object Repository/Final Object Repo/New Registration - Registration Module Pages/Form 2/Socso Employment StartDate Year' is clicked on

2018-12-10 19:06:02 - [MESSAGE][PASSED] - Object: 'Object Repository/Final Object Repo/New Registration - Registration Module Pages/Form 2/Socso Employment StartDate Year' is clicked on

2018-12-10 19:06:02 - [TEST_STEP][PASSED] - delay: Delayed 1 second(s)

2018-12-10 19:06:03 - [MESSAGE][PASSED] - Delayed 1 second(s)

2018-12-10 19:06:03 - [TEST_STEP][PASSED] - click: Object: 'Object Repository/Final Object Repo/New Registration - Registration Module Pages/Form 2/Select Socso Employment Startdate Year' is clicked on

2018-12-10 19:06:03 - [MESSAGE][PASSED] - Object: 'Object Repository/Final Object Repo/New Registration - Registration Module Pages/Form 2/Select Socso Employment Startdate Year' is clicked on

2018-12-10 19:06:03 - [TEST_STEP][PASSED] - delay: Delayed 2 second(s)

2018-12-10 19:06:05 - [MESSAGE][PASSED] - Delayed 2 second(s)

2018-12-10 19:06:05 - [TEST_STEP][PASSED] - click: Object: 'Object Repository/Final Object Repo/New Registration - Registration Module Pages/Form 2/Socso Employment Start Date Day' is clicked on

2018-12-10 19:06:06 - [MESSAGE][PASSED] - Object: 'Object Repository/Final Object Repo/New Registration - Registration Module Pages/Form 2/Socso Employment Start Date Day' is clicked on

2018-12-10 19:06:06 - [TEST_STEP][PASSED] - delay: Delayed 2 second(s)

2018-12-10 19:06:08 - [MESSAGE][PASSED] - Delayed 2 second(s)

2018-12-10 19:06:08 - [TEST_STEP][PASSED] - click: Object: 'Object Repository/Final Object Repo/New Registration - Registration Module Pages/Form 2/Save Button for Add Employee' is clicked on

2018-12-10 19:06:08 - [MESSAGE][PASSED] - Object: 'Object Repository/Final Object Repo/New Registration - Registration Module Pages/Form 2/Save Button for Add Employee' is clicked on

2018-12-10 19:06:08 - [TEST_STEP][PASSED] - delay: Delayed 6 second(s)

2018-12-10 19:06:14 - [MESSAGE][PASSED] - Delayed 6 second(s)

2018-12-10 19:06:14 - [TEST_STEP][PASSED] - click: Object: 'Object Repository/Final Object Repo/New Registration - Registration Module Pages/Form 2/Save and Continue Form 2' is clicked on

2018-12-10 19:06:14 - [MESSAGE][PASSED] - Object: 'Object Repository/Final Object Repo/New Registration - Registration Module Pages/Form 2/Save and Continue Form 2' is clicked on

2018-12-10 19:06:14 - [MESSAGE][PASSED] - Call Test Case 'Test Cases/Final Aug 2018 - PKS Automation/Registration Module/New Registration/Form 2/Add 1 Eligible - Employer Account Use' successfully

2018-12-10 19:06:14 - [TEST_STEP][PASSED] - callTestCase: Call Test Case 'Test Cases/Final Aug 2018 - PKS Automation/Registration Module/New Registration/Flow of New Registration/Third Screen - Upload Supporting Doc - Preview' successfully

2018-12-10 19:06:14 - [TEST_CASE][PASSED] - Test Cases/Final Aug 2018 - PKS Automation/Registration Module/New Registration/Flow of New Registration/Third Screen - Upload Supporting Doc - Preview: Test Cases/Final Aug 2018 - PKS Automation/Registration Module/New Registration/Flow of New Registration/Third Screen - Upload Supporting Doc - Preview

2018-12-10 19:06:14 - [TEST_STEP][PASSED] - waitForPageLoad: Wait for page load successfully

2018-12-10 19:06:15 - [MESSAGE][PASSED] - Wait for page load successfully

2018-12-10 19:06:15 - [TEST_STEP][PASSED] - Statement - CaseReferenceNo = com.kms.katalon.core.webui.keyword.WebUiBuiltInKeywords.getText(com.kms.katalon.core.testobject.ObjectRepository.findTestObject(Final Object Repo/New Registration - Registration Module Pages/Third Screen - Upload Supporting Doc- Preview/RefNo Acquiring)): Text of object 'Object Repository/Final Object Repo/New Registration - Registration Module Pages/Third Screen - Upload Supporting Doc- Preview/RefNo Acquiring' is: 'CRN12201800123150'

2018-12-10 19:06:15 - [MESSAGE][PASSED] - Text of object 'Object Repository/Final Object Repo/New Registration - Registration Module Pages/Third Screen - Upload Supporting Doc- Preview/RefNo Acquiring' is: 'CRN12201800123150'

2018-12-10 19:06:15 - [TEST_STEP][PASSED] - delay: Delayed 2 second(s)

2018-12-10 19:06:17 - [MESSAGE][PASSED] - Delayed 2 second(s)

2018-12-10 19:06:17 - [TEST_STEP][PASSED] - callTestCase: Call Test Case 'Test Cases/Final Aug 2018 - PKS Automation/Common/Reference Number Setter' successfully

2018-12-10 19:06:17 - [TEST_CASE][PASSED] - Test Cases/Final Aug 2018 - PKS Automation/Common/Reference Number Setter: Test Cases/Final Aug 2018 - PKS Automation/Common/Reference Number Setter

2018-12-10 19:06:17 - [TEST_STEP][PASSED] - Statement - RefNoOldFile = new java.io.File(C://Users//Admin//Desktop//PKS//Automation Reference Point//KatalonReference.txt): null

2018-12-10 19:06:17 - [TEST_STEP][PASSED] - Statement - RefNoOldFile.delete(): null

2018-12-10 19:06:17 - [TEST_STEP][PASSED] - delay: Delayed 5 second(s)

2018-12-10 19:06:22 - [MESSAGE][PASSED] - Delayed 5 second(s)

2018-12-10 19:06:22 - [TEST_STEP][PASSED] - Statement - RefNo = new java.io.File(C://Users//Admin//Desktop//PKS//Automation Reference Point//KatalonReference.txt): null

2018-12-10 19:06:22 - [TEST_STEP][PASSED] - Statement - f2 = new java.io.FileWriter(RefNo, false): null

2018-12-10 19:06:22 - [TEST_STEP][PASSED] - Statement - f2.write(CaseReferenceNo): null

2018-12-10 19:06:22 - [TEST_STEP][PASSED] - Statement - f2.close(): null

2018-12-10 19:06:22 - [TEST_STEP][PASSED] - Statement - out.println("


" + CaseReferenceNo + "


"): null

2018-12-10 19:06:22 - [MESSAGE][PASSED] - Call Test Case 'Test Cases/Final Aug 2018 - PKS Automation/Common/Reference Number Setter' successfully

2018-12-10 19:06:22 - [TEST_STEP][PASSED] - waitForElementClickable: Object 'Object Repository/Final Object Repo/New Registration - Registration Module Pages/Third Screen - Upload Supporting Doc- Preview/Save n Continue in SIP Employee Listing Page' is clickable

2018-12-10 19:06:22 - [MESSAGE][PASSED] - Object 'Object Repository/Final Object Repo/New Registration - Registration Module Pages/Third Screen - Upload Supporting Doc- Preview/Save n Continue in SIP Employee Listing Page' is clickable

2018-12-10 19:06:22 - [TEST_STEP][PASSED] - click: Object: 'Object Repository/Final Object Repo/New Registration - Registration Module Pages/Third Screen - Upload Supporting Doc- Preview/Save n Continue in SIP Employee Listing Page' is clicked on

2018-12-10 19:06:27 - [MESSAGE][PASSED] - Object: 'Object Repository/Final Object Repo/New Registration - Registration Module Pages/Third Screen - Upload Supporting Doc- Preview/Save n Continue in SIP Employee Listing Page' is clicked on

2018-12-10 19:06:27 - [TEST_STEP][PASSED] - delay: Delayed 7 second(s)

2018-12-10 19:06:34 - [MESSAGE][PASSED] - Delayed 7 second(s)

2018-12-10 19:06:34 - [TEST_STEP][PASSED] - click: Object: 'Object Repository/Final Object Repo/New Registration - Registration Module Pages/Third Screen - Upload Supporting Doc- Preview/Add Document Button' is clicked on

2018-12-10 19:06:35 - [MESSAGE][PASSED] - Object: 'Object Repository/Final Object Repo/New Registration - Registration Module Pages/Third Screen - Upload Supporting Doc- Preview/Add Document Button' is clicked on

2018-12-10 19:06:35 - [TEST_STEP][PASSED] - delay: Delayed 30 second(s)

2018-12-10 19:07:05 - [MESSAGE][PASSED] - Delayed 30 second(s)

2018-12-10 19:07:05 - [TEST_STEP][PASSED] - click: Object: 'Object Repository/Final Object Repo/New Registration - Registration Module Pages/Third Screen - Upload Supporting Doc- Preview/Supporting Doc Please Select Drop Down' is clicked on

2018-12-10 19:07:05 - [MESSAGE][PASSED] - Object: 'Object Repository/Final Object Repo/New Registration - Registration Module Pages/Third Screen - Upload Supporting Doc- Preview/Supporting Doc Please Select Drop Down' is clicked on

2018-12-10 19:07:05 - [TEST_STEP][PASSED] - delay: Delayed 2 second(s)

2018-12-10 19:07:07 - [MESSAGE][PASSED] - Delayed 2 second(s)

2018-12-10 19:07:07 - [TEST_STEP][PASSED] - click: Object: 'Object Repository/Final Object Repo/New Registration - Registration Module Pages/Third Screen - Upload Supporting Doc- Preview/Select to Upload Form 1' is clicked on

2018-12-10 19:07:07 - [MESSAGE][PASSED] - Object: 'Object Repository/Final Object Repo/New Registration - Registration Module Pages/Third Screen - Upload Supporting Doc- Preview/Select to Upload Form 1' is clicked on

2018-12-10 19:07:07 - [TEST_STEP][PASSED] - delay: Delayed 2 second(s)

2018-12-10 19:07:09 - [MESSAGE][PASSED] - Delayed 2 second(s)

2018-12-10 19:07:09 - [TEST_STEP][PASSED] - uploadFile: File 'C:\Users\Public\Pictures\Sample Pictures\Koala.jpg' sent to object: 'Object Repository/Final Object Repo/New Registration - Registration Module Pages/Third Screen - Upload Supporting Doc- Preview/Upload File Adding'

2018-12-10 19:07:09 - [MESSAGE][PASSED] - File 'C:\Users\Public\Pictures\Sample Pictures\Koala.jpg' sent to object: 'Object Repository/Final Object Repo/New Registration - Registration Module Pages/Third Screen - Upload Supporting Doc- Preview/Upload File Adding'

2018-12-10 19:07:09 - [TEST_STEP][PASSED] - delay: Delayed 5 second(s)

2018-12-10 19:07:14 - [MESSAGE][PASSED] - Delayed 5 second(s)

2018-12-10 19:07:14 - [TEST_STEP][PASSED] - click: Object: 'Object Repository/Final Object Repo/New Registration - Registration Module Pages/Third Screen - Upload Supporting Doc- Preview/Inner Form Add Document Button' is clicked on

2018-12-10 19:07:14 - [MESSAGE][PASSED] - Object: 'Object Repository/Final Object Repo/New Registration - Registration Module Pages/Third Screen - Upload Supporting Doc- Preview/Inner Form Add Document Button' is clicked on

2018-12-10 19:07:14 - [TEST_STEP][PASSED] - delay: Delayed 3 second(s)

2018-12-10 19:07:17 - [MESSAGE][PASSED] - Delayed 3 second(s)

2018-12-10 19:07:17 - [TEST_STEP][PASSED] - click: Object: 'Object Repository/Final Object Repo/New Registration - Registration Module Pages/Third Screen - Upload Supporting Doc- Preview/Add Document Button' is clicked on

2018-12-10 19:07:18 - [MESSAGE][PASSED] - Object: 'Object Repository/Final Object Repo/New Registration - Registration Module Pages/Third Screen - Upload Supporting Doc- Preview/Add Document Button' is clicked on

2018-12-10 19:07:18 - [TEST_STEP][PASSED] - delay: Delayed 30 second(s)

2018-12-10 19:07:48 - [MESSAGE][PASSED] - Delayed 30 second(s)

2018-12-10 19:07:48 - [TEST_STEP][PASSED] - click: Object: 'Object Repository/Final Object Repo/New Registration - Registration Module Pages/Third Screen - Upload Supporting Doc- Preview/Supporting Doc Please Select Drop Down' is clicked on

2018-12-10 19:07:49 - [MESSAGE][PASSED] - Object: 'Object Repository/Final Object Repo/New Registration - Registration Module Pages/Third Screen - Upload Supporting Doc- Preview/Supporting Doc Please Select Drop Down' is clicked on

2018-12-10 19:07:49 - [TEST_STEP][PASSED] - delay: Delayed 4 second(s)

2018-12-10 19:07:53 - [MESSAGE][PASSED] - Delayed 4 second(s)

2018-12-10 19:07:53 - [TEST_STEP][PASSED] - click: Object: 'Object Repository/Final Object Repo/New Registration - Registration Module Pages/Third Screen - Upload Supporting Doc- Preview/Select to Upload Form 2' is clicked on

2018-12-10 19:07:53 - [MESSAGE][PASSED] - Object: 'Object Repository/Final Object Repo/New Registration - Registration Module Pages/Third Screen - Upload Supporting Doc- Preview/Select to Upload Form 2' is clicked on

2018-12-10 19:07:53 - [TEST_STEP][PASSED] - delay: Delayed 2 second(s)

2018-12-10 19:07:55 - [MESSAGE][PASSED] - Delayed 2 second(s)

2018-12-10 19:07:55 - [TEST_STEP][PASSED] - uploadFile: File 'C:\Users\Public\Pictures\Sample Pictures\Koala.jpg' sent to object: 'Object Repository/Final Object Repo/New Registration - Registration Module Pages/Third Screen - Upload Supporting Doc- Preview/Upload File Adding'

2018-12-10 19:07:55 - [MESSAGE][PASSED] - File 'C:\Users\Public\Pictures\Sample Pictures\Koala.jpg' sent to object: 'Object Repository/Final Object Repo/New Registration - Registration Module Pages/Third Screen - Upload Supporting Doc- Preview/Upload File Adding'

2018-12-10 19:07:55 - [TEST_STEP][PASSED] - click: Object: 'Object Repository/Final Object Repo/New Registration - Registration Module Pages/Third Screen - Upload Supporting Doc- Preview/Inner Form Add Document Button' is clicked on

2018-12-10 19:07:55 - [MESSAGE][PASSED] - Object: 'Object Repository/Final Object Repo/New Registration - Registration Module Pages/Third Screen - Upload Supporting Doc- Preview/Inner Form Add Document Button' is clicked on

2018-12-10 19:07:55 - [TEST_STEP][PASSED] - delay: Delayed 5 second(s)

2018-12-10 19:08:00 - [MESSAGE][PASSED] - Delayed 5 second(s)

2018-12-10 19:08:00 - [TEST_STEP][PASSED] - click: Object: 'Object Repository/Final Object Repo/New Registration - Registration Module Pages/Third Screen - Upload Supporting Doc- Preview/Add Document Button' is clicked on

2018-12-10 19:08:00 - [MESSAGE][PASSED] - Object: 'Object Repository/Final Object Repo/New Registration - Registration Module Pages/Third Screen - Upload Supporting Doc- Preview/Add Document Button' is clicked on

2018-12-10 19:08:00 - [TEST_STEP][PASSED] - delay: Delayed 30 second(s)

2018-12-10 19:08:30 - [MESSAGE][PASSED] - Delayed 30 second(s)

2018-12-10 19:08:30 - [TEST_STEP][PASSED] - click: Object: 'Object Repository/Final Object Repo/New Registration - Registration Module Pages/Third Screen - Upload Supporting Doc- Preview/Supporting Doc Please Select Drop Down' is clicked on

2018-12-10 19:08:30 - [MESSAGE][PASSED] - Object: 'Object Repository/Final Object Repo/New Registration - Registration Module Pages/Third Screen - Upload Supporting Doc- Preview/Supporting Doc Please Select Drop Down' is clicked on

2018-12-10 19:08:30 - [TEST_STEP][PASSED] - click: Object: 'Object Repository/Final Object Repo/New Registration - Registration Module Pages/Third Screen - Upload Supporting Doc- Preview/Select to Upload Borang SIP 1' is clicked on

2018-12-10 19:08:31 - [MESSAGE][PASSED] - Object: 'Object Repository/Final Object Repo/New Registration - Registration Module Pages/Third Screen - Upload Supporting Doc- Preview/Select to Upload Borang SIP 1' is clicked on

2018-12-10 19:08:31 - [TEST_STEP][PASSED] - delay: Delayed 2 second(s)

2018-12-10 19:08:33 - [MESSAGE][PASSED] - Delayed 2 second(s)

2018-12-10 19:08:33 - [TEST_STEP][PASSED] - uploadFile: File 'C:\Users\Public\Pictures\Sample Pictures\Koala.jpg' sent to object: 'Object Repository/Final Object Repo/New Registration - Registration Module Pages/Third Screen - Upload Supporting Doc- Preview/Upload File Adding'

2018-12-10 19:08:33 - [MESSAGE][PASSED] - File 'C:\Users\Public\Pictures\Sample Pictures\Koala.jpg' sent to object: 'Object Repository/Final Object Repo/New Registration - Registration Module Pages/Third Screen - Upload Supporting Doc- Preview/Upload File Adding'

2018-12-10 19:08:33 - [TEST_STEP][PASSED] - click: Object: 'Object Repository/Final Object Repo/New Registration - Registration Module Pages/Third Screen - Upload Supporting Doc- Preview/Inner Form Add Document Button' is clicked on

2018-12-10 19:08:33 - [MESSAGE][PASSED] - Object: 'Object Repository/Final Object Repo/New Registration - Registration Module Pages/Third Screen - Upload Supporting Doc- Preview/Inner Form Add Document Button' is clicked on

2018-12-10 19:08:33 - [TEST_STEP][PASSED] - delay: Delayed 5 second(s)

2018-12-10 19:08:38 - [MESSAGE][PASSED] - Delayed 5 second(s)

2018-12-10 19:08:38 - [TEST_STEP][PASSED] - click: Object: 'Object Repository/Final Object Repo/New Registration - Registration Module Pages/Third Screen - Upload Supporting Doc- Preview/Add Document Button' is clicked on

2018-12-10 19:08:38 - [MESSAGE][PASSED] - Object: 'Object Repository/Final Object Repo/New Registration - Registration Module Pages/Third Screen - Upload Supporting Doc- Preview/Add Document Button' is clicked on

2018-12-10 19:08:38 - [TEST_STEP][PASSED] - delay: Delayed 30 second(s)

2018-12-10 19:09:08 - [MESSAGE][PASSED] - Delayed 30 second(s)

2018-12-10 19:09:08 - [TEST_STEP][PASSED] - click: Object: 'Object Repository/Final Object Repo/New Registration - Registration Module Pages/Third Screen - Upload Supporting Doc- Preview/Supporting Doc Please Select Drop Down' is clicked on

2018-12-10 19:09:08 - [MESSAGE][PASSED] - Object: 'Object Repository/Final Object Repo/New Registration - Registration Module Pages/Third Screen - Upload Supporting Doc- Preview/Supporting Doc Please Select Drop Down' is clicked on

2018-12-10 19:09:08 - [TEST_STEP][PASSED] - delay: Delayed 3 second(s)

2018-12-10 19:09:11 - [MESSAGE][PASSED] - Delayed 3 second(s)

2018-12-10 19:09:11 - [TEST_STEP][PASSED] - click: Object: 'Object Repository/Final Object Repo/New Registration - Registration Module Pages/Third Screen - Upload Supporting Doc- Preview/Select to Upload Borang SIP 2' is clicked on

2018-12-10 19:09:11 - [MESSAGE][PASSED] - Object: 'Object Repository/Final Object Repo/New Registration - Registration Module Pages/Third Screen - Upload Supporting Doc- Preview/Select to Upload Borang SIP 2' is clicked on

2018-12-10 19:09:11 - [TEST_STEP][PASSED] - delay: Delayed 2 second(s)

2018-12-10 19:09:13 - [MESSAGE][PASSED] - Delayed 2 second(s)

2018-12-10 19:09:13 - [TEST_STEP][PASSED] - uploadFile: File 'C:\Users\Public\Pictures\Sample Pictures\Koala.jpg' sent to object: 'Object Repository/Final Object Repo/New Registration - Registration Module Pages/Third Screen - Upload Supporting Doc- Preview/Upload File Adding'

2018-12-10 19:09:14 - [MESSAGE][PASSED] - File 'C:\Users\Public\Pictures\Sample Pictures\Koala.jpg' sent to object: 'Object Repository/Final Object Repo/New Registration - Registration Module Pages/Third Screen - Upload Supporting Doc- Preview/Upload File Adding'

2018-12-10 19:09:14 - [TEST_STEP][PASSED] - delay: Delayed 5 second(s)

2018-12-10 19:09:19 - [MESSAGE][PASSED] - Delayed 5 second(s)

2018-12-10 19:09:19 - [TEST_STEP][PASSED] - click: Object: 'Object Repository/Final Object Repo/New Registration - Registration Module Pages/Third Screen - Upload Supporting Doc- Preview/Inner Form Add Document Button' is clicked on

2018-12-10 19:09:19 - [MESSAGE][PASSED] - Object: 'Object Repository/Final Object Repo/New Registration - Registration Module Pages/Third Screen - Upload Supporting Doc- Preview/Inner Form Add Document Button' is clicked on

2018-12-10 19:09:19 - [TEST_STEP][PASSED] - delay: Delayed 3 second(s)

2018-12-10 19:09:22 - [MESSAGE][PASSED] - Delayed 3 second(s)

2018-12-10 19:09:22 - [TEST_STEP][PASSED] - waitForElementClickable: Object 'Object Repository/Final Object Repo/New Registration - Registration Module Pages/Third Screen - Upload Supporting Doc- Preview/Save n Continue in Uploading Supporting Doc Page' is clickable

2018-12-10 19:09:23 - [MESSAGE][PASSED] - Object 'Object Repository/Final Object Repo/New Registration - Registration Module Pages/Third Screen - Upload Supporting Doc- Preview/Save n Continue in Uploading Supporting Doc Page' is clickable

2018-12-10 19:09:23 - [TEST_STEP][PASSED] - click: Object: 'Object Repository/Final Object Repo/New Registration - Registration Module Pages/Third Screen - Upload Supporting Doc- Preview/Save n Continue in Uploading Supporting Doc Page' is clicked on

2018-12-10 19:09:23 - [MESSAGE][PASSED] - Object: 'Object Repository/Final Object Repo/New Registration - Registration Module Pages/Third Screen - Upload Supporting Doc- Preview/Save n Continue in Uploading Supporting Doc Page' is clicked on

2018-12-10 19:09:23 - [MESSAGE][PASSED] - Call Test Case 'Test Cases/Final Aug 2018 - PKS Automation/Registration Module/New Registration/Flow of New Registration/Third Screen - Upload Supporting Doc - Preview' successfully

2018-12-10 19:09:23 - [TEST_STEP][PASSED] - setText: Text 'Tester' is set on object 'Object Repository/Final Object Repo/New Registration - Registration Module Pages/New Reg - OTC to RO/Special Case - All Related Objects/Employer Preview Name'

2018-12-10 19:09:28 - [MESSAGE][PASSED] - Text 'Tester' is set on object 'Object Repository/Final Object Repo/New Registration - Registration Module Pages/New Reg - OTC to RO/Special Case - All Related Objects/Employer Preview Name'

2018-12-10 19:09:28 - [TEST_STEP][PASSED] - click: Object: 'Object Repository/Final Object Repo/New Registration - Registration Module Pages/New Reg - OTC to RO/Special Case - All Related Objects/IC Type Drop Down' is clicked on

2018-12-10 19:09:28 - [MESSAGE][PASSED] - Object: 'Object Repository/Final Object Repo/New Registration - Registration Module Pages/New Reg - OTC to RO/Special Case - All Related Objects/IC Type Drop Down' is clicked on

2018-12-10 19:09:28 - [TEST_STEP][PASSED] - click: Object: 'Object Repository/Final Object Repo/New Registration - Registration Module Pages/New Reg - OTC to RO/Special Case - All Related Objects/Select to NRIC' is clicked on

2018-12-10 19:09:28 - [MESSAGE][PASSED] - Object: 'Object Repository/Final Object Repo/New Registration - Registration Module Pages/New Reg - OTC to RO/Special Case - All Related Objects/Select to NRIC' is clicked on

2018-12-10 19:09:28 - [TEST_STEP][PASSED] - setText: Text '133245561223' is set on object 'Object Repository/Final Object Repo/New Registration - Registration Module Pages/New Reg - OTC to RO/Special Case - All Related Objects/IC Value'

2018-12-10 19:09:28 - [MESSAGE][PASSED] - Text '133245561223' is set on object 'Object Repository/Final Object Repo/New Registration - Registration Module Pages/New Reg - OTC to RO/Special Case - All Related Objects/IC Value'

2018-12-10 19:09:28 - [TEST_STEP][PASSED] - setText: Text 'Auto' is set on object 'Object Repository/Final Object Repo/New Registration - Registration Module Pages/New Reg - OTC to RO/Special Case - All Related Objects/Designation'

2018-12-10 19:09:28 - [MESSAGE][PASSED] - Text 'Auto' is set on object 'Object Repository/Final Object Repo/New Registration - Registration Module Pages/New Reg - OTC to RO/Special Case - All Related Objects/Designation'

2018-12-10 19:09:28 - [TEST_STEP][PASSED] - callTestCase: Call Test Case 'Test Cases/Final Aug 2018 - PKS Automation/Registration Module/New Registration/Submit and Screenshot/Submit Registration and Screenshot - Copy' successfully

2018-12-10 19:09:29 - [TEST_CASE][PASSED] - Test Cases/Final Aug 2018 - PKS Automation/Registration Module/New Registration/Submit and Screenshot/Submit Registration and Screenshot - Copy: Test Cases/Final Aug 2018 - PKS Automation/Registration Module/New Registration/Submit and Screenshot/Submit Registration and Screenshot - Copy

2018-12-10 19:09:29 - [TEST_STEP][PASSED] - delay: Delayed 6 second(s)

2018-12-10 19:09:35 - [MESSAGE][PASSED] - Delayed 6 second(s)

2018-12-10 19:09:35 - [TEST_STEP][PASSED] - click: Object: 'Object Repository/Final Object Repo/New Registration - Registration Module Pages/Third Screen - Upload Supporting Doc- Preview/Preview Submit Button' is clicked on

2018-12-10 19:09:35 - [MESSAGE][PASSED] - Object: 'Object Repository/Final Object Repo/New Registration - Registration Module Pages/Third Screen - Upload Supporting Doc- Preview/Preview Submit Button' is clicked on

2018-12-10 19:09:35 - [TEST_STEP][PASSED] - delay: Delayed 2 second(s)

2018-12-10 19:09:37 - [MESSAGE][PASSED] - Delayed 2 second(s)

2018-12-10 19:09:37 - [TEST_STEP][PASSED] - click: Object: 'Object Repository/Final Object Repo/New Registration - Registration Module Pages/Third Screen - Upload Supporting Doc- Preview/Preview Submit - Confirm' is clicked on

2018-12-10 19:09:37 - [MESSAGE][PASSED] - Object: 'Object Repository/Final Object Repo/New Registration - Registration Module Pages/Third Screen - Upload Supporting Doc- Preview/Preview Submit - Confirm' is clicked on

2018-12-10 19:09:37 - [TEST_STEP][PASSED] - delay: Delayed 15 second(s)

2018-12-10 19:09:52 - [MESSAGE][PASSED] - Delayed 15 second(s)

2018-12-10 19:09:52 - [TEST_STEP][PASSED] - Statement - driver = com.kms.katalon.core.webui.driver.DriverFactory.getWebDriver(): null

2018-12-10 19:09:52 - [TEST_STEP][PASSED] - Statement - driver.manage().timeouts().implicitlyWait(10, SECONDS): null

2018-12-10 19:09:52 - [TEST_STEP][PASSED] - Statement - PresavePath = KatalonScreenshots: null

2018-12-10 19:09:52 - [TEST_STEP][PASSED] - Statement - pathPrefix = "C:\Users\Public\Pictures\Sample Pictures\Katalon Screenshots\Automate Ending Screen": null

2018-12-10 19:09:52 - [TEST_STEP][PASSED] - Statement - finalPath = <not implemented yet for class: org.codehaus.groovy.ast.expr.EmptyExpression>: null

2018-12-10 19:09:52 - [TEST_STEP][PASSED] - Statement - scrFile = driver.getScreenshotAs(FILE): null

2018-12-10 19:09:53 - [TEST_STEP][PASSED] - Statement - PreSaveFile = new java.io.File(PresavePath): null

2018-12-10 19:09:53 - [TEST_STEP][PASSED] - Statement - counter = 0: null

2018-12-10 19:09:53 - [TEST_STEP][PASSED] - Statement - If (PreSaveFile.exists()): null

2018-12-10 19:09:53 - [TEST_STEP][PASSED] - Statement - While (PreSaveFile.exists()): null

2018-12-10 19:09:53 - [TEST_STEP][PASSED] - Statement - counter = counter + 1: null

2018-12-10 19:09:53 - [TEST_STEP][PASSED] - Statement - PreSaveFile = new java.io.File(((pathPrefix + java.lang.Integer.toString(counter)) + .png)): null

2018-12-10 19:09:53 - [TEST_STEP][PASSED] - Statement - counter = counter + 1: null

2018-12-10 19:09:53 - [TEST_STEP][PASSED] - Statement - PreSaveFile = new java.io.File(((pathPrefix + java.lang.Integer.toString(counter)) + .png)): null

2018-12-10 19:09:53 - [TEST_STEP][PASSED] - Statement - counter = counter + 1: null

2018-12-10 19:09:53 - [TEST_STEP][PASSED] - Statement - PreSaveFile = new java.io.File(((pathPrefix + java.lang.Integer.toString(counter)) + .png)): null

2018-12-10 19:09:53 - [TEST_STEP][PASSED] - Statement - counter = counter + 1: null

2018-12-10 19:09:53 - [TEST_STEP][PASSED] - Statement - PreSaveFile = new java.io.File(((pathPrefix + java.lang.Integer.toString(counter)) + .png)): null

2018-12-10 19:09:53 - [TEST_STEP][PASSED] - Statement - counter = counter + 1: null

2018-12-10 19:09:53 - [TEST_STEP][PASSED] - Statement - PreSaveFile = new java.io.File(((pathPrefix + java.lang.Integer.toString(counter)) + .png)): null

2018-12-10 19:09:53 - [TEST_STEP][PASSED] - Statement - counter = counter + 1: null

2018-12-10 19:09:53 - [TEST_STEP][PASSED] - Statement - PreSaveFile = new java.io.File(((pathPrefix + java.lang.Integer.toString(counter)) + .png)): null

2018-12-10 19:09:53 - [TEST_STEP][PASSED] - Statement - counter = counter + 1: null

2018-12-10 19:09:53 - [TEST_STEP][PASSED] - Statement - PreSaveFile = new java.io.File(((pathPrefix + java.lang.Integer.toString(counter)) + .png)): null

2018-12-10 19:09:53 - [TEST_STEP][PASSED] - Statement - counter = counter + 1: null

2018-12-10 19:09:53 - [TEST_STEP][PASSED] - Statement - PreSaveFile = new java.io.File(((pathPrefix + java.lang.Integer.toString(counter)) + .png)): null

2018-12-10 19:09:53 - [TEST_STEP][PASSED] - Statement - counter = counter + 1: null

2018-12-10 19:09:53 - [TEST_STEP][PASSED] - Statement - PreSaveFile = new java.io.File(((pathPrefix + java.lang.Integer.toString(counter)) + .png)): null

2018-12-10 19:09:53 - [TEST_STEP][PASSED] - Statement - counter = counter + 1: null

2018-12-10 19:09:53 - [TEST_STEP][PASSED] - Statement - PreSaveFile = new java.io.File(((pathPrefix + java.lang.Integer.toString(counter)) + .png)): null

2018-12-10 19:09:53 - [TEST_STEP][PASSED] - Statement - counter = counter + 1: null

2018-12-10 19:09:53 - [TEST_STEP][PASSED] - Statement - PreSaveFile = new java.io.File(((pathPrefix + java.lang.Integer.toString(counter)) + .png)): null

2018-12-10 19:09:53 - [TEST_STEP][PASSED] - Statement - counter = counter + 1: null

2018-12-10 19:09:53 - [TEST_STEP][PASSED] - Statement - PreSaveFile = new java.io.File(((pathPrefix + java.lang.Integer.toString(counter)) + .png)): null

2018-12-10 19:09:53 - [TEST_STEP][PASSED] - Statement - counter = counter + 1: null

2018-12-10 19:09:53 - [TEST_STEP][PASSED] - Statement - PreSaveFile = new java.io.File(((pathPrefix + java.lang.Integer.toString(counter)) + .png)): null

2018-12-10 19:09:53 - [TEST_STEP][PASSED] - Statement - counter = counter + 1: null

2018-12-10 19:09:53 - [TEST_STEP][PASSED] - Statement - PreSaveFile = new java.io.File(((pathPrefix + java.lang.Integer.toString(counter)) + .png)): null

2018-12-10 19:09:53 - [TEST_STEP][PASSED] - Statement - counter = counter + 1: null

2018-12-10 19:09:53 - [TEST_STEP][PASSED] - Statement - PreSaveFile = new java.io.File(((pathPrefix + java.lang.Integer.toString(counter)) + .png)): null

2018-12-10 19:09:53 - [TEST_STEP][PASSED] - Statement - counter = counter + 1: null

2018-12-10 19:09:53 - [TEST_STEP][PASSED] - Statement - PreSaveFile = new java.io.File(((pathPrefix + java.lang.Integer.toString(counter)) + .png)): null

2018-12-10 19:09:53 - [TEST_STEP][PASSED] - Statement - counter = counter + 1: null

2018-12-10 19:09:53 - [TEST_STEP][PASSED] - Statement - PreSaveFile = new java.io.File(((pathPrefix + java.lang.Integer.toString(counter)) + .png)): null

2018-12-10 19:09:53 - [TEST_STEP][PASSED] - Statement - counter = counter + 1: null

2018-12-10 19:09:53 - [TEST_STEP][PASSED] - Statement - PreSaveFile = new java.io.File(((pathPrefix + java.lang.Integer.toString(counter)) + .png)): null

2018-12-10 19:09:53 - [TEST_STEP][PASSED] - Statement - counter = counter + 1: null

2018-12-10 19:09:53 - [TEST_STEP][PASSED] - Statement - PreSaveFile = new java.io.File(((pathPrefix + java.lang.Integer.toString(counter)) + .png)): null

2018-12-10 19:09:53 - [TEST_STEP][PASSED] - Statement - counter = counter + 1: null

2018-12-10 19:09:53 - [TEST_STEP][PASSED] - Statement - PreSaveFile = new java.io.File(((pathPrefix + java.lang.Integer.toString(counter)) + .png)): null

2018-12-10 19:09:53 - [TEST_STEP][PASSED] - Statement - counter = counter + 1: null

2018-12-10 19:09:53 - [TEST_STEP][PASSED] - Statement - PreSaveFile = new java.io.File(((pathPrefix + java.lang.Integer.toString(counter)) + .png)): null

2018-12-10 19:09:53 - [TEST_STEP][PASSED] - Statement - finalPath = pathPrefix + java.lang.Integer.toString(counter) + ".png": null

2018-12-10 19:09:53 - [TEST_STEP][PASSED] - Statement - SaveFile = new java.io.File(finalPath): null

2018-12-10 19:09:53 - [TEST_STEP][PASSED] - Statement - Try: null

2018-12-10 19:09:53 - [TEST_STEP][PASSED] - Statement - org.apache.commons.io.FileUtils.copyFile(scrFile, SaveFile): null

2018-12-10 19:09:53 - [TEST_STEP][PASSED] - Statement - out.println("file kept"): null

2018-12-10 19:09:53 - [TEST_STEP][PASSED] - delay: Delayed 10 second(s)

2018-12-10 19:10:03 - [MESSAGE][PASSED] - Delayed 10 second(s)

2018-12-10 19:10:03 - [MESSAGE][PASSED] - Call Test Case 'Test Cases/Final Aug 2018 - PKS Automation/Registration Module/New Registration/Submit and Screenshot/Submit Registration and Screenshot - Copy' successfully

2018-12-10 19:10:03 - [TEST_STEP][PASSED] - Statement - UpdateAddNewECode = com.kms.katalon.core.webui.keyword.WebUiBuiltInKeywords.getText(com.kms.katalon.core.testobject.ObjectRepository.findTestObject(Object Repository/Final Object Repo/Page_Update Add New Employee - ASSIST/getEmpCode)): Text of object 'Object Repository/Final Object Repo/Page_Update Add New Employee - ASSIST/getEmpCode' is: 'E1102070729K'

2018-12-10 19:10:03 - [MESSAGE][PASSED] - Text of object 'Object Repository/Final Object Repo/Page_Update Add New Employee - ASSIST/getEmpCode' is: 'E1102070729K'

2018-12-10 19:10:03 - [TEST_STEP][PASSED] - callTestCase: Call Test Case 'Test Cases/Final Aug 2018 - PKS Automation/Common/Emp Code Setter' successfully

2018-12-10 19:10:03 - [TEST_CASE][PASSED] - Test Cases/Final Aug 2018 - PKS Automation/Common/Emp Code Setter: Test Cases/Final Aug 2018 - PKS Automation/Common/Emp Code Setter

2018-12-10 19:10:03 - [TEST_STEP][PASSED] - Statement - EmpCodeOld = new java.io.File(C://Users//Admin//Desktop//PKS//Automation Reference Point//EmpCode.txt): null

2018-12-10 19:10:03 - [TEST_STEP][PASSED] - Statement - EmpCodeOld.delete(): null

2018-12-10 19:10:03 - [TEST_STEP][PASSED] - Statement - EmpCode = new java.io.File(C://Users//Admin//Desktop//PKS//Automation Reference Point//EmpCode.txt): null

2018-12-10 19:10:03 - [TEST_STEP][PASSED] - Statement - f2 = new java.io.FileWriter(EmpCode, false): null

2018-12-10 19:10:03 - [TEST_STEP][PASSED] - Statement - f2.write(UpdateAddNewECode): null

2018-12-10 19:10:03 - [TEST_STEP][PASSED] - Statement - f2.close(): null

2018-12-10 19:10:03 - [TEST_STEP][PASSED] - Statement - out.println("


" + UpdateAddNewECode + "


"): null

2018-12-10 19:10:03 - [MESSAGE][PASSED] - Call Test Case 'Test Cases/Final Aug 2018 - PKS Automation/Common/Emp Code Setter' successfully]]></system-out>
         <system-err><![CDATA[]]></system-err>
      </testcase>
      <system-out><![CDATA[2018-12-10 16:54:37 - [TEST_SUITE][PASSED] - Critical Path: Test Cases/Final Aug 2018 - PKS Automation/Registration Module/Workflow/Update Add New Employee/Template/New Company for Update Add New - Employer]]></system-out>
      <system-err><![CDATA[]]></system-err>
   </testsuite>
</testsuites>
